<?xml version="1.0" encoding="UTF-8"?>
<testsuite xmlns:xsi="http://www.w3.org/2001/XMLSchema-instance" xsi:noNamespaceSchemaLocation="https://maven.apache.org/surefire/maven-surefire-plugin/xsd/surefire-test-report.xsd" name="org.apache.hadoop.ozone.client.rpc.TestBlockOutputStreamWithFailures" time="695.54" tests="8" errors="0" skipped="0" failures="1">
  <properties>
    <property name="awt.toolkit" value="sun.awt.X11.XToolkit"/>
    <property name="file.encoding.pkg" value="sun.io"/>
    <property name="java.specification.version" value="1.8"/>
    <property name="sun.cpu.isalist" value=""/>
    <property name="sun.jnu.encoding" value="UTF-8"/>
    <property name="java.class.path" value="/workdir/hadoop-ozone/integration-test/target/test-classes:/workdir/hadoop-ozone/integration-test/target/classes:/home/user/.m2/repository/org/apache/hadoop/hadoop-ozone-common/0.5.0-SNAPSHOT/hadoop-ozone-common-0.5.0-SNAPSHOT.jar:/home/user/.m2/repository/org/apache/commons/commons-compress/1.4.1/commons-compress-1.4.1.jar:/home/user/.m2/repository/org/tukaani/xz/1.0/xz-1.0.jar:/home/user/.m2/repository/org/apache/hadoop/hadoop-common/3.2.0/hadoop-common-3.2.0.jar:/home/user/.m2/repository/org/apache/hadoop/hadoop-hdfs/3.2.0/hadoop-hdfs-3.2.0.jar:/home/user/.m2/repository/org/apache/hadoop/hadoop-hdfs-client/3.2.0/hadoop-hdfs-client-3.2.0.jar:/home/user/.m2/repository/com/fasterxml/jackson/core/jackson-annotations/2.9.5/jackson-annotations-2.9.5.jar:/home/user/.m2/repository/org/apache/hadoop/hadoop-hdds-common/0.5.0-SNAPSHOT/hadoop-hdds-common-0.5.0-SNAPSHOT.jar:/home/user/.m2/repository/javax/annotation/javax.annotation-api/1.2/javax.annotation-api-1.2.jar:/home/user/.m2/repository/org/apache/ratis/ratis-server/0.4.0-2337318-SNAPSHOT/ratis-server-0.4.0-2337318-SNAPSHOT.jar:/home/user/.m2/repository/org/apache/ratis/ratis-thirdparty-misc/0.2.0/ratis-thirdparty-misc-0.2.0.jar:/home/user/.m2/repository/org/apache/ratis/ratis-proto/0.4.0-2337318-SNAPSHOT/ratis-proto-0.4.0-2337318-SNAPSHOT.jar:/home/user/.m2/repository/org/apache/ratis/ratis-common/0.4.0-2337318-SNAPSHOT/ratis-common-0.4.0-2337318-SNAPSHOT.jar:/home/user/.m2/repository/org/apache/ratis/ratis-client/0.4.0-2337318-SNAPSHOT/ratis-client-0.4.0-2337318-SNAPSHOT.jar:/home/user/.m2/repository/org/apache/ratis/ratis-metrics/0.4.0-2337318-SNAPSHOT/ratis-metrics-0.4.0-2337318-SNAPSHOT.jar:/home/user/.m2/repository/org/apache/ratis/ratis-netty/0.4.0-2337318-SNAPSHOT/ratis-netty-0.4.0-2337318-SNAPSHOT.jar:/home/user/.m2/repository/org/apache/ratis/ratis-grpc/0.4.0-2337318-SNAPSHOT/ratis-grpc-0.4.0-2337318-SNAPSHOT.jar:/home/user/.m2/repository/org/rocksdb/rocksdbjni/6.0.1/rocksdbjni-6.0.1.jar:/home/user/.m2/repository/org/apache/logging/log4j/log4j-api/2.11.0/log4j-api-2.11.0.jar:/home/user/.m2/repository/org/apache/logging/log4j/log4j-core/2.11.0/log4j-core-2.11.0.jar:/home/user/.m2/repository/com/lmax/disruptor/3.4.2/disruptor-3.4.2.jar:/home/user/.m2/repository/org/apache/commons/commons-pool2/2.6.0/commons-pool2-2.6.0.jar:/home/user/.m2/repository/org/bouncycastle/bcpkix-jdk15on/1.60/bcpkix-jdk15on-1.60.jar:/home/user/.m2/repository/commons-validator/commons-validator/1.6/commons-validator-1.6.jar:/home/user/.m2/repository/commons-digester/commons-digester/1.8.1/commons-digester-1.8.1.jar:/home/user/.m2/repository/io/jaegertracing/jaeger-client/0.33.1/jaeger-client-0.33.1.jar:/home/user/.m2/repository/io/jaegertracing/jaeger-thrift/0.33.1/jaeger-thrift-0.33.1.jar:/home/user/.m2/repository/org/apache/thrift/libthrift/0.11.0/libthrift-0.11.0.jar:/home/user/.m2/repository/com/squareup/okhttp3/okhttp/3.9.0/okhttp-3.9.0.jar:/home/user/.m2/repository/com/squareup/okio/okio/1.13.0/okio-1.13.0.jar:/home/user/.m2/repository/io/jaegertracing/jaeger-core/0.33.1/jaeger-core-0.33.1.jar:/home/user/.m2/repository/io/jaegertracing/jaeger-tracerresolver/0.33.1/jaeger-tracerresolver-0.33.1.jar:/home/user/.m2/repository/io/opentracing/contrib/opentracing-tracerresolver/0.1.5/opentracing-tracerresolver-0.1.5.jar:/home/user/.m2/repository/io/opentracing/opentracing-util/0.31.0/opentracing-util-0.31.0.jar:/home/user/.m2/repository/io/opentracing/opentracing-api/0.31.0/opentracing-api-0.31.0.jar:/home/user/.m2/repository/io/opentracing/opentracing-noop/0.31.0/opentracing-noop-0.31.0.jar:/home/user/.m2/repository/org/apache/hadoop/hadoop-hdds-server-framework/0.5.0-SNAPSHOT/hadoop-hdds-server-framework-0.5.0-SNAPSHOT.jar:/home/user/.m2/repository/org/apache/hadoop/hadoop-hdds-container-service/0.5.0-SNAPSHOT/hadoop-hdds-container-service-0.5.0-SNAPSHOT.jar:/home/user/.m2/repository/org/apache/hadoop/hadoop-hdds-client/0.5.0-SNAPSHOT/hadoop-hdds-client-0.5.0-SNAPSHOT.jar:/home/user/.m2/repository/org/apache/hadoop/hadoop-hdds-tools/0.5.0-SNAPSHOT/hadoop-hdds-tools-0.5.0-SNAPSHOT.jar:/home/user/.m2/repository/org/apache/hadoop/hadoop-hdds-server-scm/0.5.0-SNAPSHOT/hadoop-hdds-server-scm-0.5.0-SNAPSHOT.jar:/home/user/.m2/repository/org/apache/hadoop/hadoop-hdds-docs/0.5.0-SNAPSHOT/hadoop-hdds-docs-0.5.0-SNAPSHOT.jar:/home/user/.m2/repository/io/dropwizard/metrics/metrics-core/3.2.4/metrics-core-3.2.4.jar:/home/user/.m2/repository/org/hamcrest/hamcrest-all/1.3/hamcrest-all-1.3.jar:/home/user/.m2/repository/org/bouncycastle/bcprov-jdk15on/1.60/bcprov-jdk15on-1.60.jar:/home/user/.m2/repository/info/picocli/picocli/3.9.6/picocli-3.9.6.jar:/home/user/.m2/repository/com/google/protobuf/protobuf-java/2.5.0/protobuf-java-2.5.0.jar:/home/user/.m2/repository/com/google/guava/guava/11.0.2/guava-11.0.2.jar:/home/user/.m2/repository/org/apache/hadoop/hadoop-ozone-ozone-manager/0.5.0-SNAPSHOT/hadoop-ozone-ozone-manager-0.5.0-SNAPSHOT.jar:/home/user/.m2/repository/org/apache/hadoop/hadoop-minikdc/3.2.0/hadoop-minikdc-3.2.0.jar:/home/user/.m2/repository/commons-io/commons-io/2.5/commons-io-2.5.jar:/home/user/.m2/repository/org/apache/kerby/kerb-simplekdc/1.0.1/kerb-simplekdc-1.0.1.jar:/home/user/.m2/repository/org/apache/kerby/kerb-client/1.0.1/kerb-client-1.0.1.jar:/home/user/.m2/repository/org/apache/kerby/kerby-config/1.0.1/kerby-config-1.0.1.jar:/home/user/.m2/repository/org/apache/kerby/kerb-core/1.0.1/kerb-core-1.0.1.jar:/home/user/.m2/repository/org/apache/kerby/kerby-pkix/1.0.1/kerby-pkix-1.0.1.jar:/home/user/.m2/repository/org/apache/kerby/kerby-asn1/1.0.1/kerby-asn1-1.0.1.jar:/home/user/.m2/repository/org/apache/kerby/kerby-util/1.0.1/kerby-util-1.0.1.jar:/home/user/.m2/repository/org/apache/kerby/kerb-common/1.0.1/kerb-common-1.0.1.jar:/home/user/.m2/repository/org/apache/kerby/kerb-crypto/1.0.1/kerb-crypto-1.0.1.jar:/home/user/.m2/repository/org/apache/kerby/kerb-util/1.0.1/kerb-util-1.0.1.jar:/home/user/.m2/repository/org/apache/kerby/token-provider/1.0.1/token-provider-1.0.1.jar:/home/user/.m2/repository/org/apache/kerby/kerb-admin/1.0.1/kerb-admin-1.0.1.jar:/home/user/.m2/repository/org/apache/kerby/kerb-server/1.0.1/kerb-server-1.0.1.jar:/home/user/.m2/repository/org/apache/kerby/kerb-identity/1.0.1/kerb-identity-1.0.1.jar:/home/user/.m2/repository/org/apache/kerby/kerby-xdr/1.0.1/kerby-xdr-1.0.1.jar:/home/user/.m2/repository/org/slf4j/slf4j-log4j12/1.7.25/slf4j-log4j12-1.7.25.jar:/home/user/.m2/repository/org/apache/hadoop/hadoop-ozone-objectstore-service/0.5.0-SNAPSHOT/hadoop-ozone-objectstore-service-0.5.0-SNAPSHOT.jar:/home/user/.m2/repository/org/apache/hadoop/hadoop-ozone-s3gateway/0.5.0-SNAPSHOT/hadoop-ozone-s3gateway-0.5.0-SNAPSHOT.jar:/home/user/.m2/repository/org/jboss/weld/servlet/weld-servlet/2.4.7.Final/weld-servlet-2.4.7.Final.jar:/home/user/.m2/repository/org/glassfish/jersey/containers/jersey-container-servlet-core/2.27/jersey-container-servlet-core-2.27.jar:/home/user/.m2/repository/org/glassfish/hk2/external/javax.inject/2.5.0-b42/javax.inject-2.5.0-b42.jar:/home/user/.m2/repository/org/glassfish/jersey/core/jersey-common/2.27/jersey-common-2.27.jar:/home/user/.m2/repository/org/glassfish/hk2/osgi-resource-locator/1.0.1/osgi-resource-locator-1.0.1.jar:/home/user/.m2/repository/javax/ws/rs/javax.ws.rs-api/2.1/javax.ws.rs-api-2.1.jar:/home/user/.m2/repository/org/glassfish/jersey/ext/cdi/jersey-cdi1x/2.27/jersey-cdi1x-2.27.jar:/home/user/.m2/repository/org/glassfish/jersey/inject/jersey-hk2/2.27/jersey-hk2-2.27.jar:/home/user/.m2/repository/org/glassfish/hk2/hk2-locator/2.5.0-b42/hk2-locator-2.5.0-b42.jar:/home/user/.m2/repository/org/javassist/javassist/3.22.0-CR2/javassist-3.22.0-CR2.jar:/home/user/.m2/repository/org/glassfish/hk2/hk2-api/2.5.0/hk2-api-2.5.0.jar:/home/user/.m2/repository/org/glassfish/hk2/external/jakarta.inject/2.5.0/jakarta.inject-2.5.0.jar:/home/user/.m2/repository/org/glassfish/hk2/hk2-utils/2.5.0/hk2-utils-2.5.0.jar:/home/user/.m2/repository/jakarta/annotation/jakarta.annotation-api/1.3.4/jakarta.annotation-api-1.3.4.jar:/home/user/.m2/repository/org/glassfish/hk2/external/aopalliance-repackaged/2.5.0/aopalliance-repackaged-2.5.0.jar:/home/user/.m2/repository/com/fasterxml/jackson/dataformat/jackson-dataformat-xml/2.9.0/jackson-dataformat-xml-2.9.0.jar:/home/user/.m2/repository/com/fasterxml/jackson/core/jackson-core/2.9.5/jackson-core-2.9.5.jar:/home/user/.m2/repository/com/fasterxml/jackson/module/jackson-module-jaxb-annotations/2.9.5/jackson-module-jaxb-annotations-2.9.5.jar:/home/user/.m2/repository/javax/enterprise/cdi-api/1.2/cdi-api-1.2.jar:/home/user/.m2/repository/javax/el/javax.el-api/3.0.0/javax.el-api-3.0.0.jar:/home/user/.m2/repository/javax/interceptor/javax.interceptor-api/1.2/javax.interceptor-api-1.2.jar:/home/user/.m2/repository/javax/inject/javax.inject/1/javax.inject-1.jar:/home/user/.m2/repository/com/sun/xml/bind/jaxb-impl/2.3.0.1/jaxb-impl-2.3.0.1.jar:/home/user/.m2/repository/com/sun/xml/bind/jaxb-core/2.3.0.1/jaxb-core-2.3.0.1.jar:/home/user/.m2/repository/javax/xml/bind/jaxb-api/2.3.0/jaxb-api-2.3.0.jar:/home/user/.m2/repository/javax/activation/activation/1.1.1/activation-1.1.1.jar:/home/user/.m2/repository/org/apache/hadoop/hadoop-ozone-csi/0.5.0-SNAPSHOT/hadoop-ozone-csi-0.5.0-SNAPSHOT.jar:/home/user/.m2/repository/com/google/protobuf/protobuf-java-util/3.5.1/protobuf-java-util-3.5.1.jar:/home/user/.m2/repository/org/apache/hadoop/hadoop-hdds-config/0.5.0-SNAPSHOT/hadoop-hdds-config-0.5.0-SNAPSHOT.jar:/home/user/.m2/repository/io/grpc/grpc-netty/1.17.1/grpc-netty-1.17.1.jar:/home/user/.m2/repository/io/grpc/grpc-core/1.17.1/grpc-core-1.17.1.jar:/home/user/.m2/repository/io/grpc/grpc-context/1.17.1/grpc-context-1.17.1.jar:/home/user/.m2/repository/com/google/errorprone/error_prone_annotations/2.2.0/error_prone_annotations-2.2.0.jar:/home/user/.m2/repository/org/codehaus/mojo/animal-sniffer-annotations/1.17/animal-sniffer-annotations-1.17.jar:/home/user/.m2/repository/io/opencensus/opencensus-api/0.17.0/opencensus-api-0.17.0.jar:/home/user/.m2/repository/io/opencensus/opencensus-contrib-grpc-metrics/0.17.0/opencensus-contrib-grpc-metrics-0.17.0.jar:/home/user/.m2/repository/io/netty/netty-codec-http2/4.1.30.Final/netty-codec-http2-4.1.30.Final.jar:/home/user/.m2/repository/io/netty/netty-codec-http/4.1.30.Final/netty-codec-http-4.1.30.Final.jar:/home/user/.m2/repository/io/netty/netty-codec/4.1.30.Final/netty-codec-4.1.30.Final.jar:/home/user/.m2/repository/io/netty/netty-handler/4.1.30.Final/netty-handler-4.1.30.Final.jar:/home/user/.m2/repository/io/netty/netty-handler-proxy/4.1.30.Final/netty-handler-proxy-4.1.30.Final.jar:/home/user/.m2/repository/io/netty/netty-codec-socks/4.1.30.Final/netty-codec-socks-4.1.30.Final.jar:/home/user/.m2/repository/io/netty/netty-transport-native-epoll/4.1.30.Final/netty-transport-native-epoll-4.1.30.Final.jar:/home/user/.m2/repository/io/netty/netty-common/4.1.30.Final/netty-common-4.1.30.Final.jar:/home/user/.m2/repository/io/netty/netty-buffer/4.1.30.Final/netty-buffer-4.1.30.Final.jar:/home/user/.m2/repository/io/netty/netty-transport/4.1.30.Final/netty-transport-4.1.30.Final.jar:/home/user/.m2/repository/io/netty/netty-resolver/4.1.30.Final/netty-resolver-4.1.30.Final.jar:/home/user/.m2/repository/io/netty/netty-transport-native-unix-common/4.1.30.Final/netty-transport-native-unix-common-4.1.30.Final.jar:/home/user/.m2/repository/io/grpc/grpc-protobuf/1.17.1/grpc-protobuf-1.17.1.jar:/home/user/.m2/repository/com/google/api/grpc/proto-google-common-protos/1.0.0/proto-google-common-protos-1.0.0.jar:/home/user/.m2/repository/io/grpc/grpc-protobuf-lite/1.17.1/grpc-protobuf-lite-1.17.1.jar:/home/user/.m2/repository/io/grpc/grpc-stub/1.17.1/grpc-stub-1.17.1.jar:/home/user/.m2/repository/org/apache/hadoop/hadoop-ozone-recon/0.5.0-SNAPSHOT/hadoop-ozone-recon-0.5.0-SNAPSHOT.jar:/home/user/.m2/repository/org/apache/hadoop/hadoop-ozone-reconcodegen/0.5.0-SNAPSHOT/hadoop-ozone-reconcodegen-0.5.0-SNAPSHOT.jar:/home/user/.m2/repository/com/google/inject/extensions/guice-multibindings/4.0/guice-multibindings-4.0.jar:/home/user/.m2/repository/com/google/inject/guice/4.0/guice-4.0.jar:/home/user/.m2/repository/aopalliance/aopalliance/1.0/aopalliance-1.0.jar:/home/user/.m2/repository/com/google/inject/extensions/guice-servlet/4.0/guice-servlet-4.0.jar:/home/user/.m2/repository/org/glassfish/jersey/containers/jersey-container-servlet/2.27/jersey-container-servlet-2.27.jar:/home/user/.m2/repository/org/glassfish/hk2/guice-bridge/2.5.0/guice-bridge-2.5.0.jar:/home/user/.m2/repository/org/glassfish/jersey/core/jersey-server/2.27/jersey-server-2.27.jar:/home/user/.m2/repository/org/glassfish/jersey/core/jersey-client/2.27/jersey-client-2.27.jar:/home/user/.m2/repository/org/glassfish/jersey/media/jersey-media-jaxb/2.27/jersey-media-jaxb-2.27.jar:/home/user/.m2/repository/javax/validation/validation-api/1.1.0.Final/validation-api-1.1.0.Final.jar:/home/user/.m2/repository/org/glassfish/jersey/media/jersey-media-json-jackson/2.27/jersey-media-json-jackson-2.27.jar:/home/user/.m2/repository/org/glassfish/jersey/ext/jersey-entity-filtering/2.27/jersey-entity-filtering-2.27.jar:/home/user/.m2/repository/com/google/inject/extensions/guice-assistedinject/4.0/guice-assistedinject-4.0.jar:/home/user/.m2/repository/org/jooq/jooq/3.11.10/jooq-3.11.10.jar:/home/user/.m2/repository/org/jooq/jooq-meta/3.11.10/jooq-meta-3.11.10.jar:/home/user/.m2/repository/org/jooq/jooq-codegen/3.11.10/jooq-codegen-3.11.10.jar:/home/user/.m2/repository/com/jolbox/bonecp/0.8.0.RELEASE/bonecp-0.8.0.RELEASE.jar:/home/user/.m2/repository/org/xerial/sqlite-jdbc/3.25.2/sqlite-jdbc-3.25.2.jar:/home/user/.m2/repository/org/springframework/spring-jdbc/5.1.3.RELEASE/spring-jdbc-5.1.3.RELEASE.jar:/home/user/.m2/repository/org/springframework/spring-beans/5.1.3.RELEASE/spring-beans-5.1.3.RELEASE.jar:/home/user/.m2/repository/org/springframework/spring-core/5.1.3.RELEASE/spring-core-5.1.3.RELEASE.jar:/home/user/.m2/repository/org/springframework/spring-jcl/5.1.3.RELEASE/spring-jcl-5.1.3.RELEASE.jar:/home/user/.m2/repository/org/springframework/spring-tx/5.1.3.RELEASE/spring-tx-5.1.3.RELEASE.jar:/home/user/.m2/repository/org/apache/hadoop/hadoop-ozone-client/0.5.0-SNAPSHOT/hadoop-ozone-client-0.5.0-SNAPSHOT.jar:/home/user/.m2/repository/commons-lang/commons-lang/2.6/commons-lang-2.6.jar:/home/user/.m2/repository/org/apache/hadoop/hadoop-ozone-ozone-manager/0.5.0-SNAPSHOT/hadoop-ozone-ozone-manager-0.5.0-SNAPSHOT-tests.jar:/home/user/.m2/repository/junit/junit/4.11/junit-4.11.jar:/home/user/.m2/repository/org/hamcrest/hamcrest-core/1.3/hamcrest-core-1.3.jar:/home/user/.m2/repository/org/openjdk/jmh/jmh-core/1.19/jmh-core-1.19.jar:/home/user/.m2/repository/net/sf/jopt-simple/jopt-simple/4.6/jopt-simple-4.6.jar:/home/user/.m2/repository/org/apache/commons/commons-math3/3.1.1/commons-math3-3.1.1.jar:/home/user/.m2/repository/org/openjdk/jmh/jmh-generator-annprocess/1.19/jmh-generator-annprocess-1.19.jar:/home/user/.m2/repository/org/mockito/mockito-all/1.8.5/mockito-all-1.8.5.jar:/home/user/.m2/repository/org/apache/hadoop/hadoop-kms/3.2.0/hadoop-kms-3.2.0.jar:/home/user/.m2/repository/org/apache/hadoop/hadoop-auth/3.2.0/hadoop-auth-3.2.0.jar:/home/user/.m2/repository/com/nimbusds/nimbus-jose-jwt/4.41.1/nimbus-jose-jwt-4.41.1.jar:/home/user/.m2/repository/com/github/stephenc/jcip/jcip-annotations/1.0-1/jcip-annotations-1.0-1.jar:/home/user/.m2/repository/net/minidev/json-smart/2.3/json-smart-2.3.jar:/home/user/.m2/repository/net/minidev/accessors-smart/1.2/accessors-smart-1.2.jar:/home/user/.m2/repository/org/ow2/asm/asm/5.0.4/asm-5.0.4.jar:/home/user/.m2/repository/org/apache/curator/curator-framework/2.12.0/curator-framework-2.12.0.jar:/home/user/.m2/repository/com/sun/jersey/jersey-core/1.19/jersey-core-1.19.jar:/home/user/.m2/repository/javax/ws/rs/jsr311-api/1.1.1/jsr311-api-1.1.1.jar:/home/user/.m2/repository/com/sun/jersey/jersey-server/1.19/jersey-server-1.19.jar:/home/user/.m2/repository/javax/servlet/javax.servlet-api/3.1.0/javax.servlet-api-3.1.0.jar:/home/user/.m2/repository/org/eclipse/jetty/jetty-server/9.3.24.v20180605/jetty-server-9.3.24.v20180605.jar:/home/user/.m2/repository/org/eclipse/jetty/jetty-http/9.3.24.v20180605/jetty-http-9.3.24.v20180605.jar:/home/user/.m2/repository/org/eclipse/jetty/jetty-io/9.3.24.v20180605/jetty-io-9.3.24.v20180605.jar:/home/user/.m2/repository/org/eclipse/jetty/jetty-webapp/9.3.24.v20180605/jetty-webapp-9.3.24.v20180605.jar:/home/user/.m2/repository/org/eclipse/jetty/jetty-xml/9.3.24.v20180605/jetty-xml-9.3.24.v20180605.jar:/home/user/.m2/repository/log4j/log4j/1.2.17/log4j-1.2.17.jar:/home/user/.m2/repository/org/slf4j/slf4j-api/1.7.25/slf4j-api-1.7.25.jar:/home/user/.m2/repository/org/slf4j/jul-to-slf4j/1.7.25/jul-to-slf4j-1.7.25.jar:/home/user/.m2/repository/org/eclipse/jetty/jetty-util/9.3.24.v20180605/jetty-util-9.3.24.v20180605.jar:/home/user/.m2/repository/com/fasterxml/jackson/core/jackson-databind/2.9.5/jackson-databind-2.9.5.jar:/home/user/.m2/repository/org/apache/hadoop/hadoop-kms/3.2.0/hadoop-kms-3.2.0-tests.jar:/home/user/.m2/repository/org/apache/hadoop/hadoop-hdds-server-scm/0.5.0-SNAPSHOT/hadoop-hdds-server-scm-0.5.0-SNAPSHOT-tests.jar:/home/user/.m2/repository/org/apache/hadoop/hadoop-hdds-container-service/0.5.0-SNAPSHOT/hadoop-hdds-container-service-0.5.0-SNAPSHOT-tests.jar:/home/user/.m2/repository/org/yaml/snakeyaml/1.16/snakeyaml-1.16.jar:/home/user/.m2/repository/org/apache/hadoop/hadoop-common/3.2.0/hadoop-common-3.2.0-tests.jar:/home/user/.m2/repository/org/apache/hadoop/hadoop-annotations/3.2.0/hadoop-annotations-3.2.0.jar:/usr/lib/jvm/java-1.8-openjdk/jre/../lib/tools.jar:/home/user/.m2/repository/commons-cli/commons-cli/1.2/commons-cli-1.2.jar:/home/user/.m2/repository/org/apache/httpcomponents/httpclient/4.5.2/httpclient-4.5.2.jar:/home/user/.m2/repository/org/apache/httpcomponents/httpcore/4.4.4/httpcore-4.4.4.jar:/home/user/.m2/repository/commons-codec/commons-codec/1.11/commons-codec-1.11.jar:/home/user/.m2/repository/commons-net/commons-net/3.6/commons-net-3.6.jar:/home/user/.m2/repository/commons-collections/commons-collections/3.2.2/commons-collections-3.2.2.jar:/home/user/.m2/repository/org/eclipse/jetty/jetty-servlet/9.3.24.v20180605/jetty-servlet-9.3.24.v20180605.jar:/home/user/.m2/repository/org/eclipse/jetty/jetty-security/9.3.24.v20180605/jetty-security-9.3.24.v20180605.jar:/home/user/.m2/repository/javax/servlet/jsp/jsp-api/2.1/jsp-api-2.1.jar:/home/user/.m2/repository/com/sun/jersey/jersey-servlet/1.19/jersey-servlet-1.19.jar:/home/user/.m2/repository/com/sun/jersey/jersey-json/1.19/jersey-json-1.19.jar:/home/user/.m2/repository/org/codehaus/jettison/jettison/1.1/jettison-1.1.jar:/home/user/.m2/repository/org/codehaus/jackson/jackson-core-asl/1.9.13/jackson-core-asl-1.9.13.jar:/home/user/.m2/repository/org/codehaus/jackson/jackson-mapper-asl/1.9.13/jackson-mapper-asl-1.9.13.jar:/home/user/.m2/repository/org/codehaus/jackson/jackson-jaxrs/1.9.13/jackson-jaxrs-1.9.13.jar:/home/user/.m2/repository/org/codehaus/jackson/jackson-xc/1.9.13/jackson-xc-1.9.13.jar:/home/user/.m2/repository/commons-logging/commons-logging/1.1.3/commons-logging-1.1.3.jar:/home/user/.m2/repository/commons-beanutils/commons-beanutils/1.9.3/commons-beanutils-1.9.3.jar:/home/user/.m2/repository/org/apache/commons/commons-configuration2/2.1.1/commons-configuration2-2.1.1.jar:/home/user/.m2/repository/org/apache/commons/commons-lang3/3.7/commons-lang3-3.7.jar:/home/user/.m2/repository/org/apache/commons/commons-text/1.4/commons-text-1.4.jar:/home/user/.m2/repository/org/apache/avro/avro/1.7.7/avro-1.7.7.jar:/home/user/.m2/repository/com/thoughtworks/paranamer/paranamer/2.3/paranamer-2.3.jar:/home/user/.m2/repository/org/xerial/snappy/snappy-java/1.0.5/snappy-java-1.0.5.jar:/home/user/.m2/repository/com/google/re2j/re2j/1.1/re2j-1.1.jar:/home/user/.m2/repository/com/google/code/gson/gson/2.2.4/gson-2.2.4.jar:/home/user/.m2/repository/com/jcraft/jsch/0.1.54/jsch-0.1.54.jar:/home/user/.m2/repository/org/apache/curator/curator-client/2.12.0/curator-client-2.12.0.jar:/home/user/.m2/repository/org/apache/curator/curator-recipes/2.12.0/curator-recipes-2.12.0.jar:/home/user/.m2/repository/com/google/code/findbugs/jsr305/3.0.0/jsr305-3.0.0.jar:/home/user/.m2/repository/org/apache/htrace/htrace-core4/4.1.0-incubating/htrace-core4-4.1.0-incubating.jar:/home/user/.m2/repository/org/apache/zookeeper/zookeeper/3.4.13/zookeeper-3.4.13.jar:/home/user/.m2/repository/org/apache/yetus/audience-annotations/0.5.0/audience-annotations-0.5.0.jar:/home/user/.m2/repository/org/codehaus/woodstox/stax2-api/3.1.4/stax2-api-3.1.4.jar:/home/user/.m2/repository/com/fasterxml/woodstox/woodstox-core/5.0.3/woodstox-core-5.0.3.jar:/home/user/.m2/repository/dnsjava/dnsjava/2.1.7/dnsjava-2.1.7.jar:/home/user/.m2/repository/org/apache/hadoop/hadoop-hdfs/3.2.0/hadoop-hdfs-3.2.0-tests.jar:/home/user/.m2/repository/org/eclipse/jetty/jetty-util-ajax/9.3.24.v20180605/jetty-util-ajax-9.3.24.v20180605.jar:/home/user/.m2/repository/commons-daemon/commons-daemon/1.0.13/commons-daemon-1.0.13.jar:/home/user/.m2/repository/io/netty/netty/3.10.5.Final/netty-3.10.5.Final.jar:/home/user/.m2/repository/io/netty/netty-all/4.0.52.Final/netty-all-4.0.52.Final.jar:/home/user/.m2/repository/org/fusesource/leveldbjni/leveldbjni-all/1.8/leveldbjni-all-1.8.jar:"/>
    <property name="java.vm.vendor" value="IcedTea"/>
    <property name="sun.arch.data.model" value="64"/>
    <property name="test.build.dir" value="/workdir/hadoop-ozone/integration-test/target/test-dir"/>
    <property name="test.cache.data" value=""/>
    <property name="java.vendor.url" value="https://icedtea.classpath.org"/>
    <property name="user.timezone" value=""/>
    <property name="java.vm.specification.version" value="1.8"/>
    <property name="os.name" value="Linux"/>
    <property name="test.build.data" value="/workdir/hadoop-ozone/integration-test/target/test-dir"/>
    <property name="user.country" value="US"/>
    <property name="sun.java.launcher" value="SUN_STANDARD"/>
    <property name="sun.boot.library.path" value="/usr/lib/jvm/java-1.8-openjdk/jre/lib/amd64"/>
    <property name="sun.java.command" value="/workdir/hadoop-ozone/integration-test/target/surefire/surefirebooter8891698961791738270.jar /workdir/hadoop-ozone/integration-test/target/surefire 2019-08-28T15-00-22_852-jvmRun1 surefire6110280086363130396tmp surefire_207652458673513538132tmp"/>
    <property name="test" value="!TestMiniChaosOzoneCluster"/>
    <property name="surefire.test.class.path" value="/workdir/hadoop-ozone/integration-test/target/test-classes:/workdir/hadoop-ozone/integration-test/target/classes:/home/user/.m2/repository/org/apache/hadoop/hadoop-ozone-common/0.5.0-SNAPSHOT/hadoop-ozone-common-0.5.0-SNAPSHOT.jar:/home/user/.m2/repository/org/apache/commons/commons-compress/1.4.1/commons-compress-1.4.1.jar:/home/user/.m2/repository/org/tukaani/xz/1.0/xz-1.0.jar:/home/user/.m2/repository/org/apache/hadoop/hadoop-common/3.2.0/hadoop-common-3.2.0.jar:/home/user/.m2/repository/org/apache/hadoop/hadoop-hdfs/3.2.0/hadoop-hdfs-3.2.0.jar:/home/user/.m2/repository/org/apache/hadoop/hadoop-hdfs-client/3.2.0/hadoop-hdfs-client-3.2.0.jar:/home/user/.m2/repository/com/fasterxml/jackson/core/jackson-annotations/2.9.5/jackson-annotations-2.9.5.jar:/home/user/.m2/repository/org/apache/hadoop/hadoop-hdds-common/0.5.0-SNAPSHOT/hadoop-hdds-common-0.5.0-SNAPSHOT.jar:/home/user/.m2/repository/javax/annotation/javax.annotation-api/1.2/javax.annotation-api-1.2.jar:/home/user/.m2/repository/org/apache/ratis/ratis-server/0.4.0-2337318-SNAPSHOT/ratis-server-0.4.0-2337318-SNAPSHOT.jar:/home/user/.m2/repository/org/apache/ratis/ratis-thirdparty-misc/0.2.0/ratis-thirdparty-misc-0.2.0.jar:/home/user/.m2/repository/org/apache/ratis/ratis-proto/0.4.0-2337318-SNAPSHOT/ratis-proto-0.4.0-2337318-SNAPSHOT.jar:/home/user/.m2/repository/org/apache/ratis/ratis-common/0.4.0-2337318-SNAPSHOT/ratis-common-0.4.0-2337318-SNAPSHOT.jar:/home/user/.m2/repository/org/apache/ratis/ratis-client/0.4.0-2337318-SNAPSHOT/ratis-client-0.4.0-2337318-SNAPSHOT.jar:/home/user/.m2/repository/org/apache/ratis/ratis-metrics/0.4.0-2337318-SNAPSHOT/ratis-metrics-0.4.0-2337318-SNAPSHOT.jar:/home/user/.m2/repository/org/apache/ratis/ratis-netty/0.4.0-2337318-SNAPSHOT/ratis-netty-0.4.0-2337318-SNAPSHOT.jar:/home/user/.m2/repository/org/apache/ratis/ratis-grpc/0.4.0-2337318-SNAPSHOT/ratis-grpc-0.4.0-2337318-SNAPSHOT.jar:/home/user/.m2/repository/org/rocksdb/rocksdbjni/6.0.1/rocksdbjni-6.0.1.jar:/home/user/.m2/repository/org/apache/logging/log4j/log4j-api/2.11.0/log4j-api-2.11.0.jar:/home/user/.m2/repository/org/apache/logging/log4j/log4j-core/2.11.0/log4j-core-2.11.0.jar:/home/user/.m2/repository/com/lmax/disruptor/3.4.2/disruptor-3.4.2.jar:/home/user/.m2/repository/org/apache/commons/commons-pool2/2.6.0/commons-pool2-2.6.0.jar:/home/user/.m2/repository/org/bouncycastle/bcpkix-jdk15on/1.60/bcpkix-jdk15on-1.60.jar:/home/user/.m2/repository/commons-validator/commons-validator/1.6/commons-validator-1.6.jar:/home/user/.m2/repository/commons-digester/commons-digester/1.8.1/commons-digester-1.8.1.jar:/home/user/.m2/repository/io/jaegertracing/jaeger-client/0.33.1/jaeger-client-0.33.1.jar:/home/user/.m2/repository/io/jaegertracing/jaeger-thrift/0.33.1/jaeger-thrift-0.33.1.jar:/home/user/.m2/repository/org/apache/thrift/libthrift/0.11.0/libthrift-0.11.0.jar:/home/user/.m2/repository/com/squareup/okhttp3/okhttp/3.9.0/okhttp-3.9.0.jar:/home/user/.m2/repository/com/squareup/okio/okio/1.13.0/okio-1.13.0.jar:/home/user/.m2/repository/io/jaegertracing/jaeger-core/0.33.1/jaeger-core-0.33.1.jar:/home/user/.m2/repository/io/jaegertracing/jaeger-tracerresolver/0.33.1/jaeger-tracerresolver-0.33.1.jar:/home/user/.m2/repository/io/opentracing/contrib/opentracing-tracerresolver/0.1.5/opentracing-tracerresolver-0.1.5.jar:/home/user/.m2/repository/io/opentracing/opentracing-util/0.31.0/opentracing-util-0.31.0.jar:/home/user/.m2/repository/io/opentracing/opentracing-api/0.31.0/opentracing-api-0.31.0.jar:/home/user/.m2/repository/io/opentracing/opentracing-noop/0.31.0/opentracing-noop-0.31.0.jar:/home/user/.m2/repository/org/apache/hadoop/hadoop-hdds-server-framework/0.5.0-SNAPSHOT/hadoop-hdds-server-framework-0.5.0-SNAPSHOT.jar:/home/user/.m2/repository/org/apache/hadoop/hadoop-hdds-container-service/0.5.0-SNAPSHOT/hadoop-hdds-container-service-0.5.0-SNAPSHOT.jar:/home/user/.m2/repository/org/apache/hadoop/hadoop-hdds-client/0.5.0-SNAPSHOT/hadoop-hdds-client-0.5.0-SNAPSHOT.jar:/home/user/.m2/repository/org/apache/hadoop/hadoop-hdds-tools/0.5.0-SNAPSHOT/hadoop-hdds-tools-0.5.0-SNAPSHOT.jar:/home/user/.m2/repository/org/apache/hadoop/hadoop-hdds-server-scm/0.5.0-SNAPSHOT/hadoop-hdds-server-scm-0.5.0-SNAPSHOT.jar:/home/user/.m2/repository/org/apache/hadoop/hadoop-hdds-docs/0.5.0-SNAPSHOT/hadoop-hdds-docs-0.5.0-SNAPSHOT.jar:/home/user/.m2/repository/io/dropwizard/metrics/metrics-core/3.2.4/metrics-core-3.2.4.jar:/home/user/.m2/repository/org/hamcrest/hamcrest-all/1.3/hamcrest-all-1.3.jar:/home/user/.m2/repository/org/bouncycastle/bcprov-jdk15on/1.60/bcprov-jdk15on-1.60.jar:/home/user/.m2/repository/info/picocli/picocli/3.9.6/picocli-3.9.6.jar:/home/user/.m2/repository/com/google/protobuf/protobuf-java/2.5.0/protobuf-java-2.5.0.jar:/home/user/.m2/repository/com/google/guava/guava/11.0.2/guava-11.0.2.jar:/home/user/.m2/repository/org/apache/hadoop/hadoop-ozone-ozone-manager/0.5.0-SNAPSHOT/hadoop-ozone-ozone-manager-0.5.0-SNAPSHOT.jar:/home/user/.m2/repository/org/apache/hadoop/hadoop-minikdc/3.2.0/hadoop-minikdc-3.2.0.jar:/home/user/.m2/repository/commons-io/commons-io/2.5/commons-io-2.5.jar:/home/user/.m2/repository/org/apache/kerby/kerb-simplekdc/1.0.1/kerb-simplekdc-1.0.1.jar:/home/user/.m2/repository/org/apache/kerby/kerb-client/1.0.1/kerb-client-1.0.1.jar:/home/user/.m2/repository/org/apache/kerby/kerby-config/1.0.1/kerby-config-1.0.1.jar:/home/user/.m2/repository/org/apache/kerby/kerb-core/1.0.1/kerb-core-1.0.1.jar:/home/user/.m2/repository/org/apache/kerby/kerby-pkix/1.0.1/kerby-pkix-1.0.1.jar:/home/user/.m2/repository/org/apache/kerby/kerby-asn1/1.0.1/kerby-asn1-1.0.1.jar:/home/user/.m2/repository/org/apache/kerby/kerby-util/1.0.1/kerby-util-1.0.1.jar:/home/user/.m2/repository/org/apache/kerby/kerb-common/1.0.1/kerb-common-1.0.1.jar:/home/user/.m2/repository/org/apache/kerby/kerb-crypto/1.0.1/kerb-crypto-1.0.1.jar:/home/user/.m2/repository/org/apache/kerby/kerb-util/1.0.1/kerb-util-1.0.1.jar:/home/user/.m2/repository/org/apache/kerby/token-provider/1.0.1/token-provider-1.0.1.jar:/home/user/.m2/repository/org/apache/kerby/kerb-admin/1.0.1/kerb-admin-1.0.1.jar:/home/user/.m2/repository/org/apache/kerby/kerb-server/1.0.1/kerb-server-1.0.1.jar:/home/user/.m2/repository/org/apache/kerby/kerb-identity/1.0.1/kerb-identity-1.0.1.jar:/home/user/.m2/repository/org/apache/kerby/kerby-xdr/1.0.1/kerby-xdr-1.0.1.jar:/home/user/.m2/repository/org/slf4j/slf4j-log4j12/1.7.25/slf4j-log4j12-1.7.25.jar:/home/user/.m2/repository/org/apache/hadoop/hadoop-ozone-objectstore-service/0.5.0-SNAPSHOT/hadoop-ozone-objectstore-service-0.5.0-SNAPSHOT.jar:/home/user/.m2/repository/org/apache/hadoop/hadoop-ozone-s3gateway/0.5.0-SNAPSHOT/hadoop-ozone-s3gateway-0.5.0-SNAPSHOT.jar:/home/user/.m2/repository/org/jboss/weld/servlet/weld-servlet/2.4.7.Final/weld-servlet-2.4.7.Final.jar:/home/user/.m2/repository/org/glassfish/jersey/containers/jersey-container-servlet-core/2.27/jersey-container-servlet-core-2.27.jar:/home/user/.m2/repository/org/glassfish/hk2/external/javax.inject/2.5.0-b42/javax.inject-2.5.0-b42.jar:/home/user/.m2/repository/org/glassfish/jersey/core/jersey-common/2.27/jersey-common-2.27.jar:/home/user/.m2/repository/org/glassfish/hk2/osgi-resource-locator/1.0.1/osgi-resource-locator-1.0.1.jar:/home/user/.m2/repository/javax/ws/rs/javax.ws.rs-api/2.1/javax.ws.rs-api-2.1.jar:/home/user/.m2/repository/org/glassfish/jersey/ext/cdi/jersey-cdi1x/2.27/jersey-cdi1x-2.27.jar:/home/user/.m2/repository/org/glassfish/jersey/inject/jersey-hk2/2.27/jersey-hk2-2.27.jar:/home/user/.m2/repository/org/glassfish/hk2/hk2-locator/2.5.0-b42/hk2-locator-2.5.0-b42.jar:/home/user/.m2/repository/org/javassist/javassist/3.22.0-CR2/javassist-3.22.0-CR2.jar:/home/user/.m2/repository/org/glassfish/hk2/hk2-api/2.5.0/hk2-api-2.5.0.jar:/home/user/.m2/repository/org/glassfish/hk2/external/jakarta.inject/2.5.0/jakarta.inject-2.5.0.jar:/home/user/.m2/repository/org/glassfish/hk2/hk2-utils/2.5.0/hk2-utils-2.5.0.jar:/home/user/.m2/repository/jakarta/annotation/jakarta.annotation-api/1.3.4/jakarta.annotation-api-1.3.4.jar:/home/user/.m2/repository/org/glassfish/hk2/external/aopalliance-repackaged/2.5.0/aopalliance-repackaged-2.5.0.jar:/home/user/.m2/repository/com/fasterxml/jackson/dataformat/jackson-dataformat-xml/2.9.0/jackson-dataformat-xml-2.9.0.jar:/home/user/.m2/repository/com/fasterxml/jackson/core/jackson-core/2.9.5/jackson-core-2.9.5.jar:/home/user/.m2/repository/com/fasterxml/jackson/module/jackson-module-jaxb-annotations/2.9.5/jackson-module-jaxb-annotations-2.9.5.jar:/home/user/.m2/repository/javax/enterprise/cdi-api/1.2/cdi-api-1.2.jar:/home/user/.m2/repository/javax/el/javax.el-api/3.0.0/javax.el-api-3.0.0.jar:/home/user/.m2/repository/javax/interceptor/javax.interceptor-api/1.2/javax.interceptor-api-1.2.jar:/home/user/.m2/repository/javax/inject/javax.inject/1/javax.inject-1.jar:/home/user/.m2/repository/com/sun/xml/bind/jaxb-impl/2.3.0.1/jaxb-impl-2.3.0.1.jar:/home/user/.m2/repository/com/sun/xml/bind/jaxb-core/2.3.0.1/jaxb-core-2.3.0.1.jar:/home/user/.m2/repository/javax/xml/bind/jaxb-api/2.3.0/jaxb-api-2.3.0.jar:/home/user/.m2/repository/javax/activation/activation/1.1.1/activation-1.1.1.jar:/home/user/.m2/repository/org/apache/hadoop/hadoop-ozone-csi/0.5.0-SNAPSHOT/hadoop-ozone-csi-0.5.0-SNAPSHOT.jar:/home/user/.m2/repository/com/google/protobuf/protobuf-java-util/3.5.1/protobuf-java-util-3.5.1.jar:/home/user/.m2/repository/org/apache/hadoop/hadoop-hdds-config/0.5.0-SNAPSHOT/hadoop-hdds-config-0.5.0-SNAPSHOT.jar:/home/user/.m2/repository/io/grpc/grpc-netty/1.17.1/grpc-netty-1.17.1.jar:/home/user/.m2/repository/io/grpc/grpc-core/1.17.1/grpc-core-1.17.1.jar:/home/user/.m2/repository/io/grpc/grpc-context/1.17.1/grpc-context-1.17.1.jar:/home/user/.m2/repository/com/google/errorprone/error_prone_annotations/2.2.0/error_prone_annotations-2.2.0.jar:/home/user/.m2/repository/org/codehaus/mojo/animal-sniffer-annotations/1.17/animal-sniffer-annotations-1.17.jar:/home/user/.m2/repository/io/opencensus/opencensus-api/0.17.0/opencensus-api-0.17.0.jar:/home/user/.m2/repository/io/opencensus/opencensus-contrib-grpc-metrics/0.17.0/opencensus-contrib-grpc-metrics-0.17.0.jar:/home/user/.m2/repository/io/netty/netty-codec-http2/4.1.30.Final/netty-codec-http2-4.1.30.Final.jar:/home/user/.m2/repository/io/netty/netty-codec-http/4.1.30.Final/netty-codec-http-4.1.30.Final.jar:/home/user/.m2/repository/io/netty/netty-codec/4.1.30.Final/netty-codec-4.1.30.Final.jar:/home/user/.m2/repository/io/netty/netty-handler/4.1.30.Final/netty-handler-4.1.30.Final.jar:/home/user/.m2/repository/io/netty/netty-handler-proxy/4.1.30.Final/netty-handler-proxy-4.1.30.Final.jar:/home/user/.m2/repository/io/netty/netty-codec-socks/4.1.30.Final/netty-codec-socks-4.1.30.Final.jar:/home/user/.m2/repository/io/netty/netty-transport-native-epoll/4.1.30.Final/netty-transport-native-epoll-4.1.30.Final.jar:/home/user/.m2/repository/io/netty/netty-common/4.1.30.Final/netty-common-4.1.30.Final.jar:/home/user/.m2/repository/io/netty/netty-buffer/4.1.30.Final/netty-buffer-4.1.30.Final.jar:/home/user/.m2/repository/io/netty/netty-transport/4.1.30.Final/netty-transport-4.1.30.Final.jar:/home/user/.m2/repository/io/netty/netty-resolver/4.1.30.Final/netty-resolver-4.1.30.Final.jar:/home/user/.m2/repository/io/netty/netty-transport-native-unix-common/4.1.30.Final/netty-transport-native-unix-common-4.1.30.Final.jar:/home/user/.m2/repository/io/grpc/grpc-protobuf/1.17.1/grpc-protobuf-1.17.1.jar:/home/user/.m2/repository/com/google/api/grpc/proto-google-common-protos/1.0.0/proto-google-common-protos-1.0.0.jar:/home/user/.m2/repository/io/grpc/grpc-protobuf-lite/1.17.1/grpc-protobuf-lite-1.17.1.jar:/home/user/.m2/repository/io/grpc/grpc-stub/1.17.1/grpc-stub-1.17.1.jar:/home/user/.m2/repository/org/apache/hadoop/hadoop-ozone-recon/0.5.0-SNAPSHOT/hadoop-ozone-recon-0.5.0-SNAPSHOT.jar:/home/user/.m2/repository/org/apache/hadoop/hadoop-ozone-reconcodegen/0.5.0-SNAPSHOT/hadoop-ozone-reconcodegen-0.5.0-SNAPSHOT.jar:/home/user/.m2/repository/com/google/inject/extensions/guice-multibindings/4.0/guice-multibindings-4.0.jar:/home/user/.m2/repository/com/google/inject/guice/4.0/guice-4.0.jar:/home/user/.m2/repository/aopalliance/aopalliance/1.0/aopalliance-1.0.jar:/home/user/.m2/repository/com/google/inject/extensions/guice-servlet/4.0/guice-servlet-4.0.jar:/home/user/.m2/repository/org/glassfish/jersey/containers/jersey-container-servlet/2.27/jersey-container-servlet-2.27.jar:/home/user/.m2/repository/org/glassfish/hk2/guice-bridge/2.5.0/guice-bridge-2.5.0.jar:/home/user/.m2/repository/org/glassfish/jersey/core/jersey-server/2.27/jersey-server-2.27.jar:/home/user/.m2/repository/org/glassfish/jersey/core/jersey-client/2.27/jersey-client-2.27.jar:/home/user/.m2/repository/org/glassfish/jersey/media/jersey-media-jaxb/2.27/jersey-media-jaxb-2.27.jar:/home/user/.m2/repository/javax/validation/validation-api/1.1.0.Final/validation-api-1.1.0.Final.jar:/home/user/.m2/repository/org/glassfish/jersey/media/jersey-media-json-jackson/2.27/jersey-media-json-jackson-2.27.jar:/home/user/.m2/repository/org/glassfish/jersey/ext/jersey-entity-filtering/2.27/jersey-entity-filtering-2.27.jar:/home/user/.m2/repository/com/google/inject/extensions/guice-assistedinject/4.0/guice-assistedinject-4.0.jar:/home/user/.m2/repository/org/jooq/jooq/3.11.10/jooq-3.11.10.jar:/home/user/.m2/repository/org/jooq/jooq-meta/3.11.10/jooq-meta-3.11.10.jar:/home/user/.m2/repository/org/jooq/jooq-codegen/3.11.10/jooq-codegen-3.11.10.jar:/home/user/.m2/repository/com/jolbox/bonecp/0.8.0.RELEASE/bonecp-0.8.0.RELEASE.jar:/home/user/.m2/repository/org/xerial/sqlite-jdbc/3.25.2/sqlite-jdbc-3.25.2.jar:/home/user/.m2/repository/org/springframework/spring-jdbc/5.1.3.RELEASE/spring-jdbc-5.1.3.RELEASE.jar:/home/user/.m2/repository/org/springframework/spring-beans/5.1.3.RELEASE/spring-beans-5.1.3.RELEASE.jar:/home/user/.m2/repository/org/springframework/spring-core/5.1.3.RELEASE/spring-core-5.1.3.RELEASE.jar:/home/user/.m2/repository/org/springframework/spring-jcl/5.1.3.RELEASE/spring-jcl-5.1.3.RELEASE.jar:/home/user/.m2/repository/org/springframework/spring-tx/5.1.3.RELEASE/spring-tx-5.1.3.RELEASE.jar:/home/user/.m2/repository/org/apache/hadoop/hadoop-ozone-client/0.5.0-SNAPSHOT/hadoop-ozone-client-0.5.0-SNAPSHOT.jar:/home/user/.m2/repository/commons-lang/commons-lang/2.6/commons-lang-2.6.jar:/home/user/.m2/repository/org/apache/hadoop/hadoop-ozone-ozone-manager/0.5.0-SNAPSHOT/hadoop-ozone-ozone-manager-0.5.0-SNAPSHOT-tests.jar:/home/user/.m2/repository/junit/junit/4.11/junit-4.11.jar:/home/user/.m2/repository/org/hamcrest/hamcrest-core/1.3/hamcrest-core-1.3.jar:/home/user/.m2/repository/org/openjdk/jmh/jmh-core/1.19/jmh-core-1.19.jar:/home/user/.m2/repository/net/sf/jopt-simple/jopt-simple/4.6/jopt-simple-4.6.jar:/home/user/.m2/repository/org/apache/commons/commons-math3/3.1.1/commons-math3-3.1.1.jar:/home/user/.m2/repository/org/openjdk/jmh/jmh-generator-annprocess/1.19/jmh-generator-annprocess-1.19.jar:/home/user/.m2/repository/org/mockito/mockito-all/1.8.5/mockito-all-1.8.5.jar:/home/user/.m2/repository/org/apache/hadoop/hadoop-kms/3.2.0/hadoop-kms-3.2.0.jar:/home/user/.m2/repository/org/apache/hadoop/hadoop-auth/3.2.0/hadoop-auth-3.2.0.jar:/home/user/.m2/repository/com/nimbusds/nimbus-jose-jwt/4.41.1/nimbus-jose-jwt-4.41.1.jar:/home/user/.m2/repository/com/github/stephenc/jcip/jcip-annotations/1.0-1/jcip-annotations-1.0-1.jar:/home/user/.m2/repository/net/minidev/json-smart/2.3/json-smart-2.3.jar:/home/user/.m2/repository/net/minidev/accessors-smart/1.2/accessors-smart-1.2.jar:/home/user/.m2/repository/org/ow2/asm/asm/5.0.4/asm-5.0.4.jar:/home/user/.m2/repository/org/apache/curator/curator-framework/2.12.0/curator-framework-2.12.0.jar:/home/user/.m2/repository/com/sun/jersey/jersey-core/1.19/jersey-core-1.19.jar:/home/user/.m2/repository/javax/ws/rs/jsr311-api/1.1.1/jsr311-api-1.1.1.jar:/home/user/.m2/repository/com/sun/jersey/jersey-server/1.19/jersey-server-1.19.jar:/home/user/.m2/repository/javax/servlet/javax.servlet-api/3.1.0/javax.servlet-api-3.1.0.jar:/home/user/.m2/repository/org/eclipse/jetty/jetty-server/9.3.24.v20180605/jetty-server-9.3.24.v20180605.jar:/home/user/.m2/repository/org/eclipse/jetty/jetty-http/9.3.24.v20180605/jetty-http-9.3.24.v20180605.jar:/home/user/.m2/repository/org/eclipse/jetty/jetty-io/9.3.24.v20180605/jetty-io-9.3.24.v20180605.jar:/home/user/.m2/repository/org/eclipse/jetty/jetty-webapp/9.3.24.v20180605/jetty-webapp-9.3.24.v20180605.jar:/home/user/.m2/repository/org/eclipse/jetty/jetty-xml/9.3.24.v20180605/jetty-xml-9.3.24.v20180605.jar:/home/user/.m2/repository/log4j/log4j/1.2.17/log4j-1.2.17.jar:/home/user/.m2/repository/org/slf4j/slf4j-api/1.7.25/slf4j-api-1.7.25.jar:/home/user/.m2/repository/org/slf4j/jul-to-slf4j/1.7.25/jul-to-slf4j-1.7.25.jar:/home/user/.m2/repository/org/eclipse/jetty/jetty-util/9.3.24.v20180605/jetty-util-9.3.24.v20180605.jar:/home/user/.m2/repository/com/fasterxml/jackson/core/jackson-databind/2.9.5/jackson-databind-2.9.5.jar:/home/user/.m2/repository/org/apache/hadoop/hadoop-kms/3.2.0/hadoop-kms-3.2.0-tests.jar:/home/user/.m2/repository/org/apache/hadoop/hadoop-hdds-server-scm/0.5.0-SNAPSHOT/hadoop-hdds-server-scm-0.5.0-SNAPSHOT-tests.jar:/home/user/.m2/repository/org/apache/hadoop/hadoop-hdds-container-service/0.5.0-SNAPSHOT/hadoop-hdds-container-service-0.5.0-SNAPSHOT-tests.jar:/home/user/.m2/repository/org/yaml/snakeyaml/1.16/snakeyaml-1.16.jar:/home/user/.m2/repository/org/apache/hadoop/hadoop-common/3.2.0/hadoop-common-3.2.0-tests.jar:/home/user/.m2/repository/org/apache/hadoop/hadoop-annotations/3.2.0/hadoop-annotations-3.2.0.jar:/usr/lib/jvm/java-1.8-openjdk/jre/../lib/tools.jar:/home/user/.m2/repository/commons-cli/commons-cli/1.2/commons-cli-1.2.jar:/home/user/.m2/repository/org/apache/httpcomponents/httpclient/4.5.2/httpclient-4.5.2.jar:/home/user/.m2/repository/org/apache/httpcomponents/httpcore/4.4.4/httpcore-4.4.4.jar:/home/user/.m2/repository/commons-codec/commons-codec/1.11/commons-codec-1.11.jar:/home/user/.m2/repository/commons-net/commons-net/3.6/commons-net-3.6.jar:/home/user/.m2/repository/commons-collections/commons-collections/3.2.2/commons-collections-3.2.2.jar:/home/user/.m2/repository/org/eclipse/jetty/jetty-servlet/9.3.24.v20180605/jetty-servlet-9.3.24.v20180605.jar:/home/user/.m2/repository/org/eclipse/jetty/jetty-security/9.3.24.v20180605/jetty-security-9.3.24.v20180605.jar:/home/user/.m2/repository/javax/servlet/jsp/jsp-api/2.1/jsp-api-2.1.jar:/home/user/.m2/repository/com/sun/jersey/jersey-servlet/1.19/jersey-servlet-1.19.jar:/home/user/.m2/repository/com/sun/jersey/jersey-json/1.19/jersey-json-1.19.jar:/home/user/.m2/repository/org/codehaus/jettison/jettison/1.1/jettison-1.1.jar:/home/user/.m2/repository/org/codehaus/jackson/jackson-core-asl/1.9.13/jackson-core-asl-1.9.13.jar:/home/user/.m2/repository/org/codehaus/jackson/jackson-mapper-asl/1.9.13/jackson-mapper-asl-1.9.13.jar:/home/user/.m2/repository/org/codehaus/jackson/jackson-jaxrs/1.9.13/jackson-jaxrs-1.9.13.jar:/home/user/.m2/repository/org/codehaus/jackson/jackson-xc/1.9.13/jackson-xc-1.9.13.jar:/home/user/.m2/repository/commons-logging/commons-logging/1.1.3/commons-logging-1.1.3.jar:/home/user/.m2/repository/commons-beanutils/commons-beanutils/1.9.3/commons-beanutils-1.9.3.jar:/home/user/.m2/repository/org/apache/commons/commons-configuration2/2.1.1/commons-configuration2-2.1.1.jar:/home/user/.m2/repository/org/apache/commons/commons-lang3/3.7/commons-lang3-3.7.jar:/home/user/.m2/repository/org/apache/commons/commons-text/1.4/commons-text-1.4.jar:/home/user/.m2/repository/org/apache/avro/avro/1.7.7/avro-1.7.7.jar:/home/user/.m2/repository/com/thoughtworks/paranamer/paranamer/2.3/paranamer-2.3.jar:/home/user/.m2/repository/org/xerial/snappy/snappy-java/1.0.5/snappy-java-1.0.5.jar:/home/user/.m2/repository/com/google/re2j/re2j/1.1/re2j-1.1.jar:/home/user/.m2/repository/com/google/code/gson/gson/2.2.4/gson-2.2.4.jar:/home/user/.m2/repository/com/jcraft/jsch/0.1.54/jsch-0.1.54.jar:/home/user/.m2/repository/org/apache/curator/curator-client/2.12.0/curator-client-2.12.0.jar:/home/user/.m2/repository/org/apache/curator/curator-recipes/2.12.0/curator-recipes-2.12.0.jar:/home/user/.m2/repository/com/google/code/findbugs/jsr305/3.0.0/jsr305-3.0.0.jar:/home/user/.m2/repository/org/apache/htrace/htrace-core4/4.1.0-incubating/htrace-core4-4.1.0-incubating.jar:/home/user/.m2/repository/org/apache/zookeeper/zookeeper/3.4.13/zookeeper-3.4.13.jar:/home/user/.m2/repository/org/apache/yetus/audience-annotations/0.5.0/audience-annotations-0.5.0.jar:/home/user/.m2/repository/org/codehaus/woodstox/stax2-api/3.1.4/stax2-api-3.1.4.jar:/home/user/.m2/repository/com/fasterxml/woodstox/woodstox-core/5.0.3/woodstox-core-5.0.3.jar:/home/user/.m2/repository/dnsjava/dnsjava/2.1.7/dnsjava-2.1.7.jar:/home/user/.m2/repository/org/apache/hadoop/hadoop-hdfs/3.2.0/hadoop-hdfs-3.2.0-tests.jar:/home/user/.m2/repository/org/eclipse/jetty/jetty-util-ajax/9.3.24.v20180605/jetty-util-ajax-9.3.24.v20180605.jar:/home/user/.m2/repository/commons-daemon/commons-daemon/1.0.13/commons-daemon-1.0.13.jar:/home/user/.m2/repository/io/netty/netty/3.10.5.Final/netty-3.10.5.Final.jar:/home/user/.m2/repository/io/netty/netty-all/4.0.52.Final/netty-all-4.0.52.Final.jar:/home/user/.m2/repository/org/fusesource/leveldbjni/leveldbjni-all/1.8/leveldbjni-all-1.8.jar:"/>
    <property name="sun.cpu.endian" value="little"/>
    <property name="user.home" value="/home/user"/>
    <property name="user.language" value="en"/>
    <property name="java.specification.vendor" value="Oracle Corporation"/>
    <property name="java.home" value="/usr/lib/jvm/java-1.8-openjdk/jre"/>
    <property name="java.security.krb5.conf" value="/workdir/hadoop-ozone/integration-test/target/test-classes/krb5.conf"/>
    <property name="basedir" value="/workdir/hadoop-ozone/integration-test"/>
    <property name="file.separator" value="/"/>
    <property name="line.separator" value="&#10;"/>
    <property name="java.vm.specification.vendor" value="Oracle Corporation"/>
    <property name="java.specification.name" value="Java Platform API Specification"/>
    <property name="java.awt.graphicsenv" value="sun.awt.X11GraphicsEnvironment"/>
    <property name="surefire.real.class.path" value="/workdir/hadoop-ozone/integration-test/target/surefire/surefirebooter8891698961791738270.jar"/>
    <property name="hadoop.log.dir" value="/workdir/hadoop-ozone/integration-test/target/log"/>
    <property name="sun.boot.class.path" value="/usr/lib/jvm/java-1.8-openjdk/jre/lib/resources.jar:/usr/lib/jvm/java-1.8-openjdk/jre/lib/rt.jar:/usr/lib/jvm/java-1.8-openjdk/jre/lib/sunrsasign.jar:/usr/lib/jvm/java-1.8-openjdk/jre/lib/jsse.jar:/usr/lib/jvm/java-1.8-openjdk/jre/lib/jce.jar:/usr/lib/jvm/java-1.8-openjdk/jre/lib/charsets.jar:/usr/lib/jvm/java-1.8-openjdk/jre/lib/jfr.jar:/usr/lib/jvm/java-1.8-openjdk/jre/classes"/>
    <property name="sun.management.compiler" value="HotSpot 64-Bit Tiered Compilers"/>
    <property name="java.runtime.version" value="1.8.0_212-b04"/>
    <property name="java.net.preferIPv4Stack" value="true"/>
    <property name="user.name" value="jenkins1000"/>
    <property name="path.separator" value=":"/>
    <property name="java.security.egd" value="file:///dev/urandom"/>
    <property name="os.version" value="3.10.0-957.12.2.el7.x86_64"/>
    <property name="java.endorsed.dirs" value="/usr/lib/jvm/java-1.8-openjdk/jre/lib/endorsed"/>
    <property name="java.runtime.name" value="OpenJDK Runtime Environment"/>
    <property name="file.encoding" value="UTF-8"/>
    <property name="java.vm.name" value="OpenJDK 64-Bit Server VM"/>
    <property name="test.build.webapps" value=""/>
    <property name="localRepository" value="/home/user/.m2/repository"/>
    <property name="java.vendor.url.bug" value="https://icedtea.classpath.org/bugzilla"/>
    <property name="java.io.tmpdir" value="/tmp"/>
    <property name="require.test.libhadoop" value=""/>
    <property name="java.version" value="1.8.0_212"/>
    <property name="user.dir" value="/workdir/hadoop-ozone/integration-test"/>
    <property name="os.arch" value="amd64"/>
    <property name="java.vm.specification.name" value="Java Virtual Machine Specification"/>
    <property name="test.build.classes" value="/workdir/hadoop-ozone/integration-test/target/test-classes"/>
    <property name="java.awt.printerjob" value="sun.print.PSPrinterJob"/>
    <property name="sun.os.patch.level" value="unknown"/>
    <property name="hadoop.tmp.dir" value="/workdir/hadoop-ozone/integration-test/target/tmp"/>
    <property name="java.library.path" value="/usr/lib/jvm/java-1.8-openjdk/jre/lib/amd64/server:/usr/lib/jvm/java-1.8-openjdk/jre/lib/amd64:/usr/lib/jvm/java-1.8-openjdk/jre/../lib/amd64:/workdir/hadoop-ozone/integration-test/target/native/target/usr/local/lib:/workdir/hadoop-ozone/integration-test/../../hadoop-common-project/hadoop-common/target/native/target/usr/local/lib:/usr/java/packages/lib/amd64:/usr/lib64:/lib64:/lib:/usr/lib"/>
    <property name="java.vm.info" value="mixed mode"/>
    <property name="java.vendor" value="IcedTea"/>
    <property name="java.vm.version" value="25.212-b04"/>
    <property name="java.ext.dirs" value="/usr/lib/jvm/java-1.8-openjdk/jre/lib/ext:/usr/java/packages/lib/ext"/>
    <property name="sun.io.unicode.encoding" value="UnicodeLittle"/>
    <property name="java.class.version" value="52.0"/>
  </properties>
  <testcase name="test2DatanodesFailure" classname="org.apache.hadoop.ozone.client.rpc.TestBlockOutputStreamWithFailures" time="53.427"/>
  <testcase name="testDatanodeFailureWithPreAllocation" classname="org.apache.hadoop.ozone.client.rpc.TestBlockOutputStreamWithFailures" time="225.657"/>
  <testcase name="testDatanodeFailureWithSingleNodeRatis" classname="org.apache.hadoop.ozone.client.rpc.TestBlockOutputStreamWithFailures" time="226.528"/>
  <testcase name="testWatchForCommitWithSingleNodeRatis" classname="org.apache.hadoop.ozone.client.rpc.TestBlockOutputStreamWithFailures" time="34.59"/>
  <testcase name="testWatchForCommitDatanodeFailure" classname="org.apache.hadoop.ozone.client.rpc.TestBlockOutputStreamWithFailures" time="41.858">
    <failure message="expected:&lt;2&gt; but was:&lt;3&gt;" type="java.lang.AssertionError"><![CDATA[java.lang.AssertionError: expected:<2> but was:<3>
	at org.junit.Assert.fail(Assert.java:88)
	at org.junit.Assert.failNotEquals(Assert.java:743)
	at org.junit.Assert.assertEquals(Assert.java:118)
	at org.junit.Assert.assertEquals(Assert.java:555)
	at org.junit.Assert.assertEquals(Assert.java:542)
	at org.apache.hadoop.ozone.client.rpc.TestBlockOutputStreamWithFailures.testWatchForCommitDatanodeFailure(TestBlockOutputStreamWithFailures.java:366)
	at sun.reflect.NativeMethodAccessorImpl.invoke0(Native Method)
	at sun.reflect.NativeMethodAccessorImpl.invoke(NativeMethodAccessorImpl.java:62)
	at sun.reflect.DelegatingMethodAccessorImpl.invoke(DelegatingMethodAccessorImpl.java:43)
	at java.lang.reflect.Method.invoke(Method.java:498)
	at org.junit.runners.model.FrameworkMethod$1.runReflectiveCall(FrameworkMethod.java:47)
	at org.junit.internal.runners.model.ReflectiveCallable.run(ReflectiveCallable.java:12)
	at org.junit.runners.model.FrameworkMethod.invokeExplosively(FrameworkMethod.java:44)
	at org.junit.internal.runners.statements.InvokeMethod.evaluate(InvokeMethod.java:17)
	at org.junit.internal.runners.statements.RunBefores.evaluate(RunBefores.java:26)
	at org.junit.internal.runners.statements.RunAfters.evaluate(RunAfters.java:27)
	at org.junit.runners.ParentRunner.runLeaf(ParentRunner.java:271)
	at org.junit.runners.BlockJUnit4ClassRunner.runChild(BlockJUnit4ClassRunner.java:70)
	at org.junit.runners.BlockJUnit4ClassRunner.runChild(BlockJUnit4ClassRunner.java:50)
	at org.junit.runners.ParentRunner$3.run(ParentRunner.java:238)
	at org.junit.runners.ParentRunner$1.schedule(ParentRunner.java:63)
	at org.junit.runners.ParentRunner.runChildren(ParentRunner.java:236)
	at org.junit.runners.ParentRunner.access$000(ParentRunner.java:53)
	at org.junit.runners.ParentRunner$2.evaluate(ParentRunner.java:229)
	at org.junit.runners.ParentRunner.run(ParentRunner.java:309)
	at org.apache.maven.surefire.junit4.JUnit4Provider.execute(JUnit4Provider.java:365)
	at org.apache.maven.surefire.junit4.JUnit4Provider.executeWithRerun(JUnit4Provider.java:273)
	at org.apache.maven.surefire.junit4.JUnit4Provider.executeTestSet(JUnit4Provider.java:238)
	at org.apache.maven.surefire.junit4.JUnit4Provider.invoke(JUnit4Provider.java:159)
	at org.apache.maven.surefire.booter.ForkedBooter.invokeProviderInSameClassLoader(ForkedBooter.java:384)
	at org.apache.maven.surefire.booter.ForkedBooter.runSuitesInProcess(ForkedBooter.java:345)
	at org.apache.maven.surefire.booter.ForkedBooter.execute(ForkedBooter.java:126)
	at org.apache.maven.surefire.booter.ForkedBooter.main(ForkedBooter.java:418)
]]></failure>
    <system-out><![CDATA[2019-08-28 15:28:28,458 [main] WARN  server.ServerUtils (ServerUtils.java:getScmDbDir(145)) - ozone.scm.db.dirs is not configured. We recommend adding this setting. Falling back to ozone.metadata.dirs instead.
2019-08-28 15:28:28,496 [main] WARN  server.ServerUtils (ServerUtils.java:getScmDbDir(145)) - ozone.scm.db.dirs is not configured. We recommend adding this setting. Falling back to ozone.metadata.dirs instead.
2019-08-28 15:28:28,496 [main] WARN  server.ServerUtils (ServerUtils.java:getScmDbDir(145)) - ozone.scm.db.dirs is not configured. We recommend adding this setting. Falling back to ozone.metadata.dirs instead.
2019-08-28 15:28:28,497 [main] INFO  db.DBStoreBuilder (DBStoreBuilder.java:addTable(110)) - using custom profile for table: deletedBlocks
2019-08-28 15:28:28,497 [main] INFO  db.DBStoreBuilder (DBStoreBuilder.java:processTables(161)) - Using default column profile:DBProfile.DISK for Table:deletedBlocks
2019-08-28 15:28:28,497 [main] INFO  db.DBStoreBuilder (DBStoreBuilder.java:addTable(110)) - using custom profile for table: validCerts
2019-08-28 15:28:28,497 [main] INFO  db.DBStoreBuilder (DBStoreBuilder.java:processTables(161)) - Using default column profile:DBProfile.DISK for Table:validCerts
2019-08-28 15:28:28,498 [main] INFO  db.DBStoreBuilder (DBStoreBuilder.java:addTable(110)) - using custom profile for table: revokedCerts
2019-08-28 15:28:28,498 [main] INFO  db.DBStoreBuilder (DBStoreBuilder.java:processTables(161)) - Using default column profile:DBProfile.DISK for Table:revokedCerts
2019-08-28 15:28:28,498 [main] INFO  db.DBStoreBuilder (DBStoreBuilder.java:addTable(110)) - using custom profile for table: default
2019-08-28 15:28:28,498 [main] INFO  db.DBStoreBuilder (DBStoreBuilder.java:processTables(167)) - Using default column profile:DBProfile.DISK for Table:default
2019-08-28 15:28:28,499 [main] INFO  db.DBStoreBuilder (DBStoreBuilder.java:getDbProfile(198)) - Using default options. DBProfile.DISK
2019-08-28 15:28:28,670 [main] INFO  net.NodeSchemaLoader (NodeSchemaLoader.java:loadSchemaFromFile(125)) - Loading file from sun.misc.CompoundEnumeration@b91e024
2019-08-28 15:28:28,670 [main] INFO  net.NodeSchemaLoader (NodeSchemaLoader.java:loadSchema(171)) - Loading network topology layer schema file
2019-08-28 15:28:28,676 [main] INFO  node.SCMNodeManager (SCMNodeManager.java:<init>(121)) - Entering startup safe mode.
2019-08-28 15:28:28,677 [main] INFO  algorithms.ContainerPlacementPolicyFactory (ContainerPlacementPolicyFactory.java:getPolicy(55)) - Create container placement policy of type org.apache.hadoop.hdds.scm.container.placement.algorithms.SCMContainerPlacementRandom
2019-08-28 15:28:28,677 [main] WARN  server.ServerUtils (ServerUtils.java:getScmDbDir(145)) - ozone.scm.db.dirs is not configured. We recommend adding this setting. Falling back to ozone.metadata.dirs instead.
2019-08-28 15:28:28,733 [main] INFO  pipeline.SCMPipelineManager (SCMPipelineManager.java:initializePipelineState(126)) - No pipeline exists in current db
2019-08-28 15:28:28,734 [main] WARN  server.ServerUtils (ServerUtils.java:getScmDbDir(145)) - ozone.scm.db.dirs is not configured. We recommend adding this setting. Falling back to ozone.metadata.dirs instead.
2019-08-28 15:28:28,782 [main] WARN  events.EventQueue (EventQueue.java:fireEvent(175)) - No event handler registered for event TypedEvent{payloadType=SafeModeStatus, name='SafeModeStatus'}
2019-08-28 15:28:28,782 [main] INFO  ipc.CallQueueManager (CallQueueManager.java:<init>(84)) - Using callQueue: class java.util.concurrent.LinkedBlockingQueue, queueCapacity: 2000, scheduler: class org.apache.hadoop.ipc.DefaultRpcScheduler, ipcBackoff: false.
2019-08-28 15:28:28,783 [Socket Reader #1 for port 35023] INFO  ipc.Server (Server.java:run(1074)) - Starting Socket Reader #1 for port 35023
2019-08-28 15:28:28,785 [main] INFO  ipc.CallQueueManager (CallQueueManager.java:<init>(84)) - Using callQueue: class java.util.concurrent.LinkedBlockingQueue, queueCapacity: 2000, scheduler: class org.apache.hadoop.ipc.DefaultRpcScheduler, ipcBackoff: false.
2019-08-28 15:28:28,786 [Socket Reader #1 for port 45872] INFO  ipc.Server (Server.java:run(1074)) - Starting Socket Reader #1 for port 45872
2019-08-28 15:28:28,787 [main] INFO  ipc.CallQueueManager (CallQueueManager.java:<init>(84)) - Using callQueue: class java.util.concurrent.LinkedBlockingQueue, queueCapacity: 2000, scheduler: class org.apache.hadoop.ipc.DefaultRpcScheduler, ipcBackoff: false.
2019-08-28 15:28:28,789 [Socket Reader #1 for port 34800] INFO  ipc.Server (Server.java:run(1074)) - Starting Socket Reader #1 for port 34800
2019-08-28 15:28:28,793 [main] INFO  hdfs.DFSUtil (DFSUtil.java:httpServerTemplateForNNAndJN(1641)) - Starting Web-server for scm at: http://0.0.0.0:0
2019-08-28 15:28:28,795 [main] INFO  server.AuthenticationFilter (AuthenticationFilter.java:constructSecretProvider(240)) - Unable to initialize FileSignerSecretProvider, falling back to use random secrets.
2019-08-28 15:28:28,796 [main] WARN  http.HttpRequestLog (HttpRequestLog.java:getRequestLog(97)) - Jetty request log can only be enabled using Log4j
2019-08-28 15:28:28,798 [main] INFO  http.HttpServer2 (HttpServer2.java:addGlobalFilter(975)) - Added global filter 'safety' (class=org.apache.hadoop.http.HttpServer2$QuotingInputFilter)
2019-08-28 15:28:28,798 [main] INFO  http.HttpServer2 (HttpServer2.java:addFilter(948)) - Added filter static_user_filter (class=org.apache.hadoop.http.lib.StaticUserWebFilter$StaticUserFilter) to context scm
2019-08-28 15:28:28,799 [main] INFO  http.HttpServer2 (HttpServer2.java:addFilter(958)) - Added filter static_user_filter (class=org.apache.hadoop.http.lib.StaticUserWebFilter$StaticUserFilter) to context static
2019-08-28 15:28:28,799 [main] INFO  http.HttpServer2 (HttpServer2.java:addFilter(958)) - Added filter static_user_filter (class=org.apache.hadoop.http.lib.StaticUserWebFilter$StaticUserFilter) to context logs
2019-08-28 15:28:28,801 [main] INFO  server.StorageContainerManager (StorageContainerManager.java:start(759)) - StorageContainerLocationProtocol RPC server is listening at /0.0.0.0:34800
2019-08-28 15:28:28,804 [main] WARN  impl.MetricsConfig (MetricsConfig.java:loadFirst(134)) - Cannot locate configuration: tried hadoop-metrics2-storagecontainermanager.properties,hadoop-metrics2.properties
2019-08-28 15:28:28,805 [main] INFO  impl.MetricsSystemImpl (MetricsSystemImpl.java:startTimer(374)) - Scheduled Metric snapshot period at 10 second(s).
2019-08-28 15:28:28,805 [main] INFO  impl.MetricsSystemImpl (MetricsSystemImpl.java:start(191)) - StorageContainerManager metrics system started
2019-08-28 15:28:28,881 [main] INFO  server.SCMClientProtocolServer (SCMClientProtocolServer.java:start(151)) - RPC server for Client  is listening at /0.0.0.0:34800
2019-08-28 15:28:28,881 [IPC Server listener on 34800] INFO  ipc.Server (Server.java:run(1153)) - IPC Server listener on 34800: starting
2019-08-28 15:28:28,881 [IPC Server Responder] INFO  ipc.Server (Server.java:run(1314)) - IPC Server Responder: starting
2019-08-28 15:28:28,883 [main] INFO  server.StorageContainerManager (StorageContainerManager.java:start(769)) - ScmBlockLocationProtocol RPC server is listening at /0.0.0.0:45872
2019-08-28 15:28:28,883 [main] INFO  server.SCMBlockProtocolServer (SCMBlockProtocolServer.java:start(140)) - RPC server for Block Protocol is listening at /0.0.0.0:45872
2019-08-28 15:28:28,884 [IPC Server Responder] INFO  ipc.Server (Server.java:run(1314)) - IPC Server Responder: starting
2019-08-28 15:28:28,884 [IPC Server listener on 45872] INFO  ipc.Server (Server.java:run(1153)) - IPC Server listener on 45872: starting
2019-08-28 15:28:28,886 [main] INFO  server.StorageContainerManager (StorageContainerManager.java:start(773)) - ScmDatanodeProtocl RPC server is listening at /0.0.0.0:35023
2019-08-28 15:28:28,887 [main] INFO  server.SCMDatanodeProtocolServer (SCMDatanodeProtocolServer.java:start(191)) - RPC server for DataNodes is listening at /0.0.0.0:35023
2019-08-28 15:28:28,887 [IPC Server Responder] INFO  ipc.Server (Server.java:run(1314)) - IPC Server Responder: starting
2019-08-28 15:28:28,888 [IPC Server listener on 35023] INFO  ipc.Server (Server.java:run(1153)) - IPC Server listener on 35023: starting
2019-08-28 15:28:28,890 [main] INFO  http.HttpServer2 (HttpServer2.java:bindListener(1191)) - Jetty bound to port 43604
2019-08-28 15:28:28,890 [main] INFO  server.Server (Server.java:doStart(351)) - jetty-9.3.24.v20180605, build timestamp: 2018-06-05T17:11:56Z, git hash: 84205aa28f11a4f31f2a3b86d1bba2cc8ab69827
2019-08-28 15:28:28,892 [main] INFO  handler.ContextHandler (ContextHandler.java:doStart(781)) - Started o.e.j.s.ServletContextHandler@f14d079{/logs,file:///workdir/hadoop-ozone/integration-test/target/log,AVAILABLE}
2019-08-28 15:28:28,893 [main] INFO  handler.ContextHandler (ContextHandler.java:doStart(781)) - Started o.e.j.s.ServletContextHandler@12dd3501{/static,file:///workdir/hadoop-ozone/integration-test/target/test-classes/webapps/static,AVAILABLE}
2019-08-28 15:28:28,897 [main] INFO  handler.ContextHandler (ContextHandler.java:doStart(781)) - Started o.e.j.w.WebAppContext@484dde7d{/,file:///workdir/hadoop-ozone/integration-test/target/test-classes/webapps/scm/,AVAILABLE}{/scm}
2019-08-28 15:28:28,897 [main] INFO  server.AbstractConnector (AbstractConnector.java:doStart(278)) - Started ServerConnector@5d729af6{HTTP/1.1,[http/1.1]}{0.0.0.0:43604}
2019-08-28 15:28:28,897 [main] INFO  server.Server (Server.java:doStart(419)) - Started @541287ms
2019-08-28 15:28:28,899 [main] INFO  server.BaseHttpServer (BaseHttpServer.java:updateConnectorAddress(213)) - HTTP server of SCM is listening at http://0.0.0.0:43604
2019-08-28 15:28:28,900 [main] WARN  server.ServerUtils (ServerUtils.java:getDBPath(222)) - ozone.om.db.dirs is not configured. We recommend adding this setting. Falling back to ozone.metadata.dirs instead.
2019-08-28 15:28:28,901 [org.apache.hadoop.util.JvmPauseMonitor$Monitor@2be83e7e] INFO  util.JvmPauseMonitor (JvmPauseMonitor.java:run(188)) - Starting JVM pause monitor
2019-08-28 15:28:28,915 [main] WARN  server.ServerUtils (ServerUtils.java:getDBPath(222)) - ozone.om.db.dirs is not configured. We recommend adding this setting. Falling back to ozone.metadata.dirs instead.
2019-08-28 15:28:28,916 [main] WARN  server.ServerUtils (ServerUtils.java:getDBPath(222)) - ozone.om.db.dirs is not configured. We recommend adding this setting. Falling back to ozone.metadata.dirs instead.
2019-08-28 15:28:28,916 [main] INFO  om.OzoneManager (OzoneManager.java:setOMNodeDetails(645)) - OM Service ID is not set. Setting it to the default ID: omServiceIdDefault
2019-08-28 15:28:28,916 [main] INFO  om.OzoneManager (OzoneManager.java:setOMNodeDetails(651)) - OM Node ID is not set. Setting it to the OmStorage's OmID: 31868a50-513d-435b-b227-e37e8391ff4f
2019-08-28 15:28:28,917 [main] INFO  om.OzoneManager (OzoneManager.java:loadOMHAConfigs(602)) - Found matching OM address with OMServiceId: null, OMNodeId: null, RPC Address: localhost:0 and Ratis port: 9872
2019-08-28 15:28:28,920 | INFO  | SCMAudit | user=jenkins1000 | ip=192.168.5.160 | op=GET_SCM_INFO null | ret=SUCCESS |  
2019-08-28 15:28:28,922 [main] WARN  server.ServerUtils (ServerUtils.java:getDBPath(222)) - ozone.om.db.dirs is not configured. We recommend adding this setting. Falling back to ozone.metadata.dirs instead.
2019-08-28 15:28:28,923 [main] INFO  db.DBStoreBuilder (DBStoreBuilder.java:addTable(110)) - using custom profile for table: userTable
2019-08-28 15:28:28,923 [main] INFO  db.DBStoreBuilder (DBStoreBuilder.java:processTables(161)) - Using default column profile:DBProfile.DISK for Table:userTable
2019-08-28 15:28:28,923 [main] INFO  db.DBStoreBuilder (DBStoreBuilder.java:addTable(110)) - using custom profile for table: volumeTable
2019-08-28 15:28:28,924 [main] INFO  db.DBStoreBuilder (DBStoreBuilder.java:processTables(161)) - Using default column profile:DBProfile.DISK for Table:volumeTable
2019-08-28 15:28:28,924 [main] INFO  db.DBStoreBuilder (DBStoreBuilder.java:addTable(110)) - using custom profile for table: bucketTable
2019-08-28 15:28:28,924 [main] INFO  db.DBStoreBuilder (DBStoreBuilder.java:processTables(161)) - Using default column profile:DBProfile.DISK for Table:bucketTable
2019-08-28 15:28:28,924 [main] INFO  db.DBStoreBuilder (DBStoreBuilder.java:addTable(110)) - using custom profile for table: keyTable
2019-08-28 15:28:28,925 [main] INFO  db.DBStoreBuilder (DBStoreBuilder.java:processTables(161)) - Using default column profile:DBProfile.DISK for Table:keyTable
2019-08-28 15:28:28,925 [main] INFO  db.DBStoreBuilder (DBStoreBuilder.java:addTable(110)) - using custom profile for table: deletedTable
2019-08-28 15:28:28,925 [main] INFO  db.DBStoreBuilder (DBStoreBuilder.java:processTables(161)) - Using default column profile:DBProfile.DISK for Table:deletedTable
2019-08-28 15:28:28,925 [main] INFO  db.DBStoreBuilder (DBStoreBuilder.java:addTable(110)) - using custom profile for table: openKeyTable
2019-08-28 15:28:28,925 [main] INFO  db.DBStoreBuilder (DBStoreBuilder.java:processTables(161)) - Using default column profile:DBProfile.DISK for Table:openKeyTable
2019-08-28 15:28:28,926 [main] INFO  db.DBStoreBuilder (DBStoreBuilder.java:addTable(110)) - using custom profile for table: s3Table
2019-08-28 15:28:28,926 [main] INFO  db.DBStoreBuilder (DBStoreBuilder.java:processTables(161)) - Using default column profile:DBProfile.DISK for Table:s3Table
2019-08-28 15:28:28,926 [main] INFO  db.DBStoreBuilder (DBStoreBuilder.java:addTable(110)) - using custom profile for table: multipartInfoTable
2019-08-28 15:28:28,926 [main] INFO  db.DBStoreBuilder (DBStoreBuilder.java:processTables(161)) - Using default column profile:DBProfile.DISK for Table:multipartInfoTable
2019-08-28 15:28:28,926 [main] INFO  db.DBStoreBuilder (DBStoreBuilder.java:addTable(110)) - using custom profile for table: dTokenTable
2019-08-28 15:28:28,926 [main] INFO  db.DBStoreBuilder (DBStoreBuilder.java:processTables(161)) - Using default column profile:DBProfile.DISK for Table:dTokenTable
2019-08-28 15:28:28,927 [main] INFO  db.DBStoreBuilder (DBStoreBuilder.java:addTable(110)) - using custom profile for table: s3SecretTable
2019-08-28 15:28:28,927 [main] INFO  db.DBStoreBuilder (DBStoreBuilder.java:processTables(161)) - Using default column profile:DBProfile.DISK for Table:s3SecretTable
2019-08-28 15:28:28,927 [main] INFO  db.DBStoreBuilder (DBStoreBuilder.java:addTable(110)) - using custom profile for table: prefixTable
2019-08-28 15:28:28,927 [main] INFO  db.DBStoreBuilder (DBStoreBuilder.java:processTables(161)) - Using default column profile:DBProfile.DISK for Table:prefixTable
2019-08-28 15:28:28,927 [main] INFO  db.DBStoreBuilder (DBStoreBuilder.java:addTable(110)) - using custom profile for table: default
2019-08-28 15:28:28,927 [main] INFO  db.DBStoreBuilder (DBStoreBuilder.java:processTables(167)) - Using default column profile:DBProfile.DISK for Table:default
2019-08-28 15:28:28,927 [main] INFO  db.DBStoreBuilder (DBStoreBuilder.java:getDbProfile(198)) - Using default options. DBProfile.DISK
2019-08-28 15:28:29,336 [main] INFO  ipc.CallQueueManager (CallQueueManager.java:<init>(84)) - Using callQueue: class java.util.concurrent.LinkedBlockingQueue, queueCapacity: 2000, scheduler: class org.apache.hadoop.ipc.DefaultRpcScheduler, ipcBackoff: false.
2019-08-28 15:28:29,337 [Socket Reader #1 for port 40721] INFO  ipc.Server (Server.java:run(1074)) - Starting Socket Reader #1 for port 40721
2019-08-28 15:28:29,350 [main] INFO  om.OzoneManager (OzoneManager.java:start(1256)) - OzoneManager RPC server is listening at localhost/127.0.0.1:40721
2019-08-28 15:28:29,350 [main] INFO  impl.MetricsSystemImpl (MetricsSystemImpl.java:init(158)) - OzoneManager metrics system started (again)
2019-08-28 15:28:29,351 [IPC Server Responder] INFO  ipc.Server (Server.java:run(1314)) - IPC Server Responder: starting
2019-08-28 15:28:29,351 [IPC Server listener on 40721] INFO  ipc.Server (Server.java:run(1153)) - IPC Server listener on 40721: starting
2019-08-28 15:28:29,355 [main] INFO  hdfs.DFSUtil (DFSUtil.java:httpServerTemplateForNNAndJN(1641)) - Starting Web-server for ozoneManager at: http://0.0.0.0:0
2019-08-28 15:28:29,356 [main] INFO  server.AuthenticationFilter (AuthenticationFilter.java:constructSecretProvider(240)) - Unable to initialize FileSignerSecretProvider, falling back to use random secrets.
2019-08-28 15:28:29,357 [main] WARN  http.HttpRequestLog (HttpRequestLog.java:getRequestLog(97)) - Jetty request log can only be enabled using Log4j
2019-08-28 15:28:29,358 [main] INFO  http.HttpServer2 (HttpServer2.java:addGlobalFilter(975)) - Added global filter 'safety' (class=org.apache.hadoop.http.HttpServer2$QuotingInputFilter)
2019-08-28 15:28:29,358 [main] INFO  http.HttpServer2 (HttpServer2.java:addFilter(948)) - Added filter static_user_filter (class=org.apache.hadoop.http.lib.StaticUserWebFilter$StaticUserFilter) to context ozoneManager
2019-08-28 15:28:29,358 [main] INFO  http.HttpServer2 (HttpServer2.java:addFilter(958)) - Added filter static_user_filter (class=org.apache.hadoop.http.lib.StaticUserWebFilter$StaticUserFilter) to context logs
2019-08-28 15:28:29,358 [main] INFO  http.HttpServer2 (HttpServer2.java:addFilter(958)) - Added filter static_user_filter (class=org.apache.hadoop.http.lib.StaticUserWebFilter$StaticUserFilter) to context static
2019-08-28 15:28:29,359 [main] INFO  http.HttpServer2 (HttpServer2.java:bindListener(1191)) - Jetty bound to port 38297
2019-08-28 15:28:29,359 [main] INFO  server.Server (Server.java:doStart(351)) - jetty-9.3.24.v20180605, build timestamp: 2018-06-05T17:11:56Z, git hash: 84205aa28f11a4f31f2a3b86d1bba2cc8ab69827
2019-08-28 15:28:29,360 [main] INFO  handler.ContextHandler (ContextHandler.java:doStart(781)) - Started o.e.j.s.ServletContextHandler@738b93a8{/logs,file:///workdir/hadoop-ozone/integration-test/target/log,AVAILABLE}
2019-08-28 15:28:29,361 [main] INFO  handler.ContextHandler (ContextHandler.java:doStart(781)) - Started o.e.j.s.ServletContextHandler@64547a83{/static,file:///workdir/hadoop-ozone/integration-test/target/test-classes/webapps/static,AVAILABLE}
2019-08-28 15:28:29,364 [main] INFO  handler.ContextHandler (ContextHandler.java:doStart(781)) - Started o.e.j.w.WebAppContext@73624529{/,file:///workdir/hadoop-ozone/integration-test/target/test-classes/webapps/ozoneManager/,AVAILABLE}{/ozoneManager}
2019-08-28 15:28:29,364 [main] INFO  server.AbstractConnector (AbstractConnector.java:doStart(278)) - Started ServerConnector@31e1c7c{HTTP/1.1,[http/1.1]}{0.0.0.0:38297}
2019-08-28 15:28:29,365 [main] INFO  server.Server (Server.java:doStart(419)) - Started @541756ms
2019-08-28 15:28:29,366 [main] INFO  server.BaseHttpServer (BaseHttpServer.java:updateConnectorAddress(213)) - HTTP server of OZONEMANAGER is listening at http://0.0.0.0:38297
2019-08-28 15:28:29,377 [main] INFO  impl.MetricsSystemImpl (MetricsSystemImpl.java:init(158)) - HddsDatanode metrics system started (again)
2019-08-28 15:28:29,379 [main] INFO  ozone.HddsDatanodeService (HddsDatanodeService.java:start(184)) - HddsDatanodeService host:pr-hdds-1950-8p5ww-60544353 ip:192.168.5.160
2019-08-28 15:28:29,388 [main] INFO  volume.HddsVolume (HddsVolume.java:<init>(176)) - Creating Volume: /workdir/hadoop-ozone/integration-test/target/test-dir/MiniOzoneClusterImpl-dff33e01-b2b8-4087-89b9-ab66c11044e2/datanode-0/data/containers/hdds of  storage type : DISK and capacity : 1482555576320
2019-08-28 15:28:29,388 [main] INFO  volume.VolumeSet (VolumeSet.java:initializeVolumeSet(170)) - Added Volume : /workdir/hadoop-ozone/integration-test/target/test-dir/MiniOzoneClusterImpl-dff33e01-b2b8-4087-89b9-ab66c11044e2/datanode-0/data/containers/hdds to VolumeSet
2019-08-28 15:28:29,389 [main] INFO  volume.ThrottledAsyncChecker (ThrottledAsyncChecker.java:schedule(140)) - Scheduling a check for org.apache.hadoop.ozone.container.common.volume.HddsVolume@639c5ab4
2019-08-28 15:28:29,389 [main] INFO  volume.HddsVolumeChecker (HddsVolumeChecker.java:checkAllVolumes(203)) - Scheduled health check for volume org.apache.hadoop.ozone.container.common.volume.HddsVolume@639c5ab4
2019-08-28 15:28:29,401 [main] INFO  impl.RaftServerProxy (ConfUtils.java:logGet(43)) - raft.rpc.type = GRPC (default)
2019-08-28 15:28:29,401 [main] INFO  grpc.GrpcFactory (GrpcFactory.java:checkPooledByteBufAllocatorUseCacheForAllThreads(45)) - PERFORMANCE WARNING: useCacheForAllThreads is true that may cause Netty to create a lot garbage objects and, as a result, trigger GC.
	It is recommended to disable useCacheForAllThreads by setting -Dorg.apache.ratis.thirdparty.io.netty.allocator.useCacheForAllThreads=false in command line.
2019-08-28 15:28:29,401 [main] INFO  grpc.GrpcConfigKeys$Server (ConfUtils.java:logGet(43)) - raft.grpc.server.port = 0 (default)
2019-08-28 15:28:29,402 [main] INFO  server.GrpcService (ConfUtils.java:logGet(43)) - raft.grpc.message.size.max = 33570816 (custom)
2019-08-28 15:28:29,402 [main] INFO  server.RaftServerConfigKeys (ConfUtils.java:logGet(43)) - raft.server.log.appender.buffer.byte-limit = 33554432 (custom)
2019-08-28 15:28:29,402 [main] INFO  server.GrpcService (ConfUtils.java:logGet(43)) - raft.grpc.flow.control.window = 1MB (=1048576) (default)
2019-08-28 15:28:29,402 [main] INFO  server.RaftServerConfigKeys (ConfUtils.java:logGet(43)) - raft.server.rpc.request.timeout = 3000ms (default)
2019-08-28 15:28:29,403 [main] INFO  server.RaftServerConfigKeys (ConfUtils.java:logGet(43)) - raft.server.storage.dir = [/workdir/hadoop-ozone/integration-test/target/test-dir/MiniOzoneClusterImpl-dff33e01-b2b8-4087-89b9-ab66c11044e2/datanode-0/data/ratis] (custom)
2019-08-28 15:28:29,403 [main] INFO  replication.SimpleContainerDownloader (SimpleContainerDownloader.java:<init>(72)) - Starting container downloader service to copy containers to replicate.
2019-08-28 15:28:29,404 [main] INFO  hdfs.DFSUtil (DFSUtil.java:httpServerTemplateForNNAndJN(1641)) - Starting Web-server for hddsDatanode at: http://0.0.0.0:0
2019-08-28 15:28:29,405 [main] INFO  server.AuthenticationFilter (AuthenticationFilter.java:constructSecretProvider(240)) - Unable to initialize FileSignerSecretProvider, falling back to use random secrets.
2019-08-28 15:28:29,405 [main] WARN  http.HttpRequestLog (HttpRequestLog.java:getRequestLog(97)) - Jetty request log can only be enabled using Log4j
2019-08-28 15:28:29,407 [main] INFO  http.HttpServer2 (HttpServer2.java:addGlobalFilter(975)) - Added global filter 'safety' (class=org.apache.hadoop.http.HttpServer2$QuotingInputFilter)
2019-08-28 15:28:29,407 [main] INFO  http.HttpServer2 (HttpServer2.java:addFilter(948)) - Added filter static_user_filter (class=org.apache.hadoop.http.lib.StaticUserWebFilter$StaticUserFilter) to context hddsDatanode
2019-08-28 15:28:29,407 [main] INFO  http.HttpServer2 (HttpServer2.java:addFilter(958)) - Added filter static_user_filter (class=org.apache.hadoop.http.lib.StaticUserWebFilter$StaticUserFilter) to context static
2019-08-28 15:28:29,407 [main] INFO  http.HttpServer2 (HttpServer2.java:addFilter(958)) - Added filter static_user_filter (class=org.apache.hadoop.http.lib.StaticUserWebFilter$StaticUserFilter) to context logs
2019-08-28 15:28:29,408 [main] INFO  http.HttpServer2 (HttpServer2.java:bindListener(1191)) - Jetty bound to port 44854
2019-08-28 15:28:29,408 [main] INFO  server.Server (Server.java:doStart(351)) - jetty-9.3.24.v20180605, build timestamp: 2018-06-05T17:11:56Z, git hash: 84205aa28f11a4f31f2a3b86d1bba2cc8ab69827
2019-08-28 15:28:29,409 [main] INFO  handler.ContextHandler (ContextHandler.java:doStart(781)) - Started o.e.j.s.ServletContextHandler@10ecf244{/logs,file:///workdir/hadoop-ozone/integration-test/target/log,AVAILABLE}
2019-08-28 15:28:29,410 [main] INFO  handler.ContextHandler (ContextHandler.java:doStart(781)) - Started o.e.j.s.ServletContextHandler@caee26e{/static,jar:file:/home/user/.m2/repository/org/apache/hadoop/hadoop-hdds-container-service/0.5.0-SNAPSHOT/hadoop-hdds-container-service-0.5.0-SNAPSHOT.jar!/webapps/static,AVAILABLE}
2019-08-28 15:28:29,436 [main] INFO  handler.ContextHandler (ContextHandler.java:doStart(781)) - Started o.e.j.w.WebAppContext@6d4bb60f{/,file:///tmp/jetty-0.0.0.0-44854-hddsDatanode-_-any-3737076591166605084.dir/webapp/,AVAILABLE}{/hddsDatanode}
2019-08-28 15:28:29,436 [main] INFO  server.AbstractConnector (AbstractConnector.java:doStart(278)) - Started ServerConnector@29b61bb{HTTP/1.1,[http/1.1]}{0.0.0.0:44854}
2019-08-28 15:28:29,437 [main] INFO  server.Server (Server.java:doStart(419)) - Started @541827ms
2019-08-28 15:28:29,438 [main] INFO  server.BaseHttpServer (BaseHttpServer.java:updateConnectorAddress(213)) - HTTP server of HDDSDATANODE is listening at http://0.0.0.0:44854
2019-08-28 15:28:29,555 | INFO  | ObjectStoreRestHttpServer | Listening HDDS REST traffic on /0.0.0.0:45866 |  
2019-08-28 15:28:29,555 [main] INFO  ozone.HddsDatanodeService (HddsDatanodeService.java:startPlugins(395)) - Started plug-in org.apache.hadoop.ozone.web.OzoneHddsDatanodeService@5cb654e3
2019-08-28 15:28:29,556 [main] INFO  impl.MetricsSystemImpl (MetricsSystemImpl.java:init(158)) - HddsDatanode metrics system started (again)
2019-08-28 15:28:29,558 [main] INFO  ozone.HddsDatanodeService (HddsDatanodeService.java:start(184)) - HddsDatanodeService host:pr-hdds-1950-8p5ww-60544353 ip:192.168.5.160
2019-08-28 15:28:29,558 [org.apache.hadoop.util.JvmPauseMonitor$Monitor@771d19be] INFO  util.JvmPauseMonitor (JvmPauseMonitor.java:run(188)) - Starting JVM pause monitor
2019-08-28 15:28:29,560 [Datanode State Machine Thread - 0] INFO  datanode.InitDatanodeState (InitDatanodeState.java:persistContainerDatanodeDetails(140)) - DatanodeDetails is persisted to /workdir/hadoop-ozone/integration-test/target/test-dir/MiniOzoneClusterImpl-dff33e01-b2b8-4087-89b9-ab66c11044e2/datanode-0/meta/datanode.id
2019-08-28 15:28:29,568 [main] INFO  volume.HddsVolume (HddsVolume.java:<init>(176)) - Creating Volume: /workdir/hadoop-ozone/integration-test/target/test-dir/MiniOzoneClusterImpl-dff33e01-b2b8-4087-89b9-ab66c11044e2/datanode-1/data/containers/hdds of  storage type : DISK and capacity : 1482555576320
2019-08-28 15:28:29,568 [main] INFO  volume.VolumeSet (VolumeSet.java:initializeVolumeSet(170)) - Added Volume : /workdir/hadoop-ozone/integration-test/target/test-dir/MiniOzoneClusterImpl-dff33e01-b2b8-4087-89b9-ab66c11044e2/datanode-1/data/containers/hdds to VolumeSet
2019-08-28 15:28:29,569 [main] INFO  volume.ThrottledAsyncChecker (ThrottledAsyncChecker.java:schedule(140)) - Scheduling a check for org.apache.hadoop.ozone.container.common.volume.HddsVolume@72f71ea2
2019-08-28 15:28:29,569 [main] INFO  volume.HddsVolumeChecker (HddsVolumeChecker.java:checkAllVolumes(203)) - Scheduled health check for volume org.apache.hadoop.ozone.container.common.volume.HddsVolume@72f71ea2
2019-08-28 15:28:29,582 [main] INFO  impl.RaftServerProxy (ConfUtils.java:logGet(43)) - raft.rpc.type = GRPC (default)
2019-08-28 15:28:29,582 [main] INFO  grpc.GrpcFactory (GrpcFactory.java:checkPooledByteBufAllocatorUseCacheForAllThreads(45)) - PERFORMANCE WARNING: useCacheForAllThreads is true that may cause Netty to create a lot garbage objects and, as a result, trigger GC.
	It is recommended to disable useCacheForAllThreads by setting -Dorg.apache.ratis.thirdparty.io.netty.allocator.useCacheForAllThreads=false in command line.
2019-08-28 15:28:29,582 [main] INFO  grpc.GrpcConfigKeys$Server (ConfUtils.java:logGet(43)) - raft.grpc.server.port = 0 (default)
2019-08-28 15:28:29,583 [main] INFO  server.GrpcService (ConfUtils.java:logGet(43)) - raft.grpc.message.size.max = 33570816 (custom)
2019-08-28 15:28:29,583 [main] INFO  server.RaftServerConfigKeys (ConfUtils.java:logGet(43)) - raft.server.log.appender.buffer.byte-limit = 33554432 (custom)
2019-08-28 15:28:29,583 [main] INFO  server.GrpcService (ConfUtils.java:logGet(43)) - raft.grpc.flow.control.window = 1MB (=1048576) (default)
2019-08-28 15:28:29,583 [main] INFO  server.RaftServerConfigKeys (ConfUtils.java:logGet(43)) - raft.server.rpc.request.timeout = 3000ms (default)
2019-08-28 15:28:29,583 [main] INFO  server.RaftServerConfigKeys (ConfUtils.java:logGet(43)) - raft.server.storage.dir = [/workdir/hadoop-ozone/integration-test/target/test-dir/MiniOzoneClusterImpl-dff33e01-b2b8-4087-89b9-ab66c11044e2/datanode-1/data/ratis] (custom)
2019-08-28 15:28:29,584 [main] INFO  replication.SimpleContainerDownloader (SimpleContainerDownloader.java:<init>(72)) - Starting container downloader service to copy containers to replicate.
2019-08-28 15:28:29,585 [main] INFO  hdfs.DFSUtil (DFSUtil.java:httpServerTemplateForNNAndJN(1641)) - Starting Web-server for hddsDatanode at: http://0.0.0.0:0
2019-08-28 15:28:29,586 [main] INFO  server.AuthenticationFilter (AuthenticationFilter.java:constructSecretProvider(240)) - Unable to initialize FileSignerSecretProvider, falling back to use random secrets.
2019-08-28 15:28:29,586 [main] WARN  http.HttpRequestLog (HttpRequestLog.java:getRequestLog(97)) - Jetty request log can only be enabled using Log4j
2019-08-28 15:28:29,587 [main] INFO  http.HttpServer2 (HttpServer2.java:addGlobalFilter(975)) - Added global filter 'safety' (class=org.apache.hadoop.http.HttpServer2$QuotingInputFilter)
2019-08-28 15:28:29,588 [main] INFO  http.HttpServer2 (HttpServer2.java:addFilter(948)) - Added filter static_user_filter (class=org.apache.hadoop.http.lib.StaticUserWebFilter$StaticUserFilter) to context hddsDatanode
2019-08-28 15:28:29,588 [main] INFO  http.HttpServer2 (HttpServer2.java:addFilter(958)) - Added filter static_user_filter (class=org.apache.hadoop.http.lib.StaticUserWebFilter$StaticUserFilter) to context static
2019-08-28 15:28:29,588 [main] INFO  http.HttpServer2 (HttpServer2.java:addFilter(958)) - Added filter static_user_filter (class=org.apache.hadoop.http.lib.StaticUserWebFilter$StaticUserFilter) to context logs
2019-08-28 15:28:29,589 [main] INFO  http.HttpServer2 (HttpServer2.java:bindListener(1191)) - Jetty bound to port 40211
2019-08-28 15:28:29,589 [main] INFO  server.Server (Server.java:doStart(351)) - jetty-9.3.24.v20180605, build timestamp: 2018-06-05T17:11:56Z, git hash: 84205aa28f11a4f31f2a3b86d1bba2cc8ab69827
2019-08-28 15:28:29,590 [main] INFO  handler.ContextHandler (ContextHandler.java:doStart(781)) - Started o.e.j.s.ServletContextHandler@41acf2f1{/logs,file:///workdir/hadoop-ozone/integration-test/target/log,AVAILABLE}
2019-08-28 15:28:29,590 [main] INFO  handler.ContextHandler (ContextHandler.java:doStart(781)) - Started o.e.j.s.ServletContextHandler@87cb1d8{/static,jar:file:/home/user/.m2/repository/org/apache/hadoop/hadoop-hdds-container-service/0.5.0-SNAPSHOT/hadoop-hdds-container-service-0.5.0-SNAPSHOT.jar!/webapps/static,AVAILABLE}
2019-08-28 15:28:29,617 [main] INFO  handler.ContextHandler (ContextHandler.java:doStart(781)) - Started o.e.j.w.WebAppContext@5166fe7a{/,file:///tmp/jetty-0.0.0.0-40211-hddsDatanode-_-any-5264446378802560382.dir/webapp/,AVAILABLE}{/hddsDatanode}
2019-08-28 15:28:29,617 [main] INFO  server.AbstractConnector (AbstractConnector.java:doStart(278)) - Started ServerConnector@7a925ac4{HTTP/1.1,[http/1.1]}{0.0.0.0:40211}
2019-08-28 15:28:29,617 [main] INFO  server.Server (Server.java:doStart(419)) - Started @542007ms
2019-08-28 15:28:29,619 [main] INFO  server.BaseHttpServer (BaseHttpServer.java:updateConnectorAddress(213)) - HTTP server of HDDSDATANODE is listening at http://0.0.0.0:40211
2019-08-28 15:28:29,718 | INFO  | ObjectStoreRestHttpServer | Listening HDDS REST traffic on /0.0.0.0:39656 |  
2019-08-28 15:28:29,718 [main] INFO  ozone.HddsDatanodeService (HddsDatanodeService.java:startPlugins(395)) - Started plug-in org.apache.hadoop.ozone.web.OzoneHddsDatanodeService@52811dc1
2019-08-28 15:28:29,718 [main] INFO  impl.MetricsSystemImpl (MetricsSystemImpl.java:init(158)) - HddsDatanode metrics system started (again)
2019-08-28 15:28:29,720 [org.apache.hadoop.util.JvmPauseMonitor$Monitor@37319b40] INFO  util.JvmPauseMonitor (JvmPauseMonitor.java:run(188)) - Starting JVM pause monitor
2019-08-28 15:28:29,721 [main] INFO  ozone.HddsDatanodeService (HddsDatanodeService.java:start(184)) - HddsDatanodeService host:pr-hdds-1950-8p5ww-60544353 ip:192.168.5.160
2019-08-28 15:28:29,722 [Datanode State Machine Thread - 0] INFO  datanode.InitDatanodeState (InitDatanodeState.java:persistContainerDatanodeDetails(140)) - DatanodeDetails is persisted to /workdir/hadoop-ozone/integration-test/target/test-dir/MiniOzoneClusterImpl-dff33e01-b2b8-4087-89b9-ab66c11044e2/datanode-1/meta/datanode.id
2019-08-28 15:28:29,729 [main] INFO  volume.HddsVolume (HddsVolume.java:<init>(176)) - Creating Volume: /workdir/hadoop-ozone/integration-test/target/test-dir/MiniOzoneClusterImpl-dff33e01-b2b8-4087-89b9-ab66c11044e2/datanode-2/data/containers/hdds of  storage type : DISK and capacity : 1482555576320
2019-08-28 15:28:29,729 [main] INFO  volume.VolumeSet (VolumeSet.java:initializeVolumeSet(170)) - Added Volume : /workdir/hadoop-ozone/integration-test/target/test-dir/MiniOzoneClusterImpl-dff33e01-b2b8-4087-89b9-ab66c11044e2/datanode-2/data/containers/hdds to VolumeSet
2019-08-28 15:28:29,729 [main] INFO  volume.ThrottledAsyncChecker (ThrottledAsyncChecker.java:schedule(140)) - Scheduling a check for org.apache.hadoop.ozone.container.common.volume.HddsVolume@6db99c79
2019-08-28 15:28:29,730 [main] INFO  volume.HddsVolumeChecker (HddsVolumeChecker.java:checkAllVolumes(203)) - Scheduled health check for volume org.apache.hadoop.ozone.container.common.volume.HddsVolume@6db99c79
2019-08-28 15:28:29,742 [main] INFO  impl.RaftServerProxy (ConfUtils.java:logGet(43)) - raft.rpc.type = GRPC (default)
2019-08-28 15:28:29,742 [main] INFO  grpc.GrpcFactory (GrpcFactory.java:checkPooledByteBufAllocatorUseCacheForAllThreads(45)) - PERFORMANCE WARNING: useCacheForAllThreads is true that may cause Netty to create a lot garbage objects and, as a result, trigger GC.
	It is recommended to disable useCacheForAllThreads by setting -Dorg.apache.ratis.thirdparty.io.netty.allocator.useCacheForAllThreads=false in command line.
2019-08-28 15:28:29,742 [main] INFO  grpc.GrpcConfigKeys$Server (ConfUtils.java:logGet(43)) - raft.grpc.server.port = 0 (default)
2019-08-28 15:28:29,743 [main] INFO  server.GrpcService (ConfUtils.java:logGet(43)) - raft.grpc.message.size.max = 33570816 (custom)
2019-08-28 15:28:29,743 [main] INFO  server.RaftServerConfigKeys (ConfUtils.java:logGet(43)) - raft.server.log.appender.buffer.byte-limit = 33554432 (custom)
2019-08-28 15:28:29,743 [main] INFO  server.GrpcService (ConfUtils.java:logGet(43)) - raft.grpc.flow.control.window = 1MB (=1048576) (default)
2019-08-28 15:28:29,743 [main] INFO  server.RaftServerConfigKeys (ConfUtils.java:logGet(43)) - raft.server.rpc.request.timeout = 3000ms (default)
2019-08-28 15:28:29,743 [main] INFO  server.RaftServerConfigKeys (ConfUtils.java:logGet(43)) - raft.server.storage.dir = [/workdir/hadoop-ozone/integration-test/target/test-dir/MiniOzoneClusterImpl-dff33e01-b2b8-4087-89b9-ab66c11044e2/datanode-2/data/ratis] (custom)
2019-08-28 15:28:29,744 [main] INFO  replication.SimpleContainerDownloader (SimpleContainerDownloader.java:<init>(72)) - Starting container downloader service to copy containers to replicate.
2019-08-28 15:28:29,745 [main] INFO  hdfs.DFSUtil (DFSUtil.java:httpServerTemplateForNNAndJN(1641)) - Starting Web-server for hddsDatanode at: http://0.0.0.0:0
2019-08-28 15:28:29,746 [main] INFO  server.AuthenticationFilter (AuthenticationFilter.java:constructSecretProvider(240)) - Unable to initialize FileSignerSecretProvider, falling back to use random secrets.
2019-08-28 15:28:29,746 [main] WARN  http.HttpRequestLog (HttpRequestLog.java:getRequestLog(97)) - Jetty request log can only be enabled using Log4j
2019-08-28 15:28:29,747 [main] INFO  http.HttpServer2 (HttpServer2.java:addGlobalFilter(975)) - Added global filter 'safety' (class=org.apache.hadoop.http.HttpServer2$QuotingInputFilter)
2019-08-28 15:28:29,748 [main] INFO  http.HttpServer2 (HttpServer2.java:addFilter(948)) - Added filter static_user_filter (class=org.apache.hadoop.http.lib.StaticUserWebFilter$StaticUserFilter) to context hddsDatanode
2019-08-28 15:28:29,748 [main] INFO  http.HttpServer2 (HttpServer2.java:addFilter(958)) - Added filter static_user_filter (class=org.apache.hadoop.http.lib.StaticUserWebFilter$StaticUserFilter) to context static
2019-08-28 15:28:29,748 [main] INFO  http.HttpServer2 (HttpServer2.java:addFilter(958)) - Added filter static_user_filter (class=org.apache.hadoop.http.lib.StaticUserWebFilter$StaticUserFilter) to context logs
2019-08-28 15:28:29,748 [main] INFO  http.HttpServer2 (HttpServer2.java:bindListener(1191)) - Jetty bound to port 41240
2019-08-28 15:28:29,749 [main] INFO  server.Server (Server.java:doStart(351)) - jetty-9.3.24.v20180605, build timestamp: 2018-06-05T17:11:56Z, git hash: 84205aa28f11a4f31f2a3b86d1bba2cc8ab69827
2019-08-28 15:28:29,750 [main] INFO  handler.ContextHandler (ContextHandler.java:doStart(781)) - Started o.e.j.s.ServletContextHandler@6921ce3f{/logs,file:///workdir/hadoop-ozone/integration-test/target/log,AVAILABLE}
2019-08-28 15:28:29,750 [main] INFO  handler.ContextHandler (ContextHandler.java:doStart(781)) - Started o.e.j.s.ServletContextHandler@7b0a69b9{/static,jar:file:/home/user/.m2/repository/org/apache/hadoop/hadoop-hdds-container-service/0.5.0-SNAPSHOT/hadoop-hdds-container-service-0.5.0-SNAPSHOT.jar!/webapps/static,AVAILABLE}
2019-08-28 15:28:29,777 [main] INFO  handler.ContextHandler (ContextHandler.java:doStart(781)) - Started o.e.j.w.WebAppContext@2fc51562{/,file:///tmp/jetty-0.0.0.0-41240-hddsDatanode-_-any-2292535581529828285.dir/webapp/,AVAILABLE}{/hddsDatanode}
2019-08-28 15:28:29,777 [main] INFO  server.AbstractConnector (AbstractConnector.java:doStart(278)) - Started ServerConnector@3f2f6818{HTTP/1.1,[http/1.1]}{0.0.0.0:41240}
2019-08-28 15:28:29,778 [main] INFO  server.Server (Server.java:doStart(419)) - Started @542169ms
2019-08-28 15:28:29,779 [main] INFO  server.BaseHttpServer (BaseHttpServer.java:updateConnectorAddress(213)) - HTTP server of HDDSDATANODE is listening at http://0.0.0.0:41240
2019-08-28 15:28:29,878 | INFO  | ObjectStoreRestHttpServer | Listening HDDS REST traffic on /0.0.0.0:33167 |  
2019-08-28 15:28:29,878 [main] INFO  ozone.HddsDatanodeService (HddsDatanodeService.java:startPlugins(395)) - Started plug-in org.apache.hadoop.ozone.web.OzoneHddsDatanodeService@dfe2875
2019-08-28 15:28:29,879 [main] INFO  impl.MetricsSystemImpl (MetricsSystemImpl.java:init(158)) - HddsDatanode metrics system started (again)
2019-08-28 15:28:29,881 [org.apache.hadoop.util.JvmPauseMonitor$Monitor@17d03eb] INFO  util.JvmPauseMonitor (JvmPauseMonitor.java:run(188)) - Starting JVM pause monitor
2019-08-28 15:28:29,882 [main] INFO  ozone.HddsDatanodeService (HddsDatanodeService.java:start(184)) - HddsDatanodeService host:pr-hdds-1950-8p5ww-60544353 ip:192.168.5.160
2019-08-28 15:28:29,883 [Datanode State Machine Thread - 0] INFO  datanode.InitDatanodeState (InitDatanodeState.java:persistContainerDatanodeDetails(140)) - DatanodeDetails is persisted to /workdir/hadoop-ozone/integration-test/target/test-dir/MiniOzoneClusterImpl-dff33e01-b2b8-4087-89b9-ab66c11044e2/datanode-2/meta/datanode.id
2019-08-28 15:28:29,894 [main] INFO  volume.HddsVolume (HddsVolume.java:<init>(176)) - Creating Volume: /workdir/hadoop-ozone/integration-test/target/test-dir/MiniOzoneClusterImpl-dff33e01-b2b8-4087-89b9-ab66c11044e2/datanode-3/data/containers/hdds of  storage type : DISK and capacity : 1482555576320
2019-08-28 15:28:29,894 [main] INFO  volume.VolumeSet (VolumeSet.java:initializeVolumeSet(170)) - Added Volume : /workdir/hadoop-ozone/integration-test/target/test-dir/MiniOzoneClusterImpl-dff33e01-b2b8-4087-89b9-ab66c11044e2/datanode-3/data/containers/hdds to VolumeSet
2019-08-28 15:28:29,895 [main] INFO  volume.ThrottledAsyncChecker (ThrottledAsyncChecker.java:schedule(140)) - Scheduling a check for org.apache.hadoop.ozone.container.common.volume.HddsVolume@cf933b1
2019-08-28 15:28:29,895 [main] INFO  volume.HddsVolumeChecker (HddsVolumeChecker.java:checkAllVolumes(203)) - Scheduled health check for volume org.apache.hadoop.ozone.container.common.volume.HddsVolume@cf933b1
2019-08-28 15:28:29,907 [main] INFO  impl.RaftServerProxy (ConfUtils.java:logGet(43)) - raft.rpc.type = GRPC (default)
2019-08-28 15:28:29,907 [main] INFO  grpc.GrpcFactory (GrpcFactory.java:checkPooledByteBufAllocatorUseCacheForAllThreads(45)) - PERFORMANCE WARNING: useCacheForAllThreads is true that may cause Netty to create a lot garbage objects and, as a result, trigger GC.
	It is recommended to disable useCacheForAllThreads by setting -Dorg.apache.ratis.thirdparty.io.netty.allocator.useCacheForAllThreads=false in command line.
2019-08-28 15:28:29,908 [main] INFO  grpc.GrpcConfigKeys$Server (ConfUtils.java:logGet(43)) - raft.grpc.server.port = 0 (default)
2019-08-28 15:28:29,908 [main] INFO  server.GrpcService (ConfUtils.java:logGet(43)) - raft.grpc.message.size.max = 33570816 (custom)
2019-08-28 15:28:29,908 [main] INFO  server.RaftServerConfigKeys (ConfUtils.java:logGet(43)) - raft.server.log.appender.buffer.byte-limit = 33554432 (custom)
2019-08-28 15:28:29,908 [main] INFO  server.GrpcService (ConfUtils.java:logGet(43)) - raft.grpc.flow.control.window = 1MB (=1048576) (default)
2019-08-28 15:28:29,908 [main] INFO  server.RaftServerConfigKeys (ConfUtils.java:logGet(43)) - raft.server.rpc.request.timeout = 3000ms (default)
2019-08-28 15:28:29,909 [main] INFO  server.RaftServerConfigKeys (ConfUtils.java:logGet(43)) - raft.server.storage.dir = [/workdir/hadoop-ozone/integration-test/target/test-dir/MiniOzoneClusterImpl-dff33e01-b2b8-4087-89b9-ab66c11044e2/datanode-3/data/ratis] (custom)
2019-08-28 15:28:29,909 [main] INFO  replication.SimpleContainerDownloader (SimpleContainerDownloader.java:<init>(72)) - Starting container downloader service to copy containers to replicate.
2019-08-28 15:28:29,910 [main] INFO  hdfs.DFSUtil (DFSUtil.java:httpServerTemplateForNNAndJN(1641)) - Starting Web-server for hddsDatanode at: http://0.0.0.0:0
2019-08-28 15:28:29,911 [main] INFO  server.AuthenticationFilter (AuthenticationFilter.java:constructSecretProvider(240)) - Unable to initialize FileSignerSecretProvider, falling back to use random secrets.
2019-08-28 15:28:29,911 [main] WARN  http.HttpRequestLog (HttpRequestLog.java:getRequestLog(97)) - Jetty request log can only be enabled using Log4j
2019-08-28 15:28:29,912 [main] INFO  http.HttpServer2 (HttpServer2.java:addGlobalFilter(975)) - Added global filter 'safety' (class=org.apache.hadoop.http.HttpServer2$QuotingInputFilter)
2019-08-28 15:28:29,913 [main] INFO  http.HttpServer2 (HttpServer2.java:addFilter(948)) - Added filter static_user_filter (class=org.apache.hadoop.http.lib.StaticUserWebFilter$StaticUserFilter) to context hddsDatanode
2019-08-28 15:28:29,913 [main] INFO  http.HttpServer2 (HttpServer2.java:addFilter(958)) - Added filter static_user_filter (class=org.apache.hadoop.http.lib.StaticUserWebFilter$StaticUserFilter) to context static
2019-08-28 15:28:29,913 [main] INFO  http.HttpServer2 (HttpServer2.java:addFilter(958)) - Added filter static_user_filter (class=org.apache.hadoop.http.lib.StaticUserWebFilter$StaticUserFilter) to context logs
2019-08-28 15:28:29,914 [main] INFO  http.HttpServer2 (HttpServer2.java:bindListener(1191)) - Jetty bound to port 43445
2019-08-28 15:28:29,914 [main] INFO  server.Server (Server.java:doStart(351)) - jetty-9.3.24.v20180605, build timestamp: 2018-06-05T17:11:56Z, git hash: 84205aa28f11a4f31f2a3b86d1bba2cc8ab69827
2019-08-28 15:28:29,915 [main] INFO  handler.ContextHandler (ContextHandler.java:doStart(781)) - Started o.e.j.s.ServletContextHandler@3285c141{/logs,file:///workdir/hadoop-ozone/integration-test/target/log,AVAILABLE}
2019-08-28 15:28:29,915 [main] INFO  handler.ContextHandler (ContextHandler.java:doStart(781)) - Started o.e.j.s.ServletContextHandler@6b862f17{/static,jar:file:/home/user/.m2/repository/org/apache/hadoop/hadoop-hdds-container-service/0.5.0-SNAPSHOT/hadoop-hdds-container-service-0.5.0-SNAPSHOT.jar!/webapps/static,AVAILABLE}
2019-08-28 15:28:29,942 [main] INFO  handler.ContextHandler (ContextHandler.java:doStart(781)) - Started o.e.j.w.WebAppContext@381ed137{/,file:///tmp/jetty-0.0.0.0-43445-hddsDatanode-_-any-4990533727383551298.dir/webapp/,AVAILABLE}{/hddsDatanode}
2019-08-28 15:28:29,942 [main] INFO  server.AbstractConnector (AbstractConnector.java:doStart(278)) - Started ServerConnector@6eacf3be{HTTP/1.1,[http/1.1]}{0.0.0.0:43445}
2019-08-28 15:28:29,943 [main] INFO  server.Server (Server.java:doStart(419)) - Started @542333ms
2019-08-28 15:28:29,944 [main] INFO  server.BaseHttpServer (BaseHttpServer.java:updateConnectorAddress(213)) - HTTP server of HDDSDATANODE is listening at http://0.0.0.0:43445
2019-08-28 15:28:30,259 | INFO  | ObjectStoreRestHttpServer | Listening HDDS REST traffic on /0.0.0.0:44446 |  
2019-08-28 15:28:30,259 [main] INFO  ozone.HddsDatanodeService (HddsDatanodeService.java:startPlugins(395)) - Started plug-in org.apache.hadoop.ozone.web.OzoneHddsDatanodeService@10395bc4
2019-08-28 15:28:30,259 [main] INFO  impl.MetricsSystemImpl (MetricsSystemImpl.java:init(158)) - HddsDatanode metrics system started (again)
2019-08-28 15:28:30,263 [org.apache.hadoop.util.JvmPauseMonitor$Monitor@2eee406a] INFO  util.JvmPauseMonitor (JvmPauseMonitor.java:run(188)) - Starting JVM pause monitor
2019-08-28 15:28:30,263 [main] INFO  ozone.HddsDatanodeService (HddsDatanodeService.java:start(184)) - HddsDatanodeService host:pr-hdds-1950-8p5ww-60544353 ip:192.168.5.160
2019-08-28 15:28:30,264 [Datanode State Machine Thread - 0] INFO  datanode.InitDatanodeState (InitDatanodeState.java:persistContainerDatanodeDetails(140)) - DatanodeDetails is persisted to /workdir/hadoop-ozone/integration-test/target/test-dir/MiniOzoneClusterImpl-dff33e01-b2b8-4087-89b9-ab66c11044e2/datanode-3/meta/datanode.id
2019-08-28 15:28:30,273 [main] INFO  volume.HddsVolume (HddsVolume.java:<init>(176)) - Creating Volume: /workdir/hadoop-ozone/integration-test/target/test-dir/MiniOzoneClusterImpl-dff33e01-b2b8-4087-89b9-ab66c11044e2/datanode-4/data/containers/hdds of  storage type : DISK and capacity : 1482555576320
2019-08-28 15:28:30,273 [main] INFO  volume.VolumeSet (VolumeSet.java:initializeVolumeSet(170)) - Added Volume : /workdir/hadoop-ozone/integration-test/target/test-dir/MiniOzoneClusterImpl-dff33e01-b2b8-4087-89b9-ab66c11044e2/datanode-4/data/containers/hdds to VolumeSet
2019-08-28 15:28:30,274 [main] INFO  volume.ThrottledAsyncChecker (ThrottledAsyncChecker.java:schedule(140)) - Scheduling a check for org.apache.hadoop.ozone.container.common.volume.HddsVolume@1fcef7
2019-08-28 15:28:30,274 [main] INFO  volume.HddsVolumeChecker (HddsVolumeChecker.java:checkAllVolumes(203)) - Scheduled health check for volume org.apache.hadoop.ozone.container.common.volume.HddsVolume@1fcef7
2019-08-28 15:28:30,288 [main] INFO  impl.RaftServerProxy (ConfUtils.java:logGet(43)) - raft.rpc.type = GRPC (default)
2019-08-28 15:28:30,289 [main] INFO  grpc.GrpcFactory (GrpcFactory.java:checkPooledByteBufAllocatorUseCacheForAllThreads(45)) - PERFORMANCE WARNING: useCacheForAllThreads is true that may cause Netty to create a lot garbage objects and, as a result, trigger GC.
	It is recommended to disable useCacheForAllThreads by setting -Dorg.apache.ratis.thirdparty.io.netty.allocator.useCacheForAllThreads=false in command line.
2019-08-28 15:28:30,289 [main] INFO  grpc.GrpcConfigKeys$Server (ConfUtils.java:logGet(43)) - raft.grpc.server.port = 0 (default)
2019-08-28 15:28:30,289 [main] INFO  server.GrpcService (ConfUtils.java:logGet(43)) - raft.grpc.message.size.max = 33570816 (custom)
2019-08-28 15:28:30,289 [main] INFO  server.RaftServerConfigKeys (ConfUtils.java:logGet(43)) - raft.server.log.appender.buffer.byte-limit = 33554432 (custom)
2019-08-28 15:28:30,289 [main] INFO  server.GrpcService (ConfUtils.java:logGet(43)) - raft.grpc.flow.control.window = 1MB (=1048576) (default)
2019-08-28 15:28:30,290 [main] INFO  server.RaftServerConfigKeys (ConfUtils.java:logGet(43)) - raft.server.rpc.request.timeout = 3000ms (default)
2019-08-28 15:28:30,290 [main] INFO  server.RaftServerConfigKeys (ConfUtils.java:logGet(43)) - raft.server.storage.dir = [/workdir/hadoop-ozone/integration-test/target/test-dir/MiniOzoneClusterImpl-dff33e01-b2b8-4087-89b9-ab66c11044e2/datanode-4/data/ratis] (custom)
2019-08-28 15:28:30,290 [main] INFO  replication.SimpleContainerDownloader (SimpleContainerDownloader.java:<init>(72)) - Starting container downloader service to copy containers to replicate.
2019-08-28 15:28:30,292 [main] INFO  hdfs.DFSUtil (DFSUtil.java:httpServerTemplateForNNAndJN(1641)) - Starting Web-server for hddsDatanode at: http://0.0.0.0:0
2019-08-28 15:28:30,293 [main] INFO  server.AuthenticationFilter (AuthenticationFilter.java:constructSecretProvider(240)) - Unable to initialize FileSignerSecretProvider, falling back to use random secrets.
2019-08-28 15:28:30,293 [main] WARN  http.HttpRequestLog (HttpRequestLog.java:getRequestLog(97)) - Jetty request log can only be enabled using Log4j
2019-08-28 15:28:30,294 [main] INFO  http.HttpServer2 (HttpServer2.java:addGlobalFilter(975)) - Added global filter 'safety' (class=org.apache.hadoop.http.HttpServer2$QuotingInputFilter)
2019-08-28 15:28:30,295 [main] INFO  http.HttpServer2 (HttpServer2.java:addFilter(948)) - Added filter static_user_filter (class=org.apache.hadoop.http.lib.StaticUserWebFilter$StaticUserFilter) to context hddsDatanode
2019-08-28 15:28:30,295 [main] INFO  http.HttpServer2 (HttpServer2.java:addFilter(958)) - Added filter static_user_filter (class=org.apache.hadoop.http.lib.StaticUserWebFilter$StaticUserFilter) to context logs
2019-08-28 15:28:30,295 [main] INFO  http.HttpServer2 (HttpServer2.java:addFilter(958)) - Added filter static_user_filter (class=org.apache.hadoop.http.lib.StaticUserWebFilter$StaticUserFilter) to context static
2019-08-28 15:28:30,296 [main] INFO  http.HttpServer2 (HttpServer2.java:bindListener(1191)) - Jetty bound to port 34346
2019-08-28 15:28:30,296 [main] INFO  server.Server (Server.java:doStart(351)) - jetty-9.3.24.v20180605, build timestamp: 2018-06-05T17:11:56Z, git hash: 84205aa28f11a4f31f2a3b86d1bba2cc8ab69827
2019-08-28 15:28:30,298 [main] INFO  handler.ContextHandler (ContextHandler.java:doStart(781)) - Started o.e.j.s.ServletContextHandler@18ac2dfe{/logs,file:///workdir/hadoop-ozone/integration-test/target/log,AVAILABLE}
2019-08-28 15:28:30,298 [main] INFO  handler.ContextHandler (ContextHandler.java:doStart(781)) - Started o.e.j.s.ServletContextHandler@a824f87{/static,jar:file:/home/user/.m2/repository/org/apache/hadoop/hadoop-hdds-container-service/0.5.0-SNAPSHOT/hadoop-hdds-container-service-0.5.0-SNAPSHOT.jar!/webapps/static,AVAILABLE}
2019-08-28 15:28:30,326 [main] INFO  handler.ContextHandler (ContextHandler.java:doStart(781)) - Started o.e.j.w.WebAppContext@5910c67e{/,file:///tmp/jetty-0.0.0.0-34346-hddsDatanode-_-any-569103942260721723.dir/webapp/,AVAILABLE}{/hddsDatanode}
2019-08-28 15:28:30,326 [main] INFO  server.AbstractConnector (AbstractConnector.java:doStart(278)) - Started ServerConnector@1967c032{HTTP/1.1,[http/1.1]}{0.0.0.0:34346}
2019-08-28 15:28:30,326 [main] INFO  server.Server (Server.java:doStart(419)) - Started @542716ms
2019-08-28 15:28:30,328 [main] INFO  server.BaseHttpServer (BaseHttpServer.java:updateConnectorAddress(213)) - HTTP server of HDDSDATANODE is listening at http://0.0.0.0:34346
2019-08-28 15:28:30,441 | INFO  | ObjectStoreRestHttpServer | Listening HDDS REST traffic on /0.0.0.0:41061 |  
2019-08-28 15:28:30,441 [main] INFO  ozone.HddsDatanodeService (HddsDatanodeService.java:startPlugins(395)) - Started plug-in org.apache.hadoop.ozone.web.OzoneHddsDatanodeService@5d956649
2019-08-28 15:28:30,441 [main] INFO  impl.MetricsSystemImpl (MetricsSystemImpl.java:init(158)) - HddsDatanode metrics system started (again)
2019-08-28 15:28:30,445 [org.apache.hadoop.util.JvmPauseMonitor$Monitor@7fb8055c] INFO  util.JvmPauseMonitor (JvmPauseMonitor.java:run(188)) - Starting JVM pause monitor
2019-08-28 15:28:30,445 [main] INFO  ozone.HddsDatanodeService (HddsDatanodeService.java:start(184)) - HddsDatanodeService host:pr-hdds-1950-8p5ww-60544353 ip:192.168.5.160
2019-08-28 15:28:30,446 [Datanode State Machine Thread - 0] INFO  datanode.InitDatanodeState (InitDatanodeState.java:persistContainerDatanodeDetails(140)) - DatanodeDetails is persisted to /workdir/hadoop-ozone/integration-test/target/test-dir/MiniOzoneClusterImpl-dff33e01-b2b8-4087-89b9-ab66c11044e2/datanode-4/meta/datanode.id
2019-08-28 15:28:30,455 [main] INFO  volume.HddsVolume (HddsVolume.java:<init>(176)) - Creating Volume: /workdir/hadoop-ozone/integration-test/target/test-dir/MiniOzoneClusterImpl-dff33e01-b2b8-4087-89b9-ab66c11044e2/datanode-5/data/containers/hdds of  storage type : DISK and capacity : 1482555576320
2019-08-28 15:28:30,456 [main] INFO  volume.VolumeSet (VolumeSet.java:initializeVolumeSet(170)) - Added Volume : /workdir/hadoop-ozone/integration-test/target/test-dir/MiniOzoneClusterImpl-dff33e01-b2b8-4087-89b9-ab66c11044e2/datanode-5/data/containers/hdds to VolumeSet
2019-08-28 15:28:30,456 [main] INFO  volume.ThrottledAsyncChecker (ThrottledAsyncChecker.java:schedule(140)) - Scheduling a check for org.apache.hadoop.ozone.container.common.volume.HddsVolume@4951dc8c
2019-08-28 15:28:30,456 [main] INFO  volume.HddsVolumeChecker (HddsVolumeChecker.java:checkAllVolumes(203)) - Scheduled health check for volume org.apache.hadoop.ozone.container.common.volume.HddsVolume@4951dc8c
2019-08-28 15:28:30,469 [main] INFO  impl.RaftServerProxy (ConfUtils.java:logGet(43)) - raft.rpc.type = GRPC (default)
2019-08-28 15:28:30,469 [main] INFO  grpc.GrpcFactory (GrpcFactory.java:checkPooledByteBufAllocatorUseCacheForAllThreads(45)) - PERFORMANCE WARNING: useCacheForAllThreads is true that may cause Netty to create a lot garbage objects and, as a result, trigger GC.
	It is recommended to disable useCacheForAllThreads by setting -Dorg.apache.ratis.thirdparty.io.netty.allocator.useCacheForAllThreads=false in command line.
2019-08-28 15:28:30,469 [main] INFO  grpc.GrpcConfigKeys$Server (ConfUtils.java:logGet(43)) - raft.grpc.server.port = 0 (default)
2019-08-28 15:28:30,470 [main] INFO  server.GrpcService (ConfUtils.java:logGet(43)) - raft.grpc.message.size.max = 33570816 (custom)
2019-08-28 15:28:30,470 [main] INFO  server.RaftServerConfigKeys (ConfUtils.java:logGet(43)) - raft.server.log.appender.buffer.byte-limit = 33554432 (custom)
2019-08-28 15:28:30,470 [main] INFO  server.GrpcService (ConfUtils.java:logGet(43)) - raft.grpc.flow.control.window = 1MB (=1048576) (default)
2019-08-28 15:28:30,470 [main] INFO  server.RaftServerConfigKeys (ConfUtils.java:logGet(43)) - raft.server.rpc.request.timeout = 3000ms (default)
2019-08-28 15:28:30,470 [main] INFO  server.RaftServerConfigKeys (ConfUtils.java:logGet(43)) - raft.server.storage.dir = [/workdir/hadoop-ozone/integration-test/target/test-dir/MiniOzoneClusterImpl-dff33e01-b2b8-4087-89b9-ab66c11044e2/datanode-5/data/ratis] (custom)
2019-08-28 15:28:30,471 [main] INFO  replication.SimpleContainerDownloader (SimpleContainerDownloader.java:<init>(72)) - Starting container downloader service to copy containers to replicate.
2019-08-28 15:28:30,472 [main] INFO  hdfs.DFSUtil (DFSUtil.java:httpServerTemplateForNNAndJN(1641)) - Starting Web-server for hddsDatanode at: http://0.0.0.0:0
2019-08-28 15:28:30,473 [main] INFO  server.AuthenticationFilter (AuthenticationFilter.java:constructSecretProvider(240)) - Unable to initialize FileSignerSecretProvider, falling back to use random secrets.
2019-08-28 15:28:30,473 [main] WARN  http.HttpRequestLog (HttpRequestLog.java:getRequestLog(97)) - Jetty request log can only be enabled using Log4j
2019-08-28 15:28:30,475 [main] INFO  http.HttpServer2 (HttpServer2.java:addGlobalFilter(975)) - Added global filter 'safety' (class=org.apache.hadoop.http.HttpServer2$QuotingInputFilter)
2019-08-28 15:28:30,475 [main] INFO  http.HttpServer2 (HttpServer2.java:addFilter(948)) - Added filter static_user_filter (class=org.apache.hadoop.http.lib.StaticUserWebFilter$StaticUserFilter) to context hddsDatanode
2019-08-28 15:28:30,475 [main] INFO  http.HttpServer2 (HttpServer2.java:addFilter(958)) - Added filter static_user_filter (class=org.apache.hadoop.http.lib.StaticUserWebFilter$StaticUserFilter) to context static
2019-08-28 15:28:30,475 [main] INFO  http.HttpServer2 (HttpServer2.java:addFilter(958)) - Added filter static_user_filter (class=org.apache.hadoop.http.lib.StaticUserWebFilter$StaticUserFilter) to context logs
2019-08-28 15:28:30,476 [main] INFO  http.HttpServer2 (HttpServer2.java:bindListener(1191)) - Jetty bound to port 33492
2019-08-28 15:28:30,476 [main] INFO  server.Server (Server.java:doStart(351)) - jetty-9.3.24.v20180605, build timestamp: 2018-06-05T17:11:56Z, git hash: 84205aa28f11a4f31f2a3b86d1bba2cc8ab69827
2019-08-28 15:28:30,477 [main] INFO  handler.ContextHandler (ContextHandler.java:doStart(781)) - Started o.e.j.s.ServletContextHandler@4fd2b418{/logs,file:///workdir/hadoop-ozone/integration-test/target/log,AVAILABLE}
2019-08-28 15:28:30,478 [main] INFO  handler.ContextHandler (ContextHandler.java:doStart(781)) - Started o.e.j.s.ServletContextHandler@48c5a07d{/static,jar:file:/home/user/.m2/repository/org/apache/hadoop/hadoop-hdds-container-service/0.5.0-SNAPSHOT/hadoop-hdds-container-service-0.5.0-SNAPSHOT.jar!/webapps/static,AVAILABLE}
2019-08-28 15:28:30,505 [main] INFO  handler.ContextHandler (ContextHandler.java:doStart(781)) - Started o.e.j.w.WebAppContext@441a2d52{/,file:///tmp/jetty-0.0.0.0-33492-hddsDatanode-_-any-4837274513942157306.dir/webapp/,AVAILABLE}{/hddsDatanode}
2019-08-28 15:28:30,505 [main] INFO  server.AbstractConnector (AbstractConnector.java:doStart(278)) - Started ServerConnector@204b1903{HTTP/1.1,[http/1.1]}{0.0.0.0:33492}
2019-08-28 15:28:30,506 [main] INFO  server.Server (Server.java:doStart(419)) - Started @542896ms
2019-08-28 15:28:30,507 [main] INFO  server.BaseHttpServer (BaseHttpServer.java:updateConnectorAddress(213)) - HTTP server of HDDSDATANODE is listening at http://0.0.0.0:33492
2019-08-28 15:28:30,621 | INFO  | ObjectStoreRestHttpServer | Listening HDDS REST traffic on /0.0.0.0:39505 |  
2019-08-28 15:28:30,621 [main] INFO  ozone.HddsDatanodeService (HddsDatanodeService.java:startPlugins(395)) - Started plug-in org.apache.hadoop.ozone.web.OzoneHddsDatanodeService@74ee8f57
2019-08-28 15:28:30,622 [main] INFO  impl.MetricsSystemImpl (MetricsSystemImpl.java:init(158)) - HddsDatanode metrics system started (again)
2019-08-28 15:28:30,626 [org.apache.hadoop.util.JvmPauseMonitor$Monitor@605b758b] INFO  util.JvmPauseMonitor (JvmPauseMonitor.java:run(188)) - Starting JVM pause monitor
2019-08-28 15:28:30,626 [main] INFO  ozone.HddsDatanodeService (HddsDatanodeService.java:start(184)) - HddsDatanodeService host:pr-hdds-1950-8p5ww-60544353 ip:192.168.5.160
2019-08-28 15:28:30,627 [Datanode State Machine Thread - 0] INFO  datanode.InitDatanodeState (InitDatanodeState.java:persistContainerDatanodeDetails(140)) - DatanodeDetails is persisted to /workdir/hadoop-ozone/integration-test/target/test-dir/MiniOzoneClusterImpl-dff33e01-b2b8-4087-89b9-ab66c11044e2/datanode-5/meta/datanode.id
2019-08-28 15:28:30,638 [main] INFO  volume.HddsVolume (HddsVolume.java:<init>(176)) - Creating Volume: /workdir/hadoop-ozone/integration-test/target/test-dir/MiniOzoneClusterImpl-dff33e01-b2b8-4087-89b9-ab66c11044e2/datanode-6/data/containers/hdds of  storage type : DISK and capacity : 1482555576320
2019-08-28 15:28:30,638 [main] INFO  volume.VolumeSet (VolumeSet.java:initializeVolumeSet(170)) - Added Volume : /workdir/hadoop-ozone/integration-test/target/test-dir/MiniOzoneClusterImpl-dff33e01-b2b8-4087-89b9-ab66c11044e2/datanode-6/data/containers/hdds to VolumeSet
2019-08-28 15:28:30,638 [main] INFO  volume.ThrottledAsyncChecker (ThrottledAsyncChecker.java:schedule(140)) - Scheduling a check for org.apache.hadoop.ozone.container.common.volume.HddsVolume@7f0b32c0
2019-08-28 15:28:30,638 [main] INFO  volume.HddsVolumeChecker (HddsVolumeChecker.java:checkAllVolumes(203)) - Scheduled health check for volume org.apache.hadoop.ozone.container.common.volume.HddsVolume@7f0b32c0
2019-08-28 15:28:30,654 [main] INFO  impl.RaftServerProxy (ConfUtils.java:logGet(43)) - raft.rpc.type = GRPC (default)
2019-08-28 15:28:30,654 [main] INFO  grpc.GrpcFactory (GrpcFactory.java:checkPooledByteBufAllocatorUseCacheForAllThreads(45)) - PERFORMANCE WARNING: useCacheForAllThreads is true that may cause Netty to create a lot garbage objects and, as a result, trigger GC.
	It is recommended to disable useCacheForAllThreads by setting -Dorg.apache.ratis.thirdparty.io.netty.allocator.useCacheForAllThreads=false in command line.
2019-08-28 15:28:30,654 [main] INFO  grpc.GrpcConfigKeys$Server (ConfUtils.java:logGet(43)) - raft.grpc.server.port = 0 (default)
2019-08-28 15:28:30,654 [main] INFO  server.GrpcService (ConfUtils.java:logGet(43)) - raft.grpc.message.size.max = 33570816 (custom)
2019-08-28 15:28:30,654 [main] INFO  server.RaftServerConfigKeys (ConfUtils.java:logGet(43)) - raft.server.log.appender.buffer.byte-limit = 33554432 (custom)
2019-08-28 15:28:30,654 [main] INFO  server.GrpcService (ConfUtils.java:logGet(43)) - raft.grpc.flow.control.window = 1MB (=1048576) (default)
2019-08-28 15:28:30,655 [main] INFO  server.RaftServerConfigKeys (ConfUtils.java:logGet(43)) - raft.server.rpc.request.timeout = 3000ms (default)
2019-08-28 15:28:30,655 [main] INFO  server.RaftServerConfigKeys (ConfUtils.java:logGet(43)) - raft.server.storage.dir = [/workdir/hadoop-ozone/integration-test/target/test-dir/MiniOzoneClusterImpl-dff33e01-b2b8-4087-89b9-ab66c11044e2/datanode-6/data/ratis] (custom)
2019-08-28 15:28:30,655 [main] INFO  replication.SimpleContainerDownloader (SimpleContainerDownloader.java:<init>(72)) - Starting container downloader service to copy containers to replicate.
2019-08-28 15:28:30,656 [main] INFO  hdfs.DFSUtil (DFSUtil.java:httpServerTemplateForNNAndJN(1641)) - Starting Web-server for hddsDatanode at: http://0.0.0.0:0
2019-08-28 15:28:30,658 [main] INFO  server.AuthenticationFilter (AuthenticationFilter.java:constructSecretProvider(240)) - Unable to initialize FileSignerSecretProvider, falling back to use random secrets.
2019-08-28 15:28:30,658 [main] WARN  http.HttpRequestLog (HttpRequestLog.java:getRequestLog(97)) - Jetty request log can only be enabled using Log4j
2019-08-28 15:28:30,660 [main] INFO  http.HttpServer2 (HttpServer2.java:addGlobalFilter(975)) - Added global filter 'safety' (class=org.apache.hadoop.http.HttpServer2$QuotingInputFilter)
2019-08-28 15:28:30,661 [main] INFO  http.HttpServer2 (HttpServer2.java:addFilter(948)) - Added filter static_user_filter (class=org.apache.hadoop.http.lib.StaticUserWebFilter$StaticUserFilter) to context hddsDatanode
2019-08-28 15:28:30,661 [main] INFO  http.HttpServer2 (HttpServer2.java:addFilter(958)) - Added filter static_user_filter (class=org.apache.hadoop.http.lib.StaticUserWebFilter$StaticUserFilter) to context static
2019-08-28 15:28:30,661 [main] INFO  http.HttpServer2 (HttpServer2.java:addFilter(958)) - Added filter static_user_filter (class=org.apache.hadoop.http.lib.StaticUserWebFilter$StaticUserFilter) to context logs
2019-08-28 15:28:30,662 [main] INFO  http.HttpServer2 (HttpServer2.java:bindListener(1191)) - Jetty bound to port 34636
2019-08-28 15:28:30,663 [main] INFO  server.Server (Server.java:doStart(351)) - jetty-9.3.24.v20180605, build timestamp: 2018-06-05T17:11:56Z, git hash: 84205aa28f11a4f31f2a3b86d1bba2cc8ab69827
2019-08-28 15:28:30,665 [main] INFO  handler.ContextHandler (ContextHandler.java:doStart(781)) - Started o.e.j.s.ServletContextHandler@10ef09e3{/logs,file:///workdir/hadoop-ozone/integration-test/target/log,AVAILABLE}
2019-08-28 15:28:30,665 [main] INFO  handler.ContextHandler (ContextHandler.java:doStart(781)) - Started o.e.j.s.ServletContextHandler@43815bc{/static,jar:file:/home/user/.m2/repository/org/apache/hadoop/hadoop-hdds-container-service/0.5.0-SNAPSHOT/hadoop-hdds-container-service-0.5.0-SNAPSHOT.jar!/webapps/static,AVAILABLE}
2019-08-28 15:28:30,706 [main] INFO  handler.ContextHandler (ContextHandler.java:doStart(781)) - Started o.e.j.w.WebAppContext@1cda3a6d{/,file:///tmp/jetty-0.0.0.0-34636-hddsDatanode-_-any-8262455789377704220.dir/webapp/,AVAILABLE}{/hddsDatanode}
2019-08-28 15:28:30,706 [main] INFO  server.AbstractConnector (AbstractConnector.java:doStart(278)) - Started ServerConnector@4fda9fde{HTTP/1.1,[http/1.1]}{0.0.0.0:34636}
2019-08-28 15:28:30,711 [main] INFO  server.Server (Server.java:doStart(419)) - Started @543101ms
2019-08-28 15:28:30,712 [main] INFO  server.BaseHttpServer (BaseHttpServer.java:updateConnectorAddress(213)) - HTTP server of HDDSDATANODE is listening at http://0.0.0.0:34636
2019-08-28 15:28:30,853 | INFO  | ObjectStoreRestHttpServer | Listening HDDS REST traffic on /0.0.0.0:44553 |  
2019-08-28 15:28:30,853 [main] INFO  ozone.HddsDatanodeService (HddsDatanodeService.java:startPlugins(395)) - Started plug-in org.apache.hadoop.ozone.web.OzoneHddsDatanodeService@5fb4870b
2019-08-28 15:28:30,854 [main] INFO  ozone.MiniOzoneClusterImpl (MiniOzoneClusterImpl.java:lambda$waitForClusterToBeReady$0(142)) - Waiting for cluster to be ready. Got 0 of 7 DN Heartbeats.
2019-08-28 15:28:30,855 [org.apache.hadoop.util.JvmPauseMonitor$Monitor@4156fc0c] INFO  util.JvmPauseMonitor (JvmPauseMonitor.java:run(188)) - Starting JVM pause monitor
2019-08-28 15:28:30,857 [Datanode State Machine Thread - 0] INFO  datanode.InitDatanodeState (InitDatanodeState.java:persistContainerDatanodeDetails(140)) - DatanodeDetails is persisted to /workdir/hadoop-ozone/integration-test/target/test-dir/MiniOzoneClusterImpl-dff33e01-b2b8-4087-89b9-ab66c11044e2/datanode-6/meta/datanode.id
2019-08-28 15:28:31,563 | INFO  | SCMAudit | user=jenkins1000 | ip=192.168.5.160 | op=GET_VERSION null | ret=SUCCESS |  
2019-08-28 15:28:31,582 [Datanode State Machine Thread - 0] INFO  ozoneimpl.OzoneContainer (OzoneContainer.java:start(186)) - Attempting to start container services.
2019-08-28 15:28:31,582 [Datanode State Machine Thread - 0] INFO  ozoneimpl.OzoneContainer (OzoneContainer.java:startContainerScrub(160)) - Background container scrubber has been disabled by hdds.containerscrub.enabled
2019-08-28 15:28:31,582 [Datanode State Machine Thread - 0] INFO  ratis.XceiverServerRatis (XceiverServerRatis.java:start(404)) - Starting XceiverServerRatis e083f44d-f6d5-42ec-804b-f102740a8909 at port 0
2019-08-28 15:28:31,588 [Datanode State Machine Thread - 0] INFO  impl.RaftServerProxy (RaftServerProxy.java:lambda$start$3(299)) - e083f44d-f6d5-42ec-804b-f102740a8909: start RPC server
2019-08-28 15:28:31,589 [Datanode State Machine Thread - 0] INFO  server.GrpcService (GrpcService.java:startImpl(149)) - e083f44d-f6d5-42ec-804b-f102740a8909: GrpcService started, listening on 0.0.0.0/0.0.0.0:44911
2019-08-28 15:28:31,590 [Datanode State Machine Thread - 0] INFO  ratis.XceiverServerRatis (XceiverServerRatis.java:start(414)) - XceiverServerRatis e083f44d-f6d5-42ec-804b-f102740a8909 is started using port 44911
2019-08-28 15:28:31,590 [Datanode State Machine Thread - 0] INFO  server.XceiverServerGrpc (XceiverServerGrpc.java:start(161)) - XceiverServerGrpc e083f44d-f6d5-42ec-804b-f102740a8909 is started using port 39966
2019-08-28 15:28:31,721 | INFO  | SCMAudit | user=jenkins1000 | ip=192.168.5.160 | op=GET_VERSION null | ret=SUCCESS |  
2019-08-28 15:28:31,737 [Datanode State Machine Thread - 0] INFO  ozoneimpl.OzoneContainer (OzoneContainer.java:start(186)) - Attempting to start container services.
2019-08-28 15:28:31,738 [Datanode State Machine Thread - 0] INFO  ozoneimpl.OzoneContainer (OzoneContainer.java:startContainerScrub(160)) - Background container scrubber has been disabled by hdds.containerscrub.enabled
2019-08-28 15:28:31,738 [Datanode State Machine Thread - 0] INFO  ratis.XceiverServerRatis (XceiverServerRatis.java:start(404)) - Starting XceiverServerRatis c88de438-deef-4f9f-8cec-a54281b0c8d4 at port 0
2019-08-28 15:28:31,744 [Datanode State Machine Thread - 0] INFO  impl.RaftServerProxy (RaftServerProxy.java:lambda$start$3(299)) - c88de438-deef-4f9f-8cec-a54281b0c8d4: start RPC server
2019-08-28 15:28:31,745 [Datanode State Machine Thread - 0] INFO  server.GrpcService (GrpcService.java:startImpl(149)) - c88de438-deef-4f9f-8cec-a54281b0c8d4: GrpcService started, listening on 0.0.0.0/0.0.0.0:43383
2019-08-28 15:28:31,746 [Datanode State Machine Thread - 0] INFO  ratis.XceiverServerRatis (XceiverServerRatis.java:start(414)) - XceiverServerRatis c88de438-deef-4f9f-8cec-a54281b0c8d4 is started using port 43383
2019-08-28 15:28:31,752 [Datanode State Machine Thread - 0] INFO  server.XceiverServerGrpc (XceiverServerGrpc.java:start(161)) - XceiverServerGrpc c88de438-deef-4f9f-8cec-a54281b0c8d4 is started using port 35260
2019-08-28 15:28:31,854 [main] INFO  ozone.MiniOzoneClusterImpl (MiniOzoneClusterImpl.java:lambda$waitForClusterToBeReady$0(142)) - Waiting for cluster to be ready. Got 0 of 7 DN Heartbeats.
2019-08-28 15:28:31,882 | INFO  | SCMAudit | user=jenkins1000 | ip=192.168.5.160 | op=GET_VERSION null | ret=SUCCESS |  
2019-08-28 15:28:31,903 [Datanode State Machine Thread - 0] INFO  ozoneimpl.OzoneContainer (OzoneContainer.java:start(186)) - Attempting to start container services.
2019-08-28 15:28:31,903 [Datanode State Machine Thread - 0] INFO  ozoneimpl.OzoneContainer (OzoneContainer.java:startContainerScrub(160)) - Background container scrubber has been disabled by hdds.containerscrub.enabled
2019-08-28 15:28:31,903 [Datanode State Machine Thread - 0] INFO  ratis.XceiverServerRatis (XceiverServerRatis.java:start(404)) - Starting XceiverServerRatis a5b00b79-c734-41b7-9619-32717c8abca8 at port 0
2019-08-28 15:28:31,910 [Datanode State Machine Thread - 0] INFO  impl.RaftServerProxy (RaftServerProxy.java:lambda$start$3(299)) - a5b00b79-c734-41b7-9619-32717c8abca8: start RPC server
2019-08-28 15:28:31,910 [Datanode State Machine Thread - 0] INFO  server.GrpcService (GrpcService.java:startImpl(149)) - a5b00b79-c734-41b7-9619-32717c8abca8: GrpcService started, listening on 0.0.0.0/0.0.0.0:36297
2019-08-28 15:28:31,910 [Datanode State Machine Thread - 0] INFO  ratis.XceiverServerRatis (XceiverServerRatis.java:start(414)) - XceiverServerRatis a5b00b79-c734-41b7-9619-32717c8abca8 is started using port 36297
2019-08-28 15:28:31,911 [Datanode State Machine Thread - 0] INFO  server.XceiverServerGrpc (XceiverServerGrpc.java:start(161)) - XceiverServerGrpc a5b00b79-c734-41b7-9619-32717c8abca8 is started using port 39986
2019-08-28 15:28:32,263 | INFO  | SCMAudit | user=jenkins1000 | ip=192.168.5.160 | op=GET_VERSION null | ret=SUCCESS |  
2019-08-28 15:28:32,278 [Datanode State Machine Thread - 0] INFO  ozoneimpl.OzoneContainer (OzoneContainer.java:start(186)) - Attempting to start container services.
2019-08-28 15:28:32,278 [Datanode State Machine Thread - 0] INFO  ozoneimpl.OzoneContainer (OzoneContainer.java:startContainerScrub(160)) - Background container scrubber has been disabled by hdds.containerscrub.enabled
2019-08-28 15:28:32,278 [Datanode State Machine Thread - 0] INFO  ratis.XceiverServerRatis (XceiverServerRatis.java:start(404)) - Starting XceiverServerRatis 96ef22e8-7a4e-4fe1-adeb-c5b0ceb08246 at port 0
2019-08-28 15:28:32,283 [Datanode State Machine Thread - 0] INFO  impl.RaftServerProxy (RaftServerProxy.java:lambda$start$3(299)) - 96ef22e8-7a4e-4fe1-adeb-c5b0ceb08246: start RPC server
2019-08-28 15:28:32,286 [Datanode State Machine Thread - 0] INFO  server.GrpcService (GrpcService.java:startImpl(149)) - 96ef22e8-7a4e-4fe1-adeb-c5b0ceb08246: GrpcService started, listening on 0.0.0.0/0.0.0.0:36090
2019-08-28 15:28:32,286 [Datanode State Machine Thread - 0] INFO  ratis.XceiverServerRatis (XceiverServerRatis.java:start(414)) - XceiverServerRatis 96ef22e8-7a4e-4fe1-adeb-c5b0ceb08246 is started using port 36090
2019-08-28 15:28:32,286 [Datanode State Machine Thread - 0] INFO  server.XceiverServerGrpc (XceiverServerGrpc.java:start(161)) - XceiverServerGrpc 96ef22e8-7a4e-4fe1-adeb-c5b0ceb08246 is started using port 44546
2019-08-28 15:28:32,445 | INFO  | SCMAudit | user=jenkins1000 | ip=192.168.5.160 | op=GET_VERSION null | ret=SUCCESS |  
2019-08-28 15:28:32,459 [Datanode State Machine Thread - 0] INFO  ozoneimpl.OzoneContainer (OzoneContainer.java:start(186)) - Attempting to start container services.
2019-08-28 15:28:32,459 [Datanode State Machine Thread - 0] INFO  ozoneimpl.OzoneContainer (OzoneContainer.java:startContainerScrub(160)) - Background container scrubber has been disabled by hdds.containerscrub.enabled
2019-08-28 15:28:32,459 [Datanode State Machine Thread - 0] INFO  ratis.XceiverServerRatis (XceiverServerRatis.java:start(404)) - Starting XceiverServerRatis c9e8e19f-54bf-4369-bbaf-73beb462e187 at port 0
2019-08-28 15:28:32,466 [Datanode State Machine Thread - 0] INFO  impl.RaftServerProxy (RaftServerProxy.java:lambda$start$3(299)) - c9e8e19f-54bf-4369-bbaf-73beb462e187: start RPC server
2019-08-28 15:28:32,469 [Datanode State Machine Thread - 0] INFO  server.GrpcService (GrpcService.java:startImpl(149)) - c9e8e19f-54bf-4369-bbaf-73beb462e187: GrpcService started, listening on 0.0.0.0/0.0.0.0:42176
2019-08-28 15:28:32,469 [Datanode State Machine Thread - 0] INFO  ratis.XceiverServerRatis (XceiverServerRatis.java:start(414)) - XceiverServerRatis c9e8e19f-54bf-4369-bbaf-73beb462e187 is started using port 42176
2019-08-28 15:28:32,471 [Datanode State Machine Thread - 0] INFO  server.XceiverServerGrpc (XceiverServerGrpc.java:start(161)) - XceiverServerGrpc c9e8e19f-54bf-4369-bbaf-73beb462e187 is started using port 33197
2019-08-28 15:28:32,626 | INFO  | SCMAudit | user=jenkins1000 | ip=192.168.5.160 | op=GET_VERSION null | ret=SUCCESS |  
2019-08-28 15:28:32,641 [Datanode State Machine Thread - 0] INFO  ozoneimpl.OzoneContainer (OzoneContainer.java:start(186)) - Attempting to start container services.
2019-08-28 15:28:32,641 [Datanode State Machine Thread - 0] INFO  ozoneimpl.OzoneContainer (OzoneContainer.java:startContainerScrub(160)) - Background container scrubber has been disabled by hdds.containerscrub.enabled
2019-08-28 15:28:32,641 [Datanode State Machine Thread - 0] INFO  ratis.XceiverServerRatis (XceiverServerRatis.java:start(404)) - Starting XceiverServerRatis 042a280f-dfd9-45c4-b133-20205c7d6255 at port 0
2019-08-28 15:28:32,647 [Datanode State Machine Thread - 0] INFO  impl.RaftServerProxy (RaftServerProxy.java:lambda$start$3(299)) - 042a280f-dfd9-45c4-b133-20205c7d6255: start RPC server
2019-08-28 15:28:32,651 [Datanode State Machine Thread - 0] INFO  server.GrpcService (GrpcService.java:startImpl(149)) - 042a280f-dfd9-45c4-b133-20205c7d6255: GrpcService started, listening on 0.0.0.0/0.0.0.0:44769
2019-08-28 15:28:32,651 [Datanode State Machine Thread - 0] INFO  ratis.XceiverServerRatis (XceiverServerRatis.java:start(414)) - XceiverServerRatis 042a280f-dfd9-45c4-b133-20205c7d6255 is started using port 44769
2019-08-28 15:28:32,651 [Datanode State Machine Thread - 0] INFO  server.XceiverServerGrpc (XceiverServerGrpc.java:start(161)) - XceiverServerGrpc 042a280f-dfd9-45c4-b133-20205c7d6255 is started using port 45312
2019-08-28 15:28:32,855 [main] INFO  ozone.MiniOzoneClusterImpl (MiniOzoneClusterImpl.java:lambda$waitForClusterToBeReady$0(142)) - Waiting for cluster to be ready. Got 0 of 7 DN Heartbeats.
2019-08-28 15:28:32,856 | INFO  | SCMAudit | user=jenkins1000 | ip=192.168.5.160 | op=GET_VERSION null | ret=SUCCESS |  
2019-08-28 15:28:32,871 [Datanode State Machine Thread - 0] INFO  ozoneimpl.OzoneContainer (OzoneContainer.java:start(186)) - Attempting to start container services.
2019-08-28 15:28:32,871 [Datanode State Machine Thread - 0] INFO  ozoneimpl.OzoneContainer (OzoneContainer.java:startContainerScrub(160)) - Background container scrubber has been disabled by hdds.containerscrub.enabled
2019-08-28 15:28:32,871 [Datanode State Machine Thread - 0] INFO  ratis.XceiverServerRatis (XceiverServerRatis.java:start(404)) - Starting XceiverServerRatis a6c0da75-1d5f-401d-9e51-895df67a2909 at port 0
2019-08-28 15:28:32,879 [Datanode State Machine Thread - 0] INFO  impl.RaftServerProxy (RaftServerProxy.java:lambda$start$3(299)) - a6c0da75-1d5f-401d-9e51-895df67a2909: start RPC server
2019-08-28 15:28:32,880 [Datanode State Machine Thread - 0] INFO  server.GrpcService (GrpcService.java:startImpl(149)) - a6c0da75-1d5f-401d-9e51-895df67a2909: GrpcService started, listening on 0.0.0.0/0.0.0.0:45751
2019-08-28 15:28:32,880 [Datanode State Machine Thread - 0] INFO  ratis.XceiverServerRatis (XceiverServerRatis.java:start(414)) - XceiverServerRatis a6c0da75-1d5f-401d-9e51-895df67a2909 is started using port 45751
2019-08-28 15:28:32,884 [Datanode State Machine Thread - 0] INFO  server.XceiverServerGrpc (XceiverServerGrpc.java:start(161)) - XceiverServerGrpc a6c0da75-1d5f-401d-9e51-895df67a2909 is started using port 36740
2019-08-28 15:28:33,562 [IPC Server handler 0 on 35023] INFO  net.NetworkTopology (NetworkTopologyImpl.java:add(110)) - Added a new node: /default-rack/e083f44d-f6d5-42ec-804b-f102740a8909
2019-08-28 15:28:33,562 [IPC Server handler 0 on 35023] INFO  node.SCMNodeManager (SCMNodeManager.java:register(273)) - Registered Data node : e083f44d-f6d5-42ec-804b-f102740a8909{ip: 192.168.5.160, host: pr-hdds-1950-8p5ww-60544353, networkLocation: /default-rack, certSerialId: null}
2019-08-28 15:28:33,565 | INFO  | SCMAudit | user=jenkins1000 | ip=192.168.5.160 | op=REGISTER {datanodeDetails=e083f44d-f6d5-42ec-804b-f102740a8909{ip: 192.168.5.160, host: pr-hdds-1950-8p5ww-60544353, networkLocation: /default-rack, certSerialId: null}} | ret=SUCCESS |  
2019-08-28 15:28:33,565 [EventQueue-NodeRegistrationContainerReportForDataNodeSafeModeRule] INFO  safemode.SCMSafeModeManager (DataNodeSafeModeRule.java:process(71)) - SCM in safe mode. 1 DataNodes registered, 1 required.
2019-08-28 15:28:33,566 [EventQueue-NodeRegistrationContainerReportForDataNodeSafeModeRule] INFO  safemode.SCMSafeModeManager (SCMSafeModeManager.java:validateSafeModeExitRules(177)) - ScmSafeModeManager, all rules are successfully validated
2019-08-28 15:28:33,567 [EventQueue-NodeRegistrationContainerReportForDataNodeSafeModeRule] INFO  safemode.SCMSafeModeManager (SCMSafeModeManager.java:exitSafeMode(193)) - SCM exiting safe mode.
2019-08-28 15:28:33,577 [grpc-default-executor-6] INFO  impl.RaftServerProxy (RaftServerProxy.java:addNew(89)) - e083f44d-f6d5-42ec-804b-f102740a8909: addNew group-8D824C3C23D7:[e083f44d-f6d5-42ec-804b-f102740a8909:192.168.5.160:44911] returns group-8D824C3C23D7:java.util.concurrent.CompletableFuture@1d968f7e[Not completed]
2019-08-28 15:28:33,579 [pool-439-thread-1] INFO  impl.RaftServerImpl (RaftServerImpl.java:<init>(93)) - e083f44d-f6d5-42ec-804b-f102740a8909: new RaftServerImpl for group-8D824C3C23D7:[e083f44d-f6d5-42ec-804b-f102740a8909:192.168.5.160:44911] with ContainerStateMachine:uninitialized
2019-08-28 15:28:33,579 [pool-439-thread-1] INFO  server.RaftServerConfigKeys (ConfUtils.java:logGet(43)) - raft.server.rpc.timeout.min = 5s (custom)
2019-08-28 15:28:33,579 [pool-439-thread-1] INFO  server.RaftServerConfigKeys (ConfUtils.java:logGet(43)) - raft.server.rpc.timeout.max = 5200ms (custom)
2019-08-28 15:28:33,579 [pool-439-thread-1] INFO  server.RaftServerConfigKeys (ConfUtils.java:logGet(43)) - raft.server.rpcslowness.timeout = 120s (custom)
2019-08-28 15:28:33,580 [pool-439-thread-1] INFO  server.RaftServerConfigKeys (ConfUtils.java:logGet(43)) - raft.server.sleep.deviation.threshold = 300 (default)
2019-08-28 15:28:33,580 [pool-439-thread-1] INFO  server.RaftServerConfigKeys (ConfUtils.java:logGet(43)) - raft.server.log.appender.install.snapshot.enabled = false (custom)
2019-08-28 15:28:33,580 [pool-439-thread-1] INFO  impl.RaftServerImpl (ServerState.java:<init>(105)) - e083f44d-f6d5-42ec-804b-f102740a8909:group-8D824C3C23D7 ConfigurationManager, init=-1: [e083f44d-f6d5-42ec-804b-f102740a8909:192.168.5.160:44911], old=null, confs=<EMPTY_MAP>
2019-08-28 15:28:33,580 [pool-439-thread-1] INFO  server.RaftServerConfigKeys (ConfUtils.java:logGet(43)) - raft.server.storage.dir = [/workdir/hadoop-ozone/integration-test/target/test-dir/MiniOzoneClusterImpl-dff33e01-b2b8-4087-89b9-ab66c11044e2/datanode-0/data/ratis] (custom)
2019-08-28 15:28:33,581 [pool-439-thread-1] INFO  storage.RaftStorageDirectory (RaftStorageDirectory.java:analyzeStorage(246)) - The storage directory /workdir/hadoop-ozone/integration-test/target/test-dir/MiniOzoneClusterImpl-dff33e01-b2b8-4087-89b9-ab66c11044e2/datanode-0/data/ratis/86c640cd-ff26-4215-9d95-8d824c3c23d7 does not exist. Creating ...
2019-08-28 15:28:33,598 [pool-439-thread-1] INFO  storage.RaftStorageDirectory (RaftStorageDirectory.java:tryLock(328)) - Lock on /workdir/hadoop-ozone/integration-test/target/test-dir/MiniOzoneClusterImpl-dff33e01-b2b8-4087-89b9-ab66c11044e2/datanode-0/data/ratis/86c640cd-ff26-4215-9d95-8d824c3c23d7/in_use.lock acquired by nodename 29118@pr-hdds-1950-8p5ww-60544353
2019-08-28 15:28:33,608 [pool-439-thread-1] INFO  storage.RaftStorage (RaftStorage.java:format(72)) - Storage directory /workdir/hadoop-ozone/integration-test/target/test-dir/MiniOzoneClusterImpl-dff33e01-b2b8-4087-89b9-ab66c11044e2/datanode-0/data/ratis/86c640cd-ff26-4215-9d95-8d824c3c23d7 has been successfully formatted.
2019-08-28 15:28:33,608 [pool-439-thread-1] INFO  ratis.ContainerStateMachine (ContainerStateMachine.java:loadSnapshot(226)) - group-8D824C3C23D7: The snapshot info is null. Setting the last applied indexto:(t:0, i:~)
2019-08-28 15:28:33,609 [pool-439-thread-1] INFO  server.RaftServerConfigKeys (ConfUtils.java:logGet(43)) - raft.server.leader.election.timeout = 120s (custom)
2019-08-28 15:28:33,609 [pool-439-thread-1] INFO  server.RaftServerConfigKeys (ConfUtils.java:logGet(43)) - raft.server.log.use.memory = false (default)
2019-08-28 15:28:33,609 [pool-439-thread-1] INFO  server.RaftServerConfigKeys (ConfUtils.java:logGet(43)) - raft.server.log.purge.gap = 1000000 (custom)
2019-08-28 15:28:33,609 [pool-439-thread-1] INFO  server.RaftServerConfigKeys (ConfUtils.java:logGet(43)) - raft.server.log.appender.buffer.byte-limit = 33554432 (custom)
2019-08-28 15:28:33,609 [pool-439-thread-1] INFO  server.RaftServerConfigKeys (ConfUtils.java:logGet(43)) - raft.server.log.segment.size.max = 1048576 (custom)
2019-08-28 15:28:33,609 [pool-439-thread-1] INFO  server.RaftServerConfigKeys (ConfUtils.java:logGet(43)) - raft.server.log.segment.cache.num.max = 2 (custom)
2019-08-28 15:28:33,609 [pool-439-thread-1] INFO  segmented.SegmentedRaftLogWorker (SegmentedRaftLogWorker.java:<init>(172)) - new e083f44d-f6d5-42ec-804b-f102740a8909-SegmentedRaftLogWorker:Storage Directory /workdir/hadoop-ozone/integration-test/target/test-dir/MiniOzoneClusterImpl-dff33e01-b2b8-4087-89b9-ab66c11044e2/datanode-0/data/ratis/86c640cd-ff26-4215-9d95-8d824c3c23d7 for RaftStorage:Storage Directory /workdir/hadoop-ozone/integration-test/target/test-dir/MiniOzoneClusterImpl-dff33e01-b2b8-4087-89b9-ab66c11044e2/datanode-0/data/ratis/86c640cd-ff26-4215-9d95-8d824c3c23d7
2019-08-28 15:28:33,609 [pool-439-thread-1] INFO  server.RaftServerConfigKeys (ConfUtils.java:logGet(43)) - raft.server.log.queue.byte-limit = 2147483647 (custom)
2019-08-28 15:28:33,609 [pool-439-thread-1] INFO  server.RaftServerConfigKeys (ConfUtils.java:logGet(43)) - raft.server.log.queue.element-limit = 1024 (custom)
2019-08-28 15:28:33,610 [pool-439-thread-1] INFO  server.RaftServerConfigKeys (ConfUtils.java:logGet(43)) - raft.server.log.segment.size.max = 1048576 (custom)
2019-08-28 15:28:33,610 [pool-439-thread-1] INFO  server.RaftServerConfigKeys (ConfUtils.java:logGet(43)) - raft.server.log.preallocated.size = 16384 (custom)
2019-08-28 15:28:33,610 [pool-439-thread-1] INFO  server.RaftServerConfigKeys (ConfUtils.java:logGet(43)) - raft.server.log.write.buffer.size = 33554432 (custom)
2019-08-28 15:28:33,610 [pool-439-thread-1] INFO  server.RaftServerConfigKeys (ConfUtils.java:logGet(43)) - raft.server.log.force.sync.num = 128 (default)
2019-08-28 15:28:33,610 [pool-439-thread-1] INFO  server.RaftServerConfigKeys (ConfUtils.java:logGet(43)) - raft.server.log.statemachine.data.sync = true (default)
2019-08-28 15:28:33,610 [pool-439-thread-1] INFO  server.RaftServerConfigKeys (ConfUtils.java:logGet(43)) - raft.server.log.statemachine.data.sync.timeout = 10s (default)
2019-08-28 15:28:33,610 [pool-439-thread-1] INFO  server.RaftServerConfigKeys (ConfUtils.java:logGet(43)) - raft.server.log.statemachine.data.sync.timeout.retry = -1 (default)
2019-08-28 15:28:33,610 [pool-439-thread-1] INFO  server.RaftServerConfigKeys (ConfUtils.java:logGet(43)) - raft.server.log.statemachine.data.caching.enabled = true (custom)
2019-08-28 15:28:33,611 [pool-439-thread-1] INFO  segmented.SegmentedRaftLogWorker (SegmentedRaftLogWorker.java:lambda$new$0(132)) - e083f44d-f6d5-42ec-804b-f102740a8909-SegmentedRaftLogWorker:Storage Directory /workdir/hadoop-ozone/integration-test/target/test-dir/MiniOzoneClusterImpl-dff33e01-b2b8-4087-89b9-ab66c11044e2/datanode-0/data/ratis/86c640cd-ff26-4215-9d95-8d824c3c23d7: flushIndex: setUnconditionally 0 -> -1
2019-08-28 15:28:33,611 [pool-439-thread-1] INFO  server.RaftServerConfigKeys (ConfUtils.java:logGet(43)) - raft.server.snapshot.auto.trigger.enabled = true (custom)
2019-08-28 15:28:33,611 [pool-439-thread-1] INFO  server.RaftServerConfigKeys (ConfUtils.java:logGet(43)) - raft.server.snapshot.auto.trigger.threshold = 10000 (custom)
2019-08-28 15:28:33,611 [pool-439-thread-1] INFO  server.RaftServerConfigKeys (ConfUtils.java:logGet(43)) - raft.server.retrycache.expirytime = 600000ms (custom)
2019-08-28 15:28:33,611 [pool-439-thread-1] INFO  impl.RaftServerImpl (RaftServerImpl.java:start(180)) - e083f44d-f6d5-42ec-804b-f102740a8909: start group-8D824C3C23D7
2019-08-28 15:28:33,611 [pool-439-thread-1] INFO  impl.RaftServerImpl (RaftServerImpl.java:setRole(171)) - e083f44d-f6d5-42ec-804b-f102740a8909:group-8D824C3C23D7 changes role from null to FOLLOWER at term 0 for startAsFollower
2019-08-28 15:28:33,611 [pool-439-thread-1] INFO  impl.RoleInfo (RoleInfo.java:updateAndGet(143)) - e083f44d-f6d5-42ec-804b-f102740a8909: start FollowerState
2019-08-28 15:28:33,612 [pool-439-thread-1] INFO  util.JmxRegister (JmxRegister.java:tryRegister(44)) - Successfully registered JMX Bean with object name Ratis:service=RaftServer,group=group-8D824C3C23D7,id=e083f44d-f6d5-42ec-804b-f102740a8909
2019-08-28 15:28:33,617 [RatisPipelineUtilsThread] INFO  pipeline.PipelineStateManager (PipelineStateManager.java:addPipeline(56)) - Created pipeline Pipeline[ Id: 86c640cd-ff26-4215-9d95-8d824c3c23d7, Nodes: e083f44d-f6d5-42ec-804b-f102740a8909{ip: 192.168.5.160, host: pr-hdds-1950-8p5ww-60544353, networkLocation: /default-rack, certSerialId: null}, Type:RATIS, Factor:ONE, State:OPEN]
2019-08-28 15:28:33,723 [IPC Server handler 3 on 35023] INFO  net.NetworkTopology (NetworkTopologyImpl.java:add(110)) - Added a new node: /default-rack/c88de438-deef-4f9f-8cec-a54281b0c8d4
2019-08-28 15:28:33,724 [IPC Server handler 3 on 35023] INFO  node.SCMNodeManager (SCMNodeManager.java:register(273)) - Registered Data node : c88de438-deef-4f9f-8cec-a54281b0c8d4{ip: 192.168.5.160, host: pr-hdds-1950-8p5ww-60544353, networkLocation: /default-rack, certSerialId: null}
2019-08-28 15:28:33,724 | INFO  | SCMAudit | user=jenkins1000 | ip=192.168.5.160 | op=REGISTER {datanodeDetails=c88de438-deef-4f9f-8cec-a54281b0c8d4{ip: 192.168.5.160, host: pr-hdds-1950-8p5ww-60544353, networkLocation: /default-rack, certSerialId: null}} | ret=SUCCESS |  
2019-08-28 15:28:33,739 [grpc-default-executor-6] INFO  impl.RaftServerProxy (RaftServerProxy.java:addNew(89)) - c88de438-deef-4f9f-8cec-a54281b0c8d4: addNew group-D0AED32C839F:[c88de438-deef-4f9f-8cec-a54281b0c8d4:192.168.5.160:43383] returns group-D0AED32C839F:java.util.concurrent.CompletableFuture@3053e8a9[Not completed]
2019-08-28 15:28:33,741 [pool-450-thread-1] INFO  impl.RaftServerImpl (RaftServerImpl.java:<init>(93)) - c88de438-deef-4f9f-8cec-a54281b0c8d4: new RaftServerImpl for group-D0AED32C839F:[c88de438-deef-4f9f-8cec-a54281b0c8d4:192.168.5.160:43383] with ContainerStateMachine:uninitialized
2019-08-28 15:28:33,741 [pool-450-thread-1] INFO  server.RaftServerConfigKeys (ConfUtils.java:logGet(43)) - raft.server.rpc.timeout.min = 5s (custom)
2019-08-28 15:28:33,742 [pool-450-thread-1] INFO  server.RaftServerConfigKeys (ConfUtils.java:logGet(43)) - raft.server.rpc.timeout.max = 5200ms (custom)
2019-08-28 15:28:33,742 [pool-450-thread-1] INFO  server.RaftServerConfigKeys (ConfUtils.java:logGet(43)) - raft.server.rpcslowness.timeout = 120s (custom)
2019-08-28 15:28:33,742 [pool-450-thread-1] INFO  server.RaftServerConfigKeys (ConfUtils.java:logGet(43)) - raft.server.sleep.deviation.threshold = 300 (default)
2019-08-28 15:28:33,742 [pool-450-thread-1] INFO  server.RaftServerConfigKeys (ConfUtils.java:logGet(43)) - raft.server.log.appender.install.snapshot.enabled = false (custom)
2019-08-28 15:28:33,742 [pool-450-thread-1] INFO  impl.RaftServerImpl (ServerState.java:<init>(105)) - c88de438-deef-4f9f-8cec-a54281b0c8d4:group-D0AED32C839F ConfigurationManager, init=-1: [c88de438-deef-4f9f-8cec-a54281b0c8d4:192.168.5.160:43383], old=null, confs=<EMPTY_MAP>
2019-08-28 15:28:33,743 [pool-450-thread-1] INFO  server.RaftServerConfigKeys (ConfUtils.java:logGet(43)) - raft.server.storage.dir = [/workdir/hadoop-ozone/integration-test/target/test-dir/MiniOzoneClusterImpl-dff33e01-b2b8-4087-89b9-ab66c11044e2/datanode-1/data/ratis] (custom)
2019-08-28 15:28:33,743 [pool-450-thread-1] INFO  storage.RaftStorageDirectory (RaftStorageDirectory.java:analyzeStorage(246)) - The storage directory /workdir/hadoop-ozone/integration-test/target/test-dir/MiniOzoneClusterImpl-dff33e01-b2b8-4087-89b9-ab66c11044e2/datanode-1/data/ratis/6d62d139-7e99-4d4f-a812-d0aed32c839f does not exist. Creating ...
2019-08-28 15:28:33,757 [pool-450-thread-1] INFO  storage.RaftStorageDirectory (RaftStorageDirectory.java:tryLock(328)) - Lock on /workdir/hadoop-ozone/integration-test/target/test-dir/MiniOzoneClusterImpl-dff33e01-b2b8-4087-89b9-ab66c11044e2/datanode-1/data/ratis/6d62d139-7e99-4d4f-a812-d0aed32c839f/in_use.lock acquired by nodename 29118@pr-hdds-1950-8p5ww-60544353
2019-08-28 15:28:33,772 [pool-450-thread-1] INFO  storage.RaftStorage (RaftStorage.java:format(72)) - Storage directory /workdir/hadoop-ozone/integration-test/target/test-dir/MiniOzoneClusterImpl-dff33e01-b2b8-4087-89b9-ab66c11044e2/datanode-1/data/ratis/6d62d139-7e99-4d4f-a812-d0aed32c839f has been successfully formatted.
2019-08-28 15:28:33,772 [pool-450-thread-1] INFO  ratis.ContainerStateMachine (ContainerStateMachine.java:loadSnapshot(226)) - group-D0AED32C839F: The snapshot info is null. Setting the last applied indexto:(t:0, i:~)
2019-08-28 15:28:33,773 [pool-450-thread-1] INFO  server.RaftServerConfigKeys (ConfUtils.java:logGet(43)) - raft.server.leader.election.timeout = 120s (custom)
2019-08-28 15:28:33,773 [pool-450-thread-1] INFO  server.RaftServerConfigKeys (ConfUtils.java:logGet(43)) - raft.server.log.use.memory = false (default)
2019-08-28 15:28:33,773 [pool-450-thread-1] INFO  server.RaftServerConfigKeys (ConfUtils.java:logGet(43)) - raft.server.log.purge.gap = 1000000 (custom)
2019-08-28 15:28:33,773 [pool-450-thread-1] INFO  server.RaftServerConfigKeys (ConfUtils.java:logGet(43)) - raft.server.log.appender.buffer.byte-limit = 33554432 (custom)
2019-08-28 15:28:33,774 [pool-450-thread-1] INFO  server.RaftServerConfigKeys (ConfUtils.java:logGet(43)) - raft.server.log.segment.size.max = 1048576 (custom)
2019-08-28 15:28:33,774 [pool-450-thread-1] INFO  server.RaftServerConfigKeys (ConfUtils.java:logGet(43)) - raft.server.log.segment.cache.num.max = 2 (custom)
2019-08-28 15:28:33,774 [pool-450-thread-1] INFO  segmented.SegmentedRaftLogWorker (SegmentedRaftLogWorker.java:<init>(172)) - new c88de438-deef-4f9f-8cec-a54281b0c8d4-SegmentedRaftLogWorker:Storage Directory /workdir/hadoop-ozone/integration-test/target/test-dir/MiniOzoneClusterImpl-dff33e01-b2b8-4087-89b9-ab66c11044e2/datanode-1/data/ratis/6d62d139-7e99-4d4f-a812-d0aed32c839f for RaftStorage:Storage Directory /workdir/hadoop-ozone/integration-test/target/test-dir/MiniOzoneClusterImpl-dff33e01-b2b8-4087-89b9-ab66c11044e2/datanode-1/data/ratis/6d62d139-7e99-4d4f-a812-d0aed32c839f
2019-08-28 15:28:33,774 [pool-450-thread-1] INFO  server.RaftServerConfigKeys (ConfUtils.java:logGet(43)) - raft.server.log.queue.byte-limit = 2147483647 (custom)
2019-08-28 15:28:33,775 [pool-450-thread-1] INFO  server.RaftServerConfigKeys (ConfUtils.java:logGet(43)) - raft.server.log.queue.element-limit = 1024 (custom)
2019-08-28 15:28:33,775 [pool-450-thread-1] INFO  server.RaftServerConfigKeys (ConfUtils.java:logGet(43)) - raft.server.log.segment.size.max = 1048576 (custom)
2019-08-28 15:28:33,775 [pool-450-thread-1] INFO  server.RaftServerConfigKeys (ConfUtils.java:logGet(43)) - raft.server.log.preallocated.size = 16384 (custom)
2019-08-28 15:28:33,775 [pool-450-thread-1] INFO  server.RaftServerConfigKeys (ConfUtils.java:logGet(43)) - raft.server.log.write.buffer.size = 33554432 (custom)
2019-08-28 15:28:33,775 [pool-450-thread-1] INFO  server.RaftServerConfigKeys (ConfUtils.java:logGet(43)) - raft.server.log.force.sync.num = 128 (default)
2019-08-28 15:28:33,776 [pool-450-thread-1] INFO  server.RaftServerConfigKeys (ConfUtils.java:logGet(43)) - raft.server.log.statemachine.data.sync = true (default)
2019-08-28 15:28:33,776 [pool-450-thread-1] INFO  server.RaftServerConfigKeys (ConfUtils.java:logGet(43)) - raft.server.log.statemachine.data.sync.timeout = 10s (default)
2019-08-28 15:28:33,776 [pool-450-thread-1] INFO  server.RaftServerConfigKeys (ConfUtils.java:logGet(43)) - raft.server.log.statemachine.data.sync.timeout.retry = -1 (default)
2019-08-28 15:28:33,776 [pool-450-thread-1] INFO  server.RaftServerConfigKeys (ConfUtils.java:logGet(43)) - raft.server.log.statemachine.data.caching.enabled = true (custom)
2019-08-28 15:28:33,777 [pool-450-thread-1] INFO  segmented.SegmentedRaftLogWorker (SegmentedRaftLogWorker.java:lambda$new$0(132)) - c88de438-deef-4f9f-8cec-a54281b0c8d4-SegmentedRaftLogWorker:Storage Directory /workdir/hadoop-ozone/integration-test/target/test-dir/MiniOzoneClusterImpl-dff33e01-b2b8-4087-89b9-ab66c11044e2/datanode-1/data/ratis/6d62d139-7e99-4d4f-a812-d0aed32c839f: flushIndex: setUnconditionally 0 -> -1
2019-08-28 15:28:33,777 [pool-450-thread-1] INFO  server.RaftServerConfigKeys (ConfUtils.java:logGet(43)) - raft.server.snapshot.auto.trigger.enabled = true (custom)
2019-08-28 15:28:33,778 [pool-450-thread-1] INFO  server.RaftServerConfigKeys (ConfUtils.java:logGet(43)) - raft.server.snapshot.auto.trigger.threshold = 10000 (custom)
2019-08-28 15:28:33,778 [pool-450-thread-1] INFO  server.RaftServerConfigKeys (ConfUtils.java:logGet(43)) - raft.server.retrycache.expirytime = 600000ms (custom)
2019-08-28 15:28:33,778 [pool-450-thread-1] INFO  impl.RaftServerImpl (RaftServerImpl.java:start(180)) - c88de438-deef-4f9f-8cec-a54281b0c8d4: start group-D0AED32C839F
2019-08-28 15:28:33,778 [pool-450-thread-1] INFO  impl.RaftServerImpl (RaftServerImpl.java:setRole(171)) - c88de438-deef-4f9f-8cec-a54281b0c8d4:group-D0AED32C839F changes role from null to FOLLOWER at term 0 for startAsFollower
2019-08-28 15:28:33,778 [pool-450-thread-1] INFO  impl.RoleInfo (RoleInfo.java:updateAndGet(143)) - c88de438-deef-4f9f-8cec-a54281b0c8d4: start FollowerState
2019-08-28 15:28:33,779 [pool-450-thread-1] INFO  util.JmxRegister (JmxRegister.java:tryRegister(44)) - Successfully registered JMX Bean with object name Ratis:service=RaftServer,group=group-D0AED32C839F,id=c88de438-deef-4f9f-8cec-a54281b0c8d4
2019-08-28 15:28:33,785 [RatisPipelineUtilsThread] INFO  pipeline.PipelineStateManager (PipelineStateManager.java:addPipeline(56)) - Created pipeline Pipeline[ Id: 6d62d139-7e99-4d4f-a812-d0aed32c839f, Nodes: c88de438-deef-4f9f-8cec-a54281b0c8d4{ip: 192.168.5.160, host: pr-hdds-1950-8p5ww-60544353, networkLocation: /default-rack, certSerialId: null}, Type:RATIS, Factor:ONE, State:OPEN]
2019-08-28 15:28:33,855 [main] INFO  ozone.MiniOzoneClusterImpl (MiniOzoneClusterImpl.java:lambda$waitForClusterToBeReady$0(142)) - Waiting for cluster to be ready. Got 2 of 7 DN Heartbeats.
2019-08-28 15:28:33,882 [IPC Server handler 4 on 35023] INFO  net.NetworkTopology (NetworkTopologyImpl.java:add(110)) - Added a new node: /default-rack/a5b00b79-c734-41b7-9619-32717c8abca8
2019-08-28 15:28:33,883 [IPC Server handler 4 on 35023] INFO  node.SCMNodeManager (SCMNodeManager.java:register(273)) - Registered Data node : a5b00b79-c734-41b7-9619-32717c8abca8{ip: 192.168.5.160, host: pr-hdds-1950-8p5ww-60544353, networkLocation: /default-rack, certSerialId: null}
2019-08-28 15:28:33,887 | INFO  | SCMAudit | user=jenkins1000 | ip=192.168.5.160 | op=REGISTER {datanodeDetails=a5b00b79-c734-41b7-9619-32717c8abca8{ip: 192.168.5.160, host: pr-hdds-1950-8p5ww-60544353, networkLocation: /default-rack, certSerialId: null}} | ret=SUCCESS |  
2019-08-28 15:28:33,894 [grpc-default-executor-6] INFO  impl.RaftServerProxy (RaftServerProxy.java:addNew(89)) - a5b00b79-c734-41b7-9619-32717c8abca8: addNew group-4304EB831AC3:[a5b00b79-c734-41b7-9619-32717c8abca8:192.168.5.160:36297] returns group-4304EB831AC3:java.util.concurrent.CompletableFuture@5668c088[Not completed]
2019-08-28 15:28:33,895 [pool-461-thread-1] INFO  impl.RaftServerImpl (RaftServerImpl.java:<init>(93)) - a5b00b79-c734-41b7-9619-32717c8abca8: new RaftServerImpl for group-4304EB831AC3:[a5b00b79-c734-41b7-9619-32717c8abca8:192.168.5.160:36297] with ContainerStateMachine:uninitialized
2019-08-28 15:28:33,895 [pool-461-thread-1] INFO  server.RaftServerConfigKeys (ConfUtils.java:logGet(43)) - raft.server.rpc.timeout.min = 5s (custom)
2019-08-28 15:28:33,895 [pool-461-thread-1] INFO  server.RaftServerConfigKeys (ConfUtils.java:logGet(43)) - raft.server.rpc.timeout.max = 5200ms (custom)
2019-08-28 15:28:33,896 [pool-461-thread-1] INFO  server.RaftServerConfigKeys (ConfUtils.java:logGet(43)) - raft.server.rpcslowness.timeout = 120s (custom)
2019-08-28 15:28:33,896 [pool-461-thread-1] INFO  server.RaftServerConfigKeys (ConfUtils.java:logGet(43)) - raft.server.sleep.deviation.threshold = 300 (default)
2019-08-28 15:28:33,896 [pool-461-thread-1] INFO  server.RaftServerConfigKeys (ConfUtils.java:logGet(43)) - raft.server.log.appender.install.snapshot.enabled = false (custom)
2019-08-28 15:28:33,896 [pool-461-thread-1] INFO  impl.RaftServerImpl (ServerState.java:<init>(105)) - a5b00b79-c734-41b7-9619-32717c8abca8:group-4304EB831AC3 ConfigurationManager, init=-1: [a5b00b79-c734-41b7-9619-32717c8abca8:192.168.5.160:36297], old=null, confs=<EMPTY_MAP>
2019-08-28 15:28:33,896 [pool-461-thread-1] INFO  server.RaftServerConfigKeys (ConfUtils.java:logGet(43)) - raft.server.storage.dir = [/workdir/hadoop-ozone/integration-test/target/test-dir/MiniOzoneClusterImpl-dff33e01-b2b8-4087-89b9-ab66c11044e2/datanode-2/data/ratis] (custom)
2019-08-28 15:28:33,897 [pool-461-thread-1] INFO  storage.RaftStorageDirectory (RaftStorageDirectory.java:analyzeStorage(246)) - The storage directory /workdir/hadoop-ozone/integration-test/target/test-dir/MiniOzoneClusterImpl-dff33e01-b2b8-4087-89b9-ab66c11044e2/datanode-2/data/ratis/1c18ae3a-5a40-4df9-a33f-4304eb831ac3 does not exist. Creating ...
2019-08-28 15:28:33,911 [pool-461-thread-1] INFO  storage.RaftStorageDirectory (RaftStorageDirectory.java:tryLock(328)) - Lock on /workdir/hadoop-ozone/integration-test/target/test-dir/MiniOzoneClusterImpl-dff33e01-b2b8-4087-89b9-ab66c11044e2/datanode-2/data/ratis/1c18ae3a-5a40-4df9-a33f-4304eb831ac3/in_use.lock acquired by nodename 29118@pr-hdds-1950-8p5ww-60544353
2019-08-28 15:28:33,924 [pool-461-thread-1] INFO  storage.RaftStorage (RaftStorage.java:format(72)) - Storage directory /workdir/hadoop-ozone/integration-test/target/test-dir/MiniOzoneClusterImpl-dff33e01-b2b8-4087-89b9-ab66c11044e2/datanode-2/data/ratis/1c18ae3a-5a40-4df9-a33f-4304eb831ac3 has been successfully formatted.
2019-08-28 15:28:33,925 [pool-461-thread-1] INFO  ratis.ContainerStateMachine (ContainerStateMachine.java:loadSnapshot(226)) - group-4304EB831AC3: The snapshot info is null. Setting the last applied indexto:(t:0, i:~)
2019-08-28 15:28:33,925 [pool-461-thread-1] INFO  server.RaftServerConfigKeys (ConfUtils.java:logGet(43)) - raft.server.leader.election.timeout = 120s (custom)
2019-08-28 15:28:33,925 [pool-461-thread-1] INFO  server.RaftServerConfigKeys (ConfUtils.java:logGet(43)) - raft.server.log.use.memory = false (default)
2019-08-28 15:28:33,925 [pool-461-thread-1] INFO  server.RaftServerConfigKeys (ConfUtils.java:logGet(43)) - raft.server.log.purge.gap = 1000000 (custom)
2019-08-28 15:28:33,925 [pool-461-thread-1] INFO  server.RaftServerConfigKeys (ConfUtils.java:logGet(43)) - raft.server.log.appender.buffer.byte-limit = 33554432 (custom)
2019-08-28 15:28:33,925 [pool-461-thread-1] INFO  server.RaftServerConfigKeys (ConfUtils.java:logGet(43)) - raft.server.log.segment.size.max = 1048576 (custom)
2019-08-28 15:28:33,925 [pool-461-thread-1] INFO  server.RaftServerConfigKeys (ConfUtils.java:logGet(43)) - raft.server.log.segment.cache.num.max = 2 (custom)
2019-08-28 15:28:33,925 [pool-461-thread-1] INFO  segmented.SegmentedRaftLogWorker (SegmentedRaftLogWorker.java:<init>(172)) - new a5b00b79-c734-41b7-9619-32717c8abca8-SegmentedRaftLogWorker:Storage Directory /workdir/hadoop-ozone/integration-test/target/test-dir/MiniOzoneClusterImpl-dff33e01-b2b8-4087-89b9-ab66c11044e2/datanode-2/data/ratis/1c18ae3a-5a40-4df9-a33f-4304eb831ac3 for RaftStorage:Storage Directory /workdir/hadoop-ozone/integration-test/target/test-dir/MiniOzoneClusterImpl-dff33e01-b2b8-4087-89b9-ab66c11044e2/datanode-2/data/ratis/1c18ae3a-5a40-4df9-a33f-4304eb831ac3
2019-08-28 15:28:33,926 [pool-461-thread-1] INFO  server.RaftServerConfigKeys (ConfUtils.java:logGet(43)) - raft.server.log.queue.byte-limit = 2147483647 (custom)
2019-08-28 15:28:33,926 [pool-461-thread-1] INFO  server.RaftServerConfigKeys (ConfUtils.java:logGet(43)) - raft.server.log.queue.element-limit = 1024 (custom)
2019-08-28 15:28:33,926 [pool-461-thread-1] INFO  server.RaftServerConfigKeys (ConfUtils.java:logGet(43)) - raft.server.log.segment.size.max = 1048576 (custom)
2019-08-28 15:28:33,926 [pool-461-thread-1] INFO  server.RaftServerConfigKeys (ConfUtils.java:logGet(43)) - raft.server.log.preallocated.size = 16384 (custom)
2019-08-28 15:28:33,926 [pool-461-thread-1] INFO  server.RaftServerConfigKeys (ConfUtils.java:logGet(43)) - raft.server.log.write.buffer.size = 33554432 (custom)
2019-08-28 15:28:33,926 [pool-461-thread-1] INFO  server.RaftServerConfigKeys (ConfUtils.java:logGet(43)) - raft.server.log.force.sync.num = 128 (default)
2019-08-28 15:28:33,926 [pool-461-thread-1] INFO  server.RaftServerConfigKeys (ConfUtils.java:logGet(43)) - raft.server.log.statemachine.data.sync = true (default)
2019-08-28 15:28:33,926 [pool-461-thread-1] INFO  server.RaftServerConfigKeys (ConfUtils.java:logGet(43)) - raft.server.log.statemachine.data.sync.timeout = 10s (default)
2019-08-28 15:28:33,926 [pool-461-thread-1] INFO  server.RaftServerConfigKeys (ConfUtils.java:logGet(43)) - raft.server.log.statemachine.data.sync.timeout.retry = -1 (default)
2019-08-28 15:28:33,927 [pool-461-thread-1] INFO  server.RaftServerConfigKeys (ConfUtils.java:logGet(43)) - raft.server.log.statemachine.data.caching.enabled = true (custom)
2019-08-28 15:28:33,927 [pool-461-thread-1] INFO  segmented.SegmentedRaftLogWorker (SegmentedRaftLogWorker.java:lambda$new$0(132)) - a5b00b79-c734-41b7-9619-32717c8abca8-SegmentedRaftLogWorker:Storage Directory /workdir/hadoop-ozone/integration-test/target/test-dir/MiniOzoneClusterImpl-dff33e01-b2b8-4087-89b9-ab66c11044e2/datanode-2/data/ratis/1c18ae3a-5a40-4df9-a33f-4304eb831ac3: flushIndex: setUnconditionally 0 -> -1
2019-08-28 15:28:33,927 [pool-461-thread-1] INFO  server.RaftServerConfigKeys (ConfUtils.java:logGet(43)) - raft.server.snapshot.auto.trigger.enabled = true (custom)
2019-08-28 15:28:33,927 [pool-461-thread-1] INFO  server.RaftServerConfigKeys (ConfUtils.java:logGet(43)) - raft.server.snapshot.auto.trigger.threshold = 10000 (custom)
2019-08-28 15:28:33,927 [pool-461-thread-1] INFO  server.RaftServerConfigKeys (ConfUtils.java:logGet(43)) - raft.server.retrycache.expirytime = 600000ms (custom)
2019-08-28 15:28:33,928 [pool-461-thread-1] INFO  impl.RaftServerImpl (RaftServerImpl.java:start(180)) - a5b00b79-c734-41b7-9619-32717c8abca8: start group-4304EB831AC3
2019-08-28 15:28:33,928 [pool-461-thread-1] INFO  impl.RaftServerImpl (RaftServerImpl.java:setRole(171)) - a5b00b79-c734-41b7-9619-32717c8abca8:group-4304EB831AC3 changes role from null to FOLLOWER at term 0 for startAsFollower
2019-08-28 15:28:33,928 [pool-461-thread-1] INFO  impl.RoleInfo (RoleInfo.java:updateAndGet(143)) - a5b00b79-c734-41b7-9619-32717c8abca8: start FollowerState
2019-08-28 15:28:33,928 [pool-461-thread-1] INFO  util.JmxRegister (JmxRegister.java:tryRegister(44)) - Successfully registered JMX Bean with object name Ratis:service=RaftServer,group=group-4304EB831AC3,id=a5b00b79-c734-41b7-9619-32717c8abca8
2019-08-28 15:28:33,933 [RatisPipelineUtilsThread] INFO  pipeline.PipelineStateManager (PipelineStateManager.java:addPipeline(56)) - Created pipeline Pipeline[ Id: 1c18ae3a-5a40-4df9-a33f-4304eb831ac3, Nodes: a5b00b79-c734-41b7-9619-32717c8abca8{ip: 192.168.5.160, host: pr-hdds-1950-8p5ww-60544353, networkLocation: /default-rack, certSerialId: null}, Type:RATIS, Factor:ONE, State:OPEN]
2019-08-28 15:28:33,949 [grpc-default-executor-6] INFO  impl.RaftServerProxy (RaftServerProxy.java:addNew(89)) - a5b00b79-c734-41b7-9619-32717c8abca8: addNew group-820DEEB479C9:[c88de438-deef-4f9f-8cec-a54281b0c8d4:192.168.5.160:43383, e083f44d-f6d5-42ec-804b-f102740a8909:192.168.5.160:44911, a5b00b79-c734-41b7-9619-32717c8abca8:192.168.5.160:36297] returns group-820DEEB479C9:java.util.concurrent.CompletableFuture@5b017db8[Not completed]
2019-08-28 15:28:33,949 [grpc-default-executor-0] INFO  impl.RaftServerProxy (RaftServerProxy.java:addNew(89)) - c88de438-deef-4f9f-8cec-a54281b0c8d4: addNew group-820DEEB479C9:[c88de438-deef-4f9f-8cec-a54281b0c8d4:192.168.5.160:43383, e083f44d-f6d5-42ec-804b-f102740a8909:192.168.5.160:44911, a5b00b79-c734-41b7-9619-32717c8abca8:192.168.5.160:36297] returns group-820DEEB479C9:java.util.concurrent.CompletableFuture@4aa5e73d[Not completed]
2019-08-28 15:28:33,949 [grpc-default-executor-3] INFO  impl.RaftServerProxy (RaftServerProxy.java:addNew(89)) - e083f44d-f6d5-42ec-804b-f102740a8909: addNew group-820DEEB479C9:[c88de438-deef-4f9f-8cec-a54281b0c8d4:192.168.5.160:43383, e083f44d-f6d5-42ec-804b-f102740a8909:192.168.5.160:44911, a5b00b79-c734-41b7-9619-32717c8abca8:192.168.5.160:36297] returns group-820DEEB479C9:java.util.concurrent.CompletableFuture@1b32eaf2[Not completed]
2019-08-28 15:28:33,950 [pool-461-thread-1] INFO  impl.RaftServerImpl (RaftServerImpl.java:<init>(93)) - a5b00b79-c734-41b7-9619-32717c8abca8: new RaftServerImpl for group-820DEEB479C9:[c88de438-deef-4f9f-8cec-a54281b0c8d4:192.168.5.160:43383, e083f44d-f6d5-42ec-804b-f102740a8909:192.168.5.160:44911, a5b00b79-c734-41b7-9619-32717c8abca8:192.168.5.160:36297] with ContainerStateMachine:uninitialized
2019-08-28 15:28:33,950 [pool-461-thread-1] INFO  server.RaftServerConfigKeys (ConfUtils.java:logGet(43)) - raft.server.rpc.timeout.min = 5s (custom)
2019-08-28 15:28:33,951 [pool-461-thread-1] INFO  server.RaftServerConfigKeys (ConfUtils.java:logGet(43)) - raft.server.rpc.timeout.max = 5200ms (custom)
2019-08-28 15:28:33,951 [pool-461-thread-1] INFO  server.RaftServerConfigKeys (ConfUtils.java:logGet(43)) - raft.server.rpcslowness.timeout = 120s (custom)
2019-08-28 15:28:33,951 [pool-450-thread-1] INFO  impl.RaftServerImpl (RaftServerImpl.java:<init>(93)) - c88de438-deef-4f9f-8cec-a54281b0c8d4: new RaftServerImpl for group-820DEEB479C9:[c88de438-deef-4f9f-8cec-a54281b0c8d4:192.168.5.160:43383, e083f44d-f6d5-42ec-804b-f102740a8909:192.168.5.160:44911, a5b00b79-c734-41b7-9619-32717c8abca8:192.168.5.160:36297] with ContainerStateMachine:uninitialized
2019-08-28 15:28:33,951 [pool-461-thread-1] INFO  server.RaftServerConfigKeys (ConfUtils.java:logGet(43)) - raft.server.sleep.deviation.threshold = 300 (default)
2019-08-28 15:28:33,951 [pool-450-thread-1] INFO  server.RaftServerConfigKeys (ConfUtils.java:logGet(43)) - raft.server.rpc.timeout.min = 5s (custom)
2019-08-28 15:28:33,951 [pool-461-thread-1] INFO  server.RaftServerConfigKeys (ConfUtils.java:logGet(43)) - raft.server.log.appender.install.snapshot.enabled = false (custom)
2019-08-28 15:28:33,951 [pool-439-thread-1] INFO  impl.RaftServerImpl (RaftServerImpl.java:<init>(93)) - e083f44d-f6d5-42ec-804b-f102740a8909: new RaftServerImpl for group-820DEEB479C9:[c88de438-deef-4f9f-8cec-a54281b0c8d4:192.168.5.160:43383, e083f44d-f6d5-42ec-804b-f102740a8909:192.168.5.160:44911, a5b00b79-c734-41b7-9619-32717c8abca8:192.168.5.160:36297] with ContainerStateMachine:uninitialized
2019-08-28 15:28:33,951 [pool-450-thread-1] INFO  server.RaftServerConfigKeys (ConfUtils.java:logGet(43)) - raft.server.rpc.timeout.max = 5200ms (custom)
2019-08-28 15:28:33,952 [pool-439-thread-1] INFO  server.RaftServerConfigKeys (ConfUtils.java:logGet(43)) - raft.server.rpc.timeout.min = 5s (custom)
2019-08-28 15:28:33,951 [pool-461-thread-1] INFO  impl.RaftServerImpl (ServerState.java:<init>(105)) - a5b00b79-c734-41b7-9619-32717c8abca8:group-820DEEB479C9 ConfigurationManager, init=-1: [c88de438-deef-4f9f-8cec-a54281b0c8d4:192.168.5.160:43383, e083f44d-f6d5-42ec-804b-f102740a8909:192.168.5.160:44911, a5b00b79-c734-41b7-9619-32717c8abca8:192.168.5.160:36297], old=null, confs=<EMPTY_MAP>
2019-08-28 15:28:33,952 [pool-439-thread-1] INFO  server.RaftServerConfigKeys (ConfUtils.java:logGet(43)) - raft.server.rpc.timeout.max = 5200ms (custom)
2019-08-28 15:28:33,952 [pool-461-thread-1] INFO  server.RaftServerConfigKeys (ConfUtils.java:logGet(43)) - raft.server.storage.dir = [/workdir/hadoop-ozone/integration-test/target/test-dir/MiniOzoneClusterImpl-dff33e01-b2b8-4087-89b9-ab66c11044e2/datanode-2/data/ratis] (custom)
2019-08-28 15:28:33,952 [pool-450-thread-1] INFO  server.RaftServerConfigKeys (ConfUtils.java:logGet(43)) - raft.server.rpcslowness.timeout = 120s (custom)
2019-08-28 15:28:33,952 [pool-439-thread-1] INFO  server.RaftServerConfigKeys (ConfUtils.java:logGet(43)) - raft.server.rpcslowness.timeout = 120s (custom)
2019-08-28 15:28:33,952 [pool-450-thread-1] INFO  server.RaftServerConfigKeys (ConfUtils.java:logGet(43)) - raft.server.sleep.deviation.threshold = 300 (default)
2019-08-28 15:28:33,952 [pool-439-thread-1] INFO  server.RaftServerConfigKeys (ConfUtils.java:logGet(43)) - raft.server.sleep.deviation.threshold = 300 (default)
2019-08-28 15:28:33,952 [pool-450-thread-1] INFO  server.RaftServerConfigKeys (ConfUtils.java:logGet(43)) - raft.server.log.appender.install.snapshot.enabled = false (custom)
2019-08-28 15:28:33,952 [pool-439-thread-1] INFO  server.RaftServerConfigKeys (ConfUtils.java:logGet(43)) - raft.server.log.appender.install.snapshot.enabled = false (custom)
2019-08-28 15:28:33,953 [pool-450-thread-1] INFO  impl.RaftServerImpl (ServerState.java:<init>(105)) - c88de438-deef-4f9f-8cec-a54281b0c8d4:group-820DEEB479C9 ConfigurationManager, init=-1: [c88de438-deef-4f9f-8cec-a54281b0c8d4:192.168.5.160:43383, e083f44d-f6d5-42ec-804b-f102740a8909:192.168.5.160:44911, a5b00b79-c734-41b7-9619-32717c8abca8:192.168.5.160:36297], old=null, confs=<EMPTY_MAP>
2019-08-28 15:28:33,953 [pool-439-thread-1] INFO  impl.RaftServerImpl (ServerState.java:<init>(105)) - e083f44d-f6d5-42ec-804b-f102740a8909:group-820DEEB479C9 ConfigurationManager, init=-1: [c88de438-deef-4f9f-8cec-a54281b0c8d4:192.168.5.160:43383, e083f44d-f6d5-42ec-804b-f102740a8909:192.168.5.160:44911, a5b00b79-c734-41b7-9619-32717c8abca8:192.168.5.160:36297], old=null, confs=<EMPTY_MAP>
2019-08-28 15:28:33,953 [pool-450-thread-1] INFO  server.RaftServerConfigKeys (ConfUtils.java:logGet(43)) - raft.server.storage.dir = [/workdir/hadoop-ozone/integration-test/target/test-dir/MiniOzoneClusterImpl-dff33e01-b2b8-4087-89b9-ab66c11044e2/datanode-1/data/ratis] (custom)
2019-08-28 15:28:33,953 [pool-439-thread-1] INFO  server.RaftServerConfigKeys (ConfUtils.java:logGet(43)) - raft.server.storage.dir = [/workdir/hadoop-ozone/integration-test/target/test-dir/MiniOzoneClusterImpl-dff33e01-b2b8-4087-89b9-ab66c11044e2/datanode-0/data/ratis] (custom)
2019-08-28 15:28:33,953 [pool-461-thread-1] INFO  storage.RaftStorageDirectory (RaftStorageDirectory.java:analyzeStorage(246)) - The storage directory /workdir/hadoop-ozone/integration-test/target/test-dir/MiniOzoneClusterImpl-dff33e01-b2b8-4087-89b9-ab66c11044e2/datanode-2/data/ratis/21f703fd-59f3-40d5-a518-820deeb479c9 does not exist. Creating ...
2019-08-28 15:28:33,953 [pool-450-thread-1] INFO  storage.RaftStorageDirectory (RaftStorageDirectory.java:analyzeStorage(246)) - The storage directory /workdir/hadoop-ozone/integration-test/target/test-dir/MiniOzoneClusterImpl-dff33e01-b2b8-4087-89b9-ab66c11044e2/datanode-1/data/ratis/21f703fd-59f3-40d5-a518-820deeb479c9 does not exist. Creating ...
2019-08-28 15:28:33,953 [pool-439-thread-1] INFO  storage.RaftStorageDirectory (RaftStorageDirectory.java:analyzeStorage(246)) - The storage directory /workdir/hadoop-ozone/integration-test/target/test-dir/MiniOzoneClusterImpl-dff33e01-b2b8-4087-89b9-ab66c11044e2/datanode-0/data/ratis/21f703fd-59f3-40d5-a518-820deeb479c9 does not exist. Creating ...
2019-08-28 15:28:33,963 [pool-439-thread-1] INFO  storage.RaftStorageDirectory (RaftStorageDirectory.java:tryLock(328)) - Lock on /workdir/hadoop-ozone/integration-test/target/test-dir/MiniOzoneClusterImpl-dff33e01-b2b8-4087-89b9-ab66c11044e2/datanode-0/data/ratis/21f703fd-59f3-40d5-a518-820deeb479c9/in_use.lock acquired by nodename 29118@pr-hdds-1950-8p5ww-60544353
2019-08-28 15:28:33,963 [pool-461-thread-1] INFO  storage.RaftStorageDirectory (RaftStorageDirectory.java:tryLock(328)) - Lock on /workdir/hadoop-ozone/integration-test/target/test-dir/MiniOzoneClusterImpl-dff33e01-b2b8-4087-89b9-ab66c11044e2/datanode-2/data/ratis/21f703fd-59f3-40d5-a518-820deeb479c9/in_use.lock acquired by nodename 29118@pr-hdds-1950-8p5ww-60544353
2019-08-28 15:28:33,963 [pool-450-thread-1] INFO  storage.RaftStorageDirectory (RaftStorageDirectory.java:tryLock(328)) - Lock on /workdir/hadoop-ozone/integration-test/target/test-dir/MiniOzoneClusterImpl-dff33e01-b2b8-4087-89b9-ab66c11044e2/datanode-1/data/ratis/21f703fd-59f3-40d5-a518-820deeb479c9/in_use.lock acquired by nodename 29118@pr-hdds-1950-8p5ww-60544353
2019-08-28 15:28:33,982 [pool-461-thread-1] INFO  storage.RaftStorage (RaftStorage.java:format(72)) - Storage directory /workdir/hadoop-ozone/integration-test/target/test-dir/MiniOzoneClusterImpl-dff33e01-b2b8-4087-89b9-ab66c11044e2/datanode-2/data/ratis/21f703fd-59f3-40d5-a518-820deeb479c9 has been successfully formatted.
2019-08-28 15:28:33,982 [pool-439-thread-1] INFO  storage.RaftStorage (RaftStorage.java:format(72)) - Storage directory /workdir/hadoop-ozone/integration-test/target/test-dir/MiniOzoneClusterImpl-dff33e01-b2b8-4087-89b9-ab66c11044e2/datanode-0/data/ratis/21f703fd-59f3-40d5-a518-820deeb479c9 has been successfully formatted.
2019-08-28 15:28:33,982 [pool-450-thread-1] INFO  storage.RaftStorage (RaftStorage.java:format(72)) - Storage directory /workdir/hadoop-ozone/integration-test/target/test-dir/MiniOzoneClusterImpl-dff33e01-b2b8-4087-89b9-ab66c11044e2/datanode-1/data/ratis/21f703fd-59f3-40d5-a518-820deeb479c9 has been successfully formatted.
2019-08-28 15:28:33,982 [pool-439-thread-1] INFO  ratis.ContainerStateMachine (ContainerStateMachine.java:loadSnapshot(226)) - group-820DEEB479C9: The snapshot info is null. Setting the last applied indexto:(t:0, i:~)
2019-08-28 15:28:33,982 [pool-450-thread-1] INFO  ratis.ContainerStateMachine (ContainerStateMachine.java:loadSnapshot(226)) - group-820DEEB479C9: The snapshot info is null. Setting the last applied indexto:(t:0, i:~)
2019-08-28 15:28:33,982 [pool-439-thread-1] INFO  server.RaftServerConfigKeys (ConfUtils.java:logGet(43)) - raft.server.leader.election.timeout = 120s (custom)
2019-08-28 15:28:33,982 [pool-450-thread-1] INFO  server.RaftServerConfigKeys (ConfUtils.java:logGet(43)) - raft.server.leader.election.timeout = 120s (custom)
2019-08-28 15:28:33,982 [pool-439-thread-1] INFO  server.RaftServerConfigKeys (ConfUtils.java:logGet(43)) - raft.server.log.use.memory = false (default)
2019-08-28 15:28:33,982 [pool-461-thread-1] INFO  ratis.ContainerStateMachine (ContainerStateMachine.java:loadSnapshot(226)) - group-820DEEB479C9: The snapshot info is null. Setting the last applied indexto:(t:0, i:~)
2019-08-28 15:28:33,983 [pool-439-thread-1] INFO  server.RaftServerConfigKeys (ConfUtils.java:logGet(43)) - raft.server.log.purge.gap = 1000000 (custom)
2019-08-28 15:28:33,982 [pool-450-thread-1] INFO  server.RaftServerConfigKeys (ConfUtils.java:logGet(43)) - raft.server.log.use.memory = false (default)
2019-08-28 15:28:33,983 [pool-439-thread-1] INFO  server.RaftServerConfigKeys (ConfUtils.java:logGet(43)) - raft.server.log.appender.buffer.byte-limit = 33554432 (custom)
2019-08-28 15:28:33,983 [pool-461-thread-1] INFO  server.RaftServerConfigKeys (ConfUtils.java:logGet(43)) - raft.server.leader.election.timeout = 120s (custom)
2019-08-28 15:28:33,983 [pool-439-thread-1] INFO  server.RaftServerConfigKeys (ConfUtils.java:logGet(43)) - raft.server.log.segment.size.max = 1048576 (custom)
2019-08-28 15:28:33,983 [pool-450-thread-1] INFO  server.RaftServerConfigKeys (ConfUtils.java:logGet(43)) - raft.server.log.purge.gap = 1000000 (custom)
2019-08-28 15:28:33,983 [pool-439-thread-1] INFO  server.RaftServerConfigKeys (ConfUtils.java:logGet(43)) - raft.server.log.segment.cache.num.max = 2 (custom)
2019-08-28 15:28:33,983 [pool-439-thread-1] INFO  segmented.SegmentedRaftLogWorker (SegmentedRaftLogWorker.java:<init>(172)) - new e083f44d-f6d5-42ec-804b-f102740a8909-SegmentedRaftLogWorker:Storage Directory /workdir/hadoop-ozone/integration-test/target/test-dir/MiniOzoneClusterImpl-dff33e01-b2b8-4087-89b9-ab66c11044e2/datanode-0/data/ratis/21f703fd-59f3-40d5-a518-820deeb479c9 for RaftStorage:Storage Directory /workdir/hadoop-ozone/integration-test/target/test-dir/MiniOzoneClusterImpl-dff33e01-b2b8-4087-89b9-ab66c11044e2/datanode-0/data/ratis/21f703fd-59f3-40d5-a518-820deeb479c9
2019-08-28 15:28:33,983 [pool-461-thread-1] INFO  server.RaftServerConfigKeys (ConfUtils.java:logGet(43)) - raft.server.log.use.memory = false (default)
2019-08-28 15:28:33,984 [pool-439-thread-1] INFO  server.RaftServerConfigKeys (ConfUtils.java:logGet(43)) - raft.server.log.queue.byte-limit = 2147483647 (custom)
2019-08-28 15:28:33,983 [pool-450-thread-1] INFO  server.RaftServerConfigKeys (ConfUtils.java:logGet(43)) - raft.server.log.appender.buffer.byte-limit = 33554432 (custom)
2019-08-28 15:28:33,984 [pool-439-thread-1] INFO  server.RaftServerConfigKeys (ConfUtils.java:logGet(43)) - raft.server.log.queue.element-limit = 1024 (custom)
2019-08-28 15:28:33,984 [pool-461-thread-1] INFO  server.RaftServerConfigKeys (ConfUtils.java:logGet(43)) - raft.server.log.purge.gap = 1000000 (custom)
2019-08-28 15:28:33,984 [pool-439-thread-1] INFO  server.RaftServerConfigKeys (ConfUtils.java:logGet(43)) - raft.server.log.segment.size.max = 1048576 (custom)
2019-08-28 15:28:33,984 [pool-439-thread-1] INFO  server.RaftServerConfigKeys (ConfUtils.java:logGet(43)) - raft.server.log.preallocated.size = 16384 (custom)
2019-08-28 15:28:33,984 [pool-450-thread-1] INFO  server.RaftServerConfigKeys (ConfUtils.java:logGet(43)) - raft.server.log.segment.size.max = 1048576 (custom)
2019-08-28 15:28:33,984 [pool-439-thread-1] INFO  server.RaftServerConfigKeys (ConfUtils.java:logGet(43)) - raft.server.log.write.buffer.size = 33554432 (custom)
2019-08-28 15:28:33,984 [pool-461-thread-1] INFO  server.RaftServerConfigKeys (ConfUtils.java:logGet(43)) - raft.server.log.appender.buffer.byte-limit = 33554432 (custom)
2019-08-28 15:28:33,985 [pool-439-thread-1] INFO  server.RaftServerConfigKeys (ConfUtils.java:logGet(43)) - raft.server.log.force.sync.num = 128 (default)
2019-08-28 15:28:33,985 [pool-439-thread-1] INFO  server.RaftServerConfigKeys (ConfUtils.java:logGet(43)) - raft.server.log.statemachine.data.sync = true (default)
2019-08-28 15:28:33,985 [pool-450-thread-1] INFO  server.RaftServerConfigKeys (ConfUtils.java:logGet(43)) - raft.server.log.segment.cache.num.max = 2 (custom)
2019-08-28 15:28:33,985 [pool-439-thread-1] INFO  server.RaftServerConfigKeys (ConfUtils.java:logGet(43)) - raft.server.log.statemachine.data.sync.timeout = 10s (default)
2019-08-28 15:28:33,985 [pool-439-thread-1] INFO  server.RaftServerConfigKeys (ConfUtils.java:logGet(43)) - raft.server.log.statemachine.data.sync.timeout.retry = -1 (default)
2019-08-28 15:28:33,985 [pool-461-thread-1] INFO  server.RaftServerConfigKeys (ConfUtils.java:logGet(43)) - raft.server.log.segment.size.max = 1048576 (custom)
2019-08-28 15:28:33,985 [pool-439-thread-1] INFO  server.RaftServerConfigKeys (ConfUtils.java:logGet(43)) - raft.server.log.statemachine.data.caching.enabled = true (custom)
2019-08-28 15:28:33,985 [pool-450-thread-1] INFO  segmented.SegmentedRaftLogWorker (SegmentedRaftLogWorker.java:<init>(172)) - new c88de438-deef-4f9f-8cec-a54281b0c8d4-SegmentedRaftLogWorker:Storage Directory /workdir/hadoop-ozone/integration-test/target/test-dir/MiniOzoneClusterImpl-dff33e01-b2b8-4087-89b9-ab66c11044e2/datanode-1/data/ratis/21f703fd-59f3-40d5-a518-820deeb479c9 for RaftStorage:Storage Directory /workdir/hadoop-ozone/integration-test/target/test-dir/MiniOzoneClusterImpl-dff33e01-b2b8-4087-89b9-ab66c11044e2/datanode-1/data/ratis/21f703fd-59f3-40d5-a518-820deeb479c9
2019-08-28 15:28:33,986 [pool-461-thread-1] INFO  server.RaftServerConfigKeys (ConfUtils.java:logGet(43)) - raft.server.log.segment.cache.num.max = 2 (custom)
2019-08-28 15:28:33,986 [pool-439-thread-1] INFO  segmented.SegmentedRaftLogWorker (SegmentedRaftLogWorker.java:lambda$new$0(132)) - e083f44d-f6d5-42ec-804b-f102740a8909-SegmentedRaftLogWorker:Storage Directory /workdir/hadoop-ozone/integration-test/target/test-dir/MiniOzoneClusterImpl-dff33e01-b2b8-4087-89b9-ab66c11044e2/datanode-0/data/ratis/21f703fd-59f3-40d5-a518-820deeb479c9: flushIndex: setUnconditionally 0 -> -1
2019-08-28 15:28:33,986 [pool-450-thread-1] INFO  server.RaftServerConfigKeys (ConfUtils.java:logGet(43)) - raft.server.log.queue.byte-limit = 2147483647 (custom)
2019-08-28 15:28:33,986 [pool-450-thread-1] INFO  server.RaftServerConfigKeys (ConfUtils.java:logGet(43)) - raft.server.log.queue.element-limit = 1024 (custom)
2019-08-28 15:28:33,986 [pool-461-thread-1] INFO  segmented.SegmentedRaftLogWorker (SegmentedRaftLogWorker.java:<init>(172)) - new a5b00b79-c734-41b7-9619-32717c8abca8-SegmentedRaftLogWorker:Storage Directory /workdir/hadoop-ozone/integration-test/target/test-dir/MiniOzoneClusterImpl-dff33e01-b2b8-4087-89b9-ab66c11044e2/datanode-2/data/ratis/21f703fd-59f3-40d5-a518-820deeb479c9 for RaftStorage:Storage Directory /workdir/hadoop-ozone/integration-test/target/test-dir/MiniOzoneClusterImpl-dff33e01-b2b8-4087-89b9-ab66c11044e2/datanode-2/data/ratis/21f703fd-59f3-40d5-a518-820deeb479c9
2019-08-28 15:28:33,987 [pool-450-thread-1] INFO  server.RaftServerConfigKeys (ConfUtils.java:logGet(43)) - raft.server.log.segment.size.max = 1048576 (custom)
2019-08-28 15:28:33,986 [pool-439-thread-1] INFO  server.RaftServerConfigKeys (ConfUtils.java:logGet(43)) - raft.server.snapshot.auto.trigger.enabled = true (custom)
2019-08-28 15:28:33,987 [pool-450-thread-1] INFO  server.RaftServerConfigKeys (ConfUtils.java:logGet(43)) - raft.server.log.preallocated.size = 16384 (custom)
2019-08-28 15:28:33,987 [pool-450-thread-1] INFO  server.RaftServerConfigKeys (ConfUtils.java:logGet(43)) - raft.server.log.write.buffer.size = 33554432 (custom)
2019-08-28 15:28:33,987 [pool-461-thread-1] INFO  server.RaftServerConfigKeys (ConfUtils.java:logGet(43)) - raft.server.log.queue.byte-limit = 2147483647 (custom)
2019-08-28 15:28:33,987 [pool-450-thread-1] INFO  server.RaftServerConfigKeys (ConfUtils.java:logGet(43)) - raft.server.log.force.sync.num = 128 (default)
2019-08-28 15:28:33,987 [pool-439-thread-1] INFO  server.RaftServerConfigKeys (ConfUtils.java:logGet(43)) - raft.server.snapshot.auto.trigger.threshold = 10000 (custom)
2019-08-28 15:28:33,987 [pool-450-thread-1] INFO  server.RaftServerConfigKeys (ConfUtils.java:logGet(43)) - raft.server.log.statemachine.data.sync = true (default)
2019-08-28 15:28:33,988 [pool-450-thread-1] INFO  server.RaftServerConfigKeys (ConfUtils.java:logGet(43)) - raft.server.log.statemachine.data.sync.timeout = 10s (default)
2019-08-28 15:28:33,987 [pool-461-thread-1] INFO  server.RaftServerConfigKeys (ConfUtils.java:logGet(43)) - raft.server.log.queue.element-limit = 1024 (custom)
2019-08-28 15:28:33,988 [pool-450-thread-1] INFO  server.RaftServerConfigKeys (ConfUtils.java:logGet(43)) - raft.server.log.statemachine.data.sync.timeout.retry = -1 (default)
2019-08-28 15:28:33,987 [pool-439-thread-1] INFO  server.RaftServerConfigKeys (ConfUtils.java:logGet(43)) - raft.server.retrycache.expirytime = 600000ms (custom)
2019-08-28 15:28:33,988 [pool-450-thread-1] INFO  server.RaftServerConfigKeys (ConfUtils.java:logGet(43)) - raft.server.log.statemachine.data.caching.enabled = true (custom)
2019-08-28 15:28:33,988 [pool-461-thread-1] INFO  server.RaftServerConfigKeys (ConfUtils.java:logGet(43)) - raft.server.log.segment.size.max = 1048576 (custom)
2019-08-28 15:28:33,988 [pool-450-thread-1] INFO  segmented.SegmentedRaftLogWorker (SegmentedRaftLogWorker.java:lambda$new$0(132)) - c88de438-deef-4f9f-8cec-a54281b0c8d4-SegmentedRaftLogWorker:Storage Directory /workdir/hadoop-ozone/integration-test/target/test-dir/MiniOzoneClusterImpl-dff33e01-b2b8-4087-89b9-ab66c11044e2/datanode-1/data/ratis/21f703fd-59f3-40d5-a518-820deeb479c9: flushIndex: setUnconditionally 0 -> -1
2019-08-28 15:28:33,988 [pool-439-thread-1] INFO  impl.RaftServerImpl (RaftServerImpl.java:start(180)) - e083f44d-f6d5-42ec-804b-f102740a8909: start group-820DEEB479C9
2019-08-28 15:28:33,988 [pool-461-thread-1] INFO  server.RaftServerConfigKeys (ConfUtils.java:logGet(43)) - raft.server.log.preallocated.size = 16384 (custom)
2019-08-28 15:28:33,988 [pool-450-thread-1] INFO  server.RaftServerConfigKeys (ConfUtils.java:logGet(43)) - raft.server.snapshot.auto.trigger.enabled = true (custom)
2019-08-28 15:28:33,988 [pool-439-thread-1] INFO  impl.RaftServerImpl (RaftServerImpl.java:setRole(171)) - e083f44d-f6d5-42ec-804b-f102740a8909:group-820DEEB479C9 changes role from null to FOLLOWER at term 0 for startAsFollower
2019-08-28 15:28:33,989 [pool-450-thread-1] INFO  server.RaftServerConfigKeys (ConfUtils.java:logGet(43)) - raft.server.snapshot.auto.trigger.threshold = 10000 (custom)
2019-08-28 15:28:33,989 [pool-461-thread-1] INFO  server.RaftServerConfigKeys (ConfUtils.java:logGet(43)) - raft.server.log.write.buffer.size = 33554432 (custom)
2019-08-28 15:28:33,989 [pool-450-thread-1] INFO  server.RaftServerConfigKeys (ConfUtils.java:logGet(43)) - raft.server.retrycache.expirytime = 600000ms (custom)
2019-08-28 15:28:33,989 [pool-439-thread-1] INFO  impl.RoleInfo (RoleInfo.java:updateAndGet(143)) - e083f44d-f6d5-42ec-804b-f102740a8909: start FollowerState
2019-08-28 15:28:33,989 [pool-450-thread-1] INFO  impl.RaftServerImpl (RaftServerImpl.java:start(180)) - c88de438-deef-4f9f-8cec-a54281b0c8d4: start group-820DEEB479C9
2019-08-28 15:28:33,989 [pool-450-thread-1] INFO  impl.RaftServerImpl (RaftServerImpl.java:setRole(171)) - c88de438-deef-4f9f-8cec-a54281b0c8d4:group-820DEEB479C9 changes role from null to FOLLOWER at term 0 for startAsFollower
2019-08-28 15:28:33,989 [pool-461-thread-1] INFO  server.RaftServerConfigKeys (ConfUtils.java:logGet(43)) - raft.server.log.force.sync.num = 128 (default)
2019-08-28 15:28:34,002 [pool-439-thread-1] INFO  util.JmxRegister (JmxRegister.java:tryRegister(44)) - Successfully registered JMX Bean with object name Ratis:service=RaftServer,group=group-820DEEB479C9,id=e083f44d-f6d5-42ec-804b-f102740a8909
2019-08-28 15:28:33,989 [pool-450-thread-1] INFO  impl.RoleInfo (RoleInfo.java:updateAndGet(143)) - c88de438-deef-4f9f-8cec-a54281b0c8d4: start FollowerState
2019-08-28 15:28:34,002 [pool-461-thread-1] INFO  server.RaftServerConfigKeys (ConfUtils.java:logGet(43)) - raft.server.log.statemachine.data.sync = true (default)
2019-08-28 15:28:34,008 [pool-461-thread-1] INFO  server.RaftServerConfigKeys (ConfUtils.java:logGet(43)) - raft.server.log.statemachine.data.sync.timeout = 10s (default)
2019-08-28 15:28:34,008 [pool-450-thread-1] INFO  util.JmxRegister (JmxRegister.java:tryRegister(44)) - Successfully registered JMX Bean with object name Ratis:service=RaftServer,group=group-820DEEB479C9,id=c88de438-deef-4f9f-8cec-a54281b0c8d4
2019-08-28 15:28:34,008 [pool-461-thread-1] INFO  server.RaftServerConfigKeys (ConfUtils.java:logGet(43)) - raft.server.log.statemachine.data.sync.timeout.retry = -1 (default)
2019-08-28 15:28:34,009 [pool-461-thread-1] INFO  server.RaftServerConfigKeys (ConfUtils.java:logGet(43)) - raft.server.log.statemachine.data.caching.enabled = true (custom)
2019-08-28 15:28:34,009 [pool-461-thread-1] INFO  segmented.SegmentedRaftLogWorker (SegmentedRaftLogWorker.java:lambda$new$0(132)) - a5b00b79-c734-41b7-9619-32717c8abca8-SegmentedRaftLogWorker:Storage Directory /workdir/hadoop-ozone/integration-test/target/test-dir/MiniOzoneClusterImpl-dff33e01-b2b8-4087-89b9-ab66c11044e2/datanode-2/data/ratis/21f703fd-59f3-40d5-a518-820deeb479c9: flushIndex: setUnconditionally 0 -> -1
2019-08-28 15:28:34,011 [pool-461-thread-1] INFO  server.RaftServerConfigKeys (ConfUtils.java:logGet(43)) - raft.server.snapshot.auto.trigger.enabled = true (custom)
2019-08-28 15:28:34,011 [pool-461-thread-1] INFO  server.RaftServerConfigKeys (ConfUtils.java:logGet(43)) - raft.server.snapshot.auto.trigger.threshold = 10000 (custom)
2019-08-28 15:28:34,011 [pool-461-thread-1] INFO  server.RaftServerConfigKeys (ConfUtils.java:logGet(43)) - raft.server.retrycache.expirytime = 600000ms (custom)
2019-08-28 15:28:34,011 [pool-461-thread-1] INFO  impl.RaftServerImpl (RaftServerImpl.java:start(180)) - a5b00b79-c734-41b7-9619-32717c8abca8: start group-820DEEB479C9
2019-08-28 15:28:34,011 [pool-461-thread-1] INFO  impl.RaftServerImpl (RaftServerImpl.java:setRole(171)) - a5b00b79-c734-41b7-9619-32717c8abca8:group-820DEEB479C9 changes role from null to FOLLOWER at term 0 for startAsFollower
2019-08-28 15:28:34,011 [pool-461-thread-1] INFO  impl.RoleInfo (RoleInfo.java:updateAndGet(143)) - a5b00b79-c734-41b7-9619-32717c8abca8: start FollowerState
2019-08-28 15:28:34,012 [pool-461-thread-1] INFO  util.JmxRegister (JmxRegister.java:tryRegister(44)) - Successfully registered JMX Bean with object name Ratis:service=RaftServer,group=group-820DEEB479C9,id=a5b00b79-c734-41b7-9619-32717c8abca8
2019-08-28 15:28:34,015 [RatisPipelineUtilsThread] INFO  pipeline.PipelineStateManager (PipelineStateManager.java:addPipeline(56)) - Created pipeline Pipeline[ Id: 21f703fd-59f3-40d5-a518-820deeb479c9, Nodes: a5b00b79-c734-41b7-9619-32717c8abca8{ip: 192.168.5.160, host: pr-hdds-1950-8p5ww-60544353, networkLocation: /default-rack, certSerialId: null}e083f44d-f6d5-42ec-804b-f102740a8909{ip: 192.168.5.160, host: pr-hdds-1950-8p5ww-60544353, networkLocation: /default-rack, certSerialId: null}c88de438-deef-4f9f-8cec-a54281b0c8d4{ip: 192.168.5.160, host: pr-hdds-1950-8p5ww-60544353, networkLocation: /default-rack, certSerialId: null}, Type:RATIS, Factor:THREE, State:OPEN]
2019-08-28 15:28:34,264 [IPC Server handler 2 on 35023] INFO  net.NetworkTopology (NetworkTopologyImpl.java:add(110)) - Added a new node: /default-rack/96ef22e8-7a4e-4fe1-adeb-c5b0ceb08246
2019-08-28 15:28:34,264 [IPC Server handler 2 on 35023] INFO  node.SCMNodeManager (SCMNodeManager.java:register(273)) - Registered Data node : 96ef22e8-7a4e-4fe1-adeb-c5b0ceb08246{ip: 192.168.5.160, host: pr-hdds-1950-8p5ww-60544353, networkLocation: /default-rack, certSerialId: null}
2019-08-28 15:28:34,267 | INFO  | SCMAudit | user=jenkins1000 | ip=192.168.5.160 | op=REGISTER {datanodeDetails=96ef22e8-7a4e-4fe1-adeb-c5b0ceb08246{ip: 192.168.5.160, host: pr-hdds-1950-8p5ww-60544353, networkLocation: /default-rack, certSerialId: null}} | ret=SUCCESS |  
2019-08-28 15:28:34,272 [grpc-default-executor-3] INFO  impl.RaftServerProxy (RaftServerProxy.java:addNew(89)) - 96ef22e8-7a4e-4fe1-adeb-c5b0ceb08246: addNew group-9990B730111B:[96ef22e8-7a4e-4fe1-adeb-c5b0ceb08246:192.168.5.160:36090] returns group-9990B730111B:java.util.concurrent.CompletableFuture@51a03ba7[Not completed]
2019-08-28 15:28:34,273 [pool-472-thread-1] INFO  impl.RaftServerImpl (RaftServerImpl.java:<init>(93)) - 96ef22e8-7a4e-4fe1-adeb-c5b0ceb08246: new RaftServerImpl for group-9990B730111B:[96ef22e8-7a4e-4fe1-adeb-c5b0ceb08246:192.168.5.160:36090] with ContainerStateMachine:uninitialized
2019-08-28 15:28:34,273 [pool-472-thread-1] INFO  server.RaftServerConfigKeys (ConfUtils.java:logGet(43)) - raft.server.rpc.timeout.min = 5s (custom)
2019-08-28 15:28:34,273 [pool-472-thread-1] INFO  server.RaftServerConfigKeys (ConfUtils.java:logGet(43)) - raft.server.rpc.timeout.max = 5200ms (custom)
2019-08-28 15:28:34,274 [pool-472-thread-1] INFO  server.RaftServerConfigKeys (ConfUtils.java:logGet(43)) - raft.server.rpcslowness.timeout = 120s (custom)
2019-08-28 15:28:34,274 [pool-472-thread-1] INFO  server.RaftServerConfigKeys (ConfUtils.java:logGet(43)) - raft.server.sleep.deviation.threshold = 300 (default)
2019-08-28 15:28:34,274 [pool-472-thread-1] INFO  server.RaftServerConfigKeys (ConfUtils.java:logGet(43)) - raft.server.log.appender.install.snapshot.enabled = false (custom)
2019-08-28 15:28:34,274 [pool-472-thread-1] INFO  impl.RaftServerImpl (ServerState.java:<init>(105)) - 96ef22e8-7a4e-4fe1-adeb-c5b0ceb08246:group-9990B730111B ConfigurationManager, init=-1: [96ef22e8-7a4e-4fe1-adeb-c5b0ceb08246:192.168.5.160:36090], old=null, confs=<EMPTY_MAP>
2019-08-28 15:28:34,274 [pool-472-thread-1] INFO  server.RaftServerConfigKeys (ConfUtils.java:logGet(43)) - raft.server.storage.dir = [/workdir/hadoop-ozone/integration-test/target/test-dir/MiniOzoneClusterImpl-dff33e01-b2b8-4087-89b9-ab66c11044e2/datanode-3/data/ratis] (custom)
2019-08-28 15:28:34,274 [pool-472-thread-1] INFO  storage.RaftStorageDirectory (RaftStorageDirectory.java:analyzeStorage(246)) - The storage directory /workdir/hadoop-ozone/integration-test/target/test-dir/MiniOzoneClusterImpl-dff33e01-b2b8-4087-89b9-ab66c11044e2/datanode-3/data/ratis/f93cbc77-d9d0-4de3-a135-9990b730111b does not exist. Creating ...
2019-08-28 15:28:34,280 [pool-472-thread-1] INFO  storage.RaftStorageDirectory (RaftStorageDirectory.java:tryLock(328)) - Lock on /workdir/hadoop-ozone/integration-test/target/test-dir/MiniOzoneClusterImpl-dff33e01-b2b8-4087-89b9-ab66c11044e2/datanode-3/data/ratis/f93cbc77-d9d0-4de3-a135-9990b730111b/in_use.lock acquired by nodename 29118@pr-hdds-1950-8p5ww-60544353
2019-08-28 15:28:34,294 [pool-472-thread-1] INFO  storage.RaftStorage (RaftStorage.java:format(72)) - Storage directory /workdir/hadoop-ozone/integration-test/target/test-dir/MiniOzoneClusterImpl-dff33e01-b2b8-4087-89b9-ab66c11044e2/datanode-3/data/ratis/f93cbc77-d9d0-4de3-a135-9990b730111b has been successfully formatted.
2019-08-28 15:28:34,294 [pool-472-thread-1] INFO  ratis.ContainerStateMachine (ContainerStateMachine.java:loadSnapshot(226)) - group-9990B730111B: The snapshot info is null. Setting the last applied indexto:(t:0, i:~)
2019-08-28 15:28:34,294 [pool-472-thread-1] INFO  server.RaftServerConfigKeys (ConfUtils.java:logGet(43)) - raft.server.leader.election.timeout = 120s (custom)
2019-08-28 15:28:34,294 [pool-472-thread-1] INFO  server.RaftServerConfigKeys (ConfUtils.java:logGet(43)) - raft.server.log.use.memory = false (default)
2019-08-28 15:28:34,294 [pool-472-thread-1] INFO  server.RaftServerConfigKeys (ConfUtils.java:logGet(43)) - raft.server.log.purge.gap = 1000000 (custom)
2019-08-28 15:28:34,295 [pool-472-thread-1] INFO  server.RaftServerConfigKeys (ConfUtils.java:logGet(43)) - raft.server.log.appender.buffer.byte-limit = 33554432 (custom)
2019-08-28 15:28:34,295 [pool-472-thread-1] INFO  server.RaftServerConfigKeys (ConfUtils.java:logGet(43)) - raft.server.log.segment.size.max = 1048576 (custom)
2019-08-28 15:28:34,295 [pool-472-thread-1] INFO  server.RaftServerConfigKeys (ConfUtils.java:logGet(43)) - raft.server.log.segment.cache.num.max = 2 (custom)
2019-08-28 15:28:34,295 [pool-472-thread-1] INFO  segmented.SegmentedRaftLogWorker (SegmentedRaftLogWorker.java:<init>(172)) - new 96ef22e8-7a4e-4fe1-adeb-c5b0ceb08246-SegmentedRaftLogWorker:Storage Directory /workdir/hadoop-ozone/integration-test/target/test-dir/MiniOzoneClusterImpl-dff33e01-b2b8-4087-89b9-ab66c11044e2/datanode-3/data/ratis/f93cbc77-d9d0-4de3-a135-9990b730111b for RaftStorage:Storage Directory /workdir/hadoop-ozone/integration-test/target/test-dir/MiniOzoneClusterImpl-dff33e01-b2b8-4087-89b9-ab66c11044e2/datanode-3/data/ratis/f93cbc77-d9d0-4de3-a135-9990b730111b
2019-08-28 15:28:34,295 [pool-472-thread-1] INFO  server.RaftServerConfigKeys (ConfUtils.java:logGet(43)) - raft.server.log.queue.byte-limit = 2147483647 (custom)
2019-08-28 15:28:34,295 [pool-472-thread-1] INFO  server.RaftServerConfigKeys (ConfUtils.java:logGet(43)) - raft.server.log.queue.element-limit = 1024 (custom)
2019-08-28 15:28:34,295 [pool-472-thread-1] INFO  server.RaftServerConfigKeys (ConfUtils.java:logGet(43)) - raft.server.log.segment.size.max = 1048576 (custom)
2019-08-28 15:28:34,295 [pool-472-thread-1] INFO  server.RaftServerConfigKeys (ConfUtils.java:logGet(43)) - raft.server.log.preallocated.size = 16384 (custom)
2019-08-28 15:28:34,296 [pool-472-thread-1] INFO  server.RaftServerConfigKeys (ConfUtils.java:logGet(43)) - raft.server.log.write.buffer.size = 33554432 (custom)
2019-08-28 15:28:34,296 [pool-472-thread-1] INFO  server.RaftServerConfigKeys (ConfUtils.java:logGet(43)) - raft.server.log.force.sync.num = 128 (default)
2019-08-28 15:28:34,296 [pool-472-thread-1] INFO  server.RaftServerConfigKeys (ConfUtils.java:logGet(43)) - raft.server.log.statemachine.data.sync = true (default)
2019-08-28 15:28:34,296 [pool-472-thread-1] INFO  server.RaftServerConfigKeys (ConfUtils.java:logGet(43)) - raft.server.log.statemachine.data.sync.timeout = 10s (default)
2019-08-28 15:28:34,296 [pool-472-thread-1] INFO  server.RaftServerConfigKeys (ConfUtils.java:logGet(43)) - raft.server.log.statemachine.data.sync.timeout.retry = -1 (default)
2019-08-28 15:28:34,296 [pool-472-thread-1] INFO  server.RaftServerConfigKeys (ConfUtils.java:logGet(43)) - raft.server.log.statemachine.data.caching.enabled = true (custom)
2019-08-28 15:28:34,296 [pool-472-thread-1] INFO  segmented.SegmentedRaftLogWorker (SegmentedRaftLogWorker.java:lambda$new$0(132)) - 96ef22e8-7a4e-4fe1-adeb-c5b0ceb08246-SegmentedRaftLogWorker:Storage Directory /workdir/hadoop-ozone/integration-test/target/test-dir/MiniOzoneClusterImpl-dff33e01-b2b8-4087-89b9-ab66c11044e2/datanode-3/data/ratis/f93cbc77-d9d0-4de3-a135-9990b730111b: flushIndex: setUnconditionally 0 -> -1
2019-08-28 15:28:34,297 [pool-472-thread-1] INFO  server.RaftServerConfigKeys (ConfUtils.java:logGet(43)) - raft.server.snapshot.auto.trigger.enabled = true (custom)
2019-08-28 15:28:34,297 [pool-472-thread-1] INFO  server.RaftServerConfigKeys (ConfUtils.java:logGet(43)) - raft.server.snapshot.auto.trigger.threshold = 10000 (custom)
2019-08-28 15:28:34,297 [pool-472-thread-1] INFO  server.RaftServerConfigKeys (ConfUtils.java:logGet(43)) - raft.server.retrycache.expirytime = 600000ms (custom)
2019-08-28 15:28:34,297 [pool-472-thread-1] INFO  impl.RaftServerImpl (RaftServerImpl.java:start(180)) - 96ef22e8-7a4e-4fe1-adeb-c5b0ceb08246: start group-9990B730111B
2019-08-28 15:28:34,297 [pool-472-thread-1] INFO  impl.RaftServerImpl (RaftServerImpl.java:setRole(171)) - 96ef22e8-7a4e-4fe1-adeb-c5b0ceb08246:group-9990B730111B changes role from null to FOLLOWER at term 0 for startAsFollower
2019-08-28 15:28:34,297 [pool-472-thread-1] INFO  impl.RoleInfo (RoleInfo.java:updateAndGet(143)) - 96ef22e8-7a4e-4fe1-adeb-c5b0ceb08246: start FollowerState
2019-08-28 15:28:34,297 [pool-472-thread-1] INFO  util.JmxRegister (JmxRegister.java:tryRegister(44)) - Successfully registered JMX Bean with object name Ratis:service=RaftServer,group=group-9990B730111B,id=96ef22e8-7a4e-4fe1-adeb-c5b0ceb08246
2019-08-28 15:28:34,301 [RatisPipelineUtilsThread] INFO  pipeline.PipelineStateManager (PipelineStateManager.java:addPipeline(56)) - Created pipeline Pipeline[ Id: f93cbc77-d9d0-4de3-a135-9990b730111b, Nodes: 96ef22e8-7a4e-4fe1-adeb-c5b0ceb08246{ip: 192.168.5.160, host: pr-hdds-1950-8p5ww-60544353, networkLocation: /default-rack, certSerialId: null}, Type:RATIS, Factor:ONE, State:OPEN]
2019-08-28 15:28:34,446 [IPC Server handler 0 on 35023] INFO  net.NetworkTopology (NetworkTopologyImpl.java:add(110)) - Added a new node: /default-rack/c9e8e19f-54bf-4369-bbaf-73beb462e187
2019-08-28 15:28:34,446 [IPC Server handler 0 on 35023] INFO  node.SCMNodeManager (SCMNodeManager.java:register(273)) - Registered Data node : c9e8e19f-54bf-4369-bbaf-73beb462e187{ip: 192.168.5.160, host: pr-hdds-1950-8p5ww-60544353, networkLocation: /default-rack, certSerialId: null}
2019-08-28 15:28:34,447 | INFO  | SCMAudit | user=jenkins1000 | ip=192.168.5.160 | op=REGISTER {datanodeDetails=c9e8e19f-54bf-4369-bbaf-73beb462e187{ip: 192.168.5.160, host: pr-hdds-1950-8p5ww-60544353, networkLocation: /default-rack, certSerialId: null}} | ret=SUCCESS |  
2019-08-28 15:28:34,455 [grpc-default-executor-3] INFO  impl.RaftServerProxy (RaftServerProxy.java:addNew(89)) - c9e8e19f-54bf-4369-bbaf-73beb462e187: addNew group-BD16D763BA50:[c9e8e19f-54bf-4369-bbaf-73beb462e187:192.168.5.160:42176] returns group-BD16D763BA50:java.util.concurrent.CompletableFuture@779cd98b[Not completed]
2019-08-28 15:28:34,457 [pool-483-thread-1] INFO  impl.RaftServerImpl (RaftServerImpl.java:<init>(93)) - c9e8e19f-54bf-4369-bbaf-73beb462e187: new RaftServerImpl for group-BD16D763BA50:[c9e8e19f-54bf-4369-bbaf-73beb462e187:192.168.5.160:42176] with ContainerStateMachine:uninitialized
2019-08-28 15:28:34,457 [pool-483-thread-1] INFO  server.RaftServerConfigKeys (ConfUtils.java:logGet(43)) - raft.server.rpc.timeout.min = 5s (custom)
2019-08-28 15:28:34,457 [pool-483-thread-1] INFO  server.RaftServerConfigKeys (ConfUtils.java:logGet(43)) - raft.server.rpc.timeout.max = 5200ms (custom)
2019-08-28 15:28:34,458 [pool-483-thread-1] INFO  server.RaftServerConfigKeys (ConfUtils.java:logGet(43)) - raft.server.rpcslowness.timeout = 120s (custom)
2019-08-28 15:28:34,458 [pool-483-thread-1] INFO  server.RaftServerConfigKeys (ConfUtils.java:logGet(43)) - raft.server.sleep.deviation.threshold = 300 (default)
2019-08-28 15:28:34,458 [pool-483-thread-1] INFO  server.RaftServerConfigKeys (ConfUtils.java:logGet(43)) - raft.server.log.appender.install.snapshot.enabled = false (custom)
2019-08-28 15:28:34,458 [pool-483-thread-1] INFO  impl.RaftServerImpl (ServerState.java:<init>(105)) - c9e8e19f-54bf-4369-bbaf-73beb462e187:group-BD16D763BA50 ConfigurationManager, init=-1: [c9e8e19f-54bf-4369-bbaf-73beb462e187:192.168.5.160:42176], old=null, confs=<EMPTY_MAP>
2019-08-28 15:28:34,458 [pool-483-thread-1] INFO  server.RaftServerConfigKeys (ConfUtils.java:logGet(43)) - raft.server.storage.dir = [/workdir/hadoop-ozone/integration-test/target/test-dir/MiniOzoneClusterImpl-dff33e01-b2b8-4087-89b9-ab66c11044e2/datanode-4/data/ratis] (custom)
2019-08-28 15:28:34,459 [pool-483-thread-1] INFO  storage.RaftStorageDirectory (RaftStorageDirectory.java:analyzeStorage(246)) - The storage directory /workdir/hadoop-ozone/integration-test/target/test-dir/MiniOzoneClusterImpl-dff33e01-b2b8-4087-89b9-ab66c11044e2/datanode-4/data/ratis/97044d12-c836-40cc-97a0-bd16d763ba50 does not exist. Creating ...
2019-08-28 15:28:34,473 [pool-483-thread-1] INFO  storage.RaftStorageDirectory (RaftStorageDirectory.java:tryLock(328)) - Lock on /workdir/hadoop-ozone/integration-test/target/test-dir/MiniOzoneClusterImpl-dff33e01-b2b8-4087-89b9-ab66c11044e2/datanode-4/data/ratis/97044d12-c836-40cc-97a0-bd16d763ba50/in_use.lock acquired by nodename 29118@pr-hdds-1950-8p5ww-60544353
2019-08-28 15:28:34,487 [pool-483-thread-1] INFO  storage.RaftStorage (RaftStorage.java:format(72)) - Storage directory /workdir/hadoop-ozone/integration-test/target/test-dir/MiniOzoneClusterImpl-dff33e01-b2b8-4087-89b9-ab66c11044e2/datanode-4/data/ratis/97044d12-c836-40cc-97a0-bd16d763ba50 has been successfully formatted.
2019-08-28 15:28:34,488 [pool-483-thread-1] INFO  ratis.ContainerStateMachine (ContainerStateMachine.java:loadSnapshot(226)) - group-BD16D763BA50: The snapshot info is null. Setting the last applied indexto:(t:0, i:~)
2019-08-28 15:28:34,488 [pool-483-thread-1] INFO  server.RaftServerConfigKeys (ConfUtils.java:logGet(43)) - raft.server.leader.election.timeout = 120s (custom)
2019-08-28 15:28:34,488 [pool-483-thread-1] INFO  server.RaftServerConfigKeys (ConfUtils.java:logGet(43)) - raft.server.log.use.memory = false (default)
2019-08-28 15:28:34,488 [pool-483-thread-1] INFO  server.RaftServerConfigKeys (ConfUtils.java:logGet(43)) - raft.server.log.purge.gap = 1000000 (custom)
2019-08-28 15:28:34,488 [pool-483-thread-1] INFO  server.RaftServerConfigKeys (ConfUtils.java:logGet(43)) - raft.server.log.appender.buffer.byte-limit = 33554432 (custom)
2019-08-28 15:28:34,489 [pool-483-thread-1] INFO  server.RaftServerConfigKeys (ConfUtils.java:logGet(43)) - raft.server.log.segment.size.max = 1048576 (custom)
2019-08-28 15:28:34,489 [pool-483-thread-1] INFO  server.RaftServerConfigKeys (ConfUtils.java:logGet(43)) - raft.server.log.segment.cache.num.max = 2 (custom)
2019-08-28 15:28:34,489 [pool-483-thread-1] INFO  segmented.SegmentedRaftLogWorker (SegmentedRaftLogWorker.java:<init>(172)) - new c9e8e19f-54bf-4369-bbaf-73beb462e187-SegmentedRaftLogWorker:Storage Directory /workdir/hadoop-ozone/integration-test/target/test-dir/MiniOzoneClusterImpl-dff33e01-b2b8-4087-89b9-ab66c11044e2/datanode-4/data/ratis/97044d12-c836-40cc-97a0-bd16d763ba50 for RaftStorage:Storage Directory /workdir/hadoop-ozone/integration-test/target/test-dir/MiniOzoneClusterImpl-dff33e01-b2b8-4087-89b9-ab66c11044e2/datanode-4/data/ratis/97044d12-c836-40cc-97a0-bd16d763ba50
2019-08-28 15:28:34,489 [pool-483-thread-1] INFO  server.RaftServerConfigKeys (ConfUtils.java:logGet(43)) - raft.server.log.queue.byte-limit = 2147483647 (custom)
2019-08-28 15:28:34,489 [pool-483-thread-1] INFO  server.RaftServerConfigKeys (ConfUtils.java:logGet(43)) - raft.server.log.queue.element-limit = 1024 (custom)
2019-08-28 15:28:34,490 [pool-483-thread-1] INFO  server.RaftServerConfigKeys (ConfUtils.java:logGet(43)) - raft.server.log.segment.size.max = 1048576 (custom)
2019-08-28 15:28:34,490 [pool-483-thread-1] INFO  server.RaftServerConfigKeys (ConfUtils.java:logGet(43)) - raft.server.log.preallocated.size = 16384 (custom)
2019-08-28 15:28:34,490 [pool-483-thread-1] INFO  server.RaftServerConfigKeys (ConfUtils.java:logGet(43)) - raft.server.log.write.buffer.size = 33554432 (custom)
2019-08-28 15:28:34,490 [pool-483-thread-1] INFO  server.RaftServerConfigKeys (ConfUtils.java:logGet(43)) - raft.server.log.force.sync.num = 128 (default)
2019-08-28 15:28:34,490 [pool-483-thread-1] INFO  server.RaftServerConfigKeys (ConfUtils.java:logGet(43)) - raft.server.log.statemachine.data.sync = true (default)
2019-08-28 15:28:34,490 [pool-483-thread-1] INFO  server.RaftServerConfigKeys (ConfUtils.java:logGet(43)) - raft.server.log.statemachine.data.sync.timeout = 10s (default)
2019-08-28 15:28:34,491 [pool-483-thread-1] INFO  server.RaftServerConfigKeys (ConfUtils.java:logGet(43)) - raft.server.log.statemachine.data.sync.timeout.retry = -1 (default)
2019-08-28 15:28:34,491 [pool-483-thread-1] INFO  server.RaftServerConfigKeys (ConfUtils.java:logGet(43)) - raft.server.log.statemachine.data.caching.enabled = true (custom)
2019-08-28 15:28:34,491 [pool-483-thread-1] INFO  segmented.SegmentedRaftLogWorker (SegmentedRaftLogWorker.java:lambda$new$0(132)) - c9e8e19f-54bf-4369-bbaf-73beb462e187-SegmentedRaftLogWorker:Storage Directory /workdir/hadoop-ozone/integration-test/target/test-dir/MiniOzoneClusterImpl-dff33e01-b2b8-4087-89b9-ab66c11044e2/datanode-4/data/ratis/97044d12-c836-40cc-97a0-bd16d763ba50: flushIndex: setUnconditionally 0 -> -1
2019-08-28 15:28:34,492 [pool-483-thread-1] INFO  server.RaftServerConfigKeys (ConfUtils.java:logGet(43)) - raft.server.snapshot.auto.trigger.enabled = true (custom)
2019-08-28 15:28:34,492 [pool-483-thread-1] INFO  server.RaftServerConfigKeys (ConfUtils.java:logGet(43)) - raft.server.snapshot.auto.trigger.threshold = 10000 (custom)
2019-08-28 15:28:34,492 [pool-483-thread-1] INFO  server.RaftServerConfigKeys (ConfUtils.java:logGet(43)) - raft.server.retrycache.expirytime = 600000ms (custom)
2019-08-28 15:28:34,492 [pool-483-thread-1] INFO  impl.RaftServerImpl (RaftServerImpl.java:start(180)) - c9e8e19f-54bf-4369-bbaf-73beb462e187: start group-BD16D763BA50
2019-08-28 15:28:34,492 [pool-483-thread-1] INFO  impl.RaftServerImpl (RaftServerImpl.java:setRole(171)) - c9e8e19f-54bf-4369-bbaf-73beb462e187:group-BD16D763BA50 changes role from null to FOLLOWER at term 0 for startAsFollower
2019-08-28 15:28:34,493 [pool-483-thread-1] INFO  impl.RoleInfo (RoleInfo.java:updateAndGet(143)) - c9e8e19f-54bf-4369-bbaf-73beb462e187: start FollowerState
2019-08-28 15:28:34,493 [pool-483-thread-1] INFO  util.JmxRegister (JmxRegister.java:tryRegister(44)) - Successfully registered JMX Bean with object name Ratis:service=RaftServer,group=group-BD16D763BA50,id=c9e8e19f-54bf-4369-bbaf-73beb462e187
2019-08-28 15:28:34,498 [RatisPipelineUtilsThread] INFO  pipeline.PipelineStateManager (PipelineStateManager.java:addPipeline(56)) - Created pipeline Pipeline[ Id: 97044d12-c836-40cc-97a0-bd16d763ba50, Nodes: c9e8e19f-54bf-4369-bbaf-73beb462e187{ip: 192.168.5.160, host: pr-hdds-1950-8p5ww-60544353, networkLocation: /default-rack, certSerialId: null}, Type:RATIS, Factor:ONE, State:OPEN]
2019-08-28 15:28:34,627 [IPC Server handler 3 on 35023] INFO  net.NetworkTopology (NetworkTopologyImpl.java:add(110)) - Added a new node: /default-rack/042a280f-dfd9-45c4-b133-20205c7d6255
2019-08-28 15:28:34,627 [IPC Server handler 3 on 35023] INFO  node.SCMNodeManager (SCMNodeManager.java:register(273)) - Registered Data node : 042a280f-dfd9-45c4-b133-20205c7d6255{ip: 192.168.5.160, host: pr-hdds-1950-8p5ww-60544353, networkLocation: /default-rack, certSerialId: null}
2019-08-28 15:28:34,632 | INFO  | SCMAudit | user=jenkins1000 | ip=192.168.5.160 | op=REGISTER {datanodeDetails=042a280f-dfd9-45c4-b133-20205c7d6255{ip: 192.168.5.160, host: pr-hdds-1950-8p5ww-60544353, networkLocation: /default-rack, certSerialId: null}} | ret=SUCCESS |  
2019-08-28 15:28:34,642 [grpc-default-executor-3] INFO  impl.RaftServerProxy (RaftServerProxy.java:addNew(89)) - 042a280f-dfd9-45c4-b133-20205c7d6255: addNew group-0958BB87472D:[042a280f-dfd9-45c4-b133-20205c7d6255:192.168.5.160:44769] returns group-0958BB87472D:java.util.concurrent.CompletableFuture@2df1a65d[Not completed]
2019-08-28 15:28:34,643 [pool-494-thread-1] INFO  impl.RaftServerImpl (RaftServerImpl.java:<init>(93)) - 042a280f-dfd9-45c4-b133-20205c7d6255: new RaftServerImpl for group-0958BB87472D:[042a280f-dfd9-45c4-b133-20205c7d6255:192.168.5.160:44769] with ContainerStateMachine:uninitialized
2019-08-28 15:28:34,643 [pool-494-thread-1] INFO  server.RaftServerConfigKeys (ConfUtils.java:logGet(43)) - raft.server.rpc.timeout.min = 5s (custom)
2019-08-28 15:28:34,643 [pool-494-thread-1] INFO  server.RaftServerConfigKeys (ConfUtils.java:logGet(43)) - raft.server.rpc.timeout.max = 5200ms (custom)
2019-08-28 15:28:34,644 [pool-494-thread-1] INFO  server.RaftServerConfigKeys (ConfUtils.java:logGet(43)) - raft.server.rpcslowness.timeout = 120s (custom)
2019-08-28 15:28:34,644 [pool-494-thread-1] INFO  server.RaftServerConfigKeys (ConfUtils.java:logGet(43)) - raft.server.sleep.deviation.threshold = 300 (default)
2019-08-28 15:28:34,644 [pool-494-thread-1] INFO  server.RaftServerConfigKeys (ConfUtils.java:logGet(43)) - raft.server.log.appender.install.snapshot.enabled = false (custom)
2019-08-28 15:28:34,644 [pool-494-thread-1] INFO  impl.RaftServerImpl (ServerState.java:<init>(105)) - 042a280f-dfd9-45c4-b133-20205c7d6255:group-0958BB87472D ConfigurationManager, init=-1: [042a280f-dfd9-45c4-b133-20205c7d6255:192.168.5.160:44769], old=null, confs=<EMPTY_MAP>
2019-08-28 15:28:34,644 [pool-494-thread-1] INFO  server.RaftServerConfigKeys (ConfUtils.java:logGet(43)) - raft.server.storage.dir = [/workdir/hadoop-ozone/integration-test/target/test-dir/MiniOzoneClusterImpl-dff33e01-b2b8-4087-89b9-ab66c11044e2/datanode-5/data/ratis] (custom)
2019-08-28 15:28:34,645 [pool-494-thread-1] INFO  storage.RaftStorageDirectory (RaftStorageDirectory.java:analyzeStorage(246)) - The storage directory /workdir/hadoop-ozone/integration-test/target/test-dir/MiniOzoneClusterImpl-dff33e01-b2b8-4087-89b9-ab66c11044e2/datanode-5/data/ratis/f54739ae-09ab-4b90-8c31-0958bb87472d does not exist. Creating ...
2019-08-28 15:28:34,674 [pool-494-thread-1] INFO  storage.RaftStorageDirectory (RaftStorageDirectory.java:tryLock(328)) - Lock on /workdir/hadoop-ozone/integration-test/target/test-dir/MiniOzoneClusterImpl-dff33e01-b2b8-4087-89b9-ab66c11044e2/datanode-5/data/ratis/f54739ae-09ab-4b90-8c31-0958bb87472d/in_use.lock acquired by nodename 29118@pr-hdds-1950-8p5ww-60544353
2019-08-28 15:28:34,691 [pool-494-thread-1] INFO  storage.RaftStorage (RaftStorage.java:format(72)) - Storage directory /workdir/hadoop-ozone/integration-test/target/test-dir/MiniOzoneClusterImpl-dff33e01-b2b8-4087-89b9-ab66c11044e2/datanode-5/data/ratis/f54739ae-09ab-4b90-8c31-0958bb87472d has been successfully formatted.
2019-08-28 15:28:34,691 [pool-494-thread-1] INFO  ratis.ContainerStateMachine (ContainerStateMachine.java:loadSnapshot(226)) - group-0958BB87472D: The snapshot info is null. Setting the last applied indexto:(t:0, i:~)
2019-08-28 15:28:34,691 [pool-494-thread-1] INFO  server.RaftServerConfigKeys (ConfUtils.java:logGet(43)) - raft.server.leader.election.timeout = 120s (custom)
2019-08-28 15:28:34,691 [pool-494-thread-1] INFO  server.RaftServerConfigKeys (ConfUtils.java:logGet(43)) - raft.server.log.use.memory = false (default)
2019-08-28 15:28:34,691 [pool-494-thread-1] INFO  server.RaftServerConfigKeys (ConfUtils.java:logGet(43)) - raft.server.log.purge.gap = 1000000 (custom)
2019-08-28 15:28:34,692 [pool-494-thread-1] INFO  server.RaftServerConfigKeys (ConfUtils.java:logGet(43)) - raft.server.log.appender.buffer.byte-limit = 33554432 (custom)
2019-08-28 15:28:34,692 [pool-494-thread-1] INFO  server.RaftServerConfigKeys (ConfUtils.java:logGet(43)) - raft.server.log.segment.size.max = 1048576 (custom)
2019-08-28 15:28:34,692 [pool-494-thread-1] INFO  server.RaftServerConfigKeys (ConfUtils.java:logGet(43)) - raft.server.log.segment.cache.num.max = 2 (custom)
2019-08-28 15:28:34,692 [pool-494-thread-1] INFO  segmented.SegmentedRaftLogWorker (SegmentedRaftLogWorker.java:<init>(172)) - new 042a280f-dfd9-45c4-b133-20205c7d6255-SegmentedRaftLogWorker:Storage Directory /workdir/hadoop-ozone/integration-test/target/test-dir/MiniOzoneClusterImpl-dff33e01-b2b8-4087-89b9-ab66c11044e2/datanode-5/data/ratis/f54739ae-09ab-4b90-8c31-0958bb87472d for RaftStorage:Storage Directory /workdir/hadoop-ozone/integration-test/target/test-dir/MiniOzoneClusterImpl-dff33e01-b2b8-4087-89b9-ab66c11044e2/datanode-5/data/ratis/f54739ae-09ab-4b90-8c31-0958bb87472d
2019-08-28 15:28:34,692 [pool-494-thread-1] INFO  server.RaftServerConfigKeys (ConfUtils.java:logGet(43)) - raft.server.log.queue.byte-limit = 2147483647 (custom)
2019-08-28 15:28:34,692 [pool-494-thread-1] INFO  server.RaftServerConfigKeys (ConfUtils.java:logGet(43)) - raft.server.log.queue.element-limit = 1024 (custom)
2019-08-28 15:28:34,693 [pool-494-thread-1] INFO  server.RaftServerConfigKeys (ConfUtils.java:logGet(43)) - raft.server.log.segment.size.max = 1048576 (custom)
2019-08-28 15:28:34,693 [pool-494-thread-1] INFO  server.RaftServerConfigKeys (ConfUtils.java:logGet(43)) - raft.server.log.preallocated.size = 16384 (custom)
2019-08-28 15:28:34,693 [pool-494-thread-1] INFO  server.RaftServerConfigKeys (ConfUtils.java:logGet(43)) - raft.server.log.write.buffer.size = 33554432 (custom)
2019-08-28 15:28:34,693 [pool-494-thread-1] INFO  server.RaftServerConfigKeys (ConfUtils.java:logGet(43)) - raft.server.log.force.sync.num = 128 (default)
2019-08-28 15:28:34,693 [pool-494-thread-1] INFO  server.RaftServerConfigKeys (ConfUtils.java:logGet(43)) - raft.server.log.statemachine.data.sync = true (default)
2019-08-28 15:28:34,693 [pool-494-thread-1] INFO  server.RaftServerConfigKeys (ConfUtils.java:logGet(43)) - raft.server.log.statemachine.data.sync.timeout = 10s (default)
2019-08-28 15:28:34,694 [pool-494-thread-1] INFO  server.RaftServerConfigKeys (ConfUtils.java:logGet(43)) - raft.server.log.statemachine.data.sync.timeout.retry = -1 (default)
2019-08-28 15:28:34,694 [pool-494-thread-1] INFO  server.RaftServerConfigKeys (ConfUtils.java:logGet(43)) - raft.server.log.statemachine.data.caching.enabled = true (custom)
2019-08-28 15:28:34,694 [pool-494-thread-1] INFO  segmented.SegmentedRaftLogWorker (SegmentedRaftLogWorker.java:lambda$new$0(132)) - 042a280f-dfd9-45c4-b133-20205c7d6255-SegmentedRaftLogWorker:Storage Directory /workdir/hadoop-ozone/integration-test/target/test-dir/MiniOzoneClusterImpl-dff33e01-b2b8-4087-89b9-ab66c11044e2/datanode-5/data/ratis/f54739ae-09ab-4b90-8c31-0958bb87472d: flushIndex: setUnconditionally 0 -> -1
2019-08-28 15:28:34,695 [pool-494-thread-1] INFO  server.RaftServerConfigKeys (ConfUtils.java:logGet(43)) - raft.server.snapshot.auto.trigger.enabled = true (custom)
2019-08-28 15:28:34,695 [pool-494-thread-1] INFO  server.RaftServerConfigKeys (ConfUtils.java:logGet(43)) - raft.server.snapshot.auto.trigger.threshold = 10000 (custom)
2019-08-28 15:28:34,695 [pool-494-thread-1] INFO  server.RaftServerConfigKeys (ConfUtils.java:logGet(43)) - raft.server.retrycache.expirytime = 600000ms (custom)
2019-08-28 15:28:34,695 [pool-494-thread-1] INFO  impl.RaftServerImpl (RaftServerImpl.java:start(180)) - 042a280f-dfd9-45c4-b133-20205c7d6255: start group-0958BB87472D
2019-08-28 15:28:34,695 [pool-494-thread-1] INFO  impl.RaftServerImpl (RaftServerImpl.java:setRole(171)) - 042a280f-dfd9-45c4-b133-20205c7d6255:group-0958BB87472D changes role from null to FOLLOWER at term 0 for startAsFollower
2019-08-28 15:28:34,696 [pool-494-thread-1] INFO  impl.RoleInfo (RoleInfo.java:updateAndGet(143)) - 042a280f-dfd9-45c4-b133-20205c7d6255: start FollowerState
2019-08-28 15:28:34,696 [pool-494-thread-1] INFO  util.JmxRegister (JmxRegister.java:tryRegister(44)) - Successfully registered JMX Bean with object name Ratis:service=RaftServer,group=group-0958BB87472D,id=042a280f-dfd9-45c4-b133-20205c7d6255
2019-08-28 15:28:34,701 [RatisPipelineUtilsThread] INFO  pipeline.PipelineStateManager (PipelineStateManager.java:addPipeline(56)) - Created pipeline Pipeline[ Id: f54739ae-09ab-4b90-8c31-0958bb87472d, Nodes: 042a280f-dfd9-45c4-b133-20205c7d6255{ip: 192.168.5.160, host: pr-hdds-1950-8p5ww-60544353, networkLocation: /default-rack, certSerialId: null}, Type:RATIS, Factor:ONE, State:OPEN]
2019-08-28 15:28:34,715 [grpc-default-executor-0] INFO  impl.RaftServerProxy (RaftServerProxy.java:addNew(89)) - c9e8e19f-54bf-4369-bbaf-73beb462e187: addNew group-9EBB27045D5D:[042a280f-dfd9-45c4-b133-20205c7d6255:192.168.5.160:44769, c9e8e19f-54bf-4369-bbaf-73beb462e187:192.168.5.160:42176, 96ef22e8-7a4e-4fe1-adeb-c5b0ceb08246:192.168.5.160:36090] returns group-9EBB27045D5D:java.util.concurrent.CompletableFuture@33109a43[Not completed]
2019-08-28 15:28:34,715 [grpc-default-executor-6] INFO  impl.RaftServerProxy (RaftServerProxy.java:addNew(89)) - 042a280f-dfd9-45c4-b133-20205c7d6255: addNew group-9EBB27045D5D:[042a280f-dfd9-45c4-b133-20205c7d6255:192.168.5.160:44769, c9e8e19f-54bf-4369-bbaf-73beb462e187:192.168.5.160:42176, 96ef22e8-7a4e-4fe1-adeb-c5b0ceb08246:192.168.5.160:36090] returns group-9EBB27045D5D:java.util.concurrent.CompletableFuture@67abee2f[Not completed]
2019-08-28 15:28:34,716 [grpc-default-executor-6] INFO  impl.RaftServerProxy (RaftServerProxy.java:addNew(89)) - 96ef22e8-7a4e-4fe1-adeb-c5b0ceb08246: addNew group-9EBB27045D5D:[042a280f-dfd9-45c4-b133-20205c7d6255:192.168.5.160:44769, c9e8e19f-54bf-4369-bbaf-73beb462e187:192.168.5.160:42176, 96ef22e8-7a4e-4fe1-adeb-c5b0ceb08246:192.168.5.160:36090] returns group-9EBB27045D5D:java.util.concurrent.CompletableFuture@15eadd8a[Not completed]
2019-08-28 15:28:34,716 [pool-494-thread-1] INFO  impl.RaftServerImpl (RaftServerImpl.java:<init>(93)) - 042a280f-dfd9-45c4-b133-20205c7d6255: new RaftServerImpl for group-9EBB27045D5D:[042a280f-dfd9-45c4-b133-20205c7d6255:192.168.5.160:44769, c9e8e19f-54bf-4369-bbaf-73beb462e187:192.168.5.160:42176, 96ef22e8-7a4e-4fe1-adeb-c5b0ceb08246:192.168.5.160:36090] with ContainerStateMachine:uninitialized
2019-08-28 15:28:34,717 [pool-494-thread-1] INFO  server.RaftServerConfigKeys (ConfUtils.java:logGet(43)) - raft.server.rpc.timeout.min = 5s (custom)
2019-08-28 15:28:34,717 [pool-494-thread-1] INFO  server.RaftServerConfigKeys (ConfUtils.java:logGet(43)) - raft.server.rpc.timeout.max = 5200ms (custom)
2019-08-28 15:28:34,717 [pool-494-thread-1] INFO  server.RaftServerConfigKeys (ConfUtils.java:logGet(43)) - raft.server.rpcslowness.timeout = 120s (custom)
2019-08-28 15:28:34,717 [pool-494-thread-1] INFO  server.RaftServerConfigKeys (ConfUtils.java:logGet(43)) - raft.server.sleep.deviation.threshold = 300 (default)
2019-08-28 15:28:34,717 [pool-483-thread-1] INFO  impl.RaftServerImpl (RaftServerImpl.java:<init>(93)) - c9e8e19f-54bf-4369-bbaf-73beb462e187: new RaftServerImpl for group-9EBB27045D5D:[042a280f-dfd9-45c4-b133-20205c7d6255:192.168.5.160:44769, c9e8e19f-54bf-4369-bbaf-73beb462e187:192.168.5.160:42176, 96ef22e8-7a4e-4fe1-adeb-c5b0ceb08246:192.168.5.160:36090] with ContainerStateMachine:uninitialized
2019-08-28 15:28:34,717 [pool-494-thread-1] INFO  server.RaftServerConfigKeys (ConfUtils.java:logGet(43)) - raft.server.log.appender.install.snapshot.enabled = false (custom)
2019-08-28 15:28:34,717 [pool-483-thread-1] INFO  server.RaftServerConfigKeys (ConfUtils.java:logGet(43)) - raft.server.rpc.timeout.min = 5s (custom)
2019-08-28 15:28:34,717 [pool-494-thread-1] INFO  impl.RaftServerImpl (ServerState.java:<init>(105)) - 042a280f-dfd9-45c4-b133-20205c7d6255:group-9EBB27045D5D ConfigurationManager, init=-1: [042a280f-dfd9-45c4-b133-20205c7d6255:192.168.5.160:44769, c9e8e19f-54bf-4369-bbaf-73beb462e187:192.168.5.160:42176, 96ef22e8-7a4e-4fe1-adeb-c5b0ceb08246:192.168.5.160:36090], old=null, confs=<EMPTY_MAP>
2019-08-28 15:28:34,718 [pool-483-thread-1] INFO  server.RaftServerConfigKeys (ConfUtils.java:logGet(43)) - raft.server.rpc.timeout.max = 5200ms (custom)
2019-08-28 15:28:34,718 [pool-472-thread-1] INFO  impl.RaftServerImpl (RaftServerImpl.java:<init>(93)) - 96ef22e8-7a4e-4fe1-adeb-c5b0ceb08246: new RaftServerImpl for group-9EBB27045D5D:[042a280f-dfd9-45c4-b133-20205c7d6255:192.168.5.160:44769, c9e8e19f-54bf-4369-bbaf-73beb462e187:192.168.5.160:42176, 96ef22e8-7a4e-4fe1-adeb-c5b0ceb08246:192.168.5.160:36090] with ContainerStateMachine:uninitialized
2019-08-28 15:28:34,718 [pool-494-thread-1] INFO  server.RaftServerConfigKeys (ConfUtils.java:logGet(43)) - raft.server.storage.dir = [/workdir/hadoop-ozone/integration-test/target/test-dir/MiniOzoneClusterImpl-dff33e01-b2b8-4087-89b9-ab66c11044e2/datanode-5/data/ratis] (custom)
2019-08-28 15:28:34,718 [pool-472-thread-1] INFO  server.RaftServerConfigKeys (ConfUtils.java:logGet(43)) - raft.server.rpc.timeout.min = 5s (custom)
2019-08-28 15:28:34,718 [pool-472-thread-1] INFO  server.RaftServerConfigKeys (ConfUtils.java:logGet(43)) - raft.server.rpc.timeout.max = 5200ms (custom)
2019-08-28 15:28:34,718 [pool-483-thread-1] INFO  server.RaftServerConfigKeys (ConfUtils.java:logGet(43)) - raft.server.rpcslowness.timeout = 120s (custom)
2019-08-28 15:28:34,719 [pool-472-thread-1] INFO  server.RaftServerConfigKeys (ConfUtils.java:logGet(43)) - raft.server.rpcslowness.timeout = 120s (custom)
2019-08-28 15:28:34,718 [pool-494-thread-1] INFO  storage.RaftStorageDirectory (RaftStorageDirectory.java:analyzeStorage(246)) - The storage directory /workdir/hadoop-ozone/integration-test/target/test-dir/MiniOzoneClusterImpl-dff33e01-b2b8-4087-89b9-ab66c11044e2/datanode-5/data/ratis/aa3881ba-6ad8-4797-a4e7-9ebb27045d5d does not exist. Creating ...
2019-08-28 15:28:34,719 [pool-472-thread-1] INFO  server.RaftServerConfigKeys (ConfUtils.java:logGet(43)) - raft.server.sleep.deviation.threshold = 300 (default)
2019-08-28 15:28:34,719 [pool-472-thread-1] INFO  server.RaftServerConfigKeys (ConfUtils.java:logGet(43)) - raft.server.log.appender.install.snapshot.enabled = false (custom)
2019-08-28 15:28:34,719 [pool-483-thread-1] INFO  server.RaftServerConfigKeys (ConfUtils.java:logGet(43)) - raft.server.sleep.deviation.threshold = 300 (default)
2019-08-28 15:28:34,719 [pool-472-thread-1] INFO  impl.RaftServerImpl (ServerState.java:<init>(105)) - 96ef22e8-7a4e-4fe1-adeb-c5b0ceb08246:group-9EBB27045D5D ConfigurationManager, init=-1: [042a280f-dfd9-45c4-b133-20205c7d6255:192.168.5.160:44769, c9e8e19f-54bf-4369-bbaf-73beb462e187:192.168.5.160:42176, 96ef22e8-7a4e-4fe1-adeb-c5b0ceb08246:192.168.5.160:36090], old=null, confs=<EMPTY_MAP>
2019-08-28 15:28:34,719 [pool-483-thread-1] INFO  server.RaftServerConfigKeys (ConfUtils.java:logGet(43)) - raft.server.log.appender.install.snapshot.enabled = false (custom)
2019-08-28 15:28:34,720 [pool-472-thread-1] INFO  server.RaftServerConfigKeys (ConfUtils.java:logGet(43)) - raft.server.storage.dir = [/workdir/hadoop-ozone/integration-test/target/test-dir/MiniOzoneClusterImpl-dff33e01-b2b8-4087-89b9-ab66c11044e2/datanode-3/data/ratis] (custom)
2019-08-28 15:28:34,720 [pool-483-thread-1] INFO  impl.RaftServerImpl (ServerState.java:<init>(105)) - c9e8e19f-54bf-4369-bbaf-73beb462e187:group-9EBB27045D5D ConfigurationManager, init=-1: [042a280f-dfd9-45c4-b133-20205c7d6255:192.168.5.160:44769, c9e8e19f-54bf-4369-bbaf-73beb462e187:192.168.5.160:42176, 96ef22e8-7a4e-4fe1-adeb-c5b0ceb08246:192.168.5.160:36090], old=null, confs=<EMPTY_MAP>
2019-08-28 15:28:34,720 [pool-483-thread-1] INFO  server.RaftServerConfigKeys (ConfUtils.java:logGet(43)) - raft.server.storage.dir = [/workdir/hadoop-ozone/integration-test/target/test-dir/MiniOzoneClusterImpl-dff33e01-b2b8-4087-89b9-ab66c11044e2/datanode-4/data/ratis] (custom)
2019-08-28 15:28:34,720 [pool-472-thread-1] INFO  storage.RaftStorageDirectory (RaftStorageDirectory.java:analyzeStorage(246)) - The storage directory /workdir/hadoop-ozone/integration-test/target/test-dir/MiniOzoneClusterImpl-dff33e01-b2b8-4087-89b9-ab66c11044e2/datanode-3/data/ratis/aa3881ba-6ad8-4797-a4e7-9ebb27045d5d does not exist. Creating ...
2019-08-28 15:28:34,721 [pool-483-thread-1] INFO  storage.RaftStorageDirectory (RaftStorageDirectory.java:analyzeStorage(246)) - The storage directory /workdir/hadoop-ozone/integration-test/target/test-dir/MiniOzoneClusterImpl-dff33e01-b2b8-4087-89b9-ab66c11044e2/datanode-4/data/ratis/aa3881ba-6ad8-4797-a4e7-9ebb27045d5d does not exist. Creating ...
2019-08-28 15:28:34,727 [pool-472-thread-1] INFO  storage.RaftStorageDirectory (RaftStorageDirectory.java:tryLock(328)) - Lock on /workdir/hadoop-ozone/integration-test/target/test-dir/MiniOzoneClusterImpl-dff33e01-b2b8-4087-89b9-ab66c11044e2/datanode-3/data/ratis/aa3881ba-6ad8-4797-a4e7-9ebb27045d5d/in_use.lock acquired by nodename 29118@pr-hdds-1950-8p5ww-60544353
2019-08-28 15:28:34,727 [pool-483-thread-1] INFO  storage.RaftStorageDirectory (RaftStorageDirectory.java:tryLock(328)) - Lock on /workdir/hadoop-ozone/integration-test/target/test-dir/MiniOzoneClusterImpl-dff33e01-b2b8-4087-89b9-ab66c11044e2/datanode-4/data/ratis/aa3881ba-6ad8-4797-a4e7-9ebb27045d5d/in_use.lock acquired by nodename 29118@pr-hdds-1950-8p5ww-60544353
2019-08-28 15:28:34,727 [pool-494-thread-1] INFO  storage.RaftStorageDirectory (RaftStorageDirectory.java:tryLock(328)) - Lock on /workdir/hadoop-ozone/integration-test/target/test-dir/MiniOzoneClusterImpl-dff33e01-b2b8-4087-89b9-ab66c11044e2/datanode-5/data/ratis/aa3881ba-6ad8-4797-a4e7-9ebb27045d5d/in_use.lock acquired by nodename 29118@pr-hdds-1950-8p5ww-60544353
2019-08-28 15:28:34,736 [pool-494-thread-1] INFO  storage.RaftStorage (RaftStorage.java:format(72)) - Storage directory /workdir/hadoop-ozone/integration-test/target/test-dir/MiniOzoneClusterImpl-dff33e01-b2b8-4087-89b9-ab66c11044e2/datanode-5/data/ratis/aa3881ba-6ad8-4797-a4e7-9ebb27045d5d has been successfully formatted.
2019-08-28 15:28:34,736 [pool-472-thread-1] INFO  storage.RaftStorage (RaftStorage.java:format(72)) - Storage directory /workdir/hadoop-ozone/integration-test/target/test-dir/MiniOzoneClusterImpl-dff33e01-b2b8-4087-89b9-ab66c11044e2/datanode-3/data/ratis/aa3881ba-6ad8-4797-a4e7-9ebb27045d5d has been successfully formatted.
2019-08-28 15:28:34,736 [pool-483-thread-1] INFO  storage.RaftStorage (RaftStorage.java:format(72)) - Storage directory /workdir/hadoop-ozone/integration-test/target/test-dir/MiniOzoneClusterImpl-dff33e01-b2b8-4087-89b9-ab66c11044e2/datanode-4/data/ratis/aa3881ba-6ad8-4797-a4e7-9ebb27045d5d has been successfully formatted.
2019-08-28 15:28:34,737 [pool-494-thread-1] INFO  ratis.ContainerStateMachine (ContainerStateMachine.java:loadSnapshot(226)) - group-9EBB27045D5D: The snapshot info is null. Setting the last applied indexto:(t:0, i:~)
2019-08-28 15:28:34,737 [pool-483-thread-1] INFO  ratis.ContainerStateMachine (ContainerStateMachine.java:loadSnapshot(226)) - group-9EBB27045D5D: The snapshot info is null. Setting the last applied indexto:(t:0, i:~)
2019-08-28 15:28:34,737 [pool-472-thread-1] INFO  ratis.ContainerStateMachine (ContainerStateMachine.java:loadSnapshot(226)) - group-9EBB27045D5D: The snapshot info is null. Setting the last applied indexto:(t:0, i:~)
2019-08-28 15:28:34,737 [pool-483-thread-1] INFO  server.RaftServerConfigKeys (ConfUtils.java:logGet(43)) - raft.server.leader.election.timeout = 120s (custom)
2019-08-28 15:28:34,737 [pool-494-thread-1] INFO  server.RaftServerConfigKeys (ConfUtils.java:logGet(43)) - raft.server.leader.election.timeout = 120s (custom)
2019-08-28 15:28:34,738 [pool-483-thread-1] INFO  server.RaftServerConfigKeys (ConfUtils.java:logGet(43)) - raft.server.log.use.memory = false (default)
2019-08-28 15:28:34,737 [pool-472-thread-1] INFO  server.RaftServerConfigKeys (ConfUtils.java:logGet(43)) - raft.server.leader.election.timeout = 120s (custom)
2019-08-28 15:28:34,738 [pool-483-thread-1] INFO  server.RaftServerConfigKeys (ConfUtils.java:logGet(43)) - raft.server.log.purge.gap = 1000000 (custom)
2019-08-28 15:28:34,738 [pool-494-thread-1] INFO  server.RaftServerConfigKeys (ConfUtils.java:logGet(43)) - raft.server.log.use.memory = false (default)
2019-08-28 15:28:34,738 [pool-483-thread-1] INFO  server.RaftServerConfigKeys (ConfUtils.java:logGet(43)) - raft.server.log.appender.buffer.byte-limit = 33554432 (custom)
2019-08-28 15:28:34,738 [pool-472-thread-1] INFO  server.RaftServerConfigKeys (ConfUtils.java:logGet(43)) - raft.server.log.use.memory = false (default)
2019-08-28 15:28:34,738 [pool-483-thread-1] INFO  server.RaftServerConfigKeys (ConfUtils.java:logGet(43)) - raft.server.log.segment.size.max = 1048576 (custom)
2019-08-28 15:28:34,738 [pool-494-thread-1] INFO  server.RaftServerConfigKeys (ConfUtils.java:logGet(43)) - raft.server.log.purge.gap = 1000000 (custom)
2019-08-28 15:28:34,739 [pool-483-thread-1] INFO  server.RaftServerConfigKeys (ConfUtils.java:logGet(43)) - raft.server.log.segment.cache.num.max = 2 (custom)
2019-08-28 15:28:34,739 [pool-472-thread-1] INFO  server.RaftServerConfigKeys (ConfUtils.java:logGet(43)) - raft.server.log.purge.gap = 1000000 (custom)
2019-08-28 15:28:34,739 [pool-483-thread-1] INFO  segmented.SegmentedRaftLogWorker (SegmentedRaftLogWorker.java:<init>(172)) - new c9e8e19f-54bf-4369-bbaf-73beb462e187-SegmentedRaftLogWorker:Storage Directory /workdir/hadoop-ozone/integration-test/target/test-dir/MiniOzoneClusterImpl-dff33e01-b2b8-4087-89b9-ab66c11044e2/datanode-4/data/ratis/aa3881ba-6ad8-4797-a4e7-9ebb27045d5d for RaftStorage:Storage Directory /workdir/hadoop-ozone/integration-test/target/test-dir/MiniOzoneClusterImpl-dff33e01-b2b8-4087-89b9-ab66c11044e2/datanode-4/data/ratis/aa3881ba-6ad8-4797-a4e7-9ebb27045d5d
2019-08-28 15:28:34,739 [pool-494-thread-1] INFO  server.RaftServerConfigKeys (ConfUtils.java:logGet(43)) - raft.server.log.appender.buffer.byte-limit = 33554432 (custom)
2019-08-28 15:28:34,739 [pool-483-thread-1] INFO  server.RaftServerConfigKeys (ConfUtils.java:logGet(43)) - raft.server.log.queue.byte-limit = 2147483647 (custom)
2019-08-28 15:28:34,739 [pool-472-thread-1] INFO  server.RaftServerConfigKeys (ConfUtils.java:logGet(43)) - raft.server.log.appender.buffer.byte-limit = 33554432 (custom)
2019-08-28 15:28:34,740 [pool-483-thread-1] INFO  server.RaftServerConfigKeys (ConfUtils.java:logGet(43)) - raft.server.log.queue.element-limit = 1024 (custom)
2019-08-28 15:28:34,740 [pool-494-thread-1] INFO  server.RaftServerConfigKeys (ConfUtils.java:logGet(43)) - raft.server.log.segment.size.max = 1048576 (custom)
2019-08-28 15:28:34,740 [pool-483-thread-1] INFO  server.RaftServerConfigKeys (ConfUtils.java:logGet(43)) - raft.server.log.segment.size.max = 1048576 (custom)
2019-08-28 15:28:34,741 [pool-483-thread-1] INFO  server.RaftServerConfigKeys (ConfUtils.java:logGet(43)) - raft.server.log.preallocated.size = 16384 (custom)
2019-08-28 15:28:34,740 [pool-472-thread-1] INFO  server.RaftServerConfigKeys (ConfUtils.java:logGet(43)) - raft.server.log.segment.size.max = 1048576 (custom)
2019-08-28 15:28:34,741 [pool-483-thread-1] INFO  server.RaftServerConfigKeys (ConfUtils.java:logGet(43)) - raft.server.log.write.buffer.size = 33554432 (custom)
2019-08-28 15:28:34,741 [pool-483-thread-1] INFO  server.RaftServerConfigKeys (ConfUtils.java:logGet(43)) - raft.server.log.force.sync.num = 128 (default)
2019-08-28 15:28:34,740 [pool-494-thread-1] INFO  server.RaftServerConfigKeys (ConfUtils.java:logGet(43)) - raft.server.log.segment.cache.num.max = 2 (custom)
2019-08-28 15:28:34,741 [pool-483-thread-1] INFO  server.RaftServerConfigKeys (ConfUtils.java:logGet(43)) - raft.server.log.statemachine.data.sync = true (default)
2019-08-28 15:28:34,741 [pool-472-thread-1] INFO  server.RaftServerConfigKeys (ConfUtils.java:logGet(43)) - raft.server.log.segment.cache.num.max = 2 (custom)
2019-08-28 15:28:34,742 [pool-483-thread-1] INFO  server.RaftServerConfigKeys (ConfUtils.java:logGet(43)) - raft.server.log.statemachine.data.sync.timeout = 10s (default)
2019-08-28 15:28:34,741 [pool-494-thread-1] INFO  segmented.SegmentedRaftLogWorker (SegmentedRaftLogWorker.java:<init>(172)) - new 042a280f-dfd9-45c4-b133-20205c7d6255-SegmentedRaftLogWorker:Storage Directory /workdir/hadoop-ozone/integration-test/target/test-dir/MiniOzoneClusterImpl-dff33e01-b2b8-4087-89b9-ab66c11044e2/datanode-5/data/ratis/aa3881ba-6ad8-4797-a4e7-9ebb27045d5d for RaftStorage:Storage Directory /workdir/hadoop-ozone/integration-test/target/test-dir/MiniOzoneClusterImpl-dff33e01-b2b8-4087-89b9-ab66c11044e2/datanode-5/data/ratis/aa3881ba-6ad8-4797-a4e7-9ebb27045d5d
2019-08-28 15:28:34,742 [pool-483-thread-1] INFO  server.RaftServerConfigKeys (ConfUtils.java:logGet(43)) - raft.server.log.statemachine.data.sync.timeout.retry = -1 (default)
2019-08-28 15:28:34,742 [pool-472-thread-1] INFO  segmented.SegmentedRaftLogWorker (SegmentedRaftLogWorker.java:<init>(172)) - new 96ef22e8-7a4e-4fe1-adeb-c5b0ceb08246-SegmentedRaftLogWorker:Storage Directory /workdir/hadoop-ozone/integration-test/target/test-dir/MiniOzoneClusterImpl-dff33e01-b2b8-4087-89b9-ab66c11044e2/datanode-3/data/ratis/aa3881ba-6ad8-4797-a4e7-9ebb27045d5d for RaftStorage:Storage Directory /workdir/hadoop-ozone/integration-test/target/test-dir/MiniOzoneClusterImpl-dff33e01-b2b8-4087-89b9-ab66c11044e2/datanode-3/data/ratis/aa3881ba-6ad8-4797-a4e7-9ebb27045d5d
2019-08-28 15:28:34,742 [pool-483-thread-1] INFO  server.RaftServerConfigKeys (ConfUtils.java:logGet(43)) - raft.server.log.statemachine.data.caching.enabled = true (custom)
2019-08-28 15:28:34,742 [pool-494-thread-1] INFO  server.RaftServerConfigKeys (ConfUtils.java:logGet(43)) - raft.server.log.queue.byte-limit = 2147483647 (custom)
2019-08-28 15:28:34,742 [pool-472-thread-1] INFO  server.RaftServerConfigKeys (ConfUtils.java:logGet(43)) - raft.server.log.queue.byte-limit = 2147483647 (custom)
2019-08-28 15:28:34,743 [pool-483-thread-1] INFO  segmented.SegmentedRaftLogWorker (SegmentedRaftLogWorker.java:lambda$new$0(132)) - c9e8e19f-54bf-4369-bbaf-73beb462e187-SegmentedRaftLogWorker:Storage Directory /workdir/hadoop-ozone/integration-test/target/test-dir/MiniOzoneClusterImpl-dff33e01-b2b8-4087-89b9-ab66c11044e2/datanode-4/data/ratis/aa3881ba-6ad8-4797-a4e7-9ebb27045d5d: flushIndex: setUnconditionally 0 -> -1
2019-08-28 15:28:34,743 [pool-494-thread-1] INFO  server.RaftServerConfigKeys (ConfUtils.java:logGet(43)) - raft.server.log.queue.element-limit = 1024 (custom)
2019-08-28 15:28:34,743 [pool-472-thread-1] INFO  server.RaftServerConfigKeys (ConfUtils.java:logGet(43)) - raft.server.log.queue.element-limit = 1024 (custom)
2019-08-28 15:28:34,743 [pool-494-thread-1] INFO  server.RaftServerConfigKeys (ConfUtils.java:logGet(43)) - raft.server.log.segment.size.max = 1048576 (custom)
2019-08-28 15:28:34,743 [pool-483-thread-1] INFO  server.RaftServerConfigKeys (ConfUtils.java:logGet(43)) - raft.server.snapshot.auto.trigger.enabled = true (custom)
2019-08-28 15:28:34,743 [pool-494-thread-1] INFO  server.RaftServerConfigKeys (ConfUtils.java:logGet(43)) - raft.server.log.preallocated.size = 16384 (custom)
2019-08-28 15:28:34,743 [pool-472-thread-1] INFO  server.RaftServerConfigKeys (ConfUtils.java:logGet(43)) - raft.server.log.segment.size.max = 1048576 (custom)
2019-08-28 15:28:34,744 [pool-494-thread-1] INFO  server.RaftServerConfigKeys (ConfUtils.java:logGet(43)) - raft.server.log.write.buffer.size = 33554432 (custom)
2019-08-28 15:28:34,744 [pool-483-thread-1] INFO  server.RaftServerConfigKeys (ConfUtils.java:logGet(43)) - raft.server.snapshot.auto.trigger.threshold = 10000 (custom)
2019-08-28 15:28:34,744 [pool-494-thread-1] INFO  server.RaftServerConfigKeys (ConfUtils.java:logGet(43)) - raft.server.log.force.sync.num = 128 (default)
2019-08-28 15:28:34,744 [pool-494-thread-1] INFO  server.RaftServerConfigKeys (ConfUtils.java:logGet(43)) - raft.server.log.statemachine.data.sync = true (default)
2019-08-28 15:28:34,744 [pool-472-thread-1] INFO  server.RaftServerConfigKeys (ConfUtils.java:logGet(43)) - raft.server.log.preallocated.size = 16384 (custom)
2019-08-28 15:28:34,745 [pool-494-thread-1] INFO  server.RaftServerConfigKeys (ConfUtils.java:logGet(43)) - raft.server.log.statemachine.data.sync.timeout = 10s (default)
2019-08-28 15:28:34,744 [pool-483-thread-1] INFO  server.RaftServerConfigKeys (ConfUtils.java:logGet(43)) - raft.server.retrycache.expirytime = 600000ms (custom)
2019-08-28 15:28:34,745 [pool-494-thread-1] INFO  server.RaftServerConfigKeys (ConfUtils.java:logGet(43)) - raft.server.log.statemachine.data.sync.timeout.retry = -1 (default)
2019-08-28 15:28:34,745 [pool-472-thread-1] INFO  server.RaftServerConfigKeys (ConfUtils.java:logGet(43)) - raft.server.log.write.buffer.size = 33554432 (custom)
2019-08-28 15:28:34,745 [pool-494-thread-1] INFO  server.RaftServerConfigKeys (ConfUtils.java:logGet(43)) - raft.server.log.statemachine.data.caching.enabled = true (custom)
2019-08-28 15:28:34,745 [pool-483-thread-1] INFO  impl.RaftServerImpl (RaftServerImpl.java:start(180)) - c9e8e19f-54bf-4369-bbaf-73beb462e187: start group-9EBB27045D5D
2019-08-28 15:28:34,745 [pool-472-thread-1] INFO  server.RaftServerConfigKeys (ConfUtils.java:logGet(43)) - raft.server.log.force.sync.num = 128 (default)
2019-08-28 15:28:34,746 [pool-483-thread-1] INFO  impl.RaftServerImpl (RaftServerImpl.java:setRole(171)) - c9e8e19f-54bf-4369-bbaf-73beb462e187:group-9EBB27045D5D changes role from null to FOLLOWER at term 0 for startAsFollower
2019-08-28 15:28:34,746 [pool-494-thread-1] INFO  segmented.SegmentedRaftLogWorker (SegmentedRaftLogWorker.java:lambda$new$0(132)) - 042a280f-dfd9-45c4-b133-20205c7d6255-SegmentedRaftLogWorker:Storage Directory /workdir/hadoop-ozone/integration-test/target/test-dir/MiniOzoneClusterImpl-dff33e01-b2b8-4087-89b9-ab66c11044e2/datanode-5/data/ratis/aa3881ba-6ad8-4797-a4e7-9ebb27045d5d: flushIndex: setUnconditionally 0 -> -1
2019-08-28 15:28:34,746 [pool-483-thread-1] INFO  impl.RoleInfo (RoleInfo.java:updateAndGet(143)) - c9e8e19f-54bf-4369-bbaf-73beb462e187: start FollowerState
2019-08-28 15:28:34,746 [pool-472-thread-1] INFO  server.RaftServerConfigKeys (ConfUtils.java:logGet(43)) - raft.server.log.statemachine.data.sync = true (default)
2019-08-28 15:28:34,746 [pool-494-thread-1] INFO  server.RaftServerConfigKeys (ConfUtils.java:logGet(43)) - raft.server.snapshot.auto.trigger.enabled = true (custom)
2019-08-28 15:28:34,746 [pool-472-thread-1] INFO  server.RaftServerConfigKeys (ConfUtils.java:logGet(43)) - raft.server.log.statemachine.data.sync.timeout = 10s (default)
2019-08-28 15:28:34,747 [pool-483-thread-1] INFO  util.JmxRegister (JmxRegister.java:tryRegister(44)) - Successfully registered JMX Bean with object name Ratis:service=RaftServer,group=group-9EBB27045D5D,id=c9e8e19f-54bf-4369-bbaf-73beb462e187
2019-08-28 15:28:34,747 [pool-494-thread-1] INFO  server.RaftServerConfigKeys (ConfUtils.java:logGet(43)) - raft.server.snapshot.auto.trigger.threshold = 10000 (custom)
2019-08-28 15:28:34,747 [pool-472-thread-1] INFO  server.RaftServerConfigKeys (ConfUtils.java:logGet(43)) - raft.server.log.statemachine.data.sync.timeout.retry = -1 (default)
2019-08-28 15:28:34,747 [pool-494-thread-1] INFO  server.RaftServerConfigKeys (ConfUtils.java:logGet(43)) - raft.server.retrycache.expirytime = 600000ms (custom)
2019-08-28 15:28:34,748 [pool-494-thread-1] INFO  impl.RaftServerImpl (RaftServerImpl.java:start(180)) - 042a280f-dfd9-45c4-b133-20205c7d6255: start group-9EBB27045D5D
2019-08-28 15:28:34,748 [pool-472-thread-1] INFO  server.RaftServerConfigKeys (ConfUtils.java:logGet(43)) - raft.server.log.statemachine.data.caching.enabled = true (custom)
2019-08-28 15:28:34,748 [pool-494-thread-1] INFO  impl.RaftServerImpl (RaftServerImpl.java:setRole(171)) - 042a280f-dfd9-45c4-b133-20205c7d6255:group-9EBB27045D5D changes role from null to FOLLOWER at term 0 for startAsFollower
2019-08-28 15:28:34,748 [pool-494-thread-1] INFO  impl.RoleInfo (RoleInfo.java:updateAndGet(143)) - 042a280f-dfd9-45c4-b133-20205c7d6255: start FollowerState
2019-08-28 15:28:34,748 [pool-472-thread-1] INFO  segmented.SegmentedRaftLogWorker (SegmentedRaftLogWorker.java:lambda$new$0(132)) - 96ef22e8-7a4e-4fe1-adeb-c5b0ceb08246-SegmentedRaftLogWorker:Storage Directory /workdir/hadoop-ozone/integration-test/target/test-dir/MiniOzoneClusterImpl-dff33e01-b2b8-4087-89b9-ab66c11044e2/datanode-3/data/ratis/aa3881ba-6ad8-4797-a4e7-9ebb27045d5d: flushIndex: setUnconditionally 0 -> -1
2019-08-28 15:28:34,752 [pool-494-thread-1] INFO  util.JmxRegister (JmxRegister.java:tryRegister(44)) - Successfully registered JMX Bean with object name Ratis:service=RaftServer,group=group-9EBB27045D5D,id=042a280f-dfd9-45c4-b133-20205c7d6255
2019-08-28 15:28:34,752 [pool-472-thread-1] INFO  server.RaftServerConfigKeys (ConfUtils.java:logGet(43)) - raft.server.snapshot.auto.trigger.enabled = true (custom)
2019-08-28 15:28:34,753 [pool-472-thread-1] INFO  server.RaftServerConfigKeys (ConfUtils.java:logGet(43)) - raft.server.snapshot.auto.trigger.threshold = 10000 (custom)
2019-08-28 15:28:34,753 [pool-472-thread-1] INFO  server.RaftServerConfigKeys (ConfUtils.java:logGet(43)) - raft.server.retrycache.expirytime = 600000ms (custom)
2019-08-28 15:28:34,753 [pool-472-thread-1] INFO  impl.RaftServerImpl (RaftServerImpl.java:start(180)) - 96ef22e8-7a4e-4fe1-adeb-c5b0ceb08246: start group-9EBB27045D5D
2019-08-28 15:28:34,753 [pool-472-thread-1] INFO  impl.RaftServerImpl (RaftServerImpl.java:setRole(171)) - 96ef22e8-7a4e-4fe1-adeb-c5b0ceb08246:group-9EBB27045D5D changes role from null to FOLLOWER at term 0 for startAsFollower
2019-08-28 15:28:34,753 [pool-472-thread-1] INFO  impl.RoleInfo (RoleInfo.java:updateAndGet(143)) - 96ef22e8-7a4e-4fe1-adeb-c5b0ceb08246: start FollowerState
2019-08-28 15:28:34,757 [pool-472-thread-1] INFO  util.JmxRegister (JmxRegister.java:tryRegister(44)) - Successfully registered JMX Bean with object name Ratis:service=RaftServer,group=group-9EBB27045D5D,id=96ef22e8-7a4e-4fe1-adeb-c5b0ceb08246
2019-08-28 15:28:34,761 [RatisPipelineUtilsThread] INFO  pipeline.PipelineStateManager (PipelineStateManager.java:addPipeline(56)) - Created pipeline Pipeline[ Id: aa3881ba-6ad8-4797-a4e7-9ebb27045d5d, Nodes: 042a280f-dfd9-45c4-b133-20205c7d6255{ip: 192.168.5.160, host: pr-hdds-1950-8p5ww-60544353, networkLocation: /default-rack, certSerialId: null}96ef22e8-7a4e-4fe1-adeb-c5b0ceb08246{ip: 192.168.5.160, host: pr-hdds-1950-8p5ww-60544353, networkLocation: /default-rack, certSerialId: null}c9e8e19f-54bf-4369-bbaf-73beb462e187{ip: 192.168.5.160, host: pr-hdds-1950-8p5ww-60544353, networkLocation: /default-rack, certSerialId: null}, Type:RATIS, Factor:THREE, State:OPEN]
2019-08-28 15:28:34,856 [main] INFO  ozone.MiniOzoneClusterImpl (MiniOzoneClusterImpl.java:lambda$waitForClusterToBeReady$0(142)) - Waiting for cluster to be ready. Got 6 of 7 DN Heartbeats.
2019-08-28 15:28:34,857 [IPC Server handler 4 on 35023] INFO  net.NetworkTopology (NetworkTopologyImpl.java:add(110)) - Added a new node: /default-rack/a6c0da75-1d5f-401d-9e51-895df67a2909
2019-08-28 15:28:34,857 [IPC Server handler 4 on 35023] INFO  node.SCMNodeManager (SCMNodeManager.java:register(273)) - Registered Data node : a6c0da75-1d5f-401d-9e51-895df67a2909{ip: 192.168.5.160, host: pr-hdds-1950-8p5ww-60544353, networkLocation: /default-rack, certSerialId: null}
2019-08-28 15:28:34,861 | INFO  | SCMAudit | user=jenkins1000 | ip=192.168.5.160 | op=REGISTER {datanodeDetails=a6c0da75-1d5f-401d-9e51-895df67a2909{ip: 192.168.5.160, host: pr-hdds-1950-8p5ww-60544353, networkLocation: /default-rack, certSerialId: null}} | ret=SUCCESS |  
2019-08-28 15:28:34,868 [grpc-default-executor-6] INFO  impl.RaftServerProxy (RaftServerProxy.java:addNew(89)) - a6c0da75-1d5f-401d-9e51-895df67a2909: addNew group-9A81E225E472:[a6c0da75-1d5f-401d-9e51-895df67a2909:192.168.5.160:45751] returns group-9A81E225E472:java.util.concurrent.CompletableFuture@324a1e4d[Not completed]
2019-08-28 15:28:34,869 [pool-505-thread-1] INFO  impl.RaftServerImpl (RaftServerImpl.java:<init>(93)) - a6c0da75-1d5f-401d-9e51-895df67a2909: new RaftServerImpl for group-9A81E225E472:[a6c0da75-1d5f-401d-9e51-895df67a2909:192.168.5.160:45751] with ContainerStateMachine:uninitialized
2019-08-28 15:28:34,869 [pool-505-thread-1] INFO  server.RaftServerConfigKeys (ConfUtils.java:logGet(43)) - raft.server.rpc.timeout.min = 5s (custom)
2019-08-28 15:28:34,870 [pool-505-thread-1] INFO  server.RaftServerConfigKeys (ConfUtils.java:logGet(43)) - raft.server.rpc.timeout.max = 5200ms (custom)
2019-08-28 15:28:34,870 [pool-505-thread-1] INFO  server.RaftServerConfigKeys (ConfUtils.java:logGet(43)) - raft.server.rpcslowness.timeout = 120s (custom)
2019-08-28 15:28:34,870 [pool-505-thread-1] INFO  server.RaftServerConfigKeys (ConfUtils.java:logGet(43)) - raft.server.sleep.deviation.threshold = 300 (default)
2019-08-28 15:28:34,870 [pool-505-thread-1] INFO  server.RaftServerConfigKeys (ConfUtils.java:logGet(43)) - raft.server.log.appender.install.snapshot.enabled = false (custom)
2019-08-28 15:28:34,870 [pool-505-thread-1] INFO  impl.RaftServerImpl (ServerState.java:<init>(105)) - a6c0da75-1d5f-401d-9e51-895df67a2909:group-9A81E225E472 ConfigurationManager, init=-1: [a6c0da75-1d5f-401d-9e51-895df67a2909:192.168.5.160:45751], old=null, confs=<EMPTY_MAP>
2019-08-28 15:28:34,870 [pool-505-thread-1] INFO  server.RaftServerConfigKeys (ConfUtils.java:logGet(43)) - raft.server.storage.dir = [/workdir/hadoop-ozone/integration-test/target/test-dir/MiniOzoneClusterImpl-dff33e01-b2b8-4087-89b9-ab66c11044e2/datanode-6/data/ratis] (custom)
2019-08-28 15:28:34,871 [pool-505-thread-1] INFO  storage.RaftStorageDirectory (RaftStorageDirectory.java:analyzeStorage(246)) - The storage directory /workdir/hadoop-ozone/integration-test/target/test-dir/MiniOzoneClusterImpl-dff33e01-b2b8-4087-89b9-ab66c11044e2/datanode-6/data/ratis/d9398070-4ac2-4090-89be-9a81e225e472 does not exist. Creating ...
2019-08-28 15:28:34,881 [pool-505-thread-1] INFO  storage.RaftStorageDirectory (RaftStorageDirectory.java:tryLock(328)) - Lock on /workdir/hadoop-ozone/integration-test/target/test-dir/MiniOzoneClusterImpl-dff33e01-b2b8-4087-89b9-ab66c11044e2/datanode-6/data/ratis/d9398070-4ac2-4090-89be-9a81e225e472/in_use.lock acquired by nodename 29118@pr-hdds-1950-8p5ww-60544353
2019-08-28 15:28:34,890 [pool-505-thread-1] INFO  storage.RaftStorage (RaftStorage.java:format(72)) - Storage directory /workdir/hadoop-ozone/integration-test/target/test-dir/MiniOzoneClusterImpl-dff33e01-b2b8-4087-89b9-ab66c11044e2/datanode-6/data/ratis/d9398070-4ac2-4090-89be-9a81e225e472 has been successfully formatted.
2019-08-28 15:28:34,890 [pool-505-thread-1] INFO  ratis.ContainerStateMachine (ContainerStateMachine.java:loadSnapshot(226)) - group-9A81E225E472: The snapshot info is null. Setting the last applied indexto:(t:0, i:~)
2019-08-28 15:28:34,891 [pool-505-thread-1] INFO  server.RaftServerConfigKeys (ConfUtils.java:logGet(43)) - raft.server.leader.election.timeout = 120s (custom)
2019-08-28 15:28:34,891 [pool-505-thread-1] INFO  server.RaftServerConfigKeys (ConfUtils.java:logGet(43)) - raft.server.log.use.memory = false (default)
2019-08-28 15:28:34,891 [pool-505-thread-1] INFO  server.RaftServerConfigKeys (ConfUtils.java:logGet(43)) - raft.server.log.purge.gap = 1000000 (custom)
2019-08-28 15:28:34,891 [pool-505-thread-1] INFO  server.RaftServerConfigKeys (ConfUtils.java:logGet(43)) - raft.server.log.appender.buffer.byte-limit = 33554432 (custom)
2019-08-28 15:28:34,891 [pool-505-thread-1] INFO  server.RaftServerConfigKeys (ConfUtils.java:logGet(43)) - raft.server.log.segment.size.max = 1048576 (custom)
2019-08-28 15:28:34,891 [pool-505-thread-1] INFO  server.RaftServerConfigKeys (ConfUtils.java:logGet(43)) - raft.server.log.segment.cache.num.max = 2 (custom)
2019-08-28 15:28:34,892 [pool-505-thread-1] INFO  segmented.SegmentedRaftLogWorker (SegmentedRaftLogWorker.java:<init>(172)) - new a6c0da75-1d5f-401d-9e51-895df67a2909-SegmentedRaftLogWorker:Storage Directory /workdir/hadoop-ozone/integration-test/target/test-dir/MiniOzoneClusterImpl-dff33e01-b2b8-4087-89b9-ab66c11044e2/datanode-6/data/ratis/d9398070-4ac2-4090-89be-9a81e225e472 for RaftStorage:Storage Directory /workdir/hadoop-ozone/integration-test/target/test-dir/MiniOzoneClusterImpl-dff33e01-b2b8-4087-89b9-ab66c11044e2/datanode-6/data/ratis/d9398070-4ac2-4090-89be-9a81e225e472
2019-08-28 15:28:34,892 [pool-505-thread-1] INFO  server.RaftServerConfigKeys (ConfUtils.java:logGet(43)) - raft.server.log.queue.byte-limit = 2147483647 (custom)
2019-08-28 15:28:34,892 [pool-505-thread-1] INFO  server.RaftServerConfigKeys (ConfUtils.java:logGet(43)) - raft.server.log.queue.element-limit = 1024 (custom)
2019-08-28 15:28:34,892 [pool-505-thread-1] INFO  server.RaftServerConfigKeys (ConfUtils.java:logGet(43)) - raft.server.log.segment.size.max = 1048576 (custom)
2019-08-28 15:28:34,892 [pool-505-thread-1] INFO  server.RaftServerConfigKeys (ConfUtils.java:logGet(43)) - raft.server.log.preallocated.size = 16384 (custom)
2019-08-28 15:28:34,892 [pool-505-thread-1] INFO  server.RaftServerConfigKeys (ConfUtils.java:logGet(43)) - raft.server.log.write.buffer.size = 33554432 (custom)
2019-08-28 15:28:34,893 [pool-505-thread-1] INFO  server.RaftServerConfigKeys (ConfUtils.java:logGet(43)) - raft.server.log.force.sync.num = 128 (default)
2019-08-28 15:28:34,893 [pool-505-thread-1] INFO  server.RaftServerConfigKeys (ConfUtils.java:logGet(43)) - raft.server.log.statemachine.data.sync = true (default)
2019-08-28 15:28:34,893 [pool-505-thread-1] INFO  server.RaftServerConfigKeys (ConfUtils.java:logGet(43)) - raft.server.log.statemachine.data.sync.timeout = 10s (default)
2019-08-28 15:28:34,893 [pool-505-thread-1] INFO  server.RaftServerConfigKeys (ConfUtils.java:logGet(43)) - raft.server.log.statemachine.data.sync.timeout.retry = -1 (default)
2019-08-28 15:28:34,893 [pool-505-thread-1] INFO  server.RaftServerConfigKeys (ConfUtils.java:logGet(43)) - raft.server.log.statemachine.data.caching.enabled = true (custom)
2019-08-28 15:28:34,894 [pool-505-thread-1] INFO  segmented.SegmentedRaftLogWorker (SegmentedRaftLogWorker.java:lambda$new$0(132)) - a6c0da75-1d5f-401d-9e51-895df67a2909-SegmentedRaftLogWorker:Storage Directory /workdir/hadoop-ozone/integration-test/target/test-dir/MiniOzoneClusterImpl-dff33e01-b2b8-4087-89b9-ab66c11044e2/datanode-6/data/ratis/d9398070-4ac2-4090-89be-9a81e225e472: flushIndex: setUnconditionally 0 -> -1
2019-08-28 15:28:34,894 [pool-505-thread-1] INFO  server.RaftServerConfigKeys (ConfUtils.java:logGet(43)) - raft.server.snapshot.auto.trigger.enabled = true (custom)
2019-08-28 15:28:34,894 [pool-505-thread-1] INFO  server.RaftServerConfigKeys (ConfUtils.java:logGet(43)) - raft.server.snapshot.auto.trigger.threshold = 10000 (custom)
2019-08-28 15:28:34,894 [pool-505-thread-1] INFO  server.RaftServerConfigKeys (ConfUtils.java:logGet(43)) - raft.server.retrycache.expirytime = 600000ms (custom)
2019-08-28 15:28:34,895 [pool-505-thread-1] INFO  impl.RaftServerImpl (RaftServerImpl.java:start(180)) - a6c0da75-1d5f-401d-9e51-895df67a2909: start group-9A81E225E472
2019-08-28 15:28:34,895 [pool-505-thread-1] INFO  impl.RaftServerImpl (RaftServerImpl.java:setRole(171)) - a6c0da75-1d5f-401d-9e51-895df67a2909:group-9A81E225E472 changes role from null to FOLLOWER at term 0 for startAsFollower
2019-08-28 15:28:34,895 [pool-505-thread-1] INFO  impl.RoleInfo (RoleInfo.java:updateAndGet(143)) - a6c0da75-1d5f-401d-9e51-895df67a2909: start FollowerState
2019-08-28 15:28:34,895 [pool-505-thread-1] INFO  util.JmxRegister (JmxRegister.java:tryRegister(44)) - Successfully registered JMX Bean with object name Ratis:service=RaftServer,group=group-9A81E225E472,id=a6c0da75-1d5f-401d-9e51-895df67a2909
2019-08-28 15:28:34,902 [RatisPipelineUtilsThread] INFO  pipeline.PipelineStateManager (PipelineStateManager.java:addPipeline(56)) - Created pipeline Pipeline[ Id: d9398070-4ac2-4090-89be-9a81e225e472, Nodes: a6c0da75-1d5f-401d-9e51-895df67a2909{ip: 192.168.5.160, host: pr-hdds-1950-8p5ww-60544353, networkLocation: /default-rack, certSerialId: null}, Type:RATIS, Factor:ONE, State:OPEN]
2019-08-28 15:28:35,560 | INFO  | SCMAudit | user=jenkins1000 | ip=192.168.5.160 | op=SEND_HEARTBEAT {datanodeUUID=e083f44d-f6d5-42ec-804b-f102740a8909, command=[]} | ret=SUCCESS |  
2019-08-28 15:28:35,722 | INFO  | SCMAudit | user=jenkins1000 | ip=192.168.5.160 | op=SEND_HEARTBEAT {datanodeUUID=c88de438-deef-4f9f-8cec-a54281b0c8d4, command=[]} | ret=SUCCESS |  
2019-08-28 15:28:35,856 [main] INFO  ozone.MiniOzoneClusterImpl (MiniOzoneClusterImpl.java:lambda$waitForClusterToBeReady$0(142)) - Cluster is ready. Got 7 of 7 DN Heartbeats.
2019-08-28 15:28:35,888 | INFO  | SCMAudit | user=jenkins1000 | ip=192.168.5.160 | op=SEND_HEARTBEAT {datanodeUUID=a5b00b79-c734-41b7-9619-32717c8abca8, command=[]} | ret=SUCCESS |  
2019-08-28 15:28:35,901 [main] INFO  rpc.RpcClient (RpcClient.java:createVolume(293)) - Creating Volume: testblockoutputstream, with jenkins1000 as owner.
2019-08-28 15:28:35,903 | INFO  | OMAudit | user=jenkins1000 | ip=127.0.0.1 | op=CREATE_VOLUME {admin=jenkins1000, owner=jenkins1000, volume=testblockoutputstream, creationTime=1567006115902, quotaInBytes=1152921504606846976} | ret=SUCCESS |  
2019-08-28 15:28:35,915 | INFO  | OMAudit | user=jenkins1000 | ip=127.0.0.1 | op=READ_VOLUME {volume=testblockoutputstream} | ret=SUCCESS |  
2019-08-28 15:28:35,916 [main] INFO  rpc.RpcClient (RpcClient.java:createBucket(432)) - Creating Bucket: testblockoutputstream/testblockoutputstream, with Versioning false and Storage Type set to DISK and Encryption set to false 
2019-08-28 15:28:35,919 | INFO  | OMAudit | user=jenkins1000 | ip=127.0.0.1 | op=CREATE_BUCKET {volume=testblockoutputstream, bucket=testblockoutputstream, acls=[user:jenkins1000:a[ACCESS], group:default:a[ACCESS]], isVersionEnabled=false, storageType=DISK, creationTime=0} | ret=SUCCESS |  
2019-08-28 15:28:35,921 | INFO  | OMAudit | user=jenkins1000 | ip=127.0.0.1 | op=READ_VOLUME {volume=testblockoutputstream} | ret=SUCCESS |  
2019-08-28 15:28:35,923 | INFO  | OMAudit | user=jenkins1000 | ip=127.0.0.1 | op=READ_BUCKET {volume=testblockoutputstream, bucket=testblockoutputstream} | ret=SUCCESS |  
2019-08-28 15:28:35,927 | INFO  | SCMAudit | user=jenkins1000 | ip=192.168.5.160 | op=ALLOCATE_BLOCK {owner=31868a50-513d-435b-b227-e37e8391ff4f, size=800, type=RATIS, factor=THREE} | ret=SUCCESS |  
2019-08-28 15:28:35,934 | INFO  | OMAudit | user=jenkins1000 | ip=127.0.0.1 | op=ALLOCATE_KEY {volume=testblockoutputstream, bucket=testblockoutputstream, key=8afb19a5-9fcb-4809-a528-febb80c080cb, dataSize=0, replicationType=RATIS, replicationFactor=THREE, keyLocationInfo=null} | ret=SUCCESS |  
2019-08-28 15:28:35,954 [grpc-default-executor-6] INFO  client.GrpcClientProtocolClient (GrpcClientProtocolClient.java:onNext(255)) - client-930A35D83D8F->a5b00b79-c734-41b7-9619-32717c8abca8: receive RaftClientReply:client-930A35D83D8F->a5b00b79-c734-41b7-9619-32717c8abca8@group-820DEEB479C9, cid=175, FAILED org.apache.ratis.protocol.NotLeaderException: Server a5b00b79-c734-41b7-9619-32717c8abca8 is not the leader (null). Request must be sent to leader., logIndex=0, commits[a5b00b79-c734-41b7-9619-32717c8abca8:c-1]
2019-08-28 15:28:36,264 | INFO  | SCMAudit | user=jenkins1000 | ip=192.168.5.160 | op=SEND_HEARTBEAT {datanodeUUID=96ef22e8-7a4e-4fe1-adeb-c5b0ceb08246, command=[]} | ret=SUCCESS |  
2019-08-28 15:28:36,447 | INFO  | SCMAudit | user=jenkins1000 | ip=192.168.5.160 | op=SEND_HEARTBEAT {datanodeUUID=c9e8e19f-54bf-4369-bbaf-73beb462e187, command=[]} | ret=SUCCESS |  
2019-08-28 15:28:36,560 | INFO  | SCMAudit | user=jenkins1000 | ip=192.168.5.160 | op=SEND_HEARTBEAT {datanodeUUID=e083f44d-f6d5-42ec-804b-f102740a8909, command=[]} | ret=SUCCESS |  
2019-08-28 15:28:36,569 [Thread-3288] INFO  container.ReplicationManager (ReplicationManager.java:start(152)) - Starting Replication Monitor Thread.
2019-08-28 15:28:36,575 [ReplicationMonitor] INFO  container.ReplicationManager (ReplicationManager.java:run(215)) - Replication Monitor Thread took 1 milliseconds for processing 1 containers.
2019-08-28 15:28:36,626 | INFO  | SCMAudit | user=jenkins1000 | ip=192.168.5.160 | op=SEND_HEARTBEAT {datanodeUUID=042a280f-dfd9-45c4-b133-20205c7d6255, command=[]} | ret=SUCCESS |  
2019-08-28 15:28:36,722 | INFO  | SCMAudit | user=jenkins1000 | ip=192.168.5.160 | op=SEND_HEARTBEAT {datanodeUUID=c88de438-deef-4f9f-8cec-a54281b0c8d4, command=[]} | ret=SUCCESS |  
2019-08-28 15:28:36,857 | INFO  | SCMAudit | user=jenkins1000 | ip=192.168.5.160 | op=SEND_HEARTBEAT {datanodeUUID=a6c0da75-1d5f-401d-9e51-895df67a2909, command=[]} | ret=SUCCESS |  
2019-08-28 15:28:36,883 | INFO  | SCMAudit | user=jenkins1000 | ip=192.168.5.160 | op=SEND_HEARTBEAT {datanodeUUID=a5b00b79-c734-41b7-9619-32717c8abca8, command=[]} | ret=SUCCESS |  
2019-08-28 15:28:36,969 [grpc-default-executor-6] INFO  client.GrpcClientProtocolClient (GrpcClientProtocolClient.java:onNext(255)) - client-930A35D83D8F->c88de438-deef-4f9f-8cec-a54281b0c8d4: receive RaftClientReply:client-930A35D83D8F->c88de438-deef-4f9f-8cec-a54281b0c8d4@group-820DEEB479C9, cid=175, FAILED org.apache.ratis.protocol.NotLeaderException: Server c88de438-deef-4f9f-8cec-a54281b0c8d4 is not the leader (null). Request must be sent to leader., logIndex=0, commits[c88de438-deef-4f9f-8cec-a54281b0c8d4:c-1]
2019-08-28 15:28:37,264 | INFO  | SCMAudit | user=jenkins1000 | ip=192.168.5.160 | op=SEND_HEARTBEAT {datanodeUUID=96ef22e8-7a4e-4fe1-adeb-c5b0ceb08246, command=[]} | ret=SUCCESS |  
2019-08-28 15:28:37,445 | INFO  | SCMAudit | user=jenkins1000 | ip=192.168.5.160 | op=SEND_HEARTBEAT {datanodeUUID=c9e8e19f-54bf-4369-bbaf-73beb462e187, command=[]} | ret=SUCCESS |  
2019-08-28 15:28:37,560 | INFO  | SCMAudit | user=jenkins1000 | ip=192.168.5.160 | op=SEND_HEARTBEAT {datanodeUUID=e083f44d-f6d5-42ec-804b-f102740a8909, command=[]} | ret=SUCCESS |  
2019-08-28 15:28:37,626 | INFO  | SCMAudit | user=jenkins1000 | ip=192.168.5.160 | op=SEND_HEARTBEAT {datanodeUUID=042a280f-dfd9-45c4-b133-20205c7d6255, command=[]} | ret=SUCCESS |  
2019-08-28 15:28:37,721 | INFO  | SCMAudit | user=jenkins1000 | ip=192.168.5.160 | op=SEND_HEARTBEAT {datanodeUUID=c88de438-deef-4f9f-8cec-a54281b0c8d4, command=[]} | ret=SUCCESS |  
2019-08-28 15:28:37,857 | INFO  | SCMAudit | user=jenkins1000 | ip=192.168.5.160 | op=SEND_HEARTBEAT {datanodeUUID=a6c0da75-1d5f-401d-9e51-895df67a2909, command=[]} | ret=SUCCESS |  
2019-08-28 15:28:37,883 | INFO  | SCMAudit | user=jenkins1000 | ip=192.168.5.160 | op=SEND_HEARTBEAT {datanodeUUID=a5b00b79-c734-41b7-9619-32717c8abca8, command=[]} | ret=SUCCESS |  
2019-08-28 15:28:37,984 [grpc-default-executor-6] INFO  client.GrpcClientProtocolClient (GrpcClientProtocolClient.java:onNext(255)) - client-930A35D83D8F->e083f44d-f6d5-42ec-804b-f102740a8909: receive RaftClientReply:client-930A35D83D8F->e083f44d-f6d5-42ec-804b-f102740a8909@group-820DEEB479C9, cid=175, FAILED org.apache.ratis.protocol.NotLeaderException: Server e083f44d-f6d5-42ec-804b-f102740a8909 is not the leader (null). Request must be sent to leader., logIndex=0, commits[e083f44d-f6d5-42ec-804b-f102740a8909:c-1]
2019-08-28 15:28:38,264 | INFO  | SCMAudit | user=jenkins1000 | ip=192.168.5.160 | op=SEND_HEARTBEAT {datanodeUUID=96ef22e8-7a4e-4fe1-adeb-c5b0ceb08246, command=[]} | ret=SUCCESS |  
2019-08-28 15:28:38,445 | INFO  | SCMAudit | user=jenkins1000 | ip=192.168.5.160 | op=SEND_HEARTBEAT {datanodeUUID=c9e8e19f-54bf-4369-bbaf-73beb462e187, command=[]} | ret=SUCCESS |  
2019-08-28 15:28:38,560 | INFO  | SCMAudit | user=jenkins1000 | ip=192.168.5.160 | op=SEND_HEARTBEAT {datanodeUUID=e083f44d-f6d5-42ec-804b-f102740a8909, command=[]} | ret=SUCCESS |  
2019-08-28 15:28:38,626 | INFO  | SCMAudit | user=jenkins1000 | ip=192.168.5.160 | op=SEND_HEARTBEAT {datanodeUUID=042a280f-dfd9-45c4-b133-20205c7d6255, command=[]} | ret=SUCCESS |  
2019-08-28 15:28:38,635 [Thread-3290] INFO  impl.FollowerState (FollowerState.java:run(106)) - e083f44d-f6d5-42ec-804b-f102740a8909:group-8D824C3C23D7 changes to CANDIDATE, lastRpcTime:5023, electionTimeout:5023ms
2019-08-28 15:28:38,635 [Thread-3290] INFO  impl.RoleInfo (RoleInfo.java:shutdownFollowerState(121)) - e083f44d-f6d5-42ec-804b-f102740a8909: shutdown FollowerState
2019-08-28 15:28:38,635 [Thread-3290] INFO  impl.RaftServerImpl (RaftServerImpl.java:setRole(171)) - e083f44d-f6d5-42ec-804b-f102740a8909:group-8D824C3C23D7 changes role from FOLLOWER to CANDIDATE at term 0 for changeToCandidate
2019-08-28 15:28:38,636 [Thread-3290] INFO  impl.RoleInfo (RoleInfo.java:updateAndGet(143)) - e083f44d-f6d5-42ec-804b-f102740a8909: start LeaderElection
2019-08-28 15:28:38,661 [e083f44d-f6d5-42ec-804b-f102740a8909:group-8D824C3C23D7:LeaderElection52] INFO  impl.LeaderElection (LeaderElection.java:askForVotes(181)) - e083f44d-f6d5-42ec-804b-f102740a8909:group-8D824C3C23D7:LeaderElection52: begin an election at term 1 for -1: [e083f44d-f6d5-42ec-804b-f102740a8909:192.168.5.160:44911], old=null
2019-08-28 15:28:38,662 [e083f44d-f6d5-42ec-804b-f102740a8909:group-8D824C3C23D7:LeaderElection52] INFO  impl.RoleInfo (RoleInfo.java:shutdownLeaderElection(134)) - e083f44d-f6d5-42ec-804b-f102740a8909: shutdown LeaderElection
2019-08-28 15:28:38,662 [e083f44d-f6d5-42ec-804b-f102740a8909:group-8D824C3C23D7:LeaderElection52] INFO  impl.RaftServerImpl (RaftServerImpl.java:setRole(171)) - e083f44d-f6d5-42ec-804b-f102740a8909:group-8D824C3C23D7 changes role from CANDIDATE to LEADER at term 1 for changeToLeader
2019-08-28 15:28:38,662 [e083f44d-f6d5-42ec-804b-f102740a8909:group-8D824C3C23D7:LeaderElection52] INFO  impl.RaftServerImpl (ServerState.java:setLeader(263)) - e083f44d-f6d5-42ec-804b-f102740a8909:group-8D824C3C23D7 change Leader from null to e083f44d-f6d5-42ec-804b-f102740a8909 at term 1 for becomeLeader, leader elected after 5053ms
2019-08-28 15:28:38,662 [e083f44d-f6d5-42ec-804b-f102740a8909:group-8D824C3C23D7:LeaderElection52] INFO  server.RaftServerConfigKeys (ConfUtils.java:logGet(43)) - raft.server.staging.catchup.gap = 1000 (default)
2019-08-28 15:28:38,662 [e083f44d-f6d5-42ec-804b-f102740a8909:group-8D824C3C23D7:LeaderElection52] INFO  server.RaftServerConfigKeys (ConfUtils.java:logGet(43)) - raft.server.rpc.sleep.time = 25ms (default)
2019-08-28 15:28:38,662 [e083f44d-f6d5-42ec-804b-f102740a8909:group-8D824C3C23D7:LeaderElection52] INFO  server.RaftServerConfigKeys (ConfUtils.java:logGet(43)) - raft.server.write.element-limit = 4096 (default)
2019-08-28 15:28:38,662 [e083f44d-f6d5-42ec-804b-f102740a8909:group-8D824C3C23D7:LeaderElection52] INFO  server.RaftServerConfigKeys (ConfUtils.java:logGet(43)) - raft.server.watch.timeout = 10s (default)
2019-08-28 15:28:38,663 [e083f44d-f6d5-42ec-804b-f102740a8909:group-8D824C3C23D7:LeaderElection52] INFO  server.RaftServerConfigKeys (ConfUtils.java:logGet(43)) - raft.server.watch.timeout.denomination = 1s (default)
2019-08-28 15:28:38,663 [e083f44d-f6d5-42ec-804b-f102740a8909:group-8D824C3C23D7:LeaderElection52] INFO  server.RaftServerConfigKeys (ConfUtils.java:logGet(43)) - raft.server.watch.element-limit = 65536 (default)
2019-08-28 15:28:38,663 [e083f44d-f6d5-42ec-804b-f102740a8909:group-8D824C3C23D7:LeaderElection52] INFO  impl.RoleInfo (RoleInfo.java:updateAndGet(143)) - e083f44d-f6d5-42ec-804b-f102740a8909: start LeaderState
2019-08-28 15:28:38,663 [e083f44d-f6d5-42ec-804b-f102740a8909:group-8D824C3C23D7:LeaderElection52] INFO  segmented.SegmentedRaftLogWorker (SegmentedRaftLogWorker.java:startLogSegment(380)) - e083f44d-f6d5-42ec-804b-f102740a8909-SegmentedRaftLogWorker:Storage Directory /workdir/hadoop-ozone/integration-test/target/test-dir/MiniOzoneClusterImpl-dff33e01-b2b8-4087-89b9-ab66c11044e2/datanode-0/data/ratis/86c640cd-ff26-4215-9d95-8d824c3c23d7: Starting segment from index:0
2019-08-28 15:28:38,664 [e083f44d-f6d5-42ec-804b-f102740a8909:group-8D824C3C23D7:LeaderElection52] INFO  impl.RaftServerImpl (ServerState.java:setRaftConf(361)) - e083f44d-f6d5-42ec-804b-f102740a8909:group-8D824C3C23D7 set configuration 0: [e083f44d-f6d5-42ec-804b-f102740a8909:192.168.5.160:44911], old=null at 0
2019-08-28 15:28:38,710 [e083f44d-f6d5-42ec-804b-f102740a8909-SegmentedRaftLogWorker:Storage Directory /workdir/hadoop-ozone/integration-test/target/test-dir/MiniOzoneClusterImpl-dff33e01-b2b8-4087-89b9-ab66c11044e2/datanode-0/data/ratis/86c640cd-ff26-4215-9d95-8d824c3c23d7] INFO  segmented.SegmentedRaftLogWorker (SegmentedRaftLogWorker.java:execute(569)) - e083f44d-f6d5-42ec-804b-f102740a8909-SegmentedRaftLogWorker:Storage Directory /workdir/hadoop-ozone/integration-test/target/test-dir/MiniOzoneClusterImpl-dff33e01-b2b8-4087-89b9-ab66c11044e2/datanode-0/data/ratis/86c640cd-ff26-4215-9d95-8d824c3c23d7: created new log segment /workdir/hadoop-ozone/integration-test/target/test-dir/MiniOzoneClusterImpl-dff33e01-b2b8-4087-89b9-ab66c11044e2/datanode-0/data/ratis/86c640cd-ff26-4215-9d95-8d824c3c23d7/current/log_inprogress_0
2019-08-28 15:28:38,722 | INFO  | SCMAudit | user=jenkins1000 | ip=192.168.5.160 | op=SEND_HEARTBEAT {datanodeUUID=c88de438-deef-4f9f-8cec-a54281b0c8d4, command=[]} | ret=SUCCESS |  
2019-08-28 15:28:38,857 | INFO  | SCMAudit | user=jenkins1000 | ip=192.168.5.160 | op=SEND_HEARTBEAT {datanodeUUID=a6c0da75-1d5f-401d-9e51-895df67a2909, command=[]} | ret=SUCCESS |  
2019-08-28 15:28:38,883 | INFO  | SCMAudit | user=jenkins1000 | ip=192.168.5.160 | op=SEND_HEARTBEAT {datanodeUUID=a5b00b79-c734-41b7-9619-32717c8abca8, command=[]} | ret=SUCCESS |  
2019-08-28 15:28:38,929 [Thread-3293] INFO  impl.FollowerState (FollowerState.java:run(106)) - c88de438-deef-4f9f-8cec-a54281b0c8d4:group-D0AED32C839F changes to CANDIDATE, lastRpcTime:5150, electionTimeout:5150ms
2019-08-28 15:28:38,929 [Thread-3293] INFO  impl.RoleInfo (RoleInfo.java:shutdownFollowerState(121)) - c88de438-deef-4f9f-8cec-a54281b0c8d4: shutdown FollowerState
2019-08-28 15:28:38,930 [Thread-3293] INFO  impl.RaftServerImpl (RaftServerImpl.java:setRole(171)) - c88de438-deef-4f9f-8cec-a54281b0c8d4:group-D0AED32C839F changes role from FOLLOWER to CANDIDATE at term 0 for changeToCandidate
2019-08-28 15:28:38,930 [Thread-3293] INFO  impl.RoleInfo (RoleInfo.java:updateAndGet(143)) - c88de438-deef-4f9f-8cec-a54281b0c8d4: start LeaderElection
2019-08-28 15:28:38,950 [c88de438-deef-4f9f-8cec-a54281b0c8d4:group-D0AED32C839F:LeaderElection53] INFO  impl.LeaderElection (LeaderElection.java:askForVotes(181)) - c88de438-deef-4f9f-8cec-a54281b0c8d4:group-D0AED32C839F:LeaderElection53: begin an election at term 1 for -1: [c88de438-deef-4f9f-8cec-a54281b0c8d4:192.168.5.160:43383], old=null
2019-08-28 15:28:38,950 [c88de438-deef-4f9f-8cec-a54281b0c8d4:group-D0AED32C839F:LeaderElection53] INFO  impl.RoleInfo (RoleInfo.java:shutdownLeaderElection(134)) - c88de438-deef-4f9f-8cec-a54281b0c8d4: shutdown LeaderElection
2019-08-28 15:28:38,950 [c88de438-deef-4f9f-8cec-a54281b0c8d4:group-D0AED32C839F:LeaderElection53] INFO  impl.RaftServerImpl (RaftServerImpl.java:setRole(171)) - c88de438-deef-4f9f-8cec-a54281b0c8d4:group-D0AED32C839F changes role from CANDIDATE to LEADER at term 1 for changeToLeader
2019-08-28 15:28:38,950 [c88de438-deef-4f9f-8cec-a54281b0c8d4:group-D0AED32C839F:LeaderElection53] INFO  impl.RaftServerImpl (ServerState.java:setLeader(263)) - c88de438-deef-4f9f-8cec-a54281b0c8d4:group-D0AED32C839F change Leader from null to c88de438-deef-4f9f-8cec-a54281b0c8d4 at term 1 for becomeLeader, leader elected after 5177ms
2019-08-28 15:28:38,950 [c88de438-deef-4f9f-8cec-a54281b0c8d4:group-D0AED32C839F:LeaderElection53] INFO  server.RaftServerConfigKeys (ConfUtils.java:logGet(43)) - raft.server.staging.catchup.gap = 1000 (default)
2019-08-28 15:28:38,950 [c88de438-deef-4f9f-8cec-a54281b0c8d4:group-D0AED32C839F:LeaderElection53] INFO  server.RaftServerConfigKeys (ConfUtils.java:logGet(43)) - raft.server.rpc.sleep.time = 25ms (default)
2019-08-28 15:28:38,951 [c88de438-deef-4f9f-8cec-a54281b0c8d4:group-D0AED32C839F:LeaderElection53] INFO  server.RaftServerConfigKeys (ConfUtils.java:logGet(43)) - raft.server.write.element-limit = 4096 (default)
2019-08-28 15:28:38,951 [c88de438-deef-4f9f-8cec-a54281b0c8d4:group-D0AED32C839F:LeaderElection53] INFO  server.RaftServerConfigKeys (ConfUtils.java:logGet(43)) - raft.server.watch.timeout = 10s (default)
2019-08-28 15:28:38,951 [c88de438-deef-4f9f-8cec-a54281b0c8d4:group-D0AED32C839F:LeaderElection53] INFO  server.RaftServerConfigKeys (ConfUtils.java:logGet(43)) - raft.server.watch.timeout.denomination = 1s (default)
2019-08-28 15:28:38,951 [c88de438-deef-4f9f-8cec-a54281b0c8d4:group-D0AED32C839F:LeaderElection53] INFO  server.RaftServerConfigKeys (ConfUtils.java:logGet(43)) - raft.server.watch.element-limit = 65536 (default)
2019-08-28 15:28:38,951 [c88de438-deef-4f9f-8cec-a54281b0c8d4:group-D0AED32C839F:LeaderElection53] INFO  impl.RoleInfo (RoleInfo.java:updateAndGet(143)) - c88de438-deef-4f9f-8cec-a54281b0c8d4: start LeaderState
2019-08-28 15:28:38,952 [c88de438-deef-4f9f-8cec-a54281b0c8d4:group-D0AED32C839F:LeaderElection53] INFO  segmented.SegmentedRaftLogWorker (SegmentedRaftLogWorker.java:startLogSegment(380)) - c88de438-deef-4f9f-8cec-a54281b0c8d4-SegmentedRaftLogWorker:Storage Directory /workdir/hadoop-ozone/integration-test/target/test-dir/MiniOzoneClusterImpl-dff33e01-b2b8-4087-89b9-ab66c11044e2/datanode-1/data/ratis/6d62d139-7e99-4d4f-a812-d0aed32c839f: Starting segment from index:0
2019-08-28 15:28:38,952 [c88de438-deef-4f9f-8cec-a54281b0c8d4:group-D0AED32C839F:LeaderElection53] INFO  impl.RaftServerImpl (ServerState.java:setRaftConf(361)) - c88de438-deef-4f9f-8cec-a54281b0c8d4:group-D0AED32C839F set configuration 0: [c88de438-deef-4f9f-8cec-a54281b0c8d4:192.168.5.160:43383], old=null at 0
2019-08-28 15:28:38,992 [c88de438-deef-4f9f-8cec-a54281b0c8d4-SegmentedRaftLogWorker:Storage Directory /workdir/hadoop-ozone/integration-test/target/test-dir/MiniOzoneClusterImpl-dff33e01-b2b8-4087-89b9-ab66c11044e2/datanode-1/data/ratis/6d62d139-7e99-4d4f-a812-d0aed32c839f] INFO  segmented.SegmentedRaftLogWorker (SegmentedRaftLogWorker.java:execute(569)) - c88de438-deef-4f9f-8cec-a54281b0c8d4-SegmentedRaftLogWorker:Storage Directory /workdir/hadoop-ozone/integration-test/target/test-dir/MiniOzoneClusterImpl-dff33e01-b2b8-4087-89b9-ab66c11044e2/datanode-1/data/ratis/6d62d139-7e99-4d4f-a812-d0aed32c839f: created new log segment /workdir/hadoop-ozone/integration-test/target/test-dir/MiniOzoneClusterImpl-dff33e01-b2b8-4087-89b9-ab66c11044e2/datanode-1/data/ratis/6d62d139-7e99-4d4f-a812-d0aed32c839f/current/log_inprogress_0
2019-08-28 15:28:38,993 [grpc-default-executor-0] INFO  client.GrpcClientProtocolClient (GrpcClientProtocolClient.java:onNext(255)) - client-930A35D83D8F->c88de438-deef-4f9f-8cec-a54281b0c8d4: receive RaftClientReply:client-930A35D83D8F->c88de438-deef-4f9f-8cec-a54281b0c8d4@group-820DEEB479C9, cid=175, FAILED org.apache.ratis.protocol.NotLeaderException: Server c88de438-deef-4f9f-8cec-a54281b0c8d4 is not the leader (null). Request must be sent to leader., logIndex=0, commits[c88de438-deef-4f9f-8cec-a54281b0c8d4:c-1]
2019-08-28 15:28:39,039 [Thread-3305] INFO  impl.FollowerState (FollowerState.java:run(106)) - a5b00b79-c734-41b7-9619-32717c8abca8:group-820DEEB479C9 changes to CANDIDATE, lastRpcTime:5027, electionTimeout:5027ms
2019-08-28 15:28:39,039 [Thread-3305] INFO  impl.RoleInfo (RoleInfo.java:shutdownFollowerState(121)) - a5b00b79-c734-41b7-9619-32717c8abca8: shutdown FollowerState
2019-08-28 15:28:39,039 [Thread-3305] INFO  impl.RaftServerImpl (RaftServerImpl.java:setRole(171)) - a5b00b79-c734-41b7-9619-32717c8abca8:group-820DEEB479C9 changes role from FOLLOWER to CANDIDATE at term 0 for changeToCandidate
2019-08-28 15:28:39,039 [Thread-3305] INFO  impl.RoleInfo (RoleInfo.java:updateAndGet(143)) - a5b00b79-c734-41b7-9619-32717c8abca8: start LeaderElection
2019-08-28 15:28:39,058 [a5b00b79-c734-41b7-9619-32717c8abca8:group-820DEEB479C9:LeaderElection54] INFO  impl.LeaderElection (LeaderElection.java:askForVotes(181)) - a5b00b79-c734-41b7-9619-32717c8abca8:group-820DEEB479C9:LeaderElection54: begin an election at term 1 for -1: [c88de438-deef-4f9f-8cec-a54281b0c8d4:192.168.5.160:43383, e083f44d-f6d5-42ec-804b-f102740a8909:192.168.5.160:44911, a5b00b79-c734-41b7-9619-32717c8abca8:192.168.5.160:36297], old=null
2019-08-28 15:28:39,062 [grpc-default-executor-0] INFO  impl.RaftServerImpl (RaftServerImpl.java:setRole(171)) - e083f44d-f6d5-42ec-804b-f102740a8909:group-820DEEB479C9 changes role from FOLLOWER to FOLLOWER at term 1 for recognizeCandidate:a5b00b79-c734-41b7-9619-32717c8abca8
2019-08-28 15:28:39,062 [grpc-default-executor-6] INFO  impl.RaftServerImpl (RaftServerImpl.java:setRole(171)) - c88de438-deef-4f9f-8cec-a54281b0c8d4:group-820DEEB479C9 changes role from FOLLOWER to FOLLOWER at term 1 for recognizeCandidate:a5b00b79-c734-41b7-9619-32717c8abca8
2019-08-28 15:28:39,062 [grpc-default-executor-0] INFO  impl.RoleInfo (RoleInfo.java:shutdownFollowerState(121)) - e083f44d-f6d5-42ec-804b-f102740a8909: shutdown FollowerState
2019-08-28 15:28:39,062 [grpc-default-executor-6] INFO  impl.RoleInfo (RoleInfo.java:shutdownFollowerState(121)) - c88de438-deef-4f9f-8cec-a54281b0c8d4: shutdown FollowerState
2019-08-28 15:28:39,062 [grpc-default-executor-0] INFO  impl.RoleInfo (RoleInfo.java:updateAndGet(143)) - e083f44d-f6d5-42ec-804b-f102740a8909: start FollowerState
2019-08-28 15:28:39,062 [Thread-3299] INFO  impl.FollowerState (FollowerState.java:run(114)) - e083f44d-f6d5-42ec-804b-f102740a8909: FollowerState was interrupted: java.lang.InterruptedException: sleep interrupted
2019-08-28 15:28:39,062 [grpc-default-executor-6] INFO  impl.RoleInfo (RoleInfo.java:updateAndGet(143)) - c88de438-deef-4f9f-8cec-a54281b0c8d4: start FollowerState
2019-08-28 15:28:39,062 [Thread-3301] INFO  impl.FollowerState (FollowerState.java:run(114)) - c88de438-deef-4f9f-8cec-a54281b0c8d4: FollowerState was interrupted: java.lang.InterruptedException: sleep interrupted
2019-08-28 15:28:39,084 [a5b00b79-c734-41b7-9619-32717c8abca8:group-820DEEB479C9:LeaderElection54] INFO  impl.LeaderElection (LeaderElection.java:logAndReturn(56)) - a5b00b79-c734-41b7-9619-32717c8abca8:group-820DEEB479C9:LeaderElection54: Election PASSED; received 1 response(s) [a5b00b79-c734-41b7-9619-32717c8abca8<-c88de438-deef-4f9f-8cec-a54281b0c8d4#0:OK-t1] and 0 exception(s); a5b00b79-c734-41b7-9619-32717c8abca8:t1, leader=null, voted=a5b00b79-c734-41b7-9619-32717c8abca8, raftlog=a5b00b79-c734-41b7-9619-32717c8abca8-SegmentedRaftLog:OPENED:c-1,f-1,i0, conf=-1: [c88de438-deef-4f9f-8cec-a54281b0c8d4:192.168.5.160:43383, e083f44d-f6d5-42ec-804b-f102740a8909:192.168.5.160:44911, a5b00b79-c734-41b7-9619-32717c8abca8:192.168.5.160:36297], old=null
2019-08-28 15:28:39,084 [a5b00b79-c734-41b7-9619-32717c8abca8:group-820DEEB479C9:LeaderElection54] INFO  impl.RoleInfo (RoleInfo.java:shutdownLeaderElection(134)) - a5b00b79-c734-41b7-9619-32717c8abca8: shutdown LeaderElection
2019-08-28 15:28:39,084 [a5b00b79-c734-41b7-9619-32717c8abca8:group-820DEEB479C9:LeaderElection54] INFO  impl.RaftServerImpl (RaftServerImpl.java:setRole(171)) - a5b00b79-c734-41b7-9619-32717c8abca8:group-820DEEB479C9 changes role from CANDIDATE to LEADER at term 1 for changeToLeader
2019-08-28 15:28:39,085 [a5b00b79-c734-41b7-9619-32717c8abca8:group-820DEEB479C9:LeaderElection54] INFO  impl.RaftServerImpl (ServerState.java:setLeader(263)) - a5b00b79-c734-41b7-9619-32717c8abca8:group-820DEEB479C9 change Leader from null to a5b00b79-c734-41b7-9619-32717c8abca8 at term 1 for becomeLeader, leader elected after 5101ms
2019-08-28 15:28:39,085 [a5b00b79-c734-41b7-9619-32717c8abca8:group-820DEEB479C9:LeaderElection54] INFO  server.RaftServerConfigKeys (ConfUtils.java:logGet(43)) - raft.server.staging.catchup.gap = 1000 (default)
2019-08-28 15:28:39,085 [a5b00b79-c734-41b7-9619-32717c8abca8:group-820DEEB479C9:LeaderElection54] INFO  server.RaftServerConfigKeys (ConfUtils.java:logGet(43)) - raft.server.rpc.sleep.time = 25ms (default)
2019-08-28 15:28:39,085 [a5b00b79-c734-41b7-9619-32717c8abca8:group-820DEEB479C9:LeaderElection54] INFO  server.RaftServerConfigKeys (ConfUtils.java:logGet(43)) - raft.server.write.element-limit = 4096 (default)
2019-08-28 15:28:39,085 [a5b00b79-c734-41b7-9619-32717c8abca8:group-820DEEB479C9:LeaderElection54] INFO  server.RaftServerConfigKeys (ConfUtils.java:logGet(43)) - raft.server.watch.timeout = 10s (default)
2019-08-28 15:28:39,085 [a5b00b79-c734-41b7-9619-32717c8abca8:group-820DEEB479C9:LeaderElection54] INFO  server.RaftServerConfigKeys (ConfUtils.java:logGet(43)) - raft.server.watch.timeout.denomination = 1s (default)
2019-08-28 15:28:39,085 [a5b00b79-c734-41b7-9619-32717c8abca8:group-820DEEB479C9:LeaderElection54] INFO  server.RaftServerConfigKeys (ConfUtils.java:logGet(43)) - raft.server.watch.element-limit = 65536 (default)
2019-08-28 15:28:39,086 [a5b00b79-c734-41b7-9619-32717c8abca8:group-820DEEB479C9:LeaderElection54] INFO  server.RaftServerConfigKeys (ConfUtils.java:logGet(43)) - raft.server.log.appender.snapshot.chunk.size.max = 16MB (=16777216) (default)
2019-08-28 15:28:39,086 [a5b00b79-c734-41b7-9619-32717c8abca8:group-820DEEB479C9:LeaderElection54] INFO  server.RaftServerConfigKeys (ConfUtils.java:logGet(43)) - raft.server.log.appender.buffer.byte-limit = 33554432 (custom)
2019-08-28 15:28:39,086 [a5b00b79-c734-41b7-9619-32717c8abca8:group-820DEEB479C9:LeaderElection54] INFO  server.RaftServerConfigKeys (ConfUtils.java:logGet(43)) - raft.server.log.appender.buffer.element-limit = 1 (custom)
2019-08-28 15:28:39,086 [a5b00b79-c734-41b7-9619-32717c8abca8:group-820DEEB479C9:LeaderElection54] INFO  grpc.GrpcConfigKeys$Server (ConfUtils.java:logGet(43)) - raft.grpc.server.leader.outstanding.appends.max = 128 (default)
2019-08-28 15:28:39,087 [a5b00b79-c734-41b7-9619-32717c8abca8:group-820DEEB479C9:LeaderElection54] INFO  server.RaftServerConfigKeys (ConfUtils.java:logGet(43)) - raft.server.rpc.request.timeout = 3000ms (default)
2019-08-28 15:28:39,087 [a5b00b79-c734-41b7-9619-32717c8abca8:group-820DEEB479C9:LeaderElection54] INFO  server.RaftServerConfigKeys (ConfUtils.java:logGet(43)) - raft.server.log.appender.install.snapshot.enabled = false (custom)
2019-08-28 15:28:39,087 [a5b00b79-c734-41b7-9619-32717c8abca8:group-820DEEB479C9:LeaderElection54] INFO  server.RaftServerConfigKeys (ConfUtils.java:logGet(43)) - raft.server.log.appender.snapshot.chunk.size.max = 16MB (=16777216) (default)
2019-08-28 15:28:39,087 [a5b00b79-c734-41b7-9619-32717c8abca8:group-820DEEB479C9:LeaderElection54] INFO  server.RaftServerConfigKeys (ConfUtils.java:logGet(43)) - raft.server.log.appender.buffer.byte-limit = 33554432 (custom)
2019-08-28 15:28:39,087 [a5b00b79-c734-41b7-9619-32717c8abca8:group-820DEEB479C9:LeaderElection54] INFO  server.RaftServerConfigKeys (ConfUtils.java:logGet(43)) - raft.server.log.appender.buffer.element-limit = 1 (custom)
2019-08-28 15:28:39,088 [a5b00b79-c734-41b7-9619-32717c8abca8:group-820DEEB479C9:LeaderElection54] INFO  grpc.GrpcConfigKeys$Server (ConfUtils.java:logGet(43)) - raft.grpc.server.leader.outstanding.appends.max = 128 (default)
2019-08-28 15:28:39,088 [a5b00b79-c734-41b7-9619-32717c8abca8:group-820DEEB479C9:LeaderElection54] INFO  server.RaftServerConfigKeys (ConfUtils.java:logGet(43)) - raft.server.rpc.request.timeout = 3000ms (default)
2019-08-28 15:28:39,088 [a5b00b79-c734-41b7-9619-32717c8abca8:group-820DEEB479C9:LeaderElection54] INFO  server.RaftServerConfigKeys (ConfUtils.java:logGet(43)) - raft.server.log.appender.install.snapshot.enabled = false (custom)
2019-08-28 15:28:39,088 [a5b00b79-c734-41b7-9619-32717c8abca8:group-820DEEB479C9:LeaderElection54] INFO  impl.RoleInfo (RoleInfo.java:updateAndGet(143)) - a5b00b79-c734-41b7-9619-32717c8abca8: start LeaderState
2019-08-28 15:28:39,088 [a5b00b79-c734-41b7-9619-32717c8abca8:group-820DEEB479C9:LeaderElection54] INFO  segmented.SegmentedRaftLogWorker (SegmentedRaftLogWorker.java:startLogSegment(380)) - a5b00b79-c734-41b7-9619-32717c8abca8-SegmentedRaftLogWorker:Storage Directory /workdir/hadoop-ozone/integration-test/target/test-dir/MiniOzoneClusterImpl-dff33e01-b2b8-4087-89b9-ab66c11044e2/datanode-2/data/ratis/21f703fd-59f3-40d5-a518-820deeb479c9: Starting segment from index:0
2019-08-28 15:28:39,089 [a5b00b79-c734-41b7-9619-32717c8abca8:group-820DEEB479C9:LeaderElection54] INFO  impl.RaftServerImpl (ServerState.java:setRaftConf(361)) - a5b00b79-c734-41b7-9619-32717c8abca8:group-820DEEB479C9 set configuration 0: [c88de438-deef-4f9f-8cec-a54281b0c8d4:192.168.5.160:43383, e083f44d-f6d5-42ec-804b-f102740a8909:192.168.5.160:44911, a5b00b79-c734-41b7-9619-32717c8abca8:192.168.5.160:36297], old=null at 0
2019-08-28 15:28:39,090 [grpc-default-executor-6] INFO  impl.RaftServerImpl (ServerState.java:setLeader(263)) - c88de438-deef-4f9f-8cec-a54281b0c8d4:group-820DEEB479C9 change Leader from null to a5b00b79-c734-41b7-9619-32717c8abca8 at term 1 for appendEntries, leader elected after 5108ms
2019-08-28 15:28:39,090 [grpc-default-executor-0] INFO  impl.RaftServerImpl (ServerState.java:setLeader(263)) - e083f44d-f6d5-42ec-804b-f102740a8909:group-820DEEB479C9 change Leader from null to a5b00b79-c734-41b7-9619-32717c8abca8 at term 1 for appendEntries, leader elected after 5108ms
2019-08-28 15:28:39,125 [Thread-3296] INFO  impl.FollowerState (FollowerState.java:run(106)) - a5b00b79-c734-41b7-9619-32717c8abca8:group-4304EB831AC3 changes to CANDIDATE, lastRpcTime:5197, electionTimeout:5174ms
2019-08-28 15:28:39,127 [Thread-3296] INFO  impl.RoleInfo (RoleInfo.java:shutdownFollowerState(121)) - a5b00b79-c734-41b7-9619-32717c8abca8: shutdown FollowerState
2019-08-28 15:28:39,127 [Thread-3296] INFO  impl.RaftServerImpl (RaftServerImpl.java:setRole(171)) - a5b00b79-c734-41b7-9619-32717c8abca8:group-4304EB831AC3 changes role from FOLLOWER to CANDIDATE at term 0 for changeToCandidate
2019-08-28 15:28:39,127 [Thread-3296] INFO  impl.RoleInfo (RoleInfo.java:updateAndGet(143)) - a5b00b79-c734-41b7-9619-32717c8abca8: start LeaderElection
2019-08-28 15:28:39,139 [a5b00b79-c734-41b7-9619-32717c8abca8-SegmentedRaftLogWorker:Storage Directory /workdir/hadoop-ozone/integration-test/target/test-dir/MiniOzoneClusterImpl-dff33e01-b2b8-4087-89b9-ab66c11044e2/datanode-2/data/ratis/21f703fd-59f3-40d5-a518-820deeb479c9] INFO  segmented.SegmentedRaftLogWorker (SegmentedRaftLogWorker.java:execute(569)) - a5b00b79-c734-41b7-9619-32717c8abca8-SegmentedRaftLogWorker:Storage Directory /workdir/hadoop-ozone/integration-test/target/test-dir/MiniOzoneClusterImpl-dff33e01-b2b8-4087-89b9-ab66c11044e2/datanode-2/data/ratis/21f703fd-59f3-40d5-a518-820deeb479c9: created new log segment /workdir/hadoop-ozone/integration-test/target/test-dir/MiniOzoneClusterImpl-dff33e01-b2b8-4087-89b9-ab66c11044e2/datanode-2/data/ratis/21f703fd-59f3-40d5-a518-820deeb479c9/current/log_inprogress_0
2019-08-28 15:28:39,141 [grpc-default-executor-6] INFO  impl.RaftServerImpl (ServerState.java:setRaftConf(361)) - c88de438-deef-4f9f-8cec-a54281b0c8d4:group-820DEEB479C9 set configuration 0: [c88de438-deef-4f9f-8cec-a54281b0c8d4:192.168.5.160:43383, e083f44d-f6d5-42ec-804b-f102740a8909:192.168.5.160:44911, a5b00b79-c734-41b7-9619-32717c8abca8:192.168.5.160:36297], old=null at 0
2019-08-28 15:28:39,141 [grpc-default-executor-0] INFO  impl.RaftServerImpl (ServerState.java:setRaftConf(361)) - e083f44d-f6d5-42ec-804b-f102740a8909:group-820DEEB479C9 set configuration 0: [c88de438-deef-4f9f-8cec-a54281b0c8d4:192.168.5.160:43383, e083f44d-f6d5-42ec-804b-f102740a8909:192.168.5.160:44911, a5b00b79-c734-41b7-9619-32717c8abca8:192.168.5.160:36297], old=null at 0
2019-08-28 15:28:39,141 [grpc-default-executor-6] INFO  segmented.SegmentedRaftLogWorker (SegmentedRaftLogWorker.java:startLogSegment(380)) - c88de438-deef-4f9f-8cec-a54281b0c8d4-SegmentedRaftLogWorker:Storage Directory /workdir/hadoop-ozone/integration-test/target/test-dir/MiniOzoneClusterImpl-dff33e01-b2b8-4087-89b9-ab66c11044e2/datanode-1/data/ratis/21f703fd-59f3-40d5-a518-820deeb479c9: Starting segment from index:0
2019-08-28 15:28:39,141 [grpc-default-executor-0] INFO  segmented.SegmentedRaftLogWorker (SegmentedRaftLogWorker.java:startLogSegment(380)) - e083f44d-f6d5-42ec-804b-f102740a8909-SegmentedRaftLogWorker:Storage Directory /workdir/hadoop-ozone/integration-test/target/test-dir/MiniOzoneClusterImpl-dff33e01-b2b8-4087-89b9-ab66c11044e2/datanode-0/data/ratis/21f703fd-59f3-40d5-a518-820deeb479c9: Starting segment from index:0
2019-08-28 15:28:39,154 [a5b00b79-c734-41b7-9619-32717c8abca8:group-4304EB831AC3:LeaderElection55] INFO  impl.LeaderElection (LeaderElection.java:askForVotes(181)) - a5b00b79-c734-41b7-9619-32717c8abca8:group-4304EB831AC3:LeaderElection55: begin an election at term 1 for -1: [a5b00b79-c734-41b7-9619-32717c8abca8:192.168.5.160:36297], old=null
2019-08-28 15:28:39,155 [a5b00b79-c734-41b7-9619-32717c8abca8:group-4304EB831AC3:LeaderElection55] INFO  impl.RoleInfo (RoleInfo.java:shutdownLeaderElection(134)) - a5b00b79-c734-41b7-9619-32717c8abca8: shutdown LeaderElection
2019-08-28 15:28:39,155 [a5b00b79-c734-41b7-9619-32717c8abca8:group-4304EB831AC3:LeaderElection55] INFO  impl.RaftServerImpl (RaftServerImpl.java:setRole(171)) - a5b00b79-c734-41b7-9619-32717c8abca8:group-4304EB831AC3 changes role from CANDIDATE to LEADER at term 1 for changeToLeader
2019-08-28 15:28:39,155 [a5b00b79-c734-41b7-9619-32717c8abca8:group-4304EB831AC3:LeaderElection55] INFO  impl.RaftServerImpl (ServerState.java:setLeader(263)) - a5b00b79-c734-41b7-9619-32717c8abca8:group-4304EB831AC3 change Leader from null to a5b00b79-c734-41b7-9619-32717c8abca8 at term 1 for becomeLeader, leader elected after 5230ms
2019-08-28 15:28:39,155 [a5b00b79-c734-41b7-9619-32717c8abca8:group-4304EB831AC3:LeaderElection55] INFO  server.RaftServerConfigKeys (ConfUtils.java:logGet(43)) - raft.server.staging.catchup.gap = 1000 (default)
2019-08-28 15:28:39,155 [a5b00b79-c734-41b7-9619-32717c8abca8:group-4304EB831AC3:LeaderElection55] INFO  server.RaftServerConfigKeys (ConfUtils.java:logGet(43)) - raft.server.rpc.sleep.time = 25ms (default)
2019-08-28 15:28:39,155 [a5b00b79-c734-41b7-9619-32717c8abca8:group-4304EB831AC3:LeaderElection55] INFO  server.RaftServerConfigKeys (ConfUtils.java:logGet(43)) - raft.server.write.element-limit = 4096 (default)
2019-08-28 15:28:39,155 [a5b00b79-c734-41b7-9619-32717c8abca8:group-4304EB831AC3:LeaderElection55] INFO  server.RaftServerConfigKeys (ConfUtils.java:logGet(43)) - raft.server.watch.timeout = 10s (default)
2019-08-28 15:28:39,155 [a5b00b79-c734-41b7-9619-32717c8abca8:group-4304EB831AC3:LeaderElection55] INFO  server.RaftServerConfigKeys (ConfUtils.java:logGet(43)) - raft.server.watch.timeout.denomination = 1s (default)
2019-08-28 15:28:39,155 [a5b00b79-c734-41b7-9619-32717c8abca8:group-4304EB831AC3:LeaderElection55] INFO  server.RaftServerConfigKeys (ConfUtils.java:logGet(43)) - raft.server.watch.element-limit = 65536 (default)
2019-08-28 15:28:39,156 [a5b00b79-c734-41b7-9619-32717c8abca8:group-4304EB831AC3:LeaderElection55] INFO  impl.RoleInfo (RoleInfo.java:updateAndGet(143)) - a5b00b79-c734-41b7-9619-32717c8abca8: start LeaderState
2019-08-28 15:28:39,156 [a5b00b79-c734-41b7-9619-32717c8abca8:group-4304EB831AC3:LeaderElection55] INFO  segmented.SegmentedRaftLogWorker (SegmentedRaftLogWorker.java:startLogSegment(380)) - a5b00b79-c734-41b7-9619-32717c8abca8-SegmentedRaftLogWorker:Storage Directory /workdir/hadoop-ozone/integration-test/target/test-dir/MiniOzoneClusterImpl-dff33e01-b2b8-4087-89b9-ab66c11044e2/datanode-2/data/ratis/1c18ae3a-5a40-4df9-a33f-4304eb831ac3: Starting segment from index:0
2019-08-28 15:28:39,156 [a5b00b79-c734-41b7-9619-32717c8abca8:group-4304EB831AC3:LeaderElection55] INFO  impl.RaftServerImpl (ServerState.java:setRaftConf(361)) - a5b00b79-c734-41b7-9619-32717c8abca8:group-4304EB831AC3 set configuration 0: [a5b00b79-c734-41b7-9619-32717c8abca8:192.168.5.160:36297], old=null at 0
2019-08-28 15:28:39,200 [c88de438-deef-4f9f-8cec-a54281b0c8d4-SegmentedRaftLogWorker:Storage Directory /workdir/hadoop-ozone/integration-test/target/test-dir/MiniOzoneClusterImpl-dff33e01-b2b8-4087-89b9-ab66c11044e2/datanode-1/data/ratis/21f703fd-59f3-40d5-a518-820deeb479c9] INFO  segmented.SegmentedRaftLogWorker (SegmentedRaftLogWorker.java:execute(569)) - c88de438-deef-4f9f-8cec-a54281b0c8d4-SegmentedRaftLogWorker:Storage Directory /workdir/hadoop-ozone/integration-test/target/test-dir/MiniOzoneClusterImpl-dff33e01-b2b8-4087-89b9-ab66c11044e2/datanode-1/data/ratis/21f703fd-59f3-40d5-a518-820deeb479c9: created new log segment /workdir/hadoop-ozone/integration-test/target/test-dir/MiniOzoneClusterImpl-dff33e01-b2b8-4087-89b9-ab66c11044e2/datanode-1/data/ratis/21f703fd-59f3-40d5-a518-820deeb479c9/current/log_inprogress_0
2019-08-28 15:28:39,200 [a5b00b79-c734-41b7-9619-32717c8abca8-SegmentedRaftLogWorker:Storage Directory /workdir/hadoop-ozone/integration-test/target/test-dir/MiniOzoneClusterImpl-dff33e01-b2b8-4087-89b9-ab66c11044e2/datanode-2/data/ratis/1c18ae3a-5a40-4df9-a33f-4304eb831ac3] INFO  segmented.SegmentedRaftLogWorker (SegmentedRaftLogWorker.java:execute(569)) - a5b00b79-c734-41b7-9619-32717c8abca8-SegmentedRaftLogWorker:Storage Directory /workdir/hadoop-ozone/integration-test/target/test-dir/MiniOzoneClusterImpl-dff33e01-b2b8-4087-89b9-ab66c11044e2/datanode-2/data/ratis/1c18ae3a-5a40-4df9-a33f-4304eb831ac3: created new log segment /workdir/hadoop-ozone/integration-test/target/test-dir/MiniOzoneClusterImpl-dff33e01-b2b8-4087-89b9-ab66c11044e2/datanode-2/data/ratis/1c18ae3a-5a40-4df9-a33f-4304eb831ac3/current/log_inprogress_0
2019-08-28 15:28:39,200 [e083f44d-f6d5-42ec-804b-f102740a8909-SegmentedRaftLogWorker:Storage Directory /workdir/hadoop-ozone/integration-test/target/test-dir/MiniOzoneClusterImpl-dff33e01-b2b8-4087-89b9-ab66c11044e2/datanode-0/data/ratis/21f703fd-59f3-40d5-a518-820deeb479c9] INFO  segmented.SegmentedRaftLogWorker (SegmentedRaftLogWorker.java:execute(569)) - e083f44d-f6d5-42ec-804b-f102740a8909-SegmentedRaftLogWorker:Storage Directory /workdir/hadoop-ozone/integration-test/target/test-dir/MiniOzoneClusterImpl-dff33e01-b2b8-4087-89b9-ab66c11044e2/datanode-0/data/ratis/21f703fd-59f3-40d5-a518-820deeb479c9: created new log segment /workdir/hadoop-ozone/integration-test/target/test-dir/MiniOzoneClusterImpl-dff33e01-b2b8-4087-89b9-ab66c11044e2/datanode-0/data/ratis/21f703fd-59f3-40d5-a518-820deeb479c9/current/log_inprogress_0
2019-08-28 15:28:39,264 | INFO  | SCMAudit | user=jenkins1000 | ip=192.168.5.160 | op=SEND_HEARTBEAT {datanodeUUID=96ef22e8-7a4e-4fe1-adeb-c5b0ceb08246, command=[]} | ret=SUCCESS |  
2019-08-28 15:28:39,353 [Thread-3308] INFO  impl.FollowerState (FollowerState.java:run(106)) - 96ef22e8-7a4e-4fe1-adeb-c5b0ceb08246:group-9990B730111B changes to CANDIDATE, lastRpcTime:5055, electionTimeout:5055ms
2019-08-28 15:28:39,353 [Thread-3308] INFO  impl.RoleInfo (RoleInfo.java:shutdownFollowerState(121)) - 96ef22e8-7a4e-4fe1-adeb-c5b0ceb08246: shutdown FollowerState
2019-08-28 15:28:39,353 [Thread-3308] INFO  impl.RaftServerImpl (RaftServerImpl.java:setRole(171)) - 96ef22e8-7a4e-4fe1-adeb-c5b0ceb08246:group-9990B730111B changes role from FOLLOWER to CANDIDATE at term 0 for changeToCandidate
2019-08-28 15:28:39,353 [Thread-3308] INFO  impl.RoleInfo (RoleInfo.java:updateAndGet(143)) - 96ef22e8-7a4e-4fe1-adeb-c5b0ceb08246: start LeaderElection
2019-08-28 15:28:39,374 [96ef22e8-7a4e-4fe1-adeb-c5b0ceb08246:group-9990B730111B:LeaderElection56] INFO  impl.LeaderElection (LeaderElection.java:askForVotes(181)) - 96ef22e8-7a4e-4fe1-adeb-c5b0ceb08246:group-9990B730111B:LeaderElection56: begin an election at term 1 for -1: [96ef22e8-7a4e-4fe1-adeb-c5b0ceb08246:192.168.5.160:36090], old=null
2019-08-28 15:28:39,374 [96ef22e8-7a4e-4fe1-adeb-c5b0ceb08246:group-9990B730111B:LeaderElection56] INFO  impl.RoleInfo (RoleInfo.java:shutdownLeaderElection(134)) - 96ef22e8-7a4e-4fe1-adeb-c5b0ceb08246: shutdown LeaderElection
2019-08-28 15:28:39,374 [96ef22e8-7a4e-4fe1-adeb-c5b0ceb08246:group-9990B730111B:LeaderElection56] INFO  impl.RaftServerImpl (RaftServerImpl.java:setRole(171)) - 96ef22e8-7a4e-4fe1-adeb-c5b0ceb08246:group-9990B730111B changes role from CANDIDATE to LEADER at term 1 for changeToLeader
2019-08-28 15:28:39,374 [96ef22e8-7a4e-4fe1-adeb-c5b0ceb08246:group-9990B730111B:LeaderElection56] INFO  impl.RaftServerImpl (ServerState.java:setLeader(263)) - 96ef22e8-7a4e-4fe1-adeb-c5b0ceb08246:group-9990B730111B change Leader from null to 96ef22e8-7a4e-4fe1-adeb-c5b0ceb08246 at term 1 for becomeLeader, leader elected after 5080ms
2019-08-28 15:28:39,375 [96ef22e8-7a4e-4fe1-adeb-c5b0ceb08246:group-9990B730111B:LeaderElection56] INFO  server.RaftServerConfigKeys (ConfUtils.java:logGet(43)) - raft.server.staging.catchup.gap = 1000 (default)
2019-08-28 15:28:39,375 [96ef22e8-7a4e-4fe1-adeb-c5b0ceb08246:group-9990B730111B:LeaderElection56] INFO  server.RaftServerConfigKeys (ConfUtils.java:logGet(43)) - raft.server.rpc.sleep.time = 25ms (default)
2019-08-28 15:28:39,375 [96ef22e8-7a4e-4fe1-adeb-c5b0ceb08246:group-9990B730111B:LeaderElection56] INFO  server.RaftServerConfigKeys (ConfUtils.java:logGet(43)) - raft.server.write.element-limit = 4096 (default)
2019-08-28 15:28:39,375 [96ef22e8-7a4e-4fe1-adeb-c5b0ceb08246:group-9990B730111B:LeaderElection56] INFO  server.RaftServerConfigKeys (ConfUtils.java:logGet(43)) - raft.server.watch.timeout = 10s (default)
2019-08-28 15:28:39,375 [96ef22e8-7a4e-4fe1-adeb-c5b0ceb08246:group-9990B730111B:LeaderElection56] INFO  server.RaftServerConfigKeys (ConfUtils.java:logGet(43)) - raft.server.watch.timeout.denomination = 1s (default)
2019-08-28 15:28:39,375 [96ef22e8-7a4e-4fe1-adeb-c5b0ceb08246:group-9990B730111B:LeaderElection56] INFO  server.RaftServerConfigKeys (ConfUtils.java:logGet(43)) - raft.server.watch.element-limit = 65536 (default)
2019-08-28 15:28:39,376 [96ef22e8-7a4e-4fe1-adeb-c5b0ceb08246:group-9990B730111B:LeaderElection56] INFO  impl.RoleInfo (RoleInfo.java:updateAndGet(143)) - 96ef22e8-7a4e-4fe1-adeb-c5b0ceb08246: start LeaderState
2019-08-28 15:28:39,376 [96ef22e8-7a4e-4fe1-adeb-c5b0ceb08246:group-9990B730111B:LeaderElection56] INFO  segmented.SegmentedRaftLogWorker (SegmentedRaftLogWorker.java:startLogSegment(380)) - 96ef22e8-7a4e-4fe1-adeb-c5b0ceb08246-SegmentedRaftLogWorker:Storage Directory /workdir/hadoop-ozone/integration-test/target/test-dir/MiniOzoneClusterImpl-dff33e01-b2b8-4087-89b9-ab66c11044e2/datanode-3/data/ratis/f93cbc77-d9d0-4de3-a135-9990b730111b: Starting segment from index:0
2019-08-28 15:28:39,376 [96ef22e8-7a4e-4fe1-adeb-c5b0ceb08246:group-9990B730111B:LeaderElection56] INFO  impl.RaftServerImpl (ServerState.java:setRaftConf(361)) - 96ef22e8-7a4e-4fe1-adeb-c5b0ceb08246:group-9990B730111B set configuration 0: [96ef22e8-7a4e-4fe1-adeb-c5b0ceb08246:192.168.5.160:36090], old=null at 0
2019-08-28 15:28:39,428 [96ef22e8-7a4e-4fe1-adeb-c5b0ceb08246-SegmentedRaftLogWorker:Storage Directory /workdir/hadoop-ozone/integration-test/target/test-dir/MiniOzoneClusterImpl-dff33e01-b2b8-4087-89b9-ab66c11044e2/datanode-3/data/ratis/f93cbc77-d9d0-4de3-a135-9990b730111b] INFO  segmented.SegmentedRaftLogWorker (SegmentedRaftLogWorker.java:execute(569)) - 96ef22e8-7a4e-4fe1-adeb-c5b0ceb08246-SegmentedRaftLogWorker:Storage Directory /workdir/hadoop-ozone/integration-test/target/test-dir/MiniOzoneClusterImpl-dff33e01-b2b8-4087-89b9-ab66c11044e2/datanode-3/data/ratis/f93cbc77-d9d0-4de3-a135-9990b730111b: created new log segment /workdir/hadoop-ozone/integration-test/target/test-dir/MiniOzoneClusterImpl-dff33e01-b2b8-4087-89b9-ab66c11044e2/datanode-3/data/ratis/f93cbc77-d9d0-4de3-a135-9990b730111b/current/log_inprogress_0
2019-08-28 15:28:39,445 | INFO  | SCMAudit | user=jenkins1000 | ip=192.168.5.160 | op=SEND_HEARTBEAT {datanodeUUID=c9e8e19f-54bf-4369-bbaf-73beb462e187, command=[]} | ret=SUCCESS |  
2019-08-28 15:28:39,529 [Thread-3311] INFO  impl.FollowerState (FollowerState.java:run(106)) - c9e8e19f-54bf-4369-bbaf-73beb462e187:group-BD16D763BA50 changes to CANDIDATE, lastRpcTime:5036, electionTimeout:5036ms
2019-08-28 15:28:39,529 [Thread-3311] INFO  impl.RoleInfo (RoleInfo.java:shutdownFollowerState(121)) - c9e8e19f-54bf-4369-bbaf-73beb462e187: shutdown FollowerState
2019-08-28 15:28:39,530 [Thread-3311] INFO  impl.RaftServerImpl (RaftServerImpl.java:setRole(171)) - c9e8e19f-54bf-4369-bbaf-73beb462e187:group-BD16D763BA50 changes role from FOLLOWER to CANDIDATE at term 0 for changeToCandidate
2019-08-28 15:28:39,530 [Thread-3311] INFO  impl.RoleInfo (RoleInfo.java:updateAndGet(143)) - c9e8e19f-54bf-4369-bbaf-73beb462e187: start LeaderElection
2019-08-28 15:28:39,550 [c9e8e19f-54bf-4369-bbaf-73beb462e187:group-BD16D763BA50:LeaderElection57] INFO  impl.LeaderElection (LeaderElection.java:askForVotes(181)) - c9e8e19f-54bf-4369-bbaf-73beb462e187:group-BD16D763BA50:LeaderElection57: begin an election at term 1 for -1: [c9e8e19f-54bf-4369-bbaf-73beb462e187:192.168.5.160:42176], old=null
2019-08-28 15:28:39,550 [c9e8e19f-54bf-4369-bbaf-73beb462e187:group-BD16D763BA50:LeaderElection57] INFO  impl.RoleInfo (RoleInfo.java:shutdownLeaderElection(134)) - c9e8e19f-54bf-4369-bbaf-73beb462e187: shutdown LeaderElection
2019-08-28 15:28:39,550 [c9e8e19f-54bf-4369-bbaf-73beb462e187:group-BD16D763BA50:LeaderElection57] INFO  impl.RaftServerImpl (RaftServerImpl.java:setRole(171)) - c9e8e19f-54bf-4369-bbaf-73beb462e187:group-BD16D763BA50 changes role from CANDIDATE to LEADER at term 1 for changeToLeader
2019-08-28 15:28:39,550 [c9e8e19f-54bf-4369-bbaf-73beb462e187:group-BD16D763BA50:LeaderElection57] INFO  impl.RaftServerImpl (ServerState.java:setLeader(263)) - c9e8e19f-54bf-4369-bbaf-73beb462e187:group-BD16D763BA50 change Leader from null to c9e8e19f-54bf-4369-bbaf-73beb462e187 at term 1 for becomeLeader, leader elected after 5062ms
2019-08-28 15:28:39,550 [c9e8e19f-54bf-4369-bbaf-73beb462e187:group-BD16D763BA50:LeaderElection57] INFO  server.RaftServerConfigKeys (ConfUtils.java:logGet(43)) - raft.server.staging.catchup.gap = 1000 (default)
2019-08-28 15:28:39,550 [c9e8e19f-54bf-4369-bbaf-73beb462e187:group-BD16D763BA50:LeaderElection57] INFO  server.RaftServerConfigKeys (ConfUtils.java:logGet(43)) - raft.server.rpc.sleep.time = 25ms (default)
2019-08-28 15:28:39,551 [c9e8e19f-54bf-4369-bbaf-73beb462e187:group-BD16D763BA50:LeaderElection57] INFO  server.RaftServerConfigKeys (ConfUtils.java:logGet(43)) - raft.server.write.element-limit = 4096 (default)
2019-08-28 15:28:39,551 [c9e8e19f-54bf-4369-bbaf-73beb462e187:group-BD16D763BA50:LeaderElection57] INFO  server.RaftServerConfigKeys (ConfUtils.java:logGet(43)) - raft.server.watch.timeout = 10s (default)
2019-08-28 15:28:39,551 [c9e8e19f-54bf-4369-bbaf-73beb462e187:group-BD16D763BA50:LeaderElection57] INFO  server.RaftServerConfigKeys (ConfUtils.java:logGet(43)) - raft.server.watch.timeout.denomination = 1s (default)
2019-08-28 15:28:39,551 [c9e8e19f-54bf-4369-bbaf-73beb462e187:group-BD16D763BA50:LeaderElection57] INFO  server.RaftServerConfigKeys (ConfUtils.java:logGet(43)) - raft.server.watch.element-limit = 65536 (default)
2019-08-28 15:28:39,551 [c9e8e19f-54bf-4369-bbaf-73beb462e187:group-BD16D763BA50:LeaderElection57] INFO  impl.RoleInfo (RoleInfo.java:updateAndGet(143)) - c9e8e19f-54bf-4369-bbaf-73beb462e187: start LeaderState
2019-08-28 15:28:39,552 [c9e8e19f-54bf-4369-bbaf-73beb462e187:group-BD16D763BA50:LeaderElection57] INFO  segmented.SegmentedRaftLogWorker (SegmentedRaftLogWorker.java:startLogSegment(380)) - c9e8e19f-54bf-4369-bbaf-73beb462e187-SegmentedRaftLogWorker:Storage Directory /workdir/hadoop-ozone/integration-test/target/test-dir/MiniOzoneClusterImpl-dff33e01-b2b8-4087-89b9-ab66c11044e2/datanode-4/data/ratis/97044d12-c836-40cc-97a0-bd16d763ba50: Starting segment from index:0
2019-08-28 15:28:39,552 [c9e8e19f-54bf-4369-bbaf-73beb462e187:group-BD16D763BA50:LeaderElection57] INFO  impl.RaftServerImpl (ServerState.java:setRaftConf(361)) - c9e8e19f-54bf-4369-bbaf-73beb462e187:group-BD16D763BA50 set configuration 0: [c9e8e19f-54bf-4369-bbaf-73beb462e187:192.168.5.160:42176], old=null at 0
2019-08-28 15:28:39,591 | INFO  | SCMAudit | user=jenkins1000 | ip=192.168.5.160 | op=SEND_HEARTBEAT {datanodeUUID=e083f44d-f6d5-42ec-804b-f102740a8909, command=[]} | ret=SUCCESS |  
2019-08-28 15:28:39,603 [c9e8e19f-54bf-4369-bbaf-73beb462e187-SegmentedRaftLogWorker:Storage Directory /workdir/hadoop-ozone/integration-test/target/test-dir/MiniOzoneClusterImpl-dff33e01-b2b8-4087-89b9-ab66c11044e2/datanode-4/data/ratis/97044d12-c836-40cc-97a0-bd16d763ba50] INFO  segmented.SegmentedRaftLogWorker (SegmentedRaftLogWorker.java:execute(569)) - c9e8e19f-54bf-4369-bbaf-73beb462e187-SegmentedRaftLogWorker:Storage Directory /workdir/hadoop-ozone/integration-test/target/test-dir/MiniOzoneClusterImpl-dff33e01-b2b8-4087-89b9-ab66c11044e2/datanode-4/data/ratis/97044d12-c836-40cc-97a0-bd16d763ba50: created new log segment /workdir/hadoop-ozone/integration-test/target/test-dir/MiniOzoneClusterImpl-dff33e01-b2b8-4087-89b9-ab66c11044e2/datanode-4/data/ratis/97044d12-c836-40cc-97a0-bd16d763ba50/current/log_inprogress_0
2019-08-28 15:28:39,626 | INFO  | SCMAudit | user=jenkins1000 | ip=192.168.5.160 | op=SEND_HEARTBEAT {datanodeUUID=042a280f-dfd9-45c4-b133-20205c7d6255, command=[]} | ret=SUCCESS |  
2019-08-28 15:28:39,722 | INFO  | SCMAudit | user=jenkins1000 | ip=192.168.5.160 | op=SEND_HEARTBEAT {datanodeUUID=c88de438-deef-4f9f-8cec-a54281b0c8d4, command=[]} | ret=SUCCESS |  
2019-08-28 15:28:39,780 [Thread-3323] INFO  impl.FollowerState (FollowerState.java:run(106)) - 96ef22e8-7a4e-4fe1-adeb-c5b0ceb08246:group-9EBB27045D5D changes to CANDIDATE, lastRpcTime:5026, electionTimeout:5023ms
2019-08-28 15:28:39,780 [Thread-3323] INFO  impl.RoleInfo (RoleInfo.java:shutdownFollowerState(121)) - 96ef22e8-7a4e-4fe1-adeb-c5b0ceb08246: shutdown FollowerState
2019-08-28 15:28:39,780 [Thread-3323] INFO  impl.RaftServerImpl (RaftServerImpl.java:setRole(171)) - 96ef22e8-7a4e-4fe1-adeb-c5b0ceb08246:group-9EBB27045D5D changes role from FOLLOWER to CANDIDATE at term 0 for changeToCandidate
2019-08-28 15:28:39,780 [Thread-3323] INFO  impl.RoleInfo (RoleInfo.java:updateAndGet(143)) - 96ef22e8-7a4e-4fe1-adeb-c5b0ceb08246: start LeaderElection
2019-08-28 15:28:39,800 [96ef22e8-7a4e-4fe1-adeb-c5b0ceb08246:group-9EBB27045D5D:LeaderElection58] INFO  impl.LeaderElection (LeaderElection.java:askForVotes(181)) - 96ef22e8-7a4e-4fe1-adeb-c5b0ceb08246:group-9EBB27045D5D:LeaderElection58: begin an election at term 1 for -1: [042a280f-dfd9-45c4-b133-20205c7d6255:192.168.5.160:44769, c9e8e19f-54bf-4369-bbaf-73beb462e187:192.168.5.160:42176, 96ef22e8-7a4e-4fe1-adeb-c5b0ceb08246:192.168.5.160:36090], old=null
2019-08-28 15:28:39,813 [grpc-default-executor-0] INFO  impl.RaftServerImpl (RaftServerImpl.java:setRole(171)) - 042a280f-dfd9-45c4-b133-20205c7d6255:group-9EBB27045D5D changes role from FOLLOWER to FOLLOWER at term 1 for recognizeCandidate:96ef22e8-7a4e-4fe1-adeb-c5b0ceb08246
2019-08-28 15:28:39,813 [grpc-default-executor-6] INFO  impl.RaftServerImpl (RaftServerImpl.java:setRole(171)) - c9e8e19f-54bf-4369-bbaf-73beb462e187:group-9EBB27045D5D changes role from FOLLOWER to FOLLOWER at term 1 for recognizeCandidate:96ef22e8-7a4e-4fe1-adeb-c5b0ceb08246
2019-08-28 15:28:39,813 [grpc-default-executor-0] INFO  impl.RoleInfo (RoleInfo.java:shutdownFollowerState(121)) - 042a280f-dfd9-45c4-b133-20205c7d6255: shutdown FollowerState
2019-08-28 15:28:39,813 [grpc-default-executor-6] INFO  impl.RoleInfo (RoleInfo.java:shutdownFollowerState(121)) - c9e8e19f-54bf-4369-bbaf-73beb462e187: shutdown FollowerState
2019-08-28 15:28:39,814 [grpc-default-executor-0] INFO  impl.RoleInfo (RoleInfo.java:updateAndGet(143)) - 042a280f-dfd9-45c4-b133-20205c7d6255: start FollowerState
2019-08-28 15:28:39,814 [Thread-3317] INFO  impl.FollowerState (FollowerState.java:run(114)) - c9e8e19f-54bf-4369-bbaf-73beb462e187: FollowerState was interrupted: java.lang.InterruptedException: sleep interrupted
2019-08-28 15:28:39,814 [Thread-3320] INFO  impl.FollowerState (FollowerState.java:run(114)) - 042a280f-dfd9-45c4-b133-20205c7d6255: FollowerState was interrupted: java.lang.InterruptedException: sleep interrupted
2019-08-28 15:28:39,814 [grpc-default-executor-6] INFO  impl.RoleInfo (RoleInfo.java:updateAndGet(143)) - c9e8e19f-54bf-4369-bbaf-73beb462e187: start FollowerState
2019-08-28 15:28:39,842 [96ef22e8-7a4e-4fe1-adeb-c5b0ceb08246:group-9EBB27045D5D:LeaderElection58] INFO  impl.LeaderElection (LeaderElection.java:logAndReturn(56)) - 96ef22e8-7a4e-4fe1-adeb-c5b0ceb08246:group-9EBB27045D5D:LeaderElection58: Election PASSED; received 1 response(s) [96ef22e8-7a4e-4fe1-adeb-c5b0ceb08246<-c9e8e19f-54bf-4369-bbaf-73beb462e187#0:OK-t1] and 0 exception(s); 96ef22e8-7a4e-4fe1-adeb-c5b0ceb08246:t1, leader=null, voted=96ef22e8-7a4e-4fe1-adeb-c5b0ceb08246, raftlog=96ef22e8-7a4e-4fe1-adeb-c5b0ceb08246-SegmentedRaftLog:OPENED:c-1,f-1,i0, conf=-1: [042a280f-dfd9-45c4-b133-20205c7d6255:192.168.5.160:44769, c9e8e19f-54bf-4369-bbaf-73beb462e187:192.168.5.160:42176, 96ef22e8-7a4e-4fe1-adeb-c5b0ceb08246:192.168.5.160:36090], old=null
2019-08-28 15:28:39,842 [96ef22e8-7a4e-4fe1-adeb-c5b0ceb08246:group-9EBB27045D5D:LeaderElection58] INFO  impl.RoleInfo (RoleInfo.java:shutdownLeaderElection(134)) - 96ef22e8-7a4e-4fe1-adeb-c5b0ceb08246: shutdown LeaderElection
2019-08-28 15:28:39,842 [96ef22e8-7a4e-4fe1-adeb-c5b0ceb08246:group-9EBB27045D5D:LeaderElection58] INFO  impl.RaftServerImpl (RaftServerImpl.java:setRole(171)) - 96ef22e8-7a4e-4fe1-adeb-c5b0ceb08246:group-9EBB27045D5D changes role from CANDIDATE to LEADER at term 1 for changeToLeader
2019-08-28 15:28:39,843 [96ef22e8-7a4e-4fe1-adeb-c5b0ceb08246:group-9EBB27045D5D:LeaderElection58] INFO  impl.RaftServerImpl (ServerState.java:setLeader(263)) - 96ef22e8-7a4e-4fe1-adeb-c5b0ceb08246:group-9EBB27045D5D change Leader from null to 96ef22e8-7a4e-4fe1-adeb-c5b0ceb08246 at term 1 for becomeLeader, leader elected after 5105ms
2019-08-28 15:28:39,843 [96ef22e8-7a4e-4fe1-adeb-c5b0ceb08246:group-9EBB27045D5D:LeaderElection58] INFO  server.RaftServerConfigKeys (ConfUtils.java:logGet(43)) - raft.server.staging.catchup.gap = 1000 (default)
2019-08-28 15:28:39,843 [96ef22e8-7a4e-4fe1-adeb-c5b0ceb08246:group-9EBB27045D5D:LeaderElection58] INFO  server.RaftServerConfigKeys (ConfUtils.java:logGet(43)) - raft.server.rpc.sleep.time = 25ms (default)
2019-08-28 15:28:39,843 [96ef22e8-7a4e-4fe1-adeb-c5b0ceb08246:group-9EBB27045D5D:LeaderElection58] INFO  server.RaftServerConfigKeys (ConfUtils.java:logGet(43)) - raft.server.write.element-limit = 4096 (default)
2019-08-28 15:28:39,843 [96ef22e8-7a4e-4fe1-adeb-c5b0ceb08246:group-9EBB27045D5D:LeaderElection58] INFO  server.RaftServerConfigKeys (ConfUtils.java:logGet(43)) - raft.server.watch.timeout = 10s (default)
2019-08-28 15:28:39,843 [96ef22e8-7a4e-4fe1-adeb-c5b0ceb08246:group-9EBB27045D5D:LeaderElection58] INFO  server.RaftServerConfigKeys (ConfUtils.java:logGet(43)) - raft.server.watch.timeout.denomination = 1s (default)
2019-08-28 15:28:39,843 [96ef22e8-7a4e-4fe1-adeb-c5b0ceb08246:group-9EBB27045D5D:LeaderElection58] INFO  server.RaftServerConfigKeys (ConfUtils.java:logGet(43)) - raft.server.watch.element-limit = 65536 (default)
2019-08-28 15:28:39,844 [96ef22e8-7a4e-4fe1-adeb-c5b0ceb08246:group-9EBB27045D5D:LeaderElection58] INFO  server.RaftServerConfigKeys (ConfUtils.java:logGet(43)) - raft.server.log.appender.snapshot.chunk.size.max = 16MB (=16777216) (default)
2019-08-28 15:28:39,844 [96ef22e8-7a4e-4fe1-adeb-c5b0ceb08246:group-9EBB27045D5D:LeaderElection58] INFO  server.RaftServerConfigKeys (ConfUtils.java:logGet(43)) - raft.server.log.appender.buffer.byte-limit = 33554432 (custom)
2019-08-28 15:28:39,844 [96ef22e8-7a4e-4fe1-adeb-c5b0ceb08246:group-9EBB27045D5D:LeaderElection58] INFO  server.RaftServerConfigKeys (ConfUtils.java:logGet(43)) - raft.server.log.appender.buffer.element-limit = 1 (custom)
2019-08-28 15:28:39,844 [96ef22e8-7a4e-4fe1-adeb-c5b0ceb08246:group-9EBB27045D5D:LeaderElection58] INFO  grpc.GrpcConfigKeys$Server (ConfUtils.java:logGet(43)) - raft.grpc.server.leader.outstanding.appends.max = 128 (default)
2019-08-28 15:28:39,844 [96ef22e8-7a4e-4fe1-adeb-c5b0ceb08246:group-9EBB27045D5D:LeaderElection58] INFO  server.RaftServerConfigKeys (ConfUtils.java:logGet(43)) - raft.server.rpc.request.timeout = 3000ms (default)
2019-08-28 15:28:39,845 [96ef22e8-7a4e-4fe1-adeb-c5b0ceb08246:group-9EBB27045D5D:LeaderElection58] INFO  server.RaftServerConfigKeys (ConfUtils.java:logGet(43)) - raft.server.log.appender.install.snapshot.enabled = false (custom)
2019-08-28 15:28:39,845 [96ef22e8-7a4e-4fe1-adeb-c5b0ceb08246:group-9EBB27045D5D:LeaderElection58] INFO  server.RaftServerConfigKeys (ConfUtils.java:logGet(43)) - raft.server.log.appender.snapshot.chunk.size.max = 16MB (=16777216) (default)
2019-08-28 15:28:39,845 [96ef22e8-7a4e-4fe1-adeb-c5b0ceb08246:group-9EBB27045D5D:LeaderElection58] INFO  server.RaftServerConfigKeys (ConfUtils.java:logGet(43)) - raft.server.log.appender.buffer.byte-limit = 33554432 (custom)
2019-08-28 15:28:39,845 [96ef22e8-7a4e-4fe1-adeb-c5b0ceb08246:group-9EBB27045D5D:LeaderElection58] INFO  server.RaftServerConfigKeys (ConfUtils.java:logGet(43)) - raft.server.log.appender.buffer.element-limit = 1 (custom)
2019-08-28 15:28:39,845 [96ef22e8-7a4e-4fe1-adeb-c5b0ceb08246:group-9EBB27045D5D:LeaderElection58] INFO  grpc.GrpcConfigKeys$Server (ConfUtils.java:logGet(43)) - raft.grpc.server.leader.outstanding.appends.max = 128 (default)
2019-08-28 15:28:39,845 [96ef22e8-7a4e-4fe1-adeb-c5b0ceb08246:group-9EBB27045D5D:LeaderElection58] INFO  server.RaftServerConfigKeys (ConfUtils.java:logGet(43)) - raft.server.rpc.request.timeout = 3000ms (default)
2019-08-28 15:28:39,846 [96ef22e8-7a4e-4fe1-adeb-c5b0ceb08246:group-9EBB27045D5D:LeaderElection58] INFO  server.RaftServerConfigKeys (ConfUtils.java:logGet(43)) - raft.server.log.appender.install.snapshot.enabled = false (custom)
2019-08-28 15:28:39,846 [96ef22e8-7a4e-4fe1-adeb-c5b0ceb08246:group-9EBB27045D5D:LeaderElection58] INFO  impl.RoleInfo (RoleInfo.java:updateAndGet(143)) - 96ef22e8-7a4e-4fe1-adeb-c5b0ceb08246: start LeaderState
2019-08-28 15:28:39,846 [96ef22e8-7a4e-4fe1-adeb-c5b0ceb08246:group-9EBB27045D5D:LeaderElection58] INFO  segmented.SegmentedRaftLogWorker (SegmentedRaftLogWorker.java:startLogSegment(380)) - 96ef22e8-7a4e-4fe1-adeb-c5b0ceb08246-SegmentedRaftLogWorker:Storage Directory /workdir/hadoop-ozone/integration-test/target/test-dir/MiniOzoneClusterImpl-dff33e01-b2b8-4087-89b9-ab66c11044e2/datanode-3/data/ratis/aa3881ba-6ad8-4797-a4e7-9ebb27045d5d: Starting segment from index:0
2019-08-28 15:28:39,847 [96ef22e8-7a4e-4fe1-adeb-c5b0ceb08246:group-9EBB27045D5D:LeaderElection58] INFO  impl.RaftServerImpl (ServerState.java:setRaftConf(361)) - 96ef22e8-7a4e-4fe1-adeb-c5b0ceb08246:group-9EBB27045D5D set configuration 0: [042a280f-dfd9-45c4-b133-20205c7d6255:192.168.5.160:44769, c9e8e19f-54bf-4369-bbaf-73beb462e187:192.168.5.160:42176, 96ef22e8-7a4e-4fe1-adeb-c5b0ceb08246:192.168.5.160:36090], old=null at 0
2019-08-28 15:28:39,882 | INFO  | SCMAudit | user=jenkins1000 | ip=192.168.5.160 | op=SEND_HEARTBEAT {datanodeUUID=a6c0da75-1d5f-401d-9e51-895df67a2909, command=[]} | ret=SUCCESS |  
2019-08-28 15:28:39,883 [grpc-default-executor-6] INFO  impl.RaftServerImpl (ServerState.java:setLeader(263)) - c9e8e19f-54bf-4369-bbaf-73beb462e187:group-9EBB27045D5D change Leader from null to 96ef22e8-7a4e-4fe1-adeb-c5b0ceb08246 at term 1 for appendEntries, leader elected after 5145ms
2019-08-28 15:28:39,883 | INFO  | SCMAudit | user=jenkins1000 | ip=192.168.5.160 | op=SEND_HEARTBEAT {datanodeUUID=a5b00b79-c734-41b7-9619-32717c8abca8, command=[]} | ret=SUCCESS |  
2019-08-28 15:28:39,886 [grpc-default-executor-3] INFO  impl.RaftServerImpl (ServerState.java:setLeader(263)) - 042a280f-dfd9-45c4-b133-20205c7d6255:group-9EBB27045D5D change Leader from null to 96ef22e8-7a4e-4fe1-adeb-c5b0ceb08246 at term 1 for appendEntries, leader elected after 5148ms
2019-08-28 15:28:39,886 [Thread-3314] INFO  impl.FollowerState (FollowerState.java:run(106)) - 042a280f-dfd9-45c4-b133-20205c7d6255:group-0958BB87472D changes to CANDIDATE, lastRpcTime:5189, electionTimeout:5188ms
2019-08-28 15:28:39,886 [Thread-3314] INFO  impl.RoleInfo (RoleInfo.java:shutdownFollowerState(121)) - 042a280f-dfd9-45c4-b133-20205c7d6255: shutdown FollowerState
2019-08-28 15:28:39,889 [Thread-3314] INFO  impl.RaftServerImpl (RaftServerImpl.java:setRole(171)) - 042a280f-dfd9-45c4-b133-20205c7d6255:group-0958BB87472D changes role from FOLLOWER to CANDIDATE at term 0 for changeToCandidate
2019-08-28 15:28:39,890 [Thread-3314] INFO  impl.RoleInfo (RoleInfo.java:updateAndGet(143)) - 042a280f-dfd9-45c4-b133-20205c7d6255: start LeaderElection
2019-08-28 15:28:39,895 [96ef22e8-7a4e-4fe1-adeb-c5b0ceb08246-SegmentedRaftLogWorker:Storage Directory /workdir/hadoop-ozone/integration-test/target/test-dir/MiniOzoneClusterImpl-dff33e01-b2b8-4087-89b9-ab66c11044e2/datanode-3/data/ratis/aa3881ba-6ad8-4797-a4e7-9ebb27045d5d] INFO  segmented.SegmentedRaftLogWorker (SegmentedRaftLogWorker.java:execute(569)) - 96ef22e8-7a4e-4fe1-adeb-c5b0ceb08246-SegmentedRaftLogWorker:Storage Directory /workdir/hadoop-ozone/integration-test/target/test-dir/MiniOzoneClusterImpl-dff33e01-b2b8-4087-89b9-ab66c11044e2/datanode-3/data/ratis/aa3881ba-6ad8-4797-a4e7-9ebb27045d5d: created new log segment /workdir/hadoop-ozone/integration-test/target/test-dir/MiniOzoneClusterImpl-dff33e01-b2b8-4087-89b9-ab66c11044e2/datanode-3/data/ratis/aa3881ba-6ad8-4797-a4e7-9ebb27045d5d/current/log_inprogress_0
2019-08-28 15:28:39,895 [grpc-default-executor-6] INFO  impl.RaftServerImpl (ServerState.java:setRaftConf(361)) - c9e8e19f-54bf-4369-bbaf-73beb462e187:group-9EBB27045D5D set configuration 0: [042a280f-dfd9-45c4-b133-20205c7d6255:192.168.5.160:44769, c9e8e19f-54bf-4369-bbaf-73beb462e187:192.168.5.160:42176, 96ef22e8-7a4e-4fe1-adeb-c5b0ceb08246:192.168.5.160:36090], old=null at 0
2019-08-28 15:28:39,896 [grpc-default-executor-6] INFO  segmented.SegmentedRaftLogWorker (SegmentedRaftLogWorker.java:startLogSegment(380)) - c9e8e19f-54bf-4369-bbaf-73beb462e187-SegmentedRaftLogWorker:Storage Directory /workdir/hadoop-ozone/integration-test/target/test-dir/MiniOzoneClusterImpl-dff33e01-b2b8-4087-89b9-ab66c11044e2/datanode-4/data/ratis/aa3881ba-6ad8-4797-a4e7-9ebb27045d5d: Starting segment from index:0
2019-08-28 15:28:39,898 [grpc-default-executor-3] INFO  impl.RaftServerImpl (ServerState.java:setRaftConf(361)) - 042a280f-dfd9-45c4-b133-20205c7d6255:group-9EBB27045D5D set configuration 0: [042a280f-dfd9-45c4-b133-20205c7d6255:192.168.5.160:44769, c9e8e19f-54bf-4369-bbaf-73beb462e187:192.168.5.160:42176, 96ef22e8-7a4e-4fe1-adeb-c5b0ceb08246:192.168.5.160:36090], old=null at 0
2019-08-28 15:28:39,898 [grpc-default-executor-3] INFO  segmented.SegmentedRaftLogWorker (SegmentedRaftLogWorker.java:startLogSegment(380)) - 042a280f-dfd9-45c4-b133-20205c7d6255-SegmentedRaftLogWorker:Storage Directory /workdir/hadoop-ozone/integration-test/target/test-dir/MiniOzoneClusterImpl-dff33e01-b2b8-4087-89b9-ab66c11044e2/datanode-5/data/ratis/aa3881ba-6ad8-4797-a4e7-9ebb27045d5d: Starting segment from index:0
2019-08-28 15:28:39,909 [042a280f-dfd9-45c4-b133-20205c7d6255:group-0958BB87472D:LeaderElection59] INFO  impl.LeaderElection (LeaderElection.java:askForVotes(181)) - 042a280f-dfd9-45c4-b133-20205c7d6255:group-0958BB87472D:LeaderElection59: begin an election at term 1 for -1: [042a280f-dfd9-45c4-b133-20205c7d6255:192.168.5.160:44769], old=null
2019-08-28 15:28:39,910 [042a280f-dfd9-45c4-b133-20205c7d6255:group-0958BB87472D:LeaderElection59] INFO  impl.RoleInfo (RoleInfo.java:shutdownLeaderElection(134)) - 042a280f-dfd9-45c4-b133-20205c7d6255: shutdown LeaderElection
2019-08-28 15:28:39,910 [042a280f-dfd9-45c4-b133-20205c7d6255:group-0958BB87472D:LeaderElection59] INFO  impl.RaftServerImpl (RaftServerImpl.java:setRole(171)) - 042a280f-dfd9-45c4-b133-20205c7d6255:group-0958BB87472D changes role from CANDIDATE to LEADER at term 1 for changeToLeader
2019-08-28 15:28:39,910 [042a280f-dfd9-45c4-b133-20205c7d6255:group-0958BB87472D:LeaderElection59] INFO  impl.RaftServerImpl (ServerState.java:setLeader(263)) - 042a280f-dfd9-45c4-b133-20205c7d6255:group-0958BB87472D change Leader from null to 042a280f-dfd9-45c4-b133-20205c7d6255 at term 1 for becomeLeader, leader elected after 5218ms
2019-08-28 15:28:39,910 [042a280f-dfd9-45c4-b133-20205c7d6255:group-0958BB87472D:LeaderElection59] INFO  server.RaftServerConfigKeys (ConfUtils.java:logGet(43)) - raft.server.staging.catchup.gap = 1000 (default)
2019-08-28 15:28:39,910 [042a280f-dfd9-45c4-b133-20205c7d6255:group-0958BB87472D:LeaderElection59] INFO  server.RaftServerConfigKeys (ConfUtils.java:logGet(43)) - raft.server.rpc.sleep.time = 25ms (default)
2019-08-28 15:28:39,910 [042a280f-dfd9-45c4-b133-20205c7d6255:group-0958BB87472D:LeaderElection59] INFO  server.RaftServerConfigKeys (ConfUtils.java:logGet(43)) - raft.server.write.element-limit = 4096 (default)
2019-08-28 15:28:39,910 [042a280f-dfd9-45c4-b133-20205c7d6255:group-0958BB87472D:LeaderElection59] INFO  server.RaftServerConfigKeys (ConfUtils.java:logGet(43)) - raft.server.watch.timeout = 10s (default)
2019-08-28 15:28:39,911 [042a280f-dfd9-45c4-b133-20205c7d6255:group-0958BB87472D:LeaderElection59] INFO  server.RaftServerConfigKeys (ConfUtils.java:logGet(43)) - raft.server.watch.timeout.denomination = 1s (default)
2019-08-28 15:28:39,911 [042a280f-dfd9-45c4-b133-20205c7d6255:group-0958BB87472D:LeaderElection59] INFO  server.RaftServerConfigKeys (ConfUtils.java:logGet(43)) - raft.server.watch.element-limit = 65536 (default)
2019-08-28 15:28:39,911 [042a280f-dfd9-45c4-b133-20205c7d6255:group-0958BB87472D:LeaderElection59] INFO  impl.RoleInfo (RoleInfo.java:updateAndGet(143)) - 042a280f-dfd9-45c4-b133-20205c7d6255: start LeaderState
2019-08-28 15:28:39,911 [042a280f-dfd9-45c4-b133-20205c7d6255:group-0958BB87472D:LeaderElection59] INFO  segmented.SegmentedRaftLogWorker (SegmentedRaftLogWorker.java:startLogSegment(380)) - 042a280f-dfd9-45c4-b133-20205c7d6255-SegmentedRaftLogWorker:Storage Directory /workdir/hadoop-ozone/integration-test/target/test-dir/MiniOzoneClusterImpl-dff33e01-b2b8-4087-89b9-ab66c11044e2/datanode-5/data/ratis/f54739ae-09ab-4b90-8c31-0958bb87472d: Starting segment from index:0
2019-08-28 15:28:39,912 [042a280f-dfd9-45c4-b133-20205c7d6255:group-0958BB87472D:LeaderElection59] INFO  impl.RaftServerImpl (ServerState.java:setRaftConf(361)) - 042a280f-dfd9-45c4-b133-20205c7d6255:group-0958BB87472D set configuration 0: [042a280f-dfd9-45c4-b133-20205c7d6255:192.168.5.160:44769], old=null at 0
2019-08-28 15:28:39,948 [Thread-3326] INFO  impl.FollowerState (FollowerState.java:run(106)) - a6c0da75-1d5f-401d-9e51-895df67a2909:group-9A81E225E472 changes to CANDIDATE, lastRpcTime:5053, electionTimeout:5053ms
2019-08-28 15:28:39,949 [Thread-3326] INFO  impl.RoleInfo (RoleInfo.java:shutdownFollowerState(121)) - a6c0da75-1d5f-401d-9e51-895df67a2909: shutdown FollowerState
2019-08-28 15:28:39,949 [Thread-3326] INFO  impl.RaftServerImpl (RaftServerImpl.java:setRole(171)) - a6c0da75-1d5f-401d-9e51-895df67a2909:group-9A81E225E472 changes role from FOLLOWER to CANDIDATE at term 0 for changeToCandidate
2019-08-28 15:28:39,949 [Thread-3326] INFO  impl.RoleInfo (RoleInfo.java:updateAndGet(143)) - a6c0da75-1d5f-401d-9e51-895df67a2909: start LeaderElection
2019-08-28 15:28:39,963 [c9e8e19f-54bf-4369-bbaf-73beb462e187-SegmentedRaftLogWorker:Storage Directory /workdir/hadoop-ozone/integration-test/target/test-dir/MiniOzoneClusterImpl-dff33e01-b2b8-4087-89b9-ab66c11044e2/datanode-4/data/ratis/aa3881ba-6ad8-4797-a4e7-9ebb27045d5d] INFO  segmented.SegmentedRaftLogWorker (SegmentedRaftLogWorker.java:execute(569)) - c9e8e19f-54bf-4369-bbaf-73beb462e187-SegmentedRaftLogWorker:Storage Directory /workdir/hadoop-ozone/integration-test/target/test-dir/MiniOzoneClusterImpl-dff33e01-b2b8-4087-89b9-ab66c11044e2/datanode-4/data/ratis/aa3881ba-6ad8-4797-a4e7-9ebb27045d5d: created new log segment /workdir/hadoop-ozone/integration-test/target/test-dir/MiniOzoneClusterImpl-dff33e01-b2b8-4087-89b9-ab66c11044e2/datanode-4/data/ratis/aa3881ba-6ad8-4797-a4e7-9ebb27045d5d/current/log_inprogress_0
2019-08-28 15:28:39,963 [a6c0da75-1d5f-401d-9e51-895df67a2909:group-9A81E225E472:LeaderElection60] INFO  impl.LeaderElection (LeaderElection.java:askForVotes(181)) - a6c0da75-1d5f-401d-9e51-895df67a2909:group-9A81E225E472:LeaderElection60: begin an election at term 1 for -1: [a6c0da75-1d5f-401d-9e51-895df67a2909:192.168.5.160:45751], old=null
2019-08-28 15:28:39,963 [042a280f-dfd9-45c4-b133-20205c7d6255-SegmentedRaftLogWorker:Storage Directory /workdir/hadoop-ozone/integration-test/target/test-dir/MiniOzoneClusterImpl-dff33e01-b2b8-4087-89b9-ab66c11044e2/datanode-5/data/ratis/f54739ae-09ab-4b90-8c31-0958bb87472d] INFO  segmented.SegmentedRaftLogWorker (SegmentedRaftLogWorker.java:execute(569)) - 042a280f-dfd9-45c4-b133-20205c7d6255-SegmentedRaftLogWorker:Storage Directory /workdir/hadoop-ozone/integration-test/target/test-dir/MiniOzoneClusterImpl-dff33e01-b2b8-4087-89b9-ab66c11044e2/datanode-5/data/ratis/f54739ae-09ab-4b90-8c31-0958bb87472d: created new log segment /workdir/hadoop-ozone/integration-test/target/test-dir/MiniOzoneClusterImpl-dff33e01-b2b8-4087-89b9-ab66c11044e2/datanode-5/data/ratis/f54739ae-09ab-4b90-8c31-0958bb87472d/current/log_inprogress_0
2019-08-28 15:28:39,963 [042a280f-dfd9-45c4-b133-20205c7d6255-SegmentedRaftLogWorker:Storage Directory /workdir/hadoop-ozone/integration-test/target/test-dir/MiniOzoneClusterImpl-dff33e01-b2b8-4087-89b9-ab66c11044e2/datanode-5/data/ratis/aa3881ba-6ad8-4797-a4e7-9ebb27045d5d] INFO  segmented.SegmentedRaftLogWorker (SegmentedRaftLogWorker.java:execute(569)) - 042a280f-dfd9-45c4-b133-20205c7d6255-SegmentedRaftLogWorker:Storage Directory /workdir/hadoop-ozone/integration-test/target/test-dir/MiniOzoneClusterImpl-dff33e01-b2b8-4087-89b9-ab66c11044e2/datanode-5/data/ratis/aa3881ba-6ad8-4797-a4e7-9ebb27045d5d: created new log segment /workdir/hadoop-ozone/integration-test/target/test-dir/MiniOzoneClusterImpl-dff33e01-b2b8-4087-89b9-ab66c11044e2/datanode-5/data/ratis/aa3881ba-6ad8-4797-a4e7-9ebb27045d5d/current/log_inprogress_0
2019-08-28 15:28:39,963 [a6c0da75-1d5f-401d-9e51-895df67a2909:group-9A81E225E472:LeaderElection60] INFO  impl.RoleInfo (RoleInfo.java:shutdownLeaderElection(134)) - a6c0da75-1d5f-401d-9e51-895df67a2909: shutdown LeaderElection
2019-08-28 15:28:39,964 [a6c0da75-1d5f-401d-9e51-895df67a2909:group-9A81E225E472:LeaderElection60] INFO  impl.RaftServerImpl (RaftServerImpl.java:setRole(171)) - a6c0da75-1d5f-401d-9e51-895df67a2909:group-9A81E225E472 changes role from CANDIDATE to LEADER at term 1 for changeToLeader
2019-08-28 15:28:39,964 [a6c0da75-1d5f-401d-9e51-895df67a2909:group-9A81E225E472:LeaderElection60] INFO  impl.RaftServerImpl (ServerState.java:setLeader(263)) - a6c0da75-1d5f-401d-9e51-895df67a2909:group-9A81E225E472 change Leader from null to a6c0da75-1d5f-401d-9e51-895df67a2909 at term 1 for becomeLeader, leader elected after 5073ms
2019-08-28 15:28:39,964 [a6c0da75-1d5f-401d-9e51-895df67a2909:group-9A81E225E472:LeaderElection60] INFO  server.RaftServerConfigKeys (ConfUtils.java:logGet(43)) - raft.server.staging.catchup.gap = 1000 (default)
2019-08-28 15:28:39,964 [a6c0da75-1d5f-401d-9e51-895df67a2909:group-9A81E225E472:LeaderElection60] INFO  server.RaftServerConfigKeys (ConfUtils.java:logGet(43)) - raft.server.rpc.sleep.time = 25ms (default)
2019-08-28 15:28:39,964 [a6c0da75-1d5f-401d-9e51-895df67a2909:group-9A81E225E472:LeaderElection60] INFO  server.RaftServerConfigKeys (ConfUtils.java:logGet(43)) - raft.server.write.element-limit = 4096 (default)
2019-08-28 15:28:39,965 [a6c0da75-1d5f-401d-9e51-895df67a2909:group-9A81E225E472:LeaderElection60] INFO  server.RaftServerConfigKeys (ConfUtils.java:logGet(43)) - raft.server.watch.timeout = 10s (default)
2019-08-28 15:28:39,965 [a6c0da75-1d5f-401d-9e51-895df67a2909:group-9A81E225E472:LeaderElection60] INFO  server.RaftServerConfigKeys (ConfUtils.java:logGet(43)) - raft.server.watch.timeout.denomination = 1s (default)
2019-08-28 15:28:39,965 [a6c0da75-1d5f-401d-9e51-895df67a2909:group-9A81E225E472:LeaderElection60] INFO  server.RaftServerConfigKeys (ConfUtils.java:logGet(43)) - raft.server.watch.element-limit = 65536 (default)
2019-08-28 15:28:39,965 [a6c0da75-1d5f-401d-9e51-895df67a2909:group-9A81E225E472:LeaderElection60] INFO  impl.RoleInfo (RoleInfo.java:updateAndGet(143)) - a6c0da75-1d5f-401d-9e51-895df67a2909: start LeaderState
2019-08-28 15:28:39,965 [a6c0da75-1d5f-401d-9e51-895df67a2909:group-9A81E225E472:LeaderElection60] INFO  segmented.SegmentedRaftLogWorker (SegmentedRaftLogWorker.java:startLogSegment(380)) - a6c0da75-1d5f-401d-9e51-895df67a2909-SegmentedRaftLogWorker:Storage Directory /workdir/hadoop-ozone/integration-test/target/test-dir/MiniOzoneClusterImpl-dff33e01-b2b8-4087-89b9-ab66c11044e2/datanode-6/data/ratis/d9398070-4ac2-4090-89be-9a81e225e472: Starting segment from index:0
2019-08-28 15:28:39,966 [a6c0da75-1d5f-401d-9e51-895df67a2909:group-9A81E225E472:LeaderElection60] INFO  impl.RaftServerImpl (ServerState.java:setRaftConf(361)) - a6c0da75-1d5f-401d-9e51-895df67a2909:group-9A81E225E472 set configuration 0: [a6c0da75-1d5f-401d-9e51-895df67a2909:192.168.5.160:45751], old=null at 0
2019-08-28 15:28:40,003 [grpc-default-executor-6] INFO  client.GrpcClientProtocolClient (GrpcClientProtocolClient.java:onNext(255)) - client-930A35D83D8F->e083f44d-f6d5-42ec-804b-f102740a8909: receive RaftClientReply:client-930A35D83D8F->e083f44d-f6d5-42ec-804b-f102740a8909@group-820DEEB479C9, cid=175, FAILED org.apache.ratis.protocol.NotLeaderException: Server e083f44d-f6d5-42ec-804b-f102740a8909 is not the leader (a5b00b79-c734-41b7-9619-32717c8abca8:192.168.5.160:36297). Request must be sent to leader., logIndex=0, commits[e083f44d-f6d5-42ec-804b-f102740a8909:c-1, c88de438-deef-4f9f-8cec-a54281b0c8d4:c-1, a5b00b79-c734-41b7-9619-32717c8abca8:c-1]
2019-08-28 15:28:40,005 [a6c0da75-1d5f-401d-9e51-895df67a2909-SegmentedRaftLogWorker:Storage Directory /workdir/hadoop-ozone/integration-test/target/test-dir/MiniOzoneClusterImpl-dff33e01-b2b8-4087-89b9-ab66c11044e2/datanode-6/data/ratis/d9398070-4ac2-4090-89be-9a81e225e472] INFO  segmented.SegmentedRaftLogWorker (SegmentedRaftLogWorker.java:execute(569)) - a6c0da75-1d5f-401d-9e51-895df67a2909-SegmentedRaftLogWorker:Storage Directory /workdir/hadoop-ozone/integration-test/target/test-dir/MiniOzoneClusterImpl-dff33e01-b2b8-4087-89b9-ab66c11044e2/datanode-6/data/ratis/d9398070-4ac2-4090-89be-9a81e225e472: created new log segment /workdir/hadoop-ozone/integration-test/target/test-dir/MiniOzoneClusterImpl-dff33e01-b2b8-4087-89b9-ab66c11044e2/datanode-6/data/ratis/d9398070-4ac2-4090-89be-9a81e225e472/current/log_inprogress_0
2019-08-28 15:28:40,129 | INFO  | DNAudit | user=null | ip=null | op=WRITE_CHUNK {blockData=conID: 1 locID: 102695312813391886 bcsId: 0} | ret=SUCCESS |  
2019-08-28 15:28:40,131 | INFO  | DNAudit | user=null | ip=null | op=WRITE_CHUNK {blockData=conID: 1 locID: 102695312813391886 bcsId: 0} | ret=SUCCESS |  
2019-08-28 15:28:40,131 | INFO  | DNAudit | user=null | ip=null | op=WRITE_CHUNK {blockData=conID: 1 locID: 102695312813391886 bcsId: 0} | ret=SUCCESS |  
2019-08-28 15:28:40,131 | INFO  | SCMAudit | user=jenkins1000 | ip=192.168.5.160 | op=SEND_HEARTBEAT {datanodeUUID=e083f44d-f6d5-42ec-804b-f102740a8909, command=[]} | ret=SUCCESS |  
2019-08-28 15:28:40,131 | INFO  | SCMAudit | user=jenkins1000 | ip=192.168.5.160 | op=SEND_HEARTBEAT {datanodeUUID=c88de438-deef-4f9f-8cec-a54281b0c8d4, command=[]} | ret=SUCCESS |  
2019-08-28 15:28:40,132 | INFO  | SCMAudit | user=jenkins1000 | ip=192.168.5.160 | op=SEND_HEARTBEAT {datanodeUUID=a5b00b79-c734-41b7-9619-32717c8abca8, command=[]} | ret=SUCCESS |  
2019-08-28 15:28:40,145 | INFO  | DNAudit | user=null | ip=null | op=WRITE_CHUNK {blockData=conID: 1 locID: 102695312813391886 bcsId: 0} | ret=SUCCESS |  
2019-08-28 15:28:40,153 [grpc-default-executor-6] INFO  client.GrpcClientProtocolClient (GrpcClientProtocolClient.java:onNext(255)) - client-930A35D83D8F->a5b00b79-c734-41b7-9619-32717c8abca8: receive RaftClientReply:client-930A35D83D8F->a5b00b79-c734-41b7-9619-32717c8abca8@group-820DEEB479C9, cid=175, SUCCESS, logIndex=1, commits[a5b00b79-c734-41b7-9619-32717c8abca8:c1, c88de438-deef-4f9f-8cec-a54281b0c8d4:c0, e083f44d-f6d5-42ec-804b-f102740a8909:c0]
2019-08-28 15:28:40,155 | INFO  | DNAudit | user=null | ip=null | op=WRITE_CHUNK {blockData=conID: 1 locID: 102695312813391886 bcsId: 0} | ret=SUCCESS |  
2019-08-28 15:28:40,156 | INFO  | DNAudit | user=null | ip=null | op=WRITE_CHUNK {blockData=conID: 1 locID: 102695312813391886 bcsId: 0} | ret=SUCCESS |  
2019-08-28 15:28:40,157 | INFO  | DNAudit | user=null | ip=null | op=WRITE_CHUNK {blockData=conID: 1 locID: 102695312813391886 bcsId: 0} | ret=SUCCESS |  
2019-08-28 15:28:40,157 | INFO  | DNAudit | user=null | ip=null | op=WRITE_CHUNK {blockData=conID: 1 locID: 102695312813391886 bcsId: 0} | ret=SUCCESS |  
2019-08-28 15:28:40,157 | INFO  | DNAudit | user=null | ip=null | op=WRITE_CHUNK {blockData=conID: 1 locID: 102695312813391886 bcsId: 0} | ret=SUCCESS |  
2019-08-28 15:28:40,157 | INFO  | DNAudit | user=null | ip=null | op=WRITE_CHUNK {blockData=conID: 1 locID: 102695312813391886 bcsId: 0} | ret=SUCCESS |  
2019-08-28 15:28:40,158 | INFO  | DNAudit | user=null | ip=null | op=WRITE_CHUNK {blockData=conID: 1 locID: 102695312813391886 bcsId: 0} | ret=SUCCESS |  
2019-08-28 15:28:40,158 | INFO  | DNAudit | user=null | ip=null | op=WRITE_CHUNK {blockData=conID: 1 locID: 102695312813391886 bcsId: 0} | ret=SUCCESS |  
2019-08-28 15:28:40,158 | INFO  | DNAudit | user=null | ip=null | op=WRITE_CHUNK {blockData=conID: 1 locID: 102695312813391886 bcsId: 0} | ret=SUCCESS |  
2019-08-28 15:28:40,159 | INFO  | DNAudit | user=null | ip=null | op=WRITE_CHUNK {blockData=conID: 1 locID: 102695312813391886 bcsId: 0} | ret=SUCCESS |  
2019-08-28 15:28:40,159 | INFO  | DNAudit | user=null | ip=null | op=WRITE_CHUNK {blockData=conID: 1 locID: 102695312813391886 bcsId: 0} | ret=SUCCESS |  
2019-08-28 15:28:40,169 | INFO  | DNAudit | user=null | ip=null | op=WRITE_CHUNK {blockData=conID: 1 locID: 102695312813391886 bcsId: 0} | ret=SUCCESS |  
2019-08-28 15:28:40,172 [grpc-default-executor-0] INFO  client.GrpcClientProtocolClient (GrpcClientProtocolClient.java:onNext(255)) - client-930A35D83D8F->a5b00b79-c734-41b7-9619-32717c8abca8: receive RaftClientReply:client-930A35D83D8F->a5b00b79-c734-41b7-9619-32717c8abca8@group-820DEEB479C9, cid=176, SUCCESS, logIndex=3, commits[a5b00b79-c734-41b7-9619-32717c8abca8:c4, c88de438-deef-4f9f-8cec-a54281b0c8d4:c1, e083f44d-f6d5-42ec-804b-f102740a8909:c1]
2019-08-28 15:28:40,185 | INFO  | DNAudit | user=null | ip=null | op=WRITE_CHUNK {blockData=conID: 1 locID: 102695312813391886 bcsId: 0} | ret=SUCCESS |  
2019-08-28 15:28:40,185 | INFO  | DNAudit | user=null | ip=null | op=WRITE_CHUNK {blockData=conID: 1 locID: 102695312813391886 bcsId: 0} | ret=SUCCESS |  
2019-08-28 15:28:40,215 | INFO  | DNAudit | user=null | ip=null | op=PUT_BLOCK {blockData=[blockId=conID: 1 locID: 102695312813391886 bcsId: 0,size=200]} | ret=SUCCESS |  
2019-08-28 15:28:40,218 | INFO  | DNAudit | user=null | ip=null | op=WRITE_CHUNK {blockData=conID: 1 locID: 102695312813391886 bcsId: 0} | ret=SUCCESS |  
2019-08-28 15:28:40,218 [grpc-default-executor-0] INFO  client.GrpcClientProtocolClient (GrpcClientProtocolClient.java:onNext(255)) - client-930A35D83D8F->a5b00b79-c734-41b7-9619-32717c8abca8: receive RaftClientReply:client-930A35D83D8F->a5b00b79-c734-41b7-9619-32717c8abca8@group-820DEEB479C9, cid=177, SUCCESS, logIndex=4, commits[a5b00b79-c734-41b7-9619-32717c8abca8:c12, c88de438-deef-4f9f-8cec-a54281b0c8d4:c7, e083f44d-f6d5-42ec-804b-f102740a8909:c7]
2019-08-28 15:28:40,219 | INFO  | DNAudit | user=null | ip=null | op=WRITE_CHUNK {blockData=conID: 1 locID: 102695312813391886 bcsId: 0} | ret=SUCCESS |  
2019-08-28 15:28:40,219 [grpc-default-executor-0] INFO  client.GrpcClientProtocolClient (GrpcClientProtocolClient.java:onNext(255)) - client-930A35D83D8F->a5b00b79-c734-41b7-9619-32717c8abca8: receive RaftClientReply:client-930A35D83D8F->a5b00b79-c734-41b7-9619-32717c8abca8@group-820DEEB479C9, cid=178, SUCCESS, logIndex=5, commits[a5b00b79-c734-41b7-9619-32717c8abca8:c12, c88de438-deef-4f9f-8cec-a54281b0c8d4:c7, e083f44d-f6d5-42ec-804b-f102740a8909:c7]
2019-08-28 15:28:40,220 [grpc-default-executor-0] INFO  client.GrpcClientProtocolClient (GrpcClientProtocolClient.java:onNext(255)) - client-930A35D83D8F->a5b00b79-c734-41b7-9619-32717c8abca8: receive RaftClientReply:client-930A35D83D8F->a5b00b79-c734-41b7-9619-32717c8abca8@group-820DEEB479C9, cid=179, SUCCESS, logIndex=6, commits[a5b00b79-c734-41b7-9619-32717c8abca8:c12, c88de438-deef-4f9f-8cec-a54281b0c8d4:c7, e083f44d-f6d5-42ec-804b-f102740a8909:c7]
2019-08-28 15:28:40,234 | INFO  | DNAudit | user=null | ip=null | op=PUT_BLOCK {blockData=[blockId=conID: 1 locID: 102695312813391886 bcsId: 0,size=200]} | ret=SUCCESS |  
2019-08-28 15:28:40,235 | INFO  | DNAudit | user=null | ip=null | op=WRITE_CHUNK {blockData=conID: 1 locID: 102695312813391886 bcsId: 0} | ret=SUCCESS |  
2019-08-28 15:28:40,235 | INFO  | DNAudit | user=null | ip=null | op=WRITE_CHUNK {blockData=conID: 1 locID: 102695312813391886 bcsId: 0} | ret=SUCCESS |  
2019-08-28 15:28:40,263 | INFO  | SCMAudit | user=jenkins1000 | ip=192.168.5.160 | op=SEND_HEARTBEAT {datanodeUUID=96ef22e8-7a4e-4fe1-adeb-c5b0ceb08246, command=[]} | ret=SUCCESS |  
2019-08-28 15:28:40,289 | INFO  | DNAudit | user=null | ip=null | op=PUT_BLOCK {blockData=[blockId=conID: 1 locID: 102695312813391886 bcsId: 0,size=400]} | ret=SUCCESS |  
2019-08-28 15:28:40,289 | INFO  | DNAudit | user=null | ip=null | op=PUT_BLOCK {blockData=[blockId=conID: 1 locID: 102695312813391886 bcsId: 0,size=400]} | ret=SUCCESS |  
2019-08-28 15:28:40,292 | INFO  | DNAudit | user=null | ip=null | op=PUT_BLOCK {blockData=[blockId=conID: 1 locID: 102695312813391886 bcsId: 0,size=200]} | ret=SUCCESS |  
2019-08-28 15:28:40,292 | INFO  | DNAudit | user=null | ip=null | op=WRITE_CHUNK {blockData=conID: 1 locID: 102695312813391886 bcsId: 0} | ret=SUCCESS |  
2019-08-28 15:28:40,293 | INFO  | DNAudit | user=null | ip=null | op=WRITE_CHUNK {blockData=conID: 1 locID: 102695312813391886 bcsId: 0} | ret=SUCCESS |  
2019-08-28 15:28:40,293 | INFO  | DNAudit | user=null | ip=null | op=PUT_BLOCK {blockData=[blockId=conID: 1 locID: 102695312813391886 bcsId: 0,size=400]} | ret=SUCCESS |  
2019-08-28 15:28:40,293 [grpc-default-executor-0] INFO  client.GrpcClientProtocolClient (GrpcClientProtocolClient.java:onNext(255)) - client-930A35D83D8F->a5b00b79-c734-41b7-9619-32717c8abca8: receive RaftClientReply:client-930A35D83D8F->a5b00b79-c734-41b7-9619-32717c8abca8@group-820DEEB479C9, cid=180, SUCCESS, logIndex=7, commits[a5b00b79-c734-41b7-9619-32717c8abca8:c12, c88de438-deef-4f9f-8cec-a54281b0c8d4:c7, e083f44d-f6d5-42ec-804b-f102740a8909:c7]
2019-08-28 15:28:40,298 | INFO  | DNAudit | user=null | ip=null | op=WRITE_CHUNK {blockData=conID: 1 locID: 102695312813391886 bcsId: 7} | ret=SUCCESS |  
2019-08-28 15:28:40,299 | INFO  | DNAudit | user=null | ip=null | op=WRITE_CHUNK {blockData=conID: 1 locID: 102695312813391886 bcsId: 7} | ret=SUCCESS |  
2019-08-28 15:28:40,300 | INFO  | DNAudit | user=null | ip=null | op=WRITE_CHUNK {blockData=conID: 1 locID: 102695312813391886 bcsId: 7} | ret=SUCCESS |  
2019-08-28 15:28:40,313 | INFO  | DNAudit | user=null | ip=null | op=WRITE_CHUNK {blockData=conID: 1 locID: 102695312813391886 bcsId: 7} | ret=SUCCESS |  
2019-08-28 15:28:40,314 | INFO  | DNAudit | user=null | ip=null | op=PUT_BLOCK {blockData=[blockId=conID: 1 locID: 102695312813391886 bcsId: 0,size=450]} | ret=SUCCESS |  
2019-08-28 15:28:40,314 [grpc-default-executor-3] INFO  client.GrpcClientProtocolClient (GrpcClientProtocolClient.java:onNext(255)) - client-930A35D83D8F->a5b00b79-c734-41b7-9619-32717c8abca8: receive RaftClientReply:client-930A35D83D8F->a5b00b79-c734-41b7-9619-32717c8abca8@group-820DEEB479C9, cid=181, SUCCESS, logIndex=13, commits[a5b00b79-c734-41b7-9619-32717c8abca8:c14, c88de438-deef-4f9f-8cec-a54281b0c8d4:c12, e083f44d-f6d5-42ec-804b-f102740a8909:c12]
2019-08-28 15:28:40,315 [grpc-default-executor-3] INFO  client.GrpcClientProtocolClient (GrpcClientProtocolClient.java:onNext(255)) - client-930A35D83D8F->a5b00b79-c734-41b7-9619-32717c8abca8: receive RaftClientReply:client-930A35D83D8F->a5b00b79-c734-41b7-9619-32717c8abca8@group-820DEEB479C9, cid=182, SUCCESS, logIndex=14, commits[a5b00b79-c734-41b7-9619-32717c8abca8:c14, c88de438-deef-4f9f-8cec-a54281b0c8d4:c12, e083f44d-f6d5-42ec-804b-f102740a8909:c12]
2019-08-28 15:28:40,325 | INFO  | DNAudit | user=null | ip=null | op=WRITE_CHUNK {blockData=conID: 1 locID: 102695312813391886 bcsId: 7} | ret=SUCCESS |  
2019-08-28 15:28:40,325 | INFO  | DNAudit | user=null | ip=null | op=WRITE_CHUNK {blockData=conID: 1 locID: 102695312813391886 bcsId: 7} | ret=SUCCESS |  
2019-08-28 15:28:40,325 | INFO  | DNAudit | user=null | ip=null | op=PUT_BLOCK {blockData=[blockId=conID: 1 locID: 102695312813391886 bcsId: 0,size=450]} | ret=SUCCESS |  
2019-08-28 15:28:40,327 | INFO  | DNAudit | user=null | ip=null | op=PUT_BLOCK {blockData=[blockId=conID: 1 locID: 102695312813391886 bcsId: 0,size=450]} | ret=SUCCESS |  
2019-08-28 15:28:40,330 [grpc-default-executor-3] INFO  client.GrpcClientProtocolClient (GrpcClientProtocolClient.java:onNext(255)) - client-930A35D83D8F->a5b00b79-c734-41b7-9619-32717c8abca8: receive RaftClientReply:client-930A35D83D8F->a5b00b79-c734-41b7-9619-32717c8abca8@group-820DEEB479C9, cid=183, SUCCESS, logIndex=0, commits[a5b00b79-c734-41b7-9619-32717c8abca8:c16, c88de438-deef-4f9f-8cec-a54281b0c8d4:c14, e083f44d-f6d5-42ec-804b-f102740a8909:c14]
2019-08-28 15:28:40,331 [main] INFO  datanode.ObjectStoreHandler (ObjectStoreHandler.java:close(155)) - Closing ObjectStoreHandler.
2019-08-28 15:28:40,331 [main] INFO  ozone.HddsDatanodeService (HddsDatanodeService.java:stop(451)) - Stopped plug-in org.apache.hadoop.ozone.web.OzoneHddsDatanodeService@dfe2875
2019-08-28 15:28:40,445 | INFO  | SCMAudit | user=jenkins1000 | ip=192.168.5.160 | op=SEND_HEARTBEAT {datanodeUUID=c9e8e19f-54bf-4369-bbaf-73beb462e187, command=[]} | ret=SUCCESS |  
2019-08-28 15:28:40,626 | INFO  | SCMAudit | user=jenkins1000 | ip=192.168.5.160 | op=SEND_HEARTBEAT {datanodeUUID=042a280f-dfd9-45c4-b133-20205c7d6255, command=[]} | ret=SUCCESS |  
2019-08-28 15:28:40,882 | INFO  | SCMAudit | user=jenkins1000 | ip=192.168.5.160 | op=SEND_HEARTBEAT {datanodeUUID=a6c0da75-1d5f-401d-9e51-895df67a2909, command=[]} | ret=SUCCESS |  
2019-08-28 15:28:41,126 [Datanode State Machine Thread - 0] INFO  statemachine.DatanodeStateMachine (DatanodeStateMachine.java:lambda$startDaemon$0(350)) - Ozone container server started.
2019-08-28 15:28:41,127 | INFO  | SCMAudit | user=jenkins1000 | ip=192.168.5.160 | op=SEND_HEARTBEAT {datanodeUUID=c88de438-deef-4f9f-8cec-a54281b0c8d4, command=[]} | ret=SUCCESS |  
2019-08-28 15:28:41,127 | INFO  | SCMAudit | user=jenkins1000 | ip=192.168.5.160 | op=SEND_HEARTBEAT {datanodeUUID=e083f44d-f6d5-42ec-804b-f102740a8909, command=[]} | ret=SUCCESS |  
2019-08-28 15:28:41,264 | INFO  | SCMAudit | user=jenkins1000 | ip=192.168.5.160 | op=SEND_HEARTBEAT {datanodeUUID=96ef22e8-7a4e-4fe1-adeb-c5b0ceb08246, command=[]} | ret=SUCCESS |  
2019-08-28 15:28:41,445 | INFO  | SCMAudit | user=jenkins1000 | ip=192.168.5.160 | op=SEND_HEARTBEAT {datanodeUUID=c9e8e19f-54bf-4369-bbaf-73beb462e187, command=[]} | ret=SUCCESS |  
2019-08-28 15:28:41,626 | INFO  | SCMAudit | user=jenkins1000 | ip=192.168.5.160 | op=SEND_HEARTBEAT {datanodeUUID=042a280f-dfd9-45c4-b133-20205c7d6255, command=[]} | ret=SUCCESS |  
2019-08-28 15:28:41,882 | INFO  | SCMAudit | user=jenkins1000 | ip=192.168.5.160 | op=SEND_HEARTBEAT {datanodeUUID=a6c0da75-1d5f-401d-9e51-895df67a2909, command=[]} | ret=SUCCESS |  
2019-08-28 15:28:42,127 | INFO  | SCMAudit | user=jenkins1000 | ip=192.168.5.160 | op=SEND_HEARTBEAT {datanodeUUID=e083f44d-f6d5-42ec-804b-f102740a8909, command=[]} | ret=SUCCESS |  
2019-08-28 15:28:42,127 | INFO  | SCMAudit | user=jenkins1000 | ip=192.168.5.160 | op=SEND_HEARTBEAT {datanodeUUID=c88de438-deef-4f9f-8cec-a54281b0c8d4, command=[]} | ret=SUCCESS |  
2019-08-28 15:28:42,264 | INFO  | SCMAudit | user=jenkins1000 | ip=192.168.5.160 | op=SEND_HEARTBEAT {datanodeUUID=96ef22e8-7a4e-4fe1-adeb-c5b0ceb08246, command=[]} | ret=SUCCESS |  
2019-08-28 15:28:42,446 | INFO  | SCMAudit | user=jenkins1000 | ip=192.168.5.160 | op=SEND_HEARTBEAT {datanodeUUID=c9e8e19f-54bf-4369-bbaf-73beb462e187, command=[]} | ret=SUCCESS |  
2019-08-28 15:28:42,626 | INFO  | SCMAudit | user=jenkins1000 | ip=192.168.5.160 | op=SEND_HEARTBEAT {datanodeUUID=042a280f-dfd9-45c4-b133-20205c7d6255, command=[]} | ret=SUCCESS |  
2019-08-28 15:28:42,882 | INFO  | SCMAudit | user=jenkins1000 | ip=192.168.5.160 | op=SEND_HEARTBEAT {datanodeUUID=a6c0da75-1d5f-401d-9e51-895df67a2909, command=[]} | ret=SUCCESS |  
2019-08-28 15:28:43,128 | INFO  | SCMAudit | user=jenkins1000 | ip=192.168.5.160 | op=SEND_HEARTBEAT {datanodeUUID=c88de438-deef-4f9f-8cec-a54281b0c8d4, command=[]} | ret=SUCCESS |  
2019-08-28 15:28:43,128 | INFO  | SCMAudit | user=jenkins1000 | ip=192.168.5.160 | op=SEND_HEARTBEAT {datanodeUUID=e083f44d-f6d5-42ec-804b-f102740a8909, command=[]} | ret=SUCCESS |  
2019-08-28 15:28:43,264 | INFO  | SCMAudit | user=jenkins1000 | ip=192.168.5.160 | op=SEND_HEARTBEAT {datanodeUUID=96ef22e8-7a4e-4fe1-adeb-c5b0ceb08246, command=[]} | ret=SUCCESS |  
2019-08-28 15:28:43,446 | INFO  | SCMAudit | user=jenkins1000 | ip=192.168.5.160 | op=SEND_HEARTBEAT {datanodeUUID=c9e8e19f-54bf-4369-bbaf-73beb462e187, command=[]} | ret=SUCCESS |  
2019-08-28 15:28:43,627 | INFO  | SCMAudit | user=jenkins1000 | ip=192.168.5.160 | op=SEND_HEARTBEAT {datanodeUUID=042a280f-dfd9-45c4-b133-20205c7d6255, command=[]} | ret=SUCCESS |  
2019-08-28 15:28:43,882 | INFO  | SCMAudit | user=jenkins1000 | ip=192.168.5.160 | op=SEND_HEARTBEAT {datanodeUUID=a6c0da75-1d5f-401d-9e51-895df67a2909, command=[]} | ret=SUCCESS |  
2019-08-28 15:28:44,128 | INFO  | SCMAudit | user=jenkins1000 | ip=192.168.5.160 | op=SEND_HEARTBEAT {datanodeUUID=c88de438-deef-4f9f-8cec-a54281b0c8d4, command=[]} | ret=SUCCESS |  
2019-08-28 15:28:44,128 | INFO  | SCMAudit | user=jenkins1000 | ip=192.168.5.160 | op=SEND_HEARTBEAT {datanodeUUID=e083f44d-f6d5-42ec-804b-f102740a8909, command=[]} | ret=SUCCESS |  
2019-08-28 15:28:44,264 | INFO  | SCMAudit | user=jenkins1000 | ip=192.168.5.160 | op=SEND_HEARTBEAT {datanodeUUID=96ef22e8-7a4e-4fe1-adeb-c5b0ceb08246, command=[]} | ret=SUCCESS |  
2019-08-28 15:28:44,446 | INFO  | SCMAudit | user=jenkins1000 | ip=192.168.5.160 | op=SEND_HEARTBEAT {datanodeUUID=c9e8e19f-54bf-4369-bbaf-73beb462e187, command=[]} | ret=SUCCESS |  
2019-08-28 15:28:44,626 | INFO  | SCMAudit | user=jenkins1000 | ip=192.168.5.160 | op=SEND_HEARTBEAT {datanodeUUID=042a280f-dfd9-45c4-b133-20205c7d6255, command=[]} | ret=SUCCESS |  
2019-08-28 15:28:44,882 | INFO  | SCMAudit | user=jenkins1000 | ip=192.168.5.160 | op=SEND_HEARTBEAT {datanodeUUID=a6c0da75-1d5f-401d-9e51-895df67a2909, command=[]} | ret=SUCCESS |  
2019-08-28 15:28:45,128 | INFO  | SCMAudit | user=jenkins1000 | ip=192.168.5.160 | op=SEND_HEARTBEAT {datanodeUUID=e083f44d-f6d5-42ec-804b-f102740a8909, command=[]} | ret=SUCCESS |  
2019-08-28 15:28:45,128 | INFO  | SCMAudit | user=jenkins1000 | ip=192.168.5.160 | op=SEND_HEARTBEAT {datanodeUUID=c88de438-deef-4f9f-8cec-a54281b0c8d4, command=[]} | ret=SUCCESS |  
2019-08-28 15:28:45,204 [EventQueue-StaleNodeForStaleNodeHandler] INFO  node.StaleNodeHandler (StaleNodeHandler.java:onMessage(58)) - Datanode a5b00b79-c734-41b7-9619-32717c8abca8{ip: 192.168.5.160, host: pr-hdds-1950-8p5ww-60544353, networkLocation: /default-rack, certSerialId: null} moved to stale state. Finalizing its pipelines [PipelineID=1c18ae3a-5a40-4df9-a33f-4304eb831ac3, PipelineID=21f703fd-59f3-40d5-a518-820deeb479c9]
2019-08-28 15:28:45,204 [EventQueue-StaleNodeForStaleNodeHandler] INFO  pipeline.SCMPipelineManager (SCMPipelineManager.java:finalizeAndDestroyPipeline(309)) - destroying pipeline:Pipeline[ Id: 1c18ae3a-5a40-4df9-a33f-4304eb831ac3, Nodes: a5b00b79-c734-41b7-9619-32717c8abca8{ip: 192.168.5.160, host: pr-hdds-1950-8p5ww-60544353, networkLocation: /default-rack, certSerialId: null}, Type:RATIS, Factor:ONE, State:OPEN]
2019-08-28 15:28:45,204 [EventQueue-StaleNodeForStaleNodeHandler] INFO  pipeline.PipelineStateManager (PipelineStateManager.java:finalizePipeline(123)) - Pipeline Pipeline[ Id: 1c18ae3a-5a40-4df9-a33f-4304eb831ac3, Nodes: a5b00b79-c734-41b7-9619-32717c8abca8{ip: 192.168.5.160, host: pr-hdds-1950-8p5ww-60544353, networkLocation: /default-rack, certSerialId: null}, Type:RATIS, Factor:ONE, State:CLOSED] moved to CLOSED state
2019-08-28 15:28:45,204 [EventQueue-StaleNodeForStaleNodeHandler] INFO  pipeline.SCMPipelineManager (SCMPipelineManager.java:finalizeAndDestroyPipeline(309)) - destroying pipeline:Pipeline[ Id: 21f703fd-59f3-40d5-a518-820deeb479c9, Nodes: a5b00b79-c734-41b7-9619-32717c8abca8{ip: 192.168.5.160, host: pr-hdds-1950-8p5ww-60544353, networkLocation: /default-rack, certSerialId: null}e083f44d-f6d5-42ec-804b-f102740a8909{ip: 192.168.5.160, host: pr-hdds-1950-8p5ww-60544353, networkLocation: /default-rack, certSerialId: null}c88de438-deef-4f9f-8cec-a54281b0c8d4{ip: 192.168.5.160, host: pr-hdds-1950-8p5ww-60544353, networkLocation: /default-rack, certSerialId: null}, Type:RATIS, Factor:THREE, State:OPEN]
2019-08-28 15:28:45,204 [EventQueue-StaleNodeForStaleNodeHandler] INFO  pipeline.PipelineStateManager (PipelineStateManager.java:finalizePipeline(123)) - Pipeline Pipeline[ Id: 21f703fd-59f3-40d5-a518-820deeb479c9, Nodes: a5b00b79-c734-41b7-9619-32717c8abca8{ip: 192.168.5.160, host: pr-hdds-1950-8p5ww-60544353, networkLocation: /default-rack, certSerialId: null}e083f44d-f6d5-42ec-804b-f102740a8909{ip: 192.168.5.160, host: pr-hdds-1950-8p5ww-60544353, networkLocation: /default-rack, certSerialId: null}c88de438-deef-4f9f-8cec-a54281b0c8d4{ip: 192.168.5.160, host: pr-hdds-1950-8p5ww-60544353, networkLocation: /default-rack, certSerialId: null}, Type:RATIS, Factor:THREE, State:CLOSED] moved to CLOSED state
2019-08-28 15:28:45,205 [EventQueue-CloseContainerForCloseContainerEventHandler] INFO  container.CloseContainerEventHandler (CloseContainerEventHandler.java:onMessage(61)) - Close container Event triggered for container : #1
2019-08-28 15:28:45,264 | INFO  | SCMAudit | user=jenkins1000 | ip=192.168.5.160 | op=SEND_HEARTBEAT {datanodeUUID=96ef22e8-7a4e-4fe1-adeb-c5b0ceb08246, command=[]} | ret=SUCCESS |  
2019-08-28 15:28:45,334 [main] INFO  ozoneimpl.OzoneContainer (OzoneContainer.java:stop(199)) - Attempting to stop container services.
2019-08-28 15:28:45,334 [main] INFO  impl.RaftServerProxy (RaftServerProxy.java:lambda$close$4(314)) - a5b00b79-c734-41b7-9619-32717c8abca8: close
2019-08-28 15:28:45,335 [main] INFO  impl.RaftServerImpl (RaftServerImpl.java:lambda$shutdown$3(245)) - a5b00b79-c734-41b7-9619-32717c8abca8: shutdown group-4304EB831AC3
2019-08-28 15:28:45,335 [main] INFO  util.JmxRegister (JmxRegister.java:unregister(73)) - Successfully un-registered JMX Bean with object name Ratis:service=RaftServer,group=group-4304EB831AC3,id=a5b00b79-c734-41b7-9619-32717c8abca8
2019-08-28 15:28:45,335 [main] INFO  impl.RoleInfo (RoleInfo.java:shutdownLeaderState(104)) - a5b00b79-c734-41b7-9619-32717c8abca8: shutdown LeaderState
2019-08-28 15:28:45,336 [main] INFO  impl.PendingRequests (PendingRequests.java:sendNotLeaderResponses(202)) - a5b00b79-c734-41b7-9619-32717c8abca8-PendingRequests: sendNotLeaderResponses
2019-08-28 15:28:45,336 [main] INFO  impl.StateMachineUpdater (StateMachineUpdater.java:stopAndJoin(115)) - StateMachineUpdater:a5b00b79-c734-41b7-9619-32717c8abca8:group-4304EB831AC3: set stopIndex = 0
2019-08-28 15:28:45,336 [main] INFO  impl.RaftServerImpl (ServerState.java:close(394)) - a5b00b79-c734-41b7-9619-32717c8abca8:group-4304EB831AC3 closes. The last applied log index is 0
2019-08-28 15:28:45,337 [a5b00b79-c734-41b7-9619-32717c8abca8-SegmentedRaftLogWorker:Storage Directory /workdir/hadoop-ozone/integration-test/target/test-dir/MiniOzoneClusterImpl-dff33e01-b2b8-4087-89b9-ab66c11044e2/datanode-2/data/ratis/1c18ae3a-5a40-4df9-a33f-4304eb831ac3] INFO  segmented.SegmentedRaftLogWorker (SegmentedRaftLogWorker.java:run(313)) - a5b00b79-c734-41b7-9619-32717c8abca8-SegmentedRaftLogWorker:Storage Directory /workdir/hadoop-ozone/integration-test/target/test-dir/MiniOzoneClusterImpl-dff33e01-b2b8-4087-89b9-ab66c11044e2/datanode-2/data/ratis/1c18ae3a-5a40-4df9-a33f-4304eb831ac3 was interrupted, exiting. There are 0 tasks remaining in the queue.
2019-08-28 15:28:45,339 [main] INFO  segmented.SegmentedRaftLogWorker (SegmentedRaftLogWorker.java:close(228)) - a5b00b79-c734-41b7-9619-32717c8abca8-SegmentedRaftLogWorker:Storage Directory /workdir/hadoop-ozone/integration-test/target/test-dir/MiniOzoneClusterImpl-dff33e01-b2b8-4087-89b9-ab66c11044e2/datanode-2/data/ratis/1c18ae3a-5a40-4df9-a33f-4304eb831ac3 close()
2019-08-28 15:28:45,341 [main] INFO  impl.RaftServerImpl (RaftServerImpl.java:lambda$shutdown$3(245)) - a5b00b79-c734-41b7-9619-32717c8abca8: shutdown group-820DEEB479C9
2019-08-28 15:28:45,342 [main] INFO  util.JmxRegister (JmxRegister.java:unregister(73)) - Successfully un-registered JMX Bean with object name Ratis:service=RaftServer,group=group-820DEEB479C9,id=a5b00b79-c734-41b7-9619-32717c8abca8
2019-08-28 15:28:45,342 [main] INFO  impl.RoleInfo (RoleInfo.java:shutdownLeaderState(104)) - a5b00b79-c734-41b7-9619-32717c8abca8: shutdown LeaderState
2019-08-28 15:28:45,345 [main] INFO  impl.PendingRequests (PendingRequests.java:sendNotLeaderResponses(202)) - a5b00b79-c734-41b7-9619-32717c8abca8-PendingRequests: sendNotLeaderResponses
2019-08-28 15:28:45,345 [org.apache.ratis.server.impl.LogAppender$AppenderDaemon$$Lambda$489/1341556775@3d6f8c35] WARN  server.GrpcLogAppender (GrpcLogAppender.java:mayWait(143)) - GrpcLogAppender(a5b00b79-c734-41b7-9619-32717c8abca8->e083f44d-f6d5-42ec-804b-f102740a8909): Wait interrupted by java.lang.InterruptedException
2019-08-28 15:28:45,345 [org.apache.ratis.server.impl.LogAppender$AppenderDaemon$$Lambda$489/1341556775@786d0d5c] WARN  server.GrpcLogAppender (GrpcLogAppender.java:mayWait(143)) - GrpcLogAppender(a5b00b79-c734-41b7-9619-32717c8abca8->c88de438-deef-4f9f-8cec-a54281b0c8d4): Wait interrupted by java.lang.InterruptedException
2019-08-28 15:28:45,348 [grpc-default-executor-0] INFO  server.GrpcServerProtocolService (GrpcServerProtocolService.java:onCompleted(104)) - e083f44d-f6d5-42ec-804b-f102740a8909: appendEntries completed
2019-08-28 15:28:45,348 [grpc-default-executor-3] INFO  server.GrpcServerProtocolService (GrpcServerProtocolService.java:onCompleted(104)) - c88de438-deef-4f9f-8cec-a54281b0c8d4: appendEntries completed
2019-08-28 15:28:45,348 [grpc-default-executor-6] INFO  server.GrpcLogAppender (GrpcLogAppender.java:onCompleted(292)) - a5b00b79-c734-41b7-9619-32717c8abca8->e083f44d-f6d5-42ec-804b-f102740a8909: follower responses appendEntries COMPLETED
2019-08-28 15:28:45,348 [grpc-default-executor-3] INFO  server.GrpcLogAppender (GrpcLogAppender.java:onCompleted(292)) - a5b00b79-c734-41b7-9619-32717c8abca8->c88de438-deef-4f9f-8cec-a54281b0c8d4: follower responses appendEntries COMPLETED
2019-08-28 15:28:45,348 [grpc-default-executor-6] INFO  impl.FollowerInfo (FollowerInfo.java:lambda$new$0(50)) - a5b00b79-c734-41b7-9619-32717c8abca8->e083f44d-f6d5-42ec-804b-f102740a8909: nextIndex: updateUnconditionally 17 -> 16
2019-08-28 15:28:45,348 [StateMachineUpdater:a5b00b79-c734-41b7-9619-32717c8abca8:group-820DEEB479C9] INFO  ratis.ContainerStateMachine (ContainerStateMachine.java:takeSnapshot(283)) - group-820DEEB479C9: Taking a snapshot at:(t:1, i:14) file /workdir/hadoop-ozone/integration-test/target/test-dir/MiniOzoneClusterImpl-dff33e01-b2b8-4087-89b9-ab66c11044e2/datanode-2/data/ratis/21f703fd-59f3-40d5-a518-820deeb479c9/sm/snapshot.1_14
2019-08-28 15:28:45,348 [main] INFO  impl.StateMachineUpdater (StateMachineUpdater.java:stopAndJoin(115)) - StateMachineUpdater:a5b00b79-c734-41b7-9619-32717c8abca8:group-820DEEB479C9: set stopIndex = 16
2019-08-28 15:28:45,348 [grpc-default-executor-3] INFO  impl.FollowerInfo (FollowerInfo.java:lambda$new$0(50)) - a5b00b79-c734-41b7-9619-32717c8abca8->c88de438-deef-4f9f-8cec-a54281b0c8d4: nextIndex: updateUnconditionally 17 -> 16
2019-08-28 15:28:45,355 [StateMachineUpdater:a5b00b79-c734-41b7-9619-32717c8abca8:group-820DEEB479C9] INFO  ratis.ContainerStateMachine (ContainerStateMachine.java:takeSnapshot(294)) - group-820DEEB479C9: Finished taking a snapshot at:(t:1, i:14) file:/workdir/hadoop-ozone/integration-test/target/test-dir/MiniOzoneClusterImpl-dff33e01-b2b8-4087-89b9-ab66c11044e2/datanode-2/data/ratis/21f703fd-59f3-40d5-a518-820deeb479c9/sm/snapshot.1_14 time:7
2019-08-28 15:28:45,356 [StateMachineUpdater:a5b00b79-c734-41b7-9619-32717c8abca8:group-820DEEB479C9] INFO  impl.StateMachineUpdater (StateMachineUpdater.java:takeSnapshot(242)) - StateMachineUpdater:a5b00b79-c734-41b7-9619-32717c8abca8:group-820DEEB479C9: Took a snapshot at index 14
2019-08-28 15:28:45,356 [StateMachineUpdater:a5b00b79-c734-41b7-9619-32717c8abca8:group-820DEEB479C9] INFO  impl.StateMachineUpdater (StateMachineUpdater.java:lambda$new$0(80)) - StateMachineUpdater:a5b00b79-c734-41b7-9619-32717c8abca8:group-820DEEB479C9: snapshotIndex: updateIncreasingly -1 -> 14
2019-08-28 15:28:45,356 [main] INFO  impl.RaftServerImpl (ServerState.java:close(394)) - a5b00b79-c734-41b7-9619-32717c8abca8:group-820DEEB479C9 closes. The last applied log index is 16
2019-08-28 15:28:45,357 [a5b00b79-c734-41b7-9619-32717c8abca8-SegmentedRaftLogWorker:Storage Directory /workdir/hadoop-ozone/integration-test/target/test-dir/MiniOzoneClusterImpl-dff33e01-b2b8-4087-89b9-ab66c11044e2/datanode-2/data/ratis/21f703fd-59f3-40d5-a518-820deeb479c9] INFO  segmented.SegmentedRaftLogWorker (SegmentedRaftLogWorker.java:run(313)) - a5b00b79-c734-41b7-9619-32717c8abca8-SegmentedRaftLogWorker:Storage Directory /workdir/hadoop-ozone/integration-test/target/test-dir/MiniOzoneClusterImpl-dff33e01-b2b8-4087-89b9-ab66c11044e2/datanode-2/data/ratis/21f703fd-59f3-40d5-a518-820deeb479c9 was interrupted, exiting. There are 0 tasks remaining in the queue.
2019-08-28 15:28:45,358 [main] INFO  segmented.SegmentedRaftLogWorker (SegmentedRaftLogWorker.java:close(228)) - a5b00b79-c734-41b7-9619-32717c8abca8-SegmentedRaftLogWorker:Storage Directory /workdir/hadoop-ozone/integration-test/target/test-dir/MiniOzoneClusterImpl-dff33e01-b2b8-4087-89b9-ab66c11044e2/datanode-2/data/ratis/21f703fd-59f3-40d5-a518-820deeb479c9 close()
2019-08-28 15:28:45,361 [main] INFO  server.GrpcService (GrpcService.java:closeImpl(155)) - a5b00b79-c734-41b7-9619-32717c8abca8: shutdown server with port 36297 now
2019-08-28 15:28:45,361 [grpc-default-executor-6] WARN  client.GrpcClientProtocolService (LogUtils.java:warn(134)) - 2-UnorderedRequestStreamObserver2: onError: org.apache.ratis.thirdparty.io.grpc.StatusRuntimeException: CANCELLED: cancelled before receiving half close
2019-08-28 15:28:45,363 [main] INFO  server.GrpcService (GrpcService.java:closeImpl(163)) - a5b00b79-c734-41b7-9619-32717c8abca8: shutdown server with port 36297 successfully
2019-08-28 15:28:45,364 [main] INFO  utils.BackgroundService (BackgroundService.java:shutdown(148)) - Shutting down service BlockDeletingService
2019-08-28 15:28:45,367 [refreshUsed-/workdir/hadoop-ozone/integration-test/target/test-dir/MiniOzoneClusterImpl-dff33e01-b2b8-4087-89b9-ab66c11044e2/datanode-2/data/containers] WARN  fs.CachingGetSpaceUsed (CachingGetSpaceUsed.java:run(183)) - Thread Interrupted waiting to refresh disk information: sleep interrupted
2019-08-28 15:28:45,391 [main] INFO  statemachine.DatanodeStateMachine (DatanodeStateMachine.java:stopDaemon(395)) - Ozone container server stopped.
2019-08-28 15:28:45,392 [main] INFO  handler.ContextHandler (ContextHandler.java:doStop(910)) - Stopped o.e.j.w.WebAppContext@2fc51562{/,null,UNAVAILABLE}{/hddsDatanode}
2019-08-28 15:28:45,393 [main] INFO  server.AbstractConnector (AbstractConnector.java:doStop(318)) - Stopped ServerConnector@3f2f6818{HTTP/1.1,[http/1.1]}{0.0.0.0:0}
2019-08-28 15:28:45,393 [main] INFO  handler.ContextHandler (ContextHandler.java:doStop(910)) - Stopped o.e.j.s.ServletContextHandler@7b0a69b9{/static,jar:file:/home/user/.m2/repository/org/apache/hadoop/hadoop-hdds-container-service/0.5.0-SNAPSHOT/hadoop-hdds-container-service-0.5.0-SNAPSHOT.jar!/webapps/static,UNAVAILABLE}
2019-08-28 15:28:45,394 [main] INFO  handler.ContextHandler (ContextHandler.java:doStop(910)) - Stopped o.e.j.s.ServletContextHandler@6921ce3f{/logs,file:///workdir/hadoop-ozone/integration-test/target/log,UNAVAILABLE}
2019-08-28 15:28:45,446 | INFO  | SCMAudit | user=jenkins1000 | ip=192.168.5.160 | op=SEND_HEARTBEAT {datanodeUUID=c9e8e19f-54bf-4369-bbaf-73beb462e187, command=[]} | ret=SUCCESS |  
2019-08-28 15:28:45,626 | INFO  | SCMAudit | user=jenkins1000 | ip=192.168.5.160 | op=SEND_HEARTBEAT {datanodeUUID=042a280f-dfd9-45c4-b133-20205c7d6255, command=[]} | ret=SUCCESS |  
2019-08-28 15:28:45,882 | INFO  | SCMAudit | user=jenkins1000 | ip=192.168.5.160 | op=SEND_HEARTBEAT {datanodeUUID=a6c0da75-1d5f-401d-9e51-895df67a2909, command=[]} | ret=SUCCESS |  
2019-08-28 15:28:46,128 | INFO  | SCMAudit | user=jenkins1000 | ip=192.168.5.160 | op=SEND_HEARTBEAT {datanodeUUID=c88de438-deef-4f9f-8cec-a54281b0c8d4, command=[commandType: closeContainerCommand closeContainerCommandProto { containerID: 1 pipelineID { id: "21f703fd-59f3-40d5-a518-820deeb479c9" } cmdId: 1 force: false } ]} | ret=SUCCESS |  
2019-08-28 15:28:46,128 | INFO  | SCMAudit | user=jenkins1000 | ip=192.168.5.160 | op=SEND_HEARTBEAT {datanodeUUID=e083f44d-f6d5-42ec-804b-f102740a8909, command=[commandType: closeContainerCommand closeContainerCommandProto { containerID: 1 pipelineID { id: "21f703fd-59f3-40d5-a518-820deeb479c9" } cmdId: 1 force: false } ]} | ret=SUCCESS |  
2019-08-28 15:28:46,264 | INFO  | SCMAudit | user=jenkins1000 | ip=192.168.5.160 | op=SEND_HEARTBEAT {datanodeUUID=96ef22e8-7a4e-4fe1-adeb-c5b0ceb08246, command=[]} | ret=SUCCESS |  
2019-08-28 15:28:46,446 | INFO  | SCMAudit | user=jenkins1000 | ip=192.168.5.160 | op=SEND_HEARTBEAT {datanodeUUID=c9e8e19f-54bf-4369-bbaf-73beb462e187, command=[]} | ret=SUCCESS |  
2019-08-28 15:28:46,626 | INFO  | SCMAudit | user=jenkins1000 | ip=192.168.5.160 | op=SEND_HEARTBEAT {datanodeUUID=042a280f-dfd9-45c4-b133-20205c7d6255, command=[]} | ret=SUCCESS |  
2019-08-28 15:28:46,882 | INFO  | SCMAudit | user=jenkins1000 | ip=192.168.5.160 | op=SEND_HEARTBEAT {datanodeUUID=a6c0da75-1d5f-401d-9e51-895df67a2909, command=[]} | ret=SUCCESS |  
2019-08-28 15:28:47,128 | INFO  | SCMAudit | user=jenkins1000 | ip=192.168.5.160 | op=SEND_HEARTBEAT {datanodeUUID=e083f44d-f6d5-42ec-804b-f102740a8909, command=[]} | ret=SUCCESS |  
2019-08-28 15:28:47,128 | INFO  | SCMAudit | user=jenkins1000 | ip=192.168.5.160 | op=SEND_HEARTBEAT {datanodeUUID=c88de438-deef-4f9f-8cec-a54281b0c8d4, command=[]} | ret=SUCCESS |  
2019-08-28 15:28:47,145 | INFO  | SCMAudit | user=jenkins1000 | ip=192.168.5.160 | op=SEND_HEARTBEAT {datanodeUUID=c88de438-deef-4f9f-8cec-a54281b0c8d4, command=[]} | ret=SUCCESS |  
2019-08-28 15:28:47,145 | INFO  | SCMAudit | user=jenkins1000 | ip=192.168.5.160 | op=SEND_HEARTBEAT {datanodeUUID=e083f44d-f6d5-42ec-804b-f102740a8909, command=[]} | ret=SUCCESS |  
2019-08-28 15:28:47,264 | INFO  | SCMAudit | user=jenkins1000 | ip=192.168.5.160 | op=SEND_HEARTBEAT {datanodeUUID=96ef22e8-7a4e-4fe1-adeb-c5b0ceb08246, command=[]} | ret=SUCCESS |  
2019-08-28 15:28:47,407 [grpc-default-executor-3] INFO  client.GrpcClientProtocolClient (GrpcClientProtocolClient.java:onNext(255)) - client-930A35D83D8F->e083f44d-f6d5-42ec-804b-f102740a8909: receive RaftClientReply:client-930A35D83D8F->e083f44d-f6d5-42ec-804b-f102740a8909@group-820DEEB479C9, cid=184, FAILED org.apache.ratis.protocol.NotLeaderException: Server e083f44d-f6d5-42ec-804b-f102740a8909 is not the leader (a5b00b79-c734-41b7-9619-32717c8abca8:192.168.5.160:36297). Request must be sent to leader., logIndex=0, commits[e083f44d-f6d5-42ec-804b-f102740a8909:c16, c88de438-deef-4f9f-8cec-a54281b0c8d4:c16, a5b00b79-c734-41b7-9619-32717c8abca8:c16]
2019-08-28 15:28:47,446 | INFO  | SCMAudit | user=jenkins1000 | ip=192.168.5.160 | op=SEND_HEARTBEAT {datanodeUUID=c9e8e19f-54bf-4369-bbaf-73beb462e187, command=[]} | ret=SUCCESS |  
2019-08-28 15:28:47,628 | INFO  | SCMAudit | user=jenkins1000 | ip=192.168.5.160 | op=SEND_HEARTBEAT {datanodeUUID=042a280f-dfd9-45c4-b133-20205c7d6255, command=[]} | ret=SUCCESS |  
2019-08-28 15:28:47,882 | INFO  | SCMAudit | user=jenkins1000 | ip=192.168.5.160 | op=SEND_HEARTBEAT {datanodeUUID=a6c0da75-1d5f-401d-9e51-895df67a2909, command=[]} | ret=SUCCESS |  
2019-08-28 15:28:48,145 | INFO  | SCMAudit | user=jenkins1000 | ip=192.168.5.160 | op=SEND_HEARTBEAT {datanodeUUID=e083f44d-f6d5-42ec-804b-f102740a8909, command=[]} | ret=SUCCESS |  
2019-08-28 15:28:48,145 | INFO  | SCMAudit | user=jenkins1000 | ip=192.168.5.160 | op=SEND_HEARTBEAT {datanodeUUID=c88de438-deef-4f9f-8cec-a54281b0c8d4, command=[]} | ret=SUCCESS |  
2019-08-28 15:28:48,264 | INFO  | SCMAudit | user=jenkins1000 | ip=192.168.5.160 | op=SEND_HEARTBEAT {datanodeUUID=96ef22e8-7a4e-4fe1-adeb-c5b0ceb08246, command=[]} | ret=SUCCESS |  
2019-08-28 15:28:48,421 [grpc-default-executor-3] INFO  client.GrpcClientProtocolClient (GrpcClientProtocolClient.java:onNext(255)) - client-930A35D83D8F->e083f44d-f6d5-42ec-804b-f102740a8909: receive RaftClientReply:client-930A35D83D8F->e083f44d-f6d5-42ec-804b-f102740a8909@group-820DEEB479C9, cid=184, FAILED org.apache.ratis.protocol.NotLeaderException: Server e083f44d-f6d5-42ec-804b-f102740a8909 is not the leader (a5b00b79-c734-41b7-9619-32717c8abca8:192.168.5.160:36297). Request must be sent to leader., logIndex=0, commits[e083f44d-f6d5-42ec-804b-f102740a8909:c16, c88de438-deef-4f9f-8cec-a54281b0c8d4:c16, a5b00b79-c734-41b7-9619-32717c8abca8:c16]
2019-08-28 15:28:48,446 | INFO  | SCMAudit | user=jenkins1000 | ip=192.168.5.160 | op=SEND_HEARTBEAT {datanodeUUID=c9e8e19f-54bf-4369-bbaf-73beb462e187, command=[]} | ret=SUCCESS |  
2019-08-28 15:28:48,628 | INFO  | SCMAudit | user=jenkins1000 | ip=192.168.5.160 | op=SEND_HEARTBEAT {datanodeUUID=042a280f-dfd9-45c4-b133-20205c7d6255, command=[]} | ret=SUCCESS |  
2019-08-28 15:28:48,882 | INFO  | SCMAudit | user=jenkins1000 | ip=192.168.5.160 | op=SEND_HEARTBEAT {datanodeUUID=a6c0da75-1d5f-401d-9e51-895df67a2909, command=[]} | ret=SUCCESS |  
2019-08-28 15:28:49,145 | INFO  | SCMAudit | user=jenkins1000 | ip=192.168.5.160 | op=SEND_HEARTBEAT {datanodeUUID=c88de438-deef-4f9f-8cec-a54281b0c8d4, command=[]} | ret=SUCCESS |  
2019-08-28 15:28:49,145 | INFO  | SCMAudit | user=jenkins1000 | ip=192.168.5.160 | op=SEND_HEARTBEAT {datanodeUUID=e083f44d-f6d5-42ec-804b-f102740a8909, command=[]} | ret=SUCCESS |  
2019-08-28 15:28:49,264 | INFO  | SCMAudit | user=jenkins1000 | ip=192.168.5.160 | op=SEND_HEARTBEAT {datanodeUUID=96ef22e8-7a4e-4fe1-adeb-c5b0ceb08246, command=[]} | ret=SUCCESS |  
2019-08-28 15:28:49,442 [grpc-default-executor-6] INFO  client.GrpcClientProtocolClient (GrpcClientProtocolClient.java:onNext(255)) - client-930A35D83D8F->e083f44d-f6d5-42ec-804b-f102740a8909: receive RaftClientReply:client-930A35D83D8F->e083f44d-f6d5-42ec-804b-f102740a8909@group-820DEEB479C9, cid=184, FAILED org.apache.ratis.protocol.NotLeaderException: Server e083f44d-f6d5-42ec-804b-f102740a8909 is not the leader (a5b00b79-c734-41b7-9619-32717c8abca8:192.168.5.160:36297). Request must be sent to leader., logIndex=0, commits[e083f44d-f6d5-42ec-804b-f102740a8909:c16, c88de438-deef-4f9f-8cec-a54281b0c8d4:c16, a5b00b79-c734-41b7-9619-32717c8abca8:c16]
2019-08-28 15:28:49,446 | INFO  | SCMAudit | user=jenkins1000 | ip=192.168.5.160 | op=SEND_HEARTBEAT {datanodeUUID=c9e8e19f-54bf-4369-bbaf-73beb462e187, command=[]} | ret=SUCCESS |  
2019-08-28 15:28:49,628 | INFO  | SCMAudit | user=jenkins1000 | ip=192.168.5.160 | op=SEND_HEARTBEAT {datanodeUUID=042a280f-dfd9-45c4-b133-20205c7d6255, command=[]} | ret=SUCCESS |  
2019-08-28 15:28:49,882 | INFO  | SCMAudit | user=jenkins1000 | ip=192.168.5.160 | op=SEND_HEARTBEAT {datanodeUUID=a6c0da75-1d5f-401d-9e51-895df67a2909, command=[]} | ret=SUCCESS |  
2019-08-28 15:28:50,145 | INFO  | SCMAudit | user=jenkins1000 | ip=192.168.5.160 | op=SEND_HEARTBEAT {datanodeUUID=c88de438-deef-4f9f-8cec-a54281b0c8d4, command=[]} | ret=SUCCESS |  
2019-08-28 15:28:50,146 | INFO  | SCMAudit | user=jenkins1000 | ip=192.168.5.160 | op=SEND_HEARTBEAT {datanodeUUID=e083f44d-f6d5-42ec-804b-f102740a8909, command=[]} | ret=SUCCESS |  
2019-08-28 15:28:50,264 | INFO  | SCMAudit | user=jenkins1000 | ip=192.168.5.160 | op=SEND_HEARTBEAT {datanodeUUID=96ef22e8-7a4e-4fe1-adeb-c5b0ceb08246, command=[]} | ret=SUCCESS |  
2019-08-28 15:28:50,446 | INFO  | SCMAudit | user=jenkins1000 | ip=192.168.5.160 | op=SEND_HEARTBEAT {datanodeUUID=c9e8e19f-54bf-4369-bbaf-73beb462e187, command=[]} | ret=SUCCESS |  
2019-08-28 15:28:50,456 [grpc-default-executor-0] INFO  client.GrpcClientProtocolClient (GrpcClientProtocolClient.java:onNext(255)) - client-930A35D83D8F->c88de438-deef-4f9f-8cec-a54281b0c8d4: receive RaftClientReply:client-930A35D83D8F->c88de438-deef-4f9f-8cec-a54281b0c8d4@group-820DEEB479C9, cid=184, FAILED org.apache.ratis.protocol.NotLeaderException: Server c88de438-deef-4f9f-8cec-a54281b0c8d4 is not the leader (a5b00b79-c734-41b7-9619-32717c8abca8:192.168.5.160:36297). Request must be sent to leader., logIndex=0, commits[c88de438-deef-4f9f-8cec-a54281b0c8d4:c16, e083f44d-f6d5-42ec-804b-f102740a8909:c16, a5b00b79-c734-41b7-9619-32717c8abca8:c16]
2019-08-28 15:28:50,628 | INFO  | SCMAudit | user=jenkins1000 | ip=192.168.5.160 | op=SEND_HEARTBEAT {datanodeUUID=042a280f-dfd9-45c4-b133-20205c7d6255, command=[]} | ret=SUCCESS |  
2019-08-28 15:28:50,882 | INFO  | SCMAudit | user=jenkins1000 | ip=192.168.5.160 | op=SEND_HEARTBEAT {datanodeUUID=a6c0da75-1d5f-401d-9e51-895df67a2909, command=[]} | ret=SUCCESS |  
2019-08-28 15:28:51,145 | INFO  | SCMAudit | user=jenkins1000 | ip=192.168.5.160 | op=SEND_HEARTBEAT {datanodeUUID=c88de438-deef-4f9f-8cec-a54281b0c8d4, command=[]} | ret=SUCCESS |  
2019-08-28 15:28:51,147 | INFO  | SCMAudit | user=jenkins1000 | ip=192.168.5.160 | op=SEND_HEARTBEAT {datanodeUUID=e083f44d-f6d5-42ec-804b-f102740a8909, command=[]} | ret=SUCCESS |  
2019-08-28 15:28:51,264 | INFO  | SCMAudit | user=jenkins1000 | ip=192.168.5.160 | op=SEND_HEARTBEAT {datanodeUUID=96ef22e8-7a4e-4fe1-adeb-c5b0ceb08246, command=[]} | ret=SUCCESS |  
2019-08-28 15:28:51,446 | INFO  | SCMAudit | user=jenkins1000 | ip=192.168.5.160 | op=SEND_HEARTBEAT {datanodeUUID=c9e8e19f-54bf-4369-bbaf-73beb462e187, command=[]} | ret=SUCCESS |  
2019-08-28 15:28:51,468 [grpc-default-executor-3] INFO  client.GrpcClientProtocolClient (GrpcClientProtocolClient.java:onNext(255)) - client-930A35D83D8F->c88de438-deef-4f9f-8cec-a54281b0c8d4: receive RaftClientReply:client-930A35D83D8F->c88de438-deef-4f9f-8cec-a54281b0c8d4@group-820DEEB479C9, cid=184, FAILED org.apache.ratis.protocol.NotLeaderException: Server c88de438-deef-4f9f-8cec-a54281b0c8d4 is not the leader (a5b00b79-c734-41b7-9619-32717c8abca8:192.168.5.160:36297). Request must be sent to leader., logIndex=0, commits[c88de438-deef-4f9f-8cec-a54281b0c8d4:c16, e083f44d-f6d5-42ec-804b-f102740a8909:c16, a5b00b79-c734-41b7-9619-32717c8abca8:c16]
2019-08-28 15:28:51,628 | INFO  | SCMAudit | user=jenkins1000 | ip=192.168.5.160 | op=SEND_HEARTBEAT {datanodeUUID=042a280f-dfd9-45c4-b133-20205c7d6255, command=[]} | ret=SUCCESS |  
2019-08-28 15:28:51,883 | INFO  | SCMAudit | user=jenkins1000 | ip=192.168.5.160 | op=SEND_HEARTBEAT {datanodeUUID=a6c0da75-1d5f-401d-9e51-895df67a2909, command=[]} | ret=SUCCESS |  
2019-08-28 15:28:52,145 | INFO  | SCMAudit | user=jenkins1000 | ip=192.168.5.160 | op=SEND_HEARTBEAT {datanodeUUID=c88de438-deef-4f9f-8cec-a54281b0c8d4, command=[]} | ret=SUCCESS |  
2019-08-28 15:28:52,148 | INFO  | SCMAudit | user=jenkins1000 | ip=192.168.5.160 | op=SEND_HEARTBEAT {datanodeUUID=e083f44d-f6d5-42ec-804b-f102740a8909, command=[]} | ret=SUCCESS |  
2019-08-28 15:28:52,264 | INFO  | SCMAudit | user=jenkins1000 | ip=192.168.5.160 | op=SEND_HEARTBEAT {datanodeUUID=96ef22e8-7a4e-4fe1-adeb-c5b0ceb08246, command=[]} | ret=SUCCESS |  
2019-08-28 15:28:52,447 | INFO  | SCMAudit | user=jenkins1000 | ip=192.168.5.160 | op=SEND_HEARTBEAT {datanodeUUID=c9e8e19f-54bf-4369-bbaf-73beb462e187, command=[]} | ret=SUCCESS |  
2019-08-28 15:28:52,480 [grpc-default-executor-3] INFO  client.GrpcClientProtocolClient (GrpcClientProtocolClient.java:onNext(255)) - client-930A35D83D8F->c88de438-deef-4f9f-8cec-a54281b0c8d4: receive RaftClientReply:client-930A35D83D8F->c88de438-deef-4f9f-8cec-a54281b0c8d4@group-820DEEB479C9, cid=184, FAILED org.apache.ratis.protocol.NotLeaderException: Server c88de438-deef-4f9f-8cec-a54281b0c8d4 is not the leader (a5b00b79-c734-41b7-9619-32717c8abca8:192.168.5.160:36297). Request must be sent to leader., logIndex=0, commits[c88de438-deef-4f9f-8cec-a54281b0c8d4:c16, e083f44d-f6d5-42ec-804b-f102740a8909:c16, a5b00b79-c734-41b7-9619-32717c8abca8:c16]
2019-08-28 15:28:52,628 | INFO  | SCMAudit | user=jenkins1000 | ip=192.168.5.160 | op=SEND_HEARTBEAT {datanodeUUID=042a280f-dfd9-45c4-b133-20205c7d6255, command=[]} | ret=SUCCESS |  
2019-08-28 15:28:52,883 | INFO  | SCMAudit | user=jenkins1000 | ip=192.168.5.160 | op=SEND_HEARTBEAT {datanodeUUID=a6c0da75-1d5f-401d-9e51-895df67a2909, command=[]} | ret=SUCCESS |  
2019-08-28 15:28:53,145 | INFO  | SCMAudit | user=jenkins1000 | ip=192.168.5.160 | op=SEND_HEARTBEAT {datanodeUUID=c88de438-deef-4f9f-8cec-a54281b0c8d4, command=[]} | ret=SUCCESS |  
2019-08-28 15:28:53,148 | INFO  | SCMAudit | user=jenkins1000 | ip=192.168.5.160 | op=SEND_HEARTBEAT {datanodeUUID=e083f44d-f6d5-42ec-804b-f102740a8909, command=[]} | ret=SUCCESS |  
2019-08-28 15:28:53,264 | INFO  | SCMAudit | user=jenkins1000 | ip=192.168.5.160 | op=SEND_HEARTBEAT {datanodeUUID=96ef22e8-7a4e-4fe1-adeb-c5b0ceb08246, command=[]} | ret=SUCCESS |  
2019-08-28 15:28:53,447 | INFO  | SCMAudit | user=jenkins1000 | ip=192.168.5.160 | op=SEND_HEARTBEAT {datanodeUUID=c9e8e19f-54bf-4369-bbaf-73beb462e187, command=[]} | ret=SUCCESS |  
2019-08-28 15:28:53,496 [grpc-default-executor-0] INFO  client.GrpcClientProtocolClient (GrpcClientProtocolClient.java:onNext(255)) - client-930A35D83D8F->c88de438-deef-4f9f-8cec-a54281b0c8d4: receive RaftClientReply:client-930A35D83D8F->c88de438-deef-4f9f-8cec-a54281b0c8d4@group-820DEEB479C9, cid=184, FAILED org.apache.ratis.protocol.NotLeaderException: Server c88de438-deef-4f9f-8cec-a54281b0c8d4 is not the leader (a5b00b79-c734-41b7-9619-32717c8abca8:192.168.5.160:36297). Request must be sent to leader., logIndex=0, commits[c88de438-deef-4f9f-8cec-a54281b0c8d4:c16, e083f44d-f6d5-42ec-804b-f102740a8909:c16, a5b00b79-c734-41b7-9619-32717c8abca8:c16]
2019-08-28 15:28:53,628 | INFO  | SCMAudit | user=jenkins1000 | ip=192.168.5.160 | op=SEND_HEARTBEAT {datanodeUUID=042a280f-dfd9-45c4-b133-20205c7d6255, command=[]} | ret=SUCCESS |  
2019-08-28 15:28:53,883 | INFO  | SCMAudit | user=jenkins1000 | ip=192.168.5.160 | op=SEND_HEARTBEAT {datanodeUUID=a6c0da75-1d5f-401d-9e51-895df67a2909, command=[]} | ret=SUCCESS |  
2019-08-28 15:28:54,145 | INFO  | SCMAudit | user=jenkins1000 | ip=192.168.5.160 | op=SEND_HEARTBEAT {datanodeUUID=c88de438-deef-4f9f-8cec-a54281b0c8d4, command=[]} | ret=SUCCESS |  
2019-08-28 15:28:54,148 | INFO  | SCMAudit | user=jenkins1000 | ip=192.168.5.160 | op=SEND_HEARTBEAT {datanodeUUID=e083f44d-f6d5-42ec-804b-f102740a8909, command=[]} | ret=SUCCESS |  
2019-08-28 15:28:54,265 | INFO  | SCMAudit | user=jenkins1000 | ip=192.168.5.160 | op=SEND_HEARTBEAT {datanodeUUID=96ef22e8-7a4e-4fe1-adeb-c5b0ceb08246, command=[]} | ret=SUCCESS |  
2019-08-28 15:28:54,354 [Thread-3350] INFO  impl.FollowerState (FollowerState.java:run(106)) - e083f44d-f6d5-42ec-804b-f102740a8909:group-820DEEB479C9 changes to CANDIDATE, lastRpcTime:9020, electionTimeout:5016ms
2019-08-28 15:28:54,354 [Thread-3350] INFO  impl.RoleInfo (RoleInfo.java:shutdownFollowerState(121)) - e083f44d-f6d5-42ec-804b-f102740a8909: shutdown FollowerState
2019-08-28 15:28:54,354 [Thread-3350] INFO  impl.RaftServerImpl (RaftServerImpl.java:setRole(171)) - e083f44d-f6d5-42ec-804b-f102740a8909:group-820DEEB479C9 changes role from FOLLOWER to CANDIDATE at term 1 for changeToCandidate
2019-08-28 15:28:54,354 [Thread-3350] INFO  impl.RoleInfo (RoleInfo.java:updateAndGet(143)) - e083f44d-f6d5-42ec-804b-f102740a8909: start LeaderElection
2019-08-28 15:28:54,358 [e083f44d-f6d5-42ec-804b-f102740a8909:group-820DEEB479C9:LeaderElection61] INFO  impl.RaftServerImpl (ServerState.java:setLeader(263)) - e083f44d-f6d5-42ec-804b-f102740a8909:group-820DEEB479C9 change Leader from a5b00b79-c734-41b7-9619-32717c8abca8 to null at term 1 for initElection
2019-08-28 15:28:54,373 [e083f44d-f6d5-42ec-804b-f102740a8909:group-820DEEB479C9:LeaderElection61] INFO  impl.LeaderElection (LeaderElection.java:askForVotes(181)) - e083f44d-f6d5-42ec-804b-f102740a8909:group-820DEEB479C9:LeaderElection61: begin an election at term 2 for 0: [c88de438-deef-4f9f-8cec-a54281b0c8d4:192.168.5.160:43383, e083f44d-f6d5-42ec-804b-f102740a8909:192.168.5.160:44911, a5b00b79-c734-41b7-9619-32717c8abca8:192.168.5.160:36297], old=null
2019-08-28 15:28:54,375 [e083f44d-f6d5-42ec-804b-f102740a8909:group-820DEEB479C9:LeaderElection61] INFO  impl.LeaderElection (LogUtils.java:infoOrTrace(149)) - e083f44d-f6d5-42ec-804b-f102740a8909:group-820DEEB479C9:LeaderElection61 got exception when requesting votes: {}
java.util.concurrent.ExecutionException: org.apache.ratis.thirdparty.io.grpc.StatusRuntimeException: UNAVAILABLE: io exception
	at java.util.concurrent.FutureTask.report(FutureTask.java:122)
	at java.util.concurrent.FutureTask.get(FutureTask.java:192)
	at org.apache.ratis.server.impl.LeaderElection.waitForResults(LeaderElection.java:262)
	at org.apache.ratis.server.impl.LeaderElection.askForVotes(LeaderElection.java:200)
	at org.apache.ratis.server.impl.LeaderElection.run(LeaderElection.java:130)
	at java.lang.Thread.run(Thread.java:748)
Caused by: org.apache.ratis.thirdparty.io.grpc.StatusRuntimeException: UNAVAILABLE: io exception
	at org.apache.ratis.thirdparty.io.grpc.stub.ClientCalls.toStatusRuntimeException(ClientCalls.java:233)
	at org.apache.ratis.thirdparty.io.grpc.stub.ClientCalls.getUnchecked(ClientCalls.java:214)
	at org.apache.ratis.thirdparty.io.grpc.stub.ClientCalls.blockingUnaryCall(ClientCalls.java:139)
	at org.apache.ratis.proto.grpc.RaftServerProtocolServiceGrpc$RaftServerProtocolServiceBlockingStub.requestVote(RaftServerProtocolServiceGrpc.java:265)
	at org.apache.ratis.grpc.server.GrpcServerProtocolClient.requestVote(GrpcServerProtocolClient.java:83)
	at org.apache.ratis.grpc.server.GrpcService.requestVote(GrpcService.java:195)
	at org.apache.ratis.server.impl.LeaderElection.lambda$submitRequests$1(LeaderElection.java:237)
	at java.util.concurrent.FutureTask.run(FutureTask.java:266)
	at java.util.concurrent.Executors$RunnableAdapter.call(Executors.java:511)
	at java.util.concurrent.FutureTask.run(FutureTask.java:266)
	at java.util.concurrent.ThreadPoolExecutor.runWorker(ThreadPoolExecutor.java:1149)
	at java.util.concurrent.ThreadPoolExecutor$Worker.run(ThreadPoolExecutor.java:624)
	... 1 more
Caused by: org.apache.ratis.thirdparty.io.netty.channel.AbstractChannel$AnnotatedConnectException: Connection refused: /192.168.5.160:36297
	at sun.nio.ch.SocketChannelImpl.checkConnect(Native Method)
	at sun.nio.ch.SocketChannelImpl.finishConnect(SocketChannelImpl.java:717)
	at org.apache.ratis.thirdparty.io.netty.channel.socket.nio.NioSocketChannel.doFinishConnect(NioSocketChannel.java:327)
	at org.apache.ratis.thirdparty.io.netty.channel.nio.AbstractNioChannel$AbstractNioUnsafe.finishConnect(AbstractNioChannel.java:340)
	at org.apache.ratis.thirdparty.io.netty.channel.nio.NioEventLoop.processSelectedKey(NioEventLoop.java:632)
	at org.apache.ratis.thirdparty.io.netty.channel.nio.NioEventLoop.processSelectedKeysOptimized(NioEventLoop.java:579)
	at org.apache.ratis.thirdparty.io.netty.channel.nio.NioEventLoop.processSelectedKeys(NioEventLoop.java:496)
	at org.apache.ratis.thirdparty.io.netty.channel.nio.NioEventLoop.run(NioEventLoop.java:458)
	at org.apache.ratis.thirdparty.io.netty.util.concurrent.SingleThreadEventExecutor$5.run(SingleThreadEventExecutor.java:897)
	at org.apache.ratis.thirdparty.io.netty.util.concurrent.FastThreadLocalRunnable.run(FastThreadLocalRunnable.java:30)
	... 1 more
Caused by: java.net.ConnectException: Connection refused
	... 11 more
2019-08-28 15:28:54,379 [grpc-default-executor-3] INFO  impl.RaftServerImpl (ServerState.java:setLeader(263)) - c88de438-deef-4f9f-8cec-a54281b0c8d4:group-820DEEB479C9 change Leader from a5b00b79-c734-41b7-9619-32717c8abca8 to null at term 2 for updateCurrentTerm
2019-08-28 15:28:54,379 [grpc-default-executor-3] INFO  impl.RaftServerImpl (RaftServerImpl.java:setRole(171)) - c88de438-deef-4f9f-8cec-a54281b0c8d4:group-820DEEB479C9 changes role from FOLLOWER to FOLLOWER at term 2 for recognizeCandidate:e083f44d-f6d5-42ec-804b-f102740a8909
2019-08-28 15:28:54,379 [grpc-default-executor-3] INFO  impl.RoleInfo (RoleInfo.java:shutdownFollowerState(121)) - c88de438-deef-4f9f-8cec-a54281b0c8d4: shutdown FollowerState
2019-08-28 15:28:54,379 [grpc-default-executor-3] INFO  impl.RoleInfo (RoleInfo.java:updateAndGet(143)) - c88de438-deef-4f9f-8cec-a54281b0c8d4: start FollowerState
2019-08-28 15:28:54,380 [Thread-3351] INFO  impl.FollowerState (FollowerState.java:run(114)) - c88de438-deef-4f9f-8cec-a54281b0c8d4: FollowerState was interrupted: java.lang.InterruptedException: sleep interrupted
2019-08-28 15:28:54,398 [e083f44d-f6d5-42ec-804b-f102740a8909:group-820DEEB479C9:LeaderElection61] INFO  impl.LeaderElection (LeaderElection.java:logAndReturn(56)) - e083f44d-f6d5-42ec-804b-f102740a8909:group-820DEEB479C9:LeaderElection61: Election PASSED; received 1 response(s) [e083f44d-f6d5-42ec-804b-f102740a8909<-c88de438-deef-4f9f-8cec-a54281b0c8d4#0:OK-t2] and 1 exception(s); e083f44d-f6d5-42ec-804b-f102740a8909:t2, leader=null, voted=e083f44d-f6d5-42ec-804b-f102740a8909, raftlog=e083f44d-f6d5-42ec-804b-f102740a8909-SegmentedRaftLog:OPENED:c16,f16,i16, conf=0: [c88de438-deef-4f9f-8cec-a54281b0c8d4:192.168.5.160:43383, e083f44d-f6d5-42ec-804b-f102740a8909:192.168.5.160:44911, a5b00b79-c734-41b7-9619-32717c8abca8:192.168.5.160:36297], old=null
2019-08-28 15:28:54,398 [e083f44d-f6d5-42ec-804b-f102740a8909:group-820DEEB479C9:LeaderElection61] INFO  impl.LeaderElection (LogUtils.java:infoOrTrace(149)) -   Exception 0: {}
java.util.concurrent.ExecutionException: org.apache.ratis.thirdparty.io.grpc.StatusRuntimeException: UNAVAILABLE: io exception
	at java.util.concurrent.FutureTask.report(FutureTask.java:122)
	at java.util.concurrent.FutureTask.get(FutureTask.java:192)
	at org.apache.ratis.server.impl.LeaderElection.waitForResults(LeaderElection.java:262)
	at org.apache.ratis.server.impl.LeaderElection.askForVotes(LeaderElection.java:200)
	at org.apache.ratis.server.impl.LeaderElection.run(LeaderElection.java:130)
	at java.lang.Thread.run(Thread.java:748)
Caused by: org.apache.ratis.thirdparty.io.grpc.StatusRuntimeException: UNAVAILABLE: io exception
	at org.apache.ratis.thirdparty.io.grpc.stub.ClientCalls.toStatusRuntimeException(ClientCalls.java:233)
	at org.apache.ratis.thirdparty.io.grpc.stub.ClientCalls.getUnchecked(ClientCalls.java:214)
	at org.apache.ratis.thirdparty.io.grpc.stub.ClientCalls.blockingUnaryCall(ClientCalls.java:139)
	at org.apache.ratis.proto.grpc.RaftServerProtocolServiceGrpc$RaftServerProtocolServiceBlockingStub.requestVote(RaftServerProtocolServiceGrpc.java:265)
	at org.apache.ratis.grpc.server.GrpcServerProtocolClient.requestVote(GrpcServerProtocolClient.java:83)
	at org.apache.ratis.grpc.server.GrpcService.requestVote(GrpcService.java:195)
	at org.apache.ratis.server.impl.LeaderElection.lambda$submitRequests$1(LeaderElection.java:237)
	at java.util.concurrent.FutureTask.run(FutureTask.java:266)
	at java.util.concurrent.Executors$RunnableAdapter.call(Executors.java:511)
	at java.util.concurrent.FutureTask.run(FutureTask.java:266)
	at java.util.concurrent.ThreadPoolExecutor.runWorker(ThreadPoolExecutor.java:1149)
	at java.util.concurrent.ThreadPoolExecutor$Worker.run(ThreadPoolExecutor.java:624)
	... 1 more
Caused by: org.apache.ratis.thirdparty.io.netty.channel.AbstractChannel$AnnotatedConnectException: Connection refused: /192.168.5.160:36297
	at sun.nio.ch.SocketChannelImpl.checkConnect(Native Method)
	at sun.nio.ch.SocketChannelImpl.finishConnect(SocketChannelImpl.java:717)
	at org.apache.ratis.thirdparty.io.netty.channel.socket.nio.NioSocketChannel.doFinishConnect(NioSocketChannel.java:327)
	at org.apache.ratis.thirdparty.io.netty.channel.nio.AbstractNioChannel$AbstractNioUnsafe.finishConnect(AbstractNioChannel.java:340)
	at org.apache.ratis.thirdparty.io.netty.channel.nio.NioEventLoop.processSelectedKey(NioEventLoop.java:632)
	at org.apache.ratis.thirdparty.io.netty.channel.nio.NioEventLoop.processSelectedKeysOptimized(NioEventLoop.java:579)
	at org.apache.ratis.thirdparty.io.netty.channel.nio.NioEventLoop.processSelectedKeys(NioEventLoop.java:496)
	at org.apache.ratis.thirdparty.io.netty.channel.nio.NioEventLoop.run(NioEventLoop.java:458)
	at org.apache.ratis.thirdparty.io.netty.util.concurrent.SingleThreadEventExecutor$5.run(SingleThreadEventExecutor.java:897)
	at org.apache.ratis.thirdparty.io.netty.util.concurrent.FastThreadLocalRunnable.run(FastThreadLocalRunnable.java:30)
	... 1 more
Caused by: java.net.ConnectException: Connection refused
	... 11 more
2019-08-28 15:28:54,399 [e083f44d-f6d5-42ec-804b-f102740a8909:group-820DEEB479C9:LeaderElection61] INFO  impl.RoleInfo (RoleInfo.java:shutdownLeaderElection(134)) - e083f44d-f6d5-42ec-804b-f102740a8909: shutdown LeaderElection
2019-08-28 15:28:54,399 [e083f44d-f6d5-42ec-804b-f102740a8909:group-820DEEB479C9:LeaderElection61] INFO  impl.RaftServerImpl (RaftServerImpl.java:setRole(171)) - e083f44d-f6d5-42ec-804b-f102740a8909:group-820DEEB479C9 changes role from CANDIDATE to LEADER at term 2 for changeToLeader
2019-08-28 15:28:54,399 [e083f44d-f6d5-42ec-804b-f102740a8909:group-820DEEB479C9:LeaderElection61] INFO  impl.RaftServerImpl (ServerState.java:setLeader(263)) - e083f44d-f6d5-42ec-804b-f102740a8909:group-820DEEB479C9 change Leader from null to e083f44d-f6d5-42ec-804b-f102740a8909 at term 2 for becomeLeader, leader elected after 41ms
2019-08-28 15:28:54,400 [e083f44d-f6d5-42ec-804b-f102740a8909:group-820DEEB479C9:LeaderElection61] INFO  server.RaftServerConfigKeys (ConfUtils.java:logGet(43)) - raft.server.staging.catchup.gap = 1000 (default)
2019-08-28 15:28:54,400 [e083f44d-f6d5-42ec-804b-f102740a8909:group-820DEEB479C9:LeaderElection61] INFO  server.RaftServerConfigKeys (ConfUtils.java:logGet(43)) - raft.server.rpc.sleep.time = 25ms (default)
2019-08-28 15:28:54,400 [e083f44d-f6d5-42ec-804b-f102740a8909:group-820DEEB479C9:LeaderElection61] INFO  server.RaftServerConfigKeys (ConfUtils.java:logGet(43)) - raft.server.write.element-limit = 4096 (default)
2019-08-28 15:28:54,401 [e083f44d-f6d5-42ec-804b-f102740a8909:group-820DEEB479C9:LeaderElection61] INFO  server.RaftServerConfigKeys (ConfUtils.java:logGet(43)) - raft.server.watch.timeout = 10s (default)
2019-08-28 15:28:54,401 [e083f44d-f6d5-42ec-804b-f102740a8909:group-820DEEB479C9:LeaderElection61] INFO  server.RaftServerConfigKeys (ConfUtils.java:logGet(43)) - raft.server.watch.timeout.denomination = 1s (default)
2019-08-28 15:28:54,401 [e083f44d-f6d5-42ec-804b-f102740a8909:group-820DEEB479C9:LeaderElection61] INFO  server.RaftServerConfigKeys (ConfUtils.java:logGet(43)) - raft.server.watch.element-limit = 65536 (default)
2019-08-28 15:28:54,401 [e083f44d-f6d5-42ec-804b-f102740a8909:group-820DEEB479C9:LeaderElection61] INFO  server.RaftServerConfigKeys (ConfUtils.java:logGet(43)) - raft.server.log.appender.snapshot.chunk.size.max = 16MB (=16777216) (default)
2019-08-28 15:28:54,402 [e083f44d-f6d5-42ec-804b-f102740a8909:group-820DEEB479C9:LeaderElection61] INFO  server.RaftServerConfigKeys (ConfUtils.java:logGet(43)) - raft.server.log.appender.buffer.byte-limit = 33554432 (custom)
2019-08-28 15:28:54,402 [e083f44d-f6d5-42ec-804b-f102740a8909:group-820DEEB479C9:LeaderElection61] INFO  server.RaftServerConfigKeys (ConfUtils.java:logGet(43)) - raft.server.log.appender.buffer.element-limit = 1 (custom)
2019-08-28 15:28:54,402 [e083f44d-f6d5-42ec-804b-f102740a8909:group-820DEEB479C9:LeaderElection61] INFO  grpc.GrpcConfigKeys$Server (ConfUtils.java:logGet(43)) - raft.grpc.server.leader.outstanding.appends.max = 128 (default)
2019-08-28 15:28:54,403 [e083f44d-f6d5-42ec-804b-f102740a8909:group-820DEEB479C9:LeaderElection61] INFO  server.RaftServerConfigKeys (ConfUtils.java:logGet(43)) - raft.server.rpc.request.timeout = 3000ms (default)
2019-08-28 15:28:54,403 [e083f44d-f6d5-42ec-804b-f102740a8909:group-820DEEB479C9:LeaderElection61] INFO  server.RaftServerConfigKeys (ConfUtils.java:logGet(43)) - raft.server.log.appender.install.snapshot.enabled = false (custom)
2019-08-28 15:28:54,403 [e083f44d-f6d5-42ec-804b-f102740a8909:group-820DEEB479C9:LeaderElection61] INFO  server.RaftServerConfigKeys (ConfUtils.java:logGet(43)) - raft.server.log.appender.snapshot.chunk.size.max = 16MB (=16777216) (default)
2019-08-28 15:28:54,403 [e083f44d-f6d5-42ec-804b-f102740a8909:group-820DEEB479C9:LeaderElection61] INFO  server.RaftServerConfigKeys (ConfUtils.java:logGet(43)) - raft.server.log.appender.buffer.byte-limit = 33554432 (custom)
2019-08-28 15:28:54,404 [e083f44d-f6d5-42ec-804b-f102740a8909:group-820DEEB479C9:LeaderElection61] INFO  server.RaftServerConfigKeys (ConfUtils.java:logGet(43)) - raft.server.log.appender.buffer.element-limit = 1 (custom)
2019-08-28 15:28:54,404 [e083f44d-f6d5-42ec-804b-f102740a8909:group-820DEEB479C9:LeaderElection61] INFO  grpc.GrpcConfigKeys$Server (ConfUtils.java:logGet(43)) - raft.grpc.server.leader.outstanding.appends.max = 128 (default)
2019-08-28 15:28:54,404 [e083f44d-f6d5-42ec-804b-f102740a8909:group-820DEEB479C9:LeaderElection61] INFO  server.RaftServerConfigKeys (ConfUtils.java:logGet(43)) - raft.server.rpc.request.timeout = 3000ms (default)
2019-08-28 15:28:54,405 [e083f44d-f6d5-42ec-804b-f102740a8909:group-820DEEB479C9:LeaderElection61] INFO  server.RaftServerConfigKeys (ConfUtils.java:logGet(43)) - raft.server.log.appender.install.snapshot.enabled = false (custom)
2019-08-28 15:28:54,405 [e083f44d-f6d5-42ec-804b-f102740a8909:group-820DEEB479C9:LeaderElection61] INFO  impl.RoleInfo (RoleInfo.java:updateAndGet(143)) - e083f44d-f6d5-42ec-804b-f102740a8909: start LeaderState
2019-08-28 15:28:54,405 [e083f44d-f6d5-42ec-804b-f102740a8909:group-820DEEB479C9:LeaderElection61] INFO  segmented.SegmentedRaftLogWorker (SegmentedRaftLogWorker.java:rollLogSegment(385)) - e083f44d-f6d5-42ec-804b-f102740a8909-SegmentedRaftLogWorker:Storage Directory /workdir/hadoop-ozone/integration-test/target/test-dir/MiniOzoneClusterImpl-dff33e01-b2b8-4087-89b9-ab66c11044e2/datanode-0/data/ratis/21f703fd-59f3-40d5-a518-820deeb479c9: Rolling segment log-0_16 to index:16
2019-08-28 15:28:54,406 [e083f44d-f6d5-42ec-804b-f102740a8909-SegmentedRaftLogWorker:Storage Directory /workdir/hadoop-ozone/integration-test/target/test-dir/MiniOzoneClusterImpl-dff33e01-b2b8-4087-89b9-ab66c11044e2/datanode-0/data/ratis/21f703fd-59f3-40d5-a518-820deeb479c9] INFO  segmented.SegmentedRaftLogWorker (SegmentedRaftLogWorker.java:execute(526)) - e083f44d-f6d5-42ec-804b-f102740a8909-SegmentedRaftLogWorker:Storage Directory /workdir/hadoop-ozone/integration-test/target/test-dir/MiniOzoneClusterImpl-dff33e01-b2b8-4087-89b9-ab66c11044e2/datanode-0/data/ratis/21f703fd-59f3-40d5-a518-820deeb479c9: Rolled log segment from /workdir/hadoop-ozone/integration-test/target/test-dir/MiniOzoneClusterImpl-dff33e01-b2b8-4087-89b9-ab66c11044e2/datanode-0/data/ratis/21f703fd-59f3-40d5-a518-820deeb479c9/current/log_inprogress_0 to /workdir/hadoop-ozone/integration-test/target/test-dir/MiniOzoneClusterImpl-dff33e01-b2b8-4087-89b9-ab66c11044e2/datanode-0/data/ratis/21f703fd-59f3-40d5-a518-820deeb479c9/current/log_0-16
2019-08-28 15:28:54,407 [e083f44d-f6d5-42ec-804b-f102740a8909:group-820DEEB479C9:LeaderElection61] INFO  impl.RaftServerImpl (ServerState.java:setRaftConf(361)) - e083f44d-f6d5-42ec-804b-f102740a8909:group-820DEEB479C9 set configuration 17: [c88de438-deef-4f9f-8cec-a54281b0c8d4:192.168.5.160:43383, e083f44d-f6d5-42ec-804b-f102740a8909:192.168.5.160:44911, a5b00b79-c734-41b7-9619-32717c8abca8:192.168.5.160:36297], old=null at 17
2019-08-28 15:28:54,407 [grpc-default-executor-3] WARN  server.GrpcLogAppender (LogUtils.java:warn(134)) - e083f44d-f6d5-42ec-804b-f102740a8909->a5b00b79-c734-41b7-9619-32717c8abca8: Failed appendEntries: org.apache.ratis.thirdparty.io.grpc.StatusRuntimeException: UNAVAILABLE: io exception
2019-08-28 15:28:54,407 [grpc-default-executor-3] INFO  impl.FollowerInfo (FollowerInfo.java:lambda$new$0(50)) - e083f44d-f6d5-42ec-804b-f102740a8909->a5b00b79-c734-41b7-9619-32717c8abca8: nextIndex: updateUnconditionally 17 -> 1
2019-08-28 15:28:54,408 [grpc-default-executor-0] INFO  impl.RaftServerImpl (ServerState.java:setLeader(263)) - c88de438-deef-4f9f-8cec-a54281b0c8d4:group-820DEEB479C9 change Leader from null to e083f44d-f6d5-42ec-804b-f102740a8909 at term 2 for appendEntries, leader elected after 28ms
2019-08-28 15:28:54,410 [grpc-default-executor-0] INFO  impl.RaftServerImpl (ServerState.java:setRaftConf(361)) - c88de438-deef-4f9f-8cec-a54281b0c8d4:group-820DEEB479C9 set configuration 17: [c88de438-deef-4f9f-8cec-a54281b0c8d4:192.168.5.160:43383, e083f44d-f6d5-42ec-804b-f102740a8909:192.168.5.160:44911, a5b00b79-c734-41b7-9619-32717c8abca8:192.168.5.160:36297], old=null at 17
2019-08-28 15:28:54,410 [grpc-default-executor-0] INFO  segmented.SegmentedRaftLogWorker (SegmentedRaftLogWorker.java:rollLogSegment(385)) - c88de438-deef-4f9f-8cec-a54281b0c8d4-SegmentedRaftLogWorker:Storage Directory /workdir/hadoop-ozone/integration-test/target/test-dir/MiniOzoneClusterImpl-dff33e01-b2b8-4087-89b9-ab66c11044e2/datanode-1/data/ratis/21f703fd-59f3-40d5-a518-820deeb479c9: Rolling segment log-0_16 to index:16
2019-08-28 15:28:54,411 [c88de438-deef-4f9f-8cec-a54281b0c8d4-SegmentedRaftLogWorker:Storage Directory /workdir/hadoop-ozone/integration-test/target/test-dir/MiniOzoneClusterImpl-dff33e01-b2b8-4087-89b9-ab66c11044e2/datanode-1/data/ratis/21f703fd-59f3-40d5-a518-820deeb479c9] INFO  segmented.SegmentedRaftLogWorker (SegmentedRaftLogWorker.java:execute(526)) - c88de438-deef-4f9f-8cec-a54281b0c8d4-SegmentedRaftLogWorker:Storage Directory /workdir/hadoop-ozone/integration-test/target/test-dir/MiniOzoneClusterImpl-dff33e01-b2b8-4087-89b9-ab66c11044e2/datanode-1/data/ratis/21f703fd-59f3-40d5-a518-820deeb479c9: Rolled log segment from /workdir/hadoop-ozone/integration-test/target/test-dir/MiniOzoneClusterImpl-dff33e01-b2b8-4087-89b9-ab66c11044e2/datanode-1/data/ratis/21f703fd-59f3-40d5-a518-820deeb479c9/current/log_inprogress_0 to /workdir/hadoop-ozone/integration-test/target/test-dir/MiniOzoneClusterImpl-dff33e01-b2b8-4087-89b9-ab66c11044e2/datanode-1/data/ratis/21f703fd-59f3-40d5-a518-820deeb479c9/current/log_0-16
2019-08-28 15:28:54,447 | INFO  | SCMAudit | user=jenkins1000 | ip=192.168.5.160 | op=SEND_HEARTBEAT {datanodeUUID=c9e8e19f-54bf-4369-bbaf-73beb462e187, command=[]} | ret=SUCCESS |  
2019-08-28 15:28:54,459 [e083f44d-f6d5-42ec-804b-f102740a8909-SegmentedRaftLogWorker:Storage Directory /workdir/hadoop-ozone/integration-test/target/test-dir/MiniOzoneClusterImpl-dff33e01-b2b8-4087-89b9-ab66c11044e2/datanode-0/data/ratis/21f703fd-59f3-40d5-a518-820deeb479c9] INFO  segmented.SegmentedRaftLogWorker (SegmentedRaftLogWorker.java:execute(569)) - e083f44d-f6d5-42ec-804b-f102740a8909-SegmentedRaftLogWorker:Storage Directory /workdir/hadoop-ozone/integration-test/target/test-dir/MiniOzoneClusterImpl-dff33e01-b2b8-4087-89b9-ab66c11044e2/datanode-0/data/ratis/21f703fd-59f3-40d5-a518-820deeb479c9: created new log segment /workdir/hadoop-ozone/integration-test/target/test-dir/MiniOzoneClusterImpl-dff33e01-b2b8-4087-89b9-ab66c11044e2/datanode-0/data/ratis/21f703fd-59f3-40d5-a518-820deeb479c9/current/log_inprogress_17
2019-08-28 15:28:54,459 [c88de438-deef-4f9f-8cec-a54281b0c8d4-SegmentedRaftLogWorker:Storage Directory /workdir/hadoop-ozone/integration-test/target/test-dir/MiniOzoneClusterImpl-dff33e01-b2b8-4087-89b9-ab66c11044e2/datanode-1/data/ratis/21f703fd-59f3-40d5-a518-820deeb479c9] INFO  segmented.SegmentedRaftLogWorker (SegmentedRaftLogWorker.java:execute(569)) - c88de438-deef-4f9f-8cec-a54281b0c8d4-SegmentedRaftLogWorker:Storage Directory /workdir/hadoop-ozone/integration-test/target/test-dir/MiniOzoneClusterImpl-dff33e01-b2b8-4087-89b9-ab66c11044e2/datanode-1/data/ratis/21f703fd-59f3-40d5-a518-820deeb479c9: created new log segment /workdir/hadoop-ozone/integration-test/target/test-dir/MiniOzoneClusterImpl-dff33e01-b2b8-4087-89b9-ab66c11044e2/datanode-1/data/ratis/21f703fd-59f3-40d5-a518-820deeb479c9/current/log_inprogress_17
2019-08-28 15:28:54,484 | INFO  | DNAudit | user=null | ip=null | op=READ_CHUNK {blockData=conID: 1 locID: 102695312813391886 bcsId: 0} | ret=SUCCESS |  
2019-08-28 15:28:54,486 [grpc-default-executor-6] WARN  server.GrpcLogAppender (LogUtils.java:warn(134)) - e083f44d-f6d5-42ec-804b-f102740a8909->a5b00b79-c734-41b7-9619-32717c8abca8: Failed appendEntries: org.apache.ratis.thirdparty.io.grpc.StatusRuntimeException: UNAVAILABLE: io exception
2019-08-28 15:28:54,487 [grpc-default-executor-6] INFO  impl.FollowerInfo (FollowerInfo.java:lambda$new$0(50)) - e083f44d-f6d5-42ec-804b-f102740a8909->a5b00b79-c734-41b7-9619-32717c8abca8: nextIndex: updateUnconditionally 2 -> 1
2019-08-28 15:28:54,492 [grpc-default-executor-6] WARN  server.GrpcLogAppender (LogUtils.java:warn(134)) - e083f44d-f6d5-42ec-804b-f102740a8909->a5b00b79-c734-41b7-9619-32717c8abca8: Failed appendEntries: org.apache.ratis.thirdparty.io.grpc.StatusRuntimeException: UNAVAILABLE: io exception
2019-08-28 15:28:54,492 [grpc-default-executor-6] INFO  impl.FollowerInfo (FollowerInfo.java:lambda$new$0(50)) - e083f44d-f6d5-42ec-804b-f102740a8909->a5b00b79-c734-41b7-9619-32717c8abca8: nextIndex: updateUnconditionally 2 -> 1
2019-08-28 15:28:54,504 | ERROR | DNAudit | user=null | ip=null | op=WRITE_CHUNK {blockData=conID: 1 locID: 102695312813391886 bcsId: 14} | ret=FAILURE | org.apache.hadoop.hdds.scm.container.common.helpers.ContainerNotOpenException: Container 1 in CLOSING state
	at org.apache.hadoop.ozone.container.common.impl.HddsDispatcher.validateContainerCommand(HddsDispatcher.java:408)
	at org.apache.hadoop.ozone.container.common.transport.server.ratis.ContainerStateMachine.startTransaction(ContainerStateMachine.java:309) 
2019-08-28 15:28:54,512 [grpc-default-executor-6] INFO  client.GrpcClientProtocolClient (GrpcClientProtocolClient.java:onNext(255)) - client-930A35D83D8F->e083f44d-f6d5-42ec-804b-f102740a8909: receive RaftClientReply:client-930A35D83D8F->e083f44d-f6d5-42ec-804b-f102740a8909@group-820DEEB479C9, cid=184, FAILED org.apache.ratis.protocol.StateMachineException: org.apache.hadoop.hdds.scm.container.common.helpers.ContainerNotOpenException from Server e083f44d-f6d5-42ec-804b-f102740a8909: Container 1 in CLOSING state, logIndex=0, commits[e083f44d-f6d5-42ec-804b-f102740a8909:c18, c88de438-deef-4f9f-8cec-a54281b0c8d4:c17, a5b00b79-c734-41b7-9619-32717c8abca8:c16]
2019-08-28 15:28:54,513 | ERROR | DNAudit | user=null | ip=null | op=WRITE_CHUNK {blockData=conID: 1 locID: 102695312813391886 bcsId: 14} | ret=FAILURE | org.apache.hadoop.hdds.scm.container.common.helpers.ContainerNotOpenException: Container 1 in CLOSING state
	at org.apache.hadoop.ozone.container.common.impl.HddsDispatcher.validateContainerCommand(HddsDispatcher.java:408)
	at org.apache.hadoop.ozone.container.common.transport.server.ratis.ContainerStateMachine.startTransaction(ContainerStateMachine.java:309) 
2019-08-28 15:28:54,518 | ERROR | DNAudit | user=null | ip=null | op=PUT_BLOCK {blockData=[blockId=conID: 1 locID: 102695312813391886 bcsId: 0,size=650]} | ret=FAILURE | org.apache.hadoop.hdds.scm.container.common.helpers.ContainerNotOpenException: Container 1 in CLOSING state
	at org.apache.hadoop.ozone.container.common.impl.HddsDispatcher.validateContainerCommand(HddsDispatcher.java:408)
	at org.apache.hadoop.ozone.container.common.transport.server.ratis.ContainerStateMachine.startTransaction(ContainerStateMachine.java:309) 
2019-08-28 15:28:54,519 [grpc-default-executor-6] INFO  client.GrpcClientProtocolClient (GrpcClientProtocolClient.java:onNext(255)) - client-930A35D83D8F->e083f44d-f6d5-42ec-804b-f102740a8909: receive RaftClientReply:client-930A35D83D8F->e083f44d-f6d5-42ec-804b-f102740a8909@group-820DEEB479C9, cid=185, FAILED org.apache.ratis.protocol.StateMachineException: org.apache.hadoop.hdds.scm.container.common.helpers.ContainerNotOpenException from Server e083f44d-f6d5-42ec-804b-f102740a8909: Container 1 in CLOSING state, logIndex=0, commits[e083f44d-f6d5-42ec-804b-f102740a8909:c18, c88de438-deef-4f9f-8cec-a54281b0c8d4:c17, a5b00b79-c734-41b7-9619-32717c8abca8:c16]
2019-08-28 15:28:54,521 | ERROR | DNAudit | user=null | ip=null | op=WRITE_CHUNK {blockData=conID: 1 locID: 102695312813391886 bcsId: 14} | ret=FAILURE | org.apache.hadoop.hdds.scm.container.common.helpers.ContainerNotOpenException: Container 1 in CLOSING state
	at org.apache.hadoop.ozone.container.common.impl.HddsDispatcher.validateContainerCommand(HddsDispatcher.java:408)
	at org.apache.hadoop.ozone.container.common.transport.server.ratis.ContainerStateMachine.startTransaction(ContainerStateMachine.java:309) 
2019-08-28 15:28:54,524 [grpc-default-executor-0] INFO  client.GrpcClientProtocolClient (GrpcClientProtocolClient.java:onNext(255)) - client-930A35D83D8F->e083f44d-f6d5-42ec-804b-f102740a8909: receive RaftClientReply:client-930A35D83D8F->e083f44d-f6d5-42ec-804b-f102740a8909@group-820DEEB479C9, cid=186, FAILED org.apache.ratis.protocol.StateMachineException: org.apache.hadoop.hdds.scm.container.common.helpers.ContainerNotOpenException from Server e083f44d-f6d5-42ec-804b-f102740a8909: Container 1 in CLOSING state, logIndex=0, commits[e083f44d-f6d5-42ec-804b-f102740a8909:c18, c88de438-deef-4f9f-8cec-a54281b0c8d4:c17, a5b00b79-c734-41b7-9619-32717c8abca8:c16]
2019-08-28 15:28:54,524 | ERROR | DNAudit | user=null | ip=null | op=WRITE_CHUNK {blockData=conID: 1 locID: 102695312813391886 bcsId: 14} | ret=FAILURE | org.apache.hadoop.hdds.scm.container.common.helpers.ContainerNotOpenException: Container 1 in CLOSING state
	at org.apache.hadoop.ozone.container.common.impl.HddsDispatcher.validateContainerCommand(HddsDispatcher.java:408)
	at org.apache.hadoop.ozone.container.common.transport.server.ratis.ContainerStateMachine.startTransaction(ContainerStateMachine.java:309) 
2019-08-28 15:28:54,528 [grpc-default-executor-0] INFO  client.GrpcClientProtocolClient (GrpcClientProtocolClient.java:onNext(255)) - client-930A35D83D8F->e083f44d-f6d5-42ec-804b-f102740a8909: receive RaftClientReply:client-930A35D83D8F->e083f44d-f6d5-42ec-804b-f102740a8909@group-820DEEB479C9, cid=187, FAILED org.apache.ratis.protocol.StateMachineException: org.apache.hadoop.hdds.scm.container.common.helpers.ContainerNotOpenException from Server e083f44d-f6d5-42ec-804b-f102740a8909: Container 1 in CLOSING state, logIndex=0, commits[e083f44d-f6d5-42ec-804b-f102740a8909:c18, c88de438-deef-4f9f-8cec-a54281b0c8d4:c17, a5b00b79-c734-41b7-9619-32717c8abca8:c16]
2019-08-28 15:28:54,527 | ERROR | DNAudit | user=null | ip=null | op=PUT_BLOCK {blockData=[blockId=conID: 1 locID: 102695312813391886 bcsId: 0,size=800]} | ret=FAILURE | org.apache.hadoop.hdds.scm.container.common.helpers.ContainerNotOpenException: Container 1 in CLOSING state
	at org.apache.hadoop.ozone.container.common.impl.HddsDispatcher.validateContainerCommand(HddsDispatcher.java:408)
	at org.apache.hadoop.ozone.container.common.transport.server.ratis.ContainerStateMachine.startTransaction(ContainerStateMachine.java:309) 
2019-08-28 15:28:54,537 [grpc-default-executor-0] INFO  client.GrpcClientProtocolClient (GrpcClientProtocolClient.java:onNext(255)) - client-930A35D83D8F->e083f44d-f6d5-42ec-804b-f102740a8909: receive RaftClientReply:client-930A35D83D8F->e083f44d-f6d5-42ec-804b-f102740a8909@group-820DEEB479C9, cid=188, FAILED org.apache.ratis.protocol.StateMachineException: org.apache.hadoop.hdds.scm.container.common.helpers.ContainerNotOpenException from Server e083f44d-f6d5-42ec-804b-f102740a8909: Container 1 in CLOSING state, logIndex=0, commits[e083f44d-f6d5-42ec-804b-f102740a8909:c18, c88de438-deef-4f9f-8cec-a54281b0c8d4:c17, a5b00b79-c734-41b7-9619-32717c8abca8:c16]
2019-08-28 15:28:54,539 [grpc-default-executor-0] INFO  client.GrpcClientProtocolClient (GrpcClientProtocolClient.java:onNext(255)) - client-930A35D83D8F->e083f44d-f6d5-42ec-804b-f102740a8909: receive RaftClientReply:client-930A35D83D8F->e083f44d-f6d5-42ec-804b-f102740a8909@group-820DEEB479C9, cid=189, FAILED org.apache.ratis.protocol.StateMachineException: org.apache.hadoop.hdds.scm.container.common.helpers.ContainerNotOpenException from Server e083f44d-f6d5-42ec-804b-f102740a8909: Container 1 in CLOSING state, logIndex=0, commits[e083f44d-f6d5-42ec-804b-f102740a8909:c18, c88de438-deef-4f9f-8cec-a54281b0c8d4:c17, a5b00b79-c734-41b7-9619-32717c8abca8:c16]
2019-08-28 15:28:54,568 | INFO  | SCMAudit | user=jenkins1000 | ip=192.168.5.160 | op=ALLOCATE_BLOCK {owner=31868a50-513d-435b-b227-e37e8391ff4f, size=800, type=RATIS, factor=THREE} | ret=SUCCESS |  
2019-08-28 15:28:54,569 | INFO  | OMAudit | user=jenkins1000 | ip=127.0.0.1 | op=ALLOCATE_BLOCK {volume=testblockoutputstream, bucket=testblockoutputstream, key=8afb19a5-9fcb-4809-a528-febb80c080cb, dataSize=0, replicationType=null, replicationFactor=null, keyLocationInfo=null, clientID=102695312813260813} | ret=SUCCESS |  
2019-08-28 15:28:54,579 [grpc-default-executor-0] INFO  client.GrpcClientProtocolClient (GrpcClientProtocolClient.java:onNext(255)) - client-1B308AEA44FE->042a280f-dfd9-45c4-b133-20205c7d6255: receive RaftClientReply:client-1B308AEA44FE->042a280f-dfd9-45c4-b133-20205c7d6255@group-9EBB27045D5D, cid=190, FAILED org.apache.ratis.protocol.NotLeaderException: Server 042a280f-dfd9-45c4-b133-20205c7d6255 is not the leader (96ef22e8-7a4e-4fe1-adeb-c5b0ceb08246:192.168.5.160:36090). Request must be sent to leader., logIndex=0, commits[042a280f-dfd9-45c4-b133-20205c7d6255:c0, c9e8e19f-54bf-4369-bbaf-73beb462e187:c0, 96ef22e8-7a4e-4fe1-adeb-c5b0ceb08246:c0]
2019-08-28 15:28:54,629 | INFO  | SCMAudit | user=jenkins1000 | ip=192.168.5.160 | op=SEND_HEARTBEAT {datanodeUUID=042a280f-dfd9-45c4-b133-20205c7d6255, command=[]} | ret=SUCCESS |  
2019-08-28 15:28:54,731 | INFO  | DNAudit | user=null | ip=null | op=WRITE_CHUNK {blockData=conID: 2 locID: 102695314035048463 bcsId: 0} | ret=SUCCESS |  
2019-08-28 15:28:54,732 | INFO  | SCMAudit | user=jenkins1000 | ip=192.168.5.160 | op=SEND_HEARTBEAT {datanodeUUID=c9e8e19f-54bf-4369-bbaf-73beb462e187, command=[]} | ret=SUCCESS |  
2019-08-28 15:28:54,732 | INFO  | SCMAudit | user=jenkins1000 | ip=192.168.5.160 | op=SEND_HEARTBEAT {datanodeUUID=96ef22e8-7a4e-4fe1-adeb-c5b0ceb08246, command=[]} | ret=SUCCESS |  
2019-08-28 15:28:54,735 | INFO  | DNAudit | user=null | ip=null | op=WRITE_CHUNK {blockData=conID: 2 locID: 102695314035048463 bcsId: 0} | ret=SUCCESS |  
2019-08-28 15:28:54,735 | INFO  | DNAudit | user=null | ip=null | op=WRITE_CHUNK {blockData=conID: 2 locID: 102695314035048463 bcsId: 0} | ret=SUCCESS |  
2019-08-28 15:28:54,736 | INFO  | SCMAudit | user=jenkins1000 | ip=192.168.5.160 | op=SEND_HEARTBEAT {datanodeUUID=042a280f-dfd9-45c4-b133-20205c7d6255, command=[]} | ret=SUCCESS |  
2019-08-28 15:28:54,746 | INFO  | DNAudit | user=null | ip=null | op=WRITE_CHUNK {blockData=conID: 2 locID: 102695314035048463 bcsId: 0} | ret=SUCCESS |  
2019-08-28 15:28:54,762 [grpc-default-executor-0] INFO  client.GrpcClientProtocolClient (GrpcClientProtocolClient.java:onNext(255)) - client-1B308AEA44FE->96ef22e8-7a4e-4fe1-adeb-c5b0ceb08246: receive RaftClientReply:client-1B308AEA44FE->96ef22e8-7a4e-4fe1-adeb-c5b0ceb08246@group-9EBB27045D5D, cid=190, SUCCESS, logIndex=1, commits[96ef22e8-7a4e-4fe1-adeb-c5b0ceb08246:c1, 042a280f-dfd9-45c4-b133-20205c7d6255:c0, c9e8e19f-54bf-4369-bbaf-73beb462e187:c0]
2019-08-28 15:28:54,763 | INFO  | DNAudit | user=null | ip=null | op=WRITE_CHUNK {blockData=conID: 2 locID: 102695314035048463 bcsId: 0} | ret=SUCCESS |  
2019-08-28 15:28:54,763 | INFO  | DNAudit | user=null | ip=null | op=WRITE_CHUNK {blockData=conID: 2 locID: 102695314035048463 bcsId: 0} | ret=SUCCESS |  
2019-08-28 15:28:54,769 | INFO  | DNAudit | user=null | ip=null | op=WRITE_CHUNK {blockData=conID: 2 locID: 102695314035048463 bcsId: 0} | ret=SUCCESS |  
2019-08-28 15:28:54,770 | INFO  | DNAudit | user=null | ip=null | op=WRITE_CHUNK {blockData=conID: 2 locID: 102695314035048463 bcsId: 0} | ret=SUCCESS |  
2019-08-28 15:28:54,770 | INFO  | DNAudit | user=null | ip=null | op=WRITE_CHUNK {blockData=conID: 2 locID: 102695314035048463 bcsId: 0} | ret=SUCCESS |  
2019-08-28 15:28:54,770 | INFO  | DNAudit | user=null | ip=null | op=WRITE_CHUNK {blockData=conID: 2 locID: 102695314035048463 bcsId: 0} | ret=SUCCESS |  
2019-08-28 15:28:54,771 | INFO  | DNAudit | user=null | ip=null | op=WRITE_CHUNK {blockData=conID: 2 locID: 102695314035048463 bcsId: 0} | ret=SUCCESS |  
2019-08-28 15:28:54,771 | INFO  | DNAudit | user=null | ip=null | op=WRITE_CHUNK {blockData=conID: 2 locID: 102695314035048463 bcsId: 0} | ret=SUCCESS |  
2019-08-28 15:28:54,771 | INFO  | DNAudit | user=null | ip=null | op=WRITE_CHUNK {blockData=conID: 2 locID: 102695314035048463 bcsId: 0} | ret=SUCCESS |  
2019-08-28 15:28:54,772 | INFO  | DNAudit | user=null | ip=null | op=WRITE_CHUNK {blockData=conID: 2 locID: 102695314035048463 bcsId: 0} | ret=SUCCESS |  
2019-08-28 15:28:54,773 | INFO  | DNAudit | user=null | ip=null | op=WRITE_CHUNK {blockData=conID: 2 locID: 102695314035048463 bcsId: 0} | ret=SUCCESS |  
2019-08-28 15:28:54,785 | INFO  | DNAudit | user=null | ip=null | op=WRITE_CHUNK {blockData=conID: 2 locID: 102695314035048463 bcsId: 0} | ret=SUCCESS |  
2019-08-28 15:28:54,796 [grpc-default-executor-6] INFO  client.GrpcClientProtocolClient (GrpcClientProtocolClient.java:onNext(255)) - client-1B308AEA44FE->96ef22e8-7a4e-4fe1-adeb-c5b0ceb08246: receive RaftClientReply:client-1B308AEA44FE->96ef22e8-7a4e-4fe1-adeb-c5b0ceb08246@group-9EBB27045D5D, cid=191, SUCCESS, logIndex=3, commits[96ef22e8-7a4e-4fe1-adeb-c5b0ceb08246:c5, 042a280f-dfd9-45c4-b133-20205c7d6255:c2, c9e8e19f-54bf-4369-bbaf-73beb462e187:c2]
2019-08-28 15:28:54,797 | INFO  | DNAudit | user=null | ip=null | op=WRITE_CHUNK {blockData=conID: 2 locID: 102695314035048463 bcsId: 0} | ret=SUCCESS |  
2019-08-28 15:28:54,797 | INFO  | DNAudit | user=null | ip=null | op=WRITE_CHUNK {blockData=conID: 2 locID: 102695314035048463 bcsId: 0} | ret=SUCCESS |  
2019-08-28 15:28:54,851 | INFO  | DNAudit | user=null | ip=null | op=PUT_BLOCK {blockData=[blockId=conID: 2 locID: 102695314035048463 bcsId: 0,size=200]} | ret=SUCCESS |  
2019-08-28 15:28:54,857 | INFO  | DNAudit | user=null | ip=null | op=WRITE_CHUNK {blockData=conID: 2 locID: 102695314035048463 bcsId: 0} | ret=SUCCESS |  
2019-08-28 15:28:54,857 | INFO  | DNAudit | user=null | ip=null | op=WRITE_CHUNK {blockData=conID: 2 locID: 102695314035048463 bcsId: 0} | ret=SUCCESS |  
2019-08-28 15:28:54,858 [grpc-default-executor-6] INFO  client.GrpcClientProtocolClient (GrpcClientProtocolClient.java:onNext(255)) - client-1B308AEA44FE->96ef22e8-7a4e-4fe1-adeb-c5b0ceb08246: receive RaftClientReply:client-1B308AEA44FE->96ef22e8-7a4e-4fe1-adeb-c5b0ceb08246@group-9EBB27045D5D, cid=192, SUCCESS, logIndex=4, commits[96ef22e8-7a4e-4fe1-adeb-c5b0ceb08246:c12, 042a280f-dfd9-45c4-b133-20205c7d6255:c7, c9e8e19f-54bf-4369-bbaf-73beb462e187:c7]
2019-08-28 15:28:54,858 [grpc-default-executor-6] INFO  client.GrpcClientProtocolClient (GrpcClientProtocolClient.java:onNext(255)) - client-1B308AEA44FE->96ef22e8-7a4e-4fe1-adeb-c5b0ceb08246: receive RaftClientReply:client-1B308AEA44FE->96ef22e8-7a4e-4fe1-adeb-c5b0ceb08246@group-9EBB27045D5D, cid=193, SUCCESS, logIndex=5, commits[96ef22e8-7a4e-4fe1-adeb-c5b0ceb08246:c12, 042a280f-dfd9-45c4-b133-20205c7d6255:c7, c9e8e19f-54bf-4369-bbaf-73beb462e187:c7]
2019-08-28 15:28:54,859 [grpc-default-executor-6] INFO  client.GrpcClientProtocolClient (GrpcClientProtocolClient.java:onNext(255)) - client-1B308AEA44FE->96ef22e8-7a4e-4fe1-adeb-c5b0ceb08246: receive RaftClientReply:client-1B308AEA44FE->96ef22e8-7a4e-4fe1-adeb-c5b0ceb08246@group-9EBB27045D5D, cid=194, SUCCESS, logIndex=6, commits[96ef22e8-7a4e-4fe1-adeb-c5b0ceb08246:c12, 042a280f-dfd9-45c4-b133-20205c7d6255:c7, c9e8e19f-54bf-4369-bbaf-73beb462e187:c7]
2019-08-28 15:28:54,880 | INFO  | DNAudit | user=null | ip=null | op=PUT_BLOCK {blockData=[blockId=conID: 2 locID: 102695314035048463 bcsId: 0,size=200]} | ret=SUCCESS |  
2019-08-28 15:28:54,881 | INFO  | DNAudit | user=null | ip=null | op=WRITE_CHUNK {blockData=conID: 2 locID: 102695314035048463 bcsId: 0} | ret=SUCCESS |  
2019-08-28 15:28:54,881 | INFO  | DNAudit | user=null | ip=null | op=WRITE_CHUNK {blockData=conID: 2 locID: 102695314035048463 bcsId: 0} | ret=SUCCESS |  
2019-08-28 15:28:54,883 | INFO  | SCMAudit | user=jenkins1000 | ip=192.168.5.160 | op=SEND_HEARTBEAT {datanodeUUID=a6c0da75-1d5f-401d-9e51-895df67a2909, command=[]} | ret=SUCCESS |  
2019-08-28 15:28:54,915 | INFO  | DNAudit | user=null | ip=null | op=PUT_BLOCK {blockData=[blockId=conID: 2 locID: 102695314035048463 bcsId: 0,size=400]} | ret=SUCCESS |  
2019-08-28 15:28:54,915 | INFO  | DNAudit | user=null | ip=null | op=PUT_BLOCK {blockData=[blockId=conID: 2 locID: 102695314035048463 bcsId: 0,size=400]} | ret=SUCCESS |  
2019-08-28 15:28:54,918 | INFO  | DNAudit | user=null | ip=null | op=PUT_BLOCK {blockData=[blockId=conID: 2 locID: 102695314035048463 bcsId: 0,size=200]} | ret=SUCCESS |  
2019-08-28 15:28:54,919 | INFO  | DNAudit | user=null | ip=null | op=WRITE_CHUNK {blockData=conID: 2 locID: 102695314035048463 bcsId: 0} | ret=SUCCESS |  
2019-08-28 15:28:54,919 | INFO  | DNAudit | user=null | ip=null | op=WRITE_CHUNK {blockData=conID: 2 locID: 102695314035048463 bcsId: 0} | ret=SUCCESS |  
2019-08-28 15:28:54,919 [grpc-default-executor-6] INFO  client.GrpcClientProtocolClient (GrpcClientProtocolClient.java:onNext(255)) - client-1B308AEA44FE->96ef22e8-7a4e-4fe1-adeb-c5b0ceb08246: receive RaftClientReply:client-1B308AEA44FE->96ef22e8-7a4e-4fe1-adeb-c5b0ceb08246@group-9EBB27045D5D, cid=195, SUCCESS, logIndex=7, commits[96ef22e8-7a4e-4fe1-adeb-c5b0ceb08246:c12, 042a280f-dfd9-45c4-b133-20205c7d6255:c7, c9e8e19f-54bf-4369-bbaf-73beb462e187:c7]
2019-08-28 15:28:54,920 | INFO  | DNAudit | user=null | ip=null | op=PUT_BLOCK {blockData=[blockId=conID: 2 locID: 102695314035048463 bcsId: 0,size=400]} | ret=SUCCESS |  
2019-08-28 15:28:54,922 | INFO  | DNAudit | user=null | ip=null | op=WRITE_CHUNK {blockData=conID: 2 locID: 102695314035048463 bcsId: 7} | ret=SUCCESS |  
2019-08-28 15:28:54,924 | INFO  | DNAudit | user=null | ip=null | op=WRITE_CHUNK {blockData=conID: 2 locID: 102695314035048463 bcsId: 7} | ret=SUCCESS |  
2019-08-28 15:28:54,924 | INFO  | DNAudit | user=null | ip=null | op=WRITE_CHUNK {blockData=conID: 2 locID: 102695314035048463 bcsId: 7} | ret=SUCCESS |  
2019-08-28 15:28:54,939 | INFO  | DNAudit | user=null | ip=null | op=WRITE_CHUNK {blockData=conID: 2 locID: 102695314035048463 bcsId: 7} | ret=SUCCESS |  
2019-08-28 15:28:54,940 | INFO  | DNAudit | user=null | ip=null | op=PUT_BLOCK {blockData=[blockId=conID: 2 locID: 102695314035048463 bcsId: 0,size=450]} | ret=SUCCESS |  
2019-08-28 15:28:54,940 [grpc-default-executor-6] INFO  client.GrpcClientProtocolClient (GrpcClientProtocolClient.java:onNext(255)) - client-1B308AEA44FE->96ef22e8-7a4e-4fe1-adeb-c5b0ceb08246: receive RaftClientReply:client-1B308AEA44FE->96ef22e8-7a4e-4fe1-adeb-c5b0ceb08246@group-9EBB27045D5D, cid=196, SUCCESS, logIndex=13, commits[96ef22e8-7a4e-4fe1-adeb-c5b0ceb08246:c14, 042a280f-dfd9-45c4-b133-20205c7d6255:c12, c9e8e19f-54bf-4369-bbaf-73beb462e187:c12]
2019-08-28 15:28:54,941 [grpc-default-executor-6] INFO  client.GrpcClientProtocolClient (GrpcClientProtocolClient.java:onNext(255)) - client-1B308AEA44FE->96ef22e8-7a4e-4fe1-adeb-c5b0ceb08246: receive RaftClientReply:client-1B308AEA44FE->96ef22e8-7a4e-4fe1-adeb-c5b0ceb08246@group-9EBB27045D5D, cid=197, SUCCESS, logIndex=14, commits[96ef22e8-7a4e-4fe1-adeb-c5b0ceb08246:c14, 042a280f-dfd9-45c4-b133-20205c7d6255:c12, c9e8e19f-54bf-4369-bbaf-73beb462e187:c12]
2019-08-28 15:28:54,951 | INFO  | DNAudit | user=null | ip=null | op=WRITE_CHUNK {blockData=conID: 2 locID: 102695314035048463 bcsId: 7} | ret=SUCCESS |  
2019-08-28 15:28:54,952 | INFO  | DNAudit | user=null | ip=null | op=WRITE_CHUNK {blockData=conID: 2 locID: 102695314035048463 bcsId: 7} | ret=SUCCESS |  
2019-08-28 15:28:54,952 | INFO  | DNAudit | user=null | ip=null | op=PUT_BLOCK {blockData=[blockId=conID: 2 locID: 102695314035048463 bcsId: 0,size=450]} | ret=SUCCESS |  
2019-08-28 15:28:54,955 | INFO  | DNAudit | user=null | ip=null | op=PUT_BLOCK {blockData=[blockId=conID: 2 locID: 102695314035048463 bcsId: 0,size=450]} | ret=SUCCESS |  
2019-08-28 15:28:54,956 [grpc-default-executor-6] INFO  client.GrpcClientProtocolClient (GrpcClientProtocolClient.java:onNext(255)) - client-1B308AEA44FE->96ef22e8-7a4e-4fe1-adeb-c5b0ceb08246: receive RaftClientReply:client-1B308AEA44FE->96ef22e8-7a4e-4fe1-adeb-c5b0ceb08246@group-9EBB27045D5D, cid=198, SUCCESS, logIndex=0, commits[96ef22e8-7a4e-4fe1-adeb-c5b0ceb08246:c15, 042a280f-dfd9-45c4-b133-20205c7d6255:c14, c9e8e19f-54bf-4369-bbaf-73beb462e187:c14]
2019-08-28 15:28:54,957 [main] INFO  ozone.MiniOzoneClusterImpl (MiniOzoneClusterImpl.java:shutdown(321)) - Shutting down the Mini Ozone Cluster
2019-08-28 15:28:54,957 | INFO  | SCMAudit | user=null | ip=null | op=GET_SCM_INFO null | ret=SUCCESS |  
2019-08-28 15:28:54,957 [main] INFO  ozone.MiniOzoneClusterImpl (MiniOzoneClusterImpl.java:stop(336)) - Stopping the Mini Ozone Cluster
2019-08-28 15:28:54,957 [main] INFO  ozone.MiniOzoneClusterImpl (MiniOzoneClusterImpl.java:stop(338)) - Stopping the OzoneManager
2019-08-28 15:28:54,957 [main] INFO  ipc.Server (Server.java:stop(3082)) - Stopping server on 40721
2019-08-28 15:28:54,982 [IPC Server listener on 40721] INFO  ipc.Server (Server.java:run(1185)) - Stopping IPC Server listener on 40721
2019-08-28 15:28:54,982 [IPC Server Responder] INFO  ipc.Server (Server.java:run(1319)) - Stopping IPC Server Responder
2019-08-28 15:28:54,982 [main] INFO  ratis.OzoneManagerDoubleBuffer (OzoneManagerDoubleBuffer.java:stop(248)) - Stopping OMDoubleBuffer flush thread
2019-08-28 15:28:54,984 [OMDoubleBufferFlushThread] INFO  ratis.OzoneManagerDoubleBuffer (OzoneManagerDoubleBuffer.java:flushTransactions(191)) - OMDoubleBuffer flush thread OMDoubleBufferFlushThread is interrupted and will exit. OMDoubleBufferFlushThread
2019-08-28 15:28:54,984 [main] INFO  utils.BackgroundService (BackgroundService.java:shutdown(148)) - Shutting down service KeyDeletingService
2019-08-28 15:28:54,985 [main] INFO  handler.ContextHandler (ContextHandler.java:doStop(910)) - Stopped o.e.j.w.WebAppContext@73624529{/,null,UNAVAILABLE}{/ozoneManager}
2019-08-28 15:28:54,986 [main] INFO  server.AbstractConnector (AbstractConnector.java:doStop(318)) - Stopped ServerConnector@31e1c7c{HTTP/1.1,[http/1.1]}{0.0.0.0:0}
2019-08-28 15:28:54,986 [main] INFO  handler.ContextHandler (ContextHandler.java:doStop(910)) - Stopped o.e.j.s.ServletContextHandler@64547a83{/static,file:///workdir/hadoop-ozone/integration-test/target/test-classes/webapps/static,UNAVAILABLE}
2019-08-28 15:28:54,987 [main] INFO  handler.ContextHandler (ContextHandler.java:doStop(910)) - Stopped o.e.j.s.ServletContextHandler@738b93a8{/logs,file:///workdir/hadoop-ozone/integration-test/target/log,UNAVAILABLE}
2019-08-28 15:28:54,989 [main] INFO  ozone.MiniOzoneClusterImpl (MiniOzoneClusterImpl.java:stop(344)) - Shutting the HddsDatanodes
2019-08-28 15:28:54,990 [main] INFO  datanode.ObjectStoreHandler (ObjectStoreHandler.java:close(155)) - Closing ObjectStoreHandler.
2019-08-28 15:28:54,990 [ForkJoinPool.commonPool-worker-0] INFO  datanode.ObjectStoreHandler (ObjectStoreHandler.java:close(155)) - Closing ObjectStoreHandler.
2019-08-28 15:28:54,990 [main] INFO  ozone.HddsDatanodeService (HddsDatanodeService.java:stop(451)) - Stopped plug-in org.apache.hadoop.ozone.web.OzoneHddsDatanodeService@5d956649
2019-08-28 15:28:54,990 [ForkJoinPool.commonPool-worker-0] INFO  ozone.HddsDatanodeService (HddsDatanodeService.java:stop(451)) - Stopped plug-in org.apache.hadoop.ozone.web.OzoneHddsDatanodeService@52811dc1
2019-08-28 15:28:55,146 [Datanode State Machine Thread - 0] INFO  statemachine.DatanodeStateMachine (DatanodeStateMachine.java:lambda$startDaemon$0(350)) - Ozone container server started.
2019-08-28 15:28:55,148 | INFO  | SCMAudit | user=jenkins1000 | ip=192.168.5.160 | op=SEND_HEARTBEAT {datanodeUUID=e083f44d-f6d5-42ec-804b-f102740a8909, command=[]} | ret=SUCCESS |  
2019-08-28 15:28:55,729 [Datanode State Machine Thread - 0] INFO  statemachine.DatanodeStateMachine (DatanodeStateMachine.java:lambda$startDaemon$0(350)) - Ozone container server started.
2019-08-28 15:28:55,729 | INFO  | SCMAudit | user=jenkins1000 | ip=192.168.5.160 | op=SEND_HEARTBEAT {datanodeUUID=96ef22e8-7a4e-4fe1-adeb-c5b0ceb08246, command=[]} | ret=SUCCESS |  
2019-08-28 15:28:55,729 | INFO  | SCMAudit | user=jenkins1000 | ip=192.168.5.160 | op=SEND_HEARTBEAT {datanodeUUID=042a280f-dfd9-45c4-b133-20205c7d6255, command=[]} | ret=SUCCESS |  
2019-08-28 15:28:55,884 | INFO  | SCMAudit | user=jenkins1000 | ip=192.168.5.160 | op=SEND_HEARTBEAT {datanodeUUID=a6c0da75-1d5f-401d-9e51-895df67a2909, command=[]} | ret=SUCCESS |  
2019-08-28 15:28:56,148 | INFO  | SCMAudit | user=jenkins1000 | ip=192.168.5.160 | op=SEND_HEARTBEAT {datanodeUUID=e083f44d-f6d5-42ec-804b-f102740a8909, command=[]} | ret=SUCCESS |  
2019-08-28 15:28:56,729 | INFO  | SCMAudit | user=jenkins1000 | ip=192.168.5.160 | op=SEND_HEARTBEAT {datanodeUUID=96ef22e8-7a4e-4fe1-adeb-c5b0ceb08246, command=[]} | ret=SUCCESS |  
2019-08-28 15:28:56,729 | INFO  | SCMAudit | user=jenkins1000 | ip=192.168.5.160 | op=SEND_HEARTBEAT {datanodeUUID=042a280f-dfd9-45c4-b133-20205c7d6255, command=[]} | ret=SUCCESS |  
2019-08-28 15:28:56,884 | INFO  | SCMAudit | user=jenkins1000 | ip=192.168.5.160 | op=SEND_HEARTBEAT {datanodeUUID=a6c0da75-1d5f-401d-9e51-895df67a2909, command=[]} | ret=SUCCESS |  
2019-08-28 15:28:56,993 [grpc-default-executor-0] WARN  server.GrpcLogAppender (LogUtils.java:warn(134)) - e083f44d-f6d5-42ec-804b-f102740a8909->a5b00b79-c734-41b7-9619-32717c8abca8: Failed appendEntries: org.apache.ratis.thirdparty.io.grpc.StatusRuntimeException: UNAVAILABLE: io exception
2019-08-28 15:28:56,993 [grpc-default-executor-0] INFO  impl.FollowerInfo (FollowerInfo.java:lambda$new$0(50)) - e083f44d-f6d5-42ec-804b-f102740a8909->a5b00b79-c734-41b7-9619-32717c8abca8: nextIndex: updateUnconditionally 1 -> 0
2019-08-28 15:28:57,148 | INFO  | SCMAudit | user=jenkins1000 | ip=192.168.5.160 | op=SEND_HEARTBEAT {datanodeUUID=e083f44d-f6d5-42ec-804b-f102740a8909, command=[]} | ret=SUCCESS |  
2019-08-28 15:28:57,729 | INFO  | SCMAudit | user=jenkins1000 | ip=192.168.5.160 | op=SEND_HEARTBEAT {datanodeUUID=042a280f-dfd9-45c4-b133-20205c7d6255, command=[]} | ret=SUCCESS |  
2019-08-28 15:28:57,729 | INFO  | SCMAudit | user=jenkins1000 | ip=192.168.5.160 | op=SEND_HEARTBEAT {datanodeUUID=96ef22e8-7a4e-4fe1-adeb-c5b0ceb08246, command=[]} | ret=SUCCESS |  
2019-08-28 15:28:57,885 | INFO  | SCMAudit | user=jenkins1000 | ip=192.168.5.160 | op=SEND_HEARTBEAT {datanodeUUID=a6c0da75-1d5f-401d-9e51-895df67a2909, command=[]} | ret=SUCCESS |  
2019-08-28 15:28:58,148 | INFO  | SCMAudit | user=jenkins1000 | ip=192.168.5.160 | op=SEND_HEARTBEAT {datanodeUUID=e083f44d-f6d5-42ec-804b-f102740a8909, command=[]} | ret=SUCCESS |  
2019-08-28 15:28:58,729 | INFO  | SCMAudit | user=jenkins1000 | ip=192.168.5.160 | op=SEND_HEARTBEAT {datanodeUUID=042a280f-dfd9-45c4-b133-20205c7d6255, command=[]} | ret=SUCCESS |  
2019-08-28 15:28:58,730 | INFO  | SCMAudit | user=jenkins1000 | ip=192.168.5.160 | op=SEND_HEARTBEAT {datanodeUUID=96ef22e8-7a4e-4fe1-adeb-c5b0ceb08246, command=[]} | ret=SUCCESS |  
2019-08-28 15:28:58,885 | INFO  | SCMAudit | user=jenkins1000 | ip=192.168.5.160 | op=SEND_HEARTBEAT {datanodeUUID=a6c0da75-1d5f-401d-9e51-895df67a2909, command=[]} | ret=SUCCESS |  
2019-08-28 15:28:59,148 | INFO  | SCMAudit | user=jenkins1000 | ip=192.168.5.160 | op=SEND_HEARTBEAT {datanodeUUID=e083f44d-f6d5-42ec-804b-f102740a8909, command=[]} | ret=SUCCESS |  
2019-08-28 15:28:59,223 [EventQueue-StaleNodeForStaleNodeHandler] INFO  node.StaleNodeHandler (StaleNodeHandler.java:onMessage(58)) - Datanode c88de438-deef-4f9f-8cec-a54281b0c8d4{ip: 192.168.5.160, host: pr-hdds-1950-8p5ww-60544353, networkLocation: /default-rack, certSerialId: null} moved to stale state. Finalizing its pipelines [PipelineID=6d62d139-7e99-4d4f-a812-d0aed32c839f, PipelineID=21f703fd-59f3-40d5-a518-820deeb479c9]
2019-08-28 15:28:59,224 [EventQueue-StaleNodeForStaleNodeHandler] INFO  pipeline.SCMPipelineManager (SCMPipelineManager.java:finalizeAndDestroyPipeline(309)) - destroying pipeline:Pipeline[ Id: 6d62d139-7e99-4d4f-a812-d0aed32c839f, Nodes: c88de438-deef-4f9f-8cec-a54281b0c8d4{ip: 192.168.5.160, host: pr-hdds-1950-8p5ww-60544353, networkLocation: /default-rack, certSerialId: null}, Type:RATIS, Factor:ONE, State:OPEN]
2019-08-28 15:28:59,224 [EventQueue-StaleNodeForStaleNodeHandler] INFO  pipeline.PipelineStateManager (PipelineStateManager.java:finalizePipeline(123)) - Pipeline Pipeline[ Id: 6d62d139-7e99-4d4f-a812-d0aed32c839f, Nodes: c88de438-deef-4f9f-8cec-a54281b0c8d4{ip: 192.168.5.160, host: pr-hdds-1950-8p5ww-60544353, networkLocation: /default-rack, certSerialId: null}, Type:RATIS, Factor:ONE, State:CLOSED] moved to CLOSED state
2019-08-28 15:28:59,224 [EventQueue-StaleNodeForStaleNodeHandler] INFO  pipeline.SCMPipelineManager (SCMPipelineManager.java:finalizeAndDestroyPipeline(309)) - destroying pipeline:Pipeline[ Id: 21f703fd-59f3-40d5-a518-820deeb479c9, Nodes: a5b00b79-c734-41b7-9619-32717c8abca8{ip: 192.168.5.160, host: pr-hdds-1950-8p5ww-60544353, networkLocation: /default-rack, certSerialId: null}e083f44d-f6d5-42ec-804b-f102740a8909{ip: 192.168.5.160, host: pr-hdds-1950-8p5ww-60544353, networkLocation: /default-rack, certSerialId: null}c88de438-deef-4f9f-8cec-a54281b0c8d4{ip: 192.168.5.160, host: pr-hdds-1950-8p5ww-60544353, networkLocation: /default-rack, certSerialId: null}, Type:RATIS, Factor:THREE, State:CLOSED]
2019-08-28 15:28:59,493 [grpc-default-executor-3] WARN  server.GrpcLogAppender (LogUtils.java:warn(134)) - e083f44d-f6d5-42ec-804b-f102740a8909->a5b00b79-c734-41b7-9619-32717c8abca8: Failed appendEntries: org.apache.ratis.thirdparty.io.grpc.StatusRuntimeException: UNAVAILABLE: io exception
2019-08-28 15:28:59,493 [grpc-default-executor-3] INFO  impl.FollowerInfo (FollowerInfo.java:lambda$new$0(50)) - e083f44d-f6d5-42ec-804b-f102740a8909->a5b00b79-c734-41b7-9619-32717c8abca8: nextIndex: updateUnconditionally 0 -> 0
2019-08-28 15:28:59,729 | INFO  | SCMAudit | user=jenkins1000 | ip=192.168.5.160 | op=SEND_HEARTBEAT {datanodeUUID=042a280f-dfd9-45c4-b133-20205c7d6255, command=[]} | ret=SUCCESS |  
2019-08-28 15:28:59,730 | INFO  | SCMAudit | user=jenkins1000 | ip=192.168.5.160 | op=SEND_HEARTBEAT {datanodeUUID=96ef22e8-7a4e-4fe1-adeb-c5b0ceb08246, command=[]} | ret=SUCCESS |  
2019-08-28 15:28:59,824 [EventQueue-StaleNodeForStaleNodeHandler] INFO  node.StaleNodeHandler (StaleNodeHandler.java:onMessage(58)) - Datanode c9e8e19f-54bf-4369-bbaf-73beb462e187{ip: 192.168.5.160, host: pr-hdds-1950-8p5ww-60544353, networkLocation: /default-rack, certSerialId: null} moved to stale state. Finalizing its pipelines [PipelineID=aa3881ba-6ad8-4797-a4e7-9ebb27045d5d, PipelineID=97044d12-c836-40cc-97a0-bd16d763ba50]
2019-08-28 15:28:59,824 [EventQueue-StaleNodeForStaleNodeHandler] INFO  pipeline.SCMPipelineManager (SCMPipelineManager.java:finalizeAndDestroyPipeline(309)) - destroying pipeline:Pipeline[ Id: aa3881ba-6ad8-4797-a4e7-9ebb27045d5d, Nodes: 042a280f-dfd9-45c4-b133-20205c7d6255{ip: 192.168.5.160, host: pr-hdds-1950-8p5ww-60544353, networkLocation: /default-rack, certSerialId: null}96ef22e8-7a4e-4fe1-adeb-c5b0ceb08246{ip: 192.168.5.160, host: pr-hdds-1950-8p5ww-60544353, networkLocation: /default-rack, certSerialId: null}c9e8e19f-54bf-4369-bbaf-73beb462e187{ip: 192.168.5.160, host: pr-hdds-1950-8p5ww-60544353, networkLocation: /default-rack, certSerialId: null}, Type:RATIS, Factor:THREE, State:OPEN]
2019-08-28 15:28:59,825 [EventQueue-StaleNodeForStaleNodeHandler] INFO  pipeline.PipelineStateManager (PipelineStateManager.java:finalizePipeline(123)) - Pipeline Pipeline[ Id: aa3881ba-6ad8-4797-a4e7-9ebb27045d5d, Nodes: 042a280f-dfd9-45c4-b133-20205c7d6255{ip: 192.168.5.160, host: pr-hdds-1950-8p5ww-60544353, networkLocation: /default-rack, certSerialId: null}96ef22e8-7a4e-4fe1-adeb-c5b0ceb08246{ip: 192.168.5.160, host: pr-hdds-1950-8p5ww-60544353, networkLocation: /default-rack, certSerialId: null}c9e8e19f-54bf-4369-bbaf-73beb462e187{ip: 192.168.5.160, host: pr-hdds-1950-8p5ww-60544353, networkLocation: /default-rack, certSerialId: null}, Type:RATIS, Factor:THREE, State:CLOSED] moved to CLOSED state
2019-08-28 15:28:59,825 [EventQueue-CloseContainerForCloseContainerEventHandler] INFO  container.CloseContainerEventHandler (CloseContainerEventHandler.java:onMessage(61)) - Close container Event triggered for container : #2
2019-08-28 15:28:59,825 [EventQueue-StaleNodeForStaleNodeHandler] INFO  pipeline.SCMPipelineManager (SCMPipelineManager.java:finalizeAndDestroyPipeline(309)) - destroying pipeline:Pipeline[ Id: 97044d12-c836-40cc-97a0-bd16d763ba50, Nodes: c9e8e19f-54bf-4369-bbaf-73beb462e187{ip: 192.168.5.160, host: pr-hdds-1950-8p5ww-60544353, networkLocation: /default-rack, certSerialId: null}, Type:RATIS, Factor:ONE, State:OPEN]
2019-08-28 15:28:59,825 [EventQueue-StaleNodeForStaleNodeHandler] INFO  pipeline.PipelineStateManager (PipelineStateManager.java:finalizePipeline(123)) - Pipeline Pipeline[ Id: 97044d12-c836-40cc-97a0-bd16d763ba50, Nodes: c9e8e19f-54bf-4369-bbaf-73beb462e187{ip: 192.168.5.160, host: pr-hdds-1950-8p5ww-60544353, networkLocation: /default-rack, certSerialId: null}, Type:RATIS, Factor:ONE, State:CLOSED] moved to CLOSED state
2019-08-28 15:28:59,885 | INFO  | SCMAudit | user=jenkins1000 | ip=192.168.5.160 | op=SEND_HEARTBEAT {datanodeUUID=a6c0da75-1d5f-401d-9e51-895df67a2909, command=[]} | ret=SUCCESS |  
2019-08-28 15:28:59,991 [main] INFO  ozoneimpl.OzoneContainer (OzoneContainer.java:stop(199)) - Attempting to stop container services.
2019-08-28 15:28:59,991 [ForkJoinPool.commonPool-worker-0] INFO  ozoneimpl.OzoneContainer (OzoneContainer.java:stop(199)) - Attempting to stop container services.
2019-08-28 15:28:59,991 [main] INFO  impl.RaftServerProxy (RaftServerProxy.java:lambda$close$4(314)) - c9e8e19f-54bf-4369-bbaf-73beb462e187: close
2019-08-28 15:28:59,992 [ForkJoinPool.commonPool-worker-0] INFO  impl.RaftServerProxy (RaftServerProxy.java:lambda$close$4(314)) - c88de438-deef-4f9f-8cec-a54281b0c8d4: close
2019-08-28 15:28:59,992 [main] INFO  impl.RaftServerImpl (RaftServerImpl.java:lambda$shutdown$3(245)) - c9e8e19f-54bf-4369-bbaf-73beb462e187: shutdown group-9EBB27045D5D
2019-08-28 15:28:59,992 [ForkJoinPool.commonPool-worker-0] INFO  impl.RaftServerImpl (RaftServerImpl.java:lambda$shutdown$3(245)) - c88de438-deef-4f9f-8cec-a54281b0c8d4: shutdown group-D0AED32C839F
2019-08-28 15:28:59,992 [main] INFO  util.JmxRegister (JmxRegister.java:unregister(73)) - Successfully un-registered JMX Bean with object name Ratis:service=RaftServer,group=group-9EBB27045D5D,id=c9e8e19f-54bf-4369-bbaf-73beb462e187
2019-08-28 15:28:59,993 [main] INFO  impl.RoleInfo (RoleInfo.java:shutdownFollowerState(121)) - c9e8e19f-54bf-4369-bbaf-73beb462e187: shutdown FollowerState
2019-08-28 15:28:59,993 [ForkJoinPool.commonPool-worker-0] INFO  util.JmxRegister (JmxRegister.java:unregister(73)) - Successfully un-registered JMX Bean with object name Ratis:service=RaftServer,group=group-D0AED32C839F,id=c88de438-deef-4f9f-8cec-a54281b0c8d4
2019-08-28 15:28:59,993 [Thread-3371] INFO  impl.FollowerState (FollowerState.java:run(114)) - c9e8e19f-54bf-4369-bbaf-73beb462e187: FollowerState was interrupted: java.lang.InterruptedException: sleep interrupted
2019-08-28 15:28:59,993 [StateMachineUpdater:c9e8e19f-54bf-4369-bbaf-73beb462e187:group-9EBB27045D5D] INFO  ratis.ContainerStateMachine (ContainerStateMachine.java:takeSnapshot(283)) - group-9EBB27045D5D: Taking a snapshot at:(t:1, i:14) file /workdir/hadoop-ozone/integration-test/target/test-dir/MiniOzoneClusterImpl-dff33e01-b2b8-4087-89b9-ab66c11044e2/datanode-4/data/ratis/aa3881ba-6ad8-4797-a4e7-9ebb27045d5d/sm/snapshot.1_14
2019-08-28 15:28:59,993 [main] INFO  impl.StateMachineUpdater (StateMachineUpdater.java:stopAndJoin(115)) - StateMachineUpdater:c9e8e19f-54bf-4369-bbaf-73beb462e187:group-9EBB27045D5D: set stopIndex = 16
2019-08-28 15:28:59,993 [ForkJoinPool.commonPool-worker-0] INFO  impl.RoleInfo (RoleInfo.java:shutdownLeaderState(104)) - c88de438-deef-4f9f-8cec-a54281b0c8d4: shutdown LeaderState
2019-08-28 15:28:59,997 [ForkJoinPool.commonPool-worker-0] INFO  impl.PendingRequests (PendingRequests.java:sendNotLeaderResponses(202)) - c88de438-deef-4f9f-8cec-a54281b0c8d4-PendingRequests: sendNotLeaderResponses
2019-08-28 15:28:59,997 [ForkJoinPool.commonPool-worker-0] INFO  impl.StateMachineUpdater (StateMachineUpdater.java:stopAndJoin(115)) - StateMachineUpdater:c88de438-deef-4f9f-8cec-a54281b0c8d4:group-D0AED32C839F: set stopIndex = 0
2019-08-28 15:28:59,997 [ForkJoinPool.commonPool-worker-0] INFO  impl.RaftServerImpl (ServerState.java:close(394)) - c88de438-deef-4f9f-8cec-a54281b0c8d4:group-D0AED32C839F closes. The last applied log index is 0
2019-08-28 15:28:59,998 [c88de438-deef-4f9f-8cec-a54281b0c8d4-SegmentedRaftLogWorker:Storage Directory /workdir/hadoop-ozone/integration-test/target/test-dir/MiniOzoneClusterImpl-dff33e01-b2b8-4087-89b9-ab66c11044e2/datanode-1/data/ratis/6d62d139-7e99-4d4f-a812-d0aed32c839f] INFO  segmented.SegmentedRaftLogWorker (SegmentedRaftLogWorker.java:run(313)) - c88de438-deef-4f9f-8cec-a54281b0c8d4-SegmentedRaftLogWorker:Storage Directory /workdir/hadoop-ozone/integration-test/target/test-dir/MiniOzoneClusterImpl-dff33e01-b2b8-4087-89b9-ab66c11044e2/datanode-1/data/ratis/6d62d139-7e99-4d4f-a812-d0aed32c839f was interrupted, exiting. There are 0 tasks remaining in the queue.
2019-08-28 15:29:00,004 [ForkJoinPool.commonPool-worker-0] INFO  segmented.SegmentedRaftLogWorker (SegmentedRaftLogWorker.java:close(228)) - c88de438-deef-4f9f-8cec-a54281b0c8d4-SegmentedRaftLogWorker:Storage Directory /workdir/hadoop-ozone/integration-test/target/test-dir/MiniOzoneClusterImpl-dff33e01-b2b8-4087-89b9-ab66c11044e2/datanode-1/data/ratis/6d62d139-7e99-4d4f-a812-d0aed32c839f close()
2019-08-28 15:29:00,007 [ForkJoinPool.commonPool-worker-0] INFO  impl.RaftServerImpl (RaftServerImpl.java:lambda$shutdown$3(245)) - c88de438-deef-4f9f-8cec-a54281b0c8d4: shutdown group-820DEEB479C9
2019-08-28 15:29:00,008 [ForkJoinPool.commonPool-worker-0] INFO  util.JmxRegister (JmxRegister.java:unregister(73)) - Successfully un-registered JMX Bean with object name Ratis:service=RaftServer,group=group-820DEEB479C9,id=c88de438-deef-4f9f-8cec-a54281b0c8d4
2019-08-28 15:29:00,008 [ForkJoinPool.commonPool-worker-0] INFO  impl.RoleInfo (RoleInfo.java:shutdownFollowerState(121)) - c88de438-deef-4f9f-8cec-a54281b0c8d4: shutdown FollowerState
2019-08-28 15:29:00,008 [ForkJoinPool.commonPool-worker-0] INFO  impl.StateMachineUpdater (StateMachineUpdater.java:stopAndJoin(115)) - StateMachineUpdater:c88de438-deef-4f9f-8cec-a54281b0c8d4:group-820DEEB479C9: set stopIndex = 18
2019-08-28 15:29:00,008 [Thread-3493] INFO  impl.FollowerState (FollowerState.java:run(114)) - c88de438-deef-4f9f-8cec-a54281b0c8d4: FollowerState was interrupted: java.lang.InterruptedException: sleep interrupted
2019-08-28 15:29:00,008 [StateMachineUpdater:c88de438-deef-4f9f-8cec-a54281b0c8d4:group-820DEEB479C9] INFO  ratis.ContainerStateMachine (ContainerStateMachine.java:takeSnapshot(283)) - group-820DEEB479C9: Taking a snapshot at:(t:1, i:14) file /workdir/hadoop-ozone/integration-test/target/test-dir/MiniOzoneClusterImpl-dff33e01-b2b8-4087-89b9-ab66c11044e2/datanode-1/data/ratis/21f703fd-59f3-40d5-a518-820deeb479c9/sm/snapshot.1_14
2019-08-28 15:29:00,010 [StateMachineUpdater:c9e8e19f-54bf-4369-bbaf-73beb462e187:group-9EBB27045D5D] INFO  ratis.ContainerStateMachine (ContainerStateMachine.java:takeSnapshot(294)) - group-9EBB27045D5D: Finished taking a snapshot at:(t:1, i:14) file:/workdir/hadoop-ozone/integration-test/target/test-dir/MiniOzoneClusterImpl-dff33e01-b2b8-4087-89b9-ab66c11044e2/datanode-4/data/ratis/aa3881ba-6ad8-4797-a4e7-9ebb27045d5d/sm/snapshot.1_14 time:17
2019-08-28 15:29:00,010 [StateMachineUpdater:c9e8e19f-54bf-4369-bbaf-73beb462e187:group-9EBB27045D5D] INFO  impl.StateMachineUpdater (StateMachineUpdater.java:takeSnapshot(242)) - StateMachineUpdater:c9e8e19f-54bf-4369-bbaf-73beb462e187:group-9EBB27045D5D: Took a snapshot at index 14
2019-08-28 15:29:00,010 [StateMachineUpdater:c9e8e19f-54bf-4369-bbaf-73beb462e187:group-9EBB27045D5D] INFO  impl.StateMachineUpdater (StateMachineUpdater.java:lambda$new$0(80)) - StateMachineUpdater:c9e8e19f-54bf-4369-bbaf-73beb462e187:group-9EBB27045D5D: snapshotIndex: updateIncreasingly -1 -> 14
2019-08-28 15:29:00,011 [main] INFO  impl.RaftServerImpl (ServerState.java:close(394)) - c9e8e19f-54bf-4369-bbaf-73beb462e187:group-9EBB27045D5D closes. The last applied log index is 16
2019-08-28 15:29:00,011 [c9e8e19f-54bf-4369-bbaf-73beb462e187-SegmentedRaftLogWorker:Storage Directory /workdir/hadoop-ozone/integration-test/target/test-dir/MiniOzoneClusterImpl-dff33e01-b2b8-4087-89b9-ab66c11044e2/datanode-4/data/ratis/aa3881ba-6ad8-4797-a4e7-9ebb27045d5d] INFO  segmented.SegmentedRaftLogWorker (SegmentedRaftLogWorker.java:run(313)) - c9e8e19f-54bf-4369-bbaf-73beb462e187-SegmentedRaftLogWorker:Storage Directory /workdir/hadoop-ozone/integration-test/target/test-dir/MiniOzoneClusterImpl-dff33e01-b2b8-4087-89b9-ab66c11044e2/datanode-4/data/ratis/aa3881ba-6ad8-4797-a4e7-9ebb27045d5d was interrupted, exiting. There are 0 tasks remaining in the queue.
2019-08-28 15:29:00,012 [main] INFO  segmented.SegmentedRaftLogWorker (SegmentedRaftLogWorker.java:close(228)) - c9e8e19f-54bf-4369-bbaf-73beb462e187-SegmentedRaftLogWorker:Storage Directory /workdir/hadoop-ozone/integration-test/target/test-dir/MiniOzoneClusterImpl-dff33e01-b2b8-4087-89b9-ab66c11044e2/datanode-4/data/ratis/aa3881ba-6ad8-4797-a4e7-9ebb27045d5d close()
2019-08-28 15:29:00,015 [main] INFO  impl.RaftServerImpl (RaftServerImpl.java:lambda$shutdown$3(245)) - c9e8e19f-54bf-4369-bbaf-73beb462e187: shutdown group-BD16D763BA50
2019-08-28 15:29:00,016 [main] INFO  util.JmxRegister (JmxRegister.java:unregister(73)) - Successfully un-registered JMX Bean with object name Ratis:service=RaftServer,group=group-BD16D763BA50,id=c9e8e19f-54bf-4369-bbaf-73beb462e187
2019-08-28 15:29:00,016 [main] INFO  impl.RoleInfo (RoleInfo.java:shutdownLeaderState(104)) - c9e8e19f-54bf-4369-bbaf-73beb462e187: shutdown LeaderState
2019-08-28 15:29:00,016 [main] INFO  impl.PendingRequests (PendingRequests.java:sendNotLeaderResponses(202)) - c9e8e19f-54bf-4369-bbaf-73beb462e187-PendingRequests: sendNotLeaderResponses
2019-08-28 15:29:00,017 [main] INFO  impl.StateMachineUpdater (StateMachineUpdater.java:stopAndJoin(115)) - StateMachineUpdater:c9e8e19f-54bf-4369-bbaf-73beb462e187:group-BD16D763BA50: set stopIndex = 0
2019-08-28 15:29:00,017 [main] INFO  impl.RaftServerImpl (ServerState.java:close(394)) - c9e8e19f-54bf-4369-bbaf-73beb462e187:group-BD16D763BA50 closes. The last applied log index is 0
2019-08-28 15:29:00,017 [c9e8e19f-54bf-4369-bbaf-73beb462e187-SegmentedRaftLogWorker:Storage Directory /workdir/hadoop-ozone/integration-test/target/test-dir/MiniOzoneClusterImpl-dff33e01-b2b8-4087-89b9-ab66c11044e2/datanode-4/data/ratis/97044d12-c836-40cc-97a0-bd16d763ba50] INFO  segmented.SegmentedRaftLogWorker (SegmentedRaftLogWorker.java:run(313)) - c9e8e19f-54bf-4369-bbaf-73beb462e187-SegmentedRaftLogWorker:Storage Directory /workdir/hadoop-ozone/integration-test/target/test-dir/MiniOzoneClusterImpl-dff33e01-b2b8-4087-89b9-ab66c11044e2/datanode-4/data/ratis/97044d12-c836-40cc-97a0-bd16d763ba50 was interrupted, exiting. There are 0 tasks remaining in the queue.
2019-08-28 15:29:00,019 [main] INFO  segmented.SegmentedRaftLogWorker (SegmentedRaftLogWorker.java:close(228)) - c9e8e19f-54bf-4369-bbaf-73beb462e187-SegmentedRaftLogWorker:Storage Directory /workdir/hadoop-ozone/integration-test/target/test-dir/MiniOzoneClusterImpl-dff33e01-b2b8-4087-89b9-ab66c11044e2/datanode-4/data/ratis/97044d12-c836-40cc-97a0-bd16d763ba50 close()
2019-08-28 15:29:00,022 [main] INFO  server.GrpcService (GrpcService.java:closeImpl(155)) - c9e8e19f-54bf-4369-bbaf-73beb462e187: shutdown server with port 42176 now
2019-08-28 15:29:00,024 [grpc-default-executor-3] WARN  server.GrpcServerProtocolService (LogUtils.java:warn(134)) - c9e8e19f-54bf-4369-bbaf-73beb462e187: appendEntries onError: org.apache.ratis.thirdparty.io.grpc.StatusRuntimeException: CANCELLED: cancelled before receiving half close
2019-08-28 15:29:00,024 [StateMachineUpdater:c88de438-deef-4f9f-8cec-a54281b0c8d4:group-820DEEB479C9] INFO  ratis.ContainerStateMachine (ContainerStateMachine.java:takeSnapshot(294)) - group-820DEEB479C9: Finished taking a snapshot at:(t:1, i:14) file:/workdir/hadoop-ozone/integration-test/target/test-dir/MiniOzoneClusterImpl-dff33e01-b2b8-4087-89b9-ab66c11044e2/datanode-1/data/ratis/21f703fd-59f3-40d5-a518-820deeb479c9/sm/snapshot.1_14 time:16
2019-08-28 15:29:00,024 [grpc-default-executor-6] WARN  server.GrpcLogAppender (LogUtils.java:warn(134)) - 96ef22e8-7a4e-4fe1-adeb-c5b0ceb08246->c9e8e19f-54bf-4369-bbaf-73beb462e187: Failed appendEntries: org.apache.ratis.thirdparty.io.grpc.StatusRuntimeException: CANCELLED: HTTP/2 error code: CANCEL
Received Rst Stream
2019-08-28 15:29:00,024 [main] INFO  server.GrpcService (GrpcService.java:closeImpl(163)) - c9e8e19f-54bf-4369-bbaf-73beb462e187: shutdown server with port 42176 successfully
2019-08-28 15:29:00,025 [grpc-default-executor-6] INFO  impl.FollowerInfo (FollowerInfo.java:lambda$new$0(50)) - 96ef22e8-7a4e-4fe1-adeb-c5b0ceb08246->c9e8e19f-54bf-4369-bbaf-73beb462e187: nextIndex: updateUnconditionally 17 -> 16
2019-08-28 15:29:00,024 [StateMachineUpdater:c88de438-deef-4f9f-8cec-a54281b0c8d4:group-820DEEB479C9] INFO  impl.StateMachineUpdater (StateMachineUpdater.java:takeSnapshot(242)) - StateMachineUpdater:c88de438-deef-4f9f-8cec-a54281b0c8d4:group-820DEEB479C9: Took a snapshot at index 14
2019-08-28 15:29:00,025 [StateMachineUpdater:c88de438-deef-4f9f-8cec-a54281b0c8d4:group-820DEEB479C9] INFO  impl.StateMachineUpdater (StateMachineUpdater.java:lambda$new$0(80)) - StateMachineUpdater:c88de438-deef-4f9f-8cec-a54281b0c8d4:group-820DEEB479C9: snapshotIndex: updateIncreasingly -1 -> 14
2019-08-28 15:29:00,026 [main] INFO  utils.BackgroundService (BackgroundService.java:shutdown(148)) - Shutting down service BlockDeletingService
2019-08-28 15:29:00,026 [ForkJoinPool.commonPool-worker-0] INFO  impl.RaftServerImpl (ServerState.java:close(394)) - c88de438-deef-4f9f-8cec-a54281b0c8d4:group-820DEEB479C9 closes. The last applied log index is 18
2019-08-28 15:29:00,027 [c88de438-deef-4f9f-8cec-a54281b0c8d4-SegmentedRaftLogWorker:Storage Directory /workdir/hadoop-ozone/integration-test/target/test-dir/MiniOzoneClusterImpl-dff33e01-b2b8-4087-89b9-ab66c11044e2/datanode-1/data/ratis/21f703fd-59f3-40d5-a518-820deeb479c9] INFO  segmented.SegmentedRaftLogWorker (SegmentedRaftLogWorker.java:run(313)) - c88de438-deef-4f9f-8cec-a54281b0c8d4-SegmentedRaftLogWorker:Storage Directory /workdir/hadoop-ozone/integration-test/target/test-dir/MiniOzoneClusterImpl-dff33e01-b2b8-4087-89b9-ab66c11044e2/datanode-1/data/ratis/21f703fd-59f3-40d5-a518-820deeb479c9 was interrupted, exiting. There are 0 tasks remaining in the queue.
2019-08-28 15:29:00,028 [ForkJoinPool.commonPool-worker-0] INFO  segmented.SegmentedRaftLogWorker (SegmentedRaftLogWorker.java:close(228)) - c88de438-deef-4f9f-8cec-a54281b0c8d4-SegmentedRaftLogWorker:Storage Directory /workdir/hadoop-ozone/integration-test/target/test-dir/MiniOzoneClusterImpl-dff33e01-b2b8-4087-89b9-ab66c11044e2/datanode-1/data/ratis/21f703fd-59f3-40d5-a518-820deeb479c9 close()
2019-08-28 15:29:00,031 [refreshUsed-/workdir/hadoop-ozone/integration-test/target/test-dir/MiniOzoneClusterImpl-dff33e01-b2b8-4087-89b9-ab66c11044e2/datanode-4/data/containers] WARN  fs.CachingGetSpaceUsed (CachingGetSpaceUsed.java:run(183)) - Thread Interrupted waiting to refresh disk information: sleep interrupted
2019-08-28 15:29:00,031 [ForkJoinPool.commonPool-worker-0] INFO  server.GrpcService (GrpcService.java:closeImpl(155)) - c88de438-deef-4f9f-8cec-a54281b0c8d4: shutdown server with port 43383 now
2019-08-28 15:29:00,033 [grpc-default-executor-3] WARN  server.GrpcServerProtocolService (LogUtils.java:warn(134)) - c88de438-deef-4f9f-8cec-a54281b0c8d4: appendEntries onError: org.apache.ratis.thirdparty.io.grpc.StatusRuntimeException: CANCELLED: cancelled before receiving half close
2019-08-28 15:29:00,033 [ForkJoinPool.commonPool-worker-0] INFO  server.GrpcService (GrpcService.java:closeImpl(163)) - c88de438-deef-4f9f-8cec-a54281b0c8d4: shutdown server with port 43383 successfully
2019-08-28 15:29:00,033 [grpc-default-executor-6] WARN  server.GrpcLogAppender (LogUtils.java:warn(134)) - e083f44d-f6d5-42ec-804b-f102740a8909->c88de438-deef-4f9f-8cec-a54281b0c8d4: Failed appendEntries: org.apache.ratis.thirdparty.io.grpc.StatusRuntimeException: CANCELLED: HTTP/2 error code: CANCEL
Received Rst Stream
2019-08-28 15:29:00,034 [grpc-default-executor-6] INFO  impl.FollowerInfo (FollowerInfo.java:lambda$new$0(50)) - e083f44d-f6d5-42ec-804b-f102740a8909->c88de438-deef-4f9f-8cec-a54281b0c8d4: nextIndex: updateUnconditionally 19 -> 18
2019-08-28 15:29:00,036 [ForkJoinPool.commonPool-worker-0] INFO  utils.BackgroundService (BackgroundService.java:shutdown(148)) - Shutting down service BlockDeletingService
2019-08-28 15:29:00,038 [refreshUsed-/workdir/hadoop-ozone/integration-test/target/test-dir/MiniOzoneClusterImpl-dff33e01-b2b8-4087-89b9-ab66c11044e2/datanode-1/data/containers] WARN  fs.CachingGetSpaceUsed (CachingGetSpaceUsed.java:run(183)) - Thread Interrupted waiting to refresh disk information: sleep interrupted
2019-08-28 15:29:00,054 [main] INFO  statemachine.DatanodeStateMachine (DatanodeStateMachine.java:stopDaemon(395)) - Ozone container server stopped.
2019-08-28 15:29:00,055 [main] INFO  handler.ContextHandler (ContextHandler.java:doStop(910)) - Stopped o.e.j.w.WebAppContext@5910c67e{/,null,UNAVAILABLE}{/hddsDatanode}
2019-08-28 15:29:00,056 [main] INFO  server.AbstractConnector (AbstractConnector.java:doStop(318)) - Stopped ServerConnector@1967c032{HTTP/1.1,[http/1.1]}{0.0.0.0:0}
2019-08-28 15:29:00,056 [main] INFO  handler.ContextHandler (ContextHandler.java:doStop(910)) - Stopped o.e.j.s.ServletContextHandler@a824f87{/static,jar:file:/home/user/.m2/repository/org/apache/hadoop/hadoop-hdds-container-service/0.5.0-SNAPSHOT/hadoop-hdds-container-service-0.5.0-SNAPSHOT.jar!/webapps/static,UNAVAILABLE}
2019-08-28 15:29:00,057 [main] INFO  handler.ContextHandler (ContextHandler.java:doStop(910)) - Stopped o.e.j.s.ServletContextHandler@18ac2dfe{/logs,file:///workdir/hadoop-ozone/integration-test/target/log,UNAVAILABLE}
2019-08-28 15:29:00,058 [main] INFO  datanode.ObjectStoreHandler (ObjectStoreHandler.java:close(155)) - Closing ObjectStoreHandler.
2019-08-28 15:29:00,058 [main] INFO  ozone.HddsDatanodeService (HddsDatanodeService.java:stop(451)) - Stopped plug-in org.apache.hadoop.ozone.web.OzoneHddsDatanodeService@10395bc4
2019-08-28 15:29:00,062 [ForkJoinPool.commonPool-worker-0] INFO  statemachine.DatanodeStateMachine (DatanodeStateMachine.java:stopDaemon(395)) - Ozone container server stopped.
2019-08-28 15:29:00,067 [ForkJoinPool.commonPool-worker-0] INFO  handler.ContextHandler (ContextHandler.java:doStop(910)) - Stopped o.e.j.w.WebAppContext@5166fe7a{/,null,UNAVAILABLE}{/hddsDatanode}
2019-08-28 15:29:00,067 [ForkJoinPool.commonPool-worker-0] INFO  server.AbstractConnector (AbstractConnector.java:doStop(318)) - Stopped ServerConnector@7a925ac4{HTTP/1.1,[http/1.1]}{0.0.0.0:0}
2019-08-28 15:29:00,069 [ForkJoinPool.commonPool-worker-0] INFO  handler.ContextHandler (ContextHandler.java:doStop(910)) - Stopped o.e.j.s.ServletContextHandler@87cb1d8{/static,jar:file:/home/user/.m2/repository/org/apache/hadoop/hadoop-hdds-container-service/0.5.0-SNAPSHOT/hadoop-hdds-container-service-0.5.0-SNAPSHOT.jar!/webapps/static,UNAVAILABLE}
2019-08-28 15:29:00,070 [ForkJoinPool.commonPool-worker-0] INFO  handler.ContextHandler (ContextHandler.java:doStop(910)) - Stopped o.e.j.s.ServletContextHandler@41acf2f1{/logs,file:///workdir/hadoop-ozone/integration-test/target/log,UNAVAILABLE}
2019-08-28 15:29:00,071 [ForkJoinPool.commonPool-worker-0] INFO  datanode.ObjectStoreHandler (ObjectStoreHandler.java:close(155)) - Closing ObjectStoreHandler.
2019-08-28 15:29:00,071 [ForkJoinPool.commonPool-worker-0] INFO  ozone.HddsDatanodeService (HddsDatanodeService.java:stop(451)) - Stopped plug-in org.apache.hadoop.ozone.web.OzoneHddsDatanodeService@5cb654e3
2019-08-28 15:29:00,148 [Datanode State Machine Thread - 0] INFO  statemachine.DatanodeStateMachine (DatanodeStateMachine.java:lambda$startDaemon$0(350)) - Ozone container server started.
2019-08-28 15:29:00,729 [Datanode State Machine Thread - 0] INFO  statemachine.DatanodeStateMachine (DatanodeStateMachine.java:lambda$startDaemon$0(350)) - Ozone container server started.
2019-08-28 15:29:00,730 | INFO  | SCMAudit | user=jenkins1000 | ip=192.168.5.160 | op=SEND_HEARTBEAT {datanodeUUID=042a280f-dfd9-45c4-b133-20205c7d6255, command=[commandType: closeContainerCommand closeContainerCommandProto { containerID: 2 pipelineID { id: "aa3881ba-6ad8-4797-a4e7-9ebb27045d5d" } cmdId: 2 force: false } ]} | ret=SUCCESS |  
2019-08-28 15:29:00,885 | INFO  | SCMAudit | user=jenkins1000 | ip=192.168.5.160 | op=SEND_HEARTBEAT {datanodeUUID=a6c0da75-1d5f-401d-9e51-895df67a2909, command=[]} | ret=SUCCESS |  
2019-08-28 15:29:01,729 | INFO  | SCMAudit | user=jenkins1000 | ip=192.168.5.160 | op=SEND_HEARTBEAT {datanodeUUID=042a280f-dfd9-45c4-b133-20205c7d6255, command=[]} | ret=SUCCESS |  
2019-08-28 15:29:01,885 | INFO  | SCMAudit | user=jenkins1000 | ip=192.168.5.160 | op=SEND_HEARTBEAT {datanodeUUID=a6c0da75-1d5f-401d-9e51-895df67a2909, command=[]} | ret=SUCCESS |  
2019-08-28 15:29:01,994 [grpc-default-executor-6] WARN  server.GrpcLogAppender (LogUtils.java:warn(134)) - e083f44d-f6d5-42ec-804b-f102740a8909->a5b00b79-c734-41b7-9619-32717c8abca8: Failed appendEntries: org.apache.ratis.thirdparty.io.grpc.StatusRuntimeException: UNAVAILABLE: io exception
2019-08-28 15:29:01,995 [grpc-default-executor-1] WARN  server.GrpcLogAppender (LogUtils.java:warn(134)) - e083f44d-f6d5-42ec-804b-f102740a8909->c88de438-deef-4f9f-8cec-a54281b0c8d4: Failed appendEntries: org.apache.ratis.thirdparty.io.grpc.StatusRuntimeException: UNAVAILABLE: io exception
2019-08-28 15:29:01,995 [grpc-default-executor-6] INFO  impl.FollowerInfo (FollowerInfo.java:lambda$new$0(50)) - e083f44d-f6d5-42ec-804b-f102740a8909->a5b00b79-c734-41b7-9619-32717c8abca8: nextIndex: updateUnconditionally 0 -> 0
2019-08-28 15:29:01,995 [grpc-default-executor-1] INFO  impl.FollowerInfo (FollowerInfo.java:lambda$new$0(50)) - e083f44d-f6d5-42ec-804b-f102740a8909->c88de438-deef-4f9f-8cec-a54281b0c8d4: nextIndex: updateUnconditionally 18 -> 17
2019-08-28 15:29:02,462 [grpc-default-executor-6] WARN  server.GrpcLogAppender (LogUtils.java:warn(134)) - 96ef22e8-7a4e-4fe1-adeb-c5b0ceb08246->c9e8e19f-54bf-4369-bbaf-73beb462e187: Failed appendEntries: org.apache.ratis.thirdparty.io.grpc.StatusRuntimeException: UNAVAILABLE: io exception
2019-08-28 15:29:02,462 [grpc-default-executor-6] INFO  impl.FollowerInfo (FollowerInfo.java:lambda$new$0(50)) - 96ef22e8-7a4e-4fe1-adeb-c5b0ceb08246->c9e8e19f-54bf-4369-bbaf-73beb462e187: nextIndex: updateUnconditionally 16 -> 15
2019-08-28 15:29:02,729 | INFO  | SCMAudit | user=jenkins1000 | ip=192.168.5.160 | op=SEND_HEARTBEAT {datanodeUUID=042a280f-dfd9-45c4-b133-20205c7d6255, command=[]} | ret=SUCCESS |  
2019-08-28 15:29:02,747 | INFO  | SCMAudit | user=jenkins1000 | ip=192.168.5.160 | op=SEND_HEARTBEAT {datanodeUUID=042a280f-dfd9-45c4-b133-20205c7d6255, command=[]} | ret=SUCCESS |  
2019-08-28 15:29:02,885 | INFO  | SCMAudit | user=jenkins1000 | ip=192.168.5.160 | op=SEND_HEARTBEAT {datanodeUUID=a6c0da75-1d5f-401d-9e51-895df67a2909, command=[]} | ret=SUCCESS |  
2019-08-28 15:29:03,747 | INFO  | SCMAudit | user=jenkins1000 | ip=192.168.5.160 | op=SEND_HEARTBEAT {datanodeUUID=042a280f-dfd9-45c4-b133-20205c7d6255, command=[]} | ret=SUCCESS |  
2019-08-28 15:29:03,885 | INFO  | SCMAudit | user=jenkins1000 | ip=192.168.5.160 | op=SEND_HEARTBEAT {datanodeUUID=a6c0da75-1d5f-401d-9e51-895df67a2909, command=[]} | ret=SUCCESS |  
2019-08-28 15:29:04,230 [EventQueue-StaleNodeForStaleNodeHandler] INFO  node.StaleNodeHandler (StaleNodeHandler.java:onMessage(58)) - Datanode e083f44d-f6d5-42ec-804b-f102740a8909{ip: 192.168.5.160, host: pr-hdds-1950-8p5ww-60544353, networkLocation: /default-rack, certSerialId: null} moved to stale state. Finalizing its pipelines [PipelineID=86c640cd-ff26-4215-9d95-8d824c3c23d7, PipelineID=21f703fd-59f3-40d5-a518-820deeb479c9]
2019-08-28 15:29:04,230 [EventQueue-StaleNodeForStaleNodeHandler] INFO  pipeline.SCMPipelineManager (SCMPipelineManager.java:finalizeAndDestroyPipeline(309)) - destroying pipeline:Pipeline[ Id: 86c640cd-ff26-4215-9d95-8d824c3c23d7, Nodes: e083f44d-f6d5-42ec-804b-f102740a8909{ip: 192.168.5.160, host: pr-hdds-1950-8p5ww-60544353, networkLocation: /default-rack, certSerialId: null}, Type:RATIS, Factor:ONE, State:OPEN]
2019-08-28 15:29:04,230 [EventQueue-StaleNodeForStaleNodeHandler] INFO  pipeline.PipelineStateManager (PipelineStateManager.java:finalizePipeline(123)) - Pipeline Pipeline[ Id: 86c640cd-ff26-4215-9d95-8d824c3c23d7, Nodes: e083f44d-f6d5-42ec-804b-f102740a8909{ip: 192.168.5.160, host: pr-hdds-1950-8p5ww-60544353, networkLocation: /default-rack, certSerialId: null}, Type:RATIS, Factor:ONE, State:CLOSED] moved to CLOSED state
2019-08-28 15:29:04,230 [EventQueue-StaleNodeForStaleNodeHandler] INFO  pipeline.SCMPipelineManager (SCMPipelineManager.java:finalizeAndDestroyPipeline(309)) - destroying pipeline:Pipeline[ Id: 21f703fd-59f3-40d5-a518-820deeb479c9, Nodes: a5b00b79-c734-41b7-9619-32717c8abca8{ip: 192.168.5.160, host: pr-hdds-1950-8p5ww-60544353, networkLocation: /default-rack, certSerialId: null}e083f44d-f6d5-42ec-804b-f102740a8909{ip: 192.168.5.160, host: pr-hdds-1950-8p5ww-60544353, networkLocation: /default-rack, certSerialId: null}c88de438-deef-4f9f-8cec-a54281b0c8d4{ip: 192.168.5.160, host: pr-hdds-1950-8p5ww-60544353, networkLocation: /default-rack, certSerialId: null}, Type:RATIS, Factor:THREE, State:CLOSED]
2019-08-28 15:29:04,496 [grpc-default-executor-1] WARN  server.GrpcLogAppender (LogUtils.java:warn(134)) - e083f44d-f6d5-42ec-804b-f102740a8909->a5b00b79-c734-41b7-9619-32717c8abca8: Failed appendEntries: org.apache.ratis.thirdparty.io.grpc.StatusRuntimeException: UNAVAILABLE: io exception
2019-08-28 15:29:04,496 [grpc-default-executor-3] WARN  server.GrpcLogAppender (LogUtils.java:warn(134)) - e083f44d-f6d5-42ec-804b-f102740a8909->c88de438-deef-4f9f-8cec-a54281b0c8d4: Failed appendEntries: org.apache.ratis.thirdparty.io.grpc.StatusRuntimeException: UNAVAILABLE: io exception
2019-08-28 15:29:04,496 [grpc-default-executor-1] INFO  impl.FollowerInfo (FollowerInfo.java:lambda$new$0(50)) - e083f44d-f6d5-42ec-804b-f102740a8909->a5b00b79-c734-41b7-9619-32717c8abca8: nextIndex: updateUnconditionally 0 -> 0
2019-08-28 15:29:04,496 [grpc-default-executor-3] INFO  impl.FollowerInfo (FollowerInfo.java:lambda$new$0(50)) - e083f44d-f6d5-42ec-804b-f102740a8909->c88de438-deef-4f9f-8cec-a54281b0c8d4: nextIndex: updateUnconditionally 17 -> 16
2019-08-28 15:29:04,747 | INFO  | SCMAudit | user=jenkins1000 | ip=192.168.5.160 | op=SEND_HEARTBEAT {datanodeUUID=042a280f-dfd9-45c4-b133-20205c7d6255, command=[]} | ret=SUCCESS |  
2019-08-28 15:29:04,830 [EventQueue-StaleNodeForStaleNodeHandler] INFO  node.StaleNodeHandler (StaleNodeHandler.java:onMessage(58)) - Datanode 96ef22e8-7a4e-4fe1-adeb-c5b0ceb08246{ip: 192.168.5.160, host: pr-hdds-1950-8p5ww-60544353, networkLocation: /default-rack, certSerialId: null} moved to stale state. Finalizing its pipelines [PipelineID=f93cbc77-d9d0-4de3-a135-9990b730111b, PipelineID=aa3881ba-6ad8-4797-a4e7-9ebb27045d5d]
2019-08-28 15:29:04,831 [EventQueue-StaleNodeForStaleNodeHandler] INFO  pipeline.SCMPipelineManager (SCMPipelineManager.java:finalizeAndDestroyPipeline(309)) - destroying pipeline:Pipeline[ Id: f93cbc77-d9d0-4de3-a135-9990b730111b, Nodes: 96ef22e8-7a4e-4fe1-adeb-c5b0ceb08246{ip: 192.168.5.160, host: pr-hdds-1950-8p5ww-60544353, networkLocation: /default-rack, certSerialId: null}, Type:RATIS, Factor:ONE, State:OPEN]
2019-08-28 15:29:04,831 [EventQueue-StaleNodeForStaleNodeHandler] INFO  pipeline.PipelineStateManager (PipelineStateManager.java:finalizePipeline(123)) - Pipeline Pipeline[ Id: f93cbc77-d9d0-4de3-a135-9990b730111b, Nodes: 96ef22e8-7a4e-4fe1-adeb-c5b0ceb08246{ip: 192.168.5.160, host: pr-hdds-1950-8p5ww-60544353, networkLocation: /default-rack, certSerialId: null}, Type:RATIS, Factor:ONE, State:CLOSED] moved to CLOSED state
2019-08-28 15:29:04,831 [EventQueue-StaleNodeForStaleNodeHandler] INFO  pipeline.SCMPipelineManager (SCMPipelineManager.java:finalizeAndDestroyPipeline(309)) - destroying pipeline:Pipeline[ Id: aa3881ba-6ad8-4797-a4e7-9ebb27045d5d, Nodes: 042a280f-dfd9-45c4-b133-20205c7d6255{ip: 192.168.5.160, host: pr-hdds-1950-8p5ww-60544353, networkLocation: /default-rack, certSerialId: null}96ef22e8-7a4e-4fe1-adeb-c5b0ceb08246{ip: 192.168.5.160, host: pr-hdds-1950-8p5ww-60544353, networkLocation: /default-rack, certSerialId: null}c9e8e19f-54bf-4369-bbaf-73beb462e187{ip: 192.168.5.160, host: pr-hdds-1950-8p5ww-60544353, networkLocation: /default-rack, certSerialId: null}, Type:RATIS, Factor:THREE, State:CLOSED]
2019-08-28 15:29:04,886 | INFO  | SCMAudit | user=jenkins1000 | ip=192.168.5.160 | op=SEND_HEARTBEAT {datanodeUUID=a6c0da75-1d5f-401d-9e51-895df67a2909, command=[]} | ret=SUCCESS |  
2019-08-28 15:29:04,962 [grpc-default-executor-3] WARN  server.GrpcLogAppender (LogUtils.java:warn(134)) - 96ef22e8-7a4e-4fe1-adeb-c5b0ceb08246->c9e8e19f-54bf-4369-bbaf-73beb462e187: Failed appendEntries: org.apache.ratis.thirdparty.io.grpc.StatusRuntimeException: UNAVAILABLE: io exception
2019-08-28 15:29:04,962 [grpc-default-executor-3] INFO  impl.FollowerInfo (FollowerInfo.java:lambda$new$0(50)) - 96ef22e8-7a4e-4fe1-adeb-c5b0ceb08246->c9e8e19f-54bf-4369-bbaf-73beb462e187: nextIndex: updateUnconditionally 15 -> 14
2019-08-28 15:29:05,063 [main] INFO  ozoneimpl.OzoneContainer (OzoneContainer.java:stop(199)) - Attempting to stop container services.
2019-08-28 15:29:05,063 [main] INFO  impl.RaftServerProxy (RaftServerProxy.java:lambda$close$4(314)) - 96ef22e8-7a4e-4fe1-adeb-c5b0ceb08246: close
2019-08-28 15:29:05,064 [main] INFO  impl.RaftServerImpl (RaftServerImpl.java:lambda$shutdown$3(245)) - 96ef22e8-7a4e-4fe1-adeb-c5b0ceb08246: shutdown group-9990B730111B
2019-08-28 15:29:05,064 [main] INFO  util.JmxRegister (JmxRegister.java:unregister(73)) - Successfully un-registered JMX Bean with object name Ratis:service=RaftServer,group=group-9990B730111B,id=96ef22e8-7a4e-4fe1-adeb-c5b0ceb08246
2019-08-28 15:29:05,064 [main] INFO  impl.RoleInfo (RoleInfo.java:shutdownLeaderState(104)) - 96ef22e8-7a4e-4fe1-adeb-c5b0ceb08246: shutdown LeaderState
2019-08-28 15:29:05,065 [main] INFO  impl.PendingRequests (PendingRequests.java:sendNotLeaderResponses(202)) - 96ef22e8-7a4e-4fe1-adeb-c5b0ceb08246-PendingRequests: sendNotLeaderResponses
2019-08-28 15:29:05,065 [main] INFO  impl.StateMachineUpdater (StateMachineUpdater.java:stopAndJoin(115)) - StateMachineUpdater:96ef22e8-7a4e-4fe1-adeb-c5b0ceb08246:group-9990B730111B: set stopIndex = 0
2019-08-28 15:29:05,066 [main] INFO  impl.RaftServerImpl (ServerState.java:close(394)) - 96ef22e8-7a4e-4fe1-adeb-c5b0ceb08246:group-9990B730111B closes. The last applied log index is 0
2019-08-28 15:29:05,066 [96ef22e8-7a4e-4fe1-adeb-c5b0ceb08246-SegmentedRaftLogWorker:Storage Directory /workdir/hadoop-ozone/integration-test/target/test-dir/MiniOzoneClusterImpl-dff33e01-b2b8-4087-89b9-ab66c11044e2/datanode-3/data/ratis/f93cbc77-d9d0-4de3-a135-9990b730111b] INFO  segmented.SegmentedRaftLogWorker (SegmentedRaftLogWorker.java:run(313)) - 96ef22e8-7a4e-4fe1-adeb-c5b0ceb08246-SegmentedRaftLogWorker:Storage Directory /workdir/hadoop-ozone/integration-test/target/test-dir/MiniOzoneClusterImpl-dff33e01-b2b8-4087-89b9-ab66c11044e2/datanode-3/data/ratis/f93cbc77-d9d0-4de3-a135-9990b730111b was interrupted, exiting. There are 0 tasks remaining in the queue.
2019-08-28 15:29:05,069 [main] INFO  segmented.SegmentedRaftLogWorker (SegmentedRaftLogWorker.java:close(228)) - 96ef22e8-7a4e-4fe1-adeb-c5b0ceb08246-SegmentedRaftLogWorker:Storage Directory /workdir/hadoop-ozone/integration-test/target/test-dir/MiniOzoneClusterImpl-dff33e01-b2b8-4087-89b9-ab66c11044e2/datanode-3/data/ratis/f93cbc77-d9d0-4de3-a135-9990b730111b close()
2019-08-28 15:29:05,072 [main] INFO  impl.RaftServerImpl (RaftServerImpl.java:lambda$shutdown$3(245)) - 96ef22e8-7a4e-4fe1-adeb-c5b0ceb08246: shutdown group-9EBB27045D5D
2019-08-28 15:29:05,072 [ForkJoinPool.commonPool-worker-0] INFO  ozoneimpl.OzoneContainer (OzoneContainer.java:stop(199)) - Attempting to stop container services.
2019-08-28 15:29:05,072 [main] INFO  util.JmxRegister (JmxRegister.java:unregister(73)) - Successfully un-registered JMX Bean with object name Ratis:service=RaftServer,group=group-9EBB27045D5D,id=96ef22e8-7a4e-4fe1-adeb-c5b0ceb08246
2019-08-28 15:29:05,073 [main] INFO  impl.RoleInfo (RoleInfo.java:shutdownLeaderState(104)) - 96ef22e8-7a4e-4fe1-adeb-c5b0ceb08246: shutdown LeaderState
2019-08-28 15:29:05,072 [ForkJoinPool.commonPool-worker-0] INFO  impl.RaftServerProxy (RaftServerProxy.java:lambda$close$4(314)) - e083f44d-f6d5-42ec-804b-f102740a8909: close
2019-08-28 15:29:05,075 [org.apache.ratis.server.impl.LogAppender$AppenderDaemon$$Lambda$489/1341556775@450db413] WARN  server.GrpcLogAppender (GrpcLogAppender.java:mayWait(143)) - GrpcLogAppender(96ef22e8-7a4e-4fe1-adeb-c5b0ceb08246->042a280f-dfd9-45c4-b133-20205c7d6255): Wait interrupted by java.lang.InterruptedException
2019-08-28 15:29:05,075 [org.apache.ratis.server.impl.LogAppender$AppenderDaemon$$Lambda$489/1341556775@f22d6] WARN  server.GrpcLogAppender (GrpcLogAppender.java:mayWait(143)) - GrpcLogAppender(96ef22e8-7a4e-4fe1-adeb-c5b0ceb08246->c9e8e19f-54bf-4369-bbaf-73beb462e187): Wait interrupted by java.lang.InterruptedException
2019-08-28 15:29:05,075 [main] INFO  impl.PendingRequests (PendingRequests.java:sendNotLeaderResponses(202)) - 96ef22e8-7a4e-4fe1-adeb-c5b0ceb08246-PendingRequests: sendNotLeaderResponses
2019-08-28 15:29:05,076 [grpc-default-executor-1] INFO  server.GrpcServerProtocolService (GrpcServerProtocolService.java:onCompleted(104)) - 042a280f-dfd9-45c4-b133-20205c7d6255: appendEntries completed
2019-08-28 15:29:05,076 [ForkJoinPool.commonPool-worker-0] INFO  impl.RaftServerImpl (RaftServerImpl.java:lambda$shutdown$3(245)) - e083f44d-f6d5-42ec-804b-f102740a8909: shutdown group-8D824C3C23D7
2019-08-28 15:29:05,082 [StateMachineUpdater:96ef22e8-7a4e-4fe1-adeb-c5b0ceb08246:group-9EBB27045D5D] INFO  ratis.ContainerStateMachine (ContainerStateMachine.java:takeSnapshot(283)) - group-9EBB27045D5D: Taking a snapshot at:(t:1, i:14) file /workdir/hadoop-ozone/integration-test/target/test-dir/MiniOzoneClusterImpl-dff33e01-b2b8-4087-89b9-ab66c11044e2/datanode-3/data/ratis/aa3881ba-6ad8-4797-a4e7-9ebb27045d5d/sm/snapshot.1_14
2019-08-28 15:29:05,082 [main] INFO  impl.StateMachineUpdater (StateMachineUpdater.java:stopAndJoin(115)) - StateMachineUpdater:96ef22e8-7a4e-4fe1-adeb-c5b0ceb08246:group-9EBB27045D5D: set stopIndex = 16
2019-08-28 15:29:05,083 [ForkJoinPool.commonPool-worker-0] INFO  util.JmxRegister (JmxRegister.java:unregister(73)) - Successfully un-registered JMX Bean with object name Ratis:service=RaftServer,group=group-8D824C3C23D7,id=e083f44d-f6d5-42ec-804b-f102740a8909
2019-08-28 15:29:05,083 [grpc-default-executor-1] INFO  server.GrpcLogAppender (GrpcLogAppender.java:onCompleted(292)) - 96ef22e8-7a4e-4fe1-adeb-c5b0ceb08246->042a280f-dfd9-45c4-b133-20205c7d6255: follower responses appendEntries COMPLETED
2019-08-28 15:29:05,083 [ForkJoinPool.commonPool-worker-0] INFO  impl.RoleInfo (RoleInfo.java:shutdownLeaderState(104)) - e083f44d-f6d5-42ec-804b-f102740a8909: shutdown LeaderState
2019-08-28 15:29:05,084 [grpc-default-executor-1] INFO  impl.FollowerInfo (FollowerInfo.java:lambda$new$0(50)) - 96ef22e8-7a4e-4fe1-adeb-c5b0ceb08246->042a280f-dfd9-45c4-b133-20205c7d6255: nextIndex: updateUnconditionally 17 -> 16
2019-08-28 15:29:05,084 [ForkJoinPool.commonPool-worker-0] INFO  impl.PendingRequests (PendingRequests.java:sendNotLeaderResponses(202)) - e083f44d-f6d5-42ec-804b-f102740a8909-PendingRequests: sendNotLeaderResponses
2019-08-28 15:29:05,084 [ForkJoinPool.commonPool-worker-0] INFO  impl.StateMachineUpdater (StateMachineUpdater.java:stopAndJoin(115)) - StateMachineUpdater:e083f44d-f6d5-42ec-804b-f102740a8909:group-8D824C3C23D7: set stopIndex = 0
2019-08-28 15:29:05,084 [ForkJoinPool.commonPool-worker-0] INFO  impl.RaftServerImpl (ServerState.java:close(394)) - e083f44d-f6d5-42ec-804b-f102740a8909:group-8D824C3C23D7 closes. The last applied log index is 0
2019-08-28 15:29:05,085 [e083f44d-f6d5-42ec-804b-f102740a8909-SegmentedRaftLogWorker:Storage Directory /workdir/hadoop-ozone/integration-test/target/test-dir/MiniOzoneClusterImpl-dff33e01-b2b8-4087-89b9-ab66c11044e2/datanode-0/data/ratis/86c640cd-ff26-4215-9d95-8d824c3c23d7] INFO  segmented.SegmentedRaftLogWorker (SegmentedRaftLogWorker.java:run(313)) - e083f44d-f6d5-42ec-804b-f102740a8909-SegmentedRaftLogWorker:Storage Directory /workdir/hadoop-ozone/integration-test/target/test-dir/MiniOzoneClusterImpl-dff33e01-b2b8-4087-89b9-ab66c11044e2/datanode-0/data/ratis/86c640cd-ff26-4215-9d95-8d824c3c23d7 was interrupted, exiting. There are 0 tasks remaining in the queue.
2019-08-28 15:29:05,087 [ForkJoinPool.commonPool-worker-0] INFO  segmented.SegmentedRaftLogWorker (SegmentedRaftLogWorker.java:close(228)) - e083f44d-f6d5-42ec-804b-f102740a8909-SegmentedRaftLogWorker:Storage Directory /workdir/hadoop-ozone/integration-test/target/test-dir/MiniOzoneClusterImpl-dff33e01-b2b8-4087-89b9-ab66c11044e2/datanode-0/data/ratis/86c640cd-ff26-4215-9d95-8d824c3c23d7 close()
2019-08-28 15:29:05,089 [ForkJoinPool.commonPool-worker-0] INFO  impl.RaftServerImpl (RaftServerImpl.java:lambda$shutdown$3(245)) - e083f44d-f6d5-42ec-804b-f102740a8909: shutdown group-820DEEB479C9
2019-08-28 15:29:05,090 [ForkJoinPool.commonPool-worker-0] INFO  util.JmxRegister (JmxRegister.java:unregister(73)) - Successfully un-registered JMX Bean with object name Ratis:service=RaftServer,group=group-820DEEB479C9,id=e083f44d-f6d5-42ec-804b-f102740a8909
2019-08-28 15:29:05,090 [ForkJoinPool.commonPool-worker-0] INFO  impl.RoleInfo (RoleInfo.java:shutdownLeaderState(104)) - e083f44d-f6d5-42ec-804b-f102740a8909: shutdown LeaderState
2019-08-28 15:29:05,093 [ForkJoinPool.commonPool-worker-0] INFO  impl.PendingRequests (PendingRequests.java:sendNotLeaderResponses(202)) - e083f44d-f6d5-42ec-804b-f102740a8909-PendingRequests: sendNotLeaderResponses
2019-08-28 15:29:05,093 [org.apache.ratis.server.impl.LogAppender$AppenderDaemon$$Lambda$489/1341556775@d159c43] WARN  server.GrpcLogAppender (GrpcLogAppender.java:mayWait(143)) - GrpcLogAppender(e083f44d-f6d5-42ec-804b-f102740a8909->c88de438-deef-4f9f-8cec-a54281b0c8d4): Wait interrupted by java.lang.InterruptedException
2019-08-28 15:29:05,093 [org.apache.ratis.server.impl.LogAppender$AppenderDaemon$$Lambda$489/1341556775@6a930f4b] WARN  server.GrpcLogAppender (GrpcLogAppender.java:mayWait(143)) - GrpcLogAppender(e083f44d-f6d5-42ec-804b-f102740a8909->a5b00b79-c734-41b7-9619-32717c8abca8): Wait interrupted by java.lang.InterruptedException
2019-08-28 15:29:05,093 [StateMachineUpdater:e083f44d-f6d5-42ec-804b-f102740a8909:group-820DEEB479C9] INFO  ratis.ContainerStateMachine (ContainerStateMachine.java:takeSnapshot(283)) - group-820DEEB479C9: Taking a snapshot at:(t:1, i:14) file /workdir/hadoop-ozone/integration-test/target/test-dir/MiniOzoneClusterImpl-dff33e01-b2b8-4087-89b9-ab66c11044e2/datanode-0/data/ratis/21f703fd-59f3-40d5-a518-820deeb479c9/sm/snapshot.1_14
2019-08-28 15:29:05,093 [ForkJoinPool.commonPool-worker-0] INFO  impl.StateMachineUpdater (StateMachineUpdater.java:stopAndJoin(115)) - StateMachineUpdater:e083f44d-f6d5-42ec-804b-f102740a8909:group-820DEEB479C9: set stopIndex = 18
2019-08-28 15:29:05,098 [StateMachineUpdater:e083f44d-f6d5-42ec-804b-f102740a8909:group-820DEEB479C9] INFO  ratis.ContainerStateMachine (ContainerStateMachine.java:takeSnapshot(294)) - group-820DEEB479C9: Finished taking a snapshot at:(t:1, i:14) file:/workdir/hadoop-ozone/integration-test/target/test-dir/MiniOzoneClusterImpl-dff33e01-b2b8-4087-89b9-ab66c11044e2/datanode-0/data/ratis/21f703fd-59f3-40d5-a518-820deeb479c9/sm/snapshot.1_14 time:4
2019-08-28 15:29:05,098 [StateMachineUpdater:96ef22e8-7a4e-4fe1-adeb-c5b0ceb08246:group-9EBB27045D5D] INFO  ratis.ContainerStateMachine (ContainerStateMachine.java:takeSnapshot(294)) - group-9EBB27045D5D: Finished taking a snapshot at:(t:1, i:14) file:/workdir/hadoop-ozone/integration-test/target/test-dir/MiniOzoneClusterImpl-dff33e01-b2b8-4087-89b9-ab66c11044e2/datanode-3/data/ratis/aa3881ba-6ad8-4797-a4e7-9ebb27045d5d/sm/snapshot.1_14 time:15
2019-08-28 15:29:05,098 [StateMachineUpdater:96ef22e8-7a4e-4fe1-adeb-c5b0ceb08246:group-9EBB27045D5D] INFO  impl.StateMachineUpdater (StateMachineUpdater.java:takeSnapshot(242)) - StateMachineUpdater:96ef22e8-7a4e-4fe1-adeb-c5b0ceb08246:group-9EBB27045D5D: Took a snapshot at index 14
2019-08-28 15:29:05,098 [StateMachineUpdater:e083f44d-f6d5-42ec-804b-f102740a8909:group-820DEEB479C9] INFO  impl.StateMachineUpdater (StateMachineUpdater.java:takeSnapshot(242)) - StateMachineUpdater:e083f44d-f6d5-42ec-804b-f102740a8909:group-820DEEB479C9: Took a snapshot at index 14
2019-08-28 15:29:05,098 [StateMachineUpdater:96ef22e8-7a4e-4fe1-adeb-c5b0ceb08246:group-9EBB27045D5D] INFO  impl.StateMachineUpdater (StateMachineUpdater.java:lambda$new$0(80)) - StateMachineUpdater:96ef22e8-7a4e-4fe1-adeb-c5b0ceb08246:group-9EBB27045D5D: snapshotIndex: updateIncreasingly -1 -> 14
2019-08-28 15:29:05,098 [StateMachineUpdater:e083f44d-f6d5-42ec-804b-f102740a8909:group-820DEEB479C9] INFO  impl.StateMachineUpdater (StateMachineUpdater.java:lambda$new$0(80)) - StateMachineUpdater:e083f44d-f6d5-42ec-804b-f102740a8909:group-820DEEB479C9: snapshotIndex: updateIncreasingly -1 -> 14
2019-08-28 15:29:05,098 [main] INFO  impl.RaftServerImpl (ServerState.java:close(394)) - 96ef22e8-7a4e-4fe1-adeb-c5b0ceb08246:group-9EBB27045D5D closes. The last applied log index is 16
2019-08-28 15:29:05,098 [ForkJoinPool.commonPool-worker-0] INFO  impl.RaftServerImpl (ServerState.java:close(394)) - e083f44d-f6d5-42ec-804b-f102740a8909:group-820DEEB479C9 closes. The last applied log index is 18
2019-08-28 15:29:05,099 [96ef22e8-7a4e-4fe1-adeb-c5b0ceb08246-SegmentedRaftLogWorker:Storage Directory /workdir/hadoop-ozone/integration-test/target/test-dir/MiniOzoneClusterImpl-dff33e01-b2b8-4087-89b9-ab66c11044e2/datanode-3/data/ratis/aa3881ba-6ad8-4797-a4e7-9ebb27045d5d] INFO  segmented.SegmentedRaftLogWorker (SegmentedRaftLogWorker.java:run(313)) - 96ef22e8-7a4e-4fe1-adeb-c5b0ceb08246-SegmentedRaftLogWorker:Storage Directory /workdir/hadoop-ozone/integration-test/target/test-dir/MiniOzoneClusterImpl-dff33e01-b2b8-4087-89b9-ab66c11044e2/datanode-3/data/ratis/aa3881ba-6ad8-4797-a4e7-9ebb27045d5d was interrupted, exiting. There are 0 tasks remaining in the queue.
2019-08-28 15:29:05,099 [e083f44d-f6d5-42ec-804b-f102740a8909-SegmentedRaftLogWorker:Storage Directory /workdir/hadoop-ozone/integration-test/target/test-dir/MiniOzoneClusterImpl-dff33e01-b2b8-4087-89b9-ab66c11044e2/datanode-0/data/ratis/21f703fd-59f3-40d5-a518-820deeb479c9] INFO  segmented.SegmentedRaftLogWorker (SegmentedRaftLogWorker.java:run(313)) - e083f44d-f6d5-42ec-804b-f102740a8909-SegmentedRaftLogWorker:Storage Directory /workdir/hadoop-ozone/integration-test/target/test-dir/MiniOzoneClusterImpl-dff33e01-b2b8-4087-89b9-ab66c11044e2/datanode-0/data/ratis/21f703fd-59f3-40d5-a518-820deeb479c9 was interrupted, exiting. There are 0 tasks remaining in the queue.
2019-08-28 15:29:05,100 [main] INFO  segmented.SegmentedRaftLogWorker (SegmentedRaftLogWorker.java:close(228)) - 96ef22e8-7a4e-4fe1-adeb-c5b0ceb08246-SegmentedRaftLogWorker:Storage Directory /workdir/hadoop-ozone/integration-test/target/test-dir/MiniOzoneClusterImpl-dff33e01-b2b8-4087-89b9-ab66c11044e2/datanode-3/data/ratis/aa3881ba-6ad8-4797-a4e7-9ebb27045d5d close()
2019-08-28 15:29:05,102 [ForkJoinPool.commonPool-worker-0] INFO  segmented.SegmentedRaftLogWorker (SegmentedRaftLogWorker.java:close(228)) - e083f44d-f6d5-42ec-804b-f102740a8909-SegmentedRaftLogWorker:Storage Directory /workdir/hadoop-ozone/integration-test/target/test-dir/MiniOzoneClusterImpl-dff33e01-b2b8-4087-89b9-ab66c11044e2/datanode-0/data/ratis/21f703fd-59f3-40d5-a518-820deeb479c9 close()
2019-08-28 15:29:05,109 [main] INFO  server.GrpcService (GrpcService.java:closeImpl(155)) - 96ef22e8-7a4e-4fe1-adeb-c5b0ceb08246: shutdown server with port 36090 now
2019-08-28 15:29:05,110 [ForkJoinPool.commonPool-worker-0] INFO  server.GrpcService (GrpcService.java:closeImpl(155)) - e083f44d-f6d5-42ec-804b-f102740a8909: shutdown server with port 44911 now
2019-08-28 15:29:05,111 [grpc-default-executor-3] WARN  client.GrpcClientProtocolService (LogUtils.java:warn(134)) - 1-UnorderedRequestStreamObserver1: onError: org.apache.ratis.thirdparty.io.grpc.StatusRuntimeException: CANCELLED: cancelled before receiving half close
2019-08-28 15:29:05,111 [main] INFO  server.GrpcService (GrpcService.java:closeImpl(163)) - 96ef22e8-7a4e-4fe1-adeb-c5b0ceb08246: shutdown server with port 36090 successfully
2019-08-28 15:29:05,111 [ForkJoinPool.commonPool-worker-0] INFO  server.GrpcService (GrpcService.java:closeImpl(163)) - e083f44d-f6d5-42ec-804b-f102740a8909: shutdown server with port 44911 successfully
2019-08-28 15:29:05,113 [ForkJoinPool.commonPool-worker-0] INFO  utils.BackgroundService (BackgroundService.java:shutdown(148)) - Shutting down service BlockDeletingService
2019-08-28 15:29:05,113 [main] INFO  utils.BackgroundService (BackgroundService.java:shutdown(148)) - Shutting down service BlockDeletingService
2019-08-28 15:29:05,114 [refreshUsed-/workdir/hadoop-ozone/integration-test/target/test-dir/MiniOzoneClusterImpl-dff33e01-b2b8-4087-89b9-ab66c11044e2/datanode-3/data/containers] WARN  fs.CachingGetSpaceUsed (CachingGetSpaceUsed.java:run(183)) - Thread Interrupted waiting to refresh disk information: sleep interrupted
2019-08-28 15:29:05,115 [refreshUsed-/workdir/hadoop-ozone/integration-test/target/test-dir/MiniOzoneClusterImpl-dff33e01-b2b8-4087-89b9-ab66c11044e2/datanode-0/data/containers] WARN  fs.CachingGetSpaceUsed (CachingGetSpaceUsed.java:run(183)) - Thread Interrupted waiting to refresh disk information: sleep interrupted
2019-08-28 15:29:05,136 [main] INFO  statemachine.DatanodeStateMachine (DatanodeStateMachine.java:stopDaemon(395)) - Ozone container server stopped.
2019-08-28 15:29:05,137 [main] INFO  handler.ContextHandler (ContextHandler.java:doStop(910)) - Stopped o.e.j.w.WebAppContext@381ed137{/,null,UNAVAILABLE}{/hddsDatanode}
2019-08-28 15:29:05,140 [main] INFO  server.AbstractConnector (AbstractConnector.java:doStop(318)) - Stopped ServerConnector@6eacf3be{HTTP/1.1,[http/1.1]}{0.0.0.0:0}
2019-08-28 15:29:05,141 [ForkJoinPool.commonPool-worker-0] INFO  statemachine.DatanodeStateMachine (DatanodeStateMachine.java:stopDaemon(395)) - Ozone container server stopped.
2019-08-28 15:29:05,141 [main] INFO  handler.ContextHandler (ContextHandler.java:doStop(910)) - Stopped o.e.j.s.ServletContextHandler@6b862f17{/static,jar:file:/home/user/.m2/repository/org/apache/hadoop/hadoop-hdds-container-service/0.5.0-SNAPSHOT/hadoop-hdds-container-service-0.5.0-SNAPSHOT.jar!/webapps/static,UNAVAILABLE}
2019-08-28 15:29:05,144 [main] INFO  handler.ContextHandler (ContextHandler.java:doStop(910)) - Stopped o.e.j.s.ServletContextHandler@3285c141{/logs,file:///workdir/hadoop-ozone/integration-test/target/log,UNAVAILABLE}
2019-08-28 15:29:05,145 [ForkJoinPool.commonPool-worker-0] INFO  handler.ContextHandler (ContextHandler.java:doStop(910)) - Stopped o.e.j.w.WebAppContext@6d4bb60f{/,null,UNAVAILABLE}{/hddsDatanode}
2019-08-28 15:29:05,146 [main] INFO  datanode.ObjectStoreHandler (ObjectStoreHandler.java:close(155)) - Closing ObjectStoreHandler.
2019-08-28 15:29:05,146 [ForkJoinPool.commonPool-worker-0] INFO  server.AbstractConnector (AbstractConnector.java:doStop(318)) - Stopped ServerConnector@29b61bb{HTTP/1.1,[http/1.1]}{0.0.0.0:0}
2019-08-28 15:29:05,146 [main] INFO  ozone.HddsDatanodeService (HddsDatanodeService.java:stop(451)) - Stopped plug-in org.apache.hadoop.ozone.web.OzoneHddsDatanodeService@5fb4870b
2019-08-28 15:29:05,147 [ForkJoinPool.commonPool-worker-0] INFO  handler.ContextHandler (ContextHandler.java:doStop(910)) - Stopped o.e.j.s.ServletContextHandler@caee26e{/static,jar:file:/home/user/.m2/repository/org/apache/hadoop/hadoop-hdds-container-service/0.5.0-SNAPSHOT/hadoop-hdds-container-service-0.5.0-SNAPSHOT.jar!/webapps/static,UNAVAILABLE}
2019-08-28 15:29:05,148 [ForkJoinPool.commonPool-worker-0] INFO  handler.ContextHandler (ContextHandler.java:doStop(910)) - Stopped o.e.j.s.ServletContextHandler@10ecf244{/logs,file:///workdir/hadoop-ozone/integration-test/target/log,UNAVAILABLE}
2019-08-28 15:29:05,149 [ForkJoinPool.commonPool-worker-0] INFO  datanode.ObjectStoreHandler (ObjectStoreHandler.java:close(155)) - Closing ObjectStoreHandler.
2019-08-28 15:29:05,149 [ForkJoinPool.commonPool-worker-0] INFO  ozone.HddsDatanodeService (HddsDatanodeService.java:stop(451)) - Stopped plug-in org.apache.hadoop.ozone.web.OzoneHddsDatanodeService@74ee8f57
2019-08-28 15:29:05,747 [Datanode State Machine Thread - 0] INFO  statemachine.DatanodeStateMachine (DatanodeStateMachine.java:lambda$startDaemon$0(350)) - Ozone container server started.
2019-08-28 15:29:05,885 [Datanode State Machine Thread - 0] INFO  statemachine.DatanodeStateMachine (DatanodeStateMachine.java:lambda$startDaemon$0(350)) - Ozone container server started.
2019-08-28 15:29:09,836 [EventQueue-StaleNodeForStaleNodeHandler] INFO  node.StaleNodeHandler (StaleNodeHandler.java:onMessage(58)) - Datanode 042a280f-dfd9-45c4-b133-20205c7d6255{ip: 192.168.5.160, host: pr-hdds-1950-8p5ww-60544353, networkLocation: /default-rack, certSerialId: null} moved to stale state. Finalizing its pipelines [PipelineID=f54739ae-09ab-4b90-8c31-0958bb87472d, PipelineID=aa3881ba-6ad8-4797-a4e7-9ebb27045d5d]
2019-08-28 15:29:09,837 [EventQueue-StaleNodeForStaleNodeHandler] INFO  pipeline.SCMPipelineManager (SCMPipelineManager.java:finalizeAndDestroyPipeline(309)) - destroying pipeline:Pipeline[ Id: f54739ae-09ab-4b90-8c31-0958bb87472d, Nodes: 042a280f-dfd9-45c4-b133-20205c7d6255{ip: 192.168.5.160, host: pr-hdds-1950-8p5ww-60544353, networkLocation: /default-rack, certSerialId: null}, Type:RATIS, Factor:ONE, State:OPEN]
2019-08-28 15:29:09,837 [EventQueue-StaleNodeForStaleNodeHandler] INFO  pipeline.PipelineStateManager (PipelineStateManager.java:finalizePipeline(123)) - Pipeline Pipeline[ Id: f54739ae-09ab-4b90-8c31-0958bb87472d, Nodes: 042a280f-dfd9-45c4-b133-20205c7d6255{ip: 192.168.5.160, host: pr-hdds-1950-8p5ww-60544353, networkLocation: /default-rack, certSerialId: null}, Type:RATIS, Factor:ONE, State:CLOSED] moved to CLOSED state
2019-08-28 15:29:09,837 [EventQueue-StaleNodeForStaleNodeHandler] INFO  pipeline.SCMPipelineManager (SCMPipelineManager.java:finalizeAndDestroyPipeline(309)) - destroying pipeline:Pipeline[ Id: aa3881ba-6ad8-4797-a4e7-9ebb27045d5d, Nodes: 042a280f-dfd9-45c4-b133-20205c7d6255{ip: 192.168.5.160, host: pr-hdds-1950-8p5ww-60544353, networkLocation: /default-rack, certSerialId: null}96ef22e8-7a4e-4fe1-adeb-c5b0ceb08246{ip: 192.168.5.160, host: pr-hdds-1950-8p5ww-60544353, networkLocation: /default-rack, certSerialId: null}c9e8e19f-54bf-4369-bbaf-73beb462e187{ip: 192.168.5.160, host: pr-hdds-1950-8p5ww-60544353, networkLocation: /default-rack, certSerialId: null}, Type:RATIS, Factor:THREE, State:CLOSED]
2019-08-28 15:29:09,937 [EventQueue-StaleNodeForStaleNodeHandler] INFO  node.StaleNodeHandler (StaleNodeHandler.java:onMessage(58)) - Datanode a6c0da75-1d5f-401d-9e51-895df67a2909{ip: 192.168.5.160, host: pr-hdds-1950-8p5ww-60544353, networkLocation: /default-rack, certSerialId: null} moved to stale state. Finalizing its pipelines [PipelineID=d9398070-4ac2-4090-89be-9a81e225e472]
2019-08-28 15:29:09,937 [EventQueue-StaleNodeForStaleNodeHandler] INFO  pipeline.SCMPipelineManager (SCMPipelineManager.java:finalizeAndDestroyPipeline(309)) - destroying pipeline:Pipeline[ Id: d9398070-4ac2-4090-89be-9a81e225e472, Nodes: a6c0da75-1d5f-401d-9e51-895df67a2909{ip: 192.168.5.160, host: pr-hdds-1950-8p5ww-60544353, networkLocation: /default-rack, certSerialId: null}, Type:RATIS, Factor:ONE, State:OPEN]
2019-08-28 15:29:09,937 [EventQueue-StaleNodeForStaleNodeHandler] INFO  pipeline.PipelineStateManager (PipelineStateManager.java:finalizePipeline(123)) - Pipeline Pipeline[ Id: d9398070-4ac2-4090-89be-9a81e225e472, Nodes: a6c0da75-1d5f-401d-9e51-895df67a2909{ip: 192.168.5.160, host: pr-hdds-1950-8p5ww-60544353, networkLocation: /default-rack, certSerialId: null}, Type:RATIS, Factor:ONE, State:CLOSED] moved to CLOSED state
2019-08-28 15:29:10,148 [main] INFO  ozoneimpl.OzoneContainer (OzoneContainer.java:stop(199)) - Attempting to stop container services.
2019-08-28 15:29:10,148 [main] INFO  impl.RaftServerProxy (RaftServerProxy.java:lambda$close$4(314)) - a6c0da75-1d5f-401d-9e51-895df67a2909: close
2019-08-28 15:29:10,149 [main] INFO  impl.RaftServerImpl (RaftServerImpl.java:lambda$shutdown$3(245)) - a6c0da75-1d5f-401d-9e51-895df67a2909: shutdown group-9A81E225E472
2019-08-28 15:29:10,149 [main] INFO  util.JmxRegister (JmxRegister.java:unregister(73)) - Successfully un-registered JMX Bean with object name Ratis:service=RaftServer,group=group-9A81E225E472,id=a6c0da75-1d5f-401d-9e51-895df67a2909
2019-08-28 15:29:10,150 [main] INFO  impl.RoleInfo (RoleInfo.java:shutdownLeaderState(104)) - a6c0da75-1d5f-401d-9e51-895df67a2909: shutdown LeaderState
2019-08-28 15:29:10,150 [main] INFO  impl.PendingRequests (PendingRequests.java:sendNotLeaderResponses(202)) - a6c0da75-1d5f-401d-9e51-895df67a2909-PendingRequests: sendNotLeaderResponses
2019-08-28 15:29:10,150 [ForkJoinPool.commonPool-worker-0] INFO  ozoneimpl.OzoneContainer (OzoneContainer.java:stop(199)) - Attempting to stop container services.
2019-08-28 15:29:10,150 [main] INFO  impl.StateMachineUpdater (StateMachineUpdater.java:stopAndJoin(115)) - StateMachineUpdater:a6c0da75-1d5f-401d-9e51-895df67a2909:group-9A81E225E472: set stopIndex = 0
2019-08-28 15:29:10,151 [ForkJoinPool.commonPool-worker-0] INFO  impl.RaftServerProxy (RaftServerProxy.java:lambda$close$4(314)) - 042a280f-dfd9-45c4-b133-20205c7d6255: close
2019-08-28 15:29:10,151 [main] INFO  impl.RaftServerImpl (ServerState.java:close(394)) - a6c0da75-1d5f-401d-9e51-895df67a2909:group-9A81E225E472 closes. The last applied log index is 0
2019-08-28 15:29:10,151 [ForkJoinPool.commonPool-worker-0] INFO  impl.RaftServerImpl (RaftServerImpl.java:lambda$shutdown$3(245)) - 042a280f-dfd9-45c4-b133-20205c7d6255: shutdown group-0958BB87472D
2019-08-28 15:29:10,152 [a6c0da75-1d5f-401d-9e51-895df67a2909-SegmentedRaftLogWorker:Storage Directory /workdir/hadoop-ozone/integration-test/target/test-dir/MiniOzoneClusterImpl-dff33e01-b2b8-4087-89b9-ab66c11044e2/datanode-6/data/ratis/d9398070-4ac2-4090-89be-9a81e225e472] INFO  segmented.SegmentedRaftLogWorker (SegmentedRaftLogWorker.java:run(313)) - a6c0da75-1d5f-401d-9e51-895df67a2909-SegmentedRaftLogWorker:Storage Directory /workdir/hadoop-ozone/integration-test/target/test-dir/MiniOzoneClusterImpl-dff33e01-b2b8-4087-89b9-ab66c11044e2/datanode-6/data/ratis/d9398070-4ac2-4090-89be-9a81e225e472 was interrupted, exiting. There are 0 tasks remaining in the queue.
2019-08-28 15:29:10,152 [ForkJoinPool.commonPool-worker-0] INFO  util.JmxRegister (JmxRegister.java:unregister(73)) - Successfully un-registered JMX Bean with object name Ratis:service=RaftServer,group=group-0958BB87472D,id=042a280f-dfd9-45c4-b133-20205c7d6255
2019-08-28 15:29:10,152 [main] INFO  segmented.SegmentedRaftLogWorker (SegmentedRaftLogWorker.java:close(228)) - a6c0da75-1d5f-401d-9e51-895df67a2909-SegmentedRaftLogWorker:Storage Directory /workdir/hadoop-ozone/integration-test/target/test-dir/MiniOzoneClusterImpl-dff33e01-b2b8-4087-89b9-ab66c11044e2/datanode-6/data/ratis/d9398070-4ac2-4090-89be-9a81e225e472 close()
2019-08-28 15:29:10,152 [ForkJoinPool.commonPool-worker-0] INFO  impl.RoleInfo (RoleInfo.java:shutdownLeaderState(104)) - 042a280f-dfd9-45c4-b133-20205c7d6255: shutdown LeaderState
2019-08-28 15:29:10,154 [main] INFO  server.GrpcService (GrpcService.java:closeImpl(155)) - a6c0da75-1d5f-401d-9e51-895df67a2909: shutdown server with port 45751 now
2019-08-28 15:29:10,154 [ForkJoinPool.commonPool-worker-0] INFO  impl.PendingRequests (PendingRequests.java:sendNotLeaderResponses(202)) - 042a280f-dfd9-45c4-b133-20205c7d6255-PendingRequests: sendNotLeaderResponses
2019-08-28 15:29:10,155 [main] INFO  server.GrpcService (GrpcService.java:closeImpl(163)) - a6c0da75-1d5f-401d-9e51-895df67a2909: shutdown server with port 45751 successfully
2019-08-28 15:29:10,155 [ForkJoinPool.commonPool-worker-0] INFO  impl.StateMachineUpdater (StateMachineUpdater.java:stopAndJoin(115)) - StateMachineUpdater:042a280f-dfd9-45c4-b133-20205c7d6255:group-0958BB87472D: set stopIndex = 0
2019-08-28 15:29:10,155 [ForkJoinPool.commonPool-worker-0] INFO  impl.RaftServerImpl (ServerState.java:close(394)) - 042a280f-dfd9-45c4-b133-20205c7d6255:group-0958BB87472D closes. The last applied log index is 0
2019-08-28 15:29:10,156 [042a280f-dfd9-45c4-b133-20205c7d6255-SegmentedRaftLogWorker:Storage Directory /workdir/hadoop-ozone/integration-test/target/test-dir/MiniOzoneClusterImpl-dff33e01-b2b8-4087-89b9-ab66c11044e2/datanode-5/data/ratis/f54739ae-09ab-4b90-8c31-0958bb87472d] INFO  segmented.SegmentedRaftLogWorker (SegmentedRaftLogWorker.java:run(313)) - 042a280f-dfd9-45c4-b133-20205c7d6255-SegmentedRaftLogWorker:Storage Directory /workdir/hadoop-ozone/integration-test/target/test-dir/MiniOzoneClusterImpl-dff33e01-b2b8-4087-89b9-ab66c11044e2/datanode-5/data/ratis/f54739ae-09ab-4b90-8c31-0958bb87472d was interrupted, exiting. There are 0 tasks remaining in the queue.
2019-08-28 15:29:10,157 [main] INFO  utils.BackgroundService (BackgroundService.java:shutdown(148)) - Shutting down service BlockDeletingService
2019-08-28 15:29:10,165 [ForkJoinPool.commonPool-worker-0] INFO  segmented.SegmentedRaftLogWorker (SegmentedRaftLogWorker.java:close(228)) - 042a280f-dfd9-45c4-b133-20205c7d6255-SegmentedRaftLogWorker:Storage Directory /workdir/hadoop-ozone/integration-test/target/test-dir/MiniOzoneClusterImpl-dff33e01-b2b8-4087-89b9-ab66c11044e2/datanode-5/data/ratis/f54739ae-09ab-4b90-8c31-0958bb87472d close()
2019-08-28 15:29:10,165 [refreshUsed-/workdir/hadoop-ozone/integration-test/target/test-dir/MiniOzoneClusterImpl-dff33e01-b2b8-4087-89b9-ab66c11044e2/datanode-6/data/containers] WARN  fs.CachingGetSpaceUsed (CachingGetSpaceUsed.java:run(183)) - Thread Interrupted waiting to refresh disk information: sleep interrupted
2019-08-28 15:29:10,167 [ForkJoinPool.commonPool-worker-0] INFO  impl.RaftServerImpl (RaftServerImpl.java:lambda$shutdown$3(245)) - 042a280f-dfd9-45c4-b133-20205c7d6255: shutdown group-9EBB27045D5D
2019-08-28 15:29:10,167 [ForkJoinPool.commonPool-worker-0] INFO  util.JmxRegister (JmxRegister.java:unregister(73)) - Successfully un-registered JMX Bean with object name Ratis:service=RaftServer,group=group-9EBB27045D5D,id=042a280f-dfd9-45c4-b133-20205c7d6255
2019-08-28 15:29:10,167 [ForkJoinPool.commonPool-worker-0] INFO  impl.RoleInfo (RoleInfo.java:shutdownFollowerState(121)) - 042a280f-dfd9-45c4-b133-20205c7d6255: shutdown FollowerState
2019-08-28 15:29:10,168 [ForkJoinPool.commonPool-worker-0] INFO  impl.StateMachineUpdater (StateMachineUpdater.java:stopAndJoin(115)) - StateMachineUpdater:042a280f-dfd9-45c4-b133-20205c7d6255:group-9EBB27045D5D: set stopIndex = 16
2019-08-28 15:29:10,168 [Thread-3370] INFO  impl.FollowerState (FollowerState.java:run(114)) - 042a280f-dfd9-45c4-b133-20205c7d6255: FollowerState was interrupted: java.lang.InterruptedException: sleep interrupted
2019-08-28 15:29:10,168 [StateMachineUpdater:042a280f-dfd9-45c4-b133-20205c7d6255:group-9EBB27045D5D] INFO  ratis.ContainerStateMachine (ContainerStateMachine.java:takeSnapshot(283)) - group-9EBB27045D5D: Taking a snapshot at:(t:1, i:14) file /workdir/hadoop-ozone/integration-test/target/test-dir/MiniOzoneClusterImpl-dff33e01-b2b8-4087-89b9-ab66c11044e2/datanode-5/data/ratis/aa3881ba-6ad8-4797-a4e7-9ebb27045d5d/sm/snapshot.1_14
2019-08-28 15:29:10,184 [main] INFO  statemachine.DatanodeStateMachine (DatanodeStateMachine.java:stopDaemon(395)) - Ozone container server stopped.
2019-08-28 15:29:10,185 [StateMachineUpdater:042a280f-dfd9-45c4-b133-20205c7d6255:group-9EBB27045D5D] INFO  ratis.ContainerStateMachine (ContainerStateMachine.java:takeSnapshot(294)) - group-9EBB27045D5D: Finished taking a snapshot at:(t:1, i:14) file:/workdir/hadoop-ozone/integration-test/target/test-dir/MiniOzoneClusterImpl-dff33e01-b2b8-4087-89b9-ab66c11044e2/datanode-5/data/ratis/aa3881ba-6ad8-4797-a4e7-9ebb27045d5d/sm/snapshot.1_14 time:17
2019-08-28 15:29:10,185 [StateMachineUpdater:042a280f-dfd9-45c4-b133-20205c7d6255:group-9EBB27045D5D] INFO  impl.StateMachineUpdater (StateMachineUpdater.java:takeSnapshot(242)) - StateMachineUpdater:042a280f-dfd9-45c4-b133-20205c7d6255:group-9EBB27045D5D: Took a snapshot at index 14
2019-08-28 15:29:10,185 [StateMachineUpdater:042a280f-dfd9-45c4-b133-20205c7d6255:group-9EBB27045D5D] INFO  impl.StateMachineUpdater (StateMachineUpdater.java:lambda$new$0(80)) - StateMachineUpdater:042a280f-dfd9-45c4-b133-20205c7d6255:group-9EBB27045D5D: snapshotIndex: updateIncreasingly -1 -> 14
2019-08-28 15:29:10,185 [main] INFO  handler.ContextHandler (ContextHandler.java:doStop(910)) - Stopped o.e.j.w.WebAppContext@1cda3a6d{/,null,UNAVAILABLE}{/hddsDatanode}
2019-08-28 15:29:10,185 [ForkJoinPool.commonPool-worker-0] INFO  impl.RaftServerImpl (ServerState.java:close(394)) - 042a280f-dfd9-45c4-b133-20205c7d6255:group-9EBB27045D5D closes. The last applied log index is 16
2019-08-28 15:29:10,186 [042a280f-dfd9-45c4-b133-20205c7d6255-SegmentedRaftLogWorker:Storage Directory /workdir/hadoop-ozone/integration-test/target/test-dir/MiniOzoneClusterImpl-dff33e01-b2b8-4087-89b9-ab66c11044e2/datanode-5/data/ratis/aa3881ba-6ad8-4797-a4e7-9ebb27045d5d] INFO  segmented.SegmentedRaftLogWorker (SegmentedRaftLogWorker.java:run(313)) - 042a280f-dfd9-45c4-b133-20205c7d6255-SegmentedRaftLogWorker:Storage Directory /workdir/hadoop-ozone/integration-test/target/test-dir/MiniOzoneClusterImpl-dff33e01-b2b8-4087-89b9-ab66c11044e2/datanode-5/data/ratis/aa3881ba-6ad8-4797-a4e7-9ebb27045d5d was interrupted, exiting. There are 0 tasks remaining in the queue.
2019-08-28 15:29:10,187 [main] INFO  server.AbstractConnector (AbstractConnector.java:doStop(318)) - Stopped ServerConnector@4fda9fde{HTTP/1.1,[http/1.1]}{0.0.0.0:0}
2019-08-28 15:29:10,187 [ForkJoinPool.commonPool-worker-0] INFO  segmented.SegmentedRaftLogWorker (SegmentedRaftLogWorker.java:close(228)) - 042a280f-dfd9-45c4-b133-20205c7d6255-SegmentedRaftLogWorker:Storage Directory /workdir/hadoop-ozone/integration-test/target/test-dir/MiniOzoneClusterImpl-dff33e01-b2b8-4087-89b9-ab66c11044e2/datanode-5/data/ratis/aa3881ba-6ad8-4797-a4e7-9ebb27045d5d close()
2019-08-28 15:29:10,188 [main] INFO  handler.ContextHandler (ContextHandler.java:doStop(910)) - Stopped o.e.j.s.ServletContextHandler@43815bc{/static,jar:file:/home/user/.m2/repository/org/apache/hadoop/hadoop-hdds-container-service/0.5.0-SNAPSHOT/hadoop-hdds-container-service-0.5.0-SNAPSHOT.jar!/webapps/static,UNAVAILABLE}
2019-08-28 15:29:10,189 [ForkJoinPool.commonPool-worker-0] INFO  server.GrpcService (GrpcService.java:closeImpl(155)) - 042a280f-dfd9-45c4-b133-20205c7d6255: shutdown server with port 44769 now
2019-08-28 15:29:10,189 [main] INFO  handler.ContextHandler (ContextHandler.java:doStop(910)) - Stopped o.e.j.s.ServletContextHandler@10ef09e3{/logs,file:///workdir/hadoop-ozone/integration-test/target/log,UNAVAILABLE}
2019-08-28 15:29:10,190 [ForkJoinPool.commonPool-worker-0] INFO  server.GrpcService (GrpcService.java:closeImpl(163)) - 042a280f-dfd9-45c4-b133-20205c7d6255: shutdown server with port 44769 successfully
2019-08-28 15:29:10,192 [ForkJoinPool.commonPool-worker-0] INFO  utils.BackgroundService (BackgroundService.java:shutdown(148)) - Shutting down service BlockDeletingService
2019-08-28 15:29:10,193 [refreshUsed-/workdir/hadoop-ozone/integration-test/target/test-dir/MiniOzoneClusterImpl-dff33e01-b2b8-4087-89b9-ab66c11044e2/datanode-5/data/containers] WARN  fs.CachingGetSpaceUsed (CachingGetSpaceUsed.java:run(183)) - Thread Interrupted waiting to refresh disk information: sleep interrupted
2019-08-28 15:29:10,214 [ForkJoinPool.commonPool-worker-0] INFO  statemachine.DatanodeStateMachine (DatanodeStateMachine.java:stopDaemon(395)) - Ozone container server stopped.
2019-08-28 15:29:10,217 [ForkJoinPool.commonPool-worker-0] INFO  handler.ContextHandler (ContextHandler.java:doStop(910)) - Stopped o.e.j.w.WebAppContext@441a2d52{/,null,UNAVAILABLE}{/hddsDatanode}
2019-08-28 15:29:10,218 [ForkJoinPool.commonPool-worker-0] INFO  server.AbstractConnector (AbstractConnector.java:doStop(318)) - Stopped ServerConnector@204b1903{HTTP/1.1,[http/1.1]}{0.0.0.0:0}
2019-08-28 15:29:10,221 [ForkJoinPool.commonPool-worker-0] INFO  handler.ContextHandler (ContextHandler.java:doStop(910)) - Stopped o.e.j.s.ServletContextHandler@48c5a07d{/static,jar:file:/home/user/.m2/repository/org/apache/hadoop/hadoop-hdds-container-service/0.5.0-SNAPSHOT/hadoop-hdds-container-service-0.5.0-SNAPSHOT.jar!/webapps/static,UNAVAILABLE}
2019-08-28 15:29:10,221 [ForkJoinPool.commonPool-worker-0] INFO  handler.ContextHandler (ContextHandler.java:doStop(910)) - Stopped o.e.j.s.ServletContextHandler@4fd2b418{/logs,file:///workdir/hadoop-ozone/integration-test/target/log,UNAVAILABLE}
2019-08-28 15:29:10,222 [main] INFO  ozone.MiniOzoneClusterImpl (MiniOzoneClusterImpl.java:stop(353)) - Stopping the StorageContainerManager
2019-08-28 15:29:10,222 [main] INFO  server.StorageContainerManager (StorageContainerManager.java:stop(797)) - Stopping Replication Manager Service.
2019-08-28 15:29:10,222 [main] INFO  container.ReplicationManager (ReplicationManager.java:stop(193)) - Stopping Replication Monitor Thread.
2019-08-28 15:29:10,223 [main] INFO  server.StorageContainerManager (StorageContainerManager.java:stop(804)) - Stopping Lease Manager of the command watchers
2019-08-28 15:29:10,223 [main] INFO  server.StorageContainerManager (StorageContainerManager.java:stop(811)) - Stopping datanode service RPC server
2019-08-28 15:29:10,223 [main] INFO  server.SCMDatanodeProtocolServer (SCMDatanodeProtocolServer.java:stop(367)) - Stopping the RPC server for DataNodes
2019-08-28 15:29:10,223 [main] INFO  ipc.Server (Server.java:stop(3082)) - Stopping server on 35023
2019-08-28 15:29:10,226 [IPC Server listener on 35023] INFO  ipc.Server (Server.java:run(1185)) - Stopping IPC Server listener on 35023
2019-08-28 15:29:10,226 [IPC Server Responder] INFO  ipc.Server (Server.java:run(1319)) - Stopping IPC Server Responder
2019-08-28 15:29:10,237 [SCM Heartbeat Processing Thread - 0] WARN  node.NodeStateManager (NodeStateManager.java:scheduleNextHealthCheck(646)) - Current Thread is interrupted, shutting down HB processing thread for Node Manager.
2019-08-28 15:29:10,237 [main] INFO  server.StorageContainerManager (StorageContainerManager.java:stop(819)) - Stopping block service RPC server
2019-08-28 15:29:10,238 [main] INFO  server.SCMBlockProtocolServer (SCMBlockProtocolServer.java:stop(148)) - Stopping the RPC server for Block Protocol
2019-08-28 15:29:10,238 [main] INFO  ipc.Server (Server.java:stop(3082)) - Stopping server on 45872
2019-08-28 15:29:10,239 [IPC Server listener on 45872] INFO  ipc.Server (Server.java:run(1185)) - Stopping IPC Server listener on 45872
2019-08-28 15:29:10,239 [main] INFO  server.StorageContainerManager (StorageContainerManager.java:stop(826)) - Stopping the StorageContainerLocationProtocol RPC server
2019-08-28 15:29:10,241 [IPC Server Responder] INFO  ipc.Server (Server.java:run(1319)) - Stopping IPC Server Responder
2019-08-28 15:29:10,241 [main] INFO  server.SCMClientProtocolServer (SCMClientProtocolServer.java:stop(159)) - Stopping the RPC server for Client Protocol
2019-08-28 15:29:10,241 [main] INFO  ipc.Server (Server.java:stop(3082)) - Stopping server on 34800
2019-08-28 15:29:10,243 [main] INFO  server.StorageContainerManager (StorageContainerManager.java:stop(833)) - Stopping Storage Container Manager HTTP server.
2019-08-28 15:29:10,243 [IPC Server Responder] INFO  ipc.Server (Server.java:run(1319)) - Stopping IPC Server Responder
2019-08-28 15:29:10,243 [IPC Server listener on 34800] INFO  ipc.Server (Server.java:run(1185)) - Stopping IPC Server listener on 34800
2019-08-28 15:29:10,245 [main] INFO  handler.ContextHandler (ContextHandler.java:doStop(910)) - Stopped o.e.j.w.WebAppContext@484dde7d{/,null,UNAVAILABLE}{/scm}
2019-08-28 15:29:10,246 [main] INFO  server.AbstractConnector (AbstractConnector.java:doStop(318)) - Stopped ServerConnector@5d729af6{HTTP/1.1,[http/1.1]}{0.0.0.0:0}
2019-08-28 15:29:10,246 [main] INFO  handler.ContextHandler (ContextHandler.java:doStop(910)) - Stopped o.e.j.s.ServletContextHandler@12dd3501{/static,file:///workdir/hadoop-ozone/integration-test/target/test-classes/webapps/static,UNAVAILABLE}
2019-08-28 15:29:10,246 [main] INFO  handler.ContextHandler (ContextHandler.java:doStop(910)) - Stopped o.e.j.s.ServletContextHandler@f14d079{/logs,file:///workdir/hadoop-ozone/integration-test/target/log,UNAVAILABLE}
2019-08-28 15:29:10,247 [main] INFO  server.StorageContainerManager (StorageContainerManager.java:stop(844)) - Stopping Block Manager Service.
2019-08-28 15:29:10,247 [main] INFO  utils.BackgroundService (BackgroundService.java:shutdown(148)) - Shutting down service SCMBlockDeletingService
2019-08-28 15:29:10,248 [main] INFO  utils.BackgroundService (BackgroundService.java:shutdown(148)) - Shutting down service SCMBlockDeletingService
2019-08-28 15:29:10,248 [main] INFO  server.StorageContainerManager (StorageContainerManager.java:stop(866)) - Stopping SCM Event Queue.
2019-08-28 15:29:10,252 [main] INFO  impl.MetricsSystemImpl (MetricsSystemImpl.java:stop(210)) - Stopping HddsDatanode metrics system...
2019-08-28 15:29:10,264 [main] INFO  impl.MetricsSystemImpl (MetricsSystemImpl.java:stop(216)) - HddsDatanode metrics system stopped.
]]></system-out>
    <system-err><![CDATA[Aug 28, 2019 3:28:29 PM com.sun.jersey.server.impl.application.WebApplicationImpl _initiate
INFO: Initiating Jersey application, version 'Jersey: 1.19 02/11/2015 03:25 AM'
Aug 28, 2019 3:28:29 PM com.sun.jersey.server.impl.application.WebApplicationImpl _initiate
INFO: Initiating Jersey application, version 'Jersey: 1.19 02/11/2015 03:25 AM'
Aug 28, 2019 3:28:29 PM com.sun.jersey.server.impl.application.WebApplicationImpl _initiate
INFO: Initiating Jersey application, version 'Jersey: 1.19 02/11/2015 03:25 AM'
Aug 28, 2019 3:28:29 PM com.sun.jersey.server.impl.application.WebApplicationImpl _initiate
INFO: Initiating Jersey application, version 'Jersey: 1.19 02/11/2015 03:25 AM'
Aug 28, 2019 3:28:30 PM com.sun.jersey.server.impl.application.WebApplicationImpl _initiate
INFO: Initiating Jersey application, version 'Jersey: 1.19 02/11/2015 03:25 AM'
Aug 28, 2019 3:28:30 PM com.sun.jersey.server.impl.application.WebApplicationImpl _initiate
INFO: Initiating Jersey application, version 'Jersey: 1.19 02/11/2015 03:25 AM'
Aug 28, 2019 3:28:30 PM com.sun.jersey.server.impl.application.WebApplicationImpl _initiate
INFO: Initiating Jersey application, version 'Jersey: 1.19 02/11/2015 03:25 AM'
Aug 28, 2019 3:28:33 PM org.apache.ratis.thirdparty.io.grpc.internal.ManagedChannelOrphanWrapper$ManagedChannelReference cleanQueue
SEVERE: *~*~*~ Channel ManagedChannelImpl{logId=2655, target=192.168.5.160:37920} was not shutdown properly!!! ~*~*~*
    Make sure to call shutdown()/shutdownNow() and wait until awaitTermination() returns true.
java.lang.RuntimeException: ManagedChannel allocation site
	at org.apache.ratis.thirdparty.io.grpc.internal.ManagedChannelOrphanWrapper$ManagedChannelReference.<init>(ManagedChannelOrphanWrapper.java:103)
	at org.apache.ratis.thirdparty.io.grpc.internal.ManagedChannelOrphanWrapper.<init>(ManagedChannelOrphanWrapper.java:53)
	at org.apache.ratis.thirdparty.io.grpc.internal.ManagedChannelOrphanWrapper.<init>(ManagedChannelOrphanWrapper.java:44)
	at org.apache.ratis.thirdparty.io.grpc.internal.AbstractManagedChannelImplBuilder.build(AbstractManagedChannelImplBuilder.java:411)
	at org.apache.hadoop.hdds.scm.XceiverClientGrpc.connectToDatanode(XceiverClientGrpc.java:174)
	at org.apache.hadoop.hdds.scm.XceiverClientGrpc.reconnect(XceiverClientGrpc.java:422)
	at org.apache.hadoop.hdds.scm.XceiverClientGrpc.sendCommandAsync(XceiverClientGrpc.java:371)
	at org.apache.hadoop.hdds.scm.XceiverClientGrpc.sendCommandWithRetry(XceiverClientGrpc.java:284)
	at org.apache.hadoop.hdds.scm.XceiverClientGrpc.sendCommandWithTraceIDAndRetry(XceiverClientGrpc.java:250)
	at org.apache.hadoop.hdds.scm.XceiverClientGrpc.sendCommand(XceiverClientGrpc.java:233)
	at org.apache.hadoop.hdds.scm.storage.ContainerProtocolCalls.getBlock(ContainerProtocolCalls.java:118)
	at org.apache.hadoop.hdds.scm.storage.BlockInputStream.getChunkInfos(BlockInputStream.java:167)
	at org.apache.hadoop.hdds.scm.storage.BlockInputStream.initialize(BlockInputStream.java:118)
	at org.apache.hadoop.hdds.scm.storage.BlockInputStream.read(BlockInputStream.java:222)
	at org.apache.hadoop.ozone.client.io.KeyInputStream.read(KeyInputStream.java:171)
	at org.apache.hadoop.ozone.client.io.OzoneInputStream.read(OzoneInputStream.java:47)
	at java.io.InputStream.read(InputStream.java:101)
	at org.apache.hadoop.ozone.container.ContainerTestHelper.validateData(ContainerTestHelper.java:713)
	at org.apache.hadoop.ozone.client.rpc.TestBlockOutputStreamWithFailures.validateData(TestBlockOutputStreamWithFailures.java:1216)
	at org.apache.hadoop.ozone.client.rpc.TestBlockOutputStreamWithFailures.testWatchForCommitWithSingleNodeRatis(TestBlockOutputStreamWithFailures.java:918)
	at sun.reflect.NativeMethodAccessorImpl.invoke0(Native Method)
	at sun.reflect.NativeMethodAccessorImpl.invoke(NativeMethodAccessorImpl.java:62)
	at sun.reflect.DelegatingMethodAccessorImpl.invoke(DelegatingMethodAccessorImpl.java:43)
	at java.lang.reflect.Method.invoke(Method.java:498)
	at org.junit.runners.model.FrameworkMethod$1.runReflectiveCall(FrameworkMethod.java:47)
	at org.junit.internal.runners.model.ReflectiveCallable.run(ReflectiveCallable.java:12)
	at org.junit.runners.model.FrameworkMethod.invokeExplosively(FrameworkMethod.java:44)
	at org.junit.internal.runners.statements.InvokeMethod.evaluate(InvokeMethod.java:17)
	at org.junit.internal.runners.statements.RunBefores.evaluate(RunBefores.java:26)
	at org.junit.internal.runners.statements.RunAfters.evaluate(RunAfters.java:27)
	at org.junit.runners.ParentRunner.runLeaf(ParentRunner.java:271)
	at org.junit.runners.BlockJUnit4ClassRunner.runChild(BlockJUnit4ClassRunner.java:70)
	at org.junit.runners.BlockJUnit4ClassRunner.runChild(BlockJUnit4ClassRunner.java:50)
	at org.junit.runners.ParentRunner$3.run(ParentRunner.java:238)
	at org.junit.runners.ParentRunner$1.schedule(ParentRunner.java:63)
	at org.junit.runners.ParentRunner.runChildren(ParentRunner.java:236)
	at org.junit.runners.ParentRunner.access$000(ParentRunner.java:53)
	at org.junit.runners.ParentRunner$2.evaluate(ParentRunner.java:229)
	at org.junit.runners.ParentRunner.run(ParentRunner.java:309)
	at org.apache.maven.surefire.junit4.JUnit4Provider.execute(JUnit4Provider.java:365)
	at org.apache.maven.surefire.junit4.JUnit4Provider.executeWithRerun(JUnit4Provider.java:273)
	at org.apache.maven.surefire.junit4.JUnit4Provider.executeTestSet(JUnit4Provider.java:238)
	at org.apache.maven.surefire.junit4.JUnit4Provider.invoke(JUnit4Provider.java:159)
	at org.apache.maven.surefire.booter.ForkedBooter.invokeProviderInSameClassLoader(ForkedBooter.java:384)
	at org.apache.maven.surefire.booter.ForkedBooter.runSuitesInProcess(ForkedBooter.java:345)
	at org.apache.maven.surefire.booter.ForkedBooter.execute(ForkedBooter.java:126)
	at org.apache.maven.surefire.booter.ForkedBooter.main(ForkedBooter.java:418)

Aug 28, 2019 3:28:33 PM org.apache.ratis.thirdparty.io.grpc.internal.ManagedChannelOrphanWrapper$ManagedChannelReference cleanQueue
SEVERE: *~*~*~ Channel ManagedChannelImpl{logId=2650, target=192.168.5.160:39356} was not shutdown properly!!! ~*~*~*
    Make sure to call shutdown()/shutdownNow() and wait until awaitTermination() returns true.
java.lang.RuntimeException: ManagedChannel allocation site
	at org.apache.ratis.thirdparty.io.grpc.internal.ManagedChannelOrphanWrapper$ManagedChannelReference.<init>(ManagedChannelOrphanWrapper.java:103)
	at org.apache.ratis.thirdparty.io.grpc.internal.ManagedChannelOrphanWrapper.<init>(ManagedChannelOrphanWrapper.java:53)
	at org.apache.ratis.thirdparty.io.grpc.internal.ManagedChannelOrphanWrapper.<init>(ManagedChannelOrphanWrapper.java:44)
	at org.apache.ratis.thirdparty.io.grpc.internal.AbstractManagedChannelImplBuilder.build(AbstractManagedChannelImplBuilder.java:411)
	at org.apache.ratis.grpc.client.GrpcClientProtocolClient.<init>(GrpcClientProtocolClient.java:119)
	at org.apache.ratis.grpc.client.GrpcClientRpc.lambda$new$0(GrpcClientRpc.java:55)
	at org.apache.ratis.util.PeerProxyMap$PeerAndProxy.lambda$getProxy$0(PeerProxyMap.java:61)
	at org.apache.ratis.util.LifeCycle.startAndTransition(LifeCycle.java:202)
	at org.apache.ratis.util.PeerProxyMap$PeerAndProxy.getProxy(PeerProxyMap.java:60)
	at org.apache.ratis.util.PeerProxyMap.getProxy(PeerProxyMap.java:107)
	at org.apache.ratis.grpc.client.GrpcClientRpc.sendRequestAsync(GrpcClientRpc.java:66)
	at org.apache.ratis.client.impl.OrderedAsync.sendRequest(OrderedAsync.java:208)
	at org.apache.ratis.client.impl.OrderedAsync.sendRequestWithRetry(OrderedAsync.java:169)
	at org.apache.ratis.util.SlidingWindow$Client.sendOrDelayRequest(SlidingWindow.java:278)
	at org.apache.ratis.util.SlidingWindow$Client.retry(SlidingWindow.java:294)
	at org.apache.ratis.client.impl.OrderedAsync.lambda$scheduleWithTimeout$7(OrderedAsync.java:195)
	at org.apache.ratis.util.TimeoutScheduler.lambda$onTimeout$0(TimeoutScheduler.java:85)
	at org.apache.ratis.util.TimeoutScheduler.lambda$onTimeout$1(TimeoutScheduler.java:104)
	at org.apache.ratis.util.LogUtils.runAndLog(LogUtils.java:50)
	at org.apache.ratis.util.LogUtils$1.run(LogUtils.java:91)
	at java.util.concurrent.Executors$RunnableAdapter.call(Executors.java:511)
	at java.util.concurrent.FutureTask.run(FutureTask.java:266)
	at java.util.concurrent.ScheduledThreadPoolExecutor$ScheduledFutureTask.access$201(ScheduledThreadPoolExecutor.java:180)
	at java.util.concurrent.ScheduledThreadPoolExecutor$ScheduledFutureTask.run(ScheduledThreadPoolExecutor.java:293)
	at java.util.concurrent.ThreadPoolExecutor.runWorker(ThreadPoolExecutor.java:1149)
	at java.util.concurrent.ThreadPoolExecutor$Worker.run(ThreadPoolExecutor.java:624)
	at java.lang.Thread.run(Thread.java:748)

Aug 28, 2019 3:28:33 PM org.apache.ratis.thirdparty.io.grpc.internal.ManagedChannelOrphanWrapper$ManagedChannelReference cleanQueue
SEVERE: *~*~*~ Channel ManagedChannelImpl{logId=2660, target=192.168.5.160:37920} was not shutdown properly!!! ~*~*~*
    Make sure to call shutdown()/shutdownNow() and wait until awaitTermination() returns true.
java.lang.RuntimeException: ManagedChannel allocation site
	at org.apache.ratis.thirdparty.io.grpc.internal.ManagedChannelOrphanWrapper$ManagedChannelReference.<init>(ManagedChannelOrphanWrapper.java:103)
	at org.apache.ratis.thirdparty.io.grpc.internal.ManagedChannelOrphanWrapper.<init>(ManagedChannelOrphanWrapper.java:53)
	at org.apache.ratis.thirdparty.io.grpc.internal.ManagedChannelOrphanWrapper.<init>(ManagedChannelOrphanWrapper.java:44)
	at org.apache.ratis.thirdparty.io.grpc.internal.AbstractManagedChannelImplBuilder.build(AbstractManagedChannelImplBuilder.java:411)
	at org.apache.hadoop.hdds.scm.XceiverClientGrpc.connectToDatanode(XceiverClientGrpc.java:174)
	at org.apache.hadoop.hdds.scm.XceiverClientGrpc.reconnect(XceiverClientGrpc.java:422)
	at org.apache.hadoop.hdds.scm.XceiverClientGrpc.sendCommandAsync(XceiverClientGrpc.java:371)
	at org.apache.hadoop.hdds.scm.XceiverClientGrpc.sendCommandWithRetry(XceiverClientGrpc.java:284)
	at org.apache.hadoop.hdds.scm.XceiverClientGrpc.sendCommandWithTraceIDAndRetry(XceiverClientGrpc.java:250)
	at org.apache.hadoop.hdds.scm.XceiverClientGrpc.sendCommand(XceiverClientGrpc.java:233)
	at org.apache.hadoop.hdds.scm.storage.ContainerProtocolCalls.getBlock(ContainerProtocolCalls.java:118)
	at org.apache.hadoop.hdds.scm.storage.BlockInputStream.getChunkInfos(BlockInputStream.java:167)
	at org.apache.hadoop.hdds.scm.storage.BlockInputStream.initialize(BlockInputStream.java:118)
	at org.apache.hadoop.hdds.scm.storage.BlockInputStream.read(BlockInputStream.java:222)
	at org.apache.hadoop.ozone.client.io.KeyInputStream.read(KeyInputStream.java:171)
	at org.apache.hadoop.ozone.client.io.OzoneInputStream.read(OzoneInputStream.java:47)
	at java.io.InputStream.read(InputStream.java:101)
	at org.apache.hadoop.ozone.container.ContainerTestHelper.validateData(ContainerTestHelper.java:713)
	at org.apache.hadoop.ozone.client.rpc.TestBlockOutputStreamWithFailures.validateData(TestBlockOutputStreamWithFailures.java:1216)
	at org.apache.hadoop.ozone.client.rpc.TestBlockOutputStreamWithFailures.testWatchForCommitWithSingleNodeRatis(TestBlockOutputStreamWithFailures.java:918)
	at sun.reflect.NativeMethodAccessorImpl.invoke0(Native Method)
	at sun.reflect.NativeMethodAccessorImpl.invoke(NativeMethodAccessorImpl.java:62)
	at sun.reflect.DelegatingMethodAccessorImpl.invoke(DelegatingMethodAccessorImpl.java:43)
	at java.lang.reflect.Method.invoke(Method.java:498)
	at org.junit.runners.model.FrameworkMethod$1.runReflectiveCall(FrameworkMethod.java:47)
	at org.junit.internal.runners.model.ReflectiveCallable.run(ReflectiveCallable.java:12)
	at org.junit.runners.model.FrameworkMethod.invokeExplosively(FrameworkMethod.java:44)
	at org.junit.internal.runners.statements.InvokeMethod.evaluate(InvokeMethod.java:17)
	at org.junit.internal.runners.statements.RunBefores.evaluate(RunBefores.java:26)
	at org.junit.internal.runners.statements.RunAfters.evaluate(RunAfters.java:27)
	at org.junit.runners.ParentRunner.runLeaf(ParentRunner.java:271)
	at org.junit.runners.BlockJUnit4ClassRunner.runChild(BlockJUnit4ClassRunner.java:70)
	at org.junit.runners.BlockJUnit4ClassRunner.runChild(BlockJUnit4ClassRunner.java:50)
	at org.junit.runners.ParentRunner$3.run(ParentRunner.java:238)
	at org.junit.runners.ParentRunner$1.schedule(ParentRunner.java:63)
	at org.junit.runners.ParentRunner.runChildren(ParentRunner.java:236)
	at org.junit.runners.ParentRunner.access$000(ParentRunner.java:53)
	at org.junit.runners.ParentRunner$2.evaluate(ParentRunner.java:229)
	at org.junit.runners.ParentRunner.run(ParentRunner.java:309)
	at org.apache.maven.surefire.junit4.JUnit4Provider.execute(JUnit4Provider.java:365)
	at org.apache.maven.surefire.junit4.JUnit4Provider.executeWithRerun(JUnit4Provider.java:273)
	at org.apache.maven.surefire.junit4.JUnit4Provider.executeTestSet(JUnit4Provider.java:238)
	at org.apache.maven.surefire.junit4.JUnit4Provider.invoke(JUnit4Provider.java:159)
	at org.apache.maven.surefire.booter.ForkedBooter.invokeProviderInSameClassLoader(ForkedBooter.java:384)
	at org.apache.maven.surefire.booter.ForkedBooter.runSuitesInProcess(ForkedBooter.java:345)
	at org.apache.maven.surefire.booter.ForkedBooter.execute(ForkedBooter.java:126)
	at org.apache.maven.surefire.booter.ForkedBooter.main(ForkedBooter.java:418)

]]></system-err>
  </testcase>
  <testcase name="testFailureWithPrimeSizedData" classname="org.apache.hadoop.ozone.client.rpc.TestBlockOutputStreamWithFailures" time="34.883"/>
  <testcase name="testWatchForCommitWithCloseContainerException" classname="org.apache.hadoop.ozone.client.rpc.TestBlockOutputStreamWithFailures" time="43.646"/>
  <testcase name="testExceptionDuringClose" classname="org.apache.hadoop.ozone.client.rpc.TestBlockOutputStreamWithFailures" time="34.708"/>
</testsuite>