<?xml version="1.0" encoding="UTF-8"?>
<testsuite xmlns:xsi="http://www.w3.org/2001/XMLSchema-instance" xsi:noNamespaceSchemaLocation="https://maven.apache.org/surefire/maven-surefire-plugin/xsd/surefire-test-report.xsd" name="org.apache.hadoop.ozone.client.rpc.TestBlockOutputStreamWithFailures" time="781.849" tests="8" errors="1" skipped="0" failures="1">
  <properties>
    <property name="awt.toolkit" value="sun.awt.X11.XToolkit"/>
    <property name="file.encoding.pkg" value="sun.io"/>
    <property name="java.specification.version" value="1.8"/>
    <property name="sun.cpu.isalist" value=""/>
    <property name="sun.jnu.encoding" value="UTF-8"/>
    <property name="java.class.path" value="/workdir/hadoop-ozone/integration-test/target/test-classes:/workdir/hadoop-ozone/integration-test/target/classes:/home/user/.m2/repository/org/apache/hadoop/hadoop-ozone-common/0.5.0-SNAPSHOT/hadoop-ozone-common-0.5.0-SNAPSHOT.jar:/home/user/.m2/repository/org/apache/commons/commons-compress/1.4.1/commons-compress-1.4.1.jar:/home/user/.m2/repository/org/tukaani/xz/1.0/xz-1.0.jar:/home/user/.m2/repository/org/apache/hadoop/hadoop-common/3.2.0/hadoop-common-3.2.0.jar:/home/user/.m2/repository/org/apache/hadoop/hadoop-hdfs/3.2.0/hadoop-hdfs-3.2.0.jar:/home/user/.m2/repository/org/apache/hadoop/hadoop-hdfs-client/3.2.0/hadoop-hdfs-client-3.2.0.jar:/home/user/.m2/repository/com/fasterxml/jackson/core/jackson-annotations/2.9.5/jackson-annotations-2.9.5.jar:/home/user/.m2/repository/org/apache/hadoop/hadoop-hdds-common/0.5.0-SNAPSHOT/hadoop-hdds-common-0.5.0-SNAPSHOT.jar:/home/user/.m2/repository/javax/annotation/javax.annotation-api/1.2/javax.annotation-api-1.2.jar:/home/user/.m2/repository/org/apache/ratis/ratis-server/0.4.0-2337318-SNAPSHOT/ratis-server-0.4.0-2337318-SNAPSHOT.jar:/home/user/.m2/repository/org/apache/ratis/ratis-thirdparty-misc/0.2.0/ratis-thirdparty-misc-0.2.0.jar:/home/user/.m2/repository/org/apache/ratis/ratis-proto/0.4.0-2337318-SNAPSHOT/ratis-proto-0.4.0-2337318-SNAPSHOT.jar:/home/user/.m2/repository/org/apache/ratis/ratis-common/0.4.0-2337318-SNAPSHOT/ratis-common-0.4.0-2337318-SNAPSHOT.jar:/home/user/.m2/repository/org/apache/ratis/ratis-client/0.4.0-2337318-SNAPSHOT/ratis-client-0.4.0-2337318-SNAPSHOT.jar:/home/user/.m2/repository/org/apache/ratis/ratis-metrics/0.4.0-2337318-SNAPSHOT/ratis-metrics-0.4.0-2337318-SNAPSHOT.jar:/home/user/.m2/repository/org/apache/ratis/ratis-netty/0.4.0-2337318-SNAPSHOT/ratis-netty-0.4.0-2337318-SNAPSHOT.jar:/home/user/.m2/repository/org/apache/ratis/ratis-grpc/0.4.0-2337318-SNAPSHOT/ratis-grpc-0.4.0-2337318-SNAPSHOT.jar:/home/user/.m2/repository/org/rocksdb/rocksdbjni/6.0.1/rocksdbjni-6.0.1.jar:/home/user/.m2/repository/org/apache/logging/log4j/log4j-api/2.11.0/log4j-api-2.11.0.jar:/home/user/.m2/repository/org/apache/logging/log4j/log4j-core/2.11.0/log4j-core-2.11.0.jar:/home/user/.m2/repository/com/lmax/disruptor/3.4.2/disruptor-3.4.2.jar:/home/user/.m2/repository/org/apache/commons/commons-pool2/2.6.0/commons-pool2-2.6.0.jar:/home/user/.m2/repository/org/bouncycastle/bcpkix-jdk15on/1.60/bcpkix-jdk15on-1.60.jar:/home/user/.m2/repository/commons-validator/commons-validator/1.6/commons-validator-1.6.jar:/home/user/.m2/repository/commons-digester/commons-digester/1.8.1/commons-digester-1.8.1.jar:/home/user/.m2/repository/io/jaegertracing/jaeger-client/0.33.1/jaeger-client-0.33.1.jar:/home/user/.m2/repository/io/jaegertracing/jaeger-thrift/0.33.1/jaeger-thrift-0.33.1.jar:/home/user/.m2/repository/org/apache/thrift/libthrift/0.11.0/libthrift-0.11.0.jar:/home/user/.m2/repository/com/squareup/okhttp3/okhttp/3.9.0/okhttp-3.9.0.jar:/home/user/.m2/repository/com/squareup/okio/okio/1.13.0/okio-1.13.0.jar:/home/user/.m2/repository/io/jaegertracing/jaeger-core/0.33.1/jaeger-core-0.33.1.jar:/home/user/.m2/repository/io/jaegertracing/jaeger-tracerresolver/0.33.1/jaeger-tracerresolver-0.33.1.jar:/home/user/.m2/repository/io/opentracing/contrib/opentracing-tracerresolver/0.1.5/opentracing-tracerresolver-0.1.5.jar:/home/user/.m2/repository/io/opentracing/opentracing-util/0.31.0/opentracing-util-0.31.0.jar:/home/user/.m2/repository/io/opentracing/opentracing-api/0.31.0/opentracing-api-0.31.0.jar:/home/user/.m2/repository/io/opentracing/opentracing-noop/0.31.0/opentracing-noop-0.31.0.jar:/home/user/.m2/repository/org/apache/hadoop/hadoop-hdds-server-framework/0.5.0-SNAPSHOT/hadoop-hdds-server-framework-0.5.0-SNAPSHOT.jar:/home/user/.m2/repository/org/apache/hadoop/hadoop-hdds-container-service/0.5.0-SNAPSHOT/hadoop-hdds-container-service-0.5.0-SNAPSHOT.jar:/home/user/.m2/repository/org/apache/hadoop/hadoop-hdds-client/0.5.0-SNAPSHOT/hadoop-hdds-client-0.5.0-SNAPSHOT.jar:/home/user/.m2/repository/org/apache/hadoop/hadoop-hdds-tools/0.5.0-SNAPSHOT/hadoop-hdds-tools-0.5.0-SNAPSHOT.jar:/home/user/.m2/repository/org/apache/hadoop/hadoop-hdds-server-scm/0.5.0-SNAPSHOT/hadoop-hdds-server-scm-0.5.0-SNAPSHOT.jar:/home/user/.m2/repository/org/apache/hadoop/hadoop-hdds-docs/0.5.0-SNAPSHOT/hadoop-hdds-docs-0.5.0-SNAPSHOT.jar:/home/user/.m2/repository/io/dropwizard/metrics/metrics-core/3.2.4/metrics-core-3.2.4.jar:/home/user/.m2/repository/org/hamcrest/hamcrest-all/1.3/hamcrest-all-1.3.jar:/home/user/.m2/repository/org/bouncycastle/bcprov-jdk15on/1.60/bcprov-jdk15on-1.60.jar:/home/user/.m2/repository/info/picocli/picocli/3.9.6/picocli-3.9.6.jar:/home/user/.m2/repository/com/google/protobuf/protobuf-java/2.5.0/protobuf-java-2.5.0.jar:/home/user/.m2/repository/com/google/guava/guava/11.0.2/guava-11.0.2.jar:/home/user/.m2/repository/org/apache/hadoop/hadoop-ozone-ozone-manager/0.5.0-SNAPSHOT/hadoop-ozone-ozone-manager-0.5.0-SNAPSHOT.jar:/home/user/.m2/repository/org/apache/hadoop/hadoop-minikdc/3.2.0/hadoop-minikdc-3.2.0.jar:/home/user/.m2/repository/commons-io/commons-io/2.5/commons-io-2.5.jar:/home/user/.m2/repository/org/apache/kerby/kerb-simplekdc/1.0.1/kerb-simplekdc-1.0.1.jar:/home/user/.m2/repository/org/apache/kerby/kerb-client/1.0.1/kerb-client-1.0.1.jar:/home/user/.m2/repository/org/apache/kerby/kerby-config/1.0.1/kerby-config-1.0.1.jar:/home/user/.m2/repository/org/apache/kerby/kerb-core/1.0.1/kerb-core-1.0.1.jar:/home/user/.m2/repository/org/apache/kerby/kerby-pkix/1.0.1/kerby-pkix-1.0.1.jar:/home/user/.m2/repository/org/apache/kerby/kerby-asn1/1.0.1/kerby-asn1-1.0.1.jar:/home/user/.m2/repository/org/apache/kerby/kerby-util/1.0.1/kerby-util-1.0.1.jar:/home/user/.m2/repository/org/apache/kerby/kerb-common/1.0.1/kerb-common-1.0.1.jar:/home/user/.m2/repository/org/apache/kerby/kerb-crypto/1.0.1/kerb-crypto-1.0.1.jar:/home/user/.m2/repository/org/apache/kerby/kerb-util/1.0.1/kerb-util-1.0.1.jar:/home/user/.m2/repository/org/apache/kerby/token-provider/1.0.1/token-provider-1.0.1.jar:/home/user/.m2/repository/org/apache/kerby/kerb-admin/1.0.1/kerb-admin-1.0.1.jar:/home/user/.m2/repository/org/apache/kerby/kerb-server/1.0.1/kerb-server-1.0.1.jar:/home/user/.m2/repository/org/apache/kerby/kerb-identity/1.0.1/kerb-identity-1.0.1.jar:/home/user/.m2/repository/org/apache/kerby/kerby-xdr/1.0.1/kerby-xdr-1.0.1.jar:/home/user/.m2/repository/org/slf4j/slf4j-log4j12/1.7.25/slf4j-log4j12-1.7.25.jar:/home/user/.m2/repository/org/apache/hadoop/hadoop-ozone-objectstore-service/0.5.0-SNAPSHOT/hadoop-ozone-objectstore-service-0.5.0-SNAPSHOT.jar:/home/user/.m2/repository/org/apache/hadoop/hadoop-ozone-s3gateway/0.5.0-SNAPSHOT/hadoop-ozone-s3gateway-0.5.0-SNAPSHOT.jar:/home/user/.m2/repository/org/jboss/weld/servlet/weld-servlet/2.4.7.Final/weld-servlet-2.4.7.Final.jar:/home/user/.m2/repository/org/glassfish/jersey/containers/jersey-container-servlet-core/2.27/jersey-container-servlet-core-2.27.jar:/home/user/.m2/repository/org/glassfish/hk2/external/javax.inject/2.5.0-b42/javax.inject-2.5.0-b42.jar:/home/user/.m2/repository/org/glassfish/jersey/core/jersey-common/2.27/jersey-common-2.27.jar:/home/user/.m2/repository/org/glassfish/hk2/osgi-resource-locator/1.0.1/osgi-resource-locator-1.0.1.jar:/home/user/.m2/repository/javax/ws/rs/javax.ws.rs-api/2.1/javax.ws.rs-api-2.1.jar:/home/user/.m2/repository/org/glassfish/jersey/ext/cdi/jersey-cdi1x/2.27/jersey-cdi1x-2.27.jar:/home/user/.m2/repository/org/glassfish/jersey/inject/jersey-hk2/2.27/jersey-hk2-2.27.jar:/home/user/.m2/repository/org/glassfish/hk2/hk2-locator/2.5.0-b42/hk2-locator-2.5.0-b42.jar:/home/user/.m2/repository/org/javassist/javassist/3.22.0-CR2/javassist-3.22.0-CR2.jar:/home/user/.m2/repository/org/glassfish/hk2/hk2-api/2.5.0/hk2-api-2.5.0.jar:/home/user/.m2/repository/org/glassfish/hk2/external/jakarta.inject/2.5.0/jakarta.inject-2.5.0.jar:/home/user/.m2/repository/org/glassfish/hk2/hk2-utils/2.5.0/hk2-utils-2.5.0.jar:/home/user/.m2/repository/jakarta/annotation/jakarta.annotation-api/1.3.4/jakarta.annotation-api-1.3.4.jar:/home/user/.m2/repository/org/glassfish/hk2/external/aopalliance-repackaged/2.5.0/aopalliance-repackaged-2.5.0.jar:/home/user/.m2/repository/com/fasterxml/jackson/dataformat/jackson-dataformat-xml/2.9.0/jackson-dataformat-xml-2.9.0.jar:/home/user/.m2/repository/com/fasterxml/jackson/core/jackson-core/2.9.5/jackson-core-2.9.5.jar:/home/user/.m2/repository/com/fasterxml/jackson/module/jackson-module-jaxb-annotations/2.9.5/jackson-module-jaxb-annotations-2.9.5.jar:/home/user/.m2/repository/javax/enterprise/cdi-api/1.2/cdi-api-1.2.jar:/home/user/.m2/repository/javax/el/javax.el-api/3.0.0/javax.el-api-3.0.0.jar:/home/user/.m2/repository/javax/interceptor/javax.interceptor-api/1.2/javax.interceptor-api-1.2.jar:/home/user/.m2/repository/javax/inject/javax.inject/1/javax.inject-1.jar:/home/user/.m2/repository/com/sun/xml/bind/jaxb-impl/2.3.0.1/jaxb-impl-2.3.0.1.jar:/home/user/.m2/repository/com/sun/xml/bind/jaxb-core/2.3.0.1/jaxb-core-2.3.0.1.jar:/home/user/.m2/repository/javax/xml/bind/jaxb-api/2.3.0/jaxb-api-2.3.0.jar:/home/user/.m2/repository/javax/activation/activation/1.1.1/activation-1.1.1.jar:/home/user/.m2/repository/org/apache/hadoop/hadoop-ozone-csi/0.5.0-SNAPSHOT/hadoop-ozone-csi-0.5.0-SNAPSHOT.jar:/home/user/.m2/repository/com/google/protobuf/protobuf-java-util/3.5.1/protobuf-java-util-3.5.1.jar:/home/user/.m2/repository/org/apache/hadoop/hadoop-hdds-config/0.5.0-SNAPSHOT/hadoop-hdds-config-0.5.0-SNAPSHOT.jar:/home/user/.m2/repository/io/grpc/grpc-netty/1.17.1/grpc-netty-1.17.1.jar:/home/user/.m2/repository/io/grpc/grpc-core/1.17.1/grpc-core-1.17.1.jar:/home/user/.m2/repository/io/grpc/grpc-context/1.17.1/grpc-context-1.17.1.jar:/home/user/.m2/repository/com/google/errorprone/error_prone_annotations/2.2.0/error_prone_annotations-2.2.0.jar:/home/user/.m2/repository/org/codehaus/mojo/animal-sniffer-annotations/1.17/animal-sniffer-annotations-1.17.jar:/home/user/.m2/repository/io/opencensus/opencensus-api/0.17.0/opencensus-api-0.17.0.jar:/home/user/.m2/repository/io/opencensus/opencensus-contrib-grpc-metrics/0.17.0/opencensus-contrib-grpc-metrics-0.17.0.jar:/home/user/.m2/repository/io/netty/netty-codec-http2/4.1.30.Final/netty-codec-http2-4.1.30.Final.jar:/home/user/.m2/repository/io/netty/netty-codec-http/4.1.30.Final/netty-codec-http-4.1.30.Final.jar:/home/user/.m2/repository/io/netty/netty-codec/4.1.30.Final/netty-codec-4.1.30.Final.jar:/home/user/.m2/repository/io/netty/netty-handler/4.1.30.Final/netty-handler-4.1.30.Final.jar:/home/user/.m2/repository/io/netty/netty-handler-proxy/4.1.30.Final/netty-handler-proxy-4.1.30.Final.jar:/home/user/.m2/repository/io/netty/netty-codec-socks/4.1.30.Final/netty-codec-socks-4.1.30.Final.jar:/home/user/.m2/repository/io/netty/netty-transport-native-epoll/4.1.30.Final/netty-transport-native-epoll-4.1.30.Final.jar:/home/user/.m2/repository/io/netty/netty-common/4.1.30.Final/netty-common-4.1.30.Final.jar:/home/user/.m2/repository/io/netty/netty-buffer/4.1.30.Final/netty-buffer-4.1.30.Final.jar:/home/user/.m2/repository/io/netty/netty-transport/4.1.30.Final/netty-transport-4.1.30.Final.jar:/home/user/.m2/repository/io/netty/netty-resolver/4.1.30.Final/netty-resolver-4.1.30.Final.jar:/home/user/.m2/repository/io/netty/netty-transport-native-unix-common/4.1.30.Final/netty-transport-native-unix-common-4.1.30.Final.jar:/home/user/.m2/repository/io/grpc/grpc-protobuf/1.17.1/grpc-protobuf-1.17.1.jar:/home/user/.m2/repository/com/google/api/grpc/proto-google-common-protos/1.0.0/proto-google-common-protos-1.0.0.jar:/home/user/.m2/repository/io/grpc/grpc-protobuf-lite/1.17.1/grpc-protobuf-lite-1.17.1.jar:/home/user/.m2/repository/io/grpc/grpc-stub/1.17.1/grpc-stub-1.17.1.jar:/home/user/.m2/repository/org/apache/hadoop/hadoop-ozone-recon/0.5.0-SNAPSHOT/hadoop-ozone-recon-0.5.0-SNAPSHOT.jar:/home/user/.m2/repository/org/apache/hadoop/hadoop-ozone-reconcodegen/0.5.0-SNAPSHOT/hadoop-ozone-reconcodegen-0.5.0-SNAPSHOT.jar:/home/user/.m2/repository/com/google/inject/extensions/guice-multibindings/4.0/guice-multibindings-4.0.jar:/home/user/.m2/repository/com/google/inject/guice/4.0/guice-4.0.jar:/home/user/.m2/repository/aopalliance/aopalliance/1.0/aopalliance-1.0.jar:/home/user/.m2/repository/com/google/inject/extensions/guice-servlet/4.0/guice-servlet-4.0.jar:/home/user/.m2/repository/org/glassfish/jersey/containers/jersey-container-servlet/2.27/jersey-container-servlet-2.27.jar:/home/user/.m2/repository/org/glassfish/hk2/guice-bridge/2.5.0/guice-bridge-2.5.0.jar:/home/user/.m2/repository/org/glassfish/jersey/core/jersey-server/2.27/jersey-server-2.27.jar:/home/user/.m2/repository/org/glassfish/jersey/core/jersey-client/2.27/jersey-client-2.27.jar:/home/user/.m2/repository/org/glassfish/jersey/media/jersey-media-jaxb/2.27/jersey-media-jaxb-2.27.jar:/home/user/.m2/repository/javax/validation/validation-api/1.1.0.Final/validation-api-1.1.0.Final.jar:/home/user/.m2/repository/org/glassfish/jersey/media/jersey-media-json-jackson/2.27/jersey-media-json-jackson-2.27.jar:/home/user/.m2/repository/org/glassfish/jersey/ext/jersey-entity-filtering/2.27/jersey-entity-filtering-2.27.jar:/home/user/.m2/repository/com/google/inject/extensions/guice-assistedinject/4.0/guice-assistedinject-4.0.jar:/home/user/.m2/repository/org/jooq/jooq/3.11.10/jooq-3.11.10.jar:/home/user/.m2/repository/org/jooq/jooq-meta/3.11.10/jooq-meta-3.11.10.jar:/home/user/.m2/repository/org/jooq/jooq-codegen/3.11.10/jooq-codegen-3.11.10.jar:/home/user/.m2/repository/com/jolbox/bonecp/0.8.0.RELEASE/bonecp-0.8.0.RELEASE.jar:/home/user/.m2/repository/org/xerial/sqlite-jdbc/3.25.2/sqlite-jdbc-3.25.2.jar:/home/user/.m2/repository/org/springframework/spring-jdbc/5.1.3.RELEASE/spring-jdbc-5.1.3.RELEASE.jar:/home/user/.m2/repository/org/springframework/spring-beans/5.1.3.RELEASE/spring-beans-5.1.3.RELEASE.jar:/home/user/.m2/repository/org/springframework/spring-core/5.1.3.RELEASE/spring-core-5.1.3.RELEASE.jar:/home/user/.m2/repository/org/springframework/spring-jcl/5.1.3.RELEASE/spring-jcl-5.1.3.RELEASE.jar:/home/user/.m2/repository/org/springframework/spring-tx/5.1.3.RELEASE/spring-tx-5.1.3.RELEASE.jar:/home/user/.m2/repository/org/apache/hadoop/hadoop-ozone-client/0.5.0-SNAPSHOT/hadoop-ozone-client-0.5.0-SNAPSHOT.jar:/home/user/.m2/repository/commons-lang/commons-lang/2.6/commons-lang-2.6.jar:/home/user/.m2/repository/org/apache/hadoop/hadoop-ozone-ozone-manager/0.5.0-SNAPSHOT/hadoop-ozone-ozone-manager-0.5.0-SNAPSHOT-tests.jar:/home/user/.m2/repository/junit/junit/4.11/junit-4.11.jar:/home/user/.m2/repository/org/hamcrest/hamcrest-core/1.3/hamcrest-core-1.3.jar:/home/user/.m2/repository/org/openjdk/jmh/jmh-core/1.19/jmh-core-1.19.jar:/home/user/.m2/repository/net/sf/jopt-simple/jopt-simple/4.6/jopt-simple-4.6.jar:/home/user/.m2/repository/org/apache/commons/commons-math3/3.1.1/commons-math3-3.1.1.jar:/home/user/.m2/repository/org/openjdk/jmh/jmh-generator-annprocess/1.19/jmh-generator-annprocess-1.19.jar:/home/user/.m2/repository/org/mockito/mockito-all/1.8.5/mockito-all-1.8.5.jar:/home/user/.m2/repository/org/apache/hadoop/hadoop-kms/3.2.0/hadoop-kms-3.2.0.jar:/home/user/.m2/repository/org/apache/hadoop/hadoop-auth/3.2.0/hadoop-auth-3.2.0.jar:/home/user/.m2/repository/com/nimbusds/nimbus-jose-jwt/4.41.1/nimbus-jose-jwt-4.41.1.jar:/home/user/.m2/repository/com/github/stephenc/jcip/jcip-annotations/1.0-1/jcip-annotations-1.0-1.jar:/home/user/.m2/repository/net/minidev/json-smart/2.3/json-smart-2.3.jar:/home/user/.m2/repository/net/minidev/accessors-smart/1.2/accessors-smart-1.2.jar:/home/user/.m2/repository/org/ow2/asm/asm/5.0.4/asm-5.0.4.jar:/home/user/.m2/repository/org/apache/curator/curator-framework/2.12.0/curator-framework-2.12.0.jar:/home/user/.m2/repository/com/sun/jersey/jersey-core/1.19/jersey-core-1.19.jar:/home/user/.m2/repository/javax/ws/rs/jsr311-api/1.1.1/jsr311-api-1.1.1.jar:/home/user/.m2/repository/com/sun/jersey/jersey-server/1.19/jersey-server-1.19.jar:/home/user/.m2/repository/javax/servlet/javax.servlet-api/3.1.0/javax.servlet-api-3.1.0.jar:/home/user/.m2/repository/org/eclipse/jetty/jetty-server/9.3.24.v20180605/jetty-server-9.3.24.v20180605.jar:/home/user/.m2/repository/org/eclipse/jetty/jetty-http/9.3.24.v20180605/jetty-http-9.3.24.v20180605.jar:/home/user/.m2/repository/org/eclipse/jetty/jetty-io/9.3.24.v20180605/jetty-io-9.3.24.v20180605.jar:/home/user/.m2/repository/org/eclipse/jetty/jetty-webapp/9.3.24.v20180605/jetty-webapp-9.3.24.v20180605.jar:/home/user/.m2/repository/org/eclipse/jetty/jetty-xml/9.3.24.v20180605/jetty-xml-9.3.24.v20180605.jar:/home/user/.m2/repository/log4j/log4j/1.2.17/log4j-1.2.17.jar:/home/user/.m2/repository/org/slf4j/slf4j-api/1.7.25/slf4j-api-1.7.25.jar:/home/user/.m2/repository/org/slf4j/jul-to-slf4j/1.7.25/jul-to-slf4j-1.7.25.jar:/home/user/.m2/repository/org/eclipse/jetty/jetty-util/9.3.24.v20180605/jetty-util-9.3.24.v20180605.jar:/home/user/.m2/repository/com/fasterxml/jackson/core/jackson-databind/2.9.5/jackson-databind-2.9.5.jar:/home/user/.m2/repository/org/apache/hadoop/hadoop-kms/3.2.0/hadoop-kms-3.2.0-tests.jar:/home/user/.m2/repository/org/apache/hadoop/hadoop-hdds-server-scm/0.5.0-SNAPSHOT/hadoop-hdds-server-scm-0.5.0-SNAPSHOT-tests.jar:/home/user/.m2/repository/org/apache/hadoop/hadoop-hdds-container-service/0.5.0-SNAPSHOT/hadoop-hdds-container-service-0.5.0-SNAPSHOT-tests.jar:/home/user/.m2/repository/org/yaml/snakeyaml/1.16/snakeyaml-1.16.jar:/home/user/.m2/repository/org/apache/hadoop/hadoop-common/3.2.0/hadoop-common-3.2.0-tests.jar:/home/user/.m2/repository/org/apache/hadoop/hadoop-annotations/3.2.0/hadoop-annotations-3.2.0.jar:/usr/lib/jvm/java-1.8-openjdk/jre/../lib/tools.jar:/home/user/.m2/repository/commons-cli/commons-cli/1.2/commons-cli-1.2.jar:/home/user/.m2/repository/org/apache/httpcomponents/httpclient/4.5.2/httpclient-4.5.2.jar:/home/user/.m2/repository/org/apache/httpcomponents/httpcore/4.4.4/httpcore-4.4.4.jar:/home/user/.m2/repository/commons-codec/commons-codec/1.11/commons-codec-1.11.jar:/home/user/.m2/repository/commons-net/commons-net/3.6/commons-net-3.6.jar:/home/user/.m2/repository/commons-collections/commons-collections/3.2.2/commons-collections-3.2.2.jar:/home/user/.m2/repository/org/eclipse/jetty/jetty-servlet/9.3.24.v20180605/jetty-servlet-9.3.24.v20180605.jar:/home/user/.m2/repository/org/eclipse/jetty/jetty-security/9.3.24.v20180605/jetty-security-9.3.24.v20180605.jar:/home/user/.m2/repository/javax/servlet/jsp/jsp-api/2.1/jsp-api-2.1.jar:/home/user/.m2/repository/com/sun/jersey/jersey-servlet/1.19/jersey-servlet-1.19.jar:/home/user/.m2/repository/com/sun/jersey/jersey-json/1.19/jersey-json-1.19.jar:/home/user/.m2/repository/org/codehaus/jettison/jettison/1.1/jettison-1.1.jar:/home/user/.m2/repository/org/codehaus/jackson/jackson-core-asl/1.9.13/jackson-core-asl-1.9.13.jar:/home/user/.m2/repository/org/codehaus/jackson/jackson-mapper-asl/1.9.13/jackson-mapper-asl-1.9.13.jar:/home/user/.m2/repository/org/codehaus/jackson/jackson-jaxrs/1.9.13/jackson-jaxrs-1.9.13.jar:/home/user/.m2/repository/org/codehaus/jackson/jackson-xc/1.9.13/jackson-xc-1.9.13.jar:/home/user/.m2/repository/commons-logging/commons-logging/1.1.3/commons-logging-1.1.3.jar:/home/user/.m2/repository/commons-beanutils/commons-beanutils/1.9.3/commons-beanutils-1.9.3.jar:/home/user/.m2/repository/org/apache/commons/commons-configuration2/2.1.1/commons-configuration2-2.1.1.jar:/home/user/.m2/repository/org/apache/commons/commons-lang3/3.7/commons-lang3-3.7.jar:/home/user/.m2/repository/org/apache/commons/commons-text/1.4/commons-text-1.4.jar:/home/user/.m2/repository/org/apache/avro/avro/1.7.7/avro-1.7.7.jar:/home/user/.m2/repository/com/thoughtworks/paranamer/paranamer/2.3/paranamer-2.3.jar:/home/user/.m2/repository/org/xerial/snappy/snappy-java/1.0.5/snappy-java-1.0.5.jar:/home/user/.m2/repository/com/google/re2j/re2j/1.1/re2j-1.1.jar:/home/user/.m2/repository/com/google/code/gson/gson/2.2.4/gson-2.2.4.jar:/home/user/.m2/repository/com/jcraft/jsch/0.1.54/jsch-0.1.54.jar:/home/user/.m2/repository/org/apache/curator/curator-client/2.12.0/curator-client-2.12.0.jar:/home/user/.m2/repository/org/apache/curator/curator-recipes/2.12.0/curator-recipes-2.12.0.jar:/home/user/.m2/repository/com/google/code/findbugs/jsr305/3.0.0/jsr305-3.0.0.jar:/home/user/.m2/repository/org/apache/htrace/htrace-core4/4.1.0-incubating/htrace-core4-4.1.0-incubating.jar:/home/user/.m2/repository/org/apache/zookeeper/zookeeper/3.4.13/zookeeper-3.4.13.jar:/home/user/.m2/repository/org/apache/yetus/audience-annotations/0.5.0/audience-annotations-0.5.0.jar:/home/user/.m2/repository/org/codehaus/woodstox/stax2-api/3.1.4/stax2-api-3.1.4.jar:/home/user/.m2/repository/com/fasterxml/woodstox/woodstox-core/5.0.3/woodstox-core-5.0.3.jar:/home/user/.m2/repository/dnsjava/dnsjava/2.1.7/dnsjava-2.1.7.jar:/home/user/.m2/repository/org/apache/hadoop/hadoop-hdfs/3.2.0/hadoop-hdfs-3.2.0-tests.jar:/home/user/.m2/repository/org/eclipse/jetty/jetty-util-ajax/9.3.24.v20180605/jetty-util-ajax-9.3.24.v20180605.jar:/home/user/.m2/repository/commons-daemon/commons-daemon/1.0.13/commons-daemon-1.0.13.jar:/home/user/.m2/repository/io/netty/netty/3.10.5.Final/netty-3.10.5.Final.jar:/home/user/.m2/repository/io/netty/netty-all/4.0.52.Final/netty-all-4.0.52.Final.jar:/home/user/.m2/repository/org/fusesource/leveldbjni/leveldbjni-all/1.8/leveldbjni-all-1.8.jar:"/>
    <property name="java.vm.vendor" value="IcedTea"/>
    <property name="sun.arch.data.model" value="64"/>
    <property name="test.build.dir" value="/workdir/hadoop-ozone/integration-test/target/test-dir"/>
    <property name="test.cache.data" value=""/>
    <property name="java.vendor.url" value="https://icedtea.classpath.org"/>
    <property name="user.timezone" value=""/>
    <property name="java.vm.specification.version" value="1.8"/>
    <property name="os.name" value="Linux"/>
    <property name="test.build.data" value="/workdir/hadoop-ozone/integration-test/target/test-dir"/>
    <property name="user.country" value="US"/>
    <property name="sun.java.launcher" value="SUN_STANDARD"/>
    <property name="sun.boot.library.path" value="/usr/lib/jvm/java-1.8-openjdk/jre/lib/amd64"/>
    <property name="sun.java.command" value="/workdir/hadoop-ozone/integration-test/target/surefire/surefirebooter1886304401056217549.jar /workdir/hadoop-ozone/integration-test/target/surefire 2019-08-28T18-43-01_020-jvmRun1 surefire2622294093715817417tmp surefire_202345733110519867279tmp"/>
    <property name="test" value="!TestMiniChaosOzoneCluster"/>
    <property name="surefire.test.class.path" value="/workdir/hadoop-ozone/integration-test/target/test-classes:/workdir/hadoop-ozone/integration-test/target/classes:/home/user/.m2/repository/org/apache/hadoop/hadoop-ozone-common/0.5.0-SNAPSHOT/hadoop-ozone-common-0.5.0-SNAPSHOT.jar:/home/user/.m2/repository/org/apache/commons/commons-compress/1.4.1/commons-compress-1.4.1.jar:/home/user/.m2/repository/org/tukaani/xz/1.0/xz-1.0.jar:/home/user/.m2/repository/org/apache/hadoop/hadoop-common/3.2.0/hadoop-common-3.2.0.jar:/home/user/.m2/repository/org/apache/hadoop/hadoop-hdfs/3.2.0/hadoop-hdfs-3.2.0.jar:/home/user/.m2/repository/org/apache/hadoop/hadoop-hdfs-client/3.2.0/hadoop-hdfs-client-3.2.0.jar:/home/user/.m2/repository/com/fasterxml/jackson/core/jackson-annotations/2.9.5/jackson-annotations-2.9.5.jar:/home/user/.m2/repository/org/apache/hadoop/hadoop-hdds-common/0.5.0-SNAPSHOT/hadoop-hdds-common-0.5.0-SNAPSHOT.jar:/home/user/.m2/repository/javax/annotation/javax.annotation-api/1.2/javax.annotation-api-1.2.jar:/home/user/.m2/repository/org/apache/ratis/ratis-server/0.4.0-2337318-SNAPSHOT/ratis-server-0.4.0-2337318-SNAPSHOT.jar:/home/user/.m2/repository/org/apache/ratis/ratis-thirdparty-misc/0.2.0/ratis-thirdparty-misc-0.2.0.jar:/home/user/.m2/repository/org/apache/ratis/ratis-proto/0.4.0-2337318-SNAPSHOT/ratis-proto-0.4.0-2337318-SNAPSHOT.jar:/home/user/.m2/repository/org/apache/ratis/ratis-common/0.4.0-2337318-SNAPSHOT/ratis-common-0.4.0-2337318-SNAPSHOT.jar:/home/user/.m2/repository/org/apache/ratis/ratis-client/0.4.0-2337318-SNAPSHOT/ratis-client-0.4.0-2337318-SNAPSHOT.jar:/home/user/.m2/repository/org/apache/ratis/ratis-metrics/0.4.0-2337318-SNAPSHOT/ratis-metrics-0.4.0-2337318-SNAPSHOT.jar:/home/user/.m2/repository/org/apache/ratis/ratis-netty/0.4.0-2337318-SNAPSHOT/ratis-netty-0.4.0-2337318-SNAPSHOT.jar:/home/user/.m2/repository/org/apache/ratis/ratis-grpc/0.4.0-2337318-SNAPSHOT/ratis-grpc-0.4.0-2337318-SNAPSHOT.jar:/home/user/.m2/repository/org/rocksdb/rocksdbjni/6.0.1/rocksdbjni-6.0.1.jar:/home/user/.m2/repository/org/apache/logging/log4j/log4j-api/2.11.0/log4j-api-2.11.0.jar:/home/user/.m2/repository/org/apache/logging/log4j/log4j-core/2.11.0/log4j-core-2.11.0.jar:/home/user/.m2/repository/com/lmax/disruptor/3.4.2/disruptor-3.4.2.jar:/home/user/.m2/repository/org/apache/commons/commons-pool2/2.6.0/commons-pool2-2.6.0.jar:/home/user/.m2/repository/org/bouncycastle/bcpkix-jdk15on/1.60/bcpkix-jdk15on-1.60.jar:/home/user/.m2/repository/commons-validator/commons-validator/1.6/commons-validator-1.6.jar:/home/user/.m2/repository/commons-digester/commons-digester/1.8.1/commons-digester-1.8.1.jar:/home/user/.m2/repository/io/jaegertracing/jaeger-client/0.33.1/jaeger-client-0.33.1.jar:/home/user/.m2/repository/io/jaegertracing/jaeger-thrift/0.33.1/jaeger-thrift-0.33.1.jar:/home/user/.m2/repository/org/apache/thrift/libthrift/0.11.0/libthrift-0.11.0.jar:/home/user/.m2/repository/com/squareup/okhttp3/okhttp/3.9.0/okhttp-3.9.0.jar:/home/user/.m2/repository/com/squareup/okio/okio/1.13.0/okio-1.13.0.jar:/home/user/.m2/repository/io/jaegertracing/jaeger-core/0.33.1/jaeger-core-0.33.1.jar:/home/user/.m2/repository/io/jaegertracing/jaeger-tracerresolver/0.33.1/jaeger-tracerresolver-0.33.1.jar:/home/user/.m2/repository/io/opentracing/contrib/opentracing-tracerresolver/0.1.5/opentracing-tracerresolver-0.1.5.jar:/home/user/.m2/repository/io/opentracing/opentracing-util/0.31.0/opentracing-util-0.31.0.jar:/home/user/.m2/repository/io/opentracing/opentracing-api/0.31.0/opentracing-api-0.31.0.jar:/home/user/.m2/repository/io/opentracing/opentracing-noop/0.31.0/opentracing-noop-0.31.0.jar:/home/user/.m2/repository/org/apache/hadoop/hadoop-hdds-server-framework/0.5.0-SNAPSHOT/hadoop-hdds-server-framework-0.5.0-SNAPSHOT.jar:/home/user/.m2/repository/org/apache/hadoop/hadoop-hdds-container-service/0.5.0-SNAPSHOT/hadoop-hdds-container-service-0.5.0-SNAPSHOT.jar:/home/user/.m2/repository/org/apache/hadoop/hadoop-hdds-client/0.5.0-SNAPSHOT/hadoop-hdds-client-0.5.0-SNAPSHOT.jar:/home/user/.m2/repository/org/apache/hadoop/hadoop-hdds-tools/0.5.0-SNAPSHOT/hadoop-hdds-tools-0.5.0-SNAPSHOT.jar:/home/user/.m2/repository/org/apache/hadoop/hadoop-hdds-server-scm/0.5.0-SNAPSHOT/hadoop-hdds-server-scm-0.5.0-SNAPSHOT.jar:/home/user/.m2/repository/org/apache/hadoop/hadoop-hdds-docs/0.5.0-SNAPSHOT/hadoop-hdds-docs-0.5.0-SNAPSHOT.jar:/home/user/.m2/repository/io/dropwizard/metrics/metrics-core/3.2.4/metrics-core-3.2.4.jar:/home/user/.m2/repository/org/hamcrest/hamcrest-all/1.3/hamcrest-all-1.3.jar:/home/user/.m2/repository/org/bouncycastle/bcprov-jdk15on/1.60/bcprov-jdk15on-1.60.jar:/home/user/.m2/repository/info/picocli/picocli/3.9.6/picocli-3.9.6.jar:/home/user/.m2/repository/com/google/protobuf/protobuf-java/2.5.0/protobuf-java-2.5.0.jar:/home/user/.m2/repository/com/google/guava/guava/11.0.2/guava-11.0.2.jar:/home/user/.m2/repository/org/apache/hadoop/hadoop-ozone-ozone-manager/0.5.0-SNAPSHOT/hadoop-ozone-ozone-manager-0.5.0-SNAPSHOT.jar:/home/user/.m2/repository/org/apache/hadoop/hadoop-minikdc/3.2.0/hadoop-minikdc-3.2.0.jar:/home/user/.m2/repository/commons-io/commons-io/2.5/commons-io-2.5.jar:/home/user/.m2/repository/org/apache/kerby/kerb-simplekdc/1.0.1/kerb-simplekdc-1.0.1.jar:/home/user/.m2/repository/org/apache/kerby/kerb-client/1.0.1/kerb-client-1.0.1.jar:/home/user/.m2/repository/org/apache/kerby/kerby-config/1.0.1/kerby-config-1.0.1.jar:/home/user/.m2/repository/org/apache/kerby/kerb-core/1.0.1/kerb-core-1.0.1.jar:/home/user/.m2/repository/org/apache/kerby/kerby-pkix/1.0.1/kerby-pkix-1.0.1.jar:/home/user/.m2/repository/org/apache/kerby/kerby-asn1/1.0.1/kerby-asn1-1.0.1.jar:/home/user/.m2/repository/org/apache/kerby/kerby-util/1.0.1/kerby-util-1.0.1.jar:/home/user/.m2/repository/org/apache/kerby/kerb-common/1.0.1/kerb-common-1.0.1.jar:/home/user/.m2/repository/org/apache/kerby/kerb-crypto/1.0.1/kerb-crypto-1.0.1.jar:/home/user/.m2/repository/org/apache/kerby/kerb-util/1.0.1/kerb-util-1.0.1.jar:/home/user/.m2/repository/org/apache/kerby/token-provider/1.0.1/token-provider-1.0.1.jar:/home/user/.m2/repository/org/apache/kerby/kerb-admin/1.0.1/kerb-admin-1.0.1.jar:/home/user/.m2/repository/org/apache/kerby/kerb-server/1.0.1/kerb-server-1.0.1.jar:/home/user/.m2/repository/org/apache/kerby/kerb-identity/1.0.1/kerb-identity-1.0.1.jar:/home/user/.m2/repository/org/apache/kerby/kerby-xdr/1.0.1/kerby-xdr-1.0.1.jar:/home/user/.m2/repository/org/slf4j/slf4j-log4j12/1.7.25/slf4j-log4j12-1.7.25.jar:/home/user/.m2/repository/org/apache/hadoop/hadoop-ozone-objectstore-service/0.5.0-SNAPSHOT/hadoop-ozone-objectstore-service-0.5.0-SNAPSHOT.jar:/home/user/.m2/repository/org/apache/hadoop/hadoop-ozone-s3gateway/0.5.0-SNAPSHOT/hadoop-ozone-s3gateway-0.5.0-SNAPSHOT.jar:/home/user/.m2/repository/org/jboss/weld/servlet/weld-servlet/2.4.7.Final/weld-servlet-2.4.7.Final.jar:/home/user/.m2/repository/org/glassfish/jersey/containers/jersey-container-servlet-core/2.27/jersey-container-servlet-core-2.27.jar:/home/user/.m2/repository/org/glassfish/hk2/external/javax.inject/2.5.0-b42/javax.inject-2.5.0-b42.jar:/home/user/.m2/repository/org/glassfish/jersey/core/jersey-common/2.27/jersey-common-2.27.jar:/home/user/.m2/repository/org/glassfish/hk2/osgi-resource-locator/1.0.1/osgi-resource-locator-1.0.1.jar:/home/user/.m2/repository/javax/ws/rs/javax.ws.rs-api/2.1/javax.ws.rs-api-2.1.jar:/home/user/.m2/repository/org/glassfish/jersey/ext/cdi/jersey-cdi1x/2.27/jersey-cdi1x-2.27.jar:/home/user/.m2/repository/org/glassfish/jersey/inject/jersey-hk2/2.27/jersey-hk2-2.27.jar:/home/user/.m2/repository/org/glassfish/hk2/hk2-locator/2.5.0-b42/hk2-locator-2.5.0-b42.jar:/home/user/.m2/repository/org/javassist/javassist/3.22.0-CR2/javassist-3.22.0-CR2.jar:/home/user/.m2/repository/org/glassfish/hk2/hk2-api/2.5.0/hk2-api-2.5.0.jar:/home/user/.m2/repository/org/glassfish/hk2/external/jakarta.inject/2.5.0/jakarta.inject-2.5.0.jar:/home/user/.m2/repository/org/glassfish/hk2/hk2-utils/2.5.0/hk2-utils-2.5.0.jar:/home/user/.m2/repository/jakarta/annotation/jakarta.annotation-api/1.3.4/jakarta.annotation-api-1.3.4.jar:/home/user/.m2/repository/org/glassfish/hk2/external/aopalliance-repackaged/2.5.0/aopalliance-repackaged-2.5.0.jar:/home/user/.m2/repository/com/fasterxml/jackson/dataformat/jackson-dataformat-xml/2.9.0/jackson-dataformat-xml-2.9.0.jar:/home/user/.m2/repository/com/fasterxml/jackson/core/jackson-core/2.9.5/jackson-core-2.9.5.jar:/home/user/.m2/repository/com/fasterxml/jackson/module/jackson-module-jaxb-annotations/2.9.5/jackson-module-jaxb-annotations-2.9.5.jar:/home/user/.m2/repository/javax/enterprise/cdi-api/1.2/cdi-api-1.2.jar:/home/user/.m2/repository/javax/el/javax.el-api/3.0.0/javax.el-api-3.0.0.jar:/home/user/.m2/repository/javax/interceptor/javax.interceptor-api/1.2/javax.interceptor-api-1.2.jar:/home/user/.m2/repository/javax/inject/javax.inject/1/javax.inject-1.jar:/home/user/.m2/repository/com/sun/xml/bind/jaxb-impl/2.3.0.1/jaxb-impl-2.3.0.1.jar:/home/user/.m2/repository/com/sun/xml/bind/jaxb-core/2.3.0.1/jaxb-core-2.3.0.1.jar:/home/user/.m2/repository/javax/xml/bind/jaxb-api/2.3.0/jaxb-api-2.3.0.jar:/home/user/.m2/repository/javax/activation/activation/1.1.1/activation-1.1.1.jar:/home/user/.m2/repository/org/apache/hadoop/hadoop-ozone-csi/0.5.0-SNAPSHOT/hadoop-ozone-csi-0.5.0-SNAPSHOT.jar:/home/user/.m2/repository/com/google/protobuf/protobuf-java-util/3.5.1/protobuf-java-util-3.5.1.jar:/home/user/.m2/repository/org/apache/hadoop/hadoop-hdds-config/0.5.0-SNAPSHOT/hadoop-hdds-config-0.5.0-SNAPSHOT.jar:/home/user/.m2/repository/io/grpc/grpc-netty/1.17.1/grpc-netty-1.17.1.jar:/home/user/.m2/repository/io/grpc/grpc-core/1.17.1/grpc-core-1.17.1.jar:/home/user/.m2/repository/io/grpc/grpc-context/1.17.1/grpc-context-1.17.1.jar:/home/user/.m2/repository/com/google/errorprone/error_prone_annotations/2.2.0/error_prone_annotations-2.2.0.jar:/home/user/.m2/repository/org/codehaus/mojo/animal-sniffer-annotations/1.17/animal-sniffer-annotations-1.17.jar:/home/user/.m2/repository/io/opencensus/opencensus-api/0.17.0/opencensus-api-0.17.0.jar:/home/user/.m2/repository/io/opencensus/opencensus-contrib-grpc-metrics/0.17.0/opencensus-contrib-grpc-metrics-0.17.0.jar:/home/user/.m2/repository/io/netty/netty-codec-http2/4.1.30.Final/netty-codec-http2-4.1.30.Final.jar:/home/user/.m2/repository/io/netty/netty-codec-http/4.1.30.Final/netty-codec-http-4.1.30.Final.jar:/home/user/.m2/repository/io/netty/netty-codec/4.1.30.Final/netty-codec-4.1.30.Final.jar:/home/user/.m2/repository/io/netty/netty-handler/4.1.30.Final/netty-handler-4.1.30.Final.jar:/home/user/.m2/repository/io/netty/netty-handler-proxy/4.1.30.Final/netty-handler-proxy-4.1.30.Final.jar:/home/user/.m2/repository/io/netty/netty-codec-socks/4.1.30.Final/netty-codec-socks-4.1.30.Final.jar:/home/user/.m2/repository/io/netty/netty-transport-native-epoll/4.1.30.Final/netty-transport-native-epoll-4.1.30.Final.jar:/home/user/.m2/repository/io/netty/netty-common/4.1.30.Final/netty-common-4.1.30.Final.jar:/home/user/.m2/repository/io/netty/netty-buffer/4.1.30.Final/netty-buffer-4.1.30.Final.jar:/home/user/.m2/repository/io/netty/netty-transport/4.1.30.Final/netty-transport-4.1.30.Final.jar:/home/user/.m2/repository/io/netty/netty-resolver/4.1.30.Final/netty-resolver-4.1.30.Final.jar:/home/user/.m2/repository/io/netty/netty-transport-native-unix-common/4.1.30.Final/netty-transport-native-unix-common-4.1.30.Final.jar:/home/user/.m2/repository/io/grpc/grpc-protobuf/1.17.1/grpc-protobuf-1.17.1.jar:/home/user/.m2/repository/com/google/api/grpc/proto-google-common-protos/1.0.0/proto-google-common-protos-1.0.0.jar:/home/user/.m2/repository/io/grpc/grpc-protobuf-lite/1.17.1/grpc-protobuf-lite-1.17.1.jar:/home/user/.m2/repository/io/grpc/grpc-stub/1.17.1/grpc-stub-1.17.1.jar:/home/user/.m2/repository/org/apache/hadoop/hadoop-ozone-recon/0.5.0-SNAPSHOT/hadoop-ozone-recon-0.5.0-SNAPSHOT.jar:/home/user/.m2/repository/org/apache/hadoop/hadoop-ozone-reconcodegen/0.5.0-SNAPSHOT/hadoop-ozone-reconcodegen-0.5.0-SNAPSHOT.jar:/home/user/.m2/repository/com/google/inject/extensions/guice-multibindings/4.0/guice-multibindings-4.0.jar:/home/user/.m2/repository/com/google/inject/guice/4.0/guice-4.0.jar:/home/user/.m2/repository/aopalliance/aopalliance/1.0/aopalliance-1.0.jar:/home/user/.m2/repository/com/google/inject/extensions/guice-servlet/4.0/guice-servlet-4.0.jar:/home/user/.m2/repository/org/glassfish/jersey/containers/jersey-container-servlet/2.27/jersey-container-servlet-2.27.jar:/home/user/.m2/repository/org/glassfish/hk2/guice-bridge/2.5.0/guice-bridge-2.5.0.jar:/home/user/.m2/repository/org/glassfish/jersey/core/jersey-server/2.27/jersey-server-2.27.jar:/home/user/.m2/repository/org/glassfish/jersey/core/jersey-client/2.27/jersey-client-2.27.jar:/home/user/.m2/repository/org/glassfish/jersey/media/jersey-media-jaxb/2.27/jersey-media-jaxb-2.27.jar:/home/user/.m2/repository/javax/validation/validation-api/1.1.0.Final/validation-api-1.1.0.Final.jar:/home/user/.m2/repository/org/glassfish/jersey/media/jersey-media-json-jackson/2.27/jersey-media-json-jackson-2.27.jar:/home/user/.m2/repository/org/glassfish/jersey/ext/jersey-entity-filtering/2.27/jersey-entity-filtering-2.27.jar:/home/user/.m2/repository/com/google/inject/extensions/guice-assistedinject/4.0/guice-assistedinject-4.0.jar:/home/user/.m2/repository/org/jooq/jooq/3.11.10/jooq-3.11.10.jar:/home/user/.m2/repository/org/jooq/jooq-meta/3.11.10/jooq-meta-3.11.10.jar:/home/user/.m2/repository/org/jooq/jooq-codegen/3.11.10/jooq-codegen-3.11.10.jar:/home/user/.m2/repository/com/jolbox/bonecp/0.8.0.RELEASE/bonecp-0.8.0.RELEASE.jar:/home/user/.m2/repository/org/xerial/sqlite-jdbc/3.25.2/sqlite-jdbc-3.25.2.jar:/home/user/.m2/repository/org/springframework/spring-jdbc/5.1.3.RELEASE/spring-jdbc-5.1.3.RELEASE.jar:/home/user/.m2/repository/org/springframework/spring-beans/5.1.3.RELEASE/spring-beans-5.1.3.RELEASE.jar:/home/user/.m2/repository/org/springframework/spring-core/5.1.3.RELEASE/spring-core-5.1.3.RELEASE.jar:/home/user/.m2/repository/org/springframework/spring-jcl/5.1.3.RELEASE/spring-jcl-5.1.3.RELEASE.jar:/home/user/.m2/repository/org/springframework/spring-tx/5.1.3.RELEASE/spring-tx-5.1.3.RELEASE.jar:/home/user/.m2/repository/org/apache/hadoop/hadoop-ozone-client/0.5.0-SNAPSHOT/hadoop-ozone-client-0.5.0-SNAPSHOT.jar:/home/user/.m2/repository/commons-lang/commons-lang/2.6/commons-lang-2.6.jar:/home/user/.m2/repository/org/apache/hadoop/hadoop-ozone-ozone-manager/0.5.0-SNAPSHOT/hadoop-ozone-ozone-manager-0.5.0-SNAPSHOT-tests.jar:/home/user/.m2/repository/junit/junit/4.11/junit-4.11.jar:/home/user/.m2/repository/org/hamcrest/hamcrest-core/1.3/hamcrest-core-1.3.jar:/home/user/.m2/repository/org/openjdk/jmh/jmh-core/1.19/jmh-core-1.19.jar:/home/user/.m2/repository/net/sf/jopt-simple/jopt-simple/4.6/jopt-simple-4.6.jar:/home/user/.m2/repository/org/apache/commons/commons-math3/3.1.1/commons-math3-3.1.1.jar:/home/user/.m2/repository/org/openjdk/jmh/jmh-generator-annprocess/1.19/jmh-generator-annprocess-1.19.jar:/home/user/.m2/repository/org/mockito/mockito-all/1.8.5/mockito-all-1.8.5.jar:/home/user/.m2/repository/org/apache/hadoop/hadoop-kms/3.2.0/hadoop-kms-3.2.0.jar:/home/user/.m2/repository/org/apache/hadoop/hadoop-auth/3.2.0/hadoop-auth-3.2.0.jar:/home/user/.m2/repository/com/nimbusds/nimbus-jose-jwt/4.41.1/nimbus-jose-jwt-4.41.1.jar:/home/user/.m2/repository/com/github/stephenc/jcip/jcip-annotations/1.0-1/jcip-annotations-1.0-1.jar:/home/user/.m2/repository/net/minidev/json-smart/2.3/json-smart-2.3.jar:/home/user/.m2/repository/net/minidev/accessors-smart/1.2/accessors-smart-1.2.jar:/home/user/.m2/repository/org/ow2/asm/asm/5.0.4/asm-5.0.4.jar:/home/user/.m2/repository/org/apache/curator/curator-framework/2.12.0/curator-framework-2.12.0.jar:/home/user/.m2/repository/com/sun/jersey/jersey-core/1.19/jersey-core-1.19.jar:/home/user/.m2/repository/javax/ws/rs/jsr311-api/1.1.1/jsr311-api-1.1.1.jar:/home/user/.m2/repository/com/sun/jersey/jersey-server/1.19/jersey-server-1.19.jar:/home/user/.m2/repository/javax/servlet/javax.servlet-api/3.1.0/javax.servlet-api-3.1.0.jar:/home/user/.m2/repository/org/eclipse/jetty/jetty-server/9.3.24.v20180605/jetty-server-9.3.24.v20180605.jar:/home/user/.m2/repository/org/eclipse/jetty/jetty-http/9.3.24.v20180605/jetty-http-9.3.24.v20180605.jar:/home/user/.m2/repository/org/eclipse/jetty/jetty-io/9.3.24.v20180605/jetty-io-9.3.24.v20180605.jar:/home/user/.m2/repository/org/eclipse/jetty/jetty-webapp/9.3.24.v20180605/jetty-webapp-9.3.24.v20180605.jar:/home/user/.m2/repository/org/eclipse/jetty/jetty-xml/9.3.24.v20180605/jetty-xml-9.3.24.v20180605.jar:/home/user/.m2/repository/log4j/log4j/1.2.17/log4j-1.2.17.jar:/home/user/.m2/repository/org/slf4j/slf4j-api/1.7.25/slf4j-api-1.7.25.jar:/home/user/.m2/repository/org/slf4j/jul-to-slf4j/1.7.25/jul-to-slf4j-1.7.25.jar:/home/user/.m2/repository/org/eclipse/jetty/jetty-util/9.3.24.v20180605/jetty-util-9.3.24.v20180605.jar:/home/user/.m2/repository/com/fasterxml/jackson/core/jackson-databind/2.9.5/jackson-databind-2.9.5.jar:/home/user/.m2/repository/org/apache/hadoop/hadoop-kms/3.2.0/hadoop-kms-3.2.0-tests.jar:/home/user/.m2/repository/org/apache/hadoop/hadoop-hdds-server-scm/0.5.0-SNAPSHOT/hadoop-hdds-server-scm-0.5.0-SNAPSHOT-tests.jar:/home/user/.m2/repository/org/apache/hadoop/hadoop-hdds-container-service/0.5.0-SNAPSHOT/hadoop-hdds-container-service-0.5.0-SNAPSHOT-tests.jar:/home/user/.m2/repository/org/yaml/snakeyaml/1.16/snakeyaml-1.16.jar:/home/user/.m2/repository/org/apache/hadoop/hadoop-common/3.2.0/hadoop-common-3.2.0-tests.jar:/home/user/.m2/repository/org/apache/hadoop/hadoop-annotations/3.2.0/hadoop-annotations-3.2.0.jar:/usr/lib/jvm/java-1.8-openjdk/jre/../lib/tools.jar:/home/user/.m2/repository/commons-cli/commons-cli/1.2/commons-cli-1.2.jar:/home/user/.m2/repository/org/apache/httpcomponents/httpclient/4.5.2/httpclient-4.5.2.jar:/home/user/.m2/repository/org/apache/httpcomponents/httpcore/4.4.4/httpcore-4.4.4.jar:/home/user/.m2/repository/commons-codec/commons-codec/1.11/commons-codec-1.11.jar:/home/user/.m2/repository/commons-net/commons-net/3.6/commons-net-3.6.jar:/home/user/.m2/repository/commons-collections/commons-collections/3.2.2/commons-collections-3.2.2.jar:/home/user/.m2/repository/org/eclipse/jetty/jetty-servlet/9.3.24.v20180605/jetty-servlet-9.3.24.v20180605.jar:/home/user/.m2/repository/org/eclipse/jetty/jetty-security/9.3.24.v20180605/jetty-security-9.3.24.v20180605.jar:/home/user/.m2/repository/javax/servlet/jsp/jsp-api/2.1/jsp-api-2.1.jar:/home/user/.m2/repository/com/sun/jersey/jersey-servlet/1.19/jersey-servlet-1.19.jar:/home/user/.m2/repository/com/sun/jersey/jersey-json/1.19/jersey-json-1.19.jar:/home/user/.m2/repository/org/codehaus/jettison/jettison/1.1/jettison-1.1.jar:/home/user/.m2/repository/org/codehaus/jackson/jackson-core-asl/1.9.13/jackson-core-asl-1.9.13.jar:/home/user/.m2/repository/org/codehaus/jackson/jackson-mapper-asl/1.9.13/jackson-mapper-asl-1.9.13.jar:/home/user/.m2/repository/org/codehaus/jackson/jackson-jaxrs/1.9.13/jackson-jaxrs-1.9.13.jar:/home/user/.m2/repository/org/codehaus/jackson/jackson-xc/1.9.13/jackson-xc-1.9.13.jar:/home/user/.m2/repository/commons-logging/commons-logging/1.1.3/commons-logging-1.1.3.jar:/home/user/.m2/repository/commons-beanutils/commons-beanutils/1.9.3/commons-beanutils-1.9.3.jar:/home/user/.m2/repository/org/apache/commons/commons-configuration2/2.1.1/commons-configuration2-2.1.1.jar:/home/user/.m2/repository/org/apache/commons/commons-lang3/3.7/commons-lang3-3.7.jar:/home/user/.m2/repository/org/apache/commons/commons-text/1.4/commons-text-1.4.jar:/home/user/.m2/repository/org/apache/avro/avro/1.7.7/avro-1.7.7.jar:/home/user/.m2/repository/com/thoughtworks/paranamer/paranamer/2.3/paranamer-2.3.jar:/home/user/.m2/repository/org/xerial/snappy/snappy-java/1.0.5/snappy-java-1.0.5.jar:/home/user/.m2/repository/com/google/re2j/re2j/1.1/re2j-1.1.jar:/home/user/.m2/repository/com/google/code/gson/gson/2.2.4/gson-2.2.4.jar:/home/user/.m2/repository/com/jcraft/jsch/0.1.54/jsch-0.1.54.jar:/home/user/.m2/repository/org/apache/curator/curator-client/2.12.0/curator-client-2.12.0.jar:/home/user/.m2/repository/org/apache/curator/curator-recipes/2.12.0/curator-recipes-2.12.0.jar:/home/user/.m2/repository/com/google/code/findbugs/jsr305/3.0.0/jsr305-3.0.0.jar:/home/user/.m2/repository/org/apache/htrace/htrace-core4/4.1.0-incubating/htrace-core4-4.1.0-incubating.jar:/home/user/.m2/repository/org/apache/zookeeper/zookeeper/3.4.13/zookeeper-3.4.13.jar:/home/user/.m2/repository/org/apache/yetus/audience-annotations/0.5.0/audience-annotations-0.5.0.jar:/home/user/.m2/repository/org/codehaus/woodstox/stax2-api/3.1.4/stax2-api-3.1.4.jar:/home/user/.m2/repository/com/fasterxml/woodstox/woodstox-core/5.0.3/woodstox-core-5.0.3.jar:/home/user/.m2/repository/dnsjava/dnsjava/2.1.7/dnsjava-2.1.7.jar:/home/user/.m2/repository/org/apache/hadoop/hadoop-hdfs/3.2.0/hadoop-hdfs-3.2.0-tests.jar:/home/user/.m2/repository/org/eclipse/jetty/jetty-util-ajax/9.3.24.v20180605/jetty-util-ajax-9.3.24.v20180605.jar:/home/user/.m2/repository/commons-daemon/commons-daemon/1.0.13/commons-daemon-1.0.13.jar:/home/user/.m2/repository/io/netty/netty/3.10.5.Final/netty-3.10.5.Final.jar:/home/user/.m2/repository/io/netty/netty-all/4.0.52.Final/netty-all-4.0.52.Final.jar:/home/user/.m2/repository/org/fusesource/leveldbjni/leveldbjni-all/1.8/leveldbjni-all-1.8.jar:"/>
    <property name="sun.cpu.endian" value="little"/>
    <property name="user.home" value="/home/user"/>
    <property name="user.language" value="en"/>
    <property name="java.specification.vendor" value="Oracle Corporation"/>
    <property name="java.home" value="/usr/lib/jvm/java-1.8-openjdk/jre"/>
    <property name="java.security.krb5.conf" value="/workdir/hadoop-ozone/integration-test/target/test-classes/krb5.conf"/>
    <property name="basedir" value="/workdir/hadoop-ozone/integration-test"/>
    <property name="file.separator" value="/"/>
    <property name="line.separator" value="&#10;"/>
    <property name="java.vm.specification.vendor" value="Oracle Corporation"/>
    <property name="java.specification.name" value="Java Platform API Specification"/>
    <property name="java.awt.graphicsenv" value="sun.awt.X11GraphicsEnvironment"/>
    <property name="surefire.real.class.path" value="/workdir/hadoop-ozone/integration-test/target/surefire/surefirebooter1886304401056217549.jar"/>
    <property name="hadoop.log.dir" value="/workdir/hadoop-ozone/integration-test/target/log"/>
    <property name="sun.boot.class.path" value="/usr/lib/jvm/java-1.8-openjdk/jre/lib/resources.jar:/usr/lib/jvm/java-1.8-openjdk/jre/lib/rt.jar:/usr/lib/jvm/java-1.8-openjdk/jre/lib/sunrsasign.jar:/usr/lib/jvm/java-1.8-openjdk/jre/lib/jsse.jar:/usr/lib/jvm/java-1.8-openjdk/jre/lib/jce.jar:/usr/lib/jvm/java-1.8-openjdk/jre/lib/charsets.jar:/usr/lib/jvm/java-1.8-openjdk/jre/lib/jfr.jar:/usr/lib/jvm/java-1.8-openjdk/jre/classes"/>
    <property name="sun.management.compiler" value="HotSpot 64-Bit Tiered Compilers"/>
    <property name="java.runtime.version" value="1.8.0_212-b04"/>
    <property name="java.net.preferIPv4Stack" value="true"/>
    <property name="user.name" value="jenkins1000"/>
    <property name="path.separator" value=":"/>
    <property name="java.security.egd" value="file:///dev/urandom"/>
    <property name="os.version" value="3.10.0-957.12.2.el7.x86_64"/>
    <property name="java.endorsed.dirs" value="/usr/lib/jvm/java-1.8-openjdk/jre/lib/endorsed"/>
    <property name="java.runtime.name" value="OpenJDK Runtime Environment"/>
    <property name="file.encoding" value="UTF-8"/>
    <property name="java.vm.name" value="OpenJDK 64-Bit Server VM"/>
    <property name="test.build.webapps" value=""/>
    <property name="localRepository" value="/home/user/.m2/repository"/>
    <property name="java.vendor.url.bug" value="https://icedtea.classpath.org/bugzilla"/>
    <property name="java.io.tmpdir" value="/tmp"/>
    <property name="require.test.libhadoop" value=""/>
    <property name="java.version" value="1.8.0_212"/>
    <property name="user.dir" value="/workdir/hadoop-ozone/integration-test"/>
    <property name="os.arch" value="amd64"/>
    <property name="java.vm.specification.name" value="Java Virtual Machine Specification"/>
    <property name="test.build.classes" value="/workdir/hadoop-ozone/integration-test/target/test-classes"/>
    <property name="java.awt.printerjob" value="sun.print.PSPrinterJob"/>
    <property name="sun.os.patch.level" value="unknown"/>
    <property name="hadoop.tmp.dir" value="/workdir/hadoop-ozone/integration-test/target/tmp"/>
    <property name="java.library.path" value="/usr/lib/jvm/java-1.8-openjdk/jre/lib/amd64/server:/usr/lib/jvm/java-1.8-openjdk/jre/lib/amd64:/usr/lib/jvm/java-1.8-openjdk/jre/../lib/amd64:/workdir/hadoop-ozone/integration-test/target/native/target/usr/local/lib:/workdir/hadoop-ozone/integration-test/../../hadoop-common-project/hadoop-common/target/native/target/usr/local/lib:/usr/java/packages/lib/amd64:/usr/lib64:/lib64:/lib:/usr/lib"/>
    <property name="java.vm.info" value="mixed mode"/>
    <property name="java.vendor" value="IcedTea"/>
    <property name="java.vm.version" value="25.212-b04"/>
    <property name="java.ext.dirs" value="/usr/lib/jvm/java-1.8-openjdk/jre/lib/ext:/usr/java/packages/lib/ext"/>
    <property name="sun.io.unicode.encoding" value="UnicodeLittle"/>
    <property name="java.class.version" value="52.0"/>
  </properties>
  <testcase name="test2DatanodesFailure" classname="org.apache.hadoop.ozone.client.rpc.TestBlockOutputStreamWithFailures" time="112.761">
    <error message="Allocated 0 blocks. Requested 1 blocks" type="INTERNAL_ERROR org.apache.hadoop.ozone.om.exceptions.OMException">INTERNAL_ERROR org.apache.hadoop.ozone.om.exceptions.OMException: Allocated 0 blocks. Requested 1 blocks
	at org.apache.hadoop.ozone.om.protocolPB.OzoneManagerProtocolClientSideTranslatorPB.handleError(OzoneManagerProtocolClientSideTranslatorPB.java:725)
	at org.apache.hadoop.ozone.om.protocolPB.OzoneManagerProtocolClientSideTranslatorPB.allocateBlock(OzoneManagerProtocolClientSideTranslatorPB.java:757)
	at org.apache.hadoop.ozone.client.io.BlockOutputStreamEntryPool.allocateNewBlock(BlockOutputStreamEntryPool.java:248)
	at org.apache.hadoop.ozone.client.io.BlockOutputStreamEntryPool.allocateBlockIfNeeded(BlockOutputStreamEntryPool.java:296)
	at org.apache.hadoop.ozone.client.io.KeyOutputStream.handleWrite(KeyOutputStream.java:201)
	at org.apache.hadoop.ozone.client.io.KeyOutputStream.handleRetry(KeyOutputStream.java:376)
	at org.apache.hadoop.ozone.client.io.KeyOutputStream.handleException(KeyOutputStream.java:325)
	at org.apache.hadoop.ozone.client.io.KeyOutputStream.handleFlushOrClose(KeyOutputStream.java:448)
	at org.apache.hadoop.ozone.client.io.KeyOutputStream.flush(KeyOutputStream.java:396)
	at org.apache.hadoop.ozone.client.io.OzoneOutputStream.flush(OzoneOutputStream.java:54)
	at org.apache.hadoop.ozone.client.rpc.TestBlockOutputStreamWithFailures.test2DatanodesFailure(TestBlockOutputStreamWithFailures.java:502)
	at sun.reflect.NativeMethodAccessorImpl.invoke0(Native Method)
	at sun.reflect.NativeMethodAccessorImpl.invoke(NativeMethodAccessorImpl.java:62)
	at sun.reflect.DelegatingMethodAccessorImpl.invoke(DelegatingMethodAccessorImpl.java:43)
	at java.lang.reflect.Method.invoke(Method.java:498)
	at org.junit.runners.model.FrameworkMethod$1.runReflectiveCall(FrameworkMethod.java:47)
	at org.junit.internal.runners.model.ReflectiveCallable.run(ReflectiveCallable.java:12)
	at org.junit.runners.model.FrameworkMethod.invokeExplosively(FrameworkMethod.java:44)
	at org.junit.internal.runners.statements.InvokeMethod.evaluate(InvokeMethod.java:17)
	at org.junit.internal.runners.statements.RunBefores.evaluate(RunBefores.java:26)
	at org.junit.internal.runners.statements.RunAfters.evaluate(RunAfters.java:27)
	at org.junit.runners.ParentRunner.runLeaf(ParentRunner.java:271)
	at org.junit.runners.BlockJUnit4ClassRunner.runChild(BlockJUnit4ClassRunner.java:70)
	at org.junit.runners.BlockJUnit4ClassRunner.runChild(BlockJUnit4ClassRunner.java:50)
	at org.junit.runners.ParentRunner$3.run(ParentRunner.java:238)
	at org.junit.runners.ParentRunner$1.schedule(ParentRunner.java:63)
	at org.junit.runners.ParentRunner.runChildren(ParentRunner.java:236)
	at org.junit.runners.ParentRunner.access$000(ParentRunner.java:53)
	at org.junit.runners.ParentRunner$2.evaluate(ParentRunner.java:229)
	at org.junit.runners.ParentRunner.run(ParentRunner.java:309)
	at org.apache.maven.surefire.junit4.JUnit4Provider.execute(JUnit4Provider.java:365)
	at org.apache.maven.surefire.junit4.JUnit4Provider.executeWithRerun(JUnit4Provider.java:273)
	at org.apache.maven.surefire.junit4.JUnit4Provider.executeTestSet(JUnit4Provider.java:238)
	at org.apache.maven.surefire.junit4.JUnit4Provider.invoke(JUnit4Provider.java:159)
	at org.apache.maven.surefire.booter.ForkedBooter.invokeProviderInSameClassLoader(ForkedBooter.java:384)
	at org.apache.maven.surefire.booter.ForkedBooter.runSuitesInProcess(ForkedBooter.java:345)
	at org.apache.maven.surefire.booter.ForkedBooter.execute(ForkedBooter.java:126)
	at org.apache.maven.surefire.booter.ForkedBooter.main(ForkedBooter.java:418)
</error>
    <system-out><![CDATA[2019-08-28 18:52:26,366 [main] WARN  server.ServerUtils (ServerUtils.java:getScmDbDir(145)) - ozone.scm.db.dirs is not configured. We recommend adding this setting. Falling back to ozone.metadata.dirs instead.
2019-08-28 18:52:26,498 [main] WARN  server.ServerUtils (ServerUtils.java:getScmDbDir(145)) - ozone.scm.db.dirs is not configured. We recommend adding this setting. Falling back to ozone.metadata.dirs instead.
2019-08-28 18:52:26,502 [main] WARN  server.ServerUtils (ServerUtils.java:getScmDbDir(145)) - ozone.scm.db.dirs is not configured. We recommend adding this setting. Falling back to ozone.metadata.dirs instead.
2019-08-28 18:52:26,524 [main] INFO  util.log (Log.java:initialized(192)) - Logging initialized @966ms
2019-08-28 18:52:26,632 [main] INFO  db.DBStoreBuilder (DBStoreBuilder.java:addTable(110)) - using custom profile for table: deletedBlocks
2019-08-28 18:52:26,632 [main] INFO  db.DBStoreBuilder (DBStoreBuilder.java:processTables(161)) - Using default column profile:DBProfile.DISK for Table:deletedBlocks
2019-08-28 18:52:26,633 [main] INFO  db.DBStoreBuilder (DBStoreBuilder.java:addTable(110)) - using custom profile for table: validCerts
2019-08-28 18:52:26,633 [main] INFO  db.DBStoreBuilder (DBStoreBuilder.java:processTables(161)) - Using default column profile:DBProfile.DISK for Table:validCerts
2019-08-28 18:52:26,633 [main] INFO  db.DBStoreBuilder (DBStoreBuilder.java:addTable(110)) - using custom profile for table: revokedCerts
2019-08-28 18:52:26,634 [main] INFO  db.DBStoreBuilder (DBStoreBuilder.java:processTables(161)) - Using default column profile:DBProfile.DISK for Table:revokedCerts
2019-08-28 18:52:26,647 [main] INFO  db.DBStoreBuilder (DBStoreBuilder.java:addTable(110)) - using custom profile for table: default
2019-08-28 18:52:26,647 [main] INFO  db.DBStoreBuilder (DBStoreBuilder.java:processTables(167)) - Using default column profile:DBProfile.DISK for Table:default
2019-08-28 18:52:26,648 [main] INFO  db.DBStoreBuilder (DBStoreBuilder.java:getDbProfile(198)) - Using default options. DBProfile.DISK
2019-08-28 18:52:27,055 [main] INFO  net.NodeSchemaLoader (NodeSchemaLoader.java:loadSchemaFromFile(125)) - Loading file from sun.misc.CompoundEnumeration@5f058f00
2019-08-28 18:52:27,058 [main] INFO  net.NodeSchemaLoader (NodeSchemaLoader.java:loadSchema(171)) - Loading network topology layer schema file
2019-08-28 18:52:27,148 [main] INFO  node.SCMNodeManager (SCMNodeManager.java:<init>(121)) - Entering startup safe mode.
2019-08-28 18:52:27,221 [main] INFO  algorithms.ContainerPlacementPolicyFactory (ContainerPlacementPolicyFactory.java:getPolicy(55)) - Create container placement policy of type org.apache.hadoop.hdds.scm.container.placement.algorithms.SCMContainerPlacementRandom
2019-08-28 18:52:27,236 [main] WARN  server.ServerUtils (ServerUtils.java:getScmDbDir(145)) - ozone.scm.db.dirs is not configured. We recommend adding this setting. Falling back to ozone.metadata.dirs instead.
2019-08-28 18:52:27,325 [main] INFO  pipeline.SCMPipelineManager (SCMPipelineManager.java:initializePipelineState(126)) - No pipeline exists in current db
2019-08-28 18:52:27,328 [main] WARN  server.ServerUtils (ServerUtils.java:getScmDbDir(145)) - ozone.scm.db.dirs is not configured. We recommend adding this setting. Falling back to ozone.metadata.dirs instead.
2019-08-28 18:52:27,533 [main] WARN  events.EventQueue (EventQueue.java:fireEvent(175)) - No event handler registered for event TypedEvent{payloadType=SafeModeStatus, name='SafeModeStatus'}
2019-08-28 18:52:28,085 [main] INFO  ipc.CallQueueManager (CallQueueManager.java:<init>(84)) - Using callQueue: class java.util.concurrent.LinkedBlockingQueue, queueCapacity: 2000, scheduler: class org.apache.hadoop.ipc.DefaultRpcScheduler, ipcBackoff: false.
2019-08-28 18:52:28,481 [Socket Reader #1 for port 41517] INFO  ipc.Server (Server.java:run(1074)) - Starting Socket Reader #1 for port 41517
2019-08-28 18:52:28,514 [main] INFO  ipc.CallQueueManager (CallQueueManager.java:<init>(84)) - Using callQueue: class java.util.concurrent.LinkedBlockingQueue, queueCapacity: 2000, scheduler: class org.apache.hadoop.ipc.DefaultRpcScheduler, ipcBackoff: false.
2019-08-28 18:52:28,515 [Socket Reader #1 for port 38508] INFO  ipc.Server (Server.java:run(1074)) - Starting Socket Reader #1 for port 38508
2019-08-28 18:52:28,525 [main] INFO  ipc.CallQueueManager (CallQueueManager.java:<init>(84)) - Using callQueue: class java.util.concurrent.LinkedBlockingQueue, queueCapacity: 2000, scheduler: class org.apache.hadoop.ipc.DefaultRpcScheduler, ipcBackoff: false.
2019-08-28 18:52:28,526 [Socket Reader #1 for port 33750] INFO  ipc.Server (Server.java:run(1074)) - Starting Socket Reader #1 for port 33750
2019-08-28 18:52:28,551 [main] INFO  hdfs.DFSUtil (DFSUtil.java:httpServerTemplateForNNAndJN(1641)) - Starting Web-server for scm at: http://0.0.0.0:0
2019-08-28 18:52:28,719 [main] INFO  server.AuthenticationFilter (AuthenticationFilter.java:constructSecretProvider(240)) - Unable to initialize FileSignerSecretProvider, falling back to use random secrets.
2019-08-28 18:52:28,727 [main] WARN  http.HttpRequestLog (HttpRequestLog.java:getRequestLog(97)) - Jetty request log can only be enabled using Log4j
2019-08-28 18:52:28,736 [main] INFO  http.HttpServer2 (HttpServer2.java:addGlobalFilter(975)) - Added global filter 'safety' (class=org.apache.hadoop.http.HttpServer2$QuotingInputFilter)
2019-08-28 18:52:28,739 [main] INFO  http.HttpServer2 (HttpServer2.java:addFilter(948)) - Added filter static_user_filter (class=org.apache.hadoop.http.lib.StaticUserWebFilter$StaticUserFilter) to context scm
2019-08-28 18:52:28,739 [main] INFO  http.HttpServer2 (HttpServer2.java:addFilter(958)) - Added filter static_user_filter (class=org.apache.hadoop.http.lib.StaticUserWebFilter$StaticUserFilter) to context logs
2019-08-28 18:52:28,739 [main] INFO  http.HttpServer2 (HttpServer2.java:addFilter(958)) - Added filter static_user_filter (class=org.apache.hadoop.http.lib.StaticUserWebFilter$StaticUserFilter) to context static
2019-08-28 18:52:28,769 [main] INFO  server.StorageContainerManager (StorageContainerManager.java:start(759)) - StorageContainerLocationProtocol RPC server is listening at /0.0.0.0:33750
2019-08-28 18:52:28,832 [main] WARN  impl.MetricsConfig (MetricsConfig.java:loadFirst(134)) - Cannot locate configuration: tried hadoop-metrics2-storagecontainermanager.properties,hadoop-metrics2.properties
2019-08-28 18:52:28,845 [main] INFO  impl.MetricsSystemImpl (MetricsSystemImpl.java:startTimer(374)) - Scheduled Metric snapshot period at 10 second(s).
2019-08-28 18:52:28,845 [main] INFO  impl.MetricsSystemImpl (MetricsSystemImpl.java:start(191)) - StorageContainerManager metrics system started
2019-08-28 18:52:29,115 [main] INFO  server.SCMClientProtocolServer (SCMClientProtocolServer.java:start(151)) - RPC server for Client  is listening at /0.0.0.0:33750
2019-08-28 18:52:29,116 [IPC Server Responder] INFO  ipc.Server (Server.java:run(1314)) - IPC Server Responder: starting
2019-08-28 18:52:29,116 [IPC Server listener on 33750] INFO  ipc.Server (Server.java:run(1153)) - IPC Server listener on 33750: starting
2019-08-28 18:52:29,119 [main] INFO  server.StorageContainerManager (StorageContainerManager.java:start(769)) - ScmBlockLocationProtocol RPC server is listening at /0.0.0.0:38508
2019-08-28 18:52:29,120 [main] INFO  server.SCMBlockProtocolServer (SCMBlockProtocolServer.java:start(140)) - RPC server for Block Protocol is listening at /0.0.0.0:38508
2019-08-28 18:52:29,120 [IPC Server Responder] INFO  ipc.Server (Server.java:run(1314)) - IPC Server Responder: starting
2019-08-28 18:52:29,120 [IPC Server listener on 38508] INFO  ipc.Server (Server.java:run(1153)) - IPC Server listener on 38508: starting
2019-08-28 18:52:29,123 [main] INFO  server.StorageContainerManager (StorageContainerManager.java:start(773)) - ScmDatanodeProtocl RPC server is listening at /0.0.0.0:41517
2019-08-28 18:52:29,123 [main] INFO  server.SCMDatanodeProtocolServer (SCMDatanodeProtocolServer.java:start(191)) - RPC server for DataNodes is listening at /0.0.0.0:41517
2019-08-28 18:52:29,124 [IPC Server Responder] INFO  ipc.Server (Server.java:run(1314)) - IPC Server Responder: starting
2019-08-28 18:52:29,124 [IPC Server listener on 41517] INFO  ipc.Server (Server.java:run(1153)) - IPC Server listener on 41517: starting
2019-08-28 18:52:29,128 [main] INFO  http.HttpServer2 (HttpServer2.java:bindListener(1191)) - Jetty bound to port 41518
2019-08-28 18:52:29,130 [main] INFO  server.Server (Server.java:doStart(351)) - jetty-9.3.24.v20180605, build timestamp: 2018-06-05T17:11:56Z, git hash: 84205aa28f11a4f31f2a3b86d1bba2cc8ab69827
2019-08-28 18:52:29,169 [main] INFO  handler.ContextHandler (ContextHandler.java:doStart(781)) - Started o.e.j.s.ServletContextHandler@5286c33a{/logs,file:///workdir/hadoop-ozone/integration-test/target/log,AVAILABLE}
2019-08-28 18:52:29,170 [main] INFO  handler.ContextHandler (ContextHandler.java:doStart(781)) - Started o.e.j.s.ServletContextHandler@5c530d1e{/static,file:///workdir/hadoop-ozone/integration-test/target/test-classes/webapps/static,AVAILABLE}
2019-08-28 18:52:29,207 [main] INFO  handler.ContextHandler (ContextHandler.java:doStart(781)) - Started o.e.j.w.WebAppContext@48f5bde6{/,file:///workdir/hadoop-ozone/integration-test/target/test-classes/webapps/scm/,AVAILABLE}{/scm}
2019-08-28 18:52:29,213 [main] INFO  server.AbstractConnector (AbstractConnector.java:doStart(278)) - Started ServerConnector@6d511b5f{HTTP/1.1,[http/1.1]}{0.0.0.0:41518}
2019-08-28 18:52:29,213 [main] INFO  server.Server (Server.java:doStart(419)) - Started @3656ms
2019-08-28 18:52:29,214 [main] INFO  server.BaseHttpServer (BaseHttpServer.java:updateConnectorAddress(213)) - HTTP server of SCM is listening at http://0.0.0.0:41518
2019-08-28 18:52:29,219 [org.apache.hadoop.util.JvmPauseMonitor$Monitor@3b1bb3ab] INFO  util.JvmPauseMonitor (JvmPauseMonitor.java:run(188)) - Starting JVM pause monitor
2019-08-28 18:52:29,222 [main] WARN  server.ServerUtils (ServerUtils.java:getDBPath(222)) - ozone.om.db.dirs is not configured. We recommend adding this setting. Falling back to ozone.metadata.dirs instead.
2019-08-28 18:52:29,317 [main] WARN  server.ServerUtils (ServerUtils.java:getDBPath(222)) - ozone.om.db.dirs is not configured. We recommend adding this setting. Falling back to ozone.metadata.dirs instead.
2019-08-28 18:52:29,317 [main] WARN  server.ServerUtils (ServerUtils.java:getDBPath(222)) - ozone.om.db.dirs is not configured. We recommend adding this setting. Falling back to ozone.metadata.dirs instead.
2019-08-28 18:52:29,318 [main] INFO  om.OzoneManager (OzoneManager.java:setOMNodeDetails(645)) - OM Service ID is not set. Setting it to the default ID: omServiceIdDefault
2019-08-28 18:52:29,319 [main] INFO  om.OzoneManager (OzoneManager.java:setOMNodeDetails(651)) - OM Node ID is not set. Setting it to the OmStorage's OmID: e411ebcc-5819-41a8-9bd3-3c8d6d10c353
2019-08-28 18:52:29,320 [main] INFO  om.OzoneManager (OzoneManager.java:loadOMHAConfigs(602)) - Found matching OM address with OMServiceId: null, OMNodeId: null, RPC Address: localhost:0 and Ratis port: 9872
2019-08-28 18:52:29,596 | INFO  | SCMAudit | user=jenkins1000 | ip=192.168.69.102 | op=GET_SCM_INFO null | ret=SUCCESS |  
2019-08-28 18:52:30,111 [main] WARN  server.ServerUtils (ServerUtils.java:getDBPath(222)) - ozone.om.db.dirs is not configured. We recommend adding this setting. Falling back to ozone.metadata.dirs instead.
2019-08-28 18:52:30,122 [main] INFO  db.DBStoreBuilder (DBStoreBuilder.java:addTable(110)) - using custom profile for table: userTable
2019-08-28 18:52:30,122 [main] INFO  db.DBStoreBuilder (DBStoreBuilder.java:processTables(161)) - Using default column profile:DBProfile.DISK for Table:userTable
2019-08-28 18:52:30,123 [main] INFO  db.DBStoreBuilder (DBStoreBuilder.java:addTable(110)) - using custom profile for table: volumeTable
2019-08-28 18:52:30,123 [main] INFO  db.DBStoreBuilder (DBStoreBuilder.java:processTables(161)) - Using default column profile:DBProfile.DISK for Table:volumeTable
2019-08-28 18:52:30,124 [main] INFO  db.DBStoreBuilder (DBStoreBuilder.java:addTable(110)) - using custom profile for table: bucketTable
2019-08-28 18:52:30,124 [main] INFO  db.DBStoreBuilder (DBStoreBuilder.java:processTables(161)) - Using default column profile:DBProfile.DISK for Table:bucketTable
2019-08-28 18:52:30,124 [main] INFO  db.DBStoreBuilder (DBStoreBuilder.java:addTable(110)) - using custom profile for table: keyTable
2019-08-28 18:52:30,125 [main] INFO  db.DBStoreBuilder (DBStoreBuilder.java:processTables(161)) - Using default column profile:DBProfile.DISK for Table:keyTable
2019-08-28 18:52:30,125 [main] INFO  db.DBStoreBuilder (DBStoreBuilder.java:addTable(110)) - using custom profile for table: deletedTable
2019-08-28 18:52:30,125 [main] INFO  db.DBStoreBuilder (DBStoreBuilder.java:processTables(161)) - Using default column profile:DBProfile.DISK for Table:deletedTable
2019-08-28 18:52:30,126 [main] INFO  db.DBStoreBuilder (DBStoreBuilder.java:addTable(110)) - using custom profile for table: openKeyTable
2019-08-28 18:52:30,126 [main] INFO  db.DBStoreBuilder (DBStoreBuilder.java:processTables(161)) - Using default column profile:DBProfile.DISK for Table:openKeyTable
2019-08-28 18:52:30,127 [main] INFO  db.DBStoreBuilder (DBStoreBuilder.java:addTable(110)) - using custom profile for table: s3Table
2019-08-28 18:52:30,127 [main] INFO  db.DBStoreBuilder (DBStoreBuilder.java:processTables(161)) - Using default column profile:DBProfile.DISK for Table:s3Table
2019-08-28 18:52:30,127 [main] INFO  db.DBStoreBuilder (DBStoreBuilder.java:addTable(110)) - using custom profile for table: multipartInfoTable
2019-08-28 18:52:30,128 [main] INFO  db.DBStoreBuilder (DBStoreBuilder.java:processTables(161)) - Using default column profile:DBProfile.DISK for Table:multipartInfoTable
2019-08-28 18:52:30,128 [main] INFO  db.DBStoreBuilder (DBStoreBuilder.java:addTable(110)) - using custom profile for table: dTokenTable
2019-08-28 18:52:30,128 [main] INFO  db.DBStoreBuilder (DBStoreBuilder.java:processTables(161)) - Using default column profile:DBProfile.DISK for Table:dTokenTable
2019-08-28 18:52:30,129 [main] INFO  db.DBStoreBuilder (DBStoreBuilder.java:addTable(110)) - using custom profile for table: s3SecretTable
2019-08-28 18:52:30,129 [main] INFO  db.DBStoreBuilder (DBStoreBuilder.java:processTables(161)) - Using default column profile:DBProfile.DISK for Table:s3SecretTable
2019-08-28 18:52:30,130 [main] INFO  db.DBStoreBuilder (DBStoreBuilder.java:addTable(110)) - using custom profile for table: prefixTable
2019-08-28 18:52:30,130 [main] INFO  db.DBStoreBuilder (DBStoreBuilder.java:processTables(161)) - Using default column profile:DBProfile.DISK for Table:prefixTable
2019-08-28 18:52:30,130 [main] INFO  db.DBStoreBuilder (DBStoreBuilder.java:addTable(110)) - using custom profile for table: default
2019-08-28 18:52:30,131 [main] INFO  db.DBStoreBuilder (DBStoreBuilder.java:processTables(167)) - Using default column profile:DBProfile.DISK for Table:default
2019-08-28 18:52:30,131 [main] INFO  db.DBStoreBuilder (DBStoreBuilder.java:getDbProfile(198)) - Using default options. DBProfile.DISK
2019-08-28 18:52:31,343 [main] INFO  ipc.CallQueueManager (CallQueueManager.java:<init>(84)) - Using callQueue: class java.util.concurrent.LinkedBlockingQueue, queueCapacity: 2000, scheduler: class org.apache.hadoop.ipc.DefaultRpcScheduler, ipcBackoff: false.
2019-08-28 18:52:31,344 [Socket Reader #1 for port 36059] INFO  ipc.Server (Server.java:run(1074)) - Starting Socket Reader #1 for port 36059
2019-08-28 18:52:31,366 [main] INFO  om.OzoneManager (OzoneManager.java:start(1256)) - OzoneManager RPC server is listening at localhost/127.0.0.1:36059
2019-08-28 18:52:31,367 [main] INFO  impl.MetricsSystemImpl (MetricsSystemImpl.java:init(158)) - OzoneManager metrics system started (again)
2019-08-28 18:52:31,368 [IPC Server Responder] INFO  ipc.Server (Server.java:run(1314)) - IPC Server Responder: starting
2019-08-28 18:52:31,368 [IPC Server listener on 36059] INFO  ipc.Server (Server.java:run(1153)) - IPC Server listener on 36059: starting
2019-08-28 18:52:31,374 [main] INFO  hdfs.DFSUtil (DFSUtil.java:httpServerTemplateForNNAndJN(1641)) - Starting Web-server for ozoneManager at: http://0.0.0.0:0
2019-08-28 18:52:31,377 [main] INFO  server.AuthenticationFilter (AuthenticationFilter.java:constructSecretProvider(240)) - Unable to initialize FileSignerSecretProvider, falling back to use random secrets.
2019-08-28 18:52:31,378 [main] WARN  http.HttpRequestLog (HttpRequestLog.java:getRequestLog(97)) - Jetty request log can only be enabled using Log4j
2019-08-28 18:52:31,381 [main] INFO  http.HttpServer2 (HttpServer2.java:addGlobalFilter(975)) - Added global filter 'safety' (class=org.apache.hadoop.http.HttpServer2$QuotingInputFilter)
2019-08-28 18:52:31,383 [main] INFO  http.HttpServer2 (HttpServer2.java:addFilter(948)) - Added filter static_user_filter (class=org.apache.hadoop.http.lib.StaticUserWebFilter$StaticUserFilter) to context ozoneManager
2019-08-28 18:52:31,383 [main] INFO  http.HttpServer2 (HttpServer2.java:addFilter(958)) - Added filter static_user_filter (class=org.apache.hadoop.http.lib.StaticUserWebFilter$StaticUserFilter) to context static
2019-08-28 18:52:31,383 [main] INFO  http.HttpServer2 (HttpServer2.java:addFilter(958)) - Added filter static_user_filter (class=org.apache.hadoop.http.lib.StaticUserWebFilter$StaticUserFilter) to context logs
2019-08-28 18:52:31,584 [main] INFO  http.HttpServer2 (HttpServer2.java:bindListener(1191)) - Jetty bound to port 34606
2019-08-28 18:52:31,584 [main] INFO  server.Server (Server.java:doStart(351)) - jetty-9.3.24.v20180605, build timestamp: 2018-06-05T17:11:56Z, git hash: 84205aa28f11a4f31f2a3b86d1bba2cc8ab69827
2019-08-28 18:52:31,587 [main] INFO  handler.ContextHandler (ContextHandler.java:doStart(781)) - Started o.e.j.s.ServletContextHandler@49dbaaf3{/logs,file:///workdir/hadoop-ozone/integration-test/target/log,AVAILABLE}
2019-08-28 18:52:31,592 [main] INFO  handler.ContextHandler (ContextHandler.java:doStart(781)) - Started o.e.j.s.ServletContextHandler@736f3e9e{/static,file:///workdir/hadoop-ozone/integration-test/target/test-classes/webapps/static,AVAILABLE}
2019-08-28 18:52:31,599 [main] INFO  handler.ContextHandler (ContextHandler.java:doStart(781)) - Started o.e.j.w.WebAppContext@40d10481{/,file:///workdir/hadoop-ozone/integration-test/target/test-classes/webapps/ozoneManager/,AVAILABLE}{/ozoneManager}
2019-08-28 18:52:31,601 [main] INFO  server.AbstractConnector (AbstractConnector.java:doStart(278)) - Started ServerConnector@60dd3c23{HTTP/1.1,[http/1.1]}{0.0.0.0:34606}
2019-08-28 18:52:31,602 [main] INFO  server.Server (Server.java:doStart(419)) - Started @6044ms
2019-08-28 18:52:31,603 [main] INFO  server.BaseHttpServer (BaseHttpServer.java:updateConnectorAddress(213)) - HTTP server of OZONEMANAGER is listening at http://0.0.0.0:34606
2019-08-28 18:52:31,786 [main] INFO  impl.MetricsSystemImpl (MetricsSystemImpl.java:init(158)) - HddsDatanode metrics system started (again)
2019-08-28 18:52:31,922 [main] INFO  ozone.HddsDatanodeService (HddsDatanodeService.java:start(184)) - HddsDatanodeService host:pr-hdds-1783-trunk-gtrxg-786569963 ip:192.168.69.102
2019-08-28 18:52:31,969 [main] INFO  volume.HddsVolume (HddsVolume.java:<init>(176)) - Creating Volume: /workdir/hadoop-ozone/integration-test/target/test-dir/MiniOzoneClusterImpl-c80cd34b-7aaf-457d-8c82-c76acd6115b4/datanode-0/data/containers/hdds of  storage type : DISK and capacity : 1482555576320
2019-08-28 18:52:31,973 [main] INFO  volume.VolumeSet (VolumeSet.java:initializeVolumeSet(170)) - Added Volume : /workdir/hadoop-ozone/integration-test/target/test-dir/MiniOzoneClusterImpl-c80cd34b-7aaf-457d-8c82-c76acd6115b4/datanode-0/data/containers/hdds to VolumeSet
2019-08-28 18:52:31,979 [main] INFO  volume.ThrottledAsyncChecker (ThrottledAsyncChecker.java:schedule(140)) - Scheduling a check for org.apache.hadoop.ozone.container.common.volume.HddsVolume@116a2108
2019-08-28 18:52:32,012 [main] INFO  volume.HddsVolumeChecker (HddsVolumeChecker.java:checkAllVolumes(203)) - Scheduled health check for volume org.apache.hadoop.ozone.container.common.volume.HddsVolume@116a2108
2019-08-28 18:52:32,142 [main] INFO  impl.RaftServerProxy (ConfUtils.java:logGet(43)) - raft.rpc.type = GRPC (default)
2019-08-28 18:52:32,217 [main] INFO  grpc.GrpcFactory (GrpcFactory.java:checkPooledByteBufAllocatorUseCacheForAllThreads(45)) - PERFORMANCE WARNING: useCacheForAllThreads is true that may cause Netty to create a lot garbage objects and, as a result, trigger GC.
	It is recommended to disable useCacheForAllThreads by setting -Dorg.apache.ratis.thirdparty.io.netty.allocator.useCacheForAllThreads=false in command line.
2019-08-28 18:52:32,222 [main] INFO  grpc.GrpcConfigKeys$Server (ConfUtils.java:logGet(43)) - raft.grpc.server.port = 0 (default)
2019-08-28 18:52:32,224 [main] INFO  server.GrpcService (ConfUtils.java:logGet(43)) - raft.grpc.message.size.max = 33570816 (custom)
2019-08-28 18:52:32,225 [main] INFO  server.RaftServerConfigKeys (ConfUtils.java:logGet(43)) - raft.server.log.appender.buffer.byte-limit = 33554432 (custom)
2019-08-28 18:52:32,226 [main] INFO  server.GrpcService (ConfUtils.java:logGet(43)) - raft.grpc.flow.control.window = 1MB (=1048576) (default)
2019-08-28 18:52:32,227 [main] INFO  server.RaftServerConfigKeys (ConfUtils.java:logGet(43)) - raft.server.rpc.request.timeout = 3000ms (default)
2019-08-28 18:52:32,418 [main] INFO  server.RaftServerConfigKeys (ConfUtils.java:logGet(43)) - raft.server.storage.dir = [/workdir/hadoop-ozone/integration-test/target/test-dir/MiniOzoneClusterImpl-c80cd34b-7aaf-457d-8c82-c76acd6115b4/datanode-0/data/ratis] (custom)
2019-08-28 18:52:32,462 [main] INFO  replication.SimpleContainerDownloader (SimpleContainerDownloader.java:<init>(72)) - Starting container downloader service to copy containers to replicate.
2019-08-28 18:52:32,476 [main] INFO  hdfs.DFSUtil (DFSUtil.java:httpServerTemplateForNNAndJN(1641)) - Starting Web-server for hddsDatanode at: http://0.0.0.0:0
2019-08-28 18:52:32,477 [main] INFO  server.AuthenticationFilter (AuthenticationFilter.java:constructSecretProvider(240)) - Unable to initialize FileSignerSecretProvider, falling back to use random secrets.
2019-08-28 18:52:32,478 [main] WARN  http.HttpRequestLog (HttpRequestLog.java:getRequestLog(97)) - Jetty request log can only be enabled using Log4j
2019-08-28 18:52:32,480 [main] INFO  http.HttpServer2 (HttpServer2.java:addGlobalFilter(975)) - Added global filter 'safety' (class=org.apache.hadoop.http.HttpServer2$QuotingInputFilter)
2019-08-28 18:52:32,480 [main] INFO  http.HttpServer2 (HttpServer2.java:addFilter(948)) - Added filter static_user_filter (class=org.apache.hadoop.http.lib.StaticUserWebFilter$StaticUserFilter) to context hddsDatanode
2019-08-28 18:52:32,481 [main] INFO  http.HttpServer2 (HttpServer2.java:addFilter(958)) - Added filter static_user_filter (class=org.apache.hadoop.http.lib.StaticUserWebFilter$StaticUserFilter) to context logs
2019-08-28 18:52:32,481 [main] INFO  http.HttpServer2 (HttpServer2.java:addFilter(958)) - Added filter static_user_filter (class=org.apache.hadoop.http.lib.StaticUserWebFilter$StaticUserFilter) to context static
2019-08-28 18:52:32,482 [main] INFO  http.HttpServer2 (HttpServer2.java:bindListener(1191)) - Jetty bound to port 43135
2019-08-28 18:52:32,482 [main] INFO  server.Server (Server.java:doStart(351)) - jetty-9.3.24.v20180605, build timestamp: 2018-06-05T17:11:56Z, git hash: 84205aa28f11a4f31f2a3b86d1bba2cc8ab69827
2019-08-28 18:52:32,484 [main] INFO  handler.ContextHandler (ContextHandler.java:doStart(781)) - Started o.e.j.s.ServletContextHandler@1457fde{/logs,file:///workdir/hadoop-ozone/integration-test/target/log,AVAILABLE}
2019-08-28 18:52:32,485 [main] INFO  handler.ContextHandler (ContextHandler.java:doStart(781)) - Started o.e.j.s.ServletContextHandler@17fa1336{/static,jar:file:/home/user/.m2/repository/org/apache/hadoop/hadoop-hdds-container-service/0.5.0-SNAPSHOT/hadoop-hdds-container-service-0.5.0-SNAPSHOT.jar!/webapps/static,AVAILABLE}
2019-08-28 18:52:32,519 [main] INFO  handler.ContextHandler (ContextHandler.java:doStart(781)) - Started o.e.j.w.WebAppContext@7b306b9f{/,file:///tmp/jetty-0.0.0.0-43135-hddsDatanode-_-any-623337902953710335.dir/webapp/,AVAILABLE}{/hddsDatanode}
2019-08-28 18:52:32,520 [main] INFO  server.AbstractConnector (AbstractConnector.java:doStart(278)) - Started ServerConnector@142213d5{HTTP/1.1,[http/1.1]}{0.0.0.0:43135}
2019-08-28 18:52:32,521 [main] INFO  server.Server (Server.java:doStart(419)) - Started @6964ms
2019-08-28 18:52:32,523 [main] INFO  server.BaseHttpServer (BaseHttpServer.java:updateConnectorAddress(213)) - HTTP server of HDDSDATANODE is listening at http://0.0.0.0:43135
2019-08-28 18:52:33,848 | INFO  | ObjectStoreRestHttpServer | Listening HDDS REST traffic on /0.0.0.0:43043 |  
2019-08-28 18:52:33,849 [main] INFO  ozone.HddsDatanodeService (HddsDatanodeService.java:startPlugins(395)) - Started plug-in org.apache.hadoop.ozone.web.OzoneHddsDatanodeService@3375ebd3
2019-08-28 18:52:33,851 [main] INFO  impl.MetricsSystemImpl (MetricsSystemImpl.java:init(158)) - HddsDatanode metrics system started (again)
2019-08-28 18:52:33,854 [main] INFO  ozone.HddsDatanodeService (HddsDatanodeService.java:start(184)) - HddsDatanodeService host:pr-hdds-1783-trunk-gtrxg-786569963 ip:192.168.69.102
2019-08-28 18:52:33,858 [org.apache.hadoop.util.JvmPauseMonitor$Monitor@76a851a7] INFO  util.JvmPauseMonitor (JvmPauseMonitor.java:run(188)) - Starting JVM pause monitor
2019-08-28 18:52:33,863 [main] INFO  volume.HddsVolume (HddsVolume.java:<init>(176)) - Creating Volume: /workdir/hadoop-ozone/integration-test/target/test-dir/MiniOzoneClusterImpl-c80cd34b-7aaf-457d-8c82-c76acd6115b4/datanode-1/data/containers/hdds of  storage type : DISK and capacity : 1482555576320
2019-08-28 18:52:33,863 [main] INFO  volume.VolumeSet (VolumeSet.java:initializeVolumeSet(170)) - Added Volume : /workdir/hadoop-ozone/integration-test/target/test-dir/MiniOzoneClusterImpl-c80cd34b-7aaf-457d-8c82-c76acd6115b4/datanode-1/data/containers/hdds to VolumeSet
2019-08-28 18:52:33,864 [main] INFO  volume.ThrottledAsyncChecker (ThrottledAsyncChecker.java:schedule(140)) - Scheduling a check for org.apache.hadoop.ozone.container.common.volume.HddsVolume@27960b1e
2019-08-28 18:52:33,865 [main] INFO  volume.HddsVolumeChecker (HddsVolumeChecker.java:checkAllVolumes(203)) - Scheduled health check for volume org.apache.hadoop.ozone.container.common.volume.HddsVolume@27960b1e
2019-08-28 18:52:33,884 [main] INFO  impl.RaftServerProxy (ConfUtils.java:logGet(43)) - raft.rpc.type = GRPC (default)
2019-08-28 18:52:33,885 [main] INFO  grpc.GrpcFactory (GrpcFactory.java:checkPooledByteBufAllocatorUseCacheForAllThreads(45)) - PERFORMANCE WARNING: useCacheForAllThreads is true that may cause Netty to create a lot garbage objects and, as a result, trigger GC.
	It is recommended to disable useCacheForAllThreads by setting -Dorg.apache.ratis.thirdparty.io.netty.allocator.useCacheForAllThreads=false in command line.
2019-08-28 18:52:33,886 [main] INFO  grpc.GrpcConfigKeys$Server (ConfUtils.java:logGet(43)) - raft.grpc.server.port = 0 (default)
2019-08-28 18:52:33,886 [main] INFO  server.GrpcService (ConfUtils.java:logGet(43)) - raft.grpc.message.size.max = 33570816 (custom)
2019-08-28 18:52:33,886 [main] INFO  server.RaftServerConfigKeys (ConfUtils.java:logGet(43)) - raft.server.log.appender.buffer.byte-limit = 33554432 (custom)
2019-08-28 18:52:33,887 [main] INFO  server.GrpcService (ConfUtils.java:logGet(43)) - raft.grpc.flow.control.window = 1MB (=1048576) (default)
2019-08-28 18:52:33,887 [main] INFO  server.RaftServerConfigKeys (ConfUtils.java:logGet(43)) - raft.server.rpc.request.timeout = 3000ms (default)
2019-08-28 18:52:33,888 [main] INFO  server.RaftServerConfigKeys (ConfUtils.java:logGet(43)) - raft.server.storage.dir = [/workdir/hadoop-ozone/integration-test/target/test-dir/MiniOzoneClusterImpl-c80cd34b-7aaf-457d-8c82-c76acd6115b4/datanode-1/data/ratis] (custom)
2019-08-28 18:52:33,889 [main] INFO  replication.SimpleContainerDownloader (SimpleContainerDownloader.java:<init>(72)) - Starting container downloader service to copy containers to replicate.
2019-08-28 18:52:33,891 [main] INFO  hdfs.DFSUtil (DFSUtil.java:httpServerTemplateForNNAndJN(1641)) - Starting Web-server for hddsDatanode at: http://0.0.0.0:0
2019-08-28 18:52:33,893 [main] INFO  server.AuthenticationFilter (AuthenticationFilter.java:constructSecretProvider(240)) - Unable to initialize FileSignerSecretProvider, falling back to use random secrets.
2019-08-28 18:52:33,894 [main] WARN  http.HttpRequestLog (HttpRequestLog.java:getRequestLog(97)) - Jetty request log can only be enabled using Log4j
2019-08-28 18:52:33,897 [main] INFO  http.HttpServer2 (HttpServer2.java:addGlobalFilter(975)) - Added global filter 'safety' (class=org.apache.hadoop.http.HttpServer2$QuotingInputFilter)
2019-08-28 18:52:33,898 [main] INFO  http.HttpServer2 (HttpServer2.java:addFilter(948)) - Added filter static_user_filter (class=org.apache.hadoop.http.lib.StaticUserWebFilter$StaticUserFilter) to context hddsDatanode
2019-08-28 18:52:33,898 [main] INFO  http.HttpServer2 (HttpServer2.java:addFilter(958)) - Added filter static_user_filter (class=org.apache.hadoop.http.lib.StaticUserWebFilter$StaticUserFilter) to context static
2019-08-28 18:52:33,899 [main] INFO  http.HttpServer2 (HttpServer2.java:addFilter(958)) - Added filter static_user_filter (class=org.apache.hadoop.http.lib.StaticUserWebFilter$StaticUserFilter) to context logs
2019-08-28 18:52:33,900 [main] INFO  http.HttpServer2 (HttpServer2.java:bindListener(1191)) - Jetty bound to port 38343
2019-08-28 18:52:33,900 [main] INFO  server.Server (Server.java:doStart(351)) - jetty-9.3.24.v20180605, build timestamp: 2018-06-05T17:11:56Z, git hash: 84205aa28f11a4f31f2a3b86d1bba2cc8ab69827
2019-08-28 18:52:33,904 [main] INFO  handler.ContextHandler (ContextHandler.java:doStart(781)) - Started o.e.j.s.ServletContextHandler@44f0ff2b{/logs,file:///workdir/hadoop-ozone/integration-test/target/log,AVAILABLE}
2019-08-28 18:52:33,906 [main] INFO  handler.ContextHandler (ContextHandler.java:doStart(781)) - Started o.e.j.s.ServletContextHandler@68af87ad{/static,jar:file:/home/user/.m2/repository/org/apache/hadoop/hadoop-hdds-container-service/0.5.0-SNAPSHOT/hadoop-hdds-container-service-0.5.0-SNAPSHOT.jar!/webapps/static,AVAILABLE}
2019-08-28 18:52:33,949 [main] INFO  handler.ContextHandler (ContextHandler.java:doStart(781)) - Started o.e.j.w.WebAppContext@265a094b{/,file:///tmp/jetty-0.0.0.0-38343-hddsDatanode-_-any-3659129596196079308.dir/webapp/,AVAILABLE}{/hddsDatanode}
2019-08-28 18:52:33,950 [main] INFO  server.AbstractConnector (AbstractConnector.java:doStart(278)) - Started ServerConnector@1f536481{HTTP/1.1,[http/1.1]}{0.0.0.0:38343}
2019-08-28 18:52:33,952 [main] INFO  server.Server (Server.java:doStart(419)) - Started @8394ms
2019-08-28 18:52:33,954 [main] INFO  server.BaseHttpServer (BaseHttpServer.java:updateConnectorAddress(213)) - HTTP server of HDDSDATANODE is listening at http://0.0.0.0:38343
2019-08-28 18:52:33,993 [Datanode State Machine Thread - 0] INFO  datanode.InitDatanodeState (InitDatanodeState.java:persistContainerDatanodeDetails(140)) - DatanodeDetails is persisted to /workdir/hadoop-ozone/integration-test/target/test-dir/MiniOzoneClusterImpl-c80cd34b-7aaf-457d-8c82-c76acd6115b4/datanode-0/meta/datanode.id
2019-08-28 18:52:34,119 | INFO  | ObjectStoreRestHttpServer | Listening HDDS REST traffic on /0.0.0.0:33617 |  
2019-08-28 18:52:34,119 [main] INFO  ozone.HddsDatanodeService (HddsDatanodeService.java:startPlugins(395)) - Started plug-in org.apache.hadoop.ozone.web.OzoneHddsDatanodeService@2faa55bb
2019-08-28 18:52:34,120 [main] INFO  impl.MetricsSystemImpl (MetricsSystemImpl.java:init(158)) - HddsDatanode metrics system started (again)
2019-08-28 18:52:34,123 [org.apache.hadoop.util.JvmPauseMonitor$Monitor@57a12831] INFO  util.JvmPauseMonitor (JvmPauseMonitor.java:run(188)) - Starting JVM pause monitor
2019-08-28 18:52:34,123 [main] INFO  ozone.HddsDatanodeService (HddsDatanodeService.java:start(184)) - HddsDatanodeService host:pr-hdds-1783-trunk-gtrxg-786569963 ip:192.168.69.102
2019-08-28 18:52:34,135 [main] INFO  volume.HddsVolume (HddsVolume.java:<init>(176)) - Creating Volume: /workdir/hadoop-ozone/integration-test/target/test-dir/MiniOzoneClusterImpl-c80cd34b-7aaf-457d-8c82-c76acd6115b4/datanode-2/data/containers/hdds of  storage type : DISK and capacity : 1482555576320
2019-08-28 18:52:34,138 [Datanode State Machine Thread - 0] INFO  datanode.InitDatanodeState (InitDatanodeState.java:persistContainerDatanodeDetails(140)) - DatanodeDetails is persisted to /workdir/hadoop-ozone/integration-test/target/test-dir/MiniOzoneClusterImpl-c80cd34b-7aaf-457d-8c82-c76acd6115b4/datanode-1/meta/datanode.id
2019-08-28 18:52:34,138 [main] INFO  volume.VolumeSet (VolumeSet.java:initializeVolumeSet(170)) - Added Volume : /workdir/hadoop-ozone/integration-test/target/test-dir/MiniOzoneClusterImpl-c80cd34b-7aaf-457d-8c82-c76acd6115b4/datanode-2/data/containers/hdds to VolumeSet
2019-08-28 18:52:34,139 [main] INFO  volume.ThrottledAsyncChecker (ThrottledAsyncChecker.java:schedule(140)) - Scheduling a check for org.apache.hadoop.ozone.container.common.volume.HddsVolume@18dcb8a7
2019-08-28 18:52:34,140 [main] INFO  volume.HddsVolumeChecker (HddsVolumeChecker.java:checkAllVolumes(203)) - Scheduled health check for volume org.apache.hadoop.ozone.container.common.volume.HddsVolume@18dcb8a7
2019-08-28 18:52:34,165 [main] INFO  impl.RaftServerProxy (ConfUtils.java:logGet(43)) - raft.rpc.type = GRPC (default)
2019-08-28 18:52:34,165 [main] INFO  grpc.GrpcFactory (GrpcFactory.java:checkPooledByteBufAllocatorUseCacheForAllThreads(45)) - PERFORMANCE WARNING: useCacheForAllThreads is true that may cause Netty to create a lot garbage objects and, as a result, trigger GC.
	It is recommended to disable useCacheForAllThreads by setting -Dorg.apache.ratis.thirdparty.io.netty.allocator.useCacheForAllThreads=false in command line.
2019-08-28 18:52:34,166 [main] INFO  grpc.GrpcConfigKeys$Server (ConfUtils.java:logGet(43)) - raft.grpc.server.port = 0 (default)
2019-08-28 18:52:34,166 [main] INFO  server.GrpcService (ConfUtils.java:logGet(43)) - raft.grpc.message.size.max = 33570816 (custom)
2019-08-28 18:52:34,166 [main] INFO  server.RaftServerConfigKeys (ConfUtils.java:logGet(43)) - raft.server.log.appender.buffer.byte-limit = 33554432 (custom)
2019-08-28 18:52:34,167 [main] INFO  server.GrpcService (ConfUtils.java:logGet(43)) - raft.grpc.flow.control.window = 1MB (=1048576) (default)
2019-08-28 18:52:34,167 [main] INFO  server.RaftServerConfigKeys (ConfUtils.java:logGet(43)) - raft.server.rpc.request.timeout = 3000ms (default)
2019-08-28 18:52:34,168 [main] INFO  server.RaftServerConfigKeys (ConfUtils.java:logGet(43)) - raft.server.storage.dir = [/workdir/hadoop-ozone/integration-test/target/test-dir/MiniOzoneClusterImpl-c80cd34b-7aaf-457d-8c82-c76acd6115b4/datanode-2/data/ratis] (custom)
2019-08-28 18:52:34,169 [main] INFO  replication.SimpleContainerDownloader (SimpleContainerDownloader.java:<init>(72)) - Starting container downloader service to copy containers to replicate.
2019-08-28 18:52:34,171 [main] INFO  hdfs.DFSUtil (DFSUtil.java:httpServerTemplateForNNAndJN(1641)) - Starting Web-server for hddsDatanode at: http://0.0.0.0:0
2019-08-28 18:52:34,172 [main] INFO  server.AuthenticationFilter (AuthenticationFilter.java:constructSecretProvider(240)) - Unable to initialize FileSignerSecretProvider, falling back to use random secrets.
2019-08-28 18:52:34,173 [main] WARN  http.HttpRequestLog (HttpRequestLog.java:getRequestLog(97)) - Jetty request log can only be enabled using Log4j
2019-08-28 18:52:34,174 [main] INFO  http.HttpServer2 (HttpServer2.java:addGlobalFilter(975)) - Added global filter 'safety' (class=org.apache.hadoop.http.HttpServer2$QuotingInputFilter)
2019-08-28 18:52:34,175 [main] INFO  http.HttpServer2 (HttpServer2.java:addFilter(948)) - Added filter static_user_filter (class=org.apache.hadoop.http.lib.StaticUserWebFilter$StaticUserFilter) to context hddsDatanode
2019-08-28 18:52:34,175 [main] INFO  http.HttpServer2 (HttpServer2.java:addFilter(958)) - Added filter static_user_filter (class=org.apache.hadoop.http.lib.StaticUserWebFilter$StaticUserFilter) to context static
2019-08-28 18:52:34,175 [main] INFO  http.HttpServer2 (HttpServer2.java:addFilter(958)) - Added filter static_user_filter (class=org.apache.hadoop.http.lib.StaticUserWebFilter$StaticUserFilter) to context logs
2019-08-28 18:52:34,176 [main] INFO  http.HttpServer2 (HttpServer2.java:bindListener(1191)) - Jetty bound to port 38415
2019-08-28 18:52:34,176 [main] INFO  server.Server (Server.java:doStart(351)) - jetty-9.3.24.v20180605, build timestamp: 2018-06-05T17:11:56Z, git hash: 84205aa28f11a4f31f2a3b86d1bba2cc8ab69827
2019-08-28 18:52:34,178 [main] INFO  handler.ContextHandler (ContextHandler.java:doStart(781)) - Started o.e.j.s.ServletContextHandler@251c8145{/logs,file:///workdir/hadoop-ozone/integration-test/target/log,AVAILABLE}
2019-08-28 18:52:34,179 [main] INFO  handler.ContextHandler (ContextHandler.java:doStart(781)) - Started o.e.j.s.ServletContextHandler@7abeabe9{/static,jar:file:/home/user/.m2/repository/org/apache/hadoop/hadoop-hdds-container-service/0.5.0-SNAPSHOT/hadoop-hdds-container-service-0.5.0-SNAPSHOT.jar!/webapps/static,AVAILABLE}
2019-08-28 18:52:34,208 [main] INFO  handler.ContextHandler (ContextHandler.java:doStart(781)) - Started o.e.j.w.WebAppContext@291a4791{/,file:///tmp/jetty-0.0.0.0-38415-hddsDatanode-_-any-5609193396788935156.dir/webapp/,AVAILABLE}{/hddsDatanode}
2019-08-28 18:52:34,208 [main] INFO  server.AbstractConnector (AbstractConnector.java:doStart(278)) - Started ServerConnector@5b1e88f{HTTP/1.1,[http/1.1]}{0.0.0.0:38415}
2019-08-28 18:52:34,209 [main] INFO  server.Server (Server.java:doStart(419)) - Started @8652ms
2019-08-28 18:52:34,210 [main] INFO  server.BaseHttpServer (BaseHttpServer.java:updateConnectorAddress(213)) - HTTP server of HDDSDATANODE is listening at http://0.0.0.0:38415
2019-08-28 18:52:34,387 | INFO  | ObjectStoreRestHttpServer | Listening HDDS REST traffic on /0.0.0.0:41284 |  
2019-08-28 18:52:34,388 [main] INFO  ozone.HddsDatanodeService (HddsDatanodeService.java:startPlugins(395)) - Started plug-in org.apache.hadoop.ozone.web.OzoneHddsDatanodeService@70881123
2019-08-28 18:52:34,388 [main] INFO  impl.MetricsSystemImpl (MetricsSystemImpl.java:init(158)) - HddsDatanode metrics system started (again)
2019-08-28 18:52:34,391 [org.apache.hadoop.util.JvmPauseMonitor$Monitor@5d10eecd] INFO  util.JvmPauseMonitor (JvmPauseMonitor.java:run(188)) - Starting JVM pause monitor
2019-08-28 18:52:34,392 [main] INFO  ozone.HddsDatanodeService (HddsDatanodeService.java:start(184)) - HddsDatanodeService host:pr-hdds-1783-trunk-gtrxg-786569963 ip:192.168.69.102
2019-08-28 18:52:34,400 [main] INFO  volume.HddsVolume (HddsVolume.java:<init>(176)) - Creating Volume: /workdir/hadoop-ozone/integration-test/target/test-dir/MiniOzoneClusterImpl-c80cd34b-7aaf-457d-8c82-c76acd6115b4/datanode-3/data/containers/hdds of  storage type : DISK and capacity : 1482555576320
2019-08-28 18:52:34,405 [Datanode State Machine Thread - 0] INFO  datanode.InitDatanodeState (InitDatanodeState.java:persistContainerDatanodeDetails(140)) - DatanodeDetails is persisted to /workdir/hadoop-ozone/integration-test/target/test-dir/MiniOzoneClusterImpl-c80cd34b-7aaf-457d-8c82-c76acd6115b4/datanode-2/meta/datanode.id
2019-08-28 18:52:34,405 [main] INFO  volume.VolumeSet (VolumeSet.java:initializeVolumeSet(170)) - Added Volume : /workdir/hadoop-ozone/integration-test/target/test-dir/MiniOzoneClusterImpl-c80cd34b-7aaf-457d-8c82-c76acd6115b4/datanode-3/data/containers/hdds to VolumeSet
2019-08-28 18:52:34,406 [main] INFO  volume.ThrottledAsyncChecker (ThrottledAsyncChecker.java:schedule(140)) - Scheduling a check for org.apache.hadoop.ozone.container.common.volume.HddsVolume@5111de7c
2019-08-28 18:52:34,406 [main] INFO  volume.HddsVolumeChecker (HddsVolumeChecker.java:checkAllVolumes(203)) - Scheduled health check for volume org.apache.hadoop.ozone.container.common.volume.HddsVolume@5111de7c
2019-08-28 18:52:34,430 [main] INFO  impl.RaftServerProxy (ConfUtils.java:logGet(43)) - raft.rpc.type = GRPC (default)
2019-08-28 18:52:34,431 [main] INFO  grpc.GrpcFactory (GrpcFactory.java:checkPooledByteBufAllocatorUseCacheForAllThreads(45)) - PERFORMANCE WARNING: useCacheForAllThreads is true that may cause Netty to create a lot garbage objects and, as a result, trigger GC.
	It is recommended to disable useCacheForAllThreads by setting -Dorg.apache.ratis.thirdparty.io.netty.allocator.useCacheForAllThreads=false in command line.
2019-08-28 18:52:34,431 [main] INFO  grpc.GrpcConfigKeys$Server (ConfUtils.java:logGet(43)) - raft.grpc.server.port = 0 (default)
2019-08-28 18:52:34,431 [main] INFO  server.GrpcService (ConfUtils.java:logGet(43)) - raft.grpc.message.size.max = 33570816 (custom)
2019-08-28 18:52:34,432 [main] INFO  server.RaftServerConfigKeys (ConfUtils.java:logGet(43)) - raft.server.log.appender.buffer.byte-limit = 33554432 (custom)
2019-08-28 18:52:34,432 [main] INFO  server.GrpcService (ConfUtils.java:logGet(43)) - raft.grpc.flow.control.window = 1MB (=1048576) (default)
2019-08-28 18:52:34,432 [main] INFO  server.RaftServerConfigKeys (ConfUtils.java:logGet(43)) - raft.server.rpc.request.timeout = 3000ms (default)
2019-08-28 18:52:34,433 [main] INFO  server.RaftServerConfigKeys (ConfUtils.java:logGet(43)) - raft.server.storage.dir = [/workdir/hadoop-ozone/integration-test/target/test-dir/MiniOzoneClusterImpl-c80cd34b-7aaf-457d-8c82-c76acd6115b4/datanode-3/data/ratis] (custom)
2019-08-28 18:52:34,434 [main] INFO  replication.SimpleContainerDownloader (SimpleContainerDownloader.java:<init>(72)) - Starting container downloader service to copy containers to replicate.
2019-08-28 18:52:34,436 [main] INFO  hdfs.DFSUtil (DFSUtil.java:httpServerTemplateForNNAndJN(1641)) - Starting Web-server for hddsDatanode at: http://0.0.0.0:0
2019-08-28 18:52:34,438 [main] INFO  server.AuthenticationFilter (AuthenticationFilter.java:constructSecretProvider(240)) - Unable to initialize FileSignerSecretProvider, falling back to use random secrets.
2019-08-28 18:52:34,438 [main] WARN  http.HttpRequestLog (HttpRequestLog.java:getRequestLog(97)) - Jetty request log can only be enabled using Log4j
2019-08-28 18:52:34,440 [main] INFO  http.HttpServer2 (HttpServer2.java:addGlobalFilter(975)) - Added global filter 'safety' (class=org.apache.hadoop.http.HttpServer2$QuotingInputFilter)
2019-08-28 18:52:34,441 [main] INFO  http.HttpServer2 (HttpServer2.java:addFilter(948)) - Added filter static_user_filter (class=org.apache.hadoop.http.lib.StaticUserWebFilter$StaticUserFilter) to context hddsDatanode
2019-08-28 18:52:34,442 [main] INFO  http.HttpServer2 (HttpServer2.java:addFilter(958)) - Added filter static_user_filter (class=org.apache.hadoop.http.lib.StaticUserWebFilter$StaticUserFilter) to context static
2019-08-28 18:52:34,442 [main] INFO  http.HttpServer2 (HttpServer2.java:addFilter(958)) - Added filter static_user_filter (class=org.apache.hadoop.http.lib.StaticUserWebFilter$StaticUserFilter) to context logs
2019-08-28 18:52:34,443 [main] INFO  http.HttpServer2 (HttpServer2.java:bindListener(1191)) - Jetty bound to port 39680
2019-08-28 18:52:34,443 [main] INFO  server.Server (Server.java:doStart(351)) - jetty-9.3.24.v20180605, build timestamp: 2018-06-05T17:11:56Z, git hash: 84205aa28f11a4f31f2a3b86d1bba2cc8ab69827
2019-08-28 18:52:34,448 [main] INFO  handler.ContextHandler (ContextHandler.java:doStart(781)) - Started o.e.j.s.ServletContextHandler@2b6fb197{/logs,file:///workdir/hadoop-ozone/integration-test/target/log,AVAILABLE}
2019-08-28 18:52:34,448 [main] INFO  handler.ContextHandler (ContextHandler.java:doStart(781)) - Started o.e.j.s.ServletContextHandler@5a2ae1ab{/static,jar:file:/home/user/.m2/repository/org/apache/hadoop/hadoop-hdds-container-service/0.5.0-SNAPSHOT/hadoop-hdds-container-service-0.5.0-SNAPSHOT.jar!/webapps/static,AVAILABLE}
2019-08-28 18:52:34,486 [main] INFO  handler.ContextHandler (ContextHandler.java:doStart(781)) - Started o.e.j.w.WebAppContext@6889f56f{/,file:///tmp/jetty-0.0.0.0-39680-hddsDatanode-_-any-5075091589134204531.dir/webapp/,AVAILABLE}{/hddsDatanode}
2019-08-28 18:52:34,487 [main] INFO  server.AbstractConnector (AbstractConnector.java:doStart(278)) - Started ServerConnector@231b35fb{HTTP/1.1,[http/1.1]}{0.0.0.0:39680}
2019-08-28 18:52:34,487 [main] INFO  server.Server (Server.java:doStart(419)) - Started @8930ms
2019-08-28 18:52:34,488 [main] INFO  server.BaseHttpServer (BaseHttpServer.java:updateConnectorAddress(213)) - HTTP server of HDDSDATANODE is listening at http://0.0.0.0:39680
2019-08-28 18:52:34,661 | INFO  | ObjectStoreRestHttpServer | Listening HDDS REST traffic on /0.0.0.0:36559 |  
2019-08-28 18:52:34,661 [main] INFO  ozone.HddsDatanodeService (HddsDatanodeService.java:startPlugins(395)) - Started plug-in org.apache.hadoop.ozone.web.OzoneHddsDatanodeService@22a4ca4a
2019-08-28 18:52:34,662 [main] INFO  impl.MetricsSystemImpl (MetricsSystemImpl.java:init(158)) - HddsDatanode metrics system started (again)
2019-08-28 18:52:34,666 [main] INFO  ozone.HddsDatanodeService (HddsDatanodeService.java:start(184)) - HddsDatanodeService host:pr-hdds-1783-trunk-gtrxg-786569963 ip:192.168.69.102
2019-08-28 18:52:34,666 [org.apache.hadoop.util.JvmPauseMonitor$Monitor@4325b1b0] INFO  util.JvmPauseMonitor (JvmPauseMonitor.java:run(188)) - Starting JVM pause monitor
2019-08-28 18:52:34,669 [Datanode State Machine Thread - 0] INFO  datanode.InitDatanodeState (InitDatanodeState.java:persistContainerDatanodeDetails(140)) - DatanodeDetails is persisted to /workdir/hadoop-ozone/integration-test/target/test-dir/MiniOzoneClusterImpl-c80cd34b-7aaf-457d-8c82-c76acd6115b4/datanode-3/meta/datanode.id
2019-08-28 18:52:34,675 [main] INFO  volume.HddsVolume (HddsVolume.java:<init>(176)) - Creating Volume: /workdir/hadoop-ozone/integration-test/target/test-dir/MiniOzoneClusterImpl-c80cd34b-7aaf-457d-8c82-c76acd6115b4/datanode-4/data/containers/hdds of  storage type : DISK and capacity : 1482555576320
2019-08-28 18:52:34,675 [main] INFO  volume.VolumeSet (VolumeSet.java:initializeVolumeSet(170)) - Added Volume : /workdir/hadoop-ozone/integration-test/target/test-dir/MiniOzoneClusterImpl-c80cd34b-7aaf-457d-8c82-c76acd6115b4/datanode-4/data/containers/hdds to VolumeSet
2019-08-28 18:52:34,675 [main] INFO  volume.ThrottledAsyncChecker (ThrottledAsyncChecker.java:schedule(140)) - Scheduling a check for org.apache.hadoop.ozone.container.common.volume.HddsVolume@34f7b44f
2019-08-28 18:52:34,676 [main] INFO  volume.HddsVolumeChecker (HddsVolumeChecker.java:checkAllVolumes(203)) - Scheduled health check for volume org.apache.hadoop.ozone.container.common.volume.HddsVolume@34f7b44f
2019-08-28 18:52:34,697 [main] INFO  impl.RaftServerProxy (ConfUtils.java:logGet(43)) - raft.rpc.type = GRPC (default)
2019-08-28 18:52:34,697 [main] INFO  grpc.GrpcFactory (GrpcFactory.java:checkPooledByteBufAllocatorUseCacheForAllThreads(45)) - PERFORMANCE WARNING: useCacheForAllThreads is true that may cause Netty to create a lot garbage objects and, as a result, trigger GC.
	It is recommended to disable useCacheForAllThreads by setting -Dorg.apache.ratis.thirdparty.io.netty.allocator.useCacheForAllThreads=false in command line.
2019-08-28 18:52:34,698 [main] INFO  grpc.GrpcConfigKeys$Server (ConfUtils.java:logGet(43)) - raft.grpc.server.port = 0 (default)
2019-08-28 18:52:34,698 [main] INFO  server.GrpcService (ConfUtils.java:logGet(43)) - raft.grpc.message.size.max = 33570816 (custom)
2019-08-28 18:52:34,698 [main] INFO  server.RaftServerConfigKeys (ConfUtils.java:logGet(43)) - raft.server.log.appender.buffer.byte-limit = 33554432 (custom)
2019-08-28 18:52:34,698 [main] INFO  server.GrpcService (ConfUtils.java:logGet(43)) - raft.grpc.flow.control.window = 1MB (=1048576) (default)
2019-08-28 18:52:34,699 [main] INFO  server.RaftServerConfigKeys (ConfUtils.java:logGet(43)) - raft.server.rpc.request.timeout = 3000ms (default)
2019-08-28 18:52:34,699 [main] INFO  server.RaftServerConfigKeys (ConfUtils.java:logGet(43)) - raft.server.storage.dir = [/workdir/hadoop-ozone/integration-test/target/test-dir/MiniOzoneClusterImpl-c80cd34b-7aaf-457d-8c82-c76acd6115b4/datanode-4/data/ratis] (custom)
2019-08-28 18:52:34,700 [main] INFO  replication.SimpleContainerDownloader (SimpleContainerDownloader.java:<init>(72)) - Starting container downloader service to copy containers to replicate.
2019-08-28 18:52:34,702 [main] INFO  hdfs.DFSUtil (DFSUtil.java:httpServerTemplateForNNAndJN(1641)) - Starting Web-server for hddsDatanode at: http://0.0.0.0:0
2019-08-28 18:52:34,704 [main] INFO  server.AuthenticationFilter (AuthenticationFilter.java:constructSecretProvider(240)) - Unable to initialize FileSignerSecretProvider, falling back to use random secrets.
2019-08-28 18:52:34,705 [main] WARN  http.HttpRequestLog (HttpRequestLog.java:getRequestLog(97)) - Jetty request log can only be enabled using Log4j
2019-08-28 18:52:34,708 [main] INFO  http.HttpServer2 (HttpServer2.java:addGlobalFilter(975)) - Added global filter 'safety' (class=org.apache.hadoop.http.HttpServer2$QuotingInputFilter)
2019-08-28 18:52:34,709 [main] INFO  http.HttpServer2 (HttpServer2.java:addFilter(948)) - Added filter static_user_filter (class=org.apache.hadoop.http.lib.StaticUserWebFilter$StaticUserFilter) to context hddsDatanode
2019-08-28 18:52:34,709 [main] INFO  http.HttpServer2 (HttpServer2.java:addFilter(958)) - Added filter static_user_filter (class=org.apache.hadoop.http.lib.StaticUserWebFilter$StaticUserFilter) to context logs
2019-08-28 18:52:34,710 [main] INFO  http.HttpServer2 (HttpServer2.java:addFilter(958)) - Added filter static_user_filter (class=org.apache.hadoop.http.lib.StaticUserWebFilter$StaticUserFilter) to context static
2019-08-28 18:52:34,711 [main] INFO  http.HttpServer2 (HttpServer2.java:bindListener(1191)) - Jetty bound to port 35833
2019-08-28 18:52:34,711 [main] INFO  server.Server (Server.java:doStart(351)) - jetty-9.3.24.v20180605, build timestamp: 2018-06-05T17:11:56Z, git hash: 84205aa28f11a4f31f2a3b86d1bba2cc8ab69827
2019-08-28 18:52:34,714 [main] INFO  handler.ContextHandler (ContextHandler.java:doStart(781)) - Started o.e.j.s.ServletContextHandler@191ec193{/logs,file:///workdir/hadoop-ozone/integration-test/target/log,AVAILABLE}
2019-08-28 18:52:34,715 [main] INFO  handler.ContextHandler (ContextHandler.java:doStart(781)) - Started o.e.j.s.ServletContextHandler@1c7f9861{/static,jar:file:/home/user/.m2/repository/org/apache/hadoop/hadoop-hdds-container-service/0.5.0-SNAPSHOT/hadoop-hdds-container-service-0.5.0-SNAPSHOT.jar!/webapps/static,AVAILABLE}
2019-08-28 18:52:34,758 [main] INFO  handler.ContextHandler (ContextHandler.java:doStart(781)) - Started o.e.j.w.WebAppContext@4eb9ae4d{/,file:///tmp/jetty-0.0.0.0-35833-hddsDatanode-_-any-6641839543500840945.dir/webapp/,AVAILABLE}{/hddsDatanode}
2019-08-28 18:52:34,759 [main] INFO  server.AbstractConnector (AbstractConnector.java:doStart(278)) - Started ServerConnector@5520f675{HTTP/1.1,[http/1.1]}{0.0.0.0:35833}
2019-08-28 18:52:34,760 [main] INFO  server.Server (Server.java:doStart(419)) - Started @9203ms
2019-08-28 18:52:34,761 [main] INFO  server.BaseHttpServer (BaseHttpServer.java:updateConnectorAddress(213)) - HTTP server of HDDSDATANODE is listening at http://0.0.0.0:35833
2019-08-28 18:52:34,953 | INFO  | ObjectStoreRestHttpServer | Listening HDDS REST traffic on /0.0.0.0:42236 |  
2019-08-28 18:52:34,954 [main] INFO  ozone.HddsDatanodeService (HddsDatanodeService.java:startPlugins(395)) - Started plug-in org.apache.hadoop.ozone.web.OzoneHddsDatanodeService@4662752a
2019-08-28 18:52:34,954 [main] INFO  impl.MetricsSystemImpl (MetricsSystemImpl.java:init(158)) - HddsDatanode metrics system started (again)
2019-08-28 18:52:35,042 [org.apache.hadoop.util.JvmPauseMonitor$Monitor@3dd730d8] INFO  util.JvmPauseMonitor (JvmPauseMonitor.java:run(188)) - Starting JVM pause monitor
2019-08-28 18:52:35,042 [main] INFO  ozone.HddsDatanodeService (HddsDatanodeService.java:start(184)) - HddsDatanodeService host:pr-hdds-1783-trunk-gtrxg-786569963 ip:192.168.69.102
2019-08-28 18:52:35,047 [Datanode State Machine Thread - 0] INFO  datanode.InitDatanodeState (InitDatanodeState.java:persistContainerDatanodeDetails(140)) - DatanodeDetails is persisted to /workdir/hadoop-ozone/integration-test/target/test-dir/MiniOzoneClusterImpl-c80cd34b-7aaf-457d-8c82-c76acd6115b4/datanode-4/meta/datanode.id
2019-08-28 18:52:35,072 [main] INFO  volume.HddsVolume (HddsVolume.java:<init>(176)) - Creating Volume: /workdir/hadoop-ozone/integration-test/target/test-dir/MiniOzoneClusterImpl-c80cd34b-7aaf-457d-8c82-c76acd6115b4/datanode-5/data/containers/hdds of  storage type : DISK and capacity : 1482555576320
2019-08-28 18:52:35,075 [main] INFO  volume.VolumeSet (VolumeSet.java:initializeVolumeSet(170)) - Added Volume : /workdir/hadoop-ozone/integration-test/target/test-dir/MiniOzoneClusterImpl-c80cd34b-7aaf-457d-8c82-c76acd6115b4/datanode-5/data/containers/hdds to VolumeSet
2019-08-28 18:52:35,076 [main] INFO  volume.ThrottledAsyncChecker (ThrottledAsyncChecker.java:schedule(140)) - Scheduling a check for org.apache.hadoop.ozone.container.common.volume.HddsVolume@59b492ec
2019-08-28 18:52:35,076 [main] INFO  volume.HddsVolumeChecker (HddsVolumeChecker.java:checkAllVolumes(203)) - Scheduled health check for volume org.apache.hadoop.ozone.container.common.volume.HddsVolume@59b492ec
2019-08-28 18:52:35,099 [main] INFO  impl.RaftServerProxy (ConfUtils.java:logGet(43)) - raft.rpc.type = GRPC (default)
2019-08-28 18:52:35,099 [main] INFO  grpc.GrpcFactory (GrpcFactory.java:checkPooledByteBufAllocatorUseCacheForAllThreads(45)) - PERFORMANCE WARNING: useCacheForAllThreads is true that may cause Netty to create a lot garbage objects and, as a result, trigger GC.
	It is recommended to disable useCacheForAllThreads by setting -Dorg.apache.ratis.thirdparty.io.netty.allocator.useCacheForAllThreads=false in command line.
2019-08-28 18:52:35,099 [main] INFO  grpc.GrpcConfigKeys$Server (ConfUtils.java:logGet(43)) - raft.grpc.server.port = 0 (default)
2019-08-28 18:52:35,100 [main] INFO  server.GrpcService (ConfUtils.java:logGet(43)) - raft.grpc.message.size.max = 33570816 (custom)
2019-08-28 18:52:35,100 [main] INFO  server.RaftServerConfigKeys (ConfUtils.java:logGet(43)) - raft.server.log.appender.buffer.byte-limit = 33554432 (custom)
2019-08-28 18:52:35,100 [main] INFO  server.GrpcService (ConfUtils.java:logGet(43)) - raft.grpc.flow.control.window = 1MB (=1048576) (default)
2019-08-28 18:52:35,101 [main] INFO  server.RaftServerConfigKeys (ConfUtils.java:logGet(43)) - raft.server.rpc.request.timeout = 3000ms (default)
2019-08-28 18:52:35,102 [main] INFO  server.RaftServerConfigKeys (ConfUtils.java:logGet(43)) - raft.server.storage.dir = [/workdir/hadoop-ozone/integration-test/target/test-dir/MiniOzoneClusterImpl-c80cd34b-7aaf-457d-8c82-c76acd6115b4/datanode-5/data/ratis] (custom)
2019-08-28 18:52:35,102 [main] INFO  replication.SimpleContainerDownloader (SimpleContainerDownloader.java:<init>(72)) - Starting container downloader service to copy containers to replicate.
2019-08-28 18:52:35,104 [main] INFO  hdfs.DFSUtil (DFSUtil.java:httpServerTemplateForNNAndJN(1641)) - Starting Web-server for hddsDatanode at: http://0.0.0.0:0
2019-08-28 18:52:35,106 [main] INFO  server.AuthenticationFilter (AuthenticationFilter.java:constructSecretProvider(240)) - Unable to initialize FileSignerSecretProvider, falling back to use random secrets.
2019-08-28 18:52:35,106 [main] WARN  http.HttpRequestLog (HttpRequestLog.java:getRequestLog(97)) - Jetty request log can only be enabled using Log4j
2019-08-28 18:52:35,108 [main] INFO  http.HttpServer2 (HttpServer2.java:addGlobalFilter(975)) - Added global filter 'safety' (class=org.apache.hadoop.http.HttpServer2$QuotingInputFilter)
2019-08-28 18:52:35,109 [main] INFO  http.HttpServer2 (HttpServer2.java:addFilter(948)) - Added filter static_user_filter (class=org.apache.hadoop.http.lib.StaticUserWebFilter$StaticUserFilter) to context hddsDatanode
2019-08-28 18:52:35,109 [main] INFO  http.HttpServer2 (HttpServer2.java:addFilter(958)) - Added filter static_user_filter (class=org.apache.hadoop.http.lib.StaticUserWebFilter$StaticUserFilter) to context logs
2019-08-28 18:52:35,109 [main] INFO  http.HttpServer2 (HttpServer2.java:addFilter(958)) - Added filter static_user_filter (class=org.apache.hadoop.http.lib.StaticUserWebFilter$StaticUserFilter) to context static
2019-08-28 18:52:35,110 [main] INFO  http.HttpServer2 (HttpServer2.java:bindListener(1191)) - Jetty bound to port 34745
2019-08-28 18:52:35,110 [main] INFO  server.Server (Server.java:doStart(351)) - jetty-9.3.24.v20180605, build timestamp: 2018-06-05T17:11:56Z, git hash: 84205aa28f11a4f31f2a3b86d1bba2cc8ab69827
2019-08-28 18:52:35,112 [main] INFO  handler.ContextHandler (ContextHandler.java:doStart(781)) - Started o.e.j.s.ServletContextHandler@62e73ab6{/logs,file:///workdir/hadoop-ozone/integration-test/target/log,AVAILABLE}
2019-08-28 18:52:35,113 [main] INFO  handler.ContextHandler (ContextHandler.java:doStart(781)) - Started o.e.j.s.ServletContextHandler@29bd85db{/static,jar:file:/home/user/.m2/repository/org/apache/hadoop/hadoop-hdds-container-service/0.5.0-SNAPSHOT/hadoop-hdds-container-service-0.5.0-SNAPSHOT.jar!/webapps/static,AVAILABLE}
2019-08-28 18:52:35,142 [main] INFO  handler.ContextHandler (ContextHandler.java:doStart(781)) - Started o.e.j.w.WebAppContext@661e1399{/,file:///tmp/jetty-0.0.0.0-34745-hddsDatanode-_-any-2994830949386045430.dir/webapp/,AVAILABLE}{/hddsDatanode}
2019-08-28 18:52:35,143 [main] INFO  server.AbstractConnector (AbstractConnector.java:doStart(278)) - Started ServerConnector@3ffd4b12{HTTP/1.1,[http/1.1]}{0.0.0.0:34745}
2019-08-28 18:52:35,143 [main] INFO  server.Server (Server.java:doStart(419)) - Started @9586ms
2019-08-28 18:52:35,144 [main] INFO  server.BaseHttpServer (BaseHttpServer.java:updateConnectorAddress(213)) - HTTP server of HDDSDATANODE is listening at http://0.0.0.0:34745
2019-08-28 18:52:35,299 | INFO  | ObjectStoreRestHttpServer | Listening HDDS REST traffic on /0.0.0.0:33509 |  
2019-08-28 18:52:35,300 [main] INFO  ozone.HddsDatanodeService (HddsDatanodeService.java:startPlugins(395)) - Started plug-in org.apache.hadoop.ozone.web.OzoneHddsDatanodeService@1753475d
2019-08-28 18:52:35,300 [main] INFO  impl.MetricsSystemImpl (MetricsSystemImpl.java:init(158)) - HddsDatanode metrics system started (again)
2019-08-28 18:52:35,306 [org.apache.hadoop.util.JvmPauseMonitor$Monitor@64672d67] INFO  util.JvmPauseMonitor (JvmPauseMonitor.java:run(188)) - Starting JVM pause monitor
2019-08-28 18:52:35,307 [main] INFO  ozone.HddsDatanodeService (HddsDatanodeService.java:start(184)) - HddsDatanodeService host:pr-hdds-1783-trunk-gtrxg-786569963 ip:192.168.69.102
2019-08-28 18:52:35,309 [Datanode State Machine Thread - 0] INFO  datanode.InitDatanodeState (InitDatanodeState.java:persistContainerDatanodeDetails(140)) - DatanodeDetails is persisted to /workdir/hadoop-ozone/integration-test/target/test-dir/MiniOzoneClusterImpl-c80cd34b-7aaf-457d-8c82-c76acd6115b4/datanode-5/meta/datanode.id
2019-08-28 18:52:35,318 [main] INFO  volume.HddsVolume (HddsVolume.java:<init>(176)) - Creating Volume: /workdir/hadoop-ozone/integration-test/target/test-dir/MiniOzoneClusterImpl-c80cd34b-7aaf-457d-8c82-c76acd6115b4/datanode-6/data/containers/hdds of  storage type : DISK and capacity : 1482555576320
2019-08-28 18:52:35,319 [main] INFO  volume.VolumeSet (VolumeSet.java:initializeVolumeSet(170)) - Added Volume : /workdir/hadoop-ozone/integration-test/target/test-dir/MiniOzoneClusterImpl-c80cd34b-7aaf-457d-8c82-c76acd6115b4/datanode-6/data/containers/hdds to VolumeSet
2019-08-28 18:52:35,319 [main] INFO  volume.ThrottledAsyncChecker (ThrottledAsyncChecker.java:schedule(140)) - Scheduling a check for org.apache.hadoop.ozone.container.common.volume.HddsVolume@58601e7a
2019-08-28 18:52:35,320 [main] INFO  volume.HddsVolumeChecker (HddsVolumeChecker.java:checkAllVolumes(203)) - Scheduled health check for volume org.apache.hadoop.ozone.container.common.volume.HddsVolume@58601e7a
2019-08-28 18:52:35,337 [main] INFO  impl.RaftServerProxy (ConfUtils.java:logGet(43)) - raft.rpc.type = GRPC (default)
2019-08-28 18:52:35,338 [main] INFO  grpc.GrpcFactory (GrpcFactory.java:checkPooledByteBufAllocatorUseCacheForAllThreads(45)) - PERFORMANCE WARNING: useCacheForAllThreads is true that may cause Netty to create a lot garbage objects and, as a result, trigger GC.
	It is recommended to disable useCacheForAllThreads by setting -Dorg.apache.ratis.thirdparty.io.netty.allocator.useCacheForAllThreads=false in command line.
2019-08-28 18:52:35,338 [main] INFO  grpc.GrpcConfigKeys$Server (ConfUtils.java:logGet(43)) - raft.grpc.server.port = 0 (default)
2019-08-28 18:52:35,338 [main] INFO  server.GrpcService (ConfUtils.java:logGet(43)) - raft.grpc.message.size.max = 33570816 (custom)
2019-08-28 18:52:35,338 [main] INFO  server.RaftServerConfigKeys (ConfUtils.java:logGet(43)) - raft.server.log.appender.buffer.byte-limit = 33554432 (custom)
2019-08-28 18:52:35,339 [main] INFO  server.GrpcService (ConfUtils.java:logGet(43)) - raft.grpc.flow.control.window = 1MB (=1048576) (default)
2019-08-28 18:52:35,339 [main] INFO  server.RaftServerConfigKeys (ConfUtils.java:logGet(43)) - raft.server.rpc.request.timeout = 3000ms (default)
2019-08-28 18:52:35,340 [main] INFO  server.RaftServerConfigKeys (ConfUtils.java:logGet(43)) - raft.server.storage.dir = [/workdir/hadoop-ozone/integration-test/target/test-dir/MiniOzoneClusterImpl-c80cd34b-7aaf-457d-8c82-c76acd6115b4/datanode-6/data/ratis] (custom)
2019-08-28 18:52:35,341 [main] INFO  replication.SimpleContainerDownloader (SimpleContainerDownloader.java:<init>(72)) - Starting container downloader service to copy containers to replicate.
2019-08-28 18:52:35,342 [main] INFO  hdfs.DFSUtil (DFSUtil.java:httpServerTemplateForNNAndJN(1641)) - Starting Web-server for hddsDatanode at: http://0.0.0.0:0
2019-08-28 18:52:35,344 [main] INFO  server.AuthenticationFilter (AuthenticationFilter.java:constructSecretProvider(240)) - Unable to initialize FileSignerSecretProvider, falling back to use random secrets.
2019-08-28 18:52:35,345 [main] WARN  http.HttpRequestLog (HttpRequestLog.java:getRequestLog(97)) - Jetty request log can only be enabled using Log4j
2019-08-28 18:52:35,347 [main] INFO  http.HttpServer2 (HttpServer2.java:addGlobalFilter(975)) - Added global filter 'safety' (class=org.apache.hadoop.http.HttpServer2$QuotingInputFilter)
2019-08-28 18:52:35,348 [main] INFO  http.HttpServer2 (HttpServer2.java:addFilter(948)) - Added filter static_user_filter (class=org.apache.hadoop.http.lib.StaticUserWebFilter$StaticUserFilter) to context hddsDatanode
2019-08-28 18:52:35,348 [main] INFO  http.HttpServer2 (HttpServer2.java:addFilter(958)) - Added filter static_user_filter (class=org.apache.hadoop.http.lib.StaticUserWebFilter$StaticUserFilter) to context static
2019-08-28 18:52:35,348 [main] INFO  http.HttpServer2 (HttpServer2.java:addFilter(958)) - Added filter static_user_filter (class=org.apache.hadoop.http.lib.StaticUserWebFilter$StaticUserFilter) to context logs
2019-08-28 18:52:35,349 [main] INFO  http.HttpServer2 (HttpServer2.java:bindListener(1191)) - Jetty bound to port 38460
2019-08-28 18:52:35,350 [main] INFO  server.Server (Server.java:doStart(351)) - jetty-9.3.24.v20180605, build timestamp: 2018-06-05T17:11:56Z, git hash: 84205aa28f11a4f31f2a3b86d1bba2cc8ab69827
2019-08-28 18:52:35,356 [main] INFO  handler.ContextHandler (ContextHandler.java:doStart(781)) - Started o.e.j.s.ServletContextHandler@6a7a1a0d{/logs,file:///workdir/hadoop-ozone/integration-test/target/log,AVAILABLE}
2019-08-28 18:52:35,357 [main] INFO  handler.ContextHandler (ContextHandler.java:doStart(781)) - Started o.e.j.s.ServletContextHandler@76e6c070{/static,jar:file:/home/user/.m2/repository/org/apache/hadoop/hadoop-hdds-container-service/0.5.0-SNAPSHOT/hadoop-hdds-container-service-0.5.0-SNAPSHOT.jar!/webapps/static,AVAILABLE}
2019-08-28 18:52:35,400 [main] INFO  handler.ContextHandler (ContextHandler.java:doStart(781)) - Started o.e.j.w.WebAppContext@6ee37ca7{/,file:///tmp/jetty-0.0.0.0-38460-hddsDatanode-_-any-5491878435038916332.dir/webapp/,AVAILABLE}{/hddsDatanode}
2019-08-28 18:52:35,401 [main] INFO  server.AbstractConnector (AbstractConnector.java:doStart(278)) - Started ServerConnector@6775c0d1{HTTP/1.1,[http/1.1]}{0.0.0.0:38460}
2019-08-28 18:52:35,402 [main] INFO  server.Server (Server.java:doStart(419)) - Started @9845ms
2019-08-28 18:52:35,403 [main] INFO  server.BaseHttpServer (BaseHttpServer.java:updateConnectorAddress(213)) - HTTP server of HDDSDATANODE is listening at http://0.0.0.0:38460
2019-08-28 18:52:35,585 | INFO  | ObjectStoreRestHttpServer | Listening HDDS REST traffic on /0.0.0.0:36628 |  
2019-08-28 18:52:35,585 [main] INFO  ozone.HddsDatanodeService (HddsDatanodeService.java:startPlugins(395)) - Started plug-in org.apache.hadoop.ozone.web.OzoneHddsDatanodeService@7f8c3646
2019-08-28 18:52:35,588 [main] INFO  ozone.MiniOzoneClusterImpl (MiniOzoneClusterImpl.java:lambda$waitForClusterToBeReady$0(142)) - Waiting for cluster to be ready. Got 0 of 7 DN Heartbeats.
2019-08-28 18:52:35,588 [org.apache.hadoop.util.JvmPauseMonitor$Monitor@603d6b79] INFO  util.JvmPauseMonitor (JvmPauseMonitor.java:run(188)) - Starting JVM pause monitor
2019-08-28 18:52:35,591 [Datanode State Machine Thread - 0] INFO  datanode.InitDatanodeState (InitDatanodeState.java:persistContainerDatanodeDetails(140)) - DatanodeDetails is persisted to /workdir/hadoop-ozone/integration-test/target/test-dir/MiniOzoneClusterImpl-c80cd34b-7aaf-457d-8c82-c76acd6115b4/datanode-6/meta/datanode.id
2019-08-28 18:52:35,896 | INFO  | SCMAudit | user=jenkins1000 | ip=192.168.69.102 | op=GET_VERSION null | ret=SUCCESS |  
2019-08-28 18:52:35,927 [Datanode State Machine Thread - 0] INFO  ozoneimpl.OzoneContainer (OzoneContainer.java:start(186)) - Attempting to start container services.
2019-08-28 18:52:35,929 [Datanode State Machine Thread - 0] INFO  ozoneimpl.OzoneContainer (OzoneContainer.java:startContainerScrub(160)) - Background container scrubber has been disabled by hdds.containerscrub.enabled
2019-08-28 18:52:35,929 [Datanode State Machine Thread - 0] INFO  ratis.XceiverServerRatis (XceiverServerRatis.java:start(404)) - Starting XceiverServerRatis f785551e-a0af-487c-a25a-ff90660b7a23 at port 0
2019-08-28 18:52:35,952 [Datanode State Machine Thread - 0] INFO  impl.RaftServerProxy (RaftServerProxy.java:lambda$start$3(299)) - f785551e-a0af-487c-a25a-ff90660b7a23: start RPC server
2019-08-28 18:52:36,122 [Datanode State Machine Thread - 0] INFO  server.GrpcService (GrpcService.java:startImpl(149)) - f785551e-a0af-487c-a25a-ff90660b7a23: GrpcService started, listening on 0.0.0.0/0.0.0.0:44888
2019-08-28 18:52:36,124 [Datanode State Machine Thread - 0] INFO  ratis.XceiverServerRatis (XceiverServerRatis.java:start(414)) - XceiverServerRatis f785551e-a0af-487c-a25a-ff90660b7a23 is started using port 44888
2019-08-28 18:52:36,127 [Datanode State Machine Thread - 0] INFO  server.XceiverServerGrpc (XceiverServerGrpc.java:start(161)) - XceiverServerGrpc f785551e-a0af-487c-a25a-ff90660b7a23 is started using port 38163
2019-08-28 18:52:36,130 | INFO  | SCMAudit | user=jenkins1000 | ip=192.168.69.102 | op=GET_VERSION null | ret=SUCCESS |  
2019-08-28 18:52:36,173 [Datanode State Machine Thread - 0] INFO  ozoneimpl.OzoneContainer (OzoneContainer.java:start(186)) - Attempting to start container services.
2019-08-28 18:52:36,175 [Datanode State Machine Thread - 0] INFO  ozoneimpl.OzoneContainer (OzoneContainer.java:startContainerScrub(160)) - Background container scrubber has been disabled by hdds.containerscrub.enabled
2019-08-28 18:52:36,175 [Datanode State Machine Thread - 0] INFO  ratis.XceiverServerRatis (XceiverServerRatis.java:start(404)) - Starting XceiverServerRatis 79e7307e-2f03-4236-add7-13e1eabe57b5 at port 0
2019-08-28 18:52:36,184 [Datanode State Machine Thread - 0] INFO  impl.RaftServerProxy (RaftServerProxy.java:lambda$start$3(299)) - 79e7307e-2f03-4236-add7-13e1eabe57b5: start RPC server
2019-08-28 18:52:36,187 [Datanode State Machine Thread - 0] INFO  server.GrpcService (GrpcService.java:startImpl(149)) - 79e7307e-2f03-4236-add7-13e1eabe57b5: GrpcService started, listening on 0.0.0.0/0.0.0.0:45684
2019-08-28 18:52:36,188 [Datanode State Machine Thread - 0] INFO  ratis.XceiverServerRatis (XceiverServerRatis.java:start(414)) - XceiverServerRatis 79e7307e-2f03-4236-add7-13e1eabe57b5 is started using port 45684
2019-08-28 18:52:36,190 [Datanode State Machine Thread - 0] INFO  server.XceiverServerGrpc (XceiverServerGrpc.java:start(161)) - XceiverServerGrpc 79e7307e-2f03-4236-add7-13e1eabe57b5 is started using port 34816
2019-08-28 18:52:36,395 | INFO  | SCMAudit | user=jenkins1000 | ip=192.168.69.102 | op=GET_VERSION null | ret=SUCCESS |  
2019-08-28 18:52:36,406 [Datanode State Machine Thread - 0] INFO  ozoneimpl.OzoneContainer (OzoneContainer.java:start(186)) - Attempting to start container services.
2019-08-28 18:52:36,415 [Datanode State Machine Thread - 0] INFO  ozoneimpl.OzoneContainer (OzoneContainer.java:startContainerScrub(160)) - Background container scrubber has been disabled by hdds.containerscrub.enabled
2019-08-28 18:52:36,416 [Datanode State Machine Thread - 0] INFO  ratis.XceiverServerRatis (XceiverServerRatis.java:start(404)) - Starting XceiverServerRatis ee626ce8-1972-4fe0-bbbc-07baa9e228a9 at port 0
2019-08-28 18:52:36,424 [Datanode State Machine Thread - 0] INFO  impl.RaftServerProxy (RaftServerProxy.java:lambda$start$3(299)) - ee626ce8-1972-4fe0-bbbc-07baa9e228a9: start RPC server
2019-08-28 18:52:36,428 [Datanode State Machine Thread - 0] INFO  server.GrpcService (GrpcService.java:startImpl(149)) - ee626ce8-1972-4fe0-bbbc-07baa9e228a9: GrpcService started, listening on 0.0.0.0/0.0.0.0:33628
2019-08-28 18:52:36,428 [Datanode State Machine Thread - 0] INFO  ratis.XceiverServerRatis (XceiverServerRatis.java:start(414)) - XceiverServerRatis ee626ce8-1972-4fe0-bbbc-07baa9e228a9 is started using port 33628
2019-08-28 18:52:36,431 [Datanode State Machine Thread - 0] INFO  server.XceiverServerGrpc (XceiverServerGrpc.java:start(161)) - XceiverServerGrpc ee626ce8-1972-4fe0-bbbc-07baa9e228a9 is started using port 38691
2019-08-28 18:52:36,589 [main] INFO  ozone.MiniOzoneClusterImpl (MiniOzoneClusterImpl.java:lambda$waitForClusterToBeReady$0(142)) - Waiting for cluster to be ready. Got 0 of 7 DN Heartbeats.
2019-08-28 18:52:36,672 | INFO  | SCMAudit | user=jenkins1000 | ip=192.168.69.102 | op=GET_VERSION null | ret=SUCCESS |  
2019-08-28 18:52:36,692 [Datanode State Machine Thread - 0] INFO  ozoneimpl.OzoneContainer (OzoneContainer.java:start(186)) - Attempting to start container services.
2019-08-28 18:52:36,692 [Datanode State Machine Thread - 0] INFO  ozoneimpl.OzoneContainer (OzoneContainer.java:startContainerScrub(160)) - Background container scrubber has been disabled by hdds.containerscrub.enabled
2019-08-28 18:52:36,693 [Datanode State Machine Thread - 0] INFO  ratis.XceiverServerRatis (XceiverServerRatis.java:start(404)) - Starting XceiverServerRatis 2c9db6f5-ae6c-456e-aac1-300011bebd0b at port 0
2019-08-28 18:52:36,701 [Datanode State Machine Thread - 0] INFO  impl.RaftServerProxy (RaftServerProxy.java:lambda$start$3(299)) - 2c9db6f5-ae6c-456e-aac1-300011bebd0b: start RPC server
2019-08-28 18:52:36,706 [Datanode State Machine Thread - 0] INFO  server.GrpcService (GrpcService.java:startImpl(149)) - 2c9db6f5-ae6c-456e-aac1-300011bebd0b: GrpcService started, listening on 0.0.0.0/0.0.0.0:42615
2019-08-28 18:52:36,706 [Datanode State Machine Thread - 0] INFO  ratis.XceiverServerRatis (XceiverServerRatis.java:start(414)) - XceiverServerRatis 2c9db6f5-ae6c-456e-aac1-300011bebd0b is started using port 42615
2019-08-28 18:52:36,709 [Datanode State Machine Thread - 0] INFO  server.XceiverServerGrpc (XceiverServerGrpc.java:start(161)) - XceiverServerGrpc 2c9db6f5-ae6c-456e-aac1-300011bebd0b is started using port 45414
2019-08-28 18:52:37,045 | INFO  | SCMAudit | user=jenkins1000 | ip=192.168.69.102 | op=GET_VERSION null | ret=SUCCESS |  
2019-08-28 18:52:37,065 [Datanode State Machine Thread - 0] INFO  ozoneimpl.OzoneContainer (OzoneContainer.java:start(186)) - Attempting to start container services.
2019-08-28 18:52:37,065 [Datanode State Machine Thread - 0] INFO  ozoneimpl.OzoneContainer (OzoneContainer.java:startContainerScrub(160)) - Background container scrubber has been disabled by hdds.containerscrub.enabled
2019-08-28 18:52:37,065 [Datanode State Machine Thread - 0] INFO  ratis.XceiverServerRatis (XceiverServerRatis.java:start(404)) - Starting XceiverServerRatis 3fdab9ea-6680-47f1-aded-4d496f7ecd01 at port 0
2019-08-28 18:52:37,079 [Datanode State Machine Thread - 0] INFO  impl.RaftServerProxy (RaftServerProxy.java:lambda$start$3(299)) - 3fdab9ea-6680-47f1-aded-4d496f7ecd01: start RPC server
2019-08-28 18:52:37,084 [Datanode State Machine Thread - 0] INFO  server.GrpcService (GrpcService.java:startImpl(149)) - 3fdab9ea-6680-47f1-aded-4d496f7ecd01: GrpcService started, listening on 0.0.0.0/0.0.0.0:40884
2019-08-28 18:52:37,084 [Datanode State Machine Thread - 0] INFO  ratis.XceiverServerRatis (XceiverServerRatis.java:start(414)) - XceiverServerRatis 3fdab9ea-6680-47f1-aded-4d496f7ecd01 is started using port 40884
2019-08-28 18:52:37,088 [Datanode State Machine Thread - 0] INFO  server.XceiverServerGrpc (XceiverServerGrpc.java:start(161)) - XceiverServerGrpc 3fdab9ea-6680-47f1-aded-4d496f7ecd01 is started using port 34906
2019-08-28 18:52:37,310 | INFO  | SCMAudit | user=jenkins1000 | ip=192.168.69.102 | op=GET_VERSION null | ret=SUCCESS |  
2019-08-28 18:52:37,344 [Datanode State Machine Thread - 0] INFO  ozoneimpl.OzoneContainer (OzoneContainer.java:start(186)) - Attempting to start container services.
2019-08-28 18:52:37,345 [Datanode State Machine Thread - 0] INFO  ozoneimpl.OzoneContainer (OzoneContainer.java:startContainerScrub(160)) - Background container scrubber has been disabled by hdds.containerscrub.enabled
2019-08-28 18:52:37,345 [Datanode State Machine Thread - 0] INFO  ratis.XceiverServerRatis (XceiverServerRatis.java:start(404)) - Starting XceiverServerRatis 8e467a3f-4a15-4133-b9dc-29f72d763c9b at port 0
2019-08-28 18:52:37,351 [Datanode State Machine Thread - 0] INFO  impl.RaftServerProxy (RaftServerProxy.java:lambda$start$3(299)) - 8e467a3f-4a15-4133-b9dc-29f72d763c9b: start RPC server
2019-08-28 18:52:37,355 [Datanode State Machine Thread - 0] INFO  server.GrpcService (GrpcService.java:startImpl(149)) - 8e467a3f-4a15-4133-b9dc-29f72d763c9b: GrpcService started, listening on 0.0.0.0/0.0.0.0:32993
2019-08-28 18:52:37,356 [Datanode State Machine Thread - 0] INFO  ratis.XceiverServerRatis (XceiverServerRatis.java:start(414)) - XceiverServerRatis 8e467a3f-4a15-4133-b9dc-29f72d763c9b is started using port 32993
2019-08-28 18:52:37,359 [Datanode State Machine Thread - 0] INFO  server.XceiverServerGrpc (XceiverServerGrpc.java:start(161)) - XceiverServerGrpc 8e467a3f-4a15-4133-b9dc-29f72d763c9b is started using port 46274
2019-08-28 18:52:37,592 [main] INFO  ozone.MiniOzoneClusterImpl (MiniOzoneClusterImpl.java:lambda$waitForClusterToBeReady$0(142)) - Waiting for cluster to be ready. Got 0 of 7 DN Heartbeats.
2019-08-28 18:52:37,592 | INFO  | SCMAudit | user=jenkins1000 | ip=192.168.69.102 | op=GET_VERSION null | ret=SUCCESS |  
2019-08-28 18:52:37,625 [Datanode State Machine Thread - 0] INFO  ozoneimpl.OzoneContainer (OzoneContainer.java:start(186)) - Attempting to start container services.
2019-08-28 18:52:37,625 [Datanode State Machine Thread - 0] INFO  ozoneimpl.OzoneContainer (OzoneContainer.java:startContainerScrub(160)) - Background container scrubber has been disabled by hdds.containerscrub.enabled
2019-08-28 18:52:37,625 [Datanode State Machine Thread - 0] INFO  ratis.XceiverServerRatis (XceiverServerRatis.java:start(404)) - Starting XceiverServerRatis 0ec50947-c54d-40fe-a729-b0855dad3f0a at port 0
2019-08-28 18:52:37,632 [Datanode State Machine Thread - 0] INFO  impl.RaftServerProxy (RaftServerProxy.java:lambda$start$3(299)) - 0ec50947-c54d-40fe-a729-b0855dad3f0a: start RPC server
2019-08-28 18:52:37,641 [Datanode State Machine Thread - 0] INFO  server.GrpcService (GrpcService.java:startImpl(149)) - 0ec50947-c54d-40fe-a729-b0855dad3f0a: GrpcService started, listening on 0.0.0.0/0.0.0.0:45761
2019-08-28 18:52:37,641 [Datanode State Machine Thread - 0] INFO  ratis.XceiverServerRatis (XceiverServerRatis.java:start(414)) - XceiverServerRatis 0ec50947-c54d-40fe-a729-b0855dad3f0a is started using port 45761
2019-08-28 18:52:37,647 [Datanode State Machine Thread - 0] INFO  server.XceiverServerGrpc (XceiverServerGrpc.java:start(161)) - XceiverServerGrpc 0ec50947-c54d-40fe-a729-b0855dad3f0a is started using port 38710
2019-08-28 18:52:37,900 [IPC Server handler 6 on 41517] INFO  net.NetworkTopology (NetworkTopologyImpl.java:add(110)) - Added a new node: /default-rack/f785551e-a0af-487c-a25a-ff90660b7a23
2019-08-28 18:52:37,900 [IPC Server handler 6 on 41517] INFO  node.SCMNodeManager (SCMNodeManager.java:register(273)) - Registered Data node : f785551e-a0af-487c-a25a-ff90660b7a23{ip: 192.168.69.102, host: pr-hdds-1783-trunk-gtrxg-786569963, networkLocation: /default-rack, certSerialId: null}
2019-08-28 18:52:37,908 [EventQueue-NodeRegistrationContainerReportForDataNodeSafeModeRule] INFO  safemode.SCMSafeModeManager (DataNodeSafeModeRule.java:process(71)) - SCM in safe mode. 1 DataNodes registered, 1 required.
2019-08-28 18:52:37,909 [EventQueue-NodeRegistrationContainerReportForDataNodeSafeModeRule] INFO  safemode.SCMSafeModeManager (SCMSafeModeManager.java:validateSafeModeExitRules(177)) - ScmSafeModeManager, all rules are successfully validated
2019-08-28 18:52:37,909 [EventQueue-NodeRegistrationContainerReportForDataNodeSafeModeRule] INFO  safemode.SCMSafeModeManager (SCMSafeModeManager.java:exitSafeMode(193)) - SCM exiting safe mode.
2019-08-28 18:52:37,921 | INFO  | SCMAudit | user=jenkins1000 | ip=192.168.69.102 | op=REGISTER {datanodeDetails=f785551e-a0af-487c-a25a-ff90660b7a23{ip: 192.168.69.102, host: pr-hdds-1783-trunk-gtrxg-786569963, networkLocation: /default-rack, certSerialId: null}} | ret=SUCCESS |  
2019-08-28 18:52:38,127 [IPC Server handler 4 on 41517] INFO  net.NetworkTopology (NetworkTopologyImpl.java:add(110)) - Added a new node: /default-rack/79e7307e-2f03-4236-add7-13e1eabe57b5
2019-08-28 18:52:38,128 [IPC Server handler 4 on 41517] INFO  node.SCMNodeManager (SCMNodeManager.java:register(273)) - Registered Data node : 79e7307e-2f03-4236-add7-13e1eabe57b5{ip: 192.168.69.102, host: pr-hdds-1783-trunk-gtrxg-786569963, networkLocation: /default-rack, certSerialId: null}
2019-08-28 18:52:38,128 | INFO  | SCMAudit | user=jenkins1000 | ip=192.168.69.102 | op=REGISTER {datanodeDetails=79e7307e-2f03-4236-add7-13e1eabe57b5{ip: 192.168.69.102, host: pr-hdds-1783-trunk-gtrxg-786569963, networkLocation: /default-rack, certSerialId: null}} | ret=SUCCESS |  
2019-08-28 18:52:38,715 [main] INFO  ozone.MiniOzoneClusterImpl (MiniOzoneClusterImpl.java:lambda$waitForClusterToBeReady$0(142)) - Waiting for cluster to be ready. Got 2 of 7 DN Heartbeats.
2019-08-28 18:52:38,738 [IPC Server handler 6 on 41517] INFO  net.NetworkTopology (NetworkTopologyImpl.java:add(110)) - Added a new node: /default-rack/ee626ce8-1972-4fe0-bbbc-07baa9e228a9
2019-08-28 18:52:38,738 [IPC Server handler 2 on 41517] INFO  net.NetworkTopology (NetworkTopologyImpl.java:add(110)) - Added a new node: /default-rack/2c9db6f5-ae6c-456e-aac1-300011bebd0b
2019-08-28 18:52:38,738 [IPC Server handler 6 on 41517] INFO  node.SCMNodeManager (SCMNodeManager.java:register(273)) - Registered Data node : ee626ce8-1972-4fe0-bbbc-07baa9e228a9{ip: 192.168.69.102, host: pr-hdds-1783-trunk-gtrxg-786569963, networkLocation: /default-rack, certSerialId: null}
2019-08-28 18:52:38,738 [IPC Server handler 2 on 41517] INFO  node.SCMNodeManager (SCMNodeManager.java:register(273)) - Registered Data node : 2c9db6f5-ae6c-456e-aac1-300011bebd0b{ip: 192.168.69.102, host: pr-hdds-1783-trunk-gtrxg-786569963, networkLocation: /default-rack, certSerialId: null}
2019-08-28 18:52:38,739 | INFO  | SCMAudit | user=jenkins1000 | ip=192.168.69.102 | op=REGISTER {datanodeDetails=ee626ce8-1972-4fe0-bbbc-07baa9e228a9{ip: 192.168.69.102, host: pr-hdds-1783-trunk-gtrxg-786569963, networkLocation: /default-rack, certSerialId: null}} | ret=SUCCESS |  
2019-08-28 18:52:38,739 | INFO  | SCMAudit | user=jenkins1000 | ip=192.168.69.102 | op=REGISTER {datanodeDetails=2c9db6f5-ae6c-456e-aac1-300011bebd0b{ip: 192.168.69.102, host: pr-hdds-1783-trunk-gtrxg-786569963, networkLocation: /default-rack, certSerialId: null}} | ret=SUCCESS |  
2019-08-28 18:52:38,967 [grpc-default-executor-0] INFO  impl.RaftServerProxy (RaftServerProxy.java:addNew(89)) - f785551e-a0af-487c-a25a-ff90660b7a23: addNew group-DE1F26A42485:[f785551e-a0af-487c-a25a-ff90660b7a23:192.168.69.102:44888] returns group-DE1F26A42485:java.util.concurrent.CompletableFuture@7132aaf7[Not completed]
2019-08-28 18:52:38,991 [pool-27-thread-1] INFO  impl.RaftServerImpl (RaftServerImpl.java:<init>(93)) - f785551e-a0af-487c-a25a-ff90660b7a23: new RaftServerImpl for group-DE1F26A42485:[f785551e-a0af-487c-a25a-ff90660b7a23:192.168.69.102:44888] with ContainerStateMachine:uninitialized
2019-08-28 18:52:38,994 [pool-27-thread-1] INFO  server.RaftServerConfigKeys (ConfUtils.java:logGet(43)) - raft.server.rpc.timeout.min = 5s (custom)
2019-08-28 18:52:38,996 [pool-27-thread-1] INFO  server.RaftServerConfigKeys (ConfUtils.java:logGet(43)) - raft.server.rpc.timeout.max = 5200ms (custom)
2019-08-28 18:52:38,997 [pool-27-thread-1] INFO  server.RaftServerConfigKeys (ConfUtils.java:logGet(43)) - raft.server.rpcslowness.timeout = 120s (custom)
2019-08-28 18:52:38,998 [pool-27-thread-1] INFO  server.RaftServerConfigKeys (ConfUtils.java:logGet(43)) - raft.server.sleep.deviation.threshold = 300 (default)
2019-08-28 18:52:38,999 [pool-27-thread-1] INFO  server.RaftServerConfigKeys (ConfUtils.java:logGet(43)) - raft.server.log.appender.install.snapshot.enabled = false (custom)
2019-08-28 18:52:39,010 [pool-27-thread-1] INFO  impl.RaftServerImpl (ServerState.java:<init>(105)) - f785551e-a0af-487c-a25a-ff90660b7a23:group-DE1F26A42485 ConfigurationManager, init=-1: [f785551e-a0af-487c-a25a-ff90660b7a23:192.168.69.102:44888], old=null, confs=<EMPTY_MAP>
2019-08-28 18:52:39,011 [pool-27-thread-1] INFO  server.RaftServerConfigKeys (ConfUtils.java:logGet(43)) - raft.server.storage.dir = [/workdir/hadoop-ozone/integration-test/target/test-dir/MiniOzoneClusterImpl-c80cd34b-7aaf-457d-8c82-c76acd6115b4/datanode-0/data/ratis] (custom)
2019-08-28 18:52:39,022 [pool-27-thread-1] INFO  storage.RaftStorageDirectory (RaftStorageDirectory.java:analyzeStorage(246)) - The storage directory /workdir/hadoop-ozone/integration-test/target/test-dir/MiniOzoneClusterImpl-c80cd34b-7aaf-457d-8c82-c76acd6115b4/datanode-0/data/ratis/423b8083-c9e7-4d87-a01d-de1f26a42485 does not exist. Creating ...
2019-08-28 18:52:39,040 [pool-27-thread-1] INFO  storage.RaftStorageDirectory (RaftStorageDirectory.java:tryLock(328)) - Lock on /workdir/hadoop-ozone/integration-test/target/test-dir/MiniOzoneClusterImpl-c80cd34b-7aaf-457d-8c82-c76acd6115b4/datanode-0/data/ratis/423b8083-c9e7-4d87-a01d-de1f26a42485/in_use.lock acquired by nodename 16648@pr-hdds-1783-trunk-gtrxg-786569963
2019-08-28 18:52:39,047 [IPC Server handler 5 on 41517] INFO  net.NetworkTopology (NetworkTopologyImpl.java:add(110)) - Added a new node: /default-rack/3fdab9ea-6680-47f1-aded-4d496f7ecd01
2019-08-28 18:52:39,047 [IPC Server handler 5 on 41517] INFO  node.SCMNodeManager (SCMNodeManager.java:register(273)) - Registered Data node : 3fdab9ea-6680-47f1-aded-4d496f7ecd01{ip: 192.168.69.102, host: pr-hdds-1783-trunk-gtrxg-786569963, networkLocation: /default-rack, certSerialId: null}
2019-08-28 18:52:39,048 | INFO  | SCMAudit | user=jenkins1000 | ip=192.168.69.102 | op=REGISTER {datanodeDetails=3fdab9ea-6680-47f1-aded-4d496f7ecd01{ip: 192.168.69.102, host: pr-hdds-1783-trunk-gtrxg-786569963, networkLocation: /default-rack, certSerialId: null}} | ret=SUCCESS |  
2019-08-28 18:52:39,055 [pool-27-thread-1] INFO  storage.RaftStorage (RaftStorage.java:format(72)) - Storage directory /workdir/hadoop-ozone/integration-test/target/test-dir/MiniOzoneClusterImpl-c80cd34b-7aaf-457d-8c82-c76acd6115b4/datanode-0/data/ratis/423b8083-c9e7-4d87-a01d-de1f26a42485 has been successfully formatted.
2019-08-28 18:52:39,058 [pool-27-thread-1] INFO  ratis.ContainerStateMachine (ContainerStateMachine.java:loadSnapshot(226)) - group-DE1F26A42485: The snapshot info is null. Setting the last applied indexto:(t:0, i:~)
2019-08-28 18:52:39,058 [pool-27-thread-1] INFO  server.RaftServerConfigKeys (ConfUtils.java:logGet(43)) - raft.server.leader.election.timeout = 120s (custom)
2019-08-28 18:52:39,060 [pool-27-thread-1] INFO  server.RaftServerConfigKeys (ConfUtils.java:logGet(43)) - raft.server.log.use.memory = false (default)
2019-08-28 18:52:39,065 [pool-27-thread-1] INFO  server.RaftServerConfigKeys (ConfUtils.java:logGet(43)) - raft.server.log.purge.gap = 1000000 (custom)
2019-08-28 18:52:39,066 [pool-27-thread-1] INFO  server.RaftServerConfigKeys (ConfUtils.java:logGet(43)) - raft.server.log.appender.buffer.byte-limit = 33554432 (custom)
2019-08-28 18:52:39,067 [pool-27-thread-1] INFO  server.RaftServerConfigKeys (ConfUtils.java:logGet(43)) - raft.server.log.segment.size.max = 1048576 (custom)
2019-08-28 18:52:39,071 [pool-27-thread-1] INFO  server.RaftServerConfigKeys (ConfUtils.java:logGet(43)) - raft.server.log.segment.cache.num.max = 2 (custom)
2019-08-28 18:52:39,077 [pool-27-thread-1] INFO  segmented.SegmentedRaftLogWorker (SegmentedRaftLogWorker.java:<init>(172)) - new f785551e-a0af-487c-a25a-ff90660b7a23-SegmentedRaftLogWorker:Storage Directory /workdir/hadoop-ozone/integration-test/target/test-dir/MiniOzoneClusterImpl-c80cd34b-7aaf-457d-8c82-c76acd6115b4/datanode-0/data/ratis/423b8083-c9e7-4d87-a01d-de1f26a42485 for RaftStorage:Storage Directory /workdir/hadoop-ozone/integration-test/target/test-dir/MiniOzoneClusterImpl-c80cd34b-7aaf-457d-8c82-c76acd6115b4/datanode-0/data/ratis/423b8083-c9e7-4d87-a01d-de1f26a42485
2019-08-28 18:52:39,089 [pool-27-thread-1] INFO  server.RaftServerConfigKeys (ConfUtils.java:logGet(43)) - raft.server.log.queue.byte-limit = 2147483647 (custom)
2019-08-28 18:52:39,089 [pool-27-thread-1] INFO  server.RaftServerConfigKeys (ConfUtils.java:logGet(43)) - raft.server.log.queue.element-limit = 1024 (custom)
2019-08-28 18:52:39,095 [pool-27-thread-1] INFO  server.RaftServerConfigKeys (ConfUtils.java:logGet(43)) - raft.server.log.segment.size.max = 1048576 (custom)
2019-08-28 18:52:39,096 [pool-27-thread-1] INFO  server.RaftServerConfigKeys (ConfUtils.java:logGet(43)) - raft.server.log.preallocated.size = 16384 (custom)
2019-08-28 18:52:39,097 [pool-27-thread-1] INFO  server.RaftServerConfigKeys (ConfUtils.java:logGet(43)) - raft.server.log.write.buffer.size = 33554432 (custom)
2019-08-28 18:52:39,097 [pool-27-thread-1] INFO  server.RaftServerConfigKeys (ConfUtils.java:logGet(43)) - raft.server.log.force.sync.num = 128 (default)
2019-08-28 18:52:39,103 [pool-27-thread-1] INFO  server.RaftServerConfigKeys (ConfUtils.java:logGet(43)) - raft.server.log.statemachine.data.sync = true (default)
2019-08-28 18:52:39,104 [pool-27-thread-1] INFO  server.RaftServerConfigKeys (ConfUtils.java:logGet(43)) - raft.server.log.statemachine.data.sync.timeout = 10s (default)
2019-08-28 18:52:39,105 [pool-27-thread-1] INFO  server.RaftServerConfigKeys (ConfUtils.java:logGet(43)) - raft.server.log.statemachine.data.sync.timeout.retry = -1 (default)
2019-08-28 18:52:39,119 [pool-27-thread-1] INFO  server.RaftServerConfigKeys (ConfUtils.java:logGet(43)) - raft.server.log.statemachine.data.caching.enabled = true (custom)
2019-08-28 18:52:39,126 [pool-27-thread-1] INFO  segmented.SegmentedRaftLogWorker (SegmentedRaftLogWorker.java:lambda$new$0(132)) - f785551e-a0af-487c-a25a-ff90660b7a23-SegmentedRaftLogWorker:Storage Directory /workdir/hadoop-ozone/integration-test/target/test-dir/MiniOzoneClusterImpl-c80cd34b-7aaf-457d-8c82-c76acd6115b4/datanode-0/data/ratis/423b8083-c9e7-4d87-a01d-de1f26a42485: flushIndex: setUnconditionally 0 -> -1
2019-08-28 18:52:39,133 [pool-27-thread-1] INFO  server.RaftServerConfigKeys (ConfUtils.java:logGet(43)) - raft.server.snapshot.auto.trigger.enabled = true (custom)
2019-08-28 18:52:39,134 [pool-27-thread-1] INFO  server.RaftServerConfigKeys (ConfUtils.java:logGet(43)) - raft.server.snapshot.auto.trigger.threshold = 10000 (custom)
2019-08-28 18:52:39,135 [pool-27-thread-1] INFO  server.RaftServerConfigKeys (ConfUtils.java:logGet(43)) - raft.server.retrycache.expirytime = 600000ms (custom)
2019-08-28 18:52:39,163 [pool-27-thread-1] INFO  impl.RaftServerImpl (RaftServerImpl.java:start(180)) - f785551e-a0af-487c-a25a-ff90660b7a23: start group-DE1F26A42485
2019-08-28 18:52:39,165 [pool-27-thread-1] INFO  impl.RaftServerImpl (RaftServerImpl.java:setRole(171)) - f785551e-a0af-487c-a25a-ff90660b7a23:group-DE1F26A42485 changes role from null to FOLLOWER at term 0 for startAsFollower
2019-08-28 18:52:39,166 [pool-27-thread-1] INFO  impl.RoleInfo (RoleInfo.java:updateAndGet(143)) - f785551e-a0af-487c-a25a-ff90660b7a23: start FollowerState
2019-08-28 18:52:39,168 [pool-27-thread-1] INFO  util.JmxRegister (JmxRegister.java:tryRegister(44)) - Successfully registered JMX Bean with object name Ratis:service=RaftServer,group=group-DE1F26A42485,id=f785551e-a0af-487c-a25a-ff90660b7a23
2019-08-28 18:52:39,284 [RatisPipelineUtilsThread] INFO  pipeline.PipelineStateManager (PipelineStateManager.java:addPipeline(56)) - Created pipeline Pipeline[ Id: 423b8083-c9e7-4d87-a01d-de1f26a42485, Nodes: f785551e-a0af-487c-a25a-ff90660b7a23{ip: 192.168.69.102, host: pr-hdds-1783-trunk-gtrxg-786569963, networkLocation: /default-rack, certSerialId: null}, Type:RATIS, Factor:ONE, State:OPEN]
2019-08-28 18:52:39,316 [IPC Server handler 1 on 41517] INFO  net.NetworkTopology (NetworkTopologyImpl.java:add(110)) - Added a new node: /default-rack/8e467a3f-4a15-4133-b9dc-29f72d763c9b
2019-08-28 18:52:39,316 [IPC Server handler 1 on 41517] INFO  node.SCMNodeManager (SCMNodeManager.java:register(273)) - Registered Data node : 8e467a3f-4a15-4133-b9dc-29f72d763c9b{ip: 192.168.69.102, host: pr-hdds-1783-trunk-gtrxg-786569963, networkLocation: /default-rack, certSerialId: null}
2019-08-28 18:52:39,316 | INFO  | SCMAudit | user=jenkins1000 | ip=192.168.69.102 | op=REGISTER {datanodeDetails=8e467a3f-4a15-4133-b9dc-29f72d763c9b{ip: 192.168.69.102, host: pr-hdds-1783-trunk-gtrxg-786569963, networkLocation: /default-rack, certSerialId: null}} | ret=SUCCESS |  
2019-08-28 18:52:39,326 [grpc-default-executor-0] INFO  impl.RaftServerProxy (RaftServerProxy.java:addNew(89)) - 79e7307e-2f03-4236-add7-13e1eabe57b5: addNew group-7A6DF1D60B2D:[79e7307e-2f03-4236-add7-13e1eabe57b5:192.168.69.102:45684] returns group-7A6DF1D60B2D:java.util.concurrent.CompletableFuture@578dc49e[Not completed]
2019-08-28 18:52:39,385 [pool-38-thread-1] INFO  impl.RaftServerImpl (RaftServerImpl.java:<init>(93)) - 79e7307e-2f03-4236-add7-13e1eabe57b5: new RaftServerImpl for group-7A6DF1D60B2D:[79e7307e-2f03-4236-add7-13e1eabe57b5:192.168.69.102:45684] with ContainerStateMachine:uninitialized
2019-08-28 18:52:39,387 [pool-38-thread-1] INFO  server.RaftServerConfigKeys (ConfUtils.java:logGet(43)) - raft.server.rpc.timeout.min = 5s (custom)
2019-08-28 18:52:39,387 [pool-38-thread-1] INFO  server.RaftServerConfigKeys (ConfUtils.java:logGet(43)) - raft.server.rpc.timeout.max = 5200ms (custom)
2019-08-28 18:52:39,387 [pool-38-thread-1] INFO  server.RaftServerConfigKeys (ConfUtils.java:logGet(43)) - raft.server.rpcslowness.timeout = 120s (custom)
2019-08-28 18:52:39,387 [pool-38-thread-1] INFO  server.RaftServerConfigKeys (ConfUtils.java:logGet(43)) - raft.server.sleep.deviation.threshold = 300 (default)
2019-08-28 18:52:39,387 [pool-38-thread-1] INFO  server.RaftServerConfigKeys (ConfUtils.java:logGet(43)) - raft.server.log.appender.install.snapshot.enabled = false (custom)
2019-08-28 18:52:39,387 [pool-38-thread-1] INFO  impl.RaftServerImpl (ServerState.java:<init>(105)) - 79e7307e-2f03-4236-add7-13e1eabe57b5:group-7A6DF1D60B2D ConfigurationManager, init=-1: [79e7307e-2f03-4236-add7-13e1eabe57b5:192.168.69.102:45684], old=null, confs=<EMPTY_MAP>
2019-08-28 18:52:39,388 [pool-38-thread-1] INFO  server.RaftServerConfigKeys (ConfUtils.java:logGet(43)) - raft.server.storage.dir = [/workdir/hadoop-ozone/integration-test/target/test-dir/MiniOzoneClusterImpl-c80cd34b-7aaf-457d-8c82-c76acd6115b4/datanode-1/data/ratis] (custom)
2019-08-28 18:52:39,388 [pool-38-thread-1] INFO  storage.RaftStorageDirectory (RaftStorageDirectory.java:analyzeStorage(246)) - The storage directory /workdir/hadoop-ozone/integration-test/target/test-dir/MiniOzoneClusterImpl-c80cd34b-7aaf-457d-8c82-c76acd6115b4/datanode-1/data/ratis/5e7fb1c4-75d0-470f-ba55-7a6df1d60b2d does not exist. Creating ...
2019-08-28 18:52:39,406 [pool-38-thread-1] INFO  storage.RaftStorageDirectory (RaftStorageDirectory.java:tryLock(328)) - Lock on /workdir/hadoop-ozone/integration-test/target/test-dir/MiniOzoneClusterImpl-c80cd34b-7aaf-457d-8c82-c76acd6115b4/datanode-1/data/ratis/5e7fb1c4-75d0-470f-ba55-7a6df1d60b2d/in_use.lock acquired by nodename 16648@pr-hdds-1783-trunk-gtrxg-786569963
2019-08-28 18:52:39,421 [pool-38-thread-1] INFO  storage.RaftStorage (RaftStorage.java:format(72)) - Storage directory /workdir/hadoop-ozone/integration-test/target/test-dir/MiniOzoneClusterImpl-c80cd34b-7aaf-457d-8c82-c76acd6115b4/datanode-1/data/ratis/5e7fb1c4-75d0-470f-ba55-7a6df1d60b2d has been successfully formatted.
2019-08-28 18:52:39,433 [pool-38-thread-1] INFO  ratis.ContainerStateMachine (ContainerStateMachine.java:loadSnapshot(226)) - group-7A6DF1D60B2D: The snapshot info is null. Setting the last applied indexto:(t:0, i:~)
2019-08-28 18:52:39,435 [pool-38-thread-1] INFO  server.RaftServerConfigKeys (ConfUtils.java:logGet(43)) - raft.server.leader.election.timeout = 120s (custom)
2019-08-28 18:52:39,435 [pool-38-thread-1] INFO  server.RaftServerConfigKeys (ConfUtils.java:logGet(43)) - raft.server.log.use.memory = false (default)
2019-08-28 18:52:39,435 [pool-38-thread-1] INFO  server.RaftServerConfigKeys (ConfUtils.java:logGet(43)) - raft.server.log.purge.gap = 1000000 (custom)
2019-08-28 18:52:39,435 [pool-38-thread-1] INFO  server.RaftServerConfigKeys (ConfUtils.java:logGet(43)) - raft.server.log.appender.buffer.byte-limit = 33554432 (custom)
2019-08-28 18:52:39,436 [pool-38-thread-1] INFO  server.RaftServerConfigKeys (ConfUtils.java:logGet(43)) - raft.server.log.segment.size.max = 1048576 (custom)
2019-08-28 18:52:39,436 [pool-38-thread-1] INFO  server.RaftServerConfigKeys (ConfUtils.java:logGet(43)) - raft.server.log.segment.cache.num.max = 2 (custom)
2019-08-28 18:52:39,436 [pool-38-thread-1] INFO  segmented.SegmentedRaftLogWorker (SegmentedRaftLogWorker.java:<init>(172)) - new 79e7307e-2f03-4236-add7-13e1eabe57b5-SegmentedRaftLogWorker:Storage Directory /workdir/hadoop-ozone/integration-test/target/test-dir/MiniOzoneClusterImpl-c80cd34b-7aaf-457d-8c82-c76acd6115b4/datanode-1/data/ratis/5e7fb1c4-75d0-470f-ba55-7a6df1d60b2d for RaftStorage:Storage Directory /workdir/hadoop-ozone/integration-test/target/test-dir/MiniOzoneClusterImpl-c80cd34b-7aaf-457d-8c82-c76acd6115b4/datanode-1/data/ratis/5e7fb1c4-75d0-470f-ba55-7a6df1d60b2d
2019-08-28 18:52:39,437 [pool-38-thread-1] INFO  server.RaftServerConfigKeys (ConfUtils.java:logGet(43)) - raft.server.log.queue.byte-limit = 2147483647 (custom)
2019-08-28 18:52:39,437 [pool-38-thread-1] INFO  server.RaftServerConfigKeys (ConfUtils.java:logGet(43)) - raft.server.log.queue.element-limit = 1024 (custom)
2019-08-28 18:52:39,438 [pool-38-thread-1] INFO  server.RaftServerConfigKeys (ConfUtils.java:logGet(43)) - raft.server.log.segment.size.max = 1048576 (custom)
2019-08-28 18:52:39,438 [pool-38-thread-1] INFO  server.RaftServerConfigKeys (ConfUtils.java:logGet(43)) - raft.server.log.preallocated.size = 16384 (custom)
2019-08-28 18:52:39,438 [pool-38-thread-1] INFO  server.RaftServerConfigKeys (ConfUtils.java:logGet(43)) - raft.server.log.write.buffer.size = 33554432 (custom)
2019-08-28 18:52:39,438 [pool-38-thread-1] INFO  server.RaftServerConfigKeys (ConfUtils.java:logGet(43)) - raft.server.log.force.sync.num = 128 (default)
2019-08-28 18:52:39,438 [pool-38-thread-1] INFO  server.RaftServerConfigKeys (ConfUtils.java:logGet(43)) - raft.server.log.statemachine.data.sync = true (default)
2019-08-28 18:52:39,438 [pool-38-thread-1] INFO  server.RaftServerConfigKeys (ConfUtils.java:logGet(43)) - raft.server.log.statemachine.data.sync.timeout = 10s (default)
2019-08-28 18:52:39,438 [pool-38-thread-1] INFO  server.RaftServerConfigKeys (ConfUtils.java:logGet(43)) - raft.server.log.statemachine.data.sync.timeout.retry = -1 (default)
2019-08-28 18:52:39,439 [pool-38-thread-1] INFO  server.RaftServerConfigKeys (ConfUtils.java:logGet(43)) - raft.server.log.statemachine.data.caching.enabled = true (custom)
2019-08-28 18:52:39,439 [pool-38-thread-1] INFO  segmented.SegmentedRaftLogWorker (SegmentedRaftLogWorker.java:lambda$new$0(132)) - 79e7307e-2f03-4236-add7-13e1eabe57b5-SegmentedRaftLogWorker:Storage Directory /workdir/hadoop-ozone/integration-test/target/test-dir/MiniOzoneClusterImpl-c80cd34b-7aaf-457d-8c82-c76acd6115b4/datanode-1/data/ratis/5e7fb1c4-75d0-470f-ba55-7a6df1d60b2d: flushIndex: setUnconditionally 0 -> -1
2019-08-28 18:52:39,439 [pool-38-thread-1] INFO  server.RaftServerConfigKeys (ConfUtils.java:logGet(43)) - raft.server.snapshot.auto.trigger.enabled = true (custom)
2019-08-28 18:52:39,440 [pool-38-thread-1] INFO  server.RaftServerConfigKeys (ConfUtils.java:logGet(43)) - raft.server.snapshot.auto.trigger.threshold = 10000 (custom)
2019-08-28 18:52:39,440 [pool-38-thread-1] INFO  server.RaftServerConfigKeys (ConfUtils.java:logGet(43)) - raft.server.retrycache.expirytime = 600000ms (custom)
2019-08-28 18:52:39,440 [pool-38-thread-1] INFO  impl.RaftServerImpl (RaftServerImpl.java:start(180)) - 79e7307e-2f03-4236-add7-13e1eabe57b5: start group-7A6DF1D60B2D
2019-08-28 18:52:39,440 [pool-38-thread-1] INFO  impl.RaftServerImpl (RaftServerImpl.java:setRole(171)) - 79e7307e-2f03-4236-add7-13e1eabe57b5:group-7A6DF1D60B2D changes role from null to FOLLOWER at term 0 for startAsFollower
2019-08-28 18:52:39,440 [pool-38-thread-1] INFO  impl.RoleInfo (RoleInfo.java:updateAndGet(143)) - 79e7307e-2f03-4236-add7-13e1eabe57b5: start FollowerState
2019-08-28 18:52:39,442 [pool-38-thread-1] INFO  util.JmxRegister (JmxRegister.java:tryRegister(44)) - Successfully registered JMX Bean with object name Ratis:service=RaftServer,group=group-7A6DF1D60B2D,id=79e7307e-2f03-4236-add7-13e1eabe57b5
2019-08-28 18:52:39,453 [RatisPipelineUtilsThread] INFO  pipeline.PipelineStateManager (PipelineStateManager.java:addPipeline(56)) - Created pipeline Pipeline[ Id: 5e7fb1c4-75d0-470f-ba55-7a6df1d60b2d, Nodes: 79e7307e-2f03-4236-add7-13e1eabe57b5{ip: 192.168.69.102, host: pr-hdds-1783-trunk-gtrxg-786569963, networkLocation: /default-rack, certSerialId: null}, Type:RATIS, Factor:ONE, State:OPEN]
2019-08-28 18:52:39,481 [grpc-default-executor-1] INFO  impl.RaftServerProxy (RaftServerProxy.java:addNew(89)) - ee626ce8-1972-4fe0-bbbc-07baa9e228a9: addNew group-5E0482E4FA76:[ee626ce8-1972-4fe0-bbbc-07baa9e228a9:192.168.69.102:33628] returns group-5E0482E4FA76:java.util.concurrent.CompletableFuture@46ccb5d1[Not completed]
2019-08-28 18:52:39,495 [pool-49-thread-1] INFO  impl.RaftServerImpl (RaftServerImpl.java:<init>(93)) - ee626ce8-1972-4fe0-bbbc-07baa9e228a9: new RaftServerImpl for group-5E0482E4FA76:[ee626ce8-1972-4fe0-bbbc-07baa9e228a9:192.168.69.102:33628] with ContainerStateMachine:uninitialized
2019-08-28 18:52:39,496 [pool-49-thread-1] INFO  server.RaftServerConfigKeys (ConfUtils.java:logGet(43)) - raft.server.rpc.timeout.min = 5s (custom)
2019-08-28 18:52:39,496 [pool-49-thread-1] INFO  server.RaftServerConfigKeys (ConfUtils.java:logGet(43)) - raft.server.rpc.timeout.max = 5200ms (custom)
2019-08-28 18:52:39,496 [pool-49-thread-1] INFO  server.RaftServerConfigKeys (ConfUtils.java:logGet(43)) - raft.server.rpcslowness.timeout = 120s (custom)
2019-08-28 18:52:39,496 [pool-49-thread-1] INFO  server.RaftServerConfigKeys (ConfUtils.java:logGet(43)) - raft.server.sleep.deviation.threshold = 300 (default)
2019-08-28 18:52:39,496 [pool-49-thread-1] INFO  server.RaftServerConfigKeys (ConfUtils.java:logGet(43)) - raft.server.log.appender.install.snapshot.enabled = false (custom)
2019-08-28 18:52:39,496 [pool-49-thread-1] INFO  impl.RaftServerImpl (ServerState.java:<init>(105)) - ee626ce8-1972-4fe0-bbbc-07baa9e228a9:group-5E0482E4FA76 ConfigurationManager, init=-1: [ee626ce8-1972-4fe0-bbbc-07baa9e228a9:192.168.69.102:33628], old=null, confs=<EMPTY_MAP>
2019-08-28 18:52:39,496 [pool-49-thread-1] INFO  server.RaftServerConfigKeys (ConfUtils.java:logGet(43)) - raft.server.storage.dir = [/workdir/hadoop-ozone/integration-test/target/test-dir/MiniOzoneClusterImpl-c80cd34b-7aaf-457d-8c82-c76acd6115b4/datanode-2/data/ratis] (custom)
2019-08-28 18:52:39,497 [pool-49-thread-1] INFO  storage.RaftStorageDirectory (RaftStorageDirectory.java:analyzeStorage(246)) - The storage directory /workdir/hadoop-ozone/integration-test/target/test-dir/MiniOzoneClusterImpl-c80cd34b-7aaf-457d-8c82-c76acd6115b4/datanode-2/data/ratis/ca982efb-163f-4098-8a10-5e0482e4fa76 does not exist. Creating ...
2019-08-28 18:52:39,593 [IPC Server handler 3 on 41517] INFO  net.NetworkTopology (NetworkTopologyImpl.java:add(110)) - Added a new node: /default-rack/0ec50947-c54d-40fe-a729-b0855dad3f0a
2019-08-28 18:52:39,593 [IPC Server handler 3 on 41517] INFO  node.SCMNodeManager (SCMNodeManager.java:register(273)) - Registered Data node : 0ec50947-c54d-40fe-a729-b0855dad3f0a{ip: 192.168.69.102, host: pr-hdds-1783-trunk-gtrxg-786569963, networkLocation: /default-rack, certSerialId: null}
2019-08-28 18:52:39,593 | INFO  | SCMAudit | user=jenkins1000 | ip=192.168.69.102 | op=REGISTER {datanodeDetails=0ec50947-c54d-40fe-a729-b0855dad3f0a{ip: 192.168.69.102, host: pr-hdds-1783-trunk-gtrxg-786569963, networkLocation: /default-rack, certSerialId: null}} | ret=SUCCESS |  
2019-08-28 18:52:39,727 [main] INFO  ozone.MiniOzoneClusterImpl (MiniOzoneClusterImpl.java:lambda$waitForClusterToBeReady$0(142)) - Cluster is ready. Got 7 of 7 DN Heartbeats.
2019-08-28 18:52:39,844 [pool-49-thread-1] INFO  storage.RaftStorageDirectory (RaftStorageDirectory.java:tryLock(328)) - Lock on /workdir/hadoop-ozone/integration-test/target/test-dir/MiniOzoneClusterImpl-c80cd34b-7aaf-457d-8c82-c76acd6115b4/datanode-2/data/ratis/ca982efb-163f-4098-8a10-5e0482e4fa76/in_use.lock acquired by nodename 16648@pr-hdds-1783-trunk-gtrxg-786569963
2019-08-28 18:52:39,881 | INFO  | SCMAudit | user=jenkins1000 | ip=192.168.69.102 | op=SEND_HEARTBEAT {datanodeUUID=f785551e-a0af-487c-a25a-ff90660b7a23, command=[]} | ret=SUCCESS |  
2019-08-28 18:52:40,082 [main] INFO  rpc.RpcClient (RpcClient.java:createVolume(293)) - Creating Volume: testblockoutputstream, with jenkins1000 as owner.
2019-08-28 18:52:40,128 | INFO  | SCMAudit | user=jenkins1000 | ip=192.168.69.102 | op=SEND_HEARTBEAT {datanodeUUID=79e7307e-2f03-4236-add7-13e1eabe57b5, command=[]} | ret=SUCCESS |  
2019-08-28 18:52:40,170 | INFO  | OMAudit | user=jenkins1000 | ip=127.0.0.1 | op=CREATE_VOLUME {admin=jenkins1000, owner=jenkins1000, volume=testblockoutputstream, creationTime=1567018360113, quotaInBytes=1152921504606846976} | ret=SUCCESS |  
2019-08-28 18:52:40,202 | INFO  | OMAudit | user=jenkins1000 | ip=127.0.0.1 | op=READ_VOLUME {volume=testblockoutputstream} | ret=SUCCESS |  
2019-08-28 18:52:40,210 [main] INFO  rpc.RpcClient (RpcClient.java:createBucket(432)) - Creating Bucket: testblockoutputstream/testblockoutputstream, with Versioning false and Storage Type set to DISK and Encryption set to false 
2019-08-28 18:52:40,234 | INFO  | OMAudit | user=jenkins1000 | ip=127.0.0.1 | op=CREATE_BUCKET {volume=testblockoutputstream, bucket=testblockoutputstream, acls=[user:jenkins1000:a[ACCESS], group:default:a[ACCESS]], isVersionEnabled=false, storageType=DISK, creationTime=0} | ret=SUCCESS |  
2019-08-28 18:52:40,236 [main] INFO  impl.MetricsSystemImpl (MetricsSystemImpl.java:init(158)) - XceiverClientMetrics metrics system started (again)
2019-08-28 18:52:40,247 | INFO  | OMAudit | user=jenkins1000 | ip=127.0.0.1 | op=READ_VOLUME {volume=testblockoutputstream} | ret=SUCCESS |  
2019-08-28 18:52:40,254 | INFO  | OMAudit | user=jenkins1000 | ip=127.0.0.1 | op=READ_BUCKET {volume=testblockoutputstream, bucket=testblockoutputstream} | ret=SUCCESS |  
2019-08-28 18:52:40,321 [pool-49-thread-1] INFO  storage.RaftStorage (RaftStorage.java:format(72)) - Storage directory /workdir/hadoop-ozone/integration-test/target/test-dir/MiniOzoneClusterImpl-c80cd34b-7aaf-457d-8c82-c76acd6115b4/datanode-2/data/ratis/ca982efb-163f-4098-8a10-5e0482e4fa76 has been successfully formatted.
2019-08-28 18:52:40,322 [pool-49-thread-1] INFO  ratis.ContainerStateMachine (ContainerStateMachine.java:loadSnapshot(226)) - group-5E0482E4FA76: The snapshot info is null. Setting the last applied indexto:(t:0, i:~)
2019-08-28 18:52:40,322 [pool-49-thread-1] INFO  server.RaftServerConfigKeys (ConfUtils.java:logGet(43)) - raft.server.leader.election.timeout = 120s (custom)
2019-08-28 18:52:40,322 [pool-49-thread-1] INFO  server.RaftServerConfigKeys (ConfUtils.java:logGet(43)) - raft.server.log.use.memory = false (default)
2019-08-28 18:52:40,323 [pool-49-thread-1] INFO  server.RaftServerConfigKeys (ConfUtils.java:logGet(43)) - raft.server.log.purge.gap = 1000000 (custom)
2019-08-28 18:52:40,323 [pool-49-thread-1] INFO  server.RaftServerConfigKeys (ConfUtils.java:logGet(43)) - raft.server.log.appender.buffer.byte-limit = 33554432 (custom)
2019-08-28 18:52:40,323 [pool-49-thread-1] INFO  server.RaftServerConfigKeys (ConfUtils.java:logGet(43)) - raft.server.log.segment.size.max = 1048576 (custom)
2019-08-28 18:52:40,323 [pool-49-thread-1] INFO  server.RaftServerConfigKeys (ConfUtils.java:logGet(43)) - raft.server.log.segment.cache.num.max = 2 (custom)
2019-08-28 18:52:40,324 [pool-49-thread-1] INFO  segmented.SegmentedRaftLogWorker (SegmentedRaftLogWorker.java:<init>(172)) - new ee626ce8-1972-4fe0-bbbc-07baa9e228a9-SegmentedRaftLogWorker:Storage Directory /workdir/hadoop-ozone/integration-test/target/test-dir/MiniOzoneClusterImpl-c80cd34b-7aaf-457d-8c82-c76acd6115b4/datanode-2/data/ratis/ca982efb-163f-4098-8a10-5e0482e4fa76 for RaftStorage:Storage Directory /workdir/hadoop-ozone/integration-test/target/test-dir/MiniOzoneClusterImpl-c80cd34b-7aaf-457d-8c82-c76acd6115b4/datanode-2/data/ratis/ca982efb-163f-4098-8a10-5e0482e4fa76
2019-08-28 18:52:40,324 [pool-49-thread-1] INFO  server.RaftServerConfigKeys (ConfUtils.java:logGet(43)) - raft.server.log.queue.byte-limit = 2147483647 (custom)
2019-08-28 18:52:40,324 [pool-49-thread-1] INFO  server.RaftServerConfigKeys (ConfUtils.java:logGet(43)) - raft.server.log.queue.element-limit = 1024 (custom)
2019-08-28 18:52:40,325 [pool-49-thread-1] INFO  server.RaftServerConfigKeys (ConfUtils.java:logGet(43)) - raft.server.log.segment.size.max = 1048576 (custom)
2019-08-28 18:52:40,325 [pool-49-thread-1] INFO  server.RaftServerConfigKeys (ConfUtils.java:logGet(43)) - raft.server.log.preallocated.size = 16384 (custom)
2019-08-28 18:52:40,325 [pool-49-thread-1] INFO  server.RaftServerConfigKeys (ConfUtils.java:logGet(43)) - raft.server.log.write.buffer.size = 33554432 (custom)
2019-08-28 18:52:40,325 [pool-49-thread-1] INFO  server.RaftServerConfigKeys (ConfUtils.java:logGet(43)) - raft.server.log.force.sync.num = 128 (default)
2019-08-28 18:52:40,326 [pool-49-thread-1] INFO  server.RaftServerConfigKeys (ConfUtils.java:logGet(43)) - raft.server.log.statemachine.data.sync = true (default)
2019-08-28 18:52:40,326 [pool-49-thread-1] INFO  server.RaftServerConfigKeys (ConfUtils.java:logGet(43)) - raft.server.log.statemachine.data.sync.timeout = 10s (default)
2019-08-28 18:52:40,326 [pool-49-thread-1] INFO  server.RaftServerConfigKeys (ConfUtils.java:logGet(43)) - raft.server.log.statemachine.data.sync.timeout.retry = -1 (default)
2019-08-28 18:52:40,326 [pool-49-thread-1] INFO  server.RaftServerConfigKeys (ConfUtils.java:logGet(43)) - raft.server.log.statemachine.data.caching.enabled = true (custom)
2019-08-28 18:52:40,334 [pool-49-thread-1] INFO  segmented.SegmentedRaftLogWorker (SegmentedRaftLogWorker.java:lambda$new$0(132)) - ee626ce8-1972-4fe0-bbbc-07baa9e228a9-SegmentedRaftLogWorker:Storage Directory /workdir/hadoop-ozone/integration-test/target/test-dir/MiniOzoneClusterImpl-c80cd34b-7aaf-457d-8c82-c76acd6115b4/datanode-2/data/ratis/ca982efb-163f-4098-8a10-5e0482e4fa76: flushIndex: setUnconditionally 0 -> -1
2019-08-28 18:52:40,335 [pool-49-thread-1] INFO  server.RaftServerConfigKeys (ConfUtils.java:logGet(43)) - raft.server.snapshot.auto.trigger.enabled = true (custom)
2019-08-28 18:52:40,335 [pool-49-thread-1] INFO  server.RaftServerConfigKeys (ConfUtils.java:logGet(43)) - raft.server.snapshot.auto.trigger.threshold = 10000 (custom)
2019-08-28 18:52:40,335 [pool-49-thread-1] INFO  server.RaftServerConfigKeys (ConfUtils.java:logGet(43)) - raft.server.retrycache.expirytime = 600000ms (custom)
2019-08-28 18:52:40,335 [pool-49-thread-1] INFO  impl.RaftServerImpl (RaftServerImpl.java:start(180)) - ee626ce8-1972-4fe0-bbbc-07baa9e228a9: start group-5E0482E4FA76
2019-08-28 18:52:40,335 [pool-49-thread-1] INFO  impl.RaftServerImpl (RaftServerImpl.java:setRole(171)) - ee626ce8-1972-4fe0-bbbc-07baa9e228a9:group-5E0482E4FA76 changes role from null to FOLLOWER at term 0 for startAsFollower
2019-08-28 18:52:40,335 [pool-49-thread-1] INFO  impl.RoleInfo (RoleInfo.java:updateAndGet(143)) - ee626ce8-1972-4fe0-bbbc-07baa9e228a9: start FollowerState
2019-08-28 18:52:40,336 [pool-49-thread-1] INFO  util.JmxRegister (JmxRegister.java:tryRegister(44)) - Successfully registered JMX Bean with object name Ratis:service=RaftServer,group=group-5E0482E4FA76,id=ee626ce8-1972-4fe0-bbbc-07baa9e228a9
2019-08-28 18:52:40,354 [RatisPipelineUtilsThread] INFO  pipeline.PipelineStateManager (PipelineStateManager.java:addPipeline(56)) - Created pipeline Pipeline[ Id: ca982efb-163f-4098-8a10-5e0482e4fa76, Nodes: ee626ce8-1972-4fe0-bbbc-07baa9e228a9{ip: 192.168.69.102, host: pr-hdds-1783-trunk-gtrxg-786569963, networkLocation: /default-rack, certSerialId: null}, Type:RATIS, Factor:ONE, State:OPEN]
2019-08-28 18:52:40,382 [grpc-default-executor-1] INFO  impl.RaftServerProxy (RaftServerProxy.java:addNew(89)) - 8e467a3f-4a15-4133-b9dc-29f72d763c9b: addNew group-8B9EA2F8AD18:[8e467a3f-4a15-4133-b9dc-29f72d763c9b:192.168.69.102:32993] returns group-8B9EA2F8AD18:java.util.concurrent.CompletableFuture@15fd73e6[Not completed]
2019-08-28 18:52:40,387 [pool-82-thread-1] INFO  impl.RaftServerImpl (RaftServerImpl.java:<init>(93)) - 8e467a3f-4a15-4133-b9dc-29f72d763c9b: new RaftServerImpl for group-8B9EA2F8AD18:[8e467a3f-4a15-4133-b9dc-29f72d763c9b:192.168.69.102:32993] with ContainerStateMachine:uninitialized
2019-08-28 18:52:40,388 [pool-82-thread-1] INFO  server.RaftServerConfigKeys (ConfUtils.java:logGet(43)) - raft.server.rpc.timeout.min = 5s (custom)
2019-08-28 18:52:40,388 [pool-82-thread-1] INFO  server.RaftServerConfigKeys (ConfUtils.java:logGet(43)) - raft.server.rpc.timeout.max = 5200ms (custom)
2019-08-28 18:52:40,388 [pool-82-thread-1] INFO  server.RaftServerConfigKeys (ConfUtils.java:logGet(43)) - raft.server.rpcslowness.timeout = 120s (custom)
2019-08-28 18:52:40,388 [pool-82-thread-1] INFO  server.RaftServerConfigKeys (ConfUtils.java:logGet(43)) - raft.server.sleep.deviation.threshold = 300 (default)
2019-08-28 18:52:40,389 [pool-82-thread-1] INFO  server.RaftServerConfigKeys (ConfUtils.java:logGet(43)) - raft.server.log.appender.install.snapshot.enabled = false (custom)
2019-08-28 18:52:40,389 [pool-82-thread-1] INFO  impl.RaftServerImpl (ServerState.java:<init>(105)) - 8e467a3f-4a15-4133-b9dc-29f72d763c9b:group-8B9EA2F8AD18 ConfigurationManager, init=-1: [8e467a3f-4a15-4133-b9dc-29f72d763c9b:192.168.69.102:32993], old=null, confs=<EMPTY_MAP>
2019-08-28 18:52:40,389 [pool-82-thread-1] INFO  server.RaftServerConfigKeys (ConfUtils.java:logGet(43)) - raft.server.storage.dir = [/workdir/hadoop-ozone/integration-test/target/test-dir/MiniOzoneClusterImpl-c80cd34b-7aaf-457d-8c82-c76acd6115b4/datanode-5/data/ratis] (custom)
2019-08-28 18:52:40,390 [pool-82-thread-1] INFO  storage.RaftStorageDirectory (RaftStorageDirectory.java:analyzeStorage(246)) - The storage directory /workdir/hadoop-ozone/integration-test/target/test-dir/MiniOzoneClusterImpl-c80cd34b-7aaf-457d-8c82-c76acd6115b4/datanode-5/data/ratis/33cf9a3b-57dd-4e54-9be4-8b9ea2f8ad18 does not exist. Creating ...
2019-08-28 18:52:40,707 [pool-82-thread-1] INFO  storage.RaftStorageDirectory (RaftStorageDirectory.java:tryLock(328)) - Lock on /workdir/hadoop-ozone/integration-test/target/test-dir/MiniOzoneClusterImpl-c80cd34b-7aaf-457d-8c82-c76acd6115b4/datanode-5/data/ratis/33cf9a3b-57dd-4e54-9be4-8b9ea2f8ad18/in_use.lock acquired by nodename 16648@pr-hdds-1783-trunk-gtrxg-786569963
2019-08-28 18:52:40,716 [pool-82-thread-1] INFO  storage.RaftStorage (RaftStorage.java:format(72)) - Storage directory /workdir/hadoop-ozone/integration-test/target/test-dir/MiniOzoneClusterImpl-c80cd34b-7aaf-457d-8c82-c76acd6115b4/datanode-5/data/ratis/33cf9a3b-57dd-4e54-9be4-8b9ea2f8ad18 has been successfully formatted.
2019-08-28 18:52:40,717 | INFO  | SCMAudit | user=jenkins1000 | ip=192.168.69.102 | op=SEND_HEARTBEAT {datanodeUUID=2c9db6f5-ae6c-456e-aac1-300011bebd0b, command=[]} | ret=SUCCESS |  
2019-08-28 18:52:40,717 [pool-82-thread-1] INFO  ratis.ContainerStateMachine (ContainerStateMachine.java:loadSnapshot(226)) - group-8B9EA2F8AD18: The snapshot info is null. Setting the last applied indexto:(t:0, i:~)
2019-08-28 18:52:40,717 [pool-82-thread-1] INFO  server.RaftServerConfigKeys (ConfUtils.java:logGet(43)) - raft.server.leader.election.timeout = 120s (custom)
2019-08-28 18:52:40,721 [pool-82-thread-1] INFO  server.RaftServerConfigKeys (ConfUtils.java:logGet(43)) - raft.server.log.use.memory = false (default)
2019-08-28 18:52:40,721 [pool-82-thread-1] INFO  server.RaftServerConfigKeys (ConfUtils.java:logGet(43)) - raft.server.log.purge.gap = 1000000 (custom)
2019-08-28 18:52:40,722 [pool-82-thread-1] INFO  server.RaftServerConfigKeys (ConfUtils.java:logGet(43)) - raft.server.log.appender.buffer.byte-limit = 33554432 (custom)
2019-08-28 18:52:40,722 | INFO  | SCMAudit | user=jenkins1000 | ip=192.168.69.102 | op=SEND_HEARTBEAT {datanodeUUID=ee626ce8-1972-4fe0-bbbc-07baa9e228a9, command=[]} | ret=SUCCESS |  
2019-08-28 18:52:40,722 [pool-82-thread-1] INFO  server.RaftServerConfigKeys (ConfUtils.java:logGet(43)) - raft.server.log.segment.size.max = 1048576 (custom)
2019-08-28 18:52:40,722 [pool-82-thread-1] INFO  server.RaftServerConfigKeys (ConfUtils.java:logGet(43)) - raft.server.log.segment.cache.num.max = 2 (custom)
2019-08-28 18:52:40,722 [pool-82-thread-1] INFO  segmented.SegmentedRaftLogWorker (SegmentedRaftLogWorker.java:<init>(172)) - new 8e467a3f-4a15-4133-b9dc-29f72d763c9b-SegmentedRaftLogWorker:Storage Directory /workdir/hadoop-ozone/integration-test/target/test-dir/MiniOzoneClusterImpl-c80cd34b-7aaf-457d-8c82-c76acd6115b4/datanode-5/data/ratis/33cf9a3b-57dd-4e54-9be4-8b9ea2f8ad18 for RaftStorage:Storage Directory /workdir/hadoop-ozone/integration-test/target/test-dir/MiniOzoneClusterImpl-c80cd34b-7aaf-457d-8c82-c76acd6115b4/datanode-5/data/ratis/33cf9a3b-57dd-4e54-9be4-8b9ea2f8ad18
2019-08-28 18:52:40,723 [pool-82-thread-1] INFO  server.RaftServerConfigKeys (ConfUtils.java:logGet(43)) - raft.server.log.queue.byte-limit = 2147483647 (custom)
2019-08-28 18:52:40,723 [pool-82-thread-1] INFO  server.RaftServerConfigKeys (ConfUtils.java:logGet(43)) - raft.server.log.queue.element-limit = 1024 (custom)
2019-08-28 18:52:40,723 [pool-82-thread-1] INFO  server.RaftServerConfigKeys (ConfUtils.java:logGet(43)) - raft.server.log.segment.size.max = 1048576 (custom)
2019-08-28 18:52:40,723 [pool-82-thread-1] INFO  server.RaftServerConfigKeys (ConfUtils.java:logGet(43)) - raft.server.log.preallocated.size = 16384 (custom)
2019-08-28 18:52:40,724 [pool-82-thread-1] INFO  server.RaftServerConfigKeys (ConfUtils.java:logGet(43)) - raft.server.log.write.buffer.size = 33554432 (custom)
2019-08-28 18:52:40,724 [pool-82-thread-1] INFO  server.RaftServerConfigKeys (ConfUtils.java:logGet(43)) - raft.server.log.force.sync.num = 128 (default)
2019-08-28 18:52:40,724 [pool-82-thread-1] INFO  server.RaftServerConfigKeys (ConfUtils.java:logGet(43)) - raft.server.log.statemachine.data.sync = true (default)
2019-08-28 18:52:40,724 [pool-82-thread-1] INFO  server.RaftServerConfigKeys (ConfUtils.java:logGet(43)) - raft.server.log.statemachine.data.sync.timeout = 10s (default)
2019-08-28 18:52:40,724 [pool-82-thread-1] INFO  server.RaftServerConfigKeys (ConfUtils.java:logGet(43)) - raft.server.log.statemachine.data.sync.timeout.retry = -1 (default)
2019-08-28 18:52:40,725 [pool-82-thread-1] INFO  server.RaftServerConfigKeys (ConfUtils.java:logGet(43)) - raft.server.log.statemachine.data.caching.enabled = true (custom)
2019-08-28 18:52:40,725 [pool-82-thread-1] INFO  segmented.SegmentedRaftLogWorker (SegmentedRaftLogWorker.java:lambda$new$0(132)) - 8e467a3f-4a15-4133-b9dc-29f72d763c9b-SegmentedRaftLogWorker:Storage Directory /workdir/hadoop-ozone/integration-test/target/test-dir/MiniOzoneClusterImpl-c80cd34b-7aaf-457d-8c82-c76acd6115b4/datanode-5/data/ratis/33cf9a3b-57dd-4e54-9be4-8b9ea2f8ad18: flushIndex: setUnconditionally 0 -> -1
2019-08-28 18:52:40,726 [pool-82-thread-1] INFO  server.RaftServerConfigKeys (ConfUtils.java:logGet(43)) - raft.server.snapshot.auto.trigger.enabled = true (custom)
2019-08-28 18:52:40,726 [pool-82-thread-1] INFO  server.RaftServerConfigKeys (ConfUtils.java:logGet(43)) - raft.server.snapshot.auto.trigger.threshold = 10000 (custom)
2019-08-28 18:52:40,726 [pool-82-thread-1] INFO  server.RaftServerConfigKeys (ConfUtils.java:logGet(43)) - raft.server.retrycache.expirytime = 600000ms (custom)
2019-08-28 18:52:40,726 [pool-82-thread-1] INFO  impl.RaftServerImpl (RaftServerImpl.java:start(180)) - 8e467a3f-4a15-4133-b9dc-29f72d763c9b: start group-8B9EA2F8AD18
2019-08-28 18:52:40,727 [pool-82-thread-1] INFO  impl.RaftServerImpl (RaftServerImpl.java:setRole(171)) - 8e467a3f-4a15-4133-b9dc-29f72d763c9b:group-8B9EA2F8AD18 changes role from null to FOLLOWER at term 0 for startAsFollower
2019-08-28 18:52:40,727 [pool-82-thread-1] INFO  impl.RoleInfo (RoleInfo.java:updateAndGet(143)) - 8e467a3f-4a15-4133-b9dc-29f72d763c9b: start FollowerState
2019-08-28 18:52:40,727 [pool-82-thread-1] INFO  util.JmxRegister (JmxRegister.java:tryRegister(44)) - Successfully registered JMX Bean with object name Ratis:service=RaftServer,group=group-8B9EA2F8AD18,id=8e467a3f-4a15-4133-b9dc-29f72d763c9b
2019-08-28 18:52:40,743 [RatisPipelineUtilsThread] INFO  pipeline.PipelineStateManager (PipelineStateManager.java:addPipeline(56)) - Created pipeline Pipeline[ Id: 33cf9a3b-57dd-4e54-9be4-8b9ea2f8ad18, Nodes: 8e467a3f-4a15-4133-b9dc-29f72d763c9b{ip: 192.168.69.102, host: pr-hdds-1783-trunk-gtrxg-786569963, networkLocation: /default-rack, certSerialId: null}, Type:RATIS, Factor:ONE, State:OPEN]
2019-08-28 18:52:40,764 [grpc-default-executor-1] INFO  impl.RaftServerProxy (RaftServerProxy.java:addNew(89)) - 3fdab9ea-6680-47f1-aded-4d496f7ecd01: addNew group-BDAAC49D1D99:[3fdab9ea-6680-47f1-aded-4d496f7ecd01:192.168.69.102:40884] returns group-BDAAC49D1D99:java.util.concurrent.CompletableFuture@67de40a5[Not completed]
2019-08-28 18:52:40,769 [pool-71-thread-1] INFO  impl.RaftServerImpl (RaftServerImpl.java:<init>(93)) - 3fdab9ea-6680-47f1-aded-4d496f7ecd01: new RaftServerImpl for group-BDAAC49D1D99:[3fdab9ea-6680-47f1-aded-4d496f7ecd01:192.168.69.102:40884] with ContainerStateMachine:uninitialized
2019-08-28 18:52:40,769 [pool-71-thread-1] INFO  server.RaftServerConfigKeys (ConfUtils.java:logGet(43)) - raft.server.rpc.timeout.min = 5s (custom)
2019-08-28 18:52:40,769 [pool-71-thread-1] INFO  server.RaftServerConfigKeys (ConfUtils.java:logGet(43)) - raft.server.rpc.timeout.max = 5200ms (custom)
2019-08-28 18:52:40,769 [pool-71-thread-1] INFO  server.RaftServerConfigKeys (ConfUtils.java:logGet(43)) - raft.server.rpcslowness.timeout = 120s (custom)
2019-08-28 18:52:40,770 [pool-71-thread-1] INFO  server.RaftServerConfigKeys (ConfUtils.java:logGet(43)) - raft.server.sleep.deviation.threshold = 300 (default)
2019-08-28 18:52:40,770 [pool-71-thread-1] INFO  server.RaftServerConfigKeys (ConfUtils.java:logGet(43)) - raft.server.log.appender.install.snapshot.enabled = false (custom)
2019-08-28 18:52:40,770 [pool-71-thread-1] INFO  impl.RaftServerImpl (ServerState.java:<init>(105)) - 3fdab9ea-6680-47f1-aded-4d496f7ecd01:group-BDAAC49D1D99 ConfigurationManager, init=-1: [3fdab9ea-6680-47f1-aded-4d496f7ecd01:192.168.69.102:40884], old=null, confs=<EMPTY_MAP>
2019-08-28 18:52:40,770 [pool-71-thread-1] INFO  server.RaftServerConfigKeys (ConfUtils.java:logGet(43)) - raft.server.storage.dir = [/workdir/hadoop-ozone/integration-test/target/test-dir/MiniOzoneClusterImpl-c80cd34b-7aaf-457d-8c82-c76acd6115b4/datanode-4/data/ratis] (custom)
2019-08-28 18:52:40,771 [pool-71-thread-1] INFO  storage.RaftStorageDirectory (RaftStorageDirectory.java:analyzeStorage(246)) - The storage directory /workdir/hadoop-ozone/integration-test/target/test-dir/MiniOzoneClusterImpl-c80cd34b-7aaf-457d-8c82-c76acd6115b4/datanode-4/data/ratis/3634f057-9298-4c0b-8424-bdaac49d1d99 does not exist. Creating ...
2019-08-28 18:52:40,863 | INFO  | SCMAudit | user=jenkins1000 | ip=192.168.69.102 | op=SEND_HEARTBEAT {datanodeUUID=f785551e-a0af-487c-a25a-ff90660b7a23, command=[]} | ret=SUCCESS |  
2019-08-28 18:52:40,911 [Thread-237] INFO  container.ReplicationManager (ReplicationManager.java:start(152)) - Starting Replication Monitor Thread.
2019-08-28 18:52:40,913 [ReplicationMonitor] INFO  container.ReplicationManager (ReplicationManager.java:run(215)) - Replication Monitor Thread took 1 milliseconds for processing 0 containers.
2019-08-28 18:52:41,046 | INFO  | SCMAudit | user=jenkins1000 | ip=192.168.69.102 | op=SEND_HEARTBEAT {datanodeUUID=3fdab9ea-6680-47f1-aded-4d496f7ecd01, command=[]} | ret=SUCCESS |  
2019-08-28 18:52:41,151 | INFO  | SCMAudit | user=jenkins1000 | ip=192.168.69.102 | op=SEND_HEARTBEAT {datanodeUUID=79e7307e-2f03-4236-add7-13e1eabe57b5, command=[]} | ret=SUCCESS |  
2019-08-28 18:52:41,313 | INFO  | SCMAudit | user=jenkins1000 | ip=192.168.69.102 | op=SEND_HEARTBEAT {datanodeUUID=8e467a3f-4a15-4133-b9dc-29f72d763c9b, command=[]} | ret=SUCCESS |  
2019-08-28 18:52:41,415 [pool-71-thread-1] INFO  storage.RaftStorageDirectory (RaftStorageDirectory.java:tryLock(328)) - Lock on /workdir/hadoop-ozone/integration-test/target/test-dir/MiniOzoneClusterImpl-c80cd34b-7aaf-457d-8c82-c76acd6115b4/datanode-4/data/ratis/3634f057-9298-4c0b-8424-bdaac49d1d99/in_use.lock acquired by nodename 16648@pr-hdds-1783-trunk-gtrxg-786569963
2019-08-28 18:52:41,439 [pool-71-thread-1] INFO  storage.RaftStorage (RaftStorage.java:format(72)) - Storage directory /workdir/hadoop-ozone/integration-test/target/test-dir/MiniOzoneClusterImpl-c80cd34b-7aaf-457d-8c82-c76acd6115b4/datanode-4/data/ratis/3634f057-9298-4c0b-8424-bdaac49d1d99 has been successfully formatted.
2019-08-28 18:52:41,440 [pool-71-thread-1] INFO  ratis.ContainerStateMachine (ContainerStateMachine.java:loadSnapshot(226)) - group-BDAAC49D1D99: The snapshot info is null. Setting the last applied indexto:(t:0, i:~)
2019-08-28 18:52:41,440 [pool-71-thread-1] INFO  server.RaftServerConfigKeys (ConfUtils.java:logGet(43)) - raft.server.leader.election.timeout = 120s (custom)
2019-08-28 18:52:41,440 [pool-71-thread-1] INFO  server.RaftServerConfigKeys (ConfUtils.java:logGet(43)) - raft.server.log.use.memory = false (default)
2019-08-28 18:52:41,440 [pool-71-thread-1] INFO  server.RaftServerConfigKeys (ConfUtils.java:logGet(43)) - raft.server.log.purge.gap = 1000000 (custom)
2019-08-28 18:52:41,440 [pool-71-thread-1] INFO  server.RaftServerConfigKeys (ConfUtils.java:logGet(43)) - raft.server.log.appender.buffer.byte-limit = 33554432 (custom)
2019-08-28 18:52:41,441 [pool-71-thread-1] INFO  server.RaftServerConfigKeys (ConfUtils.java:logGet(43)) - raft.server.log.segment.size.max = 1048576 (custom)
2019-08-28 18:52:41,441 [pool-71-thread-1] INFO  server.RaftServerConfigKeys (ConfUtils.java:logGet(43)) - raft.server.log.segment.cache.num.max = 2 (custom)
2019-08-28 18:52:41,441 [pool-71-thread-1] INFO  segmented.SegmentedRaftLogWorker (SegmentedRaftLogWorker.java:<init>(172)) - new 3fdab9ea-6680-47f1-aded-4d496f7ecd01-SegmentedRaftLogWorker:Storage Directory /workdir/hadoop-ozone/integration-test/target/test-dir/MiniOzoneClusterImpl-c80cd34b-7aaf-457d-8c82-c76acd6115b4/datanode-4/data/ratis/3634f057-9298-4c0b-8424-bdaac49d1d99 for RaftStorage:Storage Directory /workdir/hadoop-ozone/integration-test/target/test-dir/MiniOzoneClusterImpl-c80cd34b-7aaf-457d-8c82-c76acd6115b4/datanode-4/data/ratis/3634f057-9298-4c0b-8424-bdaac49d1d99
2019-08-28 18:52:41,441 [pool-71-thread-1] INFO  server.RaftServerConfigKeys (ConfUtils.java:logGet(43)) - raft.server.log.queue.byte-limit = 2147483647 (custom)
2019-08-28 18:52:41,441 [pool-71-thread-1] INFO  server.RaftServerConfigKeys (ConfUtils.java:logGet(43)) - raft.server.log.queue.element-limit = 1024 (custom)
2019-08-28 18:52:41,442 [pool-71-thread-1] INFO  server.RaftServerConfigKeys (ConfUtils.java:logGet(43)) - raft.server.log.segment.size.max = 1048576 (custom)
2019-08-28 18:52:41,442 [pool-71-thread-1] INFO  server.RaftServerConfigKeys (ConfUtils.java:logGet(43)) - raft.server.log.preallocated.size = 16384 (custom)
2019-08-28 18:52:41,442 [pool-71-thread-1] INFO  server.RaftServerConfigKeys (ConfUtils.java:logGet(43)) - raft.server.log.write.buffer.size = 33554432 (custom)
2019-08-28 18:52:41,442 [pool-71-thread-1] INFO  server.RaftServerConfigKeys (ConfUtils.java:logGet(43)) - raft.server.log.force.sync.num = 128 (default)
2019-08-28 18:52:41,442 [pool-71-thread-1] INFO  server.RaftServerConfigKeys (ConfUtils.java:logGet(43)) - raft.server.log.statemachine.data.sync = true (default)
2019-08-28 18:52:41,442 [pool-71-thread-1] INFO  server.RaftServerConfigKeys (ConfUtils.java:logGet(43)) - raft.server.log.statemachine.data.sync.timeout = 10s (default)
2019-08-28 18:52:41,443 [pool-71-thread-1] INFO  server.RaftServerConfigKeys (ConfUtils.java:logGet(43)) - raft.server.log.statemachine.data.sync.timeout.retry = -1 (default)
2019-08-28 18:52:41,443 [pool-71-thread-1] INFO  server.RaftServerConfigKeys (ConfUtils.java:logGet(43)) - raft.server.log.statemachine.data.caching.enabled = true (custom)
2019-08-28 18:52:41,443 [pool-71-thread-1] INFO  segmented.SegmentedRaftLogWorker (SegmentedRaftLogWorker.java:lambda$new$0(132)) - 3fdab9ea-6680-47f1-aded-4d496f7ecd01-SegmentedRaftLogWorker:Storage Directory /workdir/hadoop-ozone/integration-test/target/test-dir/MiniOzoneClusterImpl-c80cd34b-7aaf-457d-8c82-c76acd6115b4/datanode-4/data/ratis/3634f057-9298-4c0b-8424-bdaac49d1d99: flushIndex: setUnconditionally 0 -> -1
2019-08-28 18:52:41,444 [pool-71-thread-1] INFO  server.RaftServerConfigKeys (ConfUtils.java:logGet(43)) - raft.server.snapshot.auto.trigger.enabled = true (custom)
2019-08-28 18:52:41,444 [pool-71-thread-1] INFO  server.RaftServerConfigKeys (ConfUtils.java:logGet(43)) - raft.server.snapshot.auto.trigger.threshold = 10000 (custom)
2019-08-28 18:52:41,444 [pool-71-thread-1] INFO  server.RaftServerConfigKeys (ConfUtils.java:logGet(43)) - raft.server.retrycache.expirytime = 600000ms (custom)
2019-08-28 18:52:41,444 [pool-71-thread-1] INFO  impl.RaftServerImpl (RaftServerImpl.java:start(180)) - 3fdab9ea-6680-47f1-aded-4d496f7ecd01: start group-BDAAC49D1D99
2019-08-28 18:52:41,444 [pool-71-thread-1] INFO  impl.RaftServerImpl (RaftServerImpl.java:setRole(171)) - 3fdab9ea-6680-47f1-aded-4d496f7ecd01:group-BDAAC49D1D99 changes role from null to FOLLOWER at term 0 for startAsFollower
2019-08-28 18:52:41,445 [pool-71-thread-1] INFO  impl.RoleInfo (RoleInfo.java:updateAndGet(143)) - 3fdab9ea-6680-47f1-aded-4d496f7ecd01: start FollowerState
2019-08-28 18:52:41,445 [pool-71-thread-1] INFO  util.JmxRegister (JmxRegister.java:tryRegister(44)) - Successfully registered JMX Bean with object name Ratis:service=RaftServer,group=group-BDAAC49D1D99,id=3fdab9ea-6680-47f1-aded-4d496f7ecd01
2019-08-28 18:52:41,461 [RatisPipelineUtilsThread] INFO  pipeline.PipelineStateManager (PipelineStateManager.java:addPipeline(56)) - Created pipeline Pipeline[ Id: 3634f057-9298-4c0b-8424-bdaac49d1d99, Nodes: 3fdab9ea-6680-47f1-aded-4d496f7ecd01{ip: 192.168.69.102, host: pr-hdds-1783-trunk-gtrxg-786569963, networkLocation: /default-rack, certSerialId: null}, Type:RATIS, Factor:ONE, State:OPEN]
2019-08-28 18:52:41,487 [grpc-default-executor-1] INFO  impl.RaftServerProxy (RaftServerProxy.java:addNew(89)) - 0ec50947-c54d-40fe-a729-b0855dad3f0a: addNew group-627C9C4B3BDE:[0ec50947-c54d-40fe-a729-b0855dad3f0a:192.168.69.102:45761] returns group-627C9C4B3BDE:java.util.concurrent.CompletableFuture@765e66c4[Not completed]
2019-08-28 18:52:41,491 [pool-93-thread-1] INFO  impl.RaftServerImpl (RaftServerImpl.java:<init>(93)) - 0ec50947-c54d-40fe-a729-b0855dad3f0a: new RaftServerImpl for group-627C9C4B3BDE:[0ec50947-c54d-40fe-a729-b0855dad3f0a:192.168.69.102:45761] with ContainerStateMachine:uninitialized
2019-08-28 18:52:41,491 [pool-93-thread-1] INFO  server.RaftServerConfigKeys (ConfUtils.java:logGet(43)) - raft.server.rpc.timeout.min = 5s (custom)
2019-08-28 18:52:41,491 [pool-93-thread-1] INFO  server.RaftServerConfigKeys (ConfUtils.java:logGet(43)) - raft.server.rpc.timeout.max = 5200ms (custom)
2019-08-28 18:52:41,491 [pool-93-thread-1] INFO  server.RaftServerConfigKeys (ConfUtils.java:logGet(43)) - raft.server.rpcslowness.timeout = 120s (custom)
2019-08-28 18:52:41,492 [pool-93-thread-1] INFO  server.RaftServerConfigKeys (ConfUtils.java:logGet(43)) - raft.server.sleep.deviation.threshold = 300 (default)
2019-08-28 18:52:41,492 [pool-93-thread-1] INFO  server.RaftServerConfigKeys (ConfUtils.java:logGet(43)) - raft.server.log.appender.install.snapshot.enabled = false (custom)
2019-08-28 18:52:41,492 [pool-93-thread-1] INFO  impl.RaftServerImpl (ServerState.java:<init>(105)) - 0ec50947-c54d-40fe-a729-b0855dad3f0a:group-627C9C4B3BDE ConfigurationManager, init=-1: [0ec50947-c54d-40fe-a729-b0855dad3f0a:192.168.69.102:45761], old=null, confs=<EMPTY_MAP>
2019-08-28 18:52:41,492 [pool-93-thread-1] INFO  server.RaftServerConfigKeys (ConfUtils.java:logGet(43)) - raft.server.storage.dir = [/workdir/hadoop-ozone/integration-test/target/test-dir/MiniOzoneClusterImpl-c80cd34b-7aaf-457d-8c82-c76acd6115b4/datanode-6/data/ratis] (custom)
2019-08-28 18:52:41,493 [pool-93-thread-1] INFO  storage.RaftStorageDirectory (RaftStorageDirectory.java:analyzeStorage(246)) - The storage directory /workdir/hadoop-ozone/integration-test/target/test-dir/MiniOzoneClusterImpl-c80cd34b-7aaf-457d-8c82-c76acd6115b4/datanode-6/data/ratis/e81da07d-9f38-45b6-98ff-627c9c4b3bde does not exist. Creating ...
2019-08-28 18:52:41,511 [pool-93-thread-1] INFO  storage.RaftStorageDirectory (RaftStorageDirectory.java:tryLock(328)) - Lock on /workdir/hadoop-ozone/integration-test/target/test-dir/MiniOzoneClusterImpl-c80cd34b-7aaf-457d-8c82-c76acd6115b4/datanode-6/data/ratis/e81da07d-9f38-45b6-98ff-627c9c4b3bde/in_use.lock acquired by nodename 16648@pr-hdds-1783-trunk-gtrxg-786569963
2019-08-28 18:52:41,515 [pool-93-thread-1] INFO  storage.RaftStorage (RaftStorage.java:format(72)) - Storage directory /workdir/hadoop-ozone/integration-test/target/test-dir/MiniOzoneClusterImpl-c80cd34b-7aaf-457d-8c82-c76acd6115b4/datanode-6/data/ratis/e81da07d-9f38-45b6-98ff-627c9c4b3bde has been successfully formatted.
2019-08-28 18:52:41,515 [pool-93-thread-1] INFO  ratis.ContainerStateMachine (ContainerStateMachine.java:loadSnapshot(226)) - group-627C9C4B3BDE: The snapshot info is null. Setting the last applied indexto:(t:0, i:~)
2019-08-28 18:52:41,515 [pool-93-thread-1] INFO  server.RaftServerConfigKeys (ConfUtils.java:logGet(43)) - raft.server.leader.election.timeout = 120s (custom)
2019-08-28 18:52:41,516 [pool-93-thread-1] INFO  server.RaftServerConfigKeys (ConfUtils.java:logGet(43)) - raft.server.log.use.memory = false (default)
2019-08-28 18:52:41,516 [pool-93-thread-1] INFO  server.RaftServerConfigKeys (ConfUtils.java:logGet(43)) - raft.server.log.purge.gap = 1000000 (custom)
2019-08-28 18:52:41,516 [pool-93-thread-1] INFO  server.RaftServerConfigKeys (ConfUtils.java:logGet(43)) - raft.server.log.appender.buffer.byte-limit = 33554432 (custom)
2019-08-28 18:52:41,516 [pool-93-thread-1] INFO  server.RaftServerConfigKeys (ConfUtils.java:logGet(43)) - raft.server.log.segment.size.max = 1048576 (custom)
2019-08-28 18:52:41,516 [pool-93-thread-1] INFO  server.RaftServerConfigKeys (ConfUtils.java:logGet(43)) - raft.server.log.segment.cache.num.max = 2 (custom)
2019-08-28 18:52:41,517 [pool-93-thread-1] INFO  segmented.SegmentedRaftLogWorker (SegmentedRaftLogWorker.java:<init>(172)) - new 0ec50947-c54d-40fe-a729-b0855dad3f0a-SegmentedRaftLogWorker:Storage Directory /workdir/hadoop-ozone/integration-test/target/test-dir/MiniOzoneClusterImpl-c80cd34b-7aaf-457d-8c82-c76acd6115b4/datanode-6/data/ratis/e81da07d-9f38-45b6-98ff-627c9c4b3bde for RaftStorage:Storage Directory /workdir/hadoop-ozone/integration-test/target/test-dir/MiniOzoneClusterImpl-c80cd34b-7aaf-457d-8c82-c76acd6115b4/datanode-6/data/ratis/e81da07d-9f38-45b6-98ff-627c9c4b3bde
2019-08-28 18:52:41,517 [pool-93-thread-1] INFO  server.RaftServerConfigKeys (ConfUtils.java:logGet(43)) - raft.server.log.queue.byte-limit = 2147483647 (custom)
2019-08-28 18:52:41,517 [pool-93-thread-1] INFO  server.RaftServerConfigKeys (ConfUtils.java:logGet(43)) - raft.server.log.queue.element-limit = 1024 (custom)
2019-08-28 18:52:41,517 [pool-93-thread-1] INFO  server.RaftServerConfigKeys (ConfUtils.java:logGet(43)) - raft.server.log.segment.size.max = 1048576 (custom)
2019-08-28 18:52:41,518 [pool-93-thread-1] INFO  server.RaftServerConfigKeys (ConfUtils.java:logGet(43)) - raft.server.log.preallocated.size = 16384 (custom)
2019-08-28 18:52:41,518 [pool-93-thread-1] INFO  server.RaftServerConfigKeys (ConfUtils.java:logGet(43)) - raft.server.log.write.buffer.size = 33554432 (custom)
2019-08-28 18:52:41,518 [pool-93-thread-1] INFO  server.RaftServerConfigKeys (ConfUtils.java:logGet(43)) - raft.server.log.force.sync.num = 128 (default)
2019-08-28 18:52:41,518 [pool-93-thread-1] INFO  server.RaftServerConfigKeys (ConfUtils.java:logGet(43)) - raft.server.log.statemachine.data.sync = true (default)
2019-08-28 18:52:41,518 [pool-93-thread-1] INFO  server.RaftServerConfigKeys (ConfUtils.java:logGet(43)) - raft.server.log.statemachine.data.sync.timeout = 10s (default)
2019-08-28 18:52:41,518 [pool-93-thread-1] INFO  server.RaftServerConfigKeys (ConfUtils.java:logGet(43)) - raft.server.log.statemachine.data.sync.timeout.retry = -1 (default)
2019-08-28 18:52:41,519 [pool-93-thread-1] INFO  server.RaftServerConfigKeys (ConfUtils.java:logGet(43)) - raft.server.log.statemachine.data.caching.enabled = true (custom)
2019-08-28 18:52:41,519 [pool-93-thread-1] INFO  segmented.SegmentedRaftLogWorker (SegmentedRaftLogWorker.java:lambda$new$0(132)) - 0ec50947-c54d-40fe-a729-b0855dad3f0a-SegmentedRaftLogWorker:Storage Directory /workdir/hadoop-ozone/integration-test/target/test-dir/MiniOzoneClusterImpl-c80cd34b-7aaf-457d-8c82-c76acd6115b4/datanode-6/data/ratis/e81da07d-9f38-45b6-98ff-627c9c4b3bde: flushIndex: setUnconditionally 0 -> -1
2019-08-28 18:52:41,520 [pool-93-thread-1] INFO  server.RaftServerConfigKeys (ConfUtils.java:logGet(43)) - raft.server.snapshot.auto.trigger.enabled = true (custom)
2019-08-28 18:52:41,520 [pool-93-thread-1] INFO  server.RaftServerConfigKeys (ConfUtils.java:logGet(43)) - raft.server.snapshot.auto.trigger.threshold = 10000 (custom)
2019-08-28 18:52:41,520 [pool-93-thread-1] INFO  server.RaftServerConfigKeys (ConfUtils.java:logGet(43)) - raft.server.retrycache.expirytime = 600000ms (custom)
2019-08-28 18:52:41,520 [pool-93-thread-1] INFO  impl.RaftServerImpl (RaftServerImpl.java:start(180)) - 0ec50947-c54d-40fe-a729-b0855dad3f0a: start group-627C9C4B3BDE
2019-08-28 18:52:41,521 [pool-93-thread-1] INFO  impl.RaftServerImpl (RaftServerImpl.java:setRole(171)) - 0ec50947-c54d-40fe-a729-b0855dad3f0a:group-627C9C4B3BDE changes role from null to FOLLOWER at term 0 for startAsFollower
2019-08-28 18:52:41,521 [pool-93-thread-1] INFO  impl.RoleInfo (RoleInfo.java:updateAndGet(143)) - 0ec50947-c54d-40fe-a729-b0855dad3f0a: start FollowerState
2019-08-28 18:52:41,521 [pool-93-thread-1] INFO  util.JmxRegister (JmxRegister.java:tryRegister(44)) - Successfully registered JMX Bean with object name Ratis:service=RaftServer,group=group-627C9C4B3BDE,id=0ec50947-c54d-40fe-a729-b0855dad3f0a
2019-08-28 18:52:41,534 [RatisPipelineUtilsThread] INFO  pipeline.PipelineStateManager (PipelineStateManager.java:addPipeline(56)) - Created pipeline Pipeline[ Id: e81da07d-9f38-45b6-98ff-627c9c4b3bde, Nodes: 0ec50947-c54d-40fe-a729-b0855dad3f0a{ip: 192.168.69.102, host: pr-hdds-1783-trunk-gtrxg-786569963, networkLocation: /default-rack, certSerialId: null}, Type:RATIS, Factor:ONE, State:OPEN]
2019-08-28 18:52:41,550 [grpc-default-executor-1] INFO  impl.RaftServerProxy (RaftServerProxy.java:addNew(89)) - 2c9db6f5-ae6c-456e-aac1-300011bebd0b: addNew group-C0BF4447ED4E:[2c9db6f5-ae6c-456e-aac1-300011bebd0b:192.168.69.102:42615] returns group-C0BF4447ED4E:java.util.concurrent.CompletableFuture@424fa099[Not completed]
2019-08-28 18:52:41,555 [pool-60-thread-1] INFO  impl.RaftServerImpl (RaftServerImpl.java:<init>(93)) - 2c9db6f5-ae6c-456e-aac1-300011bebd0b: new RaftServerImpl for group-C0BF4447ED4E:[2c9db6f5-ae6c-456e-aac1-300011bebd0b:192.168.69.102:42615] with ContainerStateMachine:uninitialized
2019-08-28 18:52:41,555 [pool-60-thread-1] INFO  server.RaftServerConfigKeys (ConfUtils.java:logGet(43)) - raft.server.rpc.timeout.min = 5s (custom)
2019-08-28 18:52:41,555 [pool-60-thread-1] INFO  server.RaftServerConfigKeys (ConfUtils.java:logGet(43)) - raft.server.rpc.timeout.max = 5200ms (custom)
2019-08-28 18:52:41,555 [pool-60-thread-1] INFO  server.RaftServerConfigKeys (ConfUtils.java:logGet(43)) - raft.server.rpcslowness.timeout = 120s (custom)
2019-08-28 18:52:41,555 [pool-60-thread-1] INFO  server.RaftServerConfigKeys (ConfUtils.java:logGet(43)) - raft.server.sleep.deviation.threshold = 300 (default)
2019-08-28 18:52:41,555 [pool-60-thread-1] INFO  server.RaftServerConfigKeys (ConfUtils.java:logGet(43)) - raft.server.log.appender.install.snapshot.enabled = false (custom)
2019-08-28 18:52:41,555 [pool-60-thread-1] INFO  impl.RaftServerImpl (ServerState.java:<init>(105)) - 2c9db6f5-ae6c-456e-aac1-300011bebd0b:group-C0BF4447ED4E ConfigurationManager, init=-1: [2c9db6f5-ae6c-456e-aac1-300011bebd0b:192.168.69.102:42615], old=null, confs=<EMPTY_MAP>
2019-08-28 18:52:41,556 [pool-60-thread-1] INFO  server.RaftServerConfigKeys (ConfUtils.java:logGet(43)) - raft.server.storage.dir = [/workdir/hadoop-ozone/integration-test/target/test-dir/MiniOzoneClusterImpl-c80cd34b-7aaf-457d-8c82-c76acd6115b4/datanode-3/data/ratis] (custom)
2019-08-28 18:52:41,556 [pool-60-thread-1] INFO  storage.RaftStorageDirectory (RaftStorageDirectory.java:analyzeStorage(246)) - The storage directory /workdir/hadoop-ozone/integration-test/target/test-dir/MiniOzoneClusterImpl-c80cd34b-7aaf-457d-8c82-c76acd6115b4/datanode-3/data/ratis/a815145c-6ed6-4cd4-8337-c0bf4447ed4e does not exist. Creating ...
2019-08-28 18:52:41,592 | INFO  | SCMAudit | user=jenkins1000 | ip=192.168.69.102 | op=SEND_HEARTBEAT {datanodeUUID=0ec50947-c54d-40fe-a729-b0855dad3f0a, command=[]} | ret=SUCCESS |  
2019-08-28 18:52:41,599 [pool-60-thread-1] INFO  storage.RaftStorageDirectory (RaftStorageDirectory.java:tryLock(328)) - Lock on /workdir/hadoop-ozone/integration-test/target/test-dir/MiniOzoneClusterImpl-c80cd34b-7aaf-457d-8c82-c76acd6115b4/datanode-3/data/ratis/a815145c-6ed6-4cd4-8337-c0bf4447ed4e/in_use.lock acquired by nodename 16648@pr-hdds-1783-trunk-gtrxg-786569963
2019-08-28 18:52:41,717 | INFO  | SCMAudit | user=jenkins1000 | ip=192.168.69.102 | op=SEND_HEARTBEAT {datanodeUUID=2c9db6f5-ae6c-456e-aac1-300011bebd0b, command=[]} | ret=SUCCESS |  
2019-08-28 18:52:41,719 | INFO  | SCMAudit | user=jenkins1000 | ip=192.168.69.102 | op=SEND_HEARTBEAT {datanodeUUID=ee626ce8-1972-4fe0-bbbc-07baa9e228a9, command=[]} | ret=SUCCESS |  
2019-08-28 18:52:41,745 [pool-60-thread-1] INFO  storage.RaftStorage (RaftStorage.java:format(72)) - Storage directory /workdir/hadoop-ozone/integration-test/target/test-dir/MiniOzoneClusterImpl-c80cd34b-7aaf-457d-8c82-c76acd6115b4/datanode-3/data/ratis/a815145c-6ed6-4cd4-8337-c0bf4447ed4e has been successfully formatted.
2019-08-28 18:52:41,746 [pool-60-thread-1] INFO  ratis.ContainerStateMachine (ContainerStateMachine.java:loadSnapshot(226)) - group-C0BF4447ED4E: The snapshot info is null. Setting the last applied indexto:(t:0, i:~)
2019-08-28 18:52:41,746 [pool-60-thread-1] INFO  server.RaftServerConfigKeys (ConfUtils.java:logGet(43)) - raft.server.leader.election.timeout = 120s (custom)
2019-08-28 18:52:41,746 [pool-60-thread-1] INFO  server.RaftServerConfigKeys (ConfUtils.java:logGet(43)) - raft.server.log.use.memory = false (default)
2019-08-28 18:52:41,746 [pool-60-thread-1] INFO  server.RaftServerConfigKeys (ConfUtils.java:logGet(43)) - raft.server.log.purge.gap = 1000000 (custom)
2019-08-28 18:52:41,747 [pool-60-thread-1] INFO  server.RaftServerConfigKeys (ConfUtils.java:logGet(43)) - raft.server.log.appender.buffer.byte-limit = 33554432 (custom)
2019-08-28 18:52:41,747 [pool-60-thread-1] INFO  server.RaftServerConfigKeys (ConfUtils.java:logGet(43)) - raft.server.log.segment.size.max = 1048576 (custom)
2019-08-28 18:52:41,747 [pool-60-thread-1] INFO  server.RaftServerConfigKeys (ConfUtils.java:logGet(43)) - raft.server.log.segment.cache.num.max = 2 (custom)
2019-08-28 18:52:41,747 [pool-60-thread-1] INFO  segmented.SegmentedRaftLogWorker (SegmentedRaftLogWorker.java:<init>(172)) - new 2c9db6f5-ae6c-456e-aac1-300011bebd0b-SegmentedRaftLogWorker:Storage Directory /workdir/hadoop-ozone/integration-test/target/test-dir/MiniOzoneClusterImpl-c80cd34b-7aaf-457d-8c82-c76acd6115b4/datanode-3/data/ratis/a815145c-6ed6-4cd4-8337-c0bf4447ed4e for RaftStorage:Storage Directory /workdir/hadoop-ozone/integration-test/target/test-dir/MiniOzoneClusterImpl-c80cd34b-7aaf-457d-8c82-c76acd6115b4/datanode-3/data/ratis/a815145c-6ed6-4cd4-8337-c0bf4447ed4e
2019-08-28 18:52:41,747 [pool-60-thread-1] INFO  server.RaftServerConfigKeys (ConfUtils.java:logGet(43)) - raft.server.log.queue.byte-limit = 2147483647 (custom)
2019-08-28 18:52:41,747 [pool-60-thread-1] INFO  server.RaftServerConfigKeys (ConfUtils.java:logGet(43)) - raft.server.log.queue.element-limit = 1024 (custom)
2019-08-28 18:52:41,748 [pool-60-thread-1] INFO  server.RaftServerConfigKeys (ConfUtils.java:logGet(43)) - raft.server.log.segment.size.max = 1048576 (custom)
2019-08-28 18:52:41,748 [pool-60-thread-1] INFO  server.RaftServerConfigKeys (ConfUtils.java:logGet(43)) - raft.server.log.preallocated.size = 16384 (custom)
2019-08-28 18:52:41,748 [pool-60-thread-1] INFO  server.RaftServerConfigKeys (ConfUtils.java:logGet(43)) - raft.server.log.write.buffer.size = 33554432 (custom)
2019-08-28 18:52:41,748 [pool-60-thread-1] INFO  server.RaftServerConfigKeys (ConfUtils.java:logGet(43)) - raft.server.log.force.sync.num = 128 (default)
2019-08-28 18:52:41,748 [pool-60-thread-1] INFO  server.RaftServerConfigKeys (ConfUtils.java:logGet(43)) - raft.server.log.statemachine.data.sync = true (default)
2019-08-28 18:52:41,748 [pool-60-thread-1] INFO  server.RaftServerConfigKeys (ConfUtils.java:logGet(43)) - raft.server.log.statemachine.data.sync.timeout = 10s (default)
2019-08-28 18:52:41,749 [pool-60-thread-1] INFO  server.RaftServerConfigKeys (ConfUtils.java:logGet(43)) - raft.server.log.statemachine.data.sync.timeout.retry = -1 (default)
2019-08-28 18:52:41,749 [pool-60-thread-1] INFO  server.RaftServerConfigKeys (ConfUtils.java:logGet(43)) - raft.server.log.statemachine.data.caching.enabled = true (custom)
2019-08-28 18:52:41,749 [pool-60-thread-1] INFO  segmented.SegmentedRaftLogWorker (SegmentedRaftLogWorker.java:lambda$new$0(132)) - 2c9db6f5-ae6c-456e-aac1-300011bebd0b-SegmentedRaftLogWorker:Storage Directory /workdir/hadoop-ozone/integration-test/target/test-dir/MiniOzoneClusterImpl-c80cd34b-7aaf-457d-8c82-c76acd6115b4/datanode-3/data/ratis/a815145c-6ed6-4cd4-8337-c0bf4447ed4e: flushIndex: setUnconditionally 0 -> -1
2019-08-28 18:52:41,750 [pool-60-thread-1] INFO  server.RaftServerConfigKeys (ConfUtils.java:logGet(43)) - raft.server.snapshot.auto.trigger.enabled = true (custom)
2019-08-28 18:52:41,750 [pool-60-thread-1] INFO  server.RaftServerConfigKeys (ConfUtils.java:logGet(43)) - raft.server.snapshot.auto.trigger.threshold = 10000 (custom)
2019-08-28 18:52:41,750 [pool-60-thread-1] INFO  server.RaftServerConfigKeys (ConfUtils.java:logGet(43)) - raft.server.retrycache.expirytime = 600000ms (custom)
2019-08-28 18:52:41,750 [pool-60-thread-1] INFO  impl.RaftServerImpl (RaftServerImpl.java:start(180)) - 2c9db6f5-ae6c-456e-aac1-300011bebd0b: start group-C0BF4447ED4E
2019-08-28 18:52:41,750 [pool-60-thread-1] INFO  impl.RaftServerImpl (RaftServerImpl.java:setRole(171)) - 2c9db6f5-ae6c-456e-aac1-300011bebd0b:group-C0BF4447ED4E changes role from null to FOLLOWER at term 0 for startAsFollower
2019-08-28 18:52:41,750 [pool-60-thread-1] INFO  impl.RoleInfo (RoleInfo.java:updateAndGet(143)) - 2c9db6f5-ae6c-456e-aac1-300011bebd0b: start FollowerState
2019-08-28 18:52:41,751 [pool-60-thread-1] INFO  util.JmxRegister (JmxRegister.java:tryRegister(44)) - Successfully registered JMX Bean with object name Ratis:service=RaftServer,group=group-C0BF4447ED4E,id=2c9db6f5-ae6c-456e-aac1-300011bebd0b
2019-08-28 18:52:41,770 [RatisPipelineUtilsThread] INFO  pipeline.PipelineStateManager (PipelineStateManager.java:addPipeline(56)) - Created pipeline Pipeline[ Id: a815145c-6ed6-4cd4-8337-c0bf4447ed4e, Nodes: 2c9db6f5-ae6c-456e-aac1-300011bebd0b{ip: 192.168.69.102, host: pr-hdds-1783-trunk-gtrxg-786569963, networkLocation: /default-rack, certSerialId: null}, Type:RATIS, Factor:ONE, State:OPEN]
2019-08-28 18:52:41,815 [grpc-default-executor-1] INFO  impl.RaftServerProxy (RaftServerProxy.java:addNew(89)) - 8e467a3f-4a15-4133-b9dc-29f72d763c9b: addNew group-E16EF6B83B8D:[8e467a3f-4a15-4133-b9dc-29f72d763c9b:192.168.69.102:32993, ee626ce8-1972-4fe0-bbbc-07baa9e228a9:192.168.69.102:33628, 79e7307e-2f03-4236-add7-13e1eabe57b5:192.168.69.102:45684] returns group-E16EF6B83B8D:java.util.concurrent.CompletableFuture@22091baf[Not completed]
2019-08-28 18:52:41,815 [grpc-default-executor-2] INFO  impl.RaftServerProxy (RaftServerProxy.java:addNew(89)) - ee626ce8-1972-4fe0-bbbc-07baa9e228a9: addNew group-E16EF6B83B8D:[8e467a3f-4a15-4133-b9dc-29f72d763c9b:192.168.69.102:32993, ee626ce8-1972-4fe0-bbbc-07baa9e228a9:192.168.69.102:33628, 79e7307e-2f03-4236-add7-13e1eabe57b5:192.168.69.102:45684] returns group-E16EF6B83B8D:java.util.concurrent.CompletableFuture@87c7738[Not completed]
2019-08-28 18:52:41,816 [grpc-default-executor-0] INFO  impl.RaftServerProxy (RaftServerProxy.java:addNew(89)) - 79e7307e-2f03-4236-add7-13e1eabe57b5: addNew group-E16EF6B83B8D:[8e467a3f-4a15-4133-b9dc-29f72d763c9b:192.168.69.102:32993, ee626ce8-1972-4fe0-bbbc-07baa9e228a9:192.168.69.102:33628, 79e7307e-2f03-4236-add7-13e1eabe57b5:192.168.69.102:45684] returns group-E16EF6B83B8D:java.util.concurrent.CompletableFuture@4d314ae6[Not completed]
2019-08-28 18:52:41,818 [pool-82-thread-1] INFO  impl.RaftServerImpl (RaftServerImpl.java:<init>(93)) - 8e467a3f-4a15-4133-b9dc-29f72d763c9b: new RaftServerImpl for group-E16EF6B83B8D:[8e467a3f-4a15-4133-b9dc-29f72d763c9b:192.168.69.102:32993, ee626ce8-1972-4fe0-bbbc-07baa9e228a9:192.168.69.102:33628, 79e7307e-2f03-4236-add7-13e1eabe57b5:192.168.69.102:45684] with ContainerStateMachine:uninitialized
2019-08-28 18:52:41,818 [pool-82-thread-1] INFO  server.RaftServerConfigKeys (ConfUtils.java:logGet(43)) - raft.server.rpc.timeout.min = 5s (custom)
2019-08-28 18:52:41,818 [pool-82-thread-1] INFO  server.RaftServerConfigKeys (ConfUtils.java:logGet(43)) - raft.server.rpc.timeout.max = 5200ms (custom)
2019-08-28 18:52:41,819 [pool-82-thread-1] INFO  server.RaftServerConfigKeys (ConfUtils.java:logGet(43)) - raft.server.rpcslowness.timeout = 120s (custom)
2019-08-28 18:52:41,819 [pool-82-thread-1] INFO  server.RaftServerConfigKeys (ConfUtils.java:logGet(43)) - raft.server.sleep.deviation.threshold = 300 (default)
2019-08-28 18:52:41,819 [pool-82-thread-1] INFO  server.RaftServerConfigKeys (ConfUtils.java:logGet(43)) - raft.server.log.appender.install.snapshot.enabled = false (custom)
2019-08-28 18:52:41,819 [pool-38-thread-1] INFO  impl.RaftServerImpl (RaftServerImpl.java:<init>(93)) - 79e7307e-2f03-4236-add7-13e1eabe57b5: new RaftServerImpl for group-E16EF6B83B8D:[8e467a3f-4a15-4133-b9dc-29f72d763c9b:192.168.69.102:32993, ee626ce8-1972-4fe0-bbbc-07baa9e228a9:192.168.69.102:33628, 79e7307e-2f03-4236-add7-13e1eabe57b5:192.168.69.102:45684] with ContainerStateMachine:uninitialized
2019-08-28 18:52:41,819 [pool-82-thread-1] INFO  impl.RaftServerImpl (ServerState.java:<init>(105)) - 8e467a3f-4a15-4133-b9dc-29f72d763c9b:group-E16EF6B83B8D ConfigurationManager, init=-1: [8e467a3f-4a15-4133-b9dc-29f72d763c9b:192.168.69.102:32993, ee626ce8-1972-4fe0-bbbc-07baa9e228a9:192.168.69.102:33628, 79e7307e-2f03-4236-add7-13e1eabe57b5:192.168.69.102:45684], old=null, confs=<EMPTY_MAP>
2019-08-28 18:52:41,819 [pool-38-thread-1] INFO  server.RaftServerConfigKeys (ConfUtils.java:logGet(43)) - raft.server.rpc.timeout.min = 5s (custom)
2019-08-28 18:52:41,820 [pool-82-thread-1] INFO  server.RaftServerConfigKeys (ConfUtils.java:logGet(43)) - raft.server.storage.dir = [/workdir/hadoop-ozone/integration-test/target/test-dir/MiniOzoneClusterImpl-c80cd34b-7aaf-457d-8c82-c76acd6115b4/datanode-5/data/ratis] (custom)
2019-08-28 18:52:41,820 [pool-38-thread-1] INFO  server.RaftServerConfigKeys (ConfUtils.java:logGet(43)) - raft.server.rpc.timeout.max = 5200ms (custom)
2019-08-28 18:52:41,820 [pool-38-thread-1] INFO  server.RaftServerConfigKeys (ConfUtils.java:logGet(43)) - raft.server.rpcslowness.timeout = 120s (custom)
2019-08-28 18:52:41,820 [pool-49-thread-1] INFO  impl.RaftServerImpl (RaftServerImpl.java:<init>(93)) - ee626ce8-1972-4fe0-bbbc-07baa9e228a9: new RaftServerImpl for group-E16EF6B83B8D:[8e467a3f-4a15-4133-b9dc-29f72d763c9b:192.168.69.102:32993, ee626ce8-1972-4fe0-bbbc-07baa9e228a9:192.168.69.102:33628, 79e7307e-2f03-4236-add7-13e1eabe57b5:192.168.69.102:45684] with ContainerStateMachine:uninitialized
2019-08-28 18:52:41,820 [pool-38-thread-1] INFO  server.RaftServerConfigKeys (ConfUtils.java:logGet(43)) - raft.server.sleep.deviation.threshold = 300 (default)
2019-08-28 18:52:41,820 [pool-49-thread-1] INFO  server.RaftServerConfigKeys (ConfUtils.java:logGet(43)) - raft.server.rpc.timeout.min = 5s (custom)
2019-08-28 18:52:41,820 [pool-82-thread-1] INFO  storage.RaftStorageDirectory (RaftStorageDirectory.java:analyzeStorage(246)) - The storage directory /workdir/hadoop-ozone/integration-test/target/test-dir/MiniOzoneClusterImpl-c80cd34b-7aaf-457d-8c82-c76acd6115b4/datanode-5/data/ratis/7bb60850-7dfe-47e4-93e4-e16ef6b83b8d does not exist. Creating ...
2019-08-28 18:52:41,820 [pool-49-thread-1] INFO  server.RaftServerConfigKeys (ConfUtils.java:logGet(43)) - raft.server.rpc.timeout.max = 5200ms (custom)
2019-08-28 18:52:41,820 [pool-38-thread-1] INFO  server.RaftServerConfigKeys (ConfUtils.java:logGet(43)) - raft.server.log.appender.install.snapshot.enabled = false (custom)
2019-08-28 18:52:41,821 [pool-49-thread-1] INFO  server.RaftServerConfigKeys (ConfUtils.java:logGet(43)) - raft.server.rpcslowness.timeout = 120s (custom)
2019-08-28 18:52:41,821 [pool-38-thread-1] INFO  impl.RaftServerImpl (ServerState.java:<init>(105)) - 79e7307e-2f03-4236-add7-13e1eabe57b5:group-E16EF6B83B8D ConfigurationManager, init=-1: [8e467a3f-4a15-4133-b9dc-29f72d763c9b:192.168.69.102:32993, ee626ce8-1972-4fe0-bbbc-07baa9e228a9:192.168.69.102:33628, 79e7307e-2f03-4236-add7-13e1eabe57b5:192.168.69.102:45684], old=null, confs=<EMPTY_MAP>
2019-08-28 18:52:41,821 [pool-49-thread-1] INFO  server.RaftServerConfigKeys (ConfUtils.java:logGet(43)) - raft.server.sleep.deviation.threshold = 300 (default)
2019-08-28 18:52:41,821 [pool-38-thread-1] INFO  server.RaftServerConfigKeys (ConfUtils.java:logGet(43)) - raft.server.storage.dir = [/workdir/hadoop-ozone/integration-test/target/test-dir/MiniOzoneClusterImpl-c80cd34b-7aaf-457d-8c82-c76acd6115b4/datanode-1/data/ratis] (custom)
2019-08-28 18:52:41,821 [pool-49-thread-1] INFO  server.RaftServerConfigKeys (ConfUtils.java:logGet(43)) - raft.server.log.appender.install.snapshot.enabled = false (custom)
2019-08-28 18:52:41,822 [pool-49-thread-1] INFO  impl.RaftServerImpl (ServerState.java:<init>(105)) - ee626ce8-1972-4fe0-bbbc-07baa9e228a9:group-E16EF6B83B8D ConfigurationManager, init=-1: [8e467a3f-4a15-4133-b9dc-29f72d763c9b:192.168.69.102:32993, ee626ce8-1972-4fe0-bbbc-07baa9e228a9:192.168.69.102:33628, 79e7307e-2f03-4236-add7-13e1eabe57b5:192.168.69.102:45684], old=null, confs=<EMPTY_MAP>
2019-08-28 18:52:41,822 [pool-38-thread-1] INFO  storage.RaftStorageDirectory (RaftStorageDirectory.java:analyzeStorage(246)) - The storage directory /workdir/hadoop-ozone/integration-test/target/test-dir/MiniOzoneClusterImpl-c80cd34b-7aaf-457d-8c82-c76acd6115b4/datanode-1/data/ratis/7bb60850-7dfe-47e4-93e4-e16ef6b83b8d does not exist. Creating ...
2019-08-28 18:52:41,822 [pool-49-thread-1] INFO  server.RaftServerConfigKeys (ConfUtils.java:logGet(43)) - raft.server.storage.dir = [/workdir/hadoop-ozone/integration-test/target/test-dir/MiniOzoneClusterImpl-c80cd34b-7aaf-457d-8c82-c76acd6115b4/datanode-2/data/ratis] (custom)
2019-08-28 18:52:41,822 [pool-49-thread-1] INFO  storage.RaftStorageDirectory (RaftStorageDirectory.java:analyzeStorage(246)) - The storage directory /workdir/hadoop-ozone/integration-test/target/test-dir/MiniOzoneClusterImpl-c80cd34b-7aaf-457d-8c82-c76acd6115b4/datanode-2/data/ratis/7bb60850-7dfe-47e4-93e4-e16ef6b83b8d does not exist. Creating ...
2019-08-28 18:52:41,862 | INFO  | SCMAudit | user=jenkins1000 | ip=192.168.69.102 | op=SEND_HEARTBEAT {datanodeUUID=f785551e-a0af-487c-a25a-ff90660b7a23, command=[]} | ret=SUCCESS |  
2019-08-28 18:52:41,942 [pool-82-thread-1] INFO  storage.RaftStorageDirectory (RaftStorageDirectory.java:tryLock(328)) - Lock on /workdir/hadoop-ozone/integration-test/target/test-dir/MiniOzoneClusterImpl-c80cd34b-7aaf-457d-8c82-c76acd6115b4/datanode-5/data/ratis/7bb60850-7dfe-47e4-93e4-e16ef6b83b8d/in_use.lock acquired by nodename 16648@pr-hdds-1783-trunk-gtrxg-786569963
2019-08-28 18:52:41,944 [pool-49-thread-1] INFO  storage.RaftStorageDirectory (RaftStorageDirectory.java:tryLock(328)) - Lock on /workdir/hadoop-ozone/integration-test/target/test-dir/MiniOzoneClusterImpl-c80cd34b-7aaf-457d-8c82-c76acd6115b4/datanode-2/data/ratis/7bb60850-7dfe-47e4-93e4-e16ef6b83b8d/in_use.lock acquired by nodename 16648@pr-hdds-1783-trunk-gtrxg-786569963
2019-08-28 18:52:41,944 [pool-38-thread-1] INFO  storage.RaftStorageDirectory (RaftStorageDirectory.java:tryLock(328)) - Lock on /workdir/hadoop-ozone/integration-test/target/test-dir/MiniOzoneClusterImpl-c80cd34b-7aaf-457d-8c82-c76acd6115b4/datanode-1/data/ratis/7bb60850-7dfe-47e4-93e4-e16ef6b83b8d/in_use.lock acquired by nodename 16648@pr-hdds-1783-trunk-gtrxg-786569963
2019-08-28 18:52:41,997 [pool-49-thread-1] INFO  storage.RaftStorage (RaftStorage.java:format(72)) - Storage directory /workdir/hadoop-ozone/integration-test/target/test-dir/MiniOzoneClusterImpl-c80cd34b-7aaf-457d-8c82-c76acd6115b4/datanode-2/data/ratis/7bb60850-7dfe-47e4-93e4-e16ef6b83b8d has been successfully formatted.
2019-08-28 18:52:41,998 [pool-38-thread-1] INFO  storage.RaftStorage (RaftStorage.java:format(72)) - Storage directory /workdir/hadoop-ozone/integration-test/target/test-dir/MiniOzoneClusterImpl-c80cd34b-7aaf-457d-8c82-c76acd6115b4/datanode-1/data/ratis/7bb60850-7dfe-47e4-93e4-e16ef6b83b8d has been successfully formatted.
2019-08-28 18:52:41,997 [pool-82-thread-1] INFO  storage.RaftStorage (RaftStorage.java:format(72)) - Storage directory /workdir/hadoop-ozone/integration-test/target/test-dir/MiniOzoneClusterImpl-c80cd34b-7aaf-457d-8c82-c76acd6115b4/datanode-5/data/ratis/7bb60850-7dfe-47e4-93e4-e16ef6b83b8d has been successfully formatted.
2019-08-28 18:52:41,998 [pool-49-thread-1] INFO  ratis.ContainerStateMachine (ContainerStateMachine.java:loadSnapshot(226)) - group-E16EF6B83B8D: The snapshot info is null. Setting the last applied indexto:(t:0, i:~)
2019-08-28 18:52:41,998 [pool-82-thread-1] INFO  ratis.ContainerStateMachine (ContainerStateMachine.java:loadSnapshot(226)) - group-E16EF6B83B8D: The snapshot info is null. Setting the last applied indexto:(t:0, i:~)
2019-08-28 18:52:41,998 [pool-49-thread-1] INFO  server.RaftServerConfigKeys (ConfUtils.java:logGet(43)) - raft.server.leader.election.timeout = 120s (custom)
2019-08-28 18:52:41,998 [pool-38-thread-1] INFO  ratis.ContainerStateMachine (ContainerStateMachine.java:loadSnapshot(226)) - group-E16EF6B83B8D: The snapshot info is null. Setting the last applied indexto:(t:0, i:~)
2019-08-28 18:52:41,999 [pool-49-thread-1] INFO  server.RaftServerConfigKeys (ConfUtils.java:logGet(43)) - raft.server.log.use.memory = false (default)
2019-08-28 18:52:41,998 [pool-82-thread-1] INFO  server.RaftServerConfigKeys (ConfUtils.java:logGet(43)) - raft.server.leader.election.timeout = 120s (custom)
2019-08-28 18:52:41,999 [pool-49-thread-1] INFO  server.RaftServerConfigKeys (ConfUtils.java:logGet(43)) - raft.server.log.purge.gap = 1000000 (custom)
2019-08-28 18:52:41,999 [pool-38-thread-1] INFO  server.RaftServerConfigKeys (ConfUtils.java:logGet(43)) - raft.server.leader.election.timeout = 120s (custom)
2019-08-28 18:52:41,999 [pool-49-thread-1] INFO  server.RaftServerConfigKeys (ConfUtils.java:logGet(43)) - raft.server.log.appender.buffer.byte-limit = 33554432 (custom)
2019-08-28 18:52:41,999 [pool-82-thread-1] INFO  server.RaftServerConfigKeys (ConfUtils.java:logGet(43)) - raft.server.log.use.memory = false (default)
2019-08-28 18:52:42,000 [pool-49-thread-1] INFO  server.RaftServerConfigKeys (ConfUtils.java:logGet(43)) - raft.server.log.segment.size.max = 1048576 (custom)
2019-08-28 18:52:42,000 [pool-38-thread-1] INFO  server.RaftServerConfigKeys (ConfUtils.java:logGet(43)) - raft.server.log.use.memory = false (default)
2019-08-28 18:52:42,000 [pool-49-thread-1] INFO  server.RaftServerConfigKeys (ConfUtils.java:logGet(43)) - raft.server.log.segment.cache.num.max = 2 (custom)
2019-08-28 18:52:42,000 [pool-82-thread-1] INFO  server.RaftServerConfigKeys (ConfUtils.java:logGet(43)) - raft.server.log.purge.gap = 1000000 (custom)
2019-08-28 18:52:42,001 [pool-49-thread-1] INFO  segmented.SegmentedRaftLogWorker (SegmentedRaftLogWorker.java:<init>(172)) - new ee626ce8-1972-4fe0-bbbc-07baa9e228a9-SegmentedRaftLogWorker:Storage Directory /workdir/hadoop-ozone/integration-test/target/test-dir/MiniOzoneClusterImpl-c80cd34b-7aaf-457d-8c82-c76acd6115b4/datanode-2/data/ratis/7bb60850-7dfe-47e4-93e4-e16ef6b83b8d for RaftStorage:Storage Directory /workdir/hadoop-ozone/integration-test/target/test-dir/MiniOzoneClusterImpl-c80cd34b-7aaf-457d-8c82-c76acd6115b4/datanode-2/data/ratis/7bb60850-7dfe-47e4-93e4-e16ef6b83b8d
2019-08-28 18:52:42,001 [pool-38-thread-1] INFO  server.RaftServerConfigKeys (ConfUtils.java:logGet(43)) - raft.server.log.purge.gap = 1000000 (custom)
2019-08-28 18:52:42,001 [pool-49-thread-1] INFO  server.RaftServerConfigKeys (ConfUtils.java:logGet(43)) - raft.server.log.queue.byte-limit = 2147483647 (custom)
2019-08-28 18:52:42,001 [pool-82-thread-1] INFO  server.RaftServerConfigKeys (ConfUtils.java:logGet(43)) - raft.server.log.appender.buffer.byte-limit = 33554432 (custom)
2019-08-28 18:52:42,004 [pool-49-thread-1] INFO  server.RaftServerConfigKeys (ConfUtils.java:logGet(43)) - raft.server.log.queue.element-limit = 1024 (custom)
2019-08-28 18:52:42,001 [pool-38-thread-1] INFO  server.RaftServerConfigKeys (ConfUtils.java:logGet(43)) - raft.server.log.appender.buffer.byte-limit = 33554432 (custom)
2019-08-28 18:52:42,005 [pool-49-thread-1] INFO  server.RaftServerConfigKeys (ConfUtils.java:logGet(43)) - raft.server.log.segment.size.max = 1048576 (custom)
2019-08-28 18:52:42,004 [pool-82-thread-1] INFO  server.RaftServerConfigKeys (ConfUtils.java:logGet(43)) - raft.server.log.segment.size.max = 1048576 (custom)
2019-08-28 18:52:42,005 [pool-49-thread-1] INFO  server.RaftServerConfigKeys (ConfUtils.java:logGet(43)) - raft.server.log.preallocated.size = 16384 (custom)
2019-08-28 18:52:42,005 [pool-38-thread-1] INFO  server.RaftServerConfigKeys (ConfUtils.java:logGet(43)) - raft.server.log.segment.size.max = 1048576 (custom)
2019-08-28 18:52:42,005 [pool-49-thread-1] INFO  server.RaftServerConfigKeys (ConfUtils.java:logGet(43)) - raft.server.log.write.buffer.size = 33554432 (custom)
2019-08-28 18:52:42,005 [pool-82-thread-1] INFO  server.RaftServerConfigKeys (ConfUtils.java:logGet(43)) - raft.server.log.segment.cache.num.max = 2 (custom)
2019-08-28 18:52:42,006 [pool-49-thread-1] INFO  server.RaftServerConfigKeys (ConfUtils.java:logGet(43)) - raft.server.log.force.sync.num = 128 (default)
2019-08-28 18:52:42,006 [pool-49-thread-1] INFO  server.RaftServerConfigKeys (ConfUtils.java:logGet(43)) - raft.server.log.statemachine.data.sync = true (default)
2019-08-28 18:52:42,006 [pool-38-thread-1] INFO  server.RaftServerConfigKeys (ConfUtils.java:logGet(43)) - raft.server.log.segment.cache.num.max = 2 (custom)
2019-08-28 18:52:42,007 [pool-49-thread-1] INFO  server.RaftServerConfigKeys (ConfUtils.java:logGet(43)) - raft.server.log.statemachine.data.sync.timeout = 10s (default)
2019-08-28 18:52:42,006 [pool-82-thread-1] INFO  segmented.SegmentedRaftLogWorker (SegmentedRaftLogWorker.java:<init>(172)) - new 8e467a3f-4a15-4133-b9dc-29f72d763c9b-SegmentedRaftLogWorker:Storage Directory /workdir/hadoop-ozone/integration-test/target/test-dir/MiniOzoneClusterImpl-c80cd34b-7aaf-457d-8c82-c76acd6115b4/datanode-5/data/ratis/7bb60850-7dfe-47e4-93e4-e16ef6b83b8d for RaftStorage:Storage Directory /workdir/hadoop-ozone/integration-test/target/test-dir/MiniOzoneClusterImpl-c80cd34b-7aaf-457d-8c82-c76acd6115b4/datanode-5/data/ratis/7bb60850-7dfe-47e4-93e4-e16ef6b83b8d
2019-08-28 18:52:42,007 [pool-49-thread-1] INFO  server.RaftServerConfigKeys (ConfUtils.java:logGet(43)) - raft.server.log.statemachine.data.sync.timeout.retry = -1 (default)
2019-08-28 18:52:42,007 [pool-38-thread-1] INFO  segmented.SegmentedRaftLogWorker (SegmentedRaftLogWorker.java:<init>(172)) - new 79e7307e-2f03-4236-add7-13e1eabe57b5-SegmentedRaftLogWorker:Storage Directory /workdir/hadoop-ozone/integration-test/target/test-dir/MiniOzoneClusterImpl-c80cd34b-7aaf-457d-8c82-c76acd6115b4/datanode-1/data/ratis/7bb60850-7dfe-47e4-93e4-e16ef6b83b8d for RaftStorage:Storage Directory /workdir/hadoop-ozone/integration-test/target/test-dir/MiniOzoneClusterImpl-c80cd34b-7aaf-457d-8c82-c76acd6115b4/datanode-1/data/ratis/7bb60850-7dfe-47e4-93e4-e16ef6b83b8d
2019-08-28 18:52:42,007 [pool-49-thread-1] INFO  server.RaftServerConfigKeys (ConfUtils.java:logGet(43)) - raft.server.log.statemachine.data.caching.enabled = true (custom)
2019-08-28 18:52:42,007 [pool-82-thread-1] INFO  server.RaftServerConfigKeys (ConfUtils.java:logGet(43)) - raft.server.log.queue.byte-limit = 2147483647 (custom)
2019-08-28 18:52:42,010 [pool-38-thread-1] INFO  server.RaftServerConfigKeys (ConfUtils.java:logGet(43)) - raft.server.log.queue.byte-limit = 2147483647 (custom)
2019-08-28 18:52:42,012 [pool-82-thread-1] INFO  server.RaftServerConfigKeys (ConfUtils.java:logGet(43)) - raft.server.log.queue.element-limit = 1024 (custom)
2019-08-28 18:52:42,012 [pool-38-thread-1] INFO  server.RaftServerConfigKeys (ConfUtils.java:logGet(43)) - raft.server.log.queue.element-limit = 1024 (custom)
2019-08-28 18:52:42,012 [pool-82-thread-1] INFO  server.RaftServerConfigKeys (ConfUtils.java:logGet(43)) - raft.server.log.segment.size.max = 1048576 (custom)
2019-08-28 18:52:42,012 [pool-38-thread-1] INFO  server.RaftServerConfigKeys (ConfUtils.java:logGet(43)) - raft.server.log.segment.size.max = 1048576 (custom)
2019-08-28 18:52:42,013 [pool-82-thread-1] INFO  server.RaftServerConfigKeys (ConfUtils.java:logGet(43)) - raft.server.log.preallocated.size = 16384 (custom)
2019-08-28 18:52:42,013 [pool-38-thread-1] INFO  server.RaftServerConfigKeys (ConfUtils.java:logGet(43)) - raft.server.log.preallocated.size = 16384 (custom)
2019-08-28 18:52:42,013 [pool-82-thread-1] INFO  server.RaftServerConfigKeys (ConfUtils.java:logGet(43)) - raft.server.log.write.buffer.size = 33554432 (custom)
2019-08-28 18:52:42,013 [pool-38-thread-1] INFO  server.RaftServerConfigKeys (ConfUtils.java:logGet(43)) - raft.server.log.write.buffer.size = 33554432 (custom)
2019-08-28 18:52:42,013 [pool-82-thread-1] INFO  server.RaftServerConfigKeys (ConfUtils.java:logGet(43)) - raft.server.log.force.sync.num = 128 (default)
2019-08-28 18:52:42,014 [pool-49-thread-1] INFO  segmented.SegmentedRaftLogWorker (SegmentedRaftLogWorker.java:lambda$new$0(132)) - ee626ce8-1972-4fe0-bbbc-07baa9e228a9-SegmentedRaftLogWorker:Storage Directory /workdir/hadoop-ozone/integration-test/target/test-dir/MiniOzoneClusterImpl-c80cd34b-7aaf-457d-8c82-c76acd6115b4/datanode-2/data/ratis/7bb60850-7dfe-47e4-93e4-e16ef6b83b8d: flushIndex: setUnconditionally 0 -> -1
2019-08-28 18:52:42,013 [pool-38-thread-1] INFO  server.RaftServerConfigKeys (ConfUtils.java:logGet(43)) - raft.server.log.force.sync.num = 128 (default)
2019-08-28 18:52:42,014 [pool-82-thread-1] INFO  server.RaftServerConfigKeys (ConfUtils.java:logGet(43)) - raft.server.log.statemachine.data.sync = true (default)
2019-08-28 18:52:42,014 [pool-49-thread-1] INFO  server.RaftServerConfigKeys (ConfUtils.java:logGet(43)) - raft.server.snapshot.auto.trigger.enabled = true (custom)
2019-08-28 18:52:42,014 [pool-38-thread-1] INFO  server.RaftServerConfigKeys (ConfUtils.java:logGet(43)) - raft.server.log.statemachine.data.sync = true (default)
2019-08-28 18:52:42,014 [pool-49-thread-1] INFO  server.RaftServerConfigKeys (ConfUtils.java:logGet(43)) - raft.server.snapshot.auto.trigger.threshold = 10000 (custom)
2019-08-28 18:52:42,014 [pool-82-thread-1] INFO  server.RaftServerConfigKeys (ConfUtils.java:logGet(43)) - raft.server.log.statemachine.data.sync.timeout = 10s (default)
2019-08-28 18:52:42,015 [pool-49-thread-1] INFO  server.RaftServerConfigKeys (ConfUtils.java:logGet(43)) - raft.server.retrycache.expirytime = 600000ms (custom)
2019-08-28 18:52:42,015 [pool-38-thread-1] INFO  server.RaftServerConfigKeys (ConfUtils.java:logGet(43)) - raft.server.log.statemachine.data.sync.timeout = 10s (default)
2019-08-28 18:52:42,015 [pool-49-thread-1] INFO  impl.RaftServerImpl (RaftServerImpl.java:start(180)) - ee626ce8-1972-4fe0-bbbc-07baa9e228a9: start group-E16EF6B83B8D
2019-08-28 18:52:42,015 [pool-82-thread-1] INFO  server.RaftServerConfigKeys (ConfUtils.java:logGet(43)) - raft.server.log.statemachine.data.sync.timeout.retry = -1 (default)
2019-08-28 18:52:42,015 [pool-49-thread-1] INFO  impl.RaftServerImpl (RaftServerImpl.java:setRole(171)) - ee626ce8-1972-4fe0-bbbc-07baa9e228a9:group-E16EF6B83B8D changes role from null to FOLLOWER at term 0 for startAsFollower
2019-08-28 18:52:42,016 [pool-49-thread-1] INFO  impl.RoleInfo (RoleInfo.java:updateAndGet(143)) - ee626ce8-1972-4fe0-bbbc-07baa9e228a9: start FollowerState
2019-08-28 18:52:42,015 [pool-38-thread-1] INFO  server.RaftServerConfigKeys (ConfUtils.java:logGet(43)) - raft.server.log.statemachine.data.sync.timeout.retry = -1 (default)
2019-08-28 18:52:42,016 [pool-82-thread-1] INFO  server.RaftServerConfigKeys (ConfUtils.java:logGet(43)) - raft.server.log.statemachine.data.caching.enabled = true (custom)
2019-08-28 18:52:42,016 [pool-49-thread-1] INFO  util.JmxRegister (JmxRegister.java:tryRegister(44)) - Successfully registered JMX Bean with object name Ratis:service=RaftServer,group=group-E16EF6B83B8D,id=ee626ce8-1972-4fe0-bbbc-07baa9e228a9
2019-08-28 18:52:42,016 [pool-38-thread-1] INFO  server.RaftServerConfigKeys (ConfUtils.java:logGet(43)) - raft.server.log.statemachine.data.caching.enabled = true (custom)
2019-08-28 18:52:42,016 [pool-82-thread-1] INFO  segmented.SegmentedRaftLogWorker (SegmentedRaftLogWorker.java:lambda$new$0(132)) - 8e467a3f-4a15-4133-b9dc-29f72d763c9b-SegmentedRaftLogWorker:Storage Directory /workdir/hadoop-ozone/integration-test/target/test-dir/MiniOzoneClusterImpl-c80cd34b-7aaf-457d-8c82-c76acd6115b4/datanode-5/data/ratis/7bb60850-7dfe-47e4-93e4-e16ef6b83b8d: flushIndex: setUnconditionally 0 -> -1
2019-08-28 18:52:42,017 [pool-38-thread-1] INFO  segmented.SegmentedRaftLogWorker (SegmentedRaftLogWorker.java:lambda$new$0(132)) - 79e7307e-2f03-4236-add7-13e1eabe57b5-SegmentedRaftLogWorker:Storage Directory /workdir/hadoop-ozone/integration-test/target/test-dir/MiniOzoneClusterImpl-c80cd34b-7aaf-457d-8c82-c76acd6115b4/datanode-1/data/ratis/7bb60850-7dfe-47e4-93e4-e16ef6b83b8d: flushIndex: setUnconditionally 0 -> -1
2019-08-28 18:52:42,017 [pool-82-thread-1] INFO  server.RaftServerConfigKeys (ConfUtils.java:logGet(43)) - raft.server.snapshot.auto.trigger.enabled = true (custom)
2019-08-28 18:52:42,017 [pool-82-thread-1] INFO  server.RaftServerConfigKeys (ConfUtils.java:logGet(43)) - raft.server.snapshot.auto.trigger.threshold = 10000 (custom)
2019-08-28 18:52:42,017 [pool-38-thread-1] INFO  server.RaftServerConfigKeys (ConfUtils.java:logGet(43)) - raft.server.snapshot.auto.trigger.enabled = true (custom)
2019-08-28 18:52:42,017 [pool-82-thread-1] INFO  server.RaftServerConfigKeys (ConfUtils.java:logGet(43)) - raft.server.retrycache.expirytime = 600000ms (custom)
2019-08-28 18:52:42,018 [pool-38-thread-1] INFO  server.RaftServerConfigKeys (ConfUtils.java:logGet(43)) - raft.server.snapshot.auto.trigger.threshold = 10000 (custom)
2019-08-28 18:52:42,018 [pool-82-thread-1] INFO  impl.RaftServerImpl (RaftServerImpl.java:start(180)) - 8e467a3f-4a15-4133-b9dc-29f72d763c9b: start group-E16EF6B83B8D
2019-08-28 18:52:42,018 [pool-38-thread-1] INFO  server.RaftServerConfigKeys (ConfUtils.java:logGet(43)) - raft.server.retrycache.expirytime = 600000ms (custom)
2019-08-28 18:52:42,018 [pool-82-thread-1] INFO  impl.RaftServerImpl (RaftServerImpl.java:setRole(171)) - 8e467a3f-4a15-4133-b9dc-29f72d763c9b:group-E16EF6B83B8D changes role from null to FOLLOWER at term 0 for startAsFollower
2019-08-28 18:52:42,018 [pool-38-thread-1] INFO  impl.RaftServerImpl (RaftServerImpl.java:start(180)) - 79e7307e-2f03-4236-add7-13e1eabe57b5: start group-E16EF6B83B8D
2019-08-28 18:52:42,018 [pool-82-thread-1] INFO  impl.RoleInfo (RoleInfo.java:updateAndGet(143)) - 8e467a3f-4a15-4133-b9dc-29f72d763c9b: start FollowerState
2019-08-28 18:52:42,019 [pool-38-thread-1] INFO  impl.RaftServerImpl (RaftServerImpl.java:setRole(171)) - 79e7307e-2f03-4236-add7-13e1eabe57b5:group-E16EF6B83B8D changes role from null to FOLLOWER at term 0 for startAsFollower
2019-08-28 18:52:42,019 [pool-38-thread-1] INFO  impl.RoleInfo (RoleInfo.java:updateAndGet(143)) - 79e7307e-2f03-4236-add7-13e1eabe57b5: start FollowerState
2019-08-28 18:52:42,019 [pool-82-thread-1] INFO  util.JmxRegister (JmxRegister.java:tryRegister(44)) - Successfully registered JMX Bean with object name Ratis:service=RaftServer,group=group-E16EF6B83B8D,id=8e467a3f-4a15-4133-b9dc-29f72d763c9b
2019-08-28 18:52:42,022 [pool-38-thread-1] INFO  util.JmxRegister (JmxRegister.java:tryRegister(44)) - Successfully registered JMX Bean with object name Ratis:service=RaftServer,group=group-E16EF6B83B8D,id=79e7307e-2f03-4236-add7-13e1eabe57b5
2019-08-28 18:52:42,045 [RatisPipelineUtilsThread] INFO  pipeline.PipelineStateManager (PipelineStateManager.java:addPipeline(56)) - Created pipeline Pipeline[ Id: 7bb60850-7dfe-47e4-93e4-e16ef6b83b8d, Nodes: 79e7307e-2f03-4236-add7-13e1eabe57b5{ip: 192.168.69.102, host: pr-hdds-1783-trunk-gtrxg-786569963, networkLocation: /default-rack, certSerialId: null}ee626ce8-1972-4fe0-bbbc-07baa9e228a9{ip: 192.168.69.102, host: pr-hdds-1783-trunk-gtrxg-786569963, networkLocation: /default-rack, certSerialId: null}8e467a3f-4a15-4133-b9dc-29f72d763c9b{ip: 192.168.69.102, host: pr-hdds-1783-trunk-gtrxg-786569963, networkLocation: /default-rack, certSerialId: null}, Type:RATIS, Factor:THREE, State:OPEN]
2019-08-28 18:52:42,050 | INFO  | SCMAudit | user=jenkins1000 | ip=192.168.69.102 | op=SEND_HEARTBEAT {datanodeUUID=3fdab9ea-6680-47f1-aded-4d496f7ecd01, command=[]} | ret=SUCCESS |  
2019-08-28 18:52:42,088 [grpc-default-executor-0] INFO  impl.RaftServerProxy (RaftServerProxy.java:addNew(89)) - 0ec50947-c54d-40fe-a729-b0855dad3f0a: addNew group-A2878BEACCC6:[3fdab9ea-6680-47f1-aded-4d496f7ecd01:192.168.69.102:40884, f785551e-a0af-487c-a25a-ff90660b7a23:192.168.69.102:44888, 0ec50947-c54d-40fe-a729-b0855dad3f0a:192.168.69.102:45761] returns group-A2878BEACCC6:java.util.concurrent.CompletableFuture@eb83698[Not completed]
2019-08-28 18:52:42,090 [grpc-default-executor-2] INFO  impl.RaftServerProxy (RaftServerProxy.java:addNew(89)) - 3fdab9ea-6680-47f1-aded-4d496f7ecd01: addNew group-A2878BEACCC6:[3fdab9ea-6680-47f1-aded-4d496f7ecd01:192.168.69.102:40884, f785551e-a0af-487c-a25a-ff90660b7a23:192.168.69.102:44888, 0ec50947-c54d-40fe-a729-b0855dad3f0a:192.168.69.102:45761] returns group-A2878BEACCC6:java.util.concurrent.CompletableFuture@6f3acbe8[Not completed]
2019-08-28 18:52:42,092 [grpc-default-executor-0] INFO  impl.RaftServerProxy (RaftServerProxy.java:addNew(89)) - f785551e-a0af-487c-a25a-ff90660b7a23: addNew group-A2878BEACCC6:[3fdab9ea-6680-47f1-aded-4d496f7ecd01:192.168.69.102:40884, f785551e-a0af-487c-a25a-ff90660b7a23:192.168.69.102:44888, 0ec50947-c54d-40fe-a729-b0855dad3f0a:192.168.69.102:45761] returns group-A2878BEACCC6:java.util.concurrent.CompletableFuture@74ad518e[Not completed]
2019-08-28 18:52:42,093 [pool-93-thread-1] INFO  impl.RaftServerImpl (RaftServerImpl.java:<init>(93)) - 0ec50947-c54d-40fe-a729-b0855dad3f0a: new RaftServerImpl for group-A2878BEACCC6:[3fdab9ea-6680-47f1-aded-4d496f7ecd01:192.168.69.102:40884, f785551e-a0af-487c-a25a-ff90660b7a23:192.168.69.102:44888, 0ec50947-c54d-40fe-a729-b0855dad3f0a:192.168.69.102:45761] with ContainerStateMachine:uninitialized
2019-08-28 18:52:42,093 [pool-93-thread-1] INFO  server.RaftServerConfigKeys (ConfUtils.java:logGet(43)) - raft.server.rpc.timeout.min = 5s (custom)
2019-08-28 18:52:42,093 [pool-93-thread-1] INFO  server.RaftServerConfigKeys (ConfUtils.java:logGet(43)) - raft.server.rpc.timeout.max = 5200ms (custom)
2019-08-28 18:52:42,094 [pool-93-thread-1] INFO  server.RaftServerConfigKeys (ConfUtils.java:logGet(43)) - raft.server.rpcslowness.timeout = 120s (custom)
2019-08-28 18:52:42,094 [pool-93-thread-1] INFO  server.RaftServerConfigKeys (ConfUtils.java:logGet(43)) - raft.server.sleep.deviation.threshold = 300 (default)
2019-08-28 18:52:42,094 [pool-93-thread-1] INFO  server.RaftServerConfigKeys (ConfUtils.java:logGet(43)) - raft.server.log.appender.install.snapshot.enabled = false (custom)
2019-08-28 18:52:42,094 [pool-93-thread-1] INFO  impl.RaftServerImpl (ServerState.java:<init>(105)) - 0ec50947-c54d-40fe-a729-b0855dad3f0a:group-A2878BEACCC6 ConfigurationManager, init=-1: [3fdab9ea-6680-47f1-aded-4d496f7ecd01:192.168.69.102:40884, f785551e-a0af-487c-a25a-ff90660b7a23:192.168.69.102:44888, 0ec50947-c54d-40fe-a729-b0855dad3f0a:192.168.69.102:45761], old=null, confs=<EMPTY_MAP>
2019-08-28 18:52:42,094 [pool-27-thread-1] INFO  impl.RaftServerImpl (RaftServerImpl.java:<init>(93)) - f785551e-a0af-487c-a25a-ff90660b7a23: new RaftServerImpl for group-A2878BEACCC6:[3fdab9ea-6680-47f1-aded-4d496f7ecd01:192.168.69.102:40884, f785551e-a0af-487c-a25a-ff90660b7a23:192.168.69.102:44888, 0ec50947-c54d-40fe-a729-b0855dad3f0a:192.168.69.102:45761] with ContainerStateMachine:uninitialized
2019-08-28 18:52:42,094 [pool-93-thread-1] INFO  server.RaftServerConfigKeys (ConfUtils.java:logGet(43)) - raft.server.storage.dir = [/workdir/hadoop-ozone/integration-test/target/test-dir/MiniOzoneClusterImpl-c80cd34b-7aaf-457d-8c82-c76acd6115b4/datanode-6/data/ratis] (custom)
2019-08-28 18:52:42,094 [pool-27-thread-1] INFO  server.RaftServerConfigKeys (ConfUtils.java:logGet(43)) - raft.server.rpc.timeout.min = 5s (custom)
2019-08-28 18:52:42,095 [pool-27-thread-1] INFO  server.RaftServerConfigKeys (ConfUtils.java:logGet(43)) - raft.server.rpc.timeout.max = 5200ms (custom)
2019-08-28 18:52:42,095 [pool-93-thread-1] INFO  storage.RaftStorageDirectory (RaftStorageDirectory.java:analyzeStorage(246)) - The storage directory /workdir/hadoop-ozone/integration-test/target/test-dir/MiniOzoneClusterImpl-c80cd34b-7aaf-457d-8c82-c76acd6115b4/datanode-6/data/ratis/c9706caa-34c2-45ec-8f67-a2878beaccc6 does not exist. Creating ...
2019-08-28 18:52:42,095 [pool-27-thread-1] INFO  server.RaftServerConfigKeys (ConfUtils.java:logGet(43)) - raft.server.rpcslowness.timeout = 120s (custom)
2019-08-28 18:52:42,095 [pool-71-thread-1] INFO  impl.RaftServerImpl (RaftServerImpl.java:<init>(93)) - 3fdab9ea-6680-47f1-aded-4d496f7ecd01: new RaftServerImpl for group-A2878BEACCC6:[3fdab9ea-6680-47f1-aded-4d496f7ecd01:192.168.69.102:40884, f785551e-a0af-487c-a25a-ff90660b7a23:192.168.69.102:44888, 0ec50947-c54d-40fe-a729-b0855dad3f0a:192.168.69.102:45761] with ContainerStateMachine:uninitialized
2019-08-28 18:52:42,095 [pool-27-thread-1] INFO  server.RaftServerConfigKeys (ConfUtils.java:logGet(43)) - raft.server.sleep.deviation.threshold = 300 (default)
2019-08-28 18:52:42,095 [pool-71-thread-1] INFO  server.RaftServerConfigKeys (ConfUtils.java:logGet(43)) - raft.server.rpc.timeout.min = 5s (custom)
2019-08-28 18:52:42,095 [pool-27-thread-1] INFO  server.RaftServerConfigKeys (ConfUtils.java:logGet(43)) - raft.server.log.appender.install.snapshot.enabled = false (custom)
2019-08-28 18:52:42,096 [pool-71-thread-1] INFO  server.RaftServerConfigKeys (ConfUtils.java:logGet(43)) - raft.server.rpc.timeout.max = 5200ms (custom)
2019-08-28 18:52:42,096 [pool-27-thread-1] INFO  impl.RaftServerImpl (ServerState.java:<init>(105)) - f785551e-a0af-487c-a25a-ff90660b7a23:group-A2878BEACCC6 ConfigurationManager, init=-1: [3fdab9ea-6680-47f1-aded-4d496f7ecd01:192.168.69.102:40884, f785551e-a0af-487c-a25a-ff90660b7a23:192.168.69.102:44888, 0ec50947-c54d-40fe-a729-b0855dad3f0a:192.168.69.102:45761], old=null, confs=<EMPTY_MAP>
2019-08-28 18:52:42,096 [pool-71-thread-1] INFO  server.RaftServerConfigKeys (ConfUtils.java:logGet(43)) - raft.server.rpcslowness.timeout = 120s (custom)
2019-08-28 18:52:42,096 [pool-71-thread-1] INFO  server.RaftServerConfigKeys (ConfUtils.java:logGet(43)) - raft.server.sleep.deviation.threshold = 300 (default)
2019-08-28 18:52:42,096 [pool-27-thread-1] INFO  server.RaftServerConfigKeys (ConfUtils.java:logGet(43)) - raft.server.storage.dir = [/workdir/hadoop-ozone/integration-test/target/test-dir/MiniOzoneClusterImpl-c80cd34b-7aaf-457d-8c82-c76acd6115b4/datanode-0/data/ratis] (custom)
2019-08-28 18:52:42,096 [pool-71-thread-1] INFO  server.RaftServerConfigKeys (ConfUtils.java:logGet(43)) - raft.server.log.appender.install.snapshot.enabled = false (custom)
2019-08-28 18:52:42,096 [pool-71-thread-1] INFO  impl.RaftServerImpl (ServerState.java:<init>(105)) - 3fdab9ea-6680-47f1-aded-4d496f7ecd01:group-A2878BEACCC6 ConfigurationManager, init=-1: [3fdab9ea-6680-47f1-aded-4d496f7ecd01:192.168.69.102:40884, f785551e-a0af-487c-a25a-ff90660b7a23:192.168.69.102:44888, 0ec50947-c54d-40fe-a729-b0855dad3f0a:192.168.69.102:45761], old=null, confs=<EMPTY_MAP>
2019-08-28 18:52:42,097 [pool-27-thread-1] INFO  storage.RaftStorageDirectory (RaftStorageDirectory.java:analyzeStorage(246)) - The storage directory /workdir/hadoop-ozone/integration-test/target/test-dir/MiniOzoneClusterImpl-c80cd34b-7aaf-457d-8c82-c76acd6115b4/datanode-0/data/ratis/c9706caa-34c2-45ec-8f67-a2878beaccc6 does not exist. Creating ...
2019-08-28 18:52:42,097 [pool-71-thread-1] INFO  server.RaftServerConfigKeys (ConfUtils.java:logGet(43)) - raft.server.storage.dir = [/workdir/hadoop-ozone/integration-test/target/test-dir/MiniOzoneClusterImpl-c80cd34b-7aaf-457d-8c82-c76acd6115b4/datanode-4/data/ratis] (custom)
2019-08-28 18:52:42,097 [pool-71-thread-1] INFO  storage.RaftStorageDirectory (RaftStorageDirectory.java:analyzeStorage(246)) - The storage directory /workdir/hadoop-ozone/integration-test/target/test-dir/MiniOzoneClusterImpl-c80cd34b-7aaf-457d-8c82-c76acd6115b4/datanode-4/data/ratis/c9706caa-34c2-45ec-8f67-a2878beaccc6 does not exist. Creating ...
2019-08-28 18:52:42,124 [pool-71-thread-1] INFO  storage.RaftStorageDirectory (RaftStorageDirectory.java:tryLock(328)) - Lock on /workdir/hadoop-ozone/integration-test/target/test-dir/MiniOzoneClusterImpl-c80cd34b-7aaf-457d-8c82-c76acd6115b4/datanode-4/data/ratis/c9706caa-34c2-45ec-8f67-a2878beaccc6/in_use.lock acquired by nodename 16648@pr-hdds-1783-trunk-gtrxg-786569963
2019-08-28 18:52:42,124 [pool-93-thread-1] INFO  storage.RaftStorageDirectory (RaftStorageDirectory.java:tryLock(328)) - Lock on /workdir/hadoop-ozone/integration-test/target/test-dir/MiniOzoneClusterImpl-c80cd34b-7aaf-457d-8c82-c76acd6115b4/datanode-6/data/ratis/c9706caa-34c2-45ec-8f67-a2878beaccc6/in_use.lock acquired by nodename 16648@pr-hdds-1783-trunk-gtrxg-786569963
2019-08-28 18:52:42,124 [pool-27-thread-1] INFO  storage.RaftStorageDirectory (RaftStorageDirectory.java:tryLock(328)) - Lock on /workdir/hadoop-ozone/integration-test/target/test-dir/MiniOzoneClusterImpl-c80cd34b-7aaf-457d-8c82-c76acd6115b4/datanode-0/data/ratis/c9706caa-34c2-45ec-8f67-a2878beaccc6/in_use.lock acquired by nodename 16648@pr-hdds-1783-trunk-gtrxg-786569963
2019-08-28 18:52:42,137 | INFO  | SCMAudit | user=jenkins1000 | ip=192.168.69.102 | op=SEND_HEARTBEAT {datanodeUUID=79e7307e-2f03-4236-add7-13e1eabe57b5, command=[]} | ret=SUCCESS |  
2019-08-28 18:52:42,156 [pool-93-thread-1] INFO  storage.RaftStorage (RaftStorage.java:format(72)) - Storage directory /workdir/hadoop-ozone/integration-test/target/test-dir/MiniOzoneClusterImpl-c80cd34b-7aaf-457d-8c82-c76acd6115b4/datanode-6/data/ratis/c9706caa-34c2-45ec-8f67-a2878beaccc6 has been successfully formatted.
2019-08-28 18:52:42,156 [pool-27-thread-1] INFO  storage.RaftStorage (RaftStorage.java:format(72)) - Storage directory /workdir/hadoop-ozone/integration-test/target/test-dir/MiniOzoneClusterImpl-c80cd34b-7aaf-457d-8c82-c76acd6115b4/datanode-0/data/ratis/c9706caa-34c2-45ec-8f67-a2878beaccc6 has been successfully formatted.
2019-08-28 18:52:42,157 [pool-93-thread-1] INFO  ratis.ContainerStateMachine (ContainerStateMachine.java:loadSnapshot(226)) - group-A2878BEACCC6: The snapshot info is null. Setting the last applied indexto:(t:0, i:~)
2019-08-28 18:52:42,156 [pool-71-thread-1] INFO  storage.RaftStorage (RaftStorage.java:format(72)) - Storage directory /workdir/hadoop-ozone/integration-test/target/test-dir/MiniOzoneClusterImpl-c80cd34b-7aaf-457d-8c82-c76acd6115b4/datanode-4/data/ratis/c9706caa-34c2-45ec-8f67-a2878beaccc6 has been successfully formatted.
2019-08-28 18:52:42,160 [pool-27-thread-1] INFO  ratis.ContainerStateMachine (ContainerStateMachine.java:loadSnapshot(226)) - group-A2878BEACCC6: The snapshot info is null. Setting the last applied indexto:(t:0, i:~)
2019-08-28 18:52:42,160 [pool-71-thread-1] INFO  ratis.ContainerStateMachine (ContainerStateMachine.java:loadSnapshot(226)) - group-A2878BEACCC6: The snapshot info is null. Setting the last applied indexto:(t:0, i:~)
2019-08-28 18:52:42,157 [pool-93-thread-1] INFO  server.RaftServerConfigKeys (ConfUtils.java:logGet(43)) - raft.server.leader.election.timeout = 120s (custom)
2019-08-28 18:52:42,160 [pool-27-thread-1] INFO  server.RaftServerConfigKeys (ConfUtils.java:logGet(43)) - raft.server.leader.election.timeout = 120s (custom)
2019-08-28 18:52:42,160 [pool-71-thread-1] INFO  server.RaftServerConfigKeys (ConfUtils.java:logGet(43)) - raft.server.leader.election.timeout = 120s (custom)
2019-08-28 18:52:42,160 [pool-27-thread-1] INFO  server.RaftServerConfigKeys (ConfUtils.java:logGet(43)) - raft.server.log.use.memory = false (default)
2019-08-28 18:52:42,160 [pool-93-thread-1] INFO  server.RaftServerConfigKeys (ConfUtils.java:logGet(43)) - raft.server.log.use.memory = false (default)
2019-08-28 18:52:42,161 [pool-27-thread-1] INFO  server.RaftServerConfigKeys (ConfUtils.java:logGet(43)) - raft.server.log.purge.gap = 1000000 (custom)
2019-08-28 18:52:42,161 [pool-71-thread-1] INFO  server.RaftServerConfigKeys (ConfUtils.java:logGet(43)) - raft.server.log.use.memory = false (default)
2019-08-28 18:52:42,161 [pool-27-thread-1] INFO  server.RaftServerConfigKeys (ConfUtils.java:logGet(43)) - raft.server.log.appender.buffer.byte-limit = 33554432 (custom)
2019-08-28 18:52:42,161 [pool-93-thread-1] INFO  server.RaftServerConfigKeys (ConfUtils.java:logGet(43)) - raft.server.log.purge.gap = 1000000 (custom)
2019-08-28 18:52:42,162 [pool-27-thread-1] INFO  server.RaftServerConfigKeys (ConfUtils.java:logGet(43)) - raft.server.log.segment.size.max = 1048576 (custom)
2019-08-28 18:52:42,161 [pool-71-thread-1] INFO  server.RaftServerConfigKeys (ConfUtils.java:logGet(43)) - raft.server.log.purge.gap = 1000000 (custom)
2019-08-28 18:52:42,162 [pool-27-thread-1] INFO  server.RaftServerConfigKeys (ConfUtils.java:logGet(43)) - raft.server.log.segment.cache.num.max = 2 (custom)
2019-08-28 18:52:42,162 [pool-93-thread-1] INFO  server.RaftServerConfigKeys (ConfUtils.java:logGet(43)) - raft.server.log.appender.buffer.byte-limit = 33554432 (custom)
2019-08-28 18:52:42,162 [pool-27-thread-1] INFO  segmented.SegmentedRaftLogWorker (SegmentedRaftLogWorker.java:<init>(172)) - new f785551e-a0af-487c-a25a-ff90660b7a23-SegmentedRaftLogWorker:Storage Directory /workdir/hadoop-ozone/integration-test/target/test-dir/MiniOzoneClusterImpl-c80cd34b-7aaf-457d-8c82-c76acd6115b4/datanode-0/data/ratis/c9706caa-34c2-45ec-8f67-a2878beaccc6 for RaftStorage:Storage Directory /workdir/hadoop-ozone/integration-test/target/test-dir/MiniOzoneClusterImpl-c80cd34b-7aaf-457d-8c82-c76acd6115b4/datanode-0/data/ratis/c9706caa-34c2-45ec-8f67-a2878beaccc6
2019-08-28 18:52:42,162 [pool-71-thread-1] INFO  server.RaftServerConfigKeys (ConfUtils.java:logGet(43)) - raft.server.log.appender.buffer.byte-limit = 33554432 (custom)
2019-08-28 18:52:42,163 [pool-27-thread-1] INFO  server.RaftServerConfigKeys (ConfUtils.java:logGet(43)) - raft.server.log.queue.byte-limit = 2147483647 (custom)
2019-08-28 18:52:42,163 [pool-93-thread-1] INFO  server.RaftServerConfigKeys (ConfUtils.java:logGet(43)) - raft.server.log.segment.size.max = 1048576 (custom)
2019-08-28 18:52:42,164 [pool-27-thread-1] INFO  server.RaftServerConfigKeys (ConfUtils.java:logGet(43)) - raft.server.log.queue.element-limit = 1024 (custom)
2019-08-28 18:52:42,164 [pool-71-thread-1] INFO  server.RaftServerConfigKeys (ConfUtils.java:logGet(43)) - raft.server.log.segment.size.max = 1048576 (custom)
2019-08-28 18:52:42,165 [pool-27-thread-1] INFO  server.RaftServerConfigKeys (ConfUtils.java:logGet(43)) - raft.server.log.segment.size.max = 1048576 (custom)
2019-08-28 18:52:42,165 [pool-93-thread-1] INFO  server.RaftServerConfigKeys (ConfUtils.java:logGet(43)) - raft.server.log.segment.cache.num.max = 2 (custom)
2019-08-28 18:52:42,165 [pool-27-thread-1] INFO  server.RaftServerConfigKeys (ConfUtils.java:logGet(43)) - raft.server.log.preallocated.size = 16384 (custom)
2019-08-28 18:52:42,165 [pool-71-thread-1] INFO  server.RaftServerConfigKeys (ConfUtils.java:logGet(43)) - raft.server.log.segment.cache.num.max = 2 (custom)
2019-08-28 18:52:42,166 [pool-27-thread-1] INFO  server.RaftServerConfigKeys (ConfUtils.java:logGet(43)) - raft.server.log.write.buffer.size = 33554432 (custom)
2019-08-28 18:52:42,165 [pool-93-thread-1] INFO  segmented.SegmentedRaftLogWorker (SegmentedRaftLogWorker.java:<init>(172)) - new 0ec50947-c54d-40fe-a729-b0855dad3f0a-SegmentedRaftLogWorker:Storage Directory /workdir/hadoop-ozone/integration-test/target/test-dir/MiniOzoneClusterImpl-c80cd34b-7aaf-457d-8c82-c76acd6115b4/datanode-6/data/ratis/c9706caa-34c2-45ec-8f67-a2878beaccc6 for RaftStorage:Storage Directory /workdir/hadoop-ozone/integration-test/target/test-dir/MiniOzoneClusterImpl-c80cd34b-7aaf-457d-8c82-c76acd6115b4/datanode-6/data/ratis/c9706caa-34c2-45ec-8f67-a2878beaccc6
2019-08-28 18:52:42,166 [pool-27-thread-1] INFO  server.RaftServerConfigKeys (ConfUtils.java:logGet(43)) - raft.server.log.force.sync.num = 128 (default)
2019-08-28 18:52:42,166 [pool-71-thread-1] INFO  segmented.SegmentedRaftLogWorker (SegmentedRaftLogWorker.java:<init>(172)) - new 3fdab9ea-6680-47f1-aded-4d496f7ecd01-SegmentedRaftLogWorker:Storage Directory /workdir/hadoop-ozone/integration-test/target/test-dir/MiniOzoneClusterImpl-c80cd34b-7aaf-457d-8c82-c76acd6115b4/datanode-4/data/ratis/c9706caa-34c2-45ec-8f67-a2878beaccc6 for RaftStorage:Storage Directory /workdir/hadoop-ozone/integration-test/target/test-dir/MiniOzoneClusterImpl-c80cd34b-7aaf-457d-8c82-c76acd6115b4/datanode-4/data/ratis/c9706caa-34c2-45ec-8f67-a2878beaccc6
2019-08-28 18:52:42,166 [pool-27-thread-1] INFO  server.RaftServerConfigKeys (ConfUtils.java:logGet(43)) - raft.server.log.statemachine.data.sync = true (default)
2019-08-28 18:52:42,166 [pool-93-thread-1] INFO  server.RaftServerConfigKeys (ConfUtils.java:logGet(43)) - raft.server.log.queue.byte-limit = 2147483647 (custom)
2019-08-28 18:52:42,168 [pool-27-thread-1] INFO  server.RaftServerConfigKeys (ConfUtils.java:logGet(43)) - raft.server.log.statemachine.data.sync.timeout = 10s (default)
2019-08-28 18:52:42,168 [pool-71-thread-1] INFO  server.RaftServerConfigKeys (ConfUtils.java:logGet(43)) - raft.server.log.queue.byte-limit = 2147483647 (custom)
2019-08-28 18:52:42,170 [pool-27-thread-1] INFO  server.RaftServerConfigKeys (ConfUtils.java:logGet(43)) - raft.server.log.statemachine.data.sync.timeout.retry = -1 (default)
2019-08-28 18:52:42,170 [pool-93-thread-1] INFO  server.RaftServerConfigKeys (ConfUtils.java:logGet(43)) - raft.server.log.queue.element-limit = 1024 (custom)
2019-08-28 18:52:42,170 [pool-71-thread-1] INFO  server.RaftServerConfigKeys (ConfUtils.java:logGet(43)) - raft.server.log.queue.element-limit = 1024 (custom)
2019-08-28 18:52:42,170 [pool-27-thread-1] INFO  server.RaftServerConfigKeys (ConfUtils.java:logGet(43)) - raft.server.log.statemachine.data.caching.enabled = true (custom)
2019-08-28 18:52:42,170 [pool-93-thread-1] INFO  server.RaftServerConfigKeys (ConfUtils.java:logGet(43)) - raft.server.log.segment.size.max = 1048576 (custom)
2019-08-28 18:52:42,171 [pool-71-thread-1] INFO  server.RaftServerConfigKeys (ConfUtils.java:logGet(43)) - raft.server.log.segment.size.max = 1048576 (custom)
2019-08-28 18:52:42,171 [pool-93-thread-1] INFO  server.RaftServerConfigKeys (ConfUtils.java:logGet(43)) - raft.server.log.preallocated.size = 16384 (custom)
2019-08-28 18:52:42,171 [pool-71-thread-1] INFO  server.RaftServerConfigKeys (ConfUtils.java:logGet(43)) - raft.server.log.preallocated.size = 16384 (custom)
2019-08-28 18:52:42,171 [pool-93-thread-1] INFO  server.RaftServerConfigKeys (ConfUtils.java:logGet(43)) - raft.server.log.write.buffer.size = 33554432 (custom)
2019-08-28 18:52:42,171 [pool-71-thread-1] INFO  server.RaftServerConfigKeys (ConfUtils.java:logGet(43)) - raft.server.log.write.buffer.size = 33554432 (custom)
2019-08-28 18:52:42,172 [pool-93-thread-1] INFO  server.RaftServerConfigKeys (ConfUtils.java:logGet(43)) - raft.server.log.force.sync.num = 128 (default)
2019-08-28 18:52:42,172 [pool-71-thread-1] INFO  server.RaftServerConfigKeys (ConfUtils.java:logGet(43)) - raft.server.log.force.sync.num = 128 (default)
2019-08-28 18:52:42,172 [pool-93-thread-1] INFO  server.RaftServerConfigKeys (ConfUtils.java:logGet(43)) - raft.server.log.statemachine.data.sync = true (default)
2019-08-28 18:52:42,172 [pool-71-thread-1] INFO  server.RaftServerConfigKeys (ConfUtils.java:logGet(43)) - raft.server.log.statemachine.data.sync = true (default)
2019-08-28 18:52:42,172 [pool-93-thread-1] INFO  server.RaftServerConfigKeys (ConfUtils.java:logGet(43)) - raft.server.log.statemachine.data.sync.timeout = 10s (default)
2019-08-28 18:52:42,173 [pool-71-thread-1] INFO  server.RaftServerConfigKeys (ConfUtils.java:logGet(43)) - raft.server.log.statemachine.data.sync.timeout = 10s (default)
2019-08-28 18:52:42,173 [pool-93-thread-1] INFO  server.RaftServerConfigKeys (ConfUtils.java:logGet(43)) - raft.server.log.statemachine.data.sync.timeout.retry = -1 (default)
2019-08-28 18:52:42,173 [pool-71-thread-1] INFO  server.RaftServerConfigKeys (ConfUtils.java:logGet(43)) - raft.server.log.statemachine.data.sync.timeout.retry = -1 (default)
2019-08-28 18:52:42,173 [pool-27-thread-1] INFO  segmented.SegmentedRaftLogWorker (SegmentedRaftLogWorker.java:lambda$new$0(132)) - f785551e-a0af-487c-a25a-ff90660b7a23-SegmentedRaftLogWorker:Storage Directory /workdir/hadoop-ozone/integration-test/target/test-dir/MiniOzoneClusterImpl-c80cd34b-7aaf-457d-8c82-c76acd6115b4/datanode-0/data/ratis/c9706caa-34c2-45ec-8f67-a2878beaccc6: flushIndex: setUnconditionally 0 -> -1
2019-08-28 18:52:42,173 [pool-93-thread-1] INFO  server.RaftServerConfigKeys (ConfUtils.java:logGet(43)) - raft.server.log.statemachine.data.caching.enabled = true (custom)
2019-08-28 18:52:42,173 [pool-71-thread-1] INFO  server.RaftServerConfigKeys (ConfUtils.java:logGet(43)) - raft.server.log.statemachine.data.caching.enabled = true (custom)
2019-08-28 18:52:42,174 [pool-27-thread-1] INFO  server.RaftServerConfigKeys (ConfUtils.java:logGet(43)) - raft.server.snapshot.auto.trigger.enabled = true (custom)
2019-08-28 18:52:42,174 [pool-93-thread-1] INFO  segmented.SegmentedRaftLogWorker (SegmentedRaftLogWorker.java:lambda$new$0(132)) - 0ec50947-c54d-40fe-a729-b0855dad3f0a-SegmentedRaftLogWorker:Storage Directory /workdir/hadoop-ozone/integration-test/target/test-dir/MiniOzoneClusterImpl-c80cd34b-7aaf-457d-8c82-c76acd6115b4/datanode-6/data/ratis/c9706caa-34c2-45ec-8f67-a2878beaccc6: flushIndex: setUnconditionally 0 -> -1
2019-08-28 18:52:42,174 [pool-71-thread-1] INFO  segmented.SegmentedRaftLogWorker (SegmentedRaftLogWorker.java:lambda$new$0(132)) - 3fdab9ea-6680-47f1-aded-4d496f7ecd01-SegmentedRaftLogWorker:Storage Directory /workdir/hadoop-ozone/integration-test/target/test-dir/MiniOzoneClusterImpl-c80cd34b-7aaf-457d-8c82-c76acd6115b4/datanode-4/data/ratis/c9706caa-34c2-45ec-8f67-a2878beaccc6: flushIndex: setUnconditionally 0 -> -1
2019-08-28 18:52:42,174 [pool-27-thread-1] INFO  server.RaftServerConfigKeys (ConfUtils.java:logGet(43)) - raft.server.snapshot.auto.trigger.threshold = 10000 (custom)
2019-08-28 18:52:42,175 [pool-93-thread-1] INFO  server.RaftServerConfigKeys (ConfUtils.java:logGet(43)) - raft.server.snapshot.auto.trigger.enabled = true (custom)
2019-08-28 18:52:42,175 [pool-27-thread-1] INFO  server.RaftServerConfigKeys (ConfUtils.java:logGet(43)) - raft.server.retrycache.expirytime = 600000ms (custom)
2019-08-28 18:52:42,175 [pool-71-thread-1] INFO  server.RaftServerConfigKeys (ConfUtils.java:logGet(43)) - raft.server.snapshot.auto.trigger.enabled = true (custom)
2019-08-28 18:52:42,175 [pool-93-thread-1] INFO  server.RaftServerConfigKeys (ConfUtils.java:logGet(43)) - raft.server.snapshot.auto.trigger.threshold = 10000 (custom)
2019-08-28 18:52:42,175 [pool-71-thread-1] INFO  server.RaftServerConfigKeys (ConfUtils.java:logGet(43)) - raft.server.snapshot.auto.trigger.threshold = 10000 (custom)
2019-08-28 18:52:42,175 [pool-27-thread-1] INFO  impl.RaftServerImpl (RaftServerImpl.java:start(180)) - f785551e-a0af-487c-a25a-ff90660b7a23: start group-A2878BEACCC6
2019-08-28 18:52:42,175 [pool-71-thread-1] INFO  server.RaftServerConfigKeys (ConfUtils.java:logGet(43)) - raft.server.retrycache.expirytime = 600000ms (custom)
2019-08-28 18:52:42,175 [pool-93-thread-1] INFO  server.RaftServerConfigKeys (ConfUtils.java:logGet(43)) - raft.server.retrycache.expirytime = 600000ms (custom)
2019-08-28 18:52:42,176 [pool-27-thread-1] INFO  impl.RaftServerImpl (RaftServerImpl.java:setRole(171)) - f785551e-a0af-487c-a25a-ff90660b7a23:group-A2878BEACCC6 changes role from null to FOLLOWER at term 0 for startAsFollower
2019-08-28 18:52:42,176 [pool-93-thread-1] INFO  impl.RaftServerImpl (RaftServerImpl.java:start(180)) - 0ec50947-c54d-40fe-a729-b0855dad3f0a: start group-A2878BEACCC6
2019-08-28 18:52:42,176 [pool-71-thread-1] INFO  impl.RaftServerImpl (RaftServerImpl.java:start(180)) - 3fdab9ea-6680-47f1-aded-4d496f7ecd01: start group-A2878BEACCC6
2019-08-28 18:52:42,176 [pool-93-thread-1] INFO  impl.RaftServerImpl (RaftServerImpl.java:setRole(171)) - 0ec50947-c54d-40fe-a729-b0855dad3f0a:group-A2878BEACCC6 changes role from null to FOLLOWER at term 0 for startAsFollower
2019-08-28 18:52:42,176 [pool-27-thread-1] INFO  impl.RoleInfo (RoleInfo.java:updateAndGet(143)) - f785551e-a0af-487c-a25a-ff90660b7a23: start FollowerState
2019-08-28 18:52:42,177 [pool-93-thread-1] INFO  impl.RoleInfo (RoleInfo.java:updateAndGet(143)) - 0ec50947-c54d-40fe-a729-b0855dad3f0a: start FollowerState
2019-08-28 18:52:42,176 [pool-71-thread-1] INFO  impl.RaftServerImpl (RaftServerImpl.java:setRole(171)) - 3fdab9ea-6680-47f1-aded-4d496f7ecd01:group-A2878BEACCC6 changes role from null to FOLLOWER at term 0 for startAsFollower
2019-08-28 18:52:42,177 [pool-71-thread-1] INFO  impl.RoleInfo (RoleInfo.java:updateAndGet(143)) - 3fdab9ea-6680-47f1-aded-4d496f7ecd01: start FollowerState
2019-08-28 18:52:42,177 [pool-27-thread-1] INFO  util.JmxRegister (JmxRegister.java:tryRegister(44)) - Successfully registered JMX Bean with object name Ratis:service=RaftServer,group=group-A2878BEACCC6,id=f785551e-a0af-487c-a25a-ff90660b7a23
2019-08-28 18:52:42,177 [pool-93-thread-1] INFO  util.JmxRegister (JmxRegister.java:tryRegister(44)) - Successfully registered JMX Bean with object name Ratis:service=RaftServer,group=group-A2878BEACCC6,id=0ec50947-c54d-40fe-a729-b0855dad3f0a
2019-08-28 18:52:42,177 [pool-71-thread-1] INFO  util.JmxRegister (JmxRegister.java:tryRegister(44)) - Successfully registered JMX Bean with object name Ratis:service=RaftServer,group=group-A2878BEACCC6,id=3fdab9ea-6680-47f1-aded-4d496f7ecd01
2019-08-28 18:52:42,191 [RatisPipelineUtilsThread] INFO  pipeline.PipelineStateManager (PipelineStateManager.java:addPipeline(56)) - Created pipeline Pipeline[ Id: c9706caa-34c2-45ec-8f67-a2878beaccc6, Nodes: f785551e-a0af-487c-a25a-ff90660b7a23{ip: 192.168.69.102, host: pr-hdds-1783-trunk-gtrxg-786569963, networkLocation: /default-rack, certSerialId: null}3fdab9ea-6680-47f1-aded-4d496f7ecd01{ip: 192.168.69.102, host: pr-hdds-1783-trunk-gtrxg-786569963, networkLocation: /default-rack, certSerialId: null}0ec50947-c54d-40fe-a729-b0855dad3f0a{ip: 192.168.69.102, host: pr-hdds-1783-trunk-gtrxg-786569963, networkLocation: /default-rack, certSerialId: null}, Type:RATIS, Factor:THREE, State:OPEN]
2019-08-28 18:52:42,272 | INFO  | SCMAudit | user=jenkins1000 | ip=192.168.69.102 | op=ALLOCATE_BLOCK {owner=e411ebcc-5819-41a8-9bd3-3c8d6d10c353, size=800, type=RATIS, factor=THREE} | ret=SUCCESS |  
2019-08-28 18:52:42,303 | INFO  | OMAudit | user=jenkins1000 | ip=127.0.0.1 | op=ALLOCATE_KEY {volume=testblockoutputstream, bucket=testblockoutputstream, key=fa3bfb99-e739-4050-ba21-e03ec761b281, dataSize=0, replicationType=RATIS, replicationFactor=THREE, keyLocationInfo=null} | ret=SUCCESS |  
2019-08-28 18:52:42,314 | INFO  | SCMAudit | user=jenkins1000 | ip=192.168.69.102 | op=SEND_HEARTBEAT {datanodeUUID=8e467a3f-4a15-4133-b9dc-29f72d763c9b, command=[]} | ret=SUCCESS |  
2019-08-28 18:52:42,452 [grpc-default-executor-1] INFO  client.GrpcClientProtocolClient (GrpcClientProtocolClient.java:onNext(255)) - client-6EA2DE053EDA->79e7307e-2f03-4236-add7-13e1eabe57b5: receive RaftClientReply:client-6EA2DE053EDA->79e7307e-2f03-4236-add7-13e1eabe57b5@group-E16EF6B83B8D, cid=13, FAILED org.apache.ratis.protocol.NotLeaderException: Server 79e7307e-2f03-4236-add7-13e1eabe57b5 is not the leader (null). Request must be sent to leader., logIndex=0, commits[79e7307e-2f03-4236-add7-13e1eabe57b5:c-1]
2019-08-28 18:52:42,594 | INFO  | SCMAudit | user=jenkins1000 | ip=192.168.69.102 | op=SEND_HEARTBEAT {datanodeUUID=0ec50947-c54d-40fe-a729-b0855dad3f0a, command=[]} | ret=SUCCESS |  
2019-08-28 18:52:42,734 | INFO  | SCMAudit | user=jenkins1000 | ip=192.168.69.102 | op=SEND_HEARTBEAT {datanodeUUID=2c9db6f5-ae6c-456e-aac1-300011bebd0b, command=[]} | ret=SUCCESS |  
2019-08-28 18:52:42,734 | INFO  | SCMAudit | user=jenkins1000 | ip=192.168.69.102 | op=SEND_HEARTBEAT {datanodeUUID=ee626ce8-1972-4fe0-bbbc-07baa9e228a9, command=[]} | ret=SUCCESS |  
2019-08-28 18:52:42,860 | INFO  | SCMAudit | user=jenkins1000 | ip=192.168.69.102 | op=SEND_HEARTBEAT {datanodeUUID=f785551e-a0af-487c-a25a-ff90660b7a23, command=[]} | ret=SUCCESS |  
2019-08-28 18:52:43,046 | INFO  | SCMAudit | user=jenkins1000 | ip=192.168.69.102 | op=SEND_HEARTBEAT {datanodeUUID=3fdab9ea-6680-47f1-aded-4d496f7ecd01, command=[]} | ret=SUCCESS |  
2019-08-28 18:52:43,136 | INFO  | SCMAudit | user=jenkins1000 | ip=192.168.69.102 | op=SEND_HEARTBEAT {datanodeUUID=79e7307e-2f03-4236-add7-13e1eabe57b5, command=[]} | ret=SUCCESS |  
2019-08-28 18:52:43,311 | INFO  | SCMAudit | user=jenkins1000 | ip=192.168.69.102 | op=SEND_HEARTBEAT {datanodeUUID=8e467a3f-4a15-4133-b9dc-29f72d763c9b, command=[]} | ret=SUCCESS |  
2019-08-28 18:52:43,501 [grpc-default-executor-0] INFO  client.GrpcClientProtocolClient (GrpcClientProtocolClient.java:onNext(255)) - client-6EA2DE053EDA->ee626ce8-1972-4fe0-bbbc-07baa9e228a9: receive RaftClientReply:client-6EA2DE053EDA->ee626ce8-1972-4fe0-bbbc-07baa9e228a9@group-E16EF6B83B8D, cid=13, FAILED org.apache.ratis.protocol.NotLeaderException: Server ee626ce8-1972-4fe0-bbbc-07baa9e228a9 is not the leader (null). Request must be sent to leader., logIndex=0, commits[ee626ce8-1972-4fe0-bbbc-07baa9e228a9:c-1]
2019-08-28 18:52:43,591 | INFO  | SCMAudit | user=jenkins1000 | ip=192.168.69.102 | op=SEND_HEARTBEAT {datanodeUUID=0ec50947-c54d-40fe-a729-b0855dad3f0a, command=[]} | ret=SUCCESS |  
2019-08-28 18:52:43,715 | INFO  | SCMAudit | user=jenkins1000 | ip=192.168.69.102 | op=SEND_HEARTBEAT {datanodeUUID=2c9db6f5-ae6c-456e-aac1-300011bebd0b, command=[]} | ret=SUCCESS |  
2019-08-28 18:52:43,732 | INFO  | SCMAudit | user=jenkins1000 | ip=192.168.69.102 | op=SEND_HEARTBEAT {datanodeUUID=ee626ce8-1972-4fe0-bbbc-07baa9e228a9, command=[]} | ret=SUCCESS |  
2019-08-28 18:52:43,860 | INFO  | SCMAudit | user=jenkins1000 | ip=192.168.69.102 | op=SEND_HEARTBEAT {datanodeUUID=f785551e-a0af-487c-a25a-ff90660b7a23, command=[]} | ret=SUCCESS |  
2019-08-28 18:52:44,047 | INFO  | SCMAudit | user=jenkins1000 | ip=192.168.69.102 | op=SEND_HEARTBEAT {datanodeUUID=3fdab9ea-6680-47f1-aded-4d496f7ecd01, command=[]} | ret=SUCCESS |  
2019-08-28 18:52:44,136 | INFO  | SCMAudit | user=jenkins1000 | ip=192.168.69.102 | op=SEND_HEARTBEAT {datanodeUUID=79e7307e-2f03-4236-add7-13e1eabe57b5, command=[]} | ret=SUCCESS |  
2019-08-28 18:52:44,219 [Thread-239] INFO  impl.FollowerState (FollowerState.java:run(106)) - f785551e-a0af-487c-a25a-ff90660b7a23:group-DE1F26A42485 changes to CANDIDATE, lastRpcTime:5053, electionTimeout:5052ms
2019-08-28 18:52:44,222 [Thread-239] INFO  impl.RoleInfo (RoleInfo.java:shutdownFollowerState(121)) - f785551e-a0af-487c-a25a-ff90660b7a23: shutdown FollowerState
2019-08-28 18:52:44,222 [Thread-239] INFO  impl.RaftServerImpl (RaftServerImpl.java:setRole(171)) - f785551e-a0af-487c-a25a-ff90660b7a23:group-DE1F26A42485 changes role from FOLLOWER to CANDIDATE at term 0 for changeToCandidate
2019-08-28 18:52:44,228 [Thread-239] INFO  impl.RoleInfo (RoleInfo.java:updateAndGet(143)) - f785551e-a0af-487c-a25a-ff90660b7a23: start LeaderElection
2019-08-28 18:52:44,270 [f785551e-a0af-487c-a25a-ff90660b7a23:group-DE1F26A42485:LeaderElection1] INFO  impl.LeaderElection (LeaderElection.java:askForVotes(181)) - f785551e-a0af-487c-a25a-ff90660b7a23:group-DE1F26A42485:LeaderElection1: begin an election at term 1 for -1: [f785551e-a0af-487c-a25a-ff90660b7a23:192.168.69.102:44888], old=null
2019-08-28 18:52:44,273 [f785551e-a0af-487c-a25a-ff90660b7a23:group-DE1F26A42485:LeaderElection1] INFO  impl.RoleInfo (RoleInfo.java:shutdownLeaderElection(134)) - f785551e-a0af-487c-a25a-ff90660b7a23: shutdown LeaderElection
2019-08-28 18:52:44,274 [f785551e-a0af-487c-a25a-ff90660b7a23:group-DE1F26A42485:LeaderElection1] INFO  impl.RaftServerImpl (RaftServerImpl.java:setRole(171)) - f785551e-a0af-487c-a25a-ff90660b7a23:group-DE1F26A42485 changes role from CANDIDATE to LEADER at term 1 for changeToLeader
2019-08-28 18:52:44,274 [f785551e-a0af-487c-a25a-ff90660b7a23:group-DE1F26A42485:LeaderElection1] INFO  impl.RaftServerImpl (ServerState.java:setLeader(263)) - f785551e-a0af-487c-a25a-ff90660b7a23:group-DE1F26A42485 change Leader from null to f785551e-a0af-487c-a25a-ff90660b7a23 at term 1 for becomeLeader, leader elected after 5215ms
2019-08-28 18:52:44,281 [f785551e-a0af-487c-a25a-ff90660b7a23:group-DE1F26A42485:LeaderElection1] INFO  server.RaftServerConfigKeys (ConfUtils.java:logGet(43)) - raft.server.staging.catchup.gap = 1000 (default)
2019-08-28 18:52:44,281 [f785551e-a0af-487c-a25a-ff90660b7a23:group-DE1F26A42485:LeaderElection1] INFO  server.RaftServerConfigKeys (ConfUtils.java:logGet(43)) - raft.server.rpc.sleep.time = 25ms (default)
2019-08-28 18:52:44,283 [f785551e-a0af-487c-a25a-ff90660b7a23:group-DE1F26A42485:LeaderElection1] INFO  server.RaftServerConfigKeys (ConfUtils.java:logGet(43)) - raft.server.write.element-limit = 4096 (default)
2019-08-28 18:52:44,285 [f785551e-a0af-487c-a25a-ff90660b7a23:group-DE1F26A42485:LeaderElection1] INFO  server.RaftServerConfigKeys (ConfUtils.java:logGet(43)) - raft.server.watch.timeout = 10s (default)
2019-08-28 18:52:44,286 [f785551e-a0af-487c-a25a-ff90660b7a23:group-DE1F26A42485:LeaderElection1] INFO  server.RaftServerConfigKeys (ConfUtils.java:logGet(43)) - raft.server.watch.timeout.denomination = 1s (default)
2019-08-28 18:52:44,286 [f785551e-a0af-487c-a25a-ff90660b7a23:group-DE1F26A42485:LeaderElection1] INFO  server.RaftServerConfigKeys (ConfUtils.java:logGet(43)) - raft.server.watch.element-limit = 65536 (default)
2019-08-28 18:52:44,294 [f785551e-a0af-487c-a25a-ff90660b7a23:group-DE1F26A42485:LeaderElection1] INFO  impl.RoleInfo (RoleInfo.java:updateAndGet(143)) - f785551e-a0af-487c-a25a-ff90660b7a23: start LeaderState
2019-08-28 18:52:44,313 [f785551e-a0af-487c-a25a-ff90660b7a23:group-DE1F26A42485:LeaderElection1] INFO  segmented.SegmentedRaftLogWorker (SegmentedRaftLogWorker.java:startLogSegment(380)) - f785551e-a0af-487c-a25a-ff90660b7a23-SegmentedRaftLogWorker:Storage Directory /workdir/hadoop-ozone/integration-test/target/test-dir/MiniOzoneClusterImpl-c80cd34b-7aaf-457d-8c82-c76acd6115b4/datanode-0/data/ratis/423b8083-c9e7-4d87-a01d-de1f26a42485: Starting segment from index:0
2019-08-28 18:52:44,313 | INFO  | SCMAudit | user=jenkins1000 | ip=192.168.69.102 | op=SEND_HEARTBEAT {datanodeUUID=8e467a3f-4a15-4133-b9dc-29f72d763c9b, command=[]} | ret=SUCCESS |  
2019-08-28 18:52:44,320 [f785551e-a0af-487c-a25a-ff90660b7a23:group-DE1F26A42485:LeaderElection1] INFO  impl.RaftServerImpl (ServerState.java:setRaftConf(361)) - f785551e-a0af-487c-a25a-ff90660b7a23:group-DE1F26A42485 set configuration 0: [f785551e-a0af-487c-a25a-ff90660b7a23:192.168.69.102:44888], old=null at 0
2019-08-28 18:52:44,504 [Thread-242] INFO  impl.FollowerState (FollowerState.java:run(106)) - 79e7307e-2f03-4236-add7-13e1eabe57b5:group-7A6DF1D60B2D changes to CANDIDATE, lastRpcTime:5063, electionTimeout:5062ms
2019-08-28 18:52:44,507 [Thread-242] INFO  impl.RoleInfo (RoleInfo.java:shutdownFollowerState(121)) - 79e7307e-2f03-4236-add7-13e1eabe57b5: shutdown FollowerState
2019-08-28 18:52:44,507 [Thread-242] INFO  impl.RaftServerImpl (RaftServerImpl.java:setRole(171)) - 79e7307e-2f03-4236-add7-13e1eabe57b5:group-7A6DF1D60B2D changes role from FOLLOWER to CANDIDATE at term 0 for changeToCandidate
2019-08-28 18:52:44,508 [Thread-242] INFO  impl.RoleInfo (RoleInfo.java:updateAndGet(143)) - 79e7307e-2f03-4236-add7-13e1eabe57b5: start LeaderElection
2019-08-28 18:52:44,525 [f785551e-a0af-487c-a25a-ff90660b7a23-SegmentedRaftLogWorker:Storage Directory /workdir/hadoop-ozone/integration-test/target/test-dir/MiniOzoneClusterImpl-c80cd34b-7aaf-457d-8c82-c76acd6115b4/datanode-0/data/ratis/423b8083-c9e7-4d87-a01d-de1f26a42485] INFO  segmented.SegmentedRaftLogWorker (SegmentedRaftLogWorker.java:execute(569)) - f785551e-a0af-487c-a25a-ff90660b7a23-SegmentedRaftLogWorker:Storage Directory /workdir/hadoop-ozone/integration-test/target/test-dir/MiniOzoneClusterImpl-c80cd34b-7aaf-457d-8c82-c76acd6115b4/datanode-0/data/ratis/423b8083-c9e7-4d87-a01d-de1f26a42485: created new log segment /workdir/hadoop-ozone/integration-test/target/test-dir/MiniOzoneClusterImpl-c80cd34b-7aaf-457d-8c82-c76acd6115b4/datanode-0/data/ratis/423b8083-c9e7-4d87-a01d-de1f26a42485/current/log_inprogress_0
2019-08-28 18:52:44,533 [grpc-default-executor-1] INFO  client.GrpcClientProtocolClient (GrpcClientProtocolClient.java:onNext(255)) - client-6EA2DE053EDA->79e7307e-2f03-4236-add7-13e1eabe57b5: receive RaftClientReply:client-6EA2DE053EDA->79e7307e-2f03-4236-add7-13e1eabe57b5@group-E16EF6B83B8D, cid=13, FAILED org.apache.ratis.protocol.NotLeaderException: Server 79e7307e-2f03-4236-add7-13e1eabe57b5 is not the leader (null). Request must be sent to leader., logIndex=0, commits[79e7307e-2f03-4236-add7-13e1eabe57b5:c-1]
2019-08-28 18:52:44,547 [79e7307e-2f03-4236-add7-13e1eabe57b5:group-7A6DF1D60B2D:LeaderElection2] INFO  impl.LeaderElection (LeaderElection.java:askForVotes(181)) - 79e7307e-2f03-4236-add7-13e1eabe57b5:group-7A6DF1D60B2D:LeaderElection2: begin an election at term 1 for -1: [79e7307e-2f03-4236-add7-13e1eabe57b5:192.168.69.102:45684], old=null
2019-08-28 18:52:44,551 [79e7307e-2f03-4236-add7-13e1eabe57b5:group-7A6DF1D60B2D:LeaderElection2] INFO  impl.RoleInfo (RoleInfo.java:shutdownLeaderElection(134)) - 79e7307e-2f03-4236-add7-13e1eabe57b5: shutdown LeaderElection
2019-08-28 18:52:44,551 [79e7307e-2f03-4236-add7-13e1eabe57b5:group-7A6DF1D60B2D:LeaderElection2] INFO  impl.RaftServerImpl (RaftServerImpl.java:setRole(171)) - 79e7307e-2f03-4236-add7-13e1eabe57b5:group-7A6DF1D60B2D changes role from CANDIDATE to LEADER at term 1 for changeToLeader
2019-08-28 18:52:44,552 [79e7307e-2f03-4236-add7-13e1eabe57b5:group-7A6DF1D60B2D:LeaderElection2] INFO  impl.RaftServerImpl (ServerState.java:setLeader(263)) - 79e7307e-2f03-4236-add7-13e1eabe57b5:group-7A6DF1D60B2D change Leader from null to 79e7307e-2f03-4236-add7-13e1eabe57b5 at term 1 for becomeLeader, leader elected after 5117ms
2019-08-28 18:52:44,554 [79e7307e-2f03-4236-add7-13e1eabe57b5:group-7A6DF1D60B2D:LeaderElection2] INFO  server.RaftServerConfigKeys (ConfUtils.java:logGet(43)) - raft.server.staging.catchup.gap = 1000 (default)
2019-08-28 18:52:44,554 [79e7307e-2f03-4236-add7-13e1eabe57b5:group-7A6DF1D60B2D:LeaderElection2] INFO  server.RaftServerConfigKeys (ConfUtils.java:logGet(43)) - raft.server.rpc.sleep.time = 25ms (default)
2019-08-28 18:52:44,554 [79e7307e-2f03-4236-add7-13e1eabe57b5:group-7A6DF1D60B2D:LeaderElection2] INFO  server.RaftServerConfigKeys (ConfUtils.java:logGet(43)) - raft.server.write.element-limit = 4096 (default)
2019-08-28 18:52:44,555 [79e7307e-2f03-4236-add7-13e1eabe57b5:group-7A6DF1D60B2D:LeaderElection2] INFO  server.RaftServerConfigKeys (ConfUtils.java:logGet(43)) - raft.server.watch.timeout = 10s (default)
2019-08-28 18:52:44,555 [79e7307e-2f03-4236-add7-13e1eabe57b5:group-7A6DF1D60B2D:LeaderElection2] INFO  server.RaftServerConfigKeys (ConfUtils.java:logGet(43)) - raft.server.watch.timeout.denomination = 1s (default)
2019-08-28 18:52:44,555 [79e7307e-2f03-4236-add7-13e1eabe57b5:group-7A6DF1D60B2D:LeaderElection2] INFO  server.RaftServerConfigKeys (ConfUtils.java:logGet(43)) - raft.server.watch.element-limit = 65536 (default)
2019-08-28 18:52:44,555 [79e7307e-2f03-4236-add7-13e1eabe57b5:group-7A6DF1D60B2D:LeaderElection2] INFO  impl.RoleInfo (RoleInfo.java:updateAndGet(143)) - 79e7307e-2f03-4236-add7-13e1eabe57b5: start LeaderState
2019-08-28 18:52:44,556 [79e7307e-2f03-4236-add7-13e1eabe57b5:group-7A6DF1D60B2D:LeaderElection2] INFO  segmented.SegmentedRaftLogWorker (SegmentedRaftLogWorker.java:startLogSegment(380)) - 79e7307e-2f03-4236-add7-13e1eabe57b5-SegmentedRaftLogWorker:Storage Directory /workdir/hadoop-ozone/integration-test/target/test-dir/MiniOzoneClusterImpl-c80cd34b-7aaf-457d-8c82-c76acd6115b4/datanode-1/data/ratis/5e7fb1c4-75d0-470f-ba55-7a6df1d60b2d: Starting segment from index:0
2019-08-28 18:52:44,557 [79e7307e-2f03-4236-add7-13e1eabe57b5:group-7A6DF1D60B2D:LeaderElection2] INFO  impl.RaftServerImpl (ServerState.java:setRaftConf(361)) - 79e7307e-2f03-4236-add7-13e1eabe57b5:group-7A6DF1D60B2D set configuration 0: [79e7307e-2f03-4236-add7-13e1eabe57b5:192.168.69.102:45684], old=null at 0
2019-08-28 18:52:44,596 | INFO  | SCMAudit | user=jenkins1000 | ip=192.168.69.102 | op=SEND_HEARTBEAT {datanodeUUID=0ec50947-c54d-40fe-a729-b0855dad3f0a, command=[]} | ret=SUCCESS |  
2019-08-28 18:52:44,608 [79e7307e-2f03-4236-add7-13e1eabe57b5-SegmentedRaftLogWorker:Storage Directory /workdir/hadoop-ozone/integration-test/target/test-dir/MiniOzoneClusterImpl-c80cd34b-7aaf-457d-8c82-c76acd6115b4/datanode-1/data/ratis/5e7fb1c4-75d0-470f-ba55-7a6df1d60b2d] INFO  segmented.SegmentedRaftLogWorker (SegmentedRaftLogWorker.java:execute(569)) - 79e7307e-2f03-4236-add7-13e1eabe57b5-SegmentedRaftLogWorker:Storage Directory /workdir/hadoop-ozone/integration-test/target/test-dir/MiniOzoneClusterImpl-c80cd34b-7aaf-457d-8c82-c76acd6115b4/datanode-1/data/ratis/5e7fb1c4-75d0-470f-ba55-7a6df1d60b2d: created new log segment /workdir/hadoop-ozone/integration-test/target/test-dir/MiniOzoneClusterImpl-c80cd34b-7aaf-457d-8c82-c76acd6115b4/datanode-1/data/ratis/5e7fb1c4-75d0-470f-ba55-7a6df1d60b2d/current/log_inprogress_0
2019-08-28 18:52:44,715 | INFO  | SCMAudit | user=jenkins1000 | ip=192.168.69.102 | op=SEND_HEARTBEAT {datanodeUUID=2c9db6f5-ae6c-456e-aac1-300011bebd0b, command=[]} | ret=SUCCESS |  
2019-08-28 18:52:44,732 | INFO  | SCMAudit | user=jenkins1000 | ip=192.168.69.102 | op=SEND_HEARTBEAT {datanodeUUID=ee626ce8-1972-4fe0-bbbc-07baa9e228a9, command=[]} | ret=SUCCESS |  
2019-08-28 18:52:44,860 | INFO  | SCMAudit | user=jenkins1000 | ip=192.168.69.102 | op=SEND_HEARTBEAT {datanodeUUID=f785551e-a0af-487c-a25a-ff90660b7a23, command=[]} | ret=SUCCESS |  
2019-08-28 18:52:45,047 | INFO  | SCMAudit | user=jenkins1000 | ip=192.168.69.102 | op=SEND_HEARTBEAT {datanodeUUID=3fdab9ea-6680-47f1-aded-4d496f7ecd01, command=[]} | ret=SUCCESS |  
2019-08-28 18:52:45,136 | INFO  | SCMAudit | user=jenkins1000 | ip=192.168.69.102 | op=SEND_HEARTBEAT {datanodeUUID=79e7307e-2f03-4236-add7-13e1eabe57b5, command=[]} | ret=SUCCESS |  
2019-08-28 18:52:45,313 | INFO  | SCMAudit | user=jenkins1000 | ip=192.168.69.102 | op=SEND_HEARTBEAT {datanodeUUID=8e467a3f-4a15-4133-b9dc-29f72d763c9b, command=[]} | ret=SUCCESS |  
2019-08-28 18:52:45,338 [Thread-249] INFO  impl.FollowerState (FollowerState.java:run(106)) - ee626ce8-1972-4fe0-bbbc-07baa9e228a9:group-5E0482E4FA76 changes to CANDIDATE, lastRpcTime:5002, electionTimeout:5002ms
2019-08-28 18:52:45,338 [Thread-249] INFO  impl.RoleInfo (RoleInfo.java:shutdownFollowerState(121)) - ee626ce8-1972-4fe0-bbbc-07baa9e228a9: shutdown FollowerState
2019-08-28 18:52:45,339 [Thread-249] INFO  impl.RaftServerImpl (RaftServerImpl.java:setRole(171)) - ee626ce8-1972-4fe0-bbbc-07baa9e228a9:group-5E0482E4FA76 changes role from FOLLOWER to CANDIDATE at term 0 for changeToCandidate
2019-08-28 18:52:45,339 [Thread-249] INFO  impl.RoleInfo (RoleInfo.java:updateAndGet(143)) - ee626ce8-1972-4fe0-bbbc-07baa9e228a9: start LeaderElection
2019-08-28 18:52:45,384 [ee626ce8-1972-4fe0-bbbc-07baa9e228a9:group-5E0482E4FA76:LeaderElection3] INFO  impl.LeaderElection (LeaderElection.java:askForVotes(181)) - ee626ce8-1972-4fe0-bbbc-07baa9e228a9:group-5E0482E4FA76:LeaderElection3: begin an election at term 1 for -1: [ee626ce8-1972-4fe0-bbbc-07baa9e228a9:192.168.69.102:33628], old=null
2019-08-28 18:52:45,393 [ee626ce8-1972-4fe0-bbbc-07baa9e228a9:group-5E0482E4FA76:LeaderElection3] INFO  impl.RoleInfo (RoleInfo.java:shutdownLeaderElection(134)) - ee626ce8-1972-4fe0-bbbc-07baa9e228a9: shutdown LeaderElection
2019-08-28 18:52:45,393 [ee626ce8-1972-4fe0-bbbc-07baa9e228a9:group-5E0482E4FA76:LeaderElection3] INFO  impl.RaftServerImpl (RaftServerImpl.java:setRole(171)) - ee626ce8-1972-4fe0-bbbc-07baa9e228a9:group-5E0482E4FA76 changes role from CANDIDATE to LEADER at term 1 for changeToLeader
2019-08-28 18:52:45,393 [ee626ce8-1972-4fe0-bbbc-07baa9e228a9:group-5E0482E4FA76:LeaderElection3] INFO  impl.RaftServerImpl (ServerState.java:setLeader(263)) - ee626ce8-1972-4fe0-bbbc-07baa9e228a9:group-5E0482E4FA76 change Leader from null to ee626ce8-1972-4fe0-bbbc-07baa9e228a9 at term 1 for becomeLeader, leader elected after 5071ms
2019-08-28 18:52:45,395 [ee626ce8-1972-4fe0-bbbc-07baa9e228a9:group-5E0482E4FA76:LeaderElection3] INFO  server.RaftServerConfigKeys (ConfUtils.java:logGet(43)) - raft.server.staging.catchup.gap = 1000 (default)
2019-08-28 18:52:45,395 [ee626ce8-1972-4fe0-bbbc-07baa9e228a9:group-5E0482E4FA76:LeaderElection3] INFO  server.RaftServerConfigKeys (ConfUtils.java:logGet(43)) - raft.server.rpc.sleep.time = 25ms (default)
2019-08-28 18:52:45,396 [ee626ce8-1972-4fe0-bbbc-07baa9e228a9:group-5E0482E4FA76:LeaderElection3] INFO  server.RaftServerConfigKeys (ConfUtils.java:logGet(43)) - raft.server.write.element-limit = 4096 (default)
2019-08-28 18:52:45,396 [ee626ce8-1972-4fe0-bbbc-07baa9e228a9:group-5E0482E4FA76:LeaderElection3] INFO  server.RaftServerConfigKeys (ConfUtils.java:logGet(43)) - raft.server.watch.timeout = 10s (default)
2019-08-28 18:52:45,396 [ee626ce8-1972-4fe0-bbbc-07baa9e228a9:group-5E0482E4FA76:LeaderElection3] INFO  server.RaftServerConfigKeys (ConfUtils.java:logGet(43)) - raft.server.watch.timeout.denomination = 1s (default)
2019-08-28 18:52:45,396 [ee626ce8-1972-4fe0-bbbc-07baa9e228a9:group-5E0482E4FA76:LeaderElection3] INFO  server.RaftServerConfigKeys (ConfUtils.java:logGet(43)) - raft.server.watch.element-limit = 65536 (default)
2019-08-28 18:52:45,397 [ee626ce8-1972-4fe0-bbbc-07baa9e228a9:group-5E0482E4FA76:LeaderElection3] INFO  impl.RoleInfo (RoleInfo.java:updateAndGet(143)) - ee626ce8-1972-4fe0-bbbc-07baa9e228a9: start LeaderState
2019-08-28 18:52:45,397 [ee626ce8-1972-4fe0-bbbc-07baa9e228a9:group-5E0482E4FA76:LeaderElection3] INFO  segmented.SegmentedRaftLogWorker (SegmentedRaftLogWorker.java:startLogSegment(380)) - ee626ce8-1972-4fe0-bbbc-07baa9e228a9-SegmentedRaftLogWorker:Storage Directory /workdir/hadoop-ozone/integration-test/target/test-dir/MiniOzoneClusterImpl-c80cd34b-7aaf-457d-8c82-c76acd6115b4/datanode-2/data/ratis/ca982efb-163f-4098-8a10-5e0482e4fa76: Starting segment from index:0
2019-08-28 18:52:45,398 [ee626ce8-1972-4fe0-bbbc-07baa9e228a9:group-5E0482E4FA76:LeaderElection3] INFO  impl.RaftServerImpl (ServerState.java:setRaftConf(361)) - ee626ce8-1972-4fe0-bbbc-07baa9e228a9:group-5E0482E4FA76 set configuration 0: [ee626ce8-1972-4fe0-bbbc-07baa9e228a9:192.168.69.102:33628], old=null at 0
2019-08-28 18:52:45,559 [ee626ce8-1972-4fe0-bbbc-07baa9e228a9-SegmentedRaftLogWorker:Storage Directory /workdir/hadoop-ozone/integration-test/target/test-dir/MiniOzoneClusterImpl-c80cd34b-7aaf-457d-8c82-c76acd6115b4/datanode-2/data/ratis/ca982efb-163f-4098-8a10-5e0482e4fa76] INFO  segmented.SegmentedRaftLogWorker (SegmentedRaftLogWorker.java:execute(569)) - ee626ce8-1972-4fe0-bbbc-07baa9e228a9-SegmentedRaftLogWorker:Storage Directory /workdir/hadoop-ozone/integration-test/target/test-dir/MiniOzoneClusterImpl-c80cd34b-7aaf-457d-8c82-c76acd6115b4/datanode-2/data/ratis/ca982efb-163f-4098-8a10-5e0482e4fa76: created new log segment /workdir/hadoop-ozone/integration-test/target/test-dir/MiniOzoneClusterImpl-c80cd34b-7aaf-457d-8c82-c76acd6115b4/datanode-2/data/ratis/ca982efb-163f-4098-8a10-5e0482e4fa76/current/log_inprogress_0
2019-08-28 18:52:45,563 [grpc-default-executor-0] INFO  client.GrpcClientProtocolClient (GrpcClientProtocolClient.java:onNext(255)) - client-6EA2DE053EDA->8e467a3f-4a15-4133-b9dc-29f72d763c9b: receive RaftClientReply:client-6EA2DE053EDA->8e467a3f-4a15-4133-b9dc-29f72d763c9b@group-E16EF6B83B8D, cid=13, FAILED org.apache.ratis.protocol.NotLeaderException: Server 8e467a3f-4a15-4133-b9dc-29f72d763c9b is not the leader (null). Request must be sent to leader., logIndex=0, commits[8e467a3f-4a15-4133-b9dc-29f72d763c9b:c-1]
2019-08-28 18:52:45,596 | INFO  | SCMAudit | user=jenkins1000 | ip=192.168.69.102 | op=SEND_HEARTBEAT {datanodeUUID=0ec50947-c54d-40fe-a729-b0855dad3f0a, command=[]} | ret=SUCCESS |  
2019-08-28 18:52:45,715 | INFO  | SCMAudit | user=jenkins1000 | ip=192.168.69.102 | op=SEND_HEARTBEAT {datanodeUUID=2c9db6f5-ae6c-456e-aac1-300011bebd0b, command=[]} | ret=SUCCESS |  
2019-08-28 18:52:45,732 | INFO  | SCMAudit | user=jenkins1000 | ip=192.168.69.102 | op=SEND_HEARTBEAT {datanodeUUID=ee626ce8-1972-4fe0-bbbc-07baa9e228a9, command=[]} | ret=SUCCESS |  
2019-08-28 18:52:45,761 [Thread-252] INFO  impl.FollowerState (FollowerState.java:run(106)) - 8e467a3f-4a15-4133-b9dc-29f72d763c9b:group-8B9EA2F8AD18 changes to CANDIDATE, lastRpcTime:5034, electionTimeout:5034ms
2019-08-28 18:52:45,765 [Thread-252] INFO  impl.RoleInfo (RoleInfo.java:shutdownFollowerState(121)) - 8e467a3f-4a15-4133-b9dc-29f72d763c9b: shutdown FollowerState
2019-08-28 18:52:45,765 [Thread-252] INFO  impl.RaftServerImpl (RaftServerImpl.java:setRole(171)) - 8e467a3f-4a15-4133-b9dc-29f72d763c9b:group-8B9EA2F8AD18 changes role from FOLLOWER to CANDIDATE at term 0 for changeToCandidate
2019-08-28 18:52:45,765 [Thread-252] INFO  impl.RoleInfo (RoleInfo.java:updateAndGet(143)) - 8e467a3f-4a15-4133-b9dc-29f72d763c9b: start LeaderElection
2019-08-28 18:52:45,807 [8e467a3f-4a15-4133-b9dc-29f72d763c9b:group-8B9EA2F8AD18:LeaderElection4] INFO  impl.LeaderElection (LeaderElection.java:askForVotes(181)) - 8e467a3f-4a15-4133-b9dc-29f72d763c9b:group-8B9EA2F8AD18:LeaderElection4: begin an election at term 1 for -1: [8e467a3f-4a15-4133-b9dc-29f72d763c9b:192.168.69.102:32993], old=null
2019-08-28 18:52:45,809 [8e467a3f-4a15-4133-b9dc-29f72d763c9b:group-8B9EA2F8AD18:LeaderElection4] INFO  impl.RoleInfo (RoleInfo.java:shutdownLeaderElection(134)) - 8e467a3f-4a15-4133-b9dc-29f72d763c9b: shutdown LeaderElection
2019-08-28 18:52:45,809 [8e467a3f-4a15-4133-b9dc-29f72d763c9b:group-8B9EA2F8AD18:LeaderElection4] INFO  impl.RaftServerImpl (RaftServerImpl.java:setRole(171)) - 8e467a3f-4a15-4133-b9dc-29f72d763c9b:group-8B9EA2F8AD18 changes role from CANDIDATE to LEADER at term 1 for changeToLeader
2019-08-28 18:52:45,809 [8e467a3f-4a15-4133-b9dc-29f72d763c9b:group-8B9EA2F8AD18:LeaderElection4] INFO  impl.RaftServerImpl (ServerState.java:setLeader(263)) - 8e467a3f-4a15-4133-b9dc-29f72d763c9b:group-8B9EA2F8AD18 change Leader from null to 8e467a3f-4a15-4133-b9dc-29f72d763c9b at term 1 for becomeLeader, leader elected after 5091ms
2019-08-28 18:52:45,810 [8e467a3f-4a15-4133-b9dc-29f72d763c9b:group-8B9EA2F8AD18:LeaderElection4] INFO  server.RaftServerConfigKeys (ConfUtils.java:logGet(43)) - raft.server.staging.catchup.gap = 1000 (default)
2019-08-28 18:52:45,811 [8e467a3f-4a15-4133-b9dc-29f72d763c9b:group-8B9EA2F8AD18:LeaderElection4] INFO  server.RaftServerConfigKeys (ConfUtils.java:logGet(43)) - raft.server.rpc.sleep.time = 25ms (default)
2019-08-28 18:52:45,811 [8e467a3f-4a15-4133-b9dc-29f72d763c9b:group-8B9EA2F8AD18:LeaderElection4] INFO  server.RaftServerConfigKeys (ConfUtils.java:logGet(43)) - raft.server.write.element-limit = 4096 (default)
2019-08-28 18:52:45,811 [8e467a3f-4a15-4133-b9dc-29f72d763c9b:group-8B9EA2F8AD18:LeaderElection4] INFO  server.RaftServerConfigKeys (ConfUtils.java:logGet(43)) - raft.server.watch.timeout = 10s (default)
2019-08-28 18:52:45,811 [8e467a3f-4a15-4133-b9dc-29f72d763c9b:group-8B9EA2F8AD18:LeaderElection4] INFO  server.RaftServerConfigKeys (ConfUtils.java:logGet(43)) - raft.server.watch.timeout.denomination = 1s (default)
2019-08-28 18:52:45,811 [8e467a3f-4a15-4133-b9dc-29f72d763c9b:group-8B9EA2F8AD18:LeaderElection4] INFO  server.RaftServerConfigKeys (ConfUtils.java:logGet(43)) - raft.server.watch.element-limit = 65536 (default)
2019-08-28 18:52:45,812 [8e467a3f-4a15-4133-b9dc-29f72d763c9b:group-8B9EA2F8AD18:LeaderElection4] INFO  impl.RoleInfo (RoleInfo.java:updateAndGet(143)) - 8e467a3f-4a15-4133-b9dc-29f72d763c9b: start LeaderState
2019-08-28 18:52:45,812 [8e467a3f-4a15-4133-b9dc-29f72d763c9b:group-8B9EA2F8AD18:LeaderElection4] INFO  segmented.SegmentedRaftLogWorker (SegmentedRaftLogWorker.java:startLogSegment(380)) - 8e467a3f-4a15-4133-b9dc-29f72d763c9b-SegmentedRaftLogWorker:Storage Directory /workdir/hadoop-ozone/integration-test/target/test-dir/MiniOzoneClusterImpl-c80cd34b-7aaf-457d-8c82-c76acd6115b4/datanode-5/data/ratis/33cf9a3b-57dd-4e54-9be4-8b9ea2f8ad18: Starting segment from index:0
2019-08-28 18:52:45,813 [8e467a3f-4a15-4133-b9dc-29f72d763c9b:group-8B9EA2F8AD18:LeaderElection4] INFO  impl.RaftServerImpl (ServerState.java:setRaftConf(361)) - 8e467a3f-4a15-4133-b9dc-29f72d763c9b:group-8B9EA2F8AD18 set configuration 0: [8e467a3f-4a15-4133-b9dc-29f72d763c9b:192.168.69.102:32993], old=null at 0
2019-08-28 18:52:45,860 | INFO  | SCMAudit | user=jenkins1000 | ip=192.168.69.102 | op=SEND_HEARTBEAT {datanodeUUID=f785551e-a0af-487c-a25a-ff90660b7a23, command=[]} | ret=SUCCESS |  
2019-08-28 18:52:45,863 [8e467a3f-4a15-4133-b9dc-29f72d763c9b-SegmentedRaftLogWorker:Storage Directory /workdir/hadoop-ozone/integration-test/target/test-dir/MiniOzoneClusterImpl-c80cd34b-7aaf-457d-8c82-c76acd6115b4/datanode-5/data/ratis/33cf9a3b-57dd-4e54-9be4-8b9ea2f8ad18] INFO  segmented.SegmentedRaftLogWorker (SegmentedRaftLogWorker.java:execute(569)) - 8e467a3f-4a15-4133-b9dc-29f72d763c9b-SegmentedRaftLogWorker:Storage Directory /workdir/hadoop-ozone/integration-test/target/test-dir/MiniOzoneClusterImpl-c80cd34b-7aaf-457d-8c82-c76acd6115b4/datanode-5/data/ratis/33cf9a3b-57dd-4e54-9be4-8b9ea2f8ad18: created new log segment /workdir/hadoop-ozone/integration-test/target/test-dir/MiniOzoneClusterImpl-c80cd34b-7aaf-457d-8c82-c76acd6115b4/datanode-5/data/ratis/33cf9a3b-57dd-4e54-9be4-8b9ea2f8ad18/current/log_inprogress_0
2019-08-28 18:52:46,048 | INFO  | SCMAudit | user=jenkins1000 | ip=192.168.69.102 | op=SEND_HEARTBEAT {datanodeUUID=3fdab9ea-6680-47f1-aded-4d496f7ecd01, command=[]} | ret=SUCCESS |  
2019-08-28 18:52:46,136 | INFO  | SCMAudit | user=jenkins1000 | ip=192.168.69.102 | op=SEND_HEARTBEAT {datanodeUUID=79e7307e-2f03-4236-add7-13e1eabe57b5, command=[]} | ret=SUCCESS |  
2019-08-28 18:52:46,313 | INFO  | SCMAudit | user=jenkins1000 | ip=192.168.69.102 | op=SEND_HEARTBEAT {datanodeUUID=8e467a3f-4a15-4133-b9dc-29f72d763c9b, command=[]} | ret=SUCCESS |  
2019-08-28 18:52:46,567 [Thread-259] INFO  impl.FollowerState (FollowerState.java:run(106)) - 0ec50947-c54d-40fe-a729-b0855dad3f0a:group-627C9C4B3BDE changes to CANDIDATE, lastRpcTime:5046, electionTimeout:5046ms
2019-08-28 18:52:46,568 [Thread-259] INFO  impl.RoleInfo (RoleInfo.java:shutdownFollowerState(121)) - 0ec50947-c54d-40fe-a729-b0855dad3f0a: shutdown FollowerState
2019-08-28 18:52:46,568 [Thread-259] INFO  impl.RaftServerImpl (RaftServerImpl.java:setRole(171)) - 0ec50947-c54d-40fe-a729-b0855dad3f0a:group-627C9C4B3BDE changes role from FOLLOWER to CANDIDATE at term 0 for changeToCandidate
2019-08-28 18:52:46,568 [Thread-259] INFO  impl.RoleInfo (RoleInfo.java:updateAndGet(143)) - 0ec50947-c54d-40fe-a729-b0855dad3f0a: start LeaderElection
2019-08-28 18:52:46,590 [0ec50947-c54d-40fe-a729-b0855dad3f0a:group-627C9C4B3BDE:LeaderElection5] INFO  impl.LeaderElection (LeaderElection.java:askForVotes(181)) - 0ec50947-c54d-40fe-a729-b0855dad3f0a:group-627C9C4B3BDE:LeaderElection5: begin an election at term 1 for -1: [0ec50947-c54d-40fe-a729-b0855dad3f0a:192.168.69.102:45761], old=null
2019-08-28 18:52:46,592 [0ec50947-c54d-40fe-a729-b0855dad3f0a:group-627C9C4B3BDE:LeaderElection5] INFO  impl.RoleInfo (RoleInfo.java:shutdownLeaderElection(134)) - 0ec50947-c54d-40fe-a729-b0855dad3f0a: shutdown LeaderElection
2019-08-28 18:52:46,593 [0ec50947-c54d-40fe-a729-b0855dad3f0a:group-627C9C4B3BDE:LeaderElection5] INFO  impl.RaftServerImpl (RaftServerImpl.java:setRole(171)) - 0ec50947-c54d-40fe-a729-b0855dad3f0a:group-627C9C4B3BDE changes role from CANDIDATE to LEADER at term 1 for changeToLeader
2019-08-28 18:52:46,593 [0ec50947-c54d-40fe-a729-b0855dad3f0a:group-627C9C4B3BDE:LeaderElection5] INFO  impl.RaftServerImpl (ServerState.java:setLeader(263)) - 0ec50947-c54d-40fe-a729-b0855dad3f0a:group-627C9C4B3BDE change Leader from null to 0ec50947-c54d-40fe-a729-b0855dad3f0a at term 1 for becomeLeader, leader elected after 5077ms
2019-08-28 18:52:46,593 [grpc-default-executor-1] INFO  client.GrpcClientProtocolClient (GrpcClientProtocolClient.java:onNext(255)) - client-6EA2DE053EDA->ee626ce8-1972-4fe0-bbbc-07baa9e228a9: receive RaftClientReply:client-6EA2DE053EDA->ee626ce8-1972-4fe0-bbbc-07baa9e228a9@group-E16EF6B83B8D, cid=13, FAILED org.apache.ratis.protocol.NotLeaderException: Server ee626ce8-1972-4fe0-bbbc-07baa9e228a9 is not the leader (null). Request must be sent to leader., logIndex=0, commits[ee626ce8-1972-4fe0-bbbc-07baa9e228a9:c-1]
2019-08-28 18:52:46,595 [0ec50947-c54d-40fe-a729-b0855dad3f0a:group-627C9C4B3BDE:LeaderElection5] INFO  server.RaftServerConfigKeys (ConfUtils.java:logGet(43)) - raft.server.staging.catchup.gap = 1000 (default)
2019-08-28 18:52:46,601 [0ec50947-c54d-40fe-a729-b0855dad3f0a:group-627C9C4B3BDE:LeaderElection5] INFO  server.RaftServerConfigKeys (ConfUtils.java:logGet(43)) - raft.server.rpc.sleep.time = 25ms (default)
2019-08-28 18:52:46,601 [0ec50947-c54d-40fe-a729-b0855dad3f0a:group-627C9C4B3BDE:LeaderElection5] INFO  server.RaftServerConfigKeys (ConfUtils.java:logGet(43)) - raft.server.write.element-limit = 4096 (default)
2019-08-28 18:52:46,601 [0ec50947-c54d-40fe-a729-b0855dad3f0a:group-627C9C4B3BDE:LeaderElection5] INFO  server.RaftServerConfigKeys (ConfUtils.java:logGet(43)) - raft.server.watch.timeout = 10s (default)
2019-08-28 18:52:46,601 [0ec50947-c54d-40fe-a729-b0855dad3f0a:group-627C9C4B3BDE:LeaderElection5] INFO  server.RaftServerConfigKeys (ConfUtils.java:logGet(43)) - raft.server.watch.timeout.denomination = 1s (default)
2019-08-28 18:52:46,603 [0ec50947-c54d-40fe-a729-b0855dad3f0a:group-627C9C4B3BDE:LeaderElection5] INFO  server.RaftServerConfigKeys (ConfUtils.java:logGet(43)) - raft.server.watch.element-limit = 65536 (default)
2019-08-28 18:52:46,604 | INFO  | SCMAudit | user=jenkins1000 | ip=192.168.69.102 | op=SEND_HEARTBEAT {datanodeUUID=0ec50947-c54d-40fe-a729-b0855dad3f0a, command=[]} | ret=SUCCESS |  
2019-08-28 18:52:46,604 [0ec50947-c54d-40fe-a729-b0855dad3f0a:group-627C9C4B3BDE:LeaderElection5] INFO  impl.RoleInfo (RoleInfo.java:updateAndGet(143)) - 0ec50947-c54d-40fe-a729-b0855dad3f0a: start LeaderState
2019-08-28 18:52:46,604 [0ec50947-c54d-40fe-a729-b0855dad3f0a:group-627C9C4B3BDE:LeaderElection5] INFO  segmented.SegmentedRaftLogWorker (SegmentedRaftLogWorker.java:startLogSegment(380)) - 0ec50947-c54d-40fe-a729-b0855dad3f0a-SegmentedRaftLogWorker:Storage Directory /workdir/hadoop-ozone/integration-test/target/test-dir/MiniOzoneClusterImpl-c80cd34b-7aaf-457d-8c82-c76acd6115b4/datanode-6/data/ratis/e81da07d-9f38-45b6-98ff-627c9c4b3bde: Starting segment from index:0
2019-08-28 18:52:46,605 [0ec50947-c54d-40fe-a729-b0855dad3f0a:group-627C9C4B3BDE:LeaderElection5] INFO  impl.RaftServerImpl (ServerState.java:setRaftConf(361)) - 0ec50947-c54d-40fe-a729-b0855dad3f0a:group-627C9C4B3BDE set configuration 0: [0ec50947-c54d-40fe-a729-b0855dad3f0a:192.168.69.102:45761], old=null at 0
2019-08-28 18:52:46,641 [Thread-256] INFO  impl.FollowerState (FollowerState.java:run(106)) - 3fdab9ea-6680-47f1-aded-4d496f7ecd01:group-BDAAC49D1D99 changes to CANDIDATE, lastRpcTime:5196, electionTimeout:5191ms
2019-08-28 18:52:46,642 [Thread-256] INFO  impl.RoleInfo (RoleInfo.java:shutdownFollowerState(121)) - 3fdab9ea-6680-47f1-aded-4d496f7ecd01: shutdown FollowerState
2019-08-28 18:52:46,643 [Thread-256] INFO  impl.RaftServerImpl (RaftServerImpl.java:setRole(171)) - 3fdab9ea-6680-47f1-aded-4d496f7ecd01:group-BDAAC49D1D99 changes role from FOLLOWER to CANDIDATE at term 0 for changeToCandidate
2019-08-28 18:52:46,643 [Thread-256] INFO  impl.RoleInfo (RoleInfo.java:updateAndGet(143)) - 3fdab9ea-6680-47f1-aded-4d496f7ecd01: start LeaderElection
2019-08-28 18:52:46,658 [0ec50947-c54d-40fe-a729-b0855dad3f0a-SegmentedRaftLogWorker:Storage Directory /workdir/hadoop-ozone/integration-test/target/test-dir/MiniOzoneClusterImpl-c80cd34b-7aaf-457d-8c82-c76acd6115b4/datanode-6/data/ratis/e81da07d-9f38-45b6-98ff-627c9c4b3bde] INFO  segmented.SegmentedRaftLogWorker (SegmentedRaftLogWorker.java:execute(569)) - 0ec50947-c54d-40fe-a729-b0855dad3f0a-SegmentedRaftLogWorker:Storage Directory /workdir/hadoop-ozone/integration-test/target/test-dir/MiniOzoneClusterImpl-c80cd34b-7aaf-457d-8c82-c76acd6115b4/datanode-6/data/ratis/e81da07d-9f38-45b6-98ff-627c9c4b3bde: created new log segment /workdir/hadoop-ozone/integration-test/target/test-dir/MiniOzoneClusterImpl-c80cd34b-7aaf-457d-8c82-c76acd6115b4/datanode-6/data/ratis/e81da07d-9f38-45b6-98ff-627c9c4b3bde/current/log_inprogress_0
2019-08-28 18:52:46,703 [3fdab9ea-6680-47f1-aded-4d496f7ecd01:group-BDAAC49D1D99:LeaderElection6] INFO  impl.LeaderElection (LeaderElection.java:askForVotes(181)) - 3fdab9ea-6680-47f1-aded-4d496f7ecd01:group-BDAAC49D1D99:LeaderElection6: begin an election at term 1 for -1: [3fdab9ea-6680-47f1-aded-4d496f7ecd01:192.168.69.102:40884], old=null
2019-08-28 18:52:46,703 [3fdab9ea-6680-47f1-aded-4d496f7ecd01:group-BDAAC49D1D99:LeaderElection6] INFO  impl.RoleInfo (RoleInfo.java:shutdownLeaderElection(134)) - 3fdab9ea-6680-47f1-aded-4d496f7ecd01: shutdown LeaderElection
2019-08-28 18:52:46,703 [3fdab9ea-6680-47f1-aded-4d496f7ecd01:group-BDAAC49D1D99:LeaderElection6] INFO  impl.RaftServerImpl (RaftServerImpl.java:setRole(171)) - 3fdab9ea-6680-47f1-aded-4d496f7ecd01:group-BDAAC49D1D99 changes role from CANDIDATE to LEADER at term 1 for changeToLeader
2019-08-28 18:52:46,703 [3fdab9ea-6680-47f1-aded-4d496f7ecd01:group-BDAAC49D1D99:LeaderElection6] INFO  impl.RaftServerImpl (ServerState.java:setLeader(263)) - 3fdab9ea-6680-47f1-aded-4d496f7ecd01:group-BDAAC49D1D99 change Leader from null to 3fdab9ea-6680-47f1-aded-4d496f7ecd01 at term 1 for becomeLeader, leader elected after 5263ms
2019-08-28 18:52:46,705 [3fdab9ea-6680-47f1-aded-4d496f7ecd01:group-BDAAC49D1D99:LeaderElection6] INFO  server.RaftServerConfigKeys (ConfUtils.java:logGet(43)) - raft.server.staging.catchup.gap = 1000 (default)
2019-08-28 18:52:46,705 [3fdab9ea-6680-47f1-aded-4d496f7ecd01:group-BDAAC49D1D99:LeaderElection6] INFO  server.RaftServerConfigKeys (ConfUtils.java:logGet(43)) - raft.server.rpc.sleep.time = 25ms (default)
2019-08-28 18:52:46,706 [3fdab9ea-6680-47f1-aded-4d496f7ecd01:group-BDAAC49D1D99:LeaderElection6] INFO  server.RaftServerConfigKeys (ConfUtils.java:logGet(43)) - raft.server.write.element-limit = 4096 (default)
2019-08-28 18:52:46,706 [3fdab9ea-6680-47f1-aded-4d496f7ecd01:group-BDAAC49D1D99:LeaderElection6] INFO  server.RaftServerConfigKeys (ConfUtils.java:logGet(43)) - raft.server.watch.timeout = 10s (default)
2019-08-28 18:52:46,706 [3fdab9ea-6680-47f1-aded-4d496f7ecd01:group-BDAAC49D1D99:LeaderElection6] INFO  server.RaftServerConfigKeys (ConfUtils.java:logGet(43)) - raft.server.watch.timeout.denomination = 1s (default)
2019-08-28 18:52:46,706 [3fdab9ea-6680-47f1-aded-4d496f7ecd01:group-BDAAC49D1D99:LeaderElection6] INFO  server.RaftServerConfigKeys (ConfUtils.java:logGet(43)) - raft.server.watch.element-limit = 65536 (default)
2019-08-28 18:52:46,707 [3fdab9ea-6680-47f1-aded-4d496f7ecd01:group-BDAAC49D1D99:LeaderElection6] INFO  impl.RoleInfo (RoleInfo.java:updateAndGet(143)) - 3fdab9ea-6680-47f1-aded-4d496f7ecd01: start LeaderState
2019-08-28 18:52:46,707 [3fdab9ea-6680-47f1-aded-4d496f7ecd01:group-BDAAC49D1D99:LeaderElection6] INFO  segmented.SegmentedRaftLogWorker (SegmentedRaftLogWorker.java:startLogSegment(380)) - 3fdab9ea-6680-47f1-aded-4d496f7ecd01-SegmentedRaftLogWorker:Storage Directory /workdir/hadoop-ozone/integration-test/target/test-dir/MiniOzoneClusterImpl-c80cd34b-7aaf-457d-8c82-c76acd6115b4/datanode-4/data/ratis/3634f057-9298-4c0b-8424-bdaac49d1d99: Starting segment from index:0
2019-08-28 18:52:46,708 [3fdab9ea-6680-47f1-aded-4d496f7ecd01:group-BDAAC49D1D99:LeaderElection6] INFO  impl.RaftServerImpl (ServerState.java:setRaftConf(361)) - 3fdab9ea-6680-47f1-aded-4d496f7ecd01:group-BDAAC49D1D99 set configuration 0: [3fdab9ea-6680-47f1-aded-4d496f7ecd01:192.168.69.102:40884], old=null at 0
2019-08-28 18:52:46,749 | INFO  | SCMAudit | user=jenkins1000 | ip=192.168.69.102 | op=SEND_HEARTBEAT {datanodeUUID=ee626ce8-1972-4fe0-bbbc-07baa9e228a9, command=[]} | ret=SUCCESS |  
2019-08-28 18:52:46,749 | INFO  | SCMAudit | user=jenkins1000 | ip=192.168.69.102 | op=SEND_HEARTBEAT {datanodeUUID=2c9db6f5-ae6c-456e-aac1-300011bebd0b, command=[]} | ret=SUCCESS |  
2019-08-28 18:52:46,774 [3fdab9ea-6680-47f1-aded-4d496f7ecd01-SegmentedRaftLogWorker:Storage Directory /workdir/hadoop-ozone/integration-test/target/test-dir/MiniOzoneClusterImpl-c80cd34b-7aaf-457d-8c82-c76acd6115b4/datanode-4/data/ratis/3634f057-9298-4c0b-8424-bdaac49d1d99] INFO  segmented.SegmentedRaftLogWorker (SegmentedRaftLogWorker.java:execute(569)) - 3fdab9ea-6680-47f1-aded-4d496f7ecd01-SegmentedRaftLogWorker:Storage Directory /workdir/hadoop-ozone/integration-test/target/test-dir/MiniOzoneClusterImpl-c80cd34b-7aaf-457d-8c82-c76acd6115b4/datanode-4/data/ratis/3634f057-9298-4c0b-8424-bdaac49d1d99: created new log segment /workdir/hadoop-ozone/integration-test/target/test-dir/MiniOzoneClusterImpl-c80cd34b-7aaf-457d-8c82-c76acd6115b4/datanode-4/data/ratis/3634f057-9298-4c0b-8424-bdaac49d1d99/current/log_inprogress_0
2019-08-28 18:52:46,788 [Thread-262] INFO  impl.FollowerState (FollowerState.java:run(106)) - 2c9db6f5-ae6c-456e-aac1-300011bebd0b:group-C0BF4447ED4E changes to CANDIDATE, lastRpcTime:5037, electionTimeout:5037ms
2019-08-28 18:52:46,788 [Thread-262] INFO  impl.RoleInfo (RoleInfo.java:shutdownFollowerState(121)) - 2c9db6f5-ae6c-456e-aac1-300011bebd0b: shutdown FollowerState
2019-08-28 18:52:46,788 [Thread-262] INFO  impl.RaftServerImpl (RaftServerImpl.java:setRole(171)) - 2c9db6f5-ae6c-456e-aac1-300011bebd0b:group-C0BF4447ED4E changes role from FOLLOWER to CANDIDATE at term 0 for changeToCandidate
2019-08-28 18:52:46,788 [Thread-262] INFO  impl.RoleInfo (RoleInfo.java:updateAndGet(143)) - 2c9db6f5-ae6c-456e-aac1-300011bebd0b: start LeaderElection
2019-08-28 18:52:46,801 [2c9db6f5-ae6c-456e-aac1-300011bebd0b:group-C0BF4447ED4E:LeaderElection7] INFO  impl.LeaderElection (LeaderElection.java:askForVotes(181)) - 2c9db6f5-ae6c-456e-aac1-300011bebd0b:group-C0BF4447ED4E:LeaderElection7: begin an election at term 1 for -1: [2c9db6f5-ae6c-456e-aac1-300011bebd0b:192.168.69.102:42615], old=null
2019-08-28 18:52:46,803 [2c9db6f5-ae6c-456e-aac1-300011bebd0b:group-C0BF4447ED4E:LeaderElection7] INFO  impl.RoleInfo (RoleInfo.java:shutdownLeaderElection(134)) - 2c9db6f5-ae6c-456e-aac1-300011bebd0b: shutdown LeaderElection
2019-08-28 18:52:46,803 [2c9db6f5-ae6c-456e-aac1-300011bebd0b:group-C0BF4447ED4E:LeaderElection7] INFO  impl.RaftServerImpl (RaftServerImpl.java:setRole(171)) - 2c9db6f5-ae6c-456e-aac1-300011bebd0b:group-C0BF4447ED4E changes role from CANDIDATE to LEADER at term 1 for changeToLeader
2019-08-28 18:52:46,803 [2c9db6f5-ae6c-456e-aac1-300011bebd0b:group-C0BF4447ED4E:LeaderElection7] INFO  impl.RaftServerImpl (ServerState.java:setLeader(263)) - 2c9db6f5-ae6c-456e-aac1-300011bebd0b:group-C0BF4447ED4E change Leader from null to 2c9db6f5-ae6c-456e-aac1-300011bebd0b at term 1 for becomeLeader, leader elected after 5056ms
2019-08-28 18:52:46,804 [2c9db6f5-ae6c-456e-aac1-300011bebd0b:group-C0BF4447ED4E:LeaderElection7] INFO  server.RaftServerConfigKeys (ConfUtils.java:logGet(43)) - raft.server.staging.catchup.gap = 1000 (default)
2019-08-28 18:52:46,805 [2c9db6f5-ae6c-456e-aac1-300011bebd0b:group-C0BF4447ED4E:LeaderElection7] INFO  server.RaftServerConfigKeys (ConfUtils.java:logGet(43)) - raft.server.rpc.sleep.time = 25ms (default)
2019-08-28 18:52:46,805 [2c9db6f5-ae6c-456e-aac1-300011bebd0b:group-C0BF4447ED4E:LeaderElection7] INFO  server.RaftServerConfigKeys (ConfUtils.java:logGet(43)) - raft.server.write.element-limit = 4096 (default)
2019-08-28 18:52:46,805 [2c9db6f5-ae6c-456e-aac1-300011bebd0b:group-C0BF4447ED4E:LeaderElection7] INFO  server.RaftServerConfigKeys (ConfUtils.java:logGet(43)) - raft.server.watch.timeout = 10s (default)
2019-08-28 18:52:46,805 [2c9db6f5-ae6c-456e-aac1-300011bebd0b:group-C0BF4447ED4E:LeaderElection7] INFO  server.RaftServerConfigKeys (ConfUtils.java:logGet(43)) - raft.server.watch.timeout.denomination = 1s (default)
2019-08-28 18:52:46,805 [2c9db6f5-ae6c-456e-aac1-300011bebd0b:group-C0BF4447ED4E:LeaderElection7] INFO  server.RaftServerConfigKeys (ConfUtils.java:logGet(43)) - raft.server.watch.element-limit = 65536 (default)
2019-08-28 18:52:46,806 [2c9db6f5-ae6c-456e-aac1-300011bebd0b:group-C0BF4447ED4E:LeaderElection7] INFO  impl.RoleInfo (RoleInfo.java:updateAndGet(143)) - 2c9db6f5-ae6c-456e-aac1-300011bebd0b: start LeaderState
2019-08-28 18:52:46,806 [2c9db6f5-ae6c-456e-aac1-300011bebd0b:group-C0BF4447ED4E:LeaderElection7] INFO  segmented.SegmentedRaftLogWorker (SegmentedRaftLogWorker.java:startLogSegment(380)) - 2c9db6f5-ae6c-456e-aac1-300011bebd0b-SegmentedRaftLogWorker:Storage Directory /workdir/hadoop-ozone/integration-test/target/test-dir/MiniOzoneClusterImpl-c80cd34b-7aaf-457d-8c82-c76acd6115b4/datanode-3/data/ratis/a815145c-6ed6-4cd4-8337-c0bf4447ed4e: Starting segment from index:0
2019-08-28 18:52:46,807 [2c9db6f5-ae6c-456e-aac1-300011bebd0b:group-C0BF4447ED4E:LeaderElection7] INFO  impl.RaftServerImpl (ServerState.java:setRaftConf(361)) - 2c9db6f5-ae6c-456e-aac1-300011bebd0b:group-C0BF4447ED4E set configuration 0: [2c9db6f5-ae6c-456e-aac1-300011bebd0b:192.168.69.102:42615], old=null at 0
2019-08-28 18:52:46,860 | INFO  | SCMAudit | user=jenkins1000 | ip=192.168.69.102 | op=SEND_HEARTBEAT {datanodeUUID=f785551e-a0af-487c-a25a-ff90660b7a23, command=[]} | ret=SUCCESS |  
2019-08-28 18:52:46,862 [2c9db6f5-ae6c-456e-aac1-300011bebd0b-SegmentedRaftLogWorker:Storage Directory /workdir/hadoop-ozone/integration-test/target/test-dir/MiniOzoneClusterImpl-c80cd34b-7aaf-457d-8c82-c76acd6115b4/datanode-3/data/ratis/a815145c-6ed6-4cd4-8337-c0bf4447ed4e] INFO  segmented.SegmentedRaftLogWorker (SegmentedRaftLogWorker.java:execute(569)) - 2c9db6f5-ae6c-456e-aac1-300011bebd0b-SegmentedRaftLogWorker:Storage Directory /workdir/hadoop-ozone/integration-test/target/test-dir/MiniOzoneClusterImpl-c80cd34b-7aaf-457d-8c82-c76acd6115b4/datanode-3/data/ratis/a815145c-6ed6-4cd4-8337-c0bf4447ed4e: created new log segment /workdir/hadoop-ozone/integration-test/target/test-dir/MiniOzoneClusterImpl-c80cd34b-7aaf-457d-8c82-c76acd6115b4/datanode-3/data/ratis/a815145c-6ed6-4cd4-8337-c0bf4447ed4e/current/log_inprogress_0
2019-08-28 18:52:47,041 [Thread-265] INFO  impl.FollowerState (FollowerState.java:run(106)) - ee626ce8-1972-4fe0-bbbc-07baa9e228a9:group-E16EF6B83B8D changes to CANDIDATE, lastRpcTime:5025, electionTimeout:5025ms
2019-08-28 18:52:47,041 [Thread-265] INFO  impl.RoleInfo (RoleInfo.java:shutdownFollowerState(121)) - ee626ce8-1972-4fe0-bbbc-07baa9e228a9: shutdown FollowerState
2019-08-28 18:52:47,042 [Thread-265] INFO  impl.RaftServerImpl (RaftServerImpl.java:setRole(171)) - ee626ce8-1972-4fe0-bbbc-07baa9e228a9:group-E16EF6B83B8D changes role from FOLLOWER to CANDIDATE at term 0 for changeToCandidate
2019-08-28 18:52:47,042 [Thread-265] INFO  impl.RoleInfo (RoleInfo.java:updateAndGet(143)) - ee626ce8-1972-4fe0-bbbc-07baa9e228a9: start LeaderElection
2019-08-28 18:52:47,049 | INFO  | SCMAudit | user=jenkins1000 | ip=192.168.69.102 | op=SEND_HEARTBEAT {datanodeUUID=3fdab9ea-6680-47f1-aded-4d496f7ecd01, command=[]} | ret=SUCCESS |  
2019-08-28 18:52:47,073 [ee626ce8-1972-4fe0-bbbc-07baa9e228a9:group-E16EF6B83B8D:LeaderElection8] INFO  impl.LeaderElection (LeaderElection.java:askForVotes(181)) - ee626ce8-1972-4fe0-bbbc-07baa9e228a9:group-E16EF6B83B8D:LeaderElection8: begin an election at term 1 for -1: [8e467a3f-4a15-4133-b9dc-29f72d763c9b:192.168.69.102:32993, ee626ce8-1972-4fe0-bbbc-07baa9e228a9:192.168.69.102:33628, 79e7307e-2f03-4236-add7-13e1eabe57b5:192.168.69.102:45684], old=null
2019-08-28 18:52:47,116 [grpc-default-executor-0] INFO  impl.RaftServerImpl (RaftServerImpl.java:setRole(171)) - 79e7307e-2f03-4236-add7-13e1eabe57b5:group-E16EF6B83B8D changes role from FOLLOWER to FOLLOWER at term 1 for recognizeCandidate:ee626ce8-1972-4fe0-bbbc-07baa9e228a9
2019-08-28 18:52:47,116 [grpc-default-executor-1] INFO  impl.RaftServerImpl (RaftServerImpl.java:setRole(171)) - 8e467a3f-4a15-4133-b9dc-29f72d763c9b:group-E16EF6B83B8D changes role from FOLLOWER to FOLLOWER at term 1 for recognizeCandidate:ee626ce8-1972-4fe0-bbbc-07baa9e228a9
2019-08-28 18:52:47,117 [grpc-default-executor-0] INFO  impl.RoleInfo (RoleInfo.java:shutdownFollowerState(121)) - 79e7307e-2f03-4236-add7-13e1eabe57b5: shutdown FollowerState
2019-08-28 18:52:47,117 [grpc-default-executor-1] INFO  impl.RoleInfo (RoleInfo.java:shutdownFollowerState(121)) - 8e467a3f-4a15-4133-b9dc-29f72d763c9b: shutdown FollowerState
2019-08-28 18:52:47,118 [Thread-270] INFO  impl.FollowerState (FollowerState.java:run(114)) - 79e7307e-2f03-4236-add7-13e1eabe57b5: FollowerState was interrupted: java.lang.InterruptedException: sleep interrupted
2019-08-28 18:52:47,118 [grpc-default-executor-1] INFO  impl.RoleInfo (RoleInfo.java:updateAndGet(143)) - 8e467a3f-4a15-4133-b9dc-29f72d763c9b: start FollowerState
2019-08-28 18:52:47,117 [grpc-default-executor-0] INFO  impl.RoleInfo (RoleInfo.java:updateAndGet(143)) - 79e7307e-2f03-4236-add7-13e1eabe57b5: start FollowerState
2019-08-28 18:52:47,118 [Thread-269] INFO  impl.FollowerState (FollowerState.java:run(114)) - 8e467a3f-4a15-4133-b9dc-29f72d763c9b: FollowerState was interrupted: java.lang.InterruptedException: sleep interrupted
2019-08-28 18:52:47,136 | INFO  | SCMAudit | user=jenkins1000 | ip=192.168.69.102 | op=SEND_HEARTBEAT {datanodeUUID=79e7307e-2f03-4236-add7-13e1eabe57b5, command=[]} | ret=SUCCESS |  
2019-08-28 18:52:47,158 [ee626ce8-1972-4fe0-bbbc-07baa9e228a9:group-E16EF6B83B8D:LeaderElection8] INFO  impl.LeaderElection (LeaderElection.java:logAndReturn(56)) - ee626ce8-1972-4fe0-bbbc-07baa9e228a9:group-E16EF6B83B8D:LeaderElection8: Election PASSED; received 1 response(s) [ee626ce8-1972-4fe0-bbbc-07baa9e228a9<-8e467a3f-4a15-4133-b9dc-29f72d763c9b#0:OK-t1] and 0 exception(s); ee626ce8-1972-4fe0-bbbc-07baa9e228a9:t1, leader=null, voted=ee626ce8-1972-4fe0-bbbc-07baa9e228a9, raftlog=ee626ce8-1972-4fe0-bbbc-07baa9e228a9-SegmentedRaftLog:OPENED:c-1,f-1,i0, conf=-1: [8e467a3f-4a15-4133-b9dc-29f72d763c9b:192.168.69.102:32993, ee626ce8-1972-4fe0-bbbc-07baa9e228a9:192.168.69.102:33628, 79e7307e-2f03-4236-add7-13e1eabe57b5:192.168.69.102:45684], old=null
2019-08-28 18:52:47,158 [ee626ce8-1972-4fe0-bbbc-07baa9e228a9:group-E16EF6B83B8D:LeaderElection8] INFO  impl.RoleInfo (RoleInfo.java:shutdownLeaderElection(134)) - ee626ce8-1972-4fe0-bbbc-07baa9e228a9: shutdown LeaderElection
2019-08-28 18:52:47,158 [ee626ce8-1972-4fe0-bbbc-07baa9e228a9:group-E16EF6B83B8D:LeaderElection8] INFO  impl.RaftServerImpl (RaftServerImpl.java:setRole(171)) - ee626ce8-1972-4fe0-bbbc-07baa9e228a9:group-E16EF6B83B8D changes role from CANDIDATE to LEADER at term 1 for changeToLeader
2019-08-28 18:52:47,158 [ee626ce8-1972-4fe0-bbbc-07baa9e228a9:group-E16EF6B83B8D:LeaderElection8] INFO  impl.RaftServerImpl (ServerState.java:setLeader(263)) - ee626ce8-1972-4fe0-bbbc-07baa9e228a9:group-E16EF6B83B8D change Leader from null to ee626ce8-1972-4fe0-bbbc-07baa9e228a9 at term 1 for becomeLeader, leader elected after 5160ms
2019-08-28 18:52:47,162 [ee626ce8-1972-4fe0-bbbc-07baa9e228a9:group-E16EF6B83B8D:LeaderElection8] INFO  server.RaftServerConfigKeys (ConfUtils.java:logGet(43)) - raft.server.staging.catchup.gap = 1000 (default)
2019-08-28 18:52:47,162 [ee626ce8-1972-4fe0-bbbc-07baa9e228a9:group-E16EF6B83B8D:LeaderElection8] INFO  server.RaftServerConfigKeys (ConfUtils.java:logGet(43)) - raft.server.rpc.sleep.time = 25ms (default)
2019-08-28 18:52:47,162 [ee626ce8-1972-4fe0-bbbc-07baa9e228a9:group-E16EF6B83B8D:LeaderElection8] INFO  server.RaftServerConfigKeys (ConfUtils.java:logGet(43)) - raft.server.write.element-limit = 4096 (default)
2019-08-28 18:52:47,163 [ee626ce8-1972-4fe0-bbbc-07baa9e228a9:group-E16EF6B83B8D:LeaderElection8] INFO  server.RaftServerConfigKeys (ConfUtils.java:logGet(43)) - raft.server.watch.timeout = 10s (default)
2019-08-28 18:52:47,163 [ee626ce8-1972-4fe0-bbbc-07baa9e228a9:group-E16EF6B83B8D:LeaderElection8] INFO  server.RaftServerConfigKeys (ConfUtils.java:logGet(43)) - raft.server.watch.timeout.denomination = 1s (default)
2019-08-28 18:52:47,163 [ee626ce8-1972-4fe0-bbbc-07baa9e228a9:group-E16EF6B83B8D:LeaderElection8] INFO  server.RaftServerConfigKeys (ConfUtils.java:logGet(43)) - raft.server.watch.element-limit = 65536 (default)
2019-08-28 18:52:47,165 [ee626ce8-1972-4fe0-bbbc-07baa9e228a9:group-E16EF6B83B8D:LeaderElection8] INFO  server.RaftServerConfigKeys (ConfUtils.java:logGet(43)) - raft.server.log.appender.snapshot.chunk.size.max = 16MB (=16777216) (default)
2019-08-28 18:52:47,166 [ee626ce8-1972-4fe0-bbbc-07baa9e228a9:group-E16EF6B83B8D:LeaderElection8] INFO  server.RaftServerConfigKeys (ConfUtils.java:logGet(43)) - raft.server.log.appender.buffer.byte-limit = 33554432 (custom)
2019-08-28 18:52:47,166 [ee626ce8-1972-4fe0-bbbc-07baa9e228a9:group-E16EF6B83B8D:LeaderElection8] INFO  server.RaftServerConfigKeys (ConfUtils.java:logGet(43)) - raft.server.log.appender.buffer.element-limit = 1 (custom)
2019-08-28 18:52:47,169 [ee626ce8-1972-4fe0-bbbc-07baa9e228a9:group-E16EF6B83B8D:LeaderElection8] INFO  grpc.GrpcConfigKeys$Server (ConfUtils.java:logGet(43)) - raft.grpc.server.leader.outstanding.appends.max = 128 (default)
2019-08-28 18:52:47,171 [ee626ce8-1972-4fe0-bbbc-07baa9e228a9:group-E16EF6B83B8D:LeaderElection8] INFO  server.RaftServerConfigKeys (ConfUtils.java:logGet(43)) - raft.server.rpc.request.timeout = 3000ms (default)
2019-08-28 18:52:47,171 [ee626ce8-1972-4fe0-bbbc-07baa9e228a9:group-E16EF6B83B8D:LeaderElection8] INFO  server.RaftServerConfigKeys (ConfUtils.java:logGet(43)) - raft.server.log.appender.install.snapshot.enabled = false (custom)
2019-08-28 18:52:47,171 [ee626ce8-1972-4fe0-bbbc-07baa9e228a9:group-E16EF6B83B8D:LeaderElection8] INFO  server.RaftServerConfigKeys (ConfUtils.java:logGet(43)) - raft.server.log.appender.snapshot.chunk.size.max = 16MB (=16777216) (default)
2019-08-28 18:52:47,172 [ee626ce8-1972-4fe0-bbbc-07baa9e228a9:group-E16EF6B83B8D:LeaderElection8] INFO  server.RaftServerConfigKeys (ConfUtils.java:logGet(43)) - raft.server.log.appender.buffer.byte-limit = 33554432 (custom)
2019-08-28 18:52:47,172 [ee626ce8-1972-4fe0-bbbc-07baa9e228a9:group-E16EF6B83B8D:LeaderElection8] INFO  server.RaftServerConfigKeys (ConfUtils.java:logGet(43)) - raft.server.log.appender.buffer.element-limit = 1 (custom)
2019-08-28 18:52:47,172 [ee626ce8-1972-4fe0-bbbc-07baa9e228a9:group-E16EF6B83B8D:LeaderElection8] INFO  grpc.GrpcConfigKeys$Server (ConfUtils.java:logGet(43)) - raft.grpc.server.leader.outstanding.appends.max = 128 (default)
2019-08-28 18:52:47,172 [ee626ce8-1972-4fe0-bbbc-07baa9e228a9:group-E16EF6B83B8D:LeaderElection8] INFO  server.RaftServerConfigKeys (ConfUtils.java:logGet(43)) - raft.server.rpc.request.timeout = 3000ms (default)
2019-08-28 18:52:47,172 [ee626ce8-1972-4fe0-bbbc-07baa9e228a9:group-E16EF6B83B8D:LeaderElection8] INFO  server.RaftServerConfigKeys (ConfUtils.java:logGet(43)) - raft.server.log.appender.install.snapshot.enabled = false (custom)
2019-08-28 18:52:47,174 [ee626ce8-1972-4fe0-bbbc-07baa9e228a9:group-E16EF6B83B8D:LeaderElection8] INFO  impl.RoleInfo (RoleInfo.java:updateAndGet(143)) - ee626ce8-1972-4fe0-bbbc-07baa9e228a9: start LeaderState
2019-08-28 18:52:47,174 [ee626ce8-1972-4fe0-bbbc-07baa9e228a9:group-E16EF6B83B8D:LeaderElection8] INFO  segmented.SegmentedRaftLogWorker (SegmentedRaftLogWorker.java:startLogSegment(380)) - ee626ce8-1972-4fe0-bbbc-07baa9e228a9-SegmentedRaftLogWorker:Storage Directory /workdir/hadoop-ozone/integration-test/target/test-dir/MiniOzoneClusterImpl-c80cd34b-7aaf-457d-8c82-c76acd6115b4/datanode-2/data/ratis/7bb60850-7dfe-47e4-93e4-e16ef6b83b8d: Starting segment from index:0
2019-08-28 18:52:47,175 [ee626ce8-1972-4fe0-bbbc-07baa9e228a9:group-E16EF6B83B8D:LeaderElection8] INFO  impl.RaftServerImpl (ServerState.java:setRaftConf(361)) - ee626ce8-1972-4fe0-bbbc-07baa9e228a9:group-E16EF6B83B8D set configuration 0: [8e467a3f-4a15-4133-b9dc-29f72d763c9b:192.168.69.102:32993, ee626ce8-1972-4fe0-bbbc-07baa9e228a9:192.168.69.102:33628, 79e7307e-2f03-4236-add7-13e1eabe57b5:192.168.69.102:45684], old=null at 0
2019-08-28 18:52:47,230 [ee626ce8-1972-4fe0-bbbc-07baa9e228a9-SegmentedRaftLogWorker:Storage Directory /workdir/hadoop-ozone/integration-test/target/test-dir/MiniOzoneClusterImpl-c80cd34b-7aaf-457d-8c82-c76acd6115b4/datanode-2/data/ratis/7bb60850-7dfe-47e4-93e4-e16ef6b83b8d] INFO  segmented.SegmentedRaftLogWorker (SegmentedRaftLogWorker.java:execute(569)) - ee626ce8-1972-4fe0-bbbc-07baa9e228a9-SegmentedRaftLogWorker:Storage Directory /workdir/hadoop-ozone/integration-test/target/test-dir/MiniOzoneClusterImpl-c80cd34b-7aaf-457d-8c82-c76acd6115b4/datanode-2/data/ratis/7bb60850-7dfe-47e4-93e4-e16ef6b83b8d: created new log segment /workdir/hadoop-ozone/integration-test/target/test-dir/MiniOzoneClusterImpl-c80cd34b-7aaf-457d-8c82-c76acd6115b4/datanode-2/data/ratis/7bb60850-7dfe-47e4-93e4-e16ef6b83b8d/current/log_inprogress_0
2019-08-28 18:52:47,243 [grpc-default-executor-0] INFO  impl.RaftServerImpl (ServerState.java:setLeader(263)) - 8e467a3f-4a15-4133-b9dc-29f72d763c9b:group-E16EF6B83B8D change Leader from null to ee626ce8-1972-4fe0-bbbc-07baa9e228a9 at term 1 for appendEntries, leader elected after 5244ms
2019-08-28 18:52:47,243 [grpc-default-executor-2] INFO  impl.RaftServerImpl (ServerState.java:setLeader(263)) - 79e7307e-2f03-4236-add7-13e1eabe57b5:group-E16EF6B83B8D change Leader from null to ee626ce8-1972-4fe0-bbbc-07baa9e228a9 at term 1 for appendEntries, leader elected after 5243ms
2019-08-28 18:52:47,273 [grpc-default-executor-0] INFO  impl.RaftServerImpl (ServerState.java:setRaftConf(361)) - 8e467a3f-4a15-4133-b9dc-29f72d763c9b:group-E16EF6B83B8D set configuration 0: [8e467a3f-4a15-4133-b9dc-29f72d763c9b:192.168.69.102:32993, ee626ce8-1972-4fe0-bbbc-07baa9e228a9:192.168.69.102:33628, 79e7307e-2f03-4236-add7-13e1eabe57b5:192.168.69.102:45684], old=null at 0
2019-08-28 18:52:47,273 [grpc-default-executor-2] INFO  impl.RaftServerImpl (ServerState.java:setRaftConf(361)) - 79e7307e-2f03-4236-add7-13e1eabe57b5:group-E16EF6B83B8D set configuration 0: [8e467a3f-4a15-4133-b9dc-29f72d763c9b:192.168.69.102:32993, ee626ce8-1972-4fe0-bbbc-07baa9e228a9:192.168.69.102:33628, 79e7307e-2f03-4236-add7-13e1eabe57b5:192.168.69.102:45684], old=null at 0
2019-08-28 18:52:47,273 [grpc-default-executor-0] INFO  segmented.SegmentedRaftLogWorker (SegmentedRaftLogWorker.java:startLogSegment(380)) - 8e467a3f-4a15-4133-b9dc-29f72d763c9b-SegmentedRaftLogWorker:Storage Directory /workdir/hadoop-ozone/integration-test/target/test-dir/MiniOzoneClusterImpl-c80cd34b-7aaf-457d-8c82-c76acd6115b4/datanode-5/data/ratis/7bb60850-7dfe-47e4-93e4-e16ef6b83b8d: Starting segment from index:0
2019-08-28 18:52:47,273 [grpc-default-executor-2] INFO  segmented.SegmentedRaftLogWorker (SegmentedRaftLogWorker.java:startLogSegment(380)) - 79e7307e-2f03-4236-add7-13e1eabe57b5-SegmentedRaftLogWorker:Storage Directory /workdir/hadoop-ozone/integration-test/target/test-dir/MiniOzoneClusterImpl-c80cd34b-7aaf-457d-8c82-c76acd6115b4/datanode-1/data/ratis/7bb60850-7dfe-47e4-93e4-e16ef6b83b8d: Starting segment from index:0
2019-08-28 18:52:47,309 [Thread-278] INFO  impl.FollowerState (FollowerState.java:run(106)) - 3fdab9ea-6680-47f1-aded-4d496f7ecd01:group-A2878BEACCC6 changes to CANDIDATE, lastRpcTime:5131, electionTimeout:5131ms
2019-08-28 18:52:47,309 [Thread-278] INFO  impl.RoleInfo (RoleInfo.java:shutdownFollowerState(121)) - 3fdab9ea-6680-47f1-aded-4d496f7ecd01: shutdown FollowerState
2019-08-28 18:52:47,309 [Thread-278] INFO  impl.RaftServerImpl (RaftServerImpl.java:setRole(171)) - 3fdab9ea-6680-47f1-aded-4d496f7ecd01:group-A2878BEACCC6 changes role from FOLLOWER to CANDIDATE at term 0 for changeToCandidate
2019-08-28 18:52:47,309 [Thread-278] INFO  impl.RoleInfo (RoleInfo.java:updateAndGet(143)) - 3fdab9ea-6680-47f1-aded-4d496f7ecd01: start LeaderElection
2019-08-28 18:52:47,317 | INFO  | SCMAudit | user=jenkins1000 | ip=192.168.69.102 | op=SEND_HEARTBEAT {datanodeUUID=8e467a3f-4a15-4133-b9dc-29f72d763c9b, command=[]} | ret=SUCCESS |  
2019-08-28 18:52:47,331 [Thread-276] INFO  impl.FollowerState (FollowerState.java:run(106)) - f785551e-a0af-487c-a25a-ff90660b7a23:group-A2878BEACCC6 changes to CANDIDATE, lastRpcTime:5154, electionTimeout:5154ms
2019-08-28 18:52:47,331 [Thread-276] INFO  impl.RoleInfo (RoleInfo.java:shutdownFollowerState(121)) - f785551e-a0af-487c-a25a-ff90660b7a23: shutdown FollowerState
2019-08-28 18:52:47,332 [Thread-276] INFO  impl.RaftServerImpl (RaftServerImpl.java:setRole(171)) - f785551e-a0af-487c-a25a-ff90660b7a23:group-A2878BEACCC6 changes role from FOLLOWER to CANDIDATE at term 0 for changeToCandidate
2019-08-28 18:52:47,332 [Thread-276] INFO  impl.RoleInfo (RoleInfo.java:updateAndGet(143)) - f785551e-a0af-487c-a25a-ff90660b7a23: start LeaderElection
2019-08-28 18:52:47,338 [Thread-277] INFO  impl.FollowerState (FollowerState.java:run(106)) - 0ec50947-c54d-40fe-a729-b0855dad3f0a:group-A2878BEACCC6 changes to CANDIDATE, lastRpcTime:5161, electionTimeout:5158ms
2019-08-28 18:52:47,339 [Thread-277] INFO  impl.RoleInfo (RoleInfo.java:shutdownFollowerState(121)) - 0ec50947-c54d-40fe-a729-b0855dad3f0a: shutdown FollowerState
2019-08-28 18:52:47,339 [Thread-277] INFO  impl.RaftServerImpl (RaftServerImpl.java:setRole(171)) - 0ec50947-c54d-40fe-a729-b0855dad3f0a:group-A2878BEACCC6 changes role from FOLLOWER to CANDIDATE at term 0 for changeToCandidate
2019-08-28 18:52:47,339 [Thread-277] INFO  impl.RoleInfo (RoleInfo.java:updateAndGet(143)) - 0ec50947-c54d-40fe-a729-b0855dad3f0a: start LeaderElection
2019-08-28 18:52:47,344 [79e7307e-2f03-4236-add7-13e1eabe57b5-SegmentedRaftLogWorker:Storage Directory /workdir/hadoop-ozone/integration-test/target/test-dir/MiniOzoneClusterImpl-c80cd34b-7aaf-457d-8c82-c76acd6115b4/datanode-1/data/ratis/7bb60850-7dfe-47e4-93e4-e16ef6b83b8d] INFO  segmented.SegmentedRaftLogWorker (SegmentedRaftLogWorker.java:execute(569)) - 79e7307e-2f03-4236-add7-13e1eabe57b5-SegmentedRaftLogWorker:Storage Directory /workdir/hadoop-ozone/integration-test/target/test-dir/MiniOzoneClusterImpl-c80cd34b-7aaf-457d-8c82-c76acd6115b4/datanode-1/data/ratis/7bb60850-7dfe-47e4-93e4-e16ef6b83b8d: created new log segment /workdir/hadoop-ozone/integration-test/target/test-dir/MiniOzoneClusterImpl-c80cd34b-7aaf-457d-8c82-c76acd6115b4/datanode-1/data/ratis/7bb60850-7dfe-47e4-93e4-e16ef6b83b8d/current/log_inprogress_0
2019-08-28 18:52:47,368 [8e467a3f-4a15-4133-b9dc-29f72d763c9b-SegmentedRaftLogWorker:Storage Directory /workdir/hadoop-ozone/integration-test/target/test-dir/MiniOzoneClusterImpl-c80cd34b-7aaf-457d-8c82-c76acd6115b4/datanode-5/data/ratis/7bb60850-7dfe-47e4-93e4-e16ef6b83b8d] INFO  segmented.SegmentedRaftLogWorker (SegmentedRaftLogWorker.java:execute(569)) - 8e467a3f-4a15-4133-b9dc-29f72d763c9b-SegmentedRaftLogWorker:Storage Directory /workdir/hadoop-ozone/integration-test/target/test-dir/MiniOzoneClusterImpl-c80cd34b-7aaf-457d-8c82-c76acd6115b4/datanode-5/data/ratis/7bb60850-7dfe-47e4-93e4-e16ef6b83b8d: created new log segment /workdir/hadoop-ozone/integration-test/target/test-dir/MiniOzoneClusterImpl-c80cd34b-7aaf-457d-8c82-c76acd6115b4/datanode-5/data/ratis/7bb60850-7dfe-47e4-93e4-e16ef6b83b8d/current/log_inprogress_0
2019-08-28 18:52:47,368 [f785551e-a0af-487c-a25a-ff90660b7a23:group-A2878BEACCC6:LeaderElection10] INFO  impl.LeaderElection (LeaderElection.java:askForVotes(181)) - f785551e-a0af-487c-a25a-ff90660b7a23:group-A2878BEACCC6:LeaderElection10: begin an election at term 1 for -1: [3fdab9ea-6680-47f1-aded-4d496f7ecd01:192.168.69.102:40884, f785551e-a0af-487c-a25a-ff90660b7a23:192.168.69.102:44888, 0ec50947-c54d-40fe-a729-b0855dad3f0a:192.168.69.102:45761], old=null
2019-08-28 18:52:47,368 [3fdab9ea-6680-47f1-aded-4d496f7ecd01:group-A2878BEACCC6:LeaderElection9] INFO  impl.LeaderElection (LeaderElection.java:askForVotes(181)) - 3fdab9ea-6680-47f1-aded-4d496f7ecd01:group-A2878BEACCC6:LeaderElection9: begin an election at term 1 for -1: [3fdab9ea-6680-47f1-aded-4d496f7ecd01:192.168.69.102:40884, f785551e-a0af-487c-a25a-ff90660b7a23:192.168.69.102:44888, 0ec50947-c54d-40fe-a729-b0855dad3f0a:192.168.69.102:45761], old=null
2019-08-28 18:52:47,368 [0ec50947-c54d-40fe-a729-b0855dad3f0a:group-A2878BEACCC6:LeaderElection11] INFO  impl.LeaderElection (LeaderElection.java:askForVotes(181)) - 0ec50947-c54d-40fe-a729-b0855dad3f0a:group-A2878BEACCC6:LeaderElection11: begin an election at term 1 for -1: [3fdab9ea-6680-47f1-aded-4d496f7ecd01:192.168.69.102:40884, f785551e-a0af-487c-a25a-ff90660b7a23:192.168.69.102:44888, 0ec50947-c54d-40fe-a729-b0855dad3f0a:192.168.69.102:45761], old=null
2019-08-28 18:52:47,411 [f785551e-a0af-487c-a25a-ff90660b7a23:group-A2878BEACCC6:LeaderElection10] INFO  impl.LeaderElection (LeaderElection.java:logAndReturn(56)) - f785551e-a0af-487c-a25a-ff90660b7a23:group-A2878BEACCC6:LeaderElection10: Election REJECTED; received 2 response(s) [f785551e-a0af-487c-a25a-ff90660b7a23<-3fdab9ea-6680-47f1-aded-4d496f7ecd01#0:FAIL-t1, f785551e-a0af-487c-a25a-ff90660b7a23<-0ec50947-c54d-40fe-a729-b0855dad3f0a#0:FAIL-t1] and 0 exception(s); f785551e-a0af-487c-a25a-ff90660b7a23:t1, leader=null, voted=f785551e-a0af-487c-a25a-ff90660b7a23, raftlog=f785551e-a0af-487c-a25a-ff90660b7a23-SegmentedRaftLog:OPENED:c-1,f-1,i0, conf=-1: [3fdab9ea-6680-47f1-aded-4d496f7ecd01:192.168.69.102:40884, f785551e-a0af-487c-a25a-ff90660b7a23:192.168.69.102:44888, 0ec50947-c54d-40fe-a729-b0855dad3f0a:192.168.69.102:45761], old=null
2019-08-28 18:52:47,413 [f785551e-a0af-487c-a25a-ff90660b7a23:group-A2878BEACCC6:LeaderElection10] INFO  impl.RaftServerImpl (RaftServerImpl.java:setRole(171)) - f785551e-a0af-487c-a25a-ff90660b7a23:group-A2878BEACCC6 changes role from CANDIDATE to FOLLOWER at term 1 for DISCOVERED_A_NEW_TERM
2019-08-28 18:52:47,415 [f785551e-a0af-487c-a25a-ff90660b7a23:group-A2878BEACCC6:LeaderElection10] INFO  impl.RoleInfo (RoleInfo.java:shutdownLeaderElection(134)) - f785551e-a0af-487c-a25a-ff90660b7a23: shutdown LeaderElection
2019-08-28 18:52:47,416 [0ec50947-c54d-40fe-a729-b0855dad3f0a:group-A2878BEACCC6:LeaderElection11] INFO  impl.LeaderElection (LeaderElection.java:logAndReturn(56)) - 0ec50947-c54d-40fe-a729-b0855dad3f0a:group-A2878BEACCC6:LeaderElection11: Election REJECTED; received 2 response(s) [0ec50947-c54d-40fe-a729-b0855dad3f0a<-3fdab9ea-6680-47f1-aded-4d496f7ecd01#0:FAIL-t1, 0ec50947-c54d-40fe-a729-b0855dad3f0a<-f785551e-a0af-487c-a25a-ff90660b7a23#0:FAIL-t1] and 0 exception(s); 0ec50947-c54d-40fe-a729-b0855dad3f0a:t1, leader=null, voted=0ec50947-c54d-40fe-a729-b0855dad3f0a, raftlog=0ec50947-c54d-40fe-a729-b0855dad3f0a-SegmentedRaftLog:OPENED:c-1,f-1,i0, conf=-1: [3fdab9ea-6680-47f1-aded-4d496f7ecd01:192.168.69.102:40884, f785551e-a0af-487c-a25a-ff90660b7a23:192.168.69.102:44888, 0ec50947-c54d-40fe-a729-b0855dad3f0a:192.168.69.102:45761], old=null
2019-08-28 18:52:47,417 [f785551e-a0af-487c-a25a-ff90660b7a23:group-A2878BEACCC6:LeaderElection10] INFO  impl.RoleInfo (RoleInfo.java:updateAndGet(143)) - f785551e-a0af-487c-a25a-ff90660b7a23: start FollowerState
2019-08-28 18:52:47,417 [0ec50947-c54d-40fe-a729-b0855dad3f0a:group-A2878BEACCC6:LeaderElection11] INFO  impl.RaftServerImpl (RaftServerImpl.java:setRole(171)) - 0ec50947-c54d-40fe-a729-b0855dad3f0a:group-A2878BEACCC6 changes role from CANDIDATE to FOLLOWER at term 1 for DISCOVERED_A_NEW_TERM
2019-08-28 18:52:47,422 [0ec50947-c54d-40fe-a729-b0855dad3f0a:group-A2878BEACCC6:LeaderElection11] INFO  impl.RoleInfo (RoleInfo.java:shutdownLeaderElection(134)) - 0ec50947-c54d-40fe-a729-b0855dad3f0a: shutdown LeaderElection
2019-08-28 18:52:47,423 [0ec50947-c54d-40fe-a729-b0855dad3f0a:group-A2878BEACCC6:LeaderElection11] INFO  impl.RoleInfo (RoleInfo.java:updateAndGet(143)) - 0ec50947-c54d-40fe-a729-b0855dad3f0a: start FollowerState
2019-08-28 18:52:47,425 [3fdab9ea-6680-47f1-aded-4d496f7ecd01:group-A2878BEACCC6:LeaderElection9] INFO  impl.LeaderElection (LeaderElection.java:logAndReturn(56)) - 3fdab9ea-6680-47f1-aded-4d496f7ecd01:group-A2878BEACCC6:LeaderElection9: Election REJECTED; received 2 response(s) [3fdab9ea-6680-47f1-aded-4d496f7ecd01<-f785551e-a0af-487c-a25a-ff90660b7a23#0:FAIL-t1, 3fdab9ea-6680-47f1-aded-4d496f7ecd01<-0ec50947-c54d-40fe-a729-b0855dad3f0a#0:FAIL-t1] and 0 exception(s); 3fdab9ea-6680-47f1-aded-4d496f7ecd01:t1, leader=null, voted=3fdab9ea-6680-47f1-aded-4d496f7ecd01, raftlog=3fdab9ea-6680-47f1-aded-4d496f7ecd01-SegmentedRaftLog:OPENED:c-1,f-1,i0, conf=-1: [3fdab9ea-6680-47f1-aded-4d496f7ecd01:192.168.69.102:40884, f785551e-a0af-487c-a25a-ff90660b7a23:192.168.69.102:44888, 0ec50947-c54d-40fe-a729-b0855dad3f0a:192.168.69.102:45761], old=null
2019-08-28 18:52:47,425 [3fdab9ea-6680-47f1-aded-4d496f7ecd01:group-A2878BEACCC6:LeaderElection9] INFO  impl.RaftServerImpl (RaftServerImpl.java:setRole(171)) - 3fdab9ea-6680-47f1-aded-4d496f7ecd01:group-A2878BEACCC6 changes role from CANDIDATE to FOLLOWER at term 1 for DISCOVERED_A_NEW_TERM
2019-08-28 18:52:47,428 [3fdab9ea-6680-47f1-aded-4d496f7ecd01:group-A2878BEACCC6:LeaderElection9] INFO  impl.RoleInfo (RoleInfo.java:shutdownLeaderElection(134)) - 3fdab9ea-6680-47f1-aded-4d496f7ecd01: shutdown LeaderElection
2019-08-28 18:52:47,428 [3fdab9ea-6680-47f1-aded-4d496f7ecd01:group-A2878BEACCC6:LeaderElection9] INFO  impl.RoleInfo (RoleInfo.java:updateAndGet(143)) - 3fdab9ea-6680-47f1-aded-4d496f7ecd01: start FollowerState
2019-08-28 18:52:47,597 | INFO  | SCMAudit | user=jenkins1000 | ip=192.168.69.102 | op=SEND_HEARTBEAT {datanodeUUID=0ec50947-c54d-40fe-a729-b0855dad3f0a, command=[]} | ret=SUCCESS |  
2019-08-28 18:52:47,623 [grpc-default-executor-5] INFO  client.GrpcClientProtocolClient (GrpcClientProtocolClient.java:onNext(255)) - client-6EA2DE053EDA->79e7307e-2f03-4236-add7-13e1eabe57b5: receive RaftClientReply:client-6EA2DE053EDA->79e7307e-2f03-4236-add7-13e1eabe57b5@group-E16EF6B83B8D, cid=13, FAILED org.apache.ratis.protocol.NotLeaderException: Server 79e7307e-2f03-4236-add7-13e1eabe57b5 is not the leader (ee626ce8-1972-4fe0-bbbc-07baa9e228a9:192.168.69.102:33628). Request must be sent to leader., logIndex=0, commits[79e7307e-2f03-4236-add7-13e1eabe57b5:c0, 8e467a3f-4a15-4133-b9dc-29f72d763c9b:c-1, ee626ce8-1972-4fe0-bbbc-07baa9e228a9:c0]
2019-08-28 18:52:47,749 | INFO  | SCMAudit | user=jenkins1000 | ip=192.168.69.102 | op=SEND_HEARTBEAT {datanodeUUID=2c9db6f5-ae6c-456e-aac1-300011bebd0b, command=[]} | ret=SUCCESS |  
2019-08-28 18:52:47,749 | INFO  | SCMAudit | user=jenkins1000 | ip=192.168.69.102 | op=SEND_HEARTBEAT {datanodeUUID=ee626ce8-1972-4fe0-bbbc-07baa9e228a9, command=[]} | ret=SUCCESS |  
2019-08-28 18:52:47,860 | INFO  | SCMAudit | user=jenkins1000 | ip=192.168.69.102 | op=SEND_HEARTBEAT {datanodeUUID=f785551e-a0af-487c-a25a-ff90660b7a23, command=[]} | ret=SUCCESS |  
2019-08-28 18:52:47,989 | INFO  | SCMAudit | user=jenkins1000 | ip=192.168.69.102 | op=SEND_HEARTBEAT {datanodeUUID=79e7307e-2f03-4236-add7-13e1eabe57b5, command=[]} | ret=SUCCESS |  
2019-08-28 18:52:47,989 | INFO  | SCMAudit | user=jenkins1000 | ip=192.168.69.102 | op=SEND_HEARTBEAT {datanodeUUID=ee626ce8-1972-4fe0-bbbc-07baa9e228a9, command=[]} | ret=SUCCESS |  
2019-08-28 18:52:47,990 | INFO  | SCMAudit | user=jenkins1000 | ip=192.168.69.102 | op=SEND_HEARTBEAT {datanodeUUID=8e467a3f-4a15-4133-b9dc-29f72d763c9b, command=[]} | ret=SUCCESS |  
2019-08-28 18:52:48,007 | INFO  | DNAudit | user=null | ip=null | op=WRITE_CHUNK {blockData=conID: 1 locID: 102696115389726721 bcsId: 0} | ret=SUCCESS |  
2019-08-28 18:52:48,007 | INFO  | DNAudit | user=null | ip=null | op=WRITE_CHUNK {blockData=conID: 1 locID: 102696115389726721 bcsId: 0} | ret=SUCCESS |  
2019-08-28 18:52:48,007 | INFO  | DNAudit | user=null | ip=null | op=WRITE_CHUNK {blockData=conID: 1 locID: 102696115389726721 bcsId: 0} | ret=SUCCESS |  
2019-08-28 18:52:48,019 | INFO  | DNAudit | user=null | ip=null | op=WRITE_CHUNK {blockData=conID: 1 locID: 102696115389726721 bcsId: 0} | ret=SUCCESS |  
2019-08-28 18:52:48,041 [grpc-default-executor-3] INFO  client.GrpcClientProtocolClient (GrpcClientProtocolClient.java:onNext(255)) - client-6EA2DE053EDA->ee626ce8-1972-4fe0-bbbc-07baa9e228a9: receive RaftClientReply:client-6EA2DE053EDA->ee626ce8-1972-4fe0-bbbc-07baa9e228a9@group-E16EF6B83B8D, cid=13, SUCCESS, logIndex=1, commits[ee626ce8-1972-4fe0-bbbc-07baa9e228a9:c1, 8e467a3f-4a15-4133-b9dc-29f72d763c9b:c0, 79e7307e-2f03-4236-add7-13e1eabe57b5:c0]
2019-08-28 18:52:48,046 | INFO  | DNAudit | user=null | ip=null | op=WRITE_CHUNK {blockData=conID: 1 locID: 102696115389726721 bcsId: 0} | ret=SUCCESS |  
2019-08-28 18:52:48,057 | INFO  | SCMAudit | user=jenkins1000 | ip=192.168.69.102 | op=SEND_HEARTBEAT {datanodeUUID=3fdab9ea-6680-47f1-aded-4d496f7ecd01, command=[]} | ret=SUCCESS |  
2019-08-28 18:52:48,061 | INFO  | DNAudit | user=null | ip=null | op=WRITE_CHUNK {blockData=conID: 1 locID: 102696115389726721 bcsId: 0} | ret=SUCCESS |  
2019-08-28 18:52:48,063 | INFO  | DNAudit | user=null | ip=null | op=WRITE_CHUNK {blockData=conID: 1 locID: 102696115389726721 bcsId: 0} | ret=SUCCESS |  
2019-08-28 18:52:48,066 | INFO  | DNAudit | user=null | ip=null | op=WRITE_CHUNK {blockData=conID: 1 locID: 102696115389726721 bcsId: 0} | ret=SUCCESS |  
2019-08-28 18:52:48,066 | INFO  | DNAudit | user=null | ip=null | op=WRITE_CHUNK {blockData=conID: 1 locID: 102696115389726721 bcsId: 0} | ret=SUCCESS |  
2019-08-28 18:52:48,077 | INFO  | DNAudit | user=null | ip=null | op=WRITE_CHUNK {blockData=conID: 1 locID: 102696115389726721 bcsId: 0} | ret=SUCCESS |  
2019-08-28 18:52:48,099 | INFO  | DNAudit | user=null | ip=null | op=WRITE_CHUNK {blockData=conID: 1 locID: 102696115389726721 bcsId: 0} | ret=SUCCESS |  
2019-08-28 18:52:48,099 | INFO  | DNAudit | user=null | ip=null | op=WRITE_CHUNK {blockData=conID: 1 locID: 102696115389726721 bcsId: 0} | ret=SUCCESS |  
2019-08-28 18:52:48,099 | INFO  | DNAudit | user=null | ip=null | op=WRITE_CHUNK {blockData=conID: 1 locID: 102696115389726721 bcsId: 0} | ret=SUCCESS |  
2019-08-28 18:52:48,099 | INFO  | DNAudit | user=null | ip=null | op=WRITE_CHUNK {blockData=conID: 1 locID: 102696115389726721 bcsId: 0} | ret=SUCCESS |  
2019-08-28 18:52:48,099 | INFO  | DNAudit | user=null | ip=null | op=WRITE_CHUNK {blockData=conID: 1 locID: 102696115389726721 bcsId: 0} | ret=SUCCESS |  
2019-08-28 18:52:48,100 | INFO  | DNAudit | user=null | ip=null | op=WRITE_CHUNK {blockData=conID: 1 locID: 102696115389726721 bcsId: 0} | ret=SUCCESS |  
2019-08-28 18:52:48,105 [grpc-default-executor-4] INFO  client.GrpcClientProtocolClient (GrpcClientProtocolClient.java:onNext(255)) - client-6EA2DE053EDA->ee626ce8-1972-4fe0-bbbc-07baa9e228a9: receive RaftClientReply:client-6EA2DE053EDA->ee626ce8-1972-4fe0-bbbc-07baa9e228a9@group-E16EF6B83B8D, cid=14, SUCCESS, logIndex=3, commits[ee626ce8-1972-4fe0-bbbc-07baa9e228a9:c4, 8e467a3f-4a15-4133-b9dc-29f72d763c9b:c2, 79e7307e-2f03-4236-add7-13e1eabe57b5:c2]
2019-08-28 18:52:48,114 | INFO  | DNAudit | user=null | ip=null | op=WRITE_CHUNK {blockData=conID: 1 locID: 102696115389726721 bcsId: 0} | ret=SUCCESS |  
2019-08-28 18:52:48,129 | INFO  | DNAudit | user=null | ip=null | op=WRITE_CHUNK {blockData=conID: 1 locID: 102696115389726721 bcsId: 0} | ret=SUCCESS |  
2019-08-28 18:52:48,520 | INFO  | DNAudit | user=null | ip=null | op=PUT_BLOCK {blockData=[blockId=conID: 1 locID: 102696115389726721 bcsId: 0,size=200]} | ret=SUCCESS |  
2019-08-28 18:52:48,523 | INFO  | DNAudit | user=null | ip=null | op=WRITE_CHUNK {blockData=conID: 1 locID: 102696115389726721 bcsId: 0} | ret=SUCCESS |  
2019-08-28 18:52:48,524 | INFO  | DNAudit | user=null | ip=null | op=WRITE_CHUNK {blockData=conID: 1 locID: 102696115389726721 bcsId: 0} | ret=SUCCESS |  
2019-08-28 18:52:48,528 [grpc-default-executor-3] INFO  client.GrpcClientProtocolClient (GrpcClientProtocolClient.java:onNext(255)) - client-6EA2DE053EDA->ee626ce8-1972-4fe0-bbbc-07baa9e228a9: receive RaftClientReply:client-6EA2DE053EDA->ee626ce8-1972-4fe0-bbbc-07baa9e228a9@group-E16EF6B83B8D, cid=15, SUCCESS, logIndex=4, commits[ee626ce8-1972-4fe0-bbbc-07baa9e228a9:c12, 8e467a3f-4a15-4133-b9dc-29f72d763c9b:c9, 79e7307e-2f03-4236-add7-13e1eabe57b5:c9]
2019-08-28 18:52:48,532 [grpc-default-executor-3] INFO  client.GrpcClientProtocolClient (GrpcClientProtocolClient.java:onNext(255)) - client-6EA2DE053EDA->ee626ce8-1972-4fe0-bbbc-07baa9e228a9: receive RaftClientReply:client-6EA2DE053EDA->ee626ce8-1972-4fe0-bbbc-07baa9e228a9@group-E16EF6B83B8D, cid=16, SUCCESS, logIndex=5, commits[ee626ce8-1972-4fe0-bbbc-07baa9e228a9:c12, 8e467a3f-4a15-4133-b9dc-29f72d763c9b:c9, 79e7307e-2f03-4236-add7-13e1eabe57b5:c9]
2019-08-28 18:52:48,534 [grpc-default-executor-3] INFO  client.GrpcClientProtocolClient (GrpcClientProtocolClient.java:onNext(255)) - client-6EA2DE053EDA->ee626ce8-1972-4fe0-bbbc-07baa9e228a9: receive RaftClientReply:client-6EA2DE053EDA->ee626ce8-1972-4fe0-bbbc-07baa9e228a9@group-E16EF6B83B8D, cid=17, SUCCESS, logIndex=7, commits[ee626ce8-1972-4fe0-bbbc-07baa9e228a9:c12, 8e467a3f-4a15-4133-b9dc-29f72d763c9b:c9, 79e7307e-2f03-4236-add7-13e1eabe57b5:c9]
2019-08-28 18:52:48,597 | INFO  | SCMAudit | user=jenkins1000 | ip=192.168.69.102 | op=SEND_HEARTBEAT {datanodeUUID=0ec50947-c54d-40fe-a729-b0855dad3f0a, command=[]} | ret=SUCCESS |  
2019-08-28 18:52:48,627 | INFO  | DNAudit | user=null | ip=null | op=PUT_BLOCK {blockData=[blockId=conID: 1 locID: 102696115389726721 bcsId: 0,size=200]} | ret=SUCCESS |  
2019-08-28 18:52:48,629 | INFO  | DNAudit | user=null | ip=null | op=WRITE_CHUNK {blockData=conID: 1 locID: 102696115389726721 bcsId: 0} | ret=SUCCESS |  
2019-08-28 18:52:48,636 | INFO  | DNAudit | user=null | ip=null | op=WRITE_CHUNK {blockData=conID: 1 locID: 102696115389726721 bcsId: 0} | ret=SUCCESS |  
2019-08-28 18:52:48,709 | INFO  | DNAudit | user=null | ip=null | op=PUT_BLOCK {blockData=[blockId=conID: 1 locID: 102696115389726721 bcsId: 0,size=400]} | ret=SUCCESS |  
2019-08-28 18:52:48,709 | INFO  | DNAudit | user=null | ip=null | op=PUT_BLOCK {blockData=[blockId=conID: 1 locID: 102696115389726721 bcsId: 0,size=400]} | ret=SUCCESS |  
2019-08-28 18:52:48,713 [grpc-default-executor-3] INFO  client.GrpcClientProtocolClient (GrpcClientProtocolClient.java:onNext(255)) - client-6EA2DE053EDA->ee626ce8-1972-4fe0-bbbc-07baa9e228a9: receive RaftClientReply:client-6EA2DE053EDA->ee626ce8-1972-4fe0-bbbc-07baa9e228a9@group-E16EF6B83B8D, cid=18, SUCCESS, logIndex=8, commits[ee626ce8-1972-4fe0-bbbc-07baa9e228a9:c12, 8e467a3f-4a15-4133-b9dc-29f72d763c9b:c9, 79e7307e-2f03-4236-add7-13e1eabe57b5:c9]
2019-08-28 18:52:48,750 | INFO  | SCMAudit | user=jenkins1000 | ip=192.168.69.102 | op=SEND_HEARTBEAT {datanodeUUID=2c9db6f5-ae6c-456e-aac1-300011bebd0b, command=[]} | ret=SUCCESS |  
2019-08-28 18:52:48,753 | INFO  | DNAudit | user=null | ip=null | op=PUT_BLOCK {blockData=[blockId=conID: 1 locID: 102696115389726721 bcsId: 0,size=200]} | ret=SUCCESS |  
2019-08-28 18:52:48,753 | INFO  | DNAudit | user=null | ip=null | op=WRITE_CHUNK {blockData=conID: 1 locID: 102696115389726721 bcsId: 8} | ret=SUCCESS |  
2019-08-28 18:52:48,753 | INFO  | DNAudit | user=null | ip=null | op=WRITE_CHUNK {blockData=conID: 1 locID: 102696115389726721 bcsId: 8} | ret=SUCCESS |  
2019-08-28 18:52:48,754 | INFO  | DNAudit | user=null | ip=null | op=WRITE_CHUNK {blockData=conID: 1 locID: 102696115389726721 bcsId: 8} | ret=SUCCESS |  
2019-08-28 18:52:48,754 | INFO  | DNAudit | user=null | ip=null | op=WRITE_CHUNK {blockData=conID: 1 locID: 102696115389726721 bcsId: 0} | ret=SUCCESS |  
2019-08-28 18:52:48,755 | INFO  | DNAudit | user=null | ip=null | op=WRITE_CHUNK {blockData=conID: 1 locID: 102696115389726721 bcsId: 0} | ret=SUCCESS |  
2019-08-28 18:52:48,759 | INFO  | DNAudit | user=null | ip=null | op=PUT_BLOCK {blockData=[blockId=conID: 1 locID: 102696115389726721 bcsId: 0,size=400]} | ret=SUCCESS |  
2019-08-28 18:52:48,773 | INFO  | DNAudit | user=null | ip=null | op=WRITE_CHUNK {blockData=conID: 1 locID: 102696115389726721 bcsId: 8} | ret=SUCCESS |  
2019-08-28 18:52:48,786 | INFO  | DNAudit | user=null | ip=null | op=PUT_BLOCK {blockData=[blockId=conID: 1 locID: 102696115389726721 bcsId: 0,size=450]} | ret=SUCCESS |  
2019-08-28 18:52:48,788 [grpc-default-executor-3] INFO  client.GrpcClientProtocolClient (GrpcClientProtocolClient.java:onNext(255)) - client-6EA2DE053EDA->ee626ce8-1972-4fe0-bbbc-07baa9e228a9: receive RaftClientReply:client-6EA2DE053EDA->ee626ce8-1972-4fe0-bbbc-07baa9e228a9@group-E16EF6B83B8D, cid=19, SUCCESS, logIndex=13, commits[ee626ce8-1972-4fe0-bbbc-07baa9e228a9:c14, 8e467a3f-4a15-4133-b9dc-29f72d763c9b:c12, 79e7307e-2f03-4236-add7-13e1eabe57b5:c9]
2019-08-28 18:52:48,789 [grpc-default-executor-3] INFO  client.GrpcClientProtocolClient (GrpcClientProtocolClient.java:onNext(255)) - client-6EA2DE053EDA->ee626ce8-1972-4fe0-bbbc-07baa9e228a9: receive RaftClientReply:client-6EA2DE053EDA->ee626ce8-1972-4fe0-bbbc-07baa9e228a9@group-E16EF6B83B8D, cid=20, SUCCESS, logIndex=14, commits[ee626ce8-1972-4fe0-bbbc-07baa9e228a9:c14, 8e467a3f-4a15-4133-b9dc-29f72d763c9b:c12, 79e7307e-2f03-4236-add7-13e1eabe57b5:c12]
2019-08-28 18:52:48,797 | INFO  | DNAudit | user=null | ip=null | op=WRITE_CHUNK {blockData=conID: 1 locID: 102696115389726721 bcsId: 8} | ret=SUCCESS |  
2019-08-28 18:52:48,802 | INFO  | DNAudit | user=null | ip=null | op=PUT_BLOCK {blockData=[blockId=conID: 1 locID: 102696115389726721 bcsId: 0,size=450]} | ret=SUCCESS |  
2019-08-28 18:52:48,818 [grpc-default-executor-5] INFO  client.GrpcClientProtocolClient (GrpcClientProtocolClient.java:onNext(255)) - client-6EA2DE053EDA->ee626ce8-1972-4fe0-bbbc-07baa9e228a9: receive RaftClientReply:client-6EA2DE053EDA->ee626ce8-1972-4fe0-bbbc-07baa9e228a9@group-E16EF6B83B8D, cid=21, SUCCESS, logIndex=0, commits[ee626ce8-1972-4fe0-bbbc-07baa9e228a9:c15, 8e467a3f-4a15-4133-b9dc-29f72d763c9b:c14, 79e7307e-2f03-4236-add7-13e1eabe57b5:c14]
2019-08-28 18:52:48,820 [main] INFO  datanode.ObjectStoreHandler (ObjectStoreHandler.java:close(155)) - Closing ObjectStoreHandler.
2019-08-28 18:52:48,821 [main] INFO  ozone.HddsDatanodeService (HddsDatanodeService.java:stop(451)) - Stopped plug-in org.apache.hadoop.ozone.web.OzoneHddsDatanodeService@2faa55bb
2019-08-28 18:52:48,822 | INFO  | DNAudit | user=null | ip=null | op=WRITE_CHUNK {blockData=conID: 1 locID: 102696115389726721 bcsId: 8} | ret=SUCCESS |  
2019-08-28 18:52:48,825 | INFO  | DNAudit | user=null | ip=null | op=PUT_BLOCK {blockData=[blockId=conID: 1 locID: 102696115389726721 bcsId: 0,size=450]} | ret=SUCCESS |  
2019-08-28 18:52:48,860 | INFO  | SCMAudit | user=jenkins1000 | ip=192.168.69.102 | op=SEND_HEARTBEAT {datanodeUUID=f785551e-a0af-487c-a25a-ff90660b7a23, command=[]} | ret=SUCCESS |  
2019-08-28 18:52:48,963 | INFO  | SCMAudit | user=jenkins1000 | ip=192.168.69.102 | op=SEND_HEARTBEAT {datanodeUUID=ee626ce8-1972-4fe0-bbbc-07baa9e228a9, command=[]} | ret=SUCCESS |  
2019-08-28 18:52:48,968 [Datanode State Machine Thread - 0] INFO  statemachine.DatanodeStateMachine (DatanodeStateMachine.java:lambda$startDaemon$0(350)) - Ozone container server started.
2019-08-28 18:52:48,970 | INFO  | SCMAudit | user=jenkins1000 | ip=192.168.69.102 | op=SEND_HEARTBEAT {datanodeUUID=8e467a3f-4a15-4133-b9dc-29f72d763c9b, command=[]} | ret=SUCCESS |  
2019-08-28 18:52:49,051 | INFO  | SCMAudit | user=jenkins1000 | ip=192.168.69.102 | op=SEND_HEARTBEAT {datanodeUUID=3fdab9ea-6680-47f1-aded-4d496f7ecd01, command=[]} | ret=SUCCESS |  
2019-08-28 18:52:49,597 | INFO  | SCMAudit | user=jenkins1000 | ip=192.168.69.102 | op=SEND_HEARTBEAT {datanodeUUID=0ec50947-c54d-40fe-a729-b0855dad3f0a, command=[]} | ret=SUCCESS |  
2019-08-28 18:52:49,751 | INFO  | SCMAudit | user=jenkins1000 | ip=192.168.69.102 | op=SEND_HEARTBEAT {datanodeUUID=2c9db6f5-ae6c-456e-aac1-300011bebd0b, command=[]} | ret=SUCCESS |  
2019-08-28 18:52:49,860 | INFO  | SCMAudit | user=jenkins1000 | ip=192.168.69.102 | op=SEND_HEARTBEAT {datanodeUUID=f785551e-a0af-487c-a25a-ff90660b7a23, command=[]} | ret=SUCCESS |  
2019-08-28 18:52:49,962 | INFO  | SCMAudit | user=jenkins1000 | ip=192.168.69.102 | op=SEND_HEARTBEAT {datanodeUUID=ee626ce8-1972-4fe0-bbbc-07baa9e228a9, command=[]} | ret=SUCCESS |  
2019-08-28 18:52:49,970 | INFO  | SCMAudit | user=jenkins1000 | ip=192.168.69.102 | op=SEND_HEARTBEAT {datanodeUUID=8e467a3f-4a15-4133-b9dc-29f72d763c9b, command=[]} | ret=SUCCESS |  
2019-08-28 18:52:50,051 | INFO  | SCMAudit | user=jenkins1000 | ip=192.168.69.102 | op=SEND_HEARTBEAT {datanodeUUID=3fdab9ea-6680-47f1-aded-4d496f7ecd01, command=[]} | ret=SUCCESS |  
2019-08-28 18:52:50,597 | INFO  | SCMAudit | user=jenkins1000 | ip=192.168.69.102 | op=SEND_HEARTBEAT {datanodeUUID=0ec50947-c54d-40fe-a729-b0855dad3f0a, command=[]} | ret=SUCCESS |  
2019-08-28 18:52:50,751 | INFO  | SCMAudit | user=jenkins1000 | ip=192.168.69.102 | op=SEND_HEARTBEAT {datanodeUUID=2c9db6f5-ae6c-456e-aac1-300011bebd0b, command=[]} | ret=SUCCESS |  
2019-08-28 18:52:50,861 | INFO  | SCMAudit | user=jenkins1000 | ip=192.168.69.102 | op=SEND_HEARTBEAT {datanodeUUID=f785551e-a0af-487c-a25a-ff90660b7a23, command=[]} | ret=SUCCESS |  
2019-08-28 18:52:50,963 | INFO  | SCMAudit | user=jenkins1000 | ip=192.168.69.102 | op=SEND_HEARTBEAT {datanodeUUID=ee626ce8-1972-4fe0-bbbc-07baa9e228a9, command=[]} | ret=SUCCESS |  
2019-08-28 18:52:50,970 | INFO  | SCMAudit | user=jenkins1000 | ip=192.168.69.102 | op=SEND_HEARTBEAT {datanodeUUID=8e467a3f-4a15-4133-b9dc-29f72d763c9b, command=[]} | ret=SUCCESS |  
2019-08-28 18:52:51,051 | INFO  | SCMAudit | user=jenkins1000 | ip=192.168.69.102 | op=SEND_HEARTBEAT {datanodeUUID=3fdab9ea-6680-47f1-aded-4d496f7ecd01, command=[]} | ret=SUCCESS |  
2019-08-28 18:52:51,598 | INFO  | SCMAudit | user=jenkins1000 | ip=192.168.69.102 | op=SEND_HEARTBEAT {datanodeUUID=0ec50947-c54d-40fe-a729-b0855dad3f0a, command=[]} | ret=SUCCESS |  
2019-08-28 18:52:51,751 | INFO  | SCMAudit | user=jenkins1000 | ip=192.168.69.102 | op=SEND_HEARTBEAT {datanodeUUID=2c9db6f5-ae6c-456e-aac1-300011bebd0b, command=[]} | ret=SUCCESS |  
2019-08-28 18:52:51,860 | INFO  | SCMAudit | user=jenkins1000 | ip=192.168.69.102 | op=SEND_HEARTBEAT {datanodeUUID=f785551e-a0af-487c-a25a-ff90660b7a23, command=[]} | ret=SUCCESS |  
2019-08-28 18:52:51,964 | INFO  | SCMAudit | user=jenkins1000 | ip=192.168.69.102 | op=SEND_HEARTBEAT {datanodeUUID=ee626ce8-1972-4fe0-bbbc-07baa9e228a9, command=[]} | ret=SUCCESS |  
2019-08-28 18:52:51,970 | INFO  | SCMAudit | user=jenkins1000 | ip=192.168.69.102 | op=SEND_HEARTBEAT {datanodeUUID=8e467a3f-4a15-4133-b9dc-29f72d763c9b, command=[]} | ret=SUCCESS |  
2019-08-28 18:52:52,050 | INFO  | SCMAudit | user=jenkins1000 | ip=192.168.69.102 | op=SEND_HEARTBEAT {datanodeUUID=3fdab9ea-6680-47f1-aded-4d496f7ecd01, command=[]} | ret=SUCCESS |  
2019-08-28 18:52:52,542 [Thread-336] INFO  impl.FollowerState (FollowerState.java:run(106)) - 3fdab9ea-6680-47f1-aded-4d496f7ecd01:group-A2878BEACCC6 changes to CANDIDATE, lastRpcTime:5113, electionTimeout:5113ms
2019-08-28 18:52:52,542 [Thread-336] INFO  impl.RoleInfo (RoleInfo.java:shutdownFollowerState(121)) - 3fdab9ea-6680-47f1-aded-4d496f7ecd01: shutdown FollowerState
2019-08-28 18:52:52,542 [Thread-336] INFO  impl.RaftServerImpl (RaftServerImpl.java:setRole(171)) - 3fdab9ea-6680-47f1-aded-4d496f7ecd01:group-A2878BEACCC6 changes role from FOLLOWER to CANDIDATE at term 1 for changeToCandidate
2019-08-28 18:52:52,542 [Thread-336] INFO  impl.RoleInfo (RoleInfo.java:updateAndGet(143)) - 3fdab9ea-6680-47f1-aded-4d496f7ecd01: start LeaderElection
2019-08-28 18:52:52,543 [Thread-334] INFO  impl.FollowerState (FollowerState.java:run(106)) - f785551e-a0af-487c-a25a-ff90660b7a23:group-A2878BEACCC6 changes to CANDIDATE, lastRpcTime:5126, electionTimeout:5120ms
2019-08-28 18:52:52,543 [Thread-334] INFO  impl.RoleInfo (RoleInfo.java:shutdownFollowerState(121)) - f785551e-a0af-487c-a25a-ff90660b7a23: shutdown FollowerState
2019-08-28 18:52:52,543 [Thread-334] INFO  impl.RaftServerImpl (RaftServerImpl.java:setRole(171)) - f785551e-a0af-487c-a25a-ff90660b7a23:group-A2878BEACCC6 changes role from FOLLOWER to CANDIDATE at term 1 for changeToCandidate
2019-08-28 18:52:52,546 [Thread-334] INFO  impl.RoleInfo (RoleInfo.java:updateAndGet(143)) - f785551e-a0af-487c-a25a-ff90660b7a23: start LeaderElection
2019-08-28 18:52:52,559 [3fdab9ea-6680-47f1-aded-4d496f7ecd01:group-A2878BEACCC6:LeaderElection12] INFO  impl.LeaderElection (LeaderElection.java:askForVotes(181)) - 3fdab9ea-6680-47f1-aded-4d496f7ecd01:group-A2878BEACCC6:LeaderElection12: begin an election at term 2 for -1: [3fdab9ea-6680-47f1-aded-4d496f7ecd01:192.168.69.102:40884, f785551e-a0af-487c-a25a-ff90660b7a23:192.168.69.102:44888, 0ec50947-c54d-40fe-a729-b0855dad3f0a:192.168.69.102:45761], old=null
2019-08-28 18:52:52,559 [f785551e-a0af-487c-a25a-ff90660b7a23:group-A2878BEACCC6:LeaderElection13] INFO  impl.LeaderElection (LeaderElection.java:askForVotes(181)) - f785551e-a0af-487c-a25a-ff90660b7a23:group-A2878BEACCC6:LeaderElection13: begin an election at term 2 for -1: [3fdab9ea-6680-47f1-aded-4d496f7ecd01:192.168.69.102:40884, f785551e-a0af-487c-a25a-ff90660b7a23:192.168.69.102:44888, 0ec50947-c54d-40fe-a729-b0855dad3f0a:192.168.69.102:45761], old=null
2019-08-28 18:52:52,567 [grpc-default-executor-5] INFO  impl.RaftServerImpl (RaftServerImpl.java:setRole(171)) - 0ec50947-c54d-40fe-a729-b0855dad3f0a:group-A2878BEACCC6 changes role from FOLLOWER to FOLLOWER at term 2 for recognizeCandidate:3fdab9ea-6680-47f1-aded-4d496f7ecd01
2019-08-28 18:52:52,567 [grpc-default-executor-5] INFO  impl.RoleInfo (RoleInfo.java:shutdownFollowerState(121)) - 0ec50947-c54d-40fe-a729-b0855dad3f0a: shutdown FollowerState
2019-08-28 18:52:52,569 [grpc-default-executor-5] INFO  impl.RoleInfo (RoleInfo.java:updateAndGet(143)) - 0ec50947-c54d-40fe-a729-b0855dad3f0a: start FollowerState
2019-08-28 18:52:52,569 [Thread-335] INFO  impl.FollowerState (FollowerState.java:run(114)) - 0ec50947-c54d-40fe-a729-b0855dad3f0a: FollowerState was interrupted: java.lang.InterruptedException: sleep interrupted
2019-08-28 18:52:52,597 | INFO  | SCMAudit | user=jenkins1000 | ip=192.168.69.102 | op=SEND_HEARTBEAT {datanodeUUID=0ec50947-c54d-40fe-a729-b0855dad3f0a, command=[]} | ret=SUCCESS |  
2019-08-28 18:52:52,607 [3fdab9ea-6680-47f1-aded-4d496f7ecd01:group-A2878BEACCC6:LeaderElection12] INFO  impl.LeaderElection (LeaderElection.java:logAndReturn(56)) - 3fdab9ea-6680-47f1-aded-4d496f7ecd01:group-A2878BEACCC6:LeaderElection12: Election PASSED; received 2 response(s) [3fdab9ea-6680-47f1-aded-4d496f7ecd01<-f785551e-a0af-487c-a25a-ff90660b7a23#0:FAIL-t2, 3fdab9ea-6680-47f1-aded-4d496f7ecd01<-0ec50947-c54d-40fe-a729-b0855dad3f0a#0:OK-t2] and 0 exception(s); 3fdab9ea-6680-47f1-aded-4d496f7ecd01:t2, leader=null, voted=3fdab9ea-6680-47f1-aded-4d496f7ecd01, raftlog=3fdab9ea-6680-47f1-aded-4d496f7ecd01-SegmentedRaftLog:OPENED:c-1,f-1,i0, conf=-1: [3fdab9ea-6680-47f1-aded-4d496f7ecd01:192.168.69.102:40884, f785551e-a0af-487c-a25a-ff90660b7a23:192.168.69.102:44888, 0ec50947-c54d-40fe-a729-b0855dad3f0a:192.168.69.102:45761], old=null
2019-08-28 18:52:52,607 [3fdab9ea-6680-47f1-aded-4d496f7ecd01:group-A2878BEACCC6:LeaderElection12] INFO  impl.RoleInfo (RoleInfo.java:shutdownLeaderElection(134)) - 3fdab9ea-6680-47f1-aded-4d496f7ecd01: shutdown LeaderElection
2019-08-28 18:52:52,619 [3fdab9ea-6680-47f1-aded-4d496f7ecd01:group-A2878BEACCC6:LeaderElection12] INFO  impl.RaftServerImpl (RaftServerImpl.java:setRole(171)) - 3fdab9ea-6680-47f1-aded-4d496f7ecd01:group-A2878BEACCC6 changes role from CANDIDATE to LEADER at term 2 for changeToLeader
2019-08-28 18:52:52,619 [3fdab9ea-6680-47f1-aded-4d496f7ecd01:group-A2878BEACCC6:LeaderElection12] INFO  impl.RaftServerImpl (ServerState.java:setLeader(263)) - 3fdab9ea-6680-47f1-aded-4d496f7ecd01:group-A2878BEACCC6 change Leader from null to 3fdab9ea-6680-47f1-aded-4d496f7ecd01 at term 2 for becomeLeader, leader elected after 10459ms
2019-08-28 18:52:52,619 [f785551e-a0af-487c-a25a-ff90660b7a23:group-A2878BEACCC6:LeaderElection13] INFO  impl.LeaderElection (LeaderElection.java:logAndReturn(56)) - f785551e-a0af-487c-a25a-ff90660b7a23:group-A2878BEACCC6:LeaderElection13: Election REJECTED; received 2 response(s) [f785551e-a0af-487c-a25a-ff90660b7a23<-3fdab9ea-6680-47f1-aded-4d496f7ecd01#0:FAIL-t2, f785551e-a0af-487c-a25a-ff90660b7a23<-0ec50947-c54d-40fe-a729-b0855dad3f0a#0:FAIL-t2] and 0 exception(s); f785551e-a0af-487c-a25a-ff90660b7a23:t2, leader=null, voted=f785551e-a0af-487c-a25a-ff90660b7a23, raftlog=f785551e-a0af-487c-a25a-ff90660b7a23-SegmentedRaftLog:OPENED:c-1,f-1,i0, conf=-1: [3fdab9ea-6680-47f1-aded-4d496f7ecd01:192.168.69.102:40884, f785551e-a0af-487c-a25a-ff90660b7a23:192.168.69.102:44888, 0ec50947-c54d-40fe-a729-b0855dad3f0a:192.168.69.102:45761], old=null
2019-08-28 18:52:52,621 [3fdab9ea-6680-47f1-aded-4d496f7ecd01:group-A2878BEACCC6:LeaderElection12] INFO  server.RaftServerConfigKeys (ConfUtils.java:logGet(43)) - raft.server.staging.catchup.gap = 1000 (default)
2019-08-28 18:52:52,621 [f785551e-a0af-487c-a25a-ff90660b7a23:group-A2878BEACCC6:LeaderElection13] INFO  impl.RaftServerImpl (RaftServerImpl.java:setRole(171)) - f785551e-a0af-487c-a25a-ff90660b7a23:group-A2878BEACCC6 changes role from CANDIDATE to FOLLOWER at term 2 for DISCOVERED_A_NEW_TERM
2019-08-28 18:52:52,623 [3fdab9ea-6680-47f1-aded-4d496f7ecd01:group-A2878BEACCC6:LeaderElection12] INFO  server.RaftServerConfigKeys (ConfUtils.java:logGet(43)) - raft.server.rpc.sleep.time = 25ms (default)
2019-08-28 18:52:52,623 [f785551e-a0af-487c-a25a-ff90660b7a23:group-A2878BEACCC6:LeaderElection13] INFO  impl.RoleInfo (RoleInfo.java:shutdownLeaderElection(134)) - f785551e-a0af-487c-a25a-ff90660b7a23: shutdown LeaderElection
2019-08-28 18:52:52,623 [3fdab9ea-6680-47f1-aded-4d496f7ecd01:group-A2878BEACCC6:LeaderElection12] INFO  server.RaftServerConfigKeys (ConfUtils.java:logGet(43)) - raft.server.write.element-limit = 4096 (default)
2019-08-28 18:52:52,623 [f785551e-a0af-487c-a25a-ff90660b7a23:group-A2878BEACCC6:LeaderElection13] INFO  impl.RoleInfo (RoleInfo.java:updateAndGet(143)) - f785551e-a0af-487c-a25a-ff90660b7a23: start FollowerState
2019-08-28 18:52:52,623 [3fdab9ea-6680-47f1-aded-4d496f7ecd01:group-A2878BEACCC6:LeaderElection12] INFO  server.RaftServerConfigKeys (ConfUtils.java:logGet(43)) - raft.server.watch.timeout = 10s (default)
2019-08-28 18:52:52,623 [3fdab9ea-6680-47f1-aded-4d496f7ecd01:group-A2878BEACCC6:LeaderElection12] INFO  server.RaftServerConfigKeys (ConfUtils.java:logGet(43)) - raft.server.watch.timeout.denomination = 1s (default)
2019-08-28 18:52:52,623 [3fdab9ea-6680-47f1-aded-4d496f7ecd01:group-A2878BEACCC6:LeaderElection12] INFO  server.RaftServerConfigKeys (ConfUtils.java:logGet(43)) - raft.server.watch.element-limit = 65536 (default)
2019-08-28 18:52:52,624 [3fdab9ea-6680-47f1-aded-4d496f7ecd01:group-A2878BEACCC6:LeaderElection12] INFO  server.RaftServerConfigKeys (ConfUtils.java:logGet(43)) - raft.server.log.appender.snapshot.chunk.size.max = 16MB (=16777216) (default)
2019-08-28 18:52:52,624 [3fdab9ea-6680-47f1-aded-4d496f7ecd01:group-A2878BEACCC6:LeaderElection12] INFO  server.RaftServerConfigKeys (ConfUtils.java:logGet(43)) - raft.server.log.appender.buffer.byte-limit = 33554432 (custom)
2019-08-28 18:52:52,624 [3fdab9ea-6680-47f1-aded-4d496f7ecd01:group-A2878BEACCC6:LeaderElection12] INFO  server.RaftServerConfigKeys (ConfUtils.java:logGet(43)) - raft.server.log.appender.buffer.element-limit = 1 (custom)
2019-08-28 18:52:52,624 [3fdab9ea-6680-47f1-aded-4d496f7ecd01:group-A2878BEACCC6:LeaderElection12] INFO  grpc.GrpcConfigKeys$Server (ConfUtils.java:logGet(43)) - raft.grpc.server.leader.outstanding.appends.max = 128 (default)
2019-08-28 18:52:52,624 [3fdab9ea-6680-47f1-aded-4d496f7ecd01:group-A2878BEACCC6:LeaderElection12] INFO  server.RaftServerConfigKeys (ConfUtils.java:logGet(43)) - raft.server.rpc.request.timeout = 3000ms (default)
2019-08-28 18:52:52,624 [3fdab9ea-6680-47f1-aded-4d496f7ecd01:group-A2878BEACCC6:LeaderElection12] INFO  server.RaftServerConfigKeys (ConfUtils.java:logGet(43)) - raft.server.log.appender.install.snapshot.enabled = false (custom)
2019-08-28 18:52:52,625 [3fdab9ea-6680-47f1-aded-4d496f7ecd01:group-A2878BEACCC6:LeaderElection12] INFO  server.RaftServerConfigKeys (ConfUtils.java:logGet(43)) - raft.server.log.appender.snapshot.chunk.size.max = 16MB (=16777216) (default)
2019-08-28 18:52:52,625 [3fdab9ea-6680-47f1-aded-4d496f7ecd01:group-A2878BEACCC6:LeaderElection12] INFO  server.RaftServerConfigKeys (ConfUtils.java:logGet(43)) - raft.server.log.appender.buffer.byte-limit = 33554432 (custom)
2019-08-28 18:52:52,625 [3fdab9ea-6680-47f1-aded-4d496f7ecd01:group-A2878BEACCC6:LeaderElection12] INFO  server.RaftServerConfigKeys (ConfUtils.java:logGet(43)) - raft.server.log.appender.buffer.element-limit = 1 (custom)
2019-08-28 18:52:52,625 [3fdab9ea-6680-47f1-aded-4d496f7ecd01:group-A2878BEACCC6:LeaderElection12] INFO  grpc.GrpcConfigKeys$Server (ConfUtils.java:logGet(43)) - raft.grpc.server.leader.outstanding.appends.max = 128 (default)
2019-08-28 18:52:52,625 [3fdab9ea-6680-47f1-aded-4d496f7ecd01:group-A2878BEACCC6:LeaderElection12] INFO  server.RaftServerConfigKeys (ConfUtils.java:logGet(43)) - raft.server.rpc.request.timeout = 3000ms (default)
2019-08-28 18:52:52,625 [3fdab9ea-6680-47f1-aded-4d496f7ecd01:group-A2878BEACCC6:LeaderElection12] INFO  server.RaftServerConfigKeys (ConfUtils.java:logGet(43)) - raft.server.log.appender.install.snapshot.enabled = false (custom)
2019-08-28 18:52:52,626 [3fdab9ea-6680-47f1-aded-4d496f7ecd01:group-A2878BEACCC6:LeaderElection12] INFO  impl.RoleInfo (RoleInfo.java:updateAndGet(143)) - 3fdab9ea-6680-47f1-aded-4d496f7ecd01: start LeaderState
2019-08-28 18:52:52,626 [3fdab9ea-6680-47f1-aded-4d496f7ecd01:group-A2878BEACCC6:LeaderElection12] INFO  segmented.SegmentedRaftLogWorker (SegmentedRaftLogWorker.java:startLogSegment(380)) - 3fdab9ea-6680-47f1-aded-4d496f7ecd01-SegmentedRaftLogWorker:Storage Directory /workdir/hadoop-ozone/integration-test/target/test-dir/MiniOzoneClusterImpl-c80cd34b-7aaf-457d-8c82-c76acd6115b4/datanode-4/data/ratis/c9706caa-34c2-45ec-8f67-a2878beaccc6: Starting segment from index:0
2019-08-28 18:52:52,627 [3fdab9ea-6680-47f1-aded-4d496f7ecd01:group-A2878BEACCC6:LeaderElection12] INFO  impl.RaftServerImpl (ServerState.java:setRaftConf(361)) - 3fdab9ea-6680-47f1-aded-4d496f7ecd01:group-A2878BEACCC6 set configuration 0: [3fdab9ea-6680-47f1-aded-4d496f7ecd01:192.168.69.102:40884, f785551e-a0af-487c-a25a-ff90660b7a23:192.168.69.102:44888, 0ec50947-c54d-40fe-a729-b0855dad3f0a:192.168.69.102:45761], old=null at 0
2019-08-28 18:52:52,630 [grpc-default-executor-5] INFO  impl.RaftServerImpl (ServerState.java:setLeader(263)) - f785551e-a0af-487c-a25a-ff90660b7a23:group-A2878BEACCC6 change Leader from null to 3fdab9ea-6680-47f1-aded-4d496f7ecd01 at term 2 for appendEntries, leader elected after 10470ms
2019-08-28 18:52:52,630 [grpc-default-executor-4] INFO  impl.RaftServerImpl (ServerState.java:setLeader(263)) - 0ec50947-c54d-40fe-a729-b0855dad3f0a:group-A2878BEACCC6 change Leader from null to 3fdab9ea-6680-47f1-aded-4d496f7ecd01 at term 2 for appendEntries, leader elected after 10473ms
2019-08-28 18:52:52,641 [grpc-default-executor-5] INFO  impl.RaftServerImpl (ServerState.java:setRaftConf(361)) - f785551e-a0af-487c-a25a-ff90660b7a23:group-A2878BEACCC6 set configuration 0: [3fdab9ea-6680-47f1-aded-4d496f7ecd01:192.168.69.102:40884, f785551e-a0af-487c-a25a-ff90660b7a23:192.168.69.102:44888, 0ec50947-c54d-40fe-a729-b0855dad3f0a:192.168.69.102:45761], old=null at 0
2019-08-28 18:52:52,642 [grpc-default-executor-4] INFO  impl.RaftServerImpl (ServerState.java:setRaftConf(361)) - 0ec50947-c54d-40fe-a729-b0855dad3f0a:group-A2878BEACCC6 set configuration 0: [3fdab9ea-6680-47f1-aded-4d496f7ecd01:192.168.69.102:40884, f785551e-a0af-487c-a25a-ff90660b7a23:192.168.69.102:44888, 0ec50947-c54d-40fe-a729-b0855dad3f0a:192.168.69.102:45761], old=null at 0
2019-08-28 18:52:52,642 [grpc-default-executor-5] INFO  segmented.SegmentedRaftLogWorker (SegmentedRaftLogWorker.java:startLogSegment(380)) - f785551e-a0af-487c-a25a-ff90660b7a23-SegmentedRaftLogWorker:Storage Directory /workdir/hadoop-ozone/integration-test/target/test-dir/MiniOzoneClusterImpl-c80cd34b-7aaf-457d-8c82-c76acd6115b4/datanode-0/data/ratis/c9706caa-34c2-45ec-8f67-a2878beaccc6: Starting segment from index:0
2019-08-28 18:52:52,642 [grpc-default-executor-4] INFO  segmented.SegmentedRaftLogWorker (SegmentedRaftLogWorker.java:startLogSegment(380)) - 0ec50947-c54d-40fe-a729-b0855dad3f0a-SegmentedRaftLogWorker:Storage Directory /workdir/hadoop-ozone/integration-test/target/test-dir/MiniOzoneClusterImpl-c80cd34b-7aaf-457d-8c82-c76acd6115b4/datanode-6/data/ratis/c9706caa-34c2-45ec-8f67-a2878beaccc6: Starting segment from index:0
2019-08-28 18:52:52,684 [3fdab9ea-6680-47f1-aded-4d496f7ecd01-SegmentedRaftLogWorker:Storage Directory /workdir/hadoop-ozone/integration-test/target/test-dir/MiniOzoneClusterImpl-c80cd34b-7aaf-457d-8c82-c76acd6115b4/datanode-4/data/ratis/c9706caa-34c2-45ec-8f67-a2878beaccc6] INFO  segmented.SegmentedRaftLogWorker (SegmentedRaftLogWorker.java:execute(569)) - 3fdab9ea-6680-47f1-aded-4d496f7ecd01-SegmentedRaftLogWorker:Storage Directory /workdir/hadoop-ozone/integration-test/target/test-dir/MiniOzoneClusterImpl-c80cd34b-7aaf-457d-8c82-c76acd6115b4/datanode-4/data/ratis/c9706caa-34c2-45ec-8f67-a2878beaccc6: created new log segment /workdir/hadoop-ozone/integration-test/target/test-dir/MiniOzoneClusterImpl-c80cd34b-7aaf-457d-8c82-c76acd6115b4/datanode-4/data/ratis/c9706caa-34c2-45ec-8f67-a2878beaccc6/current/log_inprogress_0
2019-08-28 18:52:52,685 [0ec50947-c54d-40fe-a729-b0855dad3f0a-SegmentedRaftLogWorker:Storage Directory /workdir/hadoop-ozone/integration-test/target/test-dir/MiniOzoneClusterImpl-c80cd34b-7aaf-457d-8c82-c76acd6115b4/datanode-6/data/ratis/c9706caa-34c2-45ec-8f67-a2878beaccc6] INFO  segmented.SegmentedRaftLogWorker (SegmentedRaftLogWorker.java:execute(569)) - 0ec50947-c54d-40fe-a729-b0855dad3f0a-SegmentedRaftLogWorker:Storage Directory /workdir/hadoop-ozone/integration-test/target/test-dir/MiniOzoneClusterImpl-c80cd34b-7aaf-457d-8c82-c76acd6115b4/datanode-6/data/ratis/c9706caa-34c2-45ec-8f67-a2878beaccc6: created new log segment /workdir/hadoop-ozone/integration-test/target/test-dir/MiniOzoneClusterImpl-c80cd34b-7aaf-457d-8c82-c76acd6115b4/datanode-6/data/ratis/c9706caa-34c2-45ec-8f67-a2878beaccc6/current/log_inprogress_0
2019-08-28 18:52:52,685 [f785551e-a0af-487c-a25a-ff90660b7a23-SegmentedRaftLogWorker:Storage Directory /workdir/hadoop-ozone/integration-test/target/test-dir/MiniOzoneClusterImpl-c80cd34b-7aaf-457d-8c82-c76acd6115b4/datanode-0/data/ratis/c9706caa-34c2-45ec-8f67-a2878beaccc6] INFO  segmented.SegmentedRaftLogWorker (SegmentedRaftLogWorker.java:execute(569)) - f785551e-a0af-487c-a25a-ff90660b7a23-SegmentedRaftLogWorker:Storage Directory /workdir/hadoop-ozone/integration-test/target/test-dir/MiniOzoneClusterImpl-c80cd34b-7aaf-457d-8c82-c76acd6115b4/datanode-0/data/ratis/c9706caa-34c2-45ec-8f67-a2878beaccc6: created new log segment /workdir/hadoop-ozone/integration-test/target/test-dir/MiniOzoneClusterImpl-c80cd34b-7aaf-457d-8c82-c76acd6115b4/datanode-0/data/ratis/c9706caa-34c2-45ec-8f67-a2878beaccc6/current/log_inprogress_0
2019-08-28 18:52:52,752 | INFO  | SCMAudit | user=jenkins1000 | ip=192.168.69.102 | op=SEND_HEARTBEAT {datanodeUUID=2c9db6f5-ae6c-456e-aac1-300011bebd0b, command=[]} | ret=SUCCESS |  
2019-08-28 18:52:52,859 | INFO  | SCMAudit | user=jenkins1000 | ip=192.168.69.102 | op=SEND_HEARTBEAT {datanodeUUID=f785551e-a0af-487c-a25a-ff90660b7a23, command=[]} | ret=SUCCESS |  
2019-08-28 18:52:52,964 | INFO  | SCMAudit | user=jenkins1000 | ip=192.168.69.102 | op=SEND_HEARTBEAT {datanodeUUID=ee626ce8-1972-4fe0-bbbc-07baa9e228a9, command=[]} | ret=SUCCESS |  
2019-08-28 18:52:52,971 | INFO  | SCMAudit | user=jenkins1000 | ip=192.168.69.102 | op=SEND_HEARTBEAT {datanodeUUID=8e467a3f-4a15-4133-b9dc-29f72d763c9b, command=[]} | ret=SUCCESS |  
2019-08-28 18:52:53,050 | INFO  | SCMAudit | user=jenkins1000 | ip=192.168.69.102 | op=SEND_HEARTBEAT {datanodeUUID=3fdab9ea-6680-47f1-aded-4d496f7ecd01, command=[]} | ret=SUCCESS |  
2019-08-28 18:52:53,069 [EventQueue-StaleNodeForStaleNodeHandler] INFO  node.StaleNodeHandler (StaleNodeHandler.java:onMessage(58)) - Datanode 79e7307e-2f03-4236-add7-13e1eabe57b5{ip: 192.168.69.102, host: pr-hdds-1783-trunk-gtrxg-786569963, networkLocation: /default-rack, certSerialId: null} moved to stale state. Finalizing its pipelines [PipelineID=7bb60850-7dfe-47e4-93e4-e16ef6b83b8d, PipelineID=5e7fb1c4-75d0-470f-ba55-7a6df1d60b2d]
2019-08-28 18:52:53,084 [EventQueue-StaleNodeForStaleNodeHandler] INFO  pipeline.SCMPipelineManager (SCMPipelineManager.java:finalizeAndDestroyPipeline(309)) - destroying pipeline:Pipeline[ Id: 7bb60850-7dfe-47e4-93e4-e16ef6b83b8d, Nodes: 79e7307e-2f03-4236-add7-13e1eabe57b5{ip: 192.168.69.102, host: pr-hdds-1783-trunk-gtrxg-786569963, networkLocation: /default-rack, certSerialId: null}ee626ce8-1972-4fe0-bbbc-07baa9e228a9{ip: 192.168.69.102, host: pr-hdds-1783-trunk-gtrxg-786569963, networkLocation: /default-rack, certSerialId: null}8e467a3f-4a15-4133-b9dc-29f72d763c9b{ip: 192.168.69.102, host: pr-hdds-1783-trunk-gtrxg-786569963, networkLocation: /default-rack, certSerialId: null}, Type:RATIS, Factor:THREE, State:OPEN]
2019-08-28 18:52:53,086 [EventQueue-StaleNodeForStaleNodeHandler] INFO  pipeline.PipelineStateManager (PipelineStateManager.java:finalizePipeline(123)) - Pipeline Pipeline[ Id: 7bb60850-7dfe-47e4-93e4-e16ef6b83b8d, Nodes: 79e7307e-2f03-4236-add7-13e1eabe57b5{ip: 192.168.69.102, host: pr-hdds-1783-trunk-gtrxg-786569963, networkLocation: /default-rack, certSerialId: null}ee626ce8-1972-4fe0-bbbc-07baa9e228a9{ip: 192.168.69.102, host: pr-hdds-1783-trunk-gtrxg-786569963, networkLocation: /default-rack, certSerialId: null}8e467a3f-4a15-4133-b9dc-29f72d763c9b{ip: 192.168.69.102, host: pr-hdds-1783-trunk-gtrxg-786569963, networkLocation: /default-rack, certSerialId: null}, Type:RATIS, Factor:THREE, State:CLOSED] moved to CLOSED state
2019-08-28 18:52:53,087 [EventQueue-CloseContainerForCloseContainerEventHandler] INFO  container.CloseContainerEventHandler (CloseContainerEventHandler.java:onMessage(61)) - Close container Event triggered for container : #1
2019-08-28 18:52:53,089 [EventQueue-StaleNodeForStaleNodeHandler] INFO  pipeline.SCMPipelineManager (SCMPipelineManager.java:finalizeAndDestroyPipeline(309)) - destroying pipeline:Pipeline[ Id: 5e7fb1c4-75d0-470f-ba55-7a6df1d60b2d, Nodes: 79e7307e-2f03-4236-add7-13e1eabe57b5{ip: 192.168.69.102, host: pr-hdds-1783-trunk-gtrxg-786569963, networkLocation: /default-rack, certSerialId: null}, Type:RATIS, Factor:ONE, State:OPEN]
2019-08-28 18:52:53,090 [EventQueue-StaleNodeForStaleNodeHandler] INFO  pipeline.PipelineStateManager (PipelineStateManager.java:finalizePipeline(123)) - Pipeline Pipeline[ Id: 5e7fb1c4-75d0-470f-ba55-7a6df1d60b2d, Nodes: 79e7307e-2f03-4236-add7-13e1eabe57b5{ip: 192.168.69.102, host: pr-hdds-1783-trunk-gtrxg-786569963, networkLocation: /default-rack, certSerialId: null}, Type:RATIS, Factor:ONE, State:CLOSED] moved to CLOSED state
2019-08-28 18:52:53,598 | INFO  | SCMAudit | user=jenkins1000 | ip=192.168.69.102 | op=SEND_HEARTBEAT {datanodeUUID=0ec50947-c54d-40fe-a729-b0855dad3f0a, command=[]} | ret=SUCCESS |  
2019-08-28 18:52:53,751 | INFO  | SCMAudit | user=jenkins1000 | ip=192.168.69.102 | op=SEND_HEARTBEAT {datanodeUUID=2c9db6f5-ae6c-456e-aac1-300011bebd0b, command=[]} | ret=SUCCESS |  
2019-08-28 18:52:53,824 [main] INFO  ozoneimpl.OzoneContainer (OzoneContainer.java:stop(199)) - Attempting to stop container services.
2019-08-28 18:52:53,825 [main] INFO  impl.RaftServerProxy (RaftServerProxy.java:lambda$close$4(314)) - 79e7307e-2f03-4236-add7-13e1eabe57b5: close
2019-08-28 18:52:53,828 [main] INFO  impl.RaftServerImpl (RaftServerImpl.java:lambda$shutdown$3(245)) - 79e7307e-2f03-4236-add7-13e1eabe57b5: shutdown group-E16EF6B83B8D
2019-08-28 18:52:53,828 [main] INFO  util.JmxRegister (JmxRegister.java:unregister(73)) - Successfully un-registered JMX Bean with object name Ratis:service=RaftServer,group=group-E16EF6B83B8D,id=79e7307e-2f03-4236-add7-13e1eabe57b5
2019-08-28 18:52:53,829 [main] INFO  impl.RoleInfo (RoleInfo.java:shutdownFollowerState(121)) - 79e7307e-2f03-4236-add7-13e1eabe57b5: shutdown FollowerState
2019-08-28 18:52:53,829 [main] INFO  impl.StateMachineUpdater (StateMachineUpdater.java:stopAndJoin(115)) - StateMachineUpdater:79e7307e-2f03-4236-add7-13e1eabe57b5:group-E16EF6B83B8D: set stopIndex = 15
2019-08-28 18:52:53,829 [Thread-314] INFO  impl.FollowerState (FollowerState.java:run(114)) - 79e7307e-2f03-4236-add7-13e1eabe57b5: FollowerState was interrupted: java.lang.InterruptedException: sleep interrupted
2019-08-28 18:52:53,830 [StateMachineUpdater:79e7307e-2f03-4236-add7-13e1eabe57b5:group-E16EF6B83B8D] INFO  ratis.ContainerStateMachine (ContainerStateMachine.java:takeSnapshot(283)) - group-E16EF6B83B8D: Taking a snapshot at:(t:1, i:14) file /workdir/hadoop-ozone/integration-test/target/test-dir/MiniOzoneClusterImpl-c80cd34b-7aaf-457d-8c82-c76acd6115b4/datanode-1/data/ratis/7bb60850-7dfe-47e4-93e4-e16ef6b83b8d/sm/snapshot.1_14
2019-08-28 18:52:53,860 | INFO  | SCMAudit | user=jenkins1000 | ip=192.168.69.102 | op=SEND_HEARTBEAT {datanodeUUID=f785551e-a0af-487c-a25a-ff90660b7a23, command=[]} | ret=SUCCESS |  
2019-08-28 18:52:53,869 [StateMachineUpdater:79e7307e-2f03-4236-add7-13e1eabe57b5:group-E16EF6B83B8D] INFO  ratis.ContainerStateMachine (ContainerStateMachine.java:takeSnapshot(294)) - group-E16EF6B83B8D: Finished taking a snapshot at:(t:1, i:14) file:/workdir/hadoop-ozone/integration-test/target/test-dir/MiniOzoneClusterImpl-c80cd34b-7aaf-457d-8c82-c76acd6115b4/datanode-1/data/ratis/7bb60850-7dfe-47e4-93e4-e16ef6b83b8d/sm/snapshot.1_14 time:40
2019-08-28 18:52:53,869 [StateMachineUpdater:79e7307e-2f03-4236-add7-13e1eabe57b5:group-E16EF6B83B8D] INFO  impl.StateMachineUpdater (StateMachineUpdater.java:takeSnapshot(242)) - StateMachineUpdater:79e7307e-2f03-4236-add7-13e1eabe57b5:group-E16EF6B83B8D: Took a snapshot at index 14
2019-08-28 18:52:53,874 [StateMachineUpdater:79e7307e-2f03-4236-add7-13e1eabe57b5:group-E16EF6B83B8D] INFO  impl.StateMachineUpdater (StateMachineUpdater.java:lambda$new$0(80)) - StateMachineUpdater:79e7307e-2f03-4236-add7-13e1eabe57b5:group-E16EF6B83B8D: snapshotIndex: updateIncreasingly -1 -> 14
2019-08-28 18:52:53,880 [main] INFO  impl.RaftServerImpl (ServerState.java:close(394)) - 79e7307e-2f03-4236-add7-13e1eabe57b5:group-E16EF6B83B8D closes. The last applied log index is 15
2019-08-28 18:52:53,884 [79e7307e-2f03-4236-add7-13e1eabe57b5-SegmentedRaftLogWorker:Storage Directory /workdir/hadoop-ozone/integration-test/target/test-dir/MiniOzoneClusterImpl-c80cd34b-7aaf-457d-8c82-c76acd6115b4/datanode-1/data/ratis/7bb60850-7dfe-47e4-93e4-e16ef6b83b8d] INFO  segmented.SegmentedRaftLogWorker (SegmentedRaftLogWorker.java:run(313)) - 79e7307e-2f03-4236-add7-13e1eabe57b5-SegmentedRaftLogWorker:Storage Directory /workdir/hadoop-ozone/integration-test/target/test-dir/MiniOzoneClusterImpl-c80cd34b-7aaf-457d-8c82-c76acd6115b4/datanode-1/data/ratis/7bb60850-7dfe-47e4-93e4-e16ef6b83b8d was interrupted, exiting. There are 0 tasks remaining in the queue.
2019-08-28 18:52:53,887 [main] INFO  segmented.SegmentedRaftLogWorker (SegmentedRaftLogWorker.java:close(228)) - 79e7307e-2f03-4236-add7-13e1eabe57b5-SegmentedRaftLogWorker:Storage Directory /workdir/hadoop-ozone/integration-test/target/test-dir/MiniOzoneClusterImpl-c80cd34b-7aaf-457d-8c82-c76acd6115b4/datanode-1/data/ratis/7bb60850-7dfe-47e4-93e4-e16ef6b83b8d close()
2019-08-28 18:52:53,891 [main] INFO  impl.RaftServerImpl (RaftServerImpl.java:lambda$shutdown$3(245)) - 79e7307e-2f03-4236-add7-13e1eabe57b5: shutdown group-7A6DF1D60B2D
2019-08-28 18:52:53,892 [main] INFO  util.JmxRegister (JmxRegister.java:unregister(73)) - Successfully un-registered JMX Bean with object name Ratis:service=RaftServer,group=group-7A6DF1D60B2D,id=79e7307e-2f03-4236-add7-13e1eabe57b5
2019-08-28 18:52:53,892 [main] INFO  impl.RoleInfo (RoleInfo.java:shutdownLeaderState(104)) - 79e7307e-2f03-4236-add7-13e1eabe57b5: shutdown LeaderState
2019-08-28 18:52:53,893 [main] INFO  impl.PendingRequests (PendingRequests.java:sendNotLeaderResponses(202)) - 79e7307e-2f03-4236-add7-13e1eabe57b5-PendingRequests: sendNotLeaderResponses
2019-08-28 18:52:53,895 [main] INFO  impl.StateMachineUpdater (StateMachineUpdater.java:stopAndJoin(115)) - StateMachineUpdater:79e7307e-2f03-4236-add7-13e1eabe57b5:group-7A6DF1D60B2D: set stopIndex = 0
2019-08-28 18:52:53,895 [main] INFO  impl.RaftServerImpl (ServerState.java:close(394)) - 79e7307e-2f03-4236-add7-13e1eabe57b5:group-7A6DF1D60B2D closes. The last applied log index is 0
2019-08-28 18:52:53,896 [79e7307e-2f03-4236-add7-13e1eabe57b5-SegmentedRaftLogWorker:Storage Directory /workdir/hadoop-ozone/integration-test/target/test-dir/MiniOzoneClusterImpl-c80cd34b-7aaf-457d-8c82-c76acd6115b4/datanode-1/data/ratis/5e7fb1c4-75d0-470f-ba55-7a6df1d60b2d] INFO  segmented.SegmentedRaftLogWorker (SegmentedRaftLogWorker.java:run(313)) - 79e7307e-2f03-4236-add7-13e1eabe57b5-SegmentedRaftLogWorker:Storage Directory /workdir/hadoop-ozone/integration-test/target/test-dir/MiniOzoneClusterImpl-c80cd34b-7aaf-457d-8c82-c76acd6115b4/datanode-1/data/ratis/5e7fb1c4-75d0-470f-ba55-7a6df1d60b2d was interrupted, exiting. There are 0 tasks remaining in the queue.
2019-08-28 18:52:53,898 [main] INFO  segmented.SegmentedRaftLogWorker (SegmentedRaftLogWorker.java:close(228)) - 79e7307e-2f03-4236-add7-13e1eabe57b5-SegmentedRaftLogWorker:Storage Directory /workdir/hadoop-ozone/integration-test/target/test-dir/MiniOzoneClusterImpl-c80cd34b-7aaf-457d-8c82-c76acd6115b4/datanode-1/data/ratis/5e7fb1c4-75d0-470f-ba55-7a6df1d60b2d close()
2019-08-28 18:52:53,903 [main] INFO  server.GrpcService (GrpcService.java:closeImpl(155)) - 79e7307e-2f03-4236-add7-13e1eabe57b5: shutdown server with port 45684 now
2019-08-28 18:52:53,908 [main] INFO  server.GrpcService (GrpcService.java:closeImpl(163)) - 79e7307e-2f03-4236-add7-13e1eabe57b5: shutdown server with port 45684 successfully
2019-08-28 18:52:53,909 [grpc-default-executor-5] WARN  server.GrpcServerProtocolService (LogUtils.java:warn(134)) - 79e7307e-2f03-4236-add7-13e1eabe57b5: appendEntries onError: org.apache.ratis.thirdparty.io.grpc.StatusRuntimeException: CANCELLED: cancelled before receiving half close
2019-08-28 18:52:53,912 [main] INFO  utils.BackgroundService (BackgroundService.java:shutdown(148)) - Shutting down service BlockDeletingService
2019-08-28 18:52:53,914 [grpc-default-executor-4] WARN  server.GrpcLogAppender (LogUtils.java:warn(134)) - ee626ce8-1972-4fe0-bbbc-07baa9e228a9->79e7307e-2f03-4236-add7-13e1eabe57b5: Failed appendEntries: org.apache.ratis.thirdparty.io.grpc.StatusRuntimeException: CANCELLED: HTTP/2 error code: CANCEL
Received Rst Stream
2019-08-28 18:52:53,914 [refreshUsed-/workdir/hadoop-ozone/integration-test/target/test-dir/MiniOzoneClusterImpl-c80cd34b-7aaf-457d-8c82-c76acd6115b4/datanode-1/data/containers] WARN  fs.CachingGetSpaceUsed (CachingGetSpaceUsed.java:run(183)) - Thread Interrupted waiting to refresh disk information: sleep interrupted
2019-08-28 18:52:53,918 [grpc-default-executor-4] INFO  impl.FollowerInfo (FollowerInfo.java:lambda$new$0(50)) - ee626ce8-1972-4fe0-bbbc-07baa9e228a9->79e7307e-2f03-4236-add7-13e1eabe57b5: nextIndex: updateUnconditionally 16 -> 15
2019-08-28 18:52:53,940 [main] INFO  statemachine.DatanodeStateMachine (DatanodeStateMachine.java:stopDaemon(395)) - Ozone container server stopped.
2019-08-28 18:52:53,952 [main] INFO  handler.ContextHandler (ContextHandler.java:doStop(910)) - Stopped o.e.j.w.WebAppContext@265a094b{/,null,UNAVAILABLE}{/hddsDatanode}
2019-08-28 18:52:53,958 [main] INFO  server.AbstractConnector (AbstractConnector.java:doStop(318)) - Stopped ServerConnector@1f536481{HTTP/1.1,[http/1.1]}{0.0.0.0:0}
2019-08-28 18:52:53,959 [main] INFO  handler.ContextHandler (ContextHandler.java:doStop(910)) - Stopped o.e.j.s.ServletContextHandler@68af87ad{/static,jar:file:/home/user/.m2/repository/org/apache/hadoop/hadoop-hdds-container-service/0.5.0-SNAPSHOT/hadoop-hdds-container-service-0.5.0-SNAPSHOT.jar!/webapps/static,UNAVAILABLE}
2019-08-28 18:52:53,959 [main] INFO  handler.ContextHandler (ContextHandler.java:doStop(910)) - Stopped o.e.j.s.ServletContextHandler@44f0ff2b{/logs,file:///workdir/hadoop-ozone/integration-test/target/log,UNAVAILABLE}
2019-08-28 18:52:53,961 [main] INFO  datanode.ObjectStoreHandler (ObjectStoreHandler.java:close(155)) - Closing ObjectStoreHandler.
2019-08-28 18:52:53,962 [main] INFO  ozone.HddsDatanodeService (HddsDatanodeService.java:stop(451)) - Stopped plug-in org.apache.hadoop.ozone.web.OzoneHddsDatanodeService@70881123
2019-08-28 18:52:53,962 [Datanode State Machine Thread - 0] INFO  statemachine.DatanodeStateMachine (DatanodeStateMachine.java:lambda$startDaemon$0(350)) - Ozone container server started.
2019-08-28 18:52:53,996 | INFO  | SCMAudit | user=jenkins1000 | ip=192.168.69.102 | op=SEND_HEARTBEAT {datanodeUUID=8e467a3f-4a15-4133-b9dc-29f72d763c9b, command=[commandType: closeContainerCommand closeContainerCommandProto { containerID: 1 pipelineID { id: "7bb60850-7dfe-47e4-93e4-e16ef6b83b8d" } cmdId: 1 force: false } ]} | ret=SUCCESS |  
2019-08-28 18:52:54,050 | INFO  | SCMAudit | user=jenkins1000 | ip=192.168.69.102 | op=SEND_HEARTBEAT {datanodeUUID=3fdab9ea-6680-47f1-aded-4d496f7ecd01, command=[]} | ret=SUCCESS |  
2019-08-28 18:52:54,599 | INFO  | SCMAudit | user=jenkins1000 | ip=192.168.69.102 | op=SEND_HEARTBEAT {datanodeUUID=0ec50947-c54d-40fe-a729-b0855dad3f0a, command=[]} | ret=SUCCESS |  
2019-08-28 18:52:54,752 | INFO  | SCMAudit | user=jenkins1000 | ip=192.168.69.102 | op=SEND_HEARTBEAT {datanodeUUID=2c9db6f5-ae6c-456e-aac1-300011bebd0b, command=[]} | ret=SUCCESS |  
2019-08-28 18:52:54,860 | INFO  | SCMAudit | user=jenkins1000 | ip=192.168.69.102 | op=SEND_HEARTBEAT {datanodeUUID=f785551e-a0af-487c-a25a-ff90660b7a23, command=[]} | ret=SUCCESS |  
2019-08-28 18:52:54,970 | INFO  | SCMAudit | user=jenkins1000 | ip=192.168.69.102 | op=SEND_HEARTBEAT {datanodeUUID=8e467a3f-4a15-4133-b9dc-29f72d763c9b, command=[]} | ret=SUCCESS |  
2019-08-28 18:52:55,050 | INFO  | SCMAudit | user=jenkins1000 | ip=192.168.69.102 | op=SEND_HEARTBEAT {datanodeUUID=3fdab9ea-6680-47f1-aded-4d496f7ecd01, command=[]} | ret=SUCCESS |  
2019-08-28 18:52:55,599 | INFO  | SCMAudit | user=jenkins1000 | ip=192.168.69.102 | op=SEND_HEARTBEAT {datanodeUUID=0ec50947-c54d-40fe-a729-b0855dad3f0a, command=[]} | ret=SUCCESS |  
2019-08-28 18:52:55,752 | INFO  | SCMAudit | user=jenkins1000 | ip=192.168.69.102 | op=SEND_HEARTBEAT {datanodeUUID=2c9db6f5-ae6c-456e-aac1-300011bebd0b, command=[]} | ret=SUCCESS |  
2019-08-28 18:52:55,860 | INFO  | SCMAudit | user=jenkins1000 | ip=192.168.69.102 | op=SEND_HEARTBEAT {datanodeUUID=f785551e-a0af-487c-a25a-ff90660b7a23, command=[]} | ret=SUCCESS |  
2019-08-28 18:52:55,971 | INFO  | SCMAudit | user=jenkins1000 | ip=192.168.69.102 | op=SEND_HEARTBEAT {datanodeUUID=8e467a3f-4a15-4133-b9dc-29f72d763c9b, command=[]} | ret=SUCCESS |  
2019-08-28 18:52:56,017 | INFO  | SCMAudit | user=jenkins1000 | ip=192.168.69.102 | op=SEND_HEARTBEAT {datanodeUUID=8e467a3f-4a15-4133-b9dc-29f72d763c9b, command=[]} | ret=SUCCESS |  
2019-08-28 18:52:56,051 | INFO  | SCMAudit | user=jenkins1000 | ip=192.168.69.102 | op=SEND_HEARTBEAT {datanodeUUID=3fdab9ea-6680-47f1-aded-4d496f7ecd01, command=[]} | ret=SUCCESS |  
2019-08-28 18:52:56,343 [grpc-default-executor-5] WARN  server.GrpcLogAppender (LogUtils.java:warn(134)) - ee626ce8-1972-4fe0-bbbc-07baa9e228a9->79e7307e-2f03-4236-add7-13e1eabe57b5: Failed appendEntries: org.apache.ratis.thirdparty.io.grpc.StatusRuntimeException: UNAVAILABLE: io exception
2019-08-28 18:52:56,346 [grpc-default-executor-5] INFO  impl.FollowerInfo (FollowerInfo.java:lambda$new$0(50)) - ee626ce8-1972-4fe0-bbbc-07baa9e228a9->79e7307e-2f03-4236-add7-13e1eabe57b5: nextIndex: updateUnconditionally 15 -> 14
2019-08-28 18:52:56,599 | INFO  | SCMAudit | user=jenkins1000 | ip=192.168.69.102 | op=SEND_HEARTBEAT {datanodeUUID=0ec50947-c54d-40fe-a729-b0855dad3f0a, command=[]} | ret=SUCCESS |  
2019-08-28 18:52:56,752 | INFO  | SCMAudit | user=jenkins1000 | ip=192.168.69.102 | op=SEND_HEARTBEAT {datanodeUUID=2c9db6f5-ae6c-456e-aac1-300011bebd0b, command=[]} | ret=SUCCESS |  
2019-08-28 18:52:56,860 | INFO  | SCMAudit | user=jenkins1000 | ip=192.168.69.102 | op=SEND_HEARTBEAT {datanodeUUID=f785551e-a0af-487c-a25a-ff90660b7a23, command=[]} | ret=SUCCESS |  
2019-08-28 18:52:57,017 | INFO  | SCMAudit | user=jenkins1000 | ip=192.168.69.102 | op=SEND_HEARTBEAT {datanodeUUID=8e467a3f-4a15-4133-b9dc-29f72d763c9b, command=[]} | ret=SUCCESS |  
2019-08-28 18:52:57,050 | INFO  | SCMAudit | user=jenkins1000 | ip=192.168.69.102 | op=SEND_HEARTBEAT {datanodeUUID=3fdab9ea-6680-47f1-aded-4d496f7ecd01, command=[]} | ret=SUCCESS |  
2019-08-28 18:52:57,599 | INFO  | SCMAudit | user=jenkins1000 | ip=192.168.69.102 | op=SEND_HEARTBEAT {datanodeUUID=0ec50947-c54d-40fe-a729-b0855dad3f0a, command=[]} | ret=SUCCESS |  
2019-08-28 18:52:57,752 | INFO  | SCMAudit | user=jenkins1000 | ip=192.168.69.102 | op=SEND_HEARTBEAT {datanodeUUID=2c9db6f5-ae6c-456e-aac1-300011bebd0b, command=[]} | ret=SUCCESS |  
2019-08-28 18:52:57,861 | INFO  | SCMAudit | user=jenkins1000 | ip=192.168.69.102 | op=SEND_HEARTBEAT {datanodeUUID=f785551e-a0af-487c-a25a-ff90660b7a23, command=[]} | ret=SUCCESS |  
2019-08-28 18:52:57,981 [EventQueue-StaleNodeForStaleNodeHandler] INFO  node.StaleNodeHandler (StaleNodeHandler.java:onMessage(58)) - Datanode ee626ce8-1972-4fe0-bbbc-07baa9e228a9{ip: 192.168.69.102, host: pr-hdds-1783-trunk-gtrxg-786569963, networkLocation: /default-rack, certSerialId: null} moved to stale state. Finalizing its pipelines [PipelineID=ca982efb-163f-4098-8a10-5e0482e4fa76, PipelineID=7bb60850-7dfe-47e4-93e4-e16ef6b83b8d]
2019-08-28 18:52:57,982 [EventQueue-StaleNodeForStaleNodeHandler] INFO  pipeline.SCMPipelineManager (SCMPipelineManager.java:finalizeAndDestroyPipeline(309)) - destroying pipeline:Pipeline[ Id: ca982efb-163f-4098-8a10-5e0482e4fa76, Nodes: ee626ce8-1972-4fe0-bbbc-07baa9e228a9{ip: 192.168.69.102, host: pr-hdds-1783-trunk-gtrxg-786569963, networkLocation: /default-rack, certSerialId: null}, Type:RATIS, Factor:ONE, State:OPEN]
2019-08-28 18:52:57,982 [EventQueue-StaleNodeForStaleNodeHandler] INFO  pipeline.PipelineStateManager (PipelineStateManager.java:finalizePipeline(123)) - Pipeline Pipeline[ Id: ca982efb-163f-4098-8a10-5e0482e4fa76, Nodes: ee626ce8-1972-4fe0-bbbc-07baa9e228a9{ip: 192.168.69.102, host: pr-hdds-1783-trunk-gtrxg-786569963, networkLocation: /default-rack, certSerialId: null}, Type:RATIS, Factor:ONE, State:CLOSED] moved to CLOSED state
2019-08-28 18:52:57,982 [EventQueue-StaleNodeForStaleNodeHandler] INFO  pipeline.SCMPipelineManager (SCMPipelineManager.java:finalizeAndDestroyPipeline(309)) - destroying pipeline:Pipeline[ Id: 7bb60850-7dfe-47e4-93e4-e16ef6b83b8d, Nodes: 79e7307e-2f03-4236-add7-13e1eabe57b5{ip: 192.168.69.102, host: pr-hdds-1783-trunk-gtrxg-786569963, networkLocation: /default-rack, certSerialId: null}ee626ce8-1972-4fe0-bbbc-07baa9e228a9{ip: 192.168.69.102, host: pr-hdds-1783-trunk-gtrxg-786569963, networkLocation: /default-rack, certSerialId: null}8e467a3f-4a15-4133-b9dc-29f72d763c9b{ip: 192.168.69.102, host: pr-hdds-1783-trunk-gtrxg-786569963, networkLocation: /default-rack, certSerialId: null}, Type:RATIS, Factor:THREE, State:CLOSED]
2019-08-28 18:52:58,017 | INFO  | SCMAudit | user=jenkins1000 | ip=192.168.69.102 | op=SEND_HEARTBEAT {datanodeUUID=8e467a3f-4a15-4133-b9dc-29f72d763c9b, command=[]} | ret=SUCCESS |  
2019-08-28 18:52:58,050 | INFO  | SCMAudit | user=jenkins1000 | ip=192.168.69.102 | op=SEND_HEARTBEAT {datanodeUUID=3fdab9ea-6680-47f1-aded-4d496f7ecd01, command=[]} | ret=SUCCESS |  
2019-08-28 18:52:58,599 | INFO  | SCMAudit | user=jenkins1000 | ip=192.168.69.102 | op=SEND_HEARTBEAT {datanodeUUID=0ec50947-c54d-40fe-a729-b0855dad3f0a, command=[]} | ret=SUCCESS |  
2019-08-28 18:52:58,753 | INFO  | SCMAudit | user=jenkins1000 | ip=192.168.69.102 | op=SEND_HEARTBEAT {datanodeUUID=2c9db6f5-ae6c-456e-aac1-300011bebd0b, command=[]} | ret=SUCCESS |  
2019-08-28 18:52:58,838 [grpc-default-executor-4] WARN  server.GrpcLogAppender (LogUtils.java:warn(134)) - ee626ce8-1972-4fe0-bbbc-07baa9e228a9->79e7307e-2f03-4236-add7-13e1eabe57b5: Failed appendEntries: org.apache.ratis.thirdparty.io.grpc.StatusRuntimeException: UNAVAILABLE: io exception
2019-08-28 18:52:58,843 [grpc-default-executor-4] INFO  impl.FollowerInfo (FollowerInfo.java:lambda$new$0(50)) - ee626ce8-1972-4fe0-bbbc-07baa9e228a9->79e7307e-2f03-4236-add7-13e1eabe57b5: nextIndex: updateUnconditionally 14 -> 13
2019-08-28 18:52:58,861 | INFO  | SCMAudit | user=jenkins1000 | ip=192.168.69.102 | op=SEND_HEARTBEAT {datanodeUUID=f785551e-a0af-487c-a25a-ff90660b7a23, command=[]} | ret=SUCCESS |  
2019-08-28 18:52:58,963 [main] INFO  ozoneimpl.OzoneContainer (OzoneContainer.java:stop(199)) - Attempting to stop container services.
2019-08-28 18:52:58,963 [main] INFO  impl.RaftServerProxy (RaftServerProxy.java:lambda$close$4(314)) - ee626ce8-1972-4fe0-bbbc-07baa9e228a9: close
2019-08-28 18:52:58,964 [main] INFO  impl.RaftServerImpl (RaftServerImpl.java:lambda$shutdown$3(245)) - ee626ce8-1972-4fe0-bbbc-07baa9e228a9: shutdown group-5E0482E4FA76
2019-08-28 18:52:58,964 [main] INFO  util.JmxRegister (JmxRegister.java:unregister(73)) - Successfully un-registered JMX Bean with object name Ratis:service=RaftServer,group=group-5E0482E4FA76,id=ee626ce8-1972-4fe0-bbbc-07baa9e228a9
2019-08-28 18:52:58,965 [main] INFO  impl.RoleInfo (RoleInfo.java:shutdownLeaderState(104)) - ee626ce8-1972-4fe0-bbbc-07baa9e228a9: shutdown LeaderState
2019-08-28 18:52:58,965 [main] INFO  impl.PendingRequests (PendingRequests.java:sendNotLeaderResponses(202)) - ee626ce8-1972-4fe0-bbbc-07baa9e228a9-PendingRequests: sendNotLeaderResponses
2019-08-28 18:52:58,966 [main] INFO  impl.StateMachineUpdater (StateMachineUpdater.java:stopAndJoin(115)) - StateMachineUpdater:ee626ce8-1972-4fe0-bbbc-07baa9e228a9:group-5E0482E4FA76: set stopIndex = 0
2019-08-28 18:52:58,966 [main] INFO  impl.RaftServerImpl (ServerState.java:close(394)) - ee626ce8-1972-4fe0-bbbc-07baa9e228a9:group-5E0482E4FA76 closes. The last applied log index is 0
2019-08-28 18:52:58,967 [ee626ce8-1972-4fe0-bbbc-07baa9e228a9-SegmentedRaftLogWorker:Storage Directory /workdir/hadoop-ozone/integration-test/target/test-dir/MiniOzoneClusterImpl-c80cd34b-7aaf-457d-8c82-c76acd6115b4/datanode-2/data/ratis/ca982efb-163f-4098-8a10-5e0482e4fa76] INFO  segmented.SegmentedRaftLogWorker (SegmentedRaftLogWorker.java:run(313)) - ee626ce8-1972-4fe0-bbbc-07baa9e228a9-SegmentedRaftLogWorker:Storage Directory /workdir/hadoop-ozone/integration-test/target/test-dir/MiniOzoneClusterImpl-c80cd34b-7aaf-457d-8c82-c76acd6115b4/datanode-2/data/ratis/ca982efb-163f-4098-8a10-5e0482e4fa76 was interrupted, exiting. There are 0 tasks remaining in the queue.
2019-08-28 18:52:58,970 [main] INFO  segmented.SegmentedRaftLogWorker (SegmentedRaftLogWorker.java:close(228)) - ee626ce8-1972-4fe0-bbbc-07baa9e228a9-SegmentedRaftLogWorker:Storage Directory /workdir/hadoop-ozone/integration-test/target/test-dir/MiniOzoneClusterImpl-c80cd34b-7aaf-457d-8c82-c76acd6115b4/datanode-2/data/ratis/ca982efb-163f-4098-8a10-5e0482e4fa76 close()
2019-08-28 18:52:58,973 [main] INFO  impl.RaftServerImpl (RaftServerImpl.java:lambda$shutdown$3(245)) - ee626ce8-1972-4fe0-bbbc-07baa9e228a9: shutdown group-E16EF6B83B8D
2019-08-28 18:52:58,973 [main] INFO  util.JmxRegister (JmxRegister.java:unregister(73)) - Successfully un-registered JMX Bean with object name Ratis:service=RaftServer,group=group-E16EF6B83B8D,id=ee626ce8-1972-4fe0-bbbc-07baa9e228a9
2019-08-28 18:52:58,973 [main] INFO  impl.RoleInfo (RoleInfo.java:shutdownLeaderState(104)) - ee626ce8-1972-4fe0-bbbc-07baa9e228a9: shutdown LeaderState
2019-08-28 18:52:58,976 [main] INFO  impl.PendingRequests (PendingRequests.java:sendNotLeaderResponses(202)) - ee626ce8-1972-4fe0-bbbc-07baa9e228a9-PendingRequests: sendNotLeaderResponses
2019-08-28 18:52:58,976 [org.apache.ratis.server.impl.LogAppender$AppenderDaemon$$Lambda$461/309358170@332b0b33] WARN  server.GrpcLogAppender (GrpcLogAppender.java:mayWait(143)) - GrpcLogAppender(ee626ce8-1972-4fe0-bbbc-07baa9e228a9->8e467a3f-4a15-4133-b9dc-29f72d763c9b): Wait interrupted by java.lang.InterruptedException
2019-08-28 18:52:58,976 [org.apache.ratis.server.impl.LogAppender$AppenderDaemon$$Lambda$461/309358170@3f27e0fd] WARN  server.GrpcLogAppender (GrpcLogAppender.java:mayWait(143)) - GrpcLogAppender(ee626ce8-1972-4fe0-bbbc-07baa9e228a9->79e7307e-2f03-4236-add7-13e1eabe57b5): Wait interrupted by java.lang.InterruptedException
2019-08-28 18:52:58,979 [grpc-default-executor-4] INFO  server.GrpcServerProtocolService (GrpcServerProtocolService.java:onCompleted(104)) - 8e467a3f-4a15-4133-b9dc-29f72d763c9b: appendEntries completed
2019-08-28 18:52:58,982 [main] INFO  impl.StateMachineUpdater (StateMachineUpdater.java:stopAndJoin(115)) - StateMachineUpdater:ee626ce8-1972-4fe0-bbbc-07baa9e228a9:group-E16EF6B83B8D: set stopIndex = 15
2019-08-28 18:52:58,982 [StateMachineUpdater:ee626ce8-1972-4fe0-bbbc-07baa9e228a9:group-E16EF6B83B8D] INFO  ratis.ContainerStateMachine (ContainerStateMachine.java:takeSnapshot(283)) - group-E16EF6B83B8D: Taking a snapshot at:(t:1, i:14) file /workdir/hadoop-ozone/integration-test/target/test-dir/MiniOzoneClusterImpl-c80cd34b-7aaf-457d-8c82-c76acd6115b4/datanode-2/data/ratis/7bb60850-7dfe-47e4-93e4-e16ef6b83b8d/sm/snapshot.1_14
2019-08-28 18:52:58,982 [grpc-default-executor-4] INFO  server.GrpcLogAppender (GrpcLogAppender.java:onCompleted(292)) - ee626ce8-1972-4fe0-bbbc-07baa9e228a9->8e467a3f-4a15-4133-b9dc-29f72d763c9b: follower responses appendEntries COMPLETED
2019-08-28 18:52:58,986 [grpc-default-executor-4] INFO  impl.FollowerInfo (FollowerInfo.java:lambda$new$0(50)) - ee626ce8-1972-4fe0-bbbc-07baa9e228a9->8e467a3f-4a15-4133-b9dc-29f72d763c9b: nextIndex: updateUnconditionally 16 -> 15
2019-08-28 18:52:59,000 [StateMachineUpdater:ee626ce8-1972-4fe0-bbbc-07baa9e228a9:group-E16EF6B83B8D] INFO  ratis.ContainerStateMachine (ContainerStateMachine.java:takeSnapshot(294)) - group-E16EF6B83B8D: Finished taking a snapshot at:(t:1, i:14) file:/workdir/hadoop-ozone/integration-test/target/test-dir/MiniOzoneClusterImpl-c80cd34b-7aaf-457d-8c82-c76acd6115b4/datanode-2/data/ratis/7bb60850-7dfe-47e4-93e4-e16ef6b83b8d/sm/snapshot.1_14 time:17
2019-08-28 18:52:59,000 [StateMachineUpdater:ee626ce8-1972-4fe0-bbbc-07baa9e228a9:group-E16EF6B83B8D] INFO  impl.StateMachineUpdater (StateMachineUpdater.java:takeSnapshot(242)) - StateMachineUpdater:ee626ce8-1972-4fe0-bbbc-07baa9e228a9:group-E16EF6B83B8D: Took a snapshot at index 14
2019-08-28 18:52:59,000 [StateMachineUpdater:ee626ce8-1972-4fe0-bbbc-07baa9e228a9:group-E16EF6B83B8D] INFO  impl.StateMachineUpdater (StateMachineUpdater.java:lambda$new$0(80)) - StateMachineUpdater:ee626ce8-1972-4fe0-bbbc-07baa9e228a9:group-E16EF6B83B8D: snapshotIndex: updateIncreasingly -1 -> 14
2019-08-28 18:52:59,001 [main] INFO  impl.RaftServerImpl (ServerState.java:close(394)) - ee626ce8-1972-4fe0-bbbc-07baa9e228a9:group-E16EF6B83B8D closes. The last applied log index is 15
2019-08-28 18:52:59,001 [ee626ce8-1972-4fe0-bbbc-07baa9e228a9-SegmentedRaftLogWorker:Storage Directory /workdir/hadoop-ozone/integration-test/target/test-dir/MiniOzoneClusterImpl-c80cd34b-7aaf-457d-8c82-c76acd6115b4/datanode-2/data/ratis/7bb60850-7dfe-47e4-93e4-e16ef6b83b8d] INFO  segmented.SegmentedRaftLogWorker (SegmentedRaftLogWorker.java:run(313)) - ee626ce8-1972-4fe0-bbbc-07baa9e228a9-SegmentedRaftLogWorker:Storage Directory /workdir/hadoop-ozone/integration-test/target/test-dir/MiniOzoneClusterImpl-c80cd34b-7aaf-457d-8c82-c76acd6115b4/datanode-2/data/ratis/7bb60850-7dfe-47e4-93e4-e16ef6b83b8d was interrupted, exiting. There are 0 tasks remaining in the queue.
2019-08-28 18:52:59,003 [main] INFO  segmented.SegmentedRaftLogWorker (SegmentedRaftLogWorker.java:close(228)) - ee626ce8-1972-4fe0-bbbc-07baa9e228a9-SegmentedRaftLogWorker:Storage Directory /workdir/hadoop-ozone/integration-test/target/test-dir/MiniOzoneClusterImpl-c80cd34b-7aaf-457d-8c82-c76acd6115b4/datanode-2/data/ratis/7bb60850-7dfe-47e4-93e4-e16ef6b83b8d close()
2019-08-28 18:52:59,005 [main] INFO  server.GrpcService (GrpcService.java:closeImpl(155)) - ee626ce8-1972-4fe0-bbbc-07baa9e228a9: shutdown server with port 33628 now
2019-08-28 18:52:59,008 [main] INFO  server.GrpcService (GrpcService.java:closeImpl(163)) - ee626ce8-1972-4fe0-bbbc-07baa9e228a9: shutdown server with port 33628 successfully
2019-08-28 18:52:59,010 [grpc-default-executor-5] WARN  client.GrpcClientProtocolService (LogUtils.java:warn(134)) - 3-UnorderedRequestStreamObserver3: onError: org.apache.ratis.thirdparty.io.grpc.StatusRuntimeException: CANCELLED: cancelled before receiving half close
2019-08-28 18:52:59,011 [main] INFO  utils.BackgroundService (BackgroundService.java:shutdown(148)) - Shutting down service BlockDeletingService
2019-08-28 18:52:59,013 [refreshUsed-/workdir/hadoop-ozone/integration-test/target/test-dir/MiniOzoneClusterImpl-c80cd34b-7aaf-457d-8c82-c76acd6115b4/datanode-2/data/containers] WARN  fs.CachingGetSpaceUsed (CachingGetSpaceUsed.java:run(183)) - Thread Interrupted waiting to refresh disk information: sleep interrupted
2019-08-28 18:52:59,019 | INFO  | SCMAudit | user=jenkins1000 | ip=192.168.69.102 | op=SEND_HEARTBEAT {datanodeUUID=8e467a3f-4a15-4133-b9dc-29f72d763c9b, command=[]} | ret=SUCCESS |  
2019-08-28 18:52:59,032 [main] INFO  statemachine.DatanodeStateMachine (DatanodeStateMachine.java:stopDaemon(395)) - Ozone container server stopped.
2019-08-28 18:52:59,033 [main] INFO  handler.ContextHandler (ContextHandler.java:doStop(910)) - Stopped o.e.j.w.WebAppContext@291a4791{/,null,UNAVAILABLE}{/hddsDatanode}
2019-08-28 18:52:59,034 [main] INFO  server.AbstractConnector (AbstractConnector.java:doStop(318)) - Stopped ServerConnector@5b1e88f{HTTP/1.1,[http/1.1]}{0.0.0.0:0}
2019-08-28 18:52:59,035 [main] INFO  handler.ContextHandler (ContextHandler.java:doStop(910)) - Stopped o.e.j.s.ServletContextHandler@7abeabe9{/static,jar:file:/home/user/.m2/repository/org/apache/hadoop/hadoop-hdds-container-service/0.5.0-SNAPSHOT/hadoop-hdds-container-service-0.5.0-SNAPSHOT.jar!/webapps/static,UNAVAILABLE}
2019-08-28 18:52:59,035 [main] INFO  handler.ContextHandler (ContextHandler.java:doStop(910)) - Stopped o.e.j.s.ServletContextHandler@251c8145{/logs,file:///workdir/hadoop-ozone/integration-test/target/log,UNAVAILABLE}
2019-08-28 18:52:59,051 | INFO  | SCMAudit | user=jenkins1000 | ip=192.168.69.102 | op=SEND_HEARTBEAT {datanodeUUID=3fdab9ea-6680-47f1-aded-4d496f7ecd01, command=[]} | ret=SUCCESS |  
2019-08-28 18:52:59,600 | INFO  | SCMAudit | user=jenkins1000 | ip=192.168.69.102 | op=SEND_HEARTBEAT {datanodeUUID=0ec50947-c54d-40fe-a729-b0855dad3f0a, command=[]} | ret=SUCCESS |  
2019-08-28 18:52:59,752 | INFO  | SCMAudit | user=jenkins1000 | ip=192.168.69.102 | op=SEND_HEARTBEAT {datanodeUUID=2c9db6f5-ae6c-456e-aac1-300011bebd0b, command=[]} | ret=SUCCESS |  
2019-08-28 18:52:59,861 | INFO  | SCMAudit | user=jenkins1000 | ip=192.168.69.102 | op=SEND_HEARTBEAT {datanodeUUID=f785551e-a0af-487c-a25a-ff90660b7a23, command=[]} | ret=SUCCESS |  
2019-08-28 18:53:00,018 | INFO  | SCMAudit | user=jenkins1000 | ip=192.168.69.102 | op=SEND_HEARTBEAT {datanodeUUID=8e467a3f-4a15-4133-b9dc-29f72d763c9b, command=[]} | ret=SUCCESS |  
2019-08-28 18:53:00,054 | INFO  | SCMAudit | user=jenkins1000 | ip=192.168.69.102 | op=SEND_HEARTBEAT {datanodeUUID=3fdab9ea-6680-47f1-aded-4d496f7ecd01, command=[]} | ret=SUCCESS |  
2019-08-28 18:53:00,601 | INFO  | SCMAudit | user=jenkins1000 | ip=192.168.69.102 | op=SEND_HEARTBEAT {datanodeUUID=0ec50947-c54d-40fe-a729-b0855dad3f0a, command=[]} | ret=SUCCESS |  
2019-08-28 18:53:00,752 | INFO  | SCMAudit | user=jenkins1000 | ip=192.168.69.102 | op=SEND_HEARTBEAT {datanodeUUID=2c9db6f5-ae6c-456e-aac1-300011bebd0b, command=[]} | ret=SUCCESS |  
2019-08-28 18:53:00,861 | INFO  | SCMAudit | user=jenkins1000 | ip=192.168.69.102 | op=SEND_HEARTBEAT {datanodeUUID=f785551e-a0af-487c-a25a-ff90660b7a23, command=[]} | ret=SUCCESS |  
2019-08-28 18:53:01,018 | INFO  | SCMAudit | user=jenkins1000 | ip=192.168.69.102 | op=SEND_HEARTBEAT {datanodeUUID=8e467a3f-4a15-4133-b9dc-29f72d763c9b, command=[]} | ret=SUCCESS |  
2019-08-28 18:53:01,052 | INFO  | SCMAudit | user=jenkins1000 | ip=192.168.69.102 | op=SEND_HEARTBEAT {datanodeUUID=3fdab9ea-6680-47f1-aded-4d496f7ecd01, command=[]} | ret=SUCCESS |  
2019-08-28 18:53:01,600 | INFO  | SCMAudit | user=jenkins1000 | ip=192.168.69.102 | op=SEND_HEARTBEAT {datanodeUUID=0ec50947-c54d-40fe-a729-b0855dad3f0a, command=[]} | ret=SUCCESS |  
2019-08-28 18:53:01,752 | INFO  | SCMAudit | user=jenkins1000 | ip=192.168.69.102 | op=SEND_HEARTBEAT {datanodeUUID=2c9db6f5-ae6c-456e-aac1-300011bebd0b, command=[]} | ret=SUCCESS |  
2019-08-28 18:53:01,861 | INFO  | SCMAudit | user=jenkins1000 | ip=192.168.69.102 | op=SEND_HEARTBEAT {datanodeUUID=f785551e-a0af-487c-a25a-ff90660b7a23, command=[]} | ret=SUCCESS |  
2019-08-28 18:53:02,018 | INFO  | SCMAudit | user=jenkins1000 | ip=192.168.69.102 | op=SEND_HEARTBEAT {datanodeUUID=8e467a3f-4a15-4133-b9dc-29f72d763c9b, command=[]} | ret=SUCCESS |  
2019-08-28 18:53:02,052 | INFO  | SCMAudit | user=jenkins1000 | ip=192.168.69.102 | op=SEND_HEARTBEAT {datanodeUUID=3fdab9ea-6680-47f1-aded-4d496f7ecd01, command=[]} | ret=SUCCESS |  
2019-08-28 18:53:02,601 | INFO  | SCMAudit | user=jenkins1000 | ip=192.168.69.102 | op=SEND_HEARTBEAT {datanodeUUID=0ec50947-c54d-40fe-a729-b0855dad3f0a, command=[]} | ret=SUCCESS |  
2019-08-28 18:53:02,752 | INFO  | SCMAudit | user=jenkins1000 | ip=192.168.69.102 | op=SEND_HEARTBEAT {datanodeUUID=2c9db6f5-ae6c-456e-aac1-300011bebd0b, command=[]} | ret=SUCCESS |  
2019-08-28 18:53:02,861 | INFO  | SCMAudit | user=jenkins1000 | ip=192.168.69.102 | op=SEND_HEARTBEAT {datanodeUUID=f785551e-a0af-487c-a25a-ff90660b7a23, command=[]} | ret=SUCCESS |  
2019-08-28 18:53:03,018 | INFO  | SCMAudit | user=jenkins1000 | ip=192.168.69.102 | op=SEND_HEARTBEAT {datanodeUUID=8e467a3f-4a15-4133-b9dc-29f72d763c9b, command=[]} | ret=SUCCESS |  
2019-08-28 18:53:03,052 | INFO  | SCMAudit | user=jenkins1000 | ip=192.168.69.102 | op=SEND_HEARTBEAT {datanodeUUID=3fdab9ea-6680-47f1-aded-4d496f7ecd01, command=[]} | ret=SUCCESS |  
2019-08-28 18:53:03,601 | INFO  | SCMAudit | user=jenkins1000 | ip=192.168.69.102 | op=SEND_HEARTBEAT {datanodeUUID=0ec50947-c54d-40fe-a729-b0855dad3f0a, command=[]} | ret=SUCCESS |  
2019-08-28 18:53:03,752 | INFO  | SCMAudit | user=jenkins1000 | ip=192.168.69.102 | op=SEND_HEARTBEAT {datanodeUUID=2c9db6f5-ae6c-456e-aac1-300011bebd0b, command=[]} | ret=SUCCESS |  
2019-08-28 18:53:03,862 | INFO  | SCMAudit | user=jenkins1000 | ip=192.168.69.102 | op=SEND_HEARTBEAT {datanodeUUID=f785551e-a0af-487c-a25a-ff90660b7a23, command=[]} | ret=SUCCESS |  
2019-08-28 18:53:04,018 | INFO  | SCMAudit | user=jenkins1000 | ip=192.168.69.102 | op=SEND_HEARTBEAT {datanodeUUID=8e467a3f-4a15-4133-b9dc-29f72d763c9b, command=[]} | ret=SUCCESS |  
2019-08-28 18:53:04,052 | INFO  | SCMAudit | user=jenkins1000 | ip=192.168.69.102 | op=SEND_HEARTBEAT {datanodeUUID=3fdab9ea-6680-47f1-aded-4d496f7ecd01, command=[]} | ret=SUCCESS |  
2019-08-28 18:53:04,601 | INFO  | SCMAudit | user=jenkins1000 | ip=192.168.69.102 | op=SEND_HEARTBEAT {datanodeUUID=0ec50947-c54d-40fe-a729-b0855dad3f0a, command=[]} | ret=SUCCESS |  
2019-08-28 18:53:04,752 | INFO  | SCMAudit | user=jenkins1000 | ip=192.168.69.102 | op=SEND_HEARTBEAT {datanodeUUID=2c9db6f5-ae6c-456e-aac1-300011bebd0b, command=[]} | ret=SUCCESS |  
2019-08-28 18:53:04,862 | INFO  | SCMAudit | user=jenkins1000 | ip=192.168.69.102 | op=SEND_HEARTBEAT {datanodeUUID=f785551e-a0af-487c-a25a-ff90660b7a23, command=[]} | ret=SUCCESS |  
2019-08-28 18:53:05,019 | INFO  | SCMAudit | user=jenkins1000 | ip=192.168.69.102 | op=SEND_HEARTBEAT {datanodeUUID=8e467a3f-4a15-4133-b9dc-29f72d763c9b, command=[]} | ret=SUCCESS |  
2019-08-28 18:53:05,051 | INFO  | SCMAudit | user=jenkins1000 | ip=192.168.69.102 | op=SEND_HEARTBEAT {datanodeUUID=3fdab9ea-6680-47f1-aded-4d496f7ecd01, command=[]} | ret=SUCCESS |  
2019-08-28 18:53:05,601 | INFO  | SCMAudit | user=jenkins1000 | ip=192.168.69.102 | op=SEND_HEARTBEAT {datanodeUUID=0ec50947-c54d-40fe-a729-b0855dad3f0a, command=[]} | ret=SUCCESS |  
2019-08-28 18:53:05,752 | INFO  | SCMAudit | user=jenkins1000 | ip=192.168.69.102 | op=SEND_HEARTBEAT {datanodeUUID=2c9db6f5-ae6c-456e-aac1-300011bebd0b, command=[]} | ret=SUCCESS |  
2019-08-28 18:53:05,861 | INFO  | SCMAudit | user=jenkins1000 | ip=192.168.69.102 | op=SEND_HEARTBEAT {datanodeUUID=f785551e-a0af-487c-a25a-ff90660b7a23, command=[]} | ret=SUCCESS |  
2019-08-28 18:53:06,019 | INFO  | SCMAudit | user=jenkins1000 | ip=192.168.69.102 | op=SEND_HEARTBEAT {datanodeUUID=8e467a3f-4a15-4133-b9dc-29f72d763c9b, command=[]} | ret=SUCCESS |  
2019-08-28 18:53:06,051 | INFO  | SCMAudit | user=jenkins1000 | ip=192.168.69.102 | op=SEND_HEARTBEAT {datanodeUUID=3fdab9ea-6680-47f1-aded-4d496f7ecd01, command=[]} | ret=SUCCESS |  
2019-08-28 18:53:06,131 [grpc-default-executor-3] INFO  client.GrpcClientProtocolClient (GrpcClientProtocolClient.java:onNext(255)) - client-6EA2DE053EDA->8e467a3f-4a15-4133-b9dc-29f72d763c9b: receive RaftClientReply:client-6EA2DE053EDA->8e467a3f-4a15-4133-b9dc-29f72d763c9b@group-E16EF6B83B8D, cid=22, FAILED org.apache.ratis.protocol.NotLeaderException: Server 8e467a3f-4a15-4133-b9dc-29f72d763c9b is not the leader (ee626ce8-1972-4fe0-bbbc-07baa9e228a9:192.168.69.102:33628). Request must be sent to leader., logIndex=0, commits[8e467a3f-4a15-4133-b9dc-29f72d763c9b:c15, ee626ce8-1972-4fe0-bbbc-07baa9e228a9:c15, 79e7307e-2f03-4236-add7-13e1eabe57b5:c15]
2019-08-28 18:53:06,601 | INFO  | SCMAudit | user=jenkins1000 | ip=192.168.69.102 | op=SEND_HEARTBEAT {datanodeUUID=0ec50947-c54d-40fe-a729-b0855dad3f0a, command=[]} | ret=SUCCESS |  
2019-08-28 18:53:06,751 | INFO  | SCMAudit | user=jenkins1000 | ip=192.168.69.102 | op=SEND_HEARTBEAT {datanodeUUID=2c9db6f5-ae6c-456e-aac1-300011bebd0b, command=[]} | ret=SUCCESS |  
2019-08-28 18:53:06,861 | INFO  | SCMAudit | user=jenkins1000 | ip=192.168.69.102 | op=SEND_HEARTBEAT {datanodeUUID=f785551e-a0af-487c-a25a-ff90660b7a23, command=[]} | ret=SUCCESS |  
2019-08-28 18:53:07,019 | INFO  | SCMAudit | user=jenkins1000 | ip=192.168.69.102 | op=SEND_HEARTBEAT {datanodeUUID=8e467a3f-4a15-4133-b9dc-29f72d763c9b, command=[]} | ret=SUCCESS |  
2019-08-28 18:53:07,052 | INFO  | SCMAudit | user=jenkins1000 | ip=192.168.69.102 | op=SEND_HEARTBEAT {datanodeUUID=3fdab9ea-6680-47f1-aded-4d496f7ecd01, command=[]} | ret=SUCCESS |  
2019-08-28 18:53:07,168 [grpc-default-executor-5] INFO  client.GrpcClientProtocolClient (GrpcClientProtocolClient.java:onNext(255)) - client-6EA2DE053EDA->8e467a3f-4a15-4133-b9dc-29f72d763c9b: receive RaftClientReply:client-6EA2DE053EDA->8e467a3f-4a15-4133-b9dc-29f72d763c9b@group-E16EF6B83B8D, cid=22, FAILED org.apache.ratis.protocol.NotLeaderException: Server 8e467a3f-4a15-4133-b9dc-29f72d763c9b is not the leader (ee626ce8-1972-4fe0-bbbc-07baa9e228a9:192.168.69.102:33628). Request must be sent to leader., logIndex=0, commits[8e467a3f-4a15-4133-b9dc-29f72d763c9b:c15, ee626ce8-1972-4fe0-bbbc-07baa9e228a9:c15, 79e7307e-2f03-4236-add7-13e1eabe57b5:c15]
2019-08-28 18:53:07,242 [Thread-315] INFO  impl.FollowerState (FollowerState.java:run(106)) - 8e467a3f-4a15-4133-b9dc-29f72d763c9b:group-E16EF6B83B8D changes to CANDIDATE, lastRpcTime:8423, electionTimeout:5045ms
2019-08-28 18:53:07,242 [Thread-315] INFO  impl.RoleInfo (RoleInfo.java:shutdownFollowerState(121)) - 8e467a3f-4a15-4133-b9dc-29f72d763c9b: shutdown FollowerState
2019-08-28 18:53:07,242 [Thread-315] INFO  impl.RaftServerImpl (RaftServerImpl.java:setRole(171)) - 8e467a3f-4a15-4133-b9dc-29f72d763c9b:group-E16EF6B83B8D changes role from FOLLOWER to CANDIDATE at term 1 for changeToCandidate
2019-08-28 18:53:07,242 [Thread-315] INFO  impl.RoleInfo (RoleInfo.java:updateAndGet(143)) - 8e467a3f-4a15-4133-b9dc-29f72d763c9b: start LeaderElection
2019-08-28 18:53:07,245 [8e467a3f-4a15-4133-b9dc-29f72d763c9b:group-E16EF6B83B8D:LeaderElection14] INFO  impl.RaftServerImpl (ServerState.java:setLeader(263)) - 8e467a3f-4a15-4133-b9dc-29f72d763c9b:group-E16EF6B83B8D change Leader from ee626ce8-1972-4fe0-bbbc-07baa9e228a9 to null at term 1 for initElection
2019-08-28 18:53:07,283 [8e467a3f-4a15-4133-b9dc-29f72d763c9b:group-E16EF6B83B8D:LeaderElection14] INFO  impl.LeaderElection (LeaderElection.java:askForVotes(181)) - 8e467a3f-4a15-4133-b9dc-29f72d763c9b:group-E16EF6B83B8D:LeaderElection14: begin an election at term 2 for 0: [8e467a3f-4a15-4133-b9dc-29f72d763c9b:192.168.69.102:32993, ee626ce8-1972-4fe0-bbbc-07baa9e228a9:192.168.69.102:33628, 79e7307e-2f03-4236-add7-13e1eabe57b5:192.168.69.102:45684], old=null
2019-08-28 18:53:07,290 [8e467a3f-4a15-4133-b9dc-29f72d763c9b:group-E16EF6B83B8D:LeaderElection14] INFO  impl.LeaderElection (LogUtils.java:infoOrTrace(149)) - 8e467a3f-4a15-4133-b9dc-29f72d763c9b:group-E16EF6B83B8D:LeaderElection14 got exception when requesting votes: {}
java.util.concurrent.ExecutionException: org.apache.ratis.thirdparty.io.grpc.StatusRuntimeException: UNAVAILABLE: io exception
	at java.util.concurrent.FutureTask.report(FutureTask.java:122)
	at java.util.concurrent.FutureTask.get(FutureTask.java:192)
	at org.apache.ratis.server.impl.LeaderElection.waitForResults(LeaderElection.java:262)
	at org.apache.ratis.server.impl.LeaderElection.askForVotes(LeaderElection.java:200)
	at org.apache.ratis.server.impl.LeaderElection.run(LeaderElection.java:130)
	at java.lang.Thread.run(Thread.java:748)
Caused by: org.apache.ratis.thirdparty.io.grpc.StatusRuntimeException: UNAVAILABLE: io exception
	at org.apache.ratis.thirdparty.io.grpc.stub.ClientCalls.toStatusRuntimeException(ClientCalls.java:233)
	at org.apache.ratis.thirdparty.io.grpc.stub.ClientCalls.getUnchecked(ClientCalls.java:214)
	at org.apache.ratis.thirdparty.io.grpc.stub.ClientCalls.blockingUnaryCall(ClientCalls.java:139)
	at org.apache.ratis.proto.grpc.RaftServerProtocolServiceGrpc$RaftServerProtocolServiceBlockingStub.requestVote(RaftServerProtocolServiceGrpc.java:265)
	at org.apache.ratis.grpc.server.GrpcServerProtocolClient.requestVote(GrpcServerProtocolClient.java:83)
	at org.apache.ratis.grpc.server.GrpcService.requestVote(GrpcService.java:195)
	at org.apache.ratis.server.impl.LeaderElection.lambda$submitRequests$1(LeaderElection.java:237)
	at java.util.concurrent.FutureTask.run(FutureTask.java:266)
	at java.util.concurrent.Executors$RunnableAdapter.call(Executors.java:511)
	at java.util.concurrent.FutureTask.run(FutureTask.java:266)
	at java.util.concurrent.ThreadPoolExecutor.runWorker(ThreadPoolExecutor.java:1149)
	at java.util.concurrent.ThreadPoolExecutor$Worker.run(ThreadPoolExecutor.java:624)
	... 1 more
Caused by: org.apache.ratis.thirdparty.io.netty.channel.AbstractChannel$AnnotatedConnectException: Connection refused: /192.168.69.102:45684
	at sun.nio.ch.SocketChannelImpl.checkConnect(Native Method)
	at sun.nio.ch.SocketChannelImpl.finishConnect(SocketChannelImpl.java:717)
	at org.apache.ratis.thirdparty.io.netty.channel.socket.nio.NioSocketChannel.doFinishConnect(NioSocketChannel.java:327)
	at org.apache.ratis.thirdparty.io.netty.channel.nio.AbstractNioChannel$AbstractNioUnsafe.finishConnect(AbstractNioChannel.java:340)
	at org.apache.ratis.thirdparty.io.netty.channel.nio.NioEventLoop.processSelectedKey(NioEventLoop.java:632)
	at org.apache.ratis.thirdparty.io.netty.channel.nio.NioEventLoop.processSelectedKeysOptimized(NioEventLoop.java:579)
	at org.apache.ratis.thirdparty.io.netty.channel.nio.NioEventLoop.processSelectedKeys(NioEventLoop.java:496)
	at org.apache.ratis.thirdparty.io.netty.channel.nio.NioEventLoop.run(NioEventLoop.java:458)
	at org.apache.ratis.thirdparty.io.netty.util.concurrent.SingleThreadEventExecutor$5.run(SingleThreadEventExecutor.java:897)
	at org.apache.ratis.thirdparty.io.netty.util.concurrent.FastThreadLocalRunnable.run(FastThreadLocalRunnable.java:30)
	... 1 more
Caused by: java.net.ConnectException: Connection refused
	... 11 more
2019-08-28 18:53:07,294 [8e467a3f-4a15-4133-b9dc-29f72d763c9b:group-E16EF6B83B8D:LeaderElection14] INFO  impl.LeaderElection (LogUtils.java:infoOrTrace(149)) - 8e467a3f-4a15-4133-b9dc-29f72d763c9b:group-E16EF6B83B8D:LeaderElection14 got exception when requesting votes: {}
java.util.concurrent.ExecutionException: org.apache.ratis.thirdparty.io.grpc.StatusRuntimeException: UNAVAILABLE: io exception
	at java.util.concurrent.FutureTask.report(FutureTask.java:122)
	at java.util.concurrent.FutureTask.get(FutureTask.java:192)
	at org.apache.ratis.server.impl.LeaderElection.waitForResults(LeaderElection.java:262)
	at org.apache.ratis.server.impl.LeaderElection.askForVotes(LeaderElection.java:200)
	at org.apache.ratis.server.impl.LeaderElection.run(LeaderElection.java:130)
	at java.lang.Thread.run(Thread.java:748)
Caused by: org.apache.ratis.thirdparty.io.grpc.StatusRuntimeException: UNAVAILABLE: io exception
	at org.apache.ratis.thirdparty.io.grpc.stub.ClientCalls.toStatusRuntimeException(ClientCalls.java:233)
	at org.apache.ratis.thirdparty.io.grpc.stub.ClientCalls.getUnchecked(ClientCalls.java:214)
	at org.apache.ratis.thirdparty.io.grpc.stub.ClientCalls.blockingUnaryCall(ClientCalls.java:139)
	at org.apache.ratis.proto.grpc.RaftServerProtocolServiceGrpc$RaftServerProtocolServiceBlockingStub.requestVote(RaftServerProtocolServiceGrpc.java:265)
	at org.apache.ratis.grpc.server.GrpcServerProtocolClient.requestVote(GrpcServerProtocolClient.java:83)
	at org.apache.ratis.grpc.server.GrpcService.requestVote(GrpcService.java:195)
	at org.apache.ratis.server.impl.LeaderElection.lambda$submitRequests$1(LeaderElection.java:237)
	at java.util.concurrent.FutureTask.run(FutureTask.java:266)
	at java.util.concurrent.Executors$RunnableAdapter.call(Executors.java:511)
	at java.util.concurrent.FutureTask.run(FutureTask.java:266)
	at java.util.concurrent.ThreadPoolExecutor.runWorker(ThreadPoolExecutor.java:1149)
	at java.util.concurrent.ThreadPoolExecutor$Worker.run(ThreadPoolExecutor.java:624)
	... 1 more
Caused by: org.apache.ratis.thirdparty.io.netty.channel.AbstractChannel$AnnotatedConnectException: Connection refused: /192.168.69.102:33628
	at sun.nio.ch.SocketChannelImpl.checkConnect(Native Method)
	at sun.nio.ch.SocketChannelImpl.finishConnect(SocketChannelImpl.java:717)
	at org.apache.ratis.thirdparty.io.netty.channel.socket.nio.NioSocketChannel.doFinishConnect(NioSocketChannel.java:327)
	at org.apache.ratis.thirdparty.io.netty.channel.nio.AbstractNioChannel$AbstractNioUnsafe.finishConnect(AbstractNioChannel.java:340)
	at org.apache.ratis.thirdparty.io.netty.channel.nio.NioEventLoop.processSelectedKey(NioEventLoop.java:632)
	at org.apache.ratis.thirdparty.io.netty.channel.nio.NioEventLoop.processSelectedKeysOptimized(NioEventLoop.java:579)
	at org.apache.ratis.thirdparty.io.netty.channel.nio.NioEventLoop.processSelectedKeys(NioEventLoop.java:496)
	at org.apache.ratis.thirdparty.io.netty.channel.nio.NioEventLoop.run(NioEventLoop.java:458)
	at org.apache.ratis.thirdparty.io.netty.util.concurrent.SingleThreadEventExecutor$5.run(SingleThreadEventExecutor.java:897)
	at org.apache.ratis.thirdparty.io.netty.util.concurrent.FastThreadLocalRunnable.run(FastThreadLocalRunnable.java:30)
	... 1 more
Caused by: java.net.ConnectException: Connection refused
	... 11 more
2019-08-28 18:53:07,297 [8e467a3f-4a15-4133-b9dc-29f72d763c9b:group-E16EF6B83B8D:LeaderElection14] INFO  impl.LeaderElection (LeaderElection.java:logAndReturn(56)) - 8e467a3f-4a15-4133-b9dc-29f72d763c9b:group-E16EF6B83B8D:LeaderElection14: Election REJECTED; received 0 response(s) [] and 2 exception(s); 8e467a3f-4a15-4133-b9dc-29f72d763c9b:t2, leader=null, voted=8e467a3f-4a15-4133-b9dc-29f72d763c9b, raftlog=8e467a3f-4a15-4133-b9dc-29f72d763c9b-SegmentedRaftLog:OPENED:c15,f15,i15, conf=0: [8e467a3f-4a15-4133-b9dc-29f72d763c9b:192.168.69.102:32993, ee626ce8-1972-4fe0-bbbc-07baa9e228a9:192.168.69.102:33628, 79e7307e-2f03-4236-add7-13e1eabe57b5:192.168.69.102:45684], old=null
2019-08-28 18:53:07,297 [8e467a3f-4a15-4133-b9dc-29f72d763c9b:group-E16EF6B83B8D:LeaderElection14] INFO  impl.LeaderElection (LogUtils.java:infoOrTrace(149)) -   Exception 0: {}
java.util.concurrent.ExecutionException: org.apache.ratis.thirdparty.io.grpc.StatusRuntimeException: UNAVAILABLE: io exception
	at java.util.concurrent.FutureTask.report(FutureTask.java:122)
	at java.util.concurrent.FutureTask.get(FutureTask.java:192)
	at org.apache.ratis.server.impl.LeaderElection.waitForResults(LeaderElection.java:262)
	at org.apache.ratis.server.impl.LeaderElection.askForVotes(LeaderElection.java:200)
	at org.apache.ratis.server.impl.LeaderElection.run(LeaderElection.java:130)
	at java.lang.Thread.run(Thread.java:748)
Caused by: org.apache.ratis.thirdparty.io.grpc.StatusRuntimeException: UNAVAILABLE: io exception
	at org.apache.ratis.thirdparty.io.grpc.stub.ClientCalls.toStatusRuntimeException(ClientCalls.java:233)
	at org.apache.ratis.thirdparty.io.grpc.stub.ClientCalls.getUnchecked(ClientCalls.java:214)
	at org.apache.ratis.thirdparty.io.grpc.stub.ClientCalls.blockingUnaryCall(ClientCalls.java:139)
	at org.apache.ratis.proto.grpc.RaftServerProtocolServiceGrpc$RaftServerProtocolServiceBlockingStub.requestVote(RaftServerProtocolServiceGrpc.java:265)
	at org.apache.ratis.grpc.server.GrpcServerProtocolClient.requestVote(GrpcServerProtocolClient.java:83)
	at org.apache.ratis.grpc.server.GrpcService.requestVote(GrpcService.java:195)
	at org.apache.ratis.server.impl.LeaderElection.lambda$submitRequests$1(LeaderElection.java:237)
	at java.util.concurrent.FutureTask.run(FutureTask.java:266)
	at java.util.concurrent.Executors$RunnableAdapter.call(Executors.java:511)
	at java.util.concurrent.FutureTask.run(FutureTask.java:266)
	at java.util.concurrent.ThreadPoolExecutor.runWorker(ThreadPoolExecutor.java:1149)
	at java.util.concurrent.ThreadPoolExecutor$Worker.run(ThreadPoolExecutor.java:624)
	... 1 more
Caused by: org.apache.ratis.thirdparty.io.netty.channel.AbstractChannel$AnnotatedConnectException: Connection refused: /192.168.69.102:45684
	at sun.nio.ch.SocketChannelImpl.checkConnect(Native Method)
	at sun.nio.ch.SocketChannelImpl.finishConnect(SocketChannelImpl.java:717)
	at org.apache.ratis.thirdparty.io.netty.channel.socket.nio.NioSocketChannel.doFinishConnect(NioSocketChannel.java:327)
	at org.apache.ratis.thirdparty.io.netty.channel.nio.AbstractNioChannel$AbstractNioUnsafe.finishConnect(AbstractNioChannel.java:340)
	at org.apache.ratis.thirdparty.io.netty.channel.nio.NioEventLoop.processSelectedKey(NioEventLoop.java:632)
	at org.apache.ratis.thirdparty.io.netty.channel.nio.NioEventLoop.processSelectedKeysOptimized(NioEventLoop.java:579)
	at org.apache.ratis.thirdparty.io.netty.channel.nio.NioEventLoop.processSelectedKeys(NioEventLoop.java:496)
	at org.apache.ratis.thirdparty.io.netty.channel.nio.NioEventLoop.run(NioEventLoop.java:458)
	at org.apache.ratis.thirdparty.io.netty.util.concurrent.SingleThreadEventExecutor$5.run(SingleThreadEventExecutor.java:897)
	at org.apache.ratis.thirdparty.io.netty.util.concurrent.FastThreadLocalRunnable.run(FastThreadLocalRunnable.java:30)
	... 1 more
Caused by: java.net.ConnectException: Connection refused
	... 11 more
2019-08-28 18:53:07,298 [8e467a3f-4a15-4133-b9dc-29f72d763c9b:group-E16EF6B83B8D:LeaderElection14] INFO  impl.LeaderElection (LogUtils.java:infoOrTrace(149)) -   Exception 1: {}
java.util.concurrent.ExecutionException: org.apache.ratis.thirdparty.io.grpc.StatusRuntimeException: UNAVAILABLE: io exception
	at java.util.concurrent.FutureTask.report(FutureTask.java:122)
	at java.util.concurrent.FutureTask.get(FutureTask.java:192)
	at org.apache.ratis.server.impl.LeaderElection.waitForResults(LeaderElection.java:262)
	at org.apache.ratis.server.impl.LeaderElection.askForVotes(LeaderElection.java:200)
	at org.apache.ratis.server.impl.LeaderElection.run(LeaderElection.java:130)
	at java.lang.Thread.run(Thread.java:748)
Caused by: org.apache.ratis.thirdparty.io.grpc.StatusRuntimeException: UNAVAILABLE: io exception
	at org.apache.ratis.thirdparty.io.grpc.stub.ClientCalls.toStatusRuntimeException(ClientCalls.java:233)
	at org.apache.ratis.thirdparty.io.grpc.stub.ClientCalls.getUnchecked(ClientCalls.java:214)
	at org.apache.ratis.thirdparty.io.grpc.stub.ClientCalls.blockingUnaryCall(ClientCalls.java:139)
	at org.apache.ratis.proto.grpc.RaftServerProtocolServiceGrpc$RaftServerProtocolServiceBlockingStub.requestVote(RaftServerProtocolServiceGrpc.java:265)
	at org.apache.ratis.grpc.server.GrpcServerProtocolClient.requestVote(GrpcServerProtocolClient.java:83)
	at org.apache.ratis.grpc.server.GrpcService.requestVote(GrpcService.java:195)
	at org.apache.ratis.server.impl.LeaderElection.lambda$submitRequests$1(LeaderElection.java:237)
	at java.util.concurrent.FutureTask.run(FutureTask.java:266)
	at java.util.concurrent.Executors$RunnableAdapter.call(Executors.java:511)
	at java.util.concurrent.FutureTask.run(FutureTask.java:266)
	at java.util.concurrent.ThreadPoolExecutor.runWorker(ThreadPoolExecutor.java:1149)
	at java.util.concurrent.ThreadPoolExecutor$Worker.run(ThreadPoolExecutor.java:624)
	... 1 more
Caused by: org.apache.ratis.thirdparty.io.netty.channel.AbstractChannel$AnnotatedConnectException: Connection refused: /192.168.69.102:33628
	at sun.nio.ch.SocketChannelImpl.checkConnect(Native Method)
	at sun.nio.ch.SocketChannelImpl.finishConnect(SocketChannelImpl.java:717)
	at org.apache.ratis.thirdparty.io.netty.channel.socket.nio.NioSocketChannel.doFinishConnect(NioSocketChannel.java:327)
	at org.apache.ratis.thirdparty.io.netty.channel.nio.AbstractNioChannel$AbstractNioUnsafe.finishConnect(AbstractNioChannel.java:340)
	at org.apache.ratis.thirdparty.io.netty.channel.nio.NioEventLoop.processSelectedKey(NioEventLoop.java:632)
	at org.apache.ratis.thirdparty.io.netty.channel.nio.NioEventLoop.processSelectedKeysOptimized(NioEventLoop.java:579)
	at org.apache.ratis.thirdparty.io.netty.channel.nio.NioEventLoop.processSelectedKeys(NioEventLoop.java:496)
	at org.apache.ratis.thirdparty.io.netty.channel.nio.NioEventLoop.run(NioEventLoop.java:458)
	at org.apache.ratis.thirdparty.io.netty.util.concurrent.SingleThreadEventExecutor$5.run(SingleThreadEventExecutor.java:897)
	at org.apache.ratis.thirdparty.io.netty.util.concurrent.FastThreadLocalRunnable.run(FastThreadLocalRunnable.java:30)
	... 1 more
Caused by: java.net.ConnectException: Connection refused
	... 11 more
2019-08-28 18:53:07,298 [8e467a3f-4a15-4133-b9dc-29f72d763c9b:group-E16EF6B83B8D:LeaderElection14] INFO  impl.RaftServerImpl (RaftServerImpl.java:setRole(171)) - 8e467a3f-4a15-4133-b9dc-29f72d763c9b:group-E16EF6B83B8D changes role from CANDIDATE to FOLLOWER at term 2 for DISCOVERED_A_NEW_TERM
2019-08-28 18:53:07,300 [8e467a3f-4a15-4133-b9dc-29f72d763c9b:group-E16EF6B83B8D:LeaderElection14] INFO  impl.RoleInfo (RoleInfo.java:shutdownLeaderElection(134)) - 8e467a3f-4a15-4133-b9dc-29f72d763c9b: shutdown LeaderElection
2019-08-28 18:53:07,300 [8e467a3f-4a15-4133-b9dc-29f72d763c9b:group-E16EF6B83B8D:LeaderElection14] INFO  impl.RoleInfo (RoleInfo.java:updateAndGet(143)) - 8e467a3f-4a15-4133-b9dc-29f72d763c9b: start FollowerState
2019-08-28 18:53:07,601 | INFO  | SCMAudit | user=jenkins1000 | ip=192.168.69.102 | op=SEND_HEARTBEAT {datanodeUUID=0ec50947-c54d-40fe-a729-b0855dad3f0a, command=[]} | ret=SUCCESS |  
2019-08-28 18:53:07,751 | INFO  | SCMAudit | user=jenkins1000 | ip=192.168.69.102 | op=SEND_HEARTBEAT {datanodeUUID=2c9db6f5-ae6c-456e-aac1-300011bebd0b, command=[]} | ret=SUCCESS |  
2019-08-28 18:53:07,861 | INFO  | SCMAudit | user=jenkins1000 | ip=192.168.69.102 | op=SEND_HEARTBEAT {datanodeUUID=f785551e-a0af-487c-a25a-ff90660b7a23, command=[]} | ret=SUCCESS |  
2019-08-28 18:53:08,019 | INFO  | SCMAudit | user=jenkins1000 | ip=192.168.69.102 | op=SEND_HEARTBEAT {datanodeUUID=8e467a3f-4a15-4133-b9dc-29f72d763c9b, command=[]} | ret=SUCCESS |  
2019-08-28 18:53:08,052 | INFO  | SCMAudit | user=jenkins1000 | ip=192.168.69.102 | op=SEND_HEARTBEAT {datanodeUUID=3fdab9ea-6680-47f1-aded-4d496f7ecd01, command=[]} | ret=SUCCESS |  
2019-08-28 18:53:08,602 | INFO  | SCMAudit | user=jenkins1000 | ip=192.168.69.102 | op=SEND_HEARTBEAT {datanodeUUID=0ec50947-c54d-40fe-a729-b0855dad3f0a, command=[]} | ret=SUCCESS |  
2019-08-28 18:53:08,752 | INFO  | SCMAudit | user=jenkins1000 | ip=192.168.69.102 | op=SEND_HEARTBEAT {datanodeUUID=2c9db6f5-ae6c-456e-aac1-300011bebd0b, command=[]} | ret=SUCCESS |  
2019-08-28 18:53:08,862 | INFO  | SCMAudit | user=jenkins1000 | ip=192.168.69.102 | op=SEND_HEARTBEAT {datanodeUUID=f785551e-a0af-487c-a25a-ff90660b7a23, command=[]} | ret=SUCCESS |  
2019-08-28 18:53:09,019 | INFO  | SCMAudit | user=jenkins1000 | ip=192.168.69.102 | op=SEND_HEARTBEAT {datanodeUUID=8e467a3f-4a15-4133-b9dc-29f72d763c9b, command=[]} | ret=SUCCESS |  
2019-08-28 18:53:09,052 | INFO  | SCMAudit | user=jenkins1000 | ip=192.168.69.102 | op=SEND_HEARTBEAT {datanodeUUID=3fdab9ea-6680-47f1-aded-4d496f7ecd01, command=[]} | ret=SUCCESS |  
2019-08-28 18:53:09,602 | INFO  | SCMAudit | user=jenkins1000 | ip=192.168.69.102 | op=SEND_HEARTBEAT {datanodeUUID=0ec50947-c54d-40fe-a729-b0855dad3f0a, command=[]} | ret=SUCCESS |  
2019-08-28 18:53:09,752 | INFO  | SCMAudit | user=jenkins1000 | ip=192.168.69.102 | op=SEND_HEARTBEAT {datanodeUUID=2c9db6f5-ae6c-456e-aac1-300011bebd0b, command=[]} | ret=SUCCESS |  
2019-08-28 18:53:09,862 | INFO  | SCMAudit | user=jenkins1000 | ip=192.168.69.102 | op=SEND_HEARTBEAT {datanodeUUID=f785551e-a0af-487c-a25a-ff90660b7a23, command=[]} | ret=SUCCESS |  
2019-08-28 18:53:10,019 | INFO  | SCMAudit | user=jenkins1000 | ip=192.168.69.102 | op=SEND_HEARTBEAT {datanodeUUID=8e467a3f-4a15-4133-b9dc-29f72d763c9b, command=[]} | ret=SUCCESS |  
2019-08-28 18:53:10,052 | INFO  | SCMAudit | user=jenkins1000 | ip=192.168.69.102 | op=SEND_HEARTBEAT {datanodeUUID=3fdab9ea-6680-47f1-aded-4d496f7ecd01, command=[]} | ret=SUCCESS |  
2019-08-28 18:53:10,602 | INFO  | SCMAudit | user=jenkins1000 | ip=192.168.69.102 | op=SEND_HEARTBEAT {datanodeUUID=0ec50947-c54d-40fe-a729-b0855dad3f0a, command=[]} | ret=SUCCESS |  
2019-08-28 18:53:10,752 | INFO  | SCMAudit | user=jenkins1000 | ip=192.168.69.102 | op=SEND_HEARTBEAT {datanodeUUID=2c9db6f5-ae6c-456e-aac1-300011bebd0b, command=[]} | ret=SUCCESS |  
2019-08-28 18:53:10,862 | INFO  | SCMAudit | user=jenkins1000 | ip=192.168.69.102 | op=SEND_HEARTBEAT {datanodeUUID=f785551e-a0af-487c-a25a-ff90660b7a23, command=[]} | ret=SUCCESS |  
2019-08-28 18:53:11,018 | INFO  | SCMAudit | user=jenkins1000 | ip=192.168.69.102 | op=SEND_HEARTBEAT {datanodeUUID=8e467a3f-4a15-4133-b9dc-29f72d763c9b, command=[]} | ret=SUCCESS |  
2019-08-28 18:53:11,053 | INFO  | SCMAudit | user=jenkins1000 | ip=192.168.69.102 | op=SEND_HEARTBEAT {datanodeUUID=3fdab9ea-6680-47f1-aded-4d496f7ecd01, command=[]} | ret=SUCCESS |  
2019-08-28 18:53:11,603 | INFO  | SCMAudit | user=jenkins1000 | ip=192.168.69.102 | op=SEND_HEARTBEAT {datanodeUUID=0ec50947-c54d-40fe-a729-b0855dad3f0a, command=[]} | ret=SUCCESS |  
2019-08-28 18:53:11,752 | INFO  | SCMAudit | user=jenkins1000 | ip=192.168.69.102 | op=SEND_HEARTBEAT {datanodeUUID=2c9db6f5-ae6c-456e-aac1-300011bebd0b, command=[]} | ret=SUCCESS |  
2019-08-28 18:53:11,862 | INFO  | SCMAudit | user=jenkins1000 | ip=192.168.69.102 | op=SEND_HEARTBEAT {datanodeUUID=f785551e-a0af-487c-a25a-ff90660b7a23, command=[]} | ret=SUCCESS |  
2019-08-28 18:53:12,019 | INFO  | SCMAudit | user=jenkins1000 | ip=192.168.69.102 | op=SEND_HEARTBEAT {datanodeUUID=8e467a3f-4a15-4133-b9dc-29f72d763c9b, command=[]} | ret=SUCCESS |  
2019-08-28 18:53:12,054 | INFO  | SCMAudit | user=jenkins1000 | ip=192.168.69.102 | op=SEND_HEARTBEAT {datanodeUUID=3fdab9ea-6680-47f1-aded-4d496f7ecd01, command=[]} | ret=SUCCESS |  
2019-08-28 18:53:12,282 [grpc-default-executor-3] INFO  client.GrpcClientProtocolClient (GrpcClientProtocolClient.java:onNext(255)) - client-6EA2DE053EDA->8e467a3f-4a15-4133-b9dc-29f72d763c9b: receive RaftClientReply:client-6EA2DE053EDA->8e467a3f-4a15-4133-b9dc-29f72d763c9b@group-E16EF6B83B8D, cid=22, FAILED org.apache.ratis.protocol.NotLeaderException: Server 8e467a3f-4a15-4133-b9dc-29f72d763c9b is not the leader (null). Request must be sent to leader., logIndex=0, commits[8e467a3f-4a15-4133-b9dc-29f72d763c9b:c15, ee626ce8-1972-4fe0-bbbc-07baa9e228a9:c15, 79e7307e-2f03-4236-add7-13e1eabe57b5:c15]
2019-08-28 18:53:12,345 [Thread-448] INFO  impl.FollowerState (FollowerState.java:run(106)) - 8e467a3f-4a15-4133-b9dc-29f72d763c9b:group-E16EF6B83B8D changes to CANDIDATE, lastRpcTime:5044, electionTimeout:5042ms
2019-08-28 18:53:12,345 [Thread-448] INFO  impl.RoleInfo (RoleInfo.java:shutdownFollowerState(121)) - 8e467a3f-4a15-4133-b9dc-29f72d763c9b: shutdown FollowerState
2019-08-28 18:53:12,345 [Thread-448] INFO  impl.RaftServerImpl (RaftServerImpl.java:setRole(171)) - 8e467a3f-4a15-4133-b9dc-29f72d763c9b:group-E16EF6B83B8D changes role from FOLLOWER to CANDIDATE at term 2 for changeToCandidate
2019-08-28 18:53:12,345 [Thread-448] INFO  impl.RoleInfo (RoleInfo.java:updateAndGet(143)) - 8e467a3f-4a15-4133-b9dc-29f72d763c9b: start LeaderElection
2019-08-28 18:53:12,367 [8e467a3f-4a15-4133-b9dc-29f72d763c9b:group-E16EF6B83B8D:LeaderElection15] INFO  impl.LeaderElection (LeaderElection.java:askForVotes(181)) - 8e467a3f-4a15-4133-b9dc-29f72d763c9b:group-E16EF6B83B8D:LeaderElection15: begin an election at term 3 for 0: [8e467a3f-4a15-4133-b9dc-29f72d763c9b:192.168.69.102:32993, ee626ce8-1972-4fe0-bbbc-07baa9e228a9:192.168.69.102:33628, 79e7307e-2f03-4236-add7-13e1eabe57b5:192.168.69.102:45684], old=null
2019-08-28 18:53:12,368 [8e467a3f-4a15-4133-b9dc-29f72d763c9b:group-E16EF6B83B8D:LeaderElection15] INFO  impl.LeaderElection (LogUtils.java:infoOrTrace(149)) - 8e467a3f-4a15-4133-b9dc-29f72d763c9b:group-E16EF6B83B8D:LeaderElection15 got exception when requesting votes: {}
java.util.concurrent.ExecutionException: org.apache.ratis.thirdparty.io.grpc.StatusRuntimeException: UNAVAILABLE: io exception
	at java.util.concurrent.FutureTask.report(FutureTask.java:122)
	at java.util.concurrent.FutureTask.get(FutureTask.java:192)
	at org.apache.ratis.server.impl.LeaderElection.waitForResults(LeaderElection.java:262)
	at org.apache.ratis.server.impl.LeaderElection.askForVotes(LeaderElection.java:200)
	at org.apache.ratis.server.impl.LeaderElection.run(LeaderElection.java:130)
	at java.lang.Thread.run(Thread.java:748)
Caused by: org.apache.ratis.thirdparty.io.grpc.StatusRuntimeException: UNAVAILABLE: io exception
	at org.apache.ratis.thirdparty.io.grpc.stub.ClientCalls.toStatusRuntimeException(ClientCalls.java:233)
	at org.apache.ratis.thirdparty.io.grpc.stub.ClientCalls.getUnchecked(ClientCalls.java:214)
	at org.apache.ratis.thirdparty.io.grpc.stub.ClientCalls.blockingUnaryCall(ClientCalls.java:139)
	at org.apache.ratis.proto.grpc.RaftServerProtocolServiceGrpc$RaftServerProtocolServiceBlockingStub.requestVote(RaftServerProtocolServiceGrpc.java:265)
	at org.apache.ratis.grpc.server.GrpcServerProtocolClient.requestVote(GrpcServerProtocolClient.java:83)
	at org.apache.ratis.grpc.server.GrpcService.requestVote(GrpcService.java:195)
	at org.apache.ratis.server.impl.LeaderElection.lambda$submitRequests$1(LeaderElection.java:237)
	at java.util.concurrent.FutureTask.run(FutureTask.java:266)
	at java.util.concurrent.Executors$RunnableAdapter.call(Executors.java:511)
	at java.util.concurrent.FutureTask.run(FutureTask.java:266)
	at java.util.concurrent.ThreadPoolExecutor.runWorker(ThreadPoolExecutor.java:1149)
	at java.util.concurrent.ThreadPoolExecutor$Worker.run(ThreadPoolExecutor.java:624)
	... 1 more
Caused by: org.apache.ratis.thirdparty.io.netty.channel.AbstractChannel$AnnotatedConnectException: Connection refused: /192.168.69.102:33628
	at sun.nio.ch.SocketChannelImpl.checkConnect(Native Method)
	at sun.nio.ch.SocketChannelImpl.finishConnect(SocketChannelImpl.java:717)
	at org.apache.ratis.thirdparty.io.netty.channel.socket.nio.NioSocketChannel.doFinishConnect(NioSocketChannel.java:327)
	at org.apache.ratis.thirdparty.io.netty.channel.nio.AbstractNioChannel$AbstractNioUnsafe.finishConnect(AbstractNioChannel.java:340)
	at org.apache.ratis.thirdparty.io.netty.channel.nio.NioEventLoop.processSelectedKey(NioEventLoop.java:632)
	at org.apache.ratis.thirdparty.io.netty.channel.nio.NioEventLoop.processSelectedKeysOptimized(NioEventLoop.java:579)
	at org.apache.ratis.thirdparty.io.netty.channel.nio.NioEventLoop.processSelectedKeys(NioEventLoop.java:496)
	at org.apache.ratis.thirdparty.io.netty.channel.nio.NioEventLoop.run(NioEventLoop.java:458)
	at org.apache.ratis.thirdparty.io.netty.util.concurrent.SingleThreadEventExecutor$5.run(SingleThreadEventExecutor.java:897)
	at org.apache.ratis.thirdparty.io.netty.util.concurrent.FastThreadLocalRunnable.run(FastThreadLocalRunnable.java:30)
	... 1 more
Caused by: java.net.ConnectException: Connection refused
	... 11 more
2019-08-28 18:53:12,373 [8e467a3f-4a15-4133-b9dc-29f72d763c9b:group-E16EF6B83B8D:LeaderElection15] INFO  impl.LeaderElection (LogUtils.java:infoOrTrace(149)) - 8e467a3f-4a15-4133-b9dc-29f72d763c9b:group-E16EF6B83B8D:LeaderElection15 got exception when requesting votes: {}
java.util.concurrent.ExecutionException: org.apache.ratis.thirdparty.io.grpc.StatusRuntimeException: UNAVAILABLE: io exception
	at java.util.concurrent.FutureTask.report(FutureTask.java:122)
	at java.util.concurrent.FutureTask.get(FutureTask.java:192)
	at org.apache.ratis.server.impl.LeaderElection.waitForResults(LeaderElection.java:262)
	at org.apache.ratis.server.impl.LeaderElection.askForVotes(LeaderElection.java:200)
	at org.apache.ratis.server.impl.LeaderElection.run(LeaderElection.java:130)
	at java.lang.Thread.run(Thread.java:748)
Caused by: org.apache.ratis.thirdparty.io.grpc.StatusRuntimeException: UNAVAILABLE: io exception
	at org.apache.ratis.thirdparty.io.grpc.stub.ClientCalls.toStatusRuntimeException(ClientCalls.java:233)
	at org.apache.ratis.thirdparty.io.grpc.stub.ClientCalls.getUnchecked(ClientCalls.java:214)
	at org.apache.ratis.thirdparty.io.grpc.stub.ClientCalls.blockingUnaryCall(ClientCalls.java:139)
	at org.apache.ratis.proto.grpc.RaftServerProtocolServiceGrpc$RaftServerProtocolServiceBlockingStub.requestVote(RaftServerProtocolServiceGrpc.java:265)
	at org.apache.ratis.grpc.server.GrpcServerProtocolClient.requestVote(GrpcServerProtocolClient.java:83)
	at org.apache.ratis.grpc.server.GrpcService.requestVote(GrpcService.java:195)
	at org.apache.ratis.server.impl.LeaderElection.lambda$submitRequests$1(LeaderElection.java:237)
	at java.util.concurrent.FutureTask.run(FutureTask.java:266)
	at java.util.concurrent.Executors$RunnableAdapter.call(Executors.java:511)
	at java.util.concurrent.FutureTask.run(FutureTask.java:266)
	at java.util.concurrent.ThreadPoolExecutor.runWorker(ThreadPoolExecutor.java:1149)
	at java.util.concurrent.ThreadPoolExecutor$Worker.run(ThreadPoolExecutor.java:624)
	... 1 more
Caused by: org.apache.ratis.thirdparty.io.netty.channel.AbstractChannel$AnnotatedConnectException: Connection refused: /192.168.69.102:45684
	at sun.nio.ch.SocketChannelImpl.checkConnect(Native Method)
	at sun.nio.ch.SocketChannelImpl.finishConnect(SocketChannelImpl.java:717)
	at org.apache.ratis.thirdparty.io.netty.channel.socket.nio.NioSocketChannel.doFinishConnect(NioSocketChannel.java:327)
	at org.apache.ratis.thirdparty.io.netty.channel.nio.AbstractNioChannel$AbstractNioUnsafe.finishConnect(AbstractNioChannel.java:340)
	at org.apache.ratis.thirdparty.io.netty.channel.nio.NioEventLoop.processSelectedKey(NioEventLoop.java:632)
	at org.apache.ratis.thirdparty.io.netty.channel.nio.NioEventLoop.processSelectedKeysOptimized(NioEventLoop.java:579)
	at org.apache.ratis.thirdparty.io.netty.channel.nio.NioEventLoop.processSelectedKeys(NioEventLoop.java:496)
	at org.apache.ratis.thirdparty.io.netty.channel.nio.NioEventLoop.run(NioEventLoop.java:458)
	at org.apache.ratis.thirdparty.io.netty.util.concurrent.SingleThreadEventExecutor$5.run(SingleThreadEventExecutor.java:897)
	at org.apache.ratis.thirdparty.io.netty.util.concurrent.FastThreadLocalRunnable.run(FastThreadLocalRunnable.java:30)
	... 1 more
Caused by: java.net.ConnectException: Connection refused
	... 11 more
2019-08-28 18:53:12,376 [8e467a3f-4a15-4133-b9dc-29f72d763c9b:group-E16EF6B83B8D:LeaderElection15] INFO  impl.LeaderElection (LeaderElection.java:logAndReturn(56)) - 8e467a3f-4a15-4133-b9dc-29f72d763c9b:group-E16EF6B83B8D:LeaderElection15: Election REJECTED; received 0 response(s) [] and 2 exception(s); 8e467a3f-4a15-4133-b9dc-29f72d763c9b:t3, leader=null, voted=8e467a3f-4a15-4133-b9dc-29f72d763c9b, raftlog=8e467a3f-4a15-4133-b9dc-29f72d763c9b-SegmentedRaftLog:OPENED:c15,f15,i15, conf=0: [8e467a3f-4a15-4133-b9dc-29f72d763c9b:192.168.69.102:32993, ee626ce8-1972-4fe0-bbbc-07baa9e228a9:192.168.69.102:33628, 79e7307e-2f03-4236-add7-13e1eabe57b5:192.168.69.102:45684], old=null
2019-08-28 18:53:12,376 [8e467a3f-4a15-4133-b9dc-29f72d763c9b:group-E16EF6B83B8D:LeaderElection15] INFO  impl.LeaderElection (LogUtils.java:infoOrTrace(149)) -   Exception 0: {}
java.util.concurrent.ExecutionException: org.apache.ratis.thirdparty.io.grpc.StatusRuntimeException: UNAVAILABLE: io exception
	at java.util.concurrent.FutureTask.report(FutureTask.java:122)
	at java.util.concurrent.FutureTask.get(FutureTask.java:192)
	at org.apache.ratis.server.impl.LeaderElection.waitForResults(LeaderElection.java:262)
	at org.apache.ratis.server.impl.LeaderElection.askForVotes(LeaderElection.java:200)
	at org.apache.ratis.server.impl.LeaderElection.run(LeaderElection.java:130)
	at java.lang.Thread.run(Thread.java:748)
Caused by: org.apache.ratis.thirdparty.io.grpc.StatusRuntimeException: UNAVAILABLE: io exception
	at org.apache.ratis.thirdparty.io.grpc.stub.ClientCalls.toStatusRuntimeException(ClientCalls.java:233)
	at org.apache.ratis.thirdparty.io.grpc.stub.ClientCalls.getUnchecked(ClientCalls.java:214)
	at org.apache.ratis.thirdparty.io.grpc.stub.ClientCalls.blockingUnaryCall(ClientCalls.java:139)
	at org.apache.ratis.proto.grpc.RaftServerProtocolServiceGrpc$RaftServerProtocolServiceBlockingStub.requestVote(RaftServerProtocolServiceGrpc.java:265)
	at org.apache.ratis.grpc.server.GrpcServerProtocolClient.requestVote(GrpcServerProtocolClient.java:83)
	at org.apache.ratis.grpc.server.GrpcService.requestVote(GrpcService.java:195)
	at org.apache.ratis.server.impl.LeaderElection.lambda$submitRequests$1(LeaderElection.java:237)
	at java.util.concurrent.FutureTask.run(FutureTask.java:266)
	at java.util.concurrent.Executors$RunnableAdapter.call(Executors.java:511)
	at java.util.concurrent.FutureTask.run(FutureTask.java:266)
	at java.util.concurrent.ThreadPoolExecutor.runWorker(ThreadPoolExecutor.java:1149)
	at java.util.concurrent.ThreadPoolExecutor$Worker.run(ThreadPoolExecutor.java:624)
	... 1 more
Caused by: org.apache.ratis.thirdparty.io.netty.channel.AbstractChannel$AnnotatedConnectException: Connection refused: /192.168.69.102:33628
	at sun.nio.ch.SocketChannelImpl.checkConnect(Native Method)
	at sun.nio.ch.SocketChannelImpl.finishConnect(SocketChannelImpl.java:717)
	at org.apache.ratis.thirdparty.io.netty.channel.socket.nio.NioSocketChannel.doFinishConnect(NioSocketChannel.java:327)
	at org.apache.ratis.thirdparty.io.netty.channel.nio.AbstractNioChannel$AbstractNioUnsafe.finishConnect(AbstractNioChannel.java:340)
	at org.apache.ratis.thirdparty.io.netty.channel.nio.NioEventLoop.processSelectedKey(NioEventLoop.java:632)
	at org.apache.ratis.thirdparty.io.netty.channel.nio.NioEventLoop.processSelectedKeysOptimized(NioEventLoop.java:579)
	at org.apache.ratis.thirdparty.io.netty.channel.nio.NioEventLoop.processSelectedKeys(NioEventLoop.java:496)
	at org.apache.ratis.thirdparty.io.netty.channel.nio.NioEventLoop.run(NioEventLoop.java:458)
	at org.apache.ratis.thirdparty.io.netty.util.concurrent.SingleThreadEventExecutor$5.run(SingleThreadEventExecutor.java:897)
	at org.apache.ratis.thirdparty.io.netty.util.concurrent.FastThreadLocalRunnable.run(FastThreadLocalRunnable.java:30)
	... 1 more
Caused by: java.net.ConnectException: Connection refused
	... 11 more
2019-08-28 18:53:12,378 [8e467a3f-4a15-4133-b9dc-29f72d763c9b:group-E16EF6B83B8D:LeaderElection15] INFO  impl.LeaderElection (LogUtils.java:infoOrTrace(149)) -   Exception 1: {}
java.util.concurrent.ExecutionException: org.apache.ratis.thirdparty.io.grpc.StatusRuntimeException: UNAVAILABLE: io exception
	at java.util.concurrent.FutureTask.report(FutureTask.java:122)
	at java.util.concurrent.FutureTask.get(FutureTask.java:192)
	at org.apache.ratis.server.impl.LeaderElection.waitForResults(LeaderElection.java:262)
	at org.apache.ratis.server.impl.LeaderElection.askForVotes(LeaderElection.java:200)
	at org.apache.ratis.server.impl.LeaderElection.run(LeaderElection.java:130)
	at java.lang.Thread.run(Thread.java:748)
Caused by: org.apache.ratis.thirdparty.io.grpc.StatusRuntimeException: UNAVAILABLE: io exception
	at org.apache.ratis.thirdparty.io.grpc.stub.ClientCalls.toStatusRuntimeException(ClientCalls.java:233)
	at org.apache.ratis.thirdparty.io.grpc.stub.ClientCalls.getUnchecked(ClientCalls.java:214)
	at org.apache.ratis.thirdparty.io.grpc.stub.ClientCalls.blockingUnaryCall(ClientCalls.java:139)
	at org.apache.ratis.proto.grpc.RaftServerProtocolServiceGrpc$RaftServerProtocolServiceBlockingStub.requestVote(RaftServerProtocolServiceGrpc.java:265)
	at org.apache.ratis.grpc.server.GrpcServerProtocolClient.requestVote(GrpcServerProtocolClient.java:83)
	at org.apache.ratis.grpc.server.GrpcService.requestVote(GrpcService.java:195)
	at org.apache.ratis.server.impl.LeaderElection.lambda$submitRequests$1(LeaderElection.java:237)
	at java.util.concurrent.FutureTask.run(FutureTask.java:266)
	at java.util.concurrent.Executors$RunnableAdapter.call(Executors.java:511)
	at java.util.concurrent.FutureTask.run(FutureTask.java:266)
	at java.util.concurrent.ThreadPoolExecutor.runWorker(ThreadPoolExecutor.java:1149)
	at java.util.concurrent.ThreadPoolExecutor$Worker.run(ThreadPoolExecutor.java:624)
	... 1 more
Caused by: org.apache.ratis.thirdparty.io.netty.channel.AbstractChannel$AnnotatedConnectException: Connection refused: /192.168.69.102:45684
	at sun.nio.ch.SocketChannelImpl.checkConnect(Native Method)
	at sun.nio.ch.SocketChannelImpl.finishConnect(SocketChannelImpl.java:717)
	at org.apache.ratis.thirdparty.io.netty.channel.socket.nio.NioSocketChannel.doFinishConnect(NioSocketChannel.java:327)
	at org.apache.ratis.thirdparty.io.netty.channel.nio.AbstractNioChannel$AbstractNioUnsafe.finishConnect(AbstractNioChannel.java:340)
	at org.apache.ratis.thirdparty.io.netty.channel.nio.NioEventLoop.processSelectedKey(NioEventLoop.java:632)
	at org.apache.ratis.thirdparty.io.netty.channel.nio.NioEventLoop.processSelectedKeysOptimized(NioEventLoop.java:579)
	at org.apache.ratis.thirdparty.io.netty.channel.nio.NioEventLoop.processSelectedKeys(NioEventLoop.java:496)
	at org.apache.ratis.thirdparty.io.netty.channel.nio.NioEventLoop.run(NioEventLoop.java:458)
	at org.apache.ratis.thirdparty.io.netty.util.concurrent.SingleThreadEventExecutor$5.run(SingleThreadEventExecutor.java:897)
	at org.apache.ratis.thirdparty.io.netty.util.concurrent.FastThreadLocalRunnable.run(FastThreadLocalRunnable.java:30)
	... 1 more
Caused by: java.net.ConnectException: Connection refused
	... 11 more
2019-08-28 18:53:12,379 [8e467a3f-4a15-4133-b9dc-29f72d763c9b:group-E16EF6B83B8D:LeaderElection15] INFO  impl.RaftServerImpl (RaftServerImpl.java:setRole(171)) - 8e467a3f-4a15-4133-b9dc-29f72d763c9b:group-E16EF6B83B8D changes role from CANDIDATE to FOLLOWER at term 3 for DISCOVERED_A_NEW_TERM
2019-08-28 18:53:12,381 [8e467a3f-4a15-4133-b9dc-29f72d763c9b:group-E16EF6B83B8D:LeaderElection15] INFO  impl.RoleInfo (RoleInfo.java:shutdownLeaderElection(134)) - 8e467a3f-4a15-4133-b9dc-29f72d763c9b: shutdown LeaderElection
2019-08-28 18:53:12,381 [8e467a3f-4a15-4133-b9dc-29f72d763c9b:group-E16EF6B83B8D:LeaderElection15] INFO  impl.RoleInfo (RoleInfo.java:updateAndGet(143)) - 8e467a3f-4a15-4133-b9dc-29f72d763c9b: start FollowerState
2019-08-28 18:53:12,603 | INFO  | SCMAudit | user=jenkins1000 | ip=192.168.69.102 | op=SEND_HEARTBEAT {datanodeUUID=0ec50947-c54d-40fe-a729-b0855dad3f0a, command=[]} | ret=SUCCESS |  
2019-08-28 18:53:12,752 | INFO  | SCMAudit | user=jenkins1000 | ip=192.168.69.102 | op=SEND_HEARTBEAT {datanodeUUID=2c9db6f5-ae6c-456e-aac1-300011bebd0b, command=[]} | ret=SUCCESS |  
2019-08-28 18:53:12,863 | INFO  | SCMAudit | user=jenkins1000 | ip=192.168.69.102 | op=SEND_HEARTBEAT {datanodeUUID=f785551e-a0af-487c-a25a-ff90660b7a23, command=[]} | ret=SUCCESS |  
2019-08-28 18:53:13,019 | INFO  | SCMAudit | user=jenkins1000 | ip=192.168.69.102 | op=SEND_HEARTBEAT {datanodeUUID=8e467a3f-4a15-4133-b9dc-29f72d763c9b, command=[]} | ret=SUCCESS |  
2019-08-28 18:53:13,054 | INFO  | SCMAudit | user=jenkins1000 | ip=192.168.69.102 | op=SEND_HEARTBEAT {datanodeUUID=3fdab9ea-6680-47f1-aded-4d496f7ecd01, command=[]} | ret=SUCCESS |  
2019-08-28 18:53:13,603 | INFO  | SCMAudit | user=jenkins1000 | ip=192.168.69.102 | op=SEND_HEARTBEAT {datanodeUUID=0ec50947-c54d-40fe-a729-b0855dad3f0a, command=[]} | ret=SUCCESS |  
2019-08-28 18:53:13,752 | INFO  | SCMAudit | user=jenkins1000 | ip=192.168.69.102 | op=SEND_HEARTBEAT {datanodeUUID=2c9db6f5-ae6c-456e-aac1-300011bebd0b, command=[]} | ret=SUCCESS |  
2019-08-28 18:53:13,863 | INFO  | SCMAudit | user=jenkins1000 | ip=192.168.69.102 | op=SEND_HEARTBEAT {datanodeUUID=f785551e-a0af-487c-a25a-ff90660b7a23, command=[]} | ret=SUCCESS |  
2019-08-28 18:53:14,019 | INFO  | SCMAudit | user=jenkins1000 | ip=192.168.69.102 | op=SEND_HEARTBEAT {datanodeUUID=8e467a3f-4a15-4133-b9dc-29f72d763c9b, command=[]} | ret=SUCCESS |  
2019-08-28 18:53:14,054 | INFO  | SCMAudit | user=jenkins1000 | ip=192.168.69.102 | op=SEND_HEARTBEAT {datanodeUUID=3fdab9ea-6680-47f1-aded-4d496f7ecd01, command=[]} | ret=SUCCESS |  
2019-08-28 18:53:14,308 [grpc-default-executor-5] INFO  client.GrpcClientProtocolClient (GrpcClientProtocolClient.java:onNext(255)) - client-6EA2DE053EDA->8e467a3f-4a15-4133-b9dc-29f72d763c9b: receive RaftClientReply:client-6EA2DE053EDA->8e467a3f-4a15-4133-b9dc-29f72d763c9b@group-E16EF6B83B8D, cid=22, FAILED org.apache.ratis.protocol.NotLeaderException: Server 8e467a3f-4a15-4133-b9dc-29f72d763c9b is not the leader (null). Request must be sent to leader., logIndex=0, commits[8e467a3f-4a15-4133-b9dc-29f72d763c9b:c15, ee626ce8-1972-4fe0-bbbc-07baa9e228a9:c15, 79e7307e-2f03-4236-add7-13e1eabe57b5:c15]
2019-08-28 18:53:14,603 | INFO  | SCMAudit | user=jenkins1000 | ip=192.168.69.102 | op=SEND_HEARTBEAT {datanodeUUID=0ec50947-c54d-40fe-a729-b0855dad3f0a, command=[]} | ret=SUCCESS |  
2019-08-28 18:53:14,752 | INFO  | SCMAudit | user=jenkins1000 | ip=192.168.69.102 | op=SEND_HEARTBEAT {datanodeUUID=2c9db6f5-ae6c-456e-aac1-300011bebd0b, command=[]} | ret=SUCCESS |  
2019-08-28 18:53:14,863 | INFO  | SCMAudit | user=jenkins1000 | ip=192.168.69.102 | op=SEND_HEARTBEAT {datanodeUUID=f785551e-a0af-487c-a25a-ff90660b7a23, command=[]} | ret=SUCCESS |  
2019-08-28 18:53:15,019 | INFO  | SCMAudit | user=jenkins1000 | ip=192.168.69.102 | op=SEND_HEARTBEAT {datanodeUUID=8e467a3f-4a15-4133-b9dc-29f72d763c9b, command=[]} | ret=SUCCESS |  
2019-08-28 18:53:15,054 | INFO  | SCMAudit | user=jenkins1000 | ip=192.168.69.102 | op=SEND_HEARTBEAT {datanodeUUID=3fdab9ea-6680-47f1-aded-4d496f7ecd01, command=[]} | ret=SUCCESS |  
2019-08-28 18:53:15,604 | INFO  | SCMAudit | user=jenkins1000 | ip=192.168.69.102 | op=SEND_HEARTBEAT {datanodeUUID=0ec50947-c54d-40fe-a729-b0855dad3f0a, command=[]} | ret=SUCCESS |  
2019-08-28 18:53:15,752 | INFO  | SCMAudit | user=jenkins1000 | ip=192.168.69.102 | op=SEND_HEARTBEAT {datanodeUUID=2c9db6f5-ae6c-456e-aac1-300011bebd0b, command=[]} | ret=SUCCESS |  
2019-08-28 18:53:15,863 | INFO  | SCMAudit | user=jenkins1000 | ip=192.168.69.102 | op=SEND_HEARTBEAT {datanodeUUID=f785551e-a0af-487c-a25a-ff90660b7a23, command=[]} | ret=SUCCESS |  
2019-08-28 18:53:16,020 | INFO  | SCMAudit | user=jenkins1000 | ip=192.168.69.102 | op=SEND_HEARTBEAT {datanodeUUID=8e467a3f-4a15-4133-b9dc-29f72d763c9b, command=[]} | ret=SUCCESS |  
2019-08-28 18:53:16,054 | INFO  | SCMAudit | user=jenkins1000 | ip=192.168.69.102 | op=SEND_HEARTBEAT {datanodeUUID=3fdab9ea-6680-47f1-aded-4d496f7ecd01, command=[]} | ret=SUCCESS |  
2019-08-28 18:53:16,333 [grpc-default-executor-3] INFO  client.GrpcClientProtocolClient (GrpcClientProtocolClient.java:onNext(255)) - client-6EA2DE053EDA->8e467a3f-4a15-4133-b9dc-29f72d763c9b: receive RaftClientReply:client-6EA2DE053EDA->8e467a3f-4a15-4133-b9dc-29f72d763c9b@group-E16EF6B83B8D, cid=22, FAILED org.apache.ratis.protocol.NotLeaderException: Server 8e467a3f-4a15-4133-b9dc-29f72d763c9b is not the leader (null). Request must be sent to leader., logIndex=0, commits[8e467a3f-4a15-4133-b9dc-29f72d763c9b:c15, ee626ce8-1972-4fe0-bbbc-07baa9e228a9:c15, 79e7307e-2f03-4236-add7-13e1eabe57b5:c15]
2019-08-28 18:53:16,603 | INFO  | SCMAudit | user=jenkins1000 | ip=192.168.69.102 | op=SEND_HEARTBEAT {datanodeUUID=0ec50947-c54d-40fe-a729-b0855dad3f0a, command=[]} | ret=SUCCESS |  
2019-08-28 18:53:16,753 | INFO  | SCMAudit | user=jenkins1000 | ip=192.168.69.102 | op=SEND_HEARTBEAT {datanodeUUID=2c9db6f5-ae6c-456e-aac1-300011bebd0b, command=[]} | ret=SUCCESS |  
2019-08-28 18:53:16,864 | INFO  | SCMAudit | user=jenkins1000 | ip=192.168.69.102 | op=SEND_HEARTBEAT {datanodeUUID=f785551e-a0af-487c-a25a-ff90660b7a23, command=[]} | ret=SUCCESS |  
2019-08-28 18:53:17,020 | INFO  | SCMAudit | user=jenkins1000 | ip=192.168.69.102 | op=SEND_HEARTBEAT {datanodeUUID=8e467a3f-4a15-4133-b9dc-29f72d763c9b, command=[]} | ret=SUCCESS |  
2019-08-28 18:53:17,054 | INFO  | SCMAudit | user=jenkins1000 | ip=192.168.69.102 | op=SEND_HEARTBEAT {datanodeUUID=3fdab9ea-6680-47f1-aded-4d496f7ecd01, command=[]} | ret=SUCCESS |  
2019-08-28 18:53:17,560 [Thread-469] INFO  impl.FollowerState (FollowerState.java:run(106)) - 8e467a3f-4a15-4133-b9dc-29f72d763c9b:group-E16EF6B83B8D changes to CANDIDATE, lastRpcTime:5178, electionTimeout:5177ms
2019-08-28 18:53:17,560 [Thread-469] INFO  impl.RoleInfo (RoleInfo.java:shutdownFollowerState(121)) - 8e467a3f-4a15-4133-b9dc-29f72d763c9b: shutdown FollowerState
2019-08-28 18:53:17,560 [Thread-469] INFO  impl.RaftServerImpl (RaftServerImpl.java:setRole(171)) - 8e467a3f-4a15-4133-b9dc-29f72d763c9b:group-E16EF6B83B8D changes role from FOLLOWER to CANDIDATE at term 3 for changeToCandidate
2019-08-28 18:53:17,560 [Thread-469] INFO  impl.RoleInfo (RoleInfo.java:updateAndGet(143)) - 8e467a3f-4a15-4133-b9dc-29f72d763c9b: start LeaderElection
2019-08-28 18:53:17,603 | INFO  | SCMAudit | user=jenkins1000 | ip=192.168.69.102 | op=SEND_HEARTBEAT {datanodeUUID=0ec50947-c54d-40fe-a729-b0855dad3f0a, command=[]} | ret=SUCCESS |  
2019-08-28 18:53:17,604 [8e467a3f-4a15-4133-b9dc-29f72d763c9b:group-E16EF6B83B8D:LeaderElection16] INFO  impl.LeaderElection (LeaderElection.java:askForVotes(181)) - 8e467a3f-4a15-4133-b9dc-29f72d763c9b:group-E16EF6B83B8D:LeaderElection16: begin an election at term 4 for 0: [8e467a3f-4a15-4133-b9dc-29f72d763c9b:192.168.69.102:32993, ee626ce8-1972-4fe0-bbbc-07baa9e228a9:192.168.69.102:33628, 79e7307e-2f03-4236-add7-13e1eabe57b5:192.168.69.102:45684], old=null
2019-08-28 18:53:17,605 [8e467a3f-4a15-4133-b9dc-29f72d763c9b:group-E16EF6B83B8D:LeaderElection16] INFO  impl.LeaderElection (LogUtils.java:infoOrTrace(149)) - 8e467a3f-4a15-4133-b9dc-29f72d763c9b:group-E16EF6B83B8D:LeaderElection16 got exception when requesting votes: {}
java.util.concurrent.ExecutionException: org.apache.ratis.thirdparty.io.grpc.StatusRuntimeException: UNAVAILABLE: io exception
	at java.util.concurrent.FutureTask.report(FutureTask.java:122)
	at java.util.concurrent.FutureTask.get(FutureTask.java:192)
	at org.apache.ratis.server.impl.LeaderElection.waitForResults(LeaderElection.java:262)
	at org.apache.ratis.server.impl.LeaderElection.askForVotes(LeaderElection.java:200)
	at org.apache.ratis.server.impl.LeaderElection.run(LeaderElection.java:130)
	at java.lang.Thread.run(Thread.java:748)
Caused by: org.apache.ratis.thirdparty.io.grpc.StatusRuntimeException: UNAVAILABLE: io exception
	at org.apache.ratis.thirdparty.io.grpc.stub.ClientCalls.toStatusRuntimeException(ClientCalls.java:233)
	at org.apache.ratis.thirdparty.io.grpc.stub.ClientCalls.getUnchecked(ClientCalls.java:214)
	at org.apache.ratis.thirdparty.io.grpc.stub.ClientCalls.blockingUnaryCall(ClientCalls.java:139)
	at org.apache.ratis.proto.grpc.RaftServerProtocolServiceGrpc$RaftServerProtocolServiceBlockingStub.requestVote(RaftServerProtocolServiceGrpc.java:265)
	at org.apache.ratis.grpc.server.GrpcServerProtocolClient.requestVote(GrpcServerProtocolClient.java:83)
	at org.apache.ratis.grpc.server.GrpcService.requestVote(GrpcService.java:195)
	at org.apache.ratis.server.impl.LeaderElection.lambda$submitRequests$1(LeaderElection.java:237)
	at java.util.concurrent.FutureTask.run(FutureTask.java:266)
	at java.util.concurrent.Executors$RunnableAdapter.call(Executors.java:511)
	at java.util.concurrent.FutureTask.run(FutureTask.java:266)
	at java.util.concurrent.ThreadPoolExecutor.runWorker(ThreadPoolExecutor.java:1149)
	at java.util.concurrent.ThreadPoolExecutor$Worker.run(ThreadPoolExecutor.java:624)
	... 1 more
Caused by: org.apache.ratis.thirdparty.io.netty.channel.AbstractChannel$AnnotatedConnectException: Connection refused: /192.168.69.102:33628
	at sun.nio.ch.SocketChannelImpl.checkConnect(Native Method)
	at sun.nio.ch.SocketChannelImpl.finishConnect(SocketChannelImpl.java:717)
	at org.apache.ratis.thirdparty.io.netty.channel.socket.nio.NioSocketChannel.doFinishConnect(NioSocketChannel.java:327)
	at org.apache.ratis.thirdparty.io.netty.channel.nio.AbstractNioChannel$AbstractNioUnsafe.finishConnect(AbstractNioChannel.java:340)
	at org.apache.ratis.thirdparty.io.netty.channel.nio.NioEventLoop.processSelectedKey(NioEventLoop.java:632)
	at org.apache.ratis.thirdparty.io.netty.channel.nio.NioEventLoop.processSelectedKeysOptimized(NioEventLoop.java:579)
	at org.apache.ratis.thirdparty.io.netty.channel.nio.NioEventLoop.processSelectedKeys(NioEventLoop.java:496)
	at org.apache.ratis.thirdparty.io.netty.channel.nio.NioEventLoop.run(NioEventLoop.java:458)
	at org.apache.ratis.thirdparty.io.netty.util.concurrent.SingleThreadEventExecutor$5.run(SingleThreadEventExecutor.java:897)
	at org.apache.ratis.thirdparty.io.netty.util.concurrent.FastThreadLocalRunnable.run(FastThreadLocalRunnable.java:30)
	... 1 more
Caused by: java.net.ConnectException: Connection refused
	... 11 more
2019-08-28 18:53:17,610 [8e467a3f-4a15-4133-b9dc-29f72d763c9b:group-E16EF6B83B8D:LeaderElection16] INFO  impl.LeaderElection (LogUtils.java:infoOrTrace(149)) - 8e467a3f-4a15-4133-b9dc-29f72d763c9b:group-E16EF6B83B8D:LeaderElection16 got exception when requesting votes: {}
java.util.concurrent.ExecutionException: org.apache.ratis.thirdparty.io.grpc.StatusRuntimeException: UNAVAILABLE: io exception
	at java.util.concurrent.FutureTask.report(FutureTask.java:122)
	at java.util.concurrent.FutureTask.get(FutureTask.java:192)
	at org.apache.ratis.server.impl.LeaderElection.waitForResults(LeaderElection.java:262)
	at org.apache.ratis.server.impl.LeaderElection.askForVotes(LeaderElection.java:200)
	at org.apache.ratis.server.impl.LeaderElection.run(LeaderElection.java:130)
	at java.lang.Thread.run(Thread.java:748)
Caused by: org.apache.ratis.thirdparty.io.grpc.StatusRuntimeException: UNAVAILABLE: io exception
	at org.apache.ratis.thirdparty.io.grpc.stub.ClientCalls.toStatusRuntimeException(ClientCalls.java:233)
	at org.apache.ratis.thirdparty.io.grpc.stub.ClientCalls.getUnchecked(ClientCalls.java:214)
	at org.apache.ratis.thirdparty.io.grpc.stub.ClientCalls.blockingUnaryCall(ClientCalls.java:139)
	at org.apache.ratis.proto.grpc.RaftServerProtocolServiceGrpc$RaftServerProtocolServiceBlockingStub.requestVote(RaftServerProtocolServiceGrpc.java:265)
	at org.apache.ratis.grpc.server.GrpcServerProtocolClient.requestVote(GrpcServerProtocolClient.java:83)
	at org.apache.ratis.grpc.server.GrpcService.requestVote(GrpcService.java:195)
	at org.apache.ratis.server.impl.LeaderElection.lambda$submitRequests$1(LeaderElection.java:237)
	at java.util.concurrent.FutureTask.run(FutureTask.java:266)
	at java.util.concurrent.Executors$RunnableAdapter.call(Executors.java:511)
	at java.util.concurrent.FutureTask.run(FutureTask.java:266)
	at java.util.concurrent.ThreadPoolExecutor.runWorker(ThreadPoolExecutor.java:1149)
	at java.util.concurrent.ThreadPoolExecutor$Worker.run(ThreadPoolExecutor.java:624)
	... 1 more
Caused by: org.apache.ratis.thirdparty.io.netty.channel.AbstractChannel$AnnotatedConnectException: Connection refused: /192.168.69.102:45684
	at sun.nio.ch.SocketChannelImpl.checkConnect(Native Method)
	at sun.nio.ch.SocketChannelImpl.finishConnect(SocketChannelImpl.java:717)
	at org.apache.ratis.thirdparty.io.netty.channel.socket.nio.NioSocketChannel.doFinishConnect(NioSocketChannel.java:327)
	at org.apache.ratis.thirdparty.io.netty.channel.nio.AbstractNioChannel$AbstractNioUnsafe.finishConnect(AbstractNioChannel.java:340)
	at org.apache.ratis.thirdparty.io.netty.channel.nio.NioEventLoop.processSelectedKey(NioEventLoop.java:632)
	at org.apache.ratis.thirdparty.io.netty.channel.nio.NioEventLoop.processSelectedKeysOptimized(NioEventLoop.java:579)
	at org.apache.ratis.thirdparty.io.netty.channel.nio.NioEventLoop.processSelectedKeys(NioEventLoop.java:496)
	at org.apache.ratis.thirdparty.io.netty.channel.nio.NioEventLoop.run(NioEventLoop.java:458)
	at org.apache.ratis.thirdparty.io.netty.util.concurrent.SingleThreadEventExecutor$5.run(SingleThreadEventExecutor.java:897)
	at org.apache.ratis.thirdparty.io.netty.util.concurrent.FastThreadLocalRunnable.run(FastThreadLocalRunnable.java:30)
	... 1 more
Caused by: java.net.ConnectException: Connection refused
	... 11 more
2019-08-28 18:53:17,614 [8e467a3f-4a15-4133-b9dc-29f72d763c9b:group-E16EF6B83B8D:LeaderElection16] INFO  impl.LeaderElection (LeaderElection.java:logAndReturn(56)) - 8e467a3f-4a15-4133-b9dc-29f72d763c9b:group-E16EF6B83B8D:LeaderElection16: Election REJECTED; received 0 response(s) [] and 2 exception(s); 8e467a3f-4a15-4133-b9dc-29f72d763c9b:t4, leader=null, voted=8e467a3f-4a15-4133-b9dc-29f72d763c9b, raftlog=8e467a3f-4a15-4133-b9dc-29f72d763c9b-SegmentedRaftLog:OPENED:c15,f15,i15, conf=0: [8e467a3f-4a15-4133-b9dc-29f72d763c9b:192.168.69.102:32993, ee626ce8-1972-4fe0-bbbc-07baa9e228a9:192.168.69.102:33628, 79e7307e-2f03-4236-add7-13e1eabe57b5:192.168.69.102:45684], old=null
2019-08-28 18:53:17,614 [8e467a3f-4a15-4133-b9dc-29f72d763c9b:group-E16EF6B83B8D:LeaderElection16] INFO  impl.LeaderElection (LogUtils.java:infoOrTrace(149)) -   Exception 0: {}
java.util.concurrent.ExecutionException: org.apache.ratis.thirdparty.io.grpc.StatusRuntimeException: UNAVAILABLE: io exception
	at java.util.concurrent.FutureTask.report(FutureTask.java:122)
	at java.util.concurrent.FutureTask.get(FutureTask.java:192)
	at org.apache.ratis.server.impl.LeaderElection.waitForResults(LeaderElection.java:262)
	at org.apache.ratis.server.impl.LeaderElection.askForVotes(LeaderElection.java:200)
	at org.apache.ratis.server.impl.LeaderElection.run(LeaderElection.java:130)
	at java.lang.Thread.run(Thread.java:748)
Caused by: org.apache.ratis.thirdparty.io.grpc.StatusRuntimeException: UNAVAILABLE: io exception
	at org.apache.ratis.thirdparty.io.grpc.stub.ClientCalls.toStatusRuntimeException(ClientCalls.java:233)
	at org.apache.ratis.thirdparty.io.grpc.stub.ClientCalls.getUnchecked(ClientCalls.java:214)
	at org.apache.ratis.thirdparty.io.grpc.stub.ClientCalls.blockingUnaryCall(ClientCalls.java:139)
	at org.apache.ratis.proto.grpc.RaftServerProtocolServiceGrpc$RaftServerProtocolServiceBlockingStub.requestVote(RaftServerProtocolServiceGrpc.java:265)
	at org.apache.ratis.grpc.server.GrpcServerProtocolClient.requestVote(GrpcServerProtocolClient.java:83)
	at org.apache.ratis.grpc.server.GrpcService.requestVote(GrpcService.java:195)
	at org.apache.ratis.server.impl.LeaderElection.lambda$submitRequests$1(LeaderElection.java:237)
	at java.util.concurrent.FutureTask.run(FutureTask.java:266)
	at java.util.concurrent.Executors$RunnableAdapter.call(Executors.java:511)
	at java.util.concurrent.FutureTask.run(FutureTask.java:266)
	at java.util.concurrent.ThreadPoolExecutor.runWorker(ThreadPoolExecutor.java:1149)
	at java.util.concurrent.ThreadPoolExecutor$Worker.run(ThreadPoolExecutor.java:624)
	... 1 more
Caused by: org.apache.ratis.thirdparty.io.netty.channel.AbstractChannel$AnnotatedConnectException: Connection refused: /192.168.69.102:33628
	at sun.nio.ch.SocketChannelImpl.checkConnect(Native Method)
	at sun.nio.ch.SocketChannelImpl.finishConnect(SocketChannelImpl.java:717)
	at org.apache.ratis.thirdparty.io.netty.channel.socket.nio.NioSocketChannel.doFinishConnect(NioSocketChannel.java:327)
	at org.apache.ratis.thirdparty.io.netty.channel.nio.AbstractNioChannel$AbstractNioUnsafe.finishConnect(AbstractNioChannel.java:340)
	at org.apache.ratis.thirdparty.io.netty.channel.nio.NioEventLoop.processSelectedKey(NioEventLoop.java:632)
	at org.apache.ratis.thirdparty.io.netty.channel.nio.NioEventLoop.processSelectedKeysOptimized(NioEventLoop.java:579)
	at org.apache.ratis.thirdparty.io.netty.channel.nio.NioEventLoop.processSelectedKeys(NioEventLoop.java:496)
	at org.apache.ratis.thirdparty.io.netty.channel.nio.NioEventLoop.run(NioEventLoop.java:458)
	at org.apache.ratis.thirdparty.io.netty.util.concurrent.SingleThreadEventExecutor$5.run(SingleThreadEventExecutor.java:897)
	at org.apache.ratis.thirdparty.io.netty.util.concurrent.FastThreadLocalRunnable.run(FastThreadLocalRunnable.java:30)
	... 1 more
Caused by: java.net.ConnectException: Connection refused
	... 11 more
2019-08-28 18:53:17,614 [8e467a3f-4a15-4133-b9dc-29f72d763c9b:group-E16EF6B83B8D:LeaderElection16] INFO  impl.LeaderElection (LogUtils.java:infoOrTrace(149)) -   Exception 1: {}
java.util.concurrent.ExecutionException: org.apache.ratis.thirdparty.io.grpc.StatusRuntimeException: UNAVAILABLE: io exception
	at java.util.concurrent.FutureTask.report(FutureTask.java:122)
	at java.util.concurrent.FutureTask.get(FutureTask.java:192)
	at org.apache.ratis.server.impl.LeaderElection.waitForResults(LeaderElection.java:262)
	at org.apache.ratis.server.impl.LeaderElection.askForVotes(LeaderElection.java:200)
	at org.apache.ratis.server.impl.LeaderElection.run(LeaderElection.java:130)
	at java.lang.Thread.run(Thread.java:748)
Caused by: org.apache.ratis.thirdparty.io.grpc.StatusRuntimeException: UNAVAILABLE: io exception
	at org.apache.ratis.thirdparty.io.grpc.stub.ClientCalls.toStatusRuntimeException(ClientCalls.java:233)
	at org.apache.ratis.thirdparty.io.grpc.stub.ClientCalls.getUnchecked(ClientCalls.java:214)
	at org.apache.ratis.thirdparty.io.grpc.stub.ClientCalls.blockingUnaryCall(ClientCalls.java:139)
	at org.apache.ratis.proto.grpc.RaftServerProtocolServiceGrpc$RaftServerProtocolServiceBlockingStub.requestVote(RaftServerProtocolServiceGrpc.java:265)
	at org.apache.ratis.grpc.server.GrpcServerProtocolClient.requestVote(GrpcServerProtocolClient.java:83)
	at org.apache.ratis.grpc.server.GrpcService.requestVote(GrpcService.java:195)
	at org.apache.ratis.server.impl.LeaderElection.lambda$submitRequests$1(LeaderElection.java:237)
	at java.util.concurrent.FutureTask.run(FutureTask.java:266)
	at java.util.concurrent.Executors$RunnableAdapter.call(Executors.java:511)
	at java.util.concurrent.FutureTask.run(FutureTask.java:266)
	at java.util.concurrent.ThreadPoolExecutor.runWorker(ThreadPoolExecutor.java:1149)
	at java.util.concurrent.ThreadPoolExecutor$Worker.run(ThreadPoolExecutor.java:624)
	... 1 more
Caused by: org.apache.ratis.thirdparty.io.netty.channel.AbstractChannel$AnnotatedConnectException: Connection refused: /192.168.69.102:45684
	at sun.nio.ch.SocketChannelImpl.checkConnect(Native Method)
	at sun.nio.ch.SocketChannelImpl.finishConnect(SocketChannelImpl.java:717)
	at org.apache.ratis.thirdparty.io.netty.channel.socket.nio.NioSocketChannel.doFinishConnect(NioSocketChannel.java:327)
	at org.apache.ratis.thirdparty.io.netty.channel.nio.AbstractNioChannel$AbstractNioUnsafe.finishConnect(AbstractNioChannel.java:340)
	at org.apache.ratis.thirdparty.io.netty.channel.nio.NioEventLoop.processSelectedKey(NioEventLoop.java:632)
	at org.apache.ratis.thirdparty.io.netty.channel.nio.NioEventLoop.processSelectedKeysOptimized(NioEventLoop.java:579)
	at org.apache.ratis.thirdparty.io.netty.channel.nio.NioEventLoop.processSelectedKeys(NioEventLoop.java:496)
	at org.apache.ratis.thirdparty.io.netty.channel.nio.NioEventLoop.run(NioEventLoop.java:458)
	at org.apache.ratis.thirdparty.io.netty.util.concurrent.SingleThreadEventExecutor$5.run(SingleThreadEventExecutor.java:897)
	at org.apache.ratis.thirdparty.io.netty.util.concurrent.FastThreadLocalRunnable.run(FastThreadLocalRunnable.java:30)
	... 1 more
Caused by: java.net.ConnectException: Connection refused
	... 11 more
2019-08-28 18:53:17,615 [8e467a3f-4a15-4133-b9dc-29f72d763c9b:group-E16EF6B83B8D:LeaderElection16] INFO  impl.RaftServerImpl (RaftServerImpl.java:setRole(171)) - 8e467a3f-4a15-4133-b9dc-29f72d763c9b:group-E16EF6B83B8D changes role from CANDIDATE to FOLLOWER at term 4 for DISCOVERED_A_NEW_TERM
2019-08-28 18:53:17,617 [8e467a3f-4a15-4133-b9dc-29f72d763c9b:group-E16EF6B83B8D:LeaderElection16] INFO  impl.RoleInfo (RoleInfo.java:shutdownLeaderElection(134)) - 8e467a3f-4a15-4133-b9dc-29f72d763c9b: shutdown LeaderElection
2019-08-28 18:53:17,618 [8e467a3f-4a15-4133-b9dc-29f72d763c9b:group-E16EF6B83B8D:LeaderElection16] INFO  impl.RoleInfo (RoleInfo.java:updateAndGet(143)) - 8e467a3f-4a15-4133-b9dc-29f72d763c9b: start FollowerState
2019-08-28 18:53:17,752 | INFO  | SCMAudit | user=jenkins1000 | ip=192.168.69.102 | op=SEND_HEARTBEAT {datanodeUUID=2c9db6f5-ae6c-456e-aac1-300011bebd0b, command=[]} | ret=SUCCESS |  
2019-08-28 18:53:17,863 | INFO  | SCMAudit | user=jenkins1000 | ip=192.168.69.102 | op=SEND_HEARTBEAT {datanodeUUID=f785551e-a0af-487c-a25a-ff90660b7a23, command=[]} | ret=SUCCESS |  
2019-08-28 18:53:18,020 | INFO  | SCMAudit | user=jenkins1000 | ip=192.168.69.102 | op=SEND_HEARTBEAT {datanodeUUID=8e467a3f-4a15-4133-b9dc-29f72d763c9b, command=[]} | ret=SUCCESS |  
2019-08-28 18:53:18,054 | INFO  | SCMAudit | user=jenkins1000 | ip=192.168.69.102 | op=SEND_HEARTBEAT {datanodeUUID=3fdab9ea-6680-47f1-aded-4d496f7ecd01, command=[]} | ret=SUCCESS |  
2019-08-28 18:53:18,603 | INFO  | SCMAudit | user=jenkins1000 | ip=192.168.69.102 | op=SEND_HEARTBEAT {datanodeUUID=0ec50947-c54d-40fe-a729-b0855dad3f0a, command=[]} | ret=SUCCESS |  
2019-08-28 18:53:18,753 | INFO  | SCMAudit | user=jenkins1000 | ip=192.168.69.102 | op=SEND_HEARTBEAT {datanodeUUID=2c9db6f5-ae6c-456e-aac1-300011bebd0b, command=[]} | ret=SUCCESS |  
2019-08-28 18:53:18,864 | INFO  | SCMAudit | user=jenkins1000 | ip=192.168.69.102 | op=SEND_HEARTBEAT {datanodeUUID=f785551e-a0af-487c-a25a-ff90660b7a23, command=[]} | ret=SUCCESS |  
2019-08-28 18:53:19,021 | INFO  | SCMAudit | user=jenkins1000 | ip=192.168.69.102 | op=SEND_HEARTBEAT {datanodeUUID=8e467a3f-4a15-4133-b9dc-29f72d763c9b, command=[]} | ret=SUCCESS |  
2019-08-28 18:53:19,054 | INFO  | SCMAudit | user=jenkins1000 | ip=192.168.69.102 | op=SEND_HEARTBEAT {datanodeUUID=3fdab9ea-6680-47f1-aded-4d496f7ecd01, command=[]} | ret=SUCCESS |  
2019-08-28 18:53:19,371 [grpc-default-executor-5] INFO  client.GrpcClientProtocolClient (GrpcClientProtocolClient.java:onNext(255)) - client-6EA2DE053EDA->8e467a3f-4a15-4133-b9dc-29f72d763c9b: receive RaftClientReply:client-6EA2DE053EDA->8e467a3f-4a15-4133-b9dc-29f72d763c9b@group-E16EF6B83B8D, cid=22, FAILED org.apache.ratis.protocol.NotLeaderException: Server 8e467a3f-4a15-4133-b9dc-29f72d763c9b is not the leader (null). Request must be sent to leader., logIndex=0, commits[8e467a3f-4a15-4133-b9dc-29f72d763c9b:c15, ee626ce8-1972-4fe0-bbbc-07baa9e228a9:c15, 79e7307e-2f03-4236-add7-13e1eabe57b5:c15]
2019-08-28 18:53:19,603 | INFO  | SCMAudit | user=jenkins1000 | ip=192.168.69.102 | op=SEND_HEARTBEAT {datanodeUUID=0ec50947-c54d-40fe-a729-b0855dad3f0a, command=[]} | ret=SUCCESS |  
2019-08-28 18:53:19,754 | INFO  | SCMAudit | user=jenkins1000 | ip=192.168.69.102 | op=SEND_HEARTBEAT {datanodeUUID=2c9db6f5-ae6c-456e-aac1-300011bebd0b, command=[]} | ret=SUCCESS |  
2019-08-28 18:53:19,865 | INFO  | SCMAudit | user=jenkins1000 | ip=192.168.69.102 | op=SEND_HEARTBEAT {datanodeUUID=f785551e-a0af-487c-a25a-ff90660b7a23, command=[]} | ret=SUCCESS |  
2019-08-28 18:53:20,020 | INFO  | SCMAudit | user=jenkins1000 | ip=192.168.69.102 | op=SEND_HEARTBEAT {datanodeUUID=8e467a3f-4a15-4133-b9dc-29f72d763c9b, command=[]} | ret=SUCCESS |  
2019-08-28 18:53:20,054 | INFO  | SCMAudit | user=jenkins1000 | ip=192.168.69.102 | op=SEND_HEARTBEAT {datanodeUUID=3fdab9ea-6680-47f1-aded-4d496f7ecd01, command=[]} | ret=SUCCESS |  
2019-08-28 18:53:20,603 | INFO  | SCMAudit | user=jenkins1000 | ip=192.168.69.102 | op=SEND_HEARTBEAT {datanodeUUID=0ec50947-c54d-40fe-a729-b0855dad3f0a, command=[]} | ret=SUCCESS |  
2019-08-28 18:53:20,754 | INFO  | SCMAudit | user=jenkins1000 | ip=192.168.69.102 | op=SEND_HEARTBEAT {datanodeUUID=2c9db6f5-ae6c-456e-aac1-300011bebd0b, command=[]} | ret=SUCCESS |  
2019-08-28 18:53:20,864 | INFO  | SCMAudit | user=jenkins1000 | ip=192.168.69.102 | op=SEND_HEARTBEAT {datanodeUUID=f785551e-a0af-487c-a25a-ff90660b7a23, command=[]} | ret=SUCCESS |  
2019-08-28 18:53:21,020 | INFO  | SCMAudit | user=jenkins1000 | ip=192.168.69.102 | op=SEND_HEARTBEAT {datanodeUUID=8e467a3f-4a15-4133-b9dc-29f72d763c9b, command=[]} | ret=SUCCESS |  
2019-08-28 18:53:21,054 | INFO  | SCMAudit | user=jenkins1000 | ip=192.168.69.102 | op=SEND_HEARTBEAT {datanodeUUID=3fdab9ea-6680-47f1-aded-4d496f7ecd01, command=[]} | ret=SUCCESS |  
2019-08-28 18:53:21,603 | INFO  | SCMAudit | user=jenkins1000 | ip=192.168.69.102 | op=SEND_HEARTBEAT {datanodeUUID=0ec50947-c54d-40fe-a729-b0855dad3f0a, command=[]} | ret=SUCCESS |  
2019-08-28 18:53:21,754 | INFO  | SCMAudit | user=jenkins1000 | ip=192.168.69.102 | op=SEND_HEARTBEAT {datanodeUUID=2c9db6f5-ae6c-456e-aac1-300011bebd0b, command=[]} | ret=SUCCESS |  
2019-08-28 18:53:21,864 | INFO  | SCMAudit | user=jenkins1000 | ip=192.168.69.102 | op=SEND_HEARTBEAT {datanodeUUID=f785551e-a0af-487c-a25a-ff90660b7a23, command=[]} | ret=SUCCESS |  
2019-08-28 18:53:22,020 | INFO  | SCMAudit | user=jenkins1000 | ip=192.168.69.102 | op=SEND_HEARTBEAT {datanodeUUID=8e467a3f-4a15-4133-b9dc-29f72d763c9b, command=[]} | ret=SUCCESS |  
2019-08-28 18:53:22,055 | INFO  | SCMAudit | user=jenkins1000 | ip=192.168.69.102 | op=SEND_HEARTBEAT {datanodeUUID=3fdab9ea-6680-47f1-aded-4d496f7ecd01, command=[]} | ret=SUCCESS |  
2019-08-28 18:53:22,603 | INFO  | SCMAudit | user=jenkins1000 | ip=192.168.69.102 | op=SEND_HEARTBEAT {datanodeUUID=0ec50947-c54d-40fe-a729-b0855dad3f0a, command=[]} | ret=SUCCESS |  
2019-08-28 18:53:22,754 | INFO  | SCMAudit | user=jenkins1000 | ip=192.168.69.102 | op=SEND_HEARTBEAT {datanodeUUID=2c9db6f5-ae6c-456e-aac1-300011bebd0b, command=[]} | ret=SUCCESS |  
2019-08-28 18:53:22,820 [Thread-489] INFO  impl.FollowerState (FollowerState.java:run(106)) - 8e467a3f-4a15-4133-b9dc-29f72d763c9b:group-E16EF6B83B8D changes to CANDIDATE, lastRpcTime:5202, electionTimeout:5199ms
2019-08-28 18:53:22,820 [Thread-489] INFO  impl.RoleInfo (RoleInfo.java:shutdownFollowerState(121)) - 8e467a3f-4a15-4133-b9dc-29f72d763c9b: shutdown FollowerState
2019-08-28 18:53:22,820 [Thread-489] INFO  impl.RaftServerImpl (RaftServerImpl.java:setRole(171)) - 8e467a3f-4a15-4133-b9dc-29f72d763c9b:group-E16EF6B83B8D changes role from FOLLOWER to CANDIDATE at term 4 for changeToCandidate
2019-08-28 18:53:22,820 [Thread-489] INFO  impl.RoleInfo (RoleInfo.java:updateAndGet(143)) - 8e467a3f-4a15-4133-b9dc-29f72d763c9b: start LeaderElection
2019-08-28 18:53:22,846 [8e467a3f-4a15-4133-b9dc-29f72d763c9b:group-E16EF6B83B8D:LeaderElection17] INFO  impl.LeaderElection (LeaderElection.java:askForVotes(181)) - 8e467a3f-4a15-4133-b9dc-29f72d763c9b:group-E16EF6B83B8D:LeaderElection17: begin an election at term 5 for 0: [8e467a3f-4a15-4133-b9dc-29f72d763c9b:192.168.69.102:32993, ee626ce8-1972-4fe0-bbbc-07baa9e228a9:192.168.69.102:33628, 79e7307e-2f03-4236-add7-13e1eabe57b5:192.168.69.102:45684], old=null
2019-08-28 18:53:22,847 [8e467a3f-4a15-4133-b9dc-29f72d763c9b:group-E16EF6B83B8D:LeaderElection17] INFO  impl.LeaderElection (LogUtils.java:infoOrTrace(149)) - 8e467a3f-4a15-4133-b9dc-29f72d763c9b:group-E16EF6B83B8D:LeaderElection17 got exception when requesting votes: {}
java.util.concurrent.ExecutionException: org.apache.ratis.thirdparty.io.grpc.StatusRuntimeException: UNAVAILABLE: io exception
	at java.util.concurrent.FutureTask.report(FutureTask.java:122)
	at java.util.concurrent.FutureTask.get(FutureTask.java:192)
	at org.apache.ratis.server.impl.LeaderElection.waitForResults(LeaderElection.java:262)
	at org.apache.ratis.server.impl.LeaderElection.askForVotes(LeaderElection.java:200)
	at org.apache.ratis.server.impl.LeaderElection.run(LeaderElection.java:130)
	at java.lang.Thread.run(Thread.java:748)
Caused by: org.apache.ratis.thirdparty.io.grpc.StatusRuntimeException: UNAVAILABLE: io exception
	at org.apache.ratis.thirdparty.io.grpc.stub.ClientCalls.toStatusRuntimeException(ClientCalls.java:233)
	at org.apache.ratis.thirdparty.io.grpc.stub.ClientCalls.getUnchecked(ClientCalls.java:214)
	at org.apache.ratis.thirdparty.io.grpc.stub.ClientCalls.blockingUnaryCall(ClientCalls.java:139)
	at org.apache.ratis.proto.grpc.RaftServerProtocolServiceGrpc$RaftServerProtocolServiceBlockingStub.requestVote(RaftServerProtocolServiceGrpc.java:265)
	at org.apache.ratis.grpc.server.GrpcServerProtocolClient.requestVote(GrpcServerProtocolClient.java:83)
	at org.apache.ratis.grpc.server.GrpcService.requestVote(GrpcService.java:195)
	at org.apache.ratis.server.impl.LeaderElection.lambda$submitRequests$1(LeaderElection.java:237)
	at java.util.concurrent.FutureTask.run(FutureTask.java:266)
	at java.util.concurrent.Executors$RunnableAdapter.call(Executors.java:511)
	at java.util.concurrent.FutureTask.run(FutureTask.java:266)
	at java.util.concurrent.ThreadPoolExecutor.runWorker(ThreadPoolExecutor.java:1149)
	at java.util.concurrent.ThreadPoolExecutor$Worker.run(ThreadPoolExecutor.java:624)
	... 1 more
Caused by: org.apache.ratis.thirdparty.io.netty.channel.AbstractChannel$AnnotatedConnectException: Connection refused: /192.168.69.102:33628
	at sun.nio.ch.SocketChannelImpl.checkConnect(Native Method)
	at sun.nio.ch.SocketChannelImpl.finishConnect(SocketChannelImpl.java:717)
	at org.apache.ratis.thirdparty.io.netty.channel.socket.nio.NioSocketChannel.doFinishConnect(NioSocketChannel.java:327)
	at org.apache.ratis.thirdparty.io.netty.channel.nio.AbstractNioChannel$AbstractNioUnsafe.finishConnect(AbstractNioChannel.java:340)
	at org.apache.ratis.thirdparty.io.netty.channel.nio.NioEventLoop.processSelectedKey(NioEventLoop.java:632)
	at org.apache.ratis.thirdparty.io.netty.channel.nio.NioEventLoop.processSelectedKeysOptimized(NioEventLoop.java:579)
	at org.apache.ratis.thirdparty.io.netty.channel.nio.NioEventLoop.processSelectedKeys(NioEventLoop.java:496)
	at org.apache.ratis.thirdparty.io.netty.channel.nio.NioEventLoop.run(NioEventLoop.java:458)
	at org.apache.ratis.thirdparty.io.netty.util.concurrent.SingleThreadEventExecutor$5.run(SingleThreadEventExecutor.java:897)
	at org.apache.ratis.thirdparty.io.netty.util.concurrent.FastThreadLocalRunnable.run(FastThreadLocalRunnable.java:30)
	... 1 more
Caused by: java.net.ConnectException: Connection refused
	... 11 more
2019-08-28 18:53:22,850 [8e467a3f-4a15-4133-b9dc-29f72d763c9b:group-E16EF6B83B8D:LeaderElection17] INFO  impl.LeaderElection (LogUtils.java:infoOrTrace(149)) - 8e467a3f-4a15-4133-b9dc-29f72d763c9b:group-E16EF6B83B8D:LeaderElection17 got exception when requesting votes: {}
java.util.concurrent.ExecutionException: org.apache.ratis.thirdparty.io.grpc.StatusRuntimeException: UNAVAILABLE: io exception
	at java.util.concurrent.FutureTask.report(FutureTask.java:122)
	at java.util.concurrent.FutureTask.get(FutureTask.java:192)
	at org.apache.ratis.server.impl.LeaderElection.waitForResults(LeaderElection.java:262)
	at org.apache.ratis.server.impl.LeaderElection.askForVotes(LeaderElection.java:200)
	at org.apache.ratis.server.impl.LeaderElection.run(LeaderElection.java:130)
	at java.lang.Thread.run(Thread.java:748)
Caused by: org.apache.ratis.thirdparty.io.grpc.StatusRuntimeException: UNAVAILABLE: io exception
	at org.apache.ratis.thirdparty.io.grpc.stub.ClientCalls.toStatusRuntimeException(ClientCalls.java:233)
	at org.apache.ratis.thirdparty.io.grpc.stub.ClientCalls.getUnchecked(ClientCalls.java:214)
	at org.apache.ratis.thirdparty.io.grpc.stub.ClientCalls.blockingUnaryCall(ClientCalls.java:139)
	at org.apache.ratis.proto.grpc.RaftServerProtocolServiceGrpc$RaftServerProtocolServiceBlockingStub.requestVote(RaftServerProtocolServiceGrpc.java:265)
	at org.apache.ratis.grpc.server.GrpcServerProtocolClient.requestVote(GrpcServerProtocolClient.java:83)
	at org.apache.ratis.grpc.server.GrpcService.requestVote(GrpcService.java:195)
	at org.apache.ratis.server.impl.LeaderElection.lambda$submitRequests$1(LeaderElection.java:237)
	at java.util.concurrent.FutureTask.run(FutureTask.java:266)
	at java.util.concurrent.Executors$RunnableAdapter.call(Executors.java:511)
	at java.util.concurrent.FutureTask.run(FutureTask.java:266)
	at java.util.concurrent.ThreadPoolExecutor.runWorker(ThreadPoolExecutor.java:1149)
	at java.util.concurrent.ThreadPoolExecutor$Worker.run(ThreadPoolExecutor.java:624)
	... 1 more
Caused by: org.apache.ratis.thirdparty.io.netty.channel.AbstractChannel$AnnotatedConnectException: Connection refused: /192.168.69.102:45684
	at sun.nio.ch.SocketChannelImpl.checkConnect(Native Method)
	at sun.nio.ch.SocketChannelImpl.finishConnect(SocketChannelImpl.java:717)
	at org.apache.ratis.thirdparty.io.netty.channel.socket.nio.NioSocketChannel.doFinishConnect(NioSocketChannel.java:327)
	at org.apache.ratis.thirdparty.io.netty.channel.nio.AbstractNioChannel$AbstractNioUnsafe.finishConnect(AbstractNioChannel.java:340)
	at org.apache.ratis.thirdparty.io.netty.channel.nio.NioEventLoop.processSelectedKey(NioEventLoop.java:632)
	at org.apache.ratis.thirdparty.io.netty.channel.nio.NioEventLoop.processSelectedKeysOptimized(NioEventLoop.java:579)
	at org.apache.ratis.thirdparty.io.netty.channel.nio.NioEventLoop.processSelectedKeys(NioEventLoop.java:496)
	at org.apache.ratis.thirdparty.io.netty.channel.nio.NioEventLoop.run(NioEventLoop.java:458)
	at org.apache.ratis.thirdparty.io.netty.util.concurrent.SingleThreadEventExecutor$5.run(SingleThreadEventExecutor.java:897)
	at org.apache.ratis.thirdparty.io.netty.util.concurrent.FastThreadLocalRunnable.run(FastThreadLocalRunnable.java:30)
	... 1 more
Caused by: java.net.ConnectException: Connection refused
	... 11 more
2019-08-28 18:53:22,853 [8e467a3f-4a15-4133-b9dc-29f72d763c9b:group-E16EF6B83B8D:LeaderElection17] INFO  impl.LeaderElection (LeaderElection.java:logAndReturn(56)) - 8e467a3f-4a15-4133-b9dc-29f72d763c9b:group-E16EF6B83B8D:LeaderElection17: Election REJECTED; received 0 response(s) [] and 2 exception(s); 8e467a3f-4a15-4133-b9dc-29f72d763c9b:t5, leader=null, voted=8e467a3f-4a15-4133-b9dc-29f72d763c9b, raftlog=8e467a3f-4a15-4133-b9dc-29f72d763c9b-SegmentedRaftLog:OPENED:c15,f15,i15, conf=0: [8e467a3f-4a15-4133-b9dc-29f72d763c9b:192.168.69.102:32993, ee626ce8-1972-4fe0-bbbc-07baa9e228a9:192.168.69.102:33628, 79e7307e-2f03-4236-add7-13e1eabe57b5:192.168.69.102:45684], old=null
2019-08-28 18:53:22,853 [8e467a3f-4a15-4133-b9dc-29f72d763c9b:group-E16EF6B83B8D:LeaderElection17] INFO  impl.LeaderElection (LogUtils.java:infoOrTrace(149)) -   Exception 0: {}
java.util.concurrent.ExecutionException: org.apache.ratis.thirdparty.io.grpc.StatusRuntimeException: UNAVAILABLE: io exception
	at java.util.concurrent.FutureTask.report(FutureTask.java:122)
	at java.util.concurrent.FutureTask.get(FutureTask.java:192)
	at org.apache.ratis.server.impl.LeaderElection.waitForResults(LeaderElection.java:262)
	at org.apache.ratis.server.impl.LeaderElection.askForVotes(LeaderElection.java:200)
	at org.apache.ratis.server.impl.LeaderElection.run(LeaderElection.java:130)
	at java.lang.Thread.run(Thread.java:748)
Caused by: org.apache.ratis.thirdparty.io.grpc.StatusRuntimeException: UNAVAILABLE: io exception
	at org.apache.ratis.thirdparty.io.grpc.stub.ClientCalls.toStatusRuntimeException(ClientCalls.java:233)
	at org.apache.ratis.thirdparty.io.grpc.stub.ClientCalls.getUnchecked(ClientCalls.java:214)
	at org.apache.ratis.thirdparty.io.grpc.stub.ClientCalls.blockingUnaryCall(ClientCalls.java:139)
	at org.apache.ratis.proto.grpc.RaftServerProtocolServiceGrpc$RaftServerProtocolServiceBlockingStub.requestVote(RaftServerProtocolServiceGrpc.java:265)
	at org.apache.ratis.grpc.server.GrpcServerProtocolClient.requestVote(GrpcServerProtocolClient.java:83)
	at org.apache.ratis.grpc.server.GrpcService.requestVote(GrpcService.java:195)
	at org.apache.ratis.server.impl.LeaderElection.lambda$submitRequests$1(LeaderElection.java:237)
	at java.util.concurrent.FutureTask.run(FutureTask.java:266)
	at java.util.concurrent.Executors$RunnableAdapter.call(Executors.java:511)
	at java.util.concurrent.FutureTask.run(FutureTask.java:266)
	at java.util.concurrent.ThreadPoolExecutor.runWorker(ThreadPoolExecutor.java:1149)
	at java.util.concurrent.ThreadPoolExecutor$Worker.run(ThreadPoolExecutor.java:624)
	... 1 more
Caused by: org.apache.ratis.thirdparty.io.netty.channel.AbstractChannel$AnnotatedConnectException: Connection refused: /192.168.69.102:33628
	at sun.nio.ch.SocketChannelImpl.checkConnect(Native Method)
	at sun.nio.ch.SocketChannelImpl.finishConnect(SocketChannelImpl.java:717)
	at org.apache.ratis.thirdparty.io.netty.channel.socket.nio.NioSocketChannel.doFinishConnect(NioSocketChannel.java:327)
	at org.apache.ratis.thirdparty.io.netty.channel.nio.AbstractNioChannel$AbstractNioUnsafe.finishConnect(AbstractNioChannel.java:340)
	at org.apache.ratis.thirdparty.io.netty.channel.nio.NioEventLoop.processSelectedKey(NioEventLoop.java:632)
	at org.apache.ratis.thirdparty.io.netty.channel.nio.NioEventLoop.processSelectedKeysOptimized(NioEventLoop.java:579)
	at org.apache.ratis.thirdparty.io.netty.channel.nio.NioEventLoop.processSelectedKeys(NioEventLoop.java:496)
	at org.apache.ratis.thirdparty.io.netty.channel.nio.NioEventLoop.run(NioEventLoop.java:458)
	at org.apache.ratis.thirdparty.io.netty.util.concurrent.SingleThreadEventExecutor$5.run(SingleThreadEventExecutor.java:897)
	at org.apache.ratis.thirdparty.io.netty.util.concurrent.FastThreadLocalRunnable.run(FastThreadLocalRunnable.java:30)
	... 1 more
Caused by: java.net.ConnectException: Connection refused
	... 11 more
2019-08-28 18:53:22,853 [8e467a3f-4a15-4133-b9dc-29f72d763c9b:group-E16EF6B83B8D:LeaderElection17] INFO  impl.LeaderElection (LogUtils.java:infoOrTrace(149)) -   Exception 1: {}
java.util.concurrent.ExecutionException: org.apache.ratis.thirdparty.io.grpc.StatusRuntimeException: UNAVAILABLE: io exception
	at java.util.concurrent.FutureTask.report(FutureTask.java:122)
	at java.util.concurrent.FutureTask.get(FutureTask.java:192)
	at org.apache.ratis.server.impl.LeaderElection.waitForResults(LeaderElection.java:262)
	at org.apache.ratis.server.impl.LeaderElection.askForVotes(LeaderElection.java:200)
	at org.apache.ratis.server.impl.LeaderElection.run(LeaderElection.java:130)
	at java.lang.Thread.run(Thread.java:748)
Caused by: org.apache.ratis.thirdparty.io.grpc.StatusRuntimeException: UNAVAILABLE: io exception
	at org.apache.ratis.thirdparty.io.grpc.stub.ClientCalls.toStatusRuntimeException(ClientCalls.java:233)
	at org.apache.ratis.thirdparty.io.grpc.stub.ClientCalls.getUnchecked(ClientCalls.java:214)
	at org.apache.ratis.thirdparty.io.grpc.stub.ClientCalls.blockingUnaryCall(ClientCalls.java:139)
	at org.apache.ratis.proto.grpc.RaftServerProtocolServiceGrpc$RaftServerProtocolServiceBlockingStub.requestVote(RaftServerProtocolServiceGrpc.java:265)
	at org.apache.ratis.grpc.server.GrpcServerProtocolClient.requestVote(GrpcServerProtocolClient.java:83)
	at org.apache.ratis.grpc.server.GrpcService.requestVote(GrpcService.java:195)
	at org.apache.ratis.server.impl.LeaderElection.lambda$submitRequests$1(LeaderElection.java:237)
	at java.util.concurrent.FutureTask.run(FutureTask.java:266)
	at java.util.concurrent.Executors$RunnableAdapter.call(Executors.java:511)
	at java.util.concurrent.FutureTask.run(FutureTask.java:266)
	at java.util.concurrent.ThreadPoolExecutor.runWorker(ThreadPoolExecutor.java:1149)
	at java.util.concurrent.ThreadPoolExecutor$Worker.run(ThreadPoolExecutor.java:624)
	... 1 more
Caused by: org.apache.ratis.thirdparty.io.netty.channel.AbstractChannel$AnnotatedConnectException: Connection refused: /192.168.69.102:45684
	at sun.nio.ch.SocketChannelImpl.checkConnect(Native Method)
	at sun.nio.ch.SocketChannelImpl.finishConnect(SocketChannelImpl.java:717)
	at org.apache.ratis.thirdparty.io.netty.channel.socket.nio.NioSocketChannel.doFinishConnect(NioSocketChannel.java:327)
	at org.apache.ratis.thirdparty.io.netty.channel.nio.AbstractNioChannel$AbstractNioUnsafe.finishConnect(AbstractNioChannel.java:340)
	at org.apache.ratis.thirdparty.io.netty.channel.nio.NioEventLoop.processSelectedKey(NioEventLoop.java:632)
	at org.apache.ratis.thirdparty.io.netty.channel.nio.NioEventLoop.processSelectedKeysOptimized(NioEventLoop.java:579)
	at org.apache.ratis.thirdparty.io.netty.channel.nio.NioEventLoop.processSelectedKeys(NioEventLoop.java:496)
	at org.apache.ratis.thirdparty.io.netty.channel.nio.NioEventLoop.run(NioEventLoop.java:458)
	at org.apache.ratis.thirdparty.io.netty.util.concurrent.SingleThreadEventExecutor$5.run(SingleThreadEventExecutor.java:897)
	at org.apache.ratis.thirdparty.io.netty.util.concurrent.FastThreadLocalRunnable.run(FastThreadLocalRunnable.java:30)
	... 1 more
Caused by: java.net.ConnectException: Connection refused
	... 11 more
2019-08-28 18:53:22,854 [8e467a3f-4a15-4133-b9dc-29f72d763c9b:group-E16EF6B83B8D:LeaderElection17] INFO  impl.RaftServerImpl (RaftServerImpl.java:setRole(171)) - 8e467a3f-4a15-4133-b9dc-29f72d763c9b:group-E16EF6B83B8D changes role from CANDIDATE to FOLLOWER at term 5 for DISCOVERED_A_NEW_TERM
2019-08-28 18:53:22,854 [8e467a3f-4a15-4133-b9dc-29f72d763c9b:group-E16EF6B83B8D:LeaderElection17] INFO  impl.RoleInfo (RoleInfo.java:shutdownLeaderElection(134)) - 8e467a3f-4a15-4133-b9dc-29f72d763c9b: shutdown LeaderElection
2019-08-28 18:53:22,856 [8e467a3f-4a15-4133-b9dc-29f72d763c9b:group-E16EF6B83B8D:LeaderElection17] INFO  impl.RoleInfo (RoleInfo.java:updateAndGet(143)) - 8e467a3f-4a15-4133-b9dc-29f72d763c9b: start FollowerState
2019-08-28 18:53:22,864 | INFO  | SCMAudit | user=jenkins1000 | ip=192.168.69.102 | op=SEND_HEARTBEAT {datanodeUUID=f785551e-a0af-487c-a25a-ff90660b7a23, command=[]} | ret=SUCCESS |  
2019-08-28 18:53:23,020 | INFO  | SCMAudit | user=jenkins1000 | ip=192.168.69.102 | op=SEND_HEARTBEAT {datanodeUUID=8e467a3f-4a15-4133-b9dc-29f72d763c9b, command=[]} | ret=SUCCESS |  
2019-08-28 18:53:23,054 | INFO  | SCMAudit | user=jenkins1000 | ip=192.168.69.102 | op=SEND_HEARTBEAT {datanodeUUID=3fdab9ea-6680-47f1-aded-4d496f7ecd01, command=[]} | ret=SUCCESS |  
2019-08-28 18:53:23,421 [grpc-default-executor-4] INFO  client.GrpcClientProtocolClient (GrpcClientProtocolClient.java:onNext(255)) - client-6EA2DE053EDA->8e467a3f-4a15-4133-b9dc-29f72d763c9b: receive RaftClientReply:client-6EA2DE053EDA->8e467a3f-4a15-4133-b9dc-29f72d763c9b@group-E16EF6B83B8D, cid=22, FAILED org.apache.ratis.protocol.NotLeaderException: Server 8e467a3f-4a15-4133-b9dc-29f72d763c9b is not the leader (null). Request must be sent to leader., logIndex=0, commits[8e467a3f-4a15-4133-b9dc-29f72d763c9b:c15, ee626ce8-1972-4fe0-bbbc-07baa9e228a9:c15, 79e7307e-2f03-4236-add7-13e1eabe57b5:c15]
2019-08-28 18:53:23,603 | INFO  | SCMAudit | user=jenkins1000 | ip=192.168.69.102 | op=SEND_HEARTBEAT {datanodeUUID=0ec50947-c54d-40fe-a729-b0855dad3f0a, command=[]} | ret=SUCCESS |  
2019-08-28 18:53:23,754 | INFO  | SCMAudit | user=jenkins1000 | ip=192.168.69.102 | op=SEND_HEARTBEAT {datanodeUUID=2c9db6f5-ae6c-456e-aac1-300011bebd0b, command=[]} | ret=SUCCESS |  
2019-08-28 18:53:23,865 | INFO  | SCMAudit | user=jenkins1000 | ip=192.168.69.102 | op=SEND_HEARTBEAT {datanodeUUID=f785551e-a0af-487c-a25a-ff90660b7a23, command=[]} | ret=SUCCESS |  
2019-08-28 18:53:24,021 | INFO  | SCMAudit | user=jenkins1000 | ip=192.168.69.102 | op=SEND_HEARTBEAT {datanodeUUID=8e467a3f-4a15-4133-b9dc-29f72d763c9b, command=[]} | ret=SUCCESS |  
2019-08-28 18:53:24,055 | INFO  | SCMAudit | user=jenkins1000 | ip=192.168.69.102 | op=SEND_HEARTBEAT {datanodeUUID=3fdab9ea-6680-47f1-aded-4d496f7ecd01, command=[]} | ret=SUCCESS |  
2019-08-28 18:53:24,603 | INFO  | SCMAudit | user=jenkins1000 | ip=192.168.69.102 | op=SEND_HEARTBEAT {datanodeUUID=0ec50947-c54d-40fe-a729-b0855dad3f0a, command=[]} | ret=SUCCESS |  
2019-08-28 18:53:24,754 | INFO  | SCMAudit | user=jenkins1000 | ip=192.168.69.102 | op=SEND_HEARTBEAT {datanodeUUID=2c9db6f5-ae6c-456e-aac1-300011bebd0b, command=[]} | ret=SUCCESS |  
2019-08-28 18:53:24,865 | INFO  | SCMAudit | user=jenkins1000 | ip=192.168.69.102 | op=SEND_HEARTBEAT {datanodeUUID=f785551e-a0af-487c-a25a-ff90660b7a23, command=[]} | ret=SUCCESS |  
2019-08-28 18:53:25,021 | INFO  | SCMAudit | user=jenkins1000 | ip=192.168.69.102 | op=SEND_HEARTBEAT {datanodeUUID=8e467a3f-4a15-4133-b9dc-29f72d763c9b, command=[]} | ret=SUCCESS |  
2019-08-28 18:53:25,054 | INFO  | SCMAudit | user=jenkins1000 | ip=192.168.69.102 | op=SEND_HEARTBEAT {datanodeUUID=3fdab9ea-6680-47f1-aded-4d496f7ecd01, command=[]} | ret=SUCCESS |  
2019-08-28 18:53:25,604 | INFO  | SCMAudit | user=jenkins1000 | ip=192.168.69.102 | op=SEND_HEARTBEAT {datanodeUUID=0ec50947-c54d-40fe-a729-b0855dad3f0a, command=[]} | ret=SUCCESS |  
2019-08-28 18:53:25,754 | INFO  | SCMAudit | user=jenkins1000 | ip=192.168.69.102 | op=SEND_HEARTBEAT {datanodeUUID=2c9db6f5-ae6c-456e-aac1-300011bebd0b, command=[]} | ret=SUCCESS |  
2019-08-28 18:53:25,865 | INFO  | SCMAudit | user=jenkins1000 | ip=192.168.69.102 | op=SEND_HEARTBEAT {datanodeUUID=f785551e-a0af-487c-a25a-ff90660b7a23, command=[]} | ret=SUCCESS |  
2019-08-28 18:53:26,021 | INFO  | SCMAudit | user=jenkins1000 | ip=192.168.69.102 | op=SEND_HEARTBEAT {datanodeUUID=8e467a3f-4a15-4133-b9dc-29f72d763c9b, command=[]} | ret=SUCCESS |  
2019-08-28 18:53:26,054 | INFO  | SCMAudit | user=jenkins1000 | ip=192.168.69.102 | op=SEND_HEARTBEAT {datanodeUUID=3fdab9ea-6680-47f1-aded-4d496f7ecd01, command=[]} | ret=SUCCESS |  
2019-08-28 18:53:26,457 [grpc-default-executor-4] INFO  client.GrpcClientProtocolClient (GrpcClientProtocolClient.java:onNext(255)) - client-6EA2DE053EDA->8e467a3f-4a15-4133-b9dc-29f72d763c9b: receive RaftClientReply:client-6EA2DE053EDA->8e467a3f-4a15-4133-b9dc-29f72d763c9b@group-E16EF6B83B8D, cid=22, FAILED org.apache.ratis.protocol.NotLeaderException: Server 8e467a3f-4a15-4133-b9dc-29f72d763c9b is not the leader (null). Request must be sent to leader., logIndex=0, commits[8e467a3f-4a15-4133-b9dc-29f72d763c9b:c15, ee626ce8-1972-4fe0-bbbc-07baa9e228a9:c15, 79e7307e-2f03-4236-add7-13e1eabe57b5:c15]
2019-08-28 18:53:26,605 | INFO  | SCMAudit | user=jenkins1000 | ip=192.168.69.102 | op=SEND_HEARTBEAT {datanodeUUID=0ec50947-c54d-40fe-a729-b0855dad3f0a, command=[]} | ret=SUCCESS |  
2019-08-28 18:53:26,754 | INFO  | SCMAudit | user=jenkins1000 | ip=192.168.69.102 | op=SEND_HEARTBEAT {datanodeUUID=2c9db6f5-ae6c-456e-aac1-300011bebd0b, command=[]} | ret=SUCCESS |  
2019-08-28 18:53:26,865 | INFO  | SCMAudit | user=jenkins1000 | ip=192.168.69.102 | op=SEND_HEARTBEAT {datanodeUUID=f785551e-a0af-487c-a25a-ff90660b7a23, command=[]} | ret=SUCCESS |  
2019-08-28 18:53:27,022 | INFO  | SCMAudit | user=jenkins1000 | ip=192.168.69.102 | op=SEND_HEARTBEAT {datanodeUUID=8e467a3f-4a15-4133-b9dc-29f72d763c9b, command=[]} | ret=SUCCESS |  
2019-08-28 18:53:27,054 | INFO  | SCMAudit | user=jenkins1000 | ip=192.168.69.102 | op=SEND_HEARTBEAT {datanodeUUID=3fdab9ea-6680-47f1-aded-4d496f7ecd01, command=[]} | ret=SUCCESS |  
2019-08-28 18:53:27,604 | INFO  | SCMAudit | user=jenkins1000 | ip=192.168.69.102 | op=SEND_HEARTBEAT {datanodeUUID=0ec50947-c54d-40fe-a729-b0855dad3f0a, command=[]} | ret=SUCCESS |  
2019-08-28 18:53:27,754 | INFO  | SCMAudit | user=jenkins1000 | ip=192.168.69.102 | op=SEND_HEARTBEAT {datanodeUUID=2c9db6f5-ae6c-456e-aac1-300011bebd0b, command=[]} | ret=SUCCESS |  
2019-08-28 18:53:27,865 | INFO  | SCMAudit | user=jenkins1000 | ip=192.168.69.102 | op=SEND_HEARTBEAT {datanodeUUID=f785551e-a0af-487c-a25a-ff90660b7a23, command=[]} | ret=SUCCESS |  
2019-08-28 18:53:27,866 [Thread-510] INFO  impl.FollowerState (FollowerState.java:run(106)) - 8e467a3f-4a15-4133-b9dc-29f72d763c9b:group-E16EF6B83B8D changes to CANDIDATE, lastRpcTime:5010, electionTimeout:5008ms
2019-08-28 18:53:27,866 [Thread-510] INFO  impl.RoleInfo (RoleInfo.java:shutdownFollowerState(121)) - 8e467a3f-4a15-4133-b9dc-29f72d763c9b: shutdown FollowerState
2019-08-28 18:53:27,866 [Thread-510] INFO  impl.RaftServerImpl (RaftServerImpl.java:setRole(171)) - 8e467a3f-4a15-4133-b9dc-29f72d763c9b:group-E16EF6B83B8D changes role from FOLLOWER to CANDIDATE at term 5 for changeToCandidate
2019-08-28 18:53:27,867 [Thread-510] INFO  impl.RoleInfo (RoleInfo.java:updateAndGet(143)) - 8e467a3f-4a15-4133-b9dc-29f72d763c9b: start LeaderElection
2019-08-28 18:53:27,913 [8e467a3f-4a15-4133-b9dc-29f72d763c9b:group-E16EF6B83B8D:LeaderElection18] INFO  impl.LeaderElection (LeaderElection.java:askForVotes(181)) - 8e467a3f-4a15-4133-b9dc-29f72d763c9b:group-E16EF6B83B8D:LeaderElection18: begin an election at term 6 for 0: [8e467a3f-4a15-4133-b9dc-29f72d763c9b:192.168.69.102:32993, ee626ce8-1972-4fe0-bbbc-07baa9e228a9:192.168.69.102:33628, 79e7307e-2f03-4236-add7-13e1eabe57b5:192.168.69.102:45684], old=null
2019-08-28 18:53:27,914 [8e467a3f-4a15-4133-b9dc-29f72d763c9b:group-E16EF6B83B8D:LeaderElection18] INFO  impl.LeaderElection (LogUtils.java:infoOrTrace(149)) - 8e467a3f-4a15-4133-b9dc-29f72d763c9b:group-E16EF6B83B8D:LeaderElection18 got exception when requesting votes: {}
java.util.concurrent.ExecutionException: org.apache.ratis.thirdparty.io.grpc.StatusRuntimeException: UNAVAILABLE: io exception
	at java.util.concurrent.FutureTask.report(FutureTask.java:122)
	at java.util.concurrent.FutureTask.get(FutureTask.java:192)
	at org.apache.ratis.server.impl.LeaderElection.waitForResults(LeaderElection.java:262)
	at org.apache.ratis.server.impl.LeaderElection.askForVotes(LeaderElection.java:200)
	at org.apache.ratis.server.impl.LeaderElection.run(LeaderElection.java:130)
	at java.lang.Thread.run(Thread.java:748)
Caused by: org.apache.ratis.thirdparty.io.grpc.StatusRuntimeException: UNAVAILABLE: io exception
	at org.apache.ratis.thirdparty.io.grpc.stub.ClientCalls.toStatusRuntimeException(ClientCalls.java:233)
	at org.apache.ratis.thirdparty.io.grpc.stub.ClientCalls.getUnchecked(ClientCalls.java:214)
	at org.apache.ratis.thirdparty.io.grpc.stub.ClientCalls.blockingUnaryCall(ClientCalls.java:139)
	at org.apache.ratis.proto.grpc.RaftServerProtocolServiceGrpc$RaftServerProtocolServiceBlockingStub.requestVote(RaftServerProtocolServiceGrpc.java:265)
	at org.apache.ratis.grpc.server.GrpcServerProtocolClient.requestVote(GrpcServerProtocolClient.java:83)
	at org.apache.ratis.grpc.server.GrpcService.requestVote(GrpcService.java:195)
	at org.apache.ratis.server.impl.LeaderElection.lambda$submitRequests$1(LeaderElection.java:237)
	at java.util.concurrent.FutureTask.run(FutureTask.java:266)
	at java.util.concurrent.Executors$RunnableAdapter.call(Executors.java:511)
	at java.util.concurrent.FutureTask.run(FutureTask.java:266)
	at java.util.concurrent.ThreadPoolExecutor.runWorker(ThreadPoolExecutor.java:1149)
	at java.util.concurrent.ThreadPoolExecutor$Worker.run(ThreadPoolExecutor.java:624)
	... 1 more
Caused by: org.apache.ratis.thirdparty.io.netty.channel.AbstractChannel$AnnotatedConnectException: Connection refused: /192.168.69.102:33628
	at sun.nio.ch.SocketChannelImpl.checkConnect(Native Method)
	at sun.nio.ch.SocketChannelImpl.finishConnect(SocketChannelImpl.java:717)
	at org.apache.ratis.thirdparty.io.netty.channel.socket.nio.NioSocketChannel.doFinishConnect(NioSocketChannel.java:327)
	at org.apache.ratis.thirdparty.io.netty.channel.nio.AbstractNioChannel$AbstractNioUnsafe.finishConnect(AbstractNioChannel.java:340)
	at org.apache.ratis.thirdparty.io.netty.channel.nio.NioEventLoop.processSelectedKey(NioEventLoop.java:632)
	at org.apache.ratis.thirdparty.io.netty.channel.nio.NioEventLoop.processSelectedKeysOptimized(NioEventLoop.java:579)
	at org.apache.ratis.thirdparty.io.netty.channel.nio.NioEventLoop.processSelectedKeys(NioEventLoop.java:496)
	at org.apache.ratis.thirdparty.io.netty.channel.nio.NioEventLoop.run(NioEventLoop.java:458)
	at org.apache.ratis.thirdparty.io.netty.util.concurrent.SingleThreadEventExecutor$5.run(SingleThreadEventExecutor.java:897)
	at org.apache.ratis.thirdparty.io.netty.util.concurrent.FastThreadLocalRunnable.run(FastThreadLocalRunnable.java:30)
	... 1 more
Caused by: java.net.ConnectException: Connection refused
	... 11 more
2019-08-28 18:53:27,916 [8e467a3f-4a15-4133-b9dc-29f72d763c9b:group-E16EF6B83B8D:LeaderElection18] INFO  impl.LeaderElection (LogUtils.java:infoOrTrace(149)) - 8e467a3f-4a15-4133-b9dc-29f72d763c9b:group-E16EF6B83B8D:LeaderElection18 got exception when requesting votes: {}
java.util.concurrent.ExecutionException: org.apache.ratis.thirdparty.io.grpc.StatusRuntimeException: UNAVAILABLE: io exception
	at java.util.concurrent.FutureTask.report(FutureTask.java:122)
	at java.util.concurrent.FutureTask.get(FutureTask.java:192)
	at org.apache.ratis.server.impl.LeaderElection.waitForResults(LeaderElection.java:262)
	at org.apache.ratis.server.impl.LeaderElection.askForVotes(LeaderElection.java:200)
	at org.apache.ratis.server.impl.LeaderElection.run(LeaderElection.java:130)
	at java.lang.Thread.run(Thread.java:748)
Caused by: org.apache.ratis.thirdparty.io.grpc.StatusRuntimeException: UNAVAILABLE: io exception
	at org.apache.ratis.thirdparty.io.grpc.stub.ClientCalls.toStatusRuntimeException(ClientCalls.java:233)
	at org.apache.ratis.thirdparty.io.grpc.stub.ClientCalls.getUnchecked(ClientCalls.java:214)
	at org.apache.ratis.thirdparty.io.grpc.stub.ClientCalls.blockingUnaryCall(ClientCalls.java:139)
	at org.apache.ratis.proto.grpc.RaftServerProtocolServiceGrpc$RaftServerProtocolServiceBlockingStub.requestVote(RaftServerProtocolServiceGrpc.java:265)
	at org.apache.ratis.grpc.server.GrpcServerProtocolClient.requestVote(GrpcServerProtocolClient.java:83)
	at org.apache.ratis.grpc.server.GrpcService.requestVote(GrpcService.java:195)
	at org.apache.ratis.server.impl.LeaderElection.lambda$submitRequests$1(LeaderElection.java:237)
	at java.util.concurrent.FutureTask.run(FutureTask.java:266)
	at java.util.concurrent.Executors$RunnableAdapter.call(Executors.java:511)
	at java.util.concurrent.FutureTask.run(FutureTask.java:266)
	at java.util.concurrent.ThreadPoolExecutor.runWorker(ThreadPoolExecutor.java:1149)
	at java.util.concurrent.ThreadPoolExecutor$Worker.run(ThreadPoolExecutor.java:624)
	... 1 more
Caused by: org.apache.ratis.thirdparty.io.netty.channel.AbstractChannel$AnnotatedConnectException: Connection refused: /192.168.69.102:45684
	at sun.nio.ch.SocketChannelImpl.checkConnect(Native Method)
	at sun.nio.ch.SocketChannelImpl.finishConnect(SocketChannelImpl.java:717)
	at org.apache.ratis.thirdparty.io.netty.channel.socket.nio.NioSocketChannel.doFinishConnect(NioSocketChannel.java:327)
	at org.apache.ratis.thirdparty.io.netty.channel.nio.AbstractNioChannel$AbstractNioUnsafe.finishConnect(AbstractNioChannel.java:340)
	at org.apache.ratis.thirdparty.io.netty.channel.nio.NioEventLoop.processSelectedKey(NioEventLoop.java:632)
	at org.apache.ratis.thirdparty.io.netty.channel.nio.NioEventLoop.processSelectedKeysOptimized(NioEventLoop.java:579)
	at org.apache.ratis.thirdparty.io.netty.channel.nio.NioEventLoop.processSelectedKeys(NioEventLoop.java:496)
	at org.apache.ratis.thirdparty.io.netty.channel.nio.NioEventLoop.run(NioEventLoop.java:458)
	at org.apache.ratis.thirdparty.io.netty.util.concurrent.SingleThreadEventExecutor$5.run(SingleThreadEventExecutor.java:897)
	at org.apache.ratis.thirdparty.io.netty.util.concurrent.FastThreadLocalRunnable.run(FastThreadLocalRunnable.java:30)
	... 1 more
Caused by: java.net.ConnectException: Connection refused
	... 11 more
2019-08-28 18:53:27,918 [8e467a3f-4a15-4133-b9dc-29f72d763c9b:group-E16EF6B83B8D:LeaderElection18] INFO  impl.LeaderElection (LeaderElection.java:logAndReturn(56)) - 8e467a3f-4a15-4133-b9dc-29f72d763c9b:group-E16EF6B83B8D:LeaderElection18: Election REJECTED; received 0 response(s) [] and 2 exception(s); 8e467a3f-4a15-4133-b9dc-29f72d763c9b:t6, leader=null, voted=8e467a3f-4a15-4133-b9dc-29f72d763c9b, raftlog=8e467a3f-4a15-4133-b9dc-29f72d763c9b-SegmentedRaftLog:OPENED:c15,f15,i15, conf=0: [8e467a3f-4a15-4133-b9dc-29f72d763c9b:192.168.69.102:32993, ee626ce8-1972-4fe0-bbbc-07baa9e228a9:192.168.69.102:33628, 79e7307e-2f03-4236-add7-13e1eabe57b5:192.168.69.102:45684], old=null
2019-08-28 18:53:27,918 [8e467a3f-4a15-4133-b9dc-29f72d763c9b:group-E16EF6B83B8D:LeaderElection18] INFO  impl.LeaderElection (LogUtils.java:infoOrTrace(149)) -   Exception 0: {}
java.util.concurrent.ExecutionException: org.apache.ratis.thirdparty.io.grpc.StatusRuntimeException: UNAVAILABLE: io exception
	at java.util.concurrent.FutureTask.report(FutureTask.java:122)
	at java.util.concurrent.FutureTask.get(FutureTask.java:192)
	at org.apache.ratis.server.impl.LeaderElection.waitForResults(LeaderElection.java:262)
	at org.apache.ratis.server.impl.LeaderElection.askForVotes(LeaderElection.java:200)
	at org.apache.ratis.server.impl.LeaderElection.run(LeaderElection.java:130)
	at java.lang.Thread.run(Thread.java:748)
Caused by: org.apache.ratis.thirdparty.io.grpc.StatusRuntimeException: UNAVAILABLE: io exception
	at org.apache.ratis.thirdparty.io.grpc.stub.ClientCalls.toStatusRuntimeException(ClientCalls.java:233)
	at org.apache.ratis.thirdparty.io.grpc.stub.ClientCalls.getUnchecked(ClientCalls.java:214)
	at org.apache.ratis.thirdparty.io.grpc.stub.ClientCalls.blockingUnaryCall(ClientCalls.java:139)
	at org.apache.ratis.proto.grpc.RaftServerProtocolServiceGrpc$RaftServerProtocolServiceBlockingStub.requestVote(RaftServerProtocolServiceGrpc.java:265)
	at org.apache.ratis.grpc.server.GrpcServerProtocolClient.requestVote(GrpcServerProtocolClient.java:83)
	at org.apache.ratis.grpc.server.GrpcService.requestVote(GrpcService.java:195)
	at org.apache.ratis.server.impl.LeaderElection.lambda$submitRequests$1(LeaderElection.java:237)
	at java.util.concurrent.FutureTask.run(FutureTask.java:266)
	at java.util.concurrent.Executors$RunnableAdapter.call(Executors.java:511)
	at java.util.concurrent.FutureTask.run(FutureTask.java:266)
	at java.util.concurrent.ThreadPoolExecutor.runWorker(ThreadPoolExecutor.java:1149)
	at java.util.concurrent.ThreadPoolExecutor$Worker.run(ThreadPoolExecutor.java:624)
	... 1 more
Caused by: org.apache.ratis.thirdparty.io.netty.channel.AbstractChannel$AnnotatedConnectException: Connection refused: /192.168.69.102:33628
	at sun.nio.ch.SocketChannelImpl.checkConnect(Native Method)
	at sun.nio.ch.SocketChannelImpl.finishConnect(SocketChannelImpl.java:717)
	at org.apache.ratis.thirdparty.io.netty.channel.socket.nio.NioSocketChannel.doFinishConnect(NioSocketChannel.java:327)
	at org.apache.ratis.thirdparty.io.netty.channel.nio.AbstractNioChannel$AbstractNioUnsafe.finishConnect(AbstractNioChannel.java:340)
	at org.apache.ratis.thirdparty.io.netty.channel.nio.NioEventLoop.processSelectedKey(NioEventLoop.java:632)
	at org.apache.ratis.thirdparty.io.netty.channel.nio.NioEventLoop.processSelectedKeysOptimized(NioEventLoop.java:579)
	at org.apache.ratis.thirdparty.io.netty.channel.nio.NioEventLoop.processSelectedKeys(NioEventLoop.java:496)
	at org.apache.ratis.thirdparty.io.netty.channel.nio.NioEventLoop.run(NioEventLoop.java:458)
	at org.apache.ratis.thirdparty.io.netty.util.concurrent.SingleThreadEventExecutor$5.run(SingleThreadEventExecutor.java:897)
	at org.apache.ratis.thirdparty.io.netty.util.concurrent.FastThreadLocalRunnable.run(FastThreadLocalRunnable.java:30)
	... 1 more
Caused by: java.net.ConnectException: Connection refused
	... 11 more
2019-08-28 18:53:27,919 [8e467a3f-4a15-4133-b9dc-29f72d763c9b:group-E16EF6B83B8D:LeaderElection18] INFO  impl.LeaderElection (LogUtils.java:infoOrTrace(149)) -   Exception 1: {}
java.util.concurrent.ExecutionException: org.apache.ratis.thirdparty.io.grpc.StatusRuntimeException: UNAVAILABLE: io exception
	at java.util.concurrent.FutureTask.report(FutureTask.java:122)
	at java.util.concurrent.FutureTask.get(FutureTask.java:192)
	at org.apache.ratis.server.impl.LeaderElection.waitForResults(LeaderElection.java:262)
	at org.apache.ratis.server.impl.LeaderElection.askForVotes(LeaderElection.java:200)
	at org.apache.ratis.server.impl.LeaderElection.run(LeaderElection.java:130)
	at java.lang.Thread.run(Thread.java:748)
Caused by: org.apache.ratis.thirdparty.io.grpc.StatusRuntimeException: UNAVAILABLE: io exception
	at org.apache.ratis.thirdparty.io.grpc.stub.ClientCalls.toStatusRuntimeException(ClientCalls.java:233)
	at org.apache.ratis.thirdparty.io.grpc.stub.ClientCalls.getUnchecked(ClientCalls.java:214)
	at org.apache.ratis.thirdparty.io.grpc.stub.ClientCalls.blockingUnaryCall(ClientCalls.java:139)
	at org.apache.ratis.proto.grpc.RaftServerProtocolServiceGrpc$RaftServerProtocolServiceBlockingStub.requestVote(RaftServerProtocolServiceGrpc.java:265)
	at org.apache.ratis.grpc.server.GrpcServerProtocolClient.requestVote(GrpcServerProtocolClient.java:83)
	at org.apache.ratis.grpc.server.GrpcService.requestVote(GrpcService.java:195)
	at org.apache.ratis.server.impl.LeaderElection.lambda$submitRequests$1(LeaderElection.java:237)
	at java.util.concurrent.FutureTask.run(FutureTask.java:266)
	at java.util.concurrent.Executors$RunnableAdapter.call(Executors.java:511)
	at java.util.concurrent.FutureTask.run(FutureTask.java:266)
	at java.util.concurrent.ThreadPoolExecutor.runWorker(ThreadPoolExecutor.java:1149)
	at java.util.concurrent.ThreadPoolExecutor$Worker.run(ThreadPoolExecutor.java:624)
	... 1 more
Caused by: org.apache.ratis.thirdparty.io.netty.channel.AbstractChannel$AnnotatedConnectException: Connection refused: /192.168.69.102:45684
	at sun.nio.ch.SocketChannelImpl.checkConnect(Native Method)
	at sun.nio.ch.SocketChannelImpl.finishConnect(SocketChannelImpl.java:717)
	at org.apache.ratis.thirdparty.io.netty.channel.socket.nio.NioSocketChannel.doFinishConnect(NioSocketChannel.java:327)
	at org.apache.ratis.thirdparty.io.netty.channel.nio.AbstractNioChannel$AbstractNioUnsafe.finishConnect(AbstractNioChannel.java:340)
	at org.apache.ratis.thirdparty.io.netty.channel.nio.NioEventLoop.processSelectedKey(NioEventLoop.java:632)
	at org.apache.ratis.thirdparty.io.netty.channel.nio.NioEventLoop.processSelectedKeysOptimized(NioEventLoop.java:579)
	at org.apache.ratis.thirdparty.io.netty.channel.nio.NioEventLoop.processSelectedKeys(NioEventLoop.java:496)
	at org.apache.ratis.thirdparty.io.netty.channel.nio.NioEventLoop.run(NioEventLoop.java:458)
	at org.apache.ratis.thirdparty.io.netty.util.concurrent.SingleThreadEventExecutor$5.run(SingleThreadEventExecutor.java:897)
	at org.apache.ratis.thirdparty.io.netty.util.concurrent.FastThreadLocalRunnable.run(FastThreadLocalRunnable.java:30)
	... 1 more
Caused by: java.net.ConnectException: Connection refused
	... 11 more
2019-08-28 18:53:27,919 [8e467a3f-4a15-4133-b9dc-29f72d763c9b:group-E16EF6B83B8D:LeaderElection18] INFO  impl.RaftServerImpl (RaftServerImpl.java:setRole(171)) - 8e467a3f-4a15-4133-b9dc-29f72d763c9b:group-E16EF6B83B8D changes role from CANDIDATE to FOLLOWER at term 6 for DISCOVERED_A_NEW_TERM
2019-08-28 18:53:27,923 [8e467a3f-4a15-4133-b9dc-29f72d763c9b:group-E16EF6B83B8D:LeaderElection18] INFO  impl.RoleInfo (RoleInfo.java:shutdownLeaderElection(134)) - 8e467a3f-4a15-4133-b9dc-29f72d763c9b: shutdown LeaderElection
2019-08-28 18:53:27,923 [8e467a3f-4a15-4133-b9dc-29f72d763c9b:group-E16EF6B83B8D:LeaderElection18] INFO  impl.RoleInfo (RoleInfo.java:updateAndGet(143)) - 8e467a3f-4a15-4133-b9dc-29f72d763c9b: start FollowerState
2019-08-28 18:53:28,022 | INFO  | SCMAudit | user=jenkins1000 | ip=192.168.69.102 | op=SEND_HEARTBEAT {datanodeUUID=8e467a3f-4a15-4133-b9dc-29f72d763c9b, command=[]} | ret=SUCCESS |  
2019-08-28 18:53:28,055 | INFO  | SCMAudit | user=jenkins1000 | ip=192.168.69.102 | op=SEND_HEARTBEAT {datanodeUUID=3fdab9ea-6680-47f1-aded-4d496f7ecd01, command=[]} | ret=SUCCESS |  
2019-08-28 18:53:28,603 | INFO  | SCMAudit | user=jenkins1000 | ip=192.168.69.102 | op=SEND_HEARTBEAT {datanodeUUID=0ec50947-c54d-40fe-a729-b0855dad3f0a, command=[]} | ret=SUCCESS |  
2019-08-28 18:53:28,754 | INFO  | SCMAudit | user=jenkins1000 | ip=192.168.69.102 | op=SEND_HEARTBEAT {datanodeUUID=2c9db6f5-ae6c-456e-aac1-300011bebd0b, command=[]} | ret=SUCCESS |  
2019-08-28 18:53:28,865 | INFO  | SCMAudit | user=jenkins1000 | ip=192.168.69.102 | op=SEND_HEARTBEAT {datanodeUUID=f785551e-a0af-487c-a25a-ff90660b7a23, command=[]} | ret=SUCCESS |  
2019-08-28 18:53:29,023 | INFO  | SCMAudit | user=jenkins1000 | ip=192.168.69.102 | op=SEND_HEARTBEAT {datanodeUUID=8e467a3f-4a15-4133-b9dc-29f72d763c9b, command=[]} | ret=SUCCESS |  
2019-08-28 18:53:29,056 | INFO  | SCMAudit | user=jenkins1000 | ip=192.168.69.102 | op=SEND_HEARTBEAT {datanodeUUID=3fdab9ea-6680-47f1-aded-4d496f7ecd01, command=[]} | ret=SUCCESS |  
2019-08-28 18:53:29,604 | INFO  | SCMAudit | user=jenkins1000 | ip=192.168.69.102 | op=SEND_HEARTBEAT {datanodeUUID=0ec50947-c54d-40fe-a729-b0855dad3f0a, command=[]} | ret=SUCCESS |  
2019-08-28 18:53:29,754 | INFO  | SCMAudit | user=jenkins1000 | ip=192.168.69.102 | op=SEND_HEARTBEAT {datanodeUUID=2c9db6f5-ae6c-456e-aac1-300011bebd0b, command=[]} | ret=SUCCESS |  
2019-08-28 18:53:29,865 | INFO  | SCMAudit | user=jenkins1000 | ip=192.168.69.102 | op=SEND_HEARTBEAT {datanodeUUID=f785551e-a0af-487c-a25a-ff90660b7a23, command=[]} | ret=SUCCESS |  
2019-08-28 18:53:30,023 | INFO  | SCMAudit | user=jenkins1000 | ip=192.168.69.102 | op=SEND_HEARTBEAT {datanodeUUID=8e467a3f-4a15-4133-b9dc-29f72d763c9b, command=[]} | ret=SUCCESS |  
2019-08-28 18:53:30,055 | INFO  | SCMAudit | user=jenkins1000 | ip=192.168.69.102 | op=SEND_HEARTBEAT {datanodeUUID=3fdab9ea-6680-47f1-aded-4d496f7ecd01, command=[]} | ret=SUCCESS |  
2019-08-28 18:53:30,604 | INFO  | SCMAudit | user=jenkins1000 | ip=192.168.69.102 | op=SEND_HEARTBEAT {datanodeUUID=0ec50947-c54d-40fe-a729-b0855dad3f0a, command=[]} | ret=SUCCESS |  
2019-08-28 18:53:30,754 | INFO  | SCMAudit | user=jenkins1000 | ip=192.168.69.102 | op=SEND_HEARTBEAT {datanodeUUID=2c9db6f5-ae6c-456e-aac1-300011bebd0b, command=[]} | ret=SUCCESS |  
2019-08-28 18:53:30,865 | INFO  | SCMAudit | user=jenkins1000 | ip=192.168.69.102 | op=SEND_HEARTBEAT {datanodeUUID=f785551e-a0af-487c-a25a-ff90660b7a23, command=[]} | ret=SUCCESS |  
2019-08-28 18:53:31,022 | INFO  | SCMAudit | user=jenkins1000 | ip=192.168.69.102 | op=SEND_HEARTBEAT {datanodeUUID=8e467a3f-4a15-4133-b9dc-29f72d763c9b, command=[]} | ret=SUCCESS |  
2019-08-28 18:53:31,056 | INFO  | SCMAudit | user=jenkins1000 | ip=192.168.69.102 | op=SEND_HEARTBEAT {datanodeUUID=3fdab9ea-6680-47f1-aded-4d496f7ecd01, command=[]} | ret=SUCCESS |  
2019-08-28 18:53:31,530 [grpc-default-executor-3] INFO  client.GrpcClientProtocolClient (GrpcClientProtocolClient.java:onNext(255)) - client-6EA2DE053EDA->8e467a3f-4a15-4133-b9dc-29f72d763c9b: receive RaftClientReply:client-6EA2DE053EDA->8e467a3f-4a15-4133-b9dc-29f72d763c9b@group-E16EF6B83B8D, cid=22, FAILED org.apache.ratis.protocol.NotLeaderException: Server 8e467a3f-4a15-4133-b9dc-29f72d763c9b is not the leader (null). Request must be sent to leader., logIndex=0, commits[8e467a3f-4a15-4133-b9dc-29f72d763c9b:c15, ee626ce8-1972-4fe0-bbbc-07baa9e228a9:c15, 79e7307e-2f03-4236-add7-13e1eabe57b5:c15]
2019-08-28 18:53:31,604 | INFO  | SCMAudit | user=jenkins1000 | ip=192.168.69.102 | op=SEND_HEARTBEAT {datanodeUUID=0ec50947-c54d-40fe-a729-b0855dad3f0a, command=[]} | ret=SUCCESS |  
2019-08-28 18:53:31,754 | INFO  | SCMAudit | user=jenkins1000 | ip=192.168.69.102 | op=SEND_HEARTBEAT {datanodeUUID=2c9db6f5-ae6c-456e-aac1-300011bebd0b, command=[]} | ret=SUCCESS |  
2019-08-28 18:53:31,866 | INFO  | SCMAudit | user=jenkins1000 | ip=192.168.69.102 | op=SEND_HEARTBEAT {datanodeUUID=f785551e-a0af-487c-a25a-ff90660b7a23, command=[]} | ret=SUCCESS |  
2019-08-28 18:53:32,023 | INFO  | SCMAudit | user=jenkins1000 | ip=192.168.69.102 | op=SEND_HEARTBEAT {datanodeUUID=8e467a3f-4a15-4133-b9dc-29f72d763c9b, command=[]} | ret=SUCCESS |  
2019-08-28 18:53:32,055 | INFO  | SCMAudit | user=jenkins1000 | ip=192.168.69.102 | op=SEND_HEARTBEAT {datanodeUUID=3fdab9ea-6680-47f1-aded-4d496f7ecd01, command=[]} | ret=SUCCESS |  
2019-08-28 18:53:32,604 | INFO  | SCMAudit | user=jenkins1000 | ip=192.168.69.102 | op=SEND_HEARTBEAT {datanodeUUID=0ec50947-c54d-40fe-a729-b0855dad3f0a, command=[]} | ret=SUCCESS |  
2019-08-28 18:53:32,754 | INFO  | SCMAudit | user=jenkins1000 | ip=192.168.69.102 | op=SEND_HEARTBEAT {datanodeUUID=2c9db6f5-ae6c-456e-aac1-300011bebd0b, command=[]} | ret=SUCCESS |  
2019-08-28 18:53:32,866 | INFO  | SCMAudit | user=jenkins1000 | ip=192.168.69.102 | op=SEND_HEARTBEAT {datanodeUUID=f785551e-a0af-487c-a25a-ff90660b7a23, command=[]} | ret=SUCCESS |  
2019-08-28 18:53:33,023 | INFO  | SCMAudit | user=jenkins1000 | ip=192.168.69.102 | op=SEND_HEARTBEAT {datanodeUUID=8e467a3f-4a15-4133-b9dc-29f72d763c9b, command=[]} | ret=SUCCESS |  
2019-08-28 18:53:33,042 [Thread-530] INFO  impl.FollowerState (FollowerState.java:run(106)) - 8e467a3f-4a15-4133-b9dc-29f72d763c9b:group-E16EF6B83B8D changes to CANDIDATE, lastRpcTime:5118, electionTimeout:5117ms
2019-08-28 18:53:33,042 [Thread-530] INFO  impl.RoleInfo (RoleInfo.java:shutdownFollowerState(121)) - 8e467a3f-4a15-4133-b9dc-29f72d763c9b: shutdown FollowerState
2019-08-28 18:53:33,042 [Thread-530] INFO  impl.RaftServerImpl (RaftServerImpl.java:setRole(171)) - 8e467a3f-4a15-4133-b9dc-29f72d763c9b:group-E16EF6B83B8D changes role from FOLLOWER to CANDIDATE at term 6 for changeToCandidate
2019-08-28 18:53:33,043 [Thread-530] INFO  impl.RoleInfo (RoleInfo.java:updateAndGet(143)) - 8e467a3f-4a15-4133-b9dc-29f72d763c9b: start LeaderElection
2019-08-28 18:53:33,056 | INFO  | SCMAudit | user=jenkins1000 | ip=192.168.69.102 | op=SEND_HEARTBEAT {datanodeUUID=3fdab9ea-6680-47f1-aded-4d496f7ecd01, command=[]} | ret=SUCCESS |  
2019-08-28 18:53:33,069 [8e467a3f-4a15-4133-b9dc-29f72d763c9b:group-E16EF6B83B8D:LeaderElection19] INFO  impl.LeaderElection (LeaderElection.java:askForVotes(181)) - 8e467a3f-4a15-4133-b9dc-29f72d763c9b:group-E16EF6B83B8D:LeaderElection19: begin an election at term 7 for 0: [8e467a3f-4a15-4133-b9dc-29f72d763c9b:192.168.69.102:32993, ee626ce8-1972-4fe0-bbbc-07baa9e228a9:192.168.69.102:33628, 79e7307e-2f03-4236-add7-13e1eabe57b5:192.168.69.102:45684], old=null
2019-08-28 18:53:33,071 [8e467a3f-4a15-4133-b9dc-29f72d763c9b:group-E16EF6B83B8D:LeaderElection19] INFO  impl.LeaderElection (LogUtils.java:infoOrTrace(149)) - 8e467a3f-4a15-4133-b9dc-29f72d763c9b:group-E16EF6B83B8D:LeaderElection19 got exception when requesting votes: {}
java.util.concurrent.ExecutionException: org.apache.ratis.thirdparty.io.grpc.StatusRuntimeException: UNAVAILABLE: io exception
	at java.util.concurrent.FutureTask.report(FutureTask.java:122)
	at java.util.concurrent.FutureTask.get(FutureTask.java:192)
	at org.apache.ratis.server.impl.LeaderElection.waitForResults(LeaderElection.java:262)
	at org.apache.ratis.server.impl.LeaderElection.askForVotes(LeaderElection.java:200)
	at org.apache.ratis.server.impl.LeaderElection.run(LeaderElection.java:130)
	at java.lang.Thread.run(Thread.java:748)
Caused by: org.apache.ratis.thirdparty.io.grpc.StatusRuntimeException: UNAVAILABLE: io exception
	at org.apache.ratis.thirdparty.io.grpc.stub.ClientCalls.toStatusRuntimeException(ClientCalls.java:233)
	at org.apache.ratis.thirdparty.io.grpc.stub.ClientCalls.getUnchecked(ClientCalls.java:214)
	at org.apache.ratis.thirdparty.io.grpc.stub.ClientCalls.blockingUnaryCall(ClientCalls.java:139)
	at org.apache.ratis.proto.grpc.RaftServerProtocolServiceGrpc$RaftServerProtocolServiceBlockingStub.requestVote(RaftServerProtocolServiceGrpc.java:265)
	at org.apache.ratis.grpc.server.GrpcServerProtocolClient.requestVote(GrpcServerProtocolClient.java:83)
	at org.apache.ratis.grpc.server.GrpcService.requestVote(GrpcService.java:195)
	at org.apache.ratis.server.impl.LeaderElection.lambda$submitRequests$1(LeaderElection.java:237)
	at java.util.concurrent.FutureTask.run(FutureTask.java:266)
	at java.util.concurrent.Executors$RunnableAdapter.call(Executors.java:511)
	at java.util.concurrent.FutureTask.run(FutureTask.java:266)
	at java.util.concurrent.ThreadPoolExecutor.runWorker(ThreadPoolExecutor.java:1149)
	at java.util.concurrent.ThreadPoolExecutor$Worker.run(ThreadPoolExecutor.java:624)
	... 1 more
Caused by: org.apache.ratis.thirdparty.io.netty.channel.AbstractChannel$AnnotatedConnectException: Connection refused: /192.168.69.102:45684
	at sun.nio.ch.SocketChannelImpl.checkConnect(Native Method)
	at sun.nio.ch.SocketChannelImpl.finishConnect(SocketChannelImpl.java:717)
	at org.apache.ratis.thirdparty.io.netty.channel.socket.nio.NioSocketChannel.doFinishConnect(NioSocketChannel.java:327)
	at org.apache.ratis.thirdparty.io.netty.channel.nio.AbstractNioChannel$AbstractNioUnsafe.finishConnect(AbstractNioChannel.java:340)
	at org.apache.ratis.thirdparty.io.netty.channel.nio.NioEventLoop.processSelectedKey(NioEventLoop.java:632)
	at org.apache.ratis.thirdparty.io.netty.channel.nio.NioEventLoop.processSelectedKeysOptimized(NioEventLoop.java:579)
	at org.apache.ratis.thirdparty.io.netty.channel.nio.NioEventLoop.processSelectedKeys(NioEventLoop.java:496)
	at org.apache.ratis.thirdparty.io.netty.channel.nio.NioEventLoop.run(NioEventLoop.java:458)
	at org.apache.ratis.thirdparty.io.netty.util.concurrent.SingleThreadEventExecutor$5.run(SingleThreadEventExecutor.java:897)
	at org.apache.ratis.thirdparty.io.netty.util.concurrent.FastThreadLocalRunnable.run(FastThreadLocalRunnable.java:30)
	... 1 more
Caused by: java.net.ConnectException: Connection refused
	... 11 more
2019-08-28 18:53:33,076 [8e467a3f-4a15-4133-b9dc-29f72d763c9b:group-E16EF6B83B8D:LeaderElection19] INFO  impl.LeaderElection (LogUtils.java:infoOrTrace(149)) - 8e467a3f-4a15-4133-b9dc-29f72d763c9b:group-E16EF6B83B8D:LeaderElection19 got exception when requesting votes: {}
java.util.concurrent.ExecutionException: org.apache.ratis.thirdparty.io.grpc.StatusRuntimeException: UNAVAILABLE: io exception
	at java.util.concurrent.FutureTask.report(FutureTask.java:122)
	at java.util.concurrent.FutureTask.get(FutureTask.java:192)
	at org.apache.ratis.server.impl.LeaderElection.waitForResults(LeaderElection.java:262)
	at org.apache.ratis.server.impl.LeaderElection.askForVotes(LeaderElection.java:200)
	at org.apache.ratis.server.impl.LeaderElection.run(LeaderElection.java:130)
	at java.lang.Thread.run(Thread.java:748)
Caused by: org.apache.ratis.thirdparty.io.grpc.StatusRuntimeException: UNAVAILABLE: io exception
	at org.apache.ratis.thirdparty.io.grpc.stub.ClientCalls.toStatusRuntimeException(ClientCalls.java:233)
	at org.apache.ratis.thirdparty.io.grpc.stub.ClientCalls.getUnchecked(ClientCalls.java:214)
	at org.apache.ratis.thirdparty.io.grpc.stub.ClientCalls.blockingUnaryCall(ClientCalls.java:139)
	at org.apache.ratis.proto.grpc.RaftServerProtocolServiceGrpc$RaftServerProtocolServiceBlockingStub.requestVote(RaftServerProtocolServiceGrpc.java:265)
	at org.apache.ratis.grpc.server.GrpcServerProtocolClient.requestVote(GrpcServerProtocolClient.java:83)
	at org.apache.ratis.grpc.server.GrpcService.requestVote(GrpcService.java:195)
	at org.apache.ratis.server.impl.LeaderElection.lambda$submitRequests$1(LeaderElection.java:237)
	at java.util.concurrent.FutureTask.run(FutureTask.java:266)
	at java.util.concurrent.Executors$RunnableAdapter.call(Executors.java:511)
	at java.util.concurrent.FutureTask.run(FutureTask.java:266)
	at java.util.concurrent.ThreadPoolExecutor.runWorker(ThreadPoolExecutor.java:1149)
	at java.util.concurrent.ThreadPoolExecutor$Worker.run(ThreadPoolExecutor.java:624)
	... 1 more
Caused by: org.apache.ratis.thirdparty.io.netty.channel.AbstractChannel$AnnotatedConnectException: Connection refused: /192.168.69.102:33628
	at sun.nio.ch.SocketChannelImpl.checkConnect(Native Method)
	at sun.nio.ch.SocketChannelImpl.finishConnect(SocketChannelImpl.java:717)
	at org.apache.ratis.thirdparty.io.netty.channel.socket.nio.NioSocketChannel.doFinishConnect(NioSocketChannel.java:327)
	at org.apache.ratis.thirdparty.io.netty.channel.nio.AbstractNioChannel$AbstractNioUnsafe.finishConnect(AbstractNioChannel.java:340)
	at org.apache.ratis.thirdparty.io.netty.channel.nio.NioEventLoop.processSelectedKey(NioEventLoop.java:632)
	at org.apache.ratis.thirdparty.io.netty.channel.nio.NioEventLoop.processSelectedKeysOptimized(NioEventLoop.java:579)
	at org.apache.ratis.thirdparty.io.netty.channel.nio.NioEventLoop.processSelectedKeys(NioEventLoop.java:496)
	at org.apache.ratis.thirdparty.io.netty.channel.nio.NioEventLoop.run(NioEventLoop.java:458)
	at org.apache.ratis.thirdparty.io.netty.util.concurrent.SingleThreadEventExecutor$5.run(SingleThreadEventExecutor.java:897)
	at org.apache.ratis.thirdparty.io.netty.util.concurrent.FastThreadLocalRunnable.run(FastThreadLocalRunnable.java:30)
	... 1 more
Caused by: java.net.ConnectException: Connection refused
	... 11 more
2019-08-28 18:53:33,079 [8e467a3f-4a15-4133-b9dc-29f72d763c9b:group-E16EF6B83B8D:LeaderElection19] INFO  impl.LeaderElection (LeaderElection.java:logAndReturn(56)) - 8e467a3f-4a15-4133-b9dc-29f72d763c9b:group-E16EF6B83B8D:LeaderElection19: Election REJECTED; received 0 response(s) [] and 2 exception(s); 8e467a3f-4a15-4133-b9dc-29f72d763c9b:t7, leader=null, voted=8e467a3f-4a15-4133-b9dc-29f72d763c9b, raftlog=8e467a3f-4a15-4133-b9dc-29f72d763c9b-SegmentedRaftLog:OPENED:c15,f15,i15, conf=0: [8e467a3f-4a15-4133-b9dc-29f72d763c9b:192.168.69.102:32993, ee626ce8-1972-4fe0-bbbc-07baa9e228a9:192.168.69.102:33628, 79e7307e-2f03-4236-add7-13e1eabe57b5:192.168.69.102:45684], old=null
2019-08-28 18:53:33,079 [8e467a3f-4a15-4133-b9dc-29f72d763c9b:group-E16EF6B83B8D:LeaderElection19] INFO  impl.LeaderElection (LogUtils.java:infoOrTrace(149)) -   Exception 0: {}
java.util.concurrent.ExecutionException: org.apache.ratis.thirdparty.io.grpc.StatusRuntimeException: UNAVAILABLE: io exception
	at java.util.concurrent.FutureTask.report(FutureTask.java:122)
	at java.util.concurrent.FutureTask.get(FutureTask.java:192)
	at org.apache.ratis.server.impl.LeaderElection.waitForResults(LeaderElection.java:262)
	at org.apache.ratis.server.impl.LeaderElection.askForVotes(LeaderElection.java:200)
	at org.apache.ratis.server.impl.LeaderElection.run(LeaderElection.java:130)
	at java.lang.Thread.run(Thread.java:748)
Caused by: org.apache.ratis.thirdparty.io.grpc.StatusRuntimeException: UNAVAILABLE: io exception
	at org.apache.ratis.thirdparty.io.grpc.stub.ClientCalls.toStatusRuntimeException(ClientCalls.java:233)
	at org.apache.ratis.thirdparty.io.grpc.stub.ClientCalls.getUnchecked(ClientCalls.java:214)
	at org.apache.ratis.thirdparty.io.grpc.stub.ClientCalls.blockingUnaryCall(ClientCalls.java:139)
	at org.apache.ratis.proto.grpc.RaftServerProtocolServiceGrpc$RaftServerProtocolServiceBlockingStub.requestVote(RaftServerProtocolServiceGrpc.java:265)
	at org.apache.ratis.grpc.server.GrpcServerProtocolClient.requestVote(GrpcServerProtocolClient.java:83)
	at org.apache.ratis.grpc.server.GrpcService.requestVote(GrpcService.java:195)
	at org.apache.ratis.server.impl.LeaderElection.lambda$submitRequests$1(LeaderElection.java:237)
	at java.util.concurrent.FutureTask.run(FutureTask.java:266)
	at java.util.concurrent.Executors$RunnableAdapter.call(Executors.java:511)
	at java.util.concurrent.FutureTask.run(FutureTask.java:266)
	at java.util.concurrent.ThreadPoolExecutor.runWorker(ThreadPoolExecutor.java:1149)
	at java.util.concurrent.ThreadPoolExecutor$Worker.run(ThreadPoolExecutor.java:624)
	... 1 more
Caused by: org.apache.ratis.thirdparty.io.netty.channel.AbstractChannel$AnnotatedConnectException: Connection refused: /192.168.69.102:45684
	at sun.nio.ch.SocketChannelImpl.checkConnect(Native Method)
	at sun.nio.ch.SocketChannelImpl.finishConnect(SocketChannelImpl.java:717)
	at org.apache.ratis.thirdparty.io.netty.channel.socket.nio.NioSocketChannel.doFinishConnect(NioSocketChannel.java:327)
	at org.apache.ratis.thirdparty.io.netty.channel.nio.AbstractNioChannel$AbstractNioUnsafe.finishConnect(AbstractNioChannel.java:340)
	at org.apache.ratis.thirdparty.io.netty.channel.nio.NioEventLoop.processSelectedKey(NioEventLoop.java:632)
	at org.apache.ratis.thirdparty.io.netty.channel.nio.NioEventLoop.processSelectedKeysOptimized(NioEventLoop.java:579)
	at org.apache.ratis.thirdparty.io.netty.channel.nio.NioEventLoop.processSelectedKeys(NioEventLoop.java:496)
	at org.apache.ratis.thirdparty.io.netty.channel.nio.NioEventLoop.run(NioEventLoop.java:458)
	at org.apache.ratis.thirdparty.io.netty.util.concurrent.SingleThreadEventExecutor$5.run(SingleThreadEventExecutor.java:897)
	at org.apache.ratis.thirdparty.io.netty.util.concurrent.FastThreadLocalRunnable.run(FastThreadLocalRunnable.java:30)
	... 1 more
Caused by: java.net.ConnectException: Connection refused
	... 11 more
2019-08-28 18:53:33,079 [8e467a3f-4a15-4133-b9dc-29f72d763c9b:group-E16EF6B83B8D:LeaderElection19] INFO  impl.LeaderElection (LogUtils.java:infoOrTrace(149)) -   Exception 1: {}
java.util.concurrent.ExecutionException: org.apache.ratis.thirdparty.io.grpc.StatusRuntimeException: UNAVAILABLE: io exception
	at java.util.concurrent.FutureTask.report(FutureTask.java:122)
	at java.util.concurrent.FutureTask.get(FutureTask.java:192)
	at org.apache.ratis.server.impl.LeaderElection.waitForResults(LeaderElection.java:262)
	at org.apache.ratis.server.impl.LeaderElection.askForVotes(LeaderElection.java:200)
	at org.apache.ratis.server.impl.LeaderElection.run(LeaderElection.java:130)
	at java.lang.Thread.run(Thread.java:748)
Caused by: org.apache.ratis.thirdparty.io.grpc.StatusRuntimeException: UNAVAILABLE: io exception
	at org.apache.ratis.thirdparty.io.grpc.stub.ClientCalls.toStatusRuntimeException(ClientCalls.java:233)
	at org.apache.ratis.thirdparty.io.grpc.stub.ClientCalls.getUnchecked(ClientCalls.java:214)
	at org.apache.ratis.thirdparty.io.grpc.stub.ClientCalls.blockingUnaryCall(ClientCalls.java:139)
	at org.apache.ratis.proto.grpc.RaftServerProtocolServiceGrpc$RaftServerProtocolServiceBlockingStub.requestVote(RaftServerProtocolServiceGrpc.java:265)
	at org.apache.ratis.grpc.server.GrpcServerProtocolClient.requestVote(GrpcServerProtocolClient.java:83)
	at org.apache.ratis.grpc.server.GrpcService.requestVote(GrpcService.java:195)
	at org.apache.ratis.server.impl.LeaderElection.lambda$submitRequests$1(LeaderElection.java:237)
	at java.util.concurrent.FutureTask.run(FutureTask.java:266)
	at java.util.concurrent.Executors$RunnableAdapter.call(Executors.java:511)
	at java.util.concurrent.FutureTask.run(FutureTask.java:266)
	at java.util.concurrent.ThreadPoolExecutor.runWorker(ThreadPoolExecutor.java:1149)
	at java.util.concurrent.ThreadPoolExecutor$Worker.run(ThreadPoolExecutor.java:624)
	... 1 more
Caused by: org.apache.ratis.thirdparty.io.netty.channel.AbstractChannel$AnnotatedConnectException: Connection refused: /192.168.69.102:33628
	at sun.nio.ch.SocketChannelImpl.checkConnect(Native Method)
	at sun.nio.ch.SocketChannelImpl.finishConnect(SocketChannelImpl.java:717)
	at org.apache.ratis.thirdparty.io.netty.channel.socket.nio.NioSocketChannel.doFinishConnect(NioSocketChannel.java:327)
	at org.apache.ratis.thirdparty.io.netty.channel.nio.AbstractNioChannel$AbstractNioUnsafe.finishConnect(AbstractNioChannel.java:340)
	at org.apache.ratis.thirdparty.io.netty.channel.nio.NioEventLoop.processSelectedKey(NioEventLoop.java:632)
	at org.apache.ratis.thirdparty.io.netty.channel.nio.NioEventLoop.processSelectedKeysOptimized(NioEventLoop.java:579)
	at org.apache.ratis.thirdparty.io.netty.channel.nio.NioEventLoop.processSelectedKeys(NioEventLoop.java:496)
	at org.apache.ratis.thirdparty.io.netty.channel.nio.NioEventLoop.run(NioEventLoop.java:458)
	at org.apache.ratis.thirdparty.io.netty.util.concurrent.SingleThreadEventExecutor$5.run(SingleThreadEventExecutor.java:897)
	at org.apache.ratis.thirdparty.io.netty.util.concurrent.FastThreadLocalRunnable.run(FastThreadLocalRunnable.java:30)
	... 1 more
Caused by: java.net.ConnectException: Connection refused
	... 11 more
2019-08-28 18:53:33,080 [8e467a3f-4a15-4133-b9dc-29f72d763c9b:group-E16EF6B83B8D:LeaderElection19] INFO  impl.RaftServerImpl (RaftServerImpl.java:setRole(171)) - 8e467a3f-4a15-4133-b9dc-29f72d763c9b:group-E16EF6B83B8D changes role from CANDIDATE to FOLLOWER at term 7 for DISCOVERED_A_NEW_TERM
2019-08-28 18:53:33,085 [8e467a3f-4a15-4133-b9dc-29f72d763c9b:group-E16EF6B83B8D:LeaderElection19] INFO  impl.RoleInfo (RoleInfo.java:shutdownLeaderElection(134)) - 8e467a3f-4a15-4133-b9dc-29f72d763c9b: shutdown LeaderElection
2019-08-28 18:53:33,085 [8e467a3f-4a15-4133-b9dc-29f72d763c9b:group-E16EF6B83B8D:LeaderElection19] INFO  impl.RoleInfo (RoleInfo.java:updateAndGet(143)) - 8e467a3f-4a15-4133-b9dc-29f72d763c9b: start FollowerState
2019-08-28 18:53:33,604 | INFO  | SCMAudit | user=jenkins1000 | ip=192.168.69.102 | op=SEND_HEARTBEAT {datanodeUUID=0ec50947-c54d-40fe-a729-b0855dad3f0a, command=[]} | ret=SUCCESS |  
2019-08-28 18:53:33,754 | INFO  | SCMAudit | user=jenkins1000 | ip=192.168.69.102 | op=SEND_HEARTBEAT {datanodeUUID=2c9db6f5-ae6c-456e-aac1-300011bebd0b, command=[]} | ret=SUCCESS |  
2019-08-28 18:53:33,870 | INFO  | SCMAudit | user=jenkins1000 | ip=192.168.69.102 | op=SEND_HEARTBEAT {datanodeUUID=f785551e-a0af-487c-a25a-ff90660b7a23, command=[]} | ret=SUCCESS |  
2019-08-28 18:53:34,023 | INFO  | SCMAudit | user=jenkins1000 | ip=192.168.69.102 | op=SEND_HEARTBEAT {datanodeUUID=8e467a3f-4a15-4133-b9dc-29f72d763c9b, command=[]} | ret=SUCCESS |  
2019-08-28 18:53:34,055 | INFO  | SCMAudit | user=jenkins1000 | ip=192.168.69.102 | op=SEND_HEARTBEAT {datanodeUUID=3fdab9ea-6680-47f1-aded-4d496f7ecd01, command=[]} | ret=SUCCESS |  
2019-08-28 18:53:34,573 [grpc-default-executor-5] INFO  client.GrpcClientProtocolClient (GrpcClientProtocolClient.java:onNext(255)) - client-6EA2DE053EDA->8e467a3f-4a15-4133-b9dc-29f72d763c9b: receive RaftClientReply:client-6EA2DE053EDA->8e467a3f-4a15-4133-b9dc-29f72d763c9b@group-E16EF6B83B8D, cid=22, FAILED org.apache.ratis.protocol.NotLeaderException: Server 8e467a3f-4a15-4133-b9dc-29f72d763c9b is not the leader (null). Request must be sent to leader., logIndex=0, commits[8e467a3f-4a15-4133-b9dc-29f72d763c9b:c15, ee626ce8-1972-4fe0-bbbc-07baa9e228a9:c15, 79e7307e-2f03-4236-add7-13e1eabe57b5:c15]
2019-08-28 18:53:34,604 | INFO  | SCMAudit | user=jenkins1000 | ip=192.168.69.102 | op=SEND_HEARTBEAT {datanodeUUID=0ec50947-c54d-40fe-a729-b0855dad3f0a, command=[]} | ret=SUCCESS |  
2019-08-28 18:53:34,754 | INFO  | SCMAudit | user=jenkins1000 | ip=192.168.69.102 | op=SEND_HEARTBEAT {datanodeUUID=2c9db6f5-ae6c-456e-aac1-300011bebd0b, command=[]} | ret=SUCCESS |  
2019-08-28 18:53:34,867 | INFO  | SCMAudit | user=jenkins1000 | ip=192.168.69.102 | op=SEND_HEARTBEAT {datanodeUUID=f785551e-a0af-487c-a25a-ff90660b7a23, command=[]} | ret=SUCCESS |  
2019-08-28 18:53:35,023 | INFO  | SCMAudit | user=jenkins1000 | ip=192.168.69.102 | op=SEND_HEARTBEAT {datanodeUUID=8e467a3f-4a15-4133-b9dc-29f72d763c9b, command=[]} | ret=SUCCESS |  
2019-08-28 18:53:35,056 | INFO  | SCMAudit | user=jenkins1000 | ip=192.168.69.102 | op=SEND_HEARTBEAT {datanodeUUID=3fdab9ea-6680-47f1-aded-4d496f7ecd01, command=[]} | ret=SUCCESS |  
2019-08-28 18:53:35,605 | INFO  | SCMAudit | user=jenkins1000 | ip=192.168.69.102 | op=SEND_HEARTBEAT {datanodeUUID=0ec50947-c54d-40fe-a729-b0855dad3f0a, command=[]} | ret=SUCCESS |  
2019-08-28 18:53:35,754 | INFO  | SCMAudit | user=jenkins1000 | ip=192.168.69.102 | op=SEND_HEARTBEAT {datanodeUUID=2c9db6f5-ae6c-456e-aac1-300011bebd0b, command=[]} | ret=SUCCESS |  
2019-08-28 18:53:35,867 | INFO  | SCMAudit | user=jenkins1000 | ip=192.168.69.102 | op=SEND_HEARTBEAT {datanodeUUID=f785551e-a0af-487c-a25a-ff90660b7a23, command=[]} | ret=SUCCESS |  
2019-08-28 18:53:36,024 | INFO  | SCMAudit | user=jenkins1000 | ip=192.168.69.102 | op=SEND_HEARTBEAT {datanodeUUID=8e467a3f-4a15-4133-b9dc-29f72d763c9b, command=[]} | ret=SUCCESS |  
2019-08-28 18:53:36,055 | INFO  | SCMAudit | user=jenkins1000 | ip=192.168.69.102 | op=SEND_HEARTBEAT {datanodeUUID=3fdab9ea-6680-47f1-aded-4d496f7ecd01, command=[]} | ret=SUCCESS |  
2019-08-28 18:53:36,605 | INFO  | SCMAudit | user=jenkins1000 | ip=192.168.69.102 | op=SEND_HEARTBEAT {datanodeUUID=0ec50947-c54d-40fe-a729-b0855dad3f0a, command=[]} | ret=SUCCESS |  
2019-08-28 18:53:36,755 | INFO  | SCMAudit | user=jenkins1000 | ip=192.168.69.102 | op=SEND_HEARTBEAT {datanodeUUID=2c9db6f5-ae6c-456e-aac1-300011bebd0b, command=[]} | ret=SUCCESS |  
2019-08-28 18:53:36,866 | INFO  | SCMAudit | user=jenkins1000 | ip=192.168.69.102 | op=SEND_HEARTBEAT {datanodeUUID=f785551e-a0af-487c-a25a-ff90660b7a23, command=[]} | ret=SUCCESS |  
2019-08-28 18:53:37,025 | INFO  | SCMAudit | user=jenkins1000 | ip=192.168.69.102 | op=SEND_HEARTBEAT {datanodeUUID=8e467a3f-4a15-4133-b9dc-29f72d763c9b, command=[]} | ret=SUCCESS |  
2019-08-28 18:53:37,055 | INFO  | SCMAudit | user=jenkins1000 | ip=192.168.69.102 | op=SEND_HEARTBEAT {datanodeUUID=3fdab9ea-6680-47f1-aded-4d496f7ecd01, command=[]} | ret=SUCCESS |  
2019-08-28 18:53:37,606 | INFO  | SCMAudit | user=jenkins1000 | ip=192.168.69.102 | op=SEND_HEARTBEAT {datanodeUUID=0ec50947-c54d-40fe-a729-b0855dad3f0a, command=[]} | ret=SUCCESS |  
2019-08-28 18:53:37,757 | INFO  | SCMAudit | user=jenkins1000 | ip=192.168.69.102 | op=SEND_HEARTBEAT {datanodeUUID=2c9db6f5-ae6c-456e-aac1-300011bebd0b, command=[]} | ret=SUCCESS |  
2019-08-28 18:53:37,867 | INFO  | SCMAudit | user=jenkins1000 | ip=192.168.69.102 | op=SEND_HEARTBEAT {datanodeUUID=f785551e-a0af-487c-a25a-ff90660b7a23, command=[]} | ret=SUCCESS |  
2019-08-28 18:53:38,026 | INFO  | SCMAudit | user=jenkins1000 | ip=192.168.69.102 | op=SEND_HEARTBEAT {datanodeUUID=8e467a3f-4a15-4133-b9dc-29f72d763c9b, command=[]} | ret=SUCCESS |  
2019-08-28 18:53:38,055 | INFO  | SCMAudit | user=jenkins1000 | ip=192.168.69.102 | op=SEND_HEARTBEAT {datanodeUUID=3fdab9ea-6680-47f1-aded-4d496f7ecd01, command=[]} | ret=SUCCESS |  
2019-08-28 18:53:38,117 [Thread-550] INFO  impl.FollowerState (FollowerState.java:run(106)) - 8e467a3f-4a15-4133-b9dc-29f72d763c9b:group-E16EF6B83B8D changes to CANDIDATE, lastRpcTime:5031, electionTimeout:5028ms
2019-08-28 18:53:38,117 [Thread-550] INFO  impl.RoleInfo (RoleInfo.java:shutdownFollowerState(121)) - 8e467a3f-4a15-4133-b9dc-29f72d763c9b: shutdown FollowerState
2019-08-28 18:53:38,117 [Thread-550] INFO  impl.RaftServerImpl (RaftServerImpl.java:setRole(171)) - 8e467a3f-4a15-4133-b9dc-29f72d763c9b:group-E16EF6B83B8D changes role from FOLLOWER to CANDIDATE at term 7 for changeToCandidate
2019-08-28 18:53:38,117 [Thread-550] INFO  impl.RoleInfo (RoleInfo.java:updateAndGet(143)) - 8e467a3f-4a15-4133-b9dc-29f72d763c9b: start LeaderElection
2019-08-28 18:53:38,149 [8e467a3f-4a15-4133-b9dc-29f72d763c9b:group-E16EF6B83B8D:LeaderElection20] INFO  impl.LeaderElection (LeaderElection.java:askForVotes(181)) - 8e467a3f-4a15-4133-b9dc-29f72d763c9b:group-E16EF6B83B8D:LeaderElection20: begin an election at term 8 for 0: [8e467a3f-4a15-4133-b9dc-29f72d763c9b:192.168.69.102:32993, ee626ce8-1972-4fe0-bbbc-07baa9e228a9:192.168.69.102:33628, 79e7307e-2f03-4236-add7-13e1eabe57b5:192.168.69.102:45684], old=null
2019-08-28 18:53:38,151 [8e467a3f-4a15-4133-b9dc-29f72d763c9b:group-E16EF6B83B8D:LeaderElection20] INFO  impl.LeaderElection (LogUtils.java:infoOrTrace(149)) - 8e467a3f-4a15-4133-b9dc-29f72d763c9b:group-E16EF6B83B8D:LeaderElection20 got exception when requesting votes: {}
java.util.concurrent.ExecutionException: org.apache.ratis.thirdparty.io.grpc.StatusRuntimeException: UNAVAILABLE: io exception
	at java.util.concurrent.FutureTask.report(FutureTask.java:122)
	at java.util.concurrent.FutureTask.get(FutureTask.java:192)
	at org.apache.ratis.server.impl.LeaderElection.waitForResults(LeaderElection.java:262)
	at org.apache.ratis.server.impl.LeaderElection.askForVotes(LeaderElection.java:200)
	at org.apache.ratis.server.impl.LeaderElection.run(LeaderElection.java:130)
	at java.lang.Thread.run(Thread.java:748)
Caused by: org.apache.ratis.thirdparty.io.grpc.StatusRuntimeException: UNAVAILABLE: io exception
	at org.apache.ratis.thirdparty.io.grpc.stub.ClientCalls.toStatusRuntimeException(ClientCalls.java:233)
	at org.apache.ratis.thirdparty.io.grpc.stub.ClientCalls.getUnchecked(ClientCalls.java:214)
	at org.apache.ratis.thirdparty.io.grpc.stub.ClientCalls.blockingUnaryCall(ClientCalls.java:139)
	at org.apache.ratis.proto.grpc.RaftServerProtocolServiceGrpc$RaftServerProtocolServiceBlockingStub.requestVote(RaftServerProtocolServiceGrpc.java:265)
	at org.apache.ratis.grpc.server.GrpcServerProtocolClient.requestVote(GrpcServerProtocolClient.java:83)
	at org.apache.ratis.grpc.server.GrpcService.requestVote(GrpcService.java:195)
	at org.apache.ratis.server.impl.LeaderElection.lambda$submitRequests$1(LeaderElection.java:237)
	at java.util.concurrent.FutureTask.run(FutureTask.java:266)
	at java.util.concurrent.Executors$RunnableAdapter.call(Executors.java:511)
	at java.util.concurrent.FutureTask.run(FutureTask.java:266)
	at java.util.concurrent.ThreadPoolExecutor.runWorker(ThreadPoolExecutor.java:1149)
	at java.util.concurrent.ThreadPoolExecutor$Worker.run(ThreadPoolExecutor.java:624)
	... 1 more
Caused by: org.apache.ratis.thirdparty.io.netty.channel.AbstractChannel$AnnotatedConnectException: Connection refused: /192.168.69.102:45684
	at sun.nio.ch.SocketChannelImpl.checkConnect(Native Method)
	at sun.nio.ch.SocketChannelImpl.finishConnect(SocketChannelImpl.java:717)
	at org.apache.ratis.thirdparty.io.netty.channel.socket.nio.NioSocketChannel.doFinishConnect(NioSocketChannel.java:327)
	at org.apache.ratis.thirdparty.io.netty.channel.nio.AbstractNioChannel$AbstractNioUnsafe.finishConnect(AbstractNioChannel.java:340)
	at org.apache.ratis.thirdparty.io.netty.channel.nio.NioEventLoop.processSelectedKey(NioEventLoop.java:632)
	at org.apache.ratis.thirdparty.io.netty.channel.nio.NioEventLoop.processSelectedKeysOptimized(NioEventLoop.java:579)
	at org.apache.ratis.thirdparty.io.netty.channel.nio.NioEventLoop.processSelectedKeys(NioEventLoop.java:496)
	at org.apache.ratis.thirdparty.io.netty.channel.nio.NioEventLoop.run(NioEventLoop.java:458)
	at org.apache.ratis.thirdparty.io.netty.util.concurrent.SingleThreadEventExecutor$5.run(SingleThreadEventExecutor.java:897)
	at org.apache.ratis.thirdparty.io.netty.util.concurrent.FastThreadLocalRunnable.run(FastThreadLocalRunnable.java:30)
	... 1 more
Caused by: java.net.ConnectException: Connection refused
	... 11 more
2019-08-28 18:53:38,154 [8e467a3f-4a15-4133-b9dc-29f72d763c9b:group-E16EF6B83B8D:LeaderElection20] INFO  impl.LeaderElection (LogUtils.java:infoOrTrace(149)) - 8e467a3f-4a15-4133-b9dc-29f72d763c9b:group-E16EF6B83B8D:LeaderElection20 got exception when requesting votes: {}
java.util.concurrent.ExecutionException: org.apache.ratis.thirdparty.io.grpc.StatusRuntimeException: UNAVAILABLE: io exception
	at java.util.concurrent.FutureTask.report(FutureTask.java:122)
	at java.util.concurrent.FutureTask.get(FutureTask.java:192)
	at org.apache.ratis.server.impl.LeaderElection.waitForResults(LeaderElection.java:262)
	at org.apache.ratis.server.impl.LeaderElection.askForVotes(LeaderElection.java:200)
	at org.apache.ratis.server.impl.LeaderElection.run(LeaderElection.java:130)
	at java.lang.Thread.run(Thread.java:748)
Caused by: org.apache.ratis.thirdparty.io.grpc.StatusRuntimeException: UNAVAILABLE: io exception
	at org.apache.ratis.thirdparty.io.grpc.stub.ClientCalls.toStatusRuntimeException(ClientCalls.java:233)
	at org.apache.ratis.thirdparty.io.grpc.stub.ClientCalls.getUnchecked(ClientCalls.java:214)
	at org.apache.ratis.thirdparty.io.grpc.stub.ClientCalls.blockingUnaryCall(ClientCalls.java:139)
	at org.apache.ratis.proto.grpc.RaftServerProtocolServiceGrpc$RaftServerProtocolServiceBlockingStub.requestVote(RaftServerProtocolServiceGrpc.java:265)
	at org.apache.ratis.grpc.server.GrpcServerProtocolClient.requestVote(GrpcServerProtocolClient.java:83)
	at org.apache.ratis.grpc.server.GrpcService.requestVote(GrpcService.java:195)
	at org.apache.ratis.server.impl.LeaderElection.lambda$submitRequests$1(LeaderElection.java:237)
	at java.util.concurrent.FutureTask.run(FutureTask.java:266)
	at java.util.concurrent.Executors$RunnableAdapter.call(Executors.java:511)
	at java.util.concurrent.FutureTask.run(FutureTask.java:266)
	at java.util.concurrent.ThreadPoolExecutor.runWorker(ThreadPoolExecutor.java:1149)
	at java.util.concurrent.ThreadPoolExecutor$Worker.run(ThreadPoolExecutor.java:624)
	... 1 more
Caused by: org.apache.ratis.thirdparty.io.netty.channel.AbstractChannel$AnnotatedConnectException: Connection refused: /192.168.69.102:33628
	at sun.nio.ch.SocketChannelImpl.checkConnect(Native Method)
	at sun.nio.ch.SocketChannelImpl.finishConnect(SocketChannelImpl.java:717)
	at org.apache.ratis.thirdparty.io.netty.channel.socket.nio.NioSocketChannel.doFinishConnect(NioSocketChannel.java:327)
	at org.apache.ratis.thirdparty.io.netty.channel.nio.AbstractNioChannel$AbstractNioUnsafe.finishConnect(AbstractNioChannel.java:340)
	at org.apache.ratis.thirdparty.io.netty.channel.nio.NioEventLoop.processSelectedKey(NioEventLoop.java:632)
	at org.apache.ratis.thirdparty.io.netty.channel.nio.NioEventLoop.processSelectedKeysOptimized(NioEventLoop.java:579)
	at org.apache.ratis.thirdparty.io.netty.channel.nio.NioEventLoop.processSelectedKeys(NioEventLoop.java:496)
	at org.apache.ratis.thirdparty.io.netty.channel.nio.NioEventLoop.run(NioEventLoop.java:458)
	at org.apache.ratis.thirdparty.io.netty.util.concurrent.SingleThreadEventExecutor$5.run(SingleThreadEventExecutor.java:897)
	at org.apache.ratis.thirdparty.io.netty.util.concurrent.FastThreadLocalRunnable.run(FastThreadLocalRunnable.java:30)
	... 1 more
Caused by: java.net.ConnectException: Connection refused
	... 11 more
2019-08-28 18:53:38,157 [8e467a3f-4a15-4133-b9dc-29f72d763c9b:group-E16EF6B83B8D:LeaderElection20] INFO  impl.LeaderElection (LeaderElection.java:logAndReturn(56)) - 8e467a3f-4a15-4133-b9dc-29f72d763c9b:group-E16EF6B83B8D:LeaderElection20: Election REJECTED; received 0 response(s) [] and 2 exception(s); 8e467a3f-4a15-4133-b9dc-29f72d763c9b:t8, leader=null, voted=8e467a3f-4a15-4133-b9dc-29f72d763c9b, raftlog=8e467a3f-4a15-4133-b9dc-29f72d763c9b-SegmentedRaftLog:OPENED:c15,f15,i15, conf=0: [8e467a3f-4a15-4133-b9dc-29f72d763c9b:192.168.69.102:32993, ee626ce8-1972-4fe0-bbbc-07baa9e228a9:192.168.69.102:33628, 79e7307e-2f03-4236-add7-13e1eabe57b5:192.168.69.102:45684], old=null
2019-08-28 18:53:38,157 [8e467a3f-4a15-4133-b9dc-29f72d763c9b:group-E16EF6B83B8D:LeaderElection20] INFO  impl.LeaderElection (LogUtils.java:infoOrTrace(149)) -   Exception 0: {}
java.util.concurrent.ExecutionException: org.apache.ratis.thirdparty.io.grpc.StatusRuntimeException: UNAVAILABLE: io exception
	at java.util.concurrent.FutureTask.report(FutureTask.java:122)
	at java.util.concurrent.FutureTask.get(FutureTask.java:192)
	at org.apache.ratis.server.impl.LeaderElection.waitForResults(LeaderElection.java:262)
	at org.apache.ratis.server.impl.LeaderElection.askForVotes(LeaderElection.java:200)
	at org.apache.ratis.server.impl.LeaderElection.run(LeaderElection.java:130)
	at java.lang.Thread.run(Thread.java:748)
Caused by: org.apache.ratis.thirdparty.io.grpc.StatusRuntimeException: UNAVAILABLE: io exception
	at org.apache.ratis.thirdparty.io.grpc.stub.ClientCalls.toStatusRuntimeException(ClientCalls.java:233)
	at org.apache.ratis.thirdparty.io.grpc.stub.ClientCalls.getUnchecked(ClientCalls.java:214)
	at org.apache.ratis.thirdparty.io.grpc.stub.ClientCalls.blockingUnaryCall(ClientCalls.java:139)
	at org.apache.ratis.proto.grpc.RaftServerProtocolServiceGrpc$RaftServerProtocolServiceBlockingStub.requestVote(RaftServerProtocolServiceGrpc.java:265)
	at org.apache.ratis.grpc.server.GrpcServerProtocolClient.requestVote(GrpcServerProtocolClient.java:83)
	at org.apache.ratis.grpc.server.GrpcService.requestVote(GrpcService.java:195)
	at org.apache.ratis.server.impl.LeaderElection.lambda$submitRequests$1(LeaderElection.java:237)
	at java.util.concurrent.FutureTask.run(FutureTask.java:266)
	at java.util.concurrent.Executors$RunnableAdapter.call(Executors.java:511)
	at java.util.concurrent.FutureTask.run(FutureTask.java:266)
	at java.util.concurrent.ThreadPoolExecutor.runWorker(ThreadPoolExecutor.java:1149)
	at java.util.concurrent.ThreadPoolExecutor$Worker.run(ThreadPoolExecutor.java:624)
	... 1 more
Caused by: org.apache.ratis.thirdparty.io.netty.channel.AbstractChannel$AnnotatedConnectException: Connection refused: /192.168.69.102:45684
	at sun.nio.ch.SocketChannelImpl.checkConnect(Native Method)
	at sun.nio.ch.SocketChannelImpl.finishConnect(SocketChannelImpl.java:717)
	at org.apache.ratis.thirdparty.io.netty.channel.socket.nio.NioSocketChannel.doFinishConnect(NioSocketChannel.java:327)
	at org.apache.ratis.thirdparty.io.netty.channel.nio.AbstractNioChannel$AbstractNioUnsafe.finishConnect(AbstractNioChannel.java:340)
	at org.apache.ratis.thirdparty.io.netty.channel.nio.NioEventLoop.processSelectedKey(NioEventLoop.java:632)
	at org.apache.ratis.thirdparty.io.netty.channel.nio.NioEventLoop.processSelectedKeysOptimized(NioEventLoop.java:579)
	at org.apache.ratis.thirdparty.io.netty.channel.nio.NioEventLoop.processSelectedKeys(NioEventLoop.java:496)
	at org.apache.ratis.thirdparty.io.netty.channel.nio.NioEventLoop.run(NioEventLoop.java:458)
	at org.apache.ratis.thirdparty.io.netty.util.concurrent.SingleThreadEventExecutor$5.run(SingleThreadEventExecutor.java:897)
	at org.apache.ratis.thirdparty.io.netty.util.concurrent.FastThreadLocalRunnable.run(FastThreadLocalRunnable.java:30)
	... 1 more
Caused by: java.net.ConnectException: Connection refused
	... 11 more
2019-08-28 18:53:38,158 [8e467a3f-4a15-4133-b9dc-29f72d763c9b:group-E16EF6B83B8D:LeaderElection20] INFO  impl.LeaderElection (LogUtils.java:infoOrTrace(149)) -   Exception 1: {}
java.util.concurrent.ExecutionException: org.apache.ratis.thirdparty.io.grpc.StatusRuntimeException: UNAVAILABLE: io exception
	at java.util.concurrent.FutureTask.report(FutureTask.java:122)
	at java.util.concurrent.FutureTask.get(FutureTask.java:192)
	at org.apache.ratis.server.impl.LeaderElection.waitForResults(LeaderElection.java:262)
	at org.apache.ratis.server.impl.LeaderElection.askForVotes(LeaderElection.java:200)
	at org.apache.ratis.server.impl.LeaderElection.run(LeaderElection.java:130)
	at java.lang.Thread.run(Thread.java:748)
Caused by: org.apache.ratis.thirdparty.io.grpc.StatusRuntimeException: UNAVAILABLE: io exception
	at org.apache.ratis.thirdparty.io.grpc.stub.ClientCalls.toStatusRuntimeException(ClientCalls.java:233)
	at org.apache.ratis.thirdparty.io.grpc.stub.ClientCalls.getUnchecked(ClientCalls.java:214)
	at org.apache.ratis.thirdparty.io.grpc.stub.ClientCalls.blockingUnaryCall(ClientCalls.java:139)
	at org.apache.ratis.proto.grpc.RaftServerProtocolServiceGrpc$RaftServerProtocolServiceBlockingStub.requestVote(RaftServerProtocolServiceGrpc.java:265)
	at org.apache.ratis.grpc.server.GrpcServerProtocolClient.requestVote(GrpcServerProtocolClient.java:83)
	at org.apache.ratis.grpc.server.GrpcService.requestVote(GrpcService.java:195)
	at org.apache.ratis.server.impl.LeaderElection.lambda$submitRequests$1(LeaderElection.java:237)
	at java.util.concurrent.FutureTask.run(FutureTask.java:266)
	at java.util.concurrent.Executors$RunnableAdapter.call(Executors.java:511)
	at java.util.concurrent.FutureTask.run(FutureTask.java:266)
	at java.util.concurrent.ThreadPoolExecutor.runWorker(ThreadPoolExecutor.java:1149)
	at java.util.concurrent.ThreadPoolExecutor$Worker.run(ThreadPoolExecutor.java:624)
	... 1 more
Caused by: org.apache.ratis.thirdparty.io.netty.channel.AbstractChannel$AnnotatedConnectException: Connection refused: /192.168.69.102:33628
	at sun.nio.ch.SocketChannelImpl.checkConnect(Native Method)
	at sun.nio.ch.SocketChannelImpl.finishConnect(SocketChannelImpl.java:717)
	at org.apache.ratis.thirdparty.io.netty.channel.socket.nio.NioSocketChannel.doFinishConnect(NioSocketChannel.java:327)
	at org.apache.ratis.thirdparty.io.netty.channel.nio.AbstractNioChannel$AbstractNioUnsafe.finishConnect(AbstractNioChannel.java:340)
	at org.apache.ratis.thirdparty.io.netty.channel.nio.NioEventLoop.processSelectedKey(NioEventLoop.java:632)
	at org.apache.ratis.thirdparty.io.netty.channel.nio.NioEventLoop.processSelectedKeysOptimized(NioEventLoop.java:579)
	at org.apache.ratis.thirdparty.io.netty.channel.nio.NioEventLoop.processSelectedKeys(NioEventLoop.java:496)
	at org.apache.ratis.thirdparty.io.netty.channel.nio.NioEventLoop.run(NioEventLoop.java:458)
	at org.apache.ratis.thirdparty.io.netty.util.concurrent.SingleThreadEventExecutor$5.run(SingleThreadEventExecutor.java:897)
	at org.apache.ratis.thirdparty.io.netty.util.concurrent.FastThreadLocalRunnable.run(FastThreadLocalRunnable.java:30)
	... 1 more
Caused by: java.net.ConnectException: Connection refused
	... 11 more
2019-08-28 18:53:38,159 [8e467a3f-4a15-4133-b9dc-29f72d763c9b:group-E16EF6B83B8D:LeaderElection20] INFO  impl.RaftServerImpl (RaftServerImpl.java:setRole(171)) - 8e467a3f-4a15-4133-b9dc-29f72d763c9b:group-E16EF6B83B8D changes role from CANDIDATE to FOLLOWER at term 8 for DISCOVERED_A_NEW_TERM
2019-08-28 18:53:38,161 [8e467a3f-4a15-4133-b9dc-29f72d763c9b:group-E16EF6B83B8D:LeaderElection20] INFO  impl.RoleInfo (RoleInfo.java:shutdownLeaderElection(134)) - 8e467a3f-4a15-4133-b9dc-29f72d763c9b: shutdown LeaderElection
2019-08-28 18:53:38,161 [8e467a3f-4a15-4133-b9dc-29f72d763c9b:group-E16EF6B83B8D:LeaderElection20] INFO  impl.RoleInfo (RoleInfo.java:updateAndGet(143)) - 8e467a3f-4a15-4133-b9dc-29f72d763c9b: start FollowerState
2019-08-28 18:53:38,600 [grpc-default-executor-5] INFO  client.GrpcClientProtocolClient (GrpcClientProtocolClient.java:onNext(255)) - client-6EA2DE053EDA->8e467a3f-4a15-4133-b9dc-29f72d763c9b: receive RaftClientReply:client-6EA2DE053EDA->8e467a3f-4a15-4133-b9dc-29f72d763c9b@group-E16EF6B83B8D, cid=22, FAILED org.apache.ratis.protocol.NotLeaderException: Server 8e467a3f-4a15-4133-b9dc-29f72d763c9b is not the leader (null). Request must be sent to leader., logIndex=0, commits[8e467a3f-4a15-4133-b9dc-29f72d763c9b:c15, ee626ce8-1972-4fe0-bbbc-07baa9e228a9:c15, 79e7307e-2f03-4236-add7-13e1eabe57b5:c15]
2019-08-28 18:53:38,606 | INFO  | SCMAudit | user=jenkins1000 | ip=192.168.69.102 | op=SEND_HEARTBEAT {datanodeUUID=0ec50947-c54d-40fe-a729-b0855dad3f0a, command=[]} | ret=SUCCESS |  
2019-08-28 18:53:38,757 | INFO  | SCMAudit | user=jenkins1000 | ip=192.168.69.102 | op=SEND_HEARTBEAT {datanodeUUID=2c9db6f5-ae6c-456e-aac1-300011bebd0b, command=[]} | ret=SUCCESS |  
2019-08-28 18:53:38,868 | INFO  | SCMAudit | user=jenkins1000 | ip=192.168.69.102 | op=SEND_HEARTBEAT {datanodeUUID=f785551e-a0af-487c-a25a-ff90660b7a23, command=[]} | ret=SUCCESS |  
2019-08-28 18:53:39,025 | INFO  | SCMAudit | user=jenkins1000 | ip=192.168.69.102 | op=SEND_HEARTBEAT {datanodeUUID=8e467a3f-4a15-4133-b9dc-29f72d763c9b, command=[]} | ret=SUCCESS |  
2019-08-28 18:53:39,055 | INFO  | SCMAudit | user=jenkins1000 | ip=192.168.69.102 | op=SEND_HEARTBEAT {datanodeUUID=3fdab9ea-6680-47f1-aded-4d496f7ecd01, command=[]} | ret=SUCCESS |  
2019-08-28 18:53:39,610 | INFO  | SCMAudit | user=jenkins1000 | ip=192.168.69.102 | op=SEND_HEARTBEAT {datanodeUUID=0ec50947-c54d-40fe-a729-b0855dad3f0a, command=[]} | ret=SUCCESS |  
2019-08-28 18:53:39,757 | INFO  | SCMAudit | user=jenkins1000 | ip=192.168.69.102 | op=SEND_HEARTBEAT {datanodeUUID=2c9db6f5-ae6c-456e-aac1-300011bebd0b, command=[]} | ret=SUCCESS |  
2019-08-28 18:53:39,868 | INFO  | SCMAudit | user=jenkins1000 | ip=192.168.69.102 | op=SEND_HEARTBEAT {datanodeUUID=f785551e-a0af-487c-a25a-ff90660b7a23, command=[]} | ret=SUCCESS |  
2019-08-28 18:53:40,025 | INFO  | SCMAudit | user=jenkins1000 | ip=192.168.69.102 | op=SEND_HEARTBEAT {datanodeUUID=8e467a3f-4a15-4133-b9dc-29f72d763c9b, command=[]} | ret=SUCCESS |  
2019-08-28 18:53:40,056 | INFO  | SCMAudit | user=jenkins1000 | ip=192.168.69.102 | op=SEND_HEARTBEAT {datanodeUUID=3fdab9ea-6680-47f1-aded-4d496f7ecd01, command=[]} | ret=SUCCESS |  
2019-08-28 18:53:40,613 | INFO  | SCMAudit | user=jenkins1000 | ip=192.168.69.102 | op=SEND_HEARTBEAT {datanodeUUID=0ec50947-c54d-40fe-a729-b0855dad3f0a, command=[]} | ret=SUCCESS |  
2019-08-28 18:53:40,623 [grpc-default-executor-3] INFO  client.GrpcClientProtocolClient (GrpcClientProtocolClient.java:onNext(255)) - client-6EA2DE053EDA->8e467a3f-4a15-4133-b9dc-29f72d763c9b: receive RaftClientReply:client-6EA2DE053EDA->8e467a3f-4a15-4133-b9dc-29f72d763c9b@group-E16EF6B83B8D, cid=22, FAILED org.apache.ratis.protocol.NotLeaderException: Server 8e467a3f-4a15-4133-b9dc-29f72d763c9b is not the leader (null). Request must be sent to leader., logIndex=0, commits[8e467a3f-4a15-4133-b9dc-29f72d763c9b:c15, ee626ce8-1972-4fe0-bbbc-07baa9e228a9:c15, 79e7307e-2f03-4236-add7-13e1eabe57b5:c15]
2019-08-28 18:53:40,758 | INFO  | SCMAudit | user=jenkins1000 | ip=192.168.69.102 | op=SEND_HEARTBEAT {datanodeUUID=2c9db6f5-ae6c-456e-aac1-300011bebd0b, command=[]} | ret=SUCCESS |  
2019-08-28 18:53:40,867 | INFO  | SCMAudit | user=jenkins1000 | ip=192.168.69.102 | op=SEND_HEARTBEAT {datanodeUUID=f785551e-a0af-487c-a25a-ff90660b7a23, command=[]} | ret=SUCCESS |  
2019-08-28 18:53:41,025 | INFO  | SCMAudit | user=jenkins1000 | ip=192.168.69.102 | op=SEND_HEARTBEAT {datanodeUUID=8e467a3f-4a15-4133-b9dc-29f72d763c9b, command=[]} | ret=SUCCESS |  
2019-08-28 18:53:41,056 | INFO  | SCMAudit | user=jenkins1000 | ip=192.168.69.102 | op=SEND_HEARTBEAT {datanodeUUID=3fdab9ea-6680-47f1-aded-4d496f7ecd01, command=[]} | ret=SUCCESS |  
2019-08-28 18:53:41,613 | INFO  | SCMAudit | user=jenkins1000 | ip=192.168.69.102 | op=SEND_HEARTBEAT {datanodeUUID=0ec50947-c54d-40fe-a729-b0855dad3f0a, command=[]} | ret=SUCCESS |  
2019-08-28 18:53:41,759 | INFO  | SCMAudit | user=jenkins1000 | ip=192.168.69.102 | op=SEND_HEARTBEAT {datanodeUUID=2c9db6f5-ae6c-456e-aac1-300011bebd0b, command=[]} | ret=SUCCESS |  
2019-08-28 18:53:41,867 | INFO  | SCMAudit | user=jenkins1000 | ip=192.168.69.102 | op=SEND_HEARTBEAT {datanodeUUID=f785551e-a0af-487c-a25a-ff90660b7a23, command=[]} | ret=SUCCESS |  
2019-08-28 18:53:42,026 | INFO  | SCMAudit | user=jenkins1000 | ip=192.168.69.102 | op=SEND_HEARTBEAT {datanodeUUID=8e467a3f-4a15-4133-b9dc-29f72d763c9b, command=[]} | ret=SUCCESS |  
2019-08-28 18:53:42,056 | INFO  | SCMAudit | user=jenkins1000 | ip=192.168.69.102 | op=SEND_HEARTBEAT {datanodeUUID=3fdab9ea-6680-47f1-aded-4d496f7ecd01, command=[]} | ret=SUCCESS |  
2019-08-28 18:53:42,614 | INFO  | SCMAudit | user=jenkins1000 | ip=192.168.69.102 | op=SEND_HEARTBEAT {datanodeUUID=0ec50947-c54d-40fe-a729-b0855dad3f0a, command=[]} | ret=SUCCESS |  
2019-08-28 18:53:42,760 | INFO  | SCMAudit | user=jenkins1000 | ip=192.168.69.102 | op=SEND_HEARTBEAT {datanodeUUID=2c9db6f5-ae6c-456e-aac1-300011bebd0b, command=[]} | ret=SUCCESS |  
2019-08-28 18:53:42,867 | INFO  | SCMAudit | user=jenkins1000 | ip=192.168.69.102 | op=SEND_HEARTBEAT {datanodeUUID=f785551e-a0af-487c-a25a-ff90660b7a23, command=[]} | ret=SUCCESS |  
2019-08-28 18:53:43,025 | INFO  | SCMAudit | user=jenkins1000 | ip=192.168.69.102 | op=SEND_HEARTBEAT {datanodeUUID=8e467a3f-4a15-4133-b9dc-29f72d763c9b, command=[]} | ret=SUCCESS |  
2019-08-28 18:53:43,056 | INFO  | SCMAudit | user=jenkins1000 | ip=192.168.69.102 | op=SEND_HEARTBEAT {datanodeUUID=3fdab9ea-6680-47f1-aded-4d496f7ecd01, command=[]} | ret=SUCCESS |  
2019-08-28 18:53:43,351 [Thread-574] INFO  impl.FollowerState (FollowerState.java:run(106)) - 8e467a3f-4a15-4133-b9dc-29f72d763c9b:group-E16EF6B83B8D changes to CANDIDATE, lastRpcTime:5189, electionTimeout:5187ms
2019-08-28 18:53:43,351 [Thread-574] INFO  impl.RoleInfo (RoleInfo.java:shutdownFollowerState(121)) - 8e467a3f-4a15-4133-b9dc-29f72d763c9b: shutdown FollowerState
2019-08-28 18:53:43,351 [Thread-574] INFO  impl.RaftServerImpl (RaftServerImpl.java:setRole(171)) - 8e467a3f-4a15-4133-b9dc-29f72d763c9b:group-E16EF6B83B8D changes role from FOLLOWER to CANDIDATE at term 8 for changeToCandidate
2019-08-28 18:53:43,351 [Thread-574] INFO  impl.RoleInfo (RoleInfo.java:updateAndGet(143)) - 8e467a3f-4a15-4133-b9dc-29f72d763c9b: start LeaderElection
2019-08-28 18:53:43,376 [8e467a3f-4a15-4133-b9dc-29f72d763c9b:group-E16EF6B83B8D:LeaderElection21] INFO  impl.LeaderElection (LeaderElection.java:askForVotes(181)) - 8e467a3f-4a15-4133-b9dc-29f72d763c9b:group-E16EF6B83B8D:LeaderElection21: begin an election at term 9 for 0: [8e467a3f-4a15-4133-b9dc-29f72d763c9b:192.168.69.102:32993, ee626ce8-1972-4fe0-bbbc-07baa9e228a9:192.168.69.102:33628, 79e7307e-2f03-4236-add7-13e1eabe57b5:192.168.69.102:45684], old=null
2019-08-28 18:53:43,378 [8e467a3f-4a15-4133-b9dc-29f72d763c9b:group-E16EF6B83B8D:LeaderElection21] INFO  impl.LeaderElection (LogUtils.java:infoOrTrace(149)) - 8e467a3f-4a15-4133-b9dc-29f72d763c9b:group-E16EF6B83B8D:LeaderElection21 got exception when requesting votes: {}
java.util.concurrent.ExecutionException: org.apache.ratis.thirdparty.io.grpc.StatusRuntimeException: UNAVAILABLE: io exception
	at java.util.concurrent.FutureTask.report(FutureTask.java:122)
	at java.util.concurrent.FutureTask.get(FutureTask.java:192)
	at org.apache.ratis.server.impl.LeaderElection.waitForResults(LeaderElection.java:262)
	at org.apache.ratis.server.impl.LeaderElection.askForVotes(LeaderElection.java:200)
	at org.apache.ratis.server.impl.LeaderElection.run(LeaderElection.java:130)
	at java.lang.Thread.run(Thread.java:748)
Caused by: org.apache.ratis.thirdparty.io.grpc.StatusRuntimeException: UNAVAILABLE: io exception
	at org.apache.ratis.thirdparty.io.grpc.stub.ClientCalls.toStatusRuntimeException(ClientCalls.java:233)
	at org.apache.ratis.thirdparty.io.grpc.stub.ClientCalls.getUnchecked(ClientCalls.java:214)
	at org.apache.ratis.thirdparty.io.grpc.stub.ClientCalls.blockingUnaryCall(ClientCalls.java:139)
	at org.apache.ratis.proto.grpc.RaftServerProtocolServiceGrpc$RaftServerProtocolServiceBlockingStub.requestVote(RaftServerProtocolServiceGrpc.java:265)
	at org.apache.ratis.grpc.server.GrpcServerProtocolClient.requestVote(GrpcServerProtocolClient.java:83)
	at org.apache.ratis.grpc.server.GrpcService.requestVote(GrpcService.java:195)
	at org.apache.ratis.server.impl.LeaderElection.lambda$submitRequests$1(LeaderElection.java:237)
	at java.util.concurrent.FutureTask.run(FutureTask.java:266)
	at java.util.concurrent.Executors$RunnableAdapter.call(Executors.java:511)
	at java.util.concurrent.FutureTask.run(FutureTask.java:266)
	at java.util.concurrent.ThreadPoolExecutor.runWorker(ThreadPoolExecutor.java:1149)
	at java.util.concurrent.ThreadPoolExecutor$Worker.run(ThreadPoolExecutor.java:624)
	... 1 more
Caused by: org.apache.ratis.thirdparty.io.netty.channel.AbstractChannel$AnnotatedConnectException: Connection refused: /192.168.69.102:33628
	at sun.nio.ch.SocketChannelImpl.checkConnect(Native Method)
	at sun.nio.ch.SocketChannelImpl.finishConnect(SocketChannelImpl.java:717)
	at org.apache.ratis.thirdparty.io.netty.channel.socket.nio.NioSocketChannel.doFinishConnect(NioSocketChannel.java:327)
	at org.apache.ratis.thirdparty.io.netty.channel.nio.AbstractNioChannel$AbstractNioUnsafe.finishConnect(AbstractNioChannel.java:340)
	at org.apache.ratis.thirdparty.io.netty.channel.nio.NioEventLoop.processSelectedKey(NioEventLoop.java:632)
	at org.apache.ratis.thirdparty.io.netty.channel.nio.NioEventLoop.processSelectedKeysOptimized(NioEventLoop.java:579)
	at org.apache.ratis.thirdparty.io.netty.channel.nio.NioEventLoop.processSelectedKeys(NioEventLoop.java:496)
	at org.apache.ratis.thirdparty.io.netty.channel.nio.NioEventLoop.run(NioEventLoop.java:458)
	at org.apache.ratis.thirdparty.io.netty.util.concurrent.SingleThreadEventExecutor$5.run(SingleThreadEventExecutor.java:897)
	at org.apache.ratis.thirdparty.io.netty.util.concurrent.FastThreadLocalRunnable.run(FastThreadLocalRunnable.java:30)
	... 1 more
Caused by: java.net.ConnectException: Connection refused
	... 11 more
2019-08-28 18:53:43,380 [8e467a3f-4a15-4133-b9dc-29f72d763c9b:group-E16EF6B83B8D:LeaderElection21] INFO  impl.LeaderElection (LogUtils.java:infoOrTrace(149)) - 8e467a3f-4a15-4133-b9dc-29f72d763c9b:group-E16EF6B83B8D:LeaderElection21 got exception when requesting votes: {}
java.util.concurrent.ExecutionException: org.apache.ratis.thirdparty.io.grpc.StatusRuntimeException: UNAVAILABLE: io exception
	at java.util.concurrent.FutureTask.report(FutureTask.java:122)
	at java.util.concurrent.FutureTask.get(FutureTask.java:192)
	at org.apache.ratis.server.impl.LeaderElection.waitForResults(LeaderElection.java:262)
	at org.apache.ratis.server.impl.LeaderElection.askForVotes(LeaderElection.java:200)
	at org.apache.ratis.server.impl.LeaderElection.run(LeaderElection.java:130)
	at java.lang.Thread.run(Thread.java:748)
Caused by: org.apache.ratis.thirdparty.io.grpc.StatusRuntimeException: UNAVAILABLE: io exception
	at org.apache.ratis.thirdparty.io.grpc.stub.ClientCalls.toStatusRuntimeException(ClientCalls.java:233)
	at org.apache.ratis.thirdparty.io.grpc.stub.ClientCalls.getUnchecked(ClientCalls.java:214)
	at org.apache.ratis.thirdparty.io.grpc.stub.ClientCalls.blockingUnaryCall(ClientCalls.java:139)
	at org.apache.ratis.proto.grpc.RaftServerProtocolServiceGrpc$RaftServerProtocolServiceBlockingStub.requestVote(RaftServerProtocolServiceGrpc.java:265)
	at org.apache.ratis.grpc.server.GrpcServerProtocolClient.requestVote(GrpcServerProtocolClient.java:83)
	at org.apache.ratis.grpc.server.GrpcService.requestVote(GrpcService.java:195)
	at org.apache.ratis.server.impl.LeaderElection.lambda$submitRequests$1(LeaderElection.java:237)
	at java.util.concurrent.FutureTask.run(FutureTask.java:266)
	at java.util.concurrent.Executors$RunnableAdapter.call(Executors.java:511)
	at java.util.concurrent.FutureTask.run(FutureTask.java:266)
	at java.util.concurrent.ThreadPoolExecutor.runWorker(ThreadPoolExecutor.java:1149)
	at java.util.concurrent.ThreadPoolExecutor$Worker.run(ThreadPoolExecutor.java:624)
	... 1 more
Caused by: org.apache.ratis.thirdparty.io.netty.channel.AbstractChannel$AnnotatedConnectException: Connection refused: /192.168.69.102:45684
	at sun.nio.ch.SocketChannelImpl.checkConnect(Native Method)
	at sun.nio.ch.SocketChannelImpl.finishConnect(SocketChannelImpl.java:717)
	at org.apache.ratis.thirdparty.io.netty.channel.socket.nio.NioSocketChannel.doFinishConnect(NioSocketChannel.java:327)
	at org.apache.ratis.thirdparty.io.netty.channel.nio.AbstractNioChannel$AbstractNioUnsafe.finishConnect(AbstractNioChannel.java:340)
	at org.apache.ratis.thirdparty.io.netty.channel.nio.NioEventLoop.processSelectedKey(NioEventLoop.java:632)
	at org.apache.ratis.thirdparty.io.netty.channel.nio.NioEventLoop.processSelectedKeysOptimized(NioEventLoop.java:579)
	at org.apache.ratis.thirdparty.io.netty.channel.nio.NioEventLoop.processSelectedKeys(NioEventLoop.java:496)
	at org.apache.ratis.thirdparty.io.netty.channel.nio.NioEventLoop.run(NioEventLoop.java:458)
	at org.apache.ratis.thirdparty.io.netty.util.concurrent.SingleThreadEventExecutor$5.run(SingleThreadEventExecutor.java:897)
	at org.apache.ratis.thirdparty.io.netty.util.concurrent.FastThreadLocalRunnable.run(FastThreadLocalRunnable.java:30)
	... 1 more
Caused by: java.net.ConnectException: Connection refused
	... 11 more
2019-08-28 18:53:43,382 [8e467a3f-4a15-4133-b9dc-29f72d763c9b:group-E16EF6B83B8D:LeaderElection21] INFO  impl.LeaderElection (LeaderElection.java:logAndReturn(56)) - 8e467a3f-4a15-4133-b9dc-29f72d763c9b:group-E16EF6B83B8D:LeaderElection21: Election REJECTED; received 0 response(s) [] and 2 exception(s); 8e467a3f-4a15-4133-b9dc-29f72d763c9b:t9, leader=null, voted=8e467a3f-4a15-4133-b9dc-29f72d763c9b, raftlog=8e467a3f-4a15-4133-b9dc-29f72d763c9b-SegmentedRaftLog:OPENED:c15,f15,i15, conf=0: [8e467a3f-4a15-4133-b9dc-29f72d763c9b:192.168.69.102:32993, ee626ce8-1972-4fe0-bbbc-07baa9e228a9:192.168.69.102:33628, 79e7307e-2f03-4236-add7-13e1eabe57b5:192.168.69.102:45684], old=null
2019-08-28 18:53:43,382 [8e467a3f-4a15-4133-b9dc-29f72d763c9b:group-E16EF6B83B8D:LeaderElection21] INFO  impl.LeaderElection (LogUtils.java:infoOrTrace(149)) -   Exception 0: {}
java.util.concurrent.ExecutionException: org.apache.ratis.thirdparty.io.grpc.StatusRuntimeException: UNAVAILABLE: io exception
	at java.util.concurrent.FutureTask.report(FutureTask.java:122)
	at java.util.concurrent.FutureTask.get(FutureTask.java:192)
	at org.apache.ratis.server.impl.LeaderElection.waitForResults(LeaderElection.java:262)
	at org.apache.ratis.server.impl.LeaderElection.askForVotes(LeaderElection.java:200)
	at org.apache.ratis.server.impl.LeaderElection.run(LeaderElection.java:130)
	at java.lang.Thread.run(Thread.java:748)
Caused by: org.apache.ratis.thirdparty.io.grpc.StatusRuntimeException: UNAVAILABLE: io exception
	at org.apache.ratis.thirdparty.io.grpc.stub.ClientCalls.toStatusRuntimeException(ClientCalls.java:233)
	at org.apache.ratis.thirdparty.io.grpc.stub.ClientCalls.getUnchecked(ClientCalls.java:214)
	at org.apache.ratis.thirdparty.io.grpc.stub.ClientCalls.blockingUnaryCall(ClientCalls.java:139)
	at org.apache.ratis.proto.grpc.RaftServerProtocolServiceGrpc$RaftServerProtocolServiceBlockingStub.requestVote(RaftServerProtocolServiceGrpc.java:265)
	at org.apache.ratis.grpc.server.GrpcServerProtocolClient.requestVote(GrpcServerProtocolClient.java:83)
	at org.apache.ratis.grpc.server.GrpcService.requestVote(GrpcService.java:195)
	at org.apache.ratis.server.impl.LeaderElection.lambda$submitRequests$1(LeaderElection.java:237)
	at java.util.concurrent.FutureTask.run(FutureTask.java:266)
	at java.util.concurrent.Executors$RunnableAdapter.call(Executors.java:511)
	at java.util.concurrent.FutureTask.run(FutureTask.java:266)
	at java.util.concurrent.ThreadPoolExecutor.runWorker(ThreadPoolExecutor.java:1149)
	at java.util.concurrent.ThreadPoolExecutor$Worker.run(ThreadPoolExecutor.java:624)
	... 1 more
Caused by: org.apache.ratis.thirdparty.io.netty.channel.AbstractChannel$AnnotatedConnectException: Connection refused: /192.168.69.102:33628
	at sun.nio.ch.SocketChannelImpl.checkConnect(Native Method)
	at sun.nio.ch.SocketChannelImpl.finishConnect(SocketChannelImpl.java:717)
	at org.apache.ratis.thirdparty.io.netty.channel.socket.nio.NioSocketChannel.doFinishConnect(NioSocketChannel.java:327)
	at org.apache.ratis.thirdparty.io.netty.channel.nio.AbstractNioChannel$AbstractNioUnsafe.finishConnect(AbstractNioChannel.java:340)
	at org.apache.ratis.thirdparty.io.netty.channel.nio.NioEventLoop.processSelectedKey(NioEventLoop.java:632)
	at org.apache.ratis.thirdparty.io.netty.channel.nio.NioEventLoop.processSelectedKeysOptimized(NioEventLoop.java:579)
	at org.apache.ratis.thirdparty.io.netty.channel.nio.NioEventLoop.processSelectedKeys(NioEventLoop.java:496)
	at org.apache.ratis.thirdparty.io.netty.channel.nio.NioEventLoop.run(NioEventLoop.java:458)
	at org.apache.ratis.thirdparty.io.netty.util.concurrent.SingleThreadEventExecutor$5.run(SingleThreadEventExecutor.java:897)
	at org.apache.ratis.thirdparty.io.netty.util.concurrent.FastThreadLocalRunnable.run(FastThreadLocalRunnable.java:30)
	... 1 more
Caused by: java.net.ConnectException: Connection refused
	... 11 more
2019-08-28 18:53:43,383 [8e467a3f-4a15-4133-b9dc-29f72d763c9b:group-E16EF6B83B8D:LeaderElection21] INFO  impl.LeaderElection (LogUtils.java:infoOrTrace(149)) -   Exception 1: {}
java.util.concurrent.ExecutionException: org.apache.ratis.thirdparty.io.grpc.StatusRuntimeException: UNAVAILABLE: io exception
	at java.util.concurrent.FutureTask.report(FutureTask.java:122)
	at java.util.concurrent.FutureTask.get(FutureTask.java:192)
	at org.apache.ratis.server.impl.LeaderElection.waitForResults(LeaderElection.java:262)
	at org.apache.ratis.server.impl.LeaderElection.askForVotes(LeaderElection.java:200)
	at org.apache.ratis.server.impl.LeaderElection.run(LeaderElection.java:130)
	at java.lang.Thread.run(Thread.java:748)
Caused by: org.apache.ratis.thirdparty.io.grpc.StatusRuntimeException: UNAVAILABLE: io exception
	at org.apache.ratis.thirdparty.io.grpc.stub.ClientCalls.toStatusRuntimeException(ClientCalls.java:233)
	at org.apache.ratis.thirdparty.io.grpc.stub.ClientCalls.getUnchecked(ClientCalls.java:214)
	at org.apache.ratis.thirdparty.io.grpc.stub.ClientCalls.blockingUnaryCall(ClientCalls.java:139)
	at org.apache.ratis.proto.grpc.RaftServerProtocolServiceGrpc$RaftServerProtocolServiceBlockingStub.requestVote(RaftServerProtocolServiceGrpc.java:265)
	at org.apache.ratis.grpc.server.GrpcServerProtocolClient.requestVote(GrpcServerProtocolClient.java:83)
	at org.apache.ratis.grpc.server.GrpcService.requestVote(GrpcService.java:195)
	at org.apache.ratis.server.impl.LeaderElection.lambda$submitRequests$1(LeaderElection.java:237)
	at java.util.concurrent.FutureTask.run(FutureTask.java:266)
	at java.util.concurrent.Executors$RunnableAdapter.call(Executors.java:511)
	at java.util.concurrent.FutureTask.run(FutureTask.java:266)
	at java.util.concurrent.ThreadPoolExecutor.runWorker(ThreadPoolExecutor.java:1149)
	at java.util.concurrent.ThreadPoolExecutor$Worker.run(ThreadPoolExecutor.java:624)
	... 1 more
Caused by: org.apache.ratis.thirdparty.io.netty.channel.AbstractChannel$AnnotatedConnectException: Connection refused: /192.168.69.102:45684
	at sun.nio.ch.SocketChannelImpl.checkConnect(Native Method)
	at sun.nio.ch.SocketChannelImpl.finishConnect(SocketChannelImpl.java:717)
	at org.apache.ratis.thirdparty.io.netty.channel.socket.nio.NioSocketChannel.doFinishConnect(NioSocketChannel.java:327)
	at org.apache.ratis.thirdparty.io.netty.channel.nio.AbstractNioChannel$AbstractNioUnsafe.finishConnect(AbstractNioChannel.java:340)
	at org.apache.ratis.thirdparty.io.netty.channel.nio.NioEventLoop.processSelectedKey(NioEventLoop.java:632)
	at org.apache.ratis.thirdparty.io.netty.channel.nio.NioEventLoop.processSelectedKeysOptimized(NioEventLoop.java:579)
	at org.apache.ratis.thirdparty.io.netty.channel.nio.NioEventLoop.processSelectedKeys(NioEventLoop.java:496)
	at org.apache.ratis.thirdparty.io.netty.channel.nio.NioEventLoop.run(NioEventLoop.java:458)
	at org.apache.ratis.thirdparty.io.netty.util.concurrent.SingleThreadEventExecutor$5.run(SingleThreadEventExecutor.java:897)
	at org.apache.ratis.thirdparty.io.netty.util.concurrent.FastThreadLocalRunnable.run(FastThreadLocalRunnable.java:30)
	... 1 more
Caused by: java.net.ConnectException: Connection refused
	... 11 more
2019-08-28 18:53:43,383 [8e467a3f-4a15-4133-b9dc-29f72d763c9b:group-E16EF6B83B8D:LeaderElection21] INFO  impl.RaftServerImpl (RaftServerImpl.java:setRole(171)) - 8e467a3f-4a15-4133-b9dc-29f72d763c9b:group-E16EF6B83B8D changes role from CANDIDATE to FOLLOWER at term 9 for DISCOVERED_A_NEW_TERM
2019-08-28 18:53:43,385 [8e467a3f-4a15-4133-b9dc-29f72d763c9b:group-E16EF6B83B8D:LeaderElection21] INFO  impl.RoleInfo (RoleInfo.java:shutdownLeaderElection(134)) - 8e467a3f-4a15-4133-b9dc-29f72d763c9b: shutdown LeaderElection
2019-08-28 18:53:43,385 [8e467a3f-4a15-4133-b9dc-29f72d763c9b:group-E16EF6B83B8D:LeaderElection21] INFO  impl.RoleInfo (RoleInfo.java:updateAndGet(143)) - 8e467a3f-4a15-4133-b9dc-29f72d763c9b: start FollowerState
2019-08-28 18:53:43,614 | INFO  | SCMAudit | user=jenkins1000 | ip=192.168.69.102 | op=SEND_HEARTBEAT {datanodeUUID=0ec50947-c54d-40fe-a729-b0855dad3f0a, command=[]} | ret=SUCCESS |  
2019-08-28 18:53:43,759 | INFO  | SCMAudit | user=jenkins1000 | ip=192.168.69.102 | op=SEND_HEARTBEAT {datanodeUUID=2c9db6f5-ae6c-456e-aac1-300011bebd0b, command=[]} | ret=SUCCESS |  
2019-08-28 18:53:43,867 | INFO  | SCMAudit | user=jenkins1000 | ip=192.168.69.102 | op=SEND_HEARTBEAT {datanodeUUID=f785551e-a0af-487c-a25a-ff90660b7a23, command=[]} | ret=SUCCESS |  
2019-08-28 18:53:44,025 | INFO  | SCMAudit | user=jenkins1000 | ip=192.168.69.102 | op=SEND_HEARTBEAT {datanodeUUID=8e467a3f-4a15-4133-b9dc-29f72d763c9b, command=[]} | ret=SUCCESS |  
2019-08-28 18:53:44,056 | INFO  | SCMAudit | user=jenkins1000 | ip=192.168.69.102 | op=SEND_HEARTBEAT {datanodeUUID=3fdab9ea-6680-47f1-aded-4d496f7ecd01, command=[]} | ret=SUCCESS |  
2019-08-28 18:53:44,613 | INFO  | SCMAudit | user=jenkins1000 | ip=192.168.69.102 | op=SEND_HEARTBEAT {datanodeUUID=0ec50947-c54d-40fe-a729-b0855dad3f0a, command=[]} | ret=SUCCESS |  
2019-08-28 18:53:44,760 | INFO  | SCMAudit | user=jenkins1000 | ip=192.168.69.102 | op=SEND_HEARTBEAT {datanodeUUID=2c9db6f5-ae6c-456e-aac1-300011bebd0b, command=[]} | ret=SUCCESS |  
2019-08-28 18:53:44,868 | INFO  | SCMAudit | user=jenkins1000 | ip=192.168.69.102 | op=SEND_HEARTBEAT {datanodeUUID=f785551e-a0af-487c-a25a-ff90660b7a23, command=[]} | ret=SUCCESS |  
2019-08-28 18:53:45,026 | INFO  | SCMAudit | user=jenkins1000 | ip=192.168.69.102 | op=SEND_HEARTBEAT {datanodeUUID=8e467a3f-4a15-4133-b9dc-29f72d763c9b, command=[]} | ret=SUCCESS |  
2019-08-28 18:53:45,055 | INFO  | SCMAudit | user=jenkins1000 | ip=192.168.69.102 | op=SEND_HEARTBEAT {datanodeUUID=3fdab9ea-6680-47f1-aded-4d496f7ecd01, command=[]} | ret=SUCCESS |  
2019-08-28 18:53:45,614 | INFO  | SCMAudit | user=jenkins1000 | ip=192.168.69.102 | op=SEND_HEARTBEAT {datanodeUUID=0ec50947-c54d-40fe-a729-b0855dad3f0a, command=[]} | ret=SUCCESS |  
2019-08-28 18:53:45,760 | INFO  | SCMAudit | user=jenkins1000 | ip=192.168.69.102 | op=SEND_HEARTBEAT {datanodeUUID=2c9db6f5-ae6c-456e-aac1-300011bebd0b, command=[]} | ret=SUCCESS |  
2019-08-28 18:53:45,867 | INFO  | SCMAudit | user=jenkins1000 | ip=192.168.69.102 | op=SEND_HEARTBEAT {datanodeUUID=f785551e-a0af-487c-a25a-ff90660b7a23, command=[]} | ret=SUCCESS |  
2019-08-28 18:53:46,026 | INFO  | SCMAudit | user=jenkins1000 | ip=192.168.69.102 | op=SEND_HEARTBEAT {datanodeUUID=8e467a3f-4a15-4133-b9dc-29f72d763c9b, command=[]} | ret=SUCCESS |  
2019-08-28 18:53:46,055 | INFO  | SCMAudit | user=jenkins1000 | ip=192.168.69.102 | op=SEND_HEARTBEAT {datanodeUUID=3fdab9ea-6680-47f1-aded-4d496f7ecd01, command=[]} | ret=SUCCESS |  
2019-08-28 18:53:46,614 | INFO  | SCMAudit | user=jenkins1000 | ip=192.168.69.102 | op=SEND_HEARTBEAT {datanodeUUID=0ec50947-c54d-40fe-a729-b0855dad3f0a, command=[]} | ret=SUCCESS |  
2019-08-28 18:53:46,665 [grpc-default-executor-5] INFO  client.GrpcClientProtocolClient (GrpcClientProtocolClient.java:onNext(255)) - client-6EA2DE053EDA->8e467a3f-4a15-4133-b9dc-29f72d763c9b: receive RaftClientReply:client-6EA2DE053EDA->8e467a3f-4a15-4133-b9dc-29f72d763c9b@group-E16EF6B83B8D, cid=22, FAILED org.apache.ratis.protocol.NotLeaderException: Server 8e467a3f-4a15-4133-b9dc-29f72d763c9b is not the leader (null). Request must be sent to leader., logIndex=0, commits[8e467a3f-4a15-4133-b9dc-29f72d763c9b:c15, ee626ce8-1972-4fe0-bbbc-07baa9e228a9:c15, 79e7307e-2f03-4236-add7-13e1eabe57b5:c15]
2019-08-28 18:53:46,760 | INFO  | SCMAudit | user=jenkins1000 | ip=192.168.69.102 | op=SEND_HEARTBEAT {datanodeUUID=2c9db6f5-ae6c-456e-aac1-300011bebd0b, command=[]} | ret=SUCCESS |  
2019-08-28 18:53:46,867 | INFO  | SCMAudit | user=jenkins1000 | ip=192.168.69.102 | op=SEND_HEARTBEAT {datanodeUUID=f785551e-a0af-487c-a25a-ff90660b7a23, command=[]} | ret=SUCCESS |  
2019-08-28 18:53:47,027 | INFO  | SCMAudit | user=jenkins1000 | ip=192.168.69.102 | op=SEND_HEARTBEAT {datanodeUUID=8e467a3f-4a15-4133-b9dc-29f72d763c9b, command=[]} | ret=SUCCESS |  
2019-08-28 18:53:47,056 | INFO  | SCMAudit | user=jenkins1000 | ip=192.168.69.102 | op=SEND_HEARTBEAT {datanodeUUID=3fdab9ea-6680-47f1-aded-4d496f7ecd01, command=[]} | ret=SUCCESS |  
2019-08-28 18:53:47,614 | INFO  | SCMAudit | user=jenkins1000 | ip=192.168.69.102 | op=SEND_HEARTBEAT {datanodeUUID=0ec50947-c54d-40fe-a729-b0855dad3f0a, command=[]} | ret=SUCCESS |  
2019-08-28 18:53:47,760 | INFO  | SCMAudit | user=jenkins1000 | ip=192.168.69.102 | op=SEND_HEARTBEAT {datanodeUUID=2c9db6f5-ae6c-456e-aac1-300011bebd0b, command=[]} | ret=SUCCESS |  
2019-08-28 18:53:47,867 | INFO  | SCMAudit | user=jenkins1000 | ip=192.168.69.102 | op=SEND_HEARTBEAT {datanodeUUID=f785551e-a0af-487c-a25a-ff90660b7a23, command=[]} | ret=SUCCESS |  
2019-08-28 18:53:48,027 | INFO  | SCMAudit | user=jenkins1000 | ip=192.168.69.102 | op=SEND_HEARTBEAT {datanodeUUID=8e467a3f-4a15-4133-b9dc-29f72d763c9b, command=[]} | ret=SUCCESS |  
2019-08-28 18:53:48,056 | INFO  | SCMAudit | user=jenkins1000 | ip=192.168.69.102 | op=SEND_HEARTBEAT {datanodeUUID=3fdab9ea-6680-47f1-aded-4d496f7ecd01, command=[]} | ret=SUCCESS |  
2019-08-28 18:53:48,405 [Thread-594] INFO  impl.FollowerState (FollowerState.java:run(106)) - 8e467a3f-4a15-4133-b9dc-29f72d763c9b:group-E16EF6B83B8D changes to CANDIDATE, lastRpcTime:5019, electionTimeout:5018ms
2019-08-28 18:53:48,405 [Thread-594] INFO  impl.RoleInfo (RoleInfo.java:shutdownFollowerState(121)) - 8e467a3f-4a15-4133-b9dc-29f72d763c9b: shutdown FollowerState
2019-08-28 18:53:48,405 [Thread-594] INFO  impl.RaftServerImpl (RaftServerImpl.java:setRole(171)) - 8e467a3f-4a15-4133-b9dc-29f72d763c9b:group-E16EF6B83B8D changes role from FOLLOWER to CANDIDATE at term 9 for changeToCandidate
2019-08-28 18:53:48,406 [Thread-594] INFO  impl.RoleInfo (RoleInfo.java:updateAndGet(143)) - 8e467a3f-4a15-4133-b9dc-29f72d763c9b: start LeaderElection
2019-08-28 18:53:48,446 [8e467a3f-4a15-4133-b9dc-29f72d763c9b:group-E16EF6B83B8D:LeaderElection22] INFO  impl.LeaderElection (LeaderElection.java:askForVotes(181)) - 8e467a3f-4a15-4133-b9dc-29f72d763c9b:group-E16EF6B83B8D:LeaderElection22: begin an election at term 10 for 0: [8e467a3f-4a15-4133-b9dc-29f72d763c9b:192.168.69.102:32993, ee626ce8-1972-4fe0-bbbc-07baa9e228a9:192.168.69.102:33628, 79e7307e-2f03-4236-add7-13e1eabe57b5:192.168.69.102:45684], old=null
2019-08-28 18:53:48,448 [8e467a3f-4a15-4133-b9dc-29f72d763c9b:group-E16EF6B83B8D:LeaderElection22] INFO  impl.LeaderElection (LogUtils.java:infoOrTrace(149)) - 8e467a3f-4a15-4133-b9dc-29f72d763c9b:group-E16EF6B83B8D:LeaderElection22 got exception when requesting votes: {}
java.util.concurrent.ExecutionException: org.apache.ratis.thirdparty.io.grpc.StatusRuntimeException: UNAVAILABLE: io exception
	at java.util.concurrent.FutureTask.report(FutureTask.java:122)
	at java.util.concurrent.FutureTask.get(FutureTask.java:192)
	at org.apache.ratis.server.impl.LeaderElection.waitForResults(LeaderElection.java:262)
	at org.apache.ratis.server.impl.LeaderElection.askForVotes(LeaderElection.java:200)
	at org.apache.ratis.server.impl.LeaderElection.run(LeaderElection.java:130)
	at java.lang.Thread.run(Thread.java:748)
Caused by: org.apache.ratis.thirdparty.io.grpc.StatusRuntimeException: UNAVAILABLE: io exception
	at org.apache.ratis.thirdparty.io.grpc.stub.ClientCalls.toStatusRuntimeException(ClientCalls.java:233)
	at org.apache.ratis.thirdparty.io.grpc.stub.ClientCalls.getUnchecked(ClientCalls.java:214)
	at org.apache.ratis.thirdparty.io.grpc.stub.ClientCalls.blockingUnaryCall(ClientCalls.java:139)
	at org.apache.ratis.proto.grpc.RaftServerProtocolServiceGrpc$RaftServerProtocolServiceBlockingStub.requestVote(RaftServerProtocolServiceGrpc.java:265)
	at org.apache.ratis.grpc.server.GrpcServerProtocolClient.requestVote(GrpcServerProtocolClient.java:83)
	at org.apache.ratis.grpc.server.GrpcService.requestVote(GrpcService.java:195)
	at org.apache.ratis.server.impl.LeaderElection.lambda$submitRequests$1(LeaderElection.java:237)
	at java.util.concurrent.FutureTask.run(FutureTask.java:266)
	at java.util.concurrent.Executors$RunnableAdapter.call(Executors.java:511)
	at java.util.concurrent.FutureTask.run(FutureTask.java:266)
	at java.util.concurrent.ThreadPoolExecutor.runWorker(ThreadPoolExecutor.java:1149)
	at java.util.concurrent.ThreadPoolExecutor$Worker.run(ThreadPoolExecutor.java:624)
	... 1 more
Caused by: org.apache.ratis.thirdparty.io.netty.channel.AbstractChannel$AnnotatedConnectException: Connection refused: /192.168.69.102:33628
	at sun.nio.ch.SocketChannelImpl.checkConnect(Native Method)
	at sun.nio.ch.SocketChannelImpl.finishConnect(SocketChannelImpl.java:717)
	at org.apache.ratis.thirdparty.io.netty.channel.socket.nio.NioSocketChannel.doFinishConnect(NioSocketChannel.java:327)
	at org.apache.ratis.thirdparty.io.netty.channel.nio.AbstractNioChannel$AbstractNioUnsafe.finishConnect(AbstractNioChannel.java:340)
	at org.apache.ratis.thirdparty.io.netty.channel.nio.NioEventLoop.processSelectedKey(NioEventLoop.java:632)
	at org.apache.ratis.thirdparty.io.netty.channel.nio.NioEventLoop.processSelectedKeysOptimized(NioEventLoop.java:579)
	at org.apache.ratis.thirdparty.io.netty.channel.nio.NioEventLoop.processSelectedKeys(NioEventLoop.java:496)
	at org.apache.ratis.thirdparty.io.netty.channel.nio.NioEventLoop.run(NioEventLoop.java:458)
	at org.apache.ratis.thirdparty.io.netty.util.concurrent.SingleThreadEventExecutor$5.run(SingleThreadEventExecutor.java:897)
	at org.apache.ratis.thirdparty.io.netty.util.concurrent.FastThreadLocalRunnable.run(FastThreadLocalRunnable.java:30)
	... 1 more
Caused by: java.net.ConnectException: Connection refused
	... 11 more
2019-08-28 18:53:48,451 [8e467a3f-4a15-4133-b9dc-29f72d763c9b:group-E16EF6B83B8D:LeaderElection22] INFO  impl.LeaderElection (LogUtils.java:infoOrTrace(149)) - 8e467a3f-4a15-4133-b9dc-29f72d763c9b:group-E16EF6B83B8D:LeaderElection22 got exception when requesting votes: {}
java.util.concurrent.ExecutionException: org.apache.ratis.thirdparty.io.grpc.StatusRuntimeException: UNAVAILABLE: io exception
	at java.util.concurrent.FutureTask.report(FutureTask.java:122)
	at java.util.concurrent.FutureTask.get(FutureTask.java:192)
	at org.apache.ratis.server.impl.LeaderElection.waitForResults(LeaderElection.java:262)
	at org.apache.ratis.server.impl.LeaderElection.askForVotes(LeaderElection.java:200)
	at org.apache.ratis.server.impl.LeaderElection.run(LeaderElection.java:130)
	at java.lang.Thread.run(Thread.java:748)
Caused by: org.apache.ratis.thirdparty.io.grpc.StatusRuntimeException: UNAVAILABLE: io exception
	at org.apache.ratis.thirdparty.io.grpc.stub.ClientCalls.toStatusRuntimeException(ClientCalls.java:233)
	at org.apache.ratis.thirdparty.io.grpc.stub.ClientCalls.getUnchecked(ClientCalls.java:214)
	at org.apache.ratis.thirdparty.io.grpc.stub.ClientCalls.blockingUnaryCall(ClientCalls.java:139)
	at org.apache.ratis.proto.grpc.RaftServerProtocolServiceGrpc$RaftServerProtocolServiceBlockingStub.requestVote(RaftServerProtocolServiceGrpc.java:265)
	at org.apache.ratis.grpc.server.GrpcServerProtocolClient.requestVote(GrpcServerProtocolClient.java:83)
	at org.apache.ratis.grpc.server.GrpcService.requestVote(GrpcService.java:195)
	at org.apache.ratis.server.impl.LeaderElection.lambda$submitRequests$1(LeaderElection.java:237)
	at java.util.concurrent.FutureTask.run(FutureTask.java:266)
	at java.util.concurrent.Executors$RunnableAdapter.call(Executors.java:511)
	at java.util.concurrent.FutureTask.run(FutureTask.java:266)
	at java.util.concurrent.ThreadPoolExecutor.runWorker(ThreadPoolExecutor.java:1149)
	at java.util.concurrent.ThreadPoolExecutor$Worker.run(ThreadPoolExecutor.java:624)
	... 1 more
Caused by: org.apache.ratis.thirdparty.io.netty.channel.AbstractChannel$AnnotatedConnectException: Connection refused: /192.168.69.102:45684
	at sun.nio.ch.SocketChannelImpl.checkConnect(Native Method)
	at sun.nio.ch.SocketChannelImpl.finishConnect(SocketChannelImpl.java:717)
	at org.apache.ratis.thirdparty.io.netty.channel.socket.nio.NioSocketChannel.doFinishConnect(NioSocketChannel.java:327)
	at org.apache.ratis.thirdparty.io.netty.channel.nio.AbstractNioChannel$AbstractNioUnsafe.finishConnect(AbstractNioChannel.java:340)
	at org.apache.ratis.thirdparty.io.netty.channel.nio.NioEventLoop.processSelectedKey(NioEventLoop.java:632)
	at org.apache.ratis.thirdparty.io.netty.channel.nio.NioEventLoop.processSelectedKeysOptimized(NioEventLoop.java:579)
	at org.apache.ratis.thirdparty.io.netty.channel.nio.NioEventLoop.processSelectedKeys(NioEventLoop.java:496)
	at org.apache.ratis.thirdparty.io.netty.channel.nio.NioEventLoop.run(NioEventLoop.java:458)
	at org.apache.ratis.thirdparty.io.netty.util.concurrent.SingleThreadEventExecutor$5.run(SingleThreadEventExecutor.java:897)
	at org.apache.ratis.thirdparty.io.netty.util.concurrent.FastThreadLocalRunnable.run(FastThreadLocalRunnable.java:30)
	... 1 more
Caused by: java.net.ConnectException: Connection refused
	... 11 more
2019-08-28 18:53:48,454 [8e467a3f-4a15-4133-b9dc-29f72d763c9b:group-E16EF6B83B8D:LeaderElection22] INFO  impl.LeaderElection (LeaderElection.java:logAndReturn(56)) - 8e467a3f-4a15-4133-b9dc-29f72d763c9b:group-E16EF6B83B8D:LeaderElection22: Election REJECTED; received 0 response(s) [] and 2 exception(s); 8e467a3f-4a15-4133-b9dc-29f72d763c9b:t10, leader=null, voted=8e467a3f-4a15-4133-b9dc-29f72d763c9b, raftlog=8e467a3f-4a15-4133-b9dc-29f72d763c9b-SegmentedRaftLog:OPENED:c15,f15,i15, conf=0: [8e467a3f-4a15-4133-b9dc-29f72d763c9b:192.168.69.102:32993, ee626ce8-1972-4fe0-bbbc-07baa9e228a9:192.168.69.102:33628, 79e7307e-2f03-4236-add7-13e1eabe57b5:192.168.69.102:45684], old=null
2019-08-28 18:53:48,454 [8e467a3f-4a15-4133-b9dc-29f72d763c9b:group-E16EF6B83B8D:LeaderElection22] INFO  impl.LeaderElection (LogUtils.java:infoOrTrace(149)) -   Exception 0: {}
java.util.concurrent.ExecutionException: org.apache.ratis.thirdparty.io.grpc.StatusRuntimeException: UNAVAILABLE: io exception
	at java.util.concurrent.FutureTask.report(FutureTask.java:122)
	at java.util.concurrent.FutureTask.get(FutureTask.java:192)
	at org.apache.ratis.server.impl.LeaderElection.waitForResults(LeaderElection.java:262)
	at org.apache.ratis.server.impl.LeaderElection.askForVotes(LeaderElection.java:200)
	at org.apache.ratis.server.impl.LeaderElection.run(LeaderElection.java:130)
	at java.lang.Thread.run(Thread.java:748)
Caused by: org.apache.ratis.thirdparty.io.grpc.StatusRuntimeException: UNAVAILABLE: io exception
	at org.apache.ratis.thirdparty.io.grpc.stub.ClientCalls.toStatusRuntimeException(ClientCalls.java:233)
	at org.apache.ratis.thirdparty.io.grpc.stub.ClientCalls.getUnchecked(ClientCalls.java:214)
	at org.apache.ratis.thirdparty.io.grpc.stub.ClientCalls.blockingUnaryCall(ClientCalls.java:139)
	at org.apache.ratis.proto.grpc.RaftServerProtocolServiceGrpc$RaftServerProtocolServiceBlockingStub.requestVote(RaftServerProtocolServiceGrpc.java:265)
	at org.apache.ratis.grpc.server.GrpcServerProtocolClient.requestVote(GrpcServerProtocolClient.java:83)
	at org.apache.ratis.grpc.server.GrpcService.requestVote(GrpcService.java:195)
	at org.apache.ratis.server.impl.LeaderElection.lambda$submitRequests$1(LeaderElection.java:237)
	at java.util.concurrent.FutureTask.run(FutureTask.java:266)
	at java.util.concurrent.Executors$RunnableAdapter.call(Executors.java:511)
	at java.util.concurrent.FutureTask.run(FutureTask.java:266)
	at java.util.concurrent.ThreadPoolExecutor.runWorker(ThreadPoolExecutor.java:1149)
	at java.util.concurrent.ThreadPoolExecutor$Worker.run(ThreadPoolExecutor.java:624)
	... 1 more
Caused by: org.apache.ratis.thirdparty.io.netty.channel.AbstractChannel$AnnotatedConnectException: Connection refused: /192.168.69.102:33628
	at sun.nio.ch.SocketChannelImpl.checkConnect(Native Method)
	at sun.nio.ch.SocketChannelImpl.finishConnect(SocketChannelImpl.java:717)
	at org.apache.ratis.thirdparty.io.netty.channel.socket.nio.NioSocketChannel.doFinishConnect(NioSocketChannel.java:327)
	at org.apache.ratis.thirdparty.io.netty.channel.nio.AbstractNioChannel$AbstractNioUnsafe.finishConnect(AbstractNioChannel.java:340)
	at org.apache.ratis.thirdparty.io.netty.channel.nio.NioEventLoop.processSelectedKey(NioEventLoop.java:632)
	at org.apache.ratis.thirdparty.io.netty.channel.nio.NioEventLoop.processSelectedKeysOptimized(NioEventLoop.java:579)
	at org.apache.ratis.thirdparty.io.netty.channel.nio.NioEventLoop.processSelectedKeys(NioEventLoop.java:496)
	at org.apache.ratis.thirdparty.io.netty.channel.nio.NioEventLoop.run(NioEventLoop.java:458)
	at org.apache.ratis.thirdparty.io.netty.util.concurrent.SingleThreadEventExecutor$5.run(SingleThreadEventExecutor.java:897)
	at org.apache.ratis.thirdparty.io.netty.util.concurrent.FastThreadLocalRunnable.run(FastThreadLocalRunnable.java:30)
	... 1 more
Caused by: java.net.ConnectException: Connection refused
	... 11 more
2019-08-28 18:53:48,455 [8e467a3f-4a15-4133-b9dc-29f72d763c9b:group-E16EF6B83B8D:LeaderElection22] INFO  impl.LeaderElection (LogUtils.java:infoOrTrace(149)) -   Exception 1: {}
java.util.concurrent.ExecutionException: org.apache.ratis.thirdparty.io.grpc.StatusRuntimeException: UNAVAILABLE: io exception
	at java.util.concurrent.FutureTask.report(FutureTask.java:122)
	at java.util.concurrent.FutureTask.get(FutureTask.java:192)
	at org.apache.ratis.server.impl.LeaderElection.waitForResults(LeaderElection.java:262)
	at org.apache.ratis.server.impl.LeaderElection.askForVotes(LeaderElection.java:200)
	at org.apache.ratis.server.impl.LeaderElection.run(LeaderElection.java:130)
	at java.lang.Thread.run(Thread.java:748)
Caused by: org.apache.ratis.thirdparty.io.grpc.StatusRuntimeException: UNAVAILABLE: io exception
	at org.apache.ratis.thirdparty.io.grpc.stub.ClientCalls.toStatusRuntimeException(ClientCalls.java:233)
	at org.apache.ratis.thirdparty.io.grpc.stub.ClientCalls.getUnchecked(ClientCalls.java:214)
	at org.apache.ratis.thirdparty.io.grpc.stub.ClientCalls.blockingUnaryCall(ClientCalls.java:139)
	at org.apache.ratis.proto.grpc.RaftServerProtocolServiceGrpc$RaftServerProtocolServiceBlockingStub.requestVote(RaftServerProtocolServiceGrpc.java:265)
	at org.apache.ratis.grpc.server.GrpcServerProtocolClient.requestVote(GrpcServerProtocolClient.java:83)
	at org.apache.ratis.grpc.server.GrpcService.requestVote(GrpcService.java:195)
	at org.apache.ratis.server.impl.LeaderElection.lambda$submitRequests$1(LeaderElection.java:237)
	at java.util.concurrent.FutureTask.run(FutureTask.java:266)
	at java.util.concurrent.Executors$RunnableAdapter.call(Executors.java:511)
	at java.util.concurrent.FutureTask.run(FutureTask.java:266)
	at java.util.concurrent.ThreadPoolExecutor.runWorker(ThreadPoolExecutor.java:1149)
	at java.util.concurrent.ThreadPoolExecutor$Worker.run(ThreadPoolExecutor.java:624)
	... 1 more
Caused by: org.apache.ratis.thirdparty.io.netty.channel.AbstractChannel$AnnotatedConnectException: Connection refused: /192.168.69.102:45684
	at sun.nio.ch.SocketChannelImpl.checkConnect(Native Method)
	at sun.nio.ch.SocketChannelImpl.finishConnect(SocketChannelImpl.java:717)
	at org.apache.ratis.thirdparty.io.netty.channel.socket.nio.NioSocketChannel.doFinishConnect(NioSocketChannel.java:327)
	at org.apache.ratis.thirdparty.io.netty.channel.nio.AbstractNioChannel$AbstractNioUnsafe.finishConnect(AbstractNioChannel.java:340)
	at org.apache.ratis.thirdparty.io.netty.channel.nio.NioEventLoop.processSelectedKey(NioEventLoop.java:632)
	at org.apache.ratis.thirdparty.io.netty.channel.nio.NioEventLoop.processSelectedKeysOptimized(NioEventLoop.java:579)
	at org.apache.ratis.thirdparty.io.netty.channel.nio.NioEventLoop.processSelectedKeys(NioEventLoop.java:496)
	at org.apache.ratis.thirdparty.io.netty.channel.nio.NioEventLoop.run(NioEventLoop.java:458)
	at org.apache.ratis.thirdparty.io.netty.util.concurrent.SingleThreadEventExecutor$5.run(SingleThreadEventExecutor.java:897)
	at org.apache.ratis.thirdparty.io.netty.util.concurrent.FastThreadLocalRunnable.run(FastThreadLocalRunnable.java:30)
	... 1 more
Caused by: java.net.ConnectException: Connection refused
	... 11 more
2019-08-28 18:53:48,455 [8e467a3f-4a15-4133-b9dc-29f72d763c9b:group-E16EF6B83B8D:LeaderElection22] INFO  impl.RaftServerImpl (RaftServerImpl.java:setRole(171)) - 8e467a3f-4a15-4133-b9dc-29f72d763c9b:group-E16EF6B83B8D changes role from CANDIDATE to FOLLOWER at term 10 for DISCOVERED_A_NEW_TERM
2019-08-28 18:53:48,464 [8e467a3f-4a15-4133-b9dc-29f72d763c9b:group-E16EF6B83B8D:LeaderElection22] INFO  impl.RoleInfo (RoleInfo.java:shutdownLeaderElection(134)) - 8e467a3f-4a15-4133-b9dc-29f72d763c9b: shutdown LeaderElection
2019-08-28 18:53:48,464 [8e467a3f-4a15-4133-b9dc-29f72d763c9b:group-E16EF6B83B8D:LeaderElection22] INFO  impl.RoleInfo (RoleInfo.java:updateAndGet(143)) - 8e467a3f-4a15-4133-b9dc-29f72d763c9b: start FollowerState
2019-08-28 18:53:48,614 | INFO  | SCMAudit | user=jenkins1000 | ip=192.168.69.102 | op=SEND_HEARTBEAT {datanodeUUID=0ec50947-c54d-40fe-a729-b0855dad3f0a, command=[]} | ret=SUCCESS |  
2019-08-28 18:53:48,760 | INFO  | SCMAudit | user=jenkins1000 | ip=192.168.69.102 | op=SEND_HEARTBEAT {datanodeUUID=2c9db6f5-ae6c-456e-aac1-300011bebd0b, command=[]} | ret=SUCCESS |  
2019-08-28 18:53:48,867 | INFO  | SCMAudit | user=jenkins1000 | ip=192.168.69.102 | op=SEND_HEARTBEAT {datanodeUUID=f785551e-a0af-487c-a25a-ff90660b7a23, command=[]} | ret=SUCCESS |  
2019-08-28 18:53:49,027 | INFO  | SCMAudit | user=jenkins1000 | ip=192.168.69.102 | op=SEND_HEARTBEAT {datanodeUUID=8e467a3f-4a15-4133-b9dc-29f72d763c9b, command=[]} | ret=SUCCESS |  
2019-08-28 18:53:49,056 | INFO  | SCMAudit | user=jenkins1000 | ip=192.168.69.102 | op=SEND_HEARTBEAT {datanodeUUID=3fdab9ea-6680-47f1-aded-4d496f7ecd01, command=[]} | ret=SUCCESS |  
2019-08-28 18:53:49,615 | INFO  | SCMAudit | user=jenkins1000 | ip=192.168.69.102 | op=SEND_HEARTBEAT {datanodeUUID=0ec50947-c54d-40fe-a729-b0855dad3f0a, command=[]} | ret=SUCCESS |  
2019-08-28 18:53:49,685 [grpc-default-executor-5] INFO  client.GrpcClientProtocolClient (GrpcClientProtocolClient.java:onNext(255)) - client-6EA2DE053EDA->8e467a3f-4a15-4133-b9dc-29f72d763c9b: receive RaftClientReply:client-6EA2DE053EDA->8e467a3f-4a15-4133-b9dc-29f72d763c9b@group-E16EF6B83B8D, cid=22, FAILED org.apache.ratis.protocol.NotLeaderException: Server 8e467a3f-4a15-4133-b9dc-29f72d763c9b is not the leader (null). Request must be sent to leader., logIndex=0, commits[8e467a3f-4a15-4133-b9dc-29f72d763c9b:c15, ee626ce8-1972-4fe0-bbbc-07baa9e228a9:c15, 79e7307e-2f03-4236-add7-13e1eabe57b5:c15]
2019-08-28 18:53:49,760 | INFO  | SCMAudit | user=jenkins1000 | ip=192.168.69.102 | op=SEND_HEARTBEAT {datanodeUUID=2c9db6f5-ae6c-456e-aac1-300011bebd0b, command=[]} | ret=SUCCESS |  
2019-08-28 18:53:49,867 | INFO  | SCMAudit | user=jenkins1000 | ip=192.168.69.102 | op=SEND_HEARTBEAT {datanodeUUID=f785551e-a0af-487c-a25a-ff90660b7a23, command=[]} | ret=SUCCESS |  
2019-08-28 18:53:50,027 | INFO  | SCMAudit | user=jenkins1000 | ip=192.168.69.102 | op=SEND_HEARTBEAT {datanodeUUID=8e467a3f-4a15-4133-b9dc-29f72d763c9b, command=[]} | ret=SUCCESS |  
2019-08-28 18:53:50,056 | INFO  | SCMAudit | user=jenkins1000 | ip=192.168.69.102 | op=SEND_HEARTBEAT {datanodeUUID=3fdab9ea-6680-47f1-aded-4d496f7ecd01, command=[]} | ret=SUCCESS |  
2019-08-28 18:53:50,615 | INFO  | SCMAudit | user=jenkins1000 | ip=192.168.69.102 | op=SEND_HEARTBEAT {datanodeUUID=0ec50947-c54d-40fe-a729-b0855dad3f0a, command=[]} | ret=SUCCESS |  
2019-08-28 18:53:50,760 | INFO  | SCMAudit | user=jenkins1000 | ip=192.168.69.102 | op=SEND_HEARTBEAT {datanodeUUID=2c9db6f5-ae6c-456e-aac1-300011bebd0b, command=[]} | ret=SUCCESS |  
2019-08-28 18:53:50,867 | INFO  | SCMAudit | user=jenkins1000 | ip=192.168.69.102 | op=SEND_HEARTBEAT {datanodeUUID=f785551e-a0af-487c-a25a-ff90660b7a23, command=[]} | ret=SUCCESS |  
2019-08-28 18:53:51,027 | INFO  | SCMAudit | user=jenkins1000 | ip=192.168.69.102 | op=SEND_HEARTBEAT {datanodeUUID=8e467a3f-4a15-4133-b9dc-29f72d763c9b, command=[]} | ret=SUCCESS |  
2019-08-28 18:53:51,057 | INFO  | SCMAudit | user=jenkins1000 | ip=192.168.69.102 | op=SEND_HEARTBEAT {datanodeUUID=3fdab9ea-6680-47f1-aded-4d496f7ecd01, command=[]} | ret=SUCCESS |  
2019-08-28 18:53:51,615 | INFO  | SCMAudit | user=jenkins1000 | ip=192.168.69.102 | op=SEND_HEARTBEAT {datanodeUUID=0ec50947-c54d-40fe-a729-b0855dad3f0a, command=[]} | ret=SUCCESS |  
2019-08-28 18:53:51,760 | INFO  | SCMAudit | user=jenkins1000 | ip=192.168.69.102 | op=SEND_HEARTBEAT {datanodeUUID=2c9db6f5-ae6c-456e-aac1-300011bebd0b, command=[]} | ret=SUCCESS |  
2019-08-28 18:53:51,867 | INFO  | SCMAudit | user=jenkins1000 | ip=192.168.69.102 | op=SEND_HEARTBEAT {datanodeUUID=f785551e-a0af-487c-a25a-ff90660b7a23, command=[]} | ret=SUCCESS |  
2019-08-28 18:53:52,027 | INFO  | SCMAudit | user=jenkins1000 | ip=192.168.69.102 | op=SEND_HEARTBEAT {datanodeUUID=8e467a3f-4a15-4133-b9dc-29f72d763c9b, command=[]} | ret=SUCCESS |  
2019-08-28 18:53:52,058 | INFO  | SCMAudit | user=jenkins1000 | ip=192.168.69.102 | op=SEND_HEARTBEAT {datanodeUUID=3fdab9ea-6680-47f1-aded-4d496f7ecd01, command=[]} | ret=SUCCESS |  
2019-08-28 18:53:52,615 | INFO  | SCMAudit | user=jenkins1000 | ip=192.168.69.102 | op=SEND_HEARTBEAT {datanodeUUID=0ec50947-c54d-40fe-a729-b0855dad3f0a, command=[]} | ret=SUCCESS |  
2019-08-28 18:53:52,713 [grpc-default-executor-3] INFO  client.GrpcClientProtocolClient (GrpcClientProtocolClient.java:onNext(255)) - client-6EA2DE053EDA->8e467a3f-4a15-4133-b9dc-29f72d763c9b: receive RaftClientReply:client-6EA2DE053EDA->8e467a3f-4a15-4133-b9dc-29f72d763c9b@group-E16EF6B83B8D, cid=22, FAILED org.apache.ratis.protocol.NotLeaderException: Server 8e467a3f-4a15-4133-b9dc-29f72d763c9b is not the leader (null). Request must be sent to leader., logIndex=0, commits[8e467a3f-4a15-4133-b9dc-29f72d763c9b:c15, ee626ce8-1972-4fe0-bbbc-07baa9e228a9:c15, 79e7307e-2f03-4236-add7-13e1eabe57b5:c15]
2019-08-28 18:53:52,759 | INFO  | SCMAudit | user=jenkins1000 | ip=192.168.69.102 | op=SEND_HEARTBEAT {datanodeUUID=2c9db6f5-ae6c-456e-aac1-300011bebd0b, command=[]} | ret=SUCCESS |  
2019-08-28 18:53:52,867 | INFO  | SCMAudit | user=jenkins1000 | ip=192.168.69.102 | op=SEND_HEARTBEAT {datanodeUUID=f785551e-a0af-487c-a25a-ff90660b7a23, command=[]} | ret=SUCCESS |  
2019-08-28 18:53:53,026 | INFO  | SCMAudit | user=jenkins1000 | ip=192.168.69.102 | op=SEND_HEARTBEAT {datanodeUUID=8e467a3f-4a15-4133-b9dc-29f72d763c9b, command=[]} | ret=SUCCESS |  
2019-08-28 18:53:53,057 | INFO  | SCMAudit | user=jenkins1000 | ip=192.168.69.102 | op=SEND_HEARTBEAT {datanodeUUID=3fdab9ea-6680-47f1-aded-4d496f7ecd01, command=[]} | ret=SUCCESS |  
2019-08-28 18:53:53,528 [Thread-613] INFO  impl.FollowerState (FollowerState.java:run(106)) - 8e467a3f-4a15-4133-b9dc-29f72d763c9b:group-E16EF6B83B8D changes to CANDIDATE, lastRpcTime:5063, electionTimeout:5063ms
2019-08-28 18:53:53,528 [Thread-613] INFO  impl.RoleInfo (RoleInfo.java:shutdownFollowerState(121)) - 8e467a3f-4a15-4133-b9dc-29f72d763c9b: shutdown FollowerState
2019-08-28 18:53:53,528 [Thread-613] INFO  impl.RaftServerImpl (RaftServerImpl.java:setRole(171)) - 8e467a3f-4a15-4133-b9dc-29f72d763c9b:group-E16EF6B83B8D changes role from FOLLOWER to CANDIDATE at term 10 for changeToCandidate
2019-08-28 18:53:53,528 [Thread-613] INFO  impl.RoleInfo (RoleInfo.java:updateAndGet(143)) - 8e467a3f-4a15-4133-b9dc-29f72d763c9b: start LeaderElection
2019-08-28 18:53:53,545 [8e467a3f-4a15-4133-b9dc-29f72d763c9b:group-E16EF6B83B8D:LeaderElection23] INFO  impl.LeaderElection (LeaderElection.java:askForVotes(181)) - 8e467a3f-4a15-4133-b9dc-29f72d763c9b:group-E16EF6B83B8D:LeaderElection23: begin an election at term 11 for 0: [8e467a3f-4a15-4133-b9dc-29f72d763c9b:192.168.69.102:32993, ee626ce8-1972-4fe0-bbbc-07baa9e228a9:192.168.69.102:33628, 79e7307e-2f03-4236-add7-13e1eabe57b5:192.168.69.102:45684], old=null
2019-08-28 18:53:53,546 [8e467a3f-4a15-4133-b9dc-29f72d763c9b:group-E16EF6B83B8D:LeaderElection23] INFO  impl.LeaderElection (LogUtils.java:infoOrTrace(149)) - 8e467a3f-4a15-4133-b9dc-29f72d763c9b:group-E16EF6B83B8D:LeaderElection23 got exception when requesting votes: {}
java.util.concurrent.ExecutionException: org.apache.ratis.thirdparty.io.grpc.StatusRuntimeException: UNAVAILABLE: io exception
	at java.util.concurrent.FutureTask.report(FutureTask.java:122)
	at java.util.concurrent.FutureTask.get(FutureTask.java:192)
	at org.apache.ratis.server.impl.LeaderElection.waitForResults(LeaderElection.java:262)
	at org.apache.ratis.server.impl.LeaderElection.askForVotes(LeaderElection.java:200)
	at org.apache.ratis.server.impl.LeaderElection.run(LeaderElection.java:130)
	at java.lang.Thread.run(Thread.java:748)
Caused by: org.apache.ratis.thirdparty.io.grpc.StatusRuntimeException: UNAVAILABLE: io exception
	at org.apache.ratis.thirdparty.io.grpc.stub.ClientCalls.toStatusRuntimeException(ClientCalls.java:233)
	at org.apache.ratis.thirdparty.io.grpc.stub.ClientCalls.getUnchecked(ClientCalls.java:214)
	at org.apache.ratis.thirdparty.io.grpc.stub.ClientCalls.blockingUnaryCall(ClientCalls.java:139)
	at org.apache.ratis.proto.grpc.RaftServerProtocolServiceGrpc$RaftServerProtocolServiceBlockingStub.requestVote(RaftServerProtocolServiceGrpc.java:265)
	at org.apache.ratis.grpc.server.GrpcServerProtocolClient.requestVote(GrpcServerProtocolClient.java:83)
	at org.apache.ratis.grpc.server.GrpcService.requestVote(GrpcService.java:195)
	at org.apache.ratis.server.impl.LeaderElection.lambda$submitRequests$1(LeaderElection.java:237)
	at java.util.concurrent.FutureTask.run(FutureTask.java:266)
	at java.util.concurrent.Executors$RunnableAdapter.call(Executors.java:511)
	at java.util.concurrent.FutureTask.run(FutureTask.java:266)
	at java.util.concurrent.ThreadPoolExecutor.runWorker(ThreadPoolExecutor.java:1149)
	at java.util.concurrent.ThreadPoolExecutor$Worker.run(ThreadPoolExecutor.java:624)
	... 1 more
Caused by: org.apache.ratis.thirdparty.io.netty.channel.AbstractChannel$AnnotatedConnectException: Connection refused: /192.168.69.102:33628
	at sun.nio.ch.SocketChannelImpl.checkConnect(Native Method)
	at sun.nio.ch.SocketChannelImpl.finishConnect(SocketChannelImpl.java:717)
	at org.apache.ratis.thirdparty.io.netty.channel.socket.nio.NioSocketChannel.doFinishConnect(NioSocketChannel.java:327)
	at org.apache.ratis.thirdparty.io.netty.channel.nio.AbstractNioChannel$AbstractNioUnsafe.finishConnect(AbstractNioChannel.java:340)
	at org.apache.ratis.thirdparty.io.netty.channel.nio.NioEventLoop.processSelectedKey(NioEventLoop.java:632)
	at org.apache.ratis.thirdparty.io.netty.channel.nio.NioEventLoop.processSelectedKeysOptimized(NioEventLoop.java:579)
	at org.apache.ratis.thirdparty.io.netty.channel.nio.NioEventLoop.processSelectedKeys(NioEventLoop.java:496)
	at org.apache.ratis.thirdparty.io.netty.channel.nio.NioEventLoop.run(NioEventLoop.java:458)
	at org.apache.ratis.thirdparty.io.netty.util.concurrent.SingleThreadEventExecutor$5.run(SingleThreadEventExecutor.java:897)
	at org.apache.ratis.thirdparty.io.netty.util.concurrent.FastThreadLocalRunnable.run(FastThreadLocalRunnable.java:30)
	... 1 more
Caused by: java.net.ConnectException: Connection refused
	... 11 more
2019-08-28 18:53:53,549 [8e467a3f-4a15-4133-b9dc-29f72d763c9b:group-E16EF6B83B8D:LeaderElection23] INFO  impl.LeaderElection (LogUtils.java:infoOrTrace(149)) - 8e467a3f-4a15-4133-b9dc-29f72d763c9b:group-E16EF6B83B8D:LeaderElection23 got exception when requesting votes: {}
java.util.concurrent.ExecutionException: org.apache.ratis.thirdparty.io.grpc.StatusRuntimeException: UNAVAILABLE: io exception
	at java.util.concurrent.FutureTask.report(FutureTask.java:122)
	at java.util.concurrent.FutureTask.get(FutureTask.java:192)
	at org.apache.ratis.server.impl.LeaderElection.waitForResults(LeaderElection.java:262)
	at org.apache.ratis.server.impl.LeaderElection.askForVotes(LeaderElection.java:200)
	at org.apache.ratis.server.impl.LeaderElection.run(LeaderElection.java:130)
	at java.lang.Thread.run(Thread.java:748)
Caused by: org.apache.ratis.thirdparty.io.grpc.StatusRuntimeException: UNAVAILABLE: io exception
	at org.apache.ratis.thirdparty.io.grpc.stub.ClientCalls.toStatusRuntimeException(ClientCalls.java:233)
	at org.apache.ratis.thirdparty.io.grpc.stub.ClientCalls.getUnchecked(ClientCalls.java:214)
	at org.apache.ratis.thirdparty.io.grpc.stub.ClientCalls.blockingUnaryCall(ClientCalls.java:139)
	at org.apache.ratis.proto.grpc.RaftServerProtocolServiceGrpc$RaftServerProtocolServiceBlockingStub.requestVote(RaftServerProtocolServiceGrpc.java:265)
	at org.apache.ratis.grpc.server.GrpcServerProtocolClient.requestVote(GrpcServerProtocolClient.java:83)
	at org.apache.ratis.grpc.server.GrpcService.requestVote(GrpcService.java:195)
	at org.apache.ratis.server.impl.LeaderElection.lambda$submitRequests$1(LeaderElection.java:237)
	at java.util.concurrent.FutureTask.run(FutureTask.java:266)
	at java.util.concurrent.Executors$RunnableAdapter.call(Executors.java:511)
	at java.util.concurrent.FutureTask.run(FutureTask.java:266)
	at java.util.concurrent.ThreadPoolExecutor.runWorker(ThreadPoolExecutor.java:1149)
	at java.util.concurrent.ThreadPoolExecutor$Worker.run(ThreadPoolExecutor.java:624)
	... 1 more
Caused by: org.apache.ratis.thirdparty.io.netty.channel.AbstractChannel$AnnotatedConnectException: Connection refused: /192.168.69.102:45684
	at sun.nio.ch.SocketChannelImpl.checkConnect(Native Method)
	at sun.nio.ch.SocketChannelImpl.finishConnect(SocketChannelImpl.java:717)
	at org.apache.ratis.thirdparty.io.netty.channel.socket.nio.NioSocketChannel.doFinishConnect(NioSocketChannel.java:327)
	at org.apache.ratis.thirdparty.io.netty.channel.nio.AbstractNioChannel$AbstractNioUnsafe.finishConnect(AbstractNioChannel.java:340)
	at org.apache.ratis.thirdparty.io.netty.channel.nio.NioEventLoop.processSelectedKey(NioEventLoop.java:632)
	at org.apache.ratis.thirdparty.io.netty.channel.nio.NioEventLoop.processSelectedKeysOptimized(NioEventLoop.java:579)
	at org.apache.ratis.thirdparty.io.netty.channel.nio.NioEventLoop.processSelectedKeys(NioEventLoop.java:496)
	at org.apache.ratis.thirdparty.io.netty.channel.nio.NioEventLoop.run(NioEventLoop.java:458)
	at org.apache.ratis.thirdparty.io.netty.util.concurrent.SingleThreadEventExecutor$5.run(SingleThreadEventExecutor.java:897)
	at org.apache.ratis.thirdparty.io.netty.util.concurrent.FastThreadLocalRunnable.run(FastThreadLocalRunnable.java:30)
	... 1 more
Caused by: java.net.ConnectException: Connection refused
	... 11 more
2019-08-28 18:53:53,567 [8e467a3f-4a15-4133-b9dc-29f72d763c9b:group-E16EF6B83B8D:LeaderElection23] INFO  impl.LeaderElection (LeaderElection.java:logAndReturn(56)) - 8e467a3f-4a15-4133-b9dc-29f72d763c9b:group-E16EF6B83B8D:LeaderElection23: Election REJECTED; received 0 response(s) [] and 2 exception(s); 8e467a3f-4a15-4133-b9dc-29f72d763c9b:t11, leader=null, voted=8e467a3f-4a15-4133-b9dc-29f72d763c9b, raftlog=8e467a3f-4a15-4133-b9dc-29f72d763c9b-SegmentedRaftLog:OPENED:c15,f15,i15, conf=0: [8e467a3f-4a15-4133-b9dc-29f72d763c9b:192.168.69.102:32993, ee626ce8-1972-4fe0-bbbc-07baa9e228a9:192.168.69.102:33628, 79e7307e-2f03-4236-add7-13e1eabe57b5:192.168.69.102:45684], old=null
2019-08-28 18:53:53,567 [8e467a3f-4a15-4133-b9dc-29f72d763c9b:group-E16EF6B83B8D:LeaderElection23] INFO  impl.LeaderElection (LogUtils.java:infoOrTrace(149)) -   Exception 0: {}
java.util.concurrent.ExecutionException: org.apache.ratis.thirdparty.io.grpc.StatusRuntimeException: UNAVAILABLE: io exception
	at java.util.concurrent.FutureTask.report(FutureTask.java:122)
	at java.util.concurrent.FutureTask.get(FutureTask.java:192)
	at org.apache.ratis.server.impl.LeaderElection.waitForResults(LeaderElection.java:262)
	at org.apache.ratis.server.impl.LeaderElection.askForVotes(LeaderElection.java:200)
	at org.apache.ratis.server.impl.LeaderElection.run(LeaderElection.java:130)
	at java.lang.Thread.run(Thread.java:748)
Caused by: org.apache.ratis.thirdparty.io.grpc.StatusRuntimeException: UNAVAILABLE: io exception
	at org.apache.ratis.thirdparty.io.grpc.stub.ClientCalls.toStatusRuntimeException(ClientCalls.java:233)
	at org.apache.ratis.thirdparty.io.grpc.stub.ClientCalls.getUnchecked(ClientCalls.java:214)
	at org.apache.ratis.thirdparty.io.grpc.stub.ClientCalls.blockingUnaryCall(ClientCalls.java:139)
	at org.apache.ratis.proto.grpc.RaftServerProtocolServiceGrpc$RaftServerProtocolServiceBlockingStub.requestVote(RaftServerProtocolServiceGrpc.java:265)
	at org.apache.ratis.grpc.server.GrpcServerProtocolClient.requestVote(GrpcServerProtocolClient.java:83)
	at org.apache.ratis.grpc.server.GrpcService.requestVote(GrpcService.java:195)
	at org.apache.ratis.server.impl.LeaderElection.lambda$submitRequests$1(LeaderElection.java:237)
	at java.util.concurrent.FutureTask.run(FutureTask.java:266)
	at java.util.concurrent.Executors$RunnableAdapter.call(Executors.java:511)
	at java.util.concurrent.FutureTask.run(FutureTask.java:266)
	at java.util.concurrent.ThreadPoolExecutor.runWorker(ThreadPoolExecutor.java:1149)
	at java.util.concurrent.ThreadPoolExecutor$Worker.run(ThreadPoolExecutor.java:624)
	... 1 more
Caused by: org.apache.ratis.thirdparty.io.netty.channel.AbstractChannel$AnnotatedConnectException: Connection refused: /192.168.69.102:33628
	at sun.nio.ch.SocketChannelImpl.checkConnect(Native Method)
	at sun.nio.ch.SocketChannelImpl.finishConnect(SocketChannelImpl.java:717)
	at org.apache.ratis.thirdparty.io.netty.channel.socket.nio.NioSocketChannel.doFinishConnect(NioSocketChannel.java:327)
	at org.apache.ratis.thirdparty.io.netty.channel.nio.AbstractNioChannel$AbstractNioUnsafe.finishConnect(AbstractNioChannel.java:340)
	at org.apache.ratis.thirdparty.io.netty.channel.nio.NioEventLoop.processSelectedKey(NioEventLoop.java:632)
	at org.apache.ratis.thirdparty.io.netty.channel.nio.NioEventLoop.processSelectedKeysOptimized(NioEventLoop.java:579)
	at org.apache.ratis.thirdparty.io.netty.channel.nio.NioEventLoop.processSelectedKeys(NioEventLoop.java:496)
	at org.apache.ratis.thirdparty.io.netty.channel.nio.NioEventLoop.run(NioEventLoop.java:458)
	at org.apache.ratis.thirdparty.io.netty.util.concurrent.SingleThreadEventExecutor$5.run(SingleThreadEventExecutor.java:897)
	at org.apache.ratis.thirdparty.io.netty.util.concurrent.FastThreadLocalRunnable.run(FastThreadLocalRunnable.java:30)
	... 1 more
Caused by: java.net.ConnectException: Connection refused
	... 11 more
2019-08-28 18:53:53,567 [8e467a3f-4a15-4133-b9dc-29f72d763c9b:group-E16EF6B83B8D:LeaderElection23] INFO  impl.LeaderElection (LogUtils.java:infoOrTrace(149)) -   Exception 1: {}
java.util.concurrent.ExecutionException: org.apache.ratis.thirdparty.io.grpc.StatusRuntimeException: UNAVAILABLE: io exception
	at java.util.concurrent.FutureTask.report(FutureTask.java:122)
	at java.util.concurrent.FutureTask.get(FutureTask.java:192)
	at org.apache.ratis.server.impl.LeaderElection.waitForResults(LeaderElection.java:262)
	at org.apache.ratis.server.impl.LeaderElection.askForVotes(LeaderElection.java:200)
	at org.apache.ratis.server.impl.LeaderElection.run(LeaderElection.java:130)
	at java.lang.Thread.run(Thread.java:748)
Caused by: org.apache.ratis.thirdparty.io.grpc.StatusRuntimeException: UNAVAILABLE: io exception
	at org.apache.ratis.thirdparty.io.grpc.stub.ClientCalls.toStatusRuntimeException(ClientCalls.java:233)
	at org.apache.ratis.thirdparty.io.grpc.stub.ClientCalls.getUnchecked(ClientCalls.java:214)
	at org.apache.ratis.thirdparty.io.grpc.stub.ClientCalls.blockingUnaryCall(ClientCalls.java:139)
	at org.apache.ratis.proto.grpc.RaftServerProtocolServiceGrpc$RaftServerProtocolServiceBlockingStub.requestVote(RaftServerProtocolServiceGrpc.java:265)
	at org.apache.ratis.grpc.server.GrpcServerProtocolClient.requestVote(GrpcServerProtocolClient.java:83)
	at org.apache.ratis.grpc.server.GrpcService.requestVote(GrpcService.java:195)
	at org.apache.ratis.server.impl.LeaderElection.lambda$submitRequests$1(LeaderElection.java:237)
	at java.util.concurrent.FutureTask.run(FutureTask.java:266)
	at java.util.concurrent.Executors$RunnableAdapter.call(Executors.java:511)
	at java.util.concurrent.FutureTask.run(FutureTask.java:266)
	at java.util.concurrent.ThreadPoolExecutor.runWorker(ThreadPoolExecutor.java:1149)
	at java.util.concurrent.ThreadPoolExecutor$Worker.run(ThreadPoolExecutor.java:624)
	... 1 more
Caused by: org.apache.ratis.thirdparty.io.netty.channel.AbstractChannel$AnnotatedConnectException: Connection refused: /192.168.69.102:45684
	at sun.nio.ch.SocketChannelImpl.checkConnect(Native Method)
	at sun.nio.ch.SocketChannelImpl.finishConnect(SocketChannelImpl.java:717)
	at org.apache.ratis.thirdparty.io.netty.channel.socket.nio.NioSocketChannel.doFinishConnect(NioSocketChannel.java:327)
	at org.apache.ratis.thirdparty.io.netty.channel.nio.AbstractNioChannel$AbstractNioUnsafe.finishConnect(AbstractNioChannel.java:340)
	at org.apache.ratis.thirdparty.io.netty.channel.nio.NioEventLoop.processSelectedKey(NioEventLoop.java:632)
	at org.apache.ratis.thirdparty.io.netty.channel.nio.NioEventLoop.processSelectedKeysOptimized(NioEventLoop.java:579)
	at org.apache.ratis.thirdparty.io.netty.channel.nio.NioEventLoop.processSelectedKeys(NioEventLoop.java:496)
	at org.apache.ratis.thirdparty.io.netty.channel.nio.NioEventLoop.run(NioEventLoop.java:458)
	at org.apache.ratis.thirdparty.io.netty.util.concurrent.SingleThreadEventExecutor$5.run(SingleThreadEventExecutor.java:897)
	at org.apache.ratis.thirdparty.io.netty.util.concurrent.FastThreadLocalRunnable.run(FastThreadLocalRunnable.java:30)
	... 1 more
Caused by: java.net.ConnectException: Connection refused
	... 11 more
2019-08-28 18:53:53,568 [8e467a3f-4a15-4133-b9dc-29f72d763c9b:group-E16EF6B83B8D:LeaderElection23] INFO  impl.RaftServerImpl (RaftServerImpl.java:setRole(171)) - 8e467a3f-4a15-4133-b9dc-29f72d763c9b:group-E16EF6B83B8D changes role from CANDIDATE to FOLLOWER at term 11 for DISCOVERED_A_NEW_TERM
2019-08-28 18:53:53,570 [8e467a3f-4a15-4133-b9dc-29f72d763c9b:group-E16EF6B83B8D:LeaderElection23] INFO  impl.RoleInfo (RoleInfo.java:shutdownLeaderElection(134)) - 8e467a3f-4a15-4133-b9dc-29f72d763c9b: shutdown LeaderElection
2019-08-28 18:53:53,571 [8e467a3f-4a15-4133-b9dc-29f72d763c9b:group-E16EF6B83B8D:LeaderElection23] INFO  impl.RoleInfo (RoleInfo.java:updateAndGet(143)) - 8e467a3f-4a15-4133-b9dc-29f72d763c9b: start FollowerState
2019-08-28 18:53:53,615 | INFO  | SCMAudit | user=jenkins1000 | ip=192.168.69.102 | op=SEND_HEARTBEAT {datanodeUUID=0ec50947-c54d-40fe-a729-b0855dad3f0a, command=[]} | ret=SUCCESS |  
2019-08-28 18:53:53,759 | INFO  | SCMAudit | user=jenkins1000 | ip=192.168.69.102 | op=SEND_HEARTBEAT {datanodeUUID=2c9db6f5-ae6c-456e-aac1-300011bebd0b, command=[]} | ret=SUCCESS |  
2019-08-28 18:53:53,867 | INFO  | SCMAudit | user=jenkins1000 | ip=192.168.69.102 | op=SEND_HEARTBEAT {datanodeUUID=f785551e-a0af-487c-a25a-ff90660b7a23, command=[]} | ret=SUCCESS |  
2019-08-28 18:53:54,027 | INFO  | SCMAudit | user=jenkins1000 | ip=192.168.69.102 | op=SEND_HEARTBEAT {datanodeUUID=8e467a3f-4a15-4133-b9dc-29f72d763c9b, command=[]} | ret=SUCCESS |  
2019-08-28 18:53:54,058 | INFO  | SCMAudit | user=jenkins1000 | ip=192.168.69.102 | op=SEND_HEARTBEAT {datanodeUUID=3fdab9ea-6680-47f1-aded-4d496f7ecd01, command=[]} | ret=SUCCESS |  
2019-08-28 18:53:54,615 | INFO  | SCMAudit | user=jenkins1000 | ip=192.168.69.102 | op=SEND_HEARTBEAT {datanodeUUID=0ec50947-c54d-40fe-a729-b0855dad3f0a, command=[]} | ret=SUCCESS |  
2019-08-28 18:53:54,732 [grpc-default-executor-5] INFO  client.GrpcClientProtocolClient (GrpcClientProtocolClient.java:onNext(255)) - client-6EA2DE053EDA->8e467a3f-4a15-4133-b9dc-29f72d763c9b: receive RaftClientReply:client-6EA2DE053EDA->8e467a3f-4a15-4133-b9dc-29f72d763c9b@group-E16EF6B83B8D, cid=22, FAILED org.apache.ratis.protocol.NotLeaderException: Server 8e467a3f-4a15-4133-b9dc-29f72d763c9b is not the leader (null). Request must be sent to leader., logIndex=0, commits[8e467a3f-4a15-4133-b9dc-29f72d763c9b:c15, ee626ce8-1972-4fe0-bbbc-07baa9e228a9:c15, 79e7307e-2f03-4236-add7-13e1eabe57b5:c15]
2019-08-28 18:53:54,759 | INFO  | SCMAudit | user=jenkins1000 | ip=192.168.69.102 | op=SEND_HEARTBEAT {datanodeUUID=2c9db6f5-ae6c-456e-aac1-300011bebd0b, command=[]} | ret=SUCCESS |  
2019-08-28 18:53:54,870 | INFO  | SCMAudit | user=jenkins1000 | ip=192.168.69.102 | op=SEND_HEARTBEAT {datanodeUUID=f785551e-a0af-487c-a25a-ff90660b7a23, command=[]} | ret=SUCCESS |  
2019-08-28 18:53:55,027 | INFO  | SCMAudit | user=jenkins1000 | ip=192.168.69.102 | op=SEND_HEARTBEAT {datanodeUUID=8e467a3f-4a15-4133-b9dc-29f72d763c9b, command=[]} | ret=SUCCESS |  
2019-08-28 18:53:55,057 | INFO  | SCMAudit | user=jenkins1000 | ip=192.168.69.102 | op=SEND_HEARTBEAT {datanodeUUID=3fdab9ea-6680-47f1-aded-4d496f7ecd01, command=[]} | ret=SUCCESS |  
2019-08-28 18:53:55,616 | INFO  | SCMAudit | user=jenkins1000 | ip=192.168.69.102 | op=SEND_HEARTBEAT {datanodeUUID=0ec50947-c54d-40fe-a729-b0855dad3f0a, command=[]} | ret=SUCCESS |  
2019-08-28 18:53:55,760 | INFO  | SCMAudit | user=jenkins1000 | ip=192.168.69.102 | op=SEND_HEARTBEAT {datanodeUUID=2c9db6f5-ae6c-456e-aac1-300011bebd0b, command=[]} | ret=SUCCESS |  
2019-08-28 18:53:55,869 | INFO  | SCMAudit | user=jenkins1000 | ip=192.168.69.102 | op=SEND_HEARTBEAT {datanodeUUID=f785551e-a0af-487c-a25a-ff90660b7a23, command=[]} | ret=SUCCESS |  
2019-08-28 18:53:56,027 | INFO  | SCMAudit | user=jenkins1000 | ip=192.168.69.102 | op=SEND_HEARTBEAT {datanodeUUID=8e467a3f-4a15-4133-b9dc-29f72d763c9b, command=[]} | ret=SUCCESS |  
2019-08-28 18:53:56,058 | INFO  | SCMAudit | user=jenkins1000 | ip=192.168.69.102 | op=SEND_HEARTBEAT {datanodeUUID=3fdab9ea-6680-47f1-aded-4d496f7ecd01, command=[]} | ret=SUCCESS |  
2019-08-28 18:53:56,617 | INFO  | SCMAudit | user=jenkins1000 | ip=192.168.69.102 | op=SEND_HEARTBEAT {datanodeUUID=0ec50947-c54d-40fe-a729-b0855dad3f0a, command=[]} | ret=SUCCESS |  
2019-08-28 18:53:56,752 [grpc-default-executor-4] INFO  client.GrpcClientProtocolClient (GrpcClientProtocolClient.java:onNext(255)) - client-6EA2DE053EDA->8e467a3f-4a15-4133-b9dc-29f72d763c9b: receive RaftClientReply:client-6EA2DE053EDA->8e467a3f-4a15-4133-b9dc-29f72d763c9b@group-E16EF6B83B8D, cid=22, FAILED org.apache.ratis.protocol.NotLeaderException: Server 8e467a3f-4a15-4133-b9dc-29f72d763c9b is not the leader (null). Request must be sent to leader., logIndex=0, commits[8e467a3f-4a15-4133-b9dc-29f72d763c9b:c15, ee626ce8-1972-4fe0-bbbc-07baa9e228a9:c15, 79e7307e-2f03-4236-add7-13e1eabe57b5:c15]
2019-08-28 18:53:56,761 | INFO  | SCMAudit | user=jenkins1000 | ip=192.168.69.102 | op=SEND_HEARTBEAT {datanodeUUID=2c9db6f5-ae6c-456e-aac1-300011bebd0b, command=[]} | ret=SUCCESS |  
2019-08-28 18:53:56,870 | INFO  | SCMAudit | user=jenkins1000 | ip=192.168.69.102 | op=SEND_HEARTBEAT {datanodeUUID=f785551e-a0af-487c-a25a-ff90660b7a23, command=[]} | ret=SUCCESS |  
2019-08-28 18:53:57,027 | INFO  | SCMAudit | user=jenkins1000 | ip=192.168.69.102 | op=SEND_HEARTBEAT {datanodeUUID=8e467a3f-4a15-4133-b9dc-29f72d763c9b, command=[]} | ret=SUCCESS |  
2019-08-28 18:53:57,057 | INFO  | SCMAudit | user=jenkins1000 | ip=192.168.69.102 | op=SEND_HEARTBEAT {datanodeUUID=3fdab9ea-6680-47f1-aded-4d496f7ecd01, command=[]} | ret=SUCCESS |  
2019-08-28 18:53:57,617 | INFO  | SCMAudit | user=jenkins1000 | ip=192.168.69.102 | op=SEND_HEARTBEAT {datanodeUUID=0ec50947-c54d-40fe-a729-b0855dad3f0a, command=[]} | ret=SUCCESS |  
2019-08-28 18:53:57,763 | INFO  | SCMAudit | user=jenkins1000 | ip=192.168.69.102 | op=SEND_HEARTBEAT {datanodeUUID=2c9db6f5-ae6c-456e-aac1-300011bebd0b, command=[]} | ret=SUCCESS |  
2019-08-28 18:53:57,870 | INFO  | SCMAudit | user=jenkins1000 | ip=192.168.69.102 | op=SEND_HEARTBEAT {datanodeUUID=f785551e-a0af-487c-a25a-ff90660b7a23, command=[]} | ret=SUCCESS |  
2019-08-28 18:53:58,027 | INFO  | SCMAudit | user=jenkins1000 | ip=192.168.69.102 | op=SEND_HEARTBEAT {datanodeUUID=8e467a3f-4a15-4133-b9dc-29f72d763c9b, command=[]} | ret=SUCCESS |  
2019-08-28 18:53:58,057 | INFO  | SCMAudit | user=jenkins1000 | ip=192.168.69.102 | op=SEND_HEARTBEAT {datanodeUUID=3fdab9ea-6680-47f1-aded-4d496f7ecd01, command=[]} | ret=SUCCESS |  
2019-08-28 18:53:58,617 | INFO  | SCMAudit | user=jenkins1000 | ip=192.168.69.102 | op=SEND_HEARTBEAT {datanodeUUID=0ec50947-c54d-40fe-a729-b0855dad3f0a, command=[]} | ret=SUCCESS |  
2019-08-28 18:53:58,747 [Thread-633] INFO  impl.FollowerState (FollowerState.java:run(106)) - 8e467a3f-4a15-4133-b9dc-29f72d763c9b:group-E16EF6B83B8D changes to CANDIDATE, lastRpcTime:5176, electionTimeout:5174ms
2019-08-28 18:53:58,748 [Thread-633] INFO  impl.RoleInfo (RoleInfo.java:shutdownFollowerState(121)) - 8e467a3f-4a15-4133-b9dc-29f72d763c9b: shutdown FollowerState
2019-08-28 18:53:58,748 [Thread-633] INFO  impl.RaftServerImpl (RaftServerImpl.java:setRole(171)) - 8e467a3f-4a15-4133-b9dc-29f72d763c9b:group-E16EF6B83B8D changes role from FOLLOWER to CANDIDATE at term 11 for changeToCandidate
2019-08-28 18:53:58,748 [Thread-633] INFO  impl.RoleInfo (RoleInfo.java:updateAndGet(143)) - 8e467a3f-4a15-4133-b9dc-29f72d763c9b: start LeaderElection
2019-08-28 18:53:58,762 | INFO  | SCMAudit | user=jenkins1000 | ip=192.168.69.102 | op=SEND_HEARTBEAT {datanodeUUID=2c9db6f5-ae6c-456e-aac1-300011bebd0b, command=[]} | ret=SUCCESS |  
2019-08-28 18:53:58,792 [8e467a3f-4a15-4133-b9dc-29f72d763c9b:group-E16EF6B83B8D:LeaderElection24] INFO  impl.LeaderElection (LeaderElection.java:askForVotes(181)) - 8e467a3f-4a15-4133-b9dc-29f72d763c9b:group-E16EF6B83B8D:LeaderElection24: begin an election at term 12 for 0: [8e467a3f-4a15-4133-b9dc-29f72d763c9b:192.168.69.102:32993, ee626ce8-1972-4fe0-bbbc-07baa9e228a9:192.168.69.102:33628, 79e7307e-2f03-4236-add7-13e1eabe57b5:192.168.69.102:45684], old=null
2019-08-28 18:53:58,794 [8e467a3f-4a15-4133-b9dc-29f72d763c9b:group-E16EF6B83B8D:LeaderElection24] INFO  impl.LeaderElection (LogUtils.java:infoOrTrace(149)) - 8e467a3f-4a15-4133-b9dc-29f72d763c9b:group-E16EF6B83B8D:LeaderElection24 got exception when requesting votes: {}
java.util.concurrent.ExecutionException: org.apache.ratis.thirdparty.io.grpc.StatusRuntimeException: UNAVAILABLE: io exception
	at java.util.concurrent.FutureTask.report(FutureTask.java:122)
	at java.util.concurrent.FutureTask.get(FutureTask.java:192)
	at org.apache.ratis.server.impl.LeaderElection.waitForResults(LeaderElection.java:262)
	at org.apache.ratis.server.impl.LeaderElection.askForVotes(LeaderElection.java:200)
	at org.apache.ratis.server.impl.LeaderElection.run(LeaderElection.java:130)
	at java.lang.Thread.run(Thread.java:748)
Caused by: org.apache.ratis.thirdparty.io.grpc.StatusRuntimeException: UNAVAILABLE: io exception
	at org.apache.ratis.thirdparty.io.grpc.stub.ClientCalls.toStatusRuntimeException(ClientCalls.java:233)
	at org.apache.ratis.thirdparty.io.grpc.stub.ClientCalls.getUnchecked(ClientCalls.java:214)
	at org.apache.ratis.thirdparty.io.grpc.stub.ClientCalls.blockingUnaryCall(ClientCalls.java:139)
	at org.apache.ratis.proto.grpc.RaftServerProtocolServiceGrpc$RaftServerProtocolServiceBlockingStub.requestVote(RaftServerProtocolServiceGrpc.java:265)
	at org.apache.ratis.grpc.server.GrpcServerProtocolClient.requestVote(GrpcServerProtocolClient.java:83)
	at org.apache.ratis.grpc.server.GrpcService.requestVote(GrpcService.java:195)
	at org.apache.ratis.server.impl.LeaderElection.lambda$submitRequests$1(LeaderElection.java:237)
	at java.util.concurrent.FutureTask.run(FutureTask.java:266)
	at java.util.concurrent.Executors$RunnableAdapter.call(Executors.java:511)
	at java.util.concurrent.FutureTask.run(FutureTask.java:266)
	at java.util.concurrent.ThreadPoolExecutor.runWorker(ThreadPoolExecutor.java:1149)
	at java.util.concurrent.ThreadPoolExecutor$Worker.run(ThreadPoolExecutor.java:624)
	... 1 more
Caused by: org.apache.ratis.thirdparty.io.netty.channel.AbstractChannel$AnnotatedConnectException: Connection refused: /192.168.69.102:33628
	at sun.nio.ch.SocketChannelImpl.checkConnect(Native Method)
	at sun.nio.ch.SocketChannelImpl.finishConnect(SocketChannelImpl.java:717)
	at org.apache.ratis.thirdparty.io.netty.channel.socket.nio.NioSocketChannel.doFinishConnect(NioSocketChannel.java:327)
	at org.apache.ratis.thirdparty.io.netty.channel.nio.AbstractNioChannel$AbstractNioUnsafe.finishConnect(AbstractNioChannel.java:340)
	at org.apache.ratis.thirdparty.io.netty.channel.nio.NioEventLoop.processSelectedKey(NioEventLoop.java:632)
	at org.apache.ratis.thirdparty.io.netty.channel.nio.NioEventLoop.processSelectedKeysOptimized(NioEventLoop.java:579)
	at org.apache.ratis.thirdparty.io.netty.channel.nio.NioEventLoop.processSelectedKeys(NioEventLoop.java:496)
	at org.apache.ratis.thirdparty.io.netty.channel.nio.NioEventLoop.run(NioEventLoop.java:458)
	at org.apache.ratis.thirdparty.io.netty.util.concurrent.SingleThreadEventExecutor$5.run(SingleThreadEventExecutor.java:897)
	at org.apache.ratis.thirdparty.io.netty.util.concurrent.FastThreadLocalRunnable.run(FastThreadLocalRunnable.java:30)
	... 1 more
Caused by: java.net.ConnectException: Connection refused
	... 11 more
2019-08-28 18:53:58,797 [8e467a3f-4a15-4133-b9dc-29f72d763c9b:group-E16EF6B83B8D:LeaderElection24] INFO  impl.LeaderElection (LogUtils.java:infoOrTrace(149)) - 8e467a3f-4a15-4133-b9dc-29f72d763c9b:group-E16EF6B83B8D:LeaderElection24 got exception when requesting votes: {}
java.util.concurrent.ExecutionException: org.apache.ratis.thirdparty.io.grpc.StatusRuntimeException: UNAVAILABLE: io exception
	at java.util.concurrent.FutureTask.report(FutureTask.java:122)
	at java.util.concurrent.FutureTask.get(FutureTask.java:192)
	at org.apache.ratis.server.impl.LeaderElection.waitForResults(LeaderElection.java:262)
	at org.apache.ratis.server.impl.LeaderElection.askForVotes(LeaderElection.java:200)
	at org.apache.ratis.server.impl.LeaderElection.run(LeaderElection.java:130)
	at java.lang.Thread.run(Thread.java:748)
Caused by: org.apache.ratis.thirdparty.io.grpc.StatusRuntimeException: UNAVAILABLE: io exception
	at org.apache.ratis.thirdparty.io.grpc.stub.ClientCalls.toStatusRuntimeException(ClientCalls.java:233)
	at org.apache.ratis.thirdparty.io.grpc.stub.ClientCalls.getUnchecked(ClientCalls.java:214)
	at org.apache.ratis.thirdparty.io.grpc.stub.ClientCalls.blockingUnaryCall(ClientCalls.java:139)
	at org.apache.ratis.proto.grpc.RaftServerProtocolServiceGrpc$RaftServerProtocolServiceBlockingStub.requestVote(RaftServerProtocolServiceGrpc.java:265)
	at org.apache.ratis.grpc.server.GrpcServerProtocolClient.requestVote(GrpcServerProtocolClient.java:83)
	at org.apache.ratis.grpc.server.GrpcService.requestVote(GrpcService.java:195)
	at org.apache.ratis.server.impl.LeaderElection.lambda$submitRequests$1(LeaderElection.java:237)
	at java.util.concurrent.FutureTask.run(FutureTask.java:266)
	at java.util.concurrent.Executors$RunnableAdapter.call(Executors.java:511)
	at java.util.concurrent.FutureTask.run(FutureTask.java:266)
	at java.util.concurrent.ThreadPoolExecutor.runWorker(ThreadPoolExecutor.java:1149)
	at java.util.concurrent.ThreadPoolExecutor$Worker.run(ThreadPoolExecutor.java:624)
	... 1 more
Caused by: org.apache.ratis.thirdparty.io.netty.channel.AbstractChannel$AnnotatedConnectException: Connection refused: /192.168.69.102:45684
	at sun.nio.ch.SocketChannelImpl.checkConnect(Native Method)
	at sun.nio.ch.SocketChannelImpl.finishConnect(SocketChannelImpl.java:717)
	at org.apache.ratis.thirdparty.io.netty.channel.socket.nio.NioSocketChannel.doFinishConnect(NioSocketChannel.java:327)
	at org.apache.ratis.thirdparty.io.netty.channel.nio.AbstractNioChannel$AbstractNioUnsafe.finishConnect(AbstractNioChannel.java:340)
	at org.apache.ratis.thirdparty.io.netty.channel.nio.NioEventLoop.processSelectedKey(NioEventLoop.java:632)
	at org.apache.ratis.thirdparty.io.netty.channel.nio.NioEventLoop.processSelectedKeysOptimized(NioEventLoop.java:579)
	at org.apache.ratis.thirdparty.io.netty.channel.nio.NioEventLoop.processSelectedKeys(NioEventLoop.java:496)
	at org.apache.ratis.thirdparty.io.netty.channel.nio.NioEventLoop.run(NioEventLoop.java:458)
	at org.apache.ratis.thirdparty.io.netty.util.concurrent.SingleThreadEventExecutor$5.run(SingleThreadEventExecutor.java:897)
	at org.apache.ratis.thirdparty.io.netty.util.concurrent.FastThreadLocalRunnable.run(FastThreadLocalRunnable.java:30)
	... 1 more
Caused by: java.net.ConnectException: Connection refused
	... 11 more
2019-08-28 18:53:58,799 [8e467a3f-4a15-4133-b9dc-29f72d763c9b:group-E16EF6B83B8D:LeaderElection24] INFO  impl.LeaderElection (LeaderElection.java:logAndReturn(56)) - 8e467a3f-4a15-4133-b9dc-29f72d763c9b:group-E16EF6B83B8D:LeaderElection24: Election REJECTED; received 0 response(s) [] and 2 exception(s); 8e467a3f-4a15-4133-b9dc-29f72d763c9b:t12, leader=null, voted=8e467a3f-4a15-4133-b9dc-29f72d763c9b, raftlog=8e467a3f-4a15-4133-b9dc-29f72d763c9b-SegmentedRaftLog:OPENED:c15,f15,i15, conf=0: [8e467a3f-4a15-4133-b9dc-29f72d763c9b:192.168.69.102:32993, ee626ce8-1972-4fe0-bbbc-07baa9e228a9:192.168.69.102:33628, 79e7307e-2f03-4236-add7-13e1eabe57b5:192.168.69.102:45684], old=null
2019-08-28 18:53:58,800 [8e467a3f-4a15-4133-b9dc-29f72d763c9b:group-E16EF6B83B8D:LeaderElection24] INFO  impl.LeaderElection (LogUtils.java:infoOrTrace(149)) -   Exception 0: {}
java.util.concurrent.ExecutionException: org.apache.ratis.thirdparty.io.grpc.StatusRuntimeException: UNAVAILABLE: io exception
	at java.util.concurrent.FutureTask.report(FutureTask.java:122)
	at java.util.concurrent.FutureTask.get(FutureTask.java:192)
	at org.apache.ratis.server.impl.LeaderElection.waitForResults(LeaderElection.java:262)
	at org.apache.ratis.server.impl.LeaderElection.askForVotes(LeaderElection.java:200)
	at org.apache.ratis.server.impl.LeaderElection.run(LeaderElection.java:130)
	at java.lang.Thread.run(Thread.java:748)
Caused by: org.apache.ratis.thirdparty.io.grpc.StatusRuntimeException: UNAVAILABLE: io exception
	at org.apache.ratis.thirdparty.io.grpc.stub.ClientCalls.toStatusRuntimeException(ClientCalls.java:233)
	at org.apache.ratis.thirdparty.io.grpc.stub.ClientCalls.getUnchecked(ClientCalls.java:214)
	at org.apache.ratis.thirdparty.io.grpc.stub.ClientCalls.blockingUnaryCall(ClientCalls.java:139)
	at org.apache.ratis.proto.grpc.RaftServerProtocolServiceGrpc$RaftServerProtocolServiceBlockingStub.requestVote(RaftServerProtocolServiceGrpc.java:265)
	at org.apache.ratis.grpc.server.GrpcServerProtocolClient.requestVote(GrpcServerProtocolClient.java:83)
	at org.apache.ratis.grpc.server.GrpcService.requestVote(GrpcService.java:195)
	at org.apache.ratis.server.impl.LeaderElection.lambda$submitRequests$1(LeaderElection.java:237)
	at java.util.concurrent.FutureTask.run(FutureTask.java:266)
	at java.util.concurrent.Executors$RunnableAdapter.call(Executors.java:511)
	at java.util.concurrent.FutureTask.run(FutureTask.java:266)
	at java.util.concurrent.ThreadPoolExecutor.runWorker(ThreadPoolExecutor.java:1149)
	at java.util.concurrent.ThreadPoolExecutor$Worker.run(ThreadPoolExecutor.java:624)
	... 1 more
Caused by: org.apache.ratis.thirdparty.io.netty.channel.AbstractChannel$AnnotatedConnectException: Connection refused: /192.168.69.102:33628
	at sun.nio.ch.SocketChannelImpl.checkConnect(Native Method)
	at sun.nio.ch.SocketChannelImpl.finishConnect(SocketChannelImpl.java:717)
	at org.apache.ratis.thirdparty.io.netty.channel.socket.nio.NioSocketChannel.doFinishConnect(NioSocketChannel.java:327)
	at org.apache.ratis.thirdparty.io.netty.channel.nio.AbstractNioChannel$AbstractNioUnsafe.finishConnect(AbstractNioChannel.java:340)
	at org.apache.ratis.thirdparty.io.netty.channel.nio.NioEventLoop.processSelectedKey(NioEventLoop.java:632)
	at org.apache.ratis.thirdparty.io.netty.channel.nio.NioEventLoop.processSelectedKeysOptimized(NioEventLoop.java:579)
	at org.apache.ratis.thirdparty.io.netty.channel.nio.NioEventLoop.processSelectedKeys(NioEventLoop.java:496)
	at org.apache.ratis.thirdparty.io.netty.channel.nio.NioEventLoop.run(NioEventLoop.java:458)
	at org.apache.ratis.thirdparty.io.netty.util.concurrent.SingleThreadEventExecutor$5.run(SingleThreadEventExecutor.java:897)
	at org.apache.ratis.thirdparty.io.netty.util.concurrent.FastThreadLocalRunnable.run(FastThreadLocalRunnable.java:30)
	... 1 more
Caused by: java.net.ConnectException: Connection refused
	... 11 more
2019-08-28 18:53:58,800 [8e467a3f-4a15-4133-b9dc-29f72d763c9b:group-E16EF6B83B8D:LeaderElection24] INFO  impl.LeaderElection (LogUtils.java:infoOrTrace(149)) -   Exception 1: {}
java.util.concurrent.ExecutionException: org.apache.ratis.thirdparty.io.grpc.StatusRuntimeException: UNAVAILABLE: io exception
	at java.util.concurrent.FutureTask.report(FutureTask.java:122)
	at java.util.concurrent.FutureTask.get(FutureTask.java:192)
	at org.apache.ratis.server.impl.LeaderElection.waitForResults(LeaderElection.java:262)
	at org.apache.ratis.server.impl.LeaderElection.askForVotes(LeaderElection.java:200)
	at org.apache.ratis.server.impl.LeaderElection.run(LeaderElection.java:130)
	at java.lang.Thread.run(Thread.java:748)
Caused by: org.apache.ratis.thirdparty.io.grpc.StatusRuntimeException: UNAVAILABLE: io exception
	at org.apache.ratis.thirdparty.io.grpc.stub.ClientCalls.toStatusRuntimeException(ClientCalls.java:233)
	at org.apache.ratis.thirdparty.io.grpc.stub.ClientCalls.getUnchecked(ClientCalls.java:214)
	at org.apache.ratis.thirdparty.io.grpc.stub.ClientCalls.blockingUnaryCall(ClientCalls.java:139)
	at org.apache.ratis.proto.grpc.RaftServerProtocolServiceGrpc$RaftServerProtocolServiceBlockingStub.requestVote(RaftServerProtocolServiceGrpc.java:265)
	at org.apache.ratis.grpc.server.GrpcServerProtocolClient.requestVote(GrpcServerProtocolClient.java:83)
	at org.apache.ratis.grpc.server.GrpcService.requestVote(GrpcService.java:195)
	at org.apache.ratis.server.impl.LeaderElection.lambda$submitRequests$1(LeaderElection.java:237)
	at java.util.concurrent.FutureTask.run(FutureTask.java:266)
	at java.util.concurrent.Executors$RunnableAdapter.call(Executors.java:511)
	at java.util.concurrent.FutureTask.run(FutureTask.java:266)
	at java.util.concurrent.ThreadPoolExecutor.runWorker(ThreadPoolExecutor.java:1149)
	at java.util.concurrent.ThreadPoolExecutor$Worker.run(ThreadPoolExecutor.java:624)
	... 1 more
Caused by: org.apache.ratis.thirdparty.io.netty.channel.AbstractChannel$AnnotatedConnectException: Connection refused: /192.168.69.102:45684
	at sun.nio.ch.SocketChannelImpl.checkConnect(Native Method)
	at sun.nio.ch.SocketChannelImpl.finishConnect(SocketChannelImpl.java:717)
	at org.apache.ratis.thirdparty.io.netty.channel.socket.nio.NioSocketChannel.doFinishConnect(NioSocketChannel.java:327)
	at org.apache.ratis.thirdparty.io.netty.channel.nio.AbstractNioChannel$AbstractNioUnsafe.finishConnect(AbstractNioChannel.java:340)
	at org.apache.ratis.thirdparty.io.netty.channel.nio.NioEventLoop.processSelectedKey(NioEventLoop.java:632)
	at org.apache.ratis.thirdparty.io.netty.channel.nio.NioEventLoop.processSelectedKeysOptimized(NioEventLoop.java:579)
	at org.apache.ratis.thirdparty.io.netty.channel.nio.NioEventLoop.processSelectedKeys(NioEventLoop.java:496)
	at org.apache.ratis.thirdparty.io.netty.channel.nio.NioEventLoop.run(NioEventLoop.java:458)
	at org.apache.ratis.thirdparty.io.netty.util.concurrent.SingleThreadEventExecutor$5.run(SingleThreadEventExecutor.java:897)
	at org.apache.ratis.thirdparty.io.netty.util.concurrent.FastThreadLocalRunnable.run(FastThreadLocalRunnable.java:30)
	... 1 more
Caused by: java.net.ConnectException: Connection refused
	... 11 more
2019-08-28 18:53:58,800 [8e467a3f-4a15-4133-b9dc-29f72d763c9b:group-E16EF6B83B8D:LeaderElection24] INFO  impl.RaftServerImpl (RaftServerImpl.java:setRole(171)) - 8e467a3f-4a15-4133-b9dc-29f72d763c9b:group-E16EF6B83B8D changes role from CANDIDATE to FOLLOWER at term 12 for DISCOVERED_A_NEW_TERM
2019-08-28 18:53:58,803 [8e467a3f-4a15-4133-b9dc-29f72d763c9b:group-E16EF6B83B8D:LeaderElection24] INFO  impl.RoleInfo (RoleInfo.java:shutdownLeaderElection(134)) - 8e467a3f-4a15-4133-b9dc-29f72d763c9b: shutdown LeaderElection
2019-08-28 18:53:58,803 [8e467a3f-4a15-4133-b9dc-29f72d763c9b:group-E16EF6B83B8D:LeaderElection24] INFO  impl.RoleInfo (RoleInfo.java:updateAndGet(143)) - 8e467a3f-4a15-4133-b9dc-29f72d763c9b: start FollowerState
2019-08-28 18:53:58,869 | INFO  | SCMAudit | user=jenkins1000 | ip=192.168.69.102 | op=SEND_HEARTBEAT {datanodeUUID=f785551e-a0af-487c-a25a-ff90660b7a23, command=[]} | ret=SUCCESS |  
2019-08-28 18:53:59,027 | INFO  | SCMAudit | user=jenkins1000 | ip=192.168.69.102 | op=SEND_HEARTBEAT {datanodeUUID=8e467a3f-4a15-4133-b9dc-29f72d763c9b, command=[]} | ret=SUCCESS |  
2019-08-28 18:53:59,058 | INFO  | SCMAudit | user=jenkins1000 | ip=192.168.69.102 | op=SEND_HEARTBEAT {datanodeUUID=3fdab9ea-6680-47f1-aded-4d496f7ecd01, command=[]} | ret=SUCCESS |  
2019-08-28 18:53:59,103 [RatisPipelineUtilsThread] WARN  pipeline.RatisPipelineUtils (RatisPipelineUtils.java:destroyPipeline(66)) - Pipeline destroy failed for pipeline=PipelineID=7bb60850-7dfe-47e4-93e4-e16ef6b83b8d dn=79e7307e-2f03-4236-add7-13e1eabe57b5{ip: 192.168.69.102, host: pr-hdds-1783-trunk-gtrxg-786569963, networkLocation: /default-rack, certSerialId: null}
2019-08-28 18:53:59,107 [RatisPipelineUtilsThread] WARN  pipeline.RatisPipelineUtils (RatisPipelineUtils.java:destroyPipeline(66)) - Pipeline destroy failed for pipeline=PipelineID=7bb60850-7dfe-47e4-93e4-e16ef6b83b8d dn=ee626ce8-1972-4fe0-bbbc-07baa9e228a9{ip: 192.168.69.102, host: pr-hdds-1783-trunk-gtrxg-786569963, networkLocation: /default-rack, certSerialId: null}
2019-08-28 18:53:59,118 [grpc-default-executor-4] INFO  impl.RaftServerProxy (RaftServerProxy.java:remove(95)) - 8e467a3f-4a15-4133-b9dc-29f72d763c9b: remove FOLLOWER group-E16EF6B83B8D 8e467a3f-4a15-4133-b9dc-29f72d763c9b:t12, leader=null, voted=8e467a3f-4a15-4133-b9dc-29f72d763c9b, raftlog=8e467a3f-4a15-4133-b9dc-29f72d763c9b-SegmentedRaftLog:OPENED:c15,f15,i15, conf=0: [8e467a3f-4a15-4133-b9dc-29f72d763c9b:192.168.69.102:32993, ee626ce8-1972-4fe0-bbbc-07baa9e228a9:192.168.69.102:33628, 79e7307e-2f03-4236-add7-13e1eabe57b5:192.168.69.102:45684], old=null RUNNING
2019-08-28 18:53:59,124 [grpc-default-executor-4] INFO  impl.RaftServerImpl (RaftServerImpl.java:lambda$shutdown$3(245)) - 8e467a3f-4a15-4133-b9dc-29f72d763c9b: shutdown group-E16EF6B83B8D
2019-08-28 18:53:59,124 [grpc-default-executor-4] INFO  util.JmxRegister (JmxRegister.java:unregister(73)) - Successfully un-registered JMX Bean with object name Ratis:service=RaftServer,group=group-E16EF6B83B8D,id=8e467a3f-4a15-4133-b9dc-29f72d763c9b
2019-08-28 18:53:59,125 [grpc-default-executor-4] INFO  impl.RoleInfo (RoleInfo.java:shutdownFollowerState(121)) - 8e467a3f-4a15-4133-b9dc-29f72d763c9b: shutdown FollowerState
2019-08-28 18:53:59,125 [grpc-default-executor-4] INFO  impl.StateMachineUpdater (StateMachineUpdater.java:stopAndJoin(115)) - StateMachineUpdater:8e467a3f-4a15-4133-b9dc-29f72d763c9b:group-E16EF6B83B8D: set stopIndex = 15
2019-08-28 18:53:59,125 [StateMachineUpdater:8e467a3f-4a15-4133-b9dc-29f72d763c9b:group-E16EF6B83B8D] INFO  ratis.ContainerStateMachine (ContainerStateMachine.java:takeSnapshot(283)) - group-E16EF6B83B8D: Taking a snapshot at:(t:1, i:14) file /workdir/hadoop-ozone/integration-test/target/test-dir/MiniOzoneClusterImpl-c80cd34b-7aaf-457d-8c82-c76acd6115b4/datanode-5/data/ratis/7bb60850-7dfe-47e4-93e4-e16ef6b83b8d/sm/snapshot.1_14
2019-08-28 18:53:59,125 [Thread-655] INFO  impl.FollowerState (FollowerState.java:run(114)) - 8e467a3f-4a15-4133-b9dc-29f72d763c9b: FollowerState was interrupted: java.lang.InterruptedException: sleep interrupted
2019-08-28 18:53:59,152 [StateMachineUpdater:8e467a3f-4a15-4133-b9dc-29f72d763c9b:group-E16EF6B83B8D] INFO  ratis.ContainerStateMachine (ContainerStateMachine.java:takeSnapshot(294)) - group-E16EF6B83B8D: Finished taking a snapshot at:(t:1, i:14) file:/workdir/hadoop-ozone/integration-test/target/test-dir/MiniOzoneClusterImpl-c80cd34b-7aaf-457d-8c82-c76acd6115b4/datanode-5/data/ratis/7bb60850-7dfe-47e4-93e4-e16ef6b83b8d/sm/snapshot.1_14 time:26
2019-08-28 18:53:59,152 [StateMachineUpdater:8e467a3f-4a15-4133-b9dc-29f72d763c9b:group-E16EF6B83B8D] INFO  impl.StateMachineUpdater (StateMachineUpdater.java:takeSnapshot(242)) - StateMachineUpdater:8e467a3f-4a15-4133-b9dc-29f72d763c9b:group-E16EF6B83B8D: Took a snapshot at index 14
2019-08-28 18:53:59,152 [StateMachineUpdater:8e467a3f-4a15-4133-b9dc-29f72d763c9b:group-E16EF6B83B8D] INFO  impl.StateMachineUpdater (StateMachineUpdater.java:lambda$new$0(80)) - StateMachineUpdater:8e467a3f-4a15-4133-b9dc-29f72d763c9b:group-E16EF6B83B8D: snapshotIndex: updateIncreasingly -1 -> 14
2019-08-28 18:53:59,153 [grpc-default-executor-4] INFO  impl.RaftServerImpl (ServerState.java:close(394)) - 8e467a3f-4a15-4133-b9dc-29f72d763c9b:group-E16EF6B83B8D closes. The last applied log index is 15
2019-08-28 18:53:59,154 [8e467a3f-4a15-4133-b9dc-29f72d763c9b-SegmentedRaftLogWorker:Storage Directory /workdir/hadoop-ozone/integration-test/target/test-dir/MiniOzoneClusterImpl-c80cd34b-7aaf-457d-8c82-c76acd6115b4/datanode-5/data/ratis/7bb60850-7dfe-47e4-93e4-e16ef6b83b8d] INFO  segmented.SegmentedRaftLogWorker (SegmentedRaftLogWorker.java:run(313)) - 8e467a3f-4a15-4133-b9dc-29f72d763c9b-SegmentedRaftLogWorker:Storage Directory /workdir/hadoop-ozone/integration-test/target/test-dir/MiniOzoneClusterImpl-c80cd34b-7aaf-457d-8c82-c76acd6115b4/datanode-5/data/ratis/7bb60850-7dfe-47e4-93e4-e16ef6b83b8d was interrupted, exiting. There are 0 tasks remaining in the queue.
2019-08-28 18:53:59,157 [grpc-default-executor-4] INFO  segmented.SegmentedRaftLogWorker (SegmentedRaftLogWorker.java:close(228)) - 8e467a3f-4a15-4133-b9dc-29f72d763c9b-SegmentedRaftLogWorker:Storage Directory /workdir/hadoop-ozone/integration-test/target/test-dir/MiniOzoneClusterImpl-c80cd34b-7aaf-457d-8c82-c76acd6115b4/datanode-5/data/ratis/7bb60850-7dfe-47e4-93e4-e16ef6b83b8d close()
2019-08-28 18:53:59,177 [RatisPipelineUtilsThread] INFO  pipeline.PipelineStateManager (PipelineStateManager.java:removePipeline(108)) - Pipeline Pipeline[ Id: 7bb60850-7dfe-47e4-93e4-e16ef6b83b8d, Nodes: 79e7307e-2f03-4236-add7-13e1eabe57b5{ip: 192.168.69.102, host: pr-hdds-1783-trunk-gtrxg-786569963, networkLocation: /default-rack, certSerialId: null}ee626ce8-1972-4fe0-bbbc-07baa9e228a9{ip: 192.168.69.102, host: pr-hdds-1783-trunk-gtrxg-786569963, networkLocation: /default-rack, certSerialId: null}8e467a3f-4a15-4133-b9dc-29f72d763c9b{ip: 192.168.69.102, host: pr-hdds-1783-trunk-gtrxg-786569963, networkLocation: /default-rack, certSerialId: null}, Type:RATIS, Factor:THREE, State:CLOSED] removed from db
2019-08-28 18:53:59,182 [RatisPipelineUtilsThread] WARN  pipeline.RatisPipelineUtils (RatisPipelineUtils.java:destroyPipeline(66)) - Pipeline destroy failed for pipeline=PipelineID=5e7fb1c4-75d0-470f-ba55-7a6df1d60b2d dn=79e7307e-2f03-4236-add7-13e1eabe57b5{ip: 192.168.69.102, host: pr-hdds-1783-trunk-gtrxg-786569963, networkLocation: /default-rack, certSerialId: null}
2019-08-28 18:53:59,182 [RatisPipelineUtilsThread] INFO  pipeline.PipelineStateManager (PipelineStateManager.java:removePipeline(108)) - Pipeline Pipeline[ Id: 5e7fb1c4-75d0-470f-ba55-7a6df1d60b2d, Nodes: 79e7307e-2f03-4236-add7-13e1eabe57b5{ip: 192.168.69.102, host: pr-hdds-1783-trunk-gtrxg-786569963, networkLocation: /default-rack, certSerialId: null}, Type:RATIS, Factor:ONE, State:CLOSED] removed from db
2019-08-28 18:53:59,616 | INFO  | SCMAudit | user=jenkins1000 | ip=192.168.69.102 | op=SEND_HEARTBEAT {datanodeUUID=0ec50947-c54d-40fe-a729-b0855dad3f0a, command=[]} | ret=SUCCESS |  
2019-08-28 18:53:59,763 | INFO  | SCMAudit | user=jenkins1000 | ip=192.168.69.102 | op=SEND_HEARTBEAT {datanodeUUID=2c9db6f5-ae6c-456e-aac1-300011bebd0b, command=[]} | ret=SUCCESS |  
2019-08-28 18:53:59,869 | INFO  | SCMAudit | user=jenkins1000 | ip=192.168.69.102 | op=SEND_HEARTBEAT {datanodeUUID=f785551e-a0af-487c-a25a-ff90660b7a23, command=[]} | ret=SUCCESS |  
2019-08-28 18:54:00,027 | INFO  | SCMAudit | user=jenkins1000 | ip=192.168.69.102 | op=SEND_HEARTBEAT {datanodeUUID=8e467a3f-4a15-4133-b9dc-29f72d763c9b, command=[]} | ret=SUCCESS |  
2019-08-28 18:54:00,059 | INFO  | SCMAudit | user=jenkins1000 | ip=192.168.69.102 | op=SEND_HEARTBEAT {datanodeUUID=3fdab9ea-6680-47f1-aded-4d496f7ecd01, command=[]} | ret=SUCCESS |  
2019-08-28 18:54:00,617 | INFO  | SCMAudit | user=jenkins1000 | ip=192.168.69.102 | op=SEND_HEARTBEAT {datanodeUUID=0ec50947-c54d-40fe-a729-b0855dad3f0a, command=[]} | ret=SUCCESS |  
2019-08-28 18:54:00,762 | INFO  | SCMAudit | user=jenkins1000 | ip=192.168.69.102 | op=SEND_HEARTBEAT {datanodeUUID=2c9db6f5-ae6c-456e-aac1-300011bebd0b, command=[]} | ret=SUCCESS |  
2019-08-28 18:54:00,842 [main] WARN  io.KeyOutputStream (KeyOutputStream.java:handleException(276)) - Encountered exception java.io.IOException: Unexpected Storage Container Exception: java.util.concurrent.CompletionException: java.util.concurrent.CompletionException: org.apache.ratis.protocol.GroupMismatchException: 8e467a3f-4a15-4133-b9dc-29f72d763c9b: group-E16EF6B83B8D not found. on the pipeline Pipeline[ Id: 7bb60850-7dfe-47e4-93e4-e16ef6b83b8d, Nodes: 79e7307e-2f03-4236-add7-13e1eabe57b5{ip: 192.168.69.102, host: pr-hdds-1783-trunk-gtrxg-786569963, networkLocation: /default-rack, certSerialId: null}ee626ce8-1972-4fe0-bbbc-07baa9e228a9{ip: 192.168.69.102, host: pr-hdds-1783-trunk-gtrxg-786569963, networkLocation: /default-rack, certSerialId: null}8e467a3f-4a15-4133-b9dc-29f72d763c9b{ip: 192.168.69.102, host: pr-hdds-1783-trunk-gtrxg-786569963, networkLocation: /default-rack, certSerialId: null}, Type:RATIS, Factor:THREE, State:OPEN]. The last committed block length is 450, uncommitted data length is 350 retry count 0
2019-08-28 18:54:00,881 | INFO  | SCMAudit | user=jenkins1000 | ip=192.168.69.102 | op=SEND_HEARTBEAT {datanodeUUID=f785551e-a0af-487c-a25a-ff90660b7a23, command=[]} | ret=SUCCESS |  
2019-08-28 18:54:00,885 | INFO  | SCMAudit | user=jenkins1000 | ip=192.168.69.102 | op=ALLOCATE_BLOCK {owner=e411ebcc-5819-41a8-9bd3-3c8d6d10c353, size=800, type=RATIS, factor=THREE} | ret=SUCCESS |  
2019-08-28 18:54:00,888 | INFO  | OMAudit | user=jenkins1000 | ip=127.0.0.1 | op=ALLOCATE_BLOCK {volume=testblockoutputstream, bucket=testblockoutputstream, key=fa3bfb99-e739-4050-ba21-e03ec761b281, dataSize=0, replicationType=null, replicationFactor=null, keyLocationInfo=null, clientID=102696115258785792} | ret=SUCCESS |  
2019-08-28 18:54:00,904 [grpc-default-executor-4] INFO  client.GrpcClientProtocolClient (GrpcClientProtocolClient.java:onNext(255)) - client-6D3AE274899B->f785551e-a0af-487c-a25a-ff90660b7a23: receive RaftClientReply:client-6D3AE274899B->f785551e-a0af-487c-a25a-ff90660b7a23@group-A2878BEACCC6, cid=32, FAILED org.apache.ratis.protocol.NotLeaderException: Server f785551e-a0af-487c-a25a-ff90660b7a23 is not the leader (3fdab9ea-6680-47f1-aded-4d496f7ecd01:192.168.69.102:40884). Request must be sent to leader., logIndex=0, commits[f785551e-a0af-487c-a25a-ff90660b7a23:c0, 3fdab9ea-6680-47f1-aded-4d496f7ecd01:c0, 0ec50947-c54d-40fe-a729-b0855dad3f0a:c0]
2019-08-28 18:54:01,027 | INFO  | SCMAudit | user=jenkins1000 | ip=192.168.69.102 | op=SEND_HEARTBEAT {datanodeUUID=8e467a3f-4a15-4133-b9dc-29f72d763c9b, command=[]} | ret=SUCCESS |  
2019-08-28 18:54:01,060 | INFO  | SCMAudit | user=jenkins1000 | ip=192.168.69.102 | op=SEND_HEARTBEAT {datanodeUUID=3fdab9ea-6680-47f1-aded-4d496f7ecd01, command=[]} | ret=SUCCESS |  
2019-08-28 18:54:01,106 | INFO  | DNAudit | user=null | ip=null | op=WRITE_CHUNK {blockData=conID: 2 locID: 102696120541839362 bcsId: 0} | ret=SUCCESS |  
2019-08-28 18:54:01,106 | INFO  | DNAudit | user=null | ip=null | op=WRITE_CHUNK {blockData=conID: 2 locID: 102696120541839362 bcsId: 0} | ret=SUCCESS |  
2019-08-28 18:54:01,106 | INFO  | DNAudit | user=null | ip=null | op=WRITE_CHUNK {blockData=conID: 2 locID: 102696120541839362 bcsId: 0} | ret=SUCCESS |  
2019-08-28 18:54:01,107 | INFO  | SCMAudit | user=jenkins1000 | ip=192.168.69.102 | op=SEND_HEARTBEAT {datanodeUUID=3fdab9ea-6680-47f1-aded-4d496f7ecd01, command=[]} | ret=SUCCESS |  
2019-08-28 18:54:01,107 | INFO  | SCMAudit | user=jenkins1000 | ip=192.168.69.102 | op=SEND_HEARTBEAT {datanodeUUID=0ec50947-c54d-40fe-a729-b0855dad3f0a, command=[]} | ret=SUCCESS |  
2019-08-28 18:54:01,108 | INFO  | SCMAudit | user=jenkins1000 | ip=192.168.69.102 | op=SEND_HEARTBEAT {datanodeUUID=f785551e-a0af-487c-a25a-ff90660b7a23, command=[]} | ret=SUCCESS |  
2019-08-28 18:54:01,122 | INFO  | DNAudit | user=null | ip=null | op=WRITE_CHUNK {blockData=conID: 2 locID: 102696120541839362 bcsId: 0} | ret=SUCCESS |  
2019-08-28 18:54:01,128 [grpc-default-executor-3] INFO  client.GrpcClientProtocolClient (GrpcClientProtocolClient.java:onNext(255)) - client-6D3AE274899B->3fdab9ea-6680-47f1-aded-4d496f7ecd01: receive RaftClientReply:client-6D3AE274899B->3fdab9ea-6680-47f1-aded-4d496f7ecd01@group-A2878BEACCC6, cid=32, SUCCESS, logIndex=1, commits[3fdab9ea-6680-47f1-aded-4d496f7ecd01:c1, f785551e-a0af-487c-a25a-ff90660b7a23:c0, 0ec50947-c54d-40fe-a729-b0855dad3f0a:c0]
2019-08-28 18:54:01,133 | INFO  | DNAudit | user=null | ip=null | op=WRITE_CHUNK {blockData=conID: 2 locID: 102696120541839362 bcsId: 0} | ret=SUCCESS |  
2019-08-28 18:54:01,136 | INFO  | DNAudit | user=null | ip=null | op=WRITE_CHUNK {blockData=conID: 2 locID: 102696120541839362 bcsId: 0} | ret=SUCCESS |  
2019-08-28 18:54:01,137 | INFO  | DNAudit | user=null | ip=null | op=WRITE_CHUNK {blockData=conID: 2 locID: 102696120541839362 bcsId: 0} | ret=SUCCESS |  
2019-08-28 18:54:01,139 | INFO  | DNAudit | user=null | ip=null | op=WRITE_CHUNK {blockData=conID: 2 locID: 102696120541839362 bcsId: 0} | ret=SUCCESS |  
2019-08-28 18:54:01,139 | INFO  | DNAudit | user=null | ip=null | op=WRITE_CHUNK {blockData=conID: 2 locID: 102696120541839362 bcsId: 0} | ret=SUCCESS |  
2019-08-28 18:54:01,141 | INFO  | DNAudit | user=null | ip=null | op=WRITE_CHUNK {blockData=conID: 2 locID: 102696120541839362 bcsId: 0} | ret=SUCCESS |  
2019-08-28 18:54:01,141 | INFO  | DNAudit | user=null | ip=null | op=WRITE_CHUNK {blockData=conID: 2 locID: 102696120541839362 bcsId: 0} | ret=SUCCESS |  
2019-08-28 18:54:01,144 | INFO  | DNAudit | user=null | ip=null | op=WRITE_CHUNK {blockData=conID: 2 locID: 102696120541839362 bcsId: 0} | ret=SUCCESS |  
2019-08-28 18:54:01,145 | INFO  | DNAudit | user=null | ip=null | op=WRITE_CHUNK {blockData=conID: 2 locID: 102696120541839362 bcsId: 0} | ret=SUCCESS |  
2019-08-28 18:54:01,145 | INFO  | DNAudit | user=null | ip=null | op=WRITE_CHUNK {blockData=conID: 2 locID: 102696120541839362 bcsId: 0} | ret=SUCCESS |  
2019-08-28 18:54:01,146 | INFO  | DNAudit | user=null | ip=null | op=WRITE_CHUNK {blockData=conID: 2 locID: 102696120541839362 bcsId: 0} | ret=SUCCESS |  
2019-08-28 18:54:01,155 | INFO  | DNAudit | user=null | ip=null | op=WRITE_CHUNK {blockData=conID: 2 locID: 102696120541839362 bcsId: 0} | ret=SUCCESS |  
2019-08-28 18:54:01,163 [grpc-default-executor-4] INFO  client.GrpcClientProtocolClient (GrpcClientProtocolClient.java:onNext(255)) - client-6D3AE274899B->3fdab9ea-6680-47f1-aded-4d496f7ecd01: receive RaftClientReply:client-6D3AE274899B->3fdab9ea-6680-47f1-aded-4d496f7ecd01@group-A2878BEACCC6, cid=33, SUCCESS, logIndex=3, commits[3fdab9ea-6680-47f1-aded-4d496f7ecd01:c4, f785551e-a0af-487c-a25a-ff90660b7a23:c1, 0ec50947-c54d-40fe-a729-b0855dad3f0a:c1]
2019-08-28 18:54:01,171 | INFO  | DNAudit | user=null | ip=null | op=WRITE_CHUNK {blockData=conID: 2 locID: 102696120541839362 bcsId: 0} | ret=SUCCESS |  
2019-08-28 18:54:01,171 | INFO  | DNAudit | user=null | ip=null | op=WRITE_CHUNK {blockData=conID: 2 locID: 102696120541839362 bcsId: 0} | ret=SUCCESS |  
2019-08-28 18:54:01,248 | INFO  | DNAudit | user=null | ip=null | op=PUT_BLOCK {blockData=[blockId=conID: 2 locID: 102696120541839362 bcsId: 0,size=200]} | ret=SUCCESS |  
2019-08-28 18:54:01,249 | INFO  | DNAudit | user=null | ip=null | op=WRITE_CHUNK {blockData=conID: 2 locID: 102696120541839362 bcsId: 0} | ret=SUCCESS |  
2019-08-28 18:54:01,250 | INFO  | DNAudit | user=null | ip=null | op=WRITE_CHUNK {blockData=conID: 2 locID: 102696120541839362 bcsId: 0} | ret=SUCCESS |  
2019-08-28 18:54:01,250 [grpc-default-executor-3] INFO  client.GrpcClientProtocolClient (GrpcClientProtocolClient.java:onNext(255)) - client-6D3AE274899B->3fdab9ea-6680-47f1-aded-4d496f7ecd01: receive RaftClientReply:client-6D3AE274899B->3fdab9ea-6680-47f1-aded-4d496f7ecd01@group-A2878BEACCC6, cid=34, SUCCESS, logIndex=4, commits[3fdab9ea-6680-47f1-aded-4d496f7ecd01:c12, f785551e-a0af-487c-a25a-ff90660b7a23:c7, 0ec50947-c54d-40fe-a729-b0855dad3f0a:c7]
2019-08-28 18:54:01,251 [grpc-default-executor-3] INFO  client.GrpcClientProtocolClient (GrpcClientProtocolClient.java:onNext(255)) - client-6D3AE274899B->3fdab9ea-6680-47f1-aded-4d496f7ecd01: receive RaftClientReply:client-6D3AE274899B->3fdab9ea-6680-47f1-aded-4d496f7ecd01@group-A2878BEACCC6, cid=35, SUCCESS, logIndex=5, commits[3fdab9ea-6680-47f1-aded-4d496f7ecd01:c12, f785551e-a0af-487c-a25a-ff90660b7a23:c7, 0ec50947-c54d-40fe-a729-b0855dad3f0a:c7]
2019-08-28 18:54:01,252 [grpc-default-executor-3] INFO  client.GrpcClientProtocolClient (GrpcClientProtocolClient.java:onNext(255)) - client-6D3AE274899B->3fdab9ea-6680-47f1-aded-4d496f7ecd01: receive RaftClientReply:client-6D3AE274899B->3fdab9ea-6680-47f1-aded-4d496f7ecd01@group-A2878BEACCC6, cid=36, SUCCESS, logIndex=6, commits[3fdab9ea-6680-47f1-aded-4d496f7ecd01:c12, f785551e-a0af-487c-a25a-ff90660b7a23:c7, 0ec50947-c54d-40fe-a729-b0855dad3f0a:c7]
2019-08-28 18:54:01,340 | INFO  | DNAudit | user=null | ip=null | op=PUT_BLOCK {blockData=[blockId=conID: 2 locID: 102696120541839362 bcsId: 0,size=200]} | ret=SUCCESS |  
2019-08-28 18:54:01,341 | INFO  | DNAudit | user=null | ip=null | op=WRITE_CHUNK {blockData=conID: 2 locID: 102696120541839362 bcsId: 0} | ret=SUCCESS |  
2019-08-28 18:54:01,342 | INFO  | DNAudit | user=null | ip=null | op=WRITE_CHUNK {blockData=conID: 2 locID: 102696120541839362 bcsId: 0} | ret=SUCCESS |  
2019-08-28 18:54:01,384 | INFO  | DNAudit | user=null | ip=null | op=PUT_BLOCK {blockData=[blockId=conID: 2 locID: 102696120541839362 bcsId: 0,size=400]} | ret=SUCCESS |  
2019-08-28 18:54:01,384 | INFO  | DNAudit | user=null | ip=null | op=PUT_BLOCK {blockData=[blockId=conID: 2 locID: 102696120541839362 bcsId: 0,size=400]} | ret=SUCCESS |  
2019-08-28 18:54:01,387 [grpc-default-executor-3] INFO  client.GrpcClientProtocolClient (GrpcClientProtocolClient.java:onNext(255)) - client-6D3AE274899B->3fdab9ea-6680-47f1-aded-4d496f7ecd01: receive RaftClientReply:client-6D3AE274899B->3fdab9ea-6680-47f1-aded-4d496f7ecd01@group-A2878BEACCC6, cid=37, SUCCESS, logIndex=7, commits[3fdab9ea-6680-47f1-aded-4d496f7ecd01:c12, f785551e-a0af-487c-a25a-ff90660b7a23:c7, 0ec50947-c54d-40fe-a729-b0855dad3f0a:c7]
2019-08-28 18:54:01,392 | INFO  | DNAudit | user=null | ip=null | op=WRITE_CHUNK {blockData=conID: 2 locID: 102696120541839362 bcsId: 7} | ret=SUCCESS |  
2019-08-28 18:54:01,394 | INFO  | DNAudit | user=null | ip=null | op=WRITE_CHUNK {blockData=conID: 2 locID: 102696120541839362 bcsId: 7} | ret=SUCCESS |  
2019-08-28 18:54:01,394 | INFO  | DNAudit | user=null | ip=null | op=WRITE_CHUNK {blockData=conID: 2 locID: 102696120541839362 bcsId: 7} | ret=SUCCESS |  
2019-08-28 18:54:01,406 | INFO  | DNAudit | user=null | ip=null | op=PUT_BLOCK {blockData=[blockId=conID: 2 locID: 102696120541839362 bcsId: 0,size=200]} | ret=SUCCESS |  
2019-08-28 18:54:01,407 | INFO  | DNAudit | user=null | ip=null | op=WRITE_CHUNK {blockData=conID: 2 locID: 102696120541839362 bcsId: 0} | ret=SUCCESS |  
2019-08-28 18:54:01,408 | INFO  | DNAudit | user=null | ip=null | op=WRITE_CHUNK {blockData=conID: 2 locID: 102696120541839362 bcsId: 0} | ret=SUCCESS |  
2019-08-28 18:54:01,411 | INFO  | DNAudit | user=null | ip=null | op=PUT_BLOCK {blockData=[blockId=conID: 2 locID: 102696120541839362 bcsId: 0,size=400]} | ret=SUCCESS |  
2019-08-28 18:54:01,419 | INFO  | DNAudit | user=null | ip=null | op=WRITE_CHUNK {blockData=conID: 2 locID: 102696120541839362 bcsId: 7} | ret=SUCCESS |  
2019-08-28 18:54:01,422 | INFO  | DNAudit | user=null | ip=null | op=PUT_BLOCK {blockData=[blockId=conID: 2 locID: 102696120541839362 bcsId: 0,size=450]} | ret=SUCCESS |  
2019-08-28 18:54:01,423 [grpc-default-executor-6] INFO  client.GrpcClientProtocolClient (GrpcClientProtocolClient.java:onNext(255)) - client-6D3AE274899B->3fdab9ea-6680-47f1-aded-4d496f7ecd01: receive RaftClientReply:client-6D3AE274899B->3fdab9ea-6680-47f1-aded-4d496f7ecd01@group-A2878BEACCC6, cid=38, SUCCESS, logIndex=13, commits[3fdab9ea-6680-47f1-aded-4d496f7ecd01:c14, f785551e-a0af-487c-a25a-ff90660b7a23:c12, 0ec50947-c54d-40fe-a729-b0855dad3f0a:c12]
2019-08-28 18:54:01,423 [grpc-default-executor-6] INFO  client.GrpcClientProtocolClient (GrpcClientProtocolClient.java:onNext(255)) - client-6D3AE274899B->3fdab9ea-6680-47f1-aded-4d496f7ecd01: receive RaftClientReply:client-6D3AE274899B->3fdab9ea-6680-47f1-aded-4d496f7ecd01@group-A2878BEACCC6, cid=39, SUCCESS, logIndex=14, commits[3fdab9ea-6680-47f1-aded-4d496f7ecd01:c14, f785551e-a0af-487c-a25a-ff90660b7a23:c12, 0ec50947-c54d-40fe-a729-b0855dad3f0a:c12]
2019-08-28 18:54:01,763 | INFO  | SCMAudit | user=jenkins1000 | ip=192.168.69.102 | op=SEND_HEARTBEAT {datanodeUUID=2c9db6f5-ae6c-456e-aac1-300011bebd0b, command=[]} | ret=SUCCESS |  
2019-08-28 18:54:02,027 | INFO  | SCMAudit | user=jenkins1000 | ip=192.168.69.102 | op=SEND_HEARTBEAT {datanodeUUID=8e467a3f-4a15-4133-b9dc-29f72d763c9b, command=[]} | ret=SUCCESS |  
2019-08-28 18:54:02,092 | INFO  | SCMAudit | user=jenkins1000 | ip=192.168.69.102 | op=SEND_HEARTBEAT {datanodeUUID=3fdab9ea-6680-47f1-aded-4d496f7ecd01, command=[]} | ret=SUCCESS |  
2019-08-28 18:54:02,092 | INFO  | SCMAudit | user=jenkins1000 | ip=192.168.69.102 | op=SEND_HEARTBEAT {datanodeUUID=f785551e-a0af-487c-a25a-ff90660b7a23, command=[]} | ret=SUCCESS |  
2019-08-28 18:54:02,093 | INFO  | SCMAudit | user=jenkins1000 | ip=192.168.69.102 | op=SEND_HEARTBEAT {datanodeUUID=0ec50947-c54d-40fe-a729-b0855dad3f0a, command=[]} | ret=SUCCESS |  
2019-08-28 18:54:02,425 [main] WARN  scm.XceiverClientRatis (XceiverClientRatis.java:watchForCommit(262)) - 3 way commit failed on pipeline Pipeline[ Id: c9706caa-34c2-45ec-8f67-a2878beaccc6, Nodes: f785551e-a0af-487c-a25a-ff90660b7a23{ip: 192.168.69.102, host: pr-hdds-1783-trunk-gtrxg-786569963, networkLocation: /default-rack, certSerialId: null}3fdab9ea-6680-47f1-aded-4d496f7ecd01{ip: 192.168.69.102, host: pr-hdds-1783-trunk-gtrxg-786569963, networkLocation: /default-rack, certSerialId: null}0ec50947-c54d-40fe-a729-b0855dad3f0a{ip: 192.168.69.102, host: pr-hdds-1783-trunk-gtrxg-786569963, networkLocation: /default-rack, certSerialId: null}, Type:RATIS, Factor:THREE, State:OPEN]
java.util.concurrent.TimeoutException
	at java.util.concurrent.CompletableFuture.timedGet(CompletableFuture.java:1771)
	at java.util.concurrent.CompletableFuture.get(CompletableFuture.java:1915)
	at org.apache.hadoop.hdds.scm.XceiverClientRatis.watchForCommit(XceiverClientRatis.java:259)
	at org.apache.hadoop.hdds.scm.storage.CommitWatcher.watchForCommit(CommitWatcher.java:194)
	at org.apache.hadoop.hdds.scm.storage.CommitWatcher.watchOnLastIndex(CommitWatcher.java:157)
	at org.apache.hadoop.hdds.scm.storage.BlockOutputStream.watchForCommit(BlockOutputStream.java:347)
	at org.apache.hadoop.hdds.scm.storage.BlockOutputStream.handleFlush(BlockOutputStream.java:479)
	at org.apache.hadoop.hdds.scm.storage.BlockOutputStream.flush(BlockOutputStream.java:428)
	at org.apache.hadoop.ozone.client.io.BlockOutputStreamEntry.flush(BlockOutputStreamEntry.java:136)
	at org.apache.hadoop.ozone.client.io.KeyOutputStream.handleFlushOrClose(KeyOutputStream.java:442)
	at org.apache.hadoop.ozone.client.io.KeyOutputStream.flush(KeyOutputStream.java:396)
	at org.apache.hadoop.ozone.client.io.OzoneOutputStream.flush(OzoneOutputStream.java:54)
	at org.apache.hadoop.ozone.client.rpc.TestBlockOutputStreamWithFailures.test2DatanodesFailure(TestBlockOutputStreamWithFailures.java:502)
	at sun.reflect.NativeMethodAccessorImpl.invoke0(Native Method)
	at sun.reflect.NativeMethodAccessorImpl.invoke(NativeMethodAccessorImpl.java:62)
	at sun.reflect.DelegatingMethodAccessorImpl.invoke(DelegatingMethodAccessorImpl.java:43)
	at java.lang.reflect.Method.invoke(Method.java:498)
	at org.junit.runners.model.FrameworkMethod$1.runReflectiveCall(FrameworkMethod.java:47)
	at org.junit.internal.runners.model.ReflectiveCallable.run(ReflectiveCallable.java:12)
	at org.junit.runners.model.FrameworkMethod.invokeExplosively(FrameworkMethod.java:44)
	at org.junit.internal.runners.statements.InvokeMethod.evaluate(InvokeMethod.java:17)
	at org.junit.internal.runners.statements.RunBefores.evaluate(RunBefores.java:26)
	at org.junit.internal.runners.statements.RunAfters.evaluate(RunAfters.java:27)
	at org.junit.runners.ParentRunner.runLeaf(ParentRunner.java:271)
	at org.junit.runners.BlockJUnit4ClassRunner.runChild(BlockJUnit4ClassRunner.java:70)
	at org.junit.runners.BlockJUnit4ClassRunner.runChild(BlockJUnit4ClassRunner.java:50)
	at org.junit.runners.ParentRunner$3.run(ParentRunner.java:238)
	at org.junit.runners.ParentRunner$1.schedule(ParentRunner.java:63)
	at org.junit.runners.ParentRunner.runChildren(ParentRunner.java:236)
	at org.junit.runners.ParentRunner.access$000(ParentRunner.java:53)
	at org.junit.runners.ParentRunner$2.evaluate(ParentRunner.java:229)
	at org.junit.runners.ParentRunner.run(ParentRunner.java:309)
	at org.apache.maven.surefire.junit4.JUnit4Provider.execute(JUnit4Provider.java:365)
	at org.apache.maven.surefire.junit4.JUnit4Provider.executeWithRerun(JUnit4Provider.java:273)
	at org.apache.maven.surefire.junit4.JUnit4Provider.executeTestSet(JUnit4Provider.java:238)
	at org.apache.maven.surefire.junit4.JUnit4Provider.invoke(JUnit4Provider.java:159)
	at org.apache.maven.surefire.booter.ForkedBooter.invokeProviderInSameClassLoader(ForkedBooter.java:384)
	at org.apache.maven.surefire.booter.ForkedBooter.runSuitesInProcess(ForkedBooter.java:345)
	at org.apache.maven.surefire.booter.ForkedBooter.execute(ForkedBooter.java:126)
	at org.apache.maven.surefire.booter.ForkedBooter.main(ForkedBooter.java:418)
2019-08-28 18:54:02,764 | INFO  | SCMAudit | user=jenkins1000 | ip=192.168.69.102 | op=SEND_HEARTBEAT {datanodeUUID=2c9db6f5-ae6c-456e-aac1-300011bebd0b, command=[]} | ret=SUCCESS |  
2019-08-28 18:54:03,027 | INFO  | SCMAudit | user=jenkins1000 | ip=192.168.69.102 | op=SEND_HEARTBEAT {datanodeUUID=8e467a3f-4a15-4133-b9dc-29f72d763c9b, command=[]} | ret=SUCCESS |  
2019-08-28 18:54:03,092 | INFO  | SCMAudit | user=jenkins1000 | ip=192.168.69.102 | op=SEND_HEARTBEAT {datanodeUUID=f785551e-a0af-487c-a25a-ff90660b7a23, command=[]} | ret=SUCCESS |  
2019-08-28 18:54:03,092 | INFO  | SCMAudit | user=jenkins1000 | ip=192.168.69.102 | op=SEND_HEARTBEAT {datanodeUUID=0ec50947-c54d-40fe-a729-b0855dad3f0a, command=[]} | ret=SUCCESS |  
2019-08-28 18:54:03,092 | INFO  | SCMAudit | user=jenkins1000 | ip=192.168.69.102 | op=SEND_HEARTBEAT {datanodeUUID=3fdab9ea-6680-47f1-aded-4d496f7ecd01, command=[]} | ret=SUCCESS |  
2019-08-28 18:54:03,428 [main] WARN  storage.CommitWatcher (CommitWatcher.java:watchForCommit(203)) - watchForCommit failed for index 14
java.util.concurrent.TimeoutException
	at java.util.concurrent.CompletableFuture.timedGet(CompletableFuture.java:1771)
	at java.util.concurrent.CompletableFuture.get(CompletableFuture.java:1915)
	at org.apache.hadoop.hdds.scm.XceiverClientRatis.watchForCommit(XceiverClientRatis.java:268)
	at org.apache.hadoop.hdds.scm.storage.CommitWatcher.watchForCommit(CommitWatcher.java:194)
	at org.apache.hadoop.hdds.scm.storage.CommitWatcher.watchOnLastIndex(CommitWatcher.java:157)
	at org.apache.hadoop.hdds.scm.storage.BlockOutputStream.watchForCommit(BlockOutputStream.java:347)
	at org.apache.hadoop.hdds.scm.storage.BlockOutputStream.handleFlush(BlockOutputStream.java:479)
	at org.apache.hadoop.hdds.scm.storage.BlockOutputStream.flush(BlockOutputStream.java:428)
	at org.apache.hadoop.ozone.client.io.BlockOutputStreamEntry.flush(BlockOutputStreamEntry.java:136)
	at org.apache.hadoop.ozone.client.io.KeyOutputStream.handleFlushOrClose(KeyOutputStream.java:442)
	at org.apache.hadoop.ozone.client.io.KeyOutputStream.flush(KeyOutputStream.java:396)
	at org.apache.hadoop.ozone.client.io.OzoneOutputStream.flush(OzoneOutputStream.java:54)
	at org.apache.hadoop.ozone.client.rpc.TestBlockOutputStreamWithFailures.test2DatanodesFailure(TestBlockOutputStreamWithFailures.java:502)
	at sun.reflect.NativeMethodAccessorImpl.invoke0(Native Method)
	at sun.reflect.NativeMethodAccessorImpl.invoke(NativeMethodAccessorImpl.java:62)
	at sun.reflect.DelegatingMethodAccessorImpl.invoke(DelegatingMethodAccessorImpl.java:43)
	at java.lang.reflect.Method.invoke(Method.java:498)
	at org.junit.runners.model.FrameworkMethod$1.runReflectiveCall(FrameworkMethod.java:47)
	at org.junit.internal.runners.model.ReflectiveCallable.run(ReflectiveCallable.java:12)
	at org.junit.runners.model.FrameworkMethod.invokeExplosively(FrameworkMethod.java:44)
	at org.junit.internal.runners.statements.InvokeMethod.evaluate(InvokeMethod.java:17)
	at org.junit.internal.runners.statements.RunBefores.evaluate(RunBefores.java:26)
	at org.junit.internal.runners.statements.RunAfters.evaluate(RunAfters.java:27)
	at org.junit.runners.ParentRunner.runLeaf(ParentRunner.java:271)
	at org.junit.runners.BlockJUnit4ClassRunner.runChild(BlockJUnit4ClassRunner.java:70)
	at org.junit.runners.BlockJUnit4ClassRunner.runChild(BlockJUnit4ClassRunner.java:50)
	at org.junit.runners.ParentRunner$3.run(ParentRunner.java:238)
	at org.junit.runners.ParentRunner$1.schedule(ParentRunner.java:63)
	at org.junit.runners.ParentRunner.runChildren(ParentRunner.java:236)
	at org.junit.runners.ParentRunner.access$000(ParentRunner.java:53)
	at org.junit.runners.ParentRunner$2.evaluate(ParentRunner.java:229)
	at org.junit.runners.ParentRunner.run(ParentRunner.java:309)
	at org.apache.maven.surefire.junit4.JUnit4Provider.execute(JUnit4Provider.java:365)
	at org.apache.maven.surefire.junit4.JUnit4Provider.executeWithRerun(JUnit4Provider.java:273)
	at org.apache.maven.surefire.junit4.JUnit4Provider.executeTestSet(JUnit4Provider.java:238)
	at org.apache.maven.surefire.junit4.JUnit4Provider.invoke(JUnit4Provider.java:159)
	at org.apache.maven.surefire.booter.ForkedBooter.invokeProviderInSameClassLoader(ForkedBooter.java:384)
	at org.apache.maven.surefire.booter.ForkedBooter.runSuitesInProcess(ForkedBooter.java:345)
	at org.apache.maven.surefire.booter.ForkedBooter.execute(ForkedBooter.java:126)
	at org.apache.maven.surefire.booter.ForkedBooter.main(ForkedBooter.java:418)
2019-08-28 18:54:03,429 [main] WARN  io.KeyOutputStream (KeyOutputStream.java:handleException(276)) - Encountered exception java.io.IOException: Unexpected Storage Container Exception: java.io.IOException: Unexpected Storage Container Exception: java.util.concurrent.TimeoutException on the pipeline Pipeline[ Id: c9706caa-34c2-45ec-8f67-a2878beaccc6, Nodes: f785551e-a0af-487c-a25a-ff90660b7a23{ip: 192.168.69.102, host: pr-hdds-1783-trunk-gtrxg-786569963, networkLocation: /default-rack, certSerialId: null}3fdab9ea-6680-47f1-aded-4d496f7ecd01{ip: 192.168.69.102, host: pr-hdds-1783-trunk-gtrxg-786569963, networkLocation: /default-rack, certSerialId: null}0ec50947-c54d-40fe-a729-b0855dad3f0a{ip: 192.168.69.102, host: pr-hdds-1783-trunk-gtrxg-786569963, networkLocation: /default-rack, certSerialId: null}, Type:RATIS, Factor:THREE, State:OPEN]. The last committed block length is 400, uncommitted data length is 50 retry count 0
2019-08-28 18:54:03,440 [IPC Server handler 4 on 38508] WARN  block.BlockManagerImpl (BlockManagerImpl.java:allocateBlock(192)) - Pipeline creation failed for type:RATIS factor:THREE. Retrying get pipelines call once.
org.apache.hadoop.hdds.scm.pipeline.InsufficientDatanodesException: Cannot create pipeline of factor 3 using 2 nodes.
	at org.apache.hadoop.hdds.scm.pipeline.RatisPipelineProvider.create(RatisPipelineProvider.java:151)
	at org.apache.hadoop.hdds.scm.pipeline.PipelineFactory.create(PipelineFactory.java:57)
	at org.apache.hadoop.hdds.scm.pipeline.SCMPipelineManager.createPipeline(SCMPipelineManager.java:149)
	at org.apache.hadoop.hdds.scm.block.BlockManagerImpl.allocateBlock(BlockManagerImpl.java:190)
	at org.apache.hadoop.hdds.scm.server.SCMBlockProtocolServer.allocateBlock(SCMBlockProtocolServer.java:175)
	at org.apache.hadoop.ozone.protocolPB.ScmBlockLocationProtocolServerSideTranslatorPB.allocateScmBlock(ScmBlockLocationProtocolServerSideTranslatorPB.java:153)
	at org.apache.hadoop.ozone.protocolPB.ScmBlockLocationProtocolServerSideTranslatorPB.send(ScmBlockLocationProtocolServerSideTranslatorPB.java:112)
	at org.apache.hadoop.hdds.protocol.proto.ScmBlockLocationProtocolProtos$ScmBlockLocationProtocolService$2.callBlockingMethod(ScmBlockLocationProtocolProtos.java:13157)
	at org.apache.hadoop.ipc.ProtobufRpcEngine$Server$ProtoBufRpcInvoker.call(ProtobufRpcEngine.java:524)
	at org.apache.hadoop.ipc.RPC$Server.call(RPC.java:1025)
	at org.apache.hadoop.ipc.Server$RpcCall.run(Server.java:876)
	at org.apache.hadoop.ipc.Server$RpcCall.run(Server.java:822)
	at java.security.AccessController.doPrivileged(Native Method)
	at javax.security.auth.Subject.doAs(Subject.java:422)
	at org.apache.hadoop.security.UserGroupInformation.doAs(UserGroupInformation.java:1730)
	at org.apache.hadoop.ipc.Server$Handler.run(Server.java:2682)
2019-08-28 18:54:03,440 [IPC Server handler 4 on 38508] INFO  block.BlockManagerImpl (BlockManagerImpl.java:allocateBlock(198)) - Could not find available pipeline of type:RATIS and factor:THREE even after retrying
2019-08-28 18:54:03,441 [IPC Server handler 4 on 38508] ERROR block.BlockManagerImpl (BlockManagerImpl.java:allocateBlock(222)) - Unable to allocate a block for the size: 800, type: RATIS, factor: THREE
2019-08-28 18:54:03,441 | INFO  | SCMAudit | user=jenkins1000 | ip=192.168.69.102 | op=ALLOCATE_BLOCK {owner=e411ebcc-5819-41a8-9bd3-3c8d6d10c353, size=800, type=RATIS, factor=THREE} | ret=SUCCESS |  
2019-08-28 18:54:03,443 | ERROR | OMAudit | user=jenkins1000 | ip=127.0.0.1 | op=ALLOCATE_BLOCK {volume=testblockoutputstream, bucket=testblockoutputstream, key=fa3bfb99-e739-4050-ba21-e03ec761b281, dataSize=0, replicationType=null, replicationFactor=null, keyLocationInfo=null, clientID=102696115258785792} | ret=FAILURE | org.apache.hadoop.hdds.scm.exceptions.SCMException: Allocated 0 blocks. Requested 1 blocks
	at org.apache.hadoop.hdds.scm.protocolPB.ScmBlockLocationProtocolClientSideTranslatorPB.handleError(ScmBlockLocationProtocolClientSideTranslatorPB.java:118)
	at org.apache.hadoop.hdds.scm.protocolPB.ScmBlockLocationProtocolClientSideTranslatorPB.allocateBlock(ScmBlockLocationProtocolClientSideTranslatorPB.java:156) 
2019-08-28 18:54:03,451 [main] ERROR io.BlockOutputStreamEntryPool (BlockOutputStreamEntryPool.java:allocateBlockIfNeeded(299)) - Try to allocate more blocks for write failed, already allocated 0 blocks for this write.
INTERNAL_ERROR org.apache.hadoop.ozone.om.exceptions.OMException: Allocated 0 blocks. Requested 1 blocks
	at org.apache.hadoop.ozone.om.protocolPB.OzoneManagerProtocolClientSideTranslatorPB.handleError(OzoneManagerProtocolClientSideTranslatorPB.java:725)
	at org.apache.hadoop.ozone.om.protocolPB.OzoneManagerProtocolClientSideTranslatorPB.allocateBlock(OzoneManagerProtocolClientSideTranslatorPB.java:757)
	at org.apache.hadoop.ozone.client.io.BlockOutputStreamEntryPool.allocateNewBlock(BlockOutputStreamEntryPool.java:248)
	at org.apache.hadoop.ozone.client.io.BlockOutputStreamEntryPool.allocateBlockIfNeeded(BlockOutputStreamEntryPool.java:296)
	at org.apache.hadoop.ozone.client.io.KeyOutputStream.handleWrite(KeyOutputStream.java:201)
	at org.apache.hadoop.ozone.client.io.KeyOutputStream.handleRetry(KeyOutputStream.java:376)
	at org.apache.hadoop.ozone.client.io.KeyOutputStream.handleException(KeyOutputStream.java:325)
	at org.apache.hadoop.ozone.client.io.KeyOutputStream.handleFlushOrClose(KeyOutputStream.java:448)
	at org.apache.hadoop.ozone.client.io.KeyOutputStream.flush(KeyOutputStream.java:396)
	at org.apache.hadoop.ozone.client.io.OzoneOutputStream.flush(OzoneOutputStream.java:54)
	at org.apache.hadoop.ozone.client.rpc.TestBlockOutputStreamWithFailures.test2DatanodesFailure(TestBlockOutputStreamWithFailures.java:502)
	at sun.reflect.NativeMethodAccessorImpl.invoke0(Native Method)
	at sun.reflect.NativeMethodAccessorImpl.invoke(NativeMethodAccessorImpl.java:62)
	at sun.reflect.DelegatingMethodAccessorImpl.invoke(DelegatingMethodAccessorImpl.java:43)
	at java.lang.reflect.Method.invoke(Method.java:498)
	at org.junit.runners.model.FrameworkMethod$1.runReflectiveCall(FrameworkMethod.java:47)
	at org.junit.internal.runners.model.ReflectiveCallable.run(ReflectiveCallable.java:12)
	at org.junit.runners.model.FrameworkMethod.invokeExplosively(FrameworkMethod.java:44)
	at org.junit.internal.runners.statements.InvokeMethod.evaluate(InvokeMethod.java:17)
	at org.junit.internal.runners.statements.RunBefores.evaluate(RunBefores.java:26)
	at org.junit.internal.runners.statements.RunAfters.evaluate(RunAfters.java:27)
	at org.junit.runners.ParentRunner.runLeaf(ParentRunner.java:271)
	at org.junit.runners.BlockJUnit4ClassRunner.runChild(BlockJUnit4ClassRunner.java:70)
	at org.junit.runners.BlockJUnit4ClassRunner.runChild(BlockJUnit4ClassRunner.java:50)
	at org.junit.runners.ParentRunner$3.run(ParentRunner.java:238)
	at org.junit.runners.ParentRunner$1.schedule(ParentRunner.java:63)
	at org.junit.runners.ParentRunner.runChildren(ParentRunner.java:236)
	at org.junit.runners.ParentRunner.access$000(ParentRunner.java:53)
	at org.junit.runners.ParentRunner$2.evaluate(ParentRunner.java:229)
	at org.junit.runners.ParentRunner.run(ParentRunner.java:309)
	at org.apache.maven.surefire.junit4.JUnit4Provider.execute(JUnit4Provider.java:365)
	at org.apache.maven.surefire.junit4.JUnit4Provider.executeWithRerun(JUnit4Provider.java:273)
	at org.apache.maven.surefire.junit4.JUnit4Provider.executeTestSet(JUnit4Provider.java:238)
	at org.apache.maven.surefire.junit4.JUnit4Provider.invoke(JUnit4Provider.java:159)
	at org.apache.maven.surefire.booter.ForkedBooter.invokeProviderInSameClassLoader(ForkedBooter.java:384)
	at org.apache.maven.surefire.booter.ForkedBooter.runSuitesInProcess(ForkedBooter.java:345)
	at org.apache.maven.surefire.booter.ForkedBooter.execute(ForkedBooter.java:126)
	at org.apache.maven.surefire.booter.ForkedBooter.main(ForkedBooter.java:418)
2019-08-28 18:54:03,452 [main] INFO  ozone.MiniOzoneClusterImpl (MiniOzoneClusterImpl.java:shutdown(321)) - Shutting down the Mini Ozone Cluster
2019-08-28 18:54:03,453 | INFO  | SCMAudit | user=null | ip=null | op=GET_SCM_INFO null | ret=SUCCESS |  
2019-08-28 18:54:03,453 [main] INFO  ozone.MiniOzoneClusterImpl (MiniOzoneClusterImpl.java:stop(336)) - Stopping the Mini Ozone Cluster
2019-08-28 18:54:03,453 [main] INFO  ozone.MiniOzoneClusterImpl (MiniOzoneClusterImpl.java:stop(338)) - Stopping the OzoneManager
2019-08-28 18:54:03,453 [main] INFO  ipc.Server (Server.java:stop(3082)) - Stopping server on 36059
2019-08-28 18:54:03,465 [IPC Server listener on 36059] INFO  ipc.Server (Server.java:run(1185)) - Stopping IPC Server listener on 36059
2019-08-28 18:54:03,474 [IPC Server Responder] INFO  ipc.Server (Server.java:run(1319)) - Stopping IPC Server Responder
2019-08-28 18:54:03,468 [main] INFO  ratis.OzoneManagerDoubleBuffer (OzoneManagerDoubleBuffer.java:stop(248)) - Stopping OMDoubleBuffer flush thread
2019-08-28 18:54:03,491 [OMDoubleBufferFlushThread] INFO  ratis.OzoneManagerDoubleBuffer (OzoneManagerDoubleBuffer.java:flushTransactions(191)) - OMDoubleBuffer flush thread OMDoubleBufferFlushThread is interrupted and will exit. OMDoubleBufferFlushThread
2019-08-28 18:54:03,504 [main] INFO  utils.BackgroundService (BackgroundService.java:shutdown(148)) - Shutting down service KeyDeletingService
2019-08-28 18:54:03,506 [main] INFO  handler.ContextHandler (ContextHandler.java:doStop(910)) - Stopped o.e.j.w.WebAppContext@40d10481{/,null,UNAVAILABLE}{/ozoneManager}
2019-08-28 18:54:03,507 [main] INFO  server.AbstractConnector (AbstractConnector.java:doStop(318)) - Stopped ServerConnector@60dd3c23{HTTP/1.1,[http/1.1]}{0.0.0.0:0}
2019-08-28 18:54:03,508 [main] INFO  handler.ContextHandler (ContextHandler.java:doStop(910)) - Stopped o.e.j.s.ServletContextHandler@736f3e9e{/static,file:///workdir/hadoop-ozone/integration-test/target/test-classes/webapps/static,UNAVAILABLE}
2019-08-28 18:54:03,508 [main] INFO  handler.ContextHandler (ContextHandler.java:doStop(910)) - Stopped o.e.j.s.ServletContextHandler@49dbaaf3{/logs,file:///workdir/hadoop-ozone/integration-test/target/log,UNAVAILABLE}
2019-08-28 18:54:03,512 [main] INFO  ozone.MiniOzoneClusterImpl (MiniOzoneClusterImpl.java:stop(344)) - Shutting the HddsDatanodes
2019-08-28 18:54:03,513 [main] INFO  datanode.ObjectStoreHandler (ObjectStoreHandler.java:close(155)) - Closing ObjectStoreHandler.
2019-08-28 18:54:03,514 [ForkJoinPool.commonPool-worker-0] INFO  datanode.ObjectStoreHandler (ObjectStoreHandler.java:close(155)) - Closing ObjectStoreHandler.
2019-08-28 18:54:03,516 [main] INFO  ozone.HddsDatanodeService (HddsDatanodeService.java:stop(451)) - Stopped plug-in org.apache.hadoop.ozone.web.OzoneHddsDatanodeService@4662752a
2019-08-28 18:54:03,516 [ForkJoinPool.commonPool-worker-0] INFO  ozone.HddsDatanodeService (HddsDatanodeService.java:stop(451)) - Stopped plug-in org.apache.hadoop.ozone.web.OzoneHddsDatanodeService@3375ebd3
2019-08-28 18:54:03,764 | INFO  | SCMAudit | user=jenkins1000 | ip=192.168.69.102 | op=SEND_HEARTBEAT {datanodeUUID=2c9db6f5-ae6c-456e-aac1-300011bebd0b, command=[]} | ret=SUCCESS |  
2019-08-28 18:54:03,930 | INFO  | DNAudit | user=null | ip=null | op=WRITE_CHUNK {blockData=conID: 2 locID: 102696120541839362 bcsId: 7} | ret=SUCCESS |  
2019-08-28 18:54:03,930 | INFO  | DNAudit | user=null | ip=null | op=WRITE_CHUNK {blockData=conID: 2 locID: 102696120541839362 bcsId: 7} | ret=SUCCESS |  
2019-08-28 18:54:03,935 | INFO  | DNAudit | user=null | ip=null | op=PUT_BLOCK {blockData=[blockId=conID: 2 locID: 102696120541839362 bcsId: 0,size=450]} | ret=SUCCESS |  
2019-08-28 18:54:03,935 | INFO  | DNAudit | user=null | ip=null | op=PUT_BLOCK {blockData=[blockId=conID: 2 locID: 102696120541839362 bcsId: 0,size=450]} | ret=SUCCESS |  
2019-08-28 18:54:03,937 [grpc-default-executor-3] INFO  client.GrpcClientProtocolClient (GrpcClientProtocolClient.java:onNext(255)) - client-6D3AE274899B->3fdab9ea-6680-47f1-aded-4d496f7ecd01: receive RaftClientReply:client-6D3AE274899B->3fdab9ea-6680-47f1-aded-4d496f7ecd01@group-A2878BEACCC6, cid=40, SUCCESS, logIndex=0, commits[3fdab9ea-6680-47f1-aded-4d496f7ecd01:c16, f785551e-a0af-487c-a25a-ff90660b7a23:c16, 0ec50947-c54d-40fe-a729-b0855dad3f0a:c16]
2019-08-28 18:54:03,938 [grpc-default-executor-3] INFO  client.GrpcClientProtocolClient (GrpcClientProtocolClient.java:onNext(255)) - client-6D3AE274899B->3fdab9ea-6680-47f1-aded-4d496f7ecd01: receive RaftClientReply:client-6D3AE274899B->3fdab9ea-6680-47f1-aded-4d496f7ecd01@group-A2878BEACCC6, cid=41, SUCCESS, logIndex=0, commits[3fdab9ea-6680-47f1-aded-4d496f7ecd01:c16, f785551e-a0af-487c-a25a-ff90660b7a23:c16, 0ec50947-c54d-40fe-a729-b0855dad3f0a:c16]
2019-08-28 18:54:03,987 [RatisPipelineUtilsThread] WARN  pipeline.RatisPipelineUtils (RatisPipelineUtils.java:destroyPipeline(66)) - Pipeline destroy failed for pipeline=PipelineID=ca982efb-163f-4098-8a10-5e0482e4fa76 dn=ee626ce8-1972-4fe0-bbbc-07baa9e228a9{ip: 192.168.69.102, host: pr-hdds-1783-trunk-gtrxg-786569963, networkLocation: /default-rack, certSerialId: null}
2019-08-28 18:54:03,988 [RatisPipelineUtilsThread] INFO  pipeline.PipelineStateManager (PipelineStateManager.java:removePipeline(108)) - Pipeline Pipeline[ Id: ca982efb-163f-4098-8a10-5e0482e4fa76, Nodes: ee626ce8-1972-4fe0-bbbc-07baa9e228a9{ip: 192.168.69.102, host: pr-hdds-1783-trunk-gtrxg-786569963, networkLocation: /default-rack, certSerialId: null}, Type:RATIS, Factor:ONE, State:CLOSED] removed from db
2019-08-28 18:54:03,992 [RatisPipelineUtilsThread] WARN  pipeline.RatisPipelineUtils (RatisPipelineUtils.java:destroyPipeline(66)) - Pipeline destroy failed for pipeline=PipelineID=7bb60850-7dfe-47e4-93e4-e16ef6b83b8d dn=79e7307e-2f03-4236-add7-13e1eabe57b5{ip: 192.168.69.102, host: pr-hdds-1783-trunk-gtrxg-786569963, networkLocation: /default-rack, certSerialId: null}
2019-08-28 18:54:03,995 [RatisPipelineUtilsThread] WARN  pipeline.RatisPipelineUtils (RatisPipelineUtils.java:destroyPipeline(66)) - Pipeline destroy failed for pipeline=PipelineID=7bb60850-7dfe-47e4-93e4-e16ef6b83b8d dn=ee626ce8-1972-4fe0-bbbc-07baa9e228a9{ip: 192.168.69.102, host: pr-hdds-1783-trunk-gtrxg-786569963, networkLocation: /default-rack, certSerialId: null}
2019-08-28 18:54:04,004 [grpc-default-executor-3] INFO  impl.RaftServerProxy (RaftServerProxy.java:remove(95)) - 8e467a3f-4a15-4133-b9dc-29f72d763c9b: remove group-E16EF6B83B8D:null
2019-08-28 18:54:04,024 [RatisPipelineUtilsThread] WARN  pipeline.RatisPipelineUtils (RatisPipelineUtils.java:destroyPipeline(66)) - Pipeline destroy failed for pipeline=PipelineID=7bb60850-7dfe-47e4-93e4-e16ef6b83b8d dn=8e467a3f-4a15-4133-b9dc-29f72d763c9b{ip: 192.168.69.102, host: pr-hdds-1783-trunk-gtrxg-786569963, networkLocation: /default-rack, certSerialId: null}
2019-08-28 18:54:04,025 [RatisPipelineUtilsThread] ERROR pipeline.SCMPipelineManager (Scheduler.java:lambda$schedule$1(70)) - Destroy pipeline failed for pipeline:Pipeline[ Id: 7bb60850-7dfe-47e4-93e4-e16ef6b83b8d, Nodes: 79e7307e-2f03-4236-add7-13e1eabe57b5{ip: 192.168.69.102, host: pr-hdds-1783-trunk-gtrxg-786569963, networkLocation: /default-rack, certSerialId: null}ee626ce8-1972-4fe0-bbbc-07baa9e228a9{ip: 192.168.69.102, host: pr-hdds-1783-trunk-gtrxg-786569963, networkLocation: /default-rack, certSerialId: null}8e467a3f-4a15-4133-b9dc-29f72d763c9b{ip: 192.168.69.102, host: pr-hdds-1783-trunk-gtrxg-786569963, networkLocation: /default-rack, certSerialId: null}, Type:RATIS, Factor:THREE, State:CLOSED]
org.apache.hadoop.hdds.scm.pipeline.PipelineNotFoundException: PipelineID=7bb60850-7dfe-47e4-93e4-e16ef6b83b8d not found
	at org.apache.hadoop.hdds.scm.pipeline.PipelineStateMap.getPipeline(PipelineStateMap.java:132)
	at org.apache.hadoop.hdds.scm.pipeline.PipelineStateMap.removePipeline(PipelineStateMap.java:322)
	at org.apache.hadoop.hdds.scm.pipeline.PipelineStateManager.removePipeline(PipelineStateManager.java:107)
	at org.apache.hadoop.hdds.scm.pipeline.SCMPipelineManager.removePipeline(SCMPipelineManager.java:397)
	at org.apache.hadoop.hdds.scm.pipeline.SCMPipelineManager.destroyPipeline(SCMPipelineManager.java:383)
	at org.apache.hadoop.hdds.scm.pipeline.SCMPipelineManager.lambda$finalizeAndDestroyPipeline$0(SCMPipelineManager.java:316)
	at org.apache.hadoop.utils.Scheduler.lambda$schedule$1(Scheduler.java:68)
	at java.util.concurrent.Executors$RunnableAdapter.call(Executors.java:511)
	at java.util.concurrent.FutureTask.run(FutureTask.java:266)
	at java.util.concurrent.ScheduledThreadPoolExecutor$ScheduledFutureTask.access$201(ScheduledThreadPoolExecutor.java:180)
	at java.util.concurrent.ScheduledThreadPoolExecutor$ScheduledFutureTask.run(ScheduledThreadPoolExecutor.java:293)
	at java.util.concurrent.ThreadPoolExecutor.runWorker(ThreadPoolExecutor.java:1149)
	at java.util.concurrent.ThreadPoolExecutor$Worker.run(ThreadPoolExecutor.java:624)
	at java.lang.Thread.run(Thread.java:748)
2019-08-28 18:54:04,027 | INFO  | SCMAudit | user=jenkins1000 | ip=192.168.69.102 | op=SEND_HEARTBEAT {datanodeUUID=8e467a3f-4a15-4133-b9dc-29f72d763c9b, command=[]} | ret=SUCCESS |  
2019-08-28 18:54:04,092 [Datanode State Machine Thread - 0] INFO  statemachine.DatanodeStateMachine (DatanodeStateMachine.java:lambda$startDaemon$0(350)) - Ozone container server started.
2019-08-28 18:54:04,092 [Datanode State Machine Thread - 0] INFO  statemachine.DatanodeStateMachine (DatanodeStateMachine.java:lambda$startDaemon$0(350)) - Ozone container server started.
2019-08-28 18:54:04,093 | INFO  | SCMAudit | user=jenkins1000 | ip=192.168.69.102 | op=SEND_HEARTBEAT {datanodeUUID=0ec50947-c54d-40fe-a729-b0855dad3f0a, command=[]} | ret=SUCCESS |  
2019-08-28 18:54:04,764 | INFO  | SCMAudit | user=jenkins1000 | ip=192.168.69.102 | op=SEND_HEARTBEAT {datanodeUUID=2c9db6f5-ae6c-456e-aac1-300011bebd0b, command=[]} | ret=SUCCESS |  
2019-08-28 18:54:05,027 | INFO  | SCMAudit | user=jenkins1000 | ip=192.168.69.102 | op=SEND_HEARTBEAT {datanodeUUID=8e467a3f-4a15-4133-b9dc-29f72d763c9b, command=[]} | ret=SUCCESS |  
2019-08-28 18:54:05,092 | INFO  | SCMAudit | user=jenkins1000 | ip=192.168.69.102 | op=SEND_HEARTBEAT {datanodeUUID=0ec50947-c54d-40fe-a729-b0855dad3f0a, command=[]} | ret=SUCCESS |  
2019-08-28 18:54:05,764 | INFO  | SCMAudit | user=jenkins1000 | ip=192.168.69.102 | op=SEND_HEARTBEAT {datanodeUUID=2c9db6f5-ae6c-456e-aac1-300011bebd0b, command=[]} | ret=SUCCESS |  
2019-08-28 18:54:06,028 | INFO  | SCMAudit | user=jenkins1000 | ip=192.168.69.102 | op=SEND_HEARTBEAT {datanodeUUID=8e467a3f-4a15-4133-b9dc-29f72d763c9b, command=[]} | ret=SUCCESS |  
2019-08-28 18:54:06,092 | INFO  | SCMAudit | user=jenkins1000 | ip=192.168.69.102 | op=SEND_HEARTBEAT {datanodeUUID=0ec50947-c54d-40fe-a729-b0855dad3f0a, command=[]} | ret=SUCCESS |  
2019-08-28 18:54:06,764 | INFO  | SCMAudit | user=jenkins1000 | ip=192.168.69.102 | op=SEND_HEARTBEAT {datanodeUUID=2c9db6f5-ae6c-456e-aac1-300011bebd0b, command=[]} | ret=SUCCESS |  
2019-08-28 18:54:07,032 | INFO  | SCMAudit | user=jenkins1000 | ip=192.168.69.102 | op=SEND_HEARTBEAT {datanodeUUID=8e467a3f-4a15-4133-b9dc-29f72d763c9b, command=[]} | ret=SUCCESS |  
2019-08-28 18:54:07,093 | INFO  | SCMAudit | user=jenkins1000 | ip=192.168.69.102 | op=SEND_HEARTBEAT {datanodeUUID=0ec50947-c54d-40fe-a729-b0855dad3f0a, command=[]} | ret=SUCCESS |  
2019-08-28 18:54:07,765 | INFO  | SCMAudit | user=jenkins1000 | ip=192.168.69.102 | op=SEND_HEARTBEAT {datanodeUUID=2c9db6f5-ae6c-456e-aac1-300011bebd0b, command=[]} | ret=SUCCESS |  
2019-08-28 18:54:08,032 | INFO  | SCMAudit | user=jenkins1000 | ip=192.168.69.102 | op=SEND_HEARTBEAT {datanodeUUID=8e467a3f-4a15-4133-b9dc-29f72d763c9b, command=[]} | ret=SUCCESS |  
2019-08-28 18:54:08,093 | INFO  | SCMAudit | user=jenkins1000 | ip=192.168.69.102 | op=SEND_HEARTBEAT {datanodeUUID=0ec50947-c54d-40fe-a729-b0855dad3f0a, command=[]} | ret=SUCCESS |  
2019-08-28 18:54:08,117 [EventQueue-StaleNodeForStaleNodeHandler] INFO  node.StaleNodeHandler (StaleNodeHandler.java:onMessage(58)) - Datanode f785551e-a0af-487c-a25a-ff90660b7a23{ip: 192.168.69.102, host: pr-hdds-1783-trunk-gtrxg-786569963, networkLocation: /default-rack, certSerialId: null} moved to stale state. Finalizing its pipelines [PipelineID=c9706caa-34c2-45ec-8f67-a2878beaccc6, PipelineID=423b8083-c9e7-4d87-a01d-de1f26a42485]
2019-08-28 18:54:08,118 [EventQueue-StaleNodeForStaleNodeHandler] INFO  pipeline.SCMPipelineManager (SCMPipelineManager.java:finalizeAndDestroyPipeline(309)) - destroying pipeline:Pipeline[ Id: c9706caa-34c2-45ec-8f67-a2878beaccc6, Nodes: f785551e-a0af-487c-a25a-ff90660b7a23{ip: 192.168.69.102, host: pr-hdds-1783-trunk-gtrxg-786569963, networkLocation: /default-rack, certSerialId: null}3fdab9ea-6680-47f1-aded-4d496f7ecd01{ip: 192.168.69.102, host: pr-hdds-1783-trunk-gtrxg-786569963, networkLocation: /default-rack, certSerialId: null}0ec50947-c54d-40fe-a729-b0855dad3f0a{ip: 192.168.69.102, host: pr-hdds-1783-trunk-gtrxg-786569963, networkLocation: /default-rack, certSerialId: null}, Type:RATIS, Factor:THREE, State:OPEN]
2019-08-28 18:54:08,118 [EventQueue-StaleNodeForStaleNodeHandler] INFO  pipeline.PipelineStateManager (PipelineStateManager.java:finalizePipeline(123)) - Pipeline Pipeline[ Id: c9706caa-34c2-45ec-8f67-a2878beaccc6, Nodes: f785551e-a0af-487c-a25a-ff90660b7a23{ip: 192.168.69.102, host: pr-hdds-1783-trunk-gtrxg-786569963, networkLocation: /default-rack, certSerialId: null}3fdab9ea-6680-47f1-aded-4d496f7ecd01{ip: 192.168.69.102, host: pr-hdds-1783-trunk-gtrxg-786569963, networkLocation: /default-rack, certSerialId: null}0ec50947-c54d-40fe-a729-b0855dad3f0a{ip: 192.168.69.102, host: pr-hdds-1783-trunk-gtrxg-786569963, networkLocation: /default-rack, certSerialId: null}, Type:RATIS, Factor:THREE, State:CLOSED] moved to CLOSED state
2019-08-28 18:54:08,119 [EventQueue-CloseContainerForCloseContainerEventHandler] INFO  container.CloseContainerEventHandler (CloseContainerEventHandler.java:onMessage(61)) - Close container Event triggered for container : #2
2019-08-28 18:54:08,119 [EventQueue-StaleNodeForStaleNodeHandler] INFO  pipeline.SCMPipelineManager (SCMPipelineManager.java:finalizeAndDestroyPipeline(309)) - destroying pipeline:Pipeline[ Id: 423b8083-c9e7-4d87-a01d-de1f26a42485, Nodes: f785551e-a0af-487c-a25a-ff90660b7a23{ip: 192.168.69.102, host: pr-hdds-1783-trunk-gtrxg-786569963, networkLocation: /default-rack, certSerialId: null}, Type:RATIS, Factor:ONE, State:OPEN]
2019-08-28 18:54:08,119 [EventQueue-StaleNodeForStaleNodeHandler] INFO  pipeline.PipelineStateManager (PipelineStateManager.java:finalizePipeline(123)) - Pipeline Pipeline[ Id: 423b8083-c9e7-4d87-a01d-de1f26a42485, Nodes: f785551e-a0af-487c-a25a-ff90660b7a23{ip: 192.168.69.102, host: pr-hdds-1783-trunk-gtrxg-786569963, networkLocation: /default-rack, certSerialId: null}, Type:RATIS, Factor:ONE, State:CLOSED] moved to CLOSED state
2019-08-28 18:54:08,120 [EventQueue-StaleNodeForStaleNodeHandler] INFO  node.StaleNodeHandler (StaleNodeHandler.java:onMessage(58)) - Datanode 3fdab9ea-6680-47f1-aded-4d496f7ecd01{ip: 192.168.69.102, host: pr-hdds-1783-trunk-gtrxg-786569963, networkLocation: /default-rack, certSerialId: null} moved to stale state. Finalizing its pipelines [PipelineID=c9706caa-34c2-45ec-8f67-a2878beaccc6, PipelineID=3634f057-9298-4c0b-8424-bdaac49d1d99]
2019-08-28 18:54:08,120 [EventQueue-StaleNodeForStaleNodeHandler] INFO  pipeline.SCMPipelineManager (SCMPipelineManager.java:finalizeAndDestroyPipeline(309)) - destroying pipeline:Pipeline[ Id: c9706caa-34c2-45ec-8f67-a2878beaccc6, Nodes: f785551e-a0af-487c-a25a-ff90660b7a23{ip: 192.168.69.102, host: pr-hdds-1783-trunk-gtrxg-786569963, networkLocation: /default-rack, certSerialId: null}3fdab9ea-6680-47f1-aded-4d496f7ecd01{ip: 192.168.69.102, host: pr-hdds-1783-trunk-gtrxg-786569963, networkLocation: /default-rack, certSerialId: null}0ec50947-c54d-40fe-a729-b0855dad3f0a{ip: 192.168.69.102, host: pr-hdds-1783-trunk-gtrxg-786569963, networkLocation: /default-rack, certSerialId: null}, Type:RATIS, Factor:THREE, State:CLOSED]
2019-08-28 18:54:08,120 [EventQueue-StaleNodeForStaleNodeHandler] INFO  pipeline.SCMPipelineManager (SCMPipelineManager.java:finalizeAndDestroyPipeline(309)) - destroying pipeline:Pipeline[ Id: 3634f057-9298-4c0b-8424-bdaac49d1d99, Nodes: 3fdab9ea-6680-47f1-aded-4d496f7ecd01{ip: 192.168.69.102, host: pr-hdds-1783-trunk-gtrxg-786569963, networkLocation: /default-rack, certSerialId: null}, Type:RATIS, Factor:ONE, State:OPEN]
2019-08-28 18:54:08,120 [EventQueue-StaleNodeForStaleNodeHandler] INFO  pipeline.PipelineStateManager (PipelineStateManager.java:finalizePipeline(123)) - Pipeline Pipeline[ Id: 3634f057-9298-4c0b-8424-bdaac49d1d99, Nodes: 3fdab9ea-6680-47f1-aded-4d496f7ecd01{ip: 192.168.69.102, host: pr-hdds-1783-trunk-gtrxg-786569963, networkLocation: /default-rack, certSerialId: null}, Type:RATIS, Factor:ONE, State:CLOSED] moved to CLOSED state
2019-08-28 18:54:08,519 [main] INFO  ozoneimpl.OzoneContainer (OzoneContainer.java:stop(199)) - Attempting to stop container services.
2019-08-28 18:54:08,519 [ForkJoinPool.commonPool-worker-0] INFO  ozoneimpl.OzoneContainer (OzoneContainer.java:stop(199)) - Attempting to stop container services.
2019-08-28 18:54:08,519 [main] INFO  impl.RaftServerProxy (RaftServerProxy.java:lambda$close$4(314)) - 3fdab9ea-6680-47f1-aded-4d496f7ecd01: close
2019-08-28 18:54:08,520 [ForkJoinPool.commonPool-worker-0] INFO  impl.RaftServerProxy (RaftServerProxy.java:lambda$close$4(314)) - f785551e-a0af-487c-a25a-ff90660b7a23: close
2019-08-28 18:54:08,520 [main] INFO  impl.RaftServerImpl (RaftServerImpl.java:lambda$shutdown$3(245)) - 3fdab9ea-6680-47f1-aded-4d496f7ecd01: shutdown group-A2878BEACCC6
2019-08-28 18:54:08,521 [ForkJoinPool.commonPool-worker-0] INFO  impl.RaftServerImpl (RaftServerImpl.java:lambda$shutdown$3(245)) - f785551e-a0af-487c-a25a-ff90660b7a23: shutdown group-A2878BEACCC6
2019-08-28 18:54:08,521 [main] INFO  util.JmxRegister (JmxRegister.java:unregister(73)) - Successfully un-registered JMX Bean with object name Ratis:service=RaftServer,group=group-A2878BEACCC6,id=3fdab9ea-6680-47f1-aded-4d496f7ecd01
2019-08-28 18:54:08,522 [main] INFO  impl.RoleInfo (RoleInfo.java:shutdownLeaderState(104)) - 3fdab9ea-6680-47f1-aded-4d496f7ecd01: shutdown LeaderState
2019-08-28 18:54:08,521 [ForkJoinPool.commonPool-worker-0] INFO  util.JmxRegister (JmxRegister.java:unregister(73)) - Successfully un-registered JMX Bean with object name Ratis:service=RaftServer,group=group-A2878BEACCC6,id=f785551e-a0af-487c-a25a-ff90660b7a23
2019-08-28 18:54:08,528 [org.apache.ratis.server.impl.LogAppender$AppenderDaemon$$Lambda$461/309358170@4dd4a2eb] WARN  server.GrpcLogAppender (GrpcLogAppender.java:mayWait(143)) - GrpcLogAppender(3fdab9ea-6680-47f1-aded-4d496f7ecd01->0ec50947-c54d-40fe-a729-b0855dad3f0a): Wait interrupted by java.lang.InterruptedException
2019-08-28 18:54:08,528 [org.apache.ratis.server.impl.LogAppender$AppenderDaemon$$Lambda$461/309358170@8d63d95] WARN  server.GrpcLogAppender (GrpcLogAppender.java:mayWait(143)) - GrpcLogAppender(3fdab9ea-6680-47f1-aded-4d496f7ecd01->f785551e-a0af-487c-a25a-ff90660b7a23): Wait interrupted by java.lang.InterruptedException
2019-08-28 18:54:08,528 [main] INFO  impl.PendingRequests (PendingRequests.java:sendNotLeaderResponses(202)) - 3fdab9ea-6680-47f1-aded-4d496f7ecd01-PendingRequests: sendNotLeaderResponses
2019-08-28 18:54:08,528 [ForkJoinPool.commonPool-worker-0] INFO  impl.RoleInfo (RoleInfo.java:shutdownFollowerState(121)) - f785551e-a0af-487c-a25a-ff90660b7a23: shutdown FollowerState
2019-08-28 18:54:08,529 [grpc-default-executor-3] INFO  server.GrpcServerProtocolService (GrpcServerProtocolService.java:onCompleted(104)) - 0ec50947-c54d-40fe-a729-b0855dad3f0a: appendEntries completed
2019-08-28 18:54:08,536 [main] INFO  impl.StateMachineUpdater (StateMachineUpdater.java:stopAndJoin(115)) - StateMachineUpdater:3fdab9ea-6680-47f1-aded-4d496f7ecd01:group-A2878BEACCC6: set stopIndex = 16
2019-08-28 18:54:08,536 [StateMachineUpdater:f785551e-a0af-487c-a25a-ff90660b7a23:group-A2878BEACCC6] INFO  ratis.ContainerStateMachine (ContainerStateMachine.java:takeSnapshot(283)) - group-A2878BEACCC6: Taking a snapshot at:(t:2, i:16) file /workdir/hadoop-ozone/integration-test/target/test-dir/MiniOzoneClusterImpl-c80cd34b-7aaf-457d-8c82-c76acd6115b4/datanode-0/data/ratis/c9706caa-34c2-45ec-8f67-a2878beaccc6/sm/snapshot.2_16
2019-08-28 18:54:08,534 [Thread-401] INFO  impl.FollowerState (FollowerState.java:run(114)) - f785551e-a0af-487c-a25a-ff90660b7a23: FollowerState was interrupted: java.lang.InterruptedException: sleep interrupted
2019-08-28 18:54:08,532 [grpc-default-executor-6] INFO  server.GrpcServerProtocolService (GrpcServerProtocolService.java:onCompleted(104)) - f785551e-a0af-487c-a25a-ff90660b7a23: appendEntries completed
2019-08-28 18:54:08,532 [ForkJoinPool.commonPool-worker-0] INFO  impl.StateMachineUpdater (StateMachineUpdater.java:stopAndJoin(115)) - StateMachineUpdater:f785551e-a0af-487c-a25a-ff90660b7a23:group-A2878BEACCC6: set stopIndex = 16
2019-08-28 18:54:08,539 [grpc-default-executor-3] INFO  server.GrpcLogAppender (GrpcLogAppender.java:onCompleted(292)) - 3fdab9ea-6680-47f1-aded-4d496f7ecd01->0ec50947-c54d-40fe-a729-b0855dad3f0a: follower responses appendEntries COMPLETED
2019-08-28 18:54:08,542 [grpc-default-executor-6] INFO  server.GrpcLogAppender (GrpcLogAppender.java:onCompleted(292)) - 3fdab9ea-6680-47f1-aded-4d496f7ecd01->f785551e-a0af-487c-a25a-ff90660b7a23: follower responses appendEntries COMPLETED
2019-08-28 18:54:08,542 [grpc-default-executor-3] INFO  impl.FollowerInfo (FollowerInfo.java:lambda$new$0(50)) - 3fdab9ea-6680-47f1-aded-4d496f7ecd01->0ec50947-c54d-40fe-a729-b0855dad3f0a: nextIndex: updateUnconditionally 17 -> 16
2019-08-28 18:54:08,536 [StateMachineUpdater:3fdab9ea-6680-47f1-aded-4d496f7ecd01:group-A2878BEACCC6] INFO  ratis.ContainerStateMachine (ContainerStateMachine.java:takeSnapshot(283)) - group-A2878BEACCC6: Taking a snapshot at:(t:2, i:14) file /workdir/hadoop-ozone/integration-test/target/test-dir/MiniOzoneClusterImpl-c80cd34b-7aaf-457d-8c82-c76acd6115b4/datanode-4/data/ratis/c9706caa-34c2-45ec-8f67-a2878beaccc6/sm/snapshot.2_14
2019-08-28 18:54:08,543 [grpc-default-executor-6] INFO  impl.FollowerInfo (FollowerInfo.java:lambda$new$0(50)) - 3fdab9ea-6680-47f1-aded-4d496f7ecd01->f785551e-a0af-487c-a25a-ff90660b7a23: nextIndex: updateUnconditionally 17 -> 16
2019-08-28 18:54:08,620 [StateMachineUpdater:3fdab9ea-6680-47f1-aded-4d496f7ecd01:group-A2878BEACCC6] INFO  ratis.ContainerStateMachine (ContainerStateMachine.java:takeSnapshot(294)) - group-A2878BEACCC6: Finished taking a snapshot at:(t:2, i:14) file:/workdir/hadoop-ozone/integration-test/target/test-dir/MiniOzoneClusterImpl-c80cd34b-7aaf-457d-8c82-c76acd6115b4/datanode-4/data/ratis/c9706caa-34c2-45ec-8f67-a2878beaccc6/sm/snapshot.2_14 time:85
2019-08-28 18:54:08,620 [StateMachineUpdater:f785551e-a0af-487c-a25a-ff90660b7a23:group-A2878BEACCC6] INFO  ratis.ContainerStateMachine (ContainerStateMachine.java:takeSnapshot(294)) - group-A2878BEACCC6: Finished taking a snapshot at:(t:2, i:16) file:/workdir/hadoop-ozone/integration-test/target/test-dir/MiniOzoneClusterImpl-c80cd34b-7aaf-457d-8c82-c76acd6115b4/datanode-0/data/ratis/c9706caa-34c2-45ec-8f67-a2878beaccc6/sm/snapshot.2_16 time:85
2019-08-28 18:54:08,620 [StateMachineUpdater:3fdab9ea-6680-47f1-aded-4d496f7ecd01:group-A2878BEACCC6] INFO  impl.StateMachineUpdater (StateMachineUpdater.java:takeSnapshot(242)) - StateMachineUpdater:3fdab9ea-6680-47f1-aded-4d496f7ecd01:group-A2878BEACCC6: Took a snapshot at index 14
2019-08-28 18:54:08,621 [StateMachineUpdater:f785551e-a0af-487c-a25a-ff90660b7a23:group-A2878BEACCC6] INFO  impl.StateMachineUpdater (StateMachineUpdater.java:takeSnapshot(242)) - StateMachineUpdater:f785551e-a0af-487c-a25a-ff90660b7a23:group-A2878BEACCC6: Took a snapshot at index 16
2019-08-28 18:54:08,621 [StateMachineUpdater:3fdab9ea-6680-47f1-aded-4d496f7ecd01:group-A2878BEACCC6] INFO  impl.StateMachineUpdater (StateMachineUpdater.java:lambda$new$0(80)) - StateMachineUpdater:3fdab9ea-6680-47f1-aded-4d496f7ecd01:group-A2878BEACCC6: snapshotIndex: updateIncreasingly -1 -> 14
2019-08-28 18:54:08,621 [StateMachineUpdater:f785551e-a0af-487c-a25a-ff90660b7a23:group-A2878BEACCC6] INFO  impl.StateMachineUpdater (StateMachineUpdater.java:lambda$new$0(80)) - StateMachineUpdater:f785551e-a0af-487c-a25a-ff90660b7a23:group-A2878BEACCC6: snapshotIndex: updateIncreasingly -1 -> 16
2019-08-28 18:54:08,621 [main] INFO  impl.RaftServerImpl (ServerState.java:close(394)) - 3fdab9ea-6680-47f1-aded-4d496f7ecd01:group-A2878BEACCC6 closes. The last applied log index is 16
2019-08-28 18:54:08,622 [ForkJoinPool.commonPool-worker-0] INFO  impl.RaftServerImpl (ServerState.java:close(394)) - f785551e-a0af-487c-a25a-ff90660b7a23:group-A2878BEACCC6 closes. The last applied log index is 16
2019-08-28 18:54:08,622 [3fdab9ea-6680-47f1-aded-4d496f7ecd01-SegmentedRaftLogWorker:Storage Directory /workdir/hadoop-ozone/integration-test/target/test-dir/MiniOzoneClusterImpl-c80cd34b-7aaf-457d-8c82-c76acd6115b4/datanode-4/data/ratis/c9706caa-34c2-45ec-8f67-a2878beaccc6] INFO  segmented.SegmentedRaftLogWorker (SegmentedRaftLogWorker.java:run(313)) - 3fdab9ea-6680-47f1-aded-4d496f7ecd01-SegmentedRaftLogWorker:Storage Directory /workdir/hadoop-ozone/integration-test/target/test-dir/MiniOzoneClusterImpl-c80cd34b-7aaf-457d-8c82-c76acd6115b4/datanode-4/data/ratis/c9706caa-34c2-45ec-8f67-a2878beaccc6 was interrupted, exiting. There are 0 tasks remaining in the queue.
2019-08-28 18:54:08,623 [f785551e-a0af-487c-a25a-ff90660b7a23-SegmentedRaftLogWorker:Storage Directory /workdir/hadoop-ozone/integration-test/target/test-dir/MiniOzoneClusterImpl-c80cd34b-7aaf-457d-8c82-c76acd6115b4/datanode-0/data/ratis/c9706caa-34c2-45ec-8f67-a2878beaccc6] INFO  segmented.SegmentedRaftLogWorker (SegmentedRaftLogWorker.java:run(313)) - f785551e-a0af-487c-a25a-ff90660b7a23-SegmentedRaftLogWorker:Storage Directory /workdir/hadoop-ozone/integration-test/target/test-dir/MiniOzoneClusterImpl-c80cd34b-7aaf-457d-8c82-c76acd6115b4/datanode-0/data/ratis/c9706caa-34c2-45ec-8f67-a2878beaccc6 was interrupted, exiting. There are 0 tasks remaining in the queue.
2019-08-28 18:54:08,627 [main] INFO  segmented.SegmentedRaftLogWorker (SegmentedRaftLogWorker.java:close(228)) - 3fdab9ea-6680-47f1-aded-4d496f7ecd01-SegmentedRaftLogWorker:Storage Directory /workdir/hadoop-ozone/integration-test/target/test-dir/MiniOzoneClusterImpl-c80cd34b-7aaf-457d-8c82-c76acd6115b4/datanode-4/data/ratis/c9706caa-34c2-45ec-8f67-a2878beaccc6 close()
2019-08-28 18:54:08,627 [ForkJoinPool.commonPool-worker-0] INFO  segmented.SegmentedRaftLogWorker (SegmentedRaftLogWorker.java:close(228)) - f785551e-a0af-487c-a25a-ff90660b7a23-SegmentedRaftLogWorker:Storage Directory /workdir/hadoop-ozone/integration-test/target/test-dir/MiniOzoneClusterImpl-c80cd34b-7aaf-457d-8c82-c76acd6115b4/datanode-0/data/ratis/c9706caa-34c2-45ec-8f67-a2878beaccc6 close()
2019-08-28 18:54:08,631 [main] INFO  impl.RaftServerImpl (RaftServerImpl.java:lambda$shutdown$3(245)) - 3fdab9ea-6680-47f1-aded-4d496f7ecd01: shutdown group-BDAAC49D1D99
2019-08-28 18:54:08,635 [ForkJoinPool.commonPool-worker-0] INFO  impl.RaftServerImpl (RaftServerImpl.java:lambda$shutdown$3(245)) - f785551e-a0af-487c-a25a-ff90660b7a23: shutdown group-DE1F26A42485
2019-08-28 18:54:08,636 [main] INFO  util.JmxRegister (JmxRegister.java:unregister(73)) - Successfully un-registered JMX Bean with object name Ratis:service=RaftServer,group=group-BDAAC49D1D99,id=3fdab9ea-6680-47f1-aded-4d496f7ecd01
2019-08-28 18:54:08,636 [ForkJoinPool.commonPool-worker-0] INFO  util.JmxRegister (JmxRegister.java:unregister(73)) - Successfully un-registered JMX Bean with object name Ratis:service=RaftServer,group=group-DE1F26A42485,id=f785551e-a0af-487c-a25a-ff90660b7a23
2019-08-28 18:54:08,636 [main] INFO  impl.RoleInfo (RoleInfo.java:shutdownLeaderState(104)) - 3fdab9ea-6680-47f1-aded-4d496f7ecd01: shutdown LeaderState
2019-08-28 18:54:08,637 [ForkJoinPool.commonPool-worker-0] INFO  impl.RoleInfo (RoleInfo.java:shutdownLeaderState(104)) - f785551e-a0af-487c-a25a-ff90660b7a23: shutdown LeaderState
2019-08-28 18:54:08,637 [main] INFO  impl.PendingRequests (PendingRequests.java:sendNotLeaderResponses(202)) - 3fdab9ea-6680-47f1-aded-4d496f7ecd01-PendingRequests: sendNotLeaderResponses
2019-08-28 18:54:08,638 [ForkJoinPool.commonPool-worker-0] INFO  impl.PendingRequests (PendingRequests.java:sendNotLeaderResponses(202)) - f785551e-a0af-487c-a25a-ff90660b7a23-PendingRequests: sendNotLeaderResponses
2019-08-28 18:54:08,640 [main] INFO  impl.StateMachineUpdater (StateMachineUpdater.java:stopAndJoin(115)) - StateMachineUpdater:3fdab9ea-6680-47f1-aded-4d496f7ecd01:group-BDAAC49D1D99: set stopIndex = 0
2019-08-28 18:54:08,640 [ForkJoinPool.commonPool-worker-0] INFO  impl.StateMachineUpdater (StateMachineUpdater.java:stopAndJoin(115)) - StateMachineUpdater:f785551e-a0af-487c-a25a-ff90660b7a23:group-DE1F26A42485: set stopIndex = 0
2019-08-28 18:54:08,641 [main] INFO  impl.RaftServerImpl (ServerState.java:close(394)) - 3fdab9ea-6680-47f1-aded-4d496f7ecd01:group-BDAAC49D1D99 closes. The last applied log index is 0
2019-08-28 18:54:08,641 [ForkJoinPool.commonPool-worker-0] INFO  impl.RaftServerImpl (ServerState.java:close(394)) - f785551e-a0af-487c-a25a-ff90660b7a23:group-DE1F26A42485 closes. The last applied log index is 0
2019-08-28 18:54:08,642 [3fdab9ea-6680-47f1-aded-4d496f7ecd01-SegmentedRaftLogWorker:Storage Directory /workdir/hadoop-ozone/integration-test/target/test-dir/MiniOzoneClusterImpl-c80cd34b-7aaf-457d-8c82-c76acd6115b4/datanode-4/data/ratis/3634f057-9298-4c0b-8424-bdaac49d1d99] INFO  segmented.SegmentedRaftLogWorker (SegmentedRaftLogWorker.java:run(313)) - 3fdab9ea-6680-47f1-aded-4d496f7ecd01-SegmentedRaftLogWorker:Storage Directory /workdir/hadoop-ozone/integration-test/target/test-dir/MiniOzoneClusterImpl-c80cd34b-7aaf-457d-8c82-c76acd6115b4/datanode-4/data/ratis/3634f057-9298-4c0b-8424-bdaac49d1d99 was interrupted, exiting. There are 0 tasks remaining in the queue.
2019-08-28 18:54:08,642 [f785551e-a0af-487c-a25a-ff90660b7a23-SegmentedRaftLogWorker:Storage Directory /workdir/hadoop-ozone/integration-test/target/test-dir/MiniOzoneClusterImpl-c80cd34b-7aaf-457d-8c82-c76acd6115b4/datanode-0/data/ratis/423b8083-c9e7-4d87-a01d-de1f26a42485] INFO  segmented.SegmentedRaftLogWorker (SegmentedRaftLogWorker.java:run(313)) - f785551e-a0af-487c-a25a-ff90660b7a23-SegmentedRaftLogWorker:Storage Directory /workdir/hadoop-ozone/integration-test/target/test-dir/MiniOzoneClusterImpl-c80cd34b-7aaf-457d-8c82-c76acd6115b4/datanode-0/data/ratis/423b8083-c9e7-4d87-a01d-de1f26a42485 was interrupted, exiting. There are 0 tasks remaining in the queue.
2019-08-28 18:54:08,644 [main] INFO  segmented.SegmentedRaftLogWorker (SegmentedRaftLogWorker.java:close(228)) - 3fdab9ea-6680-47f1-aded-4d496f7ecd01-SegmentedRaftLogWorker:Storage Directory /workdir/hadoop-ozone/integration-test/target/test-dir/MiniOzoneClusterImpl-c80cd34b-7aaf-457d-8c82-c76acd6115b4/datanode-4/data/ratis/3634f057-9298-4c0b-8424-bdaac49d1d99 close()
2019-08-28 18:54:08,646 [ForkJoinPool.commonPool-worker-0] INFO  segmented.SegmentedRaftLogWorker (SegmentedRaftLogWorker.java:close(228)) - f785551e-a0af-487c-a25a-ff90660b7a23-SegmentedRaftLogWorker:Storage Directory /workdir/hadoop-ozone/integration-test/target/test-dir/MiniOzoneClusterImpl-c80cd34b-7aaf-457d-8c82-c76acd6115b4/datanode-0/data/ratis/423b8083-c9e7-4d87-a01d-de1f26a42485 close()
2019-08-28 18:54:08,650 [main] INFO  server.GrpcService (GrpcService.java:closeImpl(155)) - 3fdab9ea-6680-47f1-aded-4d496f7ecd01: shutdown server with port 40884 now
2019-08-28 18:54:08,653 [ForkJoinPool.commonPool-worker-0] INFO  server.GrpcService (GrpcService.java:closeImpl(155)) - f785551e-a0af-487c-a25a-ff90660b7a23: shutdown server with port 44888 now
2019-08-28 18:54:08,654 [grpc-default-executor-3] WARN  client.GrpcClientProtocolService (LogUtils.java:warn(134)) - 1-UnorderedRequestStreamObserver1: onError: org.apache.ratis.thirdparty.io.grpc.StatusRuntimeException: CANCELLED: cancelled before receiving half close
2019-08-28 18:54:08,658 [main] INFO  server.GrpcService (GrpcService.java:closeImpl(163)) - 3fdab9ea-6680-47f1-aded-4d496f7ecd01: shutdown server with port 40884 successfully
2019-08-28 18:54:08,659 [ForkJoinPool.commonPool-worker-0] INFO  server.GrpcService (GrpcService.java:closeImpl(163)) - f785551e-a0af-487c-a25a-ff90660b7a23: shutdown server with port 44888 successfully
2019-08-28 18:54:08,660 [main] INFO  utils.BackgroundService (BackgroundService.java:shutdown(148)) - Shutting down service BlockDeletingService
2019-08-28 18:54:08,662 [ForkJoinPool.commonPool-worker-0] INFO  utils.BackgroundService (BackgroundService.java:shutdown(148)) - Shutting down service BlockDeletingService
2019-08-28 18:54:08,664 [refreshUsed-/workdir/hadoop-ozone/integration-test/target/test-dir/MiniOzoneClusterImpl-c80cd34b-7aaf-457d-8c82-c76acd6115b4/datanode-4/data/containers] WARN  fs.CachingGetSpaceUsed (CachingGetSpaceUsed.java:run(183)) - Thread Interrupted waiting to refresh disk information: sleep interrupted
2019-08-28 18:54:08,666 [refreshUsed-/workdir/hadoop-ozone/integration-test/target/test-dir/MiniOzoneClusterImpl-c80cd34b-7aaf-457d-8c82-c76acd6115b4/datanode-0/data/containers] WARN  fs.CachingGetSpaceUsed (CachingGetSpaceUsed.java:run(183)) - Thread Interrupted waiting to refresh disk information: sleep interrupted
2019-08-28 18:54:08,696 [main] INFO  statemachine.DatanodeStateMachine (DatanodeStateMachine.java:stopDaemon(395)) - Ozone container server stopped.
2019-08-28 18:54:08,697 [main] INFO  handler.ContextHandler (ContextHandler.java:doStop(910)) - Stopped o.e.j.w.WebAppContext@4eb9ae4d{/,null,UNAVAILABLE}{/hddsDatanode}
2019-08-28 18:54:08,698 [main] INFO  server.AbstractConnector (AbstractConnector.java:doStop(318)) - Stopped ServerConnector@5520f675{HTTP/1.1,[http/1.1]}{0.0.0.0:0}
2019-08-28 18:54:08,698 [main] INFO  handler.ContextHandler (ContextHandler.java:doStop(910)) - Stopped o.e.j.s.ServletContextHandler@1c7f9861{/static,jar:file:/home/user/.m2/repository/org/apache/hadoop/hadoop-hdds-container-service/0.5.0-SNAPSHOT/hadoop-hdds-container-service-0.5.0-SNAPSHOT.jar!/webapps/static,UNAVAILABLE}
2019-08-28 18:54:08,699 [main] INFO  handler.ContextHandler (ContextHandler.java:doStop(910)) - Stopped o.e.j.s.ServletContextHandler@191ec193{/logs,file:///workdir/hadoop-ozone/integration-test/target/log,UNAVAILABLE}
2019-08-28 18:54:08,702 [main] INFO  datanode.ObjectStoreHandler (ObjectStoreHandler.java:close(155)) - Closing ObjectStoreHandler.
2019-08-28 18:54:08,705 [ForkJoinPool.commonPool-worker-0] INFO  statemachine.DatanodeStateMachine (DatanodeStateMachine.java:stopDaemon(395)) - Ozone container server stopped.
2019-08-28 18:54:08,706 [main] INFO  ozone.HddsDatanodeService (HddsDatanodeService.java:stop(451)) - Stopped plug-in org.apache.hadoop.ozone.web.OzoneHddsDatanodeService@22a4ca4a
2019-08-28 18:54:08,710 [ForkJoinPool.commonPool-worker-0] INFO  handler.ContextHandler (ContextHandler.java:doStop(910)) - Stopped o.e.j.w.WebAppContext@7b306b9f{/,null,UNAVAILABLE}{/hddsDatanode}
2019-08-28 18:54:08,711 [ForkJoinPool.commonPool-worker-0] INFO  server.AbstractConnector (AbstractConnector.java:doStop(318)) - Stopped ServerConnector@142213d5{HTTP/1.1,[http/1.1]}{0.0.0.0:0}
2019-08-28 18:54:08,713 [ForkJoinPool.commonPool-worker-0] INFO  handler.ContextHandler (ContextHandler.java:doStop(910)) - Stopped o.e.j.s.ServletContextHandler@17fa1336{/static,jar:file:/home/user/.m2/repository/org/apache/hadoop/hadoop-hdds-container-service/0.5.0-SNAPSHOT/hadoop-hdds-container-service-0.5.0-SNAPSHOT.jar!/webapps/static,UNAVAILABLE}
2019-08-28 18:54:08,714 [ForkJoinPool.commonPool-worker-0] INFO  handler.ContextHandler (ContextHandler.java:doStop(910)) - Stopped o.e.j.s.ServletContextHandler@1457fde{/logs,file:///workdir/hadoop-ozone/integration-test/target/log,UNAVAILABLE}
2019-08-28 18:54:08,715 [ForkJoinPool.commonPool-worker-0] INFO  datanode.ObjectStoreHandler (ObjectStoreHandler.java:close(155)) - Closing ObjectStoreHandler.
2019-08-28 18:54:08,716 [ForkJoinPool.commonPool-worker-0] INFO  ozone.HddsDatanodeService (HddsDatanodeService.java:stop(451)) - Stopped plug-in org.apache.hadoop.ozone.web.OzoneHddsDatanodeService@7f8c3646
2019-08-28 18:54:08,765 [Datanode State Machine Thread - 0] INFO  statemachine.DatanodeStateMachine (DatanodeStateMachine.java:lambda$startDaemon$0(350)) - Ozone container server started.
2019-08-28 18:54:09,032 | INFO  | SCMAudit | user=jenkins1000 | ip=192.168.69.102 | op=SEND_HEARTBEAT {datanodeUUID=8e467a3f-4a15-4133-b9dc-29f72d763c9b, command=[]} | ret=SUCCESS |  
2019-08-28 18:54:09,092 [Datanode State Machine Thread - 0] INFO  statemachine.DatanodeStateMachine (DatanodeStateMachine.java:lambda$startDaemon$0(350)) - Ozone container server started.
2019-08-28 18:54:10,032 | INFO  | SCMAudit | user=jenkins1000 | ip=192.168.69.102 | op=SEND_HEARTBEAT {datanodeUUID=8e467a3f-4a15-4133-b9dc-29f72d763c9b, command=[]} | ret=SUCCESS |  
2019-08-28 18:54:11,032 | INFO  | SCMAudit | user=jenkins1000 | ip=192.168.69.102 | op=SEND_HEARTBEAT {datanodeUUID=8e467a3f-4a15-4133-b9dc-29f72d763c9b, command=[]} | ret=SUCCESS |  
2019-08-28 18:54:12,032 | INFO  | SCMAudit | user=jenkins1000 | ip=192.168.69.102 | op=SEND_HEARTBEAT {datanodeUUID=8e467a3f-4a15-4133-b9dc-29f72d763c9b, command=[]} | ret=SUCCESS |  
2019-08-28 18:54:12,825 [EventQueue-StaleNodeForStaleNodeHandler] INFO  node.StaleNodeHandler (StaleNodeHandler.java:onMessage(58)) - Datanode 2c9db6f5-ae6c-456e-aac1-300011bebd0b{ip: 192.168.69.102, host: pr-hdds-1783-trunk-gtrxg-786569963, networkLocation: /default-rack, certSerialId: null} moved to stale state. Finalizing its pipelines [PipelineID=a815145c-6ed6-4cd4-8337-c0bf4447ed4e]
2019-08-28 18:54:12,825 [EventQueue-StaleNodeForStaleNodeHandler] INFO  pipeline.SCMPipelineManager (SCMPipelineManager.java:finalizeAndDestroyPipeline(309)) - destroying pipeline:Pipeline[ Id: a815145c-6ed6-4cd4-8337-c0bf4447ed4e, Nodes: 2c9db6f5-ae6c-456e-aac1-300011bebd0b{ip: 192.168.69.102, host: pr-hdds-1783-trunk-gtrxg-786569963, networkLocation: /default-rack, certSerialId: null}, Type:RATIS, Factor:ONE, State:OPEN]
2019-08-28 18:54:12,825 [EventQueue-StaleNodeForStaleNodeHandler] INFO  pipeline.PipelineStateManager (PipelineStateManager.java:finalizePipeline(123)) - Pipeline Pipeline[ Id: a815145c-6ed6-4cd4-8337-c0bf4447ed4e, Nodes: 2c9db6f5-ae6c-456e-aac1-300011bebd0b{ip: 192.168.69.102, host: pr-hdds-1783-trunk-gtrxg-786569963, networkLocation: /default-rack, certSerialId: null}, Type:RATIS, Factor:ONE, State:CLOSED] moved to CLOSED state
2019-08-28 18:54:13,032 | INFO  | SCMAudit | user=jenkins1000 | ip=192.168.69.102 | op=SEND_HEARTBEAT {datanodeUUID=8e467a3f-4a15-4133-b9dc-29f72d763c9b, command=[]} | ret=SUCCESS |  
2019-08-28 18:54:13,125 [EventQueue-StaleNodeForStaleNodeHandler] INFO  node.StaleNodeHandler (StaleNodeHandler.java:onMessage(58)) - Datanode 0ec50947-c54d-40fe-a729-b0855dad3f0a{ip: 192.168.69.102, host: pr-hdds-1783-trunk-gtrxg-786569963, networkLocation: /default-rack, certSerialId: null} moved to stale state. Finalizing its pipelines [PipelineID=e81da07d-9f38-45b6-98ff-627c9c4b3bde, PipelineID=c9706caa-34c2-45ec-8f67-a2878beaccc6]
2019-08-28 18:54:13,126 [EventQueue-StaleNodeForStaleNodeHandler] INFO  pipeline.SCMPipelineManager (SCMPipelineManager.java:finalizeAndDestroyPipeline(309)) - destroying pipeline:Pipeline[ Id: e81da07d-9f38-45b6-98ff-627c9c4b3bde, Nodes: 0ec50947-c54d-40fe-a729-b0855dad3f0a{ip: 192.168.69.102, host: pr-hdds-1783-trunk-gtrxg-786569963, networkLocation: /default-rack, certSerialId: null}, Type:RATIS, Factor:ONE, State:OPEN]
2019-08-28 18:54:13,126 [EventQueue-StaleNodeForStaleNodeHandler] INFO  pipeline.PipelineStateManager (PipelineStateManager.java:finalizePipeline(123)) - Pipeline Pipeline[ Id: e81da07d-9f38-45b6-98ff-627c9c4b3bde, Nodes: 0ec50947-c54d-40fe-a729-b0855dad3f0a{ip: 192.168.69.102, host: pr-hdds-1783-trunk-gtrxg-786569963, networkLocation: /default-rack, certSerialId: null}, Type:RATIS, Factor:ONE, State:CLOSED] moved to CLOSED state
2019-08-28 18:54:13,126 [EventQueue-StaleNodeForStaleNodeHandler] INFO  pipeline.SCMPipelineManager (SCMPipelineManager.java:finalizeAndDestroyPipeline(309)) - destroying pipeline:Pipeline[ Id: c9706caa-34c2-45ec-8f67-a2878beaccc6, Nodes: f785551e-a0af-487c-a25a-ff90660b7a23{ip: 192.168.69.102, host: pr-hdds-1783-trunk-gtrxg-786569963, networkLocation: /default-rack, certSerialId: null}3fdab9ea-6680-47f1-aded-4d496f7ecd01{ip: 192.168.69.102, host: pr-hdds-1783-trunk-gtrxg-786569963, networkLocation: /default-rack, certSerialId: null}0ec50947-c54d-40fe-a729-b0855dad3f0a{ip: 192.168.69.102, host: pr-hdds-1783-trunk-gtrxg-786569963, networkLocation: /default-rack, certSerialId: null}, Type:RATIS, Factor:THREE, State:CLOSED]
2019-08-28 18:54:13,709 [main] INFO  ozoneimpl.OzoneContainer (OzoneContainer.java:stop(199)) - Attempting to stop container services.
2019-08-28 18:54:13,710 [main] INFO  impl.RaftServerProxy (RaftServerProxy.java:lambda$close$4(314)) - 2c9db6f5-ae6c-456e-aac1-300011bebd0b: close
2019-08-28 18:54:13,710 [main] INFO  impl.RaftServerImpl (RaftServerImpl.java:lambda$shutdown$3(245)) - 2c9db6f5-ae6c-456e-aac1-300011bebd0b: shutdown group-C0BF4447ED4E
2019-08-28 18:54:13,711 [main] INFO  util.JmxRegister (JmxRegister.java:unregister(73)) - Successfully un-registered JMX Bean with object name Ratis:service=RaftServer,group=group-C0BF4447ED4E,id=2c9db6f5-ae6c-456e-aac1-300011bebd0b
2019-08-28 18:54:13,711 [main] INFO  impl.RoleInfo (RoleInfo.java:shutdownLeaderState(104)) - 2c9db6f5-ae6c-456e-aac1-300011bebd0b: shutdown LeaderState
2019-08-28 18:54:13,712 [main] INFO  impl.PendingRequests (PendingRequests.java:sendNotLeaderResponses(202)) - 2c9db6f5-ae6c-456e-aac1-300011bebd0b-PendingRequests: sendNotLeaderResponses
2019-08-28 18:54:13,712 [main] INFO  impl.StateMachineUpdater (StateMachineUpdater.java:stopAndJoin(115)) - StateMachineUpdater:2c9db6f5-ae6c-456e-aac1-300011bebd0b:group-C0BF4447ED4E: set stopIndex = 0
2019-08-28 18:54:13,713 [main] INFO  impl.RaftServerImpl (ServerState.java:close(394)) - 2c9db6f5-ae6c-456e-aac1-300011bebd0b:group-C0BF4447ED4E closes. The last applied log index is 0
2019-08-28 18:54:13,714 [2c9db6f5-ae6c-456e-aac1-300011bebd0b-SegmentedRaftLogWorker:Storage Directory /workdir/hadoop-ozone/integration-test/target/test-dir/MiniOzoneClusterImpl-c80cd34b-7aaf-457d-8c82-c76acd6115b4/datanode-3/data/ratis/a815145c-6ed6-4cd4-8337-c0bf4447ed4e] INFO  segmented.SegmentedRaftLogWorker (SegmentedRaftLogWorker.java:run(313)) - 2c9db6f5-ae6c-456e-aac1-300011bebd0b-SegmentedRaftLogWorker:Storage Directory /workdir/hadoop-ozone/integration-test/target/test-dir/MiniOzoneClusterImpl-c80cd34b-7aaf-457d-8c82-c76acd6115b4/datanode-3/data/ratis/a815145c-6ed6-4cd4-8337-c0bf4447ed4e was interrupted, exiting. There are 0 tasks remaining in the queue.
2019-08-28 18:54:13,717 [main] INFO  segmented.SegmentedRaftLogWorker (SegmentedRaftLogWorker.java:close(228)) - 2c9db6f5-ae6c-456e-aac1-300011bebd0b-SegmentedRaftLogWorker:Storage Directory /workdir/hadoop-ozone/integration-test/target/test-dir/MiniOzoneClusterImpl-c80cd34b-7aaf-457d-8c82-c76acd6115b4/datanode-3/data/ratis/a815145c-6ed6-4cd4-8337-c0bf4447ed4e close()
2019-08-28 18:54:13,717 [ForkJoinPool.commonPool-worker-0] INFO  ozoneimpl.OzoneContainer (OzoneContainer.java:stop(199)) - Attempting to stop container services.
2019-08-28 18:54:13,728 [main] INFO  server.GrpcService (GrpcService.java:closeImpl(155)) - 2c9db6f5-ae6c-456e-aac1-300011bebd0b: shutdown server with port 42615 now
2019-08-28 18:54:13,728 [ForkJoinPool.commonPool-worker-0] INFO  impl.RaftServerProxy (RaftServerProxy.java:lambda$close$4(314)) - 0ec50947-c54d-40fe-a729-b0855dad3f0a: close
2019-08-28 18:54:13,730 [ForkJoinPool.commonPool-worker-0] INFO  impl.RaftServerImpl (RaftServerImpl.java:lambda$shutdown$3(245)) - 0ec50947-c54d-40fe-a729-b0855dad3f0a: shutdown group-627C9C4B3BDE
2019-08-28 18:54:13,730 [main] INFO  server.GrpcService (GrpcService.java:closeImpl(163)) - 2c9db6f5-ae6c-456e-aac1-300011bebd0b: shutdown server with port 42615 successfully
2019-08-28 18:54:13,730 [ForkJoinPool.commonPool-worker-0] INFO  util.JmxRegister (JmxRegister.java:unregister(73)) - Successfully un-registered JMX Bean with object name Ratis:service=RaftServer,group=group-627C9C4B3BDE,id=0ec50947-c54d-40fe-a729-b0855dad3f0a
2019-08-28 18:54:13,731 [ForkJoinPool.commonPool-worker-0] INFO  impl.RoleInfo (RoleInfo.java:shutdownLeaderState(104)) - 0ec50947-c54d-40fe-a729-b0855dad3f0a: shutdown LeaderState
2019-08-28 18:54:13,731 [ForkJoinPool.commonPool-worker-0] INFO  impl.PendingRequests (PendingRequests.java:sendNotLeaderResponses(202)) - 0ec50947-c54d-40fe-a729-b0855dad3f0a-PendingRequests: sendNotLeaderResponses
2019-08-28 18:54:13,732 [ForkJoinPool.commonPool-worker-0] INFO  impl.StateMachineUpdater (StateMachineUpdater.java:stopAndJoin(115)) - StateMachineUpdater:0ec50947-c54d-40fe-a729-b0855dad3f0a:group-627C9C4B3BDE: set stopIndex = 0
2019-08-28 18:54:13,732 [ForkJoinPool.commonPool-worker-0] INFO  impl.RaftServerImpl (ServerState.java:close(394)) - 0ec50947-c54d-40fe-a729-b0855dad3f0a:group-627C9C4B3BDE closes. The last applied log index is 0
2019-08-28 18:54:13,733 [0ec50947-c54d-40fe-a729-b0855dad3f0a-SegmentedRaftLogWorker:Storage Directory /workdir/hadoop-ozone/integration-test/target/test-dir/MiniOzoneClusterImpl-c80cd34b-7aaf-457d-8c82-c76acd6115b4/datanode-6/data/ratis/e81da07d-9f38-45b6-98ff-627c9c4b3bde] INFO  segmented.SegmentedRaftLogWorker (SegmentedRaftLogWorker.java:run(313)) - 0ec50947-c54d-40fe-a729-b0855dad3f0a-SegmentedRaftLogWorker:Storage Directory /workdir/hadoop-ozone/integration-test/target/test-dir/MiniOzoneClusterImpl-c80cd34b-7aaf-457d-8c82-c76acd6115b4/datanode-6/data/ratis/e81da07d-9f38-45b6-98ff-627c9c4b3bde was interrupted, exiting. There are 0 tasks remaining in the queue.
2019-08-28 18:54:13,734 [ForkJoinPool.commonPool-worker-0] INFO  segmented.SegmentedRaftLogWorker (SegmentedRaftLogWorker.java:close(228)) - 0ec50947-c54d-40fe-a729-b0855dad3f0a-SegmentedRaftLogWorker:Storage Directory /workdir/hadoop-ozone/integration-test/target/test-dir/MiniOzoneClusterImpl-c80cd34b-7aaf-457d-8c82-c76acd6115b4/datanode-6/data/ratis/e81da07d-9f38-45b6-98ff-627c9c4b3bde close()
2019-08-28 18:54:13,736 [ForkJoinPool.commonPool-worker-0] INFO  impl.RaftServerImpl (RaftServerImpl.java:lambda$shutdown$3(245)) - 0ec50947-c54d-40fe-a729-b0855dad3f0a: shutdown group-A2878BEACCC6
2019-08-28 18:54:13,736 [ForkJoinPool.commonPool-worker-0] INFO  util.JmxRegister (JmxRegister.java:unregister(73)) - Successfully un-registered JMX Bean with object name Ratis:service=RaftServer,group=group-A2878BEACCC6,id=0ec50947-c54d-40fe-a729-b0855dad3f0a
2019-08-28 18:54:13,737 [ForkJoinPool.commonPool-worker-0] INFO  impl.RoleInfo (RoleInfo.java:shutdownFollowerState(121)) - 0ec50947-c54d-40fe-a729-b0855dad3f0a: shutdown FollowerState
2019-08-28 18:54:13,737 [ForkJoinPool.commonPool-worker-0] INFO  impl.StateMachineUpdater (StateMachineUpdater.java:stopAndJoin(115)) - StateMachineUpdater:0ec50947-c54d-40fe-a729-b0855dad3f0a:group-A2878BEACCC6: set stopIndex = 16
2019-08-28 18:54:13,738 [StateMachineUpdater:0ec50947-c54d-40fe-a729-b0855dad3f0a:group-A2878BEACCC6] INFO  ratis.ContainerStateMachine (ContainerStateMachine.java:takeSnapshot(283)) - group-A2878BEACCC6: Taking a snapshot at:(t:2, i:16) file /workdir/hadoop-ozone/integration-test/target/test-dir/MiniOzoneClusterImpl-c80cd34b-7aaf-457d-8c82-c76acd6115b4/datanode-6/data/ratis/c9706caa-34c2-45ec-8f67-a2878beaccc6/sm/snapshot.2_16
2019-08-28 18:54:13,738 [Thread-399] INFO  impl.FollowerState (FollowerState.java:run(114)) - 0ec50947-c54d-40fe-a729-b0855dad3f0a: FollowerState was interrupted: java.lang.InterruptedException: sleep interrupted
2019-08-28 18:54:13,744 [main] INFO  utils.BackgroundService (BackgroundService.java:shutdown(148)) - Shutting down service BlockDeletingService
2019-08-28 18:54:13,749 [refreshUsed-/workdir/hadoop-ozone/integration-test/target/test-dir/MiniOzoneClusterImpl-c80cd34b-7aaf-457d-8c82-c76acd6115b4/datanode-3/data/containers] WARN  fs.CachingGetSpaceUsed (CachingGetSpaceUsed.java:run(183)) - Thread Interrupted waiting to refresh disk information: sleep interrupted
2019-08-28 18:54:13,767 [main] INFO  statemachine.DatanodeStateMachine (DatanodeStateMachine.java:stopDaemon(395)) - Ozone container server stopped.
2019-08-28 18:54:13,768 [main] INFO  handler.ContextHandler (ContextHandler.java:doStop(910)) - Stopped o.e.j.w.WebAppContext@6889f56f{/,null,UNAVAILABLE}{/hddsDatanode}
2019-08-28 18:54:13,769 [main] INFO  server.AbstractConnector (AbstractConnector.java:doStop(318)) - Stopped ServerConnector@231b35fb{HTTP/1.1,[http/1.1]}{0.0.0.0:0}
2019-08-28 18:54:13,769 [main] INFO  handler.ContextHandler (ContextHandler.java:doStop(910)) - Stopped o.e.j.s.ServletContextHandler@5a2ae1ab{/static,jar:file:/home/user/.m2/repository/org/apache/hadoop/hadoop-hdds-container-service/0.5.0-SNAPSHOT/hadoop-hdds-container-service-0.5.0-SNAPSHOT.jar!/webapps/static,UNAVAILABLE}
2019-08-28 18:54:13,770 [main] INFO  handler.ContextHandler (ContextHandler.java:doStop(910)) - Stopped o.e.j.s.ServletContextHandler@2b6fb197{/logs,file:///workdir/hadoop-ozone/integration-test/target/log,UNAVAILABLE}
2019-08-28 18:54:13,771 [main] INFO  datanode.ObjectStoreHandler (ObjectStoreHandler.java:close(155)) - Closing ObjectStoreHandler.
2019-08-28 18:54:13,771 [main] INFO  ozone.HddsDatanodeService (HddsDatanodeService.java:stop(451)) - Stopped plug-in org.apache.hadoop.ozone.web.OzoneHddsDatanodeService@1753475d
2019-08-28 18:54:13,844 [StateMachineUpdater:0ec50947-c54d-40fe-a729-b0855dad3f0a:group-A2878BEACCC6] INFO  ratis.ContainerStateMachine (ContainerStateMachine.java:takeSnapshot(294)) - group-A2878BEACCC6: Finished taking a snapshot at:(t:2, i:16) file:/workdir/hadoop-ozone/integration-test/target/test-dir/MiniOzoneClusterImpl-c80cd34b-7aaf-457d-8c82-c76acd6115b4/datanode-6/data/ratis/c9706caa-34c2-45ec-8f67-a2878beaccc6/sm/snapshot.2_16 time:106
2019-08-28 18:54:13,844 [StateMachineUpdater:0ec50947-c54d-40fe-a729-b0855dad3f0a:group-A2878BEACCC6] INFO  impl.StateMachineUpdater (StateMachineUpdater.java:takeSnapshot(242)) - StateMachineUpdater:0ec50947-c54d-40fe-a729-b0855dad3f0a:group-A2878BEACCC6: Took a snapshot at index 16
2019-08-28 18:54:13,844 [StateMachineUpdater:0ec50947-c54d-40fe-a729-b0855dad3f0a:group-A2878BEACCC6] INFO  impl.StateMachineUpdater (StateMachineUpdater.java:lambda$new$0(80)) - StateMachineUpdater:0ec50947-c54d-40fe-a729-b0855dad3f0a:group-A2878BEACCC6: snapshotIndex: updateIncreasingly -1 -> 16
2019-08-28 18:54:13,845 [ForkJoinPool.commonPool-worker-0] INFO  impl.RaftServerImpl (ServerState.java:close(394)) - 0ec50947-c54d-40fe-a729-b0855dad3f0a:group-A2878BEACCC6 closes. The last applied log index is 16
2019-08-28 18:54:13,845 [0ec50947-c54d-40fe-a729-b0855dad3f0a-SegmentedRaftLogWorker:Storage Directory /workdir/hadoop-ozone/integration-test/target/test-dir/MiniOzoneClusterImpl-c80cd34b-7aaf-457d-8c82-c76acd6115b4/datanode-6/data/ratis/c9706caa-34c2-45ec-8f67-a2878beaccc6] INFO  segmented.SegmentedRaftLogWorker (SegmentedRaftLogWorker.java:run(313)) - 0ec50947-c54d-40fe-a729-b0855dad3f0a-SegmentedRaftLogWorker:Storage Directory /workdir/hadoop-ozone/integration-test/target/test-dir/MiniOzoneClusterImpl-c80cd34b-7aaf-457d-8c82-c76acd6115b4/datanode-6/data/ratis/c9706caa-34c2-45ec-8f67-a2878beaccc6 was interrupted, exiting. There are 0 tasks remaining in the queue.
2019-08-28 18:54:13,846 [ForkJoinPool.commonPool-worker-0] INFO  segmented.SegmentedRaftLogWorker (SegmentedRaftLogWorker.java:close(228)) - 0ec50947-c54d-40fe-a729-b0855dad3f0a-SegmentedRaftLogWorker:Storage Directory /workdir/hadoop-ozone/integration-test/target/test-dir/MiniOzoneClusterImpl-c80cd34b-7aaf-457d-8c82-c76acd6115b4/datanode-6/data/ratis/c9706caa-34c2-45ec-8f67-a2878beaccc6 close()
2019-08-28 18:54:13,848 [ForkJoinPool.commonPool-worker-0] INFO  server.GrpcService (GrpcService.java:closeImpl(155)) - 0ec50947-c54d-40fe-a729-b0855dad3f0a: shutdown server with port 45761 now
2019-08-28 18:54:13,849 [ForkJoinPool.commonPool-worker-0] INFO  server.GrpcService (GrpcService.java:closeImpl(163)) - 0ec50947-c54d-40fe-a729-b0855dad3f0a: shutdown server with port 45761 successfully
2019-08-28 18:54:13,850 [ForkJoinPool.commonPool-worker-0] INFO  utils.BackgroundService (BackgroundService.java:shutdown(148)) - Shutting down service BlockDeletingService
2019-08-28 18:54:13,852 [refreshUsed-/workdir/hadoop-ozone/integration-test/target/test-dir/MiniOzoneClusterImpl-c80cd34b-7aaf-457d-8c82-c76acd6115b4/datanode-6/data/containers] WARN  fs.CachingGetSpaceUsed (CachingGetSpaceUsed.java:run(183)) - Thread Interrupted waiting to refresh disk information: sleep interrupted
2019-08-28 18:54:13,877 [ForkJoinPool.commonPool-worker-0] INFO  statemachine.DatanodeStateMachine (DatanodeStateMachine.java:stopDaemon(395)) - Ozone container server stopped.
2019-08-28 18:54:13,882 [ForkJoinPool.commonPool-worker-0] INFO  handler.ContextHandler (ContextHandler.java:doStop(910)) - Stopped o.e.j.w.WebAppContext@6ee37ca7{/,null,UNAVAILABLE}{/hddsDatanode}
2019-08-28 18:54:13,883 [ForkJoinPool.commonPool-worker-0] INFO  server.AbstractConnector (AbstractConnector.java:doStop(318)) - Stopped ServerConnector@6775c0d1{HTTP/1.1,[http/1.1]}{0.0.0.0:0}
2019-08-28 18:54:13,884 [ForkJoinPool.commonPool-worker-0] INFO  handler.ContextHandler (ContextHandler.java:doStop(910)) - Stopped o.e.j.s.ServletContextHandler@76e6c070{/static,jar:file:/home/user/.m2/repository/org/apache/hadoop/hadoop-hdds-container-service/0.5.0-SNAPSHOT/hadoop-hdds-container-service-0.5.0-SNAPSHOT.jar!/webapps/static,UNAVAILABLE}
2019-08-28 18:54:13,886 [ForkJoinPool.commonPool-worker-0] INFO  handler.ContextHandler (ContextHandler.java:doStop(910)) - Stopped o.e.j.s.ServletContextHandler@6a7a1a0d{/logs,file:///workdir/hadoop-ozone/integration-test/target/log,UNAVAILABLE}
2019-08-28 18:54:14,030 [Datanode State Machine Thread - 0] INFO  statemachine.DatanodeStateMachine (DatanodeStateMachine.java:lambda$startDaemon$0(350)) - Ozone container server started.
2019-08-28 18:54:18,035 [EventQueue-StaleNodeForStaleNodeHandler] INFO  node.StaleNodeHandler (StaleNodeHandler.java:onMessage(58)) - Datanode 8e467a3f-4a15-4133-b9dc-29f72d763c9b{ip: 192.168.69.102, host: pr-hdds-1783-trunk-gtrxg-786569963, networkLocation: /default-rack, certSerialId: null} moved to stale state. Finalizing its pipelines [PipelineID=33cf9a3b-57dd-4e54-9be4-8b9ea2f8ad18]
2019-08-28 18:54:18,035 [EventQueue-StaleNodeForStaleNodeHandler] INFO  pipeline.SCMPipelineManager (SCMPipelineManager.java:finalizeAndDestroyPipeline(309)) - destroying pipeline:Pipeline[ Id: 33cf9a3b-57dd-4e54-9be4-8b9ea2f8ad18, Nodes: 8e467a3f-4a15-4133-b9dc-29f72d763c9b{ip: 192.168.69.102, host: pr-hdds-1783-trunk-gtrxg-786569963, networkLocation: /default-rack, certSerialId: null}, Type:RATIS, Factor:ONE, State:OPEN]
2019-08-28 18:54:18,035 [EventQueue-StaleNodeForStaleNodeHandler] INFO  pipeline.PipelineStateManager (PipelineStateManager.java:finalizePipeline(123)) - Pipeline Pipeline[ Id: 33cf9a3b-57dd-4e54-9be4-8b9ea2f8ad18, Nodes: 8e467a3f-4a15-4133-b9dc-29f72d763c9b{ip: 192.168.69.102, host: pr-hdds-1783-trunk-gtrxg-786569963, networkLocation: /default-rack, certSerialId: null}, Type:RATIS, Factor:ONE, State:CLOSED] moved to CLOSED state
2019-08-28 18:54:18,772 [main] INFO  ozoneimpl.OzoneContainer (OzoneContainer.java:stop(199)) - Attempting to stop container services.
2019-08-28 18:54:18,773 [main] INFO  impl.RaftServerProxy (RaftServerProxy.java:lambda$close$4(314)) - 8e467a3f-4a15-4133-b9dc-29f72d763c9b: close
2019-08-28 18:54:18,773 [main] INFO  impl.RaftServerImpl (RaftServerImpl.java:lambda$shutdown$3(245)) - 8e467a3f-4a15-4133-b9dc-29f72d763c9b: shutdown group-8B9EA2F8AD18
2019-08-28 18:54:18,774 [main] INFO  util.JmxRegister (JmxRegister.java:unregister(73)) - Successfully un-registered JMX Bean with object name Ratis:service=RaftServer,group=group-8B9EA2F8AD18,id=8e467a3f-4a15-4133-b9dc-29f72d763c9b
2019-08-28 18:54:18,774 [main] INFO  impl.RoleInfo (RoleInfo.java:shutdownLeaderState(104)) - 8e467a3f-4a15-4133-b9dc-29f72d763c9b: shutdown LeaderState
2019-08-28 18:54:18,775 [main] INFO  impl.PendingRequests (PendingRequests.java:sendNotLeaderResponses(202)) - 8e467a3f-4a15-4133-b9dc-29f72d763c9b-PendingRequests: sendNotLeaderResponses
2019-08-28 18:54:18,775 [main] INFO  impl.StateMachineUpdater (StateMachineUpdater.java:stopAndJoin(115)) - StateMachineUpdater:8e467a3f-4a15-4133-b9dc-29f72d763c9b:group-8B9EA2F8AD18: set stopIndex = 0
2019-08-28 18:54:18,776 [main] INFO  impl.RaftServerImpl (ServerState.java:close(394)) - 8e467a3f-4a15-4133-b9dc-29f72d763c9b:group-8B9EA2F8AD18 closes. The last applied log index is 0
2019-08-28 18:54:18,776 [8e467a3f-4a15-4133-b9dc-29f72d763c9b-SegmentedRaftLogWorker:Storage Directory /workdir/hadoop-ozone/integration-test/target/test-dir/MiniOzoneClusterImpl-c80cd34b-7aaf-457d-8c82-c76acd6115b4/datanode-5/data/ratis/33cf9a3b-57dd-4e54-9be4-8b9ea2f8ad18] INFO  segmented.SegmentedRaftLogWorker (SegmentedRaftLogWorker.java:run(313)) - 8e467a3f-4a15-4133-b9dc-29f72d763c9b-SegmentedRaftLogWorker:Storage Directory /workdir/hadoop-ozone/integration-test/target/test-dir/MiniOzoneClusterImpl-c80cd34b-7aaf-457d-8c82-c76acd6115b4/datanode-5/data/ratis/33cf9a3b-57dd-4e54-9be4-8b9ea2f8ad18 was interrupted, exiting. There are 0 tasks remaining in the queue.
2019-08-28 18:54:18,777 [main] INFO  segmented.SegmentedRaftLogWorker (SegmentedRaftLogWorker.java:close(228)) - 8e467a3f-4a15-4133-b9dc-29f72d763c9b-SegmentedRaftLogWorker:Storage Directory /workdir/hadoop-ozone/integration-test/target/test-dir/MiniOzoneClusterImpl-c80cd34b-7aaf-457d-8c82-c76acd6115b4/datanode-5/data/ratis/33cf9a3b-57dd-4e54-9be4-8b9ea2f8ad18 close()
2019-08-28 18:54:18,779 [main] INFO  server.GrpcService (GrpcService.java:closeImpl(155)) - 8e467a3f-4a15-4133-b9dc-29f72d763c9b: shutdown server with port 32993 now
2019-08-28 18:54:18,780 [main] INFO  server.GrpcService (GrpcService.java:closeImpl(163)) - 8e467a3f-4a15-4133-b9dc-29f72d763c9b: shutdown server with port 32993 successfully
2019-08-28 18:54:18,781 [main] INFO  utils.BackgroundService (BackgroundService.java:shutdown(148)) - Shutting down service BlockDeletingService
2019-08-28 18:54:18,783 [refreshUsed-/workdir/hadoop-ozone/integration-test/target/test-dir/MiniOzoneClusterImpl-c80cd34b-7aaf-457d-8c82-c76acd6115b4/datanode-5/data/containers] WARN  fs.CachingGetSpaceUsed (CachingGetSpaceUsed.java:run(183)) - Thread Interrupted waiting to refresh disk information: sleep interrupted
2019-08-28 18:54:18,801 [main] INFO  statemachine.DatanodeStateMachine (DatanodeStateMachine.java:stopDaemon(395)) - Ozone container server stopped.
2019-08-28 18:54:18,802 [main] INFO  handler.ContextHandler (ContextHandler.java:doStop(910)) - Stopped o.e.j.w.WebAppContext@661e1399{/,null,UNAVAILABLE}{/hddsDatanode}
2019-08-28 18:54:18,803 [main] INFO  server.AbstractConnector (AbstractConnector.java:doStop(318)) - Stopped ServerConnector@3ffd4b12{HTTP/1.1,[http/1.1]}{0.0.0.0:0}
2019-08-28 18:54:18,803 [main] INFO  handler.ContextHandler (ContextHandler.java:doStop(910)) - Stopped o.e.j.s.ServletContextHandler@29bd85db{/static,jar:file:/home/user/.m2/repository/org/apache/hadoop/hadoop-hdds-container-service/0.5.0-SNAPSHOT/hadoop-hdds-container-service-0.5.0-SNAPSHOT.jar!/webapps/static,UNAVAILABLE}
2019-08-28 18:54:18,804 [main] INFO  handler.ContextHandler (ContextHandler.java:doStop(910)) - Stopped o.e.j.s.ServletContextHandler@62e73ab6{/logs,file:///workdir/hadoop-ozone/integration-test/target/log,UNAVAILABLE}
2019-08-28 18:54:18,804 [main] INFO  ozone.MiniOzoneClusterImpl (MiniOzoneClusterImpl.java:stop(353)) - Stopping the StorageContainerManager
2019-08-28 18:54:18,804 [main] INFO  server.StorageContainerManager (StorageContainerManager.java:stop(797)) - Stopping Replication Manager Service.
2019-08-28 18:54:18,805 [main] INFO  container.ReplicationManager (ReplicationManager.java:stop(193)) - Stopping Replication Monitor Thread.
2019-08-28 18:54:18,805 [main] INFO  server.StorageContainerManager (StorageContainerManager.java:stop(804)) - Stopping Lease Manager of the command watchers
2019-08-28 18:54:18,805 [main] INFO  server.StorageContainerManager (StorageContainerManager.java:stop(811)) - Stopping datanode service RPC server
2019-08-28 18:54:18,805 [main] INFO  server.SCMDatanodeProtocolServer (SCMDatanodeProtocolServer.java:stop(367)) - Stopping the RPC server for DataNodes
2019-08-28 18:54:18,805 [main] INFO  ipc.Server (Server.java:stop(3082)) - Stopping server on 41517
2019-08-28 18:54:18,806 [IPC Server Responder] INFO  ipc.Server (Server.java:run(1319)) - Stopping IPC Server Responder
2019-08-28 18:54:18,806 [IPC Server listener on 41517] INFO  ipc.Server (Server.java:run(1185)) - Stopping IPC Server listener on 41517
2019-08-28 18:54:18,836 [SCM Heartbeat Processing Thread - 0] WARN  node.NodeStateManager (NodeStateManager.java:scheduleNextHealthCheck(646)) - Current Thread is interrupted, shutting down HB processing thread for Node Manager.
2019-08-28 18:54:18,836 [main] INFO  server.StorageContainerManager (StorageContainerManager.java:stop(819)) - Stopping block service RPC server
2019-08-28 18:54:18,836 [main] INFO  server.SCMBlockProtocolServer (SCMBlockProtocolServer.java:stop(148)) - Stopping the RPC server for Block Protocol
2019-08-28 18:54:18,836 [main] INFO  ipc.Server (Server.java:stop(3082)) - Stopping server on 38508
2019-08-28 18:54:18,837 [IPC Server listener on 38508] INFO  ipc.Server (Server.java:run(1185)) - Stopping IPC Server listener on 38508
2019-08-28 18:54:18,837 [main] INFO  server.StorageContainerManager (StorageContainerManager.java:stop(826)) - Stopping the StorageContainerLocationProtocol RPC server
2019-08-28 18:54:18,837 [IPC Server Responder] INFO  ipc.Server (Server.java:run(1319)) - Stopping IPC Server Responder
2019-08-28 18:54:18,838 [main] INFO  server.SCMClientProtocolServer (SCMClientProtocolServer.java:stop(159)) - Stopping the RPC server for Client Protocol
2019-08-28 18:54:18,838 [main] INFO  ipc.Server (Server.java:stop(3082)) - Stopping server on 33750
2019-08-28 18:54:18,839 [IPC Server listener on 33750] INFO  ipc.Server (Server.java:run(1185)) - Stopping IPC Server listener on 33750
2019-08-28 18:54:18,839 [main] INFO  server.StorageContainerManager (StorageContainerManager.java:stop(833)) - Stopping Storage Container Manager HTTP server.
2019-08-28 18:54:18,840 [IPC Server Responder] INFO  ipc.Server (Server.java:run(1319)) - Stopping IPC Server Responder
2019-08-28 18:54:18,842 [main] INFO  handler.ContextHandler (ContextHandler.java:doStop(910)) - Stopped o.e.j.w.WebAppContext@48f5bde6{/,null,UNAVAILABLE}{/scm}
2019-08-28 18:54:18,843 [main] INFO  server.AbstractConnector (AbstractConnector.java:doStop(318)) - Stopped ServerConnector@6d511b5f{HTTP/1.1,[http/1.1]}{0.0.0.0:0}
2019-08-28 18:54:18,843 [main] INFO  handler.ContextHandler (ContextHandler.java:doStop(910)) - Stopped o.e.j.s.ServletContextHandler@5c530d1e{/static,file:///workdir/hadoop-ozone/integration-test/target/test-classes/webapps/static,UNAVAILABLE}
2019-08-28 18:54:18,844 [main] INFO  handler.ContextHandler (ContextHandler.java:doStop(910)) - Stopped o.e.j.s.ServletContextHandler@5286c33a{/logs,file:///workdir/hadoop-ozone/integration-test/target/log,UNAVAILABLE}
2019-08-28 18:54:18,845 [main] INFO  server.StorageContainerManager (StorageContainerManager.java:stop(844)) - Stopping Block Manager Service.
2019-08-28 18:54:18,845 [main] INFO  utils.BackgroundService (BackgroundService.java:shutdown(148)) - Shutting down service SCMBlockDeletingService
2019-08-28 18:54:18,846 [main] INFO  utils.BackgroundService (BackgroundService.java:shutdown(148)) - Shutting down service SCMBlockDeletingService
2019-08-28 18:54:18,846 [main] INFO  server.StorageContainerManager (StorageContainerManager.java:stop(866)) - Stopping SCM Event Queue.
2019-08-28 18:54:18,854 [main] INFO  impl.MetricsSystemImpl (MetricsSystemImpl.java:stop(210)) - Stopping XceiverClientMetrics metrics system...
2019-08-28 18:54:18,864 [main] INFO  impl.MetricsSystemImpl (MetricsSystemImpl.java:stop(216)) - XceiverClientMetrics metrics system stopped.
]]></system-out>
    <system-err><![CDATA[Aug 28, 2019 6:52:32 PM com.sun.jersey.server.impl.application.WebApplicationImpl _initiate
INFO: Initiating Jersey application, version 'Jersey: 1.19 02/11/2015 03:25 AM'
Aug 28, 2019 6:52:33 PM com.sun.jersey.server.impl.application.WebApplicationImpl _initiate
INFO: Initiating Jersey application, version 'Jersey: 1.19 02/11/2015 03:25 AM'
Aug 28, 2019 6:52:34 PM com.sun.jersey.server.impl.application.WebApplicationImpl _initiate
INFO: Initiating Jersey application, version 'Jersey: 1.19 02/11/2015 03:25 AM'
Aug 28, 2019 6:52:34 PM com.sun.jersey.server.impl.application.WebApplicationImpl _initiate
INFO: Initiating Jersey application, version 'Jersey: 1.19 02/11/2015 03:25 AM'
Aug 28, 2019 6:52:34 PM com.sun.jersey.server.impl.application.WebApplicationImpl _initiate
INFO: Initiating Jersey application, version 'Jersey: 1.19 02/11/2015 03:25 AM'
Aug 28, 2019 6:52:35 PM com.sun.jersey.server.impl.application.WebApplicationImpl _initiate
INFO: Initiating Jersey application, version 'Jersey: 1.19 02/11/2015 03:25 AM'
Aug 28, 2019 6:52:35 PM com.sun.jersey.server.impl.application.WebApplicationImpl _initiate
INFO: Initiating Jersey application, version 'Jersey: 1.19 02/11/2015 03:25 AM'
]]></system-err>
  </testcase>
  <testcase name="testDatanodeFailureWithPreAllocation" classname="org.apache.hadoop.ozone.client.rpc.TestBlockOutputStreamWithFailures" time="226.065"/>
  <testcase name="testDatanodeFailureWithSingleNodeRatis" classname="org.apache.hadoop.ozone.client.rpc.TestBlockOutputStreamWithFailures" time="228.275"/>
  <testcase name="testWatchForCommitWithSingleNodeRatis" classname="org.apache.hadoop.ozone.client.rpc.TestBlockOutputStreamWithFailures" time="37.301"/>
  <testcase name="testWatchForCommitDatanodeFailure" classname="org.apache.hadoop.ozone.client.rpc.TestBlockOutputStreamWithFailures" time="35.927"/>
  <testcase name="testFailureWithPrimeSizedData" classname="org.apache.hadoop.ozone.client.rpc.TestBlockOutputStreamWithFailures" time="41.898"/>
  <testcase name="testWatchForCommitWithCloseContainerException" classname="org.apache.hadoop.ozone.client.rpc.TestBlockOutputStreamWithFailures" time="61.874">
    <failure message="expected:&lt;2&gt; but was:&lt;3&gt;" type="java.lang.AssertionError"><![CDATA[java.lang.AssertionError: expected:<2> but was:<3>
	at org.junit.Assert.fail(Assert.java:88)
	at org.junit.Assert.failNotEquals(Assert.java:743)
	at org.junit.Assert.assertEquals(Assert.java:118)
	at org.junit.Assert.assertEquals(Assert.java:555)
	at org.junit.Assert.assertEquals(Assert.java:542)
	at org.apache.hadoop.ozone.client.rpc.TestBlockOutputStreamWithFailures.testWatchForCommitWithCloseContainerException(TestBlockOutputStreamWithFailures.java:233)
	at sun.reflect.NativeMethodAccessorImpl.invoke0(Native Method)
	at sun.reflect.NativeMethodAccessorImpl.invoke(NativeMethodAccessorImpl.java:62)
	at sun.reflect.DelegatingMethodAccessorImpl.invoke(DelegatingMethodAccessorImpl.java:43)
	at java.lang.reflect.Method.invoke(Method.java:498)
	at org.junit.runners.model.FrameworkMethod$1.runReflectiveCall(FrameworkMethod.java:47)
	at org.junit.internal.runners.model.ReflectiveCallable.run(ReflectiveCallable.java:12)
	at org.junit.runners.model.FrameworkMethod.invokeExplosively(FrameworkMethod.java:44)
	at org.junit.internal.runners.statements.InvokeMethod.evaluate(InvokeMethod.java:17)
	at org.junit.internal.runners.statements.RunBefores.evaluate(RunBefores.java:26)
	at org.junit.internal.runners.statements.RunAfters.evaluate(RunAfters.java:27)
	at org.junit.runners.ParentRunner.runLeaf(ParentRunner.java:271)
	at org.junit.runners.BlockJUnit4ClassRunner.runChild(BlockJUnit4ClassRunner.java:70)
	at org.junit.runners.BlockJUnit4ClassRunner.runChild(BlockJUnit4ClassRunner.java:50)
	at org.junit.runners.ParentRunner$3.run(ParentRunner.java:238)
	at org.junit.runners.ParentRunner$1.schedule(ParentRunner.java:63)
	at org.junit.runners.ParentRunner.runChildren(ParentRunner.java:236)
	at org.junit.runners.ParentRunner.access$000(ParentRunner.java:53)
	at org.junit.runners.ParentRunner$2.evaluate(ParentRunner.java:229)
	at org.junit.runners.ParentRunner.run(ParentRunner.java:309)
	at org.apache.maven.surefire.junit4.JUnit4Provider.execute(JUnit4Provider.java:365)
	at org.apache.maven.surefire.junit4.JUnit4Provider.executeWithRerun(JUnit4Provider.java:273)
	at org.apache.maven.surefire.junit4.JUnit4Provider.executeTestSet(JUnit4Provider.java:238)
	at org.apache.maven.surefire.junit4.JUnit4Provider.invoke(JUnit4Provider.java:159)
	at org.apache.maven.surefire.booter.ForkedBooter.invokeProviderInSameClassLoader(ForkedBooter.java:384)
	at org.apache.maven.surefire.booter.ForkedBooter.runSuitesInProcess(ForkedBooter.java:345)
	at org.apache.maven.surefire.booter.ForkedBooter.execute(ForkedBooter.java:126)
	at org.apache.maven.surefire.booter.ForkedBooter.main(ForkedBooter.java:418)
]]></failure>
    <system-out><![CDATA[2019-08-28 19:03:48,414 [main] WARN  server.ServerUtils (ServerUtils.java:getScmDbDir(145)) - ozone.scm.db.dirs is not configured. We recommend adding this setting. Falling back to ozone.metadata.dirs instead.
2019-08-28 19:03:48,440 [main] WARN  server.ServerUtils (ServerUtils.java:getScmDbDir(145)) - ozone.scm.db.dirs is not configured. We recommend adding this setting. Falling back to ozone.metadata.dirs instead.
2019-08-28 19:03:48,441 [main] WARN  server.ServerUtils (ServerUtils.java:getScmDbDir(145)) - ozone.scm.db.dirs is not configured. We recommend adding this setting. Falling back to ozone.metadata.dirs instead.
2019-08-28 19:03:48,442 [main] INFO  db.DBStoreBuilder (DBStoreBuilder.java:addTable(110)) - using custom profile for table: deletedBlocks
2019-08-28 19:03:48,442 [main] INFO  db.DBStoreBuilder (DBStoreBuilder.java:processTables(161)) - Using default column profile:DBProfile.DISK for Table:deletedBlocks
2019-08-28 19:03:48,442 [main] INFO  db.DBStoreBuilder (DBStoreBuilder.java:addTable(110)) - using custom profile for table: validCerts
2019-08-28 19:03:48,443 [main] INFO  db.DBStoreBuilder (DBStoreBuilder.java:processTables(161)) - Using default column profile:DBProfile.DISK for Table:validCerts
2019-08-28 19:03:48,443 [main] INFO  db.DBStoreBuilder (DBStoreBuilder.java:addTable(110)) - using custom profile for table: revokedCerts
2019-08-28 19:03:48,443 [main] INFO  db.DBStoreBuilder (DBStoreBuilder.java:processTables(161)) - Using default column profile:DBProfile.DISK for Table:revokedCerts
2019-08-28 19:03:48,444 [main] INFO  db.DBStoreBuilder (DBStoreBuilder.java:addTable(110)) - using custom profile for table: default
2019-08-28 19:03:48,444 [main] INFO  db.DBStoreBuilder (DBStoreBuilder.java:processTables(167)) - Using default column profile:DBProfile.DISK for Table:default
2019-08-28 19:03:48,444 [main] INFO  db.DBStoreBuilder (DBStoreBuilder.java:getDbProfile(198)) - Using default options. DBProfile.DISK
2019-08-28 19:03:48,703 [main] INFO  net.NodeSchemaLoader (NodeSchemaLoader.java:loadSchemaFromFile(125)) - Loading file from sun.misc.CompoundEnumeration@5bbda8aa
2019-08-28 19:03:48,703 [main] INFO  net.NodeSchemaLoader (NodeSchemaLoader.java:loadSchema(171)) - Loading network topology layer schema file
2019-08-28 19:03:48,709 [main] INFO  node.SCMNodeManager (SCMNodeManager.java:<init>(121)) - Entering startup safe mode.
2019-08-28 19:03:48,709 [main] INFO  algorithms.ContainerPlacementPolicyFactory (ContainerPlacementPolicyFactory.java:getPolicy(55)) - Create container placement policy of type org.apache.hadoop.hdds.scm.container.placement.algorithms.SCMContainerPlacementRandom
2019-08-28 19:03:48,709 [main] WARN  server.ServerUtils (ServerUtils.java:getScmDbDir(145)) - ozone.scm.db.dirs is not configured. We recommend adding this setting. Falling back to ozone.metadata.dirs instead.
2019-08-28 19:03:48,819 [main] INFO  pipeline.SCMPipelineManager (SCMPipelineManager.java:initializePipelineState(126)) - No pipeline exists in current db
2019-08-28 19:03:48,820 [main] WARN  server.ServerUtils (ServerUtils.java:getScmDbDir(145)) - ozone.scm.db.dirs is not configured. We recommend adding this setting. Falling back to ozone.metadata.dirs instead.
2019-08-28 19:03:48,944 [main] WARN  events.EventQueue (EventQueue.java:fireEvent(175)) - No event handler registered for event TypedEvent{payloadType=SafeModeStatus, name='SafeModeStatus'}
2019-08-28 19:03:48,945 [main] INFO  ipc.CallQueueManager (CallQueueManager.java:<init>(84)) - Using callQueue: class java.util.concurrent.LinkedBlockingQueue, queueCapacity: 2000, scheduler: class org.apache.hadoop.ipc.DefaultRpcScheduler, ipcBackoff: false.
2019-08-28 19:03:48,946 [Socket Reader #1 for port 35556] INFO  ipc.Server (Server.java:run(1074)) - Starting Socket Reader #1 for port 35556
2019-08-28 19:03:48,948 [main] INFO  ipc.CallQueueManager (CallQueueManager.java:<init>(84)) - Using callQueue: class java.util.concurrent.LinkedBlockingQueue, queueCapacity: 2000, scheduler: class org.apache.hadoop.ipc.DefaultRpcScheduler, ipcBackoff: false.
2019-08-28 19:03:48,950 [Socket Reader #1 for port 45778] INFO  ipc.Server (Server.java:run(1074)) - Starting Socket Reader #1 for port 45778
2019-08-28 19:03:48,951 [main] INFO  ipc.CallQueueManager (CallQueueManager.java:<init>(84)) - Using callQueue: class java.util.concurrent.LinkedBlockingQueue, queueCapacity: 2000, scheduler: class org.apache.hadoop.ipc.DefaultRpcScheduler, ipcBackoff: false.
2019-08-28 19:03:48,952 [Socket Reader #1 for port 34781] INFO  ipc.Server (Server.java:run(1074)) - Starting Socket Reader #1 for port 34781
2019-08-28 19:03:48,956 [main] INFO  hdfs.DFSUtil (DFSUtil.java:httpServerTemplateForNNAndJN(1641)) - Starting Web-server for scm at: http://0.0.0.0:0
2019-08-28 19:03:48,957 [main] INFO  server.AuthenticationFilter (AuthenticationFilter.java:constructSecretProvider(240)) - Unable to initialize FileSignerSecretProvider, falling back to use random secrets.
2019-08-28 19:03:48,958 [main] WARN  http.HttpRequestLog (HttpRequestLog.java:getRequestLog(97)) - Jetty request log can only be enabled using Log4j
2019-08-28 19:03:48,960 [main] INFO  http.HttpServer2 (HttpServer2.java:addGlobalFilter(975)) - Added global filter 'safety' (class=org.apache.hadoop.http.HttpServer2$QuotingInputFilter)
2019-08-28 19:03:48,960 [main] INFO  http.HttpServer2 (HttpServer2.java:addFilter(948)) - Added filter static_user_filter (class=org.apache.hadoop.http.lib.StaticUserWebFilter$StaticUserFilter) to context scm
2019-08-28 19:03:48,961 [main] INFO  http.HttpServer2 (HttpServer2.java:addFilter(958)) - Added filter static_user_filter (class=org.apache.hadoop.http.lib.StaticUserWebFilter$StaticUserFilter) to context logs
2019-08-28 19:03:48,961 [main] INFO  http.HttpServer2 (HttpServer2.java:addFilter(958)) - Added filter static_user_filter (class=org.apache.hadoop.http.lib.StaticUserWebFilter$StaticUserFilter) to context static
2019-08-28 19:03:48,963 [main] INFO  server.StorageContainerManager (StorageContainerManager.java:start(759)) - StorageContainerLocationProtocol RPC server is listening at /0.0.0.0:34781
2019-08-28 19:03:48,965 [main] WARN  impl.MetricsConfig (MetricsConfig.java:loadFirst(134)) - Cannot locate configuration: tried hadoop-metrics2-storagecontainermanager.properties,hadoop-metrics2.properties
2019-08-28 19:03:48,966 [main] INFO  impl.MetricsSystemImpl (MetricsSystemImpl.java:startTimer(374)) - Scheduled Metric snapshot period at 10 second(s).
2019-08-28 19:03:48,966 [main] INFO  impl.MetricsSystemImpl (MetricsSystemImpl.java:start(191)) - StorageContainerManager metrics system started
2019-08-28 19:03:49,129 [main] INFO  server.SCMClientProtocolServer (SCMClientProtocolServer.java:start(151)) - RPC server for Client  is listening at /0.0.0.0:34781
2019-08-28 19:03:49,129 [IPC Server Responder] INFO  ipc.Server (Server.java:run(1314)) - IPC Server Responder: starting
2019-08-28 19:03:49,129 [IPC Server listener on 34781] INFO  ipc.Server (Server.java:run(1153)) - IPC Server listener on 34781: starting
2019-08-28 19:03:49,133 [main] INFO  server.StorageContainerManager (StorageContainerManager.java:start(769)) - ScmBlockLocationProtocol RPC server is listening at /0.0.0.0:45778
2019-08-28 19:03:49,133 [main] INFO  server.SCMBlockProtocolServer (SCMBlockProtocolServer.java:start(140)) - RPC server for Block Protocol is listening at /0.0.0.0:45778
2019-08-28 19:03:49,133 [IPC Server Responder] INFO  ipc.Server (Server.java:run(1314)) - IPC Server Responder: starting
2019-08-28 19:03:49,134 [IPC Server listener on 45778] INFO  ipc.Server (Server.java:run(1153)) - IPC Server listener on 45778: starting
2019-08-28 19:03:49,137 [main] INFO  server.StorageContainerManager (StorageContainerManager.java:start(773)) - ScmDatanodeProtocl RPC server is listening at /0.0.0.0:35556
2019-08-28 19:03:49,137 [main] INFO  server.SCMDatanodeProtocolServer (SCMDatanodeProtocolServer.java:start(191)) - RPC server for DataNodes is listening at /0.0.0.0:35556
2019-08-28 19:03:49,137 [IPC Server Responder] INFO  ipc.Server (Server.java:run(1314)) - IPC Server Responder: starting
2019-08-28 19:03:49,138 [IPC Server listener on 35556] INFO  ipc.Server (Server.java:run(1153)) - IPC Server listener on 35556: starting
2019-08-28 19:03:49,141 [main] INFO  http.HttpServer2 (HttpServer2.java:bindListener(1191)) - Jetty bound to port 41736
2019-08-28 19:03:49,141 [main] INFO  server.Server (Server.java:doStart(351)) - jetty-9.3.24.v20180605, build timestamp: 2018-06-05T17:11:56Z, git hash: 84205aa28f11a4f31f2a3b86d1bba2cc8ab69827
2019-08-28 19:03:49,143 [main] INFO  handler.ContextHandler (ContextHandler.java:doStart(781)) - Started o.e.j.s.ServletContextHandler@794ffe22{/logs,file:///workdir/hadoop-ozone/integration-test/target/log,AVAILABLE}
2019-08-28 19:03:49,143 [main] INFO  handler.ContextHandler (ContextHandler.java:doStart(781)) - Started o.e.j.s.ServletContextHandler@74a15f4{/static,file:///workdir/hadoop-ozone/integration-test/target/test-classes/webapps/static,AVAILABLE}
2019-08-28 19:03:49,147 [main] INFO  handler.ContextHandler (ContextHandler.java:doStart(781)) - Started o.e.j.w.WebAppContext@66a5f996{/,file:///workdir/hadoop-ozone/integration-test/target/test-classes/webapps/scm/,AVAILABLE}{/scm}
2019-08-28 19:03:49,147 [main] INFO  server.AbstractConnector (AbstractConnector.java:doStart(278)) - Started ServerConnector@6cddb04c{HTTP/1.1,[http/1.1]}{0.0.0.0:41736}
2019-08-28 19:03:49,148 [main] INFO  server.Server (Server.java:doStart(419)) - Started @683591ms
2019-08-28 19:03:49,149 [main] INFO  server.BaseHttpServer (BaseHttpServer.java:updateConnectorAddress(213)) - HTTP server of SCM is listening at http://0.0.0.0:41736
2019-08-28 19:03:49,151 [main] WARN  server.ServerUtils (ServerUtils.java:getDBPath(222)) - ozone.om.db.dirs is not configured. We recommend adding this setting. Falling back to ozone.metadata.dirs instead.
2019-08-28 19:03:49,151 [org.apache.hadoop.util.JvmPauseMonitor$Monitor@70f446c] INFO  util.JvmPauseMonitor (JvmPauseMonitor.java:run(188)) - Starting JVM pause monitor
2019-08-28 19:03:49,166 [main] WARN  server.ServerUtils (ServerUtils.java:getDBPath(222)) - ozone.om.db.dirs is not configured. We recommend adding this setting. Falling back to ozone.metadata.dirs instead.
2019-08-28 19:03:49,167 [main] WARN  server.ServerUtils (ServerUtils.java:getDBPath(222)) - ozone.om.db.dirs is not configured. We recommend adding this setting. Falling back to ozone.metadata.dirs instead.
2019-08-28 19:03:49,167 [main] INFO  om.OzoneManager (OzoneManager.java:setOMNodeDetails(645)) - OM Service ID is not set. Setting it to the default ID: omServiceIdDefault
2019-08-28 19:03:49,168 [main] INFO  om.OzoneManager (OzoneManager.java:setOMNodeDetails(651)) - OM Node ID is not set. Setting it to the OmStorage's OmID: 60b6168b-fe5d-4a4a-ae8c-4fc7c43c0217
2019-08-28 19:03:49,168 [main] INFO  om.OzoneManager (OzoneManager.java:loadOMHAConfigs(602)) - Found matching OM address with OMServiceId: null, OMNodeId: null, RPC Address: localhost:0 and Ratis port: 9872
2019-08-28 19:03:49,172 | INFO  | SCMAudit | user=jenkins1000 | ip=192.168.69.102 | op=GET_SCM_INFO null | ret=SUCCESS |  
2019-08-28 19:03:49,175 [main] WARN  server.ServerUtils (ServerUtils.java:getDBPath(222)) - ozone.om.db.dirs is not configured. We recommend adding this setting. Falling back to ozone.metadata.dirs instead.
2019-08-28 19:03:49,176 [main] INFO  db.DBStoreBuilder (DBStoreBuilder.java:addTable(110)) - using custom profile for table: userTable
2019-08-28 19:03:49,176 [main] INFO  db.DBStoreBuilder (DBStoreBuilder.java:processTables(161)) - Using default column profile:DBProfile.DISK for Table:userTable
2019-08-28 19:03:49,176 [main] INFO  db.DBStoreBuilder (DBStoreBuilder.java:addTable(110)) - using custom profile for table: volumeTable
2019-08-28 19:03:49,176 [main] INFO  db.DBStoreBuilder (DBStoreBuilder.java:processTables(161)) - Using default column profile:DBProfile.DISK for Table:volumeTable
2019-08-28 19:03:49,177 [main] INFO  db.DBStoreBuilder (DBStoreBuilder.java:addTable(110)) - using custom profile for table: bucketTable
2019-08-28 19:03:49,177 [main] INFO  db.DBStoreBuilder (DBStoreBuilder.java:processTables(161)) - Using default column profile:DBProfile.DISK for Table:bucketTable
2019-08-28 19:03:49,177 [main] INFO  db.DBStoreBuilder (DBStoreBuilder.java:addTable(110)) - using custom profile for table: keyTable
2019-08-28 19:03:49,177 [main] INFO  db.DBStoreBuilder (DBStoreBuilder.java:processTables(161)) - Using default column profile:DBProfile.DISK for Table:keyTable
2019-08-28 19:03:49,177 [main] INFO  db.DBStoreBuilder (DBStoreBuilder.java:addTable(110)) - using custom profile for table: deletedTable
2019-08-28 19:03:49,178 [main] INFO  db.DBStoreBuilder (DBStoreBuilder.java:processTables(161)) - Using default column profile:DBProfile.DISK for Table:deletedTable
2019-08-28 19:03:49,178 [main] INFO  db.DBStoreBuilder (DBStoreBuilder.java:addTable(110)) - using custom profile for table: openKeyTable
2019-08-28 19:03:49,178 [main] INFO  db.DBStoreBuilder (DBStoreBuilder.java:processTables(161)) - Using default column profile:DBProfile.DISK for Table:openKeyTable
2019-08-28 19:03:49,178 [main] INFO  db.DBStoreBuilder (DBStoreBuilder.java:addTable(110)) - using custom profile for table: s3Table
2019-08-28 19:03:49,179 [main] INFO  db.DBStoreBuilder (DBStoreBuilder.java:processTables(161)) - Using default column profile:DBProfile.DISK for Table:s3Table
2019-08-28 19:03:49,179 [main] INFO  db.DBStoreBuilder (DBStoreBuilder.java:addTable(110)) - using custom profile for table: multipartInfoTable
2019-08-28 19:03:49,179 [main] INFO  db.DBStoreBuilder (DBStoreBuilder.java:processTables(161)) - Using default column profile:DBProfile.DISK for Table:multipartInfoTable
2019-08-28 19:03:49,179 [main] INFO  db.DBStoreBuilder (DBStoreBuilder.java:addTable(110)) - using custom profile for table: dTokenTable
2019-08-28 19:03:49,179 [main] INFO  db.DBStoreBuilder (DBStoreBuilder.java:processTables(161)) - Using default column profile:DBProfile.DISK for Table:dTokenTable
2019-08-28 19:03:49,180 [main] INFO  db.DBStoreBuilder (DBStoreBuilder.java:addTable(110)) - using custom profile for table: s3SecretTable
2019-08-28 19:03:49,180 [main] INFO  db.DBStoreBuilder (DBStoreBuilder.java:processTables(161)) - Using default column profile:DBProfile.DISK for Table:s3SecretTable
2019-08-28 19:03:49,180 [main] INFO  db.DBStoreBuilder (DBStoreBuilder.java:addTable(110)) - using custom profile for table: prefixTable
2019-08-28 19:03:49,180 [main] INFO  db.DBStoreBuilder (DBStoreBuilder.java:processTables(161)) - Using default column profile:DBProfile.DISK for Table:prefixTable
2019-08-28 19:03:49,181 [main] INFO  db.DBStoreBuilder (DBStoreBuilder.java:addTable(110)) - using custom profile for table: default
2019-08-28 19:03:49,181 [main] INFO  db.DBStoreBuilder (DBStoreBuilder.java:processTables(167)) - Using default column profile:DBProfile.DISK for Table:default
2019-08-28 19:03:49,181 [main] INFO  db.DBStoreBuilder (DBStoreBuilder.java:getDbProfile(198)) - Using default options. DBProfile.DISK
2019-08-28 19:03:49,930 [main] INFO  ipc.CallQueueManager (CallQueueManager.java:<init>(84)) - Using callQueue: class java.util.concurrent.LinkedBlockingQueue, queueCapacity: 2000, scheduler: class org.apache.hadoop.ipc.DefaultRpcScheduler, ipcBackoff: false.
2019-08-28 19:03:49,932 [Socket Reader #1 for port 38666] INFO  ipc.Server (Server.java:run(1074)) - Starting Socket Reader #1 for port 38666
2019-08-28 19:03:49,951 [main] INFO  om.OzoneManager (OzoneManager.java:start(1256)) - OzoneManager RPC server is listening at localhost/127.0.0.1:38666
2019-08-28 19:03:49,951 [main] INFO  impl.MetricsSystemImpl (MetricsSystemImpl.java:init(158)) - OzoneManager metrics system started (again)
2019-08-28 19:03:49,952 [IPC Server Responder] INFO  ipc.Server (Server.java:run(1314)) - IPC Server Responder: starting
2019-08-28 19:03:49,952 [IPC Server listener on 38666] INFO  ipc.Server (Server.java:run(1153)) - IPC Server listener on 38666: starting
2019-08-28 19:03:49,958 [main] INFO  hdfs.DFSUtil (DFSUtil.java:httpServerTemplateForNNAndJN(1641)) - Starting Web-server for ozoneManager at: http://0.0.0.0:0
2019-08-28 19:03:49,961 [main] INFO  server.AuthenticationFilter (AuthenticationFilter.java:constructSecretProvider(240)) - Unable to initialize FileSignerSecretProvider, falling back to use random secrets.
2019-08-28 19:03:49,961 [main] WARN  http.HttpRequestLog (HttpRequestLog.java:getRequestLog(97)) - Jetty request log can only be enabled using Log4j
2019-08-28 19:03:49,964 [main] INFO  http.HttpServer2 (HttpServer2.java:addGlobalFilter(975)) - Added global filter 'safety' (class=org.apache.hadoop.http.HttpServer2$QuotingInputFilter)
2019-08-28 19:03:49,965 [main] INFO  http.HttpServer2 (HttpServer2.java:addFilter(948)) - Added filter static_user_filter (class=org.apache.hadoop.http.lib.StaticUserWebFilter$StaticUserFilter) to context ozoneManager
2019-08-28 19:03:49,965 [main] INFO  http.HttpServer2 (HttpServer2.java:addFilter(958)) - Added filter static_user_filter (class=org.apache.hadoop.http.lib.StaticUserWebFilter$StaticUserFilter) to context logs
2019-08-28 19:03:49,965 [main] INFO  http.HttpServer2 (HttpServer2.java:addFilter(958)) - Added filter static_user_filter (class=org.apache.hadoop.http.lib.StaticUserWebFilter$StaticUserFilter) to context static
2019-08-28 19:03:49,966 [main] INFO  http.HttpServer2 (HttpServer2.java:bindListener(1191)) - Jetty bound to port 42553
2019-08-28 19:03:49,966 [main] INFO  server.Server (Server.java:doStart(351)) - jetty-9.3.24.v20180605, build timestamp: 2018-06-05T17:11:56Z, git hash: 84205aa28f11a4f31f2a3b86d1bba2cc8ab69827
2019-08-28 19:03:49,968 [main] INFO  handler.ContextHandler (ContextHandler.java:doStart(781)) - Started o.e.j.s.ServletContextHandler@27e713d4{/logs,file:///workdir/hadoop-ozone/integration-test/target/log,AVAILABLE}
2019-08-28 19:03:49,969 [main] INFO  handler.ContextHandler (ContextHandler.java:doStart(781)) - Started o.e.j.s.ServletContextHandler@75630d9e{/static,file:///workdir/hadoop-ozone/integration-test/target/test-classes/webapps/static,AVAILABLE}
2019-08-28 19:03:49,975 [main] INFO  handler.ContextHandler (ContextHandler.java:doStart(781)) - Started o.e.j.w.WebAppContext@2954be42{/,file:///workdir/hadoop-ozone/integration-test/target/test-classes/webapps/ozoneManager/,AVAILABLE}{/ozoneManager}
2019-08-28 19:03:49,976 [main] INFO  server.AbstractConnector (AbstractConnector.java:doStart(278)) - Started ServerConnector@5c65d5c3{HTTP/1.1,[http/1.1]}{0.0.0.0:42553}
2019-08-28 19:03:49,977 [main] INFO  server.Server (Server.java:doStart(419)) - Started @684420ms
2019-08-28 19:03:49,978 [main] INFO  server.BaseHttpServer (BaseHttpServer.java:updateConnectorAddress(213)) - HTTP server of OZONEMANAGER is listening at http://0.0.0.0:42553
2019-08-28 19:03:49,997 [main] INFO  impl.MetricsSystemImpl (MetricsSystemImpl.java:init(158)) - HddsDatanode metrics system started (again)
2019-08-28 19:03:50,003 [main] INFO  ozone.HddsDatanodeService (HddsDatanodeService.java:start(184)) - HddsDatanodeService host:pr-hdds-1783-trunk-gtrxg-786569963 ip:192.168.69.102
2019-08-28 19:03:50,014 [main] INFO  volume.HddsVolume (HddsVolume.java:<init>(176)) - Creating Volume: /workdir/hadoop-ozone/integration-test/target/test-dir/MiniOzoneClusterImpl-707007af-a3e3-45d7-ab83-09aed58cd643/datanode-0/data/containers/hdds of  storage type : DISK and capacity : 1482555576320
2019-08-28 19:03:50,015 [main] INFO  volume.VolumeSet (VolumeSet.java:initializeVolumeSet(170)) - Added Volume : /workdir/hadoop-ozone/integration-test/target/test-dir/MiniOzoneClusterImpl-707007af-a3e3-45d7-ab83-09aed58cd643/datanode-0/data/containers/hdds to VolumeSet
2019-08-28 19:03:50,015 [main] INFO  volume.ThrottledAsyncChecker (ThrottledAsyncChecker.java:schedule(140)) - Scheduling a check for org.apache.hadoop.ozone.container.common.volume.HddsVolume@cf9a1f1
2019-08-28 19:03:50,016 [main] INFO  volume.HddsVolumeChecker (HddsVolumeChecker.java:checkAllVolumes(203)) - Scheduled health check for volume org.apache.hadoop.ozone.container.common.volume.HddsVolume@cf9a1f1
2019-08-28 19:03:50,034 [main] INFO  impl.RaftServerProxy (ConfUtils.java:logGet(43)) - raft.rpc.type = GRPC (default)
2019-08-28 19:03:50,034 [main] INFO  grpc.GrpcFactory (GrpcFactory.java:checkPooledByteBufAllocatorUseCacheForAllThreads(45)) - PERFORMANCE WARNING: useCacheForAllThreads is true that may cause Netty to create a lot garbage objects and, as a result, trigger GC.
	It is recommended to disable useCacheForAllThreads by setting -Dorg.apache.ratis.thirdparty.io.netty.allocator.useCacheForAllThreads=false in command line.
2019-08-28 19:03:50,035 [main] INFO  grpc.GrpcConfigKeys$Server (ConfUtils.java:logGet(43)) - raft.grpc.server.port = 0 (default)
2019-08-28 19:03:50,035 [main] INFO  server.GrpcService (ConfUtils.java:logGet(43)) - raft.grpc.message.size.max = 33570816 (custom)
2019-08-28 19:03:50,035 [main] INFO  server.RaftServerConfigKeys (ConfUtils.java:logGet(43)) - raft.server.log.appender.buffer.byte-limit = 33554432 (custom)
2019-08-28 19:03:50,036 [main] INFO  server.GrpcService (ConfUtils.java:logGet(43)) - raft.grpc.flow.control.window = 1MB (=1048576) (default)
2019-08-28 19:03:50,036 [main] INFO  server.RaftServerConfigKeys (ConfUtils.java:logGet(43)) - raft.server.rpc.request.timeout = 3000ms (default)
2019-08-28 19:03:50,036 [main] INFO  server.RaftServerConfigKeys (ConfUtils.java:logGet(43)) - raft.server.storage.dir = [/workdir/hadoop-ozone/integration-test/target/test-dir/MiniOzoneClusterImpl-707007af-a3e3-45d7-ab83-09aed58cd643/datanode-0/data/ratis] (custom)
2019-08-28 19:03:50,037 [main] INFO  replication.SimpleContainerDownloader (SimpleContainerDownloader.java:<init>(72)) - Starting container downloader service to copy containers to replicate.
2019-08-28 19:03:50,038 [main] INFO  hdfs.DFSUtil (DFSUtil.java:httpServerTemplateForNNAndJN(1641)) - Starting Web-server for hddsDatanode at: http://0.0.0.0:0
2019-08-28 19:03:50,039 [main] INFO  server.AuthenticationFilter (AuthenticationFilter.java:constructSecretProvider(240)) - Unable to initialize FileSignerSecretProvider, falling back to use random secrets.
2019-08-28 19:03:50,040 [main] WARN  http.HttpRequestLog (HttpRequestLog.java:getRequestLog(97)) - Jetty request log can only be enabled using Log4j
2019-08-28 19:03:50,041 [main] INFO  http.HttpServer2 (HttpServer2.java:addGlobalFilter(975)) - Added global filter 'safety' (class=org.apache.hadoop.http.HttpServer2$QuotingInputFilter)
2019-08-28 19:03:50,042 [main] INFO  http.HttpServer2 (HttpServer2.java:addFilter(948)) - Added filter static_user_filter (class=org.apache.hadoop.http.lib.StaticUserWebFilter$StaticUserFilter) to context hddsDatanode
2019-08-28 19:03:50,042 [main] INFO  http.HttpServer2 (HttpServer2.java:addFilter(958)) - Added filter static_user_filter (class=org.apache.hadoop.http.lib.StaticUserWebFilter$StaticUserFilter) to context logs
2019-08-28 19:03:50,042 [main] INFO  http.HttpServer2 (HttpServer2.java:addFilter(958)) - Added filter static_user_filter (class=org.apache.hadoop.http.lib.StaticUserWebFilter$StaticUserFilter) to context static
2019-08-28 19:03:50,043 [main] INFO  http.HttpServer2 (HttpServer2.java:bindListener(1191)) - Jetty bound to port 40343
2019-08-28 19:03:50,043 [main] INFO  server.Server (Server.java:doStart(351)) - jetty-9.3.24.v20180605, build timestamp: 2018-06-05T17:11:56Z, git hash: 84205aa28f11a4f31f2a3b86d1bba2cc8ab69827
2019-08-28 19:03:50,045 [main] INFO  handler.ContextHandler (ContextHandler.java:doStart(781)) - Started o.e.j.s.ServletContextHandler@60483dcf{/logs,file:///workdir/hadoop-ozone/integration-test/target/log,AVAILABLE}
2019-08-28 19:03:50,046 [main] INFO  handler.ContextHandler (ContextHandler.java:doStart(781)) - Started o.e.j.s.ServletContextHandler@7d0ae3d1{/static,jar:file:/home/user/.m2/repository/org/apache/hadoop/hadoop-hdds-container-service/0.5.0-SNAPSHOT/hadoop-hdds-container-service-0.5.0-SNAPSHOT.jar!/webapps/static,AVAILABLE}
2019-08-28 19:03:50,079 [main] INFO  handler.ContextHandler (ContextHandler.java:doStart(781)) - Started o.e.j.w.WebAppContext@2b284acc{/,file:///tmp/jetty-0.0.0.0-40343-hddsDatanode-_-any-1961370041362827591.dir/webapp/,AVAILABLE}{/hddsDatanode}
2019-08-28 19:03:50,080 [main] INFO  server.AbstractConnector (AbstractConnector.java:doStart(278)) - Started ServerConnector@76e5278a{HTTP/1.1,[http/1.1]}{0.0.0.0:40343}
2019-08-28 19:03:50,080 [main] INFO  server.Server (Server.java:doStart(419)) - Started @684523ms
2019-08-28 19:03:50,083 [main] INFO  server.BaseHttpServer (BaseHttpServer.java:updateConnectorAddress(213)) - HTTP server of HDDSDATANODE is listening at http://0.0.0.0:40343
2019-08-28 19:03:50,211 | INFO  | ObjectStoreRestHttpServer | Listening HDDS REST traffic on /0.0.0.0:42673 |  
2019-08-28 19:03:50,211 [main] INFO  ozone.HddsDatanodeService (HddsDatanodeService.java:startPlugins(395)) - Started plug-in org.apache.hadoop.ozone.web.OzoneHddsDatanodeService@2c73a332
2019-08-28 19:03:50,212 [main] INFO  impl.MetricsSystemImpl (MetricsSystemImpl.java:init(158)) - HddsDatanode metrics system started (again)
2019-08-28 19:03:50,216 [org.apache.hadoop.util.JvmPauseMonitor$Monitor@5c3a9c45] INFO  util.JvmPauseMonitor (JvmPauseMonitor.java:run(188)) - Starting JVM pause monitor
2019-08-28 19:03:50,216 [main] INFO  ozone.HddsDatanodeService (HddsDatanodeService.java:start(184)) - HddsDatanodeService host:pr-hdds-1783-trunk-gtrxg-786569963 ip:192.168.69.102
2019-08-28 19:03:50,218 [Datanode State Machine Thread - 0] INFO  datanode.InitDatanodeState (InitDatanodeState.java:persistContainerDatanodeDetails(140)) - DatanodeDetails is persisted to /workdir/hadoop-ozone/integration-test/target/test-dir/MiniOzoneClusterImpl-707007af-a3e3-45d7-ab83-09aed58cd643/datanode-0/meta/datanode.id
2019-08-28 19:03:50,228 [main] INFO  volume.HddsVolume (HddsVolume.java:<init>(176)) - Creating Volume: /workdir/hadoop-ozone/integration-test/target/test-dir/MiniOzoneClusterImpl-707007af-a3e3-45d7-ab83-09aed58cd643/datanode-1/data/containers/hdds of  storage type : DISK and capacity : 1482555576320
2019-08-28 19:03:50,228 [main] INFO  volume.VolumeSet (VolumeSet.java:initializeVolumeSet(170)) - Added Volume : /workdir/hadoop-ozone/integration-test/target/test-dir/MiniOzoneClusterImpl-707007af-a3e3-45d7-ab83-09aed58cd643/datanode-1/data/containers/hdds to VolumeSet
2019-08-28 19:03:50,228 [main] INFO  volume.ThrottledAsyncChecker (ThrottledAsyncChecker.java:schedule(140)) - Scheduling a check for org.apache.hadoop.ozone.container.common.volume.HddsVolume@604a9d87
2019-08-28 19:03:50,229 [main] INFO  volume.HddsVolumeChecker (HddsVolumeChecker.java:checkAllVolumes(203)) - Scheduled health check for volume org.apache.hadoop.ozone.container.common.volume.HddsVolume@604a9d87
2019-08-28 19:03:50,245 [main] INFO  impl.RaftServerProxy (ConfUtils.java:logGet(43)) - raft.rpc.type = GRPC (default)
2019-08-28 19:03:50,245 [main] INFO  grpc.GrpcFactory (GrpcFactory.java:checkPooledByteBufAllocatorUseCacheForAllThreads(45)) - PERFORMANCE WARNING: useCacheForAllThreads is true that may cause Netty to create a lot garbage objects and, as a result, trigger GC.
	It is recommended to disable useCacheForAllThreads by setting -Dorg.apache.ratis.thirdparty.io.netty.allocator.useCacheForAllThreads=false in command line.
2019-08-28 19:03:50,245 [main] INFO  grpc.GrpcConfigKeys$Server (ConfUtils.java:logGet(43)) - raft.grpc.server.port = 0 (default)
2019-08-28 19:03:50,245 [main] INFO  server.GrpcService (ConfUtils.java:logGet(43)) - raft.grpc.message.size.max = 33570816 (custom)
2019-08-28 19:03:50,246 [main] INFO  server.RaftServerConfigKeys (ConfUtils.java:logGet(43)) - raft.server.log.appender.buffer.byte-limit = 33554432 (custom)
2019-08-28 19:03:50,246 [main] INFO  server.GrpcService (ConfUtils.java:logGet(43)) - raft.grpc.flow.control.window = 1MB (=1048576) (default)
2019-08-28 19:03:50,246 [main] INFO  server.RaftServerConfigKeys (ConfUtils.java:logGet(43)) - raft.server.rpc.request.timeout = 3000ms (default)
2019-08-28 19:03:50,246 [main] INFO  server.RaftServerConfigKeys (ConfUtils.java:logGet(43)) - raft.server.storage.dir = [/workdir/hadoop-ozone/integration-test/target/test-dir/MiniOzoneClusterImpl-707007af-a3e3-45d7-ab83-09aed58cd643/datanode-1/data/ratis] (custom)
2019-08-28 19:03:50,247 [main] INFO  replication.SimpleContainerDownloader (SimpleContainerDownloader.java:<init>(72)) - Starting container downloader service to copy containers to replicate.
2019-08-28 19:03:50,248 [main] INFO  hdfs.DFSUtil (DFSUtil.java:httpServerTemplateForNNAndJN(1641)) - Starting Web-server for hddsDatanode at: http://0.0.0.0:0
2019-08-28 19:03:50,249 [main] INFO  server.AuthenticationFilter (AuthenticationFilter.java:constructSecretProvider(240)) - Unable to initialize FileSignerSecretProvider, falling back to use random secrets.
2019-08-28 19:03:50,249 [main] WARN  http.HttpRequestLog (HttpRequestLog.java:getRequestLog(97)) - Jetty request log can only be enabled using Log4j
2019-08-28 19:03:50,251 [main] INFO  http.HttpServer2 (HttpServer2.java:addGlobalFilter(975)) - Added global filter 'safety' (class=org.apache.hadoop.http.HttpServer2$QuotingInputFilter)
2019-08-28 19:03:50,251 [main] INFO  http.HttpServer2 (HttpServer2.java:addFilter(948)) - Added filter static_user_filter (class=org.apache.hadoop.http.lib.StaticUserWebFilter$StaticUserFilter) to context hddsDatanode
2019-08-28 19:03:50,251 [main] INFO  http.HttpServer2 (HttpServer2.java:addFilter(958)) - Added filter static_user_filter (class=org.apache.hadoop.http.lib.StaticUserWebFilter$StaticUserFilter) to context logs
2019-08-28 19:03:50,252 [main] INFO  http.HttpServer2 (HttpServer2.java:addFilter(958)) - Added filter static_user_filter (class=org.apache.hadoop.http.lib.StaticUserWebFilter$StaticUserFilter) to context static
2019-08-28 19:03:50,252 [main] INFO  http.HttpServer2 (HttpServer2.java:bindListener(1191)) - Jetty bound to port 44801
2019-08-28 19:03:50,252 [main] INFO  server.Server (Server.java:doStart(351)) - jetty-9.3.24.v20180605, build timestamp: 2018-06-05T17:11:56Z, git hash: 84205aa28f11a4f31f2a3b86d1bba2cc8ab69827
2019-08-28 19:03:50,254 [main] INFO  handler.ContextHandler (ContextHandler.java:doStart(781)) - Started o.e.j.s.ServletContextHandler@1828069a{/logs,file:///workdir/hadoop-ozone/integration-test/target/log,AVAILABLE}
2019-08-28 19:03:50,254 [main] INFO  handler.ContextHandler (ContextHandler.java:doStart(781)) - Started o.e.j.s.ServletContextHandler@2b74787f{/static,jar:file:/home/user/.m2/repository/org/apache/hadoop/hadoop-hdds-container-service/0.5.0-SNAPSHOT/hadoop-hdds-container-service-0.5.0-SNAPSHOT.jar!/webapps/static,AVAILABLE}
2019-08-28 19:03:50,281 [main] INFO  handler.ContextHandler (ContextHandler.java:doStart(781)) - Started o.e.j.w.WebAppContext@1ae3d0a8{/,file:///tmp/jetty-0.0.0.0-44801-hddsDatanode-_-any-1476249264616542181.dir/webapp/,AVAILABLE}{/hddsDatanode}
2019-08-28 19:03:50,282 [main] INFO  server.AbstractConnector (AbstractConnector.java:doStart(278)) - Started ServerConnector@5fa73f3a{HTTP/1.1,[http/1.1]}{0.0.0.0:44801}
2019-08-28 19:03:50,284 [main] INFO  server.Server (Server.java:doStart(419)) - Started @684727ms
2019-08-28 19:03:50,285 [main] INFO  server.BaseHttpServer (BaseHttpServer.java:updateConnectorAddress(213)) - HTTP server of HDDSDATANODE is listening at http://0.0.0.0:44801
2019-08-28 19:03:50,428 | INFO  | ObjectStoreRestHttpServer | Listening HDDS REST traffic on /0.0.0.0:39256 |  
2019-08-28 19:03:50,428 [main] INFO  ozone.HddsDatanodeService (HddsDatanodeService.java:startPlugins(395)) - Started plug-in org.apache.hadoop.ozone.web.OzoneHddsDatanodeService@5d81bc79
2019-08-28 19:03:50,428 [main] INFO  impl.MetricsSystemImpl (MetricsSystemImpl.java:init(158)) - HddsDatanode metrics system started (again)
2019-08-28 19:03:50,433 [org.apache.hadoop.util.JvmPauseMonitor$Monitor@304053a9] INFO  util.JvmPauseMonitor (JvmPauseMonitor.java:run(188)) - Starting JVM pause monitor
2019-08-28 19:03:50,434 [main] INFO  ozone.HddsDatanodeService (HddsDatanodeService.java:start(184)) - HddsDatanodeService host:pr-hdds-1783-trunk-gtrxg-786569963 ip:192.168.69.102
2019-08-28 19:03:50,435 [Datanode State Machine Thread - 0] INFO  datanode.InitDatanodeState (InitDatanodeState.java:persistContainerDatanodeDetails(140)) - DatanodeDetails is persisted to /workdir/hadoop-ozone/integration-test/target/test-dir/MiniOzoneClusterImpl-707007af-a3e3-45d7-ab83-09aed58cd643/datanode-1/meta/datanode.id
2019-08-28 19:03:50,446 [main] INFO  volume.HddsVolume (HddsVolume.java:<init>(176)) - Creating Volume: /workdir/hadoop-ozone/integration-test/target/test-dir/MiniOzoneClusterImpl-707007af-a3e3-45d7-ab83-09aed58cd643/datanode-2/data/containers/hdds of  storage type : DISK and capacity : 1482555576320
2019-08-28 19:03:50,447 [main] INFO  volume.VolumeSet (VolumeSet.java:initializeVolumeSet(170)) - Added Volume : /workdir/hadoop-ozone/integration-test/target/test-dir/MiniOzoneClusterImpl-707007af-a3e3-45d7-ab83-09aed58cd643/datanode-2/data/containers/hdds to VolumeSet
2019-08-28 19:03:50,447 [main] INFO  volume.ThrottledAsyncChecker (ThrottledAsyncChecker.java:schedule(140)) - Scheduling a check for org.apache.hadoop.ozone.container.common.volume.HddsVolume@2703fabd
2019-08-28 19:03:50,447 [main] INFO  volume.HddsVolumeChecker (HddsVolumeChecker.java:checkAllVolumes(203)) - Scheduled health check for volume org.apache.hadoop.ozone.container.common.volume.HddsVolume@2703fabd
2019-08-28 19:03:50,464 [main] INFO  impl.RaftServerProxy (ConfUtils.java:logGet(43)) - raft.rpc.type = GRPC (default)
2019-08-28 19:03:50,464 [main] INFO  grpc.GrpcFactory (GrpcFactory.java:checkPooledByteBufAllocatorUseCacheForAllThreads(45)) - PERFORMANCE WARNING: useCacheForAllThreads is true that may cause Netty to create a lot garbage objects and, as a result, trigger GC.
	It is recommended to disable useCacheForAllThreads by setting -Dorg.apache.ratis.thirdparty.io.netty.allocator.useCacheForAllThreads=false in command line.
2019-08-28 19:03:50,464 [main] INFO  grpc.GrpcConfigKeys$Server (ConfUtils.java:logGet(43)) - raft.grpc.server.port = 0 (default)
2019-08-28 19:03:50,465 [main] INFO  server.GrpcService (ConfUtils.java:logGet(43)) - raft.grpc.message.size.max = 33570816 (custom)
2019-08-28 19:03:50,465 [main] INFO  server.RaftServerConfigKeys (ConfUtils.java:logGet(43)) - raft.server.log.appender.buffer.byte-limit = 33554432 (custom)
2019-08-28 19:03:50,465 [main] INFO  server.GrpcService (ConfUtils.java:logGet(43)) - raft.grpc.flow.control.window = 1MB (=1048576) (default)
2019-08-28 19:03:50,465 [main] INFO  server.RaftServerConfigKeys (ConfUtils.java:logGet(43)) - raft.server.rpc.request.timeout = 3000ms (default)
2019-08-28 19:03:50,466 [main] INFO  server.RaftServerConfigKeys (ConfUtils.java:logGet(43)) - raft.server.storage.dir = [/workdir/hadoop-ozone/integration-test/target/test-dir/MiniOzoneClusterImpl-707007af-a3e3-45d7-ab83-09aed58cd643/datanode-2/data/ratis] (custom)
2019-08-28 19:03:50,466 [main] INFO  replication.SimpleContainerDownloader (SimpleContainerDownloader.java:<init>(72)) - Starting container downloader service to copy containers to replicate.
2019-08-28 19:03:50,467 [main] INFO  hdfs.DFSUtil (DFSUtil.java:httpServerTemplateForNNAndJN(1641)) - Starting Web-server for hddsDatanode at: http://0.0.0.0:0
2019-08-28 19:03:50,468 [main] INFO  server.AuthenticationFilter (AuthenticationFilter.java:constructSecretProvider(240)) - Unable to initialize FileSignerSecretProvider, falling back to use random secrets.
2019-08-28 19:03:50,469 [main] WARN  http.HttpRequestLog (HttpRequestLog.java:getRequestLog(97)) - Jetty request log can only be enabled using Log4j
2019-08-28 19:03:50,470 [main] INFO  http.HttpServer2 (HttpServer2.java:addGlobalFilter(975)) - Added global filter 'safety' (class=org.apache.hadoop.http.HttpServer2$QuotingInputFilter)
2019-08-28 19:03:50,470 [main] INFO  http.HttpServer2 (HttpServer2.java:addFilter(948)) - Added filter static_user_filter (class=org.apache.hadoop.http.lib.StaticUserWebFilter$StaticUserFilter) to context hddsDatanode
2019-08-28 19:03:50,471 [main] INFO  http.HttpServer2 (HttpServer2.java:addFilter(958)) - Added filter static_user_filter (class=org.apache.hadoop.http.lib.StaticUserWebFilter$StaticUserFilter) to context logs
2019-08-28 19:03:50,471 [main] INFO  http.HttpServer2 (HttpServer2.java:addFilter(958)) - Added filter static_user_filter (class=org.apache.hadoop.http.lib.StaticUserWebFilter$StaticUserFilter) to context static
2019-08-28 19:03:50,471 [main] INFO  http.HttpServer2 (HttpServer2.java:bindListener(1191)) - Jetty bound to port 40324
2019-08-28 19:03:50,471 [main] INFO  server.Server (Server.java:doStart(351)) - jetty-9.3.24.v20180605, build timestamp: 2018-06-05T17:11:56Z, git hash: 84205aa28f11a4f31f2a3b86d1bba2cc8ab69827
2019-08-28 19:03:50,473 [main] INFO  handler.ContextHandler (ContextHandler.java:doStart(781)) - Started o.e.j.s.ServletContextHandler@8dbe78f{/logs,file:///workdir/hadoop-ozone/integration-test/target/log,AVAILABLE}
2019-08-28 19:03:50,473 [main] INFO  handler.ContextHandler (ContextHandler.java:doStart(781)) - Started o.e.j.s.ServletContextHandler@17ed6578{/static,jar:file:/home/user/.m2/repository/org/apache/hadoop/hadoop-hdds-container-service/0.5.0-SNAPSHOT/hadoop-hdds-container-service-0.5.0-SNAPSHOT.jar!/webapps/static,AVAILABLE}
2019-08-28 19:03:50,500 [main] INFO  handler.ContextHandler (ContextHandler.java:doStart(781)) - Started o.e.j.w.WebAppContext@40a923e6{/,file:///tmp/jetty-0.0.0.0-40324-hddsDatanode-_-any-6529631887822043638.dir/webapp/,AVAILABLE}{/hddsDatanode}
2019-08-28 19:03:50,501 [main] INFO  server.AbstractConnector (AbstractConnector.java:doStart(278)) - Started ServerConnector@2a153531{HTTP/1.1,[http/1.1]}{0.0.0.0:40324}
2019-08-28 19:03:50,501 [main] INFO  server.Server (Server.java:doStart(419)) - Started @684944ms
2019-08-28 19:03:50,504 [main] INFO  server.BaseHttpServer (BaseHttpServer.java:updateConnectorAddress(213)) - HTTP server of HDDSDATANODE is listening at http://0.0.0.0:40324
2019-08-28 19:03:50,633 | INFO  | ObjectStoreRestHttpServer | Listening HDDS REST traffic on /0.0.0.0:39416 |  
2019-08-28 19:03:50,633 [main] INFO  ozone.HddsDatanodeService (HddsDatanodeService.java:startPlugins(395)) - Started plug-in org.apache.hadoop.ozone.web.OzoneHddsDatanodeService@3fde6c3b
2019-08-28 19:03:50,634 [main] INFO  impl.MetricsSystemImpl (MetricsSystemImpl.java:init(158)) - HddsDatanode metrics system started (again)
2019-08-28 19:03:50,638 [org.apache.hadoop.util.JvmPauseMonitor$Monitor@1ed18094] INFO  util.JvmPauseMonitor (JvmPauseMonitor.java:run(188)) - Starting JVM pause monitor
2019-08-28 19:03:50,639 [main] INFO  ozone.HddsDatanodeService (HddsDatanodeService.java:start(184)) - HddsDatanodeService host:pr-hdds-1783-trunk-gtrxg-786569963 ip:192.168.69.102
2019-08-28 19:03:50,640 [Datanode State Machine Thread - 0] INFO  datanode.InitDatanodeState (InitDatanodeState.java:persistContainerDatanodeDetails(140)) - DatanodeDetails is persisted to /workdir/hadoop-ozone/integration-test/target/test-dir/MiniOzoneClusterImpl-707007af-a3e3-45d7-ab83-09aed58cd643/datanode-2/meta/datanode.id
2019-08-28 19:03:50,650 [main] INFO  volume.HddsVolume (HddsVolume.java:<init>(176)) - Creating Volume: /workdir/hadoop-ozone/integration-test/target/test-dir/MiniOzoneClusterImpl-707007af-a3e3-45d7-ab83-09aed58cd643/datanode-3/data/containers/hdds of  storage type : DISK and capacity : 1482555576320
2019-08-28 19:03:50,650 [main] INFO  volume.VolumeSet (VolumeSet.java:initializeVolumeSet(170)) - Added Volume : /workdir/hadoop-ozone/integration-test/target/test-dir/MiniOzoneClusterImpl-707007af-a3e3-45d7-ab83-09aed58cd643/datanode-3/data/containers/hdds to VolumeSet
2019-08-28 19:03:50,650 [main] INFO  volume.ThrottledAsyncChecker (ThrottledAsyncChecker.java:schedule(140)) - Scheduling a check for org.apache.hadoop.ozone.container.common.volume.HddsVolume@156290d9
2019-08-28 19:03:50,651 [main] INFO  volume.HddsVolumeChecker (HddsVolumeChecker.java:checkAllVolumes(203)) - Scheduled health check for volume org.apache.hadoop.ozone.container.common.volume.HddsVolume@156290d9
2019-08-28 19:03:50,668 [main] INFO  impl.RaftServerProxy (ConfUtils.java:logGet(43)) - raft.rpc.type = GRPC (default)
2019-08-28 19:03:50,668 [main] INFO  grpc.GrpcFactory (GrpcFactory.java:checkPooledByteBufAllocatorUseCacheForAllThreads(45)) - PERFORMANCE WARNING: useCacheForAllThreads is true that may cause Netty to create a lot garbage objects and, as a result, trigger GC.
	It is recommended to disable useCacheForAllThreads by setting -Dorg.apache.ratis.thirdparty.io.netty.allocator.useCacheForAllThreads=false in command line.
2019-08-28 19:03:50,669 [main] INFO  grpc.GrpcConfigKeys$Server (ConfUtils.java:logGet(43)) - raft.grpc.server.port = 0 (default)
2019-08-28 19:03:50,669 [main] INFO  server.GrpcService (ConfUtils.java:logGet(43)) - raft.grpc.message.size.max = 33570816 (custom)
2019-08-28 19:03:50,669 [main] INFO  server.RaftServerConfigKeys (ConfUtils.java:logGet(43)) - raft.server.log.appender.buffer.byte-limit = 33554432 (custom)
2019-08-28 19:03:50,669 [main] INFO  server.GrpcService (ConfUtils.java:logGet(43)) - raft.grpc.flow.control.window = 1MB (=1048576) (default)
2019-08-28 19:03:50,669 [main] INFO  server.RaftServerConfigKeys (ConfUtils.java:logGet(43)) - raft.server.rpc.request.timeout = 3000ms (default)
2019-08-28 19:03:50,670 [main] INFO  server.RaftServerConfigKeys (ConfUtils.java:logGet(43)) - raft.server.storage.dir = [/workdir/hadoop-ozone/integration-test/target/test-dir/MiniOzoneClusterImpl-707007af-a3e3-45d7-ab83-09aed58cd643/datanode-3/data/ratis] (custom)
2019-08-28 19:03:50,670 [main] INFO  replication.SimpleContainerDownloader (SimpleContainerDownloader.java:<init>(72)) - Starting container downloader service to copy containers to replicate.
2019-08-28 19:03:50,671 [main] INFO  hdfs.DFSUtil (DFSUtil.java:httpServerTemplateForNNAndJN(1641)) - Starting Web-server for hddsDatanode at: http://0.0.0.0:0
2019-08-28 19:03:50,672 [main] INFO  server.AuthenticationFilter (AuthenticationFilter.java:constructSecretProvider(240)) - Unable to initialize FileSignerSecretProvider, falling back to use random secrets.
2019-08-28 19:03:50,673 [main] WARN  http.HttpRequestLog (HttpRequestLog.java:getRequestLog(97)) - Jetty request log can only be enabled using Log4j
2019-08-28 19:03:50,674 [main] INFO  http.HttpServer2 (HttpServer2.java:addGlobalFilter(975)) - Added global filter 'safety' (class=org.apache.hadoop.http.HttpServer2$QuotingInputFilter)
2019-08-28 19:03:50,674 [main] INFO  http.HttpServer2 (HttpServer2.java:addFilter(948)) - Added filter static_user_filter (class=org.apache.hadoop.http.lib.StaticUserWebFilter$StaticUserFilter) to context hddsDatanode
2019-08-28 19:03:50,674 [main] INFO  http.HttpServer2 (HttpServer2.java:addFilter(958)) - Added filter static_user_filter (class=org.apache.hadoop.http.lib.StaticUserWebFilter$StaticUserFilter) to context logs
2019-08-28 19:03:50,675 [main] INFO  http.HttpServer2 (HttpServer2.java:addFilter(958)) - Added filter static_user_filter (class=org.apache.hadoop.http.lib.StaticUserWebFilter$StaticUserFilter) to context static
2019-08-28 19:03:50,675 [main] INFO  http.HttpServer2 (HttpServer2.java:bindListener(1191)) - Jetty bound to port 43869
2019-08-28 19:03:50,675 [main] INFO  server.Server (Server.java:doStart(351)) - jetty-9.3.24.v20180605, build timestamp: 2018-06-05T17:11:56Z, git hash: 84205aa28f11a4f31f2a3b86d1bba2cc8ab69827
2019-08-28 19:03:50,676 [main] INFO  handler.ContextHandler (ContextHandler.java:doStart(781)) - Started o.e.j.s.ServletContextHandler@75e00044{/logs,file:///workdir/hadoop-ozone/integration-test/target/log,AVAILABLE}
2019-08-28 19:03:50,677 [main] INFO  handler.ContextHandler (ContextHandler.java:doStart(781)) - Started o.e.j.s.ServletContextHandler@2aaa5122{/static,jar:file:/home/user/.m2/repository/org/apache/hadoop/hadoop-hdds-container-service/0.5.0-SNAPSHOT/hadoop-hdds-container-service-0.5.0-SNAPSHOT.jar!/webapps/static,AVAILABLE}
2019-08-28 19:03:50,704 [main] INFO  handler.ContextHandler (ContextHandler.java:doStart(781)) - Started o.e.j.w.WebAppContext@62a1bc26{/,file:///tmp/jetty-0.0.0.0-43869-hddsDatanode-_-any-6314053858501152051.dir/webapp/,AVAILABLE}{/hddsDatanode}
2019-08-28 19:03:50,704 [main] INFO  server.AbstractConnector (AbstractConnector.java:doStart(278)) - Started ServerConnector@1bff70a6{HTTP/1.1,[http/1.1]}{0.0.0.0:43869}
2019-08-28 19:03:50,704 [main] INFO  server.Server (Server.java:doStart(419)) - Started @685147ms
2019-08-28 19:03:50,708 [main] INFO  server.BaseHttpServer (BaseHttpServer.java:updateConnectorAddress(213)) - HTTP server of HDDSDATANODE is listening at http://0.0.0.0:43869
2019-08-28 19:03:50,825 | INFO  | ObjectStoreRestHttpServer | Listening HDDS REST traffic on /0.0.0.0:39287 |  
2019-08-28 19:03:50,825 [main] INFO  ozone.HddsDatanodeService (HddsDatanodeService.java:startPlugins(395)) - Started plug-in org.apache.hadoop.ozone.web.OzoneHddsDatanodeService@10d1f6da
2019-08-28 19:03:50,826 [main] INFO  impl.MetricsSystemImpl (MetricsSystemImpl.java:init(158)) - HddsDatanode metrics system started (again)
2019-08-28 19:03:50,832 [org.apache.hadoop.util.JvmPauseMonitor$Monitor@6e037457] INFO  util.JvmPauseMonitor (JvmPauseMonitor.java:run(188)) - Starting JVM pause monitor
2019-08-28 19:03:50,834 [main] INFO  ozone.HddsDatanodeService (HddsDatanodeService.java:start(184)) - HddsDatanodeService host:pr-hdds-1783-trunk-gtrxg-786569963 ip:192.168.69.102
2019-08-28 19:03:50,834 [Datanode State Machine Thread - 0] INFO  datanode.InitDatanodeState (InitDatanodeState.java:persistContainerDatanodeDetails(140)) - DatanodeDetails is persisted to /workdir/hadoop-ozone/integration-test/target/test-dir/MiniOzoneClusterImpl-707007af-a3e3-45d7-ab83-09aed58cd643/datanode-3/meta/datanode.id
2019-08-28 19:03:50,846 [main] INFO  volume.HddsVolume (HddsVolume.java:<init>(176)) - Creating Volume: /workdir/hadoop-ozone/integration-test/target/test-dir/MiniOzoneClusterImpl-707007af-a3e3-45d7-ab83-09aed58cd643/datanode-4/data/containers/hdds of  storage type : DISK and capacity : 1482555576320
2019-08-28 19:03:50,847 [main] INFO  volume.VolumeSet (VolumeSet.java:initializeVolumeSet(170)) - Added Volume : /workdir/hadoop-ozone/integration-test/target/test-dir/MiniOzoneClusterImpl-707007af-a3e3-45d7-ab83-09aed58cd643/datanode-4/data/containers/hdds to VolumeSet
2019-08-28 19:03:50,847 [main] INFO  volume.ThrottledAsyncChecker (ThrottledAsyncChecker.java:schedule(140)) - Scheduling a check for org.apache.hadoop.ozone.container.common.volume.HddsVolume@2a0a5865
2019-08-28 19:03:50,848 [main] INFO  volume.HddsVolumeChecker (HddsVolumeChecker.java:checkAllVolumes(203)) - Scheduled health check for volume org.apache.hadoop.ozone.container.common.volume.HddsVolume@2a0a5865
2019-08-28 19:03:50,869 [main] INFO  impl.RaftServerProxy (ConfUtils.java:logGet(43)) - raft.rpc.type = GRPC (default)
2019-08-28 19:03:50,869 [main] INFO  grpc.GrpcFactory (GrpcFactory.java:checkPooledByteBufAllocatorUseCacheForAllThreads(45)) - PERFORMANCE WARNING: useCacheForAllThreads is true that may cause Netty to create a lot garbage objects and, as a result, trigger GC.
	It is recommended to disable useCacheForAllThreads by setting -Dorg.apache.ratis.thirdparty.io.netty.allocator.useCacheForAllThreads=false in command line.
2019-08-28 19:03:50,869 [main] INFO  grpc.GrpcConfigKeys$Server (ConfUtils.java:logGet(43)) - raft.grpc.server.port = 0 (default)
2019-08-28 19:03:50,869 [main] INFO  server.GrpcService (ConfUtils.java:logGet(43)) - raft.grpc.message.size.max = 33570816 (custom)
2019-08-28 19:03:50,870 [main] INFO  server.RaftServerConfigKeys (ConfUtils.java:logGet(43)) - raft.server.log.appender.buffer.byte-limit = 33554432 (custom)
2019-08-28 19:03:50,870 [main] INFO  server.GrpcService (ConfUtils.java:logGet(43)) - raft.grpc.flow.control.window = 1MB (=1048576) (default)
2019-08-28 19:03:50,870 [main] INFO  server.RaftServerConfigKeys (ConfUtils.java:logGet(43)) - raft.server.rpc.request.timeout = 3000ms (default)
2019-08-28 19:03:50,871 [main] INFO  server.RaftServerConfigKeys (ConfUtils.java:logGet(43)) - raft.server.storage.dir = [/workdir/hadoop-ozone/integration-test/target/test-dir/MiniOzoneClusterImpl-707007af-a3e3-45d7-ab83-09aed58cd643/datanode-4/data/ratis] (custom)
2019-08-28 19:03:50,871 [main] INFO  replication.SimpleContainerDownloader (SimpleContainerDownloader.java:<init>(72)) - Starting container downloader service to copy containers to replicate.
2019-08-28 19:03:50,872 [main] INFO  hdfs.DFSUtil (DFSUtil.java:httpServerTemplateForNNAndJN(1641)) - Starting Web-server for hddsDatanode at: http://0.0.0.0:0
2019-08-28 19:03:50,873 [main] INFO  server.AuthenticationFilter (AuthenticationFilter.java:constructSecretProvider(240)) - Unable to initialize FileSignerSecretProvider, falling back to use random secrets.
2019-08-28 19:03:50,874 [main] WARN  http.HttpRequestLog (HttpRequestLog.java:getRequestLog(97)) - Jetty request log can only be enabled using Log4j
2019-08-28 19:03:50,875 [main] INFO  http.HttpServer2 (HttpServer2.java:addGlobalFilter(975)) - Added global filter 'safety' (class=org.apache.hadoop.http.HttpServer2$QuotingInputFilter)
2019-08-28 19:03:50,875 [main] INFO  http.HttpServer2 (HttpServer2.java:addFilter(948)) - Added filter static_user_filter (class=org.apache.hadoop.http.lib.StaticUserWebFilter$StaticUserFilter) to context hddsDatanode
2019-08-28 19:03:50,876 [main] INFO  http.HttpServer2 (HttpServer2.java:addFilter(958)) - Added filter static_user_filter (class=org.apache.hadoop.http.lib.StaticUserWebFilter$StaticUserFilter) to context static
2019-08-28 19:03:50,876 [main] INFO  http.HttpServer2 (HttpServer2.java:addFilter(958)) - Added filter static_user_filter (class=org.apache.hadoop.http.lib.StaticUserWebFilter$StaticUserFilter) to context logs
2019-08-28 19:03:50,876 [main] INFO  http.HttpServer2 (HttpServer2.java:bindListener(1191)) - Jetty bound to port 37166
2019-08-28 19:03:50,876 [main] INFO  server.Server (Server.java:doStart(351)) - jetty-9.3.24.v20180605, build timestamp: 2018-06-05T17:11:56Z, git hash: 84205aa28f11a4f31f2a3b86d1bba2cc8ab69827
2019-08-28 19:03:50,878 [main] INFO  handler.ContextHandler (ContextHandler.java:doStart(781)) - Started o.e.j.s.ServletContextHandler@fafbc63{/logs,file:///workdir/hadoop-ozone/integration-test/target/log,AVAILABLE}
2019-08-28 19:03:50,878 [main] INFO  handler.ContextHandler (ContextHandler.java:doStart(781)) - Started o.e.j.s.ServletContextHandler@391720c3{/static,jar:file:/home/user/.m2/repository/org/apache/hadoop/hadoop-hdds-container-service/0.5.0-SNAPSHOT/hadoop-hdds-container-service-0.5.0-SNAPSHOT.jar!/webapps/static,AVAILABLE}
2019-08-28 19:03:50,903 [main] INFO  handler.ContextHandler (ContextHandler.java:doStart(781)) - Started o.e.j.w.WebAppContext@1a3761a{/,file:///tmp/jetty-0.0.0.0-37166-hddsDatanode-_-any-8836125473344984394.dir/webapp/,AVAILABLE}{/hddsDatanode}
2019-08-28 19:03:50,903 [main] INFO  server.AbstractConnector (AbstractConnector.java:doStart(278)) - Started ServerConnector@509cf73a{HTTP/1.1,[http/1.1]}{0.0.0.0:37166}
2019-08-28 19:03:50,906 [main] INFO  server.Server (Server.java:doStart(419)) - Started @685348ms
2019-08-28 19:03:50,906 [main] INFO  server.BaseHttpServer (BaseHttpServer.java:updateConnectorAddress(213)) - HTTP server of HDDSDATANODE is listening at http://0.0.0.0:37166
2019-08-28 19:03:51,402 | INFO  | ObjectStoreRestHttpServer | Listening HDDS REST traffic on /0.0.0.0:35962 |  
2019-08-28 19:03:51,402 [main] INFO  ozone.HddsDatanodeService (HddsDatanodeService.java:startPlugins(395)) - Started plug-in org.apache.hadoop.ozone.web.OzoneHddsDatanodeService@57a22410
2019-08-28 19:03:51,403 [main] INFO  impl.MetricsSystemImpl (MetricsSystemImpl.java:init(158)) - HddsDatanode metrics system started (again)
2019-08-28 19:03:51,404 [org.apache.hadoop.util.JvmPauseMonitor$Monitor@7f7c12a3] INFO  util.JvmPauseMonitor (JvmPauseMonitor.java:run(188)) - Starting JVM pause monitor
2019-08-28 19:03:51,409 [main] INFO  ozone.HddsDatanodeService (HddsDatanodeService.java:start(184)) - HddsDatanodeService host:pr-hdds-1783-trunk-gtrxg-786569963 ip:192.168.69.102
2019-08-28 19:03:51,410 [Datanode State Machine Thread - 0] INFO  datanode.InitDatanodeState (InitDatanodeState.java:persistContainerDatanodeDetails(140)) - DatanodeDetails is persisted to /workdir/hadoop-ozone/integration-test/target/test-dir/MiniOzoneClusterImpl-707007af-a3e3-45d7-ab83-09aed58cd643/datanode-4/meta/datanode.id
2019-08-28 19:03:51,423 [main] INFO  volume.HddsVolume (HddsVolume.java:<init>(176)) - Creating Volume: /workdir/hadoop-ozone/integration-test/target/test-dir/MiniOzoneClusterImpl-707007af-a3e3-45d7-ab83-09aed58cd643/datanode-5/data/containers/hdds of  storage type : DISK and capacity : 1482555576320
2019-08-28 19:03:51,423 [main] INFO  volume.VolumeSet (VolumeSet.java:initializeVolumeSet(170)) - Added Volume : /workdir/hadoop-ozone/integration-test/target/test-dir/MiniOzoneClusterImpl-707007af-a3e3-45d7-ab83-09aed58cd643/datanode-5/data/containers/hdds to VolumeSet
2019-08-28 19:03:51,424 [main] INFO  volume.ThrottledAsyncChecker (ThrottledAsyncChecker.java:schedule(140)) - Scheduling a check for org.apache.hadoop.ozone.container.common.volume.HddsVolume@f542e08
2019-08-28 19:03:51,424 [main] INFO  volume.HddsVolumeChecker (HddsVolumeChecker.java:checkAllVolumes(203)) - Scheduled health check for volume org.apache.hadoop.ozone.container.common.volume.HddsVolume@f542e08
2019-08-28 19:03:51,441 [main] INFO  impl.RaftServerProxy (ConfUtils.java:logGet(43)) - raft.rpc.type = GRPC (default)
2019-08-28 19:03:51,442 [main] INFO  grpc.GrpcFactory (GrpcFactory.java:checkPooledByteBufAllocatorUseCacheForAllThreads(45)) - PERFORMANCE WARNING: useCacheForAllThreads is true that may cause Netty to create a lot garbage objects and, as a result, trigger GC.
	It is recommended to disable useCacheForAllThreads by setting -Dorg.apache.ratis.thirdparty.io.netty.allocator.useCacheForAllThreads=false in command line.
2019-08-28 19:03:51,442 [main] INFO  grpc.GrpcConfigKeys$Server (ConfUtils.java:logGet(43)) - raft.grpc.server.port = 0 (default)
2019-08-28 19:03:51,442 [main] INFO  server.GrpcService (ConfUtils.java:logGet(43)) - raft.grpc.message.size.max = 33570816 (custom)
2019-08-28 19:03:51,442 [main] INFO  server.RaftServerConfigKeys (ConfUtils.java:logGet(43)) - raft.server.log.appender.buffer.byte-limit = 33554432 (custom)
2019-08-28 19:03:51,443 [main] INFO  server.GrpcService (ConfUtils.java:logGet(43)) - raft.grpc.flow.control.window = 1MB (=1048576) (default)
2019-08-28 19:03:51,443 [main] INFO  server.RaftServerConfigKeys (ConfUtils.java:logGet(43)) - raft.server.rpc.request.timeout = 3000ms (default)
2019-08-28 19:03:51,443 [main] INFO  server.RaftServerConfigKeys (ConfUtils.java:logGet(43)) - raft.server.storage.dir = [/workdir/hadoop-ozone/integration-test/target/test-dir/MiniOzoneClusterImpl-707007af-a3e3-45d7-ab83-09aed58cd643/datanode-5/data/ratis] (custom)
2019-08-28 19:03:51,444 [main] INFO  replication.SimpleContainerDownloader (SimpleContainerDownloader.java:<init>(72)) - Starting container downloader service to copy containers to replicate.
2019-08-28 19:03:51,445 [main] INFO  hdfs.DFSUtil (DFSUtil.java:httpServerTemplateForNNAndJN(1641)) - Starting Web-server for hddsDatanode at: http://0.0.0.0:0
2019-08-28 19:03:51,447 [main] INFO  server.AuthenticationFilter (AuthenticationFilter.java:constructSecretProvider(240)) - Unable to initialize FileSignerSecretProvider, falling back to use random secrets.
2019-08-28 19:03:51,447 [main] WARN  http.HttpRequestLog (HttpRequestLog.java:getRequestLog(97)) - Jetty request log can only be enabled using Log4j
2019-08-28 19:03:51,449 [main] INFO  http.HttpServer2 (HttpServer2.java:addGlobalFilter(975)) - Added global filter 'safety' (class=org.apache.hadoop.http.HttpServer2$QuotingInputFilter)
2019-08-28 19:03:51,449 [main] INFO  http.HttpServer2 (HttpServer2.java:addFilter(948)) - Added filter static_user_filter (class=org.apache.hadoop.http.lib.StaticUserWebFilter$StaticUserFilter) to context hddsDatanode
2019-08-28 19:03:51,449 [main] INFO  http.HttpServer2 (HttpServer2.java:addFilter(958)) - Added filter static_user_filter (class=org.apache.hadoop.http.lib.StaticUserWebFilter$StaticUserFilter) to context logs
2019-08-28 19:03:51,449 [main] INFO  http.HttpServer2 (HttpServer2.java:addFilter(958)) - Added filter static_user_filter (class=org.apache.hadoop.http.lib.StaticUserWebFilter$StaticUserFilter) to context static
2019-08-28 19:03:51,450 [main] INFO  http.HttpServer2 (HttpServer2.java:bindListener(1191)) - Jetty bound to port 35946
2019-08-28 19:03:51,450 [main] INFO  server.Server (Server.java:doStart(351)) - jetty-9.3.24.v20180605, build timestamp: 2018-06-05T17:11:56Z, git hash: 84205aa28f11a4f31f2a3b86d1bba2cc8ab69827
2019-08-28 19:03:51,452 [main] INFO  handler.ContextHandler (ContextHandler.java:doStart(781)) - Started o.e.j.s.ServletContextHandler@6f939588{/logs,file:///workdir/hadoop-ozone/integration-test/target/log,AVAILABLE}
2019-08-28 19:03:51,452 [main] INFO  handler.ContextHandler (ContextHandler.java:doStart(781)) - Started o.e.j.s.ServletContextHandler@46b7c89b{/static,jar:file:/home/user/.m2/repository/org/apache/hadoop/hadoop-hdds-container-service/0.5.0-SNAPSHOT/hadoop-hdds-container-service-0.5.0-SNAPSHOT.jar!/webapps/static,AVAILABLE}
2019-08-28 19:03:51,480 [main] INFO  handler.ContextHandler (ContextHandler.java:doStart(781)) - Started o.e.j.w.WebAppContext@27035f4f{/,file:///tmp/jetty-0.0.0.0-35946-hddsDatanode-_-any-4292631313012125146.dir/webapp/,AVAILABLE}{/hddsDatanode}
2019-08-28 19:03:51,480 [main] INFO  server.AbstractConnector (AbstractConnector.java:doStart(278)) - Started ServerConnector@60d1b2a7{HTTP/1.1,[http/1.1]}{0.0.0.0:35946}
2019-08-28 19:03:51,482 [main] INFO  server.Server (Server.java:doStart(419)) - Started @685925ms
2019-08-28 19:03:51,483 [main] INFO  server.BaseHttpServer (BaseHttpServer.java:updateConnectorAddress(213)) - HTTP server of HDDSDATANODE is listening at http://0.0.0.0:35946
2019-08-28 19:03:51,602 | INFO  | ObjectStoreRestHttpServer | Listening HDDS REST traffic on /0.0.0.0:39419 |  
2019-08-28 19:03:51,602 [main] INFO  ozone.HddsDatanodeService (HddsDatanodeService.java:startPlugins(395)) - Started plug-in org.apache.hadoop.ozone.web.OzoneHddsDatanodeService@52c482d9
2019-08-28 19:03:51,602 [main] INFO  impl.MetricsSystemImpl (MetricsSystemImpl.java:init(158)) - HddsDatanode metrics system started (again)
2019-08-28 19:03:51,607 [org.apache.hadoop.util.JvmPauseMonitor$Monitor@4d0a78c8] INFO  util.JvmPauseMonitor (JvmPauseMonitor.java:run(188)) - Starting JVM pause monitor
2019-08-28 19:03:51,608 [main] INFO  ozone.HddsDatanodeService (HddsDatanodeService.java:start(184)) - HddsDatanodeService host:pr-hdds-1783-trunk-gtrxg-786569963 ip:192.168.69.102
2019-08-28 19:03:51,608 [Datanode State Machine Thread - 0] INFO  datanode.InitDatanodeState (InitDatanodeState.java:persistContainerDatanodeDetails(140)) - DatanodeDetails is persisted to /workdir/hadoop-ozone/integration-test/target/test-dir/MiniOzoneClusterImpl-707007af-a3e3-45d7-ab83-09aed58cd643/datanode-5/meta/datanode.id
2019-08-28 19:03:51,621 [main] INFO  volume.HddsVolume (HddsVolume.java:<init>(176)) - Creating Volume: /workdir/hadoop-ozone/integration-test/target/test-dir/MiniOzoneClusterImpl-707007af-a3e3-45d7-ab83-09aed58cd643/datanode-6/data/containers/hdds of  storage type : DISK and capacity : 1482555576320
2019-08-28 19:03:51,621 [main] INFO  volume.VolumeSet (VolumeSet.java:initializeVolumeSet(170)) - Added Volume : /workdir/hadoop-ozone/integration-test/target/test-dir/MiniOzoneClusterImpl-707007af-a3e3-45d7-ab83-09aed58cd643/datanode-6/data/containers/hdds to VolumeSet
2019-08-28 19:03:51,621 [main] INFO  volume.ThrottledAsyncChecker (ThrottledAsyncChecker.java:schedule(140)) - Scheduling a check for org.apache.hadoop.ozone.container.common.volume.HddsVolume@3d5105ed
2019-08-28 19:03:51,622 [main] INFO  volume.HddsVolumeChecker (HddsVolumeChecker.java:checkAllVolumes(203)) - Scheduled health check for volume org.apache.hadoop.ozone.container.common.volume.HddsVolume@3d5105ed
2019-08-28 19:03:51,640 [main] INFO  impl.RaftServerProxy (ConfUtils.java:logGet(43)) - raft.rpc.type = GRPC (default)
2019-08-28 19:03:51,640 [main] INFO  grpc.GrpcFactory (GrpcFactory.java:checkPooledByteBufAllocatorUseCacheForAllThreads(45)) - PERFORMANCE WARNING: useCacheForAllThreads is true that may cause Netty to create a lot garbage objects and, as a result, trigger GC.
	It is recommended to disable useCacheForAllThreads by setting -Dorg.apache.ratis.thirdparty.io.netty.allocator.useCacheForAllThreads=false in command line.
2019-08-28 19:03:51,640 [main] INFO  grpc.GrpcConfigKeys$Server (ConfUtils.java:logGet(43)) - raft.grpc.server.port = 0 (default)
2019-08-28 19:03:51,641 [main] INFO  server.GrpcService (ConfUtils.java:logGet(43)) - raft.grpc.message.size.max = 33570816 (custom)
2019-08-28 19:03:51,641 [main] INFO  server.RaftServerConfigKeys (ConfUtils.java:logGet(43)) - raft.server.log.appender.buffer.byte-limit = 33554432 (custom)
2019-08-28 19:03:51,641 [main] INFO  server.GrpcService (ConfUtils.java:logGet(43)) - raft.grpc.flow.control.window = 1MB (=1048576) (default)
2019-08-28 19:03:51,641 [main] INFO  server.RaftServerConfigKeys (ConfUtils.java:logGet(43)) - raft.server.rpc.request.timeout = 3000ms (default)
2019-08-28 19:03:51,642 [main] INFO  server.RaftServerConfigKeys (ConfUtils.java:logGet(43)) - raft.server.storage.dir = [/workdir/hadoop-ozone/integration-test/target/test-dir/MiniOzoneClusterImpl-707007af-a3e3-45d7-ab83-09aed58cd643/datanode-6/data/ratis] (custom)
2019-08-28 19:03:51,642 [main] INFO  replication.SimpleContainerDownloader (SimpleContainerDownloader.java:<init>(72)) - Starting container downloader service to copy containers to replicate.
2019-08-28 19:03:51,643 [main] INFO  hdfs.DFSUtil (DFSUtil.java:httpServerTemplateForNNAndJN(1641)) - Starting Web-server for hddsDatanode at: http://0.0.0.0:0
2019-08-28 19:03:51,644 [main] INFO  server.AuthenticationFilter (AuthenticationFilter.java:constructSecretProvider(240)) - Unable to initialize FileSignerSecretProvider, falling back to use random secrets.
2019-08-28 19:03:51,644 [main] WARN  http.HttpRequestLog (HttpRequestLog.java:getRequestLog(97)) - Jetty request log can only be enabled using Log4j
2019-08-28 19:03:51,646 [main] INFO  http.HttpServer2 (HttpServer2.java:addGlobalFilter(975)) - Added global filter 'safety' (class=org.apache.hadoop.http.HttpServer2$QuotingInputFilter)
2019-08-28 19:03:51,646 [main] INFO  http.HttpServer2 (HttpServer2.java:addFilter(948)) - Added filter static_user_filter (class=org.apache.hadoop.http.lib.StaticUserWebFilter$StaticUserFilter) to context hddsDatanode
2019-08-28 19:03:51,646 [main] INFO  http.HttpServer2 (HttpServer2.java:addFilter(958)) - Added filter static_user_filter (class=org.apache.hadoop.http.lib.StaticUserWebFilter$StaticUserFilter) to context static
2019-08-28 19:03:51,646 [main] INFO  http.HttpServer2 (HttpServer2.java:addFilter(958)) - Added filter static_user_filter (class=org.apache.hadoop.http.lib.StaticUserWebFilter$StaticUserFilter) to context logs
2019-08-28 19:03:51,647 [main] INFO  http.HttpServer2 (HttpServer2.java:bindListener(1191)) - Jetty bound to port 33430
2019-08-28 19:03:51,647 [main] INFO  server.Server (Server.java:doStart(351)) - jetty-9.3.24.v20180605, build timestamp: 2018-06-05T17:11:56Z, git hash: 84205aa28f11a4f31f2a3b86d1bba2cc8ab69827
2019-08-28 19:03:51,648 [main] INFO  handler.ContextHandler (ContextHandler.java:doStart(781)) - Started o.e.j.s.ServletContextHandler@66a74cba{/logs,file:///workdir/hadoop-ozone/integration-test/target/log,AVAILABLE}
2019-08-28 19:03:51,648 [main] INFO  handler.ContextHandler (ContextHandler.java:doStart(781)) - Started o.e.j.s.ServletContextHandler@52fe7c0f{/static,jar:file:/home/user/.m2/repository/org/apache/hadoop/hadoop-hdds-container-service/0.5.0-SNAPSHOT/hadoop-hdds-container-service-0.5.0-SNAPSHOT.jar!/webapps/static,AVAILABLE}
2019-08-28 19:03:51,677 [main] INFO  handler.ContextHandler (ContextHandler.java:doStart(781)) - Started o.e.j.w.WebAppContext@6309e4fb{/,file:///tmp/jetty-0.0.0.0-33430-hddsDatanode-_-any-8073699126900591807.dir/webapp/,AVAILABLE}{/hddsDatanode}
2019-08-28 19:03:51,678 [main] INFO  server.AbstractConnector (AbstractConnector.java:doStart(278)) - Started ServerConnector@1afd9827{HTTP/1.1,[http/1.1]}{0.0.0.0:33430}
2019-08-28 19:03:51,680 [main] INFO  server.Server (Server.java:doStart(419)) - Started @686122ms
2019-08-28 19:03:51,680 [main] INFO  server.BaseHttpServer (BaseHttpServer.java:updateConnectorAddress(213)) - HTTP server of HDDSDATANODE is listening at http://0.0.0.0:33430
2019-08-28 19:03:51,794 | INFO  | ObjectStoreRestHttpServer | Listening HDDS REST traffic on /0.0.0.0:46791 |  
2019-08-28 19:03:51,794 [main] INFO  ozone.HddsDatanodeService (HddsDatanodeService.java:startPlugins(395)) - Started plug-in org.apache.hadoop.ozone.web.OzoneHddsDatanodeService@32f6d000
2019-08-28 19:03:51,795 [main] INFO  ozone.MiniOzoneClusterImpl (MiniOzoneClusterImpl.java:lambda$waitForClusterToBeReady$0(142)) - Waiting for cluster to be ready. Got 0 of 7 DN Heartbeats.
2019-08-28 19:03:51,796 [org.apache.hadoop.util.JvmPauseMonitor$Monitor@544704f7] INFO  util.JvmPauseMonitor (JvmPauseMonitor.java:run(188)) - Starting JVM pause monitor
2019-08-28 19:03:51,798 [Datanode State Machine Thread - 0] INFO  datanode.InitDatanodeState (InitDatanodeState.java:persistContainerDatanodeDetails(140)) - DatanodeDetails is persisted to /workdir/hadoop-ozone/integration-test/target/test-dir/MiniOzoneClusterImpl-707007af-a3e3-45d7-ab83-09aed58cd643/datanode-6/meta/datanode.id
2019-08-28 19:03:52,222 | INFO  | SCMAudit | user=jenkins1000 | ip=192.168.69.102 | op=GET_VERSION null | ret=SUCCESS |  
2019-08-28 19:03:52,259 [Datanode State Machine Thread - 0] INFO  ozoneimpl.OzoneContainer (OzoneContainer.java:start(186)) - Attempting to start container services.
2019-08-28 19:03:52,259 [Datanode State Machine Thread - 0] INFO  ozoneimpl.OzoneContainer (OzoneContainer.java:startContainerScrub(160)) - Background container scrubber has been disabled by hdds.containerscrub.enabled
2019-08-28 19:03:52,259 [Datanode State Machine Thread - 0] INFO  ratis.XceiverServerRatis (XceiverServerRatis.java:start(404)) - Starting XceiverServerRatis 00cf7d40-ac63-4acb-9b30-bd0829021504 at port 0
2019-08-28 19:03:52,266 [Datanode State Machine Thread - 0] INFO  impl.RaftServerProxy (RaftServerProxy.java:lambda$start$3(299)) - 00cf7d40-ac63-4acb-9b30-bd0829021504: start RPC server
2019-08-28 19:03:52,268 [Datanode State Machine Thread - 0] INFO  server.GrpcService (GrpcService.java:startImpl(149)) - 00cf7d40-ac63-4acb-9b30-bd0829021504: GrpcService started, listening on 0.0.0.0/0.0.0.0:33352
2019-08-28 19:03:52,268 [Datanode State Machine Thread - 0] INFO  ratis.XceiverServerRatis (XceiverServerRatis.java:start(414)) - XceiverServerRatis 00cf7d40-ac63-4acb-9b30-bd0829021504 is started using port 33352
2019-08-28 19:03:52,268 [Datanode State Machine Thread - 0] INFO  server.XceiverServerGrpc (XceiverServerGrpc.java:start(161)) - XceiverServerGrpc 00cf7d40-ac63-4acb-9b30-bd0829021504 is started using port 37822
2019-08-28 19:03:52,433 | INFO  | SCMAudit | user=jenkins1000 | ip=192.168.69.102 | op=GET_VERSION null | ret=SUCCESS |  
2019-08-28 19:03:52,455 [Datanode State Machine Thread - 0] INFO  ozoneimpl.OzoneContainer (OzoneContainer.java:start(186)) - Attempting to start container services.
2019-08-28 19:03:52,455 [Datanode State Machine Thread - 0] INFO  ozoneimpl.OzoneContainer (OzoneContainer.java:startContainerScrub(160)) - Background container scrubber has been disabled by hdds.containerscrub.enabled
2019-08-28 19:03:52,455 [Datanode State Machine Thread - 0] INFO  ratis.XceiverServerRatis (XceiverServerRatis.java:start(404)) - Starting XceiverServerRatis adfa36b7-498a-4b65-9252-7ca31df0730f at port 0
2019-08-28 19:03:52,461 [Datanode State Machine Thread - 0] INFO  impl.RaftServerProxy (RaftServerProxy.java:lambda$start$3(299)) - adfa36b7-498a-4b65-9252-7ca31df0730f: start RPC server
2019-08-28 19:03:52,462 [Datanode State Machine Thread - 0] INFO  server.GrpcService (GrpcService.java:startImpl(149)) - adfa36b7-498a-4b65-9252-7ca31df0730f: GrpcService started, listening on 0.0.0.0/0.0.0.0:35284
2019-08-28 19:03:52,462 [Datanode State Machine Thread - 0] INFO  ratis.XceiverServerRatis (XceiverServerRatis.java:start(414)) - XceiverServerRatis adfa36b7-498a-4b65-9252-7ca31df0730f is started using port 35284
2019-08-28 19:03:52,463 [Datanode State Machine Thread - 0] INFO  server.XceiverServerGrpc (XceiverServerGrpc.java:start(161)) - XceiverServerGrpc adfa36b7-498a-4b65-9252-7ca31df0730f is started using port 36527
2019-08-28 19:03:52,640 | INFO  | SCMAudit | user=jenkins1000 | ip=192.168.69.102 | op=GET_VERSION null | ret=SUCCESS |  
2019-08-28 19:03:52,664 [Datanode State Machine Thread - 0] INFO  ozoneimpl.OzoneContainer (OzoneContainer.java:start(186)) - Attempting to start container services.
2019-08-28 19:03:52,664 [Datanode State Machine Thread - 0] INFO  ozoneimpl.OzoneContainer (OzoneContainer.java:startContainerScrub(160)) - Background container scrubber has been disabled by hdds.containerscrub.enabled
2019-08-28 19:03:52,664 [Datanode State Machine Thread - 0] INFO  ratis.XceiverServerRatis (XceiverServerRatis.java:start(404)) - Starting XceiverServerRatis 00cb801d-97e1-4292-a478-3bdac0cd726d at port 0
2019-08-28 19:03:52,671 [Datanode State Machine Thread - 0] INFO  impl.RaftServerProxy (RaftServerProxy.java:lambda$start$3(299)) - 00cb801d-97e1-4292-a478-3bdac0cd726d: start RPC server
2019-08-28 19:03:52,683 [Datanode State Machine Thread - 0] INFO  server.GrpcService (GrpcService.java:startImpl(149)) - 00cb801d-97e1-4292-a478-3bdac0cd726d: GrpcService started, listening on 0.0.0.0/0.0.0.0:37747
2019-08-28 19:03:52,683 [Datanode State Machine Thread - 0] INFO  ratis.XceiverServerRatis (XceiverServerRatis.java:start(414)) - XceiverServerRatis 00cb801d-97e1-4292-a478-3bdac0cd726d is started using port 37747
2019-08-28 19:03:52,684 [Datanode State Machine Thread - 0] INFO  server.XceiverServerGrpc (XceiverServerGrpc.java:start(161)) - XceiverServerGrpc 00cb801d-97e1-4292-a478-3bdac0cd726d is started using port 41733
2019-08-28 19:03:52,795 [main] INFO  ozone.MiniOzoneClusterImpl (MiniOzoneClusterImpl.java:lambda$waitForClusterToBeReady$0(142)) - Waiting for cluster to be ready. Got 0 of 7 DN Heartbeats.
2019-08-28 19:03:52,833 | INFO  | SCMAudit | user=jenkins1000 | ip=192.168.69.102 | op=GET_VERSION null | ret=SUCCESS |  
2019-08-28 19:03:52,839 [Datanode State Machine Thread - 0] INFO  ozoneimpl.OzoneContainer (OzoneContainer.java:start(186)) - Attempting to start container services.
2019-08-28 19:03:52,839 [Datanode State Machine Thread - 0] INFO  ozoneimpl.OzoneContainer (OzoneContainer.java:startContainerScrub(160)) - Background container scrubber has been disabled by hdds.containerscrub.enabled
2019-08-28 19:03:52,839 [Datanode State Machine Thread - 0] INFO  ratis.XceiverServerRatis (XceiverServerRatis.java:start(404)) - Starting XceiverServerRatis e1b50e67-c8fe-477b-ba6a-852460aa374a at port 0
2019-08-28 19:03:52,856 [Datanode State Machine Thread - 0] INFO  impl.RaftServerProxy (RaftServerProxy.java:lambda$start$3(299)) - e1b50e67-c8fe-477b-ba6a-852460aa374a: start RPC server
2019-08-28 19:03:52,861 [Datanode State Machine Thread - 0] INFO  server.GrpcService (GrpcService.java:startImpl(149)) - e1b50e67-c8fe-477b-ba6a-852460aa374a: GrpcService started, listening on 0.0.0.0/0.0.0.0:34045
2019-08-28 19:03:52,861 [Datanode State Machine Thread - 0] INFO  ratis.XceiverServerRatis (XceiverServerRatis.java:start(414)) - XceiverServerRatis e1b50e67-c8fe-477b-ba6a-852460aa374a is started using port 34045
2019-08-28 19:03:52,861 [Datanode State Machine Thread - 0] INFO  server.XceiverServerGrpc (XceiverServerGrpc.java:start(161)) - XceiverServerGrpc e1b50e67-c8fe-477b-ba6a-852460aa374a is started using port 33227
2019-08-28 19:03:53,404 | INFO  | SCMAudit | user=jenkins1000 | ip=192.168.69.102 | op=GET_VERSION null | ret=SUCCESS |  
2019-08-28 19:03:53,418 [Datanode State Machine Thread - 0] INFO  ozoneimpl.OzoneContainer (OzoneContainer.java:start(186)) - Attempting to start container services.
2019-08-28 19:03:53,418 [Datanode State Machine Thread - 0] INFO  ozoneimpl.OzoneContainer (OzoneContainer.java:startContainerScrub(160)) - Background container scrubber has been disabled by hdds.containerscrub.enabled
2019-08-28 19:03:53,418 [Datanode State Machine Thread - 0] INFO  ratis.XceiverServerRatis (XceiverServerRatis.java:start(404)) - Starting XceiverServerRatis ce6b780e-8dc8-43df-9fdb-a1ffb55c35f1 at port 0
2019-08-28 19:03:53,426 [Datanode State Machine Thread - 0] INFO  impl.RaftServerProxy (RaftServerProxy.java:lambda$start$3(299)) - ce6b780e-8dc8-43df-9fdb-a1ffb55c35f1: start RPC server
2019-08-28 19:03:53,427 [Datanode State Machine Thread - 0] INFO  server.GrpcService (GrpcService.java:startImpl(149)) - ce6b780e-8dc8-43df-9fdb-a1ffb55c35f1: GrpcService started, listening on 0.0.0.0/0.0.0.0:37617
2019-08-28 19:03:53,427 [Datanode State Machine Thread - 0] INFO  ratis.XceiverServerRatis (XceiverServerRatis.java:start(414)) - XceiverServerRatis ce6b780e-8dc8-43df-9fdb-a1ffb55c35f1 is started using port 37617
2019-08-28 19:03:53,428 [Datanode State Machine Thread - 0] INFO  server.XceiverServerGrpc (XceiverServerGrpc.java:start(161)) - XceiverServerGrpc ce6b780e-8dc8-43df-9fdb-a1ffb55c35f1 is started using port 35523
2019-08-28 19:03:53,608 | INFO  | SCMAudit | user=jenkins1000 | ip=192.168.69.102 | op=GET_VERSION null | ret=SUCCESS |  
2019-08-28 19:03:53,622 [Datanode State Machine Thread - 0] INFO  ozoneimpl.OzoneContainer (OzoneContainer.java:start(186)) - Attempting to start container services.
2019-08-28 19:03:53,622 [Datanode State Machine Thread - 0] INFO  ozoneimpl.OzoneContainer (OzoneContainer.java:startContainerScrub(160)) - Background container scrubber has been disabled by hdds.containerscrub.enabled
2019-08-28 19:03:53,623 [Datanode State Machine Thread - 0] INFO  ratis.XceiverServerRatis (XceiverServerRatis.java:start(404)) - Starting XceiverServerRatis 04b92ac3-39b2-406b-bc61-5570adcbc657 at port 0
2019-08-28 19:03:53,630 [Datanode State Machine Thread - 0] INFO  impl.RaftServerProxy (RaftServerProxy.java:lambda$start$3(299)) - 04b92ac3-39b2-406b-bc61-5570adcbc657: start RPC server
2019-08-28 19:03:53,631 [Datanode State Machine Thread - 0] INFO  server.GrpcService (GrpcService.java:startImpl(149)) - 04b92ac3-39b2-406b-bc61-5570adcbc657: GrpcService started, listening on 0.0.0.0/0.0.0.0:34882
2019-08-28 19:03:53,631 [Datanode State Machine Thread - 0] INFO  ratis.XceiverServerRatis (XceiverServerRatis.java:start(414)) - XceiverServerRatis 04b92ac3-39b2-406b-bc61-5570adcbc657 is started using port 34882
2019-08-28 19:03:53,632 [Datanode State Machine Thread - 0] INFO  server.XceiverServerGrpc (XceiverServerGrpc.java:start(161)) - XceiverServerGrpc 04b92ac3-39b2-406b-bc61-5570adcbc657 is started using port 34389
2019-08-28 19:03:53,796 [main] INFO  ozone.MiniOzoneClusterImpl (MiniOzoneClusterImpl.java:lambda$waitForClusterToBeReady$0(142)) - Waiting for cluster to be ready. Got 0 of 7 DN Heartbeats.
2019-08-28 19:03:53,797 | INFO  | SCMAudit | user=jenkins1000 | ip=192.168.69.102 | op=GET_VERSION null | ret=SUCCESS |  
2019-08-28 19:03:53,811 [Datanode State Machine Thread - 0] INFO  ozoneimpl.OzoneContainer (OzoneContainer.java:start(186)) - Attempting to start container services.
2019-08-28 19:03:53,812 [Datanode State Machine Thread - 0] INFO  ozoneimpl.OzoneContainer (OzoneContainer.java:startContainerScrub(160)) - Background container scrubber has been disabled by hdds.containerscrub.enabled
2019-08-28 19:03:53,812 [Datanode State Machine Thread - 0] INFO  ratis.XceiverServerRatis (XceiverServerRatis.java:start(404)) - Starting XceiverServerRatis d3473fb4-3d79-4d8b-9a93-f76ee1ee07e0 at port 0
2019-08-28 19:03:53,819 [Datanode State Machine Thread - 0] INFO  impl.RaftServerProxy (RaftServerProxy.java:lambda$start$3(299)) - d3473fb4-3d79-4d8b-9a93-f76ee1ee07e0: start RPC server
2019-08-28 19:03:53,820 [Datanode State Machine Thread - 0] INFO  server.GrpcService (GrpcService.java:startImpl(149)) - d3473fb4-3d79-4d8b-9a93-f76ee1ee07e0: GrpcService started, listening on 0.0.0.0/0.0.0.0:38473
2019-08-28 19:03:53,820 [Datanode State Machine Thread - 0] INFO  ratis.XceiverServerRatis (XceiverServerRatis.java:start(414)) - XceiverServerRatis d3473fb4-3d79-4d8b-9a93-f76ee1ee07e0 is started using port 38473
2019-08-28 19:03:53,820 [Datanode State Machine Thread - 0] INFO  server.XceiverServerGrpc (XceiverServerGrpc.java:start(161)) - XceiverServerGrpc d3473fb4-3d79-4d8b-9a93-f76ee1ee07e0 is started using port 36053
2019-08-28 19:03:54,221 [IPC Server handler 17 on 35556] INFO  net.NetworkTopology (NetworkTopologyImpl.java:add(110)) - Added a new node: /default-rack/00cf7d40-ac63-4acb-9b30-bd0829021504
2019-08-28 19:03:54,224 [IPC Server handler 17 on 35556] INFO  node.SCMNodeManager (SCMNodeManager.java:register(273)) - Registered Data node : 00cf7d40-ac63-4acb-9b30-bd0829021504{ip: 192.168.69.102, host: pr-hdds-1783-trunk-gtrxg-786569963, networkLocation: /default-rack, certSerialId: null}
2019-08-28 19:03:54,225 | INFO  | SCMAudit | user=jenkins1000 | ip=192.168.69.102 | op=REGISTER {datanodeDetails=00cf7d40-ac63-4acb-9b30-bd0829021504{ip: 192.168.69.102, host: pr-hdds-1783-trunk-gtrxg-786569963, networkLocation: /default-rack, certSerialId: null}} | ret=SUCCESS |  
2019-08-28 19:03:54,225 [EventQueue-NodeRegistrationContainerReportForDataNodeSafeModeRule] INFO  safemode.SCMSafeModeManager (DataNodeSafeModeRule.java:process(71)) - SCM in safe mode. 1 DataNodes registered, 1 required.
2019-08-28 19:03:54,227 [EventQueue-NodeRegistrationContainerReportForDataNodeSafeModeRule] INFO  safemode.SCMSafeModeManager (SCMSafeModeManager.java:validateSafeModeExitRules(177)) - ScmSafeModeManager, all rules are successfully validated
2019-08-28 19:03:54,227 [EventQueue-NodeRegistrationContainerReportForDataNodeSafeModeRule] INFO  safemode.SCMSafeModeManager (SCMSafeModeManager.java:exitSafeMode(193)) - SCM exiting safe mode.
2019-08-28 19:03:54,236 [grpc-default-executor-12] INFO  impl.RaftServerProxy (RaftServerProxy.java:addNew(89)) - 00cf7d40-ac63-4acb-9b30-bd0829021504: addNew group-A29AC2AA934A:[00cf7d40-ac63-4acb-9b30-bd0829021504:192.168.69.102:33352] returns group-A29AC2AA934A:java.util.concurrent.CompletableFuture@2295a705[Not completed]
2019-08-28 19:03:54,238 [pool-633-thread-1] INFO  impl.RaftServerImpl (RaftServerImpl.java:<init>(93)) - 00cf7d40-ac63-4acb-9b30-bd0829021504: new RaftServerImpl for group-A29AC2AA934A:[00cf7d40-ac63-4acb-9b30-bd0829021504:192.168.69.102:33352] with ContainerStateMachine:uninitialized
2019-08-28 19:03:54,238 [pool-633-thread-1] INFO  server.RaftServerConfigKeys (ConfUtils.java:logGet(43)) - raft.server.rpc.timeout.min = 5s (custom)
2019-08-28 19:03:54,238 [pool-633-thread-1] INFO  server.RaftServerConfigKeys (ConfUtils.java:logGet(43)) - raft.server.rpc.timeout.max = 5200ms (custom)
2019-08-28 19:03:54,238 [pool-633-thread-1] INFO  server.RaftServerConfigKeys (ConfUtils.java:logGet(43)) - raft.server.rpcslowness.timeout = 120s (custom)
2019-08-28 19:03:54,238 [pool-633-thread-1] INFO  server.RaftServerConfigKeys (ConfUtils.java:logGet(43)) - raft.server.sleep.deviation.threshold = 300 (default)
2019-08-28 19:03:54,238 [pool-633-thread-1] INFO  server.RaftServerConfigKeys (ConfUtils.java:logGet(43)) - raft.server.log.appender.install.snapshot.enabled = false (custom)
2019-08-28 19:03:54,239 [pool-633-thread-1] INFO  impl.RaftServerImpl (ServerState.java:<init>(105)) - 00cf7d40-ac63-4acb-9b30-bd0829021504:group-A29AC2AA934A ConfigurationManager, init=-1: [00cf7d40-ac63-4acb-9b30-bd0829021504:192.168.69.102:33352], old=null, confs=<EMPTY_MAP>
2019-08-28 19:03:54,239 [pool-633-thread-1] INFO  server.RaftServerConfigKeys (ConfUtils.java:logGet(43)) - raft.server.storage.dir = [/workdir/hadoop-ozone/integration-test/target/test-dir/MiniOzoneClusterImpl-707007af-a3e3-45d7-ab83-09aed58cd643/datanode-0/data/ratis] (custom)
2019-08-28 19:03:54,239 [pool-633-thread-1] INFO  storage.RaftStorageDirectory (RaftStorageDirectory.java:analyzeStorage(246)) - The storage directory /workdir/hadoop-ozone/integration-test/target/test-dir/MiniOzoneClusterImpl-707007af-a3e3-45d7-ab83-09aed58cd643/datanode-0/data/ratis/221d3e10-a2c9-4e50-a0d3-a29ac2aa934a does not exist. Creating ...
2019-08-28 19:03:54,257 [pool-633-thread-1] INFO  storage.RaftStorageDirectory (RaftStorageDirectory.java:tryLock(328)) - Lock on /workdir/hadoop-ozone/integration-test/target/test-dir/MiniOzoneClusterImpl-707007af-a3e3-45d7-ab83-09aed58cd643/datanode-0/data/ratis/221d3e10-a2c9-4e50-a0d3-a29ac2aa934a/in_use.lock acquired by nodename 16648@pr-hdds-1783-trunk-gtrxg-786569963
2019-08-28 19:03:54,302 [pool-633-thread-1] INFO  storage.RaftStorage (RaftStorage.java:format(72)) - Storage directory /workdir/hadoop-ozone/integration-test/target/test-dir/MiniOzoneClusterImpl-707007af-a3e3-45d7-ab83-09aed58cd643/datanode-0/data/ratis/221d3e10-a2c9-4e50-a0d3-a29ac2aa934a has been successfully formatted.
2019-08-28 19:03:54,302 [pool-633-thread-1] INFO  ratis.ContainerStateMachine (ContainerStateMachine.java:loadSnapshot(226)) - group-A29AC2AA934A: The snapshot info is null. Setting the last applied indexto:(t:0, i:~)
2019-08-28 19:03:54,302 [pool-633-thread-1] INFO  server.RaftServerConfigKeys (ConfUtils.java:logGet(43)) - raft.server.leader.election.timeout = 120s (custom)
2019-08-28 19:03:54,302 [pool-633-thread-1] INFO  server.RaftServerConfigKeys (ConfUtils.java:logGet(43)) - raft.server.log.use.memory = false (default)
2019-08-28 19:03:54,302 [pool-633-thread-1] INFO  server.RaftServerConfigKeys (ConfUtils.java:logGet(43)) - raft.server.log.purge.gap = 1000000 (custom)
2019-08-28 19:03:54,303 [pool-633-thread-1] INFO  server.RaftServerConfigKeys (ConfUtils.java:logGet(43)) - raft.server.log.appender.buffer.byte-limit = 33554432 (custom)
2019-08-28 19:03:54,303 [pool-633-thread-1] INFO  server.RaftServerConfigKeys (ConfUtils.java:logGet(43)) - raft.server.log.segment.size.max = 1048576 (custom)
2019-08-28 19:03:54,303 [pool-633-thread-1] INFO  server.RaftServerConfigKeys (ConfUtils.java:logGet(43)) - raft.server.log.segment.cache.num.max = 2 (custom)
2019-08-28 19:03:54,303 [pool-633-thread-1] INFO  segmented.SegmentedRaftLogWorker (SegmentedRaftLogWorker.java:<init>(172)) - new 00cf7d40-ac63-4acb-9b30-bd0829021504-SegmentedRaftLogWorker:Storage Directory /workdir/hadoop-ozone/integration-test/target/test-dir/MiniOzoneClusterImpl-707007af-a3e3-45d7-ab83-09aed58cd643/datanode-0/data/ratis/221d3e10-a2c9-4e50-a0d3-a29ac2aa934a for RaftStorage:Storage Directory /workdir/hadoop-ozone/integration-test/target/test-dir/MiniOzoneClusterImpl-707007af-a3e3-45d7-ab83-09aed58cd643/datanode-0/data/ratis/221d3e10-a2c9-4e50-a0d3-a29ac2aa934a
2019-08-28 19:03:54,304 [pool-633-thread-1] INFO  server.RaftServerConfigKeys (ConfUtils.java:logGet(43)) - raft.server.log.queue.byte-limit = 2147483647 (custom)
2019-08-28 19:03:54,304 [pool-633-thread-1] INFO  server.RaftServerConfigKeys (ConfUtils.java:logGet(43)) - raft.server.log.queue.element-limit = 1024 (custom)
2019-08-28 19:03:54,304 [pool-633-thread-1] INFO  server.RaftServerConfigKeys (ConfUtils.java:logGet(43)) - raft.server.log.segment.size.max = 1048576 (custom)
2019-08-28 19:03:54,304 [pool-633-thread-1] INFO  server.RaftServerConfigKeys (ConfUtils.java:logGet(43)) - raft.server.log.preallocated.size = 16384 (custom)
2019-08-28 19:03:54,304 [pool-633-thread-1] INFO  server.RaftServerConfigKeys (ConfUtils.java:logGet(43)) - raft.server.log.write.buffer.size = 33554432 (custom)
2019-08-28 19:03:54,304 [pool-633-thread-1] INFO  server.RaftServerConfigKeys (ConfUtils.java:logGet(43)) - raft.server.log.force.sync.num = 128 (default)
2019-08-28 19:03:54,305 [pool-633-thread-1] INFO  server.RaftServerConfigKeys (ConfUtils.java:logGet(43)) - raft.server.log.statemachine.data.sync = true (default)
2019-08-28 19:03:54,305 [pool-633-thread-1] INFO  server.RaftServerConfigKeys (ConfUtils.java:logGet(43)) - raft.server.log.statemachine.data.sync.timeout = 10s (default)
2019-08-28 19:03:54,305 [pool-633-thread-1] INFO  server.RaftServerConfigKeys (ConfUtils.java:logGet(43)) - raft.server.log.statemachine.data.sync.timeout.retry = -1 (default)
2019-08-28 19:03:54,305 [pool-633-thread-1] INFO  server.RaftServerConfigKeys (ConfUtils.java:logGet(43)) - raft.server.log.statemachine.data.caching.enabled = true (custom)
2019-08-28 19:03:54,306 [pool-633-thread-1] INFO  segmented.SegmentedRaftLogWorker (SegmentedRaftLogWorker.java:lambda$new$0(132)) - 00cf7d40-ac63-4acb-9b30-bd0829021504-SegmentedRaftLogWorker:Storage Directory /workdir/hadoop-ozone/integration-test/target/test-dir/MiniOzoneClusterImpl-707007af-a3e3-45d7-ab83-09aed58cd643/datanode-0/data/ratis/221d3e10-a2c9-4e50-a0d3-a29ac2aa934a: flushIndex: setUnconditionally 0 -> -1
2019-08-28 19:03:54,306 [pool-633-thread-1] INFO  server.RaftServerConfigKeys (ConfUtils.java:logGet(43)) - raft.server.snapshot.auto.trigger.enabled = true (custom)
2019-08-28 19:03:54,306 [pool-633-thread-1] INFO  server.RaftServerConfigKeys (ConfUtils.java:logGet(43)) - raft.server.snapshot.auto.trigger.threshold = 10000 (custom)
2019-08-28 19:03:54,306 [pool-633-thread-1] INFO  server.RaftServerConfigKeys (ConfUtils.java:logGet(43)) - raft.server.retrycache.expirytime = 600000ms (custom)
2019-08-28 19:03:54,307 [pool-633-thread-1] INFO  impl.RaftServerImpl (RaftServerImpl.java:start(180)) - 00cf7d40-ac63-4acb-9b30-bd0829021504: start group-A29AC2AA934A
2019-08-28 19:03:54,307 [pool-633-thread-1] INFO  impl.RaftServerImpl (RaftServerImpl.java:setRole(171)) - 00cf7d40-ac63-4acb-9b30-bd0829021504:group-A29AC2AA934A changes role from null to FOLLOWER at term 0 for startAsFollower
2019-08-28 19:03:54,307 [pool-633-thread-1] INFO  impl.RoleInfo (RoleInfo.java:updateAndGet(143)) - 00cf7d40-ac63-4acb-9b30-bd0829021504: start FollowerState
2019-08-28 19:03:54,308 [pool-633-thread-1] INFO  util.JmxRegister (JmxRegister.java:tryRegister(44)) - Successfully registered JMX Bean with object name Ratis:service=RaftServer,group=group-A29AC2AA934A,id=00cf7d40-ac63-4acb-9b30-bd0829021504
2019-08-28 19:03:54,335 [RatisPipelineUtilsThread] INFO  pipeline.PipelineStateManager (PipelineStateManager.java:addPipeline(56)) - Created pipeline Pipeline[ Id: 221d3e10-a2c9-4e50-a0d3-a29ac2aa934a, Nodes: 00cf7d40-ac63-4acb-9b30-bd0829021504{ip: 192.168.69.102, host: pr-hdds-1783-trunk-gtrxg-786569963, networkLocation: /default-rack, certSerialId: null}, Type:RATIS, Factor:ONE, State:OPEN]
2019-08-28 19:03:54,433 [IPC Server handler 3 on 35556] INFO  net.NetworkTopology (NetworkTopologyImpl.java:add(110)) - Added a new node: /default-rack/adfa36b7-498a-4b65-9252-7ca31df0730f
2019-08-28 19:03:54,433 [IPC Server handler 3 on 35556] INFO  node.SCMNodeManager (SCMNodeManager.java:register(273)) - Registered Data node : adfa36b7-498a-4b65-9252-7ca31df0730f{ip: 192.168.69.102, host: pr-hdds-1783-trunk-gtrxg-786569963, networkLocation: /default-rack, certSerialId: null}
2019-08-28 19:03:54,434 | INFO  | SCMAudit | user=jenkins1000 | ip=192.168.69.102 | op=REGISTER {datanodeDetails=adfa36b7-498a-4b65-9252-7ca31df0730f{ip: 192.168.69.102, host: pr-hdds-1783-trunk-gtrxg-786569963, networkLocation: /default-rack, certSerialId: null}} | ret=SUCCESS |  
2019-08-28 19:03:54,451 [grpc-default-executor-12] INFO  impl.RaftServerProxy (RaftServerProxy.java:addNew(89)) - adfa36b7-498a-4b65-9252-7ca31df0730f: addNew group-B5D6B38141F7:[adfa36b7-498a-4b65-9252-7ca31df0730f:192.168.69.102:35284] returns group-B5D6B38141F7:java.util.concurrent.CompletableFuture@217b6028[Not completed]
2019-08-28 19:03:54,452 [pool-644-thread-1] INFO  impl.RaftServerImpl (RaftServerImpl.java:<init>(93)) - adfa36b7-498a-4b65-9252-7ca31df0730f: new RaftServerImpl for group-B5D6B38141F7:[adfa36b7-498a-4b65-9252-7ca31df0730f:192.168.69.102:35284] with ContainerStateMachine:uninitialized
2019-08-28 19:03:54,452 [pool-644-thread-1] INFO  server.RaftServerConfigKeys (ConfUtils.java:logGet(43)) - raft.server.rpc.timeout.min = 5s (custom)
2019-08-28 19:03:54,453 [pool-644-thread-1] INFO  server.RaftServerConfigKeys (ConfUtils.java:logGet(43)) - raft.server.rpc.timeout.max = 5200ms (custom)
2019-08-28 19:03:54,453 [pool-644-thread-1] INFO  server.RaftServerConfigKeys (ConfUtils.java:logGet(43)) - raft.server.rpcslowness.timeout = 120s (custom)
2019-08-28 19:03:54,453 [pool-644-thread-1] INFO  server.RaftServerConfigKeys (ConfUtils.java:logGet(43)) - raft.server.sleep.deviation.threshold = 300 (default)
2019-08-28 19:03:54,453 [pool-644-thread-1] INFO  server.RaftServerConfigKeys (ConfUtils.java:logGet(43)) - raft.server.log.appender.install.snapshot.enabled = false (custom)
2019-08-28 19:03:54,453 [pool-644-thread-1] INFO  impl.RaftServerImpl (ServerState.java:<init>(105)) - adfa36b7-498a-4b65-9252-7ca31df0730f:group-B5D6B38141F7 ConfigurationManager, init=-1: [adfa36b7-498a-4b65-9252-7ca31df0730f:192.168.69.102:35284], old=null, confs=<EMPTY_MAP>
2019-08-28 19:03:54,453 [pool-644-thread-1] INFO  server.RaftServerConfigKeys (ConfUtils.java:logGet(43)) - raft.server.storage.dir = [/workdir/hadoop-ozone/integration-test/target/test-dir/MiniOzoneClusterImpl-707007af-a3e3-45d7-ab83-09aed58cd643/datanode-1/data/ratis] (custom)
2019-08-28 19:03:54,454 [pool-644-thread-1] INFO  storage.RaftStorageDirectory (RaftStorageDirectory.java:analyzeStorage(246)) - The storage directory /workdir/hadoop-ozone/integration-test/target/test-dir/MiniOzoneClusterImpl-707007af-a3e3-45d7-ab83-09aed58cd643/datanode-1/data/ratis/1a8abcb4-9fe8-4383-bbbc-b5d6b38141f7 does not exist. Creating ...
2019-08-28 19:03:54,482 [pool-644-thread-1] INFO  storage.RaftStorageDirectory (RaftStorageDirectory.java:tryLock(328)) - Lock on /workdir/hadoop-ozone/integration-test/target/test-dir/MiniOzoneClusterImpl-707007af-a3e3-45d7-ab83-09aed58cd643/datanode-1/data/ratis/1a8abcb4-9fe8-4383-bbbc-b5d6b38141f7/in_use.lock acquired by nodename 16648@pr-hdds-1783-trunk-gtrxg-786569963
2019-08-28 19:03:54,491 [pool-644-thread-1] INFO  storage.RaftStorage (RaftStorage.java:format(72)) - Storage directory /workdir/hadoop-ozone/integration-test/target/test-dir/MiniOzoneClusterImpl-707007af-a3e3-45d7-ab83-09aed58cd643/datanode-1/data/ratis/1a8abcb4-9fe8-4383-bbbc-b5d6b38141f7 has been successfully formatted.
2019-08-28 19:03:54,491 [pool-644-thread-1] INFO  ratis.ContainerStateMachine (ContainerStateMachine.java:loadSnapshot(226)) - group-B5D6B38141F7: The snapshot info is null. Setting the last applied indexto:(t:0, i:~)
2019-08-28 19:03:54,491 [pool-644-thread-1] INFO  server.RaftServerConfigKeys (ConfUtils.java:logGet(43)) - raft.server.leader.election.timeout = 120s (custom)
2019-08-28 19:03:54,491 [pool-644-thread-1] INFO  server.RaftServerConfigKeys (ConfUtils.java:logGet(43)) - raft.server.log.use.memory = false (default)
2019-08-28 19:03:54,491 [pool-644-thread-1] INFO  server.RaftServerConfigKeys (ConfUtils.java:logGet(43)) - raft.server.log.purge.gap = 1000000 (custom)
2019-08-28 19:03:54,491 [pool-644-thread-1] INFO  server.RaftServerConfigKeys (ConfUtils.java:logGet(43)) - raft.server.log.appender.buffer.byte-limit = 33554432 (custom)
2019-08-28 19:03:54,492 [pool-644-thread-1] INFO  server.RaftServerConfigKeys (ConfUtils.java:logGet(43)) - raft.server.log.segment.size.max = 1048576 (custom)
2019-08-28 19:03:54,492 [pool-644-thread-1] INFO  server.RaftServerConfigKeys (ConfUtils.java:logGet(43)) - raft.server.log.segment.cache.num.max = 2 (custom)
2019-08-28 19:03:54,492 [pool-644-thread-1] INFO  segmented.SegmentedRaftLogWorker (SegmentedRaftLogWorker.java:<init>(172)) - new adfa36b7-498a-4b65-9252-7ca31df0730f-SegmentedRaftLogWorker:Storage Directory /workdir/hadoop-ozone/integration-test/target/test-dir/MiniOzoneClusterImpl-707007af-a3e3-45d7-ab83-09aed58cd643/datanode-1/data/ratis/1a8abcb4-9fe8-4383-bbbc-b5d6b38141f7 for RaftStorage:Storage Directory /workdir/hadoop-ozone/integration-test/target/test-dir/MiniOzoneClusterImpl-707007af-a3e3-45d7-ab83-09aed58cd643/datanode-1/data/ratis/1a8abcb4-9fe8-4383-bbbc-b5d6b38141f7
2019-08-28 19:03:54,492 [pool-644-thread-1] INFO  server.RaftServerConfigKeys (ConfUtils.java:logGet(43)) - raft.server.log.queue.byte-limit = 2147483647 (custom)
2019-08-28 19:03:54,492 [pool-644-thread-1] INFO  server.RaftServerConfigKeys (ConfUtils.java:logGet(43)) - raft.server.log.queue.element-limit = 1024 (custom)
2019-08-28 19:03:54,493 [pool-644-thread-1] INFO  server.RaftServerConfigKeys (ConfUtils.java:logGet(43)) - raft.server.log.segment.size.max = 1048576 (custom)
2019-08-28 19:03:54,493 [pool-644-thread-1] INFO  server.RaftServerConfigKeys (ConfUtils.java:logGet(43)) - raft.server.log.preallocated.size = 16384 (custom)
2019-08-28 19:03:54,493 [pool-644-thread-1] INFO  server.RaftServerConfigKeys (ConfUtils.java:logGet(43)) - raft.server.log.write.buffer.size = 33554432 (custom)
2019-08-28 19:03:54,493 [pool-644-thread-1] INFO  server.RaftServerConfigKeys (ConfUtils.java:logGet(43)) - raft.server.log.force.sync.num = 128 (default)
2019-08-28 19:03:54,493 [pool-644-thread-1] INFO  server.RaftServerConfigKeys (ConfUtils.java:logGet(43)) - raft.server.log.statemachine.data.sync = true (default)
2019-08-28 19:03:54,493 [pool-644-thread-1] INFO  server.RaftServerConfigKeys (ConfUtils.java:logGet(43)) - raft.server.log.statemachine.data.sync.timeout = 10s (default)
2019-08-28 19:03:54,493 [pool-644-thread-1] INFO  server.RaftServerConfigKeys (ConfUtils.java:logGet(43)) - raft.server.log.statemachine.data.sync.timeout.retry = -1 (default)
2019-08-28 19:03:54,494 [pool-644-thread-1] INFO  server.RaftServerConfigKeys (ConfUtils.java:logGet(43)) - raft.server.log.statemachine.data.caching.enabled = true (custom)
2019-08-28 19:03:54,494 [pool-644-thread-1] INFO  segmented.SegmentedRaftLogWorker (SegmentedRaftLogWorker.java:lambda$new$0(132)) - adfa36b7-498a-4b65-9252-7ca31df0730f-SegmentedRaftLogWorker:Storage Directory /workdir/hadoop-ozone/integration-test/target/test-dir/MiniOzoneClusterImpl-707007af-a3e3-45d7-ab83-09aed58cd643/datanode-1/data/ratis/1a8abcb4-9fe8-4383-bbbc-b5d6b38141f7: flushIndex: setUnconditionally 0 -> -1
2019-08-28 19:03:54,494 [pool-644-thread-1] INFO  server.RaftServerConfigKeys (ConfUtils.java:logGet(43)) - raft.server.snapshot.auto.trigger.enabled = true (custom)
2019-08-28 19:03:54,494 [pool-644-thread-1] INFO  server.RaftServerConfigKeys (ConfUtils.java:logGet(43)) - raft.server.snapshot.auto.trigger.threshold = 10000 (custom)
2019-08-28 19:03:54,495 [pool-644-thread-1] INFO  server.RaftServerConfigKeys (ConfUtils.java:logGet(43)) - raft.server.retrycache.expirytime = 600000ms (custom)
2019-08-28 19:03:54,495 [pool-644-thread-1] INFO  impl.RaftServerImpl (RaftServerImpl.java:start(180)) - adfa36b7-498a-4b65-9252-7ca31df0730f: start group-B5D6B38141F7
2019-08-28 19:03:54,495 [pool-644-thread-1] INFO  impl.RaftServerImpl (RaftServerImpl.java:setRole(171)) - adfa36b7-498a-4b65-9252-7ca31df0730f:group-B5D6B38141F7 changes role from null to FOLLOWER at term 0 for startAsFollower
2019-08-28 19:03:54,495 [pool-644-thread-1] INFO  impl.RoleInfo (RoleInfo.java:updateAndGet(143)) - adfa36b7-498a-4b65-9252-7ca31df0730f: start FollowerState
2019-08-28 19:03:54,495 [pool-644-thread-1] INFO  util.JmxRegister (JmxRegister.java:tryRegister(44)) - Successfully registered JMX Bean with object name Ratis:service=RaftServer,group=group-B5D6B38141F7,id=adfa36b7-498a-4b65-9252-7ca31df0730f
2019-08-28 19:03:54,497 [RatisPipelineUtilsThread] INFO  pipeline.PipelineStateManager (PipelineStateManager.java:addPipeline(56)) - Created pipeline Pipeline[ Id: 1a8abcb4-9fe8-4383-bbbc-b5d6b38141f7, Nodes: adfa36b7-498a-4b65-9252-7ca31df0730f{ip: 192.168.69.102, host: pr-hdds-1783-trunk-gtrxg-786569963, networkLocation: /default-rack, certSerialId: null}, Type:RATIS, Factor:ONE, State:OPEN]
2019-08-28 19:03:54,640 [IPC Server handler 15 on 35556] INFO  net.NetworkTopology (NetworkTopologyImpl.java:add(110)) - Added a new node: /default-rack/00cb801d-97e1-4292-a478-3bdac0cd726d
2019-08-28 19:03:54,641 [IPC Server handler 15 on 35556] INFO  node.SCMNodeManager (SCMNodeManager.java:register(273)) - Registered Data node : 00cb801d-97e1-4292-a478-3bdac0cd726d{ip: 192.168.69.102, host: pr-hdds-1783-trunk-gtrxg-786569963, networkLocation: /default-rack, certSerialId: null}
2019-08-28 19:03:54,641 | INFO  | SCMAudit | user=jenkins1000 | ip=192.168.69.102 | op=REGISTER {datanodeDetails=00cb801d-97e1-4292-a478-3bdac0cd726d{ip: 192.168.69.102, host: pr-hdds-1783-trunk-gtrxg-786569963, networkLocation: /default-rack, certSerialId: null}} | ret=SUCCESS |  
2019-08-28 19:03:54,647 [grpc-default-executor-12] INFO  impl.RaftServerProxy (RaftServerProxy.java:addNew(89)) - 00cb801d-97e1-4292-a478-3bdac0cd726d: addNew group-52906C2AD0CE:[00cb801d-97e1-4292-a478-3bdac0cd726d:192.168.69.102:37747] returns group-52906C2AD0CE:java.util.concurrent.CompletableFuture@737a42a0[Not completed]
2019-08-28 19:03:54,649 [pool-655-thread-1] INFO  impl.RaftServerImpl (RaftServerImpl.java:<init>(93)) - 00cb801d-97e1-4292-a478-3bdac0cd726d: new RaftServerImpl for group-52906C2AD0CE:[00cb801d-97e1-4292-a478-3bdac0cd726d:192.168.69.102:37747] with ContainerStateMachine:uninitialized
2019-08-28 19:03:54,649 [pool-655-thread-1] INFO  server.RaftServerConfigKeys (ConfUtils.java:logGet(43)) - raft.server.rpc.timeout.min = 5s (custom)
2019-08-28 19:03:54,649 [pool-655-thread-1] INFO  server.RaftServerConfigKeys (ConfUtils.java:logGet(43)) - raft.server.rpc.timeout.max = 5200ms (custom)
2019-08-28 19:03:54,649 [pool-655-thread-1] INFO  server.RaftServerConfigKeys (ConfUtils.java:logGet(43)) - raft.server.rpcslowness.timeout = 120s (custom)
2019-08-28 19:03:54,649 [pool-655-thread-1] INFO  server.RaftServerConfigKeys (ConfUtils.java:logGet(43)) - raft.server.sleep.deviation.threshold = 300 (default)
2019-08-28 19:03:54,649 [pool-655-thread-1] INFO  server.RaftServerConfigKeys (ConfUtils.java:logGet(43)) - raft.server.log.appender.install.snapshot.enabled = false (custom)
2019-08-28 19:03:54,649 [pool-655-thread-1] INFO  impl.RaftServerImpl (ServerState.java:<init>(105)) - 00cb801d-97e1-4292-a478-3bdac0cd726d:group-52906C2AD0CE ConfigurationManager, init=-1: [00cb801d-97e1-4292-a478-3bdac0cd726d:192.168.69.102:37747], old=null, confs=<EMPTY_MAP>
2019-08-28 19:03:54,650 [pool-655-thread-1] INFO  server.RaftServerConfigKeys (ConfUtils.java:logGet(43)) - raft.server.storage.dir = [/workdir/hadoop-ozone/integration-test/target/test-dir/MiniOzoneClusterImpl-707007af-a3e3-45d7-ab83-09aed58cd643/datanode-2/data/ratis] (custom)
2019-08-28 19:03:54,650 [pool-655-thread-1] INFO  storage.RaftStorageDirectory (RaftStorageDirectory.java:analyzeStorage(246)) - The storage directory /workdir/hadoop-ozone/integration-test/target/test-dir/MiniOzoneClusterImpl-707007af-a3e3-45d7-ab83-09aed58cd643/datanode-2/data/ratis/5458d3ff-65ea-4733-9280-52906c2ad0ce does not exist. Creating ...
2019-08-28 19:03:54,671 [pool-655-thread-1] INFO  storage.RaftStorageDirectory (RaftStorageDirectory.java:tryLock(328)) - Lock on /workdir/hadoop-ozone/integration-test/target/test-dir/MiniOzoneClusterImpl-707007af-a3e3-45d7-ab83-09aed58cd643/datanode-2/data/ratis/5458d3ff-65ea-4733-9280-52906c2ad0ce/in_use.lock acquired by nodename 16648@pr-hdds-1783-trunk-gtrxg-786569963
2019-08-28 19:03:54,704 [pool-655-thread-1] INFO  storage.RaftStorage (RaftStorage.java:format(72)) - Storage directory /workdir/hadoop-ozone/integration-test/target/test-dir/MiniOzoneClusterImpl-707007af-a3e3-45d7-ab83-09aed58cd643/datanode-2/data/ratis/5458d3ff-65ea-4733-9280-52906c2ad0ce has been successfully formatted.
2019-08-28 19:03:54,704 [pool-655-thread-1] INFO  ratis.ContainerStateMachine (ContainerStateMachine.java:loadSnapshot(226)) - group-52906C2AD0CE: The snapshot info is null. Setting the last applied indexto:(t:0, i:~)
2019-08-28 19:03:54,705 [pool-655-thread-1] INFO  server.RaftServerConfigKeys (ConfUtils.java:logGet(43)) - raft.server.leader.election.timeout = 120s (custom)
2019-08-28 19:03:54,705 [pool-655-thread-1] INFO  server.RaftServerConfigKeys (ConfUtils.java:logGet(43)) - raft.server.log.use.memory = false (default)
2019-08-28 19:03:54,705 [pool-655-thread-1] INFO  server.RaftServerConfigKeys (ConfUtils.java:logGet(43)) - raft.server.log.purge.gap = 1000000 (custom)
2019-08-28 19:03:54,705 [pool-655-thread-1] INFO  server.RaftServerConfigKeys (ConfUtils.java:logGet(43)) - raft.server.log.appender.buffer.byte-limit = 33554432 (custom)
2019-08-28 19:03:54,705 [pool-655-thread-1] INFO  server.RaftServerConfigKeys (ConfUtils.java:logGet(43)) - raft.server.log.segment.size.max = 1048576 (custom)
2019-08-28 19:03:54,706 [pool-655-thread-1] INFO  server.RaftServerConfigKeys (ConfUtils.java:logGet(43)) - raft.server.log.segment.cache.num.max = 2 (custom)
2019-08-28 19:03:54,706 [pool-655-thread-1] INFO  segmented.SegmentedRaftLogWorker (SegmentedRaftLogWorker.java:<init>(172)) - new 00cb801d-97e1-4292-a478-3bdac0cd726d-SegmentedRaftLogWorker:Storage Directory /workdir/hadoop-ozone/integration-test/target/test-dir/MiniOzoneClusterImpl-707007af-a3e3-45d7-ab83-09aed58cd643/datanode-2/data/ratis/5458d3ff-65ea-4733-9280-52906c2ad0ce for RaftStorage:Storage Directory /workdir/hadoop-ozone/integration-test/target/test-dir/MiniOzoneClusterImpl-707007af-a3e3-45d7-ab83-09aed58cd643/datanode-2/data/ratis/5458d3ff-65ea-4733-9280-52906c2ad0ce
2019-08-28 19:03:54,706 [pool-655-thread-1] INFO  server.RaftServerConfigKeys (ConfUtils.java:logGet(43)) - raft.server.log.queue.byte-limit = 2147483647 (custom)
2019-08-28 19:03:54,706 [pool-655-thread-1] INFO  server.RaftServerConfigKeys (ConfUtils.java:logGet(43)) - raft.server.log.queue.element-limit = 1024 (custom)
2019-08-28 19:03:54,706 [pool-655-thread-1] INFO  server.RaftServerConfigKeys (ConfUtils.java:logGet(43)) - raft.server.log.segment.size.max = 1048576 (custom)
2019-08-28 19:03:54,707 [pool-655-thread-1] INFO  server.RaftServerConfigKeys (ConfUtils.java:logGet(43)) - raft.server.log.preallocated.size = 16384 (custom)
2019-08-28 19:03:54,707 [pool-655-thread-1] INFO  server.RaftServerConfigKeys (ConfUtils.java:logGet(43)) - raft.server.log.write.buffer.size = 33554432 (custom)
2019-08-28 19:03:54,707 [pool-655-thread-1] INFO  server.RaftServerConfigKeys (ConfUtils.java:logGet(43)) - raft.server.log.force.sync.num = 128 (default)
2019-08-28 19:03:54,707 [pool-655-thread-1] INFO  server.RaftServerConfigKeys (ConfUtils.java:logGet(43)) - raft.server.log.statemachine.data.sync = true (default)
2019-08-28 19:03:54,707 [pool-655-thread-1] INFO  server.RaftServerConfigKeys (ConfUtils.java:logGet(43)) - raft.server.log.statemachine.data.sync.timeout = 10s (default)
2019-08-28 19:03:54,707 [pool-655-thread-1] INFO  server.RaftServerConfigKeys (ConfUtils.java:logGet(43)) - raft.server.log.statemachine.data.sync.timeout.retry = -1 (default)
2019-08-28 19:03:54,708 [pool-655-thread-1] INFO  server.RaftServerConfigKeys (ConfUtils.java:logGet(43)) - raft.server.log.statemachine.data.caching.enabled = true (custom)
2019-08-28 19:03:54,708 [pool-655-thread-1] INFO  segmented.SegmentedRaftLogWorker (SegmentedRaftLogWorker.java:lambda$new$0(132)) - 00cb801d-97e1-4292-a478-3bdac0cd726d-SegmentedRaftLogWorker:Storage Directory /workdir/hadoop-ozone/integration-test/target/test-dir/MiniOzoneClusterImpl-707007af-a3e3-45d7-ab83-09aed58cd643/datanode-2/data/ratis/5458d3ff-65ea-4733-9280-52906c2ad0ce: flushIndex: setUnconditionally 0 -> -1
2019-08-28 19:03:54,709 [pool-655-thread-1] INFO  server.RaftServerConfigKeys (ConfUtils.java:logGet(43)) - raft.server.snapshot.auto.trigger.enabled = true (custom)
2019-08-28 19:03:54,709 [pool-655-thread-1] INFO  server.RaftServerConfigKeys (ConfUtils.java:logGet(43)) - raft.server.snapshot.auto.trigger.threshold = 10000 (custom)
2019-08-28 19:03:54,709 [pool-655-thread-1] INFO  server.RaftServerConfigKeys (ConfUtils.java:logGet(43)) - raft.server.retrycache.expirytime = 600000ms (custom)
2019-08-28 19:03:54,709 [pool-655-thread-1] INFO  impl.RaftServerImpl (RaftServerImpl.java:start(180)) - 00cb801d-97e1-4292-a478-3bdac0cd726d: start group-52906C2AD0CE
2019-08-28 19:03:54,709 [pool-655-thread-1] INFO  impl.RaftServerImpl (RaftServerImpl.java:setRole(171)) - 00cb801d-97e1-4292-a478-3bdac0cd726d:group-52906C2AD0CE changes role from null to FOLLOWER at term 0 for startAsFollower
2019-08-28 19:03:54,709 [pool-655-thread-1] INFO  impl.RoleInfo (RoleInfo.java:updateAndGet(143)) - 00cb801d-97e1-4292-a478-3bdac0cd726d: start FollowerState
2019-08-28 19:03:54,710 [pool-655-thread-1] INFO  util.JmxRegister (JmxRegister.java:tryRegister(44)) - Successfully registered JMX Bean with object name Ratis:service=RaftServer,group=group-52906C2AD0CE,id=00cb801d-97e1-4292-a478-3bdac0cd726d
2019-08-28 19:03:54,712 [RatisPipelineUtilsThread] INFO  pipeline.PipelineStateManager (PipelineStateManager.java:addPipeline(56)) - Created pipeline Pipeline[ Id: 5458d3ff-65ea-4733-9280-52906c2ad0ce, Nodes: 00cb801d-97e1-4292-a478-3bdac0cd726d{ip: 192.168.69.102, host: pr-hdds-1783-trunk-gtrxg-786569963, networkLocation: /default-rack, certSerialId: null}, Type:RATIS, Factor:ONE, State:OPEN]
2019-08-28 19:03:54,734 [grpc-default-executor-4] INFO  impl.RaftServerProxy (RaftServerProxy.java:addNew(89)) - 00cb801d-97e1-4292-a478-3bdac0cd726d: addNew group-B83E8685FE49:[adfa36b7-498a-4b65-9252-7ca31df0730f:192.168.69.102:35284, 00cb801d-97e1-4292-a478-3bdac0cd726d:192.168.69.102:37747, 00cf7d40-ac63-4acb-9b30-bd0829021504:192.168.69.102:33352] returns group-B83E8685FE49:java.util.concurrent.CompletableFuture@7f5a9a11[Not completed]
2019-08-28 19:03:54,734 [grpc-default-executor-12] INFO  impl.RaftServerProxy (RaftServerProxy.java:addNew(89)) - 00cf7d40-ac63-4acb-9b30-bd0829021504: addNew group-B83E8685FE49:[adfa36b7-498a-4b65-9252-7ca31df0730f:192.168.69.102:35284, 00cb801d-97e1-4292-a478-3bdac0cd726d:192.168.69.102:37747, 00cf7d40-ac63-4acb-9b30-bd0829021504:192.168.69.102:33352] returns group-B83E8685FE49:java.util.concurrent.CompletableFuture@4fb57843[Not completed]
2019-08-28 19:03:54,734 [grpc-default-executor-6] INFO  impl.RaftServerProxy (RaftServerProxy.java:addNew(89)) - adfa36b7-498a-4b65-9252-7ca31df0730f: addNew group-B83E8685FE49:[adfa36b7-498a-4b65-9252-7ca31df0730f:192.168.69.102:35284, 00cb801d-97e1-4292-a478-3bdac0cd726d:192.168.69.102:37747, 00cf7d40-ac63-4acb-9b30-bd0829021504:192.168.69.102:33352] returns group-B83E8685FE49:java.util.concurrent.CompletableFuture@6dcccbd9[Not completed]
2019-08-28 19:03:54,735 [pool-633-thread-1] INFO  impl.RaftServerImpl (RaftServerImpl.java:<init>(93)) - 00cf7d40-ac63-4acb-9b30-bd0829021504: new RaftServerImpl for group-B83E8685FE49:[adfa36b7-498a-4b65-9252-7ca31df0730f:192.168.69.102:35284, 00cb801d-97e1-4292-a478-3bdac0cd726d:192.168.69.102:37747, 00cf7d40-ac63-4acb-9b30-bd0829021504:192.168.69.102:33352] with ContainerStateMachine:uninitialized
2019-08-28 19:03:54,735 [pool-633-thread-1] INFO  server.RaftServerConfigKeys (ConfUtils.java:logGet(43)) - raft.server.rpc.timeout.min = 5s (custom)
2019-08-28 19:03:54,735 [pool-633-thread-1] INFO  server.RaftServerConfigKeys (ConfUtils.java:logGet(43)) - raft.server.rpc.timeout.max = 5200ms (custom)
2019-08-28 19:03:54,735 [pool-633-thread-1] INFO  server.RaftServerConfigKeys (ConfUtils.java:logGet(43)) - raft.server.rpcslowness.timeout = 120s (custom)
2019-08-28 19:03:54,735 [pool-633-thread-1] INFO  server.RaftServerConfigKeys (ConfUtils.java:logGet(43)) - raft.server.sleep.deviation.threshold = 300 (default)
2019-08-28 19:03:54,735 [pool-633-thread-1] INFO  server.RaftServerConfigKeys (ConfUtils.java:logGet(43)) - raft.server.log.appender.install.snapshot.enabled = false (custom)
2019-08-28 19:03:54,735 [pool-633-thread-1] INFO  impl.RaftServerImpl (ServerState.java:<init>(105)) - 00cf7d40-ac63-4acb-9b30-bd0829021504:group-B83E8685FE49 ConfigurationManager, init=-1: [adfa36b7-498a-4b65-9252-7ca31df0730f:192.168.69.102:35284, 00cb801d-97e1-4292-a478-3bdac0cd726d:192.168.69.102:37747, 00cf7d40-ac63-4acb-9b30-bd0829021504:192.168.69.102:33352], old=null, confs=<EMPTY_MAP>
2019-08-28 19:03:54,735 [pool-644-thread-1] INFO  impl.RaftServerImpl (RaftServerImpl.java:<init>(93)) - adfa36b7-498a-4b65-9252-7ca31df0730f: new RaftServerImpl for group-B83E8685FE49:[adfa36b7-498a-4b65-9252-7ca31df0730f:192.168.69.102:35284, 00cb801d-97e1-4292-a478-3bdac0cd726d:192.168.69.102:37747, 00cf7d40-ac63-4acb-9b30-bd0829021504:192.168.69.102:33352] with ContainerStateMachine:uninitialized
2019-08-28 19:03:54,736 [pool-633-thread-1] INFO  server.RaftServerConfigKeys (ConfUtils.java:logGet(43)) - raft.server.storage.dir = [/workdir/hadoop-ozone/integration-test/target/test-dir/MiniOzoneClusterImpl-707007af-a3e3-45d7-ab83-09aed58cd643/datanode-0/data/ratis] (custom)
2019-08-28 19:03:54,736 [pool-644-thread-1] INFO  server.RaftServerConfigKeys (ConfUtils.java:logGet(43)) - raft.server.rpc.timeout.min = 5s (custom)
2019-08-28 19:03:54,736 [pool-644-thread-1] INFO  server.RaftServerConfigKeys (ConfUtils.java:logGet(43)) - raft.server.rpc.timeout.max = 5200ms (custom)
2019-08-28 19:03:54,736 [pool-633-thread-1] INFO  storage.RaftStorageDirectory (RaftStorageDirectory.java:analyzeStorage(246)) - The storage directory /workdir/hadoop-ozone/integration-test/target/test-dir/MiniOzoneClusterImpl-707007af-a3e3-45d7-ab83-09aed58cd643/datanode-0/data/ratis/e5a27023-b46a-4adb-9cab-b83e8685fe49 does not exist. Creating ...
2019-08-28 19:03:54,736 [pool-644-thread-1] INFO  server.RaftServerConfigKeys (ConfUtils.java:logGet(43)) - raft.server.rpcslowness.timeout = 120s (custom)
2019-08-28 19:03:54,736 [pool-655-thread-1] INFO  impl.RaftServerImpl (RaftServerImpl.java:<init>(93)) - 00cb801d-97e1-4292-a478-3bdac0cd726d: new RaftServerImpl for group-B83E8685FE49:[adfa36b7-498a-4b65-9252-7ca31df0730f:192.168.69.102:35284, 00cb801d-97e1-4292-a478-3bdac0cd726d:192.168.69.102:37747, 00cf7d40-ac63-4acb-9b30-bd0829021504:192.168.69.102:33352] with ContainerStateMachine:uninitialized
2019-08-28 19:03:54,736 [pool-644-thread-1] INFO  server.RaftServerConfigKeys (ConfUtils.java:logGet(43)) - raft.server.sleep.deviation.threshold = 300 (default)
2019-08-28 19:03:54,736 [pool-655-thread-1] INFO  server.RaftServerConfigKeys (ConfUtils.java:logGet(43)) - raft.server.rpc.timeout.min = 5s (custom)
2019-08-28 19:03:54,737 [pool-644-thread-1] INFO  server.RaftServerConfigKeys (ConfUtils.java:logGet(43)) - raft.server.log.appender.install.snapshot.enabled = false (custom)
2019-08-28 19:03:54,737 [pool-655-thread-1] INFO  server.RaftServerConfigKeys (ConfUtils.java:logGet(43)) - raft.server.rpc.timeout.max = 5200ms (custom)
2019-08-28 19:03:54,737 [pool-644-thread-1] INFO  impl.RaftServerImpl (ServerState.java:<init>(105)) - adfa36b7-498a-4b65-9252-7ca31df0730f:group-B83E8685FE49 ConfigurationManager, init=-1: [adfa36b7-498a-4b65-9252-7ca31df0730f:192.168.69.102:35284, 00cb801d-97e1-4292-a478-3bdac0cd726d:192.168.69.102:37747, 00cf7d40-ac63-4acb-9b30-bd0829021504:192.168.69.102:33352], old=null, confs=<EMPTY_MAP>
2019-08-28 19:03:54,737 [pool-655-thread-1] INFO  server.RaftServerConfigKeys (ConfUtils.java:logGet(43)) - raft.server.rpcslowness.timeout = 120s (custom)
2019-08-28 19:03:54,737 [pool-644-thread-1] INFO  server.RaftServerConfigKeys (ConfUtils.java:logGet(43)) - raft.server.storage.dir = [/workdir/hadoop-ozone/integration-test/target/test-dir/MiniOzoneClusterImpl-707007af-a3e3-45d7-ab83-09aed58cd643/datanode-1/data/ratis] (custom)
2019-08-28 19:03:54,737 [pool-655-thread-1] INFO  server.RaftServerConfigKeys (ConfUtils.java:logGet(43)) - raft.server.sleep.deviation.threshold = 300 (default)
2019-08-28 19:03:54,738 [pool-655-thread-1] INFO  server.RaftServerConfigKeys (ConfUtils.java:logGet(43)) - raft.server.log.appender.install.snapshot.enabled = false (custom)
2019-08-28 19:03:54,738 [pool-644-thread-1] INFO  storage.RaftStorageDirectory (RaftStorageDirectory.java:analyzeStorage(246)) - The storage directory /workdir/hadoop-ozone/integration-test/target/test-dir/MiniOzoneClusterImpl-707007af-a3e3-45d7-ab83-09aed58cd643/datanode-1/data/ratis/e5a27023-b46a-4adb-9cab-b83e8685fe49 does not exist. Creating ...
2019-08-28 19:03:54,738 [pool-655-thread-1] INFO  impl.RaftServerImpl (ServerState.java:<init>(105)) - 00cb801d-97e1-4292-a478-3bdac0cd726d:group-B83E8685FE49 ConfigurationManager, init=-1: [adfa36b7-498a-4b65-9252-7ca31df0730f:192.168.69.102:35284, 00cb801d-97e1-4292-a478-3bdac0cd726d:192.168.69.102:37747, 00cf7d40-ac63-4acb-9b30-bd0829021504:192.168.69.102:33352], old=null, confs=<EMPTY_MAP>
2019-08-28 19:03:54,738 [pool-655-thread-1] INFO  server.RaftServerConfigKeys (ConfUtils.java:logGet(43)) - raft.server.storage.dir = [/workdir/hadoop-ozone/integration-test/target/test-dir/MiniOzoneClusterImpl-707007af-a3e3-45d7-ab83-09aed58cd643/datanode-2/data/ratis] (custom)
2019-08-28 19:03:54,739 [pool-655-thread-1] INFO  storage.RaftStorageDirectory (RaftStorageDirectory.java:analyzeStorage(246)) - The storage directory /workdir/hadoop-ozone/integration-test/target/test-dir/MiniOzoneClusterImpl-707007af-a3e3-45d7-ab83-09aed58cd643/datanode-2/data/ratis/e5a27023-b46a-4adb-9cab-b83e8685fe49 does not exist. Creating ...
2019-08-28 19:03:54,752 [pool-633-thread-1] INFO  storage.RaftStorageDirectory (RaftStorageDirectory.java:tryLock(328)) - Lock on /workdir/hadoop-ozone/integration-test/target/test-dir/MiniOzoneClusterImpl-707007af-a3e3-45d7-ab83-09aed58cd643/datanode-0/data/ratis/e5a27023-b46a-4adb-9cab-b83e8685fe49/in_use.lock acquired by nodename 16648@pr-hdds-1783-trunk-gtrxg-786569963
2019-08-28 19:03:54,752 [pool-655-thread-1] INFO  storage.RaftStorageDirectory (RaftStorageDirectory.java:tryLock(328)) - Lock on /workdir/hadoop-ozone/integration-test/target/test-dir/MiniOzoneClusterImpl-707007af-a3e3-45d7-ab83-09aed58cd643/datanode-2/data/ratis/e5a27023-b46a-4adb-9cab-b83e8685fe49/in_use.lock acquired by nodename 16648@pr-hdds-1783-trunk-gtrxg-786569963
2019-08-28 19:03:54,752 [pool-644-thread-1] INFO  storage.RaftStorageDirectory (RaftStorageDirectory.java:tryLock(328)) - Lock on /workdir/hadoop-ozone/integration-test/target/test-dir/MiniOzoneClusterImpl-707007af-a3e3-45d7-ab83-09aed58cd643/datanode-1/data/ratis/e5a27023-b46a-4adb-9cab-b83e8685fe49/in_use.lock acquired by nodename 16648@pr-hdds-1783-trunk-gtrxg-786569963
2019-08-28 19:03:54,766 [pool-644-thread-1] INFO  storage.RaftStorage (RaftStorage.java:format(72)) - Storage directory /workdir/hadoop-ozone/integration-test/target/test-dir/MiniOzoneClusterImpl-707007af-a3e3-45d7-ab83-09aed58cd643/datanode-1/data/ratis/e5a27023-b46a-4adb-9cab-b83e8685fe49 has been successfully formatted.
2019-08-28 19:03:54,766 [pool-655-thread-1] INFO  storage.RaftStorage (RaftStorage.java:format(72)) - Storage directory /workdir/hadoop-ozone/integration-test/target/test-dir/MiniOzoneClusterImpl-707007af-a3e3-45d7-ab83-09aed58cd643/datanode-2/data/ratis/e5a27023-b46a-4adb-9cab-b83e8685fe49 has been successfully formatted.
2019-08-28 19:03:54,766 [pool-633-thread-1] INFO  storage.RaftStorage (RaftStorage.java:format(72)) - Storage directory /workdir/hadoop-ozone/integration-test/target/test-dir/MiniOzoneClusterImpl-707007af-a3e3-45d7-ab83-09aed58cd643/datanode-0/data/ratis/e5a27023-b46a-4adb-9cab-b83e8685fe49 has been successfully formatted.
2019-08-28 19:03:54,766 [pool-644-thread-1] INFO  ratis.ContainerStateMachine (ContainerStateMachine.java:loadSnapshot(226)) - group-B83E8685FE49: The snapshot info is null. Setting the last applied indexto:(t:0, i:~)
2019-08-28 19:03:54,767 [pool-633-thread-1] INFO  ratis.ContainerStateMachine (ContainerStateMachine.java:loadSnapshot(226)) - group-B83E8685FE49: The snapshot info is null. Setting the last applied indexto:(t:0, i:~)
2019-08-28 19:03:54,767 [pool-655-thread-1] INFO  ratis.ContainerStateMachine (ContainerStateMachine.java:loadSnapshot(226)) - group-B83E8685FE49: The snapshot info is null. Setting the last applied indexto:(t:0, i:~)
2019-08-28 19:03:54,767 [pool-633-thread-1] INFO  server.RaftServerConfigKeys (ConfUtils.java:logGet(43)) - raft.server.leader.election.timeout = 120s (custom)
2019-08-28 19:03:54,767 [pool-644-thread-1] INFO  server.RaftServerConfigKeys (ConfUtils.java:logGet(43)) - raft.server.leader.election.timeout = 120s (custom)
2019-08-28 19:03:54,767 [pool-633-thread-1] INFO  server.RaftServerConfigKeys (ConfUtils.java:logGet(43)) - raft.server.log.use.memory = false (default)
2019-08-28 19:03:54,767 [pool-655-thread-1] INFO  server.RaftServerConfigKeys (ConfUtils.java:logGet(43)) - raft.server.leader.election.timeout = 120s (custom)
2019-08-28 19:03:54,767 [pool-633-thread-1] INFO  server.RaftServerConfigKeys (ConfUtils.java:logGet(43)) - raft.server.log.purge.gap = 1000000 (custom)
2019-08-28 19:03:54,767 [pool-644-thread-1] INFO  server.RaftServerConfigKeys (ConfUtils.java:logGet(43)) - raft.server.log.use.memory = false (default)
2019-08-28 19:03:54,768 [pool-633-thread-1] INFO  server.RaftServerConfigKeys (ConfUtils.java:logGet(43)) - raft.server.log.appender.buffer.byte-limit = 33554432 (custom)
2019-08-28 19:03:54,768 [pool-655-thread-1] INFO  server.RaftServerConfigKeys (ConfUtils.java:logGet(43)) - raft.server.log.use.memory = false (default)
2019-08-28 19:03:54,768 [pool-633-thread-1] INFO  server.RaftServerConfigKeys (ConfUtils.java:logGet(43)) - raft.server.log.segment.size.max = 1048576 (custom)
2019-08-28 19:03:54,768 [pool-644-thread-1] INFO  server.RaftServerConfigKeys (ConfUtils.java:logGet(43)) - raft.server.log.purge.gap = 1000000 (custom)
2019-08-28 19:03:54,768 [pool-633-thread-1] INFO  server.RaftServerConfigKeys (ConfUtils.java:logGet(43)) - raft.server.log.segment.cache.num.max = 2 (custom)
2019-08-28 19:03:54,769 [pool-633-thread-1] INFO  segmented.SegmentedRaftLogWorker (SegmentedRaftLogWorker.java:<init>(172)) - new 00cf7d40-ac63-4acb-9b30-bd0829021504-SegmentedRaftLogWorker:Storage Directory /workdir/hadoop-ozone/integration-test/target/test-dir/MiniOzoneClusterImpl-707007af-a3e3-45d7-ab83-09aed58cd643/datanode-0/data/ratis/e5a27023-b46a-4adb-9cab-b83e8685fe49 for RaftStorage:Storage Directory /workdir/hadoop-ozone/integration-test/target/test-dir/MiniOzoneClusterImpl-707007af-a3e3-45d7-ab83-09aed58cd643/datanode-0/data/ratis/e5a27023-b46a-4adb-9cab-b83e8685fe49
2019-08-28 19:03:54,768 [pool-655-thread-1] INFO  server.RaftServerConfigKeys (ConfUtils.java:logGet(43)) - raft.server.log.purge.gap = 1000000 (custom)
2019-08-28 19:03:54,769 [pool-633-thread-1] INFO  server.RaftServerConfigKeys (ConfUtils.java:logGet(43)) - raft.server.log.queue.byte-limit = 2147483647 (custom)
2019-08-28 19:03:54,768 [pool-644-thread-1] INFO  server.RaftServerConfigKeys (ConfUtils.java:logGet(43)) - raft.server.log.appender.buffer.byte-limit = 33554432 (custom)
2019-08-28 19:03:54,769 [pool-633-thread-1] INFO  server.RaftServerConfigKeys (ConfUtils.java:logGet(43)) - raft.server.log.queue.element-limit = 1024 (custom)
2019-08-28 19:03:54,769 [pool-655-thread-1] INFO  server.RaftServerConfigKeys (ConfUtils.java:logGet(43)) - raft.server.log.appender.buffer.byte-limit = 33554432 (custom)
2019-08-28 19:03:54,769 [pool-633-thread-1] INFO  server.RaftServerConfigKeys (ConfUtils.java:logGet(43)) - raft.server.log.segment.size.max = 1048576 (custom)
2019-08-28 19:03:54,770 [pool-633-thread-1] INFO  server.RaftServerConfigKeys (ConfUtils.java:logGet(43)) - raft.server.log.preallocated.size = 16384 (custom)
2019-08-28 19:03:54,769 [pool-644-thread-1] INFO  server.RaftServerConfigKeys (ConfUtils.java:logGet(43)) - raft.server.log.segment.size.max = 1048576 (custom)
2019-08-28 19:03:54,770 [pool-633-thread-1] INFO  server.RaftServerConfigKeys (ConfUtils.java:logGet(43)) - raft.server.log.write.buffer.size = 33554432 (custom)
2019-08-28 19:03:54,769 [pool-655-thread-1] INFO  server.RaftServerConfigKeys (ConfUtils.java:logGet(43)) - raft.server.log.segment.size.max = 1048576 (custom)
2019-08-28 19:03:54,770 [pool-633-thread-1] INFO  server.RaftServerConfigKeys (ConfUtils.java:logGet(43)) - raft.server.log.force.sync.num = 128 (default)
2019-08-28 19:03:54,770 [pool-644-thread-1] INFO  server.RaftServerConfigKeys (ConfUtils.java:logGet(43)) - raft.server.log.segment.cache.num.max = 2 (custom)
2019-08-28 19:03:54,770 [pool-633-thread-1] INFO  server.RaftServerConfigKeys (ConfUtils.java:logGet(43)) - raft.server.log.statemachine.data.sync = true (default)
2019-08-28 19:03:54,771 [pool-633-thread-1] INFO  server.RaftServerConfigKeys (ConfUtils.java:logGet(43)) - raft.server.log.statemachine.data.sync.timeout = 10s (default)
2019-08-28 19:03:54,770 [pool-655-thread-1] INFO  server.RaftServerConfigKeys (ConfUtils.java:logGet(43)) - raft.server.log.segment.cache.num.max = 2 (custom)
2019-08-28 19:03:54,771 [pool-633-thread-1] INFO  server.RaftServerConfigKeys (ConfUtils.java:logGet(43)) - raft.server.log.statemachine.data.sync.timeout.retry = -1 (default)
2019-08-28 19:03:54,770 [pool-644-thread-1] INFO  segmented.SegmentedRaftLogWorker (SegmentedRaftLogWorker.java:<init>(172)) - new adfa36b7-498a-4b65-9252-7ca31df0730f-SegmentedRaftLogWorker:Storage Directory /workdir/hadoop-ozone/integration-test/target/test-dir/MiniOzoneClusterImpl-707007af-a3e3-45d7-ab83-09aed58cd643/datanode-1/data/ratis/e5a27023-b46a-4adb-9cab-b83e8685fe49 for RaftStorage:Storage Directory /workdir/hadoop-ozone/integration-test/target/test-dir/MiniOzoneClusterImpl-707007af-a3e3-45d7-ab83-09aed58cd643/datanode-1/data/ratis/e5a27023-b46a-4adb-9cab-b83e8685fe49
2019-08-28 19:03:54,771 [pool-633-thread-1] INFO  server.RaftServerConfigKeys (ConfUtils.java:logGet(43)) - raft.server.log.statemachine.data.caching.enabled = true (custom)
2019-08-28 19:03:54,771 [pool-655-thread-1] INFO  segmented.SegmentedRaftLogWorker (SegmentedRaftLogWorker.java:<init>(172)) - new 00cb801d-97e1-4292-a478-3bdac0cd726d-SegmentedRaftLogWorker:Storage Directory /workdir/hadoop-ozone/integration-test/target/test-dir/MiniOzoneClusterImpl-707007af-a3e3-45d7-ab83-09aed58cd643/datanode-2/data/ratis/e5a27023-b46a-4adb-9cab-b83e8685fe49 for RaftStorage:Storage Directory /workdir/hadoop-ozone/integration-test/target/test-dir/MiniOzoneClusterImpl-707007af-a3e3-45d7-ab83-09aed58cd643/datanode-2/data/ratis/e5a27023-b46a-4adb-9cab-b83e8685fe49
2019-08-28 19:03:54,771 [pool-633-thread-1] INFO  segmented.SegmentedRaftLogWorker (SegmentedRaftLogWorker.java:lambda$new$0(132)) - 00cf7d40-ac63-4acb-9b30-bd0829021504-SegmentedRaftLogWorker:Storage Directory /workdir/hadoop-ozone/integration-test/target/test-dir/MiniOzoneClusterImpl-707007af-a3e3-45d7-ab83-09aed58cd643/datanode-0/data/ratis/e5a27023-b46a-4adb-9cab-b83e8685fe49: flushIndex: setUnconditionally 0 -> -1
2019-08-28 19:03:54,771 [pool-644-thread-1] INFO  server.RaftServerConfigKeys (ConfUtils.java:logGet(43)) - raft.server.log.queue.byte-limit = 2147483647 (custom)
2019-08-28 19:03:54,772 [pool-633-thread-1] INFO  server.RaftServerConfigKeys (ConfUtils.java:logGet(43)) - raft.server.snapshot.auto.trigger.enabled = true (custom)
2019-08-28 19:03:54,772 [pool-655-thread-1] INFO  server.RaftServerConfigKeys (ConfUtils.java:logGet(43)) - raft.server.log.queue.byte-limit = 2147483647 (custom)
2019-08-28 19:03:54,772 [pool-633-thread-1] INFO  server.RaftServerConfigKeys (ConfUtils.java:logGet(43)) - raft.server.snapshot.auto.trigger.threshold = 10000 (custom)
2019-08-28 19:03:54,772 [pool-644-thread-1] INFO  server.RaftServerConfigKeys (ConfUtils.java:logGet(43)) - raft.server.log.queue.element-limit = 1024 (custom)
2019-08-28 19:03:54,772 [pool-633-thread-1] INFO  server.RaftServerConfigKeys (ConfUtils.java:logGet(43)) - raft.server.retrycache.expirytime = 600000ms (custom)
2019-08-28 19:03:54,772 [pool-655-thread-1] INFO  server.RaftServerConfigKeys (ConfUtils.java:logGet(43)) - raft.server.log.queue.element-limit = 1024 (custom)
2019-08-28 19:03:54,773 [pool-633-thread-1] INFO  impl.RaftServerImpl (RaftServerImpl.java:start(180)) - 00cf7d40-ac63-4acb-9b30-bd0829021504: start group-B83E8685FE49
2019-08-28 19:03:54,773 [pool-644-thread-1] INFO  server.RaftServerConfigKeys (ConfUtils.java:logGet(43)) - raft.server.log.segment.size.max = 1048576 (custom)
2019-08-28 19:03:54,773 [pool-633-thread-1] INFO  impl.RaftServerImpl (RaftServerImpl.java:setRole(171)) - 00cf7d40-ac63-4acb-9b30-bd0829021504:group-B83E8685FE49 changes role from null to FOLLOWER at term 0 for startAsFollower
2019-08-28 19:03:54,773 [pool-655-thread-1] INFO  server.RaftServerConfigKeys (ConfUtils.java:logGet(43)) - raft.server.log.segment.size.max = 1048576 (custom)
2019-08-28 19:03:54,773 [pool-633-thread-1] INFO  impl.RoleInfo (RoleInfo.java:updateAndGet(143)) - 00cf7d40-ac63-4acb-9b30-bd0829021504: start FollowerState
2019-08-28 19:03:54,773 [pool-644-thread-1] INFO  server.RaftServerConfigKeys (ConfUtils.java:logGet(43)) - raft.server.log.preallocated.size = 16384 (custom)
2019-08-28 19:03:54,773 [pool-655-thread-1] INFO  server.RaftServerConfigKeys (ConfUtils.java:logGet(43)) - raft.server.log.preallocated.size = 16384 (custom)
2019-08-28 19:03:54,774 [pool-633-thread-1] INFO  util.JmxRegister (JmxRegister.java:tryRegister(44)) - Successfully registered JMX Bean with object name Ratis:service=RaftServer,group=group-B83E8685FE49,id=00cf7d40-ac63-4acb-9b30-bd0829021504
2019-08-28 19:03:54,774 [pool-644-thread-1] INFO  server.RaftServerConfigKeys (ConfUtils.java:logGet(43)) - raft.server.log.write.buffer.size = 33554432 (custom)
2019-08-28 19:03:54,774 [pool-655-thread-1] INFO  server.RaftServerConfigKeys (ConfUtils.java:logGet(43)) - raft.server.log.write.buffer.size = 33554432 (custom)
2019-08-28 19:03:54,774 [pool-644-thread-1] INFO  server.RaftServerConfigKeys (ConfUtils.java:logGet(43)) - raft.server.log.force.sync.num = 128 (default)
2019-08-28 19:03:54,774 [pool-655-thread-1] INFO  server.RaftServerConfigKeys (ConfUtils.java:logGet(43)) - raft.server.log.force.sync.num = 128 (default)
2019-08-28 19:03:54,774 [pool-644-thread-1] INFO  server.RaftServerConfigKeys (ConfUtils.java:logGet(43)) - raft.server.log.statemachine.data.sync = true (default)
2019-08-28 19:03:54,774 [pool-655-thread-1] INFO  server.RaftServerConfigKeys (ConfUtils.java:logGet(43)) - raft.server.log.statemachine.data.sync = true (default)
2019-08-28 19:03:54,775 [pool-644-thread-1] INFO  server.RaftServerConfigKeys (ConfUtils.java:logGet(43)) - raft.server.log.statemachine.data.sync.timeout = 10s (default)
2019-08-28 19:03:54,775 [pool-655-thread-1] INFO  server.RaftServerConfigKeys (ConfUtils.java:logGet(43)) - raft.server.log.statemachine.data.sync.timeout = 10s (default)
2019-08-28 19:03:54,775 [pool-644-thread-1] INFO  server.RaftServerConfigKeys (ConfUtils.java:logGet(43)) - raft.server.log.statemachine.data.sync.timeout.retry = -1 (default)
2019-08-28 19:03:54,775 [pool-655-thread-1] INFO  server.RaftServerConfigKeys (ConfUtils.java:logGet(43)) - raft.server.log.statemachine.data.sync.timeout.retry = -1 (default)
2019-08-28 19:03:54,775 [pool-644-thread-1] INFO  server.RaftServerConfigKeys (ConfUtils.java:logGet(43)) - raft.server.log.statemachine.data.caching.enabled = true (custom)
2019-08-28 19:03:54,775 [pool-655-thread-1] INFO  server.RaftServerConfigKeys (ConfUtils.java:logGet(43)) - raft.server.log.statemachine.data.caching.enabled = true (custom)
2019-08-28 19:03:54,776 [pool-644-thread-1] INFO  segmented.SegmentedRaftLogWorker (SegmentedRaftLogWorker.java:lambda$new$0(132)) - adfa36b7-498a-4b65-9252-7ca31df0730f-SegmentedRaftLogWorker:Storage Directory /workdir/hadoop-ozone/integration-test/target/test-dir/MiniOzoneClusterImpl-707007af-a3e3-45d7-ab83-09aed58cd643/datanode-1/data/ratis/e5a27023-b46a-4adb-9cab-b83e8685fe49: flushIndex: setUnconditionally 0 -> -1
2019-08-28 19:03:54,776 [pool-655-thread-1] INFO  segmented.SegmentedRaftLogWorker (SegmentedRaftLogWorker.java:lambda$new$0(132)) - 00cb801d-97e1-4292-a478-3bdac0cd726d-SegmentedRaftLogWorker:Storage Directory /workdir/hadoop-ozone/integration-test/target/test-dir/MiniOzoneClusterImpl-707007af-a3e3-45d7-ab83-09aed58cd643/datanode-2/data/ratis/e5a27023-b46a-4adb-9cab-b83e8685fe49: flushIndex: setUnconditionally 0 -> -1
2019-08-28 19:03:54,776 [pool-644-thread-1] INFO  server.RaftServerConfigKeys (ConfUtils.java:logGet(43)) - raft.server.snapshot.auto.trigger.enabled = true (custom)
2019-08-28 19:03:54,776 [pool-644-thread-1] INFO  server.RaftServerConfigKeys (ConfUtils.java:logGet(43)) - raft.server.snapshot.auto.trigger.threshold = 10000 (custom)
2019-08-28 19:03:54,776 [pool-655-thread-1] INFO  server.RaftServerConfigKeys (ConfUtils.java:logGet(43)) - raft.server.snapshot.auto.trigger.enabled = true (custom)
2019-08-28 19:03:54,776 [pool-644-thread-1] INFO  server.RaftServerConfigKeys (ConfUtils.java:logGet(43)) - raft.server.retrycache.expirytime = 600000ms (custom)
2019-08-28 19:03:54,776 [pool-655-thread-1] INFO  server.RaftServerConfigKeys (ConfUtils.java:logGet(43)) - raft.server.snapshot.auto.trigger.threshold = 10000 (custom)
2019-08-28 19:03:54,777 [pool-644-thread-1] INFO  impl.RaftServerImpl (RaftServerImpl.java:start(180)) - adfa36b7-498a-4b65-9252-7ca31df0730f: start group-B83E8685FE49
2019-08-28 19:03:54,777 [pool-655-thread-1] INFO  server.RaftServerConfigKeys (ConfUtils.java:logGet(43)) - raft.server.retrycache.expirytime = 600000ms (custom)
2019-08-28 19:03:54,777 [pool-644-thread-1] INFO  impl.RaftServerImpl (RaftServerImpl.java:setRole(171)) - adfa36b7-498a-4b65-9252-7ca31df0730f:group-B83E8685FE49 changes role from null to FOLLOWER at term 0 for startAsFollower
2019-08-28 19:03:54,777 [pool-655-thread-1] INFO  impl.RaftServerImpl (RaftServerImpl.java:start(180)) - 00cb801d-97e1-4292-a478-3bdac0cd726d: start group-B83E8685FE49
2019-08-28 19:03:54,777 [pool-644-thread-1] INFO  impl.RoleInfo (RoleInfo.java:updateAndGet(143)) - adfa36b7-498a-4b65-9252-7ca31df0730f: start FollowerState
2019-08-28 19:03:54,777 [pool-655-thread-1] INFO  impl.RaftServerImpl (RaftServerImpl.java:setRole(171)) - 00cb801d-97e1-4292-a478-3bdac0cd726d:group-B83E8685FE49 changes role from null to FOLLOWER at term 0 for startAsFollower
2019-08-28 19:03:54,777 [pool-655-thread-1] INFO  impl.RoleInfo (RoleInfo.java:updateAndGet(143)) - 00cb801d-97e1-4292-a478-3bdac0cd726d: start FollowerState
2019-08-28 19:03:54,778 [pool-644-thread-1] INFO  util.JmxRegister (JmxRegister.java:tryRegister(44)) - Successfully registered JMX Bean with object name Ratis:service=RaftServer,group=group-B83E8685FE49,id=adfa36b7-498a-4b65-9252-7ca31df0730f
2019-08-28 19:03:54,778 [pool-655-thread-1] INFO  util.JmxRegister (JmxRegister.java:tryRegister(44)) - Successfully registered JMX Bean with object name Ratis:service=RaftServer,group=group-B83E8685FE49,id=00cb801d-97e1-4292-a478-3bdac0cd726d
2019-08-28 19:03:54,780 [RatisPipelineUtilsThread] INFO  pipeline.PipelineStateManager (PipelineStateManager.java:addPipeline(56)) - Created pipeline Pipeline[ Id: e5a27023-b46a-4adb-9cab-b83e8685fe49, Nodes: 00cb801d-97e1-4292-a478-3bdac0cd726d{ip: 192.168.69.102, host: pr-hdds-1783-trunk-gtrxg-786569963, networkLocation: /default-rack, certSerialId: null}00cf7d40-ac63-4acb-9b30-bd0829021504{ip: 192.168.69.102, host: pr-hdds-1783-trunk-gtrxg-786569963, networkLocation: /default-rack, certSerialId: null}adfa36b7-498a-4b65-9252-7ca31df0730f{ip: 192.168.69.102, host: pr-hdds-1783-trunk-gtrxg-786569963, networkLocation: /default-rack, certSerialId: null}, Type:RATIS, Factor:THREE, State:OPEN]
2019-08-28 19:03:54,796 [main] INFO  ozone.MiniOzoneClusterImpl (MiniOzoneClusterImpl.java:lambda$waitForClusterToBeReady$0(142)) - Waiting for cluster to be ready. Got 3 of 7 DN Heartbeats.
2019-08-28 19:03:54,834 [IPC Server handler 16 on 35556] INFO  net.NetworkTopology (NetworkTopologyImpl.java:add(110)) - Added a new node: /default-rack/e1b50e67-c8fe-477b-ba6a-852460aa374a
2019-08-28 19:03:54,834 [IPC Server handler 16 on 35556] INFO  node.SCMNodeManager (SCMNodeManager.java:register(273)) - Registered Data node : e1b50e67-c8fe-477b-ba6a-852460aa374a{ip: 192.168.69.102, host: pr-hdds-1783-trunk-gtrxg-786569963, networkLocation: /default-rack, certSerialId: null}
2019-08-28 19:03:54,834 | INFO  | SCMAudit | user=jenkins1000 | ip=192.168.69.102 | op=REGISTER {datanodeDetails=e1b50e67-c8fe-477b-ba6a-852460aa374a{ip: 192.168.69.102, host: pr-hdds-1783-trunk-gtrxg-786569963, networkLocation: /default-rack, certSerialId: null}} | ret=SUCCESS |  
2019-08-28 19:03:54,842 [grpc-default-executor-6] INFO  impl.RaftServerProxy (RaftServerProxy.java:addNew(89)) - e1b50e67-c8fe-477b-ba6a-852460aa374a: addNew group-A23D97187071:[e1b50e67-c8fe-477b-ba6a-852460aa374a:192.168.69.102:34045] returns group-A23D97187071:java.util.concurrent.CompletableFuture@62747fc2[Not completed]
2019-08-28 19:03:54,844 [pool-666-thread-1] INFO  impl.RaftServerImpl (RaftServerImpl.java:<init>(93)) - e1b50e67-c8fe-477b-ba6a-852460aa374a: new RaftServerImpl for group-A23D97187071:[e1b50e67-c8fe-477b-ba6a-852460aa374a:192.168.69.102:34045] with ContainerStateMachine:uninitialized
2019-08-28 19:03:54,844 [pool-666-thread-1] INFO  server.RaftServerConfigKeys (ConfUtils.java:logGet(43)) - raft.server.rpc.timeout.min = 5s (custom)
2019-08-28 19:03:54,844 [pool-666-thread-1] INFO  server.RaftServerConfigKeys (ConfUtils.java:logGet(43)) - raft.server.rpc.timeout.max = 5200ms (custom)
2019-08-28 19:03:54,844 [pool-666-thread-1] INFO  server.RaftServerConfigKeys (ConfUtils.java:logGet(43)) - raft.server.rpcslowness.timeout = 120s (custom)
2019-08-28 19:03:54,844 [pool-666-thread-1] INFO  server.RaftServerConfigKeys (ConfUtils.java:logGet(43)) - raft.server.sleep.deviation.threshold = 300 (default)
2019-08-28 19:03:54,844 [pool-666-thread-1] INFO  server.RaftServerConfigKeys (ConfUtils.java:logGet(43)) - raft.server.log.appender.install.snapshot.enabled = false (custom)
2019-08-28 19:03:54,844 [pool-666-thread-1] INFO  impl.RaftServerImpl (ServerState.java:<init>(105)) - e1b50e67-c8fe-477b-ba6a-852460aa374a:group-A23D97187071 ConfigurationManager, init=-1: [e1b50e67-c8fe-477b-ba6a-852460aa374a:192.168.69.102:34045], old=null, confs=<EMPTY_MAP>
2019-08-28 19:03:54,845 [pool-666-thread-1] INFO  server.RaftServerConfigKeys (ConfUtils.java:logGet(43)) - raft.server.storage.dir = [/workdir/hadoop-ozone/integration-test/target/test-dir/MiniOzoneClusterImpl-707007af-a3e3-45d7-ab83-09aed58cd643/datanode-3/data/ratis] (custom)
2019-08-28 19:03:54,845 [pool-666-thread-1] INFO  storage.RaftStorageDirectory (RaftStorageDirectory.java:analyzeStorage(246)) - The storage directory /workdir/hadoop-ozone/integration-test/target/test-dir/MiniOzoneClusterImpl-707007af-a3e3-45d7-ab83-09aed58cd643/datanode-3/data/ratis/34808f99-421c-4589-b57f-a23d97187071 does not exist. Creating ...
2019-08-28 19:03:54,859 [pool-666-thread-1] INFO  storage.RaftStorageDirectory (RaftStorageDirectory.java:tryLock(328)) - Lock on /workdir/hadoop-ozone/integration-test/target/test-dir/MiniOzoneClusterImpl-707007af-a3e3-45d7-ab83-09aed58cd643/datanode-3/data/ratis/34808f99-421c-4589-b57f-a23d97187071/in_use.lock acquired by nodename 16648@pr-hdds-1783-trunk-gtrxg-786569963
2019-08-28 19:03:54,872 [pool-666-thread-1] INFO  storage.RaftStorage (RaftStorage.java:format(72)) - Storage directory /workdir/hadoop-ozone/integration-test/target/test-dir/MiniOzoneClusterImpl-707007af-a3e3-45d7-ab83-09aed58cd643/datanode-3/data/ratis/34808f99-421c-4589-b57f-a23d97187071 has been successfully formatted.
2019-08-28 19:03:54,872 [pool-666-thread-1] INFO  ratis.ContainerStateMachine (ContainerStateMachine.java:loadSnapshot(226)) - group-A23D97187071: The snapshot info is null. Setting the last applied indexto:(t:0, i:~)
2019-08-28 19:03:54,872 [pool-666-thread-1] INFO  server.RaftServerConfigKeys (ConfUtils.java:logGet(43)) - raft.server.leader.election.timeout = 120s (custom)
2019-08-28 19:03:54,873 [pool-666-thread-1] INFO  server.RaftServerConfigKeys (ConfUtils.java:logGet(43)) - raft.server.log.use.memory = false (default)
2019-08-28 19:03:54,873 [pool-666-thread-1] INFO  server.RaftServerConfigKeys (ConfUtils.java:logGet(43)) - raft.server.log.purge.gap = 1000000 (custom)
2019-08-28 19:03:54,873 [pool-666-thread-1] INFO  server.RaftServerConfigKeys (ConfUtils.java:logGet(43)) - raft.server.log.appender.buffer.byte-limit = 33554432 (custom)
2019-08-28 19:03:54,873 [pool-666-thread-1] INFO  server.RaftServerConfigKeys (ConfUtils.java:logGet(43)) - raft.server.log.segment.size.max = 1048576 (custom)
2019-08-28 19:03:54,873 [pool-666-thread-1] INFO  server.RaftServerConfigKeys (ConfUtils.java:logGet(43)) - raft.server.log.segment.cache.num.max = 2 (custom)
2019-08-28 19:03:54,873 [pool-666-thread-1] INFO  segmented.SegmentedRaftLogWorker (SegmentedRaftLogWorker.java:<init>(172)) - new e1b50e67-c8fe-477b-ba6a-852460aa374a-SegmentedRaftLogWorker:Storage Directory /workdir/hadoop-ozone/integration-test/target/test-dir/MiniOzoneClusterImpl-707007af-a3e3-45d7-ab83-09aed58cd643/datanode-3/data/ratis/34808f99-421c-4589-b57f-a23d97187071 for RaftStorage:Storage Directory /workdir/hadoop-ozone/integration-test/target/test-dir/MiniOzoneClusterImpl-707007af-a3e3-45d7-ab83-09aed58cd643/datanode-3/data/ratis/34808f99-421c-4589-b57f-a23d97187071
2019-08-28 19:03:54,873 [pool-666-thread-1] INFO  server.RaftServerConfigKeys (ConfUtils.java:logGet(43)) - raft.server.log.queue.byte-limit = 2147483647 (custom)
2019-08-28 19:03:54,874 [pool-666-thread-1] INFO  server.RaftServerConfigKeys (ConfUtils.java:logGet(43)) - raft.server.log.queue.element-limit = 1024 (custom)
2019-08-28 19:03:54,874 [pool-666-thread-1] INFO  server.RaftServerConfigKeys (ConfUtils.java:logGet(43)) - raft.server.log.segment.size.max = 1048576 (custom)
2019-08-28 19:03:54,874 [pool-666-thread-1] INFO  server.RaftServerConfigKeys (ConfUtils.java:logGet(43)) - raft.server.log.preallocated.size = 16384 (custom)
2019-08-28 19:03:54,874 [pool-666-thread-1] INFO  server.RaftServerConfigKeys (ConfUtils.java:logGet(43)) - raft.server.log.write.buffer.size = 33554432 (custom)
2019-08-28 19:03:54,874 [pool-666-thread-1] INFO  server.RaftServerConfigKeys (ConfUtils.java:logGet(43)) - raft.server.log.force.sync.num = 128 (default)
2019-08-28 19:03:54,874 [pool-666-thread-1] INFO  server.RaftServerConfigKeys (ConfUtils.java:logGet(43)) - raft.server.log.statemachine.data.sync = true (default)
2019-08-28 19:03:54,875 [pool-666-thread-1] INFO  server.RaftServerConfigKeys (ConfUtils.java:logGet(43)) - raft.server.log.statemachine.data.sync.timeout = 10s (default)
2019-08-28 19:03:54,875 [pool-666-thread-1] INFO  server.RaftServerConfigKeys (ConfUtils.java:logGet(43)) - raft.server.log.statemachine.data.sync.timeout.retry = -1 (default)
2019-08-28 19:03:54,875 [pool-666-thread-1] INFO  server.RaftServerConfigKeys (ConfUtils.java:logGet(43)) - raft.server.log.statemachine.data.caching.enabled = true (custom)
2019-08-28 19:03:54,875 [pool-666-thread-1] INFO  segmented.SegmentedRaftLogWorker (SegmentedRaftLogWorker.java:lambda$new$0(132)) - e1b50e67-c8fe-477b-ba6a-852460aa374a-SegmentedRaftLogWorker:Storage Directory /workdir/hadoop-ozone/integration-test/target/test-dir/MiniOzoneClusterImpl-707007af-a3e3-45d7-ab83-09aed58cd643/datanode-3/data/ratis/34808f99-421c-4589-b57f-a23d97187071: flushIndex: setUnconditionally 0 -> -1
2019-08-28 19:03:54,876 [pool-666-thread-1] INFO  server.RaftServerConfigKeys (ConfUtils.java:logGet(43)) - raft.server.snapshot.auto.trigger.enabled = true (custom)
2019-08-28 19:03:54,876 [pool-666-thread-1] INFO  server.RaftServerConfigKeys (ConfUtils.java:logGet(43)) - raft.server.snapshot.auto.trigger.threshold = 10000 (custom)
2019-08-28 19:03:54,876 [pool-666-thread-1] INFO  server.RaftServerConfigKeys (ConfUtils.java:logGet(43)) - raft.server.retrycache.expirytime = 600000ms (custom)
2019-08-28 19:03:54,876 [pool-666-thread-1] INFO  impl.RaftServerImpl (RaftServerImpl.java:start(180)) - e1b50e67-c8fe-477b-ba6a-852460aa374a: start group-A23D97187071
2019-08-28 19:03:54,876 [pool-666-thread-1] INFO  impl.RaftServerImpl (RaftServerImpl.java:setRole(171)) - e1b50e67-c8fe-477b-ba6a-852460aa374a:group-A23D97187071 changes role from null to FOLLOWER at term 0 for startAsFollower
2019-08-28 19:03:54,876 [pool-666-thread-1] INFO  impl.RoleInfo (RoleInfo.java:updateAndGet(143)) - e1b50e67-c8fe-477b-ba6a-852460aa374a: start FollowerState
2019-08-28 19:03:54,889 [pool-666-thread-1] INFO  util.JmxRegister (JmxRegister.java:tryRegister(44)) - Successfully registered JMX Bean with object name Ratis:service=RaftServer,group=group-A23D97187071,id=e1b50e67-c8fe-477b-ba6a-852460aa374a
2019-08-28 19:03:54,900 [RatisPipelineUtilsThread] INFO  pipeline.PipelineStateManager (PipelineStateManager.java:addPipeline(56)) - Created pipeline Pipeline[ Id: 34808f99-421c-4589-b57f-a23d97187071, Nodes: e1b50e67-c8fe-477b-ba6a-852460aa374a{ip: 192.168.69.102, host: pr-hdds-1783-trunk-gtrxg-786569963, networkLocation: /default-rack, certSerialId: null}, Type:RATIS, Factor:ONE, State:OPEN]
2019-08-28 19:03:55,405 [IPC Server handler 3 on 35556] INFO  net.NetworkTopology (NetworkTopologyImpl.java:add(110)) - Added a new node: /default-rack/ce6b780e-8dc8-43df-9fdb-a1ffb55c35f1
2019-08-28 19:03:55,405 [IPC Server handler 3 on 35556] INFO  node.SCMNodeManager (SCMNodeManager.java:register(273)) - Registered Data node : ce6b780e-8dc8-43df-9fdb-a1ffb55c35f1{ip: 192.168.69.102, host: pr-hdds-1783-trunk-gtrxg-786569963, networkLocation: /default-rack, certSerialId: null}
2019-08-28 19:03:55,406 | INFO  | SCMAudit | user=jenkins1000 | ip=192.168.69.102 | op=REGISTER {datanodeDetails=ce6b780e-8dc8-43df-9fdb-a1ffb55c35f1{ip: 192.168.69.102, host: pr-hdds-1783-trunk-gtrxg-786569963, networkLocation: /default-rack, certSerialId: null}} | ret=SUCCESS |  
2019-08-28 19:03:55,415 [grpc-default-executor-6] INFO  impl.RaftServerProxy (RaftServerProxy.java:addNew(89)) - ce6b780e-8dc8-43df-9fdb-a1ffb55c35f1: addNew group-4264FDCDC708:[ce6b780e-8dc8-43df-9fdb-a1ffb55c35f1:192.168.69.102:37617] returns group-4264FDCDC708:java.util.concurrent.CompletableFuture@724ce335[Not completed]
2019-08-28 19:03:55,416 [pool-677-thread-1] INFO  impl.RaftServerImpl (RaftServerImpl.java:<init>(93)) - ce6b780e-8dc8-43df-9fdb-a1ffb55c35f1: new RaftServerImpl for group-4264FDCDC708:[ce6b780e-8dc8-43df-9fdb-a1ffb55c35f1:192.168.69.102:37617] with ContainerStateMachine:uninitialized
2019-08-28 19:03:55,416 [pool-677-thread-1] INFO  server.RaftServerConfigKeys (ConfUtils.java:logGet(43)) - raft.server.rpc.timeout.min = 5s (custom)
2019-08-28 19:03:55,416 [pool-677-thread-1] INFO  server.RaftServerConfigKeys (ConfUtils.java:logGet(43)) - raft.server.rpc.timeout.max = 5200ms (custom)
2019-08-28 19:03:55,416 [pool-677-thread-1] INFO  server.RaftServerConfigKeys (ConfUtils.java:logGet(43)) - raft.server.rpcslowness.timeout = 120s (custom)
2019-08-28 19:03:55,417 [pool-677-thread-1] INFO  server.RaftServerConfigKeys (ConfUtils.java:logGet(43)) - raft.server.sleep.deviation.threshold = 300 (default)
2019-08-28 19:03:55,417 [pool-677-thread-1] INFO  server.RaftServerConfigKeys (ConfUtils.java:logGet(43)) - raft.server.log.appender.install.snapshot.enabled = false (custom)
2019-08-28 19:03:55,417 [pool-677-thread-1] INFO  impl.RaftServerImpl (ServerState.java:<init>(105)) - ce6b780e-8dc8-43df-9fdb-a1ffb55c35f1:group-4264FDCDC708 ConfigurationManager, init=-1: [ce6b780e-8dc8-43df-9fdb-a1ffb55c35f1:192.168.69.102:37617], old=null, confs=<EMPTY_MAP>
2019-08-28 19:03:55,417 [pool-677-thread-1] INFO  server.RaftServerConfigKeys (ConfUtils.java:logGet(43)) - raft.server.storage.dir = [/workdir/hadoop-ozone/integration-test/target/test-dir/MiniOzoneClusterImpl-707007af-a3e3-45d7-ab83-09aed58cd643/datanode-4/data/ratis] (custom)
2019-08-28 19:03:55,418 [pool-677-thread-1] INFO  storage.RaftStorageDirectory (RaftStorageDirectory.java:analyzeStorage(246)) - The storage directory /workdir/hadoop-ozone/integration-test/target/test-dir/MiniOzoneClusterImpl-707007af-a3e3-45d7-ab83-09aed58cd643/datanode-4/data/ratis/76946571-37d5-4b93-b909-4264fdcdc708 does not exist. Creating ...
2019-08-28 19:03:55,443 [pool-677-thread-1] INFO  storage.RaftStorageDirectory (RaftStorageDirectory.java:tryLock(328)) - Lock on /workdir/hadoop-ozone/integration-test/target/test-dir/MiniOzoneClusterImpl-707007af-a3e3-45d7-ab83-09aed58cd643/datanode-4/data/ratis/76946571-37d5-4b93-b909-4264fdcdc708/in_use.lock acquired by nodename 16648@pr-hdds-1783-trunk-gtrxg-786569963
2019-08-28 19:03:55,474 [pool-677-thread-1] INFO  storage.RaftStorage (RaftStorage.java:format(72)) - Storage directory /workdir/hadoop-ozone/integration-test/target/test-dir/MiniOzoneClusterImpl-707007af-a3e3-45d7-ab83-09aed58cd643/datanode-4/data/ratis/76946571-37d5-4b93-b909-4264fdcdc708 has been successfully formatted.
2019-08-28 19:03:55,475 [pool-677-thread-1] INFO  ratis.ContainerStateMachine (ContainerStateMachine.java:loadSnapshot(226)) - group-4264FDCDC708: The snapshot info is null. Setting the last applied indexto:(t:0, i:~)
2019-08-28 19:03:55,475 [pool-677-thread-1] INFO  server.RaftServerConfigKeys (ConfUtils.java:logGet(43)) - raft.server.leader.election.timeout = 120s (custom)
2019-08-28 19:03:55,475 [pool-677-thread-1] INFO  server.RaftServerConfigKeys (ConfUtils.java:logGet(43)) - raft.server.log.use.memory = false (default)
2019-08-28 19:03:55,475 [pool-677-thread-1] INFO  server.RaftServerConfigKeys (ConfUtils.java:logGet(43)) - raft.server.log.purge.gap = 1000000 (custom)
2019-08-28 19:03:55,475 [pool-677-thread-1] INFO  server.RaftServerConfigKeys (ConfUtils.java:logGet(43)) - raft.server.log.appender.buffer.byte-limit = 33554432 (custom)
2019-08-28 19:03:55,475 [pool-677-thread-1] INFO  server.RaftServerConfigKeys (ConfUtils.java:logGet(43)) - raft.server.log.segment.size.max = 1048576 (custom)
2019-08-28 19:03:55,476 [pool-677-thread-1] INFO  server.RaftServerConfigKeys (ConfUtils.java:logGet(43)) - raft.server.log.segment.cache.num.max = 2 (custom)
2019-08-28 19:03:55,476 [pool-677-thread-1] INFO  segmented.SegmentedRaftLogWorker (SegmentedRaftLogWorker.java:<init>(172)) - new ce6b780e-8dc8-43df-9fdb-a1ffb55c35f1-SegmentedRaftLogWorker:Storage Directory /workdir/hadoop-ozone/integration-test/target/test-dir/MiniOzoneClusterImpl-707007af-a3e3-45d7-ab83-09aed58cd643/datanode-4/data/ratis/76946571-37d5-4b93-b909-4264fdcdc708 for RaftStorage:Storage Directory /workdir/hadoop-ozone/integration-test/target/test-dir/MiniOzoneClusterImpl-707007af-a3e3-45d7-ab83-09aed58cd643/datanode-4/data/ratis/76946571-37d5-4b93-b909-4264fdcdc708
2019-08-28 19:03:55,476 [pool-677-thread-1] INFO  server.RaftServerConfigKeys (ConfUtils.java:logGet(43)) - raft.server.log.queue.byte-limit = 2147483647 (custom)
2019-08-28 19:03:55,476 [pool-677-thread-1] INFO  server.RaftServerConfigKeys (ConfUtils.java:logGet(43)) - raft.server.log.queue.element-limit = 1024 (custom)
2019-08-28 19:03:55,477 [pool-677-thread-1] INFO  server.RaftServerConfigKeys (ConfUtils.java:logGet(43)) - raft.server.log.segment.size.max = 1048576 (custom)
2019-08-28 19:03:55,477 [pool-677-thread-1] INFO  server.RaftServerConfigKeys (ConfUtils.java:logGet(43)) - raft.server.log.preallocated.size = 16384 (custom)
2019-08-28 19:03:55,477 [pool-677-thread-1] INFO  server.RaftServerConfigKeys (ConfUtils.java:logGet(43)) - raft.server.log.write.buffer.size = 33554432 (custom)
2019-08-28 19:03:55,477 [pool-677-thread-1] INFO  server.RaftServerConfigKeys (ConfUtils.java:logGet(43)) - raft.server.log.force.sync.num = 128 (default)
2019-08-28 19:03:55,478 [pool-677-thread-1] INFO  server.RaftServerConfigKeys (ConfUtils.java:logGet(43)) - raft.server.log.statemachine.data.sync = true (default)
2019-08-28 19:03:55,478 [pool-677-thread-1] INFO  server.RaftServerConfigKeys (ConfUtils.java:logGet(43)) - raft.server.log.statemachine.data.sync.timeout = 10s (default)
2019-08-28 19:03:55,478 [pool-677-thread-1] INFO  server.RaftServerConfigKeys (ConfUtils.java:logGet(43)) - raft.server.log.statemachine.data.sync.timeout.retry = -1 (default)
2019-08-28 19:03:55,478 [pool-677-thread-1] INFO  server.RaftServerConfigKeys (ConfUtils.java:logGet(43)) - raft.server.log.statemachine.data.caching.enabled = true (custom)
2019-08-28 19:03:55,479 [pool-677-thread-1] INFO  segmented.SegmentedRaftLogWorker (SegmentedRaftLogWorker.java:lambda$new$0(132)) - ce6b780e-8dc8-43df-9fdb-a1ffb55c35f1-SegmentedRaftLogWorker:Storage Directory /workdir/hadoop-ozone/integration-test/target/test-dir/MiniOzoneClusterImpl-707007af-a3e3-45d7-ab83-09aed58cd643/datanode-4/data/ratis/76946571-37d5-4b93-b909-4264fdcdc708: flushIndex: setUnconditionally 0 -> -1
2019-08-28 19:03:55,479 [pool-677-thread-1] INFO  server.RaftServerConfigKeys (ConfUtils.java:logGet(43)) - raft.server.snapshot.auto.trigger.enabled = true (custom)
2019-08-28 19:03:55,479 [pool-677-thread-1] INFO  server.RaftServerConfigKeys (ConfUtils.java:logGet(43)) - raft.server.snapshot.auto.trigger.threshold = 10000 (custom)
2019-08-28 19:03:55,479 [pool-677-thread-1] INFO  server.RaftServerConfigKeys (ConfUtils.java:logGet(43)) - raft.server.retrycache.expirytime = 600000ms (custom)
2019-08-28 19:03:55,479 [pool-677-thread-1] INFO  impl.RaftServerImpl (RaftServerImpl.java:start(180)) - ce6b780e-8dc8-43df-9fdb-a1ffb55c35f1: start group-4264FDCDC708
2019-08-28 19:03:55,480 [pool-677-thread-1] INFO  impl.RaftServerImpl (RaftServerImpl.java:setRole(171)) - ce6b780e-8dc8-43df-9fdb-a1ffb55c35f1:group-4264FDCDC708 changes role from null to FOLLOWER at term 0 for startAsFollower
2019-08-28 19:03:55,480 [pool-677-thread-1] INFO  impl.RoleInfo (RoleInfo.java:updateAndGet(143)) - ce6b780e-8dc8-43df-9fdb-a1ffb55c35f1: start FollowerState
2019-08-28 19:03:55,480 [pool-677-thread-1] INFO  util.JmxRegister (JmxRegister.java:tryRegister(44)) - Successfully registered JMX Bean with object name Ratis:service=RaftServer,group=group-4264FDCDC708,id=ce6b780e-8dc8-43df-9fdb-a1ffb55c35f1
2019-08-28 19:03:55,482 [RatisPipelineUtilsThread] INFO  pipeline.PipelineStateManager (PipelineStateManager.java:addPipeline(56)) - Created pipeline Pipeline[ Id: 76946571-37d5-4b93-b909-4264fdcdc708, Nodes: ce6b780e-8dc8-43df-9fdb-a1ffb55c35f1{ip: 192.168.69.102, host: pr-hdds-1783-trunk-gtrxg-786569963, networkLocation: /default-rack, certSerialId: null}, Type:RATIS, Factor:ONE, State:OPEN]
2019-08-28 19:03:55,608 [IPC Server handler 15 on 35556] INFO  net.NetworkTopology (NetworkTopologyImpl.java:add(110)) - Added a new node: /default-rack/04b92ac3-39b2-406b-bc61-5570adcbc657
2019-08-28 19:03:55,608 [IPC Server handler 15 on 35556] INFO  node.SCMNodeManager (SCMNodeManager.java:register(273)) - Registered Data node : 04b92ac3-39b2-406b-bc61-5570adcbc657{ip: 192.168.69.102, host: pr-hdds-1783-trunk-gtrxg-786569963, networkLocation: /default-rack, certSerialId: null}
2019-08-28 19:03:55,612 | INFO  | SCMAudit | user=jenkins1000 | ip=192.168.69.102 | op=REGISTER {datanodeDetails=04b92ac3-39b2-406b-bc61-5570adcbc657{ip: 192.168.69.102, host: pr-hdds-1783-trunk-gtrxg-786569963, networkLocation: /default-rack, certSerialId: null}} | ret=SUCCESS |  
2019-08-28 19:03:55,617 [grpc-default-executor-6] INFO  impl.RaftServerProxy (RaftServerProxy.java:addNew(89)) - 04b92ac3-39b2-406b-bc61-5570adcbc657: addNew group-378813D75BA4:[04b92ac3-39b2-406b-bc61-5570adcbc657:192.168.69.102:34882] returns group-378813D75BA4:java.util.concurrent.CompletableFuture@9946079[Not completed]
2019-08-28 19:03:55,618 [pool-688-thread-1] INFO  impl.RaftServerImpl (RaftServerImpl.java:<init>(93)) - 04b92ac3-39b2-406b-bc61-5570adcbc657: new RaftServerImpl for group-378813D75BA4:[04b92ac3-39b2-406b-bc61-5570adcbc657:192.168.69.102:34882] with ContainerStateMachine:uninitialized
2019-08-28 19:03:55,618 [pool-688-thread-1] INFO  server.RaftServerConfigKeys (ConfUtils.java:logGet(43)) - raft.server.rpc.timeout.min = 5s (custom)
2019-08-28 19:03:55,618 [pool-688-thread-1] INFO  server.RaftServerConfigKeys (ConfUtils.java:logGet(43)) - raft.server.rpc.timeout.max = 5200ms (custom)
2019-08-28 19:03:55,618 [pool-688-thread-1] INFO  server.RaftServerConfigKeys (ConfUtils.java:logGet(43)) - raft.server.rpcslowness.timeout = 120s (custom)
2019-08-28 19:03:55,619 [pool-688-thread-1] INFO  server.RaftServerConfigKeys (ConfUtils.java:logGet(43)) - raft.server.sleep.deviation.threshold = 300 (default)
2019-08-28 19:03:55,619 [pool-688-thread-1] INFO  server.RaftServerConfigKeys (ConfUtils.java:logGet(43)) - raft.server.log.appender.install.snapshot.enabled = false (custom)
2019-08-28 19:03:55,619 [pool-688-thread-1] INFO  impl.RaftServerImpl (ServerState.java:<init>(105)) - 04b92ac3-39b2-406b-bc61-5570adcbc657:group-378813D75BA4 ConfigurationManager, init=-1: [04b92ac3-39b2-406b-bc61-5570adcbc657:192.168.69.102:34882], old=null, confs=<EMPTY_MAP>
2019-08-28 19:03:55,619 [pool-688-thread-1] INFO  server.RaftServerConfigKeys (ConfUtils.java:logGet(43)) - raft.server.storage.dir = [/workdir/hadoop-ozone/integration-test/target/test-dir/MiniOzoneClusterImpl-707007af-a3e3-45d7-ab83-09aed58cd643/datanode-5/data/ratis] (custom)
2019-08-28 19:03:55,619 [pool-688-thread-1] INFO  storage.RaftStorageDirectory (RaftStorageDirectory.java:analyzeStorage(246)) - The storage directory /workdir/hadoop-ozone/integration-test/target/test-dir/MiniOzoneClusterImpl-707007af-a3e3-45d7-ab83-09aed58cd643/datanode-5/data/ratis/69962094-239f-43af-b875-378813d75ba4 does not exist. Creating ...
2019-08-28 19:03:55,655 [pool-688-thread-1] INFO  storage.RaftStorageDirectory (RaftStorageDirectory.java:tryLock(328)) - Lock on /workdir/hadoop-ozone/integration-test/target/test-dir/MiniOzoneClusterImpl-707007af-a3e3-45d7-ab83-09aed58cd643/datanode-5/data/ratis/69962094-239f-43af-b875-378813d75ba4/in_use.lock acquired by nodename 16648@pr-hdds-1783-trunk-gtrxg-786569963
2019-08-28 19:03:55,672 [pool-688-thread-1] INFO  storage.RaftStorage (RaftStorage.java:format(72)) - Storage directory /workdir/hadoop-ozone/integration-test/target/test-dir/MiniOzoneClusterImpl-707007af-a3e3-45d7-ab83-09aed58cd643/datanode-5/data/ratis/69962094-239f-43af-b875-378813d75ba4 has been successfully formatted.
2019-08-28 19:03:55,672 [pool-688-thread-1] INFO  ratis.ContainerStateMachine (ContainerStateMachine.java:loadSnapshot(226)) - group-378813D75BA4: The snapshot info is null. Setting the last applied indexto:(t:0, i:~)
2019-08-28 19:03:55,672 [pool-688-thread-1] INFO  server.RaftServerConfigKeys (ConfUtils.java:logGet(43)) - raft.server.leader.election.timeout = 120s (custom)
2019-08-28 19:03:55,672 [pool-688-thread-1] INFO  server.RaftServerConfigKeys (ConfUtils.java:logGet(43)) - raft.server.log.use.memory = false (default)
2019-08-28 19:03:55,672 [pool-688-thread-1] INFO  server.RaftServerConfigKeys (ConfUtils.java:logGet(43)) - raft.server.log.purge.gap = 1000000 (custom)
2019-08-28 19:03:55,672 [pool-688-thread-1] INFO  server.RaftServerConfigKeys (ConfUtils.java:logGet(43)) - raft.server.log.appender.buffer.byte-limit = 33554432 (custom)
2019-08-28 19:03:55,672 [pool-688-thread-1] INFO  server.RaftServerConfigKeys (ConfUtils.java:logGet(43)) - raft.server.log.segment.size.max = 1048576 (custom)
2019-08-28 19:03:55,672 [pool-688-thread-1] INFO  server.RaftServerConfigKeys (ConfUtils.java:logGet(43)) - raft.server.log.segment.cache.num.max = 2 (custom)
2019-08-28 19:03:55,673 [pool-688-thread-1] INFO  segmented.SegmentedRaftLogWorker (SegmentedRaftLogWorker.java:<init>(172)) - new 04b92ac3-39b2-406b-bc61-5570adcbc657-SegmentedRaftLogWorker:Storage Directory /workdir/hadoop-ozone/integration-test/target/test-dir/MiniOzoneClusterImpl-707007af-a3e3-45d7-ab83-09aed58cd643/datanode-5/data/ratis/69962094-239f-43af-b875-378813d75ba4 for RaftStorage:Storage Directory /workdir/hadoop-ozone/integration-test/target/test-dir/MiniOzoneClusterImpl-707007af-a3e3-45d7-ab83-09aed58cd643/datanode-5/data/ratis/69962094-239f-43af-b875-378813d75ba4
2019-08-28 19:03:55,673 [pool-688-thread-1] INFO  server.RaftServerConfigKeys (ConfUtils.java:logGet(43)) - raft.server.log.queue.byte-limit = 2147483647 (custom)
2019-08-28 19:03:55,673 [pool-688-thread-1] INFO  server.RaftServerConfigKeys (ConfUtils.java:logGet(43)) - raft.server.log.queue.element-limit = 1024 (custom)
2019-08-28 19:03:55,673 [pool-688-thread-1] INFO  server.RaftServerConfigKeys (ConfUtils.java:logGet(43)) - raft.server.log.segment.size.max = 1048576 (custom)
2019-08-28 19:03:55,673 [pool-688-thread-1] INFO  server.RaftServerConfigKeys (ConfUtils.java:logGet(43)) - raft.server.log.preallocated.size = 16384 (custom)
2019-08-28 19:03:55,673 [pool-688-thread-1] INFO  server.RaftServerConfigKeys (ConfUtils.java:logGet(43)) - raft.server.log.write.buffer.size = 33554432 (custom)
2019-08-28 19:03:55,673 [pool-688-thread-1] INFO  server.RaftServerConfigKeys (ConfUtils.java:logGet(43)) - raft.server.log.force.sync.num = 128 (default)
2019-08-28 19:03:55,673 [pool-688-thread-1] INFO  server.RaftServerConfigKeys (ConfUtils.java:logGet(43)) - raft.server.log.statemachine.data.sync = true (default)
2019-08-28 19:03:55,673 [pool-688-thread-1] INFO  server.RaftServerConfigKeys (ConfUtils.java:logGet(43)) - raft.server.log.statemachine.data.sync.timeout = 10s (default)
2019-08-28 19:03:55,674 [pool-688-thread-1] INFO  server.RaftServerConfigKeys (ConfUtils.java:logGet(43)) - raft.server.log.statemachine.data.sync.timeout.retry = -1 (default)
2019-08-28 19:03:55,674 [pool-688-thread-1] INFO  server.RaftServerConfigKeys (ConfUtils.java:logGet(43)) - raft.server.log.statemachine.data.caching.enabled = true (custom)
2019-08-28 19:03:55,674 [pool-688-thread-1] INFO  segmented.SegmentedRaftLogWorker (SegmentedRaftLogWorker.java:lambda$new$0(132)) - 04b92ac3-39b2-406b-bc61-5570adcbc657-SegmentedRaftLogWorker:Storage Directory /workdir/hadoop-ozone/integration-test/target/test-dir/MiniOzoneClusterImpl-707007af-a3e3-45d7-ab83-09aed58cd643/datanode-5/data/ratis/69962094-239f-43af-b875-378813d75ba4: flushIndex: setUnconditionally 0 -> -1
2019-08-28 19:03:55,674 [pool-688-thread-1] INFO  server.RaftServerConfigKeys (ConfUtils.java:logGet(43)) - raft.server.snapshot.auto.trigger.enabled = true (custom)
2019-08-28 19:03:55,674 [pool-688-thread-1] INFO  server.RaftServerConfigKeys (ConfUtils.java:logGet(43)) - raft.server.snapshot.auto.trigger.threshold = 10000 (custom)
2019-08-28 19:03:55,674 [pool-688-thread-1] INFO  server.RaftServerConfigKeys (ConfUtils.java:logGet(43)) - raft.server.retrycache.expirytime = 600000ms (custom)
2019-08-28 19:03:55,674 [pool-688-thread-1] INFO  impl.RaftServerImpl (RaftServerImpl.java:start(180)) - 04b92ac3-39b2-406b-bc61-5570adcbc657: start group-378813D75BA4
2019-08-28 19:03:55,675 [pool-688-thread-1] INFO  impl.RaftServerImpl (RaftServerImpl.java:setRole(171)) - 04b92ac3-39b2-406b-bc61-5570adcbc657:group-378813D75BA4 changes role from null to FOLLOWER at term 0 for startAsFollower
2019-08-28 19:03:55,675 [pool-688-thread-1] INFO  impl.RoleInfo (RoleInfo.java:updateAndGet(143)) - 04b92ac3-39b2-406b-bc61-5570adcbc657: start FollowerState
2019-08-28 19:03:55,675 [pool-688-thread-1] INFO  util.JmxRegister (JmxRegister.java:tryRegister(44)) - Successfully registered JMX Bean with object name Ratis:service=RaftServer,group=group-378813D75BA4,id=04b92ac3-39b2-406b-bc61-5570adcbc657
2019-08-28 19:03:55,677 [RatisPipelineUtilsThread] INFO  pipeline.PipelineStateManager (PipelineStateManager.java:addPipeline(56)) - Created pipeline Pipeline[ Id: 69962094-239f-43af-b875-378813d75ba4, Nodes: 04b92ac3-39b2-406b-bc61-5570adcbc657{ip: 192.168.69.102, host: pr-hdds-1783-trunk-gtrxg-786569963, networkLocation: /default-rack, certSerialId: null}, Type:RATIS, Factor:ONE, State:OPEN]
2019-08-28 19:03:55,684 [grpc-default-executor-4] INFO  impl.RaftServerProxy (RaftServerProxy.java:addNew(89)) - e1b50e67-c8fe-477b-ba6a-852460aa374a: addNew group-E23FA03F1A8D:[e1b50e67-c8fe-477b-ba6a-852460aa374a:192.168.69.102:34045, 04b92ac3-39b2-406b-bc61-5570adcbc657:192.168.69.102:34882, ce6b780e-8dc8-43df-9fdb-a1ffb55c35f1:192.168.69.102:37617] returns group-E23FA03F1A8D:java.util.concurrent.CompletableFuture@7b98ea18[Not completed]
2019-08-28 19:03:55,684 [grpc-default-executor-6] INFO  impl.RaftServerProxy (RaftServerProxy.java:addNew(89)) - ce6b780e-8dc8-43df-9fdb-a1ffb55c35f1: addNew group-E23FA03F1A8D:[e1b50e67-c8fe-477b-ba6a-852460aa374a:192.168.69.102:34045, 04b92ac3-39b2-406b-bc61-5570adcbc657:192.168.69.102:34882, ce6b780e-8dc8-43df-9fdb-a1ffb55c35f1:192.168.69.102:37617] returns group-E23FA03F1A8D:java.util.concurrent.CompletableFuture@46385a57[Not completed]
2019-08-28 19:03:55,684 [grpc-default-executor-12] INFO  impl.RaftServerProxy (RaftServerProxy.java:addNew(89)) - 04b92ac3-39b2-406b-bc61-5570adcbc657: addNew group-E23FA03F1A8D:[e1b50e67-c8fe-477b-ba6a-852460aa374a:192.168.69.102:34045, 04b92ac3-39b2-406b-bc61-5570adcbc657:192.168.69.102:34882, ce6b780e-8dc8-43df-9fdb-a1ffb55c35f1:192.168.69.102:37617] returns group-E23FA03F1A8D:java.util.concurrent.CompletableFuture@1818bba1[Not completed]
2019-08-28 19:03:55,685 [pool-688-thread-1] INFO  impl.RaftServerImpl (RaftServerImpl.java:<init>(93)) - 04b92ac3-39b2-406b-bc61-5570adcbc657: new RaftServerImpl for group-E23FA03F1A8D:[e1b50e67-c8fe-477b-ba6a-852460aa374a:192.168.69.102:34045, 04b92ac3-39b2-406b-bc61-5570adcbc657:192.168.69.102:34882, ce6b780e-8dc8-43df-9fdb-a1ffb55c35f1:192.168.69.102:37617] with ContainerStateMachine:uninitialized
2019-08-28 19:03:55,685 [pool-688-thread-1] INFO  server.RaftServerConfigKeys (ConfUtils.java:logGet(43)) - raft.server.rpc.timeout.min = 5s (custom)
2019-08-28 19:03:55,685 [pool-688-thread-1] INFO  server.RaftServerConfigKeys (ConfUtils.java:logGet(43)) - raft.server.rpc.timeout.max = 5200ms (custom)
2019-08-28 19:03:55,685 [pool-688-thread-1] INFO  server.RaftServerConfigKeys (ConfUtils.java:logGet(43)) - raft.server.rpcslowness.timeout = 120s (custom)
2019-08-28 19:03:55,685 [pool-688-thread-1] INFO  server.RaftServerConfigKeys (ConfUtils.java:logGet(43)) - raft.server.sleep.deviation.threshold = 300 (default)
2019-08-28 19:03:55,685 [pool-688-thread-1] INFO  server.RaftServerConfigKeys (ConfUtils.java:logGet(43)) - raft.server.log.appender.install.snapshot.enabled = false (custom)
2019-08-28 19:03:55,685 [pool-688-thread-1] INFO  impl.RaftServerImpl (ServerState.java:<init>(105)) - 04b92ac3-39b2-406b-bc61-5570adcbc657:group-E23FA03F1A8D ConfigurationManager, init=-1: [e1b50e67-c8fe-477b-ba6a-852460aa374a:192.168.69.102:34045, 04b92ac3-39b2-406b-bc61-5570adcbc657:192.168.69.102:34882, ce6b780e-8dc8-43df-9fdb-a1ffb55c35f1:192.168.69.102:37617], old=null, confs=<EMPTY_MAP>
2019-08-28 19:03:55,685 [pool-677-thread-1] INFO  impl.RaftServerImpl (RaftServerImpl.java:<init>(93)) - ce6b780e-8dc8-43df-9fdb-a1ffb55c35f1: new RaftServerImpl for group-E23FA03F1A8D:[e1b50e67-c8fe-477b-ba6a-852460aa374a:192.168.69.102:34045, 04b92ac3-39b2-406b-bc61-5570adcbc657:192.168.69.102:34882, ce6b780e-8dc8-43df-9fdb-a1ffb55c35f1:192.168.69.102:37617] with ContainerStateMachine:uninitialized
2019-08-28 19:03:55,685 [pool-688-thread-1] INFO  server.RaftServerConfigKeys (ConfUtils.java:logGet(43)) - raft.server.storage.dir = [/workdir/hadoop-ozone/integration-test/target/test-dir/MiniOzoneClusterImpl-707007af-a3e3-45d7-ab83-09aed58cd643/datanode-5/data/ratis] (custom)
2019-08-28 19:03:55,686 [pool-677-thread-1] INFO  server.RaftServerConfigKeys (ConfUtils.java:logGet(43)) - raft.server.rpc.timeout.min = 5s (custom)
2019-08-28 19:03:55,686 [pool-677-thread-1] INFO  server.RaftServerConfigKeys (ConfUtils.java:logGet(43)) - raft.server.rpc.timeout.max = 5200ms (custom)
2019-08-28 19:03:55,686 [pool-688-thread-1] INFO  storage.RaftStorageDirectory (RaftStorageDirectory.java:analyzeStorage(246)) - The storage directory /workdir/hadoop-ozone/integration-test/target/test-dir/MiniOzoneClusterImpl-707007af-a3e3-45d7-ab83-09aed58cd643/datanode-5/data/ratis/72f0cf05-7480-4d0d-b557-e23fa03f1a8d does not exist. Creating ...
2019-08-28 19:03:55,686 [pool-666-thread-1] INFO  impl.RaftServerImpl (RaftServerImpl.java:<init>(93)) - e1b50e67-c8fe-477b-ba6a-852460aa374a: new RaftServerImpl for group-E23FA03F1A8D:[e1b50e67-c8fe-477b-ba6a-852460aa374a:192.168.69.102:34045, 04b92ac3-39b2-406b-bc61-5570adcbc657:192.168.69.102:34882, ce6b780e-8dc8-43df-9fdb-a1ffb55c35f1:192.168.69.102:37617] with ContainerStateMachine:uninitialized
2019-08-28 19:03:55,686 [pool-677-thread-1] INFO  server.RaftServerConfigKeys (ConfUtils.java:logGet(43)) - raft.server.rpcslowness.timeout = 120s (custom)
2019-08-28 19:03:55,686 [pool-666-thread-1] INFO  server.RaftServerConfigKeys (ConfUtils.java:logGet(43)) - raft.server.rpc.timeout.min = 5s (custom)
2019-08-28 19:03:55,686 [pool-677-thread-1] INFO  server.RaftServerConfigKeys (ConfUtils.java:logGet(43)) - raft.server.sleep.deviation.threshold = 300 (default)
2019-08-28 19:03:55,686 [pool-666-thread-1] INFO  server.RaftServerConfigKeys (ConfUtils.java:logGet(43)) - raft.server.rpc.timeout.max = 5200ms (custom)
2019-08-28 19:03:55,686 [pool-677-thread-1] INFO  server.RaftServerConfigKeys (ConfUtils.java:logGet(43)) - raft.server.log.appender.install.snapshot.enabled = false (custom)
2019-08-28 19:03:55,686 [pool-666-thread-1] INFO  server.RaftServerConfigKeys (ConfUtils.java:logGet(43)) - raft.server.rpcslowness.timeout = 120s (custom)
2019-08-28 19:03:55,687 [pool-677-thread-1] INFO  impl.RaftServerImpl (ServerState.java:<init>(105)) - ce6b780e-8dc8-43df-9fdb-a1ffb55c35f1:group-E23FA03F1A8D ConfigurationManager, init=-1: [e1b50e67-c8fe-477b-ba6a-852460aa374a:192.168.69.102:34045, 04b92ac3-39b2-406b-bc61-5570adcbc657:192.168.69.102:34882, ce6b780e-8dc8-43df-9fdb-a1ffb55c35f1:192.168.69.102:37617], old=null, confs=<EMPTY_MAP>
2019-08-28 19:03:55,687 [pool-666-thread-1] INFO  server.RaftServerConfigKeys (ConfUtils.java:logGet(43)) - raft.server.sleep.deviation.threshold = 300 (default)
2019-08-28 19:03:55,687 [pool-677-thread-1] INFO  server.RaftServerConfigKeys (ConfUtils.java:logGet(43)) - raft.server.storage.dir = [/workdir/hadoop-ozone/integration-test/target/test-dir/MiniOzoneClusterImpl-707007af-a3e3-45d7-ab83-09aed58cd643/datanode-4/data/ratis] (custom)
2019-08-28 19:03:55,687 [pool-666-thread-1] INFO  server.RaftServerConfigKeys (ConfUtils.java:logGet(43)) - raft.server.log.appender.install.snapshot.enabled = false (custom)
2019-08-28 19:03:55,687 [pool-666-thread-1] INFO  impl.RaftServerImpl (ServerState.java:<init>(105)) - e1b50e67-c8fe-477b-ba6a-852460aa374a:group-E23FA03F1A8D ConfigurationManager, init=-1: [e1b50e67-c8fe-477b-ba6a-852460aa374a:192.168.69.102:34045, 04b92ac3-39b2-406b-bc61-5570adcbc657:192.168.69.102:34882, ce6b780e-8dc8-43df-9fdb-a1ffb55c35f1:192.168.69.102:37617], old=null, confs=<EMPTY_MAP>
2019-08-28 19:03:55,687 [pool-677-thread-1] INFO  storage.RaftStorageDirectory (RaftStorageDirectory.java:analyzeStorage(246)) - The storage directory /workdir/hadoop-ozone/integration-test/target/test-dir/MiniOzoneClusterImpl-707007af-a3e3-45d7-ab83-09aed58cd643/datanode-4/data/ratis/72f0cf05-7480-4d0d-b557-e23fa03f1a8d does not exist. Creating ...
2019-08-28 19:03:55,687 [pool-666-thread-1] INFO  server.RaftServerConfigKeys (ConfUtils.java:logGet(43)) - raft.server.storage.dir = [/workdir/hadoop-ozone/integration-test/target/test-dir/MiniOzoneClusterImpl-707007af-a3e3-45d7-ab83-09aed58cd643/datanode-3/data/ratis] (custom)
2019-08-28 19:03:55,688 [pool-666-thread-1] INFO  storage.RaftStorageDirectory (RaftStorageDirectory.java:analyzeStorage(246)) - The storage directory /workdir/hadoop-ozone/integration-test/target/test-dir/MiniOzoneClusterImpl-707007af-a3e3-45d7-ab83-09aed58cd643/datanode-3/data/ratis/72f0cf05-7480-4d0d-b557-e23fa03f1a8d does not exist. Creating ...
2019-08-28 19:03:55,705 [pool-688-thread-1] INFO  storage.RaftStorageDirectory (RaftStorageDirectory.java:tryLock(328)) - Lock on /workdir/hadoop-ozone/integration-test/target/test-dir/MiniOzoneClusterImpl-707007af-a3e3-45d7-ab83-09aed58cd643/datanode-5/data/ratis/72f0cf05-7480-4d0d-b557-e23fa03f1a8d/in_use.lock acquired by nodename 16648@pr-hdds-1783-trunk-gtrxg-786569963
2019-08-28 19:03:55,705 [pool-677-thread-1] INFO  storage.RaftStorageDirectory (RaftStorageDirectory.java:tryLock(328)) - Lock on /workdir/hadoop-ozone/integration-test/target/test-dir/MiniOzoneClusterImpl-707007af-a3e3-45d7-ab83-09aed58cd643/datanode-4/data/ratis/72f0cf05-7480-4d0d-b557-e23fa03f1a8d/in_use.lock acquired by nodename 16648@pr-hdds-1783-trunk-gtrxg-786569963
2019-08-28 19:03:55,705 [pool-666-thread-1] INFO  storage.RaftStorageDirectory (RaftStorageDirectory.java:tryLock(328)) - Lock on /workdir/hadoop-ozone/integration-test/target/test-dir/MiniOzoneClusterImpl-707007af-a3e3-45d7-ab83-09aed58cd643/datanode-3/data/ratis/72f0cf05-7480-4d0d-b557-e23fa03f1a8d/in_use.lock acquired by nodename 16648@pr-hdds-1783-trunk-gtrxg-786569963
2019-08-28 19:03:55,718 [pool-688-thread-1] INFO  storage.RaftStorage (RaftStorage.java:format(72)) - Storage directory /workdir/hadoop-ozone/integration-test/target/test-dir/MiniOzoneClusterImpl-707007af-a3e3-45d7-ab83-09aed58cd643/datanode-5/data/ratis/72f0cf05-7480-4d0d-b557-e23fa03f1a8d has been successfully formatted.
2019-08-28 19:03:55,718 [pool-677-thread-1] INFO  storage.RaftStorage (RaftStorage.java:format(72)) - Storage directory /workdir/hadoop-ozone/integration-test/target/test-dir/MiniOzoneClusterImpl-707007af-a3e3-45d7-ab83-09aed58cd643/datanode-4/data/ratis/72f0cf05-7480-4d0d-b557-e23fa03f1a8d has been successfully formatted.
2019-08-28 19:03:55,718 [pool-666-thread-1] INFO  storage.RaftStorage (RaftStorage.java:format(72)) - Storage directory /workdir/hadoop-ozone/integration-test/target/test-dir/MiniOzoneClusterImpl-707007af-a3e3-45d7-ab83-09aed58cd643/datanode-3/data/ratis/72f0cf05-7480-4d0d-b557-e23fa03f1a8d has been successfully formatted.
2019-08-28 19:03:55,719 [pool-677-thread-1] INFO  ratis.ContainerStateMachine (ContainerStateMachine.java:loadSnapshot(226)) - group-E23FA03F1A8D: The snapshot info is null. Setting the last applied indexto:(t:0, i:~)
2019-08-28 19:03:55,719 [pool-688-thread-1] INFO  ratis.ContainerStateMachine (ContainerStateMachine.java:loadSnapshot(226)) - group-E23FA03F1A8D: The snapshot info is null. Setting the last applied indexto:(t:0, i:~)
2019-08-28 19:03:55,719 [pool-677-thread-1] INFO  server.RaftServerConfigKeys (ConfUtils.java:logGet(43)) - raft.server.leader.election.timeout = 120s (custom)
2019-08-28 19:03:55,719 [pool-666-thread-1] INFO  ratis.ContainerStateMachine (ContainerStateMachine.java:loadSnapshot(226)) - group-E23FA03F1A8D: The snapshot info is null. Setting the last applied indexto:(t:0, i:~)
2019-08-28 19:03:55,719 [pool-677-thread-1] INFO  server.RaftServerConfigKeys (ConfUtils.java:logGet(43)) - raft.server.log.use.memory = false (default)
2019-08-28 19:03:55,719 [pool-688-thread-1] INFO  server.RaftServerConfigKeys (ConfUtils.java:logGet(43)) - raft.server.leader.election.timeout = 120s (custom)
2019-08-28 19:03:55,719 [pool-677-thread-1] INFO  server.RaftServerConfigKeys (ConfUtils.java:logGet(43)) - raft.server.log.purge.gap = 1000000 (custom)
2019-08-28 19:03:55,719 [pool-666-thread-1] INFO  server.RaftServerConfigKeys (ConfUtils.java:logGet(43)) - raft.server.leader.election.timeout = 120s (custom)
2019-08-28 19:03:55,720 [pool-677-thread-1] INFO  server.RaftServerConfigKeys (ConfUtils.java:logGet(43)) - raft.server.log.appender.buffer.byte-limit = 33554432 (custom)
2019-08-28 19:03:55,719 [pool-688-thread-1] INFO  server.RaftServerConfigKeys (ConfUtils.java:logGet(43)) - raft.server.log.use.memory = false (default)
2019-08-28 19:03:55,720 [pool-677-thread-1] INFO  server.RaftServerConfigKeys (ConfUtils.java:logGet(43)) - raft.server.log.segment.size.max = 1048576 (custom)
2019-08-28 19:03:55,720 [pool-666-thread-1] INFO  server.RaftServerConfigKeys (ConfUtils.java:logGet(43)) - raft.server.log.use.memory = false (default)
2019-08-28 19:03:55,720 [pool-677-thread-1] INFO  server.RaftServerConfigKeys (ConfUtils.java:logGet(43)) - raft.server.log.segment.cache.num.max = 2 (custom)
2019-08-28 19:03:55,720 [pool-688-thread-1] INFO  server.RaftServerConfigKeys (ConfUtils.java:logGet(43)) - raft.server.log.purge.gap = 1000000 (custom)
2019-08-28 19:03:55,720 [pool-677-thread-1] INFO  segmented.SegmentedRaftLogWorker (SegmentedRaftLogWorker.java:<init>(172)) - new ce6b780e-8dc8-43df-9fdb-a1ffb55c35f1-SegmentedRaftLogWorker:Storage Directory /workdir/hadoop-ozone/integration-test/target/test-dir/MiniOzoneClusterImpl-707007af-a3e3-45d7-ab83-09aed58cd643/datanode-4/data/ratis/72f0cf05-7480-4d0d-b557-e23fa03f1a8d for RaftStorage:Storage Directory /workdir/hadoop-ozone/integration-test/target/test-dir/MiniOzoneClusterImpl-707007af-a3e3-45d7-ab83-09aed58cd643/datanode-4/data/ratis/72f0cf05-7480-4d0d-b557-e23fa03f1a8d
2019-08-28 19:03:55,720 [pool-666-thread-1] INFO  server.RaftServerConfigKeys (ConfUtils.java:logGet(43)) - raft.server.log.purge.gap = 1000000 (custom)
2019-08-28 19:03:55,720 [pool-677-thread-1] INFO  server.RaftServerConfigKeys (ConfUtils.java:logGet(43)) - raft.server.log.queue.byte-limit = 2147483647 (custom)
2019-08-28 19:03:55,720 [pool-688-thread-1] INFO  server.RaftServerConfigKeys (ConfUtils.java:logGet(43)) - raft.server.log.appender.buffer.byte-limit = 33554432 (custom)
2019-08-28 19:03:55,721 [pool-677-thread-1] INFO  server.RaftServerConfigKeys (ConfUtils.java:logGet(43)) - raft.server.log.queue.element-limit = 1024 (custom)
2019-08-28 19:03:55,721 [pool-666-thread-1] INFO  server.RaftServerConfigKeys (ConfUtils.java:logGet(43)) - raft.server.log.appender.buffer.byte-limit = 33554432 (custom)
2019-08-28 19:03:55,721 [pool-677-thread-1] INFO  server.RaftServerConfigKeys (ConfUtils.java:logGet(43)) - raft.server.log.segment.size.max = 1048576 (custom)
2019-08-28 19:03:55,721 [pool-688-thread-1] INFO  server.RaftServerConfigKeys (ConfUtils.java:logGet(43)) - raft.server.log.segment.size.max = 1048576 (custom)
2019-08-28 19:03:55,721 [pool-677-thread-1] INFO  server.RaftServerConfigKeys (ConfUtils.java:logGet(43)) - raft.server.log.preallocated.size = 16384 (custom)
2019-08-28 19:03:55,721 [pool-677-thread-1] INFO  server.RaftServerConfigKeys (ConfUtils.java:logGet(43)) - raft.server.log.write.buffer.size = 33554432 (custom)
2019-08-28 19:03:55,721 [pool-666-thread-1] INFO  server.RaftServerConfigKeys (ConfUtils.java:logGet(43)) - raft.server.log.segment.size.max = 1048576 (custom)
2019-08-28 19:03:55,722 [pool-677-thread-1] INFO  server.RaftServerConfigKeys (ConfUtils.java:logGet(43)) - raft.server.log.force.sync.num = 128 (default)
2019-08-28 19:03:55,722 [pool-677-thread-1] INFO  server.RaftServerConfigKeys (ConfUtils.java:logGet(43)) - raft.server.log.statemachine.data.sync = true (default)
2019-08-28 19:03:55,721 [pool-688-thread-1] INFO  server.RaftServerConfigKeys (ConfUtils.java:logGet(43)) - raft.server.log.segment.cache.num.max = 2 (custom)
2019-08-28 19:03:55,722 [pool-677-thread-1] INFO  server.RaftServerConfigKeys (ConfUtils.java:logGet(43)) - raft.server.log.statemachine.data.sync.timeout = 10s (default)
2019-08-28 19:03:55,722 [pool-666-thread-1] INFO  server.RaftServerConfigKeys (ConfUtils.java:logGet(43)) - raft.server.log.segment.cache.num.max = 2 (custom)
2019-08-28 19:03:55,722 [pool-677-thread-1] INFO  server.RaftServerConfigKeys (ConfUtils.java:logGet(43)) - raft.server.log.statemachine.data.sync.timeout.retry = -1 (default)
2019-08-28 19:03:55,722 [pool-688-thread-1] INFO  segmented.SegmentedRaftLogWorker (SegmentedRaftLogWorker.java:<init>(172)) - new 04b92ac3-39b2-406b-bc61-5570adcbc657-SegmentedRaftLogWorker:Storage Directory /workdir/hadoop-ozone/integration-test/target/test-dir/MiniOzoneClusterImpl-707007af-a3e3-45d7-ab83-09aed58cd643/datanode-5/data/ratis/72f0cf05-7480-4d0d-b557-e23fa03f1a8d for RaftStorage:Storage Directory /workdir/hadoop-ozone/integration-test/target/test-dir/MiniOzoneClusterImpl-707007af-a3e3-45d7-ab83-09aed58cd643/datanode-5/data/ratis/72f0cf05-7480-4d0d-b557-e23fa03f1a8d
2019-08-28 19:03:55,722 [pool-677-thread-1] INFO  server.RaftServerConfigKeys (ConfUtils.java:logGet(43)) - raft.server.log.statemachine.data.caching.enabled = true (custom)
2019-08-28 19:03:55,722 [pool-666-thread-1] INFO  segmented.SegmentedRaftLogWorker (SegmentedRaftLogWorker.java:<init>(172)) - new e1b50e67-c8fe-477b-ba6a-852460aa374a-SegmentedRaftLogWorker:Storage Directory /workdir/hadoop-ozone/integration-test/target/test-dir/MiniOzoneClusterImpl-707007af-a3e3-45d7-ab83-09aed58cd643/datanode-3/data/ratis/72f0cf05-7480-4d0d-b557-e23fa03f1a8d for RaftStorage:Storage Directory /workdir/hadoop-ozone/integration-test/target/test-dir/MiniOzoneClusterImpl-707007af-a3e3-45d7-ab83-09aed58cd643/datanode-3/data/ratis/72f0cf05-7480-4d0d-b557-e23fa03f1a8d
2019-08-28 19:03:55,723 [pool-677-thread-1] INFO  segmented.SegmentedRaftLogWorker (SegmentedRaftLogWorker.java:lambda$new$0(132)) - ce6b780e-8dc8-43df-9fdb-a1ffb55c35f1-SegmentedRaftLogWorker:Storage Directory /workdir/hadoop-ozone/integration-test/target/test-dir/MiniOzoneClusterImpl-707007af-a3e3-45d7-ab83-09aed58cd643/datanode-4/data/ratis/72f0cf05-7480-4d0d-b557-e23fa03f1a8d: flushIndex: setUnconditionally 0 -> -1
2019-08-28 19:03:55,722 [pool-688-thread-1] INFO  server.RaftServerConfigKeys (ConfUtils.java:logGet(43)) - raft.server.log.queue.byte-limit = 2147483647 (custom)
2019-08-28 19:03:55,723 [pool-666-thread-1] INFO  server.RaftServerConfigKeys (ConfUtils.java:logGet(43)) - raft.server.log.queue.byte-limit = 2147483647 (custom)
2019-08-28 19:03:55,723 [pool-677-thread-1] INFO  server.RaftServerConfigKeys (ConfUtils.java:logGet(43)) - raft.server.snapshot.auto.trigger.enabled = true (custom)
2019-08-28 19:03:55,723 [pool-688-thread-1] INFO  server.RaftServerConfigKeys (ConfUtils.java:logGet(43)) - raft.server.log.queue.element-limit = 1024 (custom)
2019-08-28 19:03:55,723 [pool-677-thread-1] INFO  server.RaftServerConfigKeys (ConfUtils.java:logGet(43)) - raft.server.snapshot.auto.trigger.threshold = 10000 (custom)
2019-08-28 19:03:55,723 [pool-666-thread-1] INFO  server.RaftServerConfigKeys (ConfUtils.java:logGet(43)) - raft.server.log.queue.element-limit = 1024 (custom)
2019-08-28 19:03:55,723 [pool-677-thread-1] INFO  server.RaftServerConfigKeys (ConfUtils.java:logGet(43)) - raft.server.retrycache.expirytime = 600000ms (custom)
2019-08-28 19:03:55,723 [pool-688-thread-1] INFO  server.RaftServerConfigKeys (ConfUtils.java:logGet(43)) - raft.server.log.segment.size.max = 1048576 (custom)
2019-08-28 19:03:55,724 [pool-677-thread-1] INFO  impl.RaftServerImpl (RaftServerImpl.java:start(180)) - ce6b780e-8dc8-43df-9fdb-a1ffb55c35f1: start group-E23FA03F1A8D
2019-08-28 19:03:55,724 [pool-666-thread-1] INFO  server.RaftServerConfigKeys (ConfUtils.java:logGet(43)) - raft.server.log.segment.size.max = 1048576 (custom)
2019-08-28 19:03:55,724 [pool-677-thread-1] INFO  impl.RaftServerImpl (RaftServerImpl.java:setRole(171)) - ce6b780e-8dc8-43df-9fdb-a1ffb55c35f1:group-E23FA03F1A8D changes role from null to FOLLOWER at term 0 for startAsFollower
2019-08-28 19:03:55,724 [pool-688-thread-1] INFO  server.RaftServerConfigKeys (ConfUtils.java:logGet(43)) - raft.server.log.preallocated.size = 16384 (custom)
2019-08-28 19:03:55,724 [pool-677-thread-1] INFO  impl.RoleInfo (RoleInfo.java:updateAndGet(143)) - ce6b780e-8dc8-43df-9fdb-a1ffb55c35f1: start FollowerState
2019-08-28 19:03:55,724 [pool-666-thread-1] INFO  server.RaftServerConfigKeys (ConfUtils.java:logGet(43)) - raft.server.log.preallocated.size = 16384 (custom)
2019-08-28 19:03:55,724 [pool-688-thread-1] INFO  server.RaftServerConfigKeys (ConfUtils.java:logGet(43)) - raft.server.log.write.buffer.size = 33554432 (custom)
2019-08-28 19:03:55,724 [pool-666-thread-1] INFO  server.RaftServerConfigKeys (ConfUtils.java:logGet(43)) - raft.server.log.write.buffer.size = 33554432 (custom)
2019-08-28 19:03:55,725 [pool-677-thread-1] INFO  util.JmxRegister (JmxRegister.java:tryRegister(44)) - Successfully registered JMX Bean with object name Ratis:service=RaftServer,group=group-E23FA03F1A8D,id=ce6b780e-8dc8-43df-9fdb-a1ffb55c35f1
2019-08-28 19:03:55,725 [pool-688-thread-1] INFO  server.RaftServerConfigKeys (ConfUtils.java:logGet(43)) - raft.server.log.force.sync.num = 128 (default)
2019-08-28 19:03:55,725 [pool-666-thread-1] INFO  server.RaftServerConfigKeys (ConfUtils.java:logGet(43)) - raft.server.log.force.sync.num = 128 (default)
2019-08-28 19:03:55,725 [pool-688-thread-1] INFO  server.RaftServerConfigKeys (ConfUtils.java:logGet(43)) - raft.server.log.statemachine.data.sync = true (default)
2019-08-28 19:03:55,725 [pool-666-thread-1] INFO  server.RaftServerConfigKeys (ConfUtils.java:logGet(43)) - raft.server.log.statemachine.data.sync = true (default)
2019-08-28 19:03:55,725 [pool-688-thread-1] INFO  server.RaftServerConfigKeys (ConfUtils.java:logGet(43)) - raft.server.log.statemachine.data.sync.timeout = 10s (default)
2019-08-28 19:03:55,725 [pool-666-thread-1] INFO  server.RaftServerConfigKeys (ConfUtils.java:logGet(43)) - raft.server.log.statemachine.data.sync.timeout = 10s (default)
2019-08-28 19:03:55,725 [pool-688-thread-1] INFO  server.RaftServerConfigKeys (ConfUtils.java:logGet(43)) - raft.server.log.statemachine.data.sync.timeout.retry = -1 (default)
2019-08-28 19:03:55,726 [pool-666-thread-1] INFO  server.RaftServerConfigKeys (ConfUtils.java:logGet(43)) - raft.server.log.statemachine.data.sync.timeout.retry = -1 (default)
2019-08-28 19:03:55,726 [pool-688-thread-1] INFO  server.RaftServerConfigKeys (ConfUtils.java:logGet(43)) - raft.server.log.statemachine.data.caching.enabled = true (custom)
2019-08-28 19:03:55,726 [pool-666-thread-1] INFO  server.RaftServerConfigKeys (ConfUtils.java:logGet(43)) - raft.server.log.statemachine.data.caching.enabled = true (custom)
2019-08-28 19:03:55,726 [pool-688-thread-1] INFO  segmented.SegmentedRaftLogWorker (SegmentedRaftLogWorker.java:lambda$new$0(132)) - 04b92ac3-39b2-406b-bc61-5570adcbc657-SegmentedRaftLogWorker:Storage Directory /workdir/hadoop-ozone/integration-test/target/test-dir/MiniOzoneClusterImpl-707007af-a3e3-45d7-ab83-09aed58cd643/datanode-5/data/ratis/72f0cf05-7480-4d0d-b557-e23fa03f1a8d: flushIndex: setUnconditionally 0 -> -1
2019-08-28 19:03:55,726 [pool-666-thread-1] INFO  segmented.SegmentedRaftLogWorker (SegmentedRaftLogWorker.java:lambda$new$0(132)) - e1b50e67-c8fe-477b-ba6a-852460aa374a-SegmentedRaftLogWorker:Storage Directory /workdir/hadoop-ozone/integration-test/target/test-dir/MiniOzoneClusterImpl-707007af-a3e3-45d7-ab83-09aed58cd643/datanode-3/data/ratis/72f0cf05-7480-4d0d-b557-e23fa03f1a8d: flushIndex: setUnconditionally 0 -> -1
2019-08-28 19:03:55,726 [pool-688-thread-1] INFO  server.RaftServerConfigKeys (ConfUtils.java:logGet(43)) - raft.server.snapshot.auto.trigger.enabled = true (custom)
2019-08-28 19:03:55,726 [pool-688-thread-1] INFO  server.RaftServerConfigKeys (ConfUtils.java:logGet(43)) - raft.server.snapshot.auto.trigger.threshold = 10000 (custom)
2019-08-28 19:03:55,726 [pool-666-thread-1] INFO  server.RaftServerConfigKeys (ConfUtils.java:logGet(43)) - raft.server.snapshot.auto.trigger.enabled = true (custom)
2019-08-28 19:03:55,726 [pool-688-thread-1] INFO  server.RaftServerConfigKeys (ConfUtils.java:logGet(43)) - raft.server.retrycache.expirytime = 600000ms (custom)
2019-08-28 19:03:55,727 [pool-666-thread-1] INFO  server.RaftServerConfigKeys (ConfUtils.java:logGet(43)) - raft.server.snapshot.auto.trigger.threshold = 10000 (custom)
2019-08-28 19:03:55,727 [pool-688-thread-1] INFO  impl.RaftServerImpl (RaftServerImpl.java:start(180)) - 04b92ac3-39b2-406b-bc61-5570adcbc657: start group-E23FA03F1A8D
2019-08-28 19:03:55,727 [pool-666-thread-1] INFO  server.RaftServerConfigKeys (ConfUtils.java:logGet(43)) - raft.server.retrycache.expirytime = 600000ms (custom)
2019-08-28 19:03:55,727 [pool-688-thread-1] INFO  impl.RaftServerImpl (RaftServerImpl.java:setRole(171)) - 04b92ac3-39b2-406b-bc61-5570adcbc657:group-E23FA03F1A8D changes role from null to FOLLOWER at term 0 for startAsFollower
2019-08-28 19:03:55,727 [pool-666-thread-1] INFO  impl.RaftServerImpl (RaftServerImpl.java:start(180)) - e1b50e67-c8fe-477b-ba6a-852460aa374a: start group-E23FA03F1A8D
2019-08-28 19:03:55,727 [pool-688-thread-1] INFO  impl.RoleInfo (RoleInfo.java:updateAndGet(143)) - 04b92ac3-39b2-406b-bc61-5570adcbc657: start FollowerState
2019-08-28 19:03:55,727 [pool-666-thread-1] INFO  impl.RaftServerImpl (RaftServerImpl.java:setRole(171)) - e1b50e67-c8fe-477b-ba6a-852460aa374a:group-E23FA03F1A8D changes role from null to FOLLOWER at term 0 for startAsFollower
2019-08-28 19:03:55,727 [pool-666-thread-1] INFO  impl.RoleInfo (RoleInfo.java:updateAndGet(143)) - e1b50e67-c8fe-477b-ba6a-852460aa374a: start FollowerState
2019-08-28 19:03:55,727 [pool-688-thread-1] INFO  util.JmxRegister (JmxRegister.java:tryRegister(44)) - Successfully registered JMX Bean with object name Ratis:service=RaftServer,group=group-E23FA03F1A8D,id=04b92ac3-39b2-406b-bc61-5570adcbc657
2019-08-28 19:03:55,728 [pool-666-thread-1] INFO  util.JmxRegister (JmxRegister.java:tryRegister(44)) - Successfully registered JMX Bean with object name Ratis:service=RaftServer,group=group-E23FA03F1A8D,id=e1b50e67-c8fe-477b-ba6a-852460aa374a
2019-08-28 19:03:55,730 [RatisPipelineUtilsThread] INFO  pipeline.PipelineStateManager (PipelineStateManager.java:addPipeline(56)) - Created pipeline Pipeline[ Id: 72f0cf05-7480-4d0d-b557-e23fa03f1a8d, Nodes: e1b50e67-c8fe-477b-ba6a-852460aa374a{ip: 192.168.69.102, host: pr-hdds-1783-trunk-gtrxg-786569963, networkLocation: /default-rack, certSerialId: null}ce6b780e-8dc8-43df-9fdb-a1ffb55c35f1{ip: 192.168.69.102, host: pr-hdds-1783-trunk-gtrxg-786569963, networkLocation: /default-rack, certSerialId: null}04b92ac3-39b2-406b-bc61-5570adcbc657{ip: 192.168.69.102, host: pr-hdds-1783-trunk-gtrxg-786569963, networkLocation: /default-rack, certSerialId: null}, Type:RATIS, Factor:THREE, State:OPEN]
2019-08-28 19:03:55,797 [main] INFO  ozone.MiniOzoneClusterImpl (MiniOzoneClusterImpl.java:lambda$waitForClusterToBeReady$0(142)) - Waiting for cluster to be ready. Got 6 of 7 DN Heartbeats.
2019-08-28 19:03:55,798 [IPC Server handler 16 on 35556] INFO  net.NetworkTopology (NetworkTopologyImpl.java:add(110)) - Added a new node: /default-rack/d3473fb4-3d79-4d8b-9a93-f76ee1ee07e0
2019-08-28 19:03:55,798 [IPC Server handler 16 on 35556] INFO  node.SCMNodeManager (SCMNodeManager.java:register(273)) - Registered Data node : d3473fb4-3d79-4d8b-9a93-f76ee1ee07e0{ip: 192.168.69.102, host: pr-hdds-1783-trunk-gtrxg-786569963, networkLocation: /default-rack, certSerialId: null}
2019-08-28 19:03:55,798 | INFO  | SCMAudit | user=jenkins1000 | ip=192.168.69.102 | op=REGISTER {datanodeDetails=d3473fb4-3d79-4d8b-9a93-f76ee1ee07e0{ip: 192.168.69.102, host: pr-hdds-1783-trunk-gtrxg-786569963, networkLocation: /default-rack, certSerialId: null}} | ret=SUCCESS |  
2019-08-28 19:03:55,806 [grpc-default-executor-12] INFO  impl.RaftServerProxy (RaftServerProxy.java:addNew(89)) - d3473fb4-3d79-4d8b-9a93-f76ee1ee07e0: addNew group-A27871F77E82:[d3473fb4-3d79-4d8b-9a93-f76ee1ee07e0:192.168.69.102:38473] returns group-A27871F77E82:java.util.concurrent.CompletableFuture@284e45da[Not completed]
2019-08-28 19:03:55,808 [pool-699-thread-1] INFO  impl.RaftServerImpl (RaftServerImpl.java:<init>(93)) - d3473fb4-3d79-4d8b-9a93-f76ee1ee07e0: new RaftServerImpl for group-A27871F77E82:[d3473fb4-3d79-4d8b-9a93-f76ee1ee07e0:192.168.69.102:38473] with ContainerStateMachine:uninitialized
2019-08-28 19:03:55,808 [pool-699-thread-1] INFO  server.RaftServerConfigKeys (ConfUtils.java:logGet(43)) - raft.server.rpc.timeout.min = 5s (custom)
2019-08-28 19:03:55,808 [pool-699-thread-1] INFO  server.RaftServerConfigKeys (ConfUtils.java:logGet(43)) - raft.server.rpc.timeout.max = 5200ms (custom)
2019-08-28 19:03:55,808 [pool-699-thread-1] INFO  server.RaftServerConfigKeys (ConfUtils.java:logGet(43)) - raft.server.rpcslowness.timeout = 120s (custom)
2019-08-28 19:03:55,808 [pool-699-thread-1] INFO  server.RaftServerConfigKeys (ConfUtils.java:logGet(43)) - raft.server.sleep.deviation.threshold = 300 (default)
2019-08-28 19:03:55,808 [pool-699-thread-1] INFO  server.RaftServerConfigKeys (ConfUtils.java:logGet(43)) - raft.server.log.appender.install.snapshot.enabled = false (custom)
2019-08-28 19:03:55,808 [pool-699-thread-1] INFO  impl.RaftServerImpl (ServerState.java:<init>(105)) - d3473fb4-3d79-4d8b-9a93-f76ee1ee07e0:group-A27871F77E82 ConfigurationManager, init=-1: [d3473fb4-3d79-4d8b-9a93-f76ee1ee07e0:192.168.69.102:38473], old=null, confs=<EMPTY_MAP>
2019-08-28 19:03:55,809 [pool-699-thread-1] INFO  server.RaftServerConfigKeys (ConfUtils.java:logGet(43)) - raft.server.storage.dir = [/workdir/hadoop-ozone/integration-test/target/test-dir/MiniOzoneClusterImpl-707007af-a3e3-45d7-ab83-09aed58cd643/datanode-6/data/ratis] (custom)
2019-08-28 19:03:55,809 [pool-699-thread-1] INFO  storage.RaftStorageDirectory (RaftStorageDirectory.java:analyzeStorage(246)) - The storage directory /workdir/hadoop-ozone/integration-test/target/test-dir/MiniOzoneClusterImpl-707007af-a3e3-45d7-ab83-09aed58cd643/datanode-6/data/ratis/57cfa205-b50d-478f-96d8-a27871f77e82 does not exist. Creating ...
2019-08-28 19:03:55,836 [pool-699-thread-1] INFO  storage.RaftStorageDirectory (RaftStorageDirectory.java:tryLock(328)) - Lock on /workdir/hadoop-ozone/integration-test/target/test-dir/MiniOzoneClusterImpl-707007af-a3e3-45d7-ab83-09aed58cd643/datanode-6/data/ratis/57cfa205-b50d-478f-96d8-a27871f77e82/in_use.lock acquired by nodename 16648@pr-hdds-1783-trunk-gtrxg-786569963
2019-08-28 19:03:55,859 [pool-699-thread-1] INFO  storage.RaftStorage (RaftStorage.java:format(72)) - Storage directory /workdir/hadoop-ozone/integration-test/target/test-dir/MiniOzoneClusterImpl-707007af-a3e3-45d7-ab83-09aed58cd643/datanode-6/data/ratis/57cfa205-b50d-478f-96d8-a27871f77e82 has been successfully formatted.
2019-08-28 19:03:55,860 [pool-699-thread-1] INFO  ratis.ContainerStateMachine (ContainerStateMachine.java:loadSnapshot(226)) - group-A27871F77E82: The snapshot info is null. Setting the last applied indexto:(t:0, i:~)
2019-08-28 19:03:55,860 [pool-699-thread-1] INFO  server.RaftServerConfigKeys (ConfUtils.java:logGet(43)) - raft.server.leader.election.timeout = 120s (custom)
2019-08-28 19:03:55,860 [pool-699-thread-1] INFO  server.RaftServerConfigKeys (ConfUtils.java:logGet(43)) - raft.server.log.use.memory = false (default)
2019-08-28 19:03:55,860 [pool-699-thread-1] INFO  server.RaftServerConfigKeys (ConfUtils.java:logGet(43)) - raft.server.log.purge.gap = 1000000 (custom)
2019-08-28 19:03:55,860 [pool-699-thread-1] INFO  server.RaftServerConfigKeys (ConfUtils.java:logGet(43)) - raft.server.log.appender.buffer.byte-limit = 33554432 (custom)
2019-08-28 19:03:55,861 [pool-699-thread-1] INFO  server.RaftServerConfigKeys (ConfUtils.java:logGet(43)) - raft.server.log.segment.size.max = 1048576 (custom)
2019-08-28 19:03:55,861 [pool-699-thread-1] INFO  server.RaftServerConfigKeys (ConfUtils.java:logGet(43)) - raft.server.log.segment.cache.num.max = 2 (custom)
2019-08-28 19:03:55,861 [pool-699-thread-1] INFO  segmented.SegmentedRaftLogWorker (SegmentedRaftLogWorker.java:<init>(172)) - new d3473fb4-3d79-4d8b-9a93-f76ee1ee07e0-SegmentedRaftLogWorker:Storage Directory /workdir/hadoop-ozone/integration-test/target/test-dir/MiniOzoneClusterImpl-707007af-a3e3-45d7-ab83-09aed58cd643/datanode-6/data/ratis/57cfa205-b50d-478f-96d8-a27871f77e82 for RaftStorage:Storage Directory /workdir/hadoop-ozone/integration-test/target/test-dir/MiniOzoneClusterImpl-707007af-a3e3-45d7-ab83-09aed58cd643/datanode-6/data/ratis/57cfa205-b50d-478f-96d8-a27871f77e82
2019-08-28 19:03:55,861 [pool-699-thread-1] INFO  server.RaftServerConfigKeys (ConfUtils.java:logGet(43)) - raft.server.log.queue.byte-limit = 2147483647 (custom)
2019-08-28 19:03:55,861 [pool-699-thread-1] INFO  server.RaftServerConfigKeys (ConfUtils.java:logGet(43)) - raft.server.log.queue.element-limit = 1024 (custom)
2019-08-28 19:03:55,861 [pool-699-thread-1] INFO  server.RaftServerConfigKeys (ConfUtils.java:logGet(43)) - raft.server.log.segment.size.max = 1048576 (custom)
2019-08-28 19:03:55,861 [pool-699-thread-1] INFO  server.RaftServerConfigKeys (ConfUtils.java:logGet(43)) - raft.server.log.preallocated.size = 16384 (custom)
2019-08-28 19:03:55,862 [pool-699-thread-1] INFO  server.RaftServerConfigKeys (ConfUtils.java:logGet(43)) - raft.server.log.write.buffer.size = 33554432 (custom)
2019-08-28 19:03:55,862 [pool-699-thread-1] INFO  server.RaftServerConfigKeys (ConfUtils.java:logGet(43)) - raft.server.log.force.sync.num = 128 (default)
2019-08-28 19:03:55,862 [pool-699-thread-1] INFO  server.RaftServerConfigKeys (ConfUtils.java:logGet(43)) - raft.server.log.statemachine.data.sync = true (default)
2019-08-28 19:03:55,862 [pool-699-thread-1] INFO  server.RaftServerConfigKeys (ConfUtils.java:logGet(43)) - raft.server.log.statemachine.data.sync.timeout = 10s (default)
2019-08-28 19:03:55,862 [pool-699-thread-1] INFO  server.RaftServerConfigKeys (ConfUtils.java:logGet(43)) - raft.server.log.statemachine.data.sync.timeout.retry = -1 (default)
2019-08-28 19:03:55,862 [pool-699-thread-1] INFO  server.RaftServerConfigKeys (ConfUtils.java:logGet(43)) - raft.server.log.statemachine.data.caching.enabled = true (custom)
2019-08-28 19:03:55,863 [pool-699-thread-1] INFO  segmented.SegmentedRaftLogWorker (SegmentedRaftLogWorker.java:lambda$new$0(132)) - d3473fb4-3d79-4d8b-9a93-f76ee1ee07e0-SegmentedRaftLogWorker:Storage Directory /workdir/hadoop-ozone/integration-test/target/test-dir/MiniOzoneClusterImpl-707007af-a3e3-45d7-ab83-09aed58cd643/datanode-6/data/ratis/57cfa205-b50d-478f-96d8-a27871f77e82: flushIndex: setUnconditionally 0 -> -1
2019-08-28 19:03:55,863 [pool-699-thread-1] INFO  server.RaftServerConfigKeys (ConfUtils.java:logGet(43)) - raft.server.snapshot.auto.trigger.enabled = true (custom)
2019-08-28 19:03:55,863 [pool-699-thread-1] INFO  server.RaftServerConfigKeys (ConfUtils.java:logGet(43)) - raft.server.snapshot.auto.trigger.threshold = 10000 (custom)
2019-08-28 19:03:55,863 [pool-699-thread-1] INFO  server.RaftServerConfigKeys (ConfUtils.java:logGet(43)) - raft.server.retrycache.expirytime = 600000ms (custom)
2019-08-28 19:03:55,863 [pool-699-thread-1] INFO  impl.RaftServerImpl (RaftServerImpl.java:start(180)) - d3473fb4-3d79-4d8b-9a93-f76ee1ee07e0: start group-A27871F77E82
2019-08-28 19:03:55,863 [pool-699-thread-1] INFO  impl.RaftServerImpl (RaftServerImpl.java:setRole(171)) - d3473fb4-3d79-4d8b-9a93-f76ee1ee07e0:group-A27871F77E82 changes role from null to FOLLOWER at term 0 for startAsFollower
2019-08-28 19:03:55,864 [pool-699-thread-1] INFO  impl.RoleInfo (RoleInfo.java:updateAndGet(143)) - d3473fb4-3d79-4d8b-9a93-f76ee1ee07e0: start FollowerState
2019-08-28 19:03:55,864 [pool-699-thread-1] INFO  util.JmxRegister (JmxRegister.java:tryRegister(44)) - Successfully registered JMX Bean with object name Ratis:service=RaftServer,group=group-A27871F77E82,id=d3473fb4-3d79-4d8b-9a93-f76ee1ee07e0
2019-08-28 19:03:55,866 [RatisPipelineUtilsThread] INFO  pipeline.PipelineStateManager (PipelineStateManager.java:addPipeline(56)) - Created pipeline Pipeline[ Id: 57cfa205-b50d-478f-96d8-a27871f77e82, Nodes: d3473fb4-3d79-4d8b-9a93-f76ee1ee07e0{ip: 192.168.69.102, host: pr-hdds-1783-trunk-gtrxg-786569963, networkLocation: /default-rack, certSerialId: null}, Type:RATIS, Factor:ONE, State:OPEN]
2019-08-28 19:03:56,216 | INFO  | SCMAudit | user=jenkins1000 | ip=192.168.69.102 | op=SEND_HEARTBEAT {datanodeUUID=00cf7d40-ac63-4acb-9b30-bd0829021504, command=[]} | ret=SUCCESS |  
2019-08-28 19:03:56,433 | INFO  | SCMAudit | user=jenkins1000 | ip=192.168.69.102 | op=SEND_HEARTBEAT {datanodeUUID=adfa36b7-498a-4b65-9252-7ca31df0730f, command=[]} | ret=SUCCESS |  
2019-08-28 19:03:56,640 | INFO  | SCMAudit | user=jenkins1000 | ip=192.168.69.102 | op=SEND_HEARTBEAT {datanodeUUID=00cb801d-97e1-4292-a478-3bdac0cd726d, command=[]} | ret=SUCCESS |  
2019-08-28 19:03:56,797 [main] INFO  ozone.MiniOzoneClusterImpl (MiniOzoneClusterImpl.java:lambda$waitForClusterToBeReady$0(142)) - Cluster is ready. Got 7 of 7 DN Heartbeats.
2019-08-28 19:03:56,831 [main] INFO  rpc.RpcClient (RpcClient.java:createVolume(293)) - Creating Volume: testblockoutputstream, with jenkins1000 as owner.
2019-08-28 19:03:56,833 | INFO  | SCMAudit | user=jenkins1000 | ip=192.168.69.102 | op=SEND_HEARTBEAT {datanodeUUID=e1b50e67-c8fe-477b-ba6a-852460aa374a, command=[]} | ret=SUCCESS |  
2019-08-28 19:03:56,886 | INFO  | OMAudit | user=jenkins1000 | ip=127.0.0.1 | op=CREATE_VOLUME {admin=jenkins1000, owner=jenkins1000, volume=testblockoutputstream, creationTime=1567019036832, quotaInBytes=1152921504606846976} | ret=SUCCESS |  
2019-08-28 19:03:56,906 | INFO  | OMAudit | user=jenkins1000 | ip=127.0.0.1 | op=READ_VOLUME {volume=testblockoutputstream} | ret=SUCCESS |  
2019-08-28 19:03:56,907 [main] INFO  rpc.RpcClient (RpcClient.java:createBucket(432)) - Creating Bucket: testblockoutputstream/testblockoutputstream, with Versioning false and Storage Type set to DISK and Encryption set to false 
2019-08-28 19:03:56,915 | INFO  | OMAudit | user=jenkins1000 | ip=127.0.0.1 | op=CREATE_BUCKET {volume=testblockoutputstream, bucket=testblockoutputstream, acls=[user:jenkins1000:a[ACCESS], group:default:a[ACCESS]], isVersionEnabled=false, storageType=DISK, creationTime=0} | ret=SUCCESS |  
2019-08-28 19:03:56,917 | INFO  | OMAudit | user=jenkins1000 | ip=127.0.0.1 | op=READ_VOLUME {volume=testblockoutputstream} | ret=SUCCESS |  
2019-08-28 19:03:56,918 | INFO  | OMAudit | user=jenkins1000 | ip=127.0.0.1 | op=READ_BUCKET {volume=testblockoutputstream, bucket=testblockoutputstream} | ret=SUCCESS |  
2019-08-28 19:03:57,024 | INFO  | SCMAudit | user=jenkins1000 | ip=192.168.69.102 | op=ALLOCATE_BLOCK {owner=60b6168b-fe5d-4a4a-ae8c-4fc7c43c0217, size=800, type=RATIS, factor=THREE} | ret=SUCCESS |  
2019-08-28 19:03:57,026 | INFO  | OMAudit | user=jenkins1000 | ip=127.0.0.1 | op=ALLOCATE_KEY {volume=testblockoutputstream, bucket=testblockoutputstream, key=aa6dafa2-e752-4652-ab7d-2afcf2b65d23, dataSize=0, replicationType=RATIS, replicationFactor=THREE, keyLocationInfo=null} | ret=SUCCESS |  
2019-08-28 19:03:57,041 [grpc-default-executor-4] INFO  client.GrpcClientProtocolClient (GrpcClientProtocolClient.java:onNext(255)) - client-7DC0EB2CB99A->00cb801d-97e1-4292-a478-3bdac0cd726d: receive RaftClientReply:client-7DC0EB2CB99A->00cb801d-97e1-4292-a478-3bdac0cd726d@group-B83E8685FE49, cid=238, FAILED org.apache.ratis.protocol.NotLeaderException: Server 00cb801d-97e1-4292-a478-3bdac0cd726d is not the leader (null). Request must be sent to leader., logIndex=0, commits[00cb801d-97e1-4292-a478-3bdac0cd726d:c-1]
2019-08-28 19:03:57,216 | INFO  | SCMAudit | user=jenkins1000 | ip=192.168.69.102 | op=SEND_HEARTBEAT {datanodeUUID=00cf7d40-ac63-4acb-9b30-bd0829021504, command=[]} | ret=SUCCESS |  
2019-08-28 19:03:57,228 [Thread-4604] INFO  container.ReplicationManager (ReplicationManager.java:start(152)) - Starting Replication Monitor Thread.
2019-08-28 19:03:57,232 [ReplicationMonitor] INFO  container.ReplicationManager (ReplicationManager.java:run(215)) - Replication Monitor Thread took 0 milliseconds for processing 1 containers.
2019-08-28 19:03:57,405 | INFO  | SCMAudit | user=jenkins1000 | ip=192.168.69.102 | op=SEND_HEARTBEAT {datanodeUUID=ce6b780e-8dc8-43df-9fdb-a1ffb55c35f1, command=[]} | ret=SUCCESS |  
2019-08-28 19:03:57,433 | INFO  | SCMAudit | user=jenkins1000 | ip=192.168.69.102 | op=SEND_HEARTBEAT {datanodeUUID=adfa36b7-498a-4b65-9252-7ca31df0730f, command=[]} | ret=SUCCESS |  
2019-08-28 19:03:57,608 | INFO  | SCMAudit | user=jenkins1000 | ip=192.168.69.102 | op=SEND_HEARTBEAT {datanodeUUID=04b92ac3-39b2-406b-bc61-5570adcbc657, command=[]} | ret=SUCCESS |  
2019-08-28 19:03:57,640 | INFO  | SCMAudit | user=jenkins1000 | ip=192.168.69.102 | op=SEND_HEARTBEAT {datanodeUUID=00cb801d-97e1-4292-a478-3bdac0cd726d, command=[]} | ret=SUCCESS |  
2019-08-28 19:03:57,798 | INFO  | SCMAudit | user=jenkins1000 | ip=192.168.69.102 | op=SEND_HEARTBEAT {datanodeUUID=d3473fb4-3d79-4d8b-9a93-f76ee1ee07e0, command=[]} | ret=SUCCESS |  
2019-08-28 19:03:57,834 | INFO  | SCMAudit | user=jenkins1000 | ip=192.168.69.102 | op=SEND_HEARTBEAT {datanodeUUID=e1b50e67-c8fe-477b-ba6a-852460aa374a, command=[]} | ret=SUCCESS |  
2019-08-28 19:03:58,055 [grpc-default-executor-12] INFO  client.GrpcClientProtocolClient (GrpcClientProtocolClient.java:onNext(255)) - client-7DC0EB2CB99A->00cf7d40-ac63-4acb-9b30-bd0829021504: receive RaftClientReply:client-7DC0EB2CB99A->00cf7d40-ac63-4acb-9b30-bd0829021504@group-B83E8685FE49, cid=238, FAILED org.apache.ratis.protocol.NotLeaderException: Server 00cf7d40-ac63-4acb-9b30-bd0829021504 is not the leader (null). Request must be sent to leader., logIndex=0, commits[00cf7d40-ac63-4acb-9b30-bd0829021504:c-1]
2019-08-28 19:03:58,217 | INFO  | SCMAudit | user=jenkins1000 | ip=192.168.69.102 | op=SEND_HEARTBEAT {datanodeUUID=00cf7d40-ac63-4acb-9b30-bd0829021504, command=[]} | ret=SUCCESS |  
2019-08-28 19:03:58,405 | INFO  | SCMAudit | user=jenkins1000 | ip=192.168.69.102 | op=SEND_HEARTBEAT {datanodeUUID=ce6b780e-8dc8-43df-9fdb-a1ffb55c35f1, command=[]} | ret=SUCCESS |  
2019-08-28 19:03:58,433 | INFO  | SCMAudit | user=jenkins1000 | ip=192.168.69.102 | op=SEND_HEARTBEAT {datanodeUUID=adfa36b7-498a-4b65-9252-7ca31df0730f, command=[]} | ret=SUCCESS |  
2019-08-28 19:03:58,608 | INFO  | SCMAudit | user=jenkins1000 | ip=192.168.69.102 | op=SEND_HEARTBEAT {datanodeUUID=04b92ac3-39b2-406b-bc61-5570adcbc657, command=[]} | ret=SUCCESS |  
2019-08-28 19:03:58,641 | INFO  | SCMAudit | user=jenkins1000 | ip=192.168.69.102 | op=SEND_HEARTBEAT {datanodeUUID=00cb801d-97e1-4292-a478-3bdac0cd726d, command=[]} | ret=SUCCESS |  
2019-08-28 19:03:58,797 | INFO  | SCMAudit | user=jenkins1000 | ip=192.168.69.102 | op=SEND_HEARTBEAT {datanodeUUID=d3473fb4-3d79-4d8b-9a93-f76ee1ee07e0, command=[]} | ret=SUCCESS |  
2019-08-28 19:03:58,834 | INFO  | SCMAudit | user=jenkins1000 | ip=192.168.69.102 | op=SEND_HEARTBEAT {datanodeUUID=e1b50e67-c8fe-477b-ba6a-852460aa374a, command=[]} | ret=SUCCESS |  
2019-08-28 19:03:59,070 [grpc-default-executor-4] INFO  client.GrpcClientProtocolClient (GrpcClientProtocolClient.java:onNext(255)) - client-7DC0EB2CB99A->adfa36b7-498a-4b65-9252-7ca31df0730f: receive RaftClientReply:client-7DC0EB2CB99A->adfa36b7-498a-4b65-9252-7ca31df0730f@group-B83E8685FE49, cid=238, FAILED org.apache.ratis.protocol.NotLeaderException: Server adfa36b7-498a-4b65-9252-7ca31df0730f is not the leader (null). Request must be sent to leader., logIndex=0, commits[adfa36b7-498a-4b65-9252-7ca31df0730f:c-1]
2019-08-28 19:03:59,216 | INFO  | SCMAudit | user=jenkins1000 | ip=192.168.69.102 | op=SEND_HEARTBEAT {datanodeUUID=00cf7d40-ac63-4acb-9b30-bd0829021504, command=[]} | ret=SUCCESS |  
2019-08-28 19:03:59,327 [Thread-4606] INFO  impl.FollowerState (FollowerState.java:run(106)) - 00cf7d40-ac63-4acb-9b30-bd0829021504:group-A29AC2AA934A changes to CANDIDATE, lastRpcTime:5020, electionTimeout:5020ms
2019-08-28 19:03:59,328 [Thread-4606] INFO  impl.RoleInfo (RoleInfo.java:shutdownFollowerState(121)) - 00cf7d40-ac63-4acb-9b30-bd0829021504: shutdown FollowerState
2019-08-28 19:03:59,328 [Thread-4606] INFO  impl.RaftServerImpl (RaftServerImpl.java:setRole(171)) - 00cf7d40-ac63-4acb-9b30-bd0829021504:group-A29AC2AA934A changes role from FOLLOWER to CANDIDATE at term 0 for changeToCandidate
2019-08-28 19:03:59,328 [Thread-4606] INFO  impl.RoleInfo (RoleInfo.java:updateAndGet(143)) - 00cf7d40-ac63-4acb-9b30-bd0829021504: start LeaderElection
2019-08-28 19:03:59,362 [00cf7d40-ac63-4acb-9b30-bd0829021504:group-A29AC2AA934A:LeaderElection96] INFO  impl.LeaderElection (LeaderElection.java:askForVotes(181)) - 00cf7d40-ac63-4acb-9b30-bd0829021504:group-A29AC2AA934A:LeaderElection96: begin an election at term 1 for -1: [00cf7d40-ac63-4acb-9b30-bd0829021504:192.168.69.102:33352], old=null
2019-08-28 19:03:59,363 [00cf7d40-ac63-4acb-9b30-bd0829021504:group-A29AC2AA934A:LeaderElection96] INFO  impl.RoleInfo (RoleInfo.java:shutdownLeaderElection(134)) - 00cf7d40-ac63-4acb-9b30-bd0829021504: shutdown LeaderElection
2019-08-28 19:03:59,363 [00cf7d40-ac63-4acb-9b30-bd0829021504:group-A29AC2AA934A:LeaderElection96] INFO  impl.RaftServerImpl (RaftServerImpl.java:setRole(171)) - 00cf7d40-ac63-4acb-9b30-bd0829021504:group-A29AC2AA934A changes role from CANDIDATE to LEADER at term 1 for changeToLeader
2019-08-28 19:03:59,363 [00cf7d40-ac63-4acb-9b30-bd0829021504:group-A29AC2AA934A:LeaderElection96] INFO  impl.RaftServerImpl (ServerState.java:setLeader(263)) - 00cf7d40-ac63-4acb-9b30-bd0829021504:group-A29AC2AA934A change Leader from null to 00cf7d40-ac63-4acb-9b30-bd0829021504 at term 1 for becomeLeader, leader elected after 5060ms
2019-08-28 19:03:59,363 [00cf7d40-ac63-4acb-9b30-bd0829021504:group-A29AC2AA934A:LeaderElection96] INFO  server.RaftServerConfigKeys (ConfUtils.java:logGet(43)) - raft.server.staging.catchup.gap = 1000 (default)
2019-08-28 19:03:59,363 [00cf7d40-ac63-4acb-9b30-bd0829021504:group-A29AC2AA934A:LeaderElection96] INFO  server.RaftServerConfigKeys (ConfUtils.java:logGet(43)) - raft.server.rpc.sleep.time = 25ms (default)
2019-08-28 19:03:59,364 [00cf7d40-ac63-4acb-9b30-bd0829021504:group-A29AC2AA934A:LeaderElection96] INFO  server.RaftServerConfigKeys (ConfUtils.java:logGet(43)) - raft.server.write.element-limit = 4096 (default)
2019-08-28 19:03:59,364 [00cf7d40-ac63-4acb-9b30-bd0829021504:group-A29AC2AA934A:LeaderElection96] INFO  server.RaftServerConfigKeys (ConfUtils.java:logGet(43)) - raft.server.watch.timeout = 10s (default)
2019-08-28 19:03:59,364 [00cf7d40-ac63-4acb-9b30-bd0829021504:group-A29AC2AA934A:LeaderElection96] INFO  server.RaftServerConfigKeys (ConfUtils.java:logGet(43)) - raft.server.watch.timeout.denomination = 1s (default)
2019-08-28 19:03:59,364 [00cf7d40-ac63-4acb-9b30-bd0829021504:group-A29AC2AA934A:LeaderElection96] INFO  server.RaftServerConfigKeys (ConfUtils.java:logGet(43)) - raft.server.watch.element-limit = 65536 (default)
2019-08-28 19:03:59,364 [00cf7d40-ac63-4acb-9b30-bd0829021504:group-A29AC2AA934A:LeaderElection96] INFO  impl.RoleInfo (RoleInfo.java:updateAndGet(143)) - 00cf7d40-ac63-4acb-9b30-bd0829021504: start LeaderState
2019-08-28 19:03:59,365 [00cf7d40-ac63-4acb-9b30-bd0829021504:group-A29AC2AA934A:LeaderElection96] INFO  segmented.SegmentedRaftLogWorker (SegmentedRaftLogWorker.java:startLogSegment(380)) - 00cf7d40-ac63-4acb-9b30-bd0829021504-SegmentedRaftLogWorker:Storage Directory /workdir/hadoop-ozone/integration-test/target/test-dir/MiniOzoneClusterImpl-707007af-a3e3-45d7-ab83-09aed58cd643/datanode-0/data/ratis/221d3e10-a2c9-4e50-a0d3-a29ac2aa934a: Starting segment from index:0
2019-08-28 19:03:59,366 [00cf7d40-ac63-4acb-9b30-bd0829021504:group-A29AC2AA934A:LeaderElection96] INFO  impl.RaftServerImpl (ServerState.java:setRaftConf(361)) - 00cf7d40-ac63-4acb-9b30-bd0829021504:group-A29AC2AA934A set configuration 0: [00cf7d40-ac63-4acb-9b30-bd0829021504:192.168.69.102:33352], old=null at 0
2019-08-28 19:03:59,405 | INFO  | SCMAudit | user=jenkins1000 | ip=192.168.69.102 | op=SEND_HEARTBEAT {datanodeUUID=ce6b780e-8dc8-43df-9fdb-a1ffb55c35f1, command=[]} | ret=SUCCESS |  
2019-08-28 19:03:59,424 [00cf7d40-ac63-4acb-9b30-bd0829021504-SegmentedRaftLogWorker:Storage Directory /workdir/hadoop-ozone/integration-test/target/test-dir/MiniOzoneClusterImpl-707007af-a3e3-45d7-ab83-09aed58cd643/datanode-0/data/ratis/221d3e10-a2c9-4e50-a0d3-a29ac2aa934a] INFO  segmented.SegmentedRaftLogWorker (SegmentedRaftLogWorker.java:execute(569)) - 00cf7d40-ac63-4acb-9b30-bd0829021504-SegmentedRaftLogWorker:Storage Directory /workdir/hadoop-ozone/integration-test/target/test-dir/MiniOzoneClusterImpl-707007af-a3e3-45d7-ab83-09aed58cd643/datanode-0/data/ratis/221d3e10-a2c9-4e50-a0d3-a29ac2aa934a: created new log segment /workdir/hadoop-ozone/integration-test/target/test-dir/MiniOzoneClusterImpl-707007af-a3e3-45d7-ab83-09aed58cd643/datanode-0/data/ratis/221d3e10-a2c9-4e50-a0d3-a29ac2aa934a/current/log_inprogress_0
2019-08-28 19:03:59,433 | INFO  | SCMAudit | user=jenkins1000 | ip=192.168.69.102 | op=SEND_HEARTBEAT {datanodeUUID=adfa36b7-498a-4b65-9252-7ca31df0730f, command=[]} | ret=SUCCESS |  
2019-08-28 19:03:59,557 [Thread-4612] INFO  impl.FollowerState (FollowerState.java:run(106)) - adfa36b7-498a-4b65-9252-7ca31df0730f:group-B5D6B38141F7 changes to CANDIDATE, lastRpcTime:5062, electionTimeout:5062ms
2019-08-28 19:03:59,558 [Thread-4612] INFO  impl.RoleInfo (RoleInfo.java:shutdownFollowerState(121)) - adfa36b7-498a-4b65-9252-7ca31df0730f: shutdown FollowerState
2019-08-28 19:03:59,558 [Thread-4612] INFO  impl.RaftServerImpl (RaftServerImpl.java:setRole(171)) - adfa36b7-498a-4b65-9252-7ca31df0730f:group-B5D6B38141F7 changes role from FOLLOWER to CANDIDATE at term 0 for changeToCandidate
2019-08-28 19:03:59,558 [Thread-4612] INFO  impl.RoleInfo (RoleInfo.java:updateAndGet(143)) - adfa36b7-498a-4b65-9252-7ca31df0730f: start LeaderElection
2019-08-28 19:03:59,600 [adfa36b7-498a-4b65-9252-7ca31df0730f:group-B5D6B38141F7:LeaderElection97] INFO  impl.LeaderElection (LeaderElection.java:askForVotes(181)) - adfa36b7-498a-4b65-9252-7ca31df0730f:group-B5D6B38141F7:LeaderElection97: begin an election at term 1 for -1: [adfa36b7-498a-4b65-9252-7ca31df0730f:192.168.69.102:35284], old=null
2019-08-28 19:03:59,600 [adfa36b7-498a-4b65-9252-7ca31df0730f:group-B5D6B38141F7:LeaderElection97] INFO  impl.RoleInfo (RoleInfo.java:shutdownLeaderElection(134)) - adfa36b7-498a-4b65-9252-7ca31df0730f: shutdown LeaderElection
2019-08-28 19:03:59,600 [adfa36b7-498a-4b65-9252-7ca31df0730f:group-B5D6B38141F7:LeaderElection97] INFO  impl.RaftServerImpl (RaftServerImpl.java:setRole(171)) - adfa36b7-498a-4b65-9252-7ca31df0730f:group-B5D6B38141F7 changes role from CANDIDATE to LEADER at term 1 for changeToLeader
2019-08-28 19:03:59,600 [adfa36b7-498a-4b65-9252-7ca31df0730f:group-B5D6B38141F7:LeaderElection97] INFO  impl.RaftServerImpl (ServerState.java:setLeader(263)) - adfa36b7-498a-4b65-9252-7ca31df0730f:group-B5D6B38141F7 change Leader from null to adfa36b7-498a-4b65-9252-7ca31df0730f at term 1 for becomeLeader, leader elected after 5109ms
2019-08-28 19:03:59,601 [adfa36b7-498a-4b65-9252-7ca31df0730f:group-B5D6B38141F7:LeaderElection97] INFO  server.RaftServerConfigKeys (ConfUtils.java:logGet(43)) - raft.server.staging.catchup.gap = 1000 (default)
2019-08-28 19:03:59,601 [adfa36b7-498a-4b65-9252-7ca31df0730f:group-B5D6B38141F7:LeaderElection97] INFO  server.RaftServerConfigKeys (ConfUtils.java:logGet(43)) - raft.server.rpc.sleep.time = 25ms (default)
2019-08-28 19:03:59,601 [adfa36b7-498a-4b65-9252-7ca31df0730f:group-B5D6B38141F7:LeaderElection97] INFO  server.RaftServerConfigKeys (ConfUtils.java:logGet(43)) - raft.server.write.element-limit = 4096 (default)
2019-08-28 19:03:59,601 [adfa36b7-498a-4b65-9252-7ca31df0730f:group-B5D6B38141F7:LeaderElection97] INFO  server.RaftServerConfigKeys (ConfUtils.java:logGet(43)) - raft.server.watch.timeout = 10s (default)
2019-08-28 19:03:59,601 [adfa36b7-498a-4b65-9252-7ca31df0730f:group-B5D6B38141F7:LeaderElection97] INFO  server.RaftServerConfigKeys (ConfUtils.java:logGet(43)) - raft.server.watch.timeout.denomination = 1s (default)
2019-08-28 19:03:59,601 [adfa36b7-498a-4b65-9252-7ca31df0730f:group-B5D6B38141F7:LeaderElection97] INFO  server.RaftServerConfigKeys (ConfUtils.java:logGet(43)) - raft.server.watch.element-limit = 65536 (default)
2019-08-28 19:03:59,601 [adfa36b7-498a-4b65-9252-7ca31df0730f:group-B5D6B38141F7:LeaderElection97] INFO  impl.RoleInfo (RoleInfo.java:updateAndGet(143)) - adfa36b7-498a-4b65-9252-7ca31df0730f: start LeaderState
2019-08-28 19:03:59,602 [adfa36b7-498a-4b65-9252-7ca31df0730f:group-B5D6B38141F7:LeaderElection97] INFO  segmented.SegmentedRaftLogWorker (SegmentedRaftLogWorker.java:startLogSegment(380)) - adfa36b7-498a-4b65-9252-7ca31df0730f-SegmentedRaftLogWorker:Storage Directory /workdir/hadoop-ozone/integration-test/target/test-dir/MiniOzoneClusterImpl-707007af-a3e3-45d7-ab83-09aed58cd643/datanode-1/data/ratis/1a8abcb4-9fe8-4383-bbbc-b5d6b38141f7: Starting segment from index:0
2019-08-28 19:03:59,602 [adfa36b7-498a-4b65-9252-7ca31df0730f:group-B5D6B38141F7:LeaderElection97] INFO  impl.RaftServerImpl (ServerState.java:setRaftConf(361)) - adfa36b7-498a-4b65-9252-7ca31df0730f:group-B5D6B38141F7 set configuration 0: [adfa36b7-498a-4b65-9252-7ca31df0730f:192.168.69.102:35284], old=null at 0
2019-08-28 19:03:59,608 | INFO  | SCMAudit | user=jenkins1000 | ip=192.168.69.102 | op=SEND_HEARTBEAT {datanodeUUID=04b92ac3-39b2-406b-bc61-5570adcbc657, command=[]} | ret=SUCCESS |  
2019-08-28 19:03:59,641 | INFO  | SCMAudit | user=jenkins1000 | ip=192.168.69.102 | op=SEND_HEARTBEAT {datanodeUUID=00cb801d-97e1-4292-a478-3bdac0cd726d, command=[]} | ret=SUCCESS |  
2019-08-28 19:03:59,657 [adfa36b7-498a-4b65-9252-7ca31df0730f-SegmentedRaftLogWorker:Storage Directory /workdir/hadoop-ozone/integration-test/target/test-dir/MiniOzoneClusterImpl-707007af-a3e3-45d7-ab83-09aed58cd643/datanode-1/data/ratis/1a8abcb4-9fe8-4383-bbbc-b5d6b38141f7] INFO  segmented.SegmentedRaftLogWorker (SegmentedRaftLogWorker.java:execute(569)) - adfa36b7-498a-4b65-9252-7ca31df0730f-SegmentedRaftLogWorker:Storage Directory /workdir/hadoop-ozone/integration-test/target/test-dir/MiniOzoneClusterImpl-707007af-a3e3-45d7-ab83-09aed58cd643/datanode-1/data/ratis/1a8abcb4-9fe8-4383-bbbc-b5d6b38141f7: created new log segment /workdir/hadoop-ozone/integration-test/target/test-dir/MiniOzoneClusterImpl-707007af-a3e3-45d7-ab83-09aed58cd643/datanode-1/data/ratis/1a8abcb4-9fe8-4383-bbbc-b5d6b38141f7/current/log_inprogress_0
2019-08-28 19:03:59,782 [Thread-4622] INFO  impl.FollowerState (FollowerState.java:run(106)) - adfa36b7-498a-4b65-9252-7ca31df0730f:group-B83E8685FE49 changes to CANDIDATE, lastRpcTime:5004, electionTimeout:5004ms
2019-08-28 19:03:59,782 [Thread-4622] INFO  impl.RoleInfo (RoleInfo.java:shutdownFollowerState(121)) - adfa36b7-498a-4b65-9252-7ca31df0730f: shutdown FollowerState
2019-08-28 19:03:59,782 [Thread-4622] INFO  impl.RaftServerImpl (RaftServerImpl.java:setRole(171)) - adfa36b7-498a-4b65-9252-7ca31df0730f:group-B83E8685FE49 changes role from FOLLOWER to CANDIDATE at term 0 for changeToCandidate
2019-08-28 19:03:59,782 [Thread-4622] INFO  impl.RoleInfo (RoleInfo.java:updateAndGet(143)) - adfa36b7-498a-4b65-9252-7ca31df0730f: start LeaderElection
2019-08-28 19:03:59,797 | INFO  | SCMAudit | user=jenkins1000 | ip=192.168.69.102 | op=SEND_HEARTBEAT {datanodeUUID=d3473fb4-3d79-4d8b-9a93-f76ee1ee07e0, command=[]} | ret=SUCCESS |  
2019-08-28 19:03:59,802 [adfa36b7-498a-4b65-9252-7ca31df0730f:group-B83E8685FE49:LeaderElection98] INFO  impl.LeaderElection (LeaderElection.java:askForVotes(181)) - adfa36b7-498a-4b65-9252-7ca31df0730f:group-B83E8685FE49:LeaderElection98: begin an election at term 1 for -1: [adfa36b7-498a-4b65-9252-7ca31df0730f:192.168.69.102:35284, 00cb801d-97e1-4292-a478-3bdac0cd726d:192.168.69.102:37747, 00cf7d40-ac63-4acb-9b30-bd0829021504:192.168.69.102:33352], old=null
2019-08-28 19:03:59,806 [grpc-default-executor-4] INFO  impl.RaftServerImpl (RaftServerImpl.java:setRole(171)) - 00cf7d40-ac63-4acb-9b30-bd0829021504:group-B83E8685FE49 changes role from FOLLOWER to FOLLOWER at term 1 for recognizeCandidate:adfa36b7-498a-4b65-9252-7ca31df0730f
2019-08-28 19:03:59,806 [grpc-default-executor-12] INFO  impl.RaftServerImpl (RaftServerImpl.java:setRole(171)) - 00cb801d-97e1-4292-a478-3bdac0cd726d:group-B83E8685FE49 changes role from FOLLOWER to FOLLOWER at term 1 for recognizeCandidate:adfa36b7-498a-4b65-9252-7ca31df0730f
2019-08-28 19:03:59,806 [grpc-default-executor-4] INFO  impl.RoleInfo (RoleInfo.java:shutdownFollowerState(121)) - 00cf7d40-ac63-4acb-9b30-bd0829021504: shutdown FollowerState
2019-08-28 19:03:59,806 [grpc-default-executor-12] INFO  impl.RoleInfo (RoleInfo.java:shutdownFollowerState(121)) - 00cb801d-97e1-4292-a478-3bdac0cd726d: shutdown FollowerState
2019-08-28 19:03:59,807 [Thread-4618] INFO  impl.FollowerState (FollowerState.java:run(114)) - 00cf7d40-ac63-4acb-9b30-bd0829021504: FollowerState was interrupted: java.lang.InterruptedException: sleep interrupted
2019-08-28 19:03:59,807 [Thread-4623] INFO  impl.FollowerState (FollowerState.java:run(114)) - 00cb801d-97e1-4292-a478-3bdac0cd726d: FollowerState was interrupted: java.lang.InterruptedException: sleep interrupted
2019-08-28 19:03:59,807 [grpc-default-executor-4] INFO  impl.RoleInfo (RoleInfo.java:updateAndGet(143)) - 00cf7d40-ac63-4acb-9b30-bd0829021504: start FollowerState
2019-08-28 19:03:59,807 [grpc-default-executor-12] INFO  impl.RoleInfo (RoleInfo.java:updateAndGet(143)) - 00cb801d-97e1-4292-a478-3bdac0cd726d: start FollowerState
2019-08-28 19:03:59,834 | INFO  | SCMAudit | user=jenkins1000 | ip=192.168.69.102 | op=SEND_HEARTBEAT {datanodeUUID=e1b50e67-c8fe-477b-ba6a-852460aa374a, command=[]} | ret=SUCCESS |  
2019-08-28 19:03:59,848 [Thread-4615] INFO  impl.FollowerState (FollowerState.java:run(106)) - 00cb801d-97e1-4292-a478-3bdac0cd726d:group-52906C2AD0CE changes to CANDIDATE, lastRpcTime:5138, electionTimeout:5138ms
2019-08-28 19:03:59,848 [Thread-4615] INFO  impl.RoleInfo (RoleInfo.java:shutdownFollowerState(121)) - 00cb801d-97e1-4292-a478-3bdac0cd726d: shutdown FollowerState
2019-08-28 19:03:59,848 [Thread-4615] INFO  impl.RaftServerImpl (RaftServerImpl.java:setRole(171)) - 00cb801d-97e1-4292-a478-3bdac0cd726d:group-52906C2AD0CE changes role from FOLLOWER to CANDIDATE at term 0 for changeToCandidate
2019-08-28 19:03:59,848 [Thread-4615] INFO  impl.RoleInfo (RoleInfo.java:updateAndGet(143)) - 00cb801d-97e1-4292-a478-3bdac0cd726d: start LeaderElection
2019-08-28 19:03:59,896 [Thread-4627] INFO  impl.FollowerState (FollowerState.java:run(106)) - e1b50e67-c8fe-477b-ba6a-852460aa374a:group-A23D97187071 changes to CANDIDATE, lastRpcTime:5019, electionTimeout:5019ms
2019-08-28 19:03:59,896 [Thread-4627] INFO  impl.RoleInfo (RoleInfo.java:shutdownFollowerState(121)) - e1b50e67-c8fe-477b-ba6a-852460aa374a: shutdown FollowerState
2019-08-28 19:03:59,896 [Thread-4627] INFO  impl.RaftServerImpl (RaftServerImpl.java:setRole(171)) - e1b50e67-c8fe-477b-ba6a-852460aa374a:group-A23D97187071 changes role from FOLLOWER to CANDIDATE at term 0 for changeToCandidate
2019-08-28 19:03:59,897 [Thread-4627] INFO  impl.RoleInfo (RoleInfo.java:updateAndGet(143)) - e1b50e67-c8fe-477b-ba6a-852460aa374a: start LeaderElection
2019-08-28 19:03:59,913 [00cb801d-97e1-4292-a478-3bdac0cd726d:group-52906C2AD0CE:LeaderElection99] INFO  impl.LeaderElection (LeaderElection.java:askForVotes(181)) - 00cb801d-97e1-4292-a478-3bdac0cd726d:group-52906C2AD0CE:LeaderElection99: begin an election at term 1 for -1: [00cb801d-97e1-4292-a478-3bdac0cd726d:192.168.69.102:37747], old=null
2019-08-28 19:03:59,913 [00cb801d-97e1-4292-a478-3bdac0cd726d:group-52906C2AD0CE:LeaderElection99] INFO  impl.RoleInfo (RoleInfo.java:shutdownLeaderElection(134)) - 00cb801d-97e1-4292-a478-3bdac0cd726d: shutdown LeaderElection
2019-08-28 19:03:59,913 [00cb801d-97e1-4292-a478-3bdac0cd726d:group-52906C2AD0CE:LeaderElection99] INFO  impl.RaftServerImpl (RaftServerImpl.java:setRole(171)) - 00cb801d-97e1-4292-a478-3bdac0cd726d:group-52906C2AD0CE changes role from CANDIDATE to LEADER at term 1 for changeToLeader
2019-08-28 19:03:59,914 [00cb801d-97e1-4292-a478-3bdac0cd726d:group-52906C2AD0CE:LeaderElection99] INFO  impl.RaftServerImpl (ServerState.java:setLeader(263)) - 00cb801d-97e1-4292-a478-3bdac0cd726d:group-52906C2AD0CE change Leader from null to 00cb801d-97e1-4292-a478-3bdac0cd726d at term 1 for becomeLeader, leader elected after 5208ms
2019-08-28 19:03:59,914 [00cb801d-97e1-4292-a478-3bdac0cd726d:group-52906C2AD0CE:LeaderElection99] INFO  server.RaftServerConfigKeys (ConfUtils.java:logGet(43)) - raft.server.staging.catchup.gap = 1000 (default)
2019-08-28 19:03:59,914 [00cb801d-97e1-4292-a478-3bdac0cd726d:group-52906C2AD0CE:LeaderElection99] INFO  server.RaftServerConfigKeys (ConfUtils.java:logGet(43)) - raft.server.rpc.sleep.time = 25ms (default)
2019-08-28 19:03:59,914 [00cb801d-97e1-4292-a478-3bdac0cd726d:group-52906C2AD0CE:LeaderElection99] INFO  server.RaftServerConfigKeys (ConfUtils.java:logGet(43)) - raft.server.write.element-limit = 4096 (default)
2019-08-28 19:03:59,914 [adfa36b7-498a-4b65-9252-7ca31df0730f:group-B83E8685FE49:LeaderElection98] INFO  impl.LeaderElection (LeaderElection.java:logAndReturn(56)) - adfa36b7-498a-4b65-9252-7ca31df0730f:group-B83E8685FE49:LeaderElection98: Election PASSED; received 1 response(s) [adfa36b7-498a-4b65-9252-7ca31df0730f<-00cf7d40-ac63-4acb-9b30-bd0829021504#0:OK-t1] and 0 exception(s); adfa36b7-498a-4b65-9252-7ca31df0730f:t1, leader=null, voted=adfa36b7-498a-4b65-9252-7ca31df0730f, raftlog=adfa36b7-498a-4b65-9252-7ca31df0730f-SegmentedRaftLog:OPENED:c-1,f-1,i0, conf=-1: [adfa36b7-498a-4b65-9252-7ca31df0730f:192.168.69.102:35284, 00cb801d-97e1-4292-a478-3bdac0cd726d:192.168.69.102:37747, 00cf7d40-ac63-4acb-9b30-bd0829021504:192.168.69.102:33352], old=null
2019-08-28 19:03:59,914 [00cb801d-97e1-4292-a478-3bdac0cd726d:group-52906C2AD0CE:LeaderElection99] INFO  server.RaftServerConfigKeys (ConfUtils.java:logGet(43)) - raft.server.watch.timeout = 10s (default)
2019-08-28 19:03:59,914 [adfa36b7-498a-4b65-9252-7ca31df0730f:group-B83E8685FE49:LeaderElection98] INFO  impl.RoleInfo (RoleInfo.java:shutdownLeaderElection(134)) - adfa36b7-498a-4b65-9252-7ca31df0730f: shutdown LeaderElection
2019-08-28 19:03:59,914 [00cb801d-97e1-4292-a478-3bdac0cd726d:group-52906C2AD0CE:LeaderElection99] INFO  server.RaftServerConfigKeys (ConfUtils.java:logGet(43)) - raft.server.watch.timeout.denomination = 1s (default)
2019-08-28 19:03:59,914 [adfa36b7-498a-4b65-9252-7ca31df0730f:group-B83E8685FE49:LeaderElection98] INFO  impl.RaftServerImpl (RaftServerImpl.java:setRole(171)) - adfa36b7-498a-4b65-9252-7ca31df0730f:group-B83E8685FE49 changes role from CANDIDATE to LEADER at term 1 for changeToLeader
2019-08-28 19:03:59,915 [00cb801d-97e1-4292-a478-3bdac0cd726d:group-52906C2AD0CE:LeaderElection99] INFO  server.RaftServerConfigKeys (ConfUtils.java:logGet(43)) - raft.server.watch.element-limit = 65536 (default)
2019-08-28 19:03:59,915 [adfa36b7-498a-4b65-9252-7ca31df0730f:group-B83E8685FE49:LeaderElection98] INFO  impl.RaftServerImpl (ServerState.java:setLeader(263)) - adfa36b7-498a-4b65-9252-7ca31df0730f:group-B83E8685FE49 change Leader from null to adfa36b7-498a-4b65-9252-7ca31df0730f at term 1 for becomeLeader, leader elected after 5147ms
2019-08-28 19:03:59,915 [00cb801d-97e1-4292-a478-3bdac0cd726d:group-52906C2AD0CE:LeaderElection99] INFO  impl.RoleInfo (RoleInfo.java:updateAndGet(143)) - 00cb801d-97e1-4292-a478-3bdac0cd726d: start LeaderState
2019-08-28 19:03:59,915 [adfa36b7-498a-4b65-9252-7ca31df0730f:group-B83E8685FE49:LeaderElection98] INFO  server.RaftServerConfigKeys (ConfUtils.java:logGet(43)) - raft.server.staging.catchup.gap = 1000 (default)
2019-08-28 19:03:59,915 [00cb801d-97e1-4292-a478-3bdac0cd726d:group-52906C2AD0CE:LeaderElection99] INFO  segmented.SegmentedRaftLogWorker (SegmentedRaftLogWorker.java:startLogSegment(380)) - 00cb801d-97e1-4292-a478-3bdac0cd726d-SegmentedRaftLogWorker:Storage Directory /workdir/hadoop-ozone/integration-test/target/test-dir/MiniOzoneClusterImpl-707007af-a3e3-45d7-ab83-09aed58cd643/datanode-2/data/ratis/5458d3ff-65ea-4733-9280-52906c2ad0ce: Starting segment from index:0
2019-08-28 19:03:59,915 [adfa36b7-498a-4b65-9252-7ca31df0730f:group-B83E8685FE49:LeaderElection98] INFO  server.RaftServerConfigKeys (ConfUtils.java:logGet(43)) - raft.server.rpc.sleep.time = 25ms (default)
2019-08-28 19:03:59,915 [adfa36b7-498a-4b65-9252-7ca31df0730f:group-B83E8685FE49:LeaderElection98] INFO  server.RaftServerConfigKeys (ConfUtils.java:logGet(43)) - raft.server.write.element-limit = 4096 (default)
2019-08-28 19:03:59,915 [00cb801d-97e1-4292-a478-3bdac0cd726d:group-52906C2AD0CE:LeaderElection99] INFO  impl.RaftServerImpl (ServerState.java:setRaftConf(361)) - 00cb801d-97e1-4292-a478-3bdac0cd726d:group-52906C2AD0CE set configuration 0: [00cb801d-97e1-4292-a478-3bdac0cd726d:192.168.69.102:37747], old=null at 0
2019-08-28 19:03:59,916 [adfa36b7-498a-4b65-9252-7ca31df0730f:group-B83E8685FE49:LeaderElection98] INFO  server.RaftServerConfigKeys (ConfUtils.java:logGet(43)) - raft.server.watch.timeout = 10s (default)
2019-08-28 19:03:59,916 [adfa36b7-498a-4b65-9252-7ca31df0730f:group-B83E8685FE49:LeaderElection98] INFO  server.RaftServerConfigKeys (ConfUtils.java:logGet(43)) - raft.server.watch.timeout.denomination = 1s (default)
2019-08-28 19:03:59,916 [adfa36b7-498a-4b65-9252-7ca31df0730f:group-B83E8685FE49:LeaderElection98] INFO  server.RaftServerConfigKeys (ConfUtils.java:logGet(43)) - raft.server.watch.element-limit = 65536 (default)
2019-08-28 19:03:59,916 [adfa36b7-498a-4b65-9252-7ca31df0730f:group-B83E8685FE49:LeaderElection98] INFO  server.RaftServerConfigKeys (ConfUtils.java:logGet(43)) - raft.server.log.appender.snapshot.chunk.size.max = 16MB (=16777216) (default)
2019-08-28 19:03:59,916 [adfa36b7-498a-4b65-9252-7ca31df0730f:group-B83E8685FE49:LeaderElection98] INFO  server.RaftServerConfigKeys (ConfUtils.java:logGet(43)) - raft.server.log.appender.buffer.byte-limit = 33554432 (custom)
2019-08-28 19:03:59,917 [adfa36b7-498a-4b65-9252-7ca31df0730f:group-B83E8685FE49:LeaderElection98] INFO  server.RaftServerConfigKeys (ConfUtils.java:logGet(43)) - raft.server.log.appender.buffer.element-limit = 1 (custom)
2019-08-28 19:03:59,917 [adfa36b7-498a-4b65-9252-7ca31df0730f:group-B83E8685FE49:LeaderElection98] INFO  grpc.GrpcConfigKeys$Server (ConfUtils.java:logGet(43)) - raft.grpc.server.leader.outstanding.appends.max = 128 (default)
2019-08-28 19:03:59,917 [adfa36b7-498a-4b65-9252-7ca31df0730f:group-B83E8685FE49:LeaderElection98] INFO  server.RaftServerConfigKeys (ConfUtils.java:logGet(43)) - raft.server.rpc.request.timeout = 3000ms (default)
2019-08-28 19:03:59,917 [adfa36b7-498a-4b65-9252-7ca31df0730f:group-B83E8685FE49:LeaderElection98] INFO  server.RaftServerConfigKeys (ConfUtils.java:logGet(43)) - raft.server.log.appender.install.snapshot.enabled = false (custom)
2019-08-28 19:03:59,917 [adfa36b7-498a-4b65-9252-7ca31df0730f:group-B83E8685FE49:LeaderElection98] INFO  server.RaftServerConfigKeys (ConfUtils.java:logGet(43)) - raft.server.log.appender.snapshot.chunk.size.max = 16MB (=16777216) (default)
2019-08-28 19:03:59,917 [adfa36b7-498a-4b65-9252-7ca31df0730f:group-B83E8685FE49:LeaderElection98] INFO  server.RaftServerConfigKeys (ConfUtils.java:logGet(43)) - raft.server.log.appender.buffer.byte-limit = 33554432 (custom)
2019-08-28 19:03:59,918 [adfa36b7-498a-4b65-9252-7ca31df0730f:group-B83E8685FE49:LeaderElection98] INFO  server.RaftServerConfigKeys (ConfUtils.java:logGet(43)) - raft.server.log.appender.buffer.element-limit = 1 (custom)
2019-08-28 19:03:59,918 [adfa36b7-498a-4b65-9252-7ca31df0730f:group-B83E8685FE49:LeaderElection98] INFO  grpc.GrpcConfigKeys$Server (ConfUtils.java:logGet(43)) - raft.grpc.server.leader.outstanding.appends.max = 128 (default)
2019-08-28 19:03:59,918 [adfa36b7-498a-4b65-9252-7ca31df0730f:group-B83E8685FE49:LeaderElection98] INFO  server.RaftServerConfigKeys (ConfUtils.java:logGet(43)) - raft.server.rpc.request.timeout = 3000ms (default)
2019-08-28 19:03:59,918 [adfa36b7-498a-4b65-9252-7ca31df0730f:group-B83E8685FE49:LeaderElection98] INFO  server.RaftServerConfigKeys (ConfUtils.java:logGet(43)) - raft.server.log.appender.install.snapshot.enabled = false (custom)
2019-08-28 19:03:59,918 [adfa36b7-498a-4b65-9252-7ca31df0730f:group-B83E8685FE49:LeaderElection98] INFO  impl.RoleInfo (RoleInfo.java:updateAndGet(143)) - adfa36b7-498a-4b65-9252-7ca31df0730f: start LeaderState
2019-08-28 19:03:59,918 [adfa36b7-498a-4b65-9252-7ca31df0730f:group-B83E8685FE49:LeaderElection98] INFO  segmented.SegmentedRaftLogWorker (SegmentedRaftLogWorker.java:startLogSegment(380)) - adfa36b7-498a-4b65-9252-7ca31df0730f-SegmentedRaftLogWorker:Storage Directory /workdir/hadoop-ozone/integration-test/target/test-dir/MiniOzoneClusterImpl-707007af-a3e3-45d7-ab83-09aed58cd643/datanode-1/data/ratis/e5a27023-b46a-4adb-9cab-b83e8685fe49: Starting segment from index:0
2019-08-28 19:03:59,919 [adfa36b7-498a-4b65-9252-7ca31df0730f:group-B83E8685FE49:LeaderElection98] INFO  impl.RaftServerImpl (ServerState.java:setRaftConf(361)) - adfa36b7-498a-4b65-9252-7ca31df0730f:group-B83E8685FE49 set configuration 0: [adfa36b7-498a-4b65-9252-7ca31df0730f:192.168.69.102:35284, 00cb801d-97e1-4292-a478-3bdac0cd726d:192.168.69.102:37747, 00cf7d40-ac63-4acb-9b30-bd0829021504:192.168.69.102:33352], old=null at 0
2019-08-28 19:03:59,920 [grpc-default-executor-4] INFO  impl.RaftServerImpl (ServerState.java:setLeader(263)) - 00cf7d40-ac63-4acb-9b30-bd0829021504:group-B83E8685FE49 change Leader from null to adfa36b7-498a-4b65-9252-7ca31df0730f at term 1 for appendEntries, leader elected after 5153ms
2019-08-28 19:03:59,920 [grpc-default-executor-12] INFO  impl.RaftServerImpl (ServerState.java:setLeader(263)) - 00cb801d-97e1-4292-a478-3bdac0cd726d:group-B83E8685FE49 change Leader from null to adfa36b7-498a-4b65-9252-7ca31df0730f at term 1 for appendEntries, leader elected after 5153ms
2019-08-28 19:03:59,958 [e1b50e67-c8fe-477b-ba6a-852460aa374a:group-A23D97187071:LeaderElection100] INFO  impl.LeaderElection (LeaderElection.java:askForVotes(181)) - e1b50e67-c8fe-477b-ba6a-852460aa374a:group-A23D97187071:LeaderElection100: begin an election at term 1 for -1: [e1b50e67-c8fe-477b-ba6a-852460aa374a:192.168.69.102:34045], old=null
2019-08-28 19:03:59,967 [e1b50e67-c8fe-477b-ba6a-852460aa374a:group-A23D97187071:LeaderElection100] INFO  impl.RoleInfo (RoleInfo.java:shutdownLeaderElection(134)) - e1b50e67-c8fe-477b-ba6a-852460aa374a: shutdown LeaderElection
2019-08-28 19:03:59,967 [e1b50e67-c8fe-477b-ba6a-852460aa374a:group-A23D97187071:LeaderElection100] INFO  impl.RaftServerImpl (RaftServerImpl.java:setRole(171)) - e1b50e67-c8fe-477b-ba6a-852460aa374a:group-A23D97187071 changes role from CANDIDATE to LEADER at term 1 for changeToLeader
2019-08-28 19:03:59,967 [e1b50e67-c8fe-477b-ba6a-852460aa374a:group-A23D97187071:LeaderElection100] INFO  impl.RaftServerImpl (ServerState.java:setLeader(263)) - e1b50e67-c8fe-477b-ba6a-852460aa374a:group-A23D97187071 change Leader from null to e1b50e67-c8fe-477b-ba6a-852460aa374a at term 1 for becomeLeader, leader elected after 5094ms
2019-08-28 19:03:59,967 [e1b50e67-c8fe-477b-ba6a-852460aa374a:group-A23D97187071:LeaderElection100] INFO  server.RaftServerConfigKeys (ConfUtils.java:logGet(43)) - raft.server.staging.catchup.gap = 1000 (default)
2019-08-28 19:03:59,968 [e1b50e67-c8fe-477b-ba6a-852460aa374a:group-A23D97187071:LeaderElection100] INFO  server.RaftServerConfigKeys (ConfUtils.java:logGet(43)) - raft.server.rpc.sleep.time = 25ms (default)
2019-08-28 19:03:59,968 [e1b50e67-c8fe-477b-ba6a-852460aa374a:group-A23D97187071:LeaderElection100] INFO  server.RaftServerConfigKeys (ConfUtils.java:logGet(43)) - raft.server.write.element-limit = 4096 (default)
2019-08-28 19:03:59,968 [e1b50e67-c8fe-477b-ba6a-852460aa374a:group-A23D97187071:LeaderElection100] INFO  server.RaftServerConfigKeys (ConfUtils.java:logGet(43)) - raft.server.watch.timeout = 10s (default)
2019-08-28 19:03:59,968 [e1b50e67-c8fe-477b-ba6a-852460aa374a:group-A23D97187071:LeaderElection100] INFO  server.RaftServerConfigKeys (ConfUtils.java:logGet(43)) - raft.server.watch.timeout.denomination = 1s (default)
2019-08-28 19:03:59,968 [e1b50e67-c8fe-477b-ba6a-852460aa374a:group-A23D97187071:LeaderElection100] INFO  server.RaftServerConfigKeys (ConfUtils.java:logGet(43)) - raft.server.watch.element-limit = 65536 (default)
2019-08-28 19:03:59,968 [e1b50e67-c8fe-477b-ba6a-852460aa374a:group-A23D97187071:LeaderElection100] INFO  impl.RoleInfo (RoleInfo.java:updateAndGet(143)) - e1b50e67-c8fe-477b-ba6a-852460aa374a: start LeaderState
2019-08-28 19:03:59,968 [e1b50e67-c8fe-477b-ba6a-852460aa374a:group-A23D97187071:LeaderElection100] INFO  segmented.SegmentedRaftLogWorker (SegmentedRaftLogWorker.java:startLogSegment(380)) - e1b50e67-c8fe-477b-ba6a-852460aa374a-SegmentedRaftLogWorker:Storage Directory /workdir/hadoop-ozone/integration-test/target/test-dir/MiniOzoneClusterImpl-707007af-a3e3-45d7-ab83-09aed58cd643/datanode-3/data/ratis/34808f99-421c-4589-b57f-a23d97187071: Starting segment from index:0
2019-08-28 19:03:59,971 [e1b50e67-c8fe-477b-ba6a-852460aa374a:group-A23D97187071:LeaderElection100] INFO  impl.RaftServerImpl (ServerState.java:setRaftConf(361)) - e1b50e67-c8fe-477b-ba6a-852460aa374a:group-A23D97187071 set configuration 0: [e1b50e67-c8fe-477b-ba6a-852460aa374a:192.168.69.102:34045], old=null at 0
2019-08-28 19:03:59,971 [grpc-default-executor-12] INFO  impl.RaftServerImpl (ServerState.java:setRaftConf(361)) - 00cf7d40-ac63-4acb-9b30-bd0829021504:group-B83E8685FE49 set configuration 0: [adfa36b7-498a-4b65-9252-7ca31df0730f:192.168.69.102:35284, 00cb801d-97e1-4292-a478-3bdac0cd726d:192.168.69.102:37747, 00cf7d40-ac63-4acb-9b30-bd0829021504:192.168.69.102:33352], old=null at 0
2019-08-28 19:03:59,971 [grpc-default-executor-4] INFO  impl.RaftServerImpl (ServerState.java:setRaftConf(361)) - 00cb801d-97e1-4292-a478-3bdac0cd726d:group-B83E8685FE49 set configuration 0: [adfa36b7-498a-4b65-9252-7ca31df0730f:192.168.69.102:35284, 00cb801d-97e1-4292-a478-3bdac0cd726d:192.168.69.102:37747, 00cf7d40-ac63-4acb-9b30-bd0829021504:192.168.69.102:33352], old=null at 0
2019-08-28 19:03:59,974 [grpc-default-executor-12] INFO  segmented.SegmentedRaftLogWorker (SegmentedRaftLogWorker.java:startLogSegment(380)) - 00cf7d40-ac63-4acb-9b30-bd0829021504-SegmentedRaftLogWorker:Storage Directory /workdir/hadoop-ozone/integration-test/target/test-dir/MiniOzoneClusterImpl-707007af-a3e3-45d7-ab83-09aed58cd643/datanode-0/data/ratis/e5a27023-b46a-4adb-9cab-b83e8685fe49: Starting segment from index:0
2019-08-28 19:03:59,974 [grpc-default-executor-4] INFO  segmented.SegmentedRaftLogWorker (SegmentedRaftLogWorker.java:startLogSegment(380)) - 00cb801d-97e1-4292-a478-3bdac0cd726d-SegmentedRaftLogWorker:Storage Directory /workdir/hadoop-ozone/integration-test/target/test-dir/MiniOzoneClusterImpl-707007af-a3e3-45d7-ab83-09aed58cd643/datanode-2/data/ratis/e5a27023-b46a-4adb-9cab-b83e8685fe49: Starting segment from index:0
2019-08-28 19:03:59,980 [adfa36b7-498a-4b65-9252-7ca31df0730f-SegmentedRaftLogWorker:Storage Directory /workdir/hadoop-ozone/integration-test/target/test-dir/MiniOzoneClusterImpl-707007af-a3e3-45d7-ab83-09aed58cd643/datanode-1/data/ratis/e5a27023-b46a-4adb-9cab-b83e8685fe49] INFO  segmented.SegmentedRaftLogWorker (SegmentedRaftLogWorker.java:execute(569)) - adfa36b7-498a-4b65-9252-7ca31df0730f-SegmentedRaftLogWorker:Storage Directory /workdir/hadoop-ozone/integration-test/target/test-dir/MiniOzoneClusterImpl-707007af-a3e3-45d7-ab83-09aed58cd643/datanode-1/data/ratis/e5a27023-b46a-4adb-9cab-b83e8685fe49: created new log segment /workdir/hadoop-ozone/integration-test/target/test-dir/MiniOzoneClusterImpl-707007af-a3e3-45d7-ab83-09aed58cd643/datanode-1/data/ratis/e5a27023-b46a-4adb-9cab-b83e8685fe49/current/log_inprogress_0
2019-08-28 19:03:59,980 [00cb801d-97e1-4292-a478-3bdac0cd726d-SegmentedRaftLogWorker:Storage Directory /workdir/hadoop-ozone/integration-test/target/test-dir/MiniOzoneClusterImpl-707007af-a3e3-45d7-ab83-09aed58cd643/datanode-2/data/ratis/5458d3ff-65ea-4733-9280-52906c2ad0ce] INFO  segmented.SegmentedRaftLogWorker (SegmentedRaftLogWorker.java:execute(569)) - 00cb801d-97e1-4292-a478-3bdac0cd726d-SegmentedRaftLogWorker:Storage Directory /workdir/hadoop-ozone/integration-test/target/test-dir/MiniOzoneClusterImpl-707007af-a3e3-45d7-ab83-09aed58cd643/datanode-2/data/ratis/5458d3ff-65ea-4733-9280-52906c2ad0ce: created new log segment /workdir/hadoop-ozone/integration-test/target/test-dir/MiniOzoneClusterImpl-707007af-a3e3-45d7-ab83-09aed58cd643/datanode-2/data/ratis/5458d3ff-65ea-4733-9280-52906c2ad0ce/current/log_inprogress_0
2019-08-28 19:04:00,024 [00cf7d40-ac63-4acb-9b30-bd0829021504-SegmentedRaftLogWorker:Storage Directory /workdir/hadoop-ozone/integration-test/target/test-dir/MiniOzoneClusterImpl-707007af-a3e3-45d7-ab83-09aed58cd643/datanode-0/data/ratis/e5a27023-b46a-4adb-9cab-b83e8685fe49] INFO  segmented.SegmentedRaftLogWorker (SegmentedRaftLogWorker.java:execute(569)) - 00cf7d40-ac63-4acb-9b30-bd0829021504-SegmentedRaftLogWorker:Storage Directory /workdir/hadoop-ozone/integration-test/target/test-dir/MiniOzoneClusterImpl-707007af-a3e3-45d7-ab83-09aed58cd643/datanode-0/data/ratis/e5a27023-b46a-4adb-9cab-b83e8685fe49: created new log segment /workdir/hadoop-ozone/integration-test/target/test-dir/MiniOzoneClusterImpl-707007af-a3e3-45d7-ab83-09aed58cd643/datanode-0/data/ratis/e5a27023-b46a-4adb-9cab-b83e8685fe49/current/log_inprogress_0
2019-08-28 19:04:00,051 [00cb801d-97e1-4292-a478-3bdac0cd726d-SegmentedRaftLogWorker:Storage Directory /workdir/hadoop-ozone/integration-test/target/test-dir/MiniOzoneClusterImpl-707007af-a3e3-45d7-ab83-09aed58cd643/datanode-2/data/ratis/e5a27023-b46a-4adb-9cab-b83e8685fe49] INFO  segmented.SegmentedRaftLogWorker (SegmentedRaftLogWorker.java:execute(569)) - 00cb801d-97e1-4292-a478-3bdac0cd726d-SegmentedRaftLogWorker:Storage Directory /workdir/hadoop-ozone/integration-test/target/test-dir/MiniOzoneClusterImpl-707007af-a3e3-45d7-ab83-09aed58cd643/datanode-2/data/ratis/e5a27023-b46a-4adb-9cab-b83e8685fe49: created new log segment /workdir/hadoop-ozone/integration-test/target/test-dir/MiniOzoneClusterImpl-707007af-a3e3-45d7-ab83-09aed58cd643/datanode-2/data/ratis/e5a27023-b46a-4adb-9cab-b83e8685fe49/current/log_inprogress_0
2019-08-28 19:04:00,051 [e1b50e67-c8fe-477b-ba6a-852460aa374a-SegmentedRaftLogWorker:Storage Directory /workdir/hadoop-ozone/integration-test/target/test-dir/MiniOzoneClusterImpl-707007af-a3e3-45d7-ab83-09aed58cd643/datanode-3/data/ratis/34808f99-421c-4589-b57f-a23d97187071] INFO  segmented.SegmentedRaftLogWorker (SegmentedRaftLogWorker.java:execute(569)) - e1b50e67-c8fe-477b-ba6a-852460aa374a-SegmentedRaftLogWorker:Storage Directory /workdir/hadoop-ozone/integration-test/target/test-dir/MiniOzoneClusterImpl-707007af-a3e3-45d7-ab83-09aed58cd643/datanode-3/data/ratis/34808f99-421c-4589-b57f-a23d97187071: created new log segment /workdir/hadoop-ozone/integration-test/target/test-dir/MiniOzoneClusterImpl-707007af-a3e3-45d7-ab83-09aed58cd643/datanode-3/data/ratis/34808f99-421c-4589-b57f-a23d97187071/current/log_inprogress_0
2019-08-28 19:04:00,079 [grpc-default-executor-4] INFO  client.GrpcClientProtocolClient (GrpcClientProtocolClient.java:onNext(255)) - client-7DC0EB2CB99A->00cb801d-97e1-4292-a478-3bdac0cd726d: receive RaftClientReply:client-7DC0EB2CB99A->00cb801d-97e1-4292-a478-3bdac0cd726d@group-B83E8685FE49, cid=238, FAILED org.apache.ratis.protocol.NotLeaderException: Server 00cb801d-97e1-4292-a478-3bdac0cd726d is not the leader (adfa36b7-498a-4b65-9252-7ca31df0730f:192.168.69.102:35284). Request must be sent to leader., logIndex=0, commits[00cb801d-97e1-4292-a478-3bdac0cd726d:c-1, adfa36b7-498a-4b65-9252-7ca31df0730f:c-1, 00cf7d40-ac63-4acb-9b30-bd0829021504:c-1]
2019-08-28 19:04:00,216 | INFO  | SCMAudit | user=jenkins1000 | ip=192.168.69.102 | op=SEND_HEARTBEAT {datanodeUUID=00cf7d40-ac63-4acb-9b30-bd0829021504, command=[]} | ret=SUCCESS |  
2019-08-28 19:04:00,276 | INFO  | DNAudit | user=null | ip=null | op=WRITE_CHUNK {blockData=conID: 1 locID: 102696159610404884 bcsId: 0} | ret=SUCCESS |  
2019-08-28 19:04:00,276 | INFO  | SCMAudit | user=jenkins1000 | ip=192.168.69.102 | op=SEND_HEARTBEAT {datanodeUUID=00cb801d-97e1-4292-a478-3bdac0cd726d, command=[]} | ret=SUCCESS |  
2019-08-28 19:04:00,298 | INFO  | DNAudit | user=null | ip=null | op=WRITE_CHUNK {blockData=conID: 1 locID: 102696159610404884 bcsId: 0} | ret=SUCCESS |  
2019-08-28 19:04:00,298 | INFO  | DNAudit | user=null | ip=null | op=WRITE_CHUNK {blockData=conID: 1 locID: 102696159610404884 bcsId: 0} | ret=SUCCESS |  
2019-08-28 19:04:00,298 | INFO  | SCMAudit | user=jenkins1000 | ip=192.168.69.102 | op=SEND_HEARTBEAT {datanodeUUID=adfa36b7-498a-4b65-9252-7ca31df0730f, command=[]} | ret=SUCCESS |  
2019-08-28 19:04:00,298 | INFO  | SCMAudit | user=jenkins1000 | ip=192.168.69.102 | op=SEND_HEARTBEAT {datanodeUUID=00cf7d40-ac63-4acb-9b30-bd0829021504, command=[]} | ret=SUCCESS |  
2019-08-28 19:04:00,306 | INFO  | DNAudit | user=null | ip=null | op=WRITE_CHUNK {blockData=conID: 1 locID: 102696159610404884 bcsId: 0} | ret=SUCCESS |  
2019-08-28 19:04:00,310 [grpc-default-executor-4] INFO  client.GrpcClientProtocolClient (GrpcClientProtocolClient.java:onNext(255)) - client-7DC0EB2CB99A->adfa36b7-498a-4b65-9252-7ca31df0730f: receive RaftClientReply:client-7DC0EB2CB99A->adfa36b7-498a-4b65-9252-7ca31df0730f@group-B83E8685FE49, cid=238, SUCCESS, logIndex=1, commits[adfa36b7-498a-4b65-9252-7ca31df0730f:c1, 00cb801d-97e1-4292-a478-3bdac0cd726d:c0, 00cf7d40-ac63-4acb-9b30-bd0829021504:c0]
2019-08-28 19:04:00,315 | INFO  | DNAudit | user=null | ip=null | op=WRITE_CHUNK {blockData=conID: 1 locID: 102696159610404884 bcsId: 0} | ret=SUCCESS |  
2019-08-28 19:04:00,316 | INFO  | DNAudit | user=null | ip=null | op=WRITE_CHUNK {blockData=conID: 1 locID: 102696159610404884 bcsId: 0} | ret=SUCCESS |  
2019-08-28 19:04:00,316 | INFO  | DNAudit | user=null | ip=null | op=WRITE_CHUNK {blockData=conID: 1 locID: 102696159610404884 bcsId: 0} | ret=SUCCESS |  
2019-08-28 19:04:00,316 | INFO  | DNAudit | user=null | ip=null | op=WRITE_CHUNK {blockData=conID: 1 locID: 102696159610404884 bcsId: 0} | ret=SUCCESS |  
2019-08-28 19:04:00,316 | INFO  | DNAudit | user=null | ip=null | op=WRITE_CHUNK {blockData=conID: 1 locID: 102696159610404884 bcsId: 0} | ret=SUCCESS |  
2019-08-28 19:04:00,317 | INFO  | DNAudit | user=null | ip=null | op=WRITE_CHUNK {blockData=conID: 1 locID: 102696159610404884 bcsId: 0} | ret=SUCCESS |  
2019-08-28 19:04:00,317 | INFO  | DNAudit | user=null | ip=null | op=WRITE_CHUNK {blockData=conID: 1 locID: 102696159610404884 bcsId: 0} | ret=SUCCESS |  
2019-08-28 19:04:00,318 | INFO  | DNAudit | user=null | ip=null | op=WRITE_CHUNK {blockData=conID: 1 locID: 102696159610404884 bcsId: 0} | ret=SUCCESS |  
2019-08-28 19:04:00,318 | INFO  | DNAudit | user=null | ip=null | op=WRITE_CHUNK {blockData=conID: 1 locID: 102696159610404884 bcsId: 0} | ret=SUCCESS |  
2019-08-28 19:04:00,319 | INFO  | DNAudit | user=null | ip=null | op=WRITE_CHUNK {blockData=conID: 1 locID: 102696159610404884 bcsId: 0} | ret=SUCCESS |  
2019-08-28 19:04:00,319 | INFO  | DNAudit | user=null | ip=null | op=WRITE_CHUNK {blockData=conID: 1 locID: 102696159610404884 bcsId: 0} | ret=SUCCESS |  
2019-08-28 19:04:00,323 | INFO  | DNAudit | user=null | ip=null | op=WRITE_CHUNK {blockData=conID: 1 locID: 102696159610404884 bcsId: 0} | ret=SUCCESS |  
2019-08-28 19:04:00,330 [grpc-default-executor-4] INFO  client.GrpcClientProtocolClient (GrpcClientProtocolClient.java:onNext(255)) - client-7DC0EB2CB99A->adfa36b7-498a-4b65-9252-7ca31df0730f: receive RaftClientReply:client-7DC0EB2CB99A->adfa36b7-498a-4b65-9252-7ca31df0730f@group-B83E8685FE49, cid=239, SUCCESS, logIndex=3, commits[adfa36b7-498a-4b65-9252-7ca31df0730f:c3, 00cb801d-97e1-4292-a478-3bdac0cd726d:c1, 00cf7d40-ac63-4acb-9b30-bd0829021504:c1]
2019-08-28 19:04:00,334 | INFO  | DNAudit | user=null | ip=null | op=WRITE_CHUNK {blockData=conID: 1 locID: 102696159610404884 bcsId: 0} | ret=SUCCESS |  
2019-08-28 19:04:00,335 | INFO  | DNAudit | user=null | ip=null | op=WRITE_CHUNK {blockData=conID: 1 locID: 102696159610404884 bcsId: 0} | ret=SUCCESS |  
2019-08-28 19:04:00,406 | INFO  | SCMAudit | user=jenkins1000 | ip=192.168.69.102 | op=SEND_HEARTBEAT {datanodeUUID=ce6b780e-8dc8-43df-9fdb-a1ffb55c35f1, command=[]} | ret=SUCCESS |  
2019-08-28 19:04:00,424 | INFO  | DNAudit | user=null | ip=null | op=PUT_BLOCK {blockData=[blockId=conID: 1 locID: 102696159610404884 bcsId: 0,size=200]} | ret=SUCCESS |  
2019-08-28 19:04:00,425 | INFO  | DNAudit | user=null | ip=null | op=WRITE_CHUNK {blockData=conID: 1 locID: 102696159610404884 bcsId: 0} | ret=SUCCESS |  
2019-08-28 19:04:00,425 | INFO  | DNAudit | user=null | ip=null | op=WRITE_CHUNK {blockData=conID: 1 locID: 102696159610404884 bcsId: 0} | ret=SUCCESS |  
2019-08-28 19:04:00,425 [grpc-default-executor-10] INFO  client.GrpcClientProtocolClient (GrpcClientProtocolClient.java:onNext(255)) - client-7DC0EB2CB99A->adfa36b7-498a-4b65-9252-7ca31df0730f: receive RaftClientReply:client-7DC0EB2CB99A->adfa36b7-498a-4b65-9252-7ca31df0730f@group-B83E8685FE49, cid=240, SUCCESS, logIndex=4, commits[adfa36b7-498a-4b65-9252-7ca31df0730f:c12, 00cb801d-97e1-4292-a478-3bdac0cd726d:c7, 00cf7d40-ac63-4acb-9b30-bd0829021504:c7]
2019-08-28 19:04:00,426 [grpc-default-executor-10] INFO  client.GrpcClientProtocolClient (GrpcClientProtocolClient.java:onNext(255)) - client-7DC0EB2CB99A->adfa36b7-498a-4b65-9252-7ca31df0730f: receive RaftClientReply:client-7DC0EB2CB99A->adfa36b7-498a-4b65-9252-7ca31df0730f@group-B83E8685FE49, cid=241, SUCCESS, logIndex=5, commits[adfa36b7-498a-4b65-9252-7ca31df0730f:c12, 00cb801d-97e1-4292-a478-3bdac0cd726d:c7, 00cf7d40-ac63-4acb-9b30-bd0829021504:c7]
2019-08-28 19:04:00,427 [grpc-default-executor-10] INFO  client.GrpcClientProtocolClient (GrpcClientProtocolClient.java:onNext(255)) - client-7DC0EB2CB99A->adfa36b7-498a-4b65-9252-7ca31df0730f: receive RaftClientReply:client-7DC0EB2CB99A->adfa36b7-498a-4b65-9252-7ca31df0730f@group-B83E8685FE49, cid=242, SUCCESS, logIndex=6, commits[adfa36b7-498a-4b65-9252-7ca31df0730f:c12, 00cb801d-97e1-4292-a478-3bdac0cd726d:c7, 00cf7d40-ac63-4acb-9b30-bd0829021504:c7]
2019-08-28 19:04:00,491 | INFO  | DNAudit | user=null | ip=null | op=PUT_BLOCK {blockData=[blockId=conID: 1 locID: 102696159610404884 bcsId: 0,size=200]} | ret=SUCCESS |  
2019-08-28 19:04:00,491 | INFO  | DNAudit | user=null | ip=null | op=WRITE_CHUNK {blockData=conID: 1 locID: 102696159610404884 bcsId: 0} | ret=SUCCESS |  
2019-08-28 19:04:00,492 | INFO  | DNAudit | user=null | ip=null | op=WRITE_CHUNK {blockData=conID: 1 locID: 102696159610404884 bcsId: 0} | ret=SUCCESS |  
2019-08-28 19:04:00,512 [Thread-4633] INFO  impl.FollowerState (FollowerState.java:run(106)) - ce6b780e-8dc8-43df-9fdb-a1ffb55c35f1:group-4264FDCDC708 changes to CANDIDATE, lastRpcTime:5032, electionTimeout:5032ms
2019-08-28 19:04:00,512 [Thread-4633] INFO  impl.RoleInfo (RoleInfo.java:shutdownFollowerState(121)) - ce6b780e-8dc8-43df-9fdb-a1ffb55c35f1: shutdown FollowerState
2019-08-28 19:04:00,512 [Thread-4633] INFO  impl.RaftServerImpl (RaftServerImpl.java:setRole(171)) - ce6b780e-8dc8-43df-9fdb-a1ffb55c35f1:group-4264FDCDC708 changes role from FOLLOWER to CANDIDATE at term 0 for changeToCandidate
2019-08-28 19:04:00,513 [Thread-4633] INFO  impl.RoleInfo (RoleInfo.java:updateAndGet(143)) - ce6b780e-8dc8-43df-9fdb-a1ffb55c35f1: start LeaderElection
2019-08-28 19:04:00,531 [ce6b780e-8dc8-43df-9fdb-a1ffb55c35f1:group-4264FDCDC708:LeaderElection101] INFO  impl.LeaderElection (LeaderElection.java:askForVotes(181)) - ce6b780e-8dc8-43df-9fdb-a1ffb55c35f1:group-4264FDCDC708:LeaderElection101: begin an election at term 1 for -1: [ce6b780e-8dc8-43df-9fdb-a1ffb55c35f1:192.168.69.102:37617], old=null
2019-08-28 19:04:00,531 [ce6b780e-8dc8-43df-9fdb-a1ffb55c35f1:group-4264FDCDC708:LeaderElection101] INFO  impl.RoleInfo (RoleInfo.java:shutdownLeaderElection(134)) - ce6b780e-8dc8-43df-9fdb-a1ffb55c35f1: shutdown LeaderElection
2019-08-28 19:04:00,531 [ce6b780e-8dc8-43df-9fdb-a1ffb55c35f1:group-4264FDCDC708:LeaderElection101] INFO  impl.RaftServerImpl (RaftServerImpl.java:setRole(171)) - ce6b780e-8dc8-43df-9fdb-a1ffb55c35f1:group-4264FDCDC708 changes role from CANDIDATE to LEADER at term 1 for changeToLeader
2019-08-28 19:04:00,531 [ce6b780e-8dc8-43df-9fdb-a1ffb55c35f1:group-4264FDCDC708:LeaderElection101] INFO  impl.RaftServerImpl (ServerState.java:setLeader(263)) - ce6b780e-8dc8-43df-9fdb-a1ffb55c35f1:group-4264FDCDC708 change Leader from null to ce6b780e-8dc8-43df-9fdb-a1ffb55c35f1 at term 1 for becomeLeader, leader elected after 5056ms
2019-08-28 19:04:00,531 [ce6b780e-8dc8-43df-9fdb-a1ffb55c35f1:group-4264FDCDC708:LeaderElection101] INFO  server.RaftServerConfigKeys (ConfUtils.java:logGet(43)) - raft.server.staging.catchup.gap = 1000 (default)
2019-08-28 19:04:00,532 [ce6b780e-8dc8-43df-9fdb-a1ffb55c35f1:group-4264FDCDC708:LeaderElection101] INFO  server.RaftServerConfigKeys (ConfUtils.java:logGet(43)) - raft.server.rpc.sleep.time = 25ms (default)
2019-08-28 19:04:00,532 [ce6b780e-8dc8-43df-9fdb-a1ffb55c35f1:group-4264FDCDC708:LeaderElection101] INFO  server.RaftServerConfigKeys (ConfUtils.java:logGet(43)) - raft.server.write.element-limit = 4096 (default)
2019-08-28 19:04:00,532 [ce6b780e-8dc8-43df-9fdb-a1ffb55c35f1:group-4264FDCDC708:LeaderElection101] INFO  server.RaftServerConfigKeys (ConfUtils.java:logGet(43)) - raft.server.watch.timeout = 10s (default)
2019-08-28 19:04:00,532 [ce6b780e-8dc8-43df-9fdb-a1ffb55c35f1:group-4264FDCDC708:LeaderElection101] INFO  server.RaftServerConfigKeys (ConfUtils.java:logGet(43)) - raft.server.watch.timeout.denomination = 1s (default)
2019-08-28 19:04:00,532 [ce6b780e-8dc8-43df-9fdb-a1ffb55c35f1:group-4264FDCDC708:LeaderElection101] INFO  server.RaftServerConfigKeys (ConfUtils.java:logGet(43)) - raft.server.watch.element-limit = 65536 (default)
2019-08-28 19:04:00,532 | INFO  | DNAudit | user=null | ip=null | op=PUT_BLOCK {blockData=[blockId=conID: 1 locID: 102696159610404884 bcsId: 0,size=400]} | ret=SUCCESS |  
2019-08-28 19:04:00,532 | INFO  | DNAudit | user=null | ip=null | op=PUT_BLOCK {blockData=[blockId=conID: 1 locID: 102696159610404884 bcsId: 0,size=400]} | ret=SUCCESS |  
2019-08-28 19:04:00,532 [ce6b780e-8dc8-43df-9fdb-a1ffb55c35f1:group-4264FDCDC708:LeaderElection101] INFO  impl.RoleInfo (RoleInfo.java:updateAndGet(143)) - ce6b780e-8dc8-43df-9fdb-a1ffb55c35f1: start LeaderState
2019-08-28 19:04:00,533 [ce6b780e-8dc8-43df-9fdb-a1ffb55c35f1:group-4264FDCDC708:LeaderElection101] INFO  segmented.SegmentedRaftLogWorker (SegmentedRaftLogWorker.java:startLogSegment(380)) - ce6b780e-8dc8-43df-9fdb-a1ffb55c35f1-SegmentedRaftLogWorker:Storage Directory /workdir/hadoop-ozone/integration-test/target/test-dir/MiniOzoneClusterImpl-707007af-a3e3-45d7-ab83-09aed58cd643/datanode-4/data/ratis/76946571-37d5-4b93-b909-4264fdcdc708: Starting segment from index:0
2019-08-28 19:04:00,533 [ce6b780e-8dc8-43df-9fdb-a1ffb55c35f1:group-4264FDCDC708:LeaderElection101] INFO  impl.RaftServerImpl (ServerState.java:setRaftConf(361)) - ce6b780e-8dc8-43df-9fdb-a1ffb55c35f1:group-4264FDCDC708 set configuration 0: [ce6b780e-8dc8-43df-9fdb-a1ffb55c35f1:192.168.69.102:37617], old=null at 0
2019-08-28 19:04:00,572 [grpc-default-executor-10] INFO  client.GrpcClientProtocolClient (GrpcClientProtocolClient.java:onNext(255)) - client-7DC0EB2CB99A->adfa36b7-498a-4b65-9252-7ca31df0730f: receive RaftClientReply:client-7DC0EB2CB99A->adfa36b7-498a-4b65-9252-7ca31df0730f@group-B83E8685FE49, cid=243, SUCCESS, logIndex=7, commits[adfa36b7-498a-4b65-9252-7ca31df0730f:c12, 00cb801d-97e1-4292-a478-3bdac0cd726d:c7, 00cf7d40-ac63-4acb-9b30-bd0829021504:c7]
2019-08-28 19:04:00,575 | INFO  | DNAudit | user=null | ip=null | op=WRITE_CHUNK {blockData=conID: 1 locID: 102696159610404884 bcsId: 7} | ret=SUCCESS |  
2019-08-28 19:04:00,576 | INFO  | DNAudit | user=null | ip=null | op=WRITE_CHUNK {blockData=conID: 1 locID: 102696159610404884 bcsId: 7} | ret=SUCCESS |  
2019-08-28 19:04:00,577 | INFO  | DNAudit | user=null | ip=null | op=WRITE_CHUNK {blockData=conID: 1 locID: 102696159610404884 bcsId: 7} | ret=SUCCESS |  
2019-08-28 19:04:00,582 | INFO  | DNAudit | user=null | ip=null | op=PUT_BLOCK {blockData=[blockId=conID: 1 locID: 102696159610404884 bcsId: 0,size=200]} | ret=SUCCESS |  
2019-08-28 19:04:00,583 | INFO  | DNAudit | user=null | ip=null | op=WRITE_CHUNK {blockData=conID: 1 locID: 102696159610404884 bcsId: 0} | ret=SUCCESS |  
2019-08-28 19:04:00,583 | INFO  | DNAudit | user=null | ip=null | op=WRITE_CHUNK {blockData=conID: 1 locID: 102696159610404884 bcsId: 0} | ret=SUCCESS |  
2019-08-28 19:04:00,584 | INFO  | DNAudit | user=null | ip=null | op=PUT_BLOCK {blockData=[blockId=conID: 1 locID: 102696159610404884 bcsId: 0,size=400]} | ret=SUCCESS |  
2019-08-28 19:04:00,608 | INFO  | SCMAudit | user=jenkins1000 | ip=192.168.69.102 | op=SEND_HEARTBEAT {datanodeUUID=04b92ac3-39b2-406b-bc61-5570adcbc657, command=[]} | ret=SUCCESS |  
2019-08-28 19:04:00,669 | INFO  | DNAudit | user=null | ip=null | op=WRITE_CHUNK {blockData=conID: 1 locID: 102696159610404884 bcsId: 7} | ret=SUCCESS |  
2019-08-28 19:04:00,670 [ce6b780e-8dc8-43df-9fdb-a1ffb55c35f1-SegmentedRaftLogWorker:Storage Directory /workdir/hadoop-ozone/integration-test/target/test-dir/MiniOzoneClusterImpl-707007af-a3e3-45d7-ab83-09aed58cd643/datanode-4/data/ratis/76946571-37d5-4b93-b909-4264fdcdc708] INFO  segmented.SegmentedRaftLogWorker (SegmentedRaftLogWorker.java:execute(569)) - ce6b780e-8dc8-43df-9fdb-a1ffb55c35f1-SegmentedRaftLogWorker:Storage Directory /workdir/hadoop-ozone/integration-test/target/test-dir/MiniOzoneClusterImpl-707007af-a3e3-45d7-ab83-09aed58cd643/datanode-4/data/ratis/76946571-37d5-4b93-b909-4264fdcdc708: created new log segment /workdir/hadoop-ozone/integration-test/target/test-dir/MiniOzoneClusterImpl-707007af-a3e3-45d7-ab83-09aed58cd643/datanode-4/data/ratis/76946571-37d5-4b93-b909-4264fdcdc708/current/log_inprogress_0
2019-08-28 19:04:00,671 | INFO  | DNAudit | user=null | ip=null | op=PUT_BLOCK {blockData=[blockId=conID: 1 locID: 102696159610404884 bcsId: 0,size=450]} | ret=SUCCESS |  
2019-08-28 19:04:00,671 [grpc-default-executor-4] INFO  client.GrpcClientProtocolClient (GrpcClientProtocolClient.java:onNext(255)) - client-7DC0EB2CB99A->adfa36b7-498a-4b65-9252-7ca31df0730f: receive RaftClientReply:client-7DC0EB2CB99A->adfa36b7-498a-4b65-9252-7ca31df0730f@group-B83E8685FE49, cid=244, SUCCESS, logIndex=13, commits[adfa36b7-498a-4b65-9252-7ca31df0730f:c14, 00cb801d-97e1-4292-a478-3bdac0cd726d:c12, 00cf7d40-ac63-4acb-9b30-bd0829021504:c12]
2019-08-28 19:04:00,672 [grpc-default-executor-4] INFO  client.GrpcClientProtocolClient (GrpcClientProtocolClient.java:onNext(255)) - client-7DC0EB2CB99A->adfa36b7-498a-4b65-9252-7ca31df0730f: receive RaftClientReply:client-7DC0EB2CB99A->adfa36b7-498a-4b65-9252-7ca31df0730f@group-B83E8685FE49, cid=245, SUCCESS, logIndex=14, commits[adfa36b7-498a-4b65-9252-7ca31df0730f:c14, 00cb801d-97e1-4292-a478-3bdac0cd726d:c12, 00cf7d40-ac63-4acb-9b30-bd0829021504:c12]
2019-08-28 19:04:00,681 | INFO  | DNAudit | user=null | ip=null | op=WRITE_CHUNK {blockData=conID: 1 locID: 102696159610404884 bcsId: 7} | ret=SUCCESS |  
2019-08-28 19:04:00,682 | INFO  | DNAudit | user=null | ip=null | op=PUT_BLOCK {blockData=[blockId=conID: 1 locID: 102696159610404884 bcsId: 0,size=450]} | ret=SUCCESS |  
2019-08-28 19:04:00,682 | INFO  | DNAudit | user=null | ip=null | op=WRITE_CHUNK {blockData=conID: 1 locID: 102696159610404884 bcsId: 7} | ret=SUCCESS |  
2019-08-28 19:04:00,686 | INFO  | DNAudit | user=null | ip=null | op=PUT_BLOCK {blockData=[blockId=conID: 1 locID: 102696159610404884 bcsId: 0,size=450]} | ret=SUCCESS |  
2019-08-28 19:04:00,687 [grpc-default-executor-10] INFO  client.GrpcClientProtocolClient (GrpcClientProtocolClient.java:onNext(255)) - client-7DC0EB2CB99A->adfa36b7-498a-4b65-9252-7ca31df0730f: receive RaftClientReply:client-7DC0EB2CB99A->adfa36b7-498a-4b65-9252-7ca31df0730f@group-B83E8685FE49, cid=246, SUCCESS, logIndex=0, commits[adfa36b7-498a-4b65-9252-7ca31df0730f:c15, 00cb801d-97e1-4292-a478-3bdac0cd726d:c14, 00cf7d40-ac63-4acb-9b30-bd0829021504:c14]
2019-08-28 19:04:00,688 [EventQueue-CloseContainerForCloseContainerEventHandler] INFO  container.CloseContainerEventHandler (CloseContainerEventHandler.java:onMessage(61)) - Close container Event triggered for container : #1
2019-08-28 19:04:00,689 [EventQueue-CloseContainerForCloseContainerEventHandler] INFO  container.CloseContainerEventHandler (CloseContainerEventHandler.java:onMessage(61)) - Close container Event triggered for container : #1
2019-08-28 19:04:00,689 [EventQueue-CloseContainerForCloseContainerEventHandler] INFO  container.CloseContainerEventHandler (CloseContainerEventHandler.java:onMessage(61)) - Close container Event triggered for container : #1
2019-08-28 19:04:00,715 [Thread-4636] INFO  impl.FollowerState (FollowerState.java:run(106)) - 04b92ac3-39b2-406b-bc61-5570adcbc657:group-378813D75BA4 changes to CANDIDATE, lastRpcTime:5040, electionTimeout:5040ms
2019-08-28 19:04:00,715 [Thread-4636] INFO  impl.RoleInfo (RoleInfo.java:shutdownFollowerState(121)) - 04b92ac3-39b2-406b-bc61-5570adcbc657: shutdown FollowerState
2019-08-28 19:04:00,715 [Thread-4636] INFO  impl.RaftServerImpl (RaftServerImpl.java:setRole(171)) - 04b92ac3-39b2-406b-bc61-5570adcbc657:group-378813D75BA4 changes role from FOLLOWER to CANDIDATE at term 0 for changeToCandidate
2019-08-28 19:04:00,715 [Thread-4636] INFO  impl.RoleInfo (RoleInfo.java:updateAndGet(143)) - 04b92ac3-39b2-406b-bc61-5570adcbc657: start LeaderElection
2019-08-28 19:04:00,750 [04b92ac3-39b2-406b-bc61-5570adcbc657:group-378813D75BA4:LeaderElection102] INFO  impl.LeaderElection (LeaderElection.java:askForVotes(181)) - 04b92ac3-39b2-406b-bc61-5570adcbc657:group-378813D75BA4:LeaderElection102: begin an election at term 1 for -1: [04b92ac3-39b2-406b-bc61-5570adcbc657:192.168.69.102:34882], old=null
2019-08-28 19:04:00,750 [04b92ac3-39b2-406b-bc61-5570adcbc657:group-378813D75BA4:LeaderElection102] INFO  impl.RoleInfo (RoleInfo.java:shutdownLeaderElection(134)) - 04b92ac3-39b2-406b-bc61-5570adcbc657: shutdown LeaderElection
2019-08-28 19:04:00,751 [04b92ac3-39b2-406b-bc61-5570adcbc657:group-378813D75BA4:LeaderElection102] INFO  impl.RaftServerImpl (RaftServerImpl.java:setRole(171)) - 04b92ac3-39b2-406b-bc61-5570adcbc657:group-378813D75BA4 changes role from CANDIDATE to LEADER at term 1 for changeToLeader
2019-08-28 19:04:00,751 [04b92ac3-39b2-406b-bc61-5570adcbc657:group-378813D75BA4:LeaderElection102] INFO  impl.RaftServerImpl (ServerState.java:setLeader(263)) - 04b92ac3-39b2-406b-bc61-5570adcbc657:group-378813D75BA4 change Leader from null to 04b92ac3-39b2-406b-bc61-5570adcbc657 at term 1 for becomeLeader, leader elected after 5078ms
2019-08-28 19:04:00,751 [04b92ac3-39b2-406b-bc61-5570adcbc657:group-378813D75BA4:LeaderElection102] INFO  server.RaftServerConfigKeys (ConfUtils.java:logGet(43)) - raft.server.staging.catchup.gap = 1000 (default)
2019-08-28 19:04:00,751 [04b92ac3-39b2-406b-bc61-5570adcbc657:group-378813D75BA4:LeaderElection102] INFO  server.RaftServerConfigKeys (ConfUtils.java:logGet(43)) - raft.server.rpc.sleep.time = 25ms (default)
2019-08-28 19:04:00,751 [04b92ac3-39b2-406b-bc61-5570adcbc657:group-378813D75BA4:LeaderElection102] INFO  server.RaftServerConfigKeys (ConfUtils.java:logGet(43)) - raft.server.write.element-limit = 4096 (default)
2019-08-28 19:04:00,751 [04b92ac3-39b2-406b-bc61-5570adcbc657:group-378813D75BA4:LeaderElection102] INFO  server.RaftServerConfigKeys (ConfUtils.java:logGet(43)) - raft.server.watch.timeout = 10s (default)
2019-08-28 19:04:00,752 [04b92ac3-39b2-406b-bc61-5570adcbc657:group-378813D75BA4:LeaderElection102] INFO  server.RaftServerConfigKeys (ConfUtils.java:logGet(43)) - raft.server.watch.timeout.denomination = 1s (default)
2019-08-28 19:04:00,752 [04b92ac3-39b2-406b-bc61-5570adcbc657:group-378813D75BA4:LeaderElection102] INFO  server.RaftServerConfigKeys (ConfUtils.java:logGet(43)) - raft.server.watch.element-limit = 65536 (default)
2019-08-28 19:04:00,752 [04b92ac3-39b2-406b-bc61-5570adcbc657:group-378813D75BA4:LeaderElection102] INFO  impl.RoleInfo (RoleInfo.java:updateAndGet(143)) - 04b92ac3-39b2-406b-bc61-5570adcbc657: start LeaderState
2019-08-28 19:04:00,752 [04b92ac3-39b2-406b-bc61-5570adcbc657:group-378813D75BA4:LeaderElection102] INFO  segmented.SegmentedRaftLogWorker (SegmentedRaftLogWorker.java:startLogSegment(380)) - 04b92ac3-39b2-406b-bc61-5570adcbc657-SegmentedRaftLogWorker:Storage Directory /workdir/hadoop-ozone/integration-test/target/test-dir/MiniOzoneClusterImpl-707007af-a3e3-45d7-ab83-09aed58cd643/datanode-5/data/ratis/69962094-239f-43af-b875-378813d75ba4: Starting segment from index:0
2019-08-28 19:04:00,753 [04b92ac3-39b2-406b-bc61-5570adcbc657:group-378813D75BA4:LeaderElection102] INFO  impl.RaftServerImpl (ServerState.java:setRaftConf(361)) - 04b92ac3-39b2-406b-bc61-5570adcbc657:group-378813D75BA4 set configuration 0: [04b92ac3-39b2-406b-bc61-5570adcbc657:192.168.69.102:34882], old=null at 0
2019-08-28 19:04:00,791 [Thread-4644] INFO  impl.FollowerState (FollowerState.java:run(106)) - e1b50e67-c8fe-477b-ba6a-852460aa374a:group-E23FA03F1A8D changes to CANDIDATE, lastRpcTime:5063, electionTimeout:5048ms
2019-08-28 19:04:00,791 [Thread-4644] INFO  impl.RoleInfo (RoleInfo.java:shutdownFollowerState(121)) - e1b50e67-c8fe-477b-ba6a-852460aa374a: shutdown FollowerState
2019-08-28 19:04:00,791 [Thread-4644] INFO  impl.RaftServerImpl (RaftServerImpl.java:setRole(171)) - e1b50e67-c8fe-477b-ba6a-852460aa374a:group-E23FA03F1A8D changes role from FOLLOWER to CANDIDATE at term 0 for changeToCandidate
2019-08-28 19:04:00,792 [Thread-4644] INFO  impl.RoleInfo (RoleInfo.java:updateAndGet(143)) - e1b50e67-c8fe-477b-ba6a-852460aa374a: start LeaderElection
2019-08-28 19:04:00,797 [Thread-4643] INFO  impl.FollowerState (FollowerState.java:run(106)) - 04b92ac3-39b2-406b-bc61-5570adcbc657:group-E23FA03F1A8D changes to CANDIDATE, lastRpcTime:5070, electionTimeout:5068ms
2019-08-28 19:04:00,797 [Thread-4643] INFO  impl.RoleInfo (RoleInfo.java:shutdownFollowerState(121)) - 04b92ac3-39b2-406b-bc61-5570adcbc657: shutdown FollowerState
2019-08-28 19:04:00,797 [Thread-4643] INFO  impl.RaftServerImpl (RaftServerImpl.java:setRole(171)) - 04b92ac3-39b2-406b-bc61-5570adcbc657:group-E23FA03F1A8D changes role from FOLLOWER to CANDIDATE at term 0 for changeToCandidate
2019-08-28 19:04:00,797 [Thread-4643] INFO  impl.RoleInfo (RoleInfo.java:updateAndGet(143)) - 04b92ac3-39b2-406b-bc61-5570adcbc657: start LeaderElection
2019-08-28 19:04:00,800 | INFO  | SCMAudit | user=jenkins1000 | ip=192.168.69.102 | op=SEND_HEARTBEAT {datanodeUUID=d3473fb4-3d79-4d8b-9a93-f76ee1ee07e0, command=[]} | ret=SUCCESS |  
2019-08-28 19:04:00,819 [04b92ac3-39b2-406b-bc61-5570adcbc657-SegmentedRaftLogWorker:Storage Directory /workdir/hadoop-ozone/integration-test/target/test-dir/MiniOzoneClusterImpl-707007af-a3e3-45d7-ab83-09aed58cd643/datanode-5/data/ratis/69962094-239f-43af-b875-378813d75ba4] INFO  segmented.SegmentedRaftLogWorker (SegmentedRaftLogWorker.java:execute(569)) - 04b92ac3-39b2-406b-bc61-5570adcbc657-SegmentedRaftLogWorker:Storage Directory /workdir/hadoop-ozone/integration-test/target/test-dir/MiniOzoneClusterImpl-707007af-a3e3-45d7-ab83-09aed58cd643/datanode-5/data/ratis/69962094-239f-43af-b875-378813d75ba4: created new log segment /workdir/hadoop-ozone/integration-test/target/test-dir/MiniOzoneClusterImpl-707007af-a3e3-45d7-ab83-09aed58cd643/datanode-5/data/ratis/69962094-239f-43af-b875-378813d75ba4/current/log_inprogress_0
2019-08-28 19:04:00,819 [04b92ac3-39b2-406b-bc61-5570adcbc657:group-E23FA03F1A8D:LeaderElection104] INFO  impl.LeaderElection (LeaderElection.java:askForVotes(181)) - 04b92ac3-39b2-406b-bc61-5570adcbc657:group-E23FA03F1A8D:LeaderElection104: begin an election at term 1 for -1: [e1b50e67-c8fe-477b-ba6a-852460aa374a:192.168.69.102:34045, 04b92ac3-39b2-406b-bc61-5570adcbc657:192.168.69.102:34882, ce6b780e-8dc8-43df-9fdb-a1ffb55c35f1:192.168.69.102:37617], old=null
2019-08-28 19:04:00,819 [e1b50e67-c8fe-477b-ba6a-852460aa374a:group-E23FA03F1A8D:LeaderElection103] INFO  impl.LeaderElection (LeaderElection.java:askForVotes(181)) - e1b50e67-c8fe-477b-ba6a-852460aa374a:group-E23FA03F1A8D:LeaderElection103: begin an election at term 1 for -1: [e1b50e67-c8fe-477b-ba6a-852460aa374a:192.168.69.102:34045, 04b92ac3-39b2-406b-bc61-5570adcbc657:192.168.69.102:34882, ce6b780e-8dc8-43df-9fdb-a1ffb55c35f1:192.168.69.102:37617], old=null
2019-08-28 19:04:00,820 [Thread-4639] INFO  impl.FollowerState (FollowerState.java:run(106)) - ce6b780e-8dc8-43df-9fdb-a1ffb55c35f1:group-E23FA03F1A8D changes to CANDIDATE, lastRpcTime:5095, electionTimeout:5095ms
2019-08-28 19:04:00,820 [Thread-4639] INFO  impl.RoleInfo (RoleInfo.java:shutdownFollowerState(121)) - ce6b780e-8dc8-43df-9fdb-a1ffb55c35f1: shutdown FollowerState
2019-08-28 19:04:00,820 [Thread-4639] INFO  impl.RaftServerImpl (RaftServerImpl.java:setRole(171)) - ce6b780e-8dc8-43df-9fdb-a1ffb55c35f1:group-E23FA03F1A8D changes role from FOLLOWER to CANDIDATE at term 0 for changeToCandidate
2019-08-28 19:04:00,820 [Thread-4639] INFO  impl.RoleInfo (RoleInfo.java:updateAndGet(143)) - ce6b780e-8dc8-43df-9fdb-a1ffb55c35f1: start LeaderElection
2019-08-28 19:04:00,835 | INFO  | SCMAudit | user=jenkins1000 | ip=192.168.69.102 | op=SEND_HEARTBEAT {datanodeUUID=e1b50e67-c8fe-477b-ba6a-852460aa374a, command=[]} | ret=SUCCESS |  
2019-08-28 19:04:00,859 [ce6b780e-8dc8-43df-9fdb-a1ffb55c35f1:group-E23FA03F1A8D:LeaderElection105] INFO  impl.LeaderElection (LeaderElection.java:askForVotes(181)) - ce6b780e-8dc8-43df-9fdb-a1ffb55c35f1:group-E23FA03F1A8D:LeaderElection105: begin an election at term 1 for -1: [e1b50e67-c8fe-477b-ba6a-852460aa374a:192.168.69.102:34045, 04b92ac3-39b2-406b-bc61-5570adcbc657:192.168.69.102:34882, ce6b780e-8dc8-43df-9fdb-a1ffb55c35f1:192.168.69.102:37617], old=null
2019-08-28 19:04:00,862 [e1b50e67-c8fe-477b-ba6a-852460aa374a:group-E23FA03F1A8D:LeaderElection103] INFO  impl.LeaderElection (LeaderElection.java:logAndReturn(56)) - e1b50e67-c8fe-477b-ba6a-852460aa374a:group-E23FA03F1A8D:LeaderElection103: Election REJECTED; received 2 response(s) [e1b50e67-c8fe-477b-ba6a-852460aa374a<-04b92ac3-39b2-406b-bc61-5570adcbc657#0:FAIL-t1, e1b50e67-c8fe-477b-ba6a-852460aa374a<-ce6b780e-8dc8-43df-9fdb-a1ffb55c35f1#0:FAIL-t1] and 0 exception(s); e1b50e67-c8fe-477b-ba6a-852460aa374a:t1, leader=null, voted=e1b50e67-c8fe-477b-ba6a-852460aa374a, raftlog=e1b50e67-c8fe-477b-ba6a-852460aa374a-SegmentedRaftLog:OPENED:c-1,f-1,i0, conf=-1: [e1b50e67-c8fe-477b-ba6a-852460aa374a:192.168.69.102:34045, 04b92ac3-39b2-406b-bc61-5570adcbc657:192.168.69.102:34882, ce6b780e-8dc8-43df-9fdb-a1ffb55c35f1:192.168.69.102:37617], old=null
2019-08-28 19:04:00,862 [04b92ac3-39b2-406b-bc61-5570adcbc657:group-E23FA03F1A8D:LeaderElection104] INFO  impl.LeaderElection (LeaderElection.java:logAndReturn(56)) - 04b92ac3-39b2-406b-bc61-5570adcbc657:group-E23FA03F1A8D:LeaderElection104: Election REJECTED; received 2 response(s) [04b92ac3-39b2-406b-bc61-5570adcbc657<-e1b50e67-c8fe-477b-ba6a-852460aa374a#0:FAIL-t1, 04b92ac3-39b2-406b-bc61-5570adcbc657<-ce6b780e-8dc8-43df-9fdb-a1ffb55c35f1#0:FAIL-t1] and 0 exception(s); 04b92ac3-39b2-406b-bc61-5570adcbc657:t1, leader=null, voted=04b92ac3-39b2-406b-bc61-5570adcbc657, raftlog=04b92ac3-39b2-406b-bc61-5570adcbc657-SegmentedRaftLog:OPENED:c-1,f-1,i0, conf=-1: [e1b50e67-c8fe-477b-ba6a-852460aa374a:192.168.69.102:34045, 04b92ac3-39b2-406b-bc61-5570adcbc657:192.168.69.102:34882, ce6b780e-8dc8-43df-9fdb-a1ffb55c35f1:192.168.69.102:37617], old=null
2019-08-28 19:04:00,862 [e1b50e67-c8fe-477b-ba6a-852460aa374a:group-E23FA03F1A8D:LeaderElection103] INFO  impl.RaftServerImpl (RaftServerImpl.java:setRole(171)) - e1b50e67-c8fe-477b-ba6a-852460aa374a:group-E23FA03F1A8D changes role from CANDIDATE to FOLLOWER at term 1 for DISCOVERED_A_NEW_TERM
2019-08-28 19:04:00,863 [04b92ac3-39b2-406b-bc61-5570adcbc657:group-E23FA03F1A8D:LeaderElection104] INFO  impl.RaftServerImpl (RaftServerImpl.java:setRole(171)) - 04b92ac3-39b2-406b-bc61-5570adcbc657:group-E23FA03F1A8D changes role from CANDIDATE to FOLLOWER at term 1 for DISCOVERED_A_NEW_TERM
2019-08-28 19:04:00,863 [e1b50e67-c8fe-477b-ba6a-852460aa374a:group-E23FA03F1A8D:LeaderElection103] INFO  impl.RoleInfo (RoleInfo.java:shutdownLeaderElection(134)) - e1b50e67-c8fe-477b-ba6a-852460aa374a: shutdown LeaderElection
2019-08-28 19:04:00,863 [04b92ac3-39b2-406b-bc61-5570adcbc657:group-E23FA03F1A8D:LeaderElection104] INFO  impl.RoleInfo (RoleInfo.java:shutdownLeaderElection(134)) - 04b92ac3-39b2-406b-bc61-5570adcbc657: shutdown LeaderElection
2019-08-28 19:04:00,863 [e1b50e67-c8fe-477b-ba6a-852460aa374a:group-E23FA03F1A8D:LeaderElection103] INFO  impl.RoleInfo (RoleInfo.java:updateAndGet(143)) - e1b50e67-c8fe-477b-ba6a-852460aa374a: start FollowerState
2019-08-28 19:04:00,863 [04b92ac3-39b2-406b-bc61-5570adcbc657:group-E23FA03F1A8D:LeaderElection104] INFO  impl.RoleInfo (RoleInfo.java:updateAndGet(143)) - 04b92ac3-39b2-406b-bc61-5570adcbc657: start FollowerState
2019-08-28 19:04:00,866 [ce6b780e-8dc8-43df-9fdb-a1ffb55c35f1:group-E23FA03F1A8D:LeaderElection105] INFO  impl.LeaderElection (LeaderElection.java:logAndReturn(56)) - ce6b780e-8dc8-43df-9fdb-a1ffb55c35f1:group-E23FA03F1A8D:LeaderElection105: Election REJECTED; received 2 response(s) [ce6b780e-8dc8-43df-9fdb-a1ffb55c35f1<-e1b50e67-c8fe-477b-ba6a-852460aa374a#0:FAIL-t1, ce6b780e-8dc8-43df-9fdb-a1ffb55c35f1<-04b92ac3-39b2-406b-bc61-5570adcbc657#0:FAIL-t1] and 0 exception(s); ce6b780e-8dc8-43df-9fdb-a1ffb55c35f1:t1, leader=null, voted=ce6b780e-8dc8-43df-9fdb-a1ffb55c35f1, raftlog=ce6b780e-8dc8-43df-9fdb-a1ffb55c35f1-SegmentedRaftLog:OPENED:c-1,f-1,i0, conf=-1: [e1b50e67-c8fe-477b-ba6a-852460aa374a:192.168.69.102:34045, 04b92ac3-39b2-406b-bc61-5570adcbc657:192.168.69.102:34882, ce6b780e-8dc8-43df-9fdb-a1ffb55c35f1:192.168.69.102:37617], old=null
2019-08-28 19:04:00,866 [ce6b780e-8dc8-43df-9fdb-a1ffb55c35f1:group-E23FA03F1A8D:LeaderElection105] INFO  impl.RaftServerImpl (RaftServerImpl.java:setRole(171)) - ce6b780e-8dc8-43df-9fdb-a1ffb55c35f1:group-E23FA03F1A8D changes role from CANDIDATE to FOLLOWER at term 1 for DISCOVERED_A_NEW_TERM
2019-08-28 19:04:00,866 [ce6b780e-8dc8-43df-9fdb-a1ffb55c35f1:group-E23FA03F1A8D:LeaderElection105] INFO  impl.RoleInfo (RoleInfo.java:shutdownLeaderElection(134)) - ce6b780e-8dc8-43df-9fdb-a1ffb55c35f1: shutdown LeaderElection
2019-08-28 19:04:00,866 [ce6b780e-8dc8-43df-9fdb-a1ffb55c35f1:group-E23FA03F1A8D:LeaderElection105] INFO  impl.RoleInfo (RoleInfo.java:updateAndGet(143)) - ce6b780e-8dc8-43df-9fdb-a1ffb55c35f1: start FollowerState
2019-08-28 19:04:00,968 [Thread-4648] INFO  impl.FollowerState (FollowerState.java:run(106)) - d3473fb4-3d79-4d8b-9a93-f76ee1ee07e0:group-A27871F77E82 changes to CANDIDATE, lastRpcTime:5104, electionTimeout:5104ms
2019-08-28 19:04:00,968 [Thread-4648] INFO  impl.RoleInfo (RoleInfo.java:shutdownFollowerState(121)) - d3473fb4-3d79-4d8b-9a93-f76ee1ee07e0: shutdown FollowerState
2019-08-28 19:04:00,968 [Thread-4648] INFO  impl.RaftServerImpl (RaftServerImpl.java:setRole(171)) - d3473fb4-3d79-4d8b-9a93-f76ee1ee07e0:group-A27871F77E82 changes role from FOLLOWER to CANDIDATE at term 0 for changeToCandidate
2019-08-28 19:04:00,968 [Thread-4648] INFO  impl.RoleInfo (RoleInfo.java:updateAndGet(143)) - d3473fb4-3d79-4d8b-9a93-f76ee1ee07e0: start LeaderElection
2019-08-28 19:04:00,993 [d3473fb4-3d79-4d8b-9a93-f76ee1ee07e0:group-A27871F77E82:LeaderElection106] INFO  impl.LeaderElection (LeaderElection.java:askForVotes(181)) - d3473fb4-3d79-4d8b-9a93-f76ee1ee07e0:group-A27871F77E82:LeaderElection106: begin an election at term 1 for -1: [d3473fb4-3d79-4d8b-9a93-f76ee1ee07e0:192.168.69.102:38473], old=null
2019-08-28 19:04:00,993 [d3473fb4-3d79-4d8b-9a93-f76ee1ee07e0:group-A27871F77E82:LeaderElection106] INFO  impl.RoleInfo (RoleInfo.java:shutdownLeaderElection(134)) - d3473fb4-3d79-4d8b-9a93-f76ee1ee07e0: shutdown LeaderElection
2019-08-28 19:04:00,993 [d3473fb4-3d79-4d8b-9a93-f76ee1ee07e0:group-A27871F77E82:LeaderElection106] INFO  impl.RaftServerImpl (RaftServerImpl.java:setRole(171)) - d3473fb4-3d79-4d8b-9a93-f76ee1ee07e0:group-A27871F77E82 changes role from CANDIDATE to LEADER at term 1 for changeToLeader
2019-08-28 19:04:00,994 [d3473fb4-3d79-4d8b-9a93-f76ee1ee07e0:group-A27871F77E82:LeaderElection106] INFO  impl.RaftServerImpl (ServerState.java:setLeader(263)) - d3473fb4-3d79-4d8b-9a93-f76ee1ee07e0:group-A27871F77E82 change Leader from null to d3473fb4-3d79-4d8b-9a93-f76ee1ee07e0 at term 1 for becomeLeader, leader elected after 5133ms
2019-08-28 19:04:00,994 [d3473fb4-3d79-4d8b-9a93-f76ee1ee07e0:group-A27871F77E82:LeaderElection106] INFO  server.RaftServerConfigKeys (ConfUtils.java:logGet(43)) - raft.server.staging.catchup.gap = 1000 (default)
2019-08-28 19:04:00,994 [d3473fb4-3d79-4d8b-9a93-f76ee1ee07e0:group-A27871F77E82:LeaderElection106] INFO  server.RaftServerConfigKeys (ConfUtils.java:logGet(43)) - raft.server.rpc.sleep.time = 25ms (default)
2019-08-28 19:04:00,994 [d3473fb4-3d79-4d8b-9a93-f76ee1ee07e0:group-A27871F77E82:LeaderElection106] INFO  server.RaftServerConfigKeys (ConfUtils.java:logGet(43)) - raft.server.write.element-limit = 4096 (default)
2019-08-28 19:04:00,994 [d3473fb4-3d79-4d8b-9a93-f76ee1ee07e0:group-A27871F77E82:LeaderElection106] INFO  server.RaftServerConfigKeys (ConfUtils.java:logGet(43)) - raft.server.watch.timeout = 10s (default)
2019-08-28 19:04:00,994 [d3473fb4-3d79-4d8b-9a93-f76ee1ee07e0:group-A27871F77E82:LeaderElection106] INFO  server.RaftServerConfigKeys (ConfUtils.java:logGet(43)) - raft.server.watch.timeout.denomination = 1s (default)
2019-08-28 19:04:00,995 [d3473fb4-3d79-4d8b-9a93-f76ee1ee07e0:group-A27871F77E82:LeaderElection106] INFO  server.RaftServerConfigKeys (ConfUtils.java:logGet(43)) - raft.server.watch.element-limit = 65536 (default)
2019-08-28 19:04:00,995 [d3473fb4-3d79-4d8b-9a93-f76ee1ee07e0:group-A27871F77E82:LeaderElection106] INFO  impl.RoleInfo (RoleInfo.java:updateAndGet(143)) - d3473fb4-3d79-4d8b-9a93-f76ee1ee07e0: start LeaderState
2019-08-28 19:04:00,995 [d3473fb4-3d79-4d8b-9a93-f76ee1ee07e0:group-A27871F77E82:LeaderElection106] INFO  segmented.SegmentedRaftLogWorker (SegmentedRaftLogWorker.java:startLogSegment(380)) - d3473fb4-3d79-4d8b-9a93-f76ee1ee07e0-SegmentedRaftLogWorker:Storage Directory /workdir/hadoop-ozone/integration-test/target/test-dir/MiniOzoneClusterImpl-707007af-a3e3-45d7-ab83-09aed58cd643/datanode-6/data/ratis/57cfa205-b50d-478f-96d8-a27871f77e82: Starting segment from index:0
2019-08-28 19:04:00,996 [d3473fb4-3d79-4d8b-9a93-f76ee1ee07e0:group-A27871F77E82:LeaderElection106] INFO  impl.RaftServerImpl (ServerState.java:setRaftConf(361)) - d3473fb4-3d79-4d8b-9a93-f76ee1ee07e0:group-A27871F77E82 set configuration 0: [d3473fb4-3d79-4d8b-9a93-f76ee1ee07e0:192.168.69.102:38473], old=null at 0
2019-08-28 19:04:01,045 [d3473fb4-3d79-4d8b-9a93-f76ee1ee07e0-SegmentedRaftLogWorker:Storage Directory /workdir/hadoop-ozone/integration-test/target/test-dir/MiniOzoneClusterImpl-707007af-a3e3-45d7-ab83-09aed58cd643/datanode-6/data/ratis/57cfa205-b50d-478f-96d8-a27871f77e82] INFO  segmented.SegmentedRaftLogWorker (SegmentedRaftLogWorker.java:execute(569)) - d3473fb4-3d79-4d8b-9a93-f76ee1ee07e0-SegmentedRaftLogWorker:Storage Directory /workdir/hadoop-ozone/integration-test/target/test-dir/MiniOzoneClusterImpl-707007af-a3e3-45d7-ab83-09aed58cd643/datanode-6/data/ratis/57cfa205-b50d-478f-96d8-a27871f77e82: created new log segment /workdir/hadoop-ozone/integration-test/target/test-dir/MiniOzoneClusterImpl-707007af-a3e3-45d7-ab83-09aed58cd643/datanode-6/data/ratis/57cfa205-b50d-478f-96d8-a27871f77e82/current/log_inprogress_0
2019-08-28 19:04:01,276 | INFO  | SCMAudit | user=jenkins1000 | ip=192.168.69.102 | op=SEND_HEARTBEAT {datanodeUUID=00cb801d-97e1-4292-a478-3bdac0cd726d, command=[commandType: closeContainerCommand closeContainerCommandProto { containerID: 1 pipelineID { id: "e5a27023-b46a-4adb-9cab-b83e8685fe49" } cmdId: 1 force: false } , commandType: closeContainerCommand closeContainerCommandProto { containerID: 1 pipelineID { id: "e5a27023-b46a-4adb-9cab-b83e8685fe49" } cmdId: 1 force: false } , commandType: closeContainerCommand closeContainerCommandProto { containerID: 1 pipelineID { id: "e5a27023-b46a-4adb-9cab-b83e8685fe49" } cmdId: 1 force: false } ]} | ret=SUCCESS |  
2019-08-28 19:04:01,298 | INFO  | SCMAudit | user=jenkins1000 | ip=192.168.69.102 | op=SEND_HEARTBEAT {datanodeUUID=00cf7d40-ac63-4acb-9b30-bd0829021504, command=[commandType: closeContainerCommand closeContainerCommandProto { containerID: 1 pipelineID { id: "e5a27023-b46a-4adb-9cab-b83e8685fe49" } cmdId: 1 force: false } , commandType: closeContainerCommand closeContainerCommandProto { containerID: 1 pipelineID { id: "e5a27023-b46a-4adb-9cab-b83e8685fe49" } cmdId: 1 force: false } , commandType: closeContainerCommand closeContainerCommandProto { containerID: 1 pipelineID { id: "e5a27023-b46a-4adb-9cab-b83e8685fe49" } cmdId: 1 force: false } ]} | ret=SUCCESS |  
2019-08-28 19:04:01,298 | INFO  | SCMAudit | user=jenkins1000 | ip=192.168.69.102 | op=SEND_HEARTBEAT {datanodeUUID=adfa36b7-498a-4b65-9252-7ca31df0730f, command=[commandType: closeContainerCommand closeContainerCommandProto { containerID: 1 pipelineID { id: "e5a27023-b46a-4adb-9cab-b83e8685fe49" } cmdId: 1 force: false } , commandType: closeContainerCommand closeContainerCommandProto { containerID: 1 pipelineID { id: "e5a27023-b46a-4adb-9cab-b83e8685fe49" } cmdId: 1 force: false } , commandType: closeContainerCommand closeContainerCommandProto { containerID: 1 pipelineID { id: "e5a27023-b46a-4adb-9cab-b83e8685fe49" } cmdId: 1 force: false } ]} | ret=SUCCESS |  
2019-08-28 19:04:01,407 | INFO  | SCMAudit | user=jenkins1000 | ip=192.168.69.102 | op=SEND_HEARTBEAT {datanodeUUID=ce6b780e-8dc8-43df-9fdb-a1ffb55c35f1, command=[]} | ret=SUCCESS |  
2019-08-28 19:04:01,608 | INFO  | SCMAudit | user=jenkins1000 | ip=192.168.69.102 | op=SEND_HEARTBEAT {datanodeUUID=04b92ac3-39b2-406b-bc61-5570adcbc657, command=[]} | ret=SUCCESS |  
2019-08-28 19:04:01,798 | INFO  | SCMAudit | user=jenkins1000 | ip=192.168.69.102 | op=SEND_HEARTBEAT {datanodeUUID=d3473fb4-3d79-4d8b-9a93-f76ee1ee07e0, command=[]} | ret=SUCCESS |  
2019-08-28 19:04:01,836 | INFO  | SCMAudit | user=jenkins1000 | ip=192.168.69.102 | op=SEND_HEARTBEAT {datanodeUUID=e1b50e67-c8fe-477b-ba6a-852460aa374a, command=[]} | ret=SUCCESS |  
2019-08-28 19:04:02,001 | INFO  | SCMAudit | user=jenkins1000 | ip=192.168.69.102 | op=SEND_HEARTBEAT {datanodeUUID=adfa36b7-498a-4b65-9252-7ca31df0730f, command=[]} | ret=SUCCESS |  
2019-08-28 19:04:02,001 | INFO  | SCMAudit | user=jenkins1000 | ip=192.168.69.102 | op=SEND_HEARTBEAT {datanodeUUID=00cb801d-97e1-4292-a478-3bdac0cd726d, command=[]} | ret=SUCCESS |  
2019-08-28 19:04:02,298 | INFO  | SCMAudit | user=jenkins1000 | ip=192.168.69.102 | op=SEND_HEARTBEAT {datanodeUUID=00cf7d40-ac63-4acb-9b30-bd0829021504, command=[]} | ret=SUCCESS |  
2019-08-28 19:04:02,407 | INFO  | SCMAudit | user=jenkins1000 | ip=192.168.69.102 | op=SEND_HEARTBEAT {datanodeUUID=ce6b780e-8dc8-43df-9fdb-a1ffb55c35f1, command=[]} | ret=SUCCESS |  
2019-08-28 19:04:02,608 | INFO  | SCMAudit | user=jenkins1000 | ip=192.168.69.102 | op=SEND_HEARTBEAT {datanodeUUID=04b92ac3-39b2-406b-bc61-5570adcbc657, command=[]} | ret=SUCCESS |  
2019-08-28 19:04:02,799 | INFO  | SCMAudit | user=jenkins1000 | ip=192.168.69.102 | op=SEND_HEARTBEAT {datanodeUUID=d3473fb4-3d79-4d8b-9a93-f76ee1ee07e0, command=[]} | ret=SUCCESS |  
2019-08-28 19:04:02,835 | INFO  | SCMAudit | user=jenkins1000 | ip=192.168.69.102 | op=SEND_HEARTBEAT {datanodeUUID=e1b50e67-c8fe-477b-ba6a-852460aa374a, command=[]} | ret=SUCCESS |  
2019-08-28 19:04:03,001 | INFO  | SCMAudit | user=jenkins1000 | ip=192.168.69.102 | op=SEND_HEARTBEAT {datanodeUUID=adfa36b7-498a-4b65-9252-7ca31df0730f, command=[]} | ret=SUCCESS |  
2019-08-28 19:04:03,001 | INFO  | SCMAudit | user=jenkins1000 | ip=192.168.69.102 | op=SEND_HEARTBEAT {datanodeUUID=00cb801d-97e1-4292-a478-3bdac0cd726d, command=[]} | ret=SUCCESS |  
2019-08-28 19:04:03,298 | INFO  | SCMAudit | user=jenkins1000 | ip=192.168.69.102 | op=SEND_HEARTBEAT {datanodeUUID=00cf7d40-ac63-4acb-9b30-bd0829021504, command=[]} | ret=SUCCESS |  
2019-08-28 19:04:03,408 | INFO  | SCMAudit | user=jenkins1000 | ip=192.168.69.102 | op=SEND_HEARTBEAT {datanodeUUID=ce6b780e-8dc8-43df-9fdb-a1ffb55c35f1, command=[]} | ret=SUCCESS |  
2019-08-28 19:04:03,609 | INFO  | SCMAudit | user=jenkins1000 | ip=192.168.69.102 | op=SEND_HEARTBEAT {datanodeUUID=04b92ac3-39b2-406b-bc61-5570adcbc657, command=[]} | ret=SUCCESS |  
2019-08-28 19:04:03,799 | INFO  | SCMAudit | user=jenkins1000 | ip=192.168.69.102 | op=SEND_HEARTBEAT {datanodeUUID=d3473fb4-3d79-4d8b-9a93-f76ee1ee07e0, command=[]} | ret=SUCCESS |  
2019-08-28 19:04:03,835 | INFO  | SCMAudit | user=jenkins1000 | ip=192.168.69.102 | op=SEND_HEARTBEAT {datanodeUUID=e1b50e67-c8fe-477b-ba6a-852460aa374a, command=[]} | ret=SUCCESS |  
2019-08-28 19:04:04,001 | INFO  | SCMAudit | user=jenkins1000 | ip=192.168.69.102 | op=SEND_HEARTBEAT {datanodeUUID=00cb801d-97e1-4292-a478-3bdac0cd726d, command=[]} | ret=SUCCESS |  
2019-08-28 19:04:04,001 | INFO  | SCMAudit | user=jenkins1000 | ip=192.168.69.102 | op=SEND_HEARTBEAT {datanodeUUID=adfa36b7-498a-4b65-9252-7ca31df0730f, command=[]} | ret=SUCCESS |  
2019-08-28 19:04:04,300 | INFO  | SCMAudit | user=jenkins1000 | ip=192.168.69.102 | op=SEND_HEARTBEAT {datanodeUUID=00cf7d40-ac63-4acb-9b30-bd0829021504, command=[]} | ret=SUCCESS |  
2019-08-28 19:04:04,407 | INFO  | SCMAudit | user=jenkins1000 | ip=192.168.69.102 | op=SEND_HEARTBEAT {datanodeUUID=ce6b780e-8dc8-43df-9fdb-a1ffb55c35f1, command=[]} | ret=SUCCESS |  
2019-08-28 19:04:04,609 | INFO  | SCMAudit | user=jenkins1000 | ip=192.168.69.102 | op=SEND_HEARTBEAT {datanodeUUID=04b92ac3-39b2-406b-bc61-5570adcbc657, command=[]} | ret=SUCCESS |  
2019-08-28 19:04:04,800 | INFO  | SCMAudit | user=jenkins1000 | ip=192.168.69.102 | op=SEND_HEARTBEAT {datanodeUUID=d3473fb4-3d79-4d8b-9a93-f76ee1ee07e0, command=[]} | ret=SUCCESS |  
2019-08-28 19:04:04,835 | INFO  | SCMAudit | user=jenkins1000 | ip=192.168.69.102 | op=SEND_HEARTBEAT {datanodeUUID=e1b50e67-c8fe-477b-ba6a-852460aa374a, command=[]} | ret=SUCCESS |  
2019-08-28 19:04:05,001 | INFO  | SCMAudit | user=jenkins1000 | ip=192.168.69.102 | op=SEND_HEARTBEAT {datanodeUUID=adfa36b7-498a-4b65-9252-7ca31df0730f, command=[]} | ret=SUCCESS |  
2019-08-28 19:04:05,001 | INFO  | SCMAudit | user=jenkins1000 | ip=192.168.69.102 | op=SEND_HEARTBEAT {datanodeUUID=00cb801d-97e1-4292-a478-3bdac0cd726d, command=[]} | ret=SUCCESS |  
2019-08-28 19:04:05,299 | INFO  | SCMAudit | user=jenkins1000 | ip=192.168.69.102 | op=SEND_HEARTBEAT {datanodeUUID=00cf7d40-ac63-4acb-9b30-bd0829021504, command=[]} | ret=SUCCESS |  
2019-08-28 19:04:05,407 | INFO  | SCMAudit | user=jenkins1000 | ip=192.168.69.102 | op=SEND_HEARTBEAT {datanodeUUID=ce6b780e-8dc8-43df-9fdb-a1ffb55c35f1, command=[]} | ret=SUCCESS |  
2019-08-28 19:04:05,609 | INFO  | SCMAudit | user=jenkins1000 | ip=192.168.69.102 | op=SEND_HEARTBEAT {datanodeUUID=04b92ac3-39b2-406b-bc61-5570adcbc657, command=[]} | ret=SUCCESS |  
2019-08-28 19:04:05,799 | INFO  | SCMAudit | user=jenkins1000 | ip=192.168.69.102 | op=SEND_HEARTBEAT {datanodeUUID=d3473fb4-3d79-4d8b-9a93-f76ee1ee07e0, command=[]} | ret=SUCCESS |  
2019-08-28 19:04:05,835 | INFO  | SCMAudit | user=jenkins1000 | ip=192.168.69.102 | op=SEND_HEARTBEAT {datanodeUUID=e1b50e67-c8fe-477b-ba6a-852460aa374a, command=[]} | ret=SUCCESS |  
2019-08-28 19:04:05,926 [Thread-4767] INFO  impl.FollowerState (FollowerState.java:run(106)) - e1b50e67-c8fe-477b-ba6a-852460aa374a:group-E23FA03F1A8D changes to CANDIDATE, lastRpcTime:5062, electionTimeout:5062ms
2019-08-28 19:04:05,926 [Thread-4767] INFO  impl.RoleInfo (RoleInfo.java:shutdownFollowerState(121)) - e1b50e67-c8fe-477b-ba6a-852460aa374a: shutdown FollowerState
2019-08-28 19:04:05,926 [Thread-4767] INFO  impl.RaftServerImpl (RaftServerImpl.java:setRole(171)) - e1b50e67-c8fe-477b-ba6a-852460aa374a:group-E23FA03F1A8D changes role from FOLLOWER to CANDIDATE at term 1 for changeToCandidate
2019-08-28 19:04:05,926 [Thread-4767] INFO  impl.RoleInfo (RoleInfo.java:updateAndGet(143)) - e1b50e67-c8fe-477b-ba6a-852460aa374a: start LeaderElection
2019-08-28 19:04:05,995 [Thread-4768] INFO  impl.FollowerState (FollowerState.java:run(106)) - 04b92ac3-39b2-406b-bc61-5570adcbc657:group-E23FA03F1A8D changes to CANDIDATE, lastRpcTime:5131, electionTimeout:5131ms
2019-08-28 19:04:05,995 [Thread-4768] INFO  impl.RoleInfo (RoleInfo.java:shutdownFollowerState(121)) - 04b92ac3-39b2-406b-bc61-5570adcbc657: shutdown FollowerState
2019-08-28 19:04:05,995 [Thread-4768] INFO  impl.RaftServerImpl (RaftServerImpl.java:setRole(171)) - 04b92ac3-39b2-406b-bc61-5570adcbc657:group-E23FA03F1A8D changes role from FOLLOWER to CANDIDATE at term 1 for changeToCandidate
2019-08-28 19:04:05,995 [Thread-4768] INFO  impl.RoleInfo (RoleInfo.java:updateAndGet(143)) - 04b92ac3-39b2-406b-bc61-5570adcbc657: start LeaderElection
2019-08-28 19:04:06,013 [Thread-4769] INFO  impl.FollowerState (FollowerState.java:run(106)) - ce6b780e-8dc8-43df-9fdb-a1ffb55c35f1:group-E23FA03F1A8D changes to CANDIDATE, lastRpcTime:5147, electionTimeout:5139ms
2019-08-28 19:04:06,013 [Thread-4769] INFO  impl.RoleInfo (RoleInfo.java:shutdownFollowerState(121)) - ce6b780e-8dc8-43df-9fdb-a1ffb55c35f1: shutdown FollowerState
2019-08-28 19:04:06,014 [Thread-4769] INFO  impl.RaftServerImpl (RaftServerImpl.java:setRole(171)) - ce6b780e-8dc8-43df-9fdb-a1ffb55c35f1:group-E23FA03F1A8D changes role from FOLLOWER to CANDIDATE at term 1 for changeToCandidate
2019-08-28 19:04:06,014 [Thread-4769] INFO  impl.RoleInfo (RoleInfo.java:updateAndGet(143)) - ce6b780e-8dc8-43df-9fdb-a1ffb55c35f1: start LeaderElection
2019-08-28 19:04:06,014 | INFO  | SCMAudit | user=jenkins1000 | ip=192.168.69.102 | op=SEND_HEARTBEAT {datanodeUUID=adfa36b7-498a-4b65-9252-7ca31df0730f, command=[]} | ret=SUCCESS |  
2019-08-28 19:04:06,014 | INFO  | SCMAudit | user=jenkins1000 | ip=192.168.69.102 | op=SEND_HEARTBEAT {datanodeUUID=00cb801d-97e1-4292-a478-3bdac0cd726d, command=[]} | ret=SUCCESS |  
2019-08-28 19:04:06,299 | INFO  | SCMAudit | user=jenkins1000 | ip=192.168.69.102 | op=SEND_HEARTBEAT {datanodeUUID=00cf7d40-ac63-4acb-9b30-bd0829021504, command=[]} | ret=SUCCESS |  
2019-08-28 19:04:06,407 | INFO  | SCMAudit | user=jenkins1000 | ip=192.168.69.102 | op=SEND_HEARTBEAT {datanodeUUID=ce6b780e-8dc8-43df-9fdb-a1ffb55c35f1, command=[]} | ret=SUCCESS |  
2019-08-28 19:04:06,592 | INFO  | SCMAudit | user=jenkins1000 | ip=192.168.69.102 | op=SEND_HEARTBEAT {datanodeUUID=00cf7d40-ac63-4acb-9b30-bd0829021504, command=[]} | ret=SUCCESS |  
2019-08-28 19:04:06,609 | INFO  | SCMAudit | user=jenkins1000 | ip=192.168.69.102 | op=SEND_HEARTBEAT {datanodeUUID=04b92ac3-39b2-406b-bc61-5570adcbc657, command=[]} | ret=SUCCESS |  
2019-08-28 19:04:06,691 | ERROR | DNAudit | user=null | ip=null | op=WRITE_CHUNK {blockData=conID: 1 locID: 102696159610404884 bcsId: 14} | ret=FAILURE | org.apache.hadoop.hdds.scm.container.common.helpers.ContainerNotOpenException: Container 1 in CLOSED state
	at org.apache.hadoop.ozone.container.common.impl.HddsDispatcher.validateContainerCommand(HddsDispatcher.java:408)
	at org.apache.hadoop.ozone.container.common.transport.server.ratis.ContainerStateMachine.startTransaction(ContainerStateMachine.java:309) 
2019-08-28 19:04:06,693 | ERROR | DNAudit | user=null | ip=null | op=WRITE_CHUNK {blockData=conID: 1 locID: 102696159610404884 bcsId: 14} | ret=FAILURE | org.apache.hadoop.hdds.scm.container.common.helpers.ContainerNotOpenException: Container 1 in CLOSED state
	at org.apache.hadoop.ozone.container.common.impl.HddsDispatcher.validateContainerCommand(HddsDispatcher.java:408)
	at org.apache.hadoop.ozone.container.common.transport.server.ratis.ContainerStateMachine.startTransaction(ContainerStateMachine.java:309) 
2019-08-28 19:04:06,701 | ERROR | DNAudit | user=null | ip=null | op=PUT_BLOCK {blockData=[blockId=conID: 1 locID: 102696159610404884 bcsId: 0,size=650]} | ret=FAILURE | org.apache.hadoop.hdds.scm.container.common.helpers.ContainerNotOpenException: Container 1 in CLOSED state
	at org.apache.hadoop.ozone.container.common.impl.HddsDispatcher.validateContainerCommand(HddsDispatcher.java:408)
	at org.apache.hadoop.ozone.container.common.transport.server.ratis.ContainerStateMachine.startTransaction(ContainerStateMachine.java:309) 
2019-08-28 19:04:06,706 [grpc-default-executor-6] INFO  client.GrpcClientProtocolClient (GrpcClientProtocolClient.java:onNext(255)) - client-7DC0EB2CB99A->adfa36b7-498a-4b65-9252-7ca31df0730f: receive RaftClientReply:client-7DC0EB2CB99A->adfa36b7-498a-4b65-9252-7ca31df0730f@group-B83E8685FE49, cid=247, FAILED org.apache.ratis.protocol.StateMachineException: org.apache.hadoop.hdds.scm.container.common.helpers.ContainerNotOpenException from Server adfa36b7-498a-4b65-9252-7ca31df0730f: Container 1 in CLOSED state, logIndex=0, commits[adfa36b7-498a-4b65-9252-7ca31df0730f:c18, 00cb801d-97e1-4292-a478-3bdac0cd726d:c18, 00cf7d40-ac63-4acb-9b30-bd0829021504:c18]
2019-08-28 19:04:06,711 [grpc-default-executor-6] INFO  client.GrpcClientProtocolClient (GrpcClientProtocolClient.java:onNext(255)) - client-7DC0EB2CB99A->adfa36b7-498a-4b65-9252-7ca31df0730f: receive RaftClientReply:client-7DC0EB2CB99A->adfa36b7-498a-4b65-9252-7ca31df0730f@group-B83E8685FE49, cid=248, FAILED org.apache.ratis.protocol.StateMachineException: org.apache.hadoop.hdds.scm.container.common.helpers.ContainerNotOpenException from Server adfa36b7-498a-4b65-9252-7ca31df0730f: Container 1 in CLOSED state, logIndex=0, commits[adfa36b7-498a-4b65-9252-7ca31df0730f:c18, 00cb801d-97e1-4292-a478-3bdac0cd726d:c18, 00cf7d40-ac63-4acb-9b30-bd0829021504:c18]
2019-08-28 19:04:06,711 | ERROR | DNAudit | user=null | ip=null | op=WRITE_CHUNK {blockData=conID: 1 locID: 102696159610404884 bcsId: 14} | ret=FAILURE | org.apache.hadoop.hdds.scm.container.common.helpers.ContainerNotOpenException: Container 1 in CLOSED state
	at org.apache.hadoop.ozone.container.common.impl.HddsDispatcher.validateContainerCommand(HddsDispatcher.java:408)
	at org.apache.hadoop.ozone.container.common.transport.server.ratis.ContainerStateMachine.startTransaction(ContainerStateMachine.java:309) 
2019-08-28 19:04:06,712 | ERROR | DNAudit | user=null | ip=null | op=WRITE_CHUNK {blockData=conID: 1 locID: 102696159610404884 bcsId: 14} | ret=FAILURE | org.apache.hadoop.hdds.scm.container.common.helpers.ContainerNotOpenException: Container 1 in CLOSED state
	at org.apache.hadoop.ozone.container.common.impl.HddsDispatcher.validateContainerCommand(HddsDispatcher.java:408)
	at org.apache.hadoop.ozone.container.common.transport.server.ratis.ContainerStateMachine.startTransaction(ContainerStateMachine.java:309) 
2019-08-28 19:04:06,712 [grpc-default-executor-6] INFO  client.GrpcClientProtocolClient (GrpcClientProtocolClient.java:onNext(255)) - client-7DC0EB2CB99A->adfa36b7-498a-4b65-9252-7ca31df0730f: receive RaftClientReply:client-7DC0EB2CB99A->adfa36b7-498a-4b65-9252-7ca31df0730f@group-B83E8685FE49, cid=249, FAILED org.apache.ratis.protocol.StateMachineException: org.apache.hadoop.hdds.scm.container.common.helpers.ContainerNotOpenException from Server adfa36b7-498a-4b65-9252-7ca31df0730f: Container 1 in CLOSED state, logIndex=0, commits[adfa36b7-498a-4b65-9252-7ca31df0730f:c18, 00cb801d-97e1-4292-a478-3bdac0cd726d:c18, 00cf7d40-ac63-4acb-9b30-bd0829021504:c18]
2019-08-28 19:04:06,721 [grpc-default-executor-6] INFO  client.GrpcClientProtocolClient (GrpcClientProtocolClient.java:onNext(255)) - client-7DC0EB2CB99A->adfa36b7-498a-4b65-9252-7ca31df0730f: receive RaftClientReply:client-7DC0EB2CB99A->adfa36b7-498a-4b65-9252-7ca31df0730f@group-B83E8685FE49, cid=250, FAILED org.apache.ratis.protocol.StateMachineException: org.apache.hadoop.hdds.scm.container.common.helpers.ContainerNotOpenException from Server adfa36b7-498a-4b65-9252-7ca31df0730f: Container 1 in CLOSED state, logIndex=0, commits[adfa36b7-498a-4b65-9252-7ca31df0730f:c18, 00cb801d-97e1-4292-a478-3bdac0cd726d:c18, 00cf7d40-ac63-4acb-9b30-bd0829021504:c18]
2019-08-28 19:04:06,722 | ERROR | DNAudit | user=null | ip=null | op=PUT_BLOCK {blockData=[blockId=conID: 1 locID: 102696159610404884 bcsId: 0,size=800]} | ret=FAILURE | org.apache.hadoop.hdds.scm.container.common.helpers.ContainerNotOpenException: Container 1 in CLOSED state
	at org.apache.hadoop.ozone.container.common.impl.HddsDispatcher.validateContainerCommand(HddsDispatcher.java:408)
	at org.apache.hadoop.ozone.container.common.transport.server.ratis.ContainerStateMachine.startTransaction(ContainerStateMachine.java:309) 
2019-08-28 19:04:06,722 [grpc-default-executor-6] INFO  client.GrpcClientProtocolClient (GrpcClientProtocolClient.java:onNext(255)) - client-7DC0EB2CB99A->adfa36b7-498a-4b65-9252-7ca31df0730f: receive RaftClientReply:client-7DC0EB2CB99A->adfa36b7-498a-4b65-9252-7ca31df0730f@group-B83E8685FE49, cid=251, FAILED org.apache.ratis.protocol.StateMachineException: org.apache.hadoop.hdds.scm.container.common.helpers.ContainerNotOpenException from Server adfa36b7-498a-4b65-9252-7ca31df0730f: Container 1 in CLOSED state, logIndex=0, commits[adfa36b7-498a-4b65-9252-7ca31df0730f:c18, 00cb801d-97e1-4292-a478-3bdac0cd726d:c18, 00cf7d40-ac63-4acb-9b30-bd0829021504:c18]
2019-08-28 19:04:06,729 [grpc-default-executor-6] INFO  client.GrpcClientProtocolClient (GrpcClientProtocolClient.java:onNext(255)) - client-7DC0EB2CB99A->adfa36b7-498a-4b65-9252-7ca31df0730f: receive RaftClientReply:client-7DC0EB2CB99A->adfa36b7-498a-4b65-9252-7ca31df0730f@group-B83E8685FE49, cid=252, FAILED org.apache.ratis.protocol.StateMachineException: org.apache.hadoop.hdds.scm.container.common.helpers.ContainerNotOpenException from Server adfa36b7-498a-4b65-9252-7ca31df0730f: Container 1 in CLOSED state, logIndex=0, commits[adfa36b7-498a-4b65-9252-7ca31df0730f:c18, 00cb801d-97e1-4292-a478-3bdac0cd726d:c18, 00cf7d40-ac63-4acb-9b30-bd0829021504:c18]
2019-08-28 19:04:06,744 | INFO  | SCMAudit | user=jenkins1000 | ip=192.168.69.102 | op=ALLOCATE_BLOCK {owner=60b6168b-fe5d-4a4a-ae8c-4fc7c43c0217, size=800, type=RATIS, factor=THREE} | ret=SUCCESS |  
2019-08-28 19:04:06,746 | INFO  | OMAudit | user=jenkins1000 | ip=127.0.0.1 | op=ALLOCATE_BLOCK {volume=testblockoutputstream, bucket=testblockoutputstream, key=aa6dafa2-e752-4652-ab7d-2afcf2b65d23, dataSize=0, replicationType=null, replicationFactor=null, keyLocationInfo=null, clientID=102696159603589139} | ret=SUCCESS |  
2019-08-28 19:04:06,755 [grpc-default-executor-6] INFO  client.GrpcClientProtocolClient (GrpcClientProtocolClient.java:onNext(255)) - client-04D9F2DAF038->e1b50e67-c8fe-477b-ba6a-852460aa374a: receive RaftClientReply:client-04D9F2DAF038->e1b50e67-c8fe-477b-ba6a-852460aa374a@group-E23FA03F1A8D, cid=253, FAILED org.apache.ratis.protocol.NotLeaderException: Server e1b50e67-c8fe-477b-ba6a-852460aa374a is not the leader (null). Request must be sent to leader., logIndex=0, commits[e1b50e67-c8fe-477b-ba6a-852460aa374a:c-1]
2019-08-28 19:04:06,799 | INFO  | SCMAudit | user=jenkins1000 | ip=192.168.69.102 | op=SEND_HEARTBEAT {datanodeUUID=d3473fb4-3d79-4d8b-9a93-f76ee1ee07e0, command=[]} | ret=SUCCESS |  
2019-08-28 19:04:06,835 | INFO  | SCMAudit | user=jenkins1000 | ip=192.168.69.102 | op=SEND_HEARTBEAT {datanodeUUID=e1b50e67-c8fe-477b-ba6a-852460aa374a, command=[]} | ret=SUCCESS |  
2019-08-28 19:04:07,014 | INFO  | SCMAudit | user=jenkins1000 | ip=192.168.69.102 | op=SEND_HEARTBEAT {datanodeUUID=adfa36b7-498a-4b65-9252-7ca31df0730f, command=[]} | ret=SUCCESS |  
2019-08-28 19:04:07,014 | INFO  | SCMAudit | user=jenkins1000 | ip=192.168.69.102 | op=SEND_HEARTBEAT {datanodeUUID=00cb801d-97e1-4292-a478-3bdac0cd726d, command=[]} | ret=SUCCESS |  
2019-08-28 19:04:07,407 | INFO  | SCMAudit | user=jenkins1000 | ip=192.168.69.102 | op=SEND_HEARTBEAT {datanodeUUID=ce6b780e-8dc8-43df-9fdb-a1ffb55c35f1, command=[]} | ret=SUCCESS |  
2019-08-28 19:04:07,592 | INFO  | SCMAudit | user=jenkins1000 | ip=192.168.69.102 | op=SEND_HEARTBEAT {datanodeUUID=00cf7d40-ac63-4acb-9b30-bd0829021504, command=[]} | ret=SUCCESS |  
2019-08-28 19:04:07,609 | INFO  | SCMAudit | user=jenkins1000 | ip=192.168.69.102 | op=SEND_HEARTBEAT {datanodeUUID=04b92ac3-39b2-406b-bc61-5570adcbc657, command=[]} | ret=SUCCESS |  
2019-08-28 19:04:07,768 [grpc-default-executor-6] INFO  client.GrpcClientProtocolClient (GrpcClientProtocolClient.java:onNext(255)) - client-04D9F2DAF038->04b92ac3-39b2-406b-bc61-5570adcbc657: receive RaftClientReply:client-04D9F2DAF038->04b92ac3-39b2-406b-bc61-5570adcbc657@group-E23FA03F1A8D, cid=253, FAILED org.apache.ratis.protocol.NotLeaderException: Server 04b92ac3-39b2-406b-bc61-5570adcbc657 is not the leader (null). Request must be sent to leader., logIndex=0, commits[04b92ac3-39b2-406b-bc61-5570adcbc657:c-1]
2019-08-28 19:04:07,799 | INFO  | SCMAudit | user=jenkins1000 | ip=192.168.69.102 | op=SEND_HEARTBEAT {datanodeUUID=d3473fb4-3d79-4d8b-9a93-f76ee1ee07e0, command=[]} | ret=SUCCESS |  
2019-08-28 19:04:07,835 | INFO  | SCMAudit | user=jenkins1000 | ip=192.168.69.102 | op=SEND_HEARTBEAT {datanodeUUID=e1b50e67-c8fe-477b-ba6a-852460aa374a, command=[]} | ret=SUCCESS |  
2019-08-28 19:04:08,014 | INFO  | SCMAudit | user=jenkins1000 | ip=192.168.69.102 | op=SEND_HEARTBEAT {datanodeUUID=00cb801d-97e1-4292-a478-3bdac0cd726d, command=[]} | ret=SUCCESS |  
2019-08-28 19:04:08,014 | INFO  | SCMAudit | user=jenkins1000 | ip=192.168.69.102 | op=SEND_HEARTBEAT {datanodeUUID=adfa36b7-498a-4b65-9252-7ca31df0730f, command=[]} | ret=SUCCESS |  
2019-08-28 19:04:08,407 | INFO  | SCMAudit | user=jenkins1000 | ip=192.168.69.102 | op=SEND_HEARTBEAT {datanodeUUID=ce6b780e-8dc8-43df-9fdb-a1ffb55c35f1, command=[]} | ret=SUCCESS |  
2019-08-28 19:04:08,592 | INFO  | SCMAudit | user=jenkins1000 | ip=192.168.69.102 | op=SEND_HEARTBEAT {datanodeUUID=00cf7d40-ac63-4acb-9b30-bd0829021504, command=[]} | ret=SUCCESS |  
2019-08-28 19:04:08,609 | INFO  | SCMAudit | user=jenkins1000 | ip=192.168.69.102 | op=SEND_HEARTBEAT {datanodeUUID=04b92ac3-39b2-406b-bc61-5570adcbc657, command=[]} | ret=SUCCESS |  
2019-08-28 19:04:08,776 [grpc-default-executor-12] INFO  client.GrpcClientProtocolClient (GrpcClientProtocolClient.java:onNext(255)) - client-04D9F2DAF038->ce6b780e-8dc8-43df-9fdb-a1ffb55c35f1: receive RaftClientReply:client-04D9F2DAF038->ce6b780e-8dc8-43df-9fdb-a1ffb55c35f1@group-E23FA03F1A8D, cid=253, FAILED org.apache.ratis.protocol.NotLeaderException: Server ce6b780e-8dc8-43df-9fdb-a1ffb55c35f1 is not the leader (null). Request must be sent to leader., logIndex=0, commits[ce6b780e-8dc8-43df-9fdb-a1ffb55c35f1:c-1]
2019-08-28 19:04:08,801 | INFO  | SCMAudit | user=jenkins1000 | ip=192.168.69.102 | op=SEND_HEARTBEAT {datanodeUUID=d3473fb4-3d79-4d8b-9a93-f76ee1ee07e0, command=[]} | ret=SUCCESS |  
2019-08-28 19:04:08,835 | INFO  | SCMAudit | user=jenkins1000 | ip=192.168.69.102 | op=SEND_HEARTBEAT {datanodeUUID=e1b50e67-c8fe-477b-ba6a-852460aa374a, command=[]} | ret=SUCCESS |  
2019-08-28 19:04:08,930 [e1b50e67-c8fe-477b-ba6a-852460aa374a:group-E23FA03F1A8D:LeaderElection107] INFO  impl.LeaderElection (LeaderElection.java:askForVotes(181)) - e1b50e67-c8fe-477b-ba6a-852460aa374a:group-E23FA03F1A8D:LeaderElection107: begin an election at term 2 for -1: [e1b50e67-c8fe-477b-ba6a-852460aa374a:192.168.69.102:34045, 04b92ac3-39b2-406b-bc61-5570adcbc657:192.168.69.102:34882, ce6b780e-8dc8-43df-9fdb-a1ffb55c35f1:192.168.69.102:37617], old=null
2019-08-28 19:04:08,930 [ce6b780e-8dc8-43df-9fdb-a1ffb55c35f1:group-E23FA03F1A8D:LeaderElection109] INFO  impl.LeaderElection (LeaderElection.java:askForVotes(181)) - ce6b780e-8dc8-43df-9fdb-a1ffb55c35f1:group-E23FA03F1A8D:LeaderElection109: begin an election at term 2 for -1: [e1b50e67-c8fe-477b-ba6a-852460aa374a:192.168.69.102:34045, 04b92ac3-39b2-406b-bc61-5570adcbc657:192.168.69.102:34882, ce6b780e-8dc8-43df-9fdb-a1ffb55c35f1:192.168.69.102:37617], old=null
2019-08-28 19:04:08,930 [04b92ac3-39b2-406b-bc61-5570adcbc657:group-E23FA03F1A8D:LeaderElection108] INFO  impl.LeaderElection (LeaderElection.java:askForVotes(181)) - 04b92ac3-39b2-406b-bc61-5570adcbc657:group-E23FA03F1A8D:LeaderElection108: begin an election at term 2 for -1: [e1b50e67-c8fe-477b-ba6a-852460aa374a:192.168.69.102:34045, 04b92ac3-39b2-406b-bc61-5570adcbc657:192.168.69.102:34882, ce6b780e-8dc8-43df-9fdb-a1ffb55c35f1:192.168.69.102:37617], old=null
2019-08-28 19:04:08,934 [04b92ac3-39b2-406b-bc61-5570adcbc657:group-E23FA03F1A8D:LeaderElection108] INFO  impl.LeaderElection (LeaderElection.java:logAndReturn(56)) - 04b92ac3-39b2-406b-bc61-5570adcbc657:group-E23FA03F1A8D:LeaderElection108: Election REJECTED; received 2 response(s) [04b92ac3-39b2-406b-bc61-5570adcbc657<-e1b50e67-c8fe-477b-ba6a-852460aa374a#0:FAIL-t2, 04b92ac3-39b2-406b-bc61-5570adcbc657<-ce6b780e-8dc8-43df-9fdb-a1ffb55c35f1#0:FAIL-t2] and 0 exception(s); 04b92ac3-39b2-406b-bc61-5570adcbc657:t2, leader=null, voted=04b92ac3-39b2-406b-bc61-5570adcbc657, raftlog=04b92ac3-39b2-406b-bc61-5570adcbc657-SegmentedRaftLog:OPENED:c-1,f-1,i0, conf=-1: [e1b50e67-c8fe-477b-ba6a-852460aa374a:192.168.69.102:34045, 04b92ac3-39b2-406b-bc61-5570adcbc657:192.168.69.102:34882, ce6b780e-8dc8-43df-9fdb-a1ffb55c35f1:192.168.69.102:37617], old=null
2019-08-28 19:04:08,934 [04b92ac3-39b2-406b-bc61-5570adcbc657:group-E23FA03F1A8D:LeaderElection108] INFO  impl.RaftServerImpl (RaftServerImpl.java:setRole(171)) - 04b92ac3-39b2-406b-bc61-5570adcbc657:group-E23FA03F1A8D changes role from CANDIDATE to FOLLOWER at term 2 for DISCOVERED_A_NEW_TERM
2019-08-28 19:04:08,934 [04b92ac3-39b2-406b-bc61-5570adcbc657:group-E23FA03F1A8D:LeaderElection108] INFO  impl.RoleInfo (RoleInfo.java:shutdownLeaderElection(134)) - 04b92ac3-39b2-406b-bc61-5570adcbc657: shutdown LeaderElection
2019-08-28 19:04:08,934 [e1b50e67-c8fe-477b-ba6a-852460aa374a:group-E23FA03F1A8D:LeaderElection107] INFO  impl.LeaderElection (LeaderElection.java:logAndReturn(56)) - e1b50e67-c8fe-477b-ba6a-852460aa374a:group-E23FA03F1A8D:LeaderElection107: Election REJECTED; received 2 response(s) [e1b50e67-c8fe-477b-ba6a-852460aa374a<-04b92ac3-39b2-406b-bc61-5570adcbc657#0:FAIL-t2, e1b50e67-c8fe-477b-ba6a-852460aa374a<-ce6b780e-8dc8-43df-9fdb-a1ffb55c35f1#0:FAIL-t2] and 0 exception(s); e1b50e67-c8fe-477b-ba6a-852460aa374a:t2, leader=null, voted=e1b50e67-c8fe-477b-ba6a-852460aa374a, raftlog=e1b50e67-c8fe-477b-ba6a-852460aa374a-SegmentedRaftLog:OPENED:c-1,f-1,i0, conf=-1: [e1b50e67-c8fe-477b-ba6a-852460aa374a:192.168.69.102:34045, 04b92ac3-39b2-406b-bc61-5570adcbc657:192.168.69.102:34882, ce6b780e-8dc8-43df-9fdb-a1ffb55c35f1:192.168.69.102:37617], old=null
2019-08-28 19:04:08,934 [04b92ac3-39b2-406b-bc61-5570adcbc657:group-E23FA03F1A8D:LeaderElection108] INFO  impl.RoleInfo (RoleInfo.java:updateAndGet(143)) - 04b92ac3-39b2-406b-bc61-5570adcbc657: start FollowerState
2019-08-28 19:04:08,935 [e1b50e67-c8fe-477b-ba6a-852460aa374a:group-E23FA03F1A8D:LeaderElection107] INFO  impl.RaftServerImpl (RaftServerImpl.java:setRole(171)) - e1b50e67-c8fe-477b-ba6a-852460aa374a:group-E23FA03F1A8D changes role from CANDIDATE to FOLLOWER at term 2 for DISCOVERED_A_NEW_TERM
2019-08-28 19:04:08,935 [ce6b780e-8dc8-43df-9fdb-a1ffb55c35f1:group-E23FA03F1A8D:LeaderElection109] INFO  impl.LeaderElection (LeaderElection.java:logAndReturn(56)) - ce6b780e-8dc8-43df-9fdb-a1ffb55c35f1:group-E23FA03F1A8D:LeaderElection109: Election REJECTED; received 2 response(s) [ce6b780e-8dc8-43df-9fdb-a1ffb55c35f1<-e1b50e67-c8fe-477b-ba6a-852460aa374a#0:FAIL-t2, ce6b780e-8dc8-43df-9fdb-a1ffb55c35f1<-04b92ac3-39b2-406b-bc61-5570adcbc657#0:FAIL-t2] and 0 exception(s); ce6b780e-8dc8-43df-9fdb-a1ffb55c35f1:t2, leader=null, voted=ce6b780e-8dc8-43df-9fdb-a1ffb55c35f1, raftlog=ce6b780e-8dc8-43df-9fdb-a1ffb55c35f1-SegmentedRaftLog:OPENED:c-1,f-1,i0, conf=-1: [e1b50e67-c8fe-477b-ba6a-852460aa374a:192.168.69.102:34045, 04b92ac3-39b2-406b-bc61-5570adcbc657:192.168.69.102:34882, ce6b780e-8dc8-43df-9fdb-a1ffb55c35f1:192.168.69.102:37617], old=null
2019-08-28 19:04:08,935 [e1b50e67-c8fe-477b-ba6a-852460aa374a:group-E23FA03F1A8D:LeaderElection107] INFO  impl.RoleInfo (RoleInfo.java:shutdownLeaderElection(134)) - e1b50e67-c8fe-477b-ba6a-852460aa374a: shutdown LeaderElection
2019-08-28 19:04:08,935 [ce6b780e-8dc8-43df-9fdb-a1ffb55c35f1:group-E23FA03F1A8D:LeaderElection109] INFO  impl.RaftServerImpl (RaftServerImpl.java:setRole(171)) - ce6b780e-8dc8-43df-9fdb-a1ffb55c35f1:group-E23FA03F1A8D changes role from CANDIDATE to FOLLOWER at term 2 for DISCOVERED_A_NEW_TERM
2019-08-28 19:04:08,935 [e1b50e67-c8fe-477b-ba6a-852460aa374a:group-E23FA03F1A8D:LeaderElection107] INFO  impl.RoleInfo (RoleInfo.java:updateAndGet(143)) - e1b50e67-c8fe-477b-ba6a-852460aa374a: start FollowerState
2019-08-28 19:04:08,935 [ce6b780e-8dc8-43df-9fdb-a1ffb55c35f1:group-E23FA03F1A8D:LeaderElection109] INFO  impl.RoleInfo (RoleInfo.java:shutdownLeaderElection(134)) - ce6b780e-8dc8-43df-9fdb-a1ffb55c35f1: shutdown LeaderElection
2019-08-28 19:04:08,936 [ce6b780e-8dc8-43df-9fdb-a1ffb55c35f1:group-E23FA03F1A8D:LeaderElection109] INFO  impl.RoleInfo (RoleInfo.java:updateAndGet(143)) - ce6b780e-8dc8-43df-9fdb-a1ffb55c35f1: start FollowerState
2019-08-28 19:04:09,014 | INFO  | SCMAudit | user=jenkins1000 | ip=192.168.69.102 | op=SEND_HEARTBEAT {datanodeUUID=adfa36b7-498a-4b65-9252-7ca31df0730f, command=[]} | ret=SUCCESS |  
2019-08-28 19:04:09,014 | INFO  | SCMAudit | user=jenkins1000 | ip=192.168.69.102 | op=SEND_HEARTBEAT {datanodeUUID=00cb801d-97e1-4292-a478-3bdac0cd726d, command=[]} | ret=SUCCESS |  
2019-08-28 19:04:09,407 | INFO  | SCMAudit | user=jenkins1000 | ip=192.168.69.102 | op=SEND_HEARTBEAT {datanodeUUID=ce6b780e-8dc8-43df-9fdb-a1ffb55c35f1, command=[]} | ret=SUCCESS |  
2019-08-28 19:04:09,592 | INFO  | SCMAudit | user=jenkins1000 | ip=192.168.69.102 | op=SEND_HEARTBEAT {datanodeUUID=00cf7d40-ac63-4acb-9b30-bd0829021504, command=[]} | ret=SUCCESS |  
2019-08-28 19:04:09,609 | INFO  | SCMAudit | user=jenkins1000 | ip=192.168.69.102 | op=SEND_HEARTBEAT {datanodeUUID=04b92ac3-39b2-406b-bc61-5570adcbc657, command=[]} | ret=SUCCESS |  
2019-08-28 19:04:09,791 [grpc-default-executor-6] INFO  client.GrpcClientProtocolClient (GrpcClientProtocolClient.java:onNext(255)) - client-04D9F2DAF038->e1b50e67-c8fe-477b-ba6a-852460aa374a: receive RaftClientReply:client-04D9F2DAF038->e1b50e67-c8fe-477b-ba6a-852460aa374a@group-E23FA03F1A8D, cid=253, FAILED org.apache.ratis.protocol.NotLeaderException: Server e1b50e67-c8fe-477b-ba6a-852460aa374a is not the leader (null). Request must be sent to leader., logIndex=0, commits[e1b50e67-c8fe-477b-ba6a-852460aa374a:c-1]
2019-08-28 19:04:09,801 | INFO  | SCMAudit | user=jenkins1000 | ip=192.168.69.102 | op=SEND_HEARTBEAT {datanodeUUID=d3473fb4-3d79-4d8b-9a93-f76ee1ee07e0, command=[]} | ret=SUCCESS |  
2019-08-28 19:04:09,835 | INFO  | SCMAudit | user=jenkins1000 | ip=192.168.69.102 | op=SEND_HEARTBEAT {datanodeUUID=e1b50e67-c8fe-477b-ba6a-852460aa374a, command=[]} | ret=SUCCESS |  
2019-08-28 19:04:10,014 | INFO  | SCMAudit | user=jenkins1000 | ip=192.168.69.102 | op=SEND_HEARTBEAT {datanodeUUID=00cb801d-97e1-4292-a478-3bdac0cd726d, command=[]} | ret=SUCCESS |  
2019-08-28 19:04:10,014 | INFO  | SCMAudit | user=jenkins1000 | ip=192.168.69.102 | op=SEND_HEARTBEAT {datanodeUUID=adfa36b7-498a-4b65-9252-7ca31df0730f, command=[]} | ret=SUCCESS |  
2019-08-28 19:04:10,407 | INFO  | SCMAudit | user=jenkins1000 | ip=192.168.69.102 | op=SEND_HEARTBEAT {datanodeUUID=ce6b780e-8dc8-43df-9fdb-a1ffb55c35f1, command=[]} | ret=SUCCESS |  
2019-08-28 19:04:10,592 | INFO  | SCMAudit | user=jenkins1000 | ip=192.168.69.102 | op=SEND_HEARTBEAT {datanodeUUID=00cf7d40-ac63-4acb-9b30-bd0829021504, command=[]} | ret=SUCCESS |  
2019-08-28 19:04:10,609 | INFO  | SCMAudit | user=jenkins1000 | ip=192.168.69.102 | op=SEND_HEARTBEAT {datanodeUUID=04b92ac3-39b2-406b-bc61-5570adcbc657, command=[]} | ret=SUCCESS |  
2019-08-28 19:04:10,800 [grpc-default-executor-4] INFO  client.GrpcClientProtocolClient (GrpcClientProtocolClient.java:onNext(255)) - client-04D9F2DAF038->04b92ac3-39b2-406b-bc61-5570adcbc657: receive RaftClientReply:client-04D9F2DAF038->04b92ac3-39b2-406b-bc61-5570adcbc657@group-E23FA03F1A8D, cid=253, FAILED org.apache.ratis.protocol.NotLeaderException: Server 04b92ac3-39b2-406b-bc61-5570adcbc657 is not the leader (null). Request must be sent to leader., logIndex=0, commits[04b92ac3-39b2-406b-bc61-5570adcbc657:c-1]
2019-08-28 19:04:10,804 | INFO  | SCMAudit | user=jenkins1000 | ip=192.168.69.102 | op=SEND_HEARTBEAT {datanodeUUID=d3473fb4-3d79-4d8b-9a93-f76ee1ee07e0, command=[]} | ret=SUCCESS |  
2019-08-28 19:04:10,835 | INFO  | SCMAudit | user=jenkins1000 | ip=192.168.69.102 | op=SEND_HEARTBEAT {datanodeUUID=e1b50e67-c8fe-477b-ba6a-852460aa374a, command=[]} | ret=SUCCESS |  
2019-08-28 19:04:11,014 | INFO  | SCMAudit | user=jenkins1000 | ip=192.168.69.102 | op=SEND_HEARTBEAT {datanodeUUID=adfa36b7-498a-4b65-9252-7ca31df0730f, command=[]} | ret=SUCCESS |  
2019-08-28 19:04:11,014 | INFO  | SCMAudit | user=jenkins1000 | ip=192.168.69.102 | op=SEND_HEARTBEAT {datanodeUUID=00cb801d-97e1-4292-a478-3bdac0cd726d, command=[]} | ret=SUCCESS |  
2019-08-28 19:04:11,408 | INFO  | SCMAudit | user=jenkins1000 | ip=192.168.69.102 | op=SEND_HEARTBEAT {datanodeUUID=ce6b780e-8dc8-43df-9fdb-a1ffb55c35f1, command=[]} | ret=SUCCESS |  
2019-08-28 19:04:11,592 | INFO  | SCMAudit | user=jenkins1000 | ip=192.168.69.102 | op=SEND_HEARTBEAT {datanodeUUID=00cf7d40-ac63-4acb-9b30-bd0829021504, command=[]} | ret=SUCCESS |  
2019-08-28 19:04:11,609 | INFO  | SCMAudit | user=jenkins1000 | ip=192.168.69.102 | op=SEND_HEARTBEAT {datanodeUUID=04b92ac3-39b2-406b-bc61-5570adcbc657, command=[]} | ret=SUCCESS |  
2019-08-28 19:04:11,801 | INFO  | SCMAudit | user=jenkins1000 | ip=192.168.69.102 | op=SEND_HEARTBEAT {datanodeUUID=d3473fb4-3d79-4d8b-9a93-f76ee1ee07e0, command=[]} | ret=SUCCESS |  
2019-08-28 19:04:11,811 [grpc-default-executor-12] INFO  client.GrpcClientProtocolClient (GrpcClientProtocolClient.java:onNext(255)) - client-04D9F2DAF038->ce6b780e-8dc8-43df-9fdb-a1ffb55c35f1: receive RaftClientReply:client-04D9F2DAF038->ce6b780e-8dc8-43df-9fdb-a1ffb55c35f1@group-E23FA03F1A8D, cid=253, FAILED org.apache.ratis.protocol.NotLeaderException: Server ce6b780e-8dc8-43df-9fdb-a1ffb55c35f1 is not the leader (null). Request must be sent to leader., logIndex=0, commits[ce6b780e-8dc8-43df-9fdb-a1ffb55c35f1:c-1]
2019-08-28 19:04:11,835 | INFO  | SCMAudit | user=jenkins1000 | ip=192.168.69.102 | op=SEND_HEARTBEAT {datanodeUUID=e1b50e67-c8fe-477b-ba6a-852460aa374a, command=[]} | ret=SUCCESS |  
2019-08-28 19:04:12,014 | INFO  | SCMAudit | user=jenkins1000 | ip=192.168.69.102 | op=SEND_HEARTBEAT {datanodeUUID=adfa36b7-498a-4b65-9252-7ca31df0730f, command=[]} | ret=SUCCESS |  
2019-08-28 19:04:12,014 | INFO  | SCMAudit | user=jenkins1000 | ip=192.168.69.102 | op=SEND_HEARTBEAT {datanodeUUID=00cb801d-97e1-4292-a478-3bdac0cd726d, command=[]} | ret=SUCCESS |  
2019-08-28 19:04:12,408 | INFO  | SCMAudit | user=jenkins1000 | ip=192.168.69.102 | op=SEND_HEARTBEAT {datanodeUUID=ce6b780e-8dc8-43df-9fdb-a1ffb55c35f1, command=[]} | ret=SUCCESS |  
2019-08-28 19:04:12,592 | INFO  | SCMAudit | user=jenkins1000 | ip=192.168.69.102 | op=SEND_HEARTBEAT {datanodeUUID=00cf7d40-ac63-4acb-9b30-bd0829021504, command=[]} | ret=SUCCESS |  
2019-08-28 19:04:12,609 | INFO  | SCMAudit | user=jenkins1000 | ip=192.168.69.102 | op=SEND_HEARTBEAT {datanodeUUID=04b92ac3-39b2-406b-bc61-5570adcbc657, command=[]} | ret=SUCCESS |  
2019-08-28 19:04:12,801 | INFO  | SCMAudit | user=jenkins1000 | ip=192.168.69.102 | op=SEND_HEARTBEAT {datanodeUUID=d3473fb4-3d79-4d8b-9a93-f76ee1ee07e0, command=[]} | ret=SUCCESS |  
2019-08-28 19:04:12,820 [grpc-default-executor-4] INFO  client.GrpcClientProtocolClient (GrpcClientProtocolClient.java:onNext(255)) - client-04D9F2DAF038->e1b50e67-c8fe-477b-ba6a-852460aa374a: receive RaftClientReply:client-04D9F2DAF038->e1b50e67-c8fe-477b-ba6a-852460aa374a@group-E23FA03F1A8D, cid=253, FAILED org.apache.ratis.protocol.NotLeaderException: Server e1b50e67-c8fe-477b-ba6a-852460aa374a is not the leader (null). Request must be sent to leader., logIndex=0, commits[e1b50e67-c8fe-477b-ba6a-852460aa374a:c-1]
2019-08-28 19:04:12,835 | INFO  | SCMAudit | user=jenkins1000 | ip=192.168.69.102 | op=SEND_HEARTBEAT {datanodeUUID=e1b50e67-c8fe-477b-ba6a-852460aa374a, command=[]} | ret=SUCCESS |  
2019-08-28 19:04:13,014 | INFO  | SCMAudit | user=jenkins1000 | ip=192.168.69.102 | op=SEND_HEARTBEAT {datanodeUUID=00cb801d-97e1-4292-a478-3bdac0cd726d, command=[]} | ret=SUCCESS |  
2019-08-28 19:04:13,014 | INFO  | SCMAudit | user=jenkins1000 | ip=192.168.69.102 | op=SEND_HEARTBEAT {datanodeUUID=adfa36b7-498a-4b65-9252-7ca31df0730f, command=[]} | ret=SUCCESS |  
2019-08-28 19:04:13,408 | INFO  | SCMAudit | user=jenkins1000 | ip=192.168.69.102 | op=SEND_HEARTBEAT {datanodeUUID=ce6b780e-8dc8-43df-9fdb-a1ffb55c35f1, command=[]} | ret=SUCCESS |  
2019-08-28 19:04:13,592 | INFO  | SCMAudit | user=jenkins1000 | ip=192.168.69.102 | op=SEND_HEARTBEAT {datanodeUUID=00cf7d40-ac63-4acb-9b30-bd0829021504, command=[]} | ret=SUCCESS |  
2019-08-28 19:04:13,608 | INFO  | SCMAudit | user=jenkins1000 | ip=192.168.69.102 | op=SEND_HEARTBEAT {datanodeUUID=04b92ac3-39b2-406b-bc61-5570adcbc657, command=[]} | ret=SUCCESS |  
2019-08-28 19:04:13,801 | INFO  | SCMAudit | user=jenkins1000 | ip=192.168.69.102 | op=SEND_HEARTBEAT {datanodeUUID=d3473fb4-3d79-4d8b-9a93-f76ee1ee07e0, command=[]} | ret=SUCCESS |  
2019-08-28 19:04:13,844 | INFO  | SCMAudit | user=jenkins1000 | ip=192.168.69.102 | op=SEND_HEARTBEAT {datanodeUUID=e1b50e67-c8fe-477b-ba6a-852460aa374a, command=[]} | ret=SUCCESS |  
2019-08-28 19:04:13,845 [grpc-default-executor-6] INFO  client.GrpcClientProtocolClient (GrpcClientProtocolClient.java:onNext(255)) - client-04D9F2DAF038->04b92ac3-39b2-406b-bc61-5570adcbc657: receive RaftClientReply:client-04D9F2DAF038->04b92ac3-39b2-406b-bc61-5570adcbc657@group-E23FA03F1A8D, cid=253, FAILED org.apache.ratis.protocol.NotLeaderException: Server 04b92ac3-39b2-406b-bc61-5570adcbc657 is not the leader (null). Request must be sent to leader., logIndex=0, commits[04b92ac3-39b2-406b-bc61-5570adcbc657:c-1]
2019-08-28 19:04:13,965 [Thread-4828] INFO  impl.FollowerState (FollowerState.java:run(106)) - 04b92ac3-39b2-406b-bc61-5570adcbc657:group-E23FA03F1A8D changes to CANDIDATE, lastRpcTime:5030, electionTimeout:5030ms
2019-08-28 19:04:13,965 [Thread-4828] INFO  impl.RoleInfo (RoleInfo.java:shutdownFollowerState(121)) - 04b92ac3-39b2-406b-bc61-5570adcbc657: shutdown FollowerState
2019-08-28 19:04:13,966 [Thread-4828] INFO  impl.RaftServerImpl (RaftServerImpl.java:setRole(171)) - 04b92ac3-39b2-406b-bc61-5570adcbc657:group-E23FA03F1A8D changes role from FOLLOWER to CANDIDATE at term 2 for changeToCandidate
2019-08-28 19:04:13,966 [Thread-4828] INFO  impl.RoleInfo (RoleInfo.java:updateAndGet(143)) - 04b92ac3-39b2-406b-bc61-5570adcbc657: start LeaderElection
2019-08-28 19:04:14,014 | INFO  | SCMAudit | user=jenkins1000 | ip=192.168.69.102 | op=SEND_HEARTBEAT {datanodeUUID=adfa36b7-498a-4b65-9252-7ca31df0730f, command=[]} | ret=SUCCESS |  
2019-08-28 19:04:14,014 | INFO  | SCMAudit | user=jenkins1000 | ip=192.168.69.102 | op=SEND_HEARTBEAT {datanodeUUID=00cb801d-97e1-4292-a478-3bdac0cd726d, command=[]} | ret=SUCCESS |  
2019-08-28 19:04:14,101 [Thread-4829] INFO  impl.FollowerState (FollowerState.java:run(106)) - e1b50e67-c8fe-477b-ba6a-852460aa374a:group-E23FA03F1A8D changes to CANDIDATE, lastRpcTime:5165, electionTimeout:5165ms
2019-08-28 19:04:14,101 [Thread-4829] INFO  impl.RoleInfo (RoleInfo.java:shutdownFollowerState(121)) - e1b50e67-c8fe-477b-ba6a-852460aa374a: shutdown FollowerState
2019-08-28 19:04:14,101 [Thread-4829] INFO  impl.RaftServerImpl (RaftServerImpl.java:setRole(171)) - e1b50e67-c8fe-477b-ba6a-852460aa374a:group-E23FA03F1A8D changes role from FOLLOWER to CANDIDATE at term 2 for changeToCandidate
2019-08-28 19:04:14,101 [Thread-4829] INFO  impl.RoleInfo (RoleInfo.java:updateAndGet(143)) - e1b50e67-c8fe-477b-ba6a-852460aa374a: start LeaderElection
2019-08-28 19:04:14,128 [Thread-4830] INFO  impl.FollowerState (FollowerState.java:run(106)) - ce6b780e-8dc8-43df-9fdb-a1ffb55c35f1:group-E23FA03F1A8D changes to CANDIDATE, lastRpcTime:5192, electionTimeout:5192ms
2019-08-28 19:04:14,128 [Thread-4830] INFO  impl.RoleInfo (RoleInfo.java:shutdownFollowerState(121)) - ce6b780e-8dc8-43df-9fdb-a1ffb55c35f1: shutdown FollowerState
2019-08-28 19:04:14,128 [Thread-4830] INFO  impl.RaftServerImpl (RaftServerImpl.java:setRole(171)) - ce6b780e-8dc8-43df-9fdb-a1ffb55c35f1:group-E23FA03F1A8D changes role from FOLLOWER to CANDIDATE at term 2 for changeToCandidate
2019-08-28 19:04:14,129 [Thread-4830] INFO  impl.RoleInfo (RoleInfo.java:updateAndGet(143)) - ce6b780e-8dc8-43df-9fdb-a1ffb55c35f1: start LeaderElection
2019-08-28 19:04:14,408 | INFO  | SCMAudit | user=jenkins1000 | ip=192.168.69.102 | op=SEND_HEARTBEAT {datanodeUUID=ce6b780e-8dc8-43df-9fdb-a1ffb55c35f1, command=[]} | ret=SUCCESS |  
2019-08-28 19:04:14,592 | INFO  | SCMAudit | user=jenkins1000 | ip=192.168.69.102 | op=SEND_HEARTBEAT {datanodeUUID=00cf7d40-ac63-4acb-9b30-bd0829021504, command=[]} | ret=SUCCESS |  
2019-08-28 19:04:14,609 | INFO  | SCMAudit | user=jenkins1000 | ip=192.168.69.102 | op=SEND_HEARTBEAT {datanodeUUID=04b92ac3-39b2-406b-bc61-5570adcbc657, command=[]} | ret=SUCCESS |  
2019-08-28 19:04:14,801 | INFO  | SCMAudit | user=jenkins1000 | ip=192.168.69.102 | op=SEND_HEARTBEAT {datanodeUUID=d3473fb4-3d79-4d8b-9a93-f76ee1ee07e0, command=[]} | ret=SUCCESS |  
2019-08-28 19:04:14,845 | INFO  | SCMAudit | user=jenkins1000 | ip=192.168.69.102 | op=SEND_HEARTBEAT {datanodeUUID=e1b50e67-c8fe-477b-ba6a-852460aa374a, command=[]} | ret=SUCCESS |  
2019-08-28 19:04:14,854 [grpc-default-executor-12] INFO  client.GrpcClientProtocolClient (GrpcClientProtocolClient.java:onNext(255)) - client-04D9F2DAF038->ce6b780e-8dc8-43df-9fdb-a1ffb55c35f1: receive RaftClientReply:client-04D9F2DAF038->ce6b780e-8dc8-43df-9fdb-a1ffb55c35f1@group-E23FA03F1A8D, cid=253, FAILED org.apache.ratis.protocol.NotLeaderException: Server ce6b780e-8dc8-43df-9fdb-a1ffb55c35f1 is not the leader (null). Request must be sent to leader., logIndex=0, commits[ce6b780e-8dc8-43df-9fdb-a1ffb55c35f1:c-1]
2019-08-28 19:04:15,014 | INFO  | SCMAudit | user=jenkins1000 | ip=192.168.69.102 | op=SEND_HEARTBEAT {datanodeUUID=00cb801d-97e1-4292-a478-3bdac0cd726d, command=[]} | ret=SUCCESS |  
2019-08-28 19:04:15,014 | INFO  | SCMAudit | user=jenkins1000 | ip=192.168.69.102 | op=SEND_HEARTBEAT {datanodeUUID=adfa36b7-498a-4b65-9252-7ca31df0730f, command=[]} | ret=SUCCESS |  
2019-08-28 19:04:15,408 | INFO  | SCMAudit | user=jenkins1000 | ip=192.168.69.102 | op=SEND_HEARTBEAT {datanodeUUID=ce6b780e-8dc8-43df-9fdb-a1ffb55c35f1, command=[]} | ret=SUCCESS |  
2019-08-28 19:04:15,592 | INFO  | SCMAudit | user=jenkins1000 | ip=192.168.69.102 | op=SEND_HEARTBEAT {datanodeUUID=00cf7d40-ac63-4acb-9b30-bd0829021504, command=[]} | ret=SUCCESS |  
2019-08-28 19:04:15,609 | INFO  | SCMAudit | user=jenkins1000 | ip=192.168.69.102 | op=SEND_HEARTBEAT {datanodeUUID=04b92ac3-39b2-406b-bc61-5570adcbc657, command=[]} | ret=SUCCESS |  
2019-08-28 19:04:15,801 | INFO  | SCMAudit | user=jenkins1000 | ip=192.168.69.102 | op=SEND_HEARTBEAT {datanodeUUID=d3473fb4-3d79-4d8b-9a93-f76ee1ee07e0, command=[]} | ret=SUCCESS |  
2019-08-28 19:04:15,844 | INFO  | SCMAudit | user=jenkins1000 | ip=192.168.69.102 | op=SEND_HEARTBEAT {datanodeUUID=e1b50e67-c8fe-477b-ba6a-852460aa374a, command=[]} | ret=SUCCESS |  
2019-08-28 19:04:15,863 [grpc-default-executor-4] INFO  client.GrpcClientProtocolClient (GrpcClientProtocolClient.java:onNext(255)) - client-04D9F2DAF038->04b92ac3-39b2-406b-bc61-5570adcbc657: receive RaftClientReply:client-04D9F2DAF038->04b92ac3-39b2-406b-bc61-5570adcbc657@group-E23FA03F1A8D, cid=253, FAILED org.apache.ratis.protocol.NotLeaderException: Server 04b92ac3-39b2-406b-bc61-5570adcbc657 is not the leader (null). Request must be sent to leader., logIndex=0, commits[04b92ac3-39b2-406b-bc61-5570adcbc657:c-1]
2019-08-28 19:04:16,014 | INFO  | SCMAudit | user=jenkins1000 | ip=192.168.69.102 | op=SEND_HEARTBEAT {datanodeUUID=adfa36b7-498a-4b65-9252-7ca31df0730f, command=[]} | ret=SUCCESS |  
2019-08-28 19:04:16,014 | INFO  | SCMAudit | user=jenkins1000 | ip=192.168.69.102 | op=SEND_HEARTBEAT {datanodeUUID=00cb801d-97e1-4292-a478-3bdac0cd726d, command=[]} | ret=SUCCESS |  
2019-08-28 19:04:16,408 | INFO  | SCMAudit | user=jenkins1000 | ip=192.168.69.102 | op=SEND_HEARTBEAT {datanodeUUID=ce6b780e-8dc8-43df-9fdb-a1ffb55c35f1, command=[]} | ret=SUCCESS |  
2019-08-28 19:04:16,592 | INFO  | SCMAudit | user=jenkins1000 | ip=192.168.69.102 | op=SEND_HEARTBEAT {datanodeUUID=00cf7d40-ac63-4acb-9b30-bd0829021504, command=[]} | ret=SUCCESS |  
2019-08-28 19:04:16,609 | INFO  | SCMAudit | user=jenkins1000 | ip=192.168.69.102 | op=SEND_HEARTBEAT {datanodeUUID=04b92ac3-39b2-406b-bc61-5570adcbc657, command=[]} | ret=SUCCESS |  
2019-08-28 19:04:16,802 | INFO  | SCMAudit | user=jenkins1000 | ip=192.168.69.102 | op=SEND_HEARTBEAT {datanodeUUID=d3473fb4-3d79-4d8b-9a93-f76ee1ee07e0, command=[]} | ret=SUCCESS |  
2019-08-28 19:04:16,844 | INFO  | SCMAudit | user=jenkins1000 | ip=192.168.69.102 | op=SEND_HEARTBEAT {datanodeUUID=e1b50e67-c8fe-477b-ba6a-852460aa374a, command=[]} | ret=SUCCESS |  
2019-08-28 19:04:16,872 [grpc-default-executor-12] INFO  client.GrpcClientProtocolClient (GrpcClientProtocolClient.java:onNext(255)) - client-04D9F2DAF038->ce6b780e-8dc8-43df-9fdb-a1ffb55c35f1: receive RaftClientReply:client-04D9F2DAF038->ce6b780e-8dc8-43df-9fdb-a1ffb55c35f1@group-E23FA03F1A8D, cid=253, FAILED org.apache.ratis.protocol.NotLeaderException: Server ce6b780e-8dc8-43df-9fdb-a1ffb55c35f1 is not the leader (null). Request must be sent to leader., logIndex=0, commits[ce6b780e-8dc8-43df-9fdb-a1ffb55c35f1:c-1]
2019-08-28 19:04:17,014 | INFO  | SCMAudit | user=jenkins1000 | ip=192.168.69.102 | op=SEND_HEARTBEAT {datanodeUUID=00cb801d-97e1-4292-a478-3bdac0cd726d, command=[]} | ret=SUCCESS |  
2019-08-28 19:04:17,014 | INFO  | SCMAudit | user=jenkins1000 | ip=192.168.69.102 | op=SEND_HEARTBEAT {datanodeUUID=adfa36b7-498a-4b65-9252-7ca31df0730f, command=[]} | ret=SUCCESS |  
2019-08-28 19:04:17,409 | INFO  | SCMAudit | user=jenkins1000 | ip=192.168.69.102 | op=SEND_HEARTBEAT {datanodeUUID=ce6b780e-8dc8-43df-9fdb-a1ffb55c35f1, command=[]} | ret=SUCCESS |  
2019-08-28 19:04:17,592 | INFO  | SCMAudit | user=jenkins1000 | ip=192.168.69.102 | op=SEND_HEARTBEAT {datanodeUUID=00cf7d40-ac63-4acb-9b30-bd0829021504, command=[]} | ret=SUCCESS |  
2019-08-28 19:04:17,609 | INFO  | SCMAudit | user=jenkins1000 | ip=192.168.69.102 | op=SEND_HEARTBEAT {datanodeUUID=04b92ac3-39b2-406b-bc61-5570adcbc657, command=[]} | ret=SUCCESS |  
2019-08-28 19:04:17,802 | INFO  | SCMAudit | user=jenkins1000 | ip=192.168.69.102 | op=SEND_HEARTBEAT {datanodeUUID=d3473fb4-3d79-4d8b-9a93-f76ee1ee07e0, command=[]} | ret=SUCCESS |  
2019-08-28 19:04:17,844 | INFO  | SCMAudit | user=jenkins1000 | ip=192.168.69.102 | op=SEND_HEARTBEAT {datanodeUUID=e1b50e67-c8fe-477b-ba6a-852460aa374a, command=[]} | ret=SUCCESS |  
2019-08-28 19:04:17,884 [grpc-default-executor-6] INFO  client.GrpcClientProtocolClient (GrpcClientProtocolClient.java:onNext(255)) - client-04D9F2DAF038->04b92ac3-39b2-406b-bc61-5570adcbc657: receive RaftClientReply:client-04D9F2DAF038->04b92ac3-39b2-406b-bc61-5570adcbc657@group-E23FA03F1A8D, cid=253, FAILED org.apache.ratis.protocol.NotLeaderException: Server 04b92ac3-39b2-406b-bc61-5570adcbc657 is not the leader (null). Request must be sent to leader., logIndex=0, commits[04b92ac3-39b2-406b-bc61-5570adcbc657:c-1]
2019-08-28 19:04:18,014 | INFO  | SCMAudit | user=jenkins1000 | ip=192.168.69.102 | op=SEND_HEARTBEAT {datanodeUUID=00cb801d-97e1-4292-a478-3bdac0cd726d, command=[]} | ret=SUCCESS |  
2019-08-28 19:04:18,014 | INFO  | SCMAudit | user=jenkins1000 | ip=192.168.69.102 | op=SEND_HEARTBEAT {datanodeUUID=adfa36b7-498a-4b65-9252-7ca31df0730f, command=[]} | ret=SUCCESS |  
2019-08-28 19:04:18,409 | INFO  | SCMAudit | user=jenkins1000 | ip=192.168.69.102 | op=SEND_HEARTBEAT {datanodeUUID=ce6b780e-8dc8-43df-9fdb-a1ffb55c35f1, command=[]} | ret=SUCCESS |  
2019-08-28 19:04:18,592 | INFO  | SCMAudit | user=jenkins1000 | ip=192.168.69.102 | op=SEND_HEARTBEAT {datanodeUUID=00cf7d40-ac63-4acb-9b30-bd0829021504, command=[]} | ret=SUCCESS |  
2019-08-28 19:04:18,609 | INFO  | SCMAudit | user=jenkins1000 | ip=192.168.69.102 | op=SEND_HEARTBEAT {datanodeUUID=04b92ac3-39b2-406b-bc61-5570adcbc657, command=[]} | ret=SUCCESS |  
2019-08-28 19:04:18,802 | INFO  | SCMAudit | user=jenkins1000 | ip=192.168.69.102 | op=SEND_HEARTBEAT {datanodeUUID=d3473fb4-3d79-4d8b-9a93-f76ee1ee07e0, command=[]} | ret=SUCCESS |  
2019-08-28 19:04:18,844 | INFO  | SCMAudit | user=jenkins1000 | ip=192.168.69.102 | op=SEND_HEARTBEAT {datanodeUUID=e1b50e67-c8fe-477b-ba6a-852460aa374a, command=[]} | ret=SUCCESS |  
2019-08-28 19:04:18,893 [grpc-default-executor-4] INFO  client.GrpcClientProtocolClient (GrpcClientProtocolClient.java:onNext(255)) - client-04D9F2DAF038->ce6b780e-8dc8-43df-9fdb-a1ffb55c35f1: receive RaftClientReply:client-04D9F2DAF038->ce6b780e-8dc8-43df-9fdb-a1ffb55c35f1@group-E23FA03F1A8D, cid=253, FAILED org.apache.ratis.protocol.NotLeaderException: Server ce6b780e-8dc8-43df-9fdb-a1ffb55c35f1 is not the leader (null). Request must be sent to leader., logIndex=0, commits[ce6b780e-8dc8-43df-9fdb-a1ffb55c35f1:c-1]
2019-08-28 19:04:19,014 | INFO  | SCMAudit | user=jenkins1000 | ip=192.168.69.102 | op=SEND_HEARTBEAT {datanodeUUID=adfa36b7-498a-4b65-9252-7ca31df0730f, command=[]} | ret=SUCCESS |  
2019-08-28 19:04:19,014 | INFO  | SCMAudit | user=jenkins1000 | ip=192.168.69.102 | op=SEND_HEARTBEAT {datanodeUUID=00cb801d-97e1-4292-a478-3bdac0cd726d, command=[]} | ret=SUCCESS |  
2019-08-28 19:04:19,409 | INFO  | SCMAudit | user=jenkins1000 | ip=192.168.69.102 | op=SEND_HEARTBEAT {datanodeUUID=ce6b780e-8dc8-43df-9fdb-a1ffb55c35f1, command=[]} | ret=SUCCESS |  
2019-08-28 19:04:19,592 | INFO  | SCMAudit | user=jenkins1000 | ip=192.168.69.102 | op=SEND_HEARTBEAT {datanodeUUID=00cf7d40-ac63-4acb-9b30-bd0829021504, command=[]} | ret=SUCCESS |  
2019-08-28 19:04:19,609 | INFO  | SCMAudit | user=jenkins1000 | ip=192.168.69.102 | op=SEND_HEARTBEAT {datanodeUUID=04b92ac3-39b2-406b-bc61-5570adcbc657, command=[]} | ret=SUCCESS |  
2019-08-28 19:04:19,802 | INFO  | SCMAudit | user=jenkins1000 | ip=192.168.69.102 | op=SEND_HEARTBEAT {datanodeUUID=d3473fb4-3d79-4d8b-9a93-f76ee1ee07e0, command=[]} | ret=SUCCESS |  
2019-08-28 19:04:19,846 | INFO  | SCMAudit | user=jenkins1000 | ip=192.168.69.102 | op=SEND_HEARTBEAT {datanodeUUID=e1b50e67-c8fe-477b-ba6a-852460aa374a, command=[]} | ret=SUCCESS |  
2019-08-28 19:04:19,905 [grpc-default-executor-6] INFO  client.GrpcClientProtocolClient (GrpcClientProtocolClient.java:onNext(255)) - client-04D9F2DAF038->e1b50e67-c8fe-477b-ba6a-852460aa374a: receive RaftClientReply:client-04D9F2DAF038->e1b50e67-c8fe-477b-ba6a-852460aa374a@group-E23FA03F1A8D, cid=253, FAILED org.apache.ratis.protocol.NotLeaderException: Server e1b50e67-c8fe-477b-ba6a-852460aa374a is not the leader (null). Request must be sent to leader., logIndex=0, commits[e1b50e67-c8fe-477b-ba6a-852460aa374a:c-1]
2019-08-28 19:04:20,015 | INFO  | SCMAudit | user=jenkins1000 | ip=192.168.69.102 | op=SEND_HEARTBEAT {datanodeUUID=00cb801d-97e1-4292-a478-3bdac0cd726d, command=[]} | ret=SUCCESS |  
2019-08-28 19:04:20,015 | INFO  | SCMAudit | user=jenkins1000 | ip=192.168.69.102 | op=SEND_HEARTBEAT {datanodeUUID=adfa36b7-498a-4b65-9252-7ca31df0730f, command=[]} | ret=SUCCESS |  
2019-08-28 19:04:20,138 [04b92ac3-39b2-406b-bc61-5570adcbc657:group-E23FA03F1A8D:LeaderElection110] INFO  impl.LeaderElection (LeaderElection.java:askForVotes(181)) - 04b92ac3-39b2-406b-bc61-5570adcbc657:group-E23FA03F1A8D:LeaderElection110: begin an election at term 3 for -1: [e1b50e67-c8fe-477b-ba6a-852460aa374a:192.168.69.102:34045, 04b92ac3-39b2-406b-bc61-5570adcbc657:192.168.69.102:34882, ce6b780e-8dc8-43df-9fdb-a1ffb55c35f1:192.168.69.102:37617], old=null
2019-08-28 19:04:20,138 [e1b50e67-c8fe-477b-ba6a-852460aa374a:group-E23FA03F1A8D:LeaderElection111] INFO  impl.LeaderElection (LeaderElection.java:askForVotes(181)) - e1b50e67-c8fe-477b-ba6a-852460aa374a:group-E23FA03F1A8D:LeaderElection111: begin an election at term 3 for -1: [e1b50e67-c8fe-477b-ba6a-852460aa374a:192.168.69.102:34045, 04b92ac3-39b2-406b-bc61-5570adcbc657:192.168.69.102:34882, ce6b780e-8dc8-43df-9fdb-a1ffb55c35f1:192.168.69.102:37617], old=null
2019-08-28 19:04:20,138 [ce6b780e-8dc8-43df-9fdb-a1ffb55c35f1:group-E23FA03F1A8D:LeaderElection112] INFO  impl.LeaderElection (LeaderElection.java:askForVotes(181)) - ce6b780e-8dc8-43df-9fdb-a1ffb55c35f1:group-E23FA03F1A8D:LeaderElection112: begin an election at term 3 for -1: [e1b50e67-c8fe-477b-ba6a-852460aa374a:192.168.69.102:34045, 04b92ac3-39b2-406b-bc61-5570adcbc657:192.168.69.102:34882, ce6b780e-8dc8-43df-9fdb-a1ffb55c35f1:192.168.69.102:37617], old=null
2019-08-28 19:04:20,142 [04b92ac3-39b2-406b-bc61-5570adcbc657:group-E23FA03F1A8D:LeaderElection110] INFO  impl.LeaderElection (LeaderElection.java:logAndReturn(56)) - 04b92ac3-39b2-406b-bc61-5570adcbc657:group-E23FA03F1A8D:LeaderElection110: Election REJECTED; received 2 response(s) [04b92ac3-39b2-406b-bc61-5570adcbc657<-e1b50e67-c8fe-477b-ba6a-852460aa374a#0:FAIL-t3, 04b92ac3-39b2-406b-bc61-5570adcbc657<-ce6b780e-8dc8-43df-9fdb-a1ffb55c35f1#0:FAIL-t3] and 0 exception(s); 04b92ac3-39b2-406b-bc61-5570adcbc657:t3, leader=null, voted=04b92ac3-39b2-406b-bc61-5570adcbc657, raftlog=04b92ac3-39b2-406b-bc61-5570adcbc657-SegmentedRaftLog:OPENED:c-1,f-1,i0, conf=-1: [e1b50e67-c8fe-477b-ba6a-852460aa374a:192.168.69.102:34045, 04b92ac3-39b2-406b-bc61-5570adcbc657:192.168.69.102:34882, ce6b780e-8dc8-43df-9fdb-a1ffb55c35f1:192.168.69.102:37617], old=null
2019-08-28 19:04:20,143 [e1b50e67-c8fe-477b-ba6a-852460aa374a:group-E23FA03F1A8D:LeaderElection111] INFO  impl.LeaderElection (LeaderElection.java:logAndReturn(56)) - e1b50e67-c8fe-477b-ba6a-852460aa374a:group-E23FA03F1A8D:LeaderElection111: Election REJECTED; received 2 response(s) [e1b50e67-c8fe-477b-ba6a-852460aa374a<-04b92ac3-39b2-406b-bc61-5570adcbc657#0:FAIL-t3, e1b50e67-c8fe-477b-ba6a-852460aa374a<-ce6b780e-8dc8-43df-9fdb-a1ffb55c35f1#0:FAIL-t3] and 0 exception(s); e1b50e67-c8fe-477b-ba6a-852460aa374a:t3, leader=null, voted=e1b50e67-c8fe-477b-ba6a-852460aa374a, raftlog=e1b50e67-c8fe-477b-ba6a-852460aa374a-SegmentedRaftLog:OPENED:c-1,f-1,i0, conf=-1: [e1b50e67-c8fe-477b-ba6a-852460aa374a:192.168.69.102:34045, 04b92ac3-39b2-406b-bc61-5570adcbc657:192.168.69.102:34882, ce6b780e-8dc8-43df-9fdb-a1ffb55c35f1:192.168.69.102:37617], old=null
2019-08-28 19:04:20,143 [04b92ac3-39b2-406b-bc61-5570adcbc657:group-E23FA03F1A8D:LeaderElection110] INFO  impl.RaftServerImpl (RaftServerImpl.java:setRole(171)) - 04b92ac3-39b2-406b-bc61-5570adcbc657:group-E23FA03F1A8D changes role from CANDIDATE to FOLLOWER at term 3 for DISCOVERED_A_NEW_TERM
2019-08-28 19:04:20,143 [e1b50e67-c8fe-477b-ba6a-852460aa374a:group-E23FA03F1A8D:LeaderElection111] INFO  impl.RaftServerImpl (RaftServerImpl.java:setRole(171)) - e1b50e67-c8fe-477b-ba6a-852460aa374a:group-E23FA03F1A8D changes role from CANDIDATE to FOLLOWER at term 3 for DISCOVERED_A_NEW_TERM
2019-08-28 19:04:20,143 [04b92ac3-39b2-406b-bc61-5570adcbc657:group-E23FA03F1A8D:LeaderElection110] INFO  impl.RoleInfo (RoleInfo.java:shutdownLeaderElection(134)) - 04b92ac3-39b2-406b-bc61-5570adcbc657: shutdown LeaderElection
2019-08-28 19:04:20,143 [e1b50e67-c8fe-477b-ba6a-852460aa374a:group-E23FA03F1A8D:LeaderElection111] INFO  impl.RoleInfo (RoleInfo.java:shutdownLeaderElection(134)) - e1b50e67-c8fe-477b-ba6a-852460aa374a: shutdown LeaderElection
2019-08-28 19:04:20,143 [04b92ac3-39b2-406b-bc61-5570adcbc657:group-E23FA03F1A8D:LeaderElection110] INFO  impl.RoleInfo (RoleInfo.java:updateAndGet(143)) - 04b92ac3-39b2-406b-bc61-5570adcbc657: start FollowerState
2019-08-28 19:04:20,143 [e1b50e67-c8fe-477b-ba6a-852460aa374a:group-E23FA03F1A8D:LeaderElection111] INFO  impl.RoleInfo (RoleInfo.java:updateAndGet(143)) - e1b50e67-c8fe-477b-ba6a-852460aa374a: start FollowerState
2019-08-28 19:04:20,144 [ce6b780e-8dc8-43df-9fdb-a1ffb55c35f1:group-E23FA03F1A8D:LeaderElection112] INFO  impl.LeaderElection (LeaderElection.java:logAndReturn(56)) - ce6b780e-8dc8-43df-9fdb-a1ffb55c35f1:group-E23FA03F1A8D:LeaderElection112: Election REJECTED; received 2 response(s) [ce6b780e-8dc8-43df-9fdb-a1ffb55c35f1<-e1b50e67-c8fe-477b-ba6a-852460aa374a#0:FAIL-t3, ce6b780e-8dc8-43df-9fdb-a1ffb55c35f1<-04b92ac3-39b2-406b-bc61-5570adcbc657#0:FAIL-t3] and 0 exception(s); ce6b780e-8dc8-43df-9fdb-a1ffb55c35f1:t3, leader=null, voted=ce6b780e-8dc8-43df-9fdb-a1ffb55c35f1, raftlog=ce6b780e-8dc8-43df-9fdb-a1ffb55c35f1-SegmentedRaftLog:OPENED:c-1,f-1,i0, conf=-1: [e1b50e67-c8fe-477b-ba6a-852460aa374a:192.168.69.102:34045, 04b92ac3-39b2-406b-bc61-5570adcbc657:192.168.69.102:34882, ce6b780e-8dc8-43df-9fdb-a1ffb55c35f1:192.168.69.102:37617], old=null
2019-08-28 19:04:20,144 [ce6b780e-8dc8-43df-9fdb-a1ffb55c35f1:group-E23FA03F1A8D:LeaderElection112] INFO  impl.RaftServerImpl (RaftServerImpl.java:setRole(171)) - ce6b780e-8dc8-43df-9fdb-a1ffb55c35f1:group-E23FA03F1A8D changes role from CANDIDATE to FOLLOWER at term 3 for DISCOVERED_A_NEW_TERM
2019-08-28 19:04:20,144 [ce6b780e-8dc8-43df-9fdb-a1ffb55c35f1:group-E23FA03F1A8D:LeaderElection112] INFO  impl.RoleInfo (RoleInfo.java:shutdownLeaderElection(134)) - ce6b780e-8dc8-43df-9fdb-a1ffb55c35f1: shutdown LeaderElection
2019-08-28 19:04:20,144 [ce6b780e-8dc8-43df-9fdb-a1ffb55c35f1:group-E23FA03F1A8D:LeaderElection112] INFO  impl.RoleInfo (RoleInfo.java:updateAndGet(143)) - ce6b780e-8dc8-43df-9fdb-a1ffb55c35f1: start FollowerState
2019-08-28 19:04:20,409 | INFO  | SCMAudit | user=jenkins1000 | ip=192.168.69.102 | op=SEND_HEARTBEAT {datanodeUUID=ce6b780e-8dc8-43df-9fdb-a1ffb55c35f1, command=[]} | ret=SUCCESS |  
2019-08-28 19:04:20,594 | INFO  | SCMAudit | user=jenkins1000 | ip=192.168.69.102 | op=SEND_HEARTBEAT {datanodeUUID=00cf7d40-ac63-4acb-9b30-bd0829021504, command=[]} | ret=SUCCESS |  
2019-08-28 19:04:20,609 | INFO  | SCMAudit | user=jenkins1000 | ip=192.168.69.102 | op=SEND_HEARTBEAT {datanodeUUID=04b92ac3-39b2-406b-bc61-5570adcbc657, command=[]} | ret=SUCCESS |  
2019-08-28 19:04:20,802 | INFO  | SCMAudit | user=jenkins1000 | ip=192.168.69.102 | op=SEND_HEARTBEAT {datanodeUUID=d3473fb4-3d79-4d8b-9a93-f76ee1ee07e0, command=[]} | ret=SUCCESS |  
2019-08-28 19:04:20,845 | INFO  | SCMAudit | user=jenkins1000 | ip=192.168.69.102 | op=SEND_HEARTBEAT {datanodeUUID=e1b50e67-c8fe-477b-ba6a-852460aa374a, command=[]} | ret=SUCCESS |  
2019-08-28 19:04:20,915 [grpc-default-executor-6] INFO  client.GrpcClientProtocolClient (GrpcClientProtocolClient.java:onNext(255)) - client-04D9F2DAF038->ce6b780e-8dc8-43df-9fdb-a1ffb55c35f1: receive RaftClientReply:client-04D9F2DAF038->ce6b780e-8dc8-43df-9fdb-a1ffb55c35f1@group-E23FA03F1A8D, cid=253, FAILED org.apache.ratis.protocol.NotLeaderException: Server ce6b780e-8dc8-43df-9fdb-a1ffb55c35f1 is not the leader (null). Request must be sent to leader., logIndex=0, commits[ce6b780e-8dc8-43df-9fdb-a1ffb55c35f1:c-1]
2019-08-28 19:04:21,014 | INFO  | SCMAudit | user=jenkins1000 | ip=192.168.69.102 | op=SEND_HEARTBEAT {datanodeUUID=00cb801d-97e1-4292-a478-3bdac0cd726d, command=[]} | ret=SUCCESS |  
2019-08-28 19:04:21,015 | INFO  | SCMAudit | user=jenkins1000 | ip=192.168.69.102 | op=SEND_HEARTBEAT {datanodeUUID=adfa36b7-498a-4b65-9252-7ca31df0730f, command=[]} | ret=SUCCESS |  
2019-08-28 19:04:21,178 [RatisApplyTransactionExecutor 1] INFO  interfaces.Container (KeyValueContainer.java:compactDB(356)) - Container 1 is closed with bcsId 14.
2019-08-28 19:04:21,178 [RatisApplyTransactionExecutor 1] INFO  interfaces.Container (KeyValueContainer.java:compactDB(356)) - Container 1 is closed with bcsId 14.
2019-08-28 19:04:21,179 | INFO  | DNAudit | user=null | ip=null | op=CLOSE_CONTAINER {containerID=1} | ret=SUCCESS |  
2019-08-28 19:04:21,179 | INFO  | DNAudit | user=null | ip=null | op=CLOSE_CONTAINER {containerID=1} | ret=SUCCESS |  
2019-08-28 19:04:21,180 | INFO  | SCMAudit | user=jenkins1000 | ip=192.168.69.102 | op=SEND_HEARTBEAT {datanodeUUID=adfa36b7-498a-4b65-9252-7ca31df0730f, command=[]} | ret=SUCCESS |  
2019-08-28 19:04:21,180 | INFO  | SCMAudit | user=jenkins1000 | ip=192.168.69.102 | op=SEND_HEARTBEAT {datanodeUUID=00cb801d-97e1-4292-a478-3bdac0cd726d, command=[]} | ret=SUCCESS |  
2019-08-28 19:04:21,180 [EventQueue-IncrementalContainerReportForIncrementalContainerReportHandler] INFO  container.IncrementalContainerReportHandler (AbstractContainerReportHandler.java:updateContainerState(176)) - Moving container #1 to CLOSED state, datanode 00cb801d-97e1-4292-a478-3bdac0cd726d{ip: 192.168.69.102, host: pr-hdds-1783-trunk-gtrxg-786569963, networkLocation: /default-rack, certSerialId: null} reported CLOSED replica.
2019-08-28 19:04:21,410 | INFO  | SCMAudit | user=jenkins1000 | ip=192.168.69.102 | op=SEND_HEARTBEAT {datanodeUUID=ce6b780e-8dc8-43df-9fdb-a1ffb55c35f1, command=[]} | ret=SUCCESS |  
2019-08-28 19:04:21,594 | INFO  | SCMAudit | user=jenkins1000 | ip=192.168.69.102 | op=SEND_HEARTBEAT {datanodeUUID=00cf7d40-ac63-4acb-9b30-bd0829021504, command=[]} | ret=SUCCESS |  
2019-08-28 19:04:21,609 | INFO  | SCMAudit | user=jenkins1000 | ip=192.168.69.102 | op=SEND_HEARTBEAT {datanodeUUID=04b92ac3-39b2-406b-bc61-5570adcbc657, command=[]} | ret=SUCCESS |  
2019-08-28 19:04:21,802 | INFO  | SCMAudit | user=jenkins1000 | ip=192.168.69.102 | op=SEND_HEARTBEAT {datanodeUUID=d3473fb4-3d79-4d8b-9a93-f76ee1ee07e0, command=[]} | ret=SUCCESS |  
2019-08-28 19:04:21,845 | INFO  | SCMAudit | user=jenkins1000 | ip=192.168.69.102 | op=SEND_HEARTBEAT {datanodeUUID=e1b50e67-c8fe-477b-ba6a-852460aa374a, command=[]} | ret=SUCCESS |  
2019-08-28 19:04:21,924 [grpc-default-executor-13] INFO  client.GrpcClientProtocolClient (GrpcClientProtocolClient.java:onNext(255)) - client-04D9F2DAF038->e1b50e67-c8fe-477b-ba6a-852460aa374a: receive RaftClientReply:client-04D9F2DAF038->e1b50e67-c8fe-477b-ba6a-852460aa374a@group-E23FA03F1A8D, cid=253, FAILED org.apache.ratis.protocol.NotLeaderException: Server e1b50e67-c8fe-477b-ba6a-852460aa374a is not the leader (null). Request must be sent to leader., logIndex=0, commits[e1b50e67-c8fe-477b-ba6a-852460aa374a:c-1]
2019-08-28 19:04:22,179 | INFO  | SCMAudit | user=jenkins1000 | ip=192.168.69.102 | op=SEND_HEARTBEAT {datanodeUUID=00cb801d-97e1-4292-a478-3bdac0cd726d, command=[]} | ret=SUCCESS |  
2019-08-28 19:04:22,179 | INFO  | SCMAudit | user=jenkins1000 | ip=192.168.69.102 | op=SEND_HEARTBEAT {datanodeUUID=adfa36b7-498a-4b65-9252-7ca31df0730f, command=[]} | ret=SUCCESS |  
2019-08-28 19:04:22,214 [RatisApplyTransactionExecutor 1] INFO  interfaces.Container (KeyValueContainer.java:compactDB(356)) - Container 1 is closed with bcsId 14.
2019-08-28 19:04:22,215 | INFO  | DNAudit | user=null | ip=null | op=CLOSE_CONTAINER {containerID=1} | ret=SUCCESS |  
2019-08-28 19:04:22,215 | INFO  | SCMAudit | user=jenkins1000 | ip=192.168.69.102 | op=SEND_HEARTBEAT {datanodeUUID=00cf7d40-ac63-4acb-9b30-bd0829021504, command=[]} | ret=SUCCESS |  
2019-08-28 19:04:22,409 | INFO  | SCMAudit | user=jenkins1000 | ip=192.168.69.102 | op=SEND_HEARTBEAT {datanodeUUID=ce6b780e-8dc8-43df-9fdb-a1ffb55c35f1, command=[]} | ret=SUCCESS |  
2019-08-28 19:04:22,609 | INFO  | SCMAudit | user=jenkins1000 | ip=192.168.69.102 | op=SEND_HEARTBEAT {datanodeUUID=04b92ac3-39b2-406b-bc61-5570adcbc657, command=[]} | ret=SUCCESS |  
2019-08-28 19:04:22,803 | INFO  | SCMAudit | user=jenkins1000 | ip=192.168.69.102 | op=SEND_HEARTBEAT {datanodeUUID=d3473fb4-3d79-4d8b-9a93-f76ee1ee07e0, command=[]} | ret=SUCCESS |  
2019-08-28 19:04:22,845 | INFO  | SCMAudit | user=jenkins1000 | ip=192.168.69.102 | op=SEND_HEARTBEAT {datanodeUUID=e1b50e67-c8fe-477b-ba6a-852460aa374a, command=[]} | ret=SUCCESS |  
2019-08-28 19:04:22,932 [grpc-default-executor-13] INFO  client.GrpcClientProtocolClient (GrpcClientProtocolClient.java:onNext(255)) - client-04D9F2DAF038->04b92ac3-39b2-406b-bc61-5570adcbc657: receive RaftClientReply:client-04D9F2DAF038->04b92ac3-39b2-406b-bc61-5570adcbc657@group-E23FA03F1A8D, cid=253, FAILED org.apache.ratis.protocol.NotLeaderException: Server 04b92ac3-39b2-406b-bc61-5570adcbc657 is not the leader (null). Request must be sent to leader., logIndex=0, commits[04b92ac3-39b2-406b-bc61-5570adcbc657:c-1]
2019-08-28 19:04:23,179 | INFO  | SCMAudit | user=jenkins1000 | ip=192.168.69.102 | op=SEND_HEARTBEAT {datanodeUUID=00cb801d-97e1-4292-a478-3bdac0cd726d, command=[]} | ret=SUCCESS |  
2019-08-28 19:04:23,179 | INFO  | SCMAudit | user=jenkins1000 | ip=192.168.69.102 | op=SEND_HEARTBEAT {datanodeUUID=adfa36b7-498a-4b65-9252-7ca31df0730f, command=[]} | ret=SUCCESS |  
2019-08-28 19:04:23,215 | INFO  | SCMAudit | user=jenkins1000 | ip=192.168.69.102 | op=SEND_HEARTBEAT {datanodeUUID=00cf7d40-ac63-4acb-9b30-bd0829021504, command=[]} | ret=SUCCESS |  
2019-08-28 19:04:23,409 | INFO  | SCMAudit | user=jenkins1000 | ip=192.168.69.102 | op=SEND_HEARTBEAT {datanodeUUID=ce6b780e-8dc8-43df-9fdb-a1ffb55c35f1, command=[]} | ret=SUCCESS |  
2019-08-28 19:04:23,609 | INFO  | SCMAudit | user=jenkins1000 | ip=192.168.69.102 | op=SEND_HEARTBEAT {datanodeUUID=04b92ac3-39b2-406b-bc61-5570adcbc657, command=[]} | ret=SUCCESS |  
2019-08-28 19:04:23,802 | INFO  | SCMAudit | user=jenkins1000 | ip=192.168.69.102 | op=SEND_HEARTBEAT {datanodeUUID=d3473fb4-3d79-4d8b-9a93-f76ee1ee07e0, command=[]} | ret=SUCCESS |  
2019-08-28 19:04:23,845 | INFO  | SCMAudit | user=jenkins1000 | ip=192.168.69.102 | op=SEND_HEARTBEAT {datanodeUUID=e1b50e67-c8fe-477b-ba6a-852460aa374a, command=[]} | ret=SUCCESS |  
2019-08-28 19:04:23,941 [grpc-default-executor-12] INFO  client.GrpcClientProtocolClient (GrpcClientProtocolClient.java:onNext(255)) - client-04D9F2DAF038->e1b50e67-c8fe-477b-ba6a-852460aa374a: receive RaftClientReply:client-04D9F2DAF038->e1b50e67-c8fe-477b-ba6a-852460aa374a@group-E23FA03F1A8D, cid=253, FAILED org.apache.ratis.protocol.NotLeaderException: Server e1b50e67-c8fe-477b-ba6a-852460aa374a is not the leader (null). Request must be sent to leader., logIndex=0, commits[e1b50e67-c8fe-477b-ba6a-852460aa374a:c-1]
2019-08-28 19:04:24,179 | INFO  | SCMAudit | user=jenkins1000 | ip=192.168.69.102 | op=SEND_HEARTBEAT {datanodeUUID=00cb801d-97e1-4292-a478-3bdac0cd726d, command=[]} | ret=SUCCESS |  
2019-08-28 19:04:24,179 | INFO  | SCMAudit | user=jenkins1000 | ip=192.168.69.102 | op=SEND_HEARTBEAT {datanodeUUID=adfa36b7-498a-4b65-9252-7ca31df0730f, command=[]} | ret=SUCCESS |  
2019-08-28 19:04:24,215 | INFO  | SCMAudit | user=jenkins1000 | ip=192.168.69.102 | op=SEND_HEARTBEAT {datanodeUUID=00cf7d40-ac63-4acb-9b30-bd0829021504, command=[]} | ret=SUCCESS |  
2019-08-28 19:04:24,409 | INFO  | SCMAudit | user=jenkins1000 | ip=192.168.69.102 | op=SEND_HEARTBEAT {datanodeUUID=ce6b780e-8dc8-43df-9fdb-a1ffb55c35f1, command=[]} | ret=SUCCESS |  
2019-08-28 19:04:24,609 | INFO  | SCMAudit | user=jenkins1000 | ip=192.168.69.102 | op=SEND_HEARTBEAT {datanodeUUID=04b92ac3-39b2-406b-bc61-5570adcbc657, command=[]} | ret=SUCCESS |  
2019-08-28 19:04:24,802 | INFO  | SCMAudit | user=jenkins1000 | ip=192.168.69.102 | op=SEND_HEARTBEAT {datanodeUUID=d3473fb4-3d79-4d8b-9a93-f76ee1ee07e0, command=[]} | ret=SUCCESS |  
2019-08-28 19:04:24,845 | INFO  | SCMAudit | user=jenkins1000 | ip=192.168.69.102 | op=SEND_HEARTBEAT {datanodeUUID=e1b50e67-c8fe-477b-ba6a-852460aa374a, command=[]} | ret=SUCCESS |  
2019-08-28 19:04:24,950 [grpc-default-executor-6] INFO  client.GrpcClientProtocolClient (GrpcClientProtocolClient.java:onNext(255)) - client-04D9F2DAF038->ce6b780e-8dc8-43df-9fdb-a1ffb55c35f1: receive RaftClientReply:client-04D9F2DAF038->ce6b780e-8dc8-43df-9fdb-a1ffb55c35f1@group-E23FA03F1A8D, cid=253, FAILED org.apache.ratis.protocol.NotLeaderException: Server ce6b780e-8dc8-43df-9fdb-a1ffb55c35f1 is not the leader (null). Request must be sent to leader., logIndex=0, commits[ce6b780e-8dc8-43df-9fdb-a1ffb55c35f1:c-1]
2019-08-28 19:04:25,166 [Thread-4917] INFO  impl.FollowerState (FollowerState.java:run(106)) - ce6b780e-8dc8-43df-9fdb-a1ffb55c35f1:group-E23FA03F1A8D changes to CANDIDATE, lastRpcTime:5021, electionTimeout:5021ms
2019-08-28 19:04:25,166 [Thread-4917] INFO  impl.RoleInfo (RoleInfo.java:shutdownFollowerState(121)) - ce6b780e-8dc8-43df-9fdb-a1ffb55c35f1: shutdown FollowerState
2019-08-28 19:04:25,166 [Thread-4917] INFO  impl.RaftServerImpl (RaftServerImpl.java:setRole(171)) - ce6b780e-8dc8-43df-9fdb-a1ffb55c35f1:group-E23FA03F1A8D changes role from FOLLOWER to CANDIDATE at term 3 for changeToCandidate
2019-08-28 19:04:25,166 [Thread-4917] INFO  impl.RoleInfo (RoleInfo.java:updateAndGet(143)) - ce6b780e-8dc8-43df-9fdb-a1ffb55c35f1: start LeaderElection
2019-08-28 19:04:25,179 | INFO  | SCMAudit | user=jenkins1000 | ip=192.168.69.102 | op=SEND_HEARTBEAT {datanodeUUID=00cb801d-97e1-4292-a478-3bdac0cd726d, command=[]} | ret=SUCCESS |  
2019-08-28 19:04:25,179 | INFO  | SCMAudit | user=jenkins1000 | ip=192.168.69.102 | op=SEND_HEARTBEAT {datanodeUUID=adfa36b7-498a-4b65-9252-7ca31df0730f, command=[]} | ret=SUCCESS |  
2019-08-28 19:04:25,179 [Thread-4916] INFO  impl.FollowerState (FollowerState.java:run(106)) - e1b50e67-c8fe-477b-ba6a-852460aa374a:group-E23FA03F1A8D changes to CANDIDATE, lastRpcTime:5035, electionTimeout:5035ms
2019-08-28 19:04:25,179 [Thread-4916] INFO  impl.RoleInfo (RoleInfo.java:shutdownFollowerState(121)) - e1b50e67-c8fe-477b-ba6a-852460aa374a: shutdown FollowerState
2019-08-28 19:04:25,180 [Thread-4916] INFO  impl.RaftServerImpl (RaftServerImpl.java:setRole(171)) - e1b50e67-c8fe-477b-ba6a-852460aa374a:group-E23FA03F1A8D changes role from FOLLOWER to CANDIDATE at term 3 for changeToCandidate
2019-08-28 19:04:25,180 [Thread-4916] INFO  impl.RoleInfo (RoleInfo.java:updateAndGet(143)) - e1b50e67-c8fe-477b-ba6a-852460aa374a: start LeaderElection
2019-08-28 19:04:25,203 [ce6b780e-8dc8-43df-9fdb-a1ffb55c35f1:group-E23FA03F1A8D:LeaderElection113] INFO  impl.LeaderElection (LeaderElection.java:askForVotes(181)) - ce6b780e-8dc8-43df-9fdb-a1ffb55c35f1:group-E23FA03F1A8D:LeaderElection113: begin an election at term 4 for -1: [e1b50e67-c8fe-477b-ba6a-852460aa374a:192.168.69.102:34045, 04b92ac3-39b2-406b-bc61-5570adcbc657:192.168.69.102:34882, ce6b780e-8dc8-43df-9fdb-a1ffb55c35f1:192.168.69.102:37617], old=null
2019-08-28 19:04:25,203 [e1b50e67-c8fe-477b-ba6a-852460aa374a:group-E23FA03F1A8D:LeaderElection114] INFO  impl.LeaderElection (LeaderElection.java:askForVotes(181)) - e1b50e67-c8fe-477b-ba6a-852460aa374a:group-E23FA03F1A8D:LeaderElection114: begin an election at term 4 for -1: [e1b50e67-c8fe-477b-ba6a-852460aa374a:192.168.69.102:34045, 04b92ac3-39b2-406b-bc61-5570adcbc657:192.168.69.102:34882, ce6b780e-8dc8-43df-9fdb-a1ffb55c35f1:192.168.69.102:37617], old=null
2019-08-28 19:04:25,206 [grpc-default-executor-6] INFO  impl.RaftServerImpl (RaftServerImpl.java:setRole(171)) - 04b92ac3-39b2-406b-bc61-5570adcbc657:group-E23FA03F1A8D changes role from FOLLOWER to FOLLOWER at term 4 for recognizeCandidate:ce6b780e-8dc8-43df-9fdb-a1ffb55c35f1
2019-08-28 19:04:25,206 [grpc-default-executor-6] INFO  impl.RoleInfo (RoleInfo.java:shutdownFollowerState(121)) - 04b92ac3-39b2-406b-bc61-5570adcbc657: shutdown FollowerState
2019-08-28 19:04:25,206 [grpc-default-executor-6] INFO  impl.RoleInfo (RoleInfo.java:updateAndGet(143)) - 04b92ac3-39b2-406b-bc61-5570adcbc657: start FollowerState
2019-08-28 19:04:25,206 [Thread-4915] INFO  impl.FollowerState (FollowerState.java:run(114)) - 04b92ac3-39b2-406b-bc61-5570adcbc657: FollowerState was interrupted: java.lang.InterruptedException: sleep interrupted
2019-08-28 19:04:25,215 | INFO  | SCMAudit | user=jenkins1000 | ip=192.168.69.102 | op=SEND_HEARTBEAT {datanodeUUID=00cf7d40-ac63-4acb-9b30-bd0829021504, command=[]} | ret=SUCCESS |  
2019-08-28 19:04:25,228 [e1b50e67-c8fe-477b-ba6a-852460aa374a:group-E23FA03F1A8D:LeaderElection114] INFO  impl.LeaderElection (LeaderElection.java:logAndReturn(56)) - e1b50e67-c8fe-477b-ba6a-852460aa374a:group-E23FA03F1A8D:LeaderElection114: Election REJECTED; received 2 response(s) [e1b50e67-c8fe-477b-ba6a-852460aa374a<-04b92ac3-39b2-406b-bc61-5570adcbc657#0:FAIL-t4, e1b50e67-c8fe-477b-ba6a-852460aa374a<-ce6b780e-8dc8-43df-9fdb-a1ffb55c35f1#0:FAIL-t4] and 0 exception(s); e1b50e67-c8fe-477b-ba6a-852460aa374a:t4, leader=null, voted=e1b50e67-c8fe-477b-ba6a-852460aa374a, raftlog=e1b50e67-c8fe-477b-ba6a-852460aa374a-SegmentedRaftLog:OPENED:c-1,f-1,i0, conf=-1: [e1b50e67-c8fe-477b-ba6a-852460aa374a:192.168.69.102:34045, 04b92ac3-39b2-406b-bc61-5570adcbc657:192.168.69.102:34882, ce6b780e-8dc8-43df-9fdb-a1ffb55c35f1:192.168.69.102:37617], old=null
2019-08-28 19:04:25,228 [ce6b780e-8dc8-43df-9fdb-a1ffb55c35f1:group-E23FA03F1A8D:LeaderElection113] INFO  impl.LeaderElection (LeaderElection.java:logAndReturn(56)) - ce6b780e-8dc8-43df-9fdb-a1ffb55c35f1:group-E23FA03F1A8D:LeaderElection113: Election PASSED; received 2 response(s) [ce6b780e-8dc8-43df-9fdb-a1ffb55c35f1<-e1b50e67-c8fe-477b-ba6a-852460aa374a#0:FAIL-t4, ce6b780e-8dc8-43df-9fdb-a1ffb55c35f1<-04b92ac3-39b2-406b-bc61-5570adcbc657#0:OK-t4] and 0 exception(s); ce6b780e-8dc8-43df-9fdb-a1ffb55c35f1:t4, leader=null, voted=ce6b780e-8dc8-43df-9fdb-a1ffb55c35f1, raftlog=ce6b780e-8dc8-43df-9fdb-a1ffb55c35f1-SegmentedRaftLog:OPENED:c-1,f-1,i0, conf=-1: [e1b50e67-c8fe-477b-ba6a-852460aa374a:192.168.69.102:34045, 04b92ac3-39b2-406b-bc61-5570adcbc657:192.168.69.102:34882, ce6b780e-8dc8-43df-9fdb-a1ffb55c35f1:192.168.69.102:37617], old=null
2019-08-28 19:04:25,228 [e1b50e67-c8fe-477b-ba6a-852460aa374a:group-E23FA03F1A8D:LeaderElection114] INFO  impl.RaftServerImpl (RaftServerImpl.java:setRole(171)) - e1b50e67-c8fe-477b-ba6a-852460aa374a:group-E23FA03F1A8D changes role from CANDIDATE to FOLLOWER at term 4 for DISCOVERED_A_NEW_TERM
2019-08-28 19:04:25,228 [e1b50e67-c8fe-477b-ba6a-852460aa374a:group-E23FA03F1A8D:LeaderElection114] INFO  impl.RoleInfo (RoleInfo.java:shutdownLeaderElection(134)) - e1b50e67-c8fe-477b-ba6a-852460aa374a: shutdown LeaderElection
2019-08-28 19:04:25,228 [ce6b780e-8dc8-43df-9fdb-a1ffb55c35f1:group-E23FA03F1A8D:LeaderElection113] INFO  impl.RoleInfo (RoleInfo.java:shutdownLeaderElection(134)) - ce6b780e-8dc8-43df-9fdb-a1ffb55c35f1: shutdown LeaderElection
2019-08-28 19:04:25,228 [e1b50e67-c8fe-477b-ba6a-852460aa374a:group-E23FA03F1A8D:LeaderElection114] INFO  impl.RoleInfo (RoleInfo.java:updateAndGet(143)) - e1b50e67-c8fe-477b-ba6a-852460aa374a: start FollowerState
2019-08-28 19:04:25,228 [ce6b780e-8dc8-43df-9fdb-a1ffb55c35f1:group-E23FA03F1A8D:LeaderElection113] INFO  impl.RaftServerImpl (RaftServerImpl.java:setRole(171)) - ce6b780e-8dc8-43df-9fdb-a1ffb55c35f1:group-E23FA03F1A8D changes role from CANDIDATE to LEADER at term 4 for changeToLeader
2019-08-28 19:04:25,229 [ce6b780e-8dc8-43df-9fdb-a1ffb55c35f1:group-E23FA03F1A8D:LeaderElection113] INFO  impl.RaftServerImpl (ServerState.java:setLeader(263)) - ce6b780e-8dc8-43df-9fdb-a1ffb55c35f1:group-E23FA03F1A8D change Leader from null to ce6b780e-8dc8-43df-9fdb-a1ffb55c35f1 at term 4 for becomeLeader, leader elected after 29509ms
2019-08-28 19:04:25,229 [ce6b780e-8dc8-43df-9fdb-a1ffb55c35f1:group-E23FA03F1A8D:LeaderElection113] INFO  server.RaftServerConfigKeys (ConfUtils.java:logGet(43)) - raft.server.staging.catchup.gap = 1000 (default)
2019-08-28 19:04:25,229 [ce6b780e-8dc8-43df-9fdb-a1ffb55c35f1:group-E23FA03F1A8D:LeaderElection113] INFO  server.RaftServerConfigKeys (ConfUtils.java:logGet(43)) - raft.server.rpc.sleep.time = 25ms (default)
2019-08-28 19:04:25,229 [ce6b780e-8dc8-43df-9fdb-a1ffb55c35f1:group-E23FA03F1A8D:LeaderElection113] INFO  server.RaftServerConfigKeys (ConfUtils.java:logGet(43)) - raft.server.write.element-limit = 4096 (default)
2019-08-28 19:04:25,229 [ce6b780e-8dc8-43df-9fdb-a1ffb55c35f1:group-E23FA03F1A8D:LeaderElection113] INFO  server.RaftServerConfigKeys (ConfUtils.java:logGet(43)) - raft.server.watch.timeout = 10s (default)
2019-08-28 19:04:25,229 [ce6b780e-8dc8-43df-9fdb-a1ffb55c35f1:group-E23FA03F1A8D:LeaderElection113] INFO  server.RaftServerConfigKeys (ConfUtils.java:logGet(43)) - raft.server.watch.timeout.denomination = 1s (default)
2019-08-28 19:04:25,229 [ce6b780e-8dc8-43df-9fdb-a1ffb55c35f1:group-E23FA03F1A8D:LeaderElection113] INFO  server.RaftServerConfigKeys (ConfUtils.java:logGet(43)) - raft.server.watch.element-limit = 65536 (default)
2019-08-28 19:04:25,230 [ce6b780e-8dc8-43df-9fdb-a1ffb55c35f1:group-E23FA03F1A8D:LeaderElection113] INFO  server.RaftServerConfigKeys (ConfUtils.java:logGet(43)) - raft.server.log.appender.snapshot.chunk.size.max = 16MB (=16777216) (default)
2019-08-28 19:04:25,230 [ce6b780e-8dc8-43df-9fdb-a1ffb55c35f1:group-E23FA03F1A8D:LeaderElection113] INFO  server.RaftServerConfigKeys (ConfUtils.java:logGet(43)) - raft.server.log.appender.buffer.byte-limit = 33554432 (custom)
2019-08-28 19:04:25,230 [ce6b780e-8dc8-43df-9fdb-a1ffb55c35f1:group-E23FA03F1A8D:LeaderElection113] INFO  server.RaftServerConfigKeys (ConfUtils.java:logGet(43)) - raft.server.log.appender.buffer.element-limit = 1 (custom)
2019-08-28 19:04:25,230 [ce6b780e-8dc8-43df-9fdb-a1ffb55c35f1:group-E23FA03F1A8D:LeaderElection113] INFO  grpc.GrpcConfigKeys$Server (ConfUtils.java:logGet(43)) - raft.grpc.server.leader.outstanding.appends.max = 128 (default)
2019-08-28 19:04:25,230 [ce6b780e-8dc8-43df-9fdb-a1ffb55c35f1:group-E23FA03F1A8D:LeaderElection113] INFO  server.RaftServerConfigKeys (ConfUtils.java:logGet(43)) - raft.server.rpc.request.timeout = 3000ms (default)
2019-08-28 19:04:25,230 [ce6b780e-8dc8-43df-9fdb-a1ffb55c35f1:group-E23FA03F1A8D:LeaderElection113] INFO  server.RaftServerConfigKeys (ConfUtils.java:logGet(43)) - raft.server.log.appender.install.snapshot.enabled = false (custom)
2019-08-28 19:04:25,231 [ce6b780e-8dc8-43df-9fdb-a1ffb55c35f1:group-E23FA03F1A8D:LeaderElection113] INFO  server.RaftServerConfigKeys (ConfUtils.java:logGet(43)) - raft.server.log.appender.snapshot.chunk.size.max = 16MB (=16777216) (default)
2019-08-28 19:04:25,231 [ce6b780e-8dc8-43df-9fdb-a1ffb55c35f1:group-E23FA03F1A8D:LeaderElection113] INFO  server.RaftServerConfigKeys (ConfUtils.java:logGet(43)) - raft.server.log.appender.buffer.byte-limit = 33554432 (custom)
2019-08-28 19:04:25,231 [ce6b780e-8dc8-43df-9fdb-a1ffb55c35f1:group-E23FA03F1A8D:LeaderElection113] INFO  server.RaftServerConfigKeys (ConfUtils.java:logGet(43)) - raft.server.log.appender.buffer.element-limit = 1 (custom)
2019-08-28 19:04:25,231 [ce6b780e-8dc8-43df-9fdb-a1ffb55c35f1:group-E23FA03F1A8D:LeaderElection113] INFO  grpc.GrpcConfigKeys$Server (ConfUtils.java:logGet(43)) - raft.grpc.server.leader.outstanding.appends.max = 128 (default)
2019-08-28 19:04:25,231 [ce6b780e-8dc8-43df-9fdb-a1ffb55c35f1:group-E23FA03F1A8D:LeaderElection113] INFO  server.RaftServerConfigKeys (ConfUtils.java:logGet(43)) - raft.server.rpc.request.timeout = 3000ms (default)
2019-08-28 19:04:25,231 [ce6b780e-8dc8-43df-9fdb-a1ffb55c35f1:group-E23FA03F1A8D:LeaderElection113] INFO  server.RaftServerConfigKeys (ConfUtils.java:logGet(43)) - raft.server.log.appender.install.snapshot.enabled = false (custom)
2019-08-28 19:04:25,232 [ce6b780e-8dc8-43df-9fdb-a1ffb55c35f1:group-E23FA03F1A8D:LeaderElection113] INFO  impl.RoleInfo (RoleInfo.java:updateAndGet(143)) - ce6b780e-8dc8-43df-9fdb-a1ffb55c35f1: start LeaderState
2019-08-28 19:04:25,232 [ce6b780e-8dc8-43df-9fdb-a1ffb55c35f1:group-E23FA03F1A8D:LeaderElection113] INFO  segmented.SegmentedRaftLogWorker (SegmentedRaftLogWorker.java:startLogSegment(380)) - ce6b780e-8dc8-43df-9fdb-a1ffb55c35f1-SegmentedRaftLogWorker:Storage Directory /workdir/hadoop-ozone/integration-test/target/test-dir/MiniOzoneClusterImpl-707007af-a3e3-45d7-ab83-09aed58cd643/datanode-4/data/ratis/72f0cf05-7480-4d0d-b557-e23fa03f1a8d: Starting segment from index:0
2019-08-28 19:04:25,233 [ce6b780e-8dc8-43df-9fdb-a1ffb55c35f1:group-E23FA03F1A8D:LeaderElection113] INFO  impl.RaftServerImpl (ServerState.java:setRaftConf(361)) - ce6b780e-8dc8-43df-9fdb-a1ffb55c35f1:group-E23FA03F1A8D set configuration 0: [e1b50e67-c8fe-477b-ba6a-852460aa374a:192.168.69.102:34045, 04b92ac3-39b2-406b-bc61-5570adcbc657:192.168.69.102:34882, ce6b780e-8dc8-43df-9fdb-a1ffb55c35f1:192.168.69.102:37617], old=null at 0
2019-08-28 19:04:25,233 [grpc-default-executor-13] INFO  impl.RaftServerImpl (ServerState.java:setLeader(263)) - e1b50e67-c8fe-477b-ba6a-852460aa374a:group-E23FA03F1A8D change Leader from null to ce6b780e-8dc8-43df-9fdb-a1ffb55c35f1 at term 4 for appendEntries, leader elected after 29514ms
2019-08-28 19:04:25,233 [grpc-default-executor-6] INFO  impl.RaftServerImpl (ServerState.java:setLeader(263)) - 04b92ac3-39b2-406b-bc61-5570adcbc657:group-E23FA03F1A8D change Leader from null to ce6b780e-8dc8-43df-9fdb-a1ffb55c35f1 at term 4 for appendEntries, leader elected after 29514ms
2019-08-28 19:04:25,235 [grpc-default-executor-6] INFO  impl.RaftServerImpl (ServerState.java:setRaftConf(361)) - 04b92ac3-39b2-406b-bc61-5570adcbc657:group-E23FA03F1A8D set configuration 0: [e1b50e67-c8fe-477b-ba6a-852460aa374a:192.168.69.102:34045, 04b92ac3-39b2-406b-bc61-5570adcbc657:192.168.69.102:34882, ce6b780e-8dc8-43df-9fdb-a1ffb55c35f1:192.168.69.102:37617], old=null at 0
2019-08-28 19:04:25,235 [grpc-default-executor-13] INFO  impl.RaftServerImpl (ServerState.java:setRaftConf(361)) - e1b50e67-c8fe-477b-ba6a-852460aa374a:group-E23FA03F1A8D set configuration 0: [e1b50e67-c8fe-477b-ba6a-852460aa374a:192.168.69.102:34045, 04b92ac3-39b2-406b-bc61-5570adcbc657:192.168.69.102:34882, ce6b780e-8dc8-43df-9fdb-a1ffb55c35f1:192.168.69.102:37617], old=null at 0
2019-08-28 19:04:25,236 [grpc-default-executor-6] INFO  segmented.SegmentedRaftLogWorker (SegmentedRaftLogWorker.java:startLogSegment(380)) - 04b92ac3-39b2-406b-bc61-5570adcbc657-SegmentedRaftLogWorker:Storage Directory /workdir/hadoop-ozone/integration-test/target/test-dir/MiniOzoneClusterImpl-707007af-a3e3-45d7-ab83-09aed58cd643/datanode-5/data/ratis/72f0cf05-7480-4d0d-b557-e23fa03f1a8d: Starting segment from index:0
2019-08-28 19:04:25,236 [grpc-default-executor-13] INFO  segmented.SegmentedRaftLogWorker (SegmentedRaftLogWorker.java:startLogSegment(380)) - e1b50e67-c8fe-477b-ba6a-852460aa374a-SegmentedRaftLogWorker:Storage Directory /workdir/hadoop-ozone/integration-test/target/test-dir/MiniOzoneClusterImpl-707007af-a3e3-45d7-ab83-09aed58cd643/datanode-3/data/ratis/72f0cf05-7480-4d0d-b557-e23fa03f1a8d: Starting segment from index:0
2019-08-28 19:04:25,290 [ce6b780e-8dc8-43df-9fdb-a1ffb55c35f1-SegmentedRaftLogWorker:Storage Directory /workdir/hadoop-ozone/integration-test/target/test-dir/MiniOzoneClusterImpl-707007af-a3e3-45d7-ab83-09aed58cd643/datanode-4/data/ratis/72f0cf05-7480-4d0d-b557-e23fa03f1a8d] INFO  segmented.SegmentedRaftLogWorker (SegmentedRaftLogWorker.java:execute(569)) - ce6b780e-8dc8-43df-9fdb-a1ffb55c35f1-SegmentedRaftLogWorker:Storage Directory /workdir/hadoop-ozone/integration-test/target/test-dir/MiniOzoneClusterImpl-707007af-a3e3-45d7-ab83-09aed58cd643/datanode-4/data/ratis/72f0cf05-7480-4d0d-b557-e23fa03f1a8d: created new log segment /workdir/hadoop-ozone/integration-test/target/test-dir/MiniOzoneClusterImpl-707007af-a3e3-45d7-ab83-09aed58cd643/datanode-4/data/ratis/72f0cf05-7480-4d0d-b557-e23fa03f1a8d/current/log_inprogress_0
2019-08-28 19:04:25,292 [e1b50e67-c8fe-477b-ba6a-852460aa374a-SegmentedRaftLogWorker:Storage Directory /workdir/hadoop-ozone/integration-test/target/test-dir/MiniOzoneClusterImpl-707007af-a3e3-45d7-ab83-09aed58cd643/datanode-3/data/ratis/72f0cf05-7480-4d0d-b557-e23fa03f1a8d] INFO  segmented.SegmentedRaftLogWorker (SegmentedRaftLogWorker.java:execute(569)) - e1b50e67-c8fe-477b-ba6a-852460aa374a-SegmentedRaftLogWorker:Storage Directory /workdir/hadoop-ozone/integration-test/target/test-dir/MiniOzoneClusterImpl-707007af-a3e3-45d7-ab83-09aed58cd643/datanode-3/data/ratis/72f0cf05-7480-4d0d-b557-e23fa03f1a8d: created new log segment /workdir/hadoop-ozone/integration-test/target/test-dir/MiniOzoneClusterImpl-707007af-a3e3-45d7-ab83-09aed58cd643/datanode-3/data/ratis/72f0cf05-7480-4d0d-b557-e23fa03f1a8d/current/log_inprogress_0
2019-08-28 19:04:25,292 [04b92ac3-39b2-406b-bc61-5570adcbc657-SegmentedRaftLogWorker:Storage Directory /workdir/hadoop-ozone/integration-test/target/test-dir/MiniOzoneClusterImpl-707007af-a3e3-45d7-ab83-09aed58cd643/datanode-5/data/ratis/72f0cf05-7480-4d0d-b557-e23fa03f1a8d] INFO  segmented.SegmentedRaftLogWorker (SegmentedRaftLogWorker.java:execute(569)) - 04b92ac3-39b2-406b-bc61-5570adcbc657-SegmentedRaftLogWorker:Storage Directory /workdir/hadoop-ozone/integration-test/target/test-dir/MiniOzoneClusterImpl-707007af-a3e3-45d7-ab83-09aed58cd643/datanode-5/data/ratis/72f0cf05-7480-4d0d-b557-e23fa03f1a8d: created new log segment /workdir/hadoop-ozone/integration-test/target/test-dir/MiniOzoneClusterImpl-707007af-a3e3-45d7-ab83-09aed58cd643/datanode-5/data/ratis/72f0cf05-7480-4d0d-b557-e23fa03f1a8d/current/log_inprogress_0
2019-08-28 19:04:25,409 | INFO  | SCMAudit | user=jenkins1000 | ip=192.168.69.102 | op=SEND_HEARTBEAT {datanodeUUID=ce6b780e-8dc8-43df-9fdb-a1ffb55c35f1, command=[]} | ret=SUCCESS |  
2019-08-28 19:04:25,609 | INFO  | SCMAudit | user=jenkins1000 | ip=192.168.69.102 | op=SEND_HEARTBEAT {datanodeUUID=04b92ac3-39b2-406b-bc61-5570adcbc657, command=[]} | ret=SUCCESS |  
2019-08-28 19:04:25,802 | INFO  | SCMAudit | user=jenkins1000 | ip=192.168.69.102 | op=SEND_HEARTBEAT {datanodeUUID=d3473fb4-3d79-4d8b-9a93-f76ee1ee07e0, command=[]} | ret=SUCCESS |  
2019-08-28 19:04:25,846 | INFO  | SCMAudit | user=jenkins1000 | ip=192.168.69.102 | op=SEND_HEARTBEAT {datanodeUUID=e1b50e67-c8fe-477b-ba6a-852460aa374a, command=[]} | ret=SUCCESS |  
2019-08-28 19:04:25,959 [grpc-default-executor-4] INFO  client.GrpcClientProtocolClient (GrpcClientProtocolClient.java:onNext(255)) - client-04D9F2DAF038->04b92ac3-39b2-406b-bc61-5570adcbc657: receive RaftClientReply:client-04D9F2DAF038->04b92ac3-39b2-406b-bc61-5570adcbc657@group-E23FA03F1A8D, cid=253, FAILED org.apache.ratis.protocol.NotLeaderException: Server 04b92ac3-39b2-406b-bc61-5570adcbc657 is not the leader (ce6b780e-8dc8-43df-9fdb-a1ffb55c35f1:192.168.69.102:37617). Request must be sent to leader., logIndex=0, commits[04b92ac3-39b2-406b-bc61-5570adcbc657:c-1, e1b50e67-c8fe-477b-ba6a-852460aa374a:c-1, ce6b780e-8dc8-43df-9fdb-a1ffb55c35f1:c-1]
2019-08-28 19:04:26,155 | INFO  | DNAudit | user=null | ip=null | op=WRITE_CHUNK {blockData=conID: 2 locID: 102696160247414805 bcsId: 0} | ret=SUCCESS |  
2019-08-28 19:04:26,155 | INFO  | SCMAudit | user=jenkins1000 | ip=192.168.69.102 | op=SEND_HEARTBEAT {datanodeUUID=ce6b780e-8dc8-43df-9fdb-a1ffb55c35f1, command=[]} | ret=SUCCESS |  
2019-08-28 19:04:26,155 | INFO  | DNAudit | user=null | ip=null | op=WRITE_CHUNK {blockData=conID: 2 locID: 102696160247414805 bcsId: 0} | ret=SUCCESS |  
2019-08-28 19:04:26,155 | INFO  | SCMAudit | user=jenkins1000 | ip=192.168.69.102 | op=SEND_HEARTBEAT {datanodeUUID=04b92ac3-39b2-406b-bc61-5570adcbc657, command=[]} | ret=SUCCESS |  
2019-08-28 19:04:26,155 | INFO  | DNAudit | user=null | ip=null | op=WRITE_CHUNK {blockData=conID: 2 locID: 102696160247414805 bcsId: 0} | ret=SUCCESS |  
2019-08-28 19:04:26,155 | INFO  | SCMAudit | user=jenkins1000 | ip=192.168.69.102 | op=SEND_HEARTBEAT {datanodeUUID=e1b50e67-c8fe-477b-ba6a-852460aa374a, command=[]} | ret=SUCCESS |  
2019-08-28 19:04:26,168 | INFO  | DNAudit | user=null | ip=null | op=WRITE_CHUNK {blockData=conID: 2 locID: 102696160247414805 bcsId: 0} | ret=SUCCESS |  
2019-08-28 19:04:26,172 [grpc-default-executor-4] INFO  client.GrpcClientProtocolClient (GrpcClientProtocolClient.java:onNext(255)) - client-04D9F2DAF038->ce6b780e-8dc8-43df-9fdb-a1ffb55c35f1: receive RaftClientReply:client-04D9F2DAF038->ce6b780e-8dc8-43df-9fdb-a1ffb55c35f1@group-E23FA03F1A8D, cid=253, SUCCESS, logIndex=1, commits[ce6b780e-8dc8-43df-9fdb-a1ffb55c35f1:c1, e1b50e67-c8fe-477b-ba6a-852460aa374a:c0, 04b92ac3-39b2-406b-bc61-5570adcbc657:c0]
2019-08-28 19:04:26,175 | INFO  | DNAudit | user=null | ip=null | op=WRITE_CHUNK {blockData=conID: 2 locID: 102696160247414805 bcsId: 0} | ret=SUCCESS |  
2019-08-28 19:04:26,176 | INFO  | DNAudit | user=null | ip=null | op=WRITE_CHUNK {blockData=conID: 2 locID: 102696160247414805 bcsId: 0} | ret=SUCCESS |  
2019-08-28 19:04:26,176 | INFO  | DNAudit | user=null | ip=null | op=WRITE_CHUNK {blockData=conID: 2 locID: 102696160247414805 bcsId: 0} | ret=SUCCESS |  
2019-08-28 19:04:26,176 | INFO  | DNAudit | user=null | ip=null | op=WRITE_CHUNK {blockData=conID: 2 locID: 102696160247414805 bcsId: 0} | ret=SUCCESS |  
2019-08-28 19:04:26,176 | INFO  | DNAudit | user=null | ip=null | op=WRITE_CHUNK {blockData=conID: 2 locID: 102696160247414805 bcsId: 0} | ret=SUCCESS |  
2019-08-28 19:04:26,180 | INFO  | DNAudit | user=null | ip=null | op=WRITE_CHUNK {blockData=conID: 2 locID: 102696160247414805 bcsId: 0} | ret=SUCCESS |  
2019-08-28 19:04:26,180 | INFO  | DNAudit | user=null | ip=null | op=WRITE_CHUNK {blockData=conID: 2 locID: 102696160247414805 bcsId: 0} | ret=SUCCESS |  
2019-08-28 19:04:26,180 | INFO  | SCMAudit | user=jenkins1000 | ip=192.168.69.102 | op=SEND_HEARTBEAT {datanodeUUID=adfa36b7-498a-4b65-9252-7ca31df0730f, command=[]} | ret=SUCCESS |  
2019-08-28 19:04:26,180 | INFO  | SCMAudit | user=jenkins1000 | ip=192.168.69.102 | op=SEND_HEARTBEAT {datanodeUUID=00cb801d-97e1-4292-a478-3bdac0cd726d, command=[]} | ret=SUCCESS |  
2019-08-28 19:04:26,181 | INFO  | DNAudit | user=null | ip=null | op=WRITE_CHUNK {blockData=conID: 2 locID: 102696160247414805 bcsId: 0} | ret=SUCCESS |  
2019-08-28 19:04:26,181 | INFO  | DNAudit | user=null | ip=null | op=WRITE_CHUNK {blockData=conID: 2 locID: 102696160247414805 bcsId: 0} | ret=SUCCESS |  
2019-08-28 19:04:26,181 | INFO  | DNAudit | user=null | ip=null | op=WRITE_CHUNK {blockData=conID: 2 locID: 102696160247414805 bcsId: 0} | ret=SUCCESS |  
2019-08-28 19:04:26,181 | INFO  | DNAudit | user=null | ip=null | op=WRITE_CHUNK {blockData=conID: 2 locID: 102696160247414805 bcsId: 0} | ret=SUCCESS |  
2019-08-28 19:04:26,193 | INFO  | DNAudit | user=null | ip=null | op=WRITE_CHUNK {blockData=conID: 2 locID: 102696160247414805 bcsId: 0} | ret=SUCCESS |  
2019-08-28 19:04:26,197 [grpc-default-executor-13] INFO  client.GrpcClientProtocolClient (GrpcClientProtocolClient.java:onNext(255)) - client-04D9F2DAF038->ce6b780e-8dc8-43df-9fdb-a1ffb55c35f1: receive RaftClientReply:client-04D9F2DAF038->ce6b780e-8dc8-43df-9fdb-a1ffb55c35f1@group-E23FA03F1A8D, cid=254, SUCCESS, logIndex=3, commits[ce6b780e-8dc8-43df-9fdb-a1ffb55c35f1:c5, e1b50e67-c8fe-477b-ba6a-852460aa374a:c1, 04b92ac3-39b2-406b-bc61-5570adcbc657:c1]
2019-08-28 19:04:26,204 | INFO  | DNAudit | user=null | ip=null | op=WRITE_CHUNK {blockData=conID: 2 locID: 102696160247414805 bcsId: 0} | ret=SUCCESS |  
2019-08-28 19:04:26,205 | INFO  | DNAudit | user=null | ip=null | op=WRITE_CHUNK {blockData=conID: 2 locID: 102696160247414805 bcsId: 0} | ret=SUCCESS |  
2019-08-28 19:04:26,215 | INFO  | SCMAudit | user=jenkins1000 | ip=192.168.69.102 | op=SEND_HEARTBEAT {datanodeUUID=00cf7d40-ac63-4acb-9b30-bd0829021504, command=[]} | ret=SUCCESS |  
2019-08-28 19:04:26,283 | INFO  | DNAudit | user=null | ip=null | op=PUT_BLOCK {blockData=[blockId=conID: 2 locID: 102696160247414805 bcsId: 0,size=200]} | ret=SUCCESS |  
2019-08-28 19:04:26,284 | INFO  | DNAudit | user=null | ip=null | op=WRITE_CHUNK {blockData=conID: 2 locID: 102696160247414805 bcsId: 0} | ret=SUCCESS |  
2019-08-28 19:04:26,285 | INFO  | DNAudit | user=null | ip=null | op=WRITE_CHUNK {blockData=conID: 2 locID: 102696160247414805 bcsId: 0} | ret=SUCCESS |  
2019-08-28 19:04:26,284 [grpc-default-executor-6] INFO  client.GrpcClientProtocolClient (GrpcClientProtocolClient.java:onNext(255)) - client-04D9F2DAF038->ce6b780e-8dc8-43df-9fdb-a1ffb55c35f1: receive RaftClientReply:client-04D9F2DAF038->ce6b780e-8dc8-43df-9fdb-a1ffb55c35f1@group-E23FA03F1A8D, cid=255, SUCCESS, logIndex=4, commits[ce6b780e-8dc8-43df-9fdb-a1ffb55c35f1:c12, e1b50e67-c8fe-477b-ba6a-852460aa374a:c7, 04b92ac3-39b2-406b-bc61-5570adcbc657:c7]
2019-08-28 19:04:26,285 [grpc-default-executor-6] INFO  client.GrpcClientProtocolClient (GrpcClientProtocolClient.java:onNext(255)) - client-04D9F2DAF038->ce6b780e-8dc8-43df-9fdb-a1ffb55c35f1: receive RaftClientReply:client-04D9F2DAF038->ce6b780e-8dc8-43df-9fdb-a1ffb55c35f1@group-E23FA03F1A8D, cid=256, SUCCESS, logIndex=5, commits[ce6b780e-8dc8-43df-9fdb-a1ffb55c35f1:c12, e1b50e67-c8fe-477b-ba6a-852460aa374a:c7, 04b92ac3-39b2-406b-bc61-5570adcbc657:c7]
2019-08-28 19:04:26,286 [grpc-default-executor-6] INFO  client.GrpcClientProtocolClient (GrpcClientProtocolClient.java:onNext(255)) - client-04D9F2DAF038->ce6b780e-8dc8-43df-9fdb-a1ffb55c35f1: receive RaftClientReply:client-04D9F2DAF038->ce6b780e-8dc8-43df-9fdb-a1ffb55c35f1@group-E23FA03F1A8D, cid=257, SUCCESS, logIndex=6, commits[ce6b780e-8dc8-43df-9fdb-a1ffb55c35f1:c12, e1b50e67-c8fe-477b-ba6a-852460aa374a:c7, 04b92ac3-39b2-406b-bc61-5570adcbc657:c7]
2019-08-28 19:04:26,425 | INFO  | DNAudit | user=null | ip=null | op=PUT_BLOCK {blockData=[blockId=conID: 2 locID: 102696160247414805 bcsId: 0,size=200]} | ret=SUCCESS |  
2019-08-28 19:04:26,425 | INFO  | DNAudit | user=null | ip=null | op=WRITE_CHUNK {blockData=conID: 2 locID: 102696160247414805 bcsId: 0} | ret=SUCCESS |  
2019-08-28 19:04:26,426 | INFO  | DNAudit | user=null | ip=null | op=WRITE_CHUNK {blockData=conID: 2 locID: 102696160247414805 bcsId: 0} | ret=SUCCESS |  
2019-08-28 19:04:26,533 | INFO  | DNAudit | user=null | ip=null | op=PUT_BLOCK {blockData=[blockId=conID: 2 locID: 102696160247414805 bcsId: 0,size=400]} | ret=SUCCESS |  
2019-08-28 19:04:26,533 | INFO  | DNAudit | user=null | ip=null | op=PUT_BLOCK {blockData=[blockId=conID: 2 locID: 102696160247414805 bcsId: 0,size=400]} | ret=SUCCESS |  
2019-08-28 19:04:26,535 [grpc-default-executor-6] INFO  client.GrpcClientProtocolClient (GrpcClientProtocolClient.java:onNext(255)) - client-04D9F2DAF038->ce6b780e-8dc8-43df-9fdb-a1ffb55c35f1: receive RaftClientReply:client-04D9F2DAF038->ce6b780e-8dc8-43df-9fdb-a1ffb55c35f1@group-E23FA03F1A8D, cid=258, SUCCESS, logIndex=7, commits[ce6b780e-8dc8-43df-9fdb-a1ffb55c35f1:c12, e1b50e67-c8fe-477b-ba6a-852460aa374a:c7, 04b92ac3-39b2-406b-bc61-5570adcbc657:c7]
2019-08-28 19:04:26,542 | INFO  | DNAudit | user=null | ip=null | op=WRITE_CHUNK {blockData=conID: 2 locID: 102696160247414805 bcsId: 7} | ret=SUCCESS |  
2019-08-28 19:04:26,543 | INFO  | DNAudit | user=null | ip=null | op=WRITE_CHUNK {blockData=conID: 2 locID: 102696160247414805 bcsId: 7} | ret=SUCCESS |  
2019-08-28 19:04:26,543 | INFO  | DNAudit | user=null | ip=null | op=WRITE_CHUNK {blockData=conID: 2 locID: 102696160247414805 bcsId: 7} | ret=SUCCESS |  
2019-08-28 19:04:26,566 | INFO  | DNAudit | user=null | ip=null | op=PUT_BLOCK {blockData=[blockId=conID: 2 locID: 102696160247414805 bcsId: 0,size=200]} | ret=SUCCESS |  
2019-08-28 19:04:26,566 | INFO  | DNAudit | user=null | ip=null | op=WRITE_CHUNK {blockData=conID: 2 locID: 102696160247414805 bcsId: 0} | ret=SUCCESS |  
2019-08-28 19:04:26,567 | INFO  | DNAudit | user=null | ip=null | op=WRITE_CHUNK {blockData=conID: 2 locID: 102696160247414805 bcsId: 0} | ret=SUCCESS |  
2019-08-28 19:04:26,567 | INFO  | DNAudit | user=null | ip=null | op=PUT_BLOCK {blockData=[blockId=conID: 2 locID: 102696160247414805 bcsId: 0,size=400]} | ret=SUCCESS |  
2019-08-28 19:04:26,569 | INFO  | DNAudit | user=null | ip=null | op=WRITE_CHUNK {blockData=conID: 2 locID: 102696160247414805 bcsId: 7} | ret=SUCCESS |  
2019-08-28 19:04:26,570 | INFO  | DNAudit | user=null | ip=null | op=PUT_BLOCK {blockData=[blockId=conID: 2 locID: 102696160247414805 bcsId: 0,size=450]} | ret=SUCCESS |  
2019-08-28 19:04:26,570 [grpc-default-executor-6] INFO  client.GrpcClientProtocolClient (GrpcClientProtocolClient.java:onNext(255)) - client-04D9F2DAF038->ce6b780e-8dc8-43df-9fdb-a1ffb55c35f1: receive RaftClientReply:client-04D9F2DAF038->ce6b780e-8dc8-43df-9fdb-a1ffb55c35f1@group-E23FA03F1A8D, cid=259, SUCCESS, logIndex=13, commits[ce6b780e-8dc8-43df-9fdb-a1ffb55c35f1:c14, e1b50e67-c8fe-477b-ba6a-852460aa374a:c12, 04b92ac3-39b2-406b-bc61-5570adcbc657:c12]
2019-08-28 19:04:26,571 [grpc-default-executor-6] INFO  client.GrpcClientProtocolClient (GrpcClientProtocolClient.java:onNext(255)) - client-04D9F2DAF038->ce6b780e-8dc8-43df-9fdb-a1ffb55c35f1: receive RaftClientReply:client-04D9F2DAF038->ce6b780e-8dc8-43df-9fdb-a1ffb55c35f1@group-E23FA03F1A8D, cid=260, SUCCESS, logIndex=14, commits[ce6b780e-8dc8-43df-9fdb-a1ffb55c35f1:c14, e1b50e67-c8fe-477b-ba6a-852460aa374a:c12, 04b92ac3-39b2-406b-bc61-5570adcbc657:c12]
2019-08-28 19:04:26,802 | INFO  | SCMAudit | user=jenkins1000 | ip=192.168.69.102 | op=SEND_HEARTBEAT {datanodeUUID=d3473fb4-3d79-4d8b-9a93-f76ee1ee07e0, command=[]} | ret=SUCCESS |  
2019-08-28 19:04:27,152 | INFO  | SCMAudit | user=jenkins1000 | ip=192.168.69.102 | op=SEND_HEARTBEAT {datanodeUUID=04b92ac3-39b2-406b-bc61-5570adcbc657, command=[]} | ret=SUCCESS |  
2019-08-28 19:04:27,152 | INFO  | SCMAudit | user=jenkins1000 | ip=192.168.69.102 | op=SEND_HEARTBEAT {datanodeUUID=ce6b780e-8dc8-43df-9fdb-a1ffb55c35f1, command=[]} | ret=SUCCESS |  
2019-08-28 19:04:27,152 | INFO  | SCMAudit | user=jenkins1000 | ip=192.168.69.102 | op=SEND_HEARTBEAT {datanodeUUID=e1b50e67-c8fe-477b-ba6a-852460aa374a, command=[]} | ret=SUCCESS |  
2019-08-28 19:04:27,180 | INFO  | SCMAudit | user=jenkins1000 | ip=192.168.69.102 | op=SEND_HEARTBEAT {datanodeUUID=adfa36b7-498a-4b65-9252-7ca31df0730f, command=[]} | ret=SUCCESS |  
2019-08-28 19:04:27,180 | INFO  | SCMAudit | user=jenkins1000 | ip=192.168.69.102 | op=SEND_HEARTBEAT {datanodeUUID=00cb801d-97e1-4292-a478-3bdac0cd726d, command=[]} | ret=SUCCESS |  
2019-08-28 19:04:27,214 | INFO  | SCMAudit | user=jenkins1000 | ip=192.168.69.102 | op=SEND_HEARTBEAT {datanodeUUID=00cf7d40-ac63-4acb-9b30-bd0829021504, command=[]} | ret=SUCCESS |  
2019-08-28 19:04:27,572 [main] WARN  scm.XceiverClientRatis (XceiverClientRatis.java:watchForCommit(262)) - 3 way commit failed on pipeline Pipeline[ Id: 72f0cf05-7480-4d0d-b557-e23fa03f1a8d, Nodes: e1b50e67-c8fe-477b-ba6a-852460aa374a{ip: 192.168.69.102, host: pr-hdds-1783-trunk-gtrxg-786569963, networkLocation: /default-rack, certSerialId: null}ce6b780e-8dc8-43df-9fdb-a1ffb55c35f1{ip: 192.168.69.102, host: pr-hdds-1783-trunk-gtrxg-786569963, networkLocation: /default-rack, certSerialId: null}04b92ac3-39b2-406b-bc61-5570adcbc657{ip: 192.168.69.102, host: pr-hdds-1783-trunk-gtrxg-786569963, networkLocation: /default-rack, certSerialId: null}, Type:RATIS, Factor:THREE, State:OPEN]
java.util.concurrent.TimeoutException
	at java.util.concurrent.CompletableFuture.timedGet(CompletableFuture.java:1771)
	at java.util.concurrent.CompletableFuture.get(CompletableFuture.java:1915)
	at org.apache.hadoop.hdds.scm.XceiverClientRatis.watchForCommit(XceiverClientRatis.java:259)
	at org.apache.hadoop.hdds.scm.storage.CommitWatcher.watchForCommit(CommitWatcher.java:194)
	at org.apache.hadoop.hdds.scm.storage.CommitWatcher.watchOnLastIndex(CommitWatcher.java:157)
	at org.apache.hadoop.hdds.scm.storage.BlockOutputStream.watchForCommit(BlockOutputStream.java:347)
	at org.apache.hadoop.hdds.scm.storage.BlockOutputStream.handleFlush(BlockOutputStream.java:479)
	at org.apache.hadoop.hdds.scm.storage.BlockOutputStream.flush(BlockOutputStream.java:428)
	at org.apache.hadoop.ozone.client.io.BlockOutputStreamEntry.flush(BlockOutputStreamEntry.java:136)
	at org.apache.hadoop.ozone.client.io.KeyOutputStream.handleFlushOrClose(KeyOutputStream.java:442)
	at org.apache.hadoop.ozone.client.io.KeyOutputStream.flush(KeyOutputStream.java:396)
	at org.apache.hadoop.ozone.client.io.OzoneOutputStream.flush(OzoneOutputStream.java:54)
	at org.apache.hadoop.ozone.client.rpc.TestBlockOutputStreamWithFailures.testWatchForCommitWithCloseContainerException(TestBlockOutputStreamWithFailures.java:232)
	at sun.reflect.NativeMethodAccessorImpl.invoke0(Native Method)
	at sun.reflect.NativeMethodAccessorImpl.invoke(NativeMethodAccessorImpl.java:62)
	at sun.reflect.DelegatingMethodAccessorImpl.invoke(DelegatingMethodAccessorImpl.java:43)
	at java.lang.reflect.Method.invoke(Method.java:498)
	at org.junit.runners.model.FrameworkMethod$1.runReflectiveCall(FrameworkMethod.java:47)
	at org.junit.internal.runners.model.ReflectiveCallable.run(ReflectiveCallable.java:12)
	at org.junit.runners.model.FrameworkMethod.invokeExplosively(FrameworkMethod.java:44)
	at org.junit.internal.runners.statements.InvokeMethod.evaluate(InvokeMethod.java:17)
	at org.junit.internal.runners.statements.RunBefores.evaluate(RunBefores.java:26)
	at org.junit.internal.runners.statements.RunAfters.evaluate(RunAfters.java:27)
	at org.junit.runners.ParentRunner.runLeaf(ParentRunner.java:271)
	at org.junit.runners.BlockJUnit4ClassRunner.runChild(BlockJUnit4ClassRunner.java:70)
	at org.junit.runners.BlockJUnit4ClassRunner.runChild(BlockJUnit4ClassRunner.java:50)
	at org.junit.runners.ParentRunner$3.run(ParentRunner.java:238)
	at org.junit.runners.ParentRunner$1.schedule(ParentRunner.java:63)
	at org.junit.runners.ParentRunner.runChildren(ParentRunner.java:236)
	at org.junit.runners.ParentRunner.access$000(ParentRunner.java:53)
	at org.junit.runners.ParentRunner$2.evaluate(ParentRunner.java:229)
	at org.junit.runners.ParentRunner.run(ParentRunner.java:309)
	at org.apache.maven.surefire.junit4.JUnit4Provider.execute(JUnit4Provider.java:365)
	at org.apache.maven.surefire.junit4.JUnit4Provider.executeWithRerun(JUnit4Provider.java:273)
	at org.apache.maven.surefire.junit4.JUnit4Provider.executeTestSet(JUnit4Provider.java:238)
	at org.apache.maven.surefire.junit4.JUnit4Provider.invoke(JUnit4Provider.java:159)
	at org.apache.maven.surefire.booter.ForkedBooter.invokeProviderInSameClassLoader(ForkedBooter.java:384)
	at org.apache.maven.surefire.booter.ForkedBooter.runSuitesInProcess(ForkedBooter.java:345)
	at org.apache.maven.surefire.booter.ForkedBooter.execute(ForkedBooter.java:126)
	at org.apache.maven.surefire.booter.ForkedBooter.main(ForkedBooter.java:418)
2019-08-28 19:04:27,802 | INFO  | SCMAudit | user=jenkins1000 | ip=192.168.69.102 | op=SEND_HEARTBEAT {datanodeUUID=d3473fb4-3d79-4d8b-9a93-f76ee1ee07e0, command=[]} | ret=SUCCESS |  
2019-08-28 19:04:28,152 | INFO  | SCMAudit | user=jenkins1000 | ip=192.168.69.102 | op=SEND_HEARTBEAT {datanodeUUID=ce6b780e-8dc8-43df-9fdb-a1ffb55c35f1, command=[]} | ret=SUCCESS |  
2019-08-28 19:04:28,152 | INFO  | SCMAudit | user=jenkins1000 | ip=192.168.69.102 | op=SEND_HEARTBEAT {datanodeUUID=04b92ac3-39b2-406b-bc61-5570adcbc657, command=[]} | ret=SUCCESS |  
2019-08-28 19:04:28,152 | INFO  | SCMAudit | user=jenkins1000 | ip=192.168.69.102 | op=SEND_HEARTBEAT {datanodeUUID=e1b50e67-c8fe-477b-ba6a-852460aa374a, command=[]} | ret=SUCCESS |  
2019-08-28 19:04:28,180 | INFO  | SCMAudit | user=jenkins1000 | ip=192.168.69.102 | op=SEND_HEARTBEAT {datanodeUUID=adfa36b7-498a-4b65-9252-7ca31df0730f, command=[]} | ret=SUCCESS |  
2019-08-28 19:04:28,180 | INFO  | SCMAudit | user=jenkins1000 | ip=192.168.69.102 | op=SEND_HEARTBEAT {datanodeUUID=00cb801d-97e1-4292-a478-3bdac0cd726d, command=[]} | ret=SUCCESS |  
2019-08-28 19:04:28,215 | INFO  | SCMAudit | user=jenkins1000 | ip=192.168.69.102 | op=SEND_HEARTBEAT {datanodeUUID=00cf7d40-ac63-4acb-9b30-bd0829021504, command=[]} | ret=SUCCESS |  
2019-08-28 19:04:28,576 [main] WARN  storage.CommitWatcher (CommitWatcher.java:watchForCommit(203)) - watchForCommit failed for index 14
java.util.concurrent.TimeoutException
	at java.util.concurrent.CompletableFuture.timedGet(CompletableFuture.java:1771)
	at java.util.concurrent.CompletableFuture.get(CompletableFuture.java:1915)
	at org.apache.hadoop.hdds.scm.XceiverClientRatis.watchForCommit(XceiverClientRatis.java:268)
	at org.apache.hadoop.hdds.scm.storage.CommitWatcher.watchForCommit(CommitWatcher.java:194)
	at org.apache.hadoop.hdds.scm.storage.CommitWatcher.watchOnLastIndex(CommitWatcher.java:157)
	at org.apache.hadoop.hdds.scm.storage.BlockOutputStream.watchForCommit(BlockOutputStream.java:347)
	at org.apache.hadoop.hdds.scm.storage.BlockOutputStream.handleFlush(BlockOutputStream.java:479)
	at org.apache.hadoop.hdds.scm.storage.BlockOutputStream.flush(BlockOutputStream.java:428)
	at org.apache.hadoop.ozone.client.io.BlockOutputStreamEntry.flush(BlockOutputStreamEntry.java:136)
	at org.apache.hadoop.ozone.client.io.KeyOutputStream.handleFlushOrClose(KeyOutputStream.java:442)
	at org.apache.hadoop.ozone.client.io.KeyOutputStream.flush(KeyOutputStream.java:396)
	at org.apache.hadoop.ozone.client.io.OzoneOutputStream.flush(OzoneOutputStream.java:54)
	at org.apache.hadoop.ozone.client.rpc.TestBlockOutputStreamWithFailures.testWatchForCommitWithCloseContainerException(TestBlockOutputStreamWithFailures.java:232)
	at sun.reflect.NativeMethodAccessorImpl.invoke0(Native Method)
	at sun.reflect.NativeMethodAccessorImpl.invoke(NativeMethodAccessorImpl.java:62)
	at sun.reflect.DelegatingMethodAccessorImpl.invoke(DelegatingMethodAccessorImpl.java:43)
	at java.lang.reflect.Method.invoke(Method.java:498)
	at org.junit.runners.model.FrameworkMethod$1.runReflectiveCall(FrameworkMethod.java:47)
	at org.junit.internal.runners.model.ReflectiveCallable.run(ReflectiveCallable.java:12)
	at org.junit.runners.model.FrameworkMethod.invokeExplosively(FrameworkMethod.java:44)
	at org.junit.internal.runners.statements.InvokeMethod.evaluate(InvokeMethod.java:17)
	at org.junit.internal.runners.statements.RunBefores.evaluate(RunBefores.java:26)
	at org.junit.internal.runners.statements.RunAfters.evaluate(RunAfters.java:27)
	at org.junit.runners.ParentRunner.runLeaf(ParentRunner.java:271)
	at org.junit.runners.BlockJUnit4ClassRunner.runChild(BlockJUnit4ClassRunner.java:70)
	at org.junit.runners.BlockJUnit4ClassRunner.runChild(BlockJUnit4ClassRunner.java:50)
	at org.junit.runners.ParentRunner$3.run(ParentRunner.java:238)
	at org.junit.runners.ParentRunner$1.schedule(ParentRunner.java:63)
	at org.junit.runners.ParentRunner.runChildren(ParentRunner.java:236)
	at org.junit.runners.ParentRunner.access$000(ParentRunner.java:53)
	at org.junit.runners.ParentRunner$2.evaluate(ParentRunner.java:229)
	at org.junit.runners.ParentRunner.run(ParentRunner.java:309)
	at org.apache.maven.surefire.junit4.JUnit4Provider.execute(JUnit4Provider.java:365)
	at org.apache.maven.surefire.junit4.JUnit4Provider.executeWithRerun(JUnit4Provider.java:273)
	at org.apache.maven.surefire.junit4.JUnit4Provider.executeTestSet(JUnit4Provider.java:238)
	at org.apache.maven.surefire.junit4.JUnit4Provider.invoke(JUnit4Provider.java:159)
	at org.apache.maven.surefire.booter.ForkedBooter.invokeProviderInSameClassLoader(ForkedBooter.java:384)
	at org.apache.maven.surefire.booter.ForkedBooter.runSuitesInProcess(ForkedBooter.java:345)
	at org.apache.maven.surefire.booter.ForkedBooter.execute(ForkedBooter.java:126)
	at org.apache.maven.surefire.booter.ForkedBooter.main(ForkedBooter.java:418)
2019-08-28 19:04:28,577 [main] WARN  io.KeyOutputStream (KeyOutputStream.java:handleException(276)) - Encountered exception java.io.IOException: Unexpected Storage Container Exception: java.io.IOException: Unexpected Storage Container Exception: java.util.concurrent.TimeoutException on the pipeline Pipeline[ Id: 72f0cf05-7480-4d0d-b557-e23fa03f1a8d, Nodes: e1b50e67-c8fe-477b-ba6a-852460aa374a{ip: 192.168.69.102, host: pr-hdds-1783-trunk-gtrxg-786569963, networkLocation: /default-rack, certSerialId: null}ce6b780e-8dc8-43df-9fdb-a1ffb55c35f1{ip: 192.168.69.102, host: pr-hdds-1783-trunk-gtrxg-786569963, networkLocation: /default-rack, certSerialId: null}04b92ac3-39b2-406b-bc61-5570adcbc657{ip: 192.168.69.102, host: pr-hdds-1783-trunk-gtrxg-786569963, networkLocation: /default-rack, certSerialId: null}, Type:RATIS, Factor:THREE, State:OPEN]. The last committed block length is 400, uncommitted data length is 50 retry count 0
2019-08-28 19:04:28,618 | INFO  | SCMAudit | user=jenkins1000 | ip=192.168.69.102 | op=ALLOCATE_BLOCK {owner=60b6168b-fe5d-4a4a-ae8c-4fc7c43c0217, size=800, type=RATIS, factor=THREE} | ret=SUCCESS |  
2019-08-28 19:04:28,619 | INFO  | OMAudit | user=jenkins1000 | ip=127.0.0.1 | op=ALLOCATE_BLOCK {volume=testblockoutputstream, bucket=testblockoutputstream, key=aa6dafa2-e752-4652-ab7d-2afcf2b65d23, dataSize=0, replicationType=null, replicationFactor=null, keyLocationInfo=null, clientID=102696159603589139} | ret=SUCCESS |  
2019-08-28 19:04:28,632 [grpc-default-executor-6] INFO  client.GrpcClientProtocolClient (GrpcClientProtocolClient.java:onNext(255)) - client-6DAA78D5AD98->00cb801d-97e1-4292-a478-3bdac0cd726d: receive RaftClientReply:client-6DAA78D5AD98->00cb801d-97e1-4292-a478-3bdac0cd726d@group-B83E8685FE49, cid=263, FAILED org.apache.ratis.protocol.NotLeaderException: Server 00cb801d-97e1-4292-a478-3bdac0cd726d is not the leader (adfa36b7-498a-4b65-9252-7ca31df0730f:192.168.69.102:35284). Request must be sent to leader., logIndex=0, commits[00cb801d-97e1-4292-a478-3bdac0cd726d:c18, adfa36b7-498a-4b65-9252-7ca31df0730f:c18, 00cf7d40-ac63-4acb-9b30-bd0829021504:c18]
2019-08-28 19:04:28,802 | INFO  | SCMAudit | user=jenkins1000 | ip=192.168.69.102 | op=SEND_HEARTBEAT {datanodeUUID=d3473fb4-3d79-4d8b-9a93-f76ee1ee07e0, command=[]} | ret=SUCCESS |  
2019-08-28 19:04:28,894 | INFO  | DNAudit | user=null | ip=null | op=WRITE_CHUNK {blockData=conID: 3 locID: 102696161680949270 bcsId: 0} | ret=SUCCESS |  
2019-08-28 19:04:28,894 | INFO  | DNAudit | user=null | ip=null | op=WRITE_CHUNK {blockData=conID: 3 locID: 102696161680949270 bcsId: 0} | ret=SUCCESS |  
2019-08-28 19:04:28,894 | INFO  | SCMAudit | user=jenkins1000 | ip=192.168.69.102 | op=SEND_HEARTBEAT {datanodeUUID=00cf7d40-ac63-4acb-9b30-bd0829021504, command=[]} | ret=SUCCESS |  
2019-08-28 19:04:28,894 | INFO  | SCMAudit | user=jenkins1000 | ip=192.168.69.102 | op=SEND_HEARTBEAT {datanodeUUID=adfa36b7-498a-4b65-9252-7ca31df0730f, command=[]} | ret=SUCCESS |  
2019-08-28 19:04:28,894 | INFO  | DNAudit | user=null | ip=null | op=WRITE_CHUNK {blockData=conID: 3 locID: 102696161680949270 bcsId: 0} | ret=SUCCESS |  
2019-08-28 19:04:28,894 | INFO  | SCMAudit | user=jenkins1000 | ip=192.168.69.102 | op=SEND_HEARTBEAT {datanodeUUID=00cb801d-97e1-4292-a478-3bdac0cd726d, command=[]} | ret=SUCCESS |  
2019-08-28 19:04:28,934 | INFO  | DNAudit | user=null | ip=null | op=WRITE_CHUNK {blockData=conID: 3 locID: 102696161680949270 bcsId: 0} | ret=SUCCESS |  
2019-08-28 19:04:28,942 [grpc-default-executor-6] INFO  client.GrpcClientProtocolClient (GrpcClientProtocolClient.java:onNext(255)) - client-6DAA78D5AD98->adfa36b7-498a-4b65-9252-7ca31df0730f: receive RaftClientReply:client-6DAA78D5AD98->adfa36b7-498a-4b65-9252-7ca31df0730f@group-B83E8685FE49, cid=263, SUCCESS, logIndex=19, commits[adfa36b7-498a-4b65-9252-7ca31df0730f:c19, 00cb801d-97e1-4292-a478-3bdac0cd726d:c18, 00cf7d40-ac63-4acb-9b30-bd0829021504:c18]
2019-08-28 19:04:28,947 | INFO  | DNAudit | user=null | ip=null | op=WRITE_CHUNK {blockData=conID: 3 locID: 102696161680949270 bcsId: 0} | ret=SUCCESS |  
2019-08-28 19:04:28,947 | INFO  | DNAudit | user=null | ip=null | op=WRITE_CHUNK {blockData=conID: 3 locID: 102696161680949270 bcsId: 0} | ret=SUCCESS |  
2019-08-28 19:04:29,069 [grpc-default-executor-12] INFO  client.GrpcClientProtocolClient (GrpcClientProtocolClient.java:onNext(255)) - client-04D9F2DAF038->ce6b780e-8dc8-43df-9fdb-a1ffb55c35f1: receive RaftClientReply:client-04D9F2DAF038->ce6b780e-8dc8-43df-9fdb-a1ffb55c35f1@group-E23FA03F1A8D, cid=262, SUCCESS, logIndex=0, commits[ce6b780e-8dc8-43df-9fdb-a1ffb55c35f1:c16, e1b50e67-c8fe-477b-ba6a-852460aa374a:c16, 04b92ac3-39b2-406b-bc61-5570adcbc657:c12]
2019-08-28 19:04:29,070 [grpc-default-executor-12] INFO  client.GrpcClientProtocolClient (GrpcClientProtocolClient.java:onNext(255)) - client-04D9F2DAF038->ce6b780e-8dc8-43df-9fdb-a1ffb55c35f1: receive RaftClientReply:client-04D9F2DAF038->ce6b780e-8dc8-43df-9fdb-a1ffb55c35f1@group-E23FA03F1A8D, cid=261, SUCCESS, logIndex=0, commits[ce6b780e-8dc8-43df-9fdb-a1ffb55c35f1:c16, e1b50e67-c8fe-477b-ba6a-852460aa374a:c16, 04b92ac3-39b2-406b-bc61-5570adcbc657:c16]
2019-08-28 19:04:29,099 | INFO  | DNAudit | user=null | ip=null | op=PUT_BLOCK {blockData=[blockId=conID: 3 locID: 102696161680949270 bcsId: 0,size=50]} | ret=SUCCESS |  
2019-08-28 19:04:29,105 [grpc-default-executor-12] INFO  client.GrpcClientProtocolClient (GrpcClientProtocolClient.java:onNext(255)) - client-6DAA78D5AD98->adfa36b7-498a-4b65-9252-7ca31df0730f: receive RaftClientReply:client-6DAA78D5AD98->adfa36b7-498a-4b65-9252-7ca31df0730f@group-B83E8685FE49, cid=264, SUCCESS, logIndex=21, commits[adfa36b7-498a-4b65-9252-7ca31df0730f:c22, 00cb801d-97e1-4292-a478-3bdac0cd726d:c21, 00cf7d40-ac63-4acb-9b30-bd0829021504:c21]
2019-08-28 19:04:29,106 [main] INFO  ozone.MiniOzoneClusterImpl (MiniOzoneClusterImpl.java:shutdown(321)) - Shutting down the Mini Ozone Cluster
2019-08-28 19:04:29,106 | INFO  | SCMAudit | user=null | ip=null | op=GET_SCM_INFO null | ret=SUCCESS |  
2019-08-28 19:04:29,106 [main] INFO  ozone.MiniOzoneClusterImpl (MiniOzoneClusterImpl.java:stop(336)) - Stopping the Mini Ozone Cluster
2019-08-28 19:04:29,107 [main] INFO  ozone.MiniOzoneClusterImpl (MiniOzoneClusterImpl.java:stop(338)) - Stopping the OzoneManager
2019-08-28 19:04:29,107 [main] INFO  ipc.Server (Server.java:stop(3082)) - Stopping server on 38666
2019-08-28 19:04:29,110 | INFO  | DNAudit | user=null | ip=null | op=WRITE_CHUNK {blockData=conID: 2 locID: 102696160247414805 bcsId: 7} | ret=SUCCESS |  
2019-08-28 19:04:29,110 | INFO  | DNAudit | user=null | ip=null | op=WRITE_CHUNK {blockData=conID: 2 locID: 102696160247414805 bcsId: 7} | ret=SUCCESS |  
2019-08-28 19:04:29,129 [main] INFO  ratis.OzoneManagerDoubleBuffer (OzoneManagerDoubleBuffer.java:stop(248)) - Stopping OMDoubleBuffer flush thread
2019-08-28 19:04:29,129 [IPC Server Responder] INFO  ipc.Server (Server.java:run(1319)) - Stopping IPC Server Responder
2019-08-28 19:04:29,129 [IPC Server listener on 38666] INFO  ipc.Server (Server.java:run(1185)) - Stopping IPC Server listener on 38666
2019-08-28 19:04:29,148 [OMDoubleBufferFlushThread] INFO  ratis.OzoneManagerDoubleBuffer (OzoneManagerDoubleBuffer.java:flushTransactions(191)) - OMDoubleBuffer flush thread OMDoubleBufferFlushThread is interrupted and will exit. OMDoubleBufferFlushThread
2019-08-28 19:04:29,151 [main] INFO  utils.BackgroundService (BackgroundService.java:shutdown(148)) - Shutting down service KeyDeletingService
2019-08-28 19:04:29,152 | INFO  | SCMAudit | user=jenkins1000 | ip=192.168.69.102 | op=SEND_HEARTBEAT {datanodeUUID=ce6b780e-8dc8-43df-9fdb-a1ffb55c35f1, command=[]} | ret=SUCCESS |  
2019-08-28 19:04:29,152 | INFO  | SCMAudit | user=jenkins1000 | ip=192.168.69.102 | op=SEND_HEARTBEAT {datanodeUUID=04b92ac3-39b2-406b-bc61-5570adcbc657, command=[]} | ret=SUCCESS |  
2019-08-28 19:04:29,152 | INFO  | SCMAudit | user=jenkins1000 | ip=192.168.69.102 | op=SEND_HEARTBEAT {datanodeUUID=e1b50e67-c8fe-477b-ba6a-852460aa374a, command=[]} | ret=SUCCESS |  
2019-08-28 19:04:29,152 [main] INFO  handler.ContextHandler (ContextHandler.java:doStop(910)) - Stopped o.e.j.w.WebAppContext@2954be42{/,null,UNAVAILABLE}{/ozoneManager}
2019-08-28 19:04:29,153 [main] INFO  server.AbstractConnector (AbstractConnector.java:doStop(318)) - Stopped ServerConnector@5c65d5c3{HTTP/1.1,[http/1.1]}{0.0.0.0:0}
2019-08-28 19:04:29,153 [main] INFO  handler.ContextHandler (ContextHandler.java:doStop(910)) - Stopped o.e.j.s.ServletContextHandler@75630d9e{/static,file:///workdir/hadoop-ozone/integration-test/target/test-classes/webapps/static,UNAVAILABLE}
2019-08-28 19:04:29,153 [main] INFO  handler.ContextHandler (ContextHandler.java:doStop(910)) - Stopped o.e.j.s.ServletContextHandler@27e713d4{/logs,file:///workdir/hadoop-ozone/integration-test/target/log,UNAVAILABLE}
2019-08-28 19:04:29,156 [main] INFO  ozone.MiniOzoneClusterImpl (MiniOzoneClusterImpl.java:stop(344)) - Shutting the HddsDatanodes
2019-08-28 19:04:29,156 [main] INFO  datanode.ObjectStoreHandler (ObjectStoreHandler.java:close(155)) - Closing ObjectStoreHandler.
2019-08-28 19:04:29,156 [ForkJoinPool.commonPool-worker-1] INFO  datanode.ObjectStoreHandler (ObjectStoreHandler.java:close(155)) - Closing ObjectStoreHandler.
2019-08-28 19:04:29,156 [main] INFO  ozone.HddsDatanodeService (HddsDatanodeService.java:stop(451)) - Stopped plug-in org.apache.hadoop.ozone.web.OzoneHddsDatanodeService@57a22410
2019-08-28 19:04:29,157 [ForkJoinPool.commonPool-worker-1] INFO  ozone.HddsDatanodeService (HddsDatanodeService.java:stop(451)) - Stopped plug-in org.apache.hadoop.ozone.web.OzoneHddsDatanodeService@5d81bc79
2019-08-28 19:04:29,183 | INFO  | DNAudit | user=null | ip=null | op=PUT_BLOCK {blockData=[blockId=conID: 3 locID: 102696161680949270 bcsId: 0,size=50]} | ret=SUCCESS |  
2019-08-28 19:04:29,243 | INFO  | DNAudit | user=null | ip=null | op=PUT_BLOCK {blockData=[blockId=conID: 2 locID: 102696160247414805 bcsId: 0,size=450]} | ret=SUCCESS |  
2019-08-28 19:04:29,243 | INFO  | DNAudit | user=null | ip=null | op=PUT_BLOCK {blockData=[blockId=conID: 2 locID: 102696160247414805 bcsId: 0,size=450]} | ret=SUCCESS |  
2019-08-28 19:04:29,300 | INFO  | DNAudit | user=null | ip=null | op=PUT_BLOCK {blockData=[blockId=conID: 3 locID: 102696161680949270 bcsId: 0,size=50]} | ret=SUCCESS |  
2019-08-28 19:04:29,802 | INFO  | SCMAudit | user=jenkins1000 | ip=192.168.69.102 | op=SEND_HEARTBEAT {datanodeUUID=d3473fb4-3d79-4d8b-9a93-f76ee1ee07e0, command=[]} | ret=SUCCESS |  
2019-08-28 19:04:29,893 [Datanode State Machine Thread - 0] INFO  statemachine.DatanodeStateMachine (DatanodeStateMachine.java:lambda$startDaemon$0(350)) - Ozone container server started.
2019-08-28 19:04:29,894 | INFO  | SCMAudit | user=jenkins1000 | ip=192.168.69.102 | op=SEND_HEARTBEAT {datanodeUUID=00cf7d40-ac63-4acb-9b30-bd0829021504, command=[]} | ret=SUCCESS |  
2019-08-28 19:04:29,894 | INFO  | SCMAudit | user=jenkins1000 | ip=192.168.69.102 | op=SEND_HEARTBEAT {datanodeUUID=00cb801d-97e1-4292-a478-3bdac0cd726d, command=[]} | ret=SUCCESS |  
2019-08-28 19:04:30,155 [Datanode State Machine Thread - 0] INFO  statemachine.DatanodeStateMachine (DatanodeStateMachine.java:lambda$startDaemon$0(350)) - Ozone container server started.
2019-08-28 19:04:30,155 | INFO  | SCMAudit | user=jenkins1000 | ip=192.168.69.102 | op=SEND_HEARTBEAT {datanodeUUID=04b92ac3-39b2-406b-bc61-5570adcbc657, command=[]} | ret=SUCCESS |  
2019-08-28 19:04:30,155 | INFO  | SCMAudit | user=jenkins1000 | ip=192.168.69.102 | op=SEND_HEARTBEAT {datanodeUUID=e1b50e67-c8fe-477b-ba6a-852460aa374a, command=[]} | ret=SUCCESS |  
2019-08-28 19:04:30,802 | INFO  | SCMAudit | user=jenkins1000 | ip=192.168.69.102 | op=SEND_HEARTBEAT {datanodeUUID=d3473fb4-3d79-4d8b-9a93-f76ee1ee07e0, command=[]} | ret=SUCCESS |  
2019-08-28 19:04:30,894 | INFO  | SCMAudit | user=jenkins1000 | ip=192.168.69.102 | op=SEND_HEARTBEAT {datanodeUUID=00cf7d40-ac63-4acb-9b30-bd0829021504, command=[]} | ret=SUCCESS |  
2019-08-28 19:04:30,894 | INFO  | SCMAudit | user=jenkins1000 | ip=192.168.69.102 | op=SEND_HEARTBEAT {datanodeUUID=00cb801d-97e1-4292-a478-3bdac0cd726d, command=[]} | ret=SUCCESS |  
2019-08-28 19:04:31,156 | INFO  | SCMAudit | user=jenkins1000 | ip=192.168.69.102 | op=SEND_HEARTBEAT {datanodeUUID=04b92ac3-39b2-406b-bc61-5570adcbc657, command=[]} | ret=SUCCESS |  
2019-08-28 19:04:31,156 | INFO  | SCMAudit | user=jenkins1000 | ip=192.168.69.102 | op=SEND_HEARTBEAT {datanodeUUID=e1b50e67-c8fe-477b-ba6a-852460aa374a, command=[]} | ret=SUCCESS |  
2019-08-28 19:04:31,802 | INFO  | SCMAudit | user=jenkins1000 | ip=192.168.69.102 | op=SEND_HEARTBEAT {datanodeUUID=d3473fb4-3d79-4d8b-9a93-f76ee1ee07e0, command=[]} | ret=SUCCESS |  
2019-08-28 19:04:31,894 | INFO  | SCMAudit | user=jenkins1000 | ip=192.168.69.102 | op=SEND_HEARTBEAT {datanodeUUID=00cf7d40-ac63-4acb-9b30-bd0829021504, command=[]} | ret=SUCCESS |  
2019-08-28 19:04:31,894 | INFO  | SCMAudit | user=jenkins1000 | ip=192.168.69.102 | op=SEND_HEARTBEAT {datanodeUUID=00cb801d-97e1-4292-a478-3bdac0cd726d, command=[]} | ret=SUCCESS |  
2019-08-28 19:04:32,159 | INFO  | SCMAudit | user=jenkins1000 | ip=192.168.69.102 | op=SEND_HEARTBEAT {datanodeUUID=e1b50e67-c8fe-477b-ba6a-852460aa374a, command=[]} | ret=SUCCESS |  
2019-08-28 19:04:32,159 | INFO  | SCMAudit | user=jenkins1000 | ip=192.168.69.102 | op=SEND_HEARTBEAT {datanodeUUID=04b92ac3-39b2-406b-bc61-5570adcbc657, command=[]} | ret=SUCCESS |  
2019-08-28 19:04:32,803 | INFO  | SCMAudit | user=jenkins1000 | ip=192.168.69.102 | op=SEND_HEARTBEAT {datanodeUUID=d3473fb4-3d79-4d8b-9a93-f76ee1ee07e0, command=[]} | ret=SUCCESS |  
2019-08-28 19:04:32,894 | INFO  | SCMAudit | user=jenkins1000 | ip=192.168.69.102 | op=SEND_HEARTBEAT {datanodeUUID=00cb801d-97e1-4292-a478-3bdac0cd726d, command=[]} | ret=SUCCESS |  
2019-08-28 19:04:32,894 | INFO  | SCMAudit | user=jenkins1000 | ip=192.168.69.102 | op=SEND_HEARTBEAT {datanodeUUID=00cf7d40-ac63-4acb-9b30-bd0829021504, command=[]} | ret=SUCCESS |  
2019-08-28 19:04:33,155 | INFO  | SCMAudit | user=jenkins1000 | ip=192.168.69.102 | op=SEND_HEARTBEAT {datanodeUUID=e1b50e67-c8fe-477b-ba6a-852460aa374a, command=[]} | ret=SUCCESS |  
2019-08-28 19:04:33,159 | INFO  | SCMAudit | user=jenkins1000 | ip=192.168.69.102 | op=SEND_HEARTBEAT {datanodeUUID=04b92ac3-39b2-406b-bc61-5570adcbc657, command=[]} | ret=SUCCESS |  
2019-08-28 19:04:33,802 | INFO  | SCMAudit | user=jenkins1000 | ip=192.168.69.102 | op=SEND_HEARTBEAT {datanodeUUID=d3473fb4-3d79-4d8b-9a93-f76ee1ee07e0, command=[]} | ret=SUCCESS |  
2019-08-28 19:04:33,894 | INFO  | SCMAudit | user=jenkins1000 | ip=192.168.69.102 | op=SEND_HEARTBEAT {datanodeUUID=00cf7d40-ac63-4acb-9b30-bd0829021504, command=[]} | ret=SUCCESS |  
2019-08-28 19:04:33,894 | INFO  | SCMAudit | user=jenkins1000 | ip=192.168.69.102 | op=SEND_HEARTBEAT {datanodeUUID=00cb801d-97e1-4292-a478-3bdac0cd726d, command=[]} | ret=SUCCESS |  
2019-08-28 19:04:33,985 [EventQueue-StaleNodeForStaleNodeHandler] INFO  node.StaleNodeHandler (StaleNodeHandler.java:onMessage(58)) - Datanode adfa36b7-498a-4b65-9252-7ca31df0730f{ip: 192.168.69.102, host: pr-hdds-1783-trunk-gtrxg-786569963, networkLocation: /default-rack, certSerialId: null} moved to stale state. Finalizing its pipelines [PipelineID=1a8abcb4-9fe8-4383-bbbc-b5d6b38141f7, PipelineID=e5a27023-b46a-4adb-9cab-b83e8685fe49]
2019-08-28 19:04:33,985 [EventQueue-StaleNodeForStaleNodeHandler] INFO  pipeline.SCMPipelineManager (SCMPipelineManager.java:finalizeAndDestroyPipeline(309)) - destroying pipeline:Pipeline[ Id: 1a8abcb4-9fe8-4383-bbbc-b5d6b38141f7, Nodes: adfa36b7-498a-4b65-9252-7ca31df0730f{ip: 192.168.69.102, host: pr-hdds-1783-trunk-gtrxg-786569963, networkLocation: /default-rack, certSerialId: null}, Type:RATIS, Factor:ONE, State:OPEN]
2019-08-28 19:04:33,985 [EventQueue-StaleNodeForStaleNodeHandler] INFO  pipeline.PipelineStateManager (PipelineStateManager.java:finalizePipeline(123)) - Pipeline Pipeline[ Id: 1a8abcb4-9fe8-4383-bbbc-b5d6b38141f7, Nodes: adfa36b7-498a-4b65-9252-7ca31df0730f{ip: 192.168.69.102, host: pr-hdds-1783-trunk-gtrxg-786569963, networkLocation: /default-rack, certSerialId: null}, Type:RATIS, Factor:ONE, State:CLOSED] moved to CLOSED state
2019-08-28 19:04:33,986 [EventQueue-StaleNodeForStaleNodeHandler] INFO  pipeline.SCMPipelineManager (SCMPipelineManager.java:finalizeAndDestroyPipeline(309)) - destroying pipeline:Pipeline[ Id: e5a27023-b46a-4adb-9cab-b83e8685fe49, Nodes: 00cb801d-97e1-4292-a478-3bdac0cd726d{ip: 192.168.69.102, host: pr-hdds-1783-trunk-gtrxg-786569963, networkLocation: /default-rack, certSerialId: null}00cf7d40-ac63-4acb-9b30-bd0829021504{ip: 192.168.69.102, host: pr-hdds-1783-trunk-gtrxg-786569963, networkLocation: /default-rack, certSerialId: null}adfa36b7-498a-4b65-9252-7ca31df0730f{ip: 192.168.69.102, host: pr-hdds-1783-trunk-gtrxg-786569963, networkLocation: /default-rack, certSerialId: null}, Type:RATIS, Factor:THREE, State:OPEN]
2019-08-28 19:04:33,986 [EventQueue-StaleNodeForStaleNodeHandler] INFO  pipeline.PipelineStateManager (PipelineStateManager.java:finalizePipeline(123)) - Pipeline Pipeline[ Id: e5a27023-b46a-4adb-9cab-b83e8685fe49, Nodes: 00cb801d-97e1-4292-a478-3bdac0cd726d{ip: 192.168.69.102, host: pr-hdds-1783-trunk-gtrxg-786569963, networkLocation: /default-rack, certSerialId: null}00cf7d40-ac63-4acb-9b30-bd0829021504{ip: 192.168.69.102, host: pr-hdds-1783-trunk-gtrxg-786569963, networkLocation: /default-rack, certSerialId: null}adfa36b7-498a-4b65-9252-7ca31df0730f{ip: 192.168.69.102, host: pr-hdds-1783-trunk-gtrxg-786569963, networkLocation: /default-rack, certSerialId: null}, Type:RATIS, Factor:THREE, State:CLOSED] moved to CLOSED state
2019-08-28 19:04:33,986 [EventQueue-CloseContainerForCloseContainerEventHandler] INFO  container.CloseContainerEventHandler (CloseContainerEventHandler.java:onMessage(61)) - Close container Event triggered for container : #3
2019-08-28 19:04:34,156 | INFO  | SCMAudit | user=jenkins1000 | ip=192.168.69.102 | op=SEND_HEARTBEAT {datanodeUUID=e1b50e67-c8fe-477b-ba6a-852460aa374a, command=[]} | ret=SUCCESS |  
2019-08-28 19:04:34,157 [main] INFO  ozoneimpl.OzoneContainer (OzoneContainer.java:stop(199)) - Attempting to stop container services.
2019-08-28 19:04:34,157 [ForkJoinPool.commonPool-worker-1] INFO  ozoneimpl.OzoneContainer (OzoneContainer.java:stop(199)) - Attempting to stop container services.
2019-08-28 19:04:34,158 [main] INFO  impl.RaftServerProxy (RaftServerProxy.java:lambda$close$4(314)) - ce6b780e-8dc8-43df-9fdb-a1ffb55c35f1: close
2019-08-28 19:04:34,158 [ForkJoinPool.commonPool-worker-1] INFO  impl.RaftServerProxy (RaftServerProxy.java:lambda$close$4(314)) - adfa36b7-498a-4b65-9252-7ca31df0730f: close
2019-08-28 19:04:34,158 [main] INFO  impl.RaftServerImpl (RaftServerImpl.java:lambda$shutdown$3(245)) - ce6b780e-8dc8-43df-9fdb-a1ffb55c35f1: shutdown group-E23FA03F1A8D
2019-08-28 19:04:34,159 | INFO  | SCMAudit | user=jenkins1000 | ip=192.168.69.102 | op=SEND_HEARTBEAT {datanodeUUID=04b92ac3-39b2-406b-bc61-5570adcbc657, command=[]} | ret=SUCCESS |  
2019-08-28 19:04:34,159 [ForkJoinPool.commonPool-worker-1] INFO  impl.RaftServerImpl (RaftServerImpl.java:lambda$shutdown$3(245)) - adfa36b7-498a-4b65-9252-7ca31df0730f: shutdown group-B5D6B38141F7
2019-08-28 19:04:34,159 [main] INFO  util.JmxRegister (JmxRegister.java:unregister(73)) - Successfully un-registered JMX Bean with object name Ratis:service=RaftServer,group=group-E23FA03F1A8D,id=ce6b780e-8dc8-43df-9fdb-a1ffb55c35f1
2019-08-28 19:04:34,159 [ForkJoinPool.commonPool-worker-1] INFO  util.JmxRegister (JmxRegister.java:unregister(73)) - Successfully un-registered JMX Bean with object name Ratis:service=RaftServer,group=group-B5D6B38141F7,id=adfa36b7-498a-4b65-9252-7ca31df0730f
2019-08-28 19:04:34,160 [main] INFO  impl.RoleInfo (RoleInfo.java:shutdownLeaderState(104)) - ce6b780e-8dc8-43df-9fdb-a1ffb55c35f1: shutdown LeaderState
2019-08-28 19:04:34,160 [ForkJoinPool.commonPool-worker-1] INFO  impl.RoleInfo (RoleInfo.java:shutdownLeaderState(104)) - adfa36b7-498a-4b65-9252-7ca31df0730f: shutdown LeaderState
2019-08-28 19:04:34,167 [org.apache.ratis.server.impl.LogAppender$AppenderDaemon$$Lambda$461/309358170@6c8cf772] WARN  server.GrpcLogAppender (GrpcLogAppender.java:mayWait(143)) - GrpcLogAppender(ce6b780e-8dc8-43df-9fdb-a1ffb55c35f1->04b92ac3-39b2-406b-bc61-5570adcbc657): Wait interrupted by java.lang.InterruptedException
2019-08-28 19:04:34,167 [org.apache.ratis.server.impl.LogAppender$AppenderDaemon$$Lambda$461/309358170@298e7c27] WARN  server.GrpcLogAppender (GrpcLogAppender.java:mayWait(143)) - GrpcLogAppender(ce6b780e-8dc8-43df-9fdb-a1ffb55c35f1->e1b50e67-c8fe-477b-ba6a-852460aa374a): Wait interrupted by java.lang.InterruptedException
2019-08-28 19:04:34,167 [main] INFO  impl.PendingRequests (PendingRequests.java:sendNotLeaderResponses(202)) - ce6b780e-8dc8-43df-9fdb-a1ffb55c35f1-PendingRequests: sendNotLeaderResponses
2019-08-28 19:04:34,168 [grpc-default-executor-12] INFO  server.GrpcServerProtocolService (GrpcServerProtocolService.java:onCompleted(104)) - e1b50e67-c8fe-477b-ba6a-852460aa374a: appendEntries completed
2019-08-28 19:04:34,170 [main] INFO  impl.StateMachineUpdater (StateMachineUpdater.java:stopAndJoin(115)) - StateMachineUpdater:ce6b780e-8dc8-43df-9fdb-a1ffb55c35f1:group-E23FA03F1A8D: set stopIndex = 16
2019-08-28 19:04:34,168 [grpc-default-executor-6] INFO  server.GrpcServerProtocolService (GrpcServerProtocolService.java:onCompleted(104)) - 04b92ac3-39b2-406b-bc61-5570adcbc657: appendEntries completed
2019-08-28 19:04:34,167 [ForkJoinPool.commonPool-worker-1] INFO  impl.PendingRequests (PendingRequests.java:sendNotLeaderResponses(202)) - adfa36b7-498a-4b65-9252-7ca31df0730f-PendingRequests: sendNotLeaderResponses
2019-08-28 19:04:34,171 [grpc-default-executor-6] INFO  server.GrpcLogAppender (GrpcLogAppender.java:onCompleted(292)) - ce6b780e-8dc8-43df-9fdb-a1ffb55c35f1->04b92ac3-39b2-406b-bc61-5570adcbc657: follower responses appendEntries COMPLETED
2019-08-28 19:04:34,171 [grpc-default-executor-4] INFO  server.GrpcLogAppender (GrpcLogAppender.java:onCompleted(292)) - ce6b780e-8dc8-43df-9fdb-a1ffb55c35f1->e1b50e67-c8fe-477b-ba6a-852460aa374a: follower responses appendEntries COMPLETED
2019-08-28 19:04:34,171 [StateMachineUpdater:ce6b780e-8dc8-43df-9fdb-a1ffb55c35f1:group-E23FA03F1A8D] INFO  ratis.ContainerStateMachine (ContainerStateMachine.java:takeSnapshot(283)) - group-E23FA03F1A8D: Taking a snapshot at:(t:4, i:14) file /workdir/hadoop-ozone/integration-test/target/test-dir/MiniOzoneClusterImpl-707007af-a3e3-45d7-ab83-09aed58cd643/datanode-4/data/ratis/72f0cf05-7480-4d0d-b557-e23fa03f1a8d/sm/snapshot.4_14
2019-08-28 19:04:34,172 [grpc-default-executor-4] INFO  impl.FollowerInfo (FollowerInfo.java:lambda$new$0(50)) - ce6b780e-8dc8-43df-9fdb-a1ffb55c35f1->e1b50e67-c8fe-477b-ba6a-852460aa374a: nextIndex: updateUnconditionally 17 -> 16
2019-08-28 19:04:34,172 [grpc-default-executor-6] INFO  impl.FollowerInfo (FollowerInfo.java:lambda$new$0(50)) - ce6b780e-8dc8-43df-9fdb-a1ffb55c35f1->04b92ac3-39b2-406b-bc61-5570adcbc657: nextIndex: updateUnconditionally 17 -> 16
2019-08-28 19:04:34,171 [ForkJoinPool.commonPool-worker-1] INFO  impl.StateMachineUpdater (StateMachineUpdater.java:stopAndJoin(115)) - StateMachineUpdater:adfa36b7-498a-4b65-9252-7ca31df0730f:group-B5D6B38141F7: set stopIndex = 0
2019-08-28 19:04:34,173 [ForkJoinPool.commonPool-worker-1] INFO  impl.RaftServerImpl (ServerState.java:close(394)) - adfa36b7-498a-4b65-9252-7ca31df0730f:group-B5D6B38141F7 closes. The last applied log index is 0
2019-08-28 19:04:34,173 [adfa36b7-498a-4b65-9252-7ca31df0730f-SegmentedRaftLogWorker:Storage Directory /workdir/hadoop-ozone/integration-test/target/test-dir/MiniOzoneClusterImpl-707007af-a3e3-45d7-ab83-09aed58cd643/datanode-1/data/ratis/1a8abcb4-9fe8-4383-bbbc-b5d6b38141f7] INFO  segmented.SegmentedRaftLogWorker (SegmentedRaftLogWorker.java:run(313)) - adfa36b7-498a-4b65-9252-7ca31df0730f-SegmentedRaftLogWorker:Storage Directory /workdir/hadoop-ozone/integration-test/target/test-dir/MiniOzoneClusterImpl-707007af-a3e3-45d7-ab83-09aed58cd643/datanode-1/data/ratis/1a8abcb4-9fe8-4383-bbbc-b5d6b38141f7 was interrupted, exiting. There are 0 tasks remaining in the queue.
2019-08-28 19:04:34,176 [ForkJoinPool.commonPool-worker-1] INFO  segmented.SegmentedRaftLogWorker (SegmentedRaftLogWorker.java:close(228)) - adfa36b7-498a-4b65-9252-7ca31df0730f-SegmentedRaftLogWorker:Storage Directory /workdir/hadoop-ozone/integration-test/target/test-dir/MiniOzoneClusterImpl-707007af-a3e3-45d7-ab83-09aed58cd643/datanode-1/data/ratis/1a8abcb4-9fe8-4383-bbbc-b5d6b38141f7 close()
2019-08-28 19:04:34,181 [ForkJoinPool.commonPool-worker-1] INFO  impl.RaftServerImpl (RaftServerImpl.java:lambda$shutdown$3(245)) - adfa36b7-498a-4b65-9252-7ca31df0730f: shutdown group-B83E8685FE49
2019-08-28 19:04:34,181 [ForkJoinPool.commonPool-worker-1] INFO  util.JmxRegister (JmxRegister.java:unregister(73)) - Successfully un-registered JMX Bean with object name Ratis:service=RaftServer,group=group-B83E8685FE49,id=adfa36b7-498a-4b65-9252-7ca31df0730f
2019-08-28 19:04:34,182 [ForkJoinPool.commonPool-worker-1] INFO  impl.RoleInfo (RoleInfo.java:shutdownLeaderState(104)) - adfa36b7-498a-4b65-9252-7ca31df0730f: shutdown LeaderState
2019-08-28 19:04:34,186 [ForkJoinPool.commonPool-worker-1] INFO  impl.PendingRequests (PendingRequests.java:sendNotLeaderResponses(202)) - adfa36b7-498a-4b65-9252-7ca31df0730f-PendingRequests: sendNotLeaderResponses
2019-08-28 19:04:34,187 [EventQueue-StaleNodeForStaleNodeHandler] INFO  node.StaleNodeHandler (StaleNodeHandler.java:onMessage(58)) - Datanode ce6b780e-8dc8-43df-9fdb-a1ffb55c35f1{ip: 192.168.69.102, host: pr-hdds-1783-trunk-gtrxg-786569963, networkLocation: /default-rack, certSerialId: null} moved to stale state. Finalizing its pipelines [PipelineID=72f0cf05-7480-4d0d-b557-e23fa03f1a8d, PipelineID=76946571-37d5-4b93-b909-4264fdcdc708]
2019-08-28 19:04:34,192 [StateMachineUpdater:adfa36b7-498a-4b65-9252-7ca31df0730f:group-B83E8685FE49] INFO  ratis.ContainerStateMachine (ContainerStateMachine.java:takeSnapshot(283)) - group-B83E8685FE49: Taking a snapshot at:(t:1, i:22) file /workdir/hadoop-ozone/integration-test/target/test-dir/MiniOzoneClusterImpl-707007af-a3e3-45d7-ab83-09aed58cd643/datanode-1/data/ratis/e5a27023-b46a-4adb-9cab-b83e8685fe49/sm/snapshot.1_22
2019-08-28 19:04:34,186 [org.apache.ratis.server.impl.LogAppender$AppenderDaemon$$Lambda$461/309358170@5cb810d] WARN  server.GrpcLogAppender (GrpcLogAppender.java:mayWait(143)) - GrpcLogAppender(adfa36b7-498a-4b65-9252-7ca31df0730f->00cb801d-97e1-4292-a478-3bdac0cd726d): Wait interrupted by java.lang.InterruptedException
2019-08-28 19:04:34,186 [org.apache.ratis.server.impl.LogAppender$AppenderDaemon$$Lambda$461/309358170@40c90fd0] WARN  server.GrpcLogAppender (GrpcLogAppender.java:mayWait(143)) - GrpcLogAppender(adfa36b7-498a-4b65-9252-7ca31df0730f->00cf7d40-ac63-4acb-9b30-bd0829021504): Wait interrupted by java.lang.InterruptedException
2019-08-28 19:04:34,192 [EventQueue-StaleNodeForStaleNodeHandler] INFO  pipeline.SCMPipelineManager (SCMPipelineManager.java:finalizeAndDestroyPipeline(309)) - destroying pipeline:Pipeline[ Id: 72f0cf05-7480-4d0d-b557-e23fa03f1a8d, Nodes: e1b50e67-c8fe-477b-ba6a-852460aa374a{ip: 192.168.69.102, host: pr-hdds-1783-trunk-gtrxg-786569963, networkLocation: /default-rack, certSerialId: null}ce6b780e-8dc8-43df-9fdb-a1ffb55c35f1{ip: 192.168.69.102, host: pr-hdds-1783-trunk-gtrxg-786569963, networkLocation: /default-rack, certSerialId: null}04b92ac3-39b2-406b-bc61-5570adcbc657{ip: 192.168.69.102, host: pr-hdds-1783-trunk-gtrxg-786569963, networkLocation: /default-rack, certSerialId: null}, Type:RATIS, Factor:THREE, State:OPEN]
2019-08-28 19:04:34,191 [ForkJoinPool.commonPool-worker-1] INFO  impl.StateMachineUpdater (StateMachineUpdater.java:stopAndJoin(115)) - StateMachineUpdater:adfa36b7-498a-4b65-9252-7ca31df0730f:group-B83E8685FE49: set stopIndex = 22
2019-08-28 19:04:34,192 [EventQueue-StaleNodeForStaleNodeHandler] INFO  pipeline.PipelineStateManager (PipelineStateManager.java:finalizePipeline(123)) - Pipeline Pipeline[ Id: 72f0cf05-7480-4d0d-b557-e23fa03f1a8d, Nodes: e1b50e67-c8fe-477b-ba6a-852460aa374a{ip: 192.168.69.102, host: pr-hdds-1783-trunk-gtrxg-786569963, networkLocation: /default-rack, certSerialId: null}ce6b780e-8dc8-43df-9fdb-a1ffb55c35f1{ip: 192.168.69.102, host: pr-hdds-1783-trunk-gtrxg-786569963, networkLocation: /default-rack, certSerialId: null}04b92ac3-39b2-406b-bc61-5570adcbc657{ip: 192.168.69.102, host: pr-hdds-1783-trunk-gtrxg-786569963, networkLocation: /default-rack, certSerialId: null}, Type:RATIS, Factor:THREE, State:CLOSED] moved to CLOSED state
2019-08-28 19:04:34,192 [grpc-default-executor-4] INFO  server.GrpcServerProtocolService (GrpcServerProtocolService.java:onCompleted(104)) - 00cf7d40-ac63-4acb-9b30-bd0829021504: appendEntries completed
2019-08-28 19:04:34,192 [grpc-default-executor-6] INFO  server.GrpcServerProtocolService (GrpcServerProtocolService.java:onCompleted(104)) - 00cb801d-97e1-4292-a478-3bdac0cd726d: appendEntries completed
2019-08-28 19:04:34,193 [EventQueue-StaleNodeForStaleNodeHandler] INFO  pipeline.SCMPipelineManager (SCMPipelineManager.java:finalizeAndDestroyPipeline(309)) - destroying pipeline:Pipeline[ Id: 76946571-37d5-4b93-b909-4264fdcdc708, Nodes: ce6b780e-8dc8-43df-9fdb-a1ffb55c35f1{ip: 192.168.69.102, host: pr-hdds-1783-trunk-gtrxg-786569963, networkLocation: /default-rack, certSerialId: null}, Type:RATIS, Factor:ONE, State:OPEN]
2019-08-28 19:04:34,193 [EventQueue-CloseContainerForCloseContainerEventHandler] INFO  container.CloseContainerEventHandler (CloseContainerEventHandler.java:onMessage(61)) - Close container Event triggered for container : #2
2019-08-28 19:04:34,193 [EventQueue-StaleNodeForStaleNodeHandler] INFO  pipeline.PipelineStateManager (PipelineStateManager.java:finalizePipeline(123)) - Pipeline Pipeline[ Id: 76946571-37d5-4b93-b909-4264fdcdc708, Nodes: ce6b780e-8dc8-43df-9fdb-a1ffb55c35f1{ip: 192.168.69.102, host: pr-hdds-1783-trunk-gtrxg-786569963, networkLocation: /default-rack, certSerialId: null}, Type:RATIS, Factor:ONE, State:CLOSED] moved to CLOSED state
2019-08-28 19:04:34,193 [grpc-default-executor-12] INFO  server.GrpcLogAppender (GrpcLogAppender.java:onCompleted(292)) - adfa36b7-498a-4b65-9252-7ca31df0730f->00cb801d-97e1-4292-a478-3bdac0cd726d: follower responses appendEntries COMPLETED
2019-08-28 19:04:34,193 [grpc-default-executor-4] INFO  server.GrpcLogAppender (GrpcLogAppender.java:onCompleted(292)) - adfa36b7-498a-4b65-9252-7ca31df0730f->00cf7d40-ac63-4acb-9b30-bd0829021504: follower responses appendEntries COMPLETED
2019-08-28 19:04:34,194 [grpc-default-executor-12] INFO  impl.FollowerInfo (FollowerInfo.java:lambda$new$0(50)) - adfa36b7-498a-4b65-9252-7ca31df0730f->00cb801d-97e1-4292-a478-3bdac0cd726d: nextIndex: updateUnconditionally 23 -> 22
2019-08-28 19:04:34,194 [grpc-default-executor-4] INFO  impl.FollowerInfo (FollowerInfo.java:lambda$new$0(50)) - adfa36b7-498a-4b65-9252-7ca31df0730f->00cf7d40-ac63-4acb-9b30-bd0829021504: nextIndex: updateUnconditionally 23 -> 22
2019-08-28 19:04:34,802 | INFO  | SCMAudit | user=jenkins1000 | ip=192.168.69.102 | op=SEND_HEARTBEAT {datanodeUUID=d3473fb4-3d79-4d8b-9a93-f76ee1ee07e0, command=[]} | ret=SUCCESS |  
2019-08-28 19:04:34,891 [StateMachineUpdater:adfa36b7-498a-4b65-9252-7ca31df0730f:group-B83E8685FE49] INFO  ratis.ContainerStateMachine (ContainerStateMachine.java:takeSnapshot(294)) - group-B83E8685FE49: Finished taking a snapshot at:(t:1, i:22) file:/workdir/hadoop-ozone/integration-test/target/test-dir/MiniOzoneClusterImpl-707007af-a3e3-45d7-ab83-09aed58cd643/datanode-1/data/ratis/e5a27023-b46a-4adb-9cab-b83e8685fe49/sm/snapshot.1_22 time:699
2019-08-28 19:04:34,891 [StateMachineUpdater:ce6b780e-8dc8-43df-9fdb-a1ffb55c35f1:group-E23FA03F1A8D] INFO  ratis.ContainerStateMachine (ContainerStateMachine.java:takeSnapshot(294)) - group-E23FA03F1A8D: Finished taking a snapshot at:(t:4, i:14) file:/workdir/hadoop-ozone/integration-test/target/test-dir/MiniOzoneClusterImpl-707007af-a3e3-45d7-ab83-09aed58cd643/datanode-4/data/ratis/72f0cf05-7480-4d0d-b557-e23fa03f1a8d/sm/snapshot.4_14 time:720
2019-08-28 19:04:34,891 [StateMachineUpdater:adfa36b7-498a-4b65-9252-7ca31df0730f:group-B83E8685FE49] INFO  impl.StateMachineUpdater (StateMachineUpdater.java:takeSnapshot(242)) - StateMachineUpdater:adfa36b7-498a-4b65-9252-7ca31df0730f:group-B83E8685FE49: Took a snapshot at index 22
2019-08-28 19:04:34,891 [StateMachineUpdater:ce6b780e-8dc8-43df-9fdb-a1ffb55c35f1:group-E23FA03F1A8D] INFO  impl.StateMachineUpdater (StateMachineUpdater.java:takeSnapshot(242)) - StateMachineUpdater:ce6b780e-8dc8-43df-9fdb-a1ffb55c35f1:group-E23FA03F1A8D: Took a snapshot at index 14
2019-08-28 19:04:34,891 [StateMachineUpdater:adfa36b7-498a-4b65-9252-7ca31df0730f:group-B83E8685FE49] INFO  impl.StateMachineUpdater (StateMachineUpdater.java:lambda$new$0(80)) - StateMachineUpdater:adfa36b7-498a-4b65-9252-7ca31df0730f:group-B83E8685FE49: snapshotIndex: updateIncreasingly -1 -> 22
2019-08-28 19:04:34,892 [StateMachineUpdater:ce6b780e-8dc8-43df-9fdb-a1ffb55c35f1:group-E23FA03F1A8D] INFO  impl.StateMachineUpdater (StateMachineUpdater.java:lambda$new$0(80)) - StateMachineUpdater:ce6b780e-8dc8-43df-9fdb-a1ffb55c35f1:group-E23FA03F1A8D: snapshotIndex: updateIncreasingly -1 -> 14
2019-08-28 19:04:34,892 [main] INFO  impl.RaftServerImpl (ServerState.java:close(394)) - ce6b780e-8dc8-43df-9fdb-a1ffb55c35f1:group-E23FA03F1A8D closes. The last applied log index is 16
2019-08-28 19:04:34,892 [ForkJoinPool.commonPool-worker-1] INFO  impl.RaftServerImpl (ServerState.java:close(394)) - adfa36b7-498a-4b65-9252-7ca31df0730f:group-B83E8685FE49 closes. The last applied log index is 22
2019-08-28 19:04:34,893 [ce6b780e-8dc8-43df-9fdb-a1ffb55c35f1-SegmentedRaftLogWorker:Storage Directory /workdir/hadoop-ozone/integration-test/target/test-dir/MiniOzoneClusterImpl-707007af-a3e3-45d7-ab83-09aed58cd643/datanode-4/data/ratis/72f0cf05-7480-4d0d-b557-e23fa03f1a8d] INFO  segmented.SegmentedRaftLogWorker (SegmentedRaftLogWorker.java:run(313)) - ce6b780e-8dc8-43df-9fdb-a1ffb55c35f1-SegmentedRaftLogWorker:Storage Directory /workdir/hadoop-ozone/integration-test/target/test-dir/MiniOzoneClusterImpl-707007af-a3e3-45d7-ab83-09aed58cd643/datanode-4/data/ratis/72f0cf05-7480-4d0d-b557-e23fa03f1a8d was interrupted, exiting. There are 0 tasks remaining in the queue.
2019-08-28 19:04:34,893 [adfa36b7-498a-4b65-9252-7ca31df0730f-SegmentedRaftLogWorker:Storage Directory /workdir/hadoop-ozone/integration-test/target/test-dir/MiniOzoneClusterImpl-707007af-a3e3-45d7-ab83-09aed58cd643/datanode-1/data/ratis/e5a27023-b46a-4adb-9cab-b83e8685fe49] INFO  segmented.SegmentedRaftLogWorker (SegmentedRaftLogWorker.java:run(313)) - adfa36b7-498a-4b65-9252-7ca31df0730f-SegmentedRaftLogWorker:Storage Directory /workdir/hadoop-ozone/integration-test/target/test-dir/MiniOzoneClusterImpl-707007af-a3e3-45d7-ab83-09aed58cd643/datanode-1/data/ratis/e5a27023-b46a-4adb-9cab-b83e8685fe49 was interrupted, exiting. There are 0 tasks remaining in the queue.
2019-08-28 19:04:34,897 [main] INFO  segmented.SegmentedRaftLogWorker (SegmentedRaftLogWorker.java:close(228)) - ce6b780e-8dc8-43df-9fdb-a1ffb55c35f1-SegmentedRaftLogWorker:Storage Directory /workdir/hadoop-ozone/integration-test/target/test-dir/MiniOzoneClusterImpl-707007af-a3e3-45d7-ab83-09aed58cd643/datanode-4/data/ratis/72f0cf05-7480-4d0d-b557-e23fa03f1a8d close()
2019-08-28 19:04:34,900 [ForkJoinPool.commonPool-worker-1] INFO  segmented.SegmentedRaftLogWorker (SegmentedRaftLogWorker.java:close(228)) - adfa36b7-498a-4b65-9252-7ca31df0730f-SegmentedRaftLogWorker:Storage Directory /workdir/hadoop-ozone/integration-test/target/test-dir/MiniOzoneClusterImpl-707007af-a3e3-45d7-ab83-09aed58cd643/datanode-1/data/ratis/e5a27023-b46a-4adb-9cab-b83e8685fe49 close()
2019-08-28 19:04:34,910 | INFO  | SCMAudit | user=jenkins1000 | ip=192.168.69.102 | op=SEND_HEARTBEAT {datanodeUUID=00cb801d-97e1-4292-a478-3bdac0cd726d, command=[commandType: closeContainerCommand closeContainerCommandProto { containerID: 3 pipelineID { id: "e5a27023-b46a-4adb-9cab-b83e8685fe49" } cmdId: 3 force: false } ]} | ret=SUCCESS |  
2019-08-28 19:04:34,911 | INFO  | SCMAudit | user=jenkins1000 | ip=192.168.69.102 | op=SEND_HEARTBEAT {datanodeUUID=00cf7d40-ac63-4acb-9b30-bd0829021504, command=[commandType: closeContainerCommand closeContainerCommandProto { containerID: 3 pipelineID { id: "e5a27023-b46a-4adb-9cab-b83e8685fe49" } cmdId: 3 force: false } ]} | ret=SUCCESS |  
2019-08-28 19:04:34,905 [main] INFO  impl.RaftServerImpl (RaftServerImpl.java:lambda$shutdown$3(245)) - ce6b780e-8dc8-43df-9fdb-a1ffb55c35f1: shutdown group-4264FDCDC708
2019-08-28 19:04:34,910 [ForkJoinPool.commonPool-worker-1] INFO  server.GrpcService (GrpcService.java:closeImpl(155)) - adfa36b7-498a-4b65-9252-7ca31df0730f: shutdown server with port 35284 now
2019-08-28 19:04:34,911 [main] INFO  util.JmxRegister (JmxRegister.java:unregister(73)) - Successfully un-registered JMX Bean with object name Ratis:service=RaftServer,group=group-4264FDCDC708,id=ce6b780e-8dc8-43df-9fdb-a1ffb55c35f1
2019-08-28 19:04:34,911 [main] INFO  impl.RoleInfo (RoleInfo.java:shutdownLeaderState(104)) - ce6b780e-8dc8-43df-9fdb-a1ffb55c35f1: shutdown LeaderState
2019-08-28 19:04:34,911 [ForkJoinPool.commonPool-worker-1] INFO  server.GrpcService (GrpcService.java:closeImpl(163)) - adfa36b7-498a-4b65-9252-7ca31df0730f: shutdown server with port 35284 successfully
2019-08-28 19:04:34,912 [main] INFO  impl.PendingRequests (PendingRequests.java:sendNotLeaderResponses(202)) - ce6b780e-8dc8-43df-9fdb-a1ffb55c35f1-PendingRequests: sendNotLeaderResponses
2019-08-28 19:04:34,912 [main] INFO  impl.StateMachineUpdater (StateMachineUpdater.java:stopAndJoin(115)) - StateMachineUpdater:ce6b780e-8dc8-43df-9fdb-a1ffb55c35f1:group-4264FDCDC708: set stopIndex = 0
2019-08-28 19:04:34,913 [ForkJoinPool.commonPool-worker-1] INFO  utils.BackgroundService (BackgroundService.java:shutdown(148)) - Shutting down service BlockDeletingService
2019-08-28 19:04:34,913 [main] INFO  impl.RaftServerImpl (ServerState.java:close(394)) - ce6b780e-8dc8-43df-9fdb-a1ffb55c35f1:group-4264FDCDC708 closes. The last applied log index is 0
2019-08-28 19:04:34,914 [ce6b780e-8dc8-43df-9fdb-a1ffb55c35f1-SegmentedRaftLogWorker:Storage Directory /workdir/hadoop-ozone/integration-test/target/test-dir/MiniOzoneClusterImpl-707007af-a3e3-45d7-ab83-09aed58cd643/datanode-4/data/ratis/76946571-37d5-4b93-b909-4264fdcdc708] INFO  segmented.SegmentedRaftLogWorker (SegmentedRaftLogWorker.java:run(313)) - ce6b780e-8dc8-43df-9fdb-a1ffb55c35f1-SegmentedRaftLogWorker:Storage Directory /workdir/hadoop-ozone/integration-test/target/test-dir/MiniOzoneClusterImpl-707007af-a3e3-45d7-ab83-09aed58cd643/datanode-4/data/ratis/76946571-37d5-4b93-b909-4264fdcdc708 was interrupted, exiting. There are 0 tasks remaining in the queue.
2019-08-28 19:04:34,918 [refreshUsed-/workdir/hadoop-ozone/integration-test/target/test-dir/MiniOzoneClusterImpl-707007af-a3e3-45d7-ab83-09aed58cd643/datanode-1/data/containers] WARN  fs.CachingGetSpaceUsed (CachingGetSpaceUsed.java:run(183)) - Thread Interrupted waiting to refresh disk information: sleep interrupted
2019-08-28 19:04:34,918 [main] INFO  segmented.SegmentedRaftLogWorker (SegmentedRaftLogWorker.java:close(228)) - ce6b780e-8dc8-43df-9fdb-a1ffb55c35f1-SegmentedRaftLogWorker:Storage Directory /workdir/hadoop-ozone/integration-test/target/test-dir/MiniOzoneClusterImpl-707007af-a3e3-45d7-ab83-09aed58cd643/datanode-4/data/ratis/76946571-37d5-4b93-b909-4264fdcdc708 close()
2019-08-28 19:04:34,924 [main] INFO  server.GrpcService (GrpcService.java:closeImpl(155)) - ce6b780e-8dc8-43df-9fdb-a1ffb55c35f1: shutdown server with port 37617 now
2019-08-28 19:04:34,925 [grpc-default-executor-12] WARN  client.GrpcClientProtocolService (LogUtils.java:warn(134)) - 8-UnorderedRequestStreamObserver8: onError: org.apache.ratis.thirdparty.io.grpc.StatusRuntimeException: CANCELLED: cancelled before receiving half close
2019-08-28 19:04:34,926 [main] INFO  server.GrpcService (GrpcService.java:closeImpl(163)) - ce6b780e-8dc8-43df-9fdb-a1ffb55c35f1: shutdown server with port 37617 successfully
2019-08-28 19:04:34,928 [main] INFO  utils.BackgroundService (BackgroundService.java:shutdown(148)) - Shutting down service BlockDeletingService
2019-08-28 19:04:34,931 [refreshUsed-/workdir/hadoop-ozone/integration-test/target/test-dir/MiniOzoneClusterImpl-707007af-a3e3-45d7-ab83-09aed58cd643/datanode-4/data/containers] WARN  fs.CachingGetSpaceUsed (CachingGetSpaceUsed.java:run(183)) - Thread Interrupted waiting to refresh disk information: sleep interrupted
2019-08-28 19:04:34,950 [main] INFO  statemachine.DatanodeStateMachine (DatanodeStateMachine.java:stopDaemon(395)) - Ozone container server stopped.
2019-08-28 19:04:34,956 [ForkJoinPool.commonPool-worker-1] INFO  statemachine.DatanodeStateMachine (DatanodeStateMachine.java:stopDaemon(395)) - Ozone container server stopped.
2019-08-28 19:04:34,959 [main] INFO  handler.ContextHandler (ContextHandler.java:doStop(910)) - Stopped o.e.j.w.WebAppContext@1a3761a{/,null,UNAVAILABLE}{/hddsDatanode}
2019-08-28 19:04:34,961 [ForkJoinPool.commonPool-worker-1] INFO  handler.ContextHandler (ContextHandler.java:doStop(910)) - Stopped o.e.j.w.WebAppContext@1ae3d0a8{/,null,UNAVAILABLE}{/hddsDatanode}
2019-08-28 19:04:34,962 [main] INFO  server.AbstractConnector (AbstractConnector.java:doStop(318)) - Stopped ServerConnector@509cf73a{HTTP/1.1,[http/1.1]}{0.0.0.0:0}
2019-08-28 19:04:34,962 [ForkJoinPool.commonPool-worker-1] INFO  server.AbstractConnector (AbstractConnector.java:doStop(318)) - Stopped ServerConnector@5fa73f3a{HTTP/1.1,[http/1.1]}{0.0.0.0:0}
2019-08-28 19:04:34,962 [main] INFO  handler.ContextHandler (ContextHandler.java:doStop(910)) - Stopped o.e.j.s.ServletContextHandler@391720c3{/static,jar:file:/home/user/.m2/repository/org/apache/hadoop/hadoop-hdds-container-service/0.5.0-SNAPSHOT/hadoop-hdds-container-service-0.5.0-SNAPSHOT.jar!/webapps/static,UNAVAILABLE}
2019-08-28 19:04:34,964 [ForkJoinPool.commonPool-worker-1] INFO  handler.ContextHandler (ContextHandler.java:doStop(910)) - Stopped o.e.j.s.ServletContextHandler@2b74787f{/static,jar:file:/home/user/.m2/repository/org/apache/hadoop/hadoop-hdds-container-service/0.5.0-SNAPSHOT/hadoop-hdds-container-service-0.5.0-SNAPSHOT.jar!/webapps/static,UNAVAILABLE}
2019-08-28 19:04:34,964 [main] INFO  handler.ContextHandler (ContextHandler.java:doStop(910)) - Stopped o.e.j.s.ServletContextHandler@fafbc63{/logs,file:///workdir/hadoop-ozone/integration-test/target/log,UNAVAILABLE}
2019-08-28 19:04:34,966 [ForkJoinPool.commonPool-worker-1] INFO  handler.ContextHandler (ContextHandler.java:doStop(910)) - Stopped o.e.j.s.ServletContextHandler@1828069a{/logs,file:///workdir/hadoop-ozone/integration-test/target/log,UNAVAILABLE}
2019-08-28 19:04:34,967 [main] INFO  datanode.ObjectStoreHandler (ObjectStoreHandler.java:close(155)) - Closing ObjectStoreHandler.
2019-08-28 19:04:34,968 [main] INFO  ozone.HddsDatanodeService (HddsDatanodeService.java:stop(451)) - Stopped plug-in org.apache.hadoop.ozone.web.OzoneHddsDatanodeService@10d1f6da
2019-08-28 19:04:34,968 [ForkJoinPool.commonPool-worker-1] INFO  datanode.ObjectStoreHandler (ObjectStoreHandler.java:close(155)) - Closing ObjectStoreHandler.
2019-08-28 19:04:34,968 [ForkJoinPool.commonPool-worker-1] INFO  ozone.HddsDatanodeService (HddsDatanodeService.java:stop(451)) - Stopped plug-in org.apache.hadoop.ozone.web.OzoneHddsDatanodeService@3fde6c3b
2019-08-28 19:04:35,154 [Datanode State Machine Thread - 0] INFO  statemachine.DatanodeStateMachine (DatanodeStateMachine.java:lambda$startDaemon$0(350)) - Ozone container server started.
2019-08-28 19:04:35,159 | INFO  | SCMAudit | user=jenkins1000 | ip=192.168.69.102 | op=SEND_HEARTBEAT {datanodeUUID=04b92ac3-39b2-406b-bc61-5570adcbc657, command=[commandType: closeContainerCommand closeContainerCommandProto { containerID: 2 pipelineID { id: "72f0cf05-7480-4d0d-b557-e23fa03f1a8d" } cmdId: 2 force: false } ]} | ret=SUCCESS |  
2019-08-28 19:04:35,802 | INFO  | SCMAudit | user=jenkins1000 | ip=192.168.69.102 | op=SEND_HEARTBEAT {datanodeUUID=d3473fb4-3d79-4d8b-9a93-f76ee1ee07e0, command=[]} | ret=SUCCESS |  
2019-08-28 19:04:35,897 [Datanode State Machine Thread - 0] INFO  statemachine.DatanodeStateMachine (DatanodeStateMachine.java:lambda$startDaemon$0(350)) - Ozone container server started.
2019-08-28 19:04:35,898 | INFO  | SCMAudit | user=jenkins1000 | ip=192.168.69.102 | op=SEND_HEARTBEAT {datanodeUUID=00cf7d40-ac63-4acb-9b30-bd0829021504, command=[]} | ret=SUCCESS |  
2019-08-28 19:04:36,159 | INFO  | SCMAudit | user=jenkins1000 | ip=192.168.69.102 | op=SEND_HEARTBEAT {datanodeUUID=04b92ac3-39b2-406b-bc61-5570adcbc657, command=[]} | ret=SUCCESS |  
2019-08-28 19:04:36,803 | INFO  | SCMAudit | user=jenkins1000 | ip=192.168.69.102 | op=SEND_HEARTBEAT {datanodeUUID=d3473fb4-3d79-4d8b-9a93-f76ee1ee07e0, command=[]} | ret=SUCCESS |  
2019-08-28 19:04:36,898 | INFO  | SCMAudit | user=jenkins1000 | ip=192.168.69.102 | op=SEND_HEARTBEAT {datanodeUUID=00cf7d40-ac63-4acb-9b30-bd0829021504, command=[]} | ret=SUCCESS |  
2019-08-28 19:04:37,159 | INFO  | SCMAudit | user=jenkins1000 | ip=192.168.69.102 | op=SEND_HEARTBEAT {datanodeUUID=04b92ac3-39b2-406b-bc61-5570adcbc657, command=[]} | ret=SUCCESS |  
2019-08-28 19:04:37,553 | INFO  | SCMAudit | user=jenkins1000 | ip=192.168.69.102 | op=SEND_HEARTBEAT {datanodeUUID=04b92ac3-39b2-406b-bc61-5570adcbc657, command=[]} | ret=SUCCESS |  
2019-08-28 19:04:37,553 | INFO  | SCMAudit | user=jenkins1000 | ip=192.168.69.102 | op=SEND_HEARTBEAT {datanodeUUID=00cf7d40-ac63-4acb-9b30-bd0829021504, command=[]} | ret=SUCCESS |  
2019-08-28 19:04:37,803 | INFO  | SCMAudit | user=jenkins1000 | ip=192.168.69.102 | op=SEND_HEARTBEAT {datanodeUUID=d3473fb4-3d79-4d8b-9a93-f76ee1ee07e0, command=[]} | ret=SUCCESS |  
2019-08-28 19:04:38,553 | INFO  | SCMAudit | user=jenkins1000 | ip=192.168.69.102 | op=SEND_HEARTBEAT {datanodeUUID=04b92ac3-39b2-406b-bc61-5570adcbc657, command=[]} | ret=SUCCESS |  
2019-08-28 19:04:38,553 | INFO  | SCMAudit | user=jenkins1000 | ip=192.168.69.102 | op=SEND_HEARTBEAT {datanodeUUID=00cf7d40-ac63-4acb-9b30-bd0829021504, command=[]} | ret=SUCCESS |  
2019-08-28 19:04:38,803 | INFO  | SCMAudit | user=jenkins1000 | ip=192.168.69.102 | op=SEND_HEARTBEAT {datanodeUUID=d3473fb4-3d79-4d8b-9a93-f76ee1ee07e0, command=[]} | ret=SUCCESS |  
2019-08-28 19:04:39,194 [EventQueue-StaleNodeForStaleNodeHandler] INFO  node.StaleNodeHandler (StaleNodeHandler.java:onMessage(58)) - Datanode e1b50e67-c8fe-477b-ba6a-852460aa374a{ip: 192.168.69.102, host: pr-hdds-1783-trunk-gtrxg-786569963, networkLocation: /default-rack, certSerialId: null} moved to stale state. Finalizing its pipelines [PipelineID=72f0cf05-7480-4d0d-b557-e23fa03f1a8d, PipelineID=34808f99-421c-4589-b57f-a23d97187071]
2019-08-28 19:04:39,195 [EventQueue-StaleNodeForStaleNodeHandler] INFO  pipeline.SCMPipelineManager (SCMPipelineManager.java:finalizeAndDestroyPipeline(309)) - destroying pipeline:Pipeline[ Id: 72f0cf05-7480-4d0d-b557-e23fa03f1a8d, Nodes: e1b50e67-c8fe-477b-ba6a-852460aa374a{ip: 192.168.69.102, host: pr-hdds-1783-trunk-gtrxg-786569963, networkLocation: /default-rack, certSerialId: null}ce6b780e-8dc8-43df-9fdb-a1ffb55c35f1{ip: 192.168.69.102, host: pr-hdds-1783-trunk-gtrxg-786569963, networkLocation: /default-rack, certSerialId: null}04b92ac3-39b2-406b-bc61-5570adcbc657{ip: 192.168.69.102, host: pr-hdds-1783-trunk-gtrxg-786569963, networkLocation: /default-rack, certSerialId: null}, Type:RATIS, Factor:THREE, State:CLOSED]
2019-08-28 19:04:39,195 [EventQueue-StaleNodeForStaleNodeHandler] INFO  pipeline.SCMPipelineManager (SCMPipelineManager.java:finalizeAndDestroyPipeline(309)) - destroying pipeline:Pipeline[ Id: 34808f99-421c-4589-b57f-a23d97187071, Nodes: e1b50e67-c8fe-477b-ba6a-852460aa374a{ip: 192.168.69.102, host: pr-hdds-1783-trunk-gtrxg-786569963, networkLocation: /default-rack, certSerialId: null}, Type:RATIS, Factor:ONE, State:OPEN]
2019-08-28 19:04:39,195 [EventQueue-StaleNodeForStaleNodeHandler] INFO  pipeline.PipelineStateManager (PipelineStateManager.java:finalizePipeline(123)) - Pipeline Pipeline[ Id: 34808f99-421c-4589-b57f-a23d97187071, Nodes: e1b50e67-c8fe-477b-ba6a-852460aa374a{ip: 192.168.69.102, host: pr-hdds-1783-trunk-gtrxg-786569963, networkLocation: /default-rack, certSerialId: null}, Type:RATIS, Factor:ONE, State:CLOSED] moved to CLOSED state
2019-08-28 19:04:39,553 | INFO  | SCMAudit | user=jenkins1000 | ip=192.168.69.102 | op=SEND_HEARTBEAT {datanodeUUID=04b92ac3-39b2-406b-bc61-5570adcbc657, command=[]} | ret=SUCCESS |  
2019-08-28 19:04:39,553 | INFO  | SCMAudit | user=jenkins1000 | ip=192.168.69.102 | op=SEND_HEARTBEAT {datanodeUUID=00cf7d40-ac63-4acb-9b30-bd0829021504, command=[]} | ret=SUCCESS |  
2019-08-28 19:04:39,803 | INFO  | SCMAudit | user=jenkins1000 | ip=192.168.69.102 | op=SEND_HEARTBEAT {datanodeUUID=d3473fb4-3d79-4d8b-9a93-f76ee1ee07e0, command=[]} | ret=SUCCESS |  
2019-08-28 19:04:39,968 [main] INFO  ozoneimpl.OzoneContainer (OzoneContainer.java:stop(199)) - Attempting to stop container services.
2019-08-28 19:04:39,969 [ForkJoinPool.commonPool-worker-1] INFO  ozoneimpl.OzoneContainer (OzoneContainer.java:stop(199)) - Attempting to stop container services.
2019-08-28 19:04:39,969 [main] INFO  impl.RaftServerProxy (RaftServerProxy.java:lambda$close$4(314)) - e1b50e67-c8fe-477b-ba6a-852460aa374a: close
2019-08-28 19:04:39,969 [ForkJoinPool.commonPool-worker-1] INFO  impl.RaftServerProxy (RaftServerProxy.java:lambda$close$4(314)) - 00cb801d-97e1-4292-a478-3bdac0cd726d: close
2019-08-28 19:04:39,970 [main] INFO  impl.RaftServerImpl (RaftServerImpl.java:lambda$shutdown$3(245)) - e1b50e67-c8fe-477b-ba6a-852460aa374a: shutdown group-E23FA03F1A8D
2019-08-28 19:04:39,970 [ForkJoinPool.commonPool-worker-1] INFO  impl.RaftServerImpl (RaftServerImpl.java:lambda$shutdown$3(245)) - 00cb801d-97e1-4292-a478-3bdac0cd726d: shutdown group-B83E8685FE49
2019-08-28 19:04:39,970 [main] INFO  util.JmxRegister (JmxRegister.java:unregister(73)) - Successfully un-registered JMX Bean with object name Ratis:service=RaftServer,group=group-E23FA03F1A8D,id=e1b50e67-c8fe-477b-ba6a-852460aa374a
2019-08-28 19:04:39,970 [ForkJoinPool.commonPool-worker-1] INFO  util.JmxRegister (JmxRegister.java:unregister(73)) - Successfully un-registered JMX Bean with object name Ratis:service=RaftServer,group=group-B83E8685FE49,id=00cb801d-97e1-4292-a478-3bdac0cd726d
2019-08-28 19:04:39,971 [main] INFO  impl.RoleInfo (RoleInfo.java:shutdownFollowerState(121)) - e1b50e67-c8fe-477b-ba6a-852460aa374a: shutdown FollowerState
2019-08-28 19:04:39,971 [ForkJoinPool.commonPool-worker-1] INFO  impl.RoleInfo (RoleInfo.java:shutdownFollowerState(121)) - 00cb801d-97e1-4292-a478-3bdac0cd726d: shutdown FollowerState
2019-08-28 19:04:39,971 [StateMachineUpdater:e1b50e67-c8fe-477b-ba6a-852460aa374a:group-E23FA03F1A8D] INFO  ratis.ContainerStateMachine (ContainerStateMachine.java:takeSnapshot(283)) - group-E23FA03F1A8D: Taking a snapshot at:(t:4, i:16) file /workdir/hadoop-ozone/integration-test/target/test-dir/MiniOzoneClusterImpl-707007af-a3e3-45d7-ab83-09aed58cd643/datanode-3/data/ratis/72f0cf05-7480-4d0d-b557-e23fa03f1a8d/sm/snapshot.4_16
2019-08-28 19:04:39,971 [Thread-4959] INFO  impl.FollowerState (FollowerState.java:run(114)) - e1b50e67-c8fe-477b-ba6a-852460aa374a: FollowerState was interrupted: java.lang.InterruptedException: sleep interrupted
2019-08-28 19:04:39,971 [main] INFO  impl.StateMachineUpdater (StateMachineUpdater.java:stopAndJoin(115)) - StateMachineUpdater:e1b50e67-c8fe-477b-ba6a-852460aa374a:group-E23FA03F1A8D: set stopIndex = 16
2019-08-28 19:04:39,971 [Thread-4682] INFO  impl.FollowerState (FollowerState.java:run(114)) - 00cb801d-97e1-4292-a478-3bdac0cd726d: FollowerState was interrupted: java.lang.InterruptedException: sleep interrupted
2019-08-28 19:04:39,971 [StateMachineUpdater:00cb801d-97e1-4292-a478-3bdac0cd726d:group-B83E8685FE49] INFO  ratis.ContainerStateMachine (ContainerStateMachine.java:takeSnapshot(283)) - group-B83E8685FE49: Taking a snapshot at:(t:1, i:21) file /workdir/hadoop-ozone/integration-test/target/test-dir/MiniOzoneClusterImpl-707007af-a3e3-45d7-ab83-09aed58cd643/datanode-2/data/ratis/e5a27023-b46a-4adb-9cab-b83e8685fe49/sm/snapshot.1_21
2019-08-28 19:04:39,971 [ForkJoinPool.commonPool-worker-1] INFO  impl.StateMachineUpdater (StateMachineUpdater.java:stopAndJoin(115)) - StateMachineUpdater:00cb801d-97e1-4292-a478-3bdac0cd726d:group-B83E8685FE49: set stopIndex = 22
2019-08-28 19:04:39,987 [StateMachineUpdater:00cb801d-97e1-4292-a478-3bdac0cd726d:group-B83E8685FE49] INFO  ratis.ContainerStateMachine (ContainerStateMachine.java:takeSnapshot(294)) - group-B83E8685FE49: Finished taking a snapshot at:(t:1, i:21) file:/workdir/hadoop-ozone/integration-test/target/test-dir/MiniOzoneClusterImpl-707007af-a3e3-45d7-ab83-09aed58cd643/datanode-2/data/ratis/e5a27023-b46a-4adb-9cab-b83e8685fe49/sm/snapshot.1_21 time:16
2019-08-28 19:04:39,987 [StateMachineUpdater:00cb801d-97e1-4292-a478-3bdac0cd726d:group-B83E8685FE49] INFO  impl.StateMachineUpdater (StateMachineUpdater.java:takeSnapshot(242)) - StateMachineUpdater:00cb801d-97e1-4292-a478-3bdac0cd726d:group-B83E8685FE49: Took a snapshot at index 21
2019-08-28 19:04:39,987 [StateMachineUpdater:e1b50e67-c8fe-477b-ba6a-852460aa374a:group-E23FA03F1A8D] INFO  ratis.ContainerStateMachine (ContainerStateMachine.java:takeSnapshot(294)) - group-E23FA03F1A8D: Finished taking a snapshot at:(t:4, i:16) file:/workdir/hadoop-ozone/integration-test/target/test-dir/MiniOzoneClusterImpl-707007af-a3e3-45d7-ab83-09aed58cd643/datanode-3/data/ratis/72f0cf05-7480-4d0d-b557-e23fa03f1a8d/sm/snapshot.4_16 time:16
2019-08-28 19:04:39,987 [StateMachineUpdater:00cb801d-97e1-4292-a478-3bdac0cd726d:group-B83E8685FE49] INFO  impl.StateMachineUpdater (StateMachineUpdater.java:lambda$new$0(80)) - StateMachineUpdater:00cb801d-97e1-4292-a478-3bdac0cd726d:group-B83E8685FE49: snapshotIndex: updateIncreasingly -1 -> 21
2019-08-28 19:04:39,987 [StateMachineUpdater:e1b50e67-c8fe-477b-ba6a-852460aa374a:group-E23FA03F1A8D] INFO  impl.StateMachineUpdater (StateMachineUpdater.java:takeSnapshot(242)) - StateMachineUpdater:e1b50e67-c8fe-477b-ba6a-852460aa374a:group-E23FA03F1A8D: Took a snapshot at index 16
2019-08-28 19:04:39,988 [StateMachineUpdater:e1b50e67-c8fe-477b-ba6a-852460aa374a:group-E23FA03F1A8D] INFO  impl.StateMachineUpdater (StateMachineUpdater.java:lambda$new$0(80)) - StateMachineUpdater:e1b50e67-c8fe-477b-ba6a-852460aa374a:group-E23FA03F1A8D: snapshotIndex: updateIncreasingly -1 -> 16
2019-08-28 19:04:39,988 [ForkJoinPool.commonPool-worker-1] INFO  impl.RaftServerImpl (ServerState.java:close(394)) - 00cb801d-97e1-4292-a478-3bdac0cd726d:group-B83E8685FE49 closes. The last applied log index is 22
2019-08-28 19:04:39,988 [main] INFO  impl.RaftServerImpl (ServerState.java:close(394)) - e1b50e67-c8fe-477b-ba6a-852460aa374a:group-E23FA03F1A8D closes. The last applied log index is 16
2019-08-28 19:04:39,988 [00cb801d-97e1-4292-a478-3bdac0cd726d-SegmentedRaftLogWorker:Storage Directory /workdir/hadoop-ozone/integration-test/target/test-dir/MiniOzoneClusterImpl-707007af-a3e3-45d7-ab83-09aed58cd643/datanode-2/data/ratis/e5a27023-b46a-4adb-9cab-b83e8685fe49] INFO  segmented.SegmentedRaftLogWorker (SegmentedRaftLogWorker.java:run(313)) - 00cb801d-97e1-4292-a478-3bdac0cd726d-SegmentedRaftLogWorker:Storage Directory /workdir/hadoop-ozone/integration-test/target/test-dir/MiniOzoneClusterImpl-707007af-a3e3-45d7-ab83-09aed58cd643/datanode-2/data/ratis/e5a27023-b46a-4adb-9cab-b83e8685fe49 was interrupted, exiting. There are 0 tasks remaining in the queue.
2019-08-28 19:04:39,989 [e1b50e67-c8fe-477b-ba6a-852460aa374a-SegmentedRaftLogWorker:Storage Directory /workdir/hadoop-ozone/integration-test/target/test-dir/MiniOzoneClusterImpl-707007af-a3e3-45d7-ab83-09aed58cd643/datanode-3/data/ratis/72f0cf05-7480-4d0d-b557-e23fa03f1a8d] INFO  segmented.SegmentedRaftLogWorker (SegmentedRaftLogWorker.java:run(313)) - e1b50e67-c8fe-477b-ba6a-852460aa374a-SegmentedRaftLogWorker:Storage Directory /workdir/hadoop-ozone/integration-test/target/test-dir/MiniOzoneClusterImpl-707007af-a3e3-45d7-ab83-09aed58cd643/datanode-3/data/ratis/72f0cf05-7480-4d0d-b557-e23fa03f1a8d was interrupted, exiting. There are 0 tasks remaining in the queue.
2019-08-28 19:04:39,991 [ForkJoinPool.commonPool-worker-1] INFO  segmented.SegmentedRaftLogWorker (SegmentedRaftLogWorker.java:close(228)) - 00cb801d-97e1-4292-a478-3bdac0cd726d-SegmentedRaftLogWorker:Storage Directory /workdir/hadoop-ozone/integration-test/target/test-dir/MiniOzoneClusterImpl-707007af-a3e3-45d7-ab83-09aed58cd643/datanode-2/data/ratis/e5a27023-b46a-4adb-9cab-b83e8685fe49 close()
2019-08-28 19:04:39,993 [main] INFO  segmented.SegmentedRaftLogWorker (SegmentedRaftLogWorker.java:close(228)) - e1b50e67-c8fe-477b-ba6a-852460aa374a-SegmentedRaftLogWorker:Storage Directory /workdir/hadoop-ozone/integration-test/target/test-dir/MiniOzoneClusterImpl-707007af-a3e3-45d7-ab83-09aed58cd643/datanode-3/data/ratis/72f0cf05-7480-4d0d-b557-e23fa03f1a8d close()
2019-08-28 19:04:39,996 [EventQueue-StaleNodeForStaleNodeHandler] INFO  node.StaleNodeHandler (StaleNodeHandler.java:onMessage(58)) - Datanode 00cb801d-97e1-4292-a478-3bdac0cd726d{ip: 192.168.69.102, host: pr-hdds-1783-trunk-gtrxg-786569963, networkLocation: /default-rack, certSerialId: null} moved to stale state. Finalizing its pipelines [PipelineID=e5a27023-b46a-4adb-9cab-b83e8685fe49, PipelineID=5458d3ff-65ea-4733-9280-52906c2ad0ce]
2019-08-28 19:04:39,996 [ForkJoinPool.commonPool-worker-1] INFO  impl.RaftServerImpl (RaftServerImpl.java:lambda$shutdown$3(245)) - 00cb801d-97e1-4292-a478-3bdac0cd726d: shutdown group-52906C2AD0CE
2019-08-28 19:04:40,000 [EventQueue-StaleNodeForStaleNodeHandler] INFO  pipeline.SCMPipelineManager (SCMPipelineManager.java:finalizeAndDestroyPipeline(309)) - destroying pipeline:Pipeline[ Id: e5a27023-b46a-4adb-9cab-b83e8685fe49, Nodes: 00cb801d-97e1-4292-a478-3bdac0cd726d{ip: 192.168.69.102, host: pr-hdds-1783-trunk-gtrxg-786569963, networkLocation: /default-rack, certSerialId: null}00cf7d40-ac63-4acb-9b30-bd0829021504{ip: 192.168.69.102, host: pr-hdds-1783-trunk-gtrxg-786569963, networkLocation: /default-rack, certSerialId: null}adfa36b7-498a-4b65-9252-7ca31df0730f{ip: 192.168.69.102, host: pr-hdds-1783-trunk-gtrxg-786569963, networkLocation: /default-rack, certSerialId: null}, Type:RATIS, Factor:THREE, State:CLOSED]
2019-08-28 19:04:39,999 [main] INFO  impl.RaftServerImpl (RaftServerImpl.java:lambda$shutdown$3(245)) - e1b50e67-c8fe-477b-ba6a-852460aa374a: shutdown group-A23D97187071
2019-08-28 19:04:40,000 [EventQueue-StaleNodeForStaleNodeHandler] INFO  pipeline.SCMPipelineManager (SCMPipelineManager.java:finalizeAndDestroyPipeline(309)) - destroying pipeline:Pipeline[ Id: 5458d3ff-65ea-4733-9280-52906c2ad0ce, Nodes: 00cb801d-97e1-4292-a478-3bdac0cd726d{ip: 192.168.69.102, host: pr-hdds-1783-trunk-gtrxg-786569963, networkLocation: /default-rack, certSerialId: null}, Type:RATIS, Factor:ONE, State:OPEN]
2019-08-28 19:04:40,000 [ForkJoinPool.commonPool-worker-1] INFO  util.JmxRegister (JmxRegister.java:unregister(73)) - Successfully un-registered JMX Bean with object name Ratis:service=RaftServer,group=group-52906C2AD0CE,id=00cb801d-97e1-4292-a478-3bdac0cd726d
2019-08-28 19:04:40,001 [EventQueue-StaleNodeForStaleNodeHandler] INFO  pipeline.PipelineStateManager (PipelineStateManager.java:finalizePipeline(123)) - Pipeline Pipeline[ Id: 5458d3ff-65ea-4733-9280-52906c2ad0ce, Nodes: 00cb801d-97e1-4292-a478-3bdac0cd726d{ip: 192.168.69.102, host: pr-hdds-1783-trunk-gtrxg-786569963, networkLocation: /default-rack, certSerialId: null}, Type:RATIS, Factor:ONE, State:CLOSED] moved to CLOSED state
2019-08-28 19:04:40,000 [main] INFO  util.JmxRegister (JmxRegister.java:unregister(73)) - Successfully un-registered JMX Bean with object name Ratis:service=RaftServer,group=group-A23D97187071,id=e1b50e67-c8fe-477b-ba6a-852460aa374a
2019-08-28 19:04:40,001 [main] INFO  impl.RoleInfo (RoleInfo.java:shutdownLeaderState(104)) - e1b50e67-c8fe-477b-ba6a-852460aa374a: shutdown LeaderState
2019-08-28 19:04:40,001 [ForkJoinPool.commonPool-worker-1] INFO  impl.RoleInfo (RoleInfo.java:shutdownLeaderState(104)) - 00cb801d-97e1-4292-a478-3bdac0cd726d: shutdown LeaderState
2019-08-28 19:04:40,002 [main] INFO  impl.PendingRequests (PendingRequests.java:sendNotLeaderResponses(202)) - e1b50e67-c8fe-477b-ba6a-852460aa374a-PendingRequests: sendNotLeaderResponses
2019-08-28 19:04:40,002 [ForkJoinPool.commonPool-worker-1] INFO  impl.PendingRequests (PendingRequests.java:sendNotLeaderResponses(202)) - 00cb801d-97e1-4292-a478-3bdac0cd726d-PendingRequests: sendNotLeaderResponses
2019-08-28 19:04:40,003 [main] INFO  impl.StateMachineUpdater (StateMachineUpdater.java:stopAndJoin(115)) - StateMachineUpdater:e1b50e67-c8fe-477b-ba6a-852460aa374a:group-A23D97187071: set stopIndex = 0
2019-08-28 19:04:40,003 [ForkJoinPool.commonPool-worker-1] INFO  impl.StateMachineUpdater (StateMachineUpdater.java:stopAndJoin(115)) - StateMachineUpdater:00cb801d-97e1-4292-a478-3bdac0cd726d:group-52906C2AD0CE: set stopIndex = 0
2019-08-28 19:04:40,003 [main] INFO  impl.RaftServerImpl (ServerState.java:close(394)) - e1b50e67-c8fe-477b-ba6a-852460aa374a:group-A23D97187071 closes. The last applied log index is 0
2019-08-28 19:04:40,003 [ForkJoinPool.commonPool-worker-1] INFO  impl.RaftServerImpl (ServerState.java:close(394)) - 00cb801d-97e1-4292-a478-3bdac0cd726d:group-52906C2AD0CE closes. The last applied log index is 0
2019-08-28 19:04:40,004 [e1b50e67-c8fe-477b-ba6a-852460aa374a-SegmentedRaftLogWorker:Storage Directory /workdir/hadoop-ozone/integration-test/target/test-dir/MiniOzoneClusterImpl-707007af-a3e3-45d7-ab83-09aed58cd643/datanode-3/data/ratis/34808f99-421c-4589-b57f-a23d97187071] INFO  segmented.SegmentedRaftLogWorker (SegmentedRaftLogWorker.java:run(313)) - e1b50e67-c8fe-477b-ba6a-852460aa374a-SegmentedRaftLogWorker:Storage Directory /workdir/hadoop-ozone/integration-test/target/test-dir/MiniOzoneClusterImpl-707007af-a3e3-45d7-ab83-09aed58cd643/datanode-3/data/ratis/34808f99-421c-4589-b57f-a23d97187071 was interrupted, exiting. There are 0 tasks remaining in the queue.
2019-08-28 19:04:40,004 [00cb801d-97e1-4292-a478-3bdac0cd726d-SegmentedRaftLogWorker:Storage Directory /workdir/hadoop-ozone/integration-test/target/test-dir/MiniOzoneClusterImpl-707007af-a3e3-45d7-ab83-09aed58cd643/datanode-2/data/ratis/5458d3ff-65ea-4733-9280-52906c2ad0ce] INFO  segmented.SegmentedRaftLogWorker (SegmentedRaftLogWorker.java:run(313)) - 00cb801d-97e1-4292-a478-3bdac0cd726d-SegmentedRaftLogWorker:Storage Directory /workdir/hadoop-ozone/integration-test/target/test-dir/MiniOzoneClusterImpl-707007af-a3e3-45d7-ab83-09aed58cd643/datanode-2/data/ratis/5458d3ff-65ea-4733-9280-52906c2ad0ce was interrupted, exiting. There are 0 tasks remaining in the queue.
2019-08-28 19:04:40,006 [main] INFO  segmented.SegmentedRaftLogWorker (SegmentedRaftLogWorker.java:close(228)) - e1b50e67-c8fe-477b-ba6a-852460aa374a-SegmentedRaftLogWorker:Storage Directory /workdir/hadoop-ozone/integration-test/target/test-dir/MiniOzoneClusterImpl-707007af-a3e3-45d7-ab83-09aed58cd643/datanode-3/data/ratis/34808f99-421c-4589-b57f-a23d97187071 close()
2019-08-28 19:04:40,007 [ForkJoinPool.commonPool-worker-1] INFO  segmented.SegmentedRaftLogWorker (SegmentedRaftLogWorker.java:close(228)) - 00cb801d-97e1-4292-a478-3bdac0cd726d-SegmentedRaftLogWorker:Storage Directory /workdir/hadoop-ozone/integration-test/target/test-dir/MiniOzoneClusterImpl-707007af-a3e3-45d7-ab83-09aed58cd643/datanode-2/data/ratis/5458d3ff-65ea-4733-9280-52906c2ad0ce close()
2019-08-28 19:04:40,010 [main] INFO  server.GrpcService (GrpcService.java:closeImpl(155)) - e1b50e67-c8fe-477b-ba6a-852460aa374a: shutdown server with port 34045 now
2019-08-28 19:04:40,013 [ForkJoinPool.commonPool-worker-1] INFO  server.GrpcService (GrpcService.java:closeImpl(155)) - 00cb801d-97e1-4292-a478-3bdac0cd726d: shutdown server with port 37747 now
2019-08-28 19:04:40,013 [ForkJoinPool.commonPool-worker-1] INFO  server.GrpcService (GrpcService.java:closeImpl(163)) - 00cb801d-97e1-4292-a478-3bdac0cd726d: shutdown server with port 37747 successfully
2019-08-28 19:04:40,014 [main] INFO  server.GrpcService (GrpcService.java:closeImpl(163)) - e1b50e67-c8fe-477b-ba6a-852460aa374a: shutdown server with port 34045 successfully
2019-08-28 19:04:40,015 [ForkJoinPool.commonPool-worker-1] INFO  utils.BackgroundService (BackgroundService.java:shutdown(148)) - Shutting down service BlockDeletingService
2019-08-28 19:04:40,016 [refreshUsed-/workdir/hadoop-ozone/integration-test/target/test-dir/MiniOzoneClusterImpl-707007af-a3e3-45d7-ab83-09aed58cd643/datanode-2/data/containers] WARN  fs.CachingGetSpaceUsed (CachingGetSpaceUsed.java:run(183)) - Thread Interrupted waiting to refresh disk information: sleep interrupted
2019-08-28 19:04:40,017 [main] INFO  utils.BackgroundService (BackgroundService.java:shutdown(148)) - Shutting down service BlockDeletingService
2019-08-28 19:04:40,019 [refreshUsed-/workdir/hadoop-ozone/integration-test/target/test-dir/MiniOzoneClusterImpl-707007af-a3e3-45d7-ab83-09aed58cd643/datanode-3/data/containers] WARN  fs.CachingGetSpaceUsed (CachingGetSpaceUsed.java:run(183)) - Thread Interrupted waiting to refresh disk information: sleep interrupted
2019-08-28 19:04:40,036 [ForkJoinPool.commonPool-worker-1] INFO  statemachine.DatanodeStateMachine (DatanodeStateMachine.java:stopDaemon(395)) - Ozone container server stopped.
2019-08-28 19:04:40,049 [ForkJoinPool.commonPool-worker-1] INFO  handler.ContextHandler (ContextHandler.java:doStop(910)) - Stopped o.e.j.w.WebAppContext@40a923e6{/,null,UNAVAILABLE}{/hddsDatanode}
2019-08-28 19:04:40,050 [ForkJoinPool.commonPool-worker-1] INFO  server.AbstractConnector (AbstractConnector.java:doStop(318)) - Stopped ServerConnector@2a153531{HTTP/1.1,[http/1.1]}{0.0.0.0:0}
2019-08-28 19:04:40,051 [ForkJoinPool.commonPool-worker-1] INFO  handler.ContextHandler (ContextHandler.java:doStop(910)) - Stopped o.e.j.s.ServletContextHandler@17ed6578{/static,jar:file:/home/user/.m2/repository/org/apache/hadoop/hadoop-hdds-container-service/0.5.0-SNAPSHOT/hadoop-hdds-container-service-0.5.0-SNAPSHOT.jar!/webapps/static,UNAVAILABLE}
2019-08-28 19:04:40,052 [ForkJoinPool.commonPool-worker-1] INFO  handler.ContextHandler (ContextHandler.java:doStop(910)) - Stopped o.e.j.s.ServletContextHandler@8dbe78f{/logs,file:///workdir/hadoop-ozone/integration-test/target/log,UNAVAILABLE}
2019-08-28 19:04:40,053 [ForkJoinPool.commonPool-worker-1] INFO  datanode.ObjectStoreHandler (ObjectStoreHandler.java:close(155)) - Closing ObjectStoreHandler.
2019-08-28 19:04:40,053 [ForkJoinPool.commonPool-worker-1] INFO  ozone.HddsDatanodeService (HddsDatanodeService.java:stop(451)) - Stopped plug-in org.apache.hadoop.ozone.web.OzoneHddsDatanodeService@2c73a332
2019-08-28 19:04:40,060 [main] INFO  statemachine.DatanodeStateMachine (DatanodeStateMachine.java:stopDaemon(395)) - Ozone container server stopped.
2019-08-28 19:04:40,061 [main] INFO  handler.ContextHandler (ContextHandler.java:doStop(910)) - Stopped o.e.j.w.WebAppContext@62a1bc26{/,null,UNAVAILABLE}{/hddsDatanode}
2019-08-28 19:04:40,061 [main] INFO  server.AbstractConnector (AbstractConnector.java:doStop(318)) - Stopped ServerConnector@1bff70a6{HTTP/1.1,[http/1.1]}{0.0.0.0:0}
2019-08-28 19:04:40,062 [main] INFO  handler.ContextHandler (ContextHandler.java:doStop(910)) - Stopped o.e.j.s.ServletContextHandler@2aaa5122{/static,jar:file:/home/user/.m2/repository/org/apache/hadoop/hadoop-hdds-container-service/0.5.0-SNAPSHOT/hadoop-hdds-container-service-0.5.0-SNAPSHOT.jar!/webapps/static,UNAVAILABLE}
2019-08-28 19:04:40,062 [main] INFO  handler.ContextHandler (ContextHandler.java:doStop(910)) - Stopped o.e.j.s.ServletContextHandler@75e00044{/logs,file:///workdir/hadoop-ozone/integration-test/target/log,UNAVAILABLE}
2019-08-28 19:04:40,063 [main] INFO  datanode.ObjectStoreHandler (ObjectStoreHandler.java:close(155)) - Closing ObjectStoreHandler.
2019-08-28 19:04:40,063 [main] INFO  ozone.HddsDatanodeService (HddsDatanodeService.java:stop(451)) - Stopped plug-in org.apache.hadoop.ozone.web.OzoneHddsDatanodeService@32f6d000
2019-08-28 19:04:40,544 [Thread-4681] INFO  impl.FollowerState (FollowerState.java:run(106)) - 00cf7d40-ac63-4acb-9b30-bd0829021504:group-B83E8685FE49 changes to CANDIDATE, lastRpcTime:6581, electionTimeout:5142ms
2019-08-28 19:04:40,544 [Thread-4681] INFO  impl.RoleInfo (RoleInfo.java:shutdownFollowerState(121)) - 00cf7d40-ac63-4acb-9b30-bd0829021504: shutdown FollowerState
2019-08-28 19:04:40,544 [Thread-4681] INFO  impl.RaftServerImpl (RaftServerImpl.java:setRole(171)) - 00cf7d40-ac63-4acb-9b30-bd0829021504:group-B83E8685FE49 changes role from FOLLOWER to CANDIDATE at term 1 for changeToCandidate
2019-08-28 19:04:40,545 [Thread-4681] INFO  impl.RoleInfo (RoleInfo.java:updateAndGet(143)) - 00cf7d40-ac63-4acb-9b30-bd0829021504: start LeaderElection
2019-08-28 19:04:40,545 [00cf7d40-ac63-4acb-9b30-bd0829021504:group-B83E8685FE49:LeaderElection115] INFO  impl.RaftServerImpl (ServerState.java:setLeader(263)) - 00cf7d40-ac63-4acb-9b30-bd0829021504:group-B83E8685FE49 change Leader from adfa36b7-498a-4b65-9252-7ca31df0730f to null at term 1 for initElection
2019-08-28 19:04:40,553 [Datanode State Machine Thread - 0] INFO  statemachine.DatanodeStateMachine (DatanodeStateMachine.java:lambda$startDaemon$0(350)) - Ozone container server started.
2019-08-28 19:04:40,554 | INFO  | SCMAudit | user=jenkins1000 | ip=192.168.69.102 | op=SEND_HEARTBEAT {datanodeUUID=04b92ac3-39b2-406b-bc61-5570adcbc657, command=[]} | ret=SUCCESS |  
2019-08-28 19:04:40,576 [00cf7d40-ac63-4acb-9b30-bd0829021504:group-B83E8685FE49:LeaderElection115] INFO  impl.LeaderElection (LeaderElection.java:askForVotes(181)) - 00cf7d40-ac63-4acb-9b30-bd0829021504:group-B83E8685FE49:LeaderElection115: begin an election at term 2 for 0: [adfa36b7-498a-4b65-9252-7ca31df0730f:192.168.69.102:35284, 00cb801d-97e1-4292-a478-3bdac0cd726d:192.168.69.102:37747, 00cf7d40-ac63-4acb-9b30-bd0829021504:192.168.69.102:33352], old=null
2019-08-28 19:04:40,578 [00cf7d40-ac63-4acb-9b30-bd0829021504:group-B83E8685FE49:LeaderElection115] INFO  impl.LeaderElection (LogUtils.java:infoOrTrace(149)) - 00cf7d40-ac63-4acb-9b30-bd0829021504:group-B83E8685FE49:LeaderElection115 got exception when requesting votes: {}
java.util.concurrent.ExecutionException: org.apache.ratis.thirdparty.io.grpc.StatusRuntimeException: UNAVAILABLE: io exception
	at java.util.concurrent.FutureTask.report(FutureTask.java:122)
	at java.util.concurrent.FutureTask.get(FutureTask.java:192)
	at org.apache.ratis.server.impl.LeaderElection.waitForResults(LeaderElection.java:262)
	at org.apache.ratis.server.impl.LeaderElection.askForVotes(LeaderElection.java:200)
	at org.apache.ratis.server.impl.LeaderElection.run(LeaderElection.java:130)
	at java.lang.Thread.run(Thread.java:748)
Caused by: org.apache.ratis.thirdparty.io.grpc.StatusRuntimeException: UNAVAILABLE: io exception
	at org.apache.ratis.thirdparty.io.grpc.stub.ClientCalls.toStatusRuntimeException(ClientCalls.java:233)
	at org.apache.ratis.thirdparty.io.grpc.stub.ClientCalls.getUnchecked(ClientCalls.java:214)
	at org.apache.ratis.thirdparty.io.grpc.stub.ClientCalls.blockingUnaryCall(ClientCalls.java:139)
	at org.apache.ratis.proto.grpc.RaftServerProtocolServiceGrpc$RaftServerProtocolServiceBlockingStub.requestVote(RaftServerProtocolServiceGrpc.java:265)
	at org.apache.ratis.grpc.server.GrpcServerProtocolClient.requestVote(GrpcServerProtocolClient.java:83)
	at org.apache.ratis.grpc.server.GrpcService.requestVote(GrpcService.java:195)
	at org.apache.ratis.server.impl.LeaderElection.lambda$submitRequests$1(LeaderElection.java:237)
	at java.util.concurrent.FutureTask.run(FutureTask.java:266)
	at java.util.concurrent.Executors$RunnableAdapter.call(Executors.java:511)
	at java.util.concurrent.FutureTask.run(FutureTask.java:266)
	at java.util.concurrent.ThreadPoolExecutor.runWorker(ThreadPoolExecutor.java:1149)
	at java.util.concurrent.ThreadPoolExecutor$Worker.run(ThreadPoolExecutor.java:624)
	... 1 more
Caused by: org.apache.ratis.thirdparty.io.netty.channel.AbstractChannel$AnnotatedConnectException: Connection refused: /192.168.69.102:37747
	at sun.nio.ch.SocketChannelImpl.checkConnect(Native Method)
	at sun.nio.ch.SocketChannelImpl.finishConnect(SocketChannelImpl.java:717)
	at org.apache.ratis.thirdparty.io.netty.channel.socket.nio.NioSocketChannel.doFinishConnect(NioSocketChannel.java:327)
	at org.apache.ratis.thirdparty.io.netty.channel.nio.AbstractNioChannel$AbstractNioUnsafe.finishConnect(AbstractNioChannel.java:340)
	at org.apache.ratis.thirdparty.io.netty.channel.nio.NioEventLoop.processSelectedKey(NioEventLoop.java:632)
	at org.apache.ratis.thirdparty.io.netty.channel.nio.NioEventLoop.processSelectedKeysOptimized(NioEventLoop.java:579)
	at org.apache.ratis.thirdparty.io.netty.channel.nio.NioEventLoop.processSelectedKeys(NioEventLoop.java:496)
	at org.apache.ratis.thirdparty.io.netty.channel.nio.NioEventLoop.run(NioEventLoop.java:458)
	at org.apache.ratis.thirdparty.io.netty.util.concurrent.SingleThreadEventExecutor$5.run(SingleThreadEventExecutor.java:897)
	at org.apache.ratis.thirdparty.io.netty.util.concurrent.FastThreadLocalRunnable.run(FastThreadLocalRunnable.java:30)
	... 1 more
Caused by: java.net.ConnectException: Connection refused
	... 11 more
2019-08-28 19:04:40,581 [00cf7d40-ac63-4acb-9b30-bd0829021504:group-B83E8685FE49:LeaderElection115] INFO  impl.LeaderElection (LogUtils.java:infoOrTrace(149)) - 00cf7d40-ac63-4acb-9b30-bd0829021504:group-B83E8685FE49:LeaderElection115 got exception when requesting votes: {}
java.util.concurrent.ExecutionException: org.apache.ratis.thirdparty.io.grpc.StatusRuntimeException: UNAVAILABLE: io exception
	at java.util.concurrent.FutureTask.report(FutureTask.java:122)
	at java.util.concurrent.FutureTask.get(FutureTask.java:192)
	at org.apache.ratis.server.impl.LeaderElection.waitForResults(LeaderElection.java:262)
	at org.apache.ratis.server.impl.LeaderElection.askForVotes(LeaderElection.java:200)
	at org.apache.ratis.server.impl.LeaderElection.run(LeaderElection.java:130)
	at java.lang.Thread.run(Thread.java:748)
Caused by: org.apache.ratis.thirdparty.io.grpc.StatusRuntimeException: UNAVAILABLE: io exception
	at org.apache.ratis.thirdparty.io.grpc.stub.ClientCalls.toStatusRuntimeException(ClientCalls.java:233)
	at org.apache.ratis.thirdparty.io.grpc.stub.ClientCalls.getUnchecked(ClientCalls.java:214)
	at org.apache.ratis.thirdparty.io.grpc.stub.ClientCalls.blockingUnaryCall(ClientCalls.java:139)
	at org.apache.ratis.proto.grpc.RaftServerProtocolServiceGrpc$RaftServerProtocolServiceBlockingStub.requestVote(RaftServerProtocolServiceGrpc.java:265)
	at org.apache.ratis.grpc.server.GrpcServerProtocolClient.requestVote(GrpcServerProtocolClient.java:83)
	at org.apache.ratis.grpc.server.GrpcService.requestVote(GrpcService.java:195)
	at org.apache.ratis.server.impl.LeaderElection.lambda$submitRequests$1(LeaderElection.java:237)
	at java.util.concurrent.FutureTask.run(FutureTask.java:266)
	at java.util.concurrent.Executors$RunnableAdapter.call(Executors.java:511)
	at java.util.concurrent.FutureTask.run(FutureTask.java:266)
	at java.util.concurrent.ThreadPoolExecutor.runWorker(ThreadPoolExecutor.java:1149)
	at java.util.concurrent.ThreadPoolExecutor$Worker.run(ThreadPoolExecutor.java:624)
	... 1 more
Caused by: org.apache.ratis.thirdparty.io.netty.channel.AbstractChannel$AnnotatedConnectException: Connection refused: /192.168.69.102:35284
	at sun.nio.ch.SocketChannelImpl.checkConnect(Native Method)
	at sun.nio.ch.SocketChannelImpl.finishConnect(SocketChannelImpl.java:717)
	at org.apache.ratis.thirdparty.io.netty.channel.socket.nio.NioSocketChannel.doFinishConnect(NioSocketChannel.java:327)
	at org.apache.ratis.thirdparty.io.netty.channel.nio.AbstractNioChannel$AbstractNioUnsafe.finishConnect(AbstractNioChannel.java:340)
	at org.apache.ratis.thirdparty.io.netty.channel.nio.NioEventLoop.processSelectedKey(NioEventLoop.java:632)
	at org.apache.ratis.thirdparty.io.netty.channel.nio.NioEventLoop.processSelectedKeysOptimized(NioEventLoop.java:579)
	at org.apache.ratis.thirdparty.io.netty.channel.nio.NioEventLoop.processSelectedKeys(NioEventLoop.java:496)
	at org.apache.ratis.thirdparty.io.netty.channel.nio.NioEventLoop.run(NioEventLoop.java:458)
	at org.apache.ratis.thirdparty.io.netty.util.concurrent.SingleThreadEventExecutor$5.run(SingleThreadEventExecutor.java:897)
	at org.apache.ratis.thirdparty.io.netty.util.concurrent.FastThreadLocalRunnable.run(FastThreadLocalRunnable.java:30)
	... 1 more
Caused by: java.net.ConnectException: Connection refused
	... 11 more
2019-08-28 19:04:40,583 [00cf7d40-ac63-4acb-9b30-bd0829021504:group-B83E8685FE49:LeaderElection115] INFO  impl.LeaderElection (LeaderElection.java:logAndReturn(56)) - 00cf7d40-ac63-4acb-9b30-bd0829021504:group-B83E8685FE49:LeaderElection115: Election REJECTED; received 0 response(s) [] and 2 exception(s); 00cf7d40-ac63-4acb-9b30-bd0829021504:t2, leader=null, voted=00cf7d40-ac63-4acb-9b30-bd0829021504, raftlog=00cf7d40-ac63-4acb-9b30-bd0829021504-SegmentedRaftLog:OPENED:c22,f22,i22, conf=0: [adfa36b7-498a-4b65-9252-7ca31df0730f:192.168.69.102:35284, 00cb801d-97e1-4292-a478-3bdac0cd726d:192.168.69.102:37747, 00cf7d40-ac63-4acb-9b30-bd0829021504:192.168.69.102:33352], old=null
2019-08-28 19:04:40,584 [00cf7d40-ac63-4acb-9b30-bd0829021504:group-B83E8685FE49:LeaderElection115] INFO  impl.LeaderElection (LogUtils.java:infoOrTrace(149)) -   Exception 0: {}
java.util.concurrent.ExecutionException: org.apache.ratis.thirdparty.io.grpc.StatusRuntimeException: UNAVAILABLE: io exception
	at java.util.concurrent.FutureTask.report(FutureTask.java:122)
	at java.util.concurrent.FutureTask.get(FutureTask.java:192)
	at org.apache.ratis.server.impl.LeaderElection.waitForResults(LeaderElection.java:262)
	at org.apache.ratis.server.impl.LeaderElection.askForVotes(LeaderElection.java:200)
	at org.apache.ratis.server.impl.LeaderElection.run(LeaderElection.java:130)
	at java.lang.Thread.run(Thread.java:748)
Caused by: org.apache.ratis.thirdparty.io.grpc.StatusRuntimeException: UNAVAILABLE: io exception
	at org.apache.ratis.thirdparty.io.grpc.stub.ClientCalls.toStatusRuntimeException(ClientCalls.java:233)
	at org.apache.ratis.thirdparty.io.grpc.stub.ClientCalls.getUnchecked(ClientCalls.java:214)
	at org.apache.ratis.thirdparty.io.grpc.stub.ClientCalls.blockingUnaryCall(ClientCalls.java:139)
	at org.apache.ratis.proto.grpc.RaftServerProtocolServiceGrpc$RaftServerProtocolServiceBlockingStub.requestVote(RaftServerProtocolServiceGrpc.java:265)
	at org.apache.ratis.grpc.server.GrpcServerProtocolClient.requestVote(GrpcServerProtocolClient.java:83)
	at org.apache.ratis.grpc.server.GrpcService.requestVote(GrpcService.java:195)
	at org.apache.ratis.server.impl.LeaderElection.lambda$submitRequests$1(LeaderElection.java:237)
	at java.util.concurrent.FutureTask.run(FutureTask.java:266)
	at java.util.concurrent.Executors$RunnableAdapter.call(Executors.java:511)
	at java.util.concurrent.FutureTask.run(FutureTask.java:266)
	at java.util.concurrent.ThreadPoolExecutor.runWorker(ThreadPoolExecutor.java:1149)
	at java.util.concurrent.ThreadPoolExecutor$Worker.run(ThreadPoolExecutor.java:624)
	... 1 more
Caused by: org.apache.ratis.thirdparty.io.netty.channel.AbstractChannel$AnnotatedConnectException: Connection refused: /192.168.69.102:37747
	at sun.nio.ch.SocketChannelImpl.checkConnect(Native Method)
	at sun.nio.ch.SocketChannelImpl.finishConnect(SocketChannelImpl.java:717)
	at org.apache.ratis.thirdparty.io.netty.channel.socket.nio.NioSocketChannel.doFinishConnect(NioSocketChannel.java:327)
	at org.apache.ratis.thirdparty.io.netty.channel.nio.AbstractNioChannel$AbstractNioUnsafe.finishConnect(AbstractNioChannel.java:340)
	at org.apache.ratis.thirdparty.io.netty.channel.nio.NioEventLoop.processSelectedKey(NioEventLoop.java:632)
	at org.apache.ratis.thirdparty.io.netty.channel.nio.NioEventLoop.processSelectedKeysOptimized(NioEventLoop.java:579)
	at org.apache.ratis.thirdparty.io.netty.channel.nio.NioEventLoop.processSelectedKeys(NioEventLoop.java:496)
	at org.apache.ratis.thirdparty.io.netty.channel.nio.NioEventLoop.run(NioEventLoop.java:458)
	at org.apache.ratis.thirdparty.io.netty.util.concurrent.SingleThreadEventExecutor$5.run(SingleThreadEventExecutor.java:897)
	at org.apache.ratis.thirdparty.io.netty.util.concurrent.FastThreadLocalRunnable.run(FastThreadLocalRunnable.java:30)
	... 1 more
Caused by: java.net.ConnectException: Connection refused
	... 11 more
2019-08-28 19:04:40,584 [00cf7d40-ac63-4acb-9b30-bd0829021504:group-B83E8685FE49:LeaderElection115] INFO  impl.LeaderElection (LogUtils.java:infoOrTrace(149)) -   Exception 1: {}
java.util.concurrent.ExecutionException: org.apache.ratis.thirdparty.io.grpc.StatusRuntimeException: UNAVAILABLE: io exception
	at java.util.concurrent.FutureTask.report(FutureTask.java:122)
	at java.util.concurrent.FutureTask.get(FutureTask.java:192)
	at org.apache.ratis.server.impl.LeaderElection.waitForResults(LeaderElection.java:262)
	at org.apache.ratis.server.impl.LeaderElection.askForVotes(LeaderElection.java:200)
	at org.apache.ratis.server.impl.LeaderElection.run(LeaderElection.java:130)
	at java.lang.Thread.run(Thread.java:748)
Caused by: org.apache.ratis.thirdparty.io.grpc.StatusRuntimeException: UNAVAILABLE: io exception
	at org.apache.ratis.thirdparty.io.grpc.stub.ClientCalls.toStatusRuntimeException(ClientCalls.java:233)
	at org.apache.ratis.thirdparty.io.grpc.stub.ClientCalls.getUnchecked(ClientCalls.java:214)
	at org.apache.ratis.thirdparty.io.grpc.stub.ClientCalls.blockingUnaryCall(ClientCalls.java:139)
	at org.apache.ratis.proto.grpc.RaftServerProtocolServiceGrpc$RaftServerProtocolServiceBlockingStub.requestVote(RaftServerProtocolServiceGrpc.java:265)
	at org.apache.ratis.grpc.server.GrpcServerProtocolClient.requestVote(GrpcServerProtocolClient.java:83)
	at org.apache.ratis.grpc.server.GrpcService.requestVote(GrpcService.java:195)
	at org.apache.ratis.server.impl.LeaderElection.lambda$submitRequests$1(LeaderElection.java:237)
	at java.util.concurrent.FutureTask.run(FutureTask.java:266)
	at java.util.concurrent.Executors$RunnableAdapter.call(Executors.java:511)
	at java.util.concurrent.FutureTask.run(FutureTask.java:266)
	at java.util.concurrent.ThreadPoolExecutor.runWorker(ThreadPoolExecutor.java:1149)
	at java.util.concurrent.ThreadPoolExecutor$Worker.run(ThreadPoolExecutor.java:624)
	... 1 more
Caused by: org.apache.ratis.thirdparty.io.netty.channel.AbstractChannel$AnnotatedConnectException: Connection refused: /192.168.69.102:35284
	at sun.nio.ch.SocketChannelImpl.checkConnect(Native Method)
	at sun.nio.ch.SocketChannelImpl.finishConnect(SocketChannelImpl.java:717)
	at org.apache.ratis.thirdparty.io.netty.channel.socket.nio.NioSocketChannel.doFinishConnect(NioSocketChannel.java:327)
	at org.apache.ratis.thirdparty.io.netty.channel.nio.AbstractNioChannel$AbstractNioUnsafe.finishConnect(AbstractNioChannel.java:340)
	at org.apache.ratis.thirdparty.io.netty.channel.nio.NioEventLoop.processSelectedKey(NioEventLoop.java:632)
	at org.apache.ratis.thirdparty.io.netty.channel.nio.NioEventLoop.processSelectedKeysOptimized(NioEventLoop.java:579)
	at org.apache.ratis.thirdparty.io.netty.channel.nio.NioEventLoop.processSelectedKeys(NioEventLoop.java:496)
	at org.apache.ratis.thirdparty.io.netty.channel.nio.NioEventLoop.run(NioEventLoop.java:458)
	at org.apache.ratis.thirdparty.io.netty.util.concurrent.SingleThreadEventExecutor$5.run(SingleThreadEventExecutor.java:897)
	at org.apache.ratis.thirdparty.io.netty.util.concurrent.FastThreadLocalRunnable.run(FastThreadLocalRunnable.java:30)
	... 1 more
Caused by: java.net.ConnectException: Connection refused
	... 11 more
2019-08-28 19:04:40,584 [00cf7d40-ac63-4acb-9b30-bd0829021504:group-B83E8685FE49:LeaderElection115] INFO  impl.RaftServerImpl (RaftServerImpl.java:setRole(171)) - 00cf7d40-ac63-4acb-9b30-bd0829021504:group-B83E8685FE49 changes role from CANDIDATE to FOLLOWER at term 2 for DISCOVERED_A_NEW_TERM
2019-08-28 19:04:40,584 [00cf7d40-ac63-4acb-9b30-bd0829021504:group-B83E8685FE49:LeaderElection115] INFO  impl.RoleInfo (RoleInfo.java:shutdownLeaderElection(134)) - 00cf7d40-ac63-4acb-9b30-bd0829021504: shutdown LeaderElection
2019-08-28 19:04:40,584 [00cf7d40-ac63-4acb-9b30-bd0829021504:group-B83E8685FE49:LeaderElection115] INFO  impl.RoleInfo (RoleInfo.java:updateAndGet(143)) - 00cf7d40-ac63-4acb-9b30-bd0829021504: start FollowerState
2019-08-28 19:04:40,610 [Thread-4958] INFO  impl.FollowerState (FollowerState.java:run(106)) - 04b92ac3-39b2-406b-bc61-5570adcbc657:group-E23FA03F1A8D changes to CANDIDATE, lastRpcTime:6539, electionTimeout:5100ms
2019-08-28 19:04:40,611 [Thread-4958] INFO  impl.RoleInfo (RoleInfo.java:shutdownFollowerState(121)) - 04b92ac3-39b2-406b-bc61-5570adcbc657: shutdown FollowerState
2019-08-28 19:04:40,611 [Thread-4958] INFO  impl.RaftServerImpl (RaftServerImpl.java:setRole(171)) - 04b92ac3-39b2-406b-bc61-5570adcbc657:group-E23FA03F1A8D changes role from FOLLOWER to CANDIDATE at term 4 for changeToCandidate
2019-08-28 19:04:40,611 [Thread-4958] INFO  impl.RoleInfo (RoleInfo.java:updateAndGet(143)) - 04b92ac3-39b2-406b-bc61-5570adcbc657: start LeaderElection
2019-08-28 19:04:40,613 [04b92ac3-39b2-406b-bc61-5570adcbc657:group-E23FA03F1A8D:LeaderElection116] INFO  impl.RaftServerImpl (ServerState.java:setLeader(263)) - 04b92ac3-39b2-406b-bc61-5570adcbc657:group-E23FA03F1A8D change Leader from ce6b780e-8dc8-43df-9fdb-a1ffb55c35f1 to null at term 4 for initElection
2019-08-28 19:04:40,630 [04b92ac3-39b2-406b-bc61-5570adcbc657:group-E23FA03F1A8D:LeaderElection116] INFO  impl.LeaderElection (LeaderElection.java:askForVotes(181)) - 04b92ac3-39b2-406b-bc61-5570adcbc657:group-E23FA03F1A8D:LeaderElection116: begin an election at term 5 for 0: [e1b50e67-c8fe-477b-ba6a-852460aa374a:192.168.69.102:34045, 04b92ac3-39b2-406b-bc61-5570adcbc657:192.168.69.102:34882, ce6b780e-8dc8-43df-9fdb-a1ffb55c35f1:192.168.69.102:37617], old=null
2019-08-28 19:04:40,632 [04b92ac3-39b2-406b-bc61-5570adcbc657:group-E23FA03F1A8D:LeaderElection116] INFO  impl.LeaderElection (LogUtils.java:infoOrTrace(149)) - 04b92ac3-39b2-406b-bc61-5570adcbc657:group-E23FA03F1A8D:LeaderElection116 got exception when requesting votes: {}
java.util.concurrent.ExecutionException: org.apache.ratis.thirdparty.io.grpc.StatusRuntimeException: UNAVAILABLE: io exception
	at java.util.concurrent.FutureTask.report(FutureTask.java:122)
	at java.util.concurrent.FutureTask.get(FutureTask.java:192)
	at org.apache.ratis.server.impl.LeaderElection.waitForResults(LeaderElection.java:262)
	at org.apache.ratis.server.impl.LeaderElection.askForVotes(LeaderElection.java:200)
	at org.apache.ratis.server.impl.LeaderElection.run(LeaderElection.java:130)
	at java.lang.Thread.run(Thread.java:748)
Caused by: org.apache.ratis.thirdparty.io.grpc.StatusRuntimeException: UNAVAILABLE: io exception
	at org.apache.ratis.thirdparty.io.grpc.stub.ClientCalls.toStatusRuntimeException(ClientCalls.java:233)
	at org.apache.ratis.thirdparty.io.grpc.stub.ClientCalls.getUnchecked(ClientCalls.java:214)
	at org.apache.ratis.thirdparty.io.grpc.stub.ClientCalls.blockingUnaryCall(ClientCalls.java:139)
	at org.apache.ratis.proto.grpc.RaftServerProtocolServiceGrpc$RaftServerProtocolServiceBlockingStub.requestVote(RaftServerProtocolServiceGrpc.java:265)
	at org.apache.ratis.grpc.server.GrpcServerProtocolClient.requestVote(GrpcServerProtocolClient.java:83)
	at org.apache.ratis.grpc.server.GrpcService.requestVote(GrpcService.java:195)
	at org.apache.ratis.server.impl.LeaderElection.lambda$submitRequests$1(LeaderElection.java:237)
	at java.util.concurrent.FutureTask.run(FutureTask.java:266)
	at java.util.concurrent.Executors$RunnableAdapter.call(Executors.java:511)
	at java.util.concurrent.FutureTask.run(FutureTask.java:266)
	at java.util.concurrent.ThreadPoolExecutor.runWorker(ThreadPoolExecutor.java:1149)
	at java.util.concurrent.ThreadPoolExecutor$Worker.run(ThreadPoolExecutor.java:624)
	... 1 more
Caused by: org.apache.ratis.thirdparty.io.netty.channel.AbstractChannel$AnnotatedConnectException: Connection refused: /192.168.69.102:34045
	at sun.nio.ch.SocketChannelImpl.checkConnect(Native Method)
	at sun.nio.ch.SocketChannelImpl.finishConnect(SocketChannelImpl.java:717)
	at org.apache.ratis.thirdparty.io.netty.channel.socket.nio.NioSocketChannel.doFinishConnect(NioSocketChannel.java:327)
	at org.apache.ratis.thirdparty.io.netty.channel.nio.AbstractNioChannel$AbstractNioUnsafe.finishConnect(AbstractNioChannel.java:340)
	at org.apache.ratis.thirdparty.io.netty.channel.nio.NioEventLoop.processSelectedKey(NioEventLoop.java:632)
	at org.apache.ratis.thirdparty.io.netty.channel.nio.NioEventLoop.processSelectedKeysOptimized(NioEventLoop.java:579)
	at org.apache.ratis.thirdparty.io.netty.channel.nio.NioEventLoop.processSelectedKeys(NioEventLoop.java:496)
	at org.apache.ratis.thirdparty.io.netty.channel.nio.NioEventLoop.run(NioEventLoop.java:458)
	at org.apache.ratis.thirdparty.io.netty.util.concurrent.SingleThreadEventExecutor$5.run(SingleThreadEventExecutor.java:897)
	at org.apache.ratis.thirdparty.io.netty.util.concurrent.FastThreadLocalRunnable.run(FastThreadLocalRunnable.java:30)
	... 1 more
Caused by: java.net.ConnectException: Connection refused
	... 11 more
2019-08-28 19:04:40,635 [04b92ac3-39b2-406b-bc61-5570adcbc657:group-E23FA03F1A8D:LeaderElection116] INFO  impl.LeaderElection (LogUtils.java:infoOrTrace(149)) - 04b92ac3-39b2-406b-bc61-5570adcbc657:group-E23FA03F1A8D:LeaderElection116 got exception when requesting votes: {}
java.util.concurrent.ExecutionException: org.apache.ratis.thirdparty.io.grpc.StatusRuntimeException: UNAVAILABLE: io exception
	at java.util.concurrent.FutureTask.report(FutureTask.java:122)
	at java.util.concurrent.FutureTask.get(FutureTask.java:192)
	at org.apache.ratis.server.impl.LeaderElection.waitForResults(LeaderElection.java:262)
	at org.apache.ratis.server.impl.LeaderElection.askForVotes(LeaderElection.java:200)
	at org.apache.ratis.server.impl.LeaderElection.run(LeaderElection.java:130)
	at java.lang.Thread.run(Thread.java:748)
Caused by: org.apache.ratis.thirdparty.io.grpc.StatusRuntimeException: UNAVAILABLE: io exception
	at org.apache.ratis.thirdparty.io.grpc.stub.ClientCalls.toStatusRuntimeException(ClientCalls.java:233)
	at org.apache.ratis.thirdparty.io.grpc.stub.ClientCalls.getUnchecked(ClientCalls.java:214)
	at org.apache.ratis.thirdparty.io.grpc.stub.ClientCalls.blockingUnaryCall(ClientCalls.java:139)
	at org.apache.ratis.proto.grpc.RaftServerProtocolServiceGrpc$RaftServerProtocolServiceBlockingStub.requestVote(RaftServerProtocolServiceGrpc.java:265)
	at org.apache.ratis.grpc.server.GrpcServerProtocolClient.requestVote(GrpcServerProtocolClient.java:83)
	at org.apache.ratis.grpc.server.GrpcService.requestVote(GrpcService.java:195)
	at org.apache.ratis.server.impl.LeaderElection.lambda$submitRequests$1(LeaderElection.java:237)
	at java.util.concurrent.FutureTask.run(FutureTask.java:266)
	at java.util.concurrent.Executors$RunnableAdapter.call(Executors.java:511)
	at java.util.concurrent.FutureTask.run(FutureTask.java:266)
	at java.util.concurrent.ThreadPoolExecutor.runWorker(ThreadPoolExecutor.java:1149)
	at java.util.concurrent.ThreadPoolExecutor$Worker.run(ThreadPoolExecutor.java:624)
	... 1 more
Caused by: org.apache.ratis.thirdparty.io.netty.channel.AbstractChannel$AnnotatedConnectException: Connection refused: /192.168.69.102:37617
	at sun.nio.ch.SocketChannelImpl.checkConnect(Native Method)
	at sun.nio.ch.SocketChannelImpl.finishConnect(SocketChannelImpl.java:717)
	at org.apache.ratis.thirdparty.io.netty.channel.socket.nio.NioSocketChannel.doFinishConnect(NioSocketChannel.java:327)
	at org.apache.ratis.thirdparty.io.netty.channel.nio.AbstractNioChannel$AbstractNioUnsafe.finishConnect(AbstractNioChannel.java:340)
	at org.apache.ratis.thirdparty.io.netty.channel.nio.NioEventLoop.processSelectedKey(NioEventLoop.java:632)
	at org.apache.ratis.thirdparty.io.netty.channel.nio.NioEventLoop.processSelectedKeysOptimized(NioEventLoop.java:579)
	at org.apache.ratis.thirdparty.io.netty.channel.nio.NioEventLoop.processSelectedKeys(NioEventLoop.java:496)
	at org.apache.ratis.thirdparty.io.netty.channel.nio.NioEventLoop.run(NioEventLoop.java:458)
	at org.apache.ratis.thirdparty.io.netty.util.concurrent.SingleThreadEventExecutor$5.run(SingleThreadEventExecutor.java:897)
	at org.apache.ratis.thirdparty.io.netty.util.concurrent.FastThreadLocalRunnable.run(FastThreadLocalRunnable.java:30)
	... 1 more
Caused by: java.net.ConnectException: Connection refused
	... 11 more
2019-08-28 19:04:40,637 [04b92ac3-39b2-406b-bc61-5570adcbc657:group-E23FA03F1A8D:LeaderElection116] INFO  impl.LeaderElection (LeaderElection.java:logAndReturn(56)) - 04b92ac3-39b2-406b-bc61-5570adcbc657:group-E23FA03F1A8D:LeaderElection116: Election REJECTED; received 0 response(s) [] and 2 exception(s); 04b92ac3-39b2-406b-bc61-5570adcbc657:t5, leader=null, voted=04b92ac3-39b2-406b-bc61-5570adcbc657, raftlog=04b92ac3-39b2-406b-bc61-5570adcbc657-SegmentedRaftLog:OPENED:c16,f16,i16, conf=0: [e1b50e67-c8fe-477b-ba6a-852460aa374a:192.168.69.102:34045, 04b92ac3-39b2-406b-bc61-5570adcbc657:192.168.69.102:34882, ce6b780e-8dc8-43df-9fdb-a1ffb55c35f1:192.168.69.102:37617], old=null
2019-08-28 19:04:40,637 [04b92ac3-39b2-406b-bc61-5570adcbc657:group-E23FA03F1A8D:LeaderElection116] INFO  impl.LeaderElection (LogUtils.java:infoOrTrace(149)) -   Exception 0: {}
java.util.concurrent.ExecutionException: org.apache.ratis.thirdparty.io.grpc.StatusRuntimeException: UNAVAILABLE: io exception
	at java.util.concurrent.FutureTask.report(FutureTask.java:122)
	at java.util.concurrent.FutureTask.get(FutureTask.java:192)
	at org.apache.ratis.server.impl.LeaderElection.waitForResults(LeaderElection.java:262)
	at org.apache.ratis.server.impl.LeaderElection.askForVotes(LeaderElection.java:200)
	at org.apache.ratis.server.impl.LeaderElection.run(LeaderElection.java:130)
	at java.lang.Thread.run(Thread.java:748)
Caused by: org.apache.ratis.thirdparty.io.grpc.StatusRuntimeException: UNAVAILABLE: io exception
	at org.apache.ratis.thirdparty.io.grpc.stub.ClientCalls.toStatusRuntimeException(ClientCalls.java:233)
	at org.apache.ratis.thirdparty.io.grpc.stub.ClientCalls.getUnchecked(ClientCalls.java:214)
	at org.apache.ratis.thirdparty.io.grpc.stub.ClientCalls.blockingUnaryCall(ClientCalls.java:139)
	at org.apache.ratis.proto.grpc.RaftServerProtocolServiceGrpc$RaftServerProtocolServiceBlockingStub.requestVote(RaftServerProtocolServiceGrpc.java:265)
	at org.apache.ratis.grpc.server.GrpcServerProtocolClient.requestVote(GrpcServerProtocolClient.java:83)
	at org.apache.ratis.grpc.server.GrpcService.requestVote(GrpcService.java:195)
	at org.apache.ratis.server.impl.LeaderElection.lambda$submitRequests$1(LeaderElection.java:237)
	at java.util.concurrent.FutureTask.run(FutureTask.java:266)
	at java.util.concurrent.Executors$RunnableAdapter.call(Executors.java:511)
	at java.util.concurrent.FutureTask.run(FutureTask.java:266)
	at java.util.concurrent.ThreadPoolExecutor.runWorker(ThreadPoolExecutor.java:1149)
	at java.util.concurrent.ThreadPoolExecutor$Worker.run(ThreadPoolExecutor.java:624)
	... 1 more
Caused by: org.apache.ratis.thirdparty.io.netty.channel.AbstractChannel$AnnotatedConnectException: Connection refused: /192.168.69.102:34045
	at sun.nio.ch.SocketChannelImpl.checkConnect(Native Method)
	at sun.nio.ch.SocketChannelImpl.finishConnect(SocketChannelImpl.java:717)
	at org.apache.ratis.thirdparty.io.netty.channel.socket.nio.NioSocketChannel.doFinishConnect(NioSocketChannel.java:327)
	at org.apache.ratis.thirdparty.io.netty.channel.nio.AbstractNioChannel$AbstractNioUnsafe.finishConnect(AbstractNioChannel.java:340)
	at org.apache.ratis.thirdparty.io.netty.channel.nio.NioEventLoop.processSelectedKey(NioEventLoop.java:632)
	at org.apache.ratis.thirdparty.io.netty.channel.nio.NioEventLoop.processSelectedKeysOptimized(NioEventLoop.java:579)
	at org.apache.ratis.thirdparty.io.netty.channel.nio.NioEventLoop.processSelectedKeys(NioEventLoop.java:496)
	at org.apache.ratis.thirdparty.io.netty.channel.nio.NioEventLoop.run(NioEventLoop.java:458)
	at org.apache.ratis.thirdparty.io.netty.util.concurrent.SingleThreadEventExecutor$5.run(SingleThreadEventExecutor.java:897)
	at org.apache.ratis.thirdparty.io.netty.util.concurrent.FastThreadLocalRunnable.run(FastThreadLocalRunnable.java:30)
	... 1 more
Caused by: java.net.ConnectException: Connection refused
	... 11 more
2019-08-28 19:04:40,637 [04b92ac3-39b2-406b-bc61-5570adcbc657:group-E23FA03F1A8D:LeaderElection116] INFO  impl.LeaderElection (LogUtils.java:infoOrTrace(149)) -   Exception 1: {}
java.util.concurrent.ExecutionException: org.apache.ratis.thirdparty.io.grpc.StatusRuntimeException: UNAVAILABLE: io exception
	at java.util.concurrent.FutureTask.report(FutureTask.java:122)
	at java.util.concurrent.FutureTask.get(FutureTask.java:192)
	at org.apache.ratis.server.impl.LeaderElection.waitForResults(LeaderElection.java:262)
	at org.apache.ratis.server.impl.LeaderElection.askForVotes(LeaderElection.java:200)
	at org.apache.ratis.server.impl.LeaderElection.run(LeaderElection.java:130)
	at java.lang.Thread.run(Thread.java:748)
Caused by: org.apache.ratis.thirdparty.io.grpc.StatusRuntimeException: UNAVAILABLE: io exception
	at org.apache.ratis.thirdparty.io.grpc.stub.ClientCalls.toStatusRuntimeException(ClientCalls.java:233)
	at org.apache.ratis.thirdparty.io.grpc.stub.ClientCalls.getUnchecked(ClientCalls.java:214)
	at org.apache.ratis.thirdparty.io.grpc.stub.ClientCalls.blockingUnaryCall(ClientCalls.java:139)
	at org.apache.ratis.proto.grpc.RaftServerProtocolServiceGrpc$RaftServerProtocolServiceBlockingStub.requestVote(RaftServerProtocolServiceGrpc.java:265)
	at org.apache.ratis.grpc.server.GrpcServerProtocolClient.requestVote(GrpcServerProtocolClient.java:83)
	at org.apache.ratis.grpc.server.GrpcService.requestVote(GrpcService.java:195)
	at org.apache.ratis.server.impl.LeaderElection.lambda$submitRequests$1(LeaderElection.java:237)
	at java.util.concurrent.FutureTask.run(FutureTask.java:266)
	at java.util.concurrent.Executors$RunnableAdapter.call(Executors.java:511)
	at java.util.concurrent.FutureTask.run(FutureTask.java:266)
	at java.util.concurrent.ThreadPoolExecutor.runWorker(ThreadPoolExecutor.java:1149)
	at java.util.concurrent.ThreadPoolExecutor$Worker.run(ThreadPoolExecutor.java:624)
	... 1 more
Caused by: org.apache.ratis.thirdparty.io.netty.channel.AbstractChannel$AnnotatedConnectException: Connection refused: /192.168.69.102:37617
	at sun.nio.ch.SocketChannelImpl.checkConnect(Native Method)
	at sun.nio.ch.SocketChannelImpl.finishConnect(SocketChannelImpl.java:717)
	at org.apache.ratis.thirdparty.io.netty.channel.socket.nio.NioSocketChannel.doFinishConnect(NioSocketChannel.java:327)
	at org.apache.ratis.thirdparty.io.netty.channel.nio.AbstractNioChannel$AbstractNioUnsafe.finishConnect(AbstractNioChannel.java:340)
	at org.apache.ratis.thirdparty.io.netty.channel.nio.NioEventLoop.processSelectedKey(NioEventLoop.java:632)
	at org.apache.ratis.thirdparty.io.netty.channel.nio.NioEventLoop.processSelectedKeysOptimized(NioEventLoop.java:579)
	at org.apache.ratis.thirdparty.io.netty.channel.nio.NioEventLoop.processSelectedKeys(NioEventLoop.java:496)
	at org.apache.ratis.thirdparty.io.netty.channel.nio.NioEventLoop.run(NioEventLoop.java:458)
	at org.apache.ratis.thirdparty.io.netty.util.concurrent.SingleThreadEventExecutor$5.run(SingleThreadEventExecutor.java:897)
	at org.apache.ratis.thirdparty.io.netty.util.concurrent.FastThreadLocalRunnable.run(FastThreadLocalRunnable.java:30)
	... 1 more
Caused by: java.net.ConnectException: Connection refused
	... 11 more
2019-08-28 19:04:40,638 [04b92ac3-39b2-406b-bc61-5570adcbc657:group-E23FA03F1A8D:LeaderElection116] INFO  impl.RaftServerImpl (RaftServerImpl.java:setRole(171)) - 04b92ac3-39b2-406b-bc61-5570adcbc657:group-E23FA03F1A8D changes role from CANDIDATE to FOLLOWER at term 5 for DISCOVERED_A_NEW_TERM
2019-08-28 19:04:40,638 [04b92ac3-39b2-406b-bc61-5570adcbc657:group-E23FA03F1A8D:LeaderElection116] INFO  impl.RoleInfo (RoleInfo.java:shutdownLeaderElection(134)) - 04b92ac3-39b2-406b-bc61-5570adcbc657: shutdown LeaderElection
2019-08-28 19:04:40,638 [04b92ac3-39b2-406b-bc61-5570adcbc657:group-E23FA03F1A8D:LeaderElection116] INFO  impl.RoleInfo (RoleInfo.java:updateAndGet(143)) - 04b92ac3-39b2-406b-bc61-5570adcbc657: start FollowerState
2019-08-28 19:04:40,803 [Datanode State Machine Thread - 0] INFO  statemachine.DatanodeStateMachine (DatanodeStateMachine.java:lambda$startDaemon$0(350)) - Ozone container server started.
2019-08-28 19:04:41,554 | INFO  | SCMAudit | user=jenkins1000 | ip=192.168.69.102 | op=SEND_HEARTBEAT {datanodeUUID=04b92ac3-39b2-406b-bc61-5570adcbc657, command=[]} | ret=SUCCESS |  
2019-08-28 19:04:42,554 | INFO  | SCMAudit | user=jenkins1000 | ip=192.168.69.102 | op=SEND_HEARTBEAT {datanodeUUID=04b92ac3-39b2-406b-bc61-5570adcbc657, command=[]} | ret=SUCCESS |  
2019-08-28 19:04:43,554 | INFO  | SCMAudit | user=jenkins1000 | ip=192.168.69.102 | op=SEND_HEARTBEAT {datanodeUUID=04b92ac3-39b2-406b-bc61-5570adcbc657, command=[]} | ret=SUCCESS |  
2019-08-28 19:04:44,555 | INFO  | SCMAudit | user=jenkins1000 | ip=192.168.69.102 | op=SEND_HEARTBEAT {datanodeUUID=04b92ac3-39b2-406b-bc61-5570adcbc657, command=[]} | ret=SUCCESS |  
2019-08-28 19:04:44,602 [EventQueue-StaleNodeForStaleNodeHandler] INFO  node.StaleNodeHandler (StaleNodeHandler.java:onMessage(58)) - Datanode 00cf7d40-ac63-4acb-9b30-bd0829021504{ip: 192.168.69.102, host: pr-hdds-1783-trunk-gtrxg-786569963, networkLocation: /default-rack, certSerialId: null} moved to stale state. Finalizing its pipelines [PipelineID=e5a27023-b46a-4adb-9cab-b83e8685fe49, PipelineID=221d3e10-a2c9-4e50-a0d3-a29ac2aa934a]
2019-08-28 19:04:44,603 [EventQueue-StaleNodeForStaleNodeHandler] INFO  pipeline.SCMPipelineManager (SCMPipelineManager.java:finalizeAndDestroyPipeline(309)) - destroying pipeline:Pipeline[ Id: e5a27023-b46a-4adb-9cab-b83e8685fe49, Nodes: 00cb801d-97e1-4292-a478-3bdac0cd726d{ip: 192.168.69.102, host: pr-hdds-1783-trunk-gtrxg-786569963, networkLocation: /default-rack, certSerialId: null}00cf7d40-ac63-4acb-9b30-bd0829021504{ip: 192.168.69.102, host: pr-hdds-1783-trunk-gtrxg-786569963, networkLocation: /default-rack, certSerialId: null}adfa36b7-498a-4b65-9252-7ca31df0730f{ip: 192.168.69.102, host: pr-hdds-1783-trunk-gtrxg-786569963, networkLocation: /default-rack, certSerialId: null}, Type:RATIS, Factor:THREE, State:CLOSED]
2019-08-28 19:04:44,603 [EventQueue-StaleNodeForStaleNodeHandler] INFO  pipeline.SCMPipelineManager (SCMPipelineManager.java:finalizeAndDestroyPipeline(309)) - destroying pipeline:Pipeline[ Id: 221d3e10-a2c9-4e50-a0d3-a29ac2aa934a, Nodes: 00cf7d40-ac63-4acb-9b30-bd0829021504{ip: 192.168.69.102, host: pr-hdds-1783-trunk-gtrxg-786569963, networkLocation: /default-rack, certSerialId: null}, Type:RATIS, Factor:ONE, State:OPEN]
2019-08-28 19:04:44,603 [EventQueue-StaleNodeForStaleNodeHandler] INFO  pipeline.PipelineStateManager (PipelineStateManager.java:finalizePipeline(123)) - Pipeline Pipeline[ Id: 221d3e10-a2c9-4e50-a0d3-a29ac2aa934a, Nodes: 00cf7d40-ac63-4acb-9b30-bd0829021504{ip: 192.168.69.102, host: pr-hdds-1783-trunk-gtrxg-786569963, networkLocation: /default-rack, certSerialId: null}, Type:RATIS, Factor:ONE, State:CLOSED] moved to CLOSED state
2019-08-28 19:04:44,903 [EventQueue-StaleNodeForStaleNodeHandler] INFO  node.StaleNodeHandler (StaleNodeHandler.java:onMessage(58)) - Datanode d3473fb4-3d79-4d8b-9a93-f76ee1ee07e0{ip: 192.168.69.102, host: pr-hdds-1783-trunk-gtrxg-786569963, networkLocation: /default-rack, certSerialId: null} moved to stale state. Finalizing its pipelines [PipelineID=57cfa205-b50d-478f-96d8-a27871f77e82]
2019-08-28 19:04:44,903 [EventQueue-StaleNodeForStaleNodeHandler] INFO  pipeline.SCMPipelineManager (SCMPipelineManager.java:finalizeAndDestroyPipeline(309)) - destroying pipeline:Pipeline[ Id: 57cfa205-b50d-478f-96d8-a27871f77e82, Nodes: d3473fb4-3d79-4d8b-9a93-f76ee1ee07e0{ip: 192.168.69.102, host: pr-hdds-1783-trunk-gtrxg-786569963, networkLocation: /default-rack, certSerialId: null}, Type:RATIS, Factor:ONE, State:OPEN]
2019-08-28 19:04:44,903 [EventQueue-StaleNodeForStaleNodeHandler] INFO  pipeline.PipelineStateManager (PipelineStateManager.java:finalizePipeline(123)) - Pipeline Pipeline[ Id: 57cfa205-b50d-478f-96d8-a27871f77e82, Nodes: d3473fb4-3d79-4d8b-9a93-f76ee1ee07e0{ip: 192.168.69.102, host: pr-hdds-1783-trunk-gtrxg-786569963, networkLocation: /default-rack, certSerialId: null}, Type:RATIS, Factor:ONE, State:CLOSED] moved to CLOSED state
2019-08-28 19:04:45,054 [ForkJoinPool.commonPool-worker-1] INFO  ozoneimpl.OzoneContainer (OzoneContainer.java:stop(199)) - Attempting to stop container services.
2019-08-28 19:04:45,054 [ForkJoinPool.commonPool-worker-1] INFO  impl.RaftServerProxy (RaftServerProxy.java:lambda$close$4(314)) - 00cf7d40-ac63-4acb-9b30-bd0829021504: close
2019-08-28 19:04:45,054 [ForkJoinPool.commonPool-worker-1] INFO  impl.RaftServerImpl (RaftServerImpl.java:lambda$shutdown$3(245)) - 00cf7d40-ac63-4acb-9b30-bd0829021504: shutdown group-B83E8685FE49
2019-08-28 19:04:45,055 [ForkJoinPool.commonPool-worker-1] INFO  util.JmxRegister (JmxRegister.java:unregister(73)) - Successfully un-registered JMX Bean with object name Ratis:service=RaftServer,group=group-B83E8685FE49,id=00cf7d40-ac63-4acb-9b30-bd0829021504
2019-08-28 19:04:45,055 [ForkJoinPool.commonPool-worker-1] INFO  impl.RoleInfo (RoleInfo.java:shutdownFollowerState(121)) - 00cf7d40-ac63-4acb-9b30-bd0829021504: shutdown FollowerState
2019-08-28 19:04:45,055 [ForkJoinPool.commonPool-worker-1] INFO  impl.StateMachineUpdater (StateMachineUpdater.java:stopAndJoin(115)) - StateMachineUpdater:00cf7d40-ac63-4acb-9b30-bd0829021504:group-B83E8685FE49: set stopIndex = 22
2019-08-28 19:04:45,055 [StateMachineUpdater:00cf7d40-ac63-4acb-9b30-bd0829021504:group-B83E8685FE49] INFO  ratis.ContainerStateMachine (ContainerStateMachine.java:takeSnapshot(283)) - group-B83E8685FE49: Taking a snapshot at:(t:1, i:21) file /workdir/hadoop-ozone/integration-test/target/test-dir/MiniOzoneClusterImpl-707007af-a3e3-45d7-ab83-09aed58cd643/datanode-0/data/ratis/e5a27023-b46a-4adb-9cab-b83e8685fe49/sm/snapshot.1_21
2019-08-28 19:04:45,055 [Thread-5113] INFO  impl.FollowerState (FollowerState.java:run(114)) - 00cf7d40-ac63-4acb-9b30-bd0829021504: FollowerState was interrupted: java.lang.InterruptedException: sleep interrupted
2019-08-28 19:04:45,064 [main] INFO  ozoneimpl.OzoneContainer (OzoneContainer.java:stop(199)) - Attempting to stop container services.
2019-08-28 19:04:45,064 [main] INFO  impl.RaftServerProxy (RaftServerProxy.java:lambda$close$4(314)) - d3473fb4-3d79-4d8b-9a93-f76ee1ee07e0: close
2019-08-28 19:04:45,064 [main] INFO  impl.RaftServerImpl (RaftServerImpl.java:lambda$shutdown$3(245)) - d3473fb4-3d79-4d8b-9a93-f76ee1ee07e0: shutdown group-A27871F77E82
2019-08-28 19:04:45,065 [main] INFO  util.JmxRegister (JmxRegister.java:unregister(73)) - Successfully un-registered JMX Bean with object name Ratis:service=RaftServer,group=group-A27871F77E82,id=d3473fb4-3d79-4d8b-9a93-f76ee1ee07e0
2019-08-28 19:04:45,065 [main] INFO  impl.RoleInfo (RoleInfo.java:shutdownLeaderState(104)) - d3473fb4-3d79-4d8b-9a93-f76ee1ee07e0: shutdown LeaderState
2019-08-28 19:04:45,065 [main] INFO  impl.PendingRequests (PendingRequests.java:sendNotLeaderResponses(202)) - d3473fb4-3d79-4d8b-9a93-f76ee1ee07e0-PendingRequests: sendNotLeaderResponses
2019-08-28 19:04:45,066 [main] INFO  impl.StateMachineUpdater (StateMachineUpdater.java:stopAndJoin(115)) - StateMachineUpdater:d3473fb4-3d79-4d8b-9a93-f76ee1ee07e0:group-A27871F77E82: set stopIndex = 0
2019-08-28 19:04:45,066 [main] INFO  impl.RaftServerImpl (ServerState.java:close(394)) - d3473fb4-3d79-4d8b-9a93-f76ee1ee07e0:group-A27871F77E82 closes. The last applied log index is 0
2019-08-28 19:04:45,067 [d3473fb4-3d79-4d8b-9a93-f76ee1ee07e0-SegmentedRaftLogWorker:Storage Directory /workdir/hadoop-ozone/integration-test/target/test-dir/MiniOzoneClusterImpl-707007af-a3e3-45d7-ab83-09aed58cd643/datanode-6/data/ratis/57cfa205-b50d-478f-96d8-a27871f77e82] INFO  segmented.SegmentedRaftLogWorker (SegmentedRaftLogWorker.java:run(313)) - d3473fb4-3d79-4d8b-9a93-f76ee1ee07e0-SegmentedRaftLogWorker:Storage Directory /workdir/hadoop-ozone/integration-test/target/test-dir/MiniOzoneClusterImpl-707007af-a3e3-45d7-ab83-09aed58cd643/datanode-6/data/ratis/57cfa205-b50d-478f-96d8-a27871f77e82 was interrupted, exiting. There are 0 tasks remaining in the queue.
2019-08-28 19:04:45,072 [main] INFO  segmented.SegmentedRaftLogWorker (SegmentedRaftLogWorker.java:close(228)) - d3473fb4-3d79-4d8b-9a93-f76ee1ee07e0-SegmentedRaftLogWorker:Storage Directory /workdir/hadoop-ozone/integration-test/target/test-dir/MiniOzoneClusterImpl-707007af-a3e3-45d7-ab83-09aed58cd643/datanode-6/data/ratis/57cfa205-b50d-478f-96d8-a27871f77e82 close()
2019-08-28 19:04:45,074 [StateMachineUpdater:00cf7d40-ac63-4acb-9b30-bd0829021504:group-B83E8685FE49] INFO  ratis.ContainerStateMachine (ContainerStateMachine.java:takeSnapshot(294)) - group-B83E8685FE49: Finished taking a snapshot at:(t:1, i:21) file:/workdir/hadoop-ozone/integration-test/target/test-dir/MiniOzoneClusterImpl-707007af-a3e3-45d7-ab83-09aed58cd643/datanode-0/data/ratis/e5a27023-b46a-4adb-9cab-b83e8685fe49/sm/snapshot.1_21 time:18
2019-08-28 19:04:45,075 [main] INFO  server.GrpcService (GrpcService.java:closeImpl(155)) - d3473fb4-3d79-4d8b-9a93-f76ee1ee07e0: shutdown server with port 38473 now
2019-08-28 19:04:45,075 [StateMachineUpdater:00cf7d40-ac63-4acb-9b30-bd0829021504:group-B83E8685FE49] INFO  impl.StateMachineUpdater (StateMachineUpdater.java:takeSnapshot(242)) - StateMachineUpdater:00cf7d40-ac63-4acb-9b30-bd0829021504:group-B83E8685FE49: Took a snapshot at index 21
2019-08-28 19:04:45,075 [StateMachineUpdater:00cf7d40-ac63-4acb-9b30-bd0829021504:group-B83E8685FE49] INFO  impl.StateMachineUpdater (StateMachineUpdater.java:lambda$new$0(80)) - StateMachineUpdater:00cf7d40-ac63-4acb-9b30-bd0829021504:group-B83E8685FE49: snapshotIndex: updateIncreasingly -1 -> 21
2019-08-28 19:04:45,076 [main] INFO  server.GrpcService (GrpcService.java:closeImpl(163)) - d3473fb4-3d79-4d8b-9a93-f76ee1ee07e0: shutdown server with port 38473 successfully
2019-08-28 19:04:45,076 [ForkJoinPool.commonPool-worker-1] INFO  impl.RaftServerImpl (ServerState.java:close(394)) - 00cf7d40-ac63-4acb-9b30-bd0829021504:group-B83E8685FE49 closes. The last applied log index is 22
2019-08-28 19:04:45,077 [00cf7d40-ac63-4acb-9b30-bd0829021504-SegmentedRaftLogWorker:Storage Directory /workdir/hadoop-ozone/integration-test/target/test-dir/MiniOzoneClusterImpl-707007af-a3e3-45d7-ab83-09aed58cd643/datanode-0/data/ratis/e5a27023-b46a-4adb-9cab-b83e8685fe49] INFO  segmented.SegmentedRaftLogWorker (SegmentedRaftLogWorker.java:run(313)) - 00cf7d40-ac63-4acb-9b30-bd0829021504-SegmentedRaftLogWorker:Storage Directory /workdir/hadoop-ozone/integration-test/target/test-dir/MiniOzoneClusterImpl-707007af-a3e3-45d7-ab83-09aed58cd643/datanode-0/data/ratis/e5a27023-b46a-4adb-9cab-b83e8685fe49 was interrupted, exiting. There are 0 tasks remaining in the queue.
2019-08-28 19:04:45,078 [ForkJoinPool.commonPool-worker-1] INFO  segmented.SegmentedRaftLogWorker (SegmentedRaftLogWorker.java:close(228)) - 00cf7d40-ac63-4acb-9b30-bd0829021504-SegmentedRaftLogWorker:Storage Directory /workdir/hadoop-ozone/integration-test/target/test-dir/MiniOzoneClusterImpl-707007af-a3e3-45d7-ab83-09aed58cd643/datanode-0/data/ratis/e5a27023-b46a-4adb-9cab-b83e8685fe49 close()
2019-08-28 19:04:45,078 [main] INFO  utils.BackgroundService (BackgroundService.java:shutdown(148)) - Shutting down service BlockDeletingService
2019-08-28 19:04:45,086 [ForkJoinPool.commonPool-worker-1] INFO  impl.RaftServerImpl (RaftServerImpl.java:lambda$shutdown$3(245)) - 00cf7d40-ac63-4acb-9b30-bd0829021504: shutdown group-A29AC2AA934A
2019-08-28 19:04:45,087 [ForkJoinPool.commonPool-worker-1] INFO  util.JmxRegister (JmxRegister.java:unregister(73)) - Successfully un-registered JMX Bean with object name Ratis:service=RaftServer,group=group-A29AC2AA934A,id=00cf7d40-ac63-4acb-9b30-bd0829021504
2019-08-28 19:04:45,088 [ForkJoinPool.commonPool-worker-1] INFO  impl.RoleInfo (RoleInfo.java:shutdownLeaderState(104)) - 00cf7d40-ac63-4acb-9b30-bd0829021504: shutdown LeaderState
2019-08-28 19:04:45,088 [ForkJoinPool.commonPool-worker-1] INFO  impl.PendingRequests (PendingRequests.java:sendNotLeaderResponses(202)) - 00cf7d40-ac63-4acb-9b30-bd0829021504-PendingRequests: sendNotLeaderResponses
2019-08-28 19:04:45,089 [refreshUsed-/workdir/hadoop-ozone/integration-test/target/test-dir/MiniOzoneClusterImpl-707007af-a3e3-45d7-ab83-09aed58cd643/datanode-6/data/containers] WARN  fs.CachingGetSpaceUsed (CachingGetSpaceUsed.java:run(183)) - Thread Interrupted waiting to refresh disk information: sleep interrupted
2019-08-28 19:04:45,089 [ForkJoinPool.commonPool-worker-1] INFO  impl.StateMachineUpdater (StateMachineUpdater.java:stopAndJoin(115)) - StateMachineUpdater:00cf7d40-ac63-4acb-9b30-bd0829021504:group-A29AC2AA934A: set stopIndex = 0
2019-08-28 19:04:45,090 [ForkJoinPool.commonPool-worker-1] INFO  impl.RaftServerImpl (ServerState.java:close(394)) - 00cf7d40-ac63-4acb-9b30-bd0829021504:group-A29AC2AA934A closes. The last applied log index is 0
2019-08-28 19:04:45,090 [00cf7d40-ac63-4acb-9b30-bd0829021504-SegmentedRaftLogWorker:Storage Directory /workdir/hadoop-ozone/integration-test/target/test-dir/MiniOzoneClusterImpl-707007af-a3e3-45d7-ab83-09aed58cd643/datanode-0/data/ratis/221d3e10-a2c9-4e50-a0d3-a29ac2aa934a] INFO  segmented.SegmentedRaftLogWorker (SegmentedRaftLogWorker.java:run(313)) - 00cf7d40-ac63-4acb-9b30-bd0829021504-SegmentedRaftLogWorker:Storage Directory /workdir/hadoop-ozone/integration-test/target/test-dir/MiniOzoneClusterImpl-707007af-a3e3-45d7-ab83-09aed58cd643/datanode-0/data/ratis/221d3e10-a2c9-4e50-a0d3-a29ac2aa934a was interrupted, exiting. There are 0 tasks remaining in the queue.
2019-08-28 19:04:45,090 [ForkJoinPool.commonPool-worker-1] INFO  segmented.SegmentedRaftLogWorker (SegmentedRaftLogWorker.java:close(228)) - 00cf7d40-ac63-4acb-9b30-bd0829021504-SegmentedRaftLogWorker:Storage Directory /workdir/hadoop-ozone/integration-test/target/test-dir/MiniOzoneClusterImpl-707007af-a3e3-45d7-ab83-09aed58cd643/datanode-0/data/ratis/221d3e10-a2c9-4e50-a0d3-a29ac2aa934a close()
2019-08-28 19:04:45,092 [ForkJoinPool.commonPool-worker-1] INFO  server.GrpcService (GrpcService.java:closeImpl(155)) - 00cf7d40-ac63-4acb-9b30-bd0829021504: shutdown server with port 33352 now
2019-08-28 19:04:45,092 [ForkJoinPool.commonPool-worker-1] INFO  server.GrpcService (GrpcService.java:closeImpl(163)) - 00cf7d40-ac63-4acb-9b30-bd0829021504: shutdown server with port 33352 successfully
2019-08-28 19:04:45,093 [ForkJoinPool.commonPool-worker-1] INFO  utils.BackgroundService (BackgroundService.java:shutdown(148)) - Shutting down service BlockDeletingService
2019-08-28 19:04:45,094 [refreshUsed-/workdir/hadoop-ozone/integration-test/target/test-dir/MiniOzoneClusterImpl-707007af-a3e3-45d7-ab83-09aed58cd643/datanode-0/data/containers] WARN  fs.CachingGetSpaceUsed (CachingGetSpaceUsed.java:run(183)) - Thread Interrupted waiting to refresh disk information: sleep interrupted
2019-08-28 19:04:45,109 [main] INFO  statemachine.DatanodeStateMachine (DatanodeStateMachine.java:stopDaemon(395)) - Ozone container server stopped.
2019-08-28 19:04:45,110 [main] INFO  handler.ContextHandler (ContextHandler.java:doStop(910)) - Stopped o.e.j.w.WebAppContext@6309e4fb{/,null,UNAVAILABLE}{/hddsDatanode}
2019-08-28 19:04:45,112 [ForkJoinPool.commonPool-worker-1] INFO  statemachine.DatanodeStateMachine (DatanodeStateMachine.java:stopDaemon(395)) - Ozone container server stopped.
2019-08-28 19:04:45,114 [main] INFO  server.AbstractConnector (AbstractConnector.java:doStop(318)) - Stopped ServerConnector@1afd9827{HTTP/1.1,[http/1.1]}{0.0.0.0:0}
2019-08-28 19:04:45,114 [main] INFO  handler.ContextHandler (ContextHandler.java:doStop(910)) - Stopped o.e.j.s.ServletContextHandler@52fe7c0f{/static,jar:file:/home/user/.m2/repository/org/apache/hadoop/hadoop-hdds-container-service/0.5.0-SNAPSHOT/hadoop-hdds-container-service-0.5.0-SNAPSHOT.jar!/webapps/static,UNAVAILABLE}
2019-08-28 19:04:45,114 [ForkJoinPool.commonPool-worker-1] INFO  handler.ContextHandler (ContextHandler.java:doStop(910)) - Stopped o.e.j.w.WebAppContext@2b284acc{/,null,UNAVAILABLE}{/hddsDatanode}
2019-08-28 19:04:45,114 [main] INFO  handler.ContextHandler (ContextHandler.java:doStop(910)) - Stopped o.e.j.s.ServletContextHandler@66a74cba{/logs,file:///workdir/hadoop-ozone/integration-test/target/log,UNAVAILABLE}
2019-08-28 19:04:45,115 [ForkJoinPool.commonPool-worker-1] INFO  server.AbstractConnector (AbstractConnector.java:doStop(318)) - Stopped ServerConnector@76e5278a{HTTP/1.1,[http/1.1]}{0.0.0.0:0}
2019-08-28 19:04:45,116 [ForkJoinPool.commonPool-worker-1] INFO  handler.ContextHandler (ContextHandler.java:doStop(910)) - Stopped o.e.j.s.ServletContextHandler@7d0ae3d1{/static,jar:file:/home/user/.m2/repository/org/apache/hadoop/hadoop-hdds-container-service/0.5.0-SNAPSHOT/hadoop-hdds-container-service-0.5.0-SNAPSHOT.jar!/webapps/static,UNAVAILABLE}
2019-08-28 19:04:45,117 [main] INFO  datanode.ObjectStoreHandler (ObjectStoreHandler.java:close(155)) - Closing ObjectStoreHandler.
2019-08-28 19:04:45,118 [ForkJoinPool.commonPool-worker-1] INFO  handler.ContextHandler (ContextHandler.java:doStop(910)) - Stopped o.e.j.s.ServletContextHandler@60483dcf{/logs,file:///workdir/hadoop-ozone/integration-test/target/log,UNAVAILABLE}
2019-08-28 19:04:45,118 [main] INFO  ozone.HddsDatanodeService (HddsDatanodeService.java:stop(451)) - Stopped plug-in org.apache.hadoop.ozone.web.OzoneHddsDatanodeService@52c482d9
2019-08-28 19:04:45,554 [Datanode State Machine Thread - 0] INFO  statemachine.DatanodeStateMachine (DatanodeStateMachine.java:lambda$startDaemon$0(350)) - Ozone container server started.
2019-08-28 19:04:45,777 [Thread-5117] INFO  impl.FollowerState (FollowerState.java:run(106)) - 04b92ac3-39b2-406b-bc61-5570adcbc657:group-E23FA03F1A8D changes to CANDIDATE, lastRpcTime:5139, electionTimeout:5139ms
2019-08-28 19:04:45,778 [Thread-5117] INFO  impl.RoleInfo (RoleInfo.java:shutdownFollowerState(121)) - 04b92ac3-39b2-406b-bc61-5570adcbc657: shutdown FollowerState
2019-08-28 19:04:45,778 [Thread-5117] INFO  impl.RaftServerImpl (RaftServerImpl.java:setRole(171)) - 04b92ac3-39b2-406b-bc61-5570adcbc657:group-E23FA03F1A8D changes role from FOLLOWER to CANDIDATE at term 5 for changeToCandidate
2019-08-28 19:04:45,778 [Thread-5117] INFO  impl.RoleInfo (RoleInfo.java:updateAndGet(143)) - 04b92ac3-39b2-406b-bc61-5570adcbc657: start LeaderElection
2019-08-28 19:04:45,816 [04b92ac3-39b2-406b-bc61-5570adcbc657:group-E23FA03F1A8D:LeaderElection117] INFO  impl.LeaderElection (LeaderElection.java:askForVotes(181)) - 04b92ac3-39b2-406b-bc61-5570adcbc657:group-E23FA03F1A8D:LeaderElection117: begin an election at term 6 for 0: [e1b50e67-c8fe-477b-ba6a-852460aa374a:192.168.69.102:34045, 04b92ac3-39b2-406b-bc61-5570adcbc657:192.168.69.102:34882, ce6b780e-8dc8-43df-9fdb-a1ffb55c35f1:192.168.69.102:37617], old=null
2019-08-28 19:04:45,817 [04b92ac3-39b2-406b-bc61-5570adcbc657:group-E23FA03F1A8D:LeaderElection117] INFO  impl.LeaderElection (LogUtils.java:infoOrTrace(149)) - 04b92ac3-39b2-406b-bc61-5570adcbc657:group-E23FA03F1A8D:LeaderElection117 got exception when requesting votes: {}
java.util.concurrent.ExecutionException: org.apache.ratis.thirdparty.io.grpc.StatusRuntimeException: UNAVAILABLE: io exception
	at java.util.concurrent.FutureTask.report(FutureTask.java:122)
	at java.util.concurrent.FutureTask.get(FutureTask.java:192)
	at org.apache.ratis.server.impl.LeaderElection.waitForResults(LeaderElection.java:262)
	at org.apache.ratis.server.impl.LeaderElection.askForVotes(LeaderElection.java:200)
	at org.apache.ratis.server.impl.LeaderElection.run(LeaderElection.java:130)
	at java.lang.Thread.run(Thread.java:748)
Caused by: org.apache.ratis.thirdparty.io.grpc.StatusRuntimeException: UNAVAILABLE: io exception
	at org.apache.ratis.thirdparty.io.grpc.stub.ClientCalls.toStatusRuntimeException(ClientCalls.java:233)
	at org.apache.ratis.thirdparty.io.grpc.stub.ClientCalls.getUnchecked(ClientCalls.java:214)
	at org.apache.ratis.thirdparty.io.grpc.stub.ClientCalls.blockingUnaryCall(ClientCalls.java:139)
	at org.apache.ratis.proto.grpc.RaftServerProtocolServiceGrpc$RaftServerProtocolServiceBlockingStub.requestVote(RaftServerProtocolServiceGrpc.java:265)
	at org.apache.ratis.grpc.server.GrpcServerProtocolClient.requestVote(GrpcServerProtocolClient.java:83)
	at org.apache.ratis.grpc.server.GrpcService.requestVote(GrpcService.java:195)
	at org.apache.ratis.server.impl.LeaderElection.lambda$submitRequests$1(LeaderElection.java:237)
	at java.util.concurrent.FutureTask.run(FutureTask.java:266)
	at java.util.concurrent.Executors$RunnableAdapter.call(Executors.java:511)
	at java.util.concurrent.FutureTask.run(FutureTask.java:266)
	at java.util.concurrent.ThreadPoolExecutor.runWorker(ThreadPoolExecutor.java:1149)
	at java.util.concurrent.ThreadPoolExecutor$Worker.run(ThreadPoolExecutor.java:624)
	... 1 more
Caused by: org.apache.ratis.thirdparty.io.netty.channel.AbstractChannel$AnnotatedConnectException: Connection refused: /192.168.69.102:34045
	at sun.nio.ch.SocketChannelImpl.checkConnect(Native Method)
	at sun.nio.ch.SocketChannelImpl.finishConnect(SocketChannelImpl.java:717)
	at org.apache.ratis.thirdparty.io.netty.channel.socket.nio.NioSocketChannel.doFinishConnect(NioSocketChannel.java:327)
	at org.apache.ratis.thirdparty.io.netty.channel.nio.AbstractNioChannel$AbstractNioUnsafe.finishConnect(AbstractNioChannel.java:340)
	at org.apache.ratis.thirdparty.io.netty.channel.nio.NioEventLoop.processSelectedKey(NioEventLoop.java:632)
	at org.apache.ratis.thirdparty.io.netty.channel.nio.NioEventLoop.processSelectedKeysOptimized(NioEventLoop.java:579)
	at org.apache.ratis.thirdparty.io.netty.channel.nio.NioEventLoop.processSelectedKeys(NioEventLoop.java:496)
	at org.apache.ratis.thirdparty.io.netty.channel.nio.NioEventLoop.run(NioEventLoop.java:458)
	at org.apache.ratis.thirdparty.io.netty.util.concurrent.SingleThreadEventExecutor$5.run(SingleThreadEventExecutor.java:897)
	at org.apache.ratis.thirdparty.io.netty.util.concurrent.FastThreadLocalRunnable.run(FastThreadLocalRunnable.java:30)
	... 1 more
Caused by: java.net.ConnectException: Connection refused
	... 11 more
2019-08-28 19:04:45,819 [04b92ac3-39b2-406b-bc61-5570adcbc657:group-E23FA03F1A8D:LeaderElection117] INFO  impl.LeaderElection (LogUtils.java:infoOrTrace(149)) - 04b92ac3-39b2-406b-bc61-5570adcbc657:group-E23FA03F1A8D:LeaderElection117 got exception when requesting votes: {}
java.util.concurrent.ExecutionException: org.apache.ratis.thirdparty.io.grpc.StatusRuntimeException: UNAVAILABLE: io exception
	at java.util.concurrent.FutureTask.report(FutureTask.java:122)
	at java.util.concurrent.FutureTask.get(FutureTask.java:192)
	at org.apache.ratis.server.impl.LeaderElection.waitForResults(LeaderElection.java:262)
	at org.apache.ratis.server.impl.LeaderElection.askForVotes(LeaderElection.java:200)
	at org.apache.ratis.server.impl.LeaderElection.run(LeaderElection.java:130)
	at java.lang.Thread.run(Thread.java:748)
Caused by: org.apache.ratis.thirdparty.io.grpc.StatusRuntimeException: UNAVAILABLE: io exception
	at org.apache.ratis.thirdparty.io.grpc.stub.ClientCalls.toStatusRuntimeException(ClientCalls.java:233)
	at org.apache.ratis.thirdparty.io.grpc.stub.ClientCalls.getUnchecked(ClientCalls.java:214)
	at org.apache.ratis.thirdparty.io.grpc.stub.ClientCalls.blockingUnaryCall(ClientCalls.java:139)
	at org.apache.ratis.proto.grpc.RaftServerProtocolServiceGrpc$RaftServerProtocolServiceBlockingStub.requestVote(RaftServerProtocolServiceGrpc.java:265)
	at org.apache.ratis.grpc.server.GrpcServerProtocolClient.requestVote(GrpcServerProtocolClient.java:83)
	at org.apache.ratis.grpc.server.GrpcService.requestVote(GrpcService.java:195)
	at org.apache.ratis.server.impl.LeaderElection.lambda$submitRequests$1(LeaderElection.java:237)
	at java.util.concurrent.FutureTask.run(FutureTask.java:266)
	at java.util.concurrent.Executors$RunnableAdapter.call(Executors.java:511)
	at java.util.concurrent.FutureTask.run(FutureTask.java:266)
	at java.util.concurrent.ThreadPoolExecutor.runWorker(ThreadPoolExecutor.java:1149)
	at java.util.concurrent.ThreadPoolExecutor$Worker.run(ThreadPoolExecutor.java:624)
	... 1 more
Caused by: org.apache.ratis.thirdparty.io.netty.channel.AbstractChannel$AnnotatedConnectException: Connection refused: /192.168.69.102:37617
	at sun.nio.ch.SocketChannelImpl.checkConnect(Native Method)
	at sun.nio.ch.SocketChannelImpl.finishConnect(SocketChannelImpl.java:717)
	at org.apache.ratis.thirdparty.io.netty.channel.socket.nio.NioSocketChannel.doFinishConnect(NioSocketChannel.java:327)
	at org.apache.ratis.thirdparty.io.netty.channel.nio.AbstractNioChannel$AbstractNioUnsafe.finishConnect(AbstractNioChannel.java:340)
	at org.apache.ratis.thirdparty.io.netty.channel.nio.NioEventLoop.processSelectedKey(NioEventLoop.java:632)
	at org.apache.ratis.thirdparty.io.netty.channel.nio.NioEventLoop.processSelectedKeysOptimized(NioEventLoop.java:579)
	at org.apache.ratis.thirdparty.io.netty.channel.nio.NioEventLoop.processSelectedKeys(NioEventLoop.java:496)
	at org.apache.ratis.thirdparty.io.netty.channel.nio.NioEventLoop.run(NioEventLoop.java:458)
	at org.apache.ratis.thirdparty.io.netty.util.concurrent.SingleThreadEventExecutor$5.run(SingleThreadEventExecutor.java:897)
	at org.apache.ratis.thirdparty.io.netty.util.concurrent.FastThreadLocalRunnable.run(FastThreadLocalRunnable.java:30)
	... 1 more
Caused by: java.net.ConnectException: Connection refused
	... 11 more
2019-08-28 19:04:45,820 [04b92ac3-39b2-406b-bc61-5570adcbc657:group-E23FA03F1A8D:LeaderElection117] INFO  impl.LeaderElection (LeaderElection.java:logAndReturn(56)) - 04b92ac3-39b2-406b-bc61-5570adcbc657:group-E23FA03F1A8D:LeaderElection117: Election REJECTED; received 0 response(s) [] and 2 exception(s); 04b92ac3-39b2-406b-bc61-5570adcbc657:t6, leader=null, voted=04b92ac3-39b2-406b-bc61-5570adcbc657, raftlog=04b92ac3-39b2-406b-bc61-5570adcbc657-SegmentedRaftLog:OPENED:c16,f16,i16, conf=0: [e1b50e67-c8fe-477b-ba6a-852460aa374a:192.168.69.102:34045, 04b92ac3-39b2-406b-bc61-5570adcbc657:192.168.69.102:34882, ce6b780e-8dc8-43df-9fdb-a1ffb55c35f1:192.168.69.102:37617], old=null
2019-08-28 19:04:45,821 [04b92ac3-39b2-406b-bc61-5570adcbc657:group-E23FA03F1A8D:LeaderElection117] INFO  impl.LeaderElection (LogUtils.java:infoOrTrace(149)) -   Exception 0: {}
java.util.concurrent.ExecutionException: org.apache.ratis.thirdparty.io.grpc.StatusRuntimeException: UNAVAILABLE: io exception
	at java.util.concurrent.FutureTask.report(FutureTask.java:122)
	at java.util.concurrent.FutureTask.get(FutureTask.java:192)
	at org.apache.ratis.server.impl.LeaderElection.waitForResults(LeaderElection.java:262)
	at org.apache.ratis.server.impl.LeaderElection.askForVotes(LeaderElection.java:200)
	at org.apache.ratis.server.impl.LeaderElection.run(LeaderElection.java:130)
	at java.lang.Thread.run(Thread.java:748)
Caused by: org.apache.ratis.thirdparty.io.grpc.StatusRuntimeException: UNAVAILABLE: io exception
	at org.apache.ratis.thirdparty.io.grpc.stub.ClientCalls.toStatusRuntimeException(ClientCalls.java:233)
	at org.apache.ratis.thirdparty.io.grpc.stub.ClientCalls.getUnchecked(ClientCalls.java:214)
	at org.apache.ratis.thirdparty.io.grpc.stub.ClientCalls.blockingUnaryCall(ClientCalls.java:139)
	at org.apache.ratis.proto.grpc.RaftServerProtocolServiceGrpc$RaftServerProtocolServiceBlockingStub.requestVote(RaftServerProtocolServiceGrpc.java:265)
	at org.apache.ratis.grpc.server.GrpcServerProtocolClient.requestVote(GrpcServerProtocolClient.java:83)
	at org.apache.ratis.grpc.server.GrpcService.requestVote(GrpcService.java:195)
	at org.apache.ratis.server.impl.LeaderElection.lambda$submitRequests$1(LeaderElection.java:237)
	at java.util.concurrent.FutureTask.run(FutureTask.java:266)
	at java.util.concurrent.Executors$RunnableAdapter.call(Executors.java:511)
	at java.util.concurrent.FutureTask.run(FutureTask.java:266)
	at java.util.concurrent.ThreadPoolExecutor.runWorker(ThreadPoolExecutor.java:1149)
	at java.util.concurrent.ThreadPoolExecutor$Worker.run(ThreadPoolExecutor.java:624)
	... 1 more
Caused by: org.apache.ratis.thirdparty.io.netty.channel.AbstractChannel$AnnotatedConnectException: Connection refused: /192.168.69.102:34045
	at sun.nio.ch.SocketChannelImpl.checkConnect(Native Method)
	at sun.nio.ch.SocketChannelImpl.finishConnect(SocketChannelImpl.java:717)
	at org.apache.ratis.thirdparty.io.netty.channel.socket.nio.NioSocketChannel.doFinishConnect(NioSocketChannel.java:327)
	at org.apache.ratis.thirdparty.io.netty.channel.nio.AbstractNioChannel$AbstractNioUnsafe.finishConnect(AbstractNioChannel.java:340)
	at org.apache.ratis.thirdparty.io.netty.channel.nio.NioEventLoop.processSelectedKey(NioEventLoop.java:632)
	at org.apache.ratis.thirdparty.io.netty.channel.nio.NioEventLoop.processSelectedKeysOptimized(NioEventLoop.java:579)
	at org.apache.ratis.thirdparty.io.netty.channel.nio.NioEventLoop.processSelectedKeys(NioEventLoop.java:496)
	at org.apache.ratis.thirdparty.io.netty.channel.nio.NioEventLoop.run(NioEventLoop.java:458)
	at org.apache.ratis.thirdparty.io.netty.util.concurrent.SingleThreadEventExecutor$5.run(SingleThreadEventExecutor.java:897)
	at org.apache.ratis.thirdparty.io.netty.util.concurrent.FastThreadLocalRunnable.run(FastThreadLocalRunnable.java:30)
	... 1 more
Caused by: java.net.ConnectException: Connection refused
	... 11 more
2019-08-28 19:04:45,821 [04b92ac3-39b2-406b-bc61-5570adcbc657:group-E23FA03F1A8D:LeaderElection117] INFO  impl.LeaderElection (LogUtils.java:infoOrTrace(149)) -   Exception 1: {}
java.util.concurrent.ExecutionException: org.apache.ratis.thirdparty.io.grpc.StatusRuntimeException: UNAVAILABLE: io exception
	at java.util.concurrent.FutureTask.report(FutureTask.java:122)
	at java.util.concurrent.FutureTask.get(FutureTask.java:192)
	at org.apache.ratis.server.impl.LeaderElection.waitForResults(LeaderElection.java:262)
	at org.apache.ratis.server.impl.LeaderElection.askForVotes(LeaderElection.java:200)
	at org.apache.ratis.server.impl.LeaderElection.run(LeaderElection.java:130)
	at java.lang.Thread.run(Thread.java:748)
Caused by: org.apache.ratis.thirdparty.io.grpc.StatusRuntimeException: UNAVAILABLE: io exception
	at org.apache.ratis.thirdparty.io.grpc.stub.ClientCalls.toStatusRuntimeException(ClientCalls.java:233)
	at org.apache.ratis.thirdparty.io.grpc.stub.ClientCalls.getUnchecked(ClientCalls.java:214)
	at org.apache.ratis.thirdparty.io.grpc.stub.ClientCalls.blockingUnaryCall(ClientCalls.java:139)
	at org.apache.ratis.proto.grpc.RaftServerProtocolServiceGrpc$RaftServerProtocolServiceBlockingStub.requestVote(RaftServerProtocolServiceGrpc.java:265)
	at org.apache.ratis.grpc.server.GrpcServerProtocolClient.requestVote(GrpcServerProtocolClient.java:83)
	at org.apache.ratis.grpc.server.GrpcService.requestVote(GrpcService.java:195)
	at org.apache.ratis.server.impl.LeaderElection.lambda$submitRequests$1(LeaderElection.java:237)
	at java.util.concurrent.FutureTask.run(FutureTask.java:266)
	at java.util.concurrent.Executors$RunnableAdapter.call(Executors.java:511)
	at java.util.concurrent.FutureTask.run(FutureTask.java:266)
	at java.util.concurrent.ThreadPoolExecutor.runWorker(ThreadPoolExecutor.java:1149)
	at java.util.concurrent.ThreadPoolExecutor$Worker.run(ThreadPoolExecutor.java:624)
	... 1 more
Caused by: org.apache.ratis.thirdparty.io.netty.channel.AbstractChannel$AnnotatedConnectException: Connection refused: /192.168.69.102:37617
	at sun.nio.ch.SocketChannelImpl.checkConnect(Native Method)
	at sun.nio.ch.SocketChannelImpl.finishConnect(SocketChannelImpl.java:717)
	at org.apache.ratis.thirdparty.io.netty.channel.socket.nio.NioSocketChannel.doFinishConnect(NioSocketChannel.java:327)
	at org.apache.ratis.thirdparty.io.netty.channel.nio.AbstractNioChannel$AbstractNioUnsafe.finishConnect(AbstractNioChannel.java:340)
	at org.apache.ratis.thirdparty.io.netty.channel.nio.NioEventLoop.processSelectedKey(NioEventLoop.java:632)
	at org.apache.ratis.thirdparty.io.netty.channel.nio.NioEventLoop.processSelectedKeysOptimized(NioEventLoop.java:579)
	at org.apache.ratis.thirdparty.io.netty.channel.nio.NioEventLoop.processSelectedKeys(NioEventLoop.java:496)
	at org.apache.ratis.thirdparty.io.netty.channel.nio.NioEventLoop.run(NioEventLoop.java:458)
	at org.apache.ratis.thirdparty.io.netty.util.concurrent.SingleThreadEventExecutor$5.run(SingleThreadEventExecutor.java:897)
	at org.apache.ratis.thirdparty.io.netty.util.concurrent.FastThreadLocalRunnable.run(FastThreadLocalRunnable.java:30)
	... 1 more
Caused by: java.net.ConnectException: Connection refused
	... 11 more
2019-08-28 19:04:45,821 [04b92ac3-39b2-406b-bc61-5570adcbc657:group-E23FA03F1A8D:LeaderElection117] INFO  impl.RaftServerImpl (RaftServerImpl.java:setRole(171)) - 04b92ac3-39b2-406b-bc61-5570adcbc657:group-E23FA03F1A8D changes role from CANDIDATE to FOLLOWER at term 6 for DISCOVERED_A_NEW_TERM
2019-08-28 19:04:45,821 [04b92ac3-39b2-406b-bc61-5570adcbc657:group-E23FA03F1A8D:LeaderElection117] INFO  impl.RoleInfo (RoleInfo.java:shutdownLeaderElection(134)) - 04b92ac3-39b2-406b-bc61-5570adcbc657: shutdown LeaderElection
2019-08-28 19:04:45,821 [04b92ac3-39b2-406b-bc61-5570adcbc657:group-E23FA03F1A8D:LeaderElection117] INFO  impl.RoleInfo (RoleInfo.java:updateAndGet(143)) - 04b92ac3-39b2-406b-bc61-5570adcbc657: start FollowerState
2019-08-28 19:04:49,608 [EventQueue-StaleNodeForStaleNodeHandler] INFO  node.StaleNodeHandler (StaleNodeHandler.java:onMessage(58)) - Datanode 04b92ac3-39b2-406b-bc61-5570adcbc657{ip: 192.168.69.102, host: pr-hdds-1783-trunk-gtrxg-786569963, networkLocation: /default-rack, certSerialId: null} moved to stale state. Finalizing its pipelines [PipelineID=72f0cf05-7480-4d0d-b557-e23fa03f1a8d, PipelineID=69962094-239f-43af-b875-378813d75ba4]
2019-08-28 19:04:49,609 [EventQueue-StaleNodeForStaleNodeHandler] INFO  pipeline.SCMPipelineManager (SCMPipelineManager.java:finalizeAndDestroyPipeline(309)) - destroying pipeline:Pipeline[ Id: 72f0cf05-7480-4d0d-b557-e23fa03f1a8d, Nodes: e1b50e67-c8fe-477b-ba6a-852460aa374a{ip: 192.168.69.102, host: pr-hdds-1783-trunk-gtrxg-786569963, networkLocation: /default-rack, certSerialId: null}ce6b780e-8dc8-43df-9fdb-a1ffb55c35f1{ip: 192.168.69.102, host: pr-hdds-1783-trunk-gtrxg-786569963, networkLocation: /default-rack, certSerialId: null}04b92ac3-39b2-406b-bc61-5570adcbc657{ip: 192.168.69.102, host: pr-hdds-1783-trunk-gtrxg-786569963, networkLocation: /default-rack, certSerialId: null}, Type:RATIS, Factor:THREE, State:CLOSED]
2019-08-28 19:04:49,609 [EventQueue-StaleNodeForStaleNodeHandler] INFO  pipeline.SCMPipelineManager (SCMPipelineManager.java:finalizeAndDestroyPipeline(309)) - destroying pipeline:Pipeline[ Id: 69962094-239f-43af-b875-378813d75ba4, Nodes: 04b92ac3-39b2-406b-bc61-5570adcbc657{ip: 192.168.69.102, host: pr-hdds-1783-trunk-gtrxg-786569963, networkLocation: /default-rack, certSerialId: null}, Type:RATIS, Factor:ONE, State:OPEN]
2019-08-28 19:04:49,609 [EventQueue-StaleNodeForStaleNodeHandler] INFO  pipeline.PipelineStateManager (PipelineStateManager.java:finalizePipeline(123)) - Pipeline Pipeline[ Id: 69962094-239f-43af-b875-378813d75ba4, Nodes: 04b92ac3-39b2-406b-bc61-5570adcbc657{ip: 192.168.69.102, host: pr-hdds-1783-trunk-gtrxg-786569963, networkLocation: /default-rack, certSerialId: null}, Type:RATIS, Factor:ONE, State:CLOSED] moved to CLOSED state
2019-08-28 19:04:50,119 [main] INFO  ozoneimpl.OzoneContainer (OzoneContainer.java:stop(199)) - Attempting to stop container services.
2019-08-28 19:04:50,119 [main] INFO  impl.RaftServerProxy (RaftServerProxy.java:lambda$close$4(314)) - 04b92ac3-39b2-406b-bc61-5570adcbc657: close
2019-08-28 19:04:50,120 [main] INFO  impl.RaftServerImpl (RaftServerImpl.java:lambda$shutdown$3(245)) - 04b92ac3-39b2-406b-bc61-5570adcbc657: shutdown group-E23FA03F1A8D
2019-08-28 19:04:50,120 [ForkJoinPool.commonPool-worker-0] INFO  impl.RaftServerImpl (RaftServerImpl.java:lambda$shutdown$3(245)) - 04b92ac3-39b2-406b-bc61-5570adcbc657: shutdown group-378813D75BA4
2019-08-28 19:04:50,121 [main] INFO  util.JmxRegister (JmxRegister.java:unregister(73)) - Successfully un-registered JMX Bean with object name Ratis:service=RaftServer,group=group-E23FA03F1A8D,id=04b92ac3-39b2-406b-bc61-5570adcbc657
2019-08-28 19:04:50,121 [main] INFO  impl.RoleInfo (RoleInfo.java:shutdownFollowerState(121)) - 04b92ac3-39b2-406b-bc61-5570adcbc657: shutdown FollowerState
2019-08-28 19:04:50,121 [ForkJoinPool.commonPool-worker-0] INFO  util.JmxRegister (JmxRegister.java:unregister(73)) - Successfully un-registered JMX Bean with object name Ratis:service=RaftServer,group=group-378813D75BA4,id=04b92ac3-39b2-406b-bc61-5570adcbc657
2019-08-28 19:04:50,122 [StateMachineUpdater:04b92ac3-39b2-406b-bc61-5570adcbc657:group-E23FA03F1A8D] INFO  ratis.ContainerStateMachine (ContainerStateMachine.java:takeSnapshot(283)) - group-E23FA03F1A8D: Taking a snapshot at:(t:4, i:16) file /workdir/hadoop-ozone/integration-test/target/test-dir/MiniOzoneClusterImpl-707007af-a3e3-45d7-ab83-09aed58cd643/datanode-5/data/ratis/72f0cf05-7480-4d0d-b557-e23fa03f1a8d/sm/snapshot.4_16
2019-08-28 19:04:50,122 [Thread-5139] INFO  impl.FollowerState (FollowerState.java:run(114)) - 04b92ac3-39b2-406b-bc61-5570adcbc657: FollowerState was interrupted: java.lang.InterruptedException: sleep interrupted
2019-08-28 19:04:50,122 [ForkJoinPool.commonPool-worker-0] INFO  impl.RoleInfo (RoleInfo.java:shutdownLeaderState(104)) - 04b92ac3-39b2-406b-bc61-5570adcbc657: shutdown LeaderState
2019-08-28 19:04:50,121 [main] INFO  impl.StateMachineUpdater (StateMachineUpdater.java:stopAndJoin(115)) - StateMachineUpdater:04b92ac3-39b2-406b-bc61-5570adcbc657:group-E23FA03F1A8D: set stopIndex = 16
2019-08-28 19:04:50,124 [ForkJoinPool.commonPool-worker-0] INFO  impl.PendingRequests (PendingRequests.java:sendNotLeaderResponses(202)) - 04b92ac3-39b2-406b-bc61-5570adcbc657-PendingRequests: sendNotLeaderResponses
2019-08-28 19:04:50,124 [ForkJoinPool.commonPool-worker-0] INFO  impl.StateMachineUpdater (StateMachineUpdater.java:stopAndJoin(115)) - StateMachineUpdater:04b92ac3-39b2-406b-bc61-5570adcbc657:group-378813D75BA4: set stopIndex = 0
2019-08-28 19:04:50,125 [ForkJoinPool.commonPool-worker-0] INFO  impl.RaftServerImpl (ServerState.java:close(394)) - 04b92ac3-39b2-406b-bc61-5570adcbc657:group-378813D75BA4 closes. The last applied log index is 0
2019-08-28 19:04:50,125 [04b92ac3-39b2-406b-bc61-5570adcbc657-SegmentedRaftLogWorker:Storage Directory /workdir/hadoop-ozone/integration-test/target/test-dir/MiniOzoneClusterImpl-707007af-a3e3-45d7-ab83-09aed58cd643/datanode-5/data/ratis/69962094-239f-43af-b875-378813d75ba4] INFO  segmented.SegmentedRaftLogWorker (SegmentedRaftLogWorker.java:run(313)) - 04b92ac3-39b2-406b-bc61-5570adcbc657-SegmentedRaftLogWorker:Storage Directory /workdir/hadoop-ozone/integration-test/target/test-dir/MiniOzoneClusterImpl-707007af-a3e3-45d7-ab83-09aed58cd643/datanode-5/data/ratis/69962094-239f-43af-b875-378813d75ba4 was interrupted, exiting. There are 0 tasks remaining in the queue.
2019-08-28 19:04:50,125 [ForkJoinPool.commonPool-worker-0] INFO  segmented.SegmentedRaftLogWorker (SegmentedRaftLogWorker.java:close(228)) - 04b92ac3-39b2-406b-bc61-5570adcbc657-SegmentedRaftLogWorker:Storage Directory /workdir/hadoop-ozone/integration-test/target/test-dir/MiniOzoneClusterImpl-707007af-a3e3-45d7-ab83-09aed58cd643/datanode-5/data/ratis/69962094-239f-43af-b875-378813d75ba4 close()
2019-08-28 19:04:50,150 [StateMachineUpdater:04b92ac3-39b2-406b-bc61-5570adcbc657:group-E23FA03F1A8D] INFO  ratis.ContainerStateMachine (ContainerStateMachine.java:takeSnapshot(294)) - group-E23FA03F1A8D: Finished taking a snapshot at:(t:4, i:16) file:/workdir/hadoop-ozone/integration-test/target/test-dir/MiniOzoneClusterImpl-707007af-a3e3-45d7-ab83-09aed58cd643/datanode-5/data/ratis/72f0cf05-7480-4d0d-b557-e23fa03f1a8d/sm/snapshot.4_16 time:28
2019-08-28 19:04:50,150 [StateMachineUpdater:04b92ac3-39b2-406b-bc61-5570adcbc657:group-E23FA03F1A8D] INFO  impl.StateMachineUpdater (StateMachineUpdater.java:takeSnapshot(242)) - StateMachineUpdater:04b92ac3-39b2-406b-bc61-5570adcbc657:group-E23FA03F1A8D: Took a snapshot at index 16
2019-08-28 19:04:50,150 [StateMachineUpdater:04b92ac3-39b2-406b-bc61-5570adcbc657:group-E23FA03F1A8D] INFO  impl.StateMachineUpdater (StateMachineUpdater.java:lambda$new$0(80)) - StateMachineUpdater:04b92ac3-39b2-406b-bc61-5570adcbc657:group-E23FA03F1A8D: snapshotIndex: updateIncreasingly -1 -> 16
2019-08-28 19:04:50,150 [main] INFO  impl.RaftServerImpl (ServerState.java:close(394)) - 04b92ac3-39b2-406b-bc61-5570adcbc657:group-E23FA03F1A8D closes. The last applied log index is 16
2019-08-28 19:04:50,151 [04b92ac3-39b2-406b-bc61-5570adcbc657-SegmentedRaftLogWorker:Storage Directory /workdir/hadoop-ozone/integration-test/target/test-dir/MiniOzoneClusterImpl-707007af-a3e3-45d7-ab83-09aed58cd643/datanode-5/data/ratis/72f0cf05-7480-4d0d-b557-e23fa03f1a8d] INFO  segmented.SegmentedRaftLogWorker (SegmentedRaftLogWorker.java:run(313)) - 04b92ac3-39b2-406b-bc61-5570adcbc657-SegmentedRaftLogWorker:Storage Directory /workdir/hadoop-ozone/integration-test/target/test-dir/MiniOzoneClusterImpl-707007af-a3e3-45d7-ab83-09aed58cd643/datanode-5/data/ratis/72f0cf05-7480-4d0d-b557-e23fa03f1a8d was interrupted, exiting. There are 0 tasks remaining in the queue.
2019-08-28 19:04:50,151 [main] INFO  segmented.SegmentedRaftLogWorker (SegmentedRaftLogWorker.java:close(228)) - 04b92ac3-39b2-406b-bc61-5570adcbc657-SegmentedRaftLogWorker:Storage Directory /workdir/hadoop-ozone/integration-test/target/test-dir/MiniOzoneClusterImpl-707007af-a3e3-45d7-ab83-09aed58cd643/datanode-5/data/ratis/72f0cf05-7480-4d0d-b557-e23fa03f1a8d close()
2019-08-28 19:04:50,153 [main] INFO  server.GrpcService (GrpcService.java:closeImpl(155)) - 04b92ac3-39b2-406b-bc61-5570adcbc657: shutdown server with port 34882 now
2019-08-28 19:04:50,153 [main] INFO  server.GrpcService (GrpcService.java:closeImpl(163)) - 04b92ac3-39b2-406b-bc61-5570adcbc657: shutdown server with port 34882 successfully
2019-08-28 19:04:50,156 [main] INFO  utils.BackgroundService (BackgroundService.java:shutdown(148)) - Shutting down service BlockDeletingService
2019-08-28 19:04:50,158 [refreshUsed-/workdir/hadoop-ozone/integration-test/target/test-dir/MiniOzoneClusterImpl-707007af-a3e3-45d7-ab83-09aed58cd643/datanode-5/data/containers] WARN  fs.CachingGetSpaceUsed (CachingGetSpaceUsed.java:run(183)) - Thread Interrupted waiting to refresh disk information: sleep interrupted
2019-08-28 19:04:50,174 [main] INFO  statemachine.DatanodeStateMachine (DatanodeStateMachine.java:stopDaemon(395)) - Ozone container server stopped.
2019-08-28 19:04:50,175 [main] INFO  handler.ContextHandler (ContextHandler.java:doStop(910)) - Stopped o.e.j.w.WebAppContext@27035f4f{/,null,UNAVAILABLE}{/hddsDatanode}
2019-08-28 19:04:50,176 [main] INFO  server.AbstractConnector (AbstractConnector.java:doStop(318)) - Stopped ServerConnector@60d1b2a7{HTTP/1.1,[http/1.1]}{0.0.0.0:0}
2019-08-28 19:04:50,176 [main] INFO  handler.ContextHandler (ContextHandler.java:doStop(910)) - Stopped o.e.j.s.ServletContextHandler@46b7c89b{/static,jar:file:/home/user/.m2/repository/org/apache/hadoop/hadoop-hdds-container-service/0.5.0-SNAPSHOT/hadoop-hdds-container-service-0.5.0-SNAPSHOT.jar!/webapps/static,UNAVAILABLE}
2019-08-28 19:04:50,177 [main] INFO  handler.ContextHandler (ContextHandler.java:doStop(910)) - Stopped o.e.j.s.ServletContextHandler@6f939588{/logs,file:///workdir/hadoop-ozone/integration-test/target/log,UNAVAILABLE}
2019-08-28 19:04:50,177 [main] INFO  ozone.MiniOzoneClusterImpl (MiniOzoneClusterImpl.java:stop(353)) - Stopping the StorageContainerManager
2019-08-28 19:04:50,177 [main] INFO  server.StorageContainerManager (StorageContainerManager.java:stop(797)) - Stopping Replication Manager Service.
2019-08-28 19:04:50,178 [main] INFO  container.ReplicationManager (ReplicationManager.java:stop(193)) - Stopping Replication Monitor Thread.
2019-08-28 19:04:50,178 [main] INFO  server.StorageContainerManager (StorageContainerManager.java:stop(804)) - Stopping Lease Manager of the command watchers
2019-08-28 19:04:50,178 [main] INFO  server.StorageContainerManager (StorageContainerManager.java:stop(811)) - Stopping datanode service RPC server
2019-08-28 19:04:50,178 [main] INFO  server.SCMDatanodeProtocolServer (SCMDatanodeProtocolServer.java:stop(367)) - Stopping the RPC server for DataNodes
2019-08-28 19:04:50,178 [main] INFO  ipc.Server (Server.java:stop(3082)) - Stopping server on 35556
2019-08-28 19:04:50,180 [IPC Server listener on 35556] INFO  ipc.Server (Server.java:run(1185)) - Stopping IPC Server listener on 35556
2019-08-28 19:04:50,181 [IPC Server Responder] INFO  ipc.Server (Server.java:run(1319)) - Stopping IPC Server Responder
2019-08-28 19:04:50,209 [SCM Heartbeat Processing Thread - 0] WARN  node.NodeStateManager (NodeStateManager.java:scheduleNextHealthCheck(646)) - Current Thread is interrupted, shutting down HB processing thread for Node Manager.
2019-08-28 19:04:50,209 [main] INFO  server.StorageContainerManager (StorageContainerManager.java:stop(819)) - Stopping block service RPC server
2019-08-28 19:04:50,210 [main] INFO  server.SCMBlockProtocolServer (SCMBlockProtocolServer.java:stop(148)) - Stopping the RPC server for Block Protocol
2019-08-28 19:04:50,210 [main] INFO  ipc.Server (Server.java:stop(3082)) - Stopping server on 45778
2019-08-28 19:04:50,212 [IPC Server listener on 45778] INFO  ipc.Server (Server.java:run(1185)) - Stopping IPC Server listener on 45778
2019-08-28 19:04:50,212 [main] INFO  server.StorageContainerManager (StorageContainerManager.java:stop(826)) - Stopping the StorageContainerLocationProtocol RPC server
2019-08-28 19:04:50,213 [IPC Server Responder] INFO  ipc.Server (Server.java:run(1319)) - Stopping IPC Server Responder
2019-08-28 19:04:50,213 [main] INFO  server.SCMClientProtocolServer (SCMClientProtocolServer.java:stop(159)) - Stopping the RPC server for Client Protocol
2019-08-28 19:04:50,214 [main] INFO  ipc.Server (Server.java:stop(3082)) - Stopping server on 34781
2019-08-28 19:04:50,215 [IPC Server listener on 34781] INFO  ipc.Server (Server.java:run(1185)) - Stopping IPC Server listener on 34781
2019-08-28 19:04:50,215 [main] INFO  server.StorageContainerManager (StorageContainerManager.java:stop(833)) - Stopping Storage Container Manager HTTP server.
2019-08-28 19:04:50,217 [IPC Server Responder] INFO  ipc.Server (Server.java:run(1319)) - Stopping IPC Server Responder
2019-08-28 19:04:50,217 [main] INFO  handler.ContextHandler (ContextHandler.java:doStop(910)) - Stopped o.e.j.w.WebAppContext@66a5f996{/,null,UNAVAILABLE}{/scm}
2019-08-28 19:04:50,218 [main] INFO  server.AbstractConnector (AbstractConnector.java:doStop(318)) - Stopped ServerConnector@6cddb04c{HTTP/1.1,[http/1.1]}{0.0.0.0:0}
2019-08-28 19:04:50,218 [main] INFO  handler.ContextHandler (ContextHandler.java:doStop(910)) - Stopped o.e.j.s.ServletContextHandler@74a15f4{/static,file:///workdir/hadoop-ozone/integration-test/target/test-classes/webapps/static,UNAVAILABLE}
2019-08-28 19:04:50,218 [main] INFO  handler.ContextHandler (ContextHandler.java:doStop(910)) - Stopped o.e.j.s.ServletContextHandler@794ffe22{/logs,file:///workdir/hadoop-ozone/integration-test/target/log,UNAVAILABLE}
2019-08-28 19:04:50,219 [main] INFO  server.StorageContainerManager (StorageContainerManager.java:stop(844)) - Stopping Block Manager Service.
2019-08-28 19:04:50,219 [main] INFO  utils.BackgroundService (BackgroundService.java:shutdown(148)) - Shutting down service SCMBlockDeletingService
2019-08-28 19:04:50,219 [main] INFO  utils.BackgroundService (BackgroundService.java:shutdown(148)) - Shutting down service SCMBlockDeletingService
2019-08-28 19:04:50,220 [main] INFO  server.StorageContainerManager (StorageContainerManager.java:stop(866)) - Stopping SCM Event Queue.
2019-08-28 19:04:50,223 [main] INFO  impl.MetricsSystemImpl (MetricsSystemImpl.java:stop(210)) - Stopping HddsDatanode metrics system...
2019-08-28 19:04:50,238 [main] INFO  impl.MetricsSystemImpl (MetricsSystemImpl.java:stop(216)) - HddsDatanode metrics system stopped.
]]></system-out>
    <system-err><![CDATA[Aug 28, 2019 7:03:50 PM com.sun.jersey.server.impl.application.WebApplicationImpl _initiate
INFO: Initiating Jersey application, version 'Jersey: 1.19 02/11/2015 03:25 AM'
Aug 28, 2019 7:03:50 PM com.sun.jersey.server.impl.application.WebApplicationImpl _initiate
INFO: Initiating Jersey application, version 'Jersey: 1.19 02/11/2015 03:25 AM'
Aug 28, 2019 7:03:50 PM com.sun.jersey.server.impl.application.WebApplicationImpl _initiate
INFO: Initiating Jersey application, version 'Jersey: 1.19 02/11/2015 03:25 AM'
Aug 28, 2019 7:03:50 PM com.sun.jersey.server.impl.application.WebApplicationImpl _initiate
INFO: Initiating Jersey application, version 'Jersey: 1.19 02/11/2015 03:25 AM'
Aug 28, 2019 7:03:50 PM com.sun.jersey.server.impl.application.WebApplicationImpl _initiate
INFO: Initiating Jersey application, version 'Jersey: 1.19 02/11/2015 03:25 AM'
Aug 28, 2019 7:03:51 PM org.apache.ratis.thirdparty.io.grpc.internal.ManagedChannelOrphanWrapper$ManagedChannelReference cleanQueue
SEVERE: *~*~*~ Channel ManagedChannelImpl{logId=3622, target=192.168.69.102:40019} was not shutdown properly!!! ~*~*~*
    Make sure to call shutdown()/shutdownNow() and wait until awaitTermination() returns true.
java.lang.RuntimeException: ManagedChannel allocation site
	at org.apache.ratis.thirdparty.io.grpc.internal.ManagedChannelOrphanWrapper$ManagedChannelReference.<init>(ManagedChannelOrphanWrapper.java:103)
	at org.apache.ratis.thirdparty.io.grpc.internal.ManagedChannelOrphanWrapper.<init>(ManagedChannelOrphanWrapper.java:53)
	at org.apache.ratis.thirdparty.io.grpc.internal.ManagedChannelOrphanWrapper.<init>(ManagedChannelOrphanWrapper.java:44)
	at org.apache.ratis.thirdparty.io.grpc.internal.AbstractManagedChannelImplBuilder.build(AbstractManagedChannelImplBuilder.java:411)
	at org.apache.hadoop.hdds.scm.XceiverClientGrpc.connectToDatanode(XceiverClientGrpc.java:174)
	at org.apache.hadoop.hdds.scm.XceiverClientGrpc.reconnect(XceiverClientGrpc.java:422)
	at org.apache.hadoop.hdds.scm.XceiverClientGrpc.sendCommandAsync(XceiverClientGrpc.java:371)
	at org.apache.hadoop.hdds.scm.XceiverClientGrpc.sendCommandWithRetry(XceiverClientGrpc.java:284)
	at org.apache.hadoop.hdds.scm.XceiverClientGrpc.sendCommandWithTraceIDAndRetry(XceiverClientGrpc.java:250)
	at org.apache.hadoop.hdds.scm.XceiverClientGrpc.sendCommand(XceiverClientGrpc.java:233)
	at org.apache.hadoop.hdds.scm.storage.ContainerProtocolCalls.readChunk(ContainerProtocolCalls.java:245)
	at org.apache.hadoop.hdds.scm.storage.ChunkInputStream.readChunk(ChunkInputStream.java:335)
	at org.apache.hadoop.hdds.scm.storage.ChunkInputStream.readChunkFromContainer(ChunkInputStream.java:307)
	at org.apache.hadoop.hdds.scm.storage.ChunkInputStream.prepareRead(ChunkInputStream.java:259)
	at org.apache.hadoop.hdds.scm.storage.ChunkInputStream.read(ChunkInputStream.java:144)
	at org.apache.hadoop.hdds.scm.storage.BlockInputStream.read(BlockInputStream.java:239)
	at org.apache.hadoop.ozone.client.io.KeyInputStream.read(KeyInputStream.java:171)
	at org.apache.hadoop.ozone.client.io.OzoneInputStream.read(OzoneInputStream.java:47)
	at java.io.InputStream.read(InputStream.java:101)
	at org.apache.hadoop.ozone.container.ContainerTestHelper.validateData(ContainerTestHelper.java:713)
	at org.apache.hadoop.ozone.client.rpc.TestBlockOutputStreamWithFailures.validateData(TestBlockOutputStreamWithFailures.java:1216)
	at org.apache.hadoop.ozone.client.rpc.TestBlockOutputStreamWithFailures.testFailureWithPrimeSizedData(TestBlockOutputStreamWithFailures.java:662)
	at sun.reflect.NativeMethodAccessorImpl.invoke0(Native Method)
	at sun.reflect.NativeMethodAccessorImpl.invoke(NativeMethodAccessorImpl.java:62)
	at sun.reflect.DelegatingMethodAccessorImpl.invoke(DelegatingMethodAccessorImpl.java:43)
	at java.lang.reflect.Method.invoke(Method.java:498)
	at org.junit.runners.model.FrameworkMethod$1.runReflectiveCall(FrameworkMethod.java:47)
	at org.junit.internal.runners.model.ReflectiveCallable.run(ReflectiveCallable.java:12)
	at org.junit.runners.model.FrameworkMethod.invokeExplosively(FrameworkMethod.java:44)
	at org.junit.internal.runners.statements.InvokeMethod.evaluate(InvokeMethod.java:17)
	at org.junit.internal.runners.statements.RunBefores.evaluate(RunBefores.java:26)
	at org.junit.internal.runners.statements.RunAfters.evaluate(RunAfters.java:27)
	at org.junit.runners.ParentRunner.runLeaf(ParentRunner.java:271)
	at org.junit.runners.BlockJUnit4ClassRunner.runChild(BlockJUnit4ClassRunner.java:70)
	at org.junit.runners.BlockJUnit4ClassRunner.runChild(BlockJUnit4ClassRunner.java:50)
	at org.junit.runners.ParentRunner$3.run(ParentRunner.java:238)
	at org.junit.runners.ParentRunner$1.schedule(ParentRunner.java:63)
	at org.junit.runners.ParentRunner.runChildren(ParentRunner.java:236)
	at org.junit.runners.ParentRunner.access$000(ParentRunner.java:53)
	at org.junit.runners.ParentRunner$2.evaluate(ParentRunner.java:229)
	at org.junit.runners.ParentRunner.run(ParentRunner.java:309)
	at org.apache.maven.surefire.junit4.JUnit4Provider.execute(JUnit4Provider.java:365)
	at org.apache.maven.surefire.junit4.JUnit4Provider.executeWithRerun(JUnit4Provider.java:273)
	at org.apache.maven.surefire.junit4.JUnit4Provider.executeTestSet(JUnit4Provider.java:238)
	at org.apache.maven.surefire.junit4.JUnit4Provider.invoke(JUnit4Provider.java:159)
	at org.apache.maven.surefire.booter.ForkedBooter.invokeProviderInSameClassLoader(ForkedBooter.java:384)
	at org.apache.maven.surefire.booter.ForkedBooter.runSuitesInProcess(ForkedBooter.java:345)
	at org.apache.maven.surefire.booter.ForkedBooter.execute(ForkedBooter.java:126)
	at org.apache.maven.surefire.booter.ForkedBooter.main(ForkedBooter.java:418)

Aug 28, 2019 7:03:51 PM org.apache.ratis.thirdparty.io.grpc.internal.ManagedChannelOrphanWrapper$ManagedChannelReference cleanQueue
SEVERE: *~*~*~ Channel ManagedChannelImpl{logId=3617, target=192.168.69.102:39848} was not shutdown properly!!! ~*~*~*
    Make sure to call shutdown()/shutdownNow() and wait until awaitTermination() returns true.
java.lang.RuntimeException: ManagedChannel allocation site
	at org.apache.ratis.thirdparty.io.grpc.internal.ManagedChannelOrphanWrapper$ManagedChannelReference.<init>(ManagedChannelOrphanWrapper.java:103)
	at org.apache.ratis.thirdparty.io.grpc.internal.ManagedChannelOrphanWrapper.<init>(ManagedChannelOrphanWrapper.java:53)
	at org.apache.ratis.thirdparty.io.grpc.internal.ManagedChannelOrphanWrapper.<init>(ManagedChannelOrphanWrapper.java:44)
	at org.apache.ratis.thirdparty.io.grpc.internal.AbstractManagedChannelImplBuilder.build(AbstractManagedChannelImplBuilder.java:411)
	at org.apache.hadoop.hdds.scm.XceiverClientGrpc.connectToDatanode(XceiverClientGrpc.java:174)
	at org.apache.hadoop.hdds.scm.XceiverClientGrpc.reconnect(XceiverClientGrpc.java:422)
	at org.apache.hadoop.hdds.scm.XceiverClientGrpc.sendCommandAsync(XceiverClientGrpc.java:371)
	at org.apache.hadoop.hdds.scm.XceiverClientGrpc.sendCommandWithRetry(XceiverClientGrpc.java:284)
	at org.apache.hadoop.hdds.scm.XceiverClientGrpc.sendCommandWithTraceIDAndRetry(XceiverClientGrpc.java:250)
	at org.apache.hadoop.hdds.scm.XceiverClientGrpc.sendCommand(XceiverClientGrpc.java:233)
	at org.apache.hadoop.hdds.scm.storage.ContainerProtocolCalls.getBlock(ContainerProtocolCalls.java:118)
	at org.apache.hadoop.hdds.scm.storage.BlockInputStream.getChunkInfos(BlockInputStream.java:167)
	at org.apache.hadoop.hdds.scm.storage.BlockInputStream.initialize(BlockInputStream.java:118)
	at org.apache.hadoop.hdds.scm.storage.BlockInputStream.read(BlockInputStream.java:222)
	at org.apache.hadoop.ozone.client.io.KeyInputStream.read(KeyInputStream.java:171)
	at org.apache.hadoop.ozone.client.io.OzoneInputStream.read(OzoneInputStream.java:47)
	at java.io.InputStream.read(InputStream.java:101)
	at org.apache.hadoop.ozone.container.ContainerTestHelper.validateData(ContainerTestHelper.java:713)
	at org.apache.hadoop.ozone.client.rpc.TestBlockOutputStreamWithFailures.validateData(TestBlockOutputStreamWithFailures.java:1216)
	at org.apache.hadoop.ozone.client.rpc.TestBlockOutputStreamWithFailures.testFailureWithPrimeSizedData(TestBlockOutputStreamWithFailures.java:662)
	at sun.reflect.NativeMethodAccessorImpl.invoke0(Native Method)
	at sun.reflect.NativeMethodAccessorImpl.invoke(NativeMethodAccessorImpl.java:62)
	at sun.reflect.DelegatingMethodAccessorImpl.invoke(DelegatingMethodAccessorImpl.java:43)
	at java.lang.reflect.Method.invoke(Method.java:498)
	at org.junit.runners.model.FrameworkMethod$1.runReflectiveCall(FrameworkMethod.java:47)
	at org.junit.internal.runners.model.ReflectiveCallable.run(ReflectiveCallable.java:12)
	at org.junit.runners.model.FrameworkMethod.invokeExplosively(FrameworkMethod.java:44)
	at org.junit.internal.runners.statements.InvokeMethod.evaluate(InvokeMethod.java:17)
	at org.junit.internal.runners.statements.RunBefores.evaluate(RunBefores.java:26)
	at org.junit.internal.runners.statements.RunAfters.evaluate(RunAfters.java:27)
	at org.junit.runners.ParentRunner.runLeaf(ParentRunner.java:271)
	at org.junit.runners.BlockJUnit4ClassRunner.runChild(BlockJUnit4ClassRunner.java:70)
	at org.junit.runners.BlockJUnit4ClassRunner.runChild(BlockJUnit4ClassRunner.java:50)
	at org.junit.runners.ParentRunner$3.run(ParentRunner.java:238)
	at org.junit.runners.ParentRunner$1.schedule(ParentRunner.java:63)
	at org.junit.runners.ParentRunner.runChildren(ParentRunner.java:236)
	at org.junit.runners.ParentRunner.access$000(ParentRunner.java:53)
	at org.junit.runners.ParentRunner$2.evaluate(ParentRunner.java:229)
	at org.junit.runners.ParentRunner.run(ParentRunner.java:309)
	at org.apache.maven.surefire.junit4.JUnit4Provider.execute(JUnit4Provider.java:365)
	at org.apache.maven.surefire.junit4.JUnit4Provider.executeWithRerun(JUnit4Provider.java:273)
	at org.apache.maven.surefire.junit4.JUnit4Provider.executeTestSet(JUnit4Provider.java:238)
	at org.apache.maven.surefire.junit4.JUnit4Provider.invoke(JUnit4Provider.java:159)
	at org.apache.maven.surefire.booter.ForkedBooter.invokeProviderInSameClassLoader(ForkedBooter.java:384)
	at org.apache.maven.surefire.booter.ForkedBooter.runSuitesInProcess(ForkedBooter.java:345)
	at org.apache.maven.surefire.booter.ForkedBooter.execute(ForkedBooter.java:126)
	at org.apache.maven.surefire.booter.ForkedBooter.main(ForkedBooter.java:418)

Aug 28, 2019 7:03:51 PM org.apache.ratis.thirdparty.io.grpc.internal.ManagedChannelOrphanWrapper$ManagedChannelReference cleanQueue
SEVERE: *~*~*~ Channel ManagedChannelImpl{logId=3576, target=192.168.69.102:33013} was not shutdown properly!!! ~*~*~*
    Make sure to call shutdown()/shutdownNow() and wait until awaitTermination() returns true.
java.lang.RuntimeException: ManagedChannel allocation site
	at org.apache.ratis.thirdparty.io.grpc.internal.ManagedChannelOrphanWrapper$ManagedChannelReference.<init>(ManagedChannelOrphanWrapper.java:103)
	at org.apache.ratis.thirdparty.io.grpc.internal.ManagedChannelOrphanWrapper.<init>(ManagedChannelOrphanWrapper.java:53)
	at org.apache.ratis.thirdparty.io.grpc.internal.ManagedChannelOrphanWrapper.<init>(ManagedChannelOrphanWrapper.java:44)
	at org.apache.ratis.thirdparty.io.grpc.internal.AbstractManagedChannelImplBuilder.build(AbstractManagedChannelImplBuilder.java:411)
	at org.apache.ratis.grpc.client.GrpcClientProtocolClient.<init>(GrpcClientProtocolClient.java:119)
	at org.apache.ratis.grpc.client.GrpcClientRpc.lambda$new$0(GrpcClientRpc.java:55)
	at org.apache.ratis.util.PeerProxyMap$PeerAndProxy.lambda$getProxy$0(PeerProxyMap.java:61)
	at org.apache.ratis.util.LifeCycle.startAndTransition(LifeCycle.java:202)
	at org.apache.ratis.util.PeerProxyMap$PeerAndProxy.getProxy(PeerProxyMap.java:60)
	at org.apache.ratis.util.PeerProxyMap.getProxy(PeerProxyMap.java:107)
	at org.apache.ratis.grpc.client.GrpcClientRpc.sendRequestAsync(GrpcClientRpc.java:66)
	at org.apache.ratis.client.impl.OrderedAsync.sendRequest(OrderedAsync.java:208)
	at org.apache.ratis.client.impl.OrderedAsync.sendRequestWithRetry(OrderedAsync.java:169)
	at org.apache.ratis.util.SlidingWindow$Client.sendOrDelayRequest(SlidingWindow.java:278)
	at org.apache.ratis.util.SlidingWindow$Client.retry(SlidingWindow.java:294)
	at org.apache.ratis.client.impl.OrderedAsync.lambda$scheduleWithTimeout$7(OrderedAsync.java:195)
	at org.apache.ratis.util.TimeoutScheduler.lambda$onTimeout$0(TimeoutScheduler.java:85)
	at org.apache.ratis.util.TimeoutScheduler.lambda$onTimeout$1(TimeoutScheduler.java:104)
	at org.apache.ratis.util.LogUtils.runAndLog(LogUtils.java:50)
	at org.apache.ratis.util.LogUtils$1.run(LogUtils.java:91)
	at java.util.concurrent.Executors$RunnableAdapter.call(Executors.java:511)
	at java.util.concurrent.FutureTask.run(FutureTask.java:266)
	at java.util.concurrent.ScheduledThreadPoolExecutor$ScheduledFutureTask.access$201(ScheduledThreadPoolExecutor.java:180)
	at java.util.concurrent.ScheduledThreadPoolExecutor$ScheduledFutureTask.run(ScheduledThreadPoolExecutor.java:293)
	at java.util.concurrent.ThreadPoolExecutor.runWorker(ThreadPoolExecutor.java:1149)
	at java.util.concurrent.ThreadPoolExecutor$Worker.run(ThreadPoolExecutor.java:624)
	at java.lang.Thread.run(Thread.java:748)

Aug 28, 2019 7:03:51 PM org.apache.ratis.thirdparty.io.grpc.internal.ManagedChannelOrphanWrapper$ManagedChannelReference cleanQueue
SEVERE: *~*~*~ Channel ManagedChannelImpl{logId=3612, target=192.168.69.102:36010} was not shutdown properly!!! ~*~*~*
    Make sure to call shutdown()/shutdownNow() and wait until awaitTermination() returns true.
java.lang.RuntimeException: ManagedChannel allocation site
	at org.apache.ratis.thirdparty.io.grpc.internal.ManagedChannelOrphanWrapper$ManagedChannelReference.<init>(ManagedChannelOrphanWrapper.java:103)
	at org.apache.ratis.thirdparty.io.grpc.internal.ManagedChannelOrphanWrapper.<init>(ManagedChannelOrphanWrapper.java:53)
	at org.apache.ratis.thirdparty.io.grpc.internal.ManagedChannelOrphanWrapper.<init>(ManagedChannelOrphanWrapper.java:44)
	at org.apache.ratis.thirdparty.io.grpc.internal.AbstractManagedChannelImplBuilder.build(AbstractManagedChannelImplBuilder.java:411)
	at org.apache.hadoop.hdds.scm.XceiverClientGrpc.connectToDatanode(XceiverClientGrpc.java:174)
	at org.apache.hadoop.hdds.scm.XceiverClientGrpc.reconnect(XceiverClientGrpc.java:422)
	at org.apache.hadoop.hdds.scm.XceiverClientGrpc.sendCommandAsync(XceiverClientGrpc.java:371)
	at org.apache.hadoop.hdds.scm.XceiverClientGrpc.sendCommandWithRetry(XceiverClientGrpc.java:284)
	at org.apache.hadoop.hdds.scm.XceiverClientGrpc.sendCommandWithTraceIDAndRetry(XceiverClientGrpc.java:250)
	at org.apache.hadoop.hdds.scm.XceiverClientGrpc.sendCommand(XceiverClientGrpc.java:233)
	at org.apache.hadoop.hdds.scm.storage.ContainerProtocolCalls.readChunk(ContainerProtocolCalls.java:245)
	at org.apache.hadoop.hdds.scm.storage.ChunkInputStream.readChunk(ChunkInputStream.java:335)
	at org.apache.hadoop.hdds.scm.storage.ChunkInputStream.readChunkFromContainer(ChunkInputStream.java:307)
	at org.apache.hadoop.hdds.scm.storage.ChunkInputStream.prepareRead(ChunkInputStream.java:259)
	at org.apache.hadoop.hdds.scm.storage.ChunkInputStream.read(ChunkInputStream.java:144)
	at org.apache.hadoop.hdds.scm.storage.BlockInputStream.read(BlockInputStream.java:239)
	at org.apache.hadoop.ozone.client.io.KeyInputStream.read(KeyInputStream.java:171)
	at org.apache.hadoop.ozone.client.io.OzoneInputStream.read(OzoneInputStream.java:47)
	at java.io.InputStream.read(InputStream.java:101)
	at org.apache.hadoop.ozone.container.ContainerTestHelper.validateData(ContainerTestHelper.java:713)
	at org.apache.hadoop.ozone.client.rpc.TestBlockOutputStreamWithFailures.validateData(TestBlockOutputStreamWithFailures.java:1216)
	at org.apache.hadoop.ozone.client.rpc.TestBlockOutputStreamWithFailures.testFailureWithPrimeSizedData(TestBlockOutputStreamWithFailures.java:662)
	at sun.reflect.NativeMethodAccessorImpl.invoke0(Native Method)
	at sun.reflect.NativeMethodAccessorImpl.invoke(NativeMethodAccessorImpl.java:62)
	at sun.reflect.DelegatingMethodAccessorImpl.invoke(DelegatingMethodAccessorImpl.java:43)
	at java.lang.reflect.Method.invoke(Method.java:498)
	at org.junit.runners.model.FrameworkMethod$1.runReflectiveCall(FrameworkMethod.java:47)
	at org.junit.internal.runners.model.ReflectiveCallable.run(ReflectiveCallable.java:12)
	at org.junit.runners.model.FrameworkMethod.invokeExplosively(FrameworkMethod.java:44)
	at org.junit.internal.runners.statements.InvokeMethod.evaluate(InvokeMethod.java:17)
	at org.junit.internal.runners.statements.RunBefores.evaluate(RunBefores.java:26)
	at org.junit.internal.runners.statements.RunAfters.evaluate(RunAfters.java:27)
	at org.junit.runners.ParentRunner.runLeaf(ParentRunner.java:271)
	at org.junit.runners.BlockJUnit4ClassRunner.runChild(BlockJUnit4ClassRunner.java:70)
	at org.junit.runners.BlockJUnit4ClassRunner.runChild(BlockJUnit4ClassRunner.java:50)
	at org.junit.runners.ParentRunner$3.run(ParentRunner.java:238)
	at org.junit.runners.ParentRunner$1.schedule(ParentRunner.java:63)
	at org.junit.runners.ParentRunner.runChildren(ParentRunner.java:236)
	at org.junit.runners.ParentRunner.access$000(ParentRunner.java:53)
	at org.junit.runners.ParentRunner$2.evaluate(ParentRunner.java:229)
	at org.junit.runners.ParentRunner.run(ParentRunner.java:309)
	at org.apache.maven.surefire.junit4.JUnit4Provider.execute(JUnit4Provider.java:365)
	at org.apache.maven.surefire.junit4.JUnit4Provider.executeWithRerun(JUnit4Provider.java:273)
	at org.apache.maven.surefire.junit4.JUnit4Provider.executeTestSet(JUnit4Provider.java:238)
	at org.apache.maven.surefire.junit4.JUnit4Provider.invoke(JUnit4Provider.java:159)
	at org.apache.maven.surefire.booter.ForkedBooter.invokeProviderInSameClassLoader(ForkedBooter.java:384)
	at org.apache.maven.surefire.booter.ForkedBooter.runSuitesInProcess(ForkedBooter.java:345)
	at org.apache.maven.surefire.booter.ForkedBooter.execute(ForkedBooter.java:126)
	at org.apache.maven.surefire.booter.ForkedBooter.main(ForkedBooter.java:418)

Aug 28, 2019 7:03:51 PM org.apache.ratis.thirdparty.io.grpc.internal.ManagedChannelOrphanWrapper$ManagedChannelReference cleanQueue
SEVERE: *~*~*~ Channel ManagedChannelImpl{logId=3603, target=192.168.69.102:37850} was not shutdown properly!!! ~*~*~*
    Make sure to call shutdown()/shutdownNow() and wait until awaitTermination() returns true.
java.lang.RuntimeException: ManagedChannel allocation site
	at org.apache.ratis.thirdparty.io.grpc.internal.ManagedChannelOrphanWrapper$ManagedChannelReference.<init>(ManagedChannelOrphanWrapper.java:103)
	at org.apache.ratis.thirdparty.io.grpc.internal.ManagedChannelOrphanWrapper.<init>(ManagedChannelOrphanWrapper.java:53)
	at org.apache.ratis.thirdparty.io.grpc.internal.ManagedChannelOrphanWrapper.<init>(ManagedChannelOrphanWrapper.java:44)
	at org.apache.ratis.thirdparty.io.grpc.internal.AbstractManagedChannelImplBuilder.build(AbstractManagedChannelImplBuilder.java:411)
	at org.apache.hadoop.hdds.scm.XceiverClientGrpc.connectToDatanode(XceiverClientGrpc.java:174)
	at org.apache.hadoop.hdds.scm.XceiverClientGrpc.reconnect(XceiverClientGrpc.java:422)
	at org.apache.hadoop.hdds.scm.XceiverClientGrpc.sendCommandAsync(XceiverClientGrpc.java:371)
	at org.apache.hadoop.hdds.scm.XceiverClientGrpc.sendCommandWithRetry(XceiverClientGrpc.java:284)
	at org.apache.hadoop.hdds.scm.XceiverClientGrpc.sendCommandWithTraceIDAndRetry(XceiverClientGrpc.java:250)
	at org.apache.hadoop.hdds.scm.XceiverClientGrpc.sendCommand(XceiverClientGrpc.java:233)
	at org.apache.hadoop.hdds.scm.storage.ContainerProtocolCalls.getBlock(ContainerProtocolCalls.java:118)
	at org.apache.hadoop.hdds.scm.storage.BlockInputStream.getChunkInfos(BlockInputStream.java:167)
	at org.apache.hadoop.hdds.scm.storage.BlockInputStream.initialize(BlockInputStream.java:118)
	at org.apache.hadoop.hdds.scm.storage.BlockInputStream.read(BlockInputStream.java:222)
	at org.apache.hadoop.ozone.client.io.KeyInputStream.read(KeyInputStream.java:171)
	at org.apache.hadoop.ozone.client.io.OzoneInputStream.read(OzoneInputStream.java:47)
	at java.io.InputStream.read(InputStream.java:101)
	at org.apache.hadoop.ozone.container.ContainerTestHelper.validateData(ContainerTestHelper.java:713)
	at org.apache.hadoop.ozone.client.rpc.TestBlockOutputStreamWithFailures.validateData(TestBlockOutputStreamWithFailures.java:1216)
	at org.apache.hadoop.ozone.client.rpc.TestBlockOutputStreamWithFailures.testFailureWithPrimeSizedData(TestBlockOutputStreamWithFailures.java:662)
	at sun.reflect.NativeMethodAccessorImpl.invoke0(Native Method)
	at sun.reflect.NativeMethodAccessorImpl.invoke(NativeMethodAccessorImpl.java:62)
	at sun.reflect.DelegatingMethodAccessorImpl.invoke(DelegatingMethodAccessorImpl.java:43)
	at java.lang.reflect.Method.invoke(Method.java:498)
	at org.junit.runners.model.FrameworkMethod$1.runReflectiveCall(FrameworkMethod.java:47)
	at org.junit.internal.runners.model.ReflectiveCallable.run(ReflectiveCallable.java:12)
	at org.junit.runners.model.FrameworkMethod.invokeExplosively(FrameworkMethod.java:44)
	at org.junit.internal.runners.statements.InvokeMethod.evaluate(InvokeMethod.java:17)
	at org.junit.internal.runners.statements.RunBefores.evaluate(RunBefores.java:26)
	at org.junit.internal.runners.statements.RunAfters.evaluate(RunAfters.java:27)
	at org.junit.runners.ParentRunner.runLeaf(ParentRunner.java:271)
	at org.junit.runners.BlockJUnit4ClassRunner.runChild(BlockJUnit4ClassRunner.java:70)
	at org.junit.runners.BlockJUnit4ClassRunner.runChild(BlockJUnit4ClassRunner.java:50)
	at org.junit.runners.ParentRunner$3.run(ParentRunner.java:238)
	at org.junit.runners.ParentRunner$1.schedule(ParentRunner.java:63)
	at org.junit.runners.ParentRunner.runChildren(ParentRunner.java:236)
	at org.junit.runners.ParentRunner.access$000(ParentRunner.java:53)
	at org.junit.runners.ParentRunner$2.evaluate(ParentRunner.java:229)
	at org.junit.runners.ParentRunner.run(ParentRunner.java:309)
	at org.apache.maven.surefire.junit4.JUnit4Provider.execute(JUnit4Provider.java:365)
	at org.apache.maven.surefire.junit4.JUnit4Provider.executeWithRerun(JUnit4Provider.java:273)
	at org.apache.maven.surefire.junit4.JUnit4Provider.executeTestSet(JUnit4Provider.java:238)
	at org.apache.maven.surefire.junit4.JUnit4Provider.invoke(JUnit4Provider.java:159)
	at org.apache.maven.surefire.booter.ForkedBooter.invokeProviderInSameClassLoader(ForkedBooter.java:384)
	at org.apache.maven.surefire.booter.ForkedBooter.runSuitesInProcess(ForkedBooter.java:345)
	at org.apache.maven.surefire.booter.ForkedBooter.execute(ForkedBooter.java:126)
	at org.apache.maven.surefire.booter.ForkedBooter.main(ForkedBooter.java:418)

Aug 28, 2019 7:03:51 PM org.apache.ratis.thirdparty.io.grpc.internal.ManagedChannelOrphanWrapper$ManagedChannelReference cleanQueue
SEVERE: *~*~*~ Channel ManagedChannelImpl{logId=3598, target=192.168.69.102:34445} was not shutdown properly!!! ~*~*~*
    Make sure to call shutdown()/shutdownNow() and wait until awaitTermination() returns true.
java.lang.RuntimeException: ManagedChannel allocation site
	at org.apache.ratis.thirdparty.io.grpc.internal.ManagedChannelOrphanWrapper$ManagedChannelReference.<init>(ManagedChannelOrphanWrapper.java:103)
	at org.apache.ratis.thirdparty.io.grpc.internal.ManagedChannelOrphanWrapper.<init>(ManagedChannelOrphanWrapper.java:53)
	at org.apache.ratis.thirdparty.io.grpc.internal.ManagedChannelOrphanWrapper.<init>(ManagedChannelOrphanWrapper.java:44)
	at org.apache.ratis.thirdparty.io.grpc.internal.AbstractManagedChannelImplBuilder.build(AbstractManagedChannelImplBuilder.java:411)
	at org.apache.ratis.grpc.client.GrpcClientProtocolClient.<init>(GrpcClientProtocolClient.java:119)
	at org.apache.ratis.grpc.client.GrpcClientRpc.lambda$new$0(GrpcClientRpc.java:55)
	at org.apache.ratis.util.PeerProxyMap$PeerAndProxy.lambda$getProxy$0(PeerProxyMap.java:61)
	at org.apache.ratis.util.LifeCycle.startAndTransition(LifeCycle.java:202)
	at org.apache.ratis.util.PeerProxyMap$PeerAndProxy.getProxy(PeerProxyMap.java:60)
	at org.apache.ratis.util.PeerProxyMap.getProxy(PeerProxyMap.java:107)
	at org.apache.ratis.grpc.client.GrpcClientRpc.sendRequestAsync(GrpcClientRpc.java:66)
	at org.apache.ratis.client.impl.OrderedAsync.sendRequest(OrderedAsync.java:208)
	at org.apache.ratis.client.impl.OrderedAsync.sendRequestWithRetry(OrderedAsync.java:169)
	at org.apache.ratis.util.SlidingWindow$Client.sendOrDelayRequest(SlidingWindow.java:278)
	at org.apache.ratis.util.SlidingWindow$Client.retry(SlidingWindow.java:294)
	at org.apache.ratis.client.impl.OrderedAsync.lambda$scheduleWithTimeout$7(OrderedAsync.java:195)
	at org.apache.ratis.util.TimeoutScheduler.lambda$onTimeout$0(TimeoutScheduler.java:85)
	at org.apache.ratis.util.TimeoutScheduler.lambda$onTimeout$1(TimeoutScheduler.java:104)
	at org.apache.ratis.util.LogUtils.runAndLog(LogUtils.java:50)
	at org.apache.ratis.util.LogUtils$1.run(LogUtils.java:91)
	at java.util.concurrent.Executors$RunnableAdapter.call(Executors.java:511)
	at java.util.concurrent.FutureTask.run(FutureTask.java:266)
	at java.util.concurrent.ScheduledThreadPoolExecutor$ScheduledFutureTask.access$201(ScheduledThreadPoolExecutor.java:180)
	at java.util.concurrent.ScheduledThreadPoolExecutor$ScheduledFutureTask.run(ScheduledThreadPoolExecutor.java:293)
	at java.util.concurrent.ThreadPoolExecutor.runWorker(ThreadPoolExecutor.java:1149)
	at java.util.concurrent.ThreadPoolExecutor$Worker.run(ThreadPoolExecutor.java:624)
	at java.lang.Thread.run(Thread.java:748)

Aug 28, 2019 7:03:51 PM com.sun.jersey.server.impl.application.WebApplicationImpl _initiate
INFO: Initiating Jersey application, version 'Jersey: 1.19 02/11/2015 03:25 AM'
Aug 28, 2019 7:03:51 PM com.sun.jersey.server.impl.application.WebApplicationImpl _initiate
INFO: Initiating Jersey application, version 'Jersey: 1.19 02/11/2015 03:25 AM'
]]></system-err>
  </testcase>
  <testcase name="testExceptionDuringClose" classname="org.apache.hadoop.ozone.client.rpc.TestBlockOutputStreamWithFailures" time="37.495"/>
</testsuite>