<?xml version="1.0" encoding="UTF-8"?>
<testsuite xmlns:xsi="http://www.w3.org/2001/XMLSchema-instance" xsi:noNamespaceSchemaLocation="https://maven.apache.org/surefire/maven-surefire-plugin/xsd/surefire-test-report.xsd" name="org.apache.hadoop.ozone.client.rpc.TestWatchForCommit" time="290.269" tests="5" errors="1" skipped="0" failures="0">
  <properties>
    <property name="awt.toolkit" value="sun.awt.X11.XToolkit"/>
    <property name="file.encoding.pkg" value="sun.io"/>
    <property name="java.specification.version" value="1.8"/>
    <property name="sun.cpu.isalist" value=""/>
    <property name="sun.jnu.encoding" value="UTF-8"/>
    <property name="java.class.path" value="/workdir/hadoop-ozone/integration-test/target/test-classes:/workdir/hadoop-ozone/integration-test/target/classes:/home/user/.m2/repository/org/apache/hadoop/hadoop-ozone-common/0.5.0-SNAPSHOT/hadoop-ozone-common-0.5.0-SNAPSHOT.jar:/home/user/.m2/repository/org/apache/commons/commons-compress/1.4.1/commons-compress-1.4.1.jar:/home/user/.m2/repository/org/tukaani/xz/1.0/xz-1.0.jar:/home/user/.m2/repository/org/apache/hadoop/hadoop-common/3.2.0/hadoop-common-3.2.0.jar:/home/user/.m2/repository/org/apache/hadoop/hadoop-hdfs/3.2.0/hadoop-hdfs-3.2.0.jar:/home/user/.m2/repository/org/apache/hadoop/hadoop-hdfs-client/3.2.0/hadoop-hdfs-client-3.2.0.jar:/home/user/.m2/repository/com/fasterxml/jackson/core/jackson-annotations/2.9.5/jackson-annotations-2.9.5.jar:/home/user/.m2/repository/org/apache/hadoop/hadoop-hdds-common/0.5.0-SNAPSHOT/hadoop-hdds-common-0.5.0-SNAPSHOT.jar:/home/user/.m2/repository/javax/annotation/javax.annotation-api/1.2/javax.annotation-api-1.2.jar:/home/user/.m2/repository/org/apache/ratis/ratis-server/0.4.0-2337318-SNAPSHOT/ratis-server-0.4.0-2337318-SNAPSHOT.jar:/home/user/.m2/repository/org/apache/ratis/ratis-thirdparty-misc/0.2.0/ratis-thirdparty-misc-0.2.0.jar:/home/user/.m2/repository/org/apache/ratis/ratis-proto/0.4.0-2337318-SNAPSHOT/ratis-proto-0.4.0-2337318-SNAPSHOT.jar:/home/user/.m2/repository/org/apache/ratis/ratis-common/0.4.0-2337318-SNAPSHOT/ratis-common-0.4.0-2337318-SNAPSHOT.jar:/home/user/.m2/repository/org/apache/ratis/ratis-client/0.4.0-2337318-SNAPSHOT/ratis-client-0.4.0-2337318-SNAPSHOT.jar:/home/user/.m2/repository/org/apache/ratis/ratis-metrics/0.4.0-2337318-SNAPSHOT/ratis-metrics-0.4.0-2337318-SNAPSHOT.jar:/home/user/.m2/repository/org/apache/ratis/ratis-netty/0.4.0-2337318-SNAPSHOT/ratis-netty-0.4.0-2337318-SNAPSHOT.jar:/home/user/.m2/repository/org/apache/ratis/ratis-grpc/0.4.0-2337318-SNAPSHOT/ratis-grpc-0.4.0-2337318-SNAPSHOT.jar:/home/user/.m2/repository/org/rocksdb/rocksdbjni/6.0.1/rocksdbjni-6.0.1.jar:/home/user/.m2/repository/org/apache/logging/log4j/log4j-api/2.11.0/log4j-api-2.11.0.jar:/home/user/.m2/repository/org/apache/logging/log4j/log4j-core/2.11.0/log4j-core-2.11.0.jar:/home/user/.m2/repository/com/lmax/disruptor/3.4.2/disruptor-3.4.2.jar:/home/user/.m2/repository/org/apache/commons/commons-pool2/2.6.0/commons-pool2-2.6.0.jar:/home/user/.m2/repository/org/bouncycastle/bcpkix-jdk15on/1.60/bcpkix-jdk15on-1.60.jar:/home/user/.m2/repository/commons-validator/commons-validator/1.6/commons-validator-1.6.jar:/home/user/.m2/repository/commons-digester/commons-digester/1.8.1/commons-digester-1.8.1.jar:/home/user/.m2/repository/io/jaegertracing/jaeger-client/0.33.1/jaeger-client-0.33.1.jar:/home/user/.m2/repository/io/jaegertracing/jaeger-thrift/0.33.1/jaeger-thrift-0.33.1.jar:/home/user/.m2/repository/org/apache/thrift/libthrift/0.11.0/libthrift-0.11.0.jar:/home/user/.m2/repository/com/squareup/okhttp3/okhttp/3.9.0/okhttp-3.9.0.jar:/home/user/.m2/repository/com/squareup/okio/okio/1.13.0/okio-1.13.0.jar:/home/user/.m2/repository/io/jaegertracing/jaeger-core/0.33.1/jaeger-core-0.33.1.jar:/home/user/.m2/repository/io/jaegertracing/jaeger-tracerresolver/0.33.1/jaeger-tracerresolver-0.33.1.jar:/home/user/.m2/repository/io/opentracing/contrib/opentracing-tracerresolver/0.1.5/opentracing-tracerresolver-0.1.5.jar:/home/user/.m2/repository/io/opentracing/opentracing-util/0.31.0/opentracing-util-0.31.0.jar:/home/user/.m2/repository/io/opentracing/opentracing-api/0.31.0/opentracing-api-0.31.0.jar:/home/user/.m2/repository/io/opentracing/opentracing-noop/0.31.0/opentracing-noop-0.31.0.jar:/home/user/.m2/repository/org/apache/hadoop/hadoop-hdds-server-framework/0.5.0-SNAPSHOT/hadoop-hdds-server-framework-0.5.0-SNAPSHOT.jar:/home/user/.m2/repository/org/apache/hadoop/hadoop-hdds-container-service/0.5.0-SNAPSHOT/hadoop-hdds-container-service-0.5.0-SNAPSHOT.jar:/home/user/.m2/repository/org/apache/hadoop/hadoop-hdds-client/0.5.0-SNAPSHOT/hadoop-hdds-client-0.5.0-SNAPSHOT.jar:/home/user/.m2/repository/org/apache/hadoop/hadoop-hdds-tools/0.5.0-SNAPSHOT/hadoop-hdds-tools-0.5.0-SNAPSHOT.jar:/home/user/.m2/repository/org/apache/hadoop/hadoop-hdds-server-scm/0.5.0-SNAPSHOT/hadoop-hdds-server-scm-0.5.0-SNAPSHOT.jar:/home/user/.m2/repository/org/apache/hadoop/hadoop-hdds-docs/0.5.0-SNAPSHOT/hadoop-hdds-docs-0.5.0-SNAPSHOT.jar:/home/user/.m2/repository/io/dropwizard/metrics/metrics-core/3.2.4/metrics-core-3.2.4.jar:/home/user/.m2/repository/org/hamcrest/hamcrest-all/1.3/hamcrest-all-1.3.jar:/home/user/.m2/repository/org/bouncycastle/bcprov-jdk15on/1.60/bcprov-jdk15on-1.60.jar:/home/user/.m2/repository/info/picocli/picocli/3.9.6/picocli-3.9.6.jar:/home/user/.m2/repository/com/google/protobuf/protobuf-java/2.5.0/protobuf-java-2.5.0.jar:/home/user/.m2/repository/com/google/guava/guava/11.0.2/guava-11.0.2.jar:/home/user/.m2/repository/org/apache/hadoop/hadoop-ozone-ozone-manager/0.5.0-SNAPSHOT/hadoop-ozone-ozone-manager-0.5.0-SNAPSHOT.jar:/home/user/.m2/repository/org/apache/hadoop/hadoop-minikdc/3.2.0/hadoop-minikdc-3.2.0.jar:/home/user/.m2/repository/commons-io/commons-io/2.5/commons-io-2.5.jar:/home/user/.m2/repository/org/apache/kerby/kerb-simplekdc/1.0.1/kerb-simplekdc-1.0.1.jar:/home/user/.m2/repository/org/apache/kerby/kerb-client/1.0.1/kerb-client-1.0.1.jar:/home/user/.m2/repository/org/apache/kerby/kerby-config/1.0.1/kerby-config-1.0.1.jar:/home/user/.m2/repository/org/apache/kerby/kerb-core/1.0.1/kerb-core-1.0.1.jar:/home/user/.m2/repository/org/apache/kerby/kerby-pkix/1.0.1/kerby-pkix-1.0.1.jar:/home/user/.m2/repository/org/apache/kerby/kerby-asn1/1.0.1/kerby-asn1-1.0.1.jar:/home/user/.m2/repository/org/apache/kerby/kerby-util/1.0.1/kerby-util-1.0.1.jar:/home/user/.m2/repository/org/apache/kerby/kerb-common/1.0.1/kerb-common-1.0.1.jar:/home/user/.m2/repository/org/apache/kerby/kerb-crypto/1.0.1/kerb-crypto-1.0.1.jar:/home/user/.m2/repository/org/apache/kerby/kerb-util/1.0.1/kerb-util-1.0.1.jar:/home/user/.m2/repository/org/apache/kerby/token-provider/1.0.1/token-provider-1.0.1.jar:/home/user/.m2/repository/org/apache/kerby/kerb-admin/1.0.1/kerb-admin-1.0.1.jar:/home/user/.m2/repository/org/apache/kerby/kerb-server/1.0.1/kerb-server-1.0.1.jar:/home/user/.m2/repository/org/apache/kerby/kerb-identity/1.0.1/kerb-identity-1.0.1.jar:/home/user/.m2/repository/org/apache/kerby/kerby-xdr/1.0.1/kerby-xdr-1.0.1.jar:/home/user/.m2/repository/org/slf4j/slf4j-log4j12/1.7.25/slf4j-log4j12-1.7.25.jar:/home/user/.m2/repository/org/apache/hadoop/hadoop-ozone-objectstore-service/0.5.0-SNAPSHOT/hadoop-ozone-objectstore-service-0.5.0-SNAPSHOT.jar:/home/user/.m2/repository/org/apache/hadoop/hadoop-ozone-s3gateway/0.5.0-SNAPSHOT/hadoop-ozone-s3gateway-0.5.0-SNAPSHOT.jar:/home/user/.m2/repository/org/jboss/weld/servlet/weld-servlet/2.4.7.Final/weld-servlet-2.4.7.Final.jar:/home/user/.m2/repository/org/glassfish/jersey/containers/jersey-container-servlet-core/2.27/jersey-container-servlet-core-2.27.jar:/home/user/.m2/repository/org/glassfish/hk2/external/javax.inject/2.5.0-b42/javax.inject-2.5.0-b42.jar:/home/user/.m2/repository/org/glassfish/jersey/core/jersey-common/2.27/jersey-common-2.27.jar:/home/user/.m2/repository/org/glassfish/hk2/osgi-resource-locator/1.0.1/osgi-resource-locator-1.0.1.jar:/home/user/.m2/repository/javax/ws/rs/javax.ws.rs-api/2.1/javax.ws.rs-api-2.1.jar:/home/user/.m2/repository/org/glassfish/jersey/ext/cdi/jersey-cdi1x/2.27/jersey-cdi1x-2.27.jar:/home/user/.m2/repository/org/glassfish/jersey/inject/jersey-hk2/2.27/jersey-hk2-2.27.jar:/home/user/.m2/repository/org/glassfish/hk2/hk2-locator/2.5.0-b42/hk2-locator-2.5.0-b42.jar:/home/user/.m2/repository/org/javassist/javassist/3.22.0-CR2/javassist-3.22.0-CR2.jar:/home/user/.m2/repository/org/glassfish/hk2/hk2-api/2.5.0/hk2-api-2.5.0.jar:/home/user/.m2/repository/org/glassfish/hk2/external/jakarta.inject/2.5.0/jakarta.inject-2.5.0.jar:/home/user/.m2/repository/org/glassfish/hk2/hk2-utils/2.5.0/hk2-utils-2.5.0.jar:/home/user/.m2/repository/jakarta/annotation/jakarta.annotation-api/1.3.4/jakarta.annotation-api-1.3.4.jar:/home/user/.m2/repository/org/glassfish/hk2/external/aopalliance-repackaged/2.5.0/aopalliance-repackaged-2.5.0.jar:/home/user/.m2/repository/com/fasterxml/jackson/dataformat/jackson-dataformat-xml/2.9.0/jackson-dataformat-xml-2.9.0.jar:/home/user/.m2/repository/com/fasterxml/jackson/core/jackson-core/2.9.5/jackson-core-2.9.5.jar:/home/user/.m2/repository/com/fasterxml/jackson/module/jackson-module-jaxb-annotations/2.9.5/jackson-module-jaxb-annotations-2.9.5.jar:/home/user/.m2/repository/javax/enterprise/cdi-api/1.2/cdi-api-1.2.jar:/home/user/.m2/repository/javax/el/javax.el-api/3.0.0/javax.el-api-3.0.0.jar:/home/user/.m2/repository/javax/interceptor/javax.interceptor-api/1.2/javax.interceptor-api-1.2.jar:/home/user/.m2/repository/javax/inject/javax.inject/1/javax.inject-1.jar:/home/user/.m2/repository/com/sun/xml/bind/jaxb-impl/2.3.0.1/jaxb-impl-2.3.0.1.jar:/home/user/.m2/repository/com/sun/xml/bind/jaxb-core/2.3.0.1/jaxb-core-2.3.0.1.jar:/home/user/.m2/repository/javax/xml/bind/jaxb-api/2.3.0/jaxb-api-2.3.0.jar:/home/user/.m2/repository/javax/activation/activation/1.1.1/activation-1.1.1.jar:/home/user/.m2/repository/org/apache/hadoop/hadoop-ozone-csi/0.5.0-SNAPSHOT/hadoop-ozone-csi-0.5.0-SNAPSHOT.jar:/home/user/.m2/repository/com/google/protobuf/protobuf-java-util/3.5.1/protobuf-java-util-3.5.1.jar:/home/user/.m2/repository/org/apache/hadoop/hadoop-hdds-config/0.5.0-SNAPSHOT/hadoop-hdds-config-0.5.0-SNAPSHOT.jar:/home/user/.m2/repository/io/grpc/grpc-netty/1.17.1/grpc-netty-1.17.1.jar:/home/user/.m2/repository/io/grpc/grpc-core/1.17.1/grpc-core-1.17.1.jar:/home/user/.m2/repository/io/grpc/grpc-context/1.17.1/grpc-context-1.17.1.jar:/home/user/.m2/repository/com/google/errorprone/error_prone_annotations/2.2.0/error_prone_annotations-2.2.0.jar:/home/user/.m2/repository/org/codehaus/mojo/animal-sniffer-annotations/1.17/animal-sniffer-annotations-1.17.jar:/home/user/.m2/repository/io/opencensus/opencensus-api/0.17.0/opencensus-api-0.17.0.jar:/home/user/.m2/repository/io/opencensus/opencensus-contrib-grpc-metrics/0.17.0/opencensus-contrib-grpc-metrics-0.17.0.jar:/home/user/.m2/repository/io/netty/netty-codec-http2/4.1.30.Final/netty-codec-http2-4.1.30.Final.jar:/home/user/.m2/repository/io/netty/netty-codec-http/4.1.30.Final/netty-codec-http-4.1.30.Final.jar:/home/user/.m2/repository/io/netty/netty-codec/4.1.30.Final/netty-codec-4.1.30.Final.jar:/home/user/.m2/repository/io/netty/netty-handler/4.1.30.Final/netty-handler-4.1.30.Final.jar:/home/user/.m2/repository/io/netty/netty-handler-proxy/4.1.30.Final/netty-handler-proxy-4.1.30.Final.jar:/home/user/.m2/repository/io/netty/netty-codec-socks/4.1.30.Final/netty-codec-socks-4.1.30.Final.jar:/home/user/.m2/repository/io/netty/netty-transport-native-epoll/4.1.30.Final/netty-transport-native-epoll-4.1.30.Final.jar:/home/user/.m2/repository/io/netty/netty-common/4.1.30.Final/netty-common-4.1.30.Final.jar:/home/user/.m2/repository/io/netty/netty-buffer/4.1.30.Final/netty-buffer-4.1.30.Final.jar:/home/user/.m2/repository/io/netty/netty-transport/4.1.30.Final/netty-transport-4.1.30.Final.jar:/home/user/.m2/repository/io/netty/netty-resolver/4.1.30.Final/netty-resolver-4.1.30.Final.jar:/home/user/.m2/repository/io/netty/netty-transport-native-unix-common/4.1.30.Final/netty-transport-native-unix-common-4.1.30.Final.jar:/home/user/.m2/repository/io/grpc/grpc-protobuf/1.17.1/grpc-protobuf-1.17.1.jar:/home/user/.m2/repository/com/google/api/grpc/proto-google-common-protos/1.0.0/proto-google-common-protos-1.0.0.jar:/home/user/.m2/repository/io/grpc/grpc-protobuf-lite/1.17.1/grpc-protobuf-lite-1.17.1.jar:/home/user/.m2/repository/io/grpc/grpc-stub/1.17.1/grpc-stub-1.17.1.jar:/home/user/.m2/repository/org/apache/hadoop/hadoop-ozone-recon/0.5.0-SNAPSHOT/hadoop-ozone-recon-0.5.0-SNAPSHOT.jar:/home/user/.m2/repository/org/apache/hadoop/hadoop-ozone-reconcodegen/0.5.0-SNAPSHOT/hadoop-ozone-reconcodegen-0.5.0-SNAPSHOT.jar:/home/user/.m2/repository/com/google/inject/extensions/guice-multibindings/4.0/guice-multibindings-4.0.jar:/home/user/.m2/repository/com/google/inject/guice/4.0/guice-4.0.jar:/home/user/.m2/repository/aopalliance/aopalliance/1.0/aopalliance-1.0.jar:/home/user/.m2/repository/com/google/inject/extensions/guice-servlet/4.0/guice-servlet-4.0.jar:/home/user/.m2/repository/org/glassfish/jersey/containers/jersey-container-servlet/2.27/jersey-container-servlet-2.27.jar:/home/user/.m2/repository/org/glassfish/hk2/guice-bridge/2.5.0/guice-bridge-2.5.0.jar:/home/user/.m2/repository/org/glassfish/jersey/core/jersey-server/2.27/jersey-server-2.27.jar:/home/user/.m2/repository/org/glassfish/jersey/core/jersey-client/2.27/jersey-client-2.27.jar:/home/user/.m2/repository/org/glassfish/jersey/media/jersey-media-jaxb/2.27/jersey-media-jaxb-2.27.jar:/home/user/.m2/repository/javax/validation/validation-api/1.1.0.Final/validation-api-1.1.0.Final.jar:/home/user/.m2/repository/org/glassfish/jersey/media/jersey-media-json-jackson/2.27/jersey-media-json-jackson-2.27.jar:/home/user/.m2/repository/org/glassfish/jersey/ext/jersey-entity-filtering/2.27/jersey-entity-filtering-2.27.jar:/home/user/.m2/repository/com/google/inject/extensions/guice-assistedinject/4.0/guice-assistedinject-4.0.jar:/home/user/.m2/repository/org/jooq/jooq/3.11.10/jooq-3.11.10.jar:/home/user/.m2/repository/org/jooq/jooq-meta/3.11.10/jooq-meta-3.11.10.jar:/home/user/.m2/repository/org/jooq/jooq-codegen/3.11.10/jooq-codegen-3.11.10.jar:/home/user/.m2/repository/com/jolbox/bonecp/0.8.0.RELEASE/bonecp-0.8.0.RELEASE.jar:/home/user/.m2/repository/org/xerial/sqlite-jdbc/3.25.2/sqlite-jdbc-3.25.2.jar:/home/user/.m2/repository/org/springframework/spring-jdbc/5.1.3.RELEASE/spring-jdbc-5.1.3.RELEASE.jar:/home/user/.m2/repository/org/springframework/spring-beans/5.1.3.RELEASE/spring-beans-5.1.3.RELEASE.jar:/home/user/.m2/repository/org/springframework/spring-core/5.1.3.RELEASE/spring-core-5.1.3.RELEASE.jar:/home/user/.m2/repository/org/springframework/spring-jcl/5.1.3.RELEASE/spring-jcl-5.1.3.RELEASE.jar:/home/user/.m2/repository/org/springframework/spring-tx/5.1.3.RELEASE/spring-tx-5.1.3.RELEASE.jar:/home/user/.m2/repository/org/apache/hadoop/hadoop-ozone-client/0.5.0-SNAPSHOT/hadoop-ozone-client-0.5.0-SNAPSHOT.jar:/home/user/.m2/repository/commons-lang/commons-lang/2.6/commons-lang-2.6.jar:/home/user/.m2/repository/org/apache/hadoop/hadoop-ozone-ozone-manager/0.5.0-SNAPSHOT/hadoop-ozone-ozone-manager-0.5.0-SNAPSHOT-tests.jar:/home/user/.m2/repository/junit/junit/4.11/junit-4.11.jar:/home/user/.m2/repository/org/hamcrest/hamcrest-core/1.3/hamcrest-core-1.3.jar:/home/user/.m2/repository/org/openjdk/jmh/jmh-core/1.19/jmh-core-1.19.jar:/home/user/.m2/repository/net/sf/jopt-simple/jopt-simple/4.6/jopt-simple-4.6.jar:/home/user/.m2/repository/org/apache/commons/commons-math3/3.1.1/commons-math3-3.1.1.jar:/home/user/.m2/repository/org/openjdk/jmh/jmh-generator-annprocess/1.19/jmh-generator-annprocess-1.19.jar:/home/user/.m2/repository/org/mockito/mockito-all/1.8.5/mockito-all-1.8.5.jar:/home/user/.m2/repository/org/apache/hadoop/hadoop-kms/3.2.0/hadoop-kms-3.2.0.jar:/home/user/.m2/repository/org/apache/hadoop/hadoop-auth/3.2.0/hadoop-auth-3.2.0.jar:/home/user/.m2/repository/com/nimbusds/nimbus-jose-jwt/4.41.1/nimbus-jose-jwt-4.41.1.jar:/home/user/.m2/repository/com/github/stephenc/jcip/jcip-annotations/1.0-1/jcip-annotations-1.0-1.jar:/home/user/.m2/repository/net/minidev/json-smart/2.3/json-smart-2.3.jar:/home/user/.m2/repository/net/minidev/accessors-smart/1.2/accessors-smart-1.2.jar:/home/user/.m2/repository/org/ow2/asm/asm/5.0.4/asm-5.0.4.jar:/home/user/.m2/repository/org/apache/curator/curator-framework/2.12.0/curator-framework-2.12.0.jar:/home/user/.m2/repository/com/sun/jersey/jersey-core/1.19/jersey-core-1.19.jar:/home/user/.m2/repository/javax/ws/rs/jsr311-api/1.1.1/jsr311-api-1.1.1.jar:/home/user/.m2/repository/com/sun/jersey/jersey-server/1.19/jersey-server-1.19.jar:/home/user/.m2/repository/javax/servlet/javax.servlet-api/3.1.0/javax.servlet-api-3.1.0.jar:/home/user/.m2/repository/org/eclipse/jetty/jetty-server/9.3.24.v20180605/jetty-server-9.3.24.v20180605.jar:/home/user/.m2/repository/org/eclipse/jetty/jetty-http/9.3.24.v20180605/jetty-http-9.3.24.v20180605.jar:/home/user/.m2/repository/org/eclipse/jetty/jetty-io/9.3.24.v20180605/jetty-io-9.3.24.v20180605.jar:/home/user/.m2/repository/org/eclipse/jetty/jetty-webapp/9.3.24.v20180605/jetty-webapp-9.3.24.v20180605.jar:/home/user/.m2/repository/org/eclipse/jetty/jetty-xml/9.3.24.v20180605/jetty-xml-9.3.24.v20180605.jar:/home/user/.m2/repository/log4j/log4j/1.2.17/log4j-1.2.17.jar:/home/user/.m2/repository/org/slf4j/slf4j-api/1.7.25/slf4j-api-1.7.25.jar:/home/user/.m2/repository/org/slf4j/jul-to-slf4j/1.7.25/jul-to-slf4j-1.7.25.jar:/home/user/.m2/repository/org/eclipse/jetty/jetty-util/9.3.24.v20180605/jetty-util-9.3.24.v20180605.jar:/home/user/.m2/repository/com/fasterxml/jackson/core/jackson-databind/2.9.5/jackson-databind-2.9.5.jar:/home/user/.m2/repository/org/apache/hadoop/hadoop-kms/3.2.0/hadoop-kms-3.2.0-tests.jar:/home/user/.m2/repository/org/apache/hadoop/hadoop-hdds-server-scm/0.5.0-SNAPSHOT/hadoop-hdds-server-scm-0.5.0-SNAPSHOT-tests.jar:/home/user/.m2/repository/org/apache/hadoop/hadoop-hdds-container-service/0.5.0-SNAPSHOT/hadoop-hdds-container-service-0.5.0-SNAPSHOT-tests.jar:/home/user/.m2/repository/org/yaml/snakeyaml/1.16/snakeyaml-1.16.jar:/home/user/.m2/repository/org/apache/hadoop/hadoop-common/3.2.0/hadoop-common-3.2.0-tests.jar:/home/user/.m2/repository/org/apache/hadoop/hadoop-annotations/3.2.0/hadoop-annotations-3.2.0.jar:/usr/lib/jvm/java-1.8-openjdk/jre/../lib/tools.jar:/home/user/.m2/repository/commons-cli/commons-cli/1.2/commons-cli-1.2.jar:/home/user/.m2/repository/org/apache/httpcomponents/httpclient/4.5.2/httpclient-4.5.2.jar:/home/user/.m2/repository/org/apache/httpcomponents/httpcore/4.4.4/httpcore-4.4.4.jar:/home/user/.m2/repository/commons-codec/commons-codec/1.11/commons-codec-1.11.jar:/home/user/.m2/repository/commons-net/commons-net/3.6/commons-net-3.6.jar:/home/user/.m2/repository/commons-collections/commons-collections/3.2.2/commons-collections-3.2.2.jar:/home/user/.m2/repository/org/eclipse/jetty/jetty-servlet/9.3.24.v20180605/jetty-servlet-9.3.24.v20180605.jar:/home/user/.m2/repository/org/eclipse/jetty/jetty-security/9.3.24.v20180605/jetty-security-9.3.24.v20180605.jar:/home/user/.m2/repository/javax/servlet/jsp/jsp-api/2.1/jsp-api-2.1.jar:/home/user/.m2/repository/com/sun/jersey/jersey-servlet/1.19/jersey-servlet-1.19.jar:/home/user/.m2/repository/com/sun/jersey/jersey-json/1.19/jersey-json-1.19.jar:/home/user/.m2/repository/org/codehaus/jettison/jettison/1.1/jettison-1.1.jar:/home/user/.m2/repository/org/codehaus/jackson/jackson-core-asl/1.9.13/jackson-core-asl-1.9.13.jar:/home/user/.m2/repository/org/codehaus/jackson/jackson-mapper-asl/1.9.13/jackson-mapper-asl-1.9.13.jar:/home/user/.m2/repository/org/codehaus/jackson/jackson-jaxrs/1.9.13/jackson-jaxrs-1.9.13.jar:/home/user/.m2/repository/org/codehaus/jackson/jackson-xc/1.9.13/jackson-xc-1.9.13.jar:/home/user/.m2/repository/commons-logging/commons-logging/1.1.3/commons-logging-1.1.3.jar:/home/user/.m2/repository/commons-beanutils/commons-beanutils/1.9.3/commons-beanutils-1.9.3.jar:/home/user/.m2/repository/org/apache/commons/commons-configuration2/2.1.1/commons-configuration2-2.1.1.jar:/home/user/.m2/repository/org/apache/commons/commons-lang3/3.7/commons-lang3-3.7.jar:/home/user/.m2/repository/org/apache/commons/commons-text/1.4/commons-text-1.4.jar:/home/user/.m2/repository/org/apache/avro/avro/1.7.7/avro-1.7.7.jar:/home/user/.m2/repository/com/thoughtworks/paranamer/paranamer/2.3/paranamer-2.3.jar:/home/user/.m2/repository/org/xerial/snappy/snappy-java/1.0.5/snappy-java-1.0.5.jar:/home/user/.m2/repository/com/google/re2j/re2j/1.1/re2j-1.1.jar:/home/user/.m2/repository/com/google/code/gson/gson/2.2.4/gson-2.2.4.jar:/home/user/.m2/repository/com/jcraft/jsch/0.1.54/jsch-0.1.54.jar:/home/user/.m2/repository/org/apache/curator/curator-client/2.12.0/curator-client-2.12.0.jar:/home/user/.m2/repository/org/apache/curator/curator-recipes/2.12.0/curator-recipes-2.12.0.jar:/home/user/.m2/repository/com/google/code/findbugs/jsr305/3.0.0/jsr305-3.0.0.jar:/home/user/.m2/repository/org/apache/htrace/htrace-core4/4.1.0-incubating/htrace-core4-4.1.0-incubating.jar:/home/user/.m2/repository/org/apache/zookeeper/zookeeper/3.4.13/zookeeper-3.4.13.jar:/home/user/.m2/repository/org/apache/yetus/audience-annotations/0.5.0/audience-annotations-0.5.0.jar:/home/user/.m2/repository/org/codehaus/woodstox/stax2-api/3.1.4/stax2-api-3.1.4.jar:/home/user/.m2/repository/com/fasterxml/woodstox/woodstox-core/5.0.3/woodstox-core-5.0.3.jar:/home/user/.m2/repository/dnsjava/dnsjava/2.1.7/dnsjava-2.1.7.jar:/home/user/.m2/repository/org/apache/hadoop/hadoop-hdfs/3.2.0/hadoop-hdfs-3.2.0-tests.jar:/home/user/.m2/repository/org/eclipse/jetty/jetty-util-ajax/9.3.24.v20180605/jetty-util-ajax-9.3.24.v20180605.jar:/home/user/.m2/repository/commons-daemon/commons-daemon/1.0.13/commons-daemon-1.0.13.jar:/home/user/.m2/repository/io/netty/netty/3.10.5.Final/netty-3.10.5.Final.jar:/home/user/.m2/repository/io/netty/netty-all/4.0.52.Final/netty-all-4.0.52.Final.jar:/home/user/.m2/repository/org/fusesource/leveldbjni/leveldbjni-all/1.8/leveldbjni-all-1.8.jar:"/>
    <property name="java.vm.vendor" value="IcedTea"/>
    <property name="sun.arch.data.model" value="64"/>
    <property name="test.build.dir" value="/workdir/hadoop-ozone/integration-test/target/test-dir"/>
    <property name="test.cache.data" value=""/>
    <property name="java.vendor.url" value="https://icedtea.classpath.org"/>
    <property name="user.timezone" value=""/>
    <property name="java.vm.specification.version" value="1.8"/>
    <property name="os.name" value="Linux"/>
    <property name="test.build.data" value="/workdir/hadoop-ozone/integration-test/target/test-dir"/>
    <property name="user.country" value="US"/>
    <property name="sun.java.launcher" value="SUN_STANDARD"/>
    <property name="sun.boot.library.path" value="/usr/lib/jvm/java-1.8-openjdk/jre/lib/amd64"/>
    <property name="sun.java.command" value="/workdir/hadoop-ozone/integration-test/target/surefire/surefirebooter7383552093664961851.jar /workdir/hadoop-ozone/integration-test/target/surefire 2019-08-28T18-43-01_020-jvmRun1 surefire6159623945197747776tmp surefire_23748499811671812642tmp"/>
    <property name="test" value="!TestMiniChaosOzoneCluster"/>
    <property name="surefire.test.class.path" value="/workdir/hadoop-ozone/integration-test/target/test-classes:/workdir/hadoop-ozone/integration-test/target/classes:/home/user/.m2/repository/org/apache/hadoop/hadoop-ozone-common/0.5.0-SNAPSHOT/hadoop-ozone-common-0.5.0-SNAPSHOT.jar:/home/user/.m2/repository/org/apache/commons/commons-compress/1.4.1/commons-compress-1.4.1.jar:/home/user/.m2/repository/org/tukaani/xz/1.0/xz-1.0.jar:/home/user/.m2/repository/org/apache/hadoop/hadoop-common/3.2.0/hadoop-common-3.2.0.jar:/home/user/.m2/repository/org/apache/hadoop/hadoop-hdfs/3.2.0/hadoop-hdfs-3.2.0.jar:/home/user/.m2/repository/org/apache/hadoop/hadoop-hdfs-client/3.2.0/hadoop-hdfs-client-3.2.0.jar:/home/user/.m2/repository/com/fasterxml/jackson/core/jackson-annotations/2.9.5/jackson-annotations-2.9.5.jar:/home/user/.m2/repository/org/apache/hadoop/hadoop-hdds-common/0.5.0-SNAPSHOT/hadoop-hdds-common-0.5.0-SNAPSHOT.jar:/home/user/.m2/repository/javax/annotation/javax.annotation-api/1.2/javax.annotation-api-1.2.jar:/home/user/.m2/repository/org/apache/ratis/ratis-server/0.4.0-2337318-SNAPSHOT/ratis-server-0.4.0-2337318-SNAPSHOT.jar:/home/user/.m2/repository/org/apache/ratis/ratis-thirdparty-misc/0.2.0/ratis-thirdparty-misc-0.2.0.jar:/home/user/.m2/repository/org/apache/ratis/ratis-proto/0.4.0-2337318-SNAPSHOT/ratis-proto-0.4.0-2337318-SNAPSHOT.jar:/home/user/.m2/repository/org/apache/ratis/ratis-common/0.4.0-2337318-SNAPSHOT/ratis-common-0.4.0-2337318-SNAPSHOT.jar:/home/user/.m2/repository/org/apache/ratis/ratis-client/0.4.0-2337318-SNAPSHOT/ratis-client-0.4.0-2337318-SNAPSHOT.jar:/home/user/.m2/repository/org/apache/ratis/ratis-metrics/0.4.0-2337318-SNAPSHOT/ratis-metrics-0.4.0-2337318-SNAPSHOT.jar:/home/user/.m2/repository/org/apache/ratis/ratis-netty/0.4.0-2337318-SNAPSHOT/ratis-netty-0.4.0-2337318-SNAPSHOT.jar:/home/user/.m2/repository/org/apache/ratis/ratis-grpc/0.4.0-2337318-SNAPSHOT/ratis-grpc-0.4.0-2337318-SNAPSHOT.jar:/home/user/.m2/repository/org/rocksdb/rocksdbjni/6.0.1/rocksdbjni-6.0.1.jar:/home/user/.m2/repository/org/apache/logging/log4j/log4j-api/2.11.0/log4j-api-2.11.0.jar:/home/user/.m2/repository/org/apache/logging/log4j/log4j-core/2.11.0/log4j-core-2.11.0.jar:/home/user/.m2/repository/com/lmax/disruptor/3.4.2/disruptor-3.4.2.jar:/home/user/.m2/repository/org/apache/commons/commons-pool2/2.6.0/commons-pool2-2.6.0.jar:/home/user/.m2/repository/org/bouncycastle/bcpkix-jdk15on/1.60/bcpkix-jdk15on-1.60.jar:/home/user/.m2/repository/commons-validator/commons-validator/1.6/commons-validator-1.6.jar:/home/user/.m2/repository/commons-digester/commons-digester/1.8.1/commons-digester-1.8.1.jar:/home/user/.m2/repository/io/jaegertracing/jaeger-client/0.33.1/jaeger-client-0.33.1.jar:/home/user/.m2/repository/io/jaegertracing/jaeger-thrift/0.33.1/jaeger-thrift-0.33.1.jar:/home/user/.m2/repository/org/apache/thrift/libthrift/0.11.0/libthrift-0.11.0.jar:/home/user/.m2/repository/com/squareup/okhttp3/okhttp/3.9.0/okhttp-3.9.0.jar:/home/user/.m2/repository/com/squareup/okio/okio/1.13.0/okio-1.13.0.jar:/home/user/.m2/repository/io/jaegertracing/jaeger-core/0.33.1/jaeger-core-0.33.1.jar:/home/user/.m2/repository/io/jaegertracing/jaeger-tracerresolver/0.33.1/jaeger-tracerresolver-0.33.1.jar:/home/user/.m2/repository/io/opentracing/contrib/opentracing-tracerresolver/0.1.5/opentracing-tracerresolver-0.1.5.jar:/home/user/.m2/repository/io/opentracing/opentracing-util/0.31.0/opentracing-util-0.31.0.jar:/home/user/.m2/repository/io/opentracing/opentracing-api/0.31.0/opentracing-api-0.31.0.jar:/home/user/.m2/repository/io/opentracing/opentracing-noop/0.31.0/opentracing-noop-0.31.0.jar:/home/user/.m2/repository/org/apache/hadoop/hadoop-hdds-server-framework/0.5.0-SNAPSHOT/hadoop-hdds-server-framework-0.5.0-SNAPSHOT.jar:/home/user/.m2/repository/org/apache/hadoop/hadoop-hdds-container-service/0.5.0-SNAPSHOT/hadoop-hdds-container-service-0.5.0-SNAPSHOT.jar:/home/user/.m2/repository/org/apache/hadoop/hadoop-hdds-client/0.5.0-SNAPSHOT/hadoop-hdds-client-0.5.0-SNAPSHOT.jar:/home/user/.m2/repository/org/apache/hadoop/hadoop-hdds-tools/0.5.0-SNAPSHOT/hadoop-hdds-tools-0.5.0-SNAPSHOT.jar:/home/user/.m2/repository/org/apache/hadoop/hadoop-hdds-server-scm/0.5.0-SNAPSHOT/hadoop-hdds-server-scm-0.5.0-SNAPSHOT.jar:/home/user/.m2/repository/org/apache/hadoop/hadoop-hdds-docs/0.5.0-SNAPSHOT/hadoop-hdds-docs-0.5.0-SNAPSHOT.jar:/home/user/.m2/repository/io/dropwizard/metrics/metrics-core/3.2.4/metrics-core-3.2.4.jar:/home/user/.m2/repository/org/hamcrest/hamcrest-all/1.3/hamcrest-all-1.3.jar:/home/user/.m2/repository/org/bouncycastle/bcprov-jdk15on/1.60/bcprov-jdk15on-1.60.jar:/home/user/.m2/repository/info/picocli/picocli/3.9.6/picocli-3.9.6.jar:/home/user/.m2/repository/com/google/protobuf/protobuf-java/2.5.0/protobuf-java-2.5.0.jar:/home/user/.m2/repository/com/google/guava/guava/11.0.2/guava-11.0.2.jar:/home/user/.m2/repository/org/apache/hadoop/hadoop-ozone-ozone-manager/0.5.0-SNAPSHOT/hadoop-ozone-ozone-manager-0.5.0-SNAPSHOT.jar:/home/user/.m2/repository/org/apache/hadoop/hadoop-minikdc/3.2.0/hadoop-minikdc-3.2.0.jar:/home/user/.m2/repository/commons-io/commons-io/2.5/commons-io-2.5.jar:/home/user/.m2/repository/org/apache/kerby/kerb-simplekdc/1.0.1/kerb-simplekdc-1.0.1.jar:/home/user/.m2/repository/org/apache/kerby/kerb-client/1.0.1/kerb-client-1.0.1.jar:/home/user/.m2/repository/org/apache/kerby/kerby-config/1.0.1/kerby-config-1.0.1.jar:/home/user/.m2/repository/org/apache/kerby/kerb-core/1.0.1/kerb-core-1.0.1.jar:/home/user/.m2/repository/org/apache/kerby/kerby-pkix/1.0.1/kerby-pkix-1.0.1.jar:/home/user/.m2/repository/org/apache/kerby/kerby-asn1/1.0.1/kerby-asn1-1.0.1.jar:/home/user/.m2/repository/org/apache/kerby/kerby-util/1.0.1/kerby-util-1.0.1.jar:/home/user/.m2/repository/org/apache/kerby/kerb-common/1.0.1/kerb-common-1.0.1.jar:/home/user/.m2/repository/org/apache/kerby/kerb-crypto/1.0.1/kerb-crypto-1.0.1.jar:/home/user/.m2/repository/org/apache/kerby/kerb-util/1.0.1/kerb-util-1.0.1.jar:/home/user/.m2/repository/org/apache/kerby/token-provider/1.0.1/token-provider-1.0.1.jar:/home/user/.m2/repository/org/apache/kerby/kerb-admin/1.0.1/kerb-admin-1.0.1.jar:/home/user/.m2/repository/org/apache/kerby/kerb-server/1.0.1/kerb-server-1.0.1.jar:/home/user/.m2/repository/org/apache/kerby/kerb-identity/1.0.1/kerb-identity-1.0.1.jar:/home/user/.m2/repository/org/apache/kerby/kerby-xdr/1.0.1/kerby-xdr-1.0.1.jar:/home/user/.m2/repository/org/slf4j/slf4j-log4j12/1.7.25/slf4j-log4j12-1.7.25.jar:/home/user/.m2/repository/org/apache/hadoop/hadoop-ozone-objectstore-service/0.5.0-SNAPSHOT/hadoop-ozone-objectstore-service-0.5.0-SNAPSHOT.jar:/home/user/.m2/repository/org/apache/hadoop/hadoop-ozone-s3gateway/0.5.0-SNAPSHOT/hadoop-ozone-s3gateway-0.5.0-SNAPSHOT.jar:/home/user/.m2/repository/org/jboss/weld/servlet/weld-servlet/2.4.7.Final/weld-servlet-2.4.7.Final.jar:/home/user/.m2/repository/org/glassfish/jersey/containers/jersey-container-servlet-core/2.27/jersey-container-servlet-core-2.27.jar:/home/user/.m2/repository/org/glassfish/hk2/external/javax.inject/2.5.0-b42/javax.inject-2.5.0-b42.jar:/home/user/.m2/repository/org/glassfish/jersey/core/jersey-common/2.27/jersey-common-2.27.jar:/home/user/.m2/repository/org/glassfish/hk2/osgi-resource-locator/1.0.1/osgi-resource-locator-1.0.1.jar:/home/user/.m2/repository/javax/ws/rs/javax.ws.rs-api/2.1/javax.ws.rs-api-2.1.jar:/home/user/.m2/repository/org/glassfish/jersey/ext/cdi/jersey-cdi1x/2.27/jersey-cdi1x-2.27.jar:/home/user/.m2/repository/org/glassfish/jersey/inject/jersey-hk2/2.27/jersey-hk2-2.27.jar:/home/user/.m2/repository/org/glassfish/hk2/hk2-locator/2.5.0-b42/hk2-locator-2.5.0-b42.jar:/home/user/.m2/repository/org/javassist/javassist/3.22.0-CR2/javassist-3.22.0-CR2.jar:/home/user/.m2/repository/org/glassfish/hk2/hk2-api/2.5.0/hk2-api-2.5.0.jar:/home/user/.m2/repository/org/glassfish/hk2/external/jakarta.inject/2.5.0/jakarta.inject-2.5.0.jar:/home/user/.m2/repository/org/glassfish/hk2/hk2-utils/2.5.0/hk2-utils-2.5.0.jar:/home/user/.m2/repository/jakarta/annotation/jakarta.annotation-api/1.3.4/jakarta.annotation-api-1.3.4.jar:/home/user/.m2/repository/org/glassfish/hk2/external/aopalliance-repackaged/2.5.0/aopalliance-repackaged-2.5.0.jar:/home/user/.m2/repository/com/fasterxml/jackson/dataformat/jackson-dataformat-xml/2.9.0/jackson-dataformat-xml-2.9.0.jar:/home/user/.m2/repository/com/fasterxml/jackson/core/jackson-core/2.9.5/jackson-core-2.9.5.jar:/home/user/.m2/repository/com/fasterxml/jackson/module/jackson-module-jaxb-annotations/2.9.5/jackson-module-jaxb-annotations-2.9.5.jar:/home/user/.m2/repository/javax/enterprise/cdi-api/1.2/cdi-api-1.2.jar:/home/user/.m2/repository/javax/el/javax.el-api/3.0.0/javax.el-api-3.0.0.jar:/home/user/.m2/repository/javax/interceptor/javax.interceptor-api/1.2/javax.interceptor-api-1.2.jar:/home/user/.m2/repository/javax/inject/javax.inject/1/javax.inject-1.jar:/home/user/.m2/repository/com/sun/xml/bind/jaxb-impl/2.3.0.1/jaxb-impl-2.3.0.1.jar:/home/user/.m2/repository/com/sun/xml/bind/jaxb-core/2.3.0.1/jaxb-core-2.3.0.1.jar:/home/user/.m2/repository/javax/xml/bind/jaxb-api/2.3.0/jaxb-api-2.3.0.jar:/home/user/.m2/repository/javax/activation/activation/1.1.1/activation-1.1.1.jar:/home/user/.m2/repository/org/apache/hadoop/hadoop-ozone-csi/0.5.0-SNAPSHOT/hadoop-ozone-csi-0.5.0-SNAPSHOT.jar:/home/user/.m2/repository/com/google/protobuf/protobuf-java-util/3.5.1/protobuf-java-util-3.5.1.jar:/home/user/.m2/repository/org/apache/hadoop/hadoop-hdds-config/0.5.0-SNAPSHOT/hadoop-hdds-config-0.5.0-SNAPSHOT.jar:/home/user/.m2/repository/io/grpc/grpc-netty/1.17.1/grpc-netty-1.17.1.jar:/home/user/.m2/repository/io/grpc/grpc-core/1.17.1/grpc-core-1.17.1.jar:/home/user/.m2/repository/io/grpc/grpc-context/1.17.1/grpc-context-1.17.1.jar:/home/user/.m2/repository/com/google/errorprone/error_prone_annotations/2.2.0/error_prone_annotations-2.2.0.jar:/home/user/.m2/repository/org/codehaus/mojo/animal-sniffer-annotations/1.17/animal-sniffer-annotations-1.17.jar:/home/user/.m2/repository/io/opencensus/opencensus-api/0.17.0/opencensus-api-0.17.0.jar:/home/user/.m2/repository/io/opencensus/opencensus-contrib-grpc-metrics/0.17.0/opencensus-contrib-grpc-metrics-0.17.0.jar:/home/user/.m2/repository/io/netty/netty-codec-http2/4.1.30.Final/netty-codec-http2-4.1.30.Final.jar:/home/user/.m2/repository/io/netty/netty-codec-http/4.1.30.Final/netty-codec-http-4.1.30.Final.jar:/home/user/.m2/repository/io/netty/netty-codec/4.1.30.Final/netty-codec-4.1.30.Final.jar:/home/user/.m2/repository/io/netty/netty-handler/4.1.30.Final/netty-handler-4.1.30.Final.jar:/home/user/.m2/repository/io/netty/netty-handler-proxy/4.1.30.Final/netty-handler-proxy-4.1.30.Final.jar:/home/user/.m2/repository/io/netty/netty-codec-socks/4.1.30.Final/netty-codec-socks-4.1.30.Final.jar:/home/user/.m2/repository/io/netty/netty-transport-native-epoll/4.1.30.Final/netty-transport-native-epoll-4.1.30.Final.jar:/home/user/.m2/repository/io/netty/netty-common/4.1.30.Final/netty-common-4.1.30.Final.jar:/home/user/.m2/repository/io/netty/netty-buffer/4.1.30.Final/netty-buffer-4.1.30.Final.jar:/home/user/.m2/repository/io/netty/netty-transport/4.1.30.Final/netty-transport-4.1.30.Final.jar:/home/user/.m2/repository/io/netty/netty-resolver/4.1.30.Final/netty-resolver-4.1.30.Final.jar:/home/user/.m2/repository/io/netty/netty-transport-native-unix-common/4.1.30.Final/netty-transport-native-unix-common-4.1.30.Final.jar:/home/user/.m2/repository/io/grpc/grpc-protobuf/1.17.1/grpc-protobuf-1.17.1.jar:/home/user/.m2/repository/com/google/api/grpc/proto-google-common-protos/1.0.0/proto-google-common-protos-1.0.0.jar:/home/user/.m2/repository/io/grpc/grpc-protobuf-lite/1.17.1/grpc-protobuf-lite-1.17.1.jar:/home/user/.m2/repository/io/grpc/grpc-stub/1.17.1/grpc-stub-1.17.1.jar:/home/user/.m2/repository/org/apache/hadoop/hadoop-ozone-recon/0.5.0-SNAPSHOT/hadoop-ozone-recon-0.5.0-SNAPSHOT.jar:/home/user/.m2/repository/org/apache/hadoop/hadoop-ozone-reconcodegen/0.5.0-SNAPSHOT/hadoop-ozone-reconcodegen-0.5.0-SNAPSHOT.jar:/home/user/.m2/repository/com/google/inject/extensions/guice-multibindings/4.0/guice-multibindings-4.0.jar:/home/user/.m2/repository/com/google/inject/guice/4.0/guice-4.0.jar:/home/user/.m2/repository/aopalliance/aopalliance/1.0/aopalliance-1.0.jar:/home/user/.m2/repository/com/google/inject/extensions/guice-servlet/4.0/guice-servlet-4.0.jar:/home/user/.m2/repository/org/glassfish/jersey/containers/jersey-container-servlet/2.27/jersey-container-servlet-2.27.jar:/home/user/.m2/repository/org/glassfish/hk2/guice-bridge/2.5.0/guice-bridge-2.5.0.jar:/home/user/.m2/repository/org/glassfish/jersey/core/jersey-server/2.27/jersey-server-2.27.jar:/home/user/.m2/repository/org/glassfish/jersey/core/jersey-client/2.27/jersey-client-2.27.jar:/home/user/.m2/repository/org/glassfish/jersey/media/jersey-media-jaxb/2.27/jersey-media-jaxb-2.27.jar:/home/user/.m2/repository/javax/validation/validation-api/1.1.0.Final/validation-api-1.1.0.Final.jar:/home/user/.m2/repository/org/glassfish/jersey/media/jersey-media-json-jackson/2.27/jersey-media-json-jackson-2.27.jar:/home/user/.m2/repository/org/glassfish/jersey/ext/jersey-entity-filtering/2.27/jersey-entity-filtering-2.27.jar:/home/user/.m2/repository/com/google/inject/extensions/guice-assistedinject/4.0/guice-assistedinject-4.0.jar:/home/user/.m2/repository/org/jooq/jooq/3.11.10/jooq-3.11.10.jar:/home/user/.m2/repository/org/jooq/jooq-meta/3.11.10/jooq-meta-3.11.10.jar:/home/user/.m2/repository/org/jooq/jooq-codegen/3.11.10/jooq-codegen-3.11.10.jar:/home/user/.m2/repository/com/jolbox/bonecp/0.8.0.RELEASE/bonecp-0.8.0.RELEASE.jar:/home/user/.m2/repository/org/xerial/sqlite-jdbc/3.25.2/sqlite-jdbc-3.25.2.jar:/home/user/.m2/repository/org/springframework/spring-jdbc/5.1.3.RELEASE/spring-jdbc-5.1.3.RELEASE.jar:/home/user/.m2/repository/org/springframework/spring-beans/5.1.3.RELEASE/spring-beans-5.1.3.RELEASE.jar:/home/user/.m2/repository/org/springframework/spring-core/5.1.3.RELEASE/spring-core-5.1.3.RELEASE.jar:/home/user/.m2/repository/org/springframework/spring-jcl/5.1.3.RELEASE/spring-jcl-5.1.3.RELEASE.jar:/home/user/.m2/repository/org/springframework/spring-tx/5.1.3.RELEASE/spring-tx-5.1.3.RELEASE.jar:/home/user/.m2/repository/org/apache/hadoop/hadoop-ozone-client/0.5.0-SNAPSHOT/hadoop-ozone-client-0.5.0-SNAPSHOT.jar:/home/user/.m2/repository/commons-lang/commons-lang/2.6/commons-lang-2.6.jar:/home/user/.m2/repository/org/apache/hadoop/hadoop-ozone-ozone-manager/0.5.0-SNAPSHOT/hadoop-ozone-ozone-manager-0.5.0-SNAPSHOT-tests.jar:/home/user/.m2/repository/junit/junit/4.11/junit-4.11.jar:/home/user/.m2/repository/org/hamcrest/hamcrest-core/1.3/hamcrest-core-1.3.jar:/home/user/.m2/repository/org/openjdk/jmh/jmh-core/1.19/jmh-core-1.19.jar:/home/user/.m2/repository/net/sf/jopt-simple/jopt-simple/4.6/jopt-simple-4.6.jar:/home/user/.m2/repository/org/apache/commons/commons-math3/3.1.1/commons-math3-3.1.1.jar:/home/user/.m2/repository/org/openjdk/jmh/jmh-generator-annprocess/1.19/jmh-generator-annprocess-1.19.jar:/home/user/.m2/repository/org/mockito/mockito-all/1.8.5/mockito-all-1.8.5.jar:/home/user/.m2/repository/org/apache/hadoop/hadoop-kms/3.2.0/hadoop-kms-3.2.0.jar:/home/user/.m2/repository/org/apache/hadoop/hadoop-auth/3.2.0/hadoop-auth-3.2.0.jar:/home/user/.m2/repository/com/nimbusds/nimbus-jose-jwt/4.41.1/nimbus-jose-jwt-4.41.1.jar:/home/user/.m2/repository/com/github/stephenc/jcip/jcip-annotations/1.0-1/jcip-annotations-1.0-1.jar:/home/user/.m2/repository/net/minidev/json-smart/2.3/json-smart-2.3.jar:/home/user/.m2/repository/net/minidev/accessors-smart/1.2/accessors-smart-1.2.jar:/home/user/.m2/repository/org/ow2/asm/asm/5.0.4/asm-5.0.4.jar:/home/user/.m2/repository/org/apache/curator/curator-framework/2.12.0/curator-framework-2.12.0.jar:/home/user/.m2/repository/com/sun/jersey/jersey-core/1.19/jersey-core-1.19.jar:/home/user/.m2/repository/javax/ws/rs/jsr311-api/1.1.1/jsr311-api-1.1.1.jar:/home/user/.m2/repository/com/sun/jersey/jersey-server/1.19/jersey-server-1.19.jar:/home/user/.m2/repository/javax/servlet/javax.servlet-api/3.1.0/javax.servlet-api-3.1.0.jar:/home/user/.m2/repository/org/eclipse/jetty/jetty-server/9.3.24.v20180605/jetty-server-9.3.24.v20180605.jar:/home/user/.m2/repository/org/eclipse/jetty/jetty-http/9.3.24.v20180605/jetty-http-9.3.24.v20180605.jar:/home/user/.m2/repository/org/eclipse/jetty/jetty-io/9.3.24.v20180605/jetty-io-9.3.24.v20180605.jar:/home/user/.m2/repository/org/eclipse/jetty/jetty-webapp/9.3.24.v20180605/jetty-webapp-9.3.24.v20180605.jar:/home/user/.m2/repository/org/eclipse/jetty/jetty-xml/9.3.24.v20180605/jetty-xml-9.3.24.v20180605.jar:/home/user/.m2/repository/log4j/log4j/1.2.17/log4j-1.2.17.jar:/home/user/.m2/repository/org/slf4j/slf4j-api/1.7.25/slf4j-api-1.7.25.jar:/home/user/.m2/repository/org/slf4j/jul-to-slf4j/1.7.25/jul-to-slf4j-1.7.25.jar:/home/user/.m2/repository/org/eclipse/jetty/jetty-util/9.3.24.v20180605/jetty-util-9.3.24.v20180605.jar:/home/user/.m2/repository/com/fasterxml/jackson/core/jackson-databind/2.9.5/jackson-databind-2.9.5.jar:/home/user/.m2/repository/org/apache/hadoop/hadoop-kms/3.2.0/hadoop-kms-3.2.0-tests.jar:/home/user/.m2/repository/org/apache/hadoop/hadoop-hdds-server-scm/0.5.0-SNAPSHOT/hadoop-hdds-server-scm-0.5.0-SNAPSHOT-tests.jar:/home/user/.m2/repository/org/apache/hadoop/hadoop-hdds-container-service/0.5.0-SNAPSHOT/hadoop-hdds-container-service-0.5.0-SNAPSHOT-tests.jar:/home/user/.m2/repository/org/yaml/snakeyaml/1.16/snakeyaml-1.16.jar:/home/user/.m2/repository/org/apache/hadoop/hadoop-common/3.2.0/hadoop-common-3.2.0-tests.jar:/home/user/.m2/repository/org/apache/hadoop/hadoop-annotations/3.2.0/hadoop-annotations-3.2.0.jar:/usr/lib/jvm/java-1.8-openjdk/jre/../lib/tools.jar:/home/user/.m2/repository/commons-cli/commons-cli/1.2/commons-cli-1.2.jar:/home/user/.m2/repository/org/apache/httpcomponents/httpclient/4.5.2/httpclient-4.5.2.jar:/home/user/.m2/repository/org/apache/httpcomponents/httpcore/4.4.4/httpcore-4.4.4.jar:/home/user/.m2/repository/commons-codec/commons-codec/1.11/commons-codec-1.11.jar:/home/user/.m2/repository/commons-net/commons-net/3.6/commons-net-3.6.jar:/home/user/.m2/repository/commons-collections/commons-collections/3.2.2/commons-collections-3.2.2.jar:/home/user/.m2/repository/org/eclipse/jetty/jetty-servlet/9.3.24.v20180605/jetty-servlet-9.3.24.v20180605.jar:/home/user/.m2/repository/org/eclipse/jetty/jetty-security/9.3.24.v20180605/jetty-security-9.3.24.v20180605.jar:/home/user/.m2/repository/javax/servlet/jsp/jsp-api/2.1/jsp-api-2.1.jar:/home/user/.m2/repository/com/sun/jersey/jersey-servlet/1.19/jersey-servlet-1.19.jar:/home/user/.m2/repository/com/sun/jersey/jersey-json/1.19/jersey-json-1.19.jar:/home/user/.m2/repository/org/codehaus/jettison/jettison/1.1/jettison-1.1.jar:/home/user/.m2/repository/org/codehaus/jackson/jackson-core-asl/1.9.13/jackson-core-asl-1.9.13.jar:/home/user/.m2/repository/org/codehaus/jackson/jackson-mapper-asl/1.9.13/jackson-mapper-asl-1.9.13.jar:/home/user/.m2/repository/org/codehaus/jackson/jackson-jaxrs/1.9.13/jackson-jaxrs-1.9.13.jar:/home/user/.m2/repository/org/codehaus/jackson/jackson-xc/1.9.13/jackson-xc-1.9.13.jar:/home/user/.m2/repository/commons-logging/commons-logging/1.1.3/commons-logging-1.1.3.jar:/home/user/.m2/repository/commons-beanutils/commons-beanutils/1.9.3/commons-beanutils-1.9.3.jar:/home/user/.m2/repository/org/apache/commons/commons-configuration2/2.1.1/commons-configuration2-2.1.1.jar:/home/user/.m2/repository/org/apache/commons/commons-lang3/3.7/commons-lang3-3.7.jar:/home/user/.m2/repository/org/apache/commons/commons-text/1.4/commons-text-1.4.jar:/home/user/.m2/repository/org/apache/avro/avro/1.7.7/avro-1.7.7.jar:/home/user/.m2/repository/com/thoughtworks/paranamer/paranamer/2.3/paranamer-2.3.jar:/home/user/.m2/repository/org/xerial/snappy/snappy-java/1.0.5/snappy-java-1.0.5.jar:/home/user/.m2/repository/com/google/re2j/re2j/1.1/re2j-1.1.jar:/home/user/.m2/repository/com/google/code/gson/gson/2.2.4/gson-2.2.4.jar:/home/user/.m2/repository/com/jcraft/jsch/0.1.54/jsch-0.1.54.jar:/home/user/.m2/repository/org/apache/curator/curator-client/2.12.0/curator-client-2.12.0.jar:/home/user/.m2/repository/org/apache/curator/curator-recipes/2.12.0/curator-recipes-2.12.0.jar:/home/user/.m2/repository/com/google/code/findbugs/jsr305/3.0.0/jsr305-3.0.0.jar:/home/user/.m2/repository/org/apache/htrace/htrace-core4/4.1.0-incubating/htrace-core4-4.1.0-incubating.jar:/home/user/.m2/repository/org/apache/zookeeper/zookeeper/3.4.13/zookeeper-3.4.13.jar:/home/user/.m2/repository/org/apache/yetus/audience-annotations/0.5.0/audience-annotations-0.5.0.jar:/home/user/.m2/repository/org/codehaus/woodstox/stax2-api/3.1.4/stax2-api-3.1.4.jar:/home/user/.m2/repository/com/fasterxml/woodstox/woodstox-core/5.0.3/woodstox-core-5.0.3.jar:/home/user/.m2/repository/dnsjava/dnsjava/2.1.7/dnsjava-2.1.7.jar:/home/user/.m2/repository/org/apache/hadoop/hadoop-hdfs/3.2.0/hadoop-hdfs-3.2.0-tests.jar:/home/user/.m2/repository/org/eclipse/jetty/jetty-util-ajax/9.3.24.v20180605/jetty-util-ajax-9.3.24.v20180605.jar:/home/user/.m2/repository/commons-daemon/commons-daemon/1.0.13/commons-daemon-1.0.13.jar:/home/user/.m2/repository/io/netty/netty/3.10.5.Final/netty-3.10.5.Final.jar:/home/user/.m2/repository/io/netty/netty-all/4.0.52.Final/netty-all-4.0.52.Final.jar:/home/user/.m2/repository/org/fusesource/leveldbjni/leveldbjni-all/1.8/leveldbjni-all-1.8.jar:"/>
    <property name="sun.cpu.endian" value="little"/>
    <property name="user.home" value="/home/user"/>
    <property name="user.language" value="en"/>
    <property name="java.specification.vendor" value="Oracle Corporation"/>
    <property name="java.home" value="/usr/lib/jvm/java-1.8-openjdk/jre"/>
    <property name="java.security.krb5.conf" value="/workdir/hadoop-ozone/integration-test/target/test-classes/krb5.conf"/>
    <property name="basedir" value="/workdir/hadoop-ozone/integration-test"/>
    <property name="file.separator" value="/"/>
    <property name="line.separator" value="&#10;"/>
    <property name="java.vm.specification.vendor" value="Oracle Corporation"/>
    <property name="java.specification.name" value="Java Platform API Specification"/>
    <property name="java.awt.graphicsenv" value="sun.awt.X11GraphicsEnvironment"/>
    <property name="surefire.real.class.path" value="/workdir/hadoop-ozone/integration-test/target/surefire/surefirebooter7383552093664961851.jar"/>
    <property name="hadoop.log.dir" value="/workdir/hadoop-ozone/integration-test/target/log"/>
    <property name="sun.boot.class.path" value="/usr/lib/jvm/java-1.8-openjdk/jre/lib/resources.jar:/usr/lib/jvm/java-1.8-openjdk/jre/lib/rt.jar:/usr/lib/jvm/java-1.8-openjdk/jre/lib/sunrsasign.jar:/usr/lib/jvm/java-1.8-openjdk/jre/lib/jsse.jar:/usr/lib/jvm/java-1.8-openjdk/jre/lib/jce.jar:/usr/lib/jvm/java-1.8-openjdk/jre/lib/charsets.jar:/usr/lib/jvm/java-1.8-openjdk/jre/lib/jfr.jar:/usr/lib/jvm/java-1.8-openjdk/jre/classes"/>
    <property name="sun.management.compiler" value="HotSpot 64-Bit Tiered Compilers"/>
    <property name="java.runtime.version" value="1.8.0_212-b04"/>
    <property name="java.net.preferIPv4Stack" value="true"/>
    <property name="user.name" value="jenkins1000"/>
    <property name="path.separator" value=":"/>
    <property name="java.security.egd" value="file:///dev/urandom"/>
    <property name="os.version" value="3.10.0-957.12.2.el7.x86_64"/>
    <property name="java.endorsed.dirs" value="/usr/lib/jvm/java-1.8-openjdk/jre/lib/endorsed"/>
    <property name="java.runtime.name" value="OpenJDK Runtime Environment"/>
    <property name="file.encoding" value="UTF-8"/>
    <property name="java.vm.name" value="OpenJDK 64-Bit Server VM"/>
    <property name="test.build.webapps" value=""/>
    <property name="localRepository" value="/home/user/.m2/repository"/>
    <property name="java.vendor.url.bug" value="https://icedtea.classpath.org/bugzilla"/>
    <property name="java.io.tmpdir" value="/tmp"/>
    <property name="require.test.libhadoop" value=""/>
    <property name="java.version" value="1.8.0_212"/>
    <property name="user.dir" value="/workdir/hadoop-ozone/integration-test"/>
    <property name="os.arch" value="amd64"/>
    <property name="java.vm.specification.name" value="Java Virtual Machine Specification"/>
    <property name="test.build.classes" value="/workdir/hadoop-ozone/integration-test/target/test-classes"/>
    <property name="java.awt.printerjob" value="sun.print.PSPrinterJob"/>
    <property name="sun.os.patch.level" value="unknown"/>
    <property name="hadoop.tmp.dir" value="/workdir/hadoop-ozone/integration-test/target/tmp"/>
    <property name="java.library.path" value="/usr/lib/jvm/java-1.8-openjdk/jre/lib/amd64/server:/usr/lib/jvm/java-1.8-openjdk/jre/lib/amd64:/usr/lib/jvm/java-1.8-openjdk/jre/../lib/amd64:/workdir/hadoop-ozone/integration-test/target/native/target/usr/local/lib:/workdir/hadoop-ozone/integration-test/../../hadoop-common-project/hadoop-common/target/native/target/usr/local/lib:/usr/java/packages/lib/amd64:/usr/lib64:/lib64:/lib:/usr/lib"/>
    <property name="java.vm.info" value="mixed mode"/>
    <property name="java.vendor" value="IcedTea"/>
    <property name="java.vm.version" value="25.212-b04"/>
    <property name="java.ext.dirs" value="/usr/lib/jvm/java-1.8-openjdk/jre/lib/ext:/usr/java/packages/lib/ext"/>
    <property name="sun.io.unicode.encoding" value="UnicodeLittle"/>
    <property name="java.class.version" value="52.0"/>
  </properties>
  <testcase name="testWatchForCommitWithKeyWrite" classname="org.apache.hadoop.ozone.client.rpc.TestWatchForCommit" time="102.409"/>
  <testcase name="testWatchForCommitWithSmallerTimeoutValue" classname="org.apache.hadoop.ozone.client.rpc.TestWatchForCommit" time="49.659"/>
  <testcase name="testWatchForCommitForRetryfailure" classname="org.apache.hadoop.ozone.client.rpc.TestWatchForCommit" time="74.709"/>
  <testcase name="testWatchForCommitForGroupMismatchException" classname="org.apache.hadoop.ozone.client.rpc.TestWatchForCommit" time="33.385"/>
  <testcase name="test2WayCommitForTimeoutException" classname="org.apache.hadoop.ozone.client.rpc.TestWatchForCommit" time="30.04">
    <error message="org.apache.ratis.protocol.RaftRetryFailureException: Failed RaftClientRequest:client-9E659FCB78A6-&gt;5f468c14-038a-4f85-b2bd-10bf135ba5a5@group-FD8920EECC50, cid=104, seq=2*, RW, org.apache.hadoop.hdds.scm.XceiverClientRatis$$Lambda$324/454958850@78d359cb for 20 attempts with RetryLimited(maxAttempts=20, sleepTime=1000ms)" type="java.util.concurrent.ExecutionException">java.util.concurrent.ExecutionException: org.apache.ratis.protocol.RaftRetryFailureException: Failed RaftClientRequest:client-9E659FCB78A6->5f468c14-038a-4f85-b2bd-10bf135ba5a5@group-FD8920EECC50, cid=104, seq=2*, RW, org.apache.hadoop.hdds.scm.XceiverClientRatis$$Lambda$324/454958850@78d359cb for 20 attempts with RetryLimited(maxAttempts=20, sleepTime=1000ms)
	at java.util.concurrent.CompletableFuture.reportGet(CompletableFuture.java:357)
	at java.util.concurrent.CompletableFuture.get(CompletableFuture.java:1895)
	at org.apache.hadoop.ozone.client.rpc.TestWatchForCommit.test2WayCommitForTimeoutException(TestWatchForCommit.java:390)
	at sun.reflect.NativeMethodAccessorImpl.invoke0(Native Method)
	at sun.reflect.NativeMethodAccessorImpl.invoke(NativeMethodAccessorImpl.java:62)
	at sun.reflect.DelegatingMethodAccessorImpl.invoke(DelegatingMethodAccessorImpl.java:43)
	at java.lang.reflect.Method.invoke(Method.java:498)
	at org.junit.runners.model.FrameworkMethod$1.runReflectiveCall(FrameworkMethod.java:47)
	at org.junit.internal.runners.model.ReflectiveCallable.run(ReflectiveCallable.java:12)
	at org.junit.runners.model.FrameworkMethod.invokeExplosively(FrameworkMethod.java:44)
	at org.junit.internal.runners.statements.InvokeMethod.evaluate(InvokeMethod.java:17)
	at org.junit.runners.ParentRunner.runLeaf(ParentRunner.java:271)
	at org.junit.runners.BlockJUnit4ClassRunner.runChild(BlockJUnit4ClassRunner.java:70)
	at org.junit.runners.BlockJUnit4ClassRunner.runChild(BlockJUnit4ClassRunner.java:50)
	at org.junit.runners.ParentRunner$3.run(ParentRunner.java:238)
	at org.junit.runners.ParentRunner$1.schedule(ParentRunner.java:63)
	at org.junit.runners.ParentRunner.runChildren(ParentRunner.java:236)
	at org.junit.runners.ParentRunner.access$000(ParentRunner.java:53)
	at org.junit.runners.ParentRunner$2.evaluate(ParentRunner.java:229)
	at org.junit.runners.ParentRunner.run(ParentRunner.java:309)
	at org.apache.maven.surefire.junit4.JUnit4Provider.execute(JUnit4Provider.java:365)
	at org.apache.maven.surefire.junit4.JUnit4Provider.executeWithRerun(JUnit4Provider.java:273)
	at org.apache.maven.surefire.junit4.JUnit4Provider.executeTestSet(JUnit4Provider.java:238)
	at org.apache.maven.surefire.junit4.JUnit4Provider.invoke(JUnit4Provider.java:159)
	at org.apache.maven.surefire.booter.ForkedBooter.invokeProviderInSameClassLoader(ForkedBooter.java:384)
	at org.apache.maven.surefire.booter.ForkedBooter.runSuitesInProcess(ForkedBooter.java:345)
	at org.apache.maven.surefire.booter.ForkedBooter.execute(ForkedBooter.java:126)
	at org.apache.maven.surefire.booter.ForkedBooter.main(ForkedBooter.java:418)
Caused by: org.apache.ratis.protocol.RaftRetryFailureException: Failed RaftClientRequest:client-9E659FCB78A6->5f468c14-038a-4f85-b2bd-10bf135ba5a5@group-FD8920EECC50, cid=104, seq=2*, RW, org.apache.hadoop.hdds.scm.XceiverClientRatis$$Lambda$324/454958850@78d359cb for 20 attempts with RetryLimited(maxAttempts=20, sleepTime=1000ms)
	at org.apache.ratis.client.impl.RaftClientImpl.noMoreRetries(RaftClientImpl.java:272)
	at org.apache.ratis.client.impl.OrderedAsync.handleAsyncRetryFailure(OrderedAsync.java:138)
	at org.apache.ratis.client.impl.OrderedAsync.lambda$sendRequest$10(OrderedAsync.java:230)
	at java.util.concurrent.CompletableFuture.uniExceptionally(CompletableFuture.java:870)
	at java.util.concurrent.CompletableFuture$UniExceptionally.tryFire(CompletableFuture.java:852)
	at java.util.concurrent.CompletableFuture.postComplete(CompletableFuture.java:474)
	at java.util.concurrent.CompletableFuture.completeExceptionally(CompletableFuture.java:1977)
	at org.apache.ratis.grpc.client.GrpcClientProtocolClient$AsyncStreamObservers.completeReplyExceptionally(GrpcClientProtocolClient.java:330)
	at org.apache.ratis.grpc.client.GrpcClientProtocolClient$AsyncStreamObservers.access$000(GrpcClientProtocolClient.java:246)
	at org.apache.ratis.grpc.client.GrpcClientProtocolClient$AsyncStreamObservers$1.onError(GrpcClientProtocolClient.java:275)
	at org.apache.ratis.thirdparty.io.grpc.stub.ClientCalls$StreamObserverToCallListenerAdapter.onClose(ClientCalls.java:434)
	at org.apache.ratis.thirdparty.io.grpc.PartialForwardingClientCallListener.onClose(PartialForwardingClientCallListener.java:39)
	at org.apache.ratis.thirdparty.io.grpc.ForwardingClientCallListener.onClose(ForwardingClientCallListener.java:23)
	at org.apache.ratis.thirdparty.io.grpc.ForwardingClientCallListener$SimpleForwardingClientCallListener.onClose(ForwardingClientCallListener.java:40)
	at org.apache.ratis.thirdparty.io.grpc.internal.CensusStatsModule$StatsClientInterceptor$1$1.onClose(CensusStatsModule.java:678)
	at org.apache.ratis.thirdparty.io.grpc.PartialForwardingClientCallListener.onClose(PartialForwardingClientCallListener.java:39)
	at org.apache.ratis.thirdparty.io.grpc.ForwardingClientCallListener.onClose(ForwardingClientCallListener.java:23)
	at org.apache.ratis.thirdparty.io.grpc.ForwardingClientCallListener$SimpleForwardingClientCallListener.onClose(ForwardingClientCallListener.java:40)
	at org.apache.ratis.thirdparty.io.grpc.internal.CensusTracingModule$TracingClientInterceptor$1$1.onClose(CensusTracingModule.java:397)
	at org.apache.ratis.thirdparty.io.grpc.internal.ClientCallImpl.closeObserver(ClientCallImpl.java:459)
	at org.apache.ratis.thirdparty.io.grpc.internal.ClientCallImpl.access$300(ClientCallImpl.java:63)
	at org.apache.ratis.thirdparty.io.grpc.internal.ClientCallImpl$ClientStreamListenerImpl.close(ClientCallImpl.java:546)
	at org.apache.ratis.thirdparty.io.grpc.internal.ClientCallImpl$ClientStreamListenerImpl.access$600(ClientCallImpl.java:467)
	at org.apache.ratis.thirdparty.io.grpc.internal.ClientCallImpl$ClientStreamListenerImpl$1StreamClosed.runInContext(ClientCallImpl.java:584)
	at org.apache.ratis.thirdparty.io.grpc.internal.ContextRunnable.run(ContextRunnable.java:37)
	at org.apache.ratis.thirdparty.io.grpc.internal.SerializingExecutor.run(SerializingExecutor.java:123)
	at java.util.concurrent.ThreadPoolExecutor.runWorker(ThreadPoolExecutor.java:1149)
	at java.util.concurrent.ThreadPoolExecutor$Worker.run(ThreadPoolExecutor.java:624)
	at java.lang.Thread.run(Thread.java:748)
Caused by: java.io.IOException: org.apache.ratis.thirdparty.io.grpc.StatusRuntimeException: UNAVAILABLE: io exception
	at org.apache.ratis.grpc.GrpcUtil.unwrapException(GrpcUtil.java:76)
	at org.apache.ratis.grpc.GrpcUtil.unwrapIOException(GrpcUtil.java:128)
	at org.apache.ratis.grpc.client.GrpcClientProtocolClient$AsyncStreamObservers$1.onError(GrpcClientProtocolClient.java:274)
	... 19 more
Caused by: org.apache.ratis.thirdparty.io.grpc.StatusRuntimeException: UNAVAILABLE: io exception
	at org.apache.ratis.thirdparty.io.grpc.Status.asRuntimeException(Status.java:526)
	... 19 more
Caused by: org.apache.ratis.thirdparty.io.netty.channel.AbstractChannel$AnnotatedConnectException: Connection refused: /192.168.69.102:35422
	at sun.nio.ch.SocketChannelImpl.checkConnect(Native Method)
	at sun.nio.ch.SocketChannelImpl.finishConnect(SocketChannelImpl.java:717)
	at org.apache.ratis.thirdparty.io.netty.channel.socket.nio.NioSocketChannel.doFinishConnect(NioSocketChannel.java:327)
	at org.apache.ratis.thirdparty.io.netty.channel.nio.AbstractNioChannel$AbstractNioUnsafe.finishConnect(AbstractNioChannel.java:340)
	at org.apache.ratis.thirdparty.io.netty.channel.nio.NioEventLoop.processSelectedKey(NioEventLoop.java:632)
	at org.apache.ratis.thirdparty.io.netty.channel.nio.NioEventLoop.processSelectedKeysOptimized(NioEventLoop.java:579)
	at org.apache.ratis.thirdparty.io.netty.channel.nio.NioEventLoop.processSelectedKeys(NioEventLoop.java:496)
	at org.apache.ratis.thirdparty.io.netty.channel.nio.NioEventLoop.run(NioEventLoop.java:458)
	at org.apache.ratis.thirdparty.io.netty.util.concurrent.SingleThreadEventExecutor$5.run(SingleThreadEventExecutor.java:897)
	at org.apache.ratis.thirdparty.io.netty.util.concurrent.FastThreadLocalRunnable.run(FastThreadLocalRunnable.java:30)
	... 1 more
Caused by: java.net.ConnectException: Connection refused
	... 11 more
</error>
    <system-out><![CDATA[2019-08-28 19:12:11,968 [main] WARN  server.ServerUtils (ServerUtils.java:getScmDbDir(145)) - ozone.scm.db.dirs is not configured. We recommend adding this setting. Falling back to ozone.metadata.dirs instead.
2019-08-28 19:12:11,990 [main] WARN  server.ServerUtils (ServerUtils.java:getScmDbDir(145)) - ozone.scm.db.dirs is not configured. We recommend adding this setting. Falling back to ozone.metadata.dirs instead.
2019-08-28 19:12:11,990 [main] WARN  server.ServerUtils (ServerUtils.java:getScmDbDir(145)) - ozone.scm.db.dirs is not configured. We recommend adding this setting. Falling back to ozone.metadata.dirs instead.
2019-08-28 19:12:11,991 [main] INFO  db.DBStoreBuilder (DBStoreBuilder.java:addTable(110)) - using custom profile for table: deletedBlocks
2019-08-28 19:12:11,991 [main] INFO  db.DBStoreBuilder (DBStoreBuilder.java:processTables(161)) - Using default column profile:DBProfile.DISK for Table:deletedBlocks
2019-08-28 19:12:11,991 [main] INFO  db.DBStoreBuilder (DBStoreBuilder.java:addTable(110)) - using custom profile for table: validCerts
2019-08-28 19:12:11,991 [main] INFO  db.DBStoreBuilder (DBStoreBuilder.java:processTables(161)) - Using default column profile:DBProfile.DISK for Table:validCerts
2019-08-28 19:12:11,991 [main] INFO  db.DBStoreBuilder (DBStoreBuilder.java:addTable(110)) - using custom profile for table: revokedCerts
2019-08-28 19:12:11,992 [main] INFO  db.DBStoreBuilder (DBStoreBuilder.java:processTables(161)) - Using default column profile:DBProfile.DISK for Table:revokedCerts
2019-08-28 19:12:11,992 [main] INFO  db.DBStoreBuilder (DBStoreBuilder.java:addTable(110)) - using custom profile for table: default
2019-08-28 19:12:11,992 [main] INFO  db.DBStoreBuilder (DBStoreBuilder.java:processTables(167)) - Using default column profile:DBProfile.DISK for Table:default
2019-08-28 19:12:11,992 [main] INFO  db.DBStoreBuilder (DBStoreBuilder.java:getDbProfile(198)) - Using default options. DBProfile.DISK
2019-08-28 19:12:12,285 [main] INFO  net.NodeSchemaLoader (NodeSchemaLoader.java:loadSchemaFromFile(125)) - Loading file from sun.misc.CompoundEnumeration@5e6ad84c
2019-08-28 19:12:12,285 [main] INFO  net.NodeSchemaLoader (NodeSchemaLoader.java:loadSchema(171)) - Loading network topology layer schema file
2019-08-28 19:12:12,291 [main] WARN  server.ServerUtils (ServerUtils.java:sanitizeUserArgs(70)) - ozone.scm.stale.node.interval value = 300000 is larger than max = 100000 based on the key value of ozone.scm.heartbeat.thread.interval, reset to the max value 100000.
2019-08-28 19:12:12,291 [main] WARN  server.ServerUtils (ServerUtils.java:sanitizeUserArgs(70)) - ozone.scm.stale.node.interval value = 300000 is larger than max = 100000 based on the key value of ozone.scm.heartbeat.thread.interval, reset to the max value 100000.
2019-08-28 19:12:12,292 [main] INFO  node.SCMNodeManager (SCMNodeManager.java:<init>(121)) - Entering startup safe mode.
2019-08-28 19:12:12,293 [main] INFO  algorithms.ContainerPlacementPolicyFactory (ContainerPlacementPolicyFactory.java:getPolicy(55)) - Create container placement policy of type org.apache.hadoop.hdds.scm.container.placement.algorithms.SCMContainerPlacementRandom
2019-08-28 19:12:12,293 [main] WARN  server.ServerUtils (ServerUtils.java:getScmDbDir(145)) - ozone.scm.db.dirs is not configured. We recommend adding this setting. Falling back to ozone.metadata.dirs instead.
2019-08-28 19:12:12,406 [main] INFO  pipeline.SCMPipelineManager (SCMPipelineManager.java:initializePipelineState(126)) - No pipeline exists in current db
2019-08-28 19:12:12,406 [main] WARN  server.ServerUtils (ServerUtils.java:getScmDbDir(145)) - ozone.scm.db.dirs is not configured. We recommend adding this setting. Falling back to ozone.metadata.dirs instead.
2019-08-28 19:12:12,536 [main] WARN  events.EventQueue (EventQueue.java:fireEvent(175)) - No event handler registered for event TypedEvent{payloadType=SafeModeStatus, name='SafeModeStatus'}
2019-08-28 19:12:12,537 [main] INFO  ipc.CallQueueManager (CallQueueManager.java:<init>(84)) - Using callQueue: class java.util.concurrent.LinkedBlockingQueue, queueCapacity: 2000, scheduler: class org.apache.hadoop.ipc.DefaultRpcScheduler, ipcBackoff: false.
2019-08-28 19:12:12,538 [Socket Reader #1 for port 45902] INFO  ipc.Server (Server.java:run(1074)) - Starting Socket Reader #1 for port 45902
2019-08-28 19:12:12,540 [main] INFO  ipc.CallQueueManager (CallQueueManager.java:<init>(84)) - Using callQueue: class java.util.concurrent.LinkedBlockingQueue, queueCapacity: 2000, scheduler: class org.apache.hadoop.ipc.DefaultRpcScheduler, ipcBackoff: false.
2019-08-28 19:12:12,541 [Socket Reader #1 for port 40147] INFO  ipc.Server (Server.java:run(1074)) - Starting Socket Reader #1 for port 40147
2019-08-28 19:12:12,543 [main] INFO  ipc.CallQueueManager (CallQueueManager.java:<init>(84)) - Using callQueue: class java.util.concurrent.LinkedBlockingQueue, queueCapacity: 2000, scheduler: class org.apache.hadoop.ipc.DefaultRpcScheduler, ipcBackoff: false.
2019-08-28 19:12:12,544 [Socket Reader #1 for port 36004] INFO  ipc.Server (Server.java:run(1074)) - Starting Socket Reader #1 for port 36004
2019-08-28 19:12:12,546 [main] INFO  hdfs.DFSUtil (DFSUtil.java:httpServerTemplateForNNAndJN(1641)) - Starting Web-server for scm at: http://0.0.0.0:0
2019-08-28 19:12:12,548 [main] INFO  server.AuthenticationFilter (AuthenticationFilter.java:constructSecretProvider(240)) - Unable to initialize FileSignerSecretProvider, falling back to use random secrets.
2019-08-28 19:12:12,549 [main] WARN  http.HttpRequestLog (HttpRequestLog.java:getRequestLog(97)) - Jetty request log can only be enabled using Log4j
2019-08-28 19:12:12,552 [main] INFO  http.HttpServer2 (HttpServer2.java:addGlobalFilter(975)) - Added global filter 'safety' (class=org.apache.hadoop.http.HttpServer2$QuotingInputFilter)
2019-08-28 19:12:12,552 [main] INFO  http.HttpServer2 (HttpServer2.java:addFilter(948)) - Added filter static_user_filter (class=org.apache.hadoop.http.lib.StaticUserWebFilter$StaticUserFilter) to context scm
2019-08-28 19:12:12,553 [main] INFO  http.HttpServer2 (HttpServer2.java:addFilter(958)) - Added filter static_user_filter (class=org.apache.hadoop.http.lib.StaticUserWebFilter$StaticUserFilter) to context logs
2019-08-28 19:12:12,553 [main] INFO  http.HttpServer2 (HttpServer2.java:addFilter(958)) - Added filter static_user_filter (class=org.apache.hadoop.http.lib.StaticUserWebFilter$StaticUserFilter) to context static
2019-08-28 19:12:12,555 [main] INFO  server.StorageContainerManager (StorageContainerManager.java:start(759)) - StorageContainerLocationProtocol RPC server is listening at /0.0.0.0:36004
2019-08-28 19:12:12,558 [main] WARN  impl.MetricsConfig (MetricsConfig.java:loadFirst(134)) - Cannot locate configuration: tried hadoop-metrics2-storagecontainermanager.properties,hadoop-metrics2.properties
2019-08-28 19:12:12,560 [main] INFO  impl.MetricsSystemImpl (MetricsSystemImpl.java:startTimer(374)) - Scheduled Metric snapshot period at 10 second(s).
2019-08-28 19:12:12,560 [main] INFO  impl.MetricsSystemImpl (MetricsSystemImpl.java:start(191)) - StorageContainerManager metrics system started
2019-08-28 19:12:12,664 [main] INFO  server.SCMClientProtocolServer (SCMClientProtocolServer.java:start(151)) - RPC server for Client  is listening at /0.0.0.0:36004
2019-08-28 19:12:12,664 [IPC Server Responder] INFO  ipc.Server (Server.java:run(1314)) - IPC Server Responder: starting
2019-08-28 19:12:12,664 [IPC Server listener on 36004] INFO  ipc.Server (Server.java:run(1153)) - IPC Server listener on 36004: starting
2019-08-28 19:12:12,688 [main] INFO  server.StorageContainerManager (StorageContainerManager.java:start(769)) - ScmBlockLocationProtocol RPC server is listening at /0.0.0.0:40147
2019-08-28 19:12:12,689 [main] INFO  server.SCMBlockProtocolServer (SCMBlockProtocolServer.java:start(140)) - RPC server for Block Protocol is listening at /0.0.0.0:40147
2019-08-28 19:12:12,689 [IPC Server Responder] INFO  ipc.Server (Server.java:run(1314)) - IPC Server Responder: starting
2019-08-28 19:12:12,689 [IPC Server listener on 40147] INFO  ipc.Server (Server.java:run(1153)) - IPC Server listener on 40147: starting
2019-08-28 19:12:12,751 [main] INFO  server.StorageContainerManager (StorageContainerManager.java:start(773)) - ScmDatanodeProtocl RPC server is listening at /0.0.0.0:45902
2019-08-28 19:12:12,752 [main] INFO  server.SCMDatanodeProtocolServer (SCMDatanodeProtocolServer.java:start(191)) - RPC server for DataNodes is listening at /0.0.0.0:45902
2019-08-28 19:12:12,752 [IPC Server Responder] INFO  ipc.Server (Server.java:run(1314)) - IPC Server Responder: starting
2019-08-28 19:12:12,752 [IPC Server listener on 45902] INFO  ipc.Server (Server.java:run(1153)) - IPC Server listener on 45902: starting
2019-08-28 19:12:12,755 [main] INFO  http.HttpServer2 (HttpServer2.java:bindListener(1191)) - Jetty bound to port 42293
2019-08-28 19:12:12,755 [main] INFO  server.Server (Server.java:doStart(351)) - jetty-9.3.24.v20180605, build timestamp: 2018-06-05T17:11:56Z, git hash: 84205aa28f11a4f31f2a3b86d1bba2cc8ab69827
2019-08-28 19:12:12,756 [main] INFO  handler.ContextHandler (ContextHandler.java:doStart(781)) - Started o.e.j.s.ServletContextHandler@313a3af8{/logs,file:///workdir/hadoop-ozone/integration-test/target/log,AVAILABLE}
2019-08-28 19:12:12,757 [main] INFO  handler.ContextHandler (ContextHandler.java:doStart(781)) - Started o.e.j.s.ServletContextHandler@5471342{/static,file:///workdir/hadoop-ozone/integration-test/target/test-classes/webapps/static,AVAILABLE}
2019-08-28 19:12:12,760 [main] INFO  handler.ContextHandler (ContextHandler.java:doStart(781)) - Started o.e.j.w.WebAppContext@1722ede1{/,file:///workdir/hadoop-ozone/integration-test/target/test-classes/webapps/scm/,AVAILABLE}{/scm}
2019-08-28 19:12:12,761 [main] INFO  server.AbstractConnector (AbstractConnector.java:doStart(278)) - Started ServerConnector@307ba188{HTTP/1.1,[http/1.1]}{0.0.0.0:42293}
2019-08-28 19:12:12,761 [main] INFO  server.Server (Server.java:doStart(419)) - Started @261369ms
2019-08-28 19:12:12,762 [main] INFO  server.BaseHttpServer (BaseHttpServer.java:updateConnectorAddress(213)) - HTTP server of SCM is listening at http://0.0.0.0:42293
2019-08-28 19:12:12,763 [main] WARN  server.ServerUtils (ServerUtils.java:getDBPath(222)) - ozone.om.db.dirs is not configured. We recommend adding this setting. Falling back to ozone.metadata.dirs instead.
2019-08-28 19:12:12,763 [org.apache.hadoop.util.JvmPauseMonitor$Monitor@73f0b216] INFO  util.JvmPauseMonitor (JvmPauseMonitor.java:run(188)) - Starting JVM pause monitor
2019-08-28 19:12:12,820 [main] WARN  server.ServerUtils (ServerUtils.java:getDBPath(222)) - ozone.om.db.dirs is not configured. We recommend adding this setting. Falling back to ozone.metadata.dirs instead.
2019-08-28 19:12:12,820 [main] WARN  server.ServerUtils (ServerUtils.java:getDBPath(222)) - ozone.om.db.dirs is not configured. We recommend adding this setting. Falling back to ozone.metadata.dirs instead.
2019-08-28 19:12:12,821 [main] INFO  om.OzoneManager (OzoneManager.java:setOMNodeDetails(645)) - OM Service ID is not set. Setting it to the default ID: omServiceIdDefault
2019-08-28 19:12:12,821 [main] INFO  om.OzoneManager (OzoneManager.java:setOMNodeDetails(651)) - OM Node ID is not set. Setting it to the OmStorage's OmID: fb4abf60-d44f-46b0-a451-ea8debbd67b0
2019-08-28 19:12:12,821 [main] INFO  om.OzoneManager (OzoneManager.java:loadOMHAConfigs(602)) - Found matching OM address with OMServiceId: null, OMNodeId: null, RPC Address: localhost:0 and Ratis port: 9872
2019-08-28 19:12:12,825 | INFO  | SCMAudit | user=jenkins1000 | ip=192.168.69.102 | op=GET_SCM_INFO null | ret=SUCCESS |  
2019-08-28 19:12:12,828 [main] WARN  server.ServerUtils (ServerUtils.java:getDBPath(222)) - ozone.om.db.dirs is not configured. We recommend adding this setting. Falling back to ozone.metadata.dirs instead.
2019-08-28 19:12:12,829 [main] INFO  db.DBStoreBuilder (DBStoreBuilder.java:addTable(110)) - using custom profile for table: userTable
2019-08-28 19:12:12,829 [main] INFO  db.DBStoreBuilder (DBStoreBuilder.java:processTables(161)) - Using default column profile:DBProfile.DISK for Table:userTable
2019-08-28 19:12:12,829 [main] INFO  db.DBStoreBuilder (DBStoreBuilder.java:addTable(110)) - using custom profile for table: volumeTable
2019-08-28 19:12:12,829 [main] INFO  db.DBStoreBuilder (DBStoreBuilder.java:processTables(161)) - Using default column profile:DBProfile.DISK for Table:volumeTable
2019-08-28 19:12:12,830 [main] INFO  db.DBStoreBuilder (DBStoreBuilder.java:addTable(110)) - using custom profile for table: bucketTable
2019-08-28 19:12:12,830 [main] INFO  db.DBStoreBuilder (DBStoreBuilder.java:processTables(161)) - Using default column profile:DBProfile.DISK for Table:bucketTable
2019-08-28 19:12:12,830 [main] INFO  db.DBStoreBuilder (DBStoreBuilder.java:addTable(110)) - using custom profile for table: keyTable
2019-08-28 19:12:12,830 [main] INFO  db.DBStoreBuilder (DBStoreBuilder.java:processTables(161)) - Using default column profile:DBProfile.DISK for Table:keyTable
2019-08-28 19:12:12,830 [main] INFO  db.DBStoreBuilder (DBStoreBuilder.java:addTable(110)) - using custom profile for table: deletedTable
2019-08-28 19:12:12,831 [main] INFO  db.DBStoreBuilder (DBStoreBuilder.java:processTables(161)) - Using default column profile:DBProfile.DISK for Table:deletedTable
2019-08-28 19:12:12,831 [main] INFO  db.DBStoreBuilder (DBStoreBuilder.java:addTable(110)) - using custom profile for table: openKeyTable
2019-08-28 19:12:12,831 [main] INFO  db.DBStoreBuilder (DBStoreBuilder.java:processTables(161)) - Using default column profile:DBProfile.DISK for Table:openKeyTable
2019-08-28 19:12:12,831 [main] INFO  db.DBStoreBuilder (DBStoreBuilder.java:addTable(110)) - using custom profile for table: s3Table
2019-08-28 19:12:12,831 [main] INFO  db.DBStoreBuilder (DBStoreBuilder.java:processTables(161)) - Using default column profile:DBProfile.DISK for Table:s3Table
2019-08-28 19:12:12,832 [main] INFO  db.DBStoreBuilder (DBStoreBuilder.java:addTable(110)) - using custom profile for table: multipartInfoTable
2019-08-28 19:12:12,832 [main] INFO  db.DBStoreBuilder (DBStoreBuilder.java:processTables(161)) - Using default column profile:DBProfile.DISK for Table:multipartInfoTable
2019-08-28 19:12:12,832 [main] INFO  db.DBStoreBuilder (DBStoreBuilder.java:addTable(110)) - using custom profile for table: dTokenTable
2019-08-28 19:12:12,832 [main] INFO  db.DBStoreBuilder (DBStoreBuilder.java:processTables(161)) - Using default column profile:DBProfile.DISK for Table:dTokenTable
2019-08-28 19:12:12,832 [main] INFO  db.DBStoreBuilder (DBStoreBuilder.java:addTable(110)) - using custom profile for table: s3SecretTable
2019-08-28 19:12:12,833 [main] INFO  db.DBStoreBuilder (DBStoreBuilder.java:processTables(161)) - Using default column profile:DBProfile.DISK for Table:s3SecretTable
2019-08-28 19:12:12,833 [main] INFO  db.DBStoreBuilder (DBStoreBuilder.java:addTable(110)) - using custom profile for table: prefixTable
2019-08-28 19:12:12,834 [main] INFO  db.DBStoreBuilder (DBStoreBuilder.java:processTables(161)) - Using default column profile:DBProfile.DISK for Table:prefixTable
2019-08-28 19:12:12,834 [main] INFO  db.DBStoreBuilder (DBStoreBuilder.java:addTable(110)) - using custom profile for table: default
2019-08-28 19:12:12,834 [main] INFO  db.DBStoreBuilder (DBStoreBuilder.java:processTables(167)) - Using default column profile:DBProfile.DISK for Table:default
2019-08-28 19:12:12,834 [main] INFO  db.DBStoreBuilder (DBStoreBuilder.java:getDbProfile(198)) - Using default options. DBProfile.DISK
2019-08-28 19:12:13,553 [main] INFO  ipc.CallQueueManager (CallQueueManager.java:<init>(84)) - Using callQueue: class java.util.concurrent.LinkedBlockingQueue, queueCapacity: 2000, scheduler: class org.apache.hadoop.ipc.DefaultRpcScheduler, ipcBackoff: false.
2019-08-28 19:12:13,554 [Socket Reader #1 for port 46509] INFO  ipc.Server (Server.java:run(1074)) - Starting Socket Reader #1 for port 46509
2019-08-28 19:12:13,571 [main] INFO  om.OzoneManager (OzoneManager.java:start(1256)) - OzoneManager RPC server is listening at localhost/127.0.0.1:46509
2019-08-28 19:12:13,571 [main] INFO  impl.MetricsSystemImpl (MetricsSystemImpl.java:init(158)) - OzoneManager metrics system started (again)
2019-08-28 19:12:13,572 [IPC Server Responder] INFO  ipc.Server (Server.java:run(1314)) - IPC Server Responder: starting
2019-08-28 19:12:13,573 [IPC Server listener on 46509] INFO  ipc.Server (Server.java:run(1153)) - IPC Server listener on 46509: starting
2019-08-28 19:12:13,579 [main] INFO  hdfs.DFSUtil (DFSUtil.java:httpServerTemplateForNNAndJN(1641)) - Starting Web-server for ozoneManager at: http://0.0.0.0:0
2019-08-28 19:12:13,582 [main] INFO  server.AuthenticationFilter (AuthenticationFilter.java:constructSecretProvider(240)) - Unable to initialize FileSignerSecretProvider, falling back to use random secrets.
2019-08-28 19:12:13,582 [main] WARN  http.HttpRequestLog (HttpRequestLog.java:getRequestLog(97)) - Jetty request log can only be enabled using Log4j
2019-08-28 19:12:13,586 [main] INFO  http.HttpServer2 (HttpServer2.java:addGlobalFilter(975)) - Added global filter 'safety' (class=org.apache.hadoop.http.HttpServer2$QuotingInputFilter)
2019-08-28 19:12:13,587 [main] INFO  http.HttpServer2 (HttpServer2.java:addFilter(948)) - Added filter static_user_filter (class=org.apache.hadoop.http.lib.StaticUserWebFilter$StaticUserFilter) to context ozoneManager
2019-08-28 19:12:13,587 [main] INFO  http.HttpServer2 (HttpServer2.java:addFilter(958)) - Added filter static_user_filter (class=org.apache.hadoop.http.lib.StaticUserWebFilter$StaticUserFilter) to context logs
2019-08-28 19:12:13,588 [main] INFO  http.HttpServer2 (HttpServer2.java:addFilter(958)) - Added filter static_user_filter (class=org.apache.hadoop.http.lib.StaticUserWebFilter$StaticUserFilter) to context static
2019-08-28 19:12:13,589 [main] INFO  http.HttpServer2 (HttpServer2.java:bindListener(1191)) - Jetty bound to port 38182
2019-08-28 19:12:13,590 [main] INFO  server.Server (Server.java:doStart(351)) - jetty-9.3.24.v20180605, build timestamp: 2018-06-05T17:11:56Z, git hash: 84205aa28f11a4f31f2a3b86d1bba2cc8ab69827
2019-08-28 19:12:13,592 [main] INFO  handler.ContextHandler (ContextHandler.java:doStart(781)) - Started o.e.j.s.ServletContextHandler@51806858{/logs,file:///workdir/hadoop-ozone/integration-test/target/log,AVAILABLE}
2019-08-28 19:12:13,593 [main] INFO  handler.ContextHandler (ContextHandler.java:doStart(781)) - Started o.e.j.s.ServletContextHandler@40dcbf7{/static,file:///workdir/hadoop-ozone/integration-test/target/test-classes/webapps/static,AVAILABLE}
2019-08-28 19:12:13,602 [main] INFO  handler.ContextHandler (ContextHandler.java:doStart(781)) - Started o.e.j.w.WebAppContext@e98004e{/,file:///workdir/hadoop-ozone/integration-test/target/test-classes/webapps/ozoneManager/,AVAILABLE}{/ozoneManager}
2019-08-28 19:12:13,603 [main] INFO  server.AbstractConnector (AbstractConnector.java:doStart(278)) - Started ServerConnector@368e7d3a{HTTP/1.1,[http/1.1]}{0.0.0.0:38182}
2019-08-28 19:12:13,604 [main] INFO  server.Server (Server.java:doStart(419)) - Started @262212ms
2019-08-28 19:12:13,605 [main] INFO  server.BaseHttpServer (BaseHttpServer.java:updateConnectorAddress(213)) - HTTP server of OZONEMANAGER is listening at http://0.0.0.0:38182
2019-08-28 19:12:13,626 [main] INFO  impl.MetricsSystemImpl (MetricsSystemImpl.java:init(158)) - HddsDatanode metrics system started (again)
2019-08-28 19:12:13,629 [main] INFO  ozone.HddsDatanodeService (HddsDatanodeService.java:start(184)) - HddsDatanodeService host:pr-hdds-1783-trunk-gtrxg-786569963 ip:192.168.69.102
2019-08-28 19:12:13,641 [main] INFO  volume.HddsVolume (HddsVolume.java:<init>(176)) - Creating Volume: /workdir/hadoop-ozone/integration-test/target/test-dir/MiniOzoneClusterImpl-3ce2fde9-0a18-41d4-8c47-cb897b02b2eb/datanode-0/data/containers/hdds of  storage type : DISK and capacity : 1482555576320
2019-08-28 19:12:13,642 [main] INFO  volume.VolumeSet (VolumeSet.java:initializeVolumeSet(170)) - Added Volume : /workdir/hadoop-ozone/integration-test/target/test-dir/MiniOzoneClusterImpl-3ce2fde9-0a18-41d4-8c47-cb897b02b2eb/datanode-0/data/containers/hdds to VolumeSet
2019-08-28 19:12:13,642 [main] INFO  volume.ThrottledAsyncChecker (ThrottledAsyncChecker.java:schedule(140)) - Scheduling a check for org.apache.hadoop.ozone.container.common.volume.HddsVolume@1851f19f
2019-08-28 19:12:13,643 [main] INFO  volume.HddsVolumeChecker (HddsVolumeChecker.java:checkAllVolumes(203)) - Scheduled health check for volume org.apache.hadoop.ozone.container.common.volume.HddsVolume@1851f19f
2019-08-28 19:12:13,664 [main] INFO  impl.RaftServerProxy (ConfUtils.java:logGet(43)) - raft.rpc.type = GRPC (default)
2019-08-28 19:12:13,665 [main] INFO  grpc.GrpcFactory (GrpcFactory.java:checkPooledByteBufAllocatorUseCacheForAllThreads(45)) - PERFORMANCE WARNING: useCacheForAllThreads is true that may cause Netty to create a lot garbage objects and, as a result, trigger GC.
	It is recommended to disable useCacheForAllThreads by setting -Dorg.apache.ratis.thirdparty.io.netty.allocator.useCacheForAllThreads=false in command line.
2019-08-28 19:12:13,665 [main] INFO  grpc.GrpcConfigKeys$Server (ConfUtils.java:logGet(43)) - raft.grpc.server.port = 0 (default)
2019-08-28 19:12:13,665 [main] INFO  server.GrpcService (ConfUtils.java:logGet(43)) - raft.grpc.message.size.max = 33570816 (custom)
2019-08-28 19:12:13,666 [main] INFO  server.RaftServerConfigKeys (ConfUtils.java:logGet(43)) - raft.server.log.appender.buffer.byte-limit = 33554432 (custom)
2019-08-28 19:12:13,666 [main] INFO  server.GrpcService (ConfUtils.java:logGet(43)) - raft.grpc.flow.control.window = 1MB (=1048576) (default)
2019-08-28 19:12:13,666 [main] INFO  server.RaftServerConfigKeys (ConfUtils.java:logGet(43)) - raft.server.rpc.request.timeout = 3000ms (default)
2019-08-28 19:12:13,667 [main] INFO  server.RaftServerConfigKeys (ConfUtils.java:logGet(43)) - raft.server.storage.dir = [/workdir/hadoop-ozone/integration-test/target/test-dir/MiniOzoneClusterImpl-3ce2fde9-0a18-41d4-8c47-cb897b02b2eb/datanode-0/data/ratis] (custom)
2019-08-28 19:12:13,667 [main] INFO  replication.SimpleContainerDownloader (SimpleContainerDownloader.java:<init>(72)) - Starting container downloader service to copy containers to replicate.
2019-08-28 19:12:13,669 [main] INFO  hdfs.DFSUtil (DFSUtil.java:httpServerTemplateForNNAndJN(1641)) - Starting Web-server for hddsDatanode at: http://0.0.0.0:0
2019-08-28 19:12:13,670 [main] INFO  server.AuthenticationFilter (AuthenticationFilter.java:constructSecretProvider(240)) - Unable to initialize FileSignerSecretProvider, falling back to use random secrets.
2019-08-28 19:12:13,671 [main] WARN  http.HttpRequestLog (HttpRequestLog.java:getRequestLog(97)) - Jetty request log can only be enabled using Log4j
2019-08-28 19:12:13,672 [main] INFO  http.HttpServer2 (HttpServer2.java:addGlobalFilter(975)) - Added global filter 'safety' (class=org.apache.hadoop.http.HttpServer2$QuotingInputFilter)
2019-08-28 19:12:13,673 [main] INFO  http.HttpServer2 (HttpServer2.java:addFilter(948)) - Added filter static_user_filter (class=org.apache.hadoop.http.lib.StaticUserWebFilter$StaticUserFilter) to context hddsDatanode
2019-08-28 19:12:13,673 [main] INFO  http.HttpServer2 (HttpServer2.java:addFilter(958)) - Added filter static_user_filter (class=org.apache.hadoop.http.lib.StaticUserWebFilter$StaticUserFilter) to context logs
2019-08-28 19:12:13,673 [main] INFO  http.HttpServer2 (HttpServer2.java:addFilter(958)) - Added filter static_user_filter (class=org.apache.hadoop.http.lib.StaticUserWebFilter$StaticUserFilter) to context static
2019-08-28 19:12:13,674 [main] INFO  http.HttpServer2 (HttpServer2.java:bindListener(1191)) - Jetty bound to port 38478
2019-08-28 19:12:13,674 [main] INFO  server.Server (Server.java:doStart(351)) - jetty-9.3.24.v20180605, build timestamp: 2018-06-05T17:11:56Z, git hash: 84205aa28f11a4f31f2a3b86d1bba2cc8ab69827
2019-08-28 19:12:13,677 [main] INFO  handler.ContextHandler (ContextHandler.java:doStart(781)) - Started o.e.j.s.ServletContextHandler@6f0df74{/logs,file:///workdir/hadoop-ozone/integration-test/target/log,AVAILABLE}
2019-08-28 19:12:13,677 [main] INFO  handler.ContextHandler (ContextHandler.java:doStart(781)) - Started o.e.j.s.ServletContextHandler@57f1fbae{/static,jar:file:/home/user/.m2/repository/org/apache/hadoop/hadoop-hdds-container-service/0.5.0-SNAPSHOT/hadoop-hdds-container-service-0.5.0-SNAPSHOT.jar!/webapps/static,AVAILABLE}
2019-08-28 19:12:13,721 [main] INFO  handler.ContextHandler (ContextHandler.java:doStart(781)) - Started o.e.j.w.WebAppContext@4b407ac7{/,file:///tmp/jetty-0.0.0.0-38478-hddsDatanode-_-any-657178161117353735.dir/webapp/,AVAILABLE}{/hddsDatanode}
2019-08-28 19:12:13,721 [main] INFO  server.AbstractConnector (AbstractConnector.java:doStart(278)) - Started ServerConnector@4c5ae26d{HTTP/1.1,[http/1.1]}{0.0.0.0:38478}
2019-08-28 19:12:13,723 [main] INFO  server.Server (Server.java:doStart(419)) - Started @262330ms
2019-08-28 19:12:13,724 [main] INFO  server.BaseHttpServer (BaseHttpServer.java:updateConnectorAddress(213)) - HTTP server of HDDSDATANODE is listening at http://0.0.0.0:38478
2019-08-28 19:12:13,856 | INFO  | ObjectStoreRestHttpServer | Listening HDDS REST traffic on /0.0.0.0:41606 |  
2019-08-28 19:12:13,856 [main] INFO  ozone.HddsDatanodeService (HddsDatanodeService.java:startPlugins(395)) - Started plug-in org.apache.hadoop.ozone.web.OzoneHddsDatanodeService@19c578bf
2019-08-28 19:12:13,857 [main] INFO  impl.MetricsSystemImpl (MetricsSystemImpl.java:init(158)) - HddsDatanode metrics system started (again)
2019-08-28 19:12:13,859 [org.apache.hadoop.util.JvmPauseMonitor$Monitor@1fd08ccc] INFO  util.JvmPauseMonitor (JvmPauseMonitor.java:run(188)) - Starting JVM pause monitor
2019-08-28 19:12:13,860 [main] INFO  ozone.HddsDatanodeService (HddsDatanodeService.java:start(184)) - HddsDatanodeService host:pr-hdds-1783-trunk-gtrxg-786569963 ip:192.168.69.102
2019-08-28 19:12:13,861 [Datanode State Machine Thread - 0] INFO  datanode.InitDatanodeState (InitDatanodeState.java:persistContainerDatanodeDetails(140)) - DatanodeDetails is persisted to /workdir/hadoop-ozone/integration-test/target/test-dir/MiniOzoneClusterImpl-3ce2fde9-0a18-41d4-8c47-cb897b02b2eb/datanode-0/meta/datanode.id
2019-08-28 19:12:13,870 [main] INFO  volume.HddsVolume (HddsVolume.java:<init>(176)) - Creating Volume: /workdir/hadoop-ozone/integration-test/target/test-dir/MiniOzoneClusterImpl-3ce2fde9-0a18-41d4-8c47-cb897b02b2eb/datanode-1/data/containers/hdds of  storage type : DISK and capacity : 1482555576320
2019-08-28 19:12:13,870 [main] INFO  volume.VolumeSet (VolumeSet.java:initializeVolumeSet(170)) - Added Volume : /workdir/hadoop-ozone/integration-test/target/test-dir/MiniOzoneClusterImpl-3ce2fde9-0a18-41d4-8c47-cb897b02b2eb/datanode-1/data/containers/hdds to VolumeSet
2019-08-28 19:12:13,871 [main] INFO  volume.ThrottledAsyncChecker (ThrottledAsyncChecker.java:schedule(140)) - Scheduling a check for org.apache.hadoop.ozone.container.common.volume.HddsVolume@41db6e4b
2019-08-28 19:12:13,871 [main] INFO  volume.HddsVolumeChecker (HddsVolumeChecker.java:checkAllVolumes(203)) - Scheduled health check for volume org.apache.hadoop.ozone.container.common.volume.HddsVolume@41db6e4b
2019-08-28 19:12:13,890 [main] INFO  impl.RaftServerProxy (ConfUtils.java:logGet(43)) - raft.rpc.type = GRPC (default)
2019-08-28 19:12:13,890 [main] INFO  grpc.GrpcFactory (GrpcFactory.java:checkPooledByteBufAllocatorUseCacheForAllThreads(45)) - PERFORMANCE WARNING: useCacheForAllThreads is true that may cause Netty to create a lot garbage objects and, as a result, trigger GC.
	It is recommended to disable useCacheForAllThreads by setting -Dorg.apache.ratis.thirdparty.io.netty.allocator.useCacheForAllThreads=false in command line.
2019-08-28 19:12:13,890 [main] INFO  grpc.GrpcConfigKeys$Server (ConfUtils.java:logGet(43)) - raft.grpc.server.port = 0 (default)
2019-08-28 19:12:13,891 [main] INFO  server.GrpcService (ConfUtils.java:logGet(43)) - raft.grpc.message.size.max = 33570816 (custom)
2019-08-28 19:12:13,891 [main] INFO  server.RaftServerConfigKeys (ConfUtils.java:logGet(43)) - raft.server.log.appender.buffer.byte-limit = 33554432 (custom)
2019-08-28 19:12:13,891 [main] INFO  server.GrpcService (ConfUtils.java:logGet(43)) - raft.grpc.flow.control.window = 1MB (=1048576) (default)
2019-08-28 19:12:13,891 [main] INFO  server.RaftServerConfigKeys (ConfUtils.java:logGet(43)) - raft.server.rpc.request.timeout = 3000ms (default)
2019-08-28 19:12:13,892 [main] INFO  server.RaftServerConfigKeys (ConfUtils.java:logGet(43)) - raft.server.storage.dir = [/workdir/hadoop-ozone/integration-test/target/test-dir/MiniOzoneClusterImpl-3ce2fde9-0a18-41d4-8c47-cb897b02b2eb/datanode-1/data/ratis] (custom)
2019-08-28 19:12:13,893 [main] INFO  replication.SimpleContainerDownloader (SimpleContainerDownloader.java:<init>(72)) - Starting container downloader service to copy containers to replicate.
2019-08-28 19:12:13,894 [main] INFO  hdfs.DFSUtil (DFSUtil.java:httpServerTemplateForNNAndJN(1641)) - Starting Web-server for hddsDatanode at: http://0.0.0.0:0
2019-08-28 19:12:13,895 [main] INFO  server.AuthenticationFilter (AuthenticationFilter.java:constructSecretProvider(240)) - Unable to initialize FileSignerSecretProvider, falling back to use random secrets.
2019-08-28 19:12:13,896 [main] WARN  http.HttpRequestLog (HttpRequestLog.java:getRequestLog(97)) - Jetty request log can only be enabled using Log4j
2019-08-28 19:12:13,898 [main] INFO  http.HttpServer2 (HttpServer2.java:addGlobalFilter(975)) - Added global filter 'safety' (class=org.apache.hadoop.http.HttpServer2$QuotingInputFilter)
2019-08-28 19:12:13,898 [main] INFO  http.HttpServer2 (HttpServer2.java:addFilter(948)) - Added filter static_user_filter (class=org.apache.hadoop.http.lib.StaticUserWebFilter$StaticUserFilter) to context hddsDatanode
2019-08-28 19:12:13,898 [main] INFO  http.HttpServer2 (HttpServer2.java:addFilter(958)) - Added filter static_user_filter (class=org.apache.hadoop.http.lib.StaticUserWebFilter$StaticUserFilter) to context static
2019-08-28 19:12:13,899 [main] INFO  http.HttpServer2 (HttpServer2.java:addFilter(958)) - Added filter static_user_filter (class=org.apache.hadoop.http.lib.StaticUserWebFilter$StaticUserFilter) to context logs
2019-08-28 19:12:13,899 [main] INFO  http.HttpServer2 (HttpServer2.java:bindListener(1191)) - Jetty bound to port 38770
2019-08-28 19:12:13,900 [main] INFO  server.Server (Server.java:doStart(351)) - jetty-9.3.24.v20180605, build timestamp: 2018-06-05T17:11:56Z, git hash: 84205aa28f11a4f31f2a3b86d1bba2cc8ab69827
2019-08-28 19:12:13,901 [main] INFO  handler.ContextHandler (ContextHandler.java:doStart(781)) - Started o.e.j.s.ServletContextHandler@5b2c9a69{/logs,file:///workdir/hadoop-ozone/integration-test/target/log,AVAILABLE}
2019-08-28 19:12:13,902 [main] INFO  handler.ContextHandler (ContextHandler.java:doStart(781)) - Started o.e.j.s.ServletContextHandler@700b035b{/static,jar:file:/home/user/.m2/repository/org/apache/hadoop/hadoop-hdds-container-service/0.5.0-SNAPSHOT/hadoop-hdds-container-service-0.5.0-SNAPSHOT.jar!/webapps/static,AVAILABLE}
2019-08-28 19:12:13,935 [main] INFO  handler.ContextHandler (ContextHandler.java:doStart(781)) - Started o.e.j.w.WebAppContext@597a5ead{/,file:///tmp/jetty-0.0.0.0-38770-hddsDatanode-_-any-4497367845244708696.dir/webapp/,AVAILABLE}{/hddsDatanode}
2019-08-28 19:12:13,935 [main] INFO  server.AbstractConnector (AbstractConnector.java:doStart(278)) - Started ServerConnector@e763080{HTTP/1.1,[http/1.1]}{0.0.0.0:38770}
2019-08-28 19:12:13,937 [main] INFO  server.Server (Server.java:doStart(419)) - Started @262545ms
2019-08-28 19:12:13,938 [main] INFO  server.BaseHttpServer (BaseHttpServer.java:updateConnectorAddress(213)) - HTTP server of HDDSDATANODE is listening at http://0.0.0.0:38770
2019-08-28 19:12:14,055 | INFO  | ObjectStoreRestHttpServer | Listening HDDS REST traffic on /0.0.0.0:41522 |  
2019-08-28 19:12:14,055 [main] INFO  ozone.HddsDatanodeService (HddsDatanodeService.java:startPlugins(395)) - Started plug-in org.apache.hadoop.ozone.web.OzoneHddsDatanodeService@35c69e6b
2019-08-28 19:12:14,055 [main] INFO  impl.MetricsSystemImpl (MetricsSystemImpl.java:init(158)) - HddsDatanode metrics system started (again)
2019-08-28 19:12:14,058 [org.apache.hadoop.util.JvmPauseMonitor$Monitor@48dee2ae] INFO  util.JvmPauseMonitor (JvmPauseMonitor.java:run(188)) - Starting JVM pause monitor
2019-08-28 19:12:14,058 [main] INFO  ozone.HddsDatanodeService (HddsDatanodeService.java:start(184)) - HddsDatanodeService host:pr-hdds-1783-trunk-gtrxg-786569963 ip:192.168.69.102
2019-08-28 19:12:14,060 [Datanode State Machine Thread - 0] INFO  datanode.InitDatanodeState (InitDatanodeState.java:persistContainerDatanodeDetails(140)) - DatanodeDetails is persisted to /workdir/hadoop-ozone/integration-test/target/test-dir/MiniOzoneClusterImpl-3ce2fde9-0a18-41d4-8c47-cb897b02b2eb/datanode-1/meta/datanode.id
2019-08-28 19:12:14,069 [main] INFO  volume.HddsVolume (HddsVolume.java:<init>(176)) - Creating Volume: /workdir/hadoop-ozone/integration-test/target/test-dir/MiniOzoneClusterImpl-3ce2fde9-0a18-41d4-8c47-cb897b02b2eb/datanode-2/data/containers/hdds of  storage type : DISK and capacity : 1482555576320
2019-08-28 19:12:14,069 [main] INFO  volume.VolumeSet (VolumeSet.java:initializeVolumeSet(170)) - Added Volume : /workdir/hadoop-ozone/integration-test/target/test-dir/MiniOzoneClusterImpl-3ce2fde9-0a18-41d4-8c47-cb897b02b2eb/datanode-2/data/containers/hdds to VolumeSet
2019-08-28 19:12:14,069 [main] INFO  volume.ThrottledAsyncChecker (ThrottledAsyncChecker.java:schedule(140)) - Scheduling a check for org.apache.hadoop.ozone.container.common.volume.HddsVolume@234adbe2
2019-08-28 19:12:14,069 [main] INFO  volume.HddsVolumeChecker (HddsVolumeChecker.java:checkAllVolumes(203)) - Scheduled health check for volume org.apache.hadoop.ozone.container.common.volume.HddsVolume@234adbe2
2019-08-28 19:12:14,091 [main] INFO  impl.RaftServerProxy (ConfUtils.java:logGet(43)) - raft.rpc.type = GRPC (default)
2019-08-28 19:12:14,092 [main] INFO  grpc.GrpcFactory (GrpcFactory.java:checkPooledByteBufAllocatorUseCacheForAllThreads(45)) - PERFORMANCE WARNING: useCacheForAllThreads is true that may cause Netty to create a lot garbage objects and, as a result, trigger GC.
	It is recommended to disable useCacheForAllThreads by setting -Dorg.apache.ratis.thirdparty.io.netty.allocator.useCacheForAllThreads=false in command line.
2019-08-28 19:12:14,092 [main] INFO  grpc.GrpcConfigKeys$Server (ConfUtils.java:logGet(43)) - raft.grpc.server.port = 0 (default)
2019-08-28 19:12:14,093 [main] INFO  server.GrpcService (ConfUtils.java:logGet(43)) - raft.grpc.message.size.max = 33570816 (custom)
2019-08-28 19:12:14,093 [main] INFO  server.RaftServerConfigKeys (ConfUtils.java:logGet(43)) - raft.server.log.appender.buffer.byte-limit = 33554432 (custom)
2019-08-28 19:12:14,093 [main] INFO  server.GrpcService (ConfUtils.java:logGet(43)) - raft.grpc.flow.control.window = 1MB (=1048576) (default)
2019-08-28 19:12:14,093 [main] INFO  server.RaftServerConfigKeys (ConfUtils.java:logGet(43)) - raft.server.rpc.request.timeout = 3000ms (default)
2019-08-28 19:12:14,094 [main] INFO  server.RaftServerConfigKeys (ConfUtils.java:logGet(43)) - raft.server.storage.dir = [/workdir/hadoop-ozone/integration-test/target/test-dir/MiniOzoneClusterImpl-3ce2fde9-0a18-41d4-8c47-cb897b02b2eb/datanode-2/data/ratis] (custom)
2019-08-28 19:12:14,095 [main] INFO  replication.SimpleContainerDownloader (SimpleContainerDownloader.java:<init>(72)) - Starting container downloader service to copy containers to replicate.
2019-08-28 19:12:14,096 [main] INFO  hdfs.DFSUtil (DFSUtil.java:httpServerTemplateForNNAndJN(1641)) - Starting Web-server for hddsDatanode at: http://0.0.0.0:0
2019-08-28 19:12:14,098 [main] INFO  server.AuthenticationFilter (AuthenticationFilter.java:constructSecretProvider(240)) - Unable to initialize FileSignerSecretProvider, falling back to use random secrets.
2019-08-28 19:12:14,098 [main] WARN  http.HttpRequestLog (HttpRequestLog.java:getRequestLog(97)) - Jetty request log can only be enabled using Log4j
2019-08-28 19:12:14,100 [main] INFO  http.HttpServer2 (HttpServer2.java:addGlobalFilter(975)) - Added global filter 'safety' (class=org.apache.hadoop.http.HttpServer2$QuotingInputFilter)
2019-08-28 19:12:14,101 [main] INFO  http.HttpServer2 (HttpServer2.java:addFilter(948)) - Added filter static_user_filter (class=org.apache.hadoop.http.lib.StaticUserWebFilter$StaticUserFilter) to context hddsDatanode
2019-08-28 19:12:14,101 [main] INFO  http.HttpServer2 (HttpServer2.java:addFilter(958)) - Added filter static_user_filter (class=org.apache.hadoop.http.lib.StaticUserWebFilter$StaticUserFilter) to context static
2019-08-28 19:12:14,101 [main] INFO  http.HttpServer2 (HttpServer2.java:addFilter(958)) - Added filter static_user_filter (class=org.apache.hadoop.http.lib.StaticUserWebFilter$StaticUserFilter) to context logs
2019-08-28 19:12:14,102 [main] INFO  http.HttpServer2 (HttpServer2.java:bindListener(1191)) - Jetty bound to port 34304
2019-08-28 19:12:14,102 [main] INFO  server.Server (Server.java:doStart(351)) - jetty-9.3.24.v20180605, build timestamp: 2018-06-05T17:11:56Z, git hash: 84205aa28f11a4f31f2a3b86d1bba2cc8ab69827
2019-08-28 19:12:14,104 [main] INFO  handler.ContextHandler (ContextHandler.java:doStart(781)) - Started o.e.j.s.ServletContextHandler@6b5c4b75{/logs,file:///workdir/hadoop-ozone/integration-test/target/log,AVAILABLE}
2019-08-28 19:12:14,105 [main] INFO  handler.ContextHandler (ContextHandler.java:doStart(781)) - Started o.e.j.s.ServletContextHandler@2e53f980{/static,jar:file:/home/user/.m2/repository/org/apache/hadoop/hadoop-hdds-container-service/0.5.0-SNAPSHOT/hadoop-hdds-container-service-0.5.0-SNAPSHOT.jar!/webapps/static,AVAILABLE}
2019-08-28 19:12:14,140 [main] INFO  handler.ContextHandler (ContextHandler.java:doStart(781)) - Started o.e.j.w.WebAppContext@2e674698{/,file:///tmp/jetty-0.0.0.0-34304-hddsDatanode-_-any-8203742979423005821.dir/webapp/,AVAILABLE}{/hddsDatanode}
2019-08-28 19:12:14,140 [main] INFO  server.AbstractConnector (AbstractConnector.java:doStart(278)) - Started ServerConnector@270a3cef{HTTP/1.1,[http/1.1]}{0.0.0.0:34304}
2019-08-28 19:12:14,141 [main] INFO  server.Server (Server.java:doStart(419)) - Started @262749ms
2019-08-28 19:12:14,142 [main] INFO  server.BaseHttpServer (BaseHttpServer.java:updateConnectorAddress(213)) - HTTP server of HDDSDATANODE is listening at http://0.0.0.0:34304
2019-08-28 19:12:14,278 | INFO  | ObjectStoreRestHttpServer | Listening HDDS REST traffic on /0.0.0.0:40200 |  
2019-08-28 19:12:14,278 [main] INFO  ozone.HddsDatanodeService (HddsDatanodeService.java:startPlugins(395)) - Started plug-in org.apache.hadoop.ozone.web.OzoneHddsDatanodeService@65d3a83
2019-08-28 19:12:14,278 [main] INFO  impl.MetricsSystemImpl (MetricsSystemImpl.java:init(158)) - HddsDatanode metrics system started (again)
2019-08-28 19:12:14,282 [org.apache.hadoop.util.JvmPauseMonitor$Monitor@ca8c7d0] INFO  util.JvmPauseMonitor (JvmPauseMonitor.java:run(188)) - Starting JVM pause monitor
2019-08-28 19:12:14,282 [main] INFO  ozone.HddsDatanodeService (HddsDatanodeService.java:start(184)) - HddsDatanodeService host:pr-hdds-1783-trunk-gtrxg-786569963 ip:192.168.69.102
2019-08-28 19:12:14,284 [Datanode State Machine Thread - 0] INFO  datanode.InitDatanodeState (InitDatanodeState.java:persistContainerDatanodeDetails(140)) - DatanodeDetails is persisted to /workdir/hadoop-ozone/integration-test/target/test-dir/MiniOzoneClusterImpl-3ce2fde9-0a18-41d4-8c47-cb897b02b2eb/datanode-2/meta/datanode.id
2019-08-28 19:12:14,293 [main] INFO  volume.HddsVolume (HddsVolume.java:<init>(176)) - Creating Volume: /workdir/hadoop-ozone/integration-test/target/test-dir/MiniOzoneClusterImpl-3ce2fde9-0a18-41d4-8c47-cb897b02b2eb/datanode-3/data/containers/hdds of  storage type : DISK and capacity : 1482555576320
2019-08-28 19:12:14,293 [main] INFO  volume.VolumeSet (VolumeSet.java:initializeVolumeSet(170)) - Added Volume : /workdir/hadoop-ozone/integration-test/target/test-dir/MiniOzoneClusterImpl-3ce2fde9-0a18-41d4-8c47-cb897b02b2eb/datanode-3/data/containers/hdds to VolumeSet
2019-08-28 19:12:14,294 [main] INFO  volume.ThrottledAsyncChecker (ThrottledAsyncChecker.java:schedule(140)) - Scheduling a check for org.apache.hadoop.ozone.container.common.volume.HddsVolume@47baf547
2019-08-28 19:12:14,294 [main] INFO  volume.HddsVolumeChecker (HddsVolumeChecker.java:checkAllVolumes(203)) - Scheduled health check for volume org.apache.hadoop.ozone.container.common.volume.HddsVolume@47baf547
2019-08-28 19:12:14,308 [main] INFO  impl.RaftServerProxy (ConfUtils.java:logGet(43)) - raft.rpc.type = GRPC (default)
2019-08-28 19:12:14,308 [main] INFO  grpc.GrpcFactory (GrpcFactory.java:checkPooledByteBufAllocatorUseCacheForAllThreads(45)) - PERFORMANCE WARNING: useCacheForAllThreads is true that may cause Netty to create a lot garbage objects and, as a result, trigger GC.
	It is recommended to disable useCacheForAllThreads by setting -Dorg.apache.ratis.thirdparty.io.netty.allocator.useCacheForAllThreads=false in command line.
2019-08-28 19:12:14,308 [main] INFO  grpc.GrpcConfigKeys$Server (ConfUtils.java:logGet(43)) - raft.grpc.server.port = 0 (default)
2019-08-28 19:12:14,309 [main] INFO  server.GrpcService (ConfUtils.java:logGet(43)) - raft.grpc.message.size.max = 33570816 (custom)
2019-08-28 19:12:14,309 [main] INFO  server.RaftServerConfigKeys (ConfUtils.java:logGet(43)) - raft.server.log.appender.buffer.byte-limit = 33554432 (custom)
2019-08-28 19:12:14,309 [main] INFO  server.GrpcService (ConfUtils.java:logGet(43)) - raft.grpc.flow.control.window = 1MB (=1048576) (default)
2019-08-28 19:12:14,309 [main] INFO  server.RaftServerConfigKeys (ConfUtils.java:logGet(43)) - raft.server.rpc.request.timeout = 3000ms (default)
2019-08-28 19:12:14,310 [main] INFO  server.RaftServerConfigKeys (ConfUtils.java:logGet(43)) - raft.server.storage.dir = [/workdir/hadoop-ozone/integration-test/target/test-dir/MiniOzoneClusterImpl-3ce2fde9-0a18-41d4-8c47-cb897b02b2eb/datanode-3/data/ratis] (custom)
2019-08-28 19:12:14,310 [main] INFO  replication.SimpleContainerDownloader (SimpleContainerDownloader.java:<init>(72)) - Starting container downloader service to copy containers to replicate.
2019-08-28 19:12:14,311 [main] INFO  hdfs.DFSUtil (DFSUtil.java:httpServerTemplateForNNAndJN(1641)) - Starting Web-server for hddsDatanode at: http://0.0.0.0:0
2019-08-28 19:12:14,313 [main] INFO  server.AuthenticationFilter (AuthenticationFilter.java:constructSecretProvider(240)) - Unable to initialize FileSignerSecretProvider, falling back to use random secrets.
2019-08-28 19:12:14,314 [main] WARN  http.HttpRequestLog (HttpRequestLog.java:getRequestLog(97)) - Jetty request log can only be enabled using Log4j
2019-08-28 19:12:14,315 [main] INFO  http.HttpServer2 (HttpServer2.java:addGlobalFilter(975)) - Added global filter 'safety' (class=org.apache.hadoop.http.HttpServer2$QuotingInputFilter)
2019-08-28 19:12:14,316 [main] INFO  http.HttpServer2 (HttpServer2.java:addFilter(948)) - Added filter static_user_filter (class=org.apache.hadoop.http.lib.StaticUserWebFilter$StaticUserFilter) to context hddsDatanode
2019-08-28 19:12:14,316 [main] INFO  http.HttpServer2 (HttpServer2.java:addFilter(958)) - Added filter static_user_filter (class=org.apache.hadoop.http.lib.StaticUserWebFilter$StaticUserFilter) to context static
2019-08-28 19:12:14,316 [main] INFO  http.HttpServer2 (HttpServer2.java:addFilter(958)) - Added filter static_user_filter (class=org.apache.hadoop.http.lib.StaticUserWebFilter$StaticUserFilter) to context logs
2019-08-28 19:12:14,317 [main] INFO  http.HttpServer2 (HttpServer2.java:bindListener(1191)) - Jetty bound to port 46753
2019-08-28 19:12:14,317 [main] INFO  server.Server (Server.java:doStart(351)) - jetty-9.3.24.v20180605, build timestamp: 2018-06-05T17:11:56Z, git hash: 84205aa28f11a4f31f2a3b86d1bba2cc8ab69827
2019-08-28 19:12:14,319 [main] INFO  handler.ContextHandler (ContextHandler.java:doStart(781)) - Started o.e.j.s.ServletContextHandler@70799ca7{/logs,file:///workdir/hadoop-ozone/integration-test/target/log,AVAILABLE}
2019-08-28 19:12:14,320 [main] INFO  handler.ContextHandler (ContextHandler.java:doStart(781)) - Started o.e.j.s.ServletContextHandler@509e4d53{/static,jar:file:/home/user/.m2/repository/org/apache/hadoop/hadoop-hdds-container-service/0.5.0-SNAPSHOT/hadoop-hdds-container-service-0.5.0-SNAPSHOT.jar!/webapps/static,AVAILABLE}
2019-08-28 19:12:14,357 [main] INFO  handler.ContextHandler (ContextHandler.java:doStart(781)) - Started o.e.j.w.WebAppContext@79e3f444{/,file:///tmp/jetty-0.0.0.0-46753-hddsDatanode-_-any-8284013846311771717.dir/webapp/,AVAILABLE}{/hddsDatanode}
2019-08-28 19:12:14,358 [main] INFO  server.AbstractConnector (AbstractConnector.java:doStart(278)) - Started ServerConnector@205d6f84{HTTP/1.1,[http/1.1]}{0.0.0.0:46753}
2019-08-28 19:12:14,360 [main] INFO  server.Server (Server.java:doStart(419)) - Started @262966ms
2019-08-28 19:12:14,361 [main] INFO  server.BaseHttpServer (BaseHttpServer.java:updateConnectorAddress(213)) - HTTP server of HDDSDATANODE is listening at http://0.0.0.0:46753
2019-08-28 19:12:14,486 | INFO  | ObjectStoreRestHttpServer | Listening HDDS REST traffic on /0.0.0.0:33688 |  
2019-08-28 19:12:14,486 [main] INFO  ozone.HddsDatanodeService (HddsDatanodeService.java:startPlugins(395)) - Started plug-in org.apache.hadoop.ozone.web.OzoneHddsDatanodeService@d20e900
2019-08-28 19:12:14,487 [main] INFO  impl.MetricsSystemImpl (MetricsSystemImpl.java:init(158)) - HddsDatanode metrics system started (again)
2019-08-28 19:12:14,490 [org.apache.hadoop.util.JvmPauseMonitor$Monitor@6266c8d7] INFO  util.JvmPauseMonitor (JvmPauseMonitor.java:run(188)) - Starting JVM pause monitor
2019-08-28 19:12:14,490 [main] INFO  ozone.HddsDatanodeService (HddsDatanodeService.java:start(184)) - HddsDatanodeService host:pr-hdds-1783-trunk-gtrxg-786569963 ip:192.168.69.102
2019-08-28 19:12:14,492 [Datanode State Machine Thread - 0] INFO  datanode.InitDatanodeState (InitDatanodeState.java:persistContainerDatanodeDetails(140)) - DatanodeDetails is persisted to /workdir/hadoop-ozone/integration-test/target/test-dir/MiniOzoneClusterImpl-3ce2fde9-0a18-41d4-8c47-cb897b02b2eb/datanode-3/meta/datanode.id
2019-08-28 19:12:14,501 [main] INFO  volume.HddsVolume (HddsVolume.java:<init>(176)) - Creating Volume: /workdir/hadoop-ozone/integration-test/target/test-dir/MiniOzoneClusterImpl-3ce2fde9-0a18-41d4-8c47-cb897b02b2eb/datanode-4/data/containers/hdds of  storage type : DISK and capacity : 1482555576320
2019-08-28 19:12:14,501 [main] INFO  volume.VolumeSet (VolumeSet.java:initializeVolumeSet(170)) - Added Volume : /workdir/hadoop-ozone/integration-test/target/test-dir/MiniOzoneClusterImpl-3ce2fde9-0a18-41d4-8c47-cb897b02b2eb/datanode-4/data/containers/hdds to VolumeSet
2019-08-28 19:12:14,501 [main] INFO  volume.ThrottledAsyncChecker (ThrottledAsyncChecker.java:schedule(140)) - Scheduling a check for org.apache.hadoop.ozone.container.common.volume.HddsVolume@76ecbfbf
2019-08-28 19:12:14,502 [main] INFO  volume.HddsVolumeChecker (HddsVolumeChecker.java:checkAllVolumes(203)) - Scheduled health check for volume org.apache.hadoop.ozone.container.common.volume.HddsVolume@76ecbfbf
2019-08-28 19:12:14,519 [main] INFO  impl.RaftServerProxy (ConfUtils.java:logGet(43)) - raft.rpc.type = GRPC (default)
2019-08-28 19:12:14,520 [main] INFO  grpc.GrpcFactory (GrpcFactory.java:checkPooledByteBufAllocatorUseCacheForAllThreads(45)) - PERFORMANCE WARNING: useCacheForAllThreads is true that may cause Netty to create a lot garbage objects and, as a result, trigger GC.
	It is recommended to disable useCacheForAllThreads by setting -Dorg.apache.ratis.thirdparty.io.netty.allocator.useCacheForAllThreads=false in command line.
2019-08-28 19:12:14,520 [main] INFO  grpc.GrpcConfigKeys$Server (ConfUtils.java:logGet(43)) - raft.grpc.server.port = 0 (default)
2019-08-28 19:12:14,520 [main] INFO  server.GrpcService (ConfUtils.java:logGet(43)) - raft.grpc.message.size.max = 33570816 (custom)
2019-08-28 19:12:14,521 [main] INFO  server.RaftServerConfigKeys (ConfUtils.java:logGet(43)) - raft.server.log.appender.buffer.byte-limit = 33554432 (custom)
2019-08-28 19:12:14,521 [main] INFO  server.GrpcService (ConfUtils.java:logGet(43)) - raft.grpc.flow.control.window = 1MB (=1048576) (default)
2019-08-28 19:12:14,521 [main] INFO  server.RaftServerConfigKeys (ConfUtils.java:logGet(43)) - raft.server.rpc.request.timeout = 3000ms (default)
2019-08-28 19:12:14,522 [main] INFO  server.RaftServerConfigKeys (ConfUtils.java:logGet(43)) - raft.server.storage.dir = [/workdir/hadoop-ozone/integration-test/target/test-dir/MiniOzoneClusterImpl-3ce2fde9-0a18-41d4-8c47-cb897b02b2eb/datanode-4/data/ratis] (custom)
2019-08-28 19:12:14,522 [main] INFO  replication.SimpleContainerDownloader (SimpleContainerDownloader.java:<init>(72)) - Starting container downloader service to copy containers to replicate.
2019-08-28 19:12:14,524 [main] INFO  hdfs.DFSUtil (DFSUtil.java:httpServerTemplateForNNAndJN(1641)) - Starting Web-server for hddsDatanode at: http://0.0.0.0:0
2019-08-28 19:12:14,525 [main] INFO  server.AuthenticationFilter (AuthenticationFilter.java:constructSecretProvider(240)) - Unable to initialize FileSignerSecretProvider, falling back to use random secrets.
2019-08-28 19:12:14,526 [main] WARN  http.HttpRequestLog (HttpRequestLog.java:getRequestLog(97)) - Jetty request log can only be enabled using Log4j
2019-08-28 19:12:14,527 [main] INFO  http.HttpServer2 (HttpServer2.java:addGlobalFilter(975)) - Added global filter 'safety' (class=org.apache.hadoop.http.HttpServer2$QuotingInputFilter)
2019-08-28 19:12:14,528 [main] INFO  http.HttpServer2 (HttpServer2.java:addFilter(948)) - Added filter static_user_filter (class=org.apache.hadoop.http.lib.StaticUserWebFilter$StaticUserFilter) to context hddsDatanode
2019-08-28 19:12:14,528 [main] INFO  http.HttpServer2 (HttpServer2.java:addFilter(958)) - Added filter static_user_filter (class=org.apache.hadoop.http.lib.StaticUserWebFilter$StaticUserFilter) to context logs
2019-08-28 19:12:14,528 [main] INFO  http.HttpServer2 (HttpServer2.java:addFilter(958)) - Added filter static_user_filter (class=org.apache.hadoop.http.lib.StaticUserWebFilter$StaticUserFilter) to context static
2019-08-28 19:12:14,529 [main] INFO  http.HttpServer2 (HttpServer2.java:bindListener(1191)) - Jetty bound to port 37878
2019-08-28 19:12:14,529 [main] INFO  server.Server (Server.java:doStart(351)) - jetty-9.3.24.v20180605, build timestamp: 2018-06-05T17:11:56Z, git hash: 84205aa28f11a4f31f2a3b86d1bba2cc8ab69827
2019-08-28 19:12:14,530 [main] INFO  handler.ContextHandler (ContextHandler.java:doStart(781)) - Started o.e.j.s.ServletContextHandler@318155b1{/logs,file:///workdir/hadoop-ozone/integration-test/target/log,AVAILABLE}
2019-08-28 19:12:14,531 [main] INFO  handler.ContextHandler (ContextHandler.java:doStart(781)) - Started o.e.j.s.ServletContextHandler@6c165921{/static,jar:file:/home/user/.m2/repository/org/apache/hadoop/hadoop-hdds-container-service/0.5.0-SNAPSHOT/hadoop-hdds-container-service-0.5.0-SNAPSHOT.jar!/webapps/static,AVAILABLE}
2019-08-28 19:12:14,561 [main] INFO  handler.ContextHandler (ContextHandler.java:doStart(781)) - Started o.e.j.w.WebAppContext@628f642d{/,file:///tmp/jetty-0.0.0.0-37878-hddsDatanode-_-any-6139951873566249025.dir/webapp/,AVAILABLE}{/hddsDatanode}
2019-08-28 19:12:14,562 [main] INFO  server.AbstractConnector (AbstractConnector.java:doStart(278)) - Started ServerConnector@355da59c{HTTP/1.1,[http/1.1]}{0.0.0.0:37878}
2019-08-28 19:12:14,562 [main] INFO  server.Server (Server.java:doStart(419)) - Started @263169ms
2019-08-28 19:12:14,567 [main] INFO  server.BaseHttpServer (BaseHttpServer.java:updateConnectorAddress(213)) - HTTP server of HDDSDATANODE is listening at http://0.0.0.0:37878
2019-08-28 19:12:14,709 | INFO  | ObjectStoreRestHttpServer | Listening HDDS REST traffic on /0.0.0.0:40707 |  
2019-08-28 19:12:14,709 [main] INFO  ozone.HddsDatanodeService (HddsDatanodeService.java:startPlugins(395)) - Started plug-in org.apache.hadoop.ozone.web.OzoneHddsDatanodeService@2fedaa2e
2019-08-28 19:12:14,710 [main] INFO  impl.MetricsSystemImpl (MetricsSystemImpl.java:init(158)) - HddsDatanode metrics system started (again)
2019-08-28 19:12:14,713 [org.apache.hadoop.util.JvmPauseMonitor$Monitor@2dab3c5f] INFO  util.JvmPauseMonitor (JvmPauseMonitor.java:run(188)) - Starting JVM pause monitor
2019-08-28 19:12:14,714 [main] INFO  ozone.HddsDatanodeService (HddsDatanodeService.java:start(184)) - HddsDatanodeService host:pr-hdds-1783-trunk-gtrxg-786569963 ip:192.168.69.102
2019-08-28 19:12:14,716 [Datanode State Machine Thread - 0] INFO  datanode.InitDatanodeState (InitDatanodeState.java:persistContainerDatanodeDetails(140)) - DatanodeDetails is persisted to /workdir/hadoop-ozone/integration-test/target/test-dir/MiniOzoneClusterImpl-3ce2fde9-0a18-41d4-8c47-cb897b02b2eb/datanode-4/meta/datanode.id
2019-08-28 19:12:14,724 [main] INFO  volume.HddsVolume (HddsVolume.java:<init>(176)) - Creating Volume: /workdir/hadoop-ozone/integration-test/target/test-dir/MiniOzoneClusterImpl-3ce2fde9-0a18-41d4-8c47-cb897b02b2eb/datanode-5/data/containers/hdds of  storage type : DISK and capacity : 1482555576320
2019-08-28 19:12:14,724 [main] INFO  volume.VolumeSet (VolumeSet.java:initializeVolumeSet(170)) - Added Volume : /workdir/hadoop-ozone/integration-test/target/test-dir/MiniOzoneClusterImpl-3ce2fde9-0a18-41d4-8c47-cb897b02b2eb/datanode-5/data/containers/hdds to VolumeSet
2019-08-28 19:12:14,724 [main] INFO  volume.ThrottledAsyncChecker (ThrottledAsyncChecker.java:schedule(140)) - Scheduling a check for org.apache.hadoop.ozone.container.common.volume.HddsVolume@30dabb23
2019-08-28 19:12:14,725 [main] INFO  volume.HddsVolumeChecker (HddsVolumeChecker.java:checkAllVolumes(203)) - Scheduled health check for volume org.apache.hadoop.ozone.container.common.volume.HddsVolume@30dabb23
2019-08-28 19:12:14,740 [main] INFO  impl.RaftServerProxy (ConfUtils.java:logGet(43)) - raft.rpc.type = GRPC (default)
2019-08-28 19:12:14,740 [main] INFO  grpc.GrpcFactory (GrpcFactory.java:checkPooledByteBufAllocatorUseCacheForAllThreads(45)) - PERFORMANCE WARNING: useCacheForAllThreads is true that may cause Netty to create a lot garbage objects and, as a result, trigger GC.
	It is recommended to disable useCacheForAllThreads by setting -Dorg.apache.ratis.thirdparty.io.netty.allocator.useCacheForAllThreads=false in command line.
2019-08-28 19:12:14,740 [main] INFO  grpc.GrpcConfigKeys$Server (ConfUtils.java:logGet(43)) - raft.grpc.server.port = 0 (default)
2019-08-28 19:12:14,740 [main] INFO  server.GrpcService (ConfUtils.java:logGet(43)) - raft.grpc.message.size.max = 33570816 (custom)
2019-08-28 19:12:14,740 [main] INFO  server.RaftServerConfigKeys (ConfUtils.java:logGet(43)) - raft.server.log.appender.buffer.byte-limit = 33554432 (custom)
2019-08-28 19:12:14,741 [main] INFO  server.GrpcService (ConfUtils.java:logGet(43)) - raft.grpc.flow.control.window = 1MB (=1048576) (default)
2019-08-28 19:12:14,741 [main] INFO  server.RaftServerConfigKeys (ConfUtils.java:logGet(43)) - raft.server.rpc.request.timeout = 3000ms (default)
2019-08-28 19:12:14,741 [main] INFO  server.RaftServerConfigKeys (ConfUtils.java:logGet(43)) - raft.server.storage.dir = [/workdir/hadoop-ozone/integration-test/target/test-dir/MiniOzoneClusterImpl-3ce2fde9-0a18-41d4-8c47-cb897b02b2eb/datanode-5/data/ratis] (custom)
2019-08-28 19:12:14,742 [main] INFO  replication.SimpleContainerDownloader (SimpleContainerDownloader.java:<init>(72)) - Starting container downloader service to copy containers to replicate.
2019-08-28 19:12:14,743 [main] INFO  hdfs.DFSUtil (DFSUtil.java:httpServerTemplateForNNAndJN(1641)) - Starting Web-server for hddsDatanode at: http://0.0.0.0:0
2019-08-28 19:12:14,744 [main] INFO  server.AuthenticationFilter (AuthenticationFilter.java:constructSecretProvider(240)) - Unable to initialize FileSignerSecretProvider, falling back to use random secrets.
2019-08-28 19:12:14,745 [main] WARN  http.HttpRequestLog (HttpRequestLog.java:getRequestLog(97)) - Jetty request log can only be enabled using Log4j
2019-08-28 19:12:14,746 [main] INFO  http.HttpServer2 (HttpServer2.java:addGlobalFilter(975)) - Added global filter 'safety' (class=org.apache.hadoop.http.HttpServer2$QuotingInputFilter)
2019-08-28 19:12:14,746 [main] INFO  http.HttpServer2 (HttpServer2.java:addFilter(948)) - Added filter static_user_filter (class=org.apache.hadoop.http.lib.StaticUserWebFilter$StaticUserFilter) to context hddsDatanode
2019-08-28 19:12:14,746 [main] INFO  http.HttpServer2 (HttpServer2.java:addFilter(958)) - Added filter static_user_filter (class=org.apache.hadoop.http.lib.StaticUserWebFilter$StaticUserFilter) to context static
2019-08-28 19:12:14,747 [main] INFO  http.HttpServer2 (HttpServer2.java:addFilter(958)) - Added filter static_user_filter (class=org.apache.hadoop.http.lib.StaticUserWebFilter$StaticUserFilter) to context logs
2019-08-28 19:12:14,747 [main] INFO  http.HttpServer2 (HttpServer2.java:bindListener(1191)) - Jetty bound to port 41065
2019-08-28 19:12:14,747 [main] INFO  server.Server (Server.java:doStart(351)) - jetty-9.3.24.v20180605, build timestamp: 2018-06-05T17:11:56Z, git hash: 84205aa28f11a4f31f2a3b86d1bba2cc8ab69827
2019-08-28 19:12:14,749 [main] INFO  handler.ContextHandler (ContextHandler.java:doStart(781)) - Started o.e.j.s.ServletContextHandler@189f2184{/logs,file:///workdir/hadoop-ozone/integration-test/target/log,AVAILABLE}
2019-08-28 19:12:14,749 [main] INFO  handler.ContextHandler (ContextHandler.java:doStart(781)) - Started o.e.j.s.ServletContextHandler@7388d94d{/static,jar:file:/home/user/.m2/repository/org/apache/hadoop/hadoop-hdds-container-service/0.5.0-SNAPSHOT/hadoop-hdds-container-service-0.5.0-SNAPSHOT.jar!/webapps/static,AVAILABLE}
2019-08-28 19:12:14,776 [main] INFO  handler.ContextHandler (ContextHandler.java:doStart(781)) - Started o.e.j.w.WebAppContext@7f39bcb5{/,file:///tmp/jetty-0.0.0.0-41065-hddsDatanode-_-any-4117702749277169833.dir/webapp/,AVAILABLE}{/hddsDatanode}
2019-08-28 19:12:14,777 [main] INFO  server.AbstractConnector (AbstractConnector.java:doStart(278)) - Started ServerConnector@4e6881e{HTTP/1.1,[http/1.1]}{0.0.0.0:41065}
2019-08-28 19:12:14,778 [main] INFO  server.Server (Server.java:doStart(419)) - Started @263386ms
2019-08-28 19:12:14,779 [main] INFO  server.BaseHttpServer (BaseHttpServer.java:updateConnectorAddress(213)) - HTTP server of HDDSDATANODE is listening at http://0.0.0.0:41065
2019-08-28 19:12:14,915 | INFO  | ObjectStoreRestHttpServer | Listening HDDS REST traffic on /0.0.0.0:46706 |  
2019-08-28 19:12:14,915 [main] INFO  ozone.HddsDatanodeService (HddsDatanodeService.java:startPlugins(395)) - Started plug-in org.apache.hadoop.ozone.web.OzoneHddsDatanodeService@724a80d2
2019-08-28 19:12:14,916 [main] INFO  impl.MetricsSystemImpl (MetricsSystemImpl.java:init(158)) - HddsDatanode metrics system started (again)
2019-08-28 19:12:14,920 [org.apache.hadoop.util.JvmPauseMonitor$Monitor@34f41435] INFO  util.JvmPauseMonitor (JvmPauseMonitor.java:run(188)) - Starting JVM pause monitor
2019-08-28 19:12:14,921 [main] INFO  ozone.HddsDatanodeService (HddsDatanodeService.java:start(184)) - HddsDatanodeService host:pr-hdds-1783-trunk-gtrxg-786569963 ip:192.168.69.102
2019-08-28 19:12:14,922 [Datanode State Machine Thread - 0] INFO  datanode.InitDatanodeState (InitDatanodeState.java:persistContainerDatanodeDetails(140)) - DatanodeDetails is persisted to /workdir/hadoop-ozone/integration-test/target/test-dir/MiniOzoneClusterImpl-3ce2fde9-0a18-41d4-8c47-cb897b02b2eb/datanode-5/meta/datanode.id
2019-08-28 19:12:14,931 [main] INFO  volume.HddsVolume (HddsVolume.java:<init>(176)) - Creating Volume: /workdir/hadoop-ozone/integration-test/target/test-dir/MiniOzoneClusterImpl-3ce2fde9-0a18-41d4-8c47-cb897b02b2eb/datanode-6/data/containers/hdds of  storage type : DISK and capacity : 1482555576320
2019-08-28 19:12:14,931 [main] INFO  volume.VolumeSet (VolumeSet.java:initializeVolumeSet(170)) - Added Volume : /workdir/hadoop-ozone/integration-test/target/test-dir/MiniOzoneClusterImpl-3ce2fde9-0a18-41d4-8c47-cb897b02b2eb/datanode-6/data/containers/hdds to VolumeSet
2019-08-28 19:12:14,932 [main] INFO  volume.ThrottledAsyncChecker (ThrottledAsyncChecker.java:schedule(140)) - Scheduling a check for org.apache.hadoop.ozone.container.common.volume.HddsVolume@5fbb2e1c
2019-08-28 19:12:14,932 [main] INFO  volume.HddsVolumeChecker (HddsVolumeChecker.java:checkAllVolumes(203)) - Scheduled health check for volume org.apache.hadoop.ozone.container.common.volume.HddsVolume@5fbb2e1c
2019-08-28 19:12:14,945 [main] INFO  impl.RaftServerProxy (ConfUtils.java:logGet(43)) - raft.rpc.type = GRPC (default)
2019-08-28 19:12:14,945 [main] INFO  grpc.GrpcFactory (GrpcFactory.java:checkPooledByteBufAllocatorUseCacheForAllThreads(45)) - PERFORMANCE WARNING: useCacheForAllThreads is true that may cause Netty to create a lot garbage objects and, as a result, trigger GC.
	It is recommended to disable useCacheForAllThreads by setting -Dorg.apache.ratis.thirdparty.io.netty.allocator.useCacheForAllThreads=false in command line.
2019-08-28 19:12:14,945 [main] INFO  grpc.GrpcConfigKeys$Server (ConfUtils.java:logGet(43)) - raft.grpc.server.port = 0 (default)
2019-08-28 19:12:14,945 [main] INFO  server.GrpcService (ConfUtils.java:logGet(43)) - raft.grpc.message.size.max = 33570816 (custom)
2019-08-28 19:12:14,946 [main] INFO  server.RaftServerConfigKeys (ConfUtils.java:logGet(43)) - raft.server.log.appender.buffer.byte-limit = 33554432 (custom)
2019-08-28 19:12:14,946 [main] INFO  server.GrpcService (ConfUtils.java:logGet(43)) - raft.grpc.flow.control.window = 1MB (=1048576) (default)
2019-08-28 19:12:14,946 [main] INFO  server.RaftServerConfigKeys (ConfUtils.java:logGet(43)) - raft.server.rpc.request.timeout = 3000ms (default)
2019-08-28 19:12:14,946 [main] INFO  server.RaftServerConfigKeys (ConfUtils.java:logGet(43)) - raft.server.storage.dir = [/workdir/hadoop-ozone/integration-test/target/test-dir/MiniOzoneClusterImpl-3ce2fde9-0a18-41d4-8c47-cb897b02b2eb/datanode-6/data/ratis] (custom)
2019-08-28 19:12:14,947 [main] INFO  replication.SimpleContainerDownloader (SimpleContainerDownloader.java:<init>(72)) - Starting container downloader service to copy containers to replicate.
2019-08-28 19:12:14,948 [main] INFO  hdfs.DFSUtil (DFSUtil.java:httpServerTemplateForNNAndJN(1641)) - Starting Web-server for hddsDatanode at: http://0.0.0.0:0
2019-08-28 19:12:14,949 [main] INFO  server.AuthenticationFilter (AuthenticationFilter.java:constructSecretProvider(240)) - Unable to initialize FileSignerSecretProvider, falling back to use random secrets.
2019-08-28 19:12:14,949 [main] WARN  http.HttpRequestLog (HttpRequestLog.java:getRequestLog(97)) - Jetty request log can only be enabled using Log4j
2019-08-28 19:12:14,951 [main] INFO  http.HttpServer2 (HttpServer2.java:addGlobalFilter(975)) - Added global filter 'safety' (class=org.apache.hadoop.http.HttpServer2$QuotingInputFilter)
2019-08-28 19:12:14,951 [main] INFO  http.HttpServer2 (HttpServer2.java:addFilter(948)) - Added filter static_user_filter (class=org.apache.hadoop.http.lib.StaticUserWebFilter$StaticUserFilter) to context hddsDatanode
2019-08-28 19:12:14,951 [main] INFO  http.HttpServer2 (HttpServer2.java:addFilter(958)) - Added filter static_user_filter (class=org.apache.hadoop.http.lib.StaticUserWebFilter$StaticUserFilter) to context static
2019-08-28 19:12:14,951 [main] INFO  http.HttpServer2 (HttpServer2.java:addFilter(958)) - Added filter static_user_filter (class=org.apache.hadoop.http.lib.StaticUserWebFilter$StaticUserFilter) to context logs
2019-08-28 19:12:14,952 [main] INFO  http.HttpServer2 (HttpServer2.java:bindListener(1191)) - Jetty bound to port 35152
2019-08-28 19:12:14,952 [main] INFO  server.Server (Server.java:doStart(351)) - jetty-9.3.24.v20180605, build timestamp: 2018-06-05T17:11:56Z, git hash: 84205aa28f11a4f31f2a3b86d1bba2cc8ab69827
2019-08-28 19:12:14,953 [main] INFO  handler.ContextHandler (ContextHandler.java:doStart(781)) - Started o.e.j.s.ServletContextHandler@1ca55d5{/logs,file:///workdir/hadoop-ozone/integration-test/target/log,AVAILABLE}
2019-08-28 19:12:14,954 [main] INFO  handler.ContextHandler (ContextHandler.java:doStart(781)) - Started o.e.j.s.ServletContextHandler@70b037ac{/static,jar:file:/home/user/.m2/repository/org/apache/hadoop/hadoop-hdds-container-service/0.5.0-SNAPSHOT/hadoop-hdds-container-service-0.5.0-SNAPSHOT.jar!/webapps/static,AVAILABLE}
2019-08-28 19:12:14,981 [main] INFO  handler.ContextHandler (ContextHandler.java:doStart(781)) - Started o.e.j.w.WebAppContext@4ce4c097{/,file:///tmp/jetty-0.0.0.0-35152-hddsDatanode-_-any-7738369866689208079.dir/webapp/,AVAILABLE}{/hddsDatanode}
2019-08-28 19:12:14,981 [main] INFO  server.AbstractConnector (AbstractConnector.java:doStart(278)) - Started ServerConnector@2aec09a3{HTTP/1.1,[http/1.1]}{0.0.0.0:35152}
2019-08-28 19:12:14,982 [main] INFO  server.Server (Server.java:doStart(419)) - Started @263590ms
2019-08-28 19:12:14,984 [main] INFO  server.BaseHttpServer (BaseHttpServer.java:updateConnectorAddress(213)) - HTTP server of HDDSDATANODE is listening at http://0.0.0.0:35152
2019-08-28 19:12:15,136 | INFO  | ObjectStoreRestHttpServer | Listening HDDS REST traffic on /0.0.0.0:40022 |  
2019-08-28 19:12:15,136 [main] INFO  ozone.HddsDatanodeService (HddsDatanodeService.java:startPlugins(395)) - Started plug-in org.apache.hadoop.ozone.web.OzoneHddsDatanodeService@25058759
2019-08-28 19:12:15,136 [main] INFO  ozone.MiniOzoneClusterImpl (MiniOzoneClusterImpl.java:lambda$waitForClusterToBeReady$0(142)) - Waiting for cluster to be ready. Got 0 of 7 DN Heartbeats.
2019-08-28 19:12:15,138 [org.apache.hadoop.util.JvmPauseMonitor$Monitor@34f7da2c] INFO  util.JvmPauseMonitor (JvmPauseMonitor.java:run(188)) - Starting JVM pause monitor
2019-08-28 19:12:15,139 [Datanode State Machine Thread - 0] INFO  datanode.InitDatanodeState (InitDatanodeState.java:persistContainerDatanodeDetails(140)) - DatanodeDetails is persisted to /workdir/hadoop-ozone/integration-test/target/test-dir/MiniOzoneClusterImpl-3ce2fde9-0a18-41d4-8c47-cb897b02b2eb/datanode-6/meta/datanode.id
2019-08-28 19:12:15,866 | INFO  | SCMAudit | user=jenkins1000 | ip=192.168.69.102 | op=GET_VERSION null | ret=SUCCESS |  
2019-08-28 19:12:15,893 [Datanode State Machine Thread - 0] INFO  ozoneimpl.OzoneContainer (OzoneContainer.java:start(186)) - Attempting to start container services.
2019-08-28 19:12:15,893 [Datanode State Machine Thread - 0] INFO  ozoneimpl.OzoneContainer (OzoneContainer.java:startContainerScrub(160)) - Background container scrubber has been disabled by hdds.containerscrub.enabled
2019-08-28 19:12:15,894 [Datanode State Machine Thread - 0] INFO  ratis.XceiverServerRatis (XceiverServerRatis.java:start(404)) - Starting XceiverServerRatis 4a18b6df-35de-47cd-9e69-0c99ba3bc4ca at port 0
2019-08-28 19:12:15,902 [Datanode State Machine Thread - 0] INFO  impl.RaftServerProxy (RaftServerProxy.java:lambda$start$3(299)) - 4a18b6df-35de-47cd-9e69-0c99ba3bc4ca: start RPC server
2019-08-28 19:12:15,904 [Datanode State Machine Thread - 0] INFO  server.GrpcService (GrpcService.java:startImpl(149)) - 4a18b6df-35de-47cd-9e69-0c99ba3bc4ca: GrpcService started, listening on 0.0.0.0/0.0.0.0:37154
2019-08-28 19:12:15,904 [Datanode State Machine Thread - 0] INFO  ratis.XceiverServerRatis (XceiverServerRatis.java:start(414)) - XceiverServerRatis 4a18b6df-35de-47cd-9e69-0c99ba3bc4ca is started using port 37154
2019-08-28 19:12:15,905 [Datanode State Machine Thread - 0] INFO  server.XceiverServerGrpc (XceiverServerGrpc.java:start(161)) - XceiverServerGrpc 4a18b6df-35de-47cd-9e69-0c99ba3bc4ca is started using port 37967
2019-08-28 19:12:16,059 | INFO  | SCMAudit | user=jenkins1000 | ip=192.168.69.102 | op=GET_VERSION null | ret=SUCCESS |  
2019-08-28 19:12:16,077 [Datanode State Machine Thread - 0] INFO  ozoneimpl.OzoneContainer (OzoneContainer.java:start(186)) - Attempting to start container services.
2019-08-28 19:12:16,077 [Datanode State Machine Thread - 0] INFO  ozoneimpl.OzoneContainer (OzoneContainer.java:startContainerScrub(160)) - Background container scrubber has been disabled by hdds.containerscrub.enabled
2019-08-28 19:12:16,078 [Datanode State Machine Thread - 0] INFO  ratis.XceiverServerRatis (XceiverServerRatis.java:start(404)) - Starting XceiverServerRatis 5f468c14-038a-4f85-b2bd-10bf135ba5a5 at port 0
2019-08-28 19:12:16,084 [Datanode State Machine Thread - 0] INFO  impl.RaftServerProxy (RaftServerProxy.java:lambda$start$3(299)) - 5f468c14-038a-4f85-b2bd-10bf135ba5a5: start RPC server
2019-08-28 19:12:16,088 [Datanode State Machine Thread - 0] INFO  server.GrpcService (GrpcService.java:startImpl(149)) - 5f468c14-038a-4f85-b2bd-10bf135ba5a5: GrpcService started, listening on 0.0.0.0/0.0.0.0:35422
2019-08-28 19:12:16,088 [Datanode State Machine Thread - 0] INFO  ratis.XceiverServerRatis (XceiverServerRatis.java:start(414)) - XceiverServerRatis 5f468c14-038a-4f85-b2bd-10bf135ba5a5 is started using port 35422
2019-08-28 19:12:16,089 [Datanode State Machine Thread - 0] INFO  server.XceiverServerGrpc (XceiverServerGrpc.java:start(161)) - XceiverServerGrpc 5f468c14-038a-4f85-b2bd-10bf135ba5a5 is started using port 45532
2019-08-28 19:12:16,137 [main] INFO  ozone.MiniOzoneClusterImpl (MiniOzoneClusterImpl.java:lambda$waitForClusterToBeReady$0(142)) - Waiting for cluster to be ready. Got 0 of 7 DN Heartbeats.
2019-08-28 19:12:16,283 | INFO  | SCMAudit | user=jenkins1000 | ip=192.168.69.102 | op=GET_VERSION null | ret=SUCCESS |  
2019-08-28 19:12:16,296 [Datanode State Machine Thread - 0] INFO  ozoneimpl.OzoneContainer (OzoneContainer.java:start(186)) - Attempting to start container services.
2019-08-28 19:12:16,296 [Datanode State Machine Thread - 0] INFO  ozoneimpl.OzoneContainer (OzoneContainer.java:startContainerScrub(160)) - Background container scrubber has been disabled by hdds.containerscrub.enabled
2019-08-28 19:12:16,296 [Datanode State Machine Thread - 0] INFO  ratis.XceiverServerRatis (XceiverServerRatis.java:start(404)) - Starting XceiverServerRatis b8d2982f-8acd-46a4-922f-bcc5c81c0c27 at port 0
2019-08-28 19:12:16,304 [Datanode State Machine Thread - 0] INFO  impl.RaftServerProxy (RaftServerProxy.java:lambda$start$3(299)) - b8d2982f-8acd-46a4-922f-bcc5c81c0c27: start RPC server
2019-08-28 19:12:16,305 [Datanode State Machine Thread - 0] INFO  server.GrpcService (GrpcService.java:startImpl(149)) - b8d2982f-8acd-46a4-922f-bcc5c81c0c27: GrpcService started, listening on 0.0.0.0/0.0.0.0:37226
2019-08-28 19:12:16,305 [Datanode State Machine Thread - 0] INFO  ratis.XceiverServerRatis (XceiverServerRatis.java:start(414)) - XceiverServerRatis b8d2982f-8acd-46a4-922f-bcc5c81c0c27 is started using port 37226
2019-08-28 19:12:16,308 [Datanode State Machine Thread - 0] INFO  server.XceiverServerGrpc (XceiverServerGrpc.java:start(161)) - XceiverServerGrpc b8d2982f-8acd-46a4-922f-bcc5c81c0c27 is started using port 40116
2019-08-28 19:12:16,491 | INFO  | SCMAudit | user=jenkins1000 | ip=192.168.69.102 | op=GET_VERSION null | ret=SUCCESS |  
2019-08-28 19:12:16,512 [Datanode State Machine Thread - 0] INFO  ozoneimpl.OzoneContainer (OzoneContainer.java:start(186)) - Attempting to start container services.
2019-08-28 19:12:16,512 [Datanode State Machine Thread - 0] INFO  ozoneimpl.OzoneContainer (OzoneContainer.java:startContainerScrub(160)) - Background container scrubber has been disabled by hdds.containerscrub.enabled
2019-08-28 19:12:16,513 [Datanode State Machine Thread - 0] INFO  ratis.XceiverServerRatis (XceiverServerRatis.java:start(404)) - Starting XceiverServerRatis 70d1db21-1697-4809-b58f-4bb5345b25c0 at port 0
2019-08-28 19:12:16,520 [Datanode State Machine Thread - 0] INFO  impl.RaftServerProxy (RaftServerProxy.java:lambda$start$3(299)) - 70d1db21-1697-4809-b58f-4bb5345b25c0: start RPC server
2019-08-28 19:12:16,521 [Datanode State Machine Thread - 0] INFO  server.GrpcService (GrpcService.java:startImpl(149)) - 70d1db21-1697-4809-b58f-4bb5345b25c0: GrpcService started, listening on 0.0.0.0/0.0.0.0:38344
2019-08-28 19:12:16,521 [Datanode State Machine Thread - 0] INFO  ratis.XceiverServerRatis (XceiverServerRatis.java:start(414)) - XceiverServerRatis 70d1db21-1697-4809-b58f-4bb5345b25c0 is started using port 38344
2019-08-28 19:12:16,525 [Datanode State Machine Thread - 0] INFO  server.XceiverServerGrpc (XceiverServerGrpc.java:start(161)) - XceiverServerGrpc 70d1db21-1697-4809-b58f-4bb5345b25c0 is started using port 44733
2019-08-28 19:12:16,714 | INFO  | SCMAudit | user=jenkins1000 | ip=192.168.69.102 | op=GET_VERSION null | ret=SUCCESS |  
2019-08-28 19:12:16,729 [Datanode State Machine Thread - 0] INFO  ozoneimpl.OzoneContainer (OzoneContainer.java:start(186)) - Attempting to start container services.
2019-08-28 19:12:16,730 [Datanode State Machine Thread - 0] INFO  ozoneimpl.OzoneContainer (OzoneContainer.java:startContainerScrub(160)) - Background container scrubber has been disabled by hdds.containerscrub.enabled
2019-08-28 19:12:16,730 [Datanode State Machine Thread - 0] INFO  ratis.XceiverServerRatis (XceiverServerRatis.java:start(404)) - Starting XceiverServerRatis d28ba164-7668-43e2-a317-bea85156c188 at port 0
2019-08-28 19:12:16,736 [Datanode State Machine Thread - 0] INFO  impl.RaftServerProxy (RaftServerProxy.java:lambda$start$3(299)) - d28ba164-7668-43e2-a317-bea85156c188: start RPC server
2019-08-28 19:12:16,737 [Datanode State Machine Thread - 0] INFO  server.GrpcService (GrpcService.java:startImpl(149)) - d28ba164-7668-43e2-a317-bea85156c188: GrpcService started, listening on 0.0.0.0/0.0.0.0:36941
2019-08-28 19:12:16,737 [Datanode State Machine Thread - 0] INFO  ratis.XceiverServerRatis (XceiverServerRatis.java:start(414)) - XceiverServerRatis d28ba164-7668-43e2-a317-bea85156c188 is started using port 36941
2019-08-28 19:12:16,737 [Datanode State Machine Thread - 0] INFO  server.XceiverServerGrpc (XceiverServerGrpc.java:start(161)) - XceiverServerGrpc d28ba164-7668-43e2-a317-bea85156c188 is started using port 38834
2019-08-28 19:12:16,920 | INFO  | SCMAudit | user=jenkins1000 | ip=192.168.69.102 | op=GET_VERSION null | ret=SUCCESS |  
2019-08-28 19:12:16,943 [Datanode State Machine Thread - 0] INFO  ozoneimpl.OzoneContainer (OzoneContainer.java:start(186)) - Attempting to start container services.
2019-08-28 19:12:16,943 [Datanode State Machine Thread - 0] INFO  ozoneimpl.OzoneContainer (OzoneContainer.java:startContainerScrub(160)) - Background container scrubber has been disabled by hdds.containerscrub.enabled
2019-08-28 19:12:16,943 [Datanode State Machine Thread - 0] INFO  ratis.XceiverServerRatis (XceiverServerRatis.java:start(404)) - Starting XceiverServerRatis 6746a90d-cf8b-4530-9aed-ada9eea3074f at port 0
2019-08-28 19:12:16,948 [Datanode State Machine Thread - 0] INFO  impl.RaftServerProxy (RaftServerProxy.java:lambda$start$3(299)) - 6746a90d-cf8b-4530-9aed-ada9eea3074f: start RPC server
2019-08-28 19:12:16,949 [Datanode State Machine Thread - 0] INFO  server.GrpcService (GrpcService.java:startImpl(149)) - 6746a90d-cf8b-4530-9aed-ada9eea3074f: GrpcService started, listening on 0.0.0.0/0.0.0.0:34170
2019-08-28 19:12:16,949 [Datanode State Machine Thread - 0] INFO  ratis.XceiverServerRatis (XceiverServerRatis.java:start(414)) - XceiverServerRatis 6746a90d-cf8b-4530-9aed-ada9eea3074f is started using port 34170
2019-08-28 19:12:16,950 [Datanode State Machine Thread - 0] INFO  server.XceiverServerGrpc (XceiverServerGrpc.java:start(161)) - XceiverServerGrpc 6746a90d-cf8b-4530-9aed-ada9eea3074f is started using port 46774
2019-08-28 19:12:17,137 [main] INFO  ozone.MiniOzoneClusterImpl (MiniOzoneClusterImpl.java:lambda$waitForClusterToBeReady$0(142)) - Waiting for cluster to be ready. Got 0 of 7 DN Heartbeats.
2019-08-28 19:12:17,138 | INFO  | SCMAudit | user=jenkins1000 | ip=192.168.69.102 | op=GET_VERSION null | ret=SUCCESS |  
2019-08-28 19:12:17,156 [Datanode State Machine Thread - 0] INFO  ozoneimpl.OzoneContainer (OzoneContainer.java:start(186)) - Attempting to start container services.
2019-08-28 19:12:17,156 [Datanode State Machine Thread - 0] INFO  ozoneimpl.OzoneContainer (OzoneContainer.java:startContainerScrub(160)) - Background container scrubber has been disabled by hdds.containerscrub.enabled
2019-08-28 19:12:17,156 [Datanode State Machine Thread - 0] INFO  ratis.XceiverServerRatis (XceiverServerRatis.java:start(404)) - Starting XceiverServerRatis bca68fa7-7b80-4ad8-96f2-b14f19da762c at port 0
2019-08-28 19:12:17,161 [Datanode State Machine Thread - 0] INFO  impl.RaftServerProxy (RaftServerProxy.java:lambda$start$3(299)) - bca68fa7-7b80-4ad8-96f2-b14f19da762c: start RPC server
2019-08-28 19:12:17,173 [Datanode State Machine Thread - 0] INFO  server.GrpcService (GrpcService.java:startImpl(149)) - bca68fa7-7b80-4ad8-96f2-b14f19da762c: GrpcService started, listening on 0.0.0.0/0.0.0.0:37392
2019-08-28 19:12:17,174 [Datanode State Machine Thread - 0] INFO  ratis.XceiverServerRatis (XceiverServerRatis.java:start(414)) - XceiverServerRatis bca68fa7-7b80-4ad8-96f2-b14f19da762c is started using port 37392
2019-08-28 19:12:17,174 [Datanode State Machine Thread - 0] INFO  server.XceiverServerGrpc (XceiverServerGrpc.java:start(161)) - XceiverServerGrpc bca68fa7-7b80-4ad8-96f2-b14f19da762c is started using port 39233
2019-08-28 19:12:17,865 [IPC Server handler 1 on 45902] INFO  net.NetworkTopology (NetworkTopologyImpl.java:add(110)) - Added a new node: /default-rack/4a18b6df-35de-47cd-9e69-0c99ba3bc4ca
2019-08-28 19:12:17,868 [IPC Server handler 1 on 45902] INFO  node.SCMNodeManager (SCMNodeManager.java:register(273)) - Registered Data node : 4a18b6df-35de-47cd-9e69-0c99ba3bc4ca{ip: 192.168.69.102, host: pr-hdds-1783-trunk-gtrxg-786569963, networkLocation: /default-rack, certSerialId: null}
2019-08-28 19:12:17,869 [EventQueue-NodeRegistrationContainerReportForDataNodeSafeModeRule] INFO  safemode.SCMSafeModeManager (DataNodeSafeModeRule.java:process(71)) - SCM in safe mode. 1 DataNodes registered, 1 required.
2019-08-28 19:12:17,869 | INFO  | SCMAudit | user=jenkins1000 | ip=192.168.69.102 | op=REGISTER {datanodeDetails=4a18b6df-35de-47cd-9e69-0c99ba3bc4ca{ip: 192.168.69.102, host: pr-hdds-1783-trunk-gtrxg-786569963, networkLocation: /default-rack, certSerialId: null}} | ret=SUCCESS |  
2019-08-28 19:12:17,872 [EventQueue-NodeRegistrationContainerReportForDataNodeSafeModeRule] INFO  safemode.SCMSafeModeManager (SCMSafeModeManager.java:validateSafeModeExitRules(177)) - ScmSafeModeManager, all rules are successfully validated
2019-08-28 19:12:17,872 [EventQueue-NodeRegistrationContainerReportForDataNodeSafeModeRule] INFO  safemode.SCMSafeModeManager (SCMSafeModeManager.java:exitSafeMode(193)) - SCM exiting safe mode.
2019-08-28 19:12:17,883 [grpc-default-executor-4] INFO  impl.RaftServerProxy (RaftServerProxy.java:addNew(89)) - 4a18b6df-35de-47cd-9e69-0c99ba3bc4ca: addNew group-4E5D71F4C0F1:[4a18b6df-35de-47cd-9e69-0c99ba3bc4ca:192.168.69.102:37154] returns group-4E5D71F4C0F1:java.util.concurrent.CompletableFuture@6af624de[Not completed]
2019-08-28 19:12:17,885 [pool-411-thread-1] INFO  impl.RaftServerImpl (RaftServerImpl.java:<init>(93)) - 4a18b6df-35de-47cd-9e69-0c99ba3bc4ca: new RaftServerImpl for group-4E5D71F4C0F1:[4a18b6df-35de-47cd-9e69-0c99ba3bc4ca:192.168.69.102:37154] with ContainerStateMachine:uninitialized
2019-08-28 19:12:17,885 [pool-411-thread-1] INFO  server.RaftServerConfigKeys (ConfUtils.java:logGet(43)) - raft.server.rpc.timeout.min = 5s (custom)
2019-08-28 19:12:17,885 [pool-411-thread-1] INFO  server.RaftServerConfigKeys (ConfUtils.java:logGet(43)) - raft.server.rpc.timeout.max = 5200ms (custom)
2019-08-28 19:12:17,886 [pool-411-thread-1] INFO  server.RaftServerConfigKeys (ConfUtils.java:logGet(43)) - raft.server.rpcslowness.timeout = 120s (custom)
2019-08-28 19:12:17,886 [pool-411-thread-1] INFO  server.RaftServerConfigKeys (ConfUtils.java:logGet(43)) - raft.server.sleep.deviation.threshold = 300 (default)
2019-08-28 19:12:17,886 [pool-411-thread-1] INFO  server.RaftServerConfigKeys (ConfUtils.java:logGet(43)) - raft.server.log.appender.install.snapshot.enabled = false (custom)
2019-08-28 19:12:17,886 [pool-411-thread-1] INFO  impl.RaftServerImpl (ServerState.java:<init>(105)) - 4a18b6df-35de-47cd-9e69-0c99ba3bc4ca:group-4E5D71F4C0F1 ConfigurationManager, init=-1: [4a18b6df-35de-47cd-9e69-0c99ba3bc4ca:192.168.69.102:37154], old=null, confs=<EMPTY_MAP>
2019-08-28 19:12:17,886 [pool-411-thread-1] INFO  server.RaftServerConfigKeys (ConfUtils.java:logGet(43)) - raft.server.storage.dir = [/workdir/hadoop-ozone/integration-test/target/test-dir/MiniOzoneClusterImpl-3ce2fde9-0a18-41d4-8c47-cb897b02b2eb/datanode-0/data/ratis] (custom)
2019-08-28 19:12:17,888 [pool-411-thread-1] INFO  storage.RaftStorageDirectory (RaftStorageDirectory.java:analyzeStorage(246)) - The storage directory /workdir/hadoop-ozone/integration-test/target/test-dir/MiniOzoneClusterImpl-3ce2fde9-0a18-41d4-8c47-cb897b02b2eb/datanode-0/data/ratis/d8fc037f-af8c-48b9-a058-4e5d71f4c0f1 does not exist. Creating ...
2019-08-28 19:12:17,913 [pool-411-thread-1] INFO  storage.RaftStorageDirectory (RaftStorageDirectory.java:tryLock(328)) - Lock on /workdir/hadoop-ozone/integration-test/target/test-dir/MiniOzoneClusterImpl-3ce2fde9-0a18-41d4-8c47-cb897b02b2eb/datanode-0/data/ratis/d8fc037f-af8c-48b9-a058-4e5d71f4c0f1/in_use.lock acquired by nodename 31818@pr-hdds-1783-trunk-gtrxg-786569963
2019-08-28 19:12:17,929 [pool-411-thread-1] INFO  storage.RaftStorage (RaftStorage.java:format(72)) - Storage directory /workdir/hadoop-ozone/integration-test/target/test-dir/MiniOzoneClusterImpl-3ce2fde9-0a18-41d4-8c47-cb897b02b2eb/datanode-0/data/ratis/d8fc037f-af8c-48b9-a058-4e5d71f4c0f1 has been successfully formatted.
2019-08-28 19:12:17,930 [pool-411-thread-1] INFO  ratis.ContainerStateMachine (ContainerStateMachine.java:loadSnapshot(226)) - group-4E5D71F4C0F1: The snapshot info is null. Setting the last applied indexto:(t:0, i:~)
2019-08-28 19:12:17,930 [pool-411-thread-1] INFO  server.RaftServerConfigKeys (ConfUtils.java:logGet(43)) - raft.server.leader.election.timeout = 120s (custom)
2019-08-28 19:12:17,930 [pool-411-thread-1] INFO  server.RaftServerConfigKeys (ConfUtils.java:logGet(43)) - raft.server.log.use.memory = false (default)
2019-08-28 19:12:17,930 [pool-411-thread-1] INFO  server.RaftServerConfigKeys (ConfUtils.java:logGet(43)) - raft.server.log.purge.gap = 1000000 (custom)
2019-08-28 19:12:17,931 [pool-411-thread-1] INFO  server.RaftServerConfigKeys (ConfUtils.java:logGet(43)) - raft.server.log.appender.buffer.byte-limit = 33554432 (custom)
2019-08-28 19:12:17,931 [pool-411-thread-1] INFO  server.RaftServerConfigKeys (ConfUtils.java:logGet(43)) - raft.server.log.segment.size.max = 1048576 (custom)
2019-08-28 19:12:17,931 [pool-411-thread-1] INFO  server.RaftServerConfigKeys (ConfUtils.java:logGet(43)) - raft.server.log.segment.cache.num.max = 2 (custom)
2019-08-28 19:12:17,931 [pool-411-thread-1] INFO  segmented.SegmentedRaftLogWorker (SegmentedRaftLogWorker.java:<init>(172)) - new 4a18b6df-35de-47cd-9e69-0c99ba3bc4ca-SegmentedRaftLogWorker:Storage Directory /workdir/hadoop-ozone/integration-test/target/test-dir/MiniOzoneClusterImpl-3ce2fde9-0a18-41d4-8c47-cb897b02b2eb/datanode-0/data/ratis/d8fc037f-af8c-48b9-a058-4e5d71f4c0f1 for RaftStorage:Storage Directory /workdir/hadoop-ozone/integration-test/target/test-dir/MiniOzoneClusterImpl-3ce2fde9-0a18-41d4-8c47-cb897b02b2eb/datanode-0/data/ratis/d8fc037f-af8c-48b9-a058-4e5d71f4c0f1
2019-08-28 19:12:17,931 [pool-411-thread-1] INFO  server.RaftServerConfigKeys (ConfUtils.java:logGet(43)) - raft.server.log.queue.byte-limit = 2147483647 (custom)
2019-08-28 19:12:17,931 [pool-411-thread-1] INFO  server.RaftServerConfigKeys (ConfUtils.java:logGet(43)) - raft.server.log.queue.element-limit = 1024 (custom)
2019-08-28 19:12:17,932 [pool-411-thread-1] INFO  server.RaftServerConfigKeys (ConfUtils.java:logGet(43)) - raft.server.log.segment.size.max = 1048576 (custom)
2019-08-28 19:12:17,932 [pool-411-thread-1] INFO  server.RaftServerConfigKeys (ConfUtils.java:logGet(43)) - raft.server.log.preallocated.size = 16384 (custom)
2019-08-28 19:12:17,932 [pool-411-thread-1] INFO  server.RaftServerConfigKeys (ConfUtils.java:logGet(43)) - raft.server.log.write.buffer.size = 33554432 (custom)
2019-08-28 19:12:17,932 [pool-411-thread-1] INFO  server.RaftServerConfigKeys (ConfUtils.java:logGet(43)) - raft.server.log.force.sync.num = 128 (default)
2019-08-28 19:12:17,932 [pool-411-thread-1] INFO  server.RaftServerConfigKeys (ConfUtils.java:logGet(43)) - raft.server.log.statemachine.data.sync = true (default)
2019-08-28 19:12:17,933 [pool-411-thread-1] INFO  server.RaftServerConfigKeys (ConfUtils.java:logGet(43)) - raft.server.log.statemachine.data.sync.timeout = 10s (default)
2019-08-28 19:12:17,933 [pool-411-thread-1] INFO  server.RaftServerConfigKeys (ConfUtils.java:logGet(43)) - raft.server.log.statemachine.data.sync.timeout.retry = -1 (default)
2019-08-28 19:12:17,933 [pool-411-thread-1] INFO  server.RaftServerConfigKeys (ConfUtils.java:logGet(43)) - raft.server.log.statemachine.data.caching.enabled = true (custom)
2019-08-28 19:12:17,934 [pool-411-thread-1] INFO  segmented.SegmentedRaftLogWorker (SegmentedRaftLogWorker.java:lambda$new$0(132)) - 4a18b6df-35de-47cd-9e69-0c99ba3bc4ca-SegmentedRaftLogWorker:Storage Directory /workdir/hadoop-ozone/integration-test/target/test-dir/MiniOzoneClusterImpl-3ce2fde9-0a18-41d4-8c47-cb897b02b2eb/datanode-0/data/ratis/d8fc037f-af8c-48b9-a058-4e5d71f4c0f1: flushIndex: setUnconditionally 0 -> -1
2019-08-28 19:12:17,934 [pool-411-thread-1] INFO  server.RaftServerConfigKeys (ConfUtils.java:logGet(43)) - raft.server.snapshot.auto.trigger.enabled = true (custom)
2019-08-28 19:12:17,934 [pool-411-thread-1] INFO  server.RaftServerConfigKeys (ConfUtils.java:logGet(43)) - raft.server.snapshot.auto.trigger.threshold = 10000 (custom)
2019-08-28 19:12:17,934 [pool-411-thread-1] INFO  server.RaftServerConfigKeys (ConfUtils.java:logGet(43)) - raft.server.retrycache.expirytime = 600000ms (custom)
2019-08-28 19:12:17,935 [pool-411-thread-1] INFO  impl.RaftServerImpl (RaftServerImpl.java:start(180)) - 4a18b6df-35de-47cd-9e69-0c99ba3bc4ca: start group-4E5D71F4C0F1
2019-08-28 19:12:17,935 [pool-411-thread-1] INFO  impl.RaftServerImpl (RaftServerImpl.java:setRole(171)) - 4a18b6df-35de-47cd-9e69-0c99ba3bc4ca:group-4E5D71F4C0F1 changes role from null to FOLLOWER at term 0 for startAsFollower
2019-08-28 19:12:17,935 [pool-411-thread-1] INFO  impl.RoleInfo (RoleInfo.java:updateAndGet(143)) - 4a18b6df-35de-47cd-9e69-0c99ba3bc4ca: start FollowerState
2019-08-28 19:12:17,935 [pool-411-thread-1] INFO  util.JmxRegister (JmxRegister.java:tryRegister(44)) - Successfully registered JMX Bean with object name Ratis:service=RaftServer,group=group-4E5D71F4C0F1,id=4a18b6df-35de-47cd-9e69-0c99ba3bc4ca
2019-08-28 19:12:17,938 [RatisPipelineUtilsThread] INFO  pipeline.PipelineStateManager (PipelineStateManager.java:addPipeline(56)) - Created pipeline Pipeline[ Id: d8fc037f-af8c-48b9-a058-4e5d71f4c0f1, Nodes: 4a18b6df-35de-47cd-9e69-0c99ba3bc4ca{ip: 192.168.69.102, host: pr-hdds-1783-trunk-gtrxg-786569963, networkLocation: /default-rack, certSerialId: null}, Type:RATIS, Factor:ONE, State:OPEN]
2019-08-28 19:12:18,060 [IPC Server handler 2 on 45902] INFO  net.NetworkTopology (NetworkTopologyImpl.java:add(110)) - Added a new node: /default-rack/5f468c14-038a-4f85-b2bd-10bf135ba5a5
2019-08-28 19:12:18,061 [IPC Server handler 2 on 45902] INFO  node.SCMNodeManager (SCMNodeManager.java:register(273)) - Registered Data node : 5f468c14-038a-4f85-b2bd-10bf135ba5a5{ip: 192.168.69.102, host: pr-hdds-1783-trunk-gtrxg-786569963, networkLocation: /default-rack, certSerialId: null}
2019-08-28 19:12:18,061 | INFO  | SCMAudit | user=jenkins1000 | ip=192.168.69.102 | op=REGISTER {datanodeDetails=5f468c14-038a-4f85-b2bd-10bf135ba5a5{ip: 192.168.69.102, host: pr-hdds-1783-trunk-gtrxg-786569963, networkLocation: /default-rack, certSerialId: null}} | ret=SUCCESS |  
2019-08-28 19:12:18,073 [grpc-default-executor-4] INFO  impl.RaftServerProxy (RaftServerProxy.java:addNew(89)) - 5f468c14-038a-4f85-b2bd-10bf135ba5a5: addNew group-42BD0185613C:[5f468c14-038a-4f85-b2bd-10bf135ba5a5:192.168.69.102:35422] returns group-42BD0185613C:java.util.concurrent.CompletableFuture@76285747[Not completed]
2019-08-28 19:12:18,074 [pool-422-thread-1] INFO  impl.RaftServerImpl (RaftServerImpl.java:<init>(93)) - 5f468c14-038a-4f85-b2bd-10bf135ba5a5: new RaftServerImpl for group-42BD0185613C:[5f468c14-038a-4f85-b2bd-10bf135ba5a5:192.168.69.102:35422] with ContainerStateMachine:uninitialized
2019-08-28 19:12:18,074 [pool-422-thread-1] INFO  server.RaftServerConfigKeys (ConfUtils.java:logGet(43)) - raft.server.rpc.timeout.min = 5s (custom)
2019-08-28 19:12:18,074 [pool-422-thread-1] INFO  server.RaftServerConfigKeys (ConfUtils.java:logGet(43)) - raft.server.rpc.timeout.max = 5200ms (custom)
2019-08-28 19:12:18,074 [pool-422-thread-1] INFO  server.RaftServerConfigKeys (ConfUtils.java:logGet(43)) - raft.server.rpcslowness.timeout = 120s (custom)
2019-08-28 19:12:18,074 [pool-422-thread-1] INFO  server.RaftServerConfigKeys (ConfUtils.java:logGet(43)) - raft.server.sleep.deviation.threshold = 300 (default)
2019-08-28 19:12:18,074 [pool-422-thread-1] INFO  server.RaftServerConfigKeys (ConfUtils.java:logGet(43)) - raft.server.log.appender.install.snapshot.enabled = false (custom)
2019-08-28 19:12:18,074 [pool-422-thread-1] INFO  impl.RaftServerImpl (ServerState.java:<init>(105)) - 5f468c14-038a-4f85-b2bd-10bf135ba5a5:group-42BD0185613C ConfigurationManager, init=-1: [5f468c14-038a-4f85-b2bd-10bf135ba5a5:192.168.69.102:35422], old=null, confs=<EMPTY_MAP>
2019-08-28 19:12:18,074 [pool-422-thread-1] INFO  server.RaftServerConfigKeys (ConfUtils.java:logGet(43)) - raft.server.storage.dir = [/workdir/hadoop-ozone/integration-test/target/test-dir/MiniOzoneClusterImpl-3ce2fde9-0a18-41d4-8c47-cb897b02b2eb/datanode-1/data/ratis] (custom)
2019-08-28 19:12:18,075 [pool-422-thread-1] INFO  storage.RaftStorageDirectory (RaftStorageDirectory.java:analyzeStorage(246)) - The storage directory /workdir/hadoop-ozone/integration-test/target/test-dir/MiniOzoneClusterImpl-3ce2fde9-0a18-41d4-8c47-cb897b02b2eb/datanode-1/data/ratis/9f9ef127-d6e1-475a-9841-42bd0185613c does not exist. Creating ...
2019-08-28 19:12:18,099 [pool-422-thread-1] INFO  storage.RaftStorageDirectory (RaftStorageDirectory.java:tryLock(328)) - Lock on /workdir/hadoop-ozone/integration-test/target/test-dir/MiniOzoneClusterImpl-3ce2fde9-0a18-41d4-8c47-cb897b02b2eb/datanode-1/data/ratis/9f9ef127-d6e1-475a-9841-42bd0185613c/in_use.lock acquired by nodename 31818@pr-hdds-1783-trunk-gtrxg-786569963
2019-08-28 19:12:18,122 [pool-422-thread-1] INFO  storage.RaftStorage (RaftStorage.java:format(72)) - Storage directory /workdir/hadoop-ozone/integration-test/target/test-dir/MiniOzoneClusterImpl-3ce2fde9-0a18-41d4-8c47-cb897b02b2eb/datanode-1/data/ratis/9f9ef127-d6e1-475a-9841-42bd0185613c has been successfully formatted.
2019-08-28 19:12:18,122 [pool-422-thread-1] INFO  ratis.ContainerStateMachine (ContainerStateMachine.java:loadSnapshot(226)) - group-42BD0185613C: The snapshot info is null. Setting the last applied indexto:(t:0, i:~)
2019-08-28 19:12:18,122 [pool-422-thread-1] INFO  server.RaftServerConfigKeys (ConfUtils.java:logGet(43)) - raft.server.leader.election.timeout = 120s (custom)
2019-08-28 19:12:18,122 [pool-422-thread-1] INFO  server.RaftServerConfigKeys (ConfUtils.java:logGet(43)) - raft.server.log.use.memory = false (default)
2019-08-28 19:12:18,123 [pool-422-thread-1] INFO  server.RaftServerConfigKeys (ConfUtils.java:logGet(43)) - raft.server.log.purge.gap = 1000000 (custom)
2019-08-28 19:12:18,123 [pool-422-thread-1] INFO  server.RaftServerConfigKeys (ConfUtils.java:logGet(43)) - raft.server.log.appender.buffer.byte-limit = 33554432 (custom)
2019-08-28 19:12:18,123 [pool-422-thread-1] INFO  server.RaftServerConfigKeys (ConfUtils.java:logGet(43)) - raft.server.log.segment.size.max = 1048576 (custom)
2019-08-28 19:12:18,123 [pool-422-thread-1] INFO  server.RaftServerConfigKeys (ConfUtils.java:logGet(43)) - raft.server.log.segment.cache.num.max = 2 (custom)
2019-08-28 19:12:18,123 [pool-422-thread-1] INFO  segmented.SegmentedRaftLogWorker (SegmentedRaftLogWorker.java:<init>(172)) - new 5f468c14-038a-4f85-b2bd-10bf135ba5a5-SegmentedRaftLogWorker:Storage Directory /workdir/hadoop-ozone/integration-test/target/test-dir/MiniOzoneClusterImpl-3ce2fde9-0a18-41d4-8c47-cb897b02b2eb/datanode-1/data/ratis/9f9ef127-d6e1-475a-9841-42bd0185613c for RaftStorage:Storage Directory /workdir/hadoop-ozone/integration-test/target/test-dir/MiniOzoneClusterImpl-3ce2fde9-0a18-41d4-8c47-cb897b02b2eb/datanode-1/data/ratis/9f9ef127-d6e1-475a-9841-42bd0185613c
2019-08-28 19:12:18,123 [pool-422-thread-1] INFO  server.RaftServerConfigKeys (ConfUtils.java:logGet(43)) - raft.server.log.queue.byte-limit = 2147483647 (custom)
2019-08-28 19:12:18,123 [pool-422-thread-1] INFO  server.RaftServerConfigKeys (ConfUtils.java:logGet(43)) - raft.server.log.queue.element-limit = 1024 (custom)
2019-08-28 19:12:18,123 [pool-422-thread-1] INFO  server.RaftServerConfigKeys (ConfUtils.java:logGet(43)) - raft.server.log.segment.size.max = 1048576 (custom)
2019-08-28 19:12:18,124 [pool-422-thread-1] INFO  server.RaftServerConfigKeys (ConfUtils.java:logGet(43)) - raft.server.log.preallocated.size = 16384 (custom)
2019-08-28 19:12:18,124 [pool-422-thread-1] INFO  server.RaftServerConfigKeys (ConfUtils.java:logGet(43)) - raft.server.log.write.buffer.size = 33554432 (custom)
2019-08-28 19:12:18,124 [pool-422-thread-1] INFO  server.RaftServerConfigKeys (ConfUtils.java:logGet(43)) - raft.server.log.force.sync.num = 128 (default)
2019-08-28 19:12:18,124 [pool-422-thread-1] INFO  server.RaftServerConfigKeys (ConfUtils.java:logGet(43)) - raft.server.log.statemachine.data.sync = true (default)
2019-08-28 19:12:18,124 [pool-422-thread-1] INFO  server.RaftServerConfigKeys (ConfUtils.java:logGet(43)) - raft.server.log.statemachine.data.sync.timeout = 10s (default)
2019-08-28 19:12:18,124 [pool-422-thread-1] INFO  server.RaftServerConfigKeys (ConfUtils.java:logGet(43)) - raft.server.log.statemachine.data.sync.timeout.retry = -1 (default)
2019-08-28 19:12:18,124 [pool-422-thread-1] INFO  server.RaftServerConfigKeys (ConfUtils.java:logGet(43)) - raft.server.log.statemachine.data.caching.enabled = true (custom)
2019-08-28 19:12:18,125 [pool-422-thread-1] INFO  segmented.SegmentedRaftLogWorker (SegmentedRaftLogWorker.java:lambda$new$0(132)) - 5f468c14-038a-4f85-b2bd-10bf135ba5a5-SegmentedRaftLogWorker:Storage Directory /workdir/hadoop-ozone/integration-test/target/test-dir/MiniOzoneClusterImpl-3ce2fde9-0a18-41d4-8c47-cb897b02b2eb/datanode-1/data/ratis/9f9ef127-d6e1-475a-9841-42bd0185613c: flushIndex: setUnconditionally 0 -> -1
2019-08-28 19:12:18,125 [pool-422-thread-1] INFO  server.RaftServerConfigKeys (ConfUtils.java:logGet(43)) - raft.server.snapshot.auto.trigger.enabled = true (custom)
2019-08-28 19:12:18,125 [pool-422-thread-1] INFO  server.RaftServerConfigKeys (ConfUtils.java:logGet(43)) - raft.server.snapshot.auto.trigger.threshold = 10000 (custom)
2019-08-28 19:12:18,125 [pool-422-thread-1] INFO  server.RaftServerConfigKeys (ConfUtils.java:logGet(43)) - raft.server.retrycache.expirytime = 600000ms (custom)
2019-08-28 19:12:18,125 [pool-422-thread-1] INFO  impl.RaftServerImpl (RaftServerImpl.java:start(180)) - 5f468c14-038a-4f85-b2bd-10bf135ba5a5: start group-42BD0185613C
2019-08-28 19:12:18,125 [pool-422-thread-1] INFO  impl.RaftServerImpl (RaftServerImpl.java:setRole(171)) - 5f468c14-038a-4f85-b2bd-10bf135ba5a5:group-42BD0185613C changes role from null to FOLLOWER at term 0 for startAsFollower
2019-08-28 19:12:18,125 [pool-422-thread-1] INFO  impl.RoleInfo (RoleInfo.java:updateAndGet(143)) - 5f468c14-038a-4f85-b2bd-10bf135ba5a5: start FollowerState
2019-08-28 19:12:18,126 [pool-422-thread-1] INFO  util.JmxRegister (JmxRegister.java:tryRegister(44)) - Successfully registered JMX Bean with object name Ratis:service=RaftServer,group=group-42BD0185613C,id=5f468c14-038a-4f85-b2bd-10bf135ba5a5
2019-08-28 19:12:18,128 [RatisPipelineUtilsThread] INFO  pipeline.PipelineStateManager (PipelineStateManager.java:addPipeline(56)) - Created pipeline Pipeline[ Id: 9f9ef127-d6e1-475a-9841-42bd0185613c, Nodes: 5f468c14-038a-4f85-b2bd-10bf135ba5a5{ip: 192.168.69.102, host: pr-hdds-1783-trunk-gtrxg-786569963, networkLocation: /default-rack, certSerialId: null}, Type:RATIS, Factor:ONE, State:OPEN]
2019-08-28 19:12:18,140 [main] INFO  ozone.MiniOzoneClusterImpl (MiniOzoneClusterImpl.java:lambda$waitForClusterToBeReady$0(142)) - Waiting for cluster to be ready. Got 2 of 7 DN Heartbeats.
2019-08-28 19:12:18,283 [IPC Server handler 3 on 45902] INFO  net.NetworkTopology (NetworkTopologyImpl.java:add(110)) - Added a new node: /default-rack/b8d2982f-8acd-46a4-922f-bcc5c81c0c27
2019-08-28 19:12:18,283 [IPC Server handler 3 on 45902] INFO  node.SCMNodeManager (SCMNodeManager.java:register(273)) - Registered Data node : b8d2982f-8acd-46a4-922f-bcc5c81c0c27{ip: 192.168.69.102, host: pr-hdds-1783-trunk-gtrxg-786569963, networkLocation: /default-rack, certSerialId: null}
2019-08-28 19:12:18,283 | INFO  | SCMAudit | user=jenkins1000 | ip=192.168.69.102 | op=REGISTER {datanodeDetails=b8d2982f-8acd-46a4-922f-bcc5c81c0c27{ip: 192.168.69.102, host: pr-hdds-1783-trunk-gtrxg-786569963, networkLocation: /default-rack, certSerialId: null}} | ret=SUCCESS |  
2019-08-28 19:12:18,291 [grpc-default-executor-4] INFO  impl.RaftServerProxy (RaftServerProxy.java:addNew(89)) - b8d2982f-8acd-46a4-922f-bcc5c81c0c27: addNew group-9C58FF948D2E:[b8d2982f-8acd-46a4-922f-bcc5c81c0c27:192.168.69.102:37226] returns group-9C58FF948D2E:java.util.concurrent.CompletableFuture@2f91945f[Not completed]
2019-08-28 19:12:18,293 [pool-433-thread-1] INFO  impl.RaftServerImpl (RaftServerImpl.java:<init>(93)) - b8d2982f-8acd-46a4-922f-bcc5c81c0c27: new RaftServerImpl for group-9C58FF948D2E:[b8d2982f-8acd-46a4-922f-bcc5c81c0c27:192.168.69.102:37226] with ContainerStateMachine:uninitialized
2019-08-28 19:12:18,294 [pool-433-thread-1] INFO  server.RaftServerConfigKeys (ConfUtils.java:logGet(43)) - raft.server.rpc.timeout.min = 5s (custom)
2019-08-28 19:12:18,294 [pool-433-thread-1] INFO  server.RaftServerConfigKeys (ConfUtils.java:logGet(43)) - raft.server.rpc.timeout.max = 5200ms (custom)
2019-08-28 19:12:18,294 [pool-433-thread-1] INFO  server.RaftServerConfigKeys (ConfUtils.java:logGet(43)) - raft.server.rpcslowness.timeout = 120s (custom)
2019-08-28 19:12:18,294 [pool-433-thread-1] INFO  server.RaftServerConfigKeys (ConfUtils.java:logGet(43)) - raft.server.sleep.deviation.threshold = 300 (default)
2019-08-28 19:12:18,295 [pool-433-thread-1] INFO  server.RaftServerConfigKeys (ConfUtils.java:logGet(43)) - raft.server.log.appender.install.snapshot.enabled = false (custom)
2019-08-28 19:12:18,295 [pool-433-thread-1] INFO  impl.RaftServerImpl (ServerState.java:<init>(105)) - b8d2982f-8acd-46a4-922f-bcc5c81c0c27:group-9C58FF948D2E ConfigurationManager, init=-1: [b8d2982f-8acd-46a4-922f-bcc5c81c0c27:192.168.69.102:37226], old=null, confs=<EMPTY_MAP>
2019-08-28 19:12:18,295 [pool-433-thread-1] INFO  server.RaftServerConfigKeys (ConfUtils.java:logGet(43)) - raft.server.storage.dir = [/workdir/hadoop-ozone/integration-test/target/test-dir/MiniOzoneClusterImpl-3ce2fde9-0a18-41d4-8c47-cb897b02b2eb/datanode-2/data/ratis] (custom)
2019-08-28 19:12:18,296 [pool-433-thread-1] INFO  storage.RaftStorageDirectory (RaftStorageDirectory.java:analyzeStorage(246)) - The storage directory /workdir/hadoop-ozone/integration-test/target/test-dir/MiniOzoneClusterImpl-3ce2fde9-0a18-41d4-8c47-cb897b02b2eb/datanode-2/data/ratis/da8f213e-5514-4627-84c8-9c58ff948d2e does not exist. Creating ...
2019-08-28 19:12:18,307 [pool-433-thread-1] INFO  storage.RaftStorageDirectory (RaftStorageDirectory.java:tryLock(328)) - Lock on /workdir/hadoop-ozone/integration-test/target/test-dir/MiniOzoneClusterImpl-3ce2fde9-0a18-41d4-8c47-cb897b02b2eb/datanode-2/data/ratis/da8f213e-5514-4627-84c8-9c58ff948d2e/in_use.lock acquired by nodename 31818@pr-hdds-1783-trunk-gtrxg-786569963
2019-08-28 19:12:18,341 [pool-433-thread-1] INFO  storage.RaftStorage (RaftStorage.java:format(72)) - Storage directory /workdir/hadoop-ozone/integration-test/target/test-dir/MiniOzoneClusterImpl-3ce2fde9-0a18-41d4-8c47-cb897b02b2eb/datanode-2/data/ratis/da8f213e-5514-4627-84c8-9c58ff948d2e has been successfully formatted.
2019-08-28 19:12:18,341 [pool-433-thread-1] INFO  ratis.ContainerStateMachine (ContainerStateMachine.java:loadSnapshot(226)) - group-9C58FF948D2E: The snapshot info is null. Setting the last applied indexto:(t:0, i:~)
2019-08-28 19:12:18,341 [pool-433-thread-1] INFO  server.RaftServerConfigKeys (ConfUtils.java:logGet(43)) - raft.server.leader.election.timeout = 120s (custom)
2019-08-28 19:12:18,342 [pool-433-thread-1] INFO  server.RaftServerConfigKeys (ConfUtils.java:logGet(43)) - raft.server.log.use.memory = false (default)
2019-08-28 19:12:18,342 [pool-433-thread-1] INFO  server.RaftServerConfigKeys (ConfUtils.java:logGet(43)) - raft.server.log.purge.gap = 1000000 (custom)
2019-08-28 19:12:18,342 [pool-433-thread-1] INFO  server.RaftServerConfigKeys (ConfUtils.java:logGet(43)) - raft.server.log.appender.buffer.byte-limit = 33554432 (custom)
2019-08-28 19:12:18,342 [pool-433-thread-1] INFO  server.RaftServerConfigKeys (ConfUtils.java:logGet(43)) - raft.server.log.segment.size.max = 1048576 (custom)
2019-08-28 19:12:18,342 [pool-433-thread-1] INFO  server.RaftServerConfigKeys (ConfUtils.java:logGet(43)) - raft.server.log.segment.cache.num.max = 2 (custom)
2019-08-28 19:12:18,342 [pool-433-thread-1] INFO  segmented.SegmentedRaftLogWorker (SegmentedRaftLogWorker.java:<init>(172)) - new b8d2982f-8acd-46a4-922f-bcc5c81c0c27-SegmentedRaftLogWorker:Storage Directory /workdir/hadoop-ozone/integration-test/target/test-dir/MiniOzoneClusterImpl-3ce2fde9-0a18-41d4-8c47-cb897b02b2eb/datanode-2/data/ratis/da8f213e-5514-4627-84c8-9c58ff948d2e for RaftStorage:Storage Directory /workdir/hadoop-ozone/integration-test/target/test-dir/MiniOzoneClusterImpl-3ce2fde9-0a18-41d4-8c47-cb897b02b2eb/datanode-2/data/ratis/da8f213e-5514-4627-84c8-9c58ff948d2e
2019-08-28 19:12:18,342 [pool-433-thread-1] INFO  server.RaftServerConfigKeys (ConfUtils.java:logGet(43)) - raft.server.log.queue.byte-limit = 2147483647 (custom)
2019-08-28 19:12:18,343 [pool-433-thread-1] INFO  server.RaftServerConfigKeys (ConfUtils.java:logGet(43)) - raft.server.log.queue.element-limit = 1024 (custom)
2019-08-28 19:12:18,343 [pool-433-thread-1] INFO  server.RaftServerConfigKeys (ConfUtils.java:logGet(43)) - raft.server.log.segment.size.max = 1048576 (custom)
2019-08-28 19:12:18,343 [pool-433-thread-1] INFO  server.RaftServerConfigKeys (ConfUtils.java:logGet(43)) - raft.server.log.preallocated.size = 16384 (custom)
2019-08-28 19:12:18,343 [pool-433-thread-1] INFO  server.RaftServerConfigKeys (ConfUtils.java:logGet(43)) - raft.server.log.write.buffer.size = 33554432 (custom)
2019-08-28 19:12:18,343 [pool-433-thread-1] INFO  server.RaftServerConfigKeys (ConfUtils.java:logGet(43)) - raft.server.log.force.sync.num = 128 (default)
2019-08-28 19:12:18,343 [pool-433-thread-1] INFO  server.RaftServerConfigKeys (ConfUtils.java:logGet(43)) - raft.server.log.statemachine.data.sync = true (default)
2019-08-28 19:12:18,344 [pool-433-thread-1] INFO  server.RaftServerConfigKeys (ConfUtils.java:logGet(43)) - raft.server.log.statemachine.data.sync.timeout = 10s (default)
2019-08-28 19:12:18,344 [pool-433-thread-1] INFO  server.RaftServerConfigKeys (ConfUtils.java:logGet(43)) - raft.server.log.statemachine.data.sync.timeout.retry = -1 (default)
2019-08-28 19:12:18,344 [pool-433-thread-1] INFO  server.RaftServerConfigKeys (ConfUtils.java:logGet(43)) - raft.server.log.statemachine.data.caching.enabled = true (custom)
2019-08-28 19:12:18,344 [pool-433-thread-1] INFO  segmented.SegmentedRaftLogWorker (SegmentedRaftLogWorker.java:lambda$new$0(132)) - b8d2982f-8acd-46a4-922f-bcc5c81c0c27-SegmentedRaftLogWorker:Storage Directory /workdir/hadoop-ozone/integration-test/target/test-dir/MiniOzoneClusterImpl-3ce2fde9-0a18-41d4-8c47-cb897b02b2eb/datanode-2/data/ratis/da8f213e-5514-4627-84c8-9c58ff948d2e: flushIndex: setUnconditionally 0 -> -1
2019-08-28 19:12:18,345 [pool-433-thread-1] INFO  server.RaftServerConfigKeys (ConfUtils.java:logGet(43)) - raft.server.snapshot.auto.trigger.enabled = true (custom)
2019-08-28 19:12:18,345 [pool-433-thread-1] INFO  server.RaftServerConfigKeys (ConfUtils.java:logGet(43)) - raft.server.snapshot.auto.trigger.threshold = 10000 (custom)
2019-08-28 19:12:18,345 [pool-433-thread-1] INFO  server.RaftServerConfigKeys (ConfUtils.java:logGet(43)) - raft.server.retrycache.expirytime = 600000ms (custom)
2019-08-28 19:12:18,345 [pool-433-thread-1] INFO  impl.RaftServerImpl (RaftServerImpl.java:start(180)) - b8d2982f-8acd-46a4-922f-bcc5c81c0c27: start group-9C58FF948D2E
2019-08-28 19:12:18,345 [pool-433-thread-1] INFO  impl.RaftServerImpl (RaftServerImpl.java:setRole(171)) - b8d2982f-8acd-46a4-922f-bcc5c81c0c27:group-9C58FF948D2E changes role from null to FOLLOWER at term 0 for startAsFollower
2019-08-28 19:12:18,346 [pool-433-thread-1] INFO  impl.RoleInfo (RoleInfo.java:updateAndGet(143)) - b8d2982f-8acd-46a4-922f-bcc5c81c0c27: start FollowerState
2019-08-28 19:12:18,346 [pool-433-thread-1] INFO  util.JmxRegister (JmxRegister.java:tryRegister(44)) - Successfully registered JMX Bean with object name Ratis:service=RaftServer,group=group-9C58FF948D2E,id=b8d2982f-8acd-46a4-922f-bcc5c81c0c27
2019-08-28 19:12:18,349 [RatisPipelineUtilsThread] INFO  pipeline.PipelineStateManager (PipelineStateManager.java:addPipeline(56)) - Created pipeline Pipeline[ Id: da8f213e-5514-4627-84c8-9c58ff948d2e, Nodes: b8d2982f-8acd-46a4-922f-bcc5c81c0c27{ip: 192.168.69.102, host: pr-hdds-1783-trunk-gtrxg-786569963, networkLocation: /default-rack, certSerialId: null}, Type:RATIS, Factor:ONE, State:OPEN]
2019-08-28 19:12:18,368 [grpc-default-executor-6] INFO  impl.RaftServerProxy (RaftServerProxy.java:addNew(89)) - 5f468c14-038a-4f85-b2bd-10bf135ba5a5: addNew group-FD8920EECC50:[b8d2982f-8acd-46a4-922f-bcc5c81c0c27:192.168.69.102:37226, 5f468c14-038a-4f85-b2bd-10bf135ba5a5:192.168.69.102:35422, 4a18b6df-35de-47cd-9e69-0c99ba3bc4ca:192.168.69.102:37154] returns group-FD8920EECC50:java.util.concurrent.CompletableFuture@21f1b037[Not completed]
2019-08-28 19:12:18,368 [grpc-default-executor-4] INFO  impl.RaftServerProxy (RaftServerProxy.java:addNew(89)) - b8d2982f-8acd-46a4-922f-bcc5c81c0c27: addNew group-FD8920EECC50:[b8d2982f-8acd-46a4-922f-bcc5c81c0c27:192.168.69.102:37226, 5f468c14-038a-4f85-b2bd-10bf135ba5a5:192.168.69.102:35422, 4a18b6df-35de-47cd-9e69-0c99ba3bc4ca:192.168.69.102:37154] returns group-FD8920EECC50:java.util.concurrent.CompletableFuture@2c4f3d76[Not completed]
2019-08-28 19:12:18,368 [grpc-default-executor-3] INFO  impl.RaftServerProxy (RaftServerProxy.java:addNew(89)) - 4a18b6df-35de-47cd-9e69-0c99ba3bc4ca: addNew group-FD8920EECC50:[b8d2982f-8acd-46a4-922f-bcc5c81c0c27:192.168.69.102:37226, 5f468c14-038a-4f85-b2bd-10bf135ba5a5:192.168.69.102:35422, 4a18b6df-35de-47cd-9e69-0c99ba3bc4ca:192.168.69.102:37154] returns group-FD8920EECC50:java.util.concurrent.CompletableFuture@66bd40c5[Not completed]
2019-08-28 19:12:18,369 [pool-422-thread-1] INFO  impl.RaftServerImpl (RaftServerImpl.java:<init>(93)) - 5f468c14-038a-4f85-b2bd-10bf135ba5a5: new RaftServerImpl for group-FD8920EECC50:[b8d2982f-8acd-46a4-922f-bcc5c81c0c27:192.168.69.102:37226, 5f468c14-038a-4f85-b2bd-10bf135ba5a5:192.168.69.102:35422, 4a18b6df-35de-47cd-9e69-0c99ba3bc4ca:192.168.69.102:37154] with ContainerStateMachine:uninitialized
2019-08-28 19:12:18,370 [pool-422-thread-1] INFO  server.RaftServerConfigKeys (ConfUtils.java:logGet(43)) - raft.server.rpc.timeout.min = 5s (custom)
2019-08-28 19:12:18,370 [pool-422-thread-1] INFO  server.RaftServerConfigKeys (ConfUtils.java:logGet(43)) - raft.server.rpc.timeout.max = 5200ms (custom)
2019-08-28 19:12:18,370 [pool-422-thread-1] INFO  server.RaftServerConfigKeys (ConfUtils.java:logGet(43)) - raft.server.rpcslowness.timeout = 120s (custom)
2019-08-28 19:12:18,370 [pool-422-thread-1] INFO  server.RaftServerConfigKeys (ConfUtils.java:logGet(43)) - raft.server.sleep.deviation.threshold = 300 (default)
2019-08-28 19:12:18,370 [pool-433-thread-1] INFO  impl.RaftServerImpl (RaftServerImpl.java:<init>(93)) - b8d2982f-8acd-46a4-922f-bcc5c81c0c27: new RaftServerImpl for group-FD8920EECC50:[b8d2982f-8acd-46a4-922f-bcc5c81c0c27:192.168.69.102:37226, 5f468c14-038a-4f85-b2bd-10bf135ba5a5:192.168.69.102:35422, 4a18b6df-35de-47cd-9e69-0c99ba3bc4ca:192.168.69.102:37154] with ContainerStateMachine:uninitialized
2019-08-28 19:12:18,370 [pool-422-thread-1] INFO  server.RaftServerConfigKeys (ConfUtils.java:logGet(43)) - raft.server.log.appender.install.snapshot.enabled = false (custom)
2019-08-28 19:12:18,370 [pool-433-thread-1] INFO  server.RaftServerConfigKeys (ConfUtils.java:logGet(43)) - raft.server.rpc.timeout.min = 5s (custom)
2019-08-28 19:12:18,370 [pool-422-thread-1] INFO  impl.RaftServerImpl (ServerState.java:<init>(105)) - 5f468c14-038a-4f85-b2bd-10bf135ba5a5:group-FD8920EECC50 ConfigurationManager, init=-1: [b8d2982f-8acd-46a4-922f-bcc5c81c0c27:192.168.69.102:37226, 5f468c14-038a-4f85-b2bd-10bf135ba5a5:192.168.69.102:35422, 4a18b6df-35de-47cd-9e69-0c99ba3bc4ca:192.168.69.102:37154], old=null, confs=<EMPTY_MAP>
2019-08-28 19:12:18,370 [pool-411-thread-1] INFO  impl.RaftServerImpl (RaftServerImpl.java:<init>(93)) - 4a18b6df-35de-47cd-9e69-0c99ba3bc4ca: new RaftServerImpl for group-FD8920EECC50:[b8d2982f-8acd-46a4-922f-bcc5c81c0c27:192.168.69.102:37226, 5f468c14-038a-4f85-b2bd-10bf135ba5a5:192.168.69.102:35422, 4a18b6df-35de-47cd-9e69-0c99ba3bc4ca:192.168.69.102:37154] with ContainerStateMachine:uninitialized
2019-08-28 19:12:18,370 [pool-433-thread-1] INFO  server.RaftServerConfigKeys (ConfUtils.java:logGet(43)) - raft.server.rpc.timeout.max = 5200ms (custom)
2019-08-28 19:12:18,371 [pool-411-thread-1] INFO  server.RaftServerConfigKeys (ConfUtils.java:logGet(43)) - raft.server.rpc.timeout.min = 5s (custom)
2019-08-28 19:12:18,370 [pool-422-thread-1] INFO  server.RaftServerConfigKeys (ConfUtils.java:logGet(43)) - raft.server.storage.dir = [/workdir/hadoop-ozone/integration-test/target/test-dir/MiniOzoneClusterImpl-3ce2fde9-0a18-41d4-8c47-cb897b02b2eb/datanode-1/data/ratis] (custom)
2019-08-28 19:12:18,371 [pool-411-thread-1] INFO  server.RaftServerConfigKeys (ConfUtils.java:logGet(43)) - raft.server.rpc.timeout.max = 5200ms (custom)
2019-08-28 19:12:18,371 [pool-433-thread-1] INFO  server.RaftServerConfigKeys (ConfUtils.java:logGet(43)) - raft.server.rpcslowness.timeout = 120s (custom)
2019-08-28 19:12:18,371 [pool-422-thread-1] INFO  storage.RaftStorageDirectory (RaftStorageDirectory.java:analyzeStorage(246)) - The storage directory /workdir/hadoop-ozone/integration-test/target/test-dir/MiniOzoneClusterImpl-3ce2fde9-0a18-41d4-8c47-cb897b02b2eb/datanode-1/data/ratis/0743395c-c901-4d64-bea8-fd8920eecc50 does not exist. Creating ...
2019-08-28 19:12:18,371 [pool-411-thread-1] INFO  server.RaftServerConfigKeys (ConfUtils.java:logGet(43)) - raft.server.rpcslowness.timeout = 120s (custom)
2019-08-28 19:12:18,371 [pool-433-thread-1] INFO  server.RaftServerConfigKeys (ConfUtils.java:logGet(43)) - raft.server.sleep.deviation.threshold = 300 (default)
2019-08-28 19:12:18,371 [pool-411-thread-1] INFO  server.RaftServerConfigKeys (ConfUtils.java:logGet(43)) - raft.server.sleep.deviation.threshold = 300 (default)
2019-08-28 19:12:18,372 [pool-433-thread-1] INFO  server.RaftServerConfigKeys (ConfUtils.java:logGet(43)) - raft.server.log.appender.install.snapshot.enabled = false (custom)
2019-08-28 19:12:18,372 [pool-411-thread-1] INFO  server.RaftServerConfigKeys (ConfUtils.java:logGet(43)) - raft.server.log.appender.install.snapshot.enabled = false (custom)
2019-08-28 19:12:18,372 [pool-433-thread-1] INFO  impl.RaftServerImpl (ServerState.java:<init>(105)) - b8d2982f-8acd-46a4-922f-bcc5c81c0c27:group-FD8920EECC50 ConfigurationManager, init=-1: [b8d2982f-8acd-46a4-922f-bcc5c81c0c27:192.168.69.102:37226, 5f468c14-038a-4f85-b2bd-10bf135ba5a5:192.168.69.102:35422, 4a18b6df-35de-47cd-9e69-0c99ba3bc4ca:192.168.69.102:37154], old=null, confs=<EMPTY_MAP>
2019-08-28 19:12:18,372 [pool-411-thread-1] INFO  impl.RaftServerImpl (ServerState.java:<init>(105)) - 4a18b6df-35de-47cd-9e69-0c99ba3bc4ca:group-FD8920EECC50 ConfigurationManager, init=-1: [b8d2982f-8acd-46a4-922f-bcc5c81c0c27:192.168.69.102:37226, 5f468c14-038a-4f85-b2bd-10bf135ba5a5:192.168.69.102:35422, 4a18b6df-35de-47cd-9e69-0c99ba3bc4ca:192.168.69.102:37154], old=null, confs=<EMPTY_MAP>
2019-08-28 19:12:18,372 [pool-433-thread-1] INFO  server.RaftServerConfigKeys (ConfUtils.java:logGet(43)) - raft.server.storage.dir = [/workdir/hadoop-ozone/integration-test/target/test-dir/MiniOzoneClusterImpl-3ce2fde9-0a18-41d4-8c47-cb897b02b2eb/datanode-2/data/ratis] (custom)
2019-08-28 19:12:18,372 [pool-411-thread-1] INFO  server.RaftServerConfigKeys (ConfUtils.java:logGet(43)) - raft.server.storage.dir = [/workdir/hadoop-ozone/integration-test/target/test-dir/MiniOzoneClusterImpl-3ce2fde9-0a18-41d4-8c47-cb897b02b2eb/datanode-0/data/ratis] (custom)
2019-08-28 19:12:18,373 [pool-433-thread-1] INFO  storage.RaftStorageDirectory (RaftStorageDirectory.java:analyzeStorage(246)) - The storage directory /workdir/hadoop-ozone/integration-test/target/test-dir/MiniOzoneClusterImpl-3ce2fde9-0a18-41d4-8c47-cb897b02b2eb/datanode-2/data/ratis/0743395c-c901-4d64-bea8-fd8920eecc50 does not exist. Creating ...
2019-08-28 19:12:18,373 [pool-411-thread-1] INFO  storage.RaftStorageDirectory (RaftStorageDirectory.java:analyzeStorage(246)) - The storage directory /workdir/hadoop-ozone/integration-test/target/test-dir/MiniOzoneClusterImpl-3ce2fde9-0a18-41d4-8c47-cb897b02b2eb/datanode-0/data/ratis/0743395c-c901-4d64-bea8-fd8920eecc50 does not exist. Creating ...
2019-08-28 19:12:18,385 [pool-422-thread-1] INFO  storage.RaftStorageDirectory (RaftStorageDirectory.java:tryLock(328)) - Lock on /workdir/hadoop-ozone/integration-test/target/test-dir/MiniOzoneClusterImpl-3ce2fde9-0a18-41d4-8c47-cb897b02b2eb/datanode-1/data/ratis/0743395c-c901-4d64-bea8-fd8920eecc50/in_use.lock acquired by nodename 31818@pr-hdds-1783-trunk-gtrxg-786569963
2019-08-28 19:12:18,385 [pool-433-thread-1] INFO  storage.RaftStorageDirectory (RaftStorageDirectory.java:tryLock(328)) - Lock on /workdir/hadoop-ozone/integration-test/target/test-dir/MiniOzoneClusterImpl-3ce2fde9-0a18-41d4-8c47-cb897b02b2eb/datanode-2/data/ratis/0743395c-c901-4d64-bea8-fd8920eecc50/in_use.lock acquired by nodename 31818@pr-hdds-1783-trunk-gtrxg-786569963
2019-08-28 19:12:18,385 [pool-411-thread-1] INFO  storage.RaftStorageDirectory (RaftStorageDirectory.java:tryLock(328)) - Lock on /workdir/hadoop-ozone/integration-test/target/test-dir/MiniOzoneClusterImpl-3ce2fde9-0a18-41d4-8c47-cb897b02b2eb/datanode-0/data/ratis/0743395c-c901-4d64-bea8-fd8920eecc50/in_use.lock acquired by nodename 31818@pr-hdds-1783-trunk-gtrxg-786569963
2019-08-28 19:12:18,398 [pool-433-thread-1] INFO  storage.RaftStorage (RaftStorage.java:format(72)) - Storage directory /workdir/hadoop-ozone/integration-test/target/test-dir/MiniOzoneClusterImpl-3ce2fde9-0a18-41d4-8c47-cb897b02b2eb/datanode-2/data/ratis/0743395c-c901-4d64-bea8-fd8920eecc50 has been successfully formatted.
2019-08-28 19:12:18,398 [pool-411-thread-1] INFO  storage.RaftStorage (RaftStorage.java:format(72)) - Storage directory /workdir/hadoop-ozone/integration-test/target/test-dir/MiniOzoneClusterImpl-3ce2fde9-0a18-41d4-8c47-cb897b02b2eb/datanode-0/data/ratis/0743395c-c901-4d64-bea8-fd8920eecc50 has been successfully formatted.
2019-08-28 19:12:18,398 [pool-422-thread-1] INFO  storage.RaftStorage (RaftStorage.java:format(72)) - Storage directory /workdir/hadoop-ozone/integration-test/target/test-dir/MiniOzoneClusterImpl-3ce2fde9-0a18-41d4-8c47-cb897b02b2eb/datanode-1/data/ratis/0743395c-c901-4d64-bea8-fd8920eecc50 has been successfully formatted.
2019-08-28 19:12:18,399 [pool-433-thread-1] INFO  ratis.ContainerStateMachine (ContainerStateMachine.java:loadSnapshot(226)) - group-FD8920EECC50: The snapshot info is null. Setting the last applied indexto:(t:0, i:~)
2019-08-28 19:12:18,399 [pool-422-thread-1] INFO  ratis.ContainerStateMachine (ContainerStateMachine.java:loadSnapshot(226)) - group-FD8920EECC50: The snapshot info is null. Setting the last applied indexto:(t:0, i:~)
2019-08-28 19:12:18,399 [pool-411-thread-1] INFO  ratis.ContainerStateMachine (ContainerStateMachine.java:loadSnapshot(226)) - group-FD8920EECC50: The snapshot info is null. Setting the last applied indexto:(t:0, i:~)
2019-08-28 19:12:18,399 [pool-422-thread-1] INFO  server.RaftServerConfigKeys (ConfUtils.java:logGet(43)) - raft.server.leader.election.timeout = 120s (custom)
2019-08-28 19:12:18,399 [pool-433-thread-1] INFO  server.RaftServerConfigKeys (ConfUtils.java:logGet(43)) - raft.server.leader.election.timeout = 120s (custom)
2019-08-28 19:12:18,399 [pool-422-thread-1] INFO  server.RaftServerConfigKeys (ConfUtils.java:logGet(43)) - raft.server.log.use.memory = false (default)
2019-08-28 19:12:18,399 [pool-411-thread-1] INFO  server.RaftServerConfigKeys (ConfUtils.java:logGet(43)) - raft.server.leader.election.timeout = 120s (custom)
2019-08-28 19:12:18,400 [pool-422-thread-1] INFO  server.RaftServerConfigKeys (ConfUtils.java:logGet(43)) - raft.server.log.purge.gap = 1000000 (custom)
2019-08-28 19:12:18,400 [pool-433-thread-1] INFO  server.RaftServerConfigKeys (ConfUtils.java:logGet(43)) - raft.server.log.use.memory = false (default)
2019-08-28 19:12:18,400 [pool-422-thread-1] INFO  server.RaftServerConfigKeys (ConfUtils.java:logGet(43)) - raft.server.log.appender.buffer.byte-limit = 33554432 (custom)
2019-08-28 19:12:18,400 [pool-411-thread-1] INFO  server.RaftServerConfigKeys (ConfUtils.java:logGet(43)) - raft.server.log.use.memory = false (default)
2019-08-28 19:12:18,400 [pool-422-thread-1] INFO  server.RaftServerConfigKeys (ConfUtils.java:logGet(43)) - raft.server.log.segment.size.max = 1048576 (custom)
2019-08-28 19:12:18,400 [pool-433-thread-1] INFO  server.RaftServerConfigKeys (ConfUtils.java:logGet(43)) - raft.server.log.purge.gap = 1000000 (custom)
2019-08-28 19:12:18,401 [pool-422-thread-1] INFO  server.RaftServerConfigKeys (ConfUtils.java:logGet(43)) - raft.server.log.segment.cache.num.max = 2 (custom)
2019-08-28 19:12:18,400 [pool-411-thread-1] INFO  server.RaftServerConfigKeys (ConfUtils.java:logGet(43)) - raft.server.log.purge.gap = 1000000 (custom)
2019-08-28 19:12:18,401 [pool-422-thread-1] INFO  segmented.SegmentedRaftLogWorker (SegmentedRaftLogWorker.java:<init>(172)) - new 5f468c14-038a-4f85-b2bd-10bf135ba5a5-SegmentedRaftLogWorker:Storage Directory /workdir/hadoop-ozone/integration-test/target/test-dir/MiniOzoneClusterImpl-3ce2fde9-0a18-41d4-8c47-cb897b02b2eb/datanode-1/data/ratis/0743395c-c901-4d64-bea8-fd8920eecc50 for RaftStorage:Storage Directory /workdir/hadoop-ozone/integration-test/target/test-dir/MiniOzoneClusterImpl-3ce2fde9-0a18-41d4-8c47-cb897b02b2eb/datanode-1/data/ratis/0743395c-c901-4d64-bea8-fd8920eecc50
2019-08-28 19:12:18,401 [pool-433-thread-1] INFO  server.RaftServerConfigKeys (ConfUtils.java:logGet(43)) - raft.server.log.appender.buffer.byte-limit = 33554432 (custom)
2019-08-28 19:12:18,401 [pool-422-thread-1] INFO  server.RaftServerConfigKeys (ConfUtils.java:logGet(43)) - raft.server.log.queue.byte-limit = 2147483647 (custom)
2019-08-28 19:12:18,401 [pool-411-thread-1] INFO  server.RaftServerConfigKeys (ConfUtils.java:logGet(43)) - raft.server.log.appender.buffer.byte-limit = 33554432 (custom)
2019-08-28 19:12:18,401 [pool-422-thread-1] INFO  server.RaftServerConfigKeys (ConfUtils.java:logGet(43)) - raft.server.log.queue.element-limit = 1024 (custom)
2019-08-28 19:12:18,401 [pool-433-thread-1] INFO  server.RaftServerConfigKeys (ConfUtils.java:logGet(43)) - raft.server.log.segment.size.max = 1048576 (custom)
2019-08-28 19:12:18,402 [pool-422-thread-1] INFO  server.RaftServerConfigKeys (ConfUtils.java:logGet(43)) - raft.server.log.segment.size.max = 1048576 (custom)
2019-08-28 19:12:18,402 [pool-411-thread-1] INFO  server.RaftServerConfigKeys (ConfUtils.java:logGet(43)) - raft.server.log.segment.size.max = 1048576 (custom)
2019-08-28 19:12:18,402 [pool-422-thread-1] INFO  server.RaftServerConfigKeys (ConfUtils.java:logGet(43)) - raft.server.log.preallocated.size = 16384 (custom)
2019-08-28 19:12:18,402 [pool-433-thread-1] INFO  server.RaftServerConfigKeys (ConfUtils.java:logGet(43)) - raft.server.log.segment.cache.num.max = 2 (custom)
2019-08-28 19:12:18,402 [pool-422-thread-1] INFO  server.RaftServerConfigKeys (ConfUtils.java:logGet(43)) - raft.server.log.write.buffer.size = 33554432 (custom)
2019-08-28 19:12:18,402 [pool-422-thread-1] INFO  server.RaftServerConfigKeys (ConfUtils.java:logGet(43)) - raft.server.log.force.sync.num = 128 (default)
2019-08-28 19:12:18,402 [pool-411-thread-1] INFO  server.RaftServerConfigKeys (ConfUtils.java:logGet(43)) - raft.server.log.segment.cache.num.max = 2 (custom)
2019-08-28 19:12:18,403 [pool-422-thread-1] INFO  server.RaftServerConfigKeys (ConfUtils.java:logGet(43)) - raft.server.log.statemachine.data.sync = true (default)
2019-08-28 19:12:18,402 [pool-433-thread-1] INFO  segmented.SegmentedRaftLogWorker (SegmentedRaftLogWorker.java:<init>(172)) - new b8d2982f-8acd-46a4-922f-bcc5c81c0c27-SegmentedRaftLogWorker:Storage Directory /workdir/hadoop-ozone/integration-test/target/test-dir/MiniOzoneClusterImpl-3ce2fde9-0a18-41d4-8c47-cb897b02b2eb/datanode-2/data/ratis/0743395c-c901-4d64-bea8-fd8920eecc50 for RaftStorage:Storage Directory /workdir/hadoop-ozone/integration-test/target/test-dir/MiniOzoneClusterImpl-3ce2fde9-0a18-41d4-8c47-cb897b02b2eb/datanode-2/data/ratis/0743395c-c901-4d64-bea8-fd8920eecc50
2019-08-28 19:12:18,403 [pool-422-thread-1] INFO  server.RaftServerConfigKeys (ConfUtils.java:logGet(43)) - raft.server.log.statemachine.data.sync.timeout = 10s (default)
2019-08-28 19:12:18,403 [pool-411-thread-1] INFO  segmented.SegmentedRaftLogWorker (SegmentedRaftLogWorker.java:<init>(172)) - new 4a18b6df-35de-47cd-9e69-0c99ba3bc4ca-SegmentedRaftLogWorker:Storage Directory /workdir/hadoop-ozone/integration-test/target/test-dir/MiniOzoneClusterImpl-3ce2fde9-0a18-41d4-8c47-cb897b02b2eb/datanode-0/data/ratis/0743395c-c901-4d64-bea8-fd8920eecc50 for RaftStorage:Storage Directory /workdir/hadoop-ozone/integration-test/target/test-dir/MiniOzoneClusterImpl-3ce2fde9-0a18-41d4-8c47-cb897b02b2eb/datanode-0/data/ratis/0743395c-c901-4d64-bea8-fd8920eecc50
2019-08-28 19:12:18,403 [pool-422-thread-1] INFO  server.RaftServerConfigKeys (ConfUtils.java:logGet(43)) - raft.server.log.statemachine.data.sync.timeout.retry = -1 (default)
2019-08-28 19:12:18,403 [pool-433-thread-1] INFO  server.RaftServerConfigKeys (ConfUtils.java:logGet(43)) - raft.server.log.queue.byte-limit = 2147483647 (custom)
2019-08-28 19:12:18,403 [pool-422-thread-1] INFO  server.RaftServerConfigKeys (ConfUtils.java:logGet(43)) - raft.server.log.statemachine.data.caching.enabled = true (custom)
2019-08-28 19:12:18,403 [pool-411-thread-1] INFO  server.RaftServerConfigKeys (ConfUtils.java:logGet(43)) - raft.server.log.queue.byte-limit = 2147483647 (custom)
2019-08-28 19:12:18,404 [pool-433-thread-1] INFO  server.RaftServerConfigKeys (ConfUtils.java:logGet(43)) - raft.server.log.queue.element-limit = 1024 (custom)
2019-08-28 19:12:18,404 [pool-411-thread-1] INFO  server.RaftServerConfigKeys (ConfUtils.java:logGet(43)) - raft.server.log.queue.element-limit = 1024 (custom)
2019-08-28 19:12:18,404 [pool-422-thread-1] INFO  segmented.SegmentedRaftLogWorker (SegmentedRaftLogWorker.java:lambda$new$0(132)) - 5f468c14-038a-4f85-b2bd-10bf135ba5a5-SegmentedRaftLogWorker:Storage Directory /workdir/hadoop-ozone/integration-test/target/test-dir/MiniOzoneClusterImpl-3ce2fde9-0a18-41d4-8c47-cb897b02b2eb/datanode-1/data/ratis/0743395c-c901-4d64-bea8-fd8920eecc50: flushIndex: setUnconditionally 0 -> -1
2019-08-28 19:12:18,404 [pool-411-thread-1] INFO  server.RaftServerConfigKeys (ConfUtils.java:logGet(43)) - raft.server.log.segment.size.max = 1048576 (custom)
2019-08-28 19:12:18,404 [pool-433-thread-1] INFO  server.RaftServerConfigKeys (ConfUtils.java:logGet(43)) - raft.server.log.segment.size.max = 1048576 (custom)
2019-08-28 19:12:18,404 [pool-422-thread-1] INFO  server.RaftServerConfigKeys (ConfUtils.java:logGet(43)) - raft.server.snapshot.auto.trigger.enabled = true (custom)
2019-08-28 19:12:18,404 [pool-411-thread-1] INFO  server.RaftServerConfigKeys (ConfUtils.java:logGet(43)) - raft.server.log.preallocated.size = 16384 (custom)
2019-08-28 19:12:18,405 [pool-422-thread-1] INFO  server.RaftServerConfigKeys (ConfUtils.java:logGet(43)) - raft.server.snapshot.auto.trigger.threshold = 10000 (custom)
2019-08-28 19:12:18,405 [pool-433-thread-1] INFO  server.RaftServerConfigKeys (ConfUtils.java:logGet(43)) - raft.server.log.preallocated.size = 16384 (custom)
2019-08-28 19:12:18,405 [pool-422-thread-1] INFO  server.RaftServerConfigKeys (ConfUtils.java:logGet(43)) - raft.server.retrycache.expirytime = 600000ms (custom)
2019-08-28 19:12:18,405 [pool-411-thread-1] INFO  server.RaftServerConfigKeys (ConfUtils.java:logGet(43)) - raft.server.log.write.buffer.size = 33554432 (custom)
2019-08-28 19:12:18,405 [pool-422-thread-1] INFO  impl.RaftServerImpl (RaftServerImpl.java:start(180)) - 5f468c14-038a-4f85-b2bd-10bf135ba5a5: start group-FD8920EECC50
2019-08-28 19:12:18,405 [pool-433-thread-1] INFO  server.RaftServerConfigKeys (ConfUtils.java:logGet(43)) - raft.server.log.write.buffer.size = 33554432 (custom)
2019-08-28 19:12:18,405 [pool-422-thread-1] INFO  impl.RaftServerImpl (RaftServerImpl.java:setRole(171)) - 5f468c14-038a-4f85-b2bd-10bf135ba5a5:group-FD8920EECC50 changes role from null to FOLLOWER at term 0 for startAsFollower
2019-08-28 19:12:18,405 [pool-411-thread-1] INFO  server.RaftServerConfigKeys (ConfUtils.java:logGet(43)) - raft.server.log.force.sync.num = 128 (default)
2019-08-28 19:12:18,406 [pool-422-thread-1] INFO  impl.RoleInfo (RoleInfo.java:updateAndGet(143)) - 5f468c14-038a-4f85-b2bd-10bf135ba5a5: start FollowerState
2019-08-28 19:12:18,406 [pool-433-thread-1] INFO  server.RaftServerConfigKeys (ConfUtils.java:logGet(43)) - raft.server.log.force.sync.num = 128 (default)
2019-08-28 19:12:18,406 [pool-411-thread-1] INFO  server.RaftServerConfigKeys (ConfUtils.java:logGet(43)) - raft.server.log.statemachine.data.sync = true (default)
2019-08-28 19:12:18,406 [pool-433-thread-1] INFO  server.RaftServerConfigKeys (ConfUtils.java:logGet(43)) - raft.server.log.statemachine.data.sync = true (default)
2019-08-28 19:12:18,406 [pool-422-thread-1] INFO  util.JmxRegister (JmxRegister.java:tryRegister(44)) - Successfully registered JMX Bean with object name Ratis:service=RaftServer,group=group-FD8920EECC50,id=5f468c14-038a-4f85-b2bd-10bf135ba5a5
2019-08-28 19:12:18,406 [pool-411-thread-1] INFO  server.RaftServerConfigKeys (ConfUtils.java:logGet(43)) - raft.server.log.statemachine.data.sync.timeout = 10s (default)
2019-08-28 19:12:18,406 [pool-433-thread-1] INFO  server.RaftServerConfigKeys (ConfUtils.java:logGet(43)) - raft.server.log.statemachine.data.sync.timeout = 10s (default)
2019-08-28 19:12:18,407 [pool-411-thread-1] INFO  server.RaftServerConfigKeys (ConfUtils.java:logGet(43)) - raft.server.log.statemachine.data.sync.timeout.retry = -1 (default)
2019-08-28 19:12:18,407 [pool-433-thread-1] INFO  server.RaftServerConfigKeys (ConfUtils.java:logGet(43)) - raft.server.log.statemachine.data.sync.timeout.retry = -1 (default)
2019-08-28 19:12:18,407 [pool-411-thread-1] INFO  server.RaftServerConfigKeys (ConfUtils.java:logGet(43)) - raft.server.log.statemachine.data.caching.enabled = true (custom)
2019-08-28 19:12:18,407 [pool-433-thread-1] INFO  server.RaftServerConfigKeys (ConfUtils.java:logGet(43)) - raft.server.log.statemachine.data.caching.enabled = true (custom)
2019-08-28 19:12:18,408 [pool-411-thread-1] INFO  segmented.SegmentedRaftLogWorker (SegmentedRaftLogWorker.java:lambda$new$0(132)) - 4a18b6df-35de-47cd-9e69-0c99ba3bc4ca-SegmentedRaftLogWorker:Storage Directory /workdir/hadoop-ozone/integration-test/target/test-dir/MiniOzoneClusterImpl-3ce2fde9-0a18-41d4-8c47-cb897b02b2eb/datanode-0/data/ratis/0743395c-c901-4d64-bea8-fd8920eecc50: flushIndex: setUnconditionally 0 -> -1
2019-08-28 19:12:18,408 [pool-433-thread-1] INFO  segmented.SegmentedRaftLogWorker (SegmentedRaftLogWorker.java:lambda$new$0(132)) - b8d2982f-8acd-46a4-922f-bcc5c81c0c27-SegmentedRaftLogWorker:Storage Directory /workdir/hadoop-ozone/integration-test/target/test-dir/MiniOzoneClusterImpl-3ce2fde9-0a18-41d4-8c47-cb897b02b2eb/datanode-2/data/ratis/0743395c-c901-4d64-bea8-fd8920eecc50: flushIndex: setUnconditionally 0 -> -1
2019-08-28 19:12:18,408 [pool-411-thread-1] INFO  server.RaftServerConfigKeys (ConfUtils.java:logGet(43)) - raft.server.snapshot.auto.trigger.enabled = true (custom)
2019-08-28 19:12:18,408 [pool-433-thread-1] INFO  server.RaftServerConfigKeys (ConfUtils.java:logGet(43)) - raft.server.snapshot.auto.trigger.enabled = true (custom)
2019-08-28 19:12:18,408 [pool-411-thread-1] INFO  server.RaftServerConfigKeys (ConfUtils.java:logGet(43)) - raft.server.snapshot.auto.trigger.threshold = 10000 (custom)
2019-08-28 19:12:18,408 [pool-433-thread-1] INFO  server.RaftServerConfigKeys (ConfUtils.java:logGet(43)) - raft.server.snapshot.auto.trigger.threshold = 10000 (custom)
2019-08-28 19:12:18,408 [pool-411-thread-1] INFO  server.RaftServerConfigKeys (ConfUtils.java:logGet(43)) - raft.server.retrycache.expirytime = 600000ms (custom)
2019-08-28 19:12:18,409 [pool-433-thread-1] INFO  server.RaftServerConfigKeys (ConfUtils.java:logGet(43)) - raft.server.retrycache.expirytime = 600000ms (custom)
2019-08-28 19:12:18,409 [pool-411-thread-1] INFO  impl.RaftServerImpl (RaftServerImpl.java:start(180)) - 4a18b6df-35de-47cd-9e69-0c99ba3bc4ca: start group-FD8920EECC50
2019-08-28 19:12:18,409 [pool-433-thread-1] INFO  impl.RaftServerImpl (RaftServerImpl.java:start(180)) - b8d2982f-8acd-46a4-922f-bcc5c81c0c27: start group-FD8920EECC50
2019-08-28 19:12:18,409 [pool-411-thread-1] INFO  impl.RaftServerImpl (RaftServerImpl.java:setRole(171)) - 4a18b6df-35de-47cd-9e69-0c99ba3bc4ca:group-FD8920EECC50 changes role from null to FOLLOWER at term 0 for startAsFollower
2019-08-28 19:12:18,409 [pool-433-thread-1] INFO  impl.RaftServerImpl (RaftServerImpl.java:setRole(171)) - b8d2982f-8acd-46a4-922f-bcc5c81c0c27:group-FD8920EECC50 changes role from null to FOLLOWER at term 0 for startAsFollower
2019-08-28 19:12:18,409 [pool-411-thread-1] INFO  impl.RoleInfo (RoleInfo.java:updateAndGet(143)) - 4a18b6df-35de-47cd-9e69-0c99ba3bc4ca: start FollowerState
2019-08-28 19:12:18,409 [pool-433-thread-1] INFO  impl.RoleInfo (RoleInfo.java:updateAndGet(143)) - b8d2982f-8acd-46a4-922f-bcc5c81c0c27: start FollowerState
2019-08-28 19:12:18,410 [pool-411-thread-1] INFO  util.JmxRegister (JmxRegister.java:tryRegister(44)) - Successfully registered JMX Bean with object name Ratis:service=RaftServer,group=group-FD8920EECC50,id=4a18b6df-35de-47cd-9e69-0c99ba3bc4ca
2019-08-28 19:12:18,410 [pool-433-thread-1] INFO  util.JmxRegister (JmxRegister.java:tryRegister(44)) - Successfully registered JMX Bean with object name Ratis:service=RaftServer,group=group-FD8920EECC50,id=b8d2982f-8acd-46a4-922f-bcc5c81c0c27
2019-08-28 19:12:18,412 [RatisPipelineUtilsThread] INFO  pipeline.PipelineStateManager (PipelineStateManager.java:addPipeline(56)) - Created pipeline Pipeline[ Id: 0743395c-c901-4d64-bea8-fd8920eecc50, Nodes: 5f468c14-038a-4f85-b2bd-10bf135ba5a5{ip: 192.168.69.102, host: pr-hdds-1783-trunk-gtrxg-786569963, networkLocation: /default-rack, certSerialId: null}4a18b6df-35de-47cd-9e69-0c99ba3bc4ca{ip: 192.168.69.102, host: pr-hdds-1783-trunk-gtrxg-786569963, networkLocation: /default-rack, certSerialId: null}b8d2982f-8acd-46a4-922f-bcc5c81c0c27{ip: 192.168.69.102, host: pr-hdds-1783-trunk-gtrxg-786569963, networkLocation: /default-rack, certSerialId: null}, Type:RATIS, Factor:THREE, State:OPEN]
2019-08-28 19:12:18,492 [IPC Server handler 4 on 45902] INFO  net.NetworkTopology (NetworkTopologyImpl.java:add(110)) - Added a new node: /default-rack/70d1db21-1697-4809-b58f-4bb5345b25c0
2019-08-28 19:12:18,492 [IPC Server handler 4 on 45902] INFO  node.SCMNodeManager (SCMNodeManager.java:register(273)) - Registered Data node : 70d1db21-1697-4809-b58f-4bb5345b25c0{ip: 192.168.69.102, host: pr-hdds-1783-trunk-gtrxg-786569963, networkLocation: /default-rack, certSerialId: null}
2019-08-28 19:12:18,496 | INFO  | SCMAudit | user=jenkins1000 | ip=192.168.69.102 | op=REGISTER {datanodeDetails=70d1db21-1697-4809-b58f-4bb5345b25c0{ip: 192.168.69.102, host: pr-hdds-1783-trunk-gtrxg-786569963, networkLocation: /default-rack, certSerialId: null}} | ret=SUCCESS |  
2019-08-28 19:12:18,503 [grpc-default-executor-3] INFO  impl.RaftServerProxy (RaftServerProxy.java:addNew(89)) - 70d1db21-1697-4809-b58f-4bb5345b25c0: addNew group-EFF97C3B864E:[70d1db21-1697-4809-b58f-4bb5345b25c0:192.168.69.102:38344] returns group-EFF97C3B864E:java.util.concurrent.CompletableFuture@2e4d543f[Not completed]
2019-08-28 19:12:18,505 [pool-444-thread-1] INFO  impl.RaftServerImpl (RaftServerImpl.java:<init>(93)) - 70d1db21-1697-4809-b58f-4bb5345b25c0: new RaftServerImpl for group-EFF97C3B864E:[70d1db21-1697-4809-b58f-4bb5345b25c0:192.168.69.102:38344] with ContainerStateMachine:uninitialized
2019-08-28 19:12:18,505 [pool-444-thread-1] INFO  server.RaftServerConfigKeys (ConfUtils.java:logGet(43)) - raft.server.rpc.timeout.min = 5s (custom)
2019-08-28 19:12:18,505 [pool-444-thread-1] INFO  server.RaftServerConfigKeys (ConfUtils.java:logGet(43)) - raft.server.rpc.timeout.max = 5200ms (custom)
2019-08-28 19:12:18,505 [pool-444-thread-1] INFO  server.RaftServerConfigKeys (ConfUtils.java:logGet(43)) - raft.server.rpcslowness.timeout = 120s (custom)
2019-08-28 19:12:18,505 [pool-444-thread-1] INFO  server.RaftServerConfigKeys (ConfUtils.java:logGet(43)) - raft.server.sleep.deviation.threshold = 300 (default)
2019-08-28 19:12:18,505 [pool-444-thread-1] INFO  server.RaftServerConfigKeys (ConfUtils.java:logGet(43)) - raft.server.log.appender.install.snapshot.enabled = false (custom)
2019-08-28 19:12:18,505 [pool-444-thread-1] INFO  impl.RaftServerImpl (ServerState.java:<init>(105)) - 70d1db21-1697-4809-b58f-4bb5345b25c0:group-EFF97C3B864E ConfigurationManager, init=-1: [70d1db21-1697-4809-b58f-4bb5345b25c0:192.168.69.102:38344], old=null, confs=<EMPTY_MAP>
2019-08-28 19:12:18,506 [pool-444-thread-1] INFO  server.RaftServerConfigKeys (ConfUtils.java:logGet(43)) - raft.server.storage.dir = [/workdir/hadoop-ozone/integration-test/target/test-dir/MiniOzoneClusterImpl-3ce2fde9-0a18-41d4-8c47-cb897b02b2eb/datanode-3/data/ratis] (custom)
2019-08-28 19:12:18,506 [pool-444-thread-1] INFO  storage.RaftStorageDirectory (RaftStorageDirectory.java:analyzeStorage(246)) - The storage directory /workdir/hadoop-ozone/integration-test/target/test-dir/MiniOzoneClusterImpl-3ce2fde9-0a18-41d4-8c47-cb897b02b2eb/datanode-3/data/ratis/2b2d0d56-ef06-4a68-8665-eff97c3b864e does not exist. Creating ...
2019-08-28 19:12:18,522 [pool-444-thread-1] INFO  storage.RaftStorageDirectory (RaftStorageDirectory.java:tryLock(328)) - Lock on /workdir/hadoop-ozone/integration-test/target/test-dir/MiniOzoneClusterImpl-3ce2fde9-0a18-41d4-8c47-cb897b02b2eb/datanode-3/data/ratis/2b2d0d56-ef06-4a68-8665-eff97c3b864e/in_use.lock acquired by nodename 31818@pr-hdds-1783-trunk-gtrxg-786569963
2019-08-28 19:12:18,552 [pool-444-thread-1] INFO  storage.RaftStorage (RaftStorage.java:format(72)) - Storage directory /workdir/hadoop-ozone/integration-test/target/test-dir/MiniOzoneClusterImpl-3ce2fde9-0a18-41d4-8c47-cb897b02b2eb/datanode-3/data/ratis/2b2d0d56-ef06-4a68-8665-eff97c3b864e has been successfully formatted.
2019-08-28 19:12:18,553 [pool-444-thread-1] INFO  ratis.ContainerStateMachine (ContainerStateMachine.java:loadSnapshot(226)) - group-EFF97C3B864E: The snapshot info is null. Setting the last applied indexto:(t:0, i:~)
2019-08-28 19:12:18,553 [pool-444-thread-1] INFO  server.RaftServerConfigKeys (ConfUtils.java:logGet(43)) - raft.server.leader.election.timeout = 120s (custom)
2019-08-28 19:12:18,553 [pool-444-thread-1] INFO  server.RaftServerConfigKeys (ConfUtils.java:logGet(43)) - raft.server.log.use.memory = false (default)
2019-08-28 19:12:18,553 [pool-444-thread-1] INFO  server.RaftServerConfigKeys (ConfUtils.java:logGet(43)) - raft.server.log.purge.gap = 1000000 (custom)
2019-08-28 19:12:18,554 [pool-444-thread-1] INFO  server.RaftServerConfigKeys (ConfUtils.java:logGet(43)) - raft.server.log.appender.buffer.byte-limit = 33554432 (custom)
2019-08-28 19:12:18,554 [pool-444-thread-1] INFO  server.RaftServerConfigKeys (ConfUtils.java:logGet(43)) - raft.server.log.segment.size.max = 1048576 (custom)
2019-08-28 19:12:18,554 [pool-444-thread-1] INFO  server.RaftServerConfigKeys (ConfUtils.java:logGet(43)) - raft.server.log.segment.cache.num.max = 2 (custom)
2019-08-28 19:12:18,554 [pool-444-thread-1] INFO  segmented.SegmentedRaftLogWorker (SegmentedRaftLogWorker.java:<init>(172)) - new 70d1db21-1697-4809-b58f-4bb5345b25c0-SegmentedRaftLogWorker:Storage Directory /workdir/hadoop-ozone/integration-test/target/test-dir/MiniOzoneClusterImpl-3ce2fde9-0a18-41d4-8c47-cb897b02b2eb/datanode-3/data/ratis/2b2d0d56-ef06-4a68-8665-eff97c3b864e for RaftStorage:Storage Directory /workdir/hadoop-ozone/integration-test/target/test-dir/MiniOzoneClusterImpl-3ce2fde9-0a18-41d4-8c47-cb897b02b2eb/datanode-3/data/ratis/2b2d0d56-ef06-4a68-8665-eff97c3b864e
2019-08-28 19:12:18,555 [pool-444-thread-1] INFO  server.RaftServerConfigKeys (ConfUtils.java:logGet(43)) - raft.server.log.queue.byte-limit = 2147483647 (custom)
2019-08-28 19:12:18,555 [pool-444-thread-1] INFO  server.RaftServerConfigKeys (ConfUtils.java:logGet(43)) - raft.server.log.queue.element-limit = 1024 (custom)
2019-08-28 19:12:18,555 [pool-444-thread-1] INFO  server.RaftServerConfigKeys (ConfUtils.java:logGet(43)) - raft.server.log.segment.size.max = 1048576 (custom)
2019-08-28 19:12:18,555 [pool-444-thread-1] INFO  server.RaftServerConfigKeys (ConfUtils.java:logGet(43)) - raft.server.log.preallocated.size = 16384 (custom)
2019-08-28 19:12:18,556 [pool-444-thread-1] INFO  server.RaftServerConfigKeys (ConfUtils.java:logGet(43)) - raft.server.log.write.buffer.size = 33554432 (custom)
2019-08-28 19:12:18,556 [pool-444-thread-1] INFO  server.RaftServerConfigKeys (ConfUtils.java:logGet(43)) - raft.server.log.force.sync.num = 128 (default)
2019-08-28 19:12:18,556 [pool-444-thread-1] INFO  server.RaftServerConfigKeys (ConfUtils.java:logGet(43)) - raft.server.log.statemachine.data.sync = true (default)
2019-08-28 19:12:18,556 [pool-444-thread-1] INFO  server.RaftServerConfigKeys (ConfUtils.java:logGet(43)) - raft.server.log.statemachine.data.sync.timeout = 10s (default)
2019-08-28 19:12:18,556 [pool-444-thread-1] INFO  server.RaftServerConfigKeys (ConfUtils.java:logGet(43)) - raft.server.log.statemachine.data.sync.timeout.retry = -1 (default)
2019-08-28 19:12:18,557 [pool-444-thread-1] INFO  server.RaftServerConfigKeys (ConfUtils.java:logGet(43)) - raft.server.log.statemachine.data.caching.enabled = true (custom)
2019-08-28 19:12:18,557 [pool-444-thread-1] INFO  segmented.SegmentedRaftLogWorker (SegmentedRaftLogWorker.java:lambda$new$0(132)) - 70d1db21-1697-4809-b58f-4bb5345b25c0-SegmentedRaftLogWorker:Storage Directory /workdir/hadoop-ozone/integration-test/target/test-dir/MiniOzoneClusterImpl-3ce2fde9-0a18-41d4-8c47-cb897b02b2eb/datanode-3/data/ratis/2b2d0d56-ef06-4a68-8665-eff97c3b864e: flushIndex: setUnconditionally 0 -> -1
2019-08-28 19:12:18,557 [pool-444-thread-1] INFO  server.RaftServerConfigKeys (ConfUtils.java:logGet(43)) - raft.server.snapshot.auto.trigger.enabled = true (custom)
2019-08-28 19:12:18,557 [pool-444-thread-1] INFO  server.RaftServerConfigKeys (ConfUtils.java:logGet(43)) - raft.server.snapshot.auto.trigger.threshold = 10000 (custom)
2019-08-28 19:12:18,558 [pool-444-thread-1] INFO  server.RaftServerConfigKeys (ConfUtils.java:logGet(43)) - raft.server.retrycache.expirytime = 600000ms (custom)
2019-08-28 19:12:18,558 [pool-444-thread-1] INFO  impl.RaftServerImpl (RaftServerImpl.java:start(180)) - 70d1db21-1697-4809-b58f-4bb5345b25c0: start group-EFF97C3B864E
2019-08-28 19:12:18,558 [pool-444-thread-1] INFO  impl.RaftServerImpl (RaftServerImpl.java:setRole(171)) - 70d1db21-1697-4809-b58f-4bb5345b25c0:group-EFF97C3B864E changes role from null to FOLLOWER at term 0 for startAsFollower
2019-08-28 19:12:18,558 [pool-444-thread-1] INFO  impl.RoleInfo (RoleInfo.java:updateAndGet(143)) - 70d1db21-1697-4809-b58f-4bb5345b25c0: start FollowerState
2019-08-28 19:12:18,559 [pool-444-thread-1] INFO  util.JmxRegister (JmxRegister.java:tryRegister(44)) - Successfully registered JMX Bean with object name Ratis:service=RaftServer,group=group-EFF97C3B864E,id=70d1db21-1697-4809-b58f-4bb5345b25c0
2019-08-28 19:12:18,561 [RatisPipelineUtilsThread] INFO  pipeline.PipelineStateManager (PipelineStateManager.java:addPipeline(56)) - Created pipeline Pipeline[ Id: 2b2d0d56-ef06-4a68-8665-eff97c3b864e, Nodes: 70d1db21-1697-4809-b58f-4bb5345b25c0{ip: 192.168.69.102, host: pr-hdds-1783-trunk-gtrxg-786569963, networkLocation: /default-rack, certSerialId: null}, Type:RATIS, Factor:ONE, State:OPEN]
2019-08-28 19:12:18,715 [IPC Server handler 5 on 45902] INFO  net.NetworkTopology (NetworkTopologyImpl.java:add(110)) - Added a new node: /default-rack/d28ba164-7668-43e2-a317-bea85156c188
2019-08-28 19:12:18,716 [IPC Server handler 5 on 45902] INFO  node.SCMNodeManager (SCMNodeManager.java:register(273)) - Registered Data node : d28ba164-7668-43e2-a317-bea85156c188{ip: 192.168.69.102, host: pr-hdds-1783-trunk-gtrxg-786569963, networkLocation: /default-rack, certSerialId: null}
2019-08-28 19:12:18,716 | INFO  | SCMAudit | user=jenkins1000 | ip=192.168.69.102 | op=REGISTER {datanodeDetails=d28ba164-7668-43e2-a317-bea85156c188{ip: 192.168.69.102, host: pr-hdds-1783-trunk-gtrxg-786569963, networkLocation: /default-rack, certSerialId: null}} | ret=SUCCESS |  
2019-08-28 19:12:18,725 [grpc-default-executor-3] INFO  impl.RaftServerProxy (RaftServerProxy.java:addNew(89)) - d28ba164-7668-43e2-a317-bea85156c188: addNew group-48BA77EA4D92:[d28ba164-7668-43e2-a317-bea85156c188:192.168.69.102:36941] returns group-48BA77EA4D92:java.util.concurrent.CompletableFuture@2d560f9c[Not completed]
2019-08-28 19:12:18,727 [pool-455-thread-1] INFO  impl.RaftServerImpl (RaftServerImpl.java:<init>(93)) - d28ba164-7668-43e2-a317-bea85156c188: new RaftServerImpl for group-48BA77EA4D92:[d28ba164-7668-43e2-a317-bea85156c188:192.168.69.102:36941] with ContainerStateMachine:uninitialized
2019-08-28 19:12:18,727 [pool-455-thread-1] INFO  server.RaftServerConfigKeys (ConfUtils.java:logGet(43)) - raft.server.rpc.timeout.min = 5s (custom)
2019-08-28 19:12:18,727 [pool-455-thread-1] INFO  server.RaftServerConfigKeys (ConfUtils.java:logGet(43)) - raft.server.rpc.timeout.max = 5200ms (custom)
2019-08-28 19:12:18,727 [pool-455-thread-1] INFO  server.RaftServerConfigKeys (ConfUtils.java:logGet(43)) - raft.server.rpcslowness.timeout = 120s (custom)
2019-08-28 19:12:18,728 [pool-455-thread-1] INFO  server.RaftServerConfigKeys (ConfUtils.java:logGet(43)) - raft.server.sleep.deviation.threshold = 300 (default)
2019-08-28 19:12:18,728 [pool-455-thread-1] INFO  server.RaftServerConfigKeys (ConfUtils.java:logGet(43)) - raft.server.log.appender.install.snapshot.enabled = false (custom)
2019-08-28 19:12:18,728 [pool-455-thread-1] INFO  impl.RaftServerImpl (ServerState.java:<init>(105)) - d28ba164-7668-43e2-a317-bea85156c188:group-48BA77EA4D92 ConfigurationManager, init=-1: [d28ba164-7668-43e2-a317-bea85156c188:192.168.69.102:36941], old=null, confs=<EMPTY_MAP>
2019-08-28 19:12:18,728 [pool-455-thread-1] INFO  server.RaftServerConfigKeys (ConfUtils.java:logGet(43)) - raft.server.storage.dir = [/workdir/hadoop-ozone/integration-test/target/test-dir/MiniOzoneClusterImpl-3ce2fde9-0a18-41d4-8c47-cb897b02b2eb/datanode-4/data/ratis] (custom)
2019-08-28 19:12:18,729 [pool-455-thread-1] INFO  storage.RaftStorageDirectory (RaftStorageDirectory.java:analyzeStorage(246)) - The storage directory /workdir/hadoop-ozone/integration-test/target/test-dir/MiniOzoneClusterImpl-3ce2fde9-0a18-41d4-8c47-cb897b02b2eb/datanode-4/data/ratis/33906422-47e8-4184-920c-48ba77ea4d92 does not exist. Creating ...
2019-08-28 19:12:18,733 [pool-455-thread-1] INFO  storage.RaftStorageDirectory (RaftStorageDirectory.java:tryLock(328)) - Lock on /workdir/hadoop-ozone/integration-test/target/test-dir/MiniOzoneClusterImpl-3ce2fde9-0a18-41d4-8c47-cb897b02b2eb/datanode-4/data/ratis/33906422-47e8-4184-920c-48ba77ea4d92/in_use.lock acquired by nodename 31818@pr-hdds-1783-trunk-gtrxg-786569963
2019-08-28 19:12:18,744 [pool-455-thread-1] INFO  storage.RaftStorage (RaftStorage.java:format(72)) - Storage directory /workdir/hadoop-ozone/integration-test/target/test-dir/MiniOzoneClusterImpl-3ce2fde9-0a18-41d4-8c47-cb897b02b2eb/datanode-4/data/ratis/33906422-47e8-4184-920c-48ba77ea4d92 has been successfully formatted.
2019-08-28 19:12:18,745 [pool-455-thread-1] INFO  ratis.ContainerStateMachine (ContainerStateMachine.java:loadSnapshot(226)) - group-48BA77EA4D92: The snapshot info is null. Setting the last applied indexto:(t:0, i:~)
2019-08-28 19:12:18,745 [pool-455-thread-1] INFO  server.RaftServerConfigKeys (ConfUtils.java:logGet(43)) - raft.server.leader.election.timeout = 120s (custom)
2019-08-28 19:12:18,745 [pool-455-thread-1] INFO  server.RaftServerConfigKeys (ConfUtils.java:logGet(43)) - raft.server.log.use.memory = false (default)
2019-08-28 19:12:18,745 [pool-455-thread-1] INFO  server.RaftServerConfigKeys (ConfUtils.java:logGet(43)) - raft.server.log.purge.gap = 1000000 (custom)
2019-08-28 19:12:18,745 [pool-455-thread-1] INFO  server.RaftServerConfigKeys (ConfUtils.java:logGet(43)) - raft.server.log.appender.buffer.byte-limit = 33554432 (custom)
2019-08-28 19:12:18,746 [pool-455-thread-1] INFO  server.RaftServerConfigKeys (ConfUtils.java:logGet(43)) - raft.server.log.segment.size.max = 1048576 (custom)
2019-08-28 19:12:18,746 [pool-455-thread-1] INFO  server.RaftServerConfigKeys (ConfUtils.java:logGet(43)) - raft.server.log.segment.cache.num.max = 2 (custom)
2019-08-28 19:12:18,746 [pool-455-thread-1] INFO  segmented.SegmentedRaftLogWorker (SegmentedRaftLogWorker.java:<init>(172)) - new d28ba164-7668-43e2-a317-bea85156c188-SegmentedRaftLogWorker:Storage Directory /workdir/hadoop-ozone/integration-test/target/test-dir/MiniOzoneClusterImpl-3ce2fde9-0a18-41d4-8c47-cb897b02b2eb/datanode-4/data/ratis/33906422-47e8-4184-920c-48ba77ea4d92 for RaftStorage:Storage Directory /workdir/hadoop-ozone/integration-test/target/test-dir/MiniOzoneClusterImpl-3ce2fde9-0a18-41d4-8c47-cb897b02b2eb/datanode-4/data/ratis/33906422-47e8-4184-920c-48ba77ea4d92
2019-08-28 19:12:18,746 [pool-455-thread-1] INFO  server.RaftServerConfigKeys (ConfUtils.java:logGet(43)) - raft.server.log.queue.byte-limit = 2147483647 (custom)
2019-08-28 19:12:18,746 [pool-455-thread-1] INFO  server.RaftServerConfigKeys (ConfUtils.java:logGet(43)) - raft.server.log.queue.element-limit = 1024 (custom)
2019-08-28 19:12:18,747 [pool-455-thread-1] INFO  server.RaftServerConfigKeys (ConfUtils.java:logGet(43)) - raft.server.log.segment.size.max = 1048576 (custom)
2019-08-28 19:12:18,747 [pool-455-thread-1] INFO  server.RaftServerConfigKeys (ConfUtils.java:logGet(43)) - raft.server.log.preallocated.size = 16384 (custom)
2019-08-28 19:12:18,747 [pool-455-thread-1] INFO  server.RaftServerConfigKeys (ConfUtils.java:logGet(43)) - raft.server.log.write.buffer.size = 33554432 (custom)
2019-08-28 19:12:18,747 [pool-455-thread-1] INFO  server.RaftServerConfigKeys (ConfUtils.java:logGet(43)) - raft.server.log.force.sync.num = 128 (default)
2019-08-28 19:12:18,747 [pool-455-thread-1] INFO  server.RaftServerConfigKeys (ConfUtils.java:logGet(43)) - raft.server.log.statemachine.data.sync = true (default)
2019-08-28 19:12:18,747 [pool-455-thread-1] INFO  server.RaftServerConfigKeys (ConfUtils.java:logGet(43)) - raft.server.log.statemachine.data.sync.timeout = 10s (default)
2019-08-28 19:12:18,748 [pool-455-thread-1] INFO  server.RaftServerConfigKeys (ConfUtils.java:logGet(43)) - raft.server.log.statemachine.data.sync.timeout.retry = -1 (default)
2019-08-28 19:12:18,748 [pool-455-thread-1] INFO  server.RaftServerConfigKeys (ConfUtils.java:logGet(43)) - raft.server.log.statemachine.data.caching.enabled = true (custom)
2019-08-28 19:12:18,748 [pool-455-thread-1] INFO  segmented.SegmentedRaftLogWorker (SegmentedRaftLogWorker.java:lambda$new$0(132)) - d28ba164-7668-43e2-a317-bea85156c188-SegmentedRaftLogWorker:Storage Directory /workdir/hadoop-ozone/integration-test/target/test-dir/MiniOzoneClusterImpl-3ce2fde9-0a18-41d4-8c47-cb897b02b2eb/datanode-4/data/ratis/33906422-47e8-4184-920c-48ba77ea4d92: flushIndex: setUnconditionally 0 -> -1
2019-08-28 19:12:18,749 [pool-455-thread-1] INFO  server.RaftServerConfigKeys (ConfUtils.java:logGet(43)) - raft.server.snapshot.auto.trigger.enabled = true (custom)
2019-08-28 19:12:18,749 [pool-455-thread-1] INFO  server.RaftServerConfigKeys (ConfUtils.java:logGet(43)) - raft.server.snapshot.auto.trigger.threshold = 10000 (custom)
2019-08-28 19:12:18,749 [pool-455-thread-1] INFO  server.RaftServerConfigKeys (ConfUtils.java:logGet(43)) - raft.server.retrycache.expirytime = 600000ms (custom)
2019-08-28 19:12:18,749 [pool-455-thread-1] INFO  impl.RaftServerImpl (RaftServerImpl.java:start(180)) - d28ba164-7668-43e2-a317-bea85156c188: start group-48BA77EA4D92
2019-08-28 19:12:18,749 [pool-455-thread-1] INFO  impl.RaftServerImpl (RaftServerImpl.java:setRole(171)) - d28ba164-7668-43e2-a317-bea85156c188:group-48BA77EA4D92 changes role from null to FOLLOWER at term 0 for startAsFollower
2019-08-28 19:12:18,750 [pool-455-thread-1] INFO  impl.RoleInfo (RoleInfo.java:updateAndGet(143)) - d28ba164-7668-43e2-a317-bea85156c188: start FollowerState
2019-08-28 19:12:18,750 [pool-455-thread-1] INFO  util.JmxRegister (JmxRegister.java:tryRegister(44)) - Successfully registered JMX Bean with object name Ratis:service=RaftServer,group=group-48BA77EA4D92,id=d28ba164-7668-43e2-a317-bea85156c188
2019-08-28 19:12:18,752 [RatisPipelineUtilsThread] INFO  pipeline.PipelineStateManager (PipelineStateManager.java:addPipeline(56)) - Created pipeline Pipeline[ Id: 33906422-47e8-4184-920c-48ba77ea4d92, Nodes: d28ba164-7668-43e2-a317-bea85156c188{ip: 192.168.69.102, host: pr-hdds-1783-trunk-gtrxg-786569963, networkLocation: /default-rack, certSerialId: null}, Type:RATIS, Factor:ONE, State:OPEN]
2019-08-28 19:12:18,921 [IPC Server handler 0 on 45902] INFO  net.NetworkTopology (NetworkTopologyImpl.java:add(110)) - Added a new node: /default-rack/6746a90d-cf8b-4530-9aed-ada9eea3074f
2019-08-28 19:12:18,921 [IPC Server handler 0 on 45902] INFO  node.SCMNodeManager (SCMNodeManager.java:register(273)) - Registered Data node : 6746a90d-cf8b-4530-9aed-ada9eea3074f{ip: 192.168.69.102, host: pr-hdds-1783-trunk-gtrxg-786569963, networkLocation: /default-rack, certSerialId: null}
2019-08-28 19:12:18,925 | INFO  | SCMAudit | user=jenkins1000 | ip=192.168.69.102 | op=REGISTER {datanodeDetails=6746a90d-cf8b-4530-9aed-ada9eea3074f{ip: 192.168.69.102, host: pr-hdds-1783-trunk-gtrxg-786569963, networkLocation: /default-rack, certSerialId: null}} | ret=SUCCESS |  
2019-08-28 19:12:18,932 [grpc-default-executor-3] INFO  impl.RaftServerProxy (RaftServerProxy.java:addNew(89)) - 6746a90d-cf8b-4530-9aed-ada9eea3074f: addNew group-653E80E3C06B:[6746a90d-cf8b-4530-9aed-ada9eea3074f:192.168.69.102:34170] returns group-653E80E3C06B:java.util.concurrent.CompletableFuture@4bfe9f74[Not completed]
2019-08-28 19:12:18,933 [pool-466-thread-1] INFO  impl.RaftServerImpl (RaftServerImpl.java:<init>(93)) - 6746a90d-cf8b-4530-9aed-ada9eea3074f: new RaftServerImpl for group-653E80E3C06B:[6746a90d-cf8b-4530-9aed-ada9eea3074f:192.168.69.102:34170] with ContainerStateMachine:uninitialized
2019-08-28 19:12:18,933 [pool-466-thread-1] INFO  server.RaftServerConfigKeys (ConfUtils.java:logGet(43)) - raft.server.rpc.timeout.min = 5s (custom)
2019-08-28 19:12:18,933 [pool-466-thread-1] INFO  server.RaftServerConfigKeys (ConfUtils.java:logGet(43)) - raft.server.rpc.timeout.max = 5200ms (custom)
2019-08-28 19:12:18,933 [pool-466-thread-1] INFO  server.RaftServerConfigKeys (ConfUtils.java:logGet(43)) - raft.server.rpcslowness.timeout = 120s (custom)
2019-08-28 19:12:18,933 [pool-466-thread-1] INFO  server.RaftServerConfigKeys (ConfUtils.java:logGet(43)) - raft.server.sleep.deviation.threshold = 300 (default)
2019-08-28 19:12:18,933 [pool-466-thread-1] INFO  server.RaftServerConfigKeys (ConfUtils.java:logGet(43)) - raft.server.log.appender.install.snapshot.enabled = false (custom)
2019-08-28 19:12:18,934 [pool-466-thread-1] INFO  impl.RaftServerImpl (ServerState.java:<init>(105)) - 6746a90d-cf8b-4530-9aed-ada9eea3074f:group-653E80E3C06B ConfigurationManager, init=-1: [6746a90d-cf8b-4530-9aed-ada9eea3074f:192.168.69.102:34170], old=null, confs=<EMPTY_MAP>
2019-08-28 19:12:18,934 [pool-466-thread-1] INFO  server.RaftServerConfigKeys (ConfUtils.java:logGet(43)) - raft.server.storage.dir = [/workdir/hadoop-ozone/integration-test/target/test-dir/MiniOzoneClusterImpl-3ce2fde9-0a18-41d4-8c47-cb897b02b2eb/datanode-5/data/ratis] (custom)
2019-08-28 19:12:18,934 [pool-466-thread-1] INFO  storage.RaftStorageDirectory (RaftStorageDirectory.java:analyzeStorage(246)) - The storage directory /workdir/hadoop-ozone/integration-test/target/test-dir/MiniOzoneClusterImpl-3ce2fde9-0a18-41d4-8c47-cb897b02b2eb/datanode-5/data/ratis/309e4c47-aca4-4f2d-b115-653e80e3c06b does not exist. Creating ...
2019-08-28 19:12:18,948 [pool-466-thread-1] INFO  storage.RaftStorageDirectory (RaftStorageDirectory.java:tryLock(328)) - Lock on /workdir/hadoop-ozone/integration-test/target/test-dir/MiniOzoneClusterImpl-3ce2fde9-0a18-41d4-8c47-cb897b02b2eb/datanode-5/data/ratis/309e4c47-aca4-4f2d-b115-653e80e3c06b/in_use.lock acquired by nodename 31818@pr-hdds-1783-trunk-gtrxg-786569963
2019-08-28 19:12:18,962 [pool-466-thread-1] INFO  storage.RaftStorage (RaftStorage.java:format(72)) - Storage directory /workdir/hadoop-ozone/integration-test/target/test-dir/MiniOzoneClusterImpl-3ce2fde9-0a18-41d4-8c47-cb897b02b2eb/datanode-5/data/ratis/309e4c47-aca4-4f2d-b115-653e80e3c06b has been successfully formatted.
2019-08-28 19:12:18,962 [pool-466-thread-1] INFO  ratis.ContainerStateMachine (ContainerStateMachine.java:loadSnapshot(226)) - group-653E80E3C06B: The snapshot info is null. Setting the last applied indexto:(t:0, i:~)
2019-08-28 19:12:18,963 [pool-466-thread-1] INFO  server.RaftServerConfigKeys (ConfUtils.java:logGet(43)) - raft.server.leader.election.timeout = 120s (custom)
2019-08-28 19:12:18,963 [pool-466-thread-1] INFO  server.RaftServerConfigKeys (ConfUtils.java:logGet(43)) - raft.server.log.use.memory = false (default)
2019-08-28 19:12:18,963 [pool-466-thread-1] INFO  server.RaftServerConfigKeys (ConfUtils.java:logGet(43)) - raft.server.log.purge.gap = 1000000 (custom)
2019-08-28 19:12:18,963 [pool-466-thread-1] INFO  server.RaftServerConfigKeys (ConfUtils.java:logGet(43)) - raft.server.log.appender.buffer.byte-limit = 33554432 (custom)
2019-08-28 19:12:18,963 [pool-466-thread-1] INFO  server.RaftServerConfigKeys (ConfUtils.java:logGet(43)) - raft.server.log.segment.size.max = 1048576 (custom)
2019-08-28 19:12:18,963 [pool-466-thread-1] INFO  server.RaftServerConfigKeys (ConfUtils.java:logGet(43)) - raft.server.log.segment.cache.num.max = 2 (custom)
2019-08-28 19:12:18,963 [pool-466-thread-1] INFO  segmented.SegmentedRaftLogWorker (SegmentedRaftLogWorker.java:<init>(172)) - new 6746a90d-cf8b-4530-9aed-ada9eea3074f-SegmentedRaftLogWorker:Storage Directory /workdir/hadoop-ozone/integration-test/target/test-dir/MiniOzoneClusterImpl-3ce2fde9-0a18-41d4-8c47-cb897b02b2eb/datanode-5/data/ratis/309e4c47-aca4-4f2d-b115-653e80e3c06b for RaftStorage:Storage Directory /workdir/hadoop-ozone/integration-test/target/test-dir/MiniOzoneClusterImpl-3ce2fde9-0a18-41d4-8c47-cb897b02b2eb/datanode-5/data/ratis/309e4c47-aca4-4f2d-b115-653e80e3c06b
2019-08-28 19:12:18,963 [pool-466-thread-1] INFO  server.RaftServerConfigKeys (ConfUtils.java:logGet(43)) - raft.server.log.queue.byte-limit = 2147483647 (custom)
2019-08-28 19:12:18,964 [pool-466-thread-1] INFO  server.RaftServerConfigKeys (ConfUtils.java:logGet(43)) - raft.server.log.queue.element-limit = 1024 (custom)
2019-08-28 19:12:18,964 [pool-466-thread-1] INFO  server.RaftServerConfigKeys (ConfUtils.java:logGet(43)) - raft.server.log.segment.size.max = 1048576 (custom)
2019-08-28 19:12:18,964 [pool-466-thread-1] INFO  server.RaftServerConfigKeys (ConfUtils.java:logGet(43)) - raft.server.log.preallocated.size = 16384 (custom)
2019-08-28 19:12:18,964 [pool-466-thread-1] INFO  server.RaftServerConfigKeys (ConfUtils.java:logGet(43)) - raft.server.log.write.buffer.size = 33554432 (custom)
2019-08-28 19:12:18,964 [pool-466-thread-1] INFO  server.RaftServerConfigKeys (ConfUtils.java:logGet(43)) - raft.server.log.force.sync.num = 128 (default)
2019-08-28 19:12:18,964 [pool-466-thread-1] INFO  server.RaftServerConfigKeys (ConfUtils.java:logGet(43)) - raft.server.log.statemachine.data.sync = true (default)
2019-08-28 19:12:18,964 [pool-466-thread-1] INFO  server.RaftServerConfigKeys (ConfUtils.java:logGet(43)) - raft.server.log.statemachine.data.sync.timeout = 10s (default)
2019-08-28 19:12:18,964 [pool-466-thread-1] INFO  server.RaftServerConfigKeys (ConfUtils.java:logGet(43)) - raft.server.log.statemachine.data.sync.timeout.retry = -1 (default)
2019-08-28 19:12:18,965 [pool-466-thread-1] INFO  server.RaftServerConfigKeys (ConfUtils.java:logGet(43)) - raft.server.log.statemachine.data.caching.enabled = true (custom)
2019-08-28 19:12:18,965 [pool-466-thread-1] INFO  segmented.SegmentedRaftLogWorker (SegmentedRaftLogWorker.java:lambda$new$0(132)) - 6746a90d-cf8b-4530-9aed-ada9eea3074f-SegmentedRaftLogWorker:Storage Directory /workdir/hadoop-ozone/integration-test/target/test-dir/MiniOzoneClusterImpl-3ce2fde9-0a18-41d4-8c47-cb897b02b2eb/datanode-5/data/ratis/309e4c47-aca4-4f2d-b115-653e80e3c06b: flushIndex: setUnconditionally 0 -> -1
2019-08-28 19:12:18,966 [pool-466-thread-1] INFO  server.RaftServerConfigKeys (ConfUtils.java:logGet(43)) - raft.server.snapshot.auto.trigger.enabled = true (custom)
2019-08-28 19:12:18,966 [pool-466-thread-1] INFO  server.RaftServerConfigKeys (ConfUtils.java:logGet(43)) - raft.server.snapshot.auto.trigger.threshold = 10000 (custom)
2019-08-28 19:12:18,966 [pool-466-thread-1] INFO  server.RaftServerConfigKeys (ConfUtils.java:logGet(43)) - raft.server.retrycache.expirytime = 600000ms (custom)
2019-08-28 19:12:18,966 [pool-466-thread-1] INFO  impl.RaftServerImpl (RaftServerImpl.java:start(180)) - 6746a90d-cf8b-4530-9aed-ada9eea3074f: start group-653E80E3C06B
2019-08-28 19:12:18,966 [pool-466-thread-1] INFO  impl.RaftServerImpl (RaftServerImpl.java:setRole(171)) - 6746a90d-cf8b-4530-9aed-ada9eea3074f:group-653E80E3C06B changes role from null to FOLLOWER at term 0 for startAsFollower
2019-08-28 19:12:18,966 [pool-466-thread-1] INFO  impl.RoleInfo (RoleInfo.java:updateAndGet(143)) - 6746a90d-cf8b-4530-9aed-ada9eea3074f: start FollowerState
2019-08-28 19:12:18,967 [pool-466-thread-1] INFO  util.JmxRegister (JmxRegister.java:tryRegister(44)) - Successfully registered JMX Bean with object name Ratis:service=RaftServer,group=group-653E80E3C06B,id=6746a90d-cf8b-4530-9aed-ada9eea3074f
2019-08-28 19:12:18,969 [RatisPipelineUtilsThread] INFO  pipeline.PipelineStateManager (PipelineStateManager.java:addPipeline(56)) - Created pipeline Pipeline[ Id: 309e4c47-aca4-4f2d-b115-653e80e3c06b, Nodes: 6746a90d-cf8b-4530-9aed-ada9eea3074f{ip: 192.168.69.102, host: pr-hdds-1783-trunk-gtrxg-786569963, networkLocation: /default-rack, certSerialId: null}, Type:RATIS, Factor:ONE, State:OPEN]
2019-08-28 19:12:18,993 [grpc-default-executor-3] INFO  impl.RaftServerProxy (RaftServerProxy.java:addNew(89)) - 70d1db21-1697-4809-b58f-4bb5345b25c0: addNew group-9F9F9950B0A8:[d28ba164-7668-43e2-a317-bea85156c188:192.168.69.102:36941, 6746a90d-cf8b-4530-9aed-ada9eea3074f:192.168.69.102:34170, 70d1db21-1697-4809-b58f-4bb5345b25c0:192.168.69.102:38344] returns group-9F9F9950B0A8:java.util.concurrent.CompletableFuture@4df90076[Not completed]
2019-08-28 19:12:18,993 [grpc-default-executor-6] INFO  impl.RaftServerProxy (RaftServerProxy.java:addNew(89)) - d28ba164-7668-43e2-a317-bea85156c188: addNew group-9F9F9950B0A8:[d28ba164-7668-43e2-a317-bea85156c188:192.168.69.102:36941, 6746a90d-cf8b-4530-9aed-ada9eea3074f:192.168.69.102:34170, 70d1db21-1697-4809-b58f-4bb5345b25c0:192.168.69.102:38344] returns group-9F9F9950B0A8:java.util.concurrent.CompletableFuture@1c50657[Not completed]
2019-08-28 19:12:18,993 [grpc-default-executor-4] INFO  impl.RaftServerProxy (RaftServerProxy.java:addNew(89)) - 6746a90d-cf8b-4530-9aed-ada9eea3074f: addNew group-9F9F9950B0A8:[d28ba164-7668-43e2-a317-bea85156c188:192.168.69.102:36941, 6746a90d-cf8b-4530-9aed-ada9eea3074f:192.168.69.102:34170, 70d1db21-1697-4809-b58f-4bb5345b25c0:192.168.69.102:38344] returns group-9F9F9950B0A8:java.util.concurrent.CompletableFuture@4247e5f5[Not completed]
2019-08-28 19:12:18,995 [pool-455-thread-1] INFO  impl.RaftServerImpl (RaftServerImpl.java:<init>(93)) - d28ba164-7668-43e2-a317-bea85156c188: new RaftServerImpl for group-9F9F9950B0A8:[d28ba164-7668-43e2-a317-bea85156c188:192.168.69.102:36941, 6746a90d-cf8b-4530-9aed-ada9eea3074f:192.168.69.102:34170, 70d1db21-1697-4809-b58f-4bb5345b25c0:192.168.69.102:38344] with ContainerStateMachine:uninitialized
2019-08-28 19:12:18,995 [pool-455-thread-1] INFO  server.RaftServerConfigKeys (ConfUtils.java:logGet(43)) - raft.server.rpc.timeout.min = 5s (custom)
2019-08-28 19:12:18,995 [pool-455-thread-1] INFO  server.RaftServerConfigKeys (ConfUtils.java:logGet(43)) - raft.server.rpc.timeout.max = 5200ms (custom)
2019-08-28 19:12:18,995 [pool-455-thread-1] INFO  server.RaftServerConfigKeys (ConfUtils.java:logGet(43)) - raft.server.rpcslowness.timeout = 120s (custom)
2019-08-28 19:12:18,995 [pool-455-thread-1] INFO  server.RaftServerConfigKeys (ConfUtils.java:logGet(43)) - raft.server.sleep.deviation.threshold = 300 (default)
2019-08-28 19:12:18,995 [pool-466-thread-1] INFO  impl.RaftServerImpl (RaftServerImpl.java:<init>(93)) - 6746a90d-cf8b-4530-9aed-ada9eea3074f: new RaftServerImpl for group-9F9F9950B0A8:[d28ba164-7668-43e2-a317-bea85156c188:192.168.69.102:36941, 6746a90d-cf8b-4530-9aed-ada9eea3074f:192.168.69.102:34170, 70d1db21-1697-4809-b58f-4bb5345b25c0:192.168.69.102:38344] with ContainerStateMachine:uninitialized
2019-08-28 19:12:18,995 [pool-455-thread-1] INFO  server.RaftServerConfigKeys (ConfUtils.java:logGet(43)) - raft.server.log.appender.install.snapshot.enabled = false (custom)
2019-08-28 19:12:18,996 [pool-466-thread-1] INFO  server.RaftServerConfigKeys (ConfUtils.java:logGet(43)) - raft.server.rpc.timeout.min = 5s (custom)
2019-08-28 19:12:18,996 [pool-455-thread-1] INFO  impl.RaftServerImpl (ServerState.java:<init>(105)) - d28ba164-7668-43e2-a317-bea85156c188:group-9F9F9950B0A8 ConfigurationManager, init=-1: [d28ba164-7668-43e2-a317-bea85156c188:192.168.69.102:36941, 6746a90d-cf8b-4530-9aed-ada9eea3074f:192.168.69.102:34170, 70d1db21-1697-4809-b58f-4bb5345b25c0:192.168.69.102:38344], old=null, confs=<EMPTY_MAP>
2019-08-28 19:12:18,996 [pool-444-thread-1] INFO  impl.RaftServerImpl (RaftServerImpl.java:<init>(93)) - 70d1db21-1697-4809-b58f-4bb5345b25c0: new RaftServerImpl for group-9F9F9950B0A8:[d28ba164-7668-43e2-a317-bea85156c188:192.168.69.102:36941, 6746a90d-cf8b-4530-9aed-ada9eea3074f:192.168.69.102:34170, 70d1db21-1697-4809-b58f-4bb5345b25c0:192.168.69.102:38344] with ContainerStateMachine:uninitialized
2019-08-28 19:12:18,996 [pool-455-thread-1] INFO  server.RaftServerConfigKeys (ConfUtils.java:logGet(43)) - raft.server.storage.dir = [/workdir/hadoop-ozone/integration-test/target/test-dir/MiniOzoneClusterImpl-3ce2fde9-0a18-41d4-8c47-cb897b02b2eb/datanode-4/data/ratis] (custom)
2019-08-28 19:12:18,996 [pool-466-thread-1] INFO  server.RaftServerConfigKeys (ConfUtils.java:logGet(43)) - raft.server.rpc.timeout.max = 5200ms (custom)
2019-08-28 19:12:18,996 [pool-444-thread-1] INFO  server.RaftServerConfigKeys (ConfUtils.java:logGet(43)) - raft.server.rpc.timeout.min = 5s (custom)
2019-08-28 19:12:18,996 [pool-466-thread-1] INFO  server.RaftServerConfigKeys (ConfUtils.java:logGet(43)) - raft.server.rpcslowness.timeout = 120s (custom)
2019-08-28 19:12:18,996 [pool-455-thread-1] INFO  storage.RaftStorageDirectory (RaftStorageDirectory.java:analyzeStorage(246)) - The storage directory /workdir/hadoop-ozone/integration-test/target/test-dir/MiniOzoneClusterImpl-3ce2fde9-0a18-41d4-8c47-cb897b02b2eb/datanode-4/data/ratis/ddaaeb7a-32e0-4b83-bc3c-9f9f9950b0a8 does not exist. Creating ...
2019-08-28 19:12:18,996 [pool-444-thread-1] INFO  server.RaftServerConfigKeys (ConfUtils.java:logGet(43)) - raft.server.rpc.timeout.max = 5200ms (custom)
2019-08-28 19:12:18,996 [pool-466-thread-1] INFO  server.RaftServerConfigKeys (ConfUtils.java:logGet(43)) - raft.server.sleep.deviation.threshold = 300 (default)
2019-08-28 19:12:18,996 [pool-444-thread-1] INFO  server.RaftServerConfigKeys (ConfUtils.java:logGet(43)) - raft.server.rpcslowness.timeout = 120s (custom)
2019-08-28 19:12:18,997 [pool-466-thread-1] INFO  server.RaftServerConfigKeys (ConfUtils.java:logGet(43)) - raft.server.log.appender.install.snapshot.enabled = false (custom)
2019-08-28 19:12:18,997 [pool-444-thread-1] INFO  server.RaftServerConfigKeys (ConfUtils.java:logGet(43)) - raft.server.sleep.deviation.threshold = 300 (default)
2019-08-28 19:12:18,997 [pool-466-thread-1] INFO  impl.RaftServerImpl (ServerState.java:<init>(105)) - 6746a90d-cf8b-4530-9aed-ada9eea3074f:group-9F9F9950B0A8 ConfigurationManager, init=-1: [d28ba164-7668-43e2-a317-bea85156c188:192.168.69.102:36941, 6746a90d-cf8b-4530-9aed-ada9eea3074f:192.168.69.102:34170, 70d1db21-1697-4809-b58f-4bb5345b25c0:192.168.69.102:38344], old=null, confs=<EMPTY_MAP>
2019-08-28 19:12:18,997 [pool-444-thread-1] INFO  server.RaftServerConfigKeys (ConfUtils.java:logGet(43)) - raft.server.log.appender.install.snapshot.enabled = false (custom)
2019-08-28 19:12:18,997 [pool-466-thread-1] INFO  server.RaftServerConfigKeys (ConfUtils.java:logGet(43)) - raft.server.storage.dir = [/workdir/hadoop-ozone/integration-test/target/test-dir/MiniOzoneClusterImpl-3ce2fde9-0a18-41d4-8c47-cb897b02b2eb/datanode-5/data/ratis] (custom)
2019-08-28 19:12:18,997 [pool-444-thread-1] INFO  impl.RaftServerImpl (ServerState.java:<init>(105)) - 70d1db21-1697-4809-b58f-4bb5345b25c0:group-9F9F9950B0A8 ConfigurationManager, init=-1: [d28ba164-7668-43e2-a317-bea85156c188:192.168.69.102:36941, 6746a90d-cf8b-4530-9aed-ada9eea3074f:192.168.69.102:34170, 70d1db21-1697-4809-b58f-4bb5345b25c0:192.168.69.102:38344], old=null, confs=<EMPTY_MAP>
2019-08-28 19:12:18,997 [pool-444-thread-1] INFO  server.RaftServerConfigKeys (ConfUtils.java:logGet(43)) - raft.server.storage.dir = [/workdir/hadoop-ozone/integration-test/target/test-dir/MiniOzoneClusterImpl-3ce2fde9-0a18-41d4-8c47-cb897b02b2eb/datanode-3/data/ratis] (custom)
2019-08-28 19:12:18,997 [pool-466-thread-1] INFO  storage.RaftStorageDirectory (RaftStorageDirectory.java:analyzeStorage(246)) - The storage directory /workdir/hadoop-ozone/integration-test/target/test-dir/MiniOzoneClusterImpl-3ce2fde9-0a18-41d4-8c47-cb897b02b2eb/datanode-5/data/ratis/ddaaeb7a-32e0-4b83-bc3c-9f9f9950b0a8 does not exist. Creating ...
2019-08-28 19:12:18,997 [pool-444-thread-1] INFO  storage.RaftStorageDirectory (RaftStorageDirectory.java:analyzeStorage(246)) - The storage directory /workdir/hadoop-ozone/integration-test/target/test-dir/MiniOzoneClusterImpl-3ce2fde9-0a18-41d4-8c47-cb897b02b2eb/datanode-3/data/ratis/ddaaeb7a-32e0-4b83-bc3c-9f9f9950b0a8 does not exist. Creating ...
2019-08-28 19:12:19,014 [pool-466-thread-1] INFO  storage.RaftStorageDirectory (RaftStorageDirectory.java:tryLock(328)) - Lock on /workdir/hadoop-ozone/integration-test/target/test-dir/MiniOzoneClusterImpl-3ce2fde9-0a18-41d4-8c47-cb897b02b2eb/datanode-5/data/ratis/ddaaeb7a-32e0-4b83-bc3c-9f9f9950b0a8/in_use.lock acquired by nodename 31818@pr-hdds-1783-trunk-gtrxg-786569963
2019-08-28 19:12:19,014 [pool-455-thread-1] INFO  storage.RaftStorageDirectory (RaftStorageDirectory.java:tryLock(328)) - Lock on /workdir/hadoop-ozone/integration-test/target/test-dir/MiniOzoneClusterImpl-3ce2fde9-0a18-41d4-8c47-cb897b02b2eb/datanode-4/data/ratis/ddaaeb7a-32e0-4b83-bc3c-9f9f9950b0a8/in_use.lock acquired by nodename 31818@pr-hdds-1783-trunk-gtrxg-786569963
2019-08-28 19:12:19,014 [pool-444-thread-1] INFO  storage.RaftStorageDirectory (RaftStorageDirectory.java:tryLock(328)) - Lock on /workdir/hadoop-ozone/integration-test/target/test-dir/MiniOzoneClusterImpl-3ce2fde9-0a18-41d4-8c47-cb897b02b2eb/datanode-3/data/ratis/ddaaeb7a-32e0-4b83-bc3c-9f9f9950b0a8/in_use.lock acquired by nodename 31818@pr-hdds-1783-trunk-gtrxg-786569963
2019-08-28 19:12:19,030 [pool-466-thread-1] INFO  storage.RaftStorage (RaftStorage.java:format(72)) - Storage directory /workdir/hadoop-ozone/integration-test/target/test-dir/MiniOzoneClusterImpl-3ce2fde9-0a18-41d4-8c47-cb897b02b2eb/datanode-5/data/ratis/ddaaeb7a-32e0-4b83-bc3c-9f9f9950b0a8 has been successfully formatted.
2019-08-28 19:12:19,030 [pool-444-thread-1] INFO  storage.RaftStorage (RaftStorage.java:format(72)) - Storage directory /workdir/hadoop-ozone/integration-test/target/test-dir/MiniOzoneClusterImpl-3ce2fde9-0a18-41d4-8c47-cb897b02b2eb/datanode-3/data/ratis/ddaaeb7a-32e0-4b83-bc3c-9f9f9950b0a8 has been successfully formatted.
2019-08-28 19:12:19,030 [pool-466-thread-1] INFO  ratis.ContainerStateMachine (ContainerStateMachine.java:loadSnapshot(226)) - group-9F9F9950B0A8: The snapshot info is null. Setting the last applied indexto:(t:0, i:~)
2019-08-28 19:12:19,030 [pool-455-thread-1] INFO  storage.RaftStorage (RaftStorage.java:format(72)) - Storage directory /workdir/hadoop-ozone/integration-test/target/test-dir/MiniOzoneClusterImpl-3ce2fde9-0a18-41d4-8c47-cb897b02b2eb/datanode-4/data/ratis/ddaaeb7a-32e0-4b83-bc3c-9f9f9950b0a8 has been successfully formatted.
2019-08-28 19:12:19,030 [pool-444-thread-1] INFO  ratis.ContainerStateMachine (ContainerStateMachine.java:loadSnapshot(226)) - group-9F9F9950B0A8: The snapshot info is null. Setting the last applied indexto:(t:0, i:~)
2019-08-28 19:12:19,030 [pool-455-thread-1] INFO  ratis.ContainerStateMachine (ContainerStateMachine.java:loadSnapshot(226)) - group-9F9F9950B0A8: The snapshot info is null. Setting the last applied indexto:(t:0, i:~)
2019-08-28 19:12:19,030 [pool-466-thread-1] INFO  server.RaftServerConfigKeys (ConfUtils.java:logGet(43)) - raft.server.leader.election.timeout = 120s (custom)
2019-08-28 19:12:19,031 [pool-455-thread-1] INFO  server.RaftServerConfigKeys (ConfUtils.java:logGet(43)) - raft.server.leader.election.timeout = 120s (custom)
2019-08-28 19:12:19,031 [pool-444-thread-1] INFO  server.RaftServerConfigKeys (ConfUtils.java:logGet(43)) - raft.server.leader.election.timeout = 120s (custom)
2019-08-28 19:12:19,031 [pool-455-thread-1] INFO  server.RaftServerConfigKeys (ConfUtils.java:logGet(43)) - raft.server.log.use.memory = false (default)
2019-08-28 19:12:19,031 [pool-466-thread-1] INFO  server.RaftServerConfigKeys (ConfUtils.java:logGet(43)) - raft.server.log.use.memory = false (default)
2019-08-28 19:12:19,031 [pool-455-thread-1] INFO  server.RaftServerConfigKeys (ConfUtils.java:logGet(43)) - raft.server.log.purge.gap = 1000000 (custom)
2019-08-28 19:12:19,031 [pool-444-thread-1] INFO  server.RaftServerConfigKeys (ConfUtils.java:logGet(43)) - raft.server.log.use.memory = false (default)
2019-08-28 19:12:19,031 [pool-455-thread-1] INFO  server.RaftServerConfigKeys (ConfUtils.java:logGet(43)) - raft.server.log.appender.buffer.byte-limit = 33554432 (custom)
2019-08-28 19:12:19,031 [pool-466-thread-1] INFO  server.RaftServerConfigKeys (ConfUtils.java:logGet(43)) - raft.server.log.purge.gap = 1000000 (custom)
2019-08-28 19:12:19,032 [pool-455-thread-1] INFO  server.RaftServerConfigKeys (ConfUtils.java:logGet(43)) - raft.server.log.segment.size.max = 1048576 (custom)
2019-08-28 19:12:19,031 [pool-444-thread-1] INFO  server.RaftServerConfigKeys (ConfUtils.java:logGet(43)) - raft.server.log.purge.gap = 1000000 (custom)
2019-08-28 19:12:19,032 [pool-455-thread-1] INFO  server.RaftServerConfigKeys (ConfUtils.java:logGet(43)) - raft.server.log.segment.cache.num.max = 2 (custom)
2019-08-28 19:12:19,032 [pool-466-thread-1] INFO  server.RaftServerConfigKeys (ConfUtils.java:logGet(43)) - raft.server.log.appender.buffer.byte-limit = 33554432 (custom)
2019-08-28 19:12:19,032 [pool-455-thread-1] INFO  segmented.SegmentedRaftLogWorker (SegmentedRaftLogWorker.java:<init>(172)) - new d28ba164-7668-43e2-a317-bea85156c188-SegmentedRaftLogWorker:Storage Directory /workdir/hadoop-ozone/integration-test/target/test-dir/MiniOzoneClusterImpl-3ce2fde9-0a18-41d4-8c47-cb897b02b2eb/datanode-4/data/ratis/ddaaeb7a-32e0-4b83-bc3c-9f9f9950b0a8 for RaftStorage:Storage Directory /workdir/hadoop-ozone/integration-test/target/test-dir/MiniOzoneClusterImpl-3ce2fde9-0a18-41d4-8c47-cb897b02b2eb/datanode-4/data/ratis/ddaaeb7a-32e0-4b83-bc3c-9f9f9950b0a8
2019-08-28 19:12:19,032 [pool-444-thread-1] INFO  server.RaftServerConfigKeys (ConfUtils.java:logGet(43)) - raft.server.log.appender.buffer.byte-limit = 33554432 (custom)
2019-08-28 19:12:19,032 [pool-455-thread-1] INFO  server.RaftServerConfigKeys (ConfUtils.java:logGet(43)) - raft.server.log.queue.byte-limit = 2147483647 (custom)
2019-08-28 19:12:19,032 [pool-466-thread-1] INFO  server.RaftServerConfigKeys (ConfUtils.java:logGet(43)) - raft.server.log.segment.size.max = 1048576 (custom)
2019-08-28 19:12:19,033 [pool-455-thread-1] INFO  server.RaftServerConfigKeys (ConfUtils.java:logGet(43)) - raft.server.log.queue.element-limit = 1024 (custom)
2019-08-28 19:12:19,032 [pool-444-thread-1] INFO  server.RaftServerConfigKeys (ConfUtils.java:logGet(43)) - raft.server.log.segment.size.max = 1048576 (custom)
2019-08-28 19:12:19,033 [pool-455-thread-1] INFO  server.RaftServerConfigKeys (ConfUtils.java:logGet(43)) - raft.server.log.segment.size.max = 1048576 (custom)
2019-08-28 19:12:19,033 [pool-466-thread-1] INFO  server.RaftServerConfigKeys (ConfUtils.java:logGet(43)) - raft.server.log.segment.cache.num.max = 2 (custom)
2019-08-28 19:12:19,033 [pool-455-thread-1] INFO  server.RaftServerConfigKeys (ConfUtils.java:logGet(43)) - raft.server.log.preallocated.size = 16384 (custom)
2019-08-28 19:12:19,033 [pool-444-thread-1] INFO  server.RaftServerConfigKeys (ConfUtils.java:logGet(43)) - raft.server.log.segment.cache.num.max = 2 (custom)
2019-08-28 19:12:19,033 [pool-455-thread-1] INFO  server.RaftServerConfigKeys (ConfUtils.java:logGet(43)) - raft.server.log.write.buffer.size = 33554432 (custom)
2019-08-28 19:12:19,033 [pool-466-thread-1] INFO  segmented.SegmentedRaftLogWorker (SegmentedRaftLogWorker.java:<init>(172)) - new 6746a90d-cf8b-4530-9aed-ada9eea3074f-SegmentedRaftLogWorker:Storage Directory /workdir/hadoop-ozone/integration-test/target/test-dir/MiniOzoneClusterImpl-3ce2fde9-0a18-41d4-8c47-cb897b02b2eb/datanode-5/data/ratis/ddaaeb7a-32e0-4b83-bc3c-9f9f9950b0a8 for RaftStorage:Storage Directory /workdir/hadoop-ozone/integration-test/target/test-dir/MiniOzoneClusterImpl-3ce2fde9-0a18-41d4-8c47-cb897b02b2eb/datanode-5/data/ratis/ddaaeb7a-32e0-4b83-bc3c-9f9f9950b0a8
2019-08-28 19:12:19,034 [pool-455-thread-1] INFO  server.RaftServerConfigKeys (ConfUtils.java:logGet(43)) - raft.server.log.force.sync.num = 128 (default)
2019-08-28 19:12:19,033 [pool-444-thread-1] INFO  segmented.SegmentedRaftLogWorker (SegmentedRaftLogWorker.java:<init>(172)) - new 70d1db21-1697-4809-b58f-4bb5345b25c0-SegmentedRaftLogWorker:Storage Directory /workdir/hadoop-ozone/integration-test/target/test-dir/MiniOzoneClusterImpl-3ce2fde9-0a18-41d4-8c47-cb897b02b2eb/datanode-3/data/ratis/ddaaeb7a-32e0-4b83-bc3c-9f9f9950b0a8 for RaftStorage:Storage Directory /workdir/hadoop-ozone/integration-test/target/test-dir/MiniOzoneClusterImpl-3ce2fde9-0a18-41d4-8c47-cb897b02b2eb/datanode-3/data/ratis/ddaaeb7a-32e0-4b83-bc3c-9f9f9950b0a8
2019-08-28 19:12:19,034 [pool-455-thread-1] INFO  server.RaftServerConfigKeys (ConfUtils.java:logGet(43)) - raft.server.log.statemachine.data.sync = true (default)
2019-08-28 19:12:19,034 [pool-466-thread-1] INFO  server.RaftServerConfigKeys (ConfUtils.java:logGet(43)) - raft.server.log.queue.byte-limit = 2147483647 (custom)
2019-08-28 19:12:19,034 [pool-455-thread-1] INFO  server.RaftServerConfigKeys (ConfUtils.java:logGet(43)) - raft.server.log.statemachine.data.sync.timeout = 10s (default)
2019-08-28 19:12:19,034 [pool-444-thread-1] INFO  server.RaftServerConfigKeys (ConfUtils.java:logGet(43)) - raft.server.log.queue.byte-limit = 2147483647 (custom)
2019-08-28 19:12:19,034 [pool-455-thread-1] INFO  server.RaftServerConfigKeys (ConfUtils.java:logGet(43)) - raft.server.log.statemachine.data.sync.timeout.retry = -1 (default)
2019-08-28 19:12:19,034 [pool-466-thread-1] INFO  server.RaftServerConfigKeys (ConfUtils.java:logGet(43)) - raft.server.log.queue.element-limit = 1024 (custom)
2019-08-28 19:12:19,035 [pool-455-thread-1] INFO  server.RaftServerConfigKeys (ConfUtils.java:logGet(43)) - raft.server.log.statemachine.data.caching.enabled = true (custom)
2019-08-28 19:12:19,034 [pool-444-thread-1] INFO  server.RaftServerConfigKeys (ConfUtils.java:logGet(43)) - raft.server.log.queue.element-limit = 1024 (custom)
2019-08-28 19:12:19,035 [pool-466-thread-1] INFO  server.RaftServerConfigKeys (ConfUtils.java:logGet(43)) - raft.server.log.segment.size.max = 1048576 (custom)
2019-08-28 19:12:19,035 [pool-455-thread-1] INFO  segmented.SegmentedRaftLogWorker (SegmentedRaftLogWorker.java:lambda$new$0(132)) - d28ba164-7668-43e2-a317-bea85156c188-SegmentedRaftLogWorker:Storage Directory /workdir/hadoop-ozone/integration-test/target/test-dir/MiniOzoneClusterImpl-3ce2fde9-0a18-41d4-8c47-cb897b02b2eb/datanode-4/data/ratis/ddaaeb7a-32e0-4b83-bc3c-9f9f9950b0a8: flushIndex: setUnconditionally 0 -> -1
2019-08-28 19:12:19,035 [pool-444-thread-1] INFO  server.RaftServerConfigKeys (ConfUtils.java:logGet(43)) - raft.server.log.segment.size.max = 1048576 (custom)
2019-08-28 19:12:19,035 [pool-466-thread-1] INFO  server.RaftServerConfigKeys (ConfUtils.java:logGet(43)) - raft.server.log.preallocated.size = 16384 (custom)
2019-08-28 19:12:19,035 [pool-455-thread-1] INFO  server.RaftServerConfigKeys (ConfUtils.java:logGet(43)) - raft.server.snapshot.auto.trigger.enabled = true (custom)
2019-08-28 19:12:19,035 [pool-444-thread-1] INFO  server.RaftServerConfigKeys (ConfUtils.java:logGet(43)) - raft.server.log.preallocated.size = 16384 (custom)
2019-08-28 19:12:19,035 [pool-455-thread-1] INFO  server.RaftServerConfigKeys (ConfUtils.java:logGet(43)) - raft.server.snapshot.auto.trigger.threshold = 10000 (custom)
2019-08-28 19:12:19,035 [pool-466-thread-1] INFO  server.RaftServerConfigKeys (ConfUtils.java:logGet(43)) - raft.server.log.write.buffer.size = 33554432 (custom)
2019-08-28 19:12:19,036 [pool-455-thread-1] INFO  server.RaftServerConfigKeys (ConfUtils.java:logGet(43)) - raft.server.retrycache.expirytime = 600000ms (custom)
2019-08-28 19:12:19,036 [pool-444-thread-1] INFO  server.RaftServerConfigKeys (ConfUtils.java:logGet(43)) - raft.server.log.write.buffer.size = 33554432 (custom)
2019-08-28 19:12:19,036 [pool-466-thread-1] INFO  server.RaftServerConfigKeys (ConfUtils.java:logGet(43)) - raft.server.log.force.sync.num = 128 (default)
2019-08-28 19:12:19,036 [pool-455-thread-1] INFO  impl.RaftServerImpl (RaftServerImpl.java:start(180)) - d28ba164-7668-43e2-a317-bea85156c188: start group-9F9F9950B0A8
2019-08-28 19:12:19,036 [pool-444-thread-1] INFO  server.RaftServerConfigKeys (ConfUtils.java:logGet(43)) - raft.server.log.force.sync.num = 128 (default)
2019-08-28 19:12:19,036 [pool-455-thread-1] INFO  impl.RaftServerImpl (RaftServerImpl.java:setRole(171)) - d28ba164-7668-43e2-a317-bea85156c188:group-9F9F9950B0A8 changes role from null to FOLLOWER at term 0 for startAsFollower
2019-08-28 19:12:19,036 [pool-466-thread-1] INFO  server.RaftServerConfigKeys (ConfUtils.java:logGet(43)) - raft.server.log.statemachine.data.sync = true (default)
2019-08-28 19:12:19,036 [pool-455-thread-1] INFO  impl.RoleInfo (RoleInfo.java:updateAndGet(143)) - d28ba164-7668-43e2-a317-bea85156c188: start FollowerState
2019-08-28 19:12:19,036 [pool-444-thread-1] INFO  server.RaftServerConfigKeys (ConfUtils.java:logGet(43)) - raft.server.log.statemachine.data.sync = true (default)
2019-08-28 19:12:19,037 [pool-466-thread-1] INFO  server.RaftServerConfigKeys (ConfUtils.java:logGet(43)) - raft.server.log.statemachine.data.sync.timeout = 10s (default)
2019-08-28 19:12:19,037 [pool-444-thread-1] INFO  server.RaftServerConfigKeys (ConfUtils.java:logGet(43)) - raft.server.log.statemachine.data.sync.timeout = 10s (default)
2019-08-28 19:12:19,037 [pool-466-thread-1] INFO  server.RaftServerConfigKeys (ConfUtils.java:logGet(43)) - raft.server.log.statemachine.data.sync.timeout.retry = -1 (default)
2019-08-28 19:12:19,037 [pool-455-thread-1] INFO  util.JmxRegister (JmxRegister.java:tryRegister(44)) - Successfully registered JMX Bean with object name Ratis:service=RaftServer,group=group-9F9F9950B0A8,id=d28ba164-7668-43e2-a317-bea85156c188
2019-08-28 19:12:19,037 [pool-444-thread-1] INFO  server.RaftServerConfigKeys (ConfUtils.java:logGet(43)) - raft.server.log.statemachine.data.sync.timeout.retry = -1 (default)
2019-08-28 19:12:19,037 [pool-466-thread-1] INFO  server.RaftServerConfigKeys (ConfUtils.java:logGet(43)) - raft.server.log.statemachine.data.caching.enabled = true (custom)
2019-08-28 19:12:19,037 [pool-444-thread-1] INFO  server.RaftServerConfigKeys (ConfUtils.java:logGet(43)) - raft.server.log.statemachine.data.caching.enabled = true (custom)
2019-08-28 19:12:19,038 [pool-466-thread-1] INFO  segmented.SegmentedRaftLogWorker (SegmentedRaftLogWorker.java:lambda$new$0(132)) - 6746a90d-cf8b-4530-9aed-ada9eea3074f-SegmentedRaftLogWorker:Storage Directory /workdir/hadoop-ozone/integration-test/target/test-dir/MiniOzoneClusterImpl-3ce2fde9-0a18-41d4-8c47-cb897b02b2eb/datanode-5/data/ratis/ddaaeb7a-32e0-4b83-bc3c-9f9f9950b0a8: flushIndex: setUnconditionally 0 -> -1
2019-08-28 19:12:19,038 [pool-444-thread-1] INFO  segmented.SegmentedRaftLogWorker (SegmentedRaftLogWorker.java:lambda$new$0(132)) - 70d1db21-1697-4809-b58f-4bb5345b25c0-SegmentedRaftLogWorker:Storage Directory /workdir/hadoop-ozone/integration-test/target/test-dir/MiniOzoneClusterImpl-3ce2fde9-0a18-41d4-8c47-cb897b02b2eb/datanode-3/data/ratis/ddaaeb7a-32e0-4b83-bc3c-9f9f9950b0a8: flushIndex: setUnconditionally 0 -> -1
2019-08-28 19:12:19,038 [pool-466-thread-1] INFO  server.RaftServerConfigKeys (ConfUtils.java:logGet(43)) - raft.server.snapshot.auto.trigger.enabled = true (custom)
2019-08-28 19:12:19,038 [pool-444-thread-1] INFO  server.RaftServerConfigKeys (ConfUtils.java:logGet(43)) - raft.server.snapshot.auto.trigger.enabled = true (custom)
2019-08-28 19:12:19,038 [pool-466-thread-1] INFO  server.RaftServerConfigKeys (ConfUtils.java:logGet(43)) - raft.server.snapshot.auto.trigger.threshold = 10000 (custom)
2019-08-28 19:12:19,038 [pool-444-thread-1] INFO  server.RaftServerConfigKeys (ConfUtils.java:logGet(43)) - raft.server.snapshot.auto.trigger.threshold = 10000 (custom)
2019-08-28 19:12:19,038 [pool-444-thread-1] INFO  server.RaftServerConfigKeys (ConfUtils.java:logGet(43)) - raft.server.retrycache.expirytime = 600000ms (custom)
2019-08-28 19:12:19,038 [pool-444-thread-1] INFO  impl.RaftServerImpl (RaftServerImpl.java:start(180)) - 70d1db21-1697-4809-b58f-4bb5345b25c0: start group-9F9F9950B0A8
2019-08-28 19:12:19,039 [pool-444-thread-1] INFO  impl.RaftServerImpl (RaftServerImpl.java:setRole(171)) - 70d1db21-1697-4809-b58f-4bb5345b25c0:group-9F9F9950B0A8 changes role from null to FOLLOWER at term 0 for startAsFollower
2019-08-28 19:12:19,038 [pool-466-thread-1] INFO  server.RaftServerConfigKeys (ConfUtils.java:logGet(43)) - raft.server.retrycache.expirytime = 600000ms (custom)
2019-08-28 19:12:19,039 [pool-444-thread-1] INFO  impl.RoleInfo (RoleInfo.java:updateAndGet(143)) - 70d1db21-1697-4809-b58f-4bb5345b25c0: start FollowerState
2019-08-28 19:12:19,039 [pool-466-thread-1] INFO  impl.RaftServerImpl (RaftServerImpl.java:start(180)) - 6746a90d-cf8b-4530-9aed-ada9eea3074f: start group-9F9F9950B0A8
2019-08-28 19:12:19,039 [pool-466-thread-1] INFO  impl.RaftServerImpl (RaftServerImpl.java:setRole(171)) - 6746a90d-cf8b-4530-9aed-ada9eea3074f:group-9F9F9950B0A8 changes role from null to FOLLOWER at term 0 for startAsFollower
2019-08-28 19:12:19,039 [pool-444-thread-1] INFO  util.JmxRegister (JmxRegister.java:tryRegister(44)) - Successfully registered JMX Bean with object name Ratis:service=RaftServer,group=group-9F9F9950B0A8,id=70d1db21-1697-4809-b58f-4bb5345b25c0
2019-08-28 19:12:19,039 [pool-466-thread-1] INFO  impl.RoleInfo (RoleInfo.java:updateAndGet(143)) - 6746a90d-cf8b-4530-9aed-ada9eea3074f: start FollowerState
2019-08-28 19:12:19,040 [pool-466-thread-1] INFO  util.JmxRegister (JmxRegister.java:tryRegister(44)) - Successfully registered JMX Bean with object name Ratis:service=RaftServer,group=group-9F9F9950B0A8,id=6746a90d-cf8b-4530-9aed-ada9eea3074f
2019-08-28 19:12:19,041 [RatisPipelineUtilsThread] INFO  pipeline.PipelineStateManager (PipelineStateManager.java:addPipeline(56)) - Created pipeline Pipeline[ Id: ddaaeb7a-32e0-4b83-bc3c-9f9f9950b0a8, Nodes: d28ba164-7668-43e2-a317-bea85156c188{ip: 192.168.69.102, host: pr-hdds-1783-trunk-gtrxg-786569963, networkLocation: /default-rack, certSerialId: null}6746a90d-cf8b-4530-9aed-ada9eea3074f{ip: 192.168.69.102, host: pr-hdds-1783-trunk-gtrxg-786569963, networkLocation: /default-rack, certSerialId: null}70d1db21-1697-4809-b58f-4bb5345b25c0{ip: 192.168.69.102, host: pr-hdds-1783-trunk-gtrxg-786569963, networkLocation: /default-rack, certSerialId: null}, Type:RATIS, Factor:THREE, State:OPEN]
2019-08-28 19:12:19,139 [IPC Server handler 3 on 45902] INFO  net.NetworkTopology (NetworkTopologyImpl.java:add(110)) - Added a new node: /default-rack/bca68fa7-7b80-4ad8-96f2-b14f19da762c
2019-08-28 19:12:19,139 [IPC Server handler 3 on 45902] INFO  node.SCMNodeManager (SCMNodeManager.java:register(273)) - Registered Data node : bca68fa7-7b80-4ad8-96f2-b14f19da762c{ip: 192.168.69.102, host: pr-hdds-1783-trunk-gtrxg-786569963, networkLocation: /default-rack, certSerialId: null}
2019-08-28 19:12:19,139 | INFO  | SCMAudit | user=jenkins1000 | ip=192.168.69.102 | op=REGISTER {datanodeDetails=bca68fa7-7b80-4ad8-96f2-b14f19da762c{ip: 192.168.69.102, host: pr-hdds-1783-trunk-gtrxg-786569963, networkLocation: /default-rack, certSerialId: null}} | ret=SUCCESS |  
2019-08-28 19:12:19,143 [main] INFO  ozone.MiniOzoneClusterImpl (MiniOzoneClusterImpl.java:lambda$waitForClusterToBeReady$0(142)) - Cluster is ready. Got 7 of 7 DN Heartbeats.
2019-08-28 19:12:19,147 [grpc-default-executor-4] INFO  impl.RaftServerProxy (RaftServerProxy.java:addNew(89)) - bca68fa7-7b80-4ad8-96f2-b14f19da762c: addNew group-EA754E984B64:[bca68fa7-7b80-4ad8-96f2-b14f19da762c:192.168.69.102:37392] returns group-EA754E984B64:java.util.concurrent.CompletableFuture@6bf9ef13[Not completed]
2019-08-28 19:12:19,148 [pool-477-thread-1] INFO  impl.RaftServerImpl (RaftServerImpl.java:<init>(93)) - bca68fa7-7b80-4ad8-96f2-b14f19da762c: new RaftServerImpl for group-EA754E984B64:[bca68fa7-7b80-4ad8-96f2-b14f19da762c:192.168.69.102:37392] with ContainerStateMachine:uninitialized
2019-08-28 19:12:19,149 [pool-477-thread-1] INFO  server.RaftServerConfigKeys (ConfUtils.java:logGet(43)) - raft.server.rpc.timeout.min = 5s (custom)
2019-08-28 19:12:19,149 [pool-477-thread-1] INFO  server.RaftServerConfigKeys (ConfUtils.java:logGet(43)) - raft.server.rpc.timeout.max = 5200ms (custom)
2019-08-28 19:12:19,149 [pool-477-thread-1] INFO  server.RaftServerConfigKeys (ConfUtils.java:logGet(43)) - raft.server.rpcslowness.timeout = 120s (custom)
2019-08-28 19:12:19,149 [pool-477-thread-1] INFO  server.RaftServerConfigKeys (ConfUtils.java:logGet(43)) - raft.server.sleep.deviation.threshold = 300 (default)
2019-08-28 19:12:19,156 [pool-477-thread-1] INFO  server.RaftServerConfigKeys (ConfUtils.java:logGet(43)) - raft.server.log.appender.install.snapshot.enabled = false (custom)
2019-08-28 19:12:19,156 [pool-477-thread-1] INFO  impl.RaftServerImpl (ServerState.java:<init>(105)) - bca68fa7-7b80-4ad8-96f2-b14f19da762c:group-EA754E984B64 ConfigurationManager, init=-1: [bca68fa7-7b80-4ad8-96f2-b14f19da762c:192.168.69.102:37392], old=null, confs=<EMPTY_MAP>
2019-08-28 19:12:19,156 [pool-477-thread-1] INFO  server.RaftServerConfigKeys (ConfUtils.java:logGet(43)) - raft.server.storage.dir = [/workdir/hadoop-ozone/integration-test/target/test-dir/MiniOzoneClusterImpl-3ce2fde9-0a18-41d4-8c47-cb897b02b2eb/datanode-6/data/ratis] (custom)
2019-08-28 19:12:19,156 [pool-477-thread-1] INFO  storage.RaftStorageDirectory (RaftStorageDirectory.java:analyzeStorage(246)) - The storage directory /workdir/hadoop-ozone/integration-test/target/test-dir/MiniOzoneClusterImpl-3ce2fde9-0a18-41d4-8c47-cb897b02b2eb/datanode-6/data/ratis/3ee421da-e2d0-4f0e-ad6d-ea754e984b64 does not exist. Creating ...
2019-08-28 19:12:19,181 [pool-477-thread-1] INFO  storage.RaftStorageDirectory (RaftStorageDirectory.java:tryLock(328)) - Lock on /workdir/hadoop-ozone/integration-test/target/test-dir/MiniOzoneClusterImpl-3ce2fde9-0a18-41d4-8c47-cb897b02b2eb/datanode-6/data/ratis/3ee421da-e2d0-4f0e-ad6d-ea754e984b64/in_use.lock acquired by nodename 31818@pr-hdds-1783-trunk-gtrxg-786569963
2019-08-28 19:12:19,183 [main] INFO  rpc.RpcClient (RpcClient.java:createVolume(293)) - Creating Volume: watchforcommithandlingtest, with jenkins1000 as owner.
2019-08-28 19:12:19,185 | INFO  | OMAudit | user=jenkins1000 | ip=127.0.0.1 | op=CREATE_VOLUME {admin=jenkins1000, owner=jenkins1000, volume=watchforcommithandlingtest, creationTime=1567019539184, quotaInBytes=1152921504606846976} | ret=SUCCESS |  
2019-08-28 19:12:19,194 | INFO  | OMAudit | user=jenkins1000 | ip=127.0.0.1 | op=READ_VOLUME {volume=watchforcommithandlingtest} | ret=SUCCESS |  
2019-08-28 19:12:19,195 [main] INFO  rpc.RpcClient (RpcClient.java:createBucket(432)) - Creating Bucket: watchforcommithandlingtest/watchforcommithandlingtest, with Versioning false and Storage Type set to DISK and Encryption set to false 
2019-08-28 19:12:19,198 [pool-477-thread-1] INFO  storage.RaftStorage (RaftStorage.java:format(72)) - Storage directory /workdir/hadoop-ozone/integration-test/target/test-dir/MiniOzoneClusterImpl-3ce2fde9-0a18-41d4-8c47-cb897b02b2eb/datanode-6/data/ratis/3ee421da-e2d0-4f0e-ad6d-ea754e984b64 has been successfully formatted.
2019-08-28 19:12:19,198 | INFO  | OMAudit | user=jenkins1000 | ip=127.0.0.1 | op=CREATE_BUCKET {volume=watchforcommithandlingtest, bucket=watchforcommithandlingtest, acls=[user:jenkins1000:a[ACCESS], group:default:a[ACCESS]], isVersionEnabled=false, storageType=DISK, creationTime=0} | ret=SUCCESS |  
2019-08-28 19:12:19,198 [pool-477-thread-1] INFO  ratis.ContainerStateMachine (ContainerStateMachine.java:loadSnapshot(226)) - group-EA754E984B64: The snapshot info is null. Setting the last applied indexto:(t:0, i:~)
2019-08-28 19:12:19,198 [pool-477-thread-1] INFO  server.RaftServerConfigKeys (ConfUtils.java:logGet(43)) - raft.server.leader.election.timeout = 120s (custom)
2019-08-28 19:12:19,198 [pool-477-thread-1] INFO  server.RaftServerConfigKeys (ConfUtils.java:logGet(43)) - raft.server.log.use.memory = false (default)
2019-08-28 19:12:19,198 [main] INFO  ozone.MiniOzoneClusterImpl (MiniOzoneClusterImpl.java:getStorageContainerLocationClient(241)) - Creating StorageContainerLocationProtocol RPC client with address /0.0.0.0:36004
2019-08-28 19:12:19,199 [pool-477-thread-1] INFO  server.RaftServerConfigKeys (ConfUtils.java:logGet(43)) - raft.server.log.purge.gap = 1000000 (custom)
2019-08-28 19:12:19,199 [pool-477-thread-1] INFO  server.RaftServerConfigKeys (ConfUtils.java:logGet(43)) - raft.server.log.appender.buffer.byte-limit = 33554432 (custom)
2019-08-28 19:12:19,199 [pool-477-thread-1] INFO  server.RaftServerConfigKeys (ConfUtils.java:logGet(43)) - raft.server.log.segment.size.max = 1048576 (custom)
2019-08-28 19:12:19,199 [pool-477-thread-1] INFO  server.RaftServerConfigKeys (ConfUtils.java:logGet(43)) - raft.server.log.segment.cache.num.max = 2 (custom)
2019-08-28 19:12:19,199 [pool-477-thread-1] INFO  segmented.SegmentedRaftLogWorker (SegmentedRaftLogWorker.java:<init>(172)) - new bca68fa7-7b80-4ad8-96f2-b14f19da762c-SegmentedRaftLogWorker:Storage Directory /workdir/hadoop-ozone/integration-test/target/test-dir/MiniOzoneClusterImpl-3ce2fde9-0a18-41d4-8c47-cb897b02b2eb/datanode-6/data/ratis/3ee421da-e2d0-4f0e-ad6d-ea754e984b64 for RaftStorage:Storage Directory /workdir/hadoop-ozone/integration-test/target/test-dir/MiniOzoneClusterImpl-3ce2fde9-0a18-41d4-8c47-cb897b02b2eb/datanode-6/data/ratis/3ee421da-e2d0-4f0e-ad6d-ea754e984b64
2019-08-28 19:12:19,199 [pool-477-thread-1] INFO  server.RaftServerConfigKeys (ConfUtils.java:logGet(43)) - raft.server.log.queue.byte-limit = 2147483647 (custom)
2019-08-28 19:12:19,200 [pool-477-thread-1] INFO  server.RaftServerConfigKeys (ConfUtils.java:logGet(43)) - raft.server.log.queue.element-limit = 1024 (custom)
2019-08-28 19:12:19,200 [pool-477-thread-1] INFO  server.RaftServerConfigKeys (ConfUtils.java:logGet(43)) - raft.server.log.segment.size.max = 1048576 (custom)
2019-08-28 19:12:19,200 [pool-477-thread-1] INFO  server.RaftServerConfigKeys (ConfUtils.java:logGet(43)) - raft.server.log.preallocated.size = 16384 (custom)
2019-08-28 19:12:19,200 [pool-477-thread-1] INFO  server.RaftServerConfigKeys (ConfUtils.java:logGet(43)) - raft.server.log.write.buffer.size = 33554432 (custom)
2019-08-28 19:12:19,200 [pool-477-thread-1] INFO  server.RaftServerConfigKeys (ConfUtils.java:logGet(43)) - raft.server.log.force.sync.num = 128 (default)
2019-08-28 19:12:19,200 [pool-477-thread-1] INFO  server.RaftServerConfigKeys (ConfUtils.java:logGet(43)) - raft.server.log.statemachine.data.sync = true (default)
2019-08-28 19:12:19,201 [pool-477-thread-1] INFO  server.RaftServerConfigKeys (ConfUtils.java:logGet(43)) - raft.server.log.statemachine.data.sync.timeout = 10s (default)
2019-08-28 19:12:19,201 [pool-477-thread-1] INFO  server.RaftServerConfigKeys (ConfUtils.java:logGet(43)) - raft.server.log.statemachine.data.sync.timeout.retry = -1 (default)
2019-08-28 19:12:19,201 [pool-477-thread-1] INFO  server.RaftServerConfigKeys (ConfUtils.java:logGet(43)) - raft.server.log.statemachine.data.caching.enabled = true (custom)
2019-08-28 19:12:19,201 [pool-477-thread-1] INFO  segmented.SegmentedRaftLogWorker (SegmentedRaftLogWorker.java:lambda$new$0(132)) - bca68fa7-7b80-4ad8-96f2-b14f19da762c-SegmentedRaftLogWorker:Storage Directory /workdir/hadoop-ozone/integration-test/target/test-dir/MiniOzoneClusterImpl-3ce2fde9-0a18-41d4-8c47-cb897b02b2eb/datanode-6/data/ratis/3ee421da-e2d0-4f0e-ad6d-ea754e984b64: flushIndex: setUnconditionally 0 -> -1
2019-08-28 19:12:19,202 [pool-477-thread-1] INFO  server.RaftServerConfigKeys (ConfUtils.java:logGet(43)) - raft.server.snapshot.auto.trigger.enabled = true (custom)
2019-08-28 19:12:19,202 [pool-477-thread-1] INFO  server.RaftServerConfigKeys (ConfUtils.java:logGet(43)) - raft.server.snapshot.auto.trigger.threshold = 10000 (custom)
2019-08-28 19:12:19,202 [pool-477-thread-1] INFO  server.RaftServerConfigKeys (ConfUtils.java:logGet(43)) - raft.server.retrycache.expirytime = 600000ms (custom)
2019-08-28 19:12:19,202 [pool-477-thread-1] INFO  impl.RaftServerImpl (RaftServerImpl.java:start(180)) - bca68fa7-7b80-4ad8-96f2-b14f19da762c: start group-EA754E984B64
2019-08-28 19:12:19,202 [pool-477-thread-1] INFO  impl.RaftServerImpl (RaftServerImpl.java:setRole(171)) - bca68fa7-7b80-4ad8-96f2-b14f19da762c:group-EA754E984B64 changes role from null to FOLLOWER at term 0 for startAsFollower
2019-08-28 19:12:19,202 [pool-477-thread-1] INFO  impl.RoleInfo (RoleInfo.java:updateAndGet(143)) - bca68fa7-7b80-4ad8-96f2-b14f19da762c: start FollowerState
2019-08-28 19:12:19,203 [pool-477-thread-1] INFO  util.JmxRegister (JmxRegister.java:tryRegister(44)) - Successfully registered JMX Bean with object name Ratis:service=RaftServer,group=group-EA754E984B64,id=bca68fa7-7b80-4ad8-96f2-b14f19da762c
2019-08-28 19:12:19,205 [RatisPipelineUtilsThread] INFO  pipeline.PipelineStateManager (PipelineStateManager.java:addPipeline(56)) - Created pipeline Pipeline[ Id: 3ee421da-e2d0-4f0e-ad6d-ea754e984b64, Nodes: bca68fa7-7b80-4ad8-96f2-b14f19da762c{ip: 192.168.69.102, host: pr-hdds-1783-trunk-gtrxg-786569963, networkLocation: /default-rack, certSerialId: null}, Type:RATIS, Factor:ONE, State:OPEN]
2019-08-28 19:12:19,218 [grpc-default-executor-4] INFO  client.GrpcClientProtocolClient (GrpcClientProtocolClient.java:onNext(255)) - client-9E659FCB78A6->5f468c14-038a-4f85-b2bd-10bf135ba5a5: receive RaftClientReply:client-9E659FCB78A6->5f468c14-038a-4f85-b2bd-10bf135ba5a5@group-FD8920EECC50, cid=103, FAILED org.apache.ratis.protocol.NotLeaderException: Server 5f468c14-038a-4f85-b2bd-10bf135ba5a5 is not the leader (null). Request must be sent to leader., logIndex=0, commits[5f468c14-038a-4f85-b2bd-10bf135ba5a5:c-1]
2019-08-28 19:12:19,860 | INFO  | SCMAudit | user=jenkins1000 | ip=192.168.69.102 | op=SEND_HEARTBEAT {datanodeUUID=4a18b6df-35de-47cd-9e69-0c99ba3bc4ca, command=[]} | ret=SUCCESS |  
2019-08-28 19:12:20,060 | INFO  | SCMAudit | user=jenkins1000 | ip=192.168.69.102 | op=SEND_HEARTBEAT {datanodeUUID=5f468c14-038a-4f85-b2bd-10bf135ba5a5, command=[]} | ret=SUCCESS |  
2019-08-28 19:12:20,234 [grpc-default-executor-4] INFO  client.GrpcClientProtocolClient (GrpcClientProtocolClient.java:onNext(255)) - client-9E659FCB78A6->4a18b6df-35de-47cd-9e69-0c99ba3bc4ca: receive RaftClientReply:client-9E659FCB78A6->4a18b6df-35de-47cd-9e69-0c99ba3bc4ca@group-FD8920EECC50, cid=103, FAILED org.apache.ratis.protocol.NotLeaderException: Server 4a18b6df-35de-47cd-9e69-0c99ba3bc4ca is not the leader (null). Request must be sent to leader., logIndex=0, commits[4a18b6df-35de-47cd-9e69-0c99ba3bc4ca:c-1]
2019-08-28 19:12:20,282 | INFO  | SCMAudit | user=jenkins1000 | ip=192.168.69.102 | op=SEND_HEARTBEAT {datanodeUUID=b8d2982f-8acd-46a4-922f-bcc5c81c0c27, command=[]} | ret=SUCCESS |  
2019-08-28 19:12:20,492 | INFO  | SCMAudit | user=jenkins1000 | ip=192.168.69.102 | op=SEND_HEARTBEAT {datanodeUUID=70d1db21-1697-4809-b58f-4bb5345b25c0, command=[]} | ret=SUCCESS |  
2019-08-28 19:12:20,715 | INFO  | SCMAudit | user=jenkins1000 | ip=192.168.69.102 | op=SEND_HEARTBEAT {datanodeUUID=d28ba164-7668-43e2-a317-bea85156c188, command=[]} | ret=SUCCESS |  
2019-08-28 19:12:20,860 | INFO  | SCMAudit | user=jenkins1000 | ip=192.168.69.102 | op=SEND_HEARTBEAT {datanodeUUID=4a18b6df-35de-47cd-9e69-0c99ba3bc4ca, command=[]} | ret=SUCCESS |  
2019-08-28 19:12:20,873 [Thread-2534] INFO  container.ReplicationManager (ReplicationManager.java:start(152)) - Starting Replication Monitor Thread.
2019-08-28 19:12:20,878 [ReplicationMonitor] INFO  container.ReplicationManager (ReplicationManager.java:run(215)) - Replication Monitor Thread took 0 milliseconds for processing 1 containers.
2019-08-28 19:12:20,920 | INFO  | SCMAudit | user=jenkins1000 | ip=192.168.69.102 | op=SEND_HEARTBEAT {datanodeUUID=6746a90d-cf8b-4530-9aed-ada9eea3074f, command=[]} | ret=SUCCESS |  
2019-08-28 19:12:21,060 | INFO  | SCMAudit | user=jenkins1000 | ip=192.168.69.102 | op=SEND_HEARTBEAT {datanodeUUID=5f468c14-038a-4f85-b2bd-10bf135ba5a5, command=[]} | ret=SUCCESS |  
2019-08-28 19:12:21,139 | INFO  | SCMAudit | user=jenkins1000 | ip=192.168.69.102 | op=SEND_HEARTBEAT {datanodeUUID=bca68fa7-7b80-4ad8-96f2-b14f19da762c, command=[]} | ret=SUCCESS |  
2019-08-28 19:12:21,248 [grpc-default-executor-4] INFO  client.GrpcClientProtocolClient (GrpcClientProtocolClient.java:onNext(255)) - client-9E659FCB78A6->b8d2982f-8acd-46a4-922f-bcc5c81c0c27: receive RaftClientReply:client-9E659FCB78A6->b8d2982f-8acd-46a4-922f-bcc5c81c0c27@group-FD8920EECC50, cid=103, FAILED org.apache.ratis.protocol.NotLeaderException: Server b8d2982f-8acd-46a4-922f-bcc5c81c0c27 is not the leader (null). Request must be sent to leader., logIndex=0, commits[b8d2982f-8acd-46a4-922f-bcc5c81c0c27:c-1]
2019-08-28 19:12:21,282 | INFO  | SCMAudit | user=jenkins1000 | ip=192.168.69.102 | op=SEND_HEARTBEAT {datanodeUUID=b8d2982f-8acd-46a4-922f-bcc5c81c0c27, command=[]} | ret=SUCCESS |  
2019-08-28 19:12:21,491 | INFO  | SCMAudit | user=jenkins1000 | ip=192.168.69.102 | op=SEND_HEARTBEAT {datanodeUUID=70d1db21-1697-4809-b58f-4bb5345b25c0, command=[]} | ret=SUCCESS |  
2019-08-28 19:12:21,715 | INFO  | SCMAudit | user=jenkins1000 | ip=192.168.69.102 | op=SEND_HEARTBEAT {datanodeUUID=d28ba164-7668-43e2-a317-bea85156c188, command=[]} | ret=SUCCESS |  
2019-08-28 19:12:21,860 | INFO  | SCMAudit | user=jenkins1000 | ip=192.168.69.102 | op=SEND_HEARTBEAT {datanodeUUID=4a18b6df-35de-47cd-9e69-0c99ba3bc4ca, command=[]} | ret=SUCCESS |  
2019-08-28 19:12:21,920 | INFO  | SCMAudit | user=jenkins1000 | ip=192.168.69.102 | op=SEND_HEARTBEAT {datanodeUUID=6746a90d-cf8b-4530-9aed-ada9eea3074f, command=[]} | ret=SUCCESS |  
2019-08-28 19:12:22,061 | INFO  | SCMAudit | user=jenkins1000 | ip=192.168.69.102 | op=SEND_HEARTBEAT {datanodeUUID=5f468c14-038a-4f85-b2bd-10bf135ba5a5, command=[]} | ret=SUCCESS |  
2019-08-28 19:12:22,139 | INFO  | SCMAudit | user=jenkins1000 | ip=192.168.69.102 | op=SEND_HEARTBEAT {datanodeUUID=bca68fa7-7b80-4ad8-96f2-b14f19da762c, command=[]} | ret=SUCCESS |  
2019-08-28 19:12:22,262 [grpc-default-executor-6] INFO  client.GrpcClientProtocolClient (GrpcClientProtocolClient.java:onNext(255)) - client-9E659FCB78A6->4a18b6df-35de-47cd-9e69-0c99ba3bc4ca: receive RaftClientReply:client-9E659FCB78A6->4a18b6df-35de-47cd-9e69-0c99ba3bc4ca@group-FD8920EECC50, cid=103, FAILED org.apache.ratis.protocol.NotLeaderException: Server 4a18b6df-35de-47cd-9e69-0c99ba3bc4ca is not the leader (null). Request must be sent to leader., logIndex=0, commits[4a18b6df-35de-47cd-9e69-0c99ba3bc4ca:c-1]
2019-08-28 19:12:22,283 | INFO  | SCMAudit | user=jenkins1000 | ip=192.168.69.102 | op=SEND_HEARTBEAT {datanodeUUID=b8d2982f-8acd-46a4-922f-bcc5c81c0c27, command=[]} | ret=SUCCESS |  
2019-08-28 19:12:22,491 | INFO  | SCMAudit | user=jenkins1000 | ip=192.168.69.102 | op=SEND_HEARTBEAT {datanodeUUID=70d1db21-1697-4809-b58f-4bb5345b25c0, command=[]} | ret=SUCCESS |  
2019-08-28 19:12:22,714 | INFO  | SCMAudit | user=jenkins1000 | ip=192.168.69.102 | op=SEND_HEARTBEAT {datanodeUUID=d28ba164-7668-43e2-a317-bea85156c188, command=[]} | ret=SUCCESS |  
2019-08-28 19:12:22,861 | INFO  | SCMAudit | user=jenkins1000 | ip=192.168.69.102 | op=SEND_HEARTBEAT {datanodeUUID=4a18b6df-35de-47cd-9e69-0c99ba3bc4ca, command=[]} | ret=SUCCESS |  
2019-08-28 19:12:22,921 | INFO  | SCMAudit | user=jenkins1000 | ip=192.168.69.102 | op=SEND_HEARTBEAT {datanodeUUID=6746a90d-cf8b-4530-9aed-ada9eea3074f, command=[]} | ret=SUCCESS |  
2019-08-28 19:12:22,982 [Thread-2536] INFO  impl.FollowerState (FollowerState.java:run(106)) - 4a18b6df-35de-47cd-9e69-0c99ba3bc4ca:group-4E5D71F4C0F1 changes to CANDIDATE, lastRpcTime:5047, electionTimeout:5047ms
2019-08-28 19:12:22,982 [Thread-2536] INFO  impl.RoleInfo (RoleInfo.java:shutdownFollowerState(121)) - 4a18b6df-35de-47cd-9e69-0c99ba3bc4ca: shutdown FollowerState
2019-08-28 19:12:22,983 [Thread-2536] INFO  impl.RaftServerImpl (RaftServerImpl.java:setRole(171)) - 4a18b6df-35de-47cd-9e69-0c99ba3bc4ca:group-4E5D71F4C0F1 changes role from FOLLOWER to CANDIDATE at term 0 for changeToCandidate
2019-08-28 19:12:22,983 [Thread-2536] INFO  impl.RoleInfo (RoleInfo.java:updateAndGet(143)) - 4a18b6df-35de-47cd-9e69-0c99ba3bc4ca: start LeaderElection
2019-08-28 19:12:23,005 [4a18b6df-35de-47cd-9e69-0c99ba3bc4ca:group-4E5D71F4C0F1:LeaderElection68] INFO  impl.LeaderElection (LeaderElection.java:askForVotes(181)) - 4a18b6df-35de-47cd-9e69-0c99ba3bc4ca:group-4E5D71F4C0F1:LeaderElection68: begin an election at term 1 for -1: [4a18b6df-35de-47cd-9e69-0c99ba3bc4ca:192.168.69.102:37154], old=null
2019-08-28 19:12:23,005 [4a18b6df-35de-47cd-9e69-0c99ba3bc4ca:group-4E5D71F4C0F1:LeaderElection68] INFO  impl.RoleInfo (RoleInfo.java:shutdownLeaderElection(134)) - 4a18b6df-35de-47cd-9e69-0c99ba3bc4ca: shutdown LeaderElection
2019-08-28 19:12:23,005 [4a18b6df-35de-47cd-9e69-0c99ba3bc4ca:group-4E5D71F4C0F1:LeaderElection68] INFO  impl.RaftServerImpl (RaftServerImpl.java:setRole(171)) - 4a18b6df-35de-47cd-9e69-0c99ba3bc4ca:group-4E5D71F4C0F1 changes role from CANDIDATE to LEADER at term 1 for changeToLeader
2019-08-28 19:12:23,005 [4a18b6df-35de-47cd-9e69-0c99ba3bc4ca:group-4E5D71F4C0F1:LeaderElection68] INFO  impl.RaftServerImpl (ServerState.java:setLeader(263)) - 4a18b6df-35de-47cd-9e69-0c99ba3bc4ca:group-4E5D71F4C0F1 change Leader from null to 4a18b6df-35de-47cd-9e69-0c99ba3bc4ca at term 1 for becomeLeader, leader elected after 5075ms
2019-08-28 19:12:23,006 [4a18b6df-35de-47cd-9e69-0c99ba3bc4ca:group-4E5D71F4C0F1:LeaderElection68] INFO  server.RaftServerConfigKeys (ConfUtils.java:logGet(43)) - raft.server.staging.catchup.gap = 1000 (default)
2019-08-28 19:12:23,006 [4a18b6df-35de-47cd-9e69-0c99ba3bc4ca:group-4E5D71F4C0F1:LeaderElection68] INFO  server.RaftServerConfigKeys (ConfUtils.java:logGet(43)) - raft.server.rpc.sleep.time = 25ms (default)
2019-08-28 19:12:23,006 [4a18b6df-35de-47cd-9e69-0c99ba3bc4ca:group-4E5D71F4C0F1:LeaderElection68] INFO  server.RaftServerConfigKeys (ConfUtils.java:logGet(43)) - raft.server.write.element-limit = 4096 (default)
2019-08-28 19:12:23,006 [4a18b6df-35de-47cd-9e69-0c99ba3bc4ca:group-4E5D71F4C0F1:LeaderElection68] INFO  server.RaftServerConfigKeys (ConfUtils.java:logGet(43)) - raft.server.watch.timeout = 10s (default)
2019-08-28 19:12:23,006 [4a18b6df-35de-47cd-9e69-0c99ba3bc4ca:group-4E5D71F4C0F1:LeaderElection68] INFO  server.RaftServerConfigKeys (ConfUtils.java:logGet(43)) - raft.server.watch.timeout.denomination = 1s (default)
2019-08-28 19:12:23,006 [4a18b6df-35de-47cd-9e69-0c99ba3bc4ca:group-4E5D71F4C0F1:LeaderElection68] INFO  server.RaftServerConfigKeys (ConfUtils.java:logGet(43)) - raft.server.watch.element-limit = 65536 (default)
2019-08-28 19:12:23,007 [4a18b6df-35de-47cd-9e69-0c99ba3bc4ca:group-4E5D71F4C0F1:LeaderElection68] INFO  impl.RoleInfo (RoleInfo.java:updateAndGet(143)) - 4a18b6df-35de-47cd-9e69-0c99ba3bc4ca: start LeaderState
2019-08-28 19:12:23,007 [4a18b6df-35de-47cd-9e69-0c99ba3bc4ca:group-4E5D71F4C0F1:LeaderElection68] INFO  segmented.SegmentedRaftLogWorker (SegmentedRaftLogWorker.java:startLogSegment(380)) - 4a18b6df-35de-47cd-9e69-0c99ba3bc4ca-SegmentedRaftLogWorker:Storage Directory /workdir/hadoop-ozone/integration-test/target/test-dir/MiniOzoneClusterImpl-3ce2fde9-0a18-41d4-8c47-cb897b02b2eb/datanode-0/data/ratis/d8fc037f-af8c-48b9-a058-4e5d71f4c0f1: Starting segment from index:0
2019-08-28 19:12:23,008 [4a18b6df-35de-47cd-9e69-0c99ba3bc4ca:group-4E5D71F4C0F1:LeaderElection68] INFO  impl.RaftServerImpl (ServerState.java:setRaftConf(361)) - 4a18b6df-35de-47cd-9e69-0c99ba3bc4ca:group-4E5D71F4C0F1 set configuration 0: [4a18b6df-35de-47cd-9e69-0c99ba3bc4ca:192.168.69.102:37154], old=null at 0
2019-08-28 19:12:23,061 | INFO  | SCMAudit | user=jenkins1000 | ip=192.168.69.102 | op=SEND_HEARTBEAT {datanodeUUID=5f468c14-038a-4f85-b2bd-10bf135ba5a5, command=[]} | ret=SUCCESS |  
2019-08-28 19:12:23,069 [4a18b6df-35de-47cd-9e69-0c99ba3bc4ca-SegmentedRaftLogWorker:Storage Directory /workdir/hadoop-ozone/integration-test/target/test-dir/MiniOzoneClusterImpl-3ce2fde9-0a18-41d4-8c47-cb897b02b2eb/datanode-0/data/ratis/d8fc037f-af8c-48b9-a058-4e5d71f4c0f1] INFO  segmented.SegmentedRaftLogWorker (SegmentedRaftLogWorker.java:execute(569)) - 4a18b6df-35de-47cd-9e69-0c99ba3bc4ca-SegmentedRaftLogWorker:Storage Directory /workdir/hadoop-ozone/integration-test/target/test-dir/MiniOzoneClusterImpl-3ce2fde9-0a18-41d4-8c47-cb897b02b2eb/datanode-0/data/ratis/d8fc037f-af8c-48b9-a058-4e5d71f4c0f1: created new log segment /workdir/hadoop-ozone/integration-test/target/test-dir/MiniOzoneClusterImpl-3ce2fde9-0a18-41d4-8c47-cb897b02b2eb/datanode-0/data/ratis/d8fc037f-af8c-48b9-a058-4e5d71f4c0f1/current/log_inprogress_0
2019-08-28 19:12:23,139 | INFO  | SCMAudit | user=jenkins1000 | ip=192.168.69.102 | op=SEND_HEARTBEAT {datanodeUUID=bca68fa7-7b80-4ad8-96f2-b14f19da762c, command=[]} | ret=SUCCESS |  
2019-08-28 19:12:23,164 [Thread-2539] INFO  impl.FollowerState (FollowerState.java:run(106)) - 5f468c14-038a-4f85-b2bd-10bf135ba5a5:group-42BD0185613C changes to CANDIDATE, lastRpcTime:5038, electionTimeout:5038ms
2019-08-28 19:12:23,164 [Thread-2539] INFO  impl.RoleInfo (RoleInfo.java:shutdownFollowerState(121)) - 5f468c14-038a-4f85-b2bd-10bf135ba5a5: shutdown FollowerState
2019-08-28 19:12:23,164 [Thread-2539] INFO  impl.RaftServerImpl (RaftServerImpl.java:setRole(171)) - 5f468c14-038a-4f85-b2bd-10bf135ba5a5:group-42BD0185613C changes role from FOLLOWER to CANDIDATE at term 0 for changeToCandidate
2019-08-28 19:12:23,164 [Thread-2539] INFO  impl.RoleInfo (RoleInfo.java:updateAndGet(143)) - 5f468c14-038a-4f85-b2bd-10bf135ba5a5: start LeaderElection
2019-08-28 19:12:23,191 [5f468c14-038a-4f85-b2bd-10bf135ba5a5:group-42BD0185613C:LeaderElection69] INFO  impl.LeaderElection (LeaderElection.java:askForVotes(181)) - 5f468c14-038a-4f85-b2bd-10bf135ba5a5:group-42BD0185613C:LeaderElection69: begin an election at term 1 for -1: [5f468c14-038a-4f85-b2bd-10bf135ba5a5:192.168.69.102:35422], old=null
2019-08-28 19:12:23,191 [5f468c14-038a-4f85-b2bd-10bf135ba5a5:group-42BD0185613C:LeaderElection69] INFO  impl.RoleInfo (RoleInfo.java:shutdownLeaderElection(134)) - 5f468c14-038a-4f85-b2bd-10bf135ba5a5: shutdown LeaderElection
2019-08-28 19:12:23,192 [5f468c14-038a-4f85-b2bd-10bf135ba5a5:group-42BD0185613C:LeaderElection69] INFO  impl.RaftServerImpl (RaftServerImpl.java:setRole(171)) - 5f468c14-038a-4f85-b2bd-10bf135ba5a5:group-42BD0185613C changes role from CANDIDATE to LEADER at term 1 for changeToLeader
2019-08-28 19:12:23,192 [5f468c14-038a-4f85-b2bd-10bf135ba5a5:group-42BD0185613C:LeaderElection69] INFO  impl.RaftServerImpl (ServerState.java:setLeader(263)) - 5f468c14-038a-4f85-b2bd-10bf135ba5a5:group-42BD0185613C change Leader from null to 5f468c14-038a-4f85-b2bd-10bf135ba5a5 at term 1 for becomeLeader, leader elected after 5069ms
2019-08-28 19:12:23,192 [5f468c14-038a-4f85-b2bd-10bf135ba5a5:group-42BD0185613C:LeaderElection69] INFO  server.RaftServerConfigKeys (ConfUtils.java:logGet(43)) - raft.server.staging.catchup.gap = 1000 (default)
2019-08-28 19:12:23,192 [5f468c14-038a-4f85-b2bd-10bf135ba5a5:group-42BD0185613C:LeaderElection69] INFO  server.RaftServerConfigKeys (ConfUtils.java:logGet(43)) - raft.server.rpc.sleep.time = 25ms (default)
2019-08-28 19:12:23,192 [5f468c14-038a-4f85-b2bd-10bf135ba5a5:group-42BD0185613C:LeaderElection69] INFO  server.RaftServerConfigKeys (ConfUtils.java:logGet(43)) - raft.server.write.element-limit = 4096 (default)
2019-08-28 19:12:23,192 [5f468c14-038a-4f85-b2bd-10bf135ba5a5:group-42BD0185613C:LeaderElection69] INFO  server.RaftServerConfigKeys (ConfUtils.java:logGet(43)) - raft.server.watch.timeout = 10s (default)
2019-08-28 19:12:23,193 [5f468c14-038a-4f85-b2bd-10bf135ba5a5:group-42BD0185613C:LeaderElection69] INFO  server.RaftServerConfigKeys (ConfUtils.java:logGet(43)) - raft.server.watch.timeout.denomination = 1s (default)
2019-08-28 19:12:23,193 [5f468c14-038a-4f85-b2bd-10bf135ba5a5:group-42BD0185613C:LeaderElection69] INFO  server.RaftServerConfigKeys (ConfUtils.java:logGet(43)) - raft.server.watch.element-limit = 65536 (default)
2019-08-28 19:12:23,193 [5f468c14-038a-4f85-b2bd-10bf135ba5a5:group-42BD0185613C:LeaderElection69] INFO  impl.RoleInfo (RoleInfo.java:updateAndGet(143)) - 5f468c14-038a-4f85-b2bd-10bf135ba5a5: start LeaderState
2019-08-28 19:12:23,193 [5f468c14-038a-4f85-b2bd-10bf135ba5a5:group-42BD0185613C:LeaderElection69] INFO  segmented.SegmentedRaftLogWorker (SegmentedRaftLogWorker.java:startLogSegment(380)) - 5f468c14-038a-4f85-b2bd-10bf135ba5a5-SegmentedRaftLogWorker:Storage Directory /workdir/hadoop-ozone/integration-test/target/test-dir/MiniOzoneClusterImpl-3ce2fde9-0a18-41d4-8c47-cb897b02b2eb/datanode-1/data/ratis/9f9ef127-d6e1-475a-9841-42bd0185613c: Starting segment from index:0
2019-08-28 19:12:23,194 [5f468c14-038a-4f85-b2bd-10bf135ba5a5:group-42BD0185613C:LeaderElection69] INFO  impl.RaftServerImpl (ServerState.java:setRaftConf(361)) - 5f468c14-038a-4f85-b2bd-10bf135ba5a5:group-42BD0185613C set configuration 0: [5f468c14-038a-4f85-b2bd-10bf135ba5a5:192.168.69.102:35422], old=null at 0
2019-08-28 19:12:23,248 [5f468c14-038a-4f85-b2bd-10bf135ba5a5-SegmentedRaftLogWorker:Storage Directory /workdir/hadoop-ozone/integration-test/target/test-dir/MiniOzoneClusterImpl-3ce2fde9-0a18-41d4-8c47-cb897b02b2eb/datanode-1/data/ratis/9f9ef127-d6e1-475a-9841-42bd0185613c] INFO  segmented.SegmentedRaftLogWorker (SegmentedRaftLogWorker.java:execute(569)) - 5f468c14-038a-4f85-b2bd-10bf135ba5a5-SegmentedRaftLogWorker:Storage Directory /workdir/hadoop-ozone/integration-test/target/test-dir/MiniOzoneClusterImpl-3ce2fde9-0a18-41d4-8c47-cb897b02b2eb/datanode-1/data/ratis/9f9ef127-d6e1-475a-9841-42bd0185613c: created new log segment /workdir/hadoop-ozone/integration-test/target/test-dir/MiniOzoneClusterImpl-3ce2fde9-0a18-41d4-8c47-cb897b02b2eb/datanode-1/data/ratis/9f9ef127-d6e1-475a-9841-42bd0185613c/current/log_inprogress_0
2019-08-28 19:12:23,271 [grpc-default-executor-4] INFO  client.GrpcClientProtocolClient (GrpcClientProtocolClient.java:onNext(255)) - client-9E659FCB78A6->b8d2982f-8acd-46a4-922f-bcc5c81c0c27: receive RaftClientReply:client-9E659FCB78A6->b8d2982f-8acd-46a4-922f-bcc5c81c0c27@group-FD8920EECC50, cid=103, FAILED org.apache.ratis.protocol.NotLeaderException: Server b8d2982f-8acd-46a4-922f-bcc5c81c0c27 is not the leader (null). Request must be sent to leader., logIndex=0, commits[b8d2982f-8acd-46a4-922f-bcc5c81c0c27:c-1]
2019-08-28 19:12:23,283 | INFO  | SCMAudit | user=jenkins1000 | ip=192.168.69.102 | op=SEND_HEARTBEAT {datanodeUUID=b8d2982f-8acd-46a4-922f-bcc5c81c0c27, command=[]} | ret=SUCCESS |  
2019-08-28 19:12:23,435 [Thread-2545] INFO  impl.FollowerState (FollowerState.java:run(106)) - 5f468c14-038a-4f85-b2bd-10bf135ba5a5:group-FD8920EECC50 changes to CANDIDATE, lastRpcTime:5028, electionTimeout:5028ms
2019-08-28 19:12:23,435 [Thread-2545] INFO  impl.RoleInfo (RoleInfo.java:shutdownFollowerState(121)) - 5f468c14-038a-4f85-b2bd-10bf135ba5a5: shutdown FollowerState
2019-08-28 19:12:23,435 [Thread-2545] INFO  impl.RaftServerImpl (RaftServerImpl.java:setRole(171)) - 5f468c14-038a-4f85-b2bd-10bf135ba5a5:group-FD8920EECC50 changes role from FOLLOWER to CANDIDATE at term 0 for changeToCandidate
2019-08-28 19:12:23,435 [Thread-2545] INFO  impl.RoleInfo (RoleInfo.java:updateAndGet(143)) - 5f468c14-038a-4f85-b2bd-10bf135ba5a5: start LeaderElection
2019-08-28 19:12:23,466 [5f468c14-038a-4f85-b2bd-10bf135ba5a5:group-FD8920EECC50:LeaderElection70] INFO  impl.LeaderElection (LeaderElection.java:askForVotes(181)) - 5f468c14-038a-4f85-b2bd-10bf135ba5a5:group-FD8920EECC50:LeaderElection70: begin an election at term 1 for -1: [b8d2982f-8acd-46a4-922f-bcc5c81c0c27:192.168.69.102:37226, 5f468c14-038a-4f85-b2bd-10bf135ba5a5:192.168.69.102:35422, 4a18b6df-35de-47cd-9e69-0c99ba3bc4ca:192.168.69.102:37154], old=null
2019-08-28 19:12:23,470 [grpc-default-executor-6] INFO  impl.RaftServerImpl (RaftServerImpl.java:setRole(171)) - b8d2982f-8acd-46a4-922f-bcc5c81c0c27:group-FD8920EECC50 changes role from FOLLOWER to FOLLOWER at term 1 for recognizeCandidate:5f468c14-038a-4f85-b2bd-10bf135ba5a5
2019-08-28 19:12:23,470 [grpc-default-executor-6] INFO  impl.RoleInfo (RoleInfo.java:shutdownFollowerState(121)) - b8d2982f-8acd-46a4-922f-bcc5c81c0c27: shutdown FollowerState
2019-08-28 19:12:23,470 [grpc-default-executor-4] INFO  impl.RaftServerImpl (RaftServerImpl.java:setRole(171)) - 4a18b6df-35de-47cd-9e69-0c99ba3bc4ca:group-FD8920EECC50 changes role from FOLLOWER to FOLLOWER at term 1 for recognizeCandidate:5f468c14-038a-4f85-b2bd-10bf135ba5a5
2019-08-28 19:12:23,470 [grpc-default-executor-6] INFO  impl.RoleInfo (RoleInfo.java:updateAndGet(143)) - b8d2982f-8acd-46a4-922f-bcc5c81c0c27: start FollowerState
2019-08-28 19:12:23,470 [Thread-2550] INFO  impl.FollowerState (FollowerState.java:run(114)) - b8d2982f-8acd-46a4-922f-bcc5c81c0c27: FollowerState was interrupted: java.lang.InterruptedException: sleep interrupted
2019-08-28 19:12:23,471 [grpc-default-executor-4] INFO  impl.RoleInfo (RoleInfo.java:shutdownFollowerState(121)) - 4a18b6df-35de-47cd-9e69-0c99ba3bc4ca: shutdown FollowerState
2019-08-28 19:12:23,474 [grpc-default-executor-4] INFO  impl.RoleInfo (RoleInfo.java:updateAndGet(143)) - 4a18b6df-35de-47cd-9e69-0c99ba3bc4ca: start FollowerState
2019-08-28 19:12:23,475 [Thread-2549] INFO  impl.FollowerState (FollowerState.java:run(114)) - 4a18b6df-35de-47cd-9e69-0c99ba3bc4ca: FollowerState was interrupted: java.lang.InterruptedException: sleep interrupted
2019-08-28 19:12:23,491 | INFO  | SCMAudit | user=jenkins1000 | ip=192.168.69.102 | op=SEND_HEARTBEAT {datanodeUUID=70d1db21-1697-4809-b58f-4bb5345b25c0, command=[]} | ret=SUCCESS |  
2019-08-28 19:12:23,498 [5f468c14-038a-4f85-b2bd-10bf135ba5a5:group-FD8920EECC50:LeaderElection70] INFO  impl.LeaderElection (LeaderElection.java:logAndReturn(56)) - 5f468c14-038a-4f85-b2bd-10bf135ba5a5:group-FD8920EECC50:LeaderElection70: Election PASSED; received 1 response(s) [5f468c14-038a-4f85-b2bd-10bf135ba5a5<-b8d2982f-8acd-46a4-922f-bcc5c81c0c27#0:OK-t1] and 0 exception(s); 5f468c14-038a-4f85-b2bd-10bf135ba5a5:t1, leader=null, voted=5f468c14-038a-4f85-b2bd-10bf135ba5a5, raftlog=5f468c14-038a-4f85-b2bd-10bf135ba5a5-SegmentedRaftLog:OPENED:c-1,f-1,i0, conf=-1: [b8d2982f-8acd-46a4-922f-bcc5c81c0c27:192.168.69.102:37226, 5f468c14-038a-4f85-b2bd-10bf135ba5a5:192.168.69.102:35422, 4a18b6df-35de-47cd-9e69-0c99ba3bc4ca:192.168.69.102:37154], old=null
2019-08-28 19:12:23,499 [5f468c14-038a-4f85-b2bd-10bf135ba5a5:group-FD8920EECC50:LeaderElection70] INFO  impl.RoleInfo (RoleInfo.java:shutdownLeaderElection(134)) - 5f468c14-038a-4f85-b2bd-10bf135ba5a5: shutdown LeaderElection
2019-08-28 19:12:23,499 [5f468c14-038a-4f85-b2bd-10bf135ba5a5:group-FD8920EECC50:LeaderElection70] INFO  impl.RaftServerImpl (RaftServerImpl.java:setRole(171)) - 5f468c14-038a-4f85-b2bd-10bf135ba5a5:group-FD8920EECC50 changes role from CANDIDATE to LEADER at term 1 for changeToLeader
2019-08-28 19:12:23,499 [5f468c14-038a-4f85-b2bd-10bf135ba5a5:group-FD8920EECC50:LeaderElection70] INFO  impl.RaftServerImpl (ServerState.java:setLeader(263)) - 5f468c14-038a-4f85-b2bd-10bf135ba5a5:group-FD8920EECC50 change Leader from null to 5f468c14-038a-4f85-b2bd-10bf135ba5a5 at term 1 for becomeLeader, leader elected after 5099ms
2019-08-28 19:12:23,499 [5f468c14-038a-4f85-b2bd-10bf135ba5a5:group-FD8920EECC50:LeaderElection70] INFO  server.RaftServerConfigKeys (ConfUtils.java:logGet(43)) - raft.server.staging.catchup.gap = 1000 (default)
2019-08-28 19:12:23,499 [5f468c14-038a-4f85-b2bd-10bf135ba5a5:group-FD8920EECC50:LeaderElection70] INFO  server.RaftServerConfigKeys (ConfUtils.java:logGet(43)) - raft.server.rpc.sleep.time = 25ms (default)
2019-08-28 19:12:23,500 [5f468c14-038a-4f85-b2bd-10bf135ba5a5:group-FD8920EECC50:LeaderElection70] INFO  server.RaftServerConfigKeys (ConfUtils.java:logGet(43)) - raft.server.write.element-limit = 4096 (default)
2019-08-28 19:12:23,500 [5f468c14-038a-4f85-b2bd-10bf135ba5a5:group-FD8920EECC50:LeaderElection70] INFO  server.RaftServerConfigKeys (ConfUtils.java:logGet(43)) - raft.server.watch.timeout = 10s (default)
2019-08-28 19:12:23,500 [5f468c14-038a-4f85-b2bd-10bf135ba5a5:group-FD8920EECC50:LeaderElection70] INFO  server.RaftServerConfigKeys (ConfUtils.java:logGet(43)) - raft.server.watch.timeout.denomination = 1s (default)
2019-08-28 19:12:23,500 [5f468c14-038a-4f85-b2bd-10bf135ba5a5:group-FD8920EECC50:LeaderElection70] INFO  server.RaftServerConfigKeys (ConfUtils.java:logGet(43)) - raft.server.watch.element-limit = 65536 (default)
2019-08-28 19:12:23,500 [5f468c14-038a-4f85-b2bd-10bf135ba5a5:group-FD8920EECC50:LeaderElection70] INFO  server.RaftServerConfigKeys (ConfUtils.java:logGet(43)) - raft.server.log.appender.snapshot.chunk.size.max = 16MB (=16777216) (default)
2019-08-28 19:12:23,501 [5f468c14-038a-4f85-b2bd-10bf135ba5a5:group-FD8920EECC50:LeaderElection70] INFO  server.RaftServerConfigKeys (ConfUtils.java:logGet(43)) - raft.server.log.appender.buffer.byte-limit = 33554432 (custom)
2019-08-28 19:12:23,501 [5f468c14-038a-4f85-b2bd-10bf135ba5a5:group-FD8920EECC50:LeaderElection70] INFO  server.RaftServerConfigKeys (ConfUtils.java:logGet(43)) - raft.server.log.appender.buffer.element-limit = 1 (custom)
2019-08-28 19:12:23,501 [5f468c14-038a-4f85-b2bd-10bf135ba5a5:group-FD8920EECC50:LeaderElection70] INFO  grpc.GrpcConfigKeys$Server (ConfUtils.java:logGet(43)) - raft.grpc.server.leader.outstanding.appends.max = 128 (default)
2019-08-28 19:12:23,501 [5f468c14-038a-4f85-b2bd-10bf135ba5a5:group-FD8920EECC50:LeaderElection70] INFO  server.RaftServerConfigKeys (ConfUtils.java:logGet(43)) - raft.server.rpc.request.timeout = 3000ms (default)
2019-08-28 19:12:23,502 [5f468c14-038a-4f85-b2bd-10bf135ba5a5:group-FD8920EECC50:LeaderElection70] INFO  server.RaftServerConfigKeys (ConfUtils.java:logGet(43)) - raft.server.log.appender.install.snapshot.enabled = false (custom)
2019-08-28 19:12:23,502 [5f468c14-038a-4f85-b2bd-10bf135ba5a5:group-FD8920EECC50:LeaderElection70] INFO  server.RaftServerConfigKeys (ConfUtils.java:logGet(43)) - raft.server.log.appender.snapshot.chunk.size.max = 16MB (=16777216) (default)
2019-08-28 19:12:23,502 [5f468c14-038a-4f85-b2bd-10bf135ba5a5:group-FD8920EECC50:LeaderElection70] INFO  server.RaftServerConfigKeys (ConfUtils.java:logGet(43)) - raft.server.log.appender.buffer.byte-limit = 33554432 (custom)
2019-08-28 19:12:23,502 [5f468c14-038a-4f85-b2bd-10bf135ba5a5:group-FD8920EECC50:LeaderElection70] INFO  server.RaftServerConfigKeys (ConfUtils.java:logGet(43)) - raft.server.log.appender.buffer.element-limit = 1 (custom)
2019-08-28 19:12:23,502 [5f468c14-038a-4f85-b2bd-10bf135ba5a5:group-FD8920EECC50:LeaderElection70] INFO  grpc.GrpcConfigKeys$Server (ConfUtils.java:logGet(43)) - raft.grpc.server.leader.outstanding.appends.max = 128 (default)
2019-08-28 19:12:23,503 [5f468c14-038a-4f85-b2bd-10bf135ba5a5:group-FD8920EECC50:LeaderElection70] INFO  server.RaftServerConfigKeys (ConfUtils.java:logGet(43)) - raft.server.rpc.request.timeout = 3000ms (default)
2019-08-28 19:12:23,503 [5f468c14-038a-4f85-b2bd-10bf135ba5a5:group-FD8920EECC50:LeaderElection70] INFO  server.RaftServerConfigKeys (ConfUtils.java:logGet(43)) - raft.server.log.appender.install.snapshot.enabled = false (custom)
2019-08-28 19:12:23,503 [5f468c14-038a-4f85-b2bd-10bf135ba5a5:group-FD8920EECC50:LeaderElection70] INFO  impl.RoleInfo (RoleInfo.java:updateAndGet(143)) - 5f468c14-038a-4f85-b2bd-10bf135ba5a5: start LeaderState
2019-08-28 19:12:23,503 [5f468c14-038a-4f85-b2bd-10bf135ba5a5:group-FD8920EECC50:LeaderElection70] INFO  segmented.SegmentedRaftLogWorker (SegmentedRaftLogWorker.java:startLogSegment(380)) - 5f468c14-038a-4f85-b2bd-10bf135ba5a5-SegmentedRaftLogWorker:Storage Directory /workdir/hadoop-ozone/integration-test/target/test-dir/MiniOzoneClusterImpl-3ce2fde9-0a18-41d4-8c47-cb897b02b2eb/datanode-1/data/ratis/0743395c-c901-4d64-bea8-fd8920eecc50: Starting segment from index:0
2019-08-28 19:12:23,504 [5f468c14-038a-4f85-b2bd-10bf135ba5a5:group-FD8920EECC50:LeaderElection70] INFO  impl.RaftServerImpl (ServerState.java:setRaftConf(361)) - 5f468c14-038a-4f85-b2bd-10bf135ba5a5:group-FD8920EECC50 set configuration 0: [b8d2982f-8acd-46a4-922f-bcc5c81c0c27:192.168.69.102:37226, 5f468c14-038a-4f85-b2bd-10bf135ba5a5:192.168.69.102:35422, 4a18b6df-35de-47cd-9e69-0c99ba3bc4ca:192.168.69.102:37154], old=null at 0
2019-08-28 19:12:23,505 [grpc-default-executor-6] INFO  impl.RaftServerImpl (ServerState.java:setLeader(263)) - b8d2982f-8acd-46a4-922f-bcc5c81c0c27:group-FD8920EECC50 change Leader from null to 5f468c14-038a-4f85-b2bd-10bf135ba5a5 at term 1 for appendEntries, leader elected after 5106ms
2019-08-28 19:12:23,506 [grpc-default-executor-4] INFO  impl.RaftServerImpl (ServerState.java:setLeader(263)) - 4a18b6df-35de-47cd-9e69-0c99ba3bc4ca:group-FD8920EECC50 change Leader from null to 5f468c14-038a-4f85-b2bd-10bf135ba5a5 at term 1 for appendEntries, leader elected after 5106ms
2019-08-28 19:12:23,541 [grpc-default-executor-6] INFO  impl.RaftServerImpl (ServerState.java:setRaftConf(361)) - b8d2982f-8acd-46a4-922f-bcc5c81c0c27:group-FD8920EECC50 set configuration 0: [b8d2982f-8acd-46a4-922f-bcc5c81c0c27:192.168.69.102:37226, 5f468c14-038a-4f85-b2bd-10bf135ba5a5:192.168.69.102:35422, 4a18b6df-35de-47cd-9e69-0c99ba3bc4ca:192.168.69.102:37154], old=null at 0
2019-08-28 19:12:23,541 [grpc-default-executor-4] INFO  impl.RaftServerImpl (ServerState.java:setRaftConf(361)) - 4a18b6df-35de-47cd-9e69-0c99ba3bc4ca:group-FD8920EECC50 set configuration 0: [b8d2982f-8acd-46a4-922f-bcc5c81c0c27:192.168.69.102:37226, 5f468c14-038a-4f85-b2bd-10bf135ba5a5:192.168.69.102:35422, 4a18b6df-35de-47cd-9e69-0c99ba3bc4ca:192.168.69.102:37154], old=null at 0
2019-08-28 19:12:23,541 [grpc-default-executor-6] INFO  segmented.SegmentedRaftLogWorker (SegmentedRaftLogWorker.java:startLogSegment(380)) - b8d2982f-8acd-46a4-922f-bcc5c81c0c27-SegmentedRaftLogWorker:Storage Directory /workdir/hadoop-ozone/integration-test/target/test-dir/MiniOzoneClusterImpl-3ce2fde9-0a18-41d4-8c47-cb897b02b2eb/datanode-2/data/ratis/0743395c-c901-4d64-bea8-fd8920eecc50: Starting segment from index:0
2019-08-28 19:12:23,541 [grpc-default-executor-4] INFO  segmented.SegmentedRaftLogWorker (SegmentedRaftLogWorker.java:startLogSegment(380)) - 4a18b6df-35de-47cd-9e69-0c99ba3bc4ca-SegmentedRaftLogWorker:Storage Directory /workdir/hadoop-ozone/integration-test/target/test-dir/MiniOzoneClusterImpl-3ce2fde9-0a18-41d4-8c47-cb897b02b2eb/datanode-0/data/ratis/0743395c-c901-4d64-bea8-fd8920eecc50: Starting segment from index:0
2019-08-28 19:12:23,543 [Thread-2542] INFO  impl.FollowerState (FollowerState.java:run(106)) - b8d2982f-8acd-46a4-922f-bcc5c81c0c27:group-9C58FF948D2E changes to CANDIDATE, lastRpcTime:5197, electionTimeout:5197ms
2019-08-28 19:12:23,543 [Thread-2542] INFO  impl.RoleInfo (RoleInfo.java:shutdownFollowerState(121)) - b8d2982f-8acd-46a4-922f-bcc5c81c0c27: shutdown FollowerState
2019-08-28 19:12:23,543 [Thread-2542] INFO  impl.RaftServerImpl (RaftServerImpl.java:setRole(171)) - b8d2982f-8acd-46a4-922f-bcc5c81c0c27:group-9C58FF948D2E changes role from FOLLOWER to CANDIDATE at term 0 for changeToCandidate
2019-08-28 19:12:23,543 [Thread-2542] INFO  impl.RoleInfo (RoleInfo.java:updateAndGet(143)) - b8d2982f-8acd-46a4-922f-bcc5c81c0c27: start LeaderElection
2019-08-28 19:12:23,576 [5f468c14-038a-4f85-b2bd-10bf135ba5a5-SegmentedRaftLogWorker:Storage Directory /workdir/hadoop-ozone/integration-test/target/test-dir/MiniOzoneClusterImpl-3ce2fde9-0a18-41d4-8c47-cb897b02b2eb/datanode-1/data/ratis/0743395c-c901-4d64-bea8-fd8920eecc50] INFO  segmented.SegmentedRaftLogWorker (SegmentedRaftLogWorker.java:execute(569)) - 5f468c14-038a-4f85-b2bd-10bf135ba5a5-SegmentedRaftLogWorker:Storage Directory /workdir/hadoop-ozone/integration-test/target/test-dir/MiniOzoneClusterImpl-3ce2fde9-0a18-41d4-8c47-cb897b02b2eb/datanode-1/data/ratis/0743395c-c901-4d64-bea8-fd8920eecc50: created new log segment /workdir/hadoop-ozone/integration-test/target/test-dir/MiniOzoneClusterImpl-3ce2fde9-0a18-41d4-8c47-cb897b02b2eb/datanode-1/data/ratis/0743395c-c901-4d64-bea8-fd8920eecc50/current/log_inprogress_0
2019-08-28 19:12:23,589 [4a18b6df-35de-47cd-9e69-0c99ba3bc4ca-SegmentedRaftLogWorker:Storage Directory /workdir/hadoop-ozone/integration-test/target/test-dir/MiniOzoneClusterImpl-3ce2fde9-0a18-41d4-8c47-cb897b02b2eb/datanode-0/data/ratis/0743395c-c901-4d64-bea8-fd8920eecc50] INFO  segmented.SegmentedRaftLogWorker (SegmentedRaftLogWorker.java:execute(569)) - 4a18b6df-35de-47cd-9e69-0c99ba3bc4ca-SegmentedRaftLogWorker:Storage Directory /workdir/hadoop-ozone/integration-test/target/test-dir/MiniOzoneClusterImpl-3ce2fde9-0a18-41d4-8c47-cb897b02b2eb/datanode-0/data/ratis/0743395c-c901-4d64-bea8-fd8920eecc50: created new log segment /workdir/hadoop-ozone/integration-test/target/test-dir/MiniOzoneClusterImpl-3ce2fde9-0a18-41d4-8c47-cb897b02b2eb/datanode-0/data/ratis/0743395c-c901-4d64-bea8-fd8920eecc50/current/log_inprogress_0
2019-08-28 19:12:23,589 [b8d2982f-8acd-46a4-922f-bcc5c81c0c27:group-9C58FF948D2E:LeaderElection71] INFO  impl.LeaderElection (LeaderElection.java:askForVotes(181)) - b8d2982f-8acd-46a4-922f-bcc5c81c0c27:group-9C58FF948D2E:LeaderElection71: begin an election at term 1 for -1: [b8d2982f-8acd-46a4-922f-bcc5c81c0c27:192.168.69.102:37226], old=null
2019-08-28 19:12:23,589 [b8d2982f-8acd-46a4-922f-bcc5c81c0c27-SegmentedRaftLogWorker:Storage Directory /workdir/hadoop-ozone/integration-test/target/test-dir/MiniOzoneClusterImpl-3ce2fde9-0a18-41d4-8c47-cb897b02b2eb/datanode-2/data/ratis/0743395c-c901-4d64-bea8-fd8920eecc50] INFO  segmented.SegmentedRaftLogWorker (SegmentedRaftLogWorker.java:execute(569)) - b8d2982f-8acd-46a4-922f-bcc5c81c0c27-SegmentedRaftLogWorker:Storage Directory /workdir/hadoop-ozone/integration-test/target/test-dir/MiniOzoneClusterImpl-3ce2fde9-0a18-41d4-8c47-cb897b02b2eb/datanode-2/data/ratis/0743395c-c901-4d64-bea8-fd8920eecc50: created new log segment /workdir/hadoop-ozone/integration-test/target/test-dir/MiniOzoneClusterImpl-3ce2fde9-0a18-41d4-8c47-cb897b02b2eb/datanode-2/data/ratis/0743395c-c901-4d64-bea8-fd8920eecc50/current/log_inprogress_0
2019-08-28 19:12:23,589 [b8d2982f-8acd-46a4-922f-bcc5c81c0c27:group-9C58FF948D2E:LeaderElection71] INFO  impl.RoleInfo (RoleInfo.java:shutdownLeaderElection(134)) - b8d2982f-8acd-46a4-922f-bcc5c81c0c27: shutdown LeaderElection
2019-08-28 19:12:23,589 [b8d2982f-8acd-46a4-922f-bcc5c81c0c27:group-9C58FF948D2E:LeaderElection71] INFO  impl.RaftServerImpl (RaftServerImpl.java:setRole(171)) - b8d2982f-8acd-46a4-922f-bcc5c81c0c27:group-9C58FF948D2E changes role from CANDIDATE to LEADER at term 1 for changeToLeader
2019-08-28 19:12:23,589 [b8d2982f-8acd-46a4-922f-bcc5c81c0c27:group-9C58FF948D2E:LeaderElection71] INFO  impl.RaftServerImpl (ServerState.java:setLeader(263)) - b8d2982f-8acd-46a4-922f-bcc5c81c0c27:group-9C58FF948D2E change Leader from null to b8d2982f-8acd-46a4-922f-bcc5c81c0c27 at term 1 for becomeLeader, leader elected after 5247ms
2019-08-28 19:12:23,589 [b8d2982f-8acd-46a4-922f-bcc5c81c0c27:group-9C58FF948D2E:LeaderElection71] INFO  server.RaftServerConfigKeys (ConfUtils.java:logGet(43)) - raft.server.staging.catchup.gap = 1000 (default)
2019-08-28 19:12:23,589 [b8d2982f-8acd-46a4-922f-bcc5c81c0c27:group-9C58FF948D2E:LeaderElection71] INFO  server.RaftServerConfigKeys (ConfUtils.java:logGet(43)) - raft.server.rpc.sleep.time = 25ms (default)
2019-08-28 19:12:23,590 [b8d2982f-8acd-46a4-922f-bcc5c81c0c27:group-9C58FF948D2E:LeaderElection71] INFO  server.RaftServerConfigKeys (ConfUtils.java:logGet(43)) - raft.server.write.element-limit = 4096 (default)
2019-08-28 19:12:23,590 [b8d2982f-8acd-46a4-922f-bcc5c81c0c27:group-9C58FF948D2E:LeaderElection71] INFO  server.RaftServerConfigKeys (ConfUtils.java:logGet(43)) - raft.server.watch.timeout = 10s (default)
2019-08-28 19:12:23,590 [b8d2982f-8acd-46a4-922f-bcc5c81c0c27:group-9C58FF948D2E:LeaderElection71] INFO  server.RaftServerConfigKeys (ConfUtils.java:logGet(43)) - raft.server.watch.timeout.denomination = 1s (default)
2019-08-28 19:12:23,590 [b8d2982f-8acd-46a4-922f-bcc5c81c0c27:group-9C58FF948D2E:LeaderElection71] INFO  server.RaftServerConfigKeys (ConfUtils.java:logGet(43)) - raft.server.watch.element-limit = 65536 (default)
2019-08-28 19:12:23,590 [b8d2982f-8acd-46a4-922f-bcc5c81c0c27:group-9C58FF948D2E:LeaderElection71] INFO  impl.RoleInfo (RoleInfo.java:updateAndGet(143)) - b8d2982f-8acd-46a4-922f-bcc5c81c0c27: start LeaderState
2019-08-28 19:12:23,590 [b8d2982f-8acd-46a4-922f-bcc5c81c0c27:group-9C58FF948D2E:LeaderElection71] INFO  segmented.SegmentedRaftLogWorker (SegmentedRaftLogWorker.java:startLogSegment(380)) - b8d2982f-8acd-46a4-922f-bcc5c81c0c27-SegmentedRaftLogWorker:Storage Directory /workdir/hadoop-ozone/integration-test/target/test-dir/MiniOzoneClusterImpl-3ce2fde9-0a18-41d4-8c47-cb897b02b2eb/datanode-2/data/ratis/da8f213e-5514-4627-84c8-9c58ff948d2e: Starting segment from index:0
2019-08-28 19:12:23,591 [b8d2982f-8acd-46a4-922f-bcc5c81c0c27:group-9C58FF948D2E:LeaderElection71] INFO  impl.RaftServerImpl (ServerState.java:setRaftConf(361)) - b8d2982f-8acd-46a4-922f-bcc5c81c0c27:group-9C58FF948D2E set configuration 0: [b8d2982f-8acd-46a4-922f-bcc5c81c0c27:192.168.69.102:37226], old=null at 0
2019-08-28 19:12:23,651 [Thread-2554] INFO  impl.FollowerState (FollowerState.java:run(106)) - 70d1db21-1697-4809-b58f-4bb5345b25c0:group-EFF97C3B864E changes to CANDIDATE, lastRpcTime:5092, electionTimeout:5092ms
2019-08-28 19:12:23,651 [Thread-2554] INFO  impl.RoleInfo (RoleInfo.java:shutdownFollowerState(121)) - 70d1db21-1697-4809-b58f-4bb5345b25c0: shutdown FollowerState
2019-08-28 19:12:23,651 [Thread-2554] INFO  impl.RaftServerImpl (RaftServerImpl.java:setRole(171)) - 70d1db21-1697-4809-b58f-4bb5345b25c0:group-EFF97C3B864E changes role from FOLLOWER to CANDIDATE at term 0 for changeToCandidate
2019-08-28 19:12:23,651 [Thread-2554] INFO  impl.RoleInfo (RoleInfo.java:updateAndGet(143)) - 70d1db21-1697-4809-b58f-4bb5345b25c0: start LeaderElection
2019-08-28 19:12:23,656 [b8d2982f-8acd-46a4-922f-bcc5c81c0c27-SegmentedRaftLogWorker:Storage Directory /workdir/hadoop-ozone/integration-test/target/test-dir/MiniOzoneClusterImpl-3ce2fde9-0a18-41d4-8c47-cb897b02b2eb/datanode-2/data/ratis/da8f213e-5514-4627-84c8-9c58ff948d2e] INFO  segmented.SegmentedRaftLogWorker (SegmentedRaftLogWorker.java:execute(569)) - b8d2982f-8acd-46a4-922f-bcc5c81c0c27-SegmentedRaftLogWorker:Storage Directory /workdir/hadoop-ozone/integration-test/target/test-dir/MiniOzoneClusterImpl-3ce2fde9-0a18-41d4-8c47-cb897b02b2eb/datanode-2/data/ratis/da8f213e-5514-4627-84c8-9c58ff948d2e: created new log segment /workdir/hadoop-ozone/integration-test/target/test-dir/MiniOzoneClusterImpl-3ce2fde9-0a18-41d4-8c47-cb897b02b2eb/datanode-2/data/ratis/da8f213e-5514-4627-84c8-9c58ff948d2e/current/log_inprogress_0
2019-08-28 19:12:23,707 [70d1db21-1697-4809-b58f-4bb5345b25c0:group-EFF97C3B864E:LeaderElection72] INFO  impl.LeaderElection (LeaderElection.java:askForVotes(181)) - 70d1db21-1697-4809-b58f-4bb5345b25c0:group-EFF97C3B864E:LeaderElection72: begin an election at term 1 for -1: [70d1db21-1697-4809-b58f-4bb5345b25c0:192.168.69.102:38344], old=null
2019-08-28 19:12:23,708 [70d1db21-1697-4809-b58f-4bb5345b25c0:group-EFF97C3B864E:LeaderElection72] INFO  impl.RoleInfo (RoleInfo.java:shutdownLeaderElection(134)) - 70d1db21-1697-4809-b58f-4bb5345b25c0: shutdown LeaderElection
2019-08-28 19:12:23,708 [70d1db21-1697-4809-b58f-4bb5345b25c0:group-EFF97C3B864E:LeaderElection72] INFO  impl.RaftServerImpl (RaftServerImpl.java:setRole(171)) - 70d1db21-1697-4809-b58f-4bb5345b25c0:group-EFF97C3B864E changes role from CANDIDATE to LEADER at term 1 for changeToLeader
2019-08-28 19:12:23,708 [70d1db21-1697-4809-b58f-4bb5345b25c0:group-EFF97C3B864E:LeaderElection72] INFO  impl.RaftServerImpl (ServerState.java:setLeader(263)) - 70d1db21-1697-4809-b58f-4bb5345b25c0:group-EFF97C3B864E change Leader from null to 70d1db21-1697-4809-b58f-4bb5345b25c0 at term 1 for becomeLeader, leader elected after 5154ms
2019-08-28 19:12:23,708 [70d1db21-1697-4809-b58f-4bb5345b25c0:group-EFF97C3B864E:LeaderElection72] INFO  server.RaftServerConfigKeys (ConfUtils.java:logGet(43)) - raft.server.staging.catchup.gap = 1000 (default)
2019-08-28 19:12:23,708 [70d1db21-1697-4809-b58f-4bb5345b25c0:group-EFF97C3B864E:LeaderElection72] INFO  server.RaftServerConfigKeys (ConfUtils.java:logGet(43)) - raft.server.rpc.sleep.time = 25ms (default)
2019-08-28 19:12:23,708 [70d1db21-1697-4809-b58f-4bb5345b25c0:group-EFF97C3B864E:LeaderElection72] INFO  server.RaftServerConfigKeys (ConfUtils.java:logGet(43)) - raft.server.write.element-limit = 4096 (default)
2019-08-28 19:12:23,708 [70d1db21-1697-4809-b58f-4bb5345b25c0:group-EFF97C3B864E:LeaderElection72] INFO  server.RaftServerConfigKeys (ConfUtils.java:logGet(43)) - raft.server.watch.timeout = 10s (default)
2019-08-28 19:12:23,708 [70d1db21-1697-4809-b58f-4bb5345b25c0:group-EFF97C3B864E:LeaderElection72] INFO  server.RaftServerConfigKeys (ConfUtils.java:logGet(43)) - raft.server.watch.timeout.denomination = 1s (default)
2019-08-28 19:12:23,708 [70d1db21-1697-4809-b58f-4bb5345b25c0:group-EFF97C3B864E:LeaderElection72] INFO  server.RaftServerConfigKeys (ConfUtils.java:logGet(43)) - raft.server.watch.element-limit = 65536 (default)
2019-08-28 19:12:23,709 [70d1db21-1697-4809-b58f-4bb5345b25c0:group-EFF97C3B864E:LeaderElection72] INFO  impl.RoleInfo (RoleInfo.java:updateAndGet(143)) - 70d1db21-1697-4809-b58f-4bb5345b25c0: start LeaderState
2019-08-28 19:12:23,709 [70d1db21-1697-4809-b58f-4bb5345b25c0:group-EFF97C3B864E:LeaderElection72] INFO  segmented.SegmentedRaftLogWorker (SegmentedRaftLogWorker.java:startLogSegment(380)) - 70d1db21-1697-4809-b58f-4bb5345b25c0-SegmentedRaftLogWorker:Storage Directory /workdir/hadoop-ozone/integration-test/target/test-dir/MiniOzoneClusterImpl-3ce2fde9-0a18-41d4-8c47-cb897b02b2eb/datanode-3/data/ratis/2b2d0d56-ef06-4a68-8665-eff97c3b864e: Starting segment from index:0
2019-08-28 19:12:23,709 [70d1db21-1697-4809-b58f-4bb5345b25c0:group-EFF97C3B864E:LeaderElection72] INFO  impl.RaftServerImpl (ServerState.java:setRaftConf(361)) - 70d1db21-1697-4809-b58f-4bb5345b25c0:group-EFF97C3B864E set configuration 0: [70d1db21-1697-4809-b58f-4bb5345b25c0:192.168.69.102:38344], old=null at 0
2019-08-28 19:12:23,714 | INFO  | SCMAudit | user=jenkins1000 | ip=192.168.69.102 | op=SEND_HEARTBEAT {datanodeUUID=d28ba164-7668-43e2-a317-bea85156c188, command=[]} | ret=SUCCESS |  
2019-08-28 19:12:23,761 [70d1db21-1697-4809-b58f-4bb5345b25c0-SegmentedRaftLogWorker:Storage Directory /workdir/hadoop-ozone/integration-test/target/test-dir/MiniOzoneClusterImpl-3ce2fde9-0a18-41d4-8c47-cb897b02b2eb/datanode-3/data/ratis/2b2d0d56-ef06-4a68-8665-eff97c3b864e] INFO  segmented.SegmentedRaftLogWorker (SegmentedRaftLogWorker.java:execute(569)) - 70d1db21-1697-4809-b58f-4bb5345b25c0-SegmentedRaftLogWorker:Storage Directory /workdir/hadoop-ozone/integration-test/target/test-dir/MiniOzoneClusterImpl-3ce2fde9-0a18-41d4-8c47-cb897b02b2eb/datanode-3/data/ratis/2b2d0d56-ef06-4a68-8665-eff97c3b864e: created new log segment /workdir/hadoop-ozone/integration-test/target/test-dir/MiniOzoneClusterImpl-3ce2fde9-0a18-41d4-8c47-cb897b02b2eb/datanode-3/data/ratis/2b2d0d56-ef06-4a68-8665-eff97c3b864e/current/log_inprogress_0
2019-08-28 19:12:23,860 | INFO  | SCMAudit | user=jenkins1000 | ip=192.168.69.102 | op=SEND_HEARTBEAT {datanodeUUID=4a18b6df-35de-47cd-9e69-0c99ba3bc4ca, command=[]} | ret=SUCCESS |  
2019-08-28 19:12:23,921 | INFO  | SCMAudit | user=jenkins1000 | ip=192.168.69.102 | op=SEND_HEARTBEAT {datanodeUUID=6746a90d-cf8b-4530-9aed-ada9eea3074f, command=[]} | ret=SUCCESS |  
2019-08-28 19:12:23,921 [Thread-2557] INFO  impl.FollowerState (FollowerState.java:run(106)) - d28ba164-7668-43e2-a317-bea85156c188:group-48BA77EA4D92 changes to CANDIDATE, lastRpcTime:5171, electionTimeout:5171ms
2019-08-28 19:12:23,921 [Thread-2557] INFO  impl.RoleInfo (RoleInfo.java:shutdownFollowerState(121)) - d28ba164-7668-43e2-a317-bea85156c188: shutdown FollowerState
2019-08-28 19:12:23,921 [Thread-2557] INFO  impl.RaftServerImpl (RaftServerImpl.java:setRole(171)) - d28ba164-7668-43e2-a317-bea85156c188:group-48BA77EA4D92 changes role from FOLLOWER to CANDIDATE at term 0 for changeToCandidate
2019-08-28 19:12:23,922 [Thread-2557] INFO  impl.RoleInfo (RoleInfo.java:updateAndGet(143)) - d28ba164-7668-43e2-a317-bea85156c188: start LeaderElection
2019-08-28 19:12:23,961 [d28ba164-7668-43e2-a317-bea85156c188:group-48BA77EA4D92:LeaderElection73] INFO  impl.LeaderElection (LeaderElection.java:askForVotes(181)) - d28ba164-7668-43e2-a317-bea85156c188:group-48BA77EA4D92:LeaderElection73: begin an election at term 1 for -1: [d28ba164-7668-43e2-a317-bea85156c188:192.168.69.102:36941], old=null
2019-08-28 19:12:23,961 [d28ba164-7668-43e2-a317-bea85156c188:group-48BA77EA4D92:LeaderElection73] INFO  impl.RoleInfo (RoleInfo.java:shutdownLeaderElection(134)) - d28ba164-7668-43e2-a317-bea85156c188: shutdown LeaderElection
2019-08-28 19:12:23,961 [d28ba164-7668-43e2-a317-bea85156c188:group-48BA77EA4D92:LeaderElection73] INFO  impl.RaftServerImpl (RaftServerImpl.java:setRole(171)) - d28ba164-7668-43e2-a317-bea85156c188:group-48BA77EA4D92 changes role from CANDIDATE to LEADER at term 1 for changeToLeader
2019-08-28 19:12:23,961 [d28ba164-7668-43e2-a317-bea85156c188:group-48BA77EA4D92:LeaderElection73] INFO  impl.RaftServerImpl (ServerState.java:setLeader(263)) - d28ba164-7668-43e2-a317-bea85156c188:group-48BA77EA4D92 change Leader from null to d28ba164-7668-43e2-a317-bea85156c188 at term 1 for becomeLeader, leader elected after 5216ms
2019-08-28 19:12:23,962 [d28ba164-7668-43e2-a317-bea85156c188:group-48BA77EA4D92:LeaderElection73] INFO  server.RaftServerConfigKeys (ConfUtils.java:logGet(43)) - raft.server.staging.catchup.gap = 1000 (default)
2019-08-28 19:12:23,962 [d28ba164-7668-43e2-a317-bea85156c188:group-48BA77EA4D92:LeaderElection73] INFO  server.RaftServerConfigKeys (ConfUtils.java:logGet(43)) - raft.server.rpc.sleep.time = 25ms (default)
2019-08-28 19:12:23,962 [d28ba164-7668-43e2-a317-bea85156c188:group-48BA77EA4D92:LeaderElection73] INFO  server.RaftServerConfigKeys (ConfUtils.java:logGet(43)) - raft.server.write.element-limit = 4096 (default)
2019-08-28 19:12:23,962 [d28ba164-7668-43e2-a317-bea85156c188:group-48BA77EA4D92:LeaderElection73] INFO  server.RaftServerConfigKeys (ConfUtils.java:logGet(43)) - raft.server.watch.timeout = 10s (default)
2019-08-28 19:12:23,962 [d28ba164-7668-43e2-a317-bea85156c188:group-48BA77EA4D92:LeaderElection73] INFO  server.RaftServerConfigKeys (ConfUtils.java:logGet(43)) - raft.server.watch.timeout.denomination = 1s (default)
2019-08-28 19:12:23,962 [d28ba164-7668-43e2-a317-bea85156c188:group-48BA77EA4D92:LeaderElection73] INFO  server.RaftServerConfigKeys (ConfUtils.java:logGet(43)) - raft.server.watch.element-limit = 65536 (default)
2019-08-28 19:12:23,963 [d28ba164-7668-43e2-a317-bea85156c188:group-48BA77EA4D92:LeaderElection73] INFO  impl.RoleInfo (RoleInfo.java:updateAndGet(143)) - d28ba164-7668-43e2-a317-bea85156c188: start LeaderState
2019-08-28 19:12:23,963 [d28ba164-7668-43e2-a317-bea85156c188:group-48BA77EA4D92:LeaderElection73] INFO  segmented.SegmentedRaftLogWorker (SegmentedRaftLogWorker.java:startLogSegment(380)) - d28ba164-7668-43e2-a317-bea85156c188-SegmentedRaftLogWorker:Storage Directory /workdir/hadoop-ozone/integration-test/target/test-dir/MiniOzoneClusterImpl-3ce2fde9-0a18-41d4-8c47-cb897b02b2eb/datanode-4/data/ratis/33906422-47e8-4184-920c-48ba77ea4d92: Starting segment from index:0
2019-08-28 19:12:23,964 [d28ba164-7668-43e2-a317-bea85156c188:group-48BA77EA4D92:LeaderElection73] INFO  impl.RaftServerImpl (ServerState.java:setRaftConf(361)) - d28ba164-7668-43e2-a317-bea85156c188:group-48BA77EA4D92 set configuration 0: [d28ba164-7668-43e2-a317-bea85156c188:192.168.69.102:36941], old=null at 0
2019-08-28 19:12:23,994 [Thread-2560] INFO  impl.FollowerState (FollowerState.java:run(106)) - 6746a90d-cf8b-4530-9aed-ada9eea3074f:group-653E80E3C06B changes to CANDIDATE, lastRpcTime:5027, electionTimeout:5027ms
2019-08-28 19:12:23,994 [Thread-2560] INFO  impl.RoleInfo (RoleInfo.java:shutdownFollowerState(121)) - 6746a90d-cf8b-4530-9aed-ada9eea3074f: shutdown FollowerState
2019-08-28 19:12:23,994 [Thread-2560] INFO  impl.RaftServerImpl (RaftServerImpl.java:setRole(171)) - 6746a90d-cf8b-4530-9aed-ada9eea3074f:group-653E80E3C06B changes role from FOLLOWER to CANDIDATE at term 0 for changeToCandidate
2019-08-28 19:12:23,994 [Thread-2560] INFO  impl.RoleInfo (RoleInfo.java:updateAndGet(143)) - 6746a90d-cf8b-4530-9aed-ada9eea3074f: start LeaderElection
2019-08-28 19:12:24,028 [d28ba164-7668-43e2-a317-bea85156c188-SegmentedRaftLogWorker:Storage Directory /workdir/hadoop-ozone/integration-test/target/test-dir/MiniOzoneClusterImpl-3ce2fde9-0a18-41d4-8c47-cb897b02b2eb/datanode-4/data/ratis/33906422-47e8-4184-920c-48ba77ea4d92] INFO  segmented.SegmentedRaftLogWorker (SegmentedRaftLogWorker.java:execute(569)) - d28ba164-7668-43e2-a317-bea85156c188-SegmentedRaftLogWorker:Storage Directory /workdir/hadoop-ozone/integration-test/target/test-dir/MiniOzoneClusterImpl-3ce2fde9-0a18-41d4-8c47-cb897b02b2eb/datanode-4/data/ratis/33906422-47e8-4184-920c-48ba77ea4d92: created new log segment /workdir/hadoop-ozone/integration-test/target/test-dir/MiniOzoneClusterImpl-3ce2fde9-0a18-41d4-8c47-cb897b02b2eb/datanode-4/data/ratis/33906422-47e8-4184-920c-48ba77ea4d92/current/log_inprogress_0
2019-08-28 19:12:24,028 [6746a90d-cf8b-4530-9aed-ada9eea3074f:group-653E80E3C06B:LeaderElection74] INFO  impl.LeaderElection (LeaderElection.java:askForVotes(181)) - 6746a90d-cf8b-4530-9aed-ada9eea3074f:group-653E80E3C06B:LeaderElection74: begin an election at term 1 for -1: [6746a90d-cf8b-4530-9aed-ada9eea3074f:192.168.69.102:34170], old=null
2019-08-28 19:12:24,028 [6746a90d-cf8b-4530-9aed-ada9eea3074f:group-653E80E3C06B:LeaderElection74] INFO  impl.RoleInfo (RoleInfo.java:shutdownLeaderElection(134)) - 6746a90d-cf8b-4530-9aed-ada9eea3074f: shutdown LeaderElection
2019-08-28 19:12:24,028 [6746a90d-cf8b-4530-9aed-ada9eea3074f:group-653E80E3C06B:LeaderElection74] INFO  impl.RaftServerImpl (RaftServerImpl.java:setRole(171)) - 6746a90d-cf8b-4530-9aed-ada9eea3074f:group-653E80E3C06B changes role from CANDIDATE to LEADER at term 1 for changeToLeader
2019-08-28 19:12:24,029 [6746a90d-cf8b-4530-9aed-ada9eea3074f:group-653E80E3C06B:LeaderElection74] INFO  impl.RaftServerImpl (ServerState.java:setLeader(263)) - 6746a90d-cf8b-4530-9aed-ada9eea3074f:group-653E80E3C06B change Leader from null to 6746a90d-cf8b-4530-9aed-ada9eea3074f at term 1 for becomeLeader, leader elected after 5066ms
2019-08-28 19:12:24,029 [6746a90d-cf8b-4530-9aed-ada9eea3074f:group-653E80E3C06B:LeaderElection74] INFO  server.RaftServerConfigKeys (ConfUtils.java:logGet(43)) - raft.server.staging.catchup.gap = 1000 (default)
2019-08-28 19:12:24,029 [6746a90d-cf8b-4530-9aed-ada9eea3074f:group-653E80E3C06B:LeaderElection74] INFO  server.RaftServerConfigKeys (ConfUtils.java:logGet(43)) - raft.server.rpc.sleep.time = 25ms (default)
2019-08-28 19:12:24,029 [6746a90d-cf8b-4530-9aed-ada9eea3074f:group-653E80E3C06B:LeaderElection74] INFO  server.RaftServerConfigKeys (ConfUtils.java:logGet(43)) - raft.server.write.element-limit = 4096 (default)
2019-08-28 19:12:24,029 [6746a90d-cf8b-4530-9aed-ada9eea3074f:group-653E80E3C06B:LeaderElection74] INFO  server.RaftServerConfigKeys (ConfUtils.java:logGet(43)) - raft.server.watch.timeout = 10s (default)
2019-08-28 19:12:24,029 [6746a90d-cf8b-4530-9aed-ada9eea3074f:group-653E80E3C06B:LeaderElection74] INFO  server.RaftServerConfigKeys (ConfUtils.java:logGet(43)) - raft.server.watch.timeout.denomination = 1s (default)
2019-08-28 19:12:24,030 [6746a90d-cf8b-4530-9aed-ada9eea3074f:group-653E80E3C06B:LeaderElection74] INFO  server.RaftServerConfigKeys (ConfUtils.java:logGet(43)) - raft.server.watch.element-limit = 65536 (default)
2019-08-28 19:12:24,030 [6746a90d-cf8b-4530-9aed-ada9eea3074f:group-653E80E3C06B:LeaderElection74] INFO  impl.RoleInfo (RoleInfo.java:updateAndGet(143)) - 6746a90d-cf8b-4530-9aed-ada9eea3074f: start LeaderState
2019-08-28 19:12:24,030 [6746a90d-cf8b-4530-9aed-ada9eea3074f:group-653E80E3C06B:LeaderElection74] INFO  segmented.SegmentedRaftLogWorker (SegmentedRaftLogWorker.java:startLogSegment(380)) - 6746a90d-cf8b-4530-9aed-ada9eea3074f-SegmentedRaftLogWorker:Storage Directory /workdir/hadoop-ozone/integration-test/target/test-dir/MiniOzoneClusterImpl-3ce2fde9-0a18-41d4-8c47-cb897b02b2eb/datanode-5/data/ratis/309e4c47-aca4-4f2d-b115-653e80e3c06b: Starting segment from index:0
2019-08-28 19:12:24,031 [6746a90d-cf8b-4530-9aed-ada9eea3074f:group-653E80E3C06B:LeaderElection74] INFO  impl.RaftServerImpl (ServerState.java:setRaftConf(361)) - 6746a90d-cf8b-4530-9aed-ada9eea3074f:group-653E80E3C06B set configuration 0: [6746a90d-cf8b-4530-9aed-ada9eea3074f:192.168.69.102:34170], old=null at 0
2019-08-28 19:12:24,062 | INFO  | SCMAudit | user=jenkins1000 | ip=192.168.69.102 | op=SEND_HEARTBEAT {datanodeUUID=5f468c14-038a-4f85-b2bd-10bf135ba5a5, command=[]} | ret=SUCCESS |  
2019-08-28 19:12:24,085 [6746a90d-cf8b-4530-9aed-ada9eea3074f-SegmentedRaftLogWorker:Storage Directory /workdir/hadoop-ozone/integration-test/target/test-dir/MiniOzoneClusterImpl-3ce2fde9-0a18-41d4-8c47-cb897b02b2eb/datanode-5/data/ratis/309e4c47-aca4-4f2d-b115-653e80e3c06b] INFO  segmented.SegmentedRaftLogWorker (SegmentedRaftLogWorker.java:execute(569)) - 6746a90d-cf8b-4530-9aed-ada9eea3074f-SegmentedRaftLogWorker:Storage Directory /workdir/hadoop-ozone/integration-test/target/test-dir/MiniOzoneClusterImpl-3ce2fde9-0a18-41d4-8c47-cb897b02b2eb/datanode-5/data/ratis/309e4c47-aca4-4f2d-b115-653e80e3c06b: created new log segment /workdir/hadoop-ozone/integration-test/target/test-dir/MiniOzoneClusterImpl-3ce2fde9-0a18-41d4-8c47-cb897b02b2eb/datanode-5/data/ratis/309e4c47-aca4-4f2d-b115-653e80e3c06b/current/log_inprogress_0
2019-08-28 19:12:24,140 | INFO  | SCMAudit | user=jenkins1000 | ip=192.168.69.102 | op=SEND_HEARTBEAT {datanodeUUID=bca68fa7-7b80-4ad8-96f2-b14f19da762c, command=[]} | ret=SUCCESS |  
2019-08-28 19:12:24,147 [Thread-2563] INFO  impl.FollowerState (FollowerState.java:run(106)) - d28ba164-7668-43e2-a317-bea85156c188:group-9F9F9950B0A8 changes to CANDIDATE, lastRpcTime:5110, electionTimeout:5110ms
2019-08-28 19:12:24,147 [Thread-2563] INFO  impl.RoleInfo (RoleInfo.java:shutdownFollowerState(121)) - d28ba164-7668-43e2-a317-bea85156c188: shutdown FollowerState
2019-08-28 19:12:24,147 [Thread-2563] INFO  impl.RaftServerImpl (RaftServerImpl.java:setRole(171)) - d28ba164-7668-43e2-a317-bea85156c188:group-9F9F9950B0A8 changes role from FOLLOWER to CANDIDATE at term 0 for changeToCandidate
2019-08-28 19:12:24,147 [Thread-2563] INFO  impl.RoleInfo (RoleInfo.java:updateAndGet(143)) - d28ba164-7668-43e2-a317-bea85156c188: start LeaderElection
2019-08-28 19:12:24,177 [d28ba164-7668-43e2-a317-bea85156c188:group-9F9F9950B0A8:LeaderElection75] INFO  impl.LeaderElection (LeaderElection.java:askForVotes(181)) - d28ba164-7668-43e2-a317-bea85156c188:group-9F9F9950B0A8:LeaderElection75: begin an election at term 1 for -1: [d28ba164-7668-43e2-a317-bea85156c188:192.168.69.102:36941, 6746a90d-cf8b-4530-9aed-ada9eea3074f:192.168.69.102:34170, 70d1db21-1697-4809-b58f-4bb5345b25c0:192.168.69.102:38344], old=null
2019-08-28 19:12:24,185 [grpc-default-executor-6] INFO  impl.RaftServerImpl (RaftServerImpl.java:setRole(171)) - 70d1db21-1697-4809-b58f-4bb5345b25c0:group-9F9F9950B0A8 changes role from FOLLOWER to FOLLOWER at term 1 for recognizeCandidate:d28ba164-7668-43e2-a317-bea85156c188
2019-08-28 19:12:24,185 [grpc-default-executor-4] INFO  impl.RaftServerImpl (RaftServerImpl.java:setRole(171)) - 6746a90d-cf8b-4530-9aed-ada9eea3074f:group-9F9F9950B0A8 changes role from FOLLOWER to FOLLOWER at term 1 for recognizeCandidate:d28ba164-7668-43e2-a317-bea85156c188
2019-08-28 19:12:24,185 [grpc-default-executor-6] INFO  impl.RoleInfo (RoleInfo.java:shutdownFollowerState(121)) - 70d1db21-1697-4809-b58f-4bb5345b25c0: shutdown FollowerState
2019-08-28 19:12:24,186 [grpc-default-executor-4] INFO  impl.RoleInfo (RoleInfo.java:shutdownFollowerState(121)) - 6746a90d-cf8b-4530-9aed-ada9eea3074f: shutdown FollowerState
2019-08-28 19:12:24,186 [grpc-default-executor-6] INFO  impl.RoleInfo (RoleInfo.java:updateAndGet(143)) - 70d1db21-1697-4809-b58f-4bb5345b25c0: start FollowerState
2019-08-28 19:12:24,186 [Thread-2568] INFO  impl.FollowerState (FollowerState.java:run(114)) - 6746a90d-cf8b-4530-9aed-ada9eea3074f: FollowerState was interrupted: java.lang.InterruptedException: sleep interrupted
2019-08-28 19:12:24,186 [grpc-default-executor-4] INFO  impl.RoleInfo (RoleInfo.java:updateAndGet(143)) - 6746a90d-cf8b-4530-9aed-ada9eea3074f: start FollowerState
2019-08-28 19:12:24,186 [Thread-2567] INFO  impl.FollowerState (FollowerState.java:run(114)) - 70d1db21-1697-4809-b58f-4bb5345b25c0: FollowerState was interrupted: java.lang.InterruptedException: sleep interrupted
2019-08-28 19:12:24,228 [d28ba164-7668-43e2-a317-bea85156c188:group-9F9F9950B0A8:LeaderElection75] INFO  impl.LeaderElection (LeaderElection.java:logAndReturn(56)) - d28ba164-7668-43e2-a317-bea85156c188:group-9F9F9950B0A8:LeaderElection75: Election PASSED; received 1 response(s) [d28ba164-7668-43e2-a317-bea85156c188<-6746a90d-cf8b-4530-9aed-ada9eea3074f#0:OK-t1] and 0 exception(s); d28ba164-7668-43e2-a317-bea85156c188:t1, leader=null, voted=d28ba164-7668-43e2-a317-bea85156c188, raftlog=d28ba164-7668-43e2-a317-bea85156c188-SegmentedRaftLog:OPENED:c-1,f-1,i0, conf=-1: [d28ba164-7668-43e2-a317-bea85156c188:192.168.69.102:36941, 6746a90d-cf8b-4530-9aed-ada9eea3074f:192.168.69.102:34170, 70d1db21-1697-4809-b58f-4bb5345b25c0:192.168.69.102:38344], old=null
2019-08-28 19:12:24,228 [d28ba164-7668-43e2-a317-bea85156c188:group-9F9F9950B0A8:LeaderElection75] INFO  impl.RoleInfo (RoleInfo.java:shutdownLeaderElection(134)) - d28ba164-7668-43e2-a317-bea85156c188: shutdown LeaderElection
2019-08-28 19:12:24,229 [d28ba164-7668-43e2-a317-bea85156c188:group-9F9F9950B0A8:LeaderElection75] INFO  impl.RaftServerImpl (RaftServerImpl.java:setRole(171)) - d28ba164-7668-43e2-a317-bea85156c188:group-9F9F9950B0A8 changes role from CANDIDATE to LEADER at term 1 for changeToLeader
2019-08-28 19:12:24,229 [d28ba164-7668-43e2-a317-bea85156c188:group-9F9F9950B0A8:LeaderElection75] INFO  impl.RaftServerImpl (ServerState.java:setLeader(263)) - d28ba164-7668-43e2-a317-bea85156c188:group-9F9F9950B0A8 change Leader from null to d28ba164-7668-43e2-a317-bea85156c188 at term 1 for becomeLeader, leader elected after 5198ms
2019-08-28 19:12:24,229 [d28ba164-7668-43e2-a317-bea85156c188:group-9F9F9950B0A8:LeaderElection75] INFO  server.RaftServerConfigKeys (ConfUtils.java:logGet(43)) - raft.server.staging.catchup.gap = 1000 (default)
2019-08-28 19:12:24,229 [d28ba164-7668-43e2-a317-bea85156c188:group-9F9F9950B0A8:LeaderElection75] INFO  server.RaftServerConfigKeys (ConfUtils.java:logGet(43)) - raft.server.rpc.sleep.time = 25ms (default)
2019-08-28 19:12:24,229 [d28ba164-7668-43e2-a317-bea85156c188:group-9F9F9950B0A8:LeaderElection75] INFO  server.RaftServerConfigKeys (ConfUtils.java:logGet(43)) - raft.server.write.element-limit = 4096 (default)
2019-08-28 19:12:24,230 [d28ba164-7668-43e2-a317-bea85156c188:group-9F9F9950B0A8:LeaderElection75] INFO  server.RaftServerConfigKeys (ConfUtils.java:logGet(43)) - raft.server.watch.timeout = 10s (default)
2019-08-28 19:12:24,230 [d28ba164-7668-43e2-a317-bea85156c188:group-9F9F9950B0A8:LeaderElection75] INFO  server.RaftServerConfigKeys (ConfUtils.java:logGet(43)) - raft.server.watch.timeout.denomination = 1s (default)
2019-08-28 19:12:24,230 [d28ba164-7668-43e2-a317-bea85156c188:group-9F9F9950B0A8:LeaderElection75] INFO  server.RaftServerConfigKeys (ConfUtils.java:logGet(43)) - raft.server.watch.element-limit = 65536 (default)
2019-08-28 19:12:24,230 [d28ba164-7668-43e2-a317-bea85156c188:group-9F9F9950B0A8:LeaderElection75] INFO  server.RaftServerConfigKeys (ConfUtils.java:logGet(43)) - raft.server.log.appender.snapshot.chunk.size.max = 16MB (=16777216) (default)
2019-08-28 19:12:24,230 [d28ba164-7668-43e2-a317-bea85156c188:group-9F9F9950B0A8:LeaderElection75] INFO  server.RaftServerConfigKeys (ConfUtils.java:logGet(43)) - raft.server.log.appender.buffer.byte-limit = 33554432 (custom)
2019-08-28 19:12:24,231 [d28ba164-7668-43e2-a317-bea85156c188:group-9F9F9950B0A8:LeaderElection75] INFO  server.RaftServerConfigKeys (ConfUtils.java:logGet(43)) - raft.server.log.appender.buffer.element-limit = 1 (custom)
2019-08-28 19:12:24,231 [d28ba164-7668-43e2-a317-bea85156c188:group-9F9F9950B0A8:LeaderElection75] INFO  grpc.GrpcConfigKeys$Server (ConfUtils.java:logGet(43)) - raft.grpc.server.leader.outstanding.appends.max = 128 (default)
2019-08-28 19:12:24,231 [d28ba164-7668-43e2-a317-bea85156c188:group-9F9F9950B0A8:LeaderElection75] INFO  server.RaftServerConfigKeys (ConfUtils.java:logGet(43)) - raft.server.rpc.request.timeout = 3000ms (default)
2019-08-28 19:12:24,231 [d28ba164-7668-43e2-a317-bea85156c188:group-9F9F9950B0A8:LeaderElection75] INFO  server.RaftServerConfigKeys (ConfUtils.java:logGet(43)) - raft.server.log.appender.install.snapshot.enabled = false (custom)
2019-08-28 19:12:24,231 [d28ba164-7668-43e2-a317-bea85156c188:group-9F9F9950B0A8:LeaderElection75] INFO  server.RaftServerConfigKeys (ConfUtils.java:logGet(43)) - raft.server.log.appender.snapshot.chunk.size.max = 16MB (=16777216) (default)
2019-08-28 19:12:24,232 [d28ba164-7668-43e2-a317-bea85156c188:group-9F9F9950B0A8:LeaderElection75] INFO  server.RaftServerConfigKeys (ConfUtils.java:logGet(43)) - raft.server.log.appender.buffer.byte-limit = 33554432 (custom)
2019-08-28 19:12:24,232 [d28ba164-7668-43e2-a317-bea85156c188:group-9F9F9950B0A8:LeaderElection75] INFO  server.RaftServerConfigKeys (ConfUtils.java:logGet(43)) - raft.server.log.appender.buffer.element-limit = 1 (custom)
2019-08-28 19:12:24,232 [d28ba164-7668-43e2-a317-bea85156c188:group-9F9F9950B0A8:LeaderElection75] INFO  grpc.GrpcConfigKeys$Server (ConfUtils.java:logGet(43)) - raft.grpc.server.leader.outstanding.appends.max = 128 (default)
2019-08-28 19:12:24,232 [d28ba164-7668-43e2-a317-bea85156c188:group-9F9F9950B0A8:LeaderElection75] INFO  server.RaftServerConfigKeys (ConfUtils.java:logGet(43)) - raft.server.rpc.request.timeout = 3000ms (default)
2019-08-28 19:12:24,232 [d28ba164-7668-43e2-a317-bea85156c188:group-9F9F9950B0A8:LeaderElection75] INFO  server.RaftServerConfigKeys (ConfUtils.java:logGet(43)) - raft.server.log.appender.install.snapshot.enabled = false (custom)
2019-08-28 19:12:24,233 [d28ba164-7668-43e2-a317-bea85156c188:group-9F9F9950B0A8:LeaderElection75] INFO  impl.RoleInfo (RoleInfo.java:updateAndGet(143)) - d28ba164-7668-43e2-a317-bea85156c188: start LeaderState
2019-08-28 19:12:24,233 [d28ba164-7668-43e2-a317-bea85156c188:group-9F9F9950B0A8:LeaderElection75] INFO  segmented.SegmentedRaftLogWorker (SegmentedRaftLogWorker.java:startLogSegment(380)) - d28ba164-7668-43e2-a317-bea85156c188-SegmentedRaftLogWorker:Storage Directory /workdir/hadoop-ozone/integration-test/target/test-dir/MiniOzoneClusterImpl-3ce2fde9-0a18-41d4-8c47-cb897b02b2eb/datanode-4/data/ratis/ddaaeb7a-32e0-4b83-bc3c-9f9f9950b0a8: Starting segment from index:0
2019-08-28 19:12:24,234 [d28ba164-7668-43e2-a317-bea85156c188:group-9F9F9950B0A8:LeaderElection75] INFO  impl.RaftServerImpl (ServerState.java:setRaftConf(361)) - d28ba164-7668-43e2-a317-bea85156c188:group-9F9F9950B0A8 set configuration 0: [d28ba164-7668-43e2-a317-bea85156c188:192.168.69.102:36941, 6746a90d-cf8b-4530-9aed-ada9eea3074f:192.168.69.102:34170, 70d1db21-1697-4809-b58f-4bb5345b25c0:192.168.69.102:38344], old=null at 0
2019-08-28 19:12:24,269 [grpc-default-executor-6] INFO  impl.RaftServerImpl (ServerState.java:setLeader(263)) - 6746a90d-cf8b-4530-9aed-ada9eea3074f:group-9F9F9950B0A8 change Leader from null to d28ba164-7668-43e2-a317-bea85156c188 at term 1 for appendEntries, leader elected after 5238ms
2019-08-28 19:12:24,283 | INFO  | SCMAudit | user=jenkins1000 | ip=192.168.69.102 | op=SEND_HEARTBEAT {datanodeUUID=b8d2982f-8acd-46a4-922f-bcc5c81c0c27, command=[]} | ret=SUCCESS |  
2019-08-28 19:12:24,289 [d28ba164-7668-43e2-a317-bea85156c188-SegmentedRaftLogWorker:Storage Directory /workdir/hadoop-ozone/integration-test/target/test-dir/MiniOzoneClusterImpl-3ce2fde9-0a18-41d4-8c47-cb897b02b2eb/datanode-4/data/ratis/ddaaeb7a-32e0-4b83-bc3c-9f9f9950b0a8] INFO  segmented.SegmentedRaftLogWorker (SegmentedRaftLogWorker.java:execute(569)) - d28ba164-7668-43e2-a317-bea85156c188-SegmentedRaftLogWorker:Storage Directory /workdir/hadoop-ozone/integration-test/target/test-dir/MiniOzoneClusterImpl-3ce2fde9-0a18-41d4-8c47-cb897b02b2eb/datanode-4/data/ratis/ddaaeb7a-32e0-4b83-bc3c-9f9f9950b0a8: created new log segment /workdir/hadoop-ozone/integration-test/target/test-dir/MiniOzoneClusterImpl-3ce2fde9-0a18-41d4-8c47-cb897b02b2eb/datanode-4/data/ratis/ddaaeb7a-32e0-4b83-bc3c-9f9f9950b0a8/current/log_inprogress_0
2019-08-28 19:12:24,326 [Thread-2574] INFO  impl.FollowerState (FollowerState.java:run(106)) - bca68fa7-7b80-4ad8-96f2-b14f19da762c:group-EA754E984B64 changes to CANDIDATE, lastRpcTime:5123, electionTimeout:5123ms
2019-08-28 19:12:24,326 [Thread-2574] INFO  impl.RoleInfo (RoleInfo.java:shutdownFollowerState(121)) - bca68fa7-7b80-4ad8-96f2-b14f19da762c: shutdown FollowerState
2019-08-28 19:12:24,326 [Thread-2574] INFO  impl.RaftServerImpl (RaftServerImpl.java:setRole(171)) - bca68fa7-7b80-4ad8-96f2-b14f19da762c:group-EA754E984B64 changes role from FOLLOWER to CANDIDATE at term 0 for changeToCandidate
2019-08-28 19:12:24,342 [Thread-2574] INFO  impl.RoleInfo (RoleInfo.java:updateAndGet(143)) - bca68fa7-7b80-4ad8-96f2-b14f19da762c: start LeaderElection
2019-08-28 19:12:24,347 [grpc-default-executor-4] INFO  impl.RaftServerImpl (ServerState.java:setLeader(263)) - 70d1db21-1697-4809-b58f-4bb5345b25c0:group-9F9F9950B0A8 change Leader from null to d28ba164-7668-43e2-a317-bea85156c188 at term 1 for appendEntries, leader elected after 5316ms
2019-08-28 19:12:24,350 [grpc-default-executor-2] INFO  impl.RaftServerImpl (ServerState.java:setRaftConf(361)) - 6746a90d-cf8b-4530-9aed-ada9eea3074f:group-9F9F9950B0A8 set configuration 0: [d28ba164-7668-43e2-a317-bea85156c188:192.168.69.102:36941, 6746a90d-cf8b-4530-9aed-ada9eea3074f:192.168.69.102:34170, 70d1db21-1697-4809-b58f-4bb5345b25c0:192.168.69.102:38344], old=null at 0
2019-08-28 19:12:24,350 [grpc-default-executor-2] INFO  segmented.SegmentedRaftLogWorker (SegmentedRaftLogWorker.java:startLogSegment(380)) - 6746a90d-cf8b-4530-9aed-ada9eea3074f-SegmentedRaftLogWorker:Storage Directory /workdir/hadoop-ozone/integration-test/target/test-dir/MiniOzoneClusterImpl-3ce2fde9-0a18-41d4-8c47-cb897b02b2eb/datanode-5/data/ratis/ddaaeb7a-32e0-4b83-bc3c-9f9f9950b0a8: Starting segment from index:0
2019-08-28 19:12:24,493 | INFO  | SCMAudit | user=jenkins1000 | ip=192.168.69.102 | op=SEND_HEARTBEAT {datanodeUUID=70d1db21-1697-4809-b58f-4bb5345b25c0, command=[]} | ret=SUCCESS |  
2019-08-28 19:12:24,625 [grpc-default-executor-2] INFO  impl.RaftServerImpl (ServerState.java:setRaftConf(361)) - 70d1db21-1697-4809-b58f-4bb5345b25c0:group-9F9F9950B0A8 set configuration 0: [d28ba164-7668-43e2-a317-bea85156c188:192.168.69.102:36941, 6746a90d-cf8b-4530-9aed-ada9eea3074f:192.168.69.102:34170, 70d1db21-1697-4809-b58f-4bb5345b25c0:192.168.69.102:38344], old=null at 0
2019-08-28 19:12:24,625 [grpc-default-executor-2] INFO  segmented.SegmentedRaftLogWorker (SegmentedRaftLogWorker.java:startLogSegment(380)) - 70d1db21-1697-4809-b58f-4bb5345b25c0-SegmentedRaftLogWorker:Storage Directory /workdir/hadoop-ozone/integration-test/target/test-dir/MiniOzoneClusterImpl-3ce2fde9-0a18-41d4-8c47-cb897b02b2eb/datanode-3/data/ratis/ddaaeb7a-32e0-4b83-bc3c-9f9f9950b0a8: Starting segment from index:0
2019-08-28 19:12:24,638 [6746a90d-cf8b-4530-9aed-ada9eea3074f-SegmentedRaftLogWorker:Storage Directory /workdir/hadoop-ozone/integration-test/target/test-dir/MiniOzoneClusterImpl-3ce2fde9-0a18-41d4-8c47-cb897b02b2eb/datanode-5/data/ratis/ddaaeb7a-32e0-4b83-bc3c-9f9f9950b0a8] INFO  segmented.SegmentedRaftLogWorker (SegmentedRaftLogWorker.java:execute(569)) - 6746a90d-cf8b-4530-9aed-ada9eea3074f-SegmentedRaftLogWorker:Storage Directory /workdir/hadoop-ozone/integration-test/target/test-dir/MiniOzoneClusterImpl-3ce2fde9-0a18-41d4-8c47-cb897b02b2eb/datanode-5/data/ratis/ddaaeb7a-32e0-4b83-bc3c-9f9f9950b0a8: created new log segment /workdir/hadoop-ozone/integration-test/target/test-dir/MiniOzoneClusterImpl-3ce2fde9-0a18-41d4-8c47-cb897b02b2eb/datanode-5/data/ratis/ddaaeb7a-32e0-4b83-bc3c-9f9f9950b0a8/current/log_inprogress_0
2019-08-28 19:12:24,638 [bca68fa7-7b80-4ad8-96f2-b14f19da762c:group-EA754E984B64:LeaderElection76] INFO  impl.LeaderElection (LeaderElection.java:askForVotes(181)) - bca68fa7-7b80-4ad8-96f2-b14f19da762c:group-EA754E984B64:LeaderElection76: begin an election at term 1 for -1: [bca68fa7-7b80-4ad8-96f2-b14f19da762c:192.168.69.102:37392], old=null
2019-08-28 19:12:24,638 [bca68fa7-7b80-4ad8-96f2-b14f19da762c:group-EA754E984B64:LeaderElection76] INFO  impl.RoleInfo (RoleInfo.java:shutdownLeaderElection(134)) - bca68fa7-7b80-4ad8-96f2-b14f19da762c: shutdown LeaderElection
2019-08-28 19:12:24,638 [bca68fa7-7b80-4ad8-96f2-b14f19da762c:group-EA754E984B64:LeaderElection76] INFO  impl.RaftServerImpl (RaftServerImpl.java:setRole(171)) - bca68fa7-7b80-4ad8-96f2-b14f19da762c:group-EA754E984B64 changes role from CANDIDATE to LEADER at term 1 for changeToLeader
2019-08-28 19:12:24,638 [bca68fa7-7b80-4ad8-96f2-b14f19da762c:group-EA754E984B64:LeaderElection76] INFO  impl.RaftServerImpl (ServerState.java:setLeader(263)) - bca68fa7-7b80-4ad8-96f2-b14f19da762c:group-EA754E984B64 change Leader from null to bca68fa7-7b80-4ad8-96f2-b14f19da762c at term 1 for becomeLeader, leader elected after 5440ms
2019-08-28 19:12:24,639 [bca68fa7-7b80-4ad8-96f2-b14f19da762c:group-EA754E984B64:LeaderElection76] INFO  server.RaftServerConfigKeys (ConfUtils.java:logGet(43)) - raft.server.staging.catchup.gap = 1000 (default)
2019-08-28 19:12:24,639 [bca68fa7-7b80-4ad8-96f2-b14f19da762c:group-EA754E984B64:LeaderElection76] INFO  server.RaftServerConfigKeys (ConfUtils.java:logGet(43)) - raft.server.rpc.sleep.time = 25ms (default)
2019-08-28 19:12:24,639 [bca68fa7-7b80-4ad8-96f2-b14f19da762c:group-EA754E984B64:LeaderElection76] INFO  server.RaftServerConfigKeys (ConfUtils.java:logGet(43)) - raft.server.write.element-limit = 4096 (default)
2019-08-28 19:12:24,639 [bca68fa7-7b80-4ad8-96f2-b14f19da762c:group-EA754E984B64:LeaderElection76] INFO  server.RaftServerConfigKeys (ConfUtils.java:logGet(43)) - raft.server.watch.timeout = 10s (default)
2019-08-28 19:12:24,639 [bca68fa7-7b80-4ad8-96f2-b14f19da762c:group-EA754E984B64:LeaderElection76] INFO  server.RaftServerConfigKeys (ConfUtils.java:logGet(43)) - raft.server.watch.timeout.denomination = 1s (default)
2019-08-28 19:12:24,639 [bca68fa7-7b80-4ad8-96f2-b14f19da762c:group-EA754E984B64:LeaderElection76] INFO  server.RaftServerConfigKeys (ConfUtils.java:logGet(43)) - raft.server.watch.element-limit = 65536 (default)
2019-08-28 19:12:24,639 [bca68fa7-7b80-4ad8-96f2-b14f19da762c:group-EA754E984B64:LeaderElection76] INFO  impl.RoleInfo (RoleInfo.java:updateAndGet(143)) - bca68fa7-7b80-4ad8-96f2-b14f19da762c: start LeaderState
2019-08-28 19:12:24,640 [bca68fa7-7b80-4ad8-96f2-b14f19da762c:group-EA754E984B64:LeaderElection76] INFO  segmented.SegmentedRaftLogWorker (SegmentedRaftLogWorker.java:startLogSegment(380)) - bca68fa7-7b80-4ad8-96f2-b14f19da762c-SegmentedRaftLogWorker:Storage Directory /workdir/hadoop-ozone/integration-test/target/test-dir/MiniOzoneClusterImpl-3ce2fde9-0a18-41d4-8c47-cb897b02b2eb/datanode-6/data/ratis/3ee421da-e2d0-4f0e-ad6d-ea754e984b64: Starting segment from index:0
2019-08-28 19:12:24,640 [bca68fa7-7b80-4ad8-96f2-b14f19da762c:group-EA754E984B64:LeaderElection76] INFO  impl.RaftServerImpl (ServerState.java:setRaftConf(361)) - bca68fa7-7b80-4ad8-96f2-b14f19da762c:group-EA754E984B64 set configuration 0: [bca68fa7-7b80-4ad8-96f2-b14f19da762c:192.168.69.102:37392], old=null at 0
2019-08-28 19:12:24,670 [70d1db21-1697-4809-b58f-4bb5345b25c0-SegmentedRaftLogWorker:Storage Directory /workdir/hadoop-ozone/integration-test/target/test-dir/MiniOzoneClusterImpl-3ce2fde9-0a18-41d4-8c47-cb897b02b2eb/datanode-3/data/ratis/ddaaeb7a-32e0-4b83-bc3c-9f9f9950b0a8] INFO  segmented.SegmentedRaftLogWorker (SegmentedRaftLogWorker.java:execute(569)) - 70d1db21-1697-4809-b58f-4bb5345b25c0-SegmentedRaftLogWorker:Storage Directory /workdir/hadoop-ozone/integration-test/target/test-dir/MiniOzoneClusterImpl-3ce2fde9-0a18-41d4-8c47-cb897b02b2eb/datanode-3/data/ratis/ddaaeb7a-32e0-4b83-bc3c-9f9f9950b0a8: created new log segment /workdir/hadoop-ozone/integration-test/target/test-dir/MiniOzoneClusterImpl-3ce2fde9-0a18-41d4-8c47-cb897b02b2eb/datanode-3/data/ratis/ddaaeb7a-32e0-4b83-bc3c-9f9f9950b0a8/current/log_inprogress_0
2019-08-28 19:12:24,684 [bca68fa7-7b80-4ad8-96f2-b14f19da762c-SegmentedRaftLogWorker:Storage Directory /workdir/hadoop-ozone/integration-test/target/test-dir/MiniOzoneClusterImpl-3ce2fde9-0a18-41d4-8c47-cb897b02b2eb/datanode-6/data/ratis/3ee421da-e2d0-4f0e-ad6d-ea754e984b64] INFO  segmented.SegmentedRaftLogWorker (SegmentedRaftLogWorker.java:execute(569)) - bca68fa7-7b80-4ad8-96f2-b14f19da762c-SegmentedRaftLogWorker:Storage Directory /workdir/hadoop-ozone/integration-test/target/test-dir/MiniOzoneClusterImpl-3ce2fde9-0a18-41d4-8c47-cb897b02b2eb/datanode-6/data/ratis/3ee421da-e2d0-4f0e-ad6d-ea754e984b64: created new log segment /workdir/hadoop-ozone/integration-test/target/test-dir/MiniOzoneClusterImpl-3ce2fde9-0a18-41d4-8c47-cb897b02b2eb/datanode-6/data/ratis/3ee421da-e2d0-4f0e-ad6d-ea754e984b64/current/log_inprogress_0
2019-08-28 19:12:24,715 | INFO  | SCMAudit | user=jenkins1000 | ip=192.168.69.102 | op=SEND_HEARTBEAT {datanodeUUID=d28ba164-7668-43e2-a317-bea85156c188, command=[]} | ret=SUCCESS |  
2019-08-28 19:12:24,747 | INFO  | DNAudit | user=null | ip=null | op=CREATE_CONTAINER {containerID=1, containerType=KeyValueContainer} | ret=SUCCESS |  
2019-08-28 19:12:24,747 | INFO  | DNAudit | user=null | ip=null | op=CREATE_CONTAINER {containerID=1, containerType=KeyValueContainer} | ret=SUCCESS |  
2019-08-28 19:12:24,747 | INFO  | DNAudit | user=null | ip=null | op=CREATE_CONTAINER {containerID=1, containerType=KeyValueContainer} | ret=SUCCESS |  
2019-08-28 19:12:24,758 | INFO  | SCMAudit | user=jenkins1000 | ip=192.168.69.102 | op=SEND_HEARTBEAT {datanodeUUID=5f468c14-038a-4f85-b2bd-10bf135ba5a5, command=[]} | ret=SUCCESS |  
2019-08-28 19:12:24,758 | INFO  | SCMAudit | user=jenkins1000 | ip=192.168.69.102 | op=SEND_HEARTBEAT {datanodeUUID=b8d2982f-8acd-46a4-922f-bcc5c81c0c27, command=[]} | ret=SUCCESS |  
2019-08-28 19:12:24,759 | INFO  | SCMAudit | user=jenkins1000 | ip=192.168.69.102 | op=SEND_HEARTBEAT {datanodeUUID=4a18b6df-35de-47cd-9e69-0c99ba3bc4ca, command=[]} | ret=SUCCESS |  
2019-08-28 19:12:24,759 [grpc-default-executor-2] INFO  client.GrpcClientProtocolClient (GrpcClientProtocolClient.java:onNext(255)) - client-9E659FCB78A6->5f468c14-038a-4f85-b2bd-10bf135ba5a5: receive RaftClientReply:client-9E659FCB78A6->5f468c14-038a-4f85-b2bd-10bf135ba5a5@group-FD8920EECC50, cid=103, SUCCESS, logIndex=1, commits[5f468c14-038a-4f85-b2bd-10bf135ba5a5:c2, b8d2982f-8acd-46a4-922f-bcc5c81c0c27:c1, 4a18b6df-35de-47cd-9e69-0c99ba3bc4ca:c1]
2019-08-28 19:12:24,759 [main] INFO  datanode.ObjectStoreHandler (ObjectStoreHandler.java:close(155)) - Closing ObjectStoreHandler.
2019-08-28 19:12:24,760 [main] INFO  ozone.HddsDatanodeService (HddsDatanodeService.java:stop(451)) - Stopped plug-in org.apache.hadoop.ozone.web.OzoneHddsDatanodeService@35c69e6b
2019-08-28 19:12:24,922 | INFO  | SCMAudit | user=jenkins1000 | ip=192.168.69.102 | op=SEND_HEARTBEAT {datanodeUUID=6746a90d-cf8b-4530-9aed-ada9eea3074f, command=[]} | ret=SUCCESS |  
2019-08-28 19:12:25,139 | INFO  | SCMAudit | user=jenkins1000 | ip=192.168.69.102 | op=SEND_HEARTBEAT {datanodeUUID=bca68fa7-7b80-4ad8-96f2-b14f19da762c, command=[]} | ret=SUCCESS |  
2019-08-28 19:12:25,493 | INFO  | SCMAudit | user=jenkins1000 | ip=192.168.69.102 | op=SEND_HEARTBEAT {datanodeUUID=70d1db21-1697-4809-b58f-4bb5345b25c0, command=[]} | ret=SUCCESS |  
2019-08-28 19:12:25,715 | INFO  | SCMAudit | user=jenkins1000 | ip=192.168.69.102 | op=SEND_HEARTBEAT {datanodeUUID=d28ba164-7668-43e2-a317-bea85156c188, command=[]} | ret=SUCCESS |  
2019-08-28 19:12:25,744 [Datanode State Machine Thread - 0] INFO  statemachine.DatanodeStateMachine (DatanodeStateMachine.java:lambda$startDaemon$0(350)) - Ozone container server started.
2019-08-28 19:12:25,745 | INFO  | SCMAudit | user=jenkins1000 | ip=192.168.69.102 | op=SEND_HEARTBEAT {datanodeUUID=4a18b6df-35de-47cd-9e69-0c99ba3bc4ca, command=[]} | ret=SUCCESS |  
2019-08-28 19:12:25,746 | INFO  | SCMAudit | user=jenkins1000 | ip=192.168.69.102 | op=SEND_HEARTBEAT {datanodeUUID=b8d2982f-8acd-46a4-922f-bcc5c81c0c27, command=[]} | ret=SUCCESS |  
2019-08-28 19:12:25,921 | INFO  | SCMAudit | user=jenkins1000 | ip=192.168.69.102 | op=SEND_HEARTBEAT {datanodeUUID=6746a90d-cf8b-4530-9aed-ada9eea3074f, command=[]} | ret=SUCCESS |  
2019-08-28 19:12:26,139 | INFO  | SCMAudit | user=jenkins1000 | ip=192.168.69.102 | op=SEND_HEARTBEAT {datanodeUUID=bca68fa7-7b80-4ad8-96f2-b14f19da762c, command=[]} | ret=SUCCESS |  
2019-08-28 19:12:26,493 | INFO  | SCMAudit | user=jenkins1000 | ip=192.168.69.102 | op=SEND_HEARTBEAT {datanodeUUID=70d1db21-1697-4809-b58f-4bb5345b25c0, command=[]} | ret=SUCCESS |  
2019-08-28 19:12:26,715 | INFO  | SCMAudit | user=jenkins1000 | ip=192.168.69.102 | op=SEND_HEARTBEAT {datanodeUUID=d28ba164-7668-43e2-a317-bea85156c188, command=[]} | ret=SUCCESS |  
2019-08-28 19:12:26,745 | INFO  | SCMAudit | user=jenkins1000 | ip=192.168.69.102 | op=SEND_HEARTBEAT {datanodeUUID=4a18b6df-35de-47cd-9e69-0c99ba3bc4ca, command=[]} | ret=SUCCESS |  
2019-08-28 19:12:26,746 | INFO  | SCMAudit | user=jenkins1000 | ip=192.168.69.102 | op=SEND_HEARTBEAT {datanodeUUID=b8d2982f-8acd-46a4-922f-bcc5c81c0c27, command=[]} | ret=SUCCESS |  
2019-08-28 19:12:26,922 | INFO  | SCMAudit | user=jenkins1000 | ip=192.168.69.102 | op=SEND_HEARTBEAT {datanodeUUID=6746a90d-cf8b-4530-9aed-ada9eea3074f, command=[]} | ret=SUCCESS |  
2019-08-28 19:12:27,139 | INFO  | SCMAudit | user=jenkins1000 | ip=192.168.69.102 | op=SEND_HEARTBEAT {datanodeUUID=bca68fa7-7b80-4ad8-96f2-b14f19da762c, command=[]} | ret=SUCCESS |  
2019-08-28 19:12:27,493 | INFO  | SCMAudit | user=jenkins1000 | ip=192.168.69.102 | op=SEND_HEARTBEAT {datanodeUUID=70d1db21-1697-4809-b58f-4bb5345b25c0, command=[]} | ret=SUCCESS |  
2019-08-28 19:12:27,715 | INFO  | SCMAudit | user=jenkins1000 | ip=192.168.69.102 | op=SEND_HEARTBEAT {datanodeUUID=d28ba164-7668-43e2-a317-bea85156c188, command=[]} | ret=SUCCESS |  
2019-08-28 19:12:27,745 | INFO  | SCMAudit | user=jenkins1000 | ip=192.168.69.102 | op=SEND_HEARTBEAT {datanodeUUID=4a18b6df-35de-47cd-9e69-0c99ba3bc4ca, command=[]} | ret=SUCCESS |  
2019-08-28 19:12:27,747 | INFO  | SCMAudit | user=jenkins1000 | ip=192.168.69.102 | op=SEND_HEARTBEAT {datanodeUUID=b8d2982f-8acd-46a4-922f-bcc5c81c0c27, command=[]} | ret=SUCCESS |  
2019-08-28 19:12:27,921 | INFO  | SCMAudit | user=jenkins1000 | ip=192.168.69.102 | op=SEND_HEARTBEAT {datanodeUUID=6746a90d-cf8b-4530-9aed-ada9eea3074f, command=[]} | ret=SUCCESS |  
2019-08-28 19:12:28,140 | INFO  | SCMAudit | user=jenkins1000 | ip=192.168.69.102 | op=SEND_HEARTBEAT {datanodeUUID=bca68fa7-7b80-4ad8-96f2-b14f19da762c, command=[]} | ret=SUCCESS |  
2019-08-28 19:12:28,494 | INFO  | SCMAudit | user=jenkins1000 | ip=192.168.69.102 | op=SEND_HEARTBEAT {datanodeUUID=70d1db21-1697-4809-b58f-4bb5345b25c0, command=[]} | ret=SUCCESS |  
2019-08-28 19:12:28,715 | INFO  | SCMAudit | user=jenkins1000 | ip=192.168.69.102 | op=SEND_HEARTBEAT {datanodeUUID=d28ba164-7668-43e2-a317-bea85156c188, command=[]} | ret=SUCCESS |  
2019-08-28 19:12:28,746 | INFO  | SCMAudit | user=jenkins1000 | ip=192.168.69.102 | op=SEND_HEARTBEAT {datanodeUUID=4a18b6df-35de-47cd-9e69-0c99ba3bc4ca, command=[]} | ret=SUCCESS |  
2019-08-28 19:12:28,747 | INFO  | SCMAudit | user=jenkins1000 | ip=192.168.69.102 | op=SEND_HEARTBEAT {datanodeUUID=b8d2982f-8acd-46a4-922f-bcc5c81c0c27, command=[]} | ret=SUCCESS |  
2019-08-28 19:12:28,922 | INFO  | SCMAudit | user=jenkins1000 | ip=192.168.69.102 | op=SEND_HEARTBEAT {datanodeUUID=6746a90d-cf8b-4530-9aed-ada9eea3074f, command=[]} | ret=SUCCESS |  
2019-08-28 19:12:29,141 | INFO  | SCMAudit | user=jenkins1000 | ip=192.168.69.102 | op=SEND_HEARTBEAT {datanodeUUID=bca68fa7-7b80-4ad8-96f2-b14f19da762c, command=[]} | ret=SUCCESS |  
2019-08-28 19:12:29,494 | INFO  | SCMAudit | user=jenkins1000 | ip=192.168.69.102 | op=SEND_HEARTBEAT {datanodeUUID=70d1db21-1697-4809-b58f-4bb5345b25c0, command=[]} | ret=SUCCESS |  
2019-08-28 19:12:29,716 | INFO  | SCMAudit | user=jenkins1000 | ip=192.168.69.102 | op=SEND_HEARTBEAT {datanodeUUID=d28ba164-7668-43e2-a317-bea85156c188, command=[]} | ret=SUCCESS |  
2019-08-28 19:12:29,745 | INFO  | SCMAudit | user=jenkins1000 | ip=192.168.69.102 | op=SEND_HEARTBEAT {datanodeUUID=4a18b6df-35de-47cd-9e69-0c99ba3bc4ca, command=[]} | ret=SUCCESS |  
2019-08-28 19:12:29,747 | INFO  | SCMAudit | user=jenkins1000 | ip=192.168.69.102 | op=SEND_HEARTBEAT {datanodeUUID=b8d2982f-8acd-46a4-922f-bcc5c81c0c27, command=[]} | ret=SUCCESS |  
2019-08-28 19:12:29,761 [main] INFO  ozoneimpl.OzoneContainer (OzoneContainer.java:stop(199)) - Attempting to stop container services.
2019-08-28 19:12:29,761 [main] INFO  impl.RaftServerProxy (RaftServerProxy.java:lambda$close$4(314)) - 5f468c14-038a-4f85-b2bd-10bf135ba5a5: close
2019-08-28 19:12:29,762 [main] INFO  impl.RaftServerImpl (RaftServerImpl.java:lambda$shutdown$3(245)) - 5f468c14-038a-4f85-b2bd-10bf135ba5a5: shutdown group-FD8920EECC50
2019-08-28 19:12:29,762 [main] INFO  util.JmxRegister (JmxRegister.java:unregister(73)) - Successfully un-registered JMX Bean with object name Ratis:service=RaftServer,group=group-FD8920EECC50,id=5f468c14-038a-4f85-b2bd-10bf135ba5a5
2019-08-28 19:12:29,762 [main] INFO  impl.RoleInfo (RoleInfo.java:shutdownLeaderState(104)) - 5f468c14-038a-4f85-b2bd-10bf135ba5a5: shutdown LeaderState
2019-08-28 19:12:29,767 [org.apache.ratis.server.impl.LogAppender$AppenderDaemon$$Lambda$468/1268698684@7a5fa654] WARN  server.GrpcLogAppender (GrpcLogAppender.java:mayWait(143)) - GrpcLogAppender(5f468c14-038a-4f85-b2bd-10bf135ba5a5->b8d2982f-8acd-46a4-922f-bcc5c81c0c27): Wait interrupted by java.lang.InterruptedException
2019-08-28 19:12:29,767 [main] INFO  impl.PendingRequests (PendingRequests.java:sendNotLeaderResponses(202)) - 5f468c14-038a-4f85-b2bd-10bf135ba5a5-PendingRequests: sendNotLeaderResponses
2019-08-28 19:12:29,768 [grpc-default-executor-4] INFO  server.GrpcServerProtocolService (GrpcServerProtocolService.java:onCompleted(104)) - b8d2982f-8acd-46a4-922f-bcc5c81c0c27: appendEntries completed
2019-08-28 19:12:29,767 [org.apache.ratis.server.impl.LogAppender$AppenderDaemon$$Lambda$468/1268698684@3f5d277b] WARN  server.GrpcLogAppender (GrpcLogAppender.java:mayWait(143)) - GrpcLogAppender(5f468c14-038a-4f85-b2bd-10bf135ba5a5->4a18b6df-35de-47cd-9e69-0c99ba3bc4ca): Wait interrupted by java.lang.InterruptedException
2019-08-28 19:12:29,776 [main] INFO  impl.StateMachineUpdater (StateMachineUpdater.java:stopAndJoin(115)) - StateMachineUpdater:5f468c14-038a-4f85-b2bd-10bf135ba5a5:group-FD8920EECC50: set stopIndex = 2
2019-08-28 19:12:29,776 [grpc-default-executor-2] INFO  server.GrpcLogAppender (GrpcLogAppender.java:onCompleted(292)) - 5f468c14-038a-4f85-b2bd-10bf135ba5a5->b8d2982f-8acd-46a4-922f-bcc5c81c0c27: follower responses appendEntries COMPLETED
2019-08-28 19:12:29,776 [grpc-default-executor-4] INFO  server.GrpcServerProtocolService (GrpcServerProtocolService.java:onCompleted(104)) - 4a18b6df-35de-47cd-9e69-0c99ba3bc4ca: appendEntries completed
2019-08-28 19:12:29,776 [StateMachineUpdater:5f468c14-038a-4f85-b2bd-10bf135ba5a5:group-FD8920EECC50] INFO  ratis.ContainerStateMachine (ContainerStateMachine.java:takeSnapshot(283)) - group-FD8920EECC50: Taking a snapshot at:(t:1, i:2) file /workdir/hadoop-ozone/integration-test/target/test-dir/MiniOzoneClusterImpl-3ce2fde9-0a18-41d4-8c47-cb897b02b2eb/datanode-1/data/ratis/0743395c-c901-4d64-bea8-fd8920eecc50/sm/snapshot.1_2
2019-08-28 19:12:29,777 [grpc-default-executor-2] INFO  impl.FollowerInfo (FollowerInfo.java:lambda$new$0(50)) - 5f468c14-038a-4f85-b2bd-10bf135ba5a5->b8d2982f-8acd-46a4-922f-bcc5c81c0c27: nextIndex: updateUnconditionally 3 -> 2
2019-08-28 19:12:29,777 [grpc-default-executor-2] INFO  server.GrpcLogAppender (GrpcLogAppender.java:onCompleted(292)) - 5f468c14-038a-4f85-b2bd-10bf135ba5a5->4a18b6df-35de-47cd-9e69-0c99ba3bc4ca: follower responses appendEntries COMPLETED
2019-08-28 19:12:29,778 [grpc-default-executor-2] INFO  impl.FollowerInfo (FollowerInfo.java:lambda$new$0(50)) - 5f468c14-038a-4f85-b2bd-10bf135ba5a5->4a18b6df-35de-47cd-9e69-0c99ba3bc4ca: nextIndex: updateUnconditionally 3 -> 2
2019-08-28 19:12:29,789 [StateMachineUpdater:5f468c14-038a-4f85-b2bd-10bf135ba5a5:group-FD8920EECC50] INFO  ratis.ContainerStateMachine (ContainerStateMachine.java:takeSnapshot(294)) - group-FD8920EECC50: Finished taking a snapshot at:(t:1, i:2) file:/workdir/hadoop-ozone/integration-test/target/test-dir/MiniOzoneClusterImpl-3ce2fde9-0a18-41d4-8c47-cb897b02b2eb/datanode-1/data/ratis/0743395c-c901-4d64-bea8-fd8920eecc50/sm/snapshot.1_2 time:12
2019-08-28 19:12:29,789 [StateMachineUpdater:5f468c14-038a-4f85-b2bd-10bf135ba5a5:group-FD8920EECC50] INFO  impl.StateMachineUpdater (StateMachineUpdater.java:takeSnapshot(242)) - StateMachineUpdater:5f468c14-038a-4f85-b2bd-10bf135ba5a5:group-FD8920EECC50: Took a snapshot at index 2
2019-08-28 19:12:29,789 [StateMachineUpdater:5f468c14-038a-4f85-b2bd-10bf135ba5a5:group-FD8920EECC50] INFO  impl.StateMachineUpdater (StateMachineUpdater.java:lambda$new$0(80)) - StateMachineUpdater:5f468c14-038a-4f85-b2bd-10bf135ba5a5:group-FD8920EECC50: snapshotIndex: updateIncreasingly -1 -> 2
2019-08-28 19:12:29,789 [main] INFO  impl.RaftServerImpl (ServerState.java:close(394)) - 5f468c14-038a-4f85-b2bd-10bf135ba5a5:group-FD8920EECC50 closes. The last applied log index is 2
2019-08-28 19:12:29,790 [5f468c14-038a-4f85-b2bd-10bf135ba5a5-SegmentedRaftLogWorker:Storage Directory /workdir/hadoop-ozone/integration-test/target/test-dir/MiniOzoneClusterImpl-3ce2fde9-0a18-41d4-8c47-cb897b02b2eb/datanode-1/data/ratis/0743395c-c901-4d64-bea8-fd8920eecc50] INFO  segmented.SegmentedRaftLogWorker (SegmentedRaftLogWorker.java:run(313)) - 5f468c14-038a-4f85-b2bd-10bf135ba5a5-SegmentedRaftLogWorker:Storage Directory /workdir/hadoop-ozone/integration-test/target/test-dir/MiniOzoneClusterImpl-3ce2fde9-0a18-41d4-8c47-cb897b02b2eb/datanode-1/data/ratis/0743395c-c901-4d64-bea8-fd8920eecc50 was interrupted, exiting. There are 0 tasks remaining in the queue.
2019-08-28 19:12:29,792 [main] INFO  segmented.SegmentedRaftLogWorker (SegmentedRaftLogWorker.java:close(228)) - 5f468c14-038a-4f85-b2bd-10bf135ba5a5-SegmentedRaftLogWorker:Storage Directory /workdir/hadoop-ozone/integration-test/target/test-dir/MiniOzoneClusterImpl-3ce2fde9-0a18-41d4-8c47-cb897b02b2eb/datanode-1/data/ratis/0743395c-c901-4d64-bea8-fd8920eecc50 close()
2019-08-28 19:12:29,795 [main] INFO  impl.RaftServerImpl (RaftServerImpl.java:lambda$shutdown$3(245)) - 5f468c14-038a-4f85-b2bd-10bf135ba5a5: shutdown group-42BD0185613C
2019-08-28 19:12:29,796 [main] INFO  util.JmxRegister (JmxRegister.java:unregister(73)) - Successfully un-registered JMX Bean with object name Ratis:service=RaftServer,group=group-42BD0185613C,id=5f468c14-038a-4f85-b2bd-10bf135ba5a5
2019-08-28 19:12:29,796 [main] INFO  impl.RoleInfo (RoleInfo.java:shutdownLeaderState(104)) - 5f468c14-038a-4f85-b2bd-10bf135ba5a5: shutdown LeaderState
2019-08-28 19:12:29,796 [main] INFO  impl.PendingRequests (PendingRequests.java:sendNotLeaderResponses(202)) - 5f468c14-038a-4f85-b2bd-10bf135ba5a5-PendingRequests: sendNotLeaderResponses
2019-08-28 19:12:29,796 [main] INFO  impl.StateMachineUpdater (StateMachineUpdater.java:stopAndJoin(115)) - StateMachineUpdater:5f468c14-038a-4f85-b2bd-10bf135ba5a5:group-42BD0185613C: set stopIndex = 0
2019-08-28 19:12:29,797 [main] INFO  impl.RaftServerImpl (ServerState.java:close(394)) - 5f468c14-038a-4f85-b2bd-10bf135ba5a5:group-42BD0185613C closes. The last applied log index is 0
2019-08-28 19:12:29,797 [5f468c14-038a-4f85-b2bd-10bf135ba5a5-SegmentedRaftLogWorker:Storage Directory /workdir/hadoop-ozone/integration-test/target/test-dir/MiniOzoneClusterImpl-3ce2fde9-0a18-41d4-8c47-cb897b02b2eb/datanode-1/data/ratis/9f9ef127-d6e1-475a-9841-42bd0185613c] INFO  segmented.SegmentedRaftLogWorker (SegmentedRaftLogWorker.java:run(313)) - 5f468c14-038a-4f85-b2bd-10bf135ba5a5-SegmentedRaftLogWorker:Storage Directory /workdir/hadoop-ozone/integration-test/target/test-dir/MiniOzoneClusterImpl-3ce2fde9-0a18-41d4-8c47-cb897b02b2eb/datanode-1/data/ratis/9f9ef127-d6e1-475a-9841-42bd0185613c was interrupted, exiting. There are 0 tasks remaining in the queue.
2019-08-28 19:12:29,798 [main] INFO  segmented.SegmentedRaftLogWorker (SegmentedRaftLogWorker.java:close(228)) - 5f468c14-038a-4f85-b2bd-10bf135ba5a5-SegmentedRaftLogWorker:Storage Directory /workdir/hadoop-ozone/integration-test/target/test-dir/MiniOzoneClusterImpl-3ce2fde9-0a18-41d4-8c47-cb897b02b2eb/datanode-1/data/ratis/9f9ef127-d6e1-475a-9841-42bd0185613c close()
2019-08-28 19:12:29,803 [main] INFO  server.GrpcService (GrpcService.java:closeImpl(155)) - 5f468c14-038a-4f85-b2bd-10bf135ba5a5: shutdown server with port 35422 now
2019-08-28 19:12:29,804 [main] INFO  server.GrpcService (GrpcService.java:closeImpl(163)) - 5f468c14-038a-4f85-b2bd-10bf135ba5a5: shutdown server with port 35422 successfully
2019-08-28 19:12:29,804 [main] INFO  utils.BackgroundService (BackgroundService.java:shutdown(148)) - Shutting down service BlockDeletingService
2019-08-28 19:12:29,807 [refreshUsed-/workdir/hadoop-ozone/integration-test/target/test-dir/MiniOzoneClusterImpl-3ce2fde9-0a18-41d4-8c47-cb897b02b2eb/datanode-1/data/containers] WARN  fs.CachingGetSpaceUsed (CachingGetSpaceUsed.java:run(183)) - Thread Interrupted waiting to refresh disk information: sleep interrupted
2019-08-28 19:12:29,830 [main] INFO  statemachine.DatanodeStateMachine (DatanodeStateMachine.java:stopDaemon(395)) - Ozone container server stopped.
2019-08-28 19:12:29,831 [main] INFO  handler.ContextHandler (ContextHandler.java:doStop(910)) - Stopped o.e.j.w.WebAppContext@597a5ead{/,null,UNAVAILABLE}{/hddsDatanode}
2019-08-28 19:12:29,832 [main] INFO  server.AbstractConnector (AbstractConnector.java:doStop(318)) - Stopped ServerConnector@e763080{HTTP/1.1,[http/1.1]}{0.0.0.0:0}
2019-08-28 19:12:29,832 [main] INFO  handler.ContextHandler (ContextHandler.java:doStop(910)) - Stopped o.e.j.s.ServletContextHandler@700b035b{/static,jar:file:/home/user/.m2/repository/org/apache/hadoop/hadoop-hdds-container-service/0.5.0-SNAPSHOT/hadoop-hdds-container-service-0.5.0-SNAPSHOT.jar!/webapps/static,UNAVAILABLE}
2019-08-28 19:12:29,833 [main] INFO  handler.ContextHandler (ContextHandler.java:doStop(910)) - Stopped o.e.j.s.ServletContextHandler@5b2c9a69{/logs,file:///workdir/hadoop-ozone/integration-test/target/log,UNAVAILABLE}
2019-08-28 19:12:29,921 | INFO  | SCMAudit | user=jenkins1000 | ip=192.168.69.102 | op=SEND_HEARTBEAT {datanodeUUID=6746a90d-cf8b-4530-9aed-ada9eea3074f, command=[]} | ret=SUCCESS |  
2019-08-28 19:12:30,141 | INFO  | SCMAudit | user=jenkins1000 | ip=192.168.69.102 | op=SEND_HEARTBEAT {datanodeUUID=bca68fa7-7b80-4ad8-96f2-b14f19da762c, command=[]} | ret=SUCCESS |  
2019-08-28 19:12:30,494 | INFO  | SCMAudit | user=jenkins1000 | ip=192.168.69.102 | op=SEND_HEARTBEAT {datanodeUUID=70d1db21-1697-4809-b58f-4bb5345b25c0, command=[]} | ret=SUCCESS |  
2019-08-28 19:12:30,716 | INFO  | SCMAudit | user=jenkins1000 | ip=192.168.69.102 | op=SEND_HEARTBEAT {datanodeUUID=d28ba164-7668-43e2-a317-bea85156c188, command=[]} | ret=SUCCESS |  
2019-08-28 19:12:30,745 | INFO  | SCMAudit | user=jenkins1000 | ip=192.168.69.102 | op=SEND_HEARTBEAT {datanodeUUID=4a18b6df-35de-47cd-9e69-0c99ba3bc4ca, command=[]} | ret=SUCCESS |  
2019-08-28 19:12:30,747 | INFO  | SCMAudit | user=jenkins1000 | ip=192.168.69.102 | op=SEND_HEARTBEAT {datanodeUUID=b8d2982f-8acd-46a4-922f-bcc5c81c0c27, command=[]} | ret=SUCCESS |  
2019-08-28 19:12:30,921 | INFO  | SCMAudit | user=jenkins1000 | ip=192.168.69.102 | op=SEND_HEARTBEAT {datanodeUUID=6746a90d-cf8b-4530-9aed-ada9eea3074f, command=[]} | ret=SUCCESS |  
2019-08-28 19:12:31,141 | INFO  | SCMAudit | user=jenkins1000 | ip=192.168.69.102 | op=SEND_HEARTBEAT {datanodeUUID=bca68fa7-7b80-4ad8-96f2-b14f19da762c, command=[]} | ret=SUCCESS |  
2019-08-28 19:12:31,494 | INFO  | SCMAudit | user=jenkins1000 | ip=192.168.69.102 | op=SEND_HEARTBEAT {datanodeUUID=70d1db21-1697-4809-b58f-4bb5345b25c0, command=[]} | ret=SUCCESS |  
2019-08-28 19:12:31,716 | INFO  | SCMAudit | user=jenkins1000 | ip=192.168.69.102 | op=SEND_HEARTBEAT {datanodeUUID=d28ba164-7668-43e2-a317-bea85156c188, command=[]} | ret=SUCCESS |  
2019-08-28 19:12:31,745 | INFO  | SCMAudit | user=jenkins1000 | ip=192.168.69.102 | op=SEND_HEARTBEAT {datanodeUUID=4a18b6df-35de-47cd-9e69-0c99ba3bc4ca, command=[]} | ret=SUCCESS |  
2019-08-28 19:12:31,747 | INFO  | SCMAudit | user=jenkins1000 | ip=192.168.69.102 | op=SEND_HEARTBEAT {datanodeUUID=b8d2982f-8acd-46a4-922f-bcc5c81c0c27, command=[]} | ret=SUCCESS |  
2019-08-28 19:12:31,857 [grpc-default-executor-6] INFO  client.GrpcClientProtocolClient (GrpcClientProtocolClient.java:onNext(255)) - client-9E659FCB78A6->b8d2982f-8acd-46a4-922f-bcc5c81c0c27: receive RaftClientReply:client-9E659FCB78A6->b8d2982f-8acd-46a4-922f-bcc5c81c0c27@group-FD8920EECC50, cid=104, FAILED org.apache.ratis.protocol.NotLeaderException: Server b8d2982f-8acd-46a4-922f-bcc5c81c0c27 is not the leader (5f468c14-038a-4f85-b2bd-10bf135ba5a5:192.168.69.102:35422). Request must be sent to leader., logIndex=0, commits[b8d2982f-8acd-46a4-922f-bcc5c81c0c27:c2, 5f468c14-038a-4f85-b2bd-10bf135ba5a5:c2, 4a18b6df-35de-47cd-9e69-0c99ba3bc4ca:c2]
2019-08-28 19:12:31,921 | INFO  | SCMAudit | user=jenkins1000 | ip=192.168.69.102 | op=SEND_HEARTBEAT {datanodeUUID=6746a90d-cf8b-4530-9aed-ada9eea3074f, command=[]} | ret=SUCCESS |  
2019-08-28 19:12:32,141 | INFO  | SCMAudit | user=jenkins1000 | ip=192.168.69.102 | op=SEND_HEARTBEAT {datanodeUUID=bca68fa7-7b80-4ad8-96f2-b14f19da762c, command=[]} | ret=SUCCESS |  
2019-08-28 19:12:32,494 | INFO  | SCMAudit | user=jenkins1000 | ip=192.168.69.102 | op=SEND_HEARTBEAT {datanodeUUID=70d1db21-1697-4809-b58f-4bb5345b25c0, command=[]} | ret=SUCCESS |  
2019-08-28 19:12:32,717 | INFO  | SCMAudit | user=jenkins1000 | ip=192.168.69.102 | op=SEND_HEARTBEAT {datanodeUUID=d28ba164-7668-43e2-a317-bea85156c188, command=[]} | ret=SUCCESS |  
2019-08-28 19:12:32,747 | INFO  | SCMAudit | user=jenkins1000 | ip=192.168.69.102 | op=SEND_HEARTBEAT {datanodeUUID=4a18b6df-35de-47cd-9e69-0c99ba3bc4ca, command=[]} | ret=SUCCESS |  
2019-08-28 19:12:32,748 | INFO  | SCMAudit | user=jenkins1000 | ip=192.168.69.102 | op=SEND_HEARTBEAT {datanodeUUID=b8d2982f-8acd-46a4-922f-bcc5c81c0c27, command=[]} | ret=SUCCESS |  
2019-08-28 19:12:32,871 [grpc-default-executor-2] INFO  client.GrpcClientProtocolClient (GrpcClientProtocolClient.java:onNext(255)) - client-9E659FCB78A6->b8d2982f-8acd-46a4-922f-bcc5c81c0c27: receive RaftClientReply:client-9E659FCB78A6->b8d2982f-8acd-46a4-922f-bcc5c81c0c27@group-FD8920EECC50, cid=104, FAILED org.apache.ratis.protocol.NotLeaderException: Server b8d2982f-8acd-46a4-922f-bcc5c81c0c27 is not the leader (5f468c14-038a-4f85-b2bd-10bf135ba5a5:192.168.69.102:35422). Request must be sent to leader., logIndex=0, commits[b8d2982f-8acd-46a4-922f-bcc5c81c0c27:c2, 5f468c14-038a-4f85-b2bd-10bf135ba5a5:c2, 4a18b6df-35de-47cd-9e69-0c99ba3bc4ca:c2]
2019-08-28 19:12:32,921 | INFO  | SCMAudit | user=jenkins1000 | ip=192.168.69.102 | op=SEND_HEARTBEAT {datanodeUUID=6746a90d-cf8b-4530-9aed-ada9eea3074f, command=[]} | ret=SUCCESS |  
2019-08-28 19:12:33,141 | INFO  | SCMAudit | user=jenkins1000 | ip=192.168.69.102 | op=SEND_HEARTBEAT {datanodeUUID=bca68fa7-7b80-4ad8-96f2-b14f19da762c, command=[]} | ret=SUCCESS |  
2019-08-28 19:12:33,494 | INFO  | SCMAudit | user=jenkins1000 | ip=192.168.69.102 | op=SEND_HEARTBEAT {datanodeUUID=70d1db21-1697-4809-b58f-4bb5345b25c0, command=[]} | ret=SUCCESS |  
2019-08-28 19:12:33,717 | INFO  | SCMAudit | user=jenkins1000 | ip=192.168.69.102 | op=SEND_HEARTBEAT {datanodeUUID=d28ba164-7668-43e2-a317-bea85156c188, command=[]} | ret=SUCCESS |  
2019-08-28 19:12:33,746 | INFO  | SCMAudit | user=jenkins1000 | ip=192.168.69.102 | op=SEND_HEARTBEAT {datanodeUUID=4a18b6df-35de-47cd-9e69-0c99ba3bc4ca, command=[]} | ret=SUCCESS |  
2019-08-28 19:12:33,747 | INFO  | SCMAudit | user=jenkins1000 | ip=192.168.69.102 | op=SEND_HEARTBEAT {datanodeUUID=b8d2982f-8acd-46a4-922f-bcc5c81c0c27, command=[]} | ret=SUCCESS |  
2019-08-28 19:12:33,885 [grpc-default-executor-2] INFO  client.GrpcClientProtocolClient (GrpcClientProtocolClient.java:onNext(255)) - client-9E659FCB78A6->b8d2982f-8acd-46a4-922f-bcc5c81c0c27: receive RaftClientReply:client-9E659FCB78A6->b8d2982f-8acd-46a4-922f-bcc5c81c0c27@group-FD8920EECC50, cid=104, FAILED org.apache.ratis.protocol.NotLeaderException: Server b8d2982f-8acd-46a4-922f-bcc5c81c0c27 is not the leader (5f468c14-038a-4f85-b2bd-10bf135ba5a5:192.168.69.102:35422). Request must be sent to leader., logIndex=0, commits[b8d2982f-8acd-46a4-922f-bcc5c81c0c27:c2, 5f468c14-038a-4f85-b2bd-10bf135ba5a5:c2, 4a18b6df-35de-47cd-9e69-0c99ba3bc4ca:c2]
2019-08-28 19:12:33,921 | INFO  | SCMAudit | user=jenkins1000 | ip=192.168.69.102 | op=SEND_HEARTBEAT {datanodeUUID=6746a90d-cf8b-4530-9aed-ada9eea3074f, command=[]} | ret=SUCCESS |  
2019-08-28 19:12:34,142 | INFO  | SCMAudit | user=jenkins1000 | ip=192.168.69.102 | op=SEND_HEARTBEAT {datanodeUUID=bca68fa7-7b80-4ad8-96f2-b14f19da762c, command=[]} | ret=SUCCESS |  
2019-08-28 19:12:34,494 | INFO  | SCMAudit | user=jenkins1000 | ip=192.168.69.102 | op=SEND_HEARTBEAT {datanodeUUID=70d1db21-1697-4809-b58f-4bb5345b25c0, command=[]} | ret=SUCCESS |  
2019-08-28 19:12:34,717 | INFO  | SCMAudit | user=jenkins1000 | ip=192.168.69.102 | op=SEND_HEARTBEAT {datanodeUUID=d28ba164-7668-43e2-a317-bea85156c188, command=[]} | ret=SUCCESS |  
2019-08-28 19:12:34,747 | INFO  | SCMAudit | user=jenkins1000 | ip=192.168.69.102 | op=SEND_HEARTBEAT {datanodeUUID=4a18b6df-35de-47cd-9e69-0c99ba3bc4ca, command=[]} | ret=SUCCESS |  
2019-08-28 19:12:34,747 | INFO  | SCMAudit | user=jenkins1000 | ip=192.168.69.102 | op=SEND_HEARTBEAT {datanodeUUID=b8d2982f-8acd-46a4-922f-bcc5c81c0c27, command=[]} | ret=SUCCESS |  
2019-08-28 19:12:34,898 [grpc-default-executor-6] INFO  client.GrpcClientProtocolClient (GrpcClientProtocolClient.java:onNext(255)) - client-9E659FCB78A6->b8d2982f-8acd-46a4-922f-bcc5c81c0c27: receive RaftClientReply:client-9E659FCB78A6->b8d2982f-8acd-46a4-922f-bcc5c81c0c27@group-FD8920EECC50, cid=104, FAILED org.apache.ratis.protocol.NotLeaderException: Server b8d2982f-8acd-46a4-922f-bcc5c81c0c27 is not the leader (5f468c14-038a-4f85-b2bd-10bf135ba5a5:192.168.69.102:35422). Request must be sent to leader., logIndex=0, commits[b8d2982f-8acd-46a4-922f-bcc5c81c0c27:c2, 5f468c14-038a-4f85-b2bd-10bf135ba5a5:c2, 4a18b6df-35de-47cd-9e69-0c99ba3bc4ca:c2]
2019-08-28 19:12:34,921 | INFO  | SCMAudit | user=jenkins1000 | ip=192.168.69.102 | op=SEND_HEARTBEAT {datanodeUUID=6746a90d-cf8b-4530-9aed-ada9eea3074f, command=[]} | ret=SUCCESS |  
2019-08-28 19:12:35,141 | INFO  | SCMAudit | user=jenkins1000 | ip=192.168.69.102 | op=SEND_HEARTBEAT {datanodeUUID=bca68fa7-7b80-4ad8-96f2-b14f19da762c, command=[]} | ret=SUCCESS |  
2019-08-28 19:12:35,495 | INFO  | SCMAudit | user=jenkins1000 | ip=192.168.69.102 | op=SEND_HEARTBEAT {datanodeUUID=70d1db21-1697-4809-b58f-4bb5345b25c0, command=[]} | ret=SUCCESS |  
2019-08-28 19:12:35,718 | INFO  | SCMAudit | user=jenkins1000 | ip=192.168.69.102 | op=SEND_HEARTBEAT {datanodeUUID=d28ba164-7668-43e2-a317-bea85156c188, command=[]} | ret=SUCCESS |  
2019-08-28 19:12:35,747 | INFO  | SCMAudit | user=jenkins1000 | ip=192.168.69.102 | op=SEND_HEARTBEAT {datanodeUUID=4a18b6df-35de-47cd-9e69-0c99ba3bc4ca, command=[]} | ret=SUCCESS |  
2019-08-28 19:12:35,747 | INFO  | SCMAudit | user=jenkins1000 | ip=192.168.69.102 | op=SEND_HEARTBEAT {datanodeUUID=b8d2982f-8acd-46a4-922f-bcc5c81c0c27, command=[]} | ret=SUCCESS |  
2019-08-28 19:12:35,911 [grpc-default-executor-4] INFO  client.GrpcClientProtocolClient (GrpcClientProtocolClient.java:onNext(255)) - client-9E659FCB78A6->4a18b6df-35de-47cd-9e69-0c99ba3bc4ca: receive RaftClientReply:client-9E659FCB78A6->4a18b6df-35de-47cd-9e69-0c99ba3bc4ca@group-FD8920EECC50, cid=104, FAILED org.apache.ratis.protocol.NotLeaderException: Server 4a18b6df-35de-47cd-9e69-0c99ba3bc4ca is not the leader (5f468c14-038a-4f85-b2bd-10bf135ba5a5:192.168.69.102:35422). Request must be sent to leader., logIndex=0, commits[4a18b6df-35de-47cd-9e69-0c99ba3bc4ca:c2, b8d2982f-8acd-46a4-922f-bcc5c81c0c27:c2, 5f468c14-038a-4f85-b2bd-10bf135ba5a5:c2]
2019-08-28 19:12:35,922 | INFO  | SCMAudit | user=jenkins1000 | ip=192.168.69.102 | op=SEND_HEARTBEAT {datanodeUUID=6746a90d-cf8b-4530-9aed-ada9eea3074f, command=[]} | ret=SUCCESS |  
2019-08-28 19:12:36,141 | INFO  | SCMAudit | user=jenkins1000 | ip=192.168.69.102 | op=SEND_HEARTBEAT {datanodeUUID=bca68fa7-7b80-4ad8-96f2-b14f19da762c, command=[]} | ret=SUCCESS |  
2019-08-28 19:12:36,494 | INFO  | SCMAudit | user=jenkins1000 | ip=192.168.69.102 | op=SEND_HEARTBEAT {datanodeUUID=70d1db21-1697-4809-b58f-4bb5345b25c0, command=[]} | ret=SUCCESS |  
2019-08-28 19:12:36,717 | INFO  | SCMAudit | user=jenkins1000 | ip=192.168.69.102 | op=SEND_HEARTBEAT {datanodeUUID=d28ba164-7668-43e2-a317-bea85156c188, command=[]} | ret=SUCCESS |  
2019-08-28 19:12:36,747 | INFO  | SCMAudit | user=jenkins1000 | ip=192.168.69.102 | op=SEND_HEARTBEAT {datanodeUUID=4a18b6df-35de-47cd-9e69-0c99ba3bc4ca, command=[]} | ret=SUCCESS |  
2019-08-28 19:12:36,747 | INFO  | SCMAudit | user=jenkins1000 | ip=192.168.69.102 | op=SEND_HEARTBEAT {datanodeUUID=b8d2982f-8acd-46a4-922f-bcc5c81c0c27, command=[]} | ret=SUCCESS |  
2019-08-28 19:12:36,922 | INFO  | SCMAudit | user=jenkins1000 | ip=192.168.69.102 | op=SEND_HEARTBEAT {datanodeUUID=6746a90d-cf8b-4530-9aed-ada9eea3074f, command=[]} | ret=SUCCESS |  
2019-08-28 19:12:36,926 [grpc-default-executor-6] INFO  client.GrpcClientProtocolClient (GrpcClientProtocolClient.java:onNext(255)) - client-9E659FCB78A6->4a18b6df-35de-47cd-9e69-0c99ba3bc4ca: receive RaftClientReply:client-9E659FCB78A6->4a18b6df-35de-47cd-9e69-0c99ba3bc4ca@group-FD8920EECC50, cid=104, FAILED org.apache.ratis.protocol.NotLeaderException: Server 4a18b6df-35de-47cd-9e69-0c99ba3bc4ca is not the leader (5f468c14-038a-4f85-b2bd-10bf135ba5a5:192.168.69.102:35422). Request must be sent to leader., logIndex=0, commits[4a18b6df-35de-47cd-9e69-0c99ba3bc4ca:c2, b8d2982f-8acd-46a4-922f-bcc5c81c0c27:c2, 5f468c14-038a-4f85-b2bd-10bf135ba5a5:c2]
2019-08-28 19:12:37,141 | INFO  | SCMAudit | user=jenkins1000 | ip=192.168.69.102 | op=SEND_HEARTBEAT {datanodeUUID=bca68fa7-7b80-4ad8-96f2-b14f19da762c, command=[]} | ret=SUCCESS |  
2019-08-28 19:12:37,494 | INFO  | SCMAudit | user=jenkins1000 | ip=192.168.69.102 | op=SEND_HEARTBEAT {datanodeUUID=70d1db21-1697-4809-b58f-4bb5345b25c0, command=[]} | ret=SUCCESS |  
2019-08-28 19:12:37,718 | INFO  | SCMAudit | user=jenkins1000 | ip=192.168.69.102 | op=SEND_HEARTBEAT {datanodeUUID=d28ba164-7668-43e2-a317-bea85156c188, command=[]} | ret=SUCCESS |  
2019-08-28 19:12:37,747 | INFO  | SCMAudit | user=jenkins1000 | ip=192.168.69.102 | op=SEND_HEARTBEAT {datanodeUUID=4a18b6df-35de-47cd-9e69-0c99ba3bc4ca, command=[]} | ret=SUCCESS |  
2019-08-28 19:12:37,748 | INFO  | SCMAudit | user=jenkins1000 | ip=192.168.69.102 | op=SEND_HEARTBEAT {datanodeUUID=b8d2982f-8acd-46a4-922f-bcc5c81c0c27, command=[]} | ret=SUCCESS |  
2019-08-28 19:12:37,923 | INFO  | SCMAudit | user=jenkins1000 | ip=192.168.69.102 | op=SEND_HEARTBEAT {datanodeUUID=6746a90d-cf8b-4530-9aed-ada9eea3074f, command=[]} | ret=SUCCESS |  
2019-08-28 19:12:37,943 [grpc-default-executor-4] INFO  client.GrpcClientProtocolClient (GrpcClientProtocolClient.java:onNext(255)) - client-9E659FCB78A6->4a18b6df-35de-47cd-9e69-0c99ba3bc4ca: receive RaftClientReply:client-9E659FCB78A6->4a18b6df-35de-47cd-9e69-0c99ba3bc4ca@group-FD8920EECC50, cid=104, FAILED org.apache.ratis.protocol.NotLeaderException: Server 4a18b6df-35de-47cd-9e69-0c99ba3bc4ca is not the leader (5f468c14-038a-4f85-b2bd-10bf135ba5a5:192.168.69.102:35422). Request must be sent to leader., logIndex=0, commits[4a18b6df-35de-47cd-9e69-0c99ba3bc4ca:c2, b8d2982f-8acd-46a4-922f-bcc5c81c0c27:c2, 5f468c14-038a-4f85-b2bd-10bf135ba5a5:c2]
2019-08-28 19:12:38,142 | INFO  | SCMAudit | user=jenkins1000 | ip=192.168.69.102 | op=SEND_HEARTBEAT {datanodeUUID=bca68fa7-7b80-4ad8-96f2-b14f19da762c, command=[]} | ret=SUCCESS |  
2019-08-28 19:12:38,495 | INFO  | SCMAudit | user=jenkins1000 | ip=192.168.69.102 | op=SEND_HEARTBEAT {datanodeUUID=70d1db21-1697-4809-b58f-4bb5345b25c0, command=[]} | ret=SUCCESS |  
2019-08-28 19:12:38,718 | INFO  | SCMAudit | user=jenkins1000 | ip=192.168.69.102 | op=SEND_HEARTBEAT {datanodeUUID=d28ba164-7668-43e2-a317-bea85156c188, command=[]} | ret=SUCCESS |  
2019-08-28 19:12:38,747 | INFO  | SCMAudit | user=jenkins1000 | ip=192.168.69.102 | op=SEND_HEARTBEAT {datanodeUUID=4a18b6df-35de-47cd-9e69-0c99ba3bc4ca, command=[]} | ret=SUCCESS |  
2019-08-28 19:12:38,748 | INFO  | SCMAudit | user=jenkins1000 | ip=192.168.69.102 | op=SEND_HEARTBEAT {datanodeUUID=b8d2982f-8acd-46a4-922f-bcc5c81c0c27, command=[]} | ret=SUCCESS |  
2019-08-28 19:12:38,759 [Thread-2599] INFO  impl.FollowerState (FollowerState.java:run(106)) - b8d2982f-8acd-46a4-922f-bcc5c81c0c27:group-FD8920EECC50 changes to CANDIDATE, lastRpcTime:9127, electionTimeout:5100ms
2019-08-28 19:12:38,759 [Thread-2599] INFO  impl.RoleInfo (RoleInfo.java:shutdownFollowerState(121)) - b8d2982f-8acd-46a4-922f-bcc5c81c0c27: shutdown FollowerState
2019-08-28 19:12:38,759 [Thread-2599] INFO  impl.RaftServerImpl (RaftServerImpl.java:setRole(171)) - b8d2982f-8acd-46a4-922f-bcc5c81c0c27:group-FD8920EECC50 changes role from FOLLOWER to CANDIDATE at term 1 for changeToCandidate
2019-08-28 19:12:38,759 [Thread-2599] INFO  impl.RoleInfo (RoleInfo.java:updateAndGet(143)) - b8d2982f-8acd-46a4-922f-bcc5c81c0c27: start LeaderElection
2019-08-28 19:12:38,763 [Thread-2600] INFO  impl.FollowerState (FollowerState.java:run(106)) - 4a18b6df-35de-47cd-9e69-0c99ba3bc4ca:group-FD8920EECC50 changes to CANDIDATE, lastRpcTime:9134, electionTimeout:5149ms
2019-08-28 19:12:38,764 [Thread-2600] INFO  impl.RoleInfo (RoleInfo.java:shutdownFollowerState(121)) - 4a18b6df-35de-47cd-9e69-0c99ba3bc4ca: shutdown FollowerState
2019-08-28 19:12:38,764 [b8d2982f-8acd-46a4-922f-bcc5c81c0c27:group-FD8920EECC50:LeaderElection77] INFO  impl.RaftServerImpl (ServerState.java:setLeader(263)) - b8d2982f-8acd-46a4-922f-bcc5c81c0c27:group-FD8920EECC50 change Leader from 5f468c14-038a-4f85-b2bd-10bf135ba5a5 to null at term 1 for initElection
2019-08-28 19:12:38,764 [Thread-2600] INFO  impl.RaftServerImpl (RaftServerImpl.java:setRole(171)) - 4a18b6df-35de-47cd-9e69-0c99ba3bc4ca:group-FD8920EECC50 changes role from FOLLOWER to CANDIDATE at term 1 for changeToCandidate
2019-08-28 19:12:38,764 [Thread-2600] INFO  impl.RoleInfo (RoleInfo.java:updateAndGet(143)) - 4a18b6df-35de-47cd-9e69-0c99ba3bc4ca: start LeaderElection
2019-08-28 19:12:38,767 [4a18b6df-35de-47cd-9e69-0c99ba3bc4ca:group-FD8920EECC50:LeaderElection78] INFO  impl.RaftServerImpl (ServerState.java:setLeader(263)) - 4a18b6df-35de-47cd-9e69-0c99ba3bc4ca:group-FD8920EECC50 change Leader from 5f468c14-038a-4f85-b2bd-10bf135ba5a5 to null at term 1 for initElection
2019-08-28 19:12:38,801 [4a18b6df-35de-47cd-9e69-0c99ba3bc4ca:group-FD8920EECC50:LeaderElection78] INFO  impl.LeaderElection (LeaderElection.java:askForVotes(181)) - 4a18b6df-35de-47cd-9e69-0c99ba3bc4ca:group-FD8920EECC50:LeaderElection78: begin an election at term 2 for 0: [b8d2982f-8acd-46a4-922f-bcc5c81c0c27:192.168.69.102:37226, 5f468c14-038a-4f85-b2bd-10bf135ba5a5:192.168.69.102:35422, 4a18b6df-35de-47cd-9e69-0c99ba3bc4ca:192.168.69.102:37154], old=null
2019-08-28 19:12:38,801 [b8d2982f-8acd-46a4-922f-bcc5c81c0c27:group-FD8920EECC50:LeaderElection77] INFO  impl.LeaderElection (LeaderElection.java:askForVotes(181)) - b8d2982f-8acd-46a4-922f-bcc5c81c0c27:group-FD8920EECC50:LeaderElection77: begin an election at term 2 for 0: [b8d2982f-8acd-46a4-922f-bcc5c81c0c27:192.168.69.102:37226, 5f468c14-038a-4f85-b2bd-10bf135ba5a5:192.168.69.102:35422, 4a18b6df-35de-47cd-9e69-0c99ba3bc4ca:192.168.69.102:37154], old=null
2019-08-28 19:12:38,804 [b8d2982f-8acd-46a4-922f-bcc5c81c0c27:group-FD8920EECC50:LeaderElection77] INFO  impl.LeaderElection (LogUtils.java:infoOrTrace(149)) - b8d2982f-8acd-46a4-922f-bcc5c81c0c27:group-FD8920EECC50:LeaderElection77 got exception when requesting votes: {}
java.util.concurrent.ExecutionException: org.apache.ratis.thirdparty.io.grpc.StatusRuntimeException: UNAVAILABLE: io exception
	at java.util.concurrent.FutureTask.report(FutureTask.java:122)
	at java.util.concurrent.FutureTask.get(FutureTask.java:192)
	at org.apache.ratis.server.impl.LeaderElection.waitForResults(LeaderElection.java:262)
	at org.apache.ratis.server.impl.LeaderElection.askForVotes(LeaderElection.java:200)
	at org.apache.ratis.server.impl.LeaderElection.run(LeaderElection.java:130)
	at java.lang.Thread.run(Thread.java:748)
Caused by: org.apache.ratis.thirdparty.io.grpc.StatusRuntimeException: UNAVAILABLE: io exception
	at org.apache.ratis.thirdparty.io.grpc.stub.ClientCalls.toStatusRuntimeException(ClientCalls.java:233)
	at org.apache.ratis.thirdparty.io.grpc.stub.ClientCalls.getUnchecked(ClientCalls.java:214)
	at org.apache.ratis.thirdparty.io.grpc.stub.ClientCalls.blockingUnaryCall(ClientCalls.java:139)
	at org.apache.ratis.proto.grpc.RaftServerProtocolServiceGrpc$RaftServerProtocolServiceBlockingStub.requestVote(RaftServerProtocolServiceGrpc.java:265)
	at org.apache.ratis.grpc.server.GrpcServerProtocolClient.requestVote(GrpcServerProtocolClient.java:83)
	at org.apache.ratis.grpc.server.GrpcService.requestVote(GrpcService.java:195)
	at org.apache.ratis.server.impl.LeaderElection.lambda$submitRequests$1(LeaderElection.java:237)
	at java.util.concurrent.FutureTask.run(FutureTask.java:266)
	at java.util.concurrent.Executors$RunnableAdapter.call(Executors.java:511)
	at java.util.concurrent.FutureTask.run(FutureTask.java:266)
	at java.util.concurrent.ThreadPoolExecutor.runWorker(ThreadPoolExecutor.java:1149)
	at java.util.concurrent.ThreadPoolExecutor$Worker.run(ThreadPoolExecutor.java:624)
	... 1 more
Caused by: org.apache.ratis.thirdparty.io.netty.channel.AbstractChannel$AnnotatedConnectException: Connection refused: /192.168.69.102:35422
	at sun.nio.ch.SocketChannelImpl.checkConnect(Native Method)
	at sun.nio.ch.SocketChannelImpl.finishConnect(SocketChannelImpl.java:717)
	at org.apache.ratis.thirdparty.io.netty.channel.socket.nio.NioSocketChannel.doFinishConnect(NioSocketChannel.java:327)
	at org.apache.ratis.thirdparty.io.netty.channel.nio.AbstractNioChannel$AbstractNioUnsafe.finishConnect(AbstractNioChannel.java:340)
	at org.apache.ratis.thirdparty.io.netty.channel.nio.NioEventLoop.processSelectedKey(NioEventLoop.java:632)
	at org.apache.ratis.thirdparty.io.netty.channel.nio.NioEventLoop.processSelectedKeysOptimized(NioEventLoop.java:579)
	at org.apache.ratis.thirdparty.io.netty.channel.nio.NioEventLoop.processSelectedKeys(NioEventLoop.java:496)
	at org.apache.ratis.thirdparty.io.netty.channel.nio.NioEventLoop.run(NioEventLoop.java:458)
	at org.apache.ratis.thirdparty.io.netty.util.concurrent.SingleThreadEventExecutor$5.run(SingleThreadEventExecutor.java:897)
	at org.apache.ratis.thirdparty.io.netty.util.concurrent.FastThreadLocalRunnable.run(FastThreadLocalRunnable.java:30)
	... 1 more
Caused by: java.net.ConnectException: Connection refused
	... 11 more
2019-08-28 19:12:38,804 [4a18b6df-35de-47cd-9e69-0c99ba3bc4ca:group-FD8920EECC50:LeaderElection78] INFO  impl.LeaderElection (LogUtils.java:infoOrTrace(149)) - 4a18b6df-35de-47cd-9e69-0c99ba3bc4ca:group-FD8920EECC50:LeaderElection78 got exception when requesting votes: {}
java.util.concurrent.ExecutionException: org.apache.ratis.thirdparty.io.grpc.StatusRuntimeException: UNAVAILABLE: io exception
	at java.util.concurrent.FutureTask.report(FutureTask.java:122)
	at java.util.concurrent.FutureTask.get(FutureTask.java:192)
	at org.apache.ratis.server.impl.LeaderElection.waitForResults(LeaderElection.java:262)
	at org.apache.ratis.server.impl.LeaderElection.askForVotes(LeaderElection.java:200)
	at org.apache.ratis.server.impl.LeaderElection.run(LeaderElection.java:130)
	at java.lang.Thread.run(Thread.java:748)
Caused by: org.apache.ratis.thirdparty.io.grpc.StatusRuntimeException: UNAVAILABLE: io exception
	at org.apache.ratis.thirdparty.io.grpc.stub.ClientCalls.toStatusRuntimeException(ClientCalls.java:233)
	at org.apache.ratis.thirdparty.io.grpc.stub.ClientCalls.getUnchecked(ClientCalls.java:214)
	at org.apache.ratis.thirdparty.io.grpc.stub.ClientCalls.blockingUnaryCall(ClientCalls.java:139)
	at org.apache.ratis.proto.grpc.RaftServerProtocolServiceGrpc$RaftServerProtocolServiceBlockingStub.requestVote(RaftServerProtocolServiceGrpc.java:265)
	at org.apache.ratis.grpc.server.GrpcServerProtocolClient.requestVote(GrpcServerProtocolClient.java:83)
	at org.apache.ratis.grpc.server.GrpcService.requestVote(GrpcService.java:195)
	at org.apache.ratis.server.impl.LeaderElection.lambda$submitRequests$1(LeaderElection.java:237)
	at java.util.concurrent.FutureTask.run(FutureTask.java:266)
	at java.util.concurrent.Executors$RunnableAdapter.call(Executors.java:511)
	at java.util.concurrent.FutureTask.run(FutureTask.java:266)
	at java.util.concurrent.ThreadPoolExecutor.runWorker(ThreadPoolExecutor.java:1149)
	at java.util.concurrent.ThreadPoolExecutor$Worker.run(ThreadPoolExecutor.java:624)
	... 1 more
Caused by: org.apache.ratis.thirdparty.io.netty.channel.AbstractChannel$AnnotatedConnectException: Connection refused: /192.168.69.102:35422
	at sun.nio.ch.SocketChannelImpl.checkConnect(Native Method)
	at sun.nio.ch.SocketChannelImpl.finishConnect(SocketChannelImpl.java:717)
	at org.apache.ratis.thirdparty.io.netty.channel.socket.nio.NioSocketChannel.doFinishConnect(NioSocketChannel.java:327)
	at org.apache.ratis.thirdparty.io.netty.channel.nio.AbstractNioChannel$AbstractNioUnsafe.finishConnect(AbstractNioChannel.java:340)
	at org.apache.ratis.thirdparty.io.netty.channel.nio.NioEventLoop.processSelectedKey(NioEventLoop.java:632)
	at org.apache.ratis.thirdparty.io.netty.channel.nio.NioEventLoop.processSelectedKeysOptimized(NioEventLoop.java:579)
	at org.apache.ratis.thirdparty.io.netty.channel.nio.NioEventLoop.processSelectedKeys(NioEventLoop.java:496)
	at org.apache.ratis.thirdparty.io.netty.channel.nio.NioEventLoop.run(NioEventLoop.java:458)
	at org.apache.ratis.thirdparty.io.netty.util.concurrent.SingleThreadEventExecutor$5.run(SingleThreadEventExecutor.java:897)
	at org.apache.ratis.thirdparty.io.netty.util.concurrent.FastThreadLocalRunnable.run(FastThreadLocalRunnable.java:30)
	... 1 more
Caused by: java.net.ConnectException: Connection refused
	... 11 more
2019-08-28 19:12:38,820 [b8d2982f-8acd-46a4-922f-bcc5c81c0c27:group-FD8920EECC50:LeaderElection77] INFO  impl.LeaderElection (LeaderElection.java:logAndReturn(56)) - b8d2982f-8acd-46a4-922f-bcc5c81c0c27:group-FD8920EECC50:LeaderElection77: Election REJECTED; received 1 response(s) [b8d2982f-8acd-46a4-922f-bcc5c81c0c27<-4a18b6df-35de-47cd-9e69-0c99ba3bc4ca#0:FAIL-t2] and 1 exception(s); b8d2982f-8acd-46a4-922f-bcc5c81c0c27:t2, leader=null, voted=b8d2982f-8acd-46a4-922f-bcc5c81c0c27, raftlog=b8d2982f-8acd-46a4-922f-bcc5c81c0c27-SegmentedRaftLog:OPENED:c2,f2,i2, conf=0: [b8d2982f-8acd-46a4-922f-bcc5c81c0c27:192.168.69.102:37226, 5f468c14-038a-4f85-b2bd-10bf135ba5a5:192.168.69.102:35422, 4a18b6df-35de-47cd-9e69-0c99ba3bc4ca:192.168.69.102:37154], old=null
2019-08-28 19:12:38,820 [4a18b6df-35de-47cd-9e69-0c99ba3bc4ca:group-FD8920EECC50:LeaderElection78] INFO  impl.LeaderElection (LeaderElection.java:logAndReturn(56)) - 4a18b6df-35de-47cd-9e69-0c99ba3bc4ca:group-FD8920EECC50:LeaderElection78: Election REJECTED; received 1 response(s) [4a18b6df-35de-47cd-9e69-0c99ba3bc4ca<-b8d2982f-8acd-46a4-922f-bcc5c81c0c27#0:FAIL-t2] and 1 exception(s); 4a18b6df-35de-47cd-9e69-0c99ba3bc4ca:t2, leader=null, voted=4a18b6df-35de-47cd-9e69-0c99ba3bc4ca, raftlog=4a18b6df-35de-47cd-9e69-0c99ba3bc4ca-SegmentedRaftLog:OPENED:c2,f2,i2, conf=0: [b8d2982f-8acd-46a4-922f-bcc5c81c0c27:192.168.69.102:37226, 5f468c14-038a-4f85-b2bd-10bf135ba5a5:192.168.69.102:35422, 4a18b6df-35de-47cd-9e69-0c99ba3bc4ca:192.168.69.102:37154], old=null
2019-08-28 19:12:38,820 [b8d2982f-8acd-46a4-922f-bcc5c81c0c27:group-FD8920EECC50:LeaderElection77] INFO  impl.LeaderElection (LogUtils.java:infoOrTrace(149)) -   Exception 0: {}
java.util.concurrent.ExecutionException: org.apache.ratis.thirdparty.io.grpc.StatusRuntimeException: UNAVAILABLE: io exception
	at java.util.concurrent.FutureTask.report(FutureTask.java:122)
	at java.util.concurrent.FutureTask.get(FutureTask.java:192)
	at org.apache.ratis.server.impl.LeaderElection.waitForResults(LeaderElection.java:262)
	at org.apache.ratis.server.impl.LeaderElection.askForVotes(LeaderElection.java:200)
	at org.apache.ratis.server.impl.LeaderElection.run(LeaderElection.java:130)
	at java.lang.Thread.run(Thread.java:748)
Caused by: org.apache.ratis.thirdparty.io.grpc.StatusRuntimeException: UNAVAILABLE: io exception
	at org.apache.ratis.thirdparty.io.grpc.stub.ClientCalls.toStatusRuntimeException(ClientCalls.java:233)
	at org.apache.ratis.thirdparty.io.grpc.stub.ClientCalls.getUnchecked(ClientCalls.java:214)
	at org.apache.ratis.thirdparty.io.grpc.stub.ClientCalls.blockingUnaryCall(ClientCalls.java:139)
	at org.apache.ratis.proto.grpc.RaftServerProtocolServiceGrpc$RaftServerProtocolServiceBlockingStub.requestVote(RaftServerProtocolServiceGrpc.java:265)
	at org.apache.ratis.grpc.server.GrpcServerProtocolClient.requestVote(GrpcServerProtocolClient.java:83)
	at org.apache.ratis.grpc.server.GrpcService.requestVote(GrpcService.java:195)
	at org.apache.ratis.server.impl.LeaderElection.lambda$submitRequests$1(LeaderElection.java:237)
	at java.util.concurrent.FutureTask.run(FutureTask.java:266)
	at java.util.concurrent.Executors$RunnableAdapter.call(Executors.java:511)
	at java.util.concurrent.FutureTask.run(FutureTask.java:266)
	at java.util.concurrent.ThreadPoolExecutor.runWorker(ThreadPoolExecutor.java:1149)
	at java.util.concurrent.ThreadPoolExecutor$Worker.run(ThreadPoolExecutor.java:624)
	... 1 more
Caused by: org.apache.ratis.thirdparty.io.netty.channel.AbstractChannel$AnnotatedConnectException: Connection refused: /192.168.69.102:35422
	at sun.nio.ch.SocketChannelImpl.checkConnect(Native Method)
	at sun.nio.ch.SocketChannelImpl.finishConnect(SocketChannelImpl.java:717)
	at org.apache.ratis.thirdparty.io.netty.channel.socket.nio.NioSocketChannel.doFinishConnect(NioSocketChannel.java:327)
	at org.apache.ratis.thirdparty.io.netty.channel.nio.AbstractNioChannel$AbstractNioUnsafe.finishConnect(AbstractNioChannel.java:340)
	at org.apache.ratis.thirdparty.io.netty.channel.nio.NioEventLoop.processSelectedKey(NioEventLoop.java:632)
	at org.apache.ratis.thirdparty.io.netty.channel.nio.NioEventLoop.processSelectedKeysOptimized(NioEventLoop.java:579)
	at org.apache.ratis.thirdparty.io.netty.channel.nio.NioEventLoop.processSelectedKeys(NioEventLoop.java:496)
	at org.apache.ratis.thirdparty.io.netty.channel.nio.NioEventLoop.run(NioEventLoop.java:458)
	at org.apache.ratis.thirdparty.io.netty.util.concurrent.SingleThreadEventExecutor$5.run(SingleThreadEventExecutor.java:897)
	at org.apache.ratis.thirdparty.io.netty.util.concurrent.FastThreadLocalRunnable.run(FastThreadLocalRunnable.java:30)
	... 1 more
Caused by: java.net.ConnectException: Connection refused
	... 11 more
2019-08-28 19:12:38,820 [4a18b6df-35de-47cd-9e69-0c99ba3bc4ca:group-FD8920EECC50:LeaderElection78] INFO  impl.LeaderElection (LogUtils.java:infoOrTrace(149)) -   Exception 0: {}
java.util.concurrent.ExecutionException: org.apache.ratis.thirdparty.io.grpc.StatusRuntimeException: UNAVAILABLE: io exception
	at java.util.concurrent.FutureTask.report(FutureTask.java:122)
	at java.util.concurrent.FutureTask.get(FutureTask.java:192)
	at org.apache.ratis.server.impl.LeaderElection.waitForResults(LeaderElection.java:262)
	at org.apache.ratis.server.impl.LeaderElection.askForVotes(LeaderElection.java:200)
	at org.apache.ratis.server.impl.LeaderElection.run(LeaderElection.java:130)
	at java.lang.Thread.run(Thread.java:748)
Caused by: org.apache.ratis.thirdparty.io.grpc.StatusRuntimeException: UNAVAILABLE: io exception
	at org.apache.ratis.thirdparty.io.grpc.stub.ClientCalls.toStatusRuntimeException(ClientCalls.java:233)
	at org.apache.ratis.thirdparty.io.grpc.stub.ClientCalls.getUnchecked(ClientCalls.java:214)
	at org.apache.ratis.thirdparty.io.grpc.stub.ClientCalls.blockingUnaryCall(ClientCalls.java:139)
	at org.apache.ratis.proto.grpc.RaftServerProtocolServiceGrpc$RaftServerProtocolServiceBlockingStub.requestVote(RaftServerProtocolServiceGrpc.java:265)
	at org.apache.ratis.grpc.server.GrpcServerProtocolClient.requestVote(GrpcServerProtocolClient.java:83)
	at org.apache.ratis.grpc.server.GrpcService.requestVote(GrpcService.java:195)
	at org.apache.ratis.server.impl.LeaderElection.lambda$submitRequests$1(LeaderElection.java:237)
	at java.util.concurrent.FutureTask.run(FutureTask.java:266)
	at java.util.concurrent.Executors$RunnableAdapter.call(Executors.java:511)
	at java.util.concurrent.FutureTask.run(FutureTask.java:266)
	at java.util.concurrent.ThreadPoolExecutor.runWorker(ThreadPoolExecutor.java:1149)
	at java.util.concurrent.ThreadPoolExecutor$Worker.run(ThreadPoolExecutor.java:624)
	... 1 more
Caused by: org.apache.ratis.thirdparty.io.netty.channel.AbstractChannel$AnnotatedConnectException: Connection refused: /192.168.69.102:35422
	at sun.nio.ch.SocketChannelImpl.checkConnect(Native Method)
	at sun.nio.ch.SocketChannelImpl.finishConnect(SocketChannelImpl.java:717)
	at org.apache.ratis.thirdparty.io.netty.channel.socket.nio.NioSocketChannel.doFinishConnect(NioSocketChannel.java:327)
	at org.apache.ratis.thirdparty.io.netty.channel.nio.AbstractNioChannel$AbstractNioUnsafe.finishConnect(AbstractNioChannel.java:340)
	at org.apache.ratis.thirdparty.io.netty.channel.nio.NioEventLoop.processSelectedKey(NioEventLoop.java:632)
	at org.apache.ratis.thirdparty.io.netty.channel.nio.NioEventLoop.processSelectedKeysOptimized(NioEventLoop.java:579)
	at org.apache.ratis.thirdparty.io.netty.channel.nio.NioEventLoop.processSelectedKeys(NioEventLoop.java:496)
	at org.apache.ratis.thirdparty.io.netty.channel.nio.NioEventLoop.run(NioEventLoop.java:458)
	at org.apache.ratis.thirdparty.io.netty.util.concurrent.SingleThreadEventExecutor$5.run(SingleThreadEventExecutor.java:897)
	at org.apache.ratis.thirdparty.io.netty.util.concurrent.FastThreadLocalRunnable.run(FastThreadLocalRunnable.java:30)
	... 1 more
Caused by: java.net.ConnectException: Connection refused
	... 11 more
2019-08-28 19:12:38,821 [b8d2982f-8acd-46a4-922f-bcc5c81c0c27:group-FD8920EECC50:LeaderElection77] INFO  impl.RaftServerImpl (RaftServerImpl.java:setRole(171)) - b8d2982f-8acd-46a4-922f-bcc5c81c0c27:group-FD8920EECC50 changes role from CANDIDATE to FOLLOWER at term 2 for DISCOVERED_A_NEW_TERM
2019-08-28 19:12:38,821 [b8d2982f-8acd-46a4-922f-bcc5c81c0c27:group-FD8920EECC50:LeaderElection77] INFO  impl.RoleInfo (RoleInfo.java:shutdownLeaderElection(134)) - b8d2982f-8acd-46a4-922f-bcc5c81c0c27: shutdown LeaderElection
2019-08-28 19:12:38,821 [4a18b6df-35de-47cd-9e69-0c99ba3bc4ca:group-FD8920EECC50:LeaderElection78] INFO  impl.RaftServerImpl (RaftServerImpl.java:setRole(171)) - 4a18b6df-35de-47cd-9e69-0c99ba3bc4ca:group-FD8920EECC50 changes role from CANDIDATE to FOLLOWER at term 2 for DISCOVERED_A_NEW_TERM
2019-08-28 19:12:38,821 [b8d2982f-8acd-46a4-922f-bcc5c81c0c27:group-FD8920EECC50:LeaderElection77] INFO  impl.RoleInfo (RoleInfo.java:updateAndGet(143)) - b8d2982f-8acd-46a4-922f-bcc5c81c0c27: start FollowerState
2019-08-28 19:12:38,822 [4a18b6df-35de-47cd-9e69-0c99ba3bc4ca:group-FD8920EECC50:LeaderElection78] INFO  impl.RoleInfo (RoleInfo.java:shutdownLeaderElection(134)) - 4a18b6df-35de-47cd-9e69-0c99ba3bc4ca: shutdown LeaderElection
2019-08-28 19:12:38,822 [4a18b6df-35de-47cd-9e69-0c99ba3bc4ca:group-FD8920EECC50:LeaderElection78] INFO  impl.RoleInfo (RoleInfo.java:updateAndGet(143)) - 4a18b6df-35de-47cd-9e69-0c99ba3bc4ca: start FollowerState
2019-08-28 19:12:38,922 | INFO  | SCMAudit | user=jenkins1000 | ip=192.168.69.102 | op=SEND_HEARTBEAT {datanodeUUID=6746a90d-cf8b-4530-9aed-ada9eea3074f, command=[]} | ret=SUCCESS |  
2019-08-28 19:12:38,955 [grpc-default-executor-3] INFO  client.GrpcClientProtocolClient (GrpcClientProtocolClient.java:onNext(255)) - client-9E659FCB78A6->b8d2982f-8acd-46a4-922f-bcc5c81c0c27: receive RaftClientReply:client-9E659FCB78A6->b8d2982f-8acd-46a4-922f-bcc5c81c0c27@group-FD8920EECC50, cid=104, FAILED org.apache.ratis.protocol.NotLeaderException: Server b8d2982f-8acd-46a4-922f-bcc5c81c0c27 is not the leader (null). Request must be sent to leader., logIndex=0, commits[b8d2982f-8acd-46a4-922f-bcc5c81c0c27:c2, 5f468c14-038a-4f85-b2bd-10bf135ba5a5:c2, 4a18b6df-35de-47cd-9e69-0c99ba3bc4ca:c2]
2019-08-28 19:12:39,141 | INFO  | SCMAudit | user=jenkins1000 | ip=192.168.69.102 | op=SEND_HEARTBEAT {datanodeUUID=bca68fa7-7b80-4ad8-96f2-b14f19da762c, command=[]} | ret=SUCCESS |  
2019-08-28 19:12:39,495 | INFO  | SCMAudit | user=jenkins1000 | ip=192.168.69.102 | op=SEND_HEARTBEAT {datanodeUUID=70d1db21-1697-4809-b58f-4bb5345b25c0, command=[]} | ret=SUCCESS |  
2019-08-28 19:12:39,718 | INFO  | SCMAudit | user=jenkins1000 | ip=192.168.69.102 | op=SEND_HEARTBEAT {datanodeUUID=d28ba164-7668-43e2-a317-bea85156c188, command=[]} | ret=SUCCESS |  
2019-08-28 19:12:39,747 | INFO  | SCMAudit | user=jenkins1000 | ip=192.168.69.102 | op=SEND_HEARTBEAT {datanodeUUID=4a18b6df-35de-47cd-9e69-0c99ba3bc4ca, command=[]} | ret=SUCCESS |  
2019-08-28 19:12:39,748 | INFO  | SCMAudit | user=jenkins1000 | ip=192.168.69.102 | op=SEND_HEARTBEAT {datanodeUUID=b8d2982f-8acd-46a4-922f-bcc5c81c0c27, command=[]} | ret=SUCCESS |  
2019-08-28 19:12:39,923 | INFO  | SCMAudit | user=jenkins1000 | ip=192.168.69.102 | op=SEND_HEARTBEAT {datanodeUUID=6746a90d-cf8b-4530-9aed-ada9eea3074f, command=[]} | ret=SUCCESS |  
2019-08-28 19:12:40,141 | INFO  | SCMAudit | user=jenkins1000 | ip=192.168.69.102 | op=SEND_HEARTBEAT {datanodeUUID=bca68fa7-7b80-4ad8-96f2-b14f19da762c, command=[]} | ret=SUCCESS |  
2019-08-28 19:12:40,495 | INFO  | SCMAudit | user=jenkins1000 | ip=192.168.69.102 | op=SEND_HEARTBEAT {datanodeUUID=70d1db21-1697-4809-b58f-4bb5345b25c0, command=[]} | ret=SUCCESS |  
2019-08-28 19:12:40,719 | INFO  | SCMAudit | user=jenkins1000 | ip=192.168.69.102 | op=SEND_HEARTBEAT {datanodeUUID=d28ba164-7668-43e2-a317-bea85156c188, command=[]} | ret=SUCCESS |  
2019-08-28 19:12:40,748 | INFO  | SCMAudit | user=jenkins1000 | ip=192.168.69.102 | op=SEND_HEARTBEAT {datanodeUUID=4a18b6df-35de-47cd-9e69-0c99ba3bc4ca, command=[]} | ret=SUCCESS |  
2019-08-28 19:12:40,748 | INFO  | SCMAudit | user=jenkins1000 | ip=192.168.69.102 | op=SEND_HEARTBEAT {datanodeUUID=b8d2982f-8acd-46a4-922f-bcc5c81c0c27, command=[]} | ret=SUCCESS |  
2019-08-28 19:12:40,922 | INFO  | SCMAudit | user=jenkins1000 | ip=192.168.69.102 | op=SEND_HEARTBEAT {datanodeUUID=6746a90d-cf8b-4530-9aed-ada9eea3074f, command=[]} | ret=SUCCESS |  
2019-08-28 19:12:40,966 [grpc-default-executor-3] INFO  client.GrpcClientProtocolClient (GrpcClientProtocolClient.java:onNext(255)) - client-9E659FCB78A6->b8d2982f-8acd-46a4-922f-bcc5c81c0c27: receive RaftClientReply:client-9E659FCB78A6->b8d2982f-8acd-46a4-922f-bcc5c81c0c27@group-FD8920EECC50, cid=104, FAILED org.apache.ratis.protocol.NotLeaderException: Server b8d2982f-8acd-46a4-922f-bcc5c81c0c27 is not the leader (null). Request must be sent to leader., logIndex=0, commits[b8d2982f-8acd-46a4-922f-bcc5c81c0c27:c2, 5f468c14-038a-4f85-b2bd-10bf135ba5a5:c2, 4a18b6df-35de-47cd-9e69-0c99ba3bc4ca:c2]
2019-08-28 19:12:41,141 | INFO  | SCMAudit | user=jenkins1000 | ip=192.168.69.102 | op=SEND_HEARTBEAT {datanodeUUID=bca68fa7-7b80-4ad8-96f2-b14f19da762c, command=[]} | ret=SUCCESS |  
2019-08-28 19:12:41,495 | INFO  | SCMAudit | user=jenkins1000 | ip=192.168.69.102 | op=SEND_HEARTBEAT {datanodeUUID=70d1db21-1697-4809-b58f-4bb5345b25c0, command=[]} | ret=SUCCESS |  
2019-08-28 19:12:41,719 | INFO  | SCMAudit | user=jenkins1000 | ip=192.168.69.102 | op=SEND_HEARTBEAT {datanodeUUID=d28ba164-7668-43e2-a317-bea85156c188, command=[]} | ret=SUCCESS |  
2019-08-28 19:12:41,747 | INFO  | SCMAudit | user=jenkins1000 | ip=192.168.69.102 | op=SEND_HEARTBEAT {datanodeUUID=4a18b6df-35de-47cd-9e69-0c99ba3bc4ca, command=[]} | ret=SUCCESS |  
2019-08-28 19:12:41,747 | INFO  | SCMAudit | user=jenkins1000 | ip=192.168.69.102 | op=SEND_HEARTBEAT {datanodeUUID=b8d2982f-8acd-46a4-922f-bcc5c81c0c27, command=[]} | ret=SUCCESS |  
2019-08-28 19:12:41,922 | INFO  | SCMAudit | user=jenkins1000 | ip=192.168.69.102 | op=SEND_HEARTBEAT {datanodeUUID=6746a90d-cf8b-4530-9aed-ada9eea3074f, command=[]} | ret=SUCCESS |  
]]></system-out>
    <system-err><![CDATA[Aug 28, 2019 7:12:13 PM com.sun.jersey.server.impl.application.WebApplicationImpl _initiate
INFO: Initiating Jersey application, version 'Jersey: 1.19 02/11/2015 03:25 AM'
Aug 28, 2019 7:12:13 PM com.sun.jersey.server.impl.application.WebApplicationImpl _initiate
INFO: Initiating Jersey application, version 'Jersey: 1.19 02/11/2015 03:25 AM'
Aug 28, 2019 7:12:14 PM com.sun.jersey.server.impl.application.WebApplicationImpl _initiate
INFO: Initiating Jersey application, version 'Jersey: 1.19 02/11/2015 03:25 AM'
Aug 28, 2019 7:12:14 PM com.sun.jersey.server.impl.application.WebApplicationImpl _initiate
INFO: Initiating Jersey application, version 'Jersey: 1.19 02/11/2015 03:25 AM'
Aug 28, 2019 7:12:14 PM com.sun.jersey.server.impl.application.WebApplicationImpl _initiate
INFO: Initiating Jersey application, version 'Jersey: 1.19 02/11/2015 03:25 AM'
Aug 28, 2019 7:12:14 PM com.sun.jersey.server.impl.application.WebApplicationImpl _initiate
INFO: Initiating Jersey application, version 'Jersey: 1.19 02/11/2015 03:25 AM'
Aug 28, 2019 7:12:14 PM com.sun.jersey.server.impl.application.WebApplicationImpl _initiate
INFO: Initiating Jersey application, version 'Jersey: 1.19 02/11/2015 03:25 AM'
]]></system-err>
  </testcase>
</testsuite>