<?xml version="1.0" encoding="UTF-8"?>
<testsuite xmlns:xsi="http://www.w3.org/2001/XMLSchema-instance" xsi:noNamespaceSchemaLocation="https://maven.apache.org/surefire/maven-surefire-plugin/xsd/surefire-test-report.xsd" name="org.apache.hadoop.ozone.client.rpc.TestMultiBlockWritesWithDnFailures" time="34.306" tests="1" errors="1" skipped="0" failures="0">
  <properties>
    <property name="awt.toolkit" value="sun.awt.X11.XToolkit"/>
    <property name="file.encoding.pkg" value="sun.io"/>
    <property name="java.specification.version" value="1.8"/>
    <property name="sun.cpu.isalist" value=""/>
    <property name="sun.jnu.encoding" value="UTF-8"/>
    <property name="java.class.path" value="/workdir/hadoop-ozone/integration-test/target/test-classes:/workdir/hadoop-ozone/integration-test/target/classes:/home/user/.m2/repository/org/apache/hadoop/hadoop-ozone-common/0.4.1-SNAPSHOT/hadoop-ozone-common-0.4.1-SNAPSHOT.jar:/home/user/.m2/repository/org/apache/commons/commons-compress/1.4.1/commons-compress-1.4.1.jar:/home/user/.m2/repository/org/tukaani/xz/1.0/xz-1.0.jar:/home/user/.m2/repository/org/apache/hadoop/hadoop-common/3.2.0/hadoop-common-3.2.0.jar:/home/user/.m2/repository/org/apache/hadoop/hadoop-hdfs/3.2.0/hadoop-hdfs-3.2.0.jar:/home/user/.m2/repository/org/apache/hadoop/hadoop-hdfs-client/3.2.0/hadoop-hdfs-client-3.2.0.jar:/home/user/.m2/repository/com/fasterxml/jackson/core/jackson-annotations/2.9.5/jackson-annotations-2.9.5.jar:/home/user/.m2/repository/org/apache/hadoop/hadoop-hdds-common/0.4.1-SNAPSHOT/hadoop-hdds-common-0.4.1-SNAPSHOT.jar:/home/user/.m2/repository/javax/annotation/javax.annotation-api/1.2/javax.annotation-api-1.2.jar:/home/user/.m2/repository/org/apache/ratis/ratis-server/0.4.0-2337318-SNAPSHOT/ratis-server-0.4.0-2337318-SNAPSHOT.jar:/home/user/.m2/repository/org/apache/ratis/ratis-thirdparty-misc/0.2.0/ratis-thirdparty-misc-0.2.0.jar:/home/user/.m2/repository/org/apache/ratis/ratis-proto/0.4.0-2337318-SNAPSHOT/ratis-proto-0.4.0-2337318-SNAPSHOT.jar:/home/user/.m2/repository/org/apache/ratis/ratis-common/0.4.0-2337318-SNAPSHOT/ratis-common-0.4.0-2337318-SNAPSHOT.jar:/home/user/.m2/repository/org/apache/ratis/ratis-client/0.4.0-2337318-SNAPSHOT/ratis-client-0.4.0-2337318-SNAPSHOT.jar:/home/user/.m2/repository/org/apache/ratis/ratis-metrics/0.4.0-2337318-SNAPSHOT/ratis-metrics-0.4.0-2337318-SNAPSHOT.jar:/home/user/.m2/repository/org/apache/ratis/ratis-netty/0.4.0-2337318-SNAPSHOT/ratis-netty-0.4.0-2337318-SNAPSHOT.jar:/home/user/.m2/repository/org/apache/ratis/ratis-grpc/0.4.0-2337318-SNAPSHOT/ratis-grpc-0.4.0-2337318-SNAPSHOT.jar:/home/user/.m2/repository/org/rocksdb/rocksdbjni/6.0.1/rocksdbjni-6.0.1.jar:/home/user/.m2/repository/org/apache/logging/log4j/log4j-api/2.11.0/log4j-api-2.11.0.jar:/home/user/.m2/repository/org/apache/logging/log4j/log4j-core/2.11.0/log4j-core-2.11.0.jar:/home/user/.m2/repository/com/lmax/disruptor/3.4.2/disruptor-3.4.2.jar:/home/user/.m2/repository/org/apache/commons/commons-pool2/2.6.0/commons-pool2-2.6.0.jar:/home/user/.m2/repository/org/bouncycastle/bcpkix-jdk15on/1.60/bcpkix-jdk15on-1.60.jar:/home/user/.m2/repository/commons-validator/commons-validator/1.6/commons-validator-1.6.jar:/home/user/.m2/repository/commons-digester/commons-digester/1.8.1/commons-digester-1.8.1.jar:/home/user/.m2/repository/io/jaegertracing/jaeger-client/0.33.1/jaeger-client-0.33.1.jar:/home/user/.m2/repository/io/jaegertracing/jaeger-thrift/0.33.1/jaeger-thrift-0.33.1.jar:/home/user/.m2/repository/org/apache/thrift/libthrift/0.11.0/libthrift-0.11.0.jar:/home/user/.m2/repository/com/squareup/okhttp3/okhttp/3.9.0/okhttp-3.9.0.jar:/home/user/.m2/repository/com/squareup/okio/okio/1.13.0/okio-1.13.0.jar:/home/user/.m2/repository/io/jaegertracing/jaeger-core/0.33.1/jaeger-core-0.33.1.jar:/home/user/.m2/repository/io/jaegertracing/jaeger-tracerresolver/0.33.1/jaeger-tracerresolver-0.33.1.jar:/home/user/.m2/repository/io/opentracing/contrib/opentracing-tracerresolver/0.1.5/opentracing-tracerresolver-0.1.5.jar:/home/user/.m2/repository/io/opentracing/opentracing-util/0.31.0/opentracing-util-0.31.0.jar:/home/user/.m2/repository/io/opentracing/opentracing-api/0.31.0/opentracing-api-0.31.0.jar:/home/user/.m2/repository/io/opentracing/opentracing-noop/0.31.0/opentracing-noop-0.31.0.jar:/home/user/.m2/repository/org/apache/hadoop/hadoop-hdds-server-framework/0.4.1-SNAPSHOT/hadoop-hdds-server-framework-0.4.1-SNAPSHOT.jar:/home/user/.m2/repository/org/apache/hadoop/hadoop-hdds-container-service/0.4.1-SNAPSHOT/hadoop-hdds-container-service-0.4.1-SNAPSHOT.jar:/home/user/.m2/repository/org/apache/hadoop/hadoop-hdds-client/0.4.1-SNAPSHOT/hadoop-hdds-client-0.4.1-SNAPSHOT.jar:/home/user/.m2/repository/org/apache/hadoop/hadoop-hdds-tools/0.4.1-SNAPSHOT/hadoop-hdds-tools-0.4.1-SNAPSHOT.jar:/home/user/.m2/repository/org/apache/hadoop/hadoop-hdds-server-scm/0.4.1-SNAPSHOT/hadoop-hdds-server-scm-0.4.1-SNAPSHOT.jar:/home/user/.m2/repository/org/apache/hadoop/hadoop-hdds-docs/0.4.1-SNAPSHOT/hadoop-hdds-docs-0.4.1-SNAPSHOT.jar:/home/user/.m2/repository/io/dropwizard/metrics/metrics-core/3.2.4/metrics-core-3.2.4.jar:/home/user/.m2/repository/org/hamcrest/hamcrest-all/1.3/hamcrest-all-1.3.jar:/home/user/.m2/repository/org/bouncycastle/bcprov-jdk15on/1.60/bcprov-jdk15on-1.60.jar:/home/user/.m2/repository/info/picocli/picocli/3.9.6/picocli-3.9.6.jar:/home/user/.m2/repository/com/google/protobuf/protobuf-java/2.5.0/protobuf-java-2.5.0.jar:/home/user/.m2/repository/com/google/guava/guava/11.0.2/guava-11.0.2.jar:/home/user/.m2/repository/org/apache/hadoop/hadoop-ozone-ozone-manager/0.4.1-SNAPSHOT/hadoop-ozone-ozone-manager-0.4.1-SNAPSHOT.jar:/home/user/.m2/repository/org/apache/hadoop/hadoop-minikdc/3.2.0/hadoop-minikdc-3.2.0.jar:/home/user/.m2/repository/commons-io/commons-io/2.5/commons-io-2.5.jar:/home/user/.m2/repository/org/apache/kerby/kerb-simplekdc/1.0.1/kerb-simplekdc-1.0.1.jar:/home/user/.m2/repository/org/apache/kerby/kerb-client/1.0.1/kerb-client-1.0.1.jar:/home/user/.m2/repository/org/apache/kerby/kerby-config/1.0.1/kerby-config-1.0.1.jar:/home/user/.m2/repository/org/apache/kerby/kerb-core/1.0.1/kerb-core-1.0.1.jar:/home/user/.m2/repository/org/apache/kerby/kerby-pkix/1.0.1/kerby-pkix-1.0.1.jar:/home/user/.m2/repository/org/apache/kerby/kerby-asn1/1.0.1/kerby-asn1-1.0.1.jar:/home/user/.m2/repository/org/apache/kerby/kerby-util/1.0.1/kerby-util-1.0.1.jar:/home/user/.m2/repository/org/apache/kerby/kerb-common/1.0.1/kerb-common-1.0.1.jar:/home/user/.m2/repository/org/apache/kerby/kerb-crypto/1.0.1/kerb-crypto-1.0.1.jar:/home/user/.m2/repository/org/apache/kerby/kerb-util/1.0.1/kerb-util-1.0.1.jar:/home/user/.m2/repository/org/apache/kerby/token-provider/1.0.1/token-provider-1.0.1.jar:/home/user/.m2/repository/org/apache/kerby/kerb-admin/1.0.1/kerb-admin-1.0.1.jar:/home/user/.m2/repository/org/apache/kerby/kerb-server/1.0.1/kerb-server-1.0.1.jar:/home/user/.m2/repository/org/apache/kerby/kerb-identity/1.0.1/kerb-identity-1.0.1.jar:/home/user/.m2/repository/org/apache/kerby/kerby-xdr/1.0.1/kerby-xdr-1.0.1.jar:/home/user/.m2/repository/org/slf4j/slf4j-log4j12/1.7.25/slf4j-log4j12-1.7.25.jar:/home/user/.m2/repository/org/apache/hadoop/hadoop-ozone-objectstore-service/0.4.1-SNAPSHOT/hadoop-ozone-objectstore-service-0.4.1-SNAPSHOT.jar:/home/user/.m2/repository/org/apache/hadoop/hadoop-ozone-s3gateway/0.4.1-SNAPSHOT/hadoop-ozone-s3gateway-0.4.1-SNAPSHOT.jar:/home/user/.m2/repository/org/jboss/weld/servlet/weld-servlet/2.4.7.Final/weld-servlet-2.4.7.Final.jar:/home/user/.m2/repository/org/glassfish/jersey/containers/jersey-container-servlet-core/2.27/jersey-container-servlet-core-2.27.jar:/home/user/.m2/repository/org/glassfish/hk2/external/javax.inject/2.5.0-b42/javax.inject-2.5.0-b42.jar:/home/user/.m2/repository/org/glassfish/jersey/core/jersey-common/2.27/jersey-common-2.27.jar:/home/user/.m2/repository/org/glassfish/hk2/osgi-resource-locator/1.0.1/osgi-resource-locator-1.0.1.jar:/home/user/.m2/repository/javax/ws/rs/javax.ws.rs-api/2.1/javax.ws.rs-api-2.1.jar:/home/user/.m2/repository/org/glassfish/jersey/ext/cdi/jersey-cdi1x/2.27/jersey-cdi1x-2.27.jar:/home/user/.m2/repository/org/glassfish/jersey/inject/jersey-hk2/2.27/jersey-hk2-2.27.jar:/home/user/.m2/repository/org/glassfish/hk2/hk2-locator/2.5.0-b42/hk2-locator-2.5.0-b42.jar:/home/user/.m2/repository/org/javassist/javassist/3.22.0-CR2/javassist-3.22.0-CR2.jar:/home/user/.m2/repository/org/glassfish/hk2/hk2-api/2.5.0/hk2-api-2.5.0.jar:/home/user/.m2/repository/org/glassfish/hk2/external/jakarta.inject/2.5.0/jakarta.inject-2.5.0.jar:/home/user/.m2/repository/org/glassfish/hk2/hk2-utils/2.5.0/hk2-utils-2.5.0.jar:/home/user/.m2/repository/jakarta/annotation/jakarta.annotation-api/1.3.4/jakarta.annotation-api-1.3.4.jar:/home/user/.m2/repository/org/glassfish/hk2/external/aopalliance-repackaged/2.5.0/aopalliance-repackaged-2.5.0.jar:/home/user/.m2/repository/com/fasterxml/jackson/dataformat/jackson-dataformat-xml/2.9.0/jackson-dataformat-xml-2.9.0.jar:/home/user/.m2/repository/com/fasterxml/jackson/core/jackson-core/2.9.5/jackson-core-2.9.5.jar:/home/user/.m2/repository/com/fasterxml/jackson/module/jackson-module-jaxb-annotations/2.9.5/jackson-module-jaxb-annotations-2.9.5.jar:/home/user/.m2/repository/javax/enterprise/cdi-api/1.2/cdi-api-1.2.jar:/home/user/.m2/repository/javax/el/javax.el-api/3.0.0/javax.el-api-3.0.0.jar:/home/user/.m2/repository/javax/interceptor/javax.interceptor-api/1.2/javax.interceptor-api-1.2.jar:/home/user/.m2/repository/javax/inject/javax.inject/1/javax.inject-1.jar:/home/user/.m2/repository/com/sun/xml/bind/jaxb-impl/2.3.0.1/jaxb-impl-2.3.0.1.jar:/home/user/.m2/repository/com/sun/xml/bind/jaxb-core/2.3.0.1/jaxb-core-2.3.0.1.jar:/home/user/.m2/repository/javax/xml/bind/jaxb-api/2.3.0/jaxb-api-2.3.0.jar:/home/user/.m2/repository/javax/activation/activation/1.1.1/activation-1.1.1.jar:/home/user/.m2/repository/org/apache/hadoop/hadoop-ozone-csi/0.4.1-SNAPSHOT/hadoop-ozone-csi-0.4.1-SNAPSHOT.jar:/home/user/.m2/repository/com/google/protobuf/protobuf-java-util/3.5.1/protobuf-java-util-3.5.1.jar:/home/user/.m2/repository/org/apache/hadoop/hadoop-hdds-config/0.4.1-SNAPSHOT/hadoop-hdds-config-0.4.1-SNAPSHOT.jar:/home/user/.m2/repository/io/grpc/grpc-netty/1.17.1/grpc-netty-1.17.1.jar:/home/user/.m2/repository/io/grpc/grpc-core/1.17.1/grpc-core-1.17.1.jar:/home/user/.m2/repository/io/grpc/grpc-context/1.17.1/grpc-context-1.17.1.jar:/home/user/.m2/repository/com/google/errorprone/error_prone_annotations/2.2.0/error_prone_annotations-2.2.0.jar:/home/user/.m2/repository/org/codehaus/mojo/animal-sniffer-annotations/1.17/animal-sniffer-annotations-1.17.jar:/home/user/.m2/repository/io/opencensus/opencensus-api/0.17.0/opencensus-api-0.17.0.jar:/home/user/.m2/repository/io/opencensus/opencensus-contrib-grpc-metrics/0.17.0/opencensus-contrib-grpc-metrics-0.17.0.jar:/home/user/.m2/repository/io/netty/netty-codec-http2/4.1.30.Final/netty-codec-http2-4.1.30.Final.jar:/home/user/.m2/repository/io/netty/netty-codec-http/4.1.30.Final/netty-codec-http-4.1.30.Final.jar:/home/user/.m2/repository/io/netty/netty-codec/4.1.30.Final/netty-codec-4.1.30.Final.jar:/home/user/.m2/repository/io/netty/netty-handler/4.1.30.Final/netty-handler-4.1.30.Final.jar:/home/user/.m2/repository/io/netty/netty-handler-proxy/4.1.30.Final/netty-handler-proxy-4.1.30.Final.jar:/home/user/.m2/repository/io/netty/netty-codec-socks/4.1.30.Final/netty-codec-socks-4.1.30.Final.jar:/home/user/.m2/repository/io/netty/netty-transport-native-epoll/4.1.30.Final/netty-transport-native-epoll-4.1.30.Final.jar:/home/user/.m2/repository/io/netty/netty-common/4.1.30.Final/netty-common-4.1.30.Final.jar:/home/user/.m2/repository/io/netty/netty-buffer/4.1.30.Final/netty-buffer-4.1.30.Final.jar:/home/user/.m2/repository/io/netty/netty-transport/4.1.30.Final/netty-transport-4.1.30.Final.jar:/home/user/.m2/repository/io/netty/netty-resolver/4.1.30.Final/netty-resolver-4.1.30.Final.jar:/home/user/.m2/repository/io/netty/netty-transport-native-unix-common/4.1.30.Final/netty-transport-native-unix-common-4.1.30.Final.jar:/home/user/.m2/repository/io/grpc/grpc-protobuf/1.17.1/grpc-protobuf-1.17.1.jar:/home/user/.m2/repository/com/google/api/grpc/proto-google-common-protos/1.0.0/proto-google-common-protos-1.0.0.jar:/home/user/.m2/repository/io/grpc/grpc-protobuf-lite/1.17.1/grpc-protobuf-lite-1.17.1.jar:/home/user/.m2/repository/io/grpc/grpc-stub/1.17.1/grpc-stub-1.17.1.jar:/home/user/.m2/repository/org/apache/hadoop/hadoop-ozone-recon/0.4.1-SNAPSHOT/hadoop-ozone-recon-0.4.1-SNAPSHOT.jar:/home/user/.m2/repository/org/apache/hadoop/hadoop-ozone-reconcodegen/0.4.1-SNAPSHOT/hadoop-ozone-reconcodegen-0.4.1-SNAPSHOT.jar:/home/user/.m2/repository/com/google/inject/extensions/guice-multibindings/4.0/guice-multibindings-4.0.jar:/home/user/.m2/repository/com/google/inject/guice/4.0/guice-4.0.jar:/home/user/.m2/repository/aopalliance/aopalliance/1.0/aopalliance-1.0.jar:/home/user/.m2/repository/com/google/inject/extensions/guice-servlet/4.0/guice-servlet-4.0.jar:/home/user/.m2/repository/org/glassfish/jersey/containers/jersey-container-servlet/2.27/jersey-container-servlet-2.27.jar:/home/user/.m2/repository/org/glassfish/hk2/guice-bridge/2.5.0/guice-bridge-2.5.0.jar:/home/user/.m2/repository/org/glassfish/jersey/core/jersey-server/2.27/jersey-server-2.27.jar:/home/user/.m2/repository/org/glassfish/jersey/core/jersey-client/2.27/jersey-client-2.27.jar:/home/user/.m2/repository/org/glassfish/jersey/media/jersey-media-jaxb/2.27/jersey-media-jaxb-2.27.jar:/home/user/.m2/repository/javax/validation/validation-api/1.1.0.Final/validation-api-1.1.0.Final.jar:/home/user/.m2/repository/org/glassfish/jersey/media/jersey-media-json-jackson/2.27/jersey-media-json-jackson-2.27.jar:/home/user/.m2/repository/org/glassfish/jersey/ext/jersey-entity-filtering/2.27/jersey-entity-filtering-2.27.jar:/home/user/.m2/repository/com/google/inject/extensions/guice-assistedinject/4.0/guice-assistedinject-4.0.jar:/home/user/.m2/repository/org/jooq/jooq/3.11.10/jooq-3.11.10.jar:/home/user/.m2/repository/org/jooq/jooq-meta/3.11.10/jooq-meta-3.11.10.jar:/home/user/.m2/repository/org/jooq/jooq-codegen/3.11.10/jooq-codegen-3.11.10.jar:/home/user/.m2/repository/com/jolbox/bonecp/0.8.0.RELEASE/bonecp-0.8.0.RELEASE.jar:/home/user/.m2/repository/org/xerial/sqlite-jdbc/3.25.2/sqlite-jdbc-3.25.2.jar:/home/user/.m2/repository/org/springframework/spring-jdbc/5.1.3.RELEASE/spring-jdbc-5.1.3.RELEASE.jar:/home/user/.m2/repository/org/springframework/spring-beans/5.1.3.RELEASE/spring-beans-5.1.3.RELEASE.jar:/home/user/.m2/repository/org/springframework/spring-core/5.1.3.RELEASE/spring-core-5.1.3.RELEASE.jar:/home/user/.m2/repository/org/springframework/spring-jcl/5.1.3.RELEASE/spring-jcl-5.1.3.RELEASE.jar:/home/user/.m2/repository/org/springframework/spring-tx/5.1.3.RELEASE/spring-tx-5.1.3.RELEASE.jar:/home/user/.m2/repository/org/apache/hadoop/hadoop-ozone-client/0.4.1-SNAPSHOT/hadoop-ozone-client-0.4.1-SNAPSHOT.jar:/home/user/.m2/repository/commons-lang/commons-lang/2.6/commons-lang-2.6.jar:/home/user/.m2/repository/org/apache/hadoop/hadoop-ozone-ozone-manager/0.4.1-SNAPSHOT/hadoop-ozone-ozone-manager-0.4.1-SNAPSHOT-tests.jar:/home/user/.m2/repository/junit/junit/4.11/junit-4.11.jar:/home/user/.m2/repository/org/hamcrest/hamcrest-core/1.3/hamcrest-core-1.3.jar:/home/user/.m2/repository/org/openjdk/jmh/jmh-core/1.19/jmh-core-1.19.jar:/home/user/.m2/repository/net/sf/jopt-simple/jopt-simple/4.6/jopt-simple-4.6.jar:/home/user/.m2/repository/org/apache/commons/commons-math3/3.1.1/commons-math3-3.1.1.jar:/home/user/.m2/repository/org/openjdk/jmh/jmh-generator-annprocess/1.19/jmh-generator-annprocess-1.19.jar:/home/user/.m2/repository/org/mockito/mockito-all/1.8.5/mockito-all-1.8.5.jar:/home/user/.m2/repository/org/apache/hadoop/hadoop-kms/3.2.0/hadoop-kms-3.2.0.jar:/home/user/.m2/repository/org/apache/hadoop/hadoop-auth/3.2.0/hadoop-auth-3.2.0.jar:/home/user/.m2/repository/com/nimbusds/nimbus-jose-jwt/4.41.1/nimbus-jose-jwt-4.41.1.jar:/home/user/.m2/repository/com/github/stephenc/jcip/jcip-annotations/1.0-1/jcip-annotations-1.0-1.jar:/home/user/.m2/repository/net/minidev/json-smart/2.3/json-smart-2.3.jar:/home/user/.m2/repository/net/minidev/accessors-smart/1.2/accessors-smart-1.2.jar:/home/user/.m2/repository/org/ow2/asm/asm/5.0.4/asm-5.0.4.jar:/home/user/.m2/repository/org/apache/curator/curator-framework/2.12.0/curator-framework-2.12.0.jar:/home/user/.m2/repository/com/sun/jersey/jersey-core/1.19/jersey-core-1.19.jar:/home/user/.m2/repository/javax/ws/rs/jsr311-api/1.1.1/jsr311-api-1.1.1.jar:/home/user/.m2/repository/com/sun/jersey/jersey-server/1.19/jersey-server-1.19.jar:/home/user/.m2/repository/javax/servlet/javax.servlet-api/3.1.0/javax.servlet-api-3.1.0.jar:/home/user/.m2/repository/org/eclipse/jetty/jetty-server/9.3.24.v20180605/jetty-server-9.3.24.v20180605.jar:/home/user/.m2/repository/org/eclipse/jetty/jetty-http/9.3.24.v20180605/jetty-http-9.3.24.v20180605.jar:/home/user/.m2/repository/org/eclipse/jetty/jetty-io/9.3.24.v20180605/jetty-io-9.3.24.v20180605.jar:/home/user/.m2/repository/org/eclipse/jetty/jetty-webapp/9.3.24.v20180605/jetty-webapp-9.3.24.v20180605.jar:/home/user/.m2/repository/org/eclipse/jetty/jetty-xml/9.3.24.v20180605/jetty-xml-9.3.24.v20180605.jar:/home/user/.m2/repository/log4j/log4j/1.2.17/log4j-1.2.17.jar:/home/user/.m2/repository/org/slf4j/slf4j-api/1.7.25/slf4j-api-1.7.25.jar:/home/user/.m2/repository/org/slf4j/jul-to-slf4j/1.7.25/jul-to-slf4j-1.7.25.jar:/home/user/.m2/repository/org/eclipse/jetty/jetty-util/9.3.24.v20180605/jetty-util-9.3.24.v20180605.jar:/home/user/.m2/repository/com/fasterxml/jackson/core/jackson-databind/2.9.5/jackson-databind-2.9.5.jar:/home/user/.m2/repository/org/apache/hadoop/hadoop-kms/3.2.0/hadoop-kms-3.2.0-tests.jar:/home/user/.m2/repository/org/apache/hadoop/hadoop-hdds-server-scm/0.4.1-SNAPSHOT/hadoop-hdds-server-scm-0.4.1-SNAPSHOT-tests.jar:/home/user/.m2/repository/org/apache/hadoop/hadoop-hdds-container-service/0.4.1-SNAPSHOT/hadoop-hdds-container-service-0.4.1-SNAPSHOT-tests.jar:/home/user/.m2/repository/org/yaml/snakeyaml/1.16/snakeyaml-1.16.jar:/home/user/.m2/repository/org/apache/hadoop/hadoop-common/3.2.0/hadoop-common-3.2.0-tests.jar:/home/user/.m2/repository/org/apache/hadoop/hadoop-annotations/3.2.0/hadoop-annotations-3.2.0.jar:/usr/lib/jvm/java-1.8-openjdk/jre/../lib/tools.jar:/home/user/.m2/repository/commons-cli/commons-cli/1.2/commons-cli-1.2.jar:/home/user/.m2/repository/org/apache/httpcomponents/httpclient/4.5.2/httpclient-4.5.2.jar:/home/user/.m2/repository/org/apache/httpcomponents/httpcore/4.4.4/httpcore-4.4.4.jar:/home/user/.m2/repository/commons-codec/commons-codec/1.11/commons-codec-1.11.jar:/home/user/.m2/repository/commons-net/commons-net/3.6/commons-net-3.6.jar:/home/user/.m2/repository/commons-collections/commons-collections/3.2.2/commons-collections-3.2.2.jar:/home/user/.m2/repository/org/eclipse/jetty/jetty-servlet/9.3.24.v20180605/jetty-servlet-9.3.24.v20180605.jar:/home/user/.m2/repository/org/eclipse/jetty/jetty-security/9.3.24.v20180605/jetty-security-9.3.24.v20180605.jar:/home/user/.m2/repository/javax/servlet/jsp/jsp-api/2.1/jsp-api-2.1.jar:/home/user/.m2/repository/com/sun/jersey/jersey-servlet/1.19/jersey-servlet-1.19.jar:/home/user/.m2/repository/com/sun/jersey/jersey-json/1.19/jersey-json-1.19.jar:/home/user/.m2/repository/org/codehaus/jettison/jettison/1.1/jettison-1.1.jar:/home/user/.m2/repository/org/codehaus/jackson/jackson-core-asl/1.9.13/jackson-core-asl-1.9.13.jar:/home/user/.m2/repository/org/codehaus/jackson/jackson-mapper-asl/1.9.13/jackson-mapper-asl-1.9.13.jar:/home/user/.m2/repository/org/codehaus/jackson/jackson-jaxrs/1.9.13/jackson-jaxrs-1.9.13.jar:/home/user/.m2/repository/org/codehaus/jackson/jackson-xc/1.9.13/jackson-xc-1.9.13.jar:/home/user/.m2/repository/commons-logging/commons-logging/1.1.3/commons-logging-1.1.3.jar:/home/user/.m2/repository/commons-beanutils/commons-beanutils/1.9.3/commons-beanutils-1.9.3.jar:/home/user/.m2/repository/org/apache/commons/commons-configuration2/2.1.1/commons-configuration2-2.1.1.jar:/home/user/.m2/repository/org/apache/commons/commons-lang3/3.7/commons-lang3-3.7.jar:/home/user/.m2/repository/org/apache/commons/commons-text/1.4/commons-text-1.4.jar:/home/user/.m2/repository/org/apache/avro/avro/1.7.7/avro-1.7.7.jar:/home/user/.m2/repository/com/thoughtworks/paranamer/paranamer/2.3/paranamer-2.3.jar:/home/user/.m2/repository/org/xerial/snappy/snappy-java/1.0.5/snappy-java-1.0.5.jar:/home/user/.m2/repository/com/google/re2j/re2j/1.1/re2j-1.1.jar:/home/user/.m2/repository/com/google/code/gson/gson/2.2.4/gson-2.2.4.jar:/home/user/.m2/repository/com/jcraft/jsch/0.1.54/jsch-0.1.54.jar:/home/user/.m2/repository/org/apache/curator/curator-client/2.12.0/curator-client-2.12.0.jar:/home/user/.m2/repository/org/apache/curator/curator-recipes/2.12.0/curator-recipes-2.12.0.jar:/home/user/.m2/repository/com/google/code/findbugs/jsr305/3.0.0/jsr305-3.0.0.jar:/home/user/.m2/repository/org/apache/htrace/htrace-core4/4.1.0-incubating/htrace-core4-4.1.0-incubating.jar:/home/user/.m2/repository/org/apache/zookeeper/zookeeper/3.4.13/zookeeper-3.4.13.jar:/home/user/.m2/repository/org/apache/yetus/audience-annotations/0.5.0/audience-annotations-0.5.0.jar:/home/user/.m2/repository/org/codehaus/woodstox/stax2-api/3.1.4/stax2-api-3.1.4.jar:/home/user/.m2/repository/com/fasterxml/woodstox/woodstox-core/5.0.3/woodstox-core-5.0.3.jar:/home/user/.m2/repository/dnsjava/dnsjava/2.1.7/dnsjava-2.1.7.jar:/home/user/.m2/repository/org/apache/hadoop/hadoop-hdfs/3.2.0/hadoop-hdfs-3.2.0-tests.jar:/home/user/.m2/repository/org/eclipse/jetty/jetty-util-ajax/9.3.24.v20180605/jetty-util-ajax-9.3.24.v20180605.jar:/home/user/.m2/repository/commons-daemon/commons-daemon/1.0.13/commons-daemon-1.0.13.jar:/home/user/.m2/repository/io/netty/netty/3.10.5.Final/netty-3.10.5.Final.jar:/home/user/.m2/repository/io/netty/netty-all/4.0.52.Final/netty-all-4.0.52.Final.jar:/home/user/.m2/repository/org/fusesource/leveldbjni/leveldbjni-all/1.8/leveldbjni-all-1.8.jar:"/>
    <property name="java.vm.vendor" value="IcedTea"/>
    <property name="sun.arch.data.model" value="64"/>
    <property name="test.build.dir" value="/workdir/hadoop-ozone/integration-test/target/test-dir"/>
    <property name="test.cache.data" value=""/>
    <property name="java.vendor.url" value="https://icedtea.classpath.org"/>
    <property name="user.timezone" value=""/>
    <property name="java.vm.specification.version" value="1.8"/>
    <property name="os.name" value="Linux"/>
    <property name="test.build.data" value="/workdir/hadoop-ozone/integration-test/target/test-dir"/>
    <property name="user.country" value="US"/>
    <property name="sun.java.launcher" value="SUN_STANDARD"/>
    <property name="sun.boot.library.path" value="/usr/lib/jvm/java-1.8-openjdk/jre/lib/amd64"/>
    <property name="sun.java.command" value="/workdir/hadoop-ozone/integration-test/target/surefire/surefirebooter7329936736497210810.jar /workdir/hadoop-ozone/integration-test/target/surefire 2019-07-30T22-42-59_315-jvmRun1 surefire2149207203064281791tmp surefire_428287974769907797961tmp"/>
    <property name="surefire.test.class.path" value="/workdir/hadoop-ozone/integration-test/target/test-classes:/workdir/hadoop-ozone/integration-test/target/classes:/home/user/.m2/repository/org/apache/hadoop/hadoop-ozone-common/0.4.1-SNAPSHOT/hadoop-ozone-common-0.4.1-SNAPSHOT.jar:/home/user/.m2/repository/org/apache/commons/commons-compress/1.4.1/commons-compress-1.4.1.jar:/home/user/.m2/repository/org/tukaani/xz/1.0/xz-1.0.jar:/home/user/.m2/repository/org/apache/hadoop/hadoop-common/3.2.0/hadoop-common-3.2.0.jar:/home/user/.m2/repository/org/apache/hadoop/hadoop-hdfs/3.2.0/hadoop-hdfs-3.2.0.jar:/home/user/.m2/repository/org/apache/hadoop/hadoop-hdfs-client/3.2.0/hadoop-hdfs-client-3.2.0.jar:/home/user/.m2/repository/com/fasterxml/jackson/core/jackson-annotations/2.9.5/jackson-annotations-2.9.5.jar:/home/user/.m2/repository/org/apache/hadoop/hadoop-hdds-common/0.4.1-SNAPSHOT/hadoop-hdds-common-0.4.1-SNAPSHOT.jar:/home/user/.m2/repository/javax/annotation/javax.annotation-api/1.2/javax.annotation-api-1.2.jar:/home/user/.m2/repository/org/apache/ratis/ratis-server/0.4.0-2337318-SNAPSHOT/ratis-server-0.4.0-2337318-SNAPSHOT.jar:/home/user/.m2/repository/org/apache/ratis/ratis-thirdparty-misc/0.2.0/ratis-thirdparty-misc-0.2.0.jar:/home/user/.m2/repository/org/apache/ratis/ratis-proto/0.4.0-2337318-SNAPSHOT/ratis-proto-0.4.0-2337318-SNAPSHOT.jar:/home/user/.m2/repository/org/apache/ratis/ratis-common/0.4.0-2337318-SNAPSHOT/ratis-common-0.4.0-2337318-SNAPSHOT.jar:/home/user/.m2/repository/org/apache/ratis/ratis-client/0.4.0-2337318-SNAPSHOT/ratis-client-0.4.0-2337318-SNAPSHOT.jar:/home/user/.m2/repository/org/apache/ratis/ratis-metrics/0.4.0-2337318-SNAPSHOT/ratis-metrics-0.4.0-2337318-SNAPSHOT.jar:/home/user/.m2/repository/org/apache/ratis/ratis-netty/0.4.0-2337318-SNAPSHOT/ratis-netty-0.4.0-2337318-SNAPSHOT.jar:/home/user/.m2/repository/org/apache/ratis/ratis-grpc/0.4.0-2337318-SNAPSHOT/ratis-grpc-0.4.0-2337318-SNAPSHOT.jar:/home/user/.m2/repository/org/rocksdb/rocksdbjni/6.0.1/rocksdbjni-6.0.1.jar:/home/user/.m2/repository/org/apache/logging/log4j/log4j-api/2.11.0/log4j-api-2.11.0.jar:/home/user/.m2/repository/org/apache/logging/log4j/log4j-core/2.11.0/log4j-core-2.11.0.jar:/home/user/.m2/repository/com/lmax/disruptor/3.4.2/disruptor-3.4.2.jar:/home/user/.m2/repository/org/apache/commons/commons-pool2/2.6.0/commons-pool2-2.6.0.jar:/home/user/.m2/repository/org/bouncycastle/bcpkix-jdk15on/1.60/bcpkix-jdk15on-1.60.jar:/home/user/.m2/repository/commons-validator/commons-validator/1.6/commons-validator-1.6.jar:/home/user/.m2/repository/commons-digester/commons-digester/1.8.1/commons-digester-1.8.1.jar:/home/user/.m2/repository/io/jaegertracing/jaeger-client/0.33.1/jaeger-client-0.33.1.jar:/home/user/.m2/repository/io/jaegertracing/jaeger-thrift/0.33.1/jaeger-thrift-0.33.1.jar:/home/user/.m2/repository/org/apache/thrift/libthrift/0.11.0/libthrift-0.11.0.jar:/home/user/.m2/repository/com/squareup/okhttp3/okhttp/3.9.0/okhttp-3.9.0.jar:/home/user/.m2/repository/com/squareup/okio/okio/1.13.0/okio-1.13.0.jar:/home/user/.m2/repository/io/jaegertracing/jaeger-core/0.33.1/jaeger-core-0.33.1.jar:/home/user/.m2/repository/io/jaegertracing/jaeger-tracerresolver/0.33.1/jaeger-tracerresolver-0.33.1.jar:/home/user/.m2/repository/io/opentracing/contrib/opentracing-tracerresolver/0.1.5/opentracing-tracerresolver-0.1.5.jar:/home/user/.m2/repository/io/opentracing/opentracing-util/0.31.0/opentracing-util-0.31.0.jar:/home/user/.m2/repository/io/opentracing/opentracing-api/0.31.0/opentracing-api-0.31.0.jar:/home/user/.m2/repository/io/opentracing/opentracing-noop/0.31.0/opentracing-noop-0.31.0.jar:/home/user/.m2/repository/org/apache/hadoop/hadoop-hdds-server-framework/0.4.1-SNAPSHOT/hadoop-hdds-server-framework-0.4.1-SNAPSHOT.jar:/home/user/.m2/repository/org/apache/hadoop/hadoop-hdds-container-service/0.4.1-SNAPSHOT/hadoop-hdds-container-service-0.4.1-SNAPSHOT.jar:/home/user/.m2/repository/org/apache/hadoop/hadoop-hdds-client/0.4.1-SNAPSHOT/hadoop-hdds-client-0.4.1-SNAPSHOT.jar:/home/user/.m2/repository/org/apache/hadoop/hadoop-hdds-tools/0.4.1-SNAPSHOT/hadoop-hdds-tools-0.4.1-SNAPSHOT.jar:/home/user/.m2/repository/org/apache/hadoop/hadoop-hdds-server-scm/0.4.1-SNAPSHOT/hadoop-hdds-server-scm-0.4.1-SNAPSHOT.jar:/home/user/.m2/repository/org/apache/hadoop/hadoop-hdds-docs/0.4.1-SNAPSHOT/hadoop-hdds-docs-0.4.1-SNAPSHOT.jar:/home/user/.m2/repository/io/dropwizard/metrics/metrics-core/3.2.4/metrics-core-3.2.4.jar:/home/user/.m2/repository/org/hamcrest/hamcrest-all/1.3/hamcrest-all-1.3.jar:/home/user/.m2/repository/org/bouncycastle/bcprov-jdk15on/1.60/bcprov-jdk15on-1.60.jar:/home/user/.m2/repository/info/picocli/picocli/3.9.6/picocli-3.9.6.jar:/home/user/.m2/repository/com/google/protobuf/protobuf-java/2.5.0/protobuf-java-2.5.0.jar:/home/user/.m2/repository/com/google/guava/guava/11.0.2/guava-11.0.2.jar:/home/user/.m2/repository/org/apache/hadoop/hadoop-ozone-ozone-manager/0.4.1-SNAPSHOT/hadoop-ozone-ozone-manager-0.4.1-SNAPSHOT.jar:/home/user/.m2/repository/org/apache/hadoop/hadoop-minikdc/3.2.0/hadoop-minikdc-3.2.0.jar:/home/user/.m2/repository/commons-io/commons-io/2.5/commons-io-2.5.jar:/home/user/.m2/repository/org/apache/kerby/kerb-simplekdc/1.0.1/kerb-simplekdc-1.0.1.jar:/home/user/.m2/repository/org/apache/kerby/kerb-client/1.0.1/kerb-client-1.0.1.jar:/home/user/.m2/repository/org/apache/kerby/kerby-config/1.0.1/kerby-config-1.0.1.jar:/home/user/.m2/repository/org/apache/kerby/kerb-core/1.0.1/kerb-core-1.0.1.jar:/home/user/.m2/repository/org/apache/kerby/kerby-pkix/1.0.1/kerby-pkix-1.0.1.jar:/home/user/.m2/repository/org/apache/kerby/kerby-asn1/1.0.1/kerby-asn1-1.0.1.jar:/home/user/.m2/repository/org/apache/kerby/kerby-util/1.0.1/kerby-util-1.0.1.jar:/home/user/.m2/repository/org/apache/kerby/kerb-common/1.0.1/kerb-common-1.0.1.jar:/home/user/.m2/repository/org/apache/kerby/kerb-crypto/1.0.1/kerb-crypto-1.0.1.jar:/home/user/.m2/repository/org/apache/kerby/kerb-util/1.0.1/kerb-util-1.0.1.jar:/home/user/.m2/repository/org/apache/kerby/token-provider/1.0.1/token-provider-1.0.1.jar:/home/user/.m2/repository/org/apache/kerby/kerb-admin/1.0.1/kerb-admin-1.0.1.jar:/home/user/.m2/repository/org/apache/kerby/kerb-server/1.0.1/kerb-server-1.0.1.jar:/home/user/.m2/repository/org/apache/kerby/kerb-identity/1.0.1/kerb-identity-1.0.1.jar:/home/user/.m2/repository/org/apache/kerby/kerby-xdr/1.0.1/kerby-xdr-1.0.1.jar:/home/user/.m2/repository/org/slf4j/slf4j-log4j12/1.7.25/slf4j-log4j12-1.7.25.jar:/home/user/.m2/repository/org/apache/hadoop/hadoop-ozone-objectstore-service/0.4.1-SNAPSHOT/hadoop-ozone-objectstore-service-0.4.1-SNAPSHOT.jar:/home/user/.m2/repository/org/apache/hadoop/hadoop-ozone-s3gateway/0.4.1-SNAPSHOT/hadoop-ozone-s3gateway-0.4.1-SNAPSHOT.jar:/home/user/.m2/repository/org/jboss/weld/servlet/weld-servlet/2.4.7.Final/weld-servlet-2.4.7.Final.jar:/home/user/.m2/repository/org/glassfish/jersey/containers/jersey-container-servlet-core/2.27/jersey-container-servlet-core-2.27.jar:/home/user/.m2/repository/org/glassfish/hk2/external/javax.inject/2.5.0-b42/javax.inject-2.5.0-b42.jar:/home/user/.m2/repository/org/glassfish/jersey/core/jersey-common/2.27/jersey-common-2.27.jar:/home/user/.m2/repository/org/glassfish/hk2/osgi-resource-locator/1.0.1/osgi-resource-locator-1.0.1.jar:/home/user/.m2/repository/javax/ws/rs/javax.ws.rs-api/2.1/javax.ws.rs-api-2.1.jar:/home/user/.m2/repository/org/glassfish/jersey/ext/cdi/jersey-cdi1x/2.27/jersey-cdi1x-2.27.jar:/home/user/.m2/repository/org/glassfish/jersey/inject/jersey-hk2/2.27/jersey-hk2-2.27.jar:/home/user/.m2/repository/org/glassfish/hk2/hk2-locator/2.5.0-b42/hk2-locator-2.5.0-b42.jar:/home/user/.m2/repository/org/javassist/javassist/3.22.0-CR2/javassist-3.22.0-CR2.jar:/home/user/.m2/repository/org/glassfish/hk2/hk2-api/2.5.0/hk2-api-2.5.0.jar:/home/user/.m2/repository/org/glassfish/hk2/external/jakarta.inject/2.5.0/jakarta.inject-2.5.0.jar:/home/user/.m2/repository/org/glassfish/hk2/hk2-utils/2.5.0/hk2-utils-2.5.0.jar:/home/user/.m2/repository/jakarta/annotation/jakarta.annotation-api/1.3.4/jakarta.annotation-api-1.3.4.jar:/home/user/.m2/repository/org/glassfish/hk2/external/aopalliance-repackaged/2.5.0/aopalliance-repackaged-2.5.0.jar:/home/user/.m2/repository/com/fasterxml/jackson/dataformat/jackson-dataformat-xml/2.9.0/jackson-dataformat-xml-2.9.0.jar:/home/user/.m2/repository/com/fasterxml/jackson/core/jackson-core/2.9.5/jackson-core-2.9.5.jar:/home/user/.m2/repository/com/fasterxml/jackson/module/jackson-module-jaxb-annotations/2.9.5/jackson-module-jaxb-annotations-2.9.5.jar:/home/user/.m2/repository/javax/enterprise/cdi-api/1.2/cdi-api-1.2.jar:/home/user/.m2/repository/javax/el/javax.el-api/3.0.0/javax.el-api-3.0.0.jar:/home/user/.m2/repository/javax/interceptor/javax.interceptor-api/1.2/javax.interceptor-api-1.2.jar:/home/user/.m2/repository/javax/inject/javax.inject/1/javax.inject-1.jar:/home/user/.m2/repository/com/sun/xml/bind/jaxb-impl/2.3.0.1/jaxb-impl-2.3.0.1.jar:/home/user/.m2/repository/com/sun/xml/bind/jaxb-core/2.3.0.1/jaxb-core-2.3.0.1.jar:/home/user/.m2/repository/javax/xml/bind/jaxb-api/2.3.0/jaxb-api-2.3.0.jar:/home/user/.m2/repository/javax/activation/activation/1.1.1/activation-1.1.1.jar:/home/user/.m2/repository/org/apache/hadoop/hadoop-ozone-csi/0.4.1-SNAPSHOT/hadoop-ozone-csi-0.4.1-SNAPSHOT.jar:/home/user/.m2/repository/com/google/protobuf/protobuf-java-util/3.5.1/protobuf-java-util-3.5.1.jar:/home/user/.m2/repository/org/apache/hadoop/hadoop-hdds-config/0.4.1-SNAPSHOT/hadoop-hdds-config-0.4.1-SNAPSHOT.jar:/home/user/.m2/repository/io/grpc/grpc-netty/1.17.1/grpc-netty-1.17.1.jar:/home/user/.m2/repository/io/grpc/grpc-core/1.17.1/grpc-core-1.17.1.jar:/home/user/.m2/repository/io/grpc/grpc-context/1.17.1/grpc-context-1.17.1.jar:/home/user/.m2/repository/com/google/errorprone/error_prone_annotations/2.2.0/error_prone_annotations-2.2.0.jar:/home/user/.m2/repository/org/codehaus/mojo/animal-sniffer-annotations/1.17/animal-sniffer-annotations-1.17.jar:/home/user/.m2/repository/io/opencensus/opencensus-api/0.17.0/opencensus-api-0.17.0.jar:/home/user/.m2/repository/io/opencensus/opencensus-contrib-grpc-metrics/0.17.0/opencensus-contrib-grpc-metrics-0.17.0.jar:/home/user/.m2/repository/io/netty/netty-codec-http2/4.1.30.Final/netty-codec-http2-4.1.30.Final.jar:/home/user/.m2/repository/io/netty/netty-codec-http/4.1.30.Final/netty-codec-http-4.1.30.Final.jar:/home/user/.m2/repository/io/netty/netty-codec/4.1.30.Final/netty-codec-4.1.30.Final.jar:/home/user/.m2/repository/io/netty/netty-handler/4.1.30.Final/netty-handler-4.1.30.Final.jar:/home/user/.m2/repository/io/netty/netty-handler-proxy/4.1.30.Final/netty-handler-proxy-4.1.30.Final.jar:/home/user/.m2/repository/io/netty/netty-codec-socks/4.1.30.Final/netty-codec-socks-4.1.30.Final.jar:/home/user/.m2/repository/io/netty/netty-transport-native-epoll/4.1.30.Final/netty-transport-native-epoll-4.1.30.Final.jar:/home/user/.m2/repository/io/netty/netty-common/4.1.30.Final/netty-common-4.1.30.Final.jar:/home/user/.m2/repository/io/netty/netty-buffer/4.1.30.Final/netty-buffer-4.1.30.Final.jar:/home/user/.m2/repository/io/netty/netty-transport/4.1.30.Final/netty-transport-4.1.30.Final.jar:/home/user/.m2/repository/io/netty/netty-resolver/4.1.30.Final/netty-resolver-4.1.30.Final.jar:/home/user/.m2/repository/io/netty/netty-transport-native-unix-common/4.1.30.Final/netty-transport-native-unix-common-4.1.30.Final.jar:/home/user/.m2/repository/io/grpc/grpc-protobuf/1.17.1/grpc-protobuf-1.17.1.jar:/home/user/.m2/repository/com/google/api/grpc/proto-google-common-protos/1.0.0/proto-google-common-protos-1.0.0.jar:/home/user/.m2/repository/io/grpc/grpc-protobuf-lite/1.17.1/grpc-protobuf-lite-1.17.1.jar:/home/user/.m2/repository/io/grpc/grpc-stub/1.17.1/grpc-stub-1.17.1.jar:/home/user/.m2/repository/org/apache/hadoop/hadoop-ozone-recon/0.4.1-SNAPSHOT/hadoop-ozone-recon-0.4.1-SNAPSHOT.jar:/home/user/.m2/repository/org/apache/hadoop/hadoop-ozone-reconcodegen/0.4.1-SNAPSHOT/hadoop-ozone-reconcodegen-0.4.1-SNAPSHOT.jar:/home/user/.m2/repository/com/google/inject/extensions/guice-multibindings/4.0/guice-multibindings-4.0.jar:/home/user/.m2/repository/com/google/inject/guice/4.0/guice-4.0.jar:/home/user/.m2/repository/aopalliance/aopalliance/1.0/aopalliance-1.0.jar:/home/user/.m2/repository/com/google/inject/extensions/guice-servlet/4.0/guice-servlet-4.0.jar:/home/user/.m2/repository/org/glassfish/jersey/containers/jersey-container-servlet/2.27/jersey-container-servlet-2.27.jar:/home/user/.m2/repository/org/glassfish/hk2/guice-bridge/2.5.0/guice-bridge-2.5.0.jar:/home/user/.m2/repository/org/glassfish/jersey/core/jersey-server/2.27/jersey-server-2.27.jar:/home/user/.m2/repository/org/glassfish/jersey/core/jersey-client/2.27/jersey-client-2.27.jar:/home/user/.m2/repository/org/glassfish/jersey/media/jersey-media-jaxb/2.27/jersey-media-jaxb-2.27.jar:/home/user/.m2/repository/javax/validation/validation-api/1.1.0.Final/validation-api-1.1.0.Final.jar:/home/user/.m2/repository/org/glassfish/jersey/media/jersey-media-json-jackson/2.27/jersey-media-json-jackson-2.27.jar:/home/user/.m2/repository/org/glassfish/jersey/ext/jersey-entity-filtering/2.27/jersey-entity-filtering-2.27.jar:/home/user/.m2/repository/com/google/inject/extensions/guice-assistedinject/4.0/guice-assistedinject-4.0.jar:/home/user/.m2/repository/org/jooq/jooq/3.11.10/jooq-3.11.10.jar:/home/user/.m2/repository/org/jooq/jooq-meta/3.11.10/jooq-meta-3.11.10.jar:/home/user/.m2/repository/org/jooq/jooq-codegen/3.11.10/jooq-codegen-3.11.10.jar:/home/user/.m2/repository/com/jolbox/bonecp/0.8.0.RELEASE/bonecp-0.8.0.RELEASE.jar:/home/user/.m2/repository/org/xerial/sqlite-jdbc/3.25.2/sqlite-jdbc-3.25.2.jar:/home/user/.m2/repository/org/springframework/spring-jdbc/5.1.3.RELEASE/spring-jdbc-5.1.3.RELEASE.jar:/home/user/.m2/repository/org/springframework/spring-beans/5.1.3.RELEASE/spring-beans-5.1.3.RELEASE.jar:/home/user/.m2/repository/org/springframework/spring-core/5.1.3.RELEASE/spring-core-5.1.3.RELEASE.jar:/home/user/.m2/repository/org/springframework/spring-jcl/5.1.3.RELEASE/spring-jcl-5.1.3.RELEASE.jar:/home/user/.m2/repository/org/springframework/spring-tx/5.1.3.RELEASE/spring-tx-5.1.3.RELEASE.jar:/home/user/.m2/repository/org/apache/hadoop/hadoop-ozone-client/0.4.1-SNAPSHOT/hadoop-ozone-client-0.4.1-SNAPSHOT.jar:/home/user/.m2/repository/commons-lang/commons-lang/2.6/commons-lang-2.6.jar:/home/user/.m2/repository/org/apache/hadoop/hadoop-ozone-ozone-manager/0.4.1-SNAPSHOT/hadoop-ozone-ozone-manager-0.4.1-SNAPSHOT-tests.jar:/home/user/.m2/repository/junit/junit/4.11/junit-4.11.jar:/home/user/.m2/repository/org/hamcrest/hamcrest-core/1.3/hamcrest-core-1.3.jar:/home/user/.m2/repository/org/openjdk/jmh/jmh-core/1.19/jmh-core-1.19.jar:/home/user/.m2/repository/net/sf/jopt-simple/jopt-simple/4.6/jopt-simple-4.6.jar:/home/user/.m2/repository/org/apache/commons/commons-math3/3.1.1/commons-math3-3.1.1.jar:/home/user/.m2/repository/org/openjdk/jmh/jmh-generator-annprocess/1.19/jmh-generator-annprocess-1.19.jar:/home/user/.m2/repository/org/mockito/mockito-all/1.8.5/mockito-all-1.8.5.jar:/home/user/.m2/repository/org/apache/hadoop/hadoop-kms/3.2.0/hadoop-kms-3.2.0.jar:/home/user/.m2/repository/org/apache/hadoop/hadoop-auth/3.2.0/hadoop-auth-3.2.0.jar:/home/user/.m2/repository/com/nimbusds/nimbus-jose-jwt/4.41.1/nimbus-jose-jwt-4.41.1.jar:/home/user/.m2/repository/com/github/stephenc/jcip/jcip-annotations/1.0-1/jcip-annotations-1.0-1.jar:/home/user/.m2/repository/net/minidev/json-smart/2.3/json-smart-2.3.jar:/home/user/.m2/repository/net/minidev/accessors-smart/1.2/accessors-smart-1.2.jar:/home/user/.m2/repository/org/ow2/asm/asm/5.0.4/asm-5.0.4.jar:/home/user/.m2/repository/org/apache/curator/curator-framework/2.12.0/curator-framework-2.12.0.jar:/home/user/.m2/repository/com/sun/jersey/jersey-core/1.19/jersey-core-1.19.jar:/home/user/.m2/repository/javax/ws/rs/jsr311-api/1.1.1/jsr311-api-1.1.1.jar:/home/user/.m2/repository/com/sun/jersey/jersey-server/1.19/jersey-server-1.19.jar:/home/user/.m2/repository/javax/servlet/javax.servlet-api/3.1.0/javax.servlet-api-3.1.0.jar:/home/user/.m2/repository/org/eclipse/jetty/jetty-server/9.3.24.v20180605/jetty-server-9.3.24.v20180605.jar:/home/user/.m2/repository/org/eclipse/jetty/jetty-http/9.3.24.v20180605/jetty-http-9.3.24.v20180605.jar:/home/user/.m2/repository/org/eclipse/jetty/jetty-io/9.3.24.v20180605/jetty-io-9.3.24.v20180605.jar:/home/user/.m2/repository/org/eclipse/jetty/jetty-webapp/9.3.24.v20180605/jetty-webapp-9.3.24.v20180605.jar:/home/user/.m2/repository/org/eclipse/jetty/jetty-xml/9.3.24.v20180605/jetty-xml-9.3.24.v20180605.jar:/home/user/.m2/repository/log4j/log4j/1.2.17/log4j-1.2.17.jar:/home/user/.m2/repository/org/slf4j/slf4j-api/1.7.25/slf4j-api-1.7.25.jar:/home/user/.m2/repository/org/slf4j/jul-to-slf4j/1.7.25/jul-to-slf4j-1.7.25.jar:/home/user/.m2/repository/org/eclipse/jetty/jetty-util/9.3.24.v20180605/jetty-util-9.3.24.v20180605.jar:/home/user/.m2/repository/com/fasterxml/jackson/core/jackson-databind/2.9.5/jackson-databind-2.9.5.jar:/home/user/.m2/repository/org/apache/hadoop/hadoop-kms/3.2.0/hadoop-kms-3.2.0-tests.jar:/home/user/.m2/repository/org/apache/hadoop/hadoop-hdds-server-scm/0.4.1-SNAPSHOT/hadoop-hdds-server-scm-0.4.1-SNAPSHOT-tests.jar:/home/user/.m2/repository/org/apache/hadoop/hadoop-hdds-container-service/0.4.1-SNAPSHOT/hadoop-hdds-container-service-0.4.1-SNAPSHOT-tests.jar:/home/user/.m2/repository/org/yaml/snakeyaml/1.16/snakeyaml-1.16.jar:/home/user/.m2/repository/org/apache/hadoop/hadoop-common/3.2.0/hadoop-common-3.2.0-tests.jar:/home/user/.m2/repository/org/apache/hadoop/hadoop-annotations/3.2.0/hadoop-annotations-3.2.0.jar:/usr/lib/jvm/java-1.8-openjdk/jre/../lib/tools.jar:/home/user/.m2/repository/commons-cli/commons-cli/1.2/commons-cli-1.2.jar:/home/user/.m2/repository/org/apache/httpcomponents/httpclient/4.5.2/httpclient-4.5.2.jar:/home/user/.m2/repository/org/apache/httpcomponents/httpcore/4.4.4/httpcore-4.4.4.jar:/home/user/.m2/repository/commons-codec/commons-codec/1.11/commons-codec-1.11.jar:/home/user/.m2/repository/commons-net/commons-net/3.6/commons-net-3.6.jar:/home/user/.m2/repository/commons-collections/commons-collections/3.2.2/commons-collections-3.2.2.jar:/home/user/.m2/repository/org/eclipse/jetty/jetty-servlet/9.3.24.v20180605/jetty-servlet-9.3.24.v20180605.jar:/home/user/.m2/repository/org/eclipse/jetty/jetty-security/9.3.24.v20180605/jetty-security-9.3.24.v20180605.jar:/home/user/.m2/repository/javax/servlet/jsp/jsp-api/2.1/jsp-api-2.1.jar:/home/user/.m2/repository/com/sun/jersey/jersey-servlet/1.19/jersey-servlet-1.19.jar:/home/user/.m2/repository/com/sun/jersey/jersey-json/1.19/jersey-json-1.19.jar:/home/user/.m2/repository/org/codehaus/jettison/jettison/1.1/jettison-1.1.jar:/home/user/.m2/repository/org/codehaus/jackson/jackson-core-asl/1.9.13/jackson-core-asl-1.9.13.jar:/home/user/.m2/repository/org/codehaus/jackson/jackson-mapper-asl/1.9.13/jackson-mapper-asl-1.9.13.jar:/home/user/.m2/repository/org/codehaus/jackson/jackson-jaxrs/1.9.13/jackson-jaxrs-1.9.13.jar:/home/user/.m2/repository/org/codehaus/jackson/jackson-xc/1.9.13/jackson-xc-1.9.13.jar:/home/user/.m2/repository/commons-logging/commons-logging/1.1.3/commons-logging-1.1.3.jar:/home/user/.m2/repository/commons-beanutils/commons-beanutils/1.9.3/commons-beanutils-1.9.3.jar:/home/user/.m2/repository/org/apache/commons/commons-configuration2/2.1.1/commons-configuration2-2.1.1.jar:/home/user/.m2/repository/org/apache/commons/commons-lang3/3.7/commons-lang3-3.7.jar:/home/user/.m2/repository/org/apache/commons/commons-text/1.4/commons-text-1.4.jar:/home/user/.m2/repository/org/apache/avro/avro/1.7.7/avro-1.7.7.jar:/home/user/.m2/repository/com/thoughtworks/paranamer/paranamer/2.3/paranamer-2.3.jar:/home/user/.m2/repository/org/xerial/snappy/snappy-java/1.0.5/snappy-java-1.0.5.jar:/home/user/.m2/repository/com/google/re2j/re2j/1.1/re2j-1.1.jar:/home/user/.m2/repository/com/google/code/gson/gson/2.2.4/gson-2.2.4.jar:/home/user/.m2/repository/com/jcraft/jsch/0.1.54/jsch-0.1.54.jar:/home/user/.m2/repository/org/apache/curator/curator-client/2.12.0/curator-client-2.12.0.jar:/home/user/.m2/repository/org/apache/curator/curator-recipes/2.12.0/curator-recipes-2.12.0.jar:/home/user/.m2/repository/com/google/code/findbugs/jsr305/3.0.0/jsr305-3.0.0.jar:/home/user/.m2/repository/org/apache/htrace/htrace-core4/4.1.0-incubating/htrace-core4-4.1.0-incubating.jar:/home/user/.m2/repository/org/apache/zookeeper/zookeeper/3.4.13/zookeeper-3.4.13.jar:/home/user/.m2/repository/org/apache/yetus/audience-annotations/0.5.0/audience-annotations-0.5.0.jar:/home/user/.m2/repository/org/codehaus/woodstox/stax2-api/3.1.4/stax2-api-3.1.4.jar:/home/user/.m2/repository/com/fasterxml/woodstox/woodstox-core/5.0.3/woodstox-core-5.0.3.jar:/home/user/.m2/repository/dnsjava/dnsjava/2.1.7/dnsjava-2.1.7.jar:/home/user/.m2/repository/org/apache/hadoop/hadoop-hdfs/3.2.0/hadoop-hdfs-3.2.0-tests.jar:/home/user/.m2/repository/org/eclipse/jetty/jetty-util-ajax/9.3.24.v20180605/jetty-util-ajax-9.3.24.v20180605.jar:/home/user/.m2/repository/commons-daemon/commons-daemon/1.0.13/commons-daemon-1.0.13.jar:/home/user/.m2/repository/io/netty/netty/3.10.5.Final/netty-3.10.5.Final.jar:/home/user/.m2/repository/io/netty/netty-all/4.0.52.Final/netty-all-4.0.52.Final.jar:/home/user/.m2/repository/org/fusesource/leveldbjni/leveldbjni-all/1.8/leveldbjni-all-1.8.jar:"/>
    <property name="sun.cpu.endian" value="little"/>
    <property name="user.home" value="/home/user"/>
    <property name="user.language" value="en"/>
    <property name="java.specification.vendor" value="Oracle Corporation"/>
    <property name="java.home" value="/usr/lib/jvm/java-1.8-openjdk/jre"/>
    <property name="java.security.krb5.conf" value="/workdir/hadoop-ozone/integration-test/target/test-classes/krb5.conf"/>
    <property name="basedir" value="/workdir/hadoop-ozone/integration-test"/>
    <property name="file.separator" value="/"/>
    <property name="line.separator" value="&#10;"/>
    <property name="java.vm.specification.vendor" value="Oracle Corporation"/>
    <property name="java.specification.name" value="Java Platform API Specification"/>
    <property name="java.awt.graphicsenv" value="sun.awt.X11GraphicsEnvironment"/>
    <property name="surefire.real.class.path" value="/workdir/hadoop-ozone/integration-test/target/surefire/surefirebooter7329936736497210810.jar"/>
    <property name="hadoop.log.dir" value="/workdir/hadoop-ozone/integration-test/target/log"/>
    <property name="sun.boot.class.path" value="/usr/lib/jvm/java-1.8-openjdk/jre/lib/resources.jar:/usr/lib/jvm/java-1.8-openjdk/jre/lib/rt.jar:/usr/lib/jvm/java-1.8-openjdk/jre/lib/sunrsasign.jar:/usr/lib/jvm/java-1.8-openjdk/jre/lib/jsse.jar:/usr/lib/jvm/java-1.8-openjdk/jre/lib/jce.jar:/usr/lib/jvm/java-1.8-openjdk/jre/lib/charsets.jar:/usr/lib/jvm/java-1.8-openjdk/jre/lib/jfr.jar:/usr/lib/jvm/java-1.8-openjdk/jre/classes"/>
    <property name="sun.management.compiler" value="HotSpot 64-Bit Tiered Compilers"/>
    <property name="java.runtime.version" value="1.8.0_212-b04"/>
    <property name="java.net.preferIPv4Stack" value="true"/>
    <property name="user.name" value="jenkins1000"/>
    <property name="path.separator" value=":"/>
    <property name="java.security.egd" value="file:///dev/urandom"/>
    <property name="os.version" value="3.10.0-957.12.2.el7.x86_64"/>
    <property name="java.endorsed.dirs" value="/usr/lib/jvm/java-1.8-openjdk/jre/lib/endorsed"/>
    <property name="java.runtime.name" value="OpenJDK Runtime Environment"/>
    <property name="file.encoding" value="UTF-8"/>
    <property name="java.vm.name" value="OpenJDK 64-Bit Server VM"/>
    <property name="test.build.webapps" value=""/>
    <property name="localRepository" value="/home/user/.m2/repository"/>
    <property name="java.vendor.url.bug" value="https://icedtea.classpath.org/bugzilla"/>
    <property name="java.io.tmpdir" value="/tmp"/>
    <property name="require.test.libhadoop" value=""/>
    <property name="java.version" value="1.8.0_212"/>
    <property name="user.dir" value="/workdir/hadoop-ozone/integration-test"/>
    <property name="os.arch" value="amd64"/>
    <property name="java.vm.specification.name" value="Java Virtual Machine Specification"/>
    <property name="test.build.classes" value="/workdir/hadoop-ozone/integration-test/target/test-classes"/>
    <property name="java.awt.printerjob" value="sun.print.PSPrinterJob"/>
    <property name="sun.os.patch.level" value="unknown"/>
    <property name="hadoop.tmp.dir" value="/workdir/hadoop-ozone/integration-test/target/tmp"/>
    <property name="java.library.path" value="/usr/lib/jvm/java-1.8-openjdk/jre/lib/amd64/server:/usr/lib/jvm/java-1.8-openjdk/jre/lib/amd64:/usr/lib/jvm/java-1.8-openjdk/jre/../lib/amd64:/workdir/hadoop-ozone/integration-test/target/native/target/usr/local/lib:/workdir/hadoop-ozone/integration-test/../../hadoop-common-project/hadoop-common/target/native/target/usr/local/lib:/usr/java/packages/lib/amd64:/usr/lib64:/lib64:/lib:/usr/lib"/>
    <property name="java.vm.info" value="mixed mode"/>
    <property name="java.vendor" value="IcedTea"/>
    <property name="java.vm.version" value="25.212-b04"/>
    <property name="java.ext.dirs" value="/usr/lib/jvm/java-1.8-openjdk/jre/lib/ext:/usr/java/packages/lib/ext"/>
    <property name="sun.io.unicode.encoding" value="UnicodeLittle"/>
    <property name="java.class.version" value="52.0"/>
  </properties>
  <testcase name="testMultiBlockWritesWithDnFailures" classname="org.apache.hadoop.ozone.client.rpc.TestMultiBlockWritesWithDnFailures" time="34.245">
    <error message="Allocated 0 blocks. Requested 1 blocks" type="INTERNAL_ERROR org.apache.hadoop.ozone.om.exceptions.OMException">INTERNAL_ERROR org.apache.hadoop.ozone.om.exceptions.OMException: Allocated 0 blocks. Requested 1 blocks
	at org.apache.hadoop.ozone.om.protocolPB.OzoneManagerProtocolClientSideTranslatorPB.handleError(OzoneManagerProtocolClientSideTranslatorPB.java:720)
	at org.apache.hadoop.ozone.om.protocolPB.OzoneManagerProtocolClientSideTranslatorPB.allocateBlock(OzoneManagerProtocolClientSideTranslatorPB.java:752)
	at org.apache.hadoop.ozone.client.io.BlockOutputStreamEntryPool.allocateNewBlock(BlockOutputStreamEntryPool.java:248)
	at org.apache.hadoop.ozone.client.io.BlockOutputStreamEntryPool.allocateBlockIfNeeded(BlockOutputStreamEntryPool.java:296)
	at org.apache.hadoop.ozone.client.io.KeyOutputStream.handleWrite(KeyOutputStream.java:201)
	at org.apache.hadoop.ozone.client.io.KeyOutputStream.handleRetry(KeyOutputStream.java:376)
	at org.apache.hadoop.ozone.client.io.KeyOutputStream.handleException(KeyOutputStream.java:325)
	at org.apache.hadoop.ozone.client.io.KeyOutputStream.handleWrite(KeyOutputStream.java:231)
	at org.apache.hadoop.ozone.client.io.KeyOutputStream.write(KeyOutputStream.java:193)
	at org.apache.hadoop.ozone.client.io.OzoneOutputStream.write(OzoneOutputStream.java:49)
	at java.io.OutputStream.write(OutputStream.java:75)
	at org.apache.hadoop.ozone.client.rpc.TestMultiBlockWritesWithDnFailures.testMultiBlockWritesWithDnFailures(TestMultiBlockWritesWithDnFailures.java:144)
	at sun.reflect.NativeMethodAccessorImpl.invoke0(Native Method)
	at sun.reflect.NativeMethodAccessorImpl.invoke(NativeMethodAccessorImpl.java:62)
	at sun.reflect.DelegatingMethodAccessorImpl.invoke(DelegatingMethodAccessorImpl.java:43)
	at java.lang.reflect.Method.invoke(Method.java:498)
	at org.junit.runners.model.FrameworkMethod$1.runReflectiveCall(FrameworkMethod.java:47)
	at org.junit.internal.runners.model.ReflectiveCallable.run(ReflectiveCallable.java:12)
	at org.junit.runners.model.FrameworkMethod.invokeExplosively(FrameworkMethod.java:44)
	at org.junit.internal.runners.statements.InvokeMethod.evaluate(InvokeMethod.java:17)
	at org.junit.runners.ParentRunner.runLeaf(ParentRunner.java:271)
	at org.junit.runners.BlockJUnit4ClassRunner.runChild(BlockJUnit4ClassRunner.java:70)
	at org.junit.runners.BlockJUnit4ClassRunner.runChild(BlockJUnit4ClassRunner.java:50)
	at org.junit.runners.ParentRunner$3.run(ParentRunner.java:238)
	at org.junit.runners.ParentRunner$1.schedule(ParentRunner.java:63)
	at org.junit.runners.ParentRunner.runChildren(ParentRunner.java:236)
	at org.junit.runners.ParentRunner.access$000(ParentRunner.java:53)
	at org.junit.runners.ParentRunner$2.evaluate(ParentRunner.java:229)
	at org.junit.runners.ParentRunner.run(ParentRunner.java:309)
	at org.apache.maven.surefire.junit4.JUnit4Provider.execute(JUnit4Provider.java:365)
	at org.apache.maven.surefire.junit4.JUnit4Provider.executeWithRerun(JUnit4Provider.java:273)
	at org.apache.maven.surefire.junit4.JUnit4Provider.executeTestSet(JUnit4Provider.java:238)
	at org.apache.maven.surefire.junit4.JUnit4Provider.invoke(JUnit4Provider.java:159)
	at org.apache.maven.surefire.booter.ForkedBooter.invokeProviderInSameClassLoader(ForkedBooter.java:384)
	at org.apache.maven.surefire.booter.ForkedBooter.runSuitesInProcess(ForkedBooter.java:345)
	at org.apache.maven.surefire.booter.ForkedBooter.execute(ForkedBooter.java:126)
	at org.apache.maven.surefire.booter.ForkedBooter.main(ForkedBooter.java:418)
</error>
    <system-out><![CDATA[2019-07-30 23:29:42,200 WARN  server.ServerUtils (ServerUtils.java:getScmDbDir(145)) - ozone.scm.db.dirs is not configured. We recommend adding this setting. Falling back to ozone.metadata.dirs instead.
2019-07-30 23:29:42,292 WARN  server.ServerUtils (ServerUtils.java:getScmDbDir(145)) - ozone.scm.db.dirs is not configured. We recommend adding this setting. Falling back to ozone.metadata.dirs instead.
2019-07-30 23:29:42,295 WARN  server.ServerUtils (ServerUtils.java:getScmDbDir(145)) - ozone.scm.db.dirs is not configured. We recommend adding this setting. Falling back to ozone.metadata.dirs instead.
2019-07-30 23:29:42,314 INFO  util.log (Log.java:initialized(192)) - Logging initialized @881ms
2019-07-30 23:29:42,417 INFO  db.DBStoreBuilder (DBStoreBuilder.java:addTable(110)) - using custom profile for table: deletedBlocks
2019-07-30 23:29:42,417 INFO  db.DBStoreBuilder (DBStoreBuilder.java:processTables(161)) - Using default column profile:DBProfile.DISK for Table:deletedBlocks
2019-07-30 23:29:42,418 INFO  db.DBStoreBuilder (DBStoreBuilder.java:addTable(110)) - using custom profile for table: validCerts
2019-07-30 23:29:42,418 INFO  db.DBStoreBuilder (DBStoreBuilder.java:processTables(161)) - Using default column profile:DBProfile.DISK for Table:validCerts
2019-07-30 23:29:42,418 INFO  db.DBStoreBuilder (DBStoreBuilder.java:addTable(110)) - using custom profile for table: revokedCerts
2019-07-30 23:29:42,419 INFO  db.DBStoreBuilder (DBStoreBuilder.java:processTables(161)) - Using default column profile:DBProfile.DISK for Table:revokedCerts
2019-07-30 23:29:42,430 INFO  db.DBStoreBuilder (DBStoreBuilder.java:addTable(110)) - using custom profile for table: default
2019-07-30 23:29:42,431 INFO  db.DBStoreBuilder (DBStoreBuilder.java:processTables(167)) - Using default column profile:DBProfile.DISK for Table:default
2019-07-30 23:29:42,432 INFO  db.DBStoreBuilder (DBStoreBuilder.java:getDbProfile(198)) - Using default options. DBProfile.DISK
2019-07-30 23:29:42,544 INFO  net.NodeSchemaLoader (NodeSchemaLoader.java:loadSchemaFromFile(125)) - Loading file from sun.misc.CompoundEnumeration@7193666c
2019-07-30 23:29:42,546 INFO  net.NodeSchemaLoader (NodeSchemaLoader.java:loadSchema(171)) - Loading network topology layer schema file
2019-07-30 23:29:42,618 INFO  node.SCMNodeManager (SCMNodeManager.java:<init>(121)) - Entering startup safe mode.
2019-07-30 23:29:42,704 WARN  server.ServerUtils (ServerUtils.java:getScmDbDir(145)) - ozone.scm.db.dirs is not configured. We recommend adding this setting. Falling back to ozone.metadata.dirs instead.
2019-07-30 23:29:42,748 INFO  pipeline.SCMPipelineManager (SCMPipelineManager.java:initializePipelineState(126)) - No pipeline exists in current db
2019-07-30 23:29:42,750 WARN  server.ServerUtils (ServerUtils.java:getScmDbDir(145)) - ozone.scm.db.dirs is not configured. We recommend adding this setting. Falling back to ozone.metadata.dirs instead.
2019-07-30 23:29:42,834 WARN  events.EventQueue (EventQueue.java:fireEvent(175)) - No event handler registered for event TypedEvent{payloadType=SafeModeStatus, name='SafeModeStatus'}
2019-07-30 23:29:43,183 INFO  ipc.CallQueueManager (CallQueueManager.java:<init>(84)) - Using callQueue: class java.util.concurrent.LinkedBlockingQueue, queueCapacity: 2000, scheduler: class org.apache.hadoop.ipc.DefaultRpcScheduler, ipcBackoff: false.
2019-07-30 23:29:43,211 INFO  ipc.Server (Server.java:run(1074)) - Starting Socket Reader #1 for port 40902
2019-07-30 23:29:43,234 INFO  ipc.CallQueueManager (CallQueueManager.java:<init>(84)) - Using callQueue: class java.util.concurrent.LinkedBlockingQueue, queueCapacity: 2000, scheduler: class org.apache.hadoop.ipc.DefaultRpcScheduler, ipcBackoff: false.
2019-07-30 23:29:43,235 INFO  ipc.Server (Server.java:run(1074)) - Starting Socket Reader #1 for port 45245
2019-07-30 23:29:43,241 INFO  ipc.CallQueueManager (CallQueueManager.java:<init>(84)) - Using callQueue: class java.util.concurrent.LinkedBlockingQueue, queueCapacity: 2000, scheduler: class org.apache.hadoop.ipc.DefaultRpcScheduler, ipcBackoff: false.
2019-07-30 23:29:43,243 INFO  ipc.Server (Server.java:run(1074)) - Starting Socket Reader #1 for port 33320
2019-07-30 23:29:43,373 INFO  hdfs.DFSUtil (DFSUtil.java:httpServerTemplateForNNAndJN(1641)) - Starting Web-server for scm at: http://0.0.0.0:0
2019-07-30 23:29:43,548 INFO  server.AuthenticationFilter (AuthenticationFilter.java:constructSecretProvider(240)) - Unable to initialize FileSignerSecretProvider, falling back to use random secrets.
2019-07-30 23:29:43,557 WARN  http.HttpRequestLog (HttpRequestLog.java:getRequestLog(97)) - Jetty request log can only be enabled using Log4j
2019-07-30 23:29:43,565 INFO  http.HttpServer2 (HttpServer2.java:addGlobalFilter(975)) - Added global filter 'safety' (class=org.apache.hadoop.http.HttpServer2$QuotingInputFilter)
2019-07-30 23:29:43,567 INFO  http.HttpServer2 (HttpServer2.java:addFilter(948)) - Added filter static_user_filter (class=org.apache.hadoop.http.lib.StaticUserWebFilter$StaticUserFilter) to context scm
2019-07-30 23:29:43,568 INFO  http.HttpServer2 (HttpServer2.java:addFilter(958)) - Added filter static_user_filter (class=org.apache.hadoop.http.lib.StaticUserWebFilter$StaticUserFilter) to context logs
2019-07-30 23:29:43,568 INFO  http.HttpServer2 (HttpServer2.java:addFilter(958)) - Added filter static_user_filter (class=org.apache.hadoop.http.lib.StaticUserWebFilter$StaticUserFilter) to context static
2019-07-30 23:29:43,597 INFO  server.StorageContainerManager (StorageContainerManager.java:start(758)) - StorageContainerLocationProtocol RPC server is listening at /0.0.0.0:33320
2019-07-30 23:29:43,656 WARN  impl.MetricsConfig (MetricsConfig.java:loadFirst(134)) - Cannot locate configuration: tried hadoop-metrics2-storagecontainermanager.properties,hadoop-metrics2.properties
2019-07-30 23:29:43,670 INFO  impl.MetricsSystemImpl (MetricsSystemImpl.java:startTimer(374)) - Scheduled Metric snapshot period at 10 second(s).
2019-07-30 23:29:43,670 INFO  impl.MetricsSystemImpl (MetricsSystemImpl.java:start(191)) - StorageContainerManager metrics system started
2019-07-30 23:29:43,897 INFO  server.SCMClientProtocolServer (SCMClientProtocolServer.java:start(151)) - RPC server for Client  is listening at /0.0.0.0:33320
2019-07-30 23:29:43,898 INFO  ipc.Server (Server.java:run(1153)) - IPC Server listener on 33320: starting
2019-07-30 23:29:43,899 INFO  ipc.Server (Server.java:run(1314)) - IPC Server Responder: starting
2019-07-30 23:29:43,902 INFO  server.StorageContainerManager (StorageContainerManager.java:start(768)) - ScmBlockLocationProtocol RPC server is listening at /0.0.0.0:45245
2019-07-30 23:29:43,902 INFO  server.SCMBlockProtocolServer (SCMBlockProtocolServer.java:start(140)) - RPC server for Block Protocol is listening at /0.0.0.0:45245
2019-07-30 23:29:43,902 INFO  ipc.Server (Server.java:run(1314)) - IPC Server Responder: starting
2019-07-30 23:29:43,902 INFO  ipc.Server (Server.java:run(1153)) - IPC Server listener on 45245: starting
2019-07-30 23:29:43,909 INFO  server.StorageContainerManager (StorageContainerManager.java:start(772)) - ScmDatanodeProtocl RPC server is listening at /0.0.0.0:40902
2019-07-30 23:29:43,909 INFO  server.SCMDatanodeProtocolServer (SCMDatanodeProtocolServer.java:start(191)) - RPC server for DataNodes is listening at /0.0.0.0:40902
2019-07-30 23:29:43,910 INFO  ipc.Server (Server.java:run(1314)) - IPC Server Responder: starting
2019-07-30 23:29:43,910 INFO  ipc.Server (Server.java:run(1153)) - IPC Server listener on 40902: starting
2019-07-30 23:29:43,918 INFO  http.HttpServer2 (HttpServer2.java:bindListener(1191)) - Jetty bound to port 43520
2019-07-30 23:29:43,920 INFO  server.Server (Server.java:doStart(351)) - jetty-9.3.24.v20180605, build timestamp: 2018-06-05T17:11:56Z, git hash: 84205aa28f11a4f31f2a3b86d1bba2cc8ab69827
2019-07-30 23:29:43,959 INFO  handler.ContextHandler (ContextHandler.java:doStart(781)) - Started o.e.j.s.ServletContextHandler@75f95314{/logs,file:///workdir/hadoop-ozone/integration-test/target/log,AVAILABLE}
2019-07-30 23:29:43,960 INFO  handler.ContextHandler (ContextHandler.java:doStart(781)) - Started o.e.j.s.ServletContextHandler@6bbe2511{/static,file:///workdir/hadoop-ozone/integration-test/target/test-classes/webapps/static,AVAILABLE}
2019-07-30 23:29:43,994 INFO  handler.ContextHandler (ContextHandler.java:doStart(781)) - Started o.e.j.w.WebAppContext@285d851a{/,file:///workdir/hadoop-ozone/integration-test/target/test-classes/webapps/scm/,AVAILABLE}{/scm}
2019-07-30 23:29:44,000 INFO  server.AbstractConnector (AbstractConnector.java:doStart(278)) - Started ServerConnector@32232e55{HTTP/1.1,[http/1.1]}{0.0.0.0:43520}
2019-07-30 23:29:44,000 INFO  server.Server (Server.java:doStart(419)) - Started @2568ms
2019-07-30 23:29:44,001 INFO  server.BaseHttpServer (BaseHttpServer.java:updateConnectorAddress(207)) - HTTP server of SCM is listening at http://0.0.0.0:43520
2019-07-30 23:29:44,007 INFO  util.JvmPauseMonitor (JvmPauseMonitor.java:run(188)) - Starting JVM pause monitor
2019-07-30 23:29:44,009 WARN  server.ServerUtils (ServerUtils.java:getDBPath(222)) - ozone.om.db.dirs is not configured. We recommend adding this setting. Falling back to ozone.metadata.dirs instead.
2019-07-30 23:29:44,111 WARN  server.ServerUtils (ServerUtils.java:getDBPath(222)) - ozone.om.db.dirs is not configured. We recommend adding this setting. Falling back to ozone.metadata.dirs instead.
2019-07-30 23:29:44,112 WARN  server.ServerUtils (ServerUtils.java:getDBPath(222)) - ozone.om.db.dirs is not configured. We recommend adding this setting. Falling back to ozone.metadata.dirs instead.
2019-07-30 23:29:44,113 INFO  om.OzoneManager (OzoneManager.java:setOMNodeDetails(644)) - OM Service ID is not set. Setting it to the default ID: omServiceIdDefault
2019-07-30 23:29:44,113 INFO  om.OzoneManager (OzoneManager.java:setOMNodeDetails(650)) - OM Node ID is not set. Setting it to the OmStorage's OmID: 6d897457-347c-4b42-9cc1-7d427c14a349
2019-07-30 23:29:44,114 INFO  om.OzoneManager (OzoneManager.java:loadOMHAConfigs(601)) - Found matching OM address with OMServiceId: null, OMNodeId: null, RPC Address: localhost:0 and Ratis port: 9872
2019-07-30 23:29:44,742 WARN  server.ServerUtils (ServerUtils.java:getDBPath(222)) - ozone.om.db.dirs is not configured. We recommend adding this setting. Falling back to ozone.metadata.dirs instead.
2019-07-30 23:29:44,748 INFO  db.DBStoreBuilder (DBStoreBuilder.java:addTable(110)) - using custom profile for table: userTable
2019-07-30 23:29:44,748 INFO  db.DBStoreBuilder (DBStoreBuilder.java:processTables(161)) - Using default column profile:DBProfile.DISK for Table:userTable
2019-07-30 23:29:44,749 INFO  db.DBStoreBuilder (DBStoreBuilder.java:addTable(110)) - using custom profile for table: volumeTable
2019-07-30 23:29:44,749 INFO  db.DBStoreBuilder (DBStoreBuilder.java:processTables(161)) - Using default column profile:DBProfile.DISK for Table:volumeTable
2019-07-30 23:29:44,749 INFO  db.DBStoreBuilder (DBStoreBuilder.java:addTable(110)) - using custom profile for table: bucketTable
2019-07-30 23:29:44,749 INFO  db.DBStoreBuilder (DBStoreBuilder.java:processTables(161)) - Using default column profile:DBProfile.DISK for Table:bucketTable
2019-07-30 23:29:44,750 INFO  db.DBStoreBuilder (DBStoreBuilder.java:addTable(110)) - using custom profile for table: keyTable
2019-07-30 23:29:44,750 INFO  db.DBStoreBuilder (DBStoreBuilder.java:processTables(161)) - Using default column profile:DBProfile.DISK for Table:keyTable
2019-07-30 23:29:44,750 INFO  db.DBStoreBuilder (DBStoreBuilder.java:addTable(110)) - using custom profile for table: deletedTable
2019-07-30 23:29:44,750 INFO  db.DBStoreBuilder (DBStoreBuilder.java:processTables(161)) - Using default column profile:DBProfile.DISK for Table:deletedTable
2019-07-30 23:29:44,751 INFO  db.DBStoreBuilder (DBStoreBuilder.java:addTable(110)) - using custom profile for table: openKeyTable
2019-07-30 23:29:44,751 INFO  db.DBStoreBuilder (DBStoreBuilder.java:processTables(161)) - Using default column profile:DBProfile.DISK for Table:openKeyTable
2019-07-30 23:29:44,751 INFO  db.DBStoreBuilder (DBStoreBuilder.java:addTable(110)) - using custom profile for table: s3Table
2019-07-30 23:29:44,751 INFO  db.DBStoreBuilder (DBStoreBuilder.java:processTables(161)) - Using default column profile:DBProfile.DISK for Table:s3Table
2019-07-30 23:29:44,752 INFO  db.DBStoreBuilder (DBStoreBuilder.java:addTable(110)) - using custom profile for table: multipartInfoTable
2019-07-30 23:29:44,752 INFO  db.DBStoreBuilder (DBStoreBuilder.java:processTables(161)) - Using default column profile:DBProfile.DISK for Table:multipartInfoTable
2019-07-30 23:29:44,752 INFO  db.DBStoreBuilder (DBStoreBuilder.java:addTable(110)) - using custom profile for table: dTokenTable
2019-07-30 23:29:44,752 INFO  db.DBStoreBuilder (DBStoreBuilder.java:processTables(161)) - Using default column profile:DBProfile.DISK for Table:dTokenTable
2019-07-30 23:29:44,753 INFO  db.DBStoreBuilder (DBStoreBuilder.java:addTable(110)) - using custom profile for table: s3SecretTable
2019-07-30 23:29:44,753 INFO  db.DBStoreBuilder (DBStoreBuilder.java:processTables(161)) - Using default column profile:DBProfile.DISK for Table:s3SecretTable
2019-07-30 23:29:44,753 INFO  db.DBStoreBuilder (DBStoreBuilder.java:addTable(110)) - using custom profile for table: prefixTable
2019-07-30 23:29:44,753 INFO  db.DBStoreBuilder (DBStoreBuilder.java:processTables(161)) - Using default column profile:DBProfile.DISK for Table:prefixTable
2019-07-30 23:29:44,754 INFO  db.DBStoreBuilder (DBStoreBuilder.java:addTable(110)) - using custom profile for table: default
2019-07-30 23:29:44,754 INFO  db.DBStoreBuilder (DBStoreBuilder.java:processTables(167)) - Using default column profile:DBProfile.DISK for Table:default
2019-07-30 23:29:44,754 INFO  db.DBStoreBuilder (DBStoreBuilder.java:getDbProfile(198)) - Using default options. DBProfile.DISK
2019-07-30 23:29:44,997 INFO  ipc.CallQueueManager (CallQueueManager.java:<init>(84)) - Using callQueue: class java.util.concurrent.LinkedBlockingQueue, queueCapacity: 2000, scheduler: class org.apache.hadoop.ipc.DefaultRpcScheduler, ipcBackoff: false.
2019-07-30 23:29:44,998 INFO  ipc.Server (Server.java:run(1074)) - Starting Socket Reader #1 for port 37724
2019-07-30 23:29:45,013 INFO  om.OzoneManager (OzoneManager.java:start(1255)) - OzoneManager RPC server is listening at localhost/127.0.0.1:37724
2019-07-30 23:29:45,014 INFO  impl.MetricsSystemImpl (MetricsSystemImpl.java:init(158)) - OzoneManager metrics system started (again)
2019-07-30 23:29:45,016 INFO  ipc.Server (Server.java:run(1314)) - IPC Server Responder: starting
2019-07-30 23:29:45,016 INFO  ipc.Server (Server.java:run(1153)) - IPC Server listener on 37724: starting
2019-07-30 23:29:45,024 INFO  hdfs.DFSUtil (DFSUtil.java:httpServerTemplateForNNAndJN(1641)) - Starting Web-server for ozoneManager at: http://0.0.0.0:0
2019-07-30 23:29:45,026 INFO  server.AuthenticationFilter (AuthenticationFilter.java:constructSecretProvider(240)) - Unable to initialize FileSignerSecretProvider, falling back to use random secrets.
2019-07-30 23:29:45,026 WARN  http.HttpRequestLog (HttpRequestLog.java:getRequestLog(97)) - Jetty request log can only be enabled using Log4j
2019-07-30 23:29:45,028 INFO  http.HttpServer2 (HttpServer2.java:addGlobalFilter(975)) - Added global filter 'safety' (class=org.apache.hadoop.http.HttpServer2$QuotingInputFilter)
2019-07-30 23:29:45,028 INFO  http.HttpServer2 (HttpServer2.java:addFilter(948)) - Added filter static_user_filter (class=org.apache.hadoop.http.lib.StaticUserWebFilter$StaticUserFilter) to context ozoneManager
2019-07-30 23:29:45,029 INFO  http.HttpServer2 (HttpServer2.java:addFilter(958)) - Added filter static_user_filter (class=org.apache.hadoop.http.lib.StaticUserWebFilter$StaticUserFilter) to context static
2019-07-30 23:29:45,029 INFO  http.HttpServer2 (HttpServer2.java:addFilter(958)) - Added filter static_user_filter (class=org.apache.hadoop.http.lib.StaticUserWebFilter$StaticUserFilter) to context logs
2019-07-30 23:29:45,031 INFO  http.HttpServer2 (HttpServer2.java:bindListener(1191)) - Jetty bound to port 43481
2019-07-30 23:29:45,031 INFO  server.Server (Server.java:doStart(351)) - jetty-9.3.24.v20180605, build timestamp: 2018-06-05T17:11:56Z, git hash: 84205aa28f11a4f31f2a3b86d1bba2cc8ab69827
2019-07-30 23:29:45,032 INFO  handler.ContextHandler (ContextHandler.java:doStart(781)) - Started o.e.j.s.ServletContextHandler@7808fb9{/logs,file:///workdir/hadoop-ozone/integration-test/target/log,AVAILABLE}
2019-07-30 23:29:45,033 INFO  handler.ContextHandler (ContextHandler.java:doStart(781)) - Started o.e.j.s.ServletContextHandler@6b580b88{/static,file:///workdir/hadoop-ozone/integration-test/target/test-classes/webapps/static,AVAILABLE}
2019-07-30 23:29:45,037 INFO  handler.ContextHandler (ContextHandler.java:doStart(781)) - Started o.e.j.w.WebAppContext@4a1c0752{/,file:///workdir/hadoop-ozone/integration-test/target/test-classes/webapps/ozoneManager/,AVAILABLE}{/ozoneManager}
2019-07-30 23:29:45,038 INFO  server.AbstractConnector (AbstractConnector.java:doStart(278)) - Started ServerConnector@332f25c8{HTTP/1.1,[http/1.1]}{0.0.0.0:43481}
2019-07-30 23:29:45,038 INFO  server.Server (Server.java:doStart(419)) - Started @3605ms
2019-07-30 23:29:45,038 INFO  server.BaseHttpServer (BaseHttpServer.java:updateConnectorAddress(207)) - HTTP server of OZONEMANAGER is listening at http://0.0.0.0:43481
2019-07-30 23:29:45,344 INFO  impl.MetricsSystemImpl (MetricsSystemImpl.java:init(158)) - HddsDatanode metrics system started (again)
2019-07-30 23:29:45,415 INFO  ozone.HddsDatanodeService (HddsDatanodeService.java:start(184)) - HddsDatanodeService host:byscane-nightly-g5r4k-612667210 ip:192.168.5.171
2019-07-30 23:29:45,441 INFO  volume.HddsVolume (HddsVolume.java:<init>(176)) - Creating Volume: /workdir/hadoop-ozone/integration-test/target/test-dir/MiniOzoneClusterImpl-6cf7462e-b872-46ae-b611-ddfa7ff0531c/datanode-0/data/containers/hdds of  storage type : DISK and capacity : 52710309888
2019-07-30 23:29:45,442 INFO  volume.VolumeSet (VolumeSet.java:initializeVolumeSet(170)) - Added Volume : /workdir/hadoop-ozone/integration-test/target/test-dir/MiniOzoneClusterImpl-6cf7462e-b872-46ae-b611-ddfa7ff0531c/datanode-0/data/containers/hdds to VolumeSet
2019-07-30 23:29:45,445 INFO  volume.ThrottledAsyncChecker (ThrottledAsyncChecker.java:schedule(140)) - Scheduling a check for org.apache.hadoop.ozone.container.common.volume.HddsVolume@29a69a35
2019-07-30 23:29:45,460 INFO  volume.HddsVolumeChecker (HddsVolumeChecker.java:checkAllVolumes(203)) - Scheduled health check for volume org.apache.hadoop.ozone.container.common.volume.HddsVolume@29a69a35
2019-07-30 23:29:45,550 INFO  impl.RaftServerProxy (ConfUtils.java:logGet(43)) - raft.rpc.type = GRPC (default)
2019-07-30 23:29:45,603 INFO  grpc.GrpcFactory (GrpcFactory.java:checkPooledByteBufAllocatorUseCacheForAllThreads(45)) - PERFORMANCE WARNING: useCacheForAllThreads is true that may cause Netty to create a lot garbage objects and, as a result, trigger GC.
	It is recommended to disable useCacheForAllThreads by setting -Dorg.apache.ratis.thirdparty.io.netty.allocator.useCacheForAllThreads=false in command line.
2019-07-30 23:29:45,607 INFO  grpc.GrpcConfigKeys$Server (ConfUtils.java:logGet(43)) - raft.grpc.server.port = 0 (default)
2019-07-30 23:29:45,607 INFO  server.GrpcService (ConfUtils.java:logGet(43)) - raft.grpc.message.size.max = 33570816 (custom)
2019-07-30 23:29:45,609 INFO  server.RaftServerConfigKeys (ConfUtils.java:logGet(43)) - raft.server.log.appender.buffer.byte-limit = 33554432 (custom)
2019-07-30 23:29:45,609 INFO  server.GrpcService (ConfUtils.java:logGet(43)) - raft.grpc.flow.control.window = 1MB (=1048576) (default)
2019-07-30 23:29:45,610 INFO  server.RaftServerConfigKeys (ConfUtils.java:logGet(43)) - raft.server.rpc.request.timeout = 3000ms (default)
2019-07-30 23:29:45,793 INFO  server.RaftServerConfigKeys (ConfUtils.java:logGet(43)) - raft.server.storage.dir = [/workdir/hadoop-ozone/integration-test/target/test-dir/MiniOzoneClusterImpl-6cf7462e-b872-46ae-b611-ddfa7ff0531c/datanode-0/data/ratis] (custom)
2019-07-30 23:29:45,828 INFO  replication.SimpleContainerDownloader (SimpleContainerDownloader.java:<init>(72)) - Starting container downloader service to copy containers to replicate.
2019-07-30 23:29:45,841 INFO  hdfs.DFSUtil (DFSUtil.java:httpServerTemplateForNNAndJN(1641)) - Starting Web-server for hddsDatanode at: http://0.0.0.0:0
2019-07-30 23:29:45,842 INFO  server.AuthenticationFilter (AuthenticationFilter.java:constructSecretProvider(240)) - Unable to initialize FileSignerSecretProvider, falling back to use random secrets.
2019-07-30 23:29:45,843 WARN  http.HttpRequestLog (HttpRequestLog.java:getRequestLog(97)) - Jetty request log can only be enabled using Log4j
2019-07-30 23:29:45,845 INFO  http.HttpServer2 (HttpServer2.java:addGlobalFilter(975)) - Added global filter 'safety' (class=org.apache.hadoop.http.HttpServer2$QuotingInputFilter)
2019-07-30 23:29:45,846 INFO  http.HttpServer2 (HttpServer2.java:addFilter(948)) - Added filter static_user_filter (class=org.apache.hadoop.http.lib.StaticUserWebFilter$StaticUserFilter) to context hddsDatanode
2019-07-30 23:29:45,846 INFO  http.HttpServer2 (HttpServer2.java:addFilter(958)) - Added filter static_user_filter (class=org.apache.hadoop.http.lib.StaticUserWebFilter$StaticUserFilter) to context logs
2019-07-30 23:29:45,847 INFO  http.HttpServer2 (HttpServer2.java:addFilter(958)) - Added filter static_user_filter (class=org.apache.hadoop.http.lib.StaticUserWebFilter$StaticUserFilter) to context static
2019-07-30 23:29:45,848 INFO  http.HttpServer2 (HttpServer2.java:bindListener(1191)) - Jetty bound to port 46681
2019-07-30 23:29:45,848 INFO  server.Server (Server.java:doStart(351)) - jetty-9.3.24.v20180605, build timestamp: 2018-06-05T17:11:56Z, git hash: 84205aa28f11a4f31f2a3b86d1bba2cc8ab69827
2019-07-30 23:29:45,850 INFO  handler.ContextHandler (ContextHandler.java:doStart(781)) - Started o.e.j.s.ServletContextHandler@65c33b92{/logs,file:///workdir/hadoop-ozone/integration-test/target/log,AVAILABLE}
2019-07-30 23:29:45,851 INFO  handler.ContextHandler (ContextHandler.java:doStart(781)) - Started o.e.j.s.ServletContextHandler@4e08acf9{/static,jar:file:/home/user/.m2/repository/org/apache/hadoop/hadoop-hdds-container-service/0.4.1-SNAPSHOT/hadoop-hdds-container-service-0.4.1-SNAPSHOT.jar!/webapps/static,AVAILABLE}
2019-07-30 23:29:45,901 INFO  handler.ContextHandler (ContextHandler.java:doStart(781)) - Started o.e.j.w.WebAppContext@36417a54{/,file:///tmp/jetty-0.0.0.0-46681-hddsDatanode-_-any-3858005519385086762.dir/webapp/,AVAILABLE}{/hddsDatanode}
2019-07-30 23:29:45,902 INFO  server.AbstractConnector (AbstractConnector.java:doStart(278)) - Started ServerConnector@2b8bb184{HTTP/1.1,[http/1.1]}{0.0.0.0:46681}
2019-07-30 23:29:45,903 INFO  server.Server (Server.java:doStart(419)) - Started @4470ms
2019-07-30 23:29:45,904 INFO  server.BaseHttpServer (BaseHttpServer.java:updateConnectorAddress(207)) - HTTP server of HDDSDATANODE is listening at http://0.0.0.0:46681
2019-07-30 23:29:46,917 INFO  ozone.HddsDatanodeService (HddsDatanodeService.java:startPlugins(395)) - Started plug-in org.apache.hadoop.ozone.web.OzoneHddsDatanodeService@623e0631
2019-07-30 23:29:46,919 INFO  impl.MetricsSystemImpl (MetricsSystemImpl.java:init(158)) - HddsDatanode metrics system started (again)
2019-07-30 23:29:46,923 INFO  ozone.HddsDatanodeService (HddsDatanodeService.java:start(184)) - HddsDatanodeService host:byscane-nightly-g5r4k-612667210 ip:192.168.5.171
2019-07-30 23:29:46,926 INFO  util.JvmPauseMonitor (JvmPauseMonitor.java:run(188)) - Starting JVM pause monitor
2019-07-30 23:29:46,935 INFO  volume.HddsVolume (HddsVolume.java:<init>(176)) - Creating Volume: /workdir/hadoop-ozone/integration-test/target/test-dir/MiniOzoneClusterImpl-6cf7462e-b872-46ae-b611-ddfa7ff0531c/datanode-1/data/containers/hdds of  storage type : DISK and capacity : 52710309888
2019-07-30 23:29:46,935 INFO  volume.VolumeSet (VolumeSet.java:initializeVolumeSet(170)) - Added Volume : /workdir/hadoop-ozone/integration-test/target/test-dir/MiniOzoneClusterImpl-6cf7462e-b872-46ae-b611-ddfa7ff0531c/datanode-1/data/containers/hdds to VolumeSet
2019-07-30 23:29:46,935 INFO  volume.ThrottledAsyncChecker (ThrottledAsyncChecker.java:schedule(140)) - Scheduling a check for org.apache.hadoop.ozone.container.common.volume.HddsVolume@6e02721d
2019-07-30 23:29:46,938 INFO  volume.HddsVolumeChecker (HddsVolumeChecker.java:checkAllVolumes(203)) - Scheduled health check for volume org.apache.hadoop.ozone.container.common.volume.HddsVolume@6e02721d
2019-07-30 23:29:46,954 INFO  impl.RaftServerProxy (ConfUtils.java:logGet(43)) - raft.rpc.type = GRPC (default)
2019-07-30 23:29:46,954 INFO  grpc.GrpcFactory (GrpcFactory.java:checkPooledByteBufAllocatorUseCacheForAllThreads(45)) - PERFORMANCE WARNING: useCacheForAllThreads is true that may cause Netty to create a lot garbage objects and, as a result, trigger GC.
	It is recommended to disable useCacheForAllThreads by setting -Dorg.apache.ratis.thirdparty.io.netty.allocator.useCacheForAllThreads=false in command line.
2019-07-30 23:29:46,955 INFO  grpc.GrpcConfigKeys$Server (ConfUtils.java:logGet(43)) - raft.grpc.server.port = 0 (default)
2019-07-30 23:29:46,955 INFO  server.GrpcService (ConfUtils.java:logGet(43)) - raft.grpc.message.size.max = 33570816 (custom)
2019-07-30 23:29:46,955 INFO  server.RaftServerConfigKeys (ConfUtils.java:logGet(43)) - raft.server.log.appender.buffer.byte-limit = 33554432 (custom)
2019-07-30 23:29:46,956 INFO  server.GrpcService (ConfUtils.java:logGet(43)) - raft.grpc.flow.control.window = 1MB (=1048576) (default)
2019-07-30 23:29:46,956 INFO  server.RaftServerConfigKeys (ConfUtils.java:logGet(43)) - raft.server.rpc.request.timeout = 3000ms (default)
2019-07-30 23:29:46,958 INFO  server.RaftServerConfigKeys (ConfUtils.java:logGet(43)) - raft.server.storage.dir = [/workdir/hadoop-ozone/integration-test/target/test-dir/MiniOzoneClusterImpl-6cf7462e-b872-46ae-b611-ddfa7ff0531c/datanode-1/data/ratis] (custom)
2019-07-30 23:29:46,959 INFO  replication.SimpleContainerDownloader (SimpleContainerDownloader.java:<init>(72)) - Starting container downloader service to copy containers to replicate.
2019-07-30 23:29:46,960 INFO  hdfs.DFSUtil (DFSUtil.java:httpServerTemplateForNNAndJN(1641)) - Starting Web-server for hddsDatanode at: http://0.0.0.0:0
2019-07-30 23:29:46,961 INFO  server.AuthenticationFilter (AuthenticationFilter.java:constructSecretProvider(240)) - Unable to initialize FileSignerSecretProvider, falling back to use random secrets.
2019-07-30 23:29:46,962 WARN  http.HttpRequestLog (HttpRequestLog.java:getRequestLog(97)) - Jetty request log can only be enabled using Log4j
2019-07-30 23:29:46,964 INFO  http.HttpServer2 (HttpServer2.java:addGlobalFilter(975)) - Added global filter 'safety' (class=org.apache.hadoop.http.HttpServer2$QuotingInputFilter)
2019-07-30 23:29:46,964 INFO  http.HttpServer2 (HttpServer2.java:addFilter(948)) - Added filter static_user_filter (class=org.apache.hadoop.http.lib.StaticUserWebFilter$StaticUserFilter) to context hddsDatanode
2019-07-30 23:29:46,964 INFO  http.HttpServer2 (HttpServer2.java:addFilter(958)) - Added filter static_user_filter (class=org.apache.hadoop.http.lib.StaticUserWebFilter$StaticUserFilter) to context logs
2019-07-30 23:29:46,964 INFO  http.HttpServer2 (HttpServer2.java:addFilter(958)) - Added filter static_user_filter (class=org.apache.hadoop.http.lib.StaticUserWebFilter$StaticUserFilter) to context static
2019-07-30 23:29:46,965 INFO  http.HttpServer2 (HttpServer2.java:bindListener(1191)) - Jetty bound to port 42004
2019-07-30 23:29:46,965 INFO  server.Server (Server.java:doStart(351)) - jetty-9.3.24.v20180605, build timestamp: 2018-06-05T17:11:56Z, git hash: 84205aa28f11a4f31f2a3b86d1bba2cc8ab69827
2019-07-30 23:29:46,968 INFO  handler.ContextHandler (ContextHandler.java:doStart(781)) - Started o.e.j.s.ServletContextHandler@69a024a0{/logs,file:///workdir/hadoop-ozone/integration-test/target/log,AVAILABLE}
2019-07-30 23:29:46,968 INFO  handler.ContextHandler (ContextHandler.java:doStart(781)) - Started o.e.j.s.ServletContextHandler@2d7637e6{/static,jar:file:/home/user/.m2/repository/org/apache/hadoop/hadoop-hdds-container-service/0.4.1-SNAPSHOT/hadoop-hdds-container-service-0.4.1-SNAPSHOT.jar!/webapps/static,AVAILABLE}
2019-07-30 23:29:46,993 INFO  handler.ContextHandler (ContextHandler.java:doStart(781)) - Started o.e.j.w.WebAppContext@2ce03e86{/,file:///tmp/jetty-0.0.0.0-42004-hddsDatanode-_-any-4077373496827160281.dir/webapp/,AVAILABLE}{/hddsDatanode}
2019-07-30 23:29:46,994 INFO  server.AbstractConnector (AbstractConnector.java:doStart(278)) - Started ServerConnector@1c628f6a{HTTP/1.1,[http/1.1]}{0.0.0.0:42004}
2019-07-30 23:29:46,995 INFO  server.Server (Server.java:doStart(419)) - Started @5563ms
2019-07-30 23:29:46,996 INFO  server.BaseHttpServer (BaseHttpServer.java:updateConnectorAddress(207)) - HTTP server of HDDSDATANODE is listening at http://0.0.0.0:42004
2019-07-30 23:29:47,063 INFO  datanode.InitDatanodeState (InitDatanodeState.java:persistContainerDatanodeDetails(140)) - DatanodeDetails is persisted to /workdir/hadoop-ozone/integration-test/target/test-dir/MiniOzoneClusterImpl-6cf7462e-b872-46ae-b611-ddfa7ff0531c/datanode-0/meta/datanode.id
2019-07-30 23:29:47,189 INFO  ozone.HddsDatanodeService (HddsDatanodeService.java:startPlugins(395)) - Started plug-in org.apache.hadoop.ozone.web.OzoneHddsDatanodeService@ccd341d
2019-07-30 23:29:47,190 INFO  impl.MetricsSystemImpl (MetricsSystemImpl.java:init(158)) - HddsDatanode metrics system started (again)
2019-07-30 23:29:47,192 INFO  ozone.HddsDatanodeService (HddsDatanodeService.java:start(184)) - HddsDatanodeService host:byscane-nightly-g5r4k-612667210 ip:192.168.5.171
2019-07-30 23:29:47,192 INFO  util.JvmPauseMonitor (JvmPauseMonitor.java:run(188)) - Starting JVM pause monitor
2019-07-30 23:29:47,204 INFO  volume.HddsVolume (HddsVolume.java:<init>(176)) - Creating Volume: /workdir/hadoop-ozone/integration-test/target/test-dir/MiniOzoneClusterImpl-6cf7462e-b872-46ae-b611-ddfa7ff0531c/datanode-2/data/containers/hdds of  storage type : DISK and capacity : 52710309888
2019-07-30 23:29:47,204 INFO  volume.VolumeSet (VolumeSet.java:initializeVolumeSet(170)) - Added Volume : /workdir/hadoop-ozone/integration-test/target/test-dir/MiniOzoneClusterImpl-6cf7462e-b872-46ae-b611-ddfa7ff0531c/datanode-2/data/containers/hdds to VolumeSet
2019-07-30 23:29:47,205 INFO  datanode.InitDatanodeState (InitDatanodeState.java:persistContainerDatanodeDetails(140)) - DatanodeDetails is persisted to /workdir/hadoop-ozone/integration-test/target/test-dir/MiniOzoneClusterImpl-6cf7462e-b872-46ae-b611-ddfa7ff0531c/datanode-1/meta/datanode.id
2019-07-30 23:29:47,205 INFO  volume.ThrottledAsyncChecker (ThrottledAsyncChecker.java:schedule(140)) - Scheduling a check for org.apache.hadoop.ozone.container.common.volume.HddsVolume@7197b07f
2019-07-30 23:29:47,206 INFO  volume.HddsVolumeChecker (HddsVolumeChecker.java:checkAllVolumes(203)) - Scheduled health check for volume org.apache.hadoop.ozone.container.common.volume.HddsVolume@7197b07f
2019-07-30 23:29:47,234 INFO  impl.RaftServerProxy (ConfUtils.java:logGet(43)) - raft.rpc.type = GRPC (default)
2019-07-30 23:29:47,235 INFO  grpc.GrpcFactory (GrpcFactory.java:checkPooledByteBufAllocatorUseCacheForAllThreads(45)) - PERFORMANCE WARNING: useCacheForAllThreads is true that may cause Netty to create a lot garbage objects and, as a result, trigger GC.
	It is recommended to disable useCacheForAllThreads by setting -Dorg.apache.ratis.thirdparty.io.netty.allocator.useCacheForAllThreads=false in command line.
2019-07-30 23:29:47,235 INFO  grpc.GrpcConfigKeys$Server (ConfUtils.java:logGet(43)) - raft.grpc.server.port = 0 (default)
2019-07-30 23:29:47,235 INFO  server.GrpcService (ConfUtils.java:logGet(43)) - raft.grpc.message.size.max = 33570816 (custom)
2019-07-30 23:29:47,236 INFO  server.RaftServerConfigKeys (ConfUtils.java:logGet(43)) - raft.server.log.appender.buffer.byte-limit = 33554432 (custom)
2019-07-30 23:29:47,236 INFO  server.GrpcService (ConfUtils.java:logGet(43)) - raft.grpc.flow.control.window = 1MB (=1048576) (default)
2019-07-30 23:29:47,236 INFO  server.RaftServerConfigKeys (ConfUtils.java:logGet(43)) - raft.server.rpc.request.timeout = 3000ms (default)
2019-07-30 23:29:47,237 INFO  server.RaftServerConfigKeys (ConfUtils.java:logGet(43)) - raft.server.storage.dir = [/workdir/hadoop-ozone/integration-test/target/test-dir/MiniOzoneClusterImpl-6cf7462e-b872-46ae-b611-ddfa7ff0531c/datanode-2/data/ratis] (custom)
2019-07-30 23:29:47,239 INFO  replication.SimpleContainerDownloader (SimpleContainerDownloader.java:<init>(72)) - Starting container downloader service to copy containers to replicate.
2019-07-30 23:29:47,240 INFO  hdfs.DFSUtil (DFSUtil.java:httpServerTemplateForNNAndJN(1641)) - Starting Web-server for hddsDatanode at: http://0.0.0.0:0
2019-07-30 23:29:47,243 INFO  server.AuthenticationFilter (AuthenticationFilter.java:constructSecretProvider(240)) - Unable to initialize FileSignerSecretProvider, falling back to use random secrets.
2019-07-30 23:29:47,244 WARN  http.HttpRequestLog (HttpRequestLog.java:getRequestLog(97)) - Jetty request log can only be enabled using Log4j
2019-07-30 23:29:47,247 INFO  http.HttpServer2 (HttpServer2.java:addGlobalFilter(975)) - Added global filter 'safety' (class=org.apache.hadoop.http.HttpServer2$QuotingInputFilter)
2019-07-30 23:29:47,248 INFO  http.HttpServer2 (HttpServer2.java:addFilter(948)) - Added filter static_user_filter (class=org.apache.hadoop.http.lib.StaticUserWebFilter$StaticUserFilter) to context hddsDatanode
2019-07-30 23:29:47,248 INFO  http.HttpServer2 (HttpServer2.java:addFilter(958)) - Added filter static_user_filter (class=org.apache.hadoop.http.lib.StaticUserWebFilter$StaticUserFilter) to context logs
2019-07-30 23:29:47,248 INFO  http.HttpServer2 (HttpServer2.java:addFilter(958)) - Added filter static_user_filter (class=org.apache.hadoop.http.lib.StaticUserWebFilter$StaticUserFilter) to context static
2019-07-30 23:29:47,250 INFO  http.HttpServer2 (HttpServer2.java:bindListener(1191)) - Jetty bound to port 35454
2019-07-30 23:29:47,250 INFO  server.Server (Server.java:doStart(351)) - jetty-9.3.24.v20180605, build timestamp: 2018-06-05T17:11:56Z, git hash: 84205aa28f11a4f31f2a3b86d1bba2cc8ab69827
2019-07-30 23:29:47,254 INFO  handler.ContextHandler (ContextHandler.java:doStart(781)) - Started o.e.j.s.ServletContextHandler@3e26482{/logs,file:///workdir/hadoop-ozone/integration-test/target/log,AVAILABLE}
2019-07-30 23:29:47,255 INFO  handler.ContextHandler (ContextHandler.java:doStart(781)) - Started o.e.j.s.ServletContextHandler@6b37df8e{/static,jar:file:/home/user/.m2/repository/org/apache/hadoop/hadoop-hdds-container-service/0.4.1-SNAPSHOT/hadoop-hdds-container-service-0.4.1-SNAPSHOT.jar!/webapps/static,AVAILABLE}
2019-07-30 23:29:47,289 INFO  handler.ContextHandler (ContextHandler.java:doStart(781)) - Started o.e.j.w.WebAppContext@6e8fdd19{/,file:///tmp/jetty-0.0.0.0-35454-hddsDatanode-_-any-865964459737295117.dir/webapp/,AVAILABLE}{/hddsDatanode}
2019-07-30 23:29:47,291 INFO  server.AbstractConnector (AbstractConnector.java:doStart(278)) - Started ServerConnector@35787726{HTTP/1.1,[http/1.1]}{0.0.0.0:35454}
2019-07-30 23:29:47,292 INFO  server.Server (Server.java:doStart(419)) - Started @5860ms
2019-07-30 23:29:47,294 INFO  server.BaseHttpServer (BaseHttpServer.java:updateConnectorAddress(207)) - HTTP server of HDDSDATANODE is listening at http://0.0.0.0:35454
2019-07-30 23:29:47,473 INFO  ozone.HddsDatanodeService (HddsDatanodeService.java:startPlugins(395)) - Started plug-in org.apache.hadoop.ozone.web.OzoneHddsDatanodeService@209f3887
2019-07-30 23:29:47,473 INFO  impl.MetricsSystemImpl (MetricsSystemImpl.java:init(158)) - HddsDatanode metrics system started (again)
2019-07-30 23:29:47,476 INFO  ozone.HddsDatanodeService (HddsDatanodeService.java:start(184)) - HddsDatanodeService host:byscane-nightly-g5r4k-612667210 ip:192.168.5.171
2019-07-30 23:29:47,476 INFO  util.JvmPauseMonitor (JvmPauseMonitor.java:run(188)) - Starting JVM pause monitor
2019-07-30 23:29:47,480 INFO  datanode.InitDatanodeState (InitDatanodeState.java:persistContainerDatanodeDetails(140)) - DatanodeDetails is persisted to /workdir/hadoop-ozone/integration-test/target/test-dir/MiniOzoneClusterImpl-6cf7462e-b872-46ae-b611-ddfa7ff0531c/datanode-2/meta/datanode.id
2019-07-30 23:29:47,485 INFO  volume.HddsVolume (HddsVolume.java:<init>(176)) - Creating Volume: /workdir/hadoop-ozone/integration-test/target/test-dir/MiniOzoneClusterImpl-6cf7462e-b872-46ae-b611-ddfa7ff0531c/datanode-3/data/containers/hdds of  storage type : DISK and capacity : 52710309888
2019-07-30 23:29:47,485 INFO  volume.VolumeSet (VolumeSet.java:initializeVolumeSet(170)) - Added Volume : /workdir/hadoop-ozone/integration-test/target/test-dir/MiniOzoneClusterImpl-6cf7462e-b872-46ae-b611-ddfa7ff0531c/datanode-3/data/containers/hdds to VolumeSet
2019-07-30 23:29:47,486 INFO  volume.ThrottledAsyncChecker (ThrottledAsyncChecker.java:schedule(140)) - Scheduling a check for org.apache.hadoop.ozone.container.common.volume.HddsVolume@3554bdc0
2019-07-30 23:29:47,486 INFO  volume.HddsVolumeChecker (HddsVolumeChecker.java:checkAllVolumes(203)) - Scheduled health check for volume org.apache.hadoop.ozone.container.common.volume.HddsVolume@3554bdc0
2019-07-30 23:29:47,501 INFO  impl.RaftServerProxy (ConfUtils.java:logGet(43)) - raft.rpc.type = GRPC (default)
2019-07-30 23:29:47,501 INFO  grpc.GrpcFactory (GrpcFactory.java:checkPooledByteBufAllocatorUseCacheForAllThreads(45)) - PERFORMANCE WARNING: useCacheForAllThreads is true that may cause Netty to create a lot garbage objects and, as a result, trigger GC.
	It is recommended to disable useCacheForAllThreads by setting -Dorg.apache.ratis.thirdparty.io.netty.allocator.useCacheForAllThreads=false in command line.
2019-07-30 23:29:47,501 INFO  grpc.GrpcConfigKeys$Server (ConfUtils.java:logGet(43)) - raft.grpc.server.port = 0 (default)
2019-07-30 23:29:47,502 INFO  server.GrpcService (ConfUtils.java:logGet(43)) - raft.grpc.message.size.max = 33570816 (custom)
2019-07-30 23:29:47,502 INFO  server.RaftServerConfigKeys (ConfUtils.java:logGet(43)) - raft.server.log.appender.buffer.byte-limit = 33554432 (custom)
2019-07-30 23:29:47,502 INFO  server.GrpcService (ConfUtils.java:logGet(43)) - raft.grpc.flow.control.window = 1MB (=1048576) (default)
2019-07-30 23:29:47,502 INFO  server.RaftServerConfigKeys (ConfUtils.java:logGet(43)) - raft.server.rpc.request.timeout = 3000ms (default)
2019-07-30 23:29:47,503 INFO  server.RaftServerConfigKeys (ConfUtils.java:logGet(43)) - raft.server.storage.dir = [/workdir/hadoop-ozone/integration-test/target/test-dir/MiniOzoneClusterImpl-6cf7462e-b872-46ae-b611-ddfa7ff0531c/datanode-3/data/ratis] (custom)
2019-07-30 23:29:47,504 INFO  replication.SimpleContainerDownloader (SimpleContainerDownloader.java:<init>(72)) - Starting container downloader service to copy containers to replicate.
2019-07-30 23:29:47,505 INFO  hdfs.DFSUtil (DFSUtil.java:httpServerTemplateForNNAndJN(1641)) - Starting Web-server for hddsDatanode at: http://0.0.0.0:0
2019-07-30 23:29:47,506 INFO  server.AuthenticationFilter (AuthenticationFilter.java:constructSecretProvider(240)) - Unable to initialize FileSignerSecretProvider, falling back to use random secrets.
2019-07-30 23:29:47,506 WARN  http.HttpRequestLog (HttpRequestLog.java:getRequestLog(97)) - Jetty request log can only be enabled using Log4j
2019-07-30 23:29:47,508 INFO  http.HttpServer2 (HttpServer2.java:addGlobalFilter(975)) - Added global filter 'safety' (class=org.apache.hadoop.http.HttpServer2$QuotingInputFilter)
2019-07-30 23:29:47,508 INFO  http.HttpServer2 (HttpServer2.java:addFilter(948)) - Added filter static_user_filter (class=org.apache.hadoop.http.lib.StaticUserWebFilter$StaticUserFilter) to context hddsDatanode
2019-07-30 23:29:47,508 INFO  http.HttpServer2 (HttpServer2.java:addFilter(958)) - Added filter static_user_filter (class=org.apache.hadoop.http.lib.StaticUserWebFilter$StaticUserFilter) to context static
2019-07-30 23:29:47,508 INFO  http.HttpServer2 (HttpServer2.java:addFilter(958)) - Added filter static_user_filter (class=org.apache.hadoop.http.lib.StaticUserWebFilter$StaticUserFilter) to context logs
2019-07-30 23:29:47,509 INFO  http.HttpServer2 (HttpServer2.java:bindListener(1191)) - Jetty bound to port 41099
2019-07-30 23:29:47,509 INFO  server.Server (Server.java:doStart(351)) - jetty-9.3.24.v20180605, build timestamp: 2018-06-05T17:11:56Z, git hash: 84205aa28f11a4f31f2a3b86d1bba2cc8ab69827
2019-07-30 23:29:47,518 INFO  handler.ContextHandler (ContextHandler.java:doStart(781)) - Started o.e.j.s.ServletContextHandler@4ed18798{/logs,file:///workdir/hadoop-ozone/integration-test/target/log,AVAILABLE}
2019-07-30 23:29:47,519 INFO  handler.ContextHandler (ContextHandler.java:doStart(781)) - Started o.e.j.s.ServletContextHandler@5b29ab61{/static,jar:file:/home/user/.m2/repository/org/apache/hadoop/hadoop-hdds-container-service/0.4.1-SNAPSHOT/hadoop-hdds-container-service-0.4.1-SNAPSHOT.jar!/webapps/static,AVAILABLE}
2019-07-30 23:29:47,565 INFO  handler.ContextHandler (ContextHandler.java:doStart(781)) - Started o.e.j.w.WebAppContext@3b4086c1{/,file:///tmp/jetty-0.0.0.0-41099-hddsDatanode-_-any-430672396611078103.dir/webapp/,AVAILABLE}{/hddsDatanode}
2019-07-30 23:29:47,566 INFO  server.AbstractConnector (AbstractConnector.java:doStart(278)) - Started ServerConnector@58aa1d72{HTTP/1.1,[http/1.1]}{0.0.0.0:41099}
2019-07-30 23:29:47,567 INFO  server.Server (Server.java:doStart(419)) - Started @6134ms
2019-07-30 23:29:47,569 INFO  server.BaseHttpServer (BaseHttpServer.java:updateConnectorAddress(207)) - HTTP server of HDDSDATANODE is listening at http://0.0.0.0:41099
2019-07-30 23:29:47,698 INFO  ozone.HddsDatanodeService (HddsDatanodeService.java:startPlugins(395)) - Started plug-in org.apache.hadoop.ozone.web.OzoneHddsDatanodeService@50ec4bfc
2019-07-30 23:29:47,698 INFO  impl.MetricsSystemImpl (MetricsSystemImpl.java:init(158)) - HddsDatanode metrics system started (again)
2019-07-30 23:29:47,701 INFO  util.JvmPauseMonitor (JvmPauseMonitor.java:run(188)) - Starting JVM pause monitor
2019-07-30 23:29:47,701 INFO  ozone.HddsDatanodeService (HddsDatanodeService.java:start(184)) - HddsDatanodeService host:byscane-nightly-g5r4k-612667210 ip:192.168.5.171
2019-07-30 23:29:47,704 INFO  datanode.InitDatanodeState (InitDatanodeState.java:persistContainerDatanodeDetails(140)) - DatanodeDetails is persisted to /workdir/hadoop-ozone/integration-test/target/test-dir/MiniOzoneClusterImpl-6cf7462e-b872-46ae-b611-ddfa7ff0531c/datanode-3/meta/datanode.id
2019-07-30 23:29:47,710 INFO  volume.HddsVolume (HddsVolume.java:<init>(176)) - Creating Volume: /workdir/hadoop-ozone/integration-test/target/test-dir/MiniOzoneClusterImpl-6cf7462e-b872-46ae-b611-ddfa7ff0531c/datanode-4/data/containers/hdds of  storage type : DISK and capacity : 52710309888
2019-07-30 23:29:47,711 INFO  volume.VolumeSet (VolumeSet.java:initializeVolumeSet(170)) - Added Volume : /workdir/hadoop-ozone/integration-test/target/test-dir/MiniOzoneClusterImpl-6cf7462e-b872-46ae-b611-ddfa7ff0531c/datanode-4/data/containers/hdds to VolumeSet
2019-07-30 23:29:47,711 INFO  volume.ThrottledAsyncChecker (ThrottledAsyncChecker.java:schedule(140)) - Scheduling a check for org.apache.hadoop.ozone.container.common.volume.HddsVolume@61359e87
2019-07-30 23:29:47,711 INFO  volume.HddsVolumeChecker (HddsVolumeChecker.java:checkAllVolumes(203)) - Scheduled health check for volume org.apache.hadoop.ozone.container.common.volume.HddsVolume@61359e87
2019-07-30 23:29:47,725 INFO  impl.RaftServerProxy (ConfUtils.java:logGet(43)) - raft.rpc.type = GRPC (default)
2019-07-30 23:29:47,725 INFO  grpc.GrpcFactory (GrpcFactory.java:checkPooledByteBufAllocatorUseCacheForAllThreads(45)) - PERFORMANCE WARNING: useCacheForAllThreads is true that may cause Netty to create a lot garbage objects and, as a result, trigger GC.
	It is recommended to disable useCacheForAllThreads by setting -Dorg.apache.ratis.thirdparty.io.netty.allocator.useCacheForAllThreads=false in command line.
2019-07-30 23:29:47,725 INFO  grpc.GrpcConfigKeys$Server (ConfUtils.java:logGet(43)) - raft.grpc.server.port = 0 (default)
2019-07-30 23:29:47,726 INFO  server.GrpcService (ConfUtils.java:logGet(43)) - raft.grpc.message.size.max = 33570816 (custom)
2019-07-30 23:29:47,726 INFO  server.RaftServerConfigKeys (ConfUtils.java:logGet(43)) - raft.server.log.appender.buffer.byte-limit = 33554432 (custom)
2019-07-30 23:29:47,726 INFO  server.GrpcService (ConfUtils.java:logGet(43)) - raft.grpc.flow.control.window = 1MB (=1048576) (default)
2019-07-30 23:29:47,726 INFO  server.RaftServerConfigKeys (ConfUtils.java:logGet(43)) - raft.server.rpc.request.timeout = 3000ms (default)
2019-07-30 23:29:47,727 INFO  server.RaftServerConfigKeys (ConfUtils.java:logGet(43)) - raft.server.storage.dir = [/workdir/hadoop-ozone/integration-test/target/test-dir/MiniOzoneClusterImpl-6cf7462e-b872-46ae-b611-ddfa7ff0531c/datanode-4/data/ratis] (custom)
2019-07-30 23:29:47,727 INFO  replication.SimpleContainerDownloader (SimpleContainerDownloader.java:<init>(72)) - Starting container downloader service to copy containers to replicate.
2019-07-30 23:29:47,728 INFO  hdfs.DFSUtil (DFSUtil.java:httpServerTemplateForNNAndJN(1641)) - Starting Web-server for hddsDatanode at: http://0.0.0.0:0
2019-07-30 23:29:47,729 INFO  server.AuthenticationFilter (AuthenticationFilter.java:constructSecretProvider(240)) - Unable to initialize FileSignerSecretProvider, falling back to use random secrets.
2019-07-30 23:29:47,730 WARN  http.HttpRequestLog (HttpRequestLog.java:getRequestLog(97)) - Jetty request log can only be enabled using Log4j
2019-07-30 23:29:47,731 INFO  http.HttpServer2 (HttpServer2.java:addGlobalFilter(975)) - Added global filter 'safety' (class=org.apache.hadoop.http.HttpServer2$QuotingInputFilter)
2019-07-30 23:29:47,731 INFO  http.HttpServer2 (HttpServer2.java:addFilter(948)) - Added filter static_user_filter (class=org.apache.hadoop.http.lib.StaticUserWebFilter$StaticUserFilter) to context hddsDatanode
2019-07-30 23:29:47,731 INFO  http.HttpServer2 (HttpServer2.java:addFilter(958)) - Added filter static_user_filter (class=org.apache.hadoop.http.lib.StaticUserWebFilter$StaticUserFilter) to context static
2019-07-30 23:29:47,732 INFO  http.HttpServer2 (HttpServer2.java:addFilter(958)) - Added filter static_user_filter (class=org.apache.hadoop.http.lib.StaticUserWebFilter$StaticUserFilter) to context logs
2019-07-30 23:29:47,732 INFO  http.HttpServer2 (HttpServer2.java:bindListener(1191)) - Jetty bound to port 34010
2019-07-30 23:29:47,732 INFO  server.Server (Server.java:doStart(351)) - jetty-9.3.24.v20180605, build timestamp: 2018-06-05T17:11:56Z, git hash: 84205aa28f11a4f31f2a3b86d1bba2cc8ab69827
2019-07-30 23:29:47,737 INFO  handler.ContextHandler (ContextHandler.java:doStart(781)) - Started o.e.j.s.ServletContextHandler@65cc5252{/logs,file:///workdir/hadoop-ozone/integration-test/target/log,AVAILABLE}
2019-07-30 23:29:47,737 INFO  handler.ContextHandler (ContextHandler.java:doStart(781)) - Started o.e.j.s.ServletContextHandler@2dbfa972{/static,jar:file:/home/user/.m2/repository/org/apache/hadoop/hadoop-hdds-container-service/0.4.1-SNAPSHOT/hadoop-hdds-container-service-0.4.1-SNAPSHOT.jar!/webapps/static,AVAILABLE}
2019-07-30 23:29:47,759 INFO  handler.ContextHandler (ContextHandler.java:doStart(781)) - Started o.e.j.w.WebAppContext@69a40b3c{/,file:///tmp/jetty-0.0.0.0-34010-hddsDatanode-_-any-4106756739851514910.dir/webapp/,AVAILABLE}{/hddsDatanode}
2019-07-30 23:29:47,759 INFO  server.AbstractConnector (AbstractConnector.java:doStart(278)) - Started ServerConnector@251c90f{HTTP/1.1,[http/1.1]}{0.0.0.0:34010}
2019-07-30 23:29:47,760 INFO  server.Server (Server.java:doStart(419)) - Started @6328ms
2019-07-30 23:29:47,763 INFO  server.BaseHttpServer (BaseHttpServer.java:updateConnectorAddress(207)) - HTTP server of HDDSDATANODE is listening at http://0.0.0.0:34010
2019-07-30 23:29:47,872 INFO  ozone.HddsDatanodeService (HddsDatanodeService.java:startPlugins(395)) - Started plug-in org.apache.hadoop.ozone.web.OzoneHddsDatanodeService@27e199ce
2019-07-30 23:29:47,873 INFO  impl.MetricsSystemImpl (MetricsSystemImpl.java:init(158)) - HddsDatanode metrics system started (again)
2019-07-30 23:29:47,875 INFO  util.JvmPauseMonitor (JvmPauseMonitor.java:run(188)) - Starting JVM pause monitor
2019-07-30 23:29:47,875 INFO  ozone.HddsDatanodeService (HddsDatanodeService.java:start(184)) - HddsDatanodeService host:byscane-nightly-g5r4k-612667210 ip:192.168.5.171
2019-07-30 23:29:47,878 INFO  datanode.InitDatanodeState (InitDatanodeState.java:persistContainerDatanodeDetails(140)) - DatanodeDetails is persisted to /workdir/hadoop-ozone/integration-test/target/test-dir/MiniOzoneClusterImpl-6cf7462e-b872-46ae-b611-ddfa7ff0531c/datanode-4/meta/datanode.id
2019-07-30 23:29:47,884 INFO  volume.HddsVolume (HddsVolume.java:<init>(176)) - Creating Volume: /workdir/hadoop-ozone/integration-test/target/test-dir/MiniOzoneClusterImpl-6cf7462e-b872-46ae-b611-ddfa7ff0531c/datanode-5/data/containers/hdds of  storage type : DISK and capacity : 52710309888
2019-07-30 23:29:47,884 INFO  volume.VolumeSet (VolumeSet.java:initializeVolumeSet(170)) - Added Volume : /workdir/hadoop-ozone/integration-test/target/test-dir/MiniOzoneClusterImpl-6cf7462e-b872-46ae-b611-ddfa7ff0531c/datanode-5/data/containers/hdds to VolumeSet
2019-07-30 23:29:47,884 INFO  volume.ThrottledAsyncChecker (ThrottledAsyncChecker.java:schedule(140)) - Scheduling a check for org.apache.hadoop.ozone.container.common.volume.HddsVolume@54f6b629
2019-07-30 23:29:47,884 INFO  volume.HddsVolumeChecker (HddsVolumeChecker.java:checkAllVolumes(203)) - Scheduled health check for volume org.apache.hadoop.ozone.container.common.volume.HddsVolume@54f6b629
2019-07-30 23:29:47,899 INFO  impl.RaftServerProxy (ConfUtils.java:logGet(43)) - raft.rpc.type = GRPC (default)
2019-07-30 23:29:47,899 INFO  grpc.GrpcFactory (GrpcFactory.java:checkPooledByteBufAllocatorUseCacheForAllThreads(45)) - PERFORMANCE WARNING: useCacheForAllThreads is true that may cause Netty to create a lot garbage objects and, as a result, trigger GC.
	It is recommended to disable useCacheForAllThreads by setting -Dorg.apache.ratis.thirdparty.io.netty.allocator.useCacheForAllThreads=false in command line.
2019-07-30 23:29:47,899 INFO  grpc.GrpcConfigKeys$Server (ConfUtils.java:logGet(43)) - raft.grpc.server.port = 0 (default)
2019-07-30 23:29:47,900 INFO  server.GrpcService (ConfUtils.java:logGet(43)) - raft.grpc.message.size.max = 33570816 (custom)
2019-07-30 23:29:47,900 INFO  server.RaftServerConfigKeys (ConfUtils.java:logGet(43)) - raft.server.log.appender.buffer.byte-limit = 33554432 (custom)
2019-07-30 23:29:47,900 INFO  server.GrpcService (ConfUtils.java:logGet(43)) - raft.grpc.flow.control.window = 1MB (=1048576) (default)
2019-07-30 23:29:47,900 INFO  server.RaftServerConfigKeys (ConfUtils.java:logGet(43)) - raft.server.rpc.request.timeout = 3000ms (default)
2019-07-30 23:29:47,901 INFO  server.RaftServerConfigKeys (ConfUtils.java:logGet(43)) - raft.server.storage.dir = [/workdir/hadoop-ozone/integration-test/target/test-dir/MiniOzoneClusterImpl-6cf7462e-b872-46ae-b611-ddfa7ff0531c/datanode-5/data/ratis] (custom)
2019-07-30 23:29:47,901 INFO  replication.SimpleContainerDownloader (SimpleContainerDownloader.java:<init>(72)) - Starting container downloader service to copy containers to replicate.
2019-07-30 23:29:47,903 INFO  hdfs.DFSUtil (DFSUtil.java:httpServerTemplateForNNAndJN(1641)) - Starting Web-server for hddsDatanode at: http://0.0.0.0:0
2019-07-30 23:29:47,904 INFO  server.AuthenticationFilter (AuthenticationFilter.java:constructSecretProvider(240)) - Unable to initialize FileSignerSecretProvider, falling back to use random secrets.
2019-07-30 23:29:47,904 WARN  http.HttpRequestLog (HttpRequestLog.java:getRequestLog(97)) - Jetty request log can only be enabled using Log4j
2019-07-30 23:29:47,906 INFO  http.HttpServer2 (HttpServer2.java:addGlobalFilter(975)) - Added global filter 'safety' (class=org.apache.hadoop.http.HttpServer2$QuotingInputFilter)
2019-07-30 23:29:47,906 INFO  http.HttpServer2 (HttpServer2.java:addFilter(948)) - Added filter static_user_filter (class=org.apache.hadoop.http.lib.StaticUserWebFilter$StaticUserFilter) to context hddsDatanode
2019-07-30 23:29:47,906 INFO  http.HttpServer2 (HttpServer2.java:addFilter(958)) - Added filter static_user_filter (class=org.apache.hadoop.http.lib.StaticUserWebFilter$StaticUserFilter) to context logs
2019-07-30 23:29:47,906 INFO  http.HttpServer2 (HttpServer2.java:addFilter(958)) - Added filter static_user_filter (class=org.apache.hadoop.http.lib.StaticUserWebFilter$StaticUserFilter) to context static
2019-07-30 23:29:47,907 INFO  http.HttpServer2 (HttpServer2.java:bindListener(1191)) - Jetty bound to port 33552
2019-07-30 23:29:47,907 INFO  server.Server (Server.java:doStart(351)) - jetty-9.3.24.v20180605, build timestamp: 2018-06-05T17:11:56Z, git hash: 84205aa28f11a4f31f2a3b86d1bba2cc8ab69827
2019-07-30 23:29:47,910 INFO  handler.ContextHandler (ContextHandler.java:doStart(781)) - Started o.e.j.s.ServletContextHandler@24d8f87a{/logs,file:///workdir/hadoop-ozone/integration-test/target/log,AVAILABLE}
2019-07-30 23:29:47,910 INFO  handler.ContextHandler (ContextHandler.java:doStart(781)) - Started o.e.j.s.ServletContextHandler@255d9277{/static,jar:file:/home/user/.m2/repository/org/apache/hadoop/hadoop-hdds-container-service/0.4.1-SNAPSHOT/hadoop-hdds-container-service-0.4.1-SNAPSHOT.jar!/webapps/static,AVAILABLE}
2019-07-30 23:29:47,932 INFO  handler.ContextHandler (ContextHandler.java:doStart(781)) - Started o.e.j.w.WebAppContext@11c581a0{/,file:///tmp/jetty-0.0.0.0-33552-hddsDatanode-_-any-7885440389899537379.dir/webapp/,AVAILABLE}{/hddsDatanode}
2019-07-30 23:29:47,933 INFO  server.AbstractConnector (AbstractConnector.java:doStart(278)) - Started ServerConnector@256589a1{HTTP/1.1,[http/1.1]}{0.0.0.0:33552}
2019-07-30 23:29:47,933 INFO  server.Server (Server.java:doStart(419)) - Started @6501ms
2019-07-30 23:29:47,934 INFO  server.BaseHttpServer (BaseHttpServer.java:updateConnectorAddress(207)) - HTTP server of HDDSDATANODE is listening at http://0.0.0.0:33552
2019-07-30 23:29:48,051 INFO  ozone.HddsDatanodeService (HddsDatanodeService.java:startPlugins(395)) - Started plug-in org.apache.hadoop.ozone.web.OzoneHddsDatanodeService@22f8adc2
2019-07-30 23:29:48,052 INFO  ozone.MiniOzoneClusterImpl (MiniOzoneClusterImpl.java:lambda$waitForClusterToBeReady$0(142)) - Waiting for cluster to be ready. Got 0 of 6 DN Heartbeats.
2019-07-30 23:29:48,103 INFO  util.JvmPauseMonitor (JvmPauseMonitor.java:run(188)) - Starting JVM pause monitor
2019-07-30 23:29:48,106 INFO  datanode.InitDatanodeState (InitDatanodeState.java:persistContainerDatanodeDetails(140)) - DatanodeDetails is persisted to /workdir/hadoop-ozone/integration-test/target/test-dir/MiniOzoneClusterImpl-6cf7462e-b872-46ae-b611-ddfa7ff0531c/datanode-5/meta/datanode.id
2019-07-30 23:29:48,979 INFO  ozoneimpl.OzoneContainer (OzoneContainer.java:start(186)) - Attempting to start container services.
2019-07-30 23:29:48,979 INFO  ozoneimpl.OzoneContainer (OzoneContainer.java:startContainerScrub(160)) - Background container scrubber has been disabled by hdds.containerscrub.enabled
2019-07-30 23:29:48,979 INFO  ratis.XceiverServerRatis (XceiverServerRatis.java:start(404)) - Starting XceiverServerRatis 84dc5f4e-7ff2-4b64-bf2b-05be131382df at port 0
2019-07-30 23:29:48,997 INFO  impl.RaftServerProxy (RaftServerProxy.java:lambda$start$3(299)) - 84dc5f4e-7ff2-4b64-bf2b-05be131382df: start RPC server
2019-07-30 23:29:49,053 INFO  ozone.MiniOzoneClusterImpl (MiniOzoneClusterImpl.java:lambda$waitForClusterToBeReady$0(142)) - Waiting for cluster to be ready. Got 0 of 6 DN Heartbeats.
2019-07-30 23:29:49,112 INFO  server.GrpcService (GrpcService.java:startImpl(149)) - 84dc5f4e-7ff2-4b64-bf2b-05be131382df: GrpcService started, listening on 0.0.0.0/0.0.0.0:37220
2019-07-30 23:29:49,113 INFO  ratis.XceiverServerRatis (XceiverServerRatis.java:start(414)) - XceiverServerRatis 84dc5f4e-7ff2-4b64-bf2b-05be131382df is started using port 37220
2019-07-30 23:29:49,116 INFO  server.XceiverServerGrpc (XceiverServerGrpc.java:start(161)) - XceiverServerGrpc 84dc5f4e-7ff2-4b64-bf2b-05be131382df is started using port 33716
2019-07-30 23:29:49,207 INFO  ozoneimpl.OzoneContainer (OzoneContainer.java:start(186)) - Attempting to start container services.
2019-07-30 23:29:49,209 INFO  ozoneimpl.OzoneContainer (OzoneContainer.java:startContainerScrub(160)) - Background container scrubber has been disabled by hdds.containerscrub.enabled
2019-07-30 23:29:49,209 INFO  ratis.XceiverServerRatis (XceiverServerRatis.java:start(404)) - Starting XceiverServerRatis 2831db6e-e8d4-4ce2-a419-fa624760c1f5 at port 0
2019-07-30 23:29:49,217 INFO  impl.RaftServerProxy (RaftServerProxy.java:lambda$start$3(299)) - 2831db6e-e8d4-4ce2-a419-fa624760c1f5: start RPC server
2019-07-30 23:29:49,220 INFO  server.GrpcService (GrpcService.java:startImpl(149)) - 2831db6e-e8d4-4ce2-a419-fa624760c1f5: GrpcService started, listening on 0.0.0.0/0.0.0.0:34133
2019-07-30 23:29:49,220 INFO  ratis.XceiverServerRatis (XceiverServerRatis.java:start(414)) - XceiverServerRatis 2831db6e-e8d4-4ce2-a419-fa624760c1f5 is started using port 34133
2019-07-30 23:29:49,223 INFO  server.XceiverServerGrpc (XceiverServerGrpc.java:start(161)) - XceiverServerGrpc 2831db6e-e8d4-4ce2-a419-fa624760c1f5 is started using port 44543
2019-07-30 23:29:49,484 INFO  ozoneimpl.OzoneContainer (OzoneContainer.java:start(186)) - Attempting to start container services.
2019-07-30 23:29:49,486 INFO  ozoneimpl.OzoneContainer (OzoneContainer.java:startContainerScrub(160)) - Background container scrubber has been disabled by hdds.containerscrub.enabled
2019-07-30 23:29:49,486 INFO  ratis.XceiverServerRatis (XceiverServerRatis.java:start(404)) - Starting XceiverServerRatis 52c807aa-c5f6-460b-9daa-ff08ec66c080 at port 0
2019-07-30 23:29:49,493 INFO  impl.RaftServerProxy (RaftServerProxy.java:lambda$start$3(299)) - 52c807aa-c5f6-460b-9daa-ff08ec66c080: start RPC server
2019-07-30 23:29:49,496 INFO  server.GrpcService (GrpcService.java:startImpl(149)) - 52c807aa-c5f6-460b-9daa-ff08ec66c080: GrpcService started, listening on 0.0.0.0/0.0.0.0:42405
2019-07-30 23:29:49,497 INFO  ratis.XceiverServerRatis (XceiverServerRatis.java:start(414)) - XceiverServerRatis 52c807aa-c5f6-460b-9daa-ff08ec66c080 is started using port 42405
2019-07-30 23:29:49,499 INFO  server.XceiverServerGrpc (XceiverServerGrpc.java:start(161)) - XceiverServerGrpc 52c807aa-c5f6-460b-9daa-ff08ec66c080 is started using port 43433
2019-07-30 23:29:49,709 INFO  ozoneimpl.OzoneContainer (OzoneContainer.java:start(186)) - Attempting to start container services.
2019-07-30 23:29:49,711 INFO  ozoneimpl.OzoneContainer (OzoneContainer.java:startContainerScrub(160)) - Background container scrubber has been disabled by hdds.containerscrub.enabled
2019-07-30 23:29:49,712 INFO  ratis.XceiverServerRatis (XceiverServerRatis.java:start(404)) - Starting XceiverServerRatis 482141af-8e33-46bb-a95e-fa3dffb5ff50 at port 0
2019-07-30 23:29:49,723 INFO  impl.RaftServerProxy (RaftServerProxy.java:lambda$start$3(299)) - 482141af-8e33-46bb-a95e-fa3dffb5ff50: start RPC server
2019-07-30 23:29:49,726 INFO  server.GrpcService (GrpcService.java:startImpl(149)) - 482141af-8e33-46bb-a95e-fa3dffb5ff50: GrpcService started, listening on 0.0.0.0/0.0.0.0:46837
2019-07-30 23:29:49,727 INFO  ratis.XceiverServerRatis (XceiverServerRatis.java:start(414)) - XceiverServerRatis 482141af-8e33-46bb-a95e-fa3dffb5ff50 is started using port 46837
2019-07-30 23:29:49,730 INFO  server.XceiverServerGrpc (XceiverServerGrpc.java:start(161)) - XceiverServerGrpc 482141af-8e33-46bb-a95e-fa3dffb5ff50 is started using port 43315
2019-07-30 23:29:49,885 INFO  ozoneimpl.OzoneContainer (OzoneContainer.java:start(186)) - Attempting to start container services.
2019-07-30 23:29:49,888 INFO  ozoneimpl.OzoneContainer (OzoneContainer.java:startContainerScrub(160)) - Background container scrubber has been disabled by hdds.containerscrub.enabled
2019-07-30 23:29:49,888 INFO  ratis.XceiverServerRatis (XceiverServerRatis.java:start(404)) - Starting XceiverServerRatis e5573c90-367f-45c6-b7c8-99ac8857475d at port 0
2019-07-30 23:29:49,898 INFO  impl.RaftServerProxy (RaftServerProxy.java:lambda$start$3(299)) - e5573c90-367f-45c6-b7c8-99ac8857475d: start RPC server
2019-07-30 23:29:49,903 INFO  server.GrpcService (GrpcService.java:startImpl(149)) - e5573c90-367f-45c6-b7c8-99ac8857475d: GrpcService started, listening on 0.0.0.0/0.0.0.0:32953
2019-07-30 23:29:49,903 INFO  ratis.XceiverServerRatis (XceiverServerRatis.java:start(414)) - XceiverServerRatis e5573c90-367f-45c6-b7c8-99ac8857475d is started using port 32953
2019-07-30 23:29:49,906 INFO  server.XceiverServerGrpc (XceiverServerGrpc.java:start(161)) - XceiverServerGrpc e5573c90-367f-45c6-b7c8-99ac8857475d is started using port 34720
2019-07-30 23:29:50,053 INFO  ozone.MiniOzoneClusterImpl (MiniOzoneClusterImpl.java:lambda$waitForClusterToBeReady$0(142)) - Waiting for cluster to be ready. Got 0 of 6 DN Heartbeats.
2019-07-30 23:29:50,072 INFO  ozoneimpl.OzoneContainer (OzoneContainer.java:start(186)) - Attempting to start container services.
2019-07-30 23:29:50,076 INFO  ozoneimpl.OzoneContainer (OzoneContainer.java:startContainerScrub(160)) - Background container scrubber has been disabled by hdds.containerscrub.enabled
2019-07-30 23:29:50,076 INFO  ratis.XceiverServerRatis (XceiverServerRatis.java:start(404)) - Starting XceiverServerRatis be73ec51-8ce9-4d13-9a6f-702b3a3463d6 at port 0
2019-07-30 23:29:50,086 INFO  impl.RaftServerProxy (RaftServerProxy.java:lambda$start$3(299)) - be73ec51-8ce9-4d13-9a6f-702b3a3463d6: start RPC server
2019-07-30 23:29:50,091 INFO  server.GrpcService (GrpcService.java:startImpl(149)) - be73ec51-8ce9-4d13-9a6f-702b3a3463d6: GrpcService started, listening on 0.0.0.0/0.0.0.0:41564
2019-07-30 23:29:50,091 INFO  ratis.XceiverServerRatis (XceiverServerRatis.java:start(414)) - XceiverServerRatis be73ec51-8ce9-4d13-9a6f-702b3a3463d6 is started using port 41564
2019-07-30 23:29:50,094 INFO  server.XceiverServerGrpc (XceiverServerGrpc.java:start(161)) - XceiverServerGrpc be73ec51-8ce9-4d13-9a6f-702b3a3463d6 is started using port 41731
2019-07-30 23:29:50,973 INFO  net.NetworkTopology (NetworkTopologyImpl.java:add(110)) - Added a new node: /default-rack/84dc5f4e-7ff2-4b64-bf2b-05be131382df
2019-07-30 23:29:50,974 INFO  node.SCMNodeManager (SCMNodeManager.java:register(273)) - Registered Data node : 84dc5f4e-7ff2-4b64-bf2b-05be131382df{ip: 192.168.5.171, host: byscane-nightly-g5r4k-612667210, networkLocation: /default-rack, certSerialId: null}
2019-07-30 23:29:50,980 INFO  safemode.SCMSafeModeManager (DataNodeSafeModeRule.java:process(71)) - SCM in safe mode. 1 DataNodes registered, 1 required.
2019-07-30 23:29:50,980 INFO  safemode.SCMSafeModeManager (SCMSafeModeManager.java:validateSafeModeExitRules(177)) - ScmSafeModeManager, all rules are successfully validated
2019-07-30 23:29:50,980 INFO  safemode.SCMSafeModeManager (SCMSafeModeManager.java:exitSafeMode(193)) - SCM exiting safe mode.
2019-07-30 23:29:51,054 INFO  ozone.MiniOzoneClusterImpl (MiniOzoneClusterImpl.java:lambda$waitForClusterToBeReady$0(142)) - Waiting for cluster to be ready. Got 1 of 6 DN Heartbeats.
2019-07-30 23:29:51,197 INFO  net.NetworkTopology (NetworkTopologyImpl.java:add(110)) - Added a new node: /default-rack/2831db6e-e8d4-4ce2-a419-fa624760c1f5
2019-07-30 23:29:51,197 INFO  node.SCMNodeManager (SCMNodeManager.java:register(273)) - Registered Data node : 2831db6e-e8d4-4ce2-a419-fa624760c1f5{ip: 192.168.5.171, host: byscane-nightly-g5r4k-612667210, networkLocation: /default-rack, certSerialId: null}
2019-07-30 23:29:51,480 INFO  net.NetworkTopology (NetworkTopologyImpl.java:add(110)) - Added a new node: /default-rack/52c807aa-c5f6-460b-9daa-ff08ec66c080
2019-07-30 23:29:51,481 INFO  node.SCMNodeManager (SCMNodeManager.java:register(273)) - Registered Data node : 52c807aa-c5f6-460b-9daa-ff08ec66c080{ip: 192.168.5.171, host: byscane-nightly-g5r4k-612667210, networkLocation: /default-rack, certSerialId: null}
2019-07-30 23:29:51,501 INFO  impl.RaftServerProxy (RaftServerProxy.java:addNew(89)) - 84dc5f4e-7ff2-4b64-bf2b-05be131382df: addNew group-4393FB605DAA:[84dc5f4e-7ff2-4b64-bf2b-05be131382df:192.168.5.171:37220] returns group-4393FB605DAA:java.util.concurrent.CompletableFuture@5eb0795a[Not completed]
2019-07-30 23:29:51,794 INFO  net.NetworkTopology (NetworkTopologyImpl.java:add(110)) - Added a new node: /default-rack/482141af-8e33-46bb-a95e-fa3dffb5ff50
2019-07-30 23:29:51,794 INFO  node.SCMNodeManager (SCMNodeManager.java:register(273)) - Registered Data node : 482141af-8e33-46bb-a95e-fa3dffb5ff50{ip: 192.168.5.171, host: byscane-nightly-g5r4k-612667210, networkLocation: /default-rack, certSerialId: null}
2019-07-30 23:29:51,801 INFO  impl.RaftServerImpl (RaftServerImpl.java:<init>(93)) - 84dc5f4e-7ff2-4b64-bf2b-05be131382df: new RaftServerImpl for group-4393FB605DAA:[84dc5f4e-7ff2-4b64-bf2b-05be131382df:192.168.5.171:37220] with ContainerStateMachine:uninitialized
2019-07-30 23:29:51,803 INFO  server.RaftServerConfigKeys (ConfUtils.java:logGet(43)) - raft.server.rpc.timeout.min = 5s (custom)
2019-07-30 23:29:51,804 INFO  server.RaftServerConfigKeys (ConfUtils.java:logGet(43)) - raft.server.rpc.timeout.max = 5200ms (custom)
2019-07-30 23:29:51,804 INFO  server.RaftServerConfigKeys (ConfUtils.java:logGet(43)) - raft.server.rpcslowness.timeout = 120s (custom)
2019-07-30 23:29:51,805 INFO  server.RaftServerConfigKeys (ConfUtils.java:logGet(43)) - raft.server.sleep.deviation.threshold = 300 (default)
2019-07-30 23:29:51,806 INFO  server.RaftServerConfigKeys (ConfUtils.java:logGet(43)) - raft.server.log.appender.install.snapshot.enabled = false (custom)
2019-07-30 23:29:51,816 INFO  impl.RaftServerImpl (ServerState.java:<init>(105)) - 84dc5f4e-7ff2-4b64-bf2b-05be131382df:group-4393FB605DAA ConfigurationManager, init=-1: [84dc5f4e-7ff2-4b64-bf2b-05be131382df:192.168.5.171:37220], old=null, confs=<EMPTY_MAP>
2019-07-30 23:29:51,816 INFO  server.RaftServerConfigKeys (ConfUtils.java:logGet(43)) - raft.server.storage.dir = [/workdir/hadoop-ozone/integration-test/target/test-dir/MiniOzoneClusterImpl-6cf7462e-b872-46ae-b611-ddfa7ff0531c/datanode-0/data/ratis] (custom)
2019-07-30 23:29:51,826 INFO  storage.RaftStorageDirectory (RaftStorageDirectory.java:analyzeStorage(246)) - The storage directory /workdir/hadoop-ozone/integration-test/target/test-dir/MiniOzoneClusterImpl-6cf7462e-b872-46ae-b611-ddfa7ff0531c/datanode-0/data/ratis/421f0e28-91a5-4ba7-ad59-4393fb605daa does not exist. Creating ...
2019-07-30 23:29:51,845 INFO  storage.RaftStorageDirectory (RaftStorageDirectory.java:tryLock(328)) - Lock on /workdir/hadoop-ozone/integration-test/target/test-dir/MiniOzoneClusterImpl-6cf7462e-b872-46ae-b611-ddfa7ff0531c/datanode-0/data/ratis/421f0e28-91a5-4ba7-ad59-4393fb605daa/in_use.lock acquired by nodename 14754@byscane-nightly-g5r4k-612667210
2019-07-30 23:29:51,851 INFO  storage.RaftStorage (RaftStorage.java:format(72)) - Storage directory /workdir/hadoop-ozone/integration-test/target/test-dir/MiniOzoneClusterImpl-6cf7462e-b872-46ae-b611-ddfa7ff0531c/datanode-0/data/ratis/421f0e28-91a5-4ba7-ad59-4393fb605daa has been successfully formatted.
2019-07-30 23:29:51,854 INFO  ratis.ContainerStateMachine (ContainerStateMachine.java:loadSnapshot(213)) - group-4393FB605DAA: The snapshot info is null. Setting the last applied indexto:(t:0, i:~)
2019-07-30 23:29:51,854 INFO  server.RaftServerConfigKeys (ConfUtils.java:logGet(43)) - raft.server.leader.election.timeout = 120s (custom)
2019-07-30 23:29:51,856 INFO  server.RaftServerConfigKeys (ConfUtils.java:logGet(43)) - raft.server.log.use.memory = false (default)
2019-07-30 23:29:51,863 INFO  server.RaftServerConfigKeys (ConfUtils.java:logGet(43)) - raft.server.log.purge.gap = 1000000000 (custom)
2019-07-30 23:29:51,863 INFO  server.RaftServerConfigKeys (ConfUtils.java:logGet(43)) - raft.server.log.appender.buffer.byte-limit = 33554432 (custom)
2019-07-30 23:29:51,865 INFO  server.RaftServerConfigKeys (ConfUtils.java:logGet(43)) - raft.server.log.segment.size.max = 1048576 (custom)
2019-07-30 23:29:51,870 INFO  server.RaftServerConfigKeys (ConfUtils.java:logGet(43)) - raft.server.log.segment.cache.num.max = 2 (custom)
2019-07-30 23:29:51,876 INFO  segmented.SegmentedRaftLogWorker (SegmentedRaftLogWorker.java:<init>(172)) - new 84dc5f4e-7ff2-4b64-bf2b-05be131382df-SegmentedRaftLogWorker:Storage Directory /workdir/hadoop-ozone/integration-test/target/test-dir/MiniOzoneClusterImpl-6cf7462e-b872-46ae-b611-ddfa7ff0531c/datanode-0/data/ratis/421f0e28-91a5-4ba7-ad59-4393fb605daa for RaftStorage:Storage Directory /workdir/hadoop-ozone/integration-test/target/test-dir/MiniOzoneClusterImpl-6cf7462e-b872-46ae-b611-ddfa7ff0531c/datanode-0/data/ratis/421f0e28-91a5-4ba7-ad59-4393fb605daa
2019-07-30 23:29:51,879 INFO  net.NetworkTopology (NetworkTopologyImpl.java:add(110)) - Added a new node: /default-rack/e5573c90-367f-45c6-b7c8-99ac8857475d
2019-07-30 23:29:51,880 INFO  node.SCMNodeManager (SCMNodeManager.java:register(273)) - Registered Data node : e5573c90-367f-45c6-b7c8-99ac8857475d{ip: 192.168.5.171, host: byscane-nightly-g5r4k-612667210, networkLocation: /default-rack, certSerialId: null}
2019-07-30 23:29:51,891 INFO  server.RaftServerConfigKeys (ConfUtils.java:logGet(43)) - raft.server.log.queue.byte-limit = 2147483647 (custom)
2019-07-30 23:29:51,893 INFO  server.RaftServerConfigKeys (ConfUtils.java:logGet(43)) - raft.server.log.queue.element-limit = 1024 (custom)
2019-07-30 23:29:51,898 INFO  server.RaftServerConfigKeys (ConfUtils.java:logGet(43)) - raft.server.log.segment.size.max = 1048576 (custom)
2019-07-30 23:29:51,898 INFO  server.RaftServerConfigKeys (ConfUtils.java:logGet(43)) - raft.server.log.preallocated.size = 16384 (custom)
2019-07-30 23:29:51,899 INFO  server.RaftServerConfigKeys (ConfUtils.java:logGet(43)) - raft.server.log.write.buffer.size = 33554432 (custom)
2019-07-30 23:29:51,899 INFO  server.RaftServerConfigKeys (ConfUtils.java:logGet(43)) - raft.server.log.force.sync.num = 128 (default)
2019-07-30 23:29:51,900 INFO  server.RaftServerConfigKeys (ConfUtils.java:logGet(43)) - raft.server.log.statemachine.data.sync = true (default)
2019-07-30 23:29:51,901 INFO  server.RaftServerConfigKeys (ConfUtils.java:logGet(43)) - raft.server.log.statemachine.data.sync.timeout = 10s (default)
2019-07-30 23:29:51,901 INFO  server.RaftServerConfigKeys (ConfUtils.java:logGet(43)) - raft.server.log.statemachine.data.sync.timeout.retry = -1 (default)
2019-07-30 23:29:51,910 INFO  server.RaftServerConfigKeys (ConfUtils.java:logGet(43)) - raft.server.log.statemachine.data.caching.enabled = true (custom)
2019-07-30 23:29:51,914 INFO  segmented.SegmentedRaftLogWorker (SegmentedRaftLogWorker.java:lambda$new$0(132)) - 84dc5f4e-7ff2-4b64-bf2b-05be131382df-SegmentedRaftLogWorker:Storage Directory /workdir/hadoop-ozone/integration-test/target/test-dir/MiniOzoneClusterImpl-6cf7462e-b872-46ae-b611-ddfa7ff0531c/datanode-0/data/ratis/421f0e28-91a5-4ba7-ad59-4393fb605daa: flushIndex: setUnconditionally 0 -> -1
2019-07-30 23:29:51,919 INFO  server.RaftServerConfigKeys (ConfUtils.java:logGet(43)) - raft.server.snapshot.auto.trigger.enabled = true (custom)
2019-07-30 23:29:51,920 INFO  server.RaftServerConfigKeys (ConfUtils.java:logGet(43)) - raft.server.snapshot.auto.trigger.threshold = 10000 (custom)
2019-07-30 23:29:51,920 INFO  server.RaftServerConfigKeys (ConfUtils.java:logGet(43)) - raft.server.retrycache.expirytime = 600000ms (custom)
2019-07-30 23:29:51,939 INFO  impl.RaftServerImpl (RaftServerImpl.java:start(180)) - 84dc5f4e-7ff2-4b64-bf2b-05be131382df: start group-4393FB605DAA
2019-07-30 23:29:51,940 INFO  impl.RaftServerImpl (RaftServerImpl.java:setRole(171)) - 84dc5f4e-7ff2-4b64-bf2b-05be131382df:group-4393FB605DAA changes role from null to FOLLOWER at term 0 for startAsFollower
2019-07-30 23:29:51,941 INFO  impl.RoleInfo (RoleInfo.java:updateAndGet(143)) - 84dc5f4e-7ff2-4b64-bf2b-05be131382df: start FollowerState
2019-07-30 23:29:51,943 INFO  util.JmxRegister (JmxRegister.java:tryRegister(44)) - Successfully registered JMX Bean with object name Ratis:service=RaftServer,group=group-4393FB605DAA,id=84dc5f4e-7ff2-4b64-bf2b-05be131382df
2019-07-30 23:29:52,012 INFO  pipeline.PipelineStateManager (PipelineStateManager.java:addPipeline(56)) - Created pipeline Pipeline[ Id: 421f0e28-91a5-4ba7-ad59-4393fb605daa, Nodes: 84dc5f4e-7ff2-4b64-bf2b-05be131382df{ip: 192.168.5.171, host: byscane-nightly-g5r4k-612667210, networkLocation: /default-rack, certSerialId: null}, Type:RATIS, Factor:ONE, State:OPEN]
2019-07-30 23:29:52,046 INFO  impl.RaftServerProxy (RaftServerProxy.java:addNew(89)) - 482141af-8e33-46bb-a95e-fa3dffb5ff50: addNew group-EB4C1F22C60C:[482141af-8e33-46bb-a95e-fa3dffb5ff50:192.168.5.171:46837] returns group-EB4C1F22C60C:java.util.concurrent.CompletableFuture@20666a10[Not completed]
2019-07-30 23:29:52,068 INFO  ozone.MiniOzoneClusterImpl (MiniOzoneClusterImpl.java:lambda$waitForClusterToBeReady$0(142)) - Waiting for cluster to be ready. Got 5 of 6 DN Heartbeats.
2019-07-30 23:29:52,101 INFO  impl.RaftServerImpl (RaftServerImpl.java:<init>(93)) - 482141af-8e33-46bb-a95e-fa3dffb5ff50: new RaftServerImpl for group-EB4C1F22C60C:[482141af-8e33-46bb-a95e-fa3dffb5ff50:192.168.5.171:46837] with ContainerStateMachine:uninitialized
2019-07-30 23:29:52,103 INFO  server.RaftServerConfigKeys (ConfUtils.java:logGet(43)) - raft.server.rpc.timeout.min = 5s (custom)
2019-07-30 23:29:52,104 INFO  server.RaftServerConfigKeys (ConfUtils.java:logGet(43)) - raft.server.rpc.timeout.max = 5200ms (custom)
2019-07-30 23:29:52,104 INFO  net.NetworkTopology (NetworkTopologyImpl.java:add(110)) - Added a new node: /default-rack/be73ec51-8ce9-4d13-9a6f-702b3a3463d6
2019-07-30 23:29:52,104 INFO  server.RaftServerConfigKeys (ConfUtils.java:logGet(43)) - raft.server.rpcslowness.timeout = 120s (custom)
2019-07-30 23:29:52,104 INFO  node.SCMNodeManager (SCMNodeManager.java:register(273)) - Registered Data node : be73ec51-8ce9-4d13-9a6f-702b3a3463d6{ip: 192.168.5.171, host: byscane-nightly-g5r4k-612667210, networkLocation: /default-rack, certSerialId: null}
2019-07-30 23:29:52,104 INFO  server.RaftServerConfigKeys (ConfUtils.java:logGet(43)) - raft.server.sleep.deviation.threshold = 300 (default)
2019-07-30 23:29:52,105 INFO  server.RaftServerConfigKeys (ConfUtils.java:logGet(43)) - raft.server.log.appender.install.snapshot.enabled = false (custom)
2019-07-30 23:29:52,105 INFO  impl.RaftServerImpl (ServerState.java:<init>(105)) - 482141af-8e33-46bb-a95e-fa3dffb5ff50:group-EB4C1F22C60C ConfigurationManager, init=-1: [482141af-8e33-46bb-a95e-fa3dffb5ff50:192.168.5.171:46837], old=null, confs=<EMPTY_MAP>
2019-07-30 23:29:52,105 INFO  server.RaftServerConfigKeys (ConfUtils.java:logGet(43)) - raft.server.storage.dir = [/workdir/hadoop-ozone/integration-test/target/test-dir/MiniOzoneClusterImpl-6cf7462e-b872-46ae-b611-ddfa7ff0531c/datanode-3/data/ratis] (custom)
2019-07-30 23:29:52,106 INFO  storage.RaftStorageDirectory (RaftStorageDirectory.java:analyzeStorage(246)) - The storage directory /workdir/hadoop-ozone/integration-test/target/test-dir/MiniOzoneClusterImpl-6cf7462e-b872-46ae-b611-ddfa7ff0531c/datanode-3/data/ratis/c51a0716-84e9-4931-a245-eb4c1f22c60c does not exist. Creating ...
2019-07-30 23:29:52,112 INFO  storage.RaftStorageDirectory (RaftStorageDirectory.java:tryLock(328)) - Lock on /workdir/hadoop-ozone/integration-test/target/test-dir/MiniOzoneClusterImpl-6cf7462e-b872-46ae-b611-ddfa7ff0531c/datanode-3/data/ratis/c51a0716-84e9-4931-a245-eb4c1f22c60c/in_use.lock acquired by nodename 14754@byscane-nightly-g5r4k-612667210
2019-07-30 23:29:52,115 INFO  storage.RaftStorage (RaftStorage.java:format(72)) - Storage directory /workdir/hadoop-ozone/integration-test/target/test-dir/MiniOzoneClusterImpl-6cf7462e-b872-46ae-b611-ddfa7ff0531c/datanode-3/data/ratis/c51a0716-84e9-4931-a245-eb4c1f22c60c has been successfully formatted.
2019-07-30 23:29:52,117 INFO  ratis.ContainerStateMachine (ContainerStateMachine.java:loadSnapshot(213)) - group-EB4C1F22C60C: The snapshot info is null. Setting the last applied indexto:(t:0, i:~)
2019-07-30 23:29:52,118 INFO  server.RaftServerConfigKeys (ConfUtils.java:logGet(43)) - raft.server.leader.election.timeout = 120s (custom)
2019-07-30 23:29:52,118 INFO  server.RaftServerConfigKeys (ConfUtils.java:logGet(43)) - raft.server.log.use.memory = false (default)
2019-07-30 23:29:52,118 INFO  server.RaftServerConfigKeys (ConfUtils.java:logGet(43)) - raft.server.log.purge.gap = 1000000000 (custom)
2019-07-30 23:29:52,118 INFO  server.RaftServerConfigKeys (ConfUtils.java:logGet(43)) - raft.server.log.appender.buffer.byte-limit = 33554432 (custom)
2019-07-30 23:29:52,119 INFO  server.RaftServerConfigKeys (ConfUtils.java:logGet(43)) - raft.server.log.segment.size.max = 1048576 (custom)
2019-07-30 23:29:52,119 INFO  server.RaftServerConfigKeys (ConfUtils.java:logGet(43)) - raft.server.log.segment.cache.num.max = 2 (custom)
2019-07-30 23:29:52,119 INFO  segmented.SegmentedRaftLogWorker (SegmentedRaftLogWorker.java:<init>(172)) - new 482141af-8e33-46bb-a95e-fa3dffb5ff50-SegmentedRaftLogWorker:Storage Directory /workdir/hadoop-ozone/integration-test/target/test-dir/MiniOzoneClusterImpl-6cf7462e-b872-46ae-b611-ddfa7ff0531c/datanode-3/data/ratis/c51a0716-84e9-4931-a245-eb4c1f22c60c for RaftStorage:Storage Directory /workdir/hadoop-ozone/integration-test/target/test-dir/MiniOzoneClusterImpl-6cf7462e-b872-46ae-b611-ddfa7ff0531c/datanode-3/data/ratis/c51a0716-84e9-4931-a245-eb4c1f22c60c
2019-07-30 23:29:52,120 INFO  server.RaftServerConfigKeys (ConfUtils.java:logGet(43)) - raft.server.log.queue.byte-limit = 2147483647 (custom)
2019-07-30 23:29:52,121 INFO  server.RaftServerConfigKeys (ConfUtils.java:logGet(43)) - raft.server.log.queue.element-limit = 1024 (custom)
2019-07-30 23:29:52,121 INFO  server.RaftServerConfigKeys (ConfUtils.java:logGet(43)) - raft.server.log.segment.size.max = 1048576 (custom)
2019-07-30 23:29:52,121 INFO  server.RaftServerConfigKeys (ConfUtils.java:logGet(43)) - raft.server.log.preallocated.size = 16384 (custom)
2019-07-30 23:29:52,121 INFO  server.RaftServerConfigKeys (ConfUtils.java:logGet(43)) - raft.server.log.write.buffer.size = 33554432 (custom)
2019-07-30 23:29:52,121 INFO  server.RaftServerConfigKeys (ConfUtils.java:logGet(43)) - raft.server.log.force.sync.num = 128 (default)
2019-07-30 23:29:52,122 INFO  server.RaftServerConfigKeys (ConfUtils.java:logGet(43)) - raft.server.log.statemachine.data.sync = true (default)
2019-07-30 23:29:52,122 INFO  server.RaftServerConfigKeys (ConfUtils.java:logGet(43)) - raft.server.log.statemachine.data.sync.timeout = 10s (default)
2019-07-30 23:29:52,122 INFO  server.RaftServerConfigKeys (ConfUtils.java:logGet(43)) - raft.server.log.statemachine.data.sync.timeout.retry = -1 (default)
2019-07-30 23:29:52,122 INFO  server.RaftServerConfigKeys (ConfUtils.java:logGet(43)) - raft.server.log.statemachine.data.caching.enabled = true (custom)
2019-07-30 23:29:52,123 INFO  segmented.SegmentedRaftLogWorker (SegmentedRaftLogWorker.java:lambda$new$0(132)) - 482141af-8e33-46bb-a95e-fa3dffb5ff50-SegmentedRaftLogWorker:Storage Directory /workdir/hadoop-ozone/integration-test/target/test-dir/MiniOzoneClusterImpl-6cf7462e-b872-46ae-b611-ddfa7ff0531c/datanode-3/data/ratis/c51a0716-84e9-4931-a245-eb4c1f22c60c: flushIndex: setUnconditionally 0 -> -1
2019-07-30 23:29:52,123 INFO  server.RaftServerConfigKeys (ConfUtils.java:logGet(43)) - raft.server.snapshot.auto.trigger.enabled = true (custom)
2019-07-30 23:29:52,123 INFO  server.RaftServerConfigKeys (ConfUtils.java:logGet(43)) - raft.server.snapshot.auto.trigger.threshold = 10000 (custom)
2019-07-30 23:29:52,124 INFO  server.RaftServerConfigKeys (ConfUtils.java:logGet(43)) - raft.server.retrycache.expirytime = 600000ms (custom)
2019-07-30 23:29:52,124 INFO  impl.RaftServerImpl (RaftServerImpl.java:start(180)) - 482141af-8e33-46bb-a95e-fa3dffb5ff50: start group-EB4C1F22C60C
2019-07-30 23:29:52,124 INFO  impl.RaftServerImpl (RaftServerImpl.java:setRole(171)) - 482141af-8e33-46bb-a95e-fa3dffb5ff50:group-EB4C1F22C60C changes role from null to FOLLOWER at term 0 for startAsFollower
2019-07-30 23:29:52,124 INFO  impl.RoleInfo (RoleInfo.java:updateAndGet(143)) - 482141af-8e33-46bb-a95e-fa3dffb5ff50: start FollowerState
2019-07-30 23:29:52,126 INFO  util.JmxRegister (JmxRegister.java:tryRegister(44)) - Successfully registered JMX Bean with object name Ratis:service=RaftServer,group=group-EB4C1F22C60C,id=482141af-8e33-46bb-a95e-fa3dffb5ff50
2019-07-30 23:29:52,139 INFO  pipeline.PipelineStateManager (PipelineStateManager.java:addPipeline(56)) - Created pipeline Pipeline[ Id: c51a0716-84e9-4931-a245-eb4c1f22c60c, Nodes: 482141af-8e33-46bb-a95e-fa3dffb5ff50{ip: 192.168.5.171, host: byscane-nightly-g5r4k-612667210, networkLocation: /default-rack, certSerialId: null}, Type:RATIS, Factor:ONE, State:OPEN]
2019-07-30 23:29:52,159 INFO  impl.RaftServerProxy (RaftServerProxy.java:addNew(89)) - e5573c90-367f-45c6-b7c8-99ac8857475d: addNew group-CBD94F3610CB:[e5573c90-367f-45c6-b7c8-99ac8857475d:192.168.5.171:32953] returns group-CBD94F3610CB:java.util.concurrent.CompletableFuture@4be11fba[Not completed]
2019-07-30 23:29:52,167 INFO  impl.RaftServerImpl (RaftServerImpl.java:<init>(93)) - e5573c90-367f-45c6-b7c8-99ac8857475d: new RaftServerImpl for group-CBD94F3610CB:[e5573c90-367f-45c6-b7c8-99ac8857475d:192.168.5.171:32953] with ContainerStateMachine:uninitialized
2019-07-30 23:29:52,168 INFO  server.RaftServerConfigKeys (ConfUtils.java:logGet(43)) - raft.server.rpc.timeout.min = 5s (custom)
2019-07-30 23:29:52,168 INFO  server.RaftServerConfigKeys (ConfUtils.java:logGet(43)) - raft.server.rpc.timeout.max = 5200ms (custom)
2019-07-30 23:29:52,168 INFO  server.RaftServerConfigKeys (ConfUtils.java:logGet(43)) - raft.server.rpcslowness.timeout = 120s (custom)
2019-07-30 23:29:52,169 INFO  server.RaftServerConfigKeys (ConfUtils.java:logGet(43)) - raft.server.sleep.deviation.threshold = 300 (default)
2019-07-30 23:29:52,169 INFO  server.RaftServerConfigKeys (ConfUtils.java:logGet(43)) - raft.server.log.appender.install.snapshot.enabled = false (custom)
2019-07-30 23:29:52,169 INFO  impl.RaftServerImpl (ServerState.java:<init>(105)) - e5573c90-367f-45c6-b7c8-99ac8857475d:group-CBD94F3610CB ConfigurationManager, init=-1: [e5573c90-367f-45c6-b7c8-99ac8857475d:192.168.5.171:32953], old=null, confs=<EMPTY_MAP>
2019-07-30 23:29:52,169 INFO  server.RaftServerConfigKeys (ConfUtils.java:logGet(43)) - raft.server.storage.dir = [/workdir/hadoop-ozone/integration-test/target/test-dir/MiniOzoneClusterImpl-6cf7462e-b872-46ae-b611-ddfa7ff0531c/datanode-4/data/ratis] (custom)
2019-07-30 23:29:52,170 INFO  storage.RaftStorageDirectory (RaftStorageDirectory.java:analyzeStorage(246)) - The storage directory /workdir/hadoop-ozone/integration-test/target/test-dir/MiniOzoneClusterImpl-6cf7462e-b872-46ae-b611-ddfa7ff0531c/datanode-4/data/ratis/8e3e5142-7a9e-4689-a666-cbd94f3610cb does not exist. Creating ...
2019-07-30 23:29:52,181 INFO  storage.RaftStorageDirectory (RaftStorageDirectory.java:tryLock(328)) - Lock on /workdir/hadoop-ozone/integration-test/target/test-dir/MiniOzoneClusterImpl-6cf7462e-b872-46ae-b611-ddfa7ff0531c/datanode-4/data/ratis/8e3e5142-7a9e-4689-a666-cbd94f3610cb/in_use.lock acquired by nodename 14754@byscane-nightly-g5r4k-612667210
2019-07-30 23:29:52,185 INFO  storage.RaftStorage (RaftStorage.java:format(72)) - Storage directory /workdir/hadoop-ozone/integration-test/target/test-dir/MiniOzoneClusterImpl-6cf7462e-b872-46ae-b611-ddfa7ff0531c/datanode-4/data/ratis/8e3e5142-7a9e-4689-a666-cbd94f3610cb has been successfully formatted.
2019-07-30 23:29:52,185 INFO  ratis.ContainerStateMachine (ContainerStateMachine.java:loadSnapshot(213)) - group-CBD94F3610CB: The snapshot info is null. Setting the last applied indexto:(t:0, i:~)
2019-07-30 23:29:52,185 INFO  server.RaftServerConfigKeys (ConfUtils.java:logGet(43)) - raft.server.leader.election.timeout = 120s (custom)
2019-07-30 23:29:52,185 INFO  server.RaftServerConfigKeys (ConfUtils.java:logGet(43)) - raft.server.log.use.memory = false (default)
2019-07-30 23:29:52,185 INFO  server.RaftServerConfigKeys (ConfUtils.java:logGet(43)) - raft.server.log.purge.gap = 1000000000 (custom)
2019-07-30 23:29:52,186 INFO  server.RaftServerConfigKeys (ConfUtils.java:logGet(43)) - raft.server.log.appender.buffer.byte-limit = 33554432 (custom)
2019-07-30 23:29:52,186 INFO  server.RaftServerConfigKeys (ConfUtils.java:logGet(43)) - raft.server.log.segment.size.max = 1048576 (custom)
2019-07-30 23:29:52,186 INFO  server.RaftServerConfigKeys (ConfUtils.java:logGet(43)) - raft.server.log.segment.cache.num.max = 2 (custom)
2019-07-30 23:29:52,186 INFO  segmented.SegmentedRaftLogWorker (SegmentedRaftLogWorker.java:<init>(172)) - new e5573c90-367f-45c6-b7c8-99ac8857475d-SegmentedRaftLogWorker:Storage Directory /workdir/hadoop-ozone/integration-test/target/test-dir/MiniOzoneClusterImpl-6cf7462e-b872-46ae-b611-ddfa7ff0531c/datanode-4/data/ratis/8e3e5142-7a9e-4689-a666-cbd94f3610cb for RaftStorage:Storage Directory /workdir/hadoop-ozone/integration-test/target/test-dir/MiniOzoneClusterImpl-6cf7462e-b872-46ae-b611-ddfa7ff0531c/datanode-4/data/ratis/8e3e5142-7a9e-4689-a666-cbd94f3610cb
2019-07-30 23:29:52,186 INFO  server.RaftServerConfigKeys (ConfUtils.java:logGet(43)) - raft.server.log.queue.byte-limit = 2147483647 (custom)
2019-07-30 23:29:52,186 INFO  server.RaftServerConfigKeys (ConfUtils.java:logGet(43)) - raft.server.log.queue.element-limit = 1024 (custom)
2019-07-30 23:29:52,187 INFO  server.RaftServerConfigKeys (ConfUtils.java:logGet(43)) - raft.server.log.segment.size.max = 1048576 (custom)
2019-07-30 23:29:52,187 INFO  server.RaftServerConfigKeys (ConfUtils.java:logGet(43)) - raft.server.log.preallocated.size = 16384 (custom)
2019-07-30 23:29:52,187 INFO  server.RaftServerConfigKeys (ConfUtils.java:logGet(43)) - raft.server.log.write.buffer.size = 33554432 (custom)
2019-07-30 23:29:52,187 INFO  server.RaftServerConfigKeys (ConfUtils.java:logGet(43)) - raft.server.log.force.sync.num = 128 (default)
2019-07-30 23:29:52,187 INFO  server.RaftServerConfigKeys (ConfUtils.java:logGet(43)) - raft.server.log.statemachine.data.sync = true (default)
2019-07-30 23:29:52,187 INFO  server.RaftServerConfigKeys (ConfUtils.java:logGet(43)) - raft.server.log.statemachine.data.sync.timeout = 10s (default)
2019-07-30 23:29:52,187 INFO  server.RaftServerConfigKeys (ConfUtils.java:logGet(43)) - raft.server.log.statemachine.data.sync.timeout.retry = -1 (default)
2019-07-30 23:29:52,188 INFO  server.RaftServerConfigKeys (ConfUtils.java:logGet(43)) - raft.server.log.statemachine.data.caching.enabled = true (custom)
2019-07-30 23:29:52,188 INFO  segmented.SegmentedRaftLogWorker (SegmentedRaftLogWorker.java:lambda$new$0(132)) - e5573c90-367f-45c6-b7c8-99ac8857475d-SegmentedRaftLogWorker:Storage Directory /workdir/hadoop-ozone/integration-test/target/test-dir/MiniOzoneClusterImpl-6cf7462e-b872-46ae-b611-ddfa7ff0531c/datanode-4/data/ratis/8e3e5142-7a9e-4689-a666-cbd94f3610cb: flushIndex: setUnconditionally 0 -> -1
2019-07-30 23:29:52,188 INFO  server.RaftServerConfigKeys (ConfUtils.java:logGet(43)) - raft.server.snapshot.auto.trigger.enabled = true (custom)
2019-07-30 23:29:52,189 INFO  server.RaftServerConfigKeys (ConfUtils.java:logGet(43)) - raft.server.snapshot.auto.trigger.threshold = 10000 (custom)
2019-07-30 23:29:52,189 INFO  server.RaftServerConfigKeys (ConfUtils.java:logGet(43)) - raft.server.retrycache.expirytime = 600000ms (custom)
2019-07-30 23:29:52,189 INFO  impl.RaftServerImpl (RaftServerImpl.java:start(180)) - e5573c90-367f-45c6-b7c8-99ac8857475d: start group-CBD94F3610CB
2019-07-30 23:29:52,189 INFO  impl.RaftServerImpl (RaftServerImpl.java:setRole(171)) - e5573c90-367f-45c6-b7c8-99ac8857475d:group-CBD94F3610CB changes role from null to FOLLOWER at term 0 for startAsFollower
2019-07-30 23:29:52,189 INFO  impl.RoleInfo (RoleInfo.java:updateAndGet(143)) - e5573c90-367f-45c6-b7c8-99ac8857475d: start FollowerState
2019-07-30 23:29:52,190 INFO  util.JmxRegister (JmxRegister.java:tryRegister(44)) - Successfully registered JMX Bean with object name Ratis:service=RaftServer,group=group-CBD94F3610CB,id=e5573c90-367f-45c6-b7c8-99ac8857475d
2019-07-30 23:29:52,200 INFO  pipeline.PipelineStateManager (PipelineStateManager.java:addPipeline(56)) - Created pipeline Pipeline[ Id: 8e3e5142-7a9e-4689-a666-cbd94f3610cb, Nodes: e5573c90-367f-45c6-b7c8-99ac8857475d{ip: 192.168.5.171, host: byscane-nightly-g5r4k-612667210, networkLocation: /default-rack, certSerialId: null}, Type:RATIS, Factor:ONE, State:OPEN]
2019-07-30 23:29:52,227 INFO  impl.RaftServerProxy (RaftServerProxy.java:addNew(89)) - 2831db6e-e8d4-4ce2-a419-fa624760c1f5: addNew group-AF87FF41DDCE:[2831db6e-e8d4-4ce2-a419-fa624760c1f5:192.168.5.171:34133] returns group-AF87FF41DDCE:java.util.concurrent.CompletableFuture@4bde917b[Not completed]
2019-07-30 23:29:52,229 INFO  impl.RaftServerImpl (RaftServerImpl.java:<init>(93)) - 2831db6e-e8d4-4ce2-a419-fa624760c1f5: new RaftServerImpl for group-AF87FF41DDCE:[2831db6e-e8d4-4ce2-a419-fa624760c1f5:192.168.5.171:34133] with ContainerStateMachine:uninitialized
2019-07-30 23:29:52,231 INFO  server.RaftServerConfigKeys (ConfUtils.java:logGet(43)) - raft.server.rpc.timeout.min = 5s (custom)
2019-07-30 23:29:52,231 INFO  server.RaftServerConfigKeys (ConfUtils.java:logGet(43)) - raft.server.rpc.timeout.max = 5200ms (custom)
2019-07-30 23:29:52,231 INFO  server.RaftServerConfigKeys (ConfUtils.java:logGet(43)) - raft.server.rpcslowness.timeout = 120s (custom)
2019-07-30 23:29:52,231 INFO  server.RaftServerConfigKeys (ConfUtils.java:logGet(43)) - raft.server.sleep.deviation.threshold = 300 (default)
2019-07-30 23:29:52,231 INFO  server.RaftServerConfigKeys (ConfUtils.java:logGet(43)) - raft.server.log.appender.install.snapshot.enabled = false (custom)
2019-07-30 23:29:52,232 INFO  impl.RaftServerImpl (ServerState.java:<init>(105)) - 2831db6e-e8d4-4ce2-a419-fa624760c1f5:group-AF87FF41DDCE ConfigurationManager, init=-1: [2831db6e-e8d4-4ce2-a419-fa624760c1f5:192.168.5.171:34133], old=null, confs=<EMPTY_MAP>
2019-07-30 23:29:52,232 INFO  server.RaftServerConfigKeys (ConfUtils.java:logGet(43)) - raft.server.storage.dir = [/workdir/hadoop-ozone/integration-test/target/test-dir/MiniOzoneClusterImpl-6cf7462e-b872-46ae-b611-ddfa7ff0531c/datanode-1/data/ratis] (custom)
2019-07-30 23:29:52,232 INFO  storage.RaftStorageDirectory (RaftStorageDirectory.java:analyzeStorage(246)) - The storage directory /workdir/hadoop-ozone/integration-test/target/test-dir/MiniOzoneClusterImpl-6cf7462e-b872-46ae-b611-ddfa7ff0531c/datanode-1/data/ratis/1d31d4b6-0c27-4711-ad9b-af87ff41ddce does not exist. Creating ...
2019-07-30 23:29:52,236 INFO  storage.RaftStorageDirectory (RaftStorageDirectory.java:tryLock(328)) - Lock on /workdir/hadoop-ozone/integration-test/target/test-dir/MiniOzoneClusterImpl-6cf7462e-b872-46ae-b611-ddfa7ff0531c/datanode-1/data/ratis/1d31d4b6-0c27-4711-ad9b-af87ff41ddce/in_use.lock acquired by nodename 14754@byscane-nightly-g5r4k-612667210
2019-07-30 23:29:52,243 INFO  storage.RaftStorage (RaftStorage.java:format(72)) - Storage directory /workdir/hadoop-ozone/integration-test/target/test-dir/MiniOzoneClusterImpl-6cf7462e-b872-46ae-b611-ddfa7ff0531c/datanode-1/data/ratis/1d31d4b6-0c27-4711-ad9b-af87ff41ddce has been successfully formatted.
2019-07-30 23:29:52,244 INFO  ratis.ContainerStateMachine (ContainerStateMachine.java:loadSnapshot(213)) - group-AF87FF41DDCE: The snapshot info is null. Setting the last applied indexto:(t:0, i:~)
2019-07-30 23:29:52,244 INFO  server.RaftServerConfigKeys (ConfUtils.java:logGet(43)) - raft.server.leader.election.timeout = 120s (custom)
2019-07-30 23:29:52,244 INFO  server.RaftServerConfigKeys (ConfUtils.java:logGet(43)) - raft.server.log.use.memory = false (default)
2019-07-30 23:29:52,245 INFO  server.RaftServerConfigKeys (ConfUtils.java:logGet(43)) - raft.server.log.purge.gap = 1000000000 (custom)
2019-07-30 23:29:52,245 INFO  server.RaftServerConfigKeys (ConfUtils.java:logGet(43)) - raft.server.log.appender.buffer.byte-limit = 33554432 (custom)
2019-07-30 23:29:52,245 INFO  server.RaftServerConfigKeys (ConfUtils.java:logGet(43)) - raft.server.log.segment.size.max = 1048576 (custom)
2019-07-30 23:29:52,245 INFO  server.RaftServerConfigKeys (ConfUtils.java:logGet(43)) - raft.server.log.segment.cache.num.max = 2 (custom)
2019-07-30 23:29:52,245 INFO  segmented.SegmentedRaftLogWorker (SegmentedRaftLogWorker.java:<init>(172)) - new 2831db6e-e8d4-4ce2-a419-fa624760c1f5-SegmentedRaftLogWorker:Storage Directory /workdir/hadoop-ozone/integration-test/target/test-dir/MiniOzoneClusterImpl-6cf7462e-b872-46ae-b611-ddfa7ff0531c/datanode-1/data/ratis/1d31d4b6-0c27-4711-ad9b-af87ff41ddce for RaftStorage:Storage Directory /workdir/hadoop-ozone/integration-test/target/test-dir/MiniOzoneClusterImpl-6cf7462e-b872-46ae-b611-ddfa7ff0531c/datanode-1/data/ratis/1d31d4b6-0c27-4711-ad9b-af87ff41ddce
2019-07-30 23:29:52,246 INFO  server.RaftServerConfigKeys (ConfUtils.java:logGet(43)) - raft.server.log.queue.byte-limit = 2147483647 (custom)
2019-07-30 23:29:52,246 INFO  server.RaftServerConfigKeys (ConfUtils.java:logGet(43)) - raft.server.log.queue.element-limit = 1024 (custom)
2019-07-30 23:29:52,246 INFO  server.RaftServerConfigKeys (ConfUtils.java:logGet(43)) - raft.server.log.segment.size.max = 1048576 (custom)
2019-07-30 23:29:52,246 INFO  server.RaftServerConfigKeys (ConfUtils.java:logGet(43)) - raft.server.log.preallocated.size = 16384 (custom)
2019-07-30 23:29:52,247 INFO  server.RaftServerConfigKeys (ConfUtils.java:logGet(43)) - raft.server.log.write.buffer.size = 33554432 (custom)
2019-07-30 23:29:52,247 INFO  server.RaftServerConfigKeys (ConfUtils.java:logGet(43)) - raft.server.log.force.sync.num = 128 (default)
2019-07-30 23:29:52,247 INFO  server.RaftServerConfigKeys (ConfUtils.java:logGet(43)) - raft.server.log.statemachine.data.sync = true (default)
2019-07-30 23:29:52,248 INFO  server.RaftServerConfigKeys (ConfUtils.java:logGet(43)) - raft.server.log.statemachine.data.sync.timeout = 10s (default)
2019-07-30 23:29:52,248 INFO  server.RaftServerConfigKeys (ConfUtils.java:logGet(43)) - raft.server.log.statemachine.data.sync.timeout.retry = -1 (default)
2019-07-30 23:29:52,248 INFO  server.RaftServerConfigKeys (ConfUtils.java:logGet(43)) - raft.server.log.statemachine.data.caching.enabled = true (custom)
2019-07-30 23:29:52,249 INFO  segmented.SegmentedRaftLogWorker (SegmentedRaftLogWorker.java:lambda$new$0(132)) - 2831db6e-e8d4-4ce2-a419-fa624760c1f5-SegmentedRaftLogWorker:Storage Directory /workdir/hadoop-ozone/integration-test/target/test-dir/MiniOzoneClusterImpl-6cf7462e-b872-46ae-b611-ddfa7ff0531c/datanode-1/data/ratis/1d31d4b6-0c27-4711-ad9b-af87ff41ddce: flushIndex: setUnconditionally 0 -> -1
2019-07-30 23:29:52,249 INFO  server.RaftServerConfigKeys (ConfUtils.java:logGet(43)) - raft.server.snapshot.auto.trigger.enabled = true (custom)
2019-07-30 23:29:52,249 INFO  server.RaftServerConfigKeys (ConfUtils.java:logGet(43)) - raft.server.snapshot.auto.trigger.threshold = 10000 (custom)
2019-07-30 23:29:52,250 INFO  server.RaftServerConfigKeys (ConfUtils.java:logGet(43)) - raft.server.retrycache.expirytime = 600000ms (custom)
2019-07-30 23:29:52,250 INFO  impl.RaftServerImpl (RaftServerImpl.java:start(180)) - 2831db6e-e8d4-4ce2-a419-fa624760c1f5: start group-AF87FF41DDCE
2019-07-30 23:29:52,250 INFO  impl.RaftServerImpl (RaftServerImpl.java:setRole(171)) - 2831db6e-e8d4-4ce2-a419-fa624760c1f5:group-AF87FF41DDCE changes role from null to FOLLOWER at term 0 for startAsFollower
2019-07-30 23:29:52,250 INFO  impl.RoleInfo (RoleInfo.java:updateAndGet(143)) - 2831db6e-e8d4-4ce2-a419-fa624760c1f5: start FollowerState
2019-07-30 23:29:52,251 INFO  util.JmxRegister (JmxRegister.java:tryRegister(44)) - Successfully registered JMX Bean with object name Ratis:service=RaftServer,group=group-AF87FF41DDCE,id=2831db6e-e8d4-4ce2-a419-fa624760c1f5
2019-07-30 23:29:52,263 INFO  pipeline.PipelineStateManager (PipelineStateManager.java:addPipeline(56)) - Created pipeline Pipeline[ Id: 1d31d4b6-0c27-4711-ad9b-af87ff41ddce, Nodes: 2831db6e-e8d4-4ce2-a419-fa624760c1f5{ip: 192.168.5.171, host: byscane-nightly-g5r4k-612667210, networkLocation: /default-rack, certSerialId: null}, Type:RATIS, Factor:ONE, State:OPEN]
2019-07-30 23:29:52,288 INFO  impl.RaftServerProxy (RaftServerProxy.java:addNew(89)) - 52c807aa-c5f6-460b-9daa-ff08ec66c080: addNew group-DC75E866E80A:[52c807aa-c5f6-460b-9daa-ff08ec66c080:192.168.5.171:42405] returns group-DC75E866E80A:java.util.concurrent.CompletableFuture@328110bc[Not completed]
2019-07-30 23:29:52,290 INFO  impl.RaftServerImpl (RaftServerImpl.java:<init>(93)) - 52c807aa-c5f6-460b-9daa-ff08ec66c080: new RaftServerImpl for group-DC75E866E80A:[52c807aa-c5f6-460b-9daa-ff08ec66c080:192.168.5.171:42405] with ContainerStateMachine:uninitialized
2019-07-30 23:29:52,292 INFO  server.RaftServerConfigKeys (ConfUtils.java:logGet(43)) - raft.server.rpc.timeout.min = 5s (custom)
2019-07-30 23:29:52,292 INFO  server.RaftServerConfigKeys (ConfUtils.java:logGet(43)) - raft.server.rpc.timeout.max = 5200ms (custom)
2019-07-30 23:29:52,292 INFO  server.RaftServerConfigKeys (ConfUtils.java:logGet(43)) - raft.server.rpcslowness.timeout = 120s (custom)
2019-07-30 23:29:52,292 INFO  server.RaftServerConfigKeys (ConfUtils.java:logGet(43)) - raft.server.sleep.deviation.threshold = 300 (default)
2019-07-30 23:29:52,293 INFO  server.RaftServerConfigKeys (ConfUtils.java:logGet(43)) - raft.server.log.appender.install.snapshot.enabled = false (custom)
2019-07-30 23:29:52,293 INFO  impl.RaftServerImpl (ServerState.java:<init>(105)) - 52c807aa-c5f6-460b-9daa-ff08ec66c080:group-DC75E866E80A ConfigurationManager, init=-1: [52c807aa-c5f6-460b-9daa-ff08ec66c080:192.168.5.171:42405], old=null, confs=<EMPTY_MAP>
2019-07-30 23:29:52,293 INFO  server.RaftServerConfigKeys (ConfUtils.java:logGet(43)) - raft.server.storage.dir = [/workdir/hadoop-ozone/integration-test/target/test-dir/MiniOzoneClusterImpl-6cf7462e-b872-46ae-b611-ddfa7ff0531c/datanode-2/data/ratis] (custom)
2019-07-30 23:29:52,293 INFO  storage.RaftStorageDirectory (RaftStorageDirectory.java:analyzeStorage(246)) - The storage directory /workdir/hadoop-ozone/integration-test/target/test-dir/MiniOzoneClusterImpl-6cf7462e-b872-46ae-b611-ddfa7ff0531c/datanode-2/data/ratis/4f59213d-a661-4015-b568-dc75e866e80a does not exist. Creating ...
2019-07-30 23:29:52,316 INFO  storage.RaftStorageDirectory (RaftStorageDirectory.java:tryLock(328)) - Lock on /workdir/hadoop-ozone/integration-test/target/test-dir/MiniOzoneClusterImpl-6cf7462e-b872-46ae-b611-ddfa7ff0531c/datanode-2/data/ratis/4f59213d-a661-4015-b568-dc75e866e80a/in_use.lock acquired by nodename 14754@byscane-nightly-g5r4k-612667210
2019-07-30 23:29:52,319 INFO  storage.RaftStorage (RaftStorage.java:format(72)) - Storage directory /workdir/hadoop-ozone/integration-test/target/test-dir/MiniOzoneClusterImpl-6cf7462e-b872-46ae-b611-ddfa7ff0531c/datanode-2/data/ratis/4f59213d-a661-4015-b568-dc75e866e80a has been successfully formatted.
2019-07-30 23:29:52,320 INFO  ratis.ContainerStateMachine (ContainerStateMachine.java:loadSnapshot(213)) - group-DC75E866E80A: The snapshot info is null. Setting the last applied indexto:(t:0, i:~)
2019-07-30 23:29:52,320 INFO  server.RaftServerConfigKeys (ConfUtils.java:logGet(43)) - raft.server.leader.election.timeout = 120s (custom)
2019-07-30 23:29:52,320 INFO  server.RaftServerConfigKeys (ConfUtils.java:logGet(43)) - raft.server.log.use.memory = false (default)
2019-07-30 23:29:52,320 INFO  server.RaftServerConfigKeys (ConfUtils.java:logGet(43)) - raft.server.log.purge.gap = 1000000000 (custom)
2019-07-30 23:29:52,321 INFO  server.RaftServerConfigKeys (ConfUtils.java:logGet(43)) - raft.server.log.appender.buffer.byte-limit = 33554432 (custom)
2019-07-30 23:29:52,321 INFO  server.RaftServerConfigKeys (ConfUtils.java:logGet(43)) - raft.server.log.segment.size.max = 1048576 (custom)
2019-07-30 23:29:52,321 INFO  server.RaftServerConfigKeys (ConfUtils.java:logGet(43)) - raft.server.log.segment.cache.num.max = 2 (custom)
2019-07-30 23:29:52,321 INFO  segmented.SegmentedRaftLogWorker (SegmentedRaftLogWorker.java:<init>(172)) - new 52c807aa-c5f6-460b-9daa-ff08ec66c080-SegmentedRaftLogWorker:Storage Directory /workdir/hadoop-ozone/integration-test/target/test-dir/MiniOzoneClusterImpl-6cf7462e-b872-46ae-b611-ddfa7ff0531c/datanode-2/data/ratis/4f59213d-a661-4015-b568-dc75e866e80a for RaftStorage:Storage Directory /workdir/hadoop-ozone/integration-test/target/test-dir/MiniOzoneClusterImpl-6cf7462e-b872-46ae-b611-ddfa7ff0531c/datanode-2/data/ratis/4f59213d-a661-4015-b568-dc75e866e80a
2019-07-30 23:29:52,321 INFO  server.RaftServerConfigKeys (ConfUtils.java:logGet(43)) - raft.server.log.queue.byte-limit = 2147483647 (custom)
2019-07-30 23:29:52,322 INFO  server.RaftServerConfigKeys (ConfUtils.java:logGet(43)) - raft.server.log.queue.element-limit = 1024 (custom)
2019-07-30 23:29:52,322 INFO  server.RaftServerConfigKeys (ConfUtils.java:logGet(43)) - raft.server.log.segment.size.max = 1048576 (custom)
2019-07-30 23:29:52,322 INFO  server.RaftServerConfigKeys (ConfUtils.java:logGet(43)) - raft.server.log.preallocated.size = 16384 (custom)
2019-07-30 23:29:52,322 INFO  server.RaftServerConfigKeys (ConfUtils.java:logGet(43)) - raft.server.log.write.buffer.size = 33554432 (custom)
2019-07-30 23:29:52,323 INFO  server.RaftServerConfigKeys (ConfUtils.java:logGet(43)) - raft.server.log.force.sync.num = 128 (default)
2019-07-30 23:29:52,323 INFO  server.RaftServerConfigKeys (ConfUtils.java:logGet(43)) - raft.server.log.statemachine.data.sync = true (default)
2019-07-30 23:29:52,323 INFO  server.RaftServerConfigKeys (ConfUtils.java:logGet(43)) - raft.server.log.statemachine.data.sync.timeout = 10s (default)
2019-07-30 23:29:52,323 INFO  server.RaftServerConfigKeys (ConfUtils.java:logGet(43)) - raft.server.log.statemachine.data.sync.timeout.retry = -1 (default)
2019-07-30 23:29:52,324 INFO  server.RaftServerConfigKeys (ConfUtils.java:logGet(43)) - raft.server.log.statemachine.data.caching.enabled = true (custom)
2019-07-30 23:29:52,324 INFO  segmented.SegmentedRaftLogWorker (SegmentedRaftLogWorker.java:lambda$new$0(132)) - 52c807aa-c5f6-460b-9daa-ff08ec66c080-SegmentedRaftLogWorker:Storage Directory /workdir/hadoop-ozone/integration-test/target/test-dir/MiniOzoneClusterImpl-6cf7462e-b872-46ae-b611-ddfa7ff0531c/datanode-2/data/ratis/4f59213d-a661-4015-b568-dc75e866e80a: flushIndex: setUnconditionally 0 -> -1
2019-07-30 23:29:52,325 INFO  server.RaftServerConfigKeys (ConfUtils.java:logGet(43)) - raft.server.snapshot.auto.trigger.enabled = true (custom)
2019-07-30 23:29:52,325 INFO  server.RaftServerConfigKeys (ConfUtils.java:logGet(43)) - raft.server.snapshot.auto.trigger.threshold = 10000 (custom)
2019-07-30 23:29:52,325 INFO  server.RaftServerConfigKeys (ConfUtils.java:logGet(43)) - raft.server.retrycache.expirytime = 600000ms (custom)
2019-07-30 23:29:52,325 INFO  impl.RaftServerImpl (RaftServerImpl.java:start(180)) - 52c807aa-c5f6-460b-9daa-ff08ec66c080: start group-DC75E866E80A
2019-07-30 23:29:52,325 INFO  impl.RaftServerImpl (RaftServerImpl.java:setRole(171)) - 52c807aa-c5f6-460b-9daa-ff08ec66c080:group-DC75E866E80A changes role from null to FOLLOWER at term 0 for startAsFollower
2019-07-30 23:29:52,326 INFO  impl.RoleInfo (RoleInfo.java:updateAndGet(143)) - 52c807aa-c5f6-460b-9daa-ff08ec66c080: start FollowerState
2019-07-30 23:29:52,326 INFO  util.JmxRegister (JmxRegister.java:tryRegister(44)) - Successfully registered JMX Bean with object name Ratis:service=RaftServer,group=group-DC75E866E80A,id=52c807aa-c5f6-460b-9daa-ff08ec66c080
2019-07-30 23:29:52,340 INFO  pipeline.PipelineStateManager (PipelineStateManager.java:addPipeline(56)) - Created pipeline Pipeline[ Id: 4f59213d-a661-4015-b568-dc75e866e80a, Nodes: 52c807aa-c5f6-460b-9daa-ff08ec66c080{ip: 192.168.5.171, host: byscane-nightly-g5r4k-612667210, networkLocation: /default-rack, certSerialId: null}, Type:RATIS, Factor:ONE, State:OPEN]
2019-07-30 23:29:52,371 INFO  impl.RaftServerProxy (RaftServerProxy.java:addNew(89)) - be73ec51-8ce9-4d13-9a6f-702b3a3463d6: addNew group-74EB3DF9C746:[be73ec51-8ce9-4d13-9a6f-702b3a3463d6:192.168.5.171:41564] returns group-74EB3DF9C746:java.util.concurrent.CompletableFuture@2ad71f8d[Not completed]
2019-07-30 23:29:52,373 INFO  impl.RaftServerImpl (RaftServerImpl.java:<init>(93)) - be73ec51-8ce9-4d13-9a6f-702b3a3463d6: new RaftServerImpl for group-74EB3DF9C746:[be73ec51-8ce9-4d13-9a6f-702b3a3463d6:192.168.5.171:41564] with ContainerStateMachine:uninitialized
2019-07-30 23:29:52,375 INFO  server.RaftServerConfigKeys (ConfUtils.java:logGet(43)) - raft.server.rpc.timeout.min = 5s (custom)
2019-07-30 23:29:52,375 INFO  server.RaftServerConfigKeys (ConfUtils.java:logGet(43)) - raft.server.rpc.timeout.max = 5200ms (custom)
2019-07-30 23:29:52,375 INFO  server.RaftServerConfigKeys (ConfUtils.java:logGet(43)) - raft.server.rpcslowness.timeout = 120s (custom)
2019-07-30 23:29:52,375 INFO  server.RaftServerConfigKeys (ConfUtils.java:logGet(43)) - raft.server.sleep.deviation.threshold = 300 (default)
2019-07-30 23:29:52,376 INFO  server.RaftServerConfigKeys (ConfUtils.java:logGet(43)) - raft.server.log.appender.install.snapshot.enabled = false (custom)
2019-07-30 23:29:52,376 INFO  impl.RaftServerImpl (ServerState.java:<init>(105)) - be73ec51-8ce9-4d13-9a6f-702b3a3463d6:group-74EB3DF9C746 ConfigurationManager, init=-1: [be73ec51-8ce9-4d13-9a6f-702b3a3463d6:192.168.5.171:41564], old=null, confs=<EMPTY_MAP>
2019-07-30 23:29:52,376 INFO  server.RaftServerConfigKeys (ConfUtils.java:logGet(43)) - raft.server.storage.dir = [/workdir/hadoop-ozone/integration-test/target/test-dir/MiniOzoneClusterImpl-6cf7462e-b872-46ae-b611-ddfa7ff0531c/datanode-5/data/ratis] (custom)
2019-07-30 23:29:52,377 INFO  storage.RaftStorageDirectory (RaftStorageDirectory.java:analyzeStorage(246)) - The storage directory /workdir/hadoop-ozone/integration-test/target/test-dir/MiniOzoneClusterImpl-6cf7462e-b872-46ae-b611-ddfa7ff0531c/datanode-5/data/ratis/a01aa563-5b76-4b3c-bc32-74eb3df9c746 does not exist. Creating ...
2019-07-30 23:29:52,389 INFO  storage.RaftStorageDirectory (RaftStorageDirectory.java:tryLock(328)) - Lock on /workdir/hadoop-ozone/integration-test/target/test-dir/MiniOzoneClusterImpl-6cf7462e-b872-46ae-b611-ddfa7ff0531c/datanode-5/data/ratis/a01aa563-5b76-4b3c-bc32-74eb3df9c746/in_use.lock acquired by nodename 14754@byscane-nightly-g5r4k-612667210
2019-07-30 23:29:52,393 INFO  storage.RaftStorage (RaftStorage.java:format(72)) - Storage directory /workdir/hadoop-ozone/integration-test/target/test-dir/MiniOzoneClusterImpl-6cf7462e-b872-46ae-b611-ddfa7ff0531c/datanode-5/data/ratis/a01aa563-5b76-4b3c-bc32-74eb3df9c746 has been successfully formatted.
2019-07-30 23:29:52,393 INFO  ratis.ContainerStateMachine (ContainerStateMachine.java:loadSnapshot(213)) - group-74EB3DF9C746: The snapshot info is null. Setting the last applied indexto:(t:0, i:~)
2019-07-30 23:29:52,393 INFO  server.RaftServerConfigKeys (ConfUtils.java:logGet(43)) - raft.server.leader.election.timeout = 120s (custom)
2019-07-30 23:29:52,394 INFO  server.RaftServerConfigKeys (ConfUtils.java:logGet(43)) - raft.server.log.use.memory = false (default)
2019-07-30 23:29:52,394 INFO  server.RaftServerConfigKeys (ConfUtils.java:logGet(43)) - raft.server.log.purge.gap = 1000000000 (custom)
2019-07-30 23:29:52,394 INFO  server.RaftServerConfigKeys (ConfUtils.java:logGet(43)) - raft.server.log.appender.buffer.byte-limit = 33554432 (custom)
2019-07-30 23:29:52,394 INFO  server.RaftServerConfigKeys (ConfUtils.java:logGet(43)) - raft.server.log.segment.size.max = 1048576 (custom)
2019-07-30 23:29:52,394 INFO  server.RaftServerConfigKeys (ConfUtils.java:logGet(43)) - raft.server.log.segment.cache.num.max = 2 (custom)
2019-07-30 23:29:52,395 INFO  segmented.SegmentedRaftLogWorker (SegmentedRaftLogWorker.java:<init>(172)) - new be73ec51-8ce9-4d13-9a6f-702b3a3463d6-SegmentedRaftLogWorker:Storage Directory /workdir/hadoop-ozone/integration-test/target/test-dir/MiniOzoneClusterImpl-6cf7462e-b872-46ae-b611-ddfa7ff0531c/datanode-5/data/ratis/a01aa563-5b76-4b3c-bc32-74eb3df9c746 for RaftStorage:Storage Directory /workdir/hadoop-ozone/integration-test/target/test-dir/MiniOzoneClusterImpl-6cf7462e-b872-46ae-b611-ddfa7ff0531c/datanode-5/data/ratis/a01aa563-5b76-4b3c-bc32-74eb3df9c746
2019-07-30 23:29:52,395 INFO  server.RaftServerConfigKeys (ConfUtils.java:logGet(43)) - raft.server.log.queue.byte-limit = 2147483647 (custom)
2019-07-30 23:29:52,395 INFO  server.RaftServerConfigKeys (ConfUtils.java:logGet(43)) - raft.server.log.queue.element-limit = 1024 (custom)
2019-07-30 23:29:52,395 INFO  server.RaftServerConfigKeys (ConfUtils.java:logGet(43)) - raft.server.log.segment.size.max = 1048576 (custom)
2019-07-30 23:29:52,395 INFO  server.RaftServerConfigKeys (ConfUtils.java:logGet(43)) - raft.server.log.preallocated.size = 16384 (custom)
2019-07-30 23:29:52,396 INFO  server.RaftServerConfigKeys (ConfUtils.java:logGet(43)) - raft.server.log.write.buffer.size = 33554432 (custom)
2019-07-30 23:29:52,396 INFO  server.RaftServerConfigKeys (ConfUtils.java:logGet(43)) - raft.server.log.force.sync.num = 128 (default)
2019-07-30 23:29:52,396 INFO  server.RaftServerConfigKeys (ConfUtils.java:logGet(43)) - raft.server.log.statemachine.data.sync = true (default)
2019-07-30 23:29:52,396 INFO  server.RaftServerConfigKeys (ConfUtils.java:logGet(43)) - raft.server.log.statemachine.data.sync.timeout = 10s (default)
2019-07-30 23:29:52,396 INFO  server.RaftServerConfigKeys (ConfUtils.java:logGet(43)) - raft.server.log.statemachine.data.sync.timeout.retry = -1 (default)
2019-07-30 23:29:52,397 INFO  server.RaftServerConfigKeys (ConfUtils.java:logGet(43)) - raft.server.log.statemachine.data.caching.enabled = true (custom)
2019-07-30 23:29:52,397 INFO  segmented.SegmentedRaftLogWorker (SegmentedRaftLogWorker.java:lambda$new$0(132)) - be73ec51-8ce9-4d13-9a6f-702b3a3463d6-SegmentedRaftLogWorker:Storage Directory /workdir/hadoop-ozone/integration-test/target/test-dir/MiniOzoneClusterImpl-6cf7462e-b872-46ae-b611-ddfa7ff0531c/datanode-5/data/ratis/a01aa563-5b76-4b3c-bc32-74eb3df9c746: flushIndex: setUnconditionally 0 -> -1
2019-07-30 23:29:52,398 INFO  server.RaftServerConfigKeys (ConfUtils.java:logGet(43)) - raft.server.snapshot.auto.trigger.enabled = true (custom)
2019-07-30 23:29:52,398 INFO  server.RaftServerConfigKeys (ConfUtils.java:logGet(43)) - raft.server.snapshot.auto.trigger.threshold = 10000 (custom)
2019-07-30 23:29:52,398 INFO  server.RaftServerConfigKeys (ConfUtils.java:logGet(43)) - raft.server.retrycache.expirytime = 600000ms (custom)
2019-07-30 23:29:52,398 INFO  impl.RaftServerImpl (RaftServerImpl.java:start(180)) - be73ec51-8ce9-4d13-9a6f-702b3a3463d6: start group-74EB3DF9C746
2019-07-30 23:29:52,399 INFO  impl.RaftServerImpl (RaftServerImpl.java:setRole(171)) - be73ec51-8ce9-4d13-9a6f-702b3a3463d6:group-74EB3DF9C746 changes role from null to FOLLOWER at term 0 for startAsFollower
2019-07-30 23:29:52,399 INFO  impl.RoleInfo (RoleInfo.java:updateAndGet(143)) - be73ec51-8ce9-4d13-9a6f-702b3a3463d6: start FollowerState
2019-07-30 23:29:52,399 INFO  util.JmxRegister (JmxRegister.java:tryRegister(44)) - Successfully registered JMX Bean with object name Ratis:service=RaftServer,group=group-74EB3DF9C746,id=be73ec51-8ce9-4d13-9a6f-702b3a3463d6
2019-07-30 23:29:52,412 INFO  pipeline.PipelineStateManager (PipelineStateManager.java:addPipeline(56)) - Created pipeline Pipeline[ Id: a01aa563-5b76-4b3c-bc32-74eb3df9c746, Nodes: be73ec51-8ce9-4d13-9a6f-702b3a3463d6{ip: 192.168.5.171, host: byscane-nightly-g5r4k-612667210, networkLocation: /default-rack, certSerialId: null}, Type:RATIS, Factor:ONE, State:OPEN]
2019-07-30 23:29:52,452 INFO  impl.RaftServerProxy (RaftServerProxy.java:addNew(89)) - e5573c90-367f-45c6-b7c8-99ac8857475d: addNew group-56EA78762C33:[482141af-8e33-46bb-a95e-fa3dffb5ff50:192.168.5.171:46837, 2831db6e-e8d4-4ce2-a419-fa624760c1f5:192.168.5.171:34133, e5573c90-367f-45c6-b7c8-99ac8857475d:192.168.5.171:32953] returns group-56EA78762C33:java.util.concurrent.CompletableFuture@2c959926[Not completed]
2019-07-30 23:29:52,456 INFO  impl.RaftServerProxy (RaftServerProxy.java:addNew(89)) - 482141af-8e33-46bb-a95e-fa3dffb5ff50: addNew group-56EA78762C33:[482141af-8e33-46bb-a95e-fa3dffb5ff50:192.168.5.171:46837, 2831db6e-e8d4-4ce2-a419-fa624760c1f5:192.168.5.171:34133, e5573c90-367f-45c6-b7c8-99ac8857475d:192.168.5.171:32953] returns group-56EA78762C33:java.util.concurrent.CompletableFuture@1df3573e[Not completed]
2019-07-30 23:29:52,456 INFO  impl.RaftServerProxy (RaftServerProxy.java:addNew(89)) - 2831db6e-e8d4-4ce2-a419-fa624760c1f5: addNew group-56EA78762C33:[482141af-8e33-46bb-a95e-fa3dffb5ff50:192.168.5.171:46837, 2831db6e-e8d4-4ce2-a419-fa624760c1f5:192.168.5.171:34133, e5573c90-367f-45c6-b7c8-99ac8857475d:192.168.5.171:32953] returns group-56EA78762C33:java.util.concurrent.CompletableFuture@45012ba2[Not completed]
2019-07-30 23:29:52,457 INFO  impl.RaftServerImpl (RaftServerImpl.java:<init>(93)) - e5573c90-367f-45c6-b7c8-99ac8857475d: new RaftServerImpl for group-56EA78762C33:[482141af-8e33-46bb-a95e-fa3dffb5ff50:192.168.5.171:46837, 2831db6e-e8d4-4ce2-a419-fa624760c1f5:192.168.5.171:34133, e5573c90-367f-45c6-b7c8-99ac8857475d:192.168.5.171:32953] with ContainerStateMachine:uninitialized
2019-07-30 23:29:52,457 INFO  server.RaftServerConfigKeys (ConfUtils.java:logGet(43)) - raft.server.rpc.timeout.min = 5s (custom)
2019-07-30 23:29:52,457 INFO  server.RaftServerConfigKeys (ConfUtils.java:logGet(43)) - raft.server.rpc.timeout.max = 5200ms (custom)
2019-07-30 23:29:52,457 INFO  server.RaftServerConfigKeys (ConfUtils.java:logGet(43)) - raft.server.rpcslowness.timeout = 120s (custom)
2019-07-30 23:29:52,457 INFO  server.RaftServerConfigKeys (ConfUtils.java:logGet(43)) - raft.server.sleep.deviation.threshold = 300 (default)
2019-07-30 23:29:52,457 INFO  server.RaftServerConfigKeys (ConfUtils.java:logGet(43)) - raft.server.log.appender.install.snapshot.enabled = false (custom)
2019-07-30 23:29:52,458 INFO  impl.RaftServerImpl (ServerState.java:<init>(105)) - e5573c90-367f-45c6-b7c8-99ac8857475d:group-56EA78762C33 ConfigurationManager, init=-1: [482141af-8e33-46bb-a95e-fa3dffb5ff50:192.168.5.171:46837, 2831db6e-e8d4-4ce2-a419-fa624760c1f5:192.168.5.171:34133, e5573c90-367f-45c6-b7c8-99ac8857475d:192.168.5.171:32953], old=null, confs=<EMPTY_MAP>
2019-07-30 23:29:52,458 INFO  server.RaftServerConfigKeys (ConfUtils.java:logGet(43)) - raft.server.storage.dir = [/workdir/hadoop-ozone/integration-test/target/test-dir/MiniOzoneClusterImpl-6cf7462e-b872-46ae-b611-ddfa7ff0531c/datanode-4/data/ratis] (custom)
2019-07-30 23:29:52,458 INFO  impl.RaftServerImpl (RaftServerImpl.java:<init>(93)) - 482141af-8e33-46bb-a95e-fa3dffb5ff50: new RaftServerImpl for group-56EA78762C33:[482141af-8e33-46bb-a95e-fa3dffb5ff50:192.168.5.171:46837, 2831db6e-e8d4-4ce2-a419-fa624760c1f5:192.168.5.171:34133, e5573c90-367f-45c6-b7c8-99ac8857475d:192.168.5.171:32953] with ContainerStateMachine:uninitialized
2019-07-30 23:29:52,458 INFO  storage.RaftStorageDirectory (RaftStorageDirectory.java:analyzeStorage(246)) - The storage directory /workdir/hadoop-ozone/integration-test/target/test-dir/MiniOzoneClusterImpl-6cf7462e-b872-46ae-b611-ddfa7ff0531c/datanode-4/data/ratis/149dfe82-b13a-4bcf-9a1e-56ea78762c33 does not exist. Creating ...
2019-07-30 23:29:52,458 INFO  server.RaftServerConfigKeys (ConfUtils.java:logGet(43)) - raft.server.rpc.timeout.min = 5s (custom)
2019-07-30 23:29:52,459 INFO  server.RaftServerConfigKeys (ConfUtils.java:logGet(43)) - raft.server.rpc.timeout.max = 5200ms (custom)
2019-07-30 23:29:52,459 INFO  server.RaftServerConfigKeys (ConfUtils.java:logGet(43)) - raft.server.rpcslowness.timeout = 120s (custom)
2019-07-30 23:29:52,459 INFO  server.RaftServerConfigKeys (ConfUtils.java:logGet(43)) - raft.server.sleep.deviation.threshold = 300 (default)
2019-07-30 23:29:52,459 INFO  impl.RaftServerImpl (RaftServerImpl.java:<init>(93)) - 2831db6e-e8d4-4ce2-a419-fa624760c1f5: new RaftServerImpl for group-56EA78762C33:[482141af-8e33-46bb-a95e-fa3dffb5ff50:192.168.5.171:46837, 2831db6e-e8d4-4ce2-a419-fa624760c1f5:192.168.5.171:34133, e5573c90-367f-45c6-b7c8-99ac8857475d:192.168.5.171:32953] with ContainerStateMachine:uninitialized
2019-07-30 23:29:52,459 INFO  server.RaftServerConfigKeys (ConfUtils.java:logGet(43)) - raft.server.log.appender.install.snapshot.enabled = false (custom)
2019-07-30 23:29:52,460 INFO  server.RaftServerConfigKeys (ConfUtils.java:logGet(43)) - raft.server.rpc.timeout.min = 5s (custom)
2019-07-30 23:29:52,460 INFO  impl.RaftServerImpl (ServerState.java:<init>(105)) - 482141af-8e33-46bb-a95e-fa3dffb5ff50:group-56EA78762C33 ConfigurationManager, init=-1: [482141af-8e33-46bb-a95e-fa3dffb5ff50:192.168.5.171:46837, 2831db6e-e8d4-4ce2-a419-fa624760c1f5:192.168.5.171:34133, e5573c90-367f-45c6-b7c8-99ac8857475d:192.168.5.171:32953], old=null, confs=<EMPTY_MAP>
2019-07-30 23:29:52,460 INFO  server.RaftServerConfigKeys (ConfUtils.java:logGet(43)) - raft.server.rpc.timeout.max = 5200ms (custom)
2019-07-30 23:29:52,460 INFO  server.RaftServerConfigKeys (ConfUtils.java:logGet(43)) - raft.server.storage.dir = [/workdir/hadoop-ozone/integration-test/target/test-dir/MiniOzoneClusterImpl-6cf7462e-b872-46ae-b611-ddfa7ff0531c/datanode-3/data/ratis] (custom)
2019-07-30 23:29:52,460 INFO  server.RaftServerConfigKeys (ConfUtils.java:logGet(43)) - raft.server.rpcslowness.timeout = 120s (custom)
2019-07-30 23:29:52,460 INFO  server.RaftServerConfigKeys (ConfUtils.java:logGet(43)) - raft.server.sleep.deviation.threshold = 300 (default)
2019-07-30 23:29:52,461 INFO  storage.RaftStorageDirectory (RaftStorageDirectory.java:analyzeStorage(246)) - The storage directory /workdir/hadoop-ozone/integration-test/target/test-dir/MiniOzoneClusterImpl-6cf7462e-b872-46ae-b611-ddfa7ff0531c/datanode-3/data/ratis/149dfe82-b13a-4bcf-9a1e-56ea78762c33 does not exist. Creating ...
2019-07-30 23:29:52,461 INFO  server.RaftServerConfigKeys (ConfUtils.java:logGet(43)) - raft.server.log.appender.install.snapshot.enabled = false (custom)
2019-07-30 23:29:52,461 INFO  impl.RaftServerImpl (ServerState.java:<init>(105)) - 2831db6e-e8d4-4ce2-a419-fa624760c1f5:group-56EA78762C33 ConfigurationManager, init=-1: [482141af-8e33-46bb-a95e-fa3dffb5ff50:192.168.5.171:46837, 2831db6e-e8d4-4ce2-a419-fa624760c1f5:192.168.5.171:34133, e5573c90-367f-45c6-b7c8-99ac8857475d:192.168.5.171:32953], old=null, confs=<EMPTY_MAP>
2019-07-30 23:29:52,461 INFO  server.RaftServerConfigKeys (ConfUtils.java:logGet(43)) - raft.server.storage.dir = [/workdir/hadoop-ozone/integration-test/target/test-dir/MiniOzoneClusterImpl-6cf7462e-b872-46ae-b611-ddfa7ff0531c/datanode-1/data/ratis] (custom)
2019-07-30 23:29:52,462 INFO  storage.RaftStorageDirectory (RaftStorageDirectory.java:analyzeStorage(246)) - The storage directory /workdir/hadoop-ozone/integration-test/target/test-dir/MiniOzoneClusterImpl-6cf7462e-b872-46ae-b611-ddfa7ff0531c/datanode-1/data/ratis/149dfe82-b13a-4bcf-9a1e-56ea78762c33 does not exist. Creating ...
2019-07-30 23:29:52,478 INFO  storage.RaftStorageDirectory (RaftStorageDirectory.java:tryLock(328)) - Lock on /workdir/hadoop-ozone/integration-test/target/test-dir/MiniOzoneClusterImpl-6cf7462e-b872-46ae-b611-ddfa7ff0531c/datanode-3/data/ratis/149dfe82-b13a-4bcf-9a1e-56ea78762c33/in_use.lock acquired by nodename 14754@byscane-nightly-g5r4k-612667210
2019-07-30 23:29:52,478 INFO  storage.RaftStorageDirectory (RaftStorageDirectory.java:tryLock(328)) - Lock on /workdir/hadoop-ozone/integration-test/target/test-dir/MiniOzoneClusterImpl-6cf7462e-b872-46ae-b611-ddfa7ff0531c/datanode-1/data/ratis/149dfe82-b13a-4bcf-9a1e-56ea78762c33/in_use.lock acquired by nodename 14754@byscane-nightly-g5r4k-612667210
2019-07-30 23:29:52,478 INFO  storage.RaftStorageDirectory (RaftStorageDirectory.java:tryLock(328)) - Lock on /workdir/hadoop-ozone/integration-test/target/test-dir/MiniOzoneClusterImpl-6cf7462e-b872-46ae-b611-ddfa7ff0531c/datanode-4/data/ratis/149dfe82-b13a-4bcf-9a1e-56ea78762c33/in_use.lock acquired by nodename 14754@byscane-nightly-g5r4k-612667210
2019-07-30 23:29:52,483 INFO  storage.RaftStorage (RaftStorage.java:format(72)) - Storage directory /workdir/hadoop-ozone/integration-test/target/test-dir/MiniOzoneClusterImpl-6cf7462e-b872-46ae-b611-ddfa7ff0531c/datanode-4/data/ratis/149dfe82-b13a-4bcf-9a1e-56ea78762c33 has been successfully formatted.
2019-07-30 23:29:52,484 INFO  storage.RaftStorage (RaftStorage.java:format(72)) - Storage directory /workdir/hadoop-ozone/integration-test/target/test-dir/MiniOzoneClusterImpl-6cf7462e-b872-46ae-b611-ddfa7ff0531c/datanode-3/data/ratis/149dfe82-b13a-4bcf-9a1e-56ea78762c33 has been successfully formatted.
2019-07-30 23:29:52,483 INFO  storage.RaftStorage (RaftStorage.java:format(72)) - Storage directory /workdir/hadoop-ozone/integration-test/target/test-dir/MiniOzoneClusterImpl-6cf7462e-b872-46ae-b611-ddfa7ff0531c/datanode-1/data/ratis/149dfe82-b13a-4bcf-9a1e-56ea78762c33 has been successfully formatted.
2019-07-30 23:29:52,484 INFO  ratis.ContainerStateMachine (ContainerStateMachine.java:loadSnapshot(213)) - group-56EA78762C33: The snapshot info is null. Setting the last applied indexto:(t:0, i:~)
2019-07-30 23:29:52,484 INFO  ratis.ContainerStateMachine (ContainerStateMachine.java:loadSnapshot(213)) - group-56EA78762C33: The snapshot info is null. Setting the last applied indexto:(t:0, i:~)
2019-07-30 23:29:52,484 INFO  server.RaftServerConfigKeys (ConfUtils.java:logGet(43)) - raft.server.leader.election.timeout = 120s (custom)
2019-07-30 23:29:52,484 INFO  ratis.ContainerStateMachine (ContainerStateMachine.java:loadSnapshot(213)) - group-56EA78762C33: The snapshot info is null. Setting the last applied indexto:(t:0, i:~)
2019-07-30 23:29:52,485 INFO  server.RaftServerConfigKeys (ConfUtils.java:logGet(43)) - raft.server.log.use.memory = false (default)
2019-07-30 23:29:52,484 INFO  server.RaftServerConfigKeys (ConfUtils.java:logGet(43)) - raft.server.leader.election.timeout = 120s (custom)
2019-07-30 23:29:52,485 INFO  server.RaftServerConfigKeys (ConfUtils.java:logGet(43)) - raft.server.log.purge.gap = 1000000000 (custom)
2019-07-30 23:29:52,485 INFO  server.RaftServerConfigKeys (ConfUtils.java:logGet(43)) - raft.server.leader.election.timeout = 120s (custom)
2019-07-30 23:29:52,485 INFO  server.RaftServerConfigKeys (ConfUtils.java:logGet(43)) - raft.server.log.appender.buffer.byte-limit = 33554432 (custom)
2019-07-30 23:29:52,486 INFO  server.RaftServerConfigKeys (ConfUtils.java:logGet(43)) - raft.server.log.use.memory = false (default)
2019-07-30 23:29:52,485 INFO  server.RaftServerConfigKeys (ConfUtils.java:logGet(43)) - raft.server.log.use.memory = false (default)
2019-07-30 23:29:52,486 INFO  server.RaftServerConfigKeys (ConfUtils.java:logGet(43)) - raft.server.log.purge.gap = 1000000000 (custom)
2019-07-30 23:29:52,486 INFO  server.RaftServerConfigKeys (ConfUtils.java:logGet(43)) - raft.server.log.segment.size.max = 1048576 (custom)
2019-07-30 23:29:52,486 INFO  server.RaftServerConfigKeys (ConfUtils.java:logGet(43)) - raft.server.log.appender.buffer.byte-limit = 33554432 (custom)
2019-07-30 23:29:52,486 INFO  server.RaftServerConfigKeys (ConfUtils.java:logGet(43)) - raft.server.log.purge.gap = 1000000000 (custom)
2019-07-30 23:29:52,486 INFO  server.RaftServerConfigKeys (ConfUtils.java:logGet(43)) - raft.server.log.segment.size.max = 1048576 (custom)
2019-07-30 23:29:52,486 INFO  server.RaftServerConfigKeys (ConfUtils.java:logGet(43)) - raft.server.log.segment.cache.num.max = 2 (custom)
2019-07-30 23:29:52,487 INFO  server.RaftServerConfigKeys (ConfUtils.java:logGet(43)) - raft.server.log.segment.cache.num.max = 2 (custom)
2019-07-30 23:29:52,487 INFO  server.RaftServerConfigKeys (ConfUtils.java:logGet(43)) - raft.server.log.appender.buffer.byte-limit = 33554432 (custom)
2019-07-30 23:29:52,487 INFO  segmented.SegmentedRaftLogWorker (SegmentedRaftLogWorker.java:<init>(172)) - new 2831db6e-e8d4-4ce2-a419-fa624760c1f5-SegmentedRaftLogWorker:Storage Directory /workdir/hadoop-ozone/integration-test/target/test-dir/MiniOzoneClusterImpl-6cf7462e-b872-46ae-b611-ddfa7ff0531c/datanode-1/data/ratis/149dfe82-b13a-4bcf-9a1e-56ea78762c33 for RaftStorage:Storage Directory /workdir/hadoop-ozone/integration-test/target/test-dir/MiniOzoneClusterImpl-6cf7462e-b872-46ae-b611-ddfa7ff0531c/datanode-1/data/ratis/149dfe82-b13a-4bcf-9a1e-56ea78762c33
2019-07-30 23:29:52,487 INFO  segmented.SegmentedRaftLogWorker (SegmentedRaftLogWorker.java:<init>(172)) - new e5573c90-367f-45c6-b7c8-99ac8857475d-SegmentedRaftLogWorker:Storage Directory /workdir/hadoop-ozone/integration-test/target/test-dir/MiniOzoneClusterImpl-6cf7462e-b872-46ae-b611-ddfa7ff0531c/datanode-4/data/ratis/149dfe82-b13a-4bcf-9a1e-56ea78762c33 for RaftStorage:Storage Directory /workdir/hadoop-ozone/integration-test/target/test-dir/MiniOzoneClusterImpl-6cf7462e-b872-46ae-b611-ddfa7ff0531c/datanode-4/data/ratis/149dfe82-b13a-4bcf-9a1e-56ea78762c33
2019-07-30 23:29:52,488 INFO  server.RaftServerConfigKeys (ConfUtils.java:logGet(43)) - raft.server.log.queue.byte-limit = 2147483647 (custom)
2019-07-30 23:29:52,487 INFO  server.RaftServerConfigKeys (ConfUtils.java:logGet(43)) - raft.server.log.segment.size.max = 1048576 (custom)
2019-07-30 23:29:52,490 INFO  server.RaftServerConfigKeys (ConfUtils.java:logGet(43)) - raft.server.log.queue.element-limit = 1024 (custom)
2019-07-30 23:29:52,488 INFO  server.RaftServerConfigKeys (ConfUtils.java:logGet(43)) - raft.server.log.queue.byte-limit = 2147483647 (custom)
2019-07-30 23:29:52,492 INFO  server.RaftServerConfigKeys (ConfUtils.java:logGet(43)) - raft.server.log.segment.size.max = 1048576 (custom)
2019-07-30 23:29:52,492 INFO  server.RaftServerConfigKeys (ConfUtils.java:logGet(43)) - raft.server.log.segment.cache.num.max = 2 (custom)
2019-07-30 23:29:52,492 INFO  server.RaftServerConfigKeys (ConfUtils.java:logGet(43)) - raft.server.log.preallocated.size = 16384 (custom)
2019-07-30 23:29:52,492 INFO  server.RaftServerConfigKeys (ConfUtils.java:logGet(43)) - raft.server.log.queue.element-limit = 1024 (custom)
2019-07-30 23:29:52,493 INFO  server.RaftServerConfigKeys (ConfUtils.java:logGet(43)) - raft.server.log.write.buffer.size = 33554432 (custom)
2019-07-30 23:29:52,492 INFO  segmented.SegmentedRaftLogWorker (SegmentedRaftLogWorker.java:<init>(172)) - new 482141af-8e33-46bb-a95e-fa3dffb5ff50-SegmentedRaftLogWorker:Storage Directory /workdir/hadoop-ozone/integration-test/target/test-dir/MiniOzoneClusterImpl-6cf7462e-b872-46ae-b611-ddfa7ff0531c/datanode-3/data/ratis/149dfe82-b13a-4bcf-9a1e-56ea78762c33 for RaftStorage:Storage Directory /workdir/hadoop-ozone/integration-test/target/test-dir/MiniOzoneClusterImpl-6cf7462e-b872-46ae-b611-ddfa7ff0531c/datanode-3/data/ratis/149dfe82-b13a-4bcf-9a1e-56ea78762c33
2019-07-30 23:29:52,493 INFO  server.RaftServerConfigKeys (ConfUtils.java:logGet(43)) - raft.server.log.force.sync.num = 128 (default)
2019-07-30 23:29:52,493 INFO  server.RaftServerConfigKeys (ConfUtils.java:logGet(43)) - raft.server.log.segment.size.max = 1048576 (custom)
2019-07-30 23:29:52,493 INFO  server.RaftServerConfigKeys (ConfUtils.java:logGet(43)) - raft.server.log.statemachine.data.sync = true (default)
2019-07-30 23:29:52,493 INFO  server.RaftServerConfigKeys (ConfUtils.java:logGet(43)) - raft.server.log.queue.byte-limit = 2147483647 (custom)
2019-07-30 23:29:52,495 INFO  server.RaftServerConfigKeys (ConfUtils.java:logGet(43)) - raft.server.log.statemachine.data.sync.timeout = 10s (default)
2019-07-30 23:29:52,495 INFO  server.RaftServerConfigKeys (ConfUtils.java:logGet(43)) - raft.server.log.preallocated.size = 16384 (custom)
2019-07-30 23:29:52,496 INFO  server.RaftServerConfigKeys (ConfUtils.java:logGet(43)) - raft.server.log.statemachine.data.sync.timeout.retry = -1 (default)
2019-07-30 23:29:52,495 INFO  server.RaftServerConfigKeys (ConfUtils.java:logGet(43)) - raft.server.log.queue.element-limit = 1024 (custom)
2019-07-30 23:29:52,496 INFO  server.RaftServerConfigKeys (ConfUtils.java:logGet(43)) - raft.server.log.statemachine.data.caching.enabled = true (custom)
2019-07-30 23:29:52,496 INFO  server.RaftServerConfigKeys (ConfUtils.java:logGet(43)) - raft.server.log.write.buffer.size = 33554432 (custom)
2019-07-30 23:29:52,496 INFO  server.RaftServerConfigKeys (ConfUtils.java:logGet(43)) - raft.server.log.segment.size.max = 1048576 (custom)
2019-07-30 23:29:52,497 INFO  segmented.SegmentedRaftLogWorker (SegmentedRaftLogWorker.java:lambda$new$0(132)) - 2831db6e-e8d4-4ce2-a419-fa624760c1f5-SegmentedRaftLogWorker:Storage Directory /workdir/hadoop-ozone/integration-test/target/test-dir/MiniOzoneClusterImpl-6cf7462e-b872-46ae-b611-ddfa7ff0531c/datanode-1/data/ratis/149dfe82-b13a-4bcf-9a1e-56ea78762c33: flushIndex: setUnconditionally 0 -> -1
2019-07-30 23:29:52,496 INFO  server.RaftServerConfigKeys (ConfUtils.java:logGet(43)) - raft.server.log.force.sync.num = 128 (default)
2019-07-30 23:29:52,497 INFO  server.RaftServerConfigKeys (ConfUtils.java:logGet(43)) - raft.server.log.preallocated.size = 16384 (custom)
2019-07-30 23:29:52,497 INFO  server.RaftServerConfigKeys (ConfUtils.java:logGet(43)) - raft.server.snapshot.auto.trigger.enabled = true (custom)
2019-07-30 23:29:52,497 INFO  server.RaftServerConfigKeys (ConfUtils.java:logGet(43)) - raft.server.log.statemachine.data.sync = true (default)
2019-07-30 23:29:52,497 INFO  server.RaftServerConfigKeys (ConfUtils.java:logGet(43)) - raft.server.snapshot.auto.trigger.threshold = 10000 (custom)
2019-07-30 23:29:52,497 INFO  server.RaftServerConfigKeys (ConfUtils.java:logGet(43)) - raft.server.log.write.buffer.size = 33554432 (custom)
2019-07-30 23:29:52,498 INFO  server.RaftServerConfigKeys (ConfUtils.java:logGet(43)) - raft.server.retrycache.expirytime = 600000ms (custom)
2019-07-30 23:29:52,498 INFO  server.RaftServerConfigKeys (ConfUtils.java:logGet(43)) - raft.server.log.statemachine.data.sync.timeout = 10s (default)
2019-07-30 23:29:52,498 INFO  impl.RaftServerImpl (RaftServerImpl.java:start(180)) - 2831db6e-e8d4-4ce2-a419-fa624760c1f5: start group-56EA78762C33
2019-07-30 23:29:52,498 INFO  server.RaftServerConfigKeys (ConfUtils.java:logGet(43)) - raft.server.log.force.sync.num = 128 (default)
2019-07-30 23:29:52,498 INFO  impl.RaftServerImpl (RaftServerImpl.java:setRole(171)) - 2831db6e-e8d4-4ce2-a419-fa624760c1f5:group-56EA78762C33 changes role from null to FOLLOWER at term 0 for startAsFollower
2019-07-30 23:29:52,498 INFO  server.RaftServerConfigKeys (ConfUtils.java:logGet(43)) - raft.server.log.statemachine.data.sync.timeout.retry = -1 (default)
2019-07-30 23:29:52,499 INFO  impl.RoleInfo (RoleInfo.java:updateAndGet(143)) - 2831db6e-e8d4-4ce2-a419-fa624760c1f5: start FollowerState
2019-07-30 23:29:52,498 INFO  server.RaftServerConfigKeys (ConfUtils.java:logGet(43)) - raft.server.log.statemachine.data.sync = true (default)
2019-07-30 23:29:52,499 INFO  server.RaftServerConfigKeys (ConfUtils.java:logGet(43)) - raft.server.log.statemachine.data.caching.enabled = true (custom)
2019-07-30 23:29:52,499 INFO  server.RaftServerConfigKeys (ConfUtils.java:logGet(43)) - raft.server.log.statemachine.data.sync.timeout = 10s (default)
2019-07-30 23:29:52,499 INFO  util.JmxRegister (JmxRegister.java:tryRegister(44)) - Successfully registered JMX Bean with object name Ratis:service=RaftServer,group=group-56EA78762C33,id=2831db6e-e8d4-4ce2-a419-fa624760c1f5
2019-07-30 23:29:52,499 INFO  segmented.SegmentedRaftLogWorker (SegmentedRaftLogWorker.java:lambda$new$0(132)) - e5573c90-367f-45c6-b7c8-99ac8857475d-SegmentedRaftLogWorker:Storage Directory /workdir/hadoop-ozone/integration-test/target/test-dir/MiniOzoneClusterImpl-6cf7462e-b872-46ae-b611-ddfa7ff0531c/datanode-4/data/ratis/149dfe82-b13a-4bcf-9a1e-56ea78762c33: flushIndex: setUnconditionally 0 -> -1
2019-07-30 23:29:52,499 INFO  server.RaftServerConfigKeys (ConfUtils.java:logGet(43)) - raft.server.log.statemachine.data.sync.timeout.retry = -1 (default)
2019-07-30 23:29:52,500 INFO  server.RaftServerConfigKeys (ConfUtils.java:logGet(43)) - raft.server.snapshot.auto.trigger.enabled = true (custom)
2019-07-30 23:29:52,500 INFO  server.RaftServerConfigKeys (ConfUtils.java:logGet(43)) - raft.server.log.statemachine.data.caching.enabled = true (custom)
2019-07-30 23:29:52,500 INFO  server.RaftServerConfigKeys (ConfUtils.java:logGet(43)) - raft.server.snapshot.auto.trigger.threshold = 10000 (custom)
2019-07-30 23:29:52,501 INFO  segmented.SegmentedRaftLogWorker (SegmentedRaftLogWorker.java:lambda$new$0(132)) - 482141af-8e33-46bb-a95e-fa3dffb5ff50-SegmentedRaftLogWorker:Storage Directory /workdir/hadoop-ozone/integration-test/target/test-dir/MiniOzoneClusterImpl-6cf7462e-b872-46ae-b611-ddfa7ff0531c/datanode-3/data/ratis/149dfe82-b13a-4bcf-9a1e-56ea78762c33: flushIndex: setUnconditionally 0 -> -1
2019-07-30 23:29:52,501 INFO  server.RaftServerConfigKeys (ConfUtils.java:logGet(43)) - raft.server.retrycache.expirytime = 600000ms (custom)
2019-07-30 23:29:52,503 INFO  impl.RaftServerImpl (RaftServerImpl.java:start(180)) - e5573c90-367f-45c6-b7c8-99ac8857475d: start group-56EA78762C33
2019-07-30 23:29:52,503 INFO  server.RaftServerConfigKeys (ConfUtils.java:logGet(43)) - raft.server.snapshot.auto.trigger.enabled = true (custom)
2019-07-30 23:29:52,503 INFO  impl.RaftServerImpl (RaftServerImpl.java:setRole(171)) - e5573c90-367f-45c6-b7c8-99ac8857475d:group-56EA78762C33 changes role from null to FOLLOWER at term 0 for startAsFollower
2019-07-30 23:29:52,503 INFO  server.RaftServerConfigKeys (ConfUtils.java:logGet(43)) - raft.server.snapshot.auto.trigger.threshold = 10000 (custom)
2019-07-30 23:29:52,503 INFO  impl.RoleInfo (RoleInfo.java:updateAndGet(143)) - e5573c90-367f-45c6-b7c8-99ac8857475d: start FollowerState
2019-07-30 23:29:52,503 INFO  server.RaftServerConfigKeys (ConfUtils.java:logGet(43)) - raft.server.retrycache.expirytime = 600000ms (custom)
2019-07-30 23:29:52,504 INFO  impl.RaftServerImpl (RaftServerImpl.java:start(180)) - 482141af-8e33-46bb-a95e-fa3dffb5ff50: start group-56EA78762C33
2019-07-30 23:29:52,504 INFO  util.JmxRegister (JmxRegister.java:tryRegister(44)) - Successfully registered JMX Bean with object name Ratis:service=RaftServer,group=group-56EA78762C33,id=e5573c90-367f-45c6-b7c8-99ac8857475d
2019-07-30 23:29:52,505 INFO  impl.RaftServerImpl (RaftServerImpl.java:setRole(171)) - 482141af-8e33-46bb-a95e-fa3dffb5ff50:group-56EA78762C33 changes role from null to FOLLOWER at term 0 for startAsFollower
2019-07-30 23:29:52,508 INFO  impl.RoleInfo (RoleInfo.java:updateAndGet(143)) - 482141af-8e33-46bb-a95e-fa3dffb5ff50: start FollowerState
2019-07-30 23:29:52,515 INFO  util.JmxRegister (JmxRegister.java:tryRegister(44)) - Successfully registered JMX Bean with object name Ratis:service=RaftServer,group=group-56EA78762C33,id=482141af-8e33-46bb-a95e-fa3dffb5ff50
2019-07-30 23:29:52,534 INFO  pipeline.PipelineStateManager (PipelineStateManager.java:addPipeline(56)) - Created pipeline Pipeline[ Id: 149dfe82-b13a-4bcf-9a1e-56ea78762c33, Nodes: 482141af-8e33-46bb-a95e-fa3dffb5ff50{ip: 192.168.5.171, host: byscane-nightly-g5r4k-612667210, networkLocation: /default-rack, certSerialId: null}e5573c90-367f-45c6-b7c8-99ac8857475d{ip: 192.168.5.171, host: byscane-nightly-g5r4k-612667210, networkLocation: /default-rack, certSerialId: null}2831db6e-e8d4-4ce2-a419-fa624760c1f5{ip: 192.168.5.171, host: byscane-nightly-g5r4k-612667210, networkLocation: /default-rack, certSerialId: null}, Type:RATIS, Factor:THREE, State:OPEN]
2019-07-30 23:29:52,560 INFO  impl.RaftServerProxy (RaftServerProxy.java:addNew(89)) - 84dc5f4e-7ff2-4b64-bf2b-05be131382df: addNew group-E40250EB7431:[52c807aa-c5f6-460b-9daa-ff08ec66c080:192.168.5.171:42405, be73ec51-8ce9-4d13-9a6f-702b3a3463d6:192.168.5.171:41564, 84dc5f4e-7ff2-4b64-bf2b-05be131382df:192.168.5.171:37220] returns group-E40250EB7431:java.util.concurrent.CompletableFuture@4cba6669[Not completed]
2019-07-30 23:29:52,563 INFO  impl.RaftServerProxy (RaftServerProxy.java:addNew(89)) - 52c807aa-c5f6-460b-9daa-ff08ec66c080: addNew group-E40250EB7431:[52c807aa-c5f6-460b-9daa-ff08ec66c080:192.168.5.171:42405, be73ec51-8ce9-4d13-9a6f-702b3a3463d6:192.168.5.171:41564, 84dc5f4e-7ff2-4b64-bf2b-05be131382df:192.168.5.171:37220] returns group-E40250EB7431:java.util.concurrent.CompletableFuture@27931eed[Not completed]
2019-07-30 23:29:52,566 INFO  impl.RaftServerProxy (RaftServerProxy.java:addNew(89)) - be73ec51-8ce9-4d13-9a6f-702b3a3463d6: addNew group-E40250EB7431:[52c807aa-c5f6-460b-9daa-ff08ec66c080:192.168.5.171:42405, be73ec51-8ce9-4d13-9a6f-702b3a3463d6:192.168.5.171:41564, 84dc5f4e-7ff2-4b64-bf2b-05be131382df:192.168.5.171:37220] returns group-E40250EB7431:java.util.concurrent.CompletableFuture@28e2e119[Not completed]
2019-07-30 23:29:52,566 INFO  impl.RaftServerImpl (RaftServerImpl.java:<init>(93)) - 84dc5f4e-7ff2-4b64-bf2b-05be131382df: new RaftServerImpl for group-E40250EB7431:[52c807aa-c5f6-460b-9daa-ff08ec66c080:192.168.5.171:42405, be73ec51-8ce9-4d13-9a6f-702b3a3463d6:192.168.5.171:41564, 84dc5f4e-7ff2-4b64-bf2b-05be131382df:192.168.5.171:37220] with ContainerStateMachine:uninitialized
2019-07-30 23:29:52,567 INFO  server.RaftServerConfigKeys (ConfUtils.java:logGet(43)) - raft.server.rpc.timeout.min = 5s (custom)
2019-07-30 23:29:52,567 INFO  server.RaftServerConfigKeys (ConfUtils.java:logGet(43)) - raft.server.rpc.timeout.max = 5200ms (custom)
2019-07-30 23:29:52,567 INFO  server.RaftServerConfigKeys (ConfUtils.java:logGet(43)) - raft.server.rpcslowness.timeout = 120s (custom)
2019-07-30 23:29:52,567 INFO  server.RaftServerConfigKeys (ConfUtils.java:logGet(43)) - raft.server.sleep.deviation.threshold = 300 (default)
2019-07-30 23:29:52,567 INFO  server.RaftServerConfigKeys (ConfUtils.java:logGet(43)) - raft.server.log.appender.install.snapshot.enabled = false (custom)
2019-07-30 23:29:52,567 INFO  impl.RaftServerImpl (RaftServerImpl.java:<init>(93)) - 52c807aa-c5f6-460b-9daa-ff08ec66c080: new RaftServerImpl for group-E40250EB7431:[52c807aa-c5f6-460b-9daa-ff08ec66c080:192.168.5.171:42405, be73ec51-8ce9-4d13-9a6f-702b3a3463d6:192.168.5.171:41564, 84dc5f4e-7ff2-4b64-bf2b-05be131382df:192.168.5.171:37220] with ContainerStateMachine:uninitialized
2019-07-30 23:29:52,567 INFO  impl.RaftServerImpl (ServerState.java:<init>(105)) - 84dc5f4e-7ff2-4b64-bf2b-05be131382df:group-E40250EB7431 ConfigurationManager, init=-1: [52c807aa-c5f6-460b-9daa-ff08ec66c080:192.168.5.171:42405, be73ec51-8ce9-4d13-9a6f-702b3a3463d6:192.168.5.171:41564, 84dc5f4e-7ff2-4b64-bf2b-05be131382df:192.168.5.171:37220], old=null, confs=<EMPTY_MAP>
2019-07-30 23:29:52,568 INFO  server.RaftServerConfigKeys (ConfUtils.java:logGet(43)) - raft.server.rpc.timeout.min = 5s (custom)
2019-07-30 23:29:52,568 INFO  server.RaftServerConfigKeys (ConfUtils.java:logGet(43)) - raft.server.storage.dir = [/workdir/hadoop-ozone/integration-test/target/test-dir/MiniOzoneClusterImpl-6cf7462e-b872-46ae-b611-ddfa7ff0531c/datanode-0/data/ratis] (custom)
2019-07-30 23:29:52,568 INFO  server.RaftServerConfigKeys (ConfUtils.java:logGet(43)) - raft.server.rpc.timeout.max = 5200ms (custom)
2019-07-30 23:29:52,568 INFO  impl.RaftServerImpl (RaftServerImpl.java:<init>(93)) - be73ec51-8ce9-4d13-9a6f-702b3a3463d6: new RaftServerImpl for group-E40250EB7431:[52c807aa-c5f6-460b-9daa-ff08ec66c080:192.168.5.171:42405, be73ec51-8ce9-4d13-9a6f-702b3a3463d6:192.168.5.171:41564, 84dc5f4e-7ff2-4b64-bf2b-05be131382df:192.168.5.171:37220] with ContainerStateMachine:uninitialized
2019-07-30 23:29:52,568 INFO  server.RaftServerConfigKeys (ConfUtils.java:logGet(43)) - raft.server.rpcslowness.timeout = 120s (custom)
2019-07-30 23:29:52,568 INFO  storage.RaftStorageDirectory (RaftStorageDirectory.java:analyzeStorage(246)) - The storage directory /workdir/hadoop-ozone/integration-test/target/test-dir/MiniOzoneClusterImpl-6cf7462e-b872-46ae-b611-ddfa7ff0531c/datanode-0/data/ratis/8c9e54b3-b841-4775-bc8f-e40250eb7431 does not exist. Creating ...
2019-07-30 23:29:52,568 INFO  server.RaftServerConfigKeys (ConfUtils.java:logGet(43)) - raft.server.rpc.timeout.min = 5s (custom)
2019-07-30 23:29:52,568 INFO  server.RaftServerConfigKeys (ConfUtils.java:logGet(43)) - raft.server.sleep.deviation.threshold = 300 (default)
2019-07-30 23:29:52,569 INFO  server.RaftServerConfigKeys (ConfUtils.java:logGet(43)) - raft.server.rpc.timeout.max = 5200ms (custom)
2019-07-30 23:29:52,569 INFO  server.RaftServerConfigKeys (ConfUtils.java:logGet(43)) - raft.server.log.appender.install.snapshot.enabled = false (custom)
2019-07-30 23:29:52,569 INFO  server.RaftServerConfigKeys (ConfUtils.java:logGet(43)) - raft.server.rpcslowness.timeout = 120s (custom)
2019-07-30 23:29:52,569 INFO  impl.RaftServerImpl (ServerState.java:<init>(105)) - 52c807aa-c5f6-460b-9daa-ff08ec66c080:group-E40250EB7431 ConfigurationManager, init=-1: [52c807aa-c5f6-460b-9daa-ff08ec66c080:192.168.5.171:42405, be73ec51-8ce9-4d13-9a6f-702b3a3463d6:192.168.5.171:41564, 84dc5f4e-7ff2-4b64-bf2b-05be131382df:192.168.5.171:37220], old=null, confs=<EMPTY_MAP>
2019-07-30 23:29:52,569 INFO  server.RaftServerConfigKeys (ConfUtils.java:logGet(43)) - raft.server.sleep.deviation.threshold = 300 (default)
2019-07-30 23:29:52,569 INFO  server.RaftServerConfigKeys (ConfUtils.java:logGet(43)) - raft.server.log.appender.install.snapshot.enabled = false (custom)
2019-07-30 23:29:52,569 INFO  server.RaftServerConfigKeys (ConfUtils.java:logGet(43)) - raft.server.storage.dir = [/workdir/hadoop-ozone/integration-test/target/test-dir/MiniOzoneClusterImpl-6cf7462e-b872-46ae-b611-ddfa7ff0531c/datanode-2/data/ratis] (custom)
2019-07-30 23:29:52,569 INFO  impl.RaftServerImpl (ServerState.java:<init>(105)) - be73ec51-8ce9-4d13-9a6f-702b3a3463d6:group-E40250EB7431 ConfigurationManager, init=-1: [52c807aa-c5f6-460b-9daa-ff08ec66c080:192.168.5.171:42405, be73ec51-8ce9-4d13-9a6f-702b3a3463d6:192.168.5.171:41564, 84dc5f4e-7ff2-4b64-bf2b-05be131382df:192.168.5.171:37220], old=null, confs=<EMPTY_MAP>
2019-07-30 23:29:52,570 INFO  server.RaftServerConfigKeys (ConfUtils.java:logGet(43)) - raft.server.storage.dir = [/workdir/hadoop-ozone/integration-test/target/test-dir/MiniOzoneClusterImpl-6cf7462e-b872-46ae-b611-ddfa7ff0531c/datanode-5/data/ratis] (custom)
2019-07-30 23:29:52,570 INFO  storage.RaftStorageDirectory (RaftStorageDirectory.java:analyzeStorage(246)) - The storage directory /workdir/hadoop-ozone/integration-test/target/test-dir/MiniOzoneClusterImpl-6cf7462e-b872-46ae-b611-ddfa7ff0531c/datanode-2/data/ratis/8c9e54b3-b841-4775-bc8f-e40250eb7431 does not exist. Creating ...
2019-07-30 23:29:52,570 INFO  storage.RaftStorageDirectory (RaftStorageDirectory.java:analyzeStorage(246)) - The storage directory /workdir/hadoop-ozone/integration-test/target/test-dir/MiniOzoneClusterImpl-6cf7462e-b872-46ae-b611-ddfa7ff0531c/datanode-5/data/ratis/8c9e54b3-b841-4775-bc8f-e40250eb7431 does not exist. Creating ...
2019-07-30 23:29:52,574 INFO  storage.RaftStorageDirectory (RaftStorageDirectory.java:tryLock(328)) - Lock on /workdir/hadoop-ozone/integration-test/target/test-dir/MiniOzoneClusterImpl-6cf7462e-b872-46ae-b611-ddfa7ff0531c/datanode-5/data/ratis/8c9e54b3-b841-4775-bc8f-e40250eb7431/in_use.lock acquired by nodename 14754@byscane-nightly-g5r4k-612667210
2019-07-30 23:29:52,574 INFO  storage.RaftStorageDirectory (RaftStorageDirectory.java:tryLock(328)) - Lock on /workdir/hadoop-ozone/integration-test/target/test-dir/MiniOzoneClusterImpl-6cf7462e-b872-46ae-b611-ddfa7ff0531c/datanode-2/data/ratis/8c9e54b3-b841-4775-bc8f-e40250eb7431/in_use.lock acquired by nodename 14754@byscane-nightly-g5r4k-612667210
2019-07-30 23:29:52,574 INFO  storage.RaftStorageDirectory (RaftStorageDirectory.java:tryLock(328)) - Lock on /workdir/hadoop-ozone/integration-test/target/test-dir/MiniOzoneClusterImpl-6cf7462e-b872-46ae-b611-ddfa7ff0531c/datanode-0/data/ratis/8c9e54b3-b841-4775-bc8f-e40250eb7431/in_use.lock acquired by nodename 14754@byscane-nightly-g5r4k-612667210
2019-07-30 23:29:52,580 INFO  storage.RaftStorage (RaftStorage.java:format(72)) - Storage directory /workdir/hadoop-ozone/integration-test/target/test-dir/MiniOzoneClusterImpl-6cf7462e-b872-46ae-b611-ddfa7ff0531c/datanode-2/data/ratis/8c9e54b3-b841-4775-bc8f-e40250eb7431 has been successfully formatted.
2019-07-30 23:29:52,580 INFO  storage.RaftStorage (RaftStorage.java:format(72)) - Storage directory /workdir/hadoop-ozone/integration-test/target/test-dir/MiniOzoneClusterImpl-6cf7462e-b872-46ae-b611-ddfa7ff0531c/datanode-5/data/ratis/8c9e54b3-b841-4775-bc8f-e40250eb7431 has been successfully formatted.
2019-07-30 23:29:52,580 INFO  storage.RaftStorage (RaftStorage.java:format(72)) - Storage directory /workdir/hadoop-ozone/integration-test/target/test-dir/MiniOzoneClusterImpl-6cf7462e-b872-46ae-b611-ddfa7ff0531c/datanode-0/data/ratis/8c9e54b3-b841-4775-bc8f-e40250eb7431 has been successfully formatted.
2019-07-30 23:29:52,580 INFO  ratis.ContainerStateMachine (ContainerStateMachine.java:loadSnapshot(213)) - group-E40250EB7431: The snapshot info is null. Setting the last applied indexto:(t:0, i:~)
2019-07-30 23:29:52,580 INFO  ratis.ContainerStateMachine (ContainerStateMachine.java:loadSnapshot(213)) - group-E40250EB7431: The snapshot info is null. Setting the last applied indexto:(t:0, i:~)
2019-07-30 23:29:52,581 INFO  server.RaftServerConfigKeys (ConfUtils.java:logGet(43)) - raft.server.leader.election.timeout = 120s (custom)
2019-07-30 23:29:52,581 INFO  ratis.ContainerStateMachine (ContainerStateMachine.java:loadSnapshot(213)) - group-E40250EB7431: The snapshot info is null. Setting the last applied indexto:(t:0, i:~)
2019-07-30 23:29:52,581 INFO  server.RaftServerConfigKeys (ConfUtils.java:logGet(43)) - raft.server.log.use.memory = false (default)
2019-07-30 23:29:52,581 INFO  server.RaftServerConfigKeys (ConfUtils.java:logGet(43)) - raft.server.leader.election.timeout = 120s (custom)
2019-07-30 23:29:52,581 INFO  server.RaftServerConfigKeys (ConfUtils.java:logGet(43)) - raft.server.log.purge.gap = 1000000000 (custom)
2019-07-30 23:29:52,581 INFO  server.RaftServerConfigKeys (ConfUtils.java:logGet(43)) - raft.server.log.appender.buffer.byte-limit = 33554432 (custom)
2019-07-30 23:29:52,581 INFO  server.RaftServerConfigKeys (ConfUtils.java:logGet(43)) - raft.server.leader.election.timeout = 120s (custom)
2019-07-30 23:29:52,582 INFO  server.RaftServerConfigKeys (ConfUtils.java:logGet(43)) - raft.server.log.segment.size.max = 1048576 (custom)
2019-07-30 23:29:52,581 INFO  server.RaftServerConfigKeys (ConfUtils.java:logGet(43)) - raft.server.log.use.memory = false (default)
2019-07-30 23:29:52,582 INFO  server.RaftServerConfigKeys (ConfUtils.java:logGet(43)) - raft.server.log.segment.cache.num.max = 2 (custom)
2019-07-30 23:29:52,582 INFO  server.RaftServerConfigKeys (ConfUtils.java:logGet(43)) - raft.server.log.use.memory = false (default)
2019-07-30 23:29:52,582 INFO  segmented.SegmentedRaftLogWorker (SegmentedRaftLogWorker.java:<init>(172)) - new be73ec51-8ce9-4d13-9a6f-702b3a3463d6-SegmentedRaftLogWorker:Storage Directory /workdir/hadoop-ozone/integration-test/target/test-dir/MiniOzoneClusterImpl-6cf7462e-b872-46ae-b611-ddfa7ff0531c/datanode-5/data/ratis/8c9e54b3-b841-4775-bc8f-e40250eb7431 for RaftStorage:Storage Directory /workdir/hadoop-ozone/integration-test/target/test-dir/MiniOzoneClusterImpl-6cf7462e-b872-46ae-b611-ddfa7ff0531c/datanode-5/data/ratis/8c9e54b3-b841-4775-bc8f-e40250eb7431
2019-07-30 23:29:52,582 INFO  server.RaftServerConfigKeys (ConfUtils.java:logGet(43)) - raft.server.log.purge.gap = 1000000000 (custom)
2019-07-30 23:29:52,583 INFO  server.RaftServerConfigKeys (ConfUtils.java:logGet(43)) - raft.server.log.queue.byte-limit = 2147483647 (custom)
2019-07-30 23:29:52,583 INFO  server.RaftServerConfigKeys (ConfUtils.java:logGet(43)) - raft.server.log.purge.gap = 1000000000 (custom)
2019-07-30 23:29:52,584 INFO  server.RaftServerConfigKeys (ConfUtils.java:logGet(43)) - raft.server.log.queue.element-limit = 1024 (custom)
2019-07-30 23:29:52,583 INFO  server.RaftServerConfigKeys (ConfUtils.java:logGet(43)) - raft.server.log.appender.buffer.byte-limit = 33554432 (custom)
2019-07-30 23:29:52,585 INFO  server.RaftServerConfigKeys (ConfUtils.java:logGet(43)) - raft.server.log.segment.size.max = 1048576 (custom)
2019-07-30 23:29:52,585 INFO  server.RaftServerConfigKeys (ConfUtils.java:logGet(43)) - raft.server.log.appender.buffer.byte-limit = 33554432 (custom)
2019-07-30 23:29:52,585 INFO  server.RaftServerConfigKeys (ConfUtils.java:logGet(43)) - raft.server.log.preallocated.size = 16384 (custom)
2019-07-30 23:29:52,585 INFO  server.RaftServerConfigKeys (ConfUtils.java:logGet(43)) - raft.server.log.segment.size.max = 1048576 (custom)
2019-07-30 23:29:52,585 INFO  server.RaftServerConfigKeys (ConfUtils.java:logGet(43)) - raft.server.log.write.buffer.size = 33554432 (custom)
2019-07-30 23:29:52,585 INFO  server.RaftServerConfigKeys (ConfUtils.java:logGet(43)) - raft.server.log.segment.size.max = 1048576 (custom)
2019-07-30 23:29:52,586 INFO  server.RaftServerConfigKeys (ConfUtils.java:logGet(43)) - raft.server.log.force.sync.num = 128 (default)
2019-07-30 23:29:52,586 INFO  server.RaftServerConfigKeys (ConfUtils.java:logGet(43)) - raft.server.log.segment.cache.num.max = 2 (custom)
2019-07-30 23:29:52,586 INFO  server.RaftServerConfigKeys (ConfUtils.java:logGet(43)) - raft.server.log.statemachine.data.sync = true (default)
2019-07-30 23:29:52,586 INFO  server.RaftServerConfigKeys (ConfUtils.java:logGet(43)) - raft.server.log.segment.cache.num.max = 2 (custom)
2019-07-30 23:29:52,586 INFO  server.RaftServerConfigKeys (ConfUtils.java:logGet(43)) - raft.server.log.statemachine.data.sync.timeout = 10s (default)
2019-07-30 23:29:52,586 INFO  segmented.SegmentedRaftLogWorker (SegmentedRaftLogWorker.java:<init>(172)) - new 52c807aa-c5f6-460b-9daa-ff08ec66c080-SegmentedRaftLogWorker:Storage Directory /workdir/hadoop-ozone/integration-test/target/test-dir/MiniOzoneClusterImpl-6cf7462e-b872-46ae-b611-ddfa7ff0531c/datanode-2/data/ratis/8c9e54b3-b841-4775-bc8f-e40250eb7431 for RaftStorage:Storage Directory /workdir/hadoop-ozone/integration-test/target/test-dir/MiniOzoneClusterImpl-6cf7462e-b872-46ae-b611-ddfa7ff0531c/datanode-2/data/ratis/8c9e54b3-b841-4775-bc8f-e40250eb7431
2019-07-30 23:29:52,587 INFO  server.RaftServerConfigKeys (ConfUtils.java:logGet(43)) - raft.server.log.statemachine.data.sync.timeout.retry = -1 (default)
2019-07-30 23:29:52,587 INFO  segmented.SegmentedRaftLogWorker (SegmentedRaftLogWorker.java:<init>(172)) - new 84dc5f4e-7ff2-4b64-bf2b-05be131382df-SegmentedRaftLogWorker:Storage Directory /workdir/hadoop-ozone/integration-test/target/test-dir/MiniOzoneClusterImpl-6cf7462e-b872-46ae-b611-ddfa7ff0531c/datanode-0/data/ratis/8c9e54b3-b841-4775-bc8f-e40250eb7431 for RaftStorage:Storage Directory /workdir/hadoop-ozone/integration-test/target/test-dir/MiniOzoneClusterImpl-6cf7462e-b872-46ae-b611-ddfa7ff0531c/datanode-0/data/ratis/8c9e54b3-b841-4775-bc8f-e40250eb7431
2019-07-30 23:29:52,588 INFO  server.RaftServerConfigKeys (ConfUtils.java:logGet(43)) - raft.server.log.statemachine.data.caching.enabled = true (custom)
2019-07-30 23:29:52,587 INFO  server.RaftServerConfigKeys (ConfUtils.java:logGet(43)) - raft.server.log.queue.byte-limit = 2147483647 (custom)
2019-07-30 23:29:52,589 INFO  server.RaftServerConfigKeys (ConfUtils.java:logGet(43)) - raft.server.log.queue.byte-limit = 2147483647 (custom)
2019-07-30 23:29:52,590 INFO  segmented.SegmentedRaftLogWorker (SegmentedRaftLogWorker.java:lambda$new$0(132)) - be73ec51-8ce9-4d13-9a6f-702b3a3463d6-SegmentedRaftLogWorker:Storage Directory /workdir/hadoop-ozone/integration-test/target/test-dir/MiniOzoneClusterImpl-6cf7462e-b872-46ae-b611-ddfa7ff0531c/datanode-5/data/ratis/8c9e54b3-b841-4775-bc8f-e40250eb7431: flushIndex: setUnconditionally 0 -> -1
2019-07-30 23:29:52,590 INFO  server.RaftServerConfigKeys (ConfUtils.java:logGet(43)) - raft.server.log.queue.element-limit = 1024 (custom)
2019-07-30 23:29:52,591 INFO  server.RaftServerConfigKeys (ConfUtils.java:logGet(43)) - raft.server.snapshot.auto.trigger.enabled = true (custom)
2019-07-30 23:29:52,591 INFO  server.RaftServerConfigKeys (ConfUtils.java:logGet(43)) - raft.server.log.segment.size.max = 1048576 (custom)
2019-07-30 23:29:52,590 INFO  server.RaftServerConfigKeys (ConfUtils.java:logGet(43)) - raft.server.log.queue.element-limit = 1024 (custom)
2019-07-30 23:29:52,591 INFO  server.RaftServerConfigKeys (ConfUtils.java:logGet(43)) - raft.server.log.preallocated.size = 16384 (custom)
2019-07-30 23:29:52,591 INFO  server.RaftServerConfigKeys (ConfUtils.java:logGet(43)) - raft.server.snapshot.auto.trigger.threshold = 10000 (custom)
2019-07-30 23:29:52,591 INFO  server.RaftServerConfigKeys (ConfUtils.java:logGet(43)) - raft.server.log.write.buffer.size = 33554432 (custom)
2019-07-30 23:29:52,592 INFO  server.RaftServerConfigKeys (ConfUtils.java:logGet(43)) - raft.server.retrycache.expirytime = 600000ms (custom)
2019-07-30 23:29:52,591 INFO  server.RaftServerConfigKeys (ConfUtils.java:logGet(43)) - raft.server.log.segment.size.max = 1048576 (custom)
2019-07-30 23:29:52,592 INFO  impl.RaftServerImpl (RaftServerImpl.java:start(180)) - be73ec51-8ce9-4d13-9a6f-702b3a3463d6: start group-E40250EB7431
2019-07-30 23:29:52,592 INFO  server.RaftServerConfigKeys (ConfUtils.java:logGet(43)) - raft.server.log.force.sync.num = 128 (default)
2019-07-30 23:29:52,592 INFO  impl.RaftServerImpl (RaftServerImpl.java:setRole(171)) - be73ec51-8ce9-4d13-9a6f-702b3a3463d6:group-E40250EB7431 changes role from null to FOLLOWER at term 0 for startAsFollower
2019-07-30 23:29:52,592 INFO  server.RaftServerConfigKeys (ConfUtils.java:logGet(43)) - raft.server.log.preallocated.size = 16384 (custom)
2019-07-30 23:29:52,592 INFO  impl.RoleInfo (RoleInfo.java:updateAndGet(143)) - be73ec51-8ce9-4d13-9a6f-702b3a3463d6: start FollowerState
2019-07-30 23:29:52,592 INFO  server.RaftServerConfigKeys (ConfUtils.java:logGet(43)) - raft.server.log.statemachine.data.sync = true (default)
2019-07-30 23:29:52,593 INFO  server.RaftServerConfigKeys (ConfUtils.java:logGet(43)) - raft.server.log.write.buffer.size = 33554432 (custom)
2019-07-30 23:29:52,593 INFO  util.JmxRegister (JmxRegister.java:tryRegister(44)) - Successfully registered JMX Bean with object name Ratis:service=RaftServer,group=group-E40250EB7431,id=be73ec51-8ce9-4d13-9a6f-702b3a3463d6
2019-07-30 23:29:52,593 INFO  server.RaftServerConfigKeys (ConfUtils.java:logGet(43)) - raft.server.log.statemachine.data.sync.timeout = 10s (default)
2019-07-30 23:29:52,593 INFO  server.RaftServerConfigKeys (ConfUtils.java:logGet(43)) - raft.server.log.statemachine.data.sync.timeout.retry = -1 (default)
2019-07-30 23:29:52,593 INFO  server.RaftServerConfigKeys (ConfUtils.java:logGet(43)) - raft.server.log.force.sync.num = 128 (default)
2019-07-30 23:29:52,594 INFO  server.RaftServerConfigKeys (ConfUtils.java:logGet(43)) - raft.server.log.statemachine.data.caching.enabled = true (custom)
2019-07-30 23:29:52,594 INFO  server.RaftServerConfigKeys (ConfUtils.java:logGet(43)) - raft.server.log.statemachine.data.sync = true (default)
2019-07-30 23:29:52,594 INFO  server.RaftServerConfigKeys (ConfUtils.java:logGet(43)) - raft.server.log.statemachine.data.sync.timeout = 10s (default)
2019-07-30 23:29:52,594 INFO  segmented.SegmentedRaftLogWorker (SegmentedRaftLogWorker.java:lambda$new$0(132)) - 52c807aa-c5f6-460b-9daa-ff08ec66c080-SegmentedRaftLogWorker:Storage Directory /workdir/hadoop-ozone/integration-test/target/test-dir/MiniOzoneClusterImpl-6cf7462e-b872-46ae-b611-ddfa7ff0531c/datanode-2/data/ratis/8c9e54b3-b841-4775-bc8f-e40250eb7431: flushIndex: setUnconditionally 0 -> -1
2019-07-30 23:29:52,594 INFO  server.RaftServerConfigKeys (ConfUtils.java:logGet(43)) - raft.server.log.statemachine.data.sync.timeout.retry = -1 (default)
2019-07-30 23:29:52,595 INFO  server.RaftServerConfigKeys (ConfUtils.java:logGet(43)) - raft.server.snapshot.auto.trigger.enabled = true (custom)
2019-07-30 23:29:52,595 INFO  server.RaftServerConfigKeys (ConfUtils.java:logGet(43)) - raft.server.log.statemachine.data.caching.enabled = true (custom)
2019-07-30 23:29:52,595 INFO  server.RaftServerConfigKeys (ConfUtils.java:logGet(43)) - raft.server.snapshot.auto.trigger.threshold = 10000 (custom)
2019-07-30 23:29:52,595 INFO  server.RaftServerConfigKeys (ConfUtils.java:logGet(43)) - raft.server.retrycache.expirytime = 600000ms (custom)
2019-07-30 23:29:52,595 INFO  segmented.SegmentedRaftLogWorker (SegmentedRaftLogWorker.java:lambda$new$0(132)) - 84dc5f4e-7ff2-4b64-bf2b-05be131382df-SegmentedRaftLogWorker:Storage Directory /workdir/hadoop-ozone/integration-test/target/test-dir/MiniOzoneClusterImpl-6cf7462e-b872-46ae-b611-ddfa7ff0531c/datanode-0/data/ratis/8c9e54b3-b841-4775-bc8f-e40250eb7431: flushIndex: setUnconditionally 0 -> -1
2019-07-30 23:29:52,597 INFO  impl.RaftServerImpl (RaftServerImpl.java:start(180)) - 52c807aa-c5f6-460b-9daa-ff08ec66c080: start group-E40250EB7431
2019-07-30 23:29:52,597 INFO  impl.RaftServerImpl (RaftServerImpl.java:setRole(171)) - 52c807aa-c5f6-460b-9daa-ff08ec66c080:group-E40250EB7431 changes role from null to FOLLOWER at term 0 for startAsFollower
2019-07-30 23:29:52,599 INFO  server.RaftServerConfigKeys (ConfUtils.java:logGet(43)) - raft.server.snapshot.auto.trigger.enabled = true (custom)
2019-07-30 23:29:52,599 INFO  impl.RoleInfo (RoleInfo.java:updateAndGet(143)) - 52c807aa-c5f6-460b-9daa-ff08ec66c080: start FollowerState
2019-07-30 23:29:52,599 INFO  server.RaftServerConfigKeys (ConfUtils.java:logGet(43)) - raft.server.snapshot.auto.trigger.threshold = 10000 (custom)
2019-07-30 23:29:52,601 INFO  server.RaftServerConfigKeys (ConfUtils.java:logGet(43)) - raft.server.retrycache.expirytime = 600000ms (custom)
2019-07-30 23:29:52,601 INFO  util.JmxRegister (JmxRegister.java:tryRegister(44)) - Successfully registered JMX Bean with object name Ratis:service=RaftServer,group=group-E40250EB7431,id=52c807aa-c5f6-460b-9daa-ff08ec66c080
2019-07-30 23:29:52,603 INFO  impl.RaftServerImpl (RaftServerImpl.java:start(180)) - 84dc5f4e-7ff2-4b64-bf2b-05be131382df: start group-E40250EB7431
2019-07-30 23:29:52,603 INFO  impl.RaftServerImpl (RaftServerImpl.java:setRole(171)) - 84dc5f4e-7ff2-4b64-bf2b-05be131382df:group-E40250EB7431 changes role from null to FOLLOWER at term 0 for startAsFollower
2019-07-30 23:29:52,603 INFO  impl.RoleInfo (RoleInfo.java:updateAndGet(143)) - 84dc5f4e-7ff2-4b64-bf2b-05be131382df: start FollowerState
2019-07-30 23:29:52,604 INFO  util.JmxRegister (JmxRegister.java:tryRegister(44)) - Successfully registered JMX Bean with object name Ratis:service=RaftServer,group=group-E40250EB7431,id=84dc5f4e-7ff2-4b64-bf2b-05be131382df
2019-07-30 23:29:52,619 INFO  pipeline.PipelineStateManager (PipelineStateManager.java:addPipeline(56)) - Created pipeline Pipeline[ Id: 8c9e54b3-b841-4775-bc8f-e40250eb7431, Nodes: 52c807aa-c5f6-460b-9daa-ff08ec66c080{ip: 192.168.5.171, host: byscane-nightly-g5r4k-612667210, networkLocation: /default-rack, certSerialId: null}84dc5f4e-7ff2-4b64-bf2b-05be131382df{ip: 192.168.5.171, host: byscane-nightly-g5r4k-612667210, networkLocation: /default-rack, certSerialId: null}be73ec51-8ce9-4d13-9a6f-702b3a3463d6{ip: 192.168.5.171, host: byscane-nightly-g5r4k-612667210, networkLocation: /default-rack, certSerialId: null}, Type:RATIS, Factor:THREE, State:OPEN]
2019-07-30 23:29:53,099 INFO  ozone.MiniOzoneClusterImpl (MiniOzoneClusterImpl.java:lambda$waitForClusterToBeReady$0(142)) - Cluster is ready. Got 6 of 6 DN Heartbeats.
2019-07-30 23:29:53,448 INFO  rpc.RpcClient (RpcClient.java:createVolume(288)) - Creating Volume: datanodefailurehandlingtest, with jenkins1000 as owner.
2019-07-30 23:29:53,496 INFO  rpc.RpcClient (RpcClient.java:createBucket(425)) - Creating Bucket: datanodefailurehandlingtest/datanodefailurehandlingtest, with Versioning false and Storage Type set to DISK and Encryption set to false 
2019-07-30 23:29:53,770 INFO  impl.MetricsSystemImpl (MetricsSystemImpl.java:init(158)) - XceiverClientMetrics metrics system started (again)
2019-07-30 23:29:53,895 INFO  client.GrpcClientProtocolClient (GrpcClientProtocolClient.java:onNext(255)) - client-2E8E0B8F135E->52c807aa-c5f6-460b-9daa-ff08ec66c080: receive RaftClientReply:client-2E8E0B8F135E->52c807aa-c5f6-460b-9daa-ff08ec66c080@group-E40250EB7431, cid=12, FAILED org.apache.ratis.protocol.NotLeaderException: Server 52c807aa-c5f6-460b-9daa-ff08ec66c080 is not the leader (null). Request must be sent to leader., logIndex=0, commits[52c807aa-c5f6-460b-9daa-ff08ec66c080:c-1]
2019-07-30 23:29:53,982 INFO  container.ReplicationManager (ReplicationManager.java:start(155)) - Starting Replication Monitor Thread.
2019-07-30 23:29:53,987 INFO  container.ReplicationManager (ReplicationManager.java:run(207)) - Replication Monitor Thread took 4 milliseconds for processing 1 containers.
2019-07-30 23:29:54,961 INFO  client.GrpcClientProtocolClient (GrpcClientProtocolClient.java:onNext(255)) - client-2E8E0B8F135E->84dc5f4e-7ff2-4b64-bf2b-05be131382df: receive RaftClientReply:client-2E8E0B8F135E->84dc5f4e-7ff2-4b64-bf2b-05be131382df@group-E40250EB7431, cid=12, FAILED org.apache.ratis.protocol.NotLeaderException: Server 84dc5f4e-7ff2-4b64-bf2b-05be131382df is not the leader (null). Request must be sent to leader., logIndex=0, commits[84dc5f4e-7ff2-4b64-bf2b-05be131382df:c-1]
2019-07-30 23:29:54,975 WARN  nio.NioEventLoop (NioEventLoop.java:select(786)) - Selector.select() returned prematurely {} times in a row; rebuilding Selector {}.
2019-07-30 23:29:54,976 INFO  nio.NioEventLoop (NioEventLoop.java:rebuildSelector0(396)) - Migrated 0 channel(s) to the new Selector.
2019-07-30 23:29:56,008 INFO  client.GrpcClientProtocolClient (GrpcClientProtocolClient.java:onNext(255)) - client-2E8E0B8F135E->be73ec51-8ce9-4d13-9a6f-702b3a3463d6: receive RaftClientReply:client-2E8E0B8F135E->be73ec51-8ce9-4d13-9a6f-702b3a3463d6@group-E40250EB7431, cid=12, FAILED org.apache.ratis.protocol.NotLeaderException: Server be73ec51-8ce9-4d13-9a6f-702b3a3463d6 is not the leader (null). Request must be sent to leader., logIndex=0, commits[be73ec51-8ce9-4d13-9a6f-702b3a3463d6:c-1]
2019-07-30 23:29:57,030 INFO  impl.FollowerState (FollowerState.java:run(106)) - 84dc5f4e-7ff2-4b64-bf2b-05be131382df:group-4393FB605DAA changes to CANDIDATE, lastRpcTime:5089, electionTimeout:5088ms
2019-07-30 23:29:57,030 INFO  impl.RoleInfo (RoleInfo.java:shutdownFollowerState(121)) - 84dc5f4e-7ff2-4b64-bf2b-05be131382df: shutdown FollowerState
2019-07-30 23:29:57,031 INFO  impl.RaftServerImpl (RaftServerImpl.java:setRole(171)) - 84dc5f4e-7ff2-4b64-bf2b-05be131382df:group-4393FB605DAA changes role from FOLLOWER to CANDIDATE at term 0 for changeToCandidate
2019-07-30 23:29:57,035 INFO  impl.RoleInfo (RoleInfo.java:updateAndGet(143)) - 84dc5f4e-7ff2-4b64-bf2b-05be131382df: start LeaderElection
2019-07-30 23:29:57,058 INFO  impl.LeaderElection (LeaderElection.java:askForVotes(181)) - 84dc5f4e-7ff2-4b64-bf2b-05be131382df:group-4393FB605DAA:LeaderElection1: begin an election at term 1 for -1: [84dc5f4e-7ff2-4b64-bf2b-05be131382df:192.168.5.171:37220], old=null
2019-07-30 23:29:57,059 INFO  client.GrpcClientProtocolClient (GrpcClientProtocolClient.java:onNext(255)) - client-2E8E0B8F135E->84dc5f4e-7ff2-4b64-bf2b-05be131382df: receive RaftClientReply:client-2E8E0B8F135E->84dc5f4e-7ff2-4b64-bf2b-05be131382df@group-E40250EB7431, cid=12, FAILED org.apache.ratis.protocol.NotLeaderException: Server 84dc5f4e-7ff2-4b64-bf2b-05be131382df is not the leader (null). Request must be sent to leader., logIndex=0, commits[84dc5f4e-7ff2-4b64-bf2b-05be131382df:c-1]
2019-07-30 23:29:57,076 INFO  impl.RoleInfo (RoleInfo.java:shutdownLeaderElection(134)) - 84dc5f4e-7ff2-4b64-bf2b-05be131382df: shutdown LeaderElection
2019-07-30 23:29:57,081 INFO  impl.RaftServerImpl (RaftServerImpl.java:setRole(171)) - 84dc5f4e-7ff2-4b64-bf2b-05be131382df:group-4393FB605DAA changes role from CANDIDATE to LEADER at term 1 for changeToLeader
2019-07-30 23:29:57,081 INFO  impl.RaftServerImpl (ServerState.java:setLeader(263)) - 84dc5f4e-7ff2-4b64-bf2b-05be131382df:group-4393FB605DAA change Leader from null to 84dc5f4e-7ff2-4b64-bf2b-05be131382df at term 1 for becomeLeader, leader elected after 5226ms
2019-07-30 23:29:57,089 INFO  server.RaftServerConfigKeys (ConfUtils.java:logGet(43)) - raft.server.staging.catchup.gap = 1000 (default)
2019-07-30 23:29:57,089 INFO  server.RaftServerConfigKeys (ConfUtils.java:logGet(43)) - raft.server.rpc.sleep.time = 25ms (default)
2019-07-30 23:29:57,093 INFO  server.RaftServerConfigKeys (ConfUtils.java:logGet(43)) - raft.server.write.element-limit = 4096 (default)
2019-07-30 23:29:57,097 INFO  server.RaftServerConfigKeys (ConfUtils.java:logGet(43)) - raft.server.watch.timeout = 10s (default)
2019-07-30 23:29:57,097 INFO  server.RaftServerConfigKeys (ConfUtils.java:logGet(43)) - raft.server.watch.timeout.denomination = 1s (default)
2019-07-30 23:29:57,098 INFO  server.RaftServerConfigKeys (ConfUtils.java:logGet(43)) - raft.server.watch.element-limit = 65536 (default)
2019-07-30 23:29:57,109 INFO  impl.RoleInfo (RoleInfo.java:updateAndGet(143)) - 84dc5f4e-7ff2-4b64-bf2b-05be131382df: start LeaderState
2019-07-30 23:29:57,137 INFO  segmented.SegmentedRaftLogWorker (SegmentedRaftLogWorker.java:startLogSegment(380)) - 84dc5f4e-7ff2-4b64-bf2b-05be131382df-SegmentedRaftLogWorker:Storage Directory /workdir/hadoop-ozone/integration-test/target/test-dir/MiniOzoneClusterImpl-6cf7462e-b872-46ae-b611-ddfa7ff0531c/datanode-0/data/ratis/421f0e28-91a5-4ba7-ad59-4393fb605daa: Starting segment from index:0
2019-07-30 23:29:57,147 INFO  impl.RaftServerImpl (ServerState.java:setRaftConf(361)) - 84dc5f4e-7ff2-4b64-bf2b-05be131382df:group-4393FB605DAA set configuration 0: [84dc5f4e-7ff2-4b64-bf2b-05be131382df:192.168.5.171:37220], old=null at 0
2019-07-30 23:29:57,176 INFO  impl.FollowerState (FollowerState.java:run(106)) - 482141af-8e33-46bb-a95e-fa3dffb5ff50:group-EB4C1F22C60C changes to CANDIDATE, lastRpcTime:5051, electionTimeout:5050ms
2019-07-30 23:29:57,178 INFO  impl.RoleInfo (RoleInfo.java:shutdownFollowerState(121)) - 482141af-8e33-46bb-a95e-fa3dffb5ff50: shutdown FollowerState
2019-07-30 23:29:57,178 INFO  impl.RaftServerImpl (RaftServerImpl.java:setRole(171)) - 482141af-8e33-46bb-a95e-fa3dffb5ff50:group-EB4C1F22C60C changes role from FOLLOWER to CANDIDATE at term 0 for changeToCandidate
2019-07-30 23:29:57,178 INFO  impl.RoleInfo (RoleInfo.java:updateAndGet(143)) - 482141af-8e33-46bb-a95e-fa3dffb5ff50: start LeaderElection
2019-07-30 23:29:57,195 INFO  impl.LeaderElection (LeaderElection.java:askForVotes(181)) - 482141af-8e33-46bb-a95e-fa3dffb5ff50:group-EB4C1F22C60C:LeaderElection2: begin an election at term 1 for -1: [482141af-8e33-46bb-a95e-fa3dffb5ff50:192.168.5.171:46837], old=null
2019-07-30 23:29:57,197 INFO  impl.RoleInfo (RoleInfo.java:shutdownLeaderElection(134)) - 482141af-8e33-46bb-a95e-fa3dffb5ff50: shutdown LeaderElection
2019-07-30 23:29:57,197 INFO  impl.RaftServerImpl (RaftServerImpl.java:setRole(171)) - 482141af-8e33-46bb-a95e-fa3dffb5ff50:group-EB4C1F22C60C changes role from CANDIDATE to LEADER at term 1 for changeToLeader
2019-07-30 23:29:57,198 INFO  impl.RaftServerImpl (ServerState.java:setLeader(263)) - 482141af-8e33-46bb-a95e-fa3dffb5ff50:group-EB4C1F22C60C change Leader from null to 482141af-8e33-46bb-a95e-fa3dffb5ff50 at term 1 for becomeLeader, leader elected after 5079ms
2019-07-30 23:29:57,198 INFO  server.RaftServerConfigKeys (ConfUtils.java:logGet(43)) - raft.server.staging.catchup.gap = 1000 (default)
2019-07-30 23:29:57,198 INFO  server.RaftServerConfigKeys (ConfUtils.java:logGet(43)) - raft.server.rpc.sleep.time = 25ms (default)
2019-07-30 23:29:57,198 INFO  server.RaftServerConfigKeys (ConfUtils.java:logGet(43)) - raft.server.write.element-limit = 4096 (default)
2019-07-30 23:29:57,198 INFO  server.RaftServerConfigKeys (ConfUtils.java:logGet(43)) - raft.server.watch.timeout = 10s (default)
2019-07-30 23:29:57,199 INFO  server.RaftServerConfigKeys (ConfUtils.java:logGet(43)) - raft.server.watch.timeout.denomination = 1s (default)
2019-07-30 23:29:57,199 INFO  server.RaftServerConfigKeys (ConfUtils.java:logGet(43)) - raft.server.watch.element-limit = 65536 (default)
2019-07-30 23:29:57,199 INFO  impl.RoleInfo (RoleInfo.java:updateAndGet(143)) - 482141af-8e33-46bb-a95e-fa3dffb5ff50: start LeaderState
2019-07-30 23:29:57,199 INFO  segmented.SegmentedRaftLogWorker (SegmentedRaftLogWorker.java:startLogSegment(380)) - 482141af-8e33-46bb-a95e-fa3dffb5ff50-SegmentedRaftLogWorker:Storage Directory /workdir/hadoop-ozone/integration-test/target/test-dir/MiniOzoneClusterImpl-6cf7462e-b872-46ae-b611-ddfa7ff0531c/datanode-3/data/ratis/c51a0716-84e9-4931-a245-eb4c1f22c60c: Starting segment from index:0
2019-07-30 23:29:57,200 INFO  impl.RaftServerImpl (ServerState.java:setRaftConf(361)) - 482141af-8e33-46bb-a95e-fa3dffb5ff50:group-EB4C1F22C60C set configuration 0: [482141af-8e33-46bb-a95e-fa3dffb5ff50:192.168.5.171:46837], old=null at 0
2019-07-30 23:29:57,297 INFO  impl.FollowerState (FollowerState.java:run(106)) - e5573c90-367f-45c6-b7c8-99ac8857475d:group-CBD94F3610CB changes to CANDIDATE, lastRpcTime:5107, electionTimeout:5107ms
2019-07-30 23:29:57,297 INFO  impl.RoleInfo (RoleInfo.java:shutdownFollowerState(121)) - e5573c90-367f-45c6-b7c8-99ac8857475d: shutdown FollowerState
2019-07-30 23:29:57,297 INFO  impl.RaftServerImpl (RaftServerImpl.java:setRole(171)) - e5573c90-367f-45c6-b7c8-99ac8857475d:group-CBD94F3610CB changes role from FOLLOWER to CANDIDATE at term 0 for changeToCandidate
2019-07-30 23:29:57,298 INFO  impl.RoleInfo (RoleInfo.java:updateAndGet(143)) - e5573c90-367f-45c6-b7c8-99ac8857475d: start LeaderElection
2019-07-30 23:29:57,303 INFO  impl.FollowerState (FollowerState.java:run(106)) - 2831db6e-e8d4-4ce2-a419-fa624760c1f5:group-AF87FF41DDCE changes to CANDIDATE, lastRpcTime:5051, electionTimeout:5050ms
2019-07-30 23:29:57,303 INFO  impl.RoleInfo (RoleInfo.java:shutdownFollowerState(121)) - 2831db6e-e8d4-4ce2-a419-fa624760c1f5: shutdown FollowerState
2019-07-30 23:29:57,303 INFO  impl.RaftServerImpl (RaftServerImpl.java:setRole(171)) - 2831db6e-e8d4-4ce2-a419-fa624760c1f5:group-AF87FF41DDCE changes role from FOLLOWER to CANDIDATE at term 0 for changeToCandidate
2019-07-30 23:29:57,304 INFO  impl.RoleInfo (RoleInfo.java:updateAndGet(143)) - 2831db6e-e8d4-4ce2-a419-fa624760c1f5: start LeaderElection
2019-07-30 23:29:57,318 INFO  impl.LeaderElection (LeaderElection.java:askForVotes(181)) - e5573c90-367f-45c6-b7c8-99ac8857475d:group-CBD94F3610CB:LeaderElection3: begin an election at term 1 for -1: [e5573c90-367f-45c6-b7c8-99ac8857475d:192.168.5.171:32953], old=null
2019-07-30 23:29:57,318 INFO  impl.LeaderElection (LeaderElection.java:askForVotes(181)) - 2831db6e-e8d4-4ce2-a419-fa624760c1f5:group-AF87FF41DDCE:LeaderElection4: begin an election at term 1 for -1: [2831db6e-e8d4-4ce2-a419-fa624760c1f5:192.168.5.171:34133], old=null
2019-07-30 23:29:57,318 INFO  impl.RoleInfo (RoleInfo.java:shutdownLeaderElection(134)) - e5573c90-367f-45c6-b7c8-99ac8857475d: shutdown LeaderElection
2019-07-30 23:29:57,318 INFO  impl.RoleInfo (RoleInfo.java:shutdownLeaderElection(134)) - 2831db6e-e8d4-4ce2-a419-fa624760c1f5: shutdown LeaderElection
2019-07-30 23:29:57,318 INFO  impl.RaftServerImpl (RaftServerImpl.java:setRole(171)) - e5573c90-367f-45c6-b7c8-99ac8857475d:group-CBD94F3610CB changes role from CANDIDATE to LEADER at term 1 for changeToLeader
2019-07-30 23:29:57,319 INFO  impl.RaftServerImpl (RaftServerImpl.java:setRole(171)) - 2831db6e-e8d4-4ce2-a419-fa624760c1f5:group-AF87FF41DDCE changes role from CANDIDATE to LEADER at term 1 for changeToLeader
2019-07-30 23:29:57,319 INFO  impl.RaftServerImpl (ServerState.java:setLeader(263)) - e5573c90-367f-45c6-b7c8-99ac8857475d:group-CBD94F3610CB change Leader from null to e5573c90-367f-45c6-b7c8-99ac8857475d at term 1 for becomeLeader, leader elected after 5133ms
2019-07-30 23:29:57,319 INFO  impl.RaftServerImpl (ServerState.java:setLeader(263)) - 2831db6e-e8d4-4ce2-a419-fa624760c1f5:group-AF87FF41DDCE change Leader from null to 2831db6e-e8d4-4ce2-a419-fa624760c1f5 at term 1 for becomeLeader, leader elected after 5074ms
2019-07-30 23:29:57,319 INFO  server.RaftServerConfigKeys (ConfUtils.java:logGet(43)) - raft.server.staging.catchup.gap = 1000 (default)
2019-07-30 23:29:57,319 INFO  server.RaftServerConfigKeys (ConfUtils.java:logGet(43)) - raft.server.staging.catchup.gap = 1000 (default)
2019-07-30 23:29:57,319 INFO  server.RaftServerConfigKeys (ConfUtils.java:logGet(43)) - raft.server.rpc.sleep.time = 25ms (default)
2019-07-30 23:29:57,319 INFO  server.RaftServerConfigKeys (ConfUtils.java:logGet(43)) - raft.server.rpc.sleep.time = 25ms (default)
2019-07-30 23:29:57,320 INFO  server.RaftServerConfigKeys (ConfUtils.java:logGet(43)) - raft.server.write.element-limit = 4096 (default)
2019-07-30 23:29:57,320 INFO  server.RaftServerConfigKeys (ConfUtils.java:logGet(43)) - raft.server.write.element-limit = 4096 (default)
2019-07-30 23:29:57,320 INFO  server.RaftServerConfigKeys (ConfUtils.java:logGet(43)) - raft.server.watch.timeout = 10s (default)
2019-07-30 23:29:57,320 INFO  server.RaftServerConfigKeys (ConfUtils.java:logGet(43)) - raft.server.watch.timeout = 10s (default)
2019-07-30 23:29:57,320 INFO  server.RaftServerConfigKeys (ConfUtils.java:logGet(43)) - raft.server.watch.timeout.denomination = 1s (default)
2019-07-30 23:29:57,320 INFO  server.RaftServerConfigKeys (ConfUtils.java:logGet(43)) - raft.server.watch.timeout.denomination = 1s (default)
2019-07-30 23:29:57,320 INFO  server.RaftServerConfigKeys (ConfUtils.java:logGet(43)) - raft.server.watch.element-limit = 65536 (default)
2019-07-30 23:29:57,321 INFO  server.RaftServerConfigKeys (ConfUtils.java:logGet(43)) - raft.server.watch.element-limit = 65536 (default)
2019-07-30 23:29:57,321 INFO  impl.RoleInfo (RoleInfo.java:updateAndGet(143)) - 2831db6e-e8d4-4ce2-a419-fa624760c1f5: start LeaderState
2019-07-30 23:29:57,321 INFO  impl.RoleInfo (RoleInfo.java:updateAndGet(143)) - e5573c90-367f-45c6-b7c8-99ac8857475d: start LeaderState
2019-07-30 23:29:57,321 INFO  segmented.SegmentedRaftLogWorker (SegmentedRaftLogWorker.java:startLogSegment(380)) - 2831db6e-e8d4-4ce2-a419-fa624760c1f5-SegmentedRaftLogWorker:Storage Directory /workdir/hadoop-ozone/integration-test/target/test-dir/MiniOzoneClusterImpl-6cf7462e-b872-46ae-b611-ddfa7ff0531c/datanode-1/data/ratis/1d31d4b6-0c27-4711-ad9b-af87ff41ddce: Starting segment from index:0
2019-07-30 23:29:57,321 INFO  segmented.SegmentedRaftLogWorker (SegmentedRaftLogWorker.java:startLogSegment(380)) - e5573c90-367f-45c6-b7c8-99ac8857475d-SegmentedRaftLogWorker:Storage Directory /workdir/hadoop-ozone/integration-test/target/test-dir/MiniOzoneClusterImpl-6cf7462e-b872-46ae-b611-ddfa7ff0531c/datanode-4/data/ratis/8e3e5142-7a9e-4689-a666-cbd94f3610cb: Starting segment from index:0
2019-07-30 23:29:57,322 INFO  impl.RaftServerImpl (ServerState.java:setRaftConf(361)) - 2831db6e-e8d4-4ce2-a419-fa624760c1f5:group-AF87FF41DDCE set configuration 0: [2831db6e-e8d4-4ce2-a419-fa624760c1f5:192.168.5.171:34133], old=null at 0
2019-07-30 23:29:57,322 INFO  impl.RaftServerImpl (ServerState.java:setRaftConf(361)) - e5573c90-367f-45c6-b7c8-99ac8857475d:group-CBD94F3610CB set configuration 0: [e5573c90-367f-45c6-b7c8-99ac8857475d:192.168.5.171:32953], old=null at 0
2019-07-30 23:29:57,356 INFO  segmented.SegmentedRaftLogWorker (SegmentedRaftLogWorker.java:execute(569)) - 482141af-8e33-46bb-a95e-fa3dffb5ff50-SegmentedRaftLogWorker:Storage Directory /workdir/hadoop-ozone/integration-test/target/test-dir/MiniOzoneClusterImpl-6cf7462e-b872-46ae-b611-ddfa7ff0531c/datanode-3/data/ratis/c51a0716-84e9-4931-a245-eb4c1f22c60c: created new log segment /workdir/hadoop-ozone/integration-test/target/test-dir/MiniOzoneClusterImpl-6cf7462e-b872-46ae-b611-ddfa7ff0531c/datanode-3/data/ratis/c51a0716-84e9-4931-a245-eb4c1f22c60c/current/log_inprogress_0
2019-07-30 23:29:57,356 INFO  segmented.SegmentedRaftLogWorker (SegmentedRaftLogWorker.java:execute(569)) - 2831db6e-e8d4-4ce2-a419-fa624760c1f5-SegmentedRaftLogWorker:Storage Directory /workdir/hadoop-ozone/integration-test/target/test-dir/MiniOzoneClusterImpl-6cf7462e-b872-46ae-b611-ddfa7ff0531c/datanode-1/data/ratis/1d31d4b6-0c27-4711-ad9b-af87ff41ddce: created new log segment /workdir/hadoop-ozone/integration-test/target/test-dir/MiniOzoneClusterImpl-6cf7462e-b872-46ae-b611-ddfa7ff0531c/datanode-1/data/ratis/1d31d4b6-0c27-4711-ad9b-af87ff41ddce/current/log_inprogress_0
2019-07-30 23:29:57,365 INFO  segmented.SegmentedRaftLogWorker (SegmentedRaftLogWorker.java:execute(569)) - 84dc5f4e-7ff2-4b64-bf2b-05be131382df-SegmentedRaftLogWorker:Storage Directory /workdir/hadoop-ozone/integration-test/target/test-dir/MiniOzoneClusterImpl-6cf7462e-b872-46ae-b611-ddfa7ff0531c/datanode-0/data/ratis/421f0e28-91a5-4ba7-ad59-4393fb605daa: created new log segment /workdir/hadoop-ozone/integration-test/target/test-dir/MiniOzoneClusterImpl-6cf7462e-b872-46ae-b611-ddfa7ff0531c/datanode-0/data/ratis/421f0e28-91a5-4ba7-ad59-4393fb605daa/current/log_inprogress_0
2019-07-30 23:29:57,369 INFO  segmented.SegmentedRaftLogWorker (SegmentedRaftLogWorker.java:execute(569)) - e5573c90-367f-45c6-b7c8-99ac8857475d-SegmentedRaftLogWorker:Storage Directory /workdir/hadoop-ozone/integration-test/target/test-dir/MiniOzoneClusterImpl-6cf7462e-b872-46ae-b611-ddfa7ff0531c/datanode-4/data/ratis/8e3e5142-7a9e-4689-a666-cbd94f3610cb: created new log segment /workdir/hadoop-ozone/integration-test/target/test-dir/MiniOzoneClusterImpl-6cf7462e-b872-46ae-b611-ddfa7ff0531c/datanode-4/data/ratis/8e3e5142-7a9e-4689-a666-cbd94f3610cb/current/log_inprogress_0
2019-07-30 23:29:57,428 INFO  impl.FollowerState (FollowerState.java:run(106)) - be73ec51-8ce9-4d13-9a6f-702b3a3463d6:group-74EB3DF9C746 changes to CANDIDATE, lastRpcTime:5029, electionTimeout:5029ms
2019-07-30 23:29:57,431 INFO  impl.RoleInfo (RoleInfo.java:shutdownFollowerState(121)) - be73ec51-8ce9-4d13-9a6f-702b3a3463d6: shutdown FollowerState
2019-07-30 23:29:57,431 INFO  impl.RaftServerImpl (RaftServerImpl.java:setRole(171)) - be73ec51-8ce9-4d13-9a6f-702b3a3463d6:group-74EB3DF9C746 changes role from FOLLOWER to CANDIDATE at term 0 for changeToCandidate
2019-07-30 23:29:57,431 INFO  impl.RoleInfo (RoleInfo.java:updateAndGet(143)) - be73ec51-8ce9-4d13-9a6f-702b3a3463d6: start LeaderElection
2019-07-30 23:29:57,451 INFO  impl.LeaderElection (LeaderElection.java:askForVotes(181)) - be73ec51-8ce9-4d13-9a6f-702b3a3463d6:group-74EB3DF9C746:LeaderElection5: begin an election at term 1 for -1: [be73ec51-8ce9-4d13-9a6f-702b3a3463d6:192.168.5.171:41564], old=null
2019-07-30 23:29:57,453 INFO  impl.RoleInfo (RoleInfo.java:shutdownLeaderElection(134)) - be73ec51-8ce9-4d13-9a6f-702b3a3463d6: shutdown LeaderElection
2019-07-30 23:29:57,453 INFO  impl.RaftServerImpl (RaftServerImpl.java:setRole(171)) - be73ec51-8ce9-4d13-9a6f-702b3a3463d6:group-74EB3DF9C746 changes role from CANDIDATE to LEADER at term 1 for changeToLeader
2019-07-30 23:29:57,453 INFO  impl.RaftServerImpl (ServerState.java:setLeader(263)) - be73ec51-8ce9-4d13-9a6f-702b3a3463d6:group-74EB3DF9C746 change Leader from null to be73ec51-8ce9-4d13-9a6f-702b3a3463d6 at term 1 for becomeLeader, leader elected after 5059ms
2019-07-30 23:29:57,453 INFO  server.RaftServerConfigKeys (ConfUtils.java:logGet(43)) - raft.server.staging.catchup.gap = 1000 (default)
2019-07-30 23:29:57,453 INFO  server.RaftServerConfigKeys (ConfUtils.java:logGet(43)) - raft.server.rpc.sleep.time = 25ms (default)
2019-07-30 23:29:57,454 INFO  server.RaftServerConfigKeys (ConfUtils.java:logGet(43)) - raft.server.write.element-limit = 4096 (default)
2019-07-30 23:29:57,454 INFO  server.RaftServerConfigKeys (ConfUtils.java:logGet(43)) - raft.server.watch.timeout = 10s (default)
2019-07-30 23:29:57,454 INFO  server.RaftServerConfigKeys (ConfUtils.java:logGet(43)) - raft.server.watch.timeout.denomination = 1s (default)
2019-07-30 23:29:57,454 INFO  server.RaftServerConfigKeys (ConfUtils.java:logGet(43)) - raft.server.watch.element-limit = 65536 (default)
2019-07-30 23:29:57,454 INFO  impl.RoleInfo (RoleInfo.java:updateAndGet(143)) - be73ec51-8ce9-4d13-9a6f-702b3a3463d6: start LeaderState
2019-07-30 23:29:57,455 INFO  segmented.SegmentedRaftLogWorker (SegmentedRaftLogWorker.java:startLogSegment(380)) - be73ec51-8ce9-4d13-9a6f-702b3a3463d6-SegmentedRaftLogWorker:Storage Directory /workdir/hadoop-ozone/integration-test/target/test-dir/MiniOzoneClusterImpl-6cf7462e-b872-46ae-b611-ddfa7ff0531c/datanode-5/data/ratis/a01aa563-5b76-4b3c-bc32-74eb3df9c746: Starting segment from index:0
2019-07-30 23:29:57,455 INFO  impl.RaftServerImpl (ServerState.java:setRaftConf(361)) - be73ec51-8ce9-4d13-9a6f-702b3a3463d6:group-74EB3DF9C746 set configuration 0: [be73ec51-8ce9-4d13-9a6f-702b3a3463d6:192.168.5.171:41564], old=null at 0
2019-07-30 23:29:57,477 INFO  segmented.SegmentedRaftLogWorker (SegmentedRaftLogWorker.java:execute(569)) - be73ec51-8ce9-4d13-9a6f-702b3a3463d6-SegmentedRaftLogWorker:Storage Directory /workdir/hadoop-ozone/integration-test/target/test-dir/MiniOzoneClusterImpl-6cf7462e-b872-46ae-b611-ddfa7ff0531c/datanode-5/data/ratis/a01aa563-5b76-4b3c-bc32-74eb3df9c746: created new log segment /workdir/hadoop-ozone/integration-test/target/test-dir/MiniOzoneClusterImpl-6cf7462e-b872-46ae-b611-ddfa7ff0531c/datanode-5/data/ratis/a01aa563-5b76-4b3c-bc32-74eb3df9c746/current/log_inprogress_0
2019-07-30 23:29:57,490 INFO  impl.FollowerState (FollowerState.java:run(106)) - 52c807aa-c5f6-460b-9daa-ff08ec66c080:group-DC75E866E80A changes to CANDIDATE, lastRpcTime:5164, electionTimeout:5164ms
2019-07-30 23:29:57,490 INFO  impl.RoleInfo (RoleInfo.java:shutdownFollowerState(121)) - 52c807aa-c5f6-460b-9daa-ff08ec66c080: shutdown FollowerState
2019-07-30 23:29:57,491 INFO  impl.RaftServerImpl (RaftServerImpl.java:setRole(171)) - 52c807aa-c5f6-460b-9daa-ff08ec66c080:group-DC75E866E80A changes role from FOLLOWER to CANDIDATE at term 0 for changeToCandidate
2019-07-30 23:29:57,491 INFO  impl.RoleInfo (RoleInfo.java:updateAndGet(143)) - 52c807aa-c5f6-460b-9daa-ff08ec66c080: start LeaderElection
2019-07-30 23:29:57,507 INFO  impl.LeaderElection (LeaderElection.java:askForVotes(181)) - 52c807aa-c5f6-460b-9daa-ff08ec66c080:group-DC75E866E80A:LeaderElection6: begin an election at term 1 for -1: [52c807aa-c5f6-460b-9daa-ff08ec66c080:192.168.5.171:42405], old=null
2019-07-30 23:29:57,509 INFO  impl.RoleInfo (RoleInfo.java:shutdownLeaderElection(134)) - 52c807aa-c5f6-460b-9daa-ff08ec66c080: shutdown LeaderElection
2019-07-30 23:29:57,509 INFO  impl.RaftServerImpl (RaftServerImpl.java:setRole(171)) - 52c807aa-c5f6-460b-9daa-ff08ec66c080:group-DC75E866E80A changes role from CANDIDATE to LEADER at term 1 for changeToLeader
2019-07-30 23:29:57,509 INFO  impl.RaftServerImpl (ServerState.java:setLeader(263)) - 52c807aa-c5f6-460b-9daa-ff08ec66c080:group-DC75E866E80A change Leader from null to 52c807aa-c5f6-460b-9daa-ff08ec66c080 at term 1 for becomeLeader, leader elected after 5189ms
2019-07-30 23:29:57,510 INFO  server.RaftServerConfigKeys (ConfUtils.java:logGet(43)) - raft.server.staging.catchup.gap = 1000 (default)
2019-07-30 23:29:57,510 INFO  server.RaftServerConfigKeys (ConfUtils.java:logGet(43)) - raft.server.rpc.sleep.time = 25ms (default)
2019-07-30 23:29:57,510 INFO  server.RaftServerConfigKeys (ConfUtils.java:logGet(43)) - raft.server.write.element-limit = 4096 (default)
2019-07-30 23:29:57,510 INFO  server.RaftServerConfigKeys (ConfUtils.java:logGet(43)) - raft.server.watch.timeout = 10s (default)
2019-07-30 23:29:57,510 INFO  server.RaftServerConfigKeys (ConfUtils.java:logGet(43)) - raft.server.watch.timeout.denomination = 1s (default)
2019-07-30 23:29:57,511 INFO  server.RaftServerConfigKeys (ConfUtils.java:logGet(43)) - raft.server.watch.element-limit = 65536 (default)
2019-07-30 23:29:57,511 INFO  impl.RoleInfo (RoleInfo.java:updateAndGet(143)) - 52c807aa-c5f6-460b-9daa-ff08ec66c080: start LeaderState
2019-07-30 23:29:57,511 INFO  segmented.SegmentedRaftLogWorker (SegmentedRaftLogWorker.java:startLogSegment(380)) - 52c807aa-c5f6-460b-9daa-ff08ec66c080-SegmentedRaftLogWorker:Storage Directory /workdir/hadoop-ozone/integration-test/target/test-dir/MiniOzoneClusterImpl-6cf7462e-b872-46ae-b611-ddfa7ff0531c/datanode-2/data/ratis/4f59213d-a661-4015-b568-dc75e866e80a: Starting segment from index:0
2019-07-30 23:29:57,512 INFO  impl.RaftServerImpl (ServerState.java:setRaftConf(361)) - 52c807aa-c5f6-460b-9daa-ff08ec66c080:group-DC75E866E80A set configuration 0: [52c807aa-c5f6-460b-9daa-ff08ec66c080:192.168.5.171:42405], old=null at 0
2019-07-30 23:29:57,534 INFO  segmented.SegmentedRaftLogWorker (SegmentedRaftLogWorker.java:execute(569)) - 52c807aa-c5f6-460b-9daa-ff08ec66c080-SegmentedRaftLogWorker:Storage Directory /workdir/hadoop-ozone/integration-test/target/test-dir/MiniOzoneClusterImpl-6cf7462e-b872-46ae-b611-ddfa7ff0531c/datanode-2/data/ratis/4f59213d-a661-4015-b568-dc75e866e80a: created new log segment /workdir/hadoop-ozone/integration-test/target/test-dir/MiniOzoneClusterImpl-6cf7462e-b872-46ae-b611-ddfa7ff0531c/datanode-2/data/ratis/4f59213d-a661-4015-b568-dc75e866e80a/current/log_inprogress_0
2019-07-30 23:29:57,550 INFO  impl.FollowerState (FollowerState.java:run(106)) - 482141af-8e33-46bb-a95e-fa3dffb5ff50:group-56EA78762C33 changes to CANDIDATE, lastRpcTime:5042, electionTimeout:5042ms
2019-07-30 23:29:57,550 INFO  impl.RoleInfo (RoleInfo.java:shutdownFollowerState(121)) - 482141af-8e33-46bb-a95e-fa3dffb5ff50: shutdown FollowerState
2019-07-30 23:29:57,550 INFO  impl.RaftServerImpl (RaftServerImpl.java:setRole(171)) - 482141af-8e33-46bb-a95e-fa3dffb5ff50:group-56EA78762C33 changes role from FOLLOWER to CANDIDATE at term 0 for changeToCandidate
2019-07-30 23:29:57,551 INFO  impl.RoleInfo (RoleInfo.java:updateAndGet(143)) - 482141af-8e33-46bb-a95e-fa3dffb5ff50: start LeaderElection
2019-07-30 23:29:57,562 INFO  impl.LeaderElection (LeaderElection.java:askForVotes(181)) - 482141af-8e33-46bb-a95e-fa3dffb5ff50:group-56EA78762C33:LeaderElection7: begin an election at term 1 for -1: [482141af-8e33-46bb-a95e-fa3dffb5ff50:192.168.5.171:46837, 2831db6e-e8d4-4ce2-a419-fa624760c1f5:192.168.5.171:34133, e5573c90-367f-45c6-b7c8-99ac8857475d:192.168.5.171:32953], old=null
2019-07-30 23:29:57,596 INFO  impl.RaftServerImpl (RaftServerImpl.java:setRole(171)) - e5573c90-367f-45c6-b7c8-99ac8857475d:group-56EA78762C33 changes role from FOLLOWER to FOLLOWER at term 1 for recognizeCandidate:482141af-8e33-46bb-a95e-fa3dffb5ff50
2019-07-30 23:29:57,596 INFO  impl.RaftServerImpl (RaftServerImpl.java:setRole(171)) - 2831db6e-e8d4-4ce2-a419-fa624760c1f5:group-56EA78762C33 changes role from FOLLOWER to FOLLOWER at term 1 for recognizeCandidate:482141af-8e33-46bb-a95e-fa3dffb5ff50
2019-07-30 23:29:57,597 INFO  impl.RoleInfo (RoleInfo.java:shutdownFollowerState(121)) - e5573c90-367f-45c6-b7c8-99ac8857475d: shutdown FollowerState
2019-07-30 23:29:57,598 INFO  impl.RoleInfo (RoleInfo.java:shutdownFollowerState(121)) - 2831db6e-e8d4-4ce2-a419-fa624760c1f5: shutdown FollowerState
2019-07-30 23:29:57,598 INFO  impl.RoleInfo (RoleInfo.java:updateAndGet(143)) - e5573c90-367f-45c6-b7c8-99ac8857475d: start FollowerState
2019-07-30 23:29:57,598 INFO  impl.FollowerState (FollowerState.java:run(114)) - 2831db6e-e8d4-4ce2-a419-fa624760c1f5: FollowerState was interrupted: java.lang.InterruptedException: sleep interrupted
2019-07-30 23:29:57,598 INFO  impl.FollowerState (FollowerState.java:run(114)) - e5573c90-367f-45c6-b7c8-99ac8857475d: FollowerState was interrupted: java.lang.InterruptedException: sleep interrupted
2019-07-30 23:29:57,598 INFO  impl.RoleInfo (RoleInfo.java:updateAndGet(143)) - 2831db6e-e8d4-4ce2-a419-fa624760c1f5: start FollowerState
2019-07-30 23:29:57,598 INFO  impl.FollowerState (FollowerState.java:run(106)) - be73ec51-8ce9-4d13-9a6f-702b3a3463d6:group-E40250EB7431 changes to CANDIDATE, lastRpcTime:5005, electionTimeout:5005ms
2019-07-30 23:29:57,602 INFO  impl.RoleInfo (RoleInfo.java:shutdownFollowerState(121)) - be73ec51-8ce9-4d13-9a6f-702b3a3463d6: shutdown FollowerState
2019-07-30 23:29:57,602 INFO  impl.RaftServerImpl (RaftServerImpl.java:setRole(171)) - be73ec51-8ce9-4d13-9a6f-702b3a3463d6:group-E40250EB7431 changes role from FOLLOWER to CANDIDATE at term 0 for changeToCandidate
2019-07-30 23:29:57,603 INFO  impl.RoleInfo (RoleInfo.java:updateAndGet(143)) - be73ec51-8ce9-4d13-9a6f-702b3a3463d6: start LeaderElection
2019-07-30 23:29:57,618 INFO  impl.LeaderElection (LeaderElection.java:askForVotes(181)) - be73ec51-8ce9-4d13-9a6f-702b3a3463d6:group-E40250EB7431:LeaderElection8: begin an election at term 1 for -1: [52c807aa-c5f6-460b-9daa-ff08ec66c080:192.168.5.171:42405, be73ec51-8ce9-4d13-9a6f-702b3a3463d6:192.168.5.171:41564, 84dc5f4e-7ff2-4b64-bf2b-05be131382df:192.168.5.171:37220], old=null
2019-07-30 23:29:57,637 INFO  impl.LeaderElection (LeaderElection.java:logAndReturn(56)) - 482141af-8e33-46bb-a95e-fa3dffb5ff50:group-56EA78762C33:LeaderElection7: Election PASSED; received 1 response(s) [482141af-8e33-46bb-a95e-fa3dffb5ff50<-2831db6e-e8d4-4ce2-a419-fa624760c1f5#0:OK-t1] and 0 exception(s); 482141af-8e33-46bb-a95e-fa3dffb5ff50:t1, leader=null, voted=482141af-8e33-46bb-a95e-fa3dffb5ff50, raftlog=482141af-8e33-46bb-a95e-fa3dffb5ff50-SegmentedRaftLog:OPENED:c-1,f-1,i0, conf=-1: [482141af-8e33-46bb-a95e-fa3dffb5ff50:192.168.5.171:46837, 2831db6e-e8d4-4ce2-a419-fa624760c1f5:192.168.5.171:34133, e5573c90-367f-45c6-b7c8-99ac8857475d:192.168.5.171:32953], old=null
2019-07-30 23:29:57,638 INFO  impl.RoleInfo (RoleInfo.java:shutdownLeaderElection(134)) - 482141af-8e33-46bb-a95e-fa3dffb5ff50: shutdown LeaderElection
2019-07-30 23:29:57,638 INFO  impl.RaftServerImpl (RaftServerImpl.java:setRole(171)) - 482141af-8e33-46bb-a95e-fa3dffb5ff50:group-56EA78762C33 changes role from CANDIDATE to LEADER at term 1 for changeToLeader
2019-07-30 23:29:57,640 INFO  impl.RaftServerImpl (ServerState.java:setLeader(263)) - 482141af-8e33-46bb-a95e-fa3dffb5ff50:group-56EA78762C33 change Leader from null to 482141af-8e33-46bb-a95e-fa3dffb5ff50 at term 1 for becomeLeader, leader elected after 5155ms
2019-07-30 23:29:57,640 INFO  server.RaftServerConfigKeys (ConfUtils.java:logGet(43)) - raft.server.staging.catchup.gap = 1000 (default)
2019-07-30 23:29:57,640 INFO  server.RaftServerConfigKeys (ConfUtils.java:logGet(43)) - raft.server.rpc.sleep.time = 25ms (default)
2019-07-30 23:29:57,641 INFO  server.RaftServerConfigKeys (ConfUtils.java:logGet(43)) - raft.server.write.element-limit = 4096 (default)
2019-07-30 23:29:57,641 INFO  server.RaftServerConfigKeys (ConfUtils.java:logGet(43)) - raft.server.watch.timeout = 10s (default)
2019-07-30 23:29:57,643 INFO  server.RaftServerConfigKeys (ConfUtils.java:logGet(43)) - raft.server.watch.timeout.denomination = 1s (default)
2019-07-30 23:29:57,650 INFO  impl.RaftServerImpl (RaftServerImpl.java:setRole(171)) - 52c807aa-c5f6-460b-9daa-ff08ec66c080:group-E40250EB7431 changes role from FOLLOWER to FOLLOWER at term 1 for recognizeCandidate:be73ec51-8ce9-4d13-9a6f-702b3a3463d6
2019-07-30 23:29:57,651 INFO  server.RaftServerConfigKeys (ConfUtils.java:logGet(43)) - raft.server.watch.element-limit = 65536 (default)
2019-07-30 23:29:57,652 INFO  impl.RaftServerImpl (RaftServerImpl.java:setRole(171)) - 84dc5f4e-7ff2-4b64-bf2b-05be131382df:group-E40250EB7431 changes role from FOLLOWER to FOLLOWER at term 1 for recognizeCandidate:be73ec51-8ce9-4d13-9a6f-702b3a3463d6
2019-07-30 23:29:57,652 INFO  impl.RoleInfo (RoleInfo.java:shutdownFollowerState(121)) - 52c807aa-c5f6-460b-9daa-ff08ec66c080: shutdown FollowerState
2019-07-30 23:29:57,652 INFO  impl.RoleInfo (RoleInfo.java:shutdownFollowerState(121)) - 84dc5f4e-7ff2-4b64-bf2b-05be131382df: shutdown FollowerState
2019-07-30 23:29:57,652 INFO  impl.RoleInfo (RoleInfo.java:updateAndGet(143)) - 52c807aa-c5f6-460b-9daa-ff08ec66c080: start FollowerState
2019-07-30 23:29:57,652 INFO  impl.FollowerState (FollowerState.java:run(114)) - 84dc5f4e-7ff2-4b64-bf2b-05be131382df: FollowerState was interrupted: java.lang.InterruptedException: sleep interrupted
2019-07-30 23:29:57,652 INFO  impl.RoleInfo (RoleInfo.java:updateAndGet(143)) - 84dc5f4e-7ff2-4b64-bf2b-05be131382df: start FollowerState
2019-07-30 23:29:57,652 INFO  impl.FollowerState (FollowerState.java:run(114)) - 52c807aa-c5f6-460b-9daa-ff08ec66c080: FollowerState was interrupted: java.lang.InterruptedException: sleep interrupted
2019-07-30 23:29:57,659 INFO  server.RaftServerConfigKeys (ConfUtils.java:logGet(43)) - raft.server.log.appender.snapshot.chunk.size.max = 16MB (=16777216) (default)
2019-07-30 23:29:57,659 INFO  server.RaftServerConfigKeys (ConfUtils.java:logGet(43)) - raft.server.log.appender.buffer.byte-limit = 33554432 (custom)
2019-07-30 23:29:57,660 INFO  server.RaftServerConfigKeys (ConfUtils.java:logGet(43)) - raft.server.log.appender.buffer.element-limit = 1 (custom)
2019-07-30 23:29:57,663 INFO  grpc.GrpcConfigKeys$Server (ConfUtils.java:logGet(43)) - raft.grpc.server.leader.outstanding.appends.max = 128 (default)
2019-07-30 23:29:57,663 INFO  server.RaftServerConfigKeys (ConfUtils.java:logGet(43)) - raft.server.rpc.request.timeout = 3000ms (default)
2019-07-30 23:29:57,663 INFO  server.RaftServerConfigKeys (ConfUtils.java:logGet(43)) - raft.server.log.appender.install.snapshot.enabled = false (custom)
2019-07-30 23:29:57,663 INFO  server.RaftServerConfigKeys (ConfUtils.java:logGet(43)) - raft.server.log.appender.snapshot.chunk.size.max = 16MB (=16777216) (default)
2019-07-30 23:29:57,663 INFO  server.RaftServerConfigKeys (ConfUtils.java:logGet(43)) - raft.server.log.appender.buffer.byte-limit = 33554432 (custom)
2019-07-30 23:29:57,663 INFO  server.RaftServerConfigKeys (ConfUtils.java:logGet(43)) - raft.server.log.appender.buffer.element-limit = 1 (custom)
2019-07-30 23:29:57,664 INFO  grpc.GrpcConfigKeys$Server (ConfUtils.java:logGet(43)) - raft.grpc.server.leader.outstanding.appends.max = 128 (default)
2019-07-30 23:29:57,664 INFO  server.RaftServerConfigKeys (ConfUtils.java:logGet(43)) - raft.server.rpc.request.timeout = 3000ms (default)
2019-07-30 23:29:57,664 INFO  server.RaftServerConfigKeys (ConfUtils.java:logGet(43)) - raft.server.log.appender.install.snapshot.enabled = false (custom)
2019-07-30 23:29:57,666 INFO  impl.RoleInfo (RoleInfo.java:updateAndGet(143)) - 482141af-8e33-46bb-a95e-fa3dffb5ff50: start LeaderState
2019-07-30 23:29:57,666 INFO  segmented.SegmentedRaftLogWorker (SegmentedRaftLogWorker.java:startLogSegment(380)) - 482141af-8e33-46bb-a95e-fa3dffb5ff50-SegmentedRaftLogWorker:Storage Directory /workdir/hadoop-ozone/integration-test/target/test-dir/MiniOzoneClusterImpl-6cf7462e-b872-46ae-b611-ddfa7ff0531c/datanode-3/data/ratis/149dfe82-b13a-4bcf-9a1e-56ea78762c33: Starting segment from index:0
2019-07-30 23:29:57,668 INFO  impl.RaftServerImpl (ServerState.java:setRaftConf(361)) - 482141af-8e33-46bb-a95e-fa3dffb5ff50:group-56EA78762C33 set configuration 0: [482141af-8e33-46bb-a95e-fa3dffb5ff50:192.168.5.171:46837, 2831db6e-e8d4-4ce2-a419-fa624760c1f5:192.168.5.171:34133, e5573c90-367f-45c6-b7c8-99ac8857475d:192.168.5.171:32953], old=null at 0
2019-07-30 23:29:57,689 INFO  segmented.SegmentedRaftLogWorker (SegmentedRaftLogWorker.java:execute(569)) - 482141af-8e33-46bb-a95e-fa3dffb5ff50-SegmentedRaftLogWorker:Storage Directory /workdir/hadoop-ozone/integration-test/target/test-dir/MiniOzoneClusterImpl-6cf7462e-b872-46ae-b611-ddfa7ff0531c/datanode-3/data/ratis/149dfe82-b13a-4bcf-9a1e-56ea78762c33: created new log segment /workdir/hadoop-ozone/integration-test/target/test-dir/MiniOzoneClusterImpl-6cf7462e-b872-46ae-b611-ddfa7ff0531c/datanode-3/data/ratis/149dfe82-b13a-4bcf-9a1e-56ea78762c33/current/log_inprogress_0
2019-07-30 23:29:57,698 INFO  impl.LeaderElection (LeaderElection.java:logAndReturn(56)) - be73ec51-8ce9-4d13-9a6f-702b3a3463d6:group-E40250EB7431:LeaderElection8: Election PASSED; received 1 response(s) [be73ec51-8ce9-4d13-9a6f-702b3a3463d6<-84dc5f4e-7ff2-4b64-bf2b-05be131382df#0:OK-t1] and 0 exception(s); be73ec51-8ce9-4d13-9a6f-702b3a3463d6:t1, leader=null, voted=be73ec51-8ce9-4d13-9a6f-702b3a3463d6, raftlog=be73ec51-8ce9-4d13-9a6f-702b3a3463d6-SegmentedRaftLog:OPENED:c-1,f-1,i0, conf=-1: [52c807aa-c5f6-460b-9daa-ff08ec66c080:192.168.5.171:42405, be73ec51-8ce9-4d13-9a6f-702b3a3463d6:192.168.5.171:41564, 84dc5f4e-7ff2-4b64-bf2b-05be131382df:192.168.5.171:37220], old=null
2019-07-30 23:29:57,698 INFO  impl.RoleInfo (RoleInfo.java:shutdownLeaderElection(134)) - be73ec51-8ce9-4d13-9a6f-702b3a3463d6: shutdown LeaderElection
2019-07-30 23:29:57,702 INFO  impl.RaftServerImpl (RaftServerImpl.java:setRole(171)) - be73ec51-8ce9-4d13-9a6f-702b3a3463d6:group-E40250EB7431 changes role from CANDIDATE to LEADER at term 1 for changeToLeader
2019-07-30 23:29:57,702 INFO  impl.RaftServerImpl (ServerState.java:setLeader(263)) - be73ec51-8ce9-4d13-9a6f-702b3a3463d6:group-E40250EB7431 change Leader from null to be73ec51-8ce9-4d13-9a6f-702b3a3463d6 at term 1 for becomeLeader, leader elected after 5121ms
2019-07-30 23:29:57,706 INFO  server.RaftServerConfigKeys (ConfUtils.java:logGet(43)) - raft.server.staging.catchup.gap = 1000 (default)
2019-07-30 23:29:57,706 INFO  server.RaftServerConfigKeys (ConfUtils.java:logGet(43)) - raft.server.rpc.sleep.time = 25ms (default)
2019-07-30 23:29:57,706 INFO  server.RaftServerConfigKeys (ConfUtils.java:logGet(43)) - raft.server.write.element-limit = 4096 (default)
2019-07-30 23:29:57,706 INFO  server.RaftServerConfigKeys (ConfUtils.java:logGet(43)) - raft.server.watch.timeout = 10s (default)
2019-07-30 23:29:57,706 INFO  server.RaftServerConfigKeys (ConfUtils.java:logGet(43)) - raft.server.watch.timeout.denomination = 1s (default)
2019-07-30 23:29:57,707 INFO  server.RaftServerConfigKeys (ConfUtils.java:logGet(43)) - raft.server.watch.element-limit = 65536 (default)
2019-07-30 23:29:57,707 INFO  server.RaftServerConfigKeys (ConfUtils.java:logGet(43)) - raft.server.log.appender.snapshot.chunk.size.max = 16MB (=16777216) (default)
2019-07-30 23:29:57,707 INFO  server.RaftServerConfigKeys (ConfUtils.java:logGet(43)) - raft.server.log.appender.buffer.byte-limit = 33554432 (custom)
2019-07-30 23:29:57,707 INFO  server.RaftServerConfigKeys (ConfUtils.java:logGet(43)) - raft.server.log.appender.buffer.element-limit = 1 (custom)
2019-07-30 23:29:57,707 INFO  grpc.GrpcConfigKeys$Server (ConfUtils.java:logGet(43)) - raft.grpc.server.leader.outstanding.appends.max = 128 (default)
2019-07-30 23:29:57,708 INFO  server.RaftServerConfigKeys (ConfUtils.java:logGet(43)) - raft.server.rpc.request.timeout = 3000ms (default)
2019-07-30 23:29:57,708 INFO  server.RaftServerConfigKeys (ConfUtils.java:logGet(43)) - raft.server.log.appender.install.snapshot.enabled = false (custom)
2019-07-30 23:29:57,708 INFO  server.RaftServerConfigKeys (ConfUtils.java:logGet(43)) - raft.server.log.appender.snapshot.chunk.size.max = 16MB (=16777216) (default)
2019-07-30 23:29:57,708 INFO  server.RaftServerConfigKeys (ConfUtils.java:logGet(43)) - raft.server.log.appender.buffer.byte-limit = 33554432 (custom)
2019-07-30 23:29:57,708 INFO  server.RaftServerConfigKeys (ConfUtils.java:logGet(43)) - raft.server.log.appender.buffer.element-limit = 1 (custom)
2019-07-30 23:29:57,708 INFO  grpc.GrpcConfigKeys$Server (ConfUtils.java:logGet(43)) - raft.grpc.server.leader.outstanding.appends.max = 128 (default)
2019-07-30 23:29:57,709 INFO  server.RaftServerConfigKeys (ConfUtils.java:logGet(43)) - raft.server.rpc.request.timeout = 3000ms (default)
2019-07-30 23:29:57,709 INFO  server.RaftServerConfigKeys (ConfUtils.java:logGet(43)) - raft.server.log.appender.install.snapshot.enabled = false (custom)
2019-07-30 23:29:57,709 INFO  impl.RoleInfo (RoleInfo.java:updateAndGet(143)) - be73ec51-8ce9-4d13-9a6f-702b3a3463d6: start LeaderState
2019-07-30 23:29:57,709 INFO  segmented.SegmentedRaftLogWorker (SegmentedRaftLogWorker.java:startLogSegment(380)) - be73ec51-8ce9-4d13-9a6f-702b3a3463d6-SegmentedRaftLogWorker:Storage Directory /workdir/hadoop-ozone/integration-test/target/test-dir/MiniOzoneClusterImpl-6cf7462e-b872-46ae-b611-ddfa7ff0531c/datanode-5/data/ratis/8c9e54b3-b841-4775-bc8f-e40250eb7431: Starting segment from index:0
2019-07-30 23:29:57,710 INFO  impl.RaftServerImpl (ServerState.java:setRaftConf(361)) - be73ec51-8ce9-4d13-9a6f-702b3a3463d6:group-E40250EB7431 set configuration 0: [52c807aa-c5f6-460b-9daa-ff08ec66c080:192.168.5.171:42405, be73ec51-8ce9-4d13-9a6f-702b3a3463d6:192.168.5.171:41564, 84dc5f4e-7ff2-4b64-bf2b-05be131382df:192.168.5.171:37220], old=null at 0
2019-07-30 23:29:57,762 INFO  segmented.SegmentedRaftLogWorker (SegmentedRaftLogWorker.java:execute(569)) - be73ec51-8ce9-4d13-9a6f-702b3a3463d6-SegmentedRaftLogWorker:Storage Directory /workdir/hadoop-ozone/integration-test/target/test-dir/MiniOzoneClusterImpl-6cf7462e-b872-46ae-b611-ddfa7ff0531c/datanode-5/data/ratis/8c9e54b3-b841-4775-bc8f-e40250eb7431: created new log segment /workdir/hadoop-ozone/integration-test/target/test-dir/MiniOzoneClusterImpl-6cf7462e-b872-46ae-b611-ddfa7ff0531c/datanode-5/data/ratis/8c9e54b3-b841-4775-bc8f-e40250eb7431/current/log_inprogress_0
2019-07-30 23:29:57,762 INFO  impl.RaftServerImpl (ServerState.java:setLeader(263)) - 52c807aa-c5f6-460b-9daa-ff08ec66c080:group-E40250EB7431 change Leader from null to be73ec51-8ce9-4d13-9a6f-702b3a3463d6 at term 1 for appendEntries, leader elected after 5180ms
2019-07-30 23:29:57,762 INFO  impl.RaftServerImpl (ServerState.java:setLeader(263)) - e5573c90-367f-45c6-b7c8-99ac8857475d:group-56EA78762C33 change Leader from null to 482141af-8e33-46bb-a95e-fa3dffb5ff50 at term 1 for appendEntries, leader elected after 5277ms
2019-07-30 23:29:57,765 INFO  impl.RaftServerImpl (ServerState.java:setLeader(263)) - 84dc5f4e-7ff2-4b64-bf2b-05be131382df:group-E40250EB7431 change Leader from null to be73ec51-8ce9-4d13-9a6f-702b3a3463d6 at term 1 for appendEntries, leader elected after 5184ms
2019-07-30 23:29:57,764 INFO  impl.RaftServerImpl (ServerState.java:setLeader(263)) - 2831db6e-e8d4-4ce2-a419-fa624760c1f5:group-56EA78762C33 change Leader from null to 482141af-8e33-46bb-a95e-fa3dffb5ff50 at term 1 for appendEntries, leader elected after 5279ms
2019-07-30 23:29:57,798 INFO  impl.RaftServerImpl (ServerState.java:setRaftConf(361)) - e5573c90-367f-45c6-b7c8-99ac8857475d:group-56EA78762C33 set configuration 0: [482141af-8e33-46bb-a95e-fa3dffb5ff50:192.168.5.171:46837, 2831db6e-e8d4-4ce2-a419-fa624760c1f5:192.168.5.171:34133, e5573c90-367f-45c6-b7c8-99ac8857475d:192.168.5.171:32953], old=null at 0
2019-07-30 23:29:57,798 INFO  impl.RaftServerImpl (ServerState.java:setRaftConf(361)) - 2831db6e-e8d4-4ce2-a419-fa624760c1f5:group-56EA78762C33 set configuration 0: [482141af-8e33-46bb-a95e-fa3dffb5ff50:192.168.5.171:46837, 2831db6e-e8d4-4ce2-a419-fa624760c1f5:192.168.5.171:34133, e5573c90-367f-45c6-b7c8-99ac8857475d:192.168.5.171:32953], old=null at 0
2019-07-30 23:29:57,798 INFO  segmented.SegmentedRaftLogWorker (SegmentedRaftLogWorker.java:startLogSegment(380)) - e5573c90-367f-45c6-b7c8-99ac8857475d-SegmentedRaftLogWorker:Storage Directory /workdir/hadoop-ozone/integration-test/target/test-dir/MiniOzoneClusterImpl-6cf7462e-b872-46ae-b611-ddfa7ff0531c/datanode-4/data/ratis/149dfe82-b13a-4bcf-9a1e-56ea78762c33: Starting segment from index:0
2019-07-30 23:29:57,798 INFO  impl.RaftServerImpl (ServerState.java:setRaftConf(361)) - 84dc5f4e-7ff2-4b64-bf2b-05be131382df:group-E40250EB7431 set configuration 0: [52c807aa-c5f6-460b-9daa-ff08ec66c080:192.168.5.171:42405, be73ec51-8ce9-4d13-9a6f-702b3a3463d6:192.168.5.171:41564, 84dc5f4e-7ff2-4b64-bf2b-05be131382df:192.168.5.171:37220], old=null at 0
2019-07-30 23:29:57,798 INFO  impl.RaftServerImpl (ServerState.java:setRaftConf(361)) - 52c807aa-c5f6-460b-9daa-ff08ec66c080:group-E40250EB7431 set configuration 0: [52c807aa-c5f6-460b-9daa-ff08ec66c080:192.168.5.171:42405, be73ec51-8ce9-4d13-9a6f-702b3a3463d6:192.168.5.171:41564, 84dc5f4e-7ff2-4b64-bf2b-05be131382df:192.168.5.171:37220], old=null at 0
2019-07-30 23:29:57,799 INFO  segmented.SegmentedRaftLogWorker (SegmentedRaftLogWorker.java:startLogSegment(380)) - 84dc5f4e-7ff2-4b64-bf2b-05be131382df-SegmentedRaftLogWorker:Storage Directory /workdir/hadoop-ozone/integration-test/target/test-dir/MiniOzoneClusterImpl-6cf7462e-b872-46ae-b611-ddfa7ff0531c/datanode-0/data/ratis/8c9e54b3-b841-4775-bc8f-e40250eb7431: Starting segment from index:0
2019-07-30 23:29:57,798 INFO  segmented.SegmentedRaftLogWorker (SegmentedRaftLogWorker.java:startLogSegment(380)) - 2831db6e-e8d4-4ce2-a419-fa624760c1f5-SegmentedRaftLogWorker:Storage Directory /workdir/hadoop-ozone/integration-test/target/test-dir/MiniOzoneClusterImpl-6cf7462e-b872-46ae-b611-ddfa7ff0531c/datanode-1/data/ratis/149dfe82-b13a-4bcf-9a1e-56ea78762c33: Starting segment from index:0
2019-07-30 23:29:57,799 INFO  segmented.SegmentedRaftLogWorker (SegmentedRaftLogWorker.java:startLogSegment(380)) - 52c807aa-c5f6-460b-9daa-ff08ec66c080-SegmentedRaftLogWorker:Storage Directory /workdir/hadoop-ozone/integration-test/target/test-dir/MiniOzoneClusterImpl-6cf7462e-b872-46ae-b611-ddfa7ff0531c/datanode-2/data/ratis/8c9e54b3-b841-4775-bc8f-e40250eb7431: Starting segment from index:0
2019-07-30 23:29:57,829 INFO  segmented.SegmentedRaftLogWorker (SegmentedRaftLogWorker.java:execute(569)) - e5573c90-367f-45c6-b7c8-99ac8857475d-SegmentedRaftLogWorker:Storage Directory /workdir/hadoop-ozone/integration-test/target/test-dir/MiniOzoneClusterImpl-6cf7462e-b872-46ae-b611-ddfa7ff0531c/datanode-4/data/ratis/149dfe82-b13a-4bcf-9a1e-56ea78762c33: created new log segment /workdir/hadoop-ozone/integration-test/target/test-dir/MiniOzoneClusterImpl-6cf7462e-b872-46ae-b611-ddfa7ff0531c/datanode-4/data/ratis/149dfe82-b13a-4bcf-9a1e-56ea78762c33/current/log_inprogress_0
2019-07-30 23:29:57,829 INFO  segmented.SegmentedRaftLogWorker (SegmentedRaftLogWorker.java:execute(569)) - 84dc5f4e-7ff2-4b64-bf2b-05be131382df-SegmentedRaftLogWorker:Storage Directory /workdir/hadoop-ozone/integration-test/target/test-dir/MiniOzoneClusterImpl-6cf7462e-b872-46ae-b611-ddfa7ff0531c/datanode-0/data/ratis/8c9e54b3-b841-4775-bc8f-e40250eb7431: created new log segment /workdir/hadoop-ozone/integration-test/target/test-dir/MiniOzoneClusterImpl-6cf7462e-b872-46ae-b611-ddfa7ff0531c/datanode-0/data/ratis/8c9e54b3-b841-4775-bc8f-e40250eb7431/current/log_inprogress_0
2019-07-30 23:29:57,847 INFO  segmented.SegmentedRaftLogWorker (SegmentedRaftLogWorker.java:execute(569)) - 52c807aa-c5f6-460b-9daa-ff08ec66c080-SegmentedRaftLogWorker:Storage Directory /workdir/hadoop-ozone/integration-test/target/test-dir/MiniOzoneClusterImpl-6cf7462e-b872-46ae-b611-ddfa7ff0531c/datanode-2/data/ratis/8c9e54b3-b841-4775-bc8f-e40250eb7431: created new log segment /workdir/hadoop-ozone/integration-test/target/test-dir/MiniOzoneClusterImpl-6cf7462e-b872-46ae-b611-ddfa7ff0531c/datanode-2/data/ratis/8c9e54b3-b841-4775-bc8f-e40250eb7431/current/log_inprogress_0
2019-07-30 23:29:57,847 INFO  segmented.SegmentedRaftLogWorker (SegmentedRaftLogWorker.java:execute(569)) - 2831db6e-e8d4-4ce2-a419-fa624760c1f5-SegmentedRaftLogWorker:Storage Directory /workdir/hadoop-ozone/integration-test/target/test-dir/MiniOzoneClusterImpl-6cf7462e-b872-46ae-b611-ddfa7ff0531c/datanode-1/data/ratis/149dfe82-b13a-4bcf-9a1e-56ea78762c33: created new log segment /workdir/hadoop-ozone/integration-test/target/test-dir/MiniOzoneClusterImpl-6cf7462e-b872-46ae-b611-ddfa7ff0531c/datanode-1/data/ratis/149dfe82-b13a-4bcf-9a1e-56ea78762c33/current/log_inprogress_0
2019-07-30 23:29:58,106 INFO  client.GrpcClientProtocolClient (GrpcClientProtocolClient.java:onNext(255)) - client-2E8E0B8F135E->52c807aa-c5f6-460b-9daa-ff08ec66c080: receive RaftClientReply:client-2E8E0B8F135E->52c807aa-c5f6-460b-9daa-ff08ec66c080@group-E40250EB7431, cid=12, FAILED org.apache.ratis.protocol.NotLeaderException: Server 52c807aa-c5f6-460b-9daa-ff08ec66c080 is not the leader (be73ec51-8ce9-4d13-9a6f-702b3a3463d6:192.168.5.171:41564). Request must be sent to leader., logIndex=0, commits[52c807aa-c5f6-460b-9daa-ff08ec66c080:c0, be73ec51-8ce9-4d13-9a6f-702b3a3463d6:c0, 84dc5f4e-7ff2-4b64-bf2b-05be131382df:c-1]
2019-07-30 23:29:58,132 WARN  io.KeyOutputStream (KeyOutputStream.java:handleException(276)) - Encountered exception java.io.IOException: Unexpected Storage Container Exception: java.util.concurrent.CompletionException: java.util.concurrent.CompletionException: org.apache.ratis.protocol.RaftRetryFailureException: Failed RaftClientRequest:client-2E8E0B8F135E->52c807aa-c5f6-460b-9daa-ff08ec66c080@group-E40250EB7431, cid=12, seq=1*, RW, org.apache.hadoop.hdds.scm.XceiverClientRatis$$Lambda$314/449954659@3bfb3004 for 5 attempts with RetryLimited(maxAttempts=5, sleepTime=1000ms) on the pipeline Pipeline[ Id: 8c9e54b3-b841-4775-bc8f-e40250eb7431, Nodes: 52c807aa-c5f6-460b-9daa-ff08ec66c080{ip: 192.168.5.171, host: byscane-nightly-g5r4k-612667210, networkLocation: /default-rack, certSerialId: null}84dc5f4e-7ff2-4b64-bf2b-05be131382df{ip: 192.168.5.171, host: byscane-nightly-g5r4k-612667210, networkLocation: /default-rack, certSerialId: null}be73ec51-8ce9-4d13-9a6f-702b3a3463d6{ip: 192.168.5.171, host: byscane-nightly-g5r4k-612667210, networkLocation: /default-rack, certSerialId: null}, Type:RATIS, Factor:THREE, State:OPEN]. The last committed block length is 0, uncommitted data length is 2097152 retry count 0
2019-07-30 23:29:58,428 INFO  client.GrpcClientProtocolClient (GrpcClientProtocolClient.java:onNext(255)) - client-82D080BFDE65->482141af-8e33-46bb-a95e-fa3dffb5ff50: receive RaftClientReply:client-82D080BFDE65->482141af-8e33-46bb-a95e-fa3dffb5ff50@group-56EA78762C33, cid=16, SUCCESS, logIndex=1, commits[482141af-8e33-46bb-a95e-fa3dffb5ff50:c1, 2831db6e-e8d4-4ce2-a419-fa624760c1f5:c0, e5573c90-367f-45c6-b7c8-99ac8857475d:c0]
2019-07-30 23:29:58,524 INFO  client.GrpcClientProtocolClient (GrpcClientProtocolClient.java:onNext(255)) - client-82D080BFDE65->482141af-8e33-46bb-a95e-fa3dffb5ff50: receive RaftClientReply:client-82D080BFDE65->482141af-8e33-46bb-a95e-fa3dffb5ff50@group-56EA78762C33, cid=17, SUCCESS, logIndex=3, commits[482141af-8e33-46bb-a95e-fa3dffb5ff50:c8, 2831db6e-e8d4-4ce2-a419-fa624760c1f5:c5, e5573c90-367f-45c6-b7c8-99ac8857475d:c6]
2019-07-30 23:29:58,527 INFO  client.GrpcClientProtocolClient (GrpcClientProtocolClient.java:onNext(255)) - client-82D080BFDE65->482141af-8e33-46bb-a95e-fa3dffb5ff50: receive RaftClientReply:client-82D080BFDE65->482141af-8e33-46bb-a95e-fa3dffb5ff50@group-56EA78762C33, cid=18, SUCCESS, logIndex=4, commits[482141af-8e33-46bb-a95e-fa3dffb5ff50:c8, 2831db6e-e8d4-4ce2-a419-fa624760c1f5:c5, e5573c90-367f-45c6-b7c8-99ac8857475d:c6]
2019-07-30 23:29:58,556 INFO  client.GrpcClientProtocolClient (GrpcClientProtocolClient.java:onNext(255)) - client-82D080BFDE65->482141af-8e33-46bb-a95e-fa3dffb5ff50: receive RaftClientReply:client-82D080BFDE65->482141af-8e33-46bb-a95e-fa3dffb5ff50@group-56EA78762C33, cid=19, SUCCESS, logIndex=5, commits[482141af-8e33-46bb-a95e-fa3dffb5ff50:c8, 2831db6e-e8d4-4ce2-a419-fa624760c1f5:c5, e5573c90-367f-45c6-b7c8-99ac8857475d:c6]
2019-07-30 23:29:58,598 INFO  client.GrpcClientProtocolClient (GrpcClientProtocolClient.java:onNext(255)) - client-82D080BFDE65->482141af-8e33-46bb-a95e-fa3dffb5ff50: receive RaftClientReply:client-82D080BFDE65->482141af-8e33-46bb-a95e-fa3dffb5ff50@group-56EA78762C33, cid=20, SUCCESS, logIndex=9, commits[482141af-8e33-46bb-a95e-fa3dffb5ff50:c9, 2831db6e-e8d4-4ce2-a419-fa624760c1f5:c5, e5573c90-367f-45c6-b7c8-99ac8857475d:c8]
2019-07-30 23:29:58,604 INFO  client.GrpcClientProtocolClient (GrpcClientProtocolClient.java:onNext(255)) - client-82D080BFDE65->482141af-8e33-46bb-a95e-fa3dffb5ff50: receive RaftClientReply:client-82D080BFDE65->482141af-8e33-46bb-a95e-fa3dffb5ff50@group-56EA78762C33, cid=21, SUCCESS, logIndex=10, commits[482141af-8e33-46bb-a95e-fa3dffb5ff50:c10, 2831db6e-e8d4-4ce2-a419-fa624760c1f5:c8, e5573c90-367f-45c6-b7c8-99ac8857475d:c8]
2019-07-30 23:29:58,615 INFO  client.GrpcClientProtocolClient (GrpcClientProtocolClient.java:onNext(255)) - client-82D080BFDE65->482141af-8e33-46bb-a95e-fa3dffb5ff50: receive RaftClientReply:client-82D080BFDE65->482141af-8e33-46bb-a95e-fa3dffb5ff50@group-56EA78762C33, cid=22, SUCCESS, logIndex=11, commits[482141af-8e33-46bb-a95e-fa3dffb5ff50:c12, 2831db6e-e8d4-4ce2-a419-fa624760c1f5:c9, e5573c90-367f-45c6-b7c8-99ac8857475d:c8]
2019-07-30 23:29:58,624 INFO  client.GrpcClientProtocolClient (GrpcClientProtocolClient.java:onNext(255)) - client-82D080BFDE65->482141af-8e33-46bb-a95e-fa3dffb5ff50: receive RaftClientReply:client-82D080BFDE65->482141af-8e33-46bb-a95e-fa3dffb5ff50@group-56EA78762C33, cid=23, SUCCESS, logIndex=12, commits[482141af-8e33-46bb-a95e-fa3dffb5ff50:c14, 2831db6e-e8d4-4ce2-a419-fa624760c1f5:c10, e5573c90-367f-45c6-b7c8-99ac8857475d:c10]
2019-07-30 23:29:58,644 INFO  client.GrpcClientProtocolClient (GrpcClientProtocolClient.java:onNext(255)) - client-82D080BFDE65->482141af-8e33-46bb-a95e-fa3dffb5ff50: receive RaftClientReply:client-82D080BFDE65->482141af-8e33-46bb-a95e-fa3dffb5ff50@group-56EA78762C33, cid=24, SUCCESS, logIndex=0, commits[482141af-8e33-46bb-a95e-fa3dffb5ff50:c16, 2831db6e-e8d4-4ce2-a419-fa624760c1f5:c13, e5573c90-367f-45c6-b7c8-99ac8857475d:c13]
2019-07-30 23:29:58,658 INFO  datanode.ObjectStoreHandler (ObjectStoreHandler.java:close(155)) - Closing ObjectStoreHandler.
2019-07-30 23:29:58,659 INFO  ozone.HddsDatanodeService (HddsDatanodeService.java:stop(451)) - Stopped plug-in org.apache.hadoop.ozone.web.OzoneHddsDatanodeService@50ec4bfc
2019-07-30 23:29:58,736 INFO  statemachine.DatanodeStateMachine (DatanodeStateMachine.java:lambda$startDaemon$0(350)) - Ozone container server started.
2019-07-30 23:29:58,744 INFO  client.GrpcClientProtocolClient (GrpcClientProtocolClient.java:onNext(255)) - client-82D080BFDE65->482141af-8e33-46bb-a95e-fa3dffb5ff50: receive RaftClientReply:client-82D080BFDE65->482141af-8e33-46bb-a95e-fa3dffb5ff50@group-56EA78762C33, cid=25, SUCCESS, logIndex=17, commits[482141af-8e33-46bb-a95e-fa3dffb5ff50:c18, 2831db6e-e8d4-4ce2-a419-fa624760c1f5:c16, e5573c90-367f-45c6-b7c8-99ac8857475d:c13]
2019-07-30 23:29:58,764 INFO  client.GrpcClientProtocolClient (GrpcClientProtocolClient.java:onNext(255)) - client-82D080BFDE65->482141af-8e33-46bb-a95e-fa3dffb5ff50: receive RaftClientReply:client-82D080BFDE65->482141af-8e33-46bb-a95e-fa3dffb5ff50@group-56EA78762C33, cid=26, SUCCESS, logIndex=18, commits[482141af-8e33-46bb-a95e-fa3dffb5ff50:c19, 2831db6e-e8d4-4ce2-a419-fa624760c1f5:c18, e5573c90-367f-45c6-b7c8-99ac8857475d:c18]
2019-07-30 23:30:03,661 INFO  ozoneimpl.OzoneContainer (OzoneContainer.java:stop(199)) - Attempting to stop container services.
2019-07-30 23:30:03,662 INFO  impl.RaftServerProxy (RaftServerProxy.java:lambda$close$4(314)) - 482141af-8e33-46bb-a95e-fa3dffb5ff50: close
2019-07-30 23:30:03,664 INFO  impl.RaftServerImpl (RaftServerImpl.java:lambda$shutdown$3(245)) - 482141af-8e33-46bb-a95e-fa3dffb5ff50: shutdown group-EB4C1F22C60C
2019-07-30 23:30:03,665 INFO  impl.RaftServerImpl (RaftServerImpl.java:lambda$shutdown$3(245)) - 482141af-8e33-46bb-a95e-fa3dffb5ff50: shutdown group-56EA78762C33
2019-07-30 23:30:03,665 INFO  util.JmxRegister (JmxRegister.java:unregister(73)) - Successfully un-registered JMX Bean with object name Ratis:service=RaftServer,group=group-EB4C1F22C60C,id=482141af-8e33-46bb-a95e-fa3dffb5ff50
2019-07-30 23:30:03,665 INFO  util.JmxRegister (JmxRegister.java:unregister(73)) - Successfully un-registered JMX Bean with object name Ratis:service=RaftServer,group=group-56EA78762C33,id=482141af-8e33-46bb-a95e-fa3dffb5ff50
2019-07-30 23:30:03,665 INFO  impl.RoleInfo (RoleInfo.java:shutdownLeaderState(104)) - 482141af-8e33-46bb-a95e-fa3dffb5ff50: shutdown LeaderState
2019-07-30 23:30:03,666 INFO  impl.RoleInfo (RoleInfo.java:shutdownLeaderState(104)) - 482141af-8e33-46bb-a95e-fa3dffb5ff50: shutdown LeaderState
2019-07-30 23:30:03,667 INFO  impl.PendingRequests (PendingRequests.java:sendNotLeaderResponses(202)) - 482141af-8e33-46bb-a95e-fa3dffb5ff50-PendingRequests: sendNotLeaderResponses
2019-07-30 23:30:03,676 WARN  server.GrpcLogAppender (GrpcLogAppender.java:mayWait(143)) - GrpcLogAppender(482141af-8e33-46bb-a95e-fa3dffb5ff50->2831db6e-e8d4-4ce2-a419-fa624760c1f5): Wait interrupted by java.lang.InterruptedException
2019-07-30 23:30:03,676 WARN  server.GrpcLogAppender (GrpcLogAppender.java:mayWait(143)) - GrpcLogAppender(482141af-8e33-46bb-a95e-fa3dffb5ff50->e5573c90-367f-45c6-b7c8-99ac8857475d): Wait interrupted by java.lang.InterruptedException
2019-07-30 23:30:03,672 INFO  impl.PendingRequests (PendingRequests.java:sendNotLeaderResponses(202)) - 482141af-8e33-46bb-a95e-fa3dffb5ff50-PendingRequests: sendNotLeaderResponses
2019-07-30 23:30:03,683 INFO  server.GrpcServerProtocolService (GrpcServerProtocolService.java:onCompleted(104)) - 2831db6e-e8d4-4ce2-a419-fa624760c1f5: appendEntries completed
2019-07-30 23:30:03,683 INFO  server.GrpcServerProtocolService (GrpcServerProtocolService.java:onCompleted(104)) - e5573c90-367f-45c6-b7c8-99ac8857475d: appendEntries completed
2019-07-30 23:30:03,689 INFO  impl.StateMachineUpdater (StateMachineUpdater.java:stopAndJoin(115)) - StateMachineUpdater:482141af-8e33-46bb-a95e-fa3dffb5ff50:group-EB4C1F22C60C: set stopIndex = 0
2019-07-30 23:30:03,693 INFO  impl.StateMachineUpdater (StateMachineUpdater.java:stopAndJoin(115)) - StateMachineUpdater:482141af-8e33-46bb-a95e-fa3dffb5ff50:group-56EA78762C33: set stopIndex = 19
2019-07-30 23:30:03,693 INFO  server.GrpcLogAppender (GrpcLogAppender.java:onCompleted(292)) - 482141af-8e33-46bb-a95e-fa3dffb5ff50->2831db6e-e8d4-4ce2-a419-fa624760c1f5: follower responses appendEntries COMPLETED
2019-07-30 23:30:03,695 INFO  server.GrpcLogAppender (GrpcLogAppender.java:onCompleted(292)) - 482141af-8e33-46bb-a95e-fa3dffb5ff50->e5573c90-367f-45c6-b7c8-99ac8857475d: follower responses appendEntries COMPLETED
2019-07-30 23:30:03,695 INFO  ratis.ContainerStateMachine (ContainerStateMachine.java:takeSnapshot(262)) - group-56EA78762C33: Taking a snapshot at:(t:1, i:19) file /workdir/hadoop-ozone/integration-test/target/test-dir/MiniOzoneClusterImpl-6cf7462e-b872-46ae-b611-ddfa7ff0531c/datanode-3/data/ratis/149dfe82-b13a-4bcf-9a1e-56ea78762c33/sm/snapshot.1_19
2019-07-30 23:30:03,695 INFO  impl.RaftServerImpl (ServerState.java:close(394)) - 482141af-8e33-46bb-a95e-fa3dffb5ff50:group-EB4C1F22C60C closes. The last applied log index is 0
2019-07-30 23:30:03,707 INFO  impl.FollowerInfo (FollowerInfo.java:lambda$new$0(50)) - 482141af-8e33-46bb-a95e-fa3dffb5ff50->2831db6e-e8d4-4ce2-a419-fa624760c1f5: nextIndex: updateUnconditionally 20 -> 19
2019-07-30 23:30:03,707 INFO  impl.FollowerInfo (FollowerInfo.java:lambda$new$0(50)) - 482141af-8e33-46bb-a95e-fa3dffb5ff50->e5573c90-367f-45c6-b7c8-99ac8857475d: nextIndex: updateUnconditionally 20 -> 19
2019-07-30 23:30:03,710 INFO  segmented.SegmentedRaftLogWorker (SegmentedRaftLogWorker.java:run(313)) - 482141af-8e33-46bb-a95e-fa3dffb5ff50-SegmentedRaftLogWorker:Storage Directory /workdir/hadoop-ozone/integration-test/target/test-dir/MiniOzoneClusterImpl-6cf7462e-b872-46ae-b611-ddfa7ff0531c/datanode-3/data/ratis/c51a0716-84e9-4931-a245-eb4c1f22c60c was interrupted, exiting. There are 0 tasks remaining in the queue.
2019-07-30 23:30:03,712 INFO  segmented.SegmentedRaftLogWorker (SegmentedRaftLogWorker.java:close(228)) - 482141af-8e33-46bb-a95e-fa3dffb5ff50-SegmentedRaftLogWorker:Storage Directory /workdir/hadoop-ozone/integration-test/target/test-dir/MiniOzoneClusterImpl-6cf7462e-b872-46ae-b611-ddfa7ff0531c/datanode-3/data/ratis/c51a0716-84e9-4931-a245-eb4c1f22c60c close()
2019-07-30 23:30:03,730 INFO  ratis.ContainerStateMachine (ContainerStateMachine.java:takeSnapshot(273)) - group-56EA78762C33: Finished taking a snapshot at:(t:1, i:19) file:/workdir/hadoop-ozone/integration-test/target/test-dir/MiniOzoneClusterImpl-6cf7462e-b872-46ae-b611-ddfa7ff0531c/datanode-3/data/ratis/149dfe82-b13a-4bcf-9a1e-56ea78762c33/sm/snapshot.1_19 time:35
2019-07-30 23:30:03,730 INFO  impl.StateMachineUpdater (StateMachineUpdater.java:takeSnapshot(242)) - StateMachineUpdater:482141af-8e33-46bb-a95e-fa3dffb5ff50:group-56EA78762C33: Took a snapshot at index 19
2019-07-30 23:30:03,731 INFO  impl.StateMachineUpdater (StateMachineUpdater.java:lambda$new$0(80)) - StateMachineUpdater:482141af-8e33-46bb-a95e-fa3dffb5ff50:group-56EA78762C33: snapshotIndex: updateIncreasingly -1 -> 19
2019-07-30 23:30:03,736 INFO  impl.RaftServerImpl (ServerState.java:close(394)) - 482141af-8e33-46bb-a95e-fa3dffb5ff50:group-56EA78762C33 closes. The last applied log index is 19
2019-07-30 23:30:03,736 INFO  segmented.SegmentedRaftLogWorker (SegmentedRaftLogWorker.java:run(313)) - 482141af-8e33-46bb-a95e-fa3dffb5ff50-SegmentedRaftLogWorker:Storage Directory /workdir/hadoop-ozone/integration-test/target/test-dir/MiniOzoneClusterImpl-6cf7462e-b872-46ae-b611-ddfa7ff0531c/datanode-3/data/ratis/149dfe82-b13a-4bcf-9a1e-56ea78762c33 was interrupted, exiting. There are 0 tasks remaining in the queue.
2019-07-30 23:30:03,738 INFO  segmented.SegmentedRaftLogWorker (SegmentedRaftLogWorker.java:close(228)) - 482141af-8e33-46bb-a95e-fa3dffb5ff50-SegmentedRaftLogWorker:Storage Directory /workdir/hadoop-ozone/integration-test/target/test-dir/MiniOzoneClusterImpl-6cf7462e-b872-46ae-b611-ddfa7ff0531c/datanode-3/data/ratis/149dfe82-b13a-4bcf-9a1e-56ea78762c33 close()
2019-07-30 23:30:03,741 INFO  server.GrpcService (GrpcService.java:closeImpl(155)) - 482141af-8e33-46bb-a95e-fa3dffb5ff50: shutdown server with port 46837 now
2019-07-30 23:30:03,748 INFO  server.GrpcService (GrpcService.java:closeImpl(163)) - 482141af-8e33-46bb-a95e-fa3dffb5ff50: shutdown server with port 46837 successfully
2019-07-30 23:30:03,748 WARN  client.GrpcClientProtocolService (LogUtils.java:warn(134)) - 1-UnorderedRequestStreamObserver1: onError: org.apache.ratis.thirdparty.io.grpc.StatusRuntimeException: CANCELLED: cancelled before receiving half close
2019-07-30 23:30:03,750 INFO  utils.BackgroundService (BackgroundService.java:shutdown(148)) - Shutting down service BlockDeletingService
2019-07-30 23:30:03,752 WARN  fs.CachingGetSpaceUsed (CachingGetSpaceUsed.java:run(183)) - Thread Interrupted waiting to refresh disk information: sleep interrupted
2019-07-30 23:30:03,773 INFO  statemachine.DatanodeStateMachine (DatanodeStateMachine.java:stopDaemon(395)) - Ozone container server stopped.
2019-07-30 23:30:03,776 INFO  handler.ContextHandler (ContextHandler.java:doStop(910)) - Stopped o.e.j.w.WebAppContext@3b4086c1{/,null,UNAVAILABLE}{/hddsDatanode}
2019-07-30 23:30:03,782 INFO  server.AbstractConnector (AbstractConnector.java:doStop(318)) - Stopped ServerConnector@58aa1d72{HTTP/1.1,[http/1.1]}{0.0.0.0:0}
2019-07-30 23:30:03,782 INFO  handler.ContextHandler (ContextHandler.java:doStop(910)) - Stopped o.e.j.s.ServletContextHandler@5b29ab61{/static,jar:file:/home/user/.m2/repository/org/apache/hadoop/hadoop-hdds-container-service/0.4.1-SNAPSHOT/hadoop-hdds-container-service-0.4.1-SNAPSHOT.jar!/webapps/static,UNAVAILABLE}
2019-07-30 23:30:03,783 INFO  handler.ContextHandler (ContextHandler.java:doStop(910)) - Stopped o.e.j.s.ServletContextHandler@4ed18798{/logs,file:///workdir/hadoop-ozone/integration-test/target/log,UNAVAILABLE}
2019-07-30 23:30:03,784 INFO  datanode.ObjectStoreHandler (ObjectStoreHandler.java:close(155)) - Closing ObjectStoreHandler.
2019-07-30 23:30:03,785 INFO  ozone.HddsDatanodeService (HddsDatanodeService.java:stop(451)) - Stopped plug-in org.apache.hadoop.ozone.web.OzoneHddsDatanodeService@27e199ce
2019-07-30 23:30:04,736 INFO  statemachine.DatanodeStateMachine (DatanodeStateMachine.java:lambda$startDaemon$0(350)) - Ozone container server started.
2019-07-30 23:30:07,796 INFO  impl.FollowerState (FollowerState.java:run(106)) - 2831db6e-e8d4-4ce2-a419-fa624760c1f5:group-56EA78762C33 changes to CANDIDATE, lastRpcTime:6545, electionTimeout:5078ms
2019-07-30 23:30:07,796 INFO  impl.RoleInfo (RoleInfo.java:shutdownFollowerState(121)) - 2831db6e-e8d4-4ce2-a419-fa624760c1f5: shutdown FollowerState
2019-07-30 23:30:07,796 INFO  impl.RaftServerImpl (RaftServerImpl.java:setRole(171)) - 2831db6e-e8d4-4ce2-a419-fa624760c1f5:group-56EA78762C33 changes role from FOLLOWER to CANDIDATE at term 1 for changeToCandidate
2019-07-30 23:30:07,797 INFO  impl.RoleInfo (RoleInfo.java:updateAndGet(143)) - 2831db6e-e8d4-4ce2-a419-fa624760c1f5: start LeaderElection
2019-07-30 23:30:07,799 INFO  impl.RaftServerImpl (ServerState.java:setLeader(263)) - 2831db6e-e8d4-4ce2-a419-fa624760c1f5:group-56EA78762C33 change Leader from 482141af-8e33-46bb-a95e-fa3dffb5ff50 to null at term 1 for initElection
2019-07-30 23:30:07,812 INFO  impl.LeaderElection (LeaderElection.java:askForVotes(181)) - 2831db6e-e8d4-4ce2-a419-fa624760c1f5:group-56EA78762C33:LeaderElection9: begin an election at term 2 for 0: [482141af-8e33-46bb-a95e-fa3dffb5ff50:192.168.5.171:46837, 2831db6e-e8d4-4ce2-a419-fa624760c1f5:192.168.5.171:34133, e5573c90-367f-45c6-b7c8-99ac8857475d:192.168.5.171:32953], old=null
2019-07-30 23:30:07,825 INFO  impl.RaftServerImpl (ServerState.java:setLeader(263)) - e5573c90-367f-45c6-b7c8-99ac8857475d:group-56EA78762C33 change Leader from 482141af-8e33-46bb-a95e-fa3dffb5ff50 to null at term 2 for updateCurrentTerm
2019-07-30 23:30:07,825 INFO  impl.RaftServerImpl (RaftServerImpl.java:setRole(171)) - e5573c90-367f-45c6-b7c8-99ac8857475d:group-56EA78762C33 changes role from FOLLOWER to FOLLOWER at term 2 for recognizeCandidate:2831db6e-e8d4-4ce2-a419-fa624760c1f5
2019-07-30 23:30:07,825 INFO  impl.RoleInfo (RoleInfo.java:shutdownFollowerState(121)) - e5573c90-367f-45c6-b7c8-99ac8857475d: shutdown FollowerState
2019-07-30 23:30:07,826 INFO  impl.RoleInfo (RoleInfo.java:updateAndGet(143)) - e5573c90-367f-45c6-b7c8-99ac8857475d: start FollowerState
2019-07-30 23:30:07,826 INFO  impl.FollowerState (FollowerState.java:run(114)) - e5573c90-367f-45c6-b7c8-99ac8857475d: FollowerState was interrupted: java.lang.InterruptedException: sleep interrupted
2019-07-30 23:30:07,835 INFO  impl.LeaderElection (LogUtils.java:infoOrTrace(149)) - 2831db6e-e8d4-4ce2-a419-fa624760c1f5:group-56EA78762C33:LeaderElection9 got exception when requesting votes: {}
java.util.concurrent.ExecutionException: org.apache.ratis.thirdparty.io.grpc.StatusRuntimeException: UNAVAILABLE: io exception
	at java.util.concurrent.FutureTask.report(FutureTask.java:122)
	at java.util.concurrent.FutureTask.get(FutureTask.java:192)
	at org.apache.ratis.server.impl.LeaderElection.waitForResults(LeaderElection.java:262)
	at org.apache.ratis.server.impl.LeaderElection.askForVotes(LeaderElection.java:200)
	at org.apache.ratis.server.impl.LeaderElection.run(LeaderElection.java:130)
	at java.lang.Thread.run(Thread.java:748)
Caused by: org.apache.ratis.thirdparty.io.grpc.StatusRuntimeException: UNAVAILABLE: io exception
	at org.apache.ratis.thirdparty.io.grpc.stub.ClientCalls.toStatusRuntimeException(ClientCalls.java:233)
	at org.apache.ratis.thirdparty.io.grpc.stub.ClientCalls.getUnchecked(ClientCalls.java:214)
	at org.apache.ratis.thirdparty.io.grpc.stub.ClientCalls.blockingUnaryCall(ClientCalls.java:139)
	at org.apache.ratis.proto.grpc.RaftServerProtocolServiceGrpc$RaftServerProtocolServiceBlockingStub.requestVote(RaftServerProtocolServiceGrpc.java:265)
	at org.apache.ratis.grpc.server.GrpcServerProtocolClient.requestVote(GrpcServerProtocolClient.java:83)
	at org.apache.ratis.grpc.server.GrpcService.requestVote(GrpcService.java:195)
	at org.apache.ratis.server.impl.LeaderElection.lambda$submitRequests$1(LeaderElection.java:237)
	at java.util.concurrent.FutureTask.run(FutureTask.java:266)
	at java.util.concurrent.Executors$RunnableAdapter.call(Executors.java:511)
	at java.util.concurrent.FutureTask.run(FutureTask.java:266)
	at java.util.concurrent.ThreadPoolExecutor.runWorker(ThreadPoolExecutor.java:1149)
	at java.util.concurrent.ThreadPoolExecutor$Worker.run(ThreadPoolExecutor.java:624)
	... 1 more
Caused by: org.apache.ratis.thirdparty.io.netty.channel.AbstractChannel$AnnotatedConnectException: Connection refused: /192.168.5.171:46837
	at sun.nio.ch.SocketChannelImpl.checkConnect(Native Method)
	at sun.nio.ch.SocketChannelImpl.finishConnect(SocketChannelImpl.java:717)
	at org.apache.ratis.thirdparty.io.netty.channel.socket.nio.NioSocketChannel.doFinishConnect(NioSocketChannel.java:327)
	at org.apache.ratis.thirdparty.io.netty.channel.nio.AbstractNioChannel$AbstractNioUnsafe.finishConnect(AbstractNioChannel.java:340)
	at org.apache.ratis.thirdparty.io.netty.channel.nio.NioEventLoop.processSelectedKey(NioEventLoop.java:632)
	at org.apache.ratis.thirdparty.io.netty.channel.nio.NioEventLoop.processSelectedKeysOptimized(NioEventLoop.java:579)
	at org.apache.ratis.thirdparty.io.netty.channel.nio.NioEventLoop.processSelectedKeys(NioEventLoop.java:496)
	at org.apache.ratis.thirdparty.io.netty.channel.nio.NioEventLoop.run(NioEventLoop.java:458)
	at org.apache.ratis.thirdparty.io.netty.util.concurrent.SingleThreadEventExecutor$5.run(SingleThreadEventExecutor.java:897)
	at org.apache.ratis.thirdparty.io.netty.util.concurrent.FastThreadLocalRunnable.run(FastThreadLocalRunnable.java:30)
	... 1 more
Caused by: java.net.ConnectException: Connection refused
	... 11 more
2019-07-30 23:30:07,843 INFO  impl.LeaderElection (LeaderElection.java:logAndReturn(56)) - 2831db6e-e8d4-4ce2-a419-fa624760c1f5:group-56EA78762C33:LeaderElection9: Election PASSED; received 1 response(s) [2831db6e-e8d4-4ce2-a419-fa624760c1f5<-e5573c90-367f-45c6-b7c8-99ac8857475d#0:OK-t2] and 1 exception(s); 2831db6e-e8d4-4ce2-a419-fa624760c1f5:t2, leader=null, voted=2831db6e-e8d4-4ce2-a419-fa624760c1f5, raftlog=2831db6e-e8d4-4ce2-a419-fa624760c1f5-SegmentedRaftLog:OPENED:c19,f19,i19, conf=0: [482141af-8e33-46bb-a95e-fa3dffb5ff50:192.168.5.171:46837, 2831db6e-e8d4-4ce2-a419-fa624760c1f5:192.168.5.171:34133, e5573c90-367f-45c6-b7c8-99ac8857475d:192.168.5.171:32953], old=null
2019-07-30 23:30:07,844 INFO  impl.LeaderElection (LogUtils.java:infoOrTrace(149)) -   Exception 0: {}
java.util.concurrent.ExecutionException: org.apache.ratis.thirdparty.io.grpc.StatusRuntimeException: UNAVAILABLE: io exception
	at java.util.concurrent.FutureTask.report(FutureTask.java:122)
	at java.util.concurrent.FutureTask.get(FutureTask.java:192)
	at org.apache.ratis.server.impl.LeaderElection.waitForResults(LeaderElection.java:262)
	at org.apache.ratis.server.impl.LeaderElection.askForVotes(LeaderElection.java:200)
	at org.apache.ratis.server.impl.LeaderElection.run(LeaderElection.java:130)
	at java.lang.Thread.run(Thread.java:748)
Caused by: org.apache.ratis.thirdparty.io.grpc.StatusRuntimeException: UNAVAILABLE: io exception
	at org.apache.ratis.thirdparty.io.grpc.stub.ClientCalls.toStatusRuntimeException(ClientCalls.java:233)
	at org.apache.ratis.thirdparty.io.grpc.stub.ClientCalls.getUnchecked(ClientCalls.java:214)
	at org.apache.ratis.thirdparty.io.grpc.stub.ClientCalls.blockingUnaryCall(ClientCalls.java:139)
	at org.apache.ratis.proto.grpc.RaftServerProtocolServiceGrpc$RaftServerProtocolServiceBlockingStub.requestVote(RaftServerProtocolServiceGrpc.java:265)
	at org.apache.ratis.grpc.server.GrpcServerProtocolClient.requestVote(GrpcServerProtocolClient.java:83)
	at org.apache.ratis.grpc.server.GrpcService.requestVote(GrpcService.java:195)
	at org.apache.ratis.server.impl.LeaderElection.lambda$submitRequests$1(LeaderElection.java:237)
	at java.util.concurrent.FutureTask.run(FutureTask.java:266)
	at java.util.concurrent.Executors$RunnableAdapter.call(Executors.java:511)
	at java.util.concurrent.FutureTask.run(FutureTask.java:266)
	at java.util.concurrent.ThreadPoolExecutor.runWorker(ThreadPoolExecutor.java:1149)
	at java.util.concurrent.ThreadPoolExecutor$Worker.run(ThreadPoolExecutor.java:624)
	... 1 more
Caused by: org.apache.ratis.thirdparty.io.netty.channel.AbstractChannel$AnnotatedConnectException: Connection refused: /192.168.5.171:46837
	at sun.nio.ch.SocketChannelImpl.checkConnect(Native Method)
	at sun.nio.ch.SocketChannelImpl.finishConnect(SocketChannelImpl.java:717)
	at org.apache.ratis.thirdparty.io.netty.channel.socket.nio.NioSocketChannel.doFinishConnect(NioSocketChannel.java:327)
	at org.apache.ratis.thirdparty.io.netty.channel.nio.AbstractNioChannel$AbstractNioUnsafe.finishConnect(AbstractNioChannel.java:340)
	at org.apache.ratis.thirdparty.io.netty.channel.nio.NioEventLoop.processSelectedKey(NioEventLoop.java:632)
	at org.apache.ratis.thirdparty.io.netty.channel.nio.NioEventLoop.processSelectedKeysOptimized(NioEventLoop.java:579)
	at org.apache.ratis.thirdparty.io.netty.channel.nio.NioEventLoop.processSelectedKeys(NioEventLoop.java:496)
	at org.apache.ratis.thirdparty.io.netty.channel.nio.NioEventLoop.run(NioEventLoop.java:458)
	at org.apache.ratis.thirdparty.io.netty.util.concurrent.SingleThreadEventExecutor$5.run(SingleThreadEventExecutor.java:897)
	at org.apache.ratis.thirdparty.io.netty.util.concurrent.FastThreadLocalRunnable.run(FastThreadLocalRunnable.java:30)
	... 1 more
Caused by: java.net.ConnectException: Connection refused
	... 11 more
2019-07-30 23:30:07,845 INFO  impl.RoleInfo (RoleInfo.java:shutdownLeaderElection(134)) - 2831db6e-e8d4-4ce2-a419-fa624760c1f5: shutdown LeaderElection
2019-07-30 23:30:07,846 INFO  impl.RaftServerImpl (RaftServerImpl.java:setRole(171)) - 2831db6e-e8d4-4ce2-a419-fa624760c1f5:group-56EA78762C33 changes role from CANDIDATE to LEADER at term 2 for changeToLeader
2019-07-30 23:30:07,847 INFO  impl.RaftServerImpl (ServerState.java:setLeader(263)) - 2831db6e-e8d4-4ce2-a419-fa624760c1f5:group-56EA78762C33 change Leader from null to 2831db6e-e8d4-4ce2-a419-fa624760c1f5 at term 2 for becomeLeader, leader elected after 47ms
2019-07-30 23:30:07,847 INFO  server.RaftServerConfigKeys (ConfUtils.java:logGet(43)) - raft.server.staging.catchup.gap = 1000 (default)
2019-07-30 23:30:07,847 INFO  server.RaftServerConfigKeys (ConfUtils.java:logGet(43)) - raft.server.rpc.sleep.time = 25ms (default)
2019-07-30 23:30:07,847 INFO  server.RaftServerConfigKeys (ConfUtils.java:logGet(43)) - raft.server.write.element-limit = 4096 (default)
2019-07-30 23:30:07,847 INFO  server.RaftServerConfigKeys (ConfUtils.java:logGet(43)) - raft.server.watch.timeout = 10s (default)
2019-07-30 23:30:07,848 INFO  server.RaftServerConfigKeys (ConfUtils.java:logGet(43)) - raft.server.watch.timeout.denomination = 1s (default)
2019-07-30 23:30:07,848 INFO  server.RaftServerConfigKeys (ConfUtils.java:logGet(43)) - raft.server.watch.element-limit = 65536 (default)
2019-07-30 23:30:07,848 INFO  server.RaftServerConfigKeys (ConfUtils.java:logGet(43)) - raft.server.log.appender.snapshot.chunk.size.max = 16MB (=16777216) (default)
2019-07-30 23:30:07,848 INFO  server.RaftServerConfigKeys (ConfUtils.java:logGet(43)) - raft.server.log.appender.buffer.byte-limit = 33554432 (custom)
2019-07-30 23:30:07,849 INFO  server.RaftServerConfigKeys (ConfUtils.java:logGet(43)) - raft.server.log.appender.buffer.element-limit = 1 (custom)
2019-07-30 23:30:07,849 INFO  grpc.GrpcConfigKeys$Server (ConfUtils.java:logGet(43)) - raft.grpc.server.leader.outstanding.appends.max = 128 (default)
2019-07-30 23:30:07,849 INFO  server.RaftServerConfigKeys (ConfUtils.java:logGet(43)) - raft.server.rpc.request.timeout = 3000ms (default)
2019-07-30 23:30:07,849 INFO  server.RaftServerConfigKeys (ConfUtils.java:logGet(43)) - raft.server.log.appender.install.snapshot.enabled = false (custom)
2019-07-30 23:30:07,850 INFO  server.RaftServerConfigKeys (ConfUtils.java:logGet(43)) - raft.server.log.appender.snapshot.chunk.size.max = 16MB (=16777216) (default)
2019-07-30 23:30:07,850 INFO  server.RaftServerConfigKeys (ConfUtils.java:logGet(43)) - raft.server.log.appender.buffer.byte-limit = 33554432 (custom)
2019-07-30 23:30:07,850 INFO  server.RaftServerConfigKeys (ConfUtils.java:logGet(43)) - raft.server.log.appender.buffer.element-limit = 1 (custom)
2019-07-30 23:30:07,850 INFO  grpc.GrpcConfigKeys$Server (ConfUtils.java:logGet(43)) - raft.grpc.server.leader.outstanding.appends.max = 128 (default)
2019-07-30 23:30:07,850 INFO  server.RaftServerConfigKeys (ConfUtils.java:logGet(43)) - raft.server.rpc.request.timeout = 3000ms (default)
2019-07-30 23:30:07,851 INFO  server.RaftServerConfigKeys (ConfUtils.java:logGet(43)) - raft.server.log.appender.install.snapshot.enabled = false (custom)
2019-07-30 23:30:07,851 INFO  impl.RoleInfo (RoleInfo.java:updateAndGet(143)) - 2831db6e-e8d4-4ce2-a419-fa624760c1f5: start LeaderState
2019-07-30 23:30:07,852 INFO  segmented.SegmentedRaftLogWorker (SegmentedRaftLogWorker.java:rollLogSegment(385)) - 2831db6e-e8d4-4ce2-a419-fa624760c1f5-SegmentedRaftLogWorker:Storage Directory /workdir/hadoop-ozone/integration-test/target/test-dir/MiniOzoneClusterImpl-6cf7462e-b872-46ae-b611-ddfa7ff0531c/datanode-1/data/ratis/149dfe82-b13a-4bcf-9a1e-56ea78762c33: Rolling segment log-0_19 to index:19
2019-07-30 23:30:07,854 INFO  impl.RaftServerImpl (ServerState.java:setRaftConf(361)) - 2831db6e-e8d4-4ce2-a419-fa624760c1f5:group-56EA78762C33 set configuration 20: [482141af-8e33-46bb-a95e-fa3dffb5ff50:192.168.5.171:46837, 2831db6e-e8d4-4ce2-a419-fa624760c1f5:192.168.5.171:34133, e5573c90-367f-45c6-b7c8-99ac8857475d:192.168.5.171:32953], old=null at 20
2019-07-30 23:30:07,857 WARN  server.GrpcLogAppender (LogUtils.java:warn(134)) - 2831db6e-e8d4-4ce2-a419-fa624760c1f5->482141af-8e33-46bb-a95e-fa3dffb5ff50: Failed appendEntries: org.apache.ratis.thirdparty.io.grpc.StatusRuntimeException: UNAVAILABLE: io exception
2019-07-30 23:30:07,861 INFO  segmented.SegmentedRaftLogWorker (SegmentedRaftLogWorker.java:execute(526)) - 2831db6e-e8d4-4ce2-a419-fa624760c1f5-SegmentedRaftLogWorker:Storage Directory /workdir/hadoop-ozone/integration-test/target/test-dir/MiniOzoneClusterImpl-6cf7462e-b872-46ae-b611-ddfa7ff0531c/datanode-1/data/ratis/149dfe82-b13a-4bcf-9a1e-56ea78762c33: Rolled log segment from /workdir/hadoop-ozone/integration-test/target/test-dir/MiniOzoneClusterImpl-6cf7462e-b872-46ae-b611-ddfa7ff0531c/datanode-1/data/ratis/149dfe82-b13a-4bcf-9a1e-56ea78762c33/current/log_inprogress_0 to /workdir/hadoop-ozone/integration-test/target/test-dir/MiniOzoneClusterImpl-6cf7462e-b872-46ae-b611-ddfa7ff0531c/datanode-1/data/ratis/149dfe82-b13a-4bcf-9a1e-56ea78762c33/current/log_0-19
2019-07-30 23:30:07,861 INFO  impl.FollowerInfo (FollowerInfo.java:lambda$new$0(50)) - 2831db6e-e8d4-4ce2-a419-fa624760c1f5->482141af-8e33-46bb-a95e-fa3dffb5ff50: nextIndex: updateUnconditionally 20 -> 1
2019-07-30 23:30:07,862 INFO  impl.RaftServerImpl (ServerState.java:setLeader(263)) - e5573c90-367f-45c6-b7c8-99ac8857475d:group-56EA78762C33 change Leader from null to 2831db6e-e8d4-4ce2-a419-fa624760c1f5 at term 2 for appendEntries, leader elected after 37ms
2019-07-30 23:30:07,868 INFO  impl.RaftServerImpl (ServerState.java:setRaftConf(361)) - e5573c90-367f-45c6-b7c8-99ac8857475d:group-56EA78762C33 set configuration 20: [482141af-8e33-46bb-a95e-fa3dffb5ff50:192.168.5.171:46837, 2831db6e-e8d4-4ce2-a419-fa624760c1f5:192.168.5.171:34133, e5573c90-367f-45c6-b7c8-99ac8857475d:192.168.5.171:32953], old=null at 20
2019-07-30 23:30:07,868 INFO  segmented.SegmentedRaftLogWorker (SegmentedRaftLogWorker.java:rollLogSegment(385)) - e5573c90-367f-45c6-b7c8-99ac8857475d-SegmentedRaftLogWorker:Storage Directory /workdir/hadoop-ozone/integration-test/target/test-dir/MiniOzoneClusterImpl-6cf7462e-b872-46ae-b611-ddfa7ff0531c/datanode-4/data/ratis/149dfe82-b13a-4bcf-9a1e-56ea78762c33: Rolling segment log-0_19 to index:19
2019-07-30 23:30:07,869 INFO  segmented.SegmentedRaftLogWorker (SegmentedRaftLogWorker.java:execute(526)) - e5573c90-367f-45c6-b7c8-99ac8857475d-SegmentedRaftLogWorker:Storage Directory /workdir/hadoop-ozone/integration-test/target/test-dir/MiniOzoneClusterImpl-6cf7462e-b872-46ae-b611-ddfa7ff0531c/datanode-4/data/ratis/149dfe82-b13a-4bcf-9a1e-56ea78762c33: Rolled log segment from /workdir/hadoop-ozone/integration-test/target/test-dir/MiniOzoneClusterImpl-6cf7462e-b872-46ae-b611-ddfa7ff0531c/datanode-4/data/ratis/149dfe82-b13a-4bcf-9a1e-56ea78762c33/current/log_inprogress_0 to /workdir/hadoop-ozone/integration-test/target/test-dir/MiniOzoneClusterImpl-6cf7462e-b872-46ae-b611-ddfa7ff0531c/datanode-4/data/ratis/149dfe82-b13a-4bcf-9a1e-56ea78762c33/current/log_0-19
2019-07-30 23:30:07,889 INFO  segmented.SegmentedRaftLogWorker (SegmentedRaftLogWorker.java:execute(569)) - 2831db6e-e8d4-4ce2-a419-fa624760c1f5-SegmentedRaftLogWorker:Storage Directory /workdir/hadoop-ozone/integration-test/target/test-dir/MiniOzoneClusterImpl-6cf7462e-b872-46ae-b611-ddfa7ff0531c/datanode-1/data/ratis/149dfe82-b13a-4bcf-9a1e-56ea78762c33: created new log segment /workdir/hadoop-ozone/integration-test/target/test-dir/MiniOzoneClusterImpl-6cf7462e-b872-46ae-b611-ddfa7ff0531c/datanode-1/data/ratis/149dfe82-b13a-4bcf-9a1e-56ea78762c33/current/log_inprogress_20
2019-07-30 23:30:07,902 INFO  segmented.SegmentedRaftLogWorker (SegmentedRaftLogWorker.java:execute(569)) - e5573c90-367f-45c6-b7c8-99ac8857475d-SegmentedRaftLogWorker:Storage Directory /workdir/hadoop-ozone/integration-test/target/test-dir/MiniOzoneClusterImpl-6cf7462e-b872-46ae-b611-ddfa7ff0531c/datanode-4/data/ratis/149dfe82-b13a-4bcf-9a1e-56ea78762c33: created new log segment /workdir/hadoop-ozone/integration-test/target/test-dir/MiniOzoneClusterImpl-6cf7462e-b872-46ae-b611-ddfa7ff0531c/datanode-4/data/ratis/149dfe82-b13a-4bcf-9a1e-56ea78762c33/current/log_inprogress_20
2019-07-30 23:30:07,947 WARN  server.GrpcLogAppender (LogUtils.java:warn(134)) - 2831db6e-e8d4-4ce2-a419-fa624760c1f5->482141af-8e33-46bb-a95e-fa3dffb5ff50: Failed appendEntries: org.apache.ratis.thirdparty.io.grpc.StatusRuntimeException: UNAVAILABLE: io exception
2019-07-30 23:30:07,950 INFO  impl.FollowerInfo (FollowerInfo.java:lambda$new$0(50)) - 2831db6e-e8d4-4ce2-a419-fa624760c1f5->482141af-8e33-46bb-a95e-fa3dffb5ff50: nextIndex: updateUnconditionally 2 -> 1
2019-07-30 23:30:08,786 INFO  ozoneimpl.OzoneContainer (OzoneContainer.java:stop(199)) - Attempting to stop container services.
2019-07-30 23:30:08,789 INFO  impl.RaftServerProxy (RaftServerProxy.java:lambda$close$4(314)) - e5573c90-367f-45c6-b7c8-99ac8857475d: close
2019-07-30 23:30:08,790 INFO  impl.RaftServerImpl (RaftServerImpl.java:lambda$shutdown$3(245)) - e5573c90-367f-45c6-b7c8-99ac8857475d: shutdown group-CBD94F3610CB
2019-07-30 23:30:08,791 INFO  util.JmxRegister (JmxRegister.java:unregister(73)) - Successfully un-registered JMX Bean with object name Ratis:service=RaftServer,group=group-CBD94F3610CB,id=e5573c90-367f-45c6-b7c8-99ac8857475d
2019-07-30 23:30:08,791 INFO  impl.RoleInfo (RoleInfo.java:shutdownLeaderState(104)) - e5573c90-367f-45c6-b7c8-99ac8857475d: shutdown LeaderState
2019-07-30 23:30:08,792 INFO  impl.PendingRequests (PendingRequests.java:sendNotLeaderResponses(202)) - e5573c90-367f-45c6-b7c8-99ac8857475d-PendingRequests: sendNotLeaderResponses
2019-07-30 23:30:08,792 INFO  impl.StateMachineUpdater (StateMachineUpdater.java:stopAndJoin(115)) - StateMachineUpdater:e5573c90-367f-45c6-b7c8-99ac8857475d:group-CBD94F3610CB: set stopIndex = 0
2019-07-30 23:30:08,802 INFO  impl.RaftServerImpl (ServerState.java:close(394)) - e5573c90-367f-45c6-b7c8-99ac8857475d:group-CBD94F3610CB closes. The last applied log index is 0
2019-07-30 23:30:08,803 INFO  segmented.SegmentedRaftLogWorker (SegmentedRaftLogWorker.java:run(313)) - e5573c90-367f-45c6-b7c8-99ac8857475d-SegmentedRaftLogWorker:Storage Directory /workdir/hadoop-ozone/integration-test/target/test-dir/MiniOzoneClusterImpl-6cf7462e-b872-46ae-b611-ddfa7ff0531c/datanode-4/data/ratis/8e3e5142-7a9e-4689-a666-cbd94f3610cb was interrupted, exiting. There are 0 tasks remaining in the queue.
2019-07-30 23:30:08,804 INFO  segmented.SegmentedRaftLogWorker (SegmentedRaftLogWorker.java:close(228)) - e5573c90-367f-45c6-b7c8-99ac8857475d-SegmentedRaftLogWorker:Storage Directory /workdir/hadoop-ozone/integration-test/target/test-dir/MiniOzoneClusterImpl-6cf7462e-b872-46ae-b611-ddfa7ff0531c/datanode-4/data/ratis/8e3e5142-7a9e-4689-a666-cbd94f3610cb close()
2019-07-30 23:30:08,808 INFO  impl.RaftServerImpl (RaftServerImpl.java:lambda$shutdown$3(245)) - e5573c90-367f-45c6-b7c8-99ac8857475d: shutdown group-56EA78762C33
2019-07-30 23:30:08,808 INFO  util.JmxRegister (JmxRegister.java:unregister(73)) - Successfully un-registered JMX Bean with object name Ratis:service=RaftServer,group=group-56EA78762C33,id=e5573c90-367f-45c6-b7c8-99ac8857475d
2019-07-30 23:30:08,808 INFO  impl.RoleInfo (RoleInfo.java:shutdownFollowerState(121)) - e5573c90-367f-45c6-b7c8-99ac8857475d: shutdown FollowerState
2019-07-30 23:30:08,809 INFO  impl.StateMachineUpdater (StateMachineUpdater.java:stopAndJoin(115)) - StateMachineUpdater:e5573c90-367f-45c6-b7c8-99ac8857475d:group-56EA78762C33: set stopIndex = 20
2019-07-30 23:30:08,809 INFO  ratis.ContainerStateMachine (ContainerStateMachine.java:takeSnapshot(262)) - group-56EA78762C33: Taking a snapshot at:(t:1, i:18) file /workdir/hadoop-ozone/integration-test/target/test-dir/MiniOzoneClusterImpl-6cf7462e-b872-46ae-b611-ddfa7ff0531c/datanode-4/data/ratis/149dfe82-b13a-4bcf-9a1e-56ea78762c33/sm/snapshot.1_18
2019-07-30 23:30:08,809 INFO  impl.FollowerState (FollowerState.java:run(114)) - e5573c90-367f-45c6-b7c8-99ac8857475d: FollowerState was interrupted: java.lang.InterruptedException: sleep interrupted
2019-07-30 23:30:08,818 INFO  ratis.ContainerStateMachine (ContainerStateMachine.java:takeSnapshot(273)) - group-56EA78762C33: Finished taking a snapshot at:(t:1, i:18) file:/workdir/hadoop-ozone/integration-test/target/test-dir/MiniOzoneClusterImpl-6cf7462e-b872-46ae-b611-ddfa7ff0531c/datanode-4/data/ratis/149dfe82-b13a-4bcf-9a1e-56ea78762c33/sm/snapshot.1_18 time:9
2019-07-30 23:30:08,819 INFO  impl.StateMachineUpdater (StateMachineUpdater.java:takeSnapshot(242)) - StateMachineUpdater:e5573c90-367f-45c6-b7c8-99ac8857475d:group-56EA78762C33: Took a snapshot at index 18
2019-07-30 23:30:08,819 INFO  impl.StateMachineUpdater (StateMachineUpdater.java:lambda$new$0(80)) - StateMachineUpdater:e5573c90-367f-45c6-b7c8-99ac8857475d:group-56EA78762C33: snapshotIndex: updateIncreasingly -1 -> 18
2019-07-30 23:30:08,819 INFO  impl.RaftServerImpl (ServerState.java:close(394)) - e5573c90-367f-45c6-b7c8-99ac8857475d:group-56EA78762C33 closes. The last applied log index is 20
2019-07-30 23:30:08,820 INFO  segmented.SegmentedRaftLogWorker (SegmentedRaftLogWorker.java:run(313)) - e5573c90-367f-45c6-b7c8-99ac8857475d-SegmentedRaftLogWorker:Storage Directory /workdir/hadoop-ozone/integration-test/target/test-dir/MiniOzoneClusterImpl-6cf7462e-b872-46ae-b611-ddfa7ff0531c/datanode-4/data/ratis/149dfe82-b13a-4bcf-9a1e-56ea78762c33 was interrupted, exiting. There are 0 tasks remaining in the queue.
2019-07-30 23:30:08,823 INFO  segmented.SegmentedRaftLogWorker (SegmentedRaftLogWorker.java:close(228)) - e5573c90-367f-45c6-b7c8-99ac8857475d-SegmentedRaftLogWorker:Storage Directory /workdir/hadoop-ozone/integration-test/target/test-dir/MiniOzoneClusterImpl-6cf7462e-b872-46ae-b611-ddfa7ff0531c/datanode-4/data/ratis/149dfe82-b13a-4bcf-9a1e-56ea78762c33 close()
2019-07-30 23:30:08,827 INFO  server.GrpcService (GrpcService.java:closeImpl(155)) - e5573c90-367f-45c6-b7c8-99ac8857475d: shutdown server with port 32953 now
2019-07-30 23:30:08,829 INFO  server.GrpcService (GrpcService.java:closeImpl(163)) - e5573c90-367f-45c6-b7c8-99ac8857475d: shutdown server with port 32953 successfully
2019-07-30 23:30:08,829 WARN  server.GrpcLogAppender (LogUtils.java:warn(134)) - 2831db6e-e8d4-4ce2-a419-fa624760c1f5->e5573c90-367f-45c6-b7c8-99ac8857475d: Failed appendEntries: org.apache.ratis.thirdparty.io.grpc.StatusRuntimeException: CANCELLED: HTTP/2 error code: CANCEL
Received Rst Stream
2019-07-30 23:30:08,830 WARN  server.GrpcServerProtocolService (LogUtils.java:warn(134)) - e5573c90-367f-45c6-b7c8-99ac8857475d: appendEntries onError: org.apache.ratis.thirdparty.io.grpc.StatusRuntimeException: CANCELLED: cancelled before receiving half close
2019-07-30 23:30:08,839 INFO  impl.FollowerInfo (FollowerInfo.java:lambda$new$0(50)) - 2831db6e-e8d4-4ce2-a419-fa624760c1f5->e5573c90-367f-45c6-b7c8-99ac8857475d: nextIndex: updateUnconditionally 22 -> 21
2019-07-30 23:30:08,842 INFO  utils.BackgroundService (BackgroundService.java:shutdown(148)) - Shutting down service BlockDeletingService
2019-07-30 23:30:08,844 WARN  fs.CachingGetSpaceUsed (CachingGetSpaceUsed.java:run(183)) - Thread Interrupted waiting to refresh disk information: sleep interrupted
2019-07-30 23:30:08,874 INFO  statemachine.DatanodeStateMachine (DatanodeStateMachine.java:stopDaemon(395)) - Ozone container server stopped.
2019-07-30 23:30:08,876 INFO  handler.ContextHandler (ContextHandler.java:doStop(910)) - Stopped o.e.j.w.WebAppContext@69a40b3c{/,null,UNAVAILABLE}{/hddsDatanode}
2019-07-30 23:30:08,877 INFO  server.AbstractConnector (AbstractConnector.java:doStop(318)) - Stopped ServerConnector@251c90f{HTTP/1.1,[http/1.1]}{0.0.0.0:0}
2019-07-30 23:30:08,878 INFO  handler.ContextHandler (ContextHandler.java:doStop(910)) - Stopped o.e.j.s.ServletContextHandler@2dbfa972{/static,jar:file:/home/user/.m2/repository/org/apache/hadoop/hadoop-hdds-container-service/0.4.1-SNAPSHOT/hadoop-hdds-container-service-0.4.1-SNAPSHOT.jar!/webapps/static,UNAVAILABLE}
2019-07-30 23:30:08,878 INFO  handler.ContextHandler (ContextHandler.java:doStop(910)) - Stopped o.e.j.s.ServletContextHandler@65cc5252{/logs,file:///workdir/hadoop-ozone/integration-test/target/log,UNAVAILABLE}
2019-07-30 23:30:10,431 WARN  server.GrpcLogAppender (LogUtils.java:warn(134)) - 2831db6e-e8d4-4ce2-a419-fa624760c1f5->e5573c90-367f-45c6-b7c8-99ac8857475d: Failed appendEntries: org.apache.ratis.thirdparty.io.grpc.StatusRuntimeException: UNAVAILABLE: io exception
2019-07-30 23:30:10,433 INFO  impl.FollowerInfo (FollowerInfo.java:lambda$new$0(50)) - 2831db6e-e8d4-4ce2-a419-fa624760c1f5->e5573c90-367f-45c6-b7c8-99ac8857475d: nextIndex: updateUnconditionally 21 -> 20
2019-07-30 23:30:10,450 WARN  server.GrpcLogAppender (LogUtils.java:warn(134)) - 2831db6e-e8d4-4ce2-a419-fa624760c1f5->482141af-8e33-46bb-a95e-fa3dffb5ff50: Failed appendEntries: org.apache.ratis.thirdparty.io.grpc.StatusRuntimeException: UNAVAILABLE: io exception
2019-07-30 23:30:10,452 INFO  impl.FollowerInfo (FollowerInfo.java:lambda$new$0(50)) - 2831db6e-e8d4-4ce2-a419-fa624760c1f5->482141af-8e33-46bb-a95e-fa3dffb5ff50: nextIndex: updateUnconditionally 1 -> 0
2019-07-30 23:30:10,970 WARN  server.GrpcLogAppender (LogUtils.java:warn(134)) - 2831db6e-e8d4-4ce2-a419-fa624760c1f5->482141af-8e33-46bb-a95e-fa3dffb5ff50: Failed appendEntries: org.apache.ratis.thirdparty.io.grpc.StatusRuntimeException: UNAVAILABLE: io exception
2019-07-30 23:30:10,970 WARN  server.GrpcLogAppender (LogUtils.java:warn(134)) - 2831db6e-e8d4-4ce2-a419-fa624760c1f5->e5573c90-367f-45c6-b7c8-99ac8857475d: Failed appendEntries: org.apache.ratis.thirdparty.io.grpc.StatusRuntimeException: UNAVAILABLE: io exception
2019-07-30 23:30:10,973 INFO  impl.FollowerInfo (FollowerInfo.java:lambda$new$0(50)) - 2831db6e-e8d4-4ce2-a419-fa624760c1f5->482141af-8e33-46bb-a95e-fa3dffb5ff50: nextIndex: updateUnconditionally 1 -> 0
2019-07-30 23:30:10,974 INFO  impl.FollowerInfo (FollowerInfo.java:lambda$new$0(50)) - 2831db6e-e8d4-4ce2-a419-fa624760c1f5->e5573c90-367f-45c6-b7c8-99ac8857475d: nextIndex: updateUnconditionally 21 -> 20
2019-07-30 23:30:13,473 WARN  server.GrpcLogAppender (LogUtils.java:warn(134)) - 2831db6e-e8d4-4ce2-a419-fa624760c1f5->e5573c90-367f-45c6-b7c8-99ac8857475d: Failed appendEntries: org.apache.ratis.thirdparty.io.grpc.StatusRuntimeException: UNAVAILABLE: io exception
2019-07-30 23:30:13,473 WARN  server.GrpcLogAppender (LogUtils.java:warn(134)) - 2831db6e-e8d4-4ce2-a419-fa624760c1f5->482141af-8e33-46bb-a95e-fa3dffb5ff50: Failed appendEntries: org.apache.ratis.thirdparty.io.grpc.StatusRuntimeException: UNAVAILABLE: io exception
2019-07-30 23:30:13,475 INFO  impl.FollowerInfo (FollowerInfo.java:lambda$new$0(50)) - 2831db6e-e8d4-4ce2-a419-fa624760c1f5->e5573c90-367f-45c6-b7c8-99ac8857475d: nextIndex: updateUnconditionally 20 -> 19
2019-07-30 23:30:13,477 INFO  impl.FollowerInfo (FollowerInfo.java:lambda$new$0(50)) - 2831db6e-e8d4-4ce2-a419-fa624760c1f5->482141af-8e33-46bb-a95e-fa3dffb5ff50: nextIndex: updateUnconditionally 0 -> 0
2019-07-30 23:30:15,977 WARN  server.GrpcLogAppender (LogUtils.java:warn(134)) - 2831db6e-e8d4-4ce2-a419-fa624760c1f5->e5573c90-367f-45c6-b7c8-99ac8857475d: Failed appendEntries: org.apache.ratis.thirdparty.io.grpc.StatusRuntimeException: UNAVAILABLE: io exception
2019-07-30 23:30:15,979 INFO  impl.FollowerInfo (FollowerInfo.java:lambda$new$0(50)) - 2831db6e-e8d4-4ce2-a419-fa624760c1f5->e5573c90-367f-45c6-b7c8-99ac8857475d: nextIndex: updateUnconditionally 19 -> 18
2019-07-30 23:30:15,979 WARN  server.GrpcLogAppender (LogUtils.java:warn(134)) - 2831db6e-e8d4-4ce2-a419-fa624760c1f5->482141af-8e33-46bb-a95e-fa3dffb5ff50: Failed appendEntries: org.apache.ratis.thirdparty.io.grpc.StatusRuntimeException: UNAVAILABLE: io exception
2019-07-30 23:30:15,988 INFO  impl.FollowerInfo (FollowerInfo.java:lambda$new$0(50)) - 2831db6e-e8d4-4ce2-a419-fa624760c1f5->482141af-8e33-46bb-a95e-fa3dffb5ff50: nextIndex: updateUnconditionally 0 -> 0
2019-07-30 23:30:16,029 WARN  io.KeyOutputStream (KeyOutputStream.java:handleException(276)) - Encountered exception java.io.IOException: Unexpected Storage Container Exception: java.util.concurrent.CompletionException: java.util.concurrent.CompletionException: org.apache.ratis.protocol.RaftRetryFailureException: Failed RaftClientRequest:client-82D080BFDE65->e5573c90-367f-45c6-b7c8-99ac8857475d@group-56EA78762C33, cid=27, seq=11*, RW, org.apache.hadoop.hdds.scm.XceiverClientRatis$$Lambda$314/449954659@28574f8e for 5 attempts with RetryLimited(maxAttempts=5, sleepTime=1000ms) on the pipeline Pipeline[ Id: 149dfe82-b13a-4bcf-9a1e-56ea78762c33, Nodes: 482141af-8e33-46bb-a95e-fa3dffb5ff50{ip: 192.168.5.171, host: byscane-nightly-g5r4k-612667210, networkLocation: /default-rack, certSerialId: null}e5573c90-367f-45c6-b7c8-99ac8857475d{ip: 192.168.5.171, host: byscane-nightly-g5r4k-612667210, networkLocation: /default-rack, certSerialId: null}2831db6e-e8d4-4ce2-a419-fa624760c1f5{ip: 192.168.5.171, host: byscane-nightly-g5r4k-612667210, networkLocation: /default-rack, certSerialId: null}, Type:RATIS, Factor:THREE, State:OPEN]. The last committed block length is 1048576, uncommitted data length is 1048576 retry count 0
2019-07-30 23:30:16,051 WARN  block.BlockManagerImpl (BlockManagerImpl.java:allocateBlock(192)) - Pipeline creation failed for type:RATIS factor:THREE. Retrying get pipelines call once.
org.apache.hadoop.hdds.scm.pipeline.InsufficientDatanodesException: Cannot create pipeline of factor 3 using 0 nodes.
	at org.apache.hadoop.hdds.scm.pipeline.RatisPipelineProvider.create(RatisPipelineProvider.java:151)
	at org.apache.hadoop.hdds.scm.pipeline.PipelineFactory.create(PipelineFactory.java:57)
	at org.apache.hadoop.hdds.scm.pipeline.SCMPipelineManager.createPipeline(SCMPipelineManager.java:149)
	at org.apache.hadoop.hdds.scm.block.BlockManagerImpl.allocateBlock(BlockManagerImpl.java:190)
	at org.apache.hadoop.hdds.scm.server.SCMBlockProtocolServer.allocateBlock(SCMBlockProtocolServer.java:175)
	at org.apache.hadoop.ozone.protocolPB.ScmBlockLocationProtocolServerSideTranslatorPB.allocateScmBlock(ScmBlockLocationProtocolServerSideTranslatorPB.java:153)
	at org.apache.hadoop.ozone.protocolPB.ScmBlockLocationProtocolServerSideTranslatorPB.send(ScmBlockLocationProtocolServerSideTranslatorPB.java:112)
	at org.apache.hadoop.hdds.protocol.proto.ScmBlockLocationProtocolProtos$ScmBlockLocationProtocolService$2.callBlockingMethod(ScmBlockLocationProtocolProtos.java:13157)
	at org.apache.hadoop.ipc.ProtobufRpcEngine$Server$ProtoBufRpcInvoker.call(ProtobufRpcEngine.java:524)
	at org.apache.hadoop.ipc.RPC$Server.call(RPC.java:1025)
	at org.apache.hadoop.ipc.Server$RpcCall.run(Server.java:876)
	at org.apache.hadoop.ipc.Server$RpcCall.run(Server.java:822)
	at java.security.AccessController.doPrivileged(Native Method)
	at javax.security.auth.Subject.doAs(Subject.java:422)
	at org.apache.hadoop.security.UserGroupInformation.doAs(UserGroupInformation.java:1730)
	at org.apache.hadoop.ipc.Server$Handler.run(Server.java:2682)
2019-07-30 23:30:16,053 INFO  block.BlockManagerImpl (BlockManagerImpl.java:allocateBlock(198)) - Could not find available pipeline of type:RATIS and factor:THREE even after retrying
2019-07-30 23:30:16,053 ERROR block.BlockManagerImpl (BlockManagerImpl.java:allocateBlock(222)) - Unable to allocate a block for the size: 4194304, type: RATIS, factor: THREE
23:30:16.059 [IPC Server handler 0 on 37724] ERROR OMAudit - user=jenkins1000 | ip=127.0.0.1 | op=ALLOCATE_BLOCK {volume=datanodefailurehandlingtest, bucket=datanodefailurehandlingtest, key=ratis3, dataSize=0, replicationType=null, replicationFactor=null, keyLocationInfo=null, clientID=102532998336151552} | ret=FAILURE
org.apache.hadoop.hdds.scm.exceptions.SCMException: Allocated 0 blocks. Requested 1 blocks
	at org.apache.hadoop.hdds.scm.protocolPB.ScmBlockLocationProtocolClientSideTranslatorPB.handleError(ScmBlockLocationProtocolClientSideTranslatorPB.java:118) ~[hadoop-hdds-common-0.4.1-SNAPSHOT.jar:?]
	at org.apache.hadoop.hdds.scm.protocolPB.ScmBlockLocationProtocolClientSideTranslatorPB.allocateBlock(ScmBlockLocationProtocolClientSideTranslatorPB.java:156) ~[hadoop-hdds-common-0.4.1-SNAPSHOT.jar:?]
	at sun.reflect.NativeMethodAccessorImpl.invoke0(Native Method) ~[?:1.8.0_212]
	at sun.reflect.NativeMethodAccessorImpl.invoke(NativeMethodAccessorImpl.java:62) ~[?:1.8.0_212]
	at sun.reflect.DelegatingMethodAccessorImpl.invoke(DelegatingMethodAccessorImpl.java:43) ~[?:1.8.0_212]
	at java.lang.reflect.Method.invoke(Method.java:498) ~[?:1.8.0_212]
	at org.apache.hadoop.hdds.tracing.TraceAllMethod.invoke(TraceAllMethod.java:66) ~[hadoop-hdds-common-0.4.1-SNAPSHOT.jar:?]
	at com.sun.proxy.$Proxy25.allocateBlock(Unknown Source) ~[?:?]
	at org.apache.hadoop.ozone.om.KeyManagerImpl.allocateBlock(KeyManagerImpl.java:333) ~[hadoop-ozone-ozone-manager-0.4.1-SNAPSHOT.jar:?]
	at org.apache.hadoop.ozone.om.KeyManagerImpl.allocateBlock(KeyManagerImpl.java:304) ~[hadoop-ozone-ozone-manager-0.4.1-SNAPSHOT.jar:?]
	at org.apache.hadoop.ozone.om.OzoneManager.allocateBlock(OzoneManager.java:2291) [hadoop-ozone-ozone-manager-0.4.1-SNAPSHOT.jar:?]
	at org.apache.hadoop.ozone.protocolPB.OzoneManagerRequestHandler.allocateBlock(OzoneManagerRequestHandler.java:717) [hadoop-ozone-ozone-manager-0.4.1-SNAPSHOT.jar:?]
	at org.apache.hadoop.ozone.protocolPB.OzoneManagerRequestHandler.handle(OzoneManagerRequestHandler.java:240) [hadoop-ozone-ozone-manager-0.4.1-SNAPSHOT.jar:?]
	at org.apache.hadoop.ozone.protocolPB.OzoneManagerProtocolServerSideTranslatorPB.submitRequestDirectlyToOM(OzoneManagerProtocolServerSideTranslatorPB.java:192) [hadoop-ozone-ozone-manager-0.4.1-SNAPSHOT.jar:?]
	at org.apache.hadoop.ozone.protocolPB.OzoneManagerProtocolServerSideTranslatorPB.submitRequest(OzoneManagerProtocolServerSideTranslatorPB.java:110) [hadoop-ozone-ozone-manager-0.4.1-SNAPSHOT.jar:?]
	at org.apache.hadoop.ozone.protocol.proto.OzoneManagerProtocolProtos$OzoneManagerService$2.callBlockingMethod(OzoneManagerProtocolProtos.java) [hadoop-ozone-common-0.4.1-SNAPSHOT.jar:?]
	at org.apache.hadoop.ipc.ProtobufRpcEngine$Server$ProtoBufRpcInvoker.call(ProtobufRpcEngine.java:524) [hadoop-common-3.2.0.jar:?]
	at org.apache.hadoop.ipc.RPC$Server.call(RPC.java:1025) [hadoop-common-3.2.0.jar:?]
	at org.apache.hadoop.ipc.Server$RpcCall.run(Server.java:876) [hadoop-common-3.2.0.jar:?]
	at org.apache.hadoop.ipc.Server$RpcCall.run(Server.java:822) [hadoop-common-3.2.0.jar:?]
	at java.security.AccessController.doPrivileged(Native Method) [?:1.8.0_212]
	at javax.security.auth.Subject.doAs(Subject.java:422) [?:1.8.0_212]
	at org.apache.hadoop.security.UserGroupInformation.doAs(UserGroupInformation.java:1730) [hadoop-common-3.2.0.jar:?]
	at org.apache.hadoop.ipc.Server$Handler.run(Server.java:2682) [hadoop-common-3.2.0.jar:?]
2019-07-30 23:30:16,079 ERROR io.BlockOutputStreamEntryPool (BlockOutputStreamEntryPool.java:allocateBlockIfNeeded(299)) - Try to allocate more blocks for write failed, already allocated 0 blocks for this write.
INTERNAL_ERROR org.apache.hadoop.ozone.om.exceptions.OMException: Allocated 0 blocks. Requested 1 blocks
	at org.apache.hadoop.ozone.om.protocolPB.OzoneManagerProtocolClientSideTranslatorPB.handleError(OzoneManagerProtocolClientSideTranslatorPB.java:720)
	at org.apache.hadoop.ozone.om.protocolPB.OzoneManagerProtocolClientSideTranslatorPB.allocateBlock(OzoneManagerProtocolClientSideTranslatorPB.java:752)
	at org.apache.hadoop.ozone.client.io.BlockOutputStreamEntryPool.allocateNewBlock(BlockOutputStreamEntryPool.java:248)
	at org.apache.hadoop.ozone.client.io.BlockOutputStreamEntryPool.allocateBlockIfNeeded(BlockOutputStreamEntryPool.java:296)
	at org.apache.hadoop.ozone.client.io.KeyOutputStream.handleWrite(KeyOutputStream.java:201)
	at org.apache.hadoop.ozone.client.io.KeyOutputStream.handleRetry(KeyOutputStream.java:376)
	at org.apache.hadoop.ozone.client.io.KeyOutputStream.handleException(KeyOutputStream.java:325)
	at org.apache.hadoop.ozone.client.io.KeyOutputStream.handleWrite(KeyOutputStream.java:231)
	at org.apache.hadoop.ozone.client.io.KeyOutputStream.write(KeyOutputStream.java:193)
	at org.apache.hadoop.ozone.client.io.OzoneOutputStream.write(OzoneOutputStream.java:49)
	at java.io.OutputStream.write(OutputStream.java:75)
	at org.apache.hadoop.ozone.client.rpc.TestMultiBlockWritesWithDnFailures.testMultiBlockWritesWithDnFailures(TestMultiBlockWritesWithDnFailures.java:144)
	at sun.reflect.NativeMethodAccessorImpl.invoke0(Native Method)
	at sun.reflect.NativeMethodAccessorImpl.invoke(NativeMethodAccessorImpl.java:62)
	at sun.reflect.DelegatingMethodAccessorImpl.invoke(DelegatingMethodAccessorImpl.java:43)
	at java.lang.reflect.Method.invoke(Method.java:498)
	at org.junit.runners.model.FrameworkMethod$1.runReflectiveCall(FrameworkMethod.java:47)
	at org.junit.internal.runners.model.ReflectiveCallable.run(ReflectiveCallable.java:12)
	at org.junit.runners.model.FrameworkMethod.invokeExplosively(FrameworkMethod.java:44)
	at org.junit.internal.runners.statements.InvokeMethod.evaluate(InvokeMethod.java:17)
	at org.junit.runners.ParentRunner.runLeaf(ParentRunner.java:271)
	at org.junit.runners.BlockJUnit4ClassRunner.runChild(BlockJUnit4ClassRunner.java:70)
	at org.junit.runners.BlockJUnit4ClassRunner.runChild(BlockJUnit4ClassRunner.java:50)
	at org.junit.runners.ParentRunner$3.run(ParentRunner.java:238)
	at org.junit.runners.ParentRunner$1.schedule(ParentRunner.java:63)
	at org.junit.runners.ParentRunner.runChildren(ParentRunner.java:236)
	at org.junit.runners.ParentRunner.access$000(ParentRunner.java:53)
	at org.junit.runners.ParentRunner$2.evaluate(ParentRunner.java:229)
	at org.junit.runners.ParentRunner.run(ParentRunner.java:309)
	at org.apache.maven.surefire.junit4.JUnit4Provider.execute(JUnit4Provider.java:365)
	at org.apache.maven.surefire.junit4.JUnit4Provider.executeWithRerun(JUnit4Provider.java:273)
	at org.apache.maven.surefire.junit4.JUnit4Provider.executeTestSet(JUnit4Provider.java:238)
	at org.apache.maven.surefire.junit4.JUnit4Provider.invoke(JUnit4Provider.java:159)
	at org.apache.maven.surefire.booter.ForkedBooter.invokeProviderInSameClassLoader(ForkedBooter.java:384)
	at org.apache.maven.surefire.booter.ForkedBooter.runSuitesInProcess(ForkedBooter.java:345)
	at org.apache.maven.surefire.booter.ForkedBooter.execute(ForkedBooter.java:126)
	at org.apache.maven.surefire.booter.ForkedBooter.main(ForkedBooter.java:418)
]]></system-out>
    <system-err><![CDATA[ERROR StatusLogger No Log4j 2 configuration file found. Using default configuration (logging only errors to the console), or user programmatically provided configurations. Set system property 'log4j2.debug' to show Log4j 2 internal initialization logging. See https://logging.apache.org/log4j/2.x/manual/configuration.html for instructions on how to configure Log4j 2
Jul 30, 2019 11:29:46 PM com.sun.jersey.server.impl.application.WebApplicationImpl _initiate
INFO: Initiating Jersey application, version 'Jersey: 1.19 02/11/2015 03:25 AM'
Jul 30, 2019 11:29:47 PM com.sun.jersey.server.impl.application.WebApplicationImpl _initiate
INFO: Initiating Jersey application, version 'Jersey: 1.19 02/11/2015 03:25 AM'
Jul 30, 2019 11:29:47 PM com.sun.jersey.server.impl.application.WebApplicationImpl _initiate
INFO: Initiating Jersey application, version 'Jersey: 1.19 02/11/2015 03:25 AM'
Jul 30, 2019 11:29:47 PM com.sun.jersey.server.impl.application.WebApplicationImpl _initiate
INFO: Initiating Jersey application, version 'Jersey: 1.19 02/11/2015 03:25 AM'
Jul 30, 2019 11:29:47 PM com.sun.jersey.server.impl.application.WebApplicationImpl _initiate
INFO: Initiating Jersey application, version 'Jersey: 1.19 02/11/2015 03:25 AM'
Jul 30, 2019 11:29:47 PM com.sun.jersey.server.impl.application.WebApplicationImpl _initiate
INFO: Initiating Jersey application, version 'Jersey: 1.19 02/11/2015 03:25 AM'
]]></system-err>
  </testcase>
</testsuite>