<?xml version="1.0" encoding="UTF-8"?>
<testsuite xmlns:xsi="http://www.w3.org/2001/XMLSchema-instance" xsi:noNamespaceSchemaLocation="https://maven.apache.org/surefire/maven-surefire-plugin/xsd/surefire-test-report.xsd" name="org.apache.hadoop.ozone.client.rpc.TestBlockOutputStreamWithFailures" time="730.619" tests="8" errors="0" skipped="0" failures="1">
  <properties>
    <property name="awt.toolkit" value="sun.awt.X11.XToolkit"/>
    <property name="file.encoding.pkg" value="sun.io"/>
    <property name="java.specification.version" value="1.8"/>
    <property name="sun.cpu.isalist" value=""/>
    <property name="sun.jnu.encoding" value="UTF-8"/>
    <property name="java.class.path" value="/workdir/hadoop-ozone/integration-test/target/test-classes:/workdir/hadoop-ozone/integration-test/target/classes:/home/user/.m2/repository/org/apache/hadoop/hadoop-ozone-common/0.4.1-SNAPSHOT/hadoop-ozone-common-0.4.1-SNAPSHOT.jar:/home/user/.m2/repository/org/apache/commons/commons-compress/1.4.1/commons-compress-1.4.1.jar:/home/user/.m2/repository/org/tukaani/xz/1.0/xz-1.0.jar:/home/user/.m2/repository/org/apache/hadoop/hadoop-common/3.2.0/hadoop-common-3.2.0.jar:/home/user/.m2/repository/org/apache/hadoop/hadoop-hdfs/3.2.0/hadoop-hdfs-3.2.0.jar:/home/user/.m2/repository/org/apache/hadoop/hadoop-hdfs-client/3.2.0/hadoop-hdfs-client-3.2.0.jar:/home/user/.m2/repository/com/fasterxml/jackson/core/jackson-annotations/2.9.5/jackson-annotations-2.9.5.jar:/home/user/.m2/repository/org/apache/hadoop/hadoop-hdds-common/0.4.1-SNAPSHOT/hadoop-hdds-common-0.4.1-SNAPSHOT.jar:/home/user/.m2/repository/javax/annotation/javax.annotation-api/1.2/javax.annotation-api-1.2.jar:/home/user/.m2/repository/org/apache/ratis/ratis-server/0.4.0-2337318-SNAPSHOT/ratis-server-0.4.0-2337318-SNAPSHOT.jar:/home/user/.m2/repository/org/apache/ratis/ratis-thirdparty-misc/0.2.0/ratis-thirdparty-misc-0.2.0.jar:/home/user/.m2/repository/org/apache/ratis/ratis-proto/0.4.0-2337318-SNAPSHOT/ratis-proto-0.4.0-2337318-SNAPSHOT.jar:/home/user/.m2/repository/org/apache/ratis/ratis-common/0.4.0-2337318-SNAPSHOT/ratis-common-0.4.0-2337318-SNAPSHOT.jar:/home/user/.m2/repository/org/apache/ratis/ratis-client/0.4.0-2337318-SNAPSHOT/ratis-client-0.4.0-2337318-SNAPSHOT.jar:/home/user/.m2/repository/org/apache/ratis/ratis-metrics/0.4.0-2337318-SNAPSHOT/ratis-metrics-0.4.0-2337318-SNAPSHOT.jar:/home/user/.m2/repository/org/apache/ratis/ratis-netty/0.4.0-2337318-SNAPSHOT/ratis-netty-0.4.0-2337318-SNAPSHOT.jar:/home/user/.m2/repository/org/apache/ratis/ratis-grpc/0.4.0-2337318-SNAPSHOT/ratis-grpc-0.4.0-2337318-SNAPSHOT.jar:/home/user/.m2/repository/org/rocksdb/rocksdbjni/6.0.1/rocksdbjni-6.0.1.jar:/home/user/.m2/repository/org/apache/logging/log4j/log4j-api/2.11.0/log4j-api-2.11.0.jar:/home/user/.m2/repository/org/apache/logging/log4j/log4j-core/2.11.0/log4j-core-2.11.0.jar:/home/user/.m2/repository/com/lmax/disruptor/3.4.2/disruptor-3.4.2.jar:/home/user/.m2/repository/org/apache/commons/commons-pool2/2.6.0/commons-pool2-2.6.0.jar:/home/user/.m2/repository/org/bouncycastle/bcpkix-jdk15on/1.60/bcpkix-jdk15on-1.60.jar:/home/user/.m2/repository/commons-validator/commons-validator/1.6/commons-validator-1.6.jar:/home/user/.m2/repository/commons-digester/commons-digester/1.8.1/commons-digester-1.8.1.jar:/home/user/.m2/repository/io/jaegertracing/jaeger-client/0.33.1/jaeger-client-0.33.1.jar:/home/user/.m2/repository/io/jaegertracing/jaeger-thrift/0.33.1/jaeger-thrift-0.33.1.jar:/home/user/.m2/repository/org/apache/thrift/libthrift/0.11.0/libthrift-0.11.0.jar:/home/user/.m2/repository/com/squareup/okhttp3/okhttp/3.9.0/okhttp-3.9.0.jar:/home/user/.m2/repository/com/squareup/okio/okio/1.13.0/okio-1.13.0.jar:/home/user/.m2/repository/io/jaegertracing/jaeger-core/0.33.1/jaeger-core-0.33.1.jar:/home/user/.m2/repository/io/jaegertracing/jaeger-tracerresolver/0.33.1/jaeger-tracerresolver-0.33.1.jar:/home/user/.m2/repository/io/opentracing/contrib/opentracing-tracerresolver/0.1.5/opentracing-tracerresolver-0.1.5.jar:/home/user/.m2/repository/io/opentracing/opentracing-util/0.31.0/opentracing-util-0.31.0.jar:/home/user/.m2/repository/io/opentracing/opentracing-api/0.31.0/opentracing-api-0.31.0.jar:/home/user/.m2/repository/io/opentracing/opentracing-noop/0.31.0/opentracing-noop-0.31.0.jar:/home/user/.m2/repository/org/apache/hadoop/hadoop-hdds-server-framework/0.4.1-SNAPSHOT/hadoop-hdds-server-framework-0.4.1-SNAPSHOT.jar:/home/user/.m2/repository/org/apache/hadoop/hadoop-hdds-container-service/0.4.1-SNAPSHOT/hadoop-hdds-container-service-0.4.1-SNAPSHOT.jar:/home/user/.m2/repository/org/apache/hadoop/hadoop-hdds-client/0.4.1-SNAPSHOT/hadoop-hdds-client-0.4.1-SNAPSHOT.jar:/home/user/.m2/repository/org/apache/hadoop/hadoop-hdds-tools/0.4.1-SNAPSHOT/hadoop-hdds-tools-0.4.1-SNAPSHOT.jar:/home/user/.m2/repository/org/apache/hadoop/hadoop-hdds-server-scm/0.4.1-SNAPSHOT/hadoop-hdds-server-scm-0.4.1-SNAPSHOT.jar:/home/user/.m2/repository/org/apache/hadoop/hadoop-hdds-docs/0.4.1-SNAPSHOT/hadoop-hdds-docs-0.4.1-SNAPSHOT.jar:/home/user/.m2/repository/io/dropwizard/metrics/metrics-core/3.2.4/metrics-core-3.2.4.jar:/home/user/.m2/repository/org/hamcrest/hamcrest-all/1.3/hamcrest-all-1.3.jar:/home/user/.m2/repository/org/bouncycastle/bcprov-jdk15on/1.60/bcprov-jdk15on-1.60.jar:/home/user/.m2/repository/info/picocli/picocli/3.9.6/picocli-3.9.6.jar:/home/user/.m2/repository/com/google/protobuf/protobuf-java/2.5.0/protobuf-java-2.5.0.jar:/home/user/.m2/repository/com/google/guava/guava/11.0.2/guava-11.0.2.jar:/home/user/.m2/repository/org/apache/hadoop/hadoop-ozone-ozone-manager/0.4.1-SNAPSHOT/hadoop-ozone-ozone-manager-0.4.1-SNAPSHOT.jar:/home/user/.m2/repository/org/apache/hadoop/hadoop-minikdc/3.2.0/hadoop-minikdc-3.2.0.jar:/home/user/.m2/repository/commons-io/commons-io/2.5/commons-io-2.5.jar:/home/user/.m2/repository/org/apache/kerby/kerb-simplekdc/1.0.1/kerb-simplekdc-1.0.1.jar:/home/user/.m2/repository/org/apache/kerby/kerb-client/1.0.1/kerb-client-1.0.1.jar:/home/user/.m2/repository/org/apache/kerby/kerby-config/1.0.1/kerby-config-1.0.1.jar:/home/user/.m2/repository/org/apache/kerby/kerb-core/1.0.1/kerb-core-1.0.1.jar:/home/user/.m2/repository/org/apache/kerby/kerby-pkix/1.0.1/kerby-pkix-1.0.1.jar:/home/user/.m2/repository/org/apache/kerby/kerby-asn1/1.0.1/kerby-asn1-1.0.1.jar:/home/user/.m2/repository/org/apache/kerby/kerby-util/1.0.1/kerby-util-1.0.1.jar:/home/user/.m2/repository/org/apache/kerby/kerb-common/1.0.1/kerb-common-1.0.1.jar:/home/user/.m2/repository/org/apache/kerby/kerb-crypto/1.0.1/kerb-crypto-1.0.1.jar:/home/user/.m2/repository/org/apache/kerby/kerb-util/1.0.1/kerb-util-1.0.1.jar:/home/user/.m2/repository/org/apache/kerby/token-provider/1.0.1/token-provider-1.0.1.jar:/home/user/.m2/repository/org/apache/kerby/kerb-admin/1.0.1/kerb-admin-1.0.1.jar:/home/user/.m2/repository/org/apache/kerby/kerb-server/1.0.1/kerb-server-1.0.1.jar:/home/user/.m2/repository/org/apache/kerby/kerb-identity/1.0.1/kerb-identity-1.0.1.jar:/home/user/.m2/repository/org/apache/kerby/kerby-xdr/1.0.1/kerby-xdr-1.0.1.jar:/home/user/.m2/repository/org/slf4j/slf4j-log4j12/1.7.25/slf4j-log4j12-1.7.25.jar:/home/user/.m2/repository/org/apache/hadoop/hadoop-ozone-objectstore-service/0.4.1-SNAPSHOT/hadoop-ozone-objectstore-service-0.4.1-SNAPSHOT.jar:/home/user/.m2/repository/org/apache/hadoop/hadoop-ozone-s3gateway/0.4.1-SNAPSHOT/hadoop-ozone-s3gateway-0.4.1-SNAPSHOT.jar:/home/user/.m2/repository/org/jboss/weld/servlet/weld-servlet/2.4.7.Final/weld-servlet-2.4.7.Final.jar:/home/user/.m2/repository/org/glassfish/jersey/containers/jersey-container-servlet-core/2.27/jersey-container-servlet-core-2.27.jar:/home/user/.m2/repository/org/glassfish/hk2/external/javax.inject/2.5.0-b42/javax.inject-2.5.0-b42.jar:/home/user/.m2/repository/org/glassfish/jersey/core/jersey-common/2.27/jersey-common-2.27.jar:/home/user/.m2/repository/org/glassfish/hk2/osgi-resource-locator/1.0.1/osgi-resource-locator-1.0.1.jar:/home/user/.m2/repository/javax/ws/rs/javax.ws.rs-api/2.1/javax.ws.rs-api-2.1.jar:/home/user/.m2/repository/org/glassfish/jersey/ext/cdi/jersey-cdi1x/2.27/jersey-cdi1x-2.27.jar:/home/user/.m2/repository/org/glassfish/jersey/inject/jersey-hk2/2.27/jersey-hk2-2.27.jar:/home/user/.m2/repository/org/glassfish/hk2/hk2-locator/2.5.0-b42/hk2-locator-2.5.0-b42.jar:/home/user/.m2/repository/org/javassist/javassist/3.22.0-CR2/javassist-3.22.0-CR2.jar:/home/user/.m2/repository/org/glassfish/hk2/hk2-api/2.5.0/hk2-api-2.5.0.jar:/home/user/.m2/repository/org/glassfish/hk2/external/jakarta.inject/2.5.0/jakarta.inject-2.5.0.jar:/home/user/.m2/repository/org/glassfish/hk2/hk2-utils/2.5.0/hk2-utils-2.5.0.jar:/home/user/.m2/repository/jakarta/annotation/jakarta.annotation-api/1.3.4/jakarta.annotation-api-1.3.4.jar:/home/user/.m2/repository/org/glassfish/hk2/external/aopalliance-repackaged/2.5.0/aopalliance-repackaged-2.5.0.jar:/home/user/.m2/repository/com/fasterxml/jackson/dataformat/jackson-dataformat-xml/2.9.0/jackson-dataformat-xml-2.9.0.jar:/home/user/.m2/repository/com/fasterxml/jackson/core/jackson-core/2.9.5/jackson-core-2.9.5.jar:/home/user/.m2/repository/com/fasterxml/jackson/module/jackson-module-jaxb-annotations/2.9.5/jackson-module-jaxb-annotations-2.9.5.jar:/home/user/.m2/repository/javax/enterprise/cdi-api/1.2/cdi-api-1.2.jar:/home/user/.m2/repository/javax/el/javax.el-api/3.0.0/javax.el-api-3.0.0.jar:/home/user/.m2/repository/javax/interceptor/javax.interceptor-api/1.2/javax.interceptor-api-1.2.jar:/home/user/.m2/repository/javax/inject/javax.inject/1/javax.inject-1.jar:/home/user/.m2/repository/com/sun/xml/bind/jaxb-impl/2.3.0.1/jaxb-impl-2.3.0.1.jar:/home/user/.m2/repository/com/sun/xml/bind/jaxb-core/2.3.0.1/jaxb-core-2.3.0.1.jar:/home/user/.m2/repository/javax/xml/bind/jaxb-api/2.3.0/jaxb-api-2.3.0.jar:/home/user/.m2/repository/javax/activation/activation/1.1.1/activation-1.1.1.jar:/home/user/.m2/repository/org/apache/hadoop/hadoop-ozone-csi/0.4.1-SNAPSHOT/hadoop-ozone-csi-0.4.1-SNAPSHOT.jar:/home/user/.m2/repository/com/google/protobuf/protobuf-java-util/3.5.1/protobuf-java-util-3.5.1.jar:/home/user/.m2/repository/org/apache/hadoop/hadoop-hdds-config/0.4.1-SNAPSHOT/hadoop-hdds-config-0.4.1-SNAPSHOT.jar:/home/user/.m2/repository/io/grpc/grpc-netty/1.17.1/grpc-netty-1.17.1.jar:/home/user/.m2/repository/io/grpc/grpc-core/1.17.1/grpc-core-1.17.1.jar:/home/user/.m2/repository/io/grpc/grpc-context/1.17.1/grpc-context-1.17.1.jar:/home/user/.m2/repository/com/google/errorprone/error_prone_annotations/2.2.0/error_prone_annotations-2.2.0.jar:/home/user/.m2/repository/org/codehaus/mojo/animal-sniffer-annotations/1.17/animal-sniffer-annotations-1.17.jar:/home/user/.m2/repository/io/opencensus/opencensus-api/0.17.0/opencensus-api-0.17.0.jar:/home/user/.m2/repository/io/opencensus/opencensus-contrib-grpc-metrics/0.17.0/opencensus-contrib-grpc-metrics-0.17.0.jar:/home/user/.m2/repository/io/netty/netty-codec-http2/4.1.30.Final/netty-codec-http2-4.1.30.Final.jar:/home/user/.m2/repository/io/netty/netty-codec-http/4.1.30.Final/netty-codec-http-4.1.30.Final.jar:/home/user/.m2/repository/io/netty/netty-codec/4.1.30.Final/netty-codec-4.1.30.Final.jar:/home/user/.m2/repository/io/netty/netty-handler/4.1.30.Final/netty-handler-4.1.30.Final.jar:/home/user/.m2/repository/io/netty/netty-handler-proxy/4.1.30.Final/netty-handler-proxy-4.1.30.Final.jar:/home/user/.m2/repository/io/netty/netty-codec-socks/4.1.30.Final/netty-codec-socks-4.1.30.Final.jar:/home/user/.m2/repository/io/netty/netty-transport-native-epoll/4.1.30.Final/netty-transport-native-epoll-4.1.30.Final.jar:/home/user/.m2/repository/io/netty/netty-common/4.1.30.Final/netty-common-4.1.30.Final.jar:/home/user/.m2/repository/io/netty/netty-buffer/4.1.30.Final/netty-buffer-4.1.30.Final.jar:/home/user/.m2/repository/io/netty/netty-transport/4.1.30.Final/netty-transport-4.1.30.Final.jar:/home/user/.m2/repository/io/netty/netty-resolver/4.1.30.Final/netty-resolver-4.1.30.Final.jar:/home/user/.m2/repository/io/netty/netty-transport-native-unix-common/4.1.30.Final/netty-transport-native-unix-common-4.1.30.Final.jar:/home/user/.m2/repository/io/grpc/grpc-protobuf/1.17.1/grpc-protobuf-1.17.1.jar:/home/user/.m2/repository/com/google/api/grpc/proto-google-common-protos/1.0.0/proto-google-common-protos-1.0.0.jar:/home/user/.m2/repository/io/grpc/grpc-protobuf-lite/1.17.1/grpc-protobuf-lite-1.17.1.jar:/home/user/.m2/repository/io/grpc/grpc-stub/1.17.1/grpc-stub-1.17.1.jar:/home/user/.m2/repository/org/apache/hadoop/hadoop-ozone-recon/0.4.1-SNAPSHOT/hadoop-ozone-recon-0.4.1-SNAPSHOT.jar:/home/user/.m2/repository/org/apache/hadoop/hadoop-ozone-reconcodegen/0.4.1-SNAPSHOT/hadoop-ozone-reconcodegen-0.4.1-SNAPSHOT.jar:/home/user/.m2/repository/com/google/inject/extensions/guice-multibindings/4.0/guice-multibindings-4.0.jar:/home/user/.m2/repository/com/google/inject/guice/4.0/guice-4.0.jar:/home/user/.m2/repository/aopalliance/aopalliance/1.0/aopalliance-1.0.jar:/home/user/.m2/repository/com/google/inject/extensions/guice-servlet/4.0/guice-servlet-4.0.jar:/home/user/.m2/repository/org/glassfish/jersey/containers/jersey-container-servlet/2.27/jersey-container-servlet-2.27.jar:/home/user/.m2/repository/org/glassfish/hk2/guice-bridge/2.5.0/guice-bridge-2.5.0.jar:/home/user/.m2/repository/org/glassfish/jersey/core/jersey-server/2.27/jersey-server-2.27.jar:/home/user/.m2/repository/org/glassfish/jersey/core/jersey-client/2.27/jersey-client-2.27.jar:/home/user/.m2/repository/org/glassfish/jersey/media/jersey-media-jaxb/2.27/jersey-media-jaxb-2.27.jar:/home/user/.m2/repository/javax/validation/validation-api/1.1.0.Final/validation-api-1.1.0.Final.jar:/home/user/.m2/repository/org/glassfish/jersey/media/jersey-media-json-jackson/2.27/jersey-media-json-jackson-2.27.jar:/home/user/.m2/repository/org/glassfish/jersey/ext/jersey-entity-filtering/2.27/jersey-entity-filtering-2.27.jar:/home/user/.m2/repository/com/google/inject/extensions/guice-assistedinject/4.0/guice-assistedinject-4.0.jar:/home/user/.m2/repository/org/jooq/jooq/3.11.10/jooq-3.11.10.jar:/home/user/.m2/repository/org/jooq/jooq-meta/3.11.10/jooq-meta-3.11.10.jar:/home/user/.m2/repository/org/jooq/jooq-codegen/3.11.10/jooq-codegen-3.11.10.jar:/home/user/.m2/repository/com/jolbox/bonecp/0.8.0.RELEASE/bonecp-0.8.0.RELEASE.jar:/home/user/.m2/repository/org/xerial/sqlite-jdbc/3.25.2/sqlite-jdbc-3.25.2.jar:/home/user/.m2/repository/org/springframework/spring-jdbc/5.1.3.RELEASE/spring-jdbc-5.1.3.RELEASE.jar:/home/user/.m2/repository/org/springframework/spring-beans/5.1.3.RELEASE/spring-beans-5.1.3.RELEASE.jar:/home/user/.m2/repository/org/springframework/spring-core/5.1.3.RELEASE/spring-core-5.1.3.RELEASE.jar:/home/user/.m2/repository/org/springframework/spring-jcl/5.1.3.RELEASE/spring-jcl-5.1.3.RELEASE.jar:/home/user/.m2/repository/org/springframework/spring-tx/5.1.3.RELEASE/spring-tx-5.1.3.RELEASE.jar:/home/user/.m2/repository/org/apache/hadoop/hadoop-ozone-client/0.4.1-SNAPSHOT/hadoop-ozone-client-0.4.1-SNAPSHOT.jar:/home/user/.m2/repository/commons-lang/commons-lang/2.6/commons-lang-2.6.jar:/home/user/.m2/repository/org/apache/hadoop/hadoop-ozone-ozone-manager/0.4.1-SNAPSHOT/hadoop-ozone-ozone-manager-0.4.1-SNAPSHOT-tests.jar:/home/user/.m2/repository/junit/junit/4.11/junit-4.11.jar:/home/user/.m2/repository/org/hamcrest/hamcrest-core/1.3/hamcrest-core-1.3.jar:/home/user/.m2/repository/org/openjdk/jmh/jmh-core/1.19/jmh-core-1.19.jar:/home/user/.m2/repository/net/sf/jopt-simple/jopt-simple/4.6/jopt-simple-4.6.jar:/home/user/.m2/repository/org/apache/commons/commons-math3/3.1.1/commons-math3-3.1.1.jar:/home/user/.m2/repository/org/openjdk/jmh/jmh-generator-annprocess/1.19/jmh-generator-annprocess-1.19.jar:/home/user/.m2/repository/org/mockito/mockito-all/1.8.5/mockito-all-1.8.5.jar:/home/user/.m2/repository/org/apache/hadoop/hadoop-kms/3.2.0/hadoop-kms-3.2.0.jar:/home/user/.m2/repository/org/apache/hadoop/hadoop-auth/3.2.0/hadoop-auth-3.2.0.jar:/home/user/.m2/repository/com/nimbusds/nimbus-jose-jwt/4.41.1/nimbus-jose-jwt-4.41.1.jar:/home/user/.m2/repository/com/github/stephenc/jcip/jcip-annotations/1.0-1/jcip-annotations-1.0-1.jar:/home/user/.m2/repository/net/minidev/json-smart/2.3/json-smart-2.3.jar:/home/user/.m2/repository/net/minidev/accessors-smart/1.2/accessors-smart-1.2.jar:/home/user/.m2/repository/org/ow2/asm/asm/5.0.4/asm-5.0.4.jar:/home/user/.m2/repository/org/apache/curator/curator-framework/2.12.0/curator-framework-2.12.0.jar:/home/user/.m2/repository/com/sun/jersey/jersey-core/1.19/jersey-core-1.19.jar:/home/user/.m2/repository/javax/ws/rs/jsr311-api/1.1.1/jsr311-api-1.1.1.jar:/home/user/.m2/repository/com/sun/jersey/jersey-server/1.19/jersey-server-1.19.jar:/home/user/.m2/repository/javax/servlet/javax.servlet-api/3.1.0/javax.servlet-api-3.1.0.jar:/home/user/.m2/repository/org/eclipse/jetty/jetty-server/9.3.24.v20180605/jetty-server-9.3.24.v20180605.jar:/home/user/.m2/repository/org/eclipse/jetty/jetty-http/9.3.24.v20180605/jetty-http-9.3.24.v20180605.jar:/home/user/.m2/repository/org/eclipse/jetty/jetty-io/9.3.24.v20180605/jetty-io-9.3.24.v20180605.jar:/home/user/.m2/repository/org/eclipse/jetty/jetty-webapp/9.3.24.v20180605/jetty-webapp-9.3.24.v20180605.jar:/home/user/.m2/repository/org/eclipse/jetty/jetty-xml/9.3.24.v20180605/jetty-xml-9.3.24.v20180605.jar:/home/user/.m2/repository/log4j/log4j/1.2.17/log4j-1.2.17.jar:/home/user/.m2/repository/org/slf4j/slf4j-api/1.7.25/slf4j-api-1.7.25.jar:/home/user/.m2/repository/org/slf4j/jul-to-slf4j/1.7.25/jul-to-slf4j-1.7.25.jar:/home/user/.m2/repository/org/eclipse/jetty/jetty-util/9.3.24.v20180605/jetty-util-9.3.24.v20180605.jar:/home/user/.m2/repository/com/fasterxml/jackson/core/jackson-databind/2.9.5/jackson-databind-2.9.5.jar:/home/user/.m2/repository/org/apache/hadoop/hadoop-kms/3.2.0/hadoop-kms-3.2.0-tests.jar:/home/user/.m2/repository/org/apache/hadoop/hadoop-hdds-server-scm/0.4.1-SNAPSHOT/hadoop-hdds-server-scm-0.4.1-SNAPSHOT-tests.jar:/home/user/.m2/repository/org/apache/hadoop/hadoop-hdds-container-service/0.4.1-SNAPSHOT/hadoop-hdds-container-service-0.4.1-SNAPSHOT-tests.jar:/home/user/.m2/repository/org/yaml/snakeyaml/1.16/snakeyaml-1.16.jar:/home/user/.m2/repository/org/apache/hadoop/hadoop-common/3.2.0/hadoop-common-3.2.0-tests.jar:/home/user/.m2/repository/org/apache/hadoop/hadoop-annotations/3.2.0/hadoop-annotations-3.2.0.jar:/usr/lib/jvm/java-1.8-openjdk/jre/../lib/tools.jar:/home/user/.m2/repository/commons-cli/commons-cli/1.2/commons-cli-1.2.jar:/home/user/.m2/repository/org/apache/httpcomponents/httpclient/4.5.2/httpclient-4.5.2.jar:/home/user/.m2/repository/org/apache/httpcomponents/httpcore/4.4.4/httpcore-4.4.4.jar:/home/user/.m2/repository/commons-codec/commons-codec/1.11/commons-codec-1.11.jar:/home/user/.m2/repository/commons-net/commons-net/3.6/commons-net-3.6.jar:/home/user/.m2/repository/commons-collections/commons-collections/3.2.2/commons-collections-3.2.2.jar:/home/user/.m2/repository/org/eclipse/jetty/jetty-servlet/9.3.24.v20180605/jetty-servlet-9.3.24.v20180605.jar:/home/user/.m2/repository/org/eclipse/jetty/jetty-security/9.3.24.v20180605/jetty-security-9.3.24.v20180605.jar:/home/user/.m2/repository/javax/servlet/jsp/jsp-api/2.1/jsp-api-2.1.jar:/home/user/.m2/repository/com/sun/jersey/jersey-servlet/1.19/jersey-servlet-1.19.jar:/home/user/.m2/repository/com/sun/jersey/jersey-json/1.19/jersey-json-1.19.jar:/home/user/.m2/repository/org/codehaus/jettison/jettison/1.1/jettison-1.1.jar:/home/user/.m2/repository/org/codehaus/jackson/jackson-core-asl/1.9.13/jackson-core-asl-1.9.13.jar:/home/user/.m2/repository/org/codehaus/jackson/jackson-mapper-asl/1.9.13/jackson-mapper-asl-1.9.13.jar:/home/user/.m2/repository/org/codehaus/jackson/jackson-jaxrs/1.9.13/jackson-jaxrs-1.9.13.jar:/home/user/.m2/repository/org/codehaus/jackson/jackson-xc/1.9.13/jackson-xc-1.9.13.jar:/home/user/.m2/repository/commons-logging/commons-logging/1.1.3/commons-logging-1.1.3.jar:/home/user/.m2/repository/commons-beanutils/commons-beanutils/1.9.3/commons-beanutils-1.9.3.jar:/home/user/.m2/repository/org/apache/commons/commons-configuration2/2.1.1/commons-configuration2-2.1.1.jar:/home/user/.m2/repository/org/apache/commons/commons-lang3/3.7/commons-lang3-3.7.jar:/home/user/.m2/repository/org/apache/commons/commons-text/1.4/commons-text-1.4.jar:/home/user/.m2/repository/org/apache/avro/avro/1.7.7/avro-1.7.7.jar:/home/user/.m2/repository/com/thoughtworks/paranamer/paranamer/2.3/paranamer-2.3.jar:/home/user/.m2/repository/org/xerial/snappy/snappy-java/1.0.5/snappy-java-1.0.5.jar:/home/user/.m2/repository/com/google/re2j/re2j/1.1/re2j-1.1.jar:/home/user/.m2/repository/com/google/code/gson/gson/2.2.4/gson-2.2.4.jar:/home/user/.m2/repository/com/jcraft/jsch/0.1.54/jsch-0.1.54.jar:/home/user/.m2/repository/org/apache/curator/curator-client/2.12.0/curator-client-2.12.0.jar:/home/user/.m2/repository/org/apache/curator/curator-recipes/2.12.0/curator-recipes-2.12.0.jar:/home/user/.m2/repository/com/google/code/findbugs/jsr305/3.0.0/jsr305-3.0.0.jar:/home/user/.m2/repository/org/apache/htrace/htrace-core4/4.1.0-incubating/htrace-core4-4.1.0-incubating.jar:/home/user/.m2/repository/org/apache/zookeeper/zookeeper/3.4.13/zookeeper-3.4.13.jar:/home/user/.m2/repository/org/apache/yetus/audience-annotations/0.5.0/audience-annotations-0.5.0.jar:/home/user/.m2/repository/org/codehaus/woodstox/stax2-api/3.1.4/stax2-api-3.1.4.jar:/home/user/.m2/repository/com/fasterxml/woodstox/woodstox-core/5.0.3/woodstox-core-5.0.3.jar:/home/user/.m2/repository/dnsjava/dnsjava/2.1.7/dnsjava-2.1.7.jar:/home/user/.m2/repository/org/apache/hadoop/hadoop-hdfs/3.2.0/hadoop-hdfs-3.2.0-tests.jar:/home/user/.m2/repository/org/eclipse/jetty/jetty-util-ajax/9.3.24.v20180605/jetty-util-ajax-9.3.24.v20180605.jar:/home/user/.m2/repository/commons-daemon/commons-daemon/1.0.13/commons-daemon-1.0.13.jar:/home/user/.m2/repository/io/netty/netty/3.10.5.Final/netty-3.10.5.Final.jar:/home/user/.m2/repository/io/netty/netty-all/4.0.52.Final/netty-all-4.0.52.Final.jar:/home/user/.m2/repository/org/fusesource/leveldbjni/leveldbjni-all/1.8/leveldbjni-all-1.8.jar:"/>
    <property name="java.vm.vendor" value="IcedTea"/>
    <property name="sun.arch.data.model" value="64"/>
    <property name="test.build.dir" value="/workdir/hadoop-ozone/integration-test/target/test-dir"/>
    <property name="test.cache.data" value=""/>
    <property name="java.vendor.url" value="https://icedtea.classpath.org"/>
    <property name="user.timezone" value=""/>
    <property name="java.vm.specification.version" value="1.8"/>
    <property name="os.name" value="Linux"/>
    <property name="test.build.data" value="/workdir/hadoop-ozone/integration-test/target/test-dir"/>
    <property name="user.country" value="US"/>
    <property name="sun.java.launcher" value="SUN_STANDARD"/>
    <property name="sun.boot.library.path" value="/usr/lib/jvm/java-1.8-openjdk/jre/lib/amd64"/>
    <property name="sun.java.command" value="/workdir/hadoop-ozone/integration-test/target/surefire/surefirebooter6427485948908314024.jar /workdir/hadoop-ozone/integration-test/target/surefire 2019-07-30T22-42-59_315-jvmRun1 surefire3813162777457542389tmp surefire_285544612655117512184tmp"/>
    <property name="surefire.test.class.path" value="/workdir/hadoop-ozone/integration-test/target/test-classes:/workdir/hadoop-ozone/integration-test/target/classes:/home/user/.m2/repository/org/apache/hadoop/hadoop-ozone-common/0.4.1-SNAPSHOT/hadoop-ozone-common-0.4.1-SNAPSHOT.jar:/home/user/.m2/repository/org/apache/commons/commons-compress/1.4.1/commons-compress-1.4.1.jar:/home/user/.m2/repository/org/tukaani/xz/1.0/xz-1.0.jar:/home/user/.m2/repository/org/apache/hadoop/hadoop-common/3.2.0/hadoop-common-3.2.0.jar:/home/user/.m2/repository/org/apache/hadoop/hadoop-hdfs/3.2.0/hadoop-hdfs-3.2.0.jar:/home/user/.m2/repository/org/apache/hadoop/hadoop-hdfs-client/3.2.0/hadoop-hdfs-client-3.2.0.jar:/home/user/.m2/repository/com/fasterxml/jackson/core/jackson-annotations/2.9.5/jackson-annotations-2.9.5.jar:/home/user/.m2/repository/org/apache/hadoop/hadoop-hdds-common/0.4.1-SNAPSHOT/hadoop-hdds-common-0.4.1-SNAPSHOT.jar:/home/user/.m2/repository/javax/annotation/javax.annotation-api/1.2/javax.annotation-api-1.2.jar:/home/user/.m2/repository/org/apache/ratis/ratis-server/0.4.0-2337318-SNAPSHOT/ratis-server-0.4.0-2337318-SNAPSHOT.jar:/home/user/.m2/repository/org/apache/ratis/ratis-thirdparty-misc/0.2.0/ratis-thirdparty-misc-0.2.0.jar:/home/user/.m2/repository/org/apache/ratis/ratis-proto/0.4.0-2337318-SNAPSHOT/ratis-proto-0.4.0-2337318-SNAPSHOT.jar:/home/user/.m2/repository/org/apache/ratis/ratis-common/0.4.0-2337318-SNAPSHOT/ratis-common-0.4.0-2337318-SNAPSHOT.jar:/home/user/.m2/repository/org/apache/ratis/ratis-client/0.4.0-2337318-SNAPSHOT/ratis-client-0.4.0-2337318-SNAPSHOT.jar:/home/user/.m2/repository/org/apache/ratis/ratis-metrics/0.4.0-2337318-SNAPSHOT/ratis-metrics-0.4.0-2337318-SNAPSHOT.jar:/home/user/.m2/repository/org/apache/ratis/ratis-netty/0.4.0-2337318-SNAPSHOT/ratis-netty-0.4.0-2337318-SNAPSHOT.jar:/home/user/.m2/repository/org/apache/ratis/ratis-grpc/0.4.0-2337318-SNAPSHOT/ratis-grpc-0.4.0-2337318-SNAPSHOT.jar:/home/user/.m2/repository/org/rocksdb/rocksdbjni/6.0.1/rocksdbjni-6.0.1.jar:/home/user/.m2/repository/org/apache/logging/log4j/log4j-api/2.11.0/log4j-api-2.11.0.jar:/home/user/.m2/repository/org/apache/logging/log4j/log4j-core/2.11.0/log4j-core-2.11.0.jar:/home/user/.m2/repository/com/lmax/disruptor/3.4.2/disruptor-3.4.2.jar:/home/user/.m2/repository/org/apache/commons/commons-pool2/2.6.0/commons-pool2-2.6.0.jar:/home/user/.m2/repository/org/bouncycastle/bcpkix-jdk15on/1.60/bcpkix-jdk15on-1.60.jar:/home/user/.m2/repository/commons-validator/commons-validator/1.6/commons-validator-1.6.jar:/home/user/.m2/repository/commons-digester/commons-digester/1.8.1/commons-digester-1.8.1.jar:/home/user/.m2/repository/io/jaegertracing/jaeger-client/0.33.1/jaeger-client-0.33.1.jar:/home/user/.m2/repository/io/jaegertracing/jaeger-thrift/0.33.1/jaeger-thrift-0.33.1.jar:/home/user/.m2/repository/org/apache/thrift/libthrift/0.11.0/libthrift-0.11.0.jar:/home/user/.m2/repository/com/squareup/okhttp3/okhttp/3.9.0/okhttp-3.9.0.jar:/home/user/.m2/repository/com/squareup/okio/okio/1.13.0/okio-1.13.0.jar:/home/user/.m2/repository/io/jaegertracing/jaeger-core/0.33.1/jaeger-core-0.33.1.jar:/home/user/.m2/repository/io/jaegertracing/jaeger-tracerresolver/0.33.1/jaeger-tracerresolver-0.33.1.jar:/home/user/.m2/repository/io/opentracing/contrib/opentracing-tracerresolver/0.1.5/opentracing-tracerresolver-0.1.5.jar:/home/user/.m2/repository/io/opentracing/opentracing-util/0.31.0/opentracing-util-0.31.0.jar:/home/user/.m2/repository/io/opentracing/opentracing-api/0.31.0/opentracing-api-0.31.0.jar:/home/user/.m2/repository/io/opentracing/opentracing-noop/0.31.0/opentracing-noop-0.31.0.jar:/home/user/.m2/repository/org/apache/hadoop/hadoop-hdds-server-framework/0.4.1-SNAPSHOT/hadoop-hdds-server-framework-0.4.1-SNAPSHOT.jar:/home/user/.m2/repository/org/apache/hadoop/hadoop-hdds-container-service/0.4.1-SNAPSHOT/hadoop-hdds-container-service-0.4.1-SNAPSHOT.jar:/home/user/.m2/repository/org/apache/hadoop/hadoop-hdds-client/0.4.1-SNAPSHOT/hadoop-hdds-client-0.4.1-SNAPSHOT.jar:/home/user/.m2/repository/org/apache/hadoop/hadoop-hdds-tools/0.4.1-SNAPSHOT/hadoop-hdds-tools-0.4.1-SNAPSHOT.jar:/home/user/.m2/repository/org/apache/hadoop/hadoop-hdds-server-scm/0.4.1-SNAPSHOT/hadoop-hdds-server-scm-0.4.1-SNAPSHOT.jar:/home/user/.m2/repository/org/apache/hadoop/hadoop-hdds-docs/0.4.1-SNAPSHOT/hadoop-hdds-docs-0.4.1-SNAPSHOT.jar:/home/user/.m2/repository/io/dropwizard/metrics/metrics-core/3.2.4/metrics-core-3.2.4.jar:/home/user/.m2/repository/org/hamcrest/hamcrest-all/1.3/hamcrest-all-1.3.jar:/home/user/.m2/repository/org/bouncycastle/bcprov-jdk15on/1.60/bcprov-jdk15on-1.60.jar:/home/user/.m2/repository/info/picocli/picocli/3.9.6/picocli-3.9.6.jar:/home/user/.m2/repository/com/google/protobuf/protobuf-java/2.5.0/protobuf-java-2.5.0.jar:/home/user/.m2/repository/com/google/guava/guava/11.0.2/guava-11.0.2.jar:/home/user/.m2/repository/org/apache/hadoop/hadoop-ozone-ozone-manager/0.4.1-SNAPSHOT/hadoop-ozone-ozone-manager-0.4.1-SNAPSHOT.jar:/home/user/.m2/repository/org/apache/hadoop/hadoop-minikdc/3.2.0/hadoop-minikdc-3.2.0.jar:/home/user/.m2/repository/commons-io/commons-io/2.5/commons-io-2.5.jar:/home/user/.m2/repository/org/apache/kerby/kerb-simplekdc/1.0.1/kerb-simplekdc-1.0.1.jar:/home/user/.m2/repository/org/apache/kerby/kerb-client/1.0.1/kerb-client-1.0.1.jar:/home/user/.m2/repository/org/apache/kerby/kerby-config/1.0.1/kerby-config-1.0.1.jar:/home/user/.m2/repository/org/apache/kerby/kerb-core/1.0.1/kerb-core-1.0.1.jar:/home/user/.m2/repository/org/apache/kerby/kerby-pkix/1.0.1/kerby-pkix-1.0.1.jar:/home/user/.m2/repository/org/apache/kerby/kerby-asn1/1.0.1/kerby-asn1-1.0.1.jar:/home/user/.m2/repository/org/apache/kerby/kerby-util/1.0.1/kerby-util-1.0.1.jar:/home/user/.m2/repository/org/apache/kerby/kerb-common/1.0.1/kerb-common-1.0.1.jar:/home/user/.m2/repository/org/apache/kerby/kerb-crypto/1.0.1/kerb-crypto-1.0.1.jar:/home/user/.m2/repository/org/apache/kerby/kerb-util/1.0.1/kerb-util-1.0.1.jar:/home/user/.m2/repository/org/apache/kerby/token-provider/1.0.1/token-provider-1.0.1.jar:/home/user/.m2/repository/org/apache/kerby/kerb-admin/1.0.1/kerb-admin-1.0.1.jar:/home/user/.m2/repository/org/apache/kerby/kerb-server/1.0.1/kerb-server-1.0.1.jar:/home/user/.m2/repository/org/apache/kerby/kerb-identity/1.0.1/kerb-identity-1.0.1.jar:/home/user/.m2/repository/org/apache/kerby/kerby-xdr/1.0.1/kerby-xdr-1.0.1.jar:/home/user/.m2/repository/org/slf4j/slf4j-log4j12/1.7.25/slf4j-log4j12-1.7.25.jar:/home/user/.m2/repository/org/apache/hadoop/hadoop-ozone-objectstore-service/0.4.1-SNAPSHOT/hadoop-ozone-objectstore-service-0.4.1-SNAPSHOT.jar:/home/user/.m2/repository/org/apache/hadoop/hadoop-ozone-s3gateway/0.4.1-SNAPSHOT/hadoop-ozone-s3gateway-0.4.1-SNAPSHOT.jar:/home/user/.m2/repository/org/jboss/weld/servlet/weld-servlet/2.4.7.Final/weld-servlet-2.4.7.Final.jar:/home/user/.m2/repository/org/glassfish/jersey/containers/jersey-container-servlet-core/2.27/jersey-container-servlet-core-2.27.jar:/home/user/.m2/repository/org/glassfish/hk2/external/javax.inject/2.5.0-b42/javax.inject-2.5.0-b42.jar:/home/user/.m2/repository/org/glassfish/jersey/core/jersey-common/2.27/jersey-common-2.27.jar:/home/user/.m2/repository/org/glassfish/hk2/osgi-resource-locator/1.0.1/osgi-resource-locator-1.0.1.jar:/home/user/.m2/repository/javax/ws/rs/javax.ws.rs-api/2.1/javax.ws.rs-api-2.1.jar:/home/user/.m2/repository/org/glassfish/jersey/ext/cdi/jersey-cdi1x/2.27/jersey-cdi1x-2.27.jar:/home/user/.m2/repository/org/glassfish/jersey/inject/jersey-hk2/2.27/jersey-hk2-2.27.jar:/home/user/.m2/repository/org/glassfish/hk2/hk2-locator/2.5.0-b42/hk2-locator-2.5.0-b42.jar:/home/user/.m2/repository/org/javassist/javassist/3.22.0-CR2/javassist-3.22.0-CR2.jar:/home/user/.m2/repository/org/glassfish/hk2/hk2-api/2.5.0/hk2-api-2.5.0.jar:/home/user/.m2/repository/org/glassfish/hk2/external/jakarta.inject/2.5.0/jakarta.inject-2.5.0.jar:/home/user/.m2/repository/org/glassfish/hk2/hk2-utils/2.5.0/hk2-utils-2.5.0.jar:/home/user/.m2/repository/jakarta/annotation/jakarta.annotation-api/1.3.4/jakarta.annotation-api-1.3.4.jar:/home/user/.m2/repository/org/glassfish/hk2/external/aopalliance-repackaged/2.5.0/aopalliance-repackaged-2.5.0.jar:/home/user/.m2/repository/com/fasterxml/jackson/dataformat/jackson-dataformat-xml/2.9.0/jackson-dataformat-xml-2.9.0.jar:/home/user/.m2/repository/com/fasterxml/jackson/core/jackson-core/2.9.5/jackson-core-2.9.5.jar:/home/user/.m2/repository/com/fasterxml/jackson/module/jackson-module-jaxb-annotations/2.9.5/jackson-module-jaxb-annotations-2.9.5.jar:/home/user/.m2/repository/javax/enterprise/cdi-api/1.2/cdi-api-1.2.jar:/home/user/.m2/repository/javax/el/javax.el-api/3.0.0/javax.el-api-3.0.0.jar:/home/user/.m2/repository/javax/interceptor/javax.interceptor-api/1.2/javax.interceptor-api-1.2.jar:/home/user/.m2/repository/javax/inject/javax.inject/1/javax.inject-1.jar:/home/user/.m2/repository/com/sun/xml/bind/jaxb-impl/2.3.0.1/jaxb-impl-2.3.0.1.jar:/home/user/.m2/repository/com/sun/xml/bind/jaxb-core/2.3.0.1/jaxb-core-2.3.0.1.jar:/home/user/.m2/repository/javax/xml/bind/jaxb-api/2.3.0/jaxb-api-2.3.0.jar:/home/user/.m2/repository/javax/activation/activation/1.1.1/activation-1.1.1.jar:/home/user/.m2/repository/org/apache/hadoop/hadoop-ozone-csi/0.4.1-SNAPSHOT/hadoop-ozone-csi-0.4.1-SNAPSHOT.jar:/home/user/.m2/repository/com/google/protobuf/protobuf-java-util/3.5.1/protobuf-java-util-3.5.1.jar:/home/user/.m2/repository/org/apache/hadoop/hadoop-hdds-config/0.4.1-SNAPSHOT/hadoop-hdds-config-0.4.1-SNAPSHOT.jar:/home/user/.m2/repository/io/grpc/grpc-netty/1.17.1/grpc-netty-1.17.1.jar:/home/user/.m2/repository/io/grpc/grpc-core/1.17.1/grpc-core-1.17.1.jar:/home/user/.m2/repository/io/grpc/grpc-context/1.17.1/grpc-context-1.17.1.jar:/home/user/.m2/repository/com/google/errorprone/error_prone_annotations/2.2.0/error_prone_annotations-2.2.0.jar:/home/user/.m2/repository/org/codehaus/mojo/animal-sniffer-annotations/1.17/animal-sniffer-annotations-1.17.jar:/home/user/.m2/repository/io/opencensus/opencensus-api/0.17.0/opencensus-api-0.17.0.jar:/home/user/.m2/repository/io/opencensus/opencensus-contrib-grpc-metrics/0.17.0/opencensus-contrib-grpc-metrics-0.17.0.jar:/home/user/.m2/repository/io/netty/netty-codec-http2/4.1.30.Final/netty-codec-http2-4.1.30.Final.jar:/home/user/.m2/repository/io/netty/netty-codec-http/4.1.30.Final/netty-codec-http-4.1.30.Final.jar:/home/user/.m2/repository/io/netty/netty-codec/4.1.30.Final/netty-codec-4.1.30.Final.jar:/home/user/.m2/repository/io/netty/netty-handler/4.1.30.Final/netty-handler-4.1.30.Final.jar:/home/user/.m2/repository/io/netty/netty-handler-proxy/4.1.30.Final/netty-handler-proxy-4.1.30.Final.jar:/home/user/.m2/repository/io/netty/netty-codec-socks/4.1.30.Final/netty-codec-socks-4.1.30.Final.jar:/home/user/.m2/repository/io/netty/netty-transport-native-epoll/4.1.30.Final/netty-transport-native-epoll-4.1.30.Final.jar:/home/user/.m2/repository/io/netty/netty-common/4.1.30.Final/netty-common-4.1.30.Final.jar:/home/user/.m2/repository/io/netty/netty-buffer/4.1.30.Final/netty-buffer-4.1.30.Final.jar:/home/user/.m2/repository/io/netty/netty-transport/4.1.30.Final/netty-transport-4.1.30.Final.jar:/home/user/.m2/repository/io/netty/netty-resolver/4.1.30.Final/netty-resolver-4.1.30.Final.jar:/home/user/.m2/repository/io/netty/netty-transport-native-unix-common/4.1.30.Final/netty-transport-native-unix-common-4.1.30.Final.jar:/home/user/.m2/repository/io/grpc/grpc-protobuf/1.17.1/grpc-protobuf-1.17.1.jar:/home/user/.m2/repository/com/google/api/grpc/proto-google-common-protos/1.0.0/proto-google-common-protos-1.0.0.jar:/home/user/.m2/repository/io/grpc/grpc-protobuf-lite/1.17.1/grpc-protobuf-lite-1.17.1.jar:/home/user/.m2/repository/io/grpc/grpc-stub/1.17.1/grpc-stub-1.17.1.jar:/home/user/.m2/repository/org/apache/hadoop/hadoop-ozone-recon/0.4.1-SNAPSHOT/hadoop-ozone-recon-0.4.1-SNAPSHOT.jar:/home/user/.m2/repository/org/apache/hadoop/hadoop-ozone-reconcodegen/0.4.1-SNAPSHOT/hadoop-ozone-reconcodegen-0.4.1-SNAPSHOT.jar:/home/user/.m2/repository/com/google/inject/extensions/guice-multibindings/4.0/guice-multibindings-4.0.jar:/home/user/.m2/repository/com/google/inject/guice/4.0/guice-4.0.jar:/home/user/.m2/repository/aopalliance/aopalliance/1.0/aopalliance-1.0.jar:/home/user/.m2/repository/com/google/inject/extensions/guice-servlet/4.0/guice-servlet-4.0.jar:/home/user/.m2/repository/org/glassfish/jersey/containers/jersey-container-servlet/2.27/jersey-container-servlet-2.27.jar:/home/user/.m2/repository/org/glassfish/hk2/guice-bridge/2.5.0/guice-bridge-2.5.0.jar:/home/user/.m2/repository/org/glassfish/jersey/core/jersey-server/2.27/jersey-server-2.27.jar:/home/user/.m2/repository/org/glassfish/jersey/core/jersey-client/2.27/jersey-client-2.27.jar:/home/user/.m2/repository/org/glassfish/jersey/media/jersey-media-jaxb/2.27/jersey-media-jaxb-2.27.jar:/home/user/.m2/repository/javax/validation/validation-api/1.1.0.Final/validation-api-1.1.0.Final.jar:/home/user/.m2/repository/org/glassfish/jersey/media/jersey-media-json-jackson/2.27/jersey-media-json-jackson-2.27.jar:/home/user/.m2/repository/org/glassfish/jersey/ext/jersey-entity-filtering/2.27/jersey-entity-filtering-2.27.jar:/home/user/.m2/repository/com/google/inject/extensions/guice-assistedinject/4.0/guice-assistedinject-4.0.jar:/home/user/.m2/repository/org/jooq/jooq/3.11.10/jooq-3.11.10.jar:/home/user/.m2/repository/org/jooq/jooq-meta/3.11.10/jooq-meta-3.11.10.jar:/home/user/.m2/repository/org/jooq/jooq-codegen/3.11.10/jooq-codegen-3.11.10.jar:/home/user/.m2/repository/com/jolbox/bonecp/0.8.0.RELEASE/bonecp-0.8.0.RELEASE.jar:/home/user/.m2/repository/org/xerial/sqlite-jdbc/3.25.2/sqlite-jdbc-3.25.2.jar:/home/user/.m2/repository/org/springframework/spring-jdbc/5.1.3.RELEASE/spring-jdbc-5.1.3.RELEASE.jar:/home/user/.m2/repository/org/springframework/spring-beans/5.1.3.RELEASE/spring-beans-5.1.3.RELEASE.jar:/home/user/.m2/repository/org/springframework/spring-core/5.1.3.RELEASE/spring-core-5.1.3.RELEASE.jar:/home/user/.m2/repository/org/springframework/spring-jcl/5.1.3.RELEASE/spring-jcl-5.1.3.RELEASE.jar:/home/user/.m2/repository/org/springframework/spring-tx/5.1.3.RELEASE/spring-tx-5.1.3.RELEASE.jar:/home/user/.m2/repository/org/apache/hadoop/hadoop-ozone-client/0.4.1-SNAPSHOT/hadoop-ozone-client-0.4.1-SNAPSHOT.jar:/home/user/.m2/repository/commons-lang/commons-lang/2.6/commons-lang-2.6.jar:/home/user/.m2/repository/org/apache/hadoop/hadoop-ozone-ozone-manager/0.4.1-SNAPSHOT/hadoop-ozone-ozone-manager-0.4.1-SNAPSHOT-tests.jar:/home/user/.m2/repository/junit/junit/4.11/junit-4.11.jar:/home/user/.m2/repository/org/hamcrest/hamcrest-core/1.3/hamcrest-core-1.3.jar:/home/user/.m2/repository/org/openjdk/jmh/jmh-core/1.19/jmh-core-1.19.jar:/home/user/.m2/repository/net/sf/jopt-simple/jopt-simple/4.6/jopt-simple-4.6.jar:/home/user/.m2/repository/org/apache/commons/commons-math3/3.1.1/commons-math3-3.1.1.jar:/home/user/.m2/repository/org/openjdk/jmh/jmh-generator-annprocess/1.19/jmh-generator-annprocess-1.19.jar:/home/user/.m2/repository/org/mockito/mockito-all/1.8.5/mockito-all-1.8.5.jar:/home/user/.m2/repository/org/apache/hadoop/hadoop-kms/3.2.0/hadoop-kms-3.2.0.jar:/home/user/.m2/repository/org/apache/hadoop/hadoop-auth/3.2.0/hadoop-auth-3.2.0.jar:/home/user/.m2/repository/com/nimbusds/nimbus-jose-jwt/4.41.1/nimbus-jose-jwt-4.41.1.jar:/home/user/.m2/repository/com/github/stephenc/jcip/jcip-annotations/1.0-1/jcip-annotations-1.0-1.jar:/home/user/.m2/repository/net/minidev/json-smart/2.3/json-smart-2.3.jar:/home/user/.m2/repository/net/minidev/accessors-smart/1.2/accessors-smart-1.2.jar:/home/user/.m2/repository/org/ow2/asm/asm/5.0.4/asm-5.0.4.jar:/home/user/.m2/repository/org/apache/curator/curator-framework/2.12.0/curator-framework-2.12.0.jar:/home/user/.m2/repository/com/sun/jersey/jersey-core/1.19/jersey-core-1.19.jar:/home/user/.m2/repository/javax/ws/rs/jsr311-api/1.1.1/jsr311-api-1.1.1.jar:/home/user/.m2/repository/com/sun/jersey/jersey-server/1.19/jersey-server-1.19.jar:/home/user/.m2/repository/javax/servlet/javax.servlet-api/3.1.0/javax.servlet-api-3.1.0.jar:/home/user/.m2/repository/org/eclipse/jetty/jetty-server/9.3.24.v20180605/jetty-server-9.3.24.v20180605.jar:/home/user/.m2/repository/org/eclipse/jetty/jetty-http/9.3.24.v20180605/jetty-http-9.3.24.v20180605.jar:/home/user/.m2/repository/org/eclipse/jetty/jetty-io/9.3.24.v20180605/jetty-io-9.3.24.v20180605.jar:/home/user/.m2/repository/org/eclipse/jetty/jetty-webapp/9.3.24.v20180605/jetty-webapp-9.3.24.v20180605.jar:/home/user/.m2/repository/org/eclipse/jetty/jetty-xml/9.3.24.v20180605/jetty-xml-9.3.24.v20180605.jar:/home/user/.m2/repository/log4j/log4j/1.2.17/log4j-1.2.17.jar:/home/user/.m2/repository/org/slf4j/slf4j-api/1.7.25/slf4j-api-1.7.25.jar:/home/user/.m2/repository/org/slf4j/jul-to-slf4j/1.7.25/jul-to-slf4j-1.7.25.jar:/home/user/.m2/repository/org/eclipse/jetty/jetty-util/9.3.24.v20180605/jetty-util-9.3.24.v20180605.jar:/home/user/.m2/repository/com/fasterxml/jackson/core/jackson-databind/2.9.5/jackson-databind-2.9.5.jar:/home/user/.m2/repository/org/apache/hadoop/hadoop-kms/3.2.0/hadoop-kms-3.2.0-tests.jar:/home/user/.m2/repository/org/apache/hadoop/hadoop-hdds-server-scm/0.4.1-SNAPSHOT/hadoop-hdds-server-scm-0.4.1-SNAPSHOT-tests.jar:/home/user/.m2/repository/org/apache/hadoop/hadoop-hdds-container-service/0.4.1-SNAPSHOT/hadoop-hdds-container-service-0.4.1-SNAPSHOT-tests.jar:/home/user/.m2/repository/org/yaml/snakeyaml/1.16/snakeyaml-1.16.jar:/home/user/.m2/repository/org/apache/hadoop/hadoop-common/3.2.0/hadoop-common-3.2.0-tests.jar:/home/user/.m2/repository/org/apache/hadoop/hadoop-annotations/3.2.0/hadoop-annotations-3.2.0.jar:/usr/lib/jvm/java-1.8-openjdk/jre/../lib/tools.jar:/home/user/.m2/repository/commons-cli/commons-cli/1.2/commons-cli-1.2.jar:/home/user/.m2/repository/org/apache/httpcomponents/httpclient/4.5.2/httpclient-4.5.2.jar:/home/user/.m2/repository/org/apache/httpcomponents/httpcore/4.4.4/httpcore-4.4.4.jar:/home/user/.m2/repository/commons-codec/commons-codec/1.11/commons-codec-1.11.jar:/home/user/.m2/repository/commons-net/commons-net/3.6/commons-net-3.6.jar:/home/user/.m2/repository/commons-collections/commons-collections/3.2.2/commons-collections-3.2.2.jar:/home/user/.m2/repository/org/eclipse/jetty/jetty-servlet/9.3.24.v20180605/jetty-servlet-9.3.24.v20180605.jar:/home/user/.m2/repository/org/eclipse/jetty/jetty-security/9.3.24.v20180605/jetty-security-9.3.24.v20180605.jar:/home/user/.m2/repository/javax/servlet/jsp/jsp-api/2.1/jsp-api-2.1.jar:/home/user/.m2/repository/com/sun/jersey/jersey-servlet/1.19/jersey-servlet-1.19.jar:/home/user/.m2/repository/com/sun/jersey/jersey-json/1.19/jersey-json-1.19.jar:/home/user/.m2/repository/org/codehaus/jettison/jettison/1.1/jettison-1.1.jar:/home/user/.m2/repository/org/codehaus/jackson/jackson-core-asl/1.9.13/jackson-core-asl-1.9.13.jar:/home/user/.m2/repository/org/codehaus/jackson/jackson-mapper-asl/1.9.13/jackson-mapper-asl-1.9.13.jar:/home/user/.m2/repository/org/codehaus/jackson/jackson-jaxrs/1.9.13/jackson-jaxrs-1.9.13.jar:/home/user/.m2/repository/org/codehaus/jackson/jackson-xc/1.9.13/jackson-xc-1.9.13.jar:/home/user/.m2/repository/commons-logging/commons-logging/1.1.3/commons-logging-1.1.3.jar:/home/user/.m2/repository/commons-beanutils/commons-beanutils/1.9.3/commons-beanutils-1.9.3.jar:/home/user/.m2/repository/org/apache/commons/commons-configuration2/2.1.1/commons-configuration2-2.1.1.jar:/home/user/.m2/repository/org/apache/commons/commons-lang3/3.7/commons-lang3-3.7.jar:/home/user/.m2/repository/org/apache/commons/commons-text/1.4/commons-text-1.4.jar:/home/user/.m2/repository/org/apache/avro/avro/1.7.7/avro-1.7.7.jar:/home/user/.m2/repository/com/thoughtworks/paranamer/paranamer/2.3/paranamer-2.3.jar:/home/user/.m2/repository/org/xerial/snappy/snappy-java/1.0.5/snappy-java-1.0.5.jar:/home/user/.m2/repository/com/google/re2j/re2j/1.1/re2j-1.1.jar:/home/user/.m2/repository/com/google/code/gson/gson/2.2.4/gson-2.2.4.jar:/home/user/.m2/repository/com/jcraft/jsch/0.1.54/jsch-0.1.54.jar:/home/user/.m2/repository/org/apache/curator/curator-client/2.12.0/curator-client-2.12.0.jar:/home/user/.m2/repository/org/apache/curator/curator-recipes/2.12.0/curator-recipes-2.12.0.jar:/home/user/.m2/repository/com/google/code/findbugs/jsr305/3.0.0/jsr305-3.0.0.jar:/home/user/.m2/repository/org/apache/htrace/htrace-core4/4.1.0-incubating/htrace-core4-4.1.0-incubating.jar:/home/user/.m2/repository/org/apache/zookeeper/zookeeper/3.4.13/zookeeper-3.4.13.jar:/home/user/.m2/repository/org/apache/yetus/audience-annotations/0.5.0/audience-annotations-0.5.0.jar:/home/user/.m2/repository/org/codehaus/woodstox/stax2-api/3.1.4/stax2-api-3.1.4.jar:/home/user/.m2/repository/com/fasterxml/woodstox/woodstox-core/5.0.3/woodstox-core-5.0.3.jar:/home/user/.m2/repository/dnsjava/dnsjava/2.1.7/dnsjava-2.1.7.jar:/home/user/.m2/repository/org/apache/hadoop/hadoop-hdfs/3.2.0/hadoop-hdfs-3.2.0-tests.jar:/home/user/.m2/repository/org/eclipse/jetty/jetty-util-ajax/9.3.24.v20180605/jetty-util-ajax-9.3.24.v20180605.jar:/home/user/.m2/repository/commons-daemon/commons-daemon/1.0.13/commons-daemon-1.0.13.jar:/home/user/.m2/repository/io/netty/netty/3.10.5.Final/netty-3.10.5.Final.jar:/home/user/.m2/repository/io/netty/netty-all/4.0.52.Final/netty-all-4.0.52.Final.jar:/home/user/.m2/repository/org/fusesource/leveldbjni/leveldbjni-all/1.8/leveldbjni-all-1.8.jar:"/>
    <property name="sun.cpu.endian" value="little"/>
    <property name="user.home" value="/home/user"/>
    <property name="user.language" value="en"/>
    <property name="java.specification.vendor" value="Oracle Corporation"/>
    <property name="java.home" value="/usr/lib/jvm/java-1.8-openjdk/jre"/>
    <property name="java.security.krb5.conf" value="/workdir/hadoop-ozone/integration-test/target/test-classes/krb5.conf"/>
    <property name="basedir" value="/workdir/hadoop-ozone/integration-test"/>
    <property name="file.separator" value="/"/>
    <property name="line.separator" value="&#10;"/>
    <property name="java.vm.specification.vendor" value="Oracle Corporation"/>
    <property name="java.specification.name" value="Java Platform API Specification"/>
    <property name="java.awt.graphicsenv" value="sun.awt.X11GraphicsEnvironment"/>
    <property name="surefire.real.class.path" value="/workdir/hadoop-ozone/integration-test/target/surefire/surefirebooter6427485948908314024.jar"/>
    <property name="hadoop.log.dir" value="/workdir/hadoop-ozone/integration-test/target/log"/>
    <property name="sun.boot.class.path" value="/usr/lib/jvm/java-1.8-openjdk/jre/lib/resources.jar:/usr/lib/jvm/java-1.8-openjdk/jre/lib/rt.jar:/usr/lib/jvm/java-1.8-openjdk/jre/lib/sunrsasign.jar:/usr/lib/jvm/java-1.8-openjdk/jre/lib/jsse.jar:/usr/lib/jvm/java-1.8-openjdk/jre/lib/jce.jar:/usr/lib/jvm/java-1.8-openjdk/jre/lib/charsets.jar:/usr/lib/jvm/java-1.8-openjdk/jre/lib/jfr.jar:/usr/lib/jvm/java-1.8-openjdk/jre/classes"/>
    <property name="sun.management.compiler" value="HotSpot 64-Bit Tiered Compilers"/>
    <property name="java.runtime.version" value="1.8.0_212-b04"/>
    <property name="java.net.preferIPv4Stack" value="true"/>
    <property name="user.name" value="jenkins1000"/>
    <property name="path.separator" value=":"/>
    <property name="java.security.egd" value="file:///dev/urandom"/>
    <property name="os.version" value="3.10.0-957.12.2.el7.x86_64"/>
    <property name="java.endorsed.dirs" value="/usr/lib/jvm/java-1.8-openjdk/jre/lib/endorsed"/>
    <property name="java.runtime.name" value="OpenJDK Runtime Environment"/>
    <property name="file.encoding" value="UTF-8"/>
    <property name="java.vm.name" value="OpenJDK 64-Bit Server VM"/>
    <property name="test.build.webapps" value=""/>
    <property name="localRepository" value="/home/user/.m2/repository"/>
    <property name="java.vendor.url.bug" value="https://icedtea.classpath.org/bugzilla"/>
    <property name="java.io.tmpdir" value="/tmp"/>
    <property name="require.test.libhadoop" value=""/>
    <property name="java.version" value="1.8.0_212"/>
    <property name="user.dir" value="/workdir/hadoop-ozone/integration-test"/>
    <property name="os.arch" value="amd64"/>
    <property name="java.vm.specification.name" value="Java Virtual Machine Specification"/>
    <property name="test.build.classes" value="/workdir/hadoop-ozone/integration-test/target/test-classes"/>
    <property name="java.awt.printerjob" value="sun.print.PSPrinterJob"/>
    <property name="sun.os.patch.level" value="unknown"/>
    <property name="hadoop.tmp.dir" value="/workdir/hadoop-ozone/integration-test/target/tmp"/>
    <property name="java.library.path" value="/usr/lib/jvm/java-1.8-openjdk/jre/lib/amd64/server:/usr/lib/jvm/java-1.8-openjdk/jre/lib/amd64:/usr/lib/jvm/java-1.8-openjdk/jre/../lib/amd64:/workdir/hadoop-ozone/integration-test/target/native/target/usr/local/lib:/workdir/hadoop-ozone/integration-test/../../hadoop-common-project/hadoop-common/target/native/target/usr/local/lib:/usr/java/packages/lib/amd64:/usr/lib64:/lib64:/lib:/usr/lib"/>
    <property name="java.vm.info" value="mixed mode"/>
    <property name="java.vendor" value="IcedTea"/>
    <property name="java.vm.version" value="25.212-b04"/>
    <property name="java.ext.dirs" value="/usr/lib/jvm/java-1.8-openjdk/jre/lib/ext:/usr/java/packages/lib/ext"/>
    <property name="sun.io.unicode.encoding" value="UnicodeLittle"/>
    <property name="java.class.version" value="52.0"/>
  </properties>
  <testcase name="test2DatanodesFailure" classname="org.apache.hadoop.ozone.client.rpc.TestBlockOutputStreamWithFailures" time="106.294"/>
  <testcase name="testDatanodeFailureWithPreAllocation" classname="org.apache.hadoop.ozone.client.rpc.TestBlockOutputStreamWithFailures" time="224.367"/>
  <testcase name="testDatanodeFailureWithSingleNodeRatis" classname="org.apache.hadoop.ozone.client.rpc.TestBlockOutputStreamWithFailures" time="224.245"/>
  <testcase name="testWatchForCommitWithSingleNodeRatis" classname="org.apache.hadoop.ozone.client.rpc.TestBlockOutputStreamWithFailures" time="35.137"/>
  <testcase name="testWatchForCommitDatanodeFailure" classname="org.apache.hadoop.ozone.client.rpc.TestBlockOutputStreamWithFailures" time="33.335"/>
  <testcase name="testFailureWithPrimeSizedData" classname="org.apache.hadoop.ozone.client.rpc.TestBlockOutputStreamWithFailures" time="34.561">
    <failure message="expected:&lt;68&gt; but was:&lt;70&gt;" type="java.lang.AssertionError"><![CDATA[java.lang.AssertionError: expected:<68> but was:<70>
	at org.junit.Assert.fail(Assert.java:88)
	at org.junit.Assert.failNotEquals(Assert.java:743)
	at org.junit.Assert.assertEquals(Assert.java:118)
	at org.junit.Assert.assertEquals(Assert.java:555)
	at org.junit.Assert.assertEquals(Assert.java:542)
	at org.apache.hadoop.ozone.client.rpc.TestBlockOutputStreamWithFailures.testFailureWithPrimeSizedData(TestBlockOutputStreamWithFailures.java:601)
	at sun.reflect.NativeMethodAccessorImpl.invoke0(Native Method)
	at sun.reflect.NativeMethodAccessorImpl.invoke(NativeMethodAccessorImpl.java:62)
	at sun.reflect.DelegatingMethodAccessorImpl.invoke(DelegatingMethodAccessorImpl.java:43)
	at java.lang.reflect.Method.invoke(Method.java:498)
	at org.junit.runners.model.FrameworkMethod$1.runReflectiveCall(FrameworkMethod.java:47)
	at org.junit.internal.runners.model.ReflectiveCallable.run(ReflectiveCallable.java:12)
	at org.junit.runners.model.FrameworkMethod.invokeExplosively(FrameworkMethod.java:44)
	at org.junit.internal.runners.statements.InvokeMethod.evaluate(InvokeMethod.java:17)
	at org.junit.internal.runners.statements.RunBefores.evaluate(RunBefores.java:26)
	at org.junit.internal.runners.statements.RunAfters.evaluate(RunAfters.java:27)
	at org.junit.runners.ParentRunner.runLeaf(ParentRunner.java:271)
	at org.junit.runners.BlockJUnit4ClassRunner.runChild(BlockJUnit4ClassRunner.java:70)
	at org.junit.runners.BlockJUnit4ClassRunner.runChild(BlockJUnit4ClassRunner.java:50)
	at org.junit.runners.ParentRunner$3.run(ParentRunner.java:238)
	at org.junit.runners.ParentRunner$1.schedule(ParentRunner.java:63)
	at org.junit.runners.ParentRunner.runChildren(ParentRunner.java:236)
	at org.junit.runners.ParentRunner.access$000(ParentRunner.java:53)
	at org.junit.runners.ParentRunner$2.evaluate(ParentRunner.java:229)
	at org.junit.runners.ParentRunner.run(ParentRunner.java:309)
	at org.apache.maven.surefire.junit4.JUnit4Provider.execute(JUnit4Provider.java:365)
	at org.apache.maven.surefire.junit4.JUnit4Provider.executeWithRerun(JUnit4Provider.java:273)
	at org.apache.maven.surefire.junit4.JUnit4Provider.executeTestSet(JUnit4Provider.java:238)
	at org.apache.maven.surefire.junit4.JUnit4Provider.invoke(JUnit4Provider.java:159)
	at org.apache.maven.surefire.booter.ForkedBooter.invokeProviderInSameClassLoader(ForkedBooter.java:384)
	at org.apache.maven.surefire.booter.ForkedBooter.runSuitesInProcess(ForkedBooter.java:345)
	at org.apache.maven.surefire.booter.ForkedBooter.execute(ForkedBooter.java:126)
	at org.apache.maven.surefire.booter.ForkedBooter.main(ForkedBooter.java:418)
]]></failure>
    <system-out><![CDATA[2019-07-30 23:11:23,718 WARN  server.ServerUtils (ServerUtils.java:getScmDbDir(145)) - ozone.scm.db.dirs is not configured. We recommend adding this setting. Falling back to ozone.metadata.dirs instead.
2019-07-30 23:11:23,734 WARN  server.ServerUtils (ServerUtils.java:getScmDbDir(145)) - ozone.scm.db.dirs is not configured. We recommend adding this setting. Falling back to ozone.metadata.dirs instead.
2019-07-30 23:11:23,734 WARN  server.ServerUtils (ServerUtils.java:getScmDbDir(145)) - ozone.scm.db.dirs is not configured. We recommend adding this setting. Falling back to ozone.metadata.dirs instead.
2019-07-30 23:11:23,735 INFO  db.DBStoreBuilder (DBStoreBuilder.java:addTable(110)) - using custom profile for table: deletedBlocks
2019-07-30 23:11:23,735 INFO  db.DBStoreBuilder (DBStoreBuilder.java:processTables(161)) - Using default column profile:DBProfile.DISK for Table:deletedBlocks
2019-07-30 23:11:23,735 INFO  db.DBStoreBuilder (DBStoreBuilder.java:addTable(110)) - using custom profile for table: validCerts
2019-07-30 23:11:23,736 INFO  db.DBStoreBuilder (DBStoreBuilder.java:processTables(161)) - Using default column profile:DBProfile.DISK for Table:validCerts
2019-07-30 23:11:23,736 INFO  db.DBStoreBuilder (DBStoreBuilder.java:addTable(110)) - using custom profile for table: revokedCerts
2019-07-30 23:11:23,736 INFO  db.DBStoreBuilder (DBStoreBuilder.java:processTables(161)) - Using default column profile:DBProfile.DISK for Table:revokedCerts
2019-07-30 23:11:23,737 INFO  db.DBStoreBuilder (DBStoreBuilder.java:addTable(110)) - using custom profile for table: default
2019-07-30 23:11:23,737 INFO  db.DBStoreBuilder (DBStoreBuilder.java:processTables(167)) - Using default column profile:DBProfile.DISK for Table:default
2019-07-30 23:11:23,737 INFO  db.DBStoreBuilder (DBStoreBuilder.java:getDbProfile(198)) - Using default options. DBProfile.DISK
2019-07-30 23:11:23,820 INFO  net.NodeSchemaLoader (NodeSchemaLoader.java:loadSchemaFromFile(125)) - Loading file from sun.misc.CompoundEnumeration@7c3bac88
2019-07-30 23:11:23,820 INFO  net.NodeSchemaLoader (NodeSchemaLoader.java:loadSchema(171)) - Loading network topology layer schema file
2019-07-30 23:11:23,826 INFO  node.SCMNodeManager (SCMNodeManager.java:<init>(121)) - Entering startup safe mode.
2019-07-30 23:11:23,827 WARN  server.ServerUtils (ServerUtils.java:getScmDbDir(145)) - ozone.scm.db.dirs is not configured. We recommend adding this setting. Falling back to ozone.metadata.dirs instead.
2019-07-30 23:11:23,853 INFO  pipeline.SCMPipelineManager (SCMPipelineManager.java:initializePipelineState(126)) - No pipeline exists in current db
2019-07-30 23:11:23,853 WARN  server.ServerUtils (ServerUtils.java:getScmDbDir(145)) - ozone.scm.db.dirs is not configured. We recommend adding this setting. Falling back to ozone.metadata.dirs instead.
2019-07-30 23:11:23,881 WARN  events.EventQueue (EventQueue.java:fireEvent(175)) - No event handler registered for event TypedEvent{payloadType=SafeModeStatus, name='SafeModeStatus'}
2019-07-30 23:11:23,882 INFO  ipc.CallQueueManager (CallQueueManager.java:<init>(84)) - Using callQueue: class java.util.concurrent.LinkedBlockingQueue, queueCapacity: 2000, scheduler: class org.apache.hadoop.ipc.DefaultRpcScheduler, ipcBackoff: false.
2019-07-30 23:11:23,884 INFO  ipc.Server (Server.java:run(1074)) - Starting Socket Reader #1 for port 35187
2019-07-30 23:11:23,886 INFO  ipc.CallQueueManager (CallQueueManager.java:<init>(84)) - Using callQueue: class java.util.concurrent.LinkedBlockingQueue, queueCapacity: 2000, scheduler: class org.apache.hadoop.ipc.DefaultRpcScheduler, ipcBackoff: false.
2019-07-30 23:11:23,887 INFO  ipc.Server (Server.java:run(1074)) - Starting Socket Reader #1 for port 41481
2019-07-30 23:11:23,888 INFO  ipc.CallQueueManager (CallQueueManager.java:<init>(84)) - Using callQueue: class java.util.concurrent.LinkedBlockingQueue, queueCapacity: 2000, scheduler: class org.apache.hadoop.ipc.DefaultRpcScheduler, ipcBackoff: false.
2019-07-30 23:11:23,889 INFO  ipc.Server (Server.java:run(1074)) - Starting Socket Reader #1 for port 39437
2019-07-30 23:11:23,892 INFO  hdfs.DFSUtil (DFSUtil.java:httpServerTemplateForNNAndJN(1641)) - Starting Web-server for scm at: http://0.0.0.0:0
2019-07-30 23:11:23,897 INFO  server.AuthenticationFilter (AuthenticationFilter.java:constructSecretProvider(240)) - Unable to initialize FileSignerSecretProvider, falling back to use random secrets.
2019-07-30 23:11:23,898 WARN  http.HttpRequestLog (HttpRequestLog.java:getRequestLog(97)) - Jetty request log can only be enabled using Log4j
2019-07-30 23:11:23,900 INFO  http.HttpServer2 (HttpServer2.java:addGlobalFilter(975)) - Added global filter 'safety' (class=org.apache.hadoop.http.HttpServer2$QuotingInputFilter)
2019-07-30 23:11:23,900 INFO  http.HttpServer2 (HttpServer2.java:addFilter(948)) - Added filter static_user_filter (class=org.apache.hadoop.http.lib.StaticUserWebFilter$StaticUserFilter) to context scm
2019-07-30 23:11:23,901 INFO  http.HttpServer2 (HttpServer2.java:addFilter(958)) - Added filter static_user_filter (class=org.apache.hadoop.http.lib.StaticUserWebFilter$StaticUserFilter) to context logs
2019-07-30 23:11:23,901 INFO  http.HttpServer2 (HttpServer2.java:addFilter(958)) - Added filter static_user_filter (class=org.apache.hadoop.http.lib.StaticUserWebFilter$StaticUserFilter) to context static
2019-07-30 23:11:23,903 INFO  server.StorageContainerManager (StorageContainerManager.java:start(758)) - StorageContainerLocationProtocol RPC server is listening at /0.0.0.0:39437
2019-07-30 23:11:23,905 WARN  impl.MetricsConfig (MetricsConfig.java:loadFirst(134)) - Cannot locate configuration: tried hadoop-metrics2-storagecontainermanager.properties,hadoop-metrics2.properties
2019-07-30 23:11:23,906 INFO  impl.MetricsSystemImpl (MetricsSystemImpl.java:startTimer(374)) - Scheduled Metric snapshot period at 10 second(s).
2019-07-30 23:11:23,906 INFO  impl.MetricsSystemImpl (MetricsSystemImpl.java:start(191)) - StorageContainerManager metrics system started
2019-07-30 23:11:24,025 INFO  server.SCMClientProtocolServer (SCMClientProtocolServer.java:start(151)) - RPC server for Client  is listening at /0.0.0.0:39437
2019-07-30 23:11:24,025 INFO  ipc.Server (Server.java:run(1314)) - IPC Server Responder: starting
2019-07-30 23:11:24,026 INFO  ipc.Server (Server.java:run(1153)) - IPC Server listener on 39437: starting
2019-07-30 23:11:24,030 INFO  server.StorageContainerManager (StorageContainerManager.java:start(768)) - ScmBlockLocationProtocol RPC server is listening at /0.0.0.0:41481
2019-07-30 23:11:24,030 INFO  server.SCMBlockProtocolServer (SCMBlockProtocolServer.java:start(140)) - RPC server for Block Protocol is listening at /0.0.0.0:41481
2019-07-30 23:11:24,030 INFO  ipc.Server (Server.java:run(1314)) - IPC Server Responder: starting
2019-07-30 23:11:24,031 INFO  ipc.Server (Server.java:run(1153)) - IPC Server listener on 41481: starting
2019-07-30 23:11:24,034 INFO  server.StorageContainerManager (StorageContainerManager.java:start(772)) - ScmDatanodeProtocl RPC server is listening at /0.0.0.0:35187
2019-07-30 23:11:24,035 INFO  server.SCMDatanodeProtocolServer (SCMDatanodeProtocolServer.java:start(191)) - RPC server for DataNodes is listening at /0.0.0.0:35187
2019-07-30 23:11:24,035 INFO  ipc.Server (Server.java:run(1314)) - IPC Server Responder: starting
2019-07-30 23:11:24,035 INFO  ipc.Server (Server.java:run(1153)) - IPC Server listener on 35187: starting
2019-07-30 23:11:24,039 INFO  http.HttpServer2 (HttpServer2.java:bindListener(1191)) - Jetty bound to port 46377
2019-07-30 23:11:24,039 INFO  server.Server (Server.java:doStart(351)) - jetty-9.3.24.v20180605, build timestamp: 2018-06-05T17:11:56Z, git hash: 84205aa28f11a4f31f2a3b86d1bba2cc8ab69827
2019-07-30 23:11:24,041 INFO  handler.ContextHandler (ContextHandler.java:doStart(781)) - Started o.e.j.s.ServletContextHandler@78652c15{/logs,file:///workdir/hadoop-ozone/integration-test/target/log,AVAILABLE}
2019-07-30 23:11:24,042 INFO  handler.ContextHandler (ContextHandler.java:doStart(781)) - Started o.e.j.s.ServletContextHandler@66fd9613{/static,file:///workdir/hadoop-ozone/integration-test/target/test-classes/webapps/static,AVAILABLE}
2019-07-30 23:11:24,047 INFO  handler.ContextHandler (ContextHandler.java:doStart(781)) - Started o.e.j.w.WebAppContext@466a5b80{/,file:///workdir/hadoop-ozone/integration-test/target/test-classes/webapps/scm/,AVAILABLE}{/scm}
2019-07-30 23:11:24,047 INFO  server.AbstractConnector (AbstractConnector.java:doStart(278)) - Started ServerConnector@f6921b7{HTTP/1.1,[http/1.1]}{0.0.0.0:46377}
2019-07-30 23:11:24,048 INFO  server.Server (Server.java:doStart(419)) - Started @624336ms
2019-07-30 23:11:24,049 INFO  server.BaseHttpServer (BaseHttpServer.java:updateConnectorAddress(207)) - HTTP server of SCM is listening at http://0.0.0.0:46377
2019-07-30 23:11:24,050 WARN  server.ServerUtils (ServerUtils.java:getDBPath(222)) - ozone.om.db.dirs is not configured. We recommend adding this setting. Falling back to ozone.metadata.dirs instead.
2019-07-30 23:11:24,051 INFO  util.JvmPauseMonitor (JvmPauseMonitor.java:run(188)) - Starting JVM pause monitor
2019-07-30 23:11:24,057 WARN  server.ServerUtils (ServerUtils.java:getDBPath(222)) - ozone.om.db.dirs is not configured. We recommend adding this setting. Falling back to ozone.metadata.dirs instead.
2019-07-30 23:11:24,058 WARN  server.ServerUtils (ServerUtils.java:getDBPath(222)) - ozone.om.db.dirs is not configured. We recommend adding this setting. Falling back to ozone.metadata.dirs instead.
2019-07-30 23:11:24,058 INFO  om.OzoneManager (OzoneManager.java:setOMNodeDetails(644)) - OM Service ID is not set. Setting it to the default ID: omServiceIdDefault
2019-07-30 23:11:24,058 INFO  om.OzoneManager (OzoneManager.java:setOMNodeDetails(650)) - OM Node ID is not set. Setting it to the OmStorage's OmID: 87cf98b4-2f64-4d4b-bf5a-85ba8760ba5e
2019-07-30 23:11:24,058 INFO  om.OzoneManager (OzoneManager.java:loadOMHAConfigs(601)) - Found matching OM address with OMServiceId: null, OMNodeId: null, RPC Address: localhost:0 and Ratis port: 9872
2019-07-30 23:11:24,064 WARN  server.ServerUtils (ServerUtils.java:getDBPath(222)) - ozone.om.db.dirs is not configured. We recommend adding this setting. Falling back to ozone.metadata.dirs instead.
2019-07-30 23:11:24,064 INFO  db.DBStoreBuilder (DBStoreBuilder.java:addTable(110)) - using custom profile for table: userTable
2019-07-30 23:11:24,064 INFO  db.DBStoreBuilder (DBStoreBuilder.java:processTables(161)) - Using default column profile:DBProfile.DISK for Table:userTable
2019-07-30 23:11:24,065 INFO  db.DBStoreBuilder (DBStoreBuilder.java:addTable(110)) - using custom profile for table: volumeTable
2019-07-30 23:11:24,065 INFO  db.DBStoreBuilder (DBStoreBuilder.java:processTables(161)) - Using default column profile:DBProfile.DISK for Table:volumeTable
2019-07-30 23:11:24,065 INFO  db.DBStoreBuilder (DBStoreBuilder.java:addTable(110)) - using custom profile for table: bucketTable
2019-07-30 23:11:24,065 INFO  db.DBStoreBuilder (DBStoreBuilder.java:processTables(161)) - Using default column profile:DBProfile.DISK for Table:bucketTable
2019-07-30 23:11:24,065 INFO  db.DBStoreBuilder (DBStoreBuilder.java:addTable(110)) - using custom profile for table: keyTable
2019-07-30 23:11:24,066 INFO  db.DBStoreBuilder (DBStoreBuilder.java:processTables(161)) - Using default column profile:DBProfile.DISK for Table:keyTable
2019-07-30 23:11:24,066 INFO  db.DBStoreBuilder (DBStoreBuilder.java:addTable(110)) - using custom profile for table: deletedTable
2019-07-30 23:11:24,066 INFO  db.DBStoreBuilder (DBStoreBuilder.java:processTables(161)) - Using default column profile:DBProfile.DISK for Table:deletedTable
2019-07-30 23:11:24,066 INFO  db.DBStoreBuilder (DBStoreBuilder.java:addTable(110)) - using custom profile for table: openKeyTable
2019-07-30 23:11:24,066 INFO  db.DBStoreBuilder (DBStoreBuilder.java:processTables(161)) - Using default column profile:DBProfile.DISK for Table:openKeyTable
2019-07-30 23:11:24,066 INFO  db.DBStoreBuilder (DBStoreBuilder.java:addTable(110)) - using custom profile for table: s3Table
2019-07-30 23:11:24,067 INFO  db.DBStoreBuilder (DBStoreBuilder.java:processTables(161)) - Using default column profile:DBProfile.DISK for Table:s3Table
2019-07-30 23:11:24,067 INFO  db.DBStoreBuilder (DBStoreBuilder.java:addTable(110)) - using custom profile for table: multipartInfoTable
2019-07-30 23:11:24,067 INFO  db.DBStoreBuilder (DBStoreBuilder.java:processTables(161)) - Using default column profile:DBProfile.DISK for Table:multipartInfoTable
2019-07-30 23:11:24,067 INFO  db.DBStoreBuilder (DBStoreBuilder.java:addTable(110)) - using custom profile for table: dTokenTable
2019-07-30 23:11:24,067 INFO  db.DBStoreBuilder (DBStoreBuilder.java:processTables(161)) - Using default column profile:DBProfile.DISK for Table:dTokenTable
2019-07-30 23:11:24,067 INFO  db.DBStoreBuilder (DBStoreBuilder.java:addTable(110)) - using custom profile for table: s3SecretTable
2019-07-30 23:11:24,068 INFO  db.DBStoreBuilder (DBStoreBuilder.java:processTables(161)) - Using default column profile:DBProfile.DISK for Table:s3SecretTable
2019-07-30 23:11:24,068 INFO  db.DBStoreBuilder (DBStoreBuilder.java:addTable(110)) - using custom profile for table: prefixTable
2019-07-30 23:11:24,068 INFO  db.DBStoreBuilder (DBStoreBuilder.java:processTables(161)) - Using default column profile:DBProfile.DISK for Table:prefixTable
2019-07-30 23:11:24,068 INFO  db.DBStoreBuilder (DBStoreBuilder.java:addTable(110)) - using custom profile for table: default
2019-07-30 23:11:24,068 INFO  db.DBStoreBuilder (DBStoreBuilder.java:processTables(167)) - Using default column profile:DBProfile.DISK for Table:default
2019-07-30 23:11:24,068 INFO  db.DBStoreBuilder (DBStoreBuilder.java:getDbProfile(198)) - Using default options. DBProfile.DISK
2019-07-30 23:11:24,396 INFO  ipc.CallQueueManager (CallQueueManager.java:<init>(84)) - Using callQueue: class java.util.concurrent.LinkedBlockingQueue, queueCapacity: 2000, scheduler: class org.apache.hadoop.ipc.DefaultRpcScheduler, ipcBackoff: false.
2019-07-30 23:11:24,397 INFO  ipc.Server (Server.java:run(1074)) - Starting Socket Reader #1 for port 44008
2019-07-30 23:11:24,412 INFO  om.OzoneManager (OzoneManager.java:start(1255)) - OzoneManager RPC server is listening at localhost/127.0.0.1:44008
2019-07-30 23:11:24,412 INFO  impl.MetricsSystemImpl (MetricsSystemImpl.java:init(158)) - OzoneManager metrics system started (again)
2019-07-30 23:11:24,413 INFO  ipc.Server (Server.java:run(1314)) - IPC Server Responder: starting
2019-07-30 23:11:24,416 INFO  ipc.Server (Server.java:run(1153)) - IPC Server listener on 44008: starting
2019-07-30 23:11:24,424 INFO  hdfs.DFSUtil (DFSUtil.java:httpServerTemplateForNNAndJN(1641)) - Starting Web-server for ozoneManager at: http://0.0.0.0:0
2019-07-30 23:11:24,427 INFO  server.AuthenticationFilter (AuthenticationFilter.java:constructSecretProvider(240)) - Unable to initialize FileSignerSecretProvider, falling back to use random secrets.
2019-07-30 23:11:24,427 WARN  http.HttpRequestLog (HttpRequestLog.java:getRequestLog(97)) - Jetty request log can only be enabled using Log4j
2019-07-30 23:11:24,430 INFO  http.HttpServer2 (HttpServer2.java:addGlobalFilter(975)) - Added global filter 'safety' (class=org.apache.hadoop.http.HttpServer2$QuotingInputFilter)
2019-07-30 23:11:24,430 INFO  http.HttpServer2 (HttpServer2.java:addFilter(948)) - Added filter static_user_filter (class=org.apache.hadoop.http.lib.StaticUserWebFilter$StaticUserFilter) to context ozoneManager
2019-07-30 23:11:24,431 INFO  http.HttpServer2 (HttpServer2.java:addFilter(958)) - Added filter static_user_filter (class=org.apache.hadoop.http.lib.StaticUserWebFilter$StaticUserFilter) to context static
2019-07-30 23:11:24,431 INFO  http.HttpServer2 (HttpServer2.java:addFilter(958)) - Added filter static_user_filter (class=org.apache.hadoop.http.lib.StaticUserWebFilter$StaticUserFilter) to context logs
2019-07-30 23:11:24,432 INFO  http.HttpServer2 (HttpServer2.java:bindListener(1191)) - Jetty bound to port 39307
2019-07-30 23:11:24,432 INFO  server.Server (Server.java:doStart(351)) - jetty-9.3.24.v20180605, build timestamp: 2018-06-05T17:11:56Z, git hash: 84205aa28f11a4f31f2a3b86d1bba2cc8ab69827
2019-07-30 23:11:24,435 INFO  handler.ContextHandler (ContextHandler.java:doStart(781)) - Started o.e.j.s.ServletContextHandler@17d6b6e{/logs,file:///workdir/hadoop-ozone/integration-test/target/log,AVAILABLE}
2019-07-30 23:11:24,435 INFO  handler.ContextHandler (ContextHandler.java:doStart(781)) - Started o.e.j.s.ServletContextHandler@5c519681{/static,file:///workdir/hadoop-ozone/integration-test/target/test-classes/webapps/static,AVAILABLE}
2019-07-30 23:11:24,441 INFO  handler.ContextHandler (ContextHandler.java:doStart(781)) - Started o.e.j.w.WebAppContext@4eef8498{/,file:///workdir/hadoop-ozone/integration-test/target/test-classes/webapps/ozoneManager/,AVAILABLE}{/ozoneManager}
2019-07-30 23:11:24,441 INFO  server.AbstractConnector (AbstractConnector.java:doStart(278)) - Started ServerConnector@4b158e16{HTTP/1.1,[http/1.1]}{0.0.0.0:39307}
2019-07-30 23:11:24,443 INFO  server.Server (Server.java:doStart(419)) - Started @624730ms
2019-07-30 23:11:24,444 INFO  server.BaseHttpServer (BaseHttpServer.java:updateConnectorAddress(207)) - HTTP server of OZONEMANAGER is listening at http://0.0.0.0:39307
2019-07-30 23:11:24,463 INFO  impl.MetricsSystemImpl (MetricsSystemImpl.java:init(158)) - HddsDatanode metrics system started (again)
2019-07-30 23:11:24,466 INFO  ozone.HddsDatanodeService (HddsDatanodeService.java:start(184)) - HddsDatanodeService host:byscane-nightly-g5r4k-612667210 ip:192.168.5.171
2019-07-30 23:11:24,479 INFO  volume.HddsVolume (HddsVolume.java:<init>(176)) - Creating Volume: /workdir/hadoop-ozone/integration-test/target/test-dir/MiniOzoneClusterImpl-ebe44233-41fb-4a8e-8173-29743ddef8ad/datanode-0/data/containers/hdds of  storage type : DISK and capacity : 52710309888
2019-07-30 23:11:24,480 INFO  volume.VolumeSet (VolumeSet.java:initializeVolumeSet(170)) - Added Volume : /workdir/hadoop-ozone/integration-test/target/test-dir/MiniOzoneClusterImpl-ebe44233-41fb-4a8e-8173-29743ddef8ad/datanode-0/data/containers/hdds to VolumeSet
2019-07-30 23:11:24,480 INFO  volume.ThrottledAsyncChecker (ThrottledAsyncChecker.java:schedule(140)) - Scheduling a check for org.apache.hadoop.ozone.container.common.volume.HddsVolume@69e346b3
2019-07-30 23:11:24,481 INFO  volume.HddsVolumeChecker (HddsVolumeChecker.java:checkAllVolumes(203)) - Scheduled health check for volume org.apache.hadoop.ozone.container.common.volume.HddsVolume@69e346b3
2019-07-30 23:11:24,501 INFO  impl.RaftServerProxy (ConfUtils.java:logGet(43)) - raft.rpc.type = GRPC (default)
2019-07-30 23:11:24,501 INFO  grpc.GrpcFactory (GrpcFactory.java:checkPooledByteBufAllocatorUseCacheForAllThreads(45)) - PERFORMANCE WARNING: useCacheForAllThreads is true that may cause Netty to create a lot garbage objects and, as a result, trigger GC.
	It is recommended to disable useCacheForAllThreads by setting -Dorg.apache.ratis.thirdparty.io.netty.allocator.useCacheForAllThreads=false in command line.
2019-07-30 23:11:24,501 INFO  grpc.GrpcConfigKeys$Server (ConfUtils.java:logGet(43)) - raft.grpc.server.port = 0 (default)
2019-07-30 23:11:24,502 INFO  server.GrpcService (ConfUtils.java:logGet(43)) - raft.grpc.message.size.max = 33570816 (custom)
2019-07-30 23:11:24,502 INFO  server.RaftServerConfigKeys (ConfUtils.java:logGet(43)) - raft.server.log.appender.buffer.byte-limit = 33554432 (custom)
2019-07-30 23:11:24,502 INFO  server.GrpcService (ConfUtils.java:logGet(43)) - raft.grpc.flow.control.window = 1MB (=1048576) (default)
2019-07-30 23:11:24,502 INFO  server.RaftServerConfigKeys (ConfUtils.java:logGet(43)) - raft.server.rpc.request.timeout = 3000ms (default)
2019-07-30 23:11:24,503 INFO  server.RaftServerConfigKeys (ConfUtils.java:logGet(43)) - raft.server.storage.dir = [/workdir/hadoop-ozone/integration-test/target/test-dir/MiniOzoneClusterImpl-ebe44233-41fb-4a8e-8173-29743ddef8ad/datanode-0/data/ratis] (custom)
2019-07-30 23:11:24,504 INFO  replication.SimpleContainerDownloader (SimpleContainerDownloader.java:<init>(72)) - Starting container downloader service to copy containers to replicate.
2019-07-30 23:11:24,505 INFO  hdfs.DFSUtil (DFSUtil.java:httpServerTemplateForNNAndJN(1641)) - Starting Web-server for hddsDatanode at: http://0.0.0.0:0
2019-07-30 23:11:24,506 INFO  server.AuthenticationFilter (AuthenticationFilter.java:constructSecretProvider(240)) - Unable to initialize FileSignerSecretProvider, falling back to use random secrets.
2019-07-30 23:11:24,507 WARN  http.HttpRequestLog (HttpRequestLog.java:getRequestLog(97)) - Jetty request log can only be enabled using Log4j
2019-07-30 23:11:24,508 INFO  http.HttpServer2 (HttpServer2.java:addGlobalFilter(975)) - Added global filter 'safety' (class=org.apache.hadoop.http.HttpServer2$QuotingInputFilter)
2019-07-30 23:11:24,509 INFO  http.HttpServer2 (HttpServer2.java:addFilter(948)) - Added filter static_user_filter (class=org.apache.hadoop.http.lib.StaticUserWebFilter$StaticUserFilter) to context hddsDatanode
2019-07-30 23:11:24,509 INFO  http.HttpServer2 (HttpServer2.java:addFilter(958)) - Added filter static_user_filter (class=org.apache.hadoop.http.lib.StaticUserWebFilter$StaticUserFilter) to context static
2019-07-30 23:11:24,509 INFO  http.HttpServer2 (HttpServer2.java:addFilter(958)) - Added filter static_user_filter (class=org.apache.hadoop.http.lib.StaticUserWebFilter$StaticUserFilter) to context logs
2019-07-30 23:11:24,510 INFO  http.HttpServer2 (HttpServer2.java:bindListener(1191)) - Jetty bound to port 41008
2019-07-30 23:11:24,510 INFO  server.Server (Server.java:doStart(351)) - jetty-9.3.24.v20180605, build timestamp: 2018-06-05T17:11:56Z, git hash: 84205aa28f11a4f31f2a3b86d1bba2cc8ab69827
2019-07-30 23:11:24,512 INFO  handler.ContextHandler (ContextHandler.java:doStart(781)) - Started o.e.j.s.ServletContextHandler@5c3cc103{/logs,file:///workdir/hadoop-ozone/integration-test/target/log,AVAILABLE}
2019-07-30 23:11:24,513 INFO  handler.ContextHandler (ContextHandler.java:doStart(781)) - Started o.e.j.s.ServletContextHandler@41f57420{/static,jar:file:/home/user/.m2/repository/org/apache/hadoop/hadoop-hdds-container-service/0.4.1-SNAPSHOT/hadoop-hdds-container-service-0.4.1-SNAPSHOT.jar!/webapps/static,AVAILABLE}
2019-07-30 23:11:24,546 INFO  handler.ContextHandler (ContextHandler.java:doStart(781)) - Started o.e.j.w.WebAppContext@26c7940a{/,file:///tmp/jetty-0.0.0.0-41008-hddsDatanode-_-any-5912832026937514587.dir/webapp/,AVAILABLE}{/hddsDatanode}
2019-07-30 23:11:24,547 INFO  server.AbstractConnector (AbstractConnector.java:doStart(278)) - Started ServerConnector@5a640f98{HTTP/1.1,[http/1.1]}{0.0.0.0:41008}
2019-07-30 23:11:24,548 INFO  server.Server (Server.java:doStart(419)) - Started @624836ms
2019-07-30 23:11:24,549 INFO  server.BaseHttpServer (BaseHttpServer.java:updateConnectorAddress(207)) - HTTP server of HDDSDATANODE is listening at http://0.0.0.0:41008
2019-07-30 23:11:24,658 INFO  ozone.HddsDatanodeService (HddsDatanodeService.java:startPlugins(395)) - Started plug-in org.apache.hadoop.ozone.web.OzoneHddsDatanodeService@4268c16
2019-07-30 23:11:24,658 INFO  impl.MetricsSystemImpl (MetricsSystemImpl.java:init(158)) - HddsDatanode metrics system started (again)
2019-07-30 23:11:24,661 INFO  ozone.HddsDatanodeService (HddsDatanodeService.java:start(184)) - HddsDatanodeService host:byscane-nightly-g5r4k-612667210 ip:192.168.5.171
2019-07-30 23:11:24,662 INFO  util.JvmPauseMonitor (JvmPauseMonitor.java:run(188)) - Starting JVM pause monitor
2019-07-30 23:11:24,663 INFO  datanode.InitDatanodeState (InitDatanodeState.java:persistContainerDatanodeDetails(140)) - DatanodeDetails is persisted to /workdir/hadoop-ozone/integration-test/target/test-dir/MiniOzoneClusterImpl-ebe44233-41fb-4a8e-8173-29743ddef8ad/datanode-0/meta/datanode.id
2019-07-30 23:11:24,673 INFO  volume.HddsVolume (HddsVolume.java:<init>(176)) - Creating Volume: /workdir/hadoop-ozone/integration-test/target/test-dir/MiniOzoneClusterImpl-ebe44233-41fb-4a8e-8173-29743ddef8ad/datanode-1/data/containers/hdds of  storage type : DISK and capacity : 52710309888
2019-07-30 23:11:24,674 INFO  volume.VolumeSet (VolumeSet.java:initializeVolumeSet(170)) - Added Volume : /workdir/hadoop-ozone/integration-test/target/test-dir/MiniOzoneClusterImpl-ebe44233-41fb-4a8e-8173-29743ddef8ad/datanode-1/data/containers/hdds to VolumeSet
2019-07-30 23:11:24,674 INFO  volume.ThrottledAsyncChecker (ThrottledAsyncChecker.java:schedule(140)) - Scheduling a check for org.apache.hadoop.ozone.container.common.volume.HddsVolume@4f86cd50
2019-07-30 23:11:24,675 INFO  volume.HddsVolumeChecker (HddsVolumeChecker.java:checkAllVolumes(203)) - Scheduled health check for volume org.apache.hadoop.ozone.container.common.volume.HddsVolume@4f86cd50
2019-07-30 23:11:24,694 INFO  impl.RaftServerProxy (ConfUtils.java:logGet(43)) - raft.rpc.type = GRPC (default)
2019-07-30 23:11:24,694 INFO  grpc.GrpcFactory (GrpcFactory.java:checkPooledByteBufAllocatorUseCacheForAllThreads(45)) - PERFORMANCE WARNING: useCacheForAllThreads is true that may cause Netty to create a lot garbage objects and, as a result, trigger GC.
	It is recommended to disable useCacheForAllThreads by setting -Dorg.apache.ratis.thirdparty.io.netty.allocator.useCacheForAllThreads=false in command line.
2019-07-30 23:11:24,694 INFO  grpc.GrpcConfigKeys$Server (ConfUtils.java:logGet(43)) - raft.grpc.server.port = 0 (default)
2019-07-30 23:11:24,694 INFO  server.GrpcService (ConfUtils.java:logGet(43)) - raft.grpc.message.size.max = 33570816 (custom)
2019-07-30 23:11:24,695 INFO  server.RaftServerConfigKeys (ConfUtils.java:logGet(43)) - raft.server.log.appender.buffer.byte-limit = 33554432 (custom)
2019-07-30 23:11:24,695 INFO  server.GrpcService (ConfUtils.java:logGet(43)) - raft.grpc.flow.control.window = 1MB (=1048576) (default)
2019-07-30 23:11:24,695 INFO  server.RaftServerConfigKeys (ConfUtils.java:logGet(43)) - raft.server.rpc.request.timeout = 3000ms (default)
2019-07-30 23:11:24,696 INFO  server.RaftServerConfigKeys (ConfUtils.java:logGet(43)) - raft.server.storage.dir = [/workdir/hadoop-ozone/integration-test/target/test-dir/MiniOzoneClusterImpl-ebe44233-41fb-4a8e-8173-29743ddef8ad/datanode-1/data/ratis] (custom)
2019-07-30 23:11:24,696 INFO  replication.SimpleContainerDownloader (SimpleContainerDownloader.java:<init>(72)) - Starting container downloader service to copy containers to replicate.
2019-07-30 23:11:24,698 INFO  hdfs.DFSUtil (DFSUtil.java:httpServerTemplateForNNAndJN(1641)) - Starting Web-server for hddsDatanode at: http://0.0.0.0:0
2019-07-30 23:11:24,700 INFO  server.AuthenticationFilter (AuthenticationFilter.java:constructSecretProvider(240)) - Unable to initialize FileSignerSecretProvider, falling back to use random secrets.
2019-07-30 23:11:24,700 WARN  http.HttpRequestLog (HttpRequestLog.java:getRequestLog(97)) - Jetty request log can only be enabled using Log4j
2019-07-30 23:11:24,702 INFO  http.HttpServer2 (HttpServer2.java:addGlobalFilter(975)) - Added global filter 'safety' (class=org.apache.hadoop.http.HttpServer2$QuotingInputFilter)
2019-07-30 23:11:24,703 INFO  http.HttpServer2 (HttpServer2.java:addFilter(948)) - Added filter static_user_filter (class=org.apache.hadoop.http.lib.StaticUserWebFilter$StaticUserFilter) to context hddsDatanode
2019-07-30 23:11:24,703 INFO  http.HttpServer2 (HttpServer2.java:addFilter(958)) - Added filter static_user_filter (class=org.apache.hadoop.http.lib.StaticUserWebFilter$StaticUserFilter) to context static
2019-07-30 23:11:24,703 INFO  http.HttpServer2 (HttpServer2.java:addFilter(958)) - Added filter static_user_filter (class=org.apache.hadoop.http.lib.StaticUserWebFilter$StaticUserFilter) to context logs
2019-07-30 23:11:24,704 INFO  http.HttpServer2 (HttpServer2.java:bindListener(1191)) - Jetty bound to port 42458
2019-07-30 23:11:24,705 INFO  server.Server (Server.java:doStart(351)) - jetty-9.3.24.v20180605, build timestamp: 2018-06-05T17:11:56Z, git hash: 84205aa28f11a4f31f2a3b86d1bba2cc8ab69827
2019-07-30 23:11:24,707 INFO  handler.ContextHandler (ContextHandler.java:doStart(781)) - Started o.e.j.s.ServletContextHandler@4f93816d{/logs,file:///workdir/hadoop-ozone/integration-test/target/log,AVAILABLE}
2019-07-30 23:11:24,707 INFO  handler.ContextHandler (ContextHandler.java:doStart(781)) - Started o.e.j.s.ServletContextHandler@2de3ac17{/static,jar:file:/home/user/.m2/repository/org/apache/hadoop/hadoop-hdds-container-service/0.4.1-SNAPSHOT/hadoop-hdds-container-service-0.4.1-SNAPSHOT.jar!/webapps/static,AVAILABLE}
2019-07-30 23:11:24,750 INFO  handler.ContextHandler (ContextHandler.java:doStart(781)) - Started o.e.j.w.WebAppContext@ebe3561{/,file:///tmp/jetty-0.0.0.0-42458-hddsDatanode-_-any-8428294944751147638.dir/webapp/,AVAILABLE}{/hddsDatanode}
2019-07-30 23:11:24,750 INFO  server.AbstractConnector (AbstractConnector.java:doStart(278)) - Started ServerConnector@7d3cb276{HTTP/1.1,[http/1.1]}{0.0.0.0:42458}
2019-07-30 23:11:24,750 INFO  server.Server (Server.java:doStart(419)) - Started @625038ms
2019-07-30 23:11:24,753 INFO  server.BaseHttpServer (BaseHttpServer.java:updateConnectorAddress(207)) - HTTP server of HDDSDATANODE is listening at http://0.0.0.0:42458
2019-07-30 23:11:24,906 INFO  ozone.HddsDatanodeService (HddsDatanodeService.java:startPlugins(395)) - Started plug-in org.apache.hadoop.ozone.web.OzoneHddsDatanodeService@7a88e6a9
2019-07-30 23:11:24,907 INFO  impl.MetricsSystemImpl (MetricsSystemImpl.java:init(158)) - HddsDatanode metrics system started (again)
2019-07-30 23:11:24,911 INFO  util.JvmPauseMonitor (JvmPauseMonitor.java:run(188)) - Starting JVM pause monitor
2019-07-30 23:11:24,911 INFO  ozone.HddsDatanodeService (HddsDatanodeService.java:start(184)) - HddsDatanodeService host:byscane-nightly-g5r4k-612667210 ip:192.168.5.171
2019-07-30 23:11:24,912 INFO  datanode.InitDatanodeState (InitDatanodeState.java:persistContainerDatanodeDetails(140)) - DatanodeDetails is persisted to /workdir/hadoop-ozone/integration-test/target/test-dir/MiniOzoneClusterImpl-ebe44233-41fb-4a8e-8173-29743ddef8ad/datanode-1/meta/datanode.id
2019-07-30 23:11:24,923 INFO  volume.HddsVolume (HddsVolume.java:<init>(176)) - Creating Volume: /workdir/hadoop-ozone/integration-test/target/test-dir/MiniOzoneClusterImpl-ebe44233-41fb-4a8e-8173-29743ddef8ad/datanode-2/data/containers/hdds of  storage type : DISK and capacity : 52710309888
2019-07-30 23:11:24,924 INFO  volume.VolumeSet (VolumeSet.java:initializeVolumeSet(170)) - Added Volume : /workdir/hadoop-ozone/integration-test/target/test-dir/MiniOzoneClusterImpl-ebe44233-41fb-4a8e-8173-29743ddef8ad/datanode-2/data/containers/hdds to VolumeSet
2019-07-30 23:11:24,924 INFO  volume.ThrottledAsyncChecker (ThrottledAsyncChecker.java:schedule(140)) - Scheduling a check for org.apache.hadoop.ozone.container.common.volume.HddsVolume@3f7030b5
2019-07-30 23:11:24,925 INFO  volume.HddsVolumeChecker (HddsVolumeChecker.java:checkAllVolumes(203)) - Scheduled health check for volume org.apache.hadoop.ozone.container.common.volume.HddsVolume@3f7030b5
2019-07-30 23:11:24,946 INFO  impl.RaftServerProxy (ConfUtils.java:logGet(43)) - raft.rpc.type = GRPC (default)
2019-07-30 23:11:24,946 INFO  grpc.GrpcFactory (GrpcFactory.java:checkPooledByteBufAllocatorUseCacheForAllThreads(45)) - PERFORMANCE WARNING: useCacheForAllThreads is true that may cause Netty to create a lot garbage objects and, as a result, trigger GC.
	It is recommended to disable useCacheForAllThreads by setting -Dorg.apache.ratis.thirdparty.io.netty.allocator.useCacheForAllThreads=false in command line.
2019-07-30 23:11:24,946 INFO  grpc.GrpcConfigKeys$Server (ConfUtils.java:logGet(43)) - raft.grpc.server.port = 0 (default)
2019-07-30 23:11:24,947 INFO  server.GrpcService (ConfUtils.java:logGet(43)) - raft.grpc.message.size.max = 33570816 (custom)
2019-07-30 23:11:24,947 INFO  server.RaftServerConfigKeys (ConfUtils.java:logGet(43)) - raft.server.log.appender.buffer.byte-limit = 33554432 (custom)
2019-07-30 23:11:24,947 INFO  server.GrpcService (ConfUtils.java:logGet(43)) - raft.grpc.flow.control.window = 1MB (=1048576) (default)
2019-07-30 23:11:24,948 INFO  server.RaftServerConfigKeys (ConfUtils.java:logGet(43)) - raft.server.rpc.request.timeout = 3000ms (default)
2019-07-30 23:11:24,948 INFO  server.RaftServerConfigKeys (ConfUtils.java:logGet(43)) - raft.server.storage.dir = [/workdir/hadoop-ozone/integration-test/target/test-dir/MiniOzoneClusterImpl-ebe44233-41fb-4a8e-8173-29743ddef8ad/datanode-2/data/ratis] (custom)
2019-07-30 23:11:24,949 INFO  replication.SimpleContainerDownloader (SimpleContainerDownloader.java:<init>(72)) - Starting container downloader service to copy containers to replicate.
2019-07-30 23:11:24,950 INFO  hdfs.DFSUtil (DFSUtil.java:httpServerTemplateForNNAndJN(1641)) - Starting Web-server for hddsDatanode at: http://0.0.0.0:0
2019-07-30 23:11:24,952 INFO  server.AuthenticationFilter (AuthenticationFilter.java:constructSecretProvider(240)) - Unable to initialize FileSignerSecretProvider, falling back to use random secrets.
2019-07-30 23:11:24,952 WARN  http.HttpRequestLog (HttpRequestLog.java:getRequestLog(97)) - Jetty request log can only be enabled using Log4j
2019-07-30 23:11:24,954 INFO  http.HttpServer2 (HttpServer2.java:addGlobalFilter(975)) - Added global filter 'safety' (class=org.apache.hadoop.http.HttpServer2$QuotingInputFilter)
2019-07-30 23:11:24,955 INFO  http.HttpServer2 (HttpServer2.java:addFilter(948)) - Added filter static_user_filter (class=org.apache.hadoop.http.lib.StaticUserWebFilter$StaticUserFilter) to context hddsDatanode
2019-07-30 23:11:24,955 INFO  http.HttpServer2 (HttpServer2.java:addFilter(958)) - Added filter static_user_filter (class=org.apache.hadoop.http.lib.StaticUserWebFilter$StaticUserFilter) to context static
2019-07-30 23:11:24,955 INFO  http.HttpServer2 (HttpServer2.java:addFilter(958)) - Added filter static_user_filter (class=org.apache.hadoop.http.lib.StaticUserWebFilter$StaticUserFilter) to context logs
2019-07-30 23:11:24,956 INFO  http.HttpServer2 (HttpServer2.java:bindListener(1191)) - Jetty bound to port 42569
2019-07-30 23:11:24,957 INFO  server.Server (Server.java:doStart(351)) - jetty-9.3.24.v20180605, build timestamp: 2018-06-05T17:11:56Z, git hash: 84205aa28f11a4f31f2a3b86d1bba2cc8ab69827
2019-07-30 23:11:24,959 INFO  handler.ContextHandler (ContextHandler.java:doStart(781)) - Started o.e.j.s.ServletContextHandler@7d5a3b06{/logs,file:///workdir/hadoop-ozone/integration-test/target/log,AVAILABLE}
2019-07-30 23:11:24,959 INFO  handler.ContextHandler (ContextHandler.java:doStart(781)) - Started o.e.j.s.ServletContextHandler@35ec675e{/static,jar:file:/home/user/.m2/repository/org/apache/hadoop/hadoop-hdds-container-service/0.4.1-SNAPSHOT/hadoop-hdds-container-service-0.4.1-SNAPSHOT.jar!/webapps/static,AVAILABLE}
2019-07-30 23:11:24,996 INFO  handler.ContextHandler (ContextHandler.java:doStart(781)) - Started o.e.j.w.WebAppContext@1098c1b1{/,file:///tmp/jetty-0.0.0.0-42569-hddsDatanode-_-any-2411660044782119449.dir/webapp/,AVAILABLE}{/hddsDatanode}
2019-07-30 23:11:24,996 INFO  server.AbstractConnector (AbstractConnector.java:doStart(278)) - Started ServerConnector@4bba628{HTTP/1.1,[http/1.1]}{0.0.0.0:42569}
2019-07-30 23:11:24,997 INFO  server.Server (Server.java:doStart(419)) - Started @625284ms
2019-07-30 23:11:24,999 INFO  server.BaseHttpServer (BaseHttpServer.java:updateConnectorAddress(207)) - HTTP server of HDDSDATANODE is listening at http://0.0.0.0:42569
2019-07-30 23:11:25,173 INFO  ozone.HddsDatanodeService (HddsDatanodeService.java:startPlugins(395)) - Started plug-in org.apache.hadoop.ozone.web.OzoneHddsDatanodeService@16ea56ab
2019-07-30 23:11:25,173 INFO  impl.MetricsSystemImpl (MetricsSystemImpl.java:init(158)) - HddsDatanode metrics system started (again)
2019-07-30 23:11:25,178 INFO  util.JvmPauseMonitor (JvmPauseMonitor.java:run(188)) - Starting JVM pause monitor
2019-07-30 23:11:25,178 INFO  ozone.HddsDatanodeService (HddsDatanodeService.java:start(184)) - HddsDatanodeService host:byscane-nightly-g5r4k-612667210 ip:192.168.5.171
2019-07-30 23:11:25,179 INFO  datanode.InitDatanodeState (InitDatanodeState.java:persistContainerDatanodeDetails(140)) - DatanodeDetails is persisted to /workdir/hadoop-ozone/integration-test/target/test-dir/MiniOzoneClusterImpl-ebe44233-41fb-4a8e-8173-29743ddef8ad/datanode-2/meta/datanode.id
2019-07-30 23:11:25,190 INFO  volume.HddsVolume (HddsVolume.java:<init>(176)) - Creating Volume: /workdir/hadoop-ozone/integration-test/target/test-dir/MiniOzoneClusterImpl-ebe44233-41fb-4a8e-8173-29743ddef8ad/datanode-3/data/containers/hdds of  storage type : DISK and capacity : 52710309888
2019-07-30 23:11:25,190 INFO  volume.VolumeSet (VolumeSet.java:initializeVolumeSet(170)) - Added Volume : /workdir/hadoop-ozone/integration-test/target/test-dir/MiniOzoneClusterImpl-ebe44233-41fb-4a8e-8173-29743ddef8ad/datanode-3/data/containers/hdds to VolumeSet
2019-07-30 23:11:25,191 INFO  volume.ThrottledAsyncChecker (ThrottledAsyncChecker.java:schedule(140)) - Scheduling a check for org.apache.hadoop.ozone.container.common.volume.HddsVolume@5cb6fac3
2019-07-30 23:11:25,191 INFO  volume.HddsVolumeChecker (HddsVolumeChecker.java:checkAllVolumes(203)) - Scheduled health check for volume org.apache.hadoop.ozone.container.common.volume.HddsVolume@5cb6fac3
2019-07-30 23:11:25,208 INFO  impl.RaftServerProxy (ConfUtils.java:logGet(43)) - raft.rpc.type = GRPC (default)
2019-07-30 23:11:25,208 INFO  grpc.GrpcFactory (GrpcFactory.java:checkPooledByteBufAllocatorUseCacheForAllThreads(45)) - PERFORMANCE WARNING: useCacheForAllThreads is true that may cause Netty to create a lot garbage objects and, as a result, trigger GC.
	It is recommended to disable useCacheForAllThreads by setting -Dorg.apache.ratis.thirdparty.io.netty.allocator.useCacheForAllThreads=false in command line.
2019-07-30 23:11:25,209 INFO  grpc.GrpcConfigKeys$Server (ConfUtils.java:logGet(43)) - raft.grpc.server.port = 0 (default)
2019-07-30 23:11:25,209 INFO  server.GrpcService (ConfUtils.java:logGet(43)) - raft.grpc.message.size.max = 33570816 (custom)
2019-07-30 23:11:25,209 INFO  server.RaftServerConfigKeys (ConfUtils.java:logGet(43)) - raft.server.log.appender.buffer.byte-limit = 33554432 (custom)
2019-07-30 23:11:25,209 INFO  server.GrpcService (ConfUtils.java:logGet(43)) - raft.grpc.flow.control.window = 1MB (=1048576) (default)
2019-07-30 23:11:25,209 INFO  server.RaftServerConfigKeys (ConfUtils.java:logGet(43)) - raft.server.rpc.request.timeout = 3000ms (default)
2019-07-30 23:11:25,210 INFO  server.RaftServerConfigKeys (ConfUtils.java:logGet(43)) - raft.server.storage.dir = [/workdir/hadoop-ozone/integration-test/target/test-dir/MiniOzoneClusterImpl-ebe44233-41fb-4a8e-8173-29743ddef8ad/datanode-3/data/ratis] (custom)
2019-07-30 23:11:25,210 INFO  replication.SimpleContainerDownloader (SimpleContainerDownloader.java:<init>(72)) - Starting container downloader service to copy containers to replicate.
2019-07-30 23:11:25,212 INFO  hdfs.DFSUtil (DFSUtil.java:httpServerTemplateForNNAndJN(1641)) - Starting Web-server for hddsDatanode at: http://0.0.0.0:0
2019-07-30 23:11:25,214 INFO  server.AuthenticationFilter (AuthenticationFilter.java:constructSecretProvider(240)) - Unable to initialize FileSignerSecretProvider, falling back to use random secrets.
2019-07-30 23:11:25,214 WARN  http.HttpRequestLog (HttpRequestLog.java:getRequestLog(97)) - Jetty request log can only be enabled using Log4j
2019-07-30 23:11:25,216 INFO  http.HttpServer2 (HttpServer2.java:addGlobalFilter(975)) - Added global filter 'safety' (class=org.apache.hadoop.http.HttpServer2$QuotingInputFilter)
2019-07-30 23:11:25,217 INFO  http.HttpServer2 (HttpServer2.java:addFilter(948)) - Added filter static_user_filter (class=org.apache.hadoop.http.lib.StaticUserWebFilter$StaticUserFilter) to context hddsDatanode
2019-07-30 23:11:25,217 INFO  http.HttpServer2 (HttpServer2.java:addFilter(958)) - Added filter static_user_filter (class=org.apache.hadoop.http.lib.StaticUserWebFilter$StaticUserFilter) to context static
2019-07-30 23:11:25,217 INFO  http.HttpServer2 (HttpServer2.java:addFilter(958)) - Added filter static_user_filter (class=org.apache.hadoop.http.lib.StaticUserWebFilter$StaticUserFilter) to context logs
2019-07-30 23:11:25,218 INFO  http.HttpServer2 (HttpServer2.java:bindListener(1191)) - Jetty bound to port 46401
2019-07-30 23:11:25,219 INFO  server.Server (Server.java:doStart(351)) - jetty-9.3.24.v20180605, build timestamp: 2018-06-05T17:11:56Z, git hash: 84205aa28f11a4f31f2a3b86d1bba2cc8ab69827
2019-07-30 23:11:25,221 INFO  handler.ContextHandler (ContextHandler.java:doStart(781)) - Started o.e.j.s.ServletContextHandler@718212ef{/logs,file:///workdir/hadoop-ozone/integration-test/target/log,AVAILABLE}
2019-07-30 23:11:25,221 INFO  handler.ContextHandler (ContextHandler.java:doStart(781)) - Started o.e.j.s.ServletContextHandler@488bf7cd{/static,jar:file:/home/user/.m2/repository/org/apache/hadoop/hadoop-hdds-container-service/0.4.1-SNAPSHOT/hadoop-hdds-container-service-0.4.1-SNAPSHOT.jar!/webapps/static,AVAILABLE}
2019-07-30 23:11:25,263 INFO  handler.ContextHandler (ContextHandler.java:doStart(781)) - Started o.e.j.w.WebAppContext@7aeb5402{/,file:///tmp/jetty-0.0.0.0-46401-hddsDatanode-_-any-5846043830528276290.dir/webapp/,AVAILABLE}{/hddsDatanode}
2019-07-30 23:11:25,264 INFO  server.AbstractConnector (AbstractConnector.java:doStart(278)) - Started ServerConnector@39e3da5a{HTTP/1.1,[http/1.1]}{0.0.0.0:46401}
2019-07-30 23:11:25,266 INFO  server.Server (Server.java:doStart(419)) - Started @625554ms
2019-07-30 23:11:25,267 INFO  server.BaseHttpServer (BaseHttpServer.java:updateConnectorAddress(207)) - HTTP server of HDDSDATANODE is listening at http://0.0.0.0:46401
2019-07-30 23:11:25,691 INFO  ozone.HddsDatanodeService (HddsDatanodeService.java:startPlugins(395)) - Started plug-in org.apache.hadoop.ozone.web.OzoneHddsDatanodeService@52a9c251
2019-07-30 23:11:25,692 INFO  impl.MetricsSystemImpl (MetricsSystemImpl.java:init(158)) - HddsDatanode metrics system started (again)
2019-07-30 23:11:25,697 INFO  ozone.HddsDatanodeService (HddsDatanodeService.java:start(184)) - HddsDatanodeService host:byscane-nightly-g5r4k-612667210 ip:192.168.5.171
2019-07-30 23:11:25,697 INFO  util.JvmPauseMonitor (JvmPauseMonitor.java:run(188)) - Starting JVM pause monitor
2019-07-30 23:11:25,698 INFO  datanode.InitDatanodeState (InitDatanodeState.java:persistContainerDatanodeDetails(140)) - DatanodeDetails is persisted to /workdir/hadoop-ozone/integration-test/target/test-dir/MiniOzoneClusterImpl-ebe44233-41fb-4a8e-8173-29743ddef8ad/datanode-3/meta/datanode.id
2019-07-30 23:11:25,709 INFO  volume.HddsVolume (HddsVolume.java:<init>(176)) - Creating Volume: /workdir/hadoop-ozone/integration-test/target/test-dir/MiniOzoneClusterImpl-ebe44233-41fb-4a8e-8173-29743ddef8ad/datanode-4/data/containers/hdds of  storage type : DISK and capacity : 52710309888
2019-07-30 23:11:25,709 INFO  volume.VolumeSet (VolumeSet.java:initializeVolumeSet(170)) - Added Volume : /workdir/hadoop-ozone/integration-test/target/test-dir/MiniOzoneClusterImpl-ebe44233-41fb-4a8e-8173-29743ddef8ad/datanode-4/data/containers/hdds to VolumeSet
2019-07-30 23:11:25,710 INFO  volume.ThrottledAsyncChecker (ThrottledAsyncChecker.java:schedule(140)) - Scheduling a check for org.apache.hadoop.ozone.container.common.volume.HddsVolume@630e5803
2019-07-30 23:11:25,710 INFO  volume.HddsVolumeChecker (HddsVolumeChecker.java:checkAllVolumes(203)) - Scheduled health check for volume org.apache.hadoop.ozone.container.common.volume.HddsVolume@630e5803
2019-07-30 23:11:25,725 INFO  impl.RaftServerProxy (ConfUtils.java:logGet(43)) - raft.rpc.type = GRPC (default)
2019-07-30 23:11:25,726 INFO  grpc.GrpcFactory (GrpcFactory.java:checkPooledByteBufAllocatorUseCacheForAllThreads(45)) - PERFORMANCE WARNING: useCacheForAllThreads is true that may cause Netty to create a lot garbage objects and, as a result, trigger GC.
	It is recommended to disable useCacheForAllThreads by setting -Dorg.apache.ratis.thirdparty.io.netty.allocator.useCacheForAllThreads=false in command line.
2019-07-30 23:11:25,726 INFO  grpc.GrpcConfigKeys$Server (ConfUtils.java:logGet(43)) - raft.grpc.server.port = 0 (default)
2019-07-30 23:11:25,726 INFO  server.GrpcService (ConfUtils.java:logGet(43)) - raft.grpc.message.size.max = 33570816 (custom)
2019-07-30 23:11:25,726 INFO  server.RaftServerConfigKeys (ConfUtils.java:logGet(43)) - raft.server.log.appender.buffer.byte-limit = 33554432 (custom)
2019-07-30 23:11:25,726 INFO  server.GrpcService (ConfUtils.java:logGet(43)) - raft.grpc.flow.control.window = 1MB (=1048576) (default)
2019-07-30 23:11:25,726 INFO  server.RaftServerConfigKeys (ConfUtils.java:logGet(43)) - raft.server.rpc.request.timeout = 3000ms (default)
2019-07-30 23:11:25,727 INFO  server.RaftServerConfigKeys (ConfUtils.java:logGet(43)) - raft.server.storage.dir = [/workdir/hadoop-ozone/integration-test/target/test-dir/MiniOzoneClusterImpl-ebe44233-41fb-4a8e-8173-29743ddef8ad/datanode-4/data/ratis] (custom)
2019-07-30 23:11:25,727 INFO  replication.SimpleContainerDownloader (SimpleContainerDownloader.java:<init>(72)) - Starting container downloader service to copy containers to replicate.
2019-07-30 23:11:25,728 INFO  hdfs.DFSUtil (DFSUtil.java:httpServerTemplateForNNAndJN(1641)) - Starting Web-server for hddsDatanode at: http://0.0.0.0:0
2019-07-30 23:11:25,731 INFO  server.AuthenticationFilter (AuthenticationFilter.java:constructSecretProvider(240)) - Unable to initialize FileSignerSecretProvider, falling back to use random secrets.
2019-07-30 23:11:25,731 WARN  http.HttpRequestLog (HttpRequestLog.java:getRequestLog(97)) - Jetty request log can only be enabled using Log4j
2019-07-30 23:11:25,734 INFO  http.HttpServer2 (HttpServer2.java:addGlobalFilter(975)) - Added global filter 'safety' (class=org.apache.hadoop.http.HttpServer2$QuotingInputFilter)
2019-07-30 23:11:25,735 INFO  http.HttpServer2 (HttpServer2.java:addFilter(948)) - Added filter static_user_filter (class=org.apache.hadoop.http.lib.StaticUserWebFilter$StaticUserFilter) to context hddsDatanode
2019-07-30 23:11:25,735 INFO  http.HttpServer2 (HttpServer2.java:addFilter(958)) - Added filter static_user_filter (class=org.apache.hadoop.http.lib.StaticUserWebFilter$StaticUserFilter) to context logs
2019-07-30 23:11:25,735 INFO  http.HttpServer2 (HttpServer2.java:addFilter(958)) - Added filter static_user_filter (class=org.apache.hadoop.http.lib.StaticUserWebFilter$StaticUserFilter) to context static
2019-07-30 23:11:25,736 INFO  http.HttpServer2 (HttpServer2.java:bindListener(1191)) - Jetty bound to port 45727
2019-07-30 23:11:25,736 INFO  server.Server (Server.java:doStart(351)) - jetty-9.3.24.v20180605, build timestamp: 2018-06-05T17:11:56Z, git hash: 84205aa28f11a4f31f2a3b86d1bba2cc8ab69827
2019-07-30 23:11:25,739 INFO  handler.ContextHandler (ContextHandler.java:doStart(781)) - Started o.e.j.s.ServletContextHandler@473048f9{/logs,file:///workdir/hadoop-ozone/integration-test/target/log,AVAILABLE}
2019-07-30 23:11:25,739 INFO  handler.ContextHandler (ContextHandler.java:doStart(781)) - Started o.e.j.s.ServletContextHandler@35f79e6d{/static,jar:file:/home/user/.m2/repository/org/apache/hadoop/hadoop-hdds-container-service/0.4.1-SNAPSHOT/hadoop-hdds-container-service-0.4.1-SNAPSHOT.jar!/webapps/static,AVAILABLE}
2019-07-30 23:11:25,782 INFO  handler.ContextHandler (ContextHandler.java:doStart(781)) - Started o.e.j.w.WebAppContext@2dba6013{/,file:///tmp/jetty-0.0.0.0-45727-hddsDatanode-_-any-6999123210588845918.dir/webapp/,AVAILABLE}{/hddsDatanode}
2019-07-30 23:11:25,783 INFO  server.AbstractConnector (AbstractConnector.java:doStart(278)) - Started ServerConnector@69b2ed81{HTTP/1.1,[http/1.1]}{0.0.0.0:45727}
2019-07-30 23:11:25,785 INFO  server.Server (Server.java:doStart(419)) - Started @626072ms
2019-07-30 23:11:25,786 INFO  server.BaseHttpServer (BaseHttpServer.java:updateConnectorAddress(207)) - HTTP server of HDDSDATANODE is listening at http://0.0.0.0:45727
2019-07-30 23:11:25,943 INFO  ozone.HddsDatanodeService (HddsDatanodeService.java:startPlugins(395)) - Started plug-in org.apache.hadoop.ozone.web.OzoneHddsDatanodeService@c62d08a
2019-07-30 23:11:25,944 INFO  impl.MetricsSystemImpl (MetricsSystemImpl.java:init(158)) - HddsDatanode metrics system started (again)
2019-07-30 23:11:25,948 INFO  util.JvmPauseMonitor (JvmPauseMonitor.java:run(188)) - Starting JVM pause monitor
2019-07-30 23:11:25,949 INFO  ozone.HddsDatanodeService (HddsDatanodeService.java:start(184)) - HddsDatanodeService host:byscane-nightly-g5r4k-612667210 ip:192.168.5.171
2019-07-30 23:11:25,950 INFO  datanode.InitDatanodeState (InitDatanodeState.java:persistContainerDatanodeDetails(140)) - DatanodeDetails is persisted to /workdir/hadoop-ozone/integration-test/target/test-dir/MiniOzoneClusterImpl-ebe44233-41fb-4a8e-8173-29743ddef8ad/datanode-4/meta/datanode.id
2019-07-30 23:11:25,965 INFO  volume.HddsVolume (HddsVolume.java:<init>(176)) - Creating Volume: /workdir/hadoop-ozone/integration-test/target/test-dir/MiniOzoneClusterImpl-ebe44233-41fb-4a8e-8173-29743ddef8ad/datanode-5/data/containers/hdds of  storage type : DISK and capacity : 52710309888
2019-07-30 23:11:25,966 INFO  volume.VolumeSet (VolumeSet.java:initializeVolumeSet(170)) - Added Volume : /workdir/hadoop-ozone/integration-test/target/test-dir/MiniOzoneClusterImpl-ebe44233-41fb-4a8e-8173-29743ddef8ad/datanode-5/data/containers/hdds to VolumeSet
2019-07-30 23:11:25,966 INFO  volume.ThrottledAsyncChecker (ThrottledAsyncChecker.java:schedule(140)) - Scheduling a check for org.apache.hadoop.ozone.container.common.volume.HddsVolume@5698a866
2019-07-30 23:11:25,966 INFO  volume.HddsVolumeChecker (HddsVolumeChecker.java:checkAllVolumes(203)) - Scheduled health check for volume org.apache.hadoop.ozone.container.common.volume.HddsVolume@5698a866
2019-07-30 23:11:25,981 INFO  impl.RaftServerProxy (ConfUtils.java:logGet(43)) - raft.rpc.type = GRPC (default)
2019-07-30 23:11:25,982 INFO  grpc.GrpcFactory (GrpcFactory.java:checkPooledByteBufAllocatorUseCacheForAllThreads(45)) - PERFORMANCE WARNING: useCacheForAllThreads is true that may cause Netty to create a lot garbage objects and, as a result, trigger GC.
	It is recommended to disable useCacheForAllThreads by setting -Dorg.apache.ratis.thirdparty.io.netty.allocator.useCacheForAllThreads=false in command line.
2019-07-30 23:11:25,982 INFO  grpc.GrpcConfigKeys$Server (ConfUtils.java:logGet(43)) - raft.grpc.server.port = 0 (default)
2019-07-30 23:11:25,982 INFO  server.GrpcService (ConfUtils.java:logGet(43)) - raft.grpc.message.size.max = 33570816 (custom)
2019-07-30 23:11:25,982 INFO  server.RaftServerConfigKeys (ConfUtils.java:logGet(43)) - raft.server.log.appender.buffer.byte-limit = 33554432 (custom)
2019-07-30 23:11:25,982 INFO  server.GrpcService (ConfUtils.java:logGet(43)) - raft.grpc.flow.control.window = 1MB (=1048576) (default)
2019-07-30 23:11:25,982 INFO  server.RaftServerConfigKeys (ConfUtils.java:logGet(43)) - raft.server.rpc.request.timeout = 3000ms (default)
2019-07-30 23:11:25,983 INFO  server.RaftServerConfigKeys (ConfUtils.java:logGet(43)) - raft.server.storage.dir = [/workdir/hadoop-ozone/integration-test/target/test-dir/MiniOzoneClusterImpl-ebe44233-41fb-4a8e-8173-29743ddef8ad/datanode-5/data/ratis] (custom)
2019-07-30 23:11:25,983 INFO  replication.SimpleContainerDownloader (SimpleContainerDownloader.java:<init>(72)) - Starting container downloader service to copy containers to replicate.
2019-07-30 23:11:25,985 INFO  hdfs.DFSUtil (DFSUtil.java:httpServerTemplateForNNAndJN(1641)) - Starting Web-server for hddsDatanode at: http://0.0.0.0:0
2019-07-30 23:11:25,987 INFO  server.AuthenticationFilter (AuthenticationFilter.java:constructSecretProvider(240)) - Unable to initialize FileSignerSecretProvider, falling back to use random secrets.
2019-07-30 23:11:25,987 WARN  http.HttpRequestLog (HttpRequestLog.java:getRequestLog(97)) - Jetty request log can only be enabled using Log4j
2019-07-30 23:11:25,990 INFO  http.HttpServer2 (HttpServer2.java:addGlobalFilter(975)) - Added global filter 'safety' (class=org.apache.hadoop.http.HttpServer2$QuotingInputFilter)
2019-07-30 23:11:25,990 INFO  http.HttpServer2 (HttpServer2.java:addFilter(948)) - Added filter static_user_filter (class=org.apache.hadoop.http.lib.StaticUserWebFilter$StaticUserFilter) to context hddsDatanode
2019-07-30 23:11:25,991 INFO  http.HttpServer2 (HttpServer2.java:addFilter(958)) - Added filter static_user_filter (class=org.apache.hadoop.http.lib.StaticUserWebFilter$StaticUserFilter) to context static
2019-07-30 23:11:25,991 INFO  http.HttpServer2 (HttpServer2.java:addFilter(958)) - Added filter static_user_filter (class=org.apache.hadoop.http.lib.StaticUserWebFilter$StaticUserFilter) to context logs
2019-07-30 23:11:25,992 INFO  http.HttpServer2 (HttpServer2.java:bindListener(1191)) - Jetty bound to port 33340
2019-07-30 23:11:25,992 INFO  server.Server (Server.java:doStart(351)) - jetty-9.3.24.v20180605, build timestamp: 2018-06-05T17:11:56Z, git hash: 84205aa28f11a4f31f2a3b86d1bba2cc8ab69827
2019-07-30 23:11:25,994 INFO  handler.ContextHandler (ContextHandler.java:doStart(781)) - Started o.e.j.s.ServletContextHandler@64e6f678{/logs,file:///workdir/hadoop-ozone/integration-test/target/log,AVAILABLE}
2019-07-30 23:11:25,995 INFO  handler.ContextHandler (ContextHandler.java:doStart(781)) - Started o.e.j.s.ServletContextHandler@1a927db2{/static,jar:file:/home/user/.m2/repository/org/apache/hadoop/hadoop-hdds-container-service/0.4.1-SNAPSHOT/hadoop-hdds-container-service-0.4.1-SNAPSHOT.jar!/webapps/static,AVAILABLE}
2019-07-30 23:11:26,040 INFO  handler.ContextHandler (ContextHandler.java:doStart(781)) - Started o.e.j.w.WebAppContext@1088b120{/,file:///tmp/jetty-0.0.0.0-33340-hddsDatanode-_-any-5353605622181924071.dir/webapp/,AVAILABLE}{/hddsDatanode}
2019-07-30 23:11:26,041 INFO  server.AbstractConnector (AbstractConnector.java:doStart(278)) - Started ServerConnector@6b4133d0{HTTP/1.1,[http/1.1]}{0.0.0.0:33340}
2019-07-30 23:11:26,043 INFO  server.Server (Server.java:doStart(419)) - Started @626330ms
2019-07-30 23:11:26,044 INFO  server.BaseHttpServer (BaseHttpServer.java:updateConnectorAddress(207)) - HTTP server of HDDSDATANODE is listening at http://0.0.0.0:33340
2019-07-30 23:11:26,158 INFO  ozone.HddsDatanodeService (HddsDatanodeService.java:startPlugins(395)) - Started plug-in org.apache.hadoop.ozone.web.OzoneHddsDatanodeService@4f8186a5
2019-07-30 23:11:26,159 INFO  impl.MetricsSystemImpl (MetricsSystemImpl.java:init(158)) - HddsDatanode metrics system started (again)
2019-07-30 23:11:26,163 INFO  ozone.HddsDatanodeService (HddsDatanodeService.java:start(184)) - HddsDatanodeService host:byscane-nightly-g5r4k-612667210 ip:192.168.5.171
2019-07-30 23:11:26,163 INFO  util.JvmPauseMonitor (JvmPauseMonitor.java:run(188)) - Starting JVM pause monitor
2019-07-30 23:11:26,165 INFO  datanode.InitDatanodeState (InitDatanodeState.java:persistContainerDatanodeDetails(140)) - DatanodeDetails is persisted to /workdir/hadoop-ozone/integration-test/target/test-dir/MiniOzoneClusterImpl-ebe44233-41fb-4a8e-8173-29743ddef8ad/datanode-5/meta/datanode.id
2019-07-30 23:11:26,175 INFO  volume.HddsVolume (HddsVolume.java:<init>(176)) - Creating Volume: /workdir/hadoop-ozone/integration-test/target/test-dir/MiniOzoneClusterImpl-ebe44233-41fb-4a8e-8173-29743ddef8ad/datanode-6/data/containers/hdds of  storage type : DISK and capacity : 52710309888
2019-07-30 23:11:26,176 INFO  volume.VolumeSet (VolumeSet.java:initializeVolumeSet(170)) - Added Volume : /workdir/hadoop-ozone/integration-test/target/test-dir/MiniOzoneClusterImpl-ebe44233-41fb-4a8e-8173-29743ddef8ad/datanode-6/data/containers/hdds to VolumeSet
2019-07-30 23:11:26,176 INFO  volume.ThrottledAsyncChecker (ThrottledAsyncChecker.java:schedule(140)) - Scheduling a check for org.apache.hadoop.ozone.container.common.volume.HddsVolume@44d5a0a8
2019-07-30 23:11:26,176 INFO  volume.HddsVolumeChecker (HddsVolumeChecker.java:checkAllVolumes(203)) - Scheduled health check for volume org.apache.hadoop.ozone.container.common.volume.HddsVolume@44d5a0a8
2019-07-30 23:11:26,194 INFO  impl.RaftServerProxy (ConfUtils.java:logGet(43)) - raft.rpc.type = GRPC (default)
2019-07-30 23:11:26,194 INFO  grpc.GrpcFactory (GrpcFactory.java:checkPooledByteBufAllocatorUseCacheForAllThreads(45)) - PERFORMANCE WARNING: useCacheForAllThreads is true that may cause Netty to create a lot garbage objects and, as a result, trigger GC.
	It is recommended to disable useCacheForAllThreads by setting -Dorg.apache.ratis.thirdparty.io.netty.allocator.useCacheForAllThreads=false in command line.
2019-07-30 23:11:26,194 INFO  grpc.GrpcConfigKeys$Server (ConfUtils.java:logGet(43)) - raft.grpc.server.port = 0 (default)
2019-07-30 23:11:26,195 INFO  server.GrpcService (ConfUtils.java:logGet(43)) - raft.grpc.message.size.max = 33570816 (custom)
2019-07-30 23:11:26,195 INFO  server.RaftServerConfigKeys (ConfUtils.java:logGet(43)) - raft.server.log.appender.buffer.byte-limit = 33554432 (custom)
2019-07-30 23:11:26,195 INFO  server.GrpcService (ConfUtils.java:logGet(43)) - raft.grpc.flow.control.window = 1MB (=1048576) (default)
2019-07-30 23:11:26,195 INFO  server.RaftServerConfigKeys (ConfUtils.java:logGet(43)) - raft.server.rpc.request.timeout = 3000ms (default)
2019-07-30 23:11:26,196 INFO  server.RaftServerConfigKeys (ConfUtils.java:logGet(43)) - raft.server.storage.dir = [/workdir/hadoop-ozone/integration-test/target/test-dir/MiniOzoneClusterImpl-ebe44233-41fb-4a8e-8173-29743ddef8ad/datanode-6/data/ratis] (custom)
2019-07-30 23:11:26,196 INFO  replication.SimpleContainerDownloader (SimpleContainerDownloader.java:<init>(72)) - Starting container downloader service to copy containers to replicate.
2019-07-30 23:11:26,197 INFO  hdfs.DFSUtil (DFSUtil.java:httpServerTemplateForNNAndJN(1641)) - Starting Web-server for hddsDatanode at: http://0.0.0.0:0
2019-07-30 23:11:26,199 INFO  server.AuthenticationFilter (AuthenticationFilter.java:constructSecretProvider(240)) - Unable to initialize FileSignerSecretProvider, falling back to use random secrets.
2019-07-30 23:11:26,199 WARN  http.HttpRequestLog (HttpRequestLog.java:getRequestLog(97)) - Jetty request log can only be enabled using Log4j
2019-07-30 23:11:26,200 INFO  http.HttpServer2 (HttpServer2.java:addGlobalFilter(975)) - Added global filter 'safety' (class=org.apache.hadoop.http.HttpServer2$QuotingInputFilter)
2019-07-30 23:11:26,200 INFO  http.HttpServer2 (HttpServer2.java:addFilter(948)) - Added filter static_user_filter (class=org.apache.hadoop.http.lib.StaticUserWebFilter$StaticUserFilter) to context hddsDatanode
2019-07-30 23:11:26,201 INFO  http.HttpServer2 (HttpServer2.java:addFilter(958)) - Added filter static_user_filter (class=org.apache.hadoop.http.lib.StaticUserWebFilter$StaticUserFilter) to context logs
2019-07-30 23:11:26,201 INFO  http.HttpServer2 (HttpServer2.java:addFilter(958)) - Added filter static_user_filter (class=org.apache.hadoop.http.lib.StaticUserWebFilter$StaticUserFilter) to context static
2019-07-30 23:11:26,201 INFO  http.HttpServer2 (HttpServer2.java:bindListener(1191)) - Jetty bound to port 46854
2019-07-30 23:11:26,201 INFO  server.Server (Server.java:doStart(351)) - jetty-9.3.24.v20180605, build timestamp: 2018-06-05T17:11:56Z, git hash: 84205aa28f11a4f31f2a3b86d1bba2cc8ab69827
2019-07-30 23:11:26,203 INFO  handler.ContextHandler (ContextHandler.java:doStart(781)) - Started o.e.j.s.ServletContextHandler@38ad8c75{/logs,file:///workdir/hadoop-ozone/integration-test/target/log,AVAILABLE}
2019-07-30 23:11:26,203 INFO  handler.ContextHandler (ContextHandler.java:doStart(781)) - Started o.e.j.s.ServletContextHandler@d67f6f{/static,jar:file:/home/user/.m2/repository/org/apache/hadoop/hadoop-hdds-container-service/0.4.1-SNAPSHOT/hadoop-hdds-container-service-0.4.1-SNAPSHOT.jar!/webapps/static,AVAILABLE}
2019-07-30 23:11:26,229 INFO  handler.ContextHandler (ContextHandler.java:doStart(781)) - Started o.e.j.w.WebAppContext@1e0d70db{/,file:///tmp/jetty-0.0.0.0-46854-hddsDatanode-_-any-4904379262743486842.dir/webapp/,AVAILABLE}{/hddsDatanode}
2019-07-30 23:11:26,230 INFO  server.AbstractConnector (AbstractConnector.java:doStart(278)) - Started ServerConnector@38950d4b{HTTP/1.1,[http/1.1]}{0.0.0.0:46854}
2019-07-30 23:11:26,230 INFO  server.Server (Server.java:doStart(419)) - Started @626517ms
2019-07-30 23:11:26,232 INFO  server.BaseHttpServer (BaseHttpServer.java:updateConnectorAddress(207)) - HTTP server of HDDSDATANODE is listening at http://0.0.0.0:46854
2019-07-30 23:11:26,334 INFO  ozone.HddsDatanodeService (HddsDatanodeService.java:startPlugins(395)) - Started plug-in org.apache.hadoop.ozone.web.OzoneHddsDatanodeService@2e6066e1
2019-07-30 23:11:26,334 INFO  ozone.MiniOzoneClusterImpl (MiniOzoneClusterImpl.java:lambda$waitForClusterToBeReady$0(142)) - Waiting for cluster to be ready. Got 0 of 7 DN Heartbeats.
2019-07-30 23:11:26,335 INFO  util.JvmPauseMonitor (JvmPauseMonitor.java:run(188)) - Starting JVM pause monitor
2019-07-30 23:11:26,337 INFO  datanode.InitDatanodeState (InitDatanodeState.java:persistContainerDatanodeDetails(140)) - DatanodeDetails is persisted to /workdir/hadoop-ozone/integration-test/target/test-dir/MiniOzoneClusterImpl-ebe44233-41fb-4a8e-8173-29743ddef8ad/datanode-6/meta/datanode.id
2019-07-30 23:11:26,678 INFO  ozoneimpl.OzoneContainer (OzoneContainer.java:start(186)) - Attempting to start container services.
2019-07-30 23:11:26,678 INFO  ozoneimpl.OzoneContainer (OzoneContainer.java:startContainerScrub(160)) - Background container scrubber has been disabled by hdds.containerscrub.enabled
2019-07-30 23:11:26,678 INFO  ratis.XceiverServerRatis (XceiverServerRatis.java:start(404)) - Starting XceiverServerRatis eaecb802-43fa-4ea7-a083-8b0e18722e0b at port 0
2019-07-30 23:11:26,686 INFO  impl.RaftServerProxy (RaftServerProxy.java:lambda$start$3(299)) - eaecb802-43fa-4ea7-a083-8b0e18722e0b: start RPC server
2019-07-30 23:11:26,689 INFO  server.GrpcService (GrpcService.java:startImpl(149)) - eaecb802-43fa-4ea7-a083-8b0e18722e0b: GrpcService started, listening on 0.0.0.0/0.0.0.0:34807
2019-07-30 23:11:26,689 INFO  ratis.XceiverServerRatis (XceiverServerRatis.java:start(414)) - XceiverServerRatis eaecb802-43fa-4ea7-a083-8b0e18722e0b is started using port 34807
2019-07-30 23:11:26,689 INFO  server.XceiverServerGrpc (XceiverServerGrpc.java:start(161)) - XceiverServerGrpc eaecb802-43fa-4ea7-a083-8b0e18722e0b is started using port 40316
2019-07-30 23:11:26,926 INFO  ozoneimpl.OzoneContainer (OzoneContainer.java:start(186)) - Attempting to start container services.
2019-07-30 23:11:26,926 INFO  ozoneimpl.OzoneContainer (OzoneContainer.java:startContainerScrub(160)) - Background container scrubber has been disabled by hdds.containerscrub.enabled
2019-07-30 23:11:26,926 INFO  ratis.XceiverServerRatis (XceiverServerRatis.java:start(404)) - Starting XceiverServerRatis 66e2eb1b-ad33-427e-a453-da9ee6158a8a at port 0
2019-07-30 23:11:26,936 INFO  impl.RaftServerProxy (RaftServerProxy.java:lambda$start$3(299)) - 66e2eb1b-ad33-427e-a453-da9ee6158a8a: start RPC server
2019-07-30 23:11:26,938 INFO  server.GrpcService (GrpcService.java:startImpl(149)) - 66e2eb1b-ad33-427e-a453-da9ee6158a8a: GrpcService started, listening on 0.0.0.0/0.0.0.0:36122
2019-07-30 23:11:26,938 INFO  ratis.XceiverServerRatis (XceiverServerRatis.java:start(414)) - XceiverServerRatis 66e2eb1b-ad33-427e-a453-da9ee6158a8a is started using port 36122
2019-07-30 23:11:26,939 INFO  server.XceiverServerGrpc (XceiverServerGrpc.java:start(161)) - XceiverServerGrpc 66e2eb1b-ad33-427e-a453-da9ee6158a8a is started using port 39920
2019-07-30 23:11:27,193 INFO  ozoneimpl.OzoneContainer (OzoneContainer.java:start(186)) - Attempting to start container services.
2019-07-30 23:11:27,193 INFO  ozoneimpl.OzoneContainer (OzoneContainer.java:startContainerScrub(160)) - Background container scrubber has been disabled by hdds.containerscrub.enabled
2019-07-30 23:11:27,193 INFO  ratis.XceiverServerRatis (XceiverServerRatis.java:start(404)) - Starting XceiverServerRatis e7307b16-d7cb-4cdf-b0bb-cf5c3f8d35b1 at port 0
2019-07-30 23:11:27,202 INFO  impl.RaftServerProxy (RaftServerProxy.java:lambda$start$3(299)) - e7307b16-d7cb-4cdf-b0bb-cf5c3f8d35b1: start RPC server
2019-07-30 23:11:27,203 INFO  server.GrpcService (GrpcService.java:startImpl(149)) - e7307b16-d7cb-4cdf-b0bb-cf5c3f8d35b1: GrpcService started, listening on 0.0.0.0/0.0.0.0:36208
2019-07-30 23:11:27,203 INFO  ratis.XceiverServerRatis (XceiverServerRatis.java:start(414)) - XceiverServerRatis e7307b16-d7cb-4cdf-b0bb-cf5c3f8d35b1 is started using port 36208
2019-07-30 23:11:27,213 INFO  server.XceiverServerGrpc (XceiverServerGrpc.java:start(161)) - XceiverServerGrpc e7307b16-d7cb-4cdf-b0bb-cf5c3f8d35b1 is started using port 41713
2019-07-30 23:11:27,334 INFO  ozone.MiniOzoneClusterImpl (MiniOzoneClusterImpl.java:lambda$waitForClusterToBeReady$0(142)) - Waiting for cluster to be ready. Got 0 of 7 DN Heartbeats.
2019-07-30 23:11:27,711 INFO  ozoneimpl.OzoneContainer (OzoneContainer.java:start(186)) - Attempting to start container services.
2019-07-30 23:11:27,711 INFO  ozoneimpl.OzoneContainer (OzoneContainer.java:startContainerScrub(160)) - Background container scrubber has been disabled by hdds.containerscrub.enabled
2019-07-30 23:11:27,711 INFO  ratis.XceiverServerRatis (XceiverServerRatis.java:start(404)) - Starting XceiverServerRatis 36c57446-f5e2-4e56-a057-2c3cc200a735 at port 0
2019-07-30 23:11:27,719 INFO  impl.RaftServerProxy (RaftServerProxy.java:lambda$start$3(299)) - 36c57446-f5e2-4e56-a057-2c3cc200a735: start RPC server
2019-07-30 23:11:27,719 INFO  server.GrpcService (GrpcService.java:startImpl(149)) - 36c57446-f5e2-4e56-a057-2c3cc200a735: GrpcService started, listening on 0.0.0.0/0.0.0.0:38061
2019-07-30 23:11:27,720 INFO  ratis.XceiverServerRatis (XceiverServerRatis.java:start(414)) - XceiverServerRatis 36c57446-f5e2-4e56-a057-2c3cc200a735 is started using port 38061
2019-07-30 23:11:27,720 INFO  server.XceiverServerGrpc (XceiverServerGrpc.java:start(161)) - XceiverServerGrpc 36c57446-f5e2-4e56-a057-2c3cc200a735 is started using port 40660
2019-07-30 23:11:27,954 INFO  ozoneimpl.OzoneContainer (OzoneContainer.java:start(186)) - Attempting to start container services.
2019-07-30 23:11:27,955 INFO  ozoneimpl.OzoneContainer (OzoneContainer.java:startContainerScrub(160)) - Background container scrubber has been disabled by hdds.containerscrub.enabled
2019-07-30 23:11:27,955 INFO  ratis.XceiverServerRatis (XceiverServerRatis.java:start(404)) - Starting XceiverServerRatis ad7ed92e-ee6a-47ae-a47a-72f719be0302 at port 0
2019-07-30 23:11:27,962 INFO  impl.RaftServerProxy (RaftServerProxy.java:lambda$start$3(299)) - ad7ed92e-ee6a-47ae-a47a-72f719be0302: start RPC server
2019-07-30 23:11:27,963 INFO  server.GrpcService (GrpcService.java:startImpl(149)) - ad7ed92e-ee6a-47ae-a47a-72f719be0302: GrpcService started, listening on 0.0.0.0/0.0.0.0:42501
2019-07-30 23:11:27,963 INFO  ratis.XceiverServerRatis (XceiverServerRatis.java:start(414)) - XceiverServerRatis ad7ed92e-ee6a-47ae-a47a-72f719be0302 is started using port 42501
2019-07-30 23:11:27,963 INFO  server.XceiverServerGrpc (XceiverServerGrpc.java:start(161)) - XceiverServerGrpc ad7ed92e-ee6a-47ae-a47a-72f719be0302 is started using port 42113
2019-07-30 23:11:28,169 INFO  ozoneimpl.OzoneContainer (OzoneContainer.java:start(186)) - Attempting to start container services.
2019-07-30 23:11:28,169 INFO  ozoneimpl.OzoneContainer (OzoneContainer.java:startContainerScrub(160)) - Background container scrubber has been disabled by hdds.containerscrub.enabled
2019-07-30 23:11:28,169 INFO  ratis.XceiverServerRatis (XceiverServerRatis.java:start(404)) - Starting XceiverServerRatis 63fbe650-6a5a-48da-9f6d-3566b7d3d61e at port 0
2019-07-30 23:11:28,177 INFO  impl.RaftServerProxy (RaftServerProxy.java:lambda$start$3(299)) - 63fbe650-6a5a-48da-9f6d-3566b7d3d61e: start RPC server
2019-07-30 23:11:28,178 INFO  server.GrpcService (GrpcService.java:startImpl(149)) - 63fbe650-6a5a-48da-9f6d-3566b7d3d61e: GrpcService started, listening on 0.0.0.0/0.0.0.0:39562
2019-07-30 23:11:28,178 INFO  ratis.XceiverServerRatis (XceiverServerRatis.java:start(414)) - XceiverServerRatis 63fbe650-6a5a-48da-9f6d-3566b7d3d61e is started using port 39562
2019-07-30 23:11:28,179 INFO  server.XceiverServerGrpc (XceiverServerGrpc.java:start(161)) - XceiverServerGrpc 63fbe650-6a5a-48da-9f6d-3566b7d3d61e is started using port 33335
2019-07-30 23:11:28,335 INFO  ozone.MiniOzoneClusterImpl (MiniOzoneClusterImpl.java:lambda$waitForClusterToBeReady$0(142)) - Waiting for cluster to be ready. Got 0 of 7 DN Heartbeats.
2019-07-30 23:11:28,341 INFO  ozoneimpl.OzoneContainer (OzoneContainer.java:start(186)) - Attempting to start container services.
2019-07-30 23:11:28,341 INFO  ozoneimpl.OzoneContainer (OzoneContainer.java:startContainerScrub(160)) - Background container scrubber has been disabled by hdds.containerscrub.enabled
2019-07-30 23:11:28,341 INFO  ratis.XceiverServerRatis (XceiverServerRatis.java:start(404)) - Starting XceiverServerRatis e680feb4-1688-4d71-9da4-62d73b47acfa at port 0
2019-07-30 23:11:28,349 INFO  impl.RaftServerProxy (RaftServerProxy.java:lambda$start$3(299)) - e680feb4-1688-4d71-9da4-62d73b47acfa: start RPC server
2019-07-30 23:11:28,350 INFO  server.GrpcService (GrpcService.java:startImpl(149)) - e680feb4-1688-4d71-9da4-62d73b47acfa: GrpcService started, listening on 0.0.0.0/0.0.0.0:34862
2019-07-30 23:11:28,350 INFO  ratis.XceiverServerRatis (XceiverServerRatis.java:start(414)) - XceiverServerRatis e680feb4-1688-4d71-9da4-62d73b47acfa is started using port 34862
2019-07-30 23:11:28,363 INFO  server.XceiverServerGrpc (XceiverServerGrpc.java:start(161)) - XceiverServerGrpc e680feb4-1688-4d71-9da4-62d73b47acfa is started using port 32837
2019-07-30 23:11:28,666 INFO  net.NetworkTopology (NetworkTopologyImpl.java:add(110)) - Added a new node: /default-rack/eaecb802-43fa-4ea7-a083-8b0e18722e0b
2019-07-30 23:11:28,669 INFO  node.SCMNodeManager (SCMNodeManager.java:register(273)) - Registered Data node : eaecb802-43fa-4ea7-a083-8b0e18722e0b{ip: 192.168.5.171, host: byscane-nightly-g5r4k-612667210, networkLocation: /default-rack, certSerialId: null}
2019-07-30 23:11:28,670 INFO  safemode.SCMSafeModeManager (DataNodeSafeModeRule.java:process(71)) - SCM in safe mode. 1 DataNodes registered, 1 required.
2019-07-30 23:11:28,673 INFO  safemode.SCMSafeModeManager (SCMSafeModeManager.java:validateSafeModeExitRules(177)) - ScmSafeModeManager, all rules are successfully validated
2019-07-30 23:11:28,673 INFO  safemode.SCMSafeModeManager (SCMSafeModeManager.java:exitSafeMode(193)) - SCM exiting safe mode.
2019-07-30 23:11:28,680 INFO  impl.RaftServerProxy (RaftServerProxy.java:addNew(89)) - eaecb802-43fa-4ea7-a083-8b0e18722e0b: addNew group-136434FE4CE7:[eaecb802-43fa-4ea7-a083-8b0e18722e0b:192.168.5.171:34807] returns group-136434FE4CE7:java.util.concurrent.CompletableFuture@16bb2926[Not completed]
2019-07-30 23:11:28,681 INFO  impl.RaftServerImpl (RaftServerImpl.java:<init>(93)) - eaecb802-43fa-4ea7-a083-8b0e18722e0b: new RaftServerImpl for group-136434FE4CE7:[eaecb802-43fa-4ea7-a083-8b0e18722e0b:192.168.5.171:34807] with ContainerStateMachine:uninitialized
2019-07-30 23:11:28,681 INFO  server.RaftServerConfigKeys (ConfUtils.java:logGet(43)) - raft.server.rpc.timeout.min = 5s (custom)
2019-07-30 23:11:28,682 INFO  server.RaftServerConfigKeys (ConfUtils.java:logGet(43)) - raft.server.rpc.timeout.max = 5200ms (custom)
2019-07-30 23:11:28,682 INFO  server.RaftServerConfigKeys (ConfUtils.java:logGet(43)) - raft.server.rpcslowness.timeout = 120s (custom)
2019-07-30 23:11:28,682 INFO  server.RaftServerConfigKeys (ConfUtils.java:logGet(43)) - raft.server.sleep.deviation.threshold = 300 (default)
2019-07-30 23:11:28,682 INFO  server.RaftServerConfigKeys (ConfUtils.java:logGet(43)) - raft.server.log.appender.install.snapshot.enabled = false (custom)
2019-07-30 23:11:28,682 INFO  impl.RaftServerImpl (ServerState.java:<init>(105)) - eaecb802-43fa-4ea7-a083-8b0e18722e0b:group-136434FE4CE7 ConfigurationManager, init=-1: [eaecb802-43fa-4ea7-a083-8b0e18722e0b:192.168.5.171:34807], old=null, confs=<EMPTY_MAP>
2019-07-30 23:11:28,682 INFO  server.RaftServerConfigKeys (ConfUtils.java:logGet(43)) - raft.server.storage.dir = [/workdir/hadoop-ozone/integration-test/target/test-dir/MiniOzoneClusterImpl-ebe44233-41fb-4a8e-8173-29743ddef8ad/datanode-0/data/ratis] (custom)
2019-07-30 23:11:28,683 INFO  storage.RaftStorageDirectory (RaftStorageDirectory.java:analyzeStorage(246)) - The storage directory /workdir/hadoop-ozone/integration-test/target/test-dir/MiniOzoneClusterImpl-ebe44233-41fb-4a8e-8173-29743ddef8ad/datanode-0/data/ratis/10987245-7f05-4d08-b413-136434fe4ce7 does not exist. Creating ...
2019-07-30 23:11:28,687 INFO  storage.RaftStorageDirectory (RaftStorageDirectory.java:tryLock(328)) - Lock on /workdir/hadoop-ozone/integration-test/target/test-dir/MiniOzoneClusterImpl-ebe44233-41fb-4a8e-8173-29743ddef8ad/datanode-0/data/ratis/10987245-7f05-4d08-b413-136434fe4ce7/in_use.lock acquired by nodename 477@byscane-nightly-g5r4k-612667210
2019-07-30 23:11:28,691 INFO  storage.RaftStorage (RaftStorage.java:format(72)) - Storage directory /workdir/hadoop-ozone/integration-test/target/test-dir/MiniOzoneClusterImpl-ebe44233-41fb-4a8e-8173-29743ddef8ad/datanode-0/data/ratis/10987245-7f05-4d08-b413-136434fe4ce7 has been successfully formatted.
2019-07-30 23:11:28,692 INFO  ratis.ContainerStateMachine (ContainerStateMachine.java:loadSnapshot(213)) - group-136434FE4CE7: The snapshot info is null. Setting the last applied indexto:(t:0, i:~)
2019-07-30 23:11:28,692 INFO  server.RaftServerConfigKeys (ConfUtils.java:logGet(43)) - raft.server.leader.election.timeout = 120s (custom)
2019-07-30 23:11:28,692 INFO  server.RaftServerConfigKeys (ConfUtils.java:logGet(43)) - raft.server.log.use.memory = false (default)
2019-07-30 23:11:28,692 INFO  server.RaftServerConfigKeys (ConfUtils.java:logGet(43)) - raft.server.log.purge.gap = 1000000000 (custom)
2019-07-30 23:11:28,692 INFO  server.RaftServerConfigKeys (ConfUtils.java:logGet(43)) - raft.server.log.appender.buffer.byte-limit = 33554432 (custom)
2019-07-30 23:11:28,693 INFO  server.RaftServerConfigKeys (ConfUtils.java:logGet(43)) - raft.server.log.segment.size.max = 1048576 (custom)
2019-07-30 23:11:28,693 INFO  server.RaftServerConfigKeys (ConfUtils.java:logGet(43)) - raft.server.log.segment.cache.num.max = 2 (custom)
2019-07-30 23:11:28,693 INFO  segmented.SegmentedRaftLogWorker (SegmentedRaftLogWorker.java:<init>(172)) - new eaecb802-43fa-4ea7-a083-8b0e18722e0b-SegmentedRaftLogWorker:Storage Directory /workdir/hadoop-ozone/integration-test/target/test-dir/MiniOzoneClusterImpl-ebe44233-41fb-4a8e-8173-29743ddef8ad/datanode-0/data/ratis/10987245-7f05-4d08-b413-136434fe4ce7 for RaftStorage:Storage Directory /workdir/hadoop-ozone/integration-test/target/test-dir/MiniOzoneClusterImpl-ebe44233-41fb-4a8e-8173-29743ddef8ad/datanode-0/data/ratis/10987245-7f05-4d08-b413-136434fe4ce7
2019-07-30 23:11:28,693 INFO  server.RaftServerConfigKeys (ConfUtils.java:logGet(43)) - raft.server.log.queue.byte-limit = 2147483647 (custom)
2019-07-30 23:11:28,693 INFO  server.RaftServerConfigKeys (ConfUtils.java:logGet(43)) - raft.server.log.queue.element-limit = 1024 (custom)
2019-07-30 23:11:28,694 INFO  server.RaftServerConfigKeys (ConfUtils.java:logGet(43)) - raft.server.log.segment.size.max = 1048576 (custom)
2019-07-30 23:11:28,694 INFO  server.RaftServerConfigKeys (ConfUtils.java:logGet(43)) - raft.server.log.preallocated.size = 16384 (custom)
2019-07-30 23:11:28,694 INFO  server.RaftServerConfigKeys (ConfUtils.java:logGet(43)) - raft.server.log.write.buffer.size = 33554432 (custom)
2019-07-30 23:11:28,694 INFO  server.RaftServerConfigKeys (ConfUtils.java:logGet(43)) - raft.server.log.force.sync.num = 128 (default)
2019-07-30 23:11:28,694 INFO  server.RaftServerConfigKeys (ConfUtils.java:logGet(43)) - raft.server.log.statemachine.data.sync = true (default)
2019-07-30 23:11:28,694 INFO  server.RaftServerConfigKeys (ConfUtils.java:logGet(43)) - raft.server.log.statemachine.data.sync.timeout = 10s (default)
2019-07-30 23:11:28,694 INFO  server.RaftServerConfigKeys (ConfUtils.java:logGet(43)) - raft.server.log.statemachine.data.sync.timeout.retry = -1 (default)
2019-07-30 23:11:28,695 INFO  server.RaftServerConfigKeys (ConfUtils.java:logGet(43)) - raft.server.log.statemachine.data.caching.enabled = true (custom)
2019-07-30 23:11:28,695 INFO  segmented.SegmentedRaftLogWorker (SegmentedRaftLogWorker.java:lambda$new$0(132)) - eaecb802-43fa-4ea7-a083-8b0e18722e0b-SegmentedRaftLogWorker:Storage Directory /workdir/hadoop-ozone/integration-test/target/test-dir/MiniOzoneClusterImpl-ebe44233-41fb-4a8e-8173-29743ddef8ad/datanode-0/data/ratis/10987245-7f05-4d08-b413-136434fe4ce7: flushIndex: setUnconditionally 0 -> -1
2019-07-30 23:11:28,696 INFO  server.RaftServerConfigKeys (ConfUtils.java:logGet(43)) - raft.server.snapshot.auto.trigger.enabled = true (custom)
2019-07-30 23:11:28,696 INFO  server.RaftServerConfigKeys (ConfUtils.java:logGet(43)) - raft.server.snapshot.auto.trigger.threshold = 10000 (custom)
2019-07-30 23:11:28,696 INFO  server.RaftServerConfigKeys (ConfUtils.java:logGet(43)) - raft.server.retrycache.expirytime = 600000ms (custom)
2019-07-30 23:11:28,696 INFO  impl.RaftServerImpl (RaftServerImpl.java:start(180)) - eaecb802-43fa-4ea7-a083-8b0e18722e0b: start group-136434FE4CE7
2019-07-30 23:11:28,696 INFO  impl.RaftServerImpl (RaftServerImpl.java:setRole(171)) - eaecb802-43fa-4ea7-a083-8b0e18722e0b:group-136434FE4CE7 changes role from null to FOLLOWER at term 0 for startAsFollower
2019-07-30 23:11:28,696 INFO  impl.RoleInfo (RoleInfo.java:updateAndGet(143)) - eaecb802-43fa-4ea7-a083-8b0e18722e0b: start FollowerState
2019-07-30 23:11:28,698 INFO  util.JmxRegister (JmxRegister.java:tryRegister(44)) - Successfully registered JMX Bean with object name Ratis:service=RaftServer,group=group-136434FE4CE7,id=eaecb802-43fa-4ea7-a083-8b0e18722e0b
2019-07-30 23:11:28,700 INFO  pipeline.PipelineStateManager (PipelineStateManager.java:addPipeline(56)) - Created pipeline Pipeline[ Id: 10987245-7f05-4d08-b413-136434fe4ce7, Nodes: eaecb802-43fa-4ea7-a083-8b0e18722e0b{ip: 192.168.5.171, host: byscane-nightly-g5r4k-612667210, networkLocation: /default-rack, certSerialId: null}, Type:RATIS, Factor:ONE, State:OPEN]
2019-07-30 23:11:28,911 INFO  net.NetworkTopology (NetworkTopologyImpl.java:add(110)) - Added a new node: /default-rack/66e2eb1b-ad33-427e-a453-da9ee6158a8a
2019-07-30 23:11:28,912 INFO  node.SCMNodeManager (SCMNodeManager.java:register(273)) - Registered Data node : 66e2eb1b-ad33-427e-a453-da9ee6158a8a{ip: 192.168.5.171, host: byscane-nightly-g5r4k-612667210, networkLocation: /default-rack, certSerialId: null}
2019-07-30 23:11:28,918 INFO  impl.RaftServerProxy (RaftServerProxy.java:addNew(89)) - 66e2eb1b-ad33-427e-a453-da9ee6158a8a: addNew group-70DBEBCABE83:[66e2eb1b-ad33-427e-a453-da9ee6158a8a:192.168.5.171:36122] returns group-70DBEBCABE83:java.util.concurrent.CompletableFuture@6971f4c9[Not completed]
2019-07-30 23:11:28,919 INFO  impl.RaftServerImpl (RaftServerImpl.java:<init>(93)) - 66e2eb1b-ad33-427e-a453-da9ee6158a8a: new RaftServerImpl for group-70DBEBCABE83:[66e2eb1b-ad33-427e-a453-da9ee6158a8a:192.168.5.171:36122] with ContainerStateMachine:uninitialized
2019-07-30 23:11:28,919 INFO  server.RaftServerConfigKeys (ConfUtils.java:logGet(43)) - raft.server.rpc.timeout.min = 5s (custom)
2019-07-30 23:11:28,919 INFO  server.RaftServerConfigKeys (ConfUtils.java:logGet(43)) - raft.server.rpc.timeout.max = 5200ms (custom)
2019-07-30 23:11:28,919 INFO  server.RaftServerConfigKeys (ConfUtils.java:logGet(43)) - raft.server.rpcslowness.timeout = 120s (custom)
2019-07-30 23:11:28,919 INFO  server.RaftServerConfigKeys (ConfUtils.java:logGet(43)) - raft.server.sleep.deviation.threshold = 300 (default)
2019-07-30 23:11:28,919 INFO  server.RaftServerConfigKeys (ConfUtils.java:logGet(43)) - raft.server.log.appender.install.snapshot.enabled = false (custom)
2019-07-30 23:11:28,920 INFO  impl.RaftServerImpl (ServerState.java:<init>(105)) - 66e2eb1b-ad33-427e-a453-da9ee6158a8a:group-70DBEBCABE83 ConfigurationManager, init=-1: [66e2eb1b-ad33-427e-a453-da9ee6158a8a:192.168.5.171:36122], old=null, confs=<EMPTY_MAP>
2019-07-30 23:11:28,920 INFO  server.RaftServerConfigKeys (ConfUtils.java:logGet(43)) - raft.server.storage.dir = [/workdir/hadoop-ozone/integration-test/target/test-dir/MiniOzoneClusterImpl-ebe44233-41fb-4a8e-8173-29743ddef8ad/datanode-1/data/ratis] (custom)
2019-07-30 23:11:28,920 INFO  storage.RaftStorageDirectory (RaftStorageDirectory.java:analyzeStorage(246)) - The storage directory /workdir/hadoop-ozone/integration-test/target/test-dir/MiniOzoneClusterImpl-ebe44233-41fb-4a8e-8173-29743ddef8ad/datanode-1/data/ratis/5ed60336-e816-4add-8563-70dbebcabe83 does not exist. Creating ...
2019-07-30 23:11:28,934 INFO  storage.RaftStorageDirectory (RaftStorageDirectory.java:tryLock(328)) - Lock on /workdir/hadoop-ozone/integration-test/target/test-dir/MiniOzoneClusterImpl-ebe44233-41fb-4a8e-8173-29743ddef8ad/datanode-1/data/ratis/5ed60336-e816-4add-8563-70dbebcabe83/in_use.lock acquired by nodename 477@byscane-nightly-g5r4k-612667210
2019-07-30 23:11:28,938 INFO  storage.RaftStorage (RaftStorage.java:format(72)) - Storage directory /workdir/hadoop-ozone/integration-test/target/test-dir/MiniOzoneClusterImpl-ebe44233-41fb-4a8e-8173-29743ddef8ad/datanode-1/data/ratis/5ed60336-e816-4add-8563-70dbebcabe83 has been successfully formatted.
2019-07-30 23:11:28,938 INFO  ratis.ContainerStateMachine (ContainerStateMachine.java:loadSnapshot(213)) - group-70DBEBCABE83: The snapshot info is null. Setting the last applied indexto:(t:0, i:~)
2019-07-30 23:11:28,938 INFO  server.RaftServerConfigKeys (ConfUtils.java:logGet(43)) - raft.server.leader.election.timeout = 120s (custom)
2019-07-30 23:11:28,938 INFO  server.RaftServerConfigKeys (ConfUtils.java:logGet(43)) - raft.server.log.use.memory = false (default)
2019-07-30 23:11:28,938 INFO  server.RaftServerConfigKeys (ConfUtils.java:logGet(43)) - raft.server.log.purge.gap = 1000000000 (custom)
2019-07-30 23:11:28,938 INFO  server.RaftServerConfigKeys (ConfUtils.java:logGet(43)) - raft.server.log.appender.buffer.byte-limit = 33554432 (custom)
2019-07-30 23:11:28,939 INFO  server.RaftServerConfigKeys (ConfUtils.java:logGet(43)) - raft.server.log.segment.size.max = 1048576 (custom)
2019-07-30 23:11:28,939 INFO  server.RaftServerConfigKeys (ConfUtils.java:logGet(43)) - raft.server.log.segment.cache.num.max = 2 (custom)
2019-07-30 23:11:28,939 INFO  segmented.SegmentedRaftLogWorker (SegmentedRaftLogWorker.java:<init>(172)) - new 66e2eb1b-ad33-427e-a453-da9ee6158a8a-SegmentedRaftLogWorker:Storage Directory /workdir/hadoop-ozone/integration-test/target/test-dir/MiniOzoneClusterImpl-ebe44233-41fb-4a8e-8173-29743ddef8ad/datanode-1/data/ratis/5ed60336-e816-4add-8563-70dbebcabe83 for RaftStorage:Storage Directory /workdir/hadoop-ozone/integration-test/target/test-dir/MiniOzoneClusterImpl-ebe44233-41fb-4a8e-8173-29743ddef8ad/datanode-1/data/ratis/5ed60336-e816-4add-8563-70dbebcabe83
2019-07-30 23:11:28,939 INFO  server.RaftServerConfigKeys (ConfUtils.java:logGet(43)) - raft.server.log.queue.byte-limit = 2147483647 (custom)
2019-07-30 23:11:28,939 INFO  server.RaftServerConfigKeys (ConfUtils.java:logGet(43)) - raft.server.log.queue.element-limit = 1024 (custom)
2019-07-30 23:11:28,940 INFO  server.RaftServerConfigKeys (ConfUtils.java:logGet(43)) - raft.server.log.segment.size.max = 1048576 (custom)
2019-07-30 23:11:28,940 INFO  server.RaftServerConfigKeys (ConfUtils.java:logGet(43)) - raft.server.log.preallocated.size = 16384 (custom)
2019-07-30 23:11:28,940 INFO  server.RaftServerConfigKeys (ConfUtils.java:logGet(43)) - raft.server.log.write.buffer.size = 33554432 (custom)
2019-07-30 23:11:28,940 INFO  server.RaftServerConfigKeys (ConfUtils.java:logGet(43)) - raft.server.log.force.sync.num = 128 (default)
2019-07-30 23:11:28,940 INFO  server.RaftServerConfigKeys (ConfUtils.java:logGet(43)) - raft.server.log.statemachine.data.sync = true (default)
2019-07-30 23:11:28,940 INFO  server.RaftServerConfigKeys (ConfUtils.java:logGet(43)) - raft.server.log.statemachine.data.sync.timeout = 10s (default)
2019-07-30 23:11:28,940 INFO  server.RaftServerConfigKeys (ConfUtils.java:logGet(43)) - raft.server.log.statemachine.data.sync.timeout.retry = -1 (default)
2019-07-30 23:11:28,941 INFO  server.RaftServerConfigKeys (ConfUtils.java:logGet(43)) - raft.server.log.statemachine.data.caching.enabled = true (custom)
2019-07-30 23:11:28,941 INFO  segmented.SegmentedRaftLogWorker (SegmentedRaftLogWorker.java:lambda$new$0(132)) - 66e2eb1b-ad33-427e-a453-da9ee6158a8a-SegmentedRaftLogWorker:Storage Directory /workdir/hadoop-ozone/integration-test/target/test-dir/MiniOzoneClusterImpl-ebe44233-41fb-4a8e-8173-29743ddef8ad/datanode-1/data/ratis/5ed60336-e816-4add-8563-70dbebcabe83: flushIndex: setUnconditionally 0 -> -1
2019-07-30 23:11:28,941 INFO  server.RaftServerConfigKeys (ConfUtils.java:logGet(43)) - raft.server.snapshot.auto.trigger.enabled = true (custom)
2019-07-30 23:11:28,942 INFO  server.RaftServerConfigKeys (ConfUtils.java:logGet(43)) - raft.server.snapshot.auto.trigger.threshold = 10000 (custom)
2019-07-30 23:11:28,942 INFO  server.RaftServerConfigKeys (ConfUtils.java:logGet(43)) - raft.server.retrycache.expirytime = 600000ms (custom)
2019-07-30 23:11:28,942 INFO  impl.RaftServerImpl (RaftServerImpl.java:start(180)) - 66e2eb1b-ad33-427e-a453-da9ee6158a8a: start group-70DBEBCABE83
2019-07-30 23:11:28,942 INFO  impl.RaftServerImpl (RaftServerImpl.java:setRole(171)) - 66e2eb1b-ad33-427e-a453-da9ee6158a8a:group-70DBEBCABE83 changes role from null to FOLLOWER at term 0 for startAsFollower
2019-07-30 23:11:28,942 INFO  impl.RoleInfo (RoleInfo.java:updateAndGet(143)) - 66e2eb1b-ad33-427e-a453-da9ee6158a8a: start FollowerState
2019-07-30 23:11:28,943 INFO  util.JmxRegister (JmxRegister.java:tryRegister(44)) - Successfully registered JMX Bean with object name Ratis:service=RaftServer,group=group-70DBEBCABE83,id=66e2eb1b-ad33-427e-a453-da9ee6158a8a
2019-07-30 23:11:28,945 INFO  pipeline.PipelineStateManager (PipelineStateManager.java:addPipeline(56)) - Created pipeline Pipeline[ Id: 5ed60336-e816-4add-8563-70dbebcabe83, Nodes: 66e2eb1b-ad33-427e-a453-da9ee6158a8a{ip: 192.168.5.171, host: byscane-nightly-g5r4k-612667210, networkLocation: /default-rack, certSerialId: null}, Type:RATIS, Factor:ONE, State:OPEN]
2019-07-30 23:11:29,178 INFO  net.NetworkTopology (NetworkTopologyImpl.java:add(110)) - Added a new node: /default-rack/e7307b16-d7cb-4cdf-b0bb-cf5c3f8d35b1
2019-07-30 23:11:29,179 INFO  node.SCMNodeManager (SCMNodeManager.java:register(273)) - Registered Data node : e7307b16-d7cb-4cdf-b0bb-cf5c3f8d35b1{ip: 192.168.5.171, host: byscane-nightly-g5r4k-612667210, networkLocation: /default-rack, certSerialId: null}
2019-07-30 23:11:29,187 INFO  impl.RaftServerProxy (RaftServerProxy.java:addNew(89)) - e7307b16-d7cb-4cdf-b0bb-cf5c3f8d35b1: addNew group-E87A56D34E89:[e7307b16-d7cb-4cdf-b0bb-cf5c3f8d35b1:192.168.5.171:36208] returns group-E87A56D34E89:java.util.concurrent.CompletableFuture@42484d98[Not completed]
2019-07-30 23:11:29,188 INFO  impl.RaftServerImpl (RaftServerImpl.java:<init>(93)) - e7307b16-d7cb-4cdf-b0bb-cf5c3f8d35b1: new RaftServerImpl for group-E87A56D34E89:[e7307b16-d7cb-4cdf-b0bb-cf5c3f8d35b1:192.168.5.171:36208] with ContainerStateMachine:uninitialized
2019-07-30 23:11:29,188 INFO  server.RaftServerConfigKeys (ConfUtils.java:logGet(43)) - raft.server.rpc.timeout.min = 5s (custom)
2019-07-30 23:11:29,188 INFO  server.RaftServerConfigKeys (ConfUtils.java:logGet(43)) - raft.server.rpc.timeout.max = 5200ms (custom)
2019-07-30 23:11:29,188 INFO  server.RaftServerConfigKeys (ConfUtils.java:logGet(43)) - raft.server.rpcslowness.timeout = 120s (custom)
2019-07-30 23:11:29,189 INFO  server.RaftServerConfigKeys (ConfUtils.java:logGet(43)) - raft.server.sleep.deviation.threshold = 300 (default)
2019-07-30 23:11:29,189 INFO  server.RaftServerConfigKeys (ConfUtils.java:logGet(43)) - raft.server.log.appender.install.snapshot.enabled = false (custom)
2019-07-30 23:11:29,189 INFO  impl.RaftServerImpl (ServerState.java:<init>(105)) - e7307b16-d7cb-4cdf-b0bb-cf5c3f8d35b1:group-E87A56D34E89 ConfigurationManager, init=-1: [e7307b16-d7cb-4cdf-b0bb-cf5c3f8d35b1:192.168.5.171:36208], old=null, confs=<EMPTY_MAP>
2019-07-30 23:11:29,189 INFO  server.RaftServerConfigKeys (ConfUtils.java:logGet(43)) - raft.server.storage.dir = [/workdir/hadoop-ozone/integration-test/target/test-dir/MiniOzoneClusterImpl-ebe44233-41fb-4a8e-8173-29743ddef8ad/datanode-2/data/ratis] (custom)
2019-07-30 23:11:29,189 INFO  storage.RaftStorageDirectory (RaftStorageDirectory.java:analyzeStorage(246)) - The storage directory /workdir/hadoop-ozone/integration-test/target/test-dir/MiniOzoneClusterImpl-ebe44233-41fb-4a8e-8173-29743ddef8ad/datanode-2/data/ratis/6983d84c-6f07-4090-b900-e87a56d34e89 does not exist. Creating ...
2019-07-30 23:11:29,203 INFO  storage.RaftStorageDirectory (RaftStorageDirectory.java:tryLock(328)) - Lock on /workdir/hadoop-ozone/integration-test/target/test-dir/MiniOzoneClusterImpl-ebe44233-41fb-4a8e-8173-29743ddef8ad/datanode-2/data/ratis/6983d84c-6f07-4090-b900-e87a56d34e89/in_use.lock acquired by nodename 477@byscane-nightly-g5r4k-612667210
2019-07-30 23:11:29,216 INFO  storage.RaftStorage (RaftStorage.java:format(72)) - Storage directory /workdir/hadoop-ozone/integration-test/target/test-dir/MiniOzoneClusterImpl-ebe44233-41fb-4a8e-8173-29743ddef8ad/datanode-2/data/ratis/6983d84c-6f07-4090-b900-e87a56d34e89 has been successfully formatted.
2019-07-30 23:11:29,216 INFO  ratis.ContainerStateMachine (ContainerStateMachine.java:loadSnapshot(213)) - group-E87A56D34E89: The snapshot info is null. Setting the last applied indexto:(t:0, i:~)
2019-07-30 23:11:29,216 INFO  server.RaftServerConfigKeys (ConfUtils.java:logGet(43)) - raft.server.leader.election.timeout = 120s (custom)
2019-07-30 23:11:29,216 INFO  server.RaftServerConfigKeys (ConfUtils.java:logGet(43)) - raft.server.log.use.memory = false (default)
2019-07-30 23:11:29,216 INFO  server.RaftServerConfigKeys (ConfUtils.java:logGet(43)) - raft.server.log.purge.gap = 1000000000 (custom)
2019-07-30 23:11:29,217 INFO  server.RaftServerConfigKeys (ConfUtils.java:logGet(43)) - raft.server.log.appender.buffer.byte-limit = 33554432 (custom)
2019-07-30 23:11:29,217 INFO  server.RaftServerConfigKeys (ConfUtils.java:logGet(43)) - raft.server.log.segment.size.max = 1048576 (custom)
2019-07-30 23:11:29,217 INFO  server.RaftServerConfigKeys (ConfUtils.java:logGet(43)) - raft.server.log.segment.cache.num.max = 2 (custom)
2019-07-30 23:11:29,217 INFO  segmented.SegmentedRaftLogWorker (SegmentedRaftLogWorker.java:<init>(172)) - new e7307b16-d7cb-4cdf-b0bb-cf5c3f8d35b1-SegmentedRaftLogWorker:Storage Directory /workdir/hadoop-ozone/integration-test/target/test-dir/MiniOzoneClusterImpl-ebe44233-41fb-4a8e-8173-29743ddef8ad/datanode-2/data/ratis/6983d84c-6f07-4090-b900-e87a56d34e89 for RaftStorage:Storage Directory /workdir/hadoop-ozone/integration-test/target/test-dir/MiniOzoneClusterImpl-ebe44233-41fb-4a8e-8173-29743ddef8ad/datanode-2/data/ratis/6983d84c-6f07-4090-b900-e87a56d34e89
2019-07-30 23:11:29,217 INFO  server.RaftServerConfigKeys (ConfUtils.java:logGet(43)) - raft.server.log.queue.byte-limit = 2147483647 (custom)
2019-07-30 23:11:29,217 INFO  server.RaftServerConfigKeys (ConfUtils.java:logGet(43)) - raft.server.log.queue.element-limit = 1024 (custom)
2019-07-30 23:11:29,218 INFO  server.RaftServerConfigKeys (ConfUtils.java:logGet(43)) - raft.server.log.segment.size.max = 1048576 (custom)
2019-07-30 23:11:29,218 INFO  server.RaftServerConfigKeys (ConfUtils.java:logGet(43)) - raft.server.log.preallocated.size = 16384 (custom)
2019-07-30 23:11:29,218 INFO  server.RaftServerConfigKeys (ConfUtils.java:logGet(43)) - raft.server.log.write.buffer.size = 33554432 (custom)
2019-07-30 23:11:29,218 INFO  server.RaftServerConfigKeys (ConfUtils.java:logGet(43)) - raft.server.log.force.sync.num = 128 (default)
2019-07-30 23:11:29,218 INFO  server.RaftServerConfigKeys (ConfUtils.java:logGet(43)) - raft.server.log.statemachine.data.sync = true (default)
2019-07-30 23:11:29,218 INFO  server.RaftServerConfigKeys (ConfUtils.java:logGet(43)) - raft.server.log.statemachine.data.sync.timeout = 10s (default)
2019-07-30 23:11:29,218 INFO  server.RaftServerConfigKeys (ConfUtils.java:logGet(43)) - raft.server.log.statemachine.data.sync.timeout.retry = -1 (default)
2019-07-30 23:11:29,219 INFO  server.RaftServerConfigKeys (ConfUtils.java:logGet(43)) - raft.server.log.statemachine.data.caching.enabled = true (custom)
2019-07-30 23:11:29,219 INFO  segmented.SegmentedRaftLogWorker (SegmentedRaftLogWorker.java:lambda$new$0(132)) - e7307b16-d7cb-4cdf-b0bb-cf5c3f8d35b1-SegmentedRaftLogWorker:Storage Directory /workdir/hadoop-ozone/integration-test/target/test-dir/MiniOzoneClusterImpl-ebe44233-41fb-4a8e-8173-29743ddef8ad/datanode-2/data/ratis/6983d84c-6f07-4090-b900-e87a56d34e89: flushIndex: setUnconditionally 0 -> -1
2019-07-30 23:11:29,219 INFO  server.RaftServerConfigKeys (ConfUtils.java:logGet(43)) - raft.server.snapshot.auto.trigger.enabled = true (custom)
2019-07-30 23:11:29,220 INFO  server.RaftServerConfigKeys (ConfUtils.java:logGet(43)) - raft.server.snapshot.auto.trigger.threshold = 10000 (custom)
2019-07-30 23:11:29,220 INFO  server.RaftServerConfigKeys (ConfUtils.java:logGet(43)) - raft.server.retrycache.expirytime = 600000ms (custom)
2019-07-30 23:11:29,220 INFO  impl.RaftServerImpl (RaftServerImpl.java:start(180)) - e7307b16-d7cb-4cdf-b0bb-cf5c3f8d35b1: start group-E87A56D34E89
2019-07-30 23:11:29,220 INFO  impl.RaftServerImpl (RaftServerImpl.java:setRole(171)) - e7307b16-d7cb-4cdf-b0bb-cf5c3f8d35b1:group-E87A56D34E89 changes role from null to FOLLOWER at term 0 for startAsFollower
2019-07-30 23:11:29,220 INFO  impl.RoleInfo (RoleInfo.java:updateAndGet(143)) - e7307b16-d7cb-4cdf-b0bb-cf5c3f8d35b1: start FollowerState
2019-07-30 23:11:29,221 INFO  util.JmxRegister (JmxRegister.java:tryRegister(44)) - Successfully registered JMX Bean with object name Ratis:service=RaftServer,group=group-E87A56D34E89,id=e7307b16-d7cb-4cdf-b0bb-cf5c3f8d35b1
2019-07-30 23:11:29,222 INFO  pipeline.PipelineStateManager (PipelineStateManager.java:addPipeline(56)) - Created pipeline Pipeline[ Id: 6983d84c-6f07-4090-b900-e87a56d34e89, Nodes: e7307b16-d7cb-4cdf-b0bb-cf5c3f8d35b1{ip: 192.168.5.171, host: byscane-nightly-g5r4k-612667210, networkLocation: /default-rack, certSerialId: null}, Type:RATIS, Factor:ONE, State:OPEN]
2019-07-30 23:11:29,234 INFO  impl.RaftServerProxy (RaftServerProxy.java:addNew(89)) - 66e2eb1b-ad33-427e-a453-da9ee6158a8a: addNew group-04D5F4C477BB:[66e2eb1b-ad33-427e-a453-da9ee6158a8a:192.168.5.171:36122, eaecb802-43fa-4ea7-a083-8b0e18722e0b:192.168.5.171:34807, e7307b16-d7cb-4cdf-b0bb-cf5c3f8d35b1:192.168.5.171:36208] returns group-04D5F4C477BB:java.util.concurrent.CompletableFuture@62e53221[Not completed]
2019-07-30 23:11:29,234 INFO  impl.RaftServerProxy (RaftServerProxy.java:addNew(89)) - eaecb802-43fa-4ea7-a083-8b0e18722e0b: addNew group-04D5F4C477BB:[66e2eb1b-ad33-427e-a453-da9ee6158a8a:192.168.5.171:36122, eaecb802-43fa-4ea7-a083-8b0e18722e0b:192.168.5.171:34807, e7307b16-d7cb-4cdf-b0bb-cf5c3f8d35b1:192.168.5.171:36208] returns group-04D5F4C477BB:java.util.concurrent.CompletableFuture@1409039b[Not completed]
2019-07-30 23:11:29,234 INFO  impl.RaftServerProxy (RaftServerProxy.java:addNew(89)) - e7307b16-d7cb-4cdf-b0bb-cf5c3f8d35b1: addNew group-04D5F4C477BB:[66e2eb1b-ad33-427e-a453-da9ee6158a8a:192.168.5.171:36122, eaecb802-43fa-4ea7-a083-8b0e18722e0b:192.168.5.171:34807, e7307b16-d7cb-4cdf-b0bb-cf5c3f8d35b1:192.168.5.171:36208] returns group-04D5F4C477BB:java.util.concurrent.CompletableFuture@3cd9f872[Not completed]
2019-07-30 23:11:29,235 INFO  impl.RaftServerImpl (RaftServerImpl.java:<init>(93)) - e7307b16-d7cb-4cdf-b0bb-cf5c3f8d35b1: new RaftServerImpl for group-04D5F4C477BB:[66e2eb1b-ad33-427e-a453-da9ee6158a8a:192.168.5.171:36122, eaecb802-43fa-4ea7-a083-8b0e18722e0b:192.168.5.171:34807, e7307b16-d7cb-4cdf-b0bb-cf5c3f8d35b1:192.168.5.171:36208] with ContainerStateMachine:uninitialized
2019-07-30 23:11:29,236 INFO  server.RaftServerConfigKeys (ConfUtils.java:logGet(43)) - raft.server.rpc.timeout.min = 5s (custom)
2019-07-30 23:11:29,236 INFO  server.RaftServerConfigKeys (ConfUtils.java:logGet(43)) - raft.server.rpc.timeout.max = 5200ms (custom)
2019-07-30 23:11:29,236 INFO  server.RaftServerConfigKeys (ConfUtils.java:logGet(43)) - raft.server.rpcslowness.timeout = 120s (custom)
2019-07-30 23:11:29,236 INFO  server.RaftServerConfigKeys (ConfUtils.java:logGet(43)) - raft.server.sleep.deviation.threshold = 300 (default)
2019-07-30 23:11:29,236 INFO  impl.RaftServerImpl (RaftServerImpl.java:<init>(93)) - eaecb802-43fa-4ea7-a083-8b0e18722e0b: new RaftServerImpl for group-04D5F4C477BB:[66e2eb1b-ad33-427e-a453-da9ee6158a8a:192.168.5.171:36122, eaecb802-43fa-4ea7-a083-8b0e18722e0b:192.168.5.171:34807, e7307b16-d7cb-4cdf-b0bb-cf5c3f8d35b1:192.168.5.171:36208] with ContainerStateMachine:uninitialized
2019-07-30 23:11:29,236 INFO  server.RaftServerConfigKeys (ConfUtils.java:logGet(43)) - raft.server.log.appender.install.snapshot.enabled = false (custom)
2019-07-30 23:11:29,236 INFO  server.RaftServerConfigKeys (ConfUtils.java:logGet(43)) - raft.server.rpc.timeout.min = 5s (custom)
2019-07-30 23:11:29,236 INFO  impl.RaftServerImpl (RaftServerImpl.java:<init>(93)) - 66e2eb1b-ad33-427e-a453-da9ee6158a8a: new RaftServerImpl for group-04D5F4C477BB:[66e2eb1b-ad33-427e-a453-da9ee6158a8a:192.168.5.171:36122, eaecb802-43fa-4ea7-a083-8b0e18722e0b:192.168.5.171:34807, e7307b16-d7cb-4cdf-b0bb-cf5c3f8d35b1:192.168.5.171:36208] with ContainerStateMachine:uninitialized
2019-07-30 23:11:29,236 INFO  server.RaftServerConfigKeys (ConfUtils.java:logGet(43)) - raft.server.rpc.timeout.max = 5200ms (custom)
2019-07-30 23:11:29,236 INFO  impl.RaftServerImpl (ServerState.java:<init>(105)) - e7307b16-d7cb-4cdf-b0bb-cf5c3f8d35b1:group-04D5F4C477BB ConfigurationManager, init=-1: [66e2eb1b-ad33-427e-a453-da9ee6158a8a:192.168.5.171:36122, eaecb802-43fa-4ea7-a083-8b0e18722e0b:192.168.5.171:34807, e7307b16-d7cb-4cdf-b0bb-cf5c3f8d35b1:192.168.5.171:36208], old=null, confs=<EMPTY_MAP>
2019-07-30 23:11:29,237 INFO  server.RaftServerConfigKeys (ConfUtils.java:logGet(43)) - raft.server.rpcslowness.timeout = 120s (custom)
2019-07-30 23:11:29,237 INFO  server.RaftServerConfigKeys (ConfUtils.java:logGet(43)) - raft.server.sleep.deviation.threshold = 300 (default)
2019-07-30 23:11:29,237 INFO  server.RaftServerConfigKeys (ConfUtils.java:logGet(43)) - raft.server.rpc.timeout.min = 5s (custom)
2019-07-30 23:11:29,237 INFO  server.RaftServerConfigKeys (ConfUtils.java:logGet(43)) - raft.server.log.appender.install.snapshot.enabled = false (custom)
2019-07-30 23:11:29,237 INFO  server.RaftServerConfigKeys (ConfUtils.java:logGet(43)) - raft.server.storage.dir = [/workdir/hadoop-ozone/integration-test/target/test-dir/MiniOzoneClusterImpl-ebe44233-41fb-4a8e-8173-29743ddef8ad/datanode-2/data/ratis] (custom)
2019-07-30 23:11:29,237 INFO  impl.RaftServerImpl (ServerState.java:<init>(105)) - eaecb802-43fa-4ea7-a083-8b0e18722e0b:group-04D5F4C477BB ConfigurationManager, init=-1: [66e2eb1b-ad33-427e-a453-da9ee6158a8a:192.168.5.171:36122, eaecb802-43fa-4ea7-a083-8b0e18722e0b:192.168.5.171:34807, e7307b16-d7cb-4cdf-b0bb-cf5c3f8d35b1:192.168.5.171:36208], old=null, confs=<EMPTY_MAP>
2019-07-30 23:11:29,237 INFO  server.RaftServerConfigKeys (ConfUtils.java:logGet(43)) - raft.server.rpc.timeout.max = 5200ms (custom)
2019-07-30 23:11:29,238 INFO  server.RaftServerConfigKeys (ConfUtils.java:logGet(43)) - raft.server.storage.dir = [/workdir/hadoop-ozone/integration-test/target/test-dir/MiniOzoneClusterImpl-ebe44233-41fb-4a8e-8173-29743ddef8ad/datanode-0/data/ratis] (custom)
2019-07-30 23:11:29,238 INFO  storage.RaftStorageDirectory (RaftStorageDirectory.java:analyzeStorage(246)) - The storage directory /workdir/hadoop-ozone/integration-test/target/test-dir/MiniOzoneClusterImpl-ebe44233-41fb-4a8e-8173-29743ddef8ad/datanode-2/data/ratis/edaaa6a5-66f0-4c3f-a939-04d5f4c477bb does not exist. Creating ...
2019-07-30 23:11:29,238 INFO  server.RaftServerConfigKeys (ConfUtils.java:logGet(43)) - raft.server.rpcslowness.timeout = 120s (custom)
2019-07-30 23:11:29,238 INFO  server.RaftServerConfigKeys (ConfUtils.java:logGet(43)) - raft.server.sleep.deviation.threshold = 300 (default)
2019-07-30 23:11:29,238 INFO  storage.RaftStorageDirectory (RaftStorageDirectory.java:analyzeStorage(246)) - The storage directory /workdir/hadoop-ozone/integration-test/target/test-dir/MiniOzoneClusterImpl-ebe44233-41fb-4a8e-8173-29743ddef8ad/datanode-0/data/ratis/edaaa6a5-66f0-4c3f-a939-04d5f4c477bb does not exist. Creating ...
2019-07-30 23:11:29,238 INFO  server.RaftServerConfigKeys (ConfUtils.java:logGet(43)) - raft.server.log.appender.install.snapshot.enabled = false (custom)
2019-07-30 23:11:29,239 INFO  impl.RaftServerImpl (ServerState.java:<init>(105)) - 66e2eb1b-ad33-427e-a453-da9ee6158a8a:group-04D5F4C477BB ConfigurationManager, init=-1: [66e2eb1b-ad33-427e-a453-da9ee6158a8a:192.168.5.171:36122, eaecb802-43fa-4ea7-a083-8b0e18722e0b:192.168.5.171:34807, e7307b16-d7cb-4cdf-b0bb-cf5c3f8d35b1:192.168.5.171:36208], old=null, confs=<EMPTY_MAP>
2019-07-30 23:11:29,239 INFO  server.RaftServerConfigKeys (ConfUtils.java:logGet(43)) - raft.server.storage.dir = [/workdir/hadoop-ozone/integration-test/target/test-dir/MiniOzoneClusterImpl-ebe44233-41fb-4a8e-8173-29743ddef8ad/datanode-1/data/ratis] (custom)
2019-07-30 23:11:29,239 INFO  storage.RaftStorageDirectory (RaftStorageDirectory.java:analyzeStorage(246)) - The storage directory /workdir/hadoop-ozone/integration-test/target/test-dir/MiniOzoneClusterImpl-ebe44233-41fb-4a8e-8173-29743ddef8ad/datanode-1/data/ratis/edaaa6a5-66f0-4c3f-a939-04d5f4c477bb does not exist. Creating ...
2019-07-30 23:11:29,263 INFO  storage.RaftStorageDirectory (RaftStorageDirectory.java:tryLock(328)) - Lock on /workdir/hadoop-ozone/integration-test/target/test-dir/MiniOzoneClusterImpl-ebe44233-41fb-4a8e-8173-29743ddef8ad/datanode-0/data/ratis/edaaa6a5-66f0-4c3f-a939-04d5f4c477bb/in_use.lock acquired by nodename 477@byscane-nightly-g5r4k-612667210
2019-07-30 23:11:29,263 INFO  storage.RaftStorageDirectory (RaftStorageDirectory.java:tryLock(328)) - Lock on /workdir/hadoop-ozone/integration-test/target/test-dir/MiniOzoneClusterImpl-ebe44233-41fb-4a8e-8173-29743ddef8ad/datanode-1/data/ratis/edaaa6a5-66f0-4c3f-a939-04d5f4c477bb/in_use.lock acquired by nodename 477@byscane-nightly-g5r4k-612667210
2019-07-30 23:11:29,264 INFO  storage.RaftStorageDirectory (RaftStorageDirectory.java:tryLock(328)) - Lock on /workdir/hadoop-ozone/integration-test/target/test-dir/MiniOzoneClusterImpl-ebe44233-41fb-4a8e-8173-29743ddef8ad/datanode-2/data/ratis/edaaa6a5-66f0-4c3f-a939-04d5f4c477bb/in_use.lock acquired by nodename 477@byscane-nightly-g5r4k-612667210
2019-07-30 23:11:29,278 INFO  storage.RaftStorage (RaftStorage.java:format(72)) - Storage directory /workdir/hadoop-ozone/integration-test/target/test-dir/MiniOzoneClusterImpl-ebe44233-41fb-4a8e-8173-29743ddef8ad/datanode-1/data/ratis/edaaa6a5-66f0-4c3f-a939-04d5f4c477bb has been successfully formatted.
2019-07-30 23:11:29,278 INFO  storage.RaftStorage (RaftStorage.java:format(72)) - Storage directory /workdir/hadoop-ozone/integration-test/target/test-dir/MiniOzoneClusterImpl-ebe44233-41fb-4a8e-8173-29743ddef8ad/datanode-2/data/ratis/edaaa6a5-66f0-4c3f-a939-04d5f4c477bb has been successfully formatted.
2019-07-30 23:11:29,278 INFO  storage.RaftStorage (RaftStorage.java:format(72)) - Storage directory /workdir/hadoop-ozone/integration-test/target/test-dir/MiniOzoneClusterImpl-ebe44233-41fb-4a8e-8173-29743ddef8ad/datanode-0/data/ratis/edaaa6a5-66f0-4c3f-a939-04d5f4c477bb has been successfully formatted.
2019-07-30 23:11:29,279 INFO  ratis.ContainerStateMachine (ContainerStateMachine.java:loadSnapshot(213)) - group-04D5F4C477BB: The snapshot info is null. Setting the last applied indexto:(t:0, i:~)
2019-07-30 23:11:29,279 INFO  ratis.ContainerStateMachine (ContainerStateMachine.java:loadSnapshot(213)) - group-04D5F4C477BB: The snapshot info is null. Setting the last applied indexto:(t:0, i:~)
2019-07-30 23:11:29,279 INFO  server.RaftServerConfigKeys (ConfUtils.java:logGet(43)) - raft.server.leader.election.timeout = 120s (custom)
2019-07-30 23:11:29,279 INFO  ratis.ContainerStateMachine (ContainerStateMachine.java:loadSnapshot(213)) - group-04D5F4C477BB: The snapshot info is null. Setting the last applied indexto:(t:0, i:~)
2019-07-30 23:11:29,279 INFO  server.RaftServerConfigKeys (ConfUtils.java:logGet(43)) - raft.server.log.use.memory = false (default)
2019-07-30 23:11:29,279 INFO  server.RaftServerConfigKeys (ConfUtils.java:logGet(43)) - raft.server.leader.election.timeout = 120s (custom)
2019-07-30 23:11:29,279 INFO  server.RaftServerConfigKeys (ConfUtils.java:logGet(43)) - raft.server.log.purge.gap = 1000000000 (custom)
2019-07-30 23:11:29,279 INFO  server.RaftServerConfigKeys (ConfUtils.java:logGet(43)) - raft.server.leader.election.timeout = 120s (custom)
2019-07-30 23:11:29,280 INFO  server.RaftServerConfigKeys (ConfUtils.java:logGet(43)) - raft.server.log.appender.buffer.byte-limit = 33554432 (custom)
2019-07-30 23:11:29,280 INFO  server.RaftServerConfigKeys (ConfUtils.java:logGet(43)) - raft.server.log.use.memory = false (default)
2019-07-30 23:11:29,280 INFO  server.RaftServerConfigKeys (ConfUtils.java:logGet(43)) - raft.server.log.segment.size.max = 1048576 (custom)
2019-07-30 23:11:29,280 INFO  server.RaftServerConfigKeys (ConfUtils.java:logGet(43)) - raft.server.log.use.memory = false (default)
2019-07-30 23:11:29,280 INFO  server.RaftServerConfigKeys (ConfUtils.java:logGet(43)) - raft.server.log.segment.cache.num.max = 2 (custom)
2019-07-30 23:11:29,280 INFO  server.RaftServerConfigKeys (ConfUtils.java:logGet(43)) - raft.server.log.purge.gap = 1000000000 (custom)
2019-07-30 23:11:29,281 INFO  segmented.SegmentedRaftLogWorker (SegmentedRaftLogWorker.java:<init>(172)) - new e7307b16-d7cb-4cdf-b0bb-cf5c3f8d35b1-SegmentedRaftLogWorker:Storage Directory /workdir/hadoop-ozone/integration-test/target/test-dir/MiniOzoneClusterImpl-ebe44233-41fb-4a8e-8173-29743ddef8ad/datanode-2/data/ratis/edaaa6a5-66f0-4c3f-a939-04d5f4c477bb for RaftStorage:Storage Directory /workdir/hadoop-ozone/integration-test/target/test-dir/MiniOzoneClusterImpl-ebe44233-41fb-4a8e-8173-29743ddef8ad/datanode-2/data/ratis/edaaa6a5-66f0-4c3f-a939-04d5f4c477bb
2019-07-30 23:11:29,280 INFO  server.RaftServerConfigKeys (ConfUtils.java:logGet(43)) - raft.server.log.purge.gap = 1000000000 (custom)
2019-07-30 23:11:29,281 INFO  server.RaftServerConfigKeys (ConfUtils.java:logGet(43)) - raft.server.log.queue.byte-limit = 2147483647 (custom)
2019-07-30 23:11:29,281 INFO  server.RaftServerConfigKeys (ConfUtils.java:logGet(43)) - raft.server.log.appender.buffer.byte-limit = 33554432 (custom)
2019-07-30 23:11:29,281 INFO  server.RaftServerConfigKeys (ConfUtils.java:logGet(43)) - raft.server.log.queue.element-limit = 1024 (custom)
2019-07-30 23:11:29,281 INFO  server.RaftServerConfigKeys (ConfUtils.java:logGet(43)) - raft.server.log.appender.buffer.byte-limit = 33554432 (custom)
2019-07-30 23:11:29,281 INFO  server.RaftServerConfigKeys (ConfUtils.java:logGet(43)) - raft.server.log.segment.size.max = 1048576 (custom)
2019-07-30 23:11:29,281 INFO  server.RaftServerConfigKeys (ConfUtils.java:logGet(43)) - raft.server.log.segment.size.max = 1048576 (custom)
2019-07-30 23:11:29,282 INFO  server.RaftServerConfigKeys (ConfUtils.java:logGet(43)) - raft.server.log.preallocated.size = 16384 (custom)
2019-07-30 23:11:29,282 INFO  server.RaftServerConfigKeys (ConfUtils.java:logGet(43)) - raft.server.log.segment.size.max = 1048576 (custom)
2019-07-30 23:11:29,282 INFO  server.RaftServerConfigKeys (ConfUtils.java:logGet(43)) - raft.server.log.write.buffer.size = 33554432 (custom)
2019-07-30 23:11:29,282 INFO  server.RaftServerConfigKeys (ConfUtils.java:logGet(43)) - raft.server.log.segment.cache.num.max = 2 (custom)
2019-07-30 23:11:29,282 INFO  server.RaftServerConfigKeys (ConfUtils.java:logGet(43)) - raft.server.log.force.sync.num = 128 (default)
2019-07-30 23:11:29,282 INFO  server.RaftServerConfigKeys (ConfUtils.java:logGet(43)) - raft.server.log.statemachine.data.sync = true (default)
2019-07-30 23:11:29,282 INFO  server.RaftServerConfigKeys (ConfUtils.java:logGet(43)) - raft.server.log.segment.cache.num.max = 2 (custom)
2019-07-30 23:11:29,283 INFO  server.RaftServerConfigKeys (ConfUtils.java:logGet(43)) - raft.server.log.statemachine.data.sync.timeout = 10s (default)
2019-07-30 23:11:29,282 INFO  segmented.SegmentedRaftLogWorker (SegmentedRaftLogWorker.java:<init>(172)) - new 66e2eb1b-ad33-427e-a453-da9ee6158a8a-SegmentedRaftLogWorker:Storage Directory /workdir/hadoop-ozone/integration-test/target/test-dir/MiniOzoneClusterImpl-ebe44233-41fb-4a8e-8173-29743ddef8ad/datanode-1/data/ratis/edaaa6a5-66f0-4c3f-a939-04d5f4c477bb for RaftStorage:Storage Directory /workdir/hadoop-ozone/integration-test/target/test-dir/MiniOzoneClusterImpl-ebe44233-41fb-4a8e-8173-29743ddef8ad/datanode-1/data/ratis/edaaa6a5-66f0-4c3f-a939-04d5f4c477bb
2019-07-30 23:11:29,283 INFO  server.RaftServerConfigKeys (ConfUtils.java:logGet(43)) - raft.server.log.statemachine.data.sync.timeout.retry = -1 (default)
2019-07-30 23:11:29,283 INFO  segmented.SegmentedRaftLogWorker (SegmentedRaftLogWorker.java:<init>(172)) - new eaecb802-43fa-4ea7-a083-8b0e18722e0b-SegmentedRaftLogWorker:Storage Directory /workdir/hadoop-ozone/integration-test/target/test-dir/MiniOzoneClusterImpl-ebe44233-41fb-4a8e-8173-29743ddef8ad/datanode-0/data/ratis/edaaa6a5-66f0-4c3f-a939-04d5f4c477bb for RaftStorage:Storage Directory /workdir/hadoop-ozone/integration-test/target/test-dir/MiniOzoneClusterImpl-ebe44233-41fb-4a8e-8173-29743ddef8ad/datanode-0/data/ratis/edaaa6a5-66f0-4c3f-a939-04d5f4c477bb
2019-07-30 23:11:29,283 INFO  server.RaftServerConfigKeys (ConfUtils.java:logGet(43)) - raft.server.log.statemachine.data.caching.enabled = true (custom)
2019-07-30 23:11:29,283 INFO  server.RaftServerConfigKeys (ConfUtils.java:logGet(43)) - raft.server.log.queue.byte-limit = 2147483647 (custom)
2019-07-30 23:11:29,283 INFO  server.RaftServerConfigKeys (ConfUtils.java:logGet(43)) - raft.server.log.queue.byte-limit = 2147483647 (custom)
2019-07-30 23:11:29,283 INFO  server.RaftServerConfigKeys (ConfUtils.java:logGet(43)) - raft.server.log.queue.element-limit = 1024 (custom)
2019-07-30 23:11:29,283 INFO  segmented.SegmentedRaftLogWorker (SegmentedRaftLogWorker.java:lambda$new$0(132)) - e7307b16-d7cb-4cdf-b0bb-cf5c3f8d35b1-SegmentedRaftLogWorker:Storage Directory /workdir/hadoop-ozone/integration-test/target/test-dir/MiniOzoneClusterImpl-ebe44233-41fb-4a8e-8173-29743ddef8ad/datanode-2/data/ratis/edaaa6a5-66f0-4c3f-a939-04d5f4c477bb: flushIndex: setUnconditionally 0 -> -1
2019-07-30 23:11:29,284 INFO  server.RaftServerConfigKeys (ConfUtils.java:logGet(43)) - raft.server.log.segment.size.max = 1048576 (custom)
2019-07-30 23:11:29,284 INFO  server.RaftServerConfigKeys (ConfUtils.java:logGet(43)) - raft.server.log.preallocated.size = 16384 (custom)
2019-07-30 23:11:29,284 INFO  server.RaftServerConfigKeys (ConfUtils.java:logGet(43)) - raft.server.log.queue.element-limit = 1024 (custom)
2019-07-30 23:11:29,284 INFO  server.RaftServerConfigKeys (ConfUtils.java:logGet(43)) - raft.server.log.write.buffer.size = 33554432 (custom)
2019-07-30 23:11:29,284 INFO  server.RaftServerConfigKeys (ConfUtils.java:logGet(43)) - raft.server.snapshot.auto.trigger.enabled = true (custom)
2019-07-30 23:11:29,284 INFO  server.RaftServerConfigKeys (ConfUtils.java:logGet(43)) - raft.server.log.force.sync.num = 128 (default)
2019-07-30 23:11:29,285 INFO  server.RaftServerConfigKeys (ConfUtils.java:logGet(43)) - raft.server.log.statemachine.data.sync = true (default)
2019-07-30 23:11:29,284 INFO  server.RaftServerConfigKeys (ConfUtils.java:logGet(43)) - raft.server.log.segment.size.max = 1048576 (custom)
2019-07-30 23:11:29,285 INFO  server.RaftServerConfigKeys (ConfUtils.java:logGet(43)) - raft.server.log.statemachine.data.sync.timeout = 10s (default)
2019-07-30 23:11:29,285 INFO  server.RaftServerConfigKeys (ConfUtils.java:logGet(43)) - raft.server.snapshot.auto.trigger.threshold = 10000 (custom)
2019-07-30 23:11:29,285 INFO  server.RaftServerConfigKeys (ConfUtils.java:logGet(43)) - raft.server.log.statemachine.data.sync.timeout.retry = -1 (default)
2019-07-30 23:11:29,285 INFO  server.RaftServerConfigKeys (ConfUtils.java:logGet(43)) - raft.server.log.preallocated.size = 16384 (custom)
2019-07-30 23:11:29,285 INFO  server.RaftServerConfigKeys (ConfUtils.java:logGet(43)) - raft.server.log.statemachine.data.caching.enabled = true (custom)
2019-07-30 23:11:29,285 INFO  server.RaftServerConfigKeys (ConfUtils.java:logGet(43)) - raft.server.retrycache.expirytime = 600000ms (custom)
2019-07-30 23:11:29,286 INFO  server.RaftServerConfigKeys (ConfUtils.java:logGet(43)) - raft.server.log.write.buffer.size = 33554432 (custom)
2019-07-30 23:11:29,286 INFO  impl.RaftServerImpl (RaftServerImpl.java:start(180)) - e7307b16-d7cb-4cdf-b0bb-cf5c3f8d35b1: start group-04D5F4C477BB
2019-07-30 23:11:29,286 INFO  segmented.SegmentedRaftLogWorker (SegmentedRaftLogWorker.java:lambda$new$0(132)) - 66e2eb1b-ad33-427e-a453-da9ee6158a8a-SegmentedRaftLogWorker:Storage Directory /workdir/hadoop-ozone/integration-test/target/test-dir/MiniOzoneClusterImpl-ebe44233-41fb-4a8e-8173-29743ddef8ad/datanode-1/data/ratis/edaaa6a5-66f0-4c3f-a939-04d5f4c477bb: flushIndex: setUnconditionally 0 -> -1
2019-07-30 23:11:29,286 INFO  impl.RaftServerImpl (RaftServerImpl.java:setRole(171)) - e7307b16-d7cb-4cdf-b0bb-cf5c3f8d35b1:group-04D5F4C477BB changes role from null to FOLLOWER at term 0 for startAsFollower
2019-07-30 23:11:29,286 INFO  server.RaftServerConfigKeys (ConfUtils.java:logGet(43)) - raft.server.log.force.sync.num = 128 (default)
2019-07-30 23:11:29,286 INFO  server.RaftServerConfigKeys (ConfUtils.java:logGet(43)) - raft.server.snapshot.auto.trigger.enabled = true (custom)
2019-07-30 23:11:29,286 INFO  impl.RoleInfo (RoleInfo.java:updateAndGet(143)) - e7307b16-d7cb-4cdf-b0bb-cf5c3f8d35b1: start FollowerState
2019-07-30 23:11:29,287 INFO  server.RaftServerConfigKeys (ConfUtils.java:logGet(43)) - raft.server.snapshot.auto.trigger.threshold = 10000 (custom)
2019-07-30 23:11:29,286 INFO  server.RaftServerConfigKeys (ConfUtils.java:logGet(43)) - raft.server.log.statemachine.data.sync = true (default)
2019-07-30 23:11:29,287 INFO  server.RaftServerConfigKeys (ConfUtils.java:logGet(43)) - raft.server.retrycache.expirytime = 600000ms (custom)
2019-07-30 23:11:29,287 INFO  util.JmxRegister (JmxRegister.java:tryRegister(44)) - Successfully registered JMX Bean with object name Ratis:service=RaftServer,group=group-04D5F4C477BB,id=e7307b16-d7cb-4cdf-b0bb-cf5c3f8d35b1
2019-07-30 23:11:29,287 INFO  server.RaftServerConfigKeys (ConfUtils.java:logGet(43)) - raft.server.log.statemachine.data.sync.timeout = 10s (default)
2019-07-30 23:11:29,287 INFO  impl.RaftServerImpl (RaftServerImpl.java:start(180)) - 66e2eb1b-ad33-427e-a453-da9ee6158a8a: start group-04D5F4C477BB
2019-07-30 23:11:29,287 INFO  server.RaftServerConfigKeys (ConfUtils.java:logGet(43)) - raft.server.log.statemachine.data.sync.timeout.retry = -1 (default)
2019-07-30 23:11:29,287 INFO  impl.RaftServerImpl (RaftServerImpl.java:setRole(171)) - 66e2eb1b-ad33-427e-a453-da9ee6158a8a:group-04D5F4C477BB changes role from null to FOLLOWER at term 0 for startAsFollower
2019-07-30 23:11:29,288 INFO  server.RaftServerConfigKeys (ConfUtils.java:logGet(43)) - raft.server.log.statemachine.data.caching.enabled = true (custom)
2019-07-30 23:11:29,288 INFO  impl.RoleInfo (RoleInfo.java:updateAndGet(143)) - 66e2eb1b-ad33-427e-a453-da9ee6158a8a: start FollowerState
2019-07-30 23:11:29,288 INFO  segmented.SegmentedRaftLogWorker (SegmentedRaftLogWorker.java:lambda$new$0(132)) - eaecb802-43fa-4ea7-a083-8b0e18722e0b-SegmentedRaftLogWorker:Storage Directory /workdir/hadoop-ozone/integration-test/target/test-dir/MiniOzoneClusterImpl-ebe44233-41fb-4a8e-8173-29743ddef8ad/datanode-0/data/ratis/edaaa6a5-66f0-4c3f-a939-04d5f4c477bb: flushIndex: setUnconditionally 0 -> -1
2019-07-30 23:11:29,288 INFO  util.JmxRegister (JmxRegister.java:tryRegister(44)) - Successfully registered JMX Bean with object name Ratis:service=RaftServer,group=group-04D5F4C477BB,id=66e2eb1b-ad33-427e-a453-da9ee6158a8a
2019-07-30 23:11:29,288 INFO  server.RaftServerConfigKeys (ConfUtils.java:logGet(43)) - raft.server.snapshot.auto.trigger.enabled = true (custom)
2019-07-30 23:11:29,289 INFO  server.RaftServerConfigKeys (ConfUtils.java:logGet(43)) - raft.server.snapshot.auto.trigger.threshold = 10000 (custom)
2019-07-30 23:11:29,289 INFO  server.RaftServerConfigKeys (ConfUtils.java:logGet(43)) - raft.server.retrycache.expirytime = 600000ms (custom)
2019-07-30 23:11:29,289 INFO  impl.RaftServerImpl (RaftServerImpl.java:start(180)) - eaecb802-43fa-4ea7-a083-8b0e18722e0b: start group-04D5F4C477BB
2019-07-30 23:11:29,289 INFO  impl.RaftServerImpl (RaftServerImpl.java:setRole(171)) - eaecb802-43fa-4ea7-a083-8b0e18722e0b:group-04D5F4C477BB changes role from null to FOLLOWER at term 0 for startAsFollower
2019-07-30 23:11:29,289 INFO  impl.RoleInfo (RoleInfo.java:updateAndGet(143)) - eaecb802-43fa-4ea7-a083-8b0e18722e0b: start FollowerState
2019-07-30 23:11:29,290 INFO  util.JmxRegister (JmxRegister.java:tryRegister(44)) - Successfully registered JMX Bean with object name Ratis:service=RaftServer,group=group-04D5F4C477BB,id=eaecb802-43fa-4ea7-a083-8b0e18722e0b
2019-07-30 23:11:29,291 INFO  pipeline.PipelineStateManager (PipelineStateManager.java:addPipeline(56)) - Created pipeline Pipeline[ Id: edaaa6a5-66f0-4c3f-a939-04d5f4c477bb, Nodes: 66e2eb1b-ad33-427e-a453-da9ee6158a8a{ip: 192.168.5.171, host: byscane-nightly-g5r4k-612667210, networkLocation: /default-rack, certSerialId: null}eaecb802-43fa-4ea7-a083-8b0e18722e0b{ip: 192.168.5.171, host: byscane-nightly-g5r4k-612667210, networkLocation: /default-rack, certSerialId: null}e7307b16-d7cb-4cdf-b0bb-cf5c3f8d35b1{ip: 192.168.5.171, host: byscane-nightly-g5r4k-612667210, networkLocation: /default-rack, certSerialId: null}, Type:RATIS, Factor:THREE, State:OPEN]
2019-07-30 23:11:29,335 INFO  ozone.MiniOzoneClusterImpl (MiniOzoneClusterImpl.java:lambda$waitForClusterToBeReady$0(142)) - Waiting for cluster to be ready. Got 3 of 7 DN Heartbeats.
2019-07-30 23:11:29,698 INFO  net.NetworkTopology (NetworkTopologyImpl.java:add(110)) - Added a new node: /default-rack/36c57446-f5e2-4e56-a057-2c3cc200a735
2019-07-30 23:11:29,698 INFO  node.SCMNodeManager (SCMNodeManager.java:register(273)) - Registered Data node : 36c57446-f5e2-4e56-a057-2c3cc200a735{ip: 192.168.5.171, host: byscane-nightly-g5r4k-612667210, networkLocation: /default-rack, certSerialId: null}
2019-07-30 23:11:29,707 INFO  impl.RaftServerProxy (RaftServerProxy.java:addNew(89)) - 36c57446-f5e2-4e56-a057-2c3cc200a735: addNew group-A332750CFC33:[36c57446-f5e2-4e56-a057-2c3cc200a735:192.168.5.171:38061] returns group-A332750CFC33:java.util.concurrent.CompletableFuture@406f7169[Not completed]
2019-07-30 23:11:29,709 INFO  impl.RaftServerImpl (RaftServerImpl.java:<init>(93)) - 36c57446-f5e2-4e56-a057-2c3cc200a735: new RaftServerImpl for group-A332750CFC33:[36c57446-f5e2-4e56-a057-2c3cc200a735:192.168.5.171:38061] with ContainerStateMachine:uninitialized
2019-07-30 23:11:29,709 INFO  server.RaftServerConfigKeys (ConfUtils.java:logGet(43)) - raft.server.rpc.timeout.min = 5s (custom)
2019-07-30 23:11:29,709 INFO  server.RaftServerConfigKeys (ConfUtils.java:logGet(43)) - raft.server.rpc.timeout.max = 5200ms (custom)
2019-07-30 23:11:29,709 INFO  server.RaftServerConfigKeys (ConfUtils.java:logGet(43)) - raft.server.rpcslowness.timeout = 120s (custom)
2019-07-30 23:11:29,709 INFO  server.RaftServerConfigKeys (ConfUtils.java:logGet(43)) - raft.server.sleep.deviation.threshold = 300 (default)
2019-07-30 23:11:29,709 INFO  server.RaftServerConfigKeys (ConfUtils.java:logGet(43)) - raft.server.log.appender.install.snapshot.enabled = false (custom)
2019-07-30 23:11:29,709 INFO  impl.RaftServerImpl (ServerState.java:<init>(105)) - 36c57446-f5e2-4e56-a057-2c3cc200a735:group-A332750CFC33 ConfigurationManager, init=-1: [36c57446-f5e2-4e56-a057-2c3cc200a735:192.168.5.171:38061], old=null, confs=<EMPTY_MAP>
2019-07-30 23:11:29,710 INFO  server.RaftServerConfigKeys (ConfUtils.java:logGet(43)) - raft.server.storage.dir = [/workdir/hadoop-ozone/integration-test/target/test-dir/MiniOzoneClusterImpl-ebe44233-41fb-4a8e-8173-29743ddef8ad/datanode-3/data/ratis] (custom)
2019-07-30 23:11:29,710 INFO  storage.RaftStorageDirectory (RaftStorageDirectory.java:analyzeStorage(246)) - The storage directory /workdir/hadoop-ozone/integration-test/target/test-dir/MiniOzoneClusterImpl-ebe44233-41fb-4a8e-8173-29743ddef8ad/datanode-3/data/ratis/eb95c6d7-7e9f-40af-8954-a332750cfc33 does not exist. Creating ...
2019-07-30 23:11:29,723 INFO  storage.RaftStorageDirectory (RaftStorageDirectory.java:tryLock(328)) - Lock on /workdir/hadoop-ozone/integration-test/target/test-dir/MiniOzoneClusterImpl-ebe44233-41fb-4a8e-8173-29743ddef8ad/datanode-3/data/ratis/eb95c6d7-7e9f-40af-8954-a332750cfc33/in_use.lock acquired by nodename 477@byscane-nightly-g5r4k-612667210
2019-07-30 23:11:29,728 INFO  storage.RaftStorage (RaftStorage.java:format(72)) - Storage directory /workdir/hadoop-ozone/integration-test/target/test-dir/MiniOzoneClusterImpl-ebe44233-41fb-4a8e-8173-29743ddef8ad/datanode-3/data/ratis/eb95c6d7-7e9f-40af-8954-a332750cfc33 has been successfully formatted.
2019-07-30 23:11:29,728 INFO  ratis.ContainerStateMachine (ContainerStateMachine.java:loadSnapshot(213)) - group-A332750CFC33: The snapshot info is null. Setting the last applied indexto:(t:0, i:~)
2019-07-30 23:11:29,728 INFO  server.RaftServerConfigKeys (ConfUtils.java:logGet(43)) - raft.server.leader.election.timeout = 120s (custom)
2019-07-30 23:11:29,728 INFO  server.RaftServerConfigKeys (ConfUtils.java:logGet(43)) - raft.server.log.use.memory = false (default)
2019-07-30 23:11:29,729 INFO  server.RaftServerConfigKeys (ConfUtils.java:logGet(43)) - raft.server.log.purge.gap = 1000000000 (custom)
2019-07-30 23:11:29,729 INFO  server.RaftServerConfigKeys (ConfUtils.java:logGet(43)) - raft.server.log.appender.buffer.byte-limit = 33554432 (custom)
2019-07-30 23:11:29,729 INFO  server.RaftServerConfigKeys (ConfUtils.java:logGet(43)) - raft.server.log.segment.size.max = 1048576 (custom)
2019-07-30 23:11:29,729 INFO  server.RaftServerConfigKeys (ConfUtils.java:logGet(43)) - raft.server.log.segment.cache.num.max = 2 (custom)
2019-07-30 23:11:29,729 INFO  segmented.SegmentedRaftLogWorker (SegmentedRaftLogWorker.java:<init>(172)) - new 36c57446-f5e2-4e56-a057-2c3cc200a735-SegmentedRaftLogWorker:Storage Directory /workdir/hadoop-ozone/integration-test/target/test-dir/MiniOzoneClusterImpl-ebe44233-41fb-4a8e-8173-29743ddef8ad/datanode-3/data/ratis/eb95c6d7-7e9f-40af-8954-a332750cfc33 for RaftStorage:Storage Directory /workdir/hadoop-ozone/integration-test/target/test-dir/MiniOzoneClusterImpl-ebe44233-41fb-4a8e-8173-29743ddef8ad/datanode-3/data/ratis/eb95c6d7-7e9f-40af-8954-a332750cfc33
2019-07-30 23:11:29,729 INFO  server.RaftServerConfigKeys (ConfUtils.java:logGet(43)) - raft.server.log.queue.byte-limit = 2147483647 (custom)
2019-07-30 23:11:29,730 INFO  server.RaftServerConfigKeys (ConfUtils.java:logGet(43)) - raft.server.log.queue.element-limit = 1024 (custom)
2019-07-30 23:11:29,730 INFO  server.RaftServerConfigKeys (ConfUtils.java:logGet(43)) - raft.server.log.segment.size.max = 1048576 (custom)
2019-07-30 23:11:29,730 INFO  server.RaftServerConfigKeys (ConfUtils.java:logGet(43)) - raft.server.log.preallocated.size = 16384 (custom)
2019-07-30 23:11:29,730 INFO  server.RaftServerConfigKeys (ConfUtils.java:logGet(43)) - raft.server.log.write.buffer.size = 33554432 (custom)
2019-07-30 23:11:29,730 INFO  server.RaftServerConfigKeys (ConfUtils.java:logGet(43)) - raft.server.log.force.sync.num = 128 (default)
2019-07-30 23:11:29,730 INFO  server.RaftServerConfigKeys (ConfUtils.java:logGet(43)) - raft.server.log.statemachine.data.sync = true (default)
2019-07-30 23:11:29,731 INFO  server.RaftServerConfigKeys (ConfUtils.java:logGet(43)) - raft.server.log.statemachine.data.sync.timeout = 10s (default)
2019-07-30 23:11:29,731 INFO  server.RaftServerConfigKeys (ConfUtils.java:logGet(43)) - raft.server.log.statemachine.data.sync.timeout.retry = -1 (default)
2019-07-30 23:11:29,731 INFO  server.RaftServerConfigKeys (ConfUtils.java:logGet(43)) - raft.server.log.statemachine.data.caching.enabled = true (custom)
2019-07-30 23:11:29,731 INFO  segmented.SegmentedRaftLogWorker (SegmentedRaftLogWorker.java:lambda$new$0(132)) - 36c57446-f5e2-4e56-a057-2c3cc200a735-SegmentedRaftLogWorker:Storage Directory /workdir/hadoop-ozone/integration-test/target/test-dir/MiniOzoneClusterImpl-ebe44233-41fb-4a8e-8173-29743ddef8ad/datanode-3/data/ratis/eb95c6d7-7e9f-40af-8954-a332750cfc33: flushIndex: setUnconditionally 0 -> -1
2019-07-30 23:11:29,732 INFO  server.RaftServerConfigKeys (ConfUtils.java:logGet(43)) - raft.server.snapshot.auto.trigger.enabled = true (custom)
2019-07-30 23:11:29,732 INFO  server.RaftServerConfigKeys (ConfUtils.java:logGet(43)) - raft.server.snapshot.auto.trigger.threshold = 10000 (custom)
2019-07-30 23:11:29,732 INFO  server.RaftServerConfigKeys (ConfUtils.java:logGet(43)) - raft.server.retrycache.expirytime = 600000ms (custom)
2019-07-30 23:11:29,732 INFO  impl.RaftServerImpl (RaftServerImpl.java:start(180)) - 36c57446-f5e2-4e56-a057-2c3cc200a735: start group-A332750CFC33
2019-07-30 23:11:29,732 INFO  impl.RaftServerImpl (RaftServerImpl.java:setRole(171)) - 36c57446-f5e2-4e56-a057-2c3cc200a735:group-A332750CFC33 changes role from null to FOLLOWER at term 0 for startAsFollower
2019-07-30 23:11:29,733 INFO  impl.RoleInfo (RoleInfo.java:updateAndGet(143)) - 36c57446-f5e2-4e56-a057-2c3cc200a735: start FollowerState
2019-07-30 23:11:29,733 INFO  util.JmxRegister (JmxRegister.java:tryRegister(44)) - Successfully registered JMX Bean with object name Ratis:service=RaftServer,group=group-A332750CFC33,id=36c57446-f5e2-4e56-a057-2c3cc200a735
2019-07-30 23:11:29,735 INFO  pipeline.PipelineStateManager (PipelineStateManager.java:addPipeline(56)) - Created pipeline Pipeline[ Id: eb95c6d7-7e9f-40af-8954-a332750cfc33, Nodes: 36c57446-f5e2-4e56-a057-2c3cc200a735{ip: 192.168.5.171, host: byscane-nightly-g5r4k-612667210, networkLocation: /default-rack, certSerialId: null}, Type:RATIS, Factor:ONE, State:OPEN]
2019-07-30 23:11:29,950 INFO  net.NetworkTopology (NetworkTopologyImpl.java:add(110)) - Added a new node: /default-rack/ad7ed92e-ee6a-47ae-a47a-72f719be0302
2019-07-30 23:11:29,950 INFO  node.SCMNodeManager (SCMNodeManager.java:register(273)) - Registered Data node : ad7ed92e-ee6a-47ae-a47a-72f719be0302{ip: 192.168.5.171, host: byscane-nightly-g5r4k-612667210, networkLocation: /default-rack, certSerialId: null}
2019-07-30 23:11:29,967 INFO  impl.RaftServerProxy (RaftServerProxy.java:addNew(89)) - ad7ed92e-ee6a-47ae-a47a-72f719be0302: addNew group-CDFD256F376A:[ad7ed92e-ee6a-47ae-a47a-72f719be0302:192.168.5.171:42501] returns group-CDFD256F376A:java.util.concurrent.CompletableFuture@64a3413[Not completed]
2019-07-30 23:11:29,968 INFO  impl.RaftServerImpl (RaftServerImpl.java:<init>(93)) - ad7ed92e-ee6a-47ae-a47a-72f719be0302: new RaftServerImpl for group-CDFD256F376A:[ad7ed92e-ee6a-47ae-a47a-72f719be0302:192.168.5.171:42501] with ContainerStateMachine:uninitialized
2019-07-30 23:11:29,968 INFO  server.RaftServerConfigKeys (ConfUtils.java:logGet(43)) - raft.server.rpc.timeout.min = 5s (custom)
2019-07-30 23:11:29,969 INFO  server.RaftServerConfigKeys (ConfUtils.java:logGet(43)) - raft.server.rpc.timeout.max = 5200ms (custom)
2019-07-30 23:11:29,969 INFO  server.RaftServerConfigKeys (ConfUtils.java:logGet(43)) - raft.server.rpcslowness.timeout = 120s (custom)
2019-07-30 23:11:29,969 INFO  server.RaftServerConfigKeys (ConfUtils.java:logGet(43)) - raft.server.sleep.deviation.threshold = 300 (default)
2019-07-30 23:11:29,969 INFO  server.RaftServerConfigKeys (ConfUtils.java:logGet(43)) - raft.server.log.appender.install.snapshot.enabled = false (custom)
2019-07-30 23:11:29,969 INFO  impl.RaftServerImpl (ServerState.java:<init>(105)) - ad7ed92e-ee6a-47ae-a47a-72f719be0302:group-CDFD256F376A ConfigurationManager, init=-1: [ad7ed92e-ee6a-47ae-a47a-72f719be0302:192.168.5.171:42501], old=null, confs=<EMPTY_MAP>
2019-07-30 23:11:29,969 INFO  server.RaftServerConfigKeys (ConfUtils.java:logGet(43)) - raft.server.storage.dir = [/workdir/hadoop-ozone/integration-test/target/test-dir/MiniOzoneClusterImpl-ebe44233-41fb-4a8e-8173-29743ddef8ad/datanode-4/data/ratis] (custom)
2019-07-30 23:11:29,970 INFO  storage.RaftStorageDirectory (RaftStorageDirectory.java:analyzeStorage(246)) - The storage directory /workdir/hadoop-ozone/integration-test/target/test-dir/MiniOzoneClusterImpl-ebe44233-41fb-4a8e-8173-29743ddef8ad/datanode-4/data/ratis/59120429-3236-4b1a-9285-cdfd256f376a does not exist. Creating ...
2019-07-30 23:11:29,975 INFO  storage.RaftStorageDirectory (RaftStorageDirectory.java:tryLock(328)) - Lock on /workdir/hadoop-ozone/integration-test/target/test-dir/MiniOzoneClusterImpl-ebe44233-41fb-4a8e-8173-29743ddef8ad/datanode-4/data/ratis/59120429-3236-4b1a-9285-cdfd256f376a/in_use.lock acquired by nodename 477@byscane-nightly-g5r4k-612667210
2019-07-30 23:11:29,979 INFO  storage.RaftStorage (RaftStorage.java:format(72)) - Storage directory /workdir/hadoop-ozone/integration-test/target/test-dir/MiniOzoneClusterImpl-ebe44233-41fb-4a8e-8173-29743ddef8ad/datanode-4/data/ratis/59120429-3236-4b1a-9285-cdfd256f376a has been successfully formatted.
2019-07-30 23:11:29,979 INFO  ratis.ContainerStateMachine (ContainerStateMachine.java:loadSnapshot(213)) - group-CDFD256F376A: The snapshot info is null. Setting the last applied indexto:(t:0, i:~)
2019-07-30 23:11:29,979 INFO  server.RaftServerConfigKeys (ConfUtils.java:logGet(43)) - raft.server.leader.election.timeout = 120s (custom)
2019-07-30 23:11:29,980 INFO  server.RaftServerConfigKeys (ConfUtils.java:logGet(43)) - raft.server.log.use.memory = false (default)
2019-07-30 23:11:29,980 INFO  server.RaftServerConfigKeys (ConfUtils.java:logGet(43)) - raft.server.log.purge.gap = 1000000000 (custom)
2019-07-30 23:11:29,980 INFO  server.RaftServerConfigKeys (ConfUtils.java:logGet(43)) - raft.server.log.appender.buffer.byte-limit = 33554432 (custom)
2019-07-30 23:11:29,980 INFO  server.RaftServerConfigKeys (ConfUtils.java:logGet(43)) - raft.server.log.segment.size.max = 1048576 (custom)
2019-07-30 23:11:29,980 INFO  server.RaftServerConfigKeys (ConfUtils.java:logGet(43)) - raft.server.log.segment.cache.num.max = 2 (custom)
2019-07-30 23:11:29,980 INFO  segmented.SegmentedRaftLogWorker (SegmentedRaftLogWorker.java:<init>(172)) - new ad7ed92e-ee6a-47ae-a47a-72f719be0302-SegmentedRaftLogWorker:Storage Directory /workdir/hadoop-ozone/integration-test/target/test-dir/MiniOzoneClusterImpl-ebe44233-41fb-4a8e-8173-29743ddef8ad/datanode-4/data/ratis/59120429-3236-4b1a-9285-cdfd256f376a for RaftStorage:Storage Directory /workdir/hadoop-ozone/integration-test/target/test-dir/MiniOzoneClusterImpl-ebe44233-41fb-4a8e-8173-29743ddef8ad/datanode-4/data/ratis/59120429-3236-4b1a-9285-cdfd256f376a
2019-07-30 23:11:29,981 INFO  server.RaftServerConfigKeys (ConfUtils.java:logGet(43)) - raft.server.log.queue.byte-limit = 2147483647 (custom)
2019-07-30 23:11:29,981 INFO  server.RaftServerConfigKeys (ConfUtils.java:logGet(43)) - raft.server.log.queue.element-limit = 1024 (custom)
2019-07-30 23:11:29,981 INFO  server.RaftServerConfigKeys (ConfUtils.java:logGet(43)) - raft.server.log.segment.size.max = 1048576 (custom)
2019-07-30 23:11:29,981 INFO  server.RaftServerConfigKeys (ConfUtils.java:logGet(43)) - raft.server.log.preallocated.size = 16384 (custom)
2019-07-30 23:11:29,981 INFO  server.RaftServerConfigKeys (ConfUtils.java:logGet(43)) - raft.server.log.write.buffer.size = 33554432 (custom)
2019-07-30 23:11:29,981 INFO  server.RaftServerConfigKeys (ConfUtils.java:logGet(43)) - raft.server.log.force.sync.num = 128 (default)
2019-07-30 23:11:29,982 INFO  server.RaftServerConfigKeys (ConfUtils.java:logGet(43)) - raft.server.log.statemachine.data.sync = true (default)
2019-07-30 23:11:29,982 INFO  server.RaftServerConfigKeys (ConfUtils.java:logGet(43)) - raft.server.log.statemachine.data.sync.timeout = 10s (default)
2019-07-30 23:11:29,982 INFO  server.RaftServerConfigKeys (ConfUtils.java:logGet(43)) - raft.server.log.statemachine.data.sync.timeout.retry = -1 (default)
2019-07-30 23:11:29,982 INFO  server.RaftServerConfigKeys (ConfUtils.java:logGet(43)) - raft.server.log.statemachine.data.caching.enabled = true (custom)
2019-07-30 23:11:29,983 INFO  segmented.SegmentedRaftLogWorker (SegmentedRaftLogWorker.java:lambda$new$0(132)) - ad7ed92e-ee6a-47ae-a47a-72f719be0302-SegmentedRaftLogWorker:Storage Directory /workdir/hadoop-ozone/integration-test/target/test-dir/MiniOzoneClusterImpl-ebe44233-41fb-4a8e-8173-29743ddef8ad/datanode-4/data/ratis/59120429-3236-4b1a-9285-cdfd256f376a: flushIndex: setUnconditionally 0 -> -1
2019-07-30 23:11:29,983 INFO  server.RaftServerConfigKeys (ConfUtils.java:logGet(43)) - raft.server.snapshot.auto.trigger.enabled = true (custom)
2019-07-30 23:11:29,983 INFO  server.RaftServerConfigKeys (ConfUtils.java:logGet(43)) - raft.server.snapshot.auto.trigger.threshold = 10000 (custom)
2019-07-30 23:11:29,983 INFO  server.RaftServerConfigKeys (ConfUtils.java:logGet(43)) - raft.server.retrycache.expirytime = 600000ms (custom)
2019-07-30 23:11:29,984 INFO  impl.RaftServerImpl (RaftServerImpl.java:start(180)) - ad7ed92e-ee6a-47ae-a47a-72f719be0302: start group-CDFD256F376A
2019-07-30 23:11:29,984 INFO  impl.RaftServerImpl (RaftServerImpl.java:setRole(171)) - ad7ed92e-ee6a-47ae-a47a-72f719be0302:group-CDFD256F376A changes role from null to FOLLOWER at term 0 for startAsFollower
2019-07-30 23:11:29,984 INFO  impl.RoleInfo (RoleInfo.java:updateAndGet(143)) - ad7ed92e-ee6a-47ae-a47a-72f719be0302: start FollowerState
2019-07-30 23:11:29,984 INFO  util.JmxRegister (JmxRegister.java:tryRegister(44)) - Successfully registered JMX Bean with object name Ratis:service=RaftServer,group=group-CDFD256F376A,id=ad7ed92e-ee6a-47ae-a47a-72f719be0302
2019-07-30 23:11:29,986 INFO  pipeline.PipelineStateManager (PipelineStateManager.java:addPipeline(56)) - Created pipeline Pipeline[ Id: 59120429-3236-4b1a-9285-cdfd256f376a, Nodes: ad7ed92e-ee6a-47ae-a47a-72f719be0302{ip: 192.168.5.171, host: byscane-nightly-g5r4k-612667210, networkLocation: /default-rack, certSerialId: null}, Type:RATIS, Factor:ONE, State:OPEN]
2019-07-30 23:11:30,164 INFO  net.NetworkTopology (NetworkTopologyImpl.java:add(110)) - Added a new node: /default-rack/63fbe650-6a5a-48da-9f6d-3566b7d3d61e
2019-07-30 23:11:30,164 INFO  node.SCMNodeManager (SCMNodeManager.java:register(273)) - Registered Data node : 63fbe650-6a5a-48da-9f6d-3566b7d3d61e{ip: 192.168.5.171, host: byscane-nightly-g5r4k-612667210, networkLocation: /default-rack, certSerialId: null}
2019-07-30 23:11:30,174 INFO  impl.RaftServerProxy (RaftServerProxy.java:addNew(89)) - 63fbe650-6a5a-48da-9f6d-3566b7d3d61e: addNew group-B32D027D638F:[63fbe650-6a5a-48da-9f6d-3566b7d3d61e:192.168.5.171:39562] returns group-B32D027D638F:java.util.concurrent.CompletableFuture@39bbe050[Not completed]
2019-07-30 23:11:30,175 INFO  impl.RaftServerImpl (RaftServerImpl.java:<init>(93)) - 63fbe650-6a5a-48da-9f6d-3566b7d3d61e: new RaftServerImpl for group-B32D027D638F:[63fbe650-6a5a-48da-9f6d-3566b7d3d61e:192.168.5.171:39562] with ContainerStateMachine:uninitialized
2019-07-30 23:11:30,176 INFO  server.RaftServerConfigKeys (ConfUtils.java:logGet(43)) - raft.server.rpc.timeout.min = 5s (custom)
2019-07-30 23:11:30,176 INFO  server.RaftServerConfigKeys (ConfUtils.java:logGet(43)) - raft.server.rpc.timeout.max = 5200ms (custom)
2019-07-30 23:11:30,176 INFO  server.RaftServerConfigKeys (ConfUtils.java:logGet(43)) - raft.server.rpcslowness.timeout = 120s (custom)
2019-07-30 23:11:30,176 INFO  server.RaftServerConfigKeys (ConfUtils.java:logGet(43)) - raft.server.sleep.deviation.threshold = 300 (default)
2019-07-30 23:11:30,176 INFO  server.RaftServerConfigKeys (ConfUtils.java:logGet(43)) - raft.server.log.appender.install.snapshot.enabled = false (custom)
2019-07-30 23:11:30,176 INFO  impl.RaftServerImpl (ServerState.java:<init>(105)) - 63fbe650-6a5a-48da-9f6d-3566b7d3d61e:group-B32D027D638F ConfigurationManager, init=-1: [63fbe650-6a5a-48da-9f6d-3566b7d3d61e:192.168.5.171:39562], old=null, confs=<EMPTY_MAP>
2019-07-30 23:11:30,177 INFO  server.RaftServerConfigKeys (ConfUtils.java:logGet(43)) - raft.server.storage.dir = [/workdir/hadoop-ozone/integration-test/target/test-dir/MiniOzoneClusterImpl-ebe44233-41fb-4a8e-8173-29743ddef8ad/datanode-5/data/ratis] (custom)
2019-07-30 23:11:30,177 INFO  storage.RaftStorageDirectory (RaftStorageDirectory.java:analyzeStorage(246)) - The storage directory /workdir/hadoop-ozone/integration-test/target/test-dir/MiniOzoneClusterImpl-ebe44233-41fb-4a8e-8173-29743ddef8ad/datanode-5/data/ratis/b7fb228d-9a92-425f-bf4e-b32d027d638f does not exist. Creating ...
2019-07-30 23:11:30,184 INFO  storage.RaftStorageDirectory (RaftStorageDirectory.java:tryLock(328)) - Lock on /workdir/hadoop-ozone/integration-test/target/test-dir/MiniOzoneClusterImpl-ebe44233-41fb-4a8e-8173-29743ddef8ad/datanode-5/data/ratis/b7fb228d-9a92-425f-bf4e-b32d027d638f/in_use.lock acquired by nodename 477@byscane-nightly-g5r4k-612667210
2019-07-30 23:11:30,188 INFO  storage.RaftStorage (RaftStorage.java:format(72)) - Storage directory /workdir/hadoop-ozone/integration-test/target/test-dir/MiniOzoneClusterImpl-ebe44233-41fb-4a8e-8173-29743ddef8ad/datanode-5/data/ratis/b7fb228d-9a92-425f-bf4e-b32d027d638f has been successfully formatted.
2019-07-30 23:11:30,189 INFO  ratis.ContainerStateMachine (ContainerStateMachine.java:loadSnapshot(213)) - group-B32D027D638F: The snapshot info is null. Setting the last applied indexto:(t:0, i:~)
2019-07-30 23:11:30,189 INFO  server.RaftServerConfigKeys (ConfUtils.java:logGet(43)) - raft.server.leader.election.timeout = 120s (custom)
2019-07-30 23:11:30,189 INFO  server.RaftServerConfigKeys (ConfUtils.java:logGet(43)) - raft.server.log.use.memory = false (default)
2019-07-30 23:11:30,189 INFO  server.RaftServerConfigKeys (ConfUtils.java:logGet(43)) - raft.server.log.purge.gap = 1000000000 (custom)
2019-07-30 23:11:30,189 INFO  server.RaftServerConfigKeys (ConfUtils.java:logGet(43)) - raft.server.log.appender.buffer.byte-limit = 33554432 (custom)
2019-07-30 23:11:30,189 INFO  server.RaftServerConfigKeys (ConfUtils.java:logGet(43)) - raft.server.log.segment.size.max = 1048576 (custom)
2019-07-30 23:11:30,190 INFO  server.RaftServerConfigKeys (ConfUtils.java:logGet(43)) - raft.server.log.segment.cache.num.max = 2 (custom)
2019-07-30 23:11:30,190 INFO  segmented.SegmentedRaftLogWorker (SegmentedRaftLogWorker.java:<init>(172)) - new 63fbe650-6a5a-48da-9f6d-3566b7d3d61e-SegmentedRaftLogWorker:Storage Directory /workdir/hadoop-ozone/integration-test/target/test-dir/MiniOzoneClusterImpl-ebe44233-41fb-4a8e-8173-29743ddef8ad/datanode-5/data/ratis/b7fb228d-9a92-425f-bf4e-b32d027d638f for RaftStorage:Storage Directory /workdir/hadoop-ozone/integration-test/target/test-dir/MiniOzoneClusterImpl-ebe44233-41fb-4a8e-8173-29743ddef8ad/datanode-5/data/ratis/b7fb228d-9a92-425f-bf4e-b32d027d638f
2019-07-30 23:11:30,190 INFO  server.RaftServerConfigKeys (ConfUtils.java:logGet(43)) - raft.server.log.queue.byte-limit = 2147483647 (custom)
2019-07-30 23:11:30,190 INFO  server.RaftServerConfigKeys (ConfUtils.java:logGet(43)) - raft.server.log.queue.element-limit = 1024 (custom)
2019-07-30 23:11:30,190 INFO  server.RaftServerConfigKeys (ConfUtils.java:logGet(43)) - raft.server.log.segment.size.max = 1048576 (custom)
2019-07-30 23:11:30,191 INFO  server.RaftServerConfigKeys (ConfUtils.java:logGet(43)) - raft.server.log.preallocated.size = 16384 (custom)
2019-07-30 23:11:30,191 INFO  server.RaftServerConfigKeys (ConfUtils.java:logGet(43)) - raft.server.log.write.buffer.size = 33554432 (custom)
2019-07-30 23:11:30,191 INFO  server.RaftServerConfigKeys (ConfUtils.java:logGet(43)) - raft.server.log.force.sync.num = 128 (default)
2019-07-30 23:11:30,191 INFO  server.RaftServerConfigKeys (ConfUtils.java:logGet(43)) - raft.server.log.statemachine.data.sync = true (default)
2019-07-30 23:11:30,191 INFO  server.RaftServerConfigKeys (ConfUtils.java:logGet(43)) - raft.server.log.statemachine.data.sync.timeout = 10s (default)
2019-07-30 23:11:30,191 INFO  server.RaftServerConfigKeys (ConfUtils.java:logGet(43)) - raft.server.log.statemachine.data.sync.timeout.retry = -1 (default)
2019-07-30 23:11:30,192 INFO  server.RaftServerConfigKeys (ConfUtils.java:logGet(43)) - raft.server.log.statemachine.data.caching.enabled = true (custom)
2019-07-30 23:11:30,192 INFO  segmented.SegmentedRaftLogWorker (SegmentedRaftLogWorker.java:lambda$new$0(132)) - 63fbe650-6a5a-48da-9f6d-3566b7d3d61e-SegmentedRaftLogWorker:Storage Directory /workdir/hadoop-ozone/integration-test/target/test-dir/MiniOzoneClusterImpl-ebe44233-41fb-4a8e-8173-29743ddef8ad/datanode-5/data/ratis/b7fb228d-9a92-425f-bf4e-b32d027d638f: flushIndex: setUnconditionally 0 -> -1
2019-07-30 23:11:30,192 INFO  server.RaftServerConfigKeys (ConfUtils.java:logGet(43)) - raft.server.snapshot.auto.trigger.enabled = true (custom)
2019-07-30 23:11:30,193 INFO  server.RaftServerConfigKeys (ConfUtils.java:logGet(43)) - raft.server.snapshot.auto.trigger.threshold = 10000 (custom)
2019-07-30 23:11:30,193 INFO  server.RaftServerConfigKeys (ConfUtils.java:logGet(43)) - raft.server.retrycache.expirytime = 600000ms (custom)
2019-07-30 23:11:30,193 INFO  impl.RaftServerImpl (RaftServerImpl.java:start(180)) - 63fbe650-6a5a-48da-9f6d-3566b7d3d61e: start group-B32D027D638F
2019-07-30 23:11:30,193 INFO  impl.RaftServerImpl (RaftServerImpl.java:setRole(171)) - 63fbe650-6a5a-48da-9f6d-3566b7d3d61e:group-B32D027D638F changes role from null to FOLLOWER at term 0 for startAsFollower
2019-07-30 23:11:30,193 INFO  impl.RoleInfo (RoleInfo.java:updateAndGet(143)) - 63fbe650-6a5a-48da-9f6d-3566b7d3d61e: start FollowerState
2019-07-30 23:11:30,194 INFO  util.JmxRegister (JmxRegister.java:tryRegister(44)) - Successfully registered JMX Bean with object name Ratis:service=RaftServer,group=group-B32D027D638F,id=63fbe650-6a5a-48da-9f6d-3566b7d3d61e
2019-07-30 23:11:30,196 INFO  pipeline.PipelineStateManager (PipelineStateManager.java:addPipeline(56)) - Created pipeline Pipeline[ Id: b7fb228d-9a92-425f-bf4e-b32d027d638f, Nodes: 63fbe650-6a5a-48da-9f6d-3566b7d3d61e{ip: 192.168.5.171, host: byscane-nightly-g5r4k-612667210, networkLocation: /default-rack, certSerialId: null}, Type:RATIS, Factor:ONE, State:OPEN]
2019-07-30 23:11:30,209 INFO  impl.RaftServerProxy (RaftServerProxy.java:addNew(89)) - 36c57446-f5e2-4e56-a057-2c3cc200a735: addNew group-72A3A3B9AF68:[36c57446-f5e2-4e56-a057-2c3cc200a735:192.168.5.171:38061, ad7ed92e-ee6a-47ae-a47a-72f719be0302:192.168.5.171:42501, 63fbe650-6a5a-48da-9f6d-3566b7d3d61e:192.168.5.171:39562] returns group-72A3A3B9AF68:java.util.concurrent.CompletableFuture@7a4bc18e[Not completed]
2019-07-30 23:11:30,209 INFO  impl.RaftServerProxy (RaftServerProxy.java:addNew(89)) - ad7ed92e-ee6a-47ae-a47a-72f719be0302: addNew group-72A3A3B9AF68:[36c57446-f5e2-4e56-a057-2c3cc200a735:192.168.5.171:38061, ad7ed92e-ee6a-47ae-a47a-72f719be0302:192.168.5.171:42501, 63fbe650-6a5a-48da-9f6d-3566b7d3d61e:192.168.5.171:39562] returns group-72A3A3B9AF68:java.util.concurrent.CompletableFuture@7ccdcc2b[Not completed]
2019-07-30 23:11:30,209 INFO  impl.RaftServerProxy (RaftServerProxy.java:addNew(89)) - 63fbe650-6a5a-48da-9f6d-3566b7d3d61e: addNew group-72A3A3B9AF68:[36c57446-f5e2-4e56-a057-2c3cc200a735:192.168.5.171:38061, ad7ed92e-ee6a-47ae-a47a-72f719be0302:192.168.5.171:42501, 63fbe650-6a5a-48da-9f6d-3566b7d3d61e:192.168.5.171:39562] returns group-72A3A3B9AF68:java.util.concurrent.CompletableFuture@3f9957c2[Not completed]
2019-07-30 23:11:30,210 INFO  impl.RaftServerImpl (RaftServerImpl.java:<init>(93)) - 36c57446-f5e2-4e56-a057-2c3cc200a735: new RaftServerImpl for group-72A3A3B9AF68:[36c57446-f5e2-4e56-a057-2c3cc200a735:192.168.5.171:38061, ad7ed92e-ee6a-47ae-a47a-72f719be0302:192.168.5.171:42501, 63fbe650-6a5a-48da-9f6d-3566b7d3d61e:192.168.5.171:39562] with ContainerStateMachine:uninitialized
2019-07-30 23:11:30,210 INFO  server.RaftServerConfigKeys (ConfUtils.java:logGet(43)) - raft.server.rpc.timeout.min = 5s (custom)
2019-07-30 23:11:30,210 INFO  server.RaftServerConfigKeys (ConfUtils.java:logGet(43)) - raft.server.rpc.timeout.max = 5200ms (custom)
2019-07-30 23:11:30,210 INFO  impl.RaftServerImpl (RaftServerImpl.java:<init>(93)) - ad7ed92e-ee6a-47ae-a47a-72f719be0302: new RaftServerImpl for group-72A3A3B9AF68:[36c57446-f5e2-4e56-a057-2c3cc200a735:192.168.5.171:38061, ad7ed92e-ee6a-47ae-a47a-72f719be0302:192.168.5.171:42501, 63fbe650-6a5a-48da-9f6d-3566b7d3d61e:192.168.5.171:39562] with ContainerStateMachine:uninitialized
2019-07-30 23:11:30,210 INFO  server.RaftServerConfigKeys (ConfUtils.java:logGet(43)) - raft.server.rpcslowness.timeout = 120s (custom)
2019-07-30 23:11:30,210 INFO  server.RaftServerConfigKeys (ConfUtils.java:logGet(43)) - raft.server.rpc.timeout.min = 5s (custom)
2019-07-30 23:11:30,210 INFO  server.RaftServerConfigKeys (ConfUtils.java:logGet(43)) - raft.server.sleep.deviation.threshold = 300 (default)
2019-07-30 23:11:30,210 INFO  impl.RaftServerImpl (RaftServerImpl.java:<init>(93)) - 63fbe650-6a5a-48da-9f6d-3566b7d3d61e: new RaftServerImpl for group-72A3A3B9AF68:[36c57446-f5e2-4e56-a057-2c3cc200a735:192.168.5.171:38061, ad7ed92e-ee6a-47ae-a47a-72f719be0302:192.168.5.171:42501, 63fbe650-6a5a-48da-9f6d-3566b7d3d61e:192.168.5.171:39562] with ContainerStateMachine:uninitialized
2019-07-30 23:11:30,211 INFO  server.RaftServerConfigKeys (ConfUtils.java:logGet(43)) - raft.server.log.appender.install.snapshot.enabled = false (custom)
2019-07-30 23:11:30,211 INFO  server.RaftServerConfigKeys (ConfUtils.java:logGet(43)) - raft.server.rpc.timeout.max = 5200ms (custom)
2019-07-30 23:11:30,211 INFO  impl.RaftServerImpl (ServerState.java:<init>(105)) - 36c57446-f5e2-4e56-a057-2c3cc200a735:group-72A3A3B9AF68 ConfigurationManager, init=-1: [36c57446-f5e2-4e56-a057-2c3cc200a735:192.168.5.171:38061, ad7ed92e-ee6a-47ae-a47a-72f719be0302:192.168.5.171:42501, 63fbe650-6a5a-48da-9f6d-3566b7d3d61e:192.168.5.171:39562], old=null, confs=<EMPTY_MAP>
2019-07-30 23:11:30,211 INFO  server.RaftServerConfigKeys (ConfUtils.java:logGet(43)) - raft.server.rpc.timeout.min = 5s (custom)
2019-07-30 23:11:30,211 INFO  server.RaftServerConfigKeys (ConfUtils.java:logGet(43)) - raft.server.storage.dir = [/workdir/hadoop-ozone/integration-test/target/test-dir/MiniOzoneClusterImpl-ebe44233-41fb-4a8e-8173-29743ddef8ad/datanode-3/data/ratis] (custom)
2019-07-30 23:11:30,211 INFO  server.RaftServerConfigKeys (ConfUtils.java:logGet(43)) - raft.server.rpcslowness.timeout = 120s (custom)
2019-07-30 23:11:30,211 INFO  server.RaftServerConfigKeys (ConfUtils.java:logGet(43)) - raft.server.rpc.timeout.max = 5200ms (custom)
2019-07-30 23:11:30,212 INFO  storage.RaftStorageDirectory (RaftStorageDirectory.java:analyzeStorage(246)) - The storage directory /workdir/hadoop-ozone/integration-test/target/test-dir/MiniOzoneClusterImpl-ebe44233-41fb-4a8e-8173-29743ddef8ad/datanode-3/data/ratis/9d5d85aa-5c92-4b5c-b1db-72a3a3b9af68 does not exist. Creating ...
2019-07-30 23:11:30,212 INFO  server.RaftServerConfigKeys (ConfUtils.java:logGet(43)) - raft.server.sleep.deviation.threshold = 300 (default)
2019-07-30 23:11:30,212 INFO  server.RaftServerConfigKeys (ConfUtils.java:logGet(43)) - raft.server.rpcslowness.timeout = 120s (custom)
2019-07-30 23:11:30,212 INFO  server.RaftServerConfigKeys (ConfUtils.java:logGet(43)) - raft.server.log.appender.install.snapshot.enabled = false (custom)
2019-07-30 23:11:30,212 INFO  server.RaftServerConfigKeys (ConfUtils.java:logGet(43)) - raft.server.sleep.deviation.threshold = 300 (default)
2019-07-30 23:11:30,212 INFO  impl.RaftServerImpl (ServerState.java:<init>(105)) - ad7ed92e-ee6a-47ae-a47a-72f719be0302:group-72A3A3B9AF68 ConfigurationManager, init=-1: [36c57446-f5e2-4e56-a057-2c3cc200a735:192.168.5.171:38061, ad7ed92e-ee6a-47ae-a47a-72f719be0302:192.168.5.171:42501, 63fbe650-6a5a-48da-9f6d-3566b7d3d61e:192.168.5.171:39562], old=null, confs=<EMPTY_MAP>
2019-07-30 23:11:30,212 INFO  server.RaftServerConfigKeys (ConfUtils.java:logGet(43)) - raft.server.log.appender.install.snapshot.enabled = false (custom)
2019-07-30 23:11:30,213 INFO  server.RaftServerConfigKeys (ConfUtils.java:logGet(43)) - raft.server.storage.dir = [/workdir/hadoop-ozone/integration-test/target/test-dir/MiniOzoneClusterImpl-ebe44233-41fb-4a8e-8173-29743ddef8ad/datanode-4/data/ratis] (custom)
2019-07-30 23:11:30,213 INFO  impl.RaftServerImpl (ServerState.java:<init>(105)) - 63fbe650-6a5a-48da-9f6d-3566b7d3d61e:group-72A3A3B9AF68 ConfigurationManager, init=-1: [36c57446-f5e2-4e56-a057-2c3cc200a735:192.168.5.171:38061, ad7ed92e-ee6a-47ae-a47a-72f719be0302:192.168.5.171:42501, 63fbe650-6a5a-48da-9f6d-3566b7d3d61e:192.168.5.171:39562], old=null, confs=<EMPTY_MAP>
2019-07-30 23:11:30,213 INFO  server.RaftServerConfigKeys (ConfUtils.java:logGet(43)) - raft.server.storage.dir = [/workdir/hadoop-ozone/integration-test/target/test-dir/MiniOzoneClusterImpl-ebe44233-41fb-4a8e-8173-29743ddef8ad/datanode-5/data/ratis] (custom)
2019-07-30 23:11:30,213 INFO  storage.RaftStorageDirectory (RaftStorageDirectory.java:analyzeStorage(246)) - The storage directory /workdir/hadoop-ozone/integration-test/target/test-dir/MiniOzoneClusterImpl-ebe44233-41fb-4a8e-8173-29743ddef8ad/datanode-4/data/ratis/9d5d85aa-5c92-4b5c-b1db-72a3a3b9af68 does not exist. Creating ...
2019-07-30 23:11:30,213 INFO  storage.RaftStorageDirectory (RaftStorageDirectory.java:analyzeStorage(246)) - The storage directory /workdir/hadoop-ozone/integration-test/target/test-dir/MiniOzoneClusterImpl-ebe44233-41fb-4a8e-8173-29743ddef8ad/datanode-5/data/ratis/9d5d85aa-5c92-4b5c-b1db-72a3a3b9af68 does not exist. Creating ...
2019-07-30 23:11:30,217 INFO  storage.RaftStorageDirectory (RaftStorageDirectory.java:tryLock(328)) - Lock on /workdir/hadoop-ozone/integration-test/target/test-dir/MiniOzoneClusterImpl-ebe44233-41fb-4a8e-8173-29743ddef8ad/datanode-5/data/ratis/9d5d85aa-5c92-4b5c-b1db-72a3a3b9af68/in_use.lock acquired by nodename 477@byscane-nightly-g5r4k-612667210
2019-07-30 23:11:30,217 INFO  storage.RaftStorageDirectory (RaftStorageDirectory.java:tryLock(328)) - Lock on /workdir/hadoop-ozone/integration-test/target/test-dir/MiniOzoneClusterImpl-ebe44233-41fb-4a8e-8173-29743ddef8ad/datanode-4/data/ratis/9d5d85aa-5c92-4b5c-b1db-72a3a3b9af68/in_use.lock acquired by nodename 477@byscane-nightly-g5r4k-612667210
2019-07-30 23:11:30,217 INFO  storage.RaftStorageDirectory (RaftStorageDirectory.java:tryLock(328)) - Lock on /workdir/hadoop-ozone/integration-test/target/test-dir/MiniOzoneClusterImpl-ebe44233-41fb-4a8e-8173-29743ddef8ad/datanode-3/data/ratis/9d5d85aa-5c92-4b5c-b1db-72a3a3b9af68/in_use.lock acquired by nodename 477@byscane-nightly-g5r4k-612667210
2019-07-30 23:11:30,224 INFO  storage.RaftStorage (RaftStorage.java:format(72)) - Storage directory /workdir/hadoop-ozone/integration-test/target/test-dir/MiniOzoneClusterImpl-ebe44233-41fb-4a8e-8173-29743ddef8ad/datanode-5/data/ratis/9d5d85aa-5c92-4b5c-b1db-72a3a3b9af68 has been successfully formatted.
2019-07-30 23:11:30,224 INFO  storage.RaftStorage (RaftStorage.java:format(72)) - Storage directory /workdir/hadoop-ozone/integration-test/target/test-dir/MiniOzoneClusterImpl-ebe44233-41fb-4a8e-8173-29743ddef8ad/datanode-4/data/ratis/9d5d85aa-5c92-4b5c-b1db-72a3a3b9af68 has been successfully formatted.
2019-07-30 23:11:30,224 INFO  storage.RaftStorage (RaftStorage.java:format(72)) - Storage directory /workdir/hadoop-ozone/integration-test/target/test-dir/MiniOzoneClusterImpl-ebe44233-41fb-4a8e-8173-29743ddef8ad/datanode-3/data/ratis/9d5d85aa-5c92-4b5c-b1db-72a3a3b9af68 has been successfully formatted.
2019-07-30 23:11:30,224 INFO  ratis.ContainerStateMachine (ContainerStateMachine.java:loadSnapshot(213)) - group-72A3A3B9AF68: The snapshot info is null. Setting the last applied indexto:(t:0, i:~)
2019-07-30 23:11:30,224 INFO  ratis.ContainerStateMachine (ContainerStateMachine.java:loadSnapshot(213)) - group-72A3A3B9AF68: The snapshot info is null. Setting the last applied indexto:(t:0, i:~)
2019-07-30 23:11:30,224 INFO  ratis.ContainerStateMachine (ContainerStateMachine.java:loadSnapshot(213)) - group-72A3A3B9AF68: The snapshot info is null. Setting the last applied indexto:(t:0, i:~)
2019-07-30 23:11:30,225 INFO  server.RaftServerConfigKeys (ConfUtils.java:logGet(43)) - raft.server.leader.election.timeout = 120s (custom)
2019-07-30 23:11:30,224 INFO  server.RaftServerConfigKeys (ConfUtils.java:logGet(43)) - raft.server.leader.election.timeout = 120s (custom)
2019-07-30 23:11:30,225 INFO  server.RaftServerConfigKeys (ConfUtils.java:logGet(43)) - raft.server.log.use.memory = false (default)
2019-07-30 23:11:30,225 INFO  server.RaftServerConfigKeys (ConfUtils.java:logGet(43)) - raft.server.leader.election.timeout = 120s (custom)
2019-07-30 23:11:30,225 INFO  server.RaftServerConfigKeys (ConfUtils.java:logGet(43)) - raft.server.log.purge.gap = 1000000000 (custom)
2019-07-30 23:11:30,225 INFO  server.RaftServerConfigKeys (ConfUtils.java:logGet(43)) - raft.server.log.use.memory = false (default)
2019-07-30 23:11:30,225 INFO  server.RaftServerConfigKeys (ConfUtils.java:logGet(43)) - raft.server.log.appender.buffer.byte-limit = 33554432 (custom)
2019-07-30 23:11:30,225 INFO  server.RaftServerConfigKeys (ConfUtils.java:logGet(43)) - raft.server.log.use.memory = false (default)
2019-07-30 23:11:30,226 INFO  server.RaftServerConfigKeys (ConfUtils.java:logGet(43)) - raft.server.log.segment.size.max = 1048576 (custom)
2019-07-30 23:11:30,226 INFO  server.RaftServerConfigKeys (ConfUtils.java:logGet(43)) - raft.server.log.purge.gap = 1000000000 (custom)
2019-07-30 23:11:30,226 INFO  server.RaftServerConfigKeys (ConfUtils.java:logGet(43)) - raft.server.log.segment.cache.num.max = 2 (custom)
2019-07-30 23:11:30,226 INFO  server.RaftServerConfigKeys (ConfUtils.java:logGet(43)) - raft.server.log.purge.gap = 1000000000 (custom)
2019-07-30 23:11:30,227 INFO  segmented.SegmentedRaftLogWorker (SegmentedRaftLogWorker.java:<init>(172)) - new 36c57446-f5e2-4e56-a057-2c3cc200a735-SegmentedRaftLogWorker:Storage Directory /workdir/hadoop-ozone/integration-test/target/test-dir/MiniOzoneClusterImpl-ebe44233-41fb-4a8e-8173-29743ddef8ad/datanode-3/data/ratis/9d5d85aa-5c92-4b5c-b1db-72a3a3b9af68 for RaftStorage:Storage Directory /workdir/hadoop-ozone/integration-test/target/test-dir/MiniOzoneClusterImpl-ebe44233-41fb-4a8e-8173-29743ddef8ad/datanode-3/data/ratis/9d5d85aa-5c92-4b5c-b1db-72a3a3b9af68
2019-07-30 23:11:30,226 INFO  server.RaftServerConfigKeys (ConfUtils.java:logGet(43)) - raft.server.log.appender.buffer.byte-limit = 33554432 (custom)
2019-07-30 23:11:30,227 INFO  server.RaftServerConfigKeys (ConfUtils.java:logGet(43)) - raft.server.log.queue.byte-limit = 2147483647 (custom)
2019-07-30 23:11:30,227 INFO  server.RaftServerConfigKeys (ConfUtils.java:logGet(43)) - raft.server.log.appender.buffer.byte-limit = 33554432 (custom)
2019-07-30 23:11:30,227 INFO  server.RaftServerConfigKeys (ConfUtils.java:logGet(43)) - raft.server.log.queue.element-limit = 1024 (custom)
2019-07-30 23:11:30,227 INFO  server.RaftServerConfigKeys (ConfUtils.java:logGet(43)) - raft.server.log.segment.size.max = 1048576 (custom)
2019-07-30 23:11:30,228 INFO  server.RaftServerConfigKeys (ConfUtils.java:logGet(43)) - raft.server.log.segment.size.max = 1048576 (custom)
2019-07-30 23:11:30,227 INFO  server.RaftServerConfigKeys (ConfUtils.java:logGet(43)) - raft.server.log.segment.size.max = 1048576 (custom)
2019-07-30 23:11:30,228 INFO  server.RaftServerConfigKeys (ConfUtils.java:logGet(43)) - raft.server.log.preallocated.size = 16384 (custom)
2019-07-30 23:11:30,228 INFO  server.RaftServerConfigKeys (ConfUtils.java:logGet(43)) - raft.server.log.segment.cache.num.max = 2 (custom)
2019-07-30 23:11:30,228 INFO  server.RaftServerConfigKeys (ConfUtils.java:logGet(43)) - raft.server.log.write.buffer.size = 33554432 (custom)
2019-07-30 23:11:30,228 INFO  server.RaftServerConfigKeys (ConfUtils.java:logGet(43)) - raft.server.log.force.sync.num = 128 (default)
2019-07-30 23:11:30,228 INFO  server.RaftServerConfigKeys (ConfUtils.java:logGet(43)) - raft.server.log.segment.cache.num.max = 2 (custom)
2019-07-30 23:11:30,229 INFO  server.RaftServerConfigKeys (ConfUtils.java:logGet(43)) - raft.server.log.statemachine.data.sync = true (default)
2019-07-30 23:11:30,229 INFO  server.RaftServerConfigKeys (ConfUtils.java:logGet(43)) - raft.server.log.statemachine.data.sync.timeout = 10s (default)
2019-07-30 23:11:30,228 INFO  segmented.SegmentedRaftLogWorker (SegmentedRaftLogWorker.java:<init>(172)) - new 63fbe650-6a5a-48da-9f6d-3566b7d3d61e-SegmentedRaftLogWorker:Storage Directory /workdir/hadoop-ozone/integration-test/target/test-dir/MiniOzoneClusterImpl-ebe44233-41fb-4a8e-8173-29743ddef8ad/datanode-5/data/ratis/9d5d85aa-5c92-4b5c-b1db-72a3a3b9af68 for RaftStorage:Storage Directory /workdir/hadoop-ozone/integration-test/target/test-dir/MiniOzoneClusterImpl-ebe44233-41fb-4a8e-8173-29743ddef8ad/datanode-5/data/ratis/9d5d85aa-5c92-4b5c-b1db-72a3a3b9af68
2019-07-30 23:11:30,229 INFO  server.RaftServerConfigKeys (ConfUtils.java:logGet(43)) - raft.server.log.statemachine.data.sync.timeout.retry = -1 (default)
2019-07-30 23:11:30,229 INFO  segmented.SegmentedRaftLogWorker (SegmentedRaftLogWorker.java:<init>(172)) - new ad7ed92e-ee6a-47ae-a47a-72f719be0302-SegmentedRaftLogWorker:Storage Directory /workdir/hadoop-ozone/integration-test/target/test-dir/MiniOzoneClusterImpl-ebe44233-41fb-4a8e-8173-29743ddef8ad/datanode-4/data/ratis/9d5d85aa-5c92-4b5c-b1db-72a3a3b9af68 for RaftStorage:Storage Directory /workdir/hadoop-ozone/integration-test/target/test-dir/MiniOzoneClusterImpl-ebe44233-41fb-4a8e-8173-29743ddef8ad/datanode-4/data/ratis/9d5d85aa-5c92-4b5c-b1db-72a3a3b9af68
2019-07-30 23:11:30,229 INFO  server.RaftServerConfigKeys (ConfUtils.java:logGet(43)) - raft.server.log.statemachine.data.caching.enabled = true (custom)
2019-07-30 23:11:30,229 INFO  server.RaftServerConfigKeys (ConfUtils.java:logGet(43)) - raft.server.log.queue.byte-limit = 2147483647 (custom)
2019-07-30 23:11:30,230 INFO  server.RaftServerConfigKeys (ConfUtils.java:logGet(43)) - raft.server.log.queue.element-limit = 1024 (custom)
2019-07-30 23:11:30,230 INFO  server.RaftServerConfigKeys (ConfUtils.java:logGet(43)) - raft.server.log.queue.byte-limit = 2147483647 (custom)
2019-07-30 23:11:30,230 INFO  server.RaftServerConfigKeys (ConfUtils.java:logGet(43)) - raft.server.log.segment.size.max = 1048576 (custom)
2019-07-30 23:11:30,230 INFO  segmented.SegmentedRaftLogWorker (SegmentedRaftLogWorker.java:lambda$new$0(132)) - 36c57446-f5e2-4e56-a057-2c3cc200a735-SegmentedRaftLogWorker:Storage Directory /workdir/hadoop-ozone/integration-test/target/test-dir/MiniOzoneClusterImpl-ebe44233-41fb-4a8e-8173-29743ddef8ad/datanode-3/data/ratis/9d5d85aa-5c92-4b5c-b1db-72a3a3b9af68: flushIndex: setUnconditionally 0 -> -1
2019-07-30 23:11:30,230 INFO  server.RaftServerConfigKeys (ConfUtils.java:logGet(43)) - raft.server.log.preallocated.size = 16384 (custom)
2019-07-30 23:11:30,230 INFO  server.RaftServerConfigKeys (ConfUtils.java:logGet(43)) - raft.server.log.queue.element-limit = 1024 (custom)
2019-07-30 23:11:30,231 INFO  server.RaftServerConfigKeys (ConfUtils.java:logGet(43)) - raft.server.snapshot.auto.trigger.enabled = true (custom)
2019-07-30 23:11:30,231 INFO  server.RaftServerConfigKeys (ConfUtils.java:logGet(43)) - raft.server.log.write.buffer.size = 33554432 (custom)
2019-07-30 23:11:30,231 INFO  server.RaftServerConfigKeys (ConfUtils.java:logGet(43)) - raft.server.snapshot.auto.trigger.threshold = 10000 (custom)
2019-07-30 23:11:30,231 INFO  server.RaftServerConfigKeys (ConfUtils.java:logGet(43)) - raft.server.log.segment.size.max = 1048576 (custom)
2019-07-30 23:11:30,231 INFO  server.RaftServerConfigKeys (ConfUtils.java:logGet(43)) - raft.server.retrycache.expirytime = 600000ms (custom)
2019-07-30 23:11:30,231 INFO  server.RaftServerConfigKeys (ConfUtils.java:logGet(43)) - raft.server.log.force.sync.num = 128 (default)
2019-07-30 23:11:30,232 INFO  impl.RaftServerImpl (RaftServerImpl.java:start(180)) - 36c57446-f5e2-4e56-a057-2c3cc200a735: start group-72A3A3B9AF68
2019-07-30 23:11:30,232 INFO  impl.RaftServerImpl (RaftServerImpl.java:setRole(171)) - 36c57446-f5e2-4e56-a057-2c3cc200a735:group-72A3A3B9AF68 changes role from null to FOLLOWER at term 0 for startAsFollower
2019-07-30 23:11:30,232 INFO  server.RaftServerConfigKeys (ConfUtils.java:logGet(43)) - raft.server.log.preallocated.size = 16384 (custom)
2019-07-30 23:11:30,232 INFO  impl.RoleInfo (RoleInfo.java:updateAndGet(143)) - 36c57446-f5e2-4e56-a057-2c3cc200a735: start FollowerState
2019-07-30 23:11:30,232 INFO  server.RaftServerConfigKeys (ConfUtils.java:logGet(43)) - raft.server.log.statemachine.data.sync = true (default)
2019-07-30 23:11:30,232 INFO  server.RaftServerConfigKeys (ConfUtils.java:logGet(43)) - raft.server.log.write.buffer.size = 33554432 (custom)
2019-07-30 23:11:30,233 INFO  server.RaftServerConfigKeys (ConfUtils.java:logGet(43)) - raft.server.log.statemachine.data.sync.timeout = 10s (default)
2019-07-30 23:11:30,233 INFO  util.JmxRegister (JmxRegister.java:tryRegister(44)) - Successfully registered JMX Bean with object name Ratis:service=RaftServer,group=group-72A3A3B9AF68,id=36c57446-f5e2-4e56-a057-2c3cc200a735
2019-07-30 23:11:30,233 INFO  server.RaftServerConfigKeys (ConfUtils.java:logGet(43)) - raft.server.log.statemachine.data.sync.timeout.retry = -1 (default)
2019-07-30 23:11:30,233 INFO  server.RaftServerConfigKeys (ConfUtils.java:logGet(43)) - raft.server.log.force.sync.num = 128 (default)
2019-07-30 23:11:30,233 INFO  server.RaftServerConfigKeys (ConfUtils.java:logGet(43)) - raft.server.log.statemachine.data.caching.enabled = true (custom)
2019-07-30 23:11:30,234 INFO  server.RaftServerConfigKeys (ConfUtils.java:logGet(43)) - raft.server.log.statemachine.data.sync = true (default)
2019-07-30 23:11:30,234 INFO  server.RaftServerConfigKeys (ConfUtils.java:logGet(43)) - raft.server.log.statemachine.data.sync.timeout = 10s (default)
2019-07-30 23:11:30,234 INFO  segmented.SegmentedRaftLogWorker (SegmentedRaftLogWorker.java:lambda$new$0(132)) - 63fbe650-6a5a-48da-9f6d-3566b7d3d61e-SegmentedRaftLogWorker:Storage Directory /workdir/hadoop-ozone/integration-test/target/test-dir/MiniOzoneClusterImpl-ebe44233-41fb-4a8e-8173-29743ddef8ad/datanode-5/data/ratis/9d5d85aa-5c92-4b5c-b1db-72a3a3b9af68: flushIndex: setUnconditionally 0 -> -1
2019-07-30 23:11:30,234 INFO  server.RaftServerConfigKeys (ConfUtils.java:logGet(43)) - raft.server.log.statemachine.data.sync.timeout.retry = -1 (default)
2019-07-30 23:11:30,234 INFO  server.RaftServerConfigKeys (ConfUtils.java:logGet(43)) - raft.server.log.statemachine.data.caching.enabled = true (custom)
2019-07-30 23:11:30,235 INFO  server.RaftServerConfigKeys (ConfUtils.java:logGet(43)) - raft.server.snapshot.auto.trigger.enabled = true (custom)
2019-07-30 23:11:30,235 INFO  server.RaftServerConfigKeys (ConfUtils.java:logGet(43)) - raft.server.snapshot.auto.trigger.threshold = 10000 (custom)
2019-07-30 23:11:30,235 INFO  segmented.SegmentedRaftLogWorker (SegmentedRaftLogWorker.java:lambda$new$0(132)) - ad7ed92e-ee6a-47ae-a47a-72f719be0302-SegmentedRaftLogWorker:Storage Directory /workdir/hadoop-ozone/integration-test/target/test-dir/MiniOzoneClusterImpl-ebe44233-41fb-4a8e-8173-29743ddef8ad/datanode-4/data/ratis/9d5d85aa-5c92-4b5c-b1db-72a3a3b9af68: flushIndex: setUnconditionally 0 -> -1
2019-07-30 23:11:30,235 INFO  server.RaftServerConfigKeys (ConfUtils.java:logGet(43)) - raft.server.retrycache.expirytime = 600000ms (custom)
2019-07-30 23:11:30,235 INFO  impl.RaftServerImpl (RaftServerImpl.java:start(180)) - 63fbe650-6a5a-48da-9f6d-3566b7d3d61e: start group-72A3A3B9AF68
2019-07-30 23:11:30,235 INFO  server.RaftServerConfigKeys (ConfUtils.java:logGet(43)) - raft.server.snapshot.auto.trigger.enabled = true (custom)
2019-07-30 23:11:30,235 INFO  impl.RaftServerImpl (RaftServerImpl.java:setRole(171)) - 63fbe650-6a5a-48da-9f6d-3566b7d3d61e:group-72A3A3B9AF68 changes role from null to FOLLOWER at term 0 for startAsFollower
2019-07-30 23:11:30,236 INFO  server.RaftServerConfigKeys (ConfUtils.java:logGet(43)) - raft.server.snapshot.auto.trigger.threshold = 10000 (custom)
2019-07-30 23:11:30,236 INFO  impl.RoleInfo (RoleInfo.java:updateAndGet(143)) - 63fbe650-6a5a-48da-9f6d-3566b7d3d61e: start FollowerState
2019-07-30 23:11:30,236 INFO  server.RaftServerConfigKeys (ConfUtils.java:logGet(43)) - raft.server.retrycache.expirytime = 600000ms (custom)
2019-07-30 23:11:30,236 INFO  impl.RaftServerImpl (RaftServerImpl.java:start(180)) - ad7ed92e-ee6a-47ae-a47a-72f719be0302: start group-72A3A3B9AF68
2019-07-30 23:11:30,236 INFO  util.JmxRegister (JmxRegister.java:tryRegister(44)) - Successfully registered JMX Bean with object name Ratis:service=RaftServer,group=group-72A3A3B9AF68,id=63fbe650-6a5a-48da-9f6d-3566b7d3d61e
2019-07-30 23:11:30,236 INFO  impl.RaftServerImpl (RaftServerImpl.java:setRole(171)) - ad7ed92e-ee6a-47ae-a47a-72f719be0302:group-72A3A3B9AF68 changes role from null to FOLLOWER at term 0 for startAsFollower
2019-07-30 23:11:30,237 INFO  impl.RoleInfo (RoleInfo.java:updateAndGet(143)) - ad7ed92e-ee6a-47ae-a47a-72f719be0302: start FollowerState
2019-07-30 23:11:30,237 INFO  util.JmxRegister (JmxRegister.java:tryRegister(44)) - Successfully registered JMX Bean with object name Ratis:service=RaftServer,group=group-72A3A3B9AF68,id=ad7ed92e-ee6a-47ae-a47a-72f719be0302
2019-07-30 23:11:30,239 INFO  pipeline.PipelineStateManager (PipelineStateManager.java:addPipeline(56)) - Created pipeline Pipeline[ Id: 9d5d85aa-5c92-4b5c-b1db-72a3a3b9af68, Nodes: ad7ed92e-ee6a-47ae-a47a-72f719be0302{ip: 192.168.5.171, host: byscane-nightly-g5r4k-612667210, networkLocation: /default-rack, certSerialId: null}36c57446-f5e2-4e56-a057-2c3cc200a735{ip: 192.168.5.171, host: byscane-nightly-g5r4k-612667210, networkLocation: /default-rack, certSerialId: null}63fbe650-6a5a-48da-9f6d-3566b7d3d61e{ip: 192.168.5.171, host: byscane-nightly-g5r4k-612667210, networkLocation: /default-rack, certSerialId: null}, Type:RATIS, Factor:THREE, State:OPEN]
2019-07-30 23:11:30,336 INFO  ozone.MiniOzoneClusterImpl (MiniOzoneClusterImpl.java:lambda$waitForClusterToBeReady$0(142)) - Waiting for cluster to be ready. Got 6 of 7 DN Heartbeats.
2019-07-30 23:11:30,336 INFO  net.NetworkTopology (NetworkTopologyImpl.java:add(110)) - Added a new node: /default-rack/e680feb4-1688-4d71-9da4-62d73b47acfa
2019-07-30 23:11:30,336 INFO  node.SCMNodeManager (SCMNodeManager.java:register(273)) - Registered Data node : e680feb4-1688-4d71-9da4-62d73b47acfa{ip: 192.168.5.171, host: byscane-nightly-g5r4k-612667210, networkLocation: /default-rack, certSerialId: null}
2019-07-30 23:11:30,345 INFO  impl.RaftServerProxy (RaftServerProxy.java:addNew(89)) - e680feb4-1688-4d71-9da4-62d73b47acfa: addNew group-8D3EA7922FDB:[e680feb4-1688-4d71-9da4-62d73b47acfa:192.168.5.171:34862] returns group-8D3EA7922FDB:java.util.concurrent.CompletableFuture@51180b5b[Not completed]
2019-07-30 23:11:30,346 INFO  impl.RaftServerImpl (RaftServerImpl.java:<init>(93)) - e680feb4-1688-4d71-9da4-62d73b47acfa: new RaftServerImpl for group-8D3EA7922FDB:[e680feb4-1688-4d71-9da4-62d73b47acfa:192.168.5.171:34862] with ContainerStateMachine:uninitialized
2019-07-30 23:11:30,346 INFO  server.RaftServerConfigKeys (ConfUtils.java:logGet(43)) - raft.server.rpc.timeout.min = 5s (custom)
2019-07-30 23:11:30,346 INFO  server.RaftServerConfigKeys (ConfUtils.java:logGet(43)) - raft.server.rpc.timeout.max = 5200ms (custom)
2019-07-30 23:11:30,346 INFO  server.RaftServerConfigKeys (ConfUtils.java:logGet(43)) - raft.server.rpcslowness.timeout = 120s (custom)
2019-07-30 23:11:30,346 INFO  server.RaftServerConfigKeys (ConfUtils.java:logGet(43)) - raft.server.sleep.deviation.threshold = 300 (default)
2019-07-30 23:11:30,346 INFO  server.RaftServerConfigKeys (ConfUtils.java:logGet(43)) - raft.server.log.appender.install.snapshot.enabled = false (custom)
2019-07-30 23:11:30,347 INFO  impl.RaftServerImpl (ServerState.java:<init>(105)) - e680feb4-1688-4d71-9da4-62d73b47acfa:group-8D3EA7922FDB ConfigurationManager, init=-1: [e680feb4-1688-4d71-9da4-62d73b47acfa:192.168.5.171:34862], old=null, confs=<EMPTY_MAP>
2019-07-30 23:11:30,347 INFO  server.RaftServerConfigKeys (ConfUtils.java:logGet(43)) - raft.server.storage.dir = [/workdir/hadoop-ozone/integration-test/target/test-dir/MiniOzoneClusterImpl-ebe44233-41fb-4a8e-8173-29743ddef8ad/datanode-6/data/ratis] (custom)
2019-07-30 23:11:30,347 INFO  storage.RaftStorageDirectory (RaftStorageDirectory.java:analyzeStorage(246)) - The storage directory /workdir/hadoop-ozone/integration-test/target/test-dir/MiniOzoneClusterImpl-ebe44233-41fb-4a8e-8173-29743ddef8ad/datanode-6/data/ratis/163862a7-4354-492a-8331-8d3ea7922fdb does not exist. Creating ...
2019-07-30 23:11:30,352 INFO  storage.RaftStorageDirectory (RaftStorageDirectory.java:tryLock(328)) - Lock on /workdir/hadoop-ozone/integration-test/target/test-dir/MiniOzoneClusterImpl-ebe44233-41fb-4a8e-8173-29743ddef8ad/datanode-6/data/ratis/163862a7-4354-492a-8331-8d3ea7922fdb/in_use.lock acquired by nodename 477@byscane-nightly-g5r4k-612667210
2019-07-30 23:11:30,357 INFO  storage.RaftStorage (RaftStorage.java:format(72)) - Storage directory /workdir/hadoop-ozone/integration-test/target/test-dir/MiniOzoneClusterImpl-ebe44233-41fb-4a8e-8173-29743ddef8ad/datanode-6/data/ratis/163862a7-4354-492a-8331-8d3ea7922fdb has been successfully formatted.
2019-07-30 23:11:30,357 INFO  ratis.ContainerStateMachine (ContainerStateMachine.java:loadSnapshot(213)) - group-8D3EA7922FDB: The snapshot info is null. Setting the last applied indexto:(t:0, i:~)
2019-07-30 23:11:30,358 INFO  server.RaftServerConfigKeys (ConfUtils.java:logGet(43)) - raft.server.leader.election.timeout = 120s (custom)
2019-07-30 23:11:30,358 INFO  server.RaftServerConfigKeys (ConfUtils.java:logGet(43)) - raft.server.log.use.memory = false (default)
2019-07-30 23:11:30,358 INFO  server.RaftServerConfigKeys (ConfUtils.java:logGet(43)) - raft.server.log.purge.gap = 1000000000 (custom)
2019-07-30 23:11:30,358 INFO  server.RaftServerConfigKeys (ConfUtils.java:logGet(43)) - raft.server.log.appender.buffer.byte-limit = 33554432 (custom)
2019-07-30 23:11:30,358 INFO  server.RaftServerConfigKeys (ConfUtils.java:logGet(43)) - raft.server.log.segment.size.max = 1048576 (custom)
2019-07-30 23:11:30,358 INFO  server.RaftServerConfigKeys (ConfUtils.java:logGet(43)) - raft.server.log.segment.cache.num.max = 2 (custom)
2019-07-30 23:11:30,358 INFO  segmented.SegmentedRaftLogWorker (SegmentedRaftLogWorker.java:<init>(172)) - new e680feb4-1688-4d71-9da4-62d73b47acfa-SegmentedRaftLogWorker:Storage Directory /workdir/hadoop-ozone/integration-test/target/test-dir/MiniOzoneClusterImpl-ebe44233-41fb-4a8e-8173-29743ddef8ad/datanode-6/data/ratis/163862a7-4354-492a-8331-8d3ea7922fdb for RaftStorage:Storage Directory /workdir/hadoop-ozone/integration-test/target/test-dir/MiniOzoneClusterImpl-ebe44233-41fb-4a8e-8173-29743ddef8ad/datanode-6/data/ratis/163862a7-4354-492a-8331-8d3ea7922fdb
2019-07-30 23:11:30,359 INFO  server.RaftServerConfigKeys (ConfUtils.java:logGet(43)) - raft.server.log.queue.byte-limit = 2147483647 (custom)
2019-07-30 23:11:30,359 INFO  server.RaftServerConfigKeys (ConfUtils.java:logGet(43)) - raft.server.log.queue.element-limit = 1024 (custom)
2019-07-30 23:11:30,359 INFO  server.RaftServerConfigKeys (ConfUtils.java:logGet(43)) - raft.server.log.segment.size.max = 1048576 (custom)
2019-07-30 23:11:30,359 INFO  server.RaftServerConfigKeys (ConfUtils.java:logGet(43)) - raft.server.log.preallocated.size = 16384 (custom)
2019-07-30 23:11:30,359 INFO  server.RaftServerConfigKeys (ConfUtils.java:logGet(43)) - raft.server.log.write.buffer.size = 33554432 (custom)
2019-07-30 23:11:30,359 INFO  server.RaftServerConfigKeys (ConfUtils.java:logGet(43)) - raft.server.log.force.sync.num = 128 (default)
2019-07-30 23:11:30,359 INFO  server.RaftServerConfigKeys (ConfUtils.java:logGet(43)) - raft.server.log.statemachine.data.sync = true (default)
2019-07-30 23:11:30,359 INFO  server.RaftServerConfigKeys (ConfUtils.java:logGet(43)) - raft.server.log.statemachine.data.sync.timeout = 10s (default)
2019-07-30 23:11:30,360 INFO  server.RaftServerConfigKeys (ConfUtils.java:logGet(43)) - raft.server.log.statemachine.data.sync.timeout.retry = -1 (default)
2019-07-30 23:11:30,360 INFO  server.RaftServerConfigKeys (ConfUtils.java:logGet(43)) - raft.server.log.statemachine.data.caching.enabled = true (custom)
2019-07-30 23:11:30,360 INFO  segmented.SegmentedRaftLogWorker (SegmentedRaftLogWorker.java:lambda$new$0(132)) - e680feb4-1688-4d71-9da4-62d73b47acfa-SegmentedRaftLogWorker:Storage Directory /workdir/hadoop-ozone/integration-test/target/test-dir/MiniOzoneClusterImpl-ebe44233-41fb-4a8e-8173-29743ddef8ad/datanode-6/data/ratis/163862a7-4354-492a-8331-8d3ea7922fdb: flushIndex: setUnconditionally 0 -> -1
2019-07-30 23:11:30,360 INFO  server.RaftServerConfigKeys (ConfUtils.java:logGet(43)) - raft.server.snapshot.auto.trigger.enabled = true (custom)
2019-07-30 23:11:30,361 INFO  server.RaftServerConfigKeys (ConfUtils.java:logGet(43)) - raft.server.snapshot.auto.trigger.threshold = 10000 (custom)
2019-07-30 23:11:30,361 INFO  server.RaftServerConfigKeys (ConfUtils.java:logGet(43)) - raft.server.retrycache.expirytime = 600000ms (custom)
2019-07-30 23:11:30,361 INFO  impl.RaftServerImpl (RaftServerImpl.java:start(180)) - e680feb4-1688-4d71-9da4-62d73b47acfa: start group-8D3EA7922FDB
2019-07-30 23:11:30,361 INFO  impl.RaftServerImpl (RaftServerImpl.java:setRole(171)) - e680feb4-1688-4d71-9da4-62d73b47acfa:group-8D3EA7922FDB changes role from null to FOLLOWER at term 0 for startAsFollower
2019-07-30 23:11:30,361 INFO  impl.RoleInfo (RoleInfo.java:updateAndGet(143)) - e680feb4-1688-4d71-9da4-62d73b47acfa: start FollowerState
2019-07-30 23:11:30,361 INFO  util.JmxRegister (JmxRegister.java:tryRegister(44)) - Successfully registered JMX Bean with object name Ratis:service=RaftServer,group=group-8D3EA7922FDB,id=e680feb4-1688-4d71-9da4-62d73b47acfa
2019-07-30 23:11:30,363 INFO  pipeline.PipelineStateManager (PipelineStateManager.java:addPipeline(56)) - Created pipeline Pipeline[ Id: 163862a7-4354-492a-8331-8d3ea7922fdb, Nodes: e680feb4-1688-4d71-9da4-62d73b47acfa{ip: 192.168.5.171, host: byscane-nightly-g5r4k-612667210, networkLocation: /default-rack, certSerialId: null}, Type:RATIS, Factor:ONE, State:OPEN]
2019-07-30 23:11:31,336 INFO  ozone.MiniOzoneClusterImpl (MiniOzoneClusterImpl.java:lambda$waitForClusterToBeReady$0(142)) - Cluster is ready. Got 7 of 7 DN Heartbeats.
2019-07-30 23:11:31,371 INFO  rpc.RpcClient (RpcClient.java:createVolume(288)) - Creating Volume: testblockoutputstream, with jenkins1000 as owner.
2019-07-30 23:11:31,389 INFO  rpc.RpcClient (RpcClient.java:createBucket(425)) - Creating Bucket: testblockoutputstream/testblockoutputstream, with Versioning false and Storage Type set to DISK and Encryption set to false 
2019-07-30 23:11:31,418 INFO  client.GrpcClientProtocolClient (GrpcClientProtocolClient.java:onNext(255)) - client-6F8366443F2B->ad7ed92e-ee6a-47ae-a47a-72f719be0302: receive RaftClientReply:client-6F8366443F2B->ad7ed92e-ee6a-47ae-a47a-72f719be0302@group-72A3A3B9AF68, cid=215, FAILED org.apache.ratis.protocol.NotLeaderException: Server ad7ed92e-ee6a-47ae-a47a-72f719be0302 is not the leader (null). Request must be sent to leader., logIndex=0, commits[ad7ed92e-ee6a-47ae-a47a-72f719be0302:c-1]
2019-07-30 23:11:31,674 INFO  container.ReplicationManager (ReplicationManager.java:start(155)) - Starting Replication Monitor Thread.
2019-07-30 23:11:31,680 INFO  container.ReplicationManager (ReplicationManager.java:run(207)) - Replication Monitor Thread took 0 milliseconds for processing 1 containers.
2019-07-30 23:11:32,434 INFO  client.GrpcClientProtocolClient (GrpcClientProtocolClient.java:onNext(255)) - client-6F8366443F2B->63fbe650-6a5a-48da-9f6d-3566b7d3d61e: receive RaftClientReply:client-6F8366443F2B->63fbe650-6a5a-48da-9f6d-3566b7d3d61e@group-72A3A3B9AF68, cid=215, FAILED org.apache.ratis.protocol.NotLeaderException: Server 63fbe650-6a5a-48da-9f6d-3566b7d3d61e is not the leader (null). Request must be sent to leader., logIndex=0, commits[63fbe650-6a5a-48da-9f6d-3566b7d3d61e:c-1]
2019-07-30 23:11:33,447 INFO  client.GrpcClientProtocolClient (GrpcClientProtocolClient.java:onNext(255)) - client-6F8366443F2B->ad7ed92e-ee6a-47ae-a47a-72f719be0302: receive RaftClientReply:client-6F8366443F2B->ad7ed92e-ee6a-47ae-a47a-72f719be0302@group-72A3A3B9AF68, cid=215, FAILED org.apache.ratis.protocol.NotLeaderException: Server ad7ed92e-ee6a-47ae-a47a-72f719be0302 is not the leader (null). Request must be sent to leader., logIndex=0, commits[ad7ed92e-ee6a-47ae-a47a-72f719be0302:c-1]
2019-07-30 23:11:33,736 INFO  impl.FollowerState (FollowerState.java:run(106)) - eaecb802-43fa-4ea7-a083-8b0e18722e0b:group-136434FE4CE7 changes to CANDIDATE, lastRpcTime:5039, electionTimeout:5039ms
2019-07-30 23:11:33,736 INFO  impl.RoleInfo (RoleInfo.java:shutdownFollowerState(121)) - eaecb802-43fa-4ea7-a083-8b0e18722e0b: shutdown FollowerState
2019-07-30 23:11:33,736 INFO  impl.RaftServerImpl (RaftServerImpl.java:setRole(171)) - eaecb802-43fa-4ea7-a083-8b0e18722e0b:group-136434FE4CE7 changes role from FOLLOWER to CANDIDATE at term 0 for changeToCandidate
2019-07-30 23:11:33,737 INFO  impl.RoleInfo (RoleInfo.java:updateAndGet(143)) - eaecb802-43fa-4ea7-a083-8b0e18722e0b: start LeaderElection
2019-07-30 23:11:33,759 INFO  impl.LeaderElection (LeaderElection.java:askForVotes(181)) - eaecb802-43fa-4ea7-a083-8b0e18722e0b:group-136434FE4CE7:LeaderElection83: begin an election at term 1 for -1: [eaecb802-43fa-4ea7-a083-8b0e18722e0b:192.168.5.171:34807], old=null
2019-07-30 23:11:33,759 INFO  impl.RoleInfo (RoleInfo.java:shutdownLeaderElection(134)) - eaecb802-43fa-4ea7-a083-8b0e18722e0b: shutdown LeaderElection
2019-07-30 23:11:33,759 INFO  impl.RaftServerImpl (RaftServerImpl.java:setRole(171)) - eaecb802-43fa-4ea7-a083-8b0e18722e0b:group-136434FE4CE7 changes role from CANDIDATE to LEADER at term 1 for changeToLeader
2019-07-30 23:11:33,759 INFO  impl.RaftServerImpl (ServerState.java:setLeader(263)) - eaecb802-43fa-4ea7-a083-8b0e18722e0b:group-136434FE4CE7 change Leader from null to eaecb802-43fa-4ea7-a083-8b0e18722e0b at term 1 for becomeLeader, leader elected after 5067ms
2019-07-30 23:11:33,759 INFO  server.RaftServerConfigKeys (ConfUtils.java:logGet(43)) - raft.server.staging.catchup.gap = 1000 (default)
2019-07-30 23:11:33,759 INFO  server.RaftServerConfigKeys (ConfUtils.java:logGet(43)) - raft.server.rpc.sleep.time = 25ms (default)
2019-07-30 23:11:33,760 INFO  server.RaftServerConfigKeys (ConfUtils.java:logGet(43)) - raft.server.write.element-limit = 4096 (default)
2019-07-30 23:11:33,760 INFO  server.RaftServerConfigKeys (ConfUtils.java:logGet(43)) - raft.server.watch.timeout = 10s (default)
2019-07-30 23:11:33,760 INFO  server.RaftServerConfigKeys (ConfUtils.java:logGet(43)) - raft.server.watch.timeout.denomination = 1s (default)
2019-07-30 23:11:33,760 INFO  server.RaftServerConfigKeys (ConfUtils.java:logGet(43)) - raft.server.watch.element-limit = 65536 (default)
2019-07-30 23:11:33,760 INFO  impl.RoleInfo (RoleInfo.java:updateAndGet(143)) - eaecb802-43fa-4ea7-a083-8b0e18722e0b: start LeaderState
2019-07-30 23:11:33,761 INFO  segmented.SegmentedRaftLogWorker (SegmentedRaftLogWorker.java:startLogSegment(380)) - eaecb802-43fa-4ea7-a083-8b0e18722e0b-SegmentedRaftLogWorker:Storage Directory /workdir/hadoop-ozone/integration-test/target/test-dir/MiniOzoneClusterImpl-ebe44233-41fb-4a8e-8173-29743ddef8ad/datanode-0/data/ratis/10987245-7f05-4d08-b413-136434fe4ce7: Starting segment from index:0
2019-07-30 23:11:33,762 INFO  impl.RaftServerImpl (ServerState.java:setRaftConf(361)) - eaecb802-43fa-4ea7-a083-8b0e18722e0b:group-136434FE4CE7 set configuration 0: [eaecb802-43fa-4ea7-a083-8b0e18722e0b:192.168.5.171:34807], old=null at 0
2019-07-30 23:11:33,805 INFO  segmented.SegmentedRaftLogWorker (SegmentedRaftLogWorker.java:execute(569)) - eaecb802-43fa-4ea7-a083-8b0e18722e0b-SegmentedRaftLogWorker:Storage Directory /workdir/hadoop-ozone/integration-test/target/test-dir/MiniOzoneClusterImpl-ebe44233-41fb-4a8e-8173-29743ddef8ad/datanode-0/data/ratis/10987245-7f05-4d08-b413-136434fe4ce7: created new log segment /workdir/hadoop-ozone/integration-test/target/test-dir/MiniOzoneClusterImpl-ebe44233-41fb-4a8e-8173-29743ddef8ad/datanode-0/data/ratis/10987245-7f05-4d08-b413-136434fe4ce7/current/log_inprogress_0
2019-07-30 23:11:33,988 INFO  impl.FollowerState (FollowerState.java:run(106)) - 66e2eb1b-ad33-427e-a453-da9ee6158a8a:group-70DBEBCABE83 changes to CANDIDATE, lastRpcTime:5045, electionTimeout:5045ms
2019-07-30 23:11:33,988 INFO  impl.RoleInfo (RoleInfo.java:shutdownFollowerState(121)) - 66e2eb1b-ad33-427e-a453-da9ee6158a8a: shutdown FollowerState
2019-07-30 23:11:33,988 INFO  impl.RaftServerImpl (RaftServerImpl.java:setRole(171)) - 66e2eb1b-ad33-427e-a453-da9ee6158a8a:group-70DBEBCABE83 changes role from FOLLOWER to CANDIDATE at term 0 for changeToCandidate
2019-07-30 23:11:33,988 INFO  impl.RoleInfo (RoleInfo.java:updateAndGet(143)) - 66e2eb1b-ad33-427e-a453-da9ee6158a8a: start LeaderElection
2019-07-30 23:11:34,002 INFO  impl.LeaderElection (LeaderElection.java:askForVotes(181)) - 66e2eb1b-ad33-427e-a453-da9ee6158a8a:group-70DBEBCABE83:LeaderElection84: begin an election at term 1 for -1: [66e2eb1b-ad33-427e-a453-da9ee6158a8a:192.168.5.171:36122], old=null
2019-07-30 23:11:34,002 INFO  impl.RoleInfo (RoleInfo.java:shutdownLeaderElection(134)) - 66e2eb1b-ad33-427e-a453-da9ee6158a8a: shutdown LeaderElection
2019-07-30 23:11:34,002 INFO  impl.RaftServerImpl (RaftServerImpl.java:setRole(171)) - 66e2eb1b-ad33-427e-a453-da9ee6158a8a:group-70DBEBCABE83 changes role from CANDIDATE to LEADER at term 1 for changeToLeader
2019-07-30 23:11:34,002 INFO  impl.RaftServerImpl (ServerState.java:setLeader(263)) - 66e2eb1b-ad33-427e-a453-da9ee6158a8a:group-70DBEBCABE83 change Leader from null to 66e2eb1b-ad33-427e-a453-da9ee6158a8a at term 1 for becomeLeader, leader elected after 5064ms
2019-07-30 23:11:34,002 INFO  server.RaftServerConfigKeys (ConfUtils.java:logGet(43)) - raft.server.staging.catchup.gap = 1000 (default)
2019-07-30 23:11:34,002 INFO  server.RaftServerConfigKeys (ConfUtils.java:logGet(43)) - raft.server.rpc.sleep.time = 25ms (default)
2019-07-30 23:11:34,002 INFO  server.RaftServerConfigKeys (ConfUtils.java:logGet(43)) - raft.server.write.element-limit = 4096 (default)
2019-07-30 23:11:34,003 INFO  server.RaftServerConfigKeys (ConfUtils.java:logGet(43)) - raft.server.watch.timeout = 10s (default)
2019-07-30 23:11:34,003 INFO  server.RaftServerConfigKeys (ConfUtils.java:logGet(43)) - raft.server.watch.timeout.denomination = 1s (default)
2019-07-30 23:11:34,003 INFO  server.RaftServerConfigKeys (ConfUtils.java:logGet(43)) - raft.server.watch.element-limit = 65536 (default)
2019-07-30 23:11:34,003 INFO  impl.RoleInfo (RoleInfo.java:updateAndGet(143)) - 66e2eb1b-ad33-427e-a453-da9ee6158a8a: start LeaderState
2019-07-30 23:11:34,004 INFO  segmented.SegmentedRaftLogWorker (SegmentedRaftLogWorker.java:startLogSegment(380)) - 66e2eb1b-ad33-427e-a453-da9ee6158a8a-SegmentedRaftLogWorker:Storage Directory /workdir/hadoop-ozone/integration-test/target/test-dir/MiniOzoneClusterImpl-ebe44233-41fb-4a8e-8173-29743ddef8ad/datanode-1/data/ratis/5ed60336-e816-4add-8563-70dbebcabe83: Starting segment from index:0
2019-07-30 23:11:34,004 INFO  impl.RaftServerImpl (ServerState.java:setRaftConf(361)) - 66e2eb1b-ad33-427e-a453-da9ee6158a8a:group-70DBEBCABE83 set configuration 0: [66e2eb1b-ad33-427e-a453-da9ee6158a8a:192.168.5.171:36122], old=null at 0
2019-07-30 23:11:34,038 INFO  segmented.SegmentedRaftLogWorker (SegmentedRaftLogWorker.java:execute(569)) - 66e2eb1b-ad33-427e-a453-da9ee6158a8a-SegmentedRaftLogWorker:Storage Directory /workdir/hadoop-ozone/integration-test/target/test-dir/MiniOzoneClusterImpl-ebe44233-41fb-4a8e-8173-29743ddef8ad/datanode-1/data/ratis/5ed60336-e816-4add-8563-70dbebcabe83: created new log segment /workdir/hadoop-ozone/integration-test/target/test-dir/MiniOzoneClusterImpl-ebe44233-41fb-4a8e-8173-29743ddef8ad/datanode-1/data/ratis/5ed60336-e816-4add-8563-70dbebcabe83/current/log_inprogress_0
2019-07-30 23:11:34,225 INFO  impl.FollowerState (FollowerState.java:run(106)) - e7307b16-d7cb-4cdf-b0bb-cf5c3f8d35b1:group-E87A56D34E89 changes to CANDIDATE, lastRpcTime:5004, electionTimeout:5004ms
2019-07-30 23:11:34,225 INFO  impl.RoleInfo (RoleInfo.java:shutdownFollowerState(121)) - e7307b16-d7cb-4cdf-b0bb-cf5c3f8d35b1: shutdown FollowerState
2019-07-30 23:11:34,225 INFO  impl.RaftServerImpl (RaftServerImpl.java:setRole(171)) - e7307b16-d7cb-4cdf-b0bb-cf5c3f8d35b1:group-E87A56D34E89 changes role from FOLLOWER to CANDIDATE at term 0 for changeToCandidate
2019-07-30 23:11:34,225 INFO  impl.RoleInfo (RoleInfo.java:updateAndGet(143)) - e7307b16-d7cb-4cdf-b0bb-cf5c3f8d35b1: start LeaderElection
2019-07-30 23:11:34,249 INFO  impl.LeaderElection (LeaderElection.java:askForVotes(181)) - e7307b16-d7cb-4cdf-b0bb-cf5c3f8d35b1:group-E87A56D34E89:LeaderElection85: begin an election at term 1 for -1: [e7307b16-d7cb-4cdf-b0bb-cf5c3f8d35b1:192.168.5.171:36208], old=null
2019-07-30 23:11:34,249 INFO  impl.RoleInfo (RoleInfo.java:shutdownLeaderElection(134)) - e7307b16-d7cb-4cdf-b0bb-cf5c3f8d35b1: shutdown LeaderElection
2019-07-30 23:11:34,249 INFO  impl.RaftServerImpl (RaftServerImpl.java:setRole(171)) - e7307b16-d7cb-4cdf-b0bb-cf5c3f8d35b1:group-E87A56D34E89 changes role from CANDIDATE to LEADER at term 1 for changeToLeader
2019-07-30 23:11:34,249 INFO  impl.RaftServerImpl (ServerState.java:setLeader(263)) - e7307b16-d7cb-4cdf-b0bb-cf5c3f8d35b1:group-E87A56D34E89 change Leader from null to e7307b16-d7cb-4cdf-b0bb-cf5c3f8d35b1 at term 1 for becomeLeader, leader elected after 5033ms
2019-07-30 23:11:34,249 INFO  server.RaftServerConfigKeys (ConfUtils.java:logGet(43)) - raft.server.staging.catchup.gap = 1000 (default)
2019-07-30 23:11:34,250 INFO  server.RaftServerConfigKeys (ConfUtils.java:logGet(43)) - raft.server.rpc.sleep.time = 25ms (default)
2019-07-30 23:11:34,250 INFO  server.RaftServerConfigKeys (ConfUtils.java:logGet(43)) - raft.server.write.element-limit = 4096 (default)
2019-07-30 23:11:34,250 INFO  server.RaftServerConfigKeys (ConfUtils.java:logGet(43)) - raft.server.watch.timeout = 10s (default)
2019-07-30 23:11:34,250 INFO  server.RaftServerConfigKeys (ConfUtils.java:logGet(43)) - raft.server.watch.timeout.denomination = 1s (default)
2019-07-30 23:11:34,250 INFO  server.RaftServerConfigKeys (ConfUtils.java:logGet(43)) - raft.server.watch.element-limit = 65536 (default)
2019-07-30 23:11:34,251 INFO  impl.RoleInfo (RoleInfo.java:updateAndGet(143)) - e7307b16-d7cb-4cdf-b0bb-cf5c3f8d35b1: start LeaderState
2019-07-30 23:11:34,251 INFO  segmented.SegmentedRaftLogWorker (SegmentedRaftLogWorker.java:startLogSegment(380)) - e7307b16-d7cb-4cdf-b0bb-cf5c3f8d35b1-SegmentedRaftLogWorker:Storage Directory /workdir/hadoop-ozone/integration-test/target/test-dir/MiniOzoneClusterImpl-ebe44233-41fb-4a8e-8173-29743ddef8ad/datanode-2/data/ratis/6983d84c-6f07-4090-b900-e87a56d34e89: Starting segment from index:0
2019-07-30 23:11:34,252 INFO  impl.RaftServerImpl (ServerState.java:setRaftConf(361)) - e7307b16-d7cb-4cdf-b0bb-cf5c3f8d35b1:group-E87A56D34E89 set configuration 0: [e7307b16-d7cb-4cdf-b0bb-cf5c3f8d35b1:192.168.5.171:36208], old=null at 0
2019-07-30 23:11:34,315 INFO  segmented.SegmentedRaftLogWorker (SegmentedRaftLogWorker.java:execute(569)) - e7307b16-d7cb-4cdf-b0bb-cf5c3f8d35b1-SegmentedRaftLogWorker:Storage Directory /workdir/hadoop-ozone/integration-test/target/test-dir/MiniOzoneClusterImpl-ebe44233-41fb-4a8e-8173-29743ddef8ad/datanode-2/data/ratis/6983d84c-6f07-4090-b900-e87a56d34e89: created new log segment /workdir/hadoop-ozone/integration-test/target/test-dir/MiniOzoneClusterImpl-ebe44233-41fb-4a8e-8173-29743ddef8ad/datanode-2/data/ratis/6983d84c-6f07-4090-b900-e87a56d34e89/current/log_inprogress_0
2019-07-30 23:11:34,344 INFO  impl.FollowerState (FollowerState.java:run(106)) - e7307b16-d7cb-4cdf-b0bb-cf5c3f8d35b1:group-04D5F4C477BB changes to CANDIDATE, lastRpcTime:5057, electionTimeout:5057ms
2019-07-30 23:11:34,344 INFO  impl.RoleInfo (RoleInfo.java:shutdownFollowerState(121)) - e7307b16-d7cb-4cdf-b0bb-cf5c3f8d35b1: shutdown FollowerState
2019-07-30 23:11:34,344 INFO  impl.RaftServerImpl (RaftServerImpl.java:setRole(171)) - e7307b16-d7cb-4cdf-b0bb-cf5c3f8d35b1:group-04D5F4C477BB changes role from FOLLOWER to CANDIDATE at term 0 for changeToCandidate
2019-07-30 23:11:34,345 INFO  impl.RoleInfo (RoleInfo.java:updateAndGet(143)) - e7307b16-d7cb-4cdf-b0bb-cf5c3f8d35b1: start LeaderElection
2019-07-30 23:11:34,359 INFO  impl.LeaderElection (LeaderElection.java:askForVotes(181)) - e7307b16-d7cb-4cdf-b0bb-cf5c3f8d35b1:group-04D5F4C477BB:LeaderElection86: begin an election at term 1 for -1: [66e2eb1b-ad33-427e-a453-da9ee6158a8a:192.168.5.171:36122, eaecb802-43fa-4ea7-a083-8b0e18722e0b:192.168.5.171:34807, e7307b16-d7cb-4cdf-b0bb-cf5c3f8d35b1:192.168.5.171:36208], old=null
2019-07-30 23:11:34,368 INFO  impl.RaftServerImpl (RaftServerImpl.java:setRole(171)) - eaecb802-43fa-4ea7-a083-8b0e18722e0b:group-04D5F4C477BB changes role from FOLLOWER to FOLLOWER at term 1 for recognizeCandidate:e7307b16-d7cb-4cdf-b0bb-cf5c3f8d35b1
2019-07-30 23:11:34,368 INFO  impl.RaftServerImpl (RaftServerImpl.java:setRole(171)) - 66e2eb1b-ad33-427e-a453-da9ee6158a8a:group-04D5F4C477BB changes role from FOLLOWER to FOLLOWER at term 1 for recognizeCandidate:e7307b16-d7cb-4cdf-b0bb-cf5c3f8d35b1
2019-07-30 23:11:34,369 INFO  impl.RoleInfo (RoleInfo.java:shutdownFollowerState(121)) - eaecb802-43fa-4ea7-a083-8b0e18722e0b: shutdown FollowerState
2019-07-30 23:11:34,369 INFO  impl.RoleInfo (RoleInfo.java:shutdownFollowerState(121)) - 66e2eb1b-ad33-427e-a453-da9ee6158a8a: shutdown FollowerState
2019-07-30 23:11:34,369 INFO  impl.FollowerState (FollowerState.java:run(114)) - eaecb802-43fa-4ea7-a083-8b0e18722e0b: FollowerState was interrupted: java.lang.InterruptedException: sleep interrupted
2019-07-30 23:11:34,369 INFO  impl.RoleInfo (RoleInfo.java:updateAndGet(143)) - eaecb802-43fa-4ea7-a083-8b0e18722e0b: start FollowerState
2019-07-30 23:11:34,370 INFO  impl.FollowerState (FollowerState.java:run(114)) - 66e2eb1b-ad33-427e-a453-da9ee6158a8a: FollowerState was interrupted: java.lang.InterruptedException: sleep interrupted
2019-07-30 23:11:34,369 INFO  impl.RoleInfo (RoleInfo.java:updateAndGet(143)) - 66e2eb1b-ad33-427e-a453-da9ee6158a8a: start FollowerState
2019-07-30 23:11:34,384 INFO  impl.LeaderElection (LeaderElection.java:logAndReturn(56)) - e7307b16-d7cb-4cdf-b0bb-cf5c3f8d35b1:group-04D5F4C477BB:LeaderElection86: Election PASSED; received 1 response(s) [e7307b16-d7cb-4cdf-b0bb-cf5c3f8d35b1<-eaecb802-43fa-4ea7-a083-8b0e18722e0b#0:OK-t1] and 0 exception(s); e7307b16-d7cb-4cdf-b0bb-cf5c3f8d35b1:t1, leader=null, voted=e7307b16-d7cb-4cdf-b0bb-cf5c3f8d35b1, raftlog=e7307b16-d7cb-4cdf-b0bb-cf5c3f8d35b1-SegmentedRaftLog:OPENED:c-1,f-1,i0, conf=-1: [66e2eb1b-ad33-427e-a453-da9ee6158a8a:192.168.5.171:36122, eaecb802-43fa-4ea7-a083-8b0e18722e0b:192.168.5.171:34807, e7307b16-d7cb-4cdf-b0bb-cf5c3f8d35b1:192.168.5.171:36208], old=null
2019-07-30 23:11:34,384 INFO  impl.RoleInfo (RoleInfo.java:shutdownLeaderElection(134)) - e7307b16-d7cb-4cdf-b0bb-cf5c3f8d35b1: shutdown LeaderElection
2019-07-30 23:11:34,384 INFO  impl.RaftServerImpl (RaftServerImpl.java:setRole(171)) - e7307b16-d7cb-4cdf-b0bb-cf5c3f8d35b1:group-04D5F4C477BB changes role from CANDIDATE to LEADER at term 1 for changeToLeader
2019-07-30 23:11:34,384 INFO  impl.RaftServerImpl (ServerState.java:setLeader(263)) - e7307b16-d7cb-4cdf-b0bb-cf5c3f8d35b1:group-04D5F4C477BB change Leader from null to e7307b16-d7cb-4cdf-b0bb-cf5c3f8d35b1 at term 1 for becomeLeader, leader elected after 5105ms
2019-07-30 23:11:34,384 INFO  server.RaftServerConfigKeys (ConfUtils.java:logGet(43)) - raft.server.staging.catchup.gap = 1000 (default)
2019-07-30 23:11:34,384 INFO  server.RaftServerConfigKeys (ConfUtils.java:logGet(43)) - raft.server.rpc.sleep.time = 25ms (default)
2019-07-30 23:11:34,385 INFO  server.RaftServerConfigKeys (ConfUtils.java:logGet(43)) - raft.server.write.element-limit = 4096 (default)
2019-07-30 23:11:34,385 INFO  server.RaftServerConfigKeys (ConfUtils.java:logGet(43)) - raft.server.watch.timeout = 10s (default)
2019-07-30 23:11:34,385 INFO  server.RaftServerConfigKeys (ConfUtils.java:logGet(43)) - raft.server.watch.timeout.denomination = 1s (default)
2019-07-30 23:11:34,385 INFO  server.RaftServerConfigKeys (ConfUtils.java:logGet(43)) - raft.server.watch.element-limit = 65536 (default)
2019-07-30 23:11:34,385 INFO  server.RaftServerConfigKeys (ConfUtils.java:logGet(43)) - raft.server.log.appender.snapshot.chunk.size.max = 16MB (=16777216) (default)
2019-07-30 23:11:34,386 INFO  server.RaftServerConfigKeys (ConfUtils.java:logGet(43)) - raft.server.log.appender.buffer.byte-limit = 33554432 (custom)
2019-07-30 23:11:34,386 INFO  server.RaftServerConfigKeys (ConfUtils.java:logGet(43)) - raft.server.log.appender.buffer.element-limit = 1 (custom)
2019-07-30 23:11:34,386 INFO  grpc.GrpcConfigKeys$Server (ConfUtils.java:logGet(43)) - raft.grpc.server.leader.outstanding.appends.max = 128 (default)
2019-07-30 23:11:34,386 INFO  server.RaftServerConfigKeys (ConfUtils.java:logGet(43)) - raft.server.rpc.request.timeout = 3000ms (default)
2019-07-30 23:11:34,386 INFO  server.RaftServerConfigKeys (ConfUtils.java:logGet(43)) - raft.server.log.appender.install.snapshot.enabled = false (custom)
2019-07-30 23:11:34,387 INFO  server.RaftServerConfigKeys (ConfUtils.java:logGet(43)) - raft.server.log.appender.snapshot.chunk.size.max = 16MB (=16777216) (default)
2019-07-30 23:11:34,387 INFO  server.RaftServerConfigKeys (ConfUtils.java:logGet(43)) - raft.server.log.appender.buffer.byte-limit = 33554432 (custom)
2019-07-30 23:11:34,387 INFO  server.RaftServerConfigKeys (ConfUtils.java:logGet(43)) - raft.server.log.appender.buffer.element-limit = 1 (custom)
2019-07-30 23:11:34,387 INFO  grpc.GrpcConfigKeys$Server (ConfUtils.java:logGet(43)) - raft.grpc.server.leader.outstanding.appends.max = 128 (default)
2019-07-30 23:11:34,387 INFO  server.RaftServerConfigKeys (ConfUtils.java:logGet(43)) - raft.server.rpc.request.timeout = 3000ms (default)
2019-07-30 23:11:34,388 INFO  server.RaftServerConfigKeys (ConfUtils.java:logGet(43)) - raft.server.log.appender.install.snapshot.enabled = false (custom)
2019-07-30 23:11:34,388 INFO  impl.RoleInfo (RoleInfo.java:updateAndGet(143)) - e7307b16-d7cb-4cdf-b0bb-cf5c3f8d35b1: start LeaderState
2019-07-30 23:11:34,388 INFO  segmented.SegmentedRaftLogWorker (SegmentedRaftLogWorker.java:startLogSegment(380)) - e7307b16-d7cb-4cdf-b0bb-cf5c3f8d35b1-SegmentedRaftLogWorker:Storage Directory /workdir/hadoop-ozone/integration-test/target/test-dir/MiniOzoneClusterImpl-ebe44233-41fb-4a8e-8173-29743ddef8ad/datanode-2/data/ratis/edaaa6a5-66f0-4c3f-a939-04d5f4c477bb: Starting segment from index:0
2019-07-30 23:11:34,389 INFO  impl.RaftServerImpl (ServerState.java:setRaftConf(361)) - e7307b16-d7cb-4cdf-b0bb-cf5c3f8d35b1:group-04D5F4C477BB set configuration 0: [66e2eb1b-ad33-427e-a453-da9ee6158a8a:192.168.5.171:36122, eaecb802-43fa-4ea7-a083-8b0e18722e0b:192.168.5.171:34807, e7307b16-d7cb-4cdf-b0bb-cf5c3f8d35b1:192.168.5.171:36208], old=null at 0
2019-07-30 23:11:34,419 INFO  impl.RaftServerImpl (ServerState.java:setLeader(263)) - eaecb802-43fa-4ea7-a083-8b0e18722e0b:group-04D5F4C477BB change Leader from null to e7307b16-d7cb-4cdf-b0bb-cf5c3f8d35b1 at term 1 for appendEntries, leader elected after 5139ms
2019-07-30 23:11:34,419 INFO  impl.RaftServerImpl (ServerState.java:setLeader(263)) - 66e2eb1b-ad33-427e-a453-da9ee6158a8a:group-04D5F4C477BB change Leader from null to e7307b16-d7cb-4cdf-b0bb-cf5c3f8d35b1 at term 1 for appendEntries, leader elected after 5139ms
2019-07-30 23:11:34,422 INFO  impl.RaftServerImpl (ServerState.java:setRaftConf(361)) - eaecb802-43fa-4ea7-a083-8b0e18722e0b:group-04D5F4C477BB set configuration 0: [66e2eb1b-ad33-427e-a453-da9ee6158a8a:192.168.5.171:36122, eaecb802-43fa-4ea7-a083-8b0e18722e0b:192.168.5.171:34807, e7307b16-d7cb-4cdf-b0bb-cf5c3f8d35b1:192.168.5.171:36208], old=null at 0
2019-07-30 23:11:34,422 INFO  impl.RaftServerImpl (ServerState.java:setRaftConf(361)) - 66e2eb1b-ad33-427e-a453-da9ee6158a8a:group-04D5F4C477BB set configuration 0: [66e2eb1b-ad33-427e-a453-da9ee6158a8a:192.168.5.171:36122, eaecb802-43fa-4ea7-a083-8b0e18722e0b:192.168.5.171:34807, e7307b16-d7cb-4cdf-b0bb-cf5c3f8d35b1:192.168.5.171:36208], old=null at 0
2019-07-30 23:11:34,422 INFO  segmented.SegmentedRaftLogWorker (SegmentedRaftLogWorker.java:startLogSegment(380)) - eaecb802-43fa-4ea7-a083-8b0e18722e0b-SegmentedRaftLogWorker:Storage Directory /workdir/hadoop-ozone/integration-test/target/test-dir/MiniOzoneClusterImpl-ebe44233-41fb-4a8e-8173-29743ddef8ad/datanode-0/data/ratis/edaaa6a5-66f0-4c3f-a939-04d5f4c477bb: Starting segment from index:0
2019-07-30 23:11:34,422 INFO  segmented.SegmentedRaftLogWorker (SegmentedRaftLogWorker.java:startLogSegment(380)) - 66e2eb1b-ad33-427e-a453-da9ee6158a8a-SegmentedRaftLogWorker:Storage Directory /workdir/hadoop-ozone/integration-test/target/test-dir/MiniOzoneClusterImpl-ebe44233-41fb-4a8e-8173-29743ddef8ad/datanode-1/data/ratis/edaaa6a5-66f0-4c3f-a939-04d5f4c477bb: Starting segment from index:0
2019-07-30 23:11:34,424 INFO  segmented.SegmentedRaftLogWorker (SegmentedRaftLogWorker.java:execute(569)) - e7307b16-d7cb-4cdf-b0bb-cf5c3f8d35b1-SegmentedRaftLogWorker:Storage Directory /workdir/hadoop-ozone/integration-test/target/test-dir/MiniOzoneClusterImpl-ebe44233-41fb-4a8e-8173-29743ddef8ad/datanode-2/data/ratis/edaaa6a5-66f0-4c3f-a939-04d5f4c477bb: created new log segment /workdir/hadoop-ozone/integration-test/target/test-dir/MiniOzoneClusterImpl-ebe44233-41fb-4a8e-8173-29743ddef8ad/datanode-2/data/ratis/edaaa6a5-66f0-4c3f-a939-04d5f4c477bb/current/log_inprogress_0
2019-07-30 23:11:34,442 INFO  segmented.SegmentedRaftLogWorker (SegmentedRaftLogWorker.java:execute(569)) - 66e2eb1b-ad33-427e-a453-da9ee6158a8a-SegmentedRaftLogWorker:Storage Directory /workdir/hadoop-ozone/integration-test/target/test-dir/MiniOzoneClusterImpl-ebe44233-41fb-4a8e-8173-29743ddef8ad/datanode-1/data/ratis/edaaa6a5-66f0-4c3f-a939-04d5f4c477bb: created new log segment /workdir/hadoop-ozone/integration-test/target/test-dir/MiniOzoneClusterImpl-ebe44233-41fb-4a8e-8173-29743ddef8ad/datanode-1/data/ratis/edaaa6a5-66f0-4c3f-a939-04d5f4c477bb/current/log_inprogress_0
2019-07-30 23:11:34,442 INFO  segmented.SegmentedRaftLogWorker (SegmentedRaftLogWorker.java:execute(569)) - eaecb802-43fa-4ea7-a083-8b0e18722e0b-SegmentedRaftLogWorker:Storage Directory /workdir/hadoop-ozone/integration-test/target/test-dir/MiniOzoneClusterImpl-ebe44233-41fb-4a8e-8173-29743ddef8ad/datanode-0/data/ratis/edaaa6a5-66f0-4c3f-a939-04d5f4c477bb: created new log segment /workdir/hadoop-ozone/integration-test/target/test-dir/MiniOzoneClusterImpl-ebe44233-41fb-4a8e-8173-29743ddef8ad/datanode-0/data/ratis/edaaa6a5-66f0-4c3f-a939-04d5f4c477bb/current/log_inprogress_0
2019-07-30 23:11:34,458 INFO  client.GrpcClientProtocolClient (GrpcClientProtocolClient.java:onNext(255)) - client-6F8366443F2B->36c57446-f5e2-4e56-a057-2c3cc200a735: receive RaftClientReply:client-6F8366443F2B->36c57446-f5e2-4e56-a057-2c3cc200a735@group-72A3A3B9AF68, cid=215, FAILED org.apache.ratis.protocol.NotLeaderException: Server 36c57446-f5e2-4e56-a057-2c3cc200a735 is not the leader (null). Request must be sent to leader., logIndex=0, commits[36c57446-f5e2-4e56-a057-2c3cc200a735:c-1]
2019-07-30 23:11:34,773 INFO  impl.FollowerState (FollowerState.java:run(106)) - 36c57446-f5e2-4e56-a057-2c3cc200a735:group-A332750CFC33 changes to CANDIDATE, lastRpcTime:5040, electionTimeout:5040ms
2019-07-30 23:11:34,773 INFO  impl.RoleInfo (RoleInfo.java:shutdownFollowerState(121)) - 36c57446-f5e2-4e56-a057-2c3cc200a735: shutdown FollowerState
2019-07-30 23:11:34,774 INFO  impl.RaftServerImpl (RaftServerImpl.java:setRole(171)) - 36c57446-f5e2-4e56-a057-2c3cc200a735:group-A332750CFC33 changes role from FOLLOWER to CANDIDATE at term 0 for changeToCandidate
2019-07-30 23:11:34,774 INFO  impl.RoleInfo (RoleInfo.java:updateAndGet(143)) - 36c57446-f5e2-4e56-a057-2c3cc200a735: start LeaderElection
2019-07-30 23:11:34,796 INFO  impl.LeaderElection (LeaderElection.java:askForVotes(181)) - 36c57446-f5e2-4e56-a057-2c3cc200a735:group-A332750CFC33:LeaderElection87: begin an election at term 1 for -1: [36c57446-f5e2-4e56-a057-2c3cc200a735:192.168.5.171:38061], old=null
2019-07-30 23:11:34,796 INFO  impl.RoleInfo (RoleInfo.java:shutdownLeaderElection(134)) - 36c57446-f5e2-4e56-a057-2c3cc200a735: shutdown LeaderElection
2019-07-30 23:11:34,797 INFO  impl.RaftServerImpl (RaftServerImpl.java:setRole(171)) - 36c57446-f5e2-4e56-a057-2c3cc200a735:group-A332750CFC33 changes role from CANDIDATE to LEADER at term 1 for changeToLeader
2019-07-30 23:11:34,797 INFO  impl.RaftServerImpl (ServerState.java:setLeader(263)) - 36c57446-f5e2-4e56-a057-2c3cc200a735:group-A332750CFC33 change Leader from null to 36c57446-f5e2-4e56-a057-2c3cc200a735 at term 1 for becomeLeader, leader elected after 5068ms
2019-07-30 23:11:34,797 INFO  server.RaftServerConfigKeys (ConfUtils.java:logGet(43)) - raft.server.staging.catchup.gap = 1000 (default)
2019-07-30 23:11:34,797 INFO  server.RaftServerConfigKeys (ConfUtils.java:logGet(43)) - raft.server.rpc.sleep.time = 25ms (default)
2019-07-30 23:11:34,797 INFO  server.RaftServerConfigKeys (ConfUtils.java:logGet(43)) - raft.server.write.element-limit = 4096 (default)
2019-07-30 23:11:34,797 INFO  server.RaftServerConfigKeys (ConfUtils.java:logGet(43)) - raft.server.watch.timeout = 10s (default)
2019-07-30 23:11:34,798 INFO  server.RaftServerConfigKeys (ConfUtils.java:logGet(43)) - raft.server.watch.timeout.denomination = 1s (default)
2019-07-30 23:11:34,798 INFO  server.RaftServerConfigKeys (ConfUtils.java:logGet(43)) - raft.server.watch.element-limit = 65536 (default)
2019-07-30 23:11:34,798 INFO  impl.RoleInfo (RoleInfo.java:updateAndGet(143)) - 36c57446-f5e2-4e56-a057-2c3cc200a735: start LeaderState
2019-07-30 23:11:34,798 INFO  segmented.SegmentedRaftLogWorker (SegmentedRaftLogWorker.java:startLogSegment(380)) - 36c57446-f5e2-4e56-a057-2c3cc200a735-SegmentedRaftLogWorker:Storage Directory /workdir/hadoop-ozone/integration-test/target/test-dir/MiniOzoneClusterImpl-ebe44233-41fb-4a8e-8173-29743ddef8ad/datanode-3/data/ratis/eb95c6d7-7e9f-40af-8954-a332750cfc33: Starting segment from index:0
2019-07-30 23:11:34,799 INFO  impl.RaftServerImpl (ServerState.java:setRaftConf(361)) - 36c57446-f5e2-4e56-a057-2c3cc200a735:group-A332750CFC33 set configuration 0: [36c57446-f5e2-4e56-a057-2c3cc200a735:192.168.5.171:38061], old=null at 0
2019-07-30 23:11:34,825 INFO  segmented.SegmentedRaftLogWorker (SegmentedRaftLogWorker.java:execute(569)) - 36c57446-f5e2-4e56-a057-2c3cc200a735-SegmentedRaftLogWorker:Storage Directory /workdir/hadoop-ozone/integration-test/target/test-dir/MiniOzoneClusterImpl-ebe44233-41fb-4a8e-8173-29743ddef8ad/datanode-3/data/ratis/eb95c6d7-7e9f-40af-8954-a332750cfc33: created new log segment /workdir/hadoop-ozone/integration-test/target/test-dir/MiniOzoneClusterImpl-ebe44233-41fb-4a8e-8173-29743ddef8ad/datanode-3/data/ratis/eb95c6d7-7e9f-40af-8954-a332750cfc33/current/log_inprogress_0
2019-07-30 23:11:35,047 INFO  impl.FollowerState (FollowerState.java:run(106)) - ad7ed92e-ee6a-47ae-a47a-72f719be0302:group-CDFD256F376A changes to CANDIDATE, lastRpcTime:5063, electionTimeout:5063ms
2019-07-30 23:11:35,048 INFO  impl.RoleInfo (RoleInfo.java:shutdownFollowerState(121)) - ad7ed92e-ee6a-47ae-a47a-72f719be0302: shutdown FollowerState
2019-07-30 23:11:35,048 INFO  impl.RaftServerImpl (RaftServerImpl.java:setRole(171)) - ad7ed92e-ee6a-47ae-a47a-72f719be0302:group-CDFD256F376A changes role from FOLLOWER to CANDIDATE at term 0 for changeToCandidate
2019-07-30 23:11:35,048 INFO  impl.RoleInfo (RoleInfo.java:updateAndGet(143)) - ad7ed92e-ee6a-47ae-a47a-72f719be0302: start LeaderElection
2019-07-30 23:11:35,068 INFO  impl.LeaderElection (LeaderElection.java:askForVotes(181)) - ad7ed92e-ee6a-47ae-a47a-72f719be0302:group-CDFD256F376A:LeaderElection88: begin an election at term 1 for -1: [ad7ed92e-ee6a-47ae-a47a-72f719be0302:192.168.5.171:42501], old=null
2019-07-30 23:11:35,068 INFO  impl.RoleInfo (RoleInfo.java:shutdownLeaderElection(134)) - ad7ed92e-ee6a-47ae-a47a-72f719be0302: shutdown LeaderElection
2019-07-30 23:11:35,068 INFO  impl.RaftServerImpl (RaftServerImpl.java:setRole(171)) - ad7ed92e-ee6a-47ae-a47a-72f719be0302:group-CDFD256F376A changes role from CANDIDATE to LEADER at term 1 for changeToLeader
2019-07-30 23:11:35,068 INFO  impl.RaftServerImpl (ServerState.java:setLeader(263)) - ad7ed92e-ee6a-47ae-a47a-72f719be0302:group-CDFD256F376A change Leader from null to ad7ed92e-ee6a-47ae-a47a-72f719be0302 at term 1 for becomeLeader, leader elected after 5088ms
2019-07-30 23:11:35,068 INFO  server.RaftServerConfigKeys (ConfUtils.java:logGet(43)) - raft.server.staging.catchup.gap = 1000 (default)
2019-07-30 23:11:35,068 INFO  server.RaftServerConfigKeys (ConfUtils.java:logGet(43)) - raft.server.rpc.sleep.time = 25ms (default)
2019-07-30 23:11:35,069 INFO  server.RaftServerConfigKeys (ConfUtils.java:logGet(43)) - raft.server.write.element-limit = 4096 (default)
2019-07-30 23:11:35,069 INFO  server.RaftServerConfigKeys (ConfUtils.java:logGet(43)) - raft.server.watch.timeout = 10s (default)
2019-07-30 23:11:35,069 INFO  server.RaftServerConfigKeys (ConfUtils.java:logGet(43)) - raft.server.watch.timeout.denomination = 1s (default)
2019-07-30 23:11:35,069 INFO  server.RaftServerConfigKeys (ConfUtils.java:logGet(43)) - raft.server.watch.element-limit = 65536 (default)
2019-07-30 23:11:35,069 INFO  impl.RoleInfo (RoleInfo.java:updateAndGet(143)) - ad7ed92e-ee6a-47ae-a47a-72f719be0302: start LeaderState
2019-07-30 23:11:35,069 INFO  segmented.SegmentedRaftLogWorker (SegmentedRaftLogWorker.java:startLogSegment(380)) - ad7ed92e-ee6a-47ae-a47a-72f719be0302-SegmentedRaftLogWorker:Storage Directory /workdir/hadoop-ozone/integration-test/target/test-dir/MiniOzoneClusterImpl-ebe44233-41fb-4a8e-8173-29743ddef8ad/datanode-4/data/ratis/59120429-3236-4b1a-9285-cdfd256f376a: Starting segment from index:0
2019-07-30 23:11:35,070 INFO  impl.RaftServerImpl (ServerState.java:setRaftConf(361)) - ad7ed92e-ee6a-47ae-a47a-72f719be0302:group-CDFD256F376A set configuration 0: [ad7ed92e-ee6a-47ae-a47a-72f719be0302:192.168.5.171:42501], old=null at 0
2019-07-30 23:11:35,093 INFO  segmented.SegmentedRaftLogWorker (SegmentedRaftLogWorker.java:execute(569)) - ad7ed92e-ee6a-47ae-a47a-72f719be0302-SegmentedRaftLogWorker:Storage Directory /workdir/hadoop-ozone/integration-test/target/test-dir/MiniOzoneClusterImpl-ebe44233-41fb-4a8e-8173-29743ddef8ad/datanode-4/data/ratis/59120429-3236-4b1a-9285-cdfd256f376a: created new log segment /workdir/hadoop-ozone/integration-test/target/test-dir/MiniOzoneClusterImpl-ebe44233-41fb-4a8e-8173-29743ddef8ad/datanode-4/data/ratis/59120429-3236-4b1a-9285-cdfd256f376a/current/log_inprogress_0
2019-07-30 23:11:35,277 INFO  impl.FollowerState (FollowerState.java:run(106)) - 63fbe650-6a5a-48da-9f6d-3566b7d3d61e:group-72A3A3B9AF68 changes to CANDIDATE, lastRpcTime:5041, electionTimeout:5041ms
2019-07-30 23:11:35,278 INFO  impl.RoleInfo (RoleInfo.java:shutdownFollowerState(121)) - 63fbe650-6a5a-48da-9f6d-3566b7d3d61e: shutdown FollowerState
2019-07-30 23:11:35,278 INFO  impl.RaftServerImpl (RaftServerImpl.java:setRole(171)) - 63fbe650-6a5a-48da-9f6d-3566b7d3d61e:group-72A3A3B9AF68 changes role from FOLLOWER to CANDIDATE at term 0 for changeToCandidate
2019-07-30 23:11:35,278 INFO  impl.RoleInfo (RoleInfo.java:updateAndGet(143)) - 63fbe650-6a5a-48da-9f6d-3566b7d3d61e: start LeaderElection
2019-07-30 23:11:35,278 INFO  impl.FollowerState (FollowerState.java:run(106)) - 36c57446-f5e2-4e56-a057-2c3cc200a735:group-72A3A3B9AF68 changes to CANDIDATE, lastRpcTime:5045, electionTimeout:5045ms
2019-07-30 23:11:35,278 INFO  impl.RoleInfo (RoleInfo.java:shutdownFollowerState(121)) - 36c57446-f5e2-4e56-a057-2c3cc200a735: shutdown FollowerState
2019-07-30 23:11:35,278 INFO  impl.RaftServerImpl (RaftServerImpl.java:setRole(171)) - 36c57446-f5e2-4e56-a057-2c3cc200a735:group-72A3A3B9AF68 changes role from FOLLOWER to CANDIDATE at term 0 for changeToCandidate
2019-07-30 23:11:35,284 INFO  impl.RoleInfo (RoleInfo.java:updateAndGet(143)) - 36c57446-f5e2-4e56-a057-2c3cc200a735: start LeaderElection
2019-07-30 23:11:35,301 INFO  impl.LeaderElection (LeaderElection.java:askForVotes(181)) - 36c57446-f5e2-4e56-a057-2c3cc200a735:group-72A3A3B9AF68:LeaderElection90: begin an election at term 1 for -1: [36c57446-f5e2-4e56-a057-2c3cc200a735:192.168.5.171:38061, ad7ed92e-ee6a-47ae-a47a-72f719be0302:192.168.5.171:42501, 63fbe650-6a5a-48da-9f6d-3566b7d3d61e:192.168.5.171:39562], old=null
2019-07-30 23:11:35,301 INFO  impl.LeaderElection (LeaderElection.java:askForVotes(181)) - 63fbe650-6a5a-48da-9f6d-3566b7d3d61e:group-72A3A3B9AF68:LeaderElection89: begin an election at term 1 for -1: [36c57446-f5e2-4e56-a057-2c3cc200a735:192.168.5.171:38061, ad7ed92e-ee6a-47ae-a47a-72f719be0302:192.168.5.171:42501, 63fbe650-6a5a-48da-9f6d-3566b7d3d61e:192.168.5.171:39562], old=null
2019-07-30 23:11:35,306 INFO  impl.RaftServerImpl (RaftServerImpl.java:setRole(171)) - ad7ed92e-ee6a-47ae-a47a-72f719be0302:group-72A3A3B9AF68 changes role from FOLLOWER to FOLLOWER at term 1 for recognizeCandidate:36c57446-f5e2-4e56-a057-2c3cc200a735
2019-07-30 23:11:35,306 INFO  impl.RoleInfo (RoleInfo.java:shutdownFollowerState(121)) - ad7ed92e-ee6a-47ae-a47a-72f719be0302: shutdown FollowerState
2019-07-30 23:11:35,306 INFO  impl.RoleInfo (RoleInfo.java:updateAndGet(143)) - ad7ed92e-ee6a-47ae-a47a-72f719be0302: start FollowerState
2019-07-30 23:11:35,306 INFO  impl.FollowerState (FollowerState.java:run(114)) - ad7ed92e-ee6a-47ae-a47a-72f719be0302: FollowerState was interrupted: java.lang.InterruptedException: sleep interrupted
2019-07-30 23:11:35,319 INFO  impl.LeaderElection (LeaderElection.java:logAndReturn(56)) - 36c57446-f5e2-4e56-a057-2c3cc200a735:group-72A3A3B9AF68:LeaderElection90: Election PASSED; received 2 response(s) [36c57446-f5e2-4e56-a057-2c3cc200a735<-ad7ed92e-ee6a-47ae-a47a-72f719be0302#0:OK-t1, 36c57446-f5e2-4e56-a057-2c3cc200a735<-63fbe650-6a5a-48da-9f6d-3566b7d3d61e#0:FAIL-t1] and 0 exception(s); 36c57446-f5e2-4e56-a057-2c3cc200a735:t1, leader=null, voted=36c57446-f5e2-4e56-a057-2c3cc200a735, raftlog=36c57446-f5e2-4e56-a057-2c3cc200a735-SegmentedRaftLog:OPENED:c-1,f-1,i0, conf=-1: [36c57446-f5e2-4e56-a057-2c3cc200a735:192.168.5.171:38061, ad7ed92e-ee6a-47ae-a47a-72f719be0302:192.168.5.171:42501, 63fbe650-6a5a-48da-9f6d-3566b7d3d61e:192.168.5.171:39562], old=null
2019-07-30 23:11:35,319 INFO  impl.RoleInfo (RoleInfo.java:shutdownLeaderElection(134)) - 36c57446-f5e2-4e56-a057-2c3cc200a735: shutdown LeaderElection
2019-07-30 23:11:35,319 INFO  impl.LeaderElection (LeaderElection.java:logAndReturn(56)) - 63fbe650-6a5a-48da-9f6d-3566b7d3d61e:group-72A3A3B9AF68:LeaderElection89: Election REJECTED; received 2 response(s) [63fbe650-6a5a-48da-9f6d-3566b7d3d61e<-36c57446-f5e2-4e56-a057-2c3cc200a735#0:FAIL-t1, 63fbe650-6a5a-48da-9f6d-3566b7d3d61e<-ad7ed92e-ee6a-47ae-a47a-72f719be0302#0:FAIL-t1] and 0 exception(s); 63fbe650-6a5a-48da-9f6d-3566b7d3d61e:t1, leader=null, voted=63fbe650-6a5a-48da-9f6d-3566b7d3d61e, raftlog=63fbe650-6a5a-48da-9f6d-3566b7d3d61e-SegmentedRaftLog:OPENED:c-1,f-1,i0, conf=-1: [36c57446-f5e2-4e56-a057-2c3cc200a735:192.168.5.171:38061, ad7ed92e-ee6a-47ae-a47a-72f719be0302:192.168.5.171:42501, 63fbe650-6a5a-48da-9f6d-3566b7d3d61e:192.168.5.171:39562], old=null
2019-07-30 23:11:35,319 INFO  impl.RaftServerImpl (RaftServerImpl.java:setRole(171)) - 36c57446-f5e2-4e56-a057-2c3cc200a735:group-72A3A3B9AF68 changes role from CANDIDATE to LEADER at term 1 for changeToLeader
2019-07-30 23:11:35,319 INFO  impl.RaftServerImpl (RaftServerImpl.java:setRole(171)) - 63fbe650-6a5a-48da-9f6d-3566b7d3d61e:group-72A3A3B9AF68 changes role from CANDIDATE to FOLLOWER at term 1 for DISCOVERED_A_NEW_TERM
2019-07-30 23:11:35,319 INFO  impl.RaftServerImpl (ServerState.java:setLeader(263)) - 36c57446-f5e2-4e56-a057-2c3cc200a735:group-72A3A3B9AF68 change Leader from null to 36c57446-f5e2-4e56-a057-2c3cc200a735 at term 1 for becomeLeader, leader elected after 5094ms
2019-07-30 23:11:35,319 INFO  impl.RoleInfo (RoleInfo.java:shutdownLeaderElection(134)) - 63fbe650-6a5a-48da-9f6d-3566b7d3d61e: shutdown LeaderElection
2019-07-30 23:11:35,320 INFO  server.RaftServerConfigKeys (ConfUtils.java:logGet(43)) - raft.server.staging.catchup.gap = 1000 (default)
2019-07-30 23:11:35,320 INFO  impl.RoleInfo (RoleInfo.java:updateAndGet(143)) - 63fbe650-6a5a-48da-9f6d-3566b7d3d61e: start FollowerState
2019-07-30 23:11:35,320 INFO  server.RaftServerConfigKeys (ConfUtils.java:logGet(43)) - raft.server.rpc.sleep.time = 25ms (default)
2019-07-30 23:11:35,320 INFO  server.RaftServerConfigKeys (ConfUtils.java:logGet(43)) - raft.server.write.element-limit = 4096 (default)
2019-07-30 23:11:35,320 INFO  server.RaftServerConfigKeys (ConfUtils.java:logGet(43)) - raft.server.watch.timeout = 10s (default)
2019-07-30 23:11:35,320 INFO  server.RaftServerConfigKeys (ConfUtils.java:logGet(43)) - raft.server.watch.timeout.denomination = 1s (default)
2019-07-30 23:11:35,321 INFO  server.RaftServerConfigKeys (ConfUtils.java:logGet(43)) - raft.server.watch.element-limit = 65536 (default)
2019-07-30 23:11:35,321 INFO  server.RaftServerConfigKeys (ConfUtils.java:logGet(43)) - raft.server.log.appender.snapshot.chunk.size.max = 16MB (=16777216) (default)
2019-07-30 23:11:35,321 INFO  server.RaftServerConfigKeys (ConfUtils.java:logGet(43)) - raft.server.log.appender.buffer.byte-limit = 33554432 (custom)
2019-07-30 23:11:35,321 INFO  server.RaftServerConfigKeys (ConfUtils.java:logGet(43)) - raft.server.log.appender.buffer.element-limit = 1 (custom)
2019-07-30 23:11:35,322 INFO  grpc.GrpcConfigKeys$Server (ConfUtils.java:logGet(43)) - raft.grpc.server.leader.outstanding.appends.max = 128 (default)
2019-07-30 23:11:35,322 INFO  server.RaftServerConfigKeys (ConfUtils.java:logGet(43)) - raft.server.rpc.request.timeout = 3000ms (default)
2019-07-30 23:11:35,322 INFO  server.RaftServerConfigKeys (ConfUtils.java:logGet(43)) - raft.server.log.appender.install.snapshot.enabled = false (custom)
2019-07-30 23:11:35,322 INFO  server.RaftServerConfigKeys (ConfUtils.java:logGet(43)) - raft.server.log.appender.snapshot.chunk.size.max = 16MB (=16777216) (default)
2019-07-30 23:11:35,322 INFO  server.RaftServerConfigKeys (ConfUtils.java:logGet(43)) - raft.server.log.appender.buffer.byte-limit = 33554432 (custom)
2019-07-30 23:11:35,322 INFO  server.RaftServerConfigKeys (ConfUtils.java:logGet(43)) - raft.server.log.appender.buffer.element-limit = 1 (custom)
2019-07-30 23:11:35,323 INFO  grpc.GrpcConfigKeys$Server (ConfUtils.java:logGet(43)) - raft.grpc.server.leader.outstanding.appends.max = 128 (default)
2019-07-30 23:11:35,323 INFO  server.RaftServerConfigKeys (ConfUtils.java:logGet(43)) - raft.server.rpc.request.timeout = 3000ms (default)
2019-07-30 23:11:35,323 INFO  server.RaftServerConfigKeys (ConfUtils.java:logGet(43)) - raft.server.log.appender.install.snapshot.enabled = false (custom)
2019-07-30 23:11:35,323 INFO  impl.RoleInfo (RoleInfo.java:updateAndGet(143)) - 36c57446-f5e2-4e56-a057-2c3cc200a735: start LeaderState
2019-07-30 23:11:35,324 INFO  segmented.SegmentedRaftLogWorker (SegmentedRaftLogWorker.java:startLogSegment(380)) - 36c57446-f5e2-4e56-a057-2c3cc200a735-SegmentedRaftLogWorker:Storage Directory /workdir/hadoop-ozone/integration-test/target/test-dir/MiniOzoneClusterImpl-ebe44233-41fb-4a8e-8173-29743ddef8ad/datanode-3/data/ratis/9d5d85aa-5c92-4b5c-b1db-72a3a3b9af68: Starting segment from index:0
2019-07-30 23:11:35,324 INFO  impl.RaftServerImpl (ServerState.java:setRaftConf(361)) - 36c57446-f5e2-4e56-a057-2c3cc200a735:group-72A3A3B9AF68 set configuration 0: [36c57446-f5e2-4e56-a057-2c3cc200a735:192.168.5.171:38061, ad7ed92e-ee6a-47ae-a47a-72f719be0302:192.168.5.171:42501, 63fbe650-6a5a-48da-9f6d-3566b7d3d61e:192.168.5.171:39562], old=null at 0
2019-07-30 23:11:35,346 INFO  impl.RaftServerImpl (ServerState.java:setLeader(263)) - 63fbe650-6a5a-48da-9f6d-3566b7d3d61e:group-72A3A3B9AF68 change Leader from null to 36c57446-f5e2-4e56-a057-2c3cc200a735 at term 1 for appendEntries, leader elected after 5122ms
2019-07-30 23:11:35,346 INFO  impl.RaftServerImpl (ServerState.java:setLeader(263)) - ad7ed92e-ee6a-47ae-a47a-72f719be0302:group-72A3A3B9AF68 change Leader from null to 36c57446-f5e2-4e56-a057-2c3cc200a735 at term 1 for appendEntries, leader elected after 5121ms
2019-07-30 23:11:35,349 INFO  impl.RaftServerImpl (ServerState.java:setRaftConf(361)) - ad7ed92e-ee6a-47ae-a47a-72f719be0302:group-72A3A3B9AF68 set configuration 0: [36c57446-f5e2-4e56-a057-2c3cc200a735:192.168.5.171:38061, ad7ed92e-ee6a-47ae-a47a-72f719be0302:192.168.5.171:42501, 63fbe650-6a5a-48da-9f6d-3566b7d3d61e:192.168.5.171:39562], old=null at 0
2019-07-30 23:11:35,349 INFO  impl.RaftServerImpl (ServerState.java:setRaftConf(361)) - 63fbe650-6a5a-48da-9f6d-3566b7d3d61e:group-72A3A3B9AF68 set configuration 0: [36c57446-f5e2-4e56-a057-2c3cc200a735:192.168.5.171:38061, ad7ed92e-ee6a-47ae-a47a-72f719be0302:192.168.5.171:42501, 63fbe650-6a5a-48da-9f6d-3566b7d3d61e:192.168.5.171:39562], old=null at 0
2019-07-30 23:11:35,350 INFO  segmented.SegmentedRaftLogWorker (SegmentedRaftLogWorker.java:startLogSegment(380)) - ad7ed92e-ee6a-47ae-a47a-72f719be0302-SegmentedRaftLogWorker:Storage Directory /workdir/hadoop-ozone/integration-test/target/test-dir/MiniOzoneClusterImpl-ebe44233-41fb-4a8e-8173-29743ddef8ad/datanode-4/data/ratis/9d5d85aa-5c92-4b5c-b1db-72a3a3b9af68: Starting segment from index:0
2019-07-30 23:11:35,350 INFO  segmented.SegmentedRaftLogWorker (SegmentedRaftLogWorker.java:startLogSegment(380)) - 63fbe650-6a5a-48da-9f6d-3566b7d3d61e-SegmentedRaftLogWorker:Storage Directory /workdir/hadoop-ozone/integration-test/target/test-dir/MiniOzoneClusterImpl-ebe44233-41fb-4a8e-8173-29743ddef8ad/datanode-5/data/ratis/9d5d85aa-5c92-4b5c-b1db-72a3a3b9af68: Starting segment from index:0
2019-07-30 23:11:35,352 INFO  segmented.SegmentedRaftLogWorker (SegmentedRaftLogWorker.java:execute(569)) - 36c57446-f5e2-4e56-a057-2c3cc200a735-SegmentedRaftLogWorker:Storage Directory /workdir/hadoop-ozone/integration-test/target/test-dir/MiniOzoneClusterImpl-ebe44233-41fb-4a8e-8173-29743ddef8ad/datanode-3/data/ratis/9d5d85aa-5c92-4b5c-b1db-72a3a3b9af68: created new log segment /workdir/hadoop-ozone/integration-test/target/test-dir/MiniOzoneClusterImpl-ebe44233-41fb-4a8e-8173-29743ddef8ad/datanode-3/data/ratis/9d5d85aa-5c92-4b5c-b1db-72a3a3b9af68/current/log_inprogress_0
2019-07-30 23:11:35,363 INFO  impl.FollowerState (FollowerState.java:run(106)) - 63fbe650-6a5a-48da-9f6d-3566b7d3d61e:group-B32D027D638F changes to CANDIDATE, lastRpcTime:5169, electionTimeout:5169ms
2019-07-30 23:11:35,363 INFO  impl.RoleInfo (RoleInfo.java:shutdownFollowerState(121)) - 63fbe650-6a5a-48da-9f6d-3566b7d3d61e: shutdown FollowerState
2019-07-30 23:11:35,363 INFO  impl.RaftServerImpl (RaftServerImpl.java:setRole(171)) - 63fbe650-6a5a-48da-9f6d-3566b7d3d61e:group-B32D027D638F changes role from FOLLOWER to CANDIDATE at term 0 for changeToCandidate
2019-07-30 23:11:35,363 INFO  impl.RoleInfo (RoleInfo.java:updateAndGet(143)) - 63fbe650-6a5a-48da-9f6d-3566b7d3d61e: start LeaderElection
2019-07-30 23:11:35,376 INFO  segmented.SegmentedRaftLogWorker (SegmentedRaftLogWorker.java:execute(569)) - 63fbe650-6a5a-48da-9f6d-3566b7d3d61e-SegmentedRaftLogWorker:Storage Directory /workdir/hadoop-ozone/integration-test/target/test-dir/MiniOzoneClusterImpl-ebe44233-41fb-4a8e-8173-29743ddef8ad/datanode-5/data/ratis/9d5d85aa-5c92-4b5c-b1db-72a3a3b9af68: created new log segment /workdir/hadoop-ozone/integration-test/target/test-dir/MiniOzoneClusterImpl-ebe44233-41fb-4a8e-8173-29743ddef8ad/datanode-5/data/ratis/9d5d85aa-5c92-4b5c-b1db-72a3a3b9af68/current/log_inprogress_0
2019-07-30 23:11:35,376 INFO  segmented.SegmentedRaftLogWorker (SegmentedRaftLogWorker.java:execute(569)) - ad7ed92e-ee6a-47ae-a47a-72f719be0302-SegmentedRaftLogWorker:Storage Directory /workdir/hadoop-ozone/integration-test/target/test-dir/MiniOzoneClusterImpl-ebe44233-41fb-4a8e-8173-29743ddef8ad/datanode-4/data/ratis/9d5d85aa-5c92-4b5c-b1db-72a3a3b9af68: created new log segment /workdir/hadoop-ozone/integration-test/target/test-dir/MiniOzoneClusterImpl-ebe44233-41fb-4a8e-8173-29743ddef8ad/datanode-4/data/ratis/9d5d85aa-5c92-4b5c-b1db-72a3a3b9af68/current/log_inprogress_0
2019-07-30 23:11:35,384 INFO  impl.LeaderElection (LeaderElection.java:askForVotes(181)) - 63fbe650-6a5a-48da-9f6d-3566b7d3d61e:group-B32D027D638F:LeaderElection91: begin an election at term 1 for -1: [63fbe650-6a5a-48da-9f6d-3566b7d3d61e:192.168.5.171:39562], old=null
2019-07-30 23:11:35,384 INFO  impl.RoleInfo (RoleInfo.java:shutdownLeaderElection(134)) - 63fbe650-6a5a-48da-9f6d-3566b7d3d61e: shutdown LeaderElection
2019-07-30 23:11:35,384 INFO  impl.RaftServerImpl (RaftServerImpl.java:setRole(171)) - 63fbe650-6a5a-48da-9f6d-3566b7d3d61e:group-B32D027D638F changes role from CANDIDATE to LEADER at term 1 for changeToLeader
2019-07-30 23:11:35,384 INFO  impl.RaftServerImpl (ServerState.java:setLeader(263)) - 63fbe650-6a5a-48da-9f6d-3566b7d3d61e:group-B32D027D638F change Leader from null to 63fbe650-6a5a-48da-9f6d-3566b7d3d61e at term 1 for becomeLeader, leader elected after 5195ms
2019-07-30 23:11:35,384 INFO  server.RaftServerConfigKeys (ConfUtils.java:logGet(43)) - raft.server.staging.catchup.gap = 1000 (default)
2019-07-30 23:11:35,385 INFO  server.RaftServerConfigKeys (ConfUtils.java:logGet(43)) - raft.server.rpc.sleep.time = 25ms (default)
2019-07-30 23:11:35,385 INFO  server.RaftServerConfigKeys (ConfUtils.java:logGet(43)) - raft.server.write.element-limit = 4096 (default)
2019-07-30 23:11:35,385 INFO  server.RaftServerConfigKeys (ConfUtils.java:logGet(43)) - raft.server.watch.timeout = 10s (default)
2019-07-30 23:11:35,385 INFO  server.RaftServerConfigKeys (ConfUtils.java:logGet(43)) - raft.server.watch.timeout.denomination = 1s (default)
2019-07-30 23:11:35,385 INFO  server.RaftServerConfigKeys (ConfUtils.java:logGet(43)) - raft.server.watch.element-limit = 65536 (default)
2019-07-30 23:11:35,386 INFO  impl.RoleInfo (RoleInfo.java:updateAndGet(143)) - 63fbe650-6a5a-48da-9f6d-3566b7d3d61e: start LeaderState
2019-07-30 23:11:35,386 INFO  segmented.SegmentedRaftLogWorker (SegmentedRaftLogWorker.java:startLogSegment(380)) - 63fbe650-6a5a-48da-9f6d-3566b7d3d61e-SegmentedRaftLogWorker:Storage Directory /workdir/hadoop-ozone/integration-test/target/test-dir/MiniOzoneClusterImpl-ebe44233-41fb-4a8e-8173-29743ddef8ad/datanode-5/data/ratis/b7fb228d-9a92-425f-bf4e-b32d027d638f: Starting segment from index:0
2019-07-30 23:11:35,386 INFO  impl.RaftServerImpl (ServerState.java:setRaftConf(361)) - 63fbe650-6a5a-48da-9f6d-3566b7d3d61e:group-B32D027D638F set configuration 0: [63fbe650-6a5a-48da-9f6d-3566b7d3d61e:192.168.5.171:39562], old=null at 0
2019-07-30 23:11:35,415 INFO  segmented.SegmentedRaftLogWorker (SegmentedRaftLogWorker.java:execute(569)) - 63fbe650-6a5a-48da-9f6d-3566b7d3d61e-SegmentedRaftLogWorker:Storage Directory /workdir/hadoop-ozone/integration-test/target/test-dir/MiniOzoneClusterImpl-ebe44233-41fb-4a8e-8173-29743ddef8ad/datanode-5/data/ratis/b7fb228d-9a92-425f-bf4e-b32d027d638f: created new log segment /workdir/hadoop-ozone/integration-test/target/test-dir/MiniOzoneClusterImpl-ebe44233-41fb-4a8e-8173-29743ddef8ad/datanode-5/data/ratis/b7fb228d-9a92-425f-bf4e-b32d027d638f/current/log_inprogress_0
2019-07-30 23:11:35,424 INFO  impl.FollowerState (FollowerState.java:run(106)) - e680feb4-1688-4d71-9da4-62d73b47acfa:group-8D3EA7922FDB changes to CANDIDATE, lastRpcTime:5062, electionTimeout:5062ms
2019-07-30 23:11:35,424 INFO  impl.RoleInfo (RoleInfo.java:shutdownFollowerState(121)) - e680feb4-1688-4d71-9da4-62d73b47acfa: shutdown FollowerState
2019-07-30 23:11:35,424 INFO  impl.RaftServerImpl (RaftServerImpl.java:setRole(171)) - e680feb4-1688-4d71-9da4-62d73b47acfa:group-8D3EA7922FDB changes role from FOLLOWER to CANDIDATE at term 0 for changeToCandidate
2019-07-30 23:11:35,424 INFO  impl.RoleInfo (RoleInfo.java:updateAndGet(143)) - e680feb4-1688-4d71-9da4-62d73b47acfa: start LeaderElection
2019-07-30 23:11:35,437 INFO  impl.LeaderElection (LeaderElection.java:askForVotes(181)) - e680feb4-1688-4d71-9da4-62d73b47acfa:group-8D3EA7922FDB:LeaderElection92: begin an election at term 1 for -1: [e680feb4-1688-4d71-9da4-62d73b47acfa:192.168.5.171:34862], old=null
2019-07-30 23:11:35,438 INFO  impl.RoleInfo (RoleInfo.java:shutdownLeaderElection(134)) - e680feb4-1688-4d71-9da4-62d73b47acfa: shutdown LeaderElection
2019-07-30 23:11:35,438 INFO  impl.RaftServerImpl (RaftServerImpl.java:setRole(171)) - e680feb4-1688-4d71-9da4-62d73b47acfa:group-8D3EA7922FDB changes role from CANDIDATE to LEADER at term 1 for changeToLeader
2019-07-30 23:11:35,438 INFO  impl.RaftServerImpl (ServerState.java:setLeader(263)) - e680feb4-1688-4d71-9da4-62d73b47acfa:group-8D3EA7922FDB change Leader from null to e680feb4-1688-4d71-9da4-62d73b47acfa at term 1 for becomeLeader, leader elected after 5080ms
2019-07-30 23:11:35,438 INFO  server.RaftServerConfigKeys (ConfUtils.java:logGet(43)) - raft.server.staging.catchup.gap = 1000 (default)
2019-07-30 23:11:35,438 INFO  server.RaftServerConfigKeys (ConfUtils.java:logGet(43)) - raft.server.rpc.sleep.time = 25ms (default)
2019-07-30 23:11:35,438 INFO  server.RaftServerConfigKeys (ConfUtils.java:logGet(43)) - raft.server.write.element-limit = 4096 (default)
2019-07-30 23:11:35,438 INFO  server.RaftServerConfigKeys (ConfUtils.java:logGet(43)) - raft.server.watch.timeout = 10s (default)
2019-07-30 23:11:35,438 INFO  server.RaftServerConfigKeys (ConfUtils.java:logGet(43)) - raft.server.watch.timeout.denomination = 1s (default)
2019-07-30 23:11:35,439 INFO  server.RaftServerConfigKeys (ConfUtils.java:logGet(43)) - raft.server.watch.element-limit = 65536 (default)
2019-07-30 23:11:35,439 INFO  impl.RoleInfo (RoleInfo.java:updateAndGet(143)) - e680feb4-1688-4d71-9da4-62d73b47acfa: start LeaderState
2019-07-30 23:11:35,439 INFO  segmented.SegmentedRaftLogWorker (SegmentedRaftLogWorker.java:startLogSegment(380)) - e680feb4-1688-4d71-9da4-62d73b47acfa-SegmentedRaftLogWorker:Storage Directory /workdir/hadoop-ozone/integration-test/target/test-dir/MiniOzoneClusterImpl-ebe44233-41fb-4a8e-8173-29743ddef8ad/datanode-6/data/ratis/163862a7-4354-492a-8331-8d3ea7922fdb: Starting segment from index:0
2019-07-30 23:11:35,440 INFO  impl.RaftServerImpl (ServerState.java:setRaftConf(361)) - e680feb4-1688-4d71-9da4-62d73b47acfa:group-8D3EA7922FDB set configuration 0: [e680feb4-1688-4d71-9da4-62d73b47acfa:192.168.5.171:34862], old=null at 0
2019-07-30 23:11:35,477 INFO  client.GrpcClientProtocolClient (GrpcClientProtocolClient.java:onNext(255)) - client-6F8366443F2B->ad7ed92e-ee6a-47ae-a47a-72f719be0302: receive RaftClientReply:client-6F8366443F2B->ad7ed92e-ee6a-47ae-a47a-72f719be0302@group-72A3A3B9AF68, cid=215, FAILED org.apache.ratis.protocol.NotLeaderException: Server ad7ed92e-ee6a-47ae-a47a-72f719be0302 is not the leader (36c57446-f5e2-4e56-a057-2c3cc200a735:192.168.5.171:38061). Request must be sent to leader., logIndex=0, commits[ad7ed92e-ee6a-47ae-a47a-72f719be0302:c-1, 36c57446-f5e2-4e56-a057-2c3cc200a735:c-1, 63fbe650-6a5a-48da-9f6d-3566b7d3d61e:c-1]
2019-07-30 23:11:35,481 INFO  segmented.SegmentedRaftLogWorker (SegmentedRaftLogWorker.java:execute(569)) - e680feb4-1688-4d71-9da4-62d73b47acfa-SegmentedRaftLogWorker:Storage Directory /workdir/hadoop-ozone/integration-test/target/test-dir/MiniOzoneClusterImpl-ebe44233-41fb-4a8e-8173-29743ddef8ad/datanode-6/data/ratis/163862a7-4354-492a-8331-8d3ea7922fdb: created new log segment /workdir/hadoop-ozone/integration-test/target/test-dir/MiniOzoneClusterImpl-ebe44233-41fb-4a8e-8173-29743ddef8ad/datanode-6/data/ratis/163862a7-4354-492a-8331-8d3ea7922fdb/current/log_inprogress_0
2019-07-30 23:11:35,570 INFO  client.GrpcClientProtocolClient (GrpcClientProtocolClient.java:onNext(255)) - client-6F8366443F2B->36c57446-f5e2-4e56-a057-2c3cc200a735: receive RaftClientReply:client-6F8366443F2B->36c57446-f5e2-4e56-a057-2c3cc200a735@group-72A3A3B9AF68, cid=215, SUCCESS, logIndex=1, commits[36c57446-f5e2-4e56-a057-2c3cc200a735:c1, ad7ed92e-ee6a-47ae-a47a-72f719be0302:c-1, 63fbe650-6a5a-48da-9f6d-3566b7d3d61e:c0]
2019-07-30 23:11:35,589 INFO  client.GrpcClientProtocolClient (GrpcClientProtocolClient.java:onNext(255)) - client-6F8366443F2B->36c57446-f5e2-4e56-a057-2c3cc200a735: receive RaftClientReply:client-6F8366443F2B->36c57446-f5e2-4e56-a057-2c3cc200a735@group-72A3A3B9AF68, cid=216, SUCCESS, logIndex=3, commits[36c57446-f5e2-4e56-a057-2c3cc200a735:c3, ad7ed92e-ee6a-47ae-a47a-72f719be0302:c2, 63fbe650-6a5a-48da-9f6d-3566b7d3d61e:c2]
2019-07-30 23:11:35,620 INFO  client.GrpcClientProtocolClient (GrpcClientProtocolClient.java:onNext(255)) - client-6F8366443F2B->36c57446-f5e2-4e56-a057-2c3cc200a735: receive RaftClientReply:client-6F8366443F2B->36c57446-f5e2-4e56-a057-2c3cc200a735@group-72A3A3B9AF68, cid=217, SUCCESS, logIndex=4, commits[36c57446-f5e2-4e56-a057-2c3cc200a735:c6, ad7ed92e-ee6a-47ae-a47a-72f719be0302:c3, 63fbe650-6a5a-48da-9f6d-3566b7d3d61e:c3]
2019-07-30 23:11:36,622 WARN  scm.XceiverClientRatis (XceiverClientRatis.java:watchForCommit(262)) - 3 way commit failed on pipeline Pipeline[ Id: 9d5d85aa-5c92-4b5c-b1db-72a3a3b9af68, Nodes: ad7ed92e-ee6a-47ae-a47a-72f719be0302{ip: 192.168.5.171, host: byscane-nightly-g5r4k-612667210, networkLocation: /default-rack, certSerialId: null}36c57446-f5e2-4e56-a057-2c3cc200a735{ip: 192.168.5.171, host: byscane-nightly-g5r4k-612667210, networkLocation: /default-rack, certSerialId: null}63fbe650-6a5a-48da-9f6d-3566b7d3d61e{ip: 192.168.5.171, host: byscane-nightly-g5r4k-612667210, networkLocation: /default-rack, certSerialId: null}, Type:RATIS, Factor:THREE, State:OPEN]
java.util.concurrent.TimeoutException
	at java.util.concurrent.CompletableFuture.timedGet(CompletableFuture.java:1771)
	at java.util.concurrent.CompletableFuture.get(CompletableFuture.java:1915)
	at org.apache.hadoop.hdds.scm.XceiverClientRatis.watchForCommit(XceiverClientRatis.java:259)
	at org.apache.hadoop.hdds.scm.storage.CommitWatcher.watchForCommit(CommitWatcher.java:194)
	at org.apache.hadoop.hdds.scm.storage.CommitWatcher.watchOnLastIndex(CommitWatcher.java:157)
	at org.apache.hadoop.hdds.scm.storage.BlockOutputStream.watchForCommit(BlockOutputStream.java:347)
	at org.apache.hadoop.hdds.scm.storage.BlockOutputStream.handleFlush(BlockOutputStream.java:479)
	at org.apache.hadoop.hdds.scm.storage.BlockOutputStream.flush(BlockOutputStream.java:428)
	at org.apache.hadoop.ozone.client.io.BlockOutputStreamEntry.flush(BlockOutputStreamEntry.java:136)
	at org.apache.hadoop.ozone.client.io.KeyOutputStream.handleFlushOrClose(KeyOutputStream.java:442)
	at org.apache.hadoop.ozone.client.io.KeyOutputStream.flush(KeyOutputStream.java:396)
	at org.apache.hadoop.ozone.client.io.OzoneOutputStream.flush(OzoneOutputStream.java:54)
	at org.apache.hadoop.ozone.client.rpc.TestBlockOutputStreamWithFailures.testFailureWithPrimeSizedData(TestBlockOutputStreamWithFailures.java:595)
	at sun.reflect.NativeMethodAccessorImpl.invoke0(Native Method)
	at sun.reflect.NativeMethodAccessorImpl.invoke(NativeMethodAccessorImpl.java:62)
	at sun.reflect.DelegatingMethodAccessorImpl.invoke(DelegatingMethodAccessorImpl.java:43)
	at java.lang.reflect.Method.invoke(Method.java:498)
	at org.junit.runners.model.FrameworkMethod$1.runReflectiveCall(FrameworkMethod.java:47)
	at org.junit.internal.runners.model.ReflectiveCallable.run(ReflectiveCallable.java:12)
	at org.junit.runners.model.FrameworkMethod.invokeExplosively(FrameworkMethod.java:44)
	at org.junit.internal.runners.statements.InvokeMethod.evaluate(InvokeMethod.java:17)
	at org.junit.internal.runners.statements.RunBefores.evaluate(RunBefores.java:26)
	at org.junit.internal.runners.statements.RunAfters.evaluate(RunAfters.java:27)
	at org.junit.runners.ParentRunner.runLeaf(ParentRunner.java:271)
	at org.junit.runners.BlockJUnit4ClassRunner.runChild(BlockJUnit4ClassRunner.java:70)
	at org.junit.runners.BlockJUnit4ClassRunner.runChild(BlockJUnit4ClassRunner.java:50)
	at org.junit.runners.ParentRunner$3.run(ParentRunner.java:238)
	at org.junit.runners.ParentRunner$1.schedule(ParentRunner.java:63)
	at org.junit.runners.ParentRunner.runChildren(ParentRunner.java:236)
	at org.junit.runners.ParentRunner.access$000(ParentRunner.java:53)
	at org.junit.runners.ParentRunner$2.evaluate(ParentRunner.java:229)
	at org.junit.runners.ParentRunner.run(ParentRunner.java:309)
	at org.apache.maven.surefire.junit4.JUnit4Provider.execute(JUnit4Provider.java:365)
	at org.apache.maven.surefire.junit4.JUnit4Provider.executeWithRerun(JUnit4Provider.java:273)
	at org.apache.maven.surefire.junit4.JUnit4Provider.executeTestSet(JUnit4Provider.java:238)
	at org.apache.maven.surefire.junit4.JUnit4Provider.invoke(JUnit4Provider.java:159)
	at org.apache.maven.surefire.booter.ForkedBooter.invokeProviderInSameClassLoader(ForkedBooter.java:384)
	at org.apache.maven.surefire.booter.ForkedBooter.runSuitesInProcess(ForkedBooter.java:345)
	at org.apache.maven.surefire.booter.ForkedBooter.execute(ForkedBooter.java:126)
	at org.apache.maven.surefire.booter.ForkedBooter.main(ForkedBooter.java:418)
2019-07-30 23:11:37,626 WARN  storage.CommitWatcher (CommitWatcher.java:watchForCommit(203)) - watchForCommit failed for index 4
java.util.concurrent.TimeoutException
	at java.util.concurrent.CompletableFuture.timedGet(CompletableFuture.java:1771)
	at java.util.concurrent.CompletableFuture.get(CompletableFuture.java:1915)
	at org.apache.hadoop.hdds.scm.XceiverClientRatis.watchForCommit(XceiverClientRatis.java:268)
	at org.apache.hadoop.hdds.scm.storage.CommitWatcher.watchForCommit(CommitWatcher.java:194)
	at org.apache.hadoop.hdds.scm.storage.CommitWatcher.watchOnLastIndex(CommitWatcher.java:157)
	at org.apache.hadoop.hdds.scm.storage.BlockOutputStream.watchForCommit(BlockOutputStream.java:347)
	at org.apache.hadoop.hdds.scm.storage.BlockOutputStream.handleFlush(BlockOutputStream.java:479)
	at org.apache.hadoop.hdds.scm.storage.BlockOutputStream.flush(BlockOutputStream.java:428)
	at org.apache.hadoop.ozone.client.io.BlockOutputStreamEntry.flush(BlockOutputStreamEntry.java:136)
	at org.apache.hadoop.ozone.client.io.KeyOutputStream.handleFlushOrClose(KeyOutputStream.java:442)
	at org.apache.hadoop.ozone.client.io.KeyOutputStream.flush(KeyOutputStream.java:396)
	at org.apache.hadoop.ozone.client.io.OzoneOutputStream.flush(OzoneOutputStream.java:54)
	at org.apache.hadoop.ozone.client.rpc.TestBlockOutputStreamWithFailures.testFailureWithPrimeSizedData(TestBlockOutputStreamWithFailures.java:595)
	at sun.reflect.NativeMethodAccessorImpl.invoke0(Native Method)
	at sun.reflect.NativeMethodAccessorImpl.invoke(NativeMethodAccessorImpl.java:62)
	at sun.reflect.DelegatingMethodAccessorImpl.invoke(DelegatingMethodAccessorImpl.java:43)
	at java.lang.reflect.Method.invoke(Method.java:498)
	at org.junit.runners.model.FrameworkMethod$1.runReflectiveCall(FrameworkMethod.java:47)
	at org.junit.internal.runners.model.ReflectiveCallable.run(ReflectiveCallable.java:12)
	at org.junit.runners.model.FrameworkMethod.invokeExplosively(FrameworkMethod.java:44)
	at org.junit.internal.runners.statements.InvokeMethod.evaluate(InvokeMethod.java:17)
	at org.junit.internal.runners.statements.RunBefores.evaluate(RunBefores.java:26)
	at org.junit.internal.runners.statements.RunAfters.evaluate(RunAfters.java:27)
	at org.junit.runners.ParentRunner.runLeaf(ParentRunner.java:271)
	at org.junit.runners.BlockJUnit4ClassRunner.runChild(BlockJUnit4ClassRunner.java:70)
	at org.junit.runners.BlockJUnit4ClassRunner.runChild(BlockJUnit4ClassRunner.java:50)
	at org.junit.runners.ParentRunner$3.run(ParentRunner.java:238)
	at org.junit.runners.ParentRunner$1.schedule(ParentRunner.java:63)
	at org.junit.runners.ParentRunner.runChildren(ParentRunner.java:236)
	at org.junit.runners.ParentRunner.access$000(ParentRunner.java:53)
	at org.junit.runners.ParentRunner$2.evaluate(ParentRunner.java:229)
	at org.junit.runners.ParentRunner.run(ParentRunner.java:309)
	at org.apache.maven.surefire.junit4.JUnit4Provider.execute(JUnit4Provider.java:365)
	at org.apache.maven.surefire.junit4.JUnit4Provider.executeWithRerun(JUnit4Provider.java:273)
	at org.apache.maven.surefire.junit4.JUnit4Provider.executeTestSet(JUnit4Provider.java:238)
	at org.apache.maven.surefire.junit4.JUnit4Provider.invoke(JUnit4Provider.java:159)
	at org.apache.maven.surefire.booter.ForkedBooter.invokeProviderInSameClassLoader(ForkedBooter.java:384)
	at org.apache.maven.surefire.booter.ForkedBooter.runSuitesInProcess(ForkedBooter.java:345)
	at org.apache.maven.surefire.booter.ForkedBooter.execute(ForkedBooter.java:126)
	at org.apache.maven.surefire.booter.ForkedBooter.main(ForkedBooter.java:418)
2019-07-30 23:11:37,628 WARN  io.KeyOutputStream (KeyOutputStream.java:handleException(276)) - Encountered exception java.io.IOException: Unexpected Storage Container Exception: java.io.IOException: Unexpected Storage Container Exception: java.util.concurrent.TimeoutException on the pipeline Pipeline[ Id: 9d5d85aa-5c92-4b5c-b1db-72a3a3b9af68, Nodes: ad7ed92e-ee6a-47ae-a47a-72f719be0302{ip: 192.168.5.171, host: byscane-nightly-g5r4k-612667210, networkLocation: /default-rack, certSerialId: null}36c57446-f5e2-4e56-a057-2c3cc200a735{ip: 192.168.5.171, host: byscane-nightly-g5r4k-612667210, networkLocation: /default-rack, certSerialId: null}63fbe650-6a5a-48da-9f6d-3566b7d3d61e{ip: 192.168.5.171, host: byscane-nightly-g5r4k-612667210, networkLocation: /default-rack, certSerialId: null}, Type:RATIS, Factor:THREE, State:OPEN]. The last committed block length is 0, uncommitted data length is 167 retry count 0
2019-07-30 23:11:37,653 INFO  client.GrpcClientProtocolClient (GrpcClientProtocolClient.java:onNext(255)) - client-4605120B96AF->66e2eb1b-ad33-427e-a453-da9ee6158a8a: receive RaftClientReply:client-4605120B96AF->66e2eb1b-ad33-427e-a453-da9ee6158a8a@group-04D5F4C477BB, cid=220, FAILED org.apache.ratis.protocol.NotLeaderException: Server 66e2eb1b-ad33-427e-a453-da9ee6158a8a is not the leader (e7307b16-d7cb-4cdf-b0bb-cf5c3f8d35b1:192.168.5.171:36208). Request must be sent to leader., logIndex=0, commits[66e2eb1b-ad33-427e-a453-da9ee6158a8a:c0, eaecb802-43fa-4ea7-a083-8b0e18722e0b:c-1, e7307b16-d7cb-4cdf-b0bb-cf5c3f8d35b1:c0]
2019-07-30 23:11:37,766 INFO  client.GrpcClientProtocolClient (GrpcClientProtocolClient.java:onNext(255)) - client-4605120B96AF->e7307b16-d7cb-4cdf-b0bb-cf5c3f8d35b1: receive RaftClientReply:client-4605120B96AF->e7307b16-d7cb-4cdf-b0bb-cf5c3f8d35b1@group-04D5F4C477BB, cid=220, SUCCESS, logIndex=1, commits[e7307b16-d7cb-4cdf-b0bb-cf5c3f8d35b1:c1, 66e2eb1b-ad33-427e-a453-da9ee6158a8a:c0, eaecb802-43fa-4ea7-a083-8b0e18722e0b:c0]
2019-07-30 23:11:37,781 INFO  client.GrpcClientProtocolClient (GrpcClientProtocolClient.java:onNext(255)) - client-4605120B96AF->e7307b16-d7cb-4cdf-b0bb-cf5c3f8d35b1: receive RaftClientReply:client-4605120B96AF->e7307b16-d7cb-4cdf-b0bb-cf5c3f8d35b1@group-04D5F4C477BB, cid=221, SUCCESS, logIndex=3, commits[e7307b16-d7cb-4cdf-b0bb-cf5c3f8d35b1:c4, 66e2eb1b-ad33-427e-a453-da9ee6158a8a:c1, eaecb802-43fa-4ea7-a083-8b0e18722e0b:c1]
2019-07-30 23:11:37,811 INFO  client.GrpcClientProtocolClient (GrpcClientProtocolClient.java:onNext(255)) - client-4605120B96AF->e7307b16-d7cb-4cdf-b0bb-cf5c3f8d35b1: receive RaftClientReply:client-4605120B96AF->e7307b16-d7cb-4cdf-b0bb-cf5c3f8d35b1@group-04D5F4C477BB, cid=222, SUCCESS, logIndex=4, commits[e7307b16-d7cb-4cdf-b0bb-cf5c3f8d35b1:c6, 66e2eb1b-ad33-427e-a453-da9ee6158a8a:c4, eaecb802-43fa-4ea7-a083-8b0e18722e0b:c4]
2019-07-30 23:11:37,814 INFO  ozone.MiniOzoneClusterImpl (MiniOzoneClusterImpl.java:shutdown(321)) - Shutting down the Mini Ozone Cluster
2019-07-30 23:11:37,815 INFO  ozone.MiniOzoneClusterImpl (MiniOzoneClusterImpl.java:stop(336)) - Stopping the Mini Ozone Cluster
2019-07-30 23:11:37,815 INFO  ozone.MiniOzoneClusterImpl (MiniOzoneClusterImpl.java:stop(338)) - Stopping the OzoneManager
2019-07-30 23:11:37,815 INFO  ipc.Server (Server.java:stop(3082)) - Stopping server on 44008
2019-07-30 23:11:37,834 INFO  ipc.Server (Server.java:run(1185)) - Stopping IPC Server listener on 44008
2019-07-30 23:11:37,837 INFO  utils.BackgroundService (BackgroundService.java:shutdown(148)) - Shutting down service KeyDeletingService
2019-07-30 23:11:37,839 INFO  ipc.Server (Server.java:run(1319)) - Stopping IPC Server Responder
2019-07-30 23:11:37,856 INFO  handler.ContextHandler (ContextHandler.java:doStop(910)) - Stopped o.e.j.w.WebAppContext@4eef8498{/,null,UNAVAILABLE}{/ozoneManager}
2019-07-30 23:11:37,857 INFO  server.AbstractConnector (AbstractConnector.java:doStop(318)) - Stopped ServerConnector@4b158e16{HTTP/1.1,[http/1.1]}{0.0.0.0:0}
2019-07-30 23:11:37,858 INFO  handler.ContextHandler (ContextHandler.java:doStop(910)) - Stopped o.e.j.s.ServletContextHandler@5c519681{/static,file:///workdir/hadoop-ozone/integration-test/target/test-classes/webapps/static,UNAVAILABLE}
2019-07-30 23:11:37,858 INFO  handler.ContextHandler (ContextHandler.java:doStop(910)) - Stopped o.e.j.s.ServletContextHandler@17d6b6e{/logs,file:///workdir/hadoop-ozone/integration-test/target/log,UNAVAILABLE}
2019-07-30 23:11:37,867 INFO  ozone.MiniOzoneClusterImpl (MiniOzoneClusterImpl.java:stop(344)) - Shutting the HddsDatanodes
2019-07-30 23:11:37,867 INFO  datanode.ObjectStoreHandler (ObjectStoreHandler.java:close(155)) - Closing ObjectStoreHandler.
2019-07-30 23:11:37,867 INFO  datanode.ObjectStoreHandler (ObjectStoreHandler.java:close(155)) - Closing ObjectStoreHandler.
2019-07-30 23:11:37,867 INFO  ozone.HddsDatanodeService (HddsDatanodeService.java:stop(451)) - Stopped plug-in org.apache.hadoop.ozone.web.OzoneHddsDatanodeService@c62d08a
2019-07-30 23:11:37,868 INFO  ozone.HddsDatanodeService (HddsDatanodeService.java:stop(451)) - Stopped plug-in org.apache.hadoop.ozone.web.OzoneHddsDatanodeService@7a88e6a9
2019-07-30 23:11:38,103 INFO  client.GrpcClientProtocolClient (GrpcClientProtocolClient.java:onNext(255)) - client-6F8366443F2B->36c57446-f5e2-4e56-a057-2c3cc200a735: receive RaftClientReply:client-6F8366443F2B->36c57446-f5e2-4e56-a057-2c3cc200a735@group-72A3A3B9AF68, cid=219, SUCCESS, logIndex=0, commits[36c57446-f5e2-4e56-a057-2c3cc200a735:c6, ad7ed92e-ee6a-47ae-a47a-72f719be0302:c3, 63fbe650-6a5a-48da-9f6d-3566b7d3d61e:c6]
2019-07-30 23:11:38,103 INFO  client.GrpcClientProtocolClient (GrpcClientProtocolClient.java:onNext(255)) - client-6F8366443F2B->36c57446-f5e2-4e56-a057-2c3cc200a735: receive RaftClientReply:client-6F8366443F2B->36c57446-f5e2-4e56-a057-2c3cc200a735@group-72A3A3B9AF68, cid=218, SUCCESS, logIndex=0, commits[36c57446-f5e2-4e56-a057-2c3cc200a735:c6, ad7ed92e-ee6a-47ae-a47a-72f719be0302:c6, 63fbe650-6a5a-48da-9f6d-3566b7d3d61e:c6]
2019-07-30 23:11:38,563 INFO  statemachine.DatanodeStateMachine (DatanodeStateMachine.java:lambda$startDaemon$0(350)) - Ozone container server started.
2019-07-30 23:11:38,756 INFO  statemachine.DatanodeStateMachine (DatanodeStateMachine.java:lambda$startDaemon$0(350)) - Ozone container server started.
2019-07-30 23:11:42,572 INFO  node.StaleNodeHandler (StaleNodeHandler.java:onMessage(58)) - Datanode ad7ed92e-ee6a-47ae-a47a-72f719be0302{ip: 192.168.5.171, host: byscane-nightly-g5r4k-612667210, networkLocation: /default-rack, certSerialId: null} moved to stale state. Finalizing its pipelines [PipelineID=9d5d85aa-5c92-4b5c-b1db-72a3a3b9af68, PipelineID=59120429-3236-4b1a-9285-cdfd256f376a]
2019-07-30 23:11:42,573 INFO  pipeline.SCMPipelineManager (SCMPipelineManager.java:finalizeAndDestroyPipeline(309)) - destroying pipeline:Pipeline[ Id: 9d5d85aa-5c92-4b5c-b1db-72a3a3b9af68, Nodes: ad7ed92e-ee6a-47ae-a47a-72f719be0302{ip: 192.168.5.171, host: byscane-nightly-g5r4k-612667210, networkLocation: /default-rack, certSerialId: null}36c57446-f5e2-4e56-a057-2c3cc200a735{ip: 192.168.5.171, host: byscane-nightly-g5r4k-612667210, networkLocation: /default-rack, certSerialId: null}63fbe650-6a5a-48da-9f6d-3566b7d3d61e{ip: 192.168.5.171, host: byscane-nightly-g5r4k-612667210, networkLocation: /default-rack, certSerialId: null}, Type:RATIS, Factor:THREE, State:OPEN]
2019-07-30 23:11:42,573 INFO  pipeline.PipelineStateManager (PipelineStateManager.java:finalizePipeline(123)) - Pipeline Pipeline[ Id: 9d5d85aa-5c92-4b5c-b1db-72a3a3b9af68, Nodes: ad7ed92e-ee6a-47ae-a47a-72f719be0302{ip: 192.168.5.171, host: byscane-nightly-g5r4k-612667210, networkLocation: /default-rack, certSerialId: null}36c57446-f5e2-4e56-a057-2c3cc200a735{ip: 192.168.5.171, host: byscane-nightly-g5r4k-612667210, networkLocation: /default-rack, certSerialId: null}63fbe650-6a5a-48da-9f6d-3566b7d3d61e{ip: 192.168.5.171, host: byscane-nightly-g5r4k-612667210, networkLocation: /default-rack, certSerialId: null}, Type:RATIS, Factor:THREE, State:CLOSED] moved to CLOSED state
2019-07-30 23:11:42,573 INFO  pipeline.SCMPipelineManager (SCMPipelineManager.java:finalizeAndDestroyPipeline(309)) - destroying pipeline:Pipeline[ Id: 59120429-3236-4b1a-9285-cdfd256f376a, Nodes: ad7ed92e-ee6a-47ae-a47a-72f719be0302{ip: 192.168.5.171, host: byscane-nightly-g5r4k-612667210, networkLocation: /default-rack, certSerialId: null}, Type:RATIS, Factor:ONE, State:OPEN]
2019-07-30 23:11:42,573 INFO  container.CloseContainerEventHandler (CloseContainerEventHandler.java:onMessage(61)) - Close container Event triggered for container : #1
2019-07-30 23:11:42,573 INFO  pipeline.PipelineStateManager (PipelineStateManager.java:finalizePipeline(123)) - Pipeline Pipeline[ Id: 59120429-3236-4b1a-9285-cdfd256f376a, Nodes: ad7ed92e-ee6a-47ae-a47a-72f719be0302{ip: 192.168.5.171, host: byscane-nightly-g5r4k-612667210, networkLocation: /default-rack, certSerialId: null}, Type:RATIS, Factor:ONE, State:CLOSED] moved to CLOSED state
2019-07-30 23:11:42,773 INFO  node.StaleNodeHandler (StaleNodeHandler.java:onMessage(58)) - Datanode 66e2eb1b-ad33-427e-a453-da9ee6158a8a{ip: 192.168.5.171, host: byscane-nightly-g5r4k-612667210, networkLocation: /default-rack, certSerialId: null} moved to stale state. Finalizing its pipelines [PipelineID=edaaa6a5-66f0-4c3f-a939-04d5f4c477bb, PipelineID=5ed60336-e816-4add-8563-70dbebcabe83]
2019-07-30 23:11:42,773 INFO  pipeline.SCMPipelineManager (SCMPipelineManager.java:finalizeAndDestroyPipeline(309)) - destroying pipeline:Pipeline[ Id: edaaa6a5-66f0-4c3f-a939-04d5f4c477bb, Nodes: 66e2eb1b-ad33-427e-a453-da9ee6158a8a{ip: 192.168.5.171, host: byscane-nightly-g5r4k-612667210, networkLocation: /default-rack, certSerialId: null}eaecb802-43fa-4ea7-a083-8b0e18722e0b{ip: 192.168.5.171, host: byscane-nightly-g5r4k-612667210, networkLocation: /default-rack, certSerialId: null}e7307b16-d7cb-4cdf-b0bb-cf5c3f8d35b1{ip: 192.168.5.171, host: byscane-nightly-g5r4k-612667210, networkLocation: /default-rack, certSerialId: null}, Type:RATIS, Factor:THREE, State:OPEN]
2019-07-30 23:11:42,773 INFO  pipeline.PipelineStateManager (PipelineStateManager.java:finalizePipeline(123)) - Pipeline Pipeline[ Id: edaaa6a5-66f0-4c3f-a939-04d5f4c477bb, Nodes: 66e2eb1b-ad33-427e-a453-da9ee6158a8a{ip: 192.168.5.171, host: byscane-nightly-g5r4k-612667210, networkLocation: /default-rack, certSerialId: null}eaecb802-43fa-4ea7-a083-8b0e18722e0b{ip: 192.168.5.171, host: byscane-nightly-g5r4k-612667210, networkLocation: /default-rack, certSerialId: null}e7307b16-d7cb-4cdf-b0bb-cf5c3f8d35b1{ip: 192.168.5.171, host: byscane-nightly-g5r4k-612667210, networkLocation: /default-rack, certSerialId: null}, Type:RATIS, Factor:THREE, State:CLOSED] moved to CLOSED state
2019-07-30 23:11:42,773 INFO  container.CloseContainerEventHandler (CloseContainerEventHandler.java:onMessage(61)) - Close container Event triggered for container : #2
2019-07-30 23:11:42,773 INFO  pipeline.SCMPipelineManager (SCMPipelineManager.java:finalizeAndDestroyPipeline(309)) - destroying pipeline:Pipeline[ Id: 5ed60336-e816-4add-8563-70dbebcabe83, Nodes: 66e2eb1b-ad33-427e-a453-da9ee6158a8a{ip: 192.168.5.171, host: byscane-nightly-g5r4k-612667210, networkLocation: /default-rack, certSerialId: null}, Type:RATIS, Factor:ONE, State:OPEN]
2019-07-30 23:11:42,774 INFO  pipeline.PipelineStateManager (PipelineStateManager.java:finalizePipeline(123)) - Pipeline Pipeline[ Id: 5ed60336-e816-4add-8563-70dbebcabe83, Nodes: 66e2eb1b-ad33-427e-a453-da9ee6158a8a{ip: 192.168.5.171, host: byscane-nightly-g5r4k-612667210, networkLocation: /default-rack, certSerialId: null}, Type:RATIS, Factor:ONE, State:CLOSED] moved to CLOSED state
2019-07-30 23:11:42,868 INFO  ozoneimpl.OzoneContainer (OzoneContainer.java:stop(199)) - Attempting to stop container services.
2019-07-30 23:11:42,868 INFO  ozoneimpl.OzoneContainer (OzoneContainer.java:stop(199)) - Attempting to stop container services.
2019-07-30 23:11:42,869 INFO  impl.RaftServerProxy (RaftServerProxy.java:lambda$close$4(314)) - ad7ed92e-ee6a-47ae-a47a-72f719be0302: close
2019-07-30 23:11:42,869 INFO  impl.RaftServerProxy (RaftServerProxy.java:lambda$close$4(314)) - 66e2eb1b-ad33-427e-a453-da9ee6158a8a: close
2019-07-30 23:11:42,873 INFO  impl.RaftServerImpl (RaftServerImpl.java:lambda$shutdown$3(245)) - ad7ed92e-ee6a-47ae-a47a-72f719be0302: shutdown group-72A3A3B9AF68
2019-07-30 23:11:42,873 INFO  impl.RaftServerImpl (RaftServerImpl.java:lambda$shutdown$3(245)) - 66e2eb1b-ad33-427e-a453-da9ee6158a8a: shutdown group-04D5F4C477BB
2019-07-30 23:11:42,873 INFO  util.JmxRegister (JmxRegister.java:unregister(73)) - Successfully un-registered JMX Bean with object name Ratis:service=RaftServer,group=group-72A3A3B9AF68,id=ad7ed92e-ee6a-47ae-a47a-72f719be0302
2019-07-30 23:11:42,874 INFO  util.JmxRegister (JmxRegister.java:unregister(73)) - Successfully un-registered JMX Bean with object name Ratis:service=RaftServer,group=group-04D5F4C477BB,id=66e2eb1b-ad33-427e-a453-da9ee6158a8a
2019-07-30 23:11:42,874 INFO  impl.RoleInfo (RoleInfo.java:shutdownFollowerState(121)) - ad7ed92e-ee6a-47ae-a47a-72f719be0302: shutdown FollowerState
2019-07-30 23:11:42,874 INFO  impl.RoleInfo (RoleInfo.java:shutdownFollowerState(121)) - 66e2eb1b-ad33-427e-a453-da9ee6158a8a: shutdown FollowerState
2019-07-30 23:11:42,875 INFO  ratis.ContainerStateMachine (ContainerStateMachine.java:takeSnapshot(262)) - group-72A3A3B9AF68: Taking a snapshot at:(t:1, i:6) file /workdir/hadoop-ozone/integration-test/target/test-dir/MiniOzoneClusterImpl-ebe44233-41fb-4a8e-8173-29743ddef8ad/datanode-4/data/ratis/9d5d85aa-5c92-4b5c-b1db-72a3a3b9af68/sm/snapshot.1_6
2019-07-30 23:11:42,875 INFO  impl.FollowerState (FollowerState.java:run(114)) - ad7ed92e-ee6a-47ae-a47a-72f719be0302: FollowerState was interrupted: java.lang.InterruptedException: sleep interrupted
2019-07-30 23:11:42,875 INFO  impl.StateMachineUpdater (StateMachineUpdater.java:stopAndJoin(115)) - StateMachineUpdater:ad7ed92e-ee6a-47ae-a47a-72f719be0302:group-72A3A3B9AF68: set stopIndex = 6
2019-07-30 23:11:42,875 INFO  impl.FollowerState (FollowerState.java:run(114)) - 66e2eb1b-ad33-427e-a453-da9ee6158a8a: FollowerState was interrupted: java.lang.InterruptedException: sleep interrupted
2019-07-30 23:11:42,875 INFO  ratis.ContainerStateMachine (ContainerStateMachine.java:takeSnapshot(262)) - group-04D5F4C477BB: Taking a snapshot at:(t:1, i:4) file /workdir/hadoop-ozone/integration-test/target/test-dir/MiniOzoneClusterImpl-ebe44233-41fb-4a8e-8173-29743ddef8ad/datanode-1/data/ratis/edaaa6a5-66f0-4c3f-a939-04d5f4c477bb/sm/snapshot.1_4
2019-07-30 23:11:42,875 INFO  impl.StateMachineUpdater (StateMachineUpdater.java:stopAndJoin(115)) - StateMachineUpdater:66e2eb1b-ad33-427e-a453-da9ee6158a8a:group-04D5F4C477BB: set stopIndex = 6
2019-07-30 23:11:42,887 INFO  ratis.ContainerStateMachine (ContainerStateMachine.java:takeSnapshot(273)) - group-72A3A3B9AF68: Finished taking a snapshot at:(t:1, i:6) file:/workdir/hadoop-ozone/integration-test/target/test-dir/MiniOzoneClusterImpl-ebe44233-41fb-4a8e-8173-29743ddef8ad/datanode-4/data/ratis/9d5d85aa-5c92-4b5c-b1db-72a3a3b9af68/sm/snapshot.1_6 time:12
2019-07-30 23:11:42,887 INFO  impl.StateMachineUpdater (StateMachineUpdater.java:takeSnapshot(242)) - StateMachineUpdater:ad7ed92e-ee6a-47ae-a47a-72f719be0302:group-72A3A3B9AF68: Took a snapshot at index 6
2019-07-30 23:11:42,887 INFO  impl.StateMachineUpdater (StateMachineUpdater.java:lambda$new$0(80)) - StateMachineUpdater:ad7ed92e-ee6a-47ae-a47a-72f719be0302:group-72A3A3B9AF68: snapshotIndex: updateIncreasingly -1 -> 6
2019-07-30 23:11:42,887 INFO  impl.RaftServerImpl (ServerState.java:close(394)) - ad7ed92e-ee6a-47ae-a47a-72f719be0302:group-72A3A3B9AF68 closes. The last applied log index is 6
2019-07-30 23:11:42,888 INFO  ratis.ContainerStateMachine (ContainerStateMachine.java:takeSnapshot(273)) - group-04D5F4C477BB: Finished taking a snapshot at:(t:1, i:4) file:/workdir/hadoop-ozone/integration-test/target/test-dir/MiniOzoneClusterImpl-ebe44233-41fb-4a8e-8173-29743ddef8ad/datanode-1/data/ratis/edaaa6a5-66f0-4c3f-a939-04d5f4c477bb/sm/snapshot.1_4 time:12
2019-07-30 23:11:42,888 INFO  impl.StateMachineUpdater (StateMachineUpdater.java:takeSnapshot(242)) - StateMachineUpdater:66e2eb1b-ad33-427e-a453-da9ee6158a8a:group-04D5F4C477BB: Took a snapshot at index 4
2019-07-30 23:11:42,888 INFO  segmented.SegmentedRaftLogWorker (SegmentedRaftLogWorker.java:run(313)) - ad7ed92e-ee6a-47ae-a47a-72f719be0302-SegmentedRaftLogWorker:Storage Directory /workdir/hadoop-ozone/integration-test/target/test-dir/MiniOzoneClusterImpl-ebe44233-41fb-4a8e-8173-29743ddef8ad/datanode-4/data/ratis/9d5d85aa-5c92-4b5c-b1db-72a3a3b9af68 was interrupted, exiting. There are 0 tasks remaining in the queue.
2019-07-30 23:11:42,888 INFO  impl.StateMachineUpdater (StateMachineUpdater.java:lambda$new$0(80)) - StateMachineUpdater:66e2eb1b-ad33-427e-a453-da9ee6158a8a:group-04D5F4C477BB: snapshotIndex: updateIncreasingly -1 -> 4
2019-07-30 23:11:42,891 INFO  segmented.SegmentedRaftLogWorker (SegmentedRaftLogWorker.java:close(228)) - ad7ed92e-ee6a-47ae-a47a-72f719be0302-SegmentedRaftLogWorker:Storage Directory /workdir/hadoop-ozone/integration-test/target/test-dir/MiniOzoneClusterImpl-ebe44233-41fb-4a8e-8173-29743ddef8ad/datanode-4/data/ratis/9d5d85aa-5c92-4b5c-b1db-72a3a3b9af68 close()
2019-07-30 23:11:42,891 INFO  impl.RaftServerImpl (ServerState.java:close(394)) - 66e2eb1b-ad33-427e-a453-da9ee6158a8a:group-04D5F4C477BB closes. The last applied log index is 6
2019-07-30 23:11:42,896 INFO  impl.RaftServerImpl (RaftServerImpl.java:lambda$shutdown$3(245)) - ad7ed92e-ee6a-47ae-a47a-72f719be0302: shutdown group-CDFD256F376A
2019-07-30 23:11:42,896 INFO  segmented.SegmentedRaftLogWorker (SegmentedRaftLogWorker.java:run(313)) - 66e2eb1b-ad33-427e-a453-da9ee6158a8a-SegmentedRaftLogWorker:Storage Directory /workdir/hadoop-ozone/integration-test/target/test-dir/MiniOzoneClusterImpl-ebe44233-41fb-4a8e-8173-29743ddef8ad/datanode-1/data/ratis/edaaa6a5-66f0-4c3f-a939-04d5f4c477bb was interrupted, exiting. There are 0 tasks remaining in the queue.
2019-07-30 23:11:42,896 INFO  util.JmxRegister (JmxRegister.java:unregister(73)) - Successfully un-registered JMX Bean with object name Ratis:service=RaftServer,group=group-CDFD256F376A,id=ad7ed92e-ee6a-47ae-a47a-72f719be0302
2019-07-30 23:11:42,899 INFO  segmented.SegmentedRaftLogWorker (SegmentedRaftLogWorker.java:close(228)) - 66e2eb1b-ad33-427e-a453-da9ee6158a8a-SegmentedRaftLogWorker:Storage Directory /workdir/hadoop-ozone/integration-test/target/test-dir/MiniOzoneClusterImpl-ebe44233-41fb-4a8e-8173-29743ddef8ad/datanode-1/data/ratis/edaaa6a5-66f0-4c3f-a939-04d5f4c477bb close()
2019-07-30 23:11:42,899 INFO  impl.RoleInfo (RoleInfo.java:shutdownLeaderState(104)) - ad7ed92e-ee6a-47ae-a47a-72f719be0302: shutdown LeaderState
2019-07-30 23:11:42,904 INFO  impl.RaftServerImpl (RaftServerImpl.java:lambda$shutdown$3(245)) - 66e2eb1b-ad33-427e-a453-da9ee6158a8a: shutdown group-70DBEBCABE83
2019-07-30 23:11:42,905 INFO  impl.PendingRequests (PendingRequests.java:sendNotLeaderResponses(202)) - ad7ed92e-ee6a-47ae-a47a-72f719be0302-PendingRequests: sendNotLeaderResponses
2019-07-30 23:11:42,905 INFO  util.JmxRegister (JmxRegister.java:unregister(73)) - Successfully un-registered JMX Bean with object name Ratis:service=RaftServer,group=group-70DBEBCABE83,id=66e2eb1b-ad33-427e-a453-da9ee6158a8a
2019-07-30 23:11:42,906 INFO  impl.StateMachineUpdater (StateMachineUpdater.java:stopAndJoin(115)) - StateMachineUpdater:ad7ed92e-ee6a-47ae-a47a-72f719be0302:group-CDFD256F376A: set stopIndex = 0
2019-07-30 23:11:42,906 INFO  impl.RoleInfo (RoleInfo.java:shutdownLeaderState(104)) - 66e2eb1b-ad33-427e-a453-da9ee6158a8a: shutdown LeaderState
2019-07-30 23:11:42,906 INFO  impl.RaftServerImpl (ServerState.java:close(394)) - ad7ed92e-ee6a-47ae-a47a-72f719be0302:group-CDFD256F376A closes. The last applied log index is 0
2019-07-30 23:11:42,907 INFO  impl.PendingRequests (PendingRequests.java:sendNotLeaderResponses(202)) - 66e2eb1b-ad33-427e-a453-da9ee6158a8a-PendingRequests: sendNotLeaderResponses
2019-07-30 23:11:42,907 INFO  segmented.SegmentedRaftLogWorker (SegmentedRaftLogWorker.java:run(313)) - ad7ed92e-ee6a-47ae-a47a-72f719be0302-SegmentedRaftLogWorker:Storage Directory /workdir/hadoop-ozone/integration-test/target/test-dir/MiniOzoneClusterImpl-ebe44233-41fb-4a8e-8173-29743ddef8ad/datanode-4/data/ratis/59120429-3236-4b1a-9285-cdfd256f376a was interrupted, exiting. There are 0 tasks remaining in the queue.
2019-07-30 23:11:42,907 INFO  impl.StateMachineUpdater (StateMachineUpdater.java:stopAndJoin(115)) - StateMachineUpdater:66e2eb1b-ad33-427e-a453-da9ee6158a8a:group-70DBEBCABE83: set stopIndex = 0
2019-07-30 23:11:42,910 INFO  segmented.SegmentedRaftLogWorker (SegmentedRaftLogWorker.java:close(228)) - ad7ed92e-ee6a-47ae-a47a-72f719be0302-SegmentedRaftLogWorker:Storage Directory /workdir/hadoop-ozone/integration-test/target/test-dir/MiniOzoneClusterImpl-ebe44233-41fb-4a8e-8173-29743ddef8ad/datanode-4/data/ratis/59120429-3236-4b1a-9285-cdfd256f376a close()
2019-07-30 23:11:42,910 INFO  impl.RaftServerImpl (ServerState.java:close(394)) - 66e2eb1b-ad33-427e-a453-da9ee6158a8a:group-70DBEBCABE83 closes. The last applied log index is 0
2019-07-30 23:11:42,915 INFO  server.GrpcService (GrpcService.java:closeImpl(155)) - ad7ed92e-ee6a-47ae-a47a-72f719be0302: shutdown server with port 42501 now
2019-07-30 23:11:42,915 INFO  segmented.SegmentedRaftLogWorker (SegmentedRaftLogWorker.java:run(313)) - 66e2eb1b-ad33-427e-a453-da9ee6158a8a-SegmentedRaftLogWorker:Storage Directory /workdir/hadoop-ozone/integration-test/target/test-dir/MiniOzoneClusterImpl-ebe44233-41fb-4a8e-8173-29743ddef8ad/datanode-1/data/ratis/5ed60336-e816-4add-8563-70dbebcabe83 was interrupted, exiting. There are 0 tasks remaining in the queue.
2019-07-30 23:11:42,918 INFO  segmented.SegmentedRaftLogWorker (SegmentedRaftLogWorker.java:close(228)) - 66e2eb1b-ad33-427e-a453-da9ee6158a8a-SegmentedRaftLogWorker:Storage Directory /workdir/hadoop-ozone/integration-test/target/test-dir/MiniOzoneClusterImpl-ebe44233-41fb-4a8e-8173-29743ddef8ad/datanode-1/data/ratis/5ed60336-e816-4add-8563-70dbebcabe83 close()
2019-07-30 23:11:42,923 INFO  server.GrpcService (GrpcService.java:closeImpl(155)) - 66e2eb1b-ad33-427e-a453-da9ee6158a8a: shutdown server with port 36122 now
2019-07-30 23:11:42,923 WARN  server.GrpcServerProtocolService (LogUtils.java:warn(134)) - ad7ed92e-ee6a-47ae-a47a-72f719be0302: appendEntries onError: org.apache.ratis.thirdparty.io.grpc.StatusRuntimeException: CANCELLED: cancelled before receiving half close
2019-07-30 23:11:42,923 INFO  server.GrpcService (GrpcService.java:closeImpl(163)) - ad7ed92e-ee6a-47ae-a47a-72f719be0302: shutdown server with port 42501 successfully
2019-07-30 23:11:42,924 INFO  server.GrpcService (GrpcService.java:closeImpl(163)) - 66e2eb1b-ad33-427e-a453-da9ee6158a8a: shutdown server with port 36122 successfully
2019-07-30 23:11:42,924 WARN  server.GrpcServerProtocolService (LogUtils.java:warn(134)) - 66e2eb1b-ad33-427e-a453-da9ee6158a8a: appendEntries onError: org.apache.ratis.thirdparty.io.grpc.StatusRuntimeException: CANCELLED: cancelled before receiving half close
2019-07-30 23:11:42,923 WARN  server.GrpcLogAppender (LogUtils.java:warn(134)) - 36c57446-f5e2-4e56-a057-2c3cc200a735->ad7ed92e-ee6a-47ae-a47a-72f719be0302: Failed appendEntries: org.apache.ratis.thirdparty.io.grpc.StatusRuntimeException: CANCELLED: HTTP/2 error code: CANCEL
Received Rst Stream
2019-07-30 23:11:42,924 WARN  server.GrpcLogAppender (LogUtils.java:warn(134)) - e7307b16-d7cb-4cdf-b0bb-cf5c3f8d35b1->66e2eb1b-ad33-427e-a453-da9ee6158a8a: Failed appendEntries: org.apache.ratis.thirdparty.io.grpc.StatusRuntimeException: CANCELLED: HTTP/2 error code: CANCEL
Received Rst Stream
2019-07-30 23:11:42,924 INFO  impl.FollowerInfo (FollowerInfo.java:lambda$new$0(50)) - 36c57446-f5e2-4e56-a057-2c3cc200a735->ad7ed92e-ee6a-47ae-a47a-72f719be0302: nextIndex: updateUnconditionally 7 -> 6
2019-07-30 23:11:42,925 INFO  impl.FollowerInfo (FollowerInfo.java:lambda$new$0(50)) - e7307b16-d7cb-4cdf-b0bb-cf5c3f8d35b1->66e2eb1b-ad33-427e-a453-da9ee6158a8a: nextIndex: updateUnconditionally 7 -> 6
2019-07-30 23:11:42,926 INFO  utils.BackgroundService (BackgroundService.java:shutdown(148)) - Shutting down service BlockDeletingService
2019-07-30 23:11:42,926 INFO  utils.BackgroundService (BackgroundService.java:shutdown(148)) - Shutting down service BlockDeletingService
2019-07-30 23:11:42,927 WARN  fs.CachingGetSpaceUsed (CachingGetSpaceUsed.java:run(183)) - Thread Interrupted waiting to refresh disk information: sleep interrupted
2019-07-30 23:11:42,928 WARN  fs.CachingGetSpaceUsed (CachingGetSpaceUsed.java:run(183)) - Thread Interrupted waiting to refresh disk information: sleep interrupted
2019-07-30 23:11:42,958 INFO  statemachine.DatanodeStateMachine (DatanodeStateMachine.java:stopDaemon(395)) - Ozone container server stopped.
2019-07-30 23:11:42,960 INFO  statemachine.DatanodeStateMachine (DatanodeStateMachine.java:stopDaemon(395)) - Ozone container server stopped.
2019-07-30 23:11:42,966 INFO  handler.ContextHandler (ContextHandler.java:doStop(910)) - Stopped o.e.j.w.WebAppContext@2dba6013{/,null,UNAVAILABLE}{/hddsDatanode}
2019-07-30 23:11:42,966 INFO  handler.ContextHandler (ContextHandler.java:doStop(910)) - Stopped o.e.j.w.WebAppContext@ebe3561{/,null,UNAVAILABLE}{/hddsDatanode}
2019-07-30 23:11:42,967 INFO  server.AbstractConnector (AbstractConnector.java:doStop(318)) - Stopped ServerConnector@69b2ed81{HTTP/1.1,[http/1.1]}{0.0.0.0:0}
2019-07-30 23:11:42,967 INFO  server.AbstractConnector (AbstractConnector.java:doStop(318)) - Stopped ServerConnector@7d3cb276{HTTP/1.1,[http/1.1]}{0.0.0.0:0}
2019-07-30 23:11:42,967 INFO  handler.ContextHandler (ContextHandler.java:doStop(910)) - Stopped o.e.j.s.ServletContextHandler@35f79e6d{/static,jar:file:/home/user/.m2/repository/org/apache/hadoop/hadoop-hdds-container-service/0.4.1-SNAPSHOT/hadoop-hdds-container-service-0.4.1-SNAPSHOT.jar!/webapps/static,UNAVAILABLE}
2019-07-30 23:11:42,969 INFO  handler.ContextHandler (ContextHandler.java:doStop(910)) - Stopped o.e.j.s.ServletContextHandler@2de3ac17{/static,jar:file:/home/user/.m2/repository/org/apache/hadoop/hadoop-hdds-container-service/0.4.1-SNAPSHOT/hadoop-hdds-container-service-0.4.1-SNAPSHOT.jar!/webapps/static,UNAVAILABLE}
2019-07-30 23:11:42,969 INFO  handler.ContextHandler (ContextHandler.java:doStop(910)) - Stopped o.e.j.s.ServletContextHandler@473048f9{/logs,file:///workdir/hadoop-ozone/integration-test/target/log,UNAVAILABLE}
2019-07-30 23:11:42,971 INFO  handler.ContextHandler (ContextHandler.java:doStop(910)) - Stopped o.e.j.s.ServletContextHandler@4f93816d{/logs,file:///workdir/hadoop-ozone/integration-test/target/log,UNAVAILABLE}
2019-07-30 23:11:42,972 INFO  datanode.ObjectStoreHandler (ObjectStoreHandler.java:close(155)) - Closing ObjectStoreHandler.
2019-07-30 23:11:42,972 INFO  datanode.ObjectStoreHandler (ObjectStoreHandler.java:close(155)) - Closing ObjectStoreHandler.
2019-07-30 23:11:42,973 INFO  ozone.HddsDatanodeService (HddsDatanodeService.java:stop(451)) - Stopped plug-in org.apache.hadoop.ozone.web.OzoneHddsDatanodeService@52a9c251
2019-07-30 23:11:42,973 INFO  ozone.HddsDatanodeService (HddsDatanodeService.java:stop(451)) - Stopped plug-in org.apache.hadoop.ozone.web.OzoneHddsDatanodeService@16ea56ab
2019-07-30 23:11:43,102 WARN  server.GrpcLogAppender (LogUtils.java:warn(134)) - 36c57446-f5e2-4e56-a057-2c3cc200a735->ad7ed92e-ee6a-47ae-a47a-72f719be0302: Failed appendEntries: org.apache.ratis.thirdparty.io.grpc.StatusRuntimeException: UNAVAILABLE: io exception
2019-07-30 23:11:43,103 INFO  impl.FollowerInfo (FollowerInfo.java:lambda$new$0(50)) - 36c57446-f5e2-4e56-a057-2c3cc200a735->ad7ed92e-ee6a-47ae-a47a-72f719be0302: nextIndex: updateUnconditionally 6 -> 5
2019-07-30 23:11:43,564 INFO  statemachine.DatanodeStateMachine (DatanodeStateMachine.java:lambda$startDaemon$0(350)) - Ozone container server started.
2019-07-30 23:11:43,736 INFO  statemachine.DatanodeStateMachine (DatanodeStateMachine.java:lambda$startDaemon$0(350)) - Ozone container server started.
2019-07-30 23:11:45,294 WARN  server.GrpcLogAppender (LogUtils.java:warn(134)) - e7307b16-d7cb-4cdf-b0bb-cf5c3f8d35b1->66e2eb1b-ad33-427e-a453-da9ee6158a8a: Failed appendEntries: org.apache.ratis.thirdparty.io.grpc.StatusRuntimeException: UNAVAILABLE: io exception
2019-07-30 23:11:45,295 INFO  impl.FollowerInfo (FollowerInfo.java:lambda$new$0(50)) - e7307b16-d7cb-4cdf-b0bb-cf5c3f8d35b1->66e2eb1b-ad33-427e-a453-da9ee6158a8a: nextIndex: updateUnconditionally 6 -> 5
2019-07-30 23:11:45,603 WARN  server.GrpcLogAppender (LogUtils.java:warn(134)) - 36c57446-f5e2-4e56-a057-2c3cc200a735->ad7ed92e-ee6a-47ae-a47a-72f719be0302: Failed appendEntries: org.apache.ratis.thirdparty.io.grpc.StatusRuntimeException: UNAVAILABLE: io exception
2019-07-30 23:11:45,604 INFO  impl.FollowerInfo (FollowerInfo.java:lambda$new$0(50)) - 36c57446-f5e2-4e56-a057-2c3cc200a735->ad7ed92e-ee6a-47ae-a47a-72f719be0302: nextIndex: updateUnconditionally 5 -> 4
2019-07-30 23:11:47,579 INFO  node.StaleNodeHandler (StaleNodeHandler.java:onMessage(58)) - Datanode 36c57446-f5e2-4e56-a057-2c3cc200a735{ip: 192.168.5.171, host: byscane-nightly-g5r4k-612667210, networkLocation: /default-rack, certSerialId: null} moved to stale state. Finalizing its pipelines [PipelineID=9d5d85aa-5c92-4b5c-b1db-72a3a3b9af68, PipelineID=eb95c6d7-7e9f-40af-8954-a332750cfc33]
2019-07-30 23:11:47,579 INFO  pipeline.SCMPipelineManager (SCMPipelineManager.java:finalizeAndDestroyPipeline(309)) - destroying pipeline:Pipeline[ Id: 9d5d85aa-5c92-4b5c-b1db-72a3a3b9af68, Nodes: ad7ed92e-ee6a-47ae-a47a-72f719be0302{ip: 192.168.5.171, host: byscane-nightly-g5r4k-612667210, networkLocation: /default-rack, certSerialId: null}36c57446-f5e2-4e56-a057-2c3cc200a735{ip: 192.168.5.171, host: byscane-nightly-g5r4k-612667210, networkLocation: /default-rack, certSerialId: null}63fbe650-6a5a-48da-9f6d-3566b7d3d61e{ip: 192.168.5.171, host: byscane-nightly-g5r4k-612667210, networkLocation: /default-rack, certSerialId: null}, Type:RATIS, Factor:THREE, State:CLOSED]
2019-07-30 23:11:47,579 INFO  pipeline.SCMPipelineManager (SCMPipelineManager.java:finalizeAndDestroyPipeline(309)) - destroying pipeline:Pipeline[ Id: eb95c6d7-7e9f-40af-8954-a332750cfc33, Nodes: 36c57446-f5e2-4e56-a057-2c3cc200a735{ip: 192.168.5.171, host: byscane-nightly-g5r4k-612667210, networkLocation: /default-rack, certSerialId: null}, Type:RATIS, Factor:ONE, State:OPEN]
2019-07-30 23:11:47,579 INFO  pipeline.PipelineStateManager (PipelineStateManager.java:finalizePipeline(123)) - Pipeline Pipeline[ Id: eb95c6d7-7e9f-40af-8954-a332750cfc33, Nodes: 36c57446-f5e2-4e56-a057-2c3cc200a735{ip: 192.168.5.171, host: byscane-nightly-g5r4k-612667210, networkLocation: /default-rack, certSerialId: null}, Type:RATIS, Factor:ONE, State:CLOSED] moved to CLOSED state
2019-07-30 23:11:47,779 INFO  node.StaleNodeHandler (StaleNodeHandler.java:onMessage(58)) - Datanode e7307b16-d7cb-4cdf-b0bb-cf5c3f8d35b1{ip: 192.168.5.171, host: byscane-nightly-g5r4k-612667210, networkLocation: /default-rack, certSerialId: null} moved to stale state. Finalizing its pipelines [PipelineID=edaaa6a5-66f0-4c3f-a939-04d5f4c477bb, PipelineID=6983d84c-6f07-4090-b900-e87a56d34e89]
2019-07-30 23:11:47,779 INFO  pipeline.SCMPipelineManager (SCMPipelineManager.java:finalizeAndDestroyPipeline(309)) - destroying pipeline:Pipeline[ Id: edaaa6a5-66f0-4c3f-a939-04d5f4c477bb, Nodes: 66e2eb1b-ad33-427e-a453-da9ee6158a8a{ip: 192.168.5.171, host: byscane-nightly-g5r4k-612667210, networkLocation: /default-rack, certSerialId: null}eaecb802-43fa-4ea7-a083-8b0e18722e0b{ip: 192.168.5.171, host: byscane-nightly-g5r4k-612667210, networkLocation: /default-rack, certSerialId: null}e7307b16-d7cb-4cdf-b0bb-cf5c3f8d35b1{ip: 192.168.5.171, host: byscane-nightly-g5r4k-612667210, networkLocation: /default-rack, certSerialId: null}, Type:RATIS, Factor:THREE, State:CLOSED]
2019-07-30 23:11:47,780 INFO  pipeline.SCMPipelineManager (SCMPipelineManager.java:finalizeAndDestroyPipeline(309)) - destroying pipeline:Pipeline[ Id: 6983d84c-6f07-4090-b900-e87a56d34e89, Nodes: e7307b16-d7cb-4cdf-b0bb-cf5c3f8d35b1{ip: 192.168.5.171, host: byscane-nightly-g5r4k-612667210, networkLocation: /default-rack, certSerialId: null}, Type:RATIS, Factor:ONE, State:OPEN]
2019-07-30 23:11:47,780 INFO  pipeline.PipelineStateManager (PipelineStateManager.java:finalizePipeline(123)) - Pipeline Pipeline[ Id: 6983d84c-6f07-4090-b900-e87a56d34e89, Nodes: e7307b16-d7cb-4cdf-b0bb-cf5c3f8d35b1{ip: 192.168.5.171, host: byscane-nightly-g5r4k-612667210, networkLocation: /default-rack, certSerialId: null}, Type:RATIS, Factor:ONE, State:CLOSED] moved to CLOSED state
2019-07-30 23:11:47,794 WARN  server.GrpcLogAppender (LogUtils.java:warn(134)) - e7307b16-d7cb-4cdf-b0bb-cf5c3f8d35b1->66e2eb1b-ad33-427e-a453-da9ee6158a8a: Failed appendEntries: org.apache.ratis.thirdparty.io.grpc.StatusRuntimeException: UNAVAILABLE: io exception
2019-07-30 23:11:47,795 INFO  impl.FollowerInfo (FollowerInfo.java:lambda$new$0(50)) - e7307b16-d7cb-4cdf-b0bb-cf5c3f8d35b1->66e2eb1b-ad33-427e-a453-da9ee6158a8a: nextIndex: updateUnconditionally 5 -> 4
2019-07-30 23:11:47,974 INFO  ozoneimpl.OzoneContainer (OzoneContainer.java:stop(199)) - Attempting to stop container services.
2019-07-30 23:11:47,974 INFO  ozoneimpl.OzoneContainer (OzoneContainer.java:stop(199)) - Attempting to stop container services.
2019-07-30 23:11:47,974 INFO  impl.RaftServerProxy (RaftServerProxy.java:lambda$close$4(314)) - 36c57446-f5e2-4e56-a057-2c3cc200a735: close
2019-07-30 23:11:47,975 INFO  impl.RaftServerProxy (RaftServerProxy.java:lambda$close$4(314)) - e7307b16-d7cb-4cdf-b0bb-cf5c3f8d35b1: close
2019-07-30 23:11:47,975 INFO  impl.RaftServerImpl (RaftServerImpl.java:lambda$shutdown$3(245)) - 36c57446-f5e2-4e56-a057-2c3cc200a735: shutdown group-72A3A3B9AF68
2019-07-30 23:11:47,975 INFO  impl.RaftServerImpl (RaftServerImpl.java:lambda$shutdown$3(245)) - e7307b16-d7cb-4cdf-b0bb-cf5c3f8d35b1: shutdown group-04D5F4C477BB
2019-07-30 23:11:47,976 INFO  util.JmxRegister (JmxRegister.java:unregister(73)) - Successfully un-registered JMX Bean with object name Ratis:service=RaftServer,group=group-72A3A3B9AF68,id=36c57446-f5e2-4e56-a057-2c3cc200a735
2019-07-30 23:11:47,976 INFO  impl.RoleInfo (RoleInfo.java:shutdownLeaderState(104)) - 36c57446-f5e2-4e56-a057-2c3cc200a735: shutdown LeaderState
2019-07-30 23:11:47,976 INFO  util.JmxRegister (JmxRegister.java:unregister(73)) - Successfully un-registered JMX Bean with object name Ratis:service=RaftServer,group=group-04D5F4C477BB,id=e7307b16-d7cb-4cdf-b0bb-cf5c3f8d35b1
2019-07-30 23:11:47,983 INFO  impl.PendingRequests (PendingRequests.java:sendNotLeaderResponses(202)) - 36c57446-f5e2-4e56-a057-2c3cc200a735-PendingRequests: sendNotLeaderResponses
2019-07-30 23:11:47,983 WARN  server.GrpcLogAppender (GrpcLogAppender.java:mayWait(143)) - GrpcLogAppender(36c57446-f5e2-4e56-a057-2c3cc200a735->ad7ed92e-ee6a-47ae-a47a-72f719be0302): Wait interrupted by java.lang.InterruptedException
2019-07-30 23:11:47,983 WARN  server.GrpcLogAppender (GrpcLogAppender.java:mayWait(143)) - GrpcLogAppender(36c57446-f5e2-4e56-a057-2c3cc200a735->63fbe650-6a5a-48da-9f6d-3566b7d3d61e): Wait interrupted by java.lang.InterruptedException
2019-07-30 23:11:47,983 INFO  impl.RoleInfo (RoleInfo.java:shutdownLeaderState(104)) - e7307b16-d7cb-4cdf-b0bb-cf5c3f8d35b1: shutdown LeaderState
2019-07-30 23:11:47,990 INFO  ratis.ContainerStateMachine (ContainerStateMachine.java:takeSnapshot(262)) - group-72A3A3B9AF68: Taking a snapshot at:(t:1, i:6) file /workdir/hadoop-ozone/integration-test/target/test-dir/MiniOzoneClusterImpl-ebe44233-41fb-4a8e-8173-29743ddef8ad/datanode-3/data/ratis/9d5d85aa-5c92-4b5c-b1db-72a3a3b9af68/sm/snapshot.1_6
2019-07-30 23:11:47,993 INFO  server.GrpcServerProtocolService (GrpcServerProtocolService.java:onCompleted(104)) - 63fbe650-6a5a-48da-9f6d-3566b7d3d61e: appendEntries completed
2019-07-30 23:11:47,990 INFO  impl.StateMachineUpdater (StateMachineUpdater.java:stopAndJoin(115)) - StateMachineUpdater:36c57446-f5e2-4e56-a057-2c3cc200a735:group-72A3A3B9AF68: set stopIndex = 6
2019-07-30 23:11:47,996 INFO  server.GrpcLogAppender (GrpcLogAppender.java:onCompleted(292)) - 36c57446-f5e2-4e56-a057-2c3cc200a735->63fbe650-6a5a-48da-9f6d-3566b7d3d61e: follower responses appendEntries COMPLETED
2019-07-30 23:11:47,995 WARN  server.GrpcLogAppender (GrpcLogAppender.java:mayWait(143)) - GrpcLogAppender(e7307b16-d7cb-4cdf-b0bb-cf5c3f8d35b1->66e2eb1b-ad33-427e-a453-da9ee6158a8a): Wait interrupted by java.lang.InterruptedException
2019-07-30 23:11:47,995 WARN  server.GrpcLogAppender (GrpcLogAppender.java:mayWait(143)) - GrpcLogAppender(e7307b16-d7cb-4cdf-b0bb-cf5c3f8d35b1->eaecb802-43fa-4ea7-a083-8b0e18722e0b): Wait interrupted by java.lang.InterruptedException
2019-07-30 23:11:47,995 INFO  impl.PendingRequests (PendingRequests.java:sendNotLeaderResponses(202)) - e7307b16-d7cb-4cdf-b0bb-cf5c3f8d35b1-PendingRequests: sendNotLeaderResponses
2019-07-30 23:11:47,996 INFO  impl.FollowerInfo (FollowerInfo.java:lambda$new$0(50)) - 36c57446-f5e2-4e56-a057-2c3cc200a735->63fbe650-6a5a-48da-9f6d-3566b7d3d61e: nextIndex: updateUnconditionally 7 -> 6
2019-07-30 23:11:47,999 INFO  ratis.ContainerStateMachine (ContainerStateMachine.java:takeSnapshot(273)) - group-72A3A3B9AF68: Finished taking a snapshot at:(t:1, i:6) file:/workdir/hadoop-ozone/integration-test/target/test-dir/MiniOzoneClusterImpl-ebe44233-41fb-4a8e-8173-29743ddef8ad/datanode-3/data/ratis/9d5d85aa-5c92-4b5c-b1db-72a3a3b9af68/sm/snapshot.1_6 time:9
2019-07-30 23:11:48,005 INFO  ratis.ContainerStateMachine (ContainerStateMachine.java:takeSnapshot(262)) - group-04D5F4C477BB: Taking a snapshot at:(t:1, i:6) file /workdir/hadoop-ozone/integration-test/target/test-dir/MiniOzoneClusterImpl-ebe44233-41fb-4a8e-8173-29743ddef8ad/datanode-2/data/ratis/edaaa6a5-66f0-4c3f-a939-04d5f4c477bb/sm/snapshot.1_6
2019-07-30 23:11:47,999 INFO  server.GrpcServerProtocolService (GrpcServerProtocolService.java:onCompleted(104)) - eaecb802-43fa-4ea7-a083-8b0e18722e0b: appendEntries completed
2019-07-30 23:11:48,005 INFO  impl.StateMachineUpdater (StateMachineUpdater.java:takeSnapshot(242)) - StateMachineUpdater:36c57446-f5e2-4e56-a057-2c3cc200a735:group-72A3A3B9AF68: Took a snapshot at index 6
2019-07-30 23:11:48,005 INFO  impl.StateMachineUpdater (StateMachineUpdater.java:stopAndJoin(115)) - StateMachineUpdater:e7307b16-d7cb-4cdf-b0bb-cf5c3f8d35b1:group-04D5F4C477BB: set stopIndex = 6
2019-07-30 23:11:48,006 INFO  server.GrpcLogAppender (GrpcLogAppender.java:onCompleted(292)) - e7307b16-d7cb-4cdf-b0bb-cf5c3f8d35b1->eaecb802-43fa-4ea7-a083-8b0e18722e0b: follower responses appendEntries COMPLETED
2019-07-30 23:11:48,006 INFO  impl.StateMachineUpdater (StateMachineUpdater.java:lambda$new$0(80)) - StateMachineUpdater:36c57446-f5e2-4e56-a057-2c3cc200a735:group-72A3A3B9AF68: snapshotIndex: updateIncreasingly -1 -> 6
2019-07-30 23:11:48,006 INFO  impl.FollowerInfo (FollowerInfo.java:lambda$new$0(50)) - e7307b16-d7cb-4cdf-b0bb-cf5c3f8d35b1->eaecb802-43fa-4ea7-a083-8b0e18722e0b: nextIndex: updateUnconditionally 7 -> 6
2019-07-30 23:11:48,007 INFO  impl.RaftServerImpl (ServerState.java:close(394)) - 36c57446-f5e2-4e56-a057-2c3cc200a735:group-72A3A3B9AF68 closes. The last applied log index is 6
2019-07-30 23:11:48,007 INFO  segmented.SegmentedRaftLogWorker (SegmentedRaftLogWorker.java:run(313)) - 36c57446-f5e2-4e56-a057-2c3cc200a735-SegmentedRaftLogWorker:Storage Directory /workdir/hadoop-ozone/integration-test/target/test-dir/MiniOzoneClusterImpl-ebe44233-41fb-4a8e-8173-29743ddef8ad/datanode-3/data/ratis/9d5d85aa-5c92-4b5c-b1db-72a3a3b9af68 was interrupted, exiting. There are 0 tasks remaining in the queue.
2019-07-30 23:11:48,009 INFO  ratis.ContainerStateMachine (ContainerStateMachine.java:takeSnapshot(273)) - group-04D5F4C477BB: Finished taking a snapshot at:(t:1, i:6) file:/workdir/hadoop-ozone/integration-test/target/test-dir/MiniOzoneClusterImpl-ebe44233-41fb-4a8e-8173-29743ddef8ad/datanode-2/data/ratis/edaaa6a5-66f0-4c3f-a939-04d5f4c477bb/sm/snapshot.1_6 time:4
2019-07-30 23:11:48,009 INFO  segmented.SegmentedRaftLogWorker (SegmentedRaftLogWorker.java:close(228)) - 36c57446-f5e2-4e56-a057-2c3cc200a735-SegmentedRaftLogWorker:Storage Directory /workdir/hadoop-ozone/integration-test/target/test-dir/MiniOzoneClusterImpl-ebe44233-41fb-4a8e-8173-29743ddef8ad/datanode-3/data/ratis/9d5d85aa-5c92-4b5c-b1db-72a3a3b9af68 close()
2019-07-30 23:11:48,010 INFO  impl.StateMachineUpdater (StateMachineUpdater.java:takeSnapshot(242)) - StateMachineUpdater:e7307b16-d7cb-4cdf-b0bb-cf5c3f8d35b1:group-04D5F4C477BB: Took a snapshot at index 6
2019-07-30 23:11:48,014 INFO  impl.StateMachineUpdater (StateMachineUpdater.java:lambda$new$0(80)) - StateMachineUpdater:e7307b16-d7cb-4cdf-b0bb-cf5c3f8d35b1:group-04D5F4C477BB: snapshotIndex: updateIncreasingly -1 -> 6
2019-07-30 23:11:48,014 INFO  impl.RaftServerImpl (RaftServerImpl.java:lambda$shutdown$3(245)) - 36c57446-f5e2-4e56-a057-2c3cc200a735: shutdown group-A332750CFC33
2019-07-30 23:11:48,014 INFO  impl.RaftServerImpl (ServerState.java:close(394)) - e7307b16-d7cb-4cdf-b0bb-cf5c3f8d35b1:group-04D5F4C477BB closes. The last applied log index is 6
2019-07-30 23:11:48,014 INFO  util.JmxRegister (JmxRegister.java:unregister(73)) - Successfully un-registered JMX Bean with object name Ratis:service=RaftServer,group=group-A332750CFC33,id=36c57446-f5e2-4e56-a057-2c3cc200a735
2019-07-30 23:11:48,015 INFO  segmented.SegmentedRaftLogWorker (SegmentedRaftLogWorker.java:run(313)) - e7307b16-d7cb-4cdf-b0bb-cf5c3f8d35b1-SegmentedRaftLogWorker:Storage Directory /workdir/hadoop-ozone/integration-test/target/test-dir/MiniOzoneClusterImpl-ebe44233-41fb-4a8e-8173-29743ddef8ad/datanode-2/data/ratis/edaaa6a5-66f0-4c3f-a939-04d5f4c477bb was interrupted, exiting. There are 0 tasks remaining in the queue.
2019-07-30 23:11:48,015 INFO  impl.RoleInfo (RoleInfo.java:shutdownLeaderState(104)) - 36c57446-f5e2-4e56-a057-2c3cc200a735: shutdown LeaderState
2019-07-30 23:11:48,017 INFO  segmented.SegmentedRaftLogWorker (SegmentedRaftLogWorker.java:close(228)) - e7307b16-d7cb-4cdf-b0bb-cf5c3f8d35b1-SegmentedRaftLogWorker:Storage Directory /workdir/hadoop-ozone/integration-test/target/test-dir/MiniOzoneClusterImpl-ebe44233-41fb-4a8e-8173-29743ddef8ad/datanode-2/data/ratis/edaaa6a5-66f0-4c3f-a939-04d5f4c477bb close()
2019-07-30 23:11:48,017 INFO  impl.PendingRequests (PendingRequests.java:sendNotLeaderResponses(202)) - 36c57446-f5e2-4e56-a057-2c3cc200a735-PendingRequests: sendNotLeaderResponses
2019-07-30 23:11:48,022 INFO  impl.RaftServerImpl (RaftServerImpl.java:lambda$shutdown$3(245)) - e7307b16-d7cb-4cdf-b0bb-cf5c3f8d35b1: shutdown group-E87A56D34E89
2019-07-30 23:11:48,022 INFO  impl.StateMachineUpdater (StateMachineUpdater.java:stopAndJoin(115)) - StateMachineUpdater:36c57446-f5e2-4e56-a057-2c3cc200a735:group-A332750CFC33: set stopIndex = 0
2019-07-30 23:11:48,022 INFO  util.JmxRegister (JmxRegister.java:unregister(73)) - Successfully un-registered JMX Bean with object name Ratis:service=RaftServer,group=group-E87A56D34E89,id=e7307b16-d7cb-4cdf-b0bb-cf5c3f8d35b1
2019-07-30 23:11:48,023 INFO  impl.RaftServerImpl (ServerState.java:close(394)) - 36c57446-f5e2-4e56-a057-2c3cc200a735:group-A332750CFC33 closes. The last applied log index is 0
2019-07-30 23:11:48,023 INFO  impl.RoleInfo (RoleInfo.java:shutdownLeaderState(104)) - e7307b16-d7cb-4cdf-b0bb-cf5c3f8d35b1: shutdown LeaderState
2019-07-30 23:11:48,023 INFO  segmented.SegmentedRaftLogWorker (SegmentedRaftLogWorker.java:run(313)) - 36c57446-f5e2-4e56-a057-2c3cc200a735-SegmentedRaftLogWorker:Storage Directory /workdir/hadoop-ozone/integration-test/target/test-dir/MiniOzoneClusterImpl-ebe44233-41fb-4a8e-8173-29743ddef8ad/datanode-3/data/ratis/eb95c6d7-7e9f-40af-8954-a332750cfc33 was interrupted, exiting. There are 0 tasks remaining in the queue.
2019-07-30 23:11:48,024 INFO  impl.PendingRequests (PendingRequests.java:sendNotLeaderResponses(202)) - e7307b16-d7cb-4cdf-b0bb-cf5c3f8d35b1-PendingRequests: sendNotLeaderResponses
2019-07-30 23:11:48,026 INFO  segmented.SegmentedRaftLogWorker (SegmentedRaftLogWorker.java:close(228)) - 36c57446-f5e2-4e56-a057-2c3cc200a735-SegmentedRaftLogWorker:Storage Directory /workdir/hadoop-ozone/integration-test/target/test-dir/MiniOzoneClusterImpl-ebe44233-41fb-4a8e-8173-29743ddef8ad/datanode-3/data/ratis/eb95c6d7-7e9f-40af-8954-a332750cfc33 close()
2019-07-30 23:11:48,026 INFO  impl.StateMachineUpdater (StateMachineUpdater.java:stopAndJoin(115)) - StateMachineUpdater:e7307b16-d7cb-4cdf-b0bb-cf5c3f8d35b1:group-E87A56D34E89: set stopIndex = 0
2019-07-30 23:11:48,041 INFO  impl.RaftServerImpl (ServerState.java:close(394)) - e7307b16-d7cb-4cdf-b0bb-cf5c3f8d35b1:group-E87A56D34E89 closes. The last applied log index is 0
2019-07-30 23:11:48,040 INFO  server.GrpcService (GrpcService.java:closeImpl(155)) - 36c57446-f5e2-4e56-a057-2c3cc200a735: shutdown server with port 38061 now
2019-07-30 23:11:48,041 INFO  segmented.SegmentedRaftLogWorker (SegmentedRaftLogWorker.java:run(313)) - e7307b16-d7cb-4cdf-b0bb-cf5c3f8d35b1-SegmentedRaftLogWorker:Storage Directory /workdir/hadoop-ozone/integration-test/target/test-dir/MiniOzoneClusterImpl-ebe44233-41fb-4a8e-8173-29743ddef8ad/datanode-2/data/ratis/6983d84c-6f07-4090-b900-e87a56d34e89 was interrupted, exiting. There are 0 tasks remaining in the queue.
2019-07-30 23:11:48,044 INFO  segmented.SegmentedRaftLogWorker (SegmentedRaftLogWorker.java:close(228)) - e7307b16-d7cb-4cdf-b0bb-cf5c3f8d35b1-SegmentedRaftLogWorker:Storage Directory /workdir/hadoop-ozone/integration-test/target/test-dir/MiniOzoneClusterImpl-ebe44233-41fb-4a8e-8173-29743ddef8ad/datanode-2/data/ratis/6983d84c-6f07-4090-b900-e87a56d34e89 close()
2019-07-30 23:11:48,044 WARN  client.GrpcClientProtocolService (LogUtils.java:warn(134)) - 2-UnorderedRequestStreamObserver2: onError: org.apache.ratis.thirdparty.io.grpc.StatusRuntimeException: CANCELLED: cancelled before receiving half close
2019-07-30 23:11:48,047 INFO  server.GrpcService (GrpcService.java:closeImpl(155)) - e7307b16-d7cb-4cdf-b0bb-cf5c3f8d35b1: shutdown server with port 36208 now
2019-07-30 23:11:48,046 INFO  server.GrpcService (GrpcService.java:closeImpl(163)) - 36c57446-f5e2-4e56-a057-2c3cc200a735: shutdown server with port 38061 successfully
2019-07-30 23:11:48,047 INFO  server.GrpcService (GrpcService.java:closeImpl(163)) - e7307b16-d7cb-4cdf-b0bb-cf5c3f8d35b1: shutdown server with port 36208 successfully
2019-07-30 23:11:48,049 INFO  utils.BackgroundService (BackgroundService.java:shutdown(148)) - Shutting down service BlockDeletingService
2019-07-30 23:11:48,050 WARN  fs.CachingGetSpaceUsed (CachingGetSpaceUsed.java:run(183)) - Thread Interrupted waiting to refresh disk information: sleep interrupted
2019-07-30 23:11:48,050 INFO  utils.BackgroundService (BackgroundService.java:shutdown(148)) - Shutting down service BlockDeletingService
2019-07-30 23:11:48,052 WARN  fs.CachingGetSpaceUsed (CachingGetSpaceUsed.java:run(183)) - Thread Interrupted waiting to refresh disk information: sleep interrupted
2019-07-30 23:11:48,074 INFO  statemachine.DatanodeStateMachine (DatanodeStateMachine.java:stopDaemon(395)) - Ozone container server stopped.
2019-07-30 23:11:48,075 INFO  handler.ContextHandler (ContextHandler.java:doStop(910)) - Stopped o.e.j.w.WebAppContext@7aeb5402{/,null,UNAVAILABLE}{/hddsDatanode}
2019-07-30 23:11:48,075 INFO  server.AbstractConnector (AbstractConnector.java:doStop(318)) - Stopped ServerConnector@39e3da5a{HTTP/1.1,[http/1.1]}{0.0.0.0:0}
2019-07-30 23:11:48,076 INFO  handler.ContextHandler (ContextHandler.java:doStop(910)) - Stopped o.e.j.s.ServletContextHandler@488bf7cd{/static,jar:file:/home/user/.m2/repository/org/apache/hadoop/hadoop-hdds-container-service/0.4.1-SNAPSHOT/hadoop-hdds-container-service-0.4.1-SNAPSHOT.jar!/webapps/static,UNAVAILABLE}
2019-07-30 23:11:48,076 INFO  handler.ContextHandler (ContextHandler.java:doStop(910)) - Stopped o.e.j.s.ServletContextHandler@718212ef{/logs,file:///workdir/hadoop-ozone/integration-test/target/log,UNAVAILABLE}
2019-07-30 23:11:48,077 INFO  datanode.ObjectStoreHandler (ObjectStoreHandler.java:close(155)) - Closing ObjectStoreHandler.
2019-07-30 23:11:48,077 INFO  ozone.HddsDatanodeService (HddsDatanodeService.java:stop(451)) - Stopped plug-in org.apache.hadoop.ozone.web.OzoneHddsDatanodeService@2e6066e1
2019-07-30 23:11:48,085 INFO  statemachine.DatanodeStateMachine (DatanodeStateMachine.java:stopDaemon(395)) - Ozone container server stopped.
2019-07-30 23:11:48,090 INFO  handler.ContextHandler (ContextHandler.java:doStop(910)) - Stopped o.e.j.w.WebAppContext@1098c1b1{/,null,UNAVAILABLE}{/hddsDatanode}
2019-07-30 23:11:48,090 INFO  server.AbstractConnector (AbstractConnector.java:doStop(318)) - Stopped ServerConnector@4bba628{HTTP/1.1,[http/1.1]}{0.0.0.0:0}
2019-07-30 23:11:48,092 INFO  handler.ContextHandler (ContextHandler.java:doStop(910)) - Stopped o.e.j.s.ServletContextHandler@35ec675e{/static,jar:file:/home/user/.m2/repository/org/apache/hadoop/hadoop-hdds-container-service/0.4.1-SNAPSHOT/hadoop-hdds-container-service-0.4.1-SNAPSHOT.jar!/webapps/static,UNAVAILABLE}
2019-07-30 23:11:48,093 INFO  handler.ContextHandler (ContextHandler.java:doStop(910)) - Stopped o.e.j.s.ServletContextHandler@7d5a3b06{/logs,file:///workdir/hadoop-ozone/integration-test/target/log,UNAVAILABLE}
2019-07-30 23:11:48,094 INFO  datanode.ObjectStoreHandler (ObjectStoreHandler.java:close(155)) - Closing ObjectStoreHandler.
2019-07-30 23:11:48,094 INFO  ozone.HddsDatanodeService (HddsDatanodeService.java:stop(451)) - Stopped plug-in org.apache.hadoop.ozone.web.OzoneHddsDatanodeService@4268c16
2019-07-30 23:11:48,347 INFO  statemachine.DatanodeStateMachine (DatanodeStateMachine.java:lambda$startDaemon$0(350)) - Ozone container server started.
2019-07-30 23:11:48,770 INFO  statemachine.DatanodeStateMachine (DatanodeStateMachine.java:lambda$startDaemon$0(350)) - Ozone container server started.
2019-07-30 23:11:52,390 INFO  node.StaleNodeHandler (StaleNodeHandler.java:onMessage(58)) - Datanode e680feb4-1688-4d71-9da4-62d73b47acfa{ip: 192.168.5.171, host: byscane-nightly-g5r4k-612667210, networkLocation: /default-rack, certSerialId: null} moved to stale state. Finalizing its pipelines [PipelineID=163862a7-4354-492a-8331-8d3ea7922fdb]
2019-07-30 23:11:52,391 INFO  pipeline.SCMPipelineManager (SCMPipelineManager.java:finalizeAndDestroyPipeline(309)) - destroying pipeline:Pipeline[ Id: 163862a7-4354-492a-8331-8d3ea7922fdb, Nodes: e680feb4-1688-4d71-9da4-62d73b47acfa{ip: 192.168.5.171, host: byscane-nightly-g5r4k-612667210, networkLocation: /default-rack, certSerialId: null}, Type:RATIS, Factor:ONE, State:OPEN]
2019-07-30 23:11:52,391 INFO  pipeline.PipelineStateManager (PipelineStateManager.java:finalizePipeline(123)) - Pipeline Pipeline[ Id: 163862a7-4354-492a-8331-8d3ea7922fdb, Nodes: e680feb4-1688-4d71-9da4-62d73b47acfa{ip: 192.168.5.171, host: byscane-nightly-g5r4k-612667210, networkLocation: /default-rack, certSerialId: null}, Type:RATIS, Factor:ONE, State:CLOSED] moved to CLOSED state
2019-07-30 23:11:52,791 INFO  node.StaleNodeHandler (StaleNodeHandler.java:onMessage(58)) - Datanode eaecb802-43fa-4ea7-a083-8b0e18722e0b{ip: 192.168.5.171, host: byscane-nightly-g5r4k-612667210, networkLocation: /default-rack, certSerialId: null} moved to stale state. Finalizing its pipelines [PipelineID=edaaa6a5-66f0-4c3f-a939-04d5f4c477bb, PipelineID=10987245-7f05-4d08-b413-136434fe4ce7]
2019-07-30 23:11:52,791 INFO  pipeline.SCMPipelineManager (SCMPipelineManager.java:finalizeAndDestroyPipeline(309)) - destroying pipeline:Pipeline[ Id: edaaa6a5-66f0-4c3f-a939-04d5f4c477bb, Nodes: 66e2eb1b-ad33-427e-a453-da9ee6158a8a{ip: 192.168.5.171, host: byscane-nightly-g5r4k-612667210, networkLocation: /default-rack, certSerialId: null}eaecb802-43fa-4ea7-a083-8b0e18722e0b{ip: 192.168.5.171, host: byscane-nightly-g5r4k-612667210, networkLocation: /default-rack, certSerialId: null}e7307b16-d7cb-4cdf-b0bb-cf5c3f8d35b1{ip: 192.168.5.171, host: byscane-nightly-g5r4k-612667210, networkLocation: /default-rack, certSerialId: null}, Type:RATIS, Factor:THREE, State:CLOSED]
2019-07-30 23:11:52,791 INFO  pipeline.SCMPipelineManager (SCMPipelineManager.java:finalizeAndDestroyPipeline(309)) - destroying pipeline:Pipeline[ Id: 10987245-7f05-4d08-b413-136434fe4ce7, Nodes: eaecb802-43fa-4ea7-a083-8b0e18722e0b{ip: 192.168.5.171, host: byscane-nightly-g5r4k-612667210, networkLocation: /default-rack, certSerialId: null}, Type:RATIS, Factor:ONE, State:OPEN]
2019-07-30 23:11:52,792 INFO  pipeline.PipelineStateManager (PipelineStateManager.java:finalizePipeline(123)) - Pipeline Pipeline[ Id: 10987245-7f05-4d08-b413-136434fe4ce7, Nodes: eaecb802-43fa-4ea7-a083-8b0e18722e0b{ip: 192.168.5.171, host: byscane-nightly-g5r4k-612667210, networkLocation: /default-rack, certSerialId: null}, Type:RATIS, Factor:ONE, State:CLOSED] moved to CLOSED state
2019-07-30 23:11:53,078 INFO  ozoneimpl.OzoneContainer (OzoneContainer.java:stop(199)) - Attempting to stop container services.
2019-07-30 23:11:53,079 INFO  impl.RaftServerProxy (RaftServerProxy.java:lambda$close$4(314)) - e680feb4-1688-4d71-9da4-62d73b47acfa: close
2019-07-30 23:11:53,079 INFO  impl.RaftServerImpl (RaftServerImpl.java:lambda$shutdown$3(245)) - e680feb4-1688-4d71-9da4-62d73b47acfa: shutdown group-8D3EA7922FDB
2019-07-30 23:11:53,079 INFO  util.JmxRegister (JmxRegister.java:unregister(73)) - Successfully un-registered JMX Bean with object name Ratis:service=RaftServer,group=group-8D3EA7922FDB,id=e680feb4-1688-4d71-9da4-62d73b47acfa
2019-07-30 23:11:53,080 INFO  impl.RoleInfo (RoleInfo.java:shutdownLeaderState(104)) - e680feb4-1688-4d71-9da4-62d73b47acfa: shutdown LeaderState
2019-07-30 23:11:53,080 INFO  impl.PendingRequests (PendingRequests.java:sendNotLeaderResponses(202)) - e680feb4-1688-4d71-9da4-62d73b47acfa-PendingRequests: sendNotLeaderResponses
2019-07-30 23:11:53,081 INFO  impl.StateMachineUpdater (StateMachineUpdater.java:stopAndJoin(115)) - StateMachineUpdater:e680feb4-1688-4d71-9da4-62d73b47acfa:group-8D3EA7922FDB: set stopIndex = 0
2019-07-30 23:11:53,081 INFO  impl.RaftServerImpl (ServerState.java:close(394)) - e680feb4-1688-4d71-9da4-62d73b47acfa:group-8D3EA7922FDB closes. The last applied log index is 0
2019-07-30 23:11:53,082 INFO  segmented.SegmentedRaftLogWorker (SegmentedRaftLogWorker.java:run(313)) - e680feb4-1688-4d71-9da4-62d73b47acfa-SegmentedRaftLogWorker:Storage Directory /workdir/hadoop-ozone/integration-test/target/test-dir/MiniOzoneClusterImpl-ebe44233-41fb-4a8e-8173-29743ddef8ad/datanode-6/data/ratis/163862a7-4354-492a-8331-8d3ea7922fdb was interrupted, exiting. There are 0 tasks remaining in the queue.
2019-07-30 23:11:53,085 INFO  segmented.SegmentedRaftLogWorker (SegmentedRaftLogWorker.java:close(228)) - e680feb4-1688-4d71-9da4-62d73b47acfa-SegmentedRaftLogWorker:Storage Directory /workdir/hadoop-ozone/integration-test/target/test-dir/MiniOzoneClusterImpl-ebe44233-41fb-4a8e-8173-29743ddef8ad/datanode-6/data/ratis/163862a7-4354-492a-8331-8d3ea7922fdb close()
2019-07-30 23:11:53,087 INFO  server.GrpcService (GrpcService.java:closeImpl(155)) - e680feb4-1688-4d71-9da4-62d73b47acfa: shutdown server with port 34862 now
2019-07-30 23:11:53,089 INFO  server.GrpcService (GrpcService.java:closeImpl(163)) - e680feb4-1688-4d71-9da4-62d73b47acfa: shutdown server with port 34862 successfully
2019-07-30 23:11:53,090 INFO  utils.BackgroundService (BackgroundService.java:shutdown(148)) - Shutting down service BlockDeletingService
2019-07-30 23:11:53,094 WARN  fs.CachingGetSpaceUsed (CachingGetSpaceUsed.java:run(183)) - Thread Interrupted waiting to refresh disk information: sleep interrupted
2019-07-30 23:11:53,095 INFO  ozoneimpl.OzoneContainer (OzoneContainer.java:stop(199)) - Attempting to stop container services.
2019-07-30 23:11:53,095 INFO  impl.RaftServerProxy (RaftServerProxy.java:lambda$close$4(314)) - eaecb802-43fa-4ea7-a083-8b0e18722e0b: close
2019-07-30 23:11:53,095 INFO  impl.RaftServerImpl (RaftServerImpl.java:lambda$shutdown$3(245)) - eaecb802-43fa-4ea7-a083-8b0e18722e0b: shutdown group-04D5F4C477BB
2019-07-30 23:11:53,096 INFO  util.JmxRegister (JmxRegister.java:unregister(73)) - Successfully un-registered JMX Bean with object name Ratis:service=RaftServer,group=group-04D5F4C477BB,id=eaecb802-43fa-4ea7-a083-8b0e18722e0b
2019-07-30 23:11:53,096 INFO  impl.RoleInfo (RoleInfo.java:shutdownFollowerState(121)) - eaecb802-43fa-4ea7-a083-8b0e18722e0b: shutdown FollowerState
2019-07-30 23:11:53,096 INFO  impl.StateMachineUpdater (StateMachineUpdater.java:stopAndJoin(115)) - StateMachineUpdater:eaecb802-43fa-4ea7-a083-8b0e18722e0b:group-04D5F4C477BB: set stopIndex = 6
2019-07-30 23:11:53,096 INFO  ratis.ContainerStateMachine (ContainerStateMachine.java:takeSnapshot(262)) - group-04D5F4C477BB: Taking a snapshot at:(t:1, i:4) file /workdir/hadoop-ozone/integration-test/target/test-dir/MiniOzoneClusterImpl-ebe44233-41fb-4a8e-8173-29743ddef8ad/datanode-0/data/ratis/edaaa6a5-66f0-4c3f-a939-04d5f4c477bb/sm/snapshot.1_4
2019-07-30 23:11:53,096 INFO  impl.FollowerState (FollowerState.java:run(114)) - eaecb802-43fa-4ea7-a083-8b0e18722e0b: FollowerState was interrupted: java.lang.InterruptedException: sleep interrupted
2019-07-30 23:11:53,105 INFO  ratis.ContainerStateMachine (ContainerStateMachine.java:takeSnapshot(273)) - group-04D5F4C477BB: Finished taking a snapshot at:(t:1, i:4) file:/workdir/hadoop-ozone/integration-test/target/test-dir/MiniOzoneClusterImpl-ebe44233-41fb-4a8e-8173-29743ddef8ad/datanode-0/data/ratis/edaaa6a5-66f0-4c3f-a939-04d5f4c477bb/sm/snapshot.1_4 time:8
2019-07-30 23:11:53,105 INFO  impl.StateMachineUpdater (StateMachineUpdater.java:takeSnapshot(242)) - StateMachineUpdater:eaecb802-43fa-4ea7-a083-8b0e18722e0b:group-04D5F4C477BB: Took a snapshot at index 4
2019-07-30 23:11:53,105 INFO  impl.StateMachineUpdater (StateMachineUpdater.java:lambda$new$0(80)) - StateMachineUpdater:eaecb802-43fa-4ea7-a083-8b0e18722e0b:group-04D5F4C477BB: snapshotIndex: updateIncreasingly -1 -> 4
2019-07-30 23:11:53,105 INFO  impl.RaftServerImpl (ServerState.java:close(394)) - eaecb802-43fa-4ea7-a083-8b0e18722e0b:group-04D5F4C477BB closes. The last applied log index is 6
2019-07-30 23:11:53,106 INFO  segmented.SegmentedRaftLogWorker (SegmentedRaftLogWorker.java:run(313)) - eaecb802-43fa-4ea7-a083-8b0e18722e0b-SegmentedRaftLogWorker:Storage Directory /workdir/hadoop-ozone/integration-test/target/test-dir/MiniOzoneClusterImpl-ebe44233-41fb-4a8e-8173-29743ddef8ad/datanode-0/data/ratis/edaaa6a5-66f0-4c3f-a939-04d5f4c477bb was interrupted, exiting. There are 0 tasks remaining in the queue.
2019-07-30 23:11:53,107 INFO  segmented.SegmentedRaftLogWorker (SegmentedRaftLogWorker.java:close(228)) - eaecb802-43fa-4ea7-a083-8b0e18722e0b-SegmentedRaftLogWorker:Storage Directory /workdir/hadoop-ozone/integration-test/target/test-dir/MiniOzoneClusterImpl-ebe44233-41fb-4a8e-8173-29743ddef8ad/datanode-0/data/ratis/edaaa6a5-66f0-4c3f-a939-04d5f4c477bb close()
2019-07-30 23:11:53,113 INFO  impl.RaftServerImpl (RaftServerImpl.java:lambda$shutdown$3(245)) - eaecb802-43fa-4ea7-a083-8b0e18722e0b: shutdown group-136434FE4CE7
2019-07-30 23:11:53,114 INFO  util.JmxRegister (JmxRegister.java:unregister(73)) - Successfully un-registered JMX Bean with object name Ratis:service=RaftServer,group=group-136434FE4CE7,id=eaecb802-43fa-4ea7-a083-8b0e18722e0b
2019-07-30 23:11:53,114 INFO  impl.RoleInfo (RoleInfo.java:shutdownLeaderState(104)) - eaecb802-43fa-4ea7-a083-8b0e18722e0b: shutdown LeaderState
2019-07-30 23:11:53,114 INFO  impl.PendingRequests (PendingRequests.java:sendNotLeaderResponses(202)) - eaecb802-43fa-4ea7-a083-8b0e18722e0b-PendingRequests: sendNotLeaderResponses
2019-07-30 23:11:53,115 INFO  impl.StateMachineUpdater (StateMachineUpdater.java:stopAndJoin(115)) - StateMachineUpdater:eaecb802-43fa-4ea7-a083-8b0e18722e0b:group-136434FE4CE7: set stopIndex = 0
2019-07-30 23:11:53,115 INFO  impl.RaftServerImpl (ServerState.java:close(394)) - eaecb802-43fa-4ea7-a083-8b0e18722e0b:group-136434FE4CE7 closes. The last applied log index is 0
2019-07-30 23:11:53,115 INFO  segmented.SegmentedRaftLogWorker (SegmentedRaftLogWorker.java:run(313)) - eaecb802-43fa-4ea7-a083-8b0e18722e0b-SegmentedRaftLogWorker:Storage Directory /workdir/hadoop-ozone/integration-test/target/test-dir/MiniOzoneClusterImpl-ebe44233-41fb-4a8e-8173-29743ddef8ad/datanode-0/data/ratis/10987245-7f05-4d08-b413-136434fe4ce7 was interrupted, exiting. There are 0 tasks remaining in the queue.
2019-07-30 23:11:53,115 INFO  segmented.SegmentedRaftLogWorker (SegmentedRaftLogWorker.java:close(228)) - eaecb802-43fa-4ea7-a083-8b0e18722e0b-SegmentedRaftLogWorker:Storage Directory /workdir/hadoop-ozone/integration-test/target/test-dir/MiniOzoneClusterImpl-ebe44233-41fb-4a8e-8173-29743ddef8ad/datanode-0/data/ratis/10987245-7f05-4d08-b413-136434fe4ce7 close()
2019-07-30 23:11:53,117 INFO  server.GrpcService (GrpcService.java:closeImpl(155)) - eaecb802-43fa-4ea7-a083-8b0e18722e0b: shutdown server with port 34807 now
2019-07-30 23:11:53,119 INFO  statemachine.DatanodeStateMachine (DatanodeStateMachine.java:stopDaemon(395)) - Ozone container server stopped.
2019-07-30 23:11:53,119 INFO  server.GrpcService (GrpcService.java:closeImpl(163)) - eaecb802-43fa-4ea7-a083-8b0e18722e0b: shutdown server with port 34807 successfully
2019-07-30 23:11:53,121 INFO  utils.BackgroundService (BackgroundService.java:shutdown(148)) - Shutting down service BlockDeletingService
2019-07-30 23:11:53,121 INFO  handler.ContextHandler (ContextHandler.java:doStop(910)) - Stopped o.e.j.w.WebAppContext@1e0d70db{/,null,UNAVAILABLE}{/hddsDatanode}
2019-07-30 23:11:53,124 WARN  fs.CachingGetSpaceUsed (CachingGetSpaceUsed.java:run(183)) - Thread Interrupted waiting to refresh disk information: sleep interrupted
2019-07-30 23:11:53,124 INFO  server.AbstractConnector (AbstractConnector.java:doStop(318)) - Stopped ServerConnector@38950d4b{HTTP/1.1,[http/1.1]}{0.0.0.0:0}
2019-07-30 23:11:53,125 INFO  handler.ContextHandler (ContextHandler.java:doStop(910)) - Stopped o.e.j.s.ServletContextHandler@d67f6f{/static,jar:file:/home/user/.m2/repository/org/apache/hadoop/hadoop-hdds-container-service/0.4.1-SNAPSHOT/hadoop-hdds-container-service-0.4.1-SNAPSHOT.jar!/webapps/static,UNAVAILABLE}
2019-07-30 23:11:53,125 INFO  handler.ContextHandler (ContextHandler.java:doStop(910)) - Stopped o.e.j.s.ServletContextHandler@38ad8c75{/logs,file:///workdir/hadoop-ozone/integration-test/target/log,UNAVAILABLE}
2019-07-30 23:11:53,126 INFO  datanode.ObjectStoreHandler (ObjectStoreHandler.java:close(155)) - Closing ObjectStoreHandler.
2019-07-30 23:11:53,127 INFO  ozone.HddsDatanodeService (HddsDatanodeService.java:stop(451)) - Stopped plug-in org.apache.hadoop.ozone.web.OzoneHddsDatanodeService@4f8186a5
2019-07-30 23:11:53,147 INFO  statemachine.DatanodeStateMachine (DatanodeStateMachine.java:stopDaemon(395)) - Ozone container server stopped.
2019-07-30 23:11:53,153 INFO  handler.ContextHandler (ContextHandler.java:doStop(910)) - Stopped o.e.j.w.WebAppContext@26c7940a{/,null,UNAVAILABLE}{/hddsDatanode}
2019-07-30 23:11:53,154 INFO  server.AbstractConnector (AbstractConnector.java:doStop(318)) - Stopped ServerConnector@5a640f98{HTTP/1.1,[http/1.1]}{0.0.0.0:0}
2019-07-30 23:11:53,155 INFO  handler.ContextHandler (ContextHandler.java:doStop(910)) - Stopped o.e.j.s.ServletContextHandler@41f57420{/static,jar:file:/home/user/.m2/repository/org/apache/hadoop/hadoop-hdds-container-service/0.4.1-SNAPSHOT/hadoop-hdds-container-service-0.4.1-SNAPSHOT.jar!/webapps/static,UNAVAILABLE}
2019-07-30 23:11:53,157 INFO  handler.ContextHandler (ContextHandler.java:doStop(910)) - Stopped o.e.j.s.ServletContextHandler@5c3cc103{/logs,file:///workdir/hadoop-ozone/integration-test/target/log,UNAVAILABLE}
2019-07-30 23:11:53,564 INFO  statemachine.DatanodeStateMachine (DatanodeStateMachine.java:lambda$startDaemon$0(350)) - Ozone container server started.
2019-07-30 23:11:55,650 INFO  impl.FollowerState (FollowerState.java:run(106)) - 63fbe650-6a5a-48da-9f6d-3566b7d3d61e:group-72A3A3B9AF68 changes to CANDIDATE, lastRpcTime:10046, electionTimeout:5042ms
2019-07-30 23:11:55,650 INFO  impl.RoleInfo (RoleInfo.java:shutdownFollowerState(121)) - 63fbe650-6a5a-48da-9f6d-3566b7d3d61e: shutdown FollowerState
2019-07-30 23:11:55,650 INFO  impl.RaftServerImpl (RaftServerImpl.java:setRole(171)) - 63fbe650-6a5a-48da-9f6d-3566b7d3d61e:group-72A3A3B9AF68 changes role from FOLLOWER to CANDIDATE at term 1 for changeToCandidate
2019-07-30 23:11:55,651 INFO  impl.RoleInfo (RoleInfo.java:updateAndGet(143)) - 63fbe650-6a5a-48da-9f6d-3566b7d3d61e: start LeaderElection
2019-07-30 23:11:55,653 INFO  impl.RaftServerImpl (ServerState.java:setLeader(263)) - 63fbe650-6a5a-48da-9f6d-3566b7d3d61e:group-72A3A3B9AF68 change Leader from 36c57446-f5e2-4e56-a057-2c3cc200a735 to null at term 1 for initElection
2019-07-30 23:11:55,731 INFO  impl.LeaderElection (LeaderElection.java:askForVotes(181)) - 63fbe650-6a5a-48da-9f6d-3566b7d3d61e:group-72A3A3B9AF68:LeaderElection93: begin an election at term 2 for 0: [36c57446-f5e2-4e56-a057-2c3cc200a735:192.168.5.171:38061, ad7ed92e-ee6a-47ae-a47a-72f719be0302:192.168.5.171:42501, 63fbe650-6a5a-48da-9f6d-3566b7d3d61e:192.168.5.171:39562], old=null
2019-07-30 23:11:55,734 INFO  impl.LeaderElection (LogUtils.java:infoOrTrace(149)) - 63fbe650-6a5a-48da-9f6d-3566b7d3d61e:group-72A3A3B9AF68:LeaderElection93 got exception when requesting votes: {}
java.util.concurrent.ExecutionException: org.apache.ratis.thirdparty.io.grpc.StatusRuntimeException: UNAVAILABLE: io exception
	at java.util.concurrent.FutureTask.report(FutureTask.java:122)
	at java.util.concurrent.FutureTask.get(FutureTask.java:192)
	at org.apache.ratis.server.impl.LeaderElection.waitForResults(LeaderElection.java:262)
	at org.apache.ratis.server.impl.LeaderElection.askForVotes(LeaderElection.java:200)
	at org.apache.ratis.server.impl.LeaderElection.run(LeaderElection.java:130)
	at java.lang.Thread.run(Thread.java:748)
Caused by: org.apache.ratis.thirdparty.io.grpc.StatusRuntimeException: UNAVAILABLE: io exception
	at org.apache.ratis.thirdparty.io.grpc.stub.ClientCalls.toStatusRuntimeException(ClientCalls.java:233)
	at org.apache.ratis.thirdparty.io.grpc.stub.ClientCalls.getUnchecked(ClientCalls.java:214)
	at org.apache.ratis.thirdparty.io.grpc.stub.ClientCalls.blockingUnaryCall(ClientCalls.java:139)
	at org.apache.ratis.proto.grpc.RaftServerProtocolServiceGrpc$RaftServerProtocolServiceBlockingStub.requestVote(RaftServerProtocolServiceGrpc.java:265)
	at org.apache.ratis.grpc.server.GrpcServerProtocolClient.requestVote(GrpcServerProtocolClient.java:83)
	at org.apache.ratis.grpc.server.GrpcService.requestVote(GrpcService.java:195)
	at org.apache.ratis.server.impl.LeaderElection.lambda$submitRequests$1(LeaderElection.java:237)
	at java.util.concurrent.FutureTask.run(FutureTask.java:266)
	at java.util.concurrent.Executors$RunnableAdapter.call(Executors.java:511)
	at java.util.concurrent.FutureTask.run(FutureTask.java:266)
	at java.util.concurrent.ThreadPoolExecutor.runWorker(ThreadPoolExecutor.java:1149)
	at java.util.concurrent.ThreadPoolExecutor$Worker.run(ThreadPoolExecutor.java:624)
	... 1 more
Caused by: org.apache.ratis.thirdparty.io.netty.channel.AbstractChannel$AnnotatedConnectException: Connection refused: /192.168.5.171:38061
	at sun.nio.ch.SocketChannelImpl.checkConnect(Native Method)
	at sun.nio.ch.SocketChannelImpl.finishConnect(SocketChannelImpl.java:717)
	at org.apache.ratis.thirdparty.io.netty.channel.socket.nio.NioSocketChannel.doFinishConnect(NioSocketChannel.java:327)
	at org.apache.ratis.thirdparty.io.netty.channel.nio.AbstractNioChannel$AbstractNioUnsafe.finishConnect(AbstractNioChannel.java:340)
	at org.apache.ratis.thirdparty.io.netty.channel.nio.NioEventLoop.processSelectedKey(NioEventLoop.java:632)
	at org.apache.ratis.thirdparty.io.netty.channel.nio.NioEventLoop.processSelectedKeysOptimized(NioEventLoop.java:579)
	at org.apache.ratis.thirdparty.io.netty.channel.nio.NioEventLoop.processSelectedKeys(NioEventLoop.java:496)
	at org.apache.ratis.thirdparty.io.netty.channel.nio.NioEventLoop.run(NioEventLoop.java:458)
	at org.apache.ratis.thirdparty.io.netty.util.concurrent.SingleThreadEventExecutor$5.run(SingleThreadEventExecutor.java:897)
	at org.apache.ratis.thirdparty.io.netty.util.concurrent.FastThreadLocalRunnable.run(FastThreadLocalRunnable.java:30)
	... 1 more
Caused by: java.net.ConnectException: Connection refused
	... 11 more
2019-07-30 23:11:55,737 INFO  impl.LeaderElection (LogUtils.java:infoOrTrace(149)) - 63fbe650-6a5a-48da-9f6d-3566b7d3d61e:group-72A3A3B9AF68:LeaderElection93 got exception when requesting votes: {}
java.util.concurrent.ExecutionException: org.apache.ratis.thirdparty.io.grpc.StatusRuntimeException: UNAVAILABLE: io exception
	at java.util.concurrent.FutureTask.report(FutureTask.java:122)
	at java.util.concurrent.FutureTask.get(FutureTask.java:192)
	at org.apache.ratis.server.impl.LeaderElection.waitForResults(LeaderElection.java:262)
	at org.apache.ratis.server.impl.LeaderElection.askForVotes(LeaderElection.java:200)
	at org.apache.ratis.server.impl.LeaderElection.run(LeaderElection.java:130)
	at java.lang.Thread.run(Thread.java:748)
Caused by: org.apache.ratis.thirdparty.io.grpc.StatusRuntimeException: UNAVAILABLE: io exception
	at org.apache.ratis.thirdparty.io.grpc.stub.ClientCalls.toStatusRuntimeException(ClientCalls.java:233)
	at org.apache.ratis.thirdparty.io.grpc.stub.ClientCalls.getUnchecked(ClientCalls.java:214)
	at org.apache.ratis.thirdparty.io.grpc.stub.ClientCalls.blockingUnaryCall(ClientCalls.java:139)
	at org.apache.ratis.proto.grpc.RaftServerProtocolServiceGrpc$RaftServerProtocolServiceBlockingStub.requestVote(RaftServerProtocolServiceGrpc.java:265)
	at org.apache.ratis.grpc.server.GrpcServerProtocolClient.requestVote(GrpcServerProtocolClient.java:83)
	at org.apache.ratis.grpc.server.GrpcService.requestVote(GrpcService.java:195)
	at org.apache.ratis.server.impl.LeaderElection.lambda$submitRequests$1(LeaderElection.java:237)
	at java.util.concurrent.FutureTask.run(FutureTask.java:266)
	at java.util.concurrent.Executors$RunnableAdapter.call(Executors.java:511)
	at java.util.concurrent.FutureTask.run(FutureTask.java:266)
	at java.util.concurrent.ThreadPoolExecutor.runWorker(ThreadPoolExecutor.java:1149)
	at java.util.concurrent.ThreadPoolExecutor$Worker.run(ThreadPoolExecutor.java:624)
	... 1 more
Caused by: org.apache.ratis.thirdparty.io.netty.channel.AbstractChannel$AnnotatedConnectException: Connection refused: /192.168.5.171:42501
	at sun.nio.ch.SocketChannelImpl.checkConnect(Native Method)
	at sun.nio.ch.SocketChannelImpl.finishConnect(SocketChannelImpl.java:717)
	at org.apache.ratis.thirdparty.io.netty.channel.socket.nio.NioSocketChannel.doFinishConnect(NioSocketChannel.java:327)
	at org.apache.ratis.thirdparty.io.netty.channel.nio.AbstractNioChannel$AbstractNioUnsafe.finishConnect(AbstractNioChannel.java:340)
	at org.apache.ratis.thirdparty.io.netty.channel.nio.NioEventLoop.processSelectedKey(NioEventLoop.java:632)
	at org.apache.ratis.thirdparty.io.netty.channel.nio.NioEventLoop.processSelectedKeysOptimized(NioEventLoop.java:579)
	at org.apache.ratis.thirdparty.io.netty.channel.nio.NioEventLoop.processSelectedKeys(NioEventLoop.java:496)
	at org.apache.ratis.thirdparty.io.netty.channel.nio.NioEventLoop.run(NioEventLoop.java:458)
	at org.apache.ratis.thirdparty.io.netty.util.concurrent.SingleThreadEventExecutor$5.run(SingleThreadEventExecutor.java:897)
	at org.apache.ratis.thirdparty.io.netty.util.concurrent.FastThreadLocalRunnable.run(FastThreadLocalRunnable.java:30)
	... 1 more
Caused by: java.net.ConnectException: Connection refused
	... 11 more
2019-07-30 23:11:55,738 INFO  impl.LeaderElection (LeaderElection.java:logAndReturn(56)) - 63fbe650-6a5a-48da-9f6d-3566b7d3d61e:group-72A3A3B9AF68:LeaderElection93: Election REJECTED; received 0 response(s) [] and 2 exception(s); 63fbe650-6a5a-48da-9f6d-3566b7d3d61e:t2, leader=null, voted=63fbe650-6a5a-48da-9f6d-3566b7d3d61e, raftlog=63fbe650-6a5a-48da-9f6d-3566b7d3d61e-SegmentedRaftLog:OPENED:c6,f6,i6, conf=0: [36c57446-f5e2-4e56-a057-2c3cc200a735:192.168.5.171:38061, ad7ed92e-ee6a-47ae-a47a-72f719be0302:192.168.5.171:42501, 63fbe650-6a5a-48da-9f6d-3566b7d3d61e:192.168.5.171:39562], old=null
2019-07-30 23:11:55,739 INFO  impl.LeaderElection (LogUtils.java:infoOrTrace(149)) -   Exception 0: {}
java.util.concurrent.ExecutionException: org.apache.ratis.thirdparty.io.grpc.StatusRuntimeException: UNAVAILABLE: io exception
	at java.util.concurrent.FutureTask.report(FutureTask.java:122)
	at java.util.concurrent.FutureTask.get(FutureTask.java:192)
	at org.apache.ratis.server.impl.LeaderElection.waitForResults(LeaderElection.java:262)
	at org.apache.ratis.server.impl.LeaderElection.askForVotes(LeaderElection.java:200)
	at org.apache.ratis.server.impl.LeaderElection.run(LeaderElection.java:130)
	at java.lang.Thread.run(Thread.java:748)
Caused by: org.apache.ratis.thirdparty.io.grpc.StatusRuntimeException: UNAVAILABLE: io exception
	at org.apache.ratis.thirdparty.io.grpc.stub.ClientCalls.toStatusRuntimeException(ClientCalls.java:233)
	at org.apache.ratis.thirdparty.io.grpc.stub.ClientCalls.getUnchecked(ClientCalls.java:214)
	at org.apache.ratis.thirdparty.io.grpc.stub.ClientCalls.blockingUnaryCall(ClientCalls.java:139)
	at org.apache.ratis.proto.grpc.RaftServerProtocolServiceGrpc$RaftServerProtocolServiceBlockingStub.requestVote(RaftServerProtocolServiceGrpc.java:265)
	at org.apache.ratis.grpc.server.GrpcServerProtocolClient.requestVote(GrpcServerProtocolClient.java:83)
	at org.apache.ratis.grpc.server.GrpcService.requestVote(GrpcService.java:195)
	at org.apache.ratis.server.impl.LeaderElection.lambda$submitRequests$1(LeaderElection.java:237)
	at java.util.concurrent.FutureTask.run(FutureTask.java:266)
	at java.util.concurrent.Executors$RunnableAdapter.call(Executors.java:511)
	at java.util.concurrent.FutureTask.run(FutureTask.java:266)
	at java.util.concurrent.ThreadPoolExecutor.runWorker(ThreadPoolExecutor.java:1149)
	at java.util.concurrent.ThreadPoolExecutor$Worker.run(ThreadPoolExecutor.java:624)
	... 1 more
Caused by: org.apache.ratis.thirdparty.io.netty.channel.AbstractChannel$AnnotatedConnectException: Connection refused: /192.168.5.171:38061
	at sun.nio.ch.SocketChannelImpl.checkConnect(Native Method)
	at sun.nio.ch.SocketChannelImpl.finishConnect(SocketChannelImpl.java:717)
	at org.apache.ratis.thirdparty.io.netty.channel.socket.nio.NioSocketChannel.doFinishConnect(NioSocketChannel.java:327)
	at org.apache.ratis.thirdparty.io.netty.channel.nio.AbstractNioChannel$AbstractNioUnsafe.finishConnect(AbstractNioChannel.java:340)
	at org.apache.ratis.thirdparty.io.netty.channel.nio.NioEventLoop.processSelectedKey(NioEventLoop.java:632)
	at org.apache.ratis.thirdparty.io.netty.channel.nio.NioEventLoop.processSelectedKeysOptimized(NioEventLoop.java:579)
	at org.apache.ratis.thirdparty.io.netty.channel.nio.NioEventLoop.processSelectedKeys(NioEventLoop.java:496)
	at org.apache.ratis.thirdparty.io.netty.channel.nio.NioEventLoop.run(NioEventLoop.java:458)
	at org.apache.ratis.thirdparty.io.netty.util.concurrent.SingleThreadEventExecutor$5.run(SingleThreadEventExecutor.java:897)
	at org.apache.ratis.thirdparty.io.netty.util.concurrent.FastThreadLocalRunnable.run(FastThreadLocalRunnable.java:30)
	... 1 more
Caused by: java.net.ConnectException: Connection refused
	... 11 more
2019-07-30 23:11:55,739 INFO  impl.LeaderElection (LogUtils.java:infoOrTrace(149)) -   Exception 1: {}
java.util.concurrent.ExecutionException: org.apache.ratis.thirdparty.io.grpc.StatusRuntimeException: UNAVAILABLE: io exception
	at java.util.concurrent.FutureTask.report(FutureTask.java:122)
	at java.util.concurrent.FutureTask.get(FutureTask.java:192)
	at org.apache.ratis.server.impl.LeaderElection.waitForResults(LeaderElection.java:262)
	at org.apache.ratis.server.impl.LeaderElection.askForVotes(LeaderElection.java:200)
	at org.apache.ratis.server.impl.LeaderElection.run(LeaderElection.java:130)
	at java.lang.Thread.run(Thread.java:748)
Caused by: org.apache.ratis.thirdparty.io.grpc.StatusRuntimeException: UNAVAILABLE: io exception
	at org.apache.ratis.thirdparty.io.grpc.stub.ClientCalls.toStatusRuntimeException(ClientCalls.java:233)
	at org.apache.ratis.thirdparty.io.grpc.stub.ClientCalls.getUnchecked(ClientCalls.java:214)
	at org.apache.ratis.thirdparty.io.grpc.stub.ClientCalls.blockingUnaryCall(ClientCalls.java:139)
	at org.apache.ratis.proto.grpc.RaftServerProtocolServiceGrpc$RaftServerProtocolServiceBlockingStub.requestVote(RaftServerProtocolServiceGrpc.java:265)
	at org.apache.ratis.grpc.server.GrpcServerProtocolClient.requestVote(GrpcServerProtocolClient.java:83)
	at org.apache.ratis.grpc.server.GrpcService.requestVote(GrpcService.java:195)
	at org.apache.ratis.server.impl.LeaderElection.lambda$submitRequests$1(LeaderElection.java:237)
	at java.util.concurrent.FutureTask.run(FutureTask.java:266)
	at java.util.concurrent.Executors$RunnableAdapter.call(Executors.java:511)
	at java.util.concurrent.FutureTask.run(FutureTask.java:266)
	at java.util.concurrent.ThreadPoolExecutor.runWorker(ThreadPoolExecutor.java:1149)
	at java.util.concurrent.ThreadPoolExecutor$Worker.run(ThreadPoolExecutor.java:624)
	... 1 more
Caused by: org.apache.ratis.thirdparty.io.netty.channel.AbstractChannel$AnnotatedConnectException: Connection refused: /192.168.5.171:42501
	at sun.nio.ch.SocketChannelImpl.checkConnect(Native Method)
	at sun.nio.ch.SocketChannelImpl.finishConnect(SocketChannelImpl.java:717)
	at org.apache.ratis.thirdparty.io.netty.channel.socket.nio.NioSocketChannel.doFinishConnect(NioSocketChannel.java:327)
	at org.apache.ratis.thirdparty.io.netty.channel.nio.AbstractNioChannel$AbstractNioUnsafe.finishConnect(AbstractNioChannel.java:340)
	at org.apache.ratis.thirdparty.io.netty.channel.nio.NioEventLoop.processSelectedKey(NioEventLoop.java:632)
	at org.apache.ratis.thirdparty.io.netty.channel.nio.NioEventLoop.processSelectedKeysOptimized(NioEventLoop.java:579)
	at org.apache.ratis.thirdparty.io.netty.channel.nio.NioEventLoop.processSelectedKeys(NioEventLoop.java:496)
	at org.apache.ratis.thirdparty.io.netty.channel.nio.NioEventLoop.run(NioEventLoop.java:458)
	at org.apache.ratis.thirdparty.io.netty.util.concurrent.SingleThreadEventExecutor$5.run(SingleThreadEventExecutor.java:897)
	at org.apache.ratis.thirdparty.io.netty.util.concurrent.FastThreadLocalRunnable.run(FastThreadLocalRunnable.java:30)
	... 1 more
Caused by: java.net.ConnectException: Connection refused
	... 11 more
2019-07-30 23:11:55,739 INFO  impl.RaftServerImpl (RaftServerImpl.java:setRole(171)) - 63fbe650-6a5a-48da-9f6d-3566b7d3d61e:group-72A3A3B9AF68 changes role from CANDIDATE to FOLLOWER at term 2 for DISCOVERED_A_NEW_TERM
2019-07-30 23:11:55,739 INFO  impl.RoleInfo (RoleInfo.java:shutdownLeaderElection(134)) - 63fbe650-6a5a-48da-9f6d-3566b7d3d61e: shutdown LeaderElection
2019-07-30 23:11:55,740 INFO  impl.RoleInfo (RoleInfo.java:updateAndGet(143)) - 63fbe650-6a5a-48da-9f6d-3566b7d3d61e: start FollowerState
2019-07-30 23:11:57,598 INFO  node.StaleNodeHandler (StaleNodeHandler.java:onMessage(58)) - Datanode 63fbe650-6a5a-48da-9f6d-3566b7d3d61e{ip: 192.168.5.171, host: byscane-nightly-g5r4k-612667210, networkLocation: /default-rack, certSerialId: null} moved to stale state. Finalizing its pipelines [PipelineID=9d5d85aa-5c92-4b5c-b1db-72a3a3b9af68, PipelineID=b7fb228d-9a92-425f-bf4e-b32d027d638f]
2019-07-30 23:11:57,599 INFO  pipeline.SCMPipelineManager (SCMPipelineManager.java:finalizeAndDestroyPipeline(309)) - destroying pipeline:Pipeline[ Id: 9d5d85aa-5c92-4b5c-b1db-72a3a3b9af68, Nodes: ad7ed92e-ee6a-47ae-a47a-72f719be0302{ip: 192.168.5.171, host: byscane-nightly-g5r4k-612667210, networkLocation: /default-rack, certSerialId: null}36c57446-f5e2-4e56-a057-2c3cc200a735{ip: 192.168.5.171, host: byscane-nightly-g5r4k-612667210, networkLocation: /default-rack, certSerialId: null}63fbe650-6a5a-48da-9f6d-3566b7d3d61e{ip: 192.168.5.171, host: byscane-nightly-g5r4k-612667210, networkLocation: /default-rack, certSerialId: null}, Type:RATIS, Factor:THREE, State:CLOSED]
2019-07-30 23:11:57,599 INFO  pipeline.SCMPipelineManager (SCMPipelineManager.java:finalizeAndDestroyPipeline(309)) - destroying pipeline:Pipeline[ Id: b7fb228d-9a92-425f-bf4e-b32d027d638f, Nodes: 63fbe650-6a5a-48da-9f6d-3566b7d3d61e{ip: 192.168.5.171, host: byscane-nightly-g5r4k-612667210, networkLocation: /default-rack, certSerialId: null}, Type:RATIS, Factor:ONE, State:OPEN]
2019-07-30 23:11:57,600 INFO  pipeline.PipelineStateManager (PipelineStateManager.java:finalizePipeline(123)) - Pipeline Pipeline[ Id: b7fb228d-9a92-425f-bf4e-b32d027d638f, Nodes: 63fbe650-6a5a-48da-9f6d-3566b7d3d61e{ip: 192.168.5.171, host: byscane-nightly-g5r4k-612667210, networkLocation: /default-rack, certSerialId: null}, Type:RATIS, Factor:ONE, State:CLOSED] moved to CLOSED state
2019-07-30 23:11:58,128 INFO  ozoneimpl.OzoneContainer (OzoneContainer.java:stop(199)) - Attempting to stop container services.
2019-07-30 23:11:58,129 INFO  impl.RaftServerProxy (RaftServerProxy.java:lambda$close$4(314)) - 63fbe650-6a5a-48da-9f6d-3566b7d3d61e: close
2019-07-30 23:11:58,130 INFO  impl.RaftServerImpl (RaftServerImpl.java:lambda$shutdown$3(245)) - 63fbe650-6a5a-48da-9f6d-3566b7d3d61e: shutdown group-72A3A3B9AF68
2019-07-30 23:11:58,130 INFO  impl.RaftServerImpl (RaftServerImpl.java:lambda$shutdown$3(245)) - 63fbe650-6a5a-48da-9f6d-3566b7d3d61e: shutdown group-B32D027D638F
2019-07-30 23:11:58,130 INFO  util.JmxRegister (JmxRegister.java:unregister(73)) - Successfully un-registered JMX Bean with object name Ratis:service=RaftServer,group=group-72A3A3B9AF68,id=63fbe650-6a5a-48da-9f6d-3566b7d3d61e
2019-07-30 23:11:58,131 INFO  impl.RoleInfo (RoleInfo.java:shutdownFollowerState(121)) - 63fbe650-6a5a-48da-9f6d-3566b7d3d61e: shutdown FollowerState
2019-07-30 23:11:58,131 INFO  util.JmxRegister (JmxRegister.java:unregister(73)) - Successfully un-registered JMX Bean with object name Ratis:service=RaftServer,group=group-B32D027D638F,id=63fbe650-6a5a-48da-9f6d-3566b7d3d61e
2019-07-30 23:11:58,132 INFO  ratis.ContainerStateMachine (ContainerStateMachine.java:takeSnapshot(262)) - group-72A3A3B9AF68: Taking a snapshot at:(t:1, i:6) file /workdir/hadoop-ozone/integration-test/target/test-dir/MiniOzoneClusterImpl-ebe44233-41fb-4a8e-8173-29743ddef8ad/datanode-5/data/ratis/9d5d85aa-5c92-4b5c-b1db-72a3a3b9af68/sm/snapshot.1_6
2019-07-30 23:11:58,132 INFO  impl.FollowerState (FollowerState.java:run(114)) - 63fbe650-6a5a-48da-9f6d-3566b7d3d61e: FollowerState was interrupted: java.lang.InterruptedException: sleep interrupted
2019-07-30 23:11:58,132 INFO  impl.StateMachineUpdater (StateMachineUpdater.java:stopAndJoin(115)) - StateMachineUpdater:63fbe650-6a5a-48da-9f6d-3566b7d3d61e:group-72A3A3B9AF68: set stopIndex = 6
2019-07-30 23:11:58,132 INFO  impl.RoleInfo (RoleInfo.java:shutdownLeaderState(104)) - 63fbe650-6a5a-48da-9f6d-3566b7d3d61e: shutdown LeaderState
2019-07-30 23:11:58,137 INFO  impl.PendingRequests (PendingRequests.java:sendNotLeaderResponses(202)) - 63fbe650-6a5a-48da-9f6d-3566b7d3d61e-PendingRequests: sendNotLeaderResponses
2019-07-30 23:11:58,137 INFO  impl.StateMachineUpdater (StateMachineUpdater.java:stopAndJoin(115)) - StateMachineUpdater:63fbe650-6a5a-48da-9f6d-3566b7d3d61e:group-B32D027D638F: set stopIndex = 0
2019-07-30 23:11:58,138 INFO  impl.RaftServerImpl (ServerState.java:close(394)) - 63fbe650-6a5a-48da-9f6d-3566b7d3d61e:group-B32D027D638F closes. The last applied log index is 0
2019-07-30 23:11:58,138 INFO  segmented.SegmentedRaftLogWorker (SegmentedRaftLogWorker.java:run(313)) - 63fbe650-6a5a-48da-9f6d-3566b7d3d61e-SegmentedRaftLogWorker:Storage Directory /workdir/hadoop-ozone/integration-test/target/test-dir/MiniOzoneClusterImpl-ebe44233-41fb-4a8e-8173-29743ddef8ad/datanode-5/data/ratis/b7fb228d-9a92-425f-bf4e-b32d027d638f was interrupted, exiting. There are 0 tasks remaining in the queue.
2019-07-30 23:11:58,139 INFO  segmented.SegmentedRaftLogWorker (SegmentedRaftLogWorker.java:close(228)) - 63fbe650-6a5a-48da-9f6d-3566b7d3d61e-SegmentedRaftLogWorker:Storage Directory /workdir/hadoop-ozone/integration-test/target/test-dir/MiniOzoneClusterImpl-ebe44233-41fb-4a8e-8173-29743ddef8ad/datanode-5/data/ratis/b7fb228d-9a92-425f-bf4e-b32d027d638f close()
2019-07-30 23:11:58,141 INFO  ratis.ContainerStateMachine (ContainerStateMachine.java:takeSnapshot(273)) - group-72A3A3B9AF68: Finished taking a snapshot at:(t:1, i:6) file:/workdir/hadoop-ozone/integration-test/target/test-dir/MiniOzoneClusterImpl-ebe44233-41fb-4a8e-8173-29743ddef8ad/datanode-5/data/ratis/9d5d85aa-5c92-4b5c-b1db-72a3a3b9af68/sm/snapshot.1_6 time:10
2019-07-30 23:11:58,141 INFO  impl.StateMachineUpdater (StateMachineUpdater.java:takeSnapshot(242)) - StateMachineUpdater:63fbe650-6a5a-48da-9f6d-3566b7d3d61e:group-72A3A3B9AF68: Took a snapshot at index 6
2019-07-30 23:11:58,142 INFO  impl.StateMachineUpdater (StateMachineUpdater.java:lambda$new$0(80)) - StateMachineUpdater:63fbe650-6a5a-48da-9f6d-3566b7d3d61e:group-72A3A3B9AF68: snapshotIndex: updateIncreasingly -1 -> 6
2019-07-30 23:11:58,142 INFO  impl.RaftServerImpl (ServerState.java:close(394)) - 63fbe650-6a5a-48da-9f6d-3566b7d3d61e:group-72A3A3B9AF68 closes. The last applied log index is 6
2019-07-30 23:11:58,143 INFO  segmented.SegmentedRaftLogWorker (SegmentedRaftLogWorker.java:run(313)) - 63fbe650-6a5a-48da-9f6d-3566b7d3d61e-SegmentedRaftLogWorker:Storage Directory /workdir/hadoop-ozone/integration-test/target/test-dir/MiniOzoneClusterImpl-ebe44233-41fb-4a8e-8173-29743ddef8ad/datanode-5/data/ratis/9d5d85aa-5c92-4b5c-b1db-72a3a3b9af68 was interrupted, exiting. There are 0 tasks remaining in the queue.
2019-07-30 23:11:58,143 INFO  segmented.SegmentedRaftLogWorker (SegmentedRaftLogWorker.java:close(228)) - 63fbe650-6a5a-48da-9f6d-3566b7d3d61e-SegmentedRaftLogWorker:Storage Directory /workdir/hadoop-ozone/integration-test/target/test-dir/MiniOzoneClusterImpl-ebe44233-41fb-4a8e-8173-29743ddef8ad/datanode-5/data/ratis/9d5d85aa-5c92-4b5c-b1db-72a3a3b9af68 close()
2019-07-30 23:11:58,143 INFO  server.GrpcService (GrpcService.java:closeImpl(155)) - 63fbe650-6a5a-48da-9f6d-3566b7d3d61e: shutdown server with port 39562 now
2019-07-30 23:11:58,144 INFO  server.GrpcService (GrpcService.java:closeImpl(163)) - 63fbe650-6a5a-48da-9f6d-3566b7d3d61e: shutdown server with port 39562 successfully
2019-07-30 23:11:58,145 INFO  utils.BackgroundService (BackgroundService.java:shutdown(148)) - Shutting down service BlockDeletingService
2019-07-30 23:11:58,147 WARN  fs.CachingGetSpaceUsed (CachingGetSpaceUsed.java:run(183)) - Thread Interrupted waiting to refresh disk information: sleep interrupted
2019-07-30 23:11:58,164 INFO  statemachine.DatanodeStateMachine (DatanodeStateMachine.java:stopDaemon(395)) - Ozone container server stopped.
2019-07-30 23:11:58,165 INFO  handler.ContextHandler (ContextHandler.java:doStop(910)) - Stopped o.e.j.w.WebAppContext@1088b120{/,null,UNAVAILABLE}{/hddsDatanode}
2019-07-30 23:11:58,166 INFO  server.AbstractConnector (AbstractConnector.java:doStop(318)) - Stopped ServerConnector@6b4133d0{HTTP/1.1,[http/1.1]}{0.0.0.0:0}
2019-07-30 23:11:58,166 INFO  handler.ContextHandler (ContextHandler.java:doStop(910)) - Stopped o.e.j.s.ServletContextHandler@1a927db2{/static,jar:file:/home/user/.m2/repository/org/apache/hadoop/hadoop-hdds-container-service/0.4.1-SNAPSHOT/hadoop-hdds-container-service-0.4.1-SNAPSHOT.jar!/webapps/static,UNAVAILABLE}
2019-07-30 23:11:58,167 INFO  handler.ContextHandler (ContextHandler.java:doStop(910)) - Stopped o.e.j.s.ServletContextHandler@64e6f678{/logs,file:///workdir/hadoop-ozone/integration-test/target/log,UNAVAILABLE}
2019-07-30 23:11:58,168 INFO  ozone.MiniOzoneClusterImpl (MiniOzoneClusterImpl.java:stop(353)) - Stopping the StorageContainerManager
2019-07-30 23:11:58,168 INFO  server.StorageContainerManager (StorageContainerManager.java:stop(796)) - Stopping Replication Manager Service.
2019-07-30 23:11:58,169 INFO  container.ReplicationManager (ReplicationManager.java:stop(187)) - Stopping Replication Monitor Thread.
2019-07-30 23:11:58,169 INFO  server.StorageContainerManager (StorageContainerManager.java:stop(803)) - Stopping Lease Manager of the command watchers
2019-07-30 23:11:58,169 INFO  server.StorageContainerManager (StorageContainerManager.java:stop(810)) - Stopping datanode service RPC server
2019-07-30 23:11:58,169 INFO  server.SCMDatanodeProtocolServer (SCMDatanodeProtocolServer.java:stop(367)) - Stopping the RPC server for DataNodes
2019-07-30 23:11:58,169 INFO  ipc.Server (Server.java:stop(3082)) - Stopping server on 35187
2019-07-30 23:11:58,173 INFO  ipc.Server (Server.java:run(1185)) - Stopping IPC Server listener on 35187
2019-07-30 23:11:58,173 INFO  ipc.Server (Server.java:run(1319)) - Stopping IPC Server Responder
2019-07-30 23:11:58,199 WARN  node.NodeStateManager (NodeStateManager.java:scheduleNextHealthCheck(631)) - Current Thread is interrupted, shutting down HB processing thread for Node Manager.
2019-07-30 23:11:58,199 INFO  server.StorageContainerManager (StorageContainerManager.java:stop(818)) - Stopping block service RPC server
2019-07-30 23:11:58,199 INFO  server.SCMBlockProtocolServer (SCMBlockProtocolServer.java:stop(148)) - Stopping the RPC server for Block Protocol
2019-07-30 23:11:58,200 INFO  ipc.Server (Server.java:stop(3082)) - Stopping server on 41481
2019-07-30 23:11:58,202 INFO  ipc.Server (Server.java:run(1185)) - Stopping IPC Server listener on 41481
2019-07-30 23:11:58,202 INFO  ipc.Server (Server.java:run(1319)) - Stopping IPC Server Responder
2019-07-30 23:11:58,202 INFO  server.StorageContainerManager (StorageContainerManager.java:stop(825)) - Stopping the StorageContainerLocationProtocol RPC server
2019-07-30 23:11:58,203 INFO  server.SCMClientProtocolServer (SCMClientProtocolServer.java:stop(159)) - Stopping the RPC server for Client Protocol
2019-07-30 23:11:58,204 INFO  ipc.Server (Server.java:stop(3082)) - Stopping server on 39437
2019-07-30 23:11:58,209 INFO  server.StorageContainerManager (StorageContainerManager.java:stop(832)) - Stopping Storage Container Manager HTTP server.
2019-07-30 23:11:58,209 INFO  ipc.Server (Server.java:run(1185)) - Stopping IPC Server listener on 39437
2019-07-30 23:11:58,209 INFO  ipc.Server (Server.java:run(1319)) - Stopping IPC Server Responder
2019-07-30 23:11:58,211 INFO  handler.ContextHandler (ContextHandler.java:doStop(910)) - Stopped o.e.j.w.WebAppContext@466a5b80{/,null,UNAVAILABLE}{/scm}
2019-07-30 23:11:58,211 INFO  server.AbstractConnector (AbstractConnector.java:doStop(318)) - Stopped ServerConnector@f6921b7{HTTP/1.1,[http/1.1]}{0.0.0.0:0}
2019-07-30 23:11:58,212 INFO  handler.ContextHandler (ContextHandler.java:doStop(910)) - Stopped o.e.j.s.ServletContextHandler@66fd9613{/static,file:///workdir/hadoop-ozone/integration-test/target/test-classes/webapps/static,UNAVAILABLE}
2019-07-30 23:11:58,212 INFO  handler.ContextHandler (ContextHandler.java:doStop(910)) - Stopped o.e.j.s.ServletContextHandler@78652c15{/logs,file:///workdir/hadoop-ozone/integration-test/target/log,UNAVAILABLE}
2019-07-30 23:11:58,213 INFO  server.StorageContainerManager (StorageContainerManager.java:stop(843)) - Stopping Block Manager Service.
2019-07-30 23:11:58,213 INFO  utils.BackgroundService (BackgroundService.java:shutdown(148)) - Shutting down service SCMBlockDeletingService
2019-07-30 23:11:58,214 INFO  utils.BackgroundService (BackgroundService.java:shutdown(148)) - Shutting down service SCMBlockDeletingService
2019-07-30 23:11:58,214 INFO  server.StorageContainerManager (StorageContainerManager.java:stop(865)) - Stopping SCM Event Queue.
2019-07-30 23:11:58,218 INFO  impl.MetricsSystemImpl (MetricsSystemImpl.java:stop(210)) - Stopping HddsDatanode metrics system...
2019-07-30 23:11:58,227 INFO  impl.MetricsSystemImpl (MetricsSystemImpl.java:stop(216)) - HddsDatanode metrics system stopped.
]]></system-out>
    <system-err><![CDATA[Jul 30, 2019 11:11:24 PM com.sun.jersey.server.impl.application.WebApplicationImpl _initiate
INFO: Initiating Jersey application, version 'Jersey: 1.19 02/11/2015 03:25 AM'
Jul 30, 2019 11:11:24 PM com.sun.jersey.server.impl.application.WebApplicationImpl _initiate
INFO: Initiating Jersey application, version 'Jersey: 1.19 02/11/2015 03:25 AM'
Jul 30, 2019 11:11:25 PM com.sun.jersey.server.impl.application.WebApplicationImpl _initiate
INFO: Initiating Jersey application, version 'Jersey: 1.19 02/11/2015 03:25 AM'
Jul 30, 2019 11:11:25 PM com.sun.jersey.server.impl.application.WebApplicationImpl _initiate
INFO: Initiating Jersey application, version 'Jersey: 1.19 02/11/2015 03:25 AM'
Jul 30, 2019 11:11:25 PM com.sun.jersey.server.impl.application.WebApplicationImpl _initiate
INFO: Initiating Jersey application, version 'Jersey: 1.19 02/11/2015 03:25 AM'
Jul 30, 2019 11:11:26 PM com.sun.jersey.server.impl.application.WebApplicationImpl _initiate
INFO: Initiating Jersey application, version 'Jersey: 1.19 02/11/2015 03:25 AM'
Jul 30, 2019 11:11:26 PM com.sun.jersey.server.impl.application.WebApplicationImpl _initiate
INFO: Initiating Jersey application, version 'Jersey: 1.19 02/11/2015 03:25 AM'
Jul 30, 2019 11:11:26 PM org.apache.ratis.thirdparty.io.grpc.internal.ManagedChannelOrphanWrapper$ManagedChannelReference cleanQueue
SEVERE: *~*~*~ Channel ManagedChannelImpl{logId=3128, target=192.168.5.171:44448} was not shutdown properly!!! ~*~*~*
    Make sure to call shutdown()/shutdownNow() and wait until awaitTermination() returns true.
java.lang.RuntimeException: ManagedChannel allocation site
	at org.apache.ratis.thirdparty.io.grpc.internal.ManagedChannelOrphanWrapper$ManagedChannelReference.<init>(ManagedChannelOrphanWrapper.java:103)
	at org.apache.ratis.thirdparty.io.grpc.internal.ManagedChannelOrphanWrapper.<init>(ManagedChannelOrphanWrapper.java:53)
	at org.apache.ratis.thirdparty.io.grpc.internal.ManagedChannelOrphanWrapper.<init>(ManagedChannelOrphanWrapper.java:44)
	at org.apache.ratis.thirdparty.io.grpc.internal.AbstractManagedChannelImplBuilder.build(AbstractManagedChannelImplBuilder.java:411)
	at org.apache.ratis.grpc.client.GrpcClientProtocolClient.<init>(GrpcClientProtocolClient.java:119)
	at org.apache.ratis.grpc.client.GrpcClientRpc.lambda$new$0(GrpcClientRpc.java:55)
	at org.apache.ratis.util.PeerProxyMap$PeerAndProxy.lambda$getProxy$0(PeerProxyMap.java:61)
	at org.apache.ratis.util.LifeCycle.startAndTransition(LifeCycle.java:202)
	at org.apache.ratis.util.PeerProxyMap$PeerAndProxy.getProxy(PeerProxyMap.java:60)
	at org.apache.ratis.util.PeerProxyMap.getProxy(PeerProxyMap.java:107)
	at org.apache.ratis.grpc.client.GrpcClientRpc.sendRequestAsync(GrpcClientRpc.java:66)
	at org.apache.ratis.client.impl.OrderedAsync.sendRequest(OrderedAsync.java:208)
	at org.apache.ratis.client.impl.OrderedAsync.sendRequestWithRetry(OrderedAsync.java:169)
	at org.apache.ratis.util.SlidingWindow$Client.sendOrDelayRequest(SlidingWindow.java:278)
	at org.apache.ratis.util.SlidingWindow$Client.retry(SlidingWindow.java:294)
	at org.apache.ratis.client.impl.OrderedAsync.lambda$scheduleWithTimeout$7(OrderedAsync.java:195)
	at org.apache.ratis.util.TimeoutScheduler.lambda$onTimeout$0(TimeoutScheduler.java:85)
	at org.apache.ratis.util.TimeoutScheduler.lambda$onTimeout$1(TimeoutScheduler.java:104)
	at org.apache.ratis.util.LogUtils.runAndLog(LogUtils.java:50)
	at org.apache.ratis.util.LogUtils$1.run(LogUtils.java:91)
	at java.util.concurrent.Executors$RunnableAdapter.call(Executors.java:511)
	at java.util.concurrent.FutureTask.run(FutureTask.java:266)
	at java.util.concurrent.ScheduledThreadPoolExecutor$ScheduledFutureTask.access$201(ScheduledThreadPoolExecutor.java:180)
	at java.util.concurrent.ScheduledThreadPoolExecutor$ScheduledFutureTask.run(ScheduledThreadPoolExecutor.java:293)
	at java.util.concurrent.ThreadPoolExecutor.runWorker(ThreadPoolExecutor.java:1149)
	at java.util.concurrent.ThreadPoolExecutor$Worker.run(ThreadPoolExecutor.java:624)
	at java.lang.Thread.run(Thread.java:748)

Jul 30, 2019 11:11:26 PM org.apache.ratis.thirdparty.io.grpc.internal.ManagedChannelOrphanWrapper$ManagedChannelReference cleanQueue
SEVERE: *~*~*~ Channel ManagedChannelImpl{logId=3138, target=192.168.5.171:38556} was not shutdown properly!!! ~*~*~*
    Make sure to call shutdown()/shutdownNow() and wait until awaitTermination() returns true.
java.lang.RuntimeException: ManagedChannel allocation site
	at org.apache.ratis.thirdparty.io.grpc.internal.ManagedChannelOrphanWrapper$ManagedChannelReference.<init>(ManagedChannelOrphanWrapper.java:103)
	at org.apache.ratis.thirdparty.io.grpc.internal.ManagedChannelOrphanWrapper.<init>(ManagedChannelOrphanWrapper.java:53)
	at org.apache.ratis.thirdparty.io.grpc.internal.ManagedChannelOrphanWrapper.<init>(ManagedChannelOrphanWrapper.java:44)
	at org.apache.ratis.thirdparty.io.grpc.internal.AbstractManagedChannelImplBuilder.build(AbstractManagedChannelImplBuilder.java:411)
	at org.apache.hadoop.hdds.scm.XceiverClientGrpc.connectToDatanode(XceiverClientGrpc.java:174)
	at org.apache.hadoop.hdds.scm.XceiverClientGrpc.reconnect(XceiverClientGrpc.java:422)
	at org.apache.hadoop.hdds.scm.XceiverClientGrpc.sendCommandAsync(XceiverClientGrpc.java:371)
	at org.apache.hadoop.hdds.scm.XceiverClientGrpc.sendCommandWithRetry(XceiverClientGrpc.java:284)
	at org.apache.hadoop.hdds.scm.XceiverClientGrpc.sendCommandWithTraceIDAndRetry(XceiverClientGrpc.java:250)
	at org.apache.hadoop.hdds.scm.XceiverClientGrpc.sendCommand(XceiverClientGrpc.java:233)
	at org.apache.hadoop.hdds.scm.storage.ContainerProtocolCalls.readChunk(ContainerProtocolCalls.java:245)
	at org.apache.hadoop.hdds.scm.storage.ChunkInputStream.readChunk(ChunkInputStream.java:335)
	at org.apache.hadoop.hdds.scm.storage.ChunkInputStream.readChunkFromContainer(ChunkInputStream.java:307)
	at org.apache.hadoop.hdds.scm.storage.ChunkInputStream.prepareRead(ChunkInputStream.java:259)
	at org.apache.hadoop.hdds.scm.storage.ChunkInputStream.read(ChunkInputStream.java:144)
	at org.apache.hadoop.hdds.scm.storage.BlockInputStream.read(BlockInputStream.java:239)
	at org.apache.hadoop.ozone.client.io.KeyInputStream.read(KeyInputStream.java:171)
	at org.apache.hadoop.ozone.client.io.OzoneInputStream.read(OzoneInputStream.java:47)
	at java.io.InputStream.read(InputStream.java:101)
	at org.apache.hadoop.ozone.container.ContainerTestHelper.validateData(ContainerTestHelper.java:709)
	at org.apache.hadoop.ozone.client.rpc.TestBlockOutputStreamWithFailures.validateData(TestBlockOutputStreamWithFailures.java:1212)
	at org.apache.hadoop.ozone.client.rpc.TestBlockOutputStreamWithFailures.testWatchForCommitDatanodeFailure(TestBlockOutputStreamWithFailures.java:393)
	at sun.reflect.NativeMethodAccessorImpl.invoke0(Native Method)
	at sun.reflect.NativeMethodAccessorImpl.invoke(NativeMethodAccessorImpl.java:62)
	at sun.reflect.DelegatingMethodAccessorImpl.invoke(DelegatingMethodAccessorImpl.java:43)
	at java.lang.reflect.Method.invoke(Method.java:498)
	at org.junit.runners.model.FrameworkMethod$1.runReflectiveCall(FrameworkMethod.java:47)
	at org.junit.internal.runners.model.ReflectiveCallable.run(ReflectiveCallable.java:12)
	at org.junit.runners.model.FrameworkMethod.invokeExplosively(FrameworkMethod.java:44)
	at org.junit.internal.runners.statements.InvokeMethod.evaluate(InvokeMethod.java:17)
	at org.junit.internal.runners.statements.RunBefores.evaluate(RunBefores.java:26)
	at org.junit.internal.runners.statements.RunAfters.evaluate(RunAfters.java:27)
	at org.junit.runners.ParentRunner.runLeaf(ParentRunner.java:271)
	at org.junit.runners.BlockJUnit4ClassRunner.runChild(BlockJUnit4ClassRunner.java:70)
	at org.junit.runners.BlockJUnit4ClassRunner.runChild(BlockJUnit4ClassRunner.java:50)
	at org.junit.runners.ParentRunner$3.run(ParentRunner.java:238)
	at org.junit.runners.ParentRunner$1.schedule(ParentRunner.java:63)
	at org.junit.runners.ParentRunner.runChildren(ParentRunner.java:236)
	at org.junit.runners.ParentRunner.access$000(ParentRunner.java:53)
	at org.junit.runners.ParentRunner$2.evaluate(ParentRunner.java:229)
	at org.junit.runners.ParentRunner.run(ParentRunner.java:309)
	at org.apache.maven.surefire.junit4.JUnit4Provider.execute(JUnit4Provider.java:365)
	at org.apache.maven.surefire.junit4.JUnit4Provider.executeWithRerun(JUnit4Provider.java:273)
	at org.apache.maven.surefire.junit4.JUnit4Provider.executeTestSet(JUnit4Provider.java:238)
	at org.apache.maven.surefire.junit4.JUnit4Provider.invoke(JUnit4Provider.java:159)
	at org.apache.maven.surefire.booter.ForkedBooter.invokeProviderInSameClassLoader(ForkedBooter.java:384)
	at org.apache.maven.surefire.booter.ForkedBooter.runSuitesInProcess(ForkedBooter.java:345)
	at org.apache.maven.surefire.booter.ForkedBooter.execute(ForkedBooter.java:126)
	at org.apache.maven.surefire.booter.ForkedBooter.main(ForkedBooter.java:418)

Jul 30, 2019 11:11:26 PM org.apache.ratis.thirdparty.io.grpc.internal.ManagedChannelOrphanWrapper$ManagedChannelReference cleanQueue
SEVERE: *~*~*~ Channel ManagedChannelImpl{logId=3147, target=192.168.5.171:33214} was not shutdown properly!!! ~*~*~*
    Make sure to call shutdown()/shutdownNow() and wait until awaitTermination() returns true.
java.lang.RuntimeException: ManagedChannel allocation site
	at org.apache.ratis.thirdparty.io.grpc.internal.ManagedChannelOrphanWrapper$ManagedChannelReference.<init>(ManagedChannelOrphanWrapper.java:103)
	at org.apache.ratis.thirdparty.io.grpc.internal.ManagedChannelOrphanWrapper.<init>(ManagedChannelOrphanWrapper.java:53)
	at org.apache.ratis.thirdparty.io.grpc.internal.ManagedChannelOrphanWrapper.<init>(ManagedChannelOrphanWrapper.java:44)
	at org.apache.ratis.thirdparty.io.grpc.internal.AbstractManagedChannelImplBuilder.build(AbstractManagedChannelImplBuilder.java:411)
	at org.apache.hadoop.hdds.scm.XceiverClientGrpc.connectToDatanode(XceiverClientGrpc.java:174)
	at org.apache.hadoop.hdds.scm.XceiverClientGrpc.reconnect(XceiverClientGrpc.java:422)
	at org.apache.hadoop.hdds.scm.XceiverClientGrpc.sendCommandAsync(XceiverClientGrpc.java:371)
	at org.apache.hadoop.hdds.scm.XceiverClientGrpc.sendCommandWithRetry(XceiverClientGrpc.java:284)
	at org.apache.hadoop.hdds.scm.XceiverClientGrpc.sendCommandWithTraceIDAndRetry(XceiverClientGrpc.java:250)
	at org.apache.hadoop.hdds.scm.XceiverClientGrpc.sendCommand(XceiverClientGrpc.java:233)
	at org.apache.hadoop.hdds.scm.storage.ContainerProtocolCalls.getBlock(ContainerProtocolCalls.java:118)
	at org.apache.hadoop.hdds.scm.storage.BlockInputStream.getChunkInfos(BlockInputStream.java:167)
	at org.apache.hadoop.hdds.scm.storage.BlockInputStream.initialize(BlockInputStream.java:118)
	at org.apache.hadoop.hdds.scm.storage.BlockInputStream.read(BlockInputStream.java:222)
	at org.apache.hadoop.ozone.client.io.KeyInputStream.read(KeyInputStream.java:171)
	at org.apache.hadoop.ozone.client.io.OzoneInputStream.read(OzoneInputStream.java:47)
	at java.io.InputStream.read(InputStream.java:101)
	at org.apache.hadoop.ozone.container.ContainerTestHelper.validateData(ContainerTestHelper.java:709)
	at org.apache.hadoop.ozone.client.rpc.TestBlockOutputStreamWithFailures.validateData(TestBlockOutputStreamWithFailures.java:1212)
	at org.apache.hadoop.ozone.client.rpc.TestBlockOutputStreamWithFailures.testWatchForCommitDatanodeFailure(TestBlockOutputStreamWithFailures.java:393)
	at sun.reflect.NativeMethodAccessorImpl.invoke0(Native Method)
	at sun.reflect.NativeMethodAccessorImpl.invoke(NativeMethodAccessorImpl.java:62)
	at sun.reflect.DelegatingMethodAccessorImpl.invoke(DelegatingMethodAccessorImpl.java:43)
	at java.lang.reflect.Method.invoke(Method.java:498)
	at org.junit.runners.model.FrameworkMethod$1.runReflectiveCall(FrameworkMethod.java:47)
	at org.junit.internal.runners.model.ReflectiveCallable.run(ReflectiveCallable.java:12)
	at org.junit.runners.model.FrameworkMethod.invokeExplosively(FrameworkMethod.java:44)
	at org.junit.internal.runners.statements.InvokeMethod.evaluate(InvokeMethod.java:17)
	at org.junit.internal.runners.statements.RunBefores.evaluate(RunBefores.java:26)
	at org.junit.internal.runners.statements.RunAfters.evaluate(RunAfters.java:27)
	at org.junit.runners.ParentRunner.runLeaf(ParentRunner.java:271)
	at org.junit.runners.BlockJUnit4ClassRunner.runChild(BlockJUnit4ClassRunner.java:70)
	at org.junit.runners.BlockJUnit4ClassRunner.runChild(BlockJUnit4ClassRunner.java:50)
	at org.junit.runners.ParentRunner$3.run(ParentRunner.java:238)
	at org.junit.runners.ParentRunner$1.schedule(ParentRunner.java:63)
	at org.junit.runners.ParentRunner.runChildren(ParentRunner.java:236)
	at org.junit.runners.ParentRunner.access$000(ParentRunner.java:53)
	at org.junit.runners.ParentRunner$2.evaluate(ParentRunner.java:229)
	at org.junit.runners.ParentRunner.run(ParentRunner.java:309)
	at org.apache.maven.surefire.junit4.JUnit4Provider.execute(JUnit4Provider.java:365)
	at org.apache.maven.surefire.junit4.JUnit4Provider.executeWithRerun(JUnit4Provider.java:273)
	at org.apache.maven.surefire.junit4.JUnit4Provider.executeTestSet(JUnit4Provider.java:238)
	at org.apache.maven.surefire.junit4.JUnit4Provider.invoke(JUnit4Provider.java:159)
	at org.apache.maven.surefire.booter.ForkedBooter.invokeProviderInSameClassLoader(ForkedBooter.java:384)
	at org.apache.maven.surefire.booter.ForkedBooter.runSuitesInProcess(ForkedBooter.java:345)
	at org.apache.maven.surefire.booter.ForkedBooter.execute(ForkedBooter.java:126)
	at org.apache.maven.surefire.booter.ForkedBooter.main(ForkedBooter.java:418)

Jul 30, 2019 11:11:26 PM org.apache.ratis.thirdparty.io.grpc.internal.ManagedChannelOrphanWrapper$ManagedChannelReference cleanQueue
SEVERE: *~*~*~ Channel ManagedChannelImpl{logId=3133, target=192.168.5.171:34797} was not shutdown properly!!! ~*~*~*
    Make sure to call shutdown()/shutdownNow() and wait until awaitTermination() returns true.
java.lang.RuntimeException: ManagedChannel allocation site
	at org.apache.ratis.thirdparty.io.grpc.internal.ManagedChannelOrphanWrapper$ManagedChannelReference.<init>(ManagedChannelOrphanWrapper.java:103)
	at org.apache.ratis.thirdparty.io.grpc.internal.ManagedChannelOrphanWrapper.<init>(ManagedChannelOrphanWrapper.java:53)
	at org.apache.ratis.thirdparty.io.grpc.internal.ManagedChannelOrphanWrapper.<init>(ManagedChannelOrphanWrapper.java:44)
	at org.apache.ratis.thirdparty.io.grpc.internal.AbstractManagedChannelImplBuilder.build(AbstractManagedChannelImplBuilder.java:411)
	at org.apache.hadoop.hdds.scm.XceiverClientGrpc.connectToDatanode(XceiverClientGrpc.java:174)
	at org.apache.hadoop.hdds.scm.XceiverClientGrpc.reconnect(XceiverClientGrpc.java:422)
	at org.apache.hadoop.hdds.scm.XceiverClientGrpc.sendCommandAsync(XceiverClientGrpc.java:371)
	at org.apache.hadoop.hdds.scm.XceiverClientGrpc.sendCommandWithRetry(XceiverClientGrpc.java:284)
	at org.apache.hadoop.hdds.scm.XceiverClientGrpc.sendCommandWithTraceIDAndRetry(XceiverClientGrpc.java:250)
	at org.apache.hadoop.hdds.scm.XceiverClientGrpc.sendCommand(XceiverClientGrpc.java:233)
	at org.apache.hadoop.hdds.scm.storage.ContainerProtocolCalls.getBlock(ContainerProtocolCalls.java:118)
	at org.apache.hadoop.hdds.scm.storage.BlockInputStream.getChunkInfos(BlockInputStream.java:167)
	at org.apache.hadoop.hdds.scm.storage.BlockInputStream.initialize(BlockInputStream.java:118)
	at org.apache.hadoop.hdds.scm.storage.BlockInputStream.read(BlockInputStream.java:222)
	at org.apache.hadoop.ozone.client.io.KeyInputStream.read(KeyInputStream.java:171)
	at org.apache.hadoop.ozone.client.io.OzoneInputStream.read(OzoneInputStream.java:47)
	at java.io.InputStream.read(InputStream.java:101)
	at org.apache.hadoop.ozone.container.ContainerTestHelper.validateData(ContainerTestHelper.java:709)
	at org.apache.hadoop.ozone.client.rpc.TestBlockOutputStreamWithFailures.validateData(TestBlockOutputStreamWithFailures.java:1212)
	at org.apache.hadoop.ozone.client.rpc.TestBlockOutputStreamWithFailures.testWatchForCommitDatanodeFailure(TestBlockOutputStreamWithFailures.java:393)
	at sun.reflect.NativeMethodAccessorImpl.invoke0(Native Method)
	at sun.reflect.NativeMethodAccessorImpl.invoke(NativeMethodAccessorImpl.java:62)
	at sun.reflect.DelegatingMethodAccessorImpl.invoke(DelegatingMethodAccessorImpl.java:43)
	at java.lang.reflect.Method.invoke(Method.java:498)
	at org.junit.runners.model.FrameworkMethod$1.runReflectiveCall(FrameworkMethod.java:47)
	at org.junit.internal.runners.model.ReflectiveCallable.run(ReflectiveCallable.java:12)
	at org.junit.runners.model.FrameworkMethod.invokeExplosively(FrameworkMethod.java:44)
	at org.junit.internal.runners.statements.InvokeMethod.evaluate(InvokeMethod.java:17)
	at org.junit.internal.runners.statements.RunBefores.evaluate(RunBefores.java:26)
	at org.junit.internal.runners.statements.RunAfters.evaluate(RunAfters.java:27)
	at org.junit.runners.ParentRunner.runLeaf(ParentRunner.java:271)
	at org.junit.runners.BlockJUnit4ClassRunner.runChild(BlockJUnit4ClassRunner.java:70)
	at org.junit.runners.BlockJUnit4ClassRunner.runChild(BlockJUnit4ClassRunner.java:50)
	at org.junit.runners.ParentRunner$3.run(ParentRunner.java:238)
	at org.junit.runners.ParentRunner$1.schedule(ParentRunner.java:63)
	at org.junit.runners.ParentRunner.runChildren(ParentRunner.java:236)
	at org.junit.runners.ParentRunner.access$000(ParentRunner.java:53)
	at org.junit.runners.ParentRunner$2.evaluate(ParentRunner.java:229)
	at org.junit.runners.ParentRunner.run(ParentRunner.java:309)
	at org.apache.maven.surefire.junit4.JUnit4Provider.execute(JUnit4Provider.java:365)
	at org.apache.maven.surefire.junit4.JUnit4Provider.executeWithRerun(JUnit4Provider.java:273)
	at org.apache.maven.surefire.junit4.JUnit4Provider.executeTestSet(JUnit4Provider.java:238)
	at org.apache.maven.surefire.junit4.JUnit4Provider.invoke(JUnit4Provider.java:159)
	at org.apache.maven.surefire.booter.ForkedBooter.invokeProviderInSameClassLoader(ForkedBooter.java:384)
	at org.apache.maven.surefire.booter.ForkedBooter.runSuitesInProcess(ForkedBooter.java:345)
	at org.apache.maven.surefire.booter.ForkedBooter.execute(ForkedBooter.java:126)
	at org.apache.maven.surefire.booter.ForkedBooter.main(ForkedBooter.java:418)

Jul 30, 2019 11:11:26 PM org.apache.ratis.thirdparty.io.grpc.internal.ManagedChannelOrphanWrapper$ManagedChannelReference cleanQueue
SEVERE: *~*~*~ Channel ManagedChannelImpl{logId=3142, target=192.168.5.171:44197} was not shutdown properly!!! ~*~*~*
    Make sure to call shutdown()/shutdownNow() and wait until awaitTermination() returns true.
java.lang.RuntimeException: ManagedChannel allocation site
	at org.apache.ratis.thirdparty.io.grpc.internal.ManagedChannelOrphanWrapper$ManagedChannelReference.<init>(ManagedChannelOrphanWrapper.java:103)
	at org.apache.ratis.thirdparty.io.grpc.internal.ManagedChannelOrphanWrapper.<init>(ManagedChannelOrphanWrapper.java:53)
	at org.apache.ratis.thirdparty.io.grpc.internal.ManagedChannelOrphanWrapper.<init>(ManagedChannelOrphanWrapper.java:44)
	at org.apache.ratis.thirdparty.io.grpc.internal.AbstractManagedChannelImplBuilder.build(AbstractManagedChannelImplBuilder.java:411)
	at org.apache.hadoop.hdds.scm.XceiverClientGrpc.connectToDatanode(XceiverClientGrpc.java:174)
	at org.apache.hadoop.hdds.scm.XceiverClientGrpc.reconnect(XceiverClientGrpc.java:422)
	at org.apache.hadoop.hdds.scm.XceiverClientGrpc.sendCommandAsync(XceiverClientGrpc.java:371)
	at org.apache.hadoop.hdds.scm.XceiverClientGrpc.sendCommandWithRetry(XceiverClientGrpc.java:284)
	at org.apache.hadoop.hdds.scm.XceiverClientGrpc.sendCommandWithTraceIDAndRetry(XceiverClientGrpc.java:250)
	at org.apache.hadoop.hdds.scm.XceiverClientGrpc.sendCommand(XceiverClientGrpc.java:233)
	at org.apache.hadoop.hdds.scm.storage.ContainerProtocolCalls.readChunk(ContainerProtocolCalls.java:245)
	at org.apache.hadoop.hdds.scm.storage.ChunkInputStream.readChunk(ChunkInputStream.java:335)
	at org.apache.hadoop.hdds.scm.storage.ChunkInputStream.readChunkFromContainer(ChunkInputStream.java:307)
	at org.apache.hadoop.hdds.scm.storage.ChunkInputStream.prepareRead(ChunkInputStream.java:259)
	at org.apache.hadoop.hdds.scm.storage.ChunkInputStream.read(ChunkInputStream.java:144)
	at org.apache.hadoop.hdds.scm.storage.BlockInputStream.read(BlockInputStream.java:239)
	at org.apache.hadoop.ozone.client.io.KeyInputStream.read(KeyInputStream.java:171)
	at org.apache.hadoop.ozone.client.io.OzoneInputStream.read(OzoneInputStream.java:47)
	at java.io.InputStream.read(InputStream.java:101)
	at org.apache.hadoop.ozone.container.ContainerTestHelper.validateData(ContainerTestHelper.java:709)
	at org.apache.hadoop.ozone.client.rpc.TestBlockOutputStreamWithFailures.validateData(TestBlockOutputStreamWithFailures.java:1212)
	at org.apache.hadoop.ozone.client.rpc.TestBlockOutputStreamWithFailures.testWatchForCommitDatanodeFailure(TestBlockOutputStreamWithFailures.java:393)
	at sun.reflect.NativeMethodAccessorImpl.invoke0(Native Method)
	at sun.reflect.NativeMethodAccessorImpl.invoke(NativeMethodAccessorImpl.java:62)
	at sun.reflect.DelegatingMethodAccessorImpl.invoke(DelegatingMethodAccessorImpl.java:43)
	at java.lang.reflect.Method.invoke(Method.java:498)
	at org.junit.runners.model.FrameworkMethod$1.runReflectiveCall(FrameworkMethod.java:47)
	at org.junit.internal.runners.model.ReflectiveCallable.run(ReflectiveCallable.java:12)
	at org.junit.runners.model.FrameworkMethod.invokeExplosively(FrameworkMethod.java:44)
	at org.junit.internal.runners.statements.InvokeMethod.evaluate(InvokeMethod.java:17)
	at org.junit.internal.runners.statements.RunBefores.evaluate(RunBefores.java:26)
	at org.junit.internal.runners.statements.RunAfters.evaluate(RunAfters.java:27)
	at org.junit.runners.ParentRunner.runLeaf(ParentRunner.java:271)
	at org.junit.runners.BlockJUnit4ClassRunner.runChild(BlockJUnit4ClassRunner.java:70)
	at org.junit.runners.BlockJUnit4ClassRunner.runChild(BlockJUnit4ClassRunner.java:50)
	at org.junit.runners.ParentRunner$3.run(ParentRunner.java:238)
	at org.junit.runners.ParentRunner$1.schedule(ParentRunner.java:63)
	at org.junit.runners.ParentRunner.runChildren(ParentRunner.java:236)
	at org.junit.runners.ParentRunner.access$000(ParentRunner.java:53)
	at org.junit.runners.ParentRunner$2.evaluate(ParentRunner.java:229)
	at org.junit.runners.ParentRunner.run(ParentRunner.java:309)
	at org.apache.maven.surefire.junit4.JUnit4Provider.execute(JUnit4Provider.java:365)
	at org.apache.maven.surefire.junit4.JUnit4Provider.executeWithRerun(JUnit4Provider.java:273)
	at org.apache.maven.surefire.junit4.JUnit4Provider.executeTestSet(JUnit4Provider.java:238)
	at org.apache.maven.surefire.junit4.JUnit4Provider.invoke(JUnit4Provider.java:159)
	at org.apache.maven.surefire.booter.ForkedBooter.invokeProviderInSameClassLoader(ForkedBooter.java:384)
	at org.apache.maven.surefire.booter.ForkedBooter.runSuitesInProcess(ForkedBooter.java:345)
	at org.apache.maven.surefire.booter.ForkedBooter.execute(ForkedBooter.java:126)
	at org.apache.maven.surefire.booter.ForkedBooter.main(ForkedBooter.java:418)

]]></system-err>
  </testcase>
  <testcase name="testWatchForCommitWithCloseContainerException" classname="org.apache.hadoop.ozone.client.rpc.TestBlockOutputStreamWithFailures" time="37.68"/>
  <testcase name="testExceptionDuringClose" classname="org.apache.hadoop.ozone.client.rpc.TestBlockOutputStreamWithFailures" time="34.733"/>
</testsuite>