<?xml version="1.0" encoding="UTF-8"?>
<testsuite xmlns:xsi="http://www.w3.org/2001/XMLSchema-instance" xsi:noNamespaceSchemaLocation="https://maven.apache.org/surefire/maven-surefire-plugin/xsd/surefire-test-report.xsd" name="org.apache.hadoop.ozone.client.rpc.TestOzoneClientRetriesOnException" time="74.554" tests="2" errors="1" skipped="0" failures="0">
  <properties>
    <property name="awt.toolkit" value="sun.awt.X11.XToolkit"/>
    <property name="file.encoding.pkg" value="sun.io"/>
    <property name="java.specification.version" value="1.8"/>
    <property name="sun.cpu.isalist" value=""/>
    <property name="sun.jnu.encoding" value="UTF-8"/>
    <property name="java.class.path" value="/workdir/hadoop-ozone/integration-test/target/test-classes:/workdir/hadoop-ozone/integration-test/target/classes:/home/user/.m2/repository/org/apache/hadoop/hadoop-ozone-common/0.4.1-SNAPSHOT/hadoop-ozone-common-0.4.1-SNAPSHOT.jar:/home/user/.m2/repository/org/apache/commons/commons-compress/1.4.1/commons-compress-1.4.1.jar:/home/user/.m2/repository/org/tukaani/xz/1.0/xz-1.0.jar:/home/user/.m2/repository/org/apache/hadoop/hadoop-common/3.2.0/hadoop-common-3.2.0.jar:/home/user/.m2/repository/org/apache/hadoop/hadoop-hdfs/3.2.0/hadoop-hdfs-3.2.0.jar:/home/user/.m2/repository/org/apache/hadoop/hadoop-hdfs-client/3.2.0/hadoop-hdfs-client-3.2.0.jar:/home/user/.m2/repository/com/fasterxml/jackson/core/jackson-annotations/2.9.5/jackson-annotations-2.9.5.jar:/home/user/.m2/repository/org/apache/hadoop/hadoop-hdds-common/0.4.1-SNAPSHOT/hadoop-hdds-common-0.4.1-SNAPSHOT.jar:/home/user/.m2/repository/javax/annotation/javax.annotation-api/1.2/javax.annotation-api-1.2.jar:/home/user/.m2/repository/org/apache/ratis/ratis-server/0.4.0-2337318-SNAPSHOT/ratis-server-0.4.0-2337318-SNAPSHOT.jar:/home/user/.m2/repository/org/apache/ratis/ratis-thirdparty-misc/0.2.0/ratis-thirdparty-misc-0.2.0.jar:/home/user/.m2/repository/org/apache/ratis/ratis-proto/0.4.0-2337318-SNAPSHOT/ratis-proto-0.4.0-2337318-SNAPSHOT.jar:/home/user/.m2/repository/org/apache/ratis/ratis-common/0.4.0-2337318-SNAPSHOT/ratis-common-0.4.0-2337318-SNAPSHOT.jar:/home/user/.m2/repository/org/apache/ratis/ratis-client/0.4.0-2337318-SNAPSHOT/ratis-client-0.4.0-2337318-SNAPSHOT.jar:/home/user/.m2/repository/org/apache/ratis/ratis-metrics/0.4.0-2337318-SNAPSHOT/ratis-metrics-0.4.0-2337318-SNAPSHOT.jar:/home/user/.m2/repository/org/apache/ratis/ratis-netty/0.4.0-2337318-SNAPSHOT/ratis-netty-0.4.0-2337318-SNAPSHOT.jar:/home/user/.m2/repository/org/apache/ratis/ratis-grpc/0.4.0-2337318-SNAPSHOT/ratis-grpc-0.4.0-2337318-SNAPSHOT.jar:/home/user/.m2/repository/org/rocksdb/rocksdbjni/6.0.1/rocksdbjni-6.0.1.jar:/home/user/.m2/repository/org/apache/logging/log4j/log4j-api/2.11.0/log4j-api-2.11.0.jar:/home/user/.m2/repository/org/apache/logging/log4j/log4j-core/2.11.0/log4j-core-2.11.0.jar:/home/user/.m2/repository/com/lmax/disruptor/3.4.2/disruptor-3.4.2.jar:/home/user/.m2/repository/org/apache/commons/commons-pool2/2.6.0/commons-pool2-2.6.0.jar:/home/user/.m2/repository/org/bouncycastle/bcpkix-jdk15on/1.60/bcpkix-jdk15on-1.60.jar:/home/user/.m2/repository/commons-validator/commons-validator/1.6/commons-validator-1.6.jar:/home/user/.m2/repository/commons-digester/commons-digester/1.8.1/commons-digester-1.8.1.jar:/home/user/.m2/repository/io/jaegertracing/jaeger-client/0.33.1/jaeger-client-0.33.1.jar:/home/user/.m2/repository/io/jaegertracing/jaeger-thrift/0.33.1/jaeger-thrift-0.33.1.jar:/home/user/.m2/repository/org/apache/thrift/libthrift/0.11.0/libthrift-0.11.0.jar:/home/user/.m2/repository/com/squareup/okhttp3/okhttp/3.9.0/okhttp-3.9.0.jar:/home/user/.m2/repository/com/squareup/okio/okio/1.13.0/okio-1.13.0.jar:/home/user/.m2/repository/io/jaegertracing/jaeger-core/0.33.1/jaeger-core-0.33.1.jar:/home/user/.m2/repository/io/jaegertracing/jaeger-tracerresolver/0.33.1/jaeger-tracerresolver-0.33.1.jar:/home/user/.m2/repository/io/opentracing/contrib/opentracing-tracerresolver/0.1.5/opentracing-tracerresolver-0.1.5.jar:/home/user/.m2/repository/io/opentracing/opentracing-util/0.31.0/opentracing-util-0.31.0.jar:/home/user/.m2/repository/io/opentracing/opentracing-api/0.31.0/opentracing-api-0.31.0.jar:/home/user/.m2/repository/io/opentracing/opentracing-noop/0.31.0/opentracing-noop-0.31.0.jar:/home/user/.m2/repository/org/apache/hadoop/hadoop-hdds-server-framework/0.4.1-SNAPSHOT/hadoop-hdds-server-framework-0.4.1-SNAPSHOT.jar:/home/user/.m2/repository/org/apache/hadoop/hadoop-hdds-container-service/0.4.1-SNAPSHOT/hadoop-hdds-container-service-0.4.1-SNAPSHOT.jar:/home/user/.m2/repository/org/apache/hadoop/hadoop-hdds-client/0.4.1-SNAPSHOT/hadoop-hdds-client-0.4.1-SNAPSHOT.jar:/home/user/.m2/repository/org/apache/hadoop/hadoop-hdds-tools/0.4.1-SNAPSHOT/hadoop-hdds-tools-0.4.1-SNAPSHOT.jar:/home/user/.m2/repository/org/apache/hadoop/hadoop-hdds-server-scm/0.4.1-SNAPSHOT/hadoop-hdds-server-scm-0.4.1-SNAPSHOT.jar:/home/user/.m2/repository/org/apache/hadoop/hadoop-hdds-docs/0.4.1-SNAPSHOT/hadoop-hdds-docs-0.4.1-SNAPSHOT.jar:/home/user/.m2/repository/io/dropwizard/metrics/metrics-core/3.2.4/metrics-core-3.2.4.jar:/home/user/.m2/repository/org/hamcrest/hamcrest-all/1.3/hamcrest-all-1.3.jar:/home/user/.m2/repository/org/bouncycastle/bcprov-jdk15on/1.60/bcprov-jdk15on-1.60.jar:/home/user/.m2/repository/info/picocli/picocli/3.9.6/picocli-3.9.6.jar:/home/user/.m2/repository/com/google/protobuf/protobuf-java/2.5.0/protobuf-java-2.5.0.jar:/home/user/.m2/repository/com/google/guava/guava/11.0.2/guava-11.0.2.jar:/home/user/.m2/repository/org/apache/hadoop/hadoop-ozone-ozone-manager/0.4.1-SNAPSHOT/hadoop-ozone-ozone-manager-0.4.1-SNAPSHOT.jar:/home/user/.m2/repository/org/apache/hadoop/hadoop-minikdc/3.2.0/hadoop-minikdc-3.2.0.jar:/home/user/.m2/repository/commons-io/commons-io/2.5/commons-io-2.5.jar:/home/user/.m2/repository/org/apache/kerby/kerb-simplekdc/1.0.1/kerb-simplekdc-1.0.1.jar:/home/user/.m2/repository/org/apache/kerby/kerb-client/1.0.1/kerb-client-1.0.1.jar:/home/user/.m2/repository/org/apache/kerby/kerby-config/1.0.1/kerby-config-1.0.1.jar:/home/user/.m2/repository/org/apache/kerby/kerb-core/1.0.1/kerb-core-1.0.1.jar:/home/user/.m2/repository/org/apache/kerby/kerby-pkix/1.0.1/kerby-pkix-1.0.1.jar:/home/user/.m2/repository/org/apache/kerby/kerby-asn1/1.0.1/kerby-asn1-1.0.1.jar:/home/user/.m2/repository/org/apache/kerby/kerby-util/1.0.1/kerby-util-1.0.1.jar:/home/user/.m2/repository/org/apache/kerby/kerb-common/1.0.1/kerb-common-1.0.1.jar:/home/user/.m2/repository/org/apache/kerby/kerb-crypto/1.0.1/kerb-crypto-1.0.1.jar:/home/user/.m2/repository/org/apache/kerby/kerb-util/1.0.1/kerb-util-1.0.1.jar:/home/user/.m2/repository/org/apache/kerby/token-provider/1.0.1/token-provider-1.0.1.jar:/home/user/.m2/repository/org/apache/kerby/kerb-admin/1.0.1/kerb-admin-1.0.1.jar:/home/user/.m2/repository/org/apache/kerby/kerb-server/1.0.1/kerb-server-1.0.1.jar:/home/user/.m2/repository/org/apache/kerby/kerb-identity/1.0.1/kerb-identity-1.0.1.jar:/home/user/.m2/repository/org/apache/kerby/kerby-xdr/1.0.1/kerby-xdr-1.0.1.jar:/home/user/.m2/repository/org/slf4j/slf4j-log4j12/1.7.25/slf4j-log4j12-1.7.25.jar:/home/user/.m2/repository/org/apache/hadoop/hadoop-ozone-objectstore-service/0.4.1-SNAPSHOT/hadoop-ozone-objectstore-service-0.4.1-SNAPSHOT.jar:/home/user/.m2/repository/org/apache/hadoop/hadoop-ozone-s3gateway/0.4.1-SNAPSHOT/hadoop-ozone-s3gateway-0.4.1-SNAPSHOT.jar:/home/user/.m2/repository/org/jboss/weld/servlet/weld-servlet/2.4.7.Final/weld-servlet-2.4.7.Final.jar:/home/user/.m2/repository/org/glassfish/jersey/containers/jersey-container-servlet-core/2.27/jersey-container-servlet-core-2.27.jar:/home/user/.m2/repository/org/glassfish/hk2/external/javax.inject/2.5.0-b42/javax.inject-2.5.0-b42.jar:/home/user/.m2/repository/org/glassfish/jersey/core/jersey-common/2.27/jersey-common-2.27.jar:/home/user/.m2/repository/org/glassfish/hk2/osgi-resource-locator/1.0.1/osgi-resource-locator-1.0.1.jar:/home/user/.m2/repository/javax/ws/rs/javax.ws.rs-api/2.1/javax.ws.rs-api-2.1.jar:/home/user/.m2/repository/org/glassfish/jersey/ext/cdi/jersey-cdi1x/2.27/jersey-cdi1x-2.27.jar:/home/user/.m2/repository/org/glassfish/jersey/inject/jersey-hk2/2.27/jersey-hk2-2.27.jar:/home/user/.m2/repository/org/glassfish/hk2/hk2-locator/2.5.0-b42/hk2-locator-2.5.0-b42.jar:/home/user/.m2/repository/org/javassist/javassist/3.22.0-CR2/javassist-3.22.0-CR2.jar:/home/user/.m2/repository/org/glassfish/hk2/hk2-api/2.5.0/hk2-api-2.5.0.jar:/home/user/.m2/repository/org/glassfish/hk2/external/jakarta.inject/2.5.0/jakarta.inject-2.5.0.jar:/home/user/.m2/repository/org/glassfish/hk2/hk2-utils/2.5.0/hk2-utils-2.5.0.jar:/home/user/.m2/repository/jakarta/annotation/jakarta.annotation-api/1.3.4/jakarta.annotation-api-1.3.4.jar:/home/user/.m2/repository/org/glassfish/hk2/external/aopalliance-repackaged/2.5.0/aopalliance-repackaged-2.5.0.jar:/home/user/.m2/repository/com/fasterxml/jackson/dataformat/jackson-dataformat-xml/2.9.0/jackson-dataformat-xml-2.9.0.jar:/home/user/.m2/repository/com/fasterxml/jackson/core/jackson-core/2.9.5/jackson-core-2.9.5.jar:/home/user/.m2/repository/com/fasterxml/jackson/module/jackson-module-jaxb-annotations/2.9.5/jackson-module-jaxb-annotations-2.9.5.jar:/home/user/.m2/repository/javax/enterprise/cdi-api/1.2/cdi-api-1.2.jar:/home/user/.m2/repository/javax/el/javax.el-api/3.0.0/javax.el-api-3.0.0.jar:/home/user/.m2/repository/javax/interceptor/javax.interceptor-api/1.2/javax.interceptor-api-1.2.jar:/home/user/.m2/repository/javax/inject/javax.inject/1/javax.inject-1.jar:/home/user/.m2/repository/com/sun/xml/bind/jaxb-impl/2.3.0.1/jaxb-impl-2.3.0.1.jar:/home/user/.m2/repository/com/sun/xml/bind/jaxb-core/2.3.0.1/jaxb-core-2.3.0.1.jar:/home/user/.m2/repository/javax/xml/bind/jaxb-api/2.3.0/jaxb-api-2.3.0.jar:/home/user/.m2/repository/javax/activation/activation/1.1.1/activation-1.1.1.jar:/home/user/.m2/repository/org/apache/hadoop/hadoop-ozone-csi/0.4.1-SNAPSHOT/hadoop-ozone-csi-0.4.1-SNAPSHOT.jar:/home/user/.m2/repository/com/google/protobuf/protobuf-java-util/3.5.1/protobuf-java-util-3.5.1.jar:/home/user/.m2/repository/org/apache/hadoop/hadoop-hdds-config/0.4.1-SNAPSHOT/hadoop-hdds-config-0.4.1-SNAPSHOT.jar:/home/user/.m2/repository/io/grpc/grpc-netty/1.17.1/grpc-netty-1.17.1.jar:/home/user/.m2/repository/io/grpc/grpc-core/1.17.1/grpc-core-1.17.1.jar:/home/user/.m2/repository/io/grpc/grpc-context/1.17.1/grpc-context-1.17.1.jar:/home/user/.m2/repository/com/google/errorprone/error_prone_annotations/2.2.0/error_prone_annotations-2.2.0.jar:/home/user/.m2/repository/org/codehaus/mojo/animal-sniffer-annotations/1.17/animal-sniffer-annotations-1.17.jar:/home/user/.m2/repository/io/opencensus/opencensus-api/0.17.0/opencensus-api-0.17.0.jar:/home/user/.m2/repository/io/opencensus/opencensus-contrib-grpc-metrics/0.17.0/opencensus-contrib-grpc-metrics-0.17.0.jar:/home/user/.m2/repository/io/netty/netty-codec-http2/4.1.30.Final/netty-codec-http2-4.1.30.Final.jar:/home/user/.m2/repository/io/netty/netty-codec-http/4.1.30.Final/netty-codec-http-4.1.30.Final.jar:/home/user/.m2/repository/io/netty/netty-codec/4.1.30.Final/netty-codec-4.1.30.Final.jar:/home/user/.m2/repository/io/netty/netty-handler/4.1.30.Final/netty-handler-4.1.30.Final.jar:/home/user/.m2/repository/io/netty/netty-handler-proxy/4.1.30.Final/netty-handler-proxy-4.1.30.Final.jar:/home/user/.m2/repository/io/netty/netty-codec-socks/4.1.30.Final/netty-codec-socks-4.1.30.Final.jar:/home/user/.m2/repository/io/netty/netty-transport-native-epoll/4.1.30.Final/netty-transport-native-epoll-4.1.30.Final.jar:/home/user/.m2/repository/io/netty/netty-common/4.1.30.Final/netty-common-4.1.30.Final.jar:/home/user/.m2/repository/io/netty/netty-buffer/4.1.30.Final/netty-buffer-4.1.30.Final.jar:/home/user/.m2/repository/io/netty/netty-transport/4.1.30.Final/netty-transport-4.1.30.Final.jar:/home/user/.m2/repository/io/netty/netty-resolver/4.1.30.Final/netty-resolver-4.1.30.Final.jar:/home/user/.m2/repository/io/netty/netty-transport-native-unix-common/4.1.30.Final/netty-transport-native-unix-common-4.1.30.Final.jar:/home/user/.m2/repository/io/grpc/grpc-protobuf/1.17.1/grpc-protobuf-1.17.1.jar:/home/user/.m2/repository/com/google/api/grpc/proto-google-common-protos/1.0.0/proto-google-common-protos-1.0.0.jar:/home/user/.m2/repository/io/grpc/grpc-protobuf-lite/1.17.1/grpc-protobuf-lite-1.17.1.jar:/home/user/.m2/repository/io/grpc/grpc-stub/1.17.1/grpc-stub-1.17.1.jar:/home/user/.m2/repository/org/apache/hadoop/hadoop-ozone-recon/0.4.1-SNAPSHOT/hadoop-ozone-recon-0.4.1-SNAPSHOT.jar:/home/user/.m2/repository/org/apache/hadoop/hadoop-ozone-reconcodegen/0.4.1-SNAPSHOT/hadoop-ozone-reconcodegen-0.4.1-SNAPSHOT.jar:/home/user/.m2/repository/com/google/inject/extensions/guice-multibindings/4.0/guice-multibindings-4.0.jar:/home/user/.m2/repository/com/google/inject/guice/4.0/guice-4.0.jar:/home/user/.m2/repository/aopalliance/aopalliance/1.0/aopalliance-1.0.jar:/home/user/.m2/repository/com/google/inject/extensions/guice-servlet/4.0/guice-servlet-4.0.jar:/home/user/.m2/repository/org/glassfish/jersey/containers/jersey-container-servlet/2.27/jersey-container-servlet-2.27.jar:/home/user/.m2/repository/org/glassfish/hk2/guice-bridge/2.5.0/guice-bridge-2.5.0.jar:/home/user/.m2/repository/org/glassfish/jersey/core/jersey-server/2.27/jersey-server-2.27.jar:/home/user/.m2/repository/org/glassfish/jersey/core/jersey-client/2.27/jersey-client-2.27.jar:/home/user/.m2/repository/org/glassfish/jersey/media/jersey-media-jaxb/2.27/jersey-media-jaxb-2.27.jar:/home/user/.m2/repository/javax/validation/validation-api/1.1.0.Final/validation-api-1.1.0.Final.jar:/home/user/.m2/repository/org/glassfish/jersey/media/jersey-media-json-jackson/2.27/jersey-media-json-jackson-2.27.jar:/home/user/.m2/repository/org/glassfish/jersey/ext/jersey-entity-filtering/2.27/jersey-entity-filtering-2.27.jar:/home/user/.m2/repository/com/google/inject/extensions/guice-assistedinject/4.0/guice-assistedinject-4.0.jar:/home/user/.m2/repository/org/jooq/jooq/3.11.10/jooq-3.11.10.jar:/home/user/.m2/repository/org/jooq/jooq-meta/3.11.10/jooq-meta-3.11.10.jar:/home/user/.m2/repository/org/jooq/jooq-codegen/3.11.10/jooq-codegen-3.11.10.jar:/home/user/.m2/repository/com/jolbox/bonecp/0.8.0.RELEASE/bonecp-0.8.0.RELEASE.jar:/home/user/.m2/repository/org/xerial/sqlite-jdbc/3.25.2/sqlite-jdbc-3.25.2.jar:/home/user/.m2/repository/org/springframework/spring-jdbc/5.1.3.RELEASE/spring-jdbc-5.1.3.RELEASE.jar:/home/user/.m2/repository/org/springframework/spring-beans/5.1.3.RELEASE/spring-beans-5.1.3.RELEASE.jar:/home/user/.m2/repository/org/springframework/spring-core/5.1.3.RELEASE/spring-core-5.1.3.RELEASE.jar:/home/user/.m2/repository/org/springframework/spring-jcl/5.1.3.RELEASE/spring-jcl-5.1.3.RELEASE.jar:/home/user/.m2/repository/org/springframework/spring-tx/5.1.3.RELEASE/spring-tx-5.1.3.RELEASE.jar:/home/user/.m2/repository/org/apache/hadoop/hadoop-ozone-client/0.4.1-SNAPSHOT/hadoop-ozone-client-0.4.1-SNAPSHOT.jar:/home/user/.m2/repository/commons-lang/commons-lang/2.6/commons-lang-2.6.jar:/home/user/.m2/repository/org/apache/hadoop/hadoop-ozone-ozone-manager/0.4.1-SNAPSHOT/hadoop-ozone-ozone-manager-0.4.1-SNAPSHOT-tests.jar:/home/user/.m2/repository/junit/junit/4.11/junit-4.11.jar:/home/user/.m2/repository/org/hamcrest/hamcrest-core/1.3/hamcrest-core-1.3.jar:/home/user/.m2/repository/org/openjdk/jmh/jmh-core/1.19/jmh-core-1.19.jar:/home/user/.m2/repository/net/sf/jopt-simple/jopt-simple/4.6/jopt-simple-4.6.jar:/home/user/.m2/repository/org/apache/commons/commons-math3/3.1.1/commons-math3-3.1.1.jar:/home/user/.m2/repository/org/openjdk/jmh/jmh-generator-annprocess/1.19/jmh-generator-annprocess-1.19.jar:/home/user/.m2/repository/org/mockito/mockito-all/1.8.5/mockito-all-1.8.5.jar:/home/user/.m2/repository/org/apache/hadoop/hadoop-kms/3.2.0/hadoop-kms-3.2.0.jar:/home/user/.m2/repository/org/apache/hadoop/hadoop-auth/3.2.0/hadoop-auth-3.2.0.jar:/home/user/.m2/repository/com/nimbusds/nimbus-jose-jwt/4.41.1/nimbus-jose-jwt-4.41.1.jar:/home/user/.m2/repository/com/github/stephenc/jcip/jcip-annotations/1.0-1/jcip-annotations-1.0-1.jar:/home/user/.m2/repository/net/minidev/json-smart/2.3/json-smart-2.3.jar:/home/user/.m2/repository/net/minidev/accessors-smart/1.2/accessors-smart-1.2.jar:/home/user/.m2/repository/org/ow2/asm/asm/5.0.4/asm-5.0.4.jar:/home/user/.m2/repository/org/apache/curator/curator-framework/2.12.0/curator-framework-2.12.0.jar:/home/user/.m2/repository/com/sun/jersey/jersey-core/1.19/jersey-core-1.19.jar:/home/user/.m2/repository/javax/ws/rs/jsr311-api/1.1.1/jsr311-api-1.1.1.jar:/home/user/.m2/repository/com/sun/jersey/jersey-server/1.19/jersey-server-1.19.jar:/home/user/.m2/repository/javax/servlet/javax.servlet-api/3.1.0/javax.servlet-api-3.1.0.jar:/home/user/.m2/repository/org/eclipse/jetty/jetty-server/9.3.24.v20180605/jetty-server-9.3.24.v20180605.jar:/home/user/.m2/repository/org/eclipse/jetty/jetty-http/9.3.24.v20180605/jetty-http-9.3.24.v20180605.jar:/home/user/.m2/repository/org/eclipse/jetty/jetty-io/9.3.24.v20180605/jetty-io-9.3.24.v20180605.jar:/home/user/.m2/repository/org/eclipse/jetty/jetty-webapp/9.3.24.v20180605/jetty-webapp-9.3.24.v20180605.jar:/home/user/.m2/repository/org/eclipse/jetty/jetty-xml/9.3.24.v20180605/jetty-xml-9.3.24.v20180605.jar:/home/user/.m2/repository/log4j/log4j/1.2.17/log4j-1.2.17.jar:/home/user/.m2/repository/org/slf4j/slf4j-api/1.7.25/slf4j-api-1.7.25.jar:/home/user/.m2/repository/org/slf4j/jul-to-slf4j/1.7.25/jul-to-slf4j-1.7.25.jar:/home/user/.m2/repository/org/eclipse/jetty/jetty-util/9.3.24.v20180605/jetty-util-9.3.24.v20180605.jar:/home/user/.m2/repository/com/fasterxml/jackson/core/jackson-databind/2.9.5/jackson-databind-2.9.5.jar:/home/user/.m2/repository/org/apache/hadoop/hadoop-kms/3.2.0/hadoop-kms-3.2.0-tests.jar:/home/user/.m2/repository/org/apache/hadoop/hadoop-hdds-server-scm/0.4.1-SNAPSHOT/hadoop-hdds-server-scm-0.4.1-SNAPSHOT-tests.jar:/home/user/.m2/repository/org/apache/hadoop/hadoop-hdds-container-service/0.4.1-SNAPSHOT/hadoop-hdds-container-service-0.4.1-SNAPSHOT-tests.jar:/home/user/.m2/repository/org/yaml/snakeyaml/1.16/snakeyaml-1.16.jar:/home/user/.m2/repository/org/apache/hadoop/hadoop-common/3.2.0/hadoop-common-3.2.0-tests.jar:/home/user/.m2/repository/org/apache/hadoop/hadoop-annotations/3.2.0/hadoop-annotations-3.2.0.jar:/usr/lib/jvm/java-1.8-openjdk/jre/../lib/tools.jar:/home/user/.m2/repository/commons-cli/commons-cli/1.2/commons-cli-1.2.jar:/home/user/.m2/repository/org/apache/httpcomponents/httpclient/4.5.2/httpclient-4.5.2.jar:/home/user/.m2/repository/org/apache/httpcomponents/httpcore/4.4.4/httpcore-4.4.4.jar:/home/user/.m2/repository/commons-codec/commons-codec/1.11/commons-codec-1.11.jar:/home/user/.m2/repository/commons-net/commons-net/3.6/commons-net-3.6.jar:/home/user/.m2/repository/commons-collections/commons-collections/3.2.2/commons-collections-3.2.2.jar:/home/user/.m2/repository/org/eclipse/jetty/jetty-servlet/9.3.24.v20180605/jetty-servlet-9.3.24.v20180605.jar:/home/user/.m2/repository/org/eclipse/jetty/jetty-security/9.3.24.v20180605/jetty-security-9.3.24.v20180605.jar:/home/user/.m2/repository/javax/servlet/jsp/jsp-api/2.1/jsp-api-2.1.jar:/home/user/.m2/repository/com/sun/jersey/jersey-servlet/1.19/jersey-servlet-1.19.jar:/home/user/.m2/repository/com/sun/jersey/jersey-json/1.19/jersey-json-1.19.jar:/home/user/.m2/repository/org/codehaus/jettison/jettison/1.1/jettison-1.1.jar:/home/user/.m2/repository/org/codehaus/jackson/jackson-core-asl/1.9.13/jackson-core-asl-1.9.13.jar:/home/user/.m2/repository/org/codehaus/jackson/jackson-mapper-asl/1.9.13/jackson-mapper-asl-1.9.13.jar:/home/user/.m2/repository/org/codehaus/jackson/jackson-jaxrs/1.9.13/jackson-jaxrs-1.9.13.jar:/home/user/.m2/repository/org/codehaus/jackson/jackson-xc/1.9.13/jackson-xc-1.9.13.jar:/home/user/.m2/repository/commons-logging/commons-logging/1.1.3/commons-logging-1.1.3.jar:/home/user/.m2/repository/commons-beanutils/commons-beanutils/1.9.3/commons-beanutils-1.9.3.jar:/home/user/.m2/repository/org/apache/commons/commons-configuration2/2.1.1/commons-configuration2-2.1.1.jar:/home/user/.m2/repository/org/apache/commons/commons-lang3/3.7/commons-lang3-3.7.jar:/home/user/.m2/repository/org/apache/commons/commons-text/1.4/commons-text-1.4.jar:/home/user/.m2/repository/org/apache/avro/avro/1.7.7/avro-1.7.7.jar:/home/user/.m2/repository/com/thoughtworks/paranamer/paranamer/2.3/paranamer-2.3.jar:/home/user/.m2/repository/org/xerial/snappy/snappy-java/1.0.5/snappy-java-1.0.5.jar:/home/user/.m2/repository/com/google/re2j/re2j/1.1/re2j-1.1.jar:/home/user/.m2/repository/com/google/code/gson/gson/2.2.4/gson-2.2.4.jar:/home/user/.m2/repository/com/jcraft/jsch/0.1.54/jsch-0.1.54.jar:/home/user/.m2/repository/org/apache/curator/curator-client/2.12.0/curator-client-2.12.0.jar:/home/user/.m2/repository/org/apache/curator/curator-recipes/2.12.0/curator-recipes-2.12.0.jar:/home/user/.m2/repository/com/google/code/findbugs/jsr305/3.0.0/jsr305-3.0.0.jar:/home/user/.m2/repository/org/apache/htrace/htrace-core4/4.1.0-incubating/htrace-core4-4.1.0-incubating.jar:/home/user/.m2/repository/org/apache/zookeeper/zookeeper/3.4.13/zookeeper-3.4.13.jar:/home/user/.m2/repository/org/apache/yetus/audience-annotations/0.5.0/audience-annotations-0.5.0.jar:/home/user/.m2/repository/org/codehaus/woodstox/stax2-api/3.1.4/stax2-api-3.1.4.jar:/home/user/.m2/repository/com/fasterxml/woodstox/woodstox-core/5.0.3/woodstox-core-5.0.3.jar:/home/user/.m2/repository/dnsjava/dnsjava/2.1.7/dnsjava-2.1.7.jar:/home/user/.m2/repository/org/apache/hadoop/hadoop-hdfs/3.2.0/hadoop-hdfs-3.2.0-tests.jar:/home/user/.m2/repository/org/eclipse/jetty/jetty-util-ajax/9.3.24.v20180605/jetty-util-ajax-9.3.24.v20180605.jar:/home/user/.m2/repository/commons-daemon/commons-daemon/1.0.13/commons-daemon-1.0.13.jar:/home/user/.m2/repository/io/netty/netty/3.10.5.Final/netty-3.10.5.Final.jar:/home/user/.m2/repository/io/netty/netty-all/4.0.52.Final/netty-all-4.0.52.Final.jar:/home/user/.m2/repository/org/fusesource/leveldbjni/leveldbjni-all/1.8/leveldbjni-all-1.8.jar:"/>
    <property name="java.vm.vendor" value="IcedTea"/>
    <property name="sun.arch.data.model" value="64"/>
    <property name="test.build.dir" value="/workdir/hadoop-ozone/integration-test/target/test-dir"/>
    <property name="test.cache.data" value=""/>
    <property name="java.vendor.url" value="https://icedtea.classpath.org"/>
    <property name="user.timezone" value=""/>
    <property name="java.vm.specification.version" value="1.8"/>
    <property name="os.name" value="Linux"/>
    <property name="test.build.data" value="/workdir/hadoop-ozone/integration-test/target/test-dir"/>
    <property name="user.country" value="US"/>
    <property name="sun.java.launcher" value="SUN_STANDARD"/>
    <property name="sun.boot.library.path" value="/usr/lib/jvm/java-1.8-openjdk/jre/lib/amd64"/>
    <property name="sun.java.command" value="/workdir/hadoop-ozone/integration-test/target/surefire/surefirebooter4739735649081202227.jar /workdir/hadoop-ozone/integration-test/target/surefire 2019-07-30T22-42-59_315-jvmRun1 surefire8335753450044483828tmp surefire_416463881104146170142tmp"/>
    <property name="surefire.test.class.path" value="/workdir/hadoop-ozone/integration-test/target/test-classes:/workdir/hadoop-ozone/integration-test/target/classes:/home/user/.m2/repository/org/apache/hadoop/hadoop-ozone-common/0.4.1-SNAPSHOT/hadoop-ozone-common-0.4.1-SNAPSHOT.jar:/home/user/.m2/repository/org/apache/commons/commons-compress/1.4.1/commons-compress-1.4.1.jar:/home/user/.m2/repository/org/tukaani/xz/1.0/xz-1.0.jar:/home/user/.m2/repository/org/apache/hadoop/hadoop-common/3.2.0/hadoop-common-3.2.0.jar:/home/user/.m2/repository/org/apache/hadoop/hadoop-hdfs/3.2.0/hadoop-hdfs-3.2.0.jar:/home/user/.m2/repository/org/apache/hadoop/hadoop-hdfs-client/3.2.0/hadoop-hdfs-client-3.2.0.jar:/home/user/.m2/repository/com/fasterxml/jackson/core/jackson-annotations/2.9.5/jackson-annotations-2.9.5.jar:/home/user/.m2/repository/org/apache/hadoop/hadoop-hdds-common/0.4.1-SNAPSHOT/hadoop-hdds-common-0.4.1-SNAPSHOT.jar:/home/user/.m2/repository/javax/annotation/javax.annotation-api/1.2/javax.annotation-api-1.2.jar:/home/user/.m2/repository/org/apache/ratis/ratis-server/0.4.0-2337318-SNAPSHOT/ratis-server-0.4.0-2337318-SNAPSHOT.jar:/home/user/.m2/repository/org/apache/ratis/ratis-thirdparty-misc/0.2.0/ratis-thirdparty-misc-0.2.0.jar:/home/user/.m2/repository/org/apache/ratis/ratis-proto/0.4.0-2337318-SNAPSHOT/ratis-proto-0.4.0-2337318-SNAPSHOT.jar:/home/user/.m2/repository/org/apache/ratis/ratis-common/0.4.0-2337318-SNAPSHOT/ratis-common-0.4.0-2337318-SNAPSHOT.jar:/home/user/.m2/repository/org/apache/ratis/ratis-client/0.4.0-2337318-SNAPSHOT/ratis-client-0.4.0-2337318-SNAPSHOT.jar:/home/user/.m2/repository/org/apache/ratis/ratis-metrics/0.4.0-2337318-SNAPSHOT/ratis-metrics-0.4.0-2337318-SNAPSHOT.jar:/home/user/.m2/repository/org/apache/ratis/ratis-netty/0.4.0-2337318-SNAPSHOT/ratis-netty-0.4.0-2337318-SNAPSHOT.jar:/home/user/.m2/repository/org/apache/ratis/ratis-grpc/0.4.0-2337318-SNAPSHOT/ratis-grpc-0.4.0-2337318-SNAPSHOT.jar:/home/user/.m2/repository/org/rocksdb/rocksdbjni/6.0.1/rocksdbjni-6.0.1.jar:/home/user/.m2/repository/org/apache/logging/log4j/log4j-api/2.11.0/log4j-api-2.11.0.jar:/home/user/.m2/repository/org/apache/logging/log4j/log4j-core/2.11.0/log4j-core-2.11.0.jar:/home/user/.m2/repository/com/lmax/disruptor/3.4.2/disruptor-3.4.2.jar:/home/user/.m2/repository/org/apache/commons/commons-pool2/2.6.0/commons-pool2-2.6.0.jar:/home/user/.m2/repository/org/bouncycastle/bcpkix-jdk15on/1.60/bcpkix-jdk15on-1.60.jar:/home/user/.m2/repository/commons-validator/commons-validator/1.6/commons-validator-1.6.jar:/home/user/.m2/repository/commons-digester/commons-digester/1.8.1/commons-digester-1.8.1.jar:/home/user/.m2/repository/io/jaegertracing/jaeger-client/0.33.1/jaeger-client-0.33.1.jar:/home/user/.m2/repository/io/jaegertracing/jaeger-thrift/0.33.1/jaeger-thrift-0.33.1.jar:/home/user/.m2/repository/org/apache/thrift/libthrift/0.11.0/libthrift-0.11.0.jar:/home/user/.m2/repository/com/squareup/okhttp3/okhttp/3.9.0/okhttp-3.9.0.jar:/home/user/.m2/repository/com/squareup/okio/okio/1.13.0/okio-1.13.0.jar:/home/user/.m2/repository/io/jaegertracing/jaeger-core/0.33.1/jaeger-core-0.33.1.jar:/home/user/.m2/repository/io/jaegertracing/jaeger-tracerresolver/0.33.1/jaeger-tracerresolver-0.33.1.jar:/home/user/.m2/repository/io/opentracing/contrib/opentracing-tracerresolver/0.1.5/opentracing-tracerresolver-0.1.5.jar:/home/user/.m2/repository/io/opentracing/opentracing-util/0.31.0/opentracing-util-0.31.0.jar:/home/user/.m2/repository/io/opentracing/opentracing-api/0.31.0/opentracing-api-0.31.0.jar:/home/user/.m2/repository/io/opentracing/opentracing-noop/0.31.0/opentracing-noop-0.31.0.jar:/home/user/.m2/repository/org/apache/hadoop/hadoop-hdds-server-framework/0.4.1-SNAPSHOT/hadoop-hdds-server-framework-0.4.1-SNAPSHOT.jar:/home/user/.m2/repository/org/apache/hadoop/hadoop-hdds-container-service/0.4.1-SNAPSHOT/hadoop-hdds-container-service-0.4.1-SNAPSHOT.jar:/home/user/.m2/repository/org/apache/hadoop/hadoop-hdds-client/0.4.1-SNAPSHOT/hadoop-hdds-client-0.4.1-SNAPSHOT.jar:/home/user/.m2/repository/org/apache/hadoop/hadoop-hdds-tools/0.4.1-SNAPSHOT/hadoop-hdds-tools-0.4.1-SNAPSHOT.jar:/home/user/.m2/repository/org/apache/hadoop/hadoop-hdds-server-scm/0.4.1-SNAPSHOT/hadoop-hdds-server-scm-0.4.1-SNAPSHOT.jar:/home/user/.m2/repository/org/apache/hadoop/hadoop-hdds-docs/0.4.1-SNAPSHOT/hadoop-hdds-docs-0.4.1-SNAPSHOT.jar:/home/user/.m2/repository/io/dropwizard/metrics/metrics-core/3.2.4/metrics-core-3.2.4.jar:/home/user/.m2/repository/org/hamcrest/hamcrest-all/1.3/hamcrest-all-1.3.jar:/home/user/.m2/repository/org/bouncycastle/bcprov-jdk15on/1.60/bcprov-jdk15on-1.60.jar:/home/user/.m2/repository/info/picocli/picocli/3.9.6/picocli-3.9.6.jar:/home/user/.m2/repository/com/google/protobuf/protobuf-java/2.5.0/protobuf-java-2.5.0.jar:/home/user/.m2/repository/com/google/guava/guava/11.0.2/guava-11.0.2.jar:/home/user/.m2/repository/org/apache/hadoop/hadoop-ozone-ozone-manager/0.4.1-SNAPSHOT/hadoop-ozone-ozone-manager-0.4.1-SNAPSHOT.jar:/home/user/.m2/repository/org/apache/hadoop/hadoop-minikdc/3.2.0/hadoop-minikdc-3.2.0.jar:/home/user/.m2/repository/commons-io/commons-io/2.5/commons-io-2.5.jar:/home/user/.m2/repository/org/apache/kerby/kerb-simplekdc/1.0.1/kerb-simplekdc-1.0.1.jar:/home/user/.m2/repository/org/apache/kerby/kerb-client/1.0.1/kerb-client-1.0.1.jar:/home/user/.m2/repository/org/apache/kerby/kerby-config/1.0.1/kerby-config-1.0.1.jar:/home/user/.m2/repository/org/apache/kerby/kerb-core/1.0.1/kerb-core-1.0.1.jar:/home/user/.m2/repository/org/apache/kerby/kerby-pkix/1.0.1/kerby-pkix-1.0.1.jar:/home/user/.m2/repository/org/apache/kerby/kerby-asn1/1.0.1/kerby-asn1-1.0.1.jar:/home/user/.m2/repository/org/apache/kerby/kerby-util/1.0.1/kerby-util-1.0.1.jar:/home/user/.m2/repository/org/apache/kerby/kerb-common/1.0.1/kerb-common-1.0.1.jar:/home/user/.m2/repository/org/apache/kerby/kerb-crypto/1.0.1/kerb-crypto-1.0.1.jar:/home/user/.m2/repository/org/apache/kerby/kerb-util/1.0.1/kerb-util-1.0.1.jar:/home/user/.m2/repository/org/apache/kerby/token-provider/1.0.1/token-provider-1.0.1.jar:/home/user/.m2/repository/org/apache/kerby/kerb-admin/1.0.1/kerb-admin-1.0.1.jar:/home/user/.m2/repository/org/apache/kerby/kerb-server/1.0.1/kerb-server-1.0.1.jar:/home/user/.m2/repository/org/apache/kerby/kerb-identity/1.0.1/kerb-identity-1.0.1.jar:/home/user/.m2/repository/org/apache/kerby/kerby-xdr/1.0.1/kerby-xdr-1.0.1.jar:/home/user/.m2/repository/org/slf4j/slf4j-log4j12/1.7.25/slf4j-log4j12-1.7.25.jar:/home/user/.m2/repository/org/apache/hadoop/hadoop-ozone-objectstore-service/0.4.1-SNAPSHOT/hadoop-ozone-objectstore-service-0.4.1-SNAPSHOT.jar:/home/user/.m2/repository/org/apache/hadoop/hadoop-ozone-s3gateway/0.4.1-SNAPSHOT/hadoop-ozone-s3gateway-0.4.1-SNAPSHOT.jar:/home/user/.m2/repository/org/jboss/weld/servlet/weld-servlet/2.4.7.Final/weld-servlet-2.4.7.Final.jar:/home/user/.m2/repository/org/glassfish/jersey/containers/jersey-container-servlet-core/2.27/jersey-container-servlet-core-2.27.jar:/home/user/.m2/repository/org/glassfish/hk2/external/javax.inject/2.5.0-b42/javax.inject-2.5.0-b42.jar:/home/user/.m2/repository/org/glassfish/jersey/core/jersey-common/2.27/jersey-common-2.27.jar:/home/user/.m2/repository/org/glassfish/hk2/osgi-resource-locator/1.0.1/osgi-resource-locator-1.0.1.jar:/home/user/.m2/repository/javax/ws/rs/javax.ws.rs-api/2.1/javax.ws.rs-api-2.1.jar:/home/user/.m2/repository/org/glassfish/jersey/ext/cdi/jersey-cdi1x/2.27/jersey-cdi1x-2.27.jar:/home/user/.m2/repository/org/glassfish/jersey/inject/jersey-hk2/2.27/jersey-hk2-2.27.jar:/home/user/.m2/repository/org/glassfish/hk2/hk2-locator/2.5.0-b42/hk2-locator-2.5.0-b42.jar:/home/user/.m2/repository/org/javassist/javassist/3.22.0-CR2/javassist-3.22.0-CR2.jar:/home/user/.m2/repository/org/glassfish/hk2/hk2-api/2.5.0/hk2-api-2.5.0.jar:/home/user/.m2/repository/org/glassfish/hk2/external/jakarta.inject/2.5.0/jakarta.inject-2.5.0.jar:/home/user/.m2/repository/org/glassfish/hk2/hk2-utils/2.5.0/hk2-utils-2.5.0.jar:/home/user/.m2/repository/jakarta/annotation/jakarta.annotation-api/1.3.4/jakarta.annotation-api-1.3.4.jar:/home/user/.m2/repository/org/glassfish/hk2/external/aopalliance-repackaged/2.5.0/aopalliance-repackaged-2.5.0.jar:/home/user/.m2/repository/com/fasterxml/jackson/dataformat/jackson-dataformat-xml/2.9.0/jackson-dataformat-xml-2.9.0.jar:/home/user/.m2/repository/com/fasterxml/jackson/core/jackson-core/2.9.5/jackson-core-2.9.5.jar:/home/user/.m2/repository/com/fasterxml/jackson/module/jackson-module-jaxb-annotations/2.9.5/jackson-module-jaxb-annotations-2.9.5.jar:/home/user/.m2/repository/javax/enterprise/cdi-api/1.2/cdi-api-1.2.jar:/home/user/.m2/repository/javax/el/javax.el-api/3.0.0/javax.el-api-3.0.0.jar:/home/user/.m2/repository/javax/interceptor/javax.interceptor-api/1.2/javax.interceptor-api-1.2.jar:/home/user/.m2/repository/javax/inject/javax.inject/1/javax.inject-1.jar:/home/user/.m2/repository/com/sun/xml/bind/jaxb-impl/2.3.0.1/jaxb-impl-2.3.0.1.jar:/home/user/.m2/repository/com/sun/xml/bind/jaxb-core/2.3.0.1/jaxb-core-2.3.0.1.jar:/home/user/.m2/repository/javax/xml/bind/jaxb-api/2.3.0/jaxb-api-2.3.0.jar:/home/user/.m2/repository/javax/activation/activation/1.1.1/activation-1.1.1.jar:/home/user/.m2/repository/org/apache/hadoop/hadoop-ozone-csi/0.4.1-SNAPSHOT/hadoop-ozone-csi-0.4.1-SNAPSHOT.jar:/home/user/.m2/repository/com/google/protobuf/protobuf-java-util/3.5.1/protobuf-java-util-3.5.1.jar:/home/user/.m2/repository/org/apache/hadoop/hadoop-hdds-config/0.4.1-SNAPSHOT/hadoop-hdds-config-0.4.1-SNAPSHOT.jar:/home/user/.m2/repository/io/grpc/grpc-netty/1.17.1/grpc-netty-1.17.1.jar:/home/user/.m2/repository/io/grpc/grpc-core/1.17.1/grpc-core-1.17.1.jar:/home/user/.m2/repository/io/grpc/grpc-context/1.17.1/grpc-context-1.17.1.jar:/home/user/.m2/repository/com/google/errorprone/error_prone_annotations/2.2.0/error_prone_annotations-2.2.0.jar:/home/user/.m2/repository/org/codehaus/mojo/animal-sniffer-annotations/1.17/animal-sniffer-annotations-1.17.jar:/home/user/.m2/repository/io/opencensus/opencensus-api/0.17.0/opencensus-api-0.17.0.jar:/home/user/.m2/repository/io/opencensus/opencensus-contrib-grpc-metrics/0.17.0/opencensus-contrib-grpc-metrics-0.17.0.jar:/home/user/.m2/repository/io/netty/netty-codec-http2/4.1.30.Final/netty-codec-http2-4.1.30.Final.jar:/home/user/.m2/repository/io/netty/netty-codec-http/4.1.30.Final/netty-codec-http-4.1.30.Final.jar:/home/user/.m2/repository/io/netty/netty-codec/4.1.30.Final/netty-codec-4.1.30.Final.jar:/home/user/.m2/repository/io/netty/netty-handler/4.1.30.Final/netty-handler-4.1.30.Final.jar:/home/user/.m2/repository/io/netty/netty-handler-proxy/4.1.30.Final/netty-handler-proxy-4.1.30.Final.jar:/home/user/.m2/repository/io/netty/netty-codec-socks/4.1.30.Final/netty-codec-socks-4.1.30.Final.jar:/home/user/.m2/repository/io/netty/netty-transport-native-epoll/4.1.30.Final/netty-transport-native-epoll-4.1.30.Final.jar:/home/user/.m2/repository/io/netty/netty-common/4.1.30.Final/netty-common-4.1.30.Final.jar:/home/user/.m2/repository/io/netty/netty-buffer/4.1.30.Final/netty-buffer-4.1.30.Final.jar:/home/user/.m2/repository/io/netty/netty-transport/4.1.30.Final/netty-transport-4.1.30.Final.jar:/home/user/.m2/repository/io/netty/netty-resolver/4.1.30.Final/netty-resolver-4.1.30.Final.jar:/home/user/.m2/repository/io/netty/netty-transport-native-unix-common/4.1.30.Final/netty-transport-native-unix-common-4.1.30.Final.jar:/home/user/.m2/repository/io/grpc/grpc-protobuf/1.17.1/grpc-protobuf-1.17.1.jar:/home/user/.m2/repository/com/google/api/grpc/proto-google-common-protos/1.0.0/proto-google-common-protos-1.0.0.jar:/home/user/.m2/repository/io/grpc/grpc-protobuf-lite/1.17.1/grpc-protobuf-lite-1.17.1.jar:/home/user/.m2/repository/io/grpc/grpc-stub/1.17.1/grpc-stub-1.17.1.jar:/home/user/.m2/repository/org/apache/hadoop/hadoop-ozone-recon/0.4.1-SNAPSHOT/hadoop-ozone-recon-0.4.1-SNAPSHOT.jar:/home/user/.m2/repository/org/apache/hadoop/hadoop-ozone-reconcodegen/0.4.1-SNAPSHOT/hadoop-ozone-reconcodegen-0.4.1-SNAPSHOT.jar:/home/user/.m2/repository/com/google/inject/extensions/guice-multibindings/4.0/guice-multibindings-4.0.jar:/home/user/.m2/repository/com/google/inject/guice/4.0/guice-4.0.jar:/home/user/.m2/repository/aopalliance/aopalliance/1.0/aopalliance-1.0.jar:/home/user/.m2/repository/com/google/inject/extensions/guice-servlet/4.0/guice-servlet-4.0.jar:/home/user/.m2/repository/org/glassfish/jersey/containers/jersey-container-servlet/2.27/jersey-container-servlet-2.27.jar:/home/user/.m2/repository/org/glassfish/hk2/guice-bridge/2.5.0/guice-bridge-2.5.0.jar:/home/user/.m2/repository/org/glassfish/jersey/core/jersey-server/2.27/jersey-server-2.27.jar:/home/user/.m2/repository/org/glassfish/jersey/core/jersey-client/2.27/jersey-client-2.27.jar:/home/user/.m2/repository/org/glassfish/jersey/media/jersey-media-jaxb/2.27/jersey-media-jaxb-2.27.jar:/home/user/.m2/repository/javax/validation/validation-api/1.1.0.Final/validation-api-1.1.0.Final.jar:/home/user/.m2/repository/org/glassfish/jersey/media/jersey-media-json-jackson/2.27/jersey-media-json-jackson-2.27.jar:/home/user/.m2/repository/org/glassfish/jersey/ext/jersey-entity-filtering/2.27/jersey-entity-filtering-2.27.jar:/home/user/.m2/repository/com/google/inject/extensions/guice-assistedinject/4.0/guice-assistedinject-4.0.jar:/home/user/.m2/repository/org/jooq/jooq/3.11.10/jooq-3.11.10.jar:/home/user/.m2/repository/org/jooq/jooq-meta/3.11.10/jooq-meta-3.11.10.jar:/home/user/.m2/repository/org/jooq/jooq-codegen/3.11.10/jooq-codegen-3.11.10.jar:/home/user/.m2/repository/com/jolbox/bonecp/0.8.0.RELEASE/bonecp-0.8.0.RELEASE.jar:/home/user/.m2/repository/org/xerial/sqlite-jdbc/3.25.2/sqlite-jdbc-3.25.2.jar:/home/user/.m2/repository/org/springframework/spring-jdbc/5.1.3.RELEASE/spring-jdbc-5.1.3.RELEASE.jar:/home/user/.m2/repository/org/springframework/spring-beans/5.1.3.RELEASE/spring-beans-5.1.3.RELEASE.jar:/home/user/.m2/repository/org/springframework/spring-core/5.1.3.RELEASE/spring-core-5.1.3.RELEASE.jar:/home/user/.m2/repository/org/springframework/spring-jcl/5.1.3.RELEASE/spring-jcl-5.1.3.RELEASE.jar:/home/user/.m2/repository/org/springframework/spring-tx/5.1.3.RELEASE/spring-tx-5.1.3.RELEASE.jar:/home/user/.m2/repository/org/apache/hadoop/hadoop-ozone-client/0.4.1-SNAPSHOT/hadoop-ozone-client-0.4.1-SNAPSHOT.jar:/home/user/.m2/repository/commons-lang/commons-lang/2.6/commons-lang-2.6.jar:/home/user/.m2/repository/org/apache/hadoop/hadoop-ozone-ozone-manager/0.4.1-SNAPSHOT/hadoop-ozone-ozone-manager-0.4.1-SNAPSHOT-tests.jar:/home/user/.m2/repository/junit/junit/4.11/junit-4.11.jar:/home/user/.m2/repository/org/hamcrest/hamcrest-core/1.3/hamcrest-core-1.3.jar:/home/user/.m2/repository/org/openjdk/jmh/jmh-core/1.19/jmh-core-1.19.jar:/home/user/.m2/repository/net/sf/jopt-simple/jopt-simple/4.6/jopt-simple-4.6.jar:/home/user/.m2/repository/org/apache/commons/commons-math3/3.1.1/commons-math3-3.1.1.jar:/home/user/.m2/repository/org/openjdk/jmh/jmh-generator-annprocess/1.19/jmh-generator-annprocess-1.19.jar:/home/user/.m2/repository/org/mockito/mockito-all/1.8.5/mockito-all-1.8.5.jar:/home/user/.m2/repository/org/apache/hadoop/hadoop-kms/3.2.0/hadoop-kms-3.2.0.jar:/home/user/.m2/repository/org/apache/hadoop/hadoop-auth/3.2.0/hadoop-auth-3.2.0.jar:/home/user/.m2/repository/com/nimbusds/nimbus-jose-jwt/4.41.1/nimbus-jose-jwt-4.41.1.jar:/home/user/.m2/repository/com/github/stephenc/jcip/jcip-annotations/1.0-1/jcip-annotations-1.0-1.jar:/home/user/.m2/repository/net/minidev/json-smart/2.3/json-smart-2.3.jar:/home/user/.m2/repository/net/minidev/accessors-smart/1.2/accessors-smart-1.2.jar:/home/user/.m2/repository/org/ow2/asm/asm/5.0.4/asm-5.0.4.jar:/home/user/.m2/repository/org/apache/curator/curator-framework/2.12.0/curator-framework-2.12.0.jar:/home/user/.m2/repository/com/sun/jersey/jersey-core/1.19/jersey-core-1.19.jar:/home/user/.m2/repository/javax/ws/rs/jsr311-api/1.1.1/jsr311-api-1.1.1.jar:/home/user/.m2/repository/com/sun/jersey/jersey-server/1.19/jersey-server-1.19.jar:/home/user/.m2/repository/javax/servlet/javax.servlet-api/3.1.0/javax.servlet-api-3.1.0.jar:/home/user/.m2/repository/org/eclipse/jetty/jetty-server/9.3.24.v20180605/jetty-server-9.3.24.v20180605.jar:/home/user/.m2/repository/org/eclipse/jetty/jetty-http/9.3.24.v20180605/jetty-http-9.3.24.v20180605.jar:/home/user/.m2/repository/org/eclipse/jetty/jetty-io/9.3.24.v20180605/jetty-io-9.3.24.v20180605.jar:/home/user/.m2/repository/org/eclipse/jetty/jetty-webapp/9.3.24.v20180605/jetty-webapp-9.3.24.v20180605.jar:/home/user/.m2/repository/org/eclipse/jetty/jetty-xml/9.3.24.v20180605/jetty-xml-9.3.24.v20180605.jar:/home/user/.m2/repository/log4j/log4j/1.2.17/log4j-1.2.17.jar:/home/user/.m2/repository/org/slf4j/slf4j-api/1.7.25/slf4j-api-1.7.25.jar:/home/user/.m2/repository/org/slf4j/jul-to-slf4j/1.7.25/jul-to-slf4j-1.7.25.jar:/home/user/.m2/repository/org/eclipse/jetty/jetty-util/9.3.24.v20180605/jetty-util-9.3.24.v20180605.jar:/home/user/.m2/repository/com/fasterxml/jackson/core/jackson-databind/2.9.5/jackson-databind-2.9.5.jar:/home/user/.m2/repository/org/apache/hadoop/hadoop-kms/3.2.0/hadoop-kms-3.2.0-tests.jar:/home/user/.m2/repository/org/apache/hadoop/hadoop-hdds-server-scm/0.4.1-SNAPSHOT/hadoop-hdds-server-scm-0.4.1-SNAPSHOT-tests.jar:/home/user/.m2/repository/org/apache/hadoop/hadoop-hdds-container-service/0.4.1-SNAPSHOT/hadoop-hdds-container-service-0.4.1-SNAPSHOT-tests.jar:/home/user/.m2/repository/org/yaml/snakeyaml/1.16/snakeyaml-1.16.jar:/home/user/.m2/repository/org/apache/hadoop/hadoop-common/3.2.0/hadoop-common-3.2.0-tests.jar:/home/user/.m2/repository/org/apache/hadoop/hadoop-annotations/3.2.0/hadoop-annotations-3.2.0.jar:/usr/lib/jvm/java-1.8-openjdk/jre/../lib/tools.jar:/home/user/.m2/repository/commons-cli/commons-cli/1.2/commons-cli-1.2.jar:/home/user/.m2/repository/org/apache/httpcomponents/httpclient/4.5.2/httpclient-4.5.2.jar:/home/user/.m2/repository/org/apache/httpcomponents/httpcore/4.4.4/httpcore-4.4.4.jar:/home/user/.m2/repository/commons-codec/commons-codec/1.11/commons-codec-1.11.jar:/home/user/.m2/repository/commons-net/commons-net/3.6/commons-net-3.6.jar:/home/user/.m2/repository/commons-collections/commons-collections/3.2.2/commons-collections-3.2.2.jar:/home/user/.m2/repository/org/eclipse/jetty/jetty-servlet/9.3.24.v20180605/jetty-servlet-9.3.24.v20180605.jar:/home/user/.m2/repository/org/eclipse/jetty/jetty-security/9.3.24.v20180605/jetty-security-9.3.24.v20180605.jar:/home/user/.m2/repository/javax/servlet/jsp/jsp-api/2.1/jsp-api-2.1.jar:/home/user/.m2/repository/com/sun/jersey/jersey-servlet/1.19/jersey-servlet-1.19.jar:/home/user/.m2/repository/com/sun/jersey/jersey-json/1.19/jersey-json-1.19.jar:/home/user/.m2/repository/org/codehaus/jettison/jettison/1.1/jettison-1.1.jar:/home/user/.m2/repository/org/codehaus/jackson/jackson-core-asl/1.9.13/jackson-core-asl-1.9.13.jar:/home/user/.m2/repository/org/codehaus/jackson/jackson-mapper-asl/1.9.13/jackson-mapper-asl-1.9.13.jar:/home/user/.m2/repository/org/codehaus/jackson/jackson-jaxrs/1.9.13/jackson-jaxrs-1.9.13.jar:/home/user/.m2/repository/org/codehaus/jackson/jackson-xc/1.9.13/jackson-xc-1.9.13.jar:/home/user/.m2/repository/commons-logging/commons-logging/1.1.3/commons-logging-1.1.3.jar:/home/user/.m2/repository/commons-beanutils/commons-beanutils/1.9.3/commons-beanutils-1.9.3.jar:/home/user/.m2/repository/org/apache/commons/commons-configuration2/2.1.1/commons-configuration2-2.1.1.jar:/home/user/.m2/repository/org/apache/commons/commons-lang3/3.7/commons-lang3-3.7.jar:/home/user/.m2/repository/org/apache/commons/commons-text/1.4/commons-text-1.4.jar:/home/user/.m2/repository/org/apache/avro/avro/1.7.7/avro-1.7.7.jar:/home/user/.m2/repository/com/thoughtworks/paranamer/paranamer/2.3/paranamer-2.3.jar:/home/user/.m2/repository/org/xerial/snappy/snappy-java/1.0.5/snappy-java-1.0.5.jar:/home/user/.m2/repository/com/google/re2j/re2j/1.1/re2j-1.1.jar:/home/user/.m2/repository/com/google/code/gson/gson/2.2.4/gson-2.2.4.jar:/home/user/.m2/repository/com/jcraft/jsch/0.1.54/jsch-0.1.54.jar:/home/user/.m2/repository/org/apache/curator/curator-client/2.12.0/curator-client-2.12.0.jar:/home/user/.m2/repository/org/apache/curator/curator-recipes/2.12.0/curator-recipes-2.12.0.jar:/home/user/.m2/repository/com/google/code/findbugs/jsr305/3.0.0/jsr305-3.0.0.jar:/home/user/.m2/repository/org/apache/htrace/htrace-core4/4.1.0-incubating/htrace-core4-4.1.0-incubating.jar:/home/user/.m2/repository/org/apache/zookeeper/zookeeper/3.4.13/zookeeper-3.4.13.jar:/home/user/.m2/repository/org/apache/yetus/audience-annotations/0.5.0/audience-annotations-0.5.0.jar:/home/user/.m2/repository/org/codehaus/woodstox/stax2-api/3.1.4/stax2-api-3.1.4.jar:/home/user/.m2/repository/com/fasterxml/woodstox/woodstox-core/5.0.3/woodstox-core-5.0.3.jar:/home/user/.m2/repository/dnsjava/dnsjava/2.1.7/dnsjava-2.1.7.jar:/home/user/.m2/repository/org/apache/hadoop/hadoop-hdfs/3.2.0/hadoop-hdfs-3.2.0-tests.jar:/home/user/.m2/repository/org/eclipse/jetty/jetty-util-ajax/9.3.24.v20180605/jetty-util-ajax-9.3.24.v20180605.jar:/home/user/.m2/repository/commons-daemon/commons-daemon/1.0.13/commons-daemon-1.0.13.jar:/home/user/.m2/repository/io/netty/netty/3.10.5.Final/netty-3.10.5.Final.jar:/home/user/.m2/repository/io/netty/netty-all/4.0.52.Final/netty-all-4.0.52.Final.jar:/home/user/.m2/repository/org/fusesource/leveldbjni/leveldbjni-all/1.8/leveldbjni-all-1.8.jar:"/>
    <property name="sun.cpu.endian" value="little"/>
    <property name="user.home" value="/home/user"/>
    <property name="user.language" value="en"/>
    <property name="java.specification.vendor" value="Oracle Corporation"/>
    <property name="java.home" value="/usr/lib/jvm/java-1.8-openjdk/jre"/>
    <property name="java.security.krb5.conf" value="/workdir/hadoop-ozone/integration-test/target/test-classes/krb5.conf"/>
    <property name="basedir" value="/workdir/hadoop-ozone/integration-test"/>
    <property name="file.separator" value="/"/>
    <property name="line.separator" value="&#10;"/>
    <property name="java.vm.specification.vendor" value="Oracle Corporation"/>
    <property name="java.specification.name" value="Java Platform API Specification"/>
    <property name="java.awt.graphicsenv" value="sun.awt.X11GraphicsEnvironment"/>
    <property name="surefire.real.class.path" value="/workdir/hadoop-ozone/integration-test/target/surefire/surefirebooter4739735649081202227.jar"/>
    <property name="hadoop.log.dir" value="/workdir/hadoop-ozone/integration-test/target/log"/>
    <property name="sun.boot.class.path" value="/usr/lib/jvm/java-1.8-openjdk/jre/lib/resources.jar:/usr/lib/jvm/java-1.8-openjdk/jre/lib/rt.jar:/usr/lib/jvm/java-1.8-openjdk/jre/lib/sunrsasign.jar:/usr/lib/jvm/java-1.8-openjdk/jre/lib/jsse.jar:/usr/lib/jvm/java-1.8-openjdk/jre/lib/jce.jar:/usr/lib/jvm/java-1.8-openjdk/jre/lib/charsets.jar:/usr/lib/jvm/java-1.8-openjdk/jre/lib/jfr.jar:/usr/lib/jvm/java-1.8-openjdk/jre/classes"/>
    <property name="sun.management.compiler" value="HotSpot 64-Bit Tiered Compilers"/>
    <property name="java.runtime.version" value="1.8.0_212-b04"/>
    <property name="java.net.preferIPv4Stack" value="true"/>
    <property name="user.name" value="jenkins1000"/>
    <property name="path.separator" value=":"/>
    <property name="java.security.egd" value="file:///dev/urandom"/>
    <property name="os.version" value="3.10.0-957.12.2.el7.x86_64"/>
    <property name="java.endorsed.dirs" value="/usr/lib/jvm/java-1.8-openjdk/jre/lib/endorsed"/>
    <property name="java.runtime.name" value="OpenJDK Runtime Environment"/>
    <property name="file.encoding" value="UTF-8"/>
    <property name="java.vm.name" value="OpenJDK 64-Bit Server VM"/>
    <property name="test.build.webapps" value=""/>
    <property name="localRepository" value="/home/user/.m2/repository"/>
    <property name="java.vendor.url.bug" value="https://icedtea.classpath.org/bugzilla"/>
    <property name="java.io.tmpdir" value="/tmp"/>
    <property name="require.test.libhadoop" value=""/>
    <property name="java.version" value="1.8.0_212"/>
    <property name="user.dir" value="/workdir/hadoop-ozone/integration-test"/>
    <property name="os.arch" value="amd64"/>
    <property name="java.vm.specification.name" value="Java Virtual Machine Specification"/>
    <property name="test.build.classes" value="/workdir/hadoop-ozone/integration-test/target/test-classes"/>
    <property name="java.awt.printerjob" value="sun.print.PSPrinterJob"/>
    <property name="sun.os.patch.level" value="unknown"/>
    <property name="hadoop.tmp.dir" value="/workdir/hadoop-ozone/integration-test/target/tmp"/>
    <property name="java.library.path" value="/usr/lib/jvm/java-1.8-openjdk/jre/lib/amd64/server:/usr/lib/jvm/java-1.8-openjdk/jre/lib/amd64:/usr/lib/jvm/java-1.8-openjdk/jre/../lib/amd64:/workdir/hadoop-ozone/integration-test/target/native/target/usr/local/lib:/workdir/hadoop-ozone/integration-test/../../hadoop-common-project/hadoop-common/target/native/target/usr/local/lib:/usr/java/packages/lib/amd64:/usr/lib64:/lib64:/lib:/usr/lib"/>
    <property name="java.vm.info" value="mixed mode"/>
    <property name="java.vendor" value="IcedTea"/>
    <property name="java.vm.version" value="25.212-b04"/>
    <property name="java.ext.dirs" value="/usr/lib/jvm/java-1.8-openjdk/jre/lib/ext:/usr/java/packages/lib/ext"/>
    <property name="sun.io.unicode.encoding" value="UnicodeLittle"/>
    <property name="java.class.version" value="52.0"/>
  </properties>
  <testcase name="testGroupMismatchExceptionHandling" classname="org.apache.hadoop.ozone.client.rpc.TestOzoneClientRetriesOnException" time="41.94"/>
  <testcase name="testMaxRetriesByOzoneClient" classname="org.apache.hadoop.ozone.client.rpc.TestOzoneClientRetriesOnException" time="32.393">
    <error message="Failed to command cmdType: CreateContainer&#10;containerID: 1&#10;datanodeUuid: &quot;cca5e6ee-3bc4-4289-bd74-f62bf5c30f12&quot;&#10;createContainer {&#10;}&#10;" type="java.io.IOException">java.io.IOException: 
Failed to command cmdType: CreateContainer
containerID: 1
datanodeUuid: "cca5e6ee-3bc4-4289-bd74-f62bf5c30f12"
createContainer {
}

	at org.apache.hadoop.hdds.scm.XceiverClientSpi.sendCommand(XceiverClientSpi.java:113)
	at org.apache.hadoop.ozone.client.rpc.TestOzoneClientRetriesOnException.testMaxRetriesByOzoneClient(TestOzoneClientRetriesOnException.java:190)
	at sun.reflect.NativeMethodAccessorImpl.invoke0(Native Method)
	at sun.reflect.NativeMethodAccessorImpl.invoke(NativeMethodAccessorImpl.java:62)
	at sun.reflect.DelegatingMethodAccessorImpl.invoke(DelegatingMethodAccessorImpl.java:43)
	at java.lang.reflect.Method.invoke(Method.java:498)
	at org.junit.runners.model.FrameworkMethod$1.runReflectiveCall(FrameworkMethod.java:47)
	at org.junit.internal.runners.model.ReflectiveCallable.run(ReflectiveCallable.java:12)
	at org.junit.runners.model.FrameworkMethod.invokeExplosively(FrameworkMethod.java:44)
	at org.junit.internal.runners.statements.InvokeMethod.evaluate(InvokeMethod.java:17)
	at org.junit.internal.runners.statements.RunBefores.evaluate(RunBefores.java:26)
	at org.junit.internal.runners.statements.RunAfters.evaluate(RunAfters.java:27)
	at org.junit.runners.ParentRunner.runLeaf(ParentRunner.java:271)
	at org.junit.runners.BlockJUnit4ClassRunner.runChild(BlockJUnit4ClassRunner.java:70)
	at org.junit.runners.BlockJUnit4ClassRunner.runChild(BlockJUnit4ClassRunner.java:50)
	at org.junit.runners.ParentRunner$3.run(ParentRunner.java:238)
	at org.junit.runners.ParentRunner$1.schedule(ParentRunner.java:63)
	at org.junit.runners.ParentRunner.runChildren(ParentRunner.java:236)
	at org.junit.runners.ParentRunner.access$000(ParentRunner.java:53)
	at org.junit.runners.ParentRunner$2.evaluate(ParentRunner.java:229)
	at org.junit.runners.ParentRunner.run(ParentRunner.java:309)
	at org.apache.maven.surefire.junit4.JUnit4Provider.execute(JUnit4Provider.java:365)
	at org.apache.maven.surefire.junit4.JUnit4Provider.executeWithRerun(JUnit4Provider.java:273)
	at org.apache.maven.surefire.junit4.JUnit4Provider.executeTestSet(JUnit4Provider.java:238)
	at org.apache.maven.surefire.junit4.JUnit4Provider.invoke(JUnit4Provider.java:159)
	at org.apache.maven.surefire.booter.ForkedBooter.invokeProviderInSameClassLoader(ForkedBooter.java:384)
	at org.apache.maven.surefire.booter.ForkedBooter.runSuitesInProcess(ForkedBooter.java:345)
	at org.apache.maven.surefire.booter.ForkedBooter.execute(ForkedBooter.java:126)
	at org.apache.maven.surefire.booter.ForkedBooter.main(ForkedBooter.java:418)
Caused by: java.util.concurrent.ExecutionException: org.apache.ratis.protocol.StateMachineException: java.util.concurrent.CompletionException: java.lang.IllegalArgumentException
	at java.util.concurrent.CompletableFuture.reportGet(CompletableFuture.java:357)
	at java.util.concurrent.CompletableFuture.get(CompletableFuture.java:1895)
	at org.apache.hadoop.hdds.scm.XceiverClientSpi.sendCommand(XceiverClientSpi.java:110)
	... 28 more
Caused by: org.apache.ratis.protocol.StateMachineException: java.util.concurrent.CompletionException: java.lang.IllegalArgumentException
	at java.util.concurrent.CompletableFuture.encodeThrowable(CompletableFuture.java:273)
	at java.util.concurrent.CompletableFuture.completeThrowable(CompletableFuture.java:280)
	at java.util.concurrent.CompletableFuture$AsyncSupply.run(CompletableFuture.java:1592)
	at java.util.concurrent.ThreadPoolExecutor.runWorker(ThreadPoolExecutor.java:1149)
	at java.util.concurrent.ThreadPoolExecutor$Worker.run(ThreadPoolExecutor.java:624)
	at java.lang.Thread.run(Thread.java:748)
</error>
    <system-out><![CDATA[2019-07-30 23:29:08,526 WARN  server.ServerUtils (ServerUtils.java:getScmDbDir(145)) - ozone.scm.db.dirs is not configured. We recommend adding this setting. Falling back to ozone.metadata.dirs instead.
2019-07-30 23:29:08,553 WARN  server.ServerUtils (ServerUtils.java:getScmDbDir(145)) - ozone.scm.db.dirs is not configured. We recommend adding this setting. Falling back to ozone.metadata.dirs instead.
2019-07-30 23:29:08,554 WARN  server.ServerUtils (ServerUtils.java:getScmDbDir(145)) - ozone.scm.db.dirs is not configured. We recommend adding this setting. Falling back to ozone.metadata.dirs instead.
2019-07-30 23:29:08,555 INFO  db.DBStoreBuilder (DBStoreBuilder.java:addTable(110)) - using custom profile for table: deletedBlocks
2019-07-30 23:29:08,555 INFO  db.DBStoreBuilder (DBStoreBuilder.java:processTables(161)) - Using default column profile:DBProfile.DISK for Table:deletedBlocks
2019-07-30 23:29:08,556 INFO  db.DBStoreBuilder (DBStoreBuilder.java:addTable(110)) - using custom profile for table: validCerts
2019-07-30 23:29:08,556 INFO  db.DBStoreBuilder (DBStoreBuilder.java:processTables(161)) - Using default column profile:DBProfile.DISK for Table:validCerts
2019-07-30 23:29:08,556 INFO  db.DBStoreBuilder (DBStoreBuilder.java:addTable(110)) - using custom profile for table: revokedCerts
2019-07-30 23:29:08,557 INFO  db.DBStoreBuilder (DBStoreBuilder.java:processTables(161)) - Using default column profile:DBProfile.DISK for Table:revokedCerts
2019-07-30 23:29:08,557 INFO  db.DBStoreBuilder (DBStoreBuilder.java:addTable(110)) - using custom profile for table: default
2019-07-30 23:29:08,557 INFO  db.DBStoreBuilder (DBStoreBuilder.java:processTables(167)) - Using default column profile:DBProfile.DISK for Table:default
2019-07-30 23:29:08,558 INFO  db.DBStoreBuilder (DBStoreBuilder.java:getDbProfile(198)) - Using default options. DBProfile.DISK
2019-07-30 23:29:08,683 INFO  net.NodeSchemaLoader (NodeSchemaLoader.java:loadSchemaFromFile(125)) - Loading file from sun.misc.CompoundEnumeration@5f409872
2019-07-30 23:29:08,683 INFO  net.NodeSchemaLoader (NodeSchemaLoader.java:loadSchema(171)) - Loading network topology layer schema file
2019-07-30 23:29:08,690 WARN  server.ServerUtils (ServerUtils.java:sanitizeUserArgs(70)) - ozone.scm.stale.node.interval value = 300000 is larger than max = 100000 based on the key value of ozone.scm.heartbeat.thread.interval, reset to the max value 100000.
2019-07-30 23:29:08,690 WARN  server.ServerUtils (ServerUtils.java:sanitizeUserArgs(70)) - ozone.scm.stale.node.interval value = 300000 is larger than max = 100000 based on the key value of ozone.scm.heartbeat.thread.interval, reset to the max value 100000.
2019-07-30 23:29:08,691 INFO  node.SCMNodeManager (SCMNodeManager.java:<init>(121)) - Entering startup safe mode.
2019-07-30 23:29:08,692 WARN  server.ServerUtils (ServerUtils.java:getScmDbDir(145)) - ozone.scm.db.dirs is not configured. We recommend adding this setting. Falling back to ozone.metadata.dirs instead.
2019-07-30 23:29:08,716 INFO  pipeline.SCMPipelineManager (SCMPipelineManager.java:initializePipelineState(126)) - No pipeline exists in current db
2019-07-30 23:29:08,716 WARN  server.ServerUtils (ServerUtils.java:getScmDbDir(145)) - ozone.scm.db.dirs is not configured. We recommend adding this setting. Falling back to ozone.metadata.dirs instead.
2019-07-30 23:29:08,740 WARN  events.EventQueue (EventQueue.java:fireEvent(175)) - No event handler registered for event TypedEvent{payloadType=SafeModeStatus, name='SafeModeStatus'}
2019-07-30 23:29:08,741 INFO  ipc.CallQueueManager (CallQueueManager.java:<init>(84)) - Using callQueue: class java.util.concurrent.LinkedBlockingQueue, queueCapacity: 2000, scheduler: class org.apache.hadoop.ipc.DefaultRpcScheduler, ipcBackoff: false.
2019-07-30 23:29:08,743 INFO  ipc.Server (Server.java:run(1074)) - Starting Socket Reader #1 for port 37024
2019-07-30 23:29:08,745 INFO  ipc.CallQueueManager (CallQueueManager.java:<init>(84)) - Using callQueue: class java.util.concurrent.LinkedBlockingQueue, queueCapacity: 2000, scheduler: class org.apache.hadoop.ipc.DefaultRpcScheduler, ipcBackoff: false.
2019-07-30 23:29:08,746 INFO  ipc.Server (Server.java:run(1074)) - Starting Socket Reader #1 for port 44860
2019-07-30 23:29:08,747 INFO  ipc.CallQueueManager (CallQueueManager.java:<init>(84)) - Using callQueue: class java.util.concurrent.LinkedBlockingQueue, queueCapacity: 2000, scheduler: class org.apache.hadoop.ipc.DefaultRpcScheduler, ipcBackoff: false.
2019-07-30 23:29:08,748 INFO  ipc.Server (Server.java:run(1074)) - Starting Socket Reader #1 for port 41346
2019-07-30 23:29:08,751 INFO  hdfs.DFSUtil (DFSUtil.java:httpServerTemplateForNNAndJN(1641)) - Starting Web-server for scm at: http://0.0.0.0:0
2019-07-30 23:29:08,754 INFO  server.AuthenticationFilter (AuthenticationFilter.java:constructSecretProvider(240)) - Unable to initialize FileSignerSecretProvider, falling back to use random secrets.
2019-07-30 23:29:08,755 WARN  http.HttpRequestLog (HttpRequestLog.java:getRequestLog(97)) - Jetty request log can only be enabled using Log4j
2019-07-30 23:29:08,758 INFO  http.HttpServer2 (HttpServer2.java:addGlobalFilter(975)) - Added global filter 'safety' (class=org.apache.hadoop.http.HttpServer2$QuotingInputFilter)
2019-07-30 23:29:08,759 INFO  http.HttpServer2 (HttpServer2.java:addFilter(948)) - Added filter static_user_filter (class=org.apache.hadoop.http.lib.StaticUserWebFilter$StaticUserFilter) to context scm
2019-07-30 23:29:08,759 INFO  http.HttpServer2 (HttpServer2.java:addFilter(958)) - Added filter static_user_filter (class=org.apache.hadoop.http.lib.StaticUserWebFilter$StaticUserFilter) to context static
2019-07-30 23:29:08,759 INFO  http.HttpServer2 (HttpServer2.java:addFilter(958)) - Added filter static_user_filter (class=org.apache.hadoop.http.lib.StaticUserWebFilter$StaticUserFilter) to context logs
2019-07-30 23:29:08,763 INFO  server.StorageContainerManager (StorageContainerManager.java:start(758)) - StorageContainerLocationProtocol RPC server is listening at /0.0.0.0:41346
2019-07-30 23:29:08,765 WARN  impl.MetricsConfig (MetricsConfig.java:loadFirst(134)) - Cannot locate configuration: tried hadoop-metrics2-storagecontainermanager.properties,hadoop-metrics2.properties
2019-07-30 23:29:08,767 INFO  impl.MetricsSystemImpl (MetricsSystemImpl.java:startTimer(374)) - Scheduled Metric snapshot period at 10 second(s).
2019-07-30 23:29:08,767 INFO  impl.MetricsSystemImpl (MetricsSystemImpl.java:start(191)) - StorageContainerManager metrics system started
2019-07-30 23:29:08,829 INFO  server.SCMClientProtocolServer (SCMClientProtocolServer.java:start(151)) - RPC server for Client  is listening at /0.0.0.0:41346
2019-07-30 23:29:08,830 INFO  ipc.Server (Server.java:run(1314)) - IPC Server Responder: starting
2019-07-30 23:29:08,830 INFO  ipc.Server (Server.java:run(1153)) - IPC Server listener on 41346: starting
2019-07-30 23:29:08,834 INFO  server.StorageContainerManager (StorageContainerManager.java:start(768)) - ScmBlockLocationProtocol RPC server is listening at /0.0.0.0:44860
2019-07-30 23:29:08,834 INFO  server.SCMBlockProtocolServer (SCMBlockProtocolServer.java:start(140)) - RPC server for Block Protocol is listening at /0.0.0.0:44860
2019-07-30 23:29:08,835 INFO  ipc.Server (Server.java:run(1314)) - IPC Server Responder: starting
2019-07-30 23:29:08,835 INFO  ipc.Server (Server.java:run(1153)) - IPC Server listener on 44860: starting
2019-07-30 23:29:08,839 INFO  server.StorageContainerManager (StorageContainerManager.java:start(772)) - ScmDatanodeProtocl RPC server is listening at /0.0.0.0:37024
2019-07-30 23:29:08,839 INFO  server.SCMDatanodeProtocolServer (SCMDatanodeProtocolServer.java:start(191)) - RPC server for DataNodes is listening at /0.0.0.0:37024
2019-07-30 23:29:08,839 INFO  ipc.Server (Server.java:run(1314)) - IPC Server Responder: starting
2019-07-30 23:29:08,839 INFO  ipc.Server (Server.java:run(1153)) - IPC Server listener on 37024: starting
2019-07-30 23:29:08,844 INFO  http.HttpServer2 (HttpServer2.java:bindListener(1191)) - Jetty bound to port 40506
2019-07-30 23:29:08,844 INFO  server.Server (Server.java:doStart(351)) - jetty-9.3.24.v20180605, build timestamp: 2018-06-05T17:11:56Z, git hash: 84205aa28f11a4f31f2a3b86d1bba2cc8ab69827
2019-07-30 23:29:08,846 INFO  handler.ContextHandler (ContextHandler.java:doStart(781)) - Started o.e.j.s.ServletContextHandler@54be6213{/logs,file:///workdir/hadoop-ozone/integration-test/target/log,AVAILABLE}
2019-07-30 23:29:08,847 INFO  handler.ContextHandler (ContextHandler.java:doStart(781)) - Started o.e.j.s.ServletContextHandler@1426370c{/static,file:///workdir/hadoop-ozone/integration-test/target/test-classes/webapps/static,AVAILABLE}
2019-07-30 23:29:08,852 INFO  handler.ContextHandler (ContextHandler.java:doStart(781)) - Started o.e.j.w.WebAppContext@7e2bc2f4{/,file:///workdir/hadoop-ozone/integration-test/target/test-classes/webapps/scm/,AVAILABLE}{/scm}
2019-07-30 23:29:08,853 INFO  server.AbstractConnector (AbstractConnector.java:doStart(278)) - Started ServerConnector@67eeb310{HTTP/1.1,[http/1.1]}{0.0.0.0:40506}
2019-07-30 23:29:08,854 INFO  server.Server (Server.java:doStart(419)) - Started @42861ms
2019-07-30 23:29:08,856 INFO  server.BaseHttpServer (BaseHttpServer.java:updateConnectorAddress(207)) - HTTP server of SCM is listening at http://0.0.0.0:40506
2019-07-30 23:29:08,856 WARN  server.ServerUtils (ServerUtils.java:getDBPath(222)) - ozone.om.db.dirs is not configured. We recommend adding this setting. Falling back to ozone.metadata.dirs instead.
2019-07-30 23:29:08,856 INFO  util.JvmPauseMonitor (JvmPauseMonitor.java:run(188)) - Starting JVM pause monitor
2019-07-30 23:29:08,861 WARN  server.ServerUtils (ServerUtils.java:getDBPath(222)) - ozone.om.db.dirs is not configured. We recommend adding this setting. Falling back to ozone.metadata.dirs instead.
2019-07-30 23:29:08,861 WARN  server.ServerUtils (ServerUtils.java:getDBPath(222)) - ozone.om.db.dirs is not configured. We recommend adding this setting. Falling back to ozone.metadata.dirs instead.
2019-07-30 23:29:08,862 INFO  om.OzoneManager (OzoneManager.java:setOMNodeDetails(644)) - OM Service ID is not set. Setting it to the default ID: omServiceIdDefault
2019-07-30 23:29:08,862 INFO  om.OzoneManager (OzoneManager.java:setOMNodeDetails(650)) - OM Node ID is not set. Setting it to the OmStorage's OmID: ac367bc7-24a3-41bd-8639-1650effc375b
2019-07-30 23:29:08,862 INFO  om.OzoneManager (OzoneManager.java:loadOMHAConfigs(601)) - Found matching OM address with OMServiceId: null, OMNodeId: null, RPC Address: localhost:0 and Ratis port: 9872
2019-07-30 23:29:08,870 WARN  server.ServerUtils (ServerUtils.java:getDBPath(222)) - ozone.om.db.dirs is not configured. We recommend adding this setting. Falling back to ozone.metadata.dirs instead.
2019-07-30 23:29:08,870 INFO  db.DBStoreBuilder (DBStoreBuilder.java:addTable(110)) - using custom profile for table: userTable
2019-07-30 23:29:08,870 INFO  db.DBStoreBuilder (DBStoreBuilder.java:processTables(161)) - Using default column profile:DBProfile.DISK for Table:userTable
2019-07-30 23:29:08,871 INFO  db.DBStoreBuilder (DBStoreBuilder.java:addTable(110)) - using custom profile for table: volumeTable
2019-07-30 23:29:08,871 INFO  db.DBStoreBuilder (DBStoreBuilder.java:processTables(161)) - Using default column profile:DBProfile.DISK for Table:volumeTable
2019-07-30 23:29:08,871 INFO  db.DBStoreBuilder (DBStoreBuilder.java:addTable(110)) - using custom profile for table: bucketTable
2019-07-30 23:29:08,871 INFO  db.DBStoreBuilder (DBStoreBuilder.java:processTables(161)) - Using default column profile:DBProfile.DISK for Table:bucketTable
2019-07-30 23:29:08,871 INFO  db.DBStoreBuilder (DBStoreBuilder.java:addTable(110)) - using custom profile for table: keyTable
2019-07-30 23:29:08,872 INFO  db.DBStoreBuilder (DBStoreBuilder.java:processTables(161)) - Using default column profile:DBProfile.DISK for Table:keyTable
2019-07-30 23:29:08,872 INFO  db.DBStoreBuilder (DBStoreBuilder.java:addTable(110)) - using custom profile for table: deletedTable
2019-07-30 23:29:08,872 INFO  db.DBStoreBuilder (DBStoreBuilder.java:processTables(161)) - Using default column profile:DBProfile.DISK for Table:deletedTable
2019-07-30 23:29:08,872 INFO  db.DBStoreBuilder (DBStoreBuilder.java:addTable(110)) - using custom profile for table: openKeyTable
2019-07-30 23:29:08,872 INFO  db.DBStoreBuilder (DBStoreBuilder.java:processTables(161)) - Using default column profile:DBProfile.DISK for Table:openKeyTable
2019-07-30 23:29:08,873 INFO  db.DBStoreBuilder (DBStoreBuilder.java:addTable(110)) - using custom profile for table: s3Table
2019-07-30 23:29:08,873 INFO  db.DBStoreBuilder (DBStoreBuilder.java:processTables(161)) - Using default column profile:DBProfile.DISK for Table:s3Table
2019-07-30 23:29:08,873 INFO  db.DBStoreBuilder (DBStoreBuilder.java:addTable(110)) - using custom profile for table: multipartInfoTable
2019-07-30 23:29:08,873 INFO  db.DBStoreBuilder (DBStoreBuilder.java:processTables(161)) - Using default column profile:DBProfile.DISK for Table:multipartInfoTable
2019-07-30 23:29:08,874 INFO  db.DBStoreBuilder (DBStoreBuilder.java:addTable(110)) - using custom profile for table: dTokenTable
2019-07-30 23:29:08,874 INFO  db.DBStoreBuilder (DBStoreBuilder.java:processTables(161)) - Using default column profile:DBProfile.DISK for Table:dTokenTable
2019-07-30 23:29:08,874 INFO  db.DBStoreBuilder (DBStoreBuilder.java:addTable(110)) - using custom profile for table: s3SecretTable
2019-07-30 23:29:08,874 INFO  db.DBStoreBuilder (DBStoreBuilder.java:processTables(161)) - Using default column profile:DBProfile.DISK for Table:s3SecretTable
2019-07-30 23:29:08,874 INFO  db.DBStoreBuilder (DBStoreBuilder.java:addTable(110)) - using custom profile for table: prefixTable
2019-07-30 23:29:08,875 INFO  db.DBStoreBuilder (DBStoreBuilder.java:processTables(161)) - Using default column profile:DBProfile.DISK for Table:prefixTable
2019-07-30 23:29:08,875 INFO  db.DBStoreBuilder (DBStoreBuilder.java:addTable(110)) - using custom profile for table: default
2019-07-30 23:29:08,875 INFO  db.DBStoreBuilder (DBStoreBuilder.java:processTables(167)) - Using default column profile:DBProfile.DISK for Table:default
2019-07-30 23:29:08,875 INFO  db.DBStoreBuilder (DBStoreBuilder.java:getDbProfile(198)) - Using default options. DBProfile.DISK
2019-07-30 23:29:09,099 INFO  ipc.CallQueueManager (CallQueueManager.java:<init>(84)) - Using callQueue: class java.util.concurrent.LinkedBlockingQueue, queueCapacity: 2000, scheduler: class org.apache.hadoop.ipc.DefaultRpcScheduler, ipcBackoff: false.
2019-07-30 23:29:09,100 INFO  ipc.Server (Server.java:run(1074)) - Starting Socket Reader #1 for port 36330
2019-07-30 23:29:09,116 INFO  om.OzoneManager (OzoneManager.java:start(1255)) - OzoneManager RPC server is listening at localhost/127.0.0.1:36330
2019-07-30 23:29:09,116 INFO  impl.MetricsSystemImpl (MetricsSystemImpl.java:init(158)) - OzoneManager metrics system started (again)
2019-07-30 23:29:09,117 INFO  ipc.Server (Server.java:run(1314)) - IPC Server Responder: starting
2019-07-30 23:29:09,118 INFO  ipc.Server (Server.java:run(1153)) - IPC Server listener on 36330: starting
2019-07-30 23:29:09,123 INFO  hdfs.DFSUtil (DFSUtil.java:httpServerTemplateForNNAndJN(1641)) - Starting Web-server for ozoneManager at: http://0.0.0.0:0
2019-07-30 23:29:09,124 INFO  server.AuthenticationFilter (AuthenticationFilter.java:constructSecretProvider(240)) - Unable to initialize FileSignerSecretProvider, falling back to use random secrets.
2019-07-30 23:29:09,124 WARN  http.HttpRequestLog (HttpRequestLog.java:getRequestLog(97)) - Jetty request log can only be enabled using Log4j
2019-07-30 23:29:09,126 INFO  http.HttpServer2 (HttpServer2.java:addGlobalFilter(975)) - Added global filter 'safety' (class=org.apache.hadoop.http.HttpServer2$QuotingInputFilter)
2019-07-30 23:29:09,127 INFO  http.HttpServer2 (HttpServer2.java:addFilter(948)) - Added filter static_user_filter (class=org.apache.hadoop.http.lib.StaticUserWebFilter$StaticUserFilter) to context ozoneManager
2019-07-30 23:29:09,128 INFO  http.HttpServer2 (HttpServer2.java:addFilter(958)) - Added filter static_user_filter (class=org.apache.hadoop.http.lib.StaticUserWebFilter$StaticUserFilter) to context logs
2019-07-30 23:29:09,128 INFO  http.HttpServer2 (HttpServer2.java:addFilter(958)) - Added filter static_user_filter (class=org.apache.hadoop.http.lib.StaticUserWebFilter$StaticUserFilter) to context static
2019-07-30 23:29:09,128 INFO  http.HttpServer2 (HttpServer2.java:bindListener(1191)) - Jetty bound to port 37623
2019-07-30 23:29:09,129 INFO  server.Server (Server.java:doStart(351)) - jetty-9.3.24.v20180605, build timestamp: 2018-06-05T17:11:56Z, git hash: 84205aa28f11a4f31f2a3b86d1bba2cc8ab69827
2019-07-30 23:29:09,130 INFO  handler.ContextHandler (ContextHandler.java:doStart(781)) - Started o.e.j.s.ServletContextHandler@1a536164{/logs,file:///workdir/hadoop-ozone/integration-test/target/log,AVAILABLE}
2019-07-30 23:29:09,131 INFO  handler.ContextHandler (ContextHandler.java:doStart(781)) - Started o.e.j.s.ServletContextHandler@368424db{/static,file:///workdir/hadoop-ozone/integration-test/target/test-classes/webapps/static,AVAILABLE}
2019-07-30 23:29:09,135 INFO  handler.ContextHandler (ContextHandler.java:doStart(781)) - Started o.e.j.w.WebAppContext@77c23d90{/,file:///workdir/hadoop-ozone/integration-test/target/test-classes/webapps/ozoneManager/,AVAILABLE}{/ozoneManager}
2019-07-30 23:29:09,135 INFO  server.AbstractConnector (AbstractConnector.java:doStart(278)) - Started ServerConnector@6d17914a{HTTP/1.1,[http/1.1]}{0.0.0.0:37623}
2019-07-30 23:29:09,136 INFO  server.Server (Server.java:doStart(419)) - Started @43143ms
2019-07-30 23:29:09,137 INFO  server.BaseHttpServer (BaseHttpServer.java:updateConnectorAddress(207)) - HTTP server of OZONEMANAGER is listening at http://0.0.0.0:37623
2019-07-30 23:29:09,154 INFO  impl.MetricsSystemImpl (MetricsSystemImpl.java:init(158)) - HddsDatanode metrics system started (again)
2019-07-30 23:29:09,156 INFO  ozone.HddsDatanodeService (HddsDatanodeService.java:start(184)) - HddsDatanodeService host:byscane-nightly-g5r4k-612667210 ip:192.168.5.171
2019-07-30 23:29:09,163 INFO  volume.HddsVolume (HddsVolume.java:<init>(176)) - Creating Volume: /workdir/hadoop-ozone/integration-test/target/test-dir/MiniOzoneClusterImpl-04e0b60f-856d-418d-a8ab-4510f743737b/datanode-0/data/containers/hdds of  storage type : DISK and capacity : 52710309888
2019-07-30 23:29:09,163 INFO  volume.VolumeSet (VolumeSet.java:initializeVolumeSet(170)) - Added Volume : /workdir/hadoop-ozone/integration-test/target/test-dir/MiniOzoneClusterImpl-04e0b60f-856d-418d-a8ab-4510f743737b/datanode-0/data/containers/hdds to VolumeSet
2019-07-30 23:29:09,163 INFO  volume.ThrottledAsyncChecker (ThrottledAsyncChecker.java:schedule(140)) - Scheduling a check for org.apache.hadoop.ozone.container.common.volume.HddsVolume@acb5508
2019-07-30 23:29:09,164 INFO  volume.HddsVolumeChecker (HddsVolumeChecker.java:checkAllVolumes(203)) - Scheduled health check for volume org.apache.hadoop.ozone.container.common.volume.HddsVolume@acb5508
2019-07-30 23:29:09,178 INFO  impl.RaftServerProxy (ConfUtils.java:logGet(43)) - raft.rpc.type = GRPC (default)
2019-07-30 23:29:09,178 INFO  grpc.GrpcFactory (GrpcFactory.java:checkPooledByteBufAllocatorUseCacheForAllThreads(45)) - PERFORMANCE WARNING: useCacheForAllThreads is true that may cause Netty to create a lot garbage objects and, as a result, trigger GC.
	It is recommended to disable useCacheForAllThreads by setting -Dorg.apache.ratis.thirdparty.io.netty.allocator.useCacheForAllThreads=false in command line.
2019-07-30 23:29:09,178 INFO  grpc.GrpcConfigKeys$Server (ConfUtils.java:logGet(43)) - raft.grpc.server.port = 0 (default)
2019-07-30 23:29:09,179 INFO  server.GrpcService (ConfUtils.java:logGet(43)) - raft.grpc.message.size.max = 33570816 (custom)
2019-07-30 23:29:09,179 INFO  server.RaftServerConfigKeys (ConfUtils.java:logGet(43)) - raft.server.log.appender.buffer.byte-limit = 33554432 (custom)
2019-07-30 23:29:09,179 INFO  server.GrpcService (ConfUtils.java:logGet(43)) - raft.grpc.flow.control.window = 1MB (=1048576) (default)
2019-07-30 23:29:09,179 INFO  server.RaftServerConfigKeys (ConfUtils.java:logGet(43)) - raft.server.rpc.request.timeout = 3000ms (default)
2019-07-30 23:29:09,180 INFO  server.RaftServerConfigKeys (ConfUtils.java:logGet(43)) - raft.server.storage.dir = [/workdir/hadoop-ozone/integration-test/target/test-dir/MiniOzoneClusterImpl-04e0b60f-856d-418d-a8ab-4510f743737b/datanode-0/data/ratis] (custom)
2019-07-30 23:29:09,180 INFO  replication.SimpleContainerDownloader (SimpleContainerDownloader.java:<init>(72)) - Starting container downloader service to copy containers to replicate.
2019-07-30 23:29:09,181 INFO  hdfs.DFSUtil (DFSUtil.java:httpServerTemplateForNNAndJN(1641)) - Starting Web-server for hddsDatanode at: http://0.0.0.0:0
2019-07-30 23:29:09,182 INFO  server.AuthenticationFilter (AuthenticationFilter.java:constructSecretProvider(240)) - Unable to initialize FileSignerSecretProvider, falling back to use random secrets.
2019-07-30 23:29:09,183 WARN  http.HttpRequestLog (HttpRequestLog.java:getRequestLog(97)) - Jetty request log can only be enabled using Log4j
2019-07-30 23:29:09,184 INFO  http.HttpServer2 (HttpServer2.java:addGlobalFilter(975)) - Added global filter 'safety' (class=org.apache.hadoop.http.HttpServer2$QuotingInputFilter)
2019-07-30 23:29:09,185 INFO  http.HttpServer2 (HttpServer2.java:addFilter(948)) - Added filter static_user_filter (class=org.apache.hadoop.http.lib.StaticUserWebFilter$StaticUserFilter) to context hddsDatanode
2019-07-30 23:29:09,185 INFO  http.HttpServer2 (HttpServer2.java:addFilter(958)) - Added filter static_user_filter (class=org.apache.hadoop.http.lib.StaticUserWebFilter$StaticUserFilter) to context logs
2019-07-30 23:29:09,185 INFO  http.HttpServer2 (HttpServer2.java:addFilter(958)) - Added filter static_user_filter (class=org.apache.hadoop.http.lib.StaticUserWebFilter$StaticUserFilter) to context static
2019-07-30 23:29:09,185 INFO  http.HttpServer2 (HttpServer2.java:bindListener(1191)) - Jetty bound to port 33862
2019-07-30 23:29:09,186 INFO  server.Server (Server.java:doStart(351)) - jetty-9.3.24.v20180605, build timestamp: 2018-06-05T17:11:56Z, git hash: 84205aa28f11a4f31f2a3b86d1bba2cc8ab69827
2019-07-30 23:29:09,187 INFO  handler.ContextHandler (ContextHandler.java:doStart(781)) - Started o.e.j.s.ServletContextHandler@7c3c453b{/logs,file:///workdir/hadoop-ozone/integration-test/target/log,AVAILABLE}
2019-07-30 23:29:09,188 INFO  handler.ContextHandler (ContextHandler.java:doStart(781)) - Started o.e.j.s.ServletContextHandler@15ac02d5{/static,jar:file:/home/user/.m2/repository/org/apache/hadoop/hadoop-hdds-container-service/0.4.1-SNAPSHOT/hadoop-hdds-container-service-0.4.1-SNAPSHOT.jar!/webapps/static,AVAILABLE}
2019-07-30 23:29:09,215 INFO  handler.ContextHandler (ContextHandler.java:doStart(781)) - Started o.e.j.w.WebAppContext@2969a9a6{/,file:///tmp/jetty-0.0.0.0-33862-hddsDatanode-_-any-3789760016618824036.dir/webapp/,AVAILABLE}{/hddsDatanode}
2019-07-30 23:29:09,215 INFO  server.AbstractConnector (AbstractConnector.java:doStart(278)) - Started ServerConnector@25470477{HTTP/1.1,[http/1.1]}{0.0.0.0:33862}
2019-07-30 23:29:09,216 INFO  server.Server (Server.java:doStart(419)) - Started @43224ms
2019-07-30 23:29:09,217 INFO  server.BaseHttpServer (BaseHttpServer.java:updateConnectorAddress(207)) - HTTP server of HDDSDATANODE is listening at http://0.0.0.0:33862
2019-07-30 23:29:09,349 INFO  ozone.HddsDatanodeService (HddsDatanodeService.java:startPlugins(395)) - Started plug-in org.apache.hadoop.ozone.web.OzoneHddsDatanodeService@2dc21583
2019-07-30 23:29:09,350 INFO  impl.MetricsSystemImpl (MetricsSystemImpl.java:init(158)) - HddsDatanode metrics system started (again)
2019-07-30 23:29:09,354 INFO  ozone.HddsDatanodeService (HddsDatanodeService.java:start(184)) - HddsDatanodeService host:byscane-nightly-g5r4k-612667210 ip:192.168.5.171
2019-07-30 23:29:09,355 INFO  util.JvmPauseMonitor (JvmPauseMonitor.java:run(188)) - Starting JVM pause monitor
2019-07-30 23:29:09,358 INFO  datanode.InitDatanodeState (InitDatanodeState.java:persistContainerDatanodeDetails(140)) - DatanodeDetails is persisted to /workdir/hadoop-ozone/integration-test/target/test-dir/MiniOzoneClusterImpl-04e0b60f-856d-418d-a8ab-4510f743737b/datanode-0/meta/datanode.id
2019-07-30 23:29:09,363 INFO  volume.HddsVolume (HddsVolume.java:<init>(176)) - Creating Volume: /workdir/hadoop-ozone/integration-test/target/test-dir/MiniOzoneClusterImpl-04e0b60f-856d-418d-a8ab-4510f743737b/datanode-1/data/containers/hdds of  storage type : DISK and capacity : 52710309888
2019-07-30 23:29:09,363 INFO  volume.VolumeSet (VolumeSet.java:initializeVolumeSet(170)) - Added Volume : /workdir/hadoop-ozone/integration-test/target/test-dir/MiniOzoneClusterImpl-04e0b60f-856d-418d-a8ab-4510f743737b/datanode-1/data/containers/hdds to VolumeSet
2019-07-30 23:29:09,364 INFO  volume.ThrottledAsyncChecker (ThrottledAsyncChecker.java:schedule(140)) - Scheduling a check for org.apache.hadoop.ozone.container.common.volume.HddsVolume@1aac0a47
2019-07-30 23:29:09,364 INFO  volume.HddsVolumeChecker (HddsVolumeChecker.java:checkAllVolumes(203)) - Scheduled health check for volume org.apache.hadoop.ozone.container.common.volume.HddsVolume@1aac0a47
2019-07-30 23:29:09,384 INFO  impl.RaftServerProxy (ConfUtils.java:logGet(43)) - raft.rpc.type = GRPC (default)
2019-07-30 23:29:09,384 INFO  grpc.GrpcFactory (GrpcFactory.java:checkPooledByteBufAllocatorUseCacheForAllThreads(45)) - PERFORMANCE WARNING: useCacheForAllThreads is true that may cause Netty to create a lot garbage objects and, as a result, trigger GC.
	It is recommended to disable useCacheForAllThreads by setting -Dorg.apache.ratis.thirdparty.io.netty.allocator.useCacheForAllThreads=false in command line.
2019-07-30 23:29:09,384 INFO  grpc.GrpcConfigKeys$Server (ConfUtils.java:logGet(43)) - raft.grpc.server.port = 0 (default)
2019-07-30 23:29:09,385 INFO  server.GrpcService (ConfUtils.java:logGet(43)) - raft.grpc.message.size.max = 33570816 (custom)
2019-07-30 23:29:09,385 INFO  server.RaftServerConfigKeys (ConfUtils.java:logGet(43)) - raft.server.log.appender.buffer.byte-limit = 33554432 (custom)
2019-07-30 23:29:09,385 INFO  server.GrpcService (ConfUtils.java:logGet(43)) - raft.grpc.flow.control.window = 1MB (=1048576) (default)
2019-07-30 23:29:09,385 INFO  server.RaftServerConfigKeys (ConfUtils.java:logGet(43)) - raft.server.rpc.request.timeout = 3000ms (default)
2019-07-30 23:29:09,386 INFO  server.RaftServerConfigKeys (ConfUtils.java:logGet(43)) - raft.server.storage.dir = [/workdir/hadoop-ozone/integration-test/target/test-dir/MiniOzoneClusterImpl-04e0b60f-856d-418d-a8ab-4510f743737b/datanode-1/data/ratis] (custom)
2019-07-30 23:29:09,387 INFO  replication.SimpleContainerDownloader (SimpleContainerDownloader.java:<init>(72)) - Starting container downloader service to copy containers to replicate.
2019-07-30 23:29:09,388 INFO  hdfs.DFSUtil (DFSUtil.java:httpServerTemplateForNNAndJN(1641)) - Starting Web-server for hddsDatanode at: http://0.0.0.0:0
2019-07-30 23:29:09,390 INFO  server.AuthenticationFilter (AuthenticationFilter.java:constructSecretProvider(240)) - Unable to initialize FileSignerSecretProvider, falling back to use random secrets.
2019-07-30 23:29:09,390 WARN  http.HttpRequestLog (HttpRequestLog.java:getRequestLog(97)) - Jetty request log can only be enabled using Log4j
2019-07-30 23:29:09,392 INFO  http.HttpServer2 (HttpServer2.java:addGlobalFilter(975)) - Added global filter 'safety' (class=org.apache.hadoop.http.HttpServer2$QuotingInputFilter)
2019-07-30 23:29:09,393 INFO  http.HttpServer2 (HttpServer2.java:addFilter(948)) - Added filter static_user_filter (class=org.apache.hadoop.http.lib.StaticUserWebFilter$StaticUserFilter) to context hddsDatanode
2019-07-30 23:29:09,393 INFO  http.HttpServer2 (HttpServer2.java:addFilter(958)) - Added filter static_user_filter (class=org.apache.hadoop.http.lib.StaticUserWebFilter$StaticUserFilter) to context static
2019-07-30 23:29:09,393 INFO  http.HttpServer2 (HttpServer2.java:addFilter(958)) - Added filter static_user_filter (class=org.apache.hadoop.http.lib.StaticUserWebFilter$StaticUserFilter) to context logs
2019-07-30 23:29:09,394 INFO  http.HttpServer2 (HttpServer2.java:bindListener(1191)) - Jetty bound to port 32915
2019-07-30 23:29:09,394 INFO  server.Server (Server.java:doStart(351)) - jetty-9.3.24.v20180605, build timestamp: 2018-06-05T17:11:56Z, git hash: 84205aa28f11a4f31f2a3b86d1bba2cc8ab69827
2019-07-30 23:29:09,397 INFO  handler.ContextHandler (ContextHandler.java:doStart(781)) - Started o.e.j.s.ServletContextHandler@40cf6254{/logs,file:///workdir/hadoop-ozone/integration-test/target/log,AVAILABLE}
2019-07-30 23:29:09,397 INFO  handler.ContextHandler (ContextHandler.java:doStart(781)) - Started o.e.j.s.ServletContextHandler@2c77344f{/static,jar:file:/home/user/.m2/repository/org/apache/hadoop/hadoop-hdds-container-service/0.4.1-SNAPSHOT/hadoop-hdds-container-service-0.4.1-SNAPSHOT.jar!/webapps/static,AVAILABLE}
2019-07-30 23:29:09,435 INFO  handler.ContextHandler (ContextHandler.java:doStart(781)) - Started o.e.j.w.WebAppContext@7198ab9a{/,file:///tmp/jetty-0.0.0.0-32915-hddsDatanode-_-any-5049201469841089603.dir/webapp/,AVAILABLE}{/hddsDatanode}
2019-07-30 23:29:09,436 INFO  server.AbstractConnector (AbstractConnector.java:doStart(278)) - Started ServerConnector@67d5ac2f{HTTP/1.1,[http/1.1]}{0.0.0.0:32915}
2019-07-30 23:29:09,437 INFO  server.Server (Server.java:doStart(419)) - Started @43445ms
2019-07-30 23:29:09,438 INFO  server.BaseHttpServer (BaseHttpServer.java:updateConnectorAddress(207)) - HTTP server of HDDSDATANODE is listening at http://0.0.0.0:32915
2019-07-30 23:29:09,587 INFO  ozone.HddsDatanodeService (HddsDatanodeService.java:startPlugins(395)) - Started plug-in org.apache.hadoop.ozone.web.OzoneHddsDatanodeService@56f9de3b
2019-07-30 23:29:09,587 INFO  impl.MetricsSystemImpl (MetricsSystemImpl.java:init(158)) - HddsDatanode metrics system started (again)
2019-07-30 23:29:09,591 INFO  util.JvmPauseMonitor (JvmPauseMonitor.java:run(188)) - Starting JVM pause monitor
2019-07-30 23:29:09,591 INFO  ozone.HddsDatanodeService (HddsDatanodeService.java:start(184)) - HddsDatanodeService host:byscane-nightly-g5r4k-612667210 ip:192.168.5.171
2019-07-30 23:29:09,593 INFO  datanode.InitDatanodeState (InitDatanodeState.java:persistContainerDatanodeDetails(140)) - DatanodeDetails is persisted to /workdir/hadoop-ozone/integration-test/target/test-dir/MiniOzoneClusterImpl-04e0b60f-856d-418d-a8ab-4510f743737b/datanode-1/meta/datanode.id
2019-07-30 23:29:09,599 INFO  volume.HddsVolume (HddsVolume.java:<init>(176)) - Creating Volume: /workdir/hadoop-ozone/integration-test/target/test-dir/MiniOzoneClusterImpl-04e0b60f-856d-418d-a8ab-4510f743737b/datanode-2/data/containers/hdds of  storage type : DISK and capacity : 52710309888
2019-07-30 23:29:09,599 INFO  volume.VolumeSet (VolumeSet.java:initializeVolumeSet(170)) - Added Volume : /workdir/hadoop-ozone/integration-test/target/test-dir/MiniOzoneClusterImpl-04e0b60f-856d-418d-a8ab-4510f743737b/datanode-2/data/containers/hdds to VolumeSet
2019-07-30 23:29:09,600 INFO  volume.ThrottledAsyncChecker (ThrottledAsyncChecker.java:schedule(140)) - Scheduling a check for org.apache.hadoop.ozone.container.common.volume.HddsVolume@3f3c5ecd
2019-07-30 23:29:09,600 INFO  volume.HddsVolumeChecker (HddsVolumeChecker.java:checkAllVolumes(203)) - Scheduled health check for volume org.apache.hadoop.ozone.container.common.volume.HddsVolume@3f3c5ecd
2019-07-30 23:29:09,613 INFO  impl.RaftServerProxy (ConfUtils.java:logGet(43)) - raft.rpc.type = GRPC (default)
2019-07-30 23:29:09,614 INFO  grpc.GrpcFactory (GrpcFactory.java:checkPooledByteBufAllocatorUseCacheForAllThreads(45)) - PERFORMANCE WARNING: useCacheForAllThreads is true that may cause Netty to create a lot garbage objects and, as a result, trigger GC.
	It is recommended to disable useCacheForAllThreads by setting -Dorg.apache.ratis.thirdparty.io.netty.allocator.useCacheForAllThreads=false in command line.
2019-07-30 23:29:09,614 INFO  grpc.GrpcConfigKeys$Server (ConfUtils.java:logGet(43)) - raft.grpc.server.port = 0 (default)
2019-07-30 23:29:09,614 INFO  server.GrpcService (ConfUtils.java:logGet(43)) - raft.grpc.message.size.max = 33570816 (custom)
2019-07-30 23:29:09,614 INFO  server.RaftServerConfigKeys (ConfUtils.java:logGet(43)) - raft.server.log.appender.buffer.byte-limit = 33554432 (custom)
2019-07-30 23:29:09,614 INFO  server.GrpcService (ConfUtils.java:logGet(43)) - raft.grpc.flow.control.window = 1MB (=1048576) (default)
2019-07-30 23:29:09,615 INFO  server.RaftServerConfigKeys (ConfUtils.java:logGet(43)) - raft.server.rpc.request.timeout = 3000ms (default)
2019-07-30 23:29:09,615 INFO  server.RaftServerConfigKeys (ConfUtils.java:logGet(43)) - raft.server.storage.dir = [/workdir/hadoop-ozone/integration-test/target/test-dir/MiniOzoneClusterImpl-04e0b60f-856d-418d-a8ab-4510f743737b/datanode-2/data/ratis] (custom)
2019-07-30 23:29:09,615 INFO  replication.SimpleContainerDownloader (SimpleContainerDownloader.java:<init>(72)) - Starting container downloader service to copy containers to replicate.
2019-07-30 23:29:09,617 INFO  hdfs.DFSUtil (DFSUtil.java:httpServerTemplateForNNAndJN(1641)) - Starting Web-server for hddsDatanode at: http://0.0.0.0:0
2019-07-30 23:29:09,619 INFO  server.AuthenticationFilter (AuthenticationFilter.java:constructSecretProvider(240)) - Unable to initialize FileSignerSecretProvider, falling back to use random secrets.
2019-07-30 23:29:09,620 WARN  http.HttpRequestLog (HttpRequestLog.java:getRequestLog(97)) - Jetty request log can only be enabled using Log4j
2019-07-30 23:29:09,622 INFO  http.HttpServer2 (HttpServer2.java:addGlobalFilter(975)) - Added global filter 'safety' (class=org.apache.hadoop.http.HttpServer2$QuotingInputFilter)
2019-07-30 23:29:09,623 INFO  http.HttpServer2 (HttpServer2.java:addFilter(948)) - Added filter static_user_filter (class=org.apache.hadoop.http.lib.StaticUserWebFilter$StaticUserFilter) to context hddsDatanode
2019-07-30 23:29:09,623 INFO  http.HttpServer2 (HttpServer2.java:addFilter(958)) - Added filter static_user_filter (class=org.apache.hadoop.http.lib.StaticUserWebFilter$StaticUserFilter) to context static
2019-07-30 23:29:09,624 INFO  http.HttpServer2 (HttpServer2.java:addFilter(958)) - Added filter static_user_filter (class=org.apache.hadoop.http.lib.StaticUserWebFilter$StaticUserFilter) to context logs
2019-07-30 23:29:09,625 INFO  http.HttpServer2 (HttpServer2.java:bindListener(1191)) - Jetty bound to port 32994
2019-07-30 23:29:09,625 INFO  server.Server (Server.java:doStart(351)) - jetty-9.3.24.v20180605, build timestamp: 2018-06-05T17:11:56Z, git hash: 84205aa28f11a4f31f2a3b86d1bba2cc8ab69827
2019-07-30 23:29:09,628 INFO  handler.ContextHandler (ContextHandler.java:doStart(781)) - Started o.e.j.s.ServletContextHandler@14590fe2{/logs,file:///workdir/hadoop-ozone/integration-test/target/log,AVAILABLE}
2019-07-30 23:29:09,628 INFO  handler.ContextHandler (ContextHandler.java:doStart(781)) - Started o.e.j.s.ServletContextHandler@2299d903{/static,jar:file:/home/user/.m2/repository/org/apache/hadoop/hadoop-hdds-container-service/0.4.1-SNAPSHOT/hadoop-hdds-container-service-0.4.1-SNAPSHOT.jar!/webapps/static,AVAILABLE}
2019-07-30 23:29:09,668 INFO  handler.ContextHandler (ContextHandler.java:doStart(781)) - Started o.e.j.w.WebAppContext@57b1ec84{/,file:///tmp/jetty-0.0.0.0-32994-hddsDatanode-_-any-3623227013713802873.dir/webapp/,AVAILABLE}{/hddsDatanode}
2019-07-30 23:29:09,669 INFO  server.AbstractConnector (AbstractConnector.java:doStart(278)) - Started ServerConnector@3c27f72{HTTP/1.1,[http/1.1]}{0.0.0.0:32994}
2019-07-30 23:29:09,670 INFO  server.Server (Server.java:doStart(419)) - Started @43677ms
2019-07-30 23:29:09,670 INFO  server.BaseHttpServer (BaseHttpServer.java:updateConnectorAddress(207)) - HTTP server of HDDSDATANODE is listening at http://0.0.0.0:32994
2019-07-30 23:29:09,799 INFO  ozone.HddsDatanodeService (HddsDatanodeService.java:startPlugins(395)) - Started plug-in org.apache.hadoop.ozone.web.OzoneHddsDatanodeService@3d132bb6
2019-07-30 23:29:09,800 INFO  impl.MetricsSystemImpl (MetricsSystemImpl.java:init(158)) - HddsDatanode metrics system started (again)
2019-07-30 23:29:09,804 INFO  util.JvmPauseMonitor (JvmPauseMonitor.java:run(188)) - Starting JVM pause monitor
2019-07-30 23:29:09,804 INFO  ozone.HddsDatanodeService (HddsDatanodeService.java:start(184)) - HddsDatanodeService host:byscane-nightly-g5r4k-612667210 ip:192.168.5.171
2019-07-30 23:29:09,806 INFO  datanode.InitDatanodeState (InitDatanodeState.java:persistContainerDatanodeDetails(140)) - DatanodeDetails is persisted to /workdir/hadoop-ozone/integration-test/target/test-dir/MiniOzoneClusterImpl-04e0b60f-856d-418d-a8ab-4510f743737b/datanode-2/meta/datanode.id
2019-07-30 23:29:09,812 INFO  volume.HddsVolume (HddsVolume.java:<init>(176)) - Creating Volume: /workdir/hadoop-ozone/integration-test/target/test-dir/MiniOzoneClusterImpl-04e0b60f-856d-418d-a8ab-4510f743737b/datanode-3/data/containers/hdds of  storage type : DISK and capacity : 52710309888
2019-07-30 23:29:09,812 INFO  volume.VolumeSet (VolumeSet.java:initializeVolumeSet(170)) - Added Volume : /workdir/hadoop-ozone/integration-test/target/test-dir/MiniOzoneClusterImpl-04e0b60f-856d-418d-a8ab-4510f743737b/datanode-3/data/containers/hdds to VolumeSet
2019-07-30 23:29:09,813 INFO  volume.ThrottledAsyncChecker (ThrottledAsyncChecker.java:schedule(140)) - Scheduling a check for org.apache.hadoop.ozone.container.common.volume.HddsVolume@5b3755f4
2019-07-30 23:29:09,813 INFO  volume.HddsVolumeChecker (HddsVolumeChecker.java:checkAllVolumes(203)) - Scheduled health check for volume org.apache.hadoop.ozone.container.common.volume.HddsVolume@5b3755f4
2019-07-30 23:29:09,826 INFO  impl.RaftServerProxy (ConfUtils.java:logGet(43)) - raft.rpc.type = GRPC (default)
2019-07-30 23:29:09,826 INFO  grpc.GrpcFactory (GrpcFactory.java:checkPooledByteBufAllocatorUseCacheForAllThreads(45)) - PERFORMANCE WARNING: useCacheForAllThreads is true that may cause Netty to create a lot garbage objects and, as a result, trigger GC.
	It is recommended to disable useCacheForAllThreads by setting -Dorg.apache.ratis.thirdparty.io.netty.allocator.useCacheForAllThreads=false in command line.
2019-07-30 23:29:09,827 INFO  grpc.GrpcConfigKeys$Server (ConfUtils.java:logGet(43)) - raft.grpc.server.port = 0 (default)
2019-07-30 23:29:09,827 INFO  server.GrpcService (ConfUtils.java:logGet(43)) - raft.grpc.message.size.max = 33570816 (custom)
2019-07-30 23:29:09,827 INFO  server.RaftServerConfigKeys (ConfUtils.java:logGet(43)) - raft.server.log.appender.buffer.byte-limit = 33554432 (custom)
2019-07-30 23:29:09,827 INFO  server.GrpcService (ConfUtils.java:logGet(43)) - raft.grpc.flow.control.window = 1MB (=1048576) (default)
2019-07-30 23:29:09,827 INFO  server.RaftServerConfigKeys (ConfUtils.java:logGet(43)) - raft.server.rpc.request.timeout = 3000ms (default)
2019-07-30 23:29:09,828 INFO  server.RaftServerConfigKeys (ConfUtils.java:logGet(43)) - raft.server.storage.dir = [/workdir/hadoop-ozone/integration-test/target/test-dir/MiniOzoneClusterImpl-04e0b60f-856d-418d-a8ab-4510f743737b/datanode-3/data/ratis] (custom)
2019-07-30 23:29:09,828 INFO  replication.SimpleContainerDownloader (SimpleContainerDownloader.java:<init>(72)) - Starting container downloader service to copy containers to replicate.
2019-07-30 23:29:09,829 INFO  hdfs.DFSUtil (DFSUtil.java:httpServerTemplateForNNAndJN(1641)) - Starting Web-server for hddsDatanode at: http://0.0.0.0:0
2019-07-30 23:29:09,831 INFO  server.AuthenticationFilter (AuthenticationFilter.java:constructSecretProvider(240)) - Unable to initialize FileSignerSecretProvider, falling back to use random secrets.
2019-07-30 23:29:09,831 WARN  http.HttpRequestLog (HttpRequestLog.java:getRequestLog(97)) - Jetty request log can only be enabled using Log4j
2019-07-30 23:29:09,832 INFO  http.HttpServer2 (HttpServer2.java:addGlobalFilter(975)) - Added global filter 'safety' (class=org.apache.hadoop.http.HttpServer2$QuotingInputFilter)
2019-07-30 23:29:09,833 INFO  http.HttpServer2 (HttpServer2.java:addFilter(948)) - Added filter static_user_filter (class=org.apache.hadoop.http.lib.StaticUserWebFilter$StaticUserFilter) to context hddsDatanode
2019-07-30 23:29:09,833 INFO  http.HttpServer2 (HttpServer2.java:addFilter(958)) - Added filter static_user_filter (class=org.apache.hadoop.http.lib.StaticUserWebFilter$StaticUserFilter) to context logs
2019-07-30 23:29:09,833 INFO  http.HttpServer2 (HttpServer2.java:addFilter(958)) - Added filter static_user_filter (class=org.apache.hadoop.http.lib.StaticUserWebFilter$StaticUserFilter) to context static
2019-07-30 23:29:09,834 INFO  http.HttpServer2 (HttpServer2.java:bindListener(1191)) - Jetty bound to port 46676
2019-07-30 23:29:09,834 INFO  server.Server (Server.java:doStart(351)) - jetty-9.3.24.v20180605, build timestamp: 2018-06-05T17:11:56Z, git hash: 84205aa28f11a4f31f2a3b86d1bba2cc8ab69827
2019-07-30 23:29:09,836 INFO  handler.ContextHandler (ContextHandler.java:doStart(781)) - Started o.e.j.s.ServletContextHandler@5d800a56{/logs,file:///workdir/hadoop-ozone/integration-test/target/log,AVAILABLE}
2019-07-30 23:29:09,836 INFO  handler.ContextHandler (ContextHandler.java:doStart(781)) - Started o.e.j.s.ServletContextHandler@315cf170{/static,jar:file:/home/user/.m2/repository/org/apache/hadoop/hadoop-hdds-container-service/0.4.1-SNAPSHOT/hadoop-hdds-container-service-0.4.1-SNAPSHOT.jar!/webapps/static,AVAILABLE}
2019-07-30 23:29:09,863 INFO  handler.ContextHandler (ContextHandler.java:doStart(781)) - Started o.e.j.w.WebAppContext@7ffcb232{/,file:///tmp/jetty-0.0.0.0-46676-hddsDatanode-_-any-1555218249739551240.dir/webapp/,AVAILABLE}{/hddsDatanode}
2019-07-30 23:29:09,864 INFO  server.AbstractConnector (AbstractConnector.java:doStart(278)) - Started ServerConnector@7f53fc38{HTTP/1.1,[http/1.1]}{0.0.0.0:46676}
2019-07-30 23:29:09,865 INFO  server.Server (Server.java:doStart(419)) - Started @43873ms
2019-07-30 23:29:09,866 INFO  server.BaseHttpServer (BaseHttpServer.java:updateConnectorAddress(207)) - HTTP server of HDDSDATANODE is listening at http://0.0.0.0:46676
2019-07-30 23:29:09,995 INFO  ozone.HddsDatanodeService (HddsDatanodeService.java:startPlugins(395)) - Started plug-in org.apache.hadoop.ozone.web.OzoneHddsDatanodeService@3e4f2300
2019-07-30 23:29:09,996 INFO  impl.MetricsSystemImpl (MetricsSystemImpl.java:init(158)) - HddsDatanode metrics system started (again)
2019-07-30 23:29:10,000 INFO  util.JvmPauseMonitor (JvmPauseMonitor.java:run(188)) - Starting JVM pause monitor
2019-07-30 23:29:10,001 INFO  ozone.HddsDatanodeService (HddsDatanodeService.java:start(184)) - HddsDatanodeService host:byscane-nightly-g5r4k-612667210 ip:192.168.5.171
2019-07-30 23:29:10,002 INFO  datanode.InitDatanodeState (InitDatanodeState.java:persistContainerDatanodeDetails(140)) - DatanodeDetails is persisted to /workdir/hadoop-ozone/integration-test/target/test-dir/MiniOzoneClusterImpl-04e0b60f-856d-418d-a8ab-4510f743737b/datanode-3/meta/datanode.id
2019-07-30 23:29:10,009 INFO  volume.HddsVolume (HddsVolume.java:<init>(176)) - Creating Volume: /workdir/hadoop-ozone/integration-test/target/test-dir/MiniOzoneClusterImpl-04e0b60f-856d-418d-a8ab-4510f743737b/datanode-4/data/containers/hdds of  storage type : DISK and capacity : 52710309888
2019-07-30 23:29:10,009 INFO  volume.VolumeSet (VolumeSet.java:initializeVolumeSet(170)) - Added Volume : /workdir/hadoop-ozone/integration-test/target/test-dir/MiniOzoneClusterImpl-04e0b60f-856d-418d-a8ab-4510f743737b/datanode-4/data/containers/hdds to VolumeSet
2019-07-30 23:29:10,009 INFO  volume.ThrottledAsyncChecker (ThrottledAsyncChecker.java:schedule(140)) - Scheduling a check for org.apache.hadoop.ozone.container.common.volume.HddsVolume@4c41a177
2019-07-30 23:29:10,010 INFO  volume.HddsVolumeChecker (HddsVolumeChecker.java:checkAllVolumes(203)) - Scheduled health check for volume org.apache.hadoop.ozone.container.common.volume.HddsVolume@4c41a177
2019-07-30 23:29:10,023 INFO  impl.RaftServerProxy (ConfUtils.java:logGet(43)) - raft.rpc.type = GRPC (default)
2019-07-30 23:29:10,024 INFO  grpc.GrpcFactory (GrpcFactory.java:checkPooledByteBufAllocatorUseCacheForAllThreads(45)) - PERFORMANCE WARNING: useCacheForAllThreads is true that may cause Netty to create a lot garbage objects and, as a result, trigger GC.
	It is recommended to disable useCacheForAllThreads by setting -Dorg.apache.ratis.thirdparty.io.netty.allocator.useCacheForAllThreads=false in command line.
2019-07-30 23:29:10,024 INFO  grpc.GrpcConfigKeys$Server (ConfUtils.java:logGet(43)) - raft.grpc.server.port = 0 (default)
2019-07-30 23:29:10,024 INFO  server.GrpcService (ConfUtils.java:logGet(43)) - raft.grpc.message.size.max = 33570816 (custom)
2019-07-30 23:29:10,024 INFO  server.RaftServerConfigKeys (ConfUtils.java:logGet(43)) - raft.server.log.appender.buffer.byte-limit = 33554432 (custom)
2019-07-30 23:29:10,024 INFO  server.GrpcService (ConfUtils.java:logGet(43)) - raft.grpc.flow.control.window = 1MB (=1048576) (default)
2019-07-30 23:29:10,025 INFO  server.RaftServerConfigKeys (ConfUtils.java:logGet(43)) - raft.server.rpc.request.timeout = 3000ms (default)
2019-07-30 23:29:10,025 INFO  server.RaftServerConfigKeys (ConfUtils.java:logGet(43)) - raft.server.storage.dir = [/workdir/hadoop-ozone/integration-test/target/test-dir/MiniOzoneClusterImpl-04e0b60f-856d-418d-a8ab-4510f743737b/datanode-4/data/ratis] (custom)
2019-07-30 23:29:10,026 INFO  replication.SimpleContainerDownloader (SimpleContainerDownloader.java:<init>(72)) - Starting container downloader service to copy containers to replicate.
2019-07-30 23:29:10,027 INFO  hdfs.DFSUtil (DFSUtil.java:httpServerTemplateForNNAndJN(1641)) - Starting Web-server for hddsDatanode at: http://0.0.0.0:0
2019-07-30 23:29:10,029 INFO  server.AuthenticationFilter (AuthenticationFilter.java:constructSecretProvider(240)) - Unable to initialize FileSignerSecretProvider, falling back to use random secrets.
2019-07-30 23:29:10,029 WARN  http.HttpRequestLog (HttpRequestLog.java:getRequestLog(97)) - Jetty request log can only be enabled using Log4j
2019-07-30 23:29:10,031 INFO  http.HttpServer2 (HttpServer2.java:addGlobalFilter(975)) - Added global filter 'safety' (class=org.apache.hadoop.http.HttpServer2$QuotingInputFilter)
2019-07-30 23:29:10,032 INFO  http.HttpServer2 (HttpServer2.java:addFilter(948)) - Added filter static_user_filter (class=org.apache.hadoop.http.lib.StaticUserWebFilter$StaticUserFilter) to context hddsDatanode
2019-07-30 23:29:10,032 INFO  http.HttpServer2 (HttpServer2.java:addFilter(958)) - Added filter static_user_filter (class=org.apache.hadoop.http.lib.StaticUserWebFilter$StaticUserFilter) to context logs
2019-07-30 23:29:10,032 INFO  http.HttpServer2 (HttpServer2.java:addFilter(958)) - Added filter static_user_filter (class=org.apache.hadoop.http.lib.StaticUserWebFilter$StaticUserFilter) to context static
2019-07-30 23:29:10,033 INFO  http.HttpServer2 (HttpServer2.java:bindListener(1191)) - Jetty bound to port 43334
2019-07-30 23:29:10,034 INFO  server.Server (Server.java:doStart(351)) - jetty-9.3.24.v20180605, build timestamp: 2018-06-05T17:11:56Z, git hash: 84205aa28f11a4f31f2a3b86d1bba2cc8ab69827
2019-07-30 23:29:10,036 INFO  handler.ContextHandler (ContextHandler.java:doStart(781)) - Started o.e.j.s.ServletContextHandler@192f5f39{/logs,file:///workdir/hadoop-ozone/integration-test/target/log,AVAILABLE}
2019-07-30 23:29:10,037 INFO  handler.ContextHandler (ContextHandler.java:doStart(781)) - Started o.e.j.s.ServletContextHandler@2965dd88{/static,jar:file:/home/user/.m2/repository/org/apache/hadoop/hadoop-hdds-container-service/0.4.1-SNAPSHOT/hadoop-hdds-container-service-0.4.1-SNAPSHOT.jar!/webapps/static,AVAILABLE}
2019-07-30 23:29:10,065 INFO  handler.ContextHandler (ContextHandler.java:doStart(781)) - Started o.e.j.w.WebAppContext@70f98f7a{/,file:///tmp/jetty-0.0.0.0-43334-hddsDatanode-_-any-6014344631839774306.dir/webapp/,AVAILABLE}{/hddsDatanode}
2019-07-30 23:29:10,066 INFO  server.AbstractConnector (AbstractConnector.java:doStart(278)) - Started ServerConnector@713e7d9a{HTTP/1.1,[http/1.1]}{0.0.0.0:43334}
2019-07-30 23:29:10,067 INFO  server.Server (Server.java:doStart(419)) - Started @44075ms
2019-07-30 23:29:10,068 INFO  server.BaseHttpServer (BaseHttpServer.java:updateConnectorAddress(207)) - HTTP server of HDDSDATANODE is listening at http://0.0.0.0:43334
2019-07-30 23:29:10,421 INFO  ozone.HddsDatanodeService (HddsDatanodeService.java:startPlugins(395)) - Started plug-in org.apache.hadoop.ozone.web.OzoneHddsDatanodeService@6d6f6ca9
2019-07-30 23:29:10,421 INFO  impl.MetricsSystemImpl (MetricsSystemImpl.java:init(158)) - HddsDatanode metrics system started (again)
2019-07-30 23:29:10,426 INFO  util.JvmPauseMonitor (JvmPauseMonitor.java:run(188)) - Starting JVM pause monitor
2019-07-30 23:29:10,427 INFO  ozone.HddsDatanodeService (HddsDatanodeService.java:start(184)) - HddsDatanodeService host:byscane-nightly-g5r4k-612667210 ip:192.168.5.171
2019-07-30 23:29:10,429 INFO  datanode.InitDatanodeState (InitDatanodeState.java:persistContainerDatanodeDetails(140)) - DatanodeDetails is persisted to /workdir/hadoop-ozone/integration-test/target/test-dir/MiniOzoneClusterImpl-04e0b60f-856d-418d-a8ab-4510f743737b/datanode-4/meta/datanode.id
2019-07-30 23:29:10,435 INFO  volume.HddsVolume (HddsVolume.java:<init>(176)) - Creating Volume: /workdir/hadoop-ozone/integration-test/target/test-dir/MiniOzoneClusterImpl-04e0b60f-856d-418d-a8ab-4510f743737b/datanode-5/data/containers/hdds of  storage type : DISK and capacity : 52710309888
2019-07-30 23:29:10,436 INFO  volume.VolumeSet (VolumeSet.java:initializeVolumeSet(170)) - Added Volume : /workdir/hadoop-ozone/integration-test/target/test-dir/MiniOzoneClusterImpl-04e0b60f-856d-418d-a8ab-4510f743737b/datanode-5/data/containers/hdds to VolumeSet
2019-07-30 23:29:10,436 INFO  volume.ThrottledAsyncChecker (ThrottledAsyncChecker.java:schedule(140)) - Scheduling a check for org.apache.hadoop.ozone.container.common.volume.HddsVolume@97beeaf
2019-07-30 23:29:10,437 INFO  volume.HddsVolumeChecker (HddsVolumeChecker.java:checkAllVolumes(203)) - Scheduled health check for volume org.apache.hadoop.ozone.container.common.volume.HddsVolume@97beeaf
2019-07-30 23:29:10,461 INFO  impl.RaftServerProxy (ConfUtils.java:logGet(43)) - raft.rpc.type = GRPC (default)
2019-07-30 23:29:10,461 INFO  grpc.GrpcFactory (GrpcFactory.java:checkPooledByteBufAllocatorUseCacheForAllThreads(45)) - PERFORMANCE WARNING: useCacheForAllThreads is true that may cause Netty to create a lot garbage objects and, as a result, trigger GC.
	It is recommended to disable useCacheForAllThreads by setting -Dorg.apache.ratis.thirdparty.io.netty.allocator.useCacheForAllThreads=false in command line.
2019-07-30 23:29:10,462 INFO  grpc.GrpcConfigKeys$Server (ConfUtils.java:logGet(43)) - raft.grpc.server.port = 0 (default)
2019-07-30 23:29:10,462 INFO  server.GrpcService (ConfUtils.java:logGet(43)) - raft.grpc.message.size.max = 33570816 (custom)
2019-07-30 23:29:10,462 INFO  server.RaftServerConfigKeys (ConfUtils.java:logGet(43)) - raft.server.log.appender.buffer.byte-limit = 33554432 (custom)
2019-07-30 23:29:10,463 INFO  server.GrpcService (ConfUtils.java:logGet(43)) - raft.grpc.flow.control.window = 1MB (=1048576) (default)
2019-07-30 23:29:10,463 INFO  server.RaftServerConfigKeys (ConfUtils.java:logGet(43)) - raft.server.rpc.request.timeout = 3000ms (default)
2019-07-30 23:29:10,464 INFO  server.RaftServerConfigKeys (ConfUtils.java:logGet(43)) - raft.server.storage.dir = [/workdir/hadoop-ozone/integration-test/target/test-dir/MiniOzoneClusterImpl-04e0b60f-856d-418d-a8ab-4510f743737b/datanode-5/data/ratis] (custom)
2019-07-30 23:29:10,464 INFO  replication.SimpleContainerDownloader (SimpleContainerDownloader.java:<init>(72)) - Starting container downloader service to copy containers to replicate.
2019-07-30 23:29:10,466 INFO  hdfs.DFSUtil (DFSUtil.java:httpServerTemplateForNNAndJN(1641)) - Starting Web-server for hddsDatanode at: http://0.0.0.0:0
2019-07-30 23:29:10,468 INFO  server.AuthenticationFilter (AuthenticationFilter.java:constructSecretProvider(240)) - Unable to initialize FileSignerSecretProvider, falling back to use random secrets.
2019-07-30 23:29:10,469 WARN  http.HttpRequestLog (HttpRequestLog.java:getRequestLog(97)) - Jetty request log can only be enabled using Log4j
2019-07-30 23:29:10,471 INFO  http.HttpServer2 (HttpServer2.java:addGlobalFilter(975)) - Added global filter 'safety' (class=org.apache.hadoop.http.HttpServer2$QuotingInputFilter)
2019-07-30 23:29:10,472 INFO  http.HttpServer2 (HttpServer2.java:addFilter(948)) - Added filter static_user_filter (class=org.apache.hadoop.http.lib.StaticUserWebFilter$StaticUserFilter) to context hddsDatanode
2019-07-30 23:29:10,472 INFO  http.HttpServer2 (HttpServer2.java:addFilter(958)) - Added filter static_user_filter (class=org.apache.hadoop.http.lib.StaticUserWebFilter$StaticUserFilter) to context static
2019-07-30 23:29:10,472 INFO  http.HttpServer2 (HttpServer2.java:addFilter(958)) - Added filter static_user_filter (class=org.apache.hadoop.http.lib.StaticUserWebFilter$StaticUserFilter) to context logs
2019-07-30 23:29:10,474 INFO  http.HttpServer2 (HttpServer2.java:bindListener(1191)) - Jetty bound to port 37856
2019-07-30 23:29:10,474 INFO  server.Server (Server.java:doStart(351)) - jetty-9.3.24.v20180605, build timestamp: 2018-06-05T17:11:56Z, git hash: 84205aa28f11a4f31f2a3b86d1bba2cc8ab69827
2019-07-30 23:29:10,477 INFO  handler.ContextHandler (ContextHandler.java:doStart(781)) - Started o.e.j.s.ServletContextHandler@66314fee{/logs,file:///workdir/hadoop-ozone/integration-test/target/log,AVAILABLE}
2019-07-30 23:29:10,477 INFO  handler.ContextHandler (ContextHandler.java:doStart(781)) - Started o.e.j.s.ServletContextHandler@13404f75{/static,jar:file:/home/user/.m2/repository/org/apache/hadoop/hadoop-hdds-container-service/0.4.1-SNAPSHOT/hadoop-hdds-container-service-0.4.1-SNAPSHOT.jar!/webapps/static,AVAILABLE}
2019-07-30 23:29:10,521 INFO  handler.ContextHandler (ContextHandler.java:doStart(781)) - Started o.e.j.w.WebAppContext@3c87e851{/,file:///tmp/jetty-0.0.0.0-37856-hddsDatanode-_-any-6466223385155726880.dir/webapp/,AVAILABLE}{/hddsDatanode}
2019-07-30 23:29:10,523 INFO  server.AbstractConnector (AbstractConnector.java:doStart(278)) - Started ServerConnector@54556723{HTTP/1.1,[http/1.1]}{0.0.0.0:37856}
2019-07-30 23:29:10,523 INFO  server.Server (Server.java:doStart(419)) - Started @44530ms
2019-07-30 23:29:10,524 INFO  server.BaseHttpServer (BaseHttpServer.java:updateConnectorAddress(207)) - HTTP server of HDDSDATANODE is listening at http://0.0.0.0:37856
2019-07-30 23:29:10,656 INFO  ozone.HddsDatanodeService (HddsDatanodeService.java:startPlugins(395)) - Started plug-in org.apache.hadoop.ozone.web.OzoneHddsDatanodeService@5dce5c03
2019-07-30 23:29:10,657 INFO  impl.MetricsSystemImpl (MetricsSystemImpl.java:init(158)) - HddsDatanode metrics system started (again)
2019-07-30 23:29:10,662 INFO  util.JvmPauseMonitor (JvmPauseMonitor.java:run(188)) - Starting JVM pause monitor
2019-07-30 23:29:10,663 INFO  ozone.HddsDatanodeService (HddsDatanodeService.java:start(184)) - HddsDatanodeService host:byscane-nightly-g5r4k-612667210 ip:192.168.5.171
2019-07-30 23:29:10,664 INFO  datanode.InitDatanodeState (InitDatanodeState.java:persistContainerDatanodeDetails(140)) - DatanodeDetails is persisted to /workdir/hadoop-ozone/integration-test/target/test-dir/MiniOzoneClusterImpl-04e0b60f-856d-418d-a8ab-4510f743737b/datanode-5/meta/datanode.id
2019-07-30 23:29:10,671 INFO  volume.HddsVolume (HddsVolume.java:<init>(176)) - Creating Volume: /workdir/hadoop-ozone/integration-test/target/test-dir/MiniOzoneClusterImpl-04e0b60f-856d-418d-a8ab-4510f743737b/datanode-6/data/containers/hdds of  storage type : DISK and capacity : 52710309888
2019-07-30 23:29:10,672 INFO  volume.VolumeSet (VolumeSet.java:initializeVolumeSet(170)) - Added Volume : /workdir/hadoop-ozone/integration-test/target/test-dir/MiniOzoneClusterImpl-04e0b60f-856d-418d-a8ab-4510f743737b/datanode-6/data/containers/hdds to VolumeSet
2019-07-30 23:29:10,672 INFO  volume.ThrottledAsyncChecker (ThrottledAsyncChecker.java:schedule(140)) - Scheduling a check for org.apache.hadoop.ozone.container.common.volume.HddsVolume@adc3344
2019-07-30 23:29:10,672 INFO  volume.HddsVolumeChecker (HddsVolumeChecker.java:checkAllVolumes(203)) - Scheduled health check for volume org.apache.hadoop.ozone.container.common.volume.HddsVolume@adc3344
2019-07-30 23:29:10,685 INFO  impl.RaftServerProxy (ConfUtils.java:logGet(43)) - raft.rpc.type = GRPC (default)
2019-07-30 23:29:10,685 INFO  grpc.GrpcFactory (GrpcFactory.java:checkPooledByteBufAllocatorUseCacheForAllThreads(45)) - PERFORMANCE WARNING: useCacheForAllThreads is true that may cause Netty to create a lot garbage objects and, as a result, trigger GC.
	It is recommended to disable useCacheForAllThreads by setting -Dorg.apache.ratis.thirdparty.io.netty.allocator.useCacheForAllThreads=false in command line.
2019-07-30 23:29:10,686 INFO  grpc.GrpcConfigKeys$Server (ConfUtils.java:logGet(43)) - raft.grpc.server.port = 0 (default)
2019-07-30 23:29:10,686 INFO  server.GrpcService (ConfUtils.java:logGet(43)) - raft.grpc.message.size.max = 33570816 (custom)
2019-07-30 23:29:10,686 INFO  server.RaftServerConfigKeys (ConfUtils.java:logGet(43)) - raft.server.log.appender.buffer.byte-limit = 33554432 (custom)
2019-07-30 23:29:10,686 INFO  server.GrpcService (ConfUtils.java:logGet(43)) - raft.grpc.flow.control.window = 1MB (=1048576) (default)
2019-07-30 23:29:10,686 INFO  server.RaftServerConfigKeys (ConfUtils.java:logGet(43)) - raft.server.rpc.request.timeout = 3000ms (default)
2019-07-30 23:29:10,687 INFO  server.RaftServerConfigKeys (ConfUtils.java:logGet(43)) - raft.server.storage.dir = [/workdir/hadoop-ozone/integration-test/target/test-dir/MiniOzoneClusterImpl-04e0b60f-856d-418d-a8ab-4510f743737b/datanode-6/data/ratis] (custom)
2019-07-30 23:29:10,687 INFO  replication.SimpleContainerDownloader (SimpleContainerDownloader.java:<init>(72)) - Starting container downloader service to copy containers to replicate.
2019-07-30 23:29:10,688 INFO  hdfs.DFSUtil (DFSUtil.java:httpServerTemplateForNNAndJN(1641)) - Starting Web-server for hddsDatanode at: http://0.0.0.0:0
2019-07-30 23:29:10,689 INFO  server.AuthenticationFilter (AuthenticationFilter.java:constructSecretProvider(240)) - Unable to initialize FileSignerSecretProvider, falling back to use random secrets.
2019-07-30 23:29:10,690 WARN  http.HttpRequestLog (HttpRequestLog.java:getRequestLog(97)) - Jetty request log can only be enabled using Log4j
2019-07-30 23:29:10,691 INFO  http.HttpServer2 (HttpServer2.java:addGlobalFilter(975)) - Added global filter 'safety' (class=org.apache.hadoop.http.HttpServer2$QuotingInputFilter)
2019-07-30 23:29:10,692 INFO  http.HttpServer2 (HttpServer2.java:addFilter(948)) - Added filter static_user_filter (class=org.apache.hadoop.http.lib.StaticUserWebFilter$StaticUserFilter) to context hddsDatanode
2019-07-30 23:29:10,692 INFO  http.HttpServer2 (HttpServer2.java:addFilter(958)) - Added filter static_user_filter (class=org.apache.hadoop.http.lib.StaticUserWebFilter$StaticUserFilter) to context static
2019-07-30 23:29:10,692 INFO  http.HttpServer2 (HttpServer2.java:addFilter(958)) - Added filter static_user_filter (class=org.apache.hadoop.http.lib.StaticUserWebFilter$StaticUserFilter) to context logs
2019-07-30 23:29:10,692 INFO  http.HttpServer2 (HttpServer2.java:bindListener(1191)) - Jetty bound to port 42675
2019-07-30 23:29:10,693 INFO  server.Server (Server.java:doStart(351)) - jetty-9.3.24.v20180605, build timestamp: 2018-06-05T17:11:56Z, git hash: 84205aa28f11a4f31f2a3b86d1bba2cc8ab69827
2019-07-30 23:29:10,694 INFO  handler.ContextHandler (ContextHandler.java:doStart(781)) - Started o.e.j.s.ServletContextHandler@7d95166a{/logs,file:///workdir/hadoop-ozone/integration-test/target/log,AVAILABLE}
2019-07-30 23:29:10,695 INFO  handler.ContextHandler (ContextHandler.java:doStart(781)) - Started o.e.j.s.ServletContextHandler@1feb586d{/static,jar:file:/home/user/.m2/repository/org/apache/hadoop/hadoop-hdds-container-service/0.4.1-SNAPSHOT/hadoop-hdds-container-service-0.4.1-SNAPSHOT.jar!/webapps/static,AVAILABLE}
2019-07-30 23:29:10,721 INFO  handler.ContextHandler (ContextHandler.java:doStart(781)) - Started o.e.j.w.WebAppContext@1626bddf{/,file:///tmp/jetty-0.0.0.0-42675-hddsDatanode-_-any-5575470784224283017.dir/webapp/,AVAILABLE}{/hddsDatanode}
2019-07-30 23:29:10,721 INFO  server.AbstractConnector (AbstractConnector.java:doStart(278)) - Started ServerConnector@29532e91{HTTP/1.1,[http/1.1]}{0.0.0.0:42675}
2019-07-30 23:29:10,723 INFO  server.Server (Server.java:doStart(419)) - Started @44730ms
2019-07-30 23:29:10,724 INFO  server.BaseHttpServer (BaseHttpServer.java:updateConnectorAddress(207)) - HTTP server of HDDSDATANODE is listening at http://0.0.0.0:42675
2019-07-30 23:29:10,839 INFO  ozone.HddsDatanodeService (HddsDatanodeService.java:startPlugins(395)) - Started plug-in org.apache.hadoop.ozone.web.OzoneHddsDatanodeService@77d959f1
2019-07-30 23:29:10,839 INFO  ozone.MiniOzoneClusterImpl (MiniOzoneClusterImpl.java:lambda$waitForClusterToBeReady$0(142)) - Waiting for cluster to be ready. Got 0 of 7 DN Heartbeats.
2019-07-30 23:29:10,842 INFO  util.JvmPauseMonitor (JvmPauseMonitor.java:run(188)) - Starting JVM pause monitor
2019-07-30 23:29:10,843 INFO  datanode.InitDatanodeState (InitDatanodeState.java:persistContainerDatanodeDetails(140)) - DatanodeDetails is persisted to /workdir/hadoop-ozone/integration-test/target/test-dir/MiniOzoneClusterImpl-04e0b60f-856d-418d-a8ab-4510f743737b/datanode-6/meta/datanode.id
2019-07-30 23:29:11,379 INFO  ozoneimpl.OzoneContainer (OzoneContainer.java:start(186)) - Attempting to start container services.
2019-07-30 23:29:11,382 INFO  ozoneimpl.OzoneContainer (OzoneContainer.java:startContainerScrub(160)) - Background container scrubber has been disabled by hdds.containerscrub.enabled
2019-07-30 23:29:11,382 INFO  ratis.XceiverServerRatis (XceiverServerRatis.java:start(404)) - Starting XceiverServerRatis 86a3b411-9919-4103-89a5-5a4a40c4080c at port 0
2019-07-30 23:29:11,389 INFO  impl.RaftServerProxy (RaftServerProxy.java:lambda$start$3(299)) - 86a3b411-9919-4103-89a5-5a4a40c4080c: start RPC server
2019-07-30 23:29:11,391 INFO  server.GrpcService (GrpcService.java:startImpl(149)) - 86a3b411-9919-4103-89a5-5a4a40c4080c: GrpcService started, listening on 0.0.0.0/0.0.0.0:44978
2019-07-30 23:29:11,391 INFO  ratis.XceiverServerRatis (XceiverServerRatis.java:start(414)) - XceiverServerRatis 86a3b411-9919-4103-89a5-5a4a40c4080c is started using port 44978
2019-07-30 23:29:11,394 INFO  server.XceiverServerGrpc (XceiverServerGrpc.java:start(161)) - XceiverServerGrpc 86a3b411-9919-4103-89a5-5a4a40c4080c is started using port 34051
2019-07-30 23:29:11,600 INFO  ozoneimpl.OzoneContainer (OzoneContainer.java:start(186)) - Attempting to start container services.
2019-07-30 23:29:11,603 INFO  ozoneimpl.OzoneContainer (OzoneContainer.java:startContainerScrub(160)) - Background container scrubber has been disabled by hdds.containerscrub.enabled
2019-07-30 23:29:11,603 INFO  ratis.XceiverServerRatis (XceiverServerRatis.java:start(404)) - Starting XceiverServerRatis 191f8ab8-e14f-4994-8266-5bcab582ff8c at port 0
2019-07-30 23:29:11,608 INFO  impl.RaftServerProxy (RaftServerProxy.java:lambda$start$3(299)) - 191f8ab8-e14f-4994-8266-5bcab582ff8c: start RPC server
2019-07-30 23:29:11,609 INFO  server.GrpcService (GrpcService.java:startImpl(149)) - 191f8ab8-e14f-4994-8266-5bcab582ff8c: GrpcService started, listening on 0.0.0.0/0.0.0.0:42373
2019-07-30 23:29:11,609 INFO  ratis.XceiverServerRatis (XceiverServerRatis.java:start(414)) - XceiverServerRatis 191f8ab8-e14f-4994-8266-5bcab582ff8c is started using port 42373
2019-07-30 23:29:11,610 INFO  server.XceiverServerGrpc (XceiverServerGrpc.java:start(161)) - XceiverServerGrpc 191f8ab8-e14f-4994-8266-5bcab582ff8c is started using port 42750
2019-07-30 23:29:11,811 INFO  ozoneimpl.OzoneContainer (OzoneContainer.java:start(186)) - Attempting to start container services.
2019-07-30 23:29:11,815 INFO  ozoneimpl.OzoneContainer (OzoneContainer.java:startContainerScrub(160)) - Background container scrubber has been disabled by hdds.containerscrub.enabled
2019-07-30 23:29:11,815 INFO  ratis.XceiverServerRatis (XceiverServerRatis.java:start(404)) - Starting XceiverServerRatis 7e5fe5ea-e277-440c-a865-2e37fe357929 at port 0
2019-07-30 23:29:11,823 INFO  impl.RaftServerProxy (RaftServerProxy.java:lambda$start$3(299)) - 7e5fe5ea-e277-440c-a865-2e37fe357929: start RPC server
2019-07-30 23:29:11,832 INFO  server.GrpcService (GrpcService.java:startImpl(149)) - 7e5fe5ea-e277-440c-a865-2e37fe357929: GrpcService started, listening on 0.0.0.0/0.0.0.0:33117
2019-07-30 23:29:11,832 INFO  ratis.XceiverServerRatis (XceiverServerRatis.java:start(414)) - XceiverServerRatis 7e5fe5ea-e277-440c-a865-2e37fe357929 is started using port 33117
2019-07-30 23:29:11,839 INFO  server.XceiverServerGrpc (XceiverServerGrpc.java:start(161)) - XceiverServerGrpc 7e5fe5ea-e277-440c-a865-2e37fe357929 is started using port 46268
2019-07-30 23:29:11,840 INFO  ozone.MiniOzoneClusterImpl (MiniOzoneClusterImpl.java:lambda$waitForClusterToBeReady$0(142)) - Waiting for cluster to be ready. Got 0 of 7 DN Heartbeats.
2019-07-30 23:29:12,007 INFO  ozoneimpl.OzoneContainer (OzoneContainer.java:start(186)) - Attempting to start container services.
2019-07-30 23:29:12,010 INFO  ozoneimpl.OzoneContainer (OzoneContainer.java:startContainerScrub(160)) - Background container scrubber has been disabled by hdds.containerscrub.enabled
2019-07-30 23:29:12,011 INFO  ratis.XceiverServerRatis (XceiverServerRatis.java:start(404)) - Starting XceiverServerRatis 0684775e-916d-4429-829d-be7e5ceb7429 at port 0
2019-07-30 23:29:12,018 INFO  impl.RaftServerProxy (RaftServerProxy.java:lambda$start$3(299)) - 0684775e-916d-4429-829d-be7e5ceb7429: start RPC server
2019-07-30 23:29:12,019 INFO  server.GrpcService (GrpcService.java:startImpl(149)) - 0684775e-916d-4429-829d-be7e5ceb7429: GrpcService started, listening on 0.0.0.0/0.0.0.0:42551
2019-07-30 23:29:12,019 INFO  ratis.XceiverServerRatis (XceiverServerRatis.java:start(414)) - XceiverServerRatis 0684775e-916d-4429-829d-be7e5ceb7429 is started using port 42551
2019-07-30 23:29:12,020 INFO  server.XceiverServerGrpc (XceiverServerGrpc.java:start(161)) - XceiverServerGrpc 0684775e-916d-4429-829d-be7e5ceb7429 is started using port 36066
2019-07-30 23:29:12,433 INFO  ozoneimpl.OzoneContainer (OzoneContainer.java:start(186)) - Attempting to start container services.
2019-07-30 23:29:12,438 INFO  ozoneimpl.OzoneContainer (OzoneContainer.java:startContainerScrub(160)) - Background container scrubber has been disabled by hdds.containerscrub.enabled
2019-07-30 23:29:12,438 INFO  ratis.XceiverServerRatis (XceiverServerRatis.java:start(404)) - Starting XceiverServerRatis cca5e6ee-3bc4-4289-bd74-f62bf5c30f12 at port 0
2019-07-30 23:29:12,446 INFO  impl.RaftServerProxy (RaftServerProxy.java:lambda$start$3(299)) - cca5e6ee-3bc4-4289-bd74-f62bf5c30f12: start RPC server
2019-07-30 23:29:12,447 INFO  server.GrpcService (GrpcService.java:startImpl(149)) - cca5e6ee-3bc4-4289-bd74-f62bf5c30f12: GrpcService started, listening on 0.0.0.0/0.0.0.0:36419
2019-07-30 23:29:12,447 INFO  ratis.XceiverServerRatis (XceiverServerRatis.java:start(414)) - XceiverServerRatis cca5e6ee-3bc4-4289-bd74-f62bf5c30f12 is started using port 36419
2019-07-30 23:29:12,448 INFO  server.XceiverServerGrpc (XceiverServerGrpc.java:start(161)) - XceiverServerGrpc cca5e6ee-3bc4-4289-bd74-f62bf5c30f12 is started using port 33868
2019-07-30 23:29:12,676 INFO  ozoneimpl.OzoneContainer (OzoneContainer.java:start(186)) - Attempting to start container services.
2019-07-30 23:29:12,681 INFO  ozoneimpl.OzoneContainer (OzoneContainer.java:startContainerScrub(160)) - Background container scrubber has been disabled by hdds.containerscrub.enabled
2019-07-30 23:29:12,681 INFO  ratis.XceiverServerRatis (XceiverServerRatis.java:start(404)) - Starting XceiverServerRatis aca150cc-fee0-4b79-9a6e-e087870480f7 at port 0
2019-07-30 23:29:12,688 INFO  impl.RaftServerProxy (RaftServerProxy.java:lambda$start$3(299)) - aca150cc-fee0-4b79-9a6e-e087870480f7: start RPC server
2019-07-30 23:29:12,691 INFO  server.GrpcService (GrpcService.java:startImpl(149)) - aca150cc-fee0-4b79-9a6e-e087870480f7: GrpcService started, listening on 0.0.0.0/0.0.0.0:37865
2019-07-30 23:29:12,691 INFO  ratis.XceiverServerRatis (XceiverServerRatis.java:start(414)) - XceiverServerRatis aca150cc-fee0-4b79-9a6e-e087870480f7 is started using port 37865
2019-07-30 23:29:12,694 INFO  server.XceiverServerGrpc (XceiverServerGrpc.java:start(161)) - XceiverServerGrpc aca150cc-fee0-4b79-9a6e-e087870480f7 is started using port 36129
2019-07-30 23:29:12,841 INFO  ozone.MiniOzoneClusterImpl (MiniOzoneClusterImpl.java:lambda$waitForClusterToBeReady$0(142)) - Waiting for cluster to be ready. Got 0 of 7 DN Heartbeats.
2019-07-30 23:29:12,848 INFO  ozoneimpl.OzoneContainer (OzoneContainer.java:start(186)) - Attempting to start container services.
2019-07-30 23:29:12,860 INFO  ozoneimpl.OzoneContainer (OzoneContainer.java:startContainerScrub(160)) - Background container scrubber has been disabled by hdds.containerscrub.enabled
2019-07-30 23:29:12,860 INFO  ratis.XceiverServerRatis (XceiverServerRatis.java:start(404)) - Starting XceiverServerRatis 19086a61-eeab-4869-a242-f4f734aa67ac at port 0
2019-07-30 23:29:12,868 INFO  impl.RaftServerProxy (RaftServerProxy.java:lambda$start$3(299)) - 19086a61-eeab-4869-a242-f4f734aa67ac: start RPC server
2019-07-30 23:29:12,870 INFO  server.GrpcService (GrpcService.java:startImpl(149)) - 19086a61-eeab-4869-a242-f4f734aa67ac: GrpcService started, listening on 0.0.0.0/0.0.0.0:42816
2019-07-30 23:29:12,870 INFO  ratis.XceiverServerRatis (XceiverServerRatis.java:start(414)) - XceiverServerRatis 19086a61-eeab-4869-a242-f4f734aa67ac is started using port 42816
2019-07-30 23:29:12,873 INFO  server.XceiverServerGrpc (XceiverServerGrpc.java:start(161)) - XceiverServerGrpc 19086a61-eeab-4869-a242-f4f734aa67ac is started using port 43645
2019-07-30 23:29:13,361 INFO  net.NetworkTopology (NetworkTopologyImpl.java:add(110)) - Added a new node: /default-rack/86a3b411-9919-4103-89a5-5a4a40c4080c
2019-07-30 23:29:13,363 INFO  node.SCMNodeManager (SCMNodeManager.java:register(273)) - Registered Data node : 86a3b411-9919-4103-89a5-5a4a40c4080c{ip: 192.168.5.171, host: byscane-nightly-g5r4k-612667210, networkLocation: /default-rack, certSerialId: null}
2019-07-30 23:29:13,365 INFO  safemode.SCMSafeModeManager (DataNodeSafeModeRule.java:process(71)) - SCM in safe mode. 1 DataNodes registered, 1 required.
2019-07-30 23:29:13,368 INFO  safemode.SCMSafeModeManager (SCMSafeModeManager.java:validateSafeModeExitRules(177)) - ScmSafeModeManager, all rules are successfully validated
2019-07-30 23:29:13,368 INFO  safemode.SCMSafeModeManager (SCMSafeModeManager.java:exitSafeMode(193)) - SCM exiting safe mode.
2019-07-30 23:29:13,382 INFO  impl.RaftServerProxy (RaftServerProxy.java:addNew(89)) - 86a3b411-9919-4103-89a5-5a4a40c4080c: addNew group-91D10BF44FDD:[86a3b411-9919-4103-89a5-5a4a40c4080c:192.168.5.171:44978] returns group-91D10BF44FDD:java.util.concurrent.CompletableFuture@2050ee3[Not completed]
2019-07-30 23:29:13,384 INFO  impl.RaftServerImpl (RaftServerImpl.java:<init>(93)) - 86a3b411-9919-4103-89a5-5a4a40c4080c: new RaftServerImpl for group-91D10BF44FDD:[86a3b411-9919-4103-89a5-5a4a40c4080c:192.168.5.171:44978] with ContainerStateMachine:uninitialized
2019-07-30 23:29:13,384 INFO  server.RaftServerConfigKeys (ConfUtils.java:logGet(43)) - raft.server.rpc.timeout.min = 5s (custom)
2019-07-30 23:29:13,384 INFO  server.RaftServerConfigKeys (ConfUtils.java:logGet(43)) - raft.server.rpc.timeout.max = 5200ms (custom)
2019-07-30 23:29:13,384 INFO  server.RaftServerConfigKeys (ConfUtils.java:logGet(43)) - raft.server.rpcslowness.timeout = 120s (custom)
2019-07-30 23:29:13,385 INFO  server.RaftServerConfigKeys (ConfUtils.java:logGet(43)) - raft.server.sleep.deviation.threshold = 300 (default)
2019-07-30 23:29:13,385 INFO  server.RaftServerConfigKeys (ConfUtils.java:logGet(43)) - raft.server.log.appender.install.snapshot.enabled = false (custom)
2019-07-30 23:29:13,385 INFO  impl.RaftServerImpl (ServerState.java:<init>(105)) - 86a3b411-9919-4103-89a5-5a4a40c4080c:group-91D10BF44FDD ConfigurationManager, init=-1: [86a3b411-9919-4103-89a5-5a4a40c4080c:192.168.5.171:44978], old=null, confs=<EMPTY_MAP>
2019-07-30 23:29:13,385 INFO  server.RaftServerConfigKeys (ConfUtils.java:logGet(43)) - raft.server.storage.dir = [/workdir/hadoop-ozone/integration-test/target/test-dir/MiniOzoneClusterImpl-04e0b60f-856d-418d-a8ab-4510f743737b/datanode-0/data/ratis] (custom)
2019-07-30 23:29:13,386 INFO  storage.RaftStorageDirectory (RaftStorageDirectory.java:analyzeStorage(246)) - The storage directory /workdir/hadoop-ozone/integration-test/target/test-dir/MiniOzoneClusterImpl-04e0b60f-856d-418d-a8ab-4510f743737b/datanode-0/data/ratis/48a205d2-5341-4bc0-9313-91d10bf44fdd does not exist. Creating ...
2019-07-30 23:29:13,391 INFO  storage.RaftStorageDirectory (RaftStorageDirectory.java:tryLock(328)) - Lock on /workdir/hadoop-ozone/integration-test/target/test-dir/MiniOzoneClusterImpl-04e0b60f-856d-418d-a8ab-4510f743737b/datanode-0/data/ratis/48a205d2-5341-4bc0-9313-91d10bf44fdd/in_use.lock acquired by nodename 12099@byscane-nightly-g5r4k-612667210
2019-07-30 23:29:13,394 INFO  storage.RaftStorage (RaftStorage.java:format(72)) - Storage directory /workdir/hadoop-ozone/integration-test/target/test-dir/MiniOzoneClusterImpl-04e0b60f-856d-418d-a8ab-4510f743737b/datanode-0/data/ratis/48a205d2-5341-4bc0-9313-91d10bf44fdd has been successfully formatted.
2019-07-30 23:29:13,394 INFO  ratis.ContainerStateMachine (ContainerStateMachine.java:loadSnapshot(213)) - group-91D10BF44FDD: The snapshot info is null. Setting the last applied indexto:(t:0, i:~)
2019-07-30 23:29:13,394 INFO  server.RaftServerConfigKeys (ConfUtils.java:logGet(43)) - raft.server.leader.election.timeout = 120s (custom)
2019-07-30 23:29:13,395 INFO  server.RaftServerConfigKeys (ConfUtils.java:logGet(43)) - raft.server.log.use.memory = false (default)
2019-07-30 23:29:13,395 INFO  server.RaftServerConfigKeys (ConfUtils.java:logGet(43)) - raft.server.log.purge.gap = 1000000000 (custom)
2019-07-30 23:29:13,395 INFO  server.RaftServerConfigKeys (ConfUtils.java:logGet(43)) - raft.server.log.appender.buffer.byte-limit = 33554432 (custom)
2019-07-30 23:29:13,395 INFO  server.RaftServerConfigKeys (ConfUtils.java:logGet(43)) - raft.server.log.segment.size.max = 1048576 (custom)
2019-07-30 23:29:13,396 INFO  server.RaftServerConfigKeys (ConfUtils.java:logGet(43)) - raft.server.log.segment.cache.num.max = 2 (custom)
2019-07-30 23:29:13,396 INFO  segmented.SegmentedRaftLogWorker (SegmentedRaftLogWorker.java:<init>(172)) - new 86a3b411-9919-4103-89a5-5a4a40c4080c-SegmentedRaftLogWorker:Storage Directory /workdir/hadoop-ozone/integration-test/target/test-dir/MiniOzoneClusterImpl-04e0b60f-856d-418d-a8ab-4510f743737b/datanode-0/data/ratis/48a205d2-5341-4bc0-9313-91d10bf44fdd for RaftStorage:Storage Directory /workdir/hadoop-ozone/integration-test/target/test-dir/MiniOzoneClusterImpl-04e0b60f-856d-418d-a8ab-4510f743737b/datanode-0/data/ratis/48a205d2-5341-4bc0-9313-91d10bf44fdd
2019-07-30 23:29:13,396 INFO  server.RaftServerConfigKeys (ConfUtils.java:logGet(43)) - raft.server.log.queue.byte-limit = 2147483647 (custom)
2019-07-30 23:29:13,396 INFO  server.RaftServerConfigKeys (ConfUtils.java:logGet(43)) - raft.server.log.queue.element-limit = 1024 (custom)
2019-07-30 23:29:13,397 INFO  server.RaftServerConfigKeys (ConfUtils.java:logGet(43)) - raft.server.log.segment.size.max = 1048576 (custom)
2019-07-30 23:29:13,397 INFO  server.RaftServerConfigKeys (ConfUtils.java:logGet(43)) - raft.server.log.preallocated.size = 16384 (custom)
2019-07-30 23:29:13,397 INFO  server.RaftServerConfigKeys (ConfUtils.java:logGet(43)) - raft.server.log.write.buffer.size = 33554432 (custom)
2019-07-30 23:29:13,398 INFO  server.RaftServerConfigKeys (ConfUtils.java:logGet(43)) - raft.server.log.force.sync.num = 128 (default)
2019-07-30 23:29:13,398 INFO  server.RaftServerConfigKeys (ConfUtils.java:logGet(43)) - raft.server.log.statemachine.data.sync = true (default)
2019-07-30 23:29:13,398 INFO  server.RaftServerConfigKeys (ConfUtils.java:logGet(43)) - raft.server.log.statemachine.data.sync.timeout = 10s (default)
2019-07-30 23:29:13,398 INFO  server.RaftServerConfigKeys (ConfUtils.java:logGet(43)) - raft.server.log.statemachine.data.sync.timeout.retry = -1 (default)
2019-07-30 23:29:13,399 INFO  server.RaftServerConfigKeys (ConfUtils.java:logGet(43)) - raft.server.log.statemachine.data.caching.enabled = true (custom)
2019-07-30 23:29:13,399 INFO  segmented.SegmentedRaftLogWorker (SegmentedRaftLogWorker.java:lambda$new$0(132)) - 86a3b411-9919-4103-89a5-5a4a40c4080c-SegmentedRaftLogWorker:Storage Directory /workdir/hadoop-ozone/integration-test/target/test-dir/MiniOzoneClusterImpl-04e0b60f-856d-418d-a8ab-4510f743737b/datanode-0/data/ratis/48a205d2-5341-4bc0-9313-91d10bf44fdd: flushIndex: setUnconditionally 0 -> -1
2019-07-30 23:29:13,400 INFO  server.RaftServerConfigKeys (ConfUtils.java:logGet(43)) - raft.server.snapshot.auto.trigger.enabled = true (custom)
2019-07-30 23:29:13,400 INFO  server.RaftServerConfigKeys (ConfUtils.java:logGet(43)) - raft.server.snapshot.auto.trigger.threshold = 10000 (custom)
2019-07-30 23:29:13,400 INFO  server.RaftServerConfigKeys (ConfUtils.java:logGet(43)) - raft.server.retrycache.expirytime = 600000ms (custom)
2019-07-30 23:29:13,401 INFO  impl.RaftServerImpl (RaftServerImpl.java:start(180)) - 86a3b411-9919-4103-89a5-5a4a40c4080c: start group-91D10BF44FDD
2019-07-30 23:29:13,401 INFO  impl.RaftServerImpl (RaftServerImpl.java:setRole(171)) - 86a3b411-9919-4103-89a5-5a4a40c4080c:group-91D10BF44FDD changes role from null to FOLLOWER at term 0 for startAsFollower
2019-07-30 23:29:13,401 INFO  impl.RoleInfo (RoleInfo.java:updateAndGet(143)) - 86a3b411-9919-4103-89a5-5a4a40c4080c: start FollowerState
2019-07-30 23:29:13,403 INFO  util.JmxRegister (JmxRegister.java:tryRegister(44)) - Successfully registered JMX Bean with object name Ratis:service=RaftServer,group=group-91D10BF44FDD,id=86a3b411-9919-4103-89a5-5a4a40c4080c
2019-07-30 23:29:13,406 INFO  pipeline.PipelineStateManager (PipelineStateManager.java:addPipeline(56)) - Created pipeline Pipeline[ Id: 48a205d2-5341-4bc0-9313-91d10bf44fdd, Nodes: 86a3b411-9919-4103-89a5-5a4a40c4080c{ip: 192.168.5.171, host: byscane-nightly-g5r4k-612667210, networkLocation: /default-rack, certSerialId: null}, Type:RATIS, Factor:ONE, State:OPEN]
2019-07-30 23:29:13,592 INFO  net.NetworkTopology (NetworkTopologyImpl.java:add(110)) - Added a new node: /default-rack/191f8ab8-e14f-4994-8266-5bcab582ff8c
2019-07-30 23:29:13,593 INFO  node.SCMNodeManager (SCMNodeManager.java:register(273)) - Registered Data node : 191f8ab8-e14f-4994-8266-5bcab582ff8c{ip: 192.168.5.171, host: byscane-nightly-g5r4k-612667210, networkLocation: /default-rack, certSerialId: null}
2019-07-30 23:29:13,602 INFO  impl.RaftServerProxy (RaftServerProxy.java:addNew(89)) - 191f8ab8-e14f-4994-8266-5bcab582ff8c: addNew group-AC5F41B55AE7:[191f8ab8-e14f-4994-8266-5bcab582ff8c:192.168.5.171:42373] returns group-AC5F41B55AE7:java.util.concurrent.CompletableFuture@72e7cca6[Not completed]
2019-07-30 23:29:13,604 INFO  impl.RaftServerImpl (RaftServerImpl.java:<init>(93)) - 191f8ab8-e14f-4994-8266-5bcab582ff8c: new RaftServerImpl for group-AC5F41B55AE7:[191f8ab8-e14f-4994-8266-5bcab582ff8c:192.168.5.171:42373] with ContainerStateMachine:uninitialized
2019-07-30 23:29:13,604 INFO  server.RaftServerConfigKeys (ConfUtils.java:logGet(43)) - raft.server.rpc.timeout.min = 5s (custom)
2019-07-30 23:29:13,605 INFO  server.RaftServerConfigKeys (ConfUtils.java:logGet(43)) - raft.server.rpc.timeout.max = 5200ms (custom)
2019-07-30 23:29:13,605 INFO  server.RaftServerConfigKeys (ConfUtils.java:logGet(43)) - raft.server.rpcslowness.timeout = 120s (custom)
2019-07-30 23:29:13,605 INFO  server.RaftServerConfigKeys (ConfUtils.java:logGet(43)) - raft.server.sleep.deviation.threshold = 300 (default)
2019-07-30 23:29:13,605 INFO  server.RaftServerConfigKeys (ConfUtils.java:logGet(43)) - raft.server.log.appender.install.snapshot.enabled = false (custom)
2019-07-30 23:29:13,605 INFO  impl.RaftServerImpl (ServerState.java:<init>(105)) - 191f8ab8-e14f-4994-8266-5bcab582ff8c:group-AC5F41B55AE7 ConfigurationManager, init=-1: [191f8ab8-e14f-4994-8266-5bcab582ff8c:192.168.5.171:42373], old=null, confs=<EMPTY_MAP>
2019-07-30 23:29:13,606 INFO  server.RaftServerConfigKeys (ConfUtils.java:logGet(43)) - raft.server.storage.dir = [/workdir/hadoop-ozone/integration-test/target/test-dir/MiniOzoneClusterImpl-04e0b60f-856d-418d-a8ab-4510f743737b/datanode-1/data/ratis] (custom)
2019-07-30 23:29:13,606 INFO  storage.RaftStorageDirectory (RaftStorageDirectory.java:analyzeStorage(246)) - The storage directory /workdir/hadoop-ozone/integration-test/target/test-dir/MiniOzoneClusterImpl-04e0b60f-856d-418d-a8ab-4510f743737b/datanode-1/data/ratis/e8abd6f0-d2bf-4a11-bc5e-ac5f41b55ae7 does not exist. Creating ...
2019-07-30 23:29:13,618 INFO  storage.RaftStorageDirectory (RaftStorageDirectory.java:tryLock(328)) - Lock on /workdir/hadoop-ozone/integration-test/target/test-dir/MiniOzoneClusterImpl-04e0b60f-856d-418d-a8ab-4510f743737b/datanode-1/data/ratis/e8abd6f0-d2bf-4a11-bc5e-ac5f41b55ae7/in_use.lock acquired by nodename 12099@byscane-nightly-g5r4k-612667210
2019-07-30 23:29:13,629 INFO  storage.RaftStorage (RaftStorage.java:format(72)) - Storage directory /workdir/hadoop-ozone/integration-test/target/test-dir/MiniOzoneClusterImpl-04e0b60f-856d-418d-a8ab-4510f743737b/datanode-1/data/ratis/e8abd6f0-d2bf-4a11-bc5e-ac5f41b55ae7 has been successfully formatted.
2019-07-30 23:29:13,630 INFO  ratis.ContainerStateMachine (ContainerStateMachine.java:loadSnapshot(213)) - group-AC5F41B55AE7: The snapshot info is null. Setting the last applied indexto:(t:0, i:~)
2019-07-30 23:29:13,630 INFO  server.RaftServerConfigKeys (ConfUtils.java:logGet(43)) - raft.server.leader.election.timeout = 120s (custom)
2019-07-30 23:29:13,630 INFO  server.RaftServerConfigKeys (ConfUtils.java:logGet(43)) - raft.server.log.use.memory = false (default)
2019-07-30 23:29:13,630 INFO  server.RaftServerConfigKeys (ConfUtils.java:logGet(43)) - raft.server.log.purge.gap = 1000000000 (custom)
2019-07-30 23:29:13,630 INFO  server.RaftServerConfigKeys (ConfUtils.java:logGet(43)) - raft.server.log.appender.buffer.byte-limit = 33554432 (custom)
2019-07-30 23:29:13,631 INFO  server.RaftServerConfigKeys (ConfUtils.java:logGet(43)) - raft.server.log.segment.size.max = 1048576 (custom)
2019-07-30 23:29:13,631 INFO  server.RaftServerConfigKeys (ConfUtils.java:logGet(43)) - raft.server.log.segment.cache.num.max = 2 (custom)
2019-07-30 23:29:13,631 INFO  segmented.SegmentedRaftLogWorker (SegmentedRaftLogWorker.java:<init>(172)) - new 191f8ab8-e14f-4994-8266-5bcab582ff8c-SegmentedRaftLogWorker:Storage Directory /workdir/hadoop-ozone/integration-test/target/test-dir/MiniOzoneClusterImpl-04e0b60f-856d-418d-a8ab-4510f743737b/datanode-1/data/ratis/e8abd6f0-d2bf-4a11-bc5e-ac5f41b55ae7 for RaftStorage:Storage Directory /workdir/hadoop-ozone/integration-test/target/test-dir/MiniOzoneClusterImpl-04e0b60f-856d-418d-a8ab-4510f743737b/datanode-1/data/ratis/e8abd6f0-d2bf-4a11-bc5e-ac5f41b55ae7
2019-07-30 23:29:13,631 INFO  server.RaftServerConfigKeys (ConfUtils.java:logGet(43)) - raft.server.log.queue.byte-limit = 2147483647 (custom)
2019-07-30 23:29:13,631 INFO  server.RaftServerConfigKeys (ConfUtils.java:logGet(43)) - raft.server.log.queue.element-limit = 1024 (custom)
2019-07-30 23:29:13,632 INFO  server.RaftServerConfigKeys (ConfUtils.java:logGet(43)) - raft.server.log.segment.size.max = 1048576 (custom)
2019-07-30 23:29:13,632 INFO  server.RaftServerConfigKeys (ConfUtils.java:logGet(43)) - raft.server.log.preallocated.size = 16384 (custom)
2019-07-30 23:29:13,632 INFO  server.RaftServerConfigKeys (ConfUtils.java:logGet(43)) - raft.server.log.write.buffer.size = 33554432 (custom)
2019-07-30 23:29:13,632 INFO  server.RaftServerConfigKeys (ConfUtils.java:logGet(43)) - raft.server.log.force.sync.num = 128 (default)
2019-07-30 23:29:13,633 INFO  server.RaftServerConfigKeys (ConfUtils.java:logGet(43)) - raft.server.log.statemachine.data.sync = true (default)
2019-07-30 23:29:13,633 INFO  server.RaftServerConfigKeys (ConfUtils.java:logGet(43)) - raft.server.log.statemachine.data.sync.timeout = 10s (default)
2019-07-30 23:29:13,633 INFO  server.RaftServerConfigKeys (ConfUtils.java:logGet(43)) - raft.server.log.statemachine.data.sync.timeout.retry = -1 (default)
2019-07-30 23:29:13,633 INFO  server.RaftServerConfigKeys (ConfUtils.java:logGet(43)) - raft.server.log.statemachine.data.caching.enabled = true (custom)
2019-07-30 23:29:13,634 INFO  segmented.SegmentedRaftLogWorker (SegmentedRaftLogWorker.java:lambda$new$0(132)) - 191f8ab8-e14f-4994-8266-5bcab582ff8c-SegmentedRaftLogWorker:Storage Directory /workdir/hadoop-ozone/integration-test/target/test-dir/MiniOzoneClusterImpl-04e0b60f-856d-418d-a8ab-4510f743737b/datanode-1/data/ratis/e8abd6f0-d2bf-4a11-bc5e-ac5f41b55ae7: flushIndex: setUnconditionally 0 -> -1
2019-07-30 23:29:13,634 INFO  server.RaftServerConfigKeys (ConfUtils.java:logGet(43)) - raft.server.snapshot.auto.trigger.enabled = true (custom)
2019-07-30 23:29:13,634 INFO  server.RaftServerConfigKeys (ConfUtils.java:logGet(43)) - raft.server.snapshot.auto.trigger.threshold = 10000 (custom)
2019-07-30 23:29:13,635 INFO  server.RaftServerConfigKeys (ConfUtils.java:logGet(43)) - raft.server.retrycache.expirytime = 600000ms (custom)
2019-07-30 23:29:13,635 INFO  impl.RaftServerImpl (RaftServerImpl.java:start(180)) - 191f8ab8-e14f-4994-8266-5bcab582ff8c: start group-AC5F41B55AE7
2019-07-30 23:29:13,635 INFO  impl.RaftServerImpl (RaftServerImpl.java:setRole(171)) - 191f8ab8-e14f-4994-8266-5bcab582ff8c:group-AC5F41B55AE7 changes role from null to FOLLOWER at term 0 for startAsFollower
2019-07-30 23:29:13,635 INFO  impl.RoleInfo (RoleInfo.java:updateAndGet(143)) - 191f8ab8-e14f-4994-8266-5bcab582ff8c: start FollowerState
2019-07-30 23:29:13,636 INFO  util.JmxRegister (JmxRegister.java:tryRegister(44)) - Successfully registered JMX Bean with object name Ratis:service=RaftServer,group=group-AC5F41B55AE7,id=191f8ab8-e14f-4994-8266-5bcab582ff8c
2019-07-30 23:29:13,645 INFO  pipeline.PipelineStateManager (PipelineStateManager.java:addPipeline(56)) - Created pipeline Pipeline[ Id: e8abd6f0-d2bf-4a11-bc5e-ac5f41b55ae7, Nodes: 191f8ab8-e14f-4994-8266-5bcab582ff8c{ip: 192.168.5.171, host: byscane-nightly-g5r4k-612667210, networkLocation: /default-rack, certSerialId: null}, Type:RATIS, Factor:ONE, State:OPEN]
2019-07-30 23:29:13,806 INFO  net.NetworkTopology (NetworkTopologyImpl.java:add(110)) - Added a new node: /default-rack/7e5fe5ea-e277-440c-a865-2e37fe357929
2019-07-30 23:29:13,807 INFO  node.SCMNodeManager (SCMNodeManager.java:register(273)) - Registered Data node : 7e5fe5ea-e277-440c-a865-2e37fe357929{ip: 192.168.5.171, host: byscane-nightly-g5r4k-612667210, networkLocation: /default-rack, certSerialId: null}
2019-07-30 23:29:13,825 INFO  impl.RaftServerProxy (RaftServerProxy.java:addNew(89)) - 7e5fe5ea-e277-440c-a865-2e37fe357929: addNew group-39B2E8A134D0:[7e5fe5ea-e277-440c-a865-2e37fe357929:192.168.5.171:33117] returns group-39B2E8A134D0:java.util.concurrent.CompletableFuture@15b19b1c[Not completed]
2019-07-30 23:29:13,828 INFO  impl.RaftServerImpl (RaftServerImpl.java:<init>(93)) - 7e5fe5ea-e277-440c-a865-2e37fe357929: new RaftServerImpl for group-39B2E8A134D0:[7e5fe5ea-e277-440c-a865-2e37fe357929:192.168.5.171:33117] with ContainerStateMachine:uninitialized
2019-07-30 23:29:13,828 INFO  server.RaftServerConfigKeys (ConfUtils.java:logGet(43)) - raft.server.rpc.timeout.min = 5s (custom)
2019-07-30 23:29:13,828 INFO  server.RaftServerConfigKeys (ConfUtils.java:logGet(43)) - raft.server.rpc.timeout.max = 5200ms (custom)
2019-07-30 23:29:13,828 INFO  server.RaftServerConfigKeys (ConfUtils.java:logGet(43)) - raft.server.rpcslowness.timeout = 120s (custom)
2019-07-30 23:29:13,829 INFO  server.RaftServerConfigKeys (ConfUtils.java:logGet(43)) - raft.server.sleep.deviation.threshold = 300 (default)
2019-07-30 23:29:13,829 INFO  server.RaftServerConfigKeys (ConfUtils.java:logGet(43)) - raft.server.log.appender.install.snapshot.enabled = false (custom)
2019-07-30 23:29:13,829 INFO  impl.RaftServerImpl (ServerState.java:<init>(105)) - 7e5fe5ea-e277-440c-a865-2e37fe357929:group-39B2E8A134D0 ConfigurationManager, init=-1: [7e5fe5ea-e277-440c-a865-2e37fe357929:192.168.5.171:33117], old=null, confs=<EMPTY_MAP>
2019-07-30 23:29:13,829 INFO  server.RaftServerConfigKeys (ConfUtils.java:logGet(43)) - raft.server.storage.dir = [/workdir/hadoop-ozone/integration-test/target/test-dir/MiniOzoneClusterImpl-04e0b60f-856d-418d-a8ab-4510f743737b/datanode-2/data/ratis] (custom)
2019-07-30 23:29:13,830 INFO  storage.RaftStorageDirectory (RaftStorageDirectory.java:analyzeStorage(246)) - The storage directory /workdir/hadoop-ozone/integration-test/target/test-dir/MiniOzoneClusterImpl-04e0b60f-856d-418d-a8ab-4510f743737b/datanode-2/data/ratis/600a58ab-ddc7-469c-85b1-39b2e8a134d0 does not exist. Creating ...
2019-07-30 23:29:13,836 INFO  storage.RaftStorageDirectory (RaftStorageDirectory.java:tryLock(328)) - Lock on /workdir/hadoop-ozone/integration-test/target/test-dir/MiniOzoneClusterImpl-04e0b60f-856d-418d-a8ab-4510f743737b/datanode-2/data/ratis/600a58ab-ddc7-469c-85b1-39b2e8a134d0/in_use.lock acquired by nodename 12099@byscane-nightly-g5r4k-612667210
2019-07-30 23:29:13,839 INFO  storage.RaftStorage (RaftStorage.java:format(72)) - Storage directory /workdir/hadoop-ozone/integration-test/target/test-dir/MiniOzoneClusterImpl-04e0b60f-856d-418d-a8ab-4510f743737b/datanode-2/data/ratis/600a58ab-ddc7-469c-85b1-39b2e8a134d0 has been successfully formatted.
2019-07-30 23:29:13,840 INFO  ratis.ContainerStateMachine (ContainerStateMachine.java:loadSnapshot(213)) - group-39B2E8A134D0: The snapshot info is null. Setting the last applied indexto:(t:0, i:~)
2019-07-30 23:29:13,840 INFO  server.RaftServerConfigKeys (ConfUtils.java:logGet(43)) - raft.server.leader.election.timeout = 120s (custom)
2019-07-30 23:29:13,840 INFO  server.RaftServerConfigKeys (ConfUtils.java:logGet(43)) - raft.server.log.use.memory = false (default)
2019-07-30 23:29:13,840 INFO  server.RaftServerConfigKeys (ConfUtils.java:logGet(43)) - raft.server.log.purge.gap = 1000000000 (custom)
2019-07-30 23:29:13,840 INFO  server.RaftServerConfigKeys (ConfUtils.java:logGet(43)) - raft.server.log.appender.buffer.byte-limit = 33554432 (custom)
2019-07-30 23:29:13,841 INFO  server.RaftServerConfigKeys (ConfUtils.java:logGet(43)) - raft.server.log.segment.size.max = 1048576 (custom)
2019-07-30 23:29:13,841 INFO  server.RaftServerConfigKeys (ConfUtils.java:logGet(43)) - raft.server.log.segment.cache.num.max = 2 (custom)
2019-07-30 23:29:13,841 INFO  segmented.SegmentedRaftLogWorker (SegmentedRaftLogWorker.java:<init>(172)) - new 7e5fe5ea-e277-440c-a865-2e37fe357929-SegmentedRaftLogWorker:Storage Directory /workdir/hadoop-ozone/integration-test/target/test-dir/MiniOzoneClusterImpl-04e0b60f-856d-418d-a8ab-4510f743737b/datanode-2/data/ratis/600a58ab-ddc7-469c-85b1-39b2e8a134d0 for RaftStorage:Storage Directory /workdir/hadoop-ozone/integration-test/target/test-dir/MiniOzoneClusterImpl-04e0b60f-856d-418d-a8ab-4510f743737b/datanode-2/data/ratis/600a58ab-ddc7-469c-85b1-39b2e8a134d0
2019-07-30 23:29:13,841 INFO  server.RaftServerConfigKeys (ConfUtils.java:logGet(43)) - raft.server.log.queue.byte-limit = 2147483647 (custom)
2019-07-30 23:29:13,842 INFO  ozone.MiniOzoneClusterImpl (MiniOzoneClusterImpl.java:lambda$waitForClusterToBeReady$0(142)) - Waiting for cluster to be ready. Got 3 of 7 DN Heartbeats.
2019-07-30 23:29:13,842 INFO  server.RaftServerConfigKeys (ConfUtils.java:logGet(43)) - raft.server.log.queue.element-limit = 1024 (custom)
2019-07-30 23:29:13,843 INFO  server.RaftServerConfigKeys (ConfUtils.java:logGet(43)) - raft.server.log.segment.size.max = 1048576 (custom)
2019-07-30 23:29:13,843 INFO  server.RaftServerConfigKeys (ConfUtils.java:logGet(43)) - raft.server.log.preallocated.size = 16384 (custom)
2019-07-30 23:29:13,843 INFO  server.RaftServerConfigKeys (ConfUtils.java:logGet(43)) - raft.server.log.write.buffer.size = 33554432 (custom)
2019-07-30 23:29:13,843 INFO  server.RaftServerConfigKeys (ConfUtils.java:logGet(43)) - raft.server.log.force.sync.num = 128 (default)
2019-07-30 23:29:13,843 INFO  server.RaftServerConfigKeys (ConfUtils.java:logGet(43)) - raft.server.log.statemachine.data.sync = true (default)
2019-07-30 23:29:13,844 INFO  server.RaftServerConfigKeys (ConfUtils.java:logGet(43)) - raft.server.log.statemachine.data.sync.timeout = 10s (default)
2019-07-30 23:29:13,844 INFO  server.RaftServerConfigKeys (ConfUtils.java:logGet(43)) - raft.server.log.statemachine.data.sync.timeout.retry = -1 (default)
2019-07-30 23:29:13,844 INFO  server.RaftServerConfigKeys (ConfUtils.java:logGet(43)) - raft.server.log.statemachine.data.caching.enabled = true (custom)
2019-07-30 23:29:13,845 INFO  segmented.SegmentedRaftLogWorker (SegmentedRaftLogWorker.java:lambda$new$0(132)) - 7e5fe5ea-e277-440c-a865-2e37fe357929-SegmentedRaftLogWorker:Storage Directory /workdir/hadoop-ozone/integration-test/target/test-dir/MiniOzoneClusterImpl-04e0b60f-856d-418d-a8ab-4510f743737b/datanode-2/data/ratis/600a58ab-ddc7-469c-85b1-39b2e8a134d0: flushIndex: setUnconditionally 0 -> -1
2019-07-30 23:29:13,845 INFO  server.RaftServerConfigKeys (ConfUtils.java:logGet(43)) - raft.server.snapshot.auto.trigger.enabled = true (custom)
2019-07-30 23:29:13,846 INFO  server.RaftServerConfigKeys (ConfUtils.java:logGet(43)) - raft.server.snapshot.auto.trigger.threshold = 10000 (custom)
2019-07-30 23:29:13,846 INFO  server.RaftServerConfigKeys (ConfUtils.java:logGet(43)) - raft.server.retrycache.expirytime = 600000ms (custom)
2019-07-30 23:29:13,846 INFO  impl.RaftServerImpl (RaftServerImpl.java:start(180)) - 7e5fe5ea-e277-440c-a865-2e37fe357929: start group-39B2E8A134D0
2019-07-30 23:29:13,846 INFO  impl.RaftServerImpl (RaftServerImpl.java:setRole(171)) - 7e5fe5ea-e277-440c-a865-2e37fe357929:group-39B2E8A134D0 changes role from null to FOLLOWER at term 0 for startAsFollower
2019-07-30 23:29:13,846 INFO  impl.RoleInfo (RoleInfo.java:updateAndGet(143)) - 7e5fe5ea-e277-440c-a865-2e37fe357929: start FollowerState
2019-07-30 23:29:13,847 INFO  util.JmxRegister (JmxRegister.java:tryRegister(44)) - Successfully registered JMX Bean with object name Ratis:service=RaftServer,group=group-39B2E8A134D0,id=7e5fe5ea-e277-440c-a865-2e37fe357929
2019-07-30 23:29:13,850 INFO  pipeline.PipelineStateManager (PipelineStateManager.java:addPipeline(56)) - Created pipeline Pipeline[ Id: 600a58ab-ddc7-469c-85b1-39b2e8a134d0, Nodes: 7e5fe5ea-e277-440c-a865-2e37fe357929{ip: 192.168.5.171, host: byscane-nightly-g5r4k-612667210, networkLocation: /default-rack, certSerialId: null}, Type:RATIS, Factor:ONE, State:OPEN]
2019-07-30 23:29:13,864 INFO  impl.RaftServerProxy (RaftServerProxy.java:addNew(89)) - 191f8ab8-e14f-4994-8266-5bcab582ff8c: addNew group-312C89FB8B67:[86a3b411-9919-4103-89a5-5a4a40c4080c:192.168.5.171:44978, 7e5fe5ea-e277-440c-a865-2e37fe357929:192.168.5.171:33117, 191f8ab8-e14f-4994-8266-5bcab582ff8c:192.168.5.171:42373] returns group-312C89FB8B67:java.util.concurrent.CompletableFuture@274f79df[Not completed]
2019-07-30 23:29:13,864 INFO  impl.RaftServerProxy (RaftServerProxy.java:addNew(89)) - 7e5fe5ea-e277-440c-a865-2e37fe357929: addNew group-312C89FB8B67:[86a3b411-9919-4103-89a5-5a4a40c4080c:192.168.5.171:44978, 7e5fe5ea-e277-440c-a865-2e37fe357929:192.168.5.171:33117, 191f8ab8-e14f-4994-8266-5bcab582ff8c:192.168.5.171:42373] returns group-312C89FB8B67:java.util.concurrent.CompletableFuture@21ba74d7[Not completed]
2019-07-30 23:29:13,866 INFO  impl.RaftServerProxy (RaftServerProxy.java:addNew(89)) - 86a3b411-9919-4103-89a5-5a4a40c4080c: addNew group-312C89FB8B67:[86a3b411-9919-4103-89a5-5a4a40c4080c:192.168.5.171:44978, 7e5fe5ea-e277-440c-a865-2e37fe357929:192.168.5.171:33117, 191f8ab8-e14f-4994-8266-5bcab582ff8c:192.168.5.171:42373] returns group-312C89FB8B67:java.util.concurrent.CompletableFuture@721f11fd[Not completed]
2019-07-30 23:29:13,866 INFO  impl.RaftServerImpl (RaftServerImpl.java:<init>(93)) - 191f8ab8-e14f-4994-8266-5bcab582ff8c: new RaftServerImpl for group-312C89FB8B67:[86a3b411-9919-4103-89a5-5a4a40c4080c:192.168.5.171:44978, 7e5fe5ea-e277-440c-a865-2e37fe357929:192.168.5.171:33117, 191f8ab8-e14f-4994-8266-5bcab582ff8c:192.168.5.171:42373] with ContainerStateMachine:uninitialized
2019-07-30 23:29:13,866 INFO  server.RaftServerConfigKeys (ConfUtils.java:logGet(43)) - raft.server.rpc.timeout.min = 5s (custom)
2019-07-30 23:29:13,866 INFO  server.RaftServerConfigKeys (ConfUtils.java:logGet(43)) - raft.server.rpc.timeout.max = 5200ms (custom)
2019-07-30 23:29:13,866 INFO  server.RaftServerConfigKeys (ConfUtils.java:logGet(43)) - raft.server.rpcslowness.timeout = 120s (custom)
2019-07-30 23:29:13,867 INFO  server.RaftServerConfigKeys (ConfUtils.java:logGet(43)) - raft.server.sleep.deviation.threshold = 300 (default)
2019-07-30 23:29:13,867 INFO  impl.RaftServerImpl (RaftServerImpl.java:<init>(93)) - 7e5fe5ea-e277-440c-a865-2e37fe357929: new RaftServerImpl for group-312C89FB8B67:[86a3b411-9919-4103-89a5-5a4a40c4080c:192.168.5.171:44978, 7e5fe5ea-e277-440c-a865-2e37fe357929:192.168.5.171:33117, 191f8ab8-e14f-4994-8266-5bcab582ff8c:192.168.5.171:42373] with ContainerStateMachine:uninitialized
2019-07-30 23:29:13,867 INFO  server.RaftServerConfigKeys (ConfUtils.java:logGet(43)) - raft.server.log.appender.install.snapshot.enabled = false (custom)
2019-07-30 23:29:13,867 INFO  server.RaftServerConfigKeys (ConfUtils.java:logGet(43)) - raft.server.rpc.timeout.min = 5s (custom)
2019-07-30 23:29:13,867 INFO  impl.RaftServerImpl (ServerState.java:<init>(105)) - 191f8ab8-e14f-4994-8266-5bcab582ff8c:group-312C89FB8B67 ConfigurationManager, init=-1: [86a3b411-9919-4103-89a5-5a4a40c4080c:192.168.5.171:44978, 7e5fe5ea-e277-440c-a865-2e37fe357929:192.168.5.171:33117, 191f8ab8-e14f-4994-8266-5bcab582ff8c:192.168.5.171:42373], old=null, confs=<EMPTY_MAP>
2019-07-30 23:29:13,867 INFO  server.RaftServerConfigKeys (ConfUtils.java:logGet(43)) - raft.server.rpc.timeout.max = 5200ms (custom)
2019-07-30 23:29:13,868 INFO  server.RaftServerConfigKeys (ConfUtils.java:logGet(43)) - raft.server.storage.dir = [/workdir/hadoop-ozone/integration-test/target/test-dir/MiniOzoneClusterImpl-04e0b60f-856d-418d-a8ab-4510f743737b/datanode-1/data/ratis] (custom)
2019-07-30 23:29:13,868 INFO  server.RaftServerConfigKeys (ConfUtils.java:logGet(43)) - raft.server.rpcslowness.timeout = 120s (custom)
2019-07-30 23:29:13,868 INFO  server.RaftServerConfigKeys (ConfUtils.java:logGet(43)) - raft.server.sleep.deviation.threshold = 300 (default)
2019-07-30 23:29:13,868 INFO  storage.RaftStorageDirectory (RaftStorageDirectory.java:analyzeStorage(246)) - The storage directory /workdir/hadoop-ozone/integration-test/target/test-dir/MiniOzoneClusterImpl-04e0b60f-856d-418d-a8ab-4510f743737b/datanode-1/data/ratis/c339dd49-8a2f-486a-b29f-312c89fb8b67 does not exist. Creating ...
2019-07-30 23:29:13,868 INFO  impl.RaftServerImpl (RaftServerImpl.java:<init>(93)) - 86a3b411-9919-4103-89a5-5a4a40c4080c: new RaftServerImpl for group-312C89FB8B67:[86a3b411-9919-4103-89a5-5a4a40c4080c:192.168.5.171:44978, 7e5fe5ea-e277-440c-a865-2e37fe357929:192.168.5.171:33117, 191f8ab8-e14f-4994-8266-5bcab582ff8c:192.168.5.171:42373] with ContainerStateMachine:uninitialized
2019-07-30 23:29:13,869 INFO  server.RaftServerConfigKeys (ConfUtils.java:logGet(43)) - raft.server.log.appender.install.snapshot.enabled = false (custom)
2019-07-30 23:29:13,869 INFO  server.RaftServerConfigKeys (ConfUtils.java:logGet(43)) - raft.server.rpc.timeout.min = 5s (custom)
2019-07-30 23:29:13,869 INFO  impl.RaftServerImpl (ServerState.java:<init>(105)) - 7e5fe5ea-e277-440c-a865-2e37fe357929:group-312C89FB8B67 ConfigurationManager, init=-1: [86a3b411-9919-4103-89a5-5a4a40c4080c:192.168.5.171:44978, 7e5fe5ea-e277-440c-a865-2e37fe357929:192.168.5.171:33117, 191f8ab8-e14f-4994-8266-5bcab582ff8c:192.168.5.171:42373], old=null, confs=<EMPTY_MAP>
2019-07-30 23:29:13,869 INFO  server.RaftServerConfigKeys (ConfUtils.java:logGet(43)) - raft.server.rpc.timeout.max = 5200ms (custom)
2019-07-30 23:29:13,869 INFO  server.RaftServerConfigKeys (ConfUtils.java:logGet(43)) - raft.server.storage.dir = [/workdir/hadoop-ozone/integration-test/target/test-dir/MiniOzoneClusterImpl-04e0b60f-856d-418d-a8ab-4510f743737b/datanode-2/data/ratis] (custom)
2019-07-30 23:29:13,869 INFO  server.RaftServerConfigKeys (ConfUtils.java:logGet(43)) - raft.server.rpcslowness.timeout = 120s (custom)
2019-07-30 23:29:13,870 INFO  server.RaftServerConfigKeys (ConfUtils.java:logGet(43)) - raft.server.sleep.deviation.threshold = 300 (default)
2019-07-30 23:29:13,870 INFO  storage.RaftStorageDirectory (RaftStorageDirectory.java:analyzeStorage(246)) - The storage directory /workdir/hadoop-ozone/integration-test/target/test-dir/MiniOzoneClusterImpl-04e0b60f-856d-418d-a8ab-4510f743737b/datanode-2/data/ratis/c339dd49-8a2f-486a-b29f-312c89fb8b67 does not exist. Creating ...
2019-07-30 23:29:13,870 INFO  server.RaftServerConfigKeys (ConfUtils.java:logGet(43)) - raft.server.log.appender.install.snapshot.enabled = false (custom)
2019-07-30 23:29:13,870 INFO  impl.RaftServerImpl (ServerState.java:<init>(105)) - 86a3b411-9919-4103-89a5-5a4a40c4080c:group-312C89FB8B67 ConfigurationManager, init=-1: [86a3b411-9919-4103-89a5-5a4a40c4080c:192.168.5.171:44978, 7e5fe5ea-e277-440c-a865-2e37fe357929:192.168.5.171:33117, 191f8ab8-e14f-4994-8266-5bcab582ff8c:192.168.5.171:42373], old=null, confs=<EMPTY_MAP>
2019-07-30 23:29:13,870 INFO  server.RaftServerConfigKeys (ConfUtils.java:logGet(43)) - raft.server.storage.dir = [/workdir/hadoop-ozone/integration-test/target/test-dir/MiniOzoneClusterImpl-04e0b60f-856d-418d-a8ab-4510f743737b/datanode-0/data/ratis] (custom)
2019-07-30 23:29:13,871 INFO  storage.RaftStorageDirectory (RaftStorageDirectory.java:analyzeStorage(246)) - The storage directory /workdir/hadoop-ozone/integration-test/target/test-dir/MiniOzoneClusterImpl-04e0b60f-856d-418d-a8ab-4510f743737b/datanode-0/data/ratis/c339dd49-8a2f-486a-b29f-312c89fb8b67 does not exist. Creating ...
2019-07-30 23:29:13,871 INFO  storage.RaftStorageDirectory (RaftStorageDirectory.java:tryLock(328)) - Lock on /workdir/hadoop-ozone/integration-test/target/test-dir/MiniOzoneClusterImpl-04e0b60f-856d-418d-a8ab-4510f743737b/datanode-1/data/ratis/c339dd49-8a2f-486a-b29f-312c89fb8b67/in_use.lock acquired by nodename 12099@byscane-nightly-g5r4k-612667210
2019-07-30 23:29:13,875 INFO  storage.RaftStorageDirectory (RaftStorageDirectory.java:tryLock(328)) - Lock on /workdir/hadoop-ozone/integration-test/target/test-dir/MiniOzoneClusterImpl-04e0b60f-856d-418d-a8ab-4510f743737b/datanode-2/data/ratis/c339dd49-8a2f-486a-b29f-312c89fb8b67/in_use.lock acquired by nodename 12099@byscane-nightly-g5r4k-612667210
2019-07-30 23:29:13,875 INFO  storage.RaftStorageDirectory (RaftStorageDirectory.java:tryLock(328)) - Lock on /workdir/hadoop-ozone/integration-test/target/test-dir/MiniOzoneClusterImpl-04e0b60f-856d-418d-a8ab-4510f743737b/datanode-0/data/ratis/c339dd49-8a2f-486a-b29f-312c89fb8b67/in_use.lock acquired by nodename 12099@byscane-nightly-g5r4k-612667210
2019-07-30 23:29:13,877 INFO  storage.RaftStorage (RaftStorage.java:format(72)) - Storage directory /workdir/hadoop-ozone/integration-test/target/test-dir/MiniOzoneClusterImpl-04e0b60f-856d-418d-a8ab-4510f743737b/datanode-1/data/ratis/c339dd49-8a2f-486a-b29f-312c89fb8b67 has been successfully formatted.
2019-07-30 23:29:13,877 INFO  ratis.ContainerStateMachine (ContainerStateMachine.java:loadSnapshot(213)) - group-312C89FB8B67: The snapshot info is null. Setting the last applied indexto:(t:0, i:~)
2019-07-30 23:29:13,877 INFO  server.RaftServerConfigKeys (ConfUtils.java:logGet(43)) - raft.server.leader.election.timeout = 120s (custom)
2019-07-30 23:29:13,877 INFO  server.RaftServerConfigKeys (ConfUtils.java:logGet(43)) - raft.server.log.use.memory = false (default)
2019-07-30 23:29:13,878 INFO  server.RaftServerConfigKeys (ConfUtils.java:logGet(43)) - raft.server.log.purge.gap = 1000000000 (custom)
2019-07-30 23:29:13,878 INFO  server.RaftServerConfigKeys (ConfUtils.java:logGet(43)) - raft.server.log.appender.buffer.byte-limit = 33554432 (custom)
2019-07-30 23:29:13,878 INFO  server.RaftServerConfigKeys (ConfUtils.java:logGet(43)) - raft.server.log.segment.size.max = 1048576 (custom)
2019-07-30 23:29:13,878 INFO  server.RaftServerConfigKeys (ConfUtils.java:logGet(43)) - raft.server.log.segment.cache.num.max = 2 (custom)
2019-07-30 23:29:13,878 INFO  segmented.SegmentedRaftLogWorker (SegmentedRaftLogWorker.java:<init>(172)) - new 191f8ab8-e14f-4994-8266-5bcab582ff8c-SegmentedRaftLogWorker:Storage Directory /workdir/hadoop-ozone/integration-test/target/test-dir/MiniOzoneClusterImpl-04e0b60f-856d-418d-a8ab-4510f743737b/datanode-1/data/ratis/c339dd49-8a2f-486a-b29f-312c89fb8b67 for RaftStorage:Storage Directory /workdir/hadoop-ozone/integration-test/target/test-dir/MiniOzoneClusterImpl-04e0b60f-856d-418d-a8ab-4510f743737b/datanode-1/data/ratis/c339dd49-8a2f-486a-b29f-312c89fb8b67
2019-07-30 23:29:13,878 INFO  server.RaftServerConfigKeys (ConfUtils.java:logGet(43)) - raft.server.log.queue.byte-limit = 2147483647 (custom)
2019-07-30 23:29:13,879 INFO  server.RaftServerConfigKeys (ConfUtils.java:logGet(43)) - raft.server.log.queue.element-limit = 1024 (custom)
2019-07-30 23:29:13,879 INFO  server.RaftServerConfigKeys (ConfUtils.java:logGet(43)) - raft.server.log.segment.size.max = 1048576 (custom)
2019-07-30 23:29:13,879 INFO  server.RaftServerConfigKeys (ConfUtils.java:logGet(43)) - raft.server.log.preallocated.size = 16384 (custom)
2019-07-30 23:29:13,879 INFO  server.RaftServerConfigKeys (ConfUtils.java:logGet(43)) - raft.server.log.write.buffer.size = 33554432 (custom)
2019-07-30 23:29:13,879 INFO  server.RaftServerConfigKeys (ConfUtils.java:logGet(43)) - raft.server.log.force.sync.num = 128 (default)
2019-07-30 23:29:13,879 INFO  server.RaftServerConfigKeys (ConfUtils.java:logGet(43)) - raft.server.log.statemachine.data.sync = true (default)
2019-07-30 23:29:13,879 INFO  server.RaftServerConfigKeys (ConfUtils.java:logGet(43)) - raft.server.log.statemachine.data.sync.timeout = 10s (default)
2019-07-30 23:29:13,880 INFO  server.RaftServerConfigKeys (ConfUtils.java:logGet(43)) - raft.server.log.statemachine.data.sync.timeout.retry = -1 (default)
2019-07-30 23:29:13,880 INFO  server.RaftServerConfigKeys (ConfUtils.java:logGet(43)) - raft.server.log.statemachine.data.caching.enabled = true (custom)
2019-07-30 23:29:13,881 INFO  segmented.SegmentedRaftLogWorker (SegmentedRaftLogWorker.java:lambda$new$0(132)) - 191f8ab8-e14f-4994-8266-5bcab582ff8c-SegmentedRaftLogWorker:Storage Directory /workdir/hadoop-ozone/integration-test/target/test-dir/MiniOzoneClusterImpl-04e0b60f-856d-418d-a8ab-4510f743737b/datanode-1/data/ratis/c339dd49-8a2f-486a-b29f-312c89fb8b67: flushIndex: setUnconditionally 0 -> -1
2019-07-30 23:29:13,881 INFO  server.RaftServerConfigKeys (ConfUtils.java:logGet(43)) - raft.server.snapshot.auto.trigger.enabled = true (custom)
2019-07-30 23:29:13,881 INFO  storage.RaftStorage (RaftStorage.java:format(72)) - Storage directory /workdir/hadoop-ozone/integration-test/target/test-dir/MiniOzoneClusterImpl-04e0b60f-856d-418d-a8ab-4510f743737b/datanode-0/data/ratis/c339dd49-8a2f-486a-b29f-312c89fb8b67 has been successfully formatted.
2019-07-30 23:29:13,881 INFO  storage.RaftStorage (RaftStorage.java:format(72)) - Storage directory /workdir/hadoop-ozone/integration-test/target/test-dir/MiniOzoneClusterImpl-04e0b60f-856d-418d-a8ab-4510f743737b/datanode-2/data/ratis/c339dd49-8a2f-486a-b29f-312c89fb8b67 has been successfully formatted.
2019-07-30 23:29:13,881 INFO  ratis.ContainerStateMachine (ContainerStateMachine.java:loadSnapshot(213)) - group-312C89FB8B67: The snapshot info is null. Setting the last applied indexto:(t:0, i:~)
2019-07-30 23:29:13,881 INFO  server.RaftServerConfigKeys (ConfUtils.java:logGet(43)) - raft.server.snapshot.auto.trigger.threshold = 10000 (custom)
2019-07-30 23:29:13,882 INFO  server.RaftServerConfigKeys (ConfUtils.java:logGet(43)) - raft.server.leader.election.timeout = 120s (custom)
2019-07-30 23:29:13,882 INFO  ratis.ContainerStateMachine (ContainerStateMachine.java:loadSnapshot(213)) - group-312C89FB8B67: The snapshot info is null. Setting the last applied indexto:(t:0, i:~)
2019-07-30 23:29:13,882 INFO  server.RaftServerConfigKeys (ConfUtils.java:logGet(43)) - raft.server.log.use.memory = false (default)
2019-07-30 23:29:13,882 INFO  server.RaftServerConfigKeys (ConfUtils.java:logGet(43)) - raft.server.retrycache.expirytime = 600000ms (custom)
2019-07-30 23:29:13,882 INFO  server.RaftServerConfigKeys (ConfUtils.java:logGet(43)) - raft.server.log.purge.gap = 1000000000 (custom)
2019-07-30 23:29:13,882 INFO  server.RaftServerConfigKeys (ConfUtils.java:logGet(43)) - raft.server.leader.election.timeout = 120s (custom)
2019-07-30 23:29:13,883 INFO  impl.RaftServerImpl (RaftServerImpl.java:start(180)) - 191f8ab8-e14f-4994-8266-5bcab582ff8c: start group-312C89FB8B67
2019-07-30 23:29:13,883 INFO  server.RaftServerConfigKeys (ConfUtils.java:logGet(43)) - raft.server.log.appender.buffer.byte-limit = 33554432 (custom)
2019-07-30 23:29:13,883 INFO  impl.RaftServerImpl (RaftServerImpl.java:setRole(171)) - 191f8ab8-e14f-4994-8266-5bcab582ff8c:group-312C89FB8B67 changes role from null to FOLLOWER at term 0 for startAsFollower
2019-07-30 23:29:13,883 INFO  server.RaftServerConfigKeys (ConfUtils.java:logGet(43)) - raft.server.log.use.memory = false (default)
2019-07-30 23:29:13,883 INFO  impl.RoleInfo (RoleInfo.java:updateAndGet(143)) - 191f8ab8-e14f-4994-8266-5bcab582ff8c: start FollowerState
2019-07-30 23:29:13,883 INFO  server.RaftServerConfigKeys (ConfUtils.java:logGet(43)) - raft.server.log.segment.size.max = 1048576 (custom)
2019-07-30 23:29:13,883 INFO  server.RaftServerConfigKeys (ConfUtils.java:logGet(43)) - raft.server.log.purge.gap = 1000000000 (custom)
2019-07-30 23:29:13,884 INFO  server.RaftServerConfigKeys (ConfUtils.java:logGet(43)) - raft.server.log.segment.cache.num.max = 2 (custom)
2019-07-30 23:29:13,900 INFO  util.JmxRegister (JmxRegister.java:tryRegister(44)) - Successfully registered JMX Bean with object name Ratis:service=RaftServer,group=group-312C89FB8B67,id=191f8ab8-e14f-4994-8266-5bcab582ff8c
2019-07-30 23:29:13,884 INFO  server.RaftServerConfigKeys (ConfUtils.java:logGet(43)) - raft.server.log.appender.buffer.byte-limit = 33554432 (custom)
2019-07-30 23:29:13,901 INFO  segmented.SegmentedRaftLogWorker (SegmentedRaftLogWorker.java:<init>(172)) - new 86a3b411-9919-4103-89a5-5a4a40c4080c-SegmentedRaftLogWorker:Storage Directory /workdir/hadoop-ozone/integration-test/target/test-dir/MiniOzoneClusterImpl-04e0b60f-856d-418d-a8ab-4510f743737b/datanode-0/data/ratis/c339dd49-8a2f-486a-b29f-312c89fb8b67 for RaftStorage:Storage Directory /workdir/hadoop-ozone/integration-test/target/test-dir/MiniOzoneClusterImpl-04e0b60f-856d-418d-a8ab-4510f743737b/datanode-0/data/ratis/c339dd49-8a2f-486a-b29f-312c89fb8b67
2019-07-30 23:29:13,901 INFO  server.RaftServerConfigKeys (ConfUtils.java:logGet(43)) - raft.server.log.segment.size.max = 1048576 (custom)
2019-07-30 23:29:13,909 INFO  server.RaftServerConfigKeys (ConfUtils.java:logGet(43)) - raft.server.log.queue.byte-limit = 2147483647 (custom)
2019-07-30 23:29:13,909 INFO  server.RaftServerConfigKeys (ConfUtils.java:logGet(43)) - raft.server.log.segment.cache.num.max = 2 (custom)
2019-07-30 23:29:13,909 INFO  server.RaftServerConfigKeys (ConfUtils.java:logGet(43)) - raft.server.log.queue.element-limit = 1024 (custom)
2019-07-30 23:29:13,909 INFO  segmented.SegmentedRaftLogWorker (SegmentedRaftLogWorker.java:<init>(172)) - new 7e5fe5ea-e277-440c-a865-2e37fe357929-SegmentedRaftLogWorker:Storage Directory /workdir/hadoop-ozone/integration-test/target/test-dir/MiniOzoneClusterImpl-04e0b60f-856d-418d-a8ab-4510f743737b/datanode-2/data/ratis/c339dd49-8a2f-486a-b29f-312c89fb8b67 for RaftStorage:Storage Directory /workdir/hadoop-ozone/integration-test/target/test-dir/MiniOzoneClusterImpl-04e0b60f-856d-418d-a8ab-4510f743737b/datanode-2/data/ratis/c339dd49-8a2f-486a-b29f-312c89fb8b67
2019-07-30 23:29:13,909 INFO  server.RaftServerConfigKeys (ConfUtils.java:logGet(43)) - raft.server.log.segment.size.max = 1048576 (custom)
2019-07-30 23:29:13,909 INFO  server.RaftServerConfigKeys (ConfUtils.java:logGet(43)) - raft.server.log.queue.byte-limit = 2147483647 (custom)
2019-07-30 23:29:13,910 INFO  server.RaftServerConfigKeys (ConfUtils.java:logGet(43)) - raft.server.log.preallocated.size = 16384 (custom)
2019-07-30 23:29:13,910 INFO  server.RaftServerConfigKeys (ConfUtils.java:logGet(43)) - raft.server.log.queue.element-limit = 1024 (custom)
2019-07-30 23:29:13,910 INFO  server.RaftServerConfigKeys (ConfUtils.java:logGet(43)) - raft.server.log.write.buffer.size = 33554432 (custom)
2019-07-30 23:29:13,910 INFO  server.RaftServerConfigKeys (ConfUtils.java:logGet(43)) - raft.server.log.segment.size.max = 1048576 (custom)
2019-07-30 23:29:13,910 INFO  server.RaftServerConfigKeys (ConfUtils.java:logGet(43)) - raft.server.log.force.sync.num = 128 (default)
2019-07-30 23:29:13,910 INFO  server.RaftServerConfigKeys (ConfUtils.java:logGet(43)) - raft.server.log.preallocated.size = 16384 (custom)
2019-07-30 23:29:13,911 INFO  server.RaftServerConfigKeys (ConfUtils.java:logGet(43)) - raft.server.log.statemachine.data.sync = true (default)
2019-07-30 23:29:13,911 INFO  server.RaftServerConfigKeys (ConfUtils.java:logGet(43)) - raft.server.log.write.buffer.size = 33554432 (custom)
2019-07-30 23:29:13,911 INFO  server.RaftServerConfigKeys (ConfUtils.java:logGet(43)) - raft.server.log.statemachine.data.sync.timeout = 10s (default)
2019-07-30 23:29:13,911 INFO  server.RaftServerConfigKeys (ConfUtils.java:logGet(43)) - raft.server.log.force.sync.num = 128 (default)
2019-07-30 23:29:13,911 INFO  server.RaftServerConfigKeys (ConfUtils.java:logGet(43)) - raft.server.log.statemachine.data.sync.timeout.retry = -1 (default)
2019-07-30 23:29:13,911 INFO  server.RaftServerConfigKeys (ConfUtils.java:logGet(43)) - raft.server.log.statemachine.data.sync = true (default)
2019-07-30 23:29:13,912 INFO  server.RaftServerConfigKeys (ConfUtils.java:logGet(43)) - raft.server.log.statemachine.data.caching.enabled = true (custom)
2019-07-30 23:29:13,912 INFO  server.RaftServerConfigKeys (ConfUtils.java:logGet(43)) - raft.server.log.statemachine.data.sync.timeout = 10s (default)
2019-07-30 23:29:13,912 INFO  segmented.SegmentedRaftLogWorker (SegmentedRaftLogWorker.java:lambda$new$0(132)) - 86a3b411-9919-4103-89a5-5a4a40c4080c-SegmentedRaftLogWorker:Storage Directory /workdir/hadoop-ozone/integration-test/target/test-dir/MiniOzoneClusterImpl-04e0b60f-856d-418d-a8ab-4510f743737b/datanode-0/data/ratis/c339dd49-8a2f-486a-b29f-312c89fb8b67: flushIndex: setUnconditionally 0 -> -1
2019-07-30 23:29:13,912 INFO  server.RaftServerConfigKeys (ConfUtils.java:logGet(43)) - raft.server.log.statemachine.data.sync.timeout.retry = -1 (default)
2019-07-30 23:29:13,912 INFO  server.RaftServerConfigKeys (ConfUtils.java:logGet(43)) - raft.server.snapshot.auto.trigger.enabled = true (custom)
2019-07-30 23:29:13,912 INFO  server.RaftServerConfigKeys (ConfUtils.java:logGet(43)) - raft.server.log.statemachine.data.caching.enabled = true (custom)
2019-07-30 23:29:13,913 INFO  server.RaftServerConfigKeys (ConfUtils.java:logGet(43)) - raft.server.snapshot.auto.trigger.threshold = 10000 (custom)
2019-07-30 23:29:13,913 INFO  segmented.SegmentedRaftLogWorker (SegmentedRaftLogWorker.java:lambda$new$0(132)) - 7e5fe5ea-e277-440c-a865-2e37fe357929-SegmentedRaftLogWorker:Storage Directory /workdir/hadoop-ozone/integration-test/target/test-dir/MiniOzoneClusterImpl-04e0b60f-856d-418d-a8ab-4510f743737b/datanode-2/data/ratis/c339dd49-8a2f-486a-b29f-312c89fb8b67: flushIndex: setUnconditionally 0 -> -1
2019-07-30 23:29:13,913 INFO  server.RaftServerConfigKeys (ConfUtils.java:logGet(43)) - raft.server.retrycache.expirytime = 600000ms (custom)
2019-07-30 23:29:13,913 INFO  impl.RaftServerImpl (RaftServerImpl.java:start(180)) - 86a3b411-9919-4103-89a5-5a4a40c4080c: start group-312C89FB8B67
2019-07-30 23:29:13,913 INFO  server.RaftServerConfigKeys (ConfUtils.java:logGet(43)) - raft.server.snapshot.auto.trigger.enabled = true (custom)
2019-07-30 23:29:13,913 INFO  impl.RaftServerImpl (RaftServerImpl.java:setRole(171)) - 86a3b411-9919-4103-89a5-5a4a40c4080c:group-312C89FB8B67 changes role from null to FOLLOWER at term 0 for startAsFollower
2019-07-30 23:29:13,914 INFO  server.RaftServerConfigKeys (ConfUtils.java:logGet(43)) - raft.server.snapshot.auto.trigger.threshold = 10000 (custom)
2019-07-30 23:29:13,914 INFO  impl.RoleInfo (RoleInfo.java:updateAndGet(143)) - 86a3b411-9919-4103-89a5-5a4a40c4080c: start FollowerState
2019-07-30 23:29:13,914 INFO  server.RaftServerConfigKeys (ConfUtils.java:logGet(43)) - raft.server.retrycache.expirytime = 600000ms (custom)
2019-07-30 23:29:13,914 INFO  impl.RaftServerImpl (RaftServerImpl.java:start(180)) - 7e5fe5ea-e277-440c-a865-2e37fe357929: start group-312C89FB8B67
2019-07-30 23:29:13,914 INFO  util.JmxRegister (JmxRegister.java:tryRegister(44)) - Successfully registered JMX Bean with object name Ratis:service=RaftServer,group=group-312C89FB8B67,id=86a3b411-9919-4103-89a5-5a4a40c4080c
2019-07-30 23:29:13,914 INFO  impl.RaftServerImpl (RaftServerImpl.java:setRole(171)) - 7e5fe5ea-e277-440c-a865-2e37fe357929:group-312C89FB8B67 changes role from null to FOLLOWER at term 0 for startAsFollower
2019-07-30 23:29:13,915 INFO  impl.RoleInfo (RoleInfo.java:updateAndGet(143)) - 7e5fe5ea-e277-440c-a865-2e37fe357929: start FollowerState
2019-07-30 23:29:13,915 INFO  util.JmxRegister (JmxRegister.java:tryRegister(44)) - Successfully registered JMX Bean with object name Ratis:service=RaftServer,group=group-312C89FB8B67,id=7e5fe5ea-e277-440c-a865-2e37fe357929
2019-07-30 23:29:13,918 INFO  pipeline.PipelineStateManager (PipelineStateManager.java:addPipeline(56)) - Created pipeline Pipeline[ Id: c339dd49-8a2f-486a-b29f-312c89fb8b67, Nodes: 7e5fe5ea-e277-440c-a865-2e37fe357929{ip: 192.168.5.171, host: byscane-nightly-g5r4k-612667210, networkLocation: /default-rack, certSerialId: null}191f8ab8-e14f-4994-8266-5bcab582ff8c{ip: 192.168.5.171, host: byscane-nightly-g5r4k-612667210, networkLocation: /default-rack, certSerialId: null}86a3b411-9919-4103-89a5-5a4a40c4080c{ip: 192.168.5.171, host: byscane-nightly-g5r4k-612667210, networkLocation: /default-rack, certSerialId: null}, Type:RATIS, Factor:THREE, State:OPEN]
2019-07-30 23:29:14,002 INFO  net.NetworkTopology (NetworkTopologyImpl.java:add(110)) - Added a new node: /default-rack/0684775e-916d-4429-829d-be7e5ceb7429
2019-07-30 23:29:14,003 INFO  node.SCMNodeManager (SCMNodeManager.java:register(273)) - Registered Data node : 0684775e-916d-4429-829d-be7e5ceb7429{ip: 192.168.5.171, host: byscane-nightly-g5r4k-612667210, networkLocation: /default-rack, certSerialId: null}
2019-07-30 23:29:14,019 INFO  impl.RaftServerProxy (RaftServerProxy.java:addNew(89)) - 0684775e-916d-4429-829d-be7e5ceb7429: addNew group-BC80D9FE95EE:[0684775e-916d-4429-829d-be7e5ceb7429:192.168.5.171:42551] returns group-BC80D9FE95EE:java.util.concurrent.CompletableFuture@31d58e0f[Not completed]
2019-07-30 23:29:14,021 INFO  impl.RaftServerImpl (RaftServerImpl.java:<init>(93)) - 0684775e-916d-4429-829d-be7e5ceb7429: new RaftServerImpl for group-BC80D9FE95EE:[0684775e-916d-4429-829d-be7e5ceb7429:192.168.5.171:42551] with ContainerStateMachine:uninitialized
2019-07-30 23:29:14,021 INFO  server.RaftServerConfigKeys (ConfUtils.java:logGet(43)) - raft.server.rpc.timeout.min = 5s (custom)
2019-07-30 23:29:14,021 INFO  server.RaftServerConfigKeys (ConfUtils.java:logGet(43)) - raft.server.rpc.timeout.max = 5200ms (custom)
2019-07-30 23:29:14,021 INFO  server.RaftServerConfigKeys (ConfUtils.java:logGet(43)) - raft.server.rpcslowness.timeout = 120s (custom)
2019-07-30 23:29:14,021 INFO  server.RaftServerConfigKeys (ConfUtils.java:logGet(43)) - raft.server.sleep.deviation.threshold = 300 (default)
2019-07-30 23:29:14,021 INFO  server.RaftServerConfigKeys (ConfUtils.java:logGet(43)) - raft.server.log.appender.install.snapshot.enabled = false (custom)
2019-07-30 23:29:14,022 INFO  impl.RaftServerImpl (ServerState.java:<init>(105)) - 0684775e-916d-4429-829d-be7e5ceb7429:group-BC80D9FE95EE ConfigurationManager, init=-1: [0684775e-916d-4429-829d-be7e5ceb7429:192.168.5.171:42551], old=null, confs=<EMPTY_MAP>
2019-07-30 23:29:14,022 INFO  server.RaftServerConfigKeys (ConfUtils.java:logGet(43)) - raft.server.storage.dir = [/workdir/hadoop-ozone/integration-test/target/test-dir/MiniOzoneClusterImpl-04e0b60f-856d-418d-a8ab-4510f743737b/datanode-3/data/ratis] (custom)
2019-07-30 23:29:14,022 INFO  storage.RaftStorageDirectory (RaftStorageDirectory.java:analyzeStorage(246)) - The storage directory /workdir/hadoop-ozone/integration-test/target/test-dir/MiniOzoneClusterImpl-04e0b60f-856d-418d-a8ab-4510f743737b/datanode-3/data/ratis/9d282874-18e4-4a74-bf19-bc80d9fe95ee does not exist. Creating ...
2019-07-30 23:29:14,028 INFO  storage.RaftStorageDirectory (RaftStorageDirectory.java:tryLock(328)) - Lock on /workdir/hadoop-ozone/integration-test/target/test-dir/MiniOzoneClusterImpl-04e0b60f-856d-418d-a8ab-4510f743737b/datanode-3/data/ratis/9d282874-18e4-4a74-bf19-bc80d9fe95ee/in_use.lock acquired by nodename 12099@byscane-nightly-g5r4k-612667210
2019-07-30 23:29:14,031 INFO  storage.RaftStorage (RaftStorage.java:format(72)) - Storage directory /workdir/hadoop-ozone/integration-test/target/test-dir/MiniOzoneClusterImpl-04e0b60f-856d-418d-a8ab-4510f743737b/datanode-3/data/ratis/9d282874-18e4-4a74-bf19-bc80d9fe95ee has been successfully formatted.
2019-07-30 23:29:14,032 INFO  ratis.ContainerStateMachine (ContainerStateMachine.java:loadSnapshot(213)) - group-BC80D9FE95EE: The snapshot info is null. Setting the last applied indexto:(t:0, i:~)
2019-07-30 23:29:14,032 INFO  server.RaftServerConfigKeys (ConfUtils.java:logGet(43)) - raft.server.leader.election.timeout = 120s (custom)
2019-07-30 23:29:14,032 INFO  server.RaftServerConfigKeys (ConfUtils.java:logGet(43)) - raft.server.log.use.memory = false (default)
2019-07-30 23:29:14,032 INFO  server.RaftServerConfigKeys (ConfUtils.java:logGet(43)) - raft.server.log.purge.gap = 1000000000 (custom)
2019-07-30 23:29:14,032 INFO  server.RaftServerConfigKeys (ConfUtils.java:logGet(43)) - raft.server.log.appender.buffer.byte-limit = 33554432 (custom)
2019-07-30 23:29:14,032 INFO  server.RaftServerConfigKeys (ConfUtils.java:logGet(43)) - raft.server.log.segment.size.max = 1048576 (custom)
2019-07-30 23:29:14,033 INFO  server.RaftServerConfigKeys (ConfUtils.java:logGet(43)) - raft.server.log.segment.cache.num.max = 2 (custom)
2019-07-30 23:29:14,033 INFO  segmented.SegmentedRaftLogWorker (SegmentedRaftLogWorker.java:<init>(172)) - new 0684775e-916d-4429-829d-be7e5ceb7429-SegmentedRaftLogWorker:Storage Directory /workdir/hadoop-ozone/integration-test/target/test-dir/MiniOzoneClusterImpl-04e0b60f-856d-418d-a8ab-4510f743737b/datanode-3/data/ratis/9d282874-18e4-4a74-bf19-bc80d9fe95ee for RaftStorage:Storage Directory /workdir/hadoop-ozone/integration-test/target/test-dir/MiniOzoneClusterImpl-04e0b60f-856d-418d-a8ab-4510f743737b/datanode-3/data/ratis/9d282874-18e4-4a74-bf19-bc80d9fe95ee
2019-07-30 23:29:14,033 INFO  server.RaftServerConfigKeys (ConfUtils.java:logGet(43)) - raft.server.log.queue.byte-limit = 2147483647 (custom)
2019-07-30 23:29:14,033 INFO  server.RaftServerConfigKeys (ConfUtils.java:logGet(43)) - raft.server.log.queue.element-limit = 1024 (custom)
2019-07-30 23:29:14,033 INFO  server.RaftServerConfigKeys (ConfUtils.java:logGet(43)) - raft.server.log.segment.size.max = 1048576 (custom)
2019-07-30 23:29:14,033 INFO  server.RaftServerConfigKeys (ConfUtils.java:logGet(43)) - raft.server.log.preallocated.size = 16384 (custom)
2019-07-30 23:29:14,034 INFO  server.RaftServerConfigKeys (ConfUtils.java:logGet(43)) - raft.server.log.write.buffer.size = 33554432 (custom)
2019-07-30 23:29:14,034 INFO  server.RaftServerConfigKeys (ConfUtils.java:logGet(43)) - raft.server.log.force.sync.num = 128 (default)
2019-07-30 23:29:14,034 INFO  server.RaftServerConfigKeys (ConfUtils.java:logGet(43)) - raft.server.log.statemachine.data.sync = true (default)
2019-07-30 23:29:14,034 INFO  server.RaftServerConfigKeys (ConfUtils.java:logGet(43)) - raft.server.log.statemachine.data.sync.timeout = 10s (default)
2019-07-30 23:29:14,034 INFO  server.RaftServerConfigKeys (ConfUtils.java:logGet(43)) - raft.server.log.statemachine.data.sync.timeout.retry = -1 (default)
2019-07-30 23:29:14,035 INFO  server.RaftServerConfigKeys (ConfUtils.java:logGet(43)) - raft.server.log.statemachine.data.caching.enabled = true (custom)
2019-07-30 23:29:14,035 INFO  segmented.SegmentedRaftLogWorker (SegmentedRaftLogWorker.java:lambda$new$0(132)) - 0684775e-916d-4429-829d-be7e5ceb7429-SegmentedRaftLogWorker:Storage Directory /workdir/hadoop-ozone/integration-test/target/test-dir/MiniOzoneClusterImpl-04e0b60f-856d-418d-a8ab-4510f743737b/datanode-3/data/ratis/9d282874-18e4-4a74-bf19-bc80d9fe95ee: flushIndex: setUnconditionally 0 -> -1
2019-07-30 23:29:14,035 INFO  server.RaftServerConfigKeys (ConfUtils.java:logGet(43)) - raft.server.snapshot.auto.trigger.enabled = true (custom)
2019-07-30 23:29:14,035 INFO  server.RaftServerConfigKeys (ConfUtils.java:logGet(43)) - raft.server.snapshot.auto.trigger.threshold = 10000 (custom)
2019-07-30 23:29:14,036 INFO  server.RaftServerConfigKeys (ConfUtils.java:logGet(43)) - raft.server.retrycache.expirytime = 600000ms (custom)
2019-07-30 23:29:14,036 INFO  impl.RaftServerImpl (RaftServerImpl.java:start(180)) - 0684775e-916d-4429-829d-be7e5ceb7429: start group-BC80D9FE95EE
2019-07-30 23:29:14,036 INFO  impl.RaftServerImpl (RaftServerImpl.java:setRole(171)) - 0684775e-916d-4429-829d-be7e5ceb7429:group-BC80D9FE95EE changes role from null to FOLLOWER at term 0 for startAsFollower
2019-07-30 23:29:14,036 INFO  impl.RoleInfo (RoleInfo.java:updateAndGet(143)) - 0684775e-916d-4429-829d-be7e5ceb7429: start FollowerState
2019-07-30 23:29:14,037 INFO  util.JmxRegister (JmxRegister.java:tryRegister(44)) - Successfully registered JMX Bean with object name Ratis:service=RaftServer,group=group-BC80D9FE95EE,id=0684775e-916d-4429-829d-be7e5ceb7429
2019-07-30 23:29:14,040 INFO  pipeline.PipelineStateManager (PipelineStateManager.java:addPipeline(56)) - Created pipeline Pipeline[ Id: 9d282874-18e4-4a74-bf19-bc80d9fe95ee, Nodes: 0684775e-916d-4429-829d-be7e5ceb7429{ip: 192.168.5.171, host: byscane-nightly-g5r4k-612667210, networkLocation: /default-rack, certSerialId: null}, Type:RATIS, Factor:ONE, State:OPEN]
2019-07-30 23:29:14,429 INFO  net.NetworkTopology (NetworkTopologyImpl.java:add(110)) - Added a new node: /default-rack/cca5e6ee-3bc4-4289-bd74-f62bf5c30f12
2019-07-30 23:29:14,429 INFO  node.SCMNodeManager (SCMNodeManager.java:register(273)) - Registered Data node : cca5e6ee-3bc4-4289-bd74-f62bf5c30f12{ip: 192.168.5.171, host: byscane-nightly-g5r4k-612667210, networkLocation: /default-rack, certSerialId: null}
2019-07-30 23:29:14,442 INFO  impl.RaftServerProxy (RaftServerProxy.java:addNew(89)) - cca5e6ee-3bc4-4289-bd74-f62bf5c30f12: addNew group-BB5B5950F92B:[cca5e6ee-3bc4-4289-bd74-f62bf5c30f12:192.168.5.171:36419] returns group-BB5B5950F92B:java.util.concurrent.CompletableFuture@29fd20c9[Not completed]
2019-07-30 23:29:14,444 INFO  impl.RaftServerImpl (RaftServerImpl.java:<init>(93)) - cca5e6ee-3bc4-4289-bd74-f62bf5c30f12: new RaftServerImpl for group-BB5B5950F92B:[cca5e6ee-3bc4-4289-bd74-f62bf5c30f12:192.168.5.171:36419] with ContainerStateMachine:uninitialized
2019-07-30 23:29:14,445 INFO  server.RaftServerConfigKeys (ConfUtils.java:logGet(43)) - raft.server.rpc.timeout.min = 5s (custom)
2019-07-30 23:29:14,445 INFO  server.RaftServerConfigKeys (ConfUtils.java:logGet(43)) - raft.server.rpc.timeout.max = 5200ms (custom)
2019-07-30 23:29:14,445 INFO  server.RaftServerConfigKeys (ConfUtils.java:logGet(43)) - raft.server.rpcslowness.timeout = 120s (custom)
2019-07-30 23:29:14,445 INFO  server.RaftServerConfigKeys (ConfUtils.java:logGet(43)) - raft.server.sleep.deviation.threshold = 300 (default)
2019-07-30 23:29:14,445 INFO  server.RaftServerConfigKeys (ConfUtils.java:logGet(43)) - raft.server.log.appender.install.snapshot.enabled = false (custom)
2019-07-30 23:29:14,446 INFO  impl.RaftServerImpl (ServerState.java:<init>(105)) - cca5e6ee-3bc4-4289-bd74-f62bf5c30f12:group-BB5B5950F92B ConfigurationManager, init=-1: [cca5e6ee-3bc4-4289-bd74-f62bf5c30f12:192.168.5.171:36419], old=null, confs=<EMPTY_MAP>
2019-07-30 23:29:14,446 INFO  server.RaftServerConfigKeys (ConfUtils.java:logGet(43)) - raft.server.storage.dir = [/workdir/hadoop-ozone/integration-test/target/test-dir/MiniOzoneClusterImpl-04e0b60f-856d-418d-a8ab-4510f743737b/datanode-4/data/ratis] (custom)
2019-07-30 23:29:14,446 INFO  storage.RaftStorageDirectory (RaftStorageDirectory.java:analyzeStorage(246)) - The storage directory /workdir/hadoop-ozone/integration-test/target/test-dir/MiniOzoneClusterImpl-04e0b60f-856d-418d-a8ab-4510f743737b/datanode-4/data/ratis/1ec3448d-768f-4769-86f2-bb5b5950f92b does not exist. Creating ...
2019-07-30 23:29:14,456 INFO  storage.RaftStorageDirectory (RaftStorageDirectory.java:tryLock(328)) - Lock on /workdir/hadoop-ozone/integration-test/target/test-dir/MiniOzoneClusterImpl-04e0b60f-856d-418d-a8ab-4510f743737b/datanode-4/data/ratis/1ec3448d-768f-4769-86f2-bb5b5950f92b/in_use.lock acquired by nodename 12099@byscane-nightly-g5r4k-612667210
2019-07-30 23:29:14,464 INFO  storage.RaftStorage (RaftStorage.java:format(72)) - Storage directory /workdir/hadoop-ozone/integration-test/target/test-dir/MiniOzoneClusterImpl-04e0b60f-856d-418d-a8ab-4510f743737b/datanode-4/data/ratis/1ec3448d-768f-4769-86f2-bb5b5950f92b has been successfully formatted.
2019-07-30 23:29:14,465 INFO  ratis.ContainerStateMachine (ContainerStateMachine.java:loadSnapshot(213)) - group-BB5B5950F92B: The snapshot info is null. Setting the last applied indexto:(t:0, i:~)
2019-07-30 23:29:14,465 INFO  server.RaftServerConfigKeys (ConfUtils.java:logGet(43)) - raft.server.leader.election.timeout = 120s (custom)
2019-07-30 23:29:14,465 INFO  server.RaftServerConfigKeys (ConfUtils.java:logGet(43)) - raft.server.log.use.memory = false (default)
2019-07-30 23:29:14,465 INFO  server.RaftServerConfigKeys (ConfUtils.java:logGet(43)) - raft.server.log.purge.gap = 1000000000 (custom)
2019-07-30 23:29:14,466 INFO  server.RaftServerConfigKeys (ConfUtils.java:logGet(43)) - raft.server.log.appender.buffer.byte-limit = 33554432 (custom)
2019-07-30 23:29:14,466 INFO  server.RaftServerConfigKeys (ConfUtils.java:logGet(43)) - raft.server.log.segment.size.max = 1048576 (custom)
2019-07-30 23:29:14,466 INFO  server.RaftServerConfigKeys (ConfUtils.java:logGet(43)) - raft.server.log.segment.cache.num.max = 2 (custom)
2019-07-30 23:29:14,466 INFO  segmented.SegmentedRaftLogWorker (SegmentedRaftLogWorker.java:<init>(172)) - new cca5e6ee-3bc4-4289-bd74-f62bf5c30f12-SegmentedRaftLogWorker:Storage Directory /workdir/hadoop-ozone/integration-test/target/test-dir/MiniOzoneClusterImpl-04e0b60f-856d-418d-a8ab-4510f743737b/datanode-4/data/ratis/1ec3448d-768f-4769-86f2-bb5b5950f92b for RaftStorage:Storage Directory /workdir/hadoop-ozone/integration-test/target/test-dir/MiniOzoneClusterImpl-04e0b60f-856d-418d-a8ab-4510f743737b/datanode-4/data/ratis/1ec3448d-768f-4769-86f2-bb5b5950f92b
2019-07-30 23:29:14,466 INFO  server.RaftServerConfigKeys (ConfUtils.java:logGet(43)) - raft.server.log.queue.byte-limit = 2147483647 (custom)
2019-07-30 23:29:14,467 INFO  server.RaftServerConfigKeys (ConfUtils.java:logGet(43)) - raft.server.log.queue.element-limit = 1024 (custom)
2019-07-30 23:29:14,467 INFO  server.RaftServerConfigKeys (ConfUtils.java:logGet(43)) - raft.server.log.segment.size.max = 1048576 (custom)
2019-07-30 23:29:14,467 INFO  server.RaftServerConfigKeys (ConfUtils.java:logGet(43)) - raft.server.log.preallocated.size = 16384 (custom)
2019-07-30 23:29:14,467 INFO  server.RaftServerConfigKeys (ConfUtils.java:logGet(43)) - raft.server.log.write.buffer.size = 33554432 (custom)
2019-07-30 23:29:14,467 INFO  server.RaftServerConfigKeys (ConfUtils.java:logGet(43)) - raft.server.log.force.sync.num = 128 (default)
2019-07-30 23:29:14,468 INFO  server.RaftServerConfigKeys (ConfUtils.java:logGet(43)) - raft.server.log.statemachine.data.sync = true (default)
2019-07-30 23:29:14,468 INFO  server.RaftServerConfigKeys (ConfUtils.java:logGet(43)) - raft.server.log.statemachine.data.sync.timeout = 10s (default)
2019-07-30 23:29:14,468 INFO  server.RaftServerConfigKeys (ConfUtils.java:logGet(43)) - raft.server.log.statemachine.data.sync.timeout.retry = -1 (default)
2019-07-30 23:29:14,468 INFO  server.RaftServerConfigKeys (ConfUtils.java:logGet(43)) - raft.server.log.statemachine.data.caching.enabled = true (custom)
2019-07-30 23:29:14,469 INFO  segmented.SegmentedRaftLogWorker (SegmentedRaftLogWorker.java:lambda$new$0(132)) - cca5e6ee-3bc4-4289-bd74-f62bf5c30f12-SegmentedRaftLogWorker:Storage Directory /workdir/hadoop-ozone/integration-test/target/test-dir/MiniOzoneClusterImpl-04e0b60f-856d-418d-a8ab-4510f743737b/datanode-4/data/ratis/1ec3448d-768f-4769-86f2-bb5b5950f92b: flushIndex: setUnconditionally 0 -> -1
2019-07-30 23:29:14,469 INFO  server.RaftServerConfigKeys (ConfUtils.java:logGet(43)) - raft.server.snapshot.auto.trigger.enabled = true (custom)
2019-07-30 23:29:14,469 INFO  server.RaftServerConfigKeys (ConfUtils.java:logGet(43)) - raft.server.snapshot.auto.trigger.threshold = 10000 (custom)
2019-07-30 23:29:14,470 INFO  server.RaftServerConfigKeys (ConfUtils.java:logGet(43)) - raft.server.retrycache.expirytime = 600000ms (custom)
2019-07-30 23:29:14,470 INFO  impl.RaftServerImpl (RaftServerImpl.java:start(180)) - cca5e6ee-3bc4-4289-bd74-f62bf5c30f12: start group-BB5B5950F92B
2019-07-30 23:29:14,470 INFO  impl.RaftServerImpl (RaftServerImpl.java:setRole(171)) - cca5e6ee-3bc4-4289-bd74-f62bf5c30f12:group-BB5B5950F92B changes role from null to FOLLOWER at term 0 for startAsFollower
2019-07-30 23:29:14,470 INFO  impl.RoleInfo (RoleInfo.java:updateAndGet(143)) - cca5e6ee-3bc4-4289-bd74-f62bf5c30f12: start FollowerState
2019-07-30 23:29:14,471 INFO  util.JmxRegister (JmxRegister.java:tryRegister(44)) - Successfully registered JMX Bean with object name Ratis:service=RaftServer,group=group-BB5B5950F92B,id=cca5e6ee-3bc4-4289-bd74-f62bf5c30f12
2019-07-30 23:29:14,474 INFO  pipeline.PipelineStateManager (PipelineStateManager.java:addPipeline(56)) - Created pipeline Pipeline[ Id: 1ec3448d-768f-4769-86f2-bb5b5950f92b, Nodes: cca5e6ee-3bc4-4289-bd74-f62bf5c30f12{ip: 192.168.5.171, host: byscane-nightly-g5r4k-612667210, networkLocation: /default-rack, certSerialId: null}, Type:RATIS, Factor:ONE, State:OPEN]
2019-07-30 23:29:14,665 INFO  net.NetworkTopology (NetworkTopologyImpl.java:add(110)) - Added a new node: /default-rack/aca150cc-fee0-4b79-9a6e-e087870480f7
2019-07-30 23:29:14,665 INFO  node.SCMNodeManager (SCMNodeManager.java:register(273)) - Registered Data node : aca150cc-fee0-4b79-9a6e-e087870480f7{ip: 192.168.5.171, host: byscane-nightly-g5r4k-612667210, networkLocation: /default-rack, certSerialId: null}
2019-07-30 23:29:14,680 INFO  impl.RaftServerProxy (RaftServerProxy.java:addNew(89)) - aca150cc-fee0-4b79-9a6e-e087870480f7: addNew group-C38ED460CDF5:[aca150cc-fee0-4b79-9a6e-e087870480f7:192.168.5.171:37865] returns group-C38ED460CDF5:java.util.concurrent.CompletableFuture@27fb8216[Not completed]
2019-07-30 23:29:14,682 INFO  impl.RaftServerImpl (RaftServerImpl.java:<init>(93)) - aca150cc-fee0-4b79-9a6e-e087870480f7: new RaftServerImpl for group-C38ED460CDF5:[aca150cc-fee0-4b79-9a6e-e087870480f7:192.168.5.171:37865] with ContainerStateMachine:uninitialized
2019-07-30 23:29:14,682 INFO  server.RaftServerConfigKeys (ConfUtils.java:logGet(43)) - raft.server.rpc.timeout.min = 5s (custom)
2019-07-30 23:29:14,682 INFO  server.RaftServerConfigKeys (ConfUtils.java:logGet(43)) - raft.server.rpc.timeout.max = 5200ms (custom)
2019-07-30 23:29:14,682 INFO  server.RaftServerConfigKeys (ConfUtils.java:logGet(43)) - raft.server.rpcslowness.timeout = 120s (custom)
2019-07-30 23:29:14,682 INFO  server.RaftServerConfigKeys (ConfUtils.java:logGet(43)) - raft.server.sleep.deviation.threshold = 300 (default)
2019-07-30 23:29:14,683 INFO  server.RaftServerConfigKeys (ConfUtils.java:logGet(43)) - raft.server.log.appender.install.snapshot.enabled = false (custom)
2019-07-30 23:29:14,683 INFO  impl.RaftServerImpl (ServerState.java:<init>(105)) - aca150cc-fee0-4b79-9a6e-e087870480f7:group-C38ED460CDF5 ConfigurationManager, init=-1: [aca150cc-fee0-4b79-9a6e-e087870480f7:192.168.5.171:37865], old=null, confs=<EMPTY_MAP>
2019-07-30 23:29:14,683 INFO  server.RaftServerConfigKeys (ConfUtils.java:logGet(43)) - raft.server.storage.dir = [/workdir/hadoop-ozone/integration-test/target/test-dir/MiniOzoneClusterImpl-04e0b60f-856d-418d-a8ab-4510f743737b/datanode-5/data/ratis] (custom)
2019-07-30 23:29:14,684 INFO  storage.RaftStorageDirectory (RaftStorageDirectory.java:analyzeStorage(246)) - The storage directory /workdir/hadoop-ozone/integration-test/target/test-dir/MiniOzoneClusterImpl-04e0b60f-856d-418d-a8ab-4510f743737b/datanode-5/data/ratis/c71021a5-3ebb-42c7-87d4-c38ed460cdf5 does not exist. Creating ...
2019-07-30 23:29:14,690 INFO  storage.RaftStorageDirectory (RaftStorageDirectory.java:tryLock(328)) - Lock on /workdir/hadoop-ozone/integration-test/target/test-dir/MiniOzoneClusterImpl-04e0b60f-856d-418d-a8ab-4510f743737b/datanode-5/data/ratis/c71021a5-3ebb-42c7-87d4-c38ed460cdf5/in_use.lock acquired by nodename 12099@byscane-nightly-g5r4k-612667210
2019-07-30 23:29:14,694 INFO  storage.RaftStorage (RaftStorage.java:format(72)) - Storage directory /workdir/hadoop-ozone/integration-test/target/test-dir/MiniOzoneClusterImpl-04e0b60f-856d-418d-a8ab-4510f743737b/datanode-5/data/ratis/c71021a5-3ebb-42c7-87d4-c38ed460cdf5 has been successfully formatted.
2019-07-30 23:29:14,694 INFO  ratis.ContainerStateMachine (ContainerStateMachine.java:loadSnapshot(213)) - group-C38ED460CDF5: The snapshot info is null. Setting the last applied indexto:(t:0, i:~)
2019-07-30 23:29:14,695 INFO  server.RaftServerConfigKeys (ConfUtils.java:logGet(43)) - raft.server.leader.election.timeout = 120s (custom)
2019-07-30 23:29:14,695 INFO  server.RaftServerConfigKeys (ConfUtils.java:logGet(43)) - raft.server.log.use.memory = false (default)
2019-07-30 23:29:14,695 INFO  server.RaftServerConfigKeys (ConfUtils.java:logGet(43)) - raft.server.log.purge.gap = 1000000000 (custom)
2019-07-30 23:29:14,695 INFO  server.RaftServerConfigKeys (ConfUtils.java:logGet(43)) - raft.server.log.appender.buffer.byte-limit = 33554432 (custom)
2019-07-30 23:29:14,695 INFO  server.RaftServerConfigKeys (ConfUtils.java:logGet(43)) - raft.server.log.segment.size.max = 1048576 (custom)
2019-07-30 23:29:14,696 INFO  server.RaftServerConfigKeys (ConfUtils.java:logGet(43)) - raft.server.log.segment.cache.num.max = 2 (custom)
2019-07-30 23:29:14,696 INFO  segmented.SegmentedRaftLogWorker (SegmentedRaftLogWorker.java:<init>(172)) - new aca150cc-fee0-4b79-9a6e-e087870480f7-SegmentedRaftLogWorker:Storage Directory /workdir/hadoop-ozone/integration-test/target/test-dir/MiniOzoneClusterImpl-04e0b60f-856d-418d-a8ab-4510f743737b/datanode-5/data/ratis/c71021a5-3ebb-42c7-87d4-c38ed460cdf5 for RaftStorage:Storage Directory /workdir/hadoop-ozone/integration-test/target/test-dir/MiniOzoneClusterImpl-04e0b60f-856d-418d-a8ab-4510f743737b/datanode-5/data/ratis/c71021a5-3ebb-42c7-87d4-c38ed460cdf5
2019-07-30 23:29:14,696 INFO  server.RaftServerConfigKeys (ConfUtils.java:logGet(43)) - raft.server.log.queue.byte-limit = 2147483647 (custom)
2019-07-30 23:29:14,696 INFO  server.RaftServerConfigKeys (ConfUtils.java:logGet(43)) - raft.server.log.queue.element-limit = 1024 (custom)
2019-07-30 23:29:14,697 INFO  server.RaftServerConfigKeys (ConfUtils.java:logGet(43)) - raft.server.log.segment.size.max = 1048576 (custom)
2019-07-30 23:29:14,697 INFO  server.RaftServerConfigKeys (ConfUtils.java:logGet(43)) - raft.server.log.preallocated.size = 16384 (custom)
2019-07-30 23:29:14,697 INFO  server.RaftServerConfigKeys (ConfUtils.java:logGet(43)) - raft.server.log.write.buffer.size = 33554432 (custom)
2019-07-30 23:29:14,697 INFO  server.RaftServerConfigKeys (ConfUtils.java:logGet(43)) - raft.server.log.force.sync.num = 128 (default)
2019-07-30 23:29:14,697 INFO  server.RaftServerConfigKeys (ConfUtils.java:logGet(43)) - raft.server.log.statemachine.data.sync = true (default)
2019-07-30 23:29:14,698 INFO  server.RaftServerConfigKeys (ConfUtils.java:logGet(43)) - raft.server.log.statemachine.data.sync.timeout = 10s (default)
2019-07-30 23:29:14,698 INFO  server.RaftServerConfigKeys (ConfUtils.java:logGet(43)) - raft.server.log.statemachine.data.sync.timeout.retry = -1 (default)
2019-07-30 23:29:14,698 INFO  server.RaftServerConfigKeys (ConfUtils.java:logGet(43)) - raft.server.log.statemachine.data.caching.enabled = true (custom)
2019-07-30 23:29:14,699 INFO  segmented.SegmentedRaftLogWorker (SegmentedRaftLogWorker.java:lambda$new$0(132)) - aca150cc-fee0-4b79-9a6e-e087870480f7-SegmentedRaftLogWorker:Storage Directory /workdir/hadoop-ozone/integration-test/target/test-dir/MiniOzoneClusterImpl-04e0b60f-856d-418d-a8ab-4510f743737b/datanode-5/data/ratis/c71021a5-3ebb-42c7-87d4-c38ed460cdf5: flushIndex: setUnconditionally 0 -> -1
2019-07-30 23:29:14,699 INFO  server.RaftServerConfigKeys (ConfUtils.java:logGet(43)) - raft.server.snapshot.auto.trigger.enabled = true (custom)
2019-07-30 23:29:14,699 INFO  server.RaftServerConfigKeys (ConfUtils.java:logGet(43)) - raft.server.snapshot.auto.trigger.threshold = 10000 (custom)
2019-07-30 23:29:14,700 INFO  server.RaftServerConfigKeys (ConfUtils.java:logGet(43)) - raft.server.retrycache.expirytime = 600000ms (custom)
2019-07-30 23:29:14,700 INFO  impl.RaftServerImpl (RaftServerImpl.java:start(180)) - aca150cc-fee0-4b79-9a6e-e087870480f7: start group-C38ED460CDF5
2019-07-30 23:29:14,700 INFO  impl.RaftServerImpl (RaftServerImpl.java:setRole(171)) - aca150cc-fee0-4b79-9a6e-e087870480f7:group-C38ED460CDF5 changes role from null to FOLLOWER at term 0 for startAsFollower
2019-07-30 23:29:14,700 INFO  impl.RoleInfo (RoleInfo.java:updateAndGet(143)) - aca150cc-fee0-4b79-9a6e-e087870480f7: start FollowerState
2019-07-30 23:29:14,701 INFO  util.JmxRegister (JmxRegister.java:tryRegister(44)) - Successfully registered JMX Bean with object name Ratis:service=RaftServer,group=group-C38ED460CDF5,id=aca150cc-fee0-4b79-9a6e-e087870480f7
2019-07-30 23:29:14,704 INFO  pipeline.PipelineStateManager (PipelineStateManager.java:addPipeline(56)) - Created pipeline Pipeline[ Id: c71021a5-3ebb-42c7-87d4-c38ed460cdf5, Nodes: aca150cc-fee0-4b79-9a6e-e087870480f7{ip: 192.168.5.171, host: byscane-nightly-g5r4k-612667210, networkLocation: /default-rack, certSerialId: null}, Type:RATIS, Factor:ONE, State:OPEN]
2019-07-30 23:29:14,722 INFO  impl.RaftServerProxy (RaftServerProxy.java:addNew(89)) - cca5e6ee-3bc4-4289-bd74-f62bf5c30f12: addNew group-C3F9DF7BB625:[0684775e-916d-4429-829d-be7e5ceb7429:192.168.5.171:42551, aca150cc-fee0-4b79-9a6e-e087870480f7:192.168.5.171:37865, cca5e6ee-3bc4-4289-bd74-f62bf5c30f12:192.168.5.171:36419] returns group-C3F9DF7BB625:java.util.concurrent.CompletableFuture@aa6d28f[Not completed]
2019-07-30 23:29:14,722 INFO  impl.RaftServerProxy (RaftServerProxy.java:addNew(89)) - aca150cc-fee0-4b79-9a6e-e087870480f7: addNew group-C3F9DF7BB625:[0684775e-916d-4429-829d-be7e5ceb7429:192.168.5.171:42551, aca150cc-fee0-4b79-9a6e-e087870480f7:192.168.5.171:37865, cca5e6ee-3bc4-4289-bd74-f62bf5c30f12:192.168.5.171:36419] returns group-C3F9DF7BB625:java.util.concurrent.CompletableFuture@54ecb9aa[Not completed]
2019-07-30 23:29:14,723 INFO  impl.RaftServerProxy (RaftServerProxy.java:addNew(89)) - 0684775e-916d-4429-829d-be7e5ceb7429: addNew group-C3F9DF7BB625:[0684775e-916d-4429-829d-be7e5ceb7429:192.168.5.171:42551, aca150cc-fee0-4b79-9a6e-e087870480f7:192.168.5.171:37865, cca5e6ee-3bc4-4289-bd74-f62bf5c30f12:192.168.5.171:36419] returns group-C3F9DF7BB625:java.util.concurrent.CompletableFuture@78aa72b1[Not completed]
2019-07-30 23:29:14,724 INFO  impl.RaftServerImpl (RaftServerImpl.java:<init>(93)) - aca150cc-fee0-4b79-9a6e-e087870480f7: new RaftServerImpl for group-C3F9DF7BB625:[0684775e-916d-4429-829d-be7e5ceb7429:192.168.5.171:42551, aca150cc-fee0-4b79-9a6e-e087870480f7:192.168.5.171:37865, cca5e6ee-3bc4-4289-bd74-f62bf5c30f12:192.168.5.171:36419] with ContainerStateMachine:uninitialized
2019-07-30 23:29:14,725 INFO  server.RaftServerConfigKeys (ConfUtils.java:logGet(43)) - raft.server.rpc.timeout.min = 5s (custom)
2019-07-30 23:29:14,725 INFO  server.RaftServerConfigKeys (ConfUtils.java:logGet(43)) - raft.server.rpc.timeout.max = 5200ms (custom)
2019-07-30 23:29:14,725 INFO  server.RaftServerConfigKeys (ConfUtils.java:logGet(43)) - raft.server.rpcslowness.timeout = 120s (custom)
2019-07-30 23:29:14,725 INFO  impl.RaftServerImpl (RaftServerImpl.java:<init>(93)) - 0684775e-916d-4429-829d-be7e5ceb7429: new RaftServerImpl for group-C3F9DF7BB625:[0684775e-916d-4429-829d-be7e5ceb7429:192.168.5.171:42551, aca150cc-fee0-4b79-9a6e-e087870480f7:192.168.5.171:37865, cca5e6ee-3bc4-4289-bd74-f62bf5c30f12:192.168.5.171:36419] with ContainerStateMachine:uninitialized
2019-07-30 23:29:14,725 INFO  server.RaftServerConfigKeys (ConfUtils.java:logGet(43)) - raft.server.sleep.deviation.threshold = 300 (default)
2019-07-30 23:29:14,726 INFO  server.RaftServerConfigKeys (ConfUtils.java:logGet(43)) - raft.server.rpc.timeout.min = 5s (custom)
2019-07-30 23:29:14,726 INFO  server.RaftServerConfigKeys (ConfUtils.java:logGet(43)) - raft.server.log.appender.install.snapshot.enabled = false (custom)
2019-07-30 23:29:14,726 INFO  server.RaftServerConfigKeys (ConfUtils.java:logGet(43)) - raft.server.rpc.timeout.max = 5200ms (custom)
2019-07-30 23:29:14,726 INFO  impl.RaftServerImpl (ServerState.java:<init>(105)) - aca150cc-fee0-4b79-9a6e-e087870480f7:group-C3F9DF7BB625 ConfigurationManager, init=-1: [0684775e-916d-4429-829d-be7e5ceb7429:192.168.5.171:42551, aca150cc-fee0-4b79-9a6e-e087870480f7:192.168.5.171:37865, cca5e6ee-3bc4-4289-bd74-f62bf5c30f12:192.168.5.171:36419], old=null, confs=<EMPTY_MAP>
2019-07-30 23:29:14,726 INFO  impl.RaftServerImpl (RaftServerImpl.java:<init>(93)) - cca5e6ee-3bc4-4289-bd74-f62bf5c30f12: new RaftServerImpl for group-C3F9DF7BB625:[0684775e-916d-4429-829d-be7e5ceb7429:192.168.5.171:42551, aca150cc-fee0-4b79-9a6e-e087870480f7:192.168.5.171:37865, cca5e6ee-3bc4-4289-bd74-f62bf5c30f12:192.168.5.171:36419] with ContainerStateMachine:uninitialized
2019-07-30 23:29:14,727 INFO  server.RaftServerConfigKeys (ConfUtils.java:logGet(43)) - raft.server.storage.dir = [/workdir/hadoop-ozone/integration-test/target/test-dir/MiniOzoneClusterImpl-04e0b60f-856d-418d-a8ab-4510f743737b/datanode-5/data/ratis] (custom)
2019-07-30 23:29:14,726 INFO  server.RaftServerConfigKeys (ConfUtils.java:logGet(43)) - raft.server.rpcslowness.timeout = 120s (custom)
2019-07-30 23:29:14,727 INFO  server.RaftServerConfigKeys (ConfUtils.java:logGet(43)) - raft.server.rpc.timeout.min = 5s (custom)
2019-07-30 23:29:14,727 INFO  storage.RaftStorageDirectory (RaftStorageDirectory.java:analyzeStorage(246)) - The storage directory /workdir/hadoop-ozone/integration-test/target/test-dir/MiniOzoneClusterImpl-04e0b60f-856d-418d-a8ab-4510f743737b/datanode-5/data/ratis/2c6f3bc5-8b3c-4033-a5d8-c3f9df7bb625 does not exist. Creating ...
2019-07-30 23:29:14,727 INFO  server.RaftServerConfigKeys (ConfUtils.java:logGet(43)) - raft.server.sleep.deviation.threshold = 300 (default)
2019-07-30 23:29:14,727 INFO  server.RaftServerConfigKeys (ConfUtils.java:logGet(43)) - raft.server.rpc.timeout.max = 5200ms (custom)
2019-07-30 23:29:14,728 INFO  server.RaftServerConfigKeys (ConfUtils.java:logGet(43)) - raft.server.log.appender.install.snapshot.enabled = false (custom)
2019-07-30 23:29:14,728 INFO  server.RaftServerConfigKeys (ConfUtils.java:logGet(43)) - raft.server.rpcslowness.timeout = 120s (custom)
2019-07-30 23:29:14,728 INFO  impl.RaftServerImpl (ServerState.java:<init>(105)) - 0684775e-916d-4429-829d-be7e5ceb7429:group-C3F9DF7BB625 ConfigurationManager, init=-1: [0684775e-916d-4429-829d-be7e5ceb7429:192.168.5.171:42551, aca150cc-fee0-4b79-9a6e-e087870480f7:192.168.5.171:37865, cca5e6ee-3bc4-4289-bd74-f62bf5c30f12:192.168.5.171:36419], old=null, confs=<EMPTY_MAP>
2019-07-30 23:29:14,728 INFO  server.RaftServerConfigKeys (ConfUtils.java:logGet(43)) - raft.server.sleep.deviation.threshold = 300 (default)
2019-07-30 23:29:14,729 INFO  server.RaftServerConfigKeys (ConfUtils.java:logGet(43)) - raft.server.storage.dir = [/workdir/hadoop-ozone/integration-test/target/test-dir/MiniOzoneClusterImpl-04e0b60f-856d-418d-a8ab-4510f743737b/datanode-3/data/ratis] (custom)
2019-07-30 23:29:14,729 INFO  server.RaftServerConfigKeys (ConfUtils.java:logGet(43)) - raft.server.log.appender.install.snapshot.enabled = false (custom)
2019-07-30 23:29:14,729 INFO  impl.RaftServerImpl (ServerState.java:<init>(105)) - cca5e6ee-3bc4-4289-bd74-f62bf5c30f12:group-C3F9DF7BB625 ConfigurationManager, init=-1: [0684775e-916d-4429-829d-be7e5ceb7429:192.168.5.171:42551, aca150cc-fee0-4b79-9a6e-e087870480f7:192.168.5.171:37865, cca5e6ee-3bc4-4289-bd74-f62bf5c30f12:192.168.5.171:36419], old=null, confs=<EMPTY_MAP>
2019-07-30 23:29:14,729 INFO  storage.RaftStorageDirectory (RaftStorageDirectory.java:analyzeStorage(246)) - The storage directory /workdir/hadoop-ozone/integration-test/target/test-dir/MiniOzoneClusterImpl-04e0b60f-856d-418d-a8ab-4510f743737b/datanode-3/data/ratis/2c6f3bc5-8b3c-4033-a5d8-c3f9df7bb625 does not exist. Creating ...
2019-07-30 23:29:14,729 INFO  server.RaftServerConfigKeys (ConfUtils.java:logGet(43)) - raft.server.storage.dir = [/workdir/hadoop-ozone/integration-test/target/test-dir/MiniOzoneClusterImpl-04e0b60f-856d-418d-a8ab-4510f743737b/datanode-4/data/ratis] (custom)
2019-07-30 23:29:14,730 INFO  storage.RaftStorageDirectory (RaftStorageDirectory.java:analyzeStorage(246)) - The storage directory /workdir/hadoop-ozone/integration-test/target/test-dir/MiniOzoneClusterImpl-04e0b60f-856d-418d-a8ab-4510f743737b/datanode-4/data/ratis/2c6f3bc5-8b3c-4033-a5d8-c3f9df7bb625 does not exist. Creating ...
2019-07-30 23:29:14,739 INFO  storage.RaftStorageDirectory (RaftStorageDirectory.java:tryLock(328)) - Lock on /workdir/hadoop-ozone/integration-test/target/test-dir/MiniOzoneClusterImpl-04e0b60f-856d-418d-a8ab-4510f743737b/datanode-4/data/ratis/2c6f3bc5-8b3c-4033-a5d8-c3f9df7bb625/in_use.lock acquired by nodename 12099@byscane-nightly-g5r4k-612667210
2019-07-30 23:29:14,739 INFO  storage.RaftStorageDirectory (RaftStorageDirectory.java:tryLock(328)) - Lock on /workdir/hadoop-ozone/integration-test/target/test-dir/MiniOzoneClusterImpl-04e0b60f-856d-418d-a8ab-4510f743737b/datanode-3/data/ratis/2c6f3bc5-8b3c-4033-a5d8-c3f9df7bb625/in_use.lock acquired by nodename 12099@byscane-nightly-g5r4k-612667210
2019-07-30 23:29:14,739 INFO  storage.RaftStorageDirectory (RaftStorageDirectory.java:tryLock(328)) - Lock on /workdir/hadoop-ozone/integration-test/target/test-dir/MiniOzoneClusterImpl-04e0b60f-856d-418d-a8ab-4510f743737b/datanode-5/data/ratis/2c6f3bc5-8b3c-4033-a5d8-c3f9df7bb625/in_use.lock acquired by nodename 12099@byscane-nightly-g5r4k-612667210
2019-07-30 23:29:14,753 INFO  storage.RaftStorage (RaftStorage.java:format(72)) - Storage directory /workdir/hadoop-ozone/integration-test/target/test-dir/MiniOzoneClusterImpl-04e0b60f-856d-418d-a8ab-4510f743737b/datanode-4/data/ratis/2c6f3bc5-8b3c-4033-a5d8-c3f9df7bb625 has been successfully formatted.
2019-07-30 23:29:14,753 INFO  storage.RaftStorage (RaftStorage.java:format(72)) - Storage directory /workdir/hadoop-ozone/integration-test/target/test-dir/MiniOzoneClusterImpl-04e0b60f-856d-418d-a8ab-4510f743737b/datanode-3/data/ratis/2c6f3bc5-8b3c-4033-a5d8-c3f9df7bb625 has been successfully formatted.
2019-07-30 23:29:14,753 INFO  storage.RaftStorage (RaftStorage.java:format(72)) - Storage directory /workdir/hadoop-ozone/integration-test/target/test-dir/MiniOzoneClusterImpl-04e0b60f-856d-418d-a8ab-4510f743737b/datanode-5/data/ratis/2c6f3bc5-8b3c-4033-a5d8-c3f9df7bb625 has been successfully formatted.
2019-07-30 23:29:14,754 INFO  ratis.ContainerStateMachine (ContainerStateMachine.java:loadSnapshot(213)) - group-C3F9DF7BB625: The snapshot info is null. Setting the last applied indexto:(t:0, i:~)
2019-07-30 23:29:14,754 INFO  ratis.ContainerStateMachine (ContainerStateMachine.java:loadSnapshot(213)) - group-C3F9DF7BB625: The snapshot info is null. Setting the last applied indexto:(t:0, i:~)
2019-07-30 23:29:14,754 INFO  ratis.ContainerStateMachine (ContainerStateMachine.java:loadSnapshot(213)) - group-C3F9DF7BB625: The snapshot info is null. Setting the last applied indexto:(t:0, i:~)
2019-07-30 23:29:14,754 INFO  server.RaftServerConfigKeys (ConfUtils.java:logGet(43)) - raft.server.leader.election.timeout = 120s (custom)
2019-07-30 23:29:14,754 INFO  server.RaftServerConfigKeys (ConfUtils.java:logGet(43)) - raft.server.leader.election.timeout = 120s (custom)
2019-07-30 23:29:14,755 INFO  server.RaftServerConfigKeys (ConfUtils.java:logGet(43)) - raft.server.log.use.memory = false (default)
2019-07-30 23:29:14,754 INFO  server.RaftServerConfigKeys (ConfUtils.java:logGet(43)) - raft.server.leader.election.timeout = 120s (custom)
2019-07-30 23:29:14,755 INFO  server.RaftServerConfigKeys (ConfUtils.java:logGet(43)) - raft.server.log.purge.gap = 1000000000 (custom)
2019-07-30 23:29:14,755 INFO  server.RaftServerConfigKeys (ConfUtils.java:logGet(43)) - raft.server.log.use.memory = false (default)
2019-07-30 23:29:14,755 INFO  server.RaftServerConfigKeys (ConfUtils.java:logGet(43)) - raft.server.log.appender.buffer.byte-limit = 33554432 (custom)
2019-07-30 23:29:14,755 INFO  server.RaftServerConfigKeys (ConfUtils.java:logGet(43)) - raft.server.log.use.memory = false (default)
2019-07-30 23:29:14,756 INFO  server.RaftServerConfigKeys (ConfUtils.java:logGet(43)) - raft.server.log.segment.size.max = 1048576 (custom)
2019-07-30 23:29:14,755 INFO  server.RaftServerConfigKeys (ConfUtils.java:logGet(43)) - raft.server.log.purge.gap = 1000000000 (custom)
2019-07-30 23:29:14,756 INFO  server.RaftServerConfigKeys (ConfUtils.java:logGet(43)) - raft.server.log.segment.cache.num.max = 2 (custom)
2019-07-30 23:29:14,756 INFO  server.RaftServerConfigKeys (ConfUtils.java:logGet(43)) - raft.server.log.purge.gap = 1000000000 (custom)
2019-07-30 23:29:14,756 INFO  segmented.SegmentedRaftLogWorker (SegmentedRaftLogWorker.java:<init>(172)) - new 0684775e-916d-4429-829d-be7e5ceb7429-SegmentedRaftLogWorker:Storage Directory /workdir/hadoop-ozone/integration-test/target/test-dir/MiniOzoneClusterImpl-04e0b60f-856d-418d-a8ab-4510f743737b/datanode-3/data/ratis/2c6f3bc5-8b3c-4033-a5d8-c3f9df7bb625 for RaftStorage:Storage Directory /workdir/hadoop-ozone/integration-test/target/test-dir/MiniOzoneClusterImpl-04e0b60f-856d-418d-a8ab-4510f743737b/datanode-3/data/ratis/2c6f3bc5-8b3c-4033-a5d8-c3f9df7bb625
2019-07-30 23:29:14,756 INFO  server.RaftServerConfigKeys (ConfUtils.java:logGet(43)) - raft.server.log.appender.buffer.byte-limit = 33554432 (custom)
2019-07-30 23:29:14,756 INFO  server.RaftServerConfigKeys (ConfUtils.java:logGet(43)) - raft.server.log.queue.byte-limit = 2147483647 (custom)
2019-07-30 23:29:14,756 INFO  server.RaftServerConfigKeys (ConfUtils.java:logGet(43)) - raft.server.log.appender.buffer.byte-limit = 33554432 (custom)
2019-07-30 23:29:14,757 INFO  server.RaftServerConfigKeys (ConfUtils.java:logGet(43)) - raft.server.log.queue.element-limit = 1024 (custom)
2019-07-30 23:29:14,757 INFO  server.RaftServerConfigKeys (ConfUtils.java:logGet(43)) - raft.server.log.segment.size.max = 1048576 (custom)
2019-07-30 23:29:14,757 INFO  server.RaftServerConfigKeys (ConfUtils.java:logGet(43)) - raft.server.log.segment.size.max = 1048576 (custom)
2019-07-30 23:29:14,757 INFO  server.RaftServerConfigKeys (ConfUtils.java:logGet(43)) - raft.server.log.segment.size.max = 1048576 (custom)
2019-07-30 23:29:14,757 INFO  server.RaftServerConfigKeys (ConfUtils.java:logGet(43)) - raft.server.log.preallocated.size = 16384 (custom)
2019-07-30 23:29:14,757 INFO  server.RaftServerConfigKeys (ConfUtils.java:logGet(43)) - raft.server.log.segment.cache.num.max = 2 (custom)
2019-07-30 23:29:14,758 INFO  server.RaftServerConfigKeys (ConfUtils.java:logGet(43)) - raft.server.log.write.buffer.size = 33554432 (custom)
2019-07-30 23:29:14,758 INFO  server.RaftServerConfigKeys (ConfUtils.java:logGet(43)) - raft.server.log.segment.cache.num.max = 2 (custom)
2019-07-30 23:29:14,758 INFO  server.RaftServerConfigKeys (ConfUtils.java:logGet(43)) - raft.server.log.force.sync.num = 128 (default)
2019-07-30 23:29:14,758 INFO  segmented.SegmentedRaftLogWorker (SegmentedRaftLogWorker.java:<init>(172)) - new aca150cc-fee0-4b79-9a6e-e087870480f7-SegmentedRaftLogWorker:Storage Directory /workdir/hadoop-ozone/integration-test/target/test-dir/MiniOzoneClusterImpl-04e0b60f-856d-418d-a8ab-4510f743737b/datanode-5/data/ratis/2c6f3bc5-8b3c-4033-a5d8-c3f9df7bb625 for RaftStorage:Storage Directory /workdir/hadoop-ozone/integration-test/target/test-dir/MiniOzoneClusterImpl-04e0b60f-856d-418d-a8ab-4510f743737b/datanode-5/data/ratis/2c6f3bc5-8b3c-4033-a5d8-c3f9df7bb625
2019-07-30 23:29:14,758 INFO  server.RaftServerConfigKeys (ConfUtils.java:logGet(43)) - raft.server.log.statemachine.data.sync = true (default)
2019-07-30 23:29:14,758 INFO  segmented.SegmentedRaftLogWorker (SegmentedRaftLogWorker.java:<init>(172)) - new cca5e6ee-3bc4-4289-bd74-f62bf5c30f12-SegmentedRaftLogWorker:Storage Directory /workdir/hadoop-ozone/integration-test/target/test-dir/MiniOzoneClusterImpl-04e0b60f-856d-418d-a8ab-4510f743737b/datanode-4/data/ratis/2c6f3bc5-8b3c-4033-a5d8-c3f9df7bb625 for RaftStorage:Storage Directory /workdir/hadoop-ozone/integration-test/target/test-dir/MiniOzoneClusterImpl-04e0b60f-856d-418d-a8ab-4510f743737b/datanode-4/data/ratis/2c6f3bc5-8b3c-4033-a5d8-c3f9df7bb625
2019-07-30 23:29:14,759 INFO  server.RaftServerConfigKeys (ConfUtils.java:logGet(43)) - raft.server.log.statemachine.data.sync.timeout = 10s (default)
2019-07-30 23:29:14,759 INFO  server.RaftServerConfigKeys (ConfUtils.java:logGet(43)) - raft.server.log.queue.byte-limit = 2147483647 (custom)
2019-07-30 23:29:14,759 INFO  server.RaftServerConfigKeys (ConfUtils.java:logGet(43)) - raft.server.log.statemachine.data.sync.timeout.retry = -1 (default)
2019-07-30 23:29:14,759 INFO  server.RaftServerConfigKeys (ConfUtils.java:logGet(43)) - raft.server.log.queue.byte-limit = 2147483647 (custom)
2019-07-30 23:29:14,760 INFO  server.RaftServerConfigKeys (ConfUtils.java:logGet(43)) - raft.server.log.statemachine.data.caching.enabled = true (custom)
2019-07-30 23:29:14,759 INFO  server.RaftServerConfigKeys (ConfUtils.java:logGet(43)) - raft.server.log.queue.element-limit = 1024 (custom)
2019-07-30 23:29:14,760 INFO  server.RaftServerConfigKeys (ConfUtils.java:logGet(43)) - raft.server.log.queue.element-limit = 1024 (custom)
2019-07-30 23:29:14,760 INFO  server.RaftServerConfigKeys (ConfUtils.java:logGet(43)) - raft.server.log.segment.size.max = 1048576 (custom)
2019-07-30 23:29:14,760 INFO  segmented.SegmentedRaftLogWorker (SegmentedRaftLogWorker.java:lambda$new$0(132)) - 0684775e-916d-4429-829d-be7e5ceb7429-SegmentedRaftLogWorker:Storage Directory /workdir/hadoop-ozone/integration-test/target/test-dir/MiniOzoneClusterImpl-04e0b60f-856d-418d-a8ab-4510f743737b/datanode-3/data/ratis/2c6f3bc5-8b3c-4033-a5d8-c3f9df7bb625: flushIndex: setUnconditionally 0 -> -1
2019-07-30 23:29:14,760 INFO  server.RaftServerConfigKeys (ConfUtils.java:logGet(43)) - raft.server.log.preallocated.size = 16384 (custom)
2019-07-30 23:29:14,760 INFO  server.RaftServerConfigKeys (ConfUtils.java:logGet(43)) - raft.server.log.segment.size.max = 1048576 (custom)
2019-07-30 23:29:14,761 INFO  server.RaftServerConfigKeys (ConfUtils.java:logGet(43)) - raft.server.snapshot.auto.trigger.enabled = true (custom)
2019-07-30 23:29:14,761 INFO  server.RaftServerConfigKeys (ConfUtils.java:logGet(43)) - raft.server.log.write.buffer.size = 33554432 (custom)
2019-07-30 23:29:14,761 INFO  server.RaftServerConfigKeys (ConfUtils.java:logGet(43)) - raft.server.snapshot.auto.trigger.threshold = 10000 (custom)
2019-07-30 23:29:14,761 INFO  server.RaftServerConfigKeys (ConfUtils.java:logGet(43)) - raft.server.log.preallocated.size = 16384 (custom)
2019-07-30 23:29:14,762 INFO  server.RaftServerConfigKeys (ConfUtils.java:logGet(43)) - raft.server.retrycache.expirytime = 600000ms (custom)
2019-07-30 23:29:14,761 INFO  server.RaftServerConfigKeys (ConfUtils.java:logGet(43)) - raft.server.log.force.sync.num = 128 (default)
2019-07-30 23:29:14,762 INFO  impl.RaftServerImpl (RaftServerImpl.java:start(180)) - 0684775e-916d-4429-829d-be7e5ceb7429: start group-C3F9DF7BB625
2019-07-30 23:29:14,762 INFO  server.RaftServerConfigKeys (ConfUtils.java:logGet(43)) - raft.server.log.write.buffer.size = 33554432 (custom)
2019-07-30 23:29:14,762 INFO  impl.RaftServerImpl (RaftServerImpl.java:setRole(171)) - 0684775e-916d-4429-829d-be7e5ceb7429:group-C3F9DF7BB625 changes role from null to FOLLOWER at term 0 for startAsFollower
2019-07-30 23:29:14,762 INFO  server.RaftServerConfigKeys (ConfUtils.java:logGet(43)) - raft.server.log.statemachine.data.sync = true (default)
2019-07-30 23:29:14,763 INFO  impl.RoleInfo (RoleInfo.java:updateAndGet(143)) - 0684775e-916d-4429-829d-be7e5ceb7429: start FollowerState
2019-07-30 23:29:14,762 INFO  server.RaftServerConfigKeys (ConfUtils.java:logGet(43)) - raft.server.log.force.sync.num = 128 (default)
2019-07-30 23:29:14,763 INFO  server.RaftServerConfigKeys (ConfUtils.java:logGet(43)) - raft.server.log.statemachine.data.sync.timeout = 10s (default)
2019-07-30 23:29:14,763 INFO  server.RaftServerConfigKeys (ConfUtils.java:logGet(43)) - raft.server.log.statemachine.data.sync = true (default)
2019-07-30 23:29:14,763 INFO  util.JmxRegister (JmxRegister.java:tryRegister(44)) - Successfully registered JMX Bean with object name Ratis:service=RaftServer,group=group-C3F9DF7BB625,id=0684775e-916d-4429-829d-be7e5ceb7429
2019-07-30 23:29:14,763 INFO  server.RaftServerConfigKeys (ConfUtils.java:logGet(43)) - raft.server.log.statemachine.data.sync.timeout.retry = -1 (default)
2019-07-30 23:29:14,763 INFO  server.RaftServerConfigKeys (ConfUtils.java:logGet(43)) - raft.server.log.statemachine.data.sync.timeout = 10s (default)
2019-07-30 23:29:14,764 INFO  server.RaftServerConfigKeys (ConfUtils.java:logGet(43)) - raft.server.log.statemachine.data.caching.enabled = true (custom)
2019-07-30 23:29:14,764 INFO  server.RaftServerConfigKeys (ConfUtils.java:logGet(43)) - raft.server.log.statemachine.data.sync.timeout.retry = -1 (default)
2019-07-30 23:29:14,764 INFO  segmented.SegmentedRaftLogWorker (SegmentedRaftLogWorker.java:lambda$new$0(132)) - aca150cc-fee0-4b79-9a6e-e087870480f7-SegmentedRaftLogWorker:Storage Directory /workdir/hadoop-ozone/integration-test/target/test-dir/MiniOzoneClusterImpl-04e0b60f-856d-418d-a8ab-4510f743737b/datanode-5/data/ratis/2c6f3bc5-8b3c-4033-a5d8-c3f9df7bb625: flushIndex: setUnconditionally 0 -> -1
2019-07-30 23:29:14,764 INFO  server.RaftServerConfigKeys (ConfUtils.java:logGet(43)) - raft.server.log.statemachine.data.caching.enabled = true (custom)
2019-07-30 23:29:14,765 INFO  server.RaftServerConfigKeys (ConfUtils.java:logGet(43)) - raft.server.snapshot.auto.trigger.enabled = true (custom)
2019-07-30 23:29:14,765 INFO  segmented.SegmentedRaftLogWorker (SegmentedRaftLogWorker.java:lambda$new$0(132)) - cca5e6ee-3bc4-4289-bd74-f62bf5c30f12-SegmentedRaftLogWorker:Storage Directory /workdir/hadoop-ozone/integration-test/target/test-dir/MiniOzoneClusterImpl-04e0b60f-856d-418d-a8ab-4510f743737b/datanode-4/data/ratis/2c6f3bc5-8b3c-4033-a5d8-c3f9df7bb625: flushIndex: setUnconditionally 0 -> -1
2019-07-30 23:29:14,765 INFO  server.RaftServerConfigKeys (ConfUtils.java:logGet(43)) - raft.server.snapshot.auto.trigger.threshold = 10000 (custom)
2019-07-30 23:29:14,765 INFO  server.RaftServerConfigKeys (ConfUtils.java:logGet(43)) - raft.server.snapshot.auto.trigger.enabled = true (custom)
2019-07-30 23:29:14,766 INFO  server.RaftServerConfigKeys (ConfUtils.java:logGet(43)) - raft.server.retrycache.expirytime = 600000ms (custom)
2019-07-30 23:29:14,766 INFO  server.RaftServerConfigKeys (ConfUtils.java:logGet(43)) - raft.server.snapshot.auto.trigger.threshold = 10000 (custom)
2019-07-30 23:29:14,766 INFO  impl.RaftServerImpl (RaftServerImpl.java:start(180)) - aca150cc-fee0-4b79-9a6e-e087870480f7: start group-C3F9DF7BB625
2019-07-30 23:29:14,766 INFO  server.RaftServerConfigKeys (ConfUtils.java:logGet(43)) - raft.server.retrycache.expirytime = 600000ms (custom)
2019-07-30 23:29:14,766 INFO  impl.RaftServerImpl (RaftServerImpl.java:setRole(171)) - aca150cc-fee0-4b79-9a6e-e087870480f7:group-C3F9DF7BB625 changes role from null to FOLLOWER at term 0 for startAsFollower
2019-07-30 23:29:14,766 INFO  impl.RaftServerImpl (RaftServerImpl.java:start(180)) - cca5e6ee-3bc4-4289-bd74-f62bf5c30f12: start group-C3F9DF7BB625
2019-07-30 23:29:14,766 INFO  impl.RoleInfo (RoleInfo.java:updateAndGet(143)) - aca150cc-fee0-4b79-9a6e-e087870480f7: start FollowerState
2019-07-30 23:29:14,766 INFO  impl.RaftServerImpl (RaftServerImpl.java:setRole(171)) - cca5e6ee-3bc4-4289-bd74-f62bf5c30f12:group-C3F9DF7BB625 changes role from null to FOLLOWER at term 0 for startAsFollower
2019-07-30 23:29:14,767 INFO  impl.RoleInfo (RoleInfo.java:updateAndGet(143)) - cca5e6ee-3bc4-4289-bd74-f62bf5c30f12: start FollowerState
2019-07-30 23:29:14,767 INFO  util.JmxRegister (JmxRegister.java:tryRegister(44)) - Successfully registered JMX Bean with object name Ratis:service=RaftServer,group=group-C3F9DF7BB625,id=aca150cc-fee0-4b79-9a6e-e087870480f7
2019-07-30 23:29:14,767 INFO  util.JmxRegister (JmxRegister.java:tryRegister(44)) - Successfully registered JMX Bean with object name Ratis:service=RaftServer,group=group-C3F9DF7BB625,id=cca5e6ee-3bc4-4289-bd74-f62bf5c30f12
2019-07-30 23:29:14,770 INFO  pipeline.PipelineStateManager (PipelineStateManager.java:addPipeline(56)) - Created pipeline Pipeline[ Id: 2c6f3bc5-8b3c-4033-a5d8-c3f9df7bb625, Nodes: cca5e6ee-3bc4-4289-bd74-f62bf5c30f12{ip: 192.168.5.171, host: byscane-nightly-g5r4k-612667210, networkLocation: /default-rack, certSerialId: null}aca150cc-fee0-4b79-9a6e-e087870480f7{ip: 192.168.5.171, host: byscane-nightly-g5r4k-612667210, networkLocation: /default-rack, certSerialId: null}0684775e-916d-4429-829d-be7e5ceb7429{ip: 192.168.5.171, host: byscane-nightly-g5r4k-612667210, networkLocation: /default-rack, certSerialId: null}, Type:RATIS, Factor:THREE, State:OPEN]
2019-07-30 23:29:14,842 INFO  ozone.MiniOzoneClusterImpl (MiniOzoneClusterImpl.java:lambda$waitForClusterToBeReady$0(142)) - Waiting for cluster to be ready. Got 6 of 7 DN Heartbeats.
2019-07-30 23:29:14,843 INFO  net.NetworkTopology (NetworkTopologyImpl.java:add(110)) - Added a new node: /default-rack/19086a61-eeab-4869-a242-f4f734aa67ac
2019-07-30 23:29:14,843 INFO  node.SCMNodeManager (SCMNodeManager.java:register(273)) - Registered Data node : 19086a61-eeab-4869-a242-f4f734aa67ac{ip: 192.168.5.171, host: byscane-nightly-g5r4k-612667210, networkLocation: /default-rack, certSerialId: null}
2019-07-30 23:29:14,852 INFO  impl.RaftServerProxy (RaftServerProxy.java:addNew(89)) - 19086a61-eeab-4869-a242-f4f734aa67ac: addNew group-54DDD849CAAD:[19086a61-eeab-4869-a242-f4f734aa67ac:192.168.5.171:42816] returns group-54DDD849CAAD:java.util.concurrent.CompletableFuture@2ac00a87[Not completed]
2019-07-30 23:29:14,856 INFO  impl.RaftServerImpl (RaftServerImpl.java:<init>(93)) - 19086a61-eeab-4869-a242-f4f734aa67ac: new RaftServerImpl for group-54DDD849CAAD:[19086a61-eeab-4869-a242-f4f734aa67ac:192.168.5.171:42816] with ContainerStateMachine:uninitialized
2019-07-30 23:29:14,856 INFO  server.RaftServerConfigKeys (ConfUtils.java:logGet(43)) - raft.server.rpc.timeout.min = 5s (custom)
2019-07-30 23:29:14,856 INFO  server.RaftServerConfigKeys (ConfUtils.java:logGet(43)) - raft.server.rpc.timeout.max = 5200ms (custom)
2019-07-30 23:29:14,856 INFO  server.RaftServerConfigKeys (ConfUtils.java:logGet(43)) - raft.server.rpcslowness.timeout = 120s (custom)
2019-07-30 23:29:14,856 INFO  server.RaftServerConfigKeys (ConfUtils.java:logGet(43)) - raft.server.sleep.deviation.threshold = 300 (default)
2019-07-30 23:29:14,856 INFO  server.RaftServerConfigKeys (ConfUtils.java:logGet(43)) - raft.server.log.appender.install.snapshot.enabled = false (custom)
2019-07-30 23:29:14,857 INFO  impl.RaftServerImpl (ServerState.java:<init>(105)) - 19086a61-eeab-4869-a242-f4f734aa67ac:group-54DDD849CAAD ConfigurationManager, init=-1: [19086a61-eeab-4869-a242-f4f734aa67ac:192.168.5.171:42816], old=null, confs=<EMPTY_MAP>
2019-07-30 23:29:14,857 INFO  server.RaftServerConfigKeys (ConfUtils.java:logGet(43)) - raft.server.storage.dir = [/workdir/hadoop-ozone/integration-test/target/test-dir/MiniOzoneClusterImpl-04e0b60f-856d-418d-a8ab-4510f743737b/datanode-6/data/ratis] (custom)
2019-07-30 23:29:14,857 INFO  storage.RaftStorageDirectory (RaftStorageDirectory.java:analyzeStorage(246)) - The storage directory /workdir/hadoop-ozone/integration-test/target/test-dir/MiniOzoneClusterImpl-04e0b60f-856d-418d-a8ab-4510f743737b/datanode-6/data/ratis/df8892f2-16f4-46eb-aa6a-54ddd849caad does not exist. Creating ...
2019-07-30 23:29:14,862 INFO  storage.RaftStorageDirectory (RaftStorageDirectory.java:tryLock(328)) - Lock on /workdir/hadoop-ozone/integration-test/target/test-dir/MiniOzoneClusterImpl-04e0b60f-856d-418d-a8ab-4510f743737b/datanode-6/data/ratis/df8892f2-16f4-46eb-aa6a-54ddd849caad/in_use.lock acquired by nodename 12099@byscane-nightly-g5r4k-612667210
2019-07-30 23:29:14,865 INFO  storage.RaftStorage (RaftStorage.java:format(72)) - Storage directory /workdir/hadoop-ozone/integration-test/target/test-dir/MiniOzoneClusterImpl-04e0b60f-856d-418d-a8ab-4510f743737b/datanode-6/data/ratis/df8892f2-16f4-46eb-aa6a-54ddd849caad has been successfully formatted.
2019-07-30 23:29:14,865 INFO  ratis.ContainerStateMachine (ContainerStateMachine.java:loadSnapshot(213)) - group-54DDD849CAAD: The snapshot info is null. Setting the last applied indexto:(t:0, i:~)
2019-07-30 23:29:14,865 INFO  server.RaftServerConfigKeys (ConfUtils.java:logGet(43)) - raft.server.leader.election.timeout = 120s (custom)
2019-07-30 23:29:14,866 INFO  server.RaftServerConfigKeys (ConfUtils.java:logGet(43)) - raft.server.log.use.memory = false (default)
2019-07-30 23:29:14,866 INFO  server.RaftServerConfigKeys (ConfUtils.java:logGet(43)) - raft.server.log.purge.gap = 1000000000 (custom)
2019-07-30 23:29:14,866 INFO  server.RaftServerConfigKeys (ConfUtils.java:logGet(43)) - raft.server.log.appender.buffer.byte-limit = 33554432 (custom)
2019-07-30 23:29:14,866 INFO  server.RaftServerConfigKeys (ConfUtils.java:logGet(43)) - raft.server.log.segment.size.max = 1048576 (custom)
2019-07-30 23:29:14,866 INFO  server.RaftServerConfigKeys (ConfUtils.java:logGet(43)) - raft.server.log.segment.cache.num.max = 2 (custom)
2019-07-30 23:29:14,866 INFO  segmented.SegmentedRaftLogWorker (SegmentedRaftLogWorker.java:<init>(172)) - new 19086a61-eeab-4869-a242-f4f734aa67ac-SegmentedRaftLogWorker:Storage Directory /workdir/hadoop-ozone/integration-test/target/test-dir/MiniOzoneClusterImpl-04e0b60f-856d-418d-a8ab-4510f743737b/datanode-6/data/ratis/df8892f2-16f4-46eb-aa6a-54ddd849caad for RaftStorage:Storage Directory /workdir/hadoop-ozone/integration-test/target/test-dir/MiniOzoneClusterImpl-04e0b60f-856d-418d-a8ab-4510f743737b/datanode-6/data/ratis/df8892f2-16f4-46eb-aa6a-54ddd849caad
2019-07-30 23:29:14,867 INFO  server.RaftServerConfigKeys (ConfUtils.java:logGet(43)) - raft.server.log.queue.byte-limit = 2147483647 (custom)
2019-07-30 23:29:14,867 INFO  server.RaftServerConfigKeys (ConfUtils.java:logGet(43)) - raft.server.log.queue.element-limit = 1024 (custom)
2019-07-30 23:29:14,867 INFO  server.RaftServerConfigKeys (ConfUtils.java:logGet(43)) - raft.server.log.segment.size.max = 1048576 (custom)
2019-07-30 23:29:14,867 INFO  server.RaftServerConfigKeys (ConfUtils.java:logGet(43)) - raft.server.log.preallocated.size = 16384 (custom)
2019-07-30 23:29:14,867 INFO  server.RaftServerConfigKeys (ConfUtils.java:logGet(43)) - raft.server.log.write.buffer.size = 33554432 (custom)
2019-07-30 23:29:14,867 INFO  server.RaftServerConfigKeys (ConfUtils.java:logGet(43)) - raft.server.log.force.sync.num = 128 (default)
2019-07-30 23:29:14,868 INFO  server.RaftServerConfigKeys (ConfUtils.java:logGet(43)) - raft.server.log.statemachine.data.sync = true (default)
2019-07-30 23:29:14,868 INFO  server.RaftServerConfigKeys (ConfUtils.java:logGet(43)) - raft.server.log.statemachine.data.sync.timeout = 10s (default)
2019-07-30 23:29:14,868 INFO  server.RaftServerConfigKeys (ConfUtils.java:logGet(43)) - raft.server.log.statemachine.data.sync.timeout.retry = -1 (default)
2019-07-30 23:29:14,868 INFO  server.RaftServerConfigKeys (ConfUtils.java:logGet(43)) - raft.server.log.statemachine.data.caching.enabled = true (custom)
2019-07-30 23:29:14,869 INFO  segmented.SegmentedRaftLogWorker (SegmentedRaftLogWorker.java:lambda$new$0(132)) - 19086a61-eeab-4869-a242-f4f734aa67ac-SegmentedRaftLogWorker:Storage Directory /workdir/hadoop-ozone/integration-test/target/test-dir/MiniOzoneClusterImpl-04e0b60f-856d-418d-a8ab-4510f743737b/datanode-6/data/ratis/df8892f2-16f4-46eb-aa6a-54ddd849caad: flushIndex: setUnconditionally 0 -> -1
2019-07-30 23:29:14,869 INFO  server.RaftServerConfigKeys (ConfUtils.java:logGet(43)) - raft.server.snapshot.auto.trigger.enabled = true (custom)
2019-07-30 23:29:14,869 INFO  server.RaftServerConfigKeys (ConfUtils.java:logGet(43)) - raft.server.snapshot.auto.trigger.threshold = 10000 (custom)
2019-07-30 23:29:14,869 INFO  server.RaftServerConfigKeys (ConfUtils.java:logGet(43)) - raft.server.retrycache.expirytime = 600000ms (custom)
2019-07-30 23:29:14,870 INFO  impl.RaftServerImpl (RaftServerImpl.java:start(180)) - 19086a61-eeab-4869-a242-f4f734aa67ac: start group-54DDD849CAAD
2019-07-30 23:29:14,870 INFO  impl.RaftServerImpl (RaftServerImpl.java:setRole(171)) - 19086a61-eeab-4869-a242-f4f734aa67ac:group-54DDD849CAAD changes role from null to FOLLOWER at term 0 for startAsFollower
2019-07-30 23:29:14,870 INFO  impl.RoleInfo (RoleInfo.java:updateAndGet(143)) - 19086a61-eeab-4869-a242-f4f734aa67ac: start FollowerState
2019-07-30 23:29:14,871 INFO  util.JmxRegister (JmxRegister.java:tryRegister(44)) - Successfully registered JMX Bean with object name Ratis:service=RaftServer,group=group-54DDD849CAAD,id=19086a61-eeab-4869-a242-f4f734aa67ac
2019-07-30 23:29:14,873 INFO  pipeline.PipelineStateManager (PipelineStateManager.java:addPipeline(56)) - Created pipeline Pipeline[ Id: df8892f2-16f4-46eb-aa6a-54ddd849caad, Nodes: 19086a61-eeab-4869-a242-f4f734aa67ac{ip: 192.168.5.171, host: byscane-nightly-g5r4k-612667210, networkLocation: /default-rack, certSerialId: null}, Type:RATIS, Factor:ONE, State:OPEN]
2019-07-30 23:29:15,843 INFO  ozone.MiniOzoneClusterImpl (MiniOzoneClusterImpl.java:lambda$waitForClusterToBeReady$0(142)) - Cluster is ready. Got 7 of 7 DN Heartbeats.
2019-07-30 23:29:15,891 INFO  rpc.RpcClient (RpcClient.java:createVolume(288)) - Creating Volume: testblockoutputstreamwithretries, with jenkins1000 as owner.
2019-07-30 23:29:15,908 INFO  rpc.RpcClient (RpcClient.java:createBucket(425)) - Creating Bucket: testblockoutputstreamwithretries/testblockoutputstreamwithretries, with Versioning false and Storage Type set to DISK and Encryption set to false 
2019-07-30 23:29:15,947 INFO  client.GrpcClientProtocolClient (GrpcClientProtocolClient.java:onNext(255)) - client-6594A5243C67->cca5e6ee-3bc4-4289-bd74-f62bf5c30f12: receive RaftClientReply:client-6594A5243C67->cca5e6ee-3bc4-4289-bd74-f62bf5c30f12@group-C3F9DF7BB625, cid=42, FAILED org.apache.ratis.protocol.NotLeaderException: Server cca5e6ee-3bc4-4289-bd74-f62bf5c30f12 is not the leader (null). Request must be sent to leader., logIndex=0, commits[cca5e6ee-3bc4-4289-bd74-f62bf5c30f12:c-1]
2019-07-30 23:29:16,371 INFO  container.ReplicationManager (ReplicationManager.java:start(155)) - Starting Replication Monitor Thread.
2019-07-30 23:29:16,377 INFO  container.ReplicationManager (ReplicationManager.java:run(207)) - Replication Monitor Thread took 0 milliseconds for processing 3 containers.
2019-07-30 23:29:16,978 INFO  client.GrpcClientProtocolClient (GrpcClientProtocolClient.java:onNext(255)) - client-6594A5243C67->aca150cc-fee0-4b79-9a6e-e087870480f7: receive RaftClientReply:client-6594A5243C67->aca150cc-fee0-4b79-9a6e-e087870480f7@group-C3F9DF7BB625, cid=42, FAILED org.apache.ratis.protocol.NotLeaderException: Server aca150cc-fee0-4b79-9a6e-e087870480f7 is not the leader (null). Request must be sent to leader., logIndex=0, commits[aca150cc-fee0-4b79-9a6e-e087870480f7:c-1]
2019-07-30 23:29:18,002 INFO  client.GrpcClientProtocolClient (GrpcClientProtocolClient.java:onNext(255)) - client-6594A5243C67->0684775e-916d-4429-829d-be7e5ceb7429: receive RaftClientReply:client-6594A5243C67->0684775e-916d-4429-829d-be7e5ceb7429@group-C3F9DF7BB625, cid=42, FAILED org.apache.ratis.protocol.NotLeaderException: Server 0684775e-916d-4429-829d-be7e5ceb7429 is not the leader (null). Request must be sent to leader., logIndex=0, commits[0684775e-916d-4429-829d-be7e5ceb7429:c-1]
2019-07-30 23:29:18,576 INFO  impl.FollowerState (FollowerState.java:run(106)) - 86a3b411-9919-4103-89a5-5a4a40c4080c:group-91D10BF44FDD changes to CANDIDATE, lastRpcTime:5174, electionTimeout:5174ms
2019-07-30 23:29:18,576 INFO  impl.RoleInfo (RoleInfo.java:shutdownFollowerState(121)) - 86a3b411-9919-4103-89a5-5a4a40c4080c: shutdown FollowerState
2019-07-30 23:29:18,576 INFO  impl.RaftServerImpl (RaftServerImpl.java:setRole(171)) - 86a3b411-9919-4103-89a5-5a4a40c4080c:group-91D10BF44FDD changes role from FOLLOWER to CANDIDATE at term 0 for changeToCandidate
2019-07-30 23:29:18,576 INFO  impl.RoleInfo (RoleInfo.java:updateAndGet(143)) - 86a3b411-9919-4103-89a5-5a4a40c4080c: start LeaderElection
2019-07-30 23:29:18,624 INFO  impl.LeaderElection (LeaderElection.java:askForVotes(181)) - 86a3b411-9919-4103-89a5-5a4a40c4080c:group-91D10BF44FDD:LeaderElection15: begin an election at term 1 for -1: [86a3b411-9919-4103-89a5-5a4a40c4080c:192.168.5.171:44978], old=null
2019-07-30 23:29:18,624 INFO  impl.RoleInfo (RoleInfo.java:shutdownLeaderElection(134)) - 86a3b411-9919-4103-89a5-5a4a40c4080c: shutdown LeaderElection
2019-07-30 23:29:18,624 INFO  impl.RaftServerImpl (RaftServerImpl.java:setRole(171)) - 86a3b411-9919-4103-89a5-5a4a40c4080c:group-91D10BF44FDD changes role from CANDIDATE to LEADER at term 1 for changeToLeader
2019-07-30 23:29:18,624 INFO  impl.RaftServerImpl (ServerState.java:setLeader(263)) - 86a3b411-9919-4103-89a5-5a4a40c4080c:group-91D10BF44FDD change Leader from null to 86a3b411-9919-4103-89a5-5a4a40c4080c at term 1 for becomeLeader, leader elected after 5229ms
2019-07-30 23:29:18,627 INFO  server.RaftServerConfigKeys (ConfUtils.java:logGet(43)) - raft.server.staging.catchup.gap = 1000 (default)
2019-07-30 23:29:18,627 INFO  server.RaftServerConfigKeys (ConfUtils.java:logGet(43)) - raft.server.rpc.sleep.time = 25ms (default)
2019-07-30 23:29:18,628 INFO  server.RaftServerConfigKeys (ConfUtils.java:logGet(43)) - raft.server.write.element-limit = 4096 (default)
2019-07-30 23:29:18,628 INFO  server.RaftServerConfigKeys (ConfUtils.java:logGet(43)) - raft.server.watch.timeout = 10s (default)
2019-07-30 23:29:18,628 INFO  server.RaftServerConfigKeys (ConfUtils.java:logGet(43)) - raft.server.watch.timeout.denomination = 1s (default)
2019-07-30 23:29:18,628 INFO  server.RaftServerConfigKeys (ConfUtils.java:logGet(43)) - raft.server.watch.element-limit = 65536 (default)
2019-07-30 23:29:18,629 INFO  impl.RoleInfo (RoleInfo.java:updateAndGet(143)) - 86a3b411-9919-4103-89a5-5a4a40c4080c: start LeaderState
2019-07-30 23:29:18,629 INFO  segmented.SegmentedRaftLogWorker (SegmentedRaftLogWorker.java:startLogSegment(380)) - 86a3b411-9919-4103-89a5-5a4a40c4080c-SegmentedRaftLogWorker:Storage Directory /workdir/hadoop-ozone/integration-test/target/test-dir/MiniOzoneClusterImpl-04e0b60f-856d-418d-a8ab-4510f743737b/datanode-0/data/ratis/48a205d2-5341-4bc0-9313-91d10bf44fdd: Starting segment from index:0
2019-07-30 23:29:18,630 INFO  impl.RaftServerImpl (ServerState.java:setRaftConf(361)) - 86a3b411-9919-4103-89a5-5a4a40c4080c:group-91D10BF44FDD set configuration 0: [86a3b411-9919-4103-89a5-5a4a40c4080c:192.168.5.171:44978], old=null at 0
2019-07-30 23:29:18,696 INFO  segmented.SegmentedRaftLogWorker (SegmentedRaftLogWorker.java:execute(569)) - 86a3b411-9919-4103-89a5-5a4a40c4080c-SegmentedRaftLogWorker:Storage Directory /workdir/hadoop-ozone/integration-test/target/test-dir/MiniOzoneClusterImpl-04e0b60f-856d-418d-a8ab-4510f743737b/datanode-0/data/ratis/48a205d2-5341-4bc0-9313-91d10bf44fdd: created new log segment /workdir/hadoop-ozone/integration-test/target/test-dir/MiniOzoneClusterImpl-04e0b60f-856d-418d-a8ab-4510f743737b/datanode-0/data/ratis/48a205d2-5341-4bc0-9313-91d10bf44fdd/current/log_inprogress_0
2019-07-30 23:29:18,824 INFO  impl.FollowerState (FollowerState.java:run(106)) - 191f8ab8-e14f-4994-8266-5bcab582ff8c:group-AC5F41B55AE7 changes to CANDIDATE, lastRpcTime:5188, electionTimeout:5188ms
2019-07-30 23:29:18,824 INFO  impl.RoleInfo (RoleInfo.java:shutdownFollowerState(121)) - 191f8ab8-e14f-4994-8266-5bcab582ff8c: shutdown FollowerState
2019-07-30 23:29:18,824 INFO  impl.RaftServerImpl (RaftServerImpl.java:setRole(171)) - 191f8ab8-e14f-4994-8266-5bcab582ff8c:group-AC5F41B55AE7 changes role from FOLLOWER to CANDIDATE at term 0 for changeToCandidate
2019-07-30 23:29:18,825 INFO  impl.RoleInfo (RoleInfo.java:updateAndGet(143)) - 191f8ab8-e14f-4994-8266-5bcab582ff8c: start LeaderElection
2019-07-30 23:29:18,843 INFO  impl.LeaderElection (LeaderElection.java:askForVotes(181)) - 191f8ab8-e14f-4994-8266-5bcab582ff8c:group-AC5F41B55AE7:LeaderElection16: begin an election at term 1 for -1: [191f8ab8-e14f-4994-8266-5bcab582ff8c:192.168.5.171:42373], old=null
2019-07-30 23:29:18,843 INFO  impl.RoleInfo (RoleInfo.java:shutdownLeaderElection(134)) - 191f8ab8-e14f-4994-8266-5bcab582ff8c: shutdown LeaderElection
2019-07-30 23:29:18,843 INFO  impl.RaftServerImpl (RaftServerImpl.java:setRole(171)) - 191f8ab8-e14f-4994-8266-5bcab582ff8c:group-AC5F41B55AE7 changes role from CANDIDATE to LEADER at term 1 for changeToLeader
2019-07-30 23:29:18,843 INFO  impl.RaftServerImpl (ServerState.java:setLeader(263)) - 191f8ab8-e14f-4994-8266-5bcab582ff8c:group-AC5F41B55AE7 change Leader from null to 191f8ab8-e14f-4994-8266-5bcab582ff8c at term 1 for becomeLeader, leader elected after 5213ms
2019-07-30 23:29:18,846 INFO  server.RaftServerConfigKeys (ConfUtils.java:logGet(43)) - raft.server.staging.catchup.gap = 1000 (default)
2019-07-30 23:29:18,846 INFO  server.RaftServerConfigKeys (ConfUtils.java:logGet(43)) - raft.server.rpc.sleep.time = 25ms (default)
2019-07-30 23:29:18,846 INFO  server.RaftServerConfigKeys (ConfUtils.java:logGet(43)) - raft.server.write.element-limit = 4096 (default)
2019-07-30 23:29:18,847 INFO  server.RaftServerConfigKeys (ConfUtils.java:logGet(43)) - raft.server.watch.timeout = 10s (default)
2019-07-30 23:29:18,847 INFO  server.RaftServerConfigKeys (ConfUtils.java:logGet(43)) - raft.server.watch.timeout.denomination = 1s (default)
2019-07-30 23:29:18,847 INFO  server.RaftServerConfigKeys (ConfUtils.java:logGet(43)) - raft.server.watch.element-limit = 65536 (default)
2019-07-30 23:29:18,847 INFO  impl.RoleInfo (RoleInfo.java:updateAndGet(143)) - 191f8ab8-e14f-4994-8266-5bcab582ff8c: start LeaderState
2019-07-30 23:29:18,847 INFO  segmented.SegmentedRaftLogWorker (SegmentedRaftLogWorker.java:startLogSegment(380)) - 191f8ab8-e14f-4994-8266-5bcab582ff8c-SegmentedRaftLogWorker:Storage Directory /workdir/hadoop-ozone/integration-test/target/test-dir/MiniOzoneClusterImpl-04e0b60f-856d-418d-a8ab-4510f743737b/datanode-1/data/ratis/e8abd6f0-d2bf-4a11-bc5e-ac5f41b55ae7: Starting segment from index:0
2019-07-30 23:29:18,848 INFO  impl.RaftServerImpl (ServerState.java:setRaftConf(361)) - 191f8ab8-e14f-4994-8266-5bcab582ff8c:group-AC5F41B55AE7 set configuration 0: [191f8ab8-e14f-4994-8266-5bcab582ff8c:192.168.5.171:42373], old=null at 0
2019-07-30 23:29:18,880 INFO  impl.FollowerState (FollowerState.java:run(106)) - 7e5fe5ea-e277-440c-a865-2e37fe357929:group-39B2E8A134D0 changes to CANDIDATE, lastRpcTime:5033, electionTimeout:5033ms
2019-07-30 23:29:18,881 INFO  impl.RoleInfo (RoleInfo.java:shutdownFollowerState(121)) - 7e5fe5ea-e277-440c-a865-2e37fe357929: shutdown FollowerState
2019-07-30 23:29:18,881 INFO  impl.RaftServerImpl (RaftServerImpl.java:setRole(171)) - 7e5fe5ea-e277-440c-a865-2e37fe357929:group-39B2E8A134D0 changes role from FOLLOWER to CANDIDATE at term 0 for changeToCandidate
2019-07-30 23:29:18,881 INFO  impl.RoleInfo (RoleInfo.java:updateAndGet(143)) - 7e5fe5ea-e277-440c-a865-2e37fe357929: start LeaderElection
2019-07-30 23:29:18,886 INFO  segmented.SegmentedRaftLogWorker (SegmentedRaftLogWorker.java:execute(569)) - 191f8ab8-e14f-4994-8266-5bcab582ff8c-SegmentedRaftLogWorker:Storage Directory /workdir/hadoop-ozone/integration-test/target/test-dir/MiniOzoneClusterImpl-04e0b60f-856d-418d-a8ab-4510f743737b/datanode-1/data/ratis/e8abd6f0-d2bf-4a11-bc5e-ac5f41b55ae7: created new log segment /workdir/hadoop-ozone/integration-test/target/test-dir/MiniOzoneClusterImpl-04e0b60f-856d-418d-a8ab-4510f743737b/datanode-1/data/ratis/e8abd6f0-d2bf-4a11-bc5e-ac5f41b55ae7/current/log_inprogress_0
2019-07-30 23:29:18,893 INFO  impl.LeaderElection (LeaderElection.java:askForVotes(181)) - 7e5fe5ea-e277-440c-a865-2e37fe357929:group-39B2E8A134D0:LeaderElection17: begin an election at term 1 for -1: [7e5fe5ea-e277-440c-a865-2e37fe357929:192.168.5.171:33117], old=null
2019-07-30 23:29:18,893 INFO  impl.RoleInfo (RoleInfo.java:shutdownLeaderElection(134)) - 7e5fe5ea-e277-440c-a865-2e37fe357929: shutdown LeaderElection
2019-07-30 23:29:18,893 INFO  impl.RaftServerImpl (RaftServerImpl.java:setRole(171)) - 7e5fe5ea-e277-440c-a865-2e37fe357929:group-39B2E8A134D0 changes role from CANDIDATE to LEADER at term 1 for changeToLeader
2019-07-30 23:29:18,893 INFO  impl.RaftServerImpl (ServerState.java:setLeader(263)) - 7e5fe5ea-e277-440c-a865-2e37fe357929:group-39B2E8A134D0 change Leader from null to 7e5fe5ea-e277-440c-a865-2e37fe357929 at term 1 for becomeLeader, leader elected after 5053ms
2019-07-30 23:29:18,896 INFO  server.RaftServerConfigKeys (ConfUtils.java:logGet(43)) - raft.server.staging.catchup.gap = 1000 (default)
2019-07-30 23:29:18,896 INFO  server.RaftServerConfigKeys (ConfUtils.java:logGet(43)) - raft.server.rpc.sleep.time = 25ms (default)
2019-07-30 23:29:18,896 INFO  server.RaftServerConfigKeys (ConfUtils.java:logGet(43)) - raft.server.write.element-limit = 4096 (default)
2019-07-30 23:29:18,896 INFO  server.RaftServerConfigKeys (ConfUtils.java:logGet(43)) - raft.server.watch.timeout = 10s (default)
2019-07-30 23:29:18,897 INFO  server.RaftServerConfigKeys (ConfUtils.java:logGet(43)) - raft.server.watch.timeout.denomination = 1s (default)
2019-07-30 23:29:18,897 INFO  server.RaftServerConfigKeys (ConfUtils.java:logGet(43)) - raft.server.watch.element-limit = 65536 (default)
2019-07-30 23:29:18,897 INFO  impl.RoleInfo (RoleInfo.java:updateAndGet(143)) - 7e5fe5ea-e277-440c-a865-2e37fe357929: start LeaderState
2019-07-30 23:29:18,897 INFO  segmented.SegmentedRaftLogWorker (SegmentedRaftLogWorker.java:startLogSegment(380)) - 7e5fe5ea-e277-440c-a865-2e37fe357929-SegmentedRaftLogWorker:Storage Directory /workdir/hadoop-ozone/integration-test/target/test-dir/MiniOzoneClusterImpl-04e0b60f-856d-418d-a8ab-4510f743737b/datanode-2/data/ratis/600a58ab-ddc7-469c-85b1-39b2e8a134d0: Starting segment from index:0
2019-07-30 23:29:18,898 INFO  impl.RaftServerImpl (ServerState.java:setRaftConf(361)) - 7e5fe5ea-e277-440c-a865-2e37fe357929:group-39B2E8A134D0 set configuration 0: [7e5fe5ea-e277-440c-a865-2e37fe357929:192.168.5.171:33117], old=null at 0
2019-07-30 23:29:18,923 INFO  segmented.SegmentedRaftLogWorker (SegmentedRaftLogWorker.java:execute(569)) - 7e5fe5ea-e277-440c-a865-2e37fe357929-SegmentedRaftLogWorker:Storage Directory /workdir/hadoop-ozone/integration-test/target/test-dir/MiniOzoneClusterImpl-04e0b60f-856d-418d-a8ab-4510f743737b/datanode-2/data/ratis/600a58ab-ddc7-469c-85b1-39b2e8a134d0: created new log segment /workdir/hadoop-ozone/integration-test/target/test-dir/MiniOzoneClusterImpl-04e0b60f-856d-418d-a8ab-4510f743737b/datanode-2/data/ratis/600a58ab-ddc7-469c-85b1-39b2e8a134d0/current/log_inprogress_0
2019-07-30 23:29:19,020 INFO  client.GrpcClientProtocolClient (GrpcClientProtocolClient.java:onNext(255)) - client-6594A5243C67->aca150cc-fee0-4b79-9a6e-e087870480f7: receive RaftClientReply:client-6594A5243C67->aca150cc-fee0-4b79-9a6e-e087870480f7@group-C3F9DF7BB625, cid=42, FAILED org.apache.ratis.protocol.NotLeaderException: Server aca150cc-fee0-4b79-9a6e-e087870480f7 is not the leader (null). Request must be sent to leader., logIndex=0, commits[aca150cc-fee0-4b79-9a6e-e087870480f7:c-1]
2019-07-30 23:29:19,030 INFO  impl.FollowerState (FollowerState.java:run(106)) - 191f8ab8-e14f-4994-8266-5bcab582ff8c:group-312C89FB8B67 changes to CANDIDATE, lastRpcTime:5147, electionTimeout:5146ms
2019-07-30 23:29:19,031 INFO  impl.RoleInfo (RoleInfo.java:shutdownFollowerState(121)) - 191f8ab8-e14f-4994-8266-5bcab582ff8c: shutdown FollowerState
2019-07-30 23:29:19,031 INFO  impl.RaftServerImpl (RaftServerImpl.java:setRole(171)) - 191f8ab8-e14f-4994-8266-5bcab582ff8c:group-312C89FB8B67 changes role from FOLLOWER to CANDIDATE at term 0 for changeToCandidate
2019-07-30 23:29:19,031 INFO  impl.RoleInfo (RoleInfo.java:updateAndGet(143)) - 191f8ab8-e14f-4994-8266-5bcab582ff8c: start LeaderElection
2019-07-30 23:29:19,046 INFO  impl.FollowerState (FollowerState.java:run(106)) - 0684775e-916d-4429-829d-be7e5ceb7429:group-BC80D9FE95EE changes to CANDIDATE, lastRpcTime:5009, electionTimeout:5007ms
2019-07-30 23:29:19,046 INFO  impl.RoleInfo (RoleInfo.java:shutdownFollowerState(121)) - 0684775e-916d-4429-829d-be7e5ceb7429: shutdown FollowerState
2019-07-30 23:29:19,046 INFO  impl.RaftServerImpl (RaftServerImpl.java:setRole(171)) - 0684775e-916d-4429-829d-be7e5ceb7429:group-BC80D9FE95EE changes role from FOLLOWER to CANDIDATE at term 0 for changeToCandidate
2019-07-30 23:29:19,047 INFO  impl.RoleInfo (RoleInfo.java:updateAndGet(143)) - 0684775e-916d-4429-829d-be7e5ceb7429: start LeaderElection
2019-07-30 23:29:19,053 INFO  impl.FollowerState (FollowerState.java:run(106)) - 86a3b411-9919-4103-89a5-5a4a40c4080c:group-312C89FB8B67 changes to CANDIDATE, lastRpcTime:5139, electionTimeout:5138ms
2019-07-30 23:29:19,053 INFO  impl.RoleInfo (RoleInfo.java:shutdownFollowerState(121)) - 86a3b411-9919-4103-89a5-5a4a40c4080c: shutdown FollowerState
2019-07-30 23:29:19,053 INFO  impl.RaftServerImpl (RaftServerImpl.java:setRole(171)) - 86a3b411-9919-4103-89a5-5a4a40c4080c:group-312C89FB8B67 changes role from FOLLOWER to CANDIDATE at term 0 for changeToCandidate
2019-07-30 23:29:19,053 INFO  impl.RoleInfo (RoleInfo.java:updateAndGet(143)) - 86a3b411-9919-4103-89a5-5a4a40c4080c: start LeaderElection
2019-07-30 23:29:19,059 INFO  impl.LeaderElection (LeaderElection.java:askForVotes(181)) - 0684775e-916d-4429-829d-be7e5ceb7429:group-BC80D9FE95EE:LeaderElection19: begin an election at term 1 for -1: [0684775e-916d-4429-829d-be7e5ceb7429:192.168.5.171:42551], old=null
2019-07-30 23:29:19,059 INFO  impl.LeaderElection (LeaderElection.java:askForVotes(181)) - 191f8ab8-e14f-4994-8266-5bcab582ff8c:group-312C89FB8B67:LeaderElection18: begin an election at term 1 for -1: [86a3b411-9919-4103-89a5-5a4a40c4080c:192.168.5.171:44978, 7e5fe5ea-e277-440c-a865-2e37fe357929:192.168.5.171:33117, 191f8ab8-e14f-4994-8266-5bcab582ff8c:192.168.5.171:42373], old=null
2019-07-30 23:29:19,059 INFO  impl.RoleInfo (RoleInfo.java:shutdownLeaderElection(134)) - 0684775e-916d-4429-829d-be7e5ceb7429: shutdown LeaderElection
2019-07-30 23:29:19,060 INFO  impl.RaftServerImpl (RaftServerImpl.java:setRole(171)) - 0684775e-916d-4429-829d-be7e5ceb7429:group-BC80D9FE95EE changes role from CANDIDATE to LEADER at term 1 for changeToLeader
2019-07-30 23:29:19,060 INFO  impl.RaftServerImpl (ServerState.java:setLeader(263)) - 0684775e-916d-4429-829d-be7e5ceb7429:group-BC80D9FE95EE change Leader from null to 0684775e-916d-4429-829d-be7e5ceb7429 at term 1 for becomeLeader, leader elected after 5028ms
2019-07-30 23:29:19,062 INFO  server.RaftServerConfigKeys (ConfUtils.java:logGet(43)) - raft.server.staging.catchup.gap = 1000 (default)
2019-07-30 23:29:19,062 INFO  impl.LeaderElection (LeaderElection.java:askForVotes(181)) - 86a3b411-9919-4103-89a5-5a4a40c4080c:group-312C89FB8B67:LeaderElection20: begin an election at term 1 for -1: [86a3b411-9919-4103-89a5-5a4a40c4080c:192.168.5.171:44978, 7e5fe5ea-e277-440c-a865-2e37fe357929:192.168.5.171:33117, 191f8ab8-e14f-4994-8266-5bcab582ff8c:192.168.5.171:42373], old=null
2019-07-30 23:29:19,062 INFO  server.RaftServerConfigKeys (ConfUtils.java:logGet(43)) - raft.server.rpc.sleep.time = 25ms (default)
2019-07-30 23:29:19,063 INFO  server.RaftServerConfigKeys (ConfUtils.java:logGet(43)) - raft.server.write.element-limit = 4096 (default)
2019-07-30 23:29:19,063 INFO  server.RaftServerConfigKeys (ConfUtils.java:logGet(43)) - raft.server.watch.timeout = 10s (default)
2019-07-30 23:29:19,063 INFO  server.RaftServerConfigKeys (ConfUtils.java:logGet(43)) - raft.server.watch.timeout.denomination = 1s (default)
2019-07-30 23:29:19,063 INFO  server.RaftServerConfigKeys (ConfUtils.java:logGet(43)) - raft.server.watch.element-limit = 65536 (default)
2019-07-30 23:29:19,064 INFO  impl.RoleInfo (RoleInfo.java:updateAndGet(143)) - 0684775e-916d-4429-829d-be7e5ceb7429: start LeaderState
2019-07-30 23:29:19,064 INFO  segmented.SegmentedRaftLogWorker (SegmentedRaftLogWorker.java:startLogSegment(380)) - 0684775e-916d-4429-829d-be7e5ceb7429-SegmentedRaftLogWorker:Storage Directory /workdir/hadoop-ozone/integration-test/target/test-dir/MiniOzoneClusterImpl-04e0b60f-856d-418d-a8ab-4510f743737b/datanode-3/data/ratis/9d282874-18e4-4a74-bf19-bc80d9fe95ee: Starting segment from index:0
2019-07-30 23:29:19,065 INFO  impl.RaftServerImpl (ServerState.java:setRaftConf(361)) - 0684775e-916d-4429-829d-be7e5ceb7429:group-BC80D9FE95EE set configuration 0: [0684775e-916d-4429-829d-be7e5ceb7429:192.168.5.171:42551], old=null at 0
2019-07-30 23:29:19,073 INFO  impl.RaftServerImpl (RaftServerImpl.java:setRole(171)) - 7e5fe5ea-e277-440c-a865-2e37fe357929:group-312C89FB8B67 changes role from FOLLOWER to FOLLOWER at term 1 for recognizeCandidate:191f8ab8-e14f-4994-8266-5bcab582ff8c
2019-07-30 23:29:19,096 INFO  impl.RoleInfo (RoleInfo.java:shutdownFollowerState(121)) - 7e5fe5ea-e277-440c-a865-2e37fe357929: shutdown FollowerState
2019-07-30 23:29:19,096 INFO  impl.RoleInfo (RoleInfo.java:updateAndGet(143)) - 7e5fe5ea-e277-440c-a865-2e37fe357929: start FollowerState
2019-07-30 23:29:19,109 INFO  segmented.SegmentedRaftLogWorker (SegmentedRaftLogWorker.java:execute(569)) - 0684775e-916d-4429-829d-be7e5ceb7429-SegmentedRaftLogWorker:Storage Directory /workdir/hadoop-ozone/integration-test/target/test-dir/MiniOzoneClusterImpl-04e0b60f-856d-418d-a8ab-4510f743737b/datanode-3/data/ratis/9d282874-18e4-4a74-bf19-bc80d9fe95ee: created new log segment /workdir/hadoop-ozone/integration-test/target/test-dir/MiniOzoneClusterImpl-04e0b60f-856d-418d-a8ab-4510f743737b/datanode-3/data/ratis/9d282874-18e4-4a74-bf19-bc80d9fe95ee/current/log_inprogress_0
2019-07-30 23:29:19,116 INFO  impl.LeaderElection (LeaderElection.java:logAndReturn(56)) - 191f8ab8-e14f-4994-8266-5bcab582ff8c:group-312C89FB8B67:LeaderElection18: Election PASSED; received 2 response(s) [191f8ab8-e14f-4994-8266-5bcab582ff8c<-86a3b411-9919-4103-89a5-5a4a40c4080c#0:FAIL-t1, 191f8ab8-e14f-4994-8266-5bcab582ff8c<-7e5fe5ea-e277-440c-a865-2e37fe357929#0:OK-t1] and 0 exception(s); 191f8ab8-e14f-4994-8266-5bcab582ff8c:t1, leader=null, voted=191f8ab8-e14f-4994-8266-5bcab582ff8c, raftlog=191f8ab8-e14f-4994-8266-5bcab582ff8c-SegmentedRaftLog:OPENED:c-1,f-1,i0, conf=-1: [86a3b411-9919-4103-89a5-5a4a40c4080c:192.168.5.171:44978, 7e5fe5ea-e277-440c-a865-2e37fe357929:192.168.5.171:33117, 191f8ab8-e14f-4994-8266-5bcab582ff8c:192.168.5.171:42373], old=null
2019-07-30 23:29:19,116 INFO  impl.RoleInfo (RoleInfo.java:shutdownLeaderElection(134)) - 191f8ab8-e14f-4994-8266-5bcab582ff8c: shutdown LeaderElection
2019-07-30 23:29:19,116 INFO  impl.LeaderElection (LeaderElection.java:logAndReturn(56)) - 86a3b411-9919-4103-89a5-5a4a40c4080c:group-312C89FB8B67:LeaderElection20: Election REJECTED; received 2 response(s) [86a3b411-9919-4103-89a5-5a4a40c4080c<-7e5fe5ea-e277-440c-a865-2e37fe357929#0:FAIL-t1, 86a3b411-9919-4103-89a5-5a4a40c4080c<-191f8ab8-e14f-4994-8266-5bcab582ff8c#0:FAIL-t1] and 0 exception(s); 86a3b411-9919-4103-89a5-5a4a40c4080c:t1, leader=null, voted=86a3b411-9919-4103-89a5-5a4a40c4080c, raftlog=86a3b411-9919-4103-89a5-5a4a40c4080c-SegmentedRaftLog:OPENED:c-1,f-1,i0, conf=-1: [86a3b411-9919-4103-89a5-5a4a40c4080c:192.168.5.171:44978, 7e5fe5ea-e277-440c-a865-2e37fe357929:192.168.5.171:33117, 191f8ab8-e14f-4994-8266-5bcab582ff8c:192.168.5.171:42373], old=null
2019-07-30 23:29:19,116 INFO  impl.RaftServerImpl (RaftServerImpl.java:setRole(171)) - 191f8ab8-e14f-4994-8266-5bcab582ff8c:group-312C89FB8B67 changes role from CANDIDATE to LEADER at term 1 for changeToLeader
2019-07-30 23:29:19,116 INFO  impl.RaftServerImpl (RaftServerImpl.java:setRole(171)) - 86a3b411-9919-4103-89a5-5a4a40c4080c:group-312C89FB8B67 changes role from CANDIDATE to FOLLOWER at term 1 for DISCOVERED_A_NEW_TERM
2019-07-30 23:29:19,117 INFO  impl.RaftServerImpl (ServerState.java:setLeader(263)) - 191f8ab8-e14f-4994-8266-5bcab582ff8c:group-312C89FB8B67 change Leader from null to 191f8ab8-e14f-4994-8266-5bcab582ff8c at term 1 for becomeLeader, leader elected after 5239ms
2019-07-30 23:29:19,117 INFO  impl.RoleInfo (RoleInfo.java:shutdownLeaderElection(134)) - 86a3b411-9919-4103-89a5-5a4a40c4080c: shutdown LeaderElection
2019-07-30 23:29:19,117 INFO  server.RaftServerConfigKeys (ConfUtils.java:logGet(43)) - raft.server.staging.catchup.gap = 1000 (default)
2019-07-30 23:29:19,117 INFO  impl.RoleInfo (RoleInfo.java:updateAndGet(143)) - 86a3b411-9919-4103-89a5-5a4a40c4080c: start FollowerState
2019-07-30 23:29:19,117 INFO  server.RaftServerConfigKeys (ConfUtils.java:logGet(43)) - raft.server.rpc.sleep.time = 25ms (default)
2019-07-30 23:29:19,117 INFO  server.RaftServerConfigKeys (ConfUtils.java:logGet(43)) - raft.server.write.element-limit = 4096 (default)
2019-07-30 23:29:19,118 INFO  server.RaftServerConfigKeys (ConfUtils.java:logGet(43)) - raft.server.watch.timeout = 10s (default)
2019-07-30 23:29:19,118 INFO  server.RaftServerConfigKeys (ConfUtils.java:logGet(43)) - raft.server.watch.timeout.denomination = 1s (default)
2019-07-30 23:29:19,118 INFO  server.RaftServerConfigKeys (ConfUtils.java:logGet(43)) - raft.server.watch.element-limit = 65536 (default)
2019-07-30 23:29:19,118 INFO  server.RaftServerConfigKeys (ConfUtils.java:logGet(43)) - raft.server.log.appender.snapshot.chunk.size.max = 16MB (=16777216) (default)
2019-07-30 23:29:19,119 INFO  server.RaftServerConfigKeys (ConfUtils.java:logGet(43)) - raft.server.log.appender.buffer.byte-limit = 33554432 (custom)
2019-07-30 23:29:19,119 INFO  server.RaftServerConfigKeys (ConfUtils.java:logGet(43)) - raft.server.log.appender.buffer.element-limit = 1 (custom)
2019-07-30 23:29:19,119 INFO  grpc.GrpcConfigKeys$Server (ConfUtils.java:logGet(43)) - raft.grpc.server.leader.outstanding.appends.max = 128 (default)
2019-07-30 23:29:19,120 INFO  server.RaftServerConfigKeys (ConfUtils.java:logGet(43)) - raft.server.rpc.request.timeout = 3000ms (default)
2019-07-30 23:29:19,120 INFO  server.RaftServerConfigKeys (ConfUtils.java:logGet(43)) - raft.server.log.appender.install.snapshot.enabled = false (custom)
2019-07-30 23:29:19,120 INFO  server.RaftServerConfigKeys (ConfUtils.java:logGet(43)) - raft.server.log.appender.snapshot.chunk.size.max = 16MB (=16777216) (default)
2019-07-30 23:29:19,120 INFO  server.RaftServerConfigKeys (ConfUtils.java:logGet(43)) - raft.server.log.appender.buffer.byte-limit = 33554432 (custom)
2019-07-30 23:29:19,120 INFO  server.RaftServerConfigKeys (ConfUtils.java:logGet(43)) - raft.server.log.appender.buffer.element-limit = 1 (custom)
2019-07-30 23:29:19,121 INFO  grpc.GrpcConfigKeys$Server (ConfUtils.java:logGet(43)) - raft.grpc.server.leader.outstanding.appends.max = 128 (default)
2019-07-30 23:29:19,121 INFO  server.RaftServerConfigKeys (ConfUtils.java:logGet(43)) - raft.server.rpc.request.timeout = 3000ms (default)
2019-07-30 23:29:19,121 INFO  server.RaftServerConfigKeys (ConfUtils.java:logGet(43)) - raft.server.log.appender.install.snapshot.enabled = false (custom)
2019-07-30 23:29:19,121 INFO  impl.RoleInfo (RoleInfo.java:updateAndGet(143)) - 191f8ab8-e14f-4994-8266-5bcab582ff8c: start LeaderState
2019-07-30 23:29:19,122 INFO  segmented.SegmentedRaftLogWorker (SegmentedRaftLogWorker.java:startLogSegment(380)) - 191f8ab8-e14f-4994-8266-5bcab582ff8c-SegmentedRaftLogWorker:Storage Directory /workdir/hadoop-ozone/integration-test/target/test-dir/MiniOzoneClusterImpl-04e0b60f-856d-418d-a8ab-4510f743737b/datanode-1/data/ratis/c339dd49-8a2f-486a-b29f-312c89fb8b67: Starting segment from index:0
2019-07-30 23:29:19,123 INFO  impl.RaftServerImpl (ServerState.java:setRaftConf(361)) - 191f8ab8-e14f-4994-8266-5bcab582ff8c:group-312C89FB8B67 set configuration 0: [86a3b411-9919-4103-89a5-5a4a40c4080c:192.168.5.171:44978, 7e5fe5ea-e277-440c-a865-2e37fe357929:192.168.5.171:33117, 191f8ab8-e14f-4994-8266-5bcab582ff8c:192.168.5.171:42373], old=null at 0
2019-07-30 23:29:19,125 INFO  impl.RaftServerImpl (ServerState.java:setLeader(263)) - 7e5fe5ea-e277-440c-a865-2e37fe357929:group-312C89FB8B67 change Leader from null to 191f8ab8-e14f-4994-8266-5bcab582ff8c at term 1 for appendEntries, leader elected after 5242ms
2019-07-30 23:29:19,125 INFO  impl.RaftServerImpl (ServerState.java:setLeader(263)) - 86a3b411-9919-4103-89a5-5a4a40c4080c:group-312C89FB8B67 change Leader from null to 191f8ab8-e14f-4994-8266-5bcab582ff8c at term 1 for appendEntries, leader elected after 5243ms
2019-07-30 23:29:19,128 INFO  impl.RaftServerImpl (ServerState.java:setRaftConf(361)) - 7e5fe5ea-e277-440c-a865-2e37fe357929:group-312C89FB8B67 set configuration 0: [86a3b411-9919-4103-89a5-5a4a40c4080c:192.168.5.171:44978, 7e5fe5ea-e277-440c-a865-2e37fe357929:192.168.5.171:33117, 191f8ab8-e14f-4994-8266-5bcab582ff8c:192.168.5.171:42373], old=null at 0
2019-07-30 23:29:19,128 INFO  impl.RaftServerImpl (ServerState.java:setRaftConf(361)) - 86a3b411-9919-4103-89a5-5a4a40c4080c:group-312C89FB8B67 set configuration 0: [86a3b411-9919-4103-89a5-5a4a40c4080c:192.168.5.171:44978, 7e5fe5ea-e277-440c-a865-2e37fe357929:192.168.5.171:33117, 191f8ab8-e14f-4994-8266-5bcab582ff8c:192.168.5.171:42373], old=null at 0
2019-07-30 23:29:19,129 INFO  segmented.SegmentedRaftLogWorker (SegmentedRaftLogWorker.java:startLogSegment(380)) - 7e5fe5ea-e277-440c-a865-2e37fe357929-SegmentedRaftLogWorker:Storage Directory /workdir/hadoop-ozone/integration-test/target/test-dir/MiniOzoneClusterImpl-04e0b60f-856d-418d-a8ab-4510f743737b/datanode-2/data/ratis/c339dd49-8a2f-486a-b29f-312c89fb8b67: Starting segment from index:0
2019-07-30 23:29:19,129 INFO  segmented.SegmentedRaftLogWorker (SegmentedRaftLogWorker.java:startLogSegment(380)) - 86a3b411-9919-4103-89a5-5a4a40c4080c-SegmentedRaftLogWorker:Storage Directory /workdir/hadoop-ozone/integration-test/target/test-dir/MiniOzoneClusterImpl-04e0b60f-856d-418d-a8ab-4510f743737b/datanode-0/data/ratis/c339dd49-8a2f-486a-b29f-312c89fb8b67: Starting segment from index:0
2019-07-30 23:29:19,150 INFO  segmented.SegmentedRaftLogWorker (SegmentedRaftLogWorker.java:execute(569)) - 7e5fe5ea-e277-440c-a865-2e37fe357929-SegmentedRaftLogWorker:Storage Directory /workdir/hadoop-ozone/integration-test/target/test-dir/MiniOzoneClusterImpl-04e0b60f-856d-418d-a8ab-4510f743737b/datanode-2/data/ratis/c339dd49-8a2f-486a-b29f-312c89fb8b67: created new log segment /workdir/hadoop-ozone/integration-test/target/test-dir/MiniOzoneClusterImpl-04e0b60f-856d-418d-a8ab-4510f743737b/datanode-2/data/ratis/c339dd49-8a2f-486a-b29f-312c89fb8b67/current/log_inprogress_0
2019-07-30 23:29:19,171 INFO  segmented.SegmentedRaftLogWorker (SegmentedRaftLogWorker.java:execute(569)) - 191f8ab8-e14f-4994-8266-5bcab582ff8c-SegmentedRaftLogWorker:Storage Directory /workdir/hadoop-ozone/integration-test/target/test-dir/MiniOzoneClusterImpl-04e0b60f-856d-418d-a8ab-4510f743737b/datanode-1/data/ratis/c339dd49-8a2f-486a-b29f-312c89fb8b67: created new log segment /workdir/hadoop-ozone/integration-test/target/test-dir/MiniOzoneClusterImpl-04e0b60f-856d-418d-a8ab-4510f743737b/datanode-1/data/ratis/c339dd49-8a2f-486a-b29f-312c89fb8b67/current/log_inprogress_0
2019-07-30 23:29:19,171 INFO  segmented.SegmentedRaftLogWorker (SegmentedRaftLogWorker.java:execute(569)) - 86a3b411-9919-4103-89a5-5a4a40c4080c-SegmentedRaftLogWorker:Storage Directory /workdir/hadoop-ozone/integration-test/target/test-dir/MiniOzoneClusterImpl-04e0b60f-856d-418d-a8ab-4510f743737b/datanode-0/data/ratis/c339dd49-8a2f-486a-b29f-312c89fb8b67: created new log segment /workdir/hadoop-ozone/integration-test/target/test-dir/MiniOzoneClusterImpl-04e0b60f-856d-418d-a8ab-4510f743737b/datanode-0/data/ratis/c339dd49-8a2f-486a-b29f-312c89fb8b67/current/log_inprogress_0
2019-07-30 23:29:19,475 INFO  impl.FollowerState (FollowerState.java:run(106)) - cca5e6ee-3bc4-4289-bd74-f62bf5c30f12:group-BB5B5950F92B changes to CANDIDATE, lastRpcTime:5004, electionTimeout:5004ms
2019-07-30 23:29:19,475 INFO  impl.RoleInfo (RoleInfo.java:shutdownFollowerState(121)) - cca5e6ee-3bc4-4289-bd74-f62bf5c30f12: shutdown FollowerState
2019-07-30 23:29:19,475 INFO  impl.RaftServerImpl (RaftServerImpl.java:setRole(171)) - cca5e6ee-3bc4-4289-bd74-f62bf5c30f12:group-BB5B5950F92B changes role from FOLLOWER to CANDIDATE at term 0 for changeToCandidate
2019-07-30 23:29:19,475 INFO  impl.RoleInfo (RoleInfo.java:updateAndGet(143)) - cca5e6ee-3bc4-4289-bd74-f62bf5c30f12: start LeaderElection
2019-07-30 23:29:19,488 INFO  impl.LeaderElection (LeaderElection.java:askForVotes(181)) - cca5e6ee-3bc4-4289-bd74-f62bf5c30f12:group-BB5B5950F92B:LeaderElection21: begin an election at term 1 for -1: [cca5e6ee-3bc4-4289-bd74-f62bf5c30f12:192.168.5.171:36419], old=null
2019-07-30 23:29:19,488 INFO  impl.RoleInfo (RoleInfo.java:shutdownLeaderElection(134)) - cca5e6ee-3bc4-4289-bd74-f62bf5c30f12: shutdown LeaderElection
2019-07-30 23:29:19,488 INFO  impl.RaftServerImpl (RaftServerImpl.java:setRole(171)) - cca5e6ee-3bc4-4289-bd74-f62bf5c30f12:group-BB5B5950F92B changes role from CANDIDATE to LEADER at term 1 for changeToLeader
2019-07-30 23:29:19,488 INFO  impl.RaftServerImpl (ServerState.java:setLeader(263)) - cca5e6ee-3bc4-4289-bd74-f62bf5c30f12:group-BB5B5950F92B change Leader from null to cca5e6ee-3bc4-4289-bd74-f62bf5c30f12 at term 1 for becomeLeader, leader elected after 5023ms
2019-07-30 23:29:19,491 INFO  server.RaftServerConfigKeys (ConfUtils.java:logGet(43)) - raft.server.staging.catchup.gap = 1000 (default)
2019-07-30 23:29:19,491 INFO  server.RaftServerConfigKeys (ConfUtils.java:logGet(43)) - raft.server.rpc.sleep.time = 25ms (default)
2019-07-30 23:29:19,491 INFO  server.RaftServerConfigKeys (ConfUtils.java:logGet(43)) - raft.server.write.element-limit = 4096 (default)
2019-07-30 23:29:19,491 INFO  server.RaftServerConfigKeys (ConfUtils.java:logGet(43)) - raft.server.watch.timeout = 10s (default)
2019-07-30 23:29:19,492 INFO  server.RaftServerConfigKeys (ConfUtils.java:logGet(43)) - raft.server.watch.timeout.denomination = 1s (default)
2019-07-30 23:29:19,492 INFO  server.RaftServerConfigKeys (ConfUtils.java:logGet(43)) - raft.server.watch.element-limit = 65536 (default)
2019-07-30 23:29:19,492 INFO  impl.RoleInfo (RoleInfo.java:updateAndGet(143)) - cca5e6ee-3bc4-4289-bd74-f62bf5c30f12: start LeaderState
2019-07-30 23:29:19,492 INFO  segmented.SegmentedRaftLogWorker (SegmentedRaftLogWorker.java:startLogSegment(380)) - cca5e6ee-3bc4-4289-bd74-f62bf5c30f12-SegmentedRaftLogWorker:Storage Directory /workdir/hadoop-ozone/integration-test/target/test-dir/MiniOzoneClusterImpl-04e0b60f-856d-418d-a8ab-4510f743737b/datanode-4/data/ratis/1ec3448d-768f-4769-86f2-bb5b5950f92b: Starting segment from index:0
2019-07-30 23:29:19,493 INFO  impl.RaftServerImpl (ServerState.java:setRaftConf(361)) - cca5e6ee-3bc4-4289-bd74-f62bf5c30f12:group-BB5B5950F92B set configuration 0: [cca5e6ee-3bc4-4289-bd74-f62bf5c30f12:192.168.5.171:36419], old=null at 0
2019-07-30 23:29:19,514 INFO  segmented.SegmentedRaftLogWorker (SegmentedRaftLogWorker.java:execute(569)) - cca5e6ee-3bc4-4289-bd74-f62bf5c30f12-SegmentedRaftLogWorker:Storage Directory /workdir/hadoop-ozone/integration-test/target/test-dir/MiniOzoneClusterImpl-04e0b60f-856d-418d-a8ab-4510f743737b/datanode-4/data/ratis/1ec3448d-768f-4769-86f2-bb5b5950f92b: created new log segment /workdir/hadoop-ozone/integration-test/target/test-dir/MiniOzoneClusterImpl-04e0b60f-856d-418d-a8ab-4510f743737b/datanode-4/data/ratis/1ec3448d-768f-4769-86f2-bb5b5950f92b/current/log_inprogress_0
2019-07-30 23:29:19,788 INFO  impl.FollowerState (FollowerState.java:run(106)) - aca150cc-fee0-4b79-9a6e-e087870480f7:group-C38ED460CDF5 changes to CANDIDATE, lastRpcTime:5087, electionTimeout:5087ms
2019-07-30 23:29:19,788 INFO  impl.RoleInfo (RoleInfo.java:shutdownFollowerState(121)) - aca150cc-fee0-4b79-9a6e-e087870480f7: shutdown FollowerState
2019-07-30 23:29:19,788 INFO  impl.RaftServerImpl (RaftServerImpl.java:setRole(171)) - aca150cc-fee0-4b79-9a6e-e087870480f7:group-C38ED460CDF5 changes role from FOLLOWER to CANDIDATE at term 0 for changeToCandidate
2019-07-30 23:29:19,789 INFO  impl.RoleInfo (RoleInfo.java:updateAndGet(143)) - aca150cc-fee0-4b79-9a6e-e087870480f7: start LeaderElection
2019-07-30 23:29:19,799 INFO  impl.LeaderElection (LeaderElection.java:askForVotes(181)) - aca150cc-fee0-4b79-9a6e-e087870480f7:group-C38ED460CDF5:LeaderElection22: begin an election at term 1 for -1: [aca150cc-fee0-4b79-9a6e-e087870480f7:192.168.5.171:37865], old=null
2019-07-30 23:29:19,799 INFO  impl.RoleInfo (RoleInfo.java:shutdownLeaderElection(134)) - aca150cc-fee0-4b79-9a6e-e087870480f7: shutdown LeaderElection
2019-07-30 23:29:19,799 INFO  impl.RaftServerImpl (RaftServerImpl.java:setRole(171)) - aca150cc-fee0-4b79-9a6e-e087870480f7:group-C38ED460CDF5 changes role from CANDIDATE to LEADER at term 1 for changeToLeader
2019-07-30 23:29:19,799 INFO  impl.RaftServerImpl (ServerState.java:setLeader(263)) - aca150cc-fee0-4b79-9a6e-e087870480f7:group-C38ED460CDF5 change Leader from null to aca150cc-fee0-4b79-9a6e-e087870480f7 at term 1 for becomeLeader, leader elected after 5104ms
2019-07-30 23:29:19,802 INFO  server.RaftServerConfigKeys (ConfUtils.java:logGet(43)) - raft.server.staging.catchup.gap = 1000 (default)
2019-07-30 23:29:19,802 INFO  server.RaftServerConfigKeys (ConfUtils.java:logGet(43)) - raft.server.rpc.sleep.time = 25ms (default)
2019-07-30 23:29:19,802 INFO  server.RaftServerConfigKeys (ConfUtils.java:logGet(43)) - raft.server.write.element-limit = 4096 (default)
2019-07-30 23:29:19,802 INFO  server.RaftServerConfigKeys (ConfUtils.java:logGet(43)) - raft.server.watch.timeout = 10s (default)
2019-07-30 23:29:19,803 INFO  server.RaftServerConfigKeys (ConfUtils.java:logGet(43)) - raft.server.watch.timeout.denomination = 1s (default)
2019-07-30 23:29:19,803 INFO  server.RaftServerConfigKeys (ConfUtils.java:logGet(43)) - raft.server.watch.element-limit = 65536 (default)
2019-07-30 23:29:19,803 INFO  impl.RoleInfo (RoleInfo.java:updateAndGet(143)) - aca150cc-fee0-4b79-9a6e-e087870480f7: start LeaderState
2019-07-30 23:29:19,803 INFO  segmented.SegmentedRaftLogWorker (SegmentedRaftLogWorker.java:startLogSegment(380)) - aca150cc-fee0-4b79-9a6e-e087870480f7-SegmentedRaftLogWorker:Storage Directory /workdir/hadoop-ozone/integration-test/target/test-dir/MiniOzoneClusterImpl-04e0b60f-856d-418d-a8ab-4510f743737b/datanode-5/data/ratis/c71021a5-3ebb-42c7-87d4-c38ed460cdf5: Starting segment from index:0
2019-07-30 23:29:19,804 INFO  impl.RaftServerImpl (ServerState.java:setRaftConf(361)) - aca150cc-fee0-4b79-9a6e-e087870480f7:group-C38ED460CDF5 set configuration 0: [aca150cc-fee0-4b79-9a6e-e087870480f7:192.168.5.171:37865], old=null at 0
2019-07-30 23:29:19,830 INFO  segmented.SegmentedRaftLogWorker (SegmentedRaftLogWorker.java:execute(569)) - aca150cc-fee0-4b79-9a6e-e087870480f7-SegmentedRaftLogWorker:Storage Directory /workdir/hadoop-ozone/integration-test/target/test-dir/MiniOzoneClusterImpl-04e0b60f-856d-418d-a8ab-4510f743737b/datanode-5/data/ratis/c71021a5-3ebb-42c7-87d4-c38ed460cdf5: created new log segment /workdir/hadoop-ozone/integration-test/target/test-dir/MiniOzoneClusterImpl-04e0b60f-856d-418d-a8ab-4510f743737b/datanode-5/data/ratis/c71021a5-3ebb-42c7-87d4-c38ed460cdf5/current/log_inprogress_0
2019-07-30 23:29:19,852 INFO  impl.FollowerState (FollowerState.java:run(106)) - 0684775e-916d-4429-829d-be7e5ceb7429:group-C3F9DF7BB625 changes to CANDIDATE, lastRpcTime:5089, electionTimeout:5089ms
2019-07-30 23:29:19,853 INFO  impl.RoleInfo (RoleInfo.java:shutdownFollowerState(121)) - 0684775e-916d-4429-829d-be7e5ceb7429: shutdown FollowerState
2019-07-30 23:29:19,853 INFO  impl.RaftServerImpl (RaftServerImpl.java:setRole(171)) - 0684775e-916d-4429-829d-be7e5ceb7429:group-C3F9DF7BB625 changes role from FOLLOWER to CANDIDATE at term 0 for changeToCandidate
2019-07-30 23:29:19,853 INFO  impl.RoleInfo (RoleInfo.java:updateAndGet(143)) - 0684775e-916d-4429-829d-be7e5ceb7429: start LeaderElection
2019-07-30 23:29:19,862 INFO  impl.LeaderElection (LeaderElection.java:askForVotes(181)) - 0684775e-916d-4429-829d-be7e5ceb7429:group-C3F9DF7BB625:LeaderElection23: begin an election at term 1 for -1: [0684775e-916d-4429-829d-be7e5ceb7429:192.168.5.171:42551, aca150cc-fee0-4b79-9a6e-e087870480f7:192.168.5.171:37865, cca5e6ee-3bc4-4289-bd74-f62bf5c30f12:192.168.5.171:36419], old=null
2019-07-30 23:29:19,869 INFO  impl.RaftServerImpl (RaftServerImpl.java:setRole(171)) - cca5e6ee-3bc4-4289-bd74-f62bf5c30f12:group-C3F9DF7BB625 changes role from FOLLOWER to FOLLOWER at term 1 for recognizeCandidate:0684775e-916d-4429-829d-be7e5ceb7429
2019-07-30 23:29:19,869 INFO  impl.RaftServerImpl (RaftServerImpl.java:setRole(171)) - aca150cc-fee0-4b79-9a6e-e087870480f7:group-C3F9DF7BB625 changes role from FOLLOWER to FOLLOWER at term 1 for recognizeCandidate:0684775e-916d-4429-829d-be7e5ceb7429
2019-07-30 23:29:19,869 INFO  impl.RoleInfo (RoleInfo.java:shutdownFollowerState(121)) - cca5e6ee-3bc4-4289-bd74-f62bf5c30f12: shutdown FollowerState
2019-07-30 23:29:19,869 INFO  impl.RoleInfo (RoleInfo.java:shutdownFollowerState(121)) - aca150cc-fee0-4b79-9a6e-e087870480f7: shutdown FollowerState
2019-07-30 23:29:19,869 INFO  impl.FollowerState (FollowerState.java:run(114)) - cca5e6ee-3bc4-4289-bd74-f62bf5c30f12: FollowerState was interrupted: java.lang.InterruptedException: sleep interrupted
2019-07-30 23:29:19,870 INFO  impl.FollowerState (FollowerState.java:run(114)) - aca150cc-fee0-4b79-9a6e-e087870480f7: FollowerState was interrupted: java.lang.InterruptedException: sleep interrupted
2019-07-30 23:29:19,869 INFO  impl.RoleInfo (RoleInfo.java:updateAndGet(143)) - cca5e6ee-3bc4-4289-bd74-f62bf5c30f12: start FollowerState
2019-07-30 23:29:19,869 INFO  impl.RoleInfo (RoleInfo.java:updateAndGet(143)) - aca150cc-fee0-4b79-9a6e-e087870480f7: start FollowerState
2019-07-30 23:29:19,880 INFO  impl.LeaderElection (LeaderElection.java:logAndReturn(56)) - 0684775e-916d-4429-829d-be7e5ceb7429:group-C3F9DF7BB625:LeaderElection23: Election PASSED; received 1 response(s) [0684775e-916d-4429-829d-be7e5ceb7429<-cca5e6ee-3bc4-4289-bd74-f62bf5c30f12#0:OK-t1] and 0 exception(s); 0684775e-916d-4429-829d-be7e5ceb7429:t1, leader=null, voted=0684775e-916d-4429-829d-be7e5ceb7429, raftlog=0684775e-916d-4429-829d-be7e5ceb7429-SegmentedRaftLog:OPENED:c-1,f-1,i0, conf=-1: [0684775e-916d-4429-829d-be7e5ceb7429:192.168.5.171:42551, aca150cc-fee0-4b79-9a6e-e087870480f7:192.168.5.171:37865, cca5e6ee-3bc4-4289-bd74-f62bf5c30f12:192.168.5.171:36419], old=null
2019-07-30 23:29:19,881 INFO  impl.RoleInfo (RoleInfo.java:shutdownLeaderElection(134)) - 0684775e-916d-4429-829d-be7e5ceb7429: shutdown LeaderElection
2019-07-30 23:29:19,881 INFO  impl.RaftServerImpl (RaftServerImpl.java:setRole(171)) - 0684775e-916d-4429-829d-be7e5ceb7429:group-C3F9DF7BB625 changes role from CANDIDATE to LEADER at term 1 for changeToLeader
2019-07-30 23:29:19,881 INFO  impl.RaftServerImpl (ServerState.java:setLeader(263)) - 0684775e-916d-4429-829d-be7e5ceb7429:group-C3F9DF7BB625 change Leader from null to 0684775e-916d-4429-829d-be7e5ceb7429 at term 1 for becomeLeader, leader elected after 5126ms
2019-07-30 23:29:19,881 INFO  server.RaftServerConfigKeys (ConfUtils.java:logGet(43)) - raft.server.staging.catchup.gap = 1000 (default)
2019-07-30 23:29:19,881 INFO  server.RaftServerConfigKeys (ConfUtils.java:logGet(43)) - raft.server.rpc.sleep.time = 25ms (default)
2019-07-30 23:29:19,881 INFO  server.RaftServerConfigKeys (ConfUtils.java:logGet(43)) - raft.server.write.element-limit = 4096 (default)
2019-07-30 23:29:19,882 INFO  server.RaftServerConfigKeys (ConfUtils.java:logGet(43)) - raft.server.watch.timeout = 10s (default)
2019-07-30 23:29:19,882 INFO  server.RaftServerConfigKeys (ConfUtils.java:logGet(43)) - raft.server.watch.timeout.denomination = 1s (default)
2019-07-30 23:29:19,882 INFO  server.RaftServerConfigKeys (ConfUtils.java:logGet(43)) - raft.server.watch.element-limit = 65536 (default)
2019-07-30 23:29:19,882 INFO  server.RaftServerConfigKeys (ConfUtils.java:logGet(43)) - raft.server.log.appender.snapshot.chunk.size.max = 16MB (=16777216) (default)
2019-07-30 23:29:19,883 INFO  server.RaftServerConfigKeys (ConfUtils.java:logGet(43)) - raft.server.log.appender.buffer.byte-limit = 33554432 (custom)
2019-07-30 23:29:19,883 INFO  server.RaftServerConfigKeys (ConfUtils.java:logGet(43)) - raft.server.log.appender.buffer.element-limit = 1 (custom)
2019-07-30 23:29:19,883 INFO  grpc.GrpcConfigKeys$Server (ConfUtils.java:logGet(43)) - raft.grpc.server.leader.outstanding.appends.max = 128 (default)
2019-07-30 23:29:19,883 INFO  server.RaftServerConfigKeys (ConfUtils.java:logGet(43)) - raft.server.rpc.request.timeout = 3000ms (default)
2019-07-30 23:29:19,884 INFO  server.RaftServerConfigKeys (ConfUtils.java:logGet(43)) - raft.server.log.appender.install.snapshot.enabled = false (custom)
2019-07-30 23:29:19,884 INFO  server.RaftServerConfigKeys (ConfUtils.java:logGet(43)) - raft.server.log.appender.snapshot.chunk.size.max = 16MB (=16777216) (default)
2019-07-30 23:29:19,884 INFO  server.RaftServerConfigKeys (ConfUtils.java:logGet(43)) - raft.server.log.appender.buffer.byte-limit = 33554432 (custom)
2019-07-30 23:29:19,884 INFO  server.RaftServerConfigKeys (ConfUtils.java:logGet(43)) - raft.server.log.appender.buffer.element-limit = 1 (custom)
2019-07-30 23:29:19,884 INFO  grpc.GrpcConfigKeys$Server (ConfUtils.java:logGet(43)) - raft.grpc.server.leader.outstanding.appends.max = 128 (default)
2019-07-30 23:29:19,885 INFO  server.RaftServerConfigKeys (ConfUtils.java:logGet(43)) - raft.server.rpc.request.timeout = 3000ms (default)
2019-07-30 23:29:19,885 INFO  server.RaftServerConfigKeys (ConfUtils.java:logGet(43)) - raft.server.log.appender.install.snapshot.enabled = false (custom)
2019-07-30 23:29:19,885 INFO  impl.RoleInfo (RoleInfo.java:updateAndGet(143)) - 0684775e-916d-4429-829d-be7e5ceb7429: start LeaderState
2019-07-30 23:29:19,885 INFO  segmented.SegmentedRaftLogWorker (SegmentedRaftLogWorker.java:startLogSegment(380)) - 0684775e-916d-4429-829d-be7e5ceb7429-SegmentedRaftLogWorker:Storage Directory /workdir/hadoop-ozone/integration-test/target/test-dir/MiniOzoneClusterImpl-04e0b60f-856d-418d-a8ab-4510f743737b/datanode-3/data/ratis/2c6f3bc5-8b3c-4033-a5d8-c3f9df7bb625: Starting segment from index:0
2019-07-30 23:29:19,887 INFO  impl.RaftServerImpl (ServerState.java:setRaftConf(361)) - 0684775e-916d-4429-829d-be7e5ceb7429:group-C3F9DF7BB625 set configuration 0: [0684775e-916d-4429-829d-be7e5ceb7429:192.168.5.171:42551, aca150cc-fee0-4b79-9a6e-e087870480f7:192.168.5.171:37865, cca5e6ee-3bc4-4289-bd74-f62bf5c30f12:192.168.5.171:36419], old=null at 0
2019-07-30 23:29:19,907 INFO  impl.RaftServerImpl (ServerState.java:setLeader(263)) - aca150cc-fee0-4b79-9a6e-e087870480f7:group-C3F9DF7BB625 change Leader from null to 0684775e-916d-4429-829d-be7e5ceb7429 at term 1 for appendEntries, leader elected after 5152ms
2019-07-30 23:29:19,907 INFO  impl.RaftServerImpl (ServerState.java:setLeader(263)) - cca5e6ee-3bc4-4289-bd74-f62bf5c30f12:group-C3F9DF7BB625 change Leader from null to 0684775e-916d-4429-829d-be7e5ceb7429 at term 1 for appendEntries, leader elected after 5152ms
2019-07-30 23:29:19,911 INFO  impl.RaftServerImpl (ServerState.java:setRaftConf(361)) - cca5e6ee-3bc4-4289-bd74-f62bf5c30f12:group-C3F9DF7BB625 set configuration 0: [0684775e-916d-4429-829d-be7e5ceb7429:192.168.5.171:42551, aca150cc-fee0-4b79-9a6e-e087870480f7:192.168.5.171:37865, cca5e6ee-3bc4-4289-bd74-f62bf5c30f12:192.168.5.171:36419], old=null at 0
2019-07-30 23:29:19,911 INFO  impl.RaftServerImpl (ServerState.java:setRaftConf(361)) - aca150cc-fee0-4b79-9a6e-e087870480f7:group-C3F9DF7BB625 set configuration 0: [0684775e-916d-4429-829d-be7e5ceb7429:192.168.5.171:42551, aca150cc-fee0-4b79-9a6e-e087870480f7:192.168.5.171:37865, cca5e6ee-3bc4-4289-bd74-f62bf5c30f12:192.168.5.171:36419], old=null at 0
2019-07-30 23:29:19,911 INFO  segmented.SegmentedRaftLogWorker (SegmentedRaftLogWorker.java:startLogSegment(380)) - cca5e6ee-3bc4-4289-bd74-f62bf5c30f12-SegmentedRaftLogWorker:Storage Directory /workdir/hadoop-ozone/integration-test/target/test-dir/MiniOzoneClusterImpl-04e0b60f-856d-418d-a8ab-4510f743737b/datanode-4/data/ratis/2c6f3bc5-8b3c-4033-a5d8-c3f9df7bb625: Starting segment from index:0
2019-07-30 23:29:19,911 INFO  segmented.SegmentedRaftLogWorker (SegmentedRaftLogWorker.java:execute(569)) - 0684775e-916d-4429-829d-be7e5ceb7429-SegmentedRaftLogWorker:Storage Directory /workdir/hadoop-ozone/integration-test/target/test-dir/MiniOzoneClusterImpl-04e0b60f-856d-418d-a8ab-4510f743737b/datanode-3/data/ratis/2c6f3bc5-8b3c-4033-a5d8-c3f9df7bb625: created new log segment /workdir/hadoop-ozone/integration-test/target/test-dir/MiniOzoneClusterImpl-04e0b60f-856d-418d-a8ab-4510f743737b/datanode-3/data/ratis/2c6f3bc5-8b3c-4033-a5d8-c3f9df7bb625/current/log_inprogress_0
2019-07-30 23:29:19,912 INFO  segmented.SegmentedRaftLogWorker (SegmentedRaftLogWorker.java:startLogSegment(380)) - aca150cc-fee0-4b79-9a6e-e087870480f7-SegmentedRaftLogWorker:Storage Directory /workdir/hadoop-ozone/integration-test/target/test-dir/MiniOzoneClusterImpl-04e0b60f-856d-418d-a8ab-4510f743737b/datanode-5/data/ratis/2c6f3bc5-8b3c-4033-a5d8-c3f9df7bb625: Starting segment from index:0
2019-07-30 23:29:19,932 INFO  segmented.SegmentedRaftLogWorker (SegmentedRaftLogWorker.java:execute(569)) - aca150cc-fee0-4b79-9a6e-e087870480f7-SegmentedRaftLogWorker:Storage Directory /workdir/hadoop-ozone/integration-test/target/test-dir/MiniOzoneClusterImpl-04e0b60f-856d-418d-a8ab-4510f743737b/datanode-5/data/ratis/2c6f3bc5-8b3c-4033-a5d8-c3f9df7bb625: created new log segment /workdir/hadoop-ozone/integration-test/target/test-dir/MiniOzoneClusterImpl-04e0b60f-856d-418d-a8ab-4510f743737b/datanode-5/data/ratis/2c6f3bc5-8b3c-4033-a5d8-c3f9df7bb625/current/log_inprogress_0
2019-07-30 23:29:19,954 INFO  segmented.SegmentedRaftLogWorker (SegmentedRaftLogWorker.java:execute(569)) - cca5e6ee-3bc4-4289-bd74-f62bf5c30f12-SegmentedRaftLogWorker:Storage Directory /workdir/hadoop-ozone/integration-test/target/test-dir/MiniOzoneClusterImpl-04e0b60f-856d-418d-a8ab-4510f743737b/datanode-4/data/ratis/2c6f3bc5-8b3c-4033-a5d8-c3f9df7bb625: created new log segment /workdir/hadoop-ozone/integration-test/target/test-dir/MiniOzoneClusterImpl-04e0b60f-856d-418d-a8ab-4510f743737b/datanode-4/data/ratis/2c6f3bc5-8b3c-4033-a5d8-c3f9df7bb625/current/log_inprogress_0
2019-07-30 23:29:20,040 INFO  client.GrpcClientProtocolClient (GrpcClientProtocolClient.java:onNext(255)) - client-6594A5243C67->cca5e6ee-3bc4-4289-bd74-f62bf5c30f12: receive RaftClientReply:client-6594A5243C67->cca5e6ee-3bc4-4289-bd74-f62bf5c30f12@group-C3F9DF7BB625, cid=42, FAILED org.apache.ratis.protocol.NotLeaderException: Server cca5e6ee-3bc4-4289-bd74-f62bf5c30f12 is not the leader (0684775e-916d-4429-829d-be7e5ceb7429:192.168.5.171:42551). Request must be sent to leader., logIndex=0, commits[cca5e6ee-3bc4-4289-bd74-f62bf5c30f12:c-1, 0684775e-916d-4429-829d-be7e5ceb7429:c-1, aca150cc-fee0-4b79-9a6e-e087870480f7:c-1]
2019-07-30 23:29:20,051 INFO  impl.FollowerState (FollowerState.java:run(106)) - 19086a61-eeab-4869-a242-f4f734aa67ac:group-54DDD849CAAD changes to CANDIDATE, lastRpcTime:5181, electionTimeout:5179ms
2019-07-30 23:29:20,051 INFO  impl.RoleInfo (RoleInfo.java:shutdownFollowerState(121)) - 19086a61-eeab-4869-a242-f4f734aa67ac: shutdown FollowerState
2019-07-30 23:29:20,051 INFO  impl.RaftServerImpl (RaftServerImpl.java:setRole(171)) - 19086a61-eeab-4869-a242-f4f734aa67ac:group-54DDD849CAAD changes role from FOLLOWER to CANDIDATE at term 0 for changeToCandidate
2019-07-30 23:29:20,052 INFO  impl.RoleInfo (RoleInfo.java:updateAndGet(143)) - 19086a61-eeab-4869-a242-f4f734aa67ac: start LeaderElection
2019-07-30 23:29:20,059 INFO  impl.LeaderElection (LeaderElection.java:askForVotes(181)) - 19086a61-eeab-4869-a242-f4f734aa67ac:group-54DDD849CAAD:LeaderElection24: begin an election at term 1 for -1: [19086a61-eeab-4869-a242-f4f734aa67ac:192.168.5.171:42816], old=null
2019-07-30 23:29:20,059 INFO  impl.RoleInfo (RoleInfo.java:shutdownLeaderElection(134)) - 19086a61-eeab-4869-a242-f4f734aa67ac: shutdown LeaderElection
2019-07-30 23:29:20,060 INFO  impl.RaftServerImpl (RaftServerImpl.java:setRole(171)) - 19086a61-eeab-4869-a242-f4f734aa67ac:group-54DDD849CAAD changes role from CANDIDATE to LEADER at term 1 for changeToLeader
2019-07-30 23:29:20,060 INFO  impl.RaftServerImpl (ServerState.java:setLeader(263)) - 19086a61-eeab-4869-a242-f4f734aa67ac:group-54DDD849CAAD change Leader from null to 19086a61-eeab-4869-a242-f4f734aa67ac at term 1 for becomeLeader, leader elected after 5194ms
2019-07-30 23:29:20,062 INFO  server.RaftServerConfigKeys (ConfUtils.java:logGet(43)) - raft.server.staging.catchup.gap = 1000 (default)
2019-07-30 23:29:20,063 INFO  server.RaftServerConfigKeys (ConfUtils.java:logGet(43)) - raft.server.rpc.sleep.time = 25ms (default)
2019-07-30 23:29:20,063 INFO  server.RaftServerConfigKeys (ConfUtils.java:logGet(43)) - raft.server.write.element-limit = 4096 (default)
2019-07-30 23:29:20,063 INFO  server.RaftServerConfigKeys (ConfUtils.java:logGet(43)) - raft.server.watch.timeout = 10s (default)
2019-07-30 23:29:20,063 INFO  server.RaftServerConfigKeys (ConfUtils.java:logGet(43)) - raft.server.watch.timeout.denomination = 1s (default)
2019-07-30 23:29:20,064 INFO  server.RaftServerConfigKeys (ConfUtils.java:logGet(43)) - raft.server.watch.element-limit = 65536 (default)
2019-07-30 23:29:20,064 INFO  impl.RoleInfo (RoleInfo.java:updateAndGet(143)) - 19086a61-eeab-4869-a242-f4f734aa67ac: start LeaderState
2019-07-30 23:29:20,064 INFO  segmented.SegmentedRaftLogWorker (SegmentedRaftLogWorker.java:startLogSegment(380)) - 19086a61-eeab-4869-a242-f4f734aa67ac-SegmentedRaftLogWorker:Storage Directory /workdir/hadoop-ozone/integration-test/target/test-dir/MiniOzoneClusterImpl-04e0b60f-856d-418d-a8ab-4510f743737b/datanode-6/data/ratis/df8892f2-16f4-46eb-aa6a-54ddd849caad: Starting segment from index:0
2019-07-30 23:29:20,065 INFO  impl.RaftServerImpl (ServerState.java:setRaftConf(361)) - 19086a61-eeab-4869-a242-f4f734aa67ac:group-54DDD849CAAD set configuration 0: [19086a61-eeab-4869-a242-f4f734aa67ac:192.168.5.171:42816], old=null at 0
2019-07-30 23:29:20,105 INFO  segmented.SegmentedRaftLogWorker (SegmentedRaftLogWorker.java:execute(569)) - 19086a61-eeab-4869-a242-f4f734aa67ac-SegmentedRaftLogWorker:Storage Directory /workdir/hadoop-ozone/integration-test/target/test-dir/MiniOzoneClusterImpl-04e0b60f-856d-418d-a8ab-4510f743737b/datanode-6/data/ratis/df8892f2-16f4-46eb-aa6a-54ddd849caad: created new log segment /workdir/hadoop-ozone/integration-test/target/test-dir/MiniOzoneClusterImpl-04e0b60f-856d-418d-a8ab-4510f743737b/datanode-6/data/ratis/df8892f2-16f4-46eb-aa6a-54ddd849caad/current/log_inprogress_0
2019-07-30 23:29:20,172 INFO  client.GrpcClientProtocolClient (GrpcClientProtocolClient.java:onNext(255)) - client-6594A5243C67->0684775e-916d-4429-829d-be7e5ceb7429: receive RaftClientReply:client-6594A5243C67->0684775e-916d-4429-829d-be7e5ceb7429@group-C3F9DF7BB625, cid=42, SUCCESS, logIndex=1, commits[0684775e-916d-4429-829d-be7e5ceb7429:c2, aca150cc-fee0-4b79-9a6e-e087870480f7:c1, cca5e6ee-3bc4-4289-bd74-f62bf5c30f12:c1]
2019-07-30 23:29:20,263 INFO  client.GrpcClientProtocolClient (GrpcClientProtocolClient.java:onNext(255)) - client-6594A5243C67->0684775e-916d-4429-829d-be7e5ceb7429: receive RaftClientReply:client-6594A5243C67->0684775e-916d-4429-829d-be7e5ceb7429@group-C3F9DF7BB625, cid=43, SUCCESS, logIndex=3, commits[0684775e-916d-4429-829d-be7e5ceb7429:c4, aca150cc-fee0-4b79-9a6e-e087870480f7:c3, cca5e6ee-3bc4-4289-bd74-f62bf5c30f12:c3]
2019-07-30 23:29:20,332 INFO  client.GrpcClientProtocolClient (GrpcClientProtocolClient.java:onNext(255)) - client-6594A5243C67->0684775e-916d-4429-829d-be7e5ceb7429: receive RaftClientReply:client-6594A5243C67->0684775e-916d-4429-829d-be7e5ceb7429@group-C3F9DF7BB625, cid=44, SUCCESS, logIndex=5, commits[0684775e-916d-4429-829d-be7e5ceb7429:c6, aca150cc-fee0-4b79-9a6e-e087870480f7:c5, cca5e6ee-3bc4-4289-bd74-f62bf5c30f12:c5]
2019-07-30 23:29:20,352 INFO  client.GrpcClientProtocolClient (GrpcClientProtocolClient.java:onNext(255)) - client-6594A5243C67->0684775e-916d-4429-829d-be7e5ceb7429: receive RaftClientReply:client-6594A5243C67->0684775e-916d-4429-829d-be7e5ceb7429@group-C3F9DF7BB625, cid=45, FAILED org.apache.ratis.protocol.StateMachineException: java.util.concurrent.CompletionException: java.lang.IllegalArgumentException, logIndex=7, commits[0684775e-916d-4429-829d-be7e5ceb7429:c7, aca150cc-fee0-4b79-9a6e-e087870480f7:c5, cca5e6ee-3bc4-4289-bd74-f62bf5c30f12:c6]
2019-07-30 23:29:20,356 INFO  ozone.MiniOzoneClusterImpl (MiniOzoneClusterImpl.java:shutdown(321)) - Shutting down the Mini Ozone Cluster
2019-07-30 23:29:20,356 INFO  ozone.MiniOzoneClusterImpl (MiniOzoneClusterImpl.java:stop(336)) - Stopping the Mini Ozone Cluster
2019-07-30 23:29:20,356 INFO  ozone.MiniOzoneClusterImpl (MiniOzoneClusterImpl.java:stop(338)) - Stopping the OzoneManager
2019-07-30 23:29:20,356 INFO  ipc.Server (Server.java:stop(3082)) - Stopping server on 36330
2019-07-30 23:29:20,373 INFO  ipc.Server (Server.java:run(1185)) - Stopping IPC Server listener on 36330
2019-07-30 23:29:20,375 INFO  ipc.Server (Server.java:run(1319)) - Stopping IPC Server Responder
2019-07-30 23:29:20,382 INFO  utils.BackgroundService (BackgroundService.java:shutdown(148)) - Shutting down service KeyDeletingService
2019-07-30 23:29:20,400 INFO  handler.ContextHandler (ContextHandler.java:doStop(910)) - Stopped o.e.j.w.WebAppContext@77c23d90{/,null,UNAVAILABLE}{/ozoneManager}
2019-07-30 23:29:20,401 INFO  server.AbstractConnector (AbstractConnector.java:doStop(318)) - Stopped ServerConnector@6d17914a{HTTP/1.1,[http/1.1]}{0.0.0.0:0}
2019-07-30 23:29:20,402 INFO  handler.ContextHandler (ContextHandler.java:doStop(910)) - Stopped o.e.j.s.ServletContextHandler@368424db{/static,file:///workdir/hadoop-ozone/integration-test/target/test-classes/webapps/static,UNAVAILABLE}
2019-07-30 23:29:20,402 INFO  handler.ContextHandler (ContextHandler.java:doStop(910)) - Stopped o.e.j.s.ServletContextHandler@1a536164{/logs,file:///workdir/hadoop-ozone/integration-test/target/log,UNAVAILABLE}
2019-07-30 23:29:20,415 INFO  ozone.MiniOzoneClusterImpl (MiniOzoneClusterImpl.java:stop(344)) - Shutting the HddsDatanodes
2019-07-30 23:29:20,415 INFO  datanode.ObjectStoreHandler (ObjectStoreHandler.java:close(155)) - Closing ObjectStoreHandler.
2019-07-30 23:29:20,415 INFO  datanode.ObjectStoreHandler (ObjectStoreHandler.java:close(155)) - Closing ObjectStoreHandler.
2019-07-30 23:29:20,416 INFO  ozone.HddsDatanodeService (HddsDatanodeService.java:stop(451)) - Stopped plug-in org.apache.hadoop.ozone.web.OzoneHddsDatanodeService@56f9de3b
2019-07-30 23:29:20,416 INFO  ozone.HddsDatanodeService (HddsDatanodeService.java:stop(451)) - Stopped plug-in org.apache.hadoop.ozone.web.OzoneHddsDatanodeService@6d6f6ca9
2019-07-30 23:29:20,599 INFO  statemachine.DatanodeStateMachine (DatanodeStateMachine.java:lambda$startDaemon$0(350)) - Ozone container server started.
2019-07-30 23:29:21,340 INFO  statemachine.DatanodeStateMachine (DatanodeStateMachine.java:lambda$startDaemon$0(350)) - Ozone container server started.
2019-07-30 23:29:25,418 INFO  ozoneimpl.OzoneContainer (OzoneContainer.java:stop(199)) - Attempting to stop container services.
2019-07-30 23:29:25,418 INFO  ozoneimpl.OzoneContainer (OzoneContainer.java:stop(199)) - Attempting to stop container services.
2019-07-30 23:29:25,420 INFO  impl.RaftServerProxy (RaftServerProxy.java:lambda$close$4(314)) - 191f8ab8-e14f-4994-8266-5bcab582ff8c: close
2019-07-30 23:29:25,420 INFO  impl.RaftServerProxy (RaftServerProxy.java:lambda$close$4(314)) - cca5e6ee-3bc4-4289-bd74-f62bf5c30f12: close
2019-07-30 23:29:25,421 INFO  impl.RaftServerImpl (RaftServerImpl.java:lambda$shutdown$3(245)) - 191f8ab8-e14f-4994-8266-5bcab582ff8c: shutdown group-AC5F41B55AE7
2019-07-30 23:29:25,421 INFO  impl.RaftServerImpl (RaftServerImpl.java:lambda$shutdown$3(245)) - cca5e6ee-3bc4-4289-bd74-f62bf5c30f12: shutdown group-BB5B5950F92B
2019-07-30 23:29:25,421 INFO  util.JmxRegister (JmxRegister.java:unregister(73)) - Successfully un-registered JMX Bean with object name Ratis:service=RaftServer,group=group-AC5F41B55AE7,id=191f8ab8-e14f-4994-8266-5bcab582ff8c
2019-07-30 23:29:25,422 INFO  util.JmxRegister (JmxRegister.java:unregister(73)) - Successfully un-registered JMX Bean with object name Ratis:service=RaftServer,group=group-BB5B5950F92B,id=cca5e6ee-3bc4-4289-bd74-f62bf5c30f12
2019-07-30 23:29:25,422 INFO  impl.RoleInfo (RoleInfo.java:shutdownLeaderState(104)) - cca5e6ee-3bc4-4289-bd74-f62bf5c30f12: shutdown LeaderState
2019-07-30 23:29:25,422 INFO  impl.RoleInfo (RoleInfo.java:shutdownLeaderState(104)) - 191f8ab8-e14f-4994-8266-5bcab582ff8c: shutdown LeaderState
2019-07-30 23:29:25,423 INFO  impl.PendingRequests (PendingRequests.java:sendNotLeaderResponses(202)) - cca5e6ee-3bc4-4289-bd74-f62bf5c30f12-PendingRequests: sendNotLeaderResponses
2019-07-30 23:29:25,423 INFO  impl.PendingRequests (PendingRequests.java:sendNotLeaderResponses(202)) - 191f8ab8-e14f-4994-8266-5bcab582ff8c-PendingRequests: sendNotLeaderResponses
2019-07-30 23:29:25,424 INFO  impl.StateMachineUpdater (StateMachineUpdater.java:stopAndJoin(115)) - StateMachineUpdater:191f8ab8-e14f-4994-8266-5bcab582ff8c:group-AC5F41B55AE7: set stopIndex = 0
2019-07-30 23:29:25,424 INFO  impl.StateMachineUpdater (StateMachineUpdater.java:stopAndJoin(115)) - StateMachineUpdater:cca5e6ee-3bc4-4289-bd74-f62bf5c30f12:group-BB5B5950F92B: set stopIndex = 0
2019-07-30 23:29:25,425 INFO  impl.RaftServerImpl (ServerState.java:close(394)) - cca5e6ee-3bc4-4289-bd74-f62bf5c30f12:group-BB5B5950F92B closes. The last applied log index is 0
2019-07-30 23:29:25,425 INFO  impl.RaftServerImpl (ServerState.java:close(394)) - 191f8ab8-e14f-4994-8266-5bcab582ff8c:group-AC5F41B55AE7 closes. The last applied log index is 0
2019-07-30 23:29:25,426 INFO  segmented.SegmentedRaftLogWorker (SegmentedRaftLogWorker.java:run(313)) - cca5e6ee-3bc4-4289-bd74-f62bf5c30f12-SegmentedRaftLogWorker:Storage Directory /workdir/hadoop-ozone/integration-test/target/test-dir/MiniOzoneClusterImpl-04e0b60f-856d-418d-a8ab-4510f743737b/datanode-4/data/ratis/1ec3448d-768f-4769-86f2-bb5b5950f92b was interrupted, exiting. There are 0 tasks remaining in the queue.
2019-07-30 23:29:25,426 INFO  segmented.SegmentedRaftLogWorker (SegmentedRaftLogWorker.java:run(313)) - 191f8ab8-e14f-4994-8266-5bcab582ff8c-SegmentedRaftLogWorker:Storage Directory /workdir/hadoop-ozone/integration-test/target/test-dir/MiniOzoneClusterImpl-04e0b60f-856d-418d-a8ab-4510f743737b/datanode-1/data/ratis/e8abd6f0-d2bf-4a11-bc5e-ac5f41b55ae7 was interrupted, exiting. There are 0 tasks remaining in the queue.
2019-07-30 23:29:25,430 INFO  segmented.SegmentedRaftLogWorker (SegmentedRaftLogWorker.java:close(228)) - 191f8ab8-e14f-4994-8266-5bcab582ff8c-SegmentedRaftLogWorker:Storage Directory /workdir/hadoop-ozone/integration-test/target/test-dir/MiniOzoneClusterImpl-04e0b60f-856d-418d-a8ab-4510f743737b/datanode-1/data/ratis/e8abd6f0-d2bf-4a11-bc5e-ac5f41b55ae7 close()
2019-07-30 23:29:25,430 INFO  segmented.SegmentedRaftLogWorker (SegmentedRaftLogWorker.java:close(228)) - cca5e6ee-3bc4-4289-bd74-f62bf5c30f12-SegmentedRaftLogWorker:Storage Directory /workdir/hadoop-ozone/integration-test/target/test-dir/MiniOzoneClusterImpl-04e0b60f-856d-418d-a8ab-4510f743737b/datanode-4/data/ratis/1ec3448d-768f-4769-86f2-bb5b5950f92b close()
2019-07-30 23:29:25,436 INFO  impl.RaftServerImpl (RaftServerImpl.java:lambda$shutdown$3(245)) - 191f8ab8-e14f-4994-8266-5bcab582ff8c: shutdown group-312C89FB8B67
2019-07-30 23:29:25,441 INFO  impl.RaftServerImpl (RaftServerImpl.java:lambda$shutdown$3(245)) - cca5e6ee-3bc4-4289-bd74-f62bf5c30f12: shutdown group-C3F9DF7BB625
2019-07-30 23:29:25,441 INFO  util.JmxRegister (JmxRegister.java:unregister(73)) - Successfully un-registered JMX Bean with object name Ratis:service=RaftServer,group=group-312C89FB8B67,id=191f8ab8-e14f-4994-8266-5bcab582ff8c
2019-07-30 23:29:25,441 INFO  util.JmxRegister (JmxRegister.java:unregister(73)) - Successfully un-registered JMX Bean with object name Ratis:service=RaftServer,group=group-C3F9DF7BB625,id=cca5e6ee-3bc4-4289-bd74-f62bf5c30f12
2019-07-30 23:29:25,442 INFO  impl.RoleInfo (RoleInfo.java:shutdownFollowerState(121)) - cca5e6ee-3bc4-4289-bd74-f62bf5c30f12: shutdown FollowerState
2019-07-30 23:29:25,442 INFO  impl.RoleInfo (RoleInfo.java:shutdownLeaderState(104)) - 191f8ab8-e14f-4994-8266-5bcab582ff8c: shutdown LeaderState
2019-07-30 23:29:25,443 INFO  ratis.ContainerStateMachine (ContainerStateMachine.java:takeSnapshot(262)) - group-C3F9DF7BB625: Taking a snapshot at:(t:1, i:6) file /workdir/hadoop-ozone/integration-test/target/test-dir/MiniOzoneClusterImpl-04e0b60f-856d-418d-a8ab-4510f743737b/datanode-4/data/ratis/2c6f3bc5-8b3c-4033-a5d8-c3f9df7bb625/sm/snapshot.1_6
2019-07-30 23:29:25,443 INFO  impl.FollowerState (FollowerState.java:run(114)) - cca5e6ee-3bc4-4289-bd74-f62bf5c30f12: FollowerState was interrupted: java.lang.InterruptedException: sleep interrupted
2019-07-30 23:29:25,442 INFO  impl.StateMachineUpdater (StateMachineUpdater.java:stopAndJoin(115)) - StateMachineUpdater:cca5e6ee-3bc4-4289-bd74-f62bf5c30f12:group-C3F9DF7BB625: set stopIndex = 8
2019-07-30 23:29:25,447 WARN  server.GrpcLogAppender (GrpcLogAppender.java:mayWait(143)) - GrpcLogAppender(191f8ab8-e14f-4994-8266-5bcab582ff8c->7e5fe5ea-e277-440c-a865-2e37fe357929): Wait interrupted by java.lang.InterruptedException
2019-07-30 23:29:25,447 WARN  server.GrpcLogAppender (GrpcLogAppender.java:mayWait(143)) - GrpcLogAppender(191f8ab8-e14f-4994-8266-5bcab582ff8c->86a3b411-9919-4103-89a5-5a4a40c4080c): Wait interrupted by java.lang.InterruptedException
2019-07-30 23:29:25,447 INFO  impl.PendingRequests (PendingRequests.java:sendNotLeaderResponses(202)) - 191f8ab8-e14f-4994-8266-5bcab582ff8c-PendingRequests: sendNotLeaderResponses
2019-07-30 23:29:25,452 INFO  impl.StateMachineUpdater (StateMachineUpdater.java:stopAndJoin(115)) - StateMachineUpdater:191f8ab8-e14f-4994-8266-5bcab582ff8c:group-312C89FB8B67: set stopIndex = 0
2019-07-30 23:29:25,452 INFO  server.GrpcServerProtocolService (GrpcServerProtocolService.java:onCompleted(104)) - 7e5fe5ea-e277-440c-a865-2e37fe357929: appendEntries completed
2019-07-30 23:29:25,452 INFO  server.GrpcServerProtocolService (GrpcServerProtocolService.java:onCompleted(104)) - 86a3b411-9919-4103-89a5-5a4a40c4080c: appendEntries completed
2019-07-30 23:29:25,452 INFO  impl.RaftServerImpl (ServerState.java:close(394)) - 191f8ab8-e14f-4994-8266-5bcab582ff8c:group-312C89FB8B67 closes. The last applied log index is 0
2019-07-30 23:29:25,453 INFO  segmented.SegmentedRaftLogWorker (SegmentedRaftLogWorker.java:run(313)) - 191f8ab8-e14f-4994-8266-5bcab582ff8c-SegmentedRaftLogWorker:Storage Directory /workdir/hadoop-ozone/integration-test/target/test-dir/MiniOzoneClusterImpl-04e0b60f-856d-418d-a8ab-4510f743737b/datanode-1/data/ratis/c339dd49-8a2f-486a-b29f-312c89fb8b67 was interrupted, exiting. There are 0 tasks remaining in the queue.
2019-07-30 23:29:25,456 INFO  ratis.ContainerStateMachine (ContainerStateMachine.java:takeSnapshot(273)) - group-C3F9DF7BB625: Finished taking a snapshot at:(t:1, i:6) file:/workdir/hadoop-ozone/integration-test/target/test-dir/MiniOzoneClusterImpl-04e0b60f-856d-418d-a8ab-4510f743737b/datanode-4/data/ratis/2c6f3bc5-8b3c-4033-a5d8-c3f9df7bb625/sm/snapshot.1_6 time:13
2019-07-30 23:29:25,456 INFO  segmented.SegmentedRaftLogWorker (SegmentedRaftLogWorker.java:close(228)) - 191f8ab8-e14f-4994-8266-5bcab582ff8c-SegmentedRaftLogWorker:Storage Directory /workdir/hadoop-ozone/integration-test/target/test-dir/MiniOzoneClusterImpl-04e0b60f-856d-418d-a8ab-4510f743737b/datanode-1/data/ratis/c339dd49-8a2f-486a-b29f-312c89fb8b67 close()
2019-07-30 23:29:25,456 INFO  impl.StateMachineUpdater (StateMachineUpdater.java:takeSnapshot(242)) - StateMachineUpdater:cca5e6ee-3bc4-4289-bd74-f62bf5c30f12:group-C3F9DF7BB625: Took a snapshot at index 6
2019-07-30 23:29:25,456 INFO  server.GrpcLogAppender (GrpcLogAppender.java:onCompleted(292)) - 191f8ab8-e14f-4994-8266-5bcab582ff8c->86a3b411-9919-4103-89a5-5a4a40c4080c: follower responses appendEntries COMPLETED
2019-07-30 23:29:25,456 INFO  server.GrpcLogAppender (GrpcLogAppender.java:onCompleted(292)) - 191f8ab8-e14f-4994-8266-5bcab582ff8c->7e5fe5ea-e277-440c-a865-2e37fe357929: follower responses appendEntries COMPLETED
2019-07-30 23:29:25,461 INFO  server.GrpcService (GrpcService.java:closeImpl(155)) - 191f8ab8-e14f-4994-8266-5bcab582ff8c: shutdown server with port 42373 now
2019-07-30 23:29:25,461 INFO  impl.StateMachineUpdater (StateMachineUpdater.java:lambda$new$0(80)) - StateMachineUpdater:cca5e6ee-3bc4-4289-bd74-f62bf5c30f12:group-C3F9DF7BB625: snapshotIndex: updateIncreasingly -1 -> 6
2019-07-30 23:29:25,466 INFO  impl.FollowerInfo (FollowerInfo.java:lambda$new$0(50)) - 191f8ab8-e14f-4994-8266-5bcab582ff8c->7e5fe5ea-e277-440c-a865-2e37fe357929: nextIndex: updateUnconditionally 1 -> 0
2019-07-30 23:29:25,464 INFO  impl.FollowerInfo (FollowerInfo.java:lambda$new$0(50)) - 191f8ab8-e14f-4994-8266-5bcab582ff8c->86a3b411-9919-4103-89a5-5a4a40c4080c: nextIndex: updateUnconditionally 1 -> 0
2019-07-30 23:29:25,467 INFO  impl.RaftServerImpl (ServerState.java:close(394)) - cca5e6ee-3bc4-4289-bd74-f62bf5c30f12:group-C3F9DF7BB625 closes. The last applied log index is 8
2019-07-30 23:29:25,467 INFO  server.GrpcService (GrpcService.java:closeImpl(163)) - 191f8ab8-e14f-4994-8266-5bcab582ff8c: shutdown server with port 42373 successfully
2019-07-30 23:29:25,468 INFO  segmented.SegmentedRaftLogWorker (SegmentedRaftLogWorker.java:run(313)) - cca5e6ee-3bc4-4289-bd74-f62bf5c30f12-SegmentedRaftLogWorker:Storage Directory /workdir/hadoop-ozone/integration-test/target/test-dir/MiniOzoneClusterImpl-04e0b60f-856d-418d-a8ab-4510f743737b/datanode-4/data/ratis/2c6f3bc5-8b3c-4033-a5d8-c3f9df7bb625 was interrupted, exiting. There are 0 tasks remaining in the queue.
2019-07-30 23:29:25,471 INFO  segmented.SegmentedRaftLogWorker (SegmentedRaftLogWorker.java:close(228)) - cca5e6ee-3bc4-4289-bd74-f62bf5c30f12-SegmentedRaftLogWorker:Storage Directory /workdir/hadoop-ozone/integration-test/target/test-dir/MiniOzoneClusterImpl-04e0b60f-856d-418d-a8ab-4510f743737b/datanode-4/data/ratis/2c6f3bc5-8b3c-4033-a5d8-c3f9df7bb625 close()
2019-07-30 23:29:25,488 INFO  server.GrpcService (GrpcService.java:closeImpl(155)) - cca5e6ee-3bc4-4289-bd74-f62bf5c30f12: shutdown server with port 36419 now
2019-07-30 23:29:25,489 INFO  utils.BackgroundService (BackgroundService.java:shutdown(148)) - Shutting down service BlockDeletingService
2019-07-30 23:29:25,489 INFO  server.GrpcService (GrpcService.java:closeImpl(163)) - cca5e6ee-3bc4-4289-bd74-f62bf5c30f12: shutdown server with port 36419 successfully
2019-07-30 23:29:25,490 WARN  server.GrpcLogAppender (LogUtils.java:warn(134)) - 0684775e-916d-4429-829d-be7e5ceb7429->cca5e6ee-3bc4-4289-bd74-f62bf5c30f12: Failed appendEntries: org.apache.ratis.thirdparty.io.grpc.StatusRuntimeException: CANCELLED: HTTP/2 error code: CANCEL
Received Rst Stream
2019-07-30 23:29:25,490 WARN  server.GrpcServerProtocolService (LogUtils.java:warn(134)) - cca5e6ee-3bc4-4289-bd74-f62bf5c30f12: appendEntries onError: org.apache.ratis.thirdparty.io.grpc.StatusRuntimeException: CANCELLED: cancelled before receiving half close
2019-07-30 23:29:25,495 INFO  impl.FollowerInfo (FollowerInfo.java:lambda$new$0(50)) - 0684775e-916d-4429-829d-be7e5ceb7429->cca5e6ee-3bc4-4289-bd74-f62bf5c30f12: nextIndex: updateUnconditionally 9 -> 8
2019-07-30 23:29:25,498 WARN  fs.CachingGetSpaceUsed (CachingGetSpaceUsed.java:run(183)) - Thread Interrupted waiting to refresh disk information: sleep interrupted
2019-07-30 23:29:25,498 INFO  utils.BackgroundService (BackgroundService.java:shutdown(148)) - Shutting down service BlockDeletingService
2019-07-30 23:29:25,503 WARN  fs.CachingGetSpaceUsed (CachingGetSpaceUsed.java:run(183)) - Thread Interrupted waiting to refresh disk information: sleep interrupted
2019-07-30 23:29:25,528 INFO  statemachine.DatanodeStateMachine (DatanodeStateMachine.java:stopDaemon(395)) - Ozone container server stopped.
2019-07-30 23:29:25,536 INFO  statemachine.DatanodeStateMachine (DatanodeStateMachine.java:stopDaemon(395)) - Ozone container server stopped.
2019-07-30 23:29:25,543 INFO  handler.ContextHandler (ContextHandler.java:doStop(910)) - Stopped o.e.j.w.WebAppContext@70f98f7a{/,null,UNAVAILABLE}{/hddsDatanode}
2019-07-30 23:29:25,543 INFO  handler.ContextHandler (ContextHandler.java:doStop(910)) - Stopped o.e.j.w.WebAppContext@7198ab9a{/,null,UNAVAILABLE}{/hddsDatanode}
2019-07-30 23:29:25,544 INFO  server.AbstractConnector (AbstractConnector.java:doStop(318)) - Stopped ServerConnector@713e7d9a{HTTP/1.1,[http/1.1]}{0.0.0.0:0}
2019-07-30 23:29:25,544 INFO  server.AbstractConnector (AbstractConnector.java:doStop(318)) - Stopped ServerConnector@67d5ac2f{HTTP/1.1,[http/1.1]}{0.0.0.0:0}
2019-07-30 23:29:25,545 INFO  handler.ContextHandler (ContextHandler.java:doStop(910)) - Stopped o.e.j.s.ServletContextHandler@2965dd88{/static,jar:file:/home/user/.m2/repository/org/apache/hadoop/hadoop-hdds-container-service/0.4.1-SNAPSHOT/hadoop-hdds-container-service-0.4.1-SNAPSHOT.jar!/webapps/static,UNAVAILABLE}
2019-07-30 23:29:25,547 INFO  handler.ContextHandler (ContextHandler.java:doStop(910)) - Stopped o.e.j.s.ServletContextHandler@2c77344f{/static,jar:file:/home/user/.m2/repository/org/apache/hadoop/hadoop-hdds-container-service/0.4.1-SNAPSHOT/hadoop-hdds-container-service-0.4.1-SNAPSHOT.jar!/webapps/static,UNAVAILABLE}
2019-07-30 23:29:25,547 INFO  handler.ContextHandler (ContextHandler.java:doStop(910)) - Stopped o.e.j.s.ServletContextHandler@192f5f39{/logs,file:///workdir/hadoop-ozone/integration-test/target/log,UNAVAILABLE}
2019-07-30 23:29:25,550 INFO  handler.ContextHandler (ContextHandler.java:doStop(910)) - Stopped o.e.j.s.ServletContextHandler@40cf6254{/logs,file:///workdir/hadoop-ozone/integration-test/target/log,UNAVAILABLE}
2019-07-30 23:29:25,551 INFO  datanode.ObjectStoreHandler (ObjectStoreHandler.java:close(155)) - Closing ObjectStoreHandler.
2019-07-30 23:29:25,551 INFO  datanode.ObjectStoreHandler (ObjectStoreHandler.java:close(155)) - Closing ObjectStoreHandler.
2019-07-30 23:29:25,552 INFO  ozone.HddsDatanodeService (HddsDatanodeService.java:stop(451)) - Stopped plug-in org.apache.hadoop.ozone.web.OzoneHddsDatanodeService@3e4f2300
2019-07-30 23:29:25,552 INFO  ozone.HddsDatanodeService (HddsDatanodeService.java:stop(451)) - Stopped plug-in org.apache.hadoop.ozone.web.OzoneHddsDatanodeService@3d132bb6
2019-07-30 23:29:25,828 INFO  statemachine.DatanodeStateMachine (DatanodeStateMachine.java:lambda$startDaemon$0(350)) - Ozone container server started.
2019-07-30 23:29:26,332 INFO  statemachine.DatanodeStateMachine (DatanodeStateMachine.java:lambda$startDaemon$0(350)) - Ozone container server started.
2019-07-30 23:29:27,854 WARN  server.GrpcLogAppender (LogUtils.java:warn(134)) - 0684775e-916d-4429-829d-be7e5ceb7429->cca5e6ee-3bc4-4289-bd74-f62bf5c30f12: Failed appendEntries: org.apache.ratis.thirdparty.io.grpc.StatusRuntimeException: UNAVAILABLE: io exception
2019-07-30 23:29:27,858 INFO  impl.FollowerInfo (FollowerInfo.java:lambda$new$0(50)) - 0684775e-916d-4429-829d-be7e5ceb7429->cca5e6ee-3bc4-4289-bd74-f62bf5c30f12: nextIndex: updateUnconditionally 8 -> 7
2019-07-30 23:29:30,355 WARN  server.GrpcLogAppender (LogUtils.java:warn(134)) - 0684775e-916d-4429-829d-be7e5ceb7429->cca5e6ee-3bc4-4289-bd74-f62bf5c30f12: Failed appendEntries: org.apache.ratis.thirdparty.io.grpc.StatusRuntimeException: UNAVAILABLE: io exception
2019-07-30 23:29:30,359 INFO  impl.FollowerInfo (FollowerInfo.java:lambda$new$0(50)) - 0684775e-916d-4429-829d-be7e5ceb7429->cca5e6ee-3bc4-4289-bd74-f62bf5c30f12: nextIndex: updateUnconditionally 7 -> 6
2019-07-30 23:29:30,553 INFO  ozoneimpl.OzoneContainer (OzoneContainer.java:stop(199)) - Attempting to stop container services.
2019-07-30 23:29:30,553 INFO  ozoneimpl.OzoneContainer (OzoneContainer.java:stop(199)) - Attempting to stop container services.
2019-07-30 23:29:30,554 INFO  impl.RaftServerProxy (RaftServerProxy.java:lambda$close$4(314)) - 7e5fe5ea-e277-440c-a865-2e37fe357929: close
2019-07-30 23:29:30,554 INFO  impl.RaftServerProxy (RaftServerProxy.java:lambda$close$4(314)) - 0684775e-916d-4429-829d-be7e5ceb7429: close
2019-07-30 23:29:30,554 INFO  impl.RaftServerImpl (RaftServerImpl.java:lambda$shutdown$3(245)) - 7e5fe5ea-e277-440c-a865-2e37fe357929: shutdown group-39B2E8A134D0
2019-07-30 23:29:30,554 INFO  impl.RaftServerImpl (RaftServerImpl.java:lambda$shutdown$3(245)) - 0684775e-916d-4429-829d-be7e5ceb7429: shutdown group-BC80D9FE95EE
2019-07-30 23:29:30,555 INFO  util.JmxRegister (JmxRegister.java:unregister(73)) - Successfully un-registered JMX Bean with object name Ratis:service=RaftServer,group=group-39B2E8A134D0,id=7e5fe5ea-e277-440c-a865-2e37fe357929
2019-07-30 23:29:30,555 INFO  util.JmxRegister (JmxRegister.java:unregister(73)) - Successfully un-registered JMX Bean with object name Ratis:service=RaftServer,group=group-BC80D9FE95EE,id=0684775e-916d-4429-829d-be7e5ceb7429
2019-07-30 23:29:30,556 INFO  impl.RoleInfo (RoleInfo.java:shutdownLeaderState(104)) - 0684775e-916d-4429-829d-be7e5ceb7429: shutdown LeaderState
2019-07-30 23:29:30,555 INFO  impl.RoleInfo (RoleInfo.java:shutdownLeaderState(104)) - 7e5fe5ea-e277-440c-a865-2e37fe357929: shutdown LeaderState
2019-07-30 23:29:30,556 INFO  impl.PendingRequests (PendingRequests.java:sendNotLeaderResponses(202)) - 0684775e-916d-4429-829d-be7e5ceb7429-PendingRequests: sendNotLeaderResponses
2019-07-30 23:29:30,557 INFO  impl.PendingRequests (PendingRequests.java:sendNotLeaderResponses(202)) - 7e5fe5ea-e277-440c-a865-2e37fe357929-PendingRequests: sendNotLeaderResponses
2019-07-30 23:29:30,557 INFO  impl.StateMachineUpdater (StateMachineUpdater.java:stopAndJoin(115)) - StateMachineUpdater:0684775e-916d-4429-829d-be7e5ceb7429:group-BC80D9FE95EE: set stopIndex = 0
2019-07-30 23:29:30,557 INFO  impl.StateMachineUpdater (StateMachineUpdater.java:stopAndJoin(115)) - StateMachineUpdater:7e5fe5ea-e277-440c-a865-2e37fe357929:group-39B2E8A134D0: set stopIndex = 0
2019-07-30 23:29:30,558 INFO  impl.RaftServerImpl (ServerState.java:close(394)) - 0684775e-916d-4429-829d-be7e5ceb7429:group-BC80D9FE95EE closes. The last applied log index is 0
2019-07-30 23:29:30,558 INFO  impl.RaftServerImpl (ServerState.java:close(394)) - 7e5fe5ea-e277-440c-a865-2e37fe357929:group-39B2E8A134D0 closes. The last applied log index is 0
2019-07-30 23:29:30,559 INFO  segmented.SegmentedRaftLogWorker (SegmentedRaftLogWorker.java:run(313)) - 0684775e-916d-4429-829d-be7e5ceb7429-SegmentedRaftLogWorker:Storage Directory /workdir/hadoop-ozone/integration-test/target/test-dir/MiniOzoneClusterImpl-04e0b60f-856d-418d-a8ab-4510f743737b/datanode-3/data/ratis/9d282874-18e4-4a74-bf19-bc80d9fe95ee was interrupted, exiting. There are 0 tasks remaining in the queue.
2019-07-30 23:29:30,559 INFO  segmented.SegmentedRaftLogWorker (SegmentedRaftLogWorker.java:run(313)) - 7e5fe5ea-e277-440c-a865-2e37fe357929-SegmentedRaftLogWorker:Storage Directory /workdir/hadoop-ozone/integration-test/target/test-dir/MiniOzoneClusterImpl-04e0b60f-856d-418d-a8ab-4510f743737b/datanode-2/data/ratis/600a58ab-ddc7-469c-85b1-39b2e8a134d0 was interrupted, exiting. There are 0 tasks remaining in the queue.
2019-07-30 23:29:30,562 INFO  segmented.SegmentedRaftLogWorker (SegmentedRaftLogWorker.java:close(228)) - 0684775e-916d-4429-829d-be7e5ceb7429-SegmentedRaftLogWorker:Storage Directory /workdir/hadoop-ozone/integration-test/target/test-dir/MiniOzoneClusterImpl-04e0b60f-856d-418d-a8ab-4510f743737b/datanode-3/data/ratis/9d282874-18e4-4a74-bf19-bc80d9fe95ee close()
2019-07-30 23:29:30,564 INFO  segmented.SegmentedRaftLogWorker (SegmentedRaftLogWorker.java:close(228)) - 7e5fe5ea-e277-440c-a865-2e37fe357929-SegmentedRaftLogWorker:Storage Directory /workdir/hadoop-ozone/integration-test/target/test-dir/MiniOzoneClusterImpl-04e0b60f-856d-418d-a8ab-4510f743737b/datanode-2/data/ratis/600a58ab-ddc7-469c-85b1-39b2e8a134d0 close()
2019-07-30 23:29:30,566 INFO  impl.RaftServerImpl (RaftServerImpl.java:lambda$shutdown$3(245)) - 0684775e-916d-4429-829d-be7e5ceb7429: shutdown group-C3F9DF7BB625
2019-07-30 23:29:30,569 INFO  impl.RaftServerImpl (RaftServerImpl.java:lambda$shutdown$3(245)) - 7e5fe5ea-e277-440c-a865-2e37fe357929: shutdown group-312C89FB8B67
2019-07-30 23:29:30,569 INFO  util.JmxRegister (JmxRegister.java:unregister(73)) - Successfully un-registered JMX Bean with object name Ratis:service=RaftServer,group=group-C3F9DF7BB625,id=0684775e-916d-4429-829d-be7e5ceb7429
2019-07-30 23:29:30,569 INFO  util.JmxRegister (JmxRegister.java:unregister(73)) - Successfully un-registered JMX Bean with object name Ratis:service=RaftServer,group=group-312C89FB8B67,id=7e5fe5ea-e277-440c-a865-2e37fe357929
2019-07-30 23:29:30,570 INFO  impl.RoleInfo (RoleInfo.java:shutdownLeaderState(104)) - 0684775e-916d-4429-829d-be7e5ceb7429: shutdown LeaderState
2019-07-30 23:29:30,570 INFO  impl.RoleInfo (RoleInfo.java:shutdownFollowerState(121)) - 7e5fe5ea-e277-440c-a865-2e37fe357929: shutdown FollowerState
2019-07-30 23:29:30,574 WARN  server.GrpcLogAppender (GrpcLogAppender.java:mayWait(143)) - GrpcLogAppender(0684775e-916d-4429-829d-be7e5ceb7429->aca150cc-fee0-4b79-9a6e-e087870480f7): Wait interrupted by java.lang.InterruptedException
2019-07-30 23:29:30,574 WARN  server.GrpcLogAppender (GrpcLogAppender.java:mayWait(143)) - GrpcLogAppender(0684775e-916d-4429-829d-be7e5ceb7429->cca5e6ee-3bc4-4289-bd74-f62bf5c30f12): Wait interrupted by java.lang.InterruptedException
2019-07-30 23:29:30,574 INFO  impl.PendingRequests (PendingRequests.java:sendNotLeaderResponses(202)) - 0684775e-916d-4429-829d-be7e5ceb7429-PendingRequests: sendNotLeaderResponses
2019-07-30 23:29:30,575 INFO  server.GrpcServerProtocolService (GrpcServerProtocolService.java:onCompleted(104)) - aca150cc-fee0-4b79-9a6e-e087870480f7: appendEntries completed
2019-07-30 23:29:30,575 INFO  impl.FollowerState (FollowerState.java:run(114)) - 7e5fe5ea-e277-440c-a865-2e37fe357929: FollowerState was interrupted: java.lang.InterruptedException: sleep interrupted
2019-07-30 23:29:30,575 INFO  impl.StateMachineUpdater (StateMachineUpdater.java:stopAndJoin(115)) - StateMachineUpdater:7e5fe5ea-e277-440c-a865-2e37fe357929:group-312C89FB8B67: set stopIndex = 0
2019-07-30 23:29:30,581 INFO  ratis.ContainerStateMachine (ContainerStateMachine.java:takeSnapshot(262)) - group-C3F9DF7BB625: Taking a snapshot at:(t:1, i:6) file /workdir/hadoop-ozone/integration-test/target/test-dir/MiniOzoneClusterImpl-04e0b60f-856d-418d-a8ab-4510f743737b/datanode-3/data/ratis/2c6f3bc5-8b3c-4033-a5d8-c3f9df7bb625/sm/snapshot.1_6
2019-07-30 23:29:30,581 INFO  impl.StateMachineUpdater (StateMachineUpdater.java:stopAndJoin(115)) - StateMachineUpdater:0684775e-916d-4429-829d-be7e5ceb7429:group-C3F9DF7BB625: set stopIndex = 8
2019-07-30 23:29:30,584 INFO  server.GrpcLogAppender (GrpcLogAppender.java:onCompleted(292)) - 0684775e-916d-4429-829d-be7e5ceb7429->aca150cc-fee0-4b79-9a6e-e087870480f7: follower responses appendEntries COMPLETED
2019-07-30 23:29:30,584 INFO  impl.RaftServerImpl (ServerState.java:close(394)) - 7e5fe5ea-e277-440c-a865-2e37fe357929:group-312C89FB8B67 closes. The last applied log index is 0
2019-07-30 23:29:30,587 INFO  impl.FollowerInfo (FollowerInfo.java:lambda$new$0(50)) - 0684775e-916d-4429-829d-be7e5ceb7429->aca150cc-fee0-4b79-9a6e-e087870480f7: nextIndex: updateUnconditionally 9 -> 8
2019-07-30 23:29:30,587 INFO  segmented.SegmentedRaftLogWorker (SegmentedRaftLogWorker.java:run(313)) - 7e5fe5ea-e277-440c-a865-2e37fe357929-SegmentedRaftLogWorker:Storage Directory /workdir/hadoop-ozone/integration-test/target/test-dir/MiniOzoneClusterImpl-04e0b60f-856d-418d-a8ab-4510f743737b/datanode-2/data/ratis/c339dd49-8a2f-486a-b29f-312c89fb8b67 was interrupted, exiting. There are 0 tasks remaining in the queue.
2019-07-30 23:29:30,594 INFO  segmented.SegmentedRaftLogWorker (SegmentedRaftLogWorker.java:close(228)) - 7e5fe5ea-e277-440c-a865-2e37fe357929-SegmentedRaftLogWorker:Storage Directory /workdir/hadoop-ozone/integration-test/target/test-dir/MiniOzoneClusterImpl-04e0b60f-856d-418d-a8ab-4510f743737b/datanode-2/data/ratis/c339dd49-8a2f-486a-b29f-312c89fb8b67 close()
2019-07-30 23:29:30,597 INFO  ratis.ContainerStateMachine (ContainerStateMachine.java:takeSnapshot(273)) - group-C3F9DF7BB625: Finished taking a snapshot at:(t:1, i:6) file:/workdir/hadoop-ozone/integration-test/target/test-dir/MiniOzoneClusterImpl-04e0b60f-856d-418d-a8ab-4510f743737b/datanode-3/data/ratis/2c6f3bc5-8b3c-4033-a5d8-c3f9df7bb625/sm/snapshot.1_6 time:15
2019-07-30 23:29:30,597 INFO  server.GrpcService (GrpcService.java:closeImpl(155)) - 7e5fe5ea-e277-440c-a865-2e37fe357929: shutdown server with port 33117 now
2019-07-30 23:29:30,597 INFO  impl.StateMachineUpdater (StateMachineUpdater.java:takeSnapshot(242)) - StateMachineUpdater:0684775e-916d-4429-829d-be7e5ceb7429:group-C3F9DF7BB625: Took a snapshot at index 6
2019-07-30 23:29:30,597 INFO  impl.StateMachineUpdater (StateMachineUpdater.java:lambda$new$0(80)) - StateMachineUpdater:0684775e-916d-4429-829d-be7e5ceb7429:group-C3F9DF7BB625: snapshotIndex: updateIncreasingly -1 -> 6
2019-07-30 23:29:30,597 INFO  impl.RaftServerImpl (ServerState.java:close(394)) - 0684775e-916d-4429-829d-be7e5ceb7429:group-C3F9DF7BB625 closes. The last applied log index is 8
2019-07-30 23:29:30,598 INFO  server.GrpcService (GrpcService.java:closeImpl(163)) - 7e5fe5ea-e277-440c-a865-2e37fe357929: shutdown server with port 33117 successfully
2019-07-30 23:29:30,598 INFO  segmented.SegmentedRaftLogWorker (SegmentedRaftLogWorker.java:run(313)) - 0684775e-916d-4429-829d-be7e5ceb7429-SegmentedRaftLogWorker:Storage Directory /workdir/hadoop-ozone/integration-test/target/test-dir/MiniOzoneClusterImpl-04e0b60f-856d-418d-a8ab-4510f743737b/datanode-3/data/ratis/2c6f3bc5-8b3c-4033-a5d8-c3f9df7bb625 was interrupted, exiting. There are 0 tasks remaining in the queue.
2019-07-30 23:29:30,601 INFO  segmented.SegmentedRaftLogWorker (SegmentedRaftLogWorker.java:close(228)) - 0684775e-916d-4429-829d-be7e5ceb7429-SegmentedRaftLogWorker:Storage Directory /workdir/hadoop-ozone/integration-test/target/test-dir/MiniOzoneClusterImpl-04e0b60f-856d-418d-a8ab-4510f743737b/datanode-3/data/ratis/2c6f3bc5-8b3c-4033-a5d8-c3f9df7bb625 close()
2019-07-30 23:29:30,603 INFO  server.GrpcService (GrpcService.java:closeImpl(155)) - 0684775e-916d-4429-829d-be7e5ceb7429: shutdown server with port 42551 now
2019-07-30 23:29:30,604 INFO  utils.BackgroundService (BackgroundService.java:shutdown(148)) - Shutting down service BlockDeletingService
2019-07-30 23:29:30,604 INFO  server.GrpcService (GrpcService.java:closeImpl(163)) - 0684775e-916d-4429-829d-be7e5ceb7429: shutdown server with port 42551 successfully
2019-07-30 23:29:30,606 WARN  fs.CachingGetSpaceUsed (CachingGetSpaceUsed.java:run(183)) - Thread Interrupted waiting to refresh disk information: sleep interrupted
2019-07-30 23:29:30,607 INFO  utils.BackgroundService (BackgroundService.java:shutdown(148)) - Shutting down service BlockDeletingService
2019-07-30 23:29:30,614 WARN  fs.CachingGetSpaceUsed (CachingGetSpaceUsed.java:run(183)) - Thread Interrupted waiting to refresh disk information: sleep interrupted
2019-07-30 23:29:30,627 INFO  statemachine.DatanodeStateMachine (DatanodeStateMachine.java:stopDaemon(395)) - Ozone container server stopped.
2019-07-30 23:29:30,634 INFO  statemachine.DatanodeStateMachine (DatanodeStateMachine.java:stopDaemon(395)) - Ozone container server stopped.
2019-07-30 23:29:30,643 INFO  handler.ContextHandler (ContextHandler.java:doStop(910)) - Stopped o.e.j.w.WebAppContext@57b1ec84{/,null,UNAVAILABLE}{/hddsDatanode}
2019-07-30 23:29:30,643 INFO  handler.ContextHandler (ContextHandler.java:doStop(910)) - Stopped o.e.j.w.WebAppContext@7ffcb232{/,null,UNAVAILABLE}{/hddsDatanode}
2019-07-30 23:29:30,644 INFO  server.AbstractConnector (AbstractConnector.java:doStop(318)) - Stopped ServerConnector@3c27f72{HTTP/1.1,[http/1.1]}{0.0.0.0:0}
2019-07-30 23:29:30,645 INFO  handler.ContextHandler (ContextHandler.java:doStop(910)) - Stopped o.e.j.s.ServletContextHandler@2299d903{/static,jar:file:/home/user/.m2/repository/org/apache/hadoop/hadoop-hdds-container-service/0.4.1-SNAPSHOT/hadoop-hdds-container-service-0.4.1-SNAPSHOT.jar!/webapps/static,UNAVAILABLE}
2019-07-30 23:29:30,645 INFO  server.AbstractConnector (AbstractConnector.java:doStop(318)) - Stopped ServerConnector@7f53fc38{HTTP/1.1,[http/1.1]}{0.0.0.0:0}
2019-07-30 23:29:30,647 INFO  handler.ContextHandler (ContextHandler.java:doStop(910)) - Stopped o.e.j.s.ServletContextHandler@14590fe2{/logs,file:///workdir/hadoop-ozone/integration-test/target/log,UNAVAILABLE}
2019-07-30 23:29:30,647 INFO  handler.ContextHandler (ContextHandler.java:doStop(910)) - Stopped o.e.j.s.ServletContextHandler@315cf170{/static,jar:file:/home/user/.m2/repository/org/apache/hadoop/hadoop-hdds-container-service/0.4.1-SNAPSHOT/hadoop-hdds-container-service-0.4.1-SNAPSHOT.jar!/webapps/static,UNAVAILABLE}
2019-07-30 23:29:30,648 INFO  handler.ContextHandler (ContextHandler.java:doStop(910)) - Stopped o.e.j.s.ServletContextHandler@5d800a56{/logs,file:///workdir/hadoop-ozone/integration-test/target/log,UNAVAILABLE}
2019-07-30 23:29:30,649 INFO  datanode.ObjectStoreHandler (ObjectStoreHandler.java:close(155)) - Closing ObjectStoreHandler.
2019-07-30 23:29:30,650 INFO  ozone.HddsDatanodeService (HddsDatanodeService.java:stop(451)) - Stopped plug-in org.apache.hadoop.ozone.web.OzoneHddsDatanodeService@2dc21583
2019-07-30 23:29:30,650 INFO  datanode.ObjectStoreHandler (ObjectStoreHandler.java:close(155)) - Closing ObjectStoreHandler.
2019-07-30 23:29:30,651 INFO  ozone.HddsDatanodeService (HddsDatanodeService.java:stop(451)) - Stopped plug-in org.apache.hadoop.ozone.web.OzoneHddsDatanodeService@77d959f1
2019-07-30 23:29:30,844 INFO  statemachine.DatanodeStateMachine (DatanodeStateMachine.java:lambda$startDaemon$0(350)) - Ozone container server started.
2019-07-30 23:29:31,360 INFO  statemachine.DatanodeStateMachine (DatanodeStateMachine.java:lambda$startDaemon$0(350)) - Ozone container server started.
2019-07-30 23:29:34,350 INFO  impl.FollowerState (FollowerState.java:run(106)) - 86a3b411-9919-4103-89a5-5a4a40c4080c:group-312C89FB8B67 changes to CANDIDATE, lastRpcTime:10160, electionTimeout:5048ms
2019-07-30 23:29:34,350 INFO  impl.RoleInfo (RoleInfo.java:shutdownFollowerState(121)) - 86a3b411-9919-4103-89a5-5a4a40c4080c: shutdown FollowerState
2019-07-30 23:29:34,351 INFO  impl.RaftServerImpl (RaftServerImpl.java:setRole(171)) - 86a3b411-9919-4103-89a5-5a4a40c4080c:group-312C89FB8B67 changes role from FOLLOWER to CANDIDATE at term 1 for changeToCandidate
2019-07-30 23:29:34,351 INFO  impl.RoleInfo (RoleInfo.java:updateAndGet(143)) - 86a3b411-9919-4103-89a5-5a4a40c4080c: start LeaderElection
2019-07-30 23:29:34,354 INFO  impl.RaftServerImpl (ServerState.java:setLeader(263)) - 86a3b411-9919-4103-89a5-5a4a40c4080c:group-312C89FB8B67 change Leader from 191f8ab8-e14f-4994-8266-5bcab582ff8c to null at term 1 for initElection
2019-07-30 23:29:34,382 INFO  impl.LeaderElection (LeaderElection.java:askForVotes(181)) - 86a3b411-9919-4103-89a5-5a4a40c4080c:group-312C89FB8B67:LeaderElection25: begin an election at term 2 for 0: [86a3b411-9919-4103-89a5-5a4a40c4080c:192.168.5.171:44978, 7e5fe5ea-e277-440c-a865-2e37fe357929:192.168.5.171:33117, 191f8ab8-e14f-4994-8266-5bcab582ff8c:192.168.5.171:42373], old=null
2019-07-30 23:29:34,390 INFO  impl.LeaderElection (LogUtils.java:infoOrTrace(149)) - 86a3b411-9919-4103-89a5-5a4a40c4080c:group-312C89FB8B67:LeaderElection25 got exception when requesting votes: {}
java.util.concurrent.ExecutionException: org.apache.ratis.thirdparty.io.grpc.StatusRuntimeException: UNAVAILABLE: io exception
	at java.util.concurrent.FutureTask.report(FutureTask.java:122)
	at java.util.concurrent.FutureTask.get(FutureTask.java:192)
	at org.apache.ratis.server.impl.LeaderElection.waitForResults(LeaderElection.java:262)
	at org.apache.ratis.server.impl.LeaderElection.askForVotes(LeaderElection.java:200)
	at org.apache.ratis.server.impl.LeaderElection.run(LeaderElection.java:130)
	at java.lang.Thread.run(Thread.java:748)
Caused by: org.apache.ratis.thirdparty.io.grpc.StatusRuntimeException: UNAVAILABLE: io exception
	at org.apache.ratis.thirdparty.io.grpc.stub.ClientCalls.toStatusRuntimeException(ClientCalls.java:233)
	at org.apache.ratis.thirdparty.io.grpc.stub.ClientCalls.getUnchecked(ClientCalls.java:214)
	at org.apache.ratis.thirdparty.io.grpc.stub.ClientCalls.blockingUnaryCall(ClientCalls.java:139)
	at org.apache.ratis.proto.grpc.RaftServerProtocolServiceGrpc$RaftServerProtocolServiceBlockingStub.requestVote(RaftServerProtocolServiceGrpc.java:265)
	at org.apache.ratis.grpc.server.GrpcServerProtocolClient.requestVote(GrpcServerProtocolClient.java:83)
	at org.apache.ratis.grpc.server.GrpcService.requestVote(GrpcService.java:195)
	at org.apache.ratis.server.impl.LeaderElection.lambda$submitRequests$1(LeaderElection.java:237)
	at java.util.concurrent.FutureTask.run(FutureTask.java:266)
	at java.util.concurrent.Executors$RunnableAdapter.call(Executors.java:511)
	at java.util.concurrent.FutureTask.run(FutureTask.java:266)
	at java.util.concurrent.ThreadPoolExecutor.runWorker(ThreadPoolExecutor.java:1149)
	at java.util.concurrent.ThreadPoolExecutor$Worker.run(ThreadPoolExecutor.java:624)
	... 1 more
Caused by: org.apache.ratis.thirdparty.io.netty.channel.AbstractChannel$AnnotatedConnectException: Connection refused: /192.168.5.171:33117
	at sun.nio.ch.SocketChannelImpl.checkConnect(Native Method)
	at sun.nio.ch.SocketChannelImpl.finishConnect(SocketChannelImpl.java:717)
	at org.apache.ratis.thirdparty.io.netty.channel.socket.nio.NioSocketChannel.doFinishConnect(NioSocketChannel.java:327)
	at org.apache.ratis.thirdparty.io.netty.channel.nio.AbstractNioChannel$AbstractNioUnsafe.finishConnect(AbstractNioChannel.java:340)
	at org.apache.ratis.thirdparty.io.netty.channel.nio.NioEventLoop.processSelectedKey(NioEventLoop.java:632)
	at org.apache.ratis.thirdparty.io.netty.channel.nio.NioEventLoop.processSelectedKeysOptimized(NioEventLoop.java:579)
	at org.apache.ratis.thirdparty.io.netty.channel.nio.NioEventLoop.processSelectedKeys(NioEventLoop.java:496)
	at org.apache.ratis.thirdparty.io.netty.channel.nio.NioEventLoop.run(NioEventLoop.java:458)
	at org.apache.ratis.thirdparty.io.netty.util.concurrent.SingleThreadEventExecutor$5.run(SingleThreadEventExecutor.java:897)
	at org.apache.ratis.thirdparty.io.netty.util.concurrent.FastThreadLocalRunnable.run(FastThreadLocalRunnable.java:30)
	... 1 more
Caused by: java.net.ConnectException: Connection refused
	... 11 more
2019-07-30 23:29:34,395 INFO  impl.LeaderElection (LogUtils.java:infoOrTrace(149)) - 86a3b411-9919-4103-89a5-5a4a40c4080c:group-312C89FB8B67:LeaderElection25 got exception when requesting votes: {}
java.util.concurrent.ExecutionException: org.apache.ratis.thirdparty.io.grpc.StatusRuntimeException: UNAVAILABLE: io exception
	at java.util.concurrent.FutureTask.report(FutureTask.java:122)
	at java.util.concurrent.FutureTask.get(FutureTask.java:192)
	at org.apache.ratis.server.impl.LeaderElection.waitForResults(LeaderElection.java:262)
	at org.apache.ratis.server.impl.LeaderElection.askForVotes(LeaderElection.java:200)
	at org.apache.ratis.server.impl.LeaderElection.run(LeaderElection.java:130)
	at java.lang.Thread.run(Thread.java:748)
Caused by: org.apache.ratis.thirdparty.io.grpc.StatusRuntimeException: UNAVAILABLE: io exception
	at org.apache.ratis.thirdparty.io.grpc.stub.ClientCalls.toStatusRuntimeException(ClientCalls.java:233)
	at org.apache.ratis.thirdparty.io.grpc.stub.ClientCalls.getUnchecked(ClientCalls.java:214)
	at org.apache.ratis.thirdparty.io.grpc.stub.ClientCalls.blockingUnaryCall(ClientCalls.java:139)
	at org.apache.ratis.proto.grpc.RaftServerProtocolServiceGrpc$RaftServerProtocolServiceBlockingStub.requestVote(RaftServerProtocolServiceGrpc.java:265)
	at org.apache.ratis.grpc.server.GrpcServerProtocolClient.requestVote(GrpcServerProtocolClient.java:83)
	at org.apache.ratis.grpc.server.GrpcService.requestVote(GrpcService.java:195)
	at org.apache.ratis.server.impl.LeaderElection.lambda$submitRequests$1(LeaderElection.java:237)
	at java.util.concurrent.FutureTask.run(FutureTask.java:266)
	at java.util.concurrent.Executors$RunnableAdapter.call(Executors.java:511)
	at java.util.concurrent.FutureTask.run(FutureTask.java:266)
	at java.util.concurrent.ThreadPoolExecutor.runWorker(ThreadPoolExecutor.java:1149)
	at java.util.concurrent.ThreadPoolExecutor$Worker.run(ThreadPoolExecutor.java:624)
	... 1 more
Caused by: org.apache.ratis.thirdparty.io.netty.channel.AbstractChannel$AnnotatedConnectException: Connection refused: /192.168.5.171:42373
	at sun.nio.ch.SocketChannelImpl.checkConnect(Native Method)
	at sun.nio.ch.SocketChannelImpl.finishConnect(SocketChannelImpl.java:717)
	at org.apache.ratis.thirdparty.io.netty.channel.socket.nio.NioSocketChannel.doFinishConnect(NioSocketChannel.java:327)
	at org.apache.ratis.thirdparty.io.netty.channel.nio.AbstractNioChannel$AbstractNioUnsafe.finishConnect(AbstractNioChannel.java:340)
	at org.apache.ratis.thirdparty.io.netty.channel.nio.NioEventLoop.processSelectedKey(NioEventLoop.java:632)
	at org.apache.ratis.thirdparty.io.netty.channel.nio.NioEventLoop.processSelectedKeysOptimized(NioEventLoop.java:579)
	at org.apache.ratis.thirdparty.io.netty.channel.nio.NioEventLoop.processSelectedKeys(NioEventLoop.java:496)
	at org.apache.ratis.thirdparty.io.netty.channel.nio.NioEventLoop.run(NioEventLoop.java:458)
	at org.apache.ratis.thirdparty.io.netty.util.concurrent.SingleThreadEventExecutor$5.run(SingleThreadEventExecutor.java:897)
	at org.apache.ratis.thirdparty.io.netty.util.concurrent.FastThreadLocalRunnable.run(FastThreadLocalRunnable.java:30)
	... 1 more
Caused by: java.net.ConnectException: Connection refused
	... 11 more
2019-07-30 23:29:34,397 INFO  impl.LeaderElection (LeaderElection.java:logAndReturn(56)) - 86a3b411-9919-4103-89a5-5a4a40c4080c:group-312C89FB8B67:LeaderElection25: Election REJECTED; received 0 response(s) [] and 2 exception(s); 86a3b411-9919-4103-89a5-5a4a40c4080c:t2, leader=null, voted=86a3b411-9919-4103-89a5-5a4a40c4080c, raftlog=86a3b411-9919-4103-89a5-5a4a40c4080c-SegmentedRaftLog:OPENED:c0,f0,i0, conf=0: [86a3b411-9919-4103-89a5-5a4a40c4080c:192.168.5.171:44978, 7e5fe5ea-e277-440c-a865-2e37fe357929:192.168.5.171:33117, 191f8ab8-e14f-4994-8266-5bcab582ff8c:192.168.5.171:42373], old=null
2019-07-30 23:29:34,398 INFO  impl.LeaderElection (LogUtils.java:infoOrTrace(149)) -   Exception 0: {}
java.util.concurrent.ExecutionException: org.apache.ratis.thirdparty.io.grpc.StatusRuntimeException: UNAVAILABLE: io exception
	at java.util.concurrent.FutureTask.report(FutureTask.java:122)
	at java.util.concurrent.FutureTask.get(FutureTask.java:192)
	at org.apache.ratis.server.impl.LeaderElection.waitForResults(LeaderElection.java:262)
	at org.apache.ratis.server.impl.LeaderElection.askForVotes(LeaderElection.java:200)
	at org.apache.ratis.server.impl.LeaderElection.run(LeaderElection.java:130)
	at java.lang.Thread.run(Thread.java:748)
Caused by: org.apache.ratis.thirdparty.io.grpc.StatusRuntimeException: UNAVAILABLE: io exception
	at org.apache.ratis.thirdparty.io.grpc.stub.ClientCalls.toStatusRuntimeException(ClientCalls.java:233)
	at org.apache.ratis.thirdparty.io.grpc.stub.ClientCalls.getUnchecked(ClientCalls.java:214)
	at org.apache.ratis.thirdparty.io.grpc.stub.ClientCalls.blockingUnaryCall(ClientCalls.java:139)
	at org.apache.ratis.proto.grpc.RaftServerProtocolServiceGrpc$RaftServerProtocolServiceBlockingStub.requestVote(RaftServerProtocolServiceGrpc.java:265)
	at org.apache.ratis.grpc.server.GrpcServerProtocolClient.requestVote(GrpcServerProtocolClient.java:83)
	at org.apache.ratis.grpc.server.GrpcService.requestVote(GrpcService.java:195)
	at org.apache.ratis.server.impl.LeaderElection.lambda$submitRequests$1(LeaderElection.java:237)
	at java.util.concurrent.FutureTask.run(FutureTask.java:266)
	at java.util.concurrent.Executors$RunnableAdapter.call(Executors.java:511)
	at java.util.concurrent.FutureTask.run(FutureTask.java:266)
	at java.util.concurrent.ThreadPoolExecutor.runWorker(ThreadPoolExecutor.java:1149)
	at java.util.concurrent.ThreadPoolExecutor$Worker.run(ThreadPoolExecutor.java:624)
	... 1 more
Caused by: org.apache.ratis.thirdparty.io.netty.channel.AbstractChannel$AnnotatedConnectException: Connection refused: /192.168.5.171:33117
	at sun.nio.ch.SocketChannelImpl.checkConnect(Native Method)
	at sun.nio.ch.SocketChannelImpl.finishConnect(SocketChannelImpl.java:717)
	at org.apache.ratis.thirdparty.io.netty.channel.socket.nio.NioSocketChannel.doFinishConnect(NioSocketChannel.java:327)
	at org.apache.ratis.thirdparty.io.netty.channel.nio.AbstractNioChannel$AbstractNioUnsafe.finishConnect(AbstractNioChannel.java:340)
	at org.apache.ratis.thirdparty.io.netty.channel.nio.NioEventLoop.processSelectedKey(NioEventLoop.java:632)
	at org.apache.ratis.thirdparty.io.netty.channel.nio.NioEventLoop.processSelectedKeysOptimized(NioEventLoop.java:579)
	at org.apache.ratis.thirdparty.io.netty.channel.nio.NioEventLoop.processSelectedKeys(NioEventLoop.java:496)
	at org.apache.ratis.thirdparty.io.netty.channel.nio.NioEventLoop.run(NioEventLoop.java:458)
	at org.apache.ratis.thirdparty.io.netty.util.concurrent.SingleThreadEventExecutor$5.run(SingleThreadEventExecutor.java:897)
	at org.apache.ratis.thirdparty.io.netty.util.concurrent.FastThreadLocalRunnable.run(FastThreadLocalRunnable.java:30)
	... 1 more
Caused by: java.net.ConnectException: Connection refused
	... 11 more
2019-07-30 23:29:34,398 INFO  impl.LeaderElection (LogUtils.java:infoOrTrace(149)) -   Exception 1: {}
java.util.concurrent.ExecutionException: org.apache.ratis.thirdparty.io.grpc.StatusRuntimeException: UNAVAILABLE: io exception
	at java.util.concurrent.FutureTask.report(FutureTask.java:122)
	at java.util.concurrent.FutureTask.get(FutureTask.java:192)
	at org.apache.ratis.server.impl.LeaderElection.waitForResults(LeaderElection.java:262)
	at org.apache.ratis.server.impl.LeaderElection.askForVotes(LeaderElection.java:200)
	at org.apache.ratis.server.impl.LeaderElection.run(LeaderElection.java:130)
	at java.lang.Thread.run(Thread.java:748)
Caused by: org.apache.ratis.thirdparty.io.grpc.StatusRuntimeException: UNAVAILABLE: io exception
	at org.apache.ratis.thirdparty.io.grpc.stub.ClientCalls.toStatusRuntimeException(ClientCalls.java:233)
	at org.apache.ratis.thirdparty.io.grpc.stub.ClientCalls.getUnchecked(ClientCalls.java:214)
	at org.apache.ratis.thirdparty.io.grpc.stub.ClientCalls.blockingUnaryCall(ClientCalls.java:139)
	at org.apache.ratis.proto.grpc.RaftServerProtocolServiceGrpc$RaftServerProtocolServiceBlockingStub.requestVote(RaftServerProtocolServiceGrpc.java:265)
	at org.apache.ratis.grpc.server.GrpcServerProtocolClient.requestVote(GrpcServerProtocolClient.java:83)
	at org.apache.ratis.grpc.server.GrpcService.requestVote(GrpcService.java:195)
	at org.apache.ratis.server.impl.LeaderElection.lambda$submitRequests$1(LeaderElection.java:237)
	at java.util.concurrent.FutureTask.run(FutureTask.java:266)
	at java.util.concurrent.Executors$RunnableAdapter.call(Executors.java:511)
	at java.util.concurrent.FutureTask.run(FutureTask.java:266)
	at java.util.concurrent.ThreadPoolExecutor.runWorker(ThreadPoolExecutor.java:1149)
	at java.util.concurrent.ThreadPoolExecutor$Worker.run(ThreadPoolExecutor.java:624)
	... 1 more
Caused by: org.apache.ratis.thirdparty.io.netty.channel.AbstractChannel$AnnotatedConnectException: Connection refused: /192.168.5.171:42373
	at sun.nio.ch.SocketChannelImpl.checkConnect(Native Method)
	at sun.nio.ch.SocketChannelImpl.finishConnect(SocketChannelImpl.java:717)
	at org.apache.ratis.thirdparty.io.netty.channel.socket.nio.NioSocketChannel.doFinishConnect(NioSocketChannel.java:327)
	at org.apache.ratis.thirdparty.io.netty.channel.nio.AbstractNioChannel$AbstractNioUnsafe.finishConnect(AbstractNioChannel.java:340)
	at org.apache.ratis.thirdparty.io.netty.channel.nio.NioEventLoop.processSelectedKey(NioEventLoop.java:632)
	at org.apache.ratis.thirdparty.io.netty.channel.nio.NioEventLoop.processSelectedKeysOptimized(NioEventLoop.java:579)
	at org.apache.ratis.thirdparty.io.netty.channel.nio.NioEventLoop.processSelectedKeys(NioEventLoop.java:496)
	at org.apache.ratis.thirdparty.io.netty.channel.nio.NioEventLoop.run(NioEventLoop.java:458)
	at org.apache.ratis.thirdparty.io.netty.util.concurrent.SingleThreadEventExecutor$5.run(SingleThreadEventExecutor.java:897)
	at org.apache.ratis.thirdparty.io.netty.util.concurrent.FastThreadLocalRunnable.run(FastThreadLocalRunnable.java:30)
	... 1 more
Caused by: java.net.ConnectException: Connection refused
	... 11 more
2019-07-30 23:29:34,398 INFO  impl.RaftServerImpl (RaftServerImpl.java:setRole(171)) - 86a3b411-9919-4103-89a5-5a4a40c4080c:group-312C89FB8B67 changes role from CANDIDATE to FOLLOWER at term 2 for DISCOVERED_A_NEW_TERM
2019-07-30 23:29:34,398 INFO  impl.RoleInfo (RoleInfo.java:shutdownLeaderElection(134)) - 86a3b411-9919-4103-89a5-5a4a40c4080c: shutdown LeaderElection
2019-07-30 23:29:34,399 INFO  impl.RoleInfo (RoleInfo.java:updateAndGet(143)) - 86a3b411-9919-4103-89a5-5a4a40c4080c: start FollowerState
2019-07-30 23:29:35,651 INFO  ozoneimpl.OzoneContainer (OzoneContainer.java:stop(199)) - Attempting to stop container services.
2019-07-30 23:29:35,651 INFO  impl.RaftServerProxy (RaftServerProxy.java:lambda$close$4(314)) - 86a3b411-9919-4103-89a5-5a4a40c4080c: close
2019-07-30 23:29:35,651 INFO  impl.RaftServerImpl (RaftServerImpl.java:lambda$shutdown$3(245)) - 86a3b411-9919-4103-89a5-5a4a40c4080c: shutdown group-91D10BF44FDD
2019-07-30 23:29:35,651 INFO  util.JmxRegister (JmxRegister.java:unregister(73)) - Successfully un-registered JMX Bean with object name Ratis:service=RaftServer,group=group-91D10BF44FDD,id=86a3b411-9919-4103-89a5-5a4a40c4080c
2019-07-30 23:29:35,652 INFO  ozoneimpl.OzoneContainer (OzoneContainer.java:stop(199)) - Attempting to stop container services.
2019-07-30 23:29:35,652 INFO  impl.RoleInfo (RoleInfo.java:shutdownLeaderState(104)) - 86a3b411-9919-4103-89a5-5a4a40c4080c: shutdown LeaderState
2019-07-30 23:29:35,652 INFO  impl.RaftServerProxy (RaftServerProxy.java:lambda$close$4(314)) - 19086a61-eeab-4869-a242-f4f734aa67ac: close
2019-07-30 23:29:35,652 INFO  impl.PendingRequests (PendingRequests.java:sendNotLeaderResponses(202)) - 86a3b411-9919-4103-89a5-5a4a40c4080c-PendingRequests: sendNotLeaderResponses
2019-07-30 23:29:35,652 INFO  impl.RaftServerImpl (RaftServerImpl.java:lambda$shutdown$3(245)) - 19086a61-eeab-4869-a242-f4f734aa67ac: shutdown group-54DDD849CAAD
2019-07-30 23:29:35,653 INFO  impl.StateMachineUpdater (StateMachineUpdater.java:stopAndJoin(115)) - StateMachineUpdater:86a3b411-9919-4103-89a5-5a4a40c4080c:group-91D10BF44FDD: set stopIndex = 0
2019-07-30 23:29:35,653 INFO  util.JmxRegister (JmxRegister.java:unregister(73)) - Successfully un-registered JMX Bean with object name Ratis:service=RaftServer,group=group-54DDD849CAAD,id=19086a61-eeab-4869-a242-f4f734aa67ac
2019-07-30 23:29:35,653 INFO  impl.RaftServerImpl (ServerState.java:close(394)) - 86a3b411-9919-4103-89a5-5a4a40c4080c:group-91D10BF44FDD closes. The last applied log index is 0
2019-07-30 23:29:35,654 INFO  impl.RoleInfo (RoleInfo.java:shutdownLeaderState(104)) - 19086a61-eeab-4869-a242-f4f734aa67ac: shutdown LeaderState
2019-07-30 23:29:35,654 INFO  segmented.SegmentedRaftLogWorker (SegmentedRaftLogWorker.java:run(313)) - 86a3b411-9919-4103-89a5-5a4a40c4080c-SegmentedRaftLogWorker:Storage Directory /workdir/hadoop-ozone/integration-test/target/test-dir/MiniOzoneClusterImpl-04e0b60f-856d-418d-a8ab-4510f743737b/datanode-0/data/ratis/48a205d2-5341-4bc0-9313-91d10bf44fdd was interrupted, exiting. There are 0 tasks remaining in the queue.
2019-07-30 23:29:35,654 INFO  impl.PendingRequests (PendingRequests.java:sendNotLeaderResponses(202)) - 19086a61-eeab-4869-a242-f4f734aa67ac-PendingRequests: sendNotLeaderResponses
2019-07-30 23:29:35,657 INFO  segmented.SegmentedRaftLogWorker (SegmentedRaftLogWorker.java:close(228)) - 86a3b411-9919-4103-89a5-5a4a40c4080c-SegmentedRaftLogWorker:Storage Directory /workdir/hadoop-ozone/integration-test/target/test-dir/MiniOzoneClusterImpl-04e0b60f-856d-418d-a8ab-4510f743737b/datanode-0/data/ratis/48a205d2-5341-4bc0-9313-91d10bf44fdd close()
2019-07-30 23:29:35,657 INFO  impl.StateMachineUpdater (StateMachineUpdater.java:stopAndJoin(115)) - StateMachineUpdater:19086a61-eeab-4869-a242-f4f734aa67ac:group-54DDD849CAAD: set stopIndex = 0
2019-07-30 23:29:35,659 INFO  impl.RaftServerImpl (RaftServerImpl.java:lambda$shutdown$3(245)) - 86a3b411-9919-4103-89a5-5a4a40c4080c: shutdown group-312C89FB8B67
2019-07-30 23:29:35,659 INFO  impl.RaftServerImpl (ServerState.java:close(394)) - 19086a61-eeab-4869-a242-f4f734aa67ac:group-54DDD849CAAD closes. The last applied log index is 0
2019-07-30 23:29:35,659 INFO  util.JmxRegister (JmxRegister.java:unregister(73)) - Successfully un-registered JMX Bean with object name Ratis:service=RaftServer,group=group-312C89FB8B67,id=86a3b411-9919-4103-89a5-5a4a40c4080c
2019-07-30 23:29:35,660 INFO  impl.RoleInfo (RoleInfo.java:shutdownFollowerState(121)) - 86a3b411-9919-4103-89a5-5a4a40c4080c: shutdown FollowerState
2019-07-30 23:29:35,660 INFO  segmented.SegmentedRaftLogWorker (SegmentedRaftLogWorker.java:run(313)) - 19086a61-eeab-4869-a242-f4f734aa67ac-SegmentedRaftLogWorker:Storage Directory /workdir/hadoop-ozone/integration-test/target/test-dir/MiniOzoneClusterImpl-04e0b60f-856d-418d-a8ab-4510f743737b/datanode-6/data/ratis/df8892f2-16f4-46eb-aa6a-54ddd849caad was interrupted, exiting. There are 0 tasks remaining in the queue.
2019-07-30 23:29:35,660 INFO  impl.StateMachineUpdater (StateMachineUpdater.java:stopAndJoin(115)) - StateMachineUpdater:86a3b411-9919-4103-89a5-5a4a40c4080c:group-312C89FB8B67: set stopIndex = 0
2019-07-30 23:29:35,662 INFO  segmented.SegmentedRaftLogWorker (SegmentedRaftLogWorker.java:close(228)) - 19086a61-eeab-4869-a242-f4f734aa67ac-SegmentedRaftLogWorker:Storage Directory /workdir/hadoop-ozone/integration-test/target/test-dir/MiniOzoneClusterImpl-04e0b60f-856d-418d-a8ab-4510f743737b/datanode-6/data/ratis/df8892f2-16f4-46eb-aa6a-54ddd849caad close()
2019-07-30 23:29:35,660 INFO  impl.FollowerState (FollowerState.java:run(114)) - 86a3b411-9919-4103-89a5-5a4a40c4080c: FollowerState was interrupted: java.lang.InterruptedException: sleep interrupted
2019-07-30 23:29:35,667 INFO  server.GrpcService (GrpcService.java:closeImpl(155)) - 19086a61-eeab-4869-a242-f4f734aa67ac: shutdown server with port 42816 now
2019-07-30 23:29:35,662 INFO  impl.RaftServerImpl (ServerState.java:close(394)) - 86a3b411-9919-4103-89a5-5a4a40c4080c:group-312C89FB8B67 closes. The last applied log index is 0
2019-07-30 23:29:35,671 INFO  server.GrpcService (GrpcService.java:closeImpl(163)) - 19086a61-eeab-4869-a242-f4f734aa67ac: shutdown server with port 42816 successfully
2019-07-30 23:29:35,671 INFO  segmented.SegmentedRaftLogWorker (SegmentedRaftLogWorker.java:run(313)) - 86a3b411-9919-4103-89a5-5a4a40c4080c-SegmentedRaftLogWorker:Storage Directory /workdir/hadoop-ozone/integration-test/target/test-dir/MiniOzoneClusterImpl-04e0b60f-856d-418d-a8ab-4510f743737b/datanode-0/data/ratis/c339dd49-8a2f-486a-b29f-312c89fb8b67 was interrupted, exiting. There are 0 tasks remaining in the queue.
2019-07-30 23:29:35,672 INFO  segmented.SegmentedRaftLogWorker (SegmentedRaftLogWorker.java:close(228)) - 86a3b411-9919-4103-89a5-5a4a40c4080c-SegmentedRaftLogWorker:Storage Directory /workdir/hadoop-ozone/integration-test/target/test-dir/MiniOzoneClusterImpl-04e0b60f-856d-418d-a8ab-4510f743737b/datanode-0/data/ratis/c339dd49-8a2f-486a-b29f-312c89fb8b67 close()
2019-07-30 23:29:35,672 INFO  server.GrpcService (GrpcService.java:closeImpl(155)) - 86a3b411-9919-4103-89a5-5a4a40c4080c: shutdown server with port 44978 now
2019-07-30 23:29:35,674 INFO  utils.BackgroundService (BackgroundService.java:shutdown(148)) - Shutting down service BlockDeletingService
2019-07-30 23:29:35,676 INFO  server.GrpcService (GrpcService.java:closeImpl(163)) - 86a3b411-9919-4103-89a5-5a4a40c4080c: shutdown server with port 44978 successfully
2019-07-30 23:29:35,677 WARN  fs.CachingGetSpaceUsed (CachingGetSpaceUsed.java:run(183)) - Thread Interrupted waiting to refresh disk information: sleep interrupted
2019-07-30 23:29:35,680 INFO  utils.BackgroundService (BackgroundService.java:shutdown(148)) - Shutting down service BlockDeletingService
2019-07-30 23:29:35,683 WARN  fs.CachingGetSpaceUsed (CachingGetSpaceUsed.java:run(183)) - Thread Interrupted waiting to refresh disk information: sleep interrupted
2019-07-30 23:29:35,696 INFO  statemachine.DatanodeStateMachine (DatanodeStateMachine.java:stopDaemon(395)) - Ozone container server stopped.
2019-07-30 23:29:35,703 INFO  statemachine.DatanodeStateMachine (DatanodeStateMachine.java:stopDaemon(395)) - Ozone container server stopped.
2019-07-30 23:29:35,709 INFO  handler.ContextHandler (ContextHandler.java:doStop(910)) - Stopped o.e.j.w.WebAppContext@1626bddf{/,null,UNAVAILABLE}{/hddsDatanode}
2019-07-30 23:29:35,711 INFO  handler.ContextHandler (ContextHandler.java:doStop(910)) - Stopped o.e.j.w.WebAppContext@2969a9a6{/,null,UNAVAILABLE}{/hddsDatanode}
2019-07-30 23:29:35,711 INFO  server.AbstractConnector (AbstractConnector.java:doStop(318)) - Stopped ServerConnector@29532e91{HTTP/1.1,[http/1.1]}{0.0.0.0:0}
2019-07-30 23:29:35,712 INFO  server.AbstractConnector (AbstractConnector.java:doStop(318)) - Stopped ServerConnector@25470477{HTTP/1.1,[http/1.1]}{0.0.0.0:0}
2019-07-30 23:29:35,712 INFO  handler.ContextHandler (ContextHandler.java:doStop(910)) - Stopped o.e.j.s.ServletContextHandler@1feb586d{/static,jar:file:/home/user/.m2/repository/org/apache/hadoop/hadoop-hdds-container-service/0.4.1-SNAPSHOT/hadoop-hdds-container-service-0.4.1-SNAPSHOT.jar!/webapps/static,UNAVAILABLE}
2019-07-30 23:29:35,716 INFO  handler.ContextHandler (ContextHandler.java:doStop(910)) - Stopped o.e.j.s.ServletContextHandler@15ac02d5{/static,jar:file:/home/user/.m2/repository/org/apache/hadoop/hadoop-hdds-container-service/0.4.1-SNAPSHOT/hadoop-hdds-container-service-0.4.1-SNAPSHOT.jar!/webapps/static,UNAVAILABLE}
2019-07-30 23:29:35,716 INFO  handler.ContextHandler (ContextHandler.java:doStop(910)) - Stopped o.e.j.s.ServletContextHandler@7d95166a{/logs,file:///workdir/hadoop-ozone/integration-test/target/log,UNAVAILABLE}
2019-07-30 23:29:35,716 INFO  handler.ContextHandler (ContextHandler.java:doStop(910)) - Stopped o.e.j.s.ServletContextHandler@7c3c453b{/logs,file:///workdir/hadoop-ozone/integration-test/target/log,UNAVAILABLE}
2019-07-30 23:29:35,718 INFO  datanode.ObjectStoreHandler (ObjectStoreHandler.java:close(155)) - Closing ObjectStoreHandler.
2019-07-30 23:29:35,718 INFO  ozone.HddsDatanodeService (HddsDatanodeService.java:stop(451)) - Stopped plug-in org.apache.hadoop.ozone.web.OzoneHddsDatanodeService@5dce5c03
2019-07-30 23:29:36,337 INFO  statemachine.DatanodeStateMachine (DatanodeStateMachine.java:lambda$startDaemon$0(350)) - Ozone container server started.
2019-07-30 23:29:40,257 INFO  impl.FollowerState (FollowerState.java:run(106)) - aca150cc-fee0-4b79-9a6e-e087870480f7:group-C3F9DF7BB625 changes to CANDIDATE, lastRpcTime:9901, electionTimeout:5041ms
2019-07-30 23:29:40,257 INFO  impl.RoleInfo (RoleInfo.java:shutdownFollowerState(121)) - aca150cc-fee0-4b79-9a6e-e087870480f7: shutdown FollowerState
2019-07-30 23:29:40,257 INFO  impl.RaftServerImpl (RaftServerImpl.java:setRole(171)) - aca150cc-fee0-4b79-9a6e-e087870480f7:group-C3F9DF7BB625 changes role from FOLLOWER to CANDIDATE at term 1 for changeToCandidate
2019-07-30 23:29:40,257 INFO  impl.RoleInfo (RoleInfo.java:updateAndGet(143)) - aca150cc-fee0-4b79-9a6e-e087870480f7: start LeaderElection
2019-07-30 23:29:40,260 INFO  impl.RaftServerImpl (ServerState.java:setLeader(263)) - aca150cc-fee0-4b79-9a6e-e087870480f7:group-C3F9DF7BB625 change Leader from 0684775e-916d-4429-829d-be7e5ceb7429 to null at term 1 for initElection
2019-07-30 23:29:40,275 INFO  impl.LeaderElection (LeaderElection.java:askForVotes(181)) - aca150cc-fee0-4b79-9a6e-e087870480f7:group-C3F9DF7BB625:LeaderElection26: begin an election at term 2 for 0: [0684775e-916d-4429-829d-be7e5ceb7429:192.168.5.171:42551, aca150cc-fee0-4b79-9a6e-e087870480f7:192.168.5.171:37865, cca5e6ee-3bc4-4289-bd74-f62bf5c30f12:192.168.5.171:36419], old=null
2019-07-30 23:29:40,279 INFO  impl.LeaderElection (LogUtils.java:infoOrTrace(149)) - aca150cc-fee0-4b79-9a6e-e087870480f7:group-C3F9DF7BB625:LeaderElection26 got exception when requesting votes: {}
java.util.concurrent.ExecutionException: org.apache.ratis.thirdparty.io.grpc.StatusRuntimeException: UNAVAILABLE: io exception
	at java.util.concurrent.FutureTask.report(FutureTask.java:122)
	at java.util.concurrent.FutureTask.get(FutureTask.java:192)
	at org.apache.ratis.server.impl.LeaderElection.waitForResults(LeaderElection.java:262)
	at org.apache.ratis.server.impl.LeaderElection.askForVotes(LeaderElection.java:200)
	at org.apache.ratis.server.impl.LeaderElection.run(LeaderElection.java:130)
	at java.lang.Thread.run(Thread.java:748)
Caused by: org.apache.ratis.thirdparty.io.grpc.StatusRuntimeException: UNAVAILABLE: io exception
	at org.apache.ratis.thirdparty.io.grpc.stub.ClientCalls.toStatusRuntimeException(ClientCalls.java:233)
	at org.apache.ratis.thirdparty.io.grpc.stub.ClientCalls.getUnchecked(ClientCalls.java:214)
	at org.apache.ratis.thirdparty.io.grpc.stub.ClientCalls.blockingUnaryCall(ClientCalls.java:139)
	at org.apache.ratis.proto.grpc.RaftServerProtocolServiceGrpc$RaftServerProtocolServiceBlockingStub.requestVote(RaftServerProtocolServiceGrpc.java:265)
	at org.apache.ratis.grpc.server.GrpcServerProtocolClient.requestVote(GrpcServerProtocolClient.java:83)
	at org.apache.ratis.grpc.server.GrpcService.requestVote(GrpcService.java:195)
	at org.apache.ratis.server.impl.LeaderElection.lambda$submitRequests$1(LeaderElection.java:237)
	at java.util.concurrent.FutureTask.run(FutureTask.java:266)
	at java.util.concurrent.Executors$RunnableAdapter.call(Executors.java:511)
	at java.util.concurrent.FutureTask.run(FutureTask.java:266)
	at java.util.concurrent.ThreadPoolExecutor.runWorker(ThreadPoolExecutor.java:1149)
	at java.util.concurrent.ThreadPoolExecutor$Worker.run(ThreadPoolExecutor.java:624)
	... 1 more
Caused by: org.apache.ratis.thirdparty.io.netty.channel.AbstractChannel$AnnotatedConnectException: Connection refused: /192.168.5.171:36419
	at sun.nio.ch.SocketChannelImpl.checkConnect(Native Method)
	at sun.nio.ch.SocketChannelImpl.finishConnect(SocketChannelImpl.java:717)
	at org.apache.ratis.thirdparty.io.netty.channel.socket.nio.NioSocketChannel.doFinishConnect(NioSocketChannel.java:327)
	at org.apache.ratis.thirdparty.io.netty.channel.nio.AbstractNioChannel$AbstractNioUnsafe.finishConnect(AbstractNioChannel.java:340)
	at org.apache.ratis.thirdparty.io.netty.channel.nio.NioEventLoop.processSelectedKey(NioEventLoop.java:632)
	at org.apache.ratis.thirdparty.io.netty.channel.nio.NioEventLoop.processSelectedKeysOptimized(NioEventLoop.java:579)
	at org.apache.ratis.thirdparty.io.netty.channel.nio.NioEventLoop.processSelectedKeys(NioEventLoop.java:496)
	at org.apache.ratis.thirdparty.io.netty.channel.nio.NioEventLoop.run(NioEventLoop.java:458)
	at org.apache.ratis.thirdparty.io.netty.util.concurrent.SingleThreadEventExecutor$5.run(SingleThreadEventExecutor.java:897)
	at org.apache.ratis.thirdparty.io.netty.util.concurrent.FastThreadLocalRunnable.run(FastThreadLocalRunnable.java:30)
	... 1 more
Caused by: java.net.ConnectException: Connection refused
	... 11 more
2019-07-30 23:29:40,281 INFO  impl.LeaderElection (LogUtils.java:infoOrTrace(149)) - aca150cc-fee0-4b79-9a6e-e087870480f7:group-C3F9DF7BB625:LeaderElection26 got exception when requesting votes: {}
java.util.concurrent.ExecutionException: org.apache.ratis.thirdparty.io.grpc.StatusRuntimeException: UNAVAILABLE: io exception
	at java.util.concurrent.FutureTask.report(FutureTask.java:122)
	at java.util.concurrent.FutureTask.get(FutureTask.java:192)
	at org.apache.ratis.server.impl.LeaderElection.waitForResults(LeaderElection.java:262)
	at org.apache.ratis.server.impl.LeaderElection.askForVotes(LeaderElection.java:200)
	at org.apache.ratis.server.impl.LeaderElection.run(LeaderElection.java:130)
	at java.lang.Thread.run(Thread.java:748)
Caused by: org.apache.ratis.thirdparty.io.grpc.StatusRuntimeException: UNAVAILABLE: io exception
	at org.apache.ratis.thirdparty.io.grpc.stub.ClientCalls.toStatusRuntimeException(ClientCalls.java:233)
	at org.apache.ratis.thirdparty.io.grpc.stub.ClientCalls.getUnchecked(ClientCalls.java:214)
	at org.apache.ratis.thirdparty.io.grpc.stub.ClientCalls.blockingUnaryCall(ClientCalls.java:139)
	at org.apache.ratis.proto.grpc.RaftServerProtocolServiceGrpc$RaftServerProtocolServiceBlockingStub.requestVote(RaftServerProtocolServiceGrpc.java:265)
	at org.apache.ratis.grpc.server.GrpcServerProtocolClient.requestVote(GrpcServerProtocolClient.java:83)
	at org.apache.ratis.grpc.server.GrpcService.requestVote(GrpcService.java:195)
	at org.apache.ratis.server.impl.LeaderElection.lambda$submitRequests$1(LeaderElection.java:237)
	at java.util.concurrent.FutureTask.run(FutureTask.java:266)
	at java.util.concurrent.Executors$RunnableAdapter.call(Executors.java:511)
	at java.util.concurrent.FutureTask.run(FutureTask.java:266)
	at java.util.concurrent.ThreadPoolExecutor.runWorker(ThreadPoolExecutor.java:1149)
	at java.util.concurrent.ThreadPoolExecutor$Worker.run(ThreadPoolExecutor.java:624)
	... 1 more
Caused by: org.apache.ratis.thirdparty.io.netty.channel.AbstractChannel$AnnotatedConnectException: Connection refused: /192.168.5.171:42551
	at sun.nio.ch.SocketChannelImpl.checkConnect(Native Method)
	at sun.nio.ch.SocketChannelImpl.finishConnect(SocketChannelImpl.java:717)
	at org.apache.ratis.thirdparty.io.netty.channel.socket.nio.NioSocketChannel.doFinishConnect(NioSocketChannel.java:327)
	at org.apache.ratis.thirdparty.io.netty.channel.nio.AbstractNioChannel$AbstractNioUnsafe.finishConnect(AbstractNioChannel.java:340)
	at org.apache.ratis.thirdparty.io.netty.channel.nio.NioEventLoop.processSelectedKey(NioEventLoop.java:632)
	at org.apache.ratis.thirdparty.io.netty.channel.nio.NioEventLoop.processSelectedKeysOptimized(NioEventLoop.java:579)
	at org.apache.ratis.thirdparty.io.netty.channel.nio.NioEventLoop.processSelectedKeys(NioEventLoop.java:496)
	at org.apache.ratis.thirdparty.io.netty.channel.nio.NioEventLoop.run(NioEventLoop.java:458)
	at org.apache.ratis.thirdparty.io.netty.util.concurrent.SingleThreadEventExecutor$5.run(SingleThreadEventExecutor.java:897)
	at org.apache.ratis.thirdparty.io.netty.util.concurrent.FastThreadLocalRunnable.run(FastThreadLocalRunnable.java:30)
	... 1 more
Caused by: java.net.ConnectException: Connection refused
	... 11 more
2019-07-30 23:29:40,283 INFO  impl.LeaderElection (LeaderElection.java:logAndReturn(56)) - aca150cc-fee0-4b79-9a6e-e087870480f7:group-C3F9DF7BB625:LeaderElection26: Election REJECTED; received 0 response(s) [] and 2 exception(s); aca150cc-fee0-4b79-9a6e-e087870480f7:t2, leader=null, voted=aca150cc-fee0-4b79-9a6e-e087870480f7, raftlog=aca150cc-fee0-4b79-9a6e-e087870480f7-SegmentedRaftLog:OPENED:c8,f8,i8, conf=0: [0684775e-916d-4429-829d-be7e5ceb7429:192.168.5.171:42551, aca150cc-fee0-4b79-9a6e-e087870480f7:192.168.5.171:37865, cca5e6ee-3bc4-4289-bd74-f62bf5c30f12:192.168.5.171:36419], old=null
2019-07-30 23:29:40,283 INFO  impl.LeaderElection (LogUtils.java:infoOrTrace(149)) -   Exception 0: {}
java.util.concurrent.ExecutionException: org.apache.ratis.thirdparty.io.grpc.StatusRuntimeException: UNAVAILABLE: io exception
	at java.util.concurrent.FutureTask.report(FutureTask.java:122)
	at java.util.concurrent.FutureTask.get(FutureTask.java:192)
	at org.apache.ratis.server.impl.LeaderElection.waitForResults(LeaderElection.java:262)
	at org.apache.ratis.server.impl.LeaderElection.askForVotes(LeaderElection.java:200)
	at org.apache.ratis.server.impl.LeaderElection.run(LeaderElection.java:130)
	at java.lang.Thread.run(Thread.java:748)
Caused by: org.apache.ratis.thirdparty.io.grpc.StatusRuntimeException: UNAVAILABLE: io exception
	at org.apache.ratis.thirdparty.io.grpc.stub.ClientCalls.toStatusRuntimeException(ClientCalls.java:233)
	at org.apache.ratis.thirdparty.io.grpc.stub.ClientCalls.getUnchecked(ClientCalls.java:214)
	at org.apache.ratis.thirdparty.io.grpc.stub.ClientCalls.blockingUnaryCall(ClientCalls.java:139)
	at org.apache.ratis.proto.grpc.RaftServerProtocolServiceGrpc$RaftServerProtocolServiceBlockingStub.requestVote(RaftServerProtocolServiceGrpc.java:265)
	at org.apache.ratis.grpc.server.GrpcServerProtocolClient.requestVote(GrpcServerProtocolClient.java:83)
	at org.apache.ratis.grpc.server.GrpcService.requestVote(GrpcService.java:195)
	at org.apache.ratis.server.impl.LeaderElection.lambda$submitRequests$1(LeaderElection.java:237)
	at java.util.concurrent.FutureTask.run(FutureTask.java:266)
	at java.util.concurrent.Executors$RunnableAdapter.call(Executors.java:511)
	at java.util.concurrent.FutureTask.run(FutureTask.java:266)
	at java.util.concurrent.ThreadPoolExecutor.runWorker(ThreadPoolExecutor.java:1149)
	at java.util.concurrent.ThreadPoolExecutor$Worker.run(ThreadPoolExecutor.java:624)
	... 1 more
Caused by: org.apache.ratis.thirdparty.io.netty.channel.AbstractChannel$AnnotatedConnectException: Connection refused: /192.168.5.171:36419
	at sun.nio.ch.SocketChannelImpl.checkConnect(Native Method)
	at sun.nio.ch.SocketChannelImpl.finishConnect(SocketChannelImpl.java:717)
	at org.apache.ratis.thirdparty.io.netty.channel.socket.nio.NioSocketChannel.doFinishConnect(NioSocketChannel.java:327)
	at org.apache.ratis.thirdparty.io.netty.channel.nio.AbstractNioChannel$AbstractNioUnsafe.finishConnect(AbstractNioChannel.java:340)
	at org.apache.ratis.thirdparty.io.netty.channel.nio.NioEventLoop.processSelectedKey(NioEventLoop.java:632)
	at org.apache.ratis.thirdparty.io.netty.channel.nio.NioEventLoop.processSelectedKeysOptimized(NioEventLoop.java:579)
	at org.apache.ratis.thirdparty.io.netty.channel.nio.NioEventLoop.processSelectedKeys(NioEventLoop.java:496)
	at org.apache.ratis.thirdparty.io.netty.channel.nio.NioEventLoop.run(NioEventLoop.java:458)
	at org.apache.ratis.thirdparty.io.netty.util.concurrent.SingleThreadEventExecutor$5.run(SingleThreadEventExecutor.java:897)
	at org.apache.ratis.thirdparty.io.netty.util.concurrent.FastThreadLocalRunnable.run(FastThreadLocalRunnable.java:30)
	... 1 more
Caused by: java.net.ConnectException: Connection refused
	... 11 more
2019-07-30 23:29:40,283 INFO  impl.LeaderElection (LogUtils.java:infoOrTrace(149)) -   Exception 1: {}
java.util.concurrent.ExecutionException: org.apache.ratis.thirdparty.io.grpc.StatusRuntimeException: UNAVAILABLE: io exception
	at java.util.concurrent.FutureTask.report(FutureTask.java:122)
	at java.util.concurrent.FutureTask.get(FutureTask.java:192)
	at org.apache.ratis.server.impl.LeaderElection.waitForResults(LeaderElection.java:262)
	at org.apache.ratis.server.impl.LeaderElection.askForVotes(LeaderElection.java:200)
	at org.apache.ratis.server.impl.LeaderElection.run(LeaderElection.java:130)
	at java.lang.Thread.run(Thread.java:748)
Caused by: org.apache.ratis.thirdparty.io.grpc.StatusRuntimeException: UNAVAILABLE: io exception
	at org.apache.ratis.thirdparty.io.grpc.stub.ClientCalls.toStatusRuntimeException(ClientCalls.java:233)
	at org.apache.ratis.thirdparty.io.grpc.stub.ClientCalls.getUnchecked(ClientCalls.java:214)
	at org.apache.ratis.thirdparty.io.grpc.stub.ClientCalls.blockingUnaryCall(ClientCalls.java:139)
	at org.apache.ratis.proto.grpc.RaftServerProtocolServiceGrpc$RaftServerProtocolServiceBlockingStub.requestVote(RaftServerProtocolServiceGrpc.java:265)
	at org.apache.ratis.grpc.server.GrpcServerProtocolClient.requestVote(GrpcServerProtocolClient.java:83)
	at org.apache.ratis.grpc.server.GrpcService.requestVote(GrpcService.java:195)
	at org.apache.ratis.server.impl.LeaderElection.lambda$submitRequests$1(LeaderElection.java:237)
	at java.util.concurrent.FutureTask.run(FutureTask.java:266)
	at java.util.concurrent.Executors$RunnableAdapter.call(Executors.java:511)
	at java.util.concurrent.FutureTask.run(FutureTask.java:266)
	at java.util.concurrent.ThreadPoolExecutor.runWorker(ThreadPoolExecutor.java:1149)
	at java.util.concurrent.ThreadPoolExecutor$Worker.run(ThreadPoolExecutor.java:624)
	... 1 more
Caused by: org.apache.ratis.thirdparty.io.netty.channel.AbstractChannel$AnnotatedConnectException: Connection refused: /192.168.5.171:42551
	at sun.nio.ch.SocketChannelImpl.checkConnect(Native Method)
	at sun.nio.ch.SocketChannelImpl.finishConnect(SocketChannelImpl.java:717)
	at org.apache.ratis.thirdparty.io.netty.channel.socket.nio.NioSocketChannel.doFinishConnect(NioSocketChannel.java:327)
	at org.apache.ratis.thirdparty.io.netty.channel.nio.AbstractNioChannel$AbstractNioUnsafe.finishConnect(AbstractNioChannel.java:340)
	at org.apache.ratis.thirdparty.io.netty.channel.nio.NioEventLoop.processSelectedKey(NioEventLoop.java:632)
	at org.apache.ratis.thirdparty.io.netty.channel.nio.NioEventLoop.processSelectedKeysOptimized(NioEventLoop.java:579)
	at org.apache.ratis.thirdparty.io.netty.channel.nio.NioEventLoop.processSelectedKeys(NioEventLoop.java:496)
	at org.apache.ratis.thirdparty.io.netty.channel.nio.NioEventLoop.run(NioEventLoop.java:458)
	at org.apache.ratis.thirdparty.io.netty.util.concurrent.SingleThreadEventExecutor$5.run(SingleThreadEventExecutor.java:897)
	at org.apache.ratis.thirdparty.io.netty.util.concurrent.FastThreadLocalRunnable.run(FastThreadLocalRunnable.java:30)
	... 1 more
Caused by: java.net.ConnectException: Connection refused
	... 11 more
2019-07-30 23:29:40,284 INFO  impl.RaftServerImpl (RaftServerImpl.java:setRole(171)) - aca150cc-fee0-4b79-9a6e-e087870480f7:group-C3F9DF7BB625 changes role from CANDIDATE to FOLLOWER at term 2 for DISCOVERED_A_NEW_TERM
2019-07-30 23:29:40,284 INFO  impl.RoleInfo (RoleInfo.java:shutdownLeaderElection(134)) - aca150cc-fee0-4b79-9a6e-e087870480f7: shutdown LeaderElection
2019-07-30 23:29:40,284 INFO  impl.RoleInfo (RoleInfo.java:updateAndGet(143)) - aca150cc-fee0-4b79-9a6e-e087870480f7: start FollowerState
2019-07-30 23:29:40,720 INFO  ozoneimpl.OzoneContainer (OzoneContainer.java:stop(199)) - Attempting to stop container services.
2019-07-30 23:29:40,720 INFO  impl.RaftServerProxy (RaftServerProxy.java:lambda$close$4(314)) - aca150cc-fee0-4b79-9a6e-e087870480f7: close
2019-07-30 23:29:40,721 INFO  impl.RaftServerImpl (RaftServerImpl.java:lambda$shutdown$3(245)) - aca150cc-fee0-4b79-9a6e-e087870480f7: shutdown group-C38ED460CDF5
2019-07-30 23:29:40,721 INFO  impl.RaftServerImpl (RaftServerImpl.java:lambda$shutdown$3(245)) - aca150cc-fee0-4b79-9a6e-e087870480f7: shutdown group-C3F9DF7BB625
2019-07-30 23:29:40,722 INFO  util.JmxRegister (JmxRegister.java:unregister(73)) - Successfully un-registered JMX Bean with object name Ratis:service=RaftServer,group=group-C38ED460CDF5,id=aca150cc-fee0-4b79-9a6e-e087870480f7
2019-07-30 23:29:40,722 INFO  util.JmxRegister (JmxRegister.java:unregister(73)) - Successfully un-registered JMX Bean with object name Ratis:service=RaftServer,group=group-C3F9DF7BB625,id=aca150cc-fee0-4b79-9a6e-e087870480f7
2019-07-30 23:29:40,722 INFO  impl.RoleInfo (RoleInfo.java:shutdownLeaderState(104)) - aca150cc-fee0-4b79-9a6e-e087870480f7: shutdown LeaderState
2019-07-30 23:29:40,723 INFO  impl.RoleInfo (RoleInfo.java:shutdownFollowerState(121)) - aca150cc-fee0-4b79-9a6e-e087870480f7: shutdown FollowerState
2019-07-30 23:29:40,723 INFO  impl.PendingRequests (PendingRequests.java:sendNotLeaderResponses(202)) - aca150cc-fee0-4b79-9a6e-e087870480f7-PendingRequests: sendNotLeaderResponses
2019-07-30 23:29:40,723 INFO  impl.FollowerState (FollowerState.java:run(114)) - aca150cc-fee0-4b79-9a6e-e087870480f7: FollowerState was interrupted: java.lang.InterruptedException: sleep interrupted
2019-07-30 23:29:40,724 INFO  impl.StateMachineUpdater (StateMachineUpdater.java:stopAndJoin(115)) - StateMachineUpdater:aca150cc-fee0-4b79-9a6e-e087870480f7:group-C38ED460CDF5: set stopIndex = 0
2019-07-30 23:29:40,726 INFO  impl.RaftServerImpl (ServerState.java:close(394)) - aca150cc-fee0-4b79-9a6e-e087870480f7:group-C38ED460CDF5 closes. The last applied log index is 0
2019-07-30 23:29:40,723 INFO  ratis.ContainerStateMachine (ContainerStateMachine.java:takeSnapshot(262)) - group-C3F9DF7BB625: Taking a snapshot at:(t:1, i:5) file /workdir/hadoop-ozone/integration-test/target/test-dir/MiniOzoneClusterImpl-04e0b60f-856d-418d-a8ab-4510f743737b/datanode-5/data/ratis/2c6f3bc5-8b3c-4033-a5d8-c3f9df7bb625/sm/snapshot.1_5
2019-07-30 23:29:40,726 INFO  segmented.SegmentedRaftLogWorker (SegmentedRaftLogWorker.java:run(313)) - aca150cc-fee0-4b79-9a6e-e087870480f7-SegmentedRaftLogWorker:Storage Directory /workdir/hadoop-ozone/integration-test/target/test-dir/MiniOzoneClusterImpl-04e0b60f-856d-418d-a8ab-4510f743737b/datanode-5/data/ratis/c71021a5-3ebb-42c7-87d4-c38ed460cdf5 was interrupted, exiting. There are 0 tasks remaining in the queue.
2019-07-30 23:29:40,723 INFO  impl.StateMachineUpdater (StateMachineUpdater.java:stopAndJoin(115)) - StateMachineUpdater:aca150cc-fee0-4b79-9a6e-e087870480f7:group-C3F9DF7BB625: set stopIndex = 8
2019-07-30 23:29:40,730 INFO  segmented.SegmentedRaftLogWorker (SegmentedRaftLogWorker.java:close(228)) - aca150cc-fee0-4b79-9a6e-e087870480f7-SegmentedRaftLogWorker:Storage Directory /workdir/hadoop-ozone/integration-test/target/test-dir/MiniOzoneClusterImpl-04e0b60f-856d-418d-a8ab-4510f743737b/datanode-5/data/ratis/c71021a5-3ebb-42c7-87d4-c38ed460cdf5 close()
2019-07-30 23:29:40,730 INFO  ratis.ContainerStateMachine (ContainerStateMachine.java:takeSnapshot(273)) - group-C3F9DF7BB625: Finished taking a snapshot at:(t:1, i:5) file:/workdir/hadoop-ozone/integration-test/target/test-dir/MiniOzoneClusterImpl-04e0b60f-856d-418d-a8ab-4510f743737b/datanode-5/data/ratis/2c6f3bc5-8b3c-4033-a5d8-c3f9df7bb625/sm/snapshot.1_5 time:7
2019-07-30 23:29:40,730 INFO  impl.StateMachineUpdater (StateMachineUpdater.java:takeSnapshot(242)) - StateMachineUpdater:aca150cc-fee0-4b79-9a6e-e087870480f7:group-C3F9DF7BB625: Took a snapshot at index 5
2019-07-30 23:29:40,731 INFO  impl.StateMachineUpdater (StateMachineUpdater.java:lambda$new$0(80)) - StateMachineUpdater:aca150cc-fee0-4b79-9a6e-e087870480f7:group-C3F9DF7BB625: snapshotIndex: updateIncreasingly -1 -> 5
2019-07-30 23:29:40,731 INFO  impl.RaftServerImpl (ServerState.java:close(394)) - aca150cc-fee0-4b79-9a6e-e087870480f7:group-C3F9DF7BB625 closes. The last applied log index is 8
2019-07-30 23:29:40,732 INFO  segmented.SegmentedRaftLogWorker (SegmentedRaftLogWorker.java:run(313)) - aca150cc-fee0-4b79-9a6e-e087870480f7-SegmentedRaftLogWorker:Storage Directory /workdir/hadoop-ozone/integration-test/target/test-dir/MiniOzoneClusterImpl-04e0b60f-856d-418d-a8ab-4510f743737b/datanode-5/data/ratis/2c6f3bc5-8b3c-4033-a5d8-c3f9df7bb625 was interrupted, exiting. There are 0 tasks remaining in the queue.
2019-07-30 23:29:40,732 INFO  segmented.SegmentedRaftLogWorker (SegmentedRaftLogWorker.java:close(228)) - aca150cc-fee0-4b79-9a6e-e087870480f7-SegmentedRaftLogWorker:Storage Directory /workdir/hadoop-ozone/integration-test/target/test-dir/MiniOzoneClusterImpl-04e0b60f-856d-418d-a8ab-4510f743737b/datanode-5/data/ratis/2c6f3bc5-8b3c-4033-a5d8-c3f9df7bb625 close()
2019-07-30 23:29:40,732 INFO  server.GrpcService (GrpcService.java:closeImpl(155)) - aca150cc-fee0-4b79-9a6e-e087870480f7: shutdown server with port 37865 now
2019-07-30 23:29:40,735 INFO  server.GrpcService (GrpcService.java:closeImpl(163)) - aca150cc-fee0-4b79-9a6e-e087870480f7: shutdown server with port 37865 successfully
2019-07-30 23:29:40,737 INFO  utils.BackgroundService (BackgroundService.java:shutdown(148)) - Shutting down service BlockDeletingService
2019-07-30 23:29:40,739 WARN  fs.CachingGetSpaceUsed (CachingGetSpaceUsed.java:run(183)) - Thread Interrupted waiting to refresh disk information: sleep interrupted
2019-07-30 23:29:40,756 INFO  statemachine.DatanodeStateMachine (DatanodeStateMachine.java:stopDaemon(395)) - Ozone container server stopped.
2019-07-30 23:29:40,760 INFO  handler.ContextHandler (ContextHandler.java:doStop(910)) - Stopped o.e.j.w.WebAppContext@3c87e851{/,null,UNAVAILABLE}{/hddsDatanode}
2019-07-30 23:29:40,762 INFO  server.AbstractConnector (AbstractConnector.java:doStop(318)) - Stopped ServerConnector@54556723{HTTP/1.1,[http/1.1]}{0.0.0.0:0}
2019-07-30 23:29:40,762 INFO  handler.ContextHandler (ContextHandler.java:doStop(910)) - Stopped o.e.j.s.ServletContextHandler@13404f75{/static,jar:file:/home/user/.m2/repository/org/apache/hadoop/hadoop-hdds-container-service/0.4.1-SNAPSHOT/hadoop-hdds-container-service-0.4.1-SNAPSHOT.jar!/webapps/static,UNAVAILABLE}
2019-07-30 23:29:40,763 INFO  handler.ContextHandler (ContextHandler.java:doStop(910)) - Stopped o.e.j.s.ServletContextHandler@66314fee{/logs,file:///workdir/hadoop-ozone/integration-test/target/log,UNAVAILABLE}
2019-07-30 23:29:40,764 INFO  ozone.MiniOzoneClusterImpl (MiniOzoneClusterImpl.java:stop(353)) - Stopping the StorageContainerManager
2019-07-30 23:29:40,765 INFO  server.StorageContainerManager (StorageContainerManager.java:stop(796)) - Stopping Replication Manager Service.
2019-07-30 23:29:40,765 INFO  container.ReplicationManager (ReplicationManager.java:stop(187)) - Stopping Replication Monitor Thread.
2019-07-30 23:29:40,765 INFO  server.StorageContainerManager (StorageContainerManager.java:stop(803)) - Stopping Lease Manager of the command watchers
2019-07-30 23:29:40,765 INFO  server.StorageContainerManager (StorageContainerManager.java:stop(810)) - Stopping datanode service RPC server
2019-07-30 23:29:40,766 INFO  server.SCMDatanodeProtocolServer (SCMDatanodeProtocolServer.java:stop(367)) - Stopping the RPC server for DataNodes
2019-07-30 23:29:40,766 INFO  ipc.Server (Server.java:stop(3082)) - Stopping server on 37024
2019-07-30 23:29:40,769 INFO  ipc.Server (Server.java:run(1185)) - Stopping IPC Server listener on 37024
2019-07-30 23:29:40,769 INFO  ipc.Server (Server.java:run(1319)) - Stopping IPC Server Responder
2019-07-30 23:29:40,836 WARN  node.NodeStateManager (NodeStateManager.java:scheduleNextHealthCheck(631)) - Current Thread is interrupted, shutting down HB processing thread for Node Manager.
2019-07-30 23:29:40,836 INFO  server.StorageContainerManager (StorageContainerManager.java:stop(818)) - Stopping block service RPC server
2019-07-30 23:29:40,836 INFO  server.SCMBlockProtocolServer (SCMBlockProtocolServer.java:stop(148)) - Stopping the RPC server for Block Protocol
2019-07-30 23:29:40,836 INFO  ipc.Server (Server.java:stop(3082)) - Stopping server on 44860
2019-07-30 23:29:40,839 INFO  ipc.Server (Server.java:run(1185)) - Stopping IPC Server listener on 44860
2019-07-30 23:29:40,839 INFO  server.StorageContainerManager (StorageContainerManager.java:stop(825)) - Stopping the StorageContainerLocationProtocol RPC server
2019-07-30 23:29:40,840 INFO  ipc.Server (Server.java:run(1319)) - Stopping IPC Server Responder
2019-07-30 23:29:40,841 INFO  server.SCMClientProtocolServer (SCMClientProtocolServer.java:stop(159)) - Stopping the RPC server for Client Protocol
2019-07-30 23:29:40,841 INFO  ipc.Server (Server.java:stop(3082)) - Stopping server on 41346
2019-07-30 23:29:40,843 INFO  server.StorageContainerManager (StorageContainerManager.java:stop(832)) - Stopping Storage Container Manager HTTP server.
2019-07-30 23:29:40,843 INFO  ipc.Server (Server.java:run(1185)) - Stopping IPC Server listener on 41346
2019-07-30 23:29:40,843 INFO  ipc.Server (Server.java:run(1319)) - Stopping IPC Server Responder
2019-07-30 23:29:40,846 INFO  handler.ContextHandler (ContextHandler.java:doStop(910)) - Stopped o.e.j.w.WebAppContext@7e2bc2f4{/,null,UNAVAILABLE}{/scm}
2019-07-30 23:29:40,847 INFO  server.AbstractConnector (AbstractConnector.java:doStop(318)) - Stopped ServerConnector@67eeb310{HTTP/1.1,[http/1.1]}{0.0.0.0:0}
2019-07-30 23:29:40,847 INFO  handler.ContextHandler (ContextHandler.java:doStop(910)) - Stopped o.e.j.s.ServletContextHandler@1426370c{/static,file:///workdir/hadoop-ozone/integration-test/target/test-classes/webapps/static,UNAVAILABLE}
2019-07-30 23:29:40,848 INFO  handler.ContextHandler (ContextHandler.java:doStop(910)) - Stopped o.e.j.s.ServletContextHandler@54be6213{/logs,file:///workdir/hadoop-ozone/integration-test/target/log,UNAVAILABLE}
2019-07-30 23:29:40,849 INFO  server.StorageContainerManager (StorageContainerManager.java:stop(843)) - Stopping Block Manager Service.
2019-07-30 23:29:40,850 INFO  utils.BackgroundService (BackgroundService.java:shutdown(148)) - Shutting down service SCMBlockDeletingService
2019-07-30 23:29:40,850 INFO  utils.BackgroundService (BackgroundService.java:shutdown(148)) - Shutting down service SCMBlockDeletingService
2019-07-30 23:29:40,851 INFO  server.StorageContainerManager (StorageContainerManager.java:stop(865)) - Stopping SCM Event Queue.
2019-07-30 23:29:40,855 INFO  impl.MetricsSystemImpl (MetricsSystemImpl.java:stop(210)) - Stopping HddsDatanode metrics system...
2019-07-30 23:29:40,862 INFO  impl.MetricsSystemImpl (MetricsSystemImpl.java:stop(216)) - HddsDatanode metrics system stopped.
]]></system-out>
    <system-err><![CDATA[Jul 30, 2019 11:29:09 PM com.sun.jersey.server.impl.application.WebApplicationImpl _initiate
INFO: Initiating Jersey application, version 'Jersey: 1.19 02/11/2015 03:25 AM'
Jul 30, 2019 11:29:09 PM com.sun.jersey.server.impl.application.WebApplicationImpl _initiate
INFO: Initiating Jersey application, version 'Jersey: 1.19 02/11/2015 03:25 AM'
Jul 30, 2019 11:29:09 PM com.sun.jersey.server.impl.application.WebApplicationImpl _initiate
INFO: Initiating Jersey application, version 'Jersey: 1.19 02/11/2015 03:25 AM'
Jul 30, 2019 11:29:09 PM com.sun.jersey.server.impl.application.WebApplicationImpl _initiate
INFO: Initiating Jersey application, version 'Jersey: 1.19 02/11/2015 03:25 AM'
Jul 30, 2019 11:29:10 PM com.sun.jersey.server.impl.application.WebApplicationImpl _initiate
INFO: Initiating Jersey application, version 'Jersey: 1.19 02/11/2015 03:25 AM'
Jul 30, 2019 11:29:10 PM com.sun.jersey.server.impl.application.WebApplicationImpl _initiate
INFO: Initiating Jersey application, version 'Jersey: 1.19 02/11/2015 03:25 AM'
Jul 30, 2019 11:29:10 PM com.sun.jersey.server.impl.application.WebApplicationImpl _initiate
INFO: Initiating Jersey application, version 'Jersey: 1.19 02/11/2015 03:25 AM'
]]></system-err>
  </testcase>
</testsuite>