<?xml version="1.0" encoding="UTF-8"?>
<testsuite xmlns:xsi="http://www.w3.org/2001/XMLSchema-instance" xsi:noNamespaceSchemaLocation="https://maven.apache.org/surefire/maven-surefire-plugin/xsd/surefire-test-report.xsd" name="org.apache.hadoop.ozone.TestStorageContainerManager" time="505.508" tests="9" errors="1" skipped="0" failures="0">
  <properties>
    <property name="awt.toolkit" value="sun.awt.X11.XToolkit"/>
    <property name="file.encoding.pkg" value="sun.io"/>
    <property name="java.specification.version" value="1.8"/>
    <property name="sun.cpu.isalist" value=""/>
    <property name="sun.jnu.encoding" value="UTF-8"/>
    <property name="java.class.path" value="/workdir/hadoop-ozone/integration-test/target/test-classes:/workdir/hadoop-ozone/integration-test/target/classes:/home/user/.m2/repository/org/apache/hadoop/hadoop-ozone-common/0.5.0-SNAPSHOT/hadoop-ozone-common-0.5.0-SNAPSHOT.jar:/home/user/.m2/repository/org/apache/commons/commons-compress/1.4.1/commons-compress-1.4.1.jar:/home/user/.m2/repository/org/tukaani/xz/1.0/xz-1.0.jar:/home/user/.m2/repository/org/apache/hadoop/hadoop-common/3.2.0/hadoop-common-3.2.0.jar:/home/user/.m2/repository/org/apache/hadoop/hadoop-hdfs/3.2.0/hadoop-hdfs-3.2.0.jar:/home/user/.m2/repository/org/apache/hadoop/hadoop-hdfs-client/3.2.0/hadoop-hdfs-client-3.2.0.jar:/home/user/.m2/repository/com/fasterxml/jackson/core/jackson-annotations/2.9.9/jackson-annotations-2.9.9.jar:/home/user/.m2/repository/org/apache/hadoop/hadoop-hdds-common/0.5.0-SNAPSHOT/hadoop-hdds-common-0.5.0-SNAPSHOT.jar:/home/user/.m2/repository/javax/annotation/javax.annotation-api/1.2/javax.annotation-api-1.2.jar:/home/user/.m2/repository/org/apache/ratis/ratis-server/0.4.0/ratis-server-0.4.0.jar:/home/user/.m2/repository/org/apache/ratis/ratis-thirdparty-misc/0.2.0/ratis-thirdparty-misc-0.2.0.jar:/home/user/.m2/repository/org/apache/ratis/ratis-proto/0.4.0/ratis-proto-0.4.0.jar:/home/user/.m2/repository/org/apache/ratis/ratis-common/0.4.0/ratis-common-0.4.0.jar:/home/user/.m2/repository/org/apache/ratis/ratis-client/0.4.0/ratis-client-0.4.0.jar:/home/user/.m2/repository/org/apache/ratis/ratis-metrics/0.4.0/ratis-metrics-0.4.0.jar:/home/user/.m2/repository/com/github/joshelser/dropwizard-metrics-hadoop-metrics2-reporter/0.1.2/dropwizard-metrics-hadoop-metrics2-reporter-0.1.2.jar:/home/user/.m2/repository/io/dropwizard/metrics/metrics-jvm/3.2.5/metrics-jvm-3.2.5.jar:/home/user/.m2/repository/io/dropwizard/metrics/metrics-ganglia/3.2.5/metrics-ganglia-3.2.5.jar:/home/user/.m2/repository/info/ganglia/gmetric4j/gmetric4j/1.0.7/gmetric4j-1.0.7.jar:/home/user/.m2/repository/org/apache/ratis/ratis-netty/0.4.0/ratis-netty-0.4.0.jar:/home/user/.m2/repository/org/apache/ratis/ratis-grpc/0.4.0/ratis-grpc-0.4.0.jar:/home/user/.m2/repository/org/rocksdb/rocksdbjni/6.0.1/rocksdbjni-6.0.1.jar:/home/user/.m2/repository/org/apache/logging/log4j/log4j-api/2.11.0/log4j-api-2.11.0.jar:/home/user/.m2/repository/org/apache/logging/log4j/log4j-core/2.11.0/log4j-core-2.11.0.jar:/home/user/.m2/repository/com/lmax/disruptor/3.4.2/disruptor-3.4.2.jar:/home/user/.m2/repository/org/apache/commons/commons-pool2/2.6.0/commons-pool2-2.6.0.jar:/home/user/.m2/repository/org/bouncycastle/bcpkix-jdk15on/1.60/bcpkix-jdk15on-1.60.jar:/home/user/.m2/repository/commons-validator/commons-validator/1.6/commons-validator-1.6.jar:/home/user/.m2/repository/commons-digester/commons-digester/1.8.1/commons-digester-1.8.1.jar:/home/user/.m2/repository/io/jaegertracing/jaeger-client/0.34.0/jaeger-client-0.34.0.jar:/home/user/.m2/repository/io/jaegertracing/jaeger-thrift/0.34.0/jaeger-thrift-0.34.0.jar:/home/user/.m2/repository/org/apache/thrift/libthrift/0.12.0/libthrift-0.12.0.jar:/home/user/.m2/repository/com/squareup/okhttp3/okhttp/3.9.0/okhttp-3.9.0.jar:/home/user/.m2/repository/com/squareup/okio/okio/1.13.0/okio-1.13.0.jar:/home/user/.m2/repository/io/jaegertracing/jaeger-core/0.34.0/jaeger-core-0.34.0.jar:/home/user/.m2/repository/io/jaegertracing/jaeger-tracerresolver/0.34.0/jaeger-tracerresolver-0.34.0.jar:/home/user/.m2/repository/io/opentracing/contrib/opentracing-tracerresolver/0.1.5/opentracing-tracerresolver-0.1.5.jar:/home/user/.m2/repository/io/opentracing/opentracing-util/0.31.0/opentracing-util-0.31.0.jar:/home/user/.m2/repository/io/opentracing/opentracing-api/0.31.0/opentracing-api-0.31.0.jar:/home/user/.m2/repository/io/opentracing/opentracing-noop/0.31.0/opentracing-noop-0.31.0.jar:/home/user/.m2/repository/org/apache/hadoop/hadoop-hdds-server-framework/0.5.0-SNAPSHOT/hadoop-hdds-server-framework-0.5.0-SNAPSHOT.jar:/home/user/.m2/repository/org/apache/hadoop/hadoop-hdds-container-service/0.5.0-SNAPSHOT/hadoop-hdds-container-service-0.5.0-SNAPSHOT.jar:/home/user/.m2/repository/org/apache/hadoop/hadoop-hdds-client/0.5.0-SNAPSHOT/hadoop-hdds-client-0.5.0-SNAPSHOT.jar:/home/user/.m2/repository/org/apache/hadoop/hadoop-hdds-tools/0.5.0-SNAPSHOT/hadoop-hdds-tools-0.5.0-SNAPSHOT.jar:/home/user/.m2/repository/org/apache/hadoop/hadoop-hdds-server-scm/0.5.0-SNAPSHOT/hadoop-hdds-server-scm-0.5.0-SNAPSHOT.jar:/home/user/.m2/repository/org/apache/hadoop/hadoop-hdds-docs/0.5.0-SNAPSHOT/hadoop-hdds-docs-0.5.0-SNAPSHOT.jar:/home/user/.m2/repository/io/dropwizard/metrics/metrics-core/3.2.4/metrics-core-3.2.4.jar:/home/user/.m2/repository/org/hamcrest/hamcrest-all/1.3/hamcrest-all-1.3.jar:/home/user/.m2/repository/org/bouncycastle/bcprov-jdk15on/1.60/bcprov-jdk15on-1.60.jar:/home/user/.m2/repository/info/picocli/picocli/3.9.6/picocli-3.9.6.jar:/home/user/.m2/repository/com/google/protobuf/protobuf-java/2.5.0/protobuf-java-2.5.0.jar:/home/user/.m2/repository/com/google/guava/guava/11.0.2/guava-11.0.2.jar:/home/user/.m2/repository/org/apache/hadoop/hadoop-ozone-ozone-manager/0.5.0-SNAPSHOT/hadoop-ozone-ozone-manager-0.5.0-SNAPSHOT.jar:/home/user/.m2/repository/org/apache/hadoop/hadoop-minikdc/3.2.0/hadoop-minikdc-3.2.0.jar:/home/user/.m2/repository/commons-io/commons-io/2.5/commons-io-2.5.jar:/home/user/.m2/repository/org/apache/kerby/kerb-simplekdc/1.0.1/kerb-simplekdc-1.0.1.jar:/home/user/.m2/repository/org/apache/kerby/kerb-client/1.0.1/kerb-client-1.0.1.jar:/home/user/.m2/repository/org/apache/kerby/kerby-config/1.0.1/kerby-config-1.0.1.jar:/home/user/.m2/repository/org/apache/kerby/kerb-core/1.0.1/kerb-core-1.0.1.jar:/home/user/.m2/repository/org/apache/kerby/kerby-pkix/1.0.1/kerby-pkix-1.0.1.jar:/home/user/.m2/repository/org/apache/kerby/kerby-asn1/1.0.1/kerby-asn1-1.0.1.jar:/home/user/.m2/repository/org/apache/kerby/kerby-util/1.0.1/kerby-util-1.0.1.jar:/home/user/.m2/repository/org/apache/kerby/kerb-common/1.0.1/kerb-common-1.0.1.jar:/home/user/.m2/repository/org/apache/kerby/kerb-crypto/1.0.1/kerb-crypto-1.0.1.jar:/home/user/.m2/repository/org/apache/kerby/kerb-util/1.0.1/kerb-util-1.0.1.jar:/home/user/.m2/repository/org/apache/kerby/token-provider/1.0.1/token-provider-1.0.1.jar:/home/user/.m2/repository/org/apache/kerby/kerb-admin/1.0.1/kerb-admin-1.0.1.jar:/home/user/.m2/repository/org/apache/kerby/kerb-server/1.0.1/kerb-server-1.0.1.jar:/home/user/.m2/repository/org/apache/kerby/kerb-identity/1.0.1/kerb-identity-1.0.1.jar:/home/user/.m2/repository/org/apache/kerby/kerby-xdr/1.0.1/kerby-xdr-1.0.1.jar:/home/user/.m2/repository/org/slf4j/slf4j-log4j12/1.7.25/slf4j-log4j12-1.7.25.jar:/home/user/.m2/repository/org/apache/hadoop/hadoop-ozone-s3gateway/0.5.0-SNAPSHOT/hadoop-ozone-s3gateway-0.5.0-SNAPSHOT.jar:/home/user/.m2/repository/org/jboss/weld/servlet/weld-servlet/2.4.7.Final/weld-servlet-2.4.7.Final.jar:/home/user/.m2/repository/org/glassfish/jersey/containers/jersey-container-servlet-core/2.27/jersey-container-servlet-core-2.27.jar:/home/user/.m2/repository/org/glassfish/hk2/external/javax.inject/2.5.0-b42/javax.inject-2.5.0-b42.jar:/home/user/.m2/repository/org/glassfish/jersey/core/jersey-common/2.27/jersey-common-2.27.jar:/home/user/.m2/repository/org/glassfish/hk2/osgi-resource-locator/1.0.1/osgi-resource-locator-1.0.1.jar:/home/user/.m2/repository/javax/ws/rs/javax.ws.rs-api/2.1/javax.ws.rs-api-2.1.jar:/home/user/.m2/repository/org/glassfish/jersey/ext/cdi/jersey-cdi1x/2.27/jersey-cdi1x-2.27.jar:/home/user/.m2/repository/org/glassfish/jersey/inject/jersey-hk2/2.27/jersey-hk2-2.27.jar:/home/user/.m2/repository/org/glassfish/hk2/hk2-locator/2.5.0-b42/hk2-locator-2.5.0-b42.jar:/home/user/.m2/repository/org/javassist/javassist/3.22.0-CR2/javassist-3.22.0-CR2.jar:/home/user/.m2/repository/org/glassfish/hk2/hk2-api/2.5.0/hk2-api-2.5.0.jar:/home/user/.m2/repository/org/glassfish/hk2/external/jakarta.inject/2.5.0/jakarta.inject-2.5.0.jar:/home/user/.m2/repository/org/glassfish/hk2/hk2-utils/2.5.0/hk2-utils-2.5.0.jar:/home/user/.m2/repository/jakarta/annotation/jakarta.annotation-api/1.3.4/jakarta.annotation-api-1.3.4.jar:/home/user/.m2/repository/org/glassfish/hk2/external/aopalliance-repackaged/2.5.0/aopalliance-repackaged-2.5.0.jar:/home/user/.m2/repository/com/fasterxml/jackson/dataformat/jackson-dataformat-xml/2.9.0/jackson-dataformat-xml-2.9.0.jar:/home/user/.m2/repository/com/fasterxml/jackson/core/jackson-core/2.9.9/jackson-core-2.9.9.jar:/home/user/.m2/repository/com/fasterxml/jackson/module/jackson-module-jaxb-annotations/2.9.9/jackson-module-jaxb-annotations-2.9.9.jar:/home/user/.m2/repository/javax/enterprise/cdi-api/1.2/cdi-api-1.2.jar:/home/user/.m2/repository/javax/el/javax.el-api/3.0.0/javax.el-api-3.0.0.jar:/home/user/.m2/repository/javax/interceptor/javax.interceptor-api/1.2/javax.interceptor-api-1.2.jar:/home/user/.m2/repository/javax/inject/javax.inject/1/javax.inject-1.jar:/home/user/.m2/repository/com/sun/xml/bind/jaxb-impl/2.3.0.1/jaxb-impl-2.3.0.1.jar:/home/user/.m2/repository/com/sun/xml/bind/jaxb-core/2.3.0.1/jaxb-core-2.3.0.1.jar:/home/user/.m2/repository/javax/xml/bind/jaxb-api/2.3.0/jaxb-api-2.3.0.jar:/home/user/.m2/repository/javax/activation/activation/1.1.1/activation-1.1.1.jar:/home/user/.m2/repository/org/apache/hadoop/hadoop-ozone-csi/0.5.0-SNAPSHOT/hadoop-ozone-csi-0.5.0-SNAPSHOT.jar:/home/user/.m2/repository/com/google/protobuf/protobuf-java-util/3.5.1/protobuf-java-util-3.5.1.jar:/home/user/.m2/repository/org/apache/hadoop/hadoop-hdds-config/0.5.0-SNAPSHOT/hadoop-hdds-config-0.5.0-SNAPSHOT.jar:/home/user/.m2/repository/io/grpc/grpc-netty/1.17.1/grpc-netty-1.17.1.jar:/home/user/.m2/repository/io/grpc/grpc-core/1.17.1/grpc-core-1.17.1.jar:/home/user/.m2/repository/io/grpc/grpc-context/1.17.1/grpc-context-1.17.1.jar:/home/user/.m2/repository/com/google/errorprone/error_prone_annotations/2.2.0/error_prone_annotations-2.2.0.jar:/home/user/.m2/repository/org/codehaus/mojo/animal-sniffer-annotations/1.17/animal-sniffer-annotations-1.17.jar:/home/user/.m2/repository/io/opencensus/opencensus-api/0.17.0/opencensus-api-0.17.0.jar:/home/user/.m2/repository/io/opencensus/opencensus-contrib-grpc-metrics/0.17.0/opencensus-contrib-grpc-metrics-0.17.0.jar:/home/user/.m2/repository/io/netty/netty-codec-http2/4.1.30.Final/netty-codec-http2-4.1.30.Final.jar:/home/user/.m2/repository/io/netty/netty-codec-http/4.1.30.Final/netty-codec-http-4.1.30.Final.jar:/home/user/.m2/repository/io/netty/netty-codec/4.1.30.Final/netty-codec-4.1.30.Final.jar:/home/user/.m2/repository/io/netty/netty-handler/4.1.30.Final/netty-handler-4.1.30.Final.jar:/home/user/.m2/repository/io/netty/netty-handler-proxy/4.1.30.Final/netty-handler-proxy-4.1.30.Final.jar:/home/user/.m2/repository/io/netty/netty-codec-socks/4.1.30.Final/netty-codec-socks-4.1.30.Final.jar:/home/user/.m2/repository/io/netty/netty-transport-native-epoll/4.1.30.Final/netty-transport-native-epoll-4.1.30.Final.jar:/home/user/.m2/repository/io/netty/netty-common/4.1.30.Final/netty-common-4.1.30.Final.jar:/home/user/.m2/repository/io/netty/netty-buffer/4.1.30.Final/netty-buffer-4.1.30.Final.jar:/home/user/.m2/repository/io/netty/netty-transport/4.1.30.Final/netty-transport-4.1.30.Final.jar:/home/user/.m2/repository/io/netty/netty-resolver/4.1.30.Final/netty-resolver-4.1.30.Final.jar:/home/user/.m2/repository/io/netty/netty-transport-native-unix-common/4.1.30.Final/netty-transport-native-unix-common-4.1.30.Final.jar:/home/user/.m2/repository/io/grpc/grpc-protobuf/1.17.1/grpc-protobuf-1.17.1.jar:/home/user/.m2/repository/com/google/api/grpc/proto-google-common-protos/1.0.0/proto-google-common-protos-1.0.0.jar:/home/user/.m2/repository/io/grpc/grpc-protobuf-lite/1.17.1/grpc-protobuf-lite-1.17.1.jar:/home/user/.m2/repository/io/grpc/grpc-stub/1.17.1/grpc-stub-1.17.1.jar:/home/user/.m2/repository/org/apache/hadoop/hadoop-ozone-recon/0.5.0-SNAPSHOT/hadoop-ozone-recon-0.5.0-SNAPSHOT.jar:/home/user/.m2/repository/org/apache/hadoop/hadoop-ozone-reconcodegen/0.5.0-SNAPSHOT/hadoop-ozone-reconcodegen-0.5.0-SNAPSHOT.jar:/home/user/.m2/repository/com/google/inject/extensions/guice-multibindings/4.0/guice-multibindings-4.0.jar:/home/user/.m2/repository/com/google/inject/guice/4.0/guice-4.0.jar:/home/user/.m2/repository/aopalliance/aopalliance/1.0/aopalliance-1.0.jar:/home/user/.m2/repository/com/google/inject/extensions/guice-servlet/4.0/guice-servlet-4.0.jar:/home/user/.m2/repository/org/glassfish/jersey/containers/jersey-container-servlet/2.27/jersey-container-servlet-2.27.jar:/home/user/.m2/repository/org/glassfish/hk2/guice-bridge/2.5.0/guice-bridge-2.5.0.jar:/home/user/.m2/repository/org/glassfish/jersey/core/jersey-server/2.27/jersey-server-2.27.jar:/home/user/.m2/repository/org/glassfish/jersey/core/jersey-client/2.27/jersey-client-2.27.jar:/home/user/.m2/repository/org/glassfish/jersey/media/jersey-media-jaxb/2.27/jersey-media-jaxb-2.27.jar:/home/user/.m2/repository/javax/validation/validation-api/1.1.0.Final/validation-api-1.1.0.Final.jar:/home/user/.m2/repository/org/glassfish/jersey/media/jersey-media-json-jackson/2.27/jersey-media-json-jackson-2.27.jar:/home/user/.m2/repository/org/glassfish/jersey/ext/jersey-entity-filtering/2.27/jersey-entity-filtering-2.27.jar:/home/user/.m2/repository/com/google/inject/extensions/guice-assistedinject/4.0/guice-assistedinject-4.0.jar:/home/user/.m2/repository/org/jooq/jooq/3.11.10/jooq-3.11.10.jar:/home/user/.m2/repository/org/jooq/jooq-meta/3.11.10/jooq-meta-3.11.10.jar:/home/user/.m2/repository/org/jooq/jooq-codegen/3.11.10/jooq-codegen-3.11.10.jar:/home/user/.m2/repository/com/jolbox/bonecp/0.8.0.RELEASE/bonecp-0.8.0.RELEASE.jar:/home/user/.m2/repository/org/xerial/sqlite-jdbc/3.25.2/sqlite-jdbc-3.25.2.jar:/home/user/.m2/repository/org/springframework/spring-jdbc/5.1.3.RELEASE/spring-jdbc-5.1.3.RELEASE.jar:/home/user/.m2/repository/org/springframework/spring-beans/5.1.3.RELEASE/spring-beans-5.1.3.RELEASE.jar:/home/user/.m2/repository/org/springframework/spring-core/5.1.3.RELEASE/spring-core-5.1.3.RELEASE.jar:/home/user/.m2/repository/org/springframework/spring-jcl/5.1.3.RELEASE/spring-jcl-5.1.3.RELEASE.jar:/home/user/.m2/repository/org/springframework/spring-tx/5.1.3.RELEASE/spring-tx-5.1.3.RELEASE.jar:/home/user/.m2/repository/org/apache/hadoop/hadoop-ozone-client/0.5.0-SNAPSHOT/hadoop-ozone-client-0.5.0-SNAPSHOT.jar:/home/user/.m2/repository/commons-lang/commons-lang/2.6/commons-lang-2.6.jar:/home/user/.m2/repository/org/apache/hadoop/hadoop-ozone-ozone-manager/0.5.0-SNAPSHOT/hadoop-ozone-ozone-manager-0.5.0-SNAPSHOT-tests.jar:/home/user/.m2/repository/junit/junit/4.11/junit-4.11.jar:/home/user/.m2/repository/org/hamcrest/hamcrest-core/1.3/hamcrest-core-1.3.jar:/home/user/.m2/repository/org/openjdk/jmh/jmh-core/1.19/jmh-core-1.19.jar:/home/user/.m2/repository/net/sf/jopt-simple/jopt-simple/4.6/jopt-simple-4.6.jar:/home/user/.m2/repository/org/apache/commons/commons-math3/3.1.1/commons-math3-3.1.1.jar:/home/user/.m2/repository/org/openjdk/jmh/jmh-generator-annprocess/1.19/jmh-generator-annprocess-1.19.jar:/home/user/.m2/repository/org/mockito/mockito-all/1.8.5/mockito-all-1.8.5.jar:/home/user/.m2/repository/org/apache/hadoop/hadoop-kms/3.2.0/hadoop-kms-3.2.0.jar:/home/user/.m2/repository/org/apache/hadoop/hadoop-auth/3.2.0/hadoop-auth-3.2.0.jar:/home/user/.m2/repository/com/nimbusds/nimbus-jose-jwt/4.41.1/nimbus-jose-jwt-4.41.1.jar:/home/user/.m2/repository/com/github/stephenc/jcip/jcip-annotations/1.0-1/jcip-annotations-1.0-1.jar:/home/user/.m2/repository/net/minidev/json-smart/2.3/json-smart-2.3.jar:/home/user/.m2/repository/net/minidev/accessors-smart/1.2/accessors-smart-1.2.jar:/home/user/.m2/repository/org/ow2/asm/asm/5.0.4/asm-5.0.4.jar:/home/user/.m2/repository/org/apache/curator/curator-framework/2.12.0/curator-framework-2.12.0.jar:/home/user/.m2/repository/com/sun/jersey/jersey-core/1.19/jersey-core-1.19.jar:/home/user/.m2/repository/javax/ws/rs/jsr311-api/1.1.1/jsr311-api-1.1.1.jar:/home/user/.m2/repository/com/sun/jersey/jersey-server/1.19/jersey-server-1.19.jar:/home/user/.m2/repository/javax/servlet/javax.servlet-api/3.1.0/javax.servlet-api-3.1.0.jar:/home/user/.m2/repository/org/eclipse/jetty/jetty-server/9.3.25.v20180904/jetty-server-9.3.25.v20180904.jar:/home/user/.m2/repository/org/eclipse/jetty/jetty-http/9.3.25.v20180904/jetty-http-9.3.25.v20180904.jar:/home/user/.m2/repository/org/eclipse/jetty/jetty-io/9.3.25.v20180904/jetty-io-9.3.25.v20180904.jar:/home/user/.m2/repository/org/eclipse/jetty/jetty-webapp/9.3.25.v20180904/jetty-webapp-9.3.25.v20180904.jar:/home/user/.m2/repository/org/eclipse/jetty/jetty-xml/9.3.25.v20180904/jetty-xml-9.3.25.v20180904.jar:/home/user/.m2/repository/log4j/log4j/1.2.17/log4j-1.2.17.jar:/home/user/.m2/repository/org/slf4j/slf4j-api/1.7.25/slf4j-api-1.7.25.jar:/home/user/.m2/repository/org/slf4j/jul-to-slf4j/1.7.25/jul-to-slf4j-1.7.25.jar:/home/user/.m2/repository/org/eclipse/jetty/jetty-util/9.3.25.v20180904/jetty-util-9.3.25.v20180904.jar:/home/user/.m2/repository/com/fasterxml/jackson/core/jackson-databind/2.9.9/jackson-databind-2.9.9.jar:/home/user/.m2/repository/org/apache/hadoop/hadoop-kms/3.2.0/hadoop-kms-3.2.0-tests.jar:/home/user/.m2/repository/org/apache/hadoop/hadoop-hdds-server-scm/0.5.0-SNAPSHOT/hadoop-hdds-server-scm-0.5.0-SNAPSHOT-tests.jar:/home/user/.m2/repository/org/apache/hadoop/hadoop-hdds-container-service/0.5.0-SNAPSHOT/hadoop-hdds-container-service-0.5.0-SNAPSHOT-tests.jar:/home/user/.m2/repository/org/yaml/snakeyaml/1.16/snakeyaml-1.16.jar:/home/user/.m2/repository/org/apache/hadoop/hadoop-common/3.2.0/hadoop-common-3.2.0-tests.jar:/home/user/.m2/repository/org/apache/hadoop/hadoop-annotations/3.2.0/hadoop-annotations-3.2.0.jar:/usr/lib/jvm/java-1.8-openjdk/jre/../lib/tools.jar:/home/user/.m2/repository/commons-cli/commons-cli/1.2/commons-cli-1.2.jar:/home/user/.m2/repository/org/apache/httpcomponents/httpclient/4.5.2/httpclient-4.5.2.jar:/home/user/.m2/repository/org/apache/httpcomponents/httpcore/4.4.4/httpcore-4.4.4.jar:/home/user/.m2/repository/commons-codec/commons-codec/1.11/commons-codec-1.11.jar:/home/user/.m2/repository/commons-net/commons-net/3.6/commons-net-3.6.jar:/home/user/.m2/repository/commons-collections/commons-collections/3.2.2/commons-collections-3.2.2.jar:/home/user/.m2/repository/org/eclipse/jetty/jetty-servlet/9.3.25.v20180904/jetty-servlet-9.3.25.v20180904.jar:/home/user/.m2/repository/org/eclipse/jetty/jetty-security/9.3.25.v20180904/jetty-security-9.3.25.v20180904.jar:/home/user/.m2/repository/javax/servlet/jsp/jsp-api/2.1/jsp-api-2.1.jar:/home/user/.m2/repository/com/sun/jersey/jersey-servlet/1.19/jersey-servlet-1.19.jar:/home/user/.m2/repository/com/sun/jersey/jersey-json/1.19/jersey-json-1.19.jar:/home/user/.m2/repository/org/codehaus/jettison/jettison/1.1/jettison-1.1.jar:/home/user/.m2/repository/org/codehaus/jackson/jackson-core-asl/1.9.13/jackson-core-asl-1.9.13.jar:/home/user/.m2/repository/org/codehaus/jackson/jackson-mapper-asl/1.9.13/jackson-mapper-asl-1.9.13.jar:/home/user/.m2/repository/org/codehaus/jackson/jackson-jaxrs/1.9.13/jackson-jaxrs-1.9.13.jar:/home/user/.m2/repository/org/codehaus/jackson/jackson-xc/1.9.13/jackson-xc-1.9.13.jar:/home/user/.m2/repository/commons-logging/commons-logging/1.1.3/commons-logging-1.1.3.jar:/home/user/.m2/repository/commons-beanutils/commons-beanutils/1.9.4/commons-beanutils-1.9.4.jar:/home/user/.m2/repository/org/apache/commons/commons-configuration2/2.1.1/commons-configuration2-2.1.1.jar:/home/user/.m2/repository/org/apache/commons/commons-lang3/3.7/commons-lang3-3.7.jar:/home/user/.m2/repository/org/apache/commons/commons-text/1.4/commons-text-1.4.jar:/home/user/.m2/repository/org/apache/avro/avro/1.7.7/avro-1.7.7.jar:/home/user/.m2/repository/com/thoughtworks/paranamer/paranamer/2.3/paranamer-2.3.jar:/home/user/.m2/repository/org/xerial/snappy/snappy-java/1.0.5/snappy-java-1.0.5.jar:/home/user/.m2/repository/com/google/re2j/re2j/1.1/re2j-1.1.jar:/home/user/.m2/repository/com/google/code/gson/gson/2.2.4/gson-2.2.4.jar:/home/user/.m2/repository/com/jcraft/jsch/0.1.54/jsch-0.1.54.jar:/home/user/.m2/repository/org/apache/curator/curator-client/2.12.0/curator-client-2.12.0.jar:/home/user/.m2/repository/org/apache/curator/curator-recipes/2.12.0/curator-recipes-2.12.0.jar:/home/user/.m2/repository/com/google/code/findbugs/jsr305/3.0.0/jsr305-3.0.0.jar:/home/user/.m2/repository/org/apache/htrace/htrace-core4/4.1.0-incubating/htrace-core4-4.1.0-incubating.jar:/home/user/.m2/repository/org/apache/zookeeper/zookeeper/3.4.13/zookeeper-3.4.13.jar:/home/user/.m2/repository/jline/jline/0.9.94/jline-0.9.94.jar:/home/user/.m2/repository/org/apache/yetus/audience-annotations/0.5.0/audience-annotations-0.5.0.jar:/home/user/.m2/repository/org/codehaus/woodstox/stax2-api/3.1.4/stax2-api-3.1.4.jar:/home/user/.m2/repository/com/fasterxml/woodstox/woodstox-core/5.0.3/woodstox-core-5.0.3.jar:/home/user/.m2/repository/dnsjava/dnsjava/2.1.7/dnsjava-2.1.7.jar:/home/user/.m2/repository/org/apache/hadoop/hadoop-hdfs/3.2.0/hadoop-hdfs-3.2.0-tests.jar:/home/user/.m2/repository/org/eclipse/jetty/jetty-util-ajax/9.3.25.v20180904/jetty-util-ajax-9.3.25.v20180904.jar:/home/user/.m2/repository/commons-daemon/commons-daemon/1.0.13/commons-daemon-1.0.13.jar:/home/user/.m2/repository/io/netty/netty/3.10.5.Final/netty-3.10.5.Final.jar:/home/user/.m2/repository/io/netty/netty-all/4.0.52.Final/netty-all-4.0.52.Final.jar:/home/user/.m2/repository/org/fusesource/leveldbjni/leveldbjni-all/1.8/leveldbjni-all-1.8.jar:"/>
    <property name="java.vm.vendor" value="IcedTea"/>
    <property name="sun.arch.data.model" value="64"/>
    <property name="test.build.dir" value="/workdir/hadoop-ozone/integration-test/target/test-dir"/>
    <property name="test.cache.data" value=""/>
    <property name="java.vendor.url" value="https://icedtea.classpath.org"/>
    <property name="user.timezone" value=""/>
    <property name="java.vm.specification.version" value="1.8"/>
    <property name="os.name" value="Linux"/>
    <property name="test.build.data" value="/workdir/hadoop-ozone/integration-test/target/test-dir"/>
    <property name="user.country" value="US"/>
    <property name="sun.java.launcher" value="SUN_STANDARD"/>
    <property name="sun.boot.library.path" value="/usr/lib/jvm/java-1.8-openjdk/jre/lib/amd64"/>
    <property name="sun.java.command" value="/workdir/hadoop-ozone/integration-test/target/surefire/surefirebooter6208193923460822899.jar /workdir/hadoop-ozone/integration-test/target/surefire 2019-09-24T17-58-35_424-jvmRun1 surefire4125283213047113414tmp surefire_146438938077280059887tmp"/>
    <property name="test" value="!TestMiniChaosOzoneCluster"/>
    <property name="surefire.test.class.path" value="/workdir/hadoop-ozone/integration-test/target/test-classes:/workdir/hadoop-ozone/integration-test/target/classes:/home/user/.m2/repository/org/apache/hadoop/hadoop-ozone-common/0.5.0-SNAPSHOT/hadoop-ozone-common-0.5.0-SNAPSHOT.jar:/home/user/.m2/repository/org/apache/commons/commons-compress/1.4.1/commons-compress-1.4.1.jar:/home/user/.m2/repository/org/tukaani/xz/1.0/xz-1.0.jar:/home/user/.m2/repository/org/apache/hadoop/hadoop-common/3.2.0/hadoop-common-3.2.0.jar:/home/user/.m2/repository/org/apache/hadoop/hadoop-hdfs/3.2.0/hadoop-hdfs-3.2.0.jar:/home/user/.m2/repository/org/apache/hadoop/hadoop-hdfs-client/3.2.0/hadoop-hdfs-client-3.2.0.jar:/home/user/.m2/repository/com/fasterxml/jackson/core/jackson-annotations/2.9.9/jackson-annotations-2.9.9.jar:/home/user/.m2/repository/org/apache/hadoop/hadoop-hdds-common/0.5.0-SNAPSHOT/hadoop-hdds-common-0.5.0-SNAPSHOT.jar:/home/user/.m2/repository/javax/annotation/javax.annotation-api/1.2/javax.annotation-api-1.2.jar:/home/user/.m2/repository/org/apache/ratis/ratis-server/0.4.0/ratis-server-0.4.0.jar:/home/user/.m2/repository/org/apache/ratis/ratis-thirdparty-misc/0.2.0/ratis-thirdparty-misc-0.2.0.jar:/home/user/.m2/repository/org/apache/ratis/ratis-proto/0.4.0/ratis-proto-0.4.0.jar:/home/user/.m2/repository/org/apache/ratis/ratis-common/0.4.0/ratis-common-0.4.0.jar:/home/user/.m2/repository/org/apache/ratis/ratis-client/0.4.0/ratis-client-0.4.0.jar:/home/user/.m2/repository/org/apache/ratis/ratis-metrics/0.4.0/ratis-metrics-0.4.0.jar:/home/user/.m2/repository/com/github/joshelser/dropwizard-metrics-hadoop-metrics2-reporter/0.1.2/dropwizard-metrics-hadoop-metrics2-reporter-0.1.2.jar:/home/user/.m2/repository/io/dropwizard/metrics/metrics-jvm/3.2.5/metrics-jvm-3.2.5.jar:/home/user/.m2/repository/io/dropwizard/metrics/metrics-ganglia/3.2.5/metrics-ganglia-3.2.5.jar:/home/user/.m2/repository/info/ganglia/gmetric4j/gmetric4j/1.0.7/gmetric4j-1.0.7.jar:/home/user/.m2/repository/org/apache/ratis/ratis-netty/0.4.0/ratis-netty-0.4.0.jar:/home/user/.m2/repository/org/apache/ratis/ratis-grpc/0.4.0/ratis-grpc-0.4.0.jar:/home/user/.m2/repository/org/rocksdb/rocksdbjni/6.0.1/rocksdbjni-6.0.1.jar:/home/user/.m2/repository/org/apache/logging/log4j/log4j-api/2.11.0/log4j-api-2.11.0.jar:/home/user/.m2/repository/org/apache/logging/log4j/log4j-core/2.11.0/log4j-core-2.11.0.jar:/home/user/.m2/repository/com/lmax/disruptor/3.4.2/disruptor-3.4.2.jar:/home/user/.m2/repository/org/apache/commons/commons-pool2/2.6.0/commons-pool2-2.6.0.jar:/home/user/.m2/repository/org/bouncycastle/bcpkix-jdk15on/1.60/bcpkix-jdk15on-1.60.jar:/home/user/.m2/repository/commons-validator/commons-validator/1.6/commons-validator-1.6.jar:/home/user/.m2/repository/commons-digester/commons-digester/1.8.1/commons-digester-1.8.1.jar:/home/user/.m2/repository/io/jaegertracing/jaeger-client/0.34.0/jaeger-client-0.34.0.jar:/home/user/.m2/repository/io/jaegertracing/jaeger-thrift/0.34.0/jaeger-thrift-0.34.0.jar:/home/user/.m2/repository/org/apache/thrift/libthrift/0.12.0/libthrift-0.12.0.jar:/home/user/.m2/repository/com/squareup/okhttp3/okhttp/3.9.0/okhttp-3.9.0.jar:/home/user/.m2/repository/com/squareup/okio/okio/1.13.0/okio-1.13.0.jar:/home/user/.m2/repository/io/jaegertracing/jaeger-core/0.34.0/jaeger-core-0.34.0.jar:/home/user/.m2/repository/io/jaegertracing/jaeger-tracerresolver/0.34.0/jaeger-tracerresolver-0.34.0.jar:/home/user/.m2/repository/io/opentracing/contrib/opentracing-tracerresolver/0.1.5/opentracing-tracerresolver-0.1.5.jar:/home/user/.m2/repository/io/opentracing/opentracing-util/0.31.0/opentracing-util-0.31.0.jar:/home/user/.m2/repository/io/opentracing/opentracing-api/0.31.0/opentracing-api-0.31.0.jar:/home/user/.m2/repository/io/opentracing/opentracing-noop/0.31.0/opentracing-noop-0.31.0.jar:/home/user/.m2/repository/org/apache/hadoop/hadoop-hdds-server-framework/0.5.0-SNAPSHOT/hadoop-hdds-server-framework-0.5.0-SNAPSHOT.jar:/home/user/.m2/repository/org/apache/hadoop/hadoop-hdds-container-service/0.5.0-SNAPSHOT/hadoop-hdds-container-service-0.5.0-SNAPSHOT.jar:/home/user/.m2/repository/org/apache/hadoop/hadoop-hdds-client/0.5.0-SNAPSHOT/hadoop-hdds-client-0.5.0-SNAPSHOT.jar:/home/user/.m2/repository/org/apache/hadoop/hadoop-hdds-tools/0.5.0-SNAPSHOT/hadoop-hdds-tools-0.5.0-SNAPSHOT.jar:/home/user/.m2/repository/org/apache/hadoop/hadoop-hdds-server-scm/0.5.0-SNAPSHOT/hadoop-hdds-server-scm-0.5.0-SNAPSHOT.jar:/home/user/.m2/repository/org/apache/hadoop/hadoop-hdds-docs/0.5.0-SNAPSHOT/hadoop-hdds-docs-0.5.0-SNAPSHOT.jar:/home/user/.m2/repository/io/dropwizard/metrics/metrics-core/3.2.4/metrics-core-3.2.4.jar:/home/user/.m2/repository/org/hamcrest/hamcrest-all/1.3/hamcrest-all-1.3.jar:/home/user/.m2/repository/org/bouncycastle/bcprov-jdk15on/1.60/bcprov-jdk15on-1.60.jar:/home/user/.m2/repository/info/picocli/picocli/3.9.6/picocli-3.9.6.jar:/home/user/.m2/repository/com/google/protobuf/protobuf-java/2.5.0/protobuf-java-2.5.0.jar:/home/user/.m2/repository/com/google/guava/guava/11.0.2/guava-11.0.2.jar:/home/user/.m2/repository/org/apache/hadoop/hadoop-ozone-ozone-manager/0.5.0-SNAPSHOT/hadoop-ozone-ozone-manager-0.5.0-SNAPSHOT.jar:/home/user/.m2/repository/org/apache/hadoop/hadoop-minikdc/3.2.0/hadoop-minikdc-3.2.0.jar:/home/user/.m2/repository/commons-io/commons-io/2.5/commons-io-2.5.jar:/home/user/.m2/repository/org/apache/kerby/kerb-simplekdc/1.0.1/kerb-simplekdc-1.0.1.jar:/home/user/.m2/repository/org/apache/kerby/kerb-client/1.0.1/kerb-client-1.0.1.jar:/home/user/.m2/repository/org/apache/kerby/kerby-config/1.0.1/kerby-config-1.0.1.jar:/home/user/.m2/repository/org/apache/kerby/kerb-core/1.0.1/kerb-core-1.0.1.jar:/home/user/.m2/repository/org/apache/kerby/kerby-pkix/1.0.1/kerby-pkix-1.0.1.jar:/home/user/.m2/repository/org/apache/kerby/kerby-asn1/1.0.1/kerby-asn1-1.0.1.jar:/home/user/.m2/repository/org/apache/kerby/kerby-util/1.0.1/kerby-util-1.0.1.jar:/home/user/.m2/repository/org/apache/kerby/kerb-common/1.0.1/kerb-common-1.0.1.jar:/home/user/.m2/repository/org/apache/kerby/kerb-crypto/1.0.1/kerb-crypto-1.0.1.jar:/home/user/.m2/repository/org/apache/kerby/kerb-util/1.0.1/kerb-util-1.0.1.jar:/home/user/.m2/repository/org/apache/kerby/token-provider/1.0.1/token-provider-1.0.1.jar:/home/user/.m2/repository/org/apache/kerby/kerb-admin/1.0.1/kerb-admin-1.0.1.jar:/home/user/.m2/repository/org/apache/kerby/kerb-server/1.0.1/kerb-server-1.0.1.jar:/home/user/.m2/repository/org/apache/kerby/kerb-identity/1.0.1/kerb-identity-1.0.1.jar:/home/user/.m2/repository/org/apache/kerby/kerby-xdr/1.0.1/kerby-xdr-1.0.1.jar:/home/user/.m2/repository/org/slf4j/slf4j-log4j12/1.7.25/slf4j-log4j12-1.7.25.jar:/home/user/.m2/repository/org/apache/hadoop/hadoop-ozone-s3gateway/0.5.0-SNAPSHOT/hadoop-ozone-s3gateway-0.5.0-SNAPSHOT.jar:/home/user/.m2/repository/org/jboss/weld/servlet/weld-servlet/2.4.7.Final/weld-servlet-2.4.7.Final.jar:/home/user/.m2/repository/org/glassfish/jersey/containers/jersey-container-servlet-core/2.27/jersey-container-servlet-core-2.27.jar:/home/user/.m2/repository/org/glassfish/hk2/external/javax.inject/2.5.0-b42/javax.inject-2.5.0-b42.jar:/home/user/.m2/repository/org/glassfish/jersey/core/jersey-common/2.27/jersey-common-2.27.jar:/home/user/.m2/repository/org/glassfish/hk2/osgi-resource-locator/1.0.1/osgi-resource-locator-1.0.1.jar:/home/user/.m2/repository/javax/ws/rs/javax.ws.rs-api/2.1/javax.ws.rs-api-2.1.jar:/home/user/.m2/repository/org/glassfish/jersey/ext/cdi/jersey-cdi1x/2.27/jersey-cdi1x-2.27.jar:/home/user/.m2/repository/org/glassfish/jersey/inject/jersey-hk2/2.27/jersey-hk2-2.27.jar:/home/user/.m2/repository/org/glassfish/hk2/hk2-locator/2.5.0-b42/hk2-locator-2.5.0-b42.jar:/home/user/.m2/repository/org/javassist/javassist/3.22.0-CR2/javassist-3.22.0-CR2.jar:/home/user/.m2/repository/org/glassfish/hk2/hk2-api/2.5.0/hk2-api-2.5.0.jar:/home/user/.m2/repository/org/glassfish/hk2/external/jakarta.inject/2.5.0/jakarta.inject-2.5.0.jar:/home/user/.m2/repository/org/glassfish/hk2/hk2-utils/2.5.0/hk2-utils-2.5.0.jar:/home/user/.m2/repository/jakarta/annotation/jakarta.annotation-api/1.3.4/jakarta.annotation-api-1.3.4.jar:/home/user/.m2/repository/org/glassfish/hk2/external/aopalliance-repackaged/2.5.0/aopalliance-repackaged-2.5.0.jar:/home/user/.m2/repository/com/fasterxml/jackson/dataformat/jackson-dataformat-xml/2.9.0/jackson-dataformat-xml-2.9.0.jar:/home/user/.m2/repository/com/fasterxml/jackson/core/jackson-core/2.9.9/jackson-core-2.9.9.jar:/home/user/.m2/repository/com/fasterxml/jackson/module/jackson-module-jaxb-annotations/2.9.9/jackson-module-jaxb-annotations-2.9.9.jar:/home/user/.m2/repository/javax/enterprise/cdi-api/1.2/cdi-api-1.2.jar:/home/user/.m2/repository/javax/el/javax.el-api/3.0.0/javax.el-api-3.0.0.jar:/home/user/.m2/repository/javax/interceptor/javax.interceptor-api/1.2/javax.interceptor-api-1.2.jar:/home/user/.m2/repository/javax/inject/javax.inject/1/javax.inject-1.jar:/home/user/.m2/repository/com/sun/xml/bind/jaxb-impl/2.3.0.1/jaxb-impl-2.3.0.1.jar:/home/user/.m2/repository/com/sun/xml/bind/jaxb-core/2.3.0.1/jaxb-core-2.3.0.1.jar:/home/user/.m2/repository/javax/xml/bind/jaxb-api/2.3.0/jaxb-api-2.3.0.jar:/home/user/.m2/repository/javax/activation/activation/1.1.1/activation-1.1.1.jar:/home/user/.m2/repository/org/apache/hadoop/hadoop-ozone-csi/0.5.0-SNAPSHOT/hadoop-ozone-csi-0.5.0-SNAPSHOT.jar:/home/user/.m2/repository/com/google/protobuf/protobuf-java-util/3.5.1/protobuf-java-util-3.5.1.jar:/home/user/.m2/repository/org/apache/hadoop/hadoop-hdds-config/0.5.0-SNAPSHOT/hadoop-hdds-config-0.5.0-SNAPSHOT.jar:/home/user/.m2/repository/io/grpc/grpc-netty/1.17.1/grpc-netty-1.17.1.jar:/home/user/.m2/repository/io/grpc/grpc-core/1.17.1/grpc-core-1.17.1.jar:/home/user/.m2/repository/io/grpc/grpc-context/1.17.1/grpc-context-1.17.1.jar:/home/user/.m2/repository/com/google/errorprone/error_prone_annotations/2.2.0/error_prone_annotations-2.2.0.jar:/home/user/.m2/repository/org/codehaus/mojo/animal-sniffer-annotations/1.17/animal-sniffer-annotations-1.17.jar:/home/user/.m2/repository/io/opencensus/opencensus-api/0.17.0/opencensus-api-0.17.0.jar:/home/user/.m2/repository/io/opencensus/opencensus-contrib-grpc-metrics/0.17.0/opencensus-contrib-grpc-metrics-0.17.0.jar:/home/user/.m2/repository/io/netty/netty-codec-http2/4.1.30.Final/netty-codec-http2-4.1.30.Final.jar:/home/user/.m2/repository/io/netty/netty-codec-http/4.1.30.Final/netty-codec-http-4.1.30.Final.jar:/home/user/.m2/repository/io/netty/netty-codec/4.1.30.Final/netty-codec-4.1.30.Final.jar:/home/user/.m2/repository/io/netty/netty-handler/4.1.30.Final/netty-handler-4.1.30.Final.jar:/home/user/.m2/repository/io/netty/netty-handler-proxy/4.1.30.Final/netty-handler-proxy-4.1.30.Final.jar:/home/user/.m2/repository/io/netty/netty-codec-socks/4.1.30.Final/netty-codec-socks-4.1.30.Final.jar:/home/user/.m2/repository/io/netty/netty-transport-native-epoll/4.1.30.Final/netty-transport-native-epoll-4.1.30.Final.jar:/home/user/.m2/repository/io/netty/netty-common/4.1.30.Final/netty-common-4.1.30.Final.jar:/home/user/.m2/repository/io/netty/netty-buffer/4.1.30.Final/netty-buffer-4.1.30.Final.jar:/home/user/.m2/repository/io/netty/netty-transport/4.1.30.Final/netty-transport-4.1.30.Final.jar:/home/user/.m2/repository/io/netty/netty-resolver/4.1.30.Final/netty-resolver-4.1.30.Final.jar:/home/user/.m2/repository/io/netty/netty-transport-native-unix-common/4.1.30.Final/netty-transport-native-unix-common-4.1.30.Final.jar:/home/user/.m2/repository/io/grpc/grpc-protobuf/1.17.1/grpc-protobuf-1.17.1.jar:/home/user/.m2/repository/com/google/api/grpc/proto-google-common-protos/1.0.0/proto-google-common-protos-1.0.0.jar:/home/user/.m2/repository/io/grpc/grpc-protobuf-lite/1.17.1/grpc-protobuf-lite-1.17.1.jar:/home/user/.m2/repository/io/grpc/grpc-stub/1.17.1/grpc-stub-1.17.1.jar:/home/user/.m2/repository/org/apache/hadoop/hadoop-ozone-recon/0.5.0-SNAPSHOT/hadoop-ozone-recon-0.5.0-SNAPSHOT.jar:/home/user/.m2/repository/org/apache/hadoop/hadoop-ozone-reconcodegen/0.5.0-SNAPSHOT/hadoop-ozone-reconcodegen-0.5.0-SNAPSHOT.jar:/home/user/.m2/repository/com/google/inject/extensions/guice-multibindings/4.0/guice-multibindings-4.0.jar:/home/user/.m2/repository/com/google/inject/guice/4.0/guice-4.0.jar:/home/user/.m2/repository/aopalliance/aopalliance/1.0/aopalliance-1.0.jar:/home/user/.m2/repository/com/google/inject/extensions/guice-servlet/4.0/guice-servlet-4.0.jar:/home/user/.m2/repository/org/glassfish/jersey/containers/jersey-container-servlet/2.27/jersey-container-servlet-2.27.jar:/home/user/.m2/repository/org/glassfish/hk2/guice-bridge/2.5.0/guice-bridge-2.5.0.jar:/home/user/.m2/repository/org/glassfish/jersey/core/jersey-server/2.27/jersey-server-2.27.jar:/home/user/.m2/repository/org/glassfish/jersey/core/jersey-client/2.27/jersey-client-2.27.jar:/home/user/.m2/repository/org/glassfish/jersey/media/jersey-media-jaxb/2.27/jersey-media-jaxb-2.27.jar:/home/user/.m2/repository/javax/validation/validation-api/1.1.0.Final/validation-api-1.1.0.Final.jar:/home/user/.m2/repository/org/glassfish/jersey/media/jersey-media-json-jackson/2.27/jersey-media-json-jackson-2.27.jar:/home/user/.m2/repository/org/glassfish/jersey/ext/jersey-entity-filtering/2.27/jersey-entity-filtering-2.27.jar:/home/user/.m2/repository/com/google/inject/extensions/guice-assistedinject/4.0/guice-assistedinject-4.0.jar:/home/user/.m2/repository/org/jooq/jooq/3.11.10/jooq-3.11.10.jar:/home/user/.m2/repository/org/jooq/jooq-meta/3.11.10/jooq-meta-3.11.10.jar:/home/user/.m2/repository/org/jooq/jooq-codegen/3.11.10/jooq-codegen-3.11.10.jar:/home/user/.m2/repository/com/jolbox/bonecp/0.8.0.RELEASE/bonecp-0.8.0.RELEASE.jar:/home/user/.m2/repository/org/xerial/sqlite-jdbc/3.25.2/sqlite-jdbc-3.25.2.jar:/home/user/.m2/repository/org/springframework/spring-jdbc/5.1.3.RELEASE/spring-jdbc-5.1.3.RELEASE.jar:/home/user/.m2/repository/org/springframework/spring-beans/5.1.3.RELEASE/spring-beans-5.1.3.RELEASE.jar:/home/user/.m2/repository/org/springframework/spring-core/5.1.3.RELEASE/spring-core-5.1.3.RELEASE.jar:/home/user/.m2/repository/org/springframework/spring-jcl/5.1.3.RELEASE/spring-jcl-5.1.3.RELEASE.jar:/home/user/.m2/repository/org/springframework/spring-tx/5.1.3.RELEASE/spring-tx-5.1.3.RELEASE.jar:/home/user/.m2/repository/org/apache/hadoop/hadoop-ozone-client/0.5.0-SNAPSHOT/hadoop-ozone-client-0.5.0-SNAPSHOT.jar:/home/user/.m2/repository/commons-lang/commons-lang/2.6/commons-lang-2.6.jar:/home/user/.m2/repository/org/apache/hadoop/hadoop-ozone-ozone-manager/0.5.0-SNAPSHOT/hadoop-ozone-ozone-manager-0.5.0-SNAPSHOT-tests.jar:/home/user/.m2/repository/junit/junit/4.11/junit-4.11.jar:/home/user/.m2/repository/org/hamcrest/hamcrest-core/1.3/hamcrest-core-1.3.jar:/home/user/.m2/repository/org/openjdk/jmh/jmh-core/1.19/jmh-core-1.19.jar:/home/user/.m2/repository/net/sf/jopt-simple/jopt-simple/4.6/jopt-simple-4.6.jar:/home/user/.m2/repository/org/apache/commons/commons-math3/3.1.1/commons-math3-3.1.1.jar:/home/user/.m2/repository/org/openjdk/jmh/jmh-generator-annprocess/1.19/jmh-generator-annprocess-1.19.jar:/home/user/.m2/repository/org/mockito/mockito-all/1.8.5/mockito-all-1.8.5.jar:/home/user/.m2/repository/org/apache/hadoop/hadoop-kms/3.2.0/hadoop-kms-3.2.0.jar:/home/user/.m2/repository/org/apache/hadoop/hadoop-auth/3.2.0/hadoop-auth-3.2.0.jar:/home/user/.m2/repository/com/nimbusds/nimbus-jose-jwt/4.41.1/nimbus-jose-jwt-4.41.1.jar:/home/user/.m2/repository/com/github/stephenc/jcip/jcip-annotations/1.0-1/jcip-annotations-1.0-1.jar:/home/user/.m2/repository/net/minidev/json-smart/2.3/json-smart-2.3.jar:/home/user/.m2/repository/net/minidev/accessors-smart/1.2/accessors-smart-1.2.jar:/home/user/.m2/repository/org/ow2/asm/asm/5.0.4/asm-5.0.4.jar:/home/user/.m2/repository/org/apache/curator/curator-framework/2.12.0/curator-framework-2.12.0.jar:/home/user/.m2/repository/com/sun/jersey/jersey-core/1.19/jersey-core-1.19.jar:/home/user/.m2/repository/javax/ws/rs/jsr311-api/1.1.1/jsr311-api-1.1.1.jar:/home/user/.m2/repository/com/sun/jersey/jersey-server/1.19/jersey-server-1.19.jar:/home/user/.m2/repository/javax/servlet/javax.servlet-api/3.1.0/javax.servlet-api-3.1.0.jar:/home/user/.m2/repository/org/eclipse/jetty/jetty-server/9.3.25.v20180904/jetty-server-9.3.25.v20180904.jar:/home/user/.m2/repository/org/eclipse/jetty/jetty-http/9.3.25.v20180904/jetty-http-9.3.25.v20180904.jar:/home/user/.m2/repository/org/eclipse/jetty/jetty-io/9.3.25.v20180904/jetty-io-9.3.25.v20180904.jar:/home/user/.m2/repository/org/eclipse/jetty/jetty-webapp/9.3.25.v20180904/jetty-webapp-9.3.25.v20180904.jar:/home/user/.m2/repository/org/eclipse/jetty/jetty-xml/9.3.25.v20180904/jetty-xml-9.3.25.v20180904.jar:/home/user/.m2/repository/log4j/log4j/1.2.17/log4j-1.2.17.jar:/home/user/.m2/repository/org/slf4j/slf4j-api/1.7.25/slf4j-api-1.7.25.jar:/home/user/.m2/repository/org/slf4j/jul-to-slf4j/1.7.25/jul-to-slf4j-1.7.25.jar:/home/user/.m2/repository/org/eclipse/jetty/jetty-util/9.3.25.v20180904/jetty-util-9.3.25.v20180904.jar:/home/user/.m2/repository/com/fasterxml/jackson/core/jackson-databind/2.9.9/jackson-databind-2.9.9.jar:/home/user/.m2/repository/org/apache/hadoop/hadoop-kms/3.2.0/hadoop-kms-3.2.0-tests.jar:/home/user/.m2/repository/org/apache/hadoop/hadoop-hdds-server-scm/0.5.0-SNAPSHOT/hadoop-hdds-server-scm-0.5.0-SNAPSHOT-tests.jar:/home/user/.m2/repository/org/apache/hadoop/hadoop-hdds-container-service/0.5.0-SNAPSHOT/hadoop-hdds-container-service-0.5.0-SNAPSHOT-tests.jar:/home/user/.m2/repository/org/yaml/snakeyaml/1.16/snakeyaml-1.16.jar:/home/user/.m2/repository/org/apache/hadoop/hadoop-common/3.2.0/hadoop-common-3.2.0-tests.jar:/home/user/.m2/repository/org/apache/hadoop/hadoop-annotations/3.2.0/hadoop-annotations-3.2.0.jar:/usr/lib/jvm/java-1.8-openjdk/jre/../lib/tools.jar:/home/user/.m2/repository/commons-cli/commons-cli/1.2/commons-cli-1.2.jar:/home/user/.m2/repository/org/apache/httpcomponents/httpclient/4.5.2/httpclient-4.5.2.jar:/home/user/.m2/repository/org/apache/httpcomponents/httpcore/4.4.4/httpcore-4.4.4.jar:/home/user/.m2/repository/commons-codec/commons-codec/1.11/commons-codec-1.11.jar:/home/user/.m2/repository/commons-net/commons-net/3.6/commons-net-3.6.jar:/home/user/.m2/repository/commons-collections/commons-collections/3.2.2/commons-collections-3.2.2.jar:/home/user/.m2/repository/org/eclipse/jetty/jetty-servlet/9.3.25.v20180904/jetty-servlet-9.3.25.v20180904.jar:/home/user/.m2/repository/org/eclipse/jetty/jetty-security/9.3.25.v20180904/jetty-security-9.3.25.v20180904.jar:/home/user/.m2/repository/javax/servlet/jsp/jsp-api/2.1/jsp-api-2.1.jar:/home/user/.m2/repository/com/sun/jersey/jersey-servlet/1.19/jersey-servlet-1.19.jar:/home/user/.m2/repository/com/sun/jersey/jersey-json/1.19/jersey-json-1.19.jar:/home/user/.m2/repository/org/codehaus/jettison/jettison/1.1/jettison-1.1.jar:/home/user/.m2/repository/org/codehaus/jackson/jackson-core-asl/1.9.13/jackson-core-asl-1.9.13.jar:/home/user/.m2/repository/org/codehaus/jackson/jackson-mapper-asl/1.9.13/jackson-mapper-asl-1.9.13.jar:/home/user/.m2/repository/org/codehaus/jackson/jackson-jaxrs/1.9.13/jackson-jaxrs-1.9.13.jar:/home/user/.m2/repository/org/codehaus/jackson/jackson-xc/1.9.13/jackson-xc-1.9.13.jar:/home/user/.m2/repository/commons-logging/commons-logging/1.1.3/commons-logging-1.1.3.jar:/home/user/.m2/repository/commons-beanutils/commons-beanutils/1.9.4/commons-beanutils-1.9.4.jar:/home/user/.m2/repository/org/apache/commons/commons-configuration2/2.1.1/commons-configuration2-2.1.1.jar:/home/user/.m2/repository/org/apache/commons/commons-lang3/3.7/commons-lang3-3.7.jar:/home/user/.m2/repository/org/apache/commons/commons-text/1.4/commons-text-1.4.jar:/home/user/.m2/repository/org/apache/avro/avro/1.7.7/avro-1.7.7.jar:/home/user/.m2/repository/com/thoughtworks/paranamer/paranamer/2.3/paranamer-2.3.jar:/home/user/.m2/repository/org/xerial/snappy/snappy-java/1.0.5/snappy-java-1.0.5.jar:/home/user/.m2/repository/com/google/re2j/re2j/1.1/re2j-1.1.jar:/home/user/.m2/repository/com/google/code/gson/gson/2.2.4/gson-2.2.4.jar:/home/user/.m2/repository/com/jcraft/jsch/0.1.54/jsch-0.1.54.jar:/home/user/.m2/repository/org/apache/curator/curator-client/2.12.0/curator-client-2.12.0.jar:/home/user/.m2/repository/org/apache/curator/curator-recipes/2.12.0/curator-recipes-2.12.0.jar:/home/user/.m2/repository/com/google/code/findbugs/jsr305/3.0.0/jsr305-3.0.0.jar:/home/user/.m2/repository/org/apache/htrace/htrace-core4/4.1.0-incubating/htrace-core4-4.1.0-incubating.jar:/home/user/.m2/repository/org/apache/zookeeper/zookeeper/3.4.13/zookeeper-3.4.13.jar:/home/user/.m2/repository/jline/jline/0.9.94/jline-0.9.94.jar:/home/user/.m2/repository/org/apache/yetus/audience-annotations/0.5.0/audience-annotations-0.5.0.jar:/home/user/.m2/repository/org/codehaus/woodstox/stax2-api/3.1.4/stax2-api-3.1.4.jar:/home/user/.m2/repository/com/fasterxml/woodstox/woodstox-core/5.0.3/woodstox-core-5.0.3.jar:/home/user/.m2/repository/dnsjava/dnsjava/2.1.7/dnsjava-2.1.7.jar:/home/user/.m2/repository/org/apache/hadoop/hadoop-hdfs/3.2.0/hadoop-hdfs-3.2.0-tests.jar:/home/user/.m2/repository/org/eclipse/jetty/jetty-util-ajax/9.3.25.v20180904/jetty-util-ajax-9.3.25.v20180904.jar:/home/user/.m2/repository/commons-daemon/commons-daemon/1.0.13/commons-daemon-1.0.13.jar:/home/user/.m2/repository/io/netty/netty/3.10.5.Final/netty-3.10.5.Final.jar:/home/user/.m2/repository/io/netty/netty-all/4.0.52.Final/netty-all-4.0.52.Final.jar:/home/user/.m2/repository/org/fusesource/leveldbjni/leveldbjni-all/1.8/leveldbjni-all-1.8.jar:"/>
    <property name="sun.cpu.endian" value="little"/>
    <property name="user.home" value="/home/user"/>
    <property name="user.language" value="en"/>
    <property name="java.specification.vendor" value="Oracle Corporation"/>
    <property name="java.home" value="/usr/lib/jvm/java-1.8-openjdk/jre"/>
    <property name="java.security.krb5.conf" value="/workdir/hadoop-ozone/integration-test/target/test-classes/krb5.conf"/>
    <property name="basedir" value="/workdir/hadoop-ozone/integration-test"/>
    <property name="file.separator" value="/"/>
    <property name="line.separator" value="&#10;"/>
    <property name="java.vm.specification.vendor" value="Oracle Corporation"/>
    <property name="java.specification.name" value="Java Platform API Specification"/>
    <property name="java.awt.graphicsenv" value="sun.awt.X11GraphicsEnvironment"/>
    <property name="surefire.real.class.path" value="/workdir/hadoop-ozone/integration-test/target/surefire/surefirebooter6208193923460822899.jar"/>
    <property name="hadoop.log.dir" value="/workdir/hadoop-ozone/integration-test/target/log"/>
    <property name="sun.boot.class.path" value="/usr/lib/jvm/java-1.8-openjdk/jre/lib/resources.jar:/usr/lib/jvm/java-1.8-openjdk/jre/lib/rt.jar:/usr/lib/jvm/java-1.8-openjdk/jre/lib/sunrsasign.jar:/usr/lib/jvm/java-1.8-openjdk/jre/lib/jsse.jar:/usr/lib/jvm/java-1.8-openjdk/jre/lib/jce.jar:/usr/lib/jvm/java-1.8-openjdk/jre/lib/charsets.jar:/usr/lib/jvm/java-1.8-openjdk/jre/lib/jfr.jar:/usr/lib/jvm/java-1.8-openjdk/jre/classes"/>
    <property name="sun.management.compiler" value="HotSpot 64-Bit Tiered Compilers"/>
    <property name="java.runtime.version" value="1.8.0_212-b04"/>
    <property name="java.net.preferIPv4Stack" value="true"/>
    <property name="user.name" value="jenkins1000"/>
    <property name="path.separator" value=":"/>
    <property name="java.security.egd" value="file:///dev/urandom"/>
    <property name="os.version" value="3.10.0-957.12.2.el7.x86_64"/>
    <property name="java.endorsed.dirs" value="/usr/lib/jvm/java-1.8-openjdk/jre/lib/endorsed"/>
    <property name="java.runtime.name" value="OpenJDK Runtime Environment"/>
    <property name="file.encoding" value="UTF-8"/>
    <property name="java.vm.name" value="OpenJDK 64-Bit Server VM"/>
    <property name="test.build.webapps" value=""/>
    <property name="localRepository" value="/home/user/.m2/repository"/>
    <property name="java.vendor.url.bug" value="https://icedtea.classpath.org/bugzilla"/>
    <property name="java.io.tmpdir" value="/tmp"/>
    <property name="require.test.libhadoop" value=""/>
    <property name="java.version" value="1.8.0_212"/>
    <property name="user.dir" value="/workdir/hadoop-ozone/integration-test"/>
    <property name="os.arch" value="amd64"/>
    <property name="java.vm.specification.name" value="Java Virtual Machine Specification"/>
    <property name="test.build.classes" value="/workdir/hadoop-ozone/integration-test/target/test-classes"/>
    <property name="java.awt.printerjob" value="sun.print.PSPrinterJob"/>
    <property name="sun.os.patch.level" value="unknown"/>
    <property name="hadoop.tmp.dir" value="/workdir/hadoop-ozone/integration-test/target/tmp"/>
    <property name="java.library.path" value="/usr/lib/jvm/java-1.8-openjdk/jre/lib/amd64/server:/usr/lib/jvm/java-1.8-openjdk/jre/lib/amd64:/usr/lib/jvm/java-1.8-openjdk/jre/../lib/amd64:/workdir/hadoop-ozone/integration-test/target/native/target/usr/local/lib:/workdir/hadoop-ozone/integration-test/../../hadoop-common-project/hadoop-common/target/native/target/usr/local/lib:/usr/java/packages/lib/amd64:/usr/lib64:/lib64:/lib:/usr/lib"/>
    <property name="java.vm.info" value="mixed mode"/>
    <property name="java.vendor" value="IcedTea"/>
    <property name="java.vm.version" value="25.212-b04"/>
    <property name="java.ext.dirs" value="/usr/lib/jvm/java-1.8-openjdk/jre/lib/ext:/usr/java/packages/lib/ext"/>
    <property name="sun.io.unicode.encoding" value="UnicodeLittle"/>
    <property name="java.class.version" value="52.0"/>
  </properties>
  <testcase name="testBlockDeletionTransactions" classname="org.apache.hadoop.ozone.TestStorageContainerManager" time="82.684"/>
  <testcase name="testBlockDeletingThrottling" classname="org.apache.hadoop.ozone.TestStorageContainerManager" time="78.499"/>
  <testcase name="testSCMReinitialization" classname="org.apache.hadoop.ozone.TestStorageContainerManager" time="23.194"/>
  <testcase name="testCloseContainerCommandOnRestart" classname="org.apache.hadoop.ozone.TestStorageContainerManager" time="154.316"/>
  <testcase name="testRpcPermission" classname="org.apache.hadoop.ozone.TestStorageContainerManager" time="105.807"/>
  <testcase name="testSCMInitializationFailure" classname="org.apache.hadoop.ozone.TestStorageContainerManager" time="0.03"/>
  <testcase name="testSCMInitialization" classname="org.apache.hadoop.ozone.TestStorageContainerManager" time="0.076"/>
  <testcase name="testScmProcessDatanodeHeartbeat" classname="org.apache.hadoop.ozone.TestStorageContainerManager" time="60.021">
    <error message="test timed out after 60000 milliseconds" type="java.lang.Exception">java.lang.Exception: test timed out after 60000 milliseconds
	at java.lang.Object.wait(Native Method)
	at java.util.concurrent.ForkJoinTask.externalAwaitDone(ForkJoinTask.java:334)
	at java.util.concurrent.ForkJoinTask.doInvoke(ForkJoinTask.java:405)
	at java.util.concurrent.ForkJoinTask.invoke(ForkJoinTask.java:734)
	at java.util.stream.ForEachOps$ForEachOp.evaluateParallel(ForEachOps.java:160)
	at java.util.stream.ForEachOps$ForEachOp$OfRef.evaluateParallel(ForEachOps.java:174)
	at java.util.stream.AbstractPipeline.evaluate(AbstractPipeline.java:233)
	at java.util.stream.ReferencePipeline.forEach(ReferencePipeline.java:418)
	at java.util.stream.ReferencePipeline$Head.forEach(ReferencePipeline.java:583)
	at org.apache.hadoop.ozone.MiniOzoneClusterImpl.stopDatanodes(MiniOzoneClusterImpl.java:379)
	at org.apache.hadoop.ozone.MiniOzoneClusterImpl.stop(MiniOzoneClusterImpl.java:332)
	at org.apache.hadoop.ozone.MiniOzoneClusterImpl.shutdown(MiniOzoneClusterImpl.java:319)
	at org.apache.hadoop.ozone.TestStorageContainerManager.testScmProcessDatanodeHeartbeat(TestStorageContainerManager.java:559)
	at sun.reflect.NativeMethodAccessorImpl.invoke0(Native Method)
	at sun.reflect.NativeMethodAccessorImpl.invoke(NativeMethodAccessorImpl.java:62)
	at sun.reflect.DelegatingMethodAccessorImpl.invoke(DelegatingMethodAccessorImpl.java:43)
	at java.lang.reflect.Method.invoke(Method.java:498)
	at org.junit.runners.model.FrameworkMethod$1.runReflectiveCall(FrameworkMethod.java:47)
	at org.junit.internal.runners.model.ReflectiveCallable.run(ReflectiveCallable.java:12)
	at org.junit.runners.model.FrameworkMethod.invokeExplosively(FrameworkMethod.java:44)
	at org.junit.internal.runners.statements.InvokeMethod.evaluate(InvokeMethod.java:17)
	at org.junit.internal.runners.statements.FailOnTimeout$StatementThread.run(FailOnTimeout.java:74)
</error>
    <system-out><![CDATA[2019-09-24 18:26:51,756 [Thread-1230] WARN  server.ServerUtils (ServerUtils.java:getScmDbDir(145)) - ozone.scm.db.dirs is not configured. We recommend adding this setting. Falling back to ozone.metadata.dirs instead.
2019-09-24 18:26:52,063 [Thread-1230] WARN  server.ServerUtils (ServerUtils.java:getScmDbDir(145)) - ozone.scm.db.dirs is not configured. We recommend adding this setting. Falling back to ozone.metadata.dirs instead.
2019-09-24 18:26:52,064 [Thread-1230] WARN  server.ServerUtils (ServerUtils.java:getScmDbDir(145)) - ozone.scm.db.dirs is not configured. We recommend adding this setting. Falling back to ozone.metadata.dirs instead.
2019-09-24 18:26:52,065 [Thread-1230] INFO  db.DBStoreBuilder (DBStoreBuilder.java:addTable(110)) - using custom profile for table: deletedBlocks
2019-09-24 18:26:52,065 [Thread-1230] INFO  db.DBStoreBuilder (DBStoreBuilder.java:processTables(161)) - Using default column profile:DBProfile.DISK for Table:deletedBlocks
2019-09-24 18:26:52,065 [Thread-1230] INFO  db.DBStoreBuilder (DBStoreBuilder.java:addTable(110)) - using custom profile for table: validCerts
2019-09-24 18:26:52,065 [Thread-1230] INFO  db.DBStoreBuilder (DBStoreBuilder.java:processTables(161)) - Using default column profile:DBProfile.DISK for Table:validCerts
2019-09-24 18:26:52,066 [Thread-1230] INFO  db.DBStoreBuilder (DBStoreBuilder.java:addTable(110)) - using custom profile for table: revokedCerts
2019-09-24 18:26:52,066 [Thread-1230] INFO  db.DBStoreBuilder (DBStoreBuilder.java:processTables(161)) - Using default column profile:DBProfile.DISK for Table:revokedCerts
2019-09-24 18:26:52,066 [Thread-1230] INFO  db.DBStoreBuilder (DBStoreBuilder.java:addTable(110)) - using custom profile for table: default
2019-09-24 18:26:52,066 [Thread-1230] INFO  db.DBStoreBuilder (DBStoreBuilder.java:processTables(167)) - Using default column profile:DBProfile.DISK for Table:default
2019-09-24 18:26:52,066 [Thread-1230] INFO  db.DBStoreBuilder (DBStoreBuilder.java:getDbProfile(198)) - Using default options. DBProfile.DISK
2019-09-24 18:27:03,082 [Thread-1230] INFO  net.NodeSchemaLoader (NodeSchemaLoader.java:loadSchemaFromFile(125)) - Loading file from sun.misc.CompoundEnumeration@278afb5b
2019-09-24 18:27:03,082 [Thread-1230] INFO  net.NodeSchemaLoader (NodeSchemaLoader.java:loadSchema(171)) - Loading network topology layer schema file
2019-09-24 18:27:03,088 [Thread-1230] WARN  server.ServerUtils (ServerUtils.java:sanitizeUserArgs(70)) - ozone.scm.stale.node.interval value = 300000 is larger than max = 100000 based on the key value of ozone.scm.heartbeat.thread.interval, reset to the max value 100000.
2019-09-24 18:27:03,088 [Thread-1230] WARN  server.ServerUtils (ServerUtils.java:sanitizeUserArgs(70)) - ozone.scm.stale.node.interval value = 300000 is larger than max = 100000 based on the key value of ozone.scm.heartbeat.thread.interval, reset to the max value 100000.
2019-09-24 18:27:03,088 [Thread-1230] INFO  node.SCMNodeManager (SCMNodeManager.java:<init>(114)) - Entering startup safe mode.
2019-09-24 18:27:03,090 [Thread-1230] INFO  Configuration.deprecation (Configuration.java:logDeprecation(1394)) - hadoop.configured.node.mapping is deprecated. Instead, use net.topology.configured.node.mapping
2019-09-24 18:27:03,090 [Thread-1230] INFO  algorithms.ContainerPlacementPolicyFactory (ContainerPlacementPolicyFactory.java:getPolicy(57)) - Create container placement policy of type org.apache.hadoop.hdds.scm.container.placement.algorithms.SCMContainerPlacementRandom
2019-09-24 18:27:03,091 [Thread-1230] WARN  server.ServerUtils (ServerUtils.java:getScmDbDir(145)) - ozone.scm.db.dirs is not configured. We recommend adding this setting. Falling back to ozone.metadata.dirs instead.
2019-09-24 18:27:08,971 [Thread-1230] INFO  pipeline.SCMPipelineManager (SCMPipelineManager.java:initializePipelineState(132)) - No pipeline exists in current db
2019-09-24 18:27:08,972 [Thread-1230] WARN  server.ServerUtils (ServerUtils.java:getScmDbDir(145)) - ozone.scm.db.dirs is not configured. We recommend adding this setting. Falling back to ozone.metadata.dirs instead.
2019-09-24 18:27:09,028 [Thread-1230] WARN  events.EventQueue (EventQueue.java:fireEvent(183)) - No event handler registered for event TypedEvent{payloadType=SafeModeStatus, name='SafeModeStatus'}
2019-09-24 18:27:09,029 [Thread-1230] INFO  ipc.CallQueueManager (CallQueueManager.java:<init>(84)) - Using callQueue: class java.util.concurrent.LinkedBlockingQueue, queueCapacity: 2000, scheduler: class org.apache.hadoop.ipc.DefaultRpcScheduler, ipcBackoff: false.
2019-09-24 18:27:09,031 [Socket Reader #1 for port 42574] INFO  ipc.Server (Server.java:run(1074)) - Starting Socket Reader #1 for port 42574
2019-09-24 18:27:09,033 [Thread-1230] INFO  ipc.CallQueueManager (CallQueueManager.java:<init>(84)) - Using callQueue: class java.util.concurrent.LinkedBlockingQueue, queueCapacity: 2000, scheduler: class org.apache.hadoop.ipc.DefaultRpcScheduler, ipcBackoff: false.
2019-09-24 18:27:09,034 [Socket Reader #1 for port 36312] INFO  ipc.Server (Server.java:run(1074)) - Starting Socket Reader #1 for port 36312
2019-09-24 18:27:09,036 [Thread-1230] INFO  ipc.CallQueueManager (CallQueueManager.java:<init>(84)) - Using callQueue: class java.util.concurrent.LinkedBlockingQueue, queueCapacity: 2000, scheduler: class org.apache.hadoop.ipc.DefaultRpcScheduler, ipcBackoff: false.
2019-09-24 18:27:09,037 [Socket Reader #1 for port 37640] INFO  ipc.Server (Server.java:run(1074)) - Starting Socket Reader #1 for port 37640
2019-09-24 18:27:09,039 [Thread-1230] INFO  hdfs.DFSUtil (DFSUtil.java:httpServerTemplateForNNAndJN(1641)) - Starting Web-server for scm at: http://0.0.0.0:0
2019-09-24 18:27:09,042 [Thread-1230] INFO  server.AuthenticationFilter (AuthenticationFilter.java:constructSecretProvider(240)) - Unable to initialize FileSignerSecretProvider, falling back to use random secrets.
2019-09-24 18:27:09,042 [Thread-1230] WARN  http.HttpRequestLog (HttpRequestLog.java:getRequestLog(97)) - Jetty request log can only be enabled using Log4j
2019-09-24 18:27:09,045 [Thread-1230] INFO  http.HttpServer2 (HttpServer2.java:addGlobalFilter(975)) - Added global filter 'safety' (class=org.apache.hadoop.http.HttpServer2$QuotingInputFilter)
2019-09-24 18:27:09,046 [Thread-1230] INFO  http.HttpServer2 (HttpServer2.java:addFilter(948)) - Added filter static_user_filter (class=org.apache.hadoop.http.lib.StaticUserWebFilter$StaticUserFilter) to context scm
2019-09-24 18:27:09,046 [Thread-1230] INFO  http.HttpServer2 (HttpServer2.java:addFilter(958)) - Added filter static_user_filter (class=org.apache.hadoop.http.lib.StaticUserWebFilter$StaticUserFilter) to context static
2019-09-24 18:27:09,047 [Thread-1230] INFO  http.HttpServer2 (HttpServer2.java:addFilter(958)) - Added filter static_user_filter (class=org.apache.hadoop.http.lib.StaticUserWebFilter$StaticUserFilter) to context logs
2019-09-24 18:27:09,050 [Thread-1230] INFO  server.StorageContainerManager (StorageContainerManager.java:start(770)) - StorageContainerLocationProtocol RPC server is listening at /0.0.0.0:37640
2019-09-24 18:27:09,053 [Thread-1230] WARN  impl.MetricsConfig (MetricsConfig.java:loadFirst(134)) - Cannot locate configuration: tried hadoop-metrics2-storagecontainermanager.properties,hadoop-metrics2.properties
2019-09-24 18:27:09,054 [Thread-1230] INFO  impl.MetricsSystemImpl (MetricsSystemImpl.java:startTimer(374)) - Scheduled Metric snapshot period at 10 second(s).
2019-09-24 18:27:09,054 [Thread-1230] INFO  impl.MetricsSystemImpl (MetricsSystemImpl.java:start(191)) - StorageContainerManager metrics system started
2019-09-24 18:27:09,108 [Thread-1230] WARN  impl.MetricsSystemImpl (MetricsSystemImpl.java:register(276)) - Sink prometheus already exists!
2019-09-24 18:27:09,114 [Thread-1230] INFO  server.SCMClientProtocolServer (SCMClientProtocolServer.java:start(151)) - RPC server for Client  is listening at /0.0.0.0:37640
2019-09-24 18:27:09,114 [IPC Server Responder] INFO  ipc.Server (Server.java:run(1314)) - IPC Server Responder: starting
2019-09-24 18:27:09,114 [IPC Server listener on 37640] INFO  ipc.Server (Server.java:run(1153)) - IPC Server listener on 37640: starting
2019-09-24 18:27:09,118 [Thread-1230] INFO  server.StorageContainerManager (StorageContainerManager.java:start(780)) - ScmBlockLocationProtocol RPC server is listening at /0.0.0.0:36312
2019-09-24 18:27:09,118 [Thread-1230] INFO  server.SCMBlockProtocolServer (SCMBlockProtocolServer.java:start(146)) - RPC server for Block Protocol is listening at /0.0.0.0:36312
2019-09-24 18:27:09,118 [IPC Server Responder] INFO  ipc.Server (Server.java:run(1314)) - IPC Server Responder: starting
2019-09-24 18:27:09,118 [IPC Server listener on 36312] INFO  ipc.Server (Server.java:run(1153)) - IPC Server listener on 36312: starting
2019-09-24 18:27:09,122 [Thread-1230] INFO  server.StorageContainerManager (StorageContainerManager.java:start(784)) - ScmDatanodeProtocl RPC server is listening at /0.0.0.0:42574
2019-09-24 18:27:09,122 [Thread-1230] INFO  server.SCMDatanodeProtocolServer (SCMDatanodeProtocolServer.java:start(191)) - RPC server for DataNodes is listening at /0.0.0.0:42574
2019-09-24 18:27:09,122 [IPC Server Responder] INFO  ipc.Server (Server.java:run(1314)) - IPC Server Responder: starting
2019-09-24 18:27:09,123 [IPC Server listener on 42574] INFO  ipc.Server (Server.java:run(1153)) - IPC Server listener on 42574: starting
2019-09-24 18:27:09,126 [Thread-1230] INFO  http.HttpServer2 (HttpServer2.java:bindListener(1191)) - Jetty bound to port 36620
2019-09-24 18:27:09,126 [Thread-1230] INFO  server.Server (Server.java:doStart(351)) - jetty-9.3.25.v20180904, build timestamp: 2018-09-04T21:11:46Z, git hash: 3ce520221d0240229c862b122d2b06c12a625732
2019-09-24 18:27:09,128 [Thread-1230] INFO  handler.ContextHandler (ContextHandler.java:doStart(781)) - Started o.e.j.s.ServletContextHandler@23571c2d{/logs,file:///workdir/hadoop-ozone/integration-test/target/log,AVAILABLE}
2019-09-24 18:27:09,128 [Thread-1230] INFO  handler.ContextHandler (ContextHandler.java:doStart(781)) - Started o.e.j.s.ServletContextHandler@7c4559b5{/static,file:///workdir/hadoop-ozone/integration-test/target/test-classes/webapps/static,AVAILABLE}
2019-09-24 18:27:09,133 [Thread-1230] INFO  handler.ContextHandler (ContextHandler.java:doStart(781)) - Started o.e.j.w.WebAppContext@289d478e{/,file:///workdir/hadoop-ozone/integration-test/target/test-classes/webapps/scm/,AVAILABLE}{/scm}
2019-09-24 18:27:09,133 [Thread-1230] INFO  server.AbstractConnector (AbstractConnector.java:doStart(278)) - Started ServerConnector@ef785e2{HTTP/1.1,[http/1.1]}{0.0.0.0:36620}
2019-09-24 18:27:09,134 [Thread-1230] INFO  server.Server (Server.java:doStart(419)) - Started @462773ms
2019-09-24 18:27:09,134 [Thread-1230] WARN  impl.MetricsSystemImpl (MetricsSystemImpl.java:register(276)) - Sink prometheus already exists!
2019-09-24 18:27:09,135 [Thread-1230] INFO  server.BaseHttpServer (BaseHttpServer.java:updateConnectorAddress(215)) - HTTP server of SCM is listening at http://0.0.0.0:36620
2019-09-24 18:27:09,136 [Thread-1230] WARN  server.ServerUtils (ServerUtils.java:getDBPath(222)) - ozone.om.db.dirs is not configured. We recommend adding this setting. Falling back to ozone.metadata.dirs instead.
2019-09-24 18:27:09,137 [org.apache.hadoop.util.JvmPauseMonitor$Monitor@3b36d1ff] INFO  util.JvmPauseMonitor (JvmPauseMonitor.java:run(188)) - Starting JVM pause monitor
2019-09-24 18:27:14,376 [Thread-1230] WARN  server.ServerUtils (ServerUtils.java:getDBPath(222)) - ozone.om.db.dirs is not configured. We recommend adding this setting. Falling back to ozone.metadata.dirs instead.
2019-09-24 18:27:14,377 [Thread-1230] WARN  server.ServerUtils (ServerUtils.java:getDBPath(222)) - ozone.om.db.dirs is not configured. We recommend adding this setting. Falling back to ozone.metadata.dirs instead.
2019-09-24 18:27:14,377 [Thread-1230] INFO  om.OzoneManager (OzoneManager.java:setOMNodeDetails(652)) - OM Service ID is not set. Setting it to the default ID: omServiceIdDefault
2019-09-24 18:27:14,377 [Thread-1230] INFO  om.OzoneManager (OzoneManager.java:setOMNodeDetails(658)) - OM Node ID is not set. Setting it to the OmStorage's OmID: 2ddd7572-2e56-4732-9b65-62e43548992f
2019-09-24 18:27:14,378 [Thread-1230] INFO  om.OzoneManager (OzoneManager.java:loadOMHAConfigs(609)) - Found matching OM address with OMServiceId: null, OMNodeId: null, RPC Address: localhost:0 and Ratis port: 9872
2019-09-24 18:27:14,388 [Thread-1230] WARN  server.ServerUtils (ServerUtils.java:getDBPath(222)) - ozone.om.db.dirs is not configured. We recommend adding this setting. Falling back to ozone.metadata.dirs instead.
2019-09-24 18:27:14,388 [Thread-1230] INFO  db.DBStoreBuilder (DBStoreBuilder.java:addTable(110)) - using custom profile for table: userTable
2019-09-24 18:27:14,389 [Thread-1230] INFO  db.DBStoreBuilder (DBStoreBuilder.java:processTables(161)) - Using default column profile:DBProfile.DISK for Table:userTable
2019-09-24 18:27:14,389 [Thread-1230] INFO  db.DBStoreBuilder (DBStoreBuilder.java:addTable(110)) - using custom profile for table: volumeTable
2019-09-24 18:27:14,389 [Thread-1230] INFO  db.DBStoreBuilder (DBStoreBuilder.java:processTables(161)) - Using default column profile:DBProfile.DISK for Table:volumeTable
2019-09-24 18:27:14,390 [Thread-1230] INFO  db.DBStoreBuilder (DBStoreBuilder.java:addTable(110)) - using custom profile for table: bucketTable
2019-09-24 18:27:14,390 [Thread-1230] INFO  db.DBStoreBuilder (DBStoreBuilder.java:processTables(161)) - Using default column profile:DBProfile.DISK for Table:bucketTable
2019-09-24 18:27:14,390 [Thread-1230] INFO  db.DBStoreBuilder (DBStoreBuilder.java:addTable(110)) - using custom profile for table: keyTable
2019-09-24 18:27:14,390 [Thread-1230] INFO  db.DBStoreBuilder (DBStoreBuilder.java:processTables(161)) - Using default column profile:DBProfile.DISK for Table:keyTable
2019-09-24 18:27:14,391 [Thread-1230] INFO  db.DBStoreBuilder (DBStoreBuilder.java:addTable(110)) - using custom profile for table: deletedTable
2019-09-24 18:27:14,391 [Thread-1230] INFO  db.DBStoreBuilder (DBStoreBuilder.java:processTables(161)) - Using default column profile:DBProfile.DISK for Table:deletedTable
2019-09-24 18:27:14,391 [Thread-1230] INFO  db.DBStoreBuilder (DBStoreBuilder.java:addTable(110)) - using custom profile for table: openKeyTable
2019-09-24 18:27:14,391 [Thread-1230] INFO  db.DBStoreBuilder (DBStoreBuilder.java:processTables(161)) - Using default column profile:DBProfile.DISK for Table:openKeyTable
2019-09-24 18:27:14,391 [Thread-1230] INFO  db.DBStoreBuilder (DBStoreBuilder.java:addTable(110)) - using custom profile for table: s3Table
2019-09-24 18:27:14,392 [Thread-1230] INFO  db.DBStoreBuilder (DBStoreBuilder.java:processTables(161)) - Using default column profile:DBProfile.DISK for Table:s3Table
2019-09-24 18:27:14,392 [Thread-1230] INFO  db.DBStoreBuilder (DBStoreBuilder.java:addTable(110)) - using custom profile for table: multipartInfoTable
2019-09-24 18:27:14,392 [Thread-1230] INFO  db.DBStoreBuilder (DBStoreBuilder.java:processTables(161)) - Using default column profile:DBProfile.DISK for Table:multipartInfoTable
2019-09-24 18:27:14,392 [Thread-1230] INFO  db.DBStoreBuilder (DBStoreBuilder.java:addTable(110)) - using custom profile for table: dTokenTable
2019-09-24 18:27:14,393 [Thread-1230] INFO  db.DBStoreBuilder (DBStoreBuilder.java:processTables(161)) - Using default column profile:DBProfile.DISK for Table:dTokenTable
2019-09-24 18:27:14,393 [Thread-1230] INFO  db.DBStoreBuilder (DBStoreBuilder.java:addTable(110)) - using custom profile for table: s3SecretTable
2019-09-24 18:27:14,393 [Thread-1230] INFO  db.DBStoreBuilder (DBStoreBuilder.java:processTables(161)) - Using default column profile:DBProfile.DISK for Table:s3SecretTable
2019-09-24 18:27:14,393 [Thread-1230] INFO  db.DBStoreBuilder (DBStoreBuilder.java:addTable(110)) - using custom profile for table: prefixTable
2019-09-24 18:27:14,393 [Thread-1230] INFO  db.DBStoreBuilder (DBStoreBuilder.java:processTables(161)) - Using default column profile:DBProfile.DISK for Table:prefixTable
2019-09-24 18:27:14,394 [Thread-1230] INFO  db.DBStoreBuilder (DBStoreBuilder.java:addTable(110)) - using custom profile for table: default
2019-09-24 18:27:14,394 [Thread-1230] INFO  db.DBStoreBuilder (DBStoreBuilder.java:processTables(167)) - Using default column profile:DBProfile.DISK for Table:default
2019-09-24 18:27:14,394 [Thread-1230] INFO  db.DBStoreBuilder (DBStoreBuilder.java:getDbProfile(198)) - Using default options. DBProfile.DISK
2019-09-24 18:27:27,871 [Thread-1230] INFO  ipc.CallQueueManager (CallQueueManager.java:<init>(84)) - Using callQueue: class java.util.concurrent.LinkedBlockingQueue, queueCapacity: 2000, scheduler: class org.apache.hadoop.ipc.DefaultRpcScheduler, ipcBackoff: false.
2019-09-24 18:27:27,873 [Socket Reader #1 for port 35513] INFO  ipc.Server (Server.java:run(1074)) - Starting Socket Reader #1 for port 35513
2019-09-24 18:27:27,894 [Thread-1230] INFO  om.OzoneManager (OzoneManager.java:start(1243)) - OzoneManager RPC server is listening at localhost/127.0.0.1:35513
2019-09-24 18:27:27,894 [Thread-1230] INFO  impl.MetricsSystemImpl (MetricsSystemImpl.java:init(158)) - OzoneManager metrics system started (again)
2019-09-24 18:27:27,895 [IPC Server Responder] INFO  ipc.Server (Server.java:run(1314)) - IPC Server Responder: starting
2019-09-24 18:27:27,895 [IPC Server listener on 35513] INFO  ipc.Server (Server.java:run(1153)) - IPC Server listener on 35513: starting
2019-09-24 18:27:27,900 [Thread-1230] INFO  hdfs.DFSUtil (DFSUtil.java:httpServerTemplateForNNAndJN(1641)) - Starting Web-server for ozoneManager at: http://0.0.0.0:0
2019-09-24 18:27:27,903 [Thread-1230] INFO  server.AuthenticationFilter (AuthenticationFilter.java:constructSecretProvider(240)) - Unable to initialize FileSignerSecretProvider, falling back to use random secrets.
2019-09-24 18:27:27,904 [Thread-1230] WARN  http.HttpRequestLog (HttpRequestLog.java:getRequestLog(97)) - Jetty request log can only be enabled using Log4j
2019-09-24 18:27:27,907 [Thread-1230] INFO  http.HttpServer2 (HttpServer2.java:addGlobalFilter(975)) - Added global filter 'safety' (class=org.apache.hadoop.http.HttpServer2$QuotingInputFilter)
2019-09-24 18:27:27,908 [Thread-1230] INFO  http.HttpServer2 (HttpServer2.java:addFilter(948)) - Added filter static_user_filter (class=org.apache.hadoop.http.lib.StaticUserWebFilter$StaticUserFilter) to context ozoneManager
2019-09-24 18:27:27,908 [Thread-1230] INFO  http.HttpServer2 (HttpServer2.java:addFilter(958)) - Added filter static_user_filter (class=org.apache.hadoop.http.lib.StaticUserWebFilter$StaticUserFilter) to context logs
2019-09-24 18:27:27,908 [Thread-1230] INFO  http.HttpServer2 (HttpServer2.java:addFilter(958)) - Added filter static_user_filter (class=org.apache.hadoop.http.lib.StaticUserWebFilter$StaticUserFilter) to context static
2019-09-24 18:27:27,910 [Thread-1230] INFO  http.HttpServer2 (HttpServer2.java:bindListener(1191)) - Jetty bound to port 36619
2019-09-24 18:27:27,910 [Thread-1230] INFO  server.Server (Server.java:doStart(351)) - jetty-9.3.25.v20180904, build timestamp: 2018-09-04T21:11:46Z, git hash: 3ce520221d0240229c862b122d2b06c12a625732
2019-09-24 18:27:27,913 [Thread-1230] INFO  handler.ContextHandler (ContextHandler.java:doStart(781)) - Started o.e.j.s.ServletContextHandler@39ab07dd{/logs,file:///workdir/hadoop-ozone/integration-test/target/log,AVAILABLE}
2019-09-24 18:27:27,913 [Thread-1230] INFO  handler.ContextHandler (ContextHandler.java:doStart(781)) - Started o.e.j.s.ServletContextHandler@75826a3{/static,file:///workdir/hadoop-ozone/integration-test/target/test-classes/webapps/static,AVAILABLE}
2019-09-24 18:27:27,919 [Thread-1230] INFO  handler.ContextHandler (ContextHandler.java:doStart(781)) - Started o.e.j.w.WebAppContext@6fa1c80f{/,file:///workdir/hadoop-ozone/integration-test/target/test-classes/webapps/ozoneManager/,AVAILABLE}{/ozoneManager}
2019-09-24 18:27:27,920 [Thread-1230] INFO  server.AbstractConnector (AbstractConnector.java:doStart(278)) - Started ServerConnector@cf25b1c{HTTP/1.1,[http/1.1]}{0.0.0.0:36619}
2019-09-24 18:27:27,921 [Thread-1230] INFO  server.Server (Server.java:doStart(419)) - Started @481560ms
2019-09-24 18:27:27,921 [Thread-1230] WARN  impl.MetricsSystemImpl (MetricsSystemImpl.java:register(276)) - Sink prometheus already exists!
2019-09-24 18:27:27,922 [Thread-1230] INFO  server.BaseHttpServer (BaseHttpServer.java:updateConnectorAddress(215)) - HTTP server of OZONEMANAGER is listening at http://0.0.0.0:36619
2019-09-24 18:27:27,932 [Thread-1230] INFO  impl.MetricsSystemImpl (MetricsSystemImpl.java:init(158)) - HddsDatanode metrics system started (again)
2019-09-24 18:27:27,935 [Thread-1230] INFO  ozone.HddsDatanodeService (HddsDatanodeService.java:start(184)) - HddsDatanodeService host:pr-hdds-2149-fgl4f-1742389470 ip:192.168.5.148
2019-09-24 18:27:27,941 [Thread-1230] INFO  volume.HddsVolume (HddsVolume.java:<init>(176)) - Creating Volume: /workdir/hadoop-ozone/integration-test/target/test-dir/MiniOzoneClusterImpl-ea81ebbc-5455-47af-aebd-50bb68a5027b/datanode-0/data/containers/hdds of  storage type : DISK and capacity : 1482555576320
2019-09-24 18:27:27,941 [Thread-1230] INFO  volume.VolumeSet (VolumeSet.java:initializeVolumeSet(170)) - Added Volume : /workdir/hadoop-ozone/integration-test/target/test-dir/MiniOzoneClusterImpl-ea81ebbc-5455-47af-aebd-50bb68a5027b/datanode-0/data/containers/hdds to VolumeSet
2019-09-24 18:27:27,941 [Thread-1230] INFO  volume.ThrottledAsyncChecker (ThrottledAsyncChecker.java:schedule(139)) - Scheduling a check for org.apache.hadoop.ozone.container.common.volume.HddsVolume@6c484fe7
2019-09-24 18:27:27,942 [Thread-1230] INFO  volume.HddsVolumeChecker (HddsVolumeChecker.java:checkAllVolumes(202)) - Scheduled health check for volume org.apache.hadoop.ozone.container.common.volume.HddsVolume@6c484fe7
2019-09-24 18:27:27,960 [Thread-1230] INFO  impl.RaftServerProxy (ConfUtils.java:logGet(43)) - raft.rpc.type = GRPC (default)
2019-09-24 18:27:27,961 [Thread-1230] INFO  grpc.GrpcFactory (GrpcFactory.java:checkPooledByteBufAllocatorUseCacheForAllThreads(45)) - PERFORMANCE WARNING: useCacheForAllThreads is true that may cause Netty to create a lot garbage objects and, as a result, trigger GC.
	It is recommended to disable useCacheForAllThreads by setting -Dorg.apache.ratis.thirdparty.io.netty.allocator.useCacheForAllThreads=false in command line.
2019-09-24 18:27:27,961 [Thread-1230] INFO  grpc.GrpcConfigKeys$Server (ConfUtils.java:logGet(43)) - raft.grpc.server.port = 0 (default)
2019-09-24 18:27:27,961 [Thread-1230] INFO  server.GrpcService (ConfUtils.java:logGet(43)) - raft.grpc.message.size.max = 33570816 (custom)
2019-09-24 18:27:27,961 [Thread-1230] INFO  server.RaftServerConfigKeys (ConfUtils.java:logGet(43)) - raft.server.log.appender.buffer.byte-limit = 33554432 (custom)
2019-09-24 18:27:27,962 [Thread-1230] INFO  server.GrpcService (ConfUtils.java:logGet(43)) - raft.grpc.flow.control.window = 1MB (=1048576) (default)
2019-09-24 18:27:27,962 [Thread-1230] INFO  server.RaftServerConfigKeys (ConfUtils.java:logGet(43)) - raft.server.rpc.request.timeout = 3000ms (default)
2019-09-24 18:27:27,962 [Thread-1230] INFO  server.RaftServerConfigKeys (ConfUtils.java:logGet(43)) - raft.server.storage.dir = [/workdir/hadoop-ozone/integration-test/target/test-dir/MiniOzoneClusterImpl-ea81ebbc-5455-47af-aebd-50bb68a5027b/datanode-0/data/ratis] (custom)
2019-09-24 18:27:27,964 [Thread-1230] INFO  hdfs.DFSUtil (DFSUtil.java:httpServerTemplateForNNAndJN(1641)) - Starting Web-server for hddsDatanode at: http://0.0.0.0:0
2019-09-24 18:27:27,966 [Thread-1230] INFO  server.AuthenticationFilter (AuthenticationFilter.java:constructSecretProvider(240)) - Unable to initialize FileSignerSecretProvider, falling back to use random secrets.
2019-09-24 18:27:27,966 [Thread-1230] WARN  http.HttpRequestLog (HttpRequestLog.java:getRequestLog(97)) - Jetty request log can only be enabled using Log4j
2019-09-24 18:27:27,968 [Thread-1230] INFO  http.HttpServer2 (HttpServer2.java:addGlobalFilter(975)) - Added global filter 'safety' (class=org.apache.hadoop.http.HttpServer2$QuotingInputFilter)
2019-09-24 18:27:27,968 [Thread-1230] INFO  http.HttpServer2 (HttpServer2.java:addFilter(948)) - Added filter static_user_filter (class=org.apache.hadoop.http.lib.StaticUserWebFilter$StaticUserFilter) to context hddsDatanode
2019-09-24 18:27:27,969 [Thread-1230] INFO  http.HttpServer2 (HttpServer2.java:addFilter(958)) - Added filter static_user_filter (class=org.apache.hadoop.http.lib.StaticUserWebFilter$StaticUserFilter) to context logs
2019-09-24 18:27:27,969 [Thread-1230] INFO  http.HttpServer2 (HttpServer2.java:addFilter(958)) - Added filter static_user_filter (class=org.apache.hadoop.http.lib.StaticUserWebFilter$StaticUserFilter) to context static
2019-09-24 18:27:27,970 [Thread-1230] INFO  http.HttpServer2 (HttpServer2.java:bindListener(1191)) - Jetty bound to port 38517
2019-09-24 18:27:27,970 [Thread-1230] INFO  server.Server (Server.java:doStart(351)) - jetty-9.3.25.v20180904, build timestamp: 2018-09-04T21:11:46Z, git hash: 3ce520221d0240229c862b122d2b06c12a625732
2019-09-24 18:27:27,972 [Thread-1230] INFO  handler.ContextHandler (ContextHandler.java:doStart(781)) - Started o.e.j.s.ServletContextHandler@2926b084{/logs,file:///workdir/hadoop-ozone/integration-test/target/log,AVAILABLE}
2019-09-24 18:27:27,972 [Thread-1230] INFO  handler.ContextHandler (ContextHandler.java:doStart(781)) - Started o.e.j.s.ServletContextHandler@188a51c9{/static,jar:file:/home/user/.m2/repository/org/apache/hadoop/hadoop-hdds-container-service/0.5.0-SNAPSHOT/hadoop-hdds-container-service-0.5.0-SNAPSHOT.jar!/webapps/static,AVAILABLE}
2019-09-24 18:27:28,007 [Thread-1230] INFO  handler.ContextHandler (ContextHandler.java:doStart(781)) - Started o.e.j.w.WebAppContext@63cd1943{/,file:///tmp/jetty-0.0.0.0-38517-hddsDatanode-_-any-5054127972555403918.dir/webapp/,AVAILABLE}{/hddsDatanode}
2019-09-24 18:27:28,008 [Thread-1230] INFO  server.AbstractConnector (AbstractConnector.java:doStart(278)) - Started ServerConnector@68511240{HTTP/1.1,[http/1.1]}{0.0.0.0:38517}
2019-09-24 18:27:28,009 [Thread-1230] INFO  server.Server (Server.java:doStart(419)) - Started @481648ms
2019-09-24 18:27:28,009 [Thread-1230] WARN  impl.MetricsSystemImpl (MetricsSystemImpl.java:register(276)) - Sink prometheus already exists!
2019-09-24 18:27:28,010 [Thread-1230] INFO  server.BaseHttpServer (BaseHttpServer.java:updateConnectorAddress(215)) - HTTP server of HDDSDATANODE is listening at http://0.0.0.0:38517
2019-09-24 18:27:28,010 [Thread-1230] INFO  impl.MetricsSystemImpl (MetricsSystemImpl.java:init(158)) - HddsDatanode metrics system started (again)
2019-09-24 18:27:28,014 [org.apache.hadoop.util.JvmPauseMonitor$Monitor@326bb5ed] INFO  util.JvmPauseMonitor (JvmPauseMonitor.java:run(188)) - Starting JVM pause monitor
2019-09-24 18:27:28,014 [Thread-1230] INFO  ozone.HddsDatanodeService (HddsDatanodeService.java:start(184)) - HddsDatanodeService host:pr-hdds-2149-fgl4f-1742389470 ip:192.168.5.148
2019-09-24 18:27:28,015 [Datanode State Machine Thread - 0] INFO  datanode.InitDatanodeState (InitDatanodeState.java:persistContainerDatanodeDetails(140)) - DatanodeDetails is persisted to /workdir/hadoop-ozone/integration-test/target/test-dir/MiniOzoneClusterImpl-ea81ebbc-5455-47af-aebd-50bb68a5027b/datanode-0/meta/datanode.id
2019-09-24 18:27:28,019 [Thread-1230] INFO  volume.HddsVolume (HddsVolume.java:<init>(176)) - Creating Volume: /workdir/hadoop-ozone/integration-test/target/test-dir/MiniOzoneClusterImpl-ea81ebbc-5455-47af-aebd-50bb68a5027b/datanode-1/data/containers/hdds of  storage type : DISK and capacity : 1482555576320
2019-09-24 18:27:28,019 [Thread-1230] INFO  volume.VolumeSet (VolumeSet.java:initializeVolumeSet(170)) - Added Volume : /workdir/hadoop-ozone/integration-test/target/test-dir/MiniOzoneClusterImpl-ea81ebbc-5455-47af-aebd-50bb68a5027b/datanode-1/data/containers/hdds to VolumeSet
2019-09-24 18:27:28,019 [Thread-1230] INFO  volume.ThrottledAsyncChecker (ThrottledAsyncChecker.java:schedule(139)) - Scheduling a check for org.apache.hadoop.ozone.container.common.volume.HddsVolume@3fccb190
2019-09-24 18:27:28,020 [Thread-1230] INFO  volume.HddsVolumeChecker (HddsVolumeChecker.java:checkAllVolumes(202)) - Scheduled health check for volume org.apache.hadoop.ozone.container.common.volume.HddsVolume@3fccb190
2019-09-24 18:27:28,034 [Thread-1230] INFO  impl.RaftServerProxy (ConfUtils.java:logGet(43)) - raft.rpc.type = GRPC (default)
2019-09-24 18:27:28,034 [Thread-1230] INFO  grpc.GrpcFactory (GrpcFactory.java:checkPooledByteBufAllocatorUseCacheForAllThreads(45)) - PERFORMANCE WARNING: useCacheForAllThreads is true that may cause Netty to create a lot garbage objects and, as a result, trigger GC.
	It is recommended to disable useCacheForAllThreads by setting -Dorg.apache.ratis.thirdparty.io.netty.allocator.useCacheForAllThreads=false in command line.
2019-09-24 18:27:28,035 [Thread-1230] INFO  grpc.GrpcConfigKeys$Server (ConfUtils.java:logGet(43)) - raft.grpc.server.port = 0 (default)
2019-09-24 18:27:28,035 [Thread-1230] INFO  server.GrpcService (ConfUtils.java:logGet(43)) - raft.grpc.message.size.max = 33570816 (custom)
2019-09-24 18:27:28,035 [Thread-1230] INFO  server.RaftServerConfigKeys (ConfUtils.java:logGet(43)) - raft.server.log.appender.buffer.byte-limit = 33554432 (custom)
2019-09-24 18:27:28,035 [Thread-1230] INFO  server.GrpcService (ConfUtils.java:logGet(43)) - raft.grpc.flow.control.window = 1MB (=1048576) (default)
2019-09-24 18:27:28,035 [Thread-1230] INFO  server.RaftServerConfigKeys (ConfUtils.java:logGet(43)) - raft.server.rpc.request.timeout = 3000ms (default)
2019-09-24 18:27:28,036 [Thread-1230] INFO  server.RaftServerConfigKeys (ConfUtils.java:logGet(43)) - raft.server.storage.dir = [/workdir/hadoop-ozone/integration-test/target/test-dir/MiniOzoneClusterImpl-ea81ebbc-5455-47af-aebd-50bb68a5027b/datanode-1/data/ratis] (custom)
2019-09-24 18:27:28,037 [Thread-1230] INFO  hdfs.DFSUtil (DFSUtil.java:httpServerTemplateForNNAndJN(1641)) - Starting Web-server for hddsDatanode at: http://0.0.0.0:0
2019-09-24 18:27:28,038 [Thread-1230] INFO  server.AuthenticationFilter (AuthenticationFilter.java:constructSecretProvider(240)) - Unable to initialize FileSignerSecretProvider, falling back to use random secrets.
2019-09-24 18:27:28,038 [Thread-1230] WARN  http.HttpRequestLog (HttpRequestLog.java:getRequestLog(97)) - Jetty request log can only be enabled using Log4j
2019-09-24 18:27:28,040 [Thread-1230] INFO  http.HttpServer2 (HttpServer2.java:addGlobalFilter(975)) - Added global filter 'safety' (class=org.apache.hadoop.http.HttpServer2$QuotingInputFilter)
2019-09-24 18:27:28,040 [Thread-1230] INFO  http.HttpServer2 (HttpServer2.java:addFilter(948)) - Added filter static_user_filter (class=org.apache.hadoop.http.lib.StaticUserWebFilter$StaticUserFilter) to context hddsDatanode
2019-09-24 18:27:28,040 [Thread-1230] INFO  http.HttpServer2 (HttpServer2.java:addFilter(958)) - Added filter static_user_filter (class=org.apache.hadoop.http.lib.StaticUserWebFilter$StaticUserFilter) to context static
2019-09-24 18:27:28,040 [Thread-1230] INFO  http.HttpServer2 (HttpServer2.java:addFilter(958)) - Added filter static_user_filter (class=org.apache.hadoop.http.lib.StaticUserWebFilter$StaticUserFilter) to context logs
2019-09-24 18:27:28,041 [Thread-1230] INFO  http.HttpServer2 (HttpServer2.java:bindListener(1191)) - Jetty bound to port 44100
2019-09-24 18:27:28,041 [Thread-1230] INFO  server.Server (Server.java:doStart(351)) - jetty-9.3.25.v20180904, build timestamp: 2018-09-04T21:11:46Z, git hash: 3ce520221d0240229c862b122d2b06c12a625732
2019-09-24 18:27:28,043 [Thread-1230] INFO  handler.ContextHandler (ContextHandler.java:doStart(781)) - Started o.e.j.s.ServletContextHandler@3df33354{/logs,file:///workdir/hadoop-ozone/integration-test/target/log,AVAILABLE}
2019-09-24 18:27:28,043 [Thread-1230] INFO  handler.ContextHandler (ContextHandler.java:doStart(781)) - Started o.e.j.s.ServletContextHandler@5d4ab71{/static,jar:file:/home/user/.m2/repository/org/apache/hadoop/hadoop-hdds-container-service/0.5.0-SNAPSHOT/hadoop-hdds-container-service-0.5.0-SNAPSHOT.jar!/webapps/static,AVAILABLE}
2019-09-24 18:27:28,070 [Thread-1230] INFO  handler.ContextHandler (ContextHandler.java:doStart(781)) - Started o.e.j.w.WebAppContext@2f2292d5{/,file:///tmp/jetty-0.0.0.0-44100-hddsDatanode-_-any-6786375909321130227.dir/webapp/,AVAILABLE}{/hddsDatanode}
2019-09-24 18:27:28,071 [Thread-1230] INFO  server.AbstractConnector (AbstractConnector.java:doStart(278)) - Started ServerConnector@760e7134{HTTP/1.1,[http/1.1]}{0.0.0.0:44100}
2019-09-24 18:27:28,072 [Thread-1230] INFO  server.Server (Server.java:doStart(419)) - Started @481711ms
2019-09-24 18:27:28,072 [Thread-1230] WARN  impl.MetricsSystemImpl (MetricsSystemImpl.java:register(276)) - Sink prometheus already exists!
2019-09-24 18:27:28,072 [Thread-1230] INFO  server.BaseHttpServer (BaseHttpServer.java:updateConnectorAddress(215)) - HTTP server of HDDSDATANODE is listening at http://0.0.0.0:44100
2019-09-24 18:27:28,073 [Thread-1230] INFO  impl.MetricsSystemImpl (MetricsSystemImpl.java:init(158)) - HddsDatanode metrics system started (again)
2019-09-24 18:27:28,076 [Thread-1230] INFO  ozone.HddsDatanodeService (HddsDatanodeService.java:start(184)) - HddsDatanodeService host:pr-hdds-2149-fgl4f-1742389470 ip:192.168.5.148
2019-09-24 18:27:28,076 [org.apache.hadoop.util.JvmPauseMonitor$Monitor@24223884] INFO  util.JvmPauseMonitor (JvmPauseMonitor.java:run(188)) - Starting JVM pause monitor
2019-09-24 18:27:28,078 [Datanode State Machine Thread - 0] INFO  datanode.InitDatanodeState (InitDatanodeState.java:persistContainerDatanodeDetails(140)) - DatanodeDetails is persisted to /workdir/hadoop-ozone/integration-test/target/test-dir/MiniOzoneClusterImpl-ea81ebbc-5455-47af-aebd-50bb68a5027b/datanode-1/meta/datanode.id
2019-09-24 18:27:28,081 [Thread-1230] INFO  volume.HddsVolume (HddsVolume.java:<init>(176)) - Creating Volume: /workdir/hadoop-ozone/integration-test/target/test-dir/MiniOzoneClusterImpl-ea81ebbc-5455-47af-aebd-50bb68a5027b/datanode-2/data/containers/hdds of  storage type : DISK and capacity : 1482555576320
2019-09-24 18:27:28,081 [Thread-1230] INFO  volume.VolumeSet (VolumeSet.java:initializeVolumeSet(170)) - Added Volume : /workdir/hadoop-ozone/integration-test/target/test-dir/MiniOzoneClusterImpl-ea81ebbc-5455-47af-aebd-50bb68a5027b/datanode-2/data/containers/hdds to VolumeSet
2019-09-24 18:27:28,082 [Thread-1230] INFO  volume.ThrottledAsyncChecker (ThrottledAsyncChecker.java:schedule(139)) - Scheduling a check for org.apache.hadoop.ozone.container.common.volume.HddsVolume@b961962
2019-09-24 18:27:28,082 [Thread-1230] INFO  volume.HddsVolumeChecker (HddsVolumeChecker.java:checkAllVolumes(202)) - Scheduled health check for volume org.apache.hadoop.ozone.container.common.volume.HddsVolume@b961962
2019-09-24 18:27:28,095 [Thread-1230] INFO  impl.RaftServerProxy (ConfUtils.java:logGet(43)) - raft.rpc.type = GRPC (default)
2019-09-24 18:27:28,095 [Thread-1230] INFO  grpc.GrpcFactory (GrpcFactory.java:checkPooledByteBufAllocatorUseCacheForAllThreads(45)) - PERFORMANCE WARNING: useCacheForAllThreads is true that may cause Netty to create a lot garbage objects and, as a result, trigger GC.
	It is recommended to disable useCacheForAllThreads by setting -Dorg.apache.ratis.thirdparty.io.netty.allocator.useCacheForAllThreads=false in command line.
2019-09-24 18:27:28,096 [Thread-1230] INFO  grpc.GrpcConfigKeys$Server (ConfUtils.java:logGet(43)) - raft.grpc.server.port = 0 (default)
2019-09-24 18:27:28,096 [Thread-1230] INFO  server.GrpcService (ConfUtils.java:logGet(43)) - raft.grpc.message.size.max = 33570816 (custom)
2019-09-24 18:27:28,096 [Thread-1230] INFO  server.RaftServerConfigKeys (ConfUtils.java:logGet(43)) - raft.server.log.appender.buffer.byte-limit = 33554432 (custom)
2019-09-24 18:27:28,096 [Thread-1230] INFO  server.GrpcService (ConfUtils.java:logGet(43)) - raft.grpc.flow.control.window = 1MB (=1048576) (default)
2019-09-24 18:27:28,096 [Thread-1230] INFO  server.RaftServerConfigKeys (ConfUtils.java:logGet(43)) - raft.server.rpc.request.timeout = 3000ms (default)
2019-09-24 18:27:28,097 [Thread-1230] INFO  server.RaftServerConfigKeys (ConfUtils.java:logGet(43)) - raft.server.storage.dir = [/workdir/hadoop-ozone/integration-test/target/test-dir/MiniOzoneClusterImpl-ea81ebbc-5455-47af-aebd-50bb68a5027b/datanode-2/data/ratis] (custom)
2019-09-24 18:27:28,098 [Thread-1230] INFO  hdfs.DFSUtil (DFSUtil.java:httpServerTemplateForNNAndJN(1641)) - Starting Web-server for hddsDatanode at: http://0.0.0.0:0
2019-09-24 18:27:28,099 [Thread-1230] INFO  server.AuthenticationFilter (AuthenticationFilter.java:constructSecretProvider(240)) - Unable to initialize FileSignerSecretProvider, falling back to use random secrets.
2019-09-24 18:27:28,099 [Thread-1230] WARN  http.HttpRequestLog (HttpRequestLog.java:getRequestLog(97)) - Jetty request log can only be enabled using Log4j
2019-09-24 18:27:28,100 [Thread-1230] INFO  http.HttpServer2 (HttpServer2.java:addGlobalFilter(975)) - Added global filter 'safety' (class=org.apache.hadoop.http.HttpServer2$QuotingInputFilter)
2019-09-24 18:27:28,101 [Thread-1230] INFO  http.HttpServer2 (HttpServer2.java:addFilter(948)) - Added filter static_user_filter (class=org.apache.hadoop.http.lib.StaticUserWebFilter$StaticUserFilter) to context hddsDatanode
2019-09-24 18:27:28,101 [Thread-1230] INFO  http.HttpServer2 (HttpServer2.java:addFilter(958)) - Added filter static_user_filter (class=org.apache.hadoop.http.lib.StaticUserWebFilter$StaticUserFilter) to context static
2019-09-24 18:27:28,101 [Thread-1230] INFO  http.HttpServer2 (HttpServer2.java:addFilter(958)) - Added filter static_user_filter (class=org.apache.hadoop.http.lib.StaticUserWebFilter$StaticUserFilter) to context logs
2019-09-24 18:27:28,102 [Thread-1230] INFO  http.HttpServer2 (HttpServer2.java:bindListener(1191)) - Jetty bound to port 44971
2019-09-24 18:27:28,102 [Thread-1230] INFO  server.Server (Server.java:doStart(351)) - jetty-9.3.25.v20180904, build timestamp: 2018-09-04T21:11:46Z, git hash: 3ce520221d0240229c862b122d2b06c12a625732
2019-09-24 18:27:28,103 [Thread-1230] INFO  handler.ContextHandler (ContextHandler.java:doStart(781)) - Started o.e.j.s.ServletContextHandler@b94df38{/logs,file:///workdir/hadoop-ozone/integration-test/target/log,AVAILABLE}
2019-09-24 18:27:28,104 [Thread-1230] INFO  handler.ContextHandler (ContextHandler.java:doStart(781)) - Started o.e.j.s.ServletContextHandler@12a0bcd9{/static,jar:file:/home/user/.m2/repository/org/apache/hadoop/hadoop-hdds-container-service/0.5.0-SNAPSHOT/hadoop-hdds-container-service-0.5.0-SNAPSHOT.jar!/webapps/static,AVAILABLE}
2019-09-24 18:27:28,132 [Thread-1230] INFO  handler.ContextHandler (ContextHandler.java:doStart(781)) - Started o.e.j.w.WebAppContext@2b884d6f{/,file:///tmp/jetty-0.0.0.0-44971-hddsDatanode-_-any-8996535208824896485.dir/webapp/,AVAILABLE}{/hddsDatanode}
2019-09-24 18:27:28,132 [Thread-1230] INFO  server.AbstractConnector (AbstractConnector.java:doStart(278)) - Started ServerConnector@4d98bf72{HTTP/1.1,[http/1.1]}{0.0.0.0:44971}
2019-09-24 18:27:28,133 [Thread-1230] INFO  server.Server (Server.java:doStart(419)) - Started @481772ms
2019-09-24 18:27:28,133 [Thread-1230] WARN  impl.MetricsSystemImpl (MetricsSystemImpl.java:register(276)) - Sink prometheus already exists!
2019-09-24 18:27:28,134 [Thread-1230] INFO  server.BaseHttpServer (BaseHttpServer.java:updateConnectorAddress(215)) - HTTP server of HDDSDATANODE is listening at http://0.0.0.0:44971
2019-09-24 18:27:28,134 [Thread-1230] INFO  ozone.MiniOzoneClusterImpl (MiniOzoneClusterImpl.java:lambda$waitForClusterToBeReady$0(147)) - Waiting for cluster to be ready. Got 0 of 3 DN Heartbeats.
2019-09-24 18:27:28,137 [org.apache.hadoop.util.JvmPauseMonitor$Monitor@52a5ff4] INFO  util.JvmPauseMonitor (JvmPauseMonitor.java:run(188)) - Starting JVM pause monitor
2019-09-24 18:27:28,138 [Datanode State Machine Thread - 0] INFO  datanode.InitDatanodeState (InitDatanodeState.java:persistContainerDatanodeDetails(140)) - DatanodeDetails is persisted to /workdir/hadoop-ozone/integration-test/target/test-dir/MiniOzoneClusterImpl-ea81ebbc-5455-47af-aebd-50bb68a5027b/datanode-2/meta/datanode.id
2019-09-24 18:27:29,134 [Thread-1230] INFO  ozone.MiniOzoneClusterImpl (MiniOzoneClusterImpl.java:lambda$waitForClusterToBeReady$0(147)) - Waiting for cluster to be ready. Got 0 of 3 DN Heartbeats.
2019-09-24 18:27:30,035 [Datanode State Machine Thread - 0] INFO  ozoneimpl.OzoneContainer (OzoneContainer.java:start(217)) - Attempting to start container services.
2019-09-24 18:27:30,037 [Datanode State Machine Thread - 0] INFO  ozoneimpl.OzoneContainer (OzoneContainer.java:startContainerScrub(179)) - Background container scanner has been disabled.
2019-09-24 18:27:30,037 [Datanode State Machine Thread - 0] INFO  ratis.XceiverServerRatis (XceiverServerRatis.java:start(411)) - Starting XceiverServerRatis f025790a-2617-4056-bf74-508142b240c4 at port 0
2019-09-24 18:27:30,044 [Datanode State Machine Thread - 0] INFO  impl.RaftServerProxy (RaftServerProxy.java:lambda$start$3(299)) - f025790a-2617-4056-bf74-508142b240c4: start RPC server
2019-09-24 18:27:30,047 [Datanode State Machine Thread - 0] INFO  server.GrpcService (GrpcService.java:startImpl(158)) - f025790a-2617-4056-bf74-508142b240c4: GrpcService started, listening on 0.0.0.0/0.0.0.0:44030
2019-09-24 18:27:30,047 [Datanode State Machine Thread - 0] INFO  ratis.XceiverServerRatis (XceiverServerRatis.java:start(421)) - XceiverServerRatis f025790a-2617-4056-bf74-508142b240c4 is started using port 44030
2019-09-24 18:27:30,049 [Datanode State Machine Thread - 0] INFO  server.XceiverServerGrpc (XceiverServerGrpc.java:start(149)) - XceiverServerGrpc f025790a-2617-4056-bf74-508142b240c4 is started using port 42297
2019-09-24 18:27:30,135 [Thread-1230] INFO  ozone.MiniOzoneClusterImpl (MiniOzoneClusterImpl.java:lambda$waitForClusterToBeReady$0(147)) - Waiting for cluster to be ready. Got 0 of 3 DN Heartbeats.
2019-09-24 18:27:30,675 [Datanode State Machine Thread - 0] INFO  ozoneimpl.OzoneContainer (OzoneContainer.java:start(217)) - Attempting to start container services.
2019-09-24 18:27:30,675 [Datanode State Machine Thread - 0] INFO  ozoneimpl.OzoneContainer (OzoneContainer.java:start(217)) - Attempting to start container services.
2019-09-24 18:27:30,679 [Datanode State Machine Thread - 0] INFO  ozoneimpl.OzoneContainer (OzoneContainer.java:startContainerScrub(179)) - Background container scanner has been disabled.
2019-09-24 18:27:30,682 [Datanode State Machine Thread - 0] INFO  ozoneimpl.OzoneContainer (OzoneContainer.java:startContainerScrub(179)) - Background container scanner has been disabled.
2019-09-24 18:27:30,683 [Datanode State Machine Thread - 0] INFO  ratis.XceiverServerRatis (XceiverServerRatis.java:start(411)) - Starting XceiverServerRatis f4161382-b349-4b3c-8c6b-b4da20d182c5 at port 0
2019-09-24 18:27:30,683 [Datanode State Machine Thread - 0] INFO  ratis.XceiverServerRatis (XceiverServerRatis.java:start(411)) - Starting XceiverServerRatis d6330460-d8c6-4b7a-b2c9-2d7903c7bb62 at port 0
2019-09-24 18:27:30,701 [Datanode State Machine Thread - 0] INFO  impl.RaftServerProxy (RaftServerProxy.java:lambda$start$3(299)) - d6330460-d8c6-4b7a-b2c9-2d7903c7bb62: start RPC server
2019-09-24 18:27:30,701 [Datanode State Machine Thread - 0] INFO  impl.RaftServerProxy (RaftServerProxy.java:lambda$start$3(299)) - f4161382-b349-4b3c-8c6b-b4da20d182c5: start RPC server
2019-09-24 18:27:30,709 [Datanode State Machine Thread - 0] INFO  server.GrpcService (GrpcService.java:startImpl(158)) - d6330460-d8c6-4b7a-b2c9-2d7903c7bb62: GrpcService started, listening on 0.0.0.0/0.0.0.0:46264
2019-09-24 18:27:30,709 [Datanode State Machine Thread - 0] INFO  ratis.XceiverServerRatis (XceiverServerRatis.java:start(421)) - XceiverServerRatis d6330460-d8c6-4b7a-b2c9-2d7903c7bb62 is started using port 46264
2019-09-24 18:27:30,709 [Datanode State Machine Thread - 0] INFO  server.GrpcService (GrpcService.java:startImpl(158)) - f4161382-b349-4b3c-8c6b-b4da20d182c5: GrpcService started, listening on 0.0.0.0/0.0.0.0:35673
2019-09-24 18:27:30,710 [Datanode State Machine Thread - 0] INFO  ratis.XceiverServerRatis (XceiverServerRatis.java:start(421)) - XceiverServerRatis f4161382-b349-4b3c-8c6b-b4da20d182c5 is started using port 35673
2019-09-24 18:27:30,711 [Datanode State Machine Thread - 0] INFO  server.XceiverServerGrpc (XceiverServerGrpc.java:start(149)) - XceiverServerGrpc d6330460-d8c6-4b7a-b2c9-2d7903c7bb62 is started using port 45431
2019-09-24 18:27:30,717 [Datanode State Machine Thread - 0] INFO  server.XceiverServerGrpc (XceiverServerGrpc.java:start(149)) - XceiverServerGrpc f4161382-b349-4b3c-8c6b-b4da20d182c5 is started using port 41202
2019-09-24 18:27:31,135 [Thread-1230] INFO  ozone.MiniOzoneClusterImpl (MiniOzoneClusterImpl.java:lambda$waitForClusterToBeReady$0(147)) - Waiting for cluster to be ready. Got 0 of 3 DN Heartbeats.
2019-09-24 18:27:32,019 [IPC Server handler 0 on 42574] INFO  net.NetworkTopology (NetworkTopologyImpl.java:add(111)) - Added a new node: /rack1/f025790a-2617-4056-bf74-508142b240c4
2019-09-24 18:27:32,020 [IPC Server handler 0 on 42574] INFO  node.SCMNodeManager (SCMNodeManager.java:register(266)) - Registered Data node : f025790a-2617-4056-bf74-508142b240c4{ip: 192.168.5.148, host: pr-hdds-2149-fgl4f-1742389470, networkLocation: /rack1, certSerialId: null}
2019-09-24 18:27:32,022 [EventQueue-NodeRegistrationContainerReportForDataNodeSafeModeRule] INFO  safemode.SCMSafeModeManager (DataNodeSafeModeRule.java:process(71)) - SCM in safe mode. 1 DataNodes registered, 1 required.
2019-09-24 18:27:32,024 [EventQueue-NodeRegistrationContainerReportForDataNodeSafeModeRule] INFO  safemode.SCMSafeModeManager (SCMSafeModeManager.java:validateSafeModeExitRules(177)) - ScmSafeModeManager, all rules are successfully validated
2019-09-24 18:27:32,024 [EventQueue-NodeRegistrationContainerReportForDataNodeSafeModeRule] INFO  safemode.SCMSafeModeManager (SCMSafeModeManager.java:exitSafeMode(193)) - SCM exiting safe mode.
2019-09-24 18:27:32,040 [grpc-default-executor-3] INFO  impl.RaftServerProxy (RaftServerProxy.java:addNew(89)) - f025790a-2617-4056-bf74-508142b240c4: addNew group-2AE1D93009AD:[f025790a-2617-4056-bf74-508142b240c4:192.168.5.148:44030] returns group-2AE1D93009AD:java.util.concurrent.CompletableFuture@fc3dfff[Not completed]
2019-09-24 18:27:32,041 [pool-261-thread-1] INFO  impl.RaftServerImpl (RaftServerImpl.java:<init>(95)) - f025790a-2617-4056-bf74-508142b240c4: new RaftServerImpl for group-2AE1D93009AD:[f025790a-2617-4056-bf74-508142b240c4:192.168.5.148:44030] with ContainerStateMachine:uninitialized
2019-09-24 18:27:32,041 [pool-261-thread-1] INFO  server.RaftServerConfigKeys (ConfUtils.java:logGet(43)) - raft.server.rpc.timeout.min = 5s (custom)
2019-09-24 18:27:32,041 [pool-261-thread-1] INFO  server.RaftServerConfigKeys (ConfUtils.java:logGet(43)) - raft.server.rpc.timeout.max = 5200ms (custom)
2019-09-24 18:27:32,042 [pool-261-thread-1] INFO  server.RaftServerConfigKeys (ConfUtils.java:logGet(43)) - raft.server.rpcslowness.timeout = 120s (custom)
2019-09-24 18:27:32,042 [pool-261-thread-1] INFO  server.RaftServerConfigKeys (ConfUtils.java:logGet(43)) - raft.server.sleep.deviation.threshold = 300 (default)
2019-09-24 18:27:32,042 [pool-261-thread-1] INFO  server.RaftServerConfigKeys (ConfUtils.java:logGet(43)) - raft.server.log.appender.install.snapshot.enabled = false (custom)
2019-09-24 18:27:32,042 [pool-261-thread-1] INFO  impl.RaftServerImpl (ServerState.java:<init>(103)) - f025790a-2617-4056-bf74-508142b240c4@group-2AE1D93009AD: ConfigurationManager, init=-1: [f025790a-2617-4056-bf74-508142b240c4:192.168.5.148:44030], old=null, confs=<EMPTY_MAP>
2019-09-24 18:27:32,042 [pool-261-thread-1] INFO  server.RaftServerConfigKeys (ConfUtils.java:logGet(43)) - raft.server.storage.dir = [/workdir/hadoop-ozone/integration-test/target/test-dir/MiniOzoneClusterImpl-ea81ebbc-5455-47af-aebd-50bb68a5027b/datanode-0/data/ratis] (custom)
2019-09-24 18:27:32,043 [pool-261-thread-1] INFO  storage.RaftStorageDirectory (RaftStorageDirectory.java:analyzeStorage(246)) - The storage directory /workdir/hadoop-ozone/integration-test/target/test-dir/MiniOzoneClusterImpl-ea81ebbc-5455-47af-aebd-50bb68a5027b/datanode-0/data/ratis/a54a51d6-ac10-4440-9014-2ae1d93009ad does not exist. Creating ...
2019-09-24 18:27:32,078 [IPC Server handler 2 on 42574] INFO  net.NetworkTopology (NetworkTopologyImpl.java:add(111)) - Added a new node: /rack1/f4161382-b349-4b3c-8c6b-b4da20d182c5
2019-09-24 18:27:32,078 [IPC Server handler 2 on 42574] INFO  node.SCMNodeManager (SCMNodeManager.java:register(266)) - Registered Data node : f4161382-b349-4b3c-8c6b-b4da20d182c5{ip: 192.168.5.148, host: pr-hdds-2149-fgl4f-1742389470, networkLocation: /rack1, certSerialId: null}
2019-09-24 18:27:32,136 [Thread-1230] INFO  ozone.MiniOzoneClusterImpl (MiniOzoneClusterImpl.java:lambda$waitForClusterToBeReady$0(147)) - Waiting for cluster to be ready. Got 2 of 3 DN Heartbeats.
2019-09-24 18:27:32,138 [IPC Server handler 1 on 42574] INFO  net.NetworkTopology (NetworkTopologyImpl.java:add(111)) - Added a new node: /rack1/d6330460-d8c6-4b7a-b2c9-2d7903c7bb62
2019-09-24 18:27:32,138 [IPC Server handler 1 on 42574] INFO  node.SCMNodeManager (SCMNodeManager.java:register(266)) - Registered Data node : d6330460-d8c6-4b7a-b2c9-2d7903c7bb62{ip: 192.168.5.148, host: pr-hdds-2149-fgl4f-1742389470, networkLocation: /rack1, certSerialId: null}
2019-09-24 18:27:32,291 [pool-261-thread-1] INFO  storage.RaftStorageDirectory (RaftStorageDirectory.java:tryLock(328)) - Lock on /workdir/hadoop-ozone/integration-test/target/test-dir/MiniOzoneClusterImpl-ea81ebbc-5455-47af-aebd-50bb68a5027b/datanode-0/data/ratis/a54a51d6-ac10-4440-9014-2ae1d93009ad/in_use.lock acquired by nodename 15180@pr-hdds-2149-fgl4f-1742389470
2019-09-24 18:27:32,735 [pool-261-thread-1] INFO  storage.RaftStorage (RaftStorage.java:format(72)) - Storage directory /workdir/hadoop-ozone/integration-test/target/test-dir/MiniOzoneClusterImpl-ea81ebbc-5455-47af-aebd-50bb68a5027b/datanode-0/data/ratis/a54a51d6-ac10-4440-9014-2ae1d93009ad has been successfully formatted.
2019-09-24 18:27:32,735 [pool-261-thread-1] INFO  ratis.ContainerStateMachine (ContainerStateMachine.java:loadSnapshot(230)) - group-2AE1D93009AD: The snapshot info is null. Setting the last applied indexto:(t:0, i:~)
2019-09-24 18:27:32,736 [pool-261-thread-1] INFO  server.RaftServerConfigKeys (ConfUtils.java:logGet(43)) - raft.server.notification.no-leader.timeout = 120s (custom)
2019-09-24 18:27:32,736 [pool-261-thread-1] INFO  server.RaftServerConfigKeys (ConfUtils.java:logGet(43)) - raft.server.log.use.memory = false (default)
2019-09-24 18:27:32,736 [pool-261-thread-1] INFO  server.RaftServerConfigKeys (ConfUtils.java:logGet(43)) - raft.server.log.purge.gap = 1000000 (custom)
2019-09-24 18:27:32,736 [pool-261-thread-1] INFO  server.RaftServerConfigKeys (ConfUtils.java:logGet(43)) - raft.server.log.appender.buffer.byte-limit = 33554432 (custom)
2019-09-24 18:27:32,737 [pool-261-thread-1] INFO  server.RaftServerConfigKeys (ConfUtils.java:logGet(43)) - raft.server.log.segment.size.max = 1048576 (custom)
2019-09-24 18:27:32,737 [pool-261-thread-1] INFO  server.RaftServerConfigKeys (ConfUtils.java:logGet(43)) - raft.server.log.segment.cache.num.max = 2 (custom)
2019-09-24 18:27:32,737 [pool-261-thread-1] INFO  segmented.SegmentedRaftLogWorker (SegmentedRaftLogWorker.java:<init>(172)) - new f025790a-2617-4056-bf74-508142b240c4@group-2AE1D93009AD-SegmentedRaftLogWorker for RaftStorage:Storage Directory /workdir/hadoop-ozone/integration-test/target/test-dir/MiniOzoneClusterImpl-ea81ebbc-5455-47af-aebd-50bb68a5027b/datanode-0/data/ratis/a54a51d6-ac10-4440-9014-2ae1d93009ad
2019-09-24 18:27:32,740 [pool-261-thread-1] INFO  server.RaftServerConfigKeys (ConfUtils.java:logGet(43)) - raft.server.log.queue.byte-limit = 2147483647 (custom)
2019-09-24 18:27:32,741 [pool-261-thread-1] INFO  server.RaftServerConfigKeys (ConfUtils.java:logGet(43)) - raft.server.log.queue.element-limit = 1024 (custom)
2019-09-24 18:27:32,741 [pool-261-thread-1] INFO  server.RaftServerConfigKeys (ConfUtils.java:logGet(43)) - raft.server.log.segment.size.max = 1048576 (custom)
2019-09-24 18:27:32,741 [pool-261-thread-1] INFO  server.RaftServerConfigKeys (ConfUtils.java:logGet(43)) - raft.server.log.preallocated.size = 16384 (custom)
2019-09-24 18:27:32,741 [pool-261-thread-1] INFO  server.RaftServerConfigKeys (ConfUtils.java:logGet(43)) - raft.server.log.write.buffer.size = 33554432 (custom)
2019-09-24 18:27:32,742 [pool-261-thread-1] INFO  server.RaftServerConfigKeys (ConfUtils.java:logGet(43)) - raft.server.log.force.sync.num = 128 (default)
2019-09-24 18:27:32,742 [pool-261-thread-1] INFO  server.RaftServerConfigKeys (ConfUtils.java:logGet(43)) - raft.server.log.statemachine.data.sync = true (default)
2019-09-24 18:27:32,742 [pool-261-thread-1] INFO  server.RaftServerConfigKeys (ConfUtils.java:logGet(43)) - raft.server.log.statemachine.data.sync.timeout = 10s (default)
2019-09-24 18:27:32,742 [pool-261-thread-1] INFO  server.RaftServerConfigKeys (ConfUtils.java:logGet(43)) - raft.server.log.statemachine.data.sync.timeout.retry = -1 (default)
2019-09-24 18:27:32,743 [pool-261-thread-1] INFO  server.RaftServerConfigKeys (ConfUtils.java:logGet(43)) - raft.server.log.statemachine.data.caching.enabled = true (custom)
2019-09-24 18:27:32,743 [pool-261-thread-1] INFO  segmented.SegmentedRaftLogWorker (SegmentedRaftLogWorker.java:lambda$new$0(132)) - f025790a-2617-4056-bf74-508142b240c4@group-2AE1D93009AD-SegmentedRaftLogWorker: flushIndex: setUnconditionally 0 -> -1
2019-09-24 18:27:32,744 [pool-261-thread-1] INFO  server.RaftServerConfigKeys (ConfUtils.java:logGet(43)) - raft.server.snapshot.auto.trigger.enabled = true (custom)
2019-09-24 18:27:32,744 [pool-261-thread-1] INFO  server.RaftServerConfigKeys (ConfUtils.java:logGet(43)) - raft.server.snapshot.auto.trigger.threshold = 10000 (custom)
2019-09-24 18:27:32,744 [pool-261-thread-1] INFO  server.RaftServerConfigKeys (ConfUtils.java:logGet(43)) - raft.server.snapshot.retention.num.files = 5 (custom)
2019-09-24 18:27:32,744 [pool-261-thread-1] INFO  server.RaftServerConfigKeys (ConfUtils.java:logGet(43)) - raft.server.retrycache.expirytime = 600000ms (custom)
2019-09-24 18:27:32,747 [pool-261-thread-1] INFO  impl.RaftServerImpl (RaftServerImpl.java:start(185)) - f025790a-2617-4056-bf74-508142b240c4@group-2AE1D93009AD: start as a follower, conf=-1: [f025790a-2617-4056-bf74-508142b240c4:192.168.5.148:44030], old=null
2019-09-24 18:27:32,747 [pool-261-thread-1] INFO  impl.RaftServerImpl (RaftServerImpl.java:setRole(174)) - f025790a-2617-4056-bf74-508142b240c4@group-2AE1D93009AD: changes role from      null to FOLLOWER at term 0 for startAsFollower
2019-09-24 18:27:32,748 [pool-261-thread-1] INFO  impl.RoleInfo (RoleInfo.java:updateAndGet(143)) - f025790a-2617-4056-bf74-508142b240c4: start FollowerState
2019-09-24 18:27:32,748 [pool-261-thread-1] INFO  util.JmxRegister (JmxRegister.java:tryRegister(44)) - Successfully registered JMX Bean with object name Ratis:service=RaftServer,group=group-2AE1D93009AD,id=f025790a-2617-4056-bf74-508142b240c4
2019-09-24 18:27:32,759 [RatisPipelineUtilsThread] INFO  pipeline.PipelineStateManager (PipelineStateManager.java:addPipeline(56)) - Created pipeline Pipeline[ Id: a54a51d6-ac10-4440-9014-2ae1d93009ad, Nodes: f025790a-2617-4056-bf74-508142b240c4{ip: 192.168.5.148, host: pr-hdds-2149-fgl4f-1742389470, networkLocation: /rack1, certSerialId: null}, Type:RATIS, Factor:ONE, State:OPEN]
2019-09-24 18:27:32,776 [grpc-default-executor-3] INFO  impl.RaftServerProxy (RaftServerProxy.java:addNew(89)) - f4161382-b349-4b3c-8c6b-b4da20d182c5: addNew group-A3BF62982616:[f4161382-b349-4b3c-8c6b-b4da20d182c5:192.168.5.148:35673] returns group-A3BF62982616:java.util.concurrent.CompletableFuture@c6d1439[Not completed]
2019-09-24 18:27:32,779 [pool-271-thread-1] INFO  impl.RaftServerImpl (RaftServerImpl.java:<init>(95)) - f4161382-b349-4b3c-8c6b-b4da20d182c5: new RaftServerImpl for group-A3BF62982616:[f4161382-b349-4b3c-8c6b-b4da20d182c5:192.168.5.148:35673] with ContainerStateMachine:uninitialized
2019-09-24 18:27:32,779 [pool-271-thread-1] INFO  server.RaftServerConfigKeys (ConfUtils.java:logGet(43)) - raft.server.rpc.timeout.min = 5s (custom)
2019-09-24 18:27:32,780 [pool-271-thread-1] INFO  server.RaftServerConfigKeys (ConfUtils.java:logGet(43)) - raft.server.rpc.timeout.max = 5200ms (custom)
2019-09-24 18:27:32,780 [pool-271-thread-1] INFO  server.RaftServerConfigKeys (ConfUtils.java:logGet(43)) - raft.server.rpcslowness.timeout = 120s (custom)
2019-09-24 18:27:32,780 [pool-271-thread-1] INFO  server.RaftServerConfigKeys (ConfUtils.java:logGet(43)) - raft.server.sleep.deviation.threshold = 300 (default)
2019-09-24 18:27:32,780 [pool-271-thread-1] INFO  server.RaftServerConfigKeys (ConfUtils.java:logGet(43)) - raft.server.log.appender.install.snapshot.enabled = false (custom)
2019-09-24 18:27:32,781 [pool-271-thread-1] INFO  impl.RaftServerImpl (ServerState.java:<init>(103)) - f4161382-b349-4b3c-8c6b-b4da20d182c5@group-A3BF62982616: ConfigurationManager, init=-1: [f4161382-b349-4b3c-8c6b-b4da20d182c5:192.168.5.148:35673], old=null, confs=<EMPTY_MAP>
2019-09-24 18:27:32,781 [pool-271-thread-1] INFO  server.RaftServerConfigKeys (ConfUtils.java:logGet(43)) - raft.server.storage.dir = [/workdir/hadoop-ozone/integration-test/target/test-dir/MiniOzoneClusterImpl-ea81ebbc-5455-47af-aebd-50bb68a5027b/datanode-1/data/ratis] (custom)
2019-09-24 18:27:32,781 [pool-271-thread-1] INFO  storage.RaftStorageDirectory (RaftStorageDirectory.java:analyzeStorage(246)) - The storage directory /workdir/hadoop-ozone/integration-test/target/test-dir/MiniOzoneClusterImpl-ea81ebbc-5455-47af-aebd-50bb68a5027b/datanode-1/data/ratis/33b70e6b-017b-4731-b027-a3bf62982616 does not exist. Creating ...
2019-09-24 18:27:32,795 [pool-271-thread-1] INFO  storage.RaftStorageDirectory (RaftStorageDirectory.java:tryLock(328)) - Lock on /workdir/hadoop-ozone/integration-test/target/test-dir/MiniOzoneClusterImpl-ea81ebbc-5455-47af-aebd-50bb68a5027b/datanode-1/data/ratis/33b70e6b-017b-4731-b027-a3bf62982616/in_use.lock acquired by nodename 15180@pr-hdds-2149-fgl4f-1742389470
2019-09-24 18:27:32,808 [pool-271-thread-1] INFO  storage.RaftStorage (RaftStorage.java:format(72)) - Storage directory /workdir/hadoop-ozone/integration-test/target/test-dir/MiniOzoneClusterImpl-ea81ebbc-5455-47af-aebd-50bb68a5027b/datanode-1/data/ratis/33b70e6b-017b-4731-b027-a3bf62982616 has been successfully formatted.
2019-09-24 18:27:32,809 [pool-271-thread-1] INFO  ratis.ContainerStateMachine (ContainerStateMachine.java:loadSnapshot(230)) - group-A3BF62982616: The snapshot info is null. Setting the last applied indexto:(t:0, i:~)
2019-09-24 18:27:32,809 [pool-271-thread-1] INFO  server.RaftServerConfigKeys (ConfUtils.java:logGet(43)) - raft.server.notification.no-leader.timeout = 120s (custom)
2019-09-24 18:27:32,809 [pool-271-thread-1] INFO  server.RaftServerConfigKeys (ConfUtils.java:logGet(43)) - raft.server.log.use.memory = false (default)
2019-09-24 18:27:32,810 [pool-271-thread-1] INFO  server.RaftServerConfigKeys (ConfUtils.java:logGet(43)) - raft.server.log.purge.gap = 1000000 (custom)
2019-09-24 18:27:32,810 [pool-271-thread-1] INFO  server.RaftServerConfigKeys (ConfUtils.java:logGet(43)) - raft.server.log.appender.buffer.byte-limit = 33554432 (custom)
2019-09-24 18:27:32,810 [pool-271-thread-1] INFO  server.RaftServerConfigKeys (ConfUtils.java:logGet(43)) - raft.server.log.segment.size.max = 1048576 (custom)
2019-09-24 18:27:32,810 [pool-271-thread-1] INFO  server.RaftServerConfigKeys (ConfUtils.java:logGet(43)) - raft.server.log.segment.cache.num.max = 2 (custom)
2019-09-24 18:27:32,810 [pool-271-thread-1] INFO  segmented.SegmentedRaftLogWorker (SegmentedRaftLogWorker.java:<init>(172)) - new f4161382-b349-4b3c-8c6b-b4da20d182c5@group-A3BF62982616-SegmentedRaftLogWorker for RaftStorage:Storage Directory /workdir/hadoop-ozone/integration-test/target/test-dir/MiniOzoneClusterImpl-ea81ebbc-5455-47af-aebd-50bb68a5027b/datanode-1/data/ratis/33b70e6b-017b-4731-b027-a3bf62982616
2019-09-24 18:27:32,814 [pool-271-thread-1] INFO  server.RaftServerConfigKeys (ConfUtils.java:logGet(43)) - raft.server.log.queue.byte-limit = 2147483647 (custom)
2019-09-24 18:27:32,814 [pool-271-thread-1] INFO  server.RaftServerConfigKeys (ConfUtils.java:logGet(43)) - raft.server.log.queue.element-limit = 1024 (custom)
2019-09-24 18:27:32,814 [pool-271-thread-1] INFO  server.RaftServerConfigKeys (ConfUtils.java:logGet(43)) - raft.server.log.segment.size.max = 1048576 (custom)
2019-09-24 18:27:32,814 [pool-271-thread-1] INFO  server.RaftServerConfigKeys (ConfUtils.java:logGet(43)) - raft.server.log.preallocated.size = 16384 (custom)
2019-09-24 18:27:32,815 [pool-271-thread-1] INFO  server.RaftServerConfigKeys (ConfUtils.java:logGet(43)) - raft.server.log.write.buffer.size = 33554432 (custom)
2019-09-24 18:27:32,815 [pool-271-thread-1] INFO  server.RaftServerConfigKeys (ConfUtils.java:logGet(43)) - raft.server.log.force.sync.num = 128 (default)
2019-09-24 18:27:32,815 [pool-271-thread-1] INFO  server.RaftServerConfigKeys (ConfUtils.java:logGet(43)) - raft.server.log.statemachine.data.sync = true (default)
2019-09-24 18:27:32,815 [pool-271-thread-1] INFO  server.RaftServerConfigKeys (ConfUtils.java:logGet(43)) - raft.server.log.statemachine.data.sync.timeout = 10s (default)
2019-09-24 18:27:32,815 [pool-271-thread-1] INFO  server.RaftServerConfigKeys (ConfUtils.java:logGet(43)) - raft.server.log.statemachine.data.sync.timeout.retry = -1 (default)
2019-09-24 18:27:32,816 [pool-271-thread-1] INFO  server.RaftServerConfigKeys (ConfUtils.java:logGet(43)) - raft.server.log.statemachine.data.caching.enabled = true (custom)
2019-09-24 18:27:32,816 [pool-271-thread-1] INFO  segmented.SegmentedRaftLogWorker (SegmentedRaftLogWorker.java:lambda$new$0(132)) - f4161382-b349-4b3c-8c6b-b4da20d182c5@group-A3BF62982616-SegmentedRaftLogWorker: flushIndex: setUnconditionally 0 -> -1
2019-09-24 18:27:32,817 [pool-271-thread-1] INFO  server.RaftServerConfigKeys (ConfUtils.java:logGet(43)) - raft.server.snapshot.auto.trigger.enabled = true (custom)
2019-09-24 18:27:32,817 [pool-271-thread-1] INFO  server.RaftServerConfigKeys (ConfUtils.java:logGet(43)) - raft.server.snapshot.auto.trigger.threshold = 10000 (custom)
2019-09-24 18:27:32,817 [pool-271-thread-1] INFO  server.RaftServerConfigKeys (ConfUtils.java:logGet(43)) - raft.server.snapshot.retention.num.files = 5 (custom)
2019-09-24 18:27:32,817 [pool-271-thread-1] INFO  server.RaftServerConfigKeys (ConfUtils.java:logGet(43)) - raft.server.retrycache.expirytime = 600000ms (custom)
2019-09-24 18:27:32,821 [pool-271-thread-1] INFO  impl.RaftServerImpl (RaftServerImpl.java:start(185)) - f4161382-b349-4b3c-8c6b-b4da20d182c5@group-A3BF62982616: start as a follower, conf=-1: [f4161382-b349-4b3c-8c6b-b4da20d182c5:192.168.5.148:35673], old=null
2019-09-24 18:27:32,821 [pool-271-thread-1] INFO  impl.RaftServerImpl (RaftServerImpl.java:setRole(174)) - f4161382-b349-4b3c-8c6b-b4da20d182c5@group-A3BF62982616: changes role from      null to FOLLOWER at term 0 for startAsFollower
2019-09-24 18:27:32,821 [pool-271-thread-1] INFO  impl.RoleInfo (RoleInfo.java:updateAndGet(143)) - f4161382-b349-4b3c-8c6b-b4da20d182c5: start FollowerState
2019-09-24 18:27:32,822 [pool-271-thread-1] INFO  util.JmxRegister (JmxRegister.java:tryRegister(44)) - Successfully registered JMX Bean with object name Ratis:service=RaftServer,group=group-A3BF62982616,id=f4161382-b349-4b3c-8c6b-b4da20d182c5
2019-09-24 18:27:32,831 [RatisPipelineUtilsThread] INFO  pipeline.PipelineStateManager (PipelineStateManager.java:addPipeline(56)) - Created pipeline Pipeline[ Id: 33b70e6b-017b-4731-b027-a3bf62982616, Nodes: f4161382-b349-4b3c-8c6b-b4da20d182c5{ip: 192.168.5.148, host: pr-hdds-2149-fgl4f-1742389470, networkLocation: /rack1, certSerialId: null}, Type:RATIS, Factor:ONE, State:OPEN]
2019-09-24 18:27:32,848 [grpc-default-executor-3] INFO  impl.RaftServerProxy (RaftServerProxy.java:addNew(89)) - d6330460-d8c6-4b7a-b2c9-2d7903c7bb62: addNew group-870B2E2B72D8:[d6330460-d8c6-4b7a-b2c9-2d7903c7bb62:192.168.5.148:46264] returns group-870B2E2B72D8:java.util.concurrent.CompletableFuture@6c8b6181[Not completed]
2019-09-24 18:27:32,853 [pool-281-thread-1] INFO  impl.RaftServerImpl (RaftServerImpl.java:<init>(95)) - d6330460-d8c6-4b7a-b2c9-2d7903c7bb62: new RaftServerImpl for group-870B2E2B72D8:[d6330460-d8c6-4b7a-b2c9-2d7903c7bb62:192.168.5.148:46264] with ContainerStateMachine:uninitialized
2019-09-24 18:27:32,853 [pool-281-thread-1] INFO  server.RaftServerConfigKeys (ConfUtils.java:logGet(43)) - raft.server.rpc.timeout.min = 5s (custom)
2019-09-24 18:27:32,854 [pool-281-thread-1] INFO  server.RaftServerConfigKeys (ConfUtils.java:logGet(43)) - raft.server.rpc.timeout.max = 5200ms (custom)
2019-09-24 18:27:32,854 [pool-281-thread-1] INFO  server.RaftServerConfigKeys (ConfUtils.java:logGet(43)) - raft.server.rpcslowness.timeout = 120s (custom)
2019-09-24 18:27:32,854 [pool-281-thread-1] INFO  server.RaftServerConfigKeys (ConfUtils.java:logGet(43)) - raft.server.sleep.deviation.threshold = 300 (default)
2019-09-24 18:27:32,854 [pool-281-thread-1] INFO  server.RaftServerConfigKeys (ConfUtils.java:logGet(43)) - raft.server.log.appender.install.snapshot.enabled = false (custom)
2019-09-24 18:27:32,854 [pool-281-thread-1] INFO  impl.RaftServerImpl (ServerState.java:<init>(103)) - d6330460-d8c6-4b7a-b2c9-2d7903c7bb62@group-870B2E2B72D8: ConfigurationManager, init=-1: [d6330460-d8c6-4b7a-b2c9-2d7903c7bb62:192.168.5.148:46264], old=null, confs=<EMPTY_MAP>
2019-09-24 18:27:32,855 [pool-281-thread-1] INFO  server.RaftServerConfigKeys (ConfUtils.java:logGet(43)) - raft.server.storage.dir = [/workdir/hadoop-ozone/integration-test/target/test-dir/MiniOzoneClusterImpl-ea81ebbc-5455-47af-aebd-50bb68a5027b/datanode-2/data/ratis] (custom)
2019-09-24 18:27:32,855 [pool-281-thread-1] INFO  storage.RaftStorageDirectory (RaftStorageDirectory.java:analyzeStorage(246)) - The storage directory /workdir/hadoop-ozone/integration-test/target/test-dir/MiniOzoneClusterImpl-ea81ebbc-5455-47af-aebd-50bb68a5027b/datanode-2/data/ratis/2b238cd6-b2f1-4916-90f3-870b2e2b72d8 does not exist. Creating ...
2019-09-24 18:27:32,869 [pool-281-thread-1] INFO  storage.RaftStorageDirectory (RaftStorageDirectory.java:tryLock(328)) - Lock on /workdir/hadoop-ozone/integration-test/target/test-dir/MiniOzoneClusterImpl-ea81ebbc-5455-47af-aebd-50bb68a5027b/datanode-2/data/ratis/2b238cd6-b2f1-4916-90f3-870b2e2b72d8/in_use.lock acquired by nodename 15180@pr-hdds-2149-fgl4f-1742389470
2019-09-24 18:27:32,881 [pool-281-thread-1] INFO  storage.RaftStorage (RaftStorage.java:format(72)) - Storage directory /workdir/hadoop-ozone/integration-test/target/test-dir/MiniOzoneClusterImpl-ea81ebbc-5455-47af-aebd-50bb68a5027b/datanode-2/data/ratis/2b238cd6-b2f1-4916-90f3-870b2e2b72d8 has been successfully formatted.
2019-09-24 18:27:32,882 [pool-281-thread-1] INFO  ratis.ContainerStateMachine (ContainerStateMachine.java:loadSnapshot(230)) - group-870B2E2B72D8: The snapshot info is null. Setting the last applied indexto:(t:0, i:~)
2019-09-24 18:27:32,882 [pool-281-thread-1] INFO  server.RaftServerConfigKeys (ConfUtils.java:logGet(43)) - raft.server.notification.no-leader.timeout = 120s (custom)
2019-09-24 18:27:32,882 [pool-281-thread-1] INFO  server.RaftServerConfigKeys (ConfUtils.java:logGet(43)) - raft.server.log.use.memory = false (default)
2019-09-24 18:27:32,883 [pool-281-thread-1] INFO  server.RaftServerConfigKeys (ConfUtils.java:logGet(43)) - raft.server.log.purge.gap = 1000000 (custom)
2019-09-24 18:27:32,883 [pool-281-thread-1] INFO  server.RaftServerConfigKeys (ConfUtils.java:logGet(43)) - raft.server.log.appender.buffer.byte-limit = 33554432 (custom)
2019-09-24 18:27:32,883 [pool-281-thread-1] INFO  server.RaftServerConfigKeys (ConfUtils.java:logGet(43)) - raft.server.log.segment.size.max = 1048576 (custom)
2019-09-24 18:27:32,883 [pool-281-thread-1] INFO  server.RaftServerConfigKeys (ConfUtils.java:logGet(43)) - raft.server.log.segment.cache.num.max = 2 (custom)
2019-09-24 18:27:32,883 [pool-281-thread-1] INFO  segmented.SegmentedRaftLogWorker (SegmentedRaftLogWorker.java:<init>(172)) - new d6330460-d8c6-4b7a-b2c9-2d7903c7bb62@group-870B2E2B72D8-SegmentedRaftLogWorker for RaftStorage:Storage Directory /workdir/hadoop-ozone/integration-test/target/test-dir/MiniOzoneClusterImpl-ea81ebbc-5455-47af-aebd-50bb68a5027b/datanode-2/data/ratis/2b238cd6-b2f1-4916-90f3-870b2e2b72d8
2019-09-24 18:27:32,887 [pool-281-thread-1] INFO  server.RaftServerConfigKeys (ConfUtils.java:logGet(43)) - raft.server.log.queue.byte-limit = 2147483647 (custom)
2019-09-24 18:27:32,888 [pool-281-thread-1] INFO  server.RaftServerConfigKeys (ConfUtils.java:logGet(43)) - raft.server.log.queue.element-limit = 1024 (custom)
2019-09-24 18:27:32,888 [pool-281-thread-1] INFO  server.RaftServerConfigKeys (ConfUtils.java:logGet(43)) - raft.server.log.segment.size.max = 1048576 (custom)
2019-09-24 18:27:32,888 [pool-281-thread-1] INFO  server.RaftServerConfigKeys (ConfUtils.java:logGet(43)) - raft.server.log.preallocated.size = 16384 (custom)
2019-09-24 18:27:32,888 [pool-281-thread-1] INFO  server.RaftServerConfigKeys (ConfUtils.java:logGet(43)) - raft.server.log.write.buffer.size = 33554432 (custom)
2019-09-24 18:27:32,889 [pool-281-thread-1] INFO  server.RaftServerConfigKeys (ConfUtils.java:logGet(43)) - raft.server.log.force.sync.num = 128 (default)
2019-09-24 18:27:32,889 [pool-281-thread-1] INFO  server.RaftServerConfigKeys (ConfUtils.java:logGet(43)) - raft.server.log.statemachine.data.sync = true (default)
2019-09-24 18:27:32,889 [pool-281-thread-1] INFO  server.RaftServerConfigKeys (ConfUtils.java:logGet(43)) - raft.server.log.statemachine.data.sync.timeout = 10s (default)
2019-09-24 18:27:32,889 [pool-281-thread-1] INFO  server.RaftServerConfigKeys (ConfUtils.java:logGet(43)) - raft.server.log.statemachine.data.sync.timeout.retry = -1 (default)
2019-09-24 18:27:32,890 [pool-281-thread-1] INFO  server.RaftServerConfigKeys (ConfUtils.java:logGet(43)) - raft.server.log.statemachine.data.caching.enabled = true (custom)
2019-09-24 18:27:32,890 [pool-281-thread-1] INFO  segmented.SegmentedRaftLogWorker (SegmentedRaftLogWorker.java:lambda$new$0(132)) - d6330460-d8c6-4b7a-b2c9-2d7903c7bb62@group-870B2E2B72D8-SegmentedRaftLogWorker: flushIndex: setUnconditionally 0 -> -1
2019-09-24 18:27:32,891 [pool-281-thread-1] INFO  server.RaftServerConfigKeys (ConfUtils.java:logGet(43)) - raft.server.snapshot.auto.trigger.enabled = true (custom)
2019-09-24 18:27:32,891 [pool-281-thread-1] INFO  server.RaftServerConfigKeys (ConfUtils.java:logGet(43)) - raft.server.snapshot.auto.trigger.threshold = 10000 (custom)
2019-09-24 18:27:32,891 [pool-281-thread-1] INFO  server.RaftServerConfigKeys (ConfUtils.java:logGet(43)) - raft.server.snapshot.retention.num.files = 5 (custom)
2019-09-24 18:27:32,891 [pool-281-thread-1] INFO  server.RaftServerConfigKeys (ConfUtils.java:logGet(43)) - raft.server.retrycache.expirytime = 600000ms (custom)
2019-09-24 18:27:32,895 [pool-281-thread-1] INFO  impl.RaftServerImpl (RaftServerImpl.java:start(185)) - d6330460-d8c6-4b7a-b2c9-2d7903c7bb62@group-870B2E2B72D8: start as a follower, conf=-1: [d6330460-d8c6-4b7a-b2c9-2d7903c7bb62:192.168.5.148:46264], old=null
2019-09-24 18:27:32,895 [pool-281-thread-1] INFO  impl.RaftServerImpl (RaftServerImpl.java:setRole(174)) - d6330460-d8c6-4b7a-b2c9-2d7903c7bb62@group-870B2E2B72D8: changes role from      null to FOLLOWER at term 0 for startAsFollower
2019-09-24 18:27:32,895 [pool-281-thread-1] INFO  impl.RoleInfo (RoleInfo.java:updateAndGet(143)) - d6330460-d8c6-4b7a-b2c9-2d7903c7bb62: start FollowerState
2019-09-24 18:27:32,896 [pool-281-thread-1] INFO  util.JmxRegister (JmxRegister.java:tryRegister(44)) - Successfully registered JMX Bean with object name Ratis:service=RaftServer,group=group-870B2E2B72D8,id=d6330460-d8c6-4b7a-b2c9-2d7903c7bb62
2019-09-24 18:27:32,905 [RatisPipelineUtilsThread] INFO  pipeline.PipelineStateManager (PipelineStateManager.java:addPipeline(56)) - Created pipeline Pipeline[ Id: 2b238cd6-b2f1-4916-90f3-870b2e2b72d8, Nodes: d6330460-d8c6-4b7a-b2c9-2d7903c7bb62{ip: 192.168.5.148, host: pr-hdds-2149-fgl4f-1742389470, networkLocation: /rack1, certSerialId: null}, Type:RATIS, Factor:ONE, State:OPEN]
2019-09-24 18:27:32,934 [grpc-default-executor-3] INFO  impl.RaftServerProxy (RaftServerProxy.java:addNew(89)) - f025790a-2617-4056-bf74-508142b240c4: addNew group-211920F5DBC8:[d6330460-d8c6-4b7a-b2c9-2d7903c7bb62:192.168.5.148:46264, f4161382-b349-4b3c-8c6b-b4da20d182c5:192.168.5.148:35673, f025790a-2617-4056-bf74-508142b240c4:192.168.5.148:44030] returns group-211920F5DBC8:java.util.concurrent.CompletableFuture@150d20f3[Not completed]
2019-09-24 18:27:32,934 [grpc-default-executor-4] INFO  impl.RaftServerProxy (RaftServerProxy.java:addNew(89)) - d6330460-d8c6-4b7a-b2c9-2d7903c7bb62: addNew group-211920F5DBC8:[d6330460-d8c6-4b7a-b2c9-2d7903c7bb62:192.168.5.148:46264, f4161382-b349-4b3c-8c6b-b4da20d182c5:192.168.5.148:35673, f025790a-2617-4056-bf74-508142b240c4:192.168.5.148:44030] returns group-211920F5DBC8:java.util.concurrent.CompletableFuture@7b35d50a[Not completed]
2019-09-24 18:27:32,937 [grpc-default-executor-3] INFO  impl.RaftServerProxy (RaftServerProxy.java:addNew(89)) - f4161382-b349-4b3c-8c6b-b4da20d182c5: addNew group-211920F5DBC8:[d6330460-d8c6-4b7a-b2c9-2d7903c7bb62:192.168.5.148:46264, f4161382-b349-4b3c-8c6b-b4da20d182c5:192.168.5.148:35673, f025790a-2617-4056-bf74-508142b240c4:192.168.5.148:44030] returns group-211920F5DBC8:java.util.concurrent.CompletableFuture@2fdf842[Not completed]
2019-09-24 18:27:32,937 [pool-261-thread-1] INFO  impl.RaftServerImpl (RaftServerImpl.java:<init>(95)) - f025790a-2617-4056-bf74-508142b240c4: new RaftServerImpl for group-211920F5DBC8:[d6330460-d8c6-4b7a-b2c9-2d7903c7bb62:192.168.5.148:46264, f4161382-b349-4b3c-8c6b-b4da20d182c5:192.168.5.148:35673, f025790a-2617-4056-bf74-508142b240c4:192.168.5.148:44030] with ContainerStateMachine:uninitialized
2019-09-24 18:27:32,938 [pool-261-thread-1] INFO  server.RaftServerConfigKeys (ConfUtils.java:logGet(43)) - raft.server.rpc.timeout.min = 5s (custom)
2019-09-24 18:27:32,938 [pool-261-thread-1] INFO  server.RaftServerConfigKeys (ConfUtils.java:logGet(43)) - raft.server.rpc.timeout.max = 5200ms (custom)
2019-09-24 18:27:32,938 [pool-261-thread-1] INFO  server.RaftServerConfigKeys (ConfUtils.java:logGet(43)) - raft.server.rpcslowness.timeout = 120s (custom)
2019-09-24 18:27:32,938 [pool-261-thread-1] INFO  server.RaftServerConfigKeys (ConfUtils.java:logGet(43)) - raft.server.sleep.deviation.threshold = 300 (default)
2019-09-24 18:27:32,939 [pool-261-thread-1] INFO  server.RaftServerConfigKeys (ConfUtils.java:logGet(43)) - raft.server.log.appender.install.snapshot.enabled = false (custom)
2019-09-24 18:27:32,939 [pool-261-thread-1] INFO  impl.RaftServerImpl (ServerState.java:<init>(103)) - f025790a-2617-4056-bf74-508142b240c4@group-211920F5DBC8: ConfigurationManager, init=-1: [d6330460-d8c6-4b7a-b2c9-2d7903c7bb62:192.168.5.148:46264, f4161382-b349-4b3c-8c6b-b4da20d182c5:192.168.5.148:35673, f025790a-2617-4056-bf74-508142b240c4:192.168.5.148:44030], old=null, confs=<EMPTY_MAP>
2019-09-24 18:27:32,939 [pool-261-thread-1] INFO  server.RaftServerConfigKeys (ConfUtils.java:logGet(43)) - raft.server.storage.dir = [/workdir/hadoop-ozone/integration-test/target/test-dir/MiniOzoneClusterImpl-ea81ebbc-5455-47af-aebd-50bb68a5027b/datanode-0/data/ratis] (custom)
2019-09-24 18:27:32,940 [pool-261-thread-1] INFO  storage.RaftStorageDirectory (RaftStorageDirectory.java:analyzeStorage(246)) - The storage directory /workdir/hadoop-ozone/integration-test/target/test-dir/MiniOzoneClusterImpl-ea81ebbc-5455-47af-aebd-50bb68a5027b/datanode-0/data/ratis/f28a602c-9f81-458f-8bc1-211920f5dbc8 does not exist. Creating ...
2019-09-24 18:27:32,943 [pool-281-thread-1] INFO  impl.RaftServerImpl (RaftServerImpl.java:<init>(95)) - d6330460-d8c6-4b7a-b2c9-2d7903c7bb62: new RaftServerImpl for group-211920F5DBC8:[d6330460-d8c6-4b7a-b2c9-2d7903c7bb62:192.168.5.148:46264, f4161382-b349-4b3c-8c6b-b4da20d182c5:192.168.5.148:35673, f025790a-2617-4056-bf74-508142b240c4:192.168.5.148:44030] with ContainerStateMachine:uninitialized
2019-09-24 18:27:32,943 [pool-281-thread-1] INFO  server.RaftServerConfigKeys (ConfUtils.java:logGet(43)) - raft.server.rpc.timeout.min = 5s (custom)
2019-09-24 18:27:32,943 [pool-281-thread-1] INFO  server.RaftServerConfigKeys (ConfUtils.java:logGet(43)) - raft.server.rpc.timeout.max = 5200ms (custom)
2019-09-24 18:27:32,944 [pool-281-thread-1] INFO  server.RaftServerConfigKeys (ConfUtils.java:logGet(43)) - raft.server.rpcslowness.timeout = 120s (custom)
2019-09-24 18:27:32,944 [pool-281-thread-1] INFO  server.RaftServerConfigKeys (ConfUtils.java:logGet(43)) - raft.server.sleep.deviation.threshold = 300 (default)
2019-09-24 18:27:32,944 [pool-281-thread-1] INFO  server.RaftServerConfigKeys (ConfUtils.java:logGet(43)) - raft.server.log.appender.install.snapshot.enabled = false (custom)
2019-09-24 18:27:32,944 [pool-271-thread-1] INFO  impl.RaftServerImpl (RaftServerImpl.java:<init>(95)) - f4161382-b349-4b3c-8c6b-b4da20d182c5: new RaftServerImpl for group-211920F5DBC8:[d6330460-d8c6-4b7a-b2c9-2d7903c7bb62:192.168.5.148:46264, f4161382-b349-4b3c-8c6b-b4da20d182c5:192.168.5.148:35673, f025790a-2617-4056-bf74-508142b240c4:192.168.5.148:44030] with ContainerStateMachine:uninitialized
2019-09-24 18:27:32,945 [pool-281-thread-1] INFO  impl.RaftServerImpl (ServerState.java:<init>(103)) - d6330460-d8c6-4b7a-b2c9-2d7903c7bb62@group-211920F5DBC8: ConfigurationManager, init=-1: [d6330460-d8c6-4b7a-b2c9-2d7903c7bb62:192.168.5.148:46264, f4161382-b349-4b3c-8c6b-b4da20d182c5:192.168.5.148:35673, f025790a-2617-4056-bf74-508142b240c4:192.168.5.148:44030], old=null, confs=<EMPTY_MAP>
2019-09-24 18:27:32,945 [pool-271-thread-1] INFO  server.RaftServerConfigKeys (ConfUtils.java:logGet(43)) - raft.server.rpc.timeout.min = 5s (custom)
2019-09-24 18:27:32,945 [pool-281-thread-1] INFO  server.RaftServerConfigKeys (ConfUtils.java:logGet(43)) - raft.server.storage.dir = [/workdir/hadoop-ozone/integration-test/target/test-dir/MiniOzoneClusterImpl-ea81ebbc-5455-47af-aebd-50bb68a5027b/datanode-2/data/ratis] (custom)
2019-09-24 18:27:32,945 [pool-271-thread-1] INFO  server.RaftServerConfigKeys (ConfUtils.java:logGet(43)) - raft.server.rpc.timeout.max = 5200ms (custom)
2019-09-24 18:27:32,946 [pool-271-thread-1] INFO  server.RaftServerConfigKeys (ConfUtils.java:logGet(43)) - raft.server.rpcslowness.timeout = 120s (custom)
2019-09-24 18:27:32,946 [pool-281-thread-1] INFO  storage.RaftStorageDirectory (RaftStorageDirectory.java:analyzeStorage(246)) - The storage directory /workdir/hadoop-ozone/integration-test/target/test-dir/MiniOzoneClusterImpl-ea81ebbc-5455-47af-aebd-50bb68a5027b/datanode-2/data/ratis/f28a602c-9f81-458f-8bc1-211920f5dbc8 does not exist. Creating ...
2019-09-24 18:27:32,946 [pool-271-thread-1] INFO  server.RaftServerConfigKeys (ConfUtils.java:logGet(43)) - raft.server.sleep.deviation.threshold = 300 (default)
2019-09-24 18:27:32,946 [pool-271-thread-1] INFO  server.RaftServerConfigKeys (ConfUtils.java:logGet(43)) - raft.server.log.appender.install.snapshot.enabled = false (custom)
2019-09-24 18:27:32,946 [pool-271-thread-1] INFO  impl.RaftServerImpl (ServerState.java:<init>(103)) - f4161382-b349-4b3c-8c6b-b4da20d182c5@group-211920F5DBC8: ConfigurationManager, init=-1: [d6330460-d8c6-4b7a-b2c9-2d7903c7bb62:192.168.5.148:46264, f4161382-b349-4b3c-8c6b-b4da20d182c5:192.168.5.148:35673, f025790a-2617-4056-bf74-508142b240c4:192.168.5.148:44030], old=null, confs=<EMPTY_MAP>
2019-09-24 18:27:32,946 [pool-271-thread-1] INFO  server.RaftServerConfigKeys (ConfUtils.java:logGet(43)) - raft.server.storage.dir = [/workdir/hadoop-ozone/integration-test/target/test-dir/MiniOzoneClusterImpl-ea81ebbc-5455-47af-aebd-50bb68a5027b/datanode-1/data/ratis] (custom)
2019-09-24 18:27:32,947 [pool-271-thread-1] INFO  storage.RaftStorageDirectory (RaftStorageDirectory.java:analyzeStorage(246)) - The storage directory /workdir/hadoop-ozone/integration-test/target/test-dir/MiniOzoneClusterImpl-ea81ebbc-5455-47af-aebd-50bb68a5027b/datanode-1/data/ratis/f28a602c-9f81-458f-8bc1-211920f5dbc8 does not exist. Creating ...
2019-09-24 18:27:32,954 [pool-281-thread-1] INFO  storage.RaftStorageDirectory (RaftStorageDirectory.java:tryLock(328)) - Lock on /workdir/hadoop-ozone/integration-test/target/test-dir/MiniOzoneClusterImpl-ea81ebbc-5455-47af-aebd-50bb68a5027b/datanode-2/data/ratis/f28a602c-9f81-458f-8bc1-211920f5dbc8/in_use.lock acquired by nodename 15180@pr-hdds-2149-fgl4f-1742389470
2019-09-24 18:27:32,954 [pool-271-thread-1] INFO  storage.RaftStorageDirectory (RaftStorageDirectory.java:tryLock(328)) - Lock on /workdir/hadoop-ozone/integration-test/target/test-dir/MiniOzoneClusterImpl-ea81ebbc-5455-47af-aebd-50bb68a5027b/datanode-1/data/ratis/f28a602c-9f81-458f-8bc1-211920f5dbc8/in_use.lock acquired by nodename 15180@pr-hdds-2149-fgl4f-1742389470
2019-09-24 18:27:32,954 [pool-261-thread-1] INFO  storage.RaftStorageDirectory (RaftStorageDirectory.java:tryLock(328)) - Lock on /workdir/hadoop-ozone/integration-test/target/test-dir/MiniOzoneClusterImpl-ea81ebbc-5455-47af-aebd-50bb68a5027b/datanode-0/data/ratis/f28a602c-9f81-458f-8bc1-211920f5dbc8/in_use.lock acquired by nodename 15180@pr-hdds-2149-fgl4f-1742389470
2019-09-24 18:27:33,136 [Thread-1230] INFO  ozone.MiniOzoneClusterImpl (MiniOzoneClusterImpl.java:lambda$waitForClusterToBeReady$0(147)) - Cluster is ready. Got 3 of 3 DN Heartbeats.
2019-09-24 18:27:33,215 [pool-281-thread-1] INFO  storage.RaftStorage (RaftStorage.java:format(72)) - Storage directory /workdir/hadoop-ozone/integration-test/target/test-dir/MiniOzoneClusterImpl-ea81ebbc-5455-47af-aebd-50bb68a5027b/datanode-2/data/ratis/f28a602c-9f81-458f-8bc1-211920f5dbc8 has been successfully formatted.
2019-09-24 18:27:33,215 [pool-261-thread-1] INFO  storage.RaftStorage (RaftStorage.java:format(72)) - Storage directory /workdir/hadoop-ozone/integration-test/target/test-dir/MiniOzoneClusterImpl-ea81ebbc-5455-47af-aebd-50bb68a5027b/datanode-0/data/ratis/f28a602c-9f81-458f-8bc1-211920f5dbc8 has been successfully formatted.
2019-09-24 18:27:33,215 [pool-271-thread-1] INFO  storage.RaftStorage (RaftStorage.java:format(72)) - Storage directory /workdir/hadoop-ozone/integration-test/target/test-dir/MiniOzoneClusterImpl-ea81ebbc-5455-47af-aebd-50bb68a5027b/datanode-1/data/ratis/f28a602c-9f81-458f-8bc1-211920f5dbc8 has been successfully formatted.
2019-09-24 18:27:33,216 [pool-261-thread-1] INFO  ratis.ContainerStateMachine (ContainerStateMachine.java:loadSnapshot(230)) - group-211920F5DBC8: The snapshot info is null. Setting the last applied indexto:(t:0, i:~)
2019-09-24 18:27:33,215 [pool-281-thread-1] INFO  ratis.ContainerStateMachine (ContainerStateMachine.java:loadSnapshot(230)) - group-211920F5DBC8: The snapshot info is null. Setting the last applied indexto:(t:0, i:~)
2019-09-24 18:27:33,216 [pool-261-thread-1] INFO  server.RaftServerConfigKeys (ConfUtils.java:logGet(43)) - raft.server.notification.no-leader.timeout = 120s (custom)
2019-09-24 18:27:33,216 [pool-271-thread-1] INFO  ratis.ContainerStateMachine (ContainerStateMachine.java:loadSnapshot(230)) - group-211920F5DBC8: The snapshot info is null. Setting the last applied indexto:(t:0, i:~)
2019-09-24 18:27:33,216 [pool-261-thread-1] INFO  server.RaftServerConfigKeys (ConfUtils.java:logGet(43)) - raft.server.log.use.memory = false (default)
2019-09-24 18:27:33,216 [pool-281-thread-1] INFO  server.RaftServerConfigKeys (ConfUtils.java:logGet(43)) - raft.server.notification.no-leader.timeout = 120s (custom)
2019-09-24 18:27:33,216 [pool-261-thread-1] INFO  server.RaftServerConfigKeys (ConfUtils.java:logGet(43)) - raft.server.log.purge.gap = 1000000 (custom)
2019-09-24 18:27:33,216 [pool-271-thread-1] INFO  server.RaftServerConfigKeys (ConfUtils.java:logGet(43)) - raft.server.notification.no-leader.timeout = 120s (custom)
2019-09-24 18:27:33,217 [pool-261-thread-1] INFO  server.RaftServerConfigKeys (ConfUtils.java:logGet(43)) - raft.server.log.appender.buffer.byte-limit = 33554432 (custom)
2019-09-24 18:27:33,217 [pool-281-thread-1] INFO  server.RaftServerConfigKeys (ConfUtils.java:logGet(43)) - raft.server.log.use.memory = false (default)
2019-09-24 18:27:33,217 [pool-261-thread-1] INFO  server.RaftServerConfigKeys (ConfUtils.java:logGet(43)) - raft.server.log.segment.size.max = 1048576 (custom)
2019-09-24 18:27:33,217 [pool-271-thread-1] INFO  server.RaftServerConfigKeys (ConfUtils.java:logGet(43)) - raft.server.log.use.memory = false (default)
2019-09-24 18:27:33,217 [pool-261-thread-1] INFO  server.RaftServerConfigKeys (ConfUtils.java:logGet(43)) - raft.server.log.segment.cache.num.max = 2 (custom)
2019-09-24 18:27:33,217 [pool-281-thread-1] INFO  server.RaftServerConfigKeys (ConfUtils.java:logGet(43)) - raft.server.log.purge.gap = 1000000 (custom)
2019-09-24 18:27:33,218 [pool-261-thread-1] INFO  segmented.SegmentedRaftLogWorker (SegmentedRaftLogWorker.java:<init>(172)) - new f025790a-2617-4056-bf74-508142b240c4@group-211920F5DBC8-SegmentedRaftLogWorker for RaftStorage:Storage Directory /workdir/hadoop-ozone/integration-test/target/test-dir/MiniOzoneClusterImpl-ea81ebbc-5455-47af-aebd-50bb68a5027b/datanode-0/data/ratis/f28a602c-9f81-458f-8bc1-211920f5dbc8
2019-09-24 18:27:33,218 [pool-271-thread-1] INFO  server.RaftServerConfigKeys (ConfUtils.java:logGet(43)) - raft.server.log.purge.gap = 1000000 (custom)
2019-09-24 18:27:33,218 [pool-261-thread-1] INFO  server.RaftServerConfigKeys (ConfUtils.java:logGet(43)) - raft.server.log.queue.byte-limit = 2147483647 (custom)
2019-09-24 18:27:33,218 [pool-281-thread-1] INFO  server.RaftServerConfigKeys (ConfUtils.java:logGet(43)) - raft.server.log.appender.buffer.byte-limit = 33554432 (custom)
2019-09-24 18:27:33,218 [pool-261-thread-1] INFO  server.RaftServerConfigKeys (ConfUtils.java:logGet(43)) - raft.server.log.queue.element-limit = 1024 (custom)
2019-09-24 18:27:33,218 [pool-271-thread-1] INFO  server.RaftServerConfigKeys (ConfUtils.java:logGet(43)) - raft.server.log.appender.buffer.byte-limit = 33554432 (custom)
2019-09-24 18:27:33,219 [pool-261-thread-1] INFO  server.RaftServerConfigKeys (ConfUtils.java:logGet(43)) - raft.server.log.segment.size.max = 1048576 (custom)
2019-09-24 18:27:33,219 [pool-281-thread-1] INFO  server.RaftServerConfigKeys (ConfUtils.java:logGet(43)) - raft.server.log.segment.size.max = 1048576 (custom)
2019-09-24 18:27:33,219 [pool-261-thread-1] INFO  server.RaftServerConfigKeys (ConfUtils.java:logGet(43)) - raft.server.log.preallocated.size = 16384 (custom)
2019-09-24 18:27:33,219 [pool-271-thread-1] INFO  server.RaftServerConfigKeys (ConfUtils.java:logGet(43)) - raft.server.log.segment.size.max = 1048576 (custom)
2019-09-24 18:27:33,219 [pool-261-thread-1] INFO  server.RaftServerConfigKeys (ConfUtils.java:logGet(43)) - raft.server.log.write.buffer.size = 33554432 (custom)
2019-09-24 18:27:33,219 [pool-281-thread-1] INFO  server.RaftServerConfigKeys (ConfUtils.java:logGet(43)) - raft.server.log.segment.cache.num.max = 2 (custom)
2019-09-24 18:27:33,220 [pool-261-thread-1] INFO  server.RaftServerConfigKeys (ConfUtils.java:logGet(43)) - raft.server.log.force.sync.num = 128 (default)
2019-09-24 18:27:33,220 [pool-261-thread-1] INFO  server.RaftServerConfigKeys (ConfUtils.java:logGet(43)) - raft.server.log.statemachine.data.sync = true (default)
2019-09-24 18:27:33,220 [pool-271-thread-1] INFO  server.RaftServerConfigKeys (ConfUtils.java:logGet(43)) - raft.server.log.segment.cache.num.max = 2 (custom)
2019-09-24 18:27:33,220 [pool-261-thread-1] INFO  server.RaftServerConfigKeys (ConfUtils.java:logGet(43)) - raft.server.log.statemachine.data.sync.timeout = 10s (default)
2019-09-24 18:27:33,220 [pool-281-thread-1] INFO  segmented.SegmentedRaftLogWorker (SegmentedRaftLogWorker.java:<init>(172)) - new d6330460-d8c6-4b7a-b2c9-2d7903c7bb62@group-211920F5DBC8-SegmentedRaftLogWorker for RaftStorage:Storage Directory /workdir/hadoop-ozone/integration-test/target/test-dir/MiniOzoneClusterImpl-ea81ebbc-5455-47af-aebd-50bb68a5027b/datanode-2/data/ratis/f28a602c-9f81-458f-8bc1-211920f5dbc8
2019-09-24 18:27:33,221 [pool-261-thread-1] INFO  server.RaftServerConfigKeys (ConfUtils.java:logGet(43)) - raft.server.log.statemachine.data.sync.timeout.retry = -1 (default)
2019-09-24 18:27:33,220 [pool-271-thread-1] INFO  segmented.SegmentedRaftLogWorker (SegmentedRaftLogWorker.java:<init>(172)) - new f4161382-b349-4b3c-8c6b-b4da20d182c5@group-211920F5DBC8-SegmentedRaftLogWorker for RaftStorage:Storage Directory /workdir/hadoop-ozone/integration-test/target/test-dir/MiniOzoneClusterImpl-ea81ebbc-5455-47af-aebd-50bb68a5027b/datanode-1/data/ratis/f28a602c-9f81-458f-8bc1-211920f5dbc8
2019-09-24 18:27:33,221 [pool-261-thread-1] INFO  server.RaftServerConfigKeys (ConfUtils.java:logGet(43)) - raft.server.log.statemachine.data.caching.enabled = true (custom)
2019-09-24 18:27:33,221 [pool-281-thread-1] INFO  server.RaftServerConfigKeys (ConfUtils.java:logGet(43)) - raft.server.log.queue.byte-limit = 2147483647 (custom)
2019-09-24 18:27:33,221 [pool-271-thread-1] INFO  server.RaftServerConfigKeys (ConfUtils.java:logGet(43)) - raft.server.log.queue.byte-limit = 2147483647 (custom)
2019-09-24 18:27:33,221 [pool-261-thread-1] INFO  segmented.SegmentedRaftLogWorker (SegmentedRaftLogWorker.java:lambda$new$0(132)) - f025790a-2617-4056-bf74-508142b240c4@group-211920F5DBC8-SegmentedRaftLogWorker: flushIndex: setUnconditionally 0 -> -1
2019-09-24 18:27:33,221 [pool-281-thread-1] INFO  server.RaftServerConfigKeys (ConfUtils.java:logGet(43)) - raft.server.log.queue.element-limit = 1024 (custom)
2019-09-24 18:27:33,222 [pool-271-thread-1] INFO  server.RaftServerConfigKeys (ConfUtils.java:logGet(43)) - raft.server.log.queue.element-limit = 1024 (custom)
2019-09-24 18:27:33,222 [pool-281-thread-1] INFO  server.RaftServerConfigKeys (ConfUtils.java:logGet(43)) - raft.server.log.segment.size.max = 1048576 (custom)
2019-09-24 18:27:33,222 [pool-261-thread-1] INFO  server.RaftServerConfigKeys (ConfUtils.java:logGet(43)) - raft.server.snapshot.auto.trigger.enabled = true (custom)
2019-09-24 18:27:33,222 [pool-281-thread-1] INFO  server.RaftServerConfigKeys (ConfUtils.java:logGet(43)) - raft.server.log.preallocated.size = 16384 (custom)
2019-09-24 18:27:33,222 [pool-271-thread-1] INFO  server.RaftServerConfigKeys (ConfUtils.java:logGet(43)) - raft.server.log.segment.size.max = 1048576 (custom)
2019-09-24 18:27:33,223 [pool-281-thread-1] INFO  server.RaftServerConfigKeys (ConfUtils.java:logGet(43)) - raft.server.log.write.buffer.size = 33554432 (custom)
2019-09-24 18:27:33,222 [pool-261-thread-1] INFO  server.RaftServerConfigKeys (ConfUtils.java:logGet(43)) - raft.server.snapshot.auto.trigger.threshold = 10000 (custom)
2019-09-24 18:27:33,223 [pool-281-thread-1] INFO  server.RaftServerConfigKeys (ConfUtils.java:logGet(43)) - raft.server.log.force.sync.num = 128 (default)
2019-09-24 18:27:33,223 [pool-271-thread-1] INFO  server.RaftServerConfigKeys (ConfUtils.java:logGet(43)) - raft.server.log.preallocated.size = 16384 (custom)
2019-09-24 18:27:33,223 [pool-281-thread-1] INFO  server.RaftServerConfigKeys (ConfUtils.java:logGet(43)) - raft.server.log.statemachine.data.sync = true (default)
2019-09-24 18:27:33,223 [pool-261-thread-1] INFO  server.RaftServerConfigKeys (ConfUtils.java:logGet(43)) - raft.server.snapshot.retention.num.files = 5 (custom)
2019-09-24 18:27:33,224 [pool-281-thread-1] INFO  server.RaftServerConfigKeys (ConfUtils.java:logGet(43)) - raft.server.log.statemachine.data.sync.timeout = 10s (default)
2019-09-24 18:27:33,224 [pool-271-thread-1] INFO  server.RaftServerConfigKeys (ConfUtils.java:logGet(43)) - raft.server.log.write.buffer.size = 33554432 (custom)
2019-09-24 18:27:33,224 [pool-281-thread-1] INFO  server.RaftServerConfigKeys (ConfUtils.java:logGet(43)) - raft.server.log.statemachine.data.sync.timeout.retry = -1 (default)
2019-09-24 18:27:33,224 [pool-261-thread-1] INFO  server.RaftServerConfigKeys (ConfUtils.java:logGet(43)) - raft.server.retrycache.expirytime = 600000ms (custom)
2019-09-24 18:27:33,224 [pool-281-thread-1] INFO  server.RaftServerConfigKeys (ConfUtils.java:logGet(43)) - raft.server.log.statemachine.data.caching.enabled = true (custom)
2019-09-24 18:27:33,224 [pool-271-thread-1] INFO  server.RaftServerConfigKeys (ConfUtils.java:logGet(43)) - raft.server.log.force.sync.num = 128 (default)
2019-09-24 18:27:33,225 [pool-281-thread-1] INFO  segmented.SegmentedRaftLogWorker (SegmentedRaftLogWorker.java:lambda$new$0(132)) - d6330460-d8c6-4b7a-b2c9-2d7903c7bb62@group-211920F5DBC8-SegmentedRaftLogWorker: flushIndex: setUnconditionally 0 -> -1
2019-09-24 18:27:33,225 [pool-271-thread-1] INFO  server.RaftServerConfigKeys (ConfUtils.java:logGet(43)) - raft.server.log.statemachine.data.sync = true (default)
2019-09-24 18:27:33,225 [pool-281-thread-1] INFO  server.RaftServerConfigKeys (ConfUtils.java:logGet(43)) - raft.server.snapshot.auto.trigger.enabled = true (custom)
2019-09-24 18:27:33,225 [pool-271-thread-1] INFO  server.RaftServerConfigKeys (ConfUtils.java:logGet(43)) - raft.server.log.statemachine.data.sync.timeout = 10s (default)
2019-09-24 18:27:33,226 [pool-281-thread-1] INFO  server.RaftServerConfigKeys (ConfUtils.java:logGet(43)) - raft.server.snapshot.auto.trigger.threshold = 10000 (custom)
2019-09-24 18:27:33,226 [pool-271-thread-1] INFO  server.RaftServerConfigKeys (ConfUtils.java:logGet(43)) - raft.server.log.statemachine.data.sync.timeout.retry = -1 (default)
2019-09-24 18:27:33,226 [pool-281-thread-1] INFO  server.RaftServerConfigKeys (ConfUtils.java:logGet(43)) - raft.server.snapshot.retention.num.files = 5 (custom)
2019-09-24 18:27:33,226 [pool-271-thread-1] INFO  server.RaftServerConfigKeys (ConfUtils.java:logGet(43)) - raft.server.log.statemachine.data.caching.enabled = true (custom)
2019-09-24 18:27:33,226 [pool-281-thread-1] INFO  server.RaftServerConfigKeys (ConfUtils.java:logGet(43)) - raft.server.retrycache.expirytime = 600000ms (custom)
2019-09-24 18:27:33,227 [pool-271-thread-1] INFO  segmented.SegmentedRaftLogWorker (SegmentedRaftLogWorker.java:lambda$new$0(132)) - f4161382-b349-4b3c-8c6b-b4da20d182c5@group-211920F5DBC8-SegmentedRaftLogWorker: flushIndex: setUnconditionally 0 -> -1
2019-09-24 18:27:33,227 [pool-271-thread-1] INFO  server.RaftServerConfigKeys (ConfUtils.java:logGet(43)) - raft.server.snapshot.auto.trigger.enabled = true (custom)
2019-09-24 18:27:33,227 [pool-271-thread-1] INFO  server.RaftServerConfigKeys (ConfUtils.java:logGet(43)) - raft.server.snapshot.auto.trigger.threshold = 10000 (custom)
2019-09-24 18:27:33,227 [pool-261-thread-1] INFO  impl.RaftServerImpl (RaftServerImpl.java:start(185)) - f025790a-2617-4056-bf74-508142b240c4@group-211920F5DBC8: start as a follower, conf=-1: [d6330460-d8c6-4b7a-b2c9-2d7903c7bb62:192.168.5.148:46264, f4161382-b349-4b3c-8c6b-b4da20d182c5:192.168.5.148:35673, f025790a-2617-4056-bf74-508142b240c4:192.168.5.148:44030], old=null
2019-09-24 18:27:33,227 [pool-271-thread-1] INFO  server.RaftServerConfigKeys (ConfUtils.java:logGet(43)) - raft.server.snapshot.retention.num.files = 5 (custom)
2019-09-24 18:27:33,227 [pool-261-thread-1] INFO  impl.RaftServerImpl (RaftServerImpl.java:setRole(174)) - f025790a-2617-4056-bf74-508142b240c4@group-211920F5DBC8: changes role from      null to FOLLOWER at term 0 for startAsFollower
2019-09-24 18:27:33,228 [pool-271-thread-1] INFO  server.RaftServerConfigKeys (ConfUtils.java:logGet(43)) - raft.server.retrycache.expirytime = 600000ms (custom)
2019-09-24 18:27:33,228 [pool-261-thread-1] INFO  impl.RoleInfo (RoleInfo.java:updateAndGet(143)) - f025790a-2617-4056-bf74-508142b240c4: start FollowerState
2019-09-24 18:27:33,228 [pool-261-thread-1] INFO  util.JmxRegister (JmxRegister.java:tryRegister(44)) - Successfully registered JMX Bean with object name Ratis:service=RaftServer,group=group-211920F5DBC8,id=f025790a-2617-4056-bf74-508142b240c4
2019-09-24 18:27:33,231 [pool-281-thread-1] INFO  impl.RaftServerImpl (RaftServerImpl.java:start(185)) - d6330460-d8c6-4b7a-b2c9-2d7903c7bb62@group-211920F5DBC8: start as a follower, conf=-1: [d6330460-d8c6-4b7a-b2c9-2d7903c7bb62:192.168.5.148:46264, f4161382-b349-4b3c-8c6b-b4da20d182c5:192.168.5.148:35673, f025790a-2617-4056-bf74-508142b240c4:192.168.5.148:44030], old=null
2019-09-24 18:27:33,233 [pool-281-thread-1] INFO  impl.RaftServerImpl (RaftServerImpl.java:setRole(174)) - d6330460-d8c6-4b7a-b2c9-2d7903c7bb62@group-211920F5DBC8: changes role from      null to FOLLOWER at term 0 for startAsFollower
2019-09-24 18:27:33,233 [pool-281-thread-1] INFO  impl.RoleInfo (RoleInfo.java:updateAndGet(143)) - d6330460-d8c6-4b7a-b2c9-2d7903c7bb62: start FollowerState
2019-09-24 18:27:33,235 [pool-281-thread-1] INFO  util.JmxRegister (JmxRegister.java:tryRegister(44)) - Successfully registered JMX Bean with object name Ratis:service=RaftServer,group=group-211920F5DBC8,id=d6330460-d8c6-4b7a-b2c9-2d7903c7bb62
2019-09-24 18:27:33,237 [pool-271-thread-1] INFO  impl.RaftServerImpl (RaftServerImpl.java:start(185)) - f4161382-b349-4b3c-8c6b-b4da20d182c5@group-211920F5DBC8: start as a follower, conf=-1: [d6330460-d8c6-4b7a-b2c9-2d7903c7bb62:192.168.5.148:46264, f4161382-b349-4b3c-8c6b-b4da20d182c5:192.168.5.148:35673, f025790a-2617-4056-bf74-508142b240c4:192.168.5.148:44030], old=null
2019-09-24 18:27:33,240 [pool-271-thread-1] INFO  impl.RaftServerImpl (RaftServerImpl.java:setRole(174)) - f4161382-b349-4b3c-8c6b-b4da20d182c5@group-211920F5DBC8: changes role from      null to FOLLOWER at term 0 for startAsFollower
2019-09-24 18:27:33,240 [pool-271-thread-1] INFO  impl.RoleInfo (RoleInfo.java:updateAndGet(143)) - f4161382-b349-4b3c-8c6b-b4da20d182c5: start FollowerState
2019-09-24 18:27:33,241 [pool-271-thread-1] INFO  util.JmxRegister (JmxRegister.java:tryRegister(44)) - Successfully registered JMX Bean with object name Ratis:service=RaftServer,group=group-211920F5DBC8,id=f4161382-b349-4b3c-8c6b-b4da20d182c5
2019-09-24 18:27:33,254 [RatisPipelineUtilsThread] INFO  pipeline.PipelineStateManager (PipelineStateManager.java:addPipeline(56)) - Created pipeline Pipeline[ Id: f28a602c-9f81-458f-8bc1-211920f5dbc8, Nodes: f4161382-b349-4b3c-8c6b-b4da20d182c5{ip: 192.168.5.148, host: pr-hdds-2149-fgl4f-1742389470, networkLocation: /rack1, certSerialId: null}d6330460-d8c6-4b7a-b2c9-2d7903c7bb62{ip: 192.168.5.148, host: pr-hdds-2149-fgl4f-1742389470, networkLocation: /rack1, certSerialId: null}f025790a-2617-4056-bf74-508142b240c4{ip: 192.168.5.148, host: pr-hdds-2149-fgl4f-1742389470, networkLocation: /rack1, certSerialId: null}, Type:RATIS, Factor:THREE, State:OPEN]
2019-09-24 18:27:35,027 [Thread-1402] INFO  container.ReplicationManager (ReplicationManager.java:start(162)) - Starting Replication Monitor Thread.
2019-09-24 18:27:35,030 [ReplicationMonitor] INFO  container.ReplicationManager (ReplicationManager.java:run(225)) - Replication Monitor Thread took 0 milliseconds for processing 0 containers.
2019-09-24 18:27:37,762 [Thread-1404] INFO  impl.FollowerState (FollowerState.java:run(106)) - f025790a-2617-4056-bf74-508142b240c4:group-2AE1D93009AD changes to CANDIDATE, lastRpcTime:5014, electionTimeout:5014ms
2019-09-24 18:27:37,763 [Thread-1404] INFO  impl.RoleInfo (RoleInfo.java:shutdownFollowerState(121)) - f025790a-2617-4056-bf74-508142b240c4: shutdown FollowerState
2019-09-24 18:27:37,763 [Thread-1404] INFO  impl.RaftServerImpl (RaftServerImpl.java:setRole(174)) - f025790a-2617-4056-bf74-508142b240c4@group-2AE1D93009AD: changes role from  FOLLOWER to CANDIDATE at term 0 for changeToCandidate
2019-09-24 18:27:37,764 [Thread-1404] INFO  impl.RoleInfo (RoleInfo.java:updateAndGet(143)) - f025790a-2617-4056-bf74-508142b240c4: start LeaderElection
2019-09-24 18:27:37,829 [Thread-1407] INFO  impl.FollowerState (FollowerState.java:run(106)) - f4161382-b349-4b3c-8c6b-b4da20d182c5:group-A3BF62982616 changes to CANDIDATE, lastRpcTime:5007, electionTimeout:5007ms
2019-09-24 18:27:37,829 [Thread-1407] INFO  impl.RoleInfo (RoleInfo.java:shutdownFollowerState(121)) - f4161382-b349-4b3c-8c6b-b4da20d182c5: shutdown FollowerState
2019-09-24 18:27:37,830 [Thread-1407] INFO  impl.RaftServerImpl (RaftServerImpl.java:setRole(174)) - f4161382-b349-4b3c-8c6b-b4da20d182c5@group-A3BF62982616: changes role from  FOLLOWER to CANDIDATE at term 0 for changeToCandidate
2019-09-24 18:27:37,830 [Thread-1407] INFO  impl.RoleInfo (RoleInfo.java:updateAndGet(143)) - f4161382-b349-4b3c-8c6b-b4da20d182c5: start LeaderElection
2019-09-24 18:27:37,964 [Thread-1410] INFO  impl.FollowerState (FollowerState.java:run(106)) - d6330460-d8c6-4b7a-b2c9-2d7903c7bb62:group-870B2E2B72D8 changes to CANDIDATE, lastRpcTime:5068, electionTimeout:5068ms
2019-09-24 18:27:37,964 [Thread-1410] INFO  impl.RoleInfo (RoleInfo.java:shutdownFollowerState(121)) - d6330460-d8c6-4b7a-b2c9-2d7903c7bb62: shutdown FollowerState
2019-09-24 18:27:37,964 [Thread-1410] INFO  impl.RaftServerImpl (RaftServerImpl.java:setRole(174)) - d6330460-d8c6-4b7a-b2c9-2d7903c7bb62@group-870B2E2B72D8: changes role from  FOLLOWER to CANDIDATE at term 0 for changeToCandidate
2019-09-24 18:27:37,965 [Thread-1410] INFO  impl.RoleInfo (RoleInfo.java:updateAndGet(143)) - d6330460-d8c6-4b7a-b2c9-2d7903c7bb62: start LeaderElection
2019-09-24 18:27:38,171 [f4161382-b349-4b3c-8c6b-b4da20d182c5@group-A3BF62982616:LeaderElection9] INFO  impl.LeaderElection (LeaderElection.java:askForVotes(182)) - f4161382-b349-4b3c-8c6b-b4da20d182c5@group-A3BF62982616:LeaderElection9: begin an election at term 1 for -1: [f4161382-b349-4b3c-8c6b-b4da20d182c5:192.168.5.148:35673], old=null
2019-09-24 18:27:38,171 [d6330460-d8c6-4b7a-b2c9-2d7903c7bb62@group-870B2E2B72D8:LeaderElection10] INFO  impl.LeaderElection (LeaderElection.java:askForVotes(182)) - d6330460-d8c6-4b7a-b2c9-2d7903c7bb62@group-870B2E2B72D8:LeaderElection10: begin an election at term 1 for -1: [d6330460-d8c6-4b7a-b2c9-2d7903c7bb62:192.168.5.148:46264], old=null
2019-09-24 18:27:38,171 [f025790a-2617-4056-bf74-508142b240c4@group-2AE1D93009AD:LeaderElection8] INFO  impl.LeaderElection (LeaderElection.java:askForVotes(182)) - f025790a-2617-4056-bf74-508142b240c4@group-2AE1D93009AD:LeaderElection8: begin an election at term 1 for -1: [f025790a-2617-4056-bf74-508142b240c4:192.168.5.148:44030], old=null
2019-09-24 18:27:38,171 [d6330460-d8c6-4b7a-b2c9-2d7903c7bb62@group-870B2E2B72D8:LeaderElection10] INFO  impl.RoleInfo (RoleInfo.java:shutdownLeaderElection(134)) - d6330460-d8c6-4b7a-b2c9-2d7903c7bb62: shutdown LeaderElection
2019-09-24 18:27:38,171 [f4161382-b349-4b3c-8c6b-b4da20d182c5@group-A3BF62982616:LeaderElection9] INFO  impl.RoleInfo (RoleInfo.java:shutdownLeaderElection(134)) - f4161382-b349-4b3c-8c6b-b4da20d182c5: shutdown LeaderElection
2019-09-24 18:27:38,172 [d6330460-d8c6-4b7a-b2c9-2d7903c7bb62@group-870B2E2B72D8:LeaderElection10] INFO  impl.RaftServerImpl (RaftServerImpl.java:setRole(174)) - d6330460-d8c6-4b7a-b2c9-2d7903c7bb62@group-870B2E2B72D8: changes role from CANDIDATE to LEADER at term 1 for changeToLeader
2019-09-24 18:27:38,171 [f025790a-2617-4056-bf74-508142b240c4@group-2AE1D93009AD:LeaderElection8] INFO  impl.RoleInfo (RoleInfo.java:shutdownLeaderElection(134)) - f025790a-2617-4056-bf74-508142b240c4: shutdown LeaderElection
2019-09-24 18:27:38,172 [d6330460-d8c6-4b7a-b2c9-2d7903c7bb62@group-870B2E2B72D8:LeaderElection10] INFO  impl.RaftServerImpl (ServerState.java:setLeader(253)) - d6330460-d8c6-4b7a-b2c9-2d7903c7bb62@group-870B2E2B72D8: change Leader from null to d6330460-d8c6-4b7a-b2c9-2d7903c7bb62 at term 1 for becomeLeader, leader elected after 5289ms
2019-09-24 18:27:38,172 [f4161382-b349-4b3c-8c6b-b4da20d182c5@group-A3BF62982616:LeaderElection9] INFO  impl.RaftServerImpl (RaftServerImpl.java:setRole(174)) - f4161382-b349-4b3c-8c6b-b4da20d182c5@group-A3BF62982616: changes role from CANDIDATE to LEADER at term 1 for changeToLeader
2019-09-24 18:27:38,172 [f025790a-2617-4056-bf74-508142b240c4@group-2AE1D93009AD:LeaderElection8] INFO  impl.RaftServerImpl (RaftServerImpl.java:setRole(174)) - f025790a-2617-4056-bf74-508142b240c4@group-2AE1D93009AD: changes role from CANDIDATE to LEADER at term 1 for changeToLeader
2019-09-24 18:27:38,174 [f025790a-2617-4056-bf74-508142b240c4@group-2AE1D93009AD:LeaderElection8] INFO  impl.RaftServerImpl (ServerState.java:setLeader(253)) - f025790a-2617-4056-bf74-508142b240c4@group-2AE1D93009AD: change Leader from null to f025790a-2617-4056-bf74-508142b240c4 at term 1 for becomeLeader, leader elected after 5438ms
2019-09-24 18:27:38,172 [f4161382-b349-4b3c-8c6b-b4da20d182c5@group-A3BF62982616:LeaderElection9] INFO  impl.RaftServerImpl (ServerState.java:setLeader(253)) - f4161382-b349-4b3c-8c6b-b4da20d182c5@group-A3BF62982616: change Leader from null to f4161382-b349-4b3c-8c6b-b4da20d182c5 at term 1 for becomeLeader, leader elected after 5363ms
2019-09-24 18:27:38,176 [f025790a-2617-4056-bf74-508142b240c4@group-2AE1D93009AD:LeaderElection8] INFO  server.RaftServerConfigKeys (ConfUtils.java:logGet(43)) - raft.server.staging.catchup.gap = 1000 (default)
2019-09-24 18:27:38,174 [d6330460-d8c6-4b7a-b2c9-2d7903c7bb62@group-870B2E2B72D8:LeaderElection10] INFO  server.RaftServerConfigKeys (ConfUtils.java:logGet(43)) - raft.server.staging.catchup.gap = 1000 (default)
2019-09-24 18:27:38,177 [f025790a-2617-4056-bf74-508142b240c4@group-2AE1D93009AD:LeaderElection8] INFO  server.RaftServerConfigKeys (ConfUtils.java:logGet(43)) - raft.server.rpc.sleep.time = 25ms (default)
2019-09-24 18:27:38,177 [f4161382-b349-4b3c-8c6b-b4da20d182c5@group-A3BF62982616:LeaderElection9] INFO  server.RaftServerConfigKeys (ConfUtils.java:logGet(43)) - raft.server.staging.catchup.gap = 1000 (default)
2019-09-24 18:27:38,178 [f025790a-2617-4056-bf74-508142b240c4@group-2AE1D93009AD:LeaderElection8] INFO  server.RaftServerConfigKeys (ConfUtils.java:logGet(43)) - raft.server.write.element-limit = 4096 (default)
2019-09-24 18:27:38,178 [d6330460-d8c6-4b7a-b2c9-2d7903c7bb62@group-870B2E2B72D8:LeaderElection10] INFO  server.RaftServerConfigKeys (ConfUtils.java:logGet(43)) - raft.server.rpc.sleep.time = 25ms (default)
2019-09-24 18:27:38,178 [f025790a-2617-4056-bf74-508142b240c4@group-2AE1D93009AD:LeaderElection8] INFO  server.RaftServerConfigKeys (ConfUtils.java:logGet(43)) - raft.server.watch.timeout = 10s (default)
2019-09-24 18:27:38,178 [f4161382-b349-4b3c-8c6b-b4da20d182c5@group-A3BF62982616:LeaderElection9] INFO  server.RaftServerConfigKeys (ConfUtils.java:logGet(43)) - raft.server.rpc.sleep.time = 25ms (default)
2019-09-24 18:27:38,179 [f025790a-2617-4056-bf74-508142b240c4@group-2AE1D93009AD:LeaderElection8] INFO  server.RaftServerConfigKeys (ConfUtils.java:logGet(43)) - raft.server.watch.timeout.denomination = 1s (default)
2019-09-24 18:27:38,179 [d6330460-d8c6-4b7a-b2c9-2d7903c7bb62@group-870B2E2B72D8:LeaderElection10] INFO  server.RaftServerConfigKeys (ConfUtils.java:logGet(43)) - raft.server.write.element-limit = 4096 (default)
2019-09-24 18:27:38,179 [f025790a-2617-4056-bf74-508142b240c4@group-2AE1D93009AD:LeaderElection8] INFO  server.RaftServerConfigKeys (ConfUtils.java:logGet(43)) - raft.server.watch.element-limit = 65536 (default)
2019-09-24 18:27:38,179 [f4161382-b349-4b3c-8c6b-b4da20d182c5@group-A3BF62982616:LeaderElection9] INFO  server.RaftServerConfigKeys (ConfUtils.java:logGet(43)) - raft.server.write.element-limit = 4096 (default)
2019-09-24 18:27:38,179 [d6330460-d8c6-4b7a-b2c9-2d7903c7bb62@group-870B2E2B72D8:LeaderElection10] INFO  server.RaftServerConfigKeys (ConfUtils.java:logGet(43)) - raft.server.watch.timeout = 10s (default)
2019-09-24 18:27:38,180 [f4161382-b349-4b3c-8c6b-b4da20d182c5@group-A3BF62982616:LeaderElection9] INFO  server.RaftServerConfigKeys (ConfUtils.java:logGet(43)) - raft.server.watch.timeout = 10s (default)
2019-09-24 18:27:38,180 [d6330460-d8c6-4b7a-b2c9-2d7903c7bb62@group-870B2E2B72D8:LeaderElection10] INFO  server.RaftServerConfigKeys (ConfUtils.java:logGet(43)) - raft.server.watch.timeout.denomination = 1s (default)
2019-09-24 18:27:38,180 [f4161382-b349-4b3c-8c6b-b4da20d182c5@group-A3BF62982616:LeaderElection9] INFO  server.RaftServerConfigKeys (ConfUtils.java:logGet(43)) - raft.server.watch.timeout.denomination = 1s (default)
2019-09-24 18:27:38,180 [d6330460-d8c6-4b7a-b2c9-2d7903c7bb62@group-870B2E2B72D8:LeaderElection10] INFO  server.RaftServerConfigKeys (ConfUtils.java:logGet(43)) - raft.server.watch.element-limit = 65536 (default)
2019-09-24 18:27:38,181 [f4161382-b349-4b3c-8c6b-b4da20d182c5@group-A3BF62982616:LeaderElection9] INFO  server.RaftServerConfigKeys (ConfUtils.java:logGet(43)) - raft.server.watch.element-limit = 65536 (default)
2019-09-24 18:27:38,187 [f025790a-2617-4056-bf74-508142b240c4@group-2AE1D93009AD:LeaderElection8] INFO  impl.RoleInfo (RoleInfo.java:updateAndGet(143)) - f025790a-2617-4056-bf74-508142b240c4: start LeaderState
2019-09-24 18:27:38,187 [d6330460-d8c6-4b7a-b2c9-2d7903c7bb62@group-870B2E2B72D8:LeaderElection10] INFO  impl.RoleInfo (RoleInfo.java:updateAndGet(143)) - d6330460-d8c6-4b7a-b2c9-2d7903c7bb62: start LeaderState
2019-09-24 18:27:38,187 [f025790a-2617-4056-bf74-508142b240c4@group-2AE1D93009AD:LeaderElection8] INFO  segmented.SegmentedRaftLogWorker (SegmentedRaftLogWorker.java:startLogSegment(380)) - f025790a-2617-4056-bf74-508142b240c4@group-2AE1D93009AD-SegmentedRaftLogWorker: Starting segment from index:0
2019-09-24 18:27:38,188 [d6330460-d8c6-4b7a-b2c9-2d7903c7bb62@group-870B2E2B72D8:LeaderElection10] INFO  segmented.SegmentedRaftLogWorker (SegmentedRaftLogWorker.java:startLogSegment(380)) - d6330460-d8c6-4b7a-b2c9-2d7903c7bb62@group-870B2E2B72D8-SegmentedRaftLogWorker: Starting segment from index:0
2019-09-24 18:27:38,188 [f4161382-b349-4b3c-8c6b-b4da20d182c5@group-A3BF62982616:LeaderElection9] INFO  impl.RoleInfo (RoleInfo.java:updateAndGet(143)) - f4161382-b349-4b3c-8c6b-b4da20d182c5: start LeaderState
2019-09-24 18:27:38,189 [f4161382-b349-4b3c-8c6b-b4da20d182c5@group-A3BF62982616:LeaderElection9] INFO  segmented.SegmentedRaftLogWorker (SegmentedRaftLogWorker.java:startLogSegment(380)) - f4161382-b349-4b3c-8c6b-b4da20d182c5@group-A3BF62982616-SegmentedRaftLogWorker: Starting segment from index:0
2019-09-24 18:27:38,189 [f025790a-2617-4056-bf74-508142b240c4@group-2AE1D93009AD:LeaderElection8] INFO  impl.RaftServerImpl (ServerState.java:setRaftConf(354)) - f025790a-2617-4056-bf74-508142b240c4@group-2AE1D93009AD: set configuration 0: [f025790a-2617-4056-bf74-508142b240c4:192.168.5.148:44030], old=null at 0
2019-09-24 18:27:38,189 [d6330460-d8c6-4b7a-b2c9-2d7903c7bb62@group-870B2E2B72D8:LeaderElection10] INFO  impl.RaftServerImpl (ServerState.java:setRaftConf(354)) - d6330460-d8c6-4b7a-b2c9-2d7903c7bb62@group-870B2E2B72D8: set configuration 0: [d6330460-d8c6-4b7a-b2c9-2d7903c7bb62:192.168.5.148:46264], old=null at 0
2019-09-24 18:27:38,190 [f4161382-b349-4b3c-8c6b-b4da20d182c5@group-A3BF62982616:LeaderElection9] INFO  impl.RaftServerImpl (ServerState.java:setRaftConf(354)) - f4161382-b349-4b3c-8c6b-b4da20d182c5@group-A3BF62982616: set configuration 0: [f4161382-b349-4b3c-8c6b-b4da20d182c5:192.168.5.148:35673], old=null at 0
2019-09-24 18:27:38,252 [Thread-1419] INFO  impl.FollowerState (FollowerState.java:run(106)) - f4161382-b349-4b3c-8c6b-b4da20d182c5:group-211920F5DBC8 changes to CANDIDATE, lastRpcTime:5011, electionTimeout:5011ms
2019-09-24 18:27:38,253 [Thread-1419] INFO  impl.RoleInfo (RoleInfo.java:shutdownFollowerState(121)) - f4161382-b349-4b3c-8c6b-b4da20d182c5: shutdown FollowerState
2019-09-24 18:27:38,253 [Thread-1419] INFO  impl.RaftServerImpl (RaftServerImpl.java:setRole(174)) - f4161382-b349-4b3c-8c6b-b4da20d182c5@group-211920F5DBC8: changes role from  FOLLOWER to CANDIDATE at term 0 for changeToCandidate
2019-09-24 18:27:38,253 [Thread-1419] INFO  impl.RoleInfo (RoleInfo.java:updateAndGet(143)) - f4161382-b349-4b3c-8c6b-b4da20d182c5: start LeaderElection
2019-09-24 18:27:38,257 [Thread-1415] INFO  impl.FollowerState (FollowerState.java:run(106)) - f025790a-2617-4056-bf74-508142b240c4:group-211920F5DBC8 changes to CANDIDATE, lastRpcTime:5028, electionTimeout:5025ms
2019-09-24 18:27:38,258 [Thread-1415] INFO  impl.RoleInfo (RoleInfo.java:shutdownFollowerState(121)) - f025790a-2617-4056-bf74-508142b240c4: shutdown FollowerState
2019-09-24 18:27:38,258 [Thread-1415] INFO  impl.RaftServerImpl (RaftServerImpl.java:setRole(174)) - f025790a-2617-4056-bf74-508142b240c4@group-211920F5DBC8: changes role from  FOLLOWER to CANDIDATE at term 0 for changeToCandidate
2019-09-24 18:27:38,258 [Thread-1415] INFO  impl.RoleInfo (RoleInfo.java:updateAndGet(143)) - f025790a-2617-4056-bf74-508142b240c4: start LeaderElection
2019-09-24 18:27:38,334 [Thread-1417] INFO  impl.FollowerState (FollowerState.java:run(106)) - d6330460-d8c6-4b7a-b2c9-2d7903c7bb62:group-211920F5DBC8 changes to CANDIDATE, lastRpcTime:5101, electionTimeout:5099ms
2019-09-24 18:27:38,335 [Thread-1417] INFO  impl.RoleInfo (RoleInfo.java:shutdownFollowerState(121)) - d6330460-d8c6-4b7a-b2c9-2d7903c7bb62: shutdown FollowerState
2019-09-24 18:27:38,335 [Thread-1417] INFO  impl.RaftServerImpl (RaftServerImpl.java:setRole(174)) - d6330460-d8c6-4b7a-b2c9-2d7903c7bb62@group-211920F5DBC8: changes role from  FOLLOWER to CANDIDATE at term 0 for changeToCandidate
2019-09-24 18:27:38,335 [Thread-1417] INFO  impl.RoleInfo (RoleInfo.java:updateAndGet(143)) - d6330460-d8c6-4b7a-b2c9-2d7903c7bb62: start LeaderElection
2019-09-24 18:27:38,511 [f4161382-b349-4b3c-8c6b-b4da20d182c5@group-A3BF62982616-SegmentedRaftLogWorker] INFO  segmented.SegmentedRaftLogWorker (SegmentedRaftLogWorker.java:execute(569)) - f4161382-b349-4b3c-8c6b-b4da20d182c5@group-A3BF62982616-SegmentedRaftLogWorker: created new log segment /workdir/hadoop-ozone/integration-test/target/test-dir/MiniOzoneClusterImpl-ea81ebbc-5455-47af-aebd-50bb68a5027b/datanode-1/data/ratis/33b70e6b-017b-4731-b027-a3bf62982616/current/log_inprogress_0
2019-09-24 18:27:38,511 [d6330460-d8c6-4b7a-b2c9-2d7903c7bb62@group-870B2E2B72D8-SegmentedRaftLogWorker] INFO  segmented.SegmentedRaftLogWorker (SegmentedRaftLogWorker.java:execute(569)) - d6330460-d8c6-4b7a-b2c9-2d7903c7bb62@group-870B2E2B72D8-SegmentedRaftLogWorker: created new log segment /workdir/hadoop-ozone/integration-test/target/test-dir/MiniOzoneClusterImpl-ea81ebbc-5455-47af-aebd-50bb68a5027b/datanode-2/data/ratis/2b238cd6-b2f1-4916-90f3-870b2e2b72d8/current/log_inprogress_0
2019-09-24 18:27:38,511 [f025790a-2617-4056-bf74-508142b240c4@group-2AE1D93009AD-SegmentedRaftLogWorker] INFO  segmented.SegmentedRaftLogWorker (SegmentedRaftLogWorker.java:execute(569)) - f025790a-2617-4056-bf74-508142b240c4@group-2AE1D93009AD-SegmentedRaftLogWorker: created new log segment /workdir/hadoop-ozone/integration-test/target/test-dir/MiniOzoneClusterImpl-ea81ebbc-5455-47af-aebd-50bb68a5027b/datanode-0/data/ratis/a54a51d6-ac10-4440-9014-2ae1d93009ad/current/log_inprogress_0
2019-09-24 18:27:38,513 [f025790a-2617-4056-bf74-508142b240c4@group-211920F5DBC8:LeaderElection12] INFO  impl.LeaderElection (LeaderElection.java:askForVotes(182)) - f025790a-2617-4056-bf74-508142b240c4@group-211920F5DBC8:LeaderElection12: begin an election at term 1 for -1: [d6330460-d8c6-4b7a-b2c9-2d7903c7bb62:192.168.5.148:46264, f4161382-b349-4b3c-8c6b-b4da20d182c5:192.168.5.148:35673, f025790a-2617-4056-bf74-508142b240c4:192.168.5.148:44030], old=null
2019-09-24 18:27:38,513 [d6330460-d8c6-4b7a-b2c9-2d7903c7bb62@group-211920F5DBC8:LeaderElection13] INFO  impl.LeaderElection (LeaderElection.java:askForVotes(182)) - d6330460-d8c6-4b7a-b2c9-2d7903c7bb62@group-211920F5DBC8:LeaderElection13: begin an election at term 1 for -1: [d6330460-d8c6-4b7a-b2c9-2d7903c7bb62:192.168.5.148:46264, f4161382-b349-4b3c-8c6b-b4da20d182c5:192.168.5.148:35673, f025790a-2617-4056-bf74-508142b240c4:192.168.5.148:44030], old=null
2019-09-24 18:27:38,513 [f4161382-b349-4b3c-8c6b-b4da20d182c5@group-211920F5DBC8:LeaderElection11] INFO  impl.LeaderElection (LeaderElection.java:askForVotes(182)) - f4161382-b349-4b3c-8c6b-b4da20d182c5@group-211920F5DBC8:LeaderElection11: begin an election at term 1 for -1: [d6330460-d8c6-4b7a-b2c9-2d7903c7bb62:192.168.5.148:46264, f4161382-b349-4b3c-8c6b-b4da20d182c5:192.168.5.148:35673, f025790a-2617-4056-bf74-508142b240c4:192.168.5.148:44030], old=null
2019-09-24 18:27:38,604 [d6330460-d8c6-4b7a-b2c9-2d7903c7bb62@group-211920F5DBC8:LeaderElection13] INFO  impl.LeaderElection (LeaderElection.java:logAndReturn(56)) - d6330460-d8c6-4b7a-b2c9-2d7903c7bb62@group-211920F5DBC8:LeaderElection13: Election REJECTED; received 2 response(s) [d6330460-d8c6-4b7a-b2c9-2d7903c7bb62<-f4161382-b349-4b3c-8c6b-b4da20d182c5#0:FAIL-t1, d6330460-d8c6-4b7a-b2c9-2d7903c7bb62<-f025790a-2617-4056-bf74-508142b240c4#0:FAIL-t1] and 0 exception(s); d6330460-d8c6-4b7a-b2c9-2d7903c7bb62@group-211920F5DBC8:t1, leader=null, voted=d6330460-d8c6-4b7a-b2c9-2d7903c7bb62, raftlog=d6330460-d8c6-4b7a-b2c9-2d7903c7bb62@group-211920F5DBC8-SegmentedRaftLog:OPENED:c-1,f-1,i0, conf=-1: [d6330460-d8c6-4b7a-b2c9-2d7903c7bb62:192.168.5.148:46264, f4161382-b349-4b3c-8c6b-b4da20d182c5:192.168.5.148:35673, f025790a-2617-4056-bf74-508142b240c4:192.168.5.148:44030], old=null
2019-09-24 18:27:38,604 [f4161382-b349-4b3c-8c6b-b4da20d182c5@group-211920F5DBC8:LeaderElection11] INFO  impl.LeaderElection (LeaderElection.java:logAndReturn(56)) - f4161382-b349-4b3c-8c6b-b4da20d182c5@group-211920F5DBC8:LeaderElection11: Election REJECTED; received 2 response(s) [f4161382-b349-4b3c-8c6b-b4da20d182c5<-d6330460-d8c6-4b7a-b2c9-2d7903c7bb62#0:FAIL-t1, f4161382-b349-4b3c-8c6b-b4da20d182c5<-f025790a-2617-4056-bf74-508142b240c4#0:FAIL-t1] and 0 exception(s); f4161382-b349-4b3c-8c6b-b4da20d182c5@group-211920F5DBC8:t1, leader=null, voted=f4161382-b349-4b3c-8c6b-b4da20d182c5, raftlog=f4161382-b349-4b3c-8c6b-b4da20d182c5@group-211920F5DBC8-SegmentedRaftLog:OPENED:c-1,f-1,i0, conf=-1: [d6330460-d8c6-4b7a-b2c9-2d7903c7bb62:192.168.5.148:46264, f4161382-b349-4b3c-8c6b-b4da20d182c5:192.168.5.148:35673, f025790a-2617-4056-bf74-508142b240c4:192.168.5.148:44030], old=null
2019-09-24 18:27:38,604 [f025790a-2617-4056-bf74-508142b240c4@group-211920F5DBC8:LeaderElection12] INFO  impl.LeaderElection (LeaderElection.java:logAndReturn(56)) - f025790a-2617-4056-bf74-508142b240c4@group-211920F5DBC8:LeaderElection12: Election REJECTED; received 2 response(s) [f025790a-2617-4056-bf74-508142b240c4<-d6330460-d8c6-4b7a-b2c9-2d7903c7bb62#0:FAIL-t1, f025790a-2617-4056-bf74-508142b240c4<-f4161382-b349-4b3c-8c6b-b4da20d182c5#0:FAIL-t1] and 0 exception(s); f025790a-2617-4056-bf74-508142b240c4@group-211920F5DBC8:t1, leader=null, voted=f025790a-2617-4056-bf74-508142b240c4, raftlog=f025790a-2617-4056-bf74-508142b240c4@group-211920F5DBC8-SegmentedRaftLog:OPENED:c-1,f-1,i0, conf=-1: [d6330460-d8c6-4b7a-b2c9-2d7903c7bb62:192.168.5.148:46264, f4161382-b349-4b3c-8c6b-b4da20d182c5:192.168.5.148:35673, f025790a-2617-4056-bf74-508142b240c4:192.168.5.148:44030], old=null
2019-09-24 18:27:38,609 [d6330460-d8c6-4b7a-b2c9-2d7903c7bb62@group-211920F5DBC8:LeaderElection13] INFO  impl.RaftServerImpl (RaftServerImpl.java:setRole(174)) - d6330460-d8c6-4b7a-b2c9-2d7903c7bb62@group-211920F5DBC8: changes role from CANDIDATE to FOLLOWER at term 1 for DISCOVERED_A_NEW_TERM
2019-09-24 18:27:38,610 [f025790a-2617-4056-bf74-508142b240c4@group-211920F5DBC8:LeaderElection12] INFO  impl.RaftServerImpl (RaftServerImpl.java:setRole(174)) - f025790a-2617-4056-bf74-508142b240c4@group-211920F5DBC8: changes role from CANDIDATE to FOLLOWER at term 1 for DISCOVERED_A_NEW_TERM
2019-09-24 18:27:38,612 [f025790a-2617-4056-bf74-508142b240c4@group-211920F5DBC8:LeaderElection12] INFO  impl.RoleInfo (RoleInfo.java:shutdownLeaderElection(134)) - f025790a-2617-4056-bf74-508142b240c4: shutdown LeaderElection
2019-09-24 18:27:38,609 [f4161382-b349-4b3c-8c6b-b4da20d182c5@group-211920F5DBC8:LeaderElection11] INFO  impl.RaftServerImpl (RaftServerImpl.java:setRole(174)) - f4161382-b349-4b3c-8c6b-b4da20d182c5@group-211920F5DBC8: changes role from CANDIDATE to FOLLOWER at term 1 for DISCOVERED_A_NEW_TERM
2019-09-24 18:27:38,612 [f025790a-2617-4056-bf74-508142b240c4@group-211920F5DBC8:LeaderElection12] INFO  impl.RoleInfo (RoleInfo.java:updateAndGet(143)) - f025790a-2617-4056-bf74-508142b240c4: start FollowerState
2019-09-24 18:27:38,610 [d6330460-d8c6-4b7a-b2c9-2d7903c7bb62@group-211920F5DBC8:LeaderElection13] INFO  impl.RoleInfo (RoleInfo.java:shutdownLeaderElection(134)) - d6330460-d8c6-4b7a-b2c9-2d7903c7bb62: shutdown LeaderElection
2019-09-24 18:27:38,612 [f4161382-b349-4b3c-8c6b-b4da20d182c5@group-211920F5DBC8:LeaderElection11] INFO  impl.RoleInfo (RoleInfo.java:shutdownLeaderElection(134)) - f4161382-b349-4b3c-8c6b-b4da20d182c5: shutdown LeaderElection
2019-09-24 18:27:38,612 [d6330460-d8c6-4b7a-b2c9-2d7903c7bb62@group-211920F5DBC8:LeaderElection13] INFO  impl.RoleInfo (RoleInfo.java:updateAndGet(143)) - d6330460-d8c6-4b7a-b2c9-2d7903c7bb62: start FollowerState
2019-09-24 18:27:38,612 [f4161382-b349-4b3c-8c6b-b4da20d182c5@group-211920F5DBC8:LeaderElection11] INFO  impl.RoleInfo (RoleInfo.java:updateAndGet(143)) - f4161382-b349-4b3c-8c6b-b4da20d182c5: start FollowerState
2019-09-24 18:27:43,615 [Thread-1437] INFO  impl.FollowerState (FollowerState.java:run(106)) - f025790a-2617-4056-bf74-508142b240c4:group-211920F5DBC8 changes to CANDIDATE, lastRpcTime:5002, electionTimeout:5002ms
2019-09-24 18:27:43,615 [Thread-1437] INFO  impl.RoleInfo (RoleInfo.java:shutdownFollowerState(121)) - f025790a-2617-4056-bf74-508142b240c4: shutdown FollowerState
2019-09-24 18:27:43,615 [Thread-1437] INFO  impl.RaftServerImpl (RaftServerImpl.java:setRole(174)) - f025790a-2617-4056-bf74-508142b240c4@group-211920F5DBC8: changes role from  FOLLOWER to CANDIDATE at term 1 for changeToCandidate
2019-09-24 18:27:43,616 [Thread-1437] INFO  impl.RoleInfo (RoleInfo.java:updateAndGet(143)) - f025790a-2617-4056-bf74-508142b240c4: start LeaderElection
2019-09-24 18:27:43,642 [Thread-1439] INFO  impl.FollowerState (FollowerState.java:run(106)) - f4161382-b349-4b3c-8c6b-b4da20d182c5:group-211920F5DBC8 changes to CANDIDATE, lastRpcTime:5029, electionTimeout:5029ms
2019-09-24 18:27:43,643 [Thread-1439] INFO  impl.RoleInfo (RoleInfo.java:shutdownFollowerState(121)) - f4161382-b349-4b3c-8c6b-b4da20d182c5: shutdown FollowerState
2019-09-24 18:27:43,643 [Thread-1439] INFO  impl.RaftServerImpl (RaftServerImpl.java:setRole(174)) - f4161382-b349-4b3c-8c6b-b4da20d182c5@group-211920F5DBC8: changes role from  FOLLOWER to CANDIDATE at term 1 for changeToCandidate
2019-09-24 18:27:43,643 [Thread-1439] INFO  impl.RoleInfo (RoleInfo.java:updateAndGet(143)) - f4161382-b349-4b3c-8c6b-b4da20d182c5: start LeaderElection
2019-09-24 18:27:43,645 [f025790a-2617-4056-bf74-508142b240c4@group-211920F5DBC8:LeaderElection14] INFO  impl.LeaderElection (LeaderElection.java:askForVotes(182)) - f025790a-2617-4056-bf74-508142b240c4@group-211920F5DBC8:LeaderElection14: begin an election at term 2 for -1: [d6330460-d8c6-4b7a-b2c9-2d7903c7bb62:192.168.5.148:46264, f4161382-b349-4b3c-8c6b-b4da20d182c5:192.168.5.148:35673, f025790a-2617-4056-bf74-508142b240c4:192.168.5.148:44030], old=null
2019-09-24 18:27:43,653 [grpc-default-executor-4] INFO  impl.RaftServerImpl (RaftServerImpl.java:setRole(174)) - d6330460-d8c6-4b7a-b2c9-2d7903c7bb62@group-211920F5DBC8: changes role from  FOLLOWER to FOLLOWER at term 2 for recognizeCandidate:f025790a-2617-4056-bf74-508142b240c4
2019-09-24 18:27:43,654 [grpc-default-executor-4] INFO  impl.RoleInfo (RoleInfo.java:shutdownFollowerState(121)) - d6330460-d8c6-4b7a-b2c9-2d7903c7bb62: shutdown FollowerState
2019-09-24 18:27:43,654 [grpc-default-executor-4] INFO  impl.RoleInfo (RoleInfo.java:updateAndGet(143)) - d6330460-d8c6-4b7a-b2c9-2d7903c7bb62: start FollowerState
2019-09-24 18:27:43,654 [Thread-1438] INFO  impl.FollowerState (FollowerState.java:run(115)) - d6330460-d8c6-4b7a-b2c9-2d7903c7bb62: FollowerState was interrupted: java.lang.InterruptedException: sleep interrupted
2019-09-24 18:27:43,673 [f4161382-b349-4b3c-8c6b-b4da20d182c5@group-211920F5DBC8:LeaderElection15] INFO  impl.LeaderElection (LeaderElection.java:askForVotes(182)) - f4161382-b349-4b3c-8c6b-b4da20d182c5@group-211920F5DBC8:LeaderElection15: begin an election at term 2 for -1: [d6330460-d8c6-4b7a-b2c9-2d7903c7bb62:192.168.5.148:46264, f4161382-b349-4b3c-8c6b-b4da20d182c5:192.168.5.148:35673, f025790a-2617-4056-bf74-508142b240c4:192.168.5.148:44030], old=null
2019-09-24 18:27:43,682 [f025790a-2617-4056-bf74-508142b240c4@group-211920F5DBC8:LeaderElection14] INFO  impl.LeaderElection (LeaderElection.java:logAndReturn(56)) - f025790a-2617-4056-bf74-508142b240c4@group-211920F5DBC8:LeaderElection14: Election PASSED; received 2 response(s) [f025790a-2617-4056-bf74-508142b240c4<-d6330460-d8c6-4b7a-b2c9-2d7903c7bb62#0:OK-t2, f025790a-2617-4056-bf74-508142b240c4<-f4161382-b349-4b3c-8c6b-b4da20d182c5#0:FAIL-t2] and 0 exception(s); f025790a-2617-4056-bf74-508142b240c4@group-211920F5DBC8:t2, leader=null, voted=f025790a-2617-4056-bf74-508142b240c4, raftlog=f025790a-2617-4056-bf74-508142b240c4@group-211920F5DBC8-SegmentedRaftLog:OPENED:c-1,f-1,i0, conf=-1: [d6330460-d8c6-4b7a-b2c9-2d7903c7bb62:192.168.5.148:46264, f4161382-b349-4b3c-8c6b-b4da20d182c5:192.168.5.148:35673, f025790a-2617-4056-bf74-508142b240c4:192.168.5.148:44030], old=null
2019-09-24 18:27:43,684 [f025790a-2617-4056-bf74-508142b240c4@group-211920F5DBC8:LeaderElection14] INFO  impl.RoleInfo (RoleInfo.java:shutdownLeaderElection(134)) - f025790a-2617-4056-bf74-508142b240c4: shutdown LeaderElection
2019-09-24 18:27:43,686 [f025790a-2617-4056-bf74-508142b240c4@group-211920F5DBC8:LeaderElection14] INFO  impl.RaftServerImpl (RaftServerImpl.java:setRole(174)) - f025790a-2617-4056-bf74-508142b240c4@group-211920F5DBC8: changes role from CANDIDATE to LEADER at term 2 for changeToLeader
2019-09-24 18:27:43,686 [f025790a-2617-4056-bf74-508142b240c4@group-211920F5DBC8:LeaderElection14] INFO  impl.RaftServerImpl (ServerState.java:setLeader(253)) - f025790a-2617-4056-bf74-508142b240c4@group-211920F5DBC8: change Leader from null to f025790a-2617-4056-bf74-508142b240c4 at term 2 for becomeLeader, leader elected after 10469ms
2019-09-24 18:27:43,687 [f025790a-2617-4056-bf74-508142b240c4@group-211920F5DBC8:LeaderElection14] INFO  server.RaftServerConfigKeys (ConfUtils.java:logGet(43)) - raft.server.staging.catchup.gap = 1000 (default)
2019-09-24 18:27:43,689 [f025790a-2617-4056-bf74-508142b240c4@group-211920F5DBC8:LeaderElection14] INFO  server.RaftServerConfigKeys (ConfUtils.java:logGet(43)) - raft.server.rpc.sleep.time = 25ms (default)
2019-09-24 18:27:43,689 [f025790a-2617-4056-bf74-508142b240c4@group-211920F5DBC8:LeaderElection14] INFO  server.RaftServerConfigKeys (ConfUtils.java:logGet(43)) - raft.server.write.element-limit = 4096 (default)
2019-09-24 18:27:43,691 [f025790a-2617-4056-bf74-508142b240c4@group-211920F5DBC8:LeaderElection14] INFO  server.RaftServerConfigKeys (ConfUtils.java:logGet(43)) - raft.server.watch.timeout = 10s (default)
2019-09-24 18:27:43,691 [f025790a-2617-4056-bf74-508142b240c4@group-211920F5DBC8:LeaderElection14] INFO  server.RaftServerConfigKeys (ConfUtils.java:logGet(43)) - raft.server.watch.timeout.denomination = 1s (default)
2019-09-24 18:27:43,691 [f025790a-2617-4056-bf74-508142b240c4@group-211920F5DBC8:LeaderElection14] INFO  server.RaftServerConfigKeys (ConfUtils.java:logGet(43)) - raft.server.watch.element-limit = 65536 (default)
2019-09-24 18:27:43,699 [f025790a-2617-4056-bf74-508142b240c4@group-211920F5DBC8:LeaderElection14] INFO  server.RaftServerConfigKeys (ConfUtils.java:logGet(43)) - raft.server.log.appender.snapshot.chunk.size.max = 16MB (=16777216) (default)
2019-09-24 18:27:43,700 [f025790a-2617-4056-bf74-508142b240c4@group-211920F5DBC8:LeaderElection14] INFO  server.RaftServerConfigKeys (ConfUtils.java:logGet(43)) - raft.server.log.appender.buffer.byte-limit = 33554432 (custom)
2019-09-24 18:27:43,701 [f025790a-2617-4056-bf74-508142b240c4@group-211920F5DBC8:LeaderElection14] INFO  server.RaftServerConfigKeys (ConfUtils.java:logGet(43)) - raft.server.log.appender.buffer.element-limit = 1 (custom)
2019-09-24 18:27:43,706 [f025790a-2617-4056-bf74-508142b240c4@group-211920F5DBC8:LeaderElection14] INFO  grpc.GrpcConfigKeys$Server (ConfUtils.java:logGet(43)) - raft.grpc.server.leader.outstanding.appends.max = 128 (default)
2019-09-24 18:27:43,706 [f025790a-2617-4056-bf74-508142b240c4@group-211920F5DBC8:LeaderElection14] INFO  server.RaftServerConfigKeys (ConfUtils.java:logGet(43)) - raft.server.rpc.request.timeout = 3000ms (default)
2019-09-24 18:27:43,706 [f025790a-2617-4056-bf74-508142b240c4@group-211920F5DBC8:LeaderElection14] INFO  server.RaftServerConfigKeys (ConfUtils.java:logGet(43)) - raft.server.log.appender.install.snapshot.enabled = false (custom)
2019-09-24 18:27:43,708 [f025790a-2617-4056-bf74-508142b240c4@group-211920F5DBC8:LeaderElection14] INFO  server.RaftServerConfigKeys (ConfUtils.java:logGet(43)) - raft.server.log.appender.snapshot.chunk.size.max = 16MB (=16777216) (default)
2019-09-24 18:27:43,708 [f025790a-2617-4056-bf74-508142b240c4@group-211920F5DBC8:LeaderElection14] INFO  server.RaftServerConfigKeys (ConfUtils.java:logGet(43)) - raft.server.log.appender.buffer.byte-limit = 33554432 (custom)
2019-09-24 18:27:43,708 [f025790a-2617-4056-bf74-508142b240c4@group-211920F5DBC8:LeaderElection14] INFO  server.RaftServerConfigKeys (ConfUtils.java:logGet(43)) - raft.server.log.appender.buffer.element-limit = 1 (custom)
2019-09-24 18:27:43,708 [f025790a-2617-4056-bf74-508142b240c4@group-211920F5DBC8:LeaderElection14] INFO  grpc.GrpcConfigKeys$Server (ConfUtils.java:logGet(43)) - raft.grpc.server.leader.outstanding.appends.max = 128 (default)
2019-09-24 18:27:43,708 [f025790a-2617-4056-bf74-508142b240c4@group-211920F5DBC8:LeaderElection14] INFO  server.RaftServerConfigKeys (ConfUtils.java:logGet(43)) - raft.server.rpc.request.timeout = 3000ms (default)
2019-09-24 18:27:43,709 [f025790a-2617-4056-bf74-508142b240c4@group-211920F5DBC8:LeaderElection14] INFO  server.RaftServerConfigKeys (ConfUtils.java:logGet(43)) - raft.server.log.appender.install.snapshot.enabled = false (custom)
2019-09-24 18:27:43,711 [f025790a-2617-4056-bf74-508142b240c4@group-211920F5DBC8:LeaderElection14] INFO  impl.RoleInfo (RoleInfo.java:updateAndGet(143)) - f025790a-2617-4056-bf74-508142b240c4: start LeaderState
2019-09-24 18:27:43,711 [f025790a-2617-4056-bf74-508142b240c4@group-211920F5DBC8:LeaderElection14] INFO  segmented.SegmentedRaftLogWorker (SegmentedRaftLogWorker.java:startLogSegment(380)) - f025790a-2617-4056-bf74-508142b240c4@group-211920F5DBC8-SegmentedRaftLogWorker: Starting segment from index:0
2019-09-24 18:27:43,712 [f025790a-2617-4056-bf74-508142b240c4@group-211920F5DBC8:LeaderElection14] INFO  impl.RaftServerImpl (ServerState.java:setRaftConf(354)) - f025790a-2617-4056-bf74-508142b240c4@group-211920F5DBC8: set configuration 0: [d6330460-d8c6-4b7a-b2c9-2d7903c7bb62:192.168.5.148:46264, f4161382-b349-4b3c-8c6b-b4da20d182c5:192.168.5.148:35673, f025790a-2617-4056-bf74-508142b240c4:192.168.5.148:44030], old=null at 0
2019-09-24 18:27:43,750 [grpc-default-executor-4] INFO  impl.RaftServerImpl (RaftServerImpl.java:requestVote(758)) - f025790a-2617-4056-bf74-508142b240c4@group-211920F5DBC8-   LEADER: Withhold vote from candidate f4161382-b349-4b3c-8c6b-b4da20d182c5 with term 2. State: leader=f025790a-2617-4056-bf74-508142b240c4, term=2, lastRpcElapsed=null
2019-09-24 18:27:43,760 [f4161382-b349-4b3c-8c6b-b4da20d182c5@group-211920F5DBC8:LeaderElection15] INFO  impl.LeaderElection (LeaderElection.java:logAndReturn(56)) - f4161382-b349-4b3c-8c6b-b4da20d182c5@group-211920F5DBC8:LeaderElection15: Election REJECTED; received 2 response(s) [f4161382-b349-4b3c-8c6b-b4da20d182c5<-d6330460-d8c6-4b7a-b2c9-2d7903c7bb62#0:FAIL-t2, f4161382-b349-4b3c-8c6b-b4da20d182c5<-f025790a-2617-4056-bf74-508142b240c4#0:FAIL-t2] and 0 exception(s); f4161382-b349-4b3c-8c6b-b4da20d182c5@group-211920F5DBC8:t2, leader=null, voted=f4161382-b349-4b3c-8c6b-b4da20d182c5, raftlog=f4161382-b349-4b3c-8c6b-b4da20d182c5@group-211920F5DBC8-SegmentedRaftLog:OPENED:c-1,f-1,i0, conf=-1: [d6330460-d8c6-4b7a-b2c9-2d7903c7bb62:192.168.5.148:46264, f4161382-b349-4b3c-8c6b-b4da20d182c5:192.168.5.148:35673, f025790a-2617-4056-bf74-508142b240c4:192.168.5.148:44030], old=null
2019-09-24 18:27:43,760 [f4161382-b349-4b3c-8c6b-b4da20d182c5@group-211920F5DBC8:LeaderElection15] INFO  impl.RaftServerImpl (RaftServerImpl.java:setRole(174)) - f4161382-b349-4b3c-8c6b-b4da20d182c5@group-211920F5DBC8: changes role from CANDIDATE to FOLLOWER at term 2 for DISCOVERED_A_NEW_TERM
2019-09-24 18:27:43,764 [f025790a-2617-4056-bf74-508142b240c4@group-211920F5DBC8-SegmentedRaftLogWorker] INFO  segmented.SegmentedRaftLogWorker (SegmentedRaftLogWorker.java:execute(569)) - f025790a-2617-4056-bf74-508142b240c4@group-211920F5DBC8-SegmentedRaftLogWorker: created new log segment /workdir/hadoop-ozone/integration-test/target/test-dir/MiniOzoneClusterImpl-ea81ebbc-5455-47af-aebd-50bb68a5027b/datanode-0/data/ratis/f28a602c-9f81-458f-8bc1-211920f5dbc8/current/log_inprogress_0
2019-09-24 18:27:43,764 [f4161382-b349-4b3c-8c6b-b4da20d182c5@group-211920F5DBC8:LeaderElection15] INFO  impl.RoleInfo (RoleInfo.java:shutdownLeaderElection(134)) - f4161382-b349-4b3c-8c6b-b4da20d182c5: shutdown LeaderElection
2019-09-24 18:27:43,766 [f4161382-b349-4b3c-8c6b-b4da20d182c5@group-211920F5DBC8:LeaderElection15] INFO  impl.RoleInfo (RoleInfo.java:updateAndGet(143)) - f4161382-b349-4b3c-8c6b-b4da20d182c5: start FollowerState
2019-09-24 18:27:43,794 [grpc-default-executor-4] INFO  impl.RaftServerImpl (ServerState.java:setLeader(253)) - f4161382-b349-4b3c-8c6b-b4da20d182c5@group-211920F5DBC8: change Leader from null to f025790a-2617-4056-bf74-508142b240c4 at term 2 for appendEntries, leader elected after 10577ms
2019-09-24 18:27:43,794 [grpc-default-executor-3] INFO  impl.RaftServerImpl (ServerState.java:setLeader(253)) - d6330460-d8c6-4b7a-b2c9-2d7903c7bb62@group-211920F5DBC8: change Leader from null to f025790a-2617-4056-bf74-508142b240c4 at term 2 for appendEntries, leader elected after 10577ms
2019-09-24 18:27:43,832 [grpc-default-executor-3] INFO  impl.RaftServerImpl (ServerState.java:setRaftConf(354)) - f4161382-b349-4b3c-8c6b-b4da20d182c5@group-211920F5DBC8: set configuration 0: [d6330460-d8c6-4b7a-b2c9-2d7903c7bb62:192.168.5.148:46264, f4161382-b349-4b3c-8c6b-b4da20d182c5:192.168.5.148:35673, f025790a-2617-4056-bf74-508142b240c4:192.168.5.148:44030], old=null at 0
2019-09-24 18:27:43,832 [grpc-default-executor-4] INFO  impl.RaftServerImpl (ServerState.java:setRaftConf(354)) - d6330460-d8c6-4b7a-b2c9-2d7903c7bb62@group-211920F5DBC8: set configuration 0: [d6330460-d8c6-4b7a-b2c9-2d7903c7bb62:192.168.5.148:46264, f4161382-b349-4b3c-8c6b-b4da20d182c5:192.168.5.148:35673, f025790a-2617-4056-bf74-508142b240c4:192.168.5.148:44030], old=null at 0
2019-09-24 18:27:43,833 [grpc-default-executor-3] INFO  segmented.SegmentedRaftLogWorker (SegmentedRaftLogWorker.java:startLogSegment(380)) - f4161382-b349-4b3c-8c6b-b4da20d182c5@group-211920F5DBC8-SegmentedRaftLogWorker: Starting segment from index:0
2019-09-24 18:27:43,833 [grpc-default-executor-4] INFO  segmented.SegmentedRaftLogWorker (SegmentedRaftLogWorker.java:startLogSegment(380)) - d6330460-d8c6-4b7a-b2c9-2d7903c7bb62@group-211920F5DBC8-SegmentedRaftLogWorker: Starting segment from index:0
2019-09-24 18:27:43,879 [f4161382-b349-4b3c-8c6b-b4da20d182c5@group-211920F5DBC8-SegmentedRaftLogWorker] INFO  segmented.SegmentedRaftLogWorker (SegmentedRaftLogWorker.java:execute(569)) - f4161382-b349-4b3c-8c6b-b4da20d182c5@group-211920F5DBC8-SegmentedRaftLogWorker: created new log segment /workdir/hadoop-ozone/integration-test/target/test-dir/MiniOzoneClusterImpl-ea81ebbc-5455-47af-aebd-50bb68a5027b/datanode-1/data/ratis/f28a602c-9f81-458f-8bc1-211920f5dbc8/current/log_inprogress_0
2019-09-24 18:27:43,910 [d6330460-d8c6-4b7a-b2c9-2d7903c7bb62@group-211920F5DBC8-SegmentedRaftLogWorker] INFO  segmented.SegmentedRaftLogWorker (SegmentedRaftLogWorker.java:execute(569)) - d6330460-d8c6-4b7a-b2c9-2d7903c7bb62@group-211920F5DBC8-SegmentedRaftLogWorker: created new log segment /workdir/hadoop-ozone/integration-test/target/test-dir/MiniOzoneClusterImpl-ea81ebbc-5455-47af-aebd-50bb68a5027b/datanode-2/data/ratis/f28a602c-9f81-458f-8bc1-211920f5dbc8/current/log_inprogress_0
2019-09-24 18:27:45,139 [Thread-1230] INFO  ozone.MiniOzoneClusterImpl (MiniOzoneClusterImpl.java:shutdown(314)) - Shutting down the Mini Ozone Cluster
2019-09-24 18:27:45,140 [Thread-1230] INFO  ozone.MiniOzoneClusterImpl (MiniOzoneClusterImpl.java:stop(330)) - Stopping the Mini Ozone Cluster
2019-09-24 18:27:45,141 [Thread-1230] INFO  ozone.MiniOzoneClusterImpl (MiniOzoneClusterImpl.java:stopOM(400)) - Stopping the OzoneManager
2019-09-24 18:27:45,141 [Thread-1230] INFO  ipc.Server (Server.java:stop(3082)) - Stopping server on 35513
2019-09-24 18:27:45,147 [IPC Server listener on 35513] INFO  ipc.Server (Server.java:run(1185)) - Stopping IPC Server listener on 35513
2019-09-24 18:27:45,148 [Thread-1230] INFO  ratis.OzoneManagerDoubleBuffer (OzoneManagerDoubleBuffer.java:stop(248)) - Stopping OMDoubleBuffer flush thread
2019-09-24 18:27:45,148 [IPC Server Responder] INFO  ipc.Server (Server.java:run(1319)) - Stopping IPC Server Responder
2019-09-24 18:27:45,149 [OMDoubleBufferFlushThread] INFO  ratis.OzoneManagerDoubleBuffer (OzoneManagerDoubleBuffer.java:flushTransactions(191)) - OMDoubleBuffer flush thread OMDoubleBufferFlushThread is interrupted and will exit. OMDoubleBufferFlushThread
2019-09-24 18:27:45,151 [Thread-1230] INFO  utils.BackgroundService (BackgroundService.java:shutdown(148)) - Shutting down service KeyDeletingService
2019-09-24 18:27:45,153 [Thread-1230] INFO  handler.ContextHandler (ContextHandler.java:doStop(910)) - Stopped o.e.j.w.WebAppContext@6fa1c80f{/,null,UNAVAILABLE}{/ozoneManager}
2019-09-24 18:27:45,155 [Thread-1230] INFO  server.AbstractConnector (AbstractConnector.java:doStop(318)) - Stopped ServerConnector@cf25b1c{HTTP/1.1,[http/1.1]}{0.0.0.0:0}
2019-09-24 18:27:45,155 [Thread-1230] INFO  handler.ContextHandler (ContextHandler.java:doStop(910)) - Stopped o.e.j.s.ServletContextHandler@75826a3{/static,file:///workdir/hadoop-ozone/integration-test/target/test-classes/webapps/static,UNAVAILABLE}
2019-09-24 18:27:45,156 [Thread-1230] INFO  handler.ContextHandler (ContextHandler.java:doStop(910)) - Stopped o.e.j.s.ServletContextHandler@39ab07dd{/logs,file:///workdir/hadoop-ozone/integration-test/target/log,UNAVAILABLE}
2019-09-24 18:27:45,160 [Thread-1230] INFO  ozone.MiniOzoneClusterImpl (MiniOzoneClusterImpl.java:stopDatanodes(377)) - Stopping the HddsDatanodes
2019-09-24 18:27:46,015 [Datanode State Machine Thread - 0] INFO  statemachine.DatanodeStateMachine (DatanodeStateMachine.java:lambda$startDaemon$0(350)) - Ozone container server started.
2019-09-24 18:27:46,078 [Datanode State Machine Thread - 0] INFO  statemachine.DatanodeStateMachine (DatanodeStateMachine.java:lambda$startDaemon$0(350)) - Ozone container server started.
2019-09-24 18:27:50,161 [Thread-1230] INFO  ozoneimpl.OzoneContainer (OzoneContainer.java:stop(231)) - Attempting to stop container services.
2019-09-24 18:27:50,162 [ForkJoinPool.commonPool-worker-1] INFO  ozoneimpl.OzoneContainer (OzoneContainer.java:stop(231)) - Attempting to stop container services.
2019-09-24 18:27:50,162 [Thread-1230] INFO  impl.RaftServerProxy (RaftServerProxy.java:lambda$close$4(314)) - f4161382-b349-4b3c-8c6b-b4da20d182c5: close
2019-09-24 18:27:50,163 [ForkJoinPool.commonPool-worker-1] INFO  impl.RaftServerProxy (RaftServerProxy.java:lambda$close$4(314)) - f025790a-2617-4056-bf74-508142b240c4: close
2019-09-24 18:27:50,163 [Thread-1230] INFO  impl.RaftServerImpl (RaftServerImpl.java:lambda$shutdown$3(251)) - f4161382-b349-4b3c-8c6b-b4da20d182c5@group-A3BF62982616: shutdown
2019-09-24 18:27:50,164 [ForkJoinPool.commonPool-worker-1] INFO  impl.RaftServerImpl (RaftServerImpl.java:lambda$shutdown$3(251)) - f025790a-2617-4056-bf74-508142b240c4@group-2AE1D93009AD: shutdown
2019-09-24 18:27:50,164 [Thread-1230] INFO  util.JmxRegister (JmxRegister.java:unregister(73)) - Successfully un-registered JMX Bean with object name Ratis:service=RaftServer,group=group-A3BF62982616,id=f4161382-b349-4b3c-8c6b-b4da20d182c5
2019-09-24 18:27:50,165 [Thread-1230] INFO  impl.RoleInfo (RoleInfo.java:shutdownLeaderState(104)) - f4161382-b349-4b3c-8c6b-b4da20d182c5: shutdown LeaderState
2019-09-24 18:27:50,164 [ForkJoinPool.commonPool-worker-1] INFO  util.JmxRegister (JmxRegister.java:unregister(73)) - Successfully un-registered JMX Bean with object name Ratis:service=RaftServer,group=group-2AE1D93009AD,id=f025790a-2617-4056-bf74-508142b240c4
2019-09-24 18:27:50,165 [Thread-1230] INFO  impl.PendingRequests (PendingRequests.java:sendNotLeaderResponses(202)) - f4161382-b349-4b3c-8c6b-b4da20d182c5-PendingRequests: sendNotLeaderResponses
2019-09-24 18:27:50,165 [ForkJoinPool.commonPool-worker-1] INFO  impl.RoleInfo (RoleInfo.java:shutdownLeaderState(104)) - f025790a-2617-4056-bf74-508142b240c4: shutdown LeaderState
2019-09-24 18:27:50,166 [Thread-1230] INFO  impl.StateMachineUpdater (StateMachineUpdater.java:stopAndJoin(125)) - f4161382-b349-4b3c-8c6b-b4da20d182c5@group-A3BF62982616-StateMachineUpdater: set stopIndex = 0
2019-09-24 18:27:50,166 [ForkJoinPool.commonPool-worker-1] INFO  impl.PendingRequests (PendingRequests.java:sendNotLeaderResponses(202)) - f025790a-2617-4056-bf74-508142b240c4-PendingRequests: sendNotLeaderResponses
2019-09-24 18:27:50,167 [Thread-1230] INFO  impl.RaftServerImpl (ServerState.java:close(385)) - f4161382-b349-4b3c-8c6b-b4da20d182c5@group-A3BF62982616: closes. applyIndex: 0
2019-09-24 18:27:50,167 [ForkJoinPool.commonPool-worker-1] INFO  impl.StateMachineUpdater (StateMachineUpdater.java:stopAndJoin(125)) - f025790a-2617-4056-bf74-508142b240c4@group-2AE1D93009AD-StateMachineUpdater: set stopIndex = 0
2019-09-24 18:27:50,168 [f4161382-b349-4b3c-8c6b-b4da20d182c5@group-A3BF62982616-SegmentedRaftLogWorker] INFO  segmented.SegmentedRaftLogWorker (SegmentedRaftLogWorker.java:run(313)) - f4161382-b349-4b3c-8c6b-b4da20d182c5@group-A3BF62982616-SegmentedRaftLogWorker was interrupted, exiting. There are 0 tasks remaining in the queue.
2019-09-24 18:27:50,168 [ForkJoinPool.commonPool-worker-1] INFO  impl.RaftServerImpl (ServerState.java:close(385)) - f025790a-2617-4056-bf74-508142b240c4@group-2AE1D93009AD: closes. applyIndex: 0
2019-09-24 18:27:50,170 [Thread-1230] INFO  segmented.SegmentedRaftLogWorker (SegmentedRaftLogWorker.java:close(228)) - f4161382-b349-4b3c-8c6b-b4da20d182c5@group-A3BF62982616-SegmentedRaftLogWorker close()
2019-09-24 18:27:50,170 [f025790a-2617-4056-bf74-508142b240c4@group-2AE1D93009AD-SegmentedRaftLogWorker] INFO  segmented.SegmentedRaftLogWorker (SegmentedRaftLogWorker.java:run(313)) - f025790a-2617-4056-bf74-508142b240c4@group-2AE1D93009AD-SegmentedRaftLogWorker was interrupted, exiting. There are 0 tasks remaining in the queue.
2019-09-24 18:27:50,175 [Thread-1230] INFO  impl.RaftServerImpl (RaftServerImpl.java:lambda$shutdown$3(251)) - f4161382-b349-4b3c-8c6b-b4da20d182c5@group-211920F5DBC8: shutdown
2019-09-24 18:27:50,175 [ForkJoinPool.commonPool-worker-1] INFO  segmented.SegmentedRaftLogWorker (SegmentedRaftLogWorker.java:close(228)) - f025790a-2617-4056-bf74-508142b240c4@group-2AE1D93009AD-SegmentedRaftLogWorker close()
2019-09-24 18:27:50,175 [Thread-1230] INFO  util.JmxRegister (JmxRegister.java:unregister(73)) - Successfully un-registered JMX Bean with object name Ratis:service=RaftServer,group=group-211920F5DBC8,id=f4161382-b349-4b3c-8c6b-b4da20d182c5
2019-09-24 18:27:50,178 [ForkJoinPool.commonPool-worker-1] INFO  impl.RaftServerImpl (RaftServerImpl.java:lambda$shutdown$3(251)) - f025790a-2617-4056-bf74-508142b240c4@group-211920F5DBC8: shutdown
2019-09-24 18:27:50,178 [Thread-1230] INFO  impl.RoleInfo (RoleInfo.java:shutdownFollowerState(121)) - f4161382-b349-4b3c-8c6b-b4da20d182c5: shutdown FollowerState
2019-09-24 18:27:50,179 [ForkJoinPool.commonPool-worker-1] INFO  util.JmxRegister (JmxRegister.java:unregister(73)) - Successfully un-registered JMX Bean with object name Ratis:service=RaftServer,group=group-211920F5DBC8,id=f025790a-2617-4056-bf74-508142b240c4
2019-09-24 18:27:50,180 [Thread-1450] INFO  impl.FollowerState (FollowerState.java:run(115)) - f4161382-b349-4b3c-8c6b-b4da20d182c5: FollowerState was interrupted: java.lang.InterruptedException: sleep interrupted
2019-09-24 18:27:50,179 [Thread-1230] INFO  impl.StateMachineUpdater (StateMachineUpdater.java:stopAndJoin(125)) - f4161382-b349-4b3c-8c6b-b4da20d182c5@group-211920F5DBC8-StateMachineUpdater: set stopIndex = 0
2019-09-24 18:27:50,182 [Thread-1230] INFO  impl.RaftServerImpl (ServerState.java:close(385)) - f4161382-b349-4b3c-8c6b-b4da20d182c5@group-211920F5DBC8: closes. applyIndex: 0
2019-09-24 18:27:50,180 [ForkJoinPool.commonPool-worker-1] INFO  impl.RoleInfo (RoleInfo.java:shutdownLeaderState(104)) - f025790a-2617-4056-bf74-508142b240c4: shutdown LeaderState
2019-09-24 18:27:50,182 [f4161382-b349-4b3c-8c6b-b4da20d182c5@group-211920F5DBC8-SegmentedRaftLogWorker] INFO  segmented.SegmentedRaftLogWorker (SegmentedRaftLogWorker.java:run(313)) - f4161382-b349-4b3c-8c6b-b4da20d182c5@group-211920F5DBC8-SegmentedRaftLogWorker was interrupted, exiting. There are 0 tasks remaining in the queue.
2019-09-24 18:27:50,185 [ForkJoinPool.commonPool-worker-1] INFO  impl.PendingRequests (PendingRequests.java:sendNotLeaderResponses(202)) - f025790a-2617-4056-bf74-508142b240c4-PendingRequests: sendNotLeaderResponses
2019-09-24 18:27:50,188 [Thread-1230] INFO  segmented.SegmentedRaftLogWorker (SegmentedRaftLogWorker.java:close(228)) - f4161382-b349-4b3c-8c6b-b4da20d182c5@group-211920F5DBC8-SegmentedRaftLogWorker close()
2019-09-24 18:27:50,187 [org.apache.ratis.server.impl.LogAppender$AppenderDaemon$$Lambda$516/307131141@d3a0701] WARN  server.GrpcLogAppender (GrpcLogAppender.java:mayWait(143)) - f025790a-2617-4056-bf74-508142b240c4@group-211920F5DBC8->f4161382-b349-4b3c-8c6b-b4da20d182c5-GrpcLogAppender: Wait interrupted by java.lang.InterruptedException
2019-09-24 18:27:50,187 [org.apache.ratis.server.impl.LogAppender$AppenderDaemon$$Lambda$516/307131141@c98daf6] WARN  server.GrpcLogAppender (GrpcLogAppender.java:mayWait(143)) - f025790a-2617-4056-bf74-508142b240c4@group-211920F5DBC8->d6330460-d8c6-4b7a-b2c9-2d7903c7bb62-GrpcLogAppender: Wait interrupted by java.lang.InterruptedException
2019-09-24 18:27:50,197 [Thread-1230] INFO  server.GrpcService (GrpcService.java:closeImpl(164)) - f4161382-b349-4b3c-8c6b-b4da20d182c5: shutdown server with port 35673 now
2019-09-24 18:27:50,188 [ForkJoinPool.commonPool-worker-1] INFO  impl.StateMachineUpdater (StateMachineUpdater.java:stopAndJoin(125)) - f025790a-2617-4056-bf74-508142b240c4@group-211920F5DBC8-StateMachineUpdater: set stopIndex = 0
2019-09-24 18:27:50,201 [ForkJoinPool.commonPool-worker-1] INFO  impl.RaftServerImpl (ServerState.java:close(385)) - f025790a-2617-4056-bf74-508142b240c4@group-211920F5DBC8: closes. applyIndex: 0
2019-09-24 18:27:50,203 [f025790a-2617-4056-bf74-508142b240c4@group-211920F5DBC8-SegmentedRaftLogWorker] INFO  segmented.SegmentedRaftLogWorker (SegmentedRaftLogWorker.java:run(313)) - f025790a-2617-4056-bf74-508142b240c4@group-211920F5DBC8-SegmentedRaftLogWorker was interrupted, exiting. There are 0 tasks remaining in the queue.
2019-09-24 18:27:50,205 [ForkJoinPool.commonPool-worker-1] INFO  segmented.SegmentedRaftLogWorker (SegmentedRaftLogWorker.java:close(228)) - f025790a-2617-4056-bf74-508142b240c4@group-211920F5DBC8-SegmentedRaftLogWorker close()
2019-09-24 18:27:50,208 [ForkJoinPool.commonPool-worker-1] INFO  server.GrpcService (GrpcService.java:closeImpl(164)) - f025790a-2617-4056-bf74-508142b240c4: shutdown server with port 44030 now
2019-09-24 18:27:50,215 [grpc-default-executor-7] INFO  server.GrpcLogAppender (GrpcLogAppender.java:onError(282)) - f025790a-2617-4056-bf74-508142b240c4@group-211920F5DBC8->d6330460-d8c6-4b7a-b2c9-2d7903c7bb62-GrpcLogAppender is stopped
2019-09-24 18:27:50,218 [grpc-default-executor-4] INFO  server.GrpcServerProtocolService (GrpcServerProtocolService.java:onCompleted(113)) - d6330460-d8c6-4b7a-b2c9-2d7903c7bb62: Completed APPEND_ENTRIES, lastRequest: f025790a-2617-4056-bf74-508142b240c4->d6330460-d8c6-4b7a-b2c9-2d7903c7bb62#3-t2, previous=(t:2, i:0), leaderCommit=0, initializing? false, entries: <empty>
2019-09-24 18:27:50,218 [grpc-default-executor-5] WARN  server.GrpcServerProtocolService (LogUtils.java:warn(134)) - f4161382-b349-4b3c-8c6b-b4da20d182c5: installSnapshot onError, lastRequest: f025790a-2617-4056-bf74-508142b240c4->f4161382-b349-4b3c-8c6b-b4da20d182c5#3-t2, previous=(t:2, i:0), leaderCommit=0, initializing? false, entries: <empty>: org.apache.ratis.thirdparty.io.grpc.StatusRuntimeException: CANCELLED: cancelled before receiving half close
2019-09-24 18:27:50,220 [Thread-1230] INFO  server.GrpcService (GrpcService.java:closeImpl(172)) - f4161382-b349-4b3c-8c6b-b4da20d182c5: shutdown server with port 35673 successfully
2019-09-24 18:27:50,227 [ForkJoinPool.commonPool-worker-1] INFO  server.GrpcService (GrpcService.java:closeImpl(172)) - f025790a-2617-4056-bf74-508142b240c4: shutdown server with port 44030 successfully
2019-09-24 18:27:50,229 [grpc-default-executor-7] INFO  server.GrpcLogAppender (GrpcLogAppender.java:onError(282)) - f025790a-2617-4056-bf74-508142b240c4@group-211920F5DBC8->f4161382-b349-4b3c-8c6b-b4da20d182c5-GrpcLogAppender is stopped
2019-09-24 18:27:50,236 [refreshUsed-/workdir/hadoop-ozone/integration-test/target/test-dir/MiniOzoneClusterImpl-ea81ebbc-5455-47af-aebd-50bb68a5027b/datanode-0/data/containers] WARN  fs.CachingGetSpaceUsed (CachingGetSpaceUsed.java:run(183)) - Thread Interrupted waiting to refresh disk information: sleep interrupted
2019-09-24 18:27:50,236 [refreshUsed-/workdir/hadoop-ozone/integration-test/target/test-dir/MiniOzoneClusterImpl-ea81ebbc-5455-47af-aebd-50bb68a5027b/datanode-1/data/containers] WARN  fs.CachingGetSpaceUsed (CachingGetSpaceUsed.java:run(183)) - Thread Interrupted waiting to refresh disk information: sleep interrupted
2019-09-24 18:27:50,259 [ForkJoinPool.commonPool-worker-1] INFO  utils.BackgroundService (BackgroundService.java:shutdown(148)) - Shutting down service BlockDeletingService
2019-09-24 18:27:50,264 [ForkJoinPool.commonPool-worker-1] INFO  statemachine.DatanodeStateMachine (DatanodeStateMachine.java:stopDaemon(395)) - Ozone container server stopped.
2019-09-24 18:27:50,268 [ForkJoinPool.commonPool-worker-1] INFO  handler.ContextHandler (ContextHandler.java:doStop(910)) - Stopped o.e.j.w.WebAppContext@63cd1943{/,null,UNAVAILABLE}{/hddsDatanode}
2019-09-24 18:27:50,269 [ForkJoinPool.commonPool-worker-1] INFO  server.AbstractConnector (AbstractConnector.java:doStop(318)) - Stopped ServerConnector@68511240{HTTP/1.1,[http/1.1]}{0.0.0.0:0}
2019-09-24 18:27:50,270 [Thread-1230] INFO  utils.BackgroundService (BackgroundService.java:shutdown(148)) - Shutting down service BlockDeletingService
2019-09-24 18:27:50,270 [ForkJoinPool.commonPool-worker-1] INFO  handler.ContextHandler (ContextHandler.java:doStop(910)) - Stopped o.e.j.s.ServletContextHandler@188a51c9{/static,jar:file:/home/user/.m2/repository/org/apache/hadoop/hadoop-hdds-container-service/0.5.0-SNAPSHOT/hadoop-hdds-container-service-0.5.0-SNAPSHOT.jar!/webapps/static,UNAVAILABLE}
2019-09-24 18:27:50,274 [ForkJoinPool.commonPool-worker-1] INFO  handler.ContextHandler (ContextHandler.java:doStop(910)) - Stopped o.e.j.s.ServletContextHandler@2926b084{/logs,file:///workdir/hadoop-ozone/integration-test/target/log,UNAVAILABLE}
2019-09-24 18:27:50,275 [Thread-1230] INFO  statemachine.DatanodeStateMachine (DatanodeStateMachine.java:stopDaemon(395)) - Ozone container server stopped.
2019-09-24 18:27:50,276 [Thread-1230] INFO  handler.ContextHandler (ContextHandler.java:doStop(910)) - Stopped o.e.j.w.WebAppContext@2f2292d5{/,null,UNAVAILABLE}{/hddsDatanode}
2019-09-24 18:27:50,277 [Thread-1230] INFO  server.AbstractConnector (AbstractConnector.java:doStop(318)) - Stopped ServerConnector@760e7134{HTTP/1.1,[http/1.1]}{0.0.0.0:0}
2019-09-24 18:27:50,278 [Thread-1230] INFO  handler.ContextHandler (ContextHandler.java:doStop(910)) - Stopped o.e.j.s.ServletContextHandler@5d4ab71{/static,jar:file:/home/user/.m2/repository/org/apache/hadoop/hadoop-hdds-container-service/0.5.0-SNAPSHOT/hadoop-hdds-container-service-0.5.0-SNAPSHOT.jar!/webapps/static,UNAVAILABLE}
2019-09-24 18:27:50,278 [Thread-1230] INFO  handler.ContextHandler (ContextHandler.java:doStop(910)) - Stopped o.e.j.s.ServletContextHandler@3df33354{/logs,file:///workdir/hadoop-ozone/integration-test/target/log,UNAVAILABLE}
2019-09-24 18:27:51,140 [Datanode State Machine Thread - 0] INFO  statemachine.DatanodeStateMachine (DatanodeStateMachine.java:lambda$startDaemon$0(350)) - Ozone container server started.
]]></system-out>
    <system-err><![CDATA[Sep 24, 2019 6:27:50 PM org.apache.ratis.thirdparty.io.grpc.internal.SerializingExecutor run
SEVERE: Exception while executing runnable org.apache.ratis.thirdparty.io.grpc.internal.ServerImpl$JumpToApplicationThreadServerStreamListener$1Closed@af6aacd
org.apache.ratis.thirdparty.io.grpc.StatusRuntimeException: CANCELLED: call already cancelled
	at org.apache.ratis.thirdparty.io.grpc.Status.asRuntimeException(Status.java:517)
	at org.apache.ratis.thirdparty.io.grpc.stub.ServerCalls$ServerCallStreamObserverImpl.onCompleted(ServerCalls.java:356)
	at org.apache.ratis.grpc.server.GrpcServerProtocolService$ServerRequestStreamObserver.onError(GrpcServerProtocolService.java:121)
	at org.apache.ratis.thirdparty.io.grpc.stub.ServerCalls$StreamingServerCallHandler$StreamingServerCallListener.onCancel(ServerCalls.java:269)
	at org.apache.ratis.thirdparty.io.grpc.internal.ServerCallImpl$ServerStreamListenerImpl.closed(ServerCallImpl.java:293)
	at org.apache.ratis.thirdparty.io.grpc.internal.ServerImpl$JumpToApplicationThreadServerStreamListener$1Closed.runInContext(ServerImpl.java:741)
	at org.apache.ratis.thirdparty.io.grpc.internal.ContextRunnable.run(ContextRunnable.java:37)
	at org.apache.ratis.thirdparty.io.grpc.internal.SerializingExecutor.run(SerializingExecutor.java:123)
	at java.util.concurrent.ThreadPoolExecutor.runWorker(ThreadPoolExecutor.java:1149)
	at java.util.concurrent.ThreadPoolExecutor$Worker.run(ThreadPoolExecutor.java:624)
	at java.lang.Thread.run(Thread.java:748)

]]></system-err>
  </testcase>
  <testcase name="testScmInfo" classname="org.apache.hadoop.ozone.TestStorageContainerManager" time="0.46"/>
</testsuite>