<?xml version="1.0" encoding="UTF-8"?>
<testsuite xmlns:xsi="http://www.w3.org/2001/XMLSchema-instance" xsi:noNamespaceSchemaLocation="https://maven.apache.org/surefire/maven-surefire-plugin/xsd/surefire-test-report.xsd" name="org.apache.hadoop.ozone.client.rpc.TestFailureHandlingByClient" time="557.543" tests="5" errors="4" skipped="0" failures="0">
  <properties>
    <property name="awt.toolkit" value="sun.awt.X11.XToolkit"/>
    <property name="file.encoding.pkg" value="sun.io"/>
    <property name="java.specification.version" value="1.8"/>
    <property name="sun.cpu.isalist" value=""/>
    <property name="sun.jnu.encoding" value="UTF-8"/>
    <property name="java.class.path" value="/workdir/hadoop-ozone/integration-test/target/test-classes:/workdir/hadoop-ozone/integration-test/target/classes:/home/user/.m2/repository/org/apache/hadoop/hadoop-ozone-common/0.5.0-SNAPSHOT/hadoop-ozone-common-0.5.0-SNAPSHOT.jar:/home/user/.m2/repository/org/apache/commons/commons-compress/1.4.1/commons-compress-1.4.1.jar:/home/user/.m2/repository/org/tukaani/xz/1.0/xz-1.0.jar:/home/user/.m2/repository/org/apache/hadoop/hadoop-common/3.2.0/hadoop-common-3.2.0.jar:/home/user/.m2/repository/org/apache/hadoop/hadoop-hdfs/3.2.0/hadoop-hdfs-3.2.0.jar:/home/user/.m2/repository/org/apache/hadoop/hadoop-hdfs-client/3.2.0/hadoop-hdfs-client-3.2.0.jar:/home/user/.m2/repository/com/fasterxml/jackson/core/jackson-annotations/2.9.9/jackson-annotations-2.9.9.jar:/home/user/.m2/repository/org/apache/hadoop/hadoop-hdds-common/0.5.0-SNAPSHOT/hadoop-hdds-common-0.5.0-SNAPSHOT.jar:/home/user/.m2/repository/javax/annotation/javax.annotation-api/1.2/javax.annotation-api-1.2.jar:/home/user/.m2/repository/org/apache/ratis/ratis-server/0.4.0/ratis-server-0.4.0.jar:/home/user/.m2/repository/org/apache/ratis/ratis-thirdparty-misc/0.2.0/ratis-thirdparty-misc-0.2.0.jar:/home/user/.m2/repository/org/apache/ratis/ratis-proto/0.4.0/ratis-proto-0.4.0.jar:/home/user/.m2/repository/org/apache/ratis/ratis-common/0.4.0/ratis-common-0.4.0.jar:/home/user/.m2/repository/org/apache/ratis/ratis-client/0.4.0/ratis-client-0.4.0.jar:/home/user/.m2/repository/org/apache/ratis/ratis-metrics/0.4.0/ratis-metrics-0.4.0.jar:/home/user/.m2/repository/com/github/joshelser/dropwizard-metrics-hadoop-metrics2-reporter/0.1.2/dropwizard-metrics-hadoop-metrics2-reporter-0.1.2.jar:/home/user/.m2/repository/io/dropwizard/metrics/metrics-jvm/3.2.5/metrics-jvm-3.2.5.jar:/home/user/.m2/repository/io/dropwizard/metrics/metrics-ganglia/3.2.5/metrics-ganglia-3.2.5.jar:/home/user/.m2/repository/info/ganglia/gmetric4j/gmetric4j/1.0.7/gmetric4j-1.0.7.jar:/home/user/.m2/repository/org/apache/ratis/ratis-netty/0.4.0/ratis-netty-0.4.0.jar:/home/user/.m2/repository/org/apache/ratis/ratis-grpc/0.4.0/ratis-grpc-0.4.0.jar:/home/user/.m2/repository/org/rocksdb/rocksdbjni/6.0.1/rocksdbjni-6.0.1.jar:/home/user/.m2/repository/org/apache/logging/log4j/log4j-api/2.11.0/log4j-api-2.11.0.jar:/home/user/.m2/repository/org/apache/logging/log4j/log4j-core/2.11.0/log4j-core-2.11.0.jar:/home/user/.m2/repository/com/lmax/disruptor/3.4.2/disruptor-3.4.2.jar:/home/user/.m2/repository/org/apache/commons/commons-pool2/2.6.0/commons-pool2-2.6.0.jar:/home/user/.m2/repository/org/bouncycastle/bcpkix-jdk15on/1.60/bcpkix-jdk15on-1.60.jar:/home/user/.m2/repository/commons-validator/commons-validator/1.6/commons-validator-1.6.jar:/home/user/.m2/repository/commons-digester/commons-digester/1.8.1/commons-digester-1.8.1.jar:/home/user/.m2/repository/io/jaegertracing/jaeger-client/0.34.0/jaeger-client-0.34.0.jar:/home/user/.m2/repository/io/jaegertracing/jaeger-thrift/0.34.0/jaeger-thrift-0.34.0.jar:/home/user/.m2/repository/org/apache/thrift/libthrift/0.12.0/libthrift-0.12.0.jar:/home/user/.m2/repository/com/squareup/okhttp3/okhttp/3.9.0/okhttp-3.9.0.jar:/home/user/.m2/repository/com/squareup/okio/okio/1.13.0/okio-1.13.0.jar:/home/user/.m2/repository/io/jaegertracing/jaeger-core/0.34.0/jaeger-core-0.34.0.jar:/home/user/.m2/repository/io/jaegertracing/jaeger-tracerresolver/0.34.0/jaeger-tracerresolver-0.34.0.jar:/home/user/.m2/repository/io/opentracing/contrib/opentracing-tracerresolver/0.1.5/opentracing-tracerresolver-0.1.5.jar:/home/user/.m2/repository/io/opentracing/opentracing-util/0.31.0/opentracing-util-0.31.0.jar:/home/user/.m2/repository/io/opentracing/opentracing-api/0.31.0/opentracing-api-0.31.0.jar:/home/user/.m2/repository/io/opentracing/opentracing-noop/0.31.0/opentracing-noop-0.31.0.jar:/home/user/.m2/repository/org/apache/hadoop/hadoop-hdds-server-framework/0.5.0-SNAPSHOT/hadoop-hdds-server-framework-0.5.0-SNAPSHOT.jar:/home/user/.m2/repository/org/apache/hadoop/hadoop-hdds-container-service/0.5.0-SNAPSHOT/hadoop-hdds-container-service-0.5.0-SNAPSHOT.jar:/home/user/.m2/repository/org/apache/hadoop/hadoop-hdds-client/0.5.0-SNAPSHOT/hadoop-hdds-client-0.5.0-SNAPSHOT.jar:/home/user/.m2/repository/org/apache/hadoop/hadoop-hdds-tools/0.5.0-SNAPSHOT/hadoop-hdds-tools-0.5.0-SNAPSHOT.jar:/home/user/.m2/repository/org/apache/hadoop/hadoop-hdds-server-scm/0.5.0-SNAPSHOT/hadoop-hdds-server-scm-0.5.0-SNAPSHOT.jar:/home/user/.m2/repository/org/apache/hadoop/hadoop-hdds-docs/0.5.0-SNAPSHOT/hadoop-hdds-docs-0.5.0-SNAPSHOT.jar:/home/user/.m2/repository/io/dropwizard/metrics/metrics-core/3.2.4/metrics-core-3.2.4.jar:/home/user/.m2/repository/org/hamcrest/hamcrest-all/1.3/hamcrest-all-1.3.jar:/home/user/.m2/repository/org/bouncycastle/bcprov-jdk15on/1.60/bcprov-jdk15on-1.60.jar:/home/user/.m2/repository/info/picocli/picocli/3.9.6/picocli-3.9.6.jar:/home/user/.m2/repository/com/google/protobuf/protobuf-java/2.5.0/protobuf-java-2.5.0.jar:/home/user/.m2/repository/com/google/guava/guava/11.0.2/guava-11.0.2.jar:/home/user/.m2/repository/org/apache/hadoop/hadoop-ozone-ozone-manager/0.5.0-SNAPSHOT/hadoop-ozone-ozone-manager-0.5.0-SNAPSHOT.jar:/home/user/.m2/repository/org/apache/hadoop/hadoop-minikdc/3.2.0/hadoop-minikdc-3.2.0.jar:/home/user/.m2/repository/commons-io/commons-io/2.5/commons-io-2.5.jar:/home/user/.m2/repository/org/apache/kerby/kerb-simplekdc/1.0.1/kerb-simplekdc-1.0.1.jar:/home/user/.m2/repository/org/apache/kerby/kerb-client/1.0.1/kerb-client-1.0.1.jar:/home/user/.m2/repository/org/apache/kerby/kerby-config/1.0.1/kerby-config-1.0.1.jar:/home/user/.m2/repository/org/apache/kerby/kerb-core/1.0.1/kerb-core-1.0.1.jar:/home/user/.m2/repository/org/apache/kerby/kerby-pkix/1.0.1/kerby-pkix-1.0.1.jar:/home/user/.m2/repository/org/apache/kerby/kerby-asn1/1.0.1/kerby-asn1-1.0.1.jar:/home/user/.m2/repository/org/apache/kerby/kerby-util/1.0.1/kerby-util-1.0.1.jar:/home/user/.m2/repository/org/apache/kerby/kerb-common/1.0.1/kerb-common-1.0.1.jar:/home/user/.m2/repository/org/apache/kerby/kerb-crypto/1.0.1/kerb-crypto-1.0.1.jar:/home/user/.m2/repository/org/apache/kerby/kerb-util/1.0.1/kerb-util-1.0.1.jar:/home/user/.m2/repository/org/apache/kerby/token-provider/1.0.1/token-provider-1.0.1.jar:/home/user/.m2/repository/org/apache/kerby/kerb-admin/1.0.1/kerb-admin-1.0.1.jar:/home/user/.m2/repository/org/apache/kerby/kerb-server/1.0.1/kerb-server-1.0.1.jar:/home/user/.m2/repository/org/apache/kerby/kerb-identity/1.0.1/kerb-identity-1.0.1.jar:/home/user/.m2/repository/org/apache/kerby/kerby-xdr/1.0.1/kerby-xdr-1.0.1.jar:/home/user/.m2/repository/org/slf4j/slf4j-log4j12/1.7.25/slf4j-log4j12-1.7.25.jar:/home/user/.m2/repository/org/apache/hadoop/hadoop-ozone-s3gateway/0.5.0-SNAPSHOT/hadoop-ozone-s3gateway-0.5.0-SNAPSHOT.jar:/home/user/.m2/repository/org/jboss/weld/servlet/weld-servlet/2.4.7.Final/weld-servlet-2.4.7.Final.jar:/home/user/.m2/repository/org/glassfish/jersey/containers/jersey-container-servlet-core/2.27/jersey-container-servlet-core-2.27.jar:/home/user/.m2/repository/org/glassfish/hk2/external/javax.inject/2.5.0-b42/javax.inject-2.5.0-b42.jar:/home/user/.m2/repository/org/glassfish/jersey/core/jersey-common/2.27/jersey-common-2.27.jar:/home/user/.m2/repository/org/glassfish/hk2/osgi-resource-locator/1.0.1/osgi-resource-locator-1.0.1.jar:/home/user/.m2/repository/javax/ws/rs/javax.ws.rs-api/2.1/javax.ws.rs-api-2.1.jar:/home/user/.m2/repository/org/glassfish/jersey/ext/cdi/jersey-cdi1x/2.27/jersey-cdi1x-2.27.jar:/home/user/.m2/repository/org/glassfish/jersey/inject/jersey-hk2/2.27/jersey-hk2-2.27.jar:/home/user/.m2/repository/org/glassfish/hk2/hk2-locator/2.5.0-b42/hk2-locator-2.5.0-b42.jar:/home/user/.m2/repository/org/javassist/javassist/3.22.0-CR2/javassist-3.22.0-CR2.jar:/home/user/.m2/repository/org/glassfish/hk2/hk2-api/2.5.0/hk2-api-2.5.0.jar:/home/user/.m2/repository/org/glassfish/hk2/external/jakarta.inject/2.5.0/jakarta.inject-2.5.0.jar:/home/user/.m2/repository/org/glassfish/hk2/hk2-utils/2.5.0/hk2-utils-2.5.0.jar:/home/user/.m2/repository/jakarta/annotation/jakarta.annotation-api/1.3.4/jakarta.annotation-api-1.3.4.jar:/home/user/.m2/repository/org/glassfish/hk2/external/aopalliance-repackaged/2.5.0/aopalliance-repackaged-2.5.0.jar:/home/user/.m2/repository/com/fasterxml/jackson/dataformat/jackson-dataformat-xml/2.9.0/jackson-dataformat-xml-2.9.0.jar:/home/user/.m2/repository/com/fasterxml/jackson/core/jackson-core/2.9.9/jackson-core-2.9.9.jar:/home/user/.m2/repository/com/fasterxml/jackson/module/jackson-module-jaxb-annotations/2.9.9/jackson-module-jaxb-annotations-2.9.9.jar:/home/user/.m2/repository/javax/enterprise/cdi-api/1.2/cdi-api-1.2.jar:/home/user/.m2/repository/javax/el/javax.el-api/3.0.0/javax.el-api-3.0.0.jar:/home/user/.m2/repository/javax/interceptor/javax.interceptor-api/1.2/javax.interceptor-api-1.2.jar:/home/user/.m2/repository/javax/inject/javax.inject/1/javax.inject-1.jar:/home/user/.m2/repository/com/sun/xml/bind/jaxb-impl/2.3.0.1/jaxb-impl-2.3.0.1.jar:/home/user/.m2/repository/com/sun/xml/bind/jaxb-core/2.3.0.1/jaxb-core-2.3.0.1.jar:/home/user/.m2/repository/javax/xml/bind/jaxb-api/2.3.0/jaxb-api-2.3.0.jar:/home/user/.m2/repository/javax/activation/activation/1.1.1/activation-1.1.1.jar:/home/user/.m2/repository/org/apache/hadoop/hadoop-ozone-csi/0.5.0-SNAPSHOT/hadoop-ozone-csi-0.5.0-SNAPSHOT.jar:/home/user/.m2/repository/com/google/protobuf/protobuf-java-util/3.5.1/protobuf-java-util-3.5.1.jar:/home/user/.m2/repository/org/apache/hadoop/hadoop-hdds-config/0.5.0-SNAPSHOT/hadoop-hdds-config-0.5.0-SNAPSHOT.jar:/home/user/.m2/repository/io/grpc/grpc-netty/1.17.1/grpc-netty-1.17.1.jar:/home/user/.m2/repository/io/grpc/grpc-core/1.17.1/grpc-core-1.17.1.jar:/home/user/.m2/repository/io/grpc/grpc-context/1.17.1/grpc-context-1.17.1.jar:/home/user/.m2/repository/com/google/errorprone/error_prone_annotations/2.2.0/error_prone_annotations-2.2.0.jar:/home/user/.m2/repository/org/codehaus/mojo/animal-sniffer-annotations/1.17/animal-sniffer-annotations-1.17.jar:/home/user/.m2/repository/io/opencensus/opencensus-api/0.17.0/opencensus-api-0.17.0.jar:/home/user/.m2/repository/io/opencensus/opencensus-contrib-grpc-metrics/0.17.0/opencensus-contrib-grpc-metrics-0.17.0.jar:/home/user/.m2/repository/io/netty/netty-codec-http2/4.1.30.Final/netty-codec-http2-4.1.30.Final.jar:/home/user/.m2/repository/io/netty/netty-codec-http/4.1.30.Final/netty-codec-http-4.1.30.Final.jar:/home/user/.m2/repository/io/netty/netty-codec/4.1.30.Final/netty-codec-4.1.30.Final.jar:/home/user/.m2/repository/io/netty/netty-handler/4.1.30.Final/netty-handler-4.1.30.Final.jar:/home/user/.m2/repository/io/netty/netty-handler-proxy/4.1.30.Final/netty-handler-proxy-4.1.30.Final.jar:/home/user/.m2/repository/io/netty/netty-codec-socks/4.1.30.Final/netty-codec-socks-4.1.30.Final.jar:/home/user/.m2/repository/io/netty/netty-transport-native-epoll/4.1.30.Final/netty-transport-native-epoll-4.1.30.Final.jar:/home/user/.m2/repository/io/netty/netty-common/4.1.30.Final/netty-common-4.1.30.Final.jar:/home/user/.m2/repository/io/netty/netty-buffer/4.1.30.Final/netty-buffer-4.1.30.Final.jar:/home/user/.m2/repository/io/netty/netty-transport/4.1.30.Final/netty-transport-4.1.30.Final.jar:/home/user/.m2/repository/io/netty/netty-resolver/4.1.30.Final/netty-resolver-4.1.30.Final.jar:/home/user/.m2/repository/io/netty/netty-transport-native-unix-common/4.1.30.Final/netty-transport-native-unix-common-4.1.30.Final.jar:/home/user/.m2/repository/io/grpc/grpc-protobuf/1.17.1/grpc-protobuf-1.17.1.jar:/home/user/.m2/repository/com/google/api/grpc/proto-google-common-protos/1.0.0/proto-google-common-protos-1.0.0.jar:/home/user/.m2/repository/io/grpc/grpc-protobuf-lite/1.17.1/grpc-protobuf-lite-1.17.1.jar:/home/user/.m2/repository/io/grpc/grpc-stub/1.17.1/grpc-stub-1.17.1.jar:/home/user/.m2/repository/org/apache/hadoop/hadoop-ozone-recon/0.5.0-SNAPSHOT/hadoop-ozone-recon-0.5.0-SNAPSHOT.jar:/home/user/.m2/repository/org/apache/hadoop/hadoop-ozone-reconcodegen/0.5.0-SNAPSHOT/hadoop-ozone-reconcodegen-0.5.0-SNAPSHOT.jar:/home/user/.m2/repository/com/google/inject/extensions/guice-multibindings/4.0/guice-multibindings-4.0.jar:/home/user/.m2/repository/com/google/inject/guice/4.0/guice-4.0.jar:/home/user/.m2/repository/aopalliance/aopalliance/1.0/aopalliance-1.0.jar:/home/user/.m2/repository/com/google/inject/extensions/guice-servlet/4.0/guice-servlet-4.0.jar:/home/user/.m2/repository/org/glassfish/jersey/containers/jersey-container-servlet/2.27/jersey-container-servlet-2.27.jar:/home/user/.m2/repository/org/glassfish/hk2/guice-bridge/2.5.0/guice-bridge-2.5.0.jar:/home/user/.m2/repository/org/glassfish/jersey/core/jersey-server/2.27/jersey-server-2.27.jar:/home/user/.m2/repository/org/glassfish/jersey/core/jersey-client/2.27/jersey-client-2.27.jar:/home/user/.m2/repository/org/glassfish/jersey/media/jersey-media-jaxb/2.27/jersey-media-jaxb-2.27.jar:/home/user/.m2/repository/javax/validation/validation-api/1.1.0.Final/validation-api-1.1.0.Final.jar:/home/user/.m2/repository/org/glassfish/jersey/media/jersey-media-json-jackson/2.27/jersey-media-json-jackson-2.27.jar:/home/user/.m2/repository/org/glassfish/jersey/ext/jersey-entity-filtering/2.27/jersey-entity-filtering-2.27.jar:/home/user/.m2/repository/com/google/inject/extensions/guice-assistedinject/4.0/guice-assistedinject-4.0.jar:/home/user/.m2/repository/org/jooq/jooq/3.11.10/jooq-3.11.10.jar:/home/user/.m2/repository/org/jooq/jooq-meta/3.11.10/jooq-meta-3.11.10.jar:/home/user/.m2/repository/org/jooq/jooq-codegen/3.11.10/jooq-codegen-3.11.10.jar:/home/user/.m2/repository/com/jolbox/bonecp/0.8.0.RELEASE/bonecp-0.8.0.RELEASE.jar:/home/user/.m2/repository/org/xerial/sqlite-jdbc/3.25.2/sqlite-jdbc-3.25.2.jar:/home/user/.m2/repository/org/springframework/spring-jdbc/5.1.3.RELEASE/spring-jdbc-5.1.3.RELEASE.jar:/home/user/.m2/repository/org/springframework/spring-beans/5.1.3.RELEASE/spring-beans-5.1.3.RELEASE.jar:/home/user/.m2/repository/org/springframework/spring-core/5.1.3.RELEASE/spring-core-5.1.3.RELEASE.jar:/home/user/.m2/repository/org/springframework/spring-jcl/5.1.3.RELEASE/spring-jcl-5.1.3.RELEASE.jar:/home/user/.m2/repository/org/springframework/spring-tx/5.1.3.RELEASE/spring-tx-5.1.3.RELEASE.jar:/home/user/.m2/repository/org/apache/hadoop/hadoop-ozone-client/0.5.0-SNAPSHOT/hadoop-ozone-client-0.5.0-SNAPSHOT.jar:/home/user/.m2/repository/commons-lang/commons-lang/2.6/commons-lang-2.6.jar:/home/user/.m2/repository/org/apache/hadoop/hadoop-ozone-ozone-manager/0.5.0-SNAPSHOT/hadoop-ozone-ozone-manager-0.5.0-SNAPSHOT-tests.jar:/home/user/.m2/repository/junit/junit/4.11/junit-4.11.jar:/home/user/.m2/repository/org/hamcrest/hamcrest-core/1.3/hamcrest-core-1.3.jar:/home/user/.m2/repository/org/openjdk/jmh/jmh-core/1.19/jmh-core-1.19.jar:/home/user/.m2/repository/net/sf/jopt-simple/jopt-simple/4.6/jopt-simple-4.6.jar:/home/user/.m2/repository/org/apache/commons/commons-math3/3.1.1/commons-math3-3.1.1.jar:/home/user/.m2/repository/org/openjdk/jmh/jmh-generator-annprocess/1.19/jmh-generator-annprocess-1.19.jar:/home/user/.m2/repository/org/mockito/mockito-all/1.8.5/mockito-all-1.8.5.jar:/home/user/.m2/repository/org/apache/hadoop/hadoop-kms/3.2.0/hadoop-kms-3.2.0.jar:/home/user/.m2/repository/org/apache/hadoop/hadoop-auth/3.2.0/hadoop-auth-3.2.0.jar:/home/user/.m2/repository/com/nimbusds/nimbus-jose-jwt/4.41.1/nimbus-jose-jwt-4.41.1.jar:/home/user/.m2/repository/com/github/stephenc/jcip/jcip-annotations/1.0-1/jcip-annotations-1.0-1.jar:/home/user/.m2/repository/net/minidev/json-smart/2.3/json-smart-2.3.jar:/home/user/.m2/repository/net/minidev/accessors-smart/1.2/accessors-smart-1.2.jar:/home/user/.m2/repository/org/ow2/asm/asm/5.0.4/asm-5.0.4.jar:/home/user/.m2/repository/org/apache/curator/curator-framework/2.12.0/curator-framework-2.12.0.jar:/home/user/.m2/repository/com/sun/jersey/jersey-core/1.19/jersey-core-1.19.jar:/home/user/.m2/repository/javax/ws/rs/jsr311-api/1.1.1/jsr311-api-1.1.1.jar:/home/user/.m2/repository/com/sun/jersey/jersey-server/1.19/jersey-server-1.19.jar:/home/user/.m2/repository/javax/servlet/javax.servlet-api/3.1.0/javax.servlet-api-3.1.0.jar:/home/user/.m2/repository/org/eclipse/jetty/jetty-server/9.3.25.v20180904/jetty-server-9.3.25.v20180904.jar:/home/user/.m2/repository/org/eclipse/jetty/jetty-http/9.3.25.v20180904/jetty-http-9.3.25.v20180904.jar:/home/user/.m2/repository/org/eclipse/jetty/jetty-io/9.3.25.v20180904/jetty-io-9.3.25.v20180904.jar:/home/user/.m2/repository/org/eclipse/jetty/jetty-webapp/9.3.25.v20180904/jetty-webapp-9.3.25.v20180904.jar:/home/user/.m2/repository/org/eclipse/jetty/jetty-xml/9.3.25.v20180904/jetty-xml-9.3.25.v20180904.jar:/home/user/.m2/repository/log4j/log4j/1.2.17/log4j-1.2.17.jar:/home/user/.m2/repository/org/slf4j/slf4j-api/1.7.25/slf4j-api-1.7.25.jar:/home/user/.m2/repository/org/slf4j/jul-to-slf4j/1.7.25/jul-to-slf4j-1.7.25.jar:/home/user/.m2/repository/org/eclipse/jetty/jetty-util/9.3.25.v20180904/jetty-util-9.3.25.v20180904.jar:/home/user/.m2/repository/com/fasterxml/jackson/core/jackson-databind/2.9.9/jackson-databind-2.9.9.jar:/home/user/.m2/repository/org/apache/hadoop/hadoop-kms/3.2.0/hadoop-kms-3.2.0-tests.jar:/home/user/.m2/repository/org/apache/hadoop/hadoop-hdds-server-scm/0.5.0-SNAPSHOT/hadoop-hdds-server-scm-0.5.0-SNAPSHOT-tests.jar:/home/user/.m2/repository/org/apache/hadoop/hadoop-hdds-container-service/0.5.0-SNAPSHOT/hadoop-hdds-container-service-0.5.0-SNAPSHOT-tests.jar:/home/user/.m2/repository/org/yaml/snakeyaml/1.16/snakeyaml-1.16.jar:/home/user/.m2/repository/org/apache/hadoop/hadoop-common/3.2.0/hadoop-common-3.2.0-tests.jar:/home/user/.m2/repository/org/apache/hadoop/hadoop-annotations/3.2.0/hadoop-annotations-3.2.0.jar:/usr/lib/jvm/java-1.8-openjdk/jre/../lib/tools.jar:/home/user/.m2/repository/commons-cli/commons-cli/1.2/commons-cli-1.2.jar:/home/user/.m2/repository/org/apache/httpcomponents/httpclient/4.5.2/httpclient-4.5.2.jar:/home/user/.m2/repository/org/apache/httpcomponents/httpcore/4.4.4/httpcore-4.4.4.jar:/home/user/.m2/repository/commons-codec/commons-codec/1.11/commons-codec-1.11.jar:/home/user/.m2/repository/commons-net/commons-net/3.6/commons-net-3.6.jar:/home/user/.m2/repository/commons-collections/commons-collections/3.2.2/commons-collections-3.2.2.jar:/home/user/.m2/repository/org/eclipse/jetty/jetty-servlet/9.3.25.v20180904/jetty-servlet-9.3.25.v20180904.jar:/home/user/.m2/repository/org/eclipse/jetty/jetty-security/9.3.25.v20180904/jetty-security-9.3.25.v20180904.jar:/home/user/.m2/repository/javax/servlet/jsp/jsp-api/2.1/jsp-api-2.1.jar:/home/user/.m2/repository/com/sun/jersey/jersey-servlet/1.19/jersey-servlet-1.19.jar:/home/user/.m2/repository/com/sun/jersey/jersey-json/1.19/jersey-json-1.19.jar:/home/user/.m2/repository/org/codehaus/jettison/jettison/1.1/jettison-1.1.jar:/home/user/.m2/repository/org/codehaus/jackson/jackson-core-asl/1.9.13/jackson-core-asl-1.9.13.jar:/home/user/.m2/repository/org/codehaus/jackson/jackson-mapper-asl/1.9.13/jackson-mapper-asl-1.9.13.jar:/home/user/.m2/repository/org/codehaus/jackson/jackson-jaxrs/1.9.13/jackson-jaxrs-1.9.13.jar:/home/user/.m2/repository/org/codehaus/jackson/jackson-xc/1.9.13/jackson-xc-1.9.13.jar:/home/user/.m2/repository/commons-logging/commons-logging/1.1.3/commons-logging-1.1.3.jar:/home/user/.m2/repository/commons-beanutils/commons-beanutils/1.9.4/commons-beanutils-1.9.4.jar:/home/user/.m2/repository/org/apache/commons/commons-configuration2/2.1.1/commons-configuration2-2.1.1.jar:/home/user/.m2/repository/org/apache/commons/commons-lang3/3.7/commons-lang3-3.7.jar:/home/user/.m2/repository/org/apache/commons/commons-text/1.4/commons-text-1.4.jar:/home/user/.m2/repository/org/apache/avro/avro/1.7.7/avro-1.7.7.jar:/home/user/.m2/repository/com/thoughtworks/paranamer/paranamer/2.3/paranamer-2.3.jar:/home/user/.m2/repository/org/xerial/snappy/snappy-java/1.0.5/snappy-java-1.0.5.jar:/home/user/.m2/repository/com/google/re2j/re2j/1.1/re2j-1.1.jar:/home/user/.m2/repository/com/google/code/gson/gson/2.2.4/gson-2.2.4.jar:/home/user/.m2/repository/com/jcraft/jsch/0.1.54/jsch-0.1.54.jar:/home/user/.m2/repository/org/apache/curator/curator-client/2.12.0/curator-client-2.12.0.jar:/home/user/.m2/repository/org/apache/curator/curator-recipes/2.12.0/curator-recipes-2.12.0.jar:/home/user/.m2/repository/com/google/code/findbugs/jsr305/3.0.0/jsr305-3.0.0.jar:/home/user/.m2/repository/org/apache/htrace/htrace-core4/4.1.0-incubating/htrace-core4-4.1.0-incubating.jar:/home/user/.m2/repository/org/apache/zookeeper/zookeeper/3.4.13/zookeeper-3.4.13.jar:/home/user/.m2/repository/jline/jline/0.9.94/jline-0.9.94.jar:/home/user/.m2/repository/org/apache/yetus/audience-annotations/0.5.0/audience-annotations-0.5.0.jar:/home/user/.m2/repository/org/codehaus/woodstox/stax2-api/3.1.4/stax2-api-3.1.4.jar:/home/user/.m2/repository/com/fasterxml/woodstox/woodstox-core/5.0.3/woodstox-core-5.0.3.jar:/home/user/.m2/repository/dnsjava/dnsjava/2.1.7/dnsjava-2.1.7.jar:/home/user/.m2/repository/org/apache/hadoop/hadoop-hdfs/3.2.0/hadoop-hdfs-3.2.0-tests.jar:/home/user/.m2/repository/org/eclipse/jetty/jetty-util-ajax/9.3.25.v20180904/jetty-util-ajax-9.3.25.v20180904.jar:/home/user/.m2/repository/commons-daemon/commons-daemon/1.0.13/commons-daemon-1.0.13.jar:/home/user/.m2/repository/io/netty/netty/3.10.5.Final/netty-3.10.5.Final.jar:/home/user/.m2/repository/io/netty/netty-all/4.0.52.Final/netty-all-4.0.52.Final.jar:/home/user/.m2/repository/org/fusesource/leveldbjni/leveldbjni-all/1.8/leveldbjni-all-1.8.jar:"/>
    <property name="java.vm.vendor" value="IcedTea"/>
    <property name="sun.arch.data.model" value="64"/>
    <property name="test.build.dir" value="/workdir/hadoop-ozone/integration-test/target/test-dir"/>
    <property name="test.cache.data" value=""/>
    <property name="java.vendor.url" value="https://icedtea.classpath.org"/>
    <property name="user.timezone" value=""/>
    <property name="java.vm.specification.version" value="1.8"/>
    <property name="os.name" value="Linux"/>
    <property name="test.build.data" value="/workdir/hadoop-ozone/integration-test/target/test-dir"/>
    <property name="user.country" value="US"/>
    <property name="sun.java.launcher" value="SUN_STANDARD"/>
    <property name="sun.boot.library.path" value="/usr/lib/jvm/java-1.8-openjdk/jre/lib/amd64"/>
    <property name="sun.java.command" value="/workdir/hadoop-ozone/integration-test/target/surefire/surefirebooter6346687943088253310.jar /workdir/hadoop-ozone/integration-test/target/surefire 2019-09-24T17-58-35_424-jvmRun1 surefire2564353934332423796tmp surefire_233688215083717167535tmp"/>
    <property name="test" value="!TestMiniChaosOzoneCluster"/>
    <property name="surefire.test.class.path" value="/workdir/hadoop-ozone/integration-test/target/test-classes:/workdir/hadoop-ozone/integration-test/target/classes:/home/user/.m2/repository/org/apache/hadoop/hadoop-ozone-common/0.5.0-SNAPSHOT/hadoop-ozone-common-0.5.0-SNAPSHOT.jar:/home/user/.m2/repository/org/apache/commons/commons-compress/1.4.1/commons-compress-1.4.1.jar:/home/user/.m2/repository/org/tukaani/xz/1.0/xz-1.0.jar:/home/user/.m2/repository/org/apache/hadoop/hadoop-common/3.2.0/hadoop-common-3.2.0.jar:/home/user/.m2/repository/org/apache/hadoop/hadoop-hdfs/3.2.0/hadoop-hdfs-3.2.0.jar:/home/user/.m2/repository/org/apache/hadoop/hadoop-hdfs-client/3.2.0/hadoop-hdfs-client-3.2.0.jar:/home/user/.m2/repository/com/fasterxml/jackson/core/jackson-annotations/2.9.9/jackson-annotations-2.9.9.jar:/home/user/.m2/repository/org/apache/hadoop/hadoop-hdds-common/0.5.0-SNAPSHOT/hadoop-hdds-common-0.5.0-SNAPSHOT.jar:/home/user/.m2/repository/javax/annotation/javax.annotation-api/1.2/javax.annotation-api-1.2.jar:/home/user/.m2/repository/org/apache/ratis/ratis-server/0.4.0/ratis-server-0.4.0.jar:/home/user/.m2/repository/org/apache/ratis/ratis-thirdparty-misc/0.2.0/ratis-thirdparty-misc-0.2.0.jar:/home/user/.m2/repository/org/apache/ratis/ratis-proto/0.4.0/ratis-proto-0.4.0.jar:/home/user/.m2/repository/org/apache/ratis/ratis-common/0.4.0/ratis-common-0.4.0.jar:/home/user/.m2/repository/org/apache/ratis/ratis-client/0.4.0/ratis-client-0.4.0.jar:/home/user/.m2/repository/org/apache/ratis/ratis-metrics/0.4.0/ratis-metrics-0.4.0.jar:/home/user/.m2/repository/com/github/joshelser/dropwizard-metrics-hadoop-metrics2-reporter/0.1.2/dropwizard-metrics-hadoop-metrics2-reporter-0.1.2.jar:/home/user/.m2/repository/io/dropwizard/metrics/metrics-jvm/3.2.5/metrics-jvm-3.2.5.jar:/home/user/.m2/repository/io/dropwizard/metrics/metrics-ganglia/3.2.5/metrics-ganglia-3.2.5.jar:/home/user/.m2/repository/info/ganglia/gmetric4j/gmetric4j/1.0.7/gmetric4j-1.0.7.jar:/home/user/.m2/repository/org/apache/ratis/ratis-netty/0.4.0/ratis-netty-0.4.0.jar:/home/user/.m2/repository/org/apache/ratis/ratis-grpc/0.4.0/ratis-grpc-0.4.0.jar:/home/user/.m2/repository/org/rocksdb/rocksdbjni/6.0.1/rocksdbjni-6.0.1.jar:/home/user/.m2/repository/org/apache/logging/log4j/log4j-api/2.11.0/log4j-api-2.11.0.jar:/home/user/.m2/repository/org/apache/logging/log4j/log4j-core/2.11.0/log4j-core-2.11.0.jar:/home/user/.m2/repository/com/lmax/disruptor/3.4.2/disruptor-3.4.2.jar:/home/user/.m2/repository/org/apache/commons/commons-pool2/2.6.0/commons-pool2-2.6.0.jar:/home/user/.m2/repository/org/bouncycastle/bcpkix-jdk15on/1.60/bcpkix-jdk15on-1.60.jar:/home/user/.m2/repository/commons-validator/commons-validator/1.6/commons-validator-1.6.jar:/home/user/.m2/repository/commons-digester/commons-digester/1.8.1/commons-digester-1.8.1.jar:/home/user/.m2/repository/io/jaegertracing/jaeger-client/0.34.0/jaeger-client-0.34.0.jar:/home/user/.m2/repository/io/jaegertracing/jaeger-thrift/0.34.0/jaeger-thrift-0.34.0.jar:/home/user/.m2/repository/org/apache/thrift/libthrift/0.12.0/libthrift-0.12.0.jar:/home/user/.m2/repository/com/squareup/okhttp3/okhttp/3.9.0/okhttp-3.9.0.jar:/home/user/.m2/repository/com/squareup/okio/okio/1.13.0/okio-1.13.0.jar:/home/user/.m2/repository/io/jaegertracing/jaeger-core/0.34.0/jaeger-core-0.34.0.jar:/home/user/.m2/repository/io/jaegertracing/jaeger-tracerresolver/0.34.0/jaeger-tracerresolver-0.34.0.jar:/home/user/.m2/repository/io/opentracing/contrib/opentracing-tracerresolver/0.1.5/opentracing-tracerresolver-0.1.5.jar:/home/user/.m2/repository/io/opentracing/opentracing-util/0.31.0/opentracing-util-0.31.0.jar:/home/user/.m2/repository/io/opentracing/opentracing-api/0.31.0/opentracing-api-0.31.0.jar:/home/user/.m2/repository/io/opentracing/opentracing-noop/0.31.0/opentracing-noop-0.31.0.jar:/home/user/.m2/repository/org/apache/hadoop/hadoop-hdds-server-framework/0.5.0-SNAPSHOT/hadoop-hdds-server-framework-0.5.0-SNAPSHOT.jar:/home/user/.m2/repository/org/apache/hadoop/hadoop-hdds-container-service/0.5.0-SNAPSHOT/hadoop-hdds-container-service-0.5.0-SNAPSHOT.jar:/home/user/.m2/repository/org/apache/hadoop/hadoop-hdds-client/0.5.0-SNAPSHOT/hadoop-hdds-client-0.5.0-SNAPSHOT.jar:/home/user/.m2/repository/org/apache/hadoop/hadoop-hdds-tools/0.5.0-SNAPSHOT/hadoop-hdds-tools-0.5.0-SNAPSHOT.jar:/home/user/.m2/repository/org/apache/hadoop/hadoop-hdds-server-scm/0.5.0-SNAPSHOT/hadoop-hdds-server-scm-0.5.0-SNAPSHOT.jar:/home/user/.m2/repository/org/apache/hadoop/hadoop-hdds-docs/0.5.0-SNAPSHOT/hadoop-hdds-docs-0.5.0-SNAPSHOT.jar:/home/user/.m2/repository/io/dropwizard/metrics/metrics-core/3.2.4/metrics-core-3.2.4.jar:/home/user/.m2/repository/org/hamcrest/hamcrest-all/1.3/hamcrest-all-1.3.jar:/home/user/.m2/repository/org/bouncycastle/bcprov-jdk15on/1.60/bcprov-jdk15on-1.60.jar:/home/user/.m2/repository/info/picocli/picocli/3.9.6/picocli-3.9.6.jar:/home/user/.m2/repository/com/google/protobuf/protobuf-java/2.5.0/protobuf-java-2.5.0.jar:/home/user/.m2/repository/com/google/guava/guava/11.0.2/guava-11.0.2.jar:/home/user/.m2/repository/org/apache/hadoop/hadoop-ozone-ozone-manager/0.5.0-SNAPSHOT/hadoop-ozone-ozone-manager-0.5.0-SNAPSHOT.jar:/home/user/.m2/repository/org/apache/hadoop/hadoop-minikdc/3.2.0/hadoop-minikdc-3.2.0.jar:/home/user/.m2/repository/commons-io/commons-io/2.5/commons-io-2.5.jar:/home/user/.m2/repository/org/apache/kerby/kerb-simplekdc/1.0.1/kerb-simplekdc-1.0.1.jar:/home/user/.m2/repository/org/apache/kerby/kerb-client/1.0.1/kerb-client-1.0.1.jar:/home/user/.m2/repository/org/apache/kerby/kerby-config/1.0.1/kerby-config-1.0.1.jar:/home/user/.m2/repository/org/apache/kerby/kerb-core/1.0.1/kerb-core-1.0.1.jar:/home/user/.m2/repository/org/apache/kerby/kerby-pkix/1.0.1/kerby-pkix-1.0.1.jar:/home/user/.m2/repository/org/apache/kerby/kerby-asn1/1.0.1/kerby-asn1-1.0.1.jar:/home/user/.m2/repository/org/apache/kerby/kerby-util/1.0.1/kerby-util-1.0.1.jar:/home/user/.m2/repository/org/apache/kerby/kerb-common/1.0.1/kerb-common-1.0.1.jar:/home/user/.m2/repository/org/apache/kerby/kerb-crypto/1.0.1/kerb-crypto-1.0.1.jar:/home/user/.m2/repository/org/apache/kerby/kerb-util/1.0.1/kerb-util-1.0.1.jar:/home/user/.m2/repository/org/apache/kerby/token-provider/1.0.1/token-provider-1.0.1.jar:/home/user/.m2/repository/org/apache/kerby/kerb-admin/1.0.1/kerb-admin-1.0.1.jar:/home/user/.m2/repository/org/apache/kerby/kerb-server/1.0.1/kerb-server-1.0.1.jar:/home/user/.m2/repository/org/apache/kerby/kerb-identity/1.0.1/kerb-identity-1.0.1.jar:/home/user/.m2/repository/org/apache/kerby/kerby-xdr/1.0.1/kerby-xdr-1.0.1.jar:/home/user/.m2/repository/org/slf4j/slf4j-log4j12/1.7.25/slf4j-log4j12-1.7.25.jar:/home/user/.m2/repository/org/apache/hadoop/hadoop-ozone-s3gateway/0.5.0-SNAPSHOT/hadoop-ozone-s3gateway-0.5.0-SNAPSHOT.jar:/home/user/.m2/repository/org/jboss/weld/servlet/weld-servlet/2.4.7.Final/weld-servlet-2.4.7.Final.jar:/home/user/.m2/repository/org/glassfish/jersey/containers/jersey-container-servlet-core/2.27/jersey-container-servlet-core-2.27.jar:/home/user/.m2/repository/org/glassfish/hk2/external/javax.inject/2.5.0-b42/javax.inject-2.5.0-b42.jar:/home/user/.m2/repository/org/glassfish/jersey/core/jersey-common/2.27/jersey-common-2.27.jar:/home/user/.m2/repository/org/glassfish/hk2/osgi-resource-locator/1.0.1/osgi-resource-locator-1.0.1.jar:/home/user/.m2/repository/javax/ws/rs/javax.ws.rs-api/2.1/javax.ws.rs-api-2.1.jar:/home/user/.m2/repository/org/glassfish/jersey/ext/cdi/jersey-cdi1x/2.27/jersey-cdi1x-2.27.jar:/home/user/.m2/repository/org/glassfish/jersey/inject/jersey-hk2/2.27/jersey-hk2-2.27.jar:/home/user/.m2/repository/org/glassfish/hk2/hk2-locator/2.5.0-b42/hk2-locator-2.5.0-b42.jar:/home/user/.m2/repository/org/javassist/javassist/3.22.0-CR2/javassist-3.22.0-CR2.jar:/home/user/.m2/repository/org/glassfish/hk2/hk2-api/2.5.0/hk2-api-2.5.0.jar:/home/user/.m2/repository/org/glassfish/hk2/external/jakarta.inject/2.5.0/jakarta.inject-2.5.0.jar:/home/user/.m2/repository/org/glassfish/hk2/hk2-utils/2.5.0/hk2-utils-2.5.0.jar:/home/user/.m2/repository/jakarta/annotation/jakarta.annotation-api/1.3.4/jakarta.annotation-api-1.3.4.jar:/home/user/.m2/repository/org/glassfish/hk2/external/aopalliance-repackaged/2.5.0/aopalliance-repackaged-2.5.0.jar:/home/user/.m2/repository/com/fasterxml/jackson/dataformat/jackson-dataformat-xml/2.9.0/jackson-dataformat-xml-2.9.0.jar:/home/user/.m2/repository/com/fasterxml/jackson/core/jackson-core/2.9.9/jackson-core-2.9.9.jar:/home/user/.m2/repository/com/fasterxml/jackson/module/jackson-module-jaxb-annotations/2.9.9/jackson-module-jaxb-annotations-2.9.9.jar:/home/user/.m2/repository/javax/enterprise/cdi-api/1.2/cdi-api-1.2.jar:/home/user/.m2/repository/javax/el/javax.el-api/3.0.0/javax.el-api-3.0.0.jar:/home/user/.m2/repository/javax/interceptor/javax.interceptor-api/1.2/javax.interceptor-api-1.2.jar:/home/user/.m2/repository/javax/inject/javax.inject/1/javax.inject-1.jar:/home/user/.m2/repository/com/sun/xml/bind/jaxb-impl/2.3.0.1/jaxb-impl-2.3.0.1.jar:/home/user/.m2/repository/com/sun/xml/bind/jaxb-core/2.3.0.1/jaxb-core-2.3.0.1.jar:/home/user/.m2/repository/javax/xml/bind/jaxb-api/2.3.0/jaxb-api-2.3.0.jar:/home/user/.m2/repository/javax/activation/activation/1.1.1/activation-1.1.1.jar:/home/user/.m2/repository/org/apache/hadoop/hadoop-ozone-csi/0.5.0-SNAPSHOT/hadoop-ozone-csi-0.5.0-SNAPSHOT.jar:/home/user/.m2/repository/com/google/protobuf/protobuf-java-util/3.5.1/protobuf-java-util-3.5.1.jar:/home/user/.m2/repository/org/apache/hadoop/hadoop-hdds-config/0.5.0-SNAPSHOT/hadoop-hdds-config-0.5.0-SNAPSHOT.jar:/home/user/.m2/repository/io/grpc/grpc-netty/1.17.1/grpc-netty-1.17.1.jar:/home/user/.m2/repository/io/grpc/grpc-core/1.17.1/grpc-core-1.17.1.jar:/home/user/.m2/repository/io/grpc/grpc-context/1.17.1/grpc-context-1.17.1.jar:/home/user/.m2/repository/com/google/errorprone/error_prone_annotations/2.2.0/error_prone_annotations-2.2.0.jar:/home/user/.m2/repository/org/codehaus/mojo/animal-sniffer-annotations/1.17/animal-sniffer-annotations-1.17.jar:/home/user/.m2/repository/io/opencensus/opencensus-api/0.17.0/opencensus-api-0.17.0.jar:/home/user/.m2/repository/io/opencensus/opencensus-contrib-grpc-metrics/0.17.0/opencensus-contrib-grpc-metrics-0.17.0.jar:/home/user/.m2/repository/io/netty/netty-codec-http2/4.1.30.Final/netty-codec-http2-4.1.30.Final.jar:/home/user/.m2/repository/io/netty/netty-codec-http/4.1.30.Final/netty-codec-http-4.1.30.Final.jar:/home/user/.m2/repository/io/netty/netty-codec/4.1.30.Final/netty-codec-4.1.30.Final.jar:/home/user/.m2/repository/io/netty/netty-handler/4.1.30.Final/netty-handler-4.1.30.Final.jar:/home/user/.m2/repository/io/netty/netty-handler-proxy/4.1.30.Final/netty-handler-proxy-4.1.30.Final.jar:/home/user/.m2/repository/io/netty/netty-codec-socks/4.1.30.Final/netty-codec-socks-4.1.30.Final.jar:/home/user/.m2/repository/io/netty/netty-transport-native-epoll/4.1.30.Final/netty-transport-native-epoll-4.1.30.Final.jar:/home/user/.m2/repository/io/netty/netty-common/4.1.30.Final/netty-common-4.1.30.Final.jar:/home/user/.m2/repository/io/netty/netty-buffer/4.1.30.Final/netty-buffer-4.1.30.Final.jar:/home/user/.m2/repository/io/netty/netty-transport/4.1.30.Final/netty-transport-4.1.30.Final.jar:/home/user/.m2/repository/io/netty/netty-resolver/4.1.30.Final/netty-resolver-4.1.30.Final.jar:/home/user/.m2/repository/io/netty/netty-transport-native-unix-common/4.1.30.Final/netty-transport-native-unix-common-4.1.30.Final.jar:/home/user/.m2/repository/io/grpc/grpc-protobuf/1.17.1/grpc-protobuf-1.17.1.jar:/home/user/.m2/repository/com/google/api/grpc/proto-google-common-protos/1.0.0/proto-google-common-protos-1.0.0.jar:/home/user/.m2/repository/io/grpc/grpc-protobuf-lite/1.17.1/grpc-protobuf-lite-1.17.1.jar:/home/user/.m2/repository/io/grpc/grpc-stub/1.17.1/grpc-stub-1.17.1.jar:/home/user/.m2/repository/org/apache/hadoop/hadoop-ozone-recon/0.5.0-SNAPSHOT/hadoop-ozone-recon-0.5.0-SNAPSHOT.jar:/home/user/.m2/repository/org/apache/hadoop/hadoop-ozone-reconcodegen/0.5.0-SNAPSHOT/hadoop-ozone-reconcodegen-0.5.0-SNAPSHOT.jar:/home/user/.m2/repository/com/google/inject/extensions/guice-multibindings/4.0/guice-multibindings-4.0.jar:/home/user/.m2/repository/com/google/inject/guice/4.0/guice-4.0.jar:/home/user/.m2/repository/aopalliance/aopalliance/1.0/aopalliance-1.0.jar:/home/user/.m2/repository/com/google/inject/extensions/guice-servlet/4.0/guice-servlet-4.0.jar:/home/user/.m2/repository/org/glassfish/jersey/containers/jersey-container-servlet/2.27/jersey-container-servlet-2.27.jar:/home/user/.m2/repository/org/glassfish/hk2/guice-bridge/2.5.0/guice-bridge-2.5.0.jar:/home/user/.m2/repository/org/glassfish/jersey/core/jersey-server/2.27/jersey-server-2.27.jar:/home/user/.m2/repository/org/glassfish/jersey/core/jersey-client/2.27/jersey-client-2.27.jar:/home/user/.m2/repository/org/glassfish/jersey/media/jersey-media-jaxb/2.27/jersey-media-jaxb-2.27.jar:/home/user/.m2/repository/javax/validation/validation-api/1.1.0.Final/validation-api-1.1.0.Final.jar:/home/user/.m2/repository/org/glassfish/jersey/media/jersey-media-json-jackson/2.27/jersey-media-json-jackson-2.27.jar:/home/user/.m2/repository/org/glassfish/jersey/ext/jersey-entity-filtering/2.27/jersey-entity-filtering-2.27.jar:/home/user/.m2/repository/com/google/inject/extensions/guice-assistedinject/4.0/guice-assistedinject-4.0.jar:/home/user/.m2/repository/org/jooq/jooq/3.11.10/jooq-3.11.10.jar:/home/user/.m2/repository/org/jooq/jooq-meta/3.11.10/jooq-meta-3.11.10.jar:/home/user/.m2/repository/org/jooq/jooq-codegen/3.11.10/jooq-codegen-3.11.10.jar:/home/user/.m2/repository/com/jolbox/bonecp/0.8.0.RELEASE/bonecp-0.8.0.RELEASE.jar:/home/user/.m2/repository/org/xerial/sqlite-jdbc/3.25.2/sqlite-jdbc-3.25.2.jar:/home/user/.m2/repository/org/springframework/spring-jdbc/5.1.3.RELEASE/spring-jdbc-5.1.3.RELEASE.jar:/home/user/.m2/repository/org/springframework/spring-beans/5.1.3.RELEASE/spring-beans-5.1.3.RELEASE.jar:/home/user/.m2/repository/org/springframework/spring-core/5.1.3.RELEASE/spring-core-5.1.3.RELEASE.jar:/home/user/.m2/repository/org/springframework/spring-jcl/5.1.3.RELEASE/spring-jcl-5.1.3.RELEASE.jar:/home/user/.m2/repository/org/springframework/spring-tx/5.1.3.RELEASE/spring-tx-5.1.3.RELEASE.jar:/home/user/.m2/repository/org/apache/hadoop/hadoop-ozone-client/0.5.0-SNAPSHOT/hadoop-ozone-client-0.5.0-SNAPSHOT.jar:/home/user/.m2/repository/commons-lang/commons-lang/2.6/commons-lang-2.6.jar:/home/user/.m2/repository/org/apache/hadoop/hadoop-ozone-ozone-manager/0.5.0-SNAPSHOT/hadoop-ozone-ozone-manager-0.5.0-SNAPSHOT-tests.jar:/home/user/.m2/repository/junit/junit/4.11/junit-4.11.jar:/home/user/.m2/repository/org/hamcrest/hamcrest-core/1.3/hamcrest-core-1.3.jar:/home/user/.m2/repository/org/openjdk/jmh/jmh-core/1.19/jmh-core-1.19.jar:/home/user/.m2/repository/net/sf/jopt-simple/jopt-simple/4.6/jopt-simple-4.6.jar:/home/user/.m2/repository/org/apache/commons/commons-math3/3.1.1/commons-math3-3.1.1.jar:/home/user/.m2/repository/org/openjdk/jmh/jmh-generator-annprocess/1.19/jmh-generator-annprocess-1.19.jar:/home/user/.m2/repository/org/mockito/mockito-all/1.8.5/mockito-all-1.8.5.jar:/home/user/.m2/repository/org/apache/hadoop/hadoop-kms/3.2.0/hadoop-kms-3.2.0.jar:/home/user/.m2/repository/org/apache/hadoop/hadoop-auth/3.2.0/hadoop-auth-3.2.0.jar:/home/user/.m2/repository/com/nimbusds/nimbus-jose-jwt/4.41.1/nimbus-jose-jwt-4.41.1.jar:/home/user/.m2/repository/com/github/stephenc/jcip/jcip-annotations/1.0-1/jcip-annotations-1.0-1.jar:/home/user/.m2/repository/net/minidev/json-smart/2.3/json-smart-2.3.jar:/home/user/.m2/repository/net/minidev/accessors-smart/1.2/accessors-smart-1.2.jar:/home/user/.m2/repository/org/ow2/asm/asm/5.0.4/asm-5.0.4.jar:/home/user/.m2/repository/org/apache/curator/curator-framework/2.12.0/curator-framework-2.12.0.jar:/home/user/.m2/repository/com/sun/jersey/jersey-core/1.19/jersey-core-1.19.jar:/home/user/.m2/repository/javax/ws/rs/jsr311-api/1.1.1/jsr311-api-1.1.1.jar:/home/user/.m2/repository/com/sun/jersey/jersey-server/1.19/jersey-server-1.19.jar:/home/user/.m2/repository/javax/servlet/javax.servlet-api/3.1.0/javax.servlet-api-3.1.0.jar:/home/user/.m2/repository/org/eclipse/jetty/jetty-server/9.3.25.v20180904/jetty-server-9.3.25.v20180904.jar:/home/user/.m2/repository/org/eclipse/jetty/jetty-http/9.3.25.v20180904/jetty-http-9.3.25.v20180904.jar:/home/user/.m2/repository/org/eclipse/jetty/jetty-io/9.3.25.v20180904/jetty-io-9.3.25.v20180904.jar:/home/user/.m2/repository/org/eclipse/jetty/jetty-webapp/9.3.25.v20180904/jetty-webapp-9.3.25.v20180904.jar:/home/user/.m2/repository/org/eclipse/jetty/jetty-xml/9.3.25.v20180904/jetty-xml-9.3.25.v20180904.jar:/home/user/.m2/repository/log4j/log4j/1.2.17/log4j-1.2.17.jar:/home/user/.m2/repository/org/slf4j/slf4j-api/1.7.25/slf4j-api-1.7.25.jar:/home/user/.m2/repository/org/slf4j/jul-to-slf4j/1.7.25/jul-to-slf4j-1.7.25.jar:/home/user/.m2/repository/org/eclipse/jetty/jetty-util/9.3.25.v20180904/jetty-util-9.3.25.v20180904.jar:/home/user/.m2/repository/com/fasterxml/jackson/core/jackson-databind/2.9.9/jackson-databind-2.9.9.jar:/home/user/.m2/repository/org/apache/hadoop/hadoop-kms/3.2.0/hadoop-kms-3.2.0-tests.jar:/home/user/.m2/repository/org/apache/hadoop/hadoop-hdds-server-scm/0.5.0-SNAPSHOT/hadoop-hdds-server-scm-0.5.0-SNAPSHOT-tests.jar:/home/user/.m2/repository/org/apache/hadoop/hadoop-hdds-container-service/0.5.0-SNAPSHOT/hadoop-hdds-container-service-0.5.0-SNAPSHOT-tests.jar:/home/user/.m2/repository/org/yaml/snakeyaml/1.16/snakeyaml-1.16.jar:/home/user/.m2/repository/org/apache/hadoop/hadoop-common/3.2.0/hadoop-common-3.2.0-tests.jar:/home/user/.m2/repository/org/apache/hadoop/hadoop-annotations/3.2.0/hadoop-annotations-3.2.0.jar:/usr/lib/jvm/java-1.8-openjdk/jre/../lib/tools.jar:/home/user/.m2/repository/commons-cli/commons-cli/1.2/commons-cli-1.2.jar:/home/user/.m2/repository/org/apache/httpcomponents/httpclient/4.5.2/httpclient-4.5.2.jar:/home/user/.m2/repository/org/apache/httpcomponents/httpcore/4.4.4/httpcore-4.4.4.jar:/home/user/.m2/repository/commons-codec/commons-codec/1.11/commons-codec-1.11.jar:/home/user/.m2/repository/commons-net/commons-net/3.6/commons-net-3.6.jar:/home/user/.m2/repository/commons-collections/commons-collections/3.2.2/commons-collections-3.2.2.jar:/home/user/.m2/repository/org/eclipse/jetty/jetty-servlet/9.3.25.v20180904/jetty-servlet-9.3.25.v20180904.jar:/home/user/.m2/repository/org/eclipse/jetty/jetty-security/9.3.25.v20180904/jetty-security-9.3.25.v20180904.jar:/home/user/.m2/repository/javax/servlet/jsp/jsp-api/2.1/jsp-api-2.1.jar:/home/user/.m2/repository/com/sun/jersey/jersey-servlet/1.19/jersey-servlet-1.19.jar:/home/user/.m2/repository/com/sun/jersey/jersey-json/1.19/jersey-json-1.19.jar:/home/user/.m2/repository/org/codehaus/jettison/jettison/1.1/jettison-1.1.jar:/home/user/.m2/repository/org/codehaus/jackson/jackson-core-asl/1.9.13/jackson-core-asl-1.9.13.jar:/home/user/.m2/repository/org/codehaus/jackson/jackson-mapper-asl/1.9.13/jackson-mapper-asl-1.9.13.jar:/home/user/.m2/repository/org/codehaus/jackson/jackson-jaxrs/1.9.13/jackson-jaxrs-1.9.13.jar:/home/user/.m2/repository/org/codehaus/jackson/jackson-xc/1.9.13/jackson-xc-1.9.13.jar:/home/user/.m2/repository/commons-logging/commons-logging/1.1.3/commons-logging-1.1.3.jar:/home/user/.m2/repository/commons-beanutils/commons-beanutils/1.9.4/commons-beanutils-1.9.4.jar:/home/user/.m2/repository/org/apache/commons/commons-configuration2/2.1.1/commons-configuration2-2.1.1.jar:/home/user/.m2/repository/org/apache/commons/commons-lang3/3.7/commons-lang3-3.7.jar:/home/user/.m2/repository/org/apache/commons/commons-text/1.4/commons-text-1.4.jar:/home/user/.m2/repository/org/apache/avro/avro/1.7.7/avro-1.7.7.jar:/home/user/.m2/repository/com/thoughtworks/paranamer/paranamer/2.3/paranamer-2.3.jar:/home/user/.m2/repository/org/xerial/snappy/snappy-java/1.0.5/snappy-java-1.0.5.jar:/home/user/.m2/repository/com/google/re2j/re2j/1.1/re2j-1.1.jar:/home/user/.m2/repository/com/google/code/gson/gson/2.2.4/gson-2.2.4.jar:/home/user/.m2/repository/com/jcraft/jsch/0.1.54/jsch-0.1.54.jar:/home/user/.m2/repository/org/apache/curator/curator-client/2.12.0/curator-client-2.12.0.jar:/home/user/.m2/repository/org/apache/curator/curator-recipes/2.12.0/curator-recipes-2.12.0.jar:/home/user/.m2/repository/com/google/code/findbugs/jsr305/3.0.0/jsr305-3.0.0.jar:/home/user/.m2/repository/org/apache/htrace/htrace-core4/4.1.0-incubating/htrace-core4-4.1.0-incubating.jar:/home/user/.m2/repository/org/apache/zookeeper/zookeeper/3.4.13/zookeeper-3.4.13.jar:/home/user/.m2/repository/jline/jline/0.9.94/jline-0.9.94.jar:/home/user/.m2/repository/org/apache/yetus/audience-annotations/0.5.0/audience-annotations-0.5.0.jar:/home/user/.m2/repository/org/codehaus/woodstox/stax2-api/3.1.4/stax2-api-3.1.4.jar:/home/user/.m2/repository/com/fasterxml/woodstox/woodstox-core/5.0.3/woodstox-core-5.0.3.jar:/home/user/.m2/repository/dnsjava/dnsjava/2.1.7/dnsjava-2.1.7.jar:/home/user/.m2/repository/org/apache/hadoop/hadoop-hdfs/3.2.0/hadoop-hdfs-3.2.0-tests.jar:/home/user/.m2/repository/org/eclipse/jetty/jetty-util-ajax/9.3.25.v20180904/jetty-util-ajax-9.3.25.v20180904.jar:/home/user/.m2/repository/commons-daemon/commons-daemon/1.0.13/commons-daemon-1.0.13.jar:/home/user/.m2/repository/io/netty/netty/3.10.5.Final/netty-3.10.5.Final.jar:/home/user/.m2/repository/io/netty/netty-all/4.0.52.Final/netty-all-4.0.52.Final.jar:/home/user/.m2/repository/org/fusesource/leveldbjni/leveldbjni-all/1.8/leveldbjni-all-1.8.jar:"/>
    <property name="sun.cpu.endian" value="little"/>
    <property name="user.home" value="/home/user"/>
    <property name="user.language" value="en"/>
    <property name="java.specification.vendor" value="Oracle Corporation"/>
    <property name="java.home" value="/usr/lib/jvm/java-1.8-openjdk/jre"/>
    <property name="java.security.krb5.conf" value="/workdir/hadoop-ozone/integration-test/target/test-classes/krb5.conf"/>
    <property name="basedir" value="/workdir/hadoop-ozone/integration-test"/>
    <property name="file.separator" value="/"/>
    <property name="line.separator" value="&#10;"/>
    <property name="java.vm.specification.vendor" value="Oracle Corporation"/>
    <property name="java.specification.name" value="Java Platform API Specification"/>
    <property name="java.awt.graphicsenv" value="sun.awt.X11GraphicsEnvironment"/>
    <property name="surefire.real.class.path" value="/workdir/hadoop-ozone/integration-test/target/surefire/surefirebooter6346687943088253310.jar"/>
    <property name="hadoop.log.dir" value="/workdir/hadoop-ozone/integration-test/target/log"/>
    <property name="sun.boot.class.path" value="/usr/lib/jvm/java-1.8-openjdk/jre/lib/resources.jar:/usr/lib/jvm/java-1.8-openjdk/jre/lib/rt.jar:/usr/lib/jvm/java-1.8-openjdk/jre/lib/sunrsasign.jar:/usr/lib/jvm/java-1.8-openjdk/jre/lib/jsse.jar:/usr/lib/jvm/java-1.8-openjdk/jre/lib/jce.jar:/usr/lib/jvm/java-1.8-openjdk/jre/lib/charsets.jar:/usr/lib/jvm/java-1.8-openjdk/jre/lib/jfr.jar:/usr/lib/jvm/java-1.8-openjdk/jre/classes"/>
    <property name="sun.management.compiler" value="HotSpot 64-Bit Tiered Compilers"/>
    <property name="java.runtime.version" value="1.8.0_212-b04"/>
    <property name="java.net.preferIPv4Stack" value="true"/>
    <property name="user.name" value="jenkins1000"/>
    <property name="path.separator" value=":"/>
    <property name="java.security.egd" value="file:///dev/urandom"/>
    <property name="os.version" value="3.10.0-957.12.2.el7.x86_64"/>
    <property name="java.endorsed.dirs" value="/usr/lib/jvm/java-1.8-openjdk/jre/lib/endorsed"/>
    <property name="java.runtime.name" value="OpenJDK Runtime Environment"/>
    <property name="file.encoding" value="UTF-8"/>
    <property name="java.vm.name" value="OpenJDK 64-Bit Server VM"/>
    <property name="test.build.webapps" value=""/>
    <property name="localRepository" value="/home/user/.m2/repository"/>
    <property name="java.vendor.url.bug" value="https://icedtea.classpath.org/bugzilla"/>
    <property name="java.io.tmpdir" value="/tmp"/>
    <property name="require.test.libhadoop" value=""/>
    <property name="java.version" value="1.8.0_212"/>
    <property name="user.dir" value="/workdir/hadoop-ozone/integration-test"/>
    <property name="os.arch" value="amd64"/>
    <property name="java.vm.specification.name" value="Java Virtual Machine Specification"/>
    <property name="test.build.classes" value="/workdir/hadoop-ozone/integration-test/target/test-classes"/>
    <property name="java.awt.printerjob" value="sun.print.PSPrinterJob"/>
    <property name="sun.os.patch.level" value="unknown"/>
    <property name="hadoop.tmp.dir" value="/workdir/hadoop-ozone/integration-test/target/tmp"/>
    <property name="java.library.path" value="/usr/lib/jvm/java-1.8-openjdk/jre/lib/amd64/server:/usr/lib/jvm/java-1.8-openjdk/jre/lib/amd64:/usr/lib/jvm/java-1.8-openjdk/jre/../lib/amd64:/workdir/hadoop-ozone/integration-test/target/native/target/usr/local/lib:/workdir/hadoop-ozone/integration-test/../../hadoop-common-project/hadoop-common/target/native/target/usr/local/lib:/usr/java/packages/lib/amd64:/usr/lib64:/lib64:/lib:/usr/lib"/>
    <property name="java.vm.info" value="mixed mode"/>
    <property name="java.vendor" value="IcedTea"/>
    <property name="java.vm.version" value="25.212-b04"/>
    <property name="java.ext.dirs" value="/usr/lib/jvm/java-1.8-openjdk/jre/lib/ext:/usr/java/packages/lib/ext"/>
    <property name="sun.io.unicode.encoding" value="UnicodeLittle"/>
    <property name="java.class.version" value="52.0"/>
  </properties>
  <testcase name="testPipelineExclusionWithPipelineFailure" classname="org.apache.hadoop.ozone.client.rpc.TestFailureHandlingByClient" time="210.97">
    <error message="Allocated 0 blocks. Requested 1 blocks" type="INTERNAL_ERROR org.apache.hadoop.ozone.om.exceptions.OMException">INTERNAL_ERROR org.apache.hadoop.ozone.om.exceptions.OMException: Allocated 0 blocks. Requested 1 blocks
	at org.apache.hadoop.ozone.om.protocolPB.OzoneManagerProtocolClientSideTranslatorPB.handleError(OzoneManagerProtocolClientSideTranslatorPB.java:732)
	at org.apache.hadoop.ozone.om.protocolPB.OzoneManagerProtocolClientSideTranslatorPB.allocateBlock(OzoneManagerProtocolClientSideTranslatorPB.java:764)
	at sun.reflect.NativeMethodAccessorImpl.invoke0(Native Method)
	at sun.reflect.NativeMethodAccessorImpl.invoke(NativeMethodAccessorImpl.java:62)
	at sun.reflect.DelegatingMethodAccessorImpl.invoke(DelegatingMethodAccessorImpl.java:43)
	at java.lang.reflect.Method.invoke(Method.java:498)
	at org.apache.hadoop.hdds.tracing.TraceAllMethod.invoke(TraceAllMethod.java:66)
	at com.sun.proxy.$Proxy36.allocateBlock(Unknown Source)
	at org.apache.hadoop.ozone.client.io.BlockOutputStreamEntryPool.allocateNewBlock(BlockOutputStreamEntryPool.java:248)
	at org.apache.hadoop.ozone.client.io.BlockOutputStreamEntryPool.allocateBlockIfNeeded(BlockOutputStreamEntryPool.java:296)
	at org.apache.hadoop.ozone.client.io.KeyOutputStream.handleWrite(KeyOutputStream.java:198)
	at org.apache.hadoop.ozone.client.io.KeyOutputStream.handleRetry(KeyOutputStream.java:375)
	at org.apache.hadoop.ozone.client.io.KeyOutputStream.handleException(KeyOutputStream.java:324)
	at org.apache.hadoop.ozone.client.io.KeyOutputStream.handleWrite(KeyOutputStream.java:228)
	at org.apache.hadoop.ozone.client.io.KeyOutputStream.handleRetry(KeyOutputStream.java:375)
	at org.apache.hadoop.ozone.client.io.KeyOutputStream.handleException(KeyOutputStream.java:324)
	at org.apache.hadoop.ozone.client.io.KeyOutputStream.handleWrite(KeyOutputStream.java:228)
	at org.apache.hadoop.ozone.client.io.KeyOutputStream.handleRetry(KeyOutputStream.java:375)
	at org.apache.hadoop.ozone.client.io.KeyOutputStream.handleException(KeyOutputStream.java:324)
	at org.apache.hadoop.ozone.client.io.KeyOutputStream.handleWrite(KeyOutputStream.java:228)
	at org.apache.hadoop.ozone.client.io.KeyOutputStream.write(KeyOutputStream.java:190)
	at org.apache.hadoop.ozone.client.io.OzoneOutputStream.write(OzoneOutputStream.java:49)
	at java.io.OutputStream.write(OutputStream.java:75)
	at org.apache.hadoop.ozone.client.rpc.TestFailureHandlingByClient.testPipelineExclusionWithPipelineFailure(TestFailureHandlingByClient.java:379)
	at sun.reflect.NativeMethodAccessorImpl.invoke0(Native Method)
	at sun.reflect.NativeMethodAccessorImpl.invoke(NativeMethodAccessorImpl.java:62)
	at sun.reflect.DelegatingMethodAccessorImpl.invoke(DelegatingMethodAccessorImpl.java:43)
	at java.lang.reflect.Method.invoke(Method.java:498)
	at org.junit.runners.model.FrameworkMethod$1.runReflectiveCall(FrameworkMethod.java:47)
	at org.junit.internal.runners.model.ReflectiveCallable.run(ReflectiveCallable.java:12)
	at org.junit.runners.model.FrameworkMethod.invokeExplosively(FrameworkMethod.java:44)
	at org.junit.internal.runners.statements.InvokeMethod.evaluate(InvokeMethod.java:17)
	at org.junit.internal.runners.statements.RunAfters.evaluate(RunAfters.java:27)
	at org.junit.runners.ParentRunner.runLeaf(ParentRunner.java:271)
	at org.junit.runners.BlockJUnit4ClassRunner.runChild(BlockJUnit4ClassRunner.java:70)
	at org.junit.runners.BlockJUnit4ClassRunner.runChild(BlockJUnit4ClassRunner.java:50)
	at org.junit.runners.ParentRunner$3.run(ParentRunner.java:238)
	at org.junit.runners.ParentRunner$1.schedule(ParentRunner.java:63)
	at org.junit.runners.ParentRunner.runChildren(ParentRunner.java:236)
	at org.junit.runners.ParentRunner.access$000(ParentRunner.java:53)
	at org.junit.runners.ParentRunner$2.evaluate(ParentRunner.java:229)
	at org.junit.runners.ParentRunner.run(ParentRunner.java:309)
	at org.apache.maven.surefire.junit4.JUnit4Provider.execute(JUnit4Provider.java:365)
	at org.apache.maven.surefire.junit4.JUnit4Provider.executeWithRerun(JUnit4Provider.java:273)
	at org.apache.maven.surefire.junit4.JUnit4Provider.executeTestSet(JUnit4Provider.java:238)
	at org.apache.maven.surefire.junit4.JUnit4Provider.invoke(JUnit4Provider.java:159)
	at org.apache.maven.surefire.booter.ForkedBooter.invokeProviderInSameClassLoader(ForkedBooter.java:384)
	at org.apache.maven.surefire.booter.ForkedBooter.runSuitesInProcess(ForkedBooter.java:345)
	at org.apache.maven.surefire.booter.ForkedBooter.execute(ForkedBooter.java:126)
	at org.apache.maven.surefire.booter.ForkedBooter.main(ForkedBooter.java:418)
</error>
    <system-out><![CDATA[2019-09-24 18:59:46,655 [main] WARN  server.ServerUtils (ServerUtils.java:getScmDbDir(145)) - ozone.scm.db.dirs is not configured. We recommend adding this setting. Falling back to ozone.metadata.dirs instead.
2019-09-24 18:59:51,822 [main] WARN  server.ServerUtils (ServerUtils.java:getScmDbDir(145)) - ozone.scm.db.dirs is not configured. We recommend adding this setting. Falling back to ozone.metadata.dirs instead.
2019-09-24 18:59:51,827 [main] WARN  server.ServerUtils (ServerUtils.java:getScmDbDir(145)) - ozone.scm.db.dirs is not configured. We recommend adding this setting. Falling back to ozone.metadata.dirs instead.
2019-09-24 18:59:51,850 [main] INFO  util.log (Log.java:initialized(192)) - Logging initialized @9923ms
2019-09-24 18:59:51,966 [main] INFO  db.DBStoreBuilder (DBStoreBuilder.java:addTable(110)) - using custom profile for table: deletedBlocks
2019-09-24 18:59:51,967 [main] INFO  db.DBStoreBuilder (DBStoreBuilder.java:processTables(161)) - Using default column profile:DBProfile.DISK for Table:deletedBlocks
2019-09-24 18:59:51,967 [main] INFO  db.DBStoreBuilder (DBStoreBuilder.java:addTable(110)) - using custom profile for table: validCerts
2019-09-24 18:59:51,968 [main] INFO  db.DBStoreBuilder (DBStoreBuilder.java:processTables(161)) - Using default column profile:DBProfile.DISK for Table:validCerts
2019-09-24 18:59:51,968 [main] INFO  db.DBStoreBuilder (DBStoreBuilder.java:addTable(110)) - using custom profile for table: revokedCerts
2019-09-24 18:59:51,968 [main] INFO  db.DBStoreBuilder (DBStoreBuilder.java:processTables(161)) - Using default column profile:DBProfile.DISK for Table:revokedCerts
2019-09-24 18:59:51,982 [main] INFO  db.DBStoreBuilder (DBStoreBuilder.java:addTable(110)) - using custom profile for table: default
2019-09-24 18:59:51,982 [main] INFO  db.DBStoreBuilder (DBStoreBuilder.java:processTables(167)) - Using default column profile:DBProfile.DISK for Table:default
2019-09-24 18:59:51,984 [main] INFO  db.DBStoreBuilder (DBStoreBuilder.java:getDbProfile(198)) - Using default options. DBProfile.DISK
2019-09-24 19:00:13,152 [main] INFO  net.NodeSchemaLoader (NodeSchemaLoader.java:loadSchemaFromFile(125)) - Loading file from sun.misc.CompoundEnumeration@515c6049
2019-09-24 19:00:13,155 [main] INFO  net.NodeSchemaLoader (NodeSchemaLoader.java:loadSchema(171)) - Loading network topology layer schema file
2019-09-24 19:00:13,245 [main] INFO  node.SCMNodeManager (SCMNodeManager.java:<init>(114)) - Entering startup safe mode.
2019-09-24 19:00:13,317 [main] INFO  Configuration.deprecation (Configuration.java:logDeprecation(1394)) - hadoop.configured.node.mapping is deprecated. Instead, use net.topology.configured.node.mapping
2019-09-24 19:00:13,321 [main] INFO  algorithms.ContainerPlacementPolicyFactory (ContainerPlacementPolicyFactory.java:getPolicy(57)) - Create container placement policy of type org.apache.hadoop.hdds.scm.container.placement.algorithms.SCMContainerPlacementRandom
2019-09-24 19:00:13,336 [main] WARN  server.ServerUtils (ServerUtils.java:getScmDbDir(145)) - ozone.scm.db.dirs is not configured. We recommend adding this setting. Falling back to ozone.metadata.dirs instead.
2019-09-24 19:00:13,527 [main] INFO  pipeline.SCMPipelineManager (SCMPipelineManager.java:initializePipelineState(132)) - No pipeline exists in current db
2019-09-24 19:00:13,531 [main] WARN  server.ServerUtils (ServerUtils.java:getScmDbDir(145)) - ozone.scm.db.dirs is not configured. We recommend adding this setting. Falling back to ozone.metadata.dirs instead.
2019-09-24 19:00:18,988 [main] WARN  events.EventQueue (EventQueue.java:fireEvent(183)) - No event handler registered for event TypedEvent{payloadType=SafeModeStatus, name='SafeModeStatus'}
2019-09-24 19:00:19,345 [main] INFO  ipc.CallQueueManager (CallQueueManager.java:<init>(84)) - Using callQueue: class java.util.concurrent.LinkedBlockingQueue, queueCapacity: 2000, scheduler: class org.apache.hadoop.ipc.DefaultRpcScheduler, ipcBackoff: false.
2019-09-24 19:00:19,367 [Socket Reader #1 for port 38486] INFO  ipc.Server (Server.java:run(1074)) - Starting Socket Reader #1 for port 38486
2019-09-24 19:00:19,551 [main] INFO  ipc.CallQueueManager (CallQueueManager.java:<init>(84)) - Using callQueue: class java.util.concurrent.LinkedBlockingQueue, queueCapacity: 2000, scheduler: class org.apache.hadoop.ipc.DefaultRpcScheduler, ipcBackoff: false.
2019-09-24 19:00:19,552 [Socket Reader #1 for port 38825] INFO  ipc.Server (Server.java:run(1074)) - Starting Socket Reader #1 for port 38825
2019-09-24 19:00:19,564 [main] INFO  ipc.CallQueueManager (CallQueueManager.java:<init>(84)) - Using callQueue: class java.util.concurrent.LinkedBlockingQueue, queueCapacity: 2000, scheduler: class org.apache.hadoop.ipc.DefaultRpcScheduler, ipcBackoff: false.
2019-09-24 19:00:19,565 [Socket Reader #1 for port 40052] INFO  ipc.Server (Server.java:run(1074)) - Starting Socket Reader #1 for port 40052
2019-09-24 19:00:19,594 [main] INFO  hdfs.DFSUtil (DFSUtil.java:httpServerTemplateForNNAndJN(1641)) - Starting Web-server for scm at: http://0.0.0.0:0
2019-09-24 19:00:19,776 [main] INFO  server.AuthenticationFilter (AuthenticationFilter.java:constructSecretProvider(240)) - Unable to initialize FileSignerSecretProvider, falling back to use random secrets.
2019-09-24 19:00:19,784 [main] WARN  http.HttpRequestLog (HttpRequestLog.java:getRequestLog(97)) - Jetty request log can only be enabled using Log4j
2019-09-24 19:00:19,793 [main] INFO  http.HttpServer2 (HttpServer2.java:addGlobalFilter(975)) - Added global filter 'safety' (class=org.apache.hadoop.http.HttpServer2$QuotingInputFilter)
2019-09-24 19:00:19,795 [main] INFO  http.HttpServer2 (HttpServer2.java:addFilter(948)) - Added filter static_user_filter (class=org.apache.hadoop.http.lib.StaticUserWebFilter$StaticUserFilter) to context scm
2019-09-24 19:00:19,796 [main] INFO  http.HttpServer2 (HttpServer2.java:addFilter(958)) - Added filter static_user_filter (class=org.apache.hadoop.http.lib.StaticUserWebFilter$StaticUserFilter) to context static
2019-09-24 19:00:19,796 [main] INFO  http.HttpServer2 (HttpServer2.java:addFilter(958)) - Added filter static_user_filter (class=org.apache.hadoop.http.lib.StaticUserWebFilter$StaticUserFilter) to context logs
2019-09-24 19:00:19,830 [main] INFO  server.StorageContainerManager (StorageContainerManager.java:start(770)) - StorageContainerLocationProtocol RPC server is listening at /0.0.0.0:40052
2019-09-24 19:00:19,908 [main] WARN  impl.MetricsConfig (MetricsConfig.java:loadFirst(134)) - Cannot locate configuration: tried hadoop-metrics2-storagecontainermanager.properties,hadoop-metrics2.properties
2019-09-24 19:00:19,923 [main] INFO  impl.MetricsSystemImpl (MetricsSystemImpl.java:startTimer(374)) - Scheduled Metric snapshot period at 10 second(s).
2019-09-24 19:00:19,923 [main] INFO  impl.MetricsSystemImpl (MetricsSystemImpl.java:start(191)) - StorageContainerManager metrics system started
2019-09-24 19:00:20,187 [main] INFO  server.SCMClientProtocolServer (SCMClientProtocolServer.java:start(151)) - RPC server for Client  is listening at /0.0.0.0:40052
2019-09-24 19:00:20,188 [IPC Server Responder] INFO  ipc.Server (Server.java:run(1314)) - IPC Server Responder: starting
2019-09-24 19:00:20,188 [IPC Server listener on 40052] INFO  ipc.Server (Server.java:run(1153)) - IPC Server listener on 40052: starting
2019-09-24 19:00:20,193 [main] INFO  server.StorageContainerManager (StorageContainerManager.java:start(780)) - ScmBlockLocationProtocol RPC server is listening at /0.0.0.0:38825
2019-09-24 19:00:20,195 [main] INFO  server.SCMBlockProtocolServer (SCMBlockProtocolServer.java:start(146)) - RPC server for Block Protocol is listening at /0.0.0.0:38825
2019-09-24 19:00:20,195 [IPC Server Responder] INFO  ipc.Server (Server.java:run(1314)) - IPC Server Responder: starting
2019-09-24 19:00:20,195 [IPC Server listener on 38825] INFO  ipc.Server (Server.java:run(1153)) - IPC Server listener on 38825: starting
2019-09-24 19:00:20,199 [main] INFO  server.StorageContainerManager (StorageContainerManager.java:start(784)) - ScmDatanodeProtocl RPC server is listening at /0.0.0.0:38486
2019-09-24 19:00:20,200 [main] INFO  server.SCMDatanodeProtocolServer (SCMDatanodeProtocolServer.java:start(191)) - RPC server for DataNodes is listening at /0.0.0.0:38486
2019-09-24 19:00:20,200 [IPC Server Responder] INFO  ipc.Server (Server.java:run(1314)) - IPC Server Responder: starting
2019-09-24 19:00:20,200 [IPC Server listener on 38486] INFO  ipc.Server (Server.java:run(1153)) - IPC Server listener on 38486: starting
2019-09-24 19:00:20,206 [main] INFO  http.HttpServer2 (HttpServer2.java:bindListener(1191)) - Jetty bound to port 34204
2019-09-24 19:00:20,209 [main] INFO  server.Server (Server.java:doStart(351)) - jetty-9.3.25.v20180904, build timestamp: 2018-09-04T21:11:46Z, git hash: 3ce520221d0240229c862b122d2b06c12a625732
2019-09-24 19:00:20,253 [main] INFO  handler.ContextHandler (ContextHandler.java:doStart(781)) - Started o.e.j.s.ServletContextHandler@2f17e30d{/logs,file:///workdir/hadoop-ozone/integration-test/target/log,AVAILABLE}
2019-09-24 19:00:20,254 [main] INFO  handler.ContextHandler (ContextHandler.java:doStart(781)) - Started o.e.j.s.ServletContextHandler@1d131e1b{/static,file:///workdir/hadoop-ozone/integration-test/target/test-classes/webapps/static,AVAILABLE}
2019-09-24 19:00:20,288 [main] INFO  handler.ContextHandler (ContextHandler.java:doStart(781)) - Started o.e.j.w.WebAppContext@660e9100{/,file:///workdir/hadoop-ozone/integration-test/target/test-classes/webapps/scm/,AVAILABLE}{/scm}
2019-09-24 19:00:20,295 [main] INFO  server.AbstractConnector (AbstractConnector.java:doStart(278)) - Started ServerConnector@5aabbb29{HTTP/1.1,[http/1.1]}{0.0.0.0:34204}
2019-09-24 19:00:20,295 [main] INFO  server.Server (Server.java:doStart(419)) - Started @38369ms
2019-09-24 19:00:20,297 [main] INFO  impl.MetricsSinkAdapter (MetricsSinkAdapter.java:start(204)) - Sink prometheus started
2019-09-24 19:00:20,298 [main] INFO  impl.MetricsSystemImpl (MetricsSystemImpl.java:registerSink(301)) - Registered sink prometheus
2019-09-24 19:00:20,300 [main] INFO  server.BaseHttpServer (BaseHttpServer.java:updateConnectorAddress(215)) - HTTP server of SCM is listening at http://0.0.0.0:34204
2019-09-24 19:00:20,309 [org.apache.hadoop.util.JvmPauseMonitor$Monitor@7927bd9f] INFO  util.JvmPauseMonitor (JvmPauseMonitor.java:run(188)) - Starting JVM pause monitor
2019-09-24 19:00:20,313 [main] WARN  server.ServerUtils (ServerUtils.java:getDBPath(222)) - ozone.om.db.dirs is not configured. We recommend adding this setting. Falling back to ozone.metadata.dirs instead.
2019-09-24 19:00:29,242 [main] WARN  server.ServerUtils (ServerUtils.java:getDBPath(222)) - ozone.om.db.dirs is not configured. We recommend adding this setting. Falling back to ozone.metadata.dirs instead.
2019-09-24 19:00:29,243 [main] WARN  server.ServerUtils (ServerUtils.java:getDBPath(222)) - ozone.om.db.dirs is not configured. We recommend adding this setting. Falling back to ozone.metadata.dirs instead.
2019-09-24 19:00:29,244 [main] INFO  om.OzoneManager (OzoneManager.java:setOMNodeDetails(652)) - OM Service ID is not set. Setting it to the default ID: omServiceIdDefault
2019-09-24 19:00:29,244 [main] INFO  om.OzoneManager (OzoneManager.java:setOMNodeDetails(658)) - OM Node ID is not set. Setting it to the OmStorage's OmID: 7176e0a8-f47e-4789-a617-c82641f0608b
2019-09-24 19:00:29,245 [main] INFO  om.OzoneManager (OzoneManager.java:loadOMHAConfigs(609)) - Found matching OM address with OMServiceId: null, OMNodeId: null, RPC Address: localhost:0 and Ratis port: 9872
2019-09-24 19:00:30,065 [main] WARN  server.ServerUtils (ServerUtils.java:getDBPath(222)) - ozone.om.db.dirs is not configured. We recommend adding this setting. Falling back to ozone.metadata.dirs instead.
2019-09-24 19:00:30,073 [main] INFO  db.DBStoreBuilder (DBStoreBuilder.java:addTable(110)) - using custom profile for table: userTable
2019-09-24 19:00:30,074 [main] INFO  db.DBStoreBuilder (DBStoreBuilder.java:processTables(161)) - Using default column profile:DBProfile.DISK for Table:userTable
2019-09-24 19:00:30,074 [main] INFO  db.DBStoreBuilder (DBStoreBuilder.java:addTable(110)) - using custom profile for table: volumeTable
2019-09-24 19:00:30,074 [main] INFO  db.DBStoreBuilder (DBStoreBuilder.java:processTables(161)) - Using default column profile:DBProfile.DISK for Table:volumeTable
2019-09-24 19:00:30,075 [main] INFO  db.DBStoreBuilder (DBStoreBuilder.java:addTable(110)) - using custom profile for table: bucketTable
2019-09-24 19:00:30,075 [main] INFO  db.DBStoreBuilder (DBStoreBuilder.java:processTables(161)) - Using default column profile:DBProfile.DISK for Table:bucketTable
2019-09-24 19:00:30,075 [main] INFO  db.DBStoreBuilder (DBStoreBuilder.java:addTable(110)) - using custom profile for table: keyTable
2019-09-24 19:00:30,075 [main] INFO  db.DBStoreBuilder (DBStoreBuilder.java:processTables(161)) - Using default column profile:DBProfile.DISK for Table:keyTable
2019-09-24 19:00:30,076 [main] INFO  db.DBStoreBuilder (DBStoreBuilder.java:addTable(110)) - using custom profile for table: deletedTable
2019-09-24 19:00:30,076 [main] INFO  db.DBStoreBuilder (DBStoreBuilder.java:processTables(161)) - Using default column profile:DBProfile.DISK for Table:deletedTable
2019-09-24 19:00:30,076 [main] INFO  db.DBStoreBuilder (DBStoreBuilder.java:addTable(110)) - using custom profile for table: openKeyTable
2019-09-24 19:00:30,076 [main] INFO  db.DBStoreBuilder (DBStoreBuilder.java:processTables(161)) - Using default column profile:DBProfile.DISK for Table:openKeyTable
2019-09-24 19:00:30,077 [main] INFO  db.DBStoreBuilder (DBStoreBuilder.java:addTable(110)) - using custom profile for table: s3Table
2019-09-24 19:00:30,077 [main] INFO  db.DBStoreBuilder (DBStoreBuilder.java:processTables(161)) - Using default column profile:DBProfile.DISK for Table:s3Table
2019-09-24 19:00:30,077 [main] INFO  db.DBStoreBuilder (DBStoreBuilder.java:addTable(110)) - using custom profile for table: multipartInfoTable
2019-09-24 19:00:30,077 [main] INFO  db.DBStoreBuilder (DBStoreBuilder.java:processTables(161)) - Using default column profile:DBProfile.DISK for Table:multipartInfoTable
2019-09-24 19:00:30,078 [main] INFO  db.DBStoreBuilder (DBStoreBuilder.java:addTable(110)) - using custom profile for table: dTokenTable
2019-09-24 19:00:30,078 [main] INFO  db.DBStoreBuilder (DBStoreBuilder.java:processTables(161)) - Using default column profile:DBProfile.DISK for Table:dTokenTable
2019-09-24 19:00:30,078 [main] INFO  db.DBStoreBuilder (DBStoreBuilder.java:addTable(110)) - using custom profile for table: s3SecretTable
2019-09-24 19:00:30,078 [main] INFO  db.DBStoreBuilder (DBStoreBuilder.java:processTables(161)) - Using default column profile:DBProfile.DISK for Table:s3SecretTable
2019-09-24 19:00:30,079 [main] INFO  db.DBStoreBuilder (DBStoreBuilder.java:addTable(110)) - using custom profile for table: prefixTable
2019-09-24 19:00:30,079 [main] INFO  db.DBStoreBuilder (DBStoreBuilder.java:processTables(161)) - Using default column profile:DBProfile.DISK for Table:prefixTable
2019-09-24 19:00:30,079 [main] INFO  db.DBStoreBuilder (DBStoreBuilder.java:addTable(110)) - using custom profile for table: default
2019-09-24 19:00:30,079 [main] INFO  db.DBStoreBuilder (DBStoreBuilder.java:processTables(167)) - Using default column profile:DBProfile.DISK for Table:default
2019-09-24 19:00:30,080 [main] INFO  db.DBStoreBuilder (DBStoreBuilder.java:getDbProfile(198)) - Using default options. DBProfile.DISK
2019-09-24 19:00:50,342 [main] INFO  ipc.CallQueueManager (CallQueueManager.java:<init>(84)) - Using callQueue: class java.util.concurrent.LinkedBlockingQueue, queueCapacity: 2000, scheduler: class org.apache.hadoop.ipc.DefaultRpcScheduler, ipcBackoff: false.
2019-09-24 19:00:50,343 [Socket Reader #1 for port 45853] INFO  ipc.Server (Server.java:run(1074)) - Starting Socket Reader #1 for port 45853
2019-09-24 19:00:50,367 [main] INFO  om.OzoneManager (OzoneManager.java:start(1243)) - OzoneManager RPC server is listening at localhost/127.0.0.1:45853
2019-09-24 19:00:50,367 [main] INFO  impl.MetricsSystemImpl (MetricsSystemImpl.java:init(158)) - OzoneManager metrics system started (again)
2019-09-24 19:00:50,368 [IPC Server Responder] INFO  ipc.Server (Server.java:run(1314)) - IPC Server Responder: starting
2019-09-24 19:00:50,368 [IPC Server listener on 45853] INFO  ipc.Server (Server.java:run(1153)) - IPC Server listener on 45853: starting
2019-09-24 19:00:50,378 [main] INFO  hdfs.DFSUtil (DFSUtil.java:httpServerTemplateForNNAndJN(1641)) - Starting Web-server for ozoneManager at: http://0.0.0.0:0
2019-09-24 19:00:50,380 [main] INFO  server.AuthenticationFilter (AuthenticationFilter.java:constructSecretProvider(240)) - Unable to initialize FileSignerSecretProvider, falling back to use random secrets.
2019-09-24 19:00:50,381 [main] WARN  http.HttpRequestLog (HttpRequestLog.java:getRequestLog(97)) - Jetty request log can only be enabled using Log4j
2019-09-24 19:00:50,383 [main] INFO  http.HttpServer2 (HttpServer2.java:addGlobalFilter(975)) - Added global filter 'safety' (class=org.apache.hadoop.http.HttpServer2$QuotingInputFilter)
2019-09-24 19:00:50,384 [main] INFO  http.HttpServer2 (HttpServer2.java:addFilter(948)) - Added filter static_user_filter (class=org.apache.hadoop.http.lib.StaticUserWebFilter$StaticUserFilter) to context ozoneManager
2019-09-24 19:00:50,385 [main] INFO  http.HttpServer2 (HttpServer2.java:addFilter(958)) - Added filter static_user_filter (class=org.apache.hadoop.http.lib.StaticUserWebFilter$StaticUserFilter) to context static
2019-09-24 19:00:50,385 [main] INFO  http.HttpServer2 (HttpServer2.java:addFilter(958)) - Added filter static_user_filter (class=org.apache.hadoop.http.lib.StaticUserWebFilter$StaticUserFilter) to context logs
2019-09-24 19:00:50,388 [main] INFO  http.HttpServer2 (HttpServer2.java:bindListener(1191)) - Jetty bound to port 39702
2019-09-24 19:00:50,388 [main] INFO  server.Server (Server.java:doStart(351)) - jetty-9.3.25.v20180904, build timestamp: 2018-09-04T21:11:46Z, git hash: 3ce520221d0240229c862b122d2b06c12a625732
2019-09-24 19:00:50,390 [main] INFO  handler.ContextHandler (ContextHandler.java:doStart(781)) - Started o.e.j.s.ServletContextHandler@20ed3303{/logs,file:///workdir/hadoop-ozone/integration-test/target/log,AVAILABLE}
2019-09-24 19:00:50,391 [main] INFO  handler.ContextHandler (ContextHandler.java:doStart(781)) - Started o.e.j.s.ServletContextHandler@3a627c80{/static,file:///workdir/hadoop-ozone/integration-test/target/test-classes/webapps/static,AVAILABLE}
2019-09-24 19:00:50,396 [main] INFO  handler.ContextHandler (ContextHandler.java:doStart(781)) - Started o.e.j.w.WebAppContext@415156bf{/,file:///workdir/hadoop-ozone/integration-test/target/test-classes/webapps/ozoneManager/,AVAILABLE}{/ozoneManager}
2019-09-24 19:00:50,397 [main] INFO  server.AbstractConnector (AbstractConnector.java:doStart(278)) - Started ServerConnector@393881f0{HTTP/1.1,[http/1.1]}{0.0.0.0:39702}
2019-09-24 19:00:50,397 [main] INFO  server.Server (Server.java:doStart(419)) - Started @68471ms
2019-09-24 19:00:50,398 [main] WARN  impl.MetricsSystemImpl (MetricsSystemImpl.java:register(276)) - Sink prometheus already exists!
2019-09-24 19:00:50,400 [main] INFO  server.BaseHttpServer (BaseHttpServer.java:updateConnectorAddress(215)) - HTTP server of OZONEMANAGER is listening at http://0.0.0.0:39702
2019-09-24 19:00:50,811 [main] INFO  impl.MetricsSystemImpl (MetricsSystemImpl.java:init(158)) - HddsDatanode metrics system started (again)
2019-09-24 19:00:50,870 [main] INFO  ozone.HddsDatanodeService (HddsDatanodeService.java:start(184)) - HddsDatanodeService host:pr-hdds-2149-fgl4f-1742389470 ip:192.168.5.148
2019-09-24 19:00:50,906 [main] INFO  volume.HddsVolume (HddsVolume.java:<init>(176)) - Creating Volume: /workdir/hadoop-ozone/integration-test/target/test-dir/MiniOzoneClusterImpl-347bc0d8-8dc7-46c0-bd0b-f626cebf696e/datanode-0/data/containers/hdds of  storage type : DISK and capacity : 1482555576320
2019-09-24 19:00:50,908 [main] INFO  volume.VolumeSet (VolumeSet.java:initializeVolumeSet(170)) - Added Volume : /workdir/hadoop-ozone/integration-test/target/test-dir/MiniOzoneClusterImpl-347bc0d8-8dc7-46c0-bd0b-f626cebf696e/datanode-0/data/containers/hdds to VolumeSet
2019-09-24 19:00:50,912 [main] INFO  volume.ThrottledAsyncChecker (ThrottledAsyncChecker.java:schedule(139)) - Scheduling a check for org.apache.hadoop.ozone.container.common.volume.HddsVolume@26a4551a
2019-09-24 19:00:50,930 [main] INFO  volume.HddsVolumeChecker (HddsVolumeChecker.java:checkAllVolumes(202)) - Scheduled health check for volume org.apache.hadoop.ozone.container.common.volume.HddsVolume@26a4551a
2019-09-24 19:00:51,050 [main] INFO  impl.RaftServerProxy (ConfUtils.java:logGet(43)) - raft.rpc.type = GRPC (default)
2019-09-24 19:00:51,117 [main] INFO  grpc.GrpcFactory (GrpcFactory.java:checkPooledByteBufAllocatorUseCacheForAllThreads(45)) - PERFORMANCE WARNING: useCacheForAllThreads is true that may cause Netty to create a lot garbage objects and, as a result, trigger GC.
	It is recommended to disable useCacheForAllThreads by setting -Dorg.apache.ratis.thirdparty.io.netty.allocator.useCacheForAllThreads=false in command line.
2019-09-24 19:00:51,123 [main] INFO  grpc.GrpcConfigKeys$Server (ConfUtils.java:logGet(43)) - raft.grpc.server.port = 0 (default)
2019-09-24 19:00:51,124 [main] INFO  server.GrpcService (ConfUtils.java:logGet(43)) - raft.grpc.message.size.max = 33570816 (custom)
2019-09-24 19:00:51,125 [main] INFO  server.RaftServerConfigKeys (ConfUtils.java:logGet(43)) - raft.server.log.appender.buffer.byte-limit = 33554432 (custom)
2019-09-24 19:00:51,126 [main] INFO  server.GrpcService (ConfUtils.java:logGet(43)) - raft.grpc.flow.control.window = 1MB (=1048576) (default)
2019-09-24 19:00:51,127 [main] INFO  server.RaftServerConfigKeys (ConfUtils.java:logGet(43)) - raft.server.rpc.request.timeout = 3000ms (default)
2019-09-24 19:00:51,308 [main] INFO  server.RaftServerConfigKeys (ConfUtils.java:logGet(43)) - raft.server.storage.dir = [/workdir/hadoop-ozone/integration-test/target/test-dir/MiniOzoneClusterImpl-347bc0d8-8dc7-46c0-bd0b-f626cebf696e/datanode-0/data/ratis] (custom)
2019-09-24 19:00:51,375 [main] INFO  hdfs.DFSUtil (DFSUtil.java:httpServerTemplateForNNAndJN(1641)) - Starting Web-server for hddsDatanode at: http://0.0.0.0:0
2019-09-24 19:00:51,378 [main] INFO  server.AuthenticationFilter (AuthenticationFilter.java:constructSecretProvider(240)) - Unable to initialize FileSignerSecretProvider, falling back to use random secrets.
2019-09-24 19:00:51,379 [main] WARN  http.HttpRequestLog (HttpRequestLog.java:getRequestLog(97)) - Jetty request log can only be enabled using Log4j
2019-09-24 19:00:51,383 [main] INFO  http.HttpServer2 (HttpServer2.java:addGlobalFilter(975)) - Added global filter 'safety' (class=org.apache.hadoop.http.HttpServer2$QuotingInputFilter)
2019-09-24 19:00:51,384 [main] INFO  http.HttpServer2 (HttpServer2.java:addFilter(948)) - Added filter static_user_filter (class=org.apache.hadoop.http.lib.StaticUserWebFilter$StaticUserFilter) to context hddsDatanode
2019-09-24 19:00:51,385 [main] INFO  http.HttpServer2 (HttpServer2.java:addFilter(958)) - Added filter static_user_filter (class=org.apache.hadoop.http.lib.StaticUserWebFilter$StaticUserFilter) to context logs
2019-09-24 19:00:51,385 [main] INFO  http.HttpServer2 (HttpServer2.java:addFilter(958)) - Added filter static_user_filter (class=org.apache.hadoop.http.lib.StaticUserWebFilter$StaticUserFilter) to context static
2019-09-24 19:00:51,387 [main] INFO  http.HttpServer2 (HttpServer2.java:bindListener(1191)) - Jetty bound to port 43299
2019-09-24 19:00:51,387 [main] INFO  server.Server (Server.java:doStart(351)) - jetty-9.3.25.v20180904, build timestamp: 2018-09-04T21:11:46Z, git hash: 3ce520221d0240229c862b122d2b06c12a625732
2019-09-24 19:00:51,393 [main] INFO  handler.ContextHandler (ContextHandler.java:doStart(781)) - Started o.e.j.s.ServletContextHandler@5fa23c{/logs,file:///workdir/hadoop-ozone/integration-test/target/log,AVAILABLE}
2019-09-24 19:00:51,394 [main] INFO  handler.ContextHandler (ContextHandler.java:doStart(781)) - Started o.e.j.s.ServletContextHandler@433348bc{/static,jar:file:/home/user/.m2/repository/org/apache/hadoop/hadoop-hdds-container-service/0.5.0-SNAPSHOT/hadoop-hdds-container-service-0.5.0-SNAPSHOT.jar!/webapps/static,AVAILABLE}
2019-09-24 19:00:51,443 [main] INFO  handler.ContextHandler (ContextHandler.java:doStart(781)) - Started o.e.j.w.WebAppContext@3c5dbdf8{/,file:///tmp/jetty-0.0.0.0-43299-hddsDatanode-_-any-1904486014969865719.dir/webapp/,AVAILABLE}{/hddsDatanode}
2019-09-24 19:00:51,444 [main] INFO  server.AbstractConnector (AbstractConnector.java:doStart(278)) - Started ServerConnector@352c44a8{HTTP/1.1,[http/1.1]}{0.0.0.0:43299}
2019-09-24 19:00:51,445 [main] INFO  server.Server (Server.java:doStart(419)) - Started @69519ms
2019-09-24 19:00:51,445 [main] WARN  impl.MetricsSystemImpl (MetricsSystemImpl.java:register(276)) - Sink prometheus already exists!
2019-09-24 19:00:51,446 [main] INFO  server.BaseHttpServer (BaseHttpServer.java:updateConnectorAddress(215)) - HTTP server of HDDSDATANODE is listening at http://0.0.0.0:43299
2019-09-24 19:00:51,448 [main] INFO  impl.MetricsSystemImpl (MetricsSystemImpl.java:init(158)) - HddsDatanode metrics system started (again)
2019-09-24 19:00:51,453 [main] INFO  ozone.HddsDatanodeService (HddsDatanodeService.java:start(184)) - HddsDatanodeService host:pr-hdds-2149-fgl4f-1742389470 ip:192.168.5.148
2019-09-24 19:00:51,454 [org.apache.hadoop.util.JvmPauseMonitor$Monitor@69dc9f04] INFO  util.JvmPauseMonitor (JvmPauseMonitor.java:run(188)) - Starting JVM pause monitor
2019-09-24 19:00:51,463 [main] INFO  volume.HddsVolume (HddsVolume.java:<init>(176)) - Creating Volume: /workdir/hadoop-ozone/integration-test/target/test-dir/MiniOzoneClusterImpl-347bc0d8-8dc7-46c0-bd0b-f626cebf696e/datanode-1/data/containers/hdds of  storage type : DISK and capacity : 1482555576320
2019-09-24 19:00:51,464 [main] INFO  volume.VolumeSet (VolumeSet.java:initializeVolumeSet(170)) - Added Volume : /workdir/hadoop-ozone/integration-test/target/test-dir/MiniOzoneClusterImpl-347bc0d8-8dc7-46c0-bd0b-f626cebf696e/datanode-1/data/containers/hdds to VolumeSet
2019-09-24 19:00:51,465 [main] INFO  volume.ThrottledAsyncChecker (ThrottledAsyncChecker.java:schedule(139)) - Scheduling a check for org.apache.hadoop.ozone.container.common.volume.HddsVolume@3804a9a8
2019-09-24 19:00:51,466 [main] INFO  volume.HddsVolumeChecker (HddsVolumeChecker.java:checkAllVolumes(202)) - Scheduled health check for volume org.apache.hadoop.ozone.container.common.volume.HddsVolume@3804a9a8
2019-09-24 19:00:51,487 [main] INFO  impl.RaftServerProxy (ConfUtils.java:logGet(43)) - raft.rpc.type = GRPC (default)
2019-09-24 19:00:51,487 [main] INFO  grpc.GrpcFactory (GrpcFactory.java:checkPooledByteBufAllocatorUseCacheForAllThreads(45)) - PERFORMANCE WARNING: useCacheForAllThreads is true that may cause Netty to create a lot garbage objects and, as a result, trigger GC.
	It is recommended to disable useCacheForAllThreads by setting -Dorg.apache.ratis.thirdparty.io.netty.allocator.useCacheForAllThreads=false in command line.
2019-09-24 19:00:51,488 [main] INFO  grpc.GrpcConfigKeys$Server (ConfUtils.java:logGet(43)) - raft.grpc.server.port = 0 (default)
2019-09-24 19:00:51,488 [main] INFO  server.GrpcService (ConfUtils.java:logGet(43)) - raft.grpc.message.size.max = 33570816 (custom)
2019-09-24 19:00:51,489 [main] INFO  server.RaftServerConfigKeys (ConfUtils.java:logGet(43)) - raft.server.log.appender.buffer.byte-limit = 33554432 (custom)
2019-09-24 19:00:51,489 [main] INFO  server.GrpcService (ConfUtils.java:logGet(43)) - raft.grpc.flow.control.window = 1MB (=1048576) (default)
2019-09-24 19:00:51,489 [main] INFO  server.RaftServerConfigKeys (ConfUtils.java:logGet(43)) - raft.server.rpc.request.timeout = 3000ms (default)
2019-09-24 19:00:51,490 [main] INFO  server.RaftServerConfigKeys (ConfUtils.java:logGet(43)) - raft.server.storage.dir = [/workdir/hadoop-ozone/integration-test/target/test-dir/MiniOzoneClusterImpl-347bc0d8-8dc7-46c0-bd0b-f626cebf696e/datanode-1/data/ratis] (custom)
2019-09-24 19:00:51,492 [main] INFO  hdfs.DFSUtil (DFSUtil.java:httpServerTemplateForNNAndJN(1641)) - Starting Web-server for hddsDatanode at: http://0.0.0.0:0
2019-09-24 19:00:51,494 [main] INFO  server.AuthenticationFilter (AuthenticationFilter.java:constructSecretProvider(240)) - Unable to initialize FileSignerSecretProvider, falling back to use random secrets.
2019-09-24 19:00:51,495 [main] WARN  http.HttpRequestLog (HttpRequestLog.java:getRequestLog(97)) - Jetty request log can only be enabled using Log4j
2019-09-24 19:00:51,498 [main] INFO  http.HttpServer2 (HttpServer2.java:addGlobalFilter(975)) - Added global filter 'safety' (class=org.apache.hadoop.http.HttpServer2$QuotingInputFilter)
2019-09-24 19:00:51,499 [main] INFO  http.HttpServer2 (HttpServer2.java:addFilter(948)) - Added filter static_user_filter (class=org.apache.hadoop.http.lib.StaticUserWebFilter$StaticUserFilter) to context hddsDatanode
2019-09-24 19:00:51,499 [main] INFO  http.HttpServer2 (HttpServer2.java:addFilter(958)) - Added filter static_user_filter (class=org.apache.hadoop.http.lib.StaticUserWebFilter$StaticUserFilter) to context logs
2019-09-24 19:00:51,499 [main] INFO  http.HttpServer2 (HttpServer2.java:addFilter(958)) - Added filter static_user_filter (class=org.apache.hadoop.http.lib.StaticUserWebFilter$StaticUserFilter) to context static
2019-09-24 19:00:51,500 [main] INFO  http.HttpServer2 (HttpServer2.java:bindListener(1191)) - Jetty bound to port 38296
2019-09-24 19:00:51,501 [main] INFO  server.Server (Server.java:doStart(351)) - jetty-9.3.25.v20180904, build timestamp: 2018-09-04T21:11:46Z, git hash: 3ce520221d0240229c862b122d2b06c12a625732
2019-09-24 19:00:51,503 [main] INFO  handler.ContextHandler (ContextHandler.java:doStart(781)) - Started o.e.j.s.ServletContextHandler@625d9132{/logs,file:///workdir/hadoop-ozone/integration-test/target/log,AVAILABLE}
2019-09-24 19:00:51,504 [main] INFO  handler.ContextHandler (ContextHandler.java:doStart(781)) - Started o.e.j.s.ServletContextHandler@277b8fa4{/static,jar:file:/home/user/.m2/repository/org/apache/hadoop/hadoop-hdds-container-service/0.5.0-SNAPSHOT/hadoop-hdds-container-service-0.5.0-SNAPSHOT.jar!/webapps/static,AVAILABLE}
2019-09-24 19:00:51,541 [main] INFO  handler.ContextHandler (ContextHandler.java:doStart(781)) - Started o.e.j.w.WebAppContext@1422ac7f{/,file:///tmp/jetty-0.0.0.0-38296-hddsDatanode-_-any-3999245903307797749.dir/webapp/,AVAILABLE}{/hddsDatanode}
2019-09-24 19:00:51,542 [main] INFO  server.AbstractConnector (AbstractConnector.java:doStart(278)) - Started ServerConnector@5e519ad3{HTTP/1.1,[http/1.1]}{0.0.0.0:38296}
2019-09-24 19:00:51,543 [main] INFO  server.Server (Server.java:doStart(419)) - Started @69617ms
2019-09-24 19:00:51,543 [main] WARN  impl.MetricsSystemImpl (MetricsSystemImpl.java:register(276)) - Sink prometheus already exists!
2019-09-24 19:00:51,544 [main] INFO  server.BaseHttpServer (BaseHttpServer.java:updateConnectorAddress(215)) - HTTP server of HDDSDATANODE is listening at http://0.0.0.0:38296
2019-09-24 19:00:51,544 [main] INFO  impl.MetricsSystemImpl (MetricsSystemImpl.java:init(158)) - HddsDatanode metrics system started (again)
2019-09-24 19:00:51,547 [main] INFO  ozone.HddsDatanodeService (HddsDatanodeService.java:start(184)) - HddsDatanodeService host:pr-hdds-2149-fgl4f-1742389470 ip:192.168.5.148
2019-09-24 19:00:51,548 [org.apache.hadoop.util.JvmPauseMonitor$Monitor@7c6d1118] INFO  util.JvmPauseMonitor (JvmPauseMonitor.java:run(188)) - Starting JVM pause monitor
2019-09-24 19:00:51,554 [main] INFO  volume.HddsVolume (HddsVolume.java:<init>(176)) - Creating Volume: /workdir/hadoop-ozone/integration-test/target/test-dir/MiniOzoneClusterImpl-347bc0d8-8dc7-46c0-bd0b-f626cebf696e/datanode-2/data/containers/hdds of  storage type : DISK and capacity : 1482555576320
2019-09-24 19:00:51,554 [main] INFO  volume.VolumeSet (VolumeSet.java:initializeVolumeSet(170)) - Added Volume : /workdir/hadoop-ozone/integration-test/target/test-dir/MiniOzoneClusterImpl-347bc0d8-8dc7-46c0-bd0b-f626cebf696e/datanode-2/data/containers/hdds to VolumeSet
2019-09-24 19:00:51,554 [main] INFO  volume.ThrottledAsyncChecker (ThrottledAsyncChecker.java:schedule(139)) - Scheduling a check for org.apache.hadoop.ozone.container.common.volume.HddsVolume@6cff61fc
2019-09-24 19:00:51,555 [main] INFO  volume.HddsVolumeChecker (HddsVolumeChecker.java:checkAllVolumes(202)) - Scheduled health check for volume org.apache.hadoop.ozone.container.common.volume.HddsVolume@6cff61fc
2019-09-24 19:00:51,571 [main] INFO  impl.RaftServerProxy (ConfUtils.java:logGet(43)) - raft.rpc.type = GRPC (default)
2019-09-24 19:00:51,571 [main] INFO  grpc.GrpcFactory (GrpcFactory.java:checkPooledByteBufAllocatorUseCacheForAllThreads(45)) - PERFORMANCE WARNING: useCacheForAllThreads is true that may cause Netty to create a lot garbage objects and, as a result, trigger GC.
	It is recommended to disable useCacheForAllThreads by setting -Dorg.apache.ratis.thirdparty.io.netty.allocator.useCacheForAllThreads=false in command line.
2019-09-24 19:00:51,571 [main] INFO  grpc.GrpcConfigKeys$Server (ConfUtils.java:logGet(43)) - raft.grpc.server.port = 0 (default)
2019-09-24 19:00:51,572 [main] INFO  server.GrpcService (ConfUtils.java:logGet(43)) - raft.grpc.message.size.max = 33570816 (custom)
2019-09-24 19:00:51,572 [main] INFO  server.RaftServerConfigKeys (ConfUtils.java:logGet(43)) - raft.server.log.appender.buffer.byte-limit = 33554432 (custom)
2019-09-24 19:00:51,572 [main] INFO  server.GrpcService (ConfUtils.java:logGet(43)) - raft.grpc.flow.control.window = 1MB (=1048576) (default)
2019-09-24 19:00:51,572 [main] INFO  server.RaftServerConfigKeys (ConfUtils.java:logGet(43)) - raft.server.rpc.request.timeout = 3000ms (default)
2019-09-24 19:00:51,573 [main] INFO  server.RaftServerConfigKeys (ConfUtils.java:logGet(43)) - raft.server.storage.dir = [/workdir/hadoop-ozone/integration-test/target/test-dir/MiniOzoneClusterImpl-347bc0d8-8dc7-46c0-bd0b-f626cebf696e/datanode-2/data/ratis] (custom)
2019-09-24 19:00:51,575 [main] INFO  hdfs.DFSUtil (DFSUtil.java:httpServerTemplateForNNAndJN(1641)) - Starting Web-server for hddsDatanode at: http://0.0.0.0:0
2019-09-24 19:00:51,576 [main] INFO  server.AuthenticationFilter (AuthenticationFilter.java:constructSecretProvider(240)) - Unable to initialize FileSignerSecretProvider, falling back to use random secrets.
2019-09-24 19:00:51,577 [main] WARN  http.HttpRequestLog (HttpRequestLog.java:getRequestLog(97)) - Jetty request log can only be enabled using Log4j
2019-09-24 19:00:51,578 [main] INFO  http.HttpServer2 (HttpServer2.java:addGlobalFilter(975)) - Added global filter 'safety' (class=org.apache.hadoop.http.HttpServer2$QuotingInputFilter)
2019-09-24 19:00:51,579 [main] INFO  http.HttpServer2 (HttpServer2.java:addFilter(948)) - Added filter static_user_filter (class=org.apache.hadoop.http.lib.StaticUserWebFilter$StaticUserFilter) to context hddsDatanode
2019-09-24 19:00:51,579 [main] INFO  http.HttpServer2 (HttpServer2.java:addFilter(958)) - Added filter static_user_filter (class=org.apache.hadoop.http.lib.StaticUserWebFilter$StaticUserFilter) to context logs
2019-09-24 19:00:51,579 [main] INFO  http.HttpServer2 (HttpServer2.java:addFilter(958)) - Added filter static_user_filter (class=org.apache.hadoop.http.lib.StaticUserWebFilter$StaticUserFilter) to context static
2019-09-24 19:00:51,580 [main] INFO  http.HttpServer2 (HttpServer2.java:bindListener(1191)) - Jetty bound to port 40858
2019-09-24 19:00:51,580 [main] INFO  server.Server (Server.java:doStart(351)) - jetty-9.3.25.v20180904, build timestamp: 2018-09-04T21:11:46Z, git hash: 3ce520221d0240229c862b122d2b06c12a625732
2019-09-24 19:00:51,585 [main] INFO  handler.ContextHandler (ContextHandler.java:doStart(781)) - Started o.e.j.s.ServletContextHandler@44536de4{/logs,file:///workdir/hadoop-ozone/integration-test/target/log,AVAILABLE}
2019-09-24 19:00:51,586 [main] INFO  handler.ContextHandler (ContextHandler.java:doStart(781)) - Started o.e.j.s.ServletContextHandler@4d95a72e{/static,jar:file:/home/user/.m2/repository/org/apache/hadoop/hadoop-hdds-container-service/0.5.0-SNAPSHOT/hadoop-hdds-container-service-0.5.0-SNAPSHOT.jar!/webapps/static,AVAILABLE}
2019-09-24 19:00:51,599 [Datanode State Machine Thread - 0] INFO  datanode.InitDatanodeState (InitDatanodeState.java:persistContainerDatanodeDetails(140)) - DatanodeDetails is persisted to /workdir/hadoop-ozone/integration-test/target/test-dir/MiniOzoneClusterImpl-347bc0d8-8dc7-46c0-bd0b-f626cebf696e/datanode-0/meta/datanode.id
2019-09-24 19:00:51,604 [Datanode State Machine Thread - 0] INFO  datanode.InitDatanodeState (InitDatanodeState.java:persistContainerDatanodeDetails(140)) - DatanodeDetails is persisted to /workdir/hadoop-ozone/integration-test/target/test-dir/MiniOzoneClusterImpl-347bc0d8-8dc7-46c0-bd0b-f626cebf696e/datanode-1/meta/datanode.id
2019-09-24 19:00:51,631 [main] INFO  handler.ContextHandler (ContextHandler.java:doStart(781)) - Started o.e.j.w.WebAppContext@fc807c1{/,file:///tmp/jetty-0.0.0.0-40858-hddsDatanode-_-any-5716635886487856839.dir/webapp/,AVAILABLE}{/hddsDatanode}
2019-09-24 19:00:51,633 [main] INFO  server.AbstractConnector (AbstractConnector.java:doStart(278)) - Started ServerConnector@296e281a{HTTP/1.1,[http/1.1]}{0.0.0.0:40858}
2019-09-24 19:00:51,633 [main] INFO  server.Server (Server.java:doStart(419)) - Started @69707ms
2019-09-24 19:00:51,633 [main] WARN  impl.MetricsSystemImpl (MetricsSystemImpl.java:register(276)) - Sink prometheus already exists!
2019-09-24 19:00:51,634 [main] INFO  server.BaseHttpServer (BaseHttpServer.java:updateConnectorAddress(215)) - HTTP server of HDDSDATANODE is listening at http://0.0.0.0:40858
2019-09-24 19:00:51,635 [main] INFO  impl.MetricsSystemImpl (MetricsSystemImpl.java:init(158)) - HddsDatanode metrics system started (again)
2019-09-24 19:00:51,638 [main] INFO  ozone.HddsDatanodeService (HddsDatanodeService.java:start(184)) - HddsDatanodeService host:pr-hdds-2149-fgl4f-1742389470 ip:192.168.5.148
2019-09-24 19:00:51,638 [org.apache.hadoop.util.JvmPauseMonitor$Monitor@5691c548] INFO  util.JvmPauseMonitor (JvmPauseMonitor.java:run(188)) - Starting JVM pause monitor
2019-09-24 19:00:51,641 [Datanode State Machine Thread - 0] INFO  datanode.InitDatanodeState (InitDatanodeState.java:persistContainerDatanodeDetails(140)) - DatanodeDetails is persisted to /workdir/hadoop-ozone/integration-test/target/test-dir/MiniOzoneClusterImpl-347bc0d8-8dc7-46c0-bd0b-f626cebf696e/datanode-2/meta/datanode.id
2019-09-24 19:00:51,643 [main] INFO  volume.HddsVolume (HddsVolume.java:<init>(176)) - Creating Volume: /workdir/hadoop-ozone/integration-test/target/test-dir/MiniOzoneClusterImpl-347bc0d8-8dc7-46c0-bd0b-f626cebf696e/datanode-3/data/containers/hdds of  storage type : DISK and capacity : 1482555576320
2019-09-24 19:00:51,644 [main] INFO  volume.VolumeSet (VolumeSet.java:initializeVolumeSet(170)) - Added Volume : /workdir/hadoop-ozone/integration-test/target/test-dir/MiniOzoneClusterImpl-347bc0d8-8dc7-46c0-bd0b-f626cebf696e/datanode-3/data/containers/hdds to VolumeSet
2019-09-24 19:00:51,644 [main] INFO  volume.ThrottledAsyncChecker (ThrottledAsyncChecker.java:schedule(139)) - Scheduling a check for org.apache.hadoop.ozone.container.common.volume.HddsVolume@36c2b646
2019-09-24 19:00:51,645 [main] INFO  volume.HddsVolumeChecker (HddsVolumeChecker.java:checkAllVolumes(202)) - Scheduled health check for volume org.apache.hadoop.ozone.container.common.volume.HddsVolume@36c2b646
2019-09-24 19:00:51,663 [main] INFO  impl.RaftServerProxy (ConfUtils.java:logGet(43)) - raft.rpc.type = GRPC (default)
2019-09-24 19:00:51,663 [main] INFO  grpc.GrpcFactory (GrpcFactory.java:checkPooledByteBufAllocatorUseCacheForAllThreads(45)) - PERFORMANCE WARNING: useCacheForAllThreads is true that may cause Netty to create a lot garbage objects and, as a result, trigger GC.
	It is recommended to disable useCacheForAllThreads by setting -Dorg.apache.ratis.thirdparty.io.netty.allocator.useCacheForAllThreads=false in command line.
2019-09-24 19:00:51,663 [main] INFO  grpc.GrpcConfigKeys$Server (ConfUtils.java:logGet(43)) - raft.grpc.server.port = 0 (default)
2019-09-24 19:00:51,664 [main] INFO  server.GrpcService (ConfUtils.java:logGet(43)) - raft.grpc.message.size.max = 33570816 (custom)
2019-09-24 19:00:51,664 [main] INFO  server.RaftServerConfigKeys (ConfUtils.java:logGet(43)) - raft.server.log.appender.buffer.byte-limit = 33554432 (custom)
2019-09-24 19:00:51,664 [main] INFO  server.GrpcService (ConfUtils.java:logGet(43)) - raft.grpc.flow.control.window = 1MB (=1048576) (default)
2019-09-24 19:00:51,664 [main] INFO  server.RaftServerConfigKeys (ConfUtils.java:logGet(43)) - raft.server.rpc.request.timeout = 3000ms (default)
2019-09-24 19:00:51,665 [main] INFO  server.RaftServerConfigKeys (ConfUtils.java:logGet(43)) - raft.server.storage.dir = [/workdir/hadoop-ozone/integration-test/target/test-dir/MiniOzoneClusterImpl-347bc0d8-8dc7-46c0-bd0b-f626cebf696e/datanode-3/data/ratis] (custom)
2019-09-24 19:00:51,666 [main] INFO  hdfs.DFSUtil (DFSUtil.java:httpServerTemplateForNNAndJN(1641)) - Starting Web-server for hddsDatanode at: http://0.0.0.0:0
2019-09-24 19:00:51,668 [main] INFO  server.AuthenticationFilter (AuthenticationFilter.java:constructSecretProvider(240)) - Unable to initialize FileSignerSecretProvider, falling back to use random secrets.
2019-09-24 19:00:51,668 [main] WARN  http.HttpRequestLog (HttpRequestLog.java:getRequestLog(97)) - Jetty request log can only be enabled using Log4j
2019-09-24 19:00:51,670 [main] INFO  http.HttpServer2 (HttpServer2.java:addGlobalFilter(975)) - Added global filter 'safety' (class=org.apache.hadoop.http.HttpServer2$QuotingInputFilter)
2019-09-24 19:00:51,670 [main] INFO  http.HttpServer2 (HttpServer2.java:addFilter(948)) - Added filter static_user_filter (class=org.apache.hadoop.http.lib.StaticUserWebFilter$StaticUserFilter) to context hddsDatanode
2019-09-24 19:00:51,670 [main] INFO  http.HttpServer2 (HttpServer2.java:addFilter(958)) - Added filter static_user_filter (class=org.apache.hadoop.http.lib.StaticUserWebFilter$StaticUserFilter) to context static
2019-09-24 19:00:51,671 [main] INFO  http.HttpServer2 (HttpServer2.java:addFilter(958)) - Added filter static_user_filter (class=org.apache.hadoop.http.lib.StaticUserWebFilter$StaticUserFilter) to context logs
2019-09-24 19:00:51,671 [main] INFO  http.HttpServer2 (HttpServer2.java:bindListener(1191)) - Jetty bound to port 40011
2019-09-24 19:00:51,672 [main] INFO  server.Server (Server.java:doStart(351)) - jetty-9.3.25.v20180904, build timestamp: 2018-09-04T21:11:46Z, git hash: 3ce520221d0240229c862b122d2b06c12a625732
2019-09-24 19:00:51,673 [main] INFO  handler.ContextHandler (ContextHandler.java:doStart(781)) - Started o.e.j.s.ServletContextHandler@36480b2d{/logs,file:///workdir/hadoop-ozone/integration-test/target/log,AVAILABLE}
2019-09-24 19:00:51,674 [main] INFO  handler.ContextHandler (ContextHandler.java:doStart(781)) - Started o.e.j.s.ServletContextHandler@1f6917fb{/static,jar:file:/home/user/.m2/repository/org/apache/hadoop/hadoop-hdds-container-service/0.5.0-SNAPSHOT/hadoop-hdds-container-service-0.5.0-SNAPSHOT.jar!/webapps/static,AVAILABLE}
2019-09-24 19:00:51,703 [main] INFO  handler.ContextHandler (ContextHandler.java:doStart(781)) - Started o.e.j.w.WebAppContext@6573d2f7{/,file:///tmp/jetty-0.0.0.0-40011-hddsDatanode-_-any-270306759539899109.dir/webapp/,AVAILABLE}{/hddsDatanode}
2019-09-24 19:00:51,703 [main] INFO  server.AbstractConnector (AbstractConnector.java:doStart(278)) - Started ServerConnector@4052c8c2{HTTP/1.1,[http/1.1]}{0.0.0.0:40011}
2019-09-24 19:00:51,704 [main] INFO  server.Server (Server.java:doStart(419)) - Started @69778ms
2019-09-24 19:00:51,705 [main] WARN  impl.MetricsSystemImpl (MetricsSystemImpl.java:register(276)) - Sink prometheus already exists!
2019-09-24 19:00:51,705 [main] INFO  server.BaseHttpServer (BaseHttpServer.java:updateConnectorAddress(215)) - HTTP server of HDDSDATANODE is listening at http://0.0.0.0:40011
2019-09-24 19:00:51,706 [main] INFO  impl.MetricsSystemImpl (MetricsSystemImpl.java:init(158)) - HddsDatanode metrics system started (again)
2019-09-24 19:00:51,709 [main] INFO  ozone.HddsDatanodeService (HddsDatanodeService.java:start(184)) - HddsDatanodeService host:pr-hdds-2149-fgl4f-1742389470 ip:192.168.5.148
2019-09-24 19:00:51,710 [org.apache.hadoop.util.JvmPauseMonitor$Monitor@4c387eff] INFO  util.JvmPauseMonitor (JvmPauseMonitor.java:run(188)) - Starting JVM pause monitor
2019-09-24 19:00:51,713 [Datanode State Machine Thread - 0] INFO  datanode.InitDatanodeState (InitDatanodeState.java:persistContainerDatanodeDetails(140)) - DatanodeDetails is persisted to /workdir/hadoop-ozone/integration-test/target/test-dir/MiniOzoneClusterImpl-347bc0d8-8dc7-46c0-bd0b-f626cebf696e/datanode-3/meta/datanode.id
2019-09-24 19:00:51,716 [main] INFO  volume.HddsVolume (HddsVolume.java:<init>(176)) - Creating Volume: /workdir/hadoop-ozone/integration-test/target/test-dir/MiniOzoneClusterImpl-347bc0d8-8dc7-46c0-bd0b-f626cebf696e/datanode-4/data/containers/hdds of  storage type : DISK and capacity : 1482555576320
2019-09-24 19:00:51,716 [main] INFO  volume.VolumeSet (VolumeSet.java:initializeVolumeSet(170)) - Added Volume : /workdir/hadoop-ozone/integration-test/target/test-dir/MiniOzoneClusterImpl-347bc0d8-8dc7-46c0-bd0b-f626cebf696e/datanode-4/data/containers/hdds to VolumeSet
2019-09-24 19:00:51,716 [main] INFO  volume.ThrottledAsyncChecker (ThrottledAsyncChecker.java:schedule(139)) - Scheduling a check for org.apache.hadoop.ozone.container.common.volume.HddsVolume@46349b95
2019-09-24 19:00:51,717 [main] INFO  volume.HddsVolumeChecker (HddsVolumeChecker.java:checkAllVolumes(202)) - Scheduled health check for volume org.apache.hadoop.ozone.container.common.volume.HddsVolume@46349b95
2019-09-24 19:00:51,731 [main] INFO  impl.RaftServerProxy (ConfUtils.java:logGet(43)) - raft.rpc.type = GRPC (default)
2019-09-24 19:00:51,731 [main] INFO  grpc.GrpcFactory (GrpcFactory.java:checkPooledByteBufAllocatorUseCacheForAllThreads(45)) - PERFORMANCE WARNING: useCacheForAllThreads is true that may cause Netty to create a lot garbage objects and, as a result, trigger GC.
	It is recommended to disable useCacheForAllThreads by setting -Dorg.apache.ratis.thirdparty.io.netty.allocator.useCacheForAllThreads=false in command line.
2019-09-24 19:00:51,732 [main] INFO  grpc.GrpcConfigKeys$Server (ConfUtils.java:logGet(43)) - raft.grpc.server.port = 0 (default)
2019-09-24 19:00:51,732 [main] INFO  server.GrpcService (ConfUtils.java:logGet(43)) - raft.grpc.message.size.max = 33570816 (custom)
2019-09-24 19:00:51,732 [main] INFO  server.RaftServerConfigKeys (ConfUtils.java:logGet(43)) - raft.server.log.appender.buffer.byte-limit = 33554432 (custom)
2019-09-24 19:00:51,732 [main] INFO  server.GrpcService (ConfUtils.java:logGet(43)) - raft.grpc.flow.control.window = 1MB (=1048576) (default)
2019-09-24 19:00:51,733 [main] INFO  server.RaftServerConfigKeys (ConfUtils.java:logGet(43)) - raft.server.rpc.request.timeout = 3000ms (default)
2019-09-24 19:00:51,733 [main] INFO  server.RaftServerConfigKeys (ConfUtils.java:logGet(43)) - raft.server.storage.dir = [/workdir/hadoop-ozone/integration-test/target/test-dir/MiniOzoneClusterImpl-347bc0d8-8dc7-46c0-bd0b-f626cebf696e/datanode-4/data/ratis] (custom)
2019-09-24 19:00:51,735 [main] INFO  hdfs.DFSUtil (DFSUtil.java:httpServerTemplateForNNAndJN(1641)) - Starting Web-server for hddsDatanode at: http://0.0.0.0:0
2019-09-24 19:00:51,736 [main] INFO  server.AuthenticationFilter (AuthenticationFilter.java:constructSecretProvider(240)) - Unable to initialize FileSignerSecretProvider, falling back to use random secrets.
2019-09-24 19:00:51,736 [main] WARN  http.HttpRequestLog (HttpRequestLog.java:getRequestLog(97)) - Jetty request log can only be enabled using Log4j
2019-09-24 19:00:51,738 [main] INFO  http.HttpServer2 (HttpServer2.java:addGlobalFilter(975)) - Added global filter 'safety' (class=org.apache.hadoop.http.HttpServer2$QuotingInputFilter)
2019-09-24 19:00:51,738 [main] INFO  http.HttpServer2 (HttpServer2.java:addFilter(948)) - Added filter static_user_filter (class=org.apache.hadoop.http.lib.StaticUserWebFilter$StaticUserFilter) to context hddsDatanode
2019-09-24 19:00:51,739 [main] INFO  http.HttpServer2 (HttpServer2.java:addFilter(958)) - Added filter static_user_filter (class=org.apache.hadoop.http.lib.StaticUserWebFilter$StaticUserFilter) to context static
2019-09-24 19:00:51,739 [main] INFO  http.HttpServer2 (HttpServer2.java:addFilter(958)) - Added filter static_user_filter (class=org.apache.hadoop.http.lib.StaticUserWebFilter$StaticUserFilter) to context logs
2019-09-24 19:00:51,739 [main] INFO  http.HttpServer2 (HttpServer2.java:bindListener(1191)) - Jetty bound to port 38662
2019-09-24 19:00:51,740 [main] INFO  server.Server (Server.java:doStart(351)) - jetty-9.3.25.v20180904, build timestamp: 2018-09-04T21:11:46Z, git hash: 3ce520221d0240229c862b122d2b06c12a625732
2019-09-24 19:00:51,742 [main] INFO  handler.ContextHandler (ContextHandler.java:doStart(781)) - Started o.e.j.s.ServletContextHandler@22eaa86e{/logs,file:///workdir/hadoop-ozone/integration-test/target/log,AVAILABLE}
2019-09-24 19:00:51,742 [main] INFO  handler.ContextHandler (ContextHandler.java:doStart(781)) - Started o.e.j.s.ServletContextHandler@1cc680e{/static,jar:file:/home/user/.m2/repository/org/apache/hadoop/hadoop-hdds-container-service/0.5.0-SNAPSHOT/hadoop-hdds-container-service-0.5.0-SNAPSHOT.jar!/webapps/static,AVAILABLE}
2019-09-24 19:00:51,771 [main] INFO  handler.ContextHandler (ContextHandler.java:doStart(781)) - Started o.e.j.w.WebAppContext@4dba773d{/,file:///tmp/jetty-0.0.0.0-38662-hddsDatanode-_-any-2574365602535960937.dir/webapp/,AVAILABLE}{/hddsDatanode}
2019-09-24 19:00:51,772 [main] INFO  server.AbstractConnector (AbstractConnector.java:doStart(278)) - Started ServerConnector@1d9bd4da{HTTP/1.1,[http/1.1]}{0.0.0.0:38662}
2019-09-24 19:00:51,773 [main] INFO  server.Server (Server.java:doStart(419)) - Started @69847ms
2019-09-24 19:00:51,773 [main] WARN  impl.MetricsSystemImpl (MetricsSystemImpl.java:register(276)) - Sink prometheus already exists!
2019-09-24 19:00:51,774 [main] INFO  server.BaseHttpServer (BaseHttpServer.java:updateConnectorAddress(215)) - HTTP server of HDDSDATANODE is listening at http://0.0.0.0:38662
2019-09-24 19:00:51,774 [main] INFO  impl.MetricsSystemImpl (MetricsSystemImpl.java:init(158)) - HddsDatanode metrics system started (again)
2019-09-24 19:00:51,778 [main] INFO  ozone.HddsDatanodeService (HddsDatanodeService.java:start(184)) - HddsDatanodeService host:pr-hdds-2149-fgl4f-1742389470 ip:192.168.5.148
2019-09-24 19:00:51,779 [org.apache.hadoop.util.JvmPauseMonitor$Monitor@5dd214b1] INFO  util.JvmPauseMonitor (JvmPauseMonitor.java:run(188)) - Starting JVM pause monitor
2019-09-24 19:00:51,782 [Datanode State Machine Thread - 0] INFO  datanode.InitDatanodeState (InitDatanodeState.java:persistContainerDatanodeDetails(140)) - DatanodeDetails is persisted to /workdir/hadoop-ozone/integration-test/target/test-dir/MiniOzoneClusterImpl-347bc0d8-8dc7-46c0-bd0b-f626cebf696e/datanode-4/meta/datanode.id
2019-09-24 19:00:51,784 [main] INFO  volume.HddsVolume (HddsVolume.java:<init>(176)) - Creating Volume: /workdir/hadoop-ozone/integration-test/target/test-dir/MiniOzoneClusterImpl-347bc0d8-8dc7-46c0-bd0b-f626cebf696e/datanode-5/data/containers/hdds of  storage type : DISK and capacity : 1482555576320
2019-09-24 19:00:51,784 [main] INFO  volume.VolumeSet (VolumeSet.java:initializeVolumeSet(170)) - Added Volume : /workdir/hadoop-ozone/integration-test/target/test-dir/MiniOzoneClusterImpl-347bc0d8-8dc7-46c0-bd0b-f626cebf696e/datanode-5/data/containers/hdds to VolumeSet
2019-09-24 19:00:51,784 [main] INFO  volume.ThrottledAsyncChecker (ThrottledAsyncChecker.java:schedule(139)) - Scheduling a check for org.apache.hadoop.ozone.container.common.volume.HddsVolume@423b2b62
2019-09-24 19:00:51,785 [main] INFO  volume.HddsVolumeChecker (HddsVolumeChecker.java:checkAllVolumes(202)) - Scheduled health check for volume org.apache.hadoop.ozone.container.common.volume.HddsVolume@423b2b62
2019-09-24 19:00:51,800 [main] INFO  impl.RaftServerProxy (ConfUtils.java:logGet(43)) - raft.rpc.type = GRPC (default)
2019-09-24 19:00:51,800 [main] INFO  grpc.GrpcFactory (GrpcFactory.java:checkPooledByteBufAllocatorUseCacheForAllThreads(45)) - PERFORMANCE WARNING: useCacheForAllThreads is true that may cause Netty to create a lot garbage objects and, as a result, trigger GC.
	It is recommended to disable useCacheForAllThreads by setting -Dorg.apache.ratis.thirdparty.io.netty.allocator.useCacheForAllThreads=false in command line.
2019-09-24 19:00:51,800 [main] INFO  grpc.GrpcConfigKeys$Server (ConfUtils.java:logGet(43)) - raft.grpc.server.port = 0 (default)
2019-09-24 19:00:51,800 [main] INFO  server.GrpcService (ConfUtils.java:logGet(43)) - raft.grpc.message.size.max = 33570816 (custom)
2019-09-24 19:00:51,801 [main] INFO  server.RaftServerConfigKeys (ConfUtils.java:logGet(43)) - raft.server.log.appender.buffer.byte-limit = 33554432 (custom)
2019-09-24 19:00:51,801 [main] INFO  server.GrpcService (ConfUtils.java:logGet(43)) - raft.grpc.flow.control.window = 1MB (=1048576) (default)
2019-09-24 19:00:51,801 [main] INFO  server.RaftServerConfigKeys (ConfUtils.java:logGet(43)) - raft.server.rpc.request.timeout = 3000ms (default)
2019-09-24 19:00:51,802 [main] INFO  server.RaftServerConfigKeys (ConfUtils.java:logGet(43)) - raft.server.storage.dir = [/workdir/hadoop-ozone/integration-test/target/test-dir/MiniOzoneClusterImpl-347bc0d8-8dc7-46c0-bd0b-f626cebf696e/datanode-5/data/ratis] (custom)
2019-09-24 19:00:51,803 [main] INFO  hdfs.DFSUtil (DFSUtil.java:httpServerTemplateForNNAndJN(1641)) - Starting Web-server for hddsDatanode at: http://0.0.0.0:0
2019-09-24 19:00:51,804 [main] INFO  server.AuthenticationFilter (AuthenticationFilter.java:constructSecretProvider(240)) - Unable to initialize FileSignerSecretProvider, falling back to use random secrets.
2019-09-24 19:00:51,805 [main] WARN  http.HttpRequestLog (HttpRequestLog.java:getRequestLog(97)) - Jetty request log can only be enabled using Log4j
2019-09-24 19:00:51,806 [main] INFO  http.HttpServer2 (HttpServer2.java:addGlobalFilter(975)) - Added global filter 'safety' (class=org.apache.hadoop.http.HttpServer2$QuotingInputFilter)
2019-09-24 19:00:51,807 [main] INFO  http.HttpServer2 (HttpServer2.java:addFilter(948)) - Added filter static_user_filter (class=org.apache.hadoop.http.lib.StaticUserWebFilter$StaticUserFilter) to context hddsDatanode
2019-09-24 19:00:51,807 [main] INFO  http.HttpServer2 (HttpServer2.java:addFilter(958)) - Added filter static_user_filter (class=org.apache.hadoop.http.lib.StaticUserWebFilter$StaticUserFilter) to context logs
2019-09-24 19:00:51,807 [main] INFO  http.HttpServer2 (HttpServer2.java:addFilter(958)) - Added filter static_user_filter (class=org.apache.hadoop.http.lib.StaticUserWebFilter$StaticUserFilter) to context static
2019-09-24 19:00:51,808 [main] INFO  http.HttpServer2 (HttpServer2.java:bindListener(1191)) - Jetty bound to port 44969
2019-09-24 19:00:51,808 [main] INFO  server.Server (Server.java:doStart(351)) - jetty-9.3.25.v20180904, build timestamp: 2018-09-04T21:11:46Z, git hash: 3ce520221d0240229c862b122d2b06c12a625732
2019-09-24 19:00:51,810 [main] INFO  handler.ContextHandler (ContextHandler.java:doStart(781)) - Started o.e.j.s.ServletContextHandler@117d32e{/logs,file:///workdir/hadoop-ozone/integration-test/target/log,AVAILABLE}
2019-09-24 19:00:51,811 [main] INFO  handler.ContextHandler (ContextHandler.java:doStart(781)) - Started o.e.j.s.ServletContextHandler@2370ac7a{/static,jar:file:/home/user/.m2/repository/org/apache/hadoop/hadoop-hdds-container-service/0.5.0-SNAPSHOT/hadoop-hdds-container-service-0.5.0-SNAPSHOT.jar!/webapps/static,AVAILABLE}
2019-09-24 19:00:51,840 [main] INFO  handler.ContextHandler (ContextHandler.java:doStart(781)) - Started o.e.j.w.WebAppContext@1c26273d{/,file:///tmp/jetty-0.0.0.0-44969-hddsDatanode-_-any-4792442566721641122.dir/webapp/,AVAILABLE}{/hddsDatanode}
2019-09-24 19:00:51,841 [main] INFO  server.AbstractConnector (AbstractConnector.java:doStart(278)) - Started ServerConnector@3a37a501{HTTP/1.1,[http/1.1]}{0.0.0.0:44969}
2019-09-24 19:00:51,842 [main] INFO  server.Server (Server.java:doStart(419)) - Started @69916ms
2019-09-24 19:00:51,842 [main] WARN  impl.MetricsSystemImpl (MetricsSystemImpl.java:register(276)) - Sink prometheus already exists!
2019-09-24 19:00:51,843 [main] INFO  server.BaseHttpServer (BaseHttpServer.java:updateConnectorAddress(215)) - HTTP server of HDDSDATANODE is listening at http://0.0.0.0:44969
2019-09-24 19:00:51,843 [main] INFO  impl.MetricsSystemImpl (MetricsSystemImpl.java:init(158)) - HddsDatanode metrics system started (again)
2019-09-24 19:00:51,847 [main] INFO  ozone.HddsDatanodeService (HddsDatanodeService.java:start(184)) - HddsDatanodeService host:pr-hdds-2149-fgl4f-1742389470 ip:192.168.5.148
2019-09-24 19:00:51,848 [org.apache.hadoop.util.JvmPauseMonitor$Monitor@196a2740] INFO  util.JvmPauseMonitor (JvmPauseMonitor.java:run(188)) - Starting JVM pause monitor
2019-09-24 19:00:51,850 [Datanode State Machine Thread - 0] INFO  datanode.InitDatanodeState (InitDatanodeState.java:persistContainerDatanodeDetails(140)) - DatanodeDetails is persisted to /workdir/hadoop-ozone/integration-test/target/test-dir/MiniOzoneClusterImpl-347bc0d8-8dc7-46c0-bd0b-f626cebf696e/datanode-5/meta/datanode.id
2019-09-24 19:00:51,853 [main] INFO  volume.HddsVolume (HddsVolume.java:<init>(176)) - Creating Volume: /workdir/hadoop-ozone/integration-test/target/test-dir/MiniOzoneClusterImpl-347bc0d8-8dc7-46c0-bd0b-f626cebf696e/datanode-6/data/containers/hdds of  storage type : DISK and capacity : 1482555576320
2019-09-24 19:00:51,854 [main] INFO  volume.VolumeSet (VolumeSet.java:initializeVolumeSet(170)) - Added Volume : /workdir/hadoop-ozone/integration-test/target/test-dir/MiniOzoneClusterImpl-347bc0d8-8dc7-46c0-bd0b-f626cebf696e/datanode-6/data/containers/hdds to VolumeSet
2019-09-24 19:00:51,854 [main] INFO  volume.ThrottledAsyncChecker (ThrottledAsyncChecker.java:schedule(139)) - Scheduling a check for org.apache.hadoop.ozone.container.common.volume.HddsVolume@1f346ad2
2019-09-24 19:00:51,855 [main] INFO  volume.HddsVolumeChecker (HddsVolumeChecker.java:checkAllVolumes(202)) - Scheduled health check for volume org.apache.hadoop.ozone.container.common.volume.HddsVolume@1f346ad2
2019-09-24 19:00:51,869 [main] INFO  impl.RaftServerProxy (ConfUtils.java:logGet(43)) - raft.rpc.type = GRPC (default)
2019-09-24 19:00:51,869 [main] INFO  grpc.GrpcFactory (GrpcFactory.java:checkPooledByteBufAllocatorUseCacheForAllThreads(45)) - PERFORMANCE WARNING: useCacheForAllThreads is true that may cause Netty to create a lot garbage objects and, as a result, trigger GC.
	It is recommended to disable useCacheForAllThreads by setting -Dorg.apache.ratis.thirdparty.io.netty.allocator.useCacheForAllThreads=false in command line.
2019-09-24 19:00:51,869 [main] INFO  grpc.GrpcConfigKeys$Server (ConfUtils.java:logGet(43)) - raft.grpc.server.port = 0 (default)
2019-09-24 19:00:51,869 [main] INFO  server.GrpcService (ConfUtils.java:logGet(43)) - raft.grpc.message.size.max = 33570816 (custom)
2019-09-24 19:00:51,870 [main] INFO  server.RaftServerConfigKeys (ConfUtils.java:logGet(43)) - raft.server.log.appender.buffer.byte-limit = 33554432 (custom)
2019-09-24 19:00:51,870 [main] INFO  server.GrpcService (ConfUtils.java:logGet(43)) - raft.grpc.flow.control.window = 1MB (=1048576) (default)
2019-09-24 19:00:51,870 [main] INFO  server.RaftServerConfigKeys (ConfUtils.java:logGet(43)) - raft.server.rpc.request.timeout = 3000ms (default)
2019-09-24 19:00:51,871 [main] INFO  server.RaftServerConfigKeys (ConfUtils.java:logGet(43)) - raft.server.storage.dir = [/workdir/hadoop-ozone/integration-test/target/test-dir/MiniOzoneClusterImpl-347bc0d8-8dc7-46c0-bd0b-f626cebf696e/datanode-6/data/ratis] (custom)
2019-09-24 19:00:51,872 [main] INFO  hdfs.DFSUtil (DFSUtil.java:httpServerTemplateForNNAndJN(1641)) - Starting Web-server for hddsDatanode at: http://0.0.0.0:0
2019-09-24 19:00:51,873 [main] INFO  server.AuthenticationFilter (AuthenticationFilter.java:constructSecretProvider(240)) - Unable to initialize FileSignerSecretProvider, falling back to use random secrets.
2019-09-24 19:00:51,874 [main] WARN  http.HttpRequestLog (HttpRequestLog.java:getRequestLog(97)) - Jetty request log can only be enabled using Log4j
2019-09-24 19:00:51,875 [main] INFO  http.HttpServer2 (HttpServer2.java:addGlobalFilter(975)) - Added global filter 'safety' (class=org.apache.hadoop.http.HttpServer2$QuotingInputFilter)
2019-09-24 19:00:51,876 [main] INFO  http.HttpServer2 (HttpServer2.java:addFilter(948)) - Added filter static_user_filter (class=org.apache.hadoop.http.lib.StaticUserWebFilter$StaticUserFilter) to context hddsDatanode
2019-09-24 19:00:51,876 [main] INFO  http.HttpServer2 (HttpServer2.java:addFilter(958)) - Added filter static_user_filter (class=org.apache.hadoop.http.lib.StaticUserWebFilter$StaticUserFilter) to context logs
2019-09-24 19:00:51,876 [main] INFO  http.HttpServer2 (HttpServer2.java:addFilter(958)) - Added filter static_user_filter (class=org.apache.hadoop.http.lib.StaticUserWebFilter$StaticUserFilter) to context static
2019-09-24 19:00:51,877 [main] INFO  http.HttpServer2 (HttpServer2.java:bindListener(1191)) - Jetty bound to port 38563
2019-09-24 19:00:51,877 [main] INFO  server.Server (Server.java:doStart(351)) - jetty-9.3.25.v20180904, build timestamp: 2018-09-04T21:11:46Z, git hash: 3ce520221d0240229c862b122d2b06c12a625732
2019-09-24 19:00:51,879 [main] INFO  handler.ContextHandler (ContextHandler.java:doStart(781)) - Started o.e.j.s.ServletContextHandler@72fd8a3c{/logs,file:///workdir/hadoop-ozone/integration-test/target/log,AVAILABLE}
2019-09-24 19:00:51,879 [main] INFO  handler.ContextHandler (ContextHandler.java:doStart(781)) - Started o.e.j.s.ServletContextHandler@34780cd9{/static,jar:file:/home/user/.m2/repository/org/apache/hadoop/hadoop-hdds-container-service/0.5.0-SNAPSHOT/hadoop-hdds-container-service-0.5.0-SNAPSHOT.jar!/webapps/static,AVAILABLE}
2019-09-24 19:00:51,908 [main] INFO  handler.ContextHandler (ContextHandler.java:doStart(781)) - Started o.e.j.w.WebAppContext@7a485a36{/,file:///tmp/jetty-0.0.0.0-38563-hddsDatanode-_-any-7213222904334434024.dir/webapp/,AVAILABLE}{/hddsDatanode}
2019-09-24 19:00:51,908 [main] INFO  server.AbstractConnector (AbstractConnector.java:doStart(278)) - Started ServerConnector@5cf3157b{HTTP/1.1,[http/1.1]}{0.0.0.0:38563}
2019-09-24 19:00:51,910 [main] INFO  server.Server (Server.java:doStart(419)) - Started @69984ms
2019-09-24 19:00:51,910 [main] WARN  impl.MetricsSystemImpl (MetricsSystemImpl.java:register(276)) - Sink prometheus already exists!
2019-09-24 19:00:51,911 [main] INFO  server.BaseHttpServer (BaseHttpServer.java:updateConnectorAddress(215)) - HTTP server of HDDSDATANODE is listening at http://0.0.0.0:38563
2019-09-24 19:00:51,911 [main] INFO  impl.MetricsSystemImpl (MetricsSystemImpl.java:init(158)) - HddsDatanode metrics system started (again)
2019-09-24 19:00:51,916 [main] INFO  ozone.HddsDatanodeService (HddsDatanodeService.java:start(184)) - HddsDatanodeService host:pr-hdds-2149-fgl4f-1742389470 ip:192.168.5.148
2019-09-24 19:00:51,916 [org.apache.hadoop.util.JvmPauseMonitor$Monitor@18b62058] INFO  util.JvmPauseMonitor (JvmPauseMonitor.java:run(188)) - Starting JVM pause monitor
2019-09-24 19:00:51,918 [Datanode State Machine Thread - 0] INFO  datanode.InitDatanodeState (InitDatanodeState.java:persistContainerDatanodeDetails(140)) - DatanodeDetails is persisted to /workdir/hadoop-ozone/integration-test/target/test-dir/MiniOzoneClusterImpl-347bc0d8-8dc7-46c0-bd0b-f626cebf696e/datanode-6/meta/datanode.id
2019-09-24 19:00:51,922 [main] INFO  volume.HddsVolume (HddsVolume.java:<init>(176)) - Creating Volume: /workdir/hadoop-ozone/integration-test/target/test-dir/MiniOzoneClusterImpl-347bc0d8-8dc7-46c0-bd0b-f626cebf696e/datanode-7/data/containers/hdds of  storage type : DISK and capacity : 1482555576320
2019-09-24 19:00:51,922 [main] INFO  volume.VolumeSet (VolumeSet.java:initializeVolumeSet(170)) - Added Volume : /workdir/hadoop-ozone/integration-test/target/test-dir/MiniOzoneClusterImpl-347bc0d8-8dc7-46c0-bd0b-f626cebf696e/datanode-7/data/containers/hdds to VolumeSet
2019-09-24 19:00:51,922 [main] INFO  volume.ThrottledAsyncChecker (ThrottledAsyncChecker.java:schedule(139)) - Scheduling a check for org.apache.hadoop.ozone.container.common.volume.HddsVolume@7544ac86
2019-09-24 19:00:51,923 [main] INFO  volume.HddsVolumeChecker (HddsVolumeChecker.java:checkAllVolumes(202)) - Scheduled health check for volume org.apache.hadoop.ozone.container.common.volume.HddsVolume@7544ac86
2019-09-24 19:00:51,937 [main] INFO  impl.RaftServerProxy (ConfUtils.java:logGet(43)) - raft.rpc.type = GRPC (default)
2019-09-24 19:00:51,938 [main] INFO  grpc.GrpcFactory (GrpcFactory.java:checkPooledByteBufAllocatorUseCacheForAllThreads(45)) - PERFORMANCE WARNING: useCacheForAllThreads is true that may cause Netty to create a lot garbage objects and, as a result, trigger GC.
	It is recommended to disable useCacheForAllThreads by setting -Dorg.apache.ratis.thirdparty.io.netty.allocator.useCacheForAllThreads=false in command line.
2019-09-24 19:00:51,938 [main] INFO  grpc.GrpcConfigKeys$Server (ConfUtils.java:logGet(43)) - raft.grpc.server.port = 0 (default)
2019-09-24 19:00:51,938 [main] INFO  server.GrpcService (ConfUtils.java:logGet(43)) - raft.grpc.message.size.max = 33570816 (custom)
2019-09-24 19:00:51,938 [main] INFO  server.RaftServerConfigKeys (ConfUtils.java:logGet(43)) - raft.server.log.appender.buffer.byte-limit = 33554432 (custom)
2019-09-24 19:00:51,938 [main] INFO  server.GrpcService (ConfUtils.java:logGet(43)) - raft.grpc.flow.control.window = 1MB (=1048576) (default)
2019-09-24 19:00:51,939 [main] INFO  server.RaftServerConfigKeys (ConfUtils.java:logGet(43)) - raft.server.rpc.request.timeout = 3000ms (default)
2019-09-24 19:00:51,939 [main] INFO  server.RaftServerConfigKeys (ConfUtils.java:logGet(43)) - raft.server.storage.dir = [/workdir/hadoop-ozone/integration-test/target/test-dir/MiniOzoneClusterImpl-347bc0d8-8dc7-46c0-bd0b-f626cebf696e/datanode-7/data/ratis] (custom)
2019-09-24 19:00:51,940 [main] INFO  hdfs.DFSUtil (DFSUtil.java:httpServerTemplateForNNAndJN(1641)) - Starting Web-server for hddsDatanode at: http://0.0.0.0:0
2019-09-24 19:00:51,942 [main] INFO  server.AuthenticationFilter (AuthenticationFilter.java:constructSecretProvider(240)) - Unable to initialize FileSignerSecretProvider, falling back to use random secrets.
2019-09-24 19:00:51,942 [main] WARN  http.HttpRequestLog (HttpRequestLog.java:getRequestLog(97)) - Jetty request log can only be enabled using Log4j
2019-09-24 19:00:51,944 [main] INFO  http.HttpServer2 (HttpServer2.java:addGlobalFilter(975)) - Added global filter 'safety' (class=org.apache.hadoop.http.HttpServer2$QuotingInputFilter)
2019-09-24 19:00:51,944 [main] INFO  http.HttpServer2 (HttpServer2.java:addFilter(948)) - Added filter static_user_filter (class=org.apache.hadoop.http.lib.StaticUserWebFilter$StaticUserFilter) to context hddsDatanode
2019-09-24 19:00:51,944 [main] INFO  http.HttpServer2 (HttpServer2.java:addFilter(958)) - Added filter static_user_filter (class=org.apache.hadoop.http.lib.StaticUserWebFilter$StaticUserFilter) to context logs
2019-09-24 19:00:51,945 [main] INFO  http.HttpServer2 (HttpServer2.java:addFilter(958)) - Added filter static_user_filter (class=org.apache.hadoop.http.lib.StaticUserWebFilter$StaticUserFilter) to context static
2019-09-24 19:00:51,945 [main] INFO  http.HttpServer2 (HttpServer2.java:bindListener(1191)) - Jetty bound to port 38719
2019-09-24 19:00:51,945 [main] INFO  server.Server (Server.java:doStart(351)) - jetty-9.3.25.v20180904, build timestamp: 2018-09-04T21:11:46Z, git hash: 3ce520221d0240229c862b122d2b06c12a625732
2019-09-24 19:00:51,947 [main] INFO  handler.ContextHandler (ContextHandler.java:doStart(781)) - Started o.e.j.s.ServletContextHandler@75181b50{/logs,file:///workdir/hadoop-ozone/integration-test/target/log,AVAILABLE}
2019-09-24 19:00:51,948 [main] INFO  handler.ContextHandler (ContextHandler.java:doStart(781)) - Started o.e.j.s.ServletContextHandler@5f254608{/static,jar:file:/home/user/.m2/repository/org/apache/hadoop/hadoop-hdds-container-service/0.5.0-SNAPSHOT/hadoop-hdds-container-service-0.5.0-SNAPSHOT.jar!/webapps/static,AVAILABLE}
2019-09-24 19:00:51,977 [main] INFO  handler.ContextHandler (ContextHandler.java:doStart(781)) - Started o.e.j.w.WebAppContext@7e5843db{/,file:///tmp/jetty-0.0.0.0-38719-hddsDatanode-_-any-4398140867625533892.dir/webapp/,AVAILABLE}{/hddsDatanode}
2019-09-24 19:00:51,977 [main] INFO  server.AbstractConnector (AbstractConnector.java:doStart(278)) - Started ServerConnector@459f703f{HTTP/1.1,[http/1.1]}{0.0.0.0:38719}
2019-09-24 19:00:51,978 [main] INFO  server.Server (Server.java:doStart(419)) - Started @70052ms
2019-09-24 19:00:51,979 [main] WARN  impl.MetricsSystemImpl (MetricsSystemImpl.java:register(276)) - Sink prometheus already exists!
2019-09-24 19:00:51,979 [main] INFO  server.BaseHttpServer (BaseHttpServer.java:updateConnectorAddress(215)) - HTTP server of HDDSDATANODE is listening at http://0.0.0.0:38719
2019-09-24 19:00:51,980 [main] INFO  impl.MetricsSystemImpl (MetricsSystemImpl.java:init(158)) - HddsDatanode metrics system started (again)
2019-09-24 19:00:51,984 [org.apache.hadoop.util.JvmPauseMonitor$Monitor@1e2b9486] INFO  util.JvmPauseMonitor (JvmPauseMonitor.java:run(188)) - Starting JVM pause monitor
2019-09-24 19:00:51,984 [main] INFO  ozone.HddsDatanodeService (HddsDatanodeService.java:start(184)) - HddsDatanodeService host:pr-hdds-2149-fgl4f-1742389470 ip:192.168.5.148
2019-09-24 19:00:51,987 [Datanode State Machine Thread - 0] INFO  datanode.InitDatanodeState (InitDatanodeState.java:persistContainerDatanodeDetails(140)) - DatanodeDetails is persisted to /workdir/hadoop-ozone/integration-test/target/test-dir/MiniOzoneClusterImpl-347bc0d8-8dc7-46c0-bd0b-f626cebf696e/datanode-7/meta/datanode.id
2019-09-24 19:00:51,991 [main] INFO  volume.HddsVolume (HddsVolume.java:<init>(176)) - Creating Volume: /workdir/hadoop-ozone/integration-test/target/test-dir/MiniOzoneClusterImpl-347bc0d8-8dc7-46c0-bd0b-f626cebf696e/datanode-8/data/containers/hdds of  storage type : DISK and capacity : 1482555576320
2019-09-24 19:00:51,991 [main] INFO  volume.VolumeSet (VolumeSet.java:initializeVolumeSet(170)) - Added Volume : /workdir/hadoop-ozone/integration-test/target/test-dir/MiniOzoneClusterImpl-347bc0d8-8dc7-46c0-bd0b-f626cebf696e/datanode-8/data/containers/hdds to VolumeSet
2019-09-24 19:00:51,991 [main] INFO  volume.ThrottledAsyncChecker (ThrottledAsyncChecker.java:schedule(139)) - Scheduling a check for org.apache.hadoop.ozone.container.common.volume.HddsVolume@f6de586
2019-09-24 19:00:51,992 [main] INFO  volume.HddsVolumeChecker (HddsVolumeChecker.java:checkAllVolumes(202)) - Scheduled health check for volume org.apache.hadoop.ozone.container.common.volume.HddsVolume@f6de586
2019-09-24 19:00:52,006 [main] INFO  impl.RaftServerProxy (ConfUtils.java:logGet(43)) - raft.rpc.type = GRPC (default)
2019-09-24 19:00:52,006 [main] INFO  grpc.GrpcFactory (GrpcFactory.java:checkPooledByteBufAllocatorUseCacheForAllThreads(45)) - PERFORMANCE WARNING: useCacheForAllThreads is true that may cause Netty to create a lot garbage objects and, as a result, trigger GC.
	It is recommended to disable useCacheForAllThreads by setting -Dorg.apache.ratis.thirdparty.io.netty.allocator.useCacheForAllThreads=false in command line.
2019-09-24 19:00:52,006 [main] INFO  grpc.GrpcConfigKeys$Server (ConfUtils.java:logGet(43)) - raft.grpc.server.port = 0 (default)
2019-09-24 19:00:52,007 [main] INFO  server.GrpcService (ConfUtils.java:logGet(43)) - raft.grpc.message.size.max = 33570816 (custom)
2019-09-24 19:00:52,007 [main] INFO  server.RaftServerConfigKeys (ConfUtils.java:logGet(43)) - raft.server.log.appender.buffer.byte-limit = 33554432 (custom)
2019-09-24 19:00:52,007 [main] INFO  server.GrpcService (ConfUtils.java:logGet(43)) - raft.grpc.flow.control.window = 1MB (=1048576) (default)
2019-09-24 19:00:52,007 [main] INFO  server.RaftServerConfigKeys (ConfUtils.java:logGet(43)) - raft.server.rpc.request.timeout = 3000ms (default)
2019-09-24 19:00:52,008 [main] INFO  server.RaftServerConfigKeys (ConfUtils.java:logGet(43)) - raft.server.storage.dir = [/workdir/hadoop-ozone/integration-test/target/test-dir/MiniOzoneClusterImpl-347bc0d8-8dc7-46c0-bd0b-f626cebf696e/datanode-8/data/ratis] (custom)
2019-09-24 19:00:52,009 [main] INFO  hdfs.DFSUtil (DFSUtil.java:httpServerTemplateForNNAndJN(1641)) - Starting Web-server for hddsDatanode at: http://0.0.0.0:0
2019-09-24 19:00:52,010 [main] INFO  server.AuthenticationFilter (AuthenticationFilter.java:constructSecretProvider(240)) - Unable to initialize FileSignerSecretProvider, falling back to use random secrets.
2019-09-24 19:00:52,011 [main] WARN  http.HttpRequestLog (HttpRequestLog.java:getRequestLog(97)) - Jetty request log can only be enabled using Log4j
2019-09-24 19:00:52,012 [main] INFO  http.HttpServer2 (HttpServer2.java:addGlobalFilter(975)) - Added global filter 'safety' (class=org.apache.hadoop.http.HttpServer2$QuotingInputFilter)
2019-09-24 19:00:52,013 [main] INFO  http.HttpServer2 (HttpServer2.java:addFilter(948)) - Added filter static_user_filter (class=org.apache.hadoop.http.lib.StaticUserWebFilter$StaticUserFilter) to context hddsDatanode
2019-09-24 19:00:52,013 [main] INFO  http.HttpServer2 (HttpServer2.java:addFilter(958)) - Added filter static_user_filter (class=org.apache.hadoop.http.lib.StaticUserWebFilter$StaticUserFilter) to context logs
2019-09-24 19:00:52,013 [main] INFO  http.HttpServer2 (HttpServer2.java:addFilter(958)) - Added filter static_user_filter (class=org.apache.hadoop.http.lib.StaticUserWebFilter$StaticUserFilter) to context static
2019-09-24 19:00:52,014 [main] INFO  http.HttpServer2 (HttpServer2.java:bindListener(1191)) - Jetty bound to port 39799
2019-09-24 19:00:52,014 [main] INFO  server.Server (Server.java:doStart(351)) - jetty-9.3.25.v20180904, build timestamp: 2018-09-04T21:11:46Z, git hash: 3ce520221d0240229c862b122d2b06c12a625732
2019-09-24 19:00:52,016 [main] INFO  handler.ContextHandler (ContextHandler.java:doStart(781)) - Started o.e.j.s.ServletContextHandler@47be0f9b{/logs,file:///workdir/hadoop-ozone/integration-test/target/log,AVAILABLE}
2019-09-24 19:00:52,016 [main] INFO  handler.ContextHandler (ContextHandler.java:doStart(781)) - Started o.e.j.s.ServletContextHandler@4bd51d3e{/static,jar:file:/home/user/.m2/repository/org/apache/hadoop/hadoop-hdds-container-service/0.5.0-SNAPSHOT/hadoop-hdds-container-service-0.5.0-SNAPSHOT.jar!/webapps/static,AVAILABLE}
2019-09-24 19:00:52,045 [main] INFO  handler.ContextHandler (ContextHandler.java:doStart(781)) - Started o.e.j.w.WebAppContext@352ed70d{/,file:///tmp/jetty-0.0.0.0-39799-hddsDatanode-_-any-2692907844038759676.dir/webapp/,AVAILABLE}{/hddsDatanode}
2019-09-24 19:00:52,045 [main] INFO  server.AbstractConnector (AbstractConnector.java:doStart(278)) - Started ServerConnector@70730db{HTTP/1.1,[http/1.1]}{0.0.0.0:39799}
2019-09-24 19:00:52,046 [main] INFO  server.Server (Server.java:doStart(419)) - Started @70121ms
2019-09-24 19:00:52,047 [main] WARN  impl.MetricsSystemImpl (MetricsSystemImpl.java:register(276)) - Sink prometheus already exists!
2019-09-24 19:00:52,047 [main] INFO  server.BaseHttpServer (BaseHttpServer.java:updateConnectorAddress(215)) - HTTP server of HDDSDATANODE is listening at http://0.0.0.0:39799
2019-09-24 19:00:52,048 [main] INFO  impl.MetricsSystemImpl (MetricsSystemImpl.java:init(158)) - HddsDatanode metrics system started (again)
2019-09-24 19:00:52,055 [org.apache.hadoop.util.JvmPauseMonitor$Monitor@3c83dfdb] INFO  util.JvmPauseMonitor (JvmPauseMonitor.java:run(188)) - Starting JVM pause monitor
2019-09-24 19:00:52,055 [main] INFO  ozone.HddsDatanodeService (HddsDatanodeService.java:start(184)) - HddsDatanodeService host:pr-hdds-2149-fgl4f-1742389470 ip:192.168.5.148
2019-09-24 19:00:52,058 [Datanode State Machine Thread - 0] INFO  datanode.InitDatanodeState (InitDatanodeState.java:persistContainerDatanodeDetails(140)) - DatanodeDetails is persisted to /workdir/hadoop-ozone/integration-test/target/test-dir/MiniOzoneClusterImpl-347bc0d8-8dc7-46c0-bd0b-f626cebf696e/datanode-8/meta/datanode.id
2019-09-24 19:00:52,062 [main] INFO  volume.HddsVolume (HddsVolume.java:<init>(176)) - Creating Volume: /workdir/hadoop-ozone/integration-test/target/test-dir/MiniOzoneClusterImpl-347bc0d8-8dc7-46c0-bd0b-f626cebf696e/datanode-9/data/containers/hdds of  storage type : DISK and capacity : 1482555576320
2019-09-24 19:00:52,062 [main] INFO  volume.VolumeSet (VolumeSet.java:initializeVolumeSet(170)) - Added Volume : /workdir/hadoop-ozone/integration-test/target/test-dir/MiniOzoneClusterImpl-347bc0d8-8dc7-46c0-bd0b-f626cebf696e/datanode-9/data/containers/hdds to VolumeSet
2019-09-24 19:00:52,062 [main] INFO  volume.ThrottledAsyncChecker (ThrottledAsyncChecker.java:schedule(139)) - Scheduling a check for org.apache.hadoop.ozone.container.common.volume.HddsVolume@424de326
2019-09-24 19:00:52,063 [main] INFO  volume.HddsVolumeChecker (HddsVolumeChecker.java:checkAllVolumes(202)) - Scheduled health check for volume org.apache.hadoop.ozone.container.common.volume.HddsVolume@424de326
2019-09-24 19:00:52,078 [main] INFO  impl.RaftServerProxy (ConfUtils.java:logGet(43)) - raft.rpc.type = GRPC (default)
2019-09-24 19:00:52,078 [main] INFO  grpc.GrpcFactory (GrpcFactory.java:checkPooledByteBufAllocatorUseCacheForAllThreads(45)) - PERFORMANCE WARNING: useCacheForAllThreads is true that may cause Netty to create a lot garbage objects and, as a result, trigger GC.
	It is recommended to disable useCacheForAllThreads by setting -Dorg.apache.ratis.thirdparty.io.netty.allocator.useCacheForAllThreads=false in command line.
2019-09-24 19:00:52,078 [main] INFO  grpc.GrpcConfigKeys$Server (ConfUtils.java:logGet(43)) - raft.grpc.server.port = 0 (default)
2019-09-24 19:00:52,079 [main] INFO  server.GrpcService (ConfUtils.java:logGet(43)) - raft.grpc.message.size.max = 33570816 (custom)
2019-09-24 19:00:52,079 [main] INFO  server.RaftServerConfigKeys (ConfUtils.java:logGet(43)) - raft.server.log.appender.buffer.byte-limit = 33554432 (custom)
2019-09-24 19:00:52,079 [main] INFO  server.GrpcService (ConfUtils.java:logGet(43)) - raft.grpc.flow.control.window = 1MB (=1048576) (default)
2019-09-24 19:00:52,079 [main] INFO  server.RaftServerConfigKeys (ConfUtils.java:logGet(43)) - raft.server.rpc.request.timeout = 3000ms (default)
2019-09-24 19:00:52,080 [main] INFO  server.RaftServerConfigKeys (ConfUtils.java:logGet(43)) - raft.server.storage.dir = [/workdir/hadoop-ozone/integration-test/target/test-dir/MiniOzoneClusterImpl-347bc0d8-8dc7-46c0-bd0b-f626cebf696e/datanode-9/data/ratis] (custom)
2019-09-24 19:00:52,081 [main] INFO  hdfs.DFSUtil (DFSUtil.java:httpServerTemplateForNNAndJN(1641)) - Starting Web-server for hddsDatanode at: http://0.0.0.0:0
2019-09-24 19:00:52,082 [main] INFO  server.AuthenticationFilter (AuthenticationFilter.java:constructSecretProvider(240)) - Unable to initialize FileSignerSecretProvider, falling back to use random secrets.
2019-09-24 19:00:52,083 [main] WARN  http.HttpRequestLog (HttpRequestLog.java:getRequestLog(97)) - Jetty request log can only be enabled using Log4j
2019-09-24 19:00:52,084 [main] INFO  http.HttpServer2 (HttpServer2.java:addGlobalFilter(975)) - Added global filter 'safety' (class=org.apache.hadoop.http.HttpServer2$QuotingInputFilter)
2019-09-24 19:00:52,085 [main] INFO  http.HttpServer2 (HttpServer2.java:addFilter(948)) - Added filter static_user_filter (class=org.apache.hadoop.http.lib.StaticUserWebFilter$StaticUserFilter) to context hddsDatanode
2019-09-24 19:00:52,085 [main] INFO  http.HttpServer2 (HttpServer2.java:addFilter(958)) - Added filter static_user_filter (class=org.apache.hadoop.http.lib.StaticUserWebFilter$StaticUserFilter) to context logs
2019-09-24 19:00:52,085 [main] INFO  http.HttpServer2 (HttpServer2.java:addFilter(958)) - Added filter static_user_filter (class=org.apache.hadoop.http.lib.StaticUserWebFilter$StaticUserFilter) to context static
2019-09-24 19:00:52,086 [main] INFO  http.HttpServer2 (HttpServer2.java:bindListener(1191)) - Jetty bound to port 40993
2019-09-24 19:00:52,086 [main] INFO  server.Server (Server.java:doStart(351)) - jetty-9.3.25.v20180904, build timestamp: 2018-09-04T21:11:46Z, git hash: 3ce520221d0240229c862b122d2b06c12a625732
2019-09-24 19:00:52,088 [main] INFO  handler.ContextHandler (ContextHandler.java:doStart(781)) - Started o.e.j.s.ServletContextHandler@53c6f96d{/logs,file:///workdir/hadoop-ozone/integration-test/target/log,AVAILABLE}
2019-09-24 19:00:52,088 [main] INFO  handler.ContextHandler (ContextHandler.java:doStart(781)) - Started o.e.j.s.ServletContextHandler@4364712f{/static,jar:file:/home/user/.m2/repository/org/apache/hadoop/hadoop-hdds-container-service/0.5.0-SNAPSHOT/hadoop-hdds-container-service-0.5.0-SNAPSHOT.jar!/webapps/static,AVAILABLE}
2019-09-24 19:00:52,120 [main] INFO  handler.ContextHandler (ContextHandler.java:doStart(781)) - Started o.e.j.w.WebAppContext@3f736a16{/,file:///tmp/jetty-0.0.0.0-40993-hddsDatanode-_-any-8569661661669409950.dir/webapp/,AVAILABLE}{/hddsDatanode}
2019-09-24 19:00:52,121 [main] INFO  server.AbstractConnector (AbstractConnector.java:doStart(278)) - Started ServerConnector@4601203a{HTTP/1.1,[http/1.1]}{0.0.0.0:40993}
2019-09-24 19:00:52,126 [main] INFO  server.Server (Server.java:doStart(419)) - Started @70200ms
2019-09-24 19:00:52,126 [main] WARN  impl.MetricsSystemImpl (MetricsSystemImpl.java:register(276)) - Sink prometheus already exists!
2019-09-24 19:00:52,127 [main] INFO  server.BaseHttpServer (BaseHttpServer.java:updateConnectorAddress(215)) - HTTP server of HDDSDATANODE is listening at http://0.0.0.0:40993
2019-09-24 19:00:52,131 [main] INFO  ozone.MiniOzoneClusterImpl (MiniOzoneClusterImpl.java:lambda$waitForClusterToBeReady$0(147)) - Waiting for cluster to be ready. Got 0 of 10 DN Heartbeats.
2019-09-24 19:00:52,131 [org.apache.hadoop.util.JvmPauseMonitor$Monitor@2e7260e] INFO  util.JvmPauseMonitor (JvmPauseMonitor.java:run(188)) - Starting JVM pause monitor
2019-09-24 19:00:52,134 [Datanode State Machine Thread - 0] INFO  datanode.InitDatanodeState (InitDatanodeState.java:persistContainerDatanodeDetails(140)) - DatanodeDetails is persisted to /workdir/hadoop-ozone/integration-test/target/test-dir/MiniOzoneClusterImpl-347bc0d8-8dc7-46c0-bd0b-f626cebf696e/datanode-9/meta/datanode.id
2019-09-24 19:00:53,132 [main] INFO  ozone.MiniOzoneClusterImpl (MiniOzoneClusterImpl.java:lambda$waitForClusterToBeReady$0(147)) - Waiting for cluster to be ready. Got 0 of 10 DN Heartbeats.
2019-09-24 19:00:53,555 [Datanode State Machine Thread - 0] INFO  ozoneimpl.OzoneContainer (OzoneContainer.java:start(217)) - Attempting to start container services.
2019-09-24 19:00:53,557 [Datanode State Machine Thread - 0] INFO  ozoneimpl.OzoneContainer (OzoneContainer.java:start(217)) - Attempting to start container services.
2019-09-24 19:00:53,564 [Datanode State Machine Thread - 0] INFO  ozoneimpl.OzoneContainer (OzoneContainer.java:startContainerScrub(179)) - Background container scanner has been disabled.
2019-09-24 19:00:53,565 [Datanode State Machine Thread - 0] INFO  ozoneimpl.OzoneContainer (OzoneContainer.java:startContainerScrub(179)) - Background container scanner has been disabled.
2019-09-24 19:00:53,565 [Datanode State Machine Thread - 0] INFO  ratis.XceiverServerRatis (XceiverServerRatis.java:start(411)) - Starting XceiverServerRatis dd51241e-7f30-423c-8baf-8925f04f92e5 at port 0
2019-09-24 19:00:53,565 [Datanode State Machine Thread - 0] INFO  ratis.XceiverServerRatis (XceiverServerRatis.java:start(411)) - Starting XceiverServerRatis f9d00a00-bc78-4492-92ba-83defd396746 at port 0
2019-09-24 19:00:53,607 [Datanode State Machine Thread - 0] INFO  impl.RaftServerProxy (RaftServerProxy.java:lambda$start$3(299)) - dd51241e-7f30-423c-8baf-8925f04f92e5: start RPC server
2019-09-24 19:00:53,607 [Datanode State Machine Thread - 0] INFO  impl.RaftServerProxy (RaftServerProxy.java:lambda$start$3(299)) - f9d00a00-bc78-4492-92ba-83defd396746: start RPC server
2019-09-24 19:00:53,765 [Datanode State Machine Thread - 0] INFO  server.GrpcService (GrpcService.java:startImpl(158)) - f9d00a00-bc78-4492-92ba-83defd396746: GrpcService started, listening on 0.0.0.0/0.0.0.0:39515
2019-09-24 19:00:53,765 [Datanode State Machine Thread - 0] INFO  server.GrpcService (GrpcService.java:startImpl(158)) - dd51241e-7f30-423c-8baf-8925f04f92e5: GrpcService started, listening on 0.0.0.0/0.0.0.0:35152
2019-09-24 19:00:53,767 [Datanode State Machine Thread - 0] INFO  ratis.XceiverServerRatis (XceiverServerRatis.java:start(421)) - XceiverServerRatis f9d00a00-bc78-4492-92ba-83defd396746 is started using port 39515
2019-09-24 19:00:53,767 [Datanode State Machine Thread - 0] INFO  ratis.XceiverServerRatis (XceiverServerRatis.java:start(421)) - XceiverServerRatis dd51241e-7f30-423c-8baf-8925f04f92e5 is started using port 35152
2019-09-24 19:00:53,773 [Datanode State Machine Thread - 0] INFO  server.XceiverServerGrpc (XceiverServerGrpc.java:start(149)) - XceiverServerGrpc dd51241e-7f30-423c-8baf-8925f04f92e5 is started using port 43640
2019-09-24 19:00:53,773 [Datanode State Machine Thread - 0] INFO  server.XceiverServerGrpc (XceiverServerGrpc.java:start(149)) - XceiverServerGrpc f9d00a00-bc78-4492-92ba-83defd396746 is started using port 32990
2019-09-24 19:00:54,075 [Datanode State Machine Thread - 0] INFO  ozoneimpl.OzoneContainer (OzoneContainer.java:start(217)) - Attempting to start container services.
2019-09-24 19:00:54,075 [Datanode State Machine Thread - 0] INFO  ozoneimpl.OzoneContainer (OzoneContainer.java:start(217)) - Attempting to start container services.
2019-09-24 19:00:54,075 [Datanode State Machine Thread - 0] INFO  ozoneimpl.OzoneContainer (OzoneContainer.java:start(217)) - Attempting to start container services.
2019-09-24 19:00:54,075 [Datanode State Machine Thread - 0] INFO  ozoneimpl.OzoneContainer (OzoneContainer.java:start(217)) - Attempting to start container services.
2019-09-24 19:00:54,075 [Datanode State Machine Thread - 0] INFO  ozoneimpl.OzoneContainer (OzoneContainer.java:start(217)) - Attempting to start container services.
2019-09-24 19:00:54,076 [Datanode State Machine Thread - 0] INFO  ozoneimpl.OzoneContainer (OzoneContainer.java:startContainerScrub(179)) - Background container scanner has been disabled.
2019-09-24 19:00:54,076 [Datanode State Machine Thread - 0] INFO  ozoneimpl.OzoneContainer (OzoneContainer.java:startContainerScrub(179)) - Background container scanner has been disabled.
2019-09-24 19:00:54,076 [Datanode State Machine Thread - 0] INFO  ozoneimpl.OzoneContainer (OzoneContainer.java:startContainerScrub(179)) - Background container scanner has been disabled.
2019-09-24 19:00:54,075 [Datanode State Machine Thread - 0] INFO  ozoneimpl.OzoneContainer (OzoneContainer.java:startContainerScrub(179)) - Background container scanner has been disabled.
2019-09-24 19:00:54,076 [Datanode State Machine Thread - 0] INFO  ratis.XceiverServerRatis (XceiverServerRatis.java:start(411)) - Starting XceiverServerRatis a05b4b97-0b18-4776-a1dd-8f128fadc53a at port 0
2019-09-24 19:00:54,076 [Datanode State Machine Thread - 0] INFO  ratis.XceiverServerRatis (XceiverServerRatis.java:start(411)) - Starting XceiverServerRatis c0a619e5-2907-4353-abbd-f6fb1099a46d at port 0
2019-09-24 19:00:54,076 [Datanode State Machine Thread - 0] INFO  ratis.XceiverServerRatis (XceiverServerRatis.java:start(411)) - Starting XceiverServerRatis 91e07af8-8ce2-4ac6-9c90-851894b34103 at port 0
2019-09-24 19:00:54,076 [Datanode State Machine Thread - 0] INFO  ozoneimpl.OzoneContainer (OzoneContainer.java:startContainerScrub(179)) - Background container scanner has been disabled.
2019-09-24 19:00:54,077 [Datanode State Machine Thread - 0] INFO  ratis.XceiverServerRatis (XceiverServerRatis.java:start(411)) - Starting XceiverServerRatis d6fdad48-5745-4acd-8132-622988eb1603 at port 0
2019-09-24 19:00:54,077 [Datanode State Machine Thread - 0] INFO  ratis.XceiverServerRatis (XceiverServerRatis.java:start(411)) - Starting XceiverServerRatis 01d7623e-fce0-4300-8f15-4bc2097938ef at port 0
2019-09-24 19:00:54,113 [Datanode State Machine Thread - 0] INFO  impl.RaftServerProxy (RaftServerProxy.java:lambda$start$3(299)) - 01d7623e-fce0-4300-8f15-4bc2097938ef: start RPC server
2019-09-24 19:00:54,120 [Datanode State Machine Thread - 0] INFO  server.GrpcService (GrpcService.java:startImpl(158)) - 01d7623e-fce0-4300-8f15-4bc2097938ef: GrpcService started, listening on 0.0.0.0/0.0.0.0:45158
2019-09-24 19:00:54,120 [Datanode State Machine Thread - 0] INFO  ratis.XceiverServerRatis (XceiverServerRatis.java:start(421)) - XceiverServerRatis 01d7623e-fce0-4300-8f15-4bc2097938ef is started using port 45158
2019-09-24 19:00:54,124 [Datanode State Machine Thread - 0] INFO  server.XceiverServerGrpc (XceiverServerGrpc.java:start(149)) - XceiverServerGrpc 01d7623e-fce0-4300-8f15-4bc2097938ef is started using port 38351
2019-09-24 19:00:54,128 [Datanode State Machine Thread - 0] INFO  impl.RaftServerProxy (RaftServerProxy.java:lambda$start$3(299)) - d6fdad48-5745-4acd-8132-622988eb1603: start RPC server
2019-09-24 19:00:54,133 [main] INFO  ozone.MiniOzoneClusterImpl (MiniOzoneClusterImpl.java:lambda$waitForClusterToBeReady$0(147)) - Waiting for cluster to be ready. Got 0 of 10 DN Heartbeats.
2019-09-24 19:00:54,133 [Datanode State Machine Thread - 0] INFO  server.GrpcService (GrpcService.java:startImpl(158)) - d6fdad48-5745-4acd-8132-622988eb1603: GrpcService started, listening on 0.0.0.0/0.0.0.0:33283
2019-09-24 19:00:54,133 [Datanode State Machine Thread - 0] INFO  ratis.XceiverServerRatis (XceiverServerRatis.java:start(421)) - XceiverServerRatis d6fdad48-5745-4acd-8132-622988eb1603 is started using port 33283
2019-09-24 19:00:54,135 [Datanode State Machine Thread - 0] INFO  impl.RaftServerProxy (RaftServerProxy.java:lambda$start$3(299)) - 91e07af8-8ce2-4ac6-9c90-851894b34103: start RPC server
2019-09-24 19:00:54,135 [Datanode State Machine Thread - 0] INFO  impl.RaftServerProxy (RaftServerProxy.java:lambda$start$3(299)) - a05b4b97-0b18-4776-a1dd-8f128fadc53a: start RPC server
2019-09-24 19:00:54,138 [Datanode State Machine Thread - 0] INFO  impl.RaftServerProxy (RaftServerProxy.java:lambda$start$3(299)) - c0a619e5-2907-4353-abbd-f6fb1099a46d: start RPC server
2019-09-24 19:00:54,144 [Datanode State Machine Thread - 0] INFO  server.XceiverServerGrpc (XceiverServerGrpc.java:start(149)) - XceiverServerGrpc d6fdad48-5745-4acd-8132-622988eb1603 is started using port 38869
2019-09-24 19:00:54,147 [Datanode State Machine Thread - 0] INFO  server.GrpcService (GrpcService.java:startImpl(158)) - 91e07af8-8ce2-4ac6-9c90-851894b34103: GrpcService started, listening on 0.0.0.0/0.0.0.0:45771
2019-09-24 19:00:54,147 [Datanode State Machine Thread - 0] INFO  server.GrpcService (GrpcService.java:startImpl(158)) - a05b4b97-0b18-4776-a1dd-8f128fadc53a: GrpcService started, listening on 0.0.0.0/0.0.0.0:35009
2019-09-24 19:00:54,149 [Datanode State Machine Thread - 0] INFO  ratis.XceiverServerRatis (XceiverServerRatis.java:start(421)) - XceiverServerRatis 91e07af8-8ce2-4ac6-9c90-851894b34103 is started using port 45771
2019-09-24 19:00:54,149 [Datanode State Machine Thread - 0] INFO  server.GrpcService (GrpcService.java:startImpl(158)) - c0a619e5-2907-4353-abbd-f6fb1099a46d: GrpcService started, listening on 0.0.0.0/0.0.0.0:37575
2019-09-24 19:00:54,149 [Datanode State Machine Thread - 0] INFO  ratis.XceiverServerRatis (XceiverServerRatis.java:start(421)) - XceiverServerRatis a05b4b97-0b18-4776-a1dd-8f128fadc53a is started using port 35009
2019-09-24 19:00:54,150 [Datanode State Machine Thread - 0] INFO  ratis.XceiverServerRatis (XceiverServerRatis.java:start(421)) - XceiverServerRatis c0a619e5-2907-4353-abbd-f6fb1099a46d is started using port 37575
2019-09-24 19:00:54,159 [Datanode State Machine Thread - 0] INFO  server.XceiverServerGrpc (XceiverServerGrpc.java:start(149)) - XceiverServerGrpc 91e07af8-8ce2-4ac6-9c90-851894b34103 is started using port 34165
2019-09-24 19:00:54,159 [Datanode State Machine Thread - 0] INFO  server.XceiverServerGrpc (XceiverServerGrpc.java:start(149)) - XceiverServerGrpc a05b4b97-0b18-4776-a1dd-8f128fadc53a is started using port 41694
2019-09-24 19:00:54,159 [Datanode State Machine Thread - 0] INFO  server.XceiverServerGrpc (XceiverServerGrpc.java:start(149)) - XceiverServerGrpc c0a619e5-2907-4353-abbd-f6fb1099a46d is started using port 40101
2019-09-24 19:00:54,365 [Datanode State Machine Thread - 0] INFO  ozoneimpl.OzoneContainer (OzoneContainer.java:start(217)) - Attempting to start container services.
2019-09-24 19:00:54,365 [Datanode State Machine Thread - 0] INFO  ozoneimpl.OzoneContainer (OzoneContainer.java:start(217)) - Attempting to start container services.
2019-09-24 19:00:54,365 [Datanode State Machine Thread - 0] INFO  ozoneimpl.OzoneContainer (OzoneContainer.java:start(217)) - Attempting to start container services.
2019-09-24 19:00:54,365 [Datanode State Machine Thread - 0] INFO  ozoneimpl.OzoneContainer (OzoneContainer.java:startContainerScrub(179)) - Background container scanner has been disabled.
2019-09-24 19:00:54,365 [Datanode State Machine Thread - 0] INFO  ozoneimpl.OzoneContainer (OzoneContainer.java:startContainerScrub(179)) - Background container scanner has been disabled.
2019-09-24 19:00:54,370 [Datanode State Machine Thread - 0] INFO  ratis.XceiverServerRatis (XceiverServerRatis.java:start(411)) - Starting XceiverServerRatis 2fb94607-307d-40f4-aab6-b5884b96a4c0 at port 0
2019-09-24 19:00:54,370 [Datanode State Machine Thread - 0] INFO  ozoneimpl.OzoneContainer (OzoneContainer.java:startContainerScrub(179)) - Background container scanner has been disabled.
2019-09-24 19:00:54,371 [Datanode State Machine Thread - 0] INFO  ratis.XceiverServerRatis (XceiverServerRatis.java:start(411)) - Starting XceiverServerRatis 75e06a4b-10ed-49e3-a0f4-39d0cf919ed9 at port 0
2019-09-24 19:00:54,371 [Datanode State Machine Thread - 0] INFO  ratis.XceiverServerRatis (XceiverServerRatis.java:start(411)) - Starting XceiverServerRatis 29620711-3f46-457a-8151-219e63eed2d2 at port 0
2019-09-24 19:00:54,397 [Datanode State Machine Thread - 0] INFO  impl.RaftServerProxy (RaftServerProxy.java:lambda$start$3(299)) - 75e06a4b-10ed-49e3-a0f4-39d0cf919ed9: start RPC server
2019-09-24 19:00:54,401 [Datanode State Machine Thread - 0] INFO  impl.RaftServerProxy (RaftServerProxy.java:lambda$start$3(299)) - 2fb94607-307d-40f4-aab6-b5884b96a4c0: start RPC server
2019-09-24 19:00:54,403 [Datanode State Machine Thread - 0] INFO  server.GrpcService (GrpcService.java:startImpl(158)) - 75e06a4b-10ed-49e3-a0f4-39d0cf919ed9: GrpcService started, listening on 0.0.0.0/0.0.0.0:37717
2019-09-24 19:00:54,404 [Datanode State Machine Thread - 0] INFO  ratis.XceiverServerRatis (XceiverServerRatis.java:start(421)) - XceiverServerRatis 75e06a4b-10ed-49e3-a0f4-39d0cf919ed9 is started using port 37717
2019-09-24 19:00:54,410 [Datanode State Machine Thread - 0] INFO  impl.RaftServerProxy (RaftServerProxy.java:lambda$start$3(299)) - 29620711-3f46-457a-8151-219e63eed2d2: start RPC server
2019-09-24 19:00:54,412 [Datanode State Machine Thread - 0] INFO  server.GrpcService (GrpcService.java:startImpl(158)) - 2fb94607-307d-40f4-aab6-b5884b96a4c0: GrpcService started, listening on 0.0.0.0/0.0.0.0:41188
2019-09-24 19:00:54,416 [Datanode State Machine Thread - 0] INFO  ratis.XceiverServerRatis (XceiverServerRatis.java:start(421)) - XceiverServerRatis 2fb94607-307d-40f4-aab6-b5884b96a4c0 is started using port 41188
2019-09-24 19:00:54,433 [Datanode State Machine Thread - 0] INFO  server.XceiverServerGrpc (XceiverServerGrpc.java:start(149)) - XceiverServerGrpc 75e06a4b-10ed-49e3-a0f4-39d0cf919ed9 is started using port 38464
2019-09-24 19:00:54,433 [Datanode State Machine Thread - 0] INFO  server.GrpcService (GrpcService.java:startImpl(158)) - 29620711-3f46-457a-8151-219e63eed2d2: GrpcService started, listening on 0.0.0.0/0.0.0.0:46161
2019-09-24 19:00:54,433 [Datanode State Machine Thread - 0] INFO  server.XceiverServerGrpc (XceiverServerGrpc.java:start(149)) - XceiverServerGrpc 2fb94607-307d-40f4-aab6-b5884b96a4c0 is started using port 41049
2019-09-24 19:00:54,433 [Datanode State Machine Thread - 0] INFO  ratis.XceiverServerRatis (XceiverServerRatis.java:start(421)) - XceiverServerRatis 29620711-3f46-457a-8151-219e63eed2d2 is started using port 46161
2019-09-24 19:00:54,453 [Datanode State Machine Thread - 0] INFO  server.XceiverServerGrpc (XceiverServerGrpc.java:start(149)) - XceiverServerGrpc 29620711-3f46-457a-8151-219e63eed2d2 is started using port 40268
2019-09-24 19:00:55,133 [main] INFO  ozone.MiniOzoneClusterImpl (MiniOzoneClusterImpl.java:lambda$waitForClusterToBeReady$0(147)) - Waiting for cluster to be ready. Got 0 of 10 DN Heartbeats.
2019-09-24 19:00:55,505 [IPC Server handler 1 on 38486] INFO  net.NetworkTopology (NetworkTopologyImpl.java:add(111)) - Added a new node: /rack1/f9d00a00-bc78-4492-92ba-83defd396746
2019-09-24 19:00:55,506 [IPC Server handler 1 on 38486] INFO  node.SCMNodeManager (SCMNodeManager.java:register(266)) - Registered Data node : f9d00a00-bc78-4492-92ba-83defd396746{ip: 192.168.5.148, host: pr-hdds-2149-fgl4f-1742389470, networkLocation: /rack1, certSerialId: null}
2019-09-24 19:00:55,516 [EventQueue-NodeRegistrationContainerReportForDataNodeSafeModeRule] INFO  safemode.SCMSafeModeManager (DataNodeSafeModeRule.java:process(71)) - SCM in safe mode. 1 DataNodes registered, 1 required.
2019-09-24 19:00:55,520 [EventQueue-NodeRegistrationContainerReportForDataNodeSafeModeRule] INFO  safemode.SCMSafeModeManager (SCMSafeModeManager.java:validateSafeModeExitRules(177)) - ScmSafeModeManager, all rules are successfully validated
2019-09-24 19:00:55,520 [EventQueue-NodeRegistrationContainerReportForDataNodeSafeModeRule] INFO  safemode.SCMSafeModeManager (SCMSafeModeManager.java:exitSafeMode(193)) - SCM exiting safe mode.
2019-09-24 19:00:55,553 [IPC Server handler 2 on 38486] INFO  net.NetworkTopology (NetworkTopologyImpl.java:add(111)) - Added a new node: /rack1/dd51241e-7f30-423c-8baf-8925f04f92e5
2019-09-24 19:00:55,555 [IPC Server handler 2 on 38486] INFO  node.SCMNodeManager (SCMNodeManager.java:register(266)) - Registered Data node : dd51241e-7f30-423c-8baf-8925f04f92e5{ip: 192.168.5.148, host: pr-hdds-2149-fgl4f-1742389470, networkLocation: /rack1, certSerialId: null}
2019-09-24 19:00:55,652 [IPC Server handler 3 on 38486] INFO  net.NetworkTopology (NetworkTopologyImpl.java:add(111)) - Added a new node: /rack1/a05b4b97-0b18-4776-a1dd-8f128fadc53a
2019-09-24 19:00:55,652 [IPC Server handler 3 on 38486] INFO  node.SCMNodeManager (SCMNodeManager.java:register(266)) - Registered Data node : a05b4b97-0b18-4776-a1dd-8f128fadc53a{ip: 192.168.5.148, host: pr-hdds-2149-fgl4f-1742389470, networkLocation: /rack1, certSerialId: null}
2019-09-24 19:00:55,713 [IPC Server handler 0 on 38486] INFO  net.NetworkTopology (NetworkTopologyImpl.java:add(111)) - Added a new node: /rack1/d6fdad48-5745-4acd-8132-622988eb1603
2019-09-24 19:00:55,714 [IPC Server handler 0 on 38486] INFO  node.SCMNodeManager (SCMNodeManager.java:register(266)) - Registered Data node : d6fdad48-5745-4acd-8132-622988eb1603{ip: 192.168.5.148, host: pr-hdds-2149-fgl4f-1742389470, networkLocation: /rack1, certSerialId: null}
2019-09-24 19:00:55,786 [IPC Server handler 6 on 38486] INFO  net.NetworkTopology (NetworkTopologyImpl.java:add(111)) - Added a new node: /rack1/01d7623e-fce0-4300-8f15-4bc2097938ef
2019-09-24 19:00:55,787 [IPC Server handler 6 on 38486] INFO  node.SCMNodeManager (SCMNodeManager.java:register(266)) - Registered Data node : 01d7623e-fce0-4300-8f15-4bc2097938ef{ip: 192.168.5.148, host: pr-hdds-2149-fgl4f-1742389470, networkLocation: /rack1, certSerialId: null}
2019-09-24 19:00:55,852 [IPC Server handler 5 on 38486] INFO  net.NetworkTopology (NetworkTopologyImpl.java:add(111)) - Added a new node: /rack1/91e07af8-8ce2-4ac6-9c90-851894b34103
2019-09-24 19:00:55,852 [IPC Server handler 5 on 38486] INFO  node.SCMNodeManager (SCMNodeManager.java:register(266)) - Registered Data node : 91e07af8-8ce2-4ac6-9c90-851894b34103{ip: 192.168.5.148, host: pr-hdds-2149-fgl4f-1742389470, networkLocation: /rack1, certSerialId: null}
2019-09-24 19:00:55,922 [IPC Server handler 10 on 38486] INFO  net.NetworkTopology (NetworkTopologyImpl.java:add(111)) - Added a new node: /rack1/c0a619e5-2907-4353-abbd-f6fb1099a46d
2019-09-24 19:00:55,923 [IPC Server handler 10 on 38486] INFO  node.SCMNodeManager (SCMNodeManager.java:register(266)) - Registered Data node : c0a619e5-2907-4353-abbd-f6fb1099a46d{ip: 192.168.5.148, host: pr-hdds-2149-fgl4f-1742389470, networkLocation: /rack1, certSerialId: null}
2019-09-24 19:00:56,020 [IPC Server handler 8 on 38486] INFO  net.NetworkTopology (NetworkTopologyImpl.java:add(111)) - Added a new node: /rack1/29620711-3f46-457a-8151-219e63eed2d2
2019-09-24 19:00:56,021 [IPC Server handler 8 on 38486] INFO  node.SCMNodeManager (SCMNodeManager.java:register(266)) - Registered Data node : 29620711-3f46-457a-8151-219e63eed2d2{ip: 192.168.5.148, host: pr-hdds-2149-fgl4f-1742389470, networkLocation: /rack1, certSerialId: null}
2019-09-24 19:00:56,077 [IPC Server handler 9 on 38486] INFO  net.NetworkTopology (NetworkTopologyImpl.java:add(111)) - Added a new node: /rack1/2fb94607-307d-40f4-aab6-b5884b96a4c0
2019-09-24 19:00:56,077 [IPC Server handler 9 on 38486] INFO  node.SCMNodeManager (SCMNodeManager.java:register(266)) - Registered Data node : 2fb94607-307d-40f4-aab6-b5884b96a4c0{ip: 192.168.5.148, host: pr-hdds-2149-fgl4f-1742389470, networkLocation: /rack1, certSerialId: null}
2019-09-24 19:00:56,136 [main] INFO  ozone.MiniOzoneClusterImpl (MiniOzoneClusterImpl.java:lambda$waitForClusterToBeReady$0(147)) - Waiting for cluster to be ready. Got 9 of 10 DN Heartbeats.
2019-09-24 19:00:56,137 [IPC Server handler 7 on 38486] INFO  net.NetworkTopology (NetworkTopologyImpl.java:add(111)) - Added a new node: /rack1/75e06a4b-10ed-49e3-a0f4-39d0cf919ed9
2019-09-24 19:00:56,137 [IPC Server handler 7 on 38486] INFO  node.SCMNodeManager (SCMNodeManager.java:register(266)) - Registered Data node : 75e06a4b-10ed-49e3-a0f4-39d0cf919ed9{ip: 192.168.5.148, host: pr-hdds-2149-fgl4f-1742389470, networkLocation: /rack1, certSerialId: null}
2019-09-24 19:00:56,243 [grpc-default-executor-0] INFO  impl.RaftServerProxy (RaftServerProxy.java:addNew(89)) - f9d00a00-bc78-4492-92ba-83defd396746: addNew group-436748D39EE4:[f9d00a00-bc78-4492-92ba-83defd396746:192.168.5.148:39515] returns group-436748D39EE4:java.util.concurrent.CompletableFuture@1b2d858[Not completed]
2019-09-24 19:00:56,269 [pool-27-thread-1] INFO  impl.RaftServerImpl (RaftServerImpl.java:<init>(95)) - f9d00a00-bc78-4492-92ba-83defd396746: new RaftServerImpl for group-436748D39EE4:[f9d00a00-bc78-4492-92ba-83defd396746:192.168.5.148:39515] with ContainerStateMachine:uninitialized
2019-09-24 19:00:56,271 [pool-27-thread-1] INFO  server.RaftServerConfigKeys (ConfUtils.java:logGet(43)) - raft.server.rpc.timeout.min = 1s (custom)
2019-09-24 19:00:56,273 [pool-27-thread-1] INFO  server.RaftServerConfigKeys (ConfUtils.java:logGet(43)) - raft.server.rpc.timeout.max = 1200ms (custom)
2019-09-24 19:00:56,273 [pool-27-thread-1] INFO  server.RaftServerConfigKeys (ConfUtils.java:logGet(43)) - raft.server.rpcslowness.timeout = 120s (custom)
2019-09-24 19:00:56,274 [pool-27-thread-1] INFO  server.RaftServerConfigKeys (ConfUtils.java:logGet(43)) - raft.server.sleep.deviation.threshold = 300 (default)
2019-09-24 19:00:56,275 [pool-27-thread-1] INFO  server.RaftServerConfigKeys (ConfUtils.java:logGet(43)) - raft.server.log.appender.install.snapshot.enabled = false (custom)
2019-09-24 19:00:56,286 [pool-27-thread-1] INFO  impl.RaftServerImpl (ServerState.java:<init>(103)) - f9d00a00-bc78-4492-92ba-83defd396746@group-436748D39EE4: ConfigurationManager, init=-1: [f9d00a00-bc78-4492-92ba-83defd396746:192.168.5.148:39515], old=null, confs=<EMPTY_MAP>
2019-09-24 19:00:56,286 [pool-27-thread-1] INFO  server.RaftServerConfigKeys (ConfUtils.java:logGet(43)) - raft.server.storage.dir = [/workdir/hadoop-ozone/integration-test/target/test-dir/MiniOzoneClusterImpl-347bc0d8-8dc7-46c0-bd0b-f626cebf696e/datanode-0/data/ratis] (custom)
2019-09-24 19:00:56,296 [pool-27-thread-1] INFO  storage.RaftStorageDirectory (RaftStorageDirectory.java:analyzeStorage(246)) - The storage directory /workdir/hadoop-ozone/integration-test/target/test-dir/MiniOzoneClusterImpl-347bc0d8-8dc7-46c0-bd0b-f626cebf696e/datanode-0/data/ratis/45ac7142-0680-4ada-94f1-436748d39ee4 does not exist. Creating ...
2019-09-24 19:00:56,316 [pool-27-thread-1] INFO  storage.RaftStorageDirectory (RaftStorageDirectory.java:tryLock(328)) - Lock on /workdir/hadoop-ozone/integration-test/target/test-dir/MiniOzoneClusterImpl-347bc0d8-8dc7-46c0-bd0b-f626cebf696e/datanode-0/data/ratis/45ac7142-0680-4ada-94f1-436748d39ee4/in_use.lock acquired by nodename 10455@pr-hdds-2149-fgl4f-1742389470
2019-09-24 19:00:56,332 [pool-27-thread-1] INFO  storage.RaftStorage (RaftStorage.java:format(72)) - Storage directory /workdir/hadoop-ozone/integration-test/target/test-dir/MiniOzoneClusterImpl-347bc0d8-8dc7-46c0-bd0b-f626cebf696e/datanode-0/data/ratis/45ac7142-0680-4ada-94f1-436748d39ee4 has been successfully formatted.
2019-09-24 19:00:56,335 [pool-27-thread-1] INFO  ratis.ContainerStateMachine (ContainerStateMachine.java:loadSnapshot(230)) - group-436748D39EE4: The snapshot info is null. Setting the last applied indexto:(t:0, i:~)
2019-09-24 19:00:56,335 [pool-27-thread-1] INFO  server.RaftServerConfigKeys (ConfUtils.java:logGet(43)) - raft.server.notification.no-leader.timeout = 120s (custom)
2019-09-24 19:00:56,338 [pool-27-thread-1] INFO  server.RaftServerConfigKeys (ConfUtils.java:logGet(43)) - raft.server.log.use.memory = false (default)
2019-09-24 19:00:56,345 [pool-27-thread-1] INFO  server.RaftServerConfigKeys (ConfUtils.java:logGet(43)) - raft.server.log.purge.gap = 1000000 (custom)
2019-09-24 19:00:56,345 [pool-27-thread-1] INFO  server.RaftServerConfigKeys (ConfUtils.java:logGet(43)) - raft.server.log.appender.buffer.byte-limit = 33554432 (custom)
2019-09-24 19:00:56,348 [pool-27-thread-1] INFO  server.RaftServerConfigKeys (ConfUtils.java:logGet(43)) - raft.server.log.segment.size.max = 1048576 (custom)
2019-09-24 19:00:56,353 [pool-27-thread-1] INFO  server.RaftServerConfigKeys (ConfUtils.java:logGet(43)) - raft.server.log.segment.cache.num.max = 2 (custom)
2019-09-24 19:00:56,360 [pool-27-thread-1] INFO  segmented.SegmentedRaftLogWorker (SegmentedRaftLogWorker.java:<init>(172)) - new f9d00a00-bc78-4492-92ba-83defd396746@group-436748D39EE4-SegmentedRaftLogWorker for RaftStorage:Storage Directory /workdir/hadoop-ozone/integration-test/target/test-dir/MiniOzoneClusterImpl-347bc0d8-8dc7-46c0-bd0b-f626cebf696e/datanode-0/data/ratis/45ac7142-0680-4ada-94f1-436748d39ee4
2019-09-24 19:00:56,362 [pool-27-thread-1] INFO  impl.MetricsSystemImpl (MetricsSystemImpl.java:init(158)) - ratis metrics system started (again)
2019-09-24 19:00:56,369 [pool-27-thread-1] INFO  metrics.MetricRegistries (MetricRegistriesLoader.java:load(64)) - Loaded MetricRegistries class org.apache.ratis.metrics.impl.MetricRegistriesImpl
2019-09-24 19:00:56,404 [pool-27-thread-1] INFO  server.RaftServerConfigKeys (ConfUtils.java:logGet(43)) - raft.server.log.queue.byte-limit = 2147483647 (custom)
2019-09-24 19:00:56,404 [pool-27-thread-1] INFO  server.RaftServerConfigKeys (ConfUtils.java:logGet(43)) - raft.server.log.queue.element-limit = 1024 (custom)
2019-09-24 19:00:56,407 [pool-27-thread-1] INFO  server.RaftServerConfigKeys (ConfUtils.java:logGet(43)) - raft.server.log.segment.size.max = 1048576 (custom)
2019-09-24 19:00:56,408 [pool-27-thread-1] INFO  server.RaftServerConfigKeys (ConfUtils.java:logGet(43)) - raft.server.log.preallocated.size = 16384 (custom)
2019-09-24 19:00:56,408 [pool-27-thread-1] INFO  server.RaftServerConfigKeys (ConfUtils.java:logGet(43)) - raft.server.log.write.buffer.size = 33554432 (custom)
2019-09-24 19:00:56,409 [pool-27-thread-1] INFO  server.RaftServerConfigKeys (ConfUtils.java:logGet(43)) - raft.server.log.force.sync.num = 128 (default)
2019-09-24 19:00:56,410 [pool-27-thread-1] INFO  server.RaftServerConfigKeys (ConfUtils.java:logGet(43)) - raft.server.log.statemachine.data.sync = true (default)
2019-09-24 19:00:56,410 [pool-27-thread-1] INFO  server.RaftServerConfigKeys (ConfUtils.java:logGet(43)) - raft.server.log.statemachine.data.sync.timeout = 10s (default)
2019-09-24 19:00:56,410 [pool-27-thread-1] INFO  server.RaftServerConfigKeys (ConfUtils.java:logGet(43)) - raft.server.log.statemachine.data.sync.timeout.retry = -1 (default)
2019-09-24 19:00:56,419 [pool-27-thread-1] INFO  server.RaftServerConfigKeys (ConfUtils.java:logGet(43)) - raft.server.log.statemachine.data.caching.enabled = true (custom)
2019-09-24 19:00:56,423 [pool-27-thread-1] INFO  segmented.SegmentedRaftLogWorker (SegmentedRaftLogWorker.java:lambda$new$0(132)) - f9d00a00-bc78-4492-92ba-83defd396746@group-436748D39EE4-SegmentedRaftLogWorker: flushIndex: setUnconditionally 0 -> -1
2019-09-24 19:00:56,427 [pool-27-thread-1] INFO  server.RaftServerConfigKeys (ConfUtils.java:logGet(43)) - raft.server.snapshot.auto.trigger.enabled = true (custom)
2019-09-24 19:00:56,428 [pool-27-thread-1] INFO  server.RaftServerConfigKeys (ConfUtils.java:logGet(43)) - raft.server.snapshot.auto.trigger.threshold = 10000 (custom)
2019-09-24 19:00:56,428 [pool-27-thread-1] INFO  server.RaftServerConfigKeys (ConfUtils.java:logGet(43)) - raft.server.snapshot.retention.num.files = 5 (custom)
2019-09-24 19:00:56,429 [pool-27-thread-1] INFO  server.RaftServerConfigKeys (ConfUtils.java:logGet(43)) - raft.server.retrycache.expirytime = 600000ms (custom)
2019-09-24 19:00:56,455 [pool-27-thread-1] INFO  impl.RaftServerImpl (RaftServerImpl.java:start(185)) - f9d00a00-bc78-4492-92ba-83defd396746@group-436748D39EE4: start as a follower, conf=-1: [f9d00a00-bc78-4492-92ba-83defd396746:192.168.5.148:39515], old=null
2019-09-24 19:00:56,456 [pool-27-thread-1] INFO  impl.RaftServerImpl (RaftServerImpl.java:setRole(174)) - f9d00a00-bc78-4492-92ba-83defd396746@group-436748D39EE4: changes role from      null to FOLLOWER at term 0 for startAsFollower
2019-09-24 19:00:56,457 [pool-27-thread-1] INFO  impl.RoleInfo (RoleInfo.java:updateAndGet(143)) - f9d00a00-bc78-4492-92ba-83defd396746: start FollowerState
2019-09-24 19:00:56,478 [pool-27-thread-1] INFO  util.JmxRegister (JmxRegister.java:tryRegister(44)) - Successfully registered JMX Bean with object name Ratis:service=RaftServer,group=group-436748D39EE4,id=f9d00a00-bc78-4492-92ba-83defd396746
2019-09-24 19:00:56,558 [RatisPipelineUtilsThread] INFO  pipeline.PipelineStateManager (PipelineStateManager.java:addPipeline(56)) - Created pipeline Pipeline[ Id: 45ac7142-0680-4ada-94f1-436748d39ee4, Nodes: f9d00a00-bc78-4492-92ba-83defd396746{ip: 192.168.5.148, host: pr-hdds-2149-fgl4f-1742389470, networkLocation: /rack1, certSerialId: null}, Type:RATIS, Factor:ONE, State:OPEN]
2019-09-24 19:00:56,591 [grpc-default-executor-0] INFO  impl.RaftServerProxy (RaftServerProxy.java:addNew(89)) - dd51241e-7f30-423c-8baf-8925f04f92e5: addNew group-D7C3E79DF6C7:[dd51241e-7f30-423c-8baf-8925f04f92e5:192.168.5.148:35152] returns group-D7C3E79DF6C7:java.util.concurrent.CompletableFuture@77aa5508[Not completed]
2019-09-24 19:00:56,664 [pool-37-thread-1] INFO  impl.RaftServerImpl (RaftServerImpl.java:<init>(95)) - dd51241e-7f30-423c-8baf-8925f04f92e5: new RaftServerImpl for group-D7C3E79DF6C7:[dd51241e-7f30-423c-8baf-8925f04f92e5:192.168.5.148:35152] with ContainerStateMachine:uninitialized
2019-09-24 19:00:56,666 [pool-37-thread-1] INFO  server.RaftServerConfigKeys (ConfUtils.java:logGet(43)) - raft.server.rpc.timeout.min = 1s (custom)
2019-09-24 19:00:56,666 [pool-37-thread-1] INFO  server.RaftServerConfigKeys (ConfUtils.java:logGet(43)) - raft.server.rpc.timeout.max = 1200ms (custom)
2019-09-24 19:00:56,667 [pool-37-thread-1] INFO  server.RaftServerConfigKeys (ConfUtils.java:logGet(43)) - raft.server.rpcslowness.timeout = 120s (custom)
2019-09-24 19:00:56,667 [pool-37-thread-1] INFO  server.RaftServerConfigKeys (ConfUtils.java:logGet(43)) - raft.server.sleep.deviation.threshold = 300 (default)
2019-09-24 19:00:56,667 [pool-37-thread-1] INFO  server.RaftServerConfigKeys (ConfUtils.java:logGet(43)) - raft.server.log.appender.install.snapshot.enabled = false (custom)
2019-09-24 19:00:56,667 [pool-37-thread-1] INFO  impl.RaftServerImpl (ServerState.java:<init>(103)) - dd51241e-7f30-423c-8baf-8925f04f92e5@group-D7C3E79DF6C7: ConfigurationManager, init=-1: [dd51241e-7f30-423c-8baf-8925f04f92e5:192.168.5.148:35152], old=null, confs=<EMPTY_MAP>
2019-09-24 19:00:56,667 [pool-37-thread-1] INFO  server.RaftServerConfigKeys (ConfUtils.java:logGet(43)) - raft.server.storage.dir = [/workdir/hadoop-ozone/integration-test/target/test-dir/MiniOzoneClusterImpl-347bc0d8-8dc7-46c0-bd0b-f626cebf696e/datanode-1/data/ratis] (custom)
2019-09-24 19:00:56,668 [pool-37-thread-1] INFO  storage.RaftStorageDirectory (RaftStorageDirectory.java:analyzeStorage(246)) - The storage directory /workdir/hadoop-ozone/integration-test/target/test-dir/MiniOzoneClusterImpl-347bc0d8-8dc7-46c0-bd0b-f626cebf696e/datanode-1/data/ratis/71544d23-0c4d-4718-8fbb-d7c3e79df6c7 does not exist. Creating ...
2019-09-24 19:00:57,077 [pool-37-thread-1] INFO  storage.RaftStorageDirectory (RaftStorageDirectory.java:tryLock(328)) - Lock on /workdir/hadoop-ozone/integration-test/target/test-dir/MiniOzoneClusterImpl-347bc0d8-8dc7-46c0-bd0b-f626cebf696e/datanode-1/data/ratis/71544d23-0c4d-4718-8fbb-d7c3e79df6c7/in_use.lock acquired by nodename 10455@pr-hdds-2149-fgl4f-1742389470
2019-09-24 19:00:57,136 [main] INFO  ozone.MiniOzoneClusterImpl (MiniOzoneClusterImpl.java:lambda$waitForClusterToBeReady$0(147)) - Cluster is ready. Got 10 of 10 DN Heartbeats.
2019-09-24 19:00:57,569 [pool-37-thread-1] INFO  storage.RaftStorage (RaftStorage.java:format(72)) - Storage directory /workdir/hadoop-ozone/integration-test/target/test-dir/MiniOzoneClusterImpl-347bc0d8-8dc7-46c0-bd0b-f626cebf696e/datanode-1/data/ratis/71544d23-0c4d-4718-8fbb-d7c3e79df6c7 has been successfully formatted.
2019-09-24 19:00:57,572 [pool-37-thread-1] INFO  ratis.ContainerStateMachine (ContainerStateMachine.java:loadSnapshot(230)) - group-D7C3E79DF6C7: The snapshot info is null. Setting the last applied indexto:(t:0, i:~)
2019-09-24 19:00:57,575 [pool-37-thread-1] INFO  server.RaftServerConfigKeys (ConfUtils.java:logGet(43)) - raft.server.notification.no-leader.timeout = 120s (custom)
2019-09-24 19:00:57,575 [pool-37-thread-1] INFO  server.RaftServerConfigKeys (ConfUtils.java:logGet(43)) - raft.server.log.use.memory = false (default)
2019-09-24 19:00:57,576 [pool-37-thread-1] INFO  server.RaftServerConfigKeys (ConfUtils.java:logGet(43)) - raft.server.log.purge.gap = 1000000 (custom)
2019-09-24 19:00:57,576 [pool-37-thread-1] INFO  server.RaftServerConfigKeys (ConfUtils.java:logGet(43)) - raft.server.log.appender.buffer.byte-limit = 33554432 (custom)
2019-09-24 19:00:57,576 [pool-37-thread-1] INFO  server.RaftServerConfigKeys (ConfUtils.java:logGet(43)) - raft.server.log.segment.size.max = 1048576 (custom)
2019-09-24 19:00:57,576 [pool-37-thread-1] INFO  server.RaftServerConfigKeys (ConfUtils.java:logGet(43)) - raft.server.log.segment.cache.num.max = 2 (custom)
2019-09-24 19:00:57,577 [pool-37-thread-1] INFO  segmented.SegmentedRaftLogWorker (SegmentedRaftLogWorker.java:<init>(172)) - new dd51241e-7f30-423c-8baf-8925f04f92e5@group-D7C3E79DF6C7-SegmentedRaftLogWorker for RaftStorage:Storage Directory /workdir/hadoop-ozone/integration-test/target/test-dir/MiniOzoneClusterImpl-347bc0d8-8dc7-46c0-bd0b-f626cebf696e/datanode-1/data/ratis/71544d23-0c4d-4718-8fbb-d7c3e79df6c7
2019-09-24 19:00:57,581 [Thread-285] INFO  impl.FollowerState (FollowerState.java:run(106)) - f9d00a00-bc78-4492-92ba-83defd396746:group-436748D39EE4 changes to CANDIDATE, lastRpcTime:1124, electionTimeout:1123ms
2019-09-24 19:00:57,586 [Thread-285] INFO  impl.RoleInfo (RoleInfo.java:shutdownFollowerState(121)) - f9d00a00-bc78-4492-92ba-83defd396746: shutdown FollowerState
2019-09-24 19:00:57,589 [Thread-285] INFO  impl.RaftServerImpl (RaftServerImpl.java:setRole(174)) - f9d00a00-bc78-4492-92ba-83defd396746@group-436748D39EE4: changes role from  FOLLOWER to CANDIDATE at term 0 for changeToCandidate
2019-09-24 19:00:57,596 [pool-37-thread-1] INFO  server.RaftServerConfigKeys (ConfUtils.java:logGet(43)) - raft.server.log.queue.byte-limit = 2147483647 (custom)
2019-09-24 19:00:57,596 [pool-37-thread-1] INFO  server.RaftServerConfigKeys (ConfUtils.java:logGet(43)) - raft.server.log.queue.element-limit = 1024 (custom)
2019-09-24 19:00:57,596 [pool-37-thread-1] INFO  server.RaftServerConfigKeys (ConfUtils.java:logGet(43)) - raft.server.log.segment.size.max = 1048576 (custom)
2019-09-24 19:00:57,599 [pool-37-thread-1] INFO  server.RaftServerConfigKeys (ConfUtils.java:logGet(43)) - raft.server.log.preallocated.size = 16384 (custom)
2019-09-24 19:00:57,599 [pool-37-thread-1] INFO  server.RaftServerConfigKeys (ConfUtils.java:logGet(43)) - raft.server.log.write.buffer.size = 33554432 (custom)
2019-09-24 19:00:57,600 [pool-37-thread-1] INFO  server.RaftServerConfigKeys (ConfUtils.java:logGet(43)) - raft.server.log.force.sync.num = 128 (default)
2019-09-24 19:00:57,600 [pool-37-thread-1] INFO  server.RaftServerConfigKeys (ConfUtils.java:logGet(43)) - raft.server.log.statemachine.data.sync = true (default)
2019-09-24 19:00:57,600 [pool-37-thread-1] INFO  server.RaftServerConfigKeys (ConfUtils.java:logGet(43)) - raft.server.log.statemachine.data.sync.timeout = 10s (default)
2019-09-24 19:00:57,600 [pool-37-thread-1] INFO  server.RaftServerConfigKeys (ConfUtils.java:logGet(43)) - raft.server.log.statemachine.data.sync.timeout.retry = -1 (default)
2019-09-24 19:00:57,608 [Thread-285] INFO  impl.RoleInfo (RoleInfo.java:updateAndGet(143)) - f9d00a00-bc78-4492-92ba-83defd396746: start LeaderElection
2019-09-24 19:00:57,608 [pool-37-thread-1] INFO  server.RaftServerConfigKeys (ConfUtils.java:logGet(43)) - raft.server.log.statemachine.data.caching.enabled = true (custom)
2019-09-24 19:00:57,637 [pool-37-thread-1] INFO  segmented.SegmentedRaftLogWorker (SegmentedRaftLogWorker.java:lambda$new$0(132)) - dd51241e-7f30-423c-8baf-8925f04f92e5@group-D7C3E79DF6C7-SegmentedRaftLogWorker: flushIndex: setUnconditionally 0 -> -1
2019-09-24 19:00:57,641 [pool-37-thread-1] INFO  server.RaftServerConfigKeys (ConfUtils.java:logGet(43)) - raft.server.snapshot.auto.trigger.enabled = true (custom)
2019-09-24 19:00:57,649 [pool-37-thread-1] INFO  server.RaftServerConfigKeys (ConfUtils.java:logGet(43)) - raft.server.snapshot.auto.trigger.threshold = 10000 (custom)
2019-09-24 19:00:57,657 [pool-37-thread-1] INFO  server.RaftServerConfigKeys (ConfUtils.java:logGet(43)) - raft.server.snapshot.retention.num.files = 5 (custom)
2019-09-24 19:00:57,658 [pool-37-thread-1] INFO  server.RaftServerConfigKeys (ConfUtils.java:logGet(43)) - raft.server.retrycache.expirytime = 600000ms (custom)
2019-09-24 19:00:57,667 [pool-37-thread-1] INFO  impl.RaftServerImpl (RaftServerImpl.java:start(185)) - dd51241e-7f30-423c-8baf-8925f04f92e5@group-D7C3E79DF6C7: start as a follower, conf=-1: [dd51241e-7f30-423c-8baf-8925f04f92e5:192.168.5.148:35152], old=null
2019-09-24 19:00:57,667 [pool-37-thread-1] INFO  impl.RaftServerImpl (RaftServerImpl.java:setRole(174)) - dd51241e-7f30-423c-8baf-8925f04f92e5@group-D7C3E79DF6C7: changes role from      null to FOLLOWER at term 0 for startAsFollower
2019-09-24 19:00:57,668 [pool-37-thread-1] INFO  impl.RoleInfo (RoleInfo.java:updateAndGet(143)) - dd51241e-7f30-423c-8baf-8925f04f92e5: start FollowerState
2019-09-24 19:00:57,668 [pool-37-thread-1] INFO  util.JmxRegister (JmxRegister.java:tryRegister(44)) - Successfully registered JMX Bean with object name Ratis:service=RaftServer,group=group-D7C3E79DF6C7,id=dd51241e-7f30-423c-8baf-8925f04f92e5
2019-09-24 19:00:57,679 [f9d00a00-bc78-4492-92ba-83defd396746@group-436748D39EE4:LeaderElection1] INFO  impl.LeaderElection (LeaderElection.java:askForVotes(182)) - f9d00a00-bc78-4492-92ba-83defd396746@group-436748D39EE4:LeaderElection1: begin an election at term 1 for -1: [f9d00a00-bc78-4492-92ba-83defd396746:192.168.5.148:39515], old=null
2019-09-24 19:00:57,684 [f9d00a00-bc78-4492-92ba-83defd396746@group-436748D39EE4:LeaderElection1] INFO  impl.RoleInfo (RoleInfo.java:shutdownLeaderElection(134)) - f9d00a00-bc78-4492-92ba-83defd396746: shutdown LeaderElection
2019-09-24 19:00:57,685 [f9d00a00-bc78-4492-92ba-83defd396746@group-436748D39EE4:LeaderElection1] INFO  impl.RaftServerImpl (RaftServerImpl.java:setRole(174)) - f9d00a00-bc78-4492-92ba-83defd396746@group-436748D39EE4: changes role from CANDIDATE to LEADER at term 1 for changeToLeader
2019-09-24 19:00:57,685 [f9d00a00-bc78-4492-92ba-83defd396746@group-436748D39EE4:LeaderElection1] INFO  impl.RaftServerImpl (ServerState.java:setLeader(253)) - f9d00a00-bc78-4492-92ba-83defd396746@group-436748D39EE4: change Leader from null to f9d00a00-bc78-4492-92ba-83defd396746 at term 1 for becomeLeader, leader elected after 1350ms
2019-09-24 19:00:57,703 [RatisPipelineUtilsThread] INFO  pipeline.PipelineStateManager (PipelineStateManager.java:addPipeline(56)) - Created pipeline Pipeline[ Id: 71544d23-0c4d-4718-8fbb-d7c3e79df6c7, Nodes: dd51241e-7f30-423c-8baf-8925f04f92e5{ip: 192.168.5.148, host: pr-hdds-2149-fgl4f-1742389470, networkLocation: /rack1, certSerialId: null}, Type:RATIS, Factor:ONE, State:OPEN]
2019-09-24 19:00:57,709 [f9d00a00-bc78-4492-92ba-83defd396746@group-436748D39EE4:LeaderElection1] INFO  server.RaftServerConfigKeys (ConfUtils.java:logGet(43)) - raft.server.staging.catchup.gap = 1000 (default)
2019-09-24 19:00:57,709 [f9d00a00-bc78-4492-92ba-83defd396746@group-436748D39EE4:LeaderElection1] INFO  server.RaftServerConfigKeys (ConfUtils.java:logGet(43)) - raft.server.rpc.sleep.time = 25ms (default)
2019-09-24 19:00:57,726 [f9d00a00-bc78-4492-92ba-83defd396746@group-436748D39EE4:LeaderElection1] INFO  server.RaftServerConfigKeys (ConfUtils.java:logGet(43)) - raft.server.write.element-limit = 4096 (default)
2019-09-24 19:00:57,730 [f9d00a00-bc78-4492-92ba-83defd396746@group-436748D39EE4:LeaderElection1] INFO  server.RaftServerConfigKeys (ConfUtils.java:logGet(43)) - raft.server.watch.timeout = 10s (default)
2019-09-24 19:00:57,730 [f9d00a00-bc78-4492-92ba-83defd396746@group-436748D39EE4:LeaderElection1] INFO  server.RaftServerConfigKeys (ConfUtils.java:logGet(43)) - raft.server.watch.timeout.denomination = 1s (default)
2019-09-24 19:00:57,735 [f9d00a00-bc78-4492-92ba-83defd396746@group-436748D39EE4:LeaderElection1] INFO  server.RaftServerConfigKeys (ConfUtils.java:logGet(43)) - raft.server.watch.element-limit = 65536 (default)
2019-09-24 19:00:57,760 [grpc-default-executor-0] INFO  impl.RaftServerProxy (RaftServerProxy.java:addNew(89)) - 91e07af8-8ce2-4ac6-9c90-851894b34103: addNew group-E6958FC09C93:[91e07af8-8ce2-4ac6-9c90-851894b34103:192.168.5.148:45771] returns group-E6958FC09C93:java.util.concurrent.CompletableFuture@6370c4ad[Not completed]
2019-09-24 19:00:57,821 [pool-77-thread-1] INFO  impl.RaftServerImpl (RaftServerImpl.java:<init>(95)) - 91e07af8-8ce2-4ac6-9c90-851894b34103: new RaftServerImpl for group-E6958FC09C93:[91e07af8-8ce2-4ac6-9c90-851894b34103:192.168.5.148:45771] with ContainerStateMachine:uninitialized
2019-09-24 19:00:57,821 [pool-77-thread-1] INFO  server.RaftServerConfigKeys (ConfUtils.java:logGet(43)) - raft.server.rpc.timeout.min = 1s (custom)
2019-09-24 19:00:57,821 [pool-77-thread-1] INFO  server.RaftServerConfigKeys (ConfUtils.java:logGet(43)) - raft.server.rpc.timeout.max = 1200ms (custom)
2019-09-24 19:00:57,821 [pool-77-thread-1] INFO  server.RaftServerConfigKeys (ConfUtils.java:logGet(43)) - raft.server.rpcslowness.timeout = 120s (custom)
2019-09-24 19:00:57,821 [pool-77-thread-1] INFO  server.RaftServerConfigKeys (ConfUtils.java:logGet(43)) - raft.server.sleep.deviation.threshold = 300 (default)
2019-09-24 19:00:57,822 [pool-77-thread-1] INFO  server.RaftServerConfigKeys (ConfUtils.java:logGet(43)) - raft.server.log.appender.install.snapshot.enabled = false (custom)
2019-09-24 19:00:57,822 [pool-77-thread-1] INFO  impl.RaftServerImpl (ServerState.java:<init>(103)) - 91e07af8-8ce2-4ac6-9c90-851894b34103@group-E6958FC09C93: ConfigurationManager, init=-1: [91e07af8-8ce2-4ac6-9c90-851894b34103:192.168.5.148:45771], old=null, confs=<EMPTY_MAP>
2019-09-24 19:00:57,822 [pool-77-thread-1] INFO  server.RaftServerConfigKeys (ConfUtils.java:logGet(43)) - raft.server.storage.dir = [/workdir/hadoop-ozone/integration-test/target/test-dir/MiniOzoneClusterImpl-347bc0d8-8dc7-46c0-bd0b-f626cebf696e/datanode-5/data/ratis] (custom)
2019-09-24 19:00:57,823 [pool-77-thread-1] INFO  storage.RaftStorageDirectory (RaftStorageDirectory.java:analyzeStorage(246)) - The storage directory /workdir/hadoop-ozone/integration-test/target/test-dir/MiniOzoneClusterImpl-347bc0d8-8dc7-46c0-bd0b-f626cebf696e/datanode-5/data/ratis/58bfb67a-54a5-4007-b8c6-e6958fc09c93 does not exist. Creating ...
2019-09-24 19:00:57,875 [f9d00a00-bc78-4492-92ba-83defd396746@group-436748D39EE4:LeaderElection1] INFO  impl.RoleInfo (RoleInfo.java:updateAndGet(143)) - f9d00a00-bc78-4492-92ba-83defd396746: start LeaderState
2019-09-24 19:00:57,904 [f9d00a00-bc78-4492-92ba-83defd396746@group-436748D39EE4:LeaderElection1] INFO  segmented.SegmentedRaftLogWorker (SegmentedRaftLogWorker.java:startLogSegment(380)) - f9d00a00-bc78-4492-92ba-83defd396746@group-436748D39EE4-SegmentedRaftLogWorker: Starting segment from index:0
2019-09-24 19:00:57,934 [f9d00a00-bc78-4492-92ba-83defd396746@group-436748D39EE4:LeaderElection1] INFO  impl.RaftServerImpl (ServerState.java:setRaftConf(354)) - f9d00a00-bc78-4492-92ba-83defd396746@group-436748D39EE4: set configuration 0: [f9d00a00-bc78-4492-92ba-83defd396746:192.168.5.148:39515], old=null at 0
2019-09-24 19:00:58,031 [main] INFO  rpc.RpcClient (RpcClient.java:createVolume(276)) - Creating Volume: datanodefailurehandlingtest, with jenkins1000 as owner.
2019-09-24 19:00:58,108 [pool-77-thread-1] INFO  storage.RaftStorageDirectory (RaftStorageDirectory.java:tryLock(328)) - Lock on /workdir/hadoop-ozone/integration-test/target/test-dir/MiniOzoneClusterImpl-347bc0d8-8dc7-46c0-bd0b-f626cebf696e/datanode-5/data/ratis/58bfb67a-54a5-4007-b8c6-e6958fc09c93/in_use.lock acquired by nodename 10455@pr-hdds-2149-fgl4f-1742389470
2019-09-24 19:00:58,508 [pool-77-thread-1] INFO  storage.RaftStorage (RaftStorage.java:format(72)) - Storage directory /workdir/hadoop-ozone/integration-test/target/test-dir/MiniOzoneClusterImpl-347bc0d8-8dc7-46c0-bd0b-f626cebf696e/datanode-5/data/ratis/58bfb67a-54a5-4007-b8c6-e6958fc09c93 has been successfully formatted.
2019-09-24 19:00:58,511 [pool-77-thread-1] INFO  ratis.ContainerStateMachine (ContainerStateMachine.java:loadSnapshot(230)) - group-E6958FC09C93: The snapshot info is null. Setting the last applied indexto:(t:0, i:~)
2019-09-24 19:00:58,512 [pool-77-thread-1] INFO  server.RaftServerConfigKeys (ConfUtils.java:logGet(43)) - raft.server.notification.no-leader.timeout = 120s (custom)
2019-09-24 19:00:58,512 [pool-77-thread-1] INFO  server.RaftServerConfigKeys (ConfUtils.java:logGet(43)) - raft.server.log.use.memory = false (default)
2019-09-24 19:00:58,512 [pool-77-thread-1] INFO  server.RaftServerConfigKeys (ConfUtils.java:logGet(43)) - raft.server.log.purge.gap = 1000000 (custom)
2019-09-24 19:00:58,512 [pool-77-thread-1] INFO  server.RaftServerConfigKeys (ConfUtils.java:logGet(43)) - raft.server.log.appender.buffer.byte-limit = 33554432 (custom)
2019-09-24 19:00:58,512 [pool-77-thread-1] INFO  server.RaftServerConfigKeys (ConfUtils.java:logGet(43)) - raft.server.log.segment.size.max = 1048576 (custom)
2019-09-24 19:00:58,513 [pool-77-thread-1] INFO  server.RaftServerConfigKeys (ConfUtils.java:logGet(43)) - raft.server.log.segment.cache.num.max = 2 (custom)
2019-09-24 19:00:58,513 [pool-77-thread-1] INFO  segmented.SegmentedRaftLogWorker (SegmentedRaftLogWorker.java:<init>(172)) - new 91e07af8-8ce2-4ac6-9c90-851894b34103@group-E6958FC09C93-SegmentedRaftLogWorker for RaftStorage:Storage Directory /workdir/hadoop-ozone/integration-test/target/test-dir/MiniOzoneClusterImpl-347bc0d8-8dc7-46c0-bd0b-f626cebf696e/datanode-5/data/ratis/58bfb67a-54a5-4007-b8c6-e6958fc09c93
2019-09-24 19:00:58,520 [IPC Server handler 6 on 45853] INFO  volume.OMVolumeCreateRequest (OMVolumeCreateRequest.java:validateAndUpdateCache(189)) - created volume:datanodefailurehandlingtest for user:jenkins1000
2019-09-24 19:00:58,521 [pool-77-thread-1] INFO  server.RaftServerConfigKeys (ConfUtils.java:logGet(43)) - raft.server.log.queue.byte-limit = 2147483647 (custom)
2019-09-24 19:00:58,522 [pool-77-thread-1] INFO  server.RaftServerConfigKeys (ConfUtils.java:logGet(43)) - raft.server.log.queue.element-limit = 1024 (custom)
2019-09-24 19:00:58,522 [pool-77-thread-1] INFO  server.RaftServerConfigKeys (ConfUtils.java:logGet(43)) - raft.server.log.segment.size.max = 1048576 (custom)
2019-09-24 19:00:58,522 [pool-77-thread-1] INFO  server.RaftServerConfigKeys (ConfUtils.java:logGet(43)) - raft.server.log.preallocated.size = 16384 (custom)
2019-09-24 19:00:58,523 [pool-77-thread-1] INFO  server.RaftServerConfigKeys (ConfUtils.java:logGet(43)) - raft.server.log.write.buffer.size = 33554432 (custom)
2019-09-24 19:00:58,523 [pool-77-thread-1] INFO  server.RaftServerConfigKeys (ConfUtils.java:logGet(43)) - raft.server.log.force.sync.num = 128 (default)
2019-09-24 19:00:58,523 [pool-77-thread-1] INFO  server.RaftServerConfigKeys (ConfUtils.java:logGet(43)) - raft.server.log.statemachine.data.sync = true (default)
2019-09-24 19:00:58,523 [pool-77-thread-1] INFO  server.RaftServerConfigKeys (ConfUtils.java:logGet(43)) - raft.server.log.statemachine.data.sync.timeout = 10s (default)
2019-09-24 19:00:58,524 [pool-77-thread-1] INFO  server.RaftServerConfigKeys (ConfUtils.java:logGet(43)) - raft.server.log.statemachine.data.sync.timeout.retry = -1 (default)
2019-09-24 19:00:58,524 [pool-77-thread-1] INFO  server.RaftServerConfigKeys (ConfUtils.java:logGet(43)) - raft.server.log.statemachine.data.caching.enabled = true (custom)
2019-09-24 19:00:58,525 [pool-77-thread-1] INFO  segmented.SegmentedRaftLogWorker (SegmentedRaftLogWorker.java:lambda$new$0(132)) - 91e07af8-8ce2-4ac6-9c90-851894b34103@group-E6958FC09C93-SegmentedRaftLogWorker: flushIndex: setUnconditionally 0 -> -1
2019-09-24 19:00:58,525 [pool-77-thread-1] INFO  server.RaftServerConfigKeys (ConfUtils.java:logGet(43)) - raft.server.snapshot.auto.trigger.enabled = true (custom)
2019-09-24 19:00:58,525 [pool-77-thread-1] INFO  server.RaftServerConfigKeys (ConfUtils.java:logGet(43)) - raft.server.snapshot.auto.trigger.threshold = 10000 (custom)
2019-09-24 19:00:58,525 [pool-77-thread-1] INFO  server.RaftServerConfigKeys (ConfUtils.java:logGet(43)) - raft.server.snapshot.retention.num.files = 5 (custom)
2019-09-24 19:00:58,526 [pool-77-thread-1] INFO  server.RaftServerConfigKeys (ConfUtils.java:logGet(43)) - raft.server.retrycache.expirytime = 600000ms (custom)
2019-09-24 19:00:58,528 [Thread-283] INFO  container.ReplicationManager (ReplicationManager.java:start(162)) - Starting Replication Monitor Thread.
2019-09-24 19:00:58,537 [ReplicationMonitor] INFO  container.ReplicationManager (ReplicationManager.java:run(225)) - Replication Monitor Thread took 0 milliseconds for processing 0 containers.
2019-09-24 19:00:58,556 [pool-77-thread-1] INFO  impl.RaftServerImpl (RaftServerImpl.java:start(185)) - 91e07af8-8ce2-4ac6-9c90-851894b34103@group-E6958FC09C93: start as a follower, conf=-1: [91e07af8-8ce2-4ac6-9c90-851894b34103:192.168.5.148:45771], old=null
2019-09-24 19:00:58,557 [pool-77-thread-1] INFO  impl.RaftServerImpl (RaftServerImpl.java:setRole(174)) - 91e07af8-8ce2-4ac6-9c90-851894b34103@group-E6958FC09C93: changes role from      null to FOLLOWER at term 0 for startAsFollower
2019-09-24 19:00:58,557 [pool-77-thread-1] INFO  impl.RoleInfo (RoleInfo.java:updateAndGet(143)) - 91e07af8-8ce2-4ac6-9c90-851894b34103: start FollowerState
2019-09-24 19:00:58,557 [pool-77-thread-1] INFO  util.JmxRegister (JmxRegister.java:tryRegister(44)) - Successfully registered JMX Bean with object name Ratis:service=RaftServer,group=group-E6958FC09C93,id=91e07af8-8ce2-4ac6-9c90-851894b34103
2019-09-24 19:00:58,580 [RatisPipelineUtilsThread] INFO  pipeline.PipelineStateManager (PipelineStateManager.java:addPipeline(56)) - Created pipeline Pipeline[ Id: 58bfb67a-54a5-4007-b8c6-e6958fc09c93, Nodes: 91e07af8-8ce2-4ac6-9c90-851894b34103{ip: 192.168.5.148, host: pr-hdds-2149-fgl4f-1742389470, networkLocation: /rack1, certSerialId: null}, Type:RATIS, Factor:ONE, State:OPEN]
2019-09-24 19:00:58,581 [main] INFO  rpc.RpcClient (RpcClient.java:createBucket(415)) - Creating Bucket: datanodefailurehandlingtest/datanodefailurehandlingtest, with Versioning false and Storage Type set to DISK and Encryption set to false 
2019-09-24 19:00:58,615 [grpc-default-executor-0] INFO  impl.RaftServerProxy (RaftServerProxy.java:addNew(89)) - c0a619e5-2907-4353-abbd-f6fb1099a46d: addNew group-DA7E715AA612:[c0a619e5-2907-4353-abbd-f6fb1099a46d:192.168.5.148:37575] returns group-DA7E715AA612:java.util.concurrent.CompletableFuture@7203a0eb[Not completed]
2019-09-24 19:00:58,623 [pool-87-thread-1] INFO  impl.RaftServerImpl (RaftServerImpl.java:<init>(95)) - c0a619e5-2907-4353-abbd-f6fb1099a46d: new RaftServerImpl for group-DA7E715AA612:[c0a619e5-2907-4353-abbd-f6fb1099a46d:192.168.5.148:37575] with ContainerStateMachine:uninitialized
2019-09-24 19:00:58,624 [pool-87-thread-1] INFO  server.RaftServerConfigKeys (ConfUtils.java:logGet(43)) - raft.server.rpc.timeout.min = 1s (custom)
2019-09-24 19:00:58,624 [pool-87-thread-1] INFO  server.RaftServerConfigKeys (ConfUtils.java:logGet(43)) - raft.server.rpc.timeout.max = 1200ms (custom)
2019-09-24 19:00:58,624 [pool-87-thread-1] INFO  server.RaftServerConfigKeys (ConfUtils.java:logGet(43)) - raft.server.rpcslowness.timeout = 120s (custom)
2019-09-24 19:00:58,624 [pool-87-thread-1] INFO  server.RaftServerConfigKeys (ConfUtils.java:logGet(43)) - raft.server.sleep.deviation.threshold = 300 (default)
2019-09-24 19:00:58,624 [pool-87-thread-1] INFO  server.RaftServerConfigKeys (ConfUtils.java:logGet(43)) - raft.server.log.appender.install.snapshot.enabled = false (custom)
2019-09-24 19:00:58,624 [pool-87-thread-1] INFO  impl.RaftServerImpl (ServerState.java:<init>(103)) - c0a619e5-2907-4353-abbd-f6fb1099a46d@group-DA7E715AA612: ConfigurationManager, init=-1: [c0a619e5-2907-4353-abbd-f6fb1099a46d:192.168.5.148:37575], old=null, confs=<EMPTY_MAP>
2019-09-24 19:00:58,625 [pool-87-thread-1] INFO  server.RaftServerConfigKeys (ConfUtils.java:logGet(43)) - raft.server.storage.dir = [/workdir/hadoop-ozone/integration-test/target/test-dir/MiniOzoneClusterImpl-347bc0d8-8dc7-46c0-bd0b-f626cebf696e/datanode-6/data/ratis] (custom)
2019-09-24 19:00:58,625 [pool-87-thread-1] INFO  storage.RaftStorageDirectory (RaftStorageDirectory.java:analyzeStorage(246)) - The storage directory /workdir/hadoop-ozone/integration-test/target/test-dir/MiniOzoneClusterImpl-347bc0d8-8dc7-46c0-bd0b-f626cebf696e/datanode-6/data/ratis/2215715b-0966-4d09-aa8e-da7e715aa612 does not exist. Creating ...
2019-09-24 19:00:58,739 [Thread-290] INFO  impl.FollowerState (FollowerState.java:run(106)) - dd51241e-7f30-423c-8baf-8925f04f92e5:group-D7C3E79DF6C7 changes to CANDIDATE, lastRpcTime:1071, electionTimeout:1071ms
2019-09-24 19:00:58,740 [Thread-290] INFO  impl.RoleInfo (RoleInfo.java:shutdownFollowerState(121)) - dd51241e-7f30-423c-8baf-8925f04f92e5: shutdown FollowerState
2019-09-24 19:00:58,740 [Thread-290] INFO  impl.RaftServerImpl (RaftServerImpl.java:setRole(174)) - dd51241e-7f30-423c-8baf-8925f04f92e5@group-D7C3E79DF6C7: changes role from  FOLLOWER to CANDIDATE at term 0 for changeToCandidate
2019-09-24 19:00:58,740 [Thread-290] INFO  impl.RoleInfo (RoleInfo.java:updateAndGet(143)) - dd51241e-7f30-423c-8baf-8925f04f92e5: start LeaderElection
2019-09-24 19:00:58,992 [pool-87-thread-1] INFO  storage.RaftStorageDirectory (RaftStorageDirectory.java:tryLock(328)) - Lock on /workdir/hadoop-ozone/integration-test/target/test-dir/MiniOzoneClusterImpl-347bc0d8-8dc7-46c0-bd0b-f626cebf696e/datanode-6/data/ratis/2215715b-0966-4d09-aa8e-da7e715aa612/in_use.lock acquired by nodename 10455@pr-hdds-2149-fgl4f-1742389470
2019-09-24 19:00:58,992 [dd51241e-7f30-423c-8baf-8925f04f92e5@group-D7C3E79DF6C7:LeaderElection2] INFO  impl.LeaderElection (LeaderElection.java:askForVotes(182)) - dd51241e-7f30-423c-8baf-8925f04f92e5@group-D7C3E79DF6C7:LeaderElection2: begin an election at term 1 for -1: [dd51241e-7f30-423c-8baf-8925f04f92e5:192.168.5.148:35152], old=null
2019-09-24 19:00:58,992 [f9d00a00-bc78-4492-92ba-83defd396746@group-436748D39EE4-SegmentedRaftLogWorker] INFO  segmented.SegmentedRaftLogWorker (SegmentedRaftLogWorker.java:execute(569)) - f9d00a00-bc78-4492-92ba-83defd396746@group-436748D39EE4-SegmentedRaftLogWorker: created new log segment /workdir/hadoop-ozone/integration-test/target/test-dir/MiniOzoneClusterImpl-347bc0d8-8dc7-46c0-bd0b-f626cebf696e/datanode-0/data/ratis/45ac7142-0680-4ada-94f1-436748d39ee4/current/log_inprogress_0
2019-09-24 19:00:58,998 [dd51241e-7f30-423c-8baf-8925f04f92e5@group-D7C3E79DF6C7:LeaderElection2] INFO  impl.RoleInfo (RoleInfo.java:shutdownLeaderElection(134)) - dd51241e-7f30-423c-8baf-8925f04f92e5: shutdown LeaderElection
2019-09-24 19:00:58,998 [dd51241e-7f30-423c-8baf-8925f04f92e5@group-D7C3E79DF6C7:LeaderElection2] INFO  impl.RaftServerImpl (RaftServerImpl.java:setRole(174)) - dd51241e-7f30-423c-8baf-8925f04f92e5@group-D7C3E79DF6C7: changes role from CANDIDATE to LEADER at term 1 for changeToLeader
2019-09-24 19:00:58,998 [dd51241e-7f30-423c-8baf-8925f04f92e5@group-D7C3E79DF6C7:LeaderElection2] INFO  impl.RaftServerImpl (ServerState.java:setLeader(253)) - dd51241e-7f30-423c-8baf-8925f04f92e5@group-D7C3E79DF6C7: change Leader from null to dd51241e-7f30-423c-8baf-8925f04f92e5 at term 1 for becomeLeader, leader elected after 1423ms
2019-09-24 19:00:59,001 [dd51241e-7f30-423c-8baf-8925f04f92e5@group-D7C3E79DF6C7:LeaderElection2] INFO  server.RaftServerConfigKeys (ConfUtils.java:logGet(43)) - raft.server.staging.catchup.gap = 1000 (default)
2019-09-24 19:00:59,001 [dd51241e-7f30-423c-8baf-8925f04f92e5@group-D7C3E79DF6C7:LeaderElection2] INFO  server.RaftServerConfigKeys (ConfUtils.java:logGet(43)) - raft.server.rpc.sleep.time = 25ms (default)
2019-09-24 19:00:59,002 [dd51241e-7f30-423c-8baf-8925f04f92e5@group-D7C3E79DF6C7:LeaderElection2] INFO  server.RaftServerConfigKeys (ConfUtils.java:logGet(43)) - raft.server.write.element-limit = 4096 (default)
2019-09-24 19:00:59,002 [dd51241e-7f30-423c-8baf-8925f04f92e5@group-D7C3E79DF6C7:LeaderElection2] INFO  server.RaftServerConfigKeys (ConfUtils.java:logGet(43)) - raft.server.watch.timeout = 10s (default)
2019-09-24 19:00:59,002 [dd51241e-7f30-423c-8baf-8925f04f92e5@group-D7C3E79DF6C7:LeaderElection2] INFO  server.RaftServerConfigKeys (ConfUtils.java:logGet(43)) - raft.server.watch.timeout.denomination = 1s (default)
2019-09-24 19:00:59,002 [dd51241e-7f30-423c-8baf-8925f04f92e5@group-D7C3E79DF6C7:LeaderElection2] INFO  server.RaftServerConfigKeys (ConfUtils.java:logGet(43)) - raft.server.watch.element-limit = 65536 (default)
2019-09-24 19:00:59,008 [dd51241e-7f30-423c-8baf-8925f04f92e5@group-D7C3E79DF6C7:LeaderElection2] INFO  impl.RoleInfo (RoleInfo.java:updateAndGet(143)) - dd51241e-7f30-423c-8baf-8925f04f92e5: start LeaderState
2019-09-24 19:00:59,009 [dd51241e-7f30-423c-8baf-8925f04f92e5@group-D7C3E79DF6C7:LeaderElection2] INFO  segmented.SegmentedRaftLogWorker (SegmentedRaftLogWorker.java:startLogSegment(380)) - dd51241e-7f30-423c-8baf-8925f04f92e5@group-D7C3E79DF6C7-SegmentedRaftLogWorker: Starting segment from index:0
2019-09-24 19:00:59,009 [dd51241e-7f30-423c-8baf-8925f04f92e5@group-D7C3E79DF6C7:LeaderElection2] INFO  impl.RaftServerImpl (ServerState.java:setRaftConf(354)) - dd51241e-7f30-423c-8baf-8925f04f92e5@group-D7C3E79DF6C7: set configuration 0: [dd51241e-7f30-423c-8baf-8925f04f92e5:192.168.5.148:35152], old=null at 0
2019-09-24 19:00:59,323 [dd51241e-7f30-423c-8baf-8925f04f92e5@group-D7C3E79DF6C7-SegmentedRaftLogWorker] INFO  segmented.SegmentedRaftLogWorker (SegmentedRaftLogWorker.java:execute(569)) - dd51241e-7f30-423c-8baf-8925f04f92e5@group-D7C3E79DF6C7-SegmentedRaftLogWorker: created new log segment /workdir/hadoop-ozone/integration-test/target/test-dir/MiniOzoneClusterImpl-347bc0d8-8dc7-46c0-bd0b-f626cebf696e/datanode-1/data/ratis/71544d23-0c4d-4718-8fbb-d7c3e79df6c7/current/log_inprogress_0
2019-09-24 19:00:59,323 [pool-87-thread-1] INFO  storage.RaftStorage (RaftStorage.java:format(72)) - Storage directory /workdir/hadoop-ozone/integration-test/target/test-dir/MiniOzoneClusterImpl-347bc0d8-8dc7-46c0-bd0b-f626cebf696e/datanode-6/data/ratis/2215715b-0966-4d09-aa8e-da7e715aa612 has been successfully formatted.
2019-09-24 19:00:59,324 [pool-87-thread-1] INFO  ratis.ContainerStateMachine (ContainerStateMachine.java:loadSnapshot(230)) - group-DA7E715AA612: The snapshot info is null. Setting the last applied indexto:(t:0, i:~)
2019-09-24 19:00:59,324 [pool-87-thread-1] INFO  server.RaftServerConfigKeys (ConfUtils.java:logGet(43)) - raft.server.notification.no-leader.timeout = 120s (custom)
2019-09-24 19:00:59,324 [pool-87-thread-1] INFO  server.RaftServerConfigKeys (ConfUtils.java:logGet(43)) - raft.server.log.use.memory = false (default)
2019-09-24 19:00:59,325 [pool-87-thread-1] INFO  server.RaftServerConfigKeys (ConfUtils.java:logGet(43)) - raft.server.log.purge.gap = 1000000 (custom)
2019-09-24 19:00:59,325 [pool-87-thread-1] INFO  server.RaftServerConfigKeys (ConfUtils.java:logGet(43)) - raft.server.log.appender.buffer.byte-limit = 33554432 (custom)
2019-09-24 19:00:59,325 [pool-87-thread-1] INFO  server.RaftServerConfigKeys (ConfUtils.java:logGet(43)) - raft.server.log.segment.size.max = 1048576 (custom)
2019-09-24 19:00:59,325 [pool-87-thread-1] INFO  server.RaftServerConfigKeys (ConfUtils.java:logGet(43)) - raft.server.log.segment.cache.num.max = 2 (custom)
2019-09-24 19:00:59,326 [pool-87-thread-1] INFO  segmented.SegmentedRaftLogWorker (SegmentedRaftLogWorker.java:<init>(172)) - new c0a619e5-2907-4353-abbd-f6fb1099a46d@group-DA7E715AA612-SegmentedRaftLogWorker for RaftStorage:Storage Directory /workdir/hadoop-ozone/integration-test/target/test-dir/MiniOzoneClusterImpl-347bc0d8-8dc7-46c0-bd0b-f626cebf696e/datanode-6/data/ratis/2215715b-0966-4d09-aa8e-da7e715aa612
2019-09-24 19:00:59,331 [pool-87-thread-1] INFO  server.RaftServerConfigKeys (ConfUtils.java:logGet(43)) - raft.server.log.queue.byte-limit = 2147483647 (custom)
2019-09-24 19:00:59,331 [pool-87-thread-1] INFO  server.RaftServerConfigKeys (ConfUtils.java:logGet(43)) - raft.server.log.queue.element-limit = 1024 (custom)
2019-09-24 19:00:59,332 [pool-87-thread-1] INFO  server.RaftServerConfigKeys (ConfUtils.java:logGet(43)) - raft.server.log.segment.size.max = 1048576 (custom)
2019-09-24 19:00:59,332 [pool-87-thread-1] INFO  server.RaftServerConfigKeys (ConfUtils.java:logGet(43)) - raft.server.log.preallocated.size = 16384 (custom)
2019-09-24 19:00:59,332 [pool-87-thread-1] INFO  server.RaftServerConfigKeys (ConfUtils.java:logGet(43)) - raft.server.log.write.buffer.size = 33554432 (custom)
2019-09-24 19:00:59,332 [pool-87-thread-1] INFO  server.RaftServerConfigKeys (ConfUtils.java:logGet(43)) - raft.server.log.force.sync.num = 128 (default)
2019-09-24 19:00:59,332 [pool-87-thread-1] INFO  server.RaftServerConfigKeys (ConfUtils.java:logGet(43)) - raft.server.log.statemachine.data.sync = true (default)
2019-09-24 19:00:59,333 [pool-87-thread-1] INFO  server.RaftServerConfigKeys (ConfUtils.java:logGet(43)) - raft.server.log.statemachine.data.sync.timeout = 10s (default)
2019-09-24 19:00:59,333 [pool-87-thread-1] INFO  server.RaftServerConfigKeys (ConfUtils.java:logGet(43)) - raft.server.log.statemachine.data.sync.timeout.retry = -1 (default)
2019-09-24 19:00:59,333 [pool-87-thread-1] INFO  server.RaftServerConfigKeys (ConfUtils.java:logGet(43)) - raft.server.log.statemachine.data.caching.enabled = true (custom)
2019-09-24 19:00:59,334 [pool-87-thread-1] INFO  segmented.SegmentedRaftLogWorker (SegmentedRaftLogWorker.java:lambda$new$0(132)) - c0a619e5-2907-4353-abbd-f6fb1099a46d@group-DA7E715AA612-SegmentedRaftLogWorker: flushIndex: setUnconditionally 0 -> -1
2019-09-24 19:00:59,334 [pool-87-thread-1] INFO  server.RaftServerConfigKeys (ConfUtils.java:logGet(43)) - raft.server.snapshot.auto.trigger.enabled = true (custom)
2019-09-24 19:00:59,334 [pool-87-thread-1] INFO  server.RaftServerConfigKeys (ConfUtils.java:logGet(43)) - raft.server.snapshot.auto.trigger.threshold = 10000 (custom)
2019-09-24 19:00:59,335 [pool-87-thread-1] INFO  server.RaftServerConfigKeys (ConfUtils.java:logGet(43)) - raft.server.snapshot.retention.num.files = 5 (custom)
2019-09-24 19:00:59,335 [pool-87-thread-1] INFO  server.RaftServerConfigKeys (ConfUtils.java:logGet(43)) - raft.server.retrycache.expirytime = 600000ms (custom)
2019-09-24 19:00:59,340 [pool-87-thread-1] INFO  impl.RaftServerImpl (RaftServerImpl.java:start(185)) - c0a619e5-2907-4353-abbd-f6fb1099a46d@group-DA7E715AA612: start as a follower, conf=-1: [c0a619e5-2907-4353-abbd-f6fb1099a46d:192.168.5.148:37575], old=null
2019-09-24 19:00:59,340 [pool-87-thread-1] INFO  impl.RaftServerImpl (RaftServerImpl.java:setRole(174)) - c0a619e5-2907-4353-abbd-f6fb1099a46d@group-DA7E715AA612: changes role from      null to FOLLOWER at term 0 for startAsFollower
2019-09-24 19:00:59,340 [pool-87-thread-1] INFO  impl.RoleInfo (RoleInfo.java:updateAndGet(143)) - c0a619e5-2907-4353-abbd-f6fb1099a46d: start FollowerState
2019-09-24 19:00:59,341 [pool-87-thread-1] INFO  util.JmxRegister (JmxRegister.java:tryRegister(44)) - Successfully registered JMX Bean with object name Ratis:service=RaftServer,group=group-DA7E715AA612,id=c0a619e5-2907-4353-abbd-f6fb1099a46d
2019-09-24 19:00:59,371 [RatisPipelineUtilsThread] INFO  pipeline.PipelineStateManager (PipelineStateManager.java:addPipeline(56)) - Created pipeline Pipeline[ Id: 2215715b-0966-4d09-aa8e-da7e715aa612, Nodes: c0a619e5-2907-4353-abbd-f6fb1099a46d{ip: 192.168.5.148, host: pr-hdds-2149-fgl4f-1742389470, networkLocation: /rack1, certSerialId: null}, Type:RATIS, Factor:ONE, State:OPEN]
2019-09-24 19:00:59,391 [grpc-default-executor-0] INFO  impl.RaftServerProxy (RaftServerProxy.java:addNew(89)) - 01d7623e-fce0-4300-8f15-4bc2097938ef: addNew group-5CE0F0C3FB6F:[01d7623e-fce0-4300-8f15-4bc2097938ef:192.168.5.148:45158] returns group-5CE0F0C3FB6F:java.util.concurrent.CompletableFuture@70d37685[Not completed]
2019-09-24 19:00:59,398 [pool-67-thread-1] INFO  impl.RaftServerImpl (RaftServerImpl.java:<init>(95)) - 01d7623e-fce0-4300-8f15-4bc2097938ef: new RaftServerImpl for group-5CE0F0C3FB6F:[01d7623e-fce0-4300-8f15-4bc2097938ef:192.168.5.148:45158] with ContainerStateMachine:uninitialized
2019-09-24 19:00:59,398 [pool-67-thread-1] INFO  server.RaftServerConfigKeys (ConfUtils.java:logGet(43)) - raft.server.rpc.timeout.min = 1s (custom)
2019-09-24 19:00:59,398 [pool-67-thread-1] INFO  server.RaftServerConfigKeys (ConfUtils.java:logGet(43)) - raft.server.rpc.timeout.max = 1200ms (custom)
2019-09-24 19:00:59,398 [pool-67-thread-1] INFO  server.RaftServerConfigKeys (ConfUtils.java:logGet(43)) - raft.server.rpcslowness.timeout = 120s (custom)
2019-09-24 19:00:59,399 [pool-67-thread-1] INFO  server.RaftServerConfigKeys (ConfUtils.java:logGet(43)) - raft.server.sleep.deviation.threshold = 300 (default)
2019-09-24 19:00:59,399 [pool-67-thread-1] INFO  server.RaftServerConfigKeys (ConfUtils.java:logGet(43)) - raft.server.log.appender.install.snapshot.enabled = false (custom)
2019-09-24 19:00:59,399 [pool-67-thread-1] INFO  impl.RaftServerImpl (ServerState.java:<init>(103)) - 01d7623e-fce0-4300-8f15-4bc2097938ef@group-5CE0F0C3FB6F: ConfigurationManager, init=-1: [01d7623e-fce0-4300-8f15-4bc2097938ef:192.168.5.148:45158], old=null, confs=<EMPTY_MAP>
2019-09-24 19:00:59,399 [pool-67-thread-1] INFO  server.RaftServerConfigKeys (ConfUtils.java:logGet(43)) - raft.server.storage.dir = [/workdir/hadoop-ozone/integration-test/target/test-dir/MiniOzoneClusterImpl-347bc0d8-8dc7-46c0-bd0b-f626cebf696e/datanode-4/data/ratis] (custom)
2019-09-24 19:00:59,601 [Thread-297] INFO  impl.FollowerState (FollowerState.java:run(106)) - 91e07af8-8ce2-4ac6-9c90-851894b34103:group-E6958FC09C93 changes to CANDIDATE, lastRpcTime:1044, electionTimeout:1044ms
2019-09-24 19:00:59,605 [Thread-297] INFO  impl.RoleInfo (RoleInfo.java:shutdownFollowerState(121)) - 91e07af8-8ce2-4ac6-9c90-851894b34103: shutdown FollowerState
2019-09-24 19:00:59,605 [Thread-297] INFO  impl.RaftServerImpl (RaftServerImpl.java:setRole(174)) - 91e07af8-8ce2-4ac6-9c90-851894b34103@group-E6958FC09C93: changes role from  FOLLOWER to CANDIDATE at term 0 for changeToCandidate
2019-09-24 19:00:59,605 [Thread-297] INFO  impl.RoleInfo (RoleInfo.java:updateAndGet(143)) - 91e07af8-8ce2-4ac6-9c90-851894b34103: start LeaderElection
2019-09-24 19:00:59,671 [pool-67-thread-1] INFO  storage.RaftStorageDirectory (RaftStorageDirectory.java:analyzeStorage(246)) - The storage directory /workdir/hadoop-ozone/integration-test/target/test-dir/MiniOzoneClusterImpl-347bc0d8-8dc7-46c0-bd0b-f626cebf696e/datanode-4/data/ratis/bd64663e-1ed2-42f4-afda-5ce0f0c3fb6f does not exist. Creating ...
2019-09-24 19:01:00,037 [pool-67-thread-1] INFO  storage.RaftStorageDirectory (RaftStorageDirectory.java:tryLock(328)) - Lock on /workdir/hadoop-ozone/integration-test/target/test-dir/MiniOzoneClusterImpl-347bc0d8-8dc7-46c0-bd0b-f626cebf696e/datanode-4/data/ratis/bd64663e-1ed2-42f4-afda-5ce0f0c3fb6f/in_use.lock acquired by nodename 10455@pr-hdds-2149-fgl4f-1742389470
2019-09-24 19:01:00,038 [91e07af8-8ce2-4ac6-9c90-851894b34103@group-E6958FC09C93:LeaderElection3] INFO  impl.LeaderElection (LeaderElection.java:askForVotes(182)) - 91e07af8-8ce2-4ac6-9c90-851894b34103@group-E6958FC09C93:LeaderElection3: begin an election at term 1 for -1: [91e07af8-8ce2-4ac6-9c90-851894b34103:192.168.5.148:45771], old=null
2019-09-24 19:01:00,038 [91e07af8-8ce2-4ac6-9c90-851894b34103@group-E6958FC09C93:LeaderElection3] INFO  impl.RoleInfo (RoleInfo.java:shutdownLeaderElection(134)) - 91e07af8-8ce2-4ac6-9c90-851894b34103: shutdown LeaderElection
2019-09-24 19:01:00,039 [91e07af8-8ce2-4ac6-9c90-851894b34103@group-E6958FC09C93:LeaderElection3] INFO  impl.RaftServerImpl (RaftServerImpl.java:setRole(174)) - 91e07af8-8ce2-4ac6-9c90-851894b34103@group-E6958FC09C93: changes role from CANDIDATE to LEADER at term 1 for changeToLeader
2019-09-24 19:01:00,039 [91e07af8-8ce2-4ac6-9c90-851894b34103@group-E6958FC09C93:LeaderElection3] INFO  impl.RaftServerImpl (ServerState.java:setLeader(253)) - 91e07af8-8ce2-4ac6-9c90-851894b34103@group-E6958FC09C93: change Leader from null to 91e07af8-8ce2-4ac6-9c90-851894b34103 at term 1 for becomeLeader, leader elected after 1527ms
2019-09-24 19:01:00,062 [91e07af8-8ce2-4ac6-9c90-851894b34103@group-E6958FC09C93:LeaderElection3] INFO  server.RaftServerConfigKeys (ConfUtils.java:logGet(43)) - raft.server.staging.catchup.gap = 1000 (default)
2019-09-24 19:01:00,063 [91e07af8-8ce2-4ac6-9c90-851894b34103@group-E6958FC09C93:LeaderElection3] INFO  server.RaftServerConfigKeys (ConfUtils.java:logGet(43)) - raft.server.rpc.sleep.time = 25ms (default)
2019-09-24 19:01:00,063 [91e07af8-8ce2-4ac6-9c90-851894b34103@group-E6958FC09C93:LeaderElection3] INFO  server.RaftServerConfigKeys (ConfUtils.java:logGet(43)) - raft.server.write.element-limit = 4096 (default)
2019-09-24 19:01:00,063 [91e07af8-8ce2-4ac6-9c90-851894b34103@group-E6958FC09C93:LeaderElection3] INFO  server.RaftServerConfigKeys (ConfUtils.java:logGet(43)) - raft.server.watch.timeout = 10s (default)
2019-09-24 19:01:00,063 [91e07af8-8ce2-4ac6-9c90-851894b34103@group-E6958FC09C93:LeaderElection3] INFO  server.RaftServerConfigKeys (ConfUtils.java:logGet(43)) - raft.server.watch.timeout.denomination = 1s (default)
2019-09-24 19:01:00,064 [91e07af8-8ce2-4ac6-9c90-851894b34103@group-E6958FC09C93:LeaderElection3] INFO  server.RaftServerConfigKeys (ConfUtils.java:logGet(43)) - raft.server.watch.element-limit = 65536 (default)
2019-09-24 19:01:00,094 [pool-67-thread-1] INFO  storage.RaftStorage (RaftStorage.java:format(72)) - Storage directory /workdir/hadoop-ozone/integration-test/target/test-dir/MiniOzoneClusterImpl-347bc0d8-8dc7-46c0-bd0b-f626cebf696e/datanode-4/data/ratis/bd64663e-1ed2-42f4-afda-5ce0f0c3fb6f has been successfully formatted.
2019-09-24 19:01:00,095 [pool-67-thread-1] INFO  ratis.ContainerStateMachine (ContainerStateMachine.java:loadSnapshot(230)) - group-5CE0F0C3FB6F: The snapshot info is null. Setting the last applied indexto:(t:0, i:~)
2019-09-24 19:01:00,095 [pool-67-thread-1] INFO  server.RaftServerConfigKeys (ConfUtils.java:logGet(43)) - raft.server.notification.no-leader.timeout = 120s (custom)
2019-09-24 19:01:00,095 [pool-67-thread-1] INFO  server.RaftServerConfigKeys (ConfUtils.java:logGet(43)) - raft.server.log.use.memory = false (default)
2019-09-24 19:01:00,095 [pool-67-thread-1] INFO  server.RaftServerConfigKeys (ConfUtils.java:logGet(43)) - raft.server.log.purge.gap = 1000000 (custom)
2019-09-24 19:01:00,096 [pool-67-thread-1] INFO  server.RaftServerConfigKeys (ConfUtils.java:logGet(43)) - raft.server.log.appender.buffer.byte-limit = 33554432 (custom)
2019-09-24 19:01:00,096 [pool-67-thread-1] INFO  server.RaftServerConfigKeys (ConfUtils.java:logGet(43)) - raft.server.log.segment.size.max = 1048576 (custom)
2019-09-24 19:01:00,096 [pool-67-thread-1] INFO  server.RaftServerConfigKeys (ConfUtils.java:logGet(43)) - raft.server.log.segment.cache.num.max = 2 (custom)
2019-09-24 19:01:00,096 [pool-67-thread-1] INFO  segmented.SegmentedRaftLogWorker (SegmentedRaftLogWorker.java:<init>(172)) - new 01d7623e-fce0-4300-8f15-4bc2097938ef@group-5CE0F0C3FB6F-SegmentedRaftLogWorker for RaftStorage:Storage Directory /workdir/hadoop-ozone/integration-test/target/test-dir/MiniOzoneClusterImpl-347bc0d8-8dc7-46c0-bd0b-f626cebf696e/datanode-4/data/ratis/bd64663e-1ed2-42f4-afda-5ce0f0c3fb6f
2019-09-24 19:01:00,309 [pool-67-thread-1] INFO  server.RaftServerConfigKeys (ConfUtils.java:logGet(43)) - raft.server.log.queue.byte-limit = 2147483647 (custom)
2019-09-24 19:01:00,309 [pool-67-thread-1] INFO  server.RaftServerConfigKeys (ConfUtils.java:logGet(43)) - raft.server.log.queue.element-limit = 1024 (custom)
2019-09-24 19:01:00,309 [pool-67-thread-1] INFO  server.RaftServerConfigKeys (ConfUtils.java:logGet(43)) - raft.server.log.segment.size.max = 1048576 (custom)
2019-09-24 19:01:00,309 [pool-67-thread-1] INFO  server.RaftServerConfigKeys (ConfUtils.java:logGet(43)) - raft.server.log.preallocated.size = 16384 (custom)
2019-09-24 19:01:00,309 [pool-67-thread-1] INFO  server.RaftServerConfigKeys (ConfUtils.java:logGet(43)) - raft.server.log.write.buffer.size = 33554432 (custom)
2019-09-24 19:01:00,310 [pool-67-thread-1] INFO  server.RaftServerConfigKeys (ConfUtils.java:logGet(43)) - raft.server.log.force.sync.num = 128 (default)
2019-09-24 19:01:00,310 [pool-67-thread-1] INFO  server.RaftServerConfigKeys (ConfUtils.java:logGet(43)) - raft.server.log.statemachine.data.sync = true (default)
2019-09-24 19:01:00,310 [pool-67-thread-1] INFO  server.RaftServerConfigKeys (ConfUtils.java:logGet(43)) - raft.server.log.statemachine.data.sync.timeout = 10s (default)
2019-09-24 19:01:00,310 [91e07af8-8ce2-4ac6-9c90-851894b34103@group-E6958FC09C93:LeaderElection3] INFO  impl.RoleInfo (RoleInfo.java:updateAndGet(143)) - 91e07af8-8ce2-4ac6-9c90-851894b34103: start LeaderState
2019-09-24 19:01:00,310 [pool-67-thread-1] INFO  server.RaftServerConfigKeys (ConfUtils.java:logGet(43)) - raft.server.log.statemachine.data.sync.timeout.retry = -1 (default)
2019-09-24 19:01:00,310 [91e07af8-8ce2-4ac6-9c90-851894b34103@group-E6958FC09C93:LeaderElection3] INFO  segmented.SegmentedRaftLogWorker (SegmentedRaftLogWorker.java:startLogSegment(380)) - 91e07af8-8ce2-4ac6-9c90-851894b34103@group-E6958FC09C93-SegmentedRaftLogWorker: Starting segment from index:0
2019-09-24 19:01:00,310 [pool-67-thread-1] INFO  server.RaftServerConfigKeys (ConfUtils.java:logGet(43)) - raft.server.log.statemachine.data.caching.enabled = true (custom)
2019-09-24 19:01:00,311 [pool-67-thread-1] INFO  segmented.SegmentedRaftLogWorker (SegmentedRaftLogWorker.java:lambda$new$0(132)) - 01d7623e-fce0-4300-8f15-4bc2097938ef@group-5CE0F0C3FB6F-SegmentedRaftLogWorker: flushIndex: setUnconditionally 0 -> -1
2019-09-24 19:01:00,311 [91e07af8-8ce2-4ac6-9c90-851894b34103@group-E6958FC09C93:LeaderElection3] INFO  impl.RaftServerImpl (ServerState.java:setRaftConf(354)) - 91e07af8-8ce2-4ac6-9c90-851894b34103@group-E6958FC09C93: set configuration 0: [91e07af8-8ce2-4ac6-9c90-851894b34103:192.168.5.148:45771], old=null at 0
2019-09-24 19:01:00,311 [pool-67-thread-1] INFO  server.RaftServerConfigKeys (ConfUtils.java:logGet(43)) - raft.server.snapshot.auto.trigger.enabled = true (custom)
2019-09-24 19:01:00,353 [pool-67-thread-1] INFO  server.RaftServerConfigKeys (ConfUtils.java:logGet(43)) - raft.server.snapshot.auto.trigger.threshold = 10000 (custom)
2019-09-24 19:01:00,353 [pool-67-thread-1] INFO  server.RaftServerConfigKeys (ConfUtils.java:logGet(43)) - raft.server.snapshot.retention.num.files = 5 (custom)
2019-09-24 19:01:00,354 [pool-67-thread-1] INFO  server.RaftServerConfigKeys (ConfUtils.java:logGet(43)) - raft.server.retrycache.expirytime = 600000ms (custom)
2019-09-24 19:01:00,359 [pool-67-thread-1] INFO  impl.RaftServerImpl (RaftServerImpl.java:start(185)) - 01d7623e-fce0-4300-8f15-4bc2097938ef@group-5CE0F0C3FB6F: start as a follower, conf=-1: [01d7623e-fce0-4300-8f15-4bc2097938ef:192.168.5.148:45158], old=null
2019-09-24 19:01:00,359 [pool-67-thread-1] INFO  impl.RaftServerImpl (RaftServerImpl.java:setRole(174)) - 01d7623e-fce0-4300-8f15-4bc2097938ef@group-5CE0F0C3FB6F: changes role from      null to FOLLOWER at term 0 for startAsFollower
2019-09-24 19:01:00,359 [pool-67-thread-1] INFO  impl.RoleInfo (RoleInfo.java:updateAndGet(143)) - 01d7623e-fce0-4300-8f15-4bc2097938ef: start FollowerState
2019-09-24 19:01:00,360 [pool-67-thread-1] INFO  util.JmxRegister (JmxRegister.java:tryRegister(44)) - Successfully registered JMX Bean with object name Ratis:service=RaftServer,group=group-5CE0F0C3FB6F,id=01d7623e-fce0-4300-8f15-4bc2097938ef
2019-09-24 19:01:00,378 [RatisPipelineUtilsThread] INFO  pipeline.PipelineStateManager (PipelineStateManager.java:addPipeline(56)) - Created pipeline Pipeline[ Id: bd64663e-1ed2-42f4-afda-5ce0f0c3fb6f, Nodes: 01d7623e-fce0-4300-8f15-4bc2097938ef{ip: 192.168.5.148, host: pr-hdds-2149-fgl4f-1742389470, networkLocation: /rack1, certSerialId: null}, Type:RATIS, Factor:ONE, State:OPEN]
2019-09-24 19:01:00,389 [91e07af8-8ce2-4ac6-9c90-851894b34103@group-E6958FC09C93-SegmentedRaftLogWorker] INFO  segmented.SegmentedRaftLogWorker (SegmentedRaftLogWorker.java:execute(569)) - 91e07af8-8ce2-4ac6-9c90-851894b34103@group-E6958FC09C93-SegmentedRaftLogWorker: created new log segment /workdir/hadoop-ozone/integration-test/target/test-dir/MiniOzoneClusterImpl-347bc0d8-8dc7-46c0-bd0b-f626cebf696e/datanode-5/data/ratis/58bfb67a-54a5-4007-b8c6-e6958fc09c93/current/log_inprogress_0
2019-09-24 19:01:00,401 [grpc-default-executor-0] INFO  impl.RaftServerProxy (RaftServerProxy.java:addNew(89)) - 75e06a4b-10ed-49e3-a0f4-39d0cf919ed9: addNew group-EDE0E9749029:[75e06a4b-10ed-49e3-a0f4-39d0cf919ed9:192.168.5.148:37717] returns group-EDE0E9749029:java.util.concurrent.CompletableFuture@6fb9c817[Not completed]
2019-09-24 19:01:00,404 [pool-117-thread-1] INFO  impl.RaftServerImpl (RaftServerImpl.java:<init>(95)) - 75e06a4b-10ed-49e3-a0f4-39d0cf919ed9: new RaftServerImpl for group-EDE0E9749029:[75e06a4b-10ed-49e3-a0f4-39d0cf919ed9:192.168.5.148:37717] with ContainerStateMachine:uninitialized
2019-09-24 19:01:00,407 [pool-117-thread-1] INFO  server.RaftServerConfigKeys (ConfUtils.java:logGet(43)) - raft.server.rpc.timeout.min = 1s (custom)
2019-09-24 19:01:00,408 [pool-117-thread-1] INFO  server.RaftServerConfigKeys (ConfUtils.java:logGet(43)) - raft.server.rpc.timeout.max = 1200ms (custom)
2019-09-24 19:01:00,408 [pool-117-thread-1] INFO  server.RaftServerConfigKeys (ConfUtils.java:logGet(43)) - raft.server.rpcslowness.timeout = 120s (custom)
2019-09-24 19:01:00,408 [pool-117-thread-1] INFO  server.RaftServerConfigKeys (ConfUtils.java:logGet(43)) - raft.server.sleep.deviation.threshold = 300 (default)
2019-09-24 19:01:00,408 [pool-117-thread-1] INFO  server.RaftServerConfigKeys (ConfUtils.java:logGet(43)) - raft.server.log.appender.install.snapshot.enabled = false (custom)
2019-09-24 19:01:00,408 [pool-117-thread-1] INFO  impl.RaftServerImpl (ServerState.java:<init>(103)) - 75e06a4b-10ed-49e3-a0f4-39d0cf919ed9@group-EDE0E9749029: ConfigurationManager, init=-1: [75e06a4b-10ed-49e3-a0f4-39d0cf919ed9:192.168.5.148:37717], old=null, confs=<EMPTY_MAP>
2019-09-24 19:01:00,409 [pool-117-thread-1] INFO  server.RaftServerConfigKeys (ConfUtils.java:logGet(43)) - raft.server.storage.dir = [/workdir/hadoop-ozone/integration-test/target/test-dir/MiniOzoneClusterImpl-347bc0d8-8dc7-46c0-bd0b-f626cebf696e/datanode-9/data/ratis] (custom)
2019-09-24 19:01:00,409 [pool-117-thread-1] INFO  storage.RaftStorageDirectory (RaftStorageDirectory.java:analyzeStorage(246)) - The storage directory /workdir/hadoop-ozone/integration-test/target/test-dir/MiniOzoneClusterImpl-347bc0d8-8dc7-46c0-bd0b-f626cebf696e/datanode-9/data/ratis/afa48f10-f5b9-4a3d-af44-ede0e9749029 does not exist. Creating ...
2019-09-24 19:01:00,433 [pool-117-thread-1] INFO  storage.RaftStorageDirectory (RaftStorageDirectory.java:tryLock(328)) - Lock on /workdir/hadoop-ozone/integration-test/target/test-dir/MiniOzoneClusterImpl-347bc0d8-8dc7-46c0-bd0b-f626cebf696e/datanode-9/data/ratis/afa48f10-f5b9-4a3d-af44-ede0e9749029/in_use.lock acquired by nodename 10455@pr-hdds-2149-fgl4f-1742389470
2019-09-24 19:01:00,436 [Thread-303] INFO  impl.FollowerState (FollowerState.java:run(106)) - c0a619e5-2907-4353-abbd-f6fb1099a46d:group-DA7E715AA612 changes to CANDIDATE, lastRpcTime:1095, electionTimeout:1095ms
2019-09-24 19:01:00,437 [Thread-303] INFO  impl.RoleInfo (RoleInfo.java:shutdownFollowerState(121)) - c0a619e5-2907-4353-abbd-f6fb1099a46d: shutdown FollowerState
2019-09-24 19:01:00,437 [Thread-303] INFO  impl.RaftServerImpl (RaftServerImpl.java:setRole(174)) - c0a619e5-2907-4353-abbd-f6fb1099a46d@group-DA7E715AA612: changes role from  FOLLOWER to CANDIDATE at term 0 for changeToCandidate
2019-09-24 19:01:00,437 [Thread-303] INFO  impl.RoleInfo (RoleInfo.java:updateAndGet(143)) - c0a619e5-2907-4353-abbd-f6fb1099a46d: start LeaderElection
2019-09-24 19:01:00,479 [pool-117-thread-1] INFO  storage.RaftStorage (RaftStorage.java:format(72)) - Storage directory /workdir/hadoop-ozone/integration-test/target/test-dir/MiniOzoneClusterImpl-347bc0d8-8dc7-46c0-bd0b-f626cebf696e/datanode-9/data/ratis/afa48f10-f5b9-4a3d-af44-ede0e9749029 has been successfully formatted.
2019-09-24 19:01:00,480 [c0a619e5-2907-4353-abbd-f6fb1099a46d@group-DA7E715AA612:LeaderElection4] INFO  impl.LeaderElection (LeaderElection.java:askForVotes(182)) - c0a619e5-2907-4353-abbd-f6fb1099a46d@group-DA7E715AA612:LeaderElection4: begin an election at term 1 for -1: [c0a619e5-2907-4353-abbd-f6fb1099a46d:192.168.5.148:37575], old=null
2019-09-24 19:01:00,480 [pool-117-thread-1] INFO  ratis.ContainerStateMachine (ContainerStateMachine.java:loadSnapshot(230)) - group-EDE0E9749029: The snapshot info is null. Setting the last applied indexto:(t:0, i:~)
2019-09-24 19:01:00,480 [c0a619e5-2907-4353-abbd-f6fb1099a46d@group-DA7E715AA612:LeaderElection4] INFO  impl.RoleInfo (RoleInfo.java:shutdownLeaderElection(134)) - c0a619e5-2907-4353-abbd-f6fb1099a46d: shutdown LeaderElection
2019-09-24 19:01:00,480 [pool-117-thread-1] INFO  server.RaftServerConfigKeys (ConfUtils.java:logGet(43)) - raft.server.notification.no-leader.timeout = 120s (custom)
2019-09-24 19:01:00,480 [c0a619e5-2907-4353-abbd-f6fb1099a46d@group-DA7E715AA612:LeaderElection4] INFO  impl.RaftServerImpl (RaftServerImpl.java:setRole(174)) - c0a619e5-2907-4353-abbd-f6fb1099a46d@group-DA7E715AA612: changes role from CANDIDATE to LEADER at term 1 for changeToLeader
2019-09-24 19:01:00,480 [pool-117-thread-1] INFO  server.RaftServerConfigKeys (ConfUtils.java:logGet(43)) - raft.server.log.use.memory = false (default)
2019-09-24 19:01:00,481 [c0a619e5-2907-4353-abbd-f6fb1099a46d@group-DA7E715AA612:LeaderElection4] INFO  impl.RaftServerImpl (ServerState.java:setLeader(253)) - c0a619e5-2907-4353-abbd-f6fb1099a46d@group-DA7E715AA612: change Leader from null to c0a619e5-2907-4353-abbd-f6fb1099a46d at term 1 for becomeLeader, leader elected after 1156ms
2019-09-24 19:01:00,481 [pool-117-thread-1] INFO  server.RaftServerConfigKeys (ConfUtils.java:logGet(43)) - raft.server.log.purge.gap = 1000000 (custom)
2019-09-24 19:01:00,492 [c0a619e5-2907-4353-abbd-f6fb1099a46d@group-DA7E715AA612:LeaderElection4] INFO  server.RaftServerConfigKeys (ConfUtils.java:logGet(43)) - raft.server.staging.catchup.gap = 1000 (default)
2019-09-24 19:01:00,492 [pool-117-thread-1] INFO  server.RaftServerConfigKeys (ConfUtils.java:logGet(43)) - raft.server.log.appender.buffer.byte-limit = 33554432 (custom)
2019-09-24 19:01:00,492 [c0a619e5-2907-4353-abbd-f6fb1099a46d@group-DA7E715AA612:LeaderElection4] INFO  server.RaftServerConfigKeys (ConfUtils.java:logGet(43)) - raft.server.rpc.sleep.time = 25ms (default)
2019-09-24 19:01:00,492 [pool-117-thread-1] INFO  server.RaftServerConfigKeys (ConfUtils.java:logGet(43)) - raft.server.log.segment.size.max = 1048576 (custom)
2019-09-24 19:01:00,493 [c0a619e5-2907-4353-abbd-f6fb1099a46d@group-DA7E715AA612:LeaderElection4] INFO  server.RaftServerConfigKeys (ConfUtils.java:logGet(43)) - raft.server.write.element-limit = 4096 (default)
2019-09-24 19:01:00,493 [pool-117-thread-1] INFO  server.RaftServerConfigKeys (ConfUtils.java:logGet(43)) - raft.server.log.segment.cache.num.max = 2 (custom)
2019-09-24 19:01:00,493 [c0a619e5-2907-4353-abbd-f6fb1099a46d@group-DA7E715AA612:LeaderElection4] INFO  server.RaftServerConfigKeys (ConfUtils.java:logGet(43)) - raft.server.watch.timeout = 10s (default)
2019-09-24 19:01:00,493 [pool-117-thread-1] INFO  segmented.SegmentedRaftLogWorker (SegmentedRaftLogWorker.java:<init>(172)) - new 75e06a4b-10ed-49e3-a0f4-39d0cf919ed9@group-EDE0E9749029-SegmentedRaftLogWorker for RaftStorage:Storage Directory /workdir/hadoop-ozone/integration-test/target/test-dir/MiniOzoneClusterImpl-347bc0d8-8dc7-46c0-bd0b-f626cebf696e/datanode-9/data/ratis/afa48f10-f5b9-4a3d-af44-ede0e9749029
2019-09-24 19:01:00,493 [c0a619e5-2907-4353-abbd-f6fb1099a46d@group-DA7E715AA612:LeaderElection4] INFO  server.RaftServerConfigKeys (ConfUtils.java:logGet(43)) - raft.server.watch.timeout.denomination = 1s (default)
2019-09-24 19:01:00,494 [c0a619e5-2907-4353-abbd-f6fb1099a46d@group-DA7E715AA612:LeaderElection4] INFO  server.RaftServerConfigKeys (ConfUtils.java:logGet(43)) - raft.server.watch.element-limit = 65536 (default)
2019-09-24 19:01:00,498 [pool-117-thread-1] INFO  server.RaftServerConfigKeys (ConfUtils.java:logGet(43)) - raft.server.log.queue.byte-limit = 2147483647 (custom)
2019-09-24 19:01:00,498 [pool-117-thread-1] INFO  server.RaftServerConfigKeys (ConfUtils.java:logGet(43)) - raft.server.log.queue.element-limit = 1024 (custom)
2019-09-24 19:01:00,499 [pool-117-thread-1] INFO  server.RaftServerConfigKeys (ConfUtils.java:logGet(43)) - raft.server.log.segment.size.max = 1048576 (custom)
2019-09-24 19:01:00,499 [pool-117-thread-1] INFO  server.RaftServerConfigKeys (ConfUtils.java:logGet(43)) - raft.server.log.preallocated.size = 16384 (custom)
2019-09-24 19:01:00,499 [pool-117-thread-1] INFO  server.RaftServerConfigKeys (ConfUtils.java:logGet(43)) - raft.server.log.write.buffer.size = 33554432 (custom)
2019-09-24 19:01:00,499 [pool-117-thread-1] INFO  server.RaftServerConfigKeys (ConfUtils.java:logGet(43)) - raft.server.log.force.sync.num = 128 (default)
2019-09-24 19:01:00,499 [c0a619e5-2907-4353-abbd-f6fb1099a46d@group-DA7E715AA612:LeaderElection4] INFO  impl.RoleInfo (RoleInfo.java:updateAndGet(143)) - c0a619e5-2907-4353-abbd-f6fb1099a46d: start LeaderState
2019-09-24 19:01:00,499 [pool-117-thread-1] INFO  server.RaftServerConfigKeys (ConfUtils.java:logGet(43)) - raft.server.log.statemachine.data.sync = true (default)
2019-09-24 19:01:00,500 [c0a619e5-2907-4353-abbd-f6fb1099a46d@group-DA7E715AA612:LeaderElection4] INFO  segmented.SegmentedRaftLogWorker (SegmentedRaftLogWorker.java:startLogSegment(380)) - c0a619e5-2907-4353-abbd-f6fb1099a46d@group-DA7E715AA612-SegmentedRaftLogWorker: Starting segment from index:0
2019-09-24 19:01:00,500 [pool-117-thread-1] INFO  server.RaftServerConfigKeys (ConfUtils.java:logGet(43)) - raft.server.log.statemachine.data.sync.timeout = 10s (default)
2019-09-24 19:01:00,500 [pool-117-thread-1] INFO  server.RaftServerConfigKeys (ConfUtils.java:logGet(43)) - raft.server.log.statemachine.data.sync.timeout.retry = -1 (default)
2019-09-24 19:01:00,500 [c0a619e5-2907-4353-abbd-f6fb1099a46d@group-DA7E715AA612:LeaderElection4] INFO  impl.RaftServerImpl (ServerState.java:setRaftConf(354)) - c0a619e5-2907-4353-abbd-f6fb1099a46d@group-DA7E715AA612: set configuration 0: [c0a619e5-2907-4353-abbd-f6fb1099a46d:192.168.5.148:37575], old=null at 0
2019-09-24 19:01:00,501 [pool-117-thread-1] INFO  server.RaftServerConfigKeys (ConfUtils.java:logGet(43)) - raft.server.log.statemachine.data.caching.enabled = true (custom)
2019-09-24 19:01:00,542 [pool-117-thread-1] INFO  segmented.SegmentedRaftLogWorker (SegmentedRaftLogWorker.java:lambda$new$0(132)) - 75e06a4b-10ed-49e3-a0f4-39d0cf919ed9@group-EDE0E9749029-SegmentedRaftLogWorker: flushIndex: setUnconditionally 0 -> -1
2019-09-24 19:01:00,543 [pool-117-thread-1] INFO  server.RaftServerConfigKeys (ConfUtils.java:logGet(43)) - raft.server.snapshot.auto.trigger.enabled = true (custom)
2019-09-24 19:01:00,543 [pool-117-thread-1] INFO  server.RaftServerConfigKeys (ConfUtils.java:logGet(43)) - raft.server.snapshot.auto.trigger.threshold = 10000 (custom)
2019-09-24 19:01:00,543 [pool-117-thread-1] INFO  server.RaftServerConfigKeys (ConfUtils.java:logGet(43)) - raft.server.snapshot.retention.num.files = 5 (custom)
2019-09-24 19:01:00,544 [pool-117-thread-1] INFO  server.RaftServerConfigKeys (ConfUtils.java:logGet(43)) - raft.server.retrycache.expirytime = 600000ms (custom)
2019-09-24 19:01:00,548 [pool-117-thread-1] INFO  impl.RaftServerImpl (RaftServerImpl.java:start(185)) - 75e06a4b-10ed-49e3-a0f4-39d0cf919ed9@group-EDE0E9749029: start as a follower, conf=-1: [75e06a4b-10ed-49e3-a0f4-39d0cf919ed9:192.168.5.148:37717], old=null
2019-09-24 19:01:00,548 [pool-117-thread-1] INFO  impl.RaftServerImpl (RaftServerImpl.java:setRole(174)) - 75e06a4b-10ed-49e3-a0f4-39d0cf919ed9@group-EDE0E9749029: changes role from      null to FOLLOWER at term 0 for startAsFollower
2019-09-24 19:01:00,548 [pool-117-thread-1] INFO  impl.RoleInfo (RoleInfo.java:updateAndGet(143)) - 75e06a4b-10ed-49e3-a0f4-39d0cf919ed9: start FollowerState
2019-09-24 19:01:00,549 [pool-117-thread-1] INFO  util.JmxRegister (JmxRegister.java:tryRegister(44)) - Successfully registered JMX Bean with object name Ratis:service=RaftServer,group=group-EDE0E9749029,id=75e06a4b-10ed-49e3-a0f4-39d0cf919ed9
2019-09-24 19:01:00,565 [RatisPipelineUtilsThread] INFO  pipeline.PipelineStateManager (PipelineStateManager.java:addPipeline(56)) - Created pipeline Pipeline[ Id: afa48f10-f5b9-4a3d-af44-ede0e9749029, Nodes: 75e06a4b-10ed-49e3-a0f4-39d0cf919ed9{ip: 192.168.5.148, host: pr-hdds-2149-fgl4f-1742389470, networkLocation: /rack1, certSerialId: null}, Type:RATIS, Factor:ONE, State:OPEN]
2019-09-24 19:01:00,580 [c0a619e5-2907-4353-abbd-f6fb1099a46d@group-DA7E715AA612-SegmentedRaftLogWorker] INFO  segmented.SegmentedRaftLogWorker (SegmentedRaftLogWorker.java:execute(569)) - c0a619e5-2907-4353-abbd-f6fb1099a46d@group-DA7E715AA612-SegmentedRaftLogWorker: created new log segment /workdir/hadoop-ozone/integration-test/target/test-dir/MiniOzoneClusterImpl-347bc0d8-8dc7-46c0-bd0b-f626cebf696e/datanode-6/data/ratis/2215715b-0966-4d09-aa8e-da7e715aa612/current/log_inprogress_0
2019-09-24 19:01:00,588 [grpc-default-executor-0] INFO  impl.RaftServerProxy (RaftServerProxy.java:addNew(89)) - a05b4b97-0b18-4776-a1dd-8f128fadc53a: addNew group-82CF96156FED:[a05b4b97-0b18-4776-a1dd-8f128fadc53a:192.168.5.148:35009] returns group-82CF96156FED:java.util.concurrent.CompletableFuture@15f56c43[Not completed]
2019-09-24 19:01:00,591 [pool-47-thread-1] INFO  impl.RaftServerImpl (RaftServerImpl.java:<init>(95)) - a05b4b97-0b18-4776-a1dd-8f128fadc53a: new RaftServerImpl for group-82CF96156FED:[a05b4b97-0b18-4776-a1dd-8f128fadc53a:192.168.5.148:35009] with ContainerStateMachine:uninitialized
2019-09-24 19:01:00,592 [pool-47-thread-1] INFO  server.RaftServerConfigKeys (ConfUtils.java:logGet(43)) - raft.server.rpc.timeout.min = 1s (custom)
2019-09-24 19:01:00,592 [pool-47-thread-1] INFO  server.RaftServerConfigKeys (ConfUtils.java:logGet(43)) - raft.server.rpc.timeout.max = 1200ms (custom)
2019-09-24 19:01:00,592 [pool-47-thread-1] INFO  server.RaftServerConfigKeys (ConfUtils.java:logGet(43)) - raft.server.rpcslowness.timeout = 120s (custom)
2019-09-24 19:01:00,592 [pool-47-thread-1] INFO  server.RaftServerConfigKeys (ConfUtils.java:logGet(43)) - raft.server.sleep.deviation.threshold = 300 (default)
2019-09-24 19:01:00,593 [pool-47-thread-1] INFO  server.RaftServerConfigKeys (ConfUtils.java:logGet(43)) - raft.server.log.appender.install.snapshot.enabled = false (custom)
2019-09-24 19:01:00,593 [pool-47-thread-1] INFO  impl.RaftServerImpl (ServerState.java:<init>(103)) - a05b4b97-0b18-4776-a1dd-8f128fadc53a@group-82CF96156FED: ConfigurationManager, init=-1: [a05b4b97-0b18-4776-a1dd-8f128fadc53a:192.168.5.148:35009], old=null, confs=<EMPTY_MAP>
2019-09-24 19:01:00,593 [pool-47-thread-1] INFO  server.RaftServerConfigKeys (ConfUtils.java:logGet(43)) - raft.server.storage.dir = [/workdir/hadoop-ozone/integration-test/target/test-dir/MiniOzoneClusterImpl-347bc0d8-8dc7-46c0-bd0b-f626cebf696e/datanode-2/data/ratis] (custom)
2019-09-24 19:01:00,594 [pool-47-thread-1] INFO  storage.RaftStorageDirectory (RaftStorageDirectory.java:analyzeStorage(246)) - The storage directory /workdir/hadoop-ozone/integration-test/target/test-dir/MiniOzoneClusterImpl-347bc0d8-8dc7-46c0-bd0b-f626cebf696e/datanode-2/data/ratis/ebb21f24-1c63-46c7-9b83-82cf96156fed does not exist. Creating ...
2019-09-24 19:01:00,607 [pool-47-thread-1] INFO  storage.RaftStorageDirectory (RaftStorageDirectory.java:tryLock(328)) - Lock on /workdir/hadoop-ozone/integration-test/target/test-dir/MiniOzoneClusterImpl-347bc0d8-8dc7-46c0-bd0b-f626cebf696e/datanode-2/data/ratis/ebb21f24-1c63-46c7-9b83-82cf96156fed/in_use.lock acquired by nodename 10455@pr-hdds-2149-fgl4f-1742389470
2019-09-24 19:01:00,621 [pool-47-thread-1] INFO  storage.RaftStorage (RaftStorage.java:format(72)) - Storage directory /workdir/hadoop-ozone/integration-test/target/test-dir/MiniOzoneClusterImpl-347bc0d8-8dc7-46c0-bd0b-f626cebf696e/datanode-2/data/ratis/ebb21f24-1c63-46c7-9b83-82cf96156fed has been successfully formatted.
2019-09-24 19:01:00,622 [pool-47-thread-1] INFO  ratis.ContainerStateMachine (ContainerStateMachine.java:loadSnapshot(230)) - group-82CF96156FED: The snapshot info is null. Setting the last applied indexto:(t:0, i:~)
2019-09-24 19:01:00,622 [pool-47-thread-1] INFO  server.RaftServerConfigKeys (ConfUtils.java:logGet(43)) - raft.server.notification.no-leader.timeout = 120s (custom)
2019-09-24 19:01:00,622 [pool-47-thread-1] INFO  server.RaftServerConfigKeys (ConfUtils.java:logGet(43)) - raft.server.log.use.memory = false (default)
2019-09-24 19:01:00,622 [pool-47-thread-1] INFO  server.RaftServerConfigKeys (ConfUtils.java:logGet(43)) - raft.server.log.purge.gap = 1000000 (custom)
2019-09-24 19:01:00,623 [pool-47-thread-1] INFO  server.RaftServerConfigKeys (ConfUtils.java:logGet(43)) - raft.server.log.appender.buffer.byte-limit = 33554432 (custom)
2019-09-24 19:01:00,623 [pool-47-thread-1] INFO  server.RaftServerConfigKeys (ConfUtils.java:logGet(43)) - raft.server.log.segment.size.max = 1048576 (custom)
2019-09-24 19:01:00,623 [pool-47-thread-1] INFO  server.RaftServerConfigKeys (ConfUtils.java:logGet(43)) - raft.server.log.segment.cache.num.max = 2 (custom)
2019-09-24 19:01:00,623 [pool-47-thread-1] INFO  segmented.SegmentedRaftLogWorker (SegmentedRaftLogWorker.java:<init>(172)) - new a05b4b97-0b18-4776-a1dd-8f128fadc53a@group-82CF96156FED-SegmentedRaftLogWorker for RaftStorage:Storage Directory /workdir/hadoop-ozone/integration-test/target/test-dir/MiniOzoneClusterImpl-347bc0d8-8dc7-46c0-bd0b-f626cebf696e/datanode-2/data/ratis/ebb21f24-1c63-46c7-9b83-82cf96156fed
2019-09-24 19:01:00,627 [pool-47-thread-1] INFO  server.RaftServerConfigKeys (ConfUtils.java:logGet(43)) - raft.server.log.queue.byte-limit = 2147483647 (custom)
2019-09-24 19:01:00,627 [pool-47-thread-1] INFO  server.RaftServerConfigKeys (ConfUtils.java:logGet(43)) - raft.server.log.queue.element-limit = 1024 (custom)
2019-09-24 19:01:00,627 [pool-47-thread-1] INFO  server.RaftServerConfigKeys (ConfUtils.java:logGet(43)) - raft.server.log.segment.size.max = 1048576 (custom)
2019-09-24 19:01:00,628 [pool-47-thread-1] INFO  server.RaftServerConfigKeys (ConfUtils.java:logGet(43)) - raft.server.log.preallocated.size = 16384 (custom)
2019-09-24 19:01:00,628 [pool-47-thread-1] INFO  server.RaftServerConfigKeys (ConfUtils.java:logGet(43)) - raft.server.log.write.buffer.size = 33554432 (custom)
2019-09-24 19:01:00,628 [pool-47-thread-1] INFO  server.RaftServerConfigKeys (ConfUtils.java:logGet(43)) - raft.server.log.force.sync.num = 128 (default)
2019-09-24 19:01:00,628 [pool-47-thread-1] INFO  server.RaftServerConfigKeys (ConfUtils.java:logGet(43)) - raft.server.log.statemachine.data.sync = true (default)
2019-09-24 19:01:00,628 [pool-47-thread-1] INFO  server.RaftServerConfigKeys (ConfUtils.java:logGet(43)) - raft.server.log.statemachine.data.sync.timeout = 10s (default)
2019-09-24 19:01:00,629 [pool-47-thread-1] INFO  server.RaftServerConfigKeys (ConfUtils.java:logGet(43)) - raft.server.log.statemachine.data.sync.timeout.retry = -1 (default)
2019-09-24 19:01:00,629 [pool-47-thread-1] INFO  server.RaftServerConfigKeys (ConfUtils.java:logGet(43)) - raft.server.log.statemachine.data.caching.enabled = true (custom)
2019-09-24 19:01:00,629 [pool-47-thread-1] INFO  segmented.SegmentedRaftLogWorker (SegmentedRaftLogWorker.java:lambda$new$0(132)) - a05b4b97-0b18-4776-a1dd-8f128fadc53a@group-82CF96156FED-SegmentedRaftLogWorker: flushIndex: setUnconditionally 0 -> -1
2019-09-24 19:01:00,630 [pool-47-thread-1] INFO  server.RaftServerConfigKeys (ConfUtils.java:logGet(43)) - raft.server.snapshot.auto.trigger.enabled = true (custom)
2019-09-24 19:01:00,630 [pool-47-thread-1] INFO  server.RaftServerConfigKeys (ConfUtils.java:logGet(43)) - raft.server.snapshot.auto.trigger.threshold = 10000 (custom)
2019-09-24 19:01:00,630 [pool-47-thread-1] INFO  server.RaftServerConfigKeys (ConfUtils.java:logGet(43)) - raft.server.snapshot.retention.num.files = 5 (custom)
2019-09-24 19:01:00,631 [pool-47-thread-1] INFO  server.RaftServerConfigKeys (ConfUtils.java:logGet(43)) - raft.server.retrycache.expirytime = 600000ms (custom)
2019-09-24 19:01:00,634 [pool-47-thread-1] INFO  impl.RaftServerImpl (RaftServerImpl.java:start(185)) - a05b4b97-0b18-4776-a1dd-8f128fadc53a@group-82CF96156FED: start as a follower, conf=-1: [a05b4b97-0b18-4776-a1dd-8f128fadc53a:192.168.5.148:35009], old=null
2019-09-24 19:01:00,635 [pool-47-thread-1] INFO  impl.RaftServerImpl (RaftServerImpl.java:setRole(174)) - a05b4b97-0b18-4776-a1dd-8f128fadc53a@group-82CF96156FED: changes role from      null to FOLLOWER at term 0 for startAsFollower
2019-09-24 19:01:00,635 [pool-47-thread-1] INFO  impl.RoleInfo (RoleInfo.java:updateAndGet(143)) - a05b4b97-0b18-4776-a1dd-8f128fadc53a: start FollowerState
2019-09-24 19:01:00,635 [pool-47-thread-1] INFO  util.JmxRegister (JmxRegister.java:tryRegister(44)) - Successfully registered JMX Bean with object name Ratis:service=RaftServer,group=group-82CF96156FED,id=a05b4b97-0b18-4776-a1dd-8f128fadc53a
2019-09-24 19:01:00,663 [RatisPipelineUtilsThread] INFO  pipeline.PipelineStateManager (PipelineStateManager.java:addPipeline(56)) - Created pipeline Pipeline[ Id: ebb21f24-1c63-46c7-9b83-82cf96156fed, Nodes: a05b4b97-0b18-4776-a1dd-8f128fadc53a{ip: 192.168.5.148, host: pr-hdds-2149-fgl4f-1742389470, networkLocation: /rack1, certSerialId: null}, Type:RATIS, Factor:ONE, State:OPEN]
2019-09-24 19:01:00,686 [grpc-default-executor-0] INFO  impl.RaftServerProxy (RaftServerProxy.java:addNew(89)) - 29620711-3f46-457a-8151-219e63eed2d2: addNew group-3D9711DD10A2:[29620711-3f46-457a-8151-219e63eed2d2:192.168.5.148:46161] returns group-3D9711DD10A2:java.util.concurrent.CompletableFuture@544d6a03[Not completed]
2019-09-24 19:01:00,688 [pool-97-thread-1] INFO  impl.RaftServerImpl (RaftServerImpl.java:<init>(95)) - 29620711-3f46-457a-8151-219e63eed2d2: new RaftServerImpl for group-3D9711DD10A2:[29620711-3f46-457a-8151-219e63eed2d2:192.168.5.148:46161] with ContainerStateMachine:uninitialized
2019-09-24 19:01:00,688 [pool-97-thread-1] INFO  server.RaftServerConfigKeys (ConfUtils.java:logGet(43)) - raft.server.rpc.timeout.min = 1s (custom)
2019-09-24 19:01:00,688 [pool-97-thread-1] INFO  server.RaftServerConfigKeys (ConfUtils.java:logGet(43)) - raft.server.rpc.timeout.max = 1200ms (custom)
2019-09-24 19:01:00,688 [pool-97-thread-1] INFO  server.RaftServerConfigKeys (ConfUtils.java:logGet(43)) - raft.server.rpcslowness.timeout = 120s (custom)
2019-09-24 19:01:00,689 [pool-97-thread-1] INFO  server.RaftServerConfigKeys (ConfUtils.java:logGet(43)) - raft.server.sleep.deviation.threshold = 300 (default)
2019-09-24 19:01:00,689 [pool-97-thread-1] INFO  server.RaftServerConfigKeys (ConfUtils.java:logGet(43)) - raft.server.log.appender.install.snapshot.enabled = false (custom)
2019-09-24 19:01:00,689 [pool-97-thread-1] INFO  impl.RaftServerImpl (ServerState.java:<init>(103)) - 29620711-3f46-457a-8151-219e63eed2d2@group-3D9711DD10A2: ConfigurationManager, init=-1: [29620711-3f46-457a-8151-219e63eed2d2:192.168.5.148:46161], old=null, confs=<EMPTY_MAP>
2019-09-24 19:01:00,689 [pool-97-thread-1] INFO  server.RaftServerConfigKeys (ConfUtils.java:logGet(43)) - raft.server.storage.dir = [/workdir/hadoop-ozone/integration-test/target/test-dir/MiniOzoneClusterImpl-347bc0d8-8dc7-46c0-bd0b-f626cebf696e/datanode-7/data/ratis] (custom)
2019-09-24 19:01:00,690 [pool-97-thread-1] INFO  storage.RaftStorageDirectory (RaftStorageDirectory.java:analyzeStorage(246)) - The storage directory /workdir/hadoop-ozone/integration-test/target/test-dir/MiniOzoneClusterImpl-347bc0d8-8dc7-46c0-bd0b-f626cebf696e/datanode-7/data/ratis/829af180-3fc1-44fa-ad3a-3d9711dd10a2 does not exist. Creating ...
2019-09-24 19:01:00,703 [pool-97-thread-1] INFO  storage.RaftStorageDirectory (RaftStorageDirectory.java:tryLock(328)) - Lock on /workdir/hadoop-ozone/integration-test/target/test-dir/MiniOzoneClusterImpl-347bc0d8-8dc7-46c0-bd0b-f626cebf696e/datanode-7/data/ratis/829af180-3fc1-44fa-ad3a-3d9711dd10a2/in_use.lock acquired by nodename 10455@pr-hdds-2149-fgl4f-1742389470
2019-09-24 19:01:00,717 [pool-97-thread-1] INFO  storage.RaftStorage (RaftStorage.java:format(72)) - Storage directory /workdir/hadoop-ozone/integration-test/target/test-dir/MiniOzoneClusterImpl-347bc0d8-8dc7-46c0-bd0b-f626cebf696e/datanode-7/data/ratis/829af180-3fc1-44fa-ad3a-3d9711dd10a2 has been successfully formatted.
2019-09-24 19:01:00,718 [pool-97-thread-1] INFO  ratis.ContainerStateMachine (ContainerStateMachine.java:loadSnapshot(230)) - group-3D9711DD10A2: The snapshot info is null. Setting the last applied indexto:(t:0, i:~)
2019-09-24 19:01:00,718 [pool-97-thread-1] INFO  server.RaftServerConfigKeys (ConfUtils.java:logGet(43)) - raft.server.notification.no-leader.timeout = 120s (custom)
2019-09-24 19:01:00,718 [pool-97-thread-1] INFO  server.RaftServerConfigKeys (ConfUtils.java:logGet(43)) - raft.server.log.use.memory = false (default)
2019-09-24 19:01:00,718 [pool-97-thread-1] INFO  server.RaftServerConfigKeys (ConfUtils.java:logGet(43)) - raft.server.log.purge.gap = 1000000 (custom)
2019-09-24 19:01:00,718 [pool-97-thread-1] INFO  server.RaftServerConfigKeys (ConfUtils.java:logGet(43)) - raft.server.log.appender.buffer.byte-limit = 33554432 (custom)
2019-09-24 19:01:00,718 [pool-97-thread-1] INFO  server.RaftServerConfigKeys (ConfUtils.java:logGet(43)) - raft.server.log.segment.size.max = 1048576 (custom)
2019-09-24 19:01:00,719 [pool-97-thread-1] INFO  server.RaftServerConfigKeys (ConfUtils.java:logGet(43)) - raft.server.log.segment.cache.num.max = 2 (custom)
2019-09-24 19:01:00,719 [pool-97-thread-1] INFO  segmented.SegmentedRaftLogWorker (SegmentedRaftLogWorker.java:<init>(172)) - new 29620711-3f46-457a-8151-219e63eed2d2@group-3D9711DD10A2-SegmentedRaftLogWorker for RaftStorage:Storage Directory /workdir/hadoop-ozone/integration-test/target/test-dir/MiniOzoneClusterImpl-347bc0d8-8dc7-46c0-bd0b-f626cebf696e/datanode-7/data/ratis/829af180-3fc1-44fa-ad3a-3d9711dd10a2
2019-09-24 19:01:00,722 [pool-97-thread-1] INFO  server.RaftServerConfigKeys (ConfUtils.java:logGet(43)) - raft.server.log.queue.byte-limit = 2147483647 (custom)
2019-09-24 19:01:00,722 [pool-97-thread-1] INFO  server.RaftServerConfigKeys (ConfUtils.java:logGet(43)) - raft.server.log.queue.element-limit = 1024 (custom)
2019-09-24 19:01:00,722 [pool-97-thread-1] INFO  server.RaftServerConfigKeys (ConfUtils.java:logGet(43)) - raft.server.log.segment.size.max = 1048576 (custom)
2019-09-24 19:01:00,722 [pool-97-thread-1] INFO  server.RaftServerConfigKeys (ConfUtils.java:logGet(43)) - raft.server.log.preallocated.size = 16384 (custom)
2019-09-24 19:01:00,723 [pool-97-thread-1] INFO  server.RaftServerConfigKeys (ConfUtils.java:logGet(43)) - raft.server.log.write.buffer.size = 33554432 (custom)
2019-09-24 19:01:00,723 [pool-97-thread-1] INFO  server.RaftServerConfigKeys (ConfUtils.java:logGet(43)) - raft.server.log.force.sync.num = 128 (default)
2019-09-24 19:01:00,723 [pool-97-thread-1] INFO  server.RaftServerConfigKeys (ConfUtils.java:logGet(43)) - raft.server.log.statemachine.data.sync = true (default)
2019-09-24 19:01:00,723 [pool-97-thread-1] INFO  server.RaftServerConfigKeys (ConfUtils.java:logGet(43)) - raft.server.log.statemachine.data.sync.timeout = 10s (default)
2019-09-24 19:01:00,723 [pool-97-thread-1] INFO  server.RaftServerConfigKeys (ConfUtils.java:logGet(43)) - raft.server.log.statemachine.data.sync.timeout.retry = -1 (default)
2019-09-24 19:01:00,724 [pool-97-thread-1] INFO  server.RaftServerConfigKeys (ConfUtils.java:logGet(43)) - raft.server.log.statemachine.data.caching.enabled = true (custom)
2019-09-24 19:01:00,724 [pool-97-thread-1] INFO  segmented.SegmentedRaftLogWorker (SegmentedRaftLogWorker.java:lambda$new$0(132)) - 29620711-3f46-457a-8151-219e63eed2d2@group-3D9711DD10A2-SegmentedRaftLogWorker: flushIndex: setUnconditionally 0 -> -1
2019-09-24 19:01:00,725 [pool-97-thread-1] INFO  server.RaftServerConfigKeys (ConfUtils.java:logGet(43)) - raft.server.snapshot.auto.trigger.enabled = true (custom)
2019-09-24 19:01:00,725 [pool-97-thread-1] INFO  server.RaftServerConfigKeys (ConfUtils.java:logGet(43)) - raft.server.snapshot.auto.trigger.threshold = 10000 (custom)
2019-09-24 19:01:00,725 [pool-97-thread-1] INFO  server.RaftServerConfigKeys (ConfUtils.java:logGet(43)) - raft.server.snapshot.retention.num.files = 5 (custom)
2019-09-24 19:01:00,725 [pool-97-thread-1] INFO  server.RaftServerConfigKeys (ConfUtils.java:logGet(43)) - raft.server.retrycache.expirytime = 600000ms (custom)
2019-09-24 19:01:00,728 [pool-97-thread-1] INFO  impl.RaftServerImpl (RaftServerImpl.java:start(185)) - 29620711-3f46-457a-8151-219e63eed2d2@group-3D9711DD10A2: start as a follower, conf=-1: [29620711-3f46-457a-8151-219e63eed2d2:192.168.5.148:46161], old=null
2019-09-24 19:01:00,729 [pool-97-thread-1] INFO  impl.RaftServerImpl (RaftServerImpl.java:setRole(174)) - 29620711-3f46-457a-8151-219e63eed2d2@group-3D9711DD10A2: changes role from      null to FOLLOWER at term 0 for startAsFollower
2019-09-24 19:01:00,729 [pool-97-thread-1] INFO  impl.RoleInfo (RoleInfo.java:updateAndGet(143)) - 29620711-3f46-457a-8151-219e63eed2d2: start FollowerState
2019-09-24 19:01:00,729 [pool-97-thread-1] INFO  util.JmxRegister (JmxRegister.java:tryRegister(44)) - Successfully registered JMX Bean with object name Ratis:service=RaftServer,group=group-3D9711DD10A2,id=29620711-3f46-457a-8151-219e63eed2d2
2019-09-24 19:01:00,747 [RatisPipelineUtilsThread] INFO  pipeline.PipelineStateManager (PipelineStateManager.java:addPipeline(56)) - Created pipeline Pipeline[ Id: 829af180-3fc1-44fa-ad3a-3d9711dd10a2, Nodes: 29620711-3f46-457a-8151-219e63eed2d2{ip: 192.168.5.148, host: pr-hdds-2149-fgl4f-1742389470, networkLocation: /rack1, certSerialId: null}, Type:RATIS, Factor:ONE, State:OPEN]
2019-09-24 19:01:00,769 [grpc-default-executor-0] INFO  impl.RaftServerProxy (RaftServerProxy.java:addNew(89)) - d6fdad48-5745-4acd-8132-622988eb1603: addNew group-DE48529C9C19:[d6fdad48-5745-4acd-8132-622988eb1603:192.168.5.148:33283] returns group-DE48529C9C19:java.util.concurrent.CompletableFuture@3e7be5e8[Not completed]
2019-09-24 19:01:00,772 [pool-57-thread-1] INFO  impl.RaftServerImpl (RaftServerImpl.java:<init>(95)) - d6fdad48-5745-4acd-8132-622988eb1603: new RaftServerImpl for group-DE48529C9C19:[d6fdad48-5745-4acd-8132-622988eb1603:192.168.5.148:33283] with ContainerStateMachine:uninitialized
2019-09-24 19:01:00,772 [pool-57-thread-1] INFO  server.RaftServerConfigKeys (ConfUtils.java:logGet(43)) - raft.server.rpc.timeout.min = 1s (custom)
2019-09-24 19:01:00,772 [pool-57-thread-1] INFO  server.RaftServerConfigKeys (ConfUtils.java:logGet(43)) - raft.server.rpc.timeout.max = 1200ms (custom)
2019-09-24 19:01:00,773 [pool-57-thread-1] INFO  server.RaftServerConfigKeys (ConfUtils.java:logGet(43)) - raft.server.rpcslowness.timeout = 120s (custom)
2019-09-24 19:01:00,773 [pool-57-thread-1] INFO  server.RaftServerConfigKeys (ConfUtils.java:logGet(43)) - raft.server.sleep.deviation.threshold = 300 (default)
2019-09-24 19:01:00,773 [pool-57-thread-1] INFO  server.RaftServerConfigKeys (ConfUtils.java:logGet(43)) - raft.server.log.appender.install.snapshot.enabled = false (custom)
2019-09-24 19:01:00,773 [pool-57-thread-1] INFO  impl.RaftServerImpl (ServerState.java:<init>(103)) - d6fdad48-5745-4acd-8132-622988eb1603@group-DE48529C9C19: ConfigurationManager, init=-1: [d6fdad48-5745-4acd-8132-622988eb1603:192.168.5.148:33283], old=null, confs=<EMPTY_MAP>
2019-09-24 19:01:00,774 [pool-57-thread-1] INFO  server.RaftServerConfigKeys (ConfUtils.java:logGet(43)) - raft.server.storage.dir = [/workdir/hadoop-ozone/integration-test/target/test-dir/MiniOzoneClusterImpl-347bc0d8-8dc7-46c0-bd0b-f626cebf696e/datanode-3/data/ratis] (custom)
2019-09-24 19:01:00,774 [pool-57-thread-1] INFO  storage.RaftStorageDirectory (RaftStorageDirectory.java:analyzeStorage(246)) - The storage directory /workdir/hadoop-ozone/integration-test/target/test-dir/MiniOzoneClusterImpl-347bc0d8-8dc7-46c0-bd0b-f626cebf696e/datanode-3/data/ratis/3c44bff6-4c1e-4b14-b0f5-de48529c9c19 does not exist. Creating ...
2019-09-24 19:01:00,788 [pool-57-thread-1] INFO  storage.RaftStorageDirectory (RaftStorageDirectory.java:tryLock(328)) - Lock on /workdir/hadoop-ozone/integration-test/target/test-dir/MiniOzoneClusterImpl-347bc0d8-8dc7-46c0-bd0b-f626cebf696e/datanode-3/data/ratis/3c44bff6-4c1e-4b14-b0f5-de48529c9c19/in_use.lock acquired by nodename 10455@pr-hdds-2149-fgl4f-1742389470
2019-09-24 19:01:00,802 [pool-57-thread-1] INFO  storage.RaftStorage (RaftStorage.java:format(72)) - Storage directory /workdir/hadoop-ozone/integration-test/target/test-dir/MiniOzoneClusterImpl-347bc0d8-8dc7-46c0-bd0b-f626cebf696e/datanode-3/data/ratis/3c44bff6-4c1e-4b14-b0f5-de48529c9c19 has been successfully formatted.
2019-09-24 19:01:00,802 [pool-57-thread-1] INFO  ratis.ContainerStateMachine (ContainerStateMachine.java:loadSnapshot(230)) - group-DE48529C9C19: The snapshot info is null. Setting the last applied indexto:(t:0, i:~)
2019-09-24 19:01:00,802 [pool-57-thread-1] INFO  server.RaftServerConfigKeys (ConfUtils.java:logGet(43)) - raft.server.notification.no-leader.timeout = 120s (custom)
2019-09-24 19:01:00,802 [pool-57-thread-1] INFO  server.RaftServerConfigKeys (ConfUtils.java:logGet(43)) - raft.server.log.use.memory = false (default)
2019-09-24 19:01:00,803 [pool-57-thread-1] INFO  server.RaftServerConfigKeys (ConfUtils.java:logGet(43)) - raft.server.log.purge.gap = 1000000 (custom)
2019-09-24 19:01:00,803 [pool-57-thread-1] INFO  server.RaftServerConfigKeys (ConfUtils.java:logGet(43)) - raft.server.log.appender.buffer.byte-limit = 33554432 (custom)
2019-09-24 19:01:00,803 [pool-57-thread-1] INFO  server.RaftServerConfigKeys (ConfUtils.java:logGet(43)) - raft.server.log.segment.size.max = 1048576 (custom)
2019-09-24 19:01:00,803 [pool-57-thread-1] INFO  server.RaftServerConfigKeys (ConfUtils.java:logGet(43)) - raft.server.log.segment.cache.num.max = 2 (custom)
2019-09-24 19:01:00,803 [pool-57-thread-1] INFO  segmented.SegmentedRaftLogWorker (SegmentedRaftLogWorker.java:<init>(172)) - new d6fdad48-5745-4acd-8132-622988eb1603@group-DE48529C9C19-SegmentedRaftLogWorker for RaftStorage:Storage Directory /workdir/hadoop-ozone/integration-test/target/test-dir/MiniOzoneClusterImpl-347bc0d8-8dc7-46c0-bd0b-f626cebf696e/datanode-3/data/ratis/3c44bff6-4c1e-4b14-b0f5-de48529c9c19
2019-09-24 19:01:00,812 [pool-57-thread-1] INFO  server.RaftServerConfigKeys (ConfUtils.java:logGet(43)) - raft.server.log.queue.byte-limit = 2147483647 (custom)
2019-09-24 19:01:00,812 [pool-57-thread-1] INFO  server.RaftServerConfigKeys (ConfUtils.java:logGet(43)) - raft.server.log.queue.element-limit = 1024 (custom)
2019-09-24 19:01:00,813 [pool-57-thread-1] INFO  server.RaftServerConfigKeys (ConfUtils.java:logGet(43)) - raft.server.log.segment.size.max = 1048576 (custom)
2019-09-24 19:01:00,813 [pool-57-thread-1] INFO  server.RaftServerConfigKeys (ConfUtils.java:logGet(43)) - raft.server.log.preallocated.size = 16384 (custom)
2019-09-24 19:01:00,813 [pool-57-thread-1] INFO  server.RaftServerConfigKeys (ConfUtils.java:logGet(43)) - raft.server.log.write.buffer.size = 33554432 (custom)
2019-09-24 19:01:00,813 [pool-57-thread-1] INFO  server.RaftServerConfigKeys (ConfUtils.java:logGet(43)) - raft.server.log.force.sync.num = 128 (default)
2019-09-24 19:01:00,814 [pool-57-thread-1] INFO  server.RaftServerConfigKeys (ConfUtils.java:logGet(43)) - raft.server.log.statemachine.data.sync = true (default)
2019-09-24 19:01:00,814 [pool-57-thread-1] INFO  server.RaftServerConfigKeys (ConfUtils.java:logGet(43)) - raft.server.log.statemachine.data.sync.timeout = 10s (default)
2019-09-24 19:01:00,814 [pool-57-thread-1] INFO  server.RaftServerConfigKeys (ConfUtils.java:logGet(43)) - raft.server.log.statemachine.data.sync.timeout.retry = -1 (default)
2019-09-24 19:01:00,815 [pool-57-thread-1] INFO  server.RaftServerConfigKeys (ConfUtils.java:logGet(43)) - raft.server.log.statemachine.data.caching.enabled = true (custom)
2019-09-24 19:01:00,815 [pool-57-thread-1] INFO  segmented.SegmentedRaftLogWorker (SegmentedRaftLogWorker.java:lambda$new$0(132)) - d6fdad48-5745-4acd-8132-622988eb1603@group-DE48529C9C19-SegmentedRaftLogWorker: flushIndex: setUnconditionally 0 -> -1
2019-09-24 19:01:00,816 [pool-57-thread-1] INFO  server.RaftServerConfigKeys (ConfUtils.java:logGet(43)) - raft.server.snapshot.auto.trigger.enabled = true (custom)
2019-09-24 19:01:00,816 [pool-57-thread-1] INFO  server.RaftServerConfigKeys (ConfUtils.java:logGet(43)) - raft.server.snapshot.auto.trigger.threshold = 10000 (custom)
2019-09-24 19:01:00,816 [pool-57-thread-1] INFO  server.RaftServerConfigKeys (ConfUtils.java:logGet(43)) - raft.server.snapshot.retention.num.files = 5 (custom)
2019-09-24 19:01:00,816 [pool-57-thread-1] INFO  server.RaftServerConfigKeys (ConfUtils.java:logGet(43)) - raft.server.retrycache.expirytime = 600000ms (custom)
2019-09-24 19:01:00,821 [pool-57-thread-1] INFO  impl.RaftServerImpl (RaftServerImpl.java:start(185)) - d6fdad48-5745-4acd-8132-622988eb1603@group-DE48529C9C19: start as a follower, conf=-1: [d6fdad48-5745-4acd-8132-622988eb1603:192.168.5.148:33283], old=null
2019-09-24 19:01:00,821 [pool-57-thread-1] INFO  impl.RaftServerImpl (RaftServerImpl.java:setRole(174)) - d6fdad48-5745-4acd-8132-622988eb1603@group-DE48529C9C19: changes role from      null to FOLLOWER at term 0 for startAsFollower
2019-09-24 19:01:00,821 [pool-57-thread-1] INFO  impl.RoleInfo (RoleInfo.java:updateAndGet(143)) - d6fdad48-5745-4acd-8132-622988eb1603: start FollowerState
2019-09-24 19:01:00,822 [pool-57-thread-1] INFO  util.JmxRegister (JmxRegister.java:tryRegister(44)) - Successfully registered JMX Bean with object name Ratis:service=RaftServer,group=group-DE48529C9C19,id=d6fdad48-5745-4acd-8132-622988eb1603
2019-09-24 19:01:00,838 [RatisPipelineUtilsThread] INFO  pipeline.PipelineStateManager (PipelineStateManager.java:addPipeline(56)) - Created pipeline Pipeline[ Id: 3c44bff6-4c1e-4b14-b0f5-de48529c9c19, Nodes: d6fdad48-5745-4acd-8132-622988eb1603{ip: 192.168.5.148, host: pr-hdds-2149-fgl4f-1742389470, networkLocation: /rack1, certSerialId: null}, Type:RATIS, Factor:ONE, State:OPEN]
2019-09-24 19:01:00,881 [grpc-default-executor-0] INFO  impl.RaftServerProxy (RaftServerProxy.java:addNew(89)) - 2fb94607-307d-40f4-aab6-b5884b96a4c0: addNew group-228470FC1BEF:[2fb94607-307d-40f4-aab6-b5884b96a4c0:192.168.5.148:41188] returns group-228470FC1BEF:java.util.concurrent.CompletableFuture@bc6a242[Not completed]
2019-09-24 19:01:00,884 [pool-107-thread-1] INFO  impl.RaftServerImpl (RaftServerImpl.java:<init>(95)) - 2fb94607-307d-40f4-aab6-b5884b96a4c0: new RaftServerImpl for group-228470FC1BEF:[2fb94607-307d-40f4-aab6-b5884b96a4c0:192.168.5.148:41188] with ContainerStateMachine:uninitialized
2019-09-24 19:01:00,885 [pool-107-thread-1] INFO  server.RaftServerConfigKeys (ConfUtils.java:logGet(43)) - raft.server.rpc.timeout.min = 1s (custom)
2019-09-24 19:01:00,885 [pool-107-thread-1] INFO  server.RaftServerConfigKeys (ConfUtils.java:logGet(43)) - raft.server.rpc.timeout.max = 1200ms (custom)
2019-09-24 19:01:00,885 [pool-107-thread-1] INFO  server.RaftServerConfigKeys (ConfUtils.java:logGet(43)) - raft.server.rpcslowness.timeout = 120s (custom)
2019-09-24 19:01:00,885 [pool-107-thread-1] INFO  server.RaftServerConfigKeys (ConfUtils.java:logGet(43)) - raft.server.sleep.deviation.threshold = 300 (default)
2019-09-24 19:01:00,885 [pool-107-thread-1] INFO  server.RaftServerConfigKeys (ConfUtils.java:logGet(43)) - raft.server.log.appender.install.snapshot.enabled = false (custom)
2019-09-24 19:01:00,885 [pool-107-thread-1] INFO  impl.RaftServerImpl (ServerState.java:<init>(103)) - 2fb94607-307d-40f4-aab6-b5884b96a4c0@group-228470FC1BEF: ConfigurationManager, init=-1: [2fb94607-307d-40f4-aab6-b5884b96a4c0:192.168.5.148:41188], old=null, confs=<EMPTY_MAP>
2019-09-24 19:01:00,885 [pool-107-thread-1] INFO  server.RaftServerConfigKeys (ConfUtils.java:logGet(43)) - raft.server.storage.dir = [/workdir/hadoop-ozone/integration-test/target/test-dir/MiniOzoneClusterImpl-347bc0d8-8dc7-46c0-bd0b-f626cebf696e/datanode-8/data/ratis] (custom)
2019-09-24 19:01:00,886 [pool-107-thread-1] INFO  storage.RaftStorageDirectory (RaftStorageDirectory.java:analyzeStorage(246)) - The storage directory /workdir/hadoop-ozone/integration-test/target/test-dir/MiniOzoneClusterImpl-347bc0d8-8dc7-46c0-bd0b-f626cebf696e/datanode-8/data/ratis/bead767a-2eb1-46a8-b9bd-228470fc1bef does not exist. Creating ...
2019-09-24 19:01:00,899 [pool-107-thread-1] INFO  storage.RaftStorageDirectory (RaftStorageDirectory.java:tryLock(328)) - Lock on /workdir/hadoop-ozone/integration-test/target/test-dir/MiniOzoneClusterImpl-347bc0d8-8dc7-46c0-bd0b-f626cebf696e/datanode-8/data/ratis/bead767a-2eb1-46a8-b9bd-228470fc1bef/in_use.lock acquired by nodename 10455@pr-hdds-2149-fgl4f-1742389470
2019-09-24 19:01:00,912 [pool-107-thread-1] INFO  storage.RaftStorage (RaftStorage.java:format(72)) - Storage directory /workdir/hadoop-ozone/integration-test/target/test-dir/MiniOzoneClusterImpl-347bc0d8-8dc7-46c0-bd0b-f626cebf696e/datanode-8/data/ratis/bead767a-2eb1-46a8-b9bd-228470fc1bef has been successfully formatted.
2019-09-24 19:01:00,913 [pool-107-thread-1] INFO  ratis.ContainerStateMachine (ContainerStateMachine.java:loadSnapshot(230)) - group-228470FC1BEF: The snapshot info is null. Setting the last applied indexto:(t:0, i:~)
2019-09-24 19:01:00,913 [pool-107-thread-1] INFO  server.RaftServerConfigKeys (ConfUtils.java:logGet(43)) - raft.server.notification.no-leader.timeout = 120s (custom)
2019-09-24 19:01:00,913 [pool-107-thread-1] INFO  server.RaftServerConfigKeys (ConfUtils.java:logGet(43)) - raft.server.log.use.memory = false (default)
2019-09-24 19:01:00,913 [pool-107-thread-1] INFO  server.RaftServerConfigKeys (ConfUtils.java:logGet(43)) - raft.server.log.purge.gap = 1000000 (custom)
2019-09-24 19:01:00,913 [pool-107-thread-1] INFO  server.RaftServerConfigKeys (ConfUtils.java:logGet(43)) - raft.server.log.appender.buffer.byte-limit = 33554432 (custom)
2019-09-24 19:01:00,913 [pool-107-thread-1] INFO  server.RaftServerConfigKeys (ConfUtils.java:logGet(43)) - raft.server.log.segment.size.max = 1048576 (custom)
2019-09-24 19:01:00,914 [pool-107-thread-1] INFO  server.RaftServerConfigKeys (ConfUtils.java:logGet(43)) - raft.server.log.segment.cache.num.max = 2 (custom)
2019-09-24 19:01:00,914 [pool-107-thread-1] INFO  segmented.SegmentedRaftLogWorker (SegmentedRaftLogWorker.java:<init>(172)) - new 2fb94607-307d-40f4-aab6-b5884b96a4c0@group-228470FC1BEF-SegmentedRaftLogWorker for RaftStorage:Storage Directory /workdir/hadoop-ozone/integration-test/target/test-dir/MiniOzoneClusterImpl-347bc0d8-8dc7-46c0-bd0b-f626cebf696e/datanode-8/data/ratis/bead767a-2eb1-46a8-b9bd-228470fc1bef
2019-09-24 19:01:00,917 [pool-107-thread-1] INFO  server.RaftServerConfigKeys (ConfUtils.java:logGet(43)) - raft.server.log.queue.byte-limit = 2147483647 (custom)
2019-09-24 19:01:00,917 [pool-107-thread-1] INFO  server.RaftServerConfigKeys (ConfUtils.java:logGet(43)) - raft.server.log.queue.element-limit = 1024 (custom)
2019-09-24 19:01:00,918 [pool-107-thread-1] INFO  server.RaftServerConfigKeys (ConfUtils.java:logGet(43)) - raft.server.log.segment.size.max = 1048576 (custom)
2019-09-24 19:01:00,918 [pool-107-thread-1] INFO  server.RaftServerConfigKeys (ConfUtils.java:logGet(43)) - raft.server.log.preallocated.size = 16384 (custom)
2019-09-24 19:01:00,918 [pool-107-thread-1] INFO  server.RaftServerConfigKeys (ConfUtils.java:logGet(43)) - raft.server.log.write.buffer.size = 33554432 (custom)
2019-09-24 19:01:00,918 [pool-107-thread-1] INFO  server.RaftServerConfigKeys (ConfUtils.java:logGet(43)) - raft.server.log.force.sync.num = 128 (default)
2019-09-24 19:01:00,918 [pool-107-thread-1] INFO  server.RaftServerConfigKeys (ConfUtils.java:logGet(43)) - raft.server.log.statemachine.data.sync = true (default)
2019-09-24 19:01:00,919 [pool-107-thread-1] INFO  server.RaftServerConfigKeys (ConfUtils.java:logGet(43)) - raft.server.log.statemachine.data.sync.timeout = 10s (default)
2019-09-24 19:01:00,919 [pool-107-thread-1] INFO  server.RaftServerConfigKeys (ConfUtils.java:logGet(43)) - raft.server.log.statemachine.data.sync.timeout.retry = -1 (default)
2019-09-24 19:01:00,919 [pool-107-thread-1] INFO  server.RaftServerConfigKeys (ConfUtils.java:logGet(43)) - raft.server.log.statemachine.data.caching.enabled = true (custom)
2019-09-24 19:01:00,920 [pool-107-thread-1] INFO  segmented.SegmentedRaftLogWorker (SegmentedRaftLogWorker.java:lambda$new$0(132)) - 2fb94607-307d-40f4-aab6-b5884b96a4c0@group-228470FC1BEF-SegmentedRaftLogWorker: flushIndex: setUnconditionally 0 -> -1
2019-09-24 19:01:00,920 [pool-107-thread-1] INFO  server.RaftServerConfigKeys (ConfUtils.java:logGet(43)) - raft.server.snapshot.auto.trigger.enabled = true (custom)
2019-09-24 19:01:00,920 [pool-107-thread-1] INFO  server.RaftServerConfigKeys (ConfUtils.java:logGet(43)) - raft.server.snapshot.auto.trigger.threshold = 10000 (custom)
2019-09-24 19:01:00,924 [pool-107-thread-1] INFO  server.RaftServerConfigKeys (ConfUtils.java:logGet(43)) - raft.server.snapshot.retention.num.files = 5 (custom)
2019-09-24 19:01:00,924 [pool-107-thread-1] INFO  server.RaftServerConfigKeys (ConfUtils.java:logGet(43)) - raft.server.retrycache.expirytime = 600000ms (custom)
2019-09-24 19:01:00,928 [pool-107-thread-1] INFO  impl.RaftServerImpl (RaftServerImpl.java:start(185)) - 2fb94607-307d-40f4-aab6-b5884b96a4c0@group-228470FC1BEF: start as a follower, conf=-1: [2fb94607-307d-40f4-aab6-b5884b96a4c0:192.168.5.148:41188], old=null
2019-09-24 19:01:00,929 [pool-107-thread-1] INFO  impl.RaftServerImpl (RaftServerImpl.java:setRole(174)) - 2fb94607-307d-40f4-aab6-b5884b96a4c0@group-228470FC1BEF: changes role from      null to FOLLOWER at term 0 for startAsFollower
2019-09-24 19:01:00,929 [pool-107-thread-1] INFO  impl.RoleInfo (RoleInfo.java:updateAndGet(143)) - 2fb94607-307d-40f4-aab6-b5884b96a4c0: start FollowerState
2019-09-24 19:01:00,929 [pool-107-thread-1] INFO  util.JmxRegister (JmxRegister.java:tryRegister(44)) - Successfully registered JMX Bean with object name Ratis:service=RaftServer,group=group-228470FC1BEF,id=2fb94607-307d-40f4-aab6-b5884b96a4c0
2019-09-24 19:01:00,945 [RatisPipelineUtilsThread] INFO  pipeline.PipelineStateManager (PipelineStateManager.java:addPipeline(56)) - Created pipeline Pipeline[ Id: bead767a-2eb1-46a8-b9bd-228470fc1bef, Nodes: 2fb94607-307d-40f4-aab6-b5884b96a4c0{ip: 192.168.5.148, host: pr-hdds-2149-fgl4f-1742389470, networkLocation: /rack1, certSerialId: null}, Type:RATIS, Factor:ONE, State:OPEN]
2019-09-24 19:01:01,003 [grpc-default-executor-2] INFO  impl.RaftServerProxy (RaftServerProxy.java:addNew(89)) - f9d00a00-bc78-4492-92ba-83defd396746: addNew group-91D416462A89:[f9d00a00-bc78-4492-92ba-83defd396746:192.168.5.148:39515, 91e07af8-8ce2-4ac6-9c90-851894b34103:192.168.5.148:45771, dd51241e-7f30-423c-8baf-8925f04f92e5:192.168.5.148:35152] returns group-91D416462A89:java.util.concurrent.CompletableFuture@7342fae0[Not completed]
2019-09-24 19:01:01,003 [grpc-default-executor-1] INFO  impl.RaftServerProxy (RaftServerProxy.java:addNew(89)) - 91e07af8-8ce2-4ac6-9c90-851894b34103: addNew group-91D416462A89:[f9d00a00-bc78-4492-92ba-83defd396746:192.168.5.148:39515, 91e07af8-8ce2-4ac6-9c90-851894b34103:192.168.5.148:45771, dd51241e-7f30-423c-8baf-8925f04f92e5:192.168.5.148:35152] returns group-91D416462A89:java.util.concurrent.CompletableFuture@75775f14[Not completed]
2019-09-24 19:01:01,007 [grpc-default-executor-1] INFO  impl.RaftServerProxy (RaftServerProxy.java:addNew(89)) - dd51241e-7f30-423c-8baf-8925f04f92e5: addNew group-91D416462A89:[f9d00a00-bc78-4492-92ba-83defd396746:192.168.5.148:39515, 91e07af8-8ce2-4ac6-9c90-851894b34103:192.168.5.148:45771, dd51241e-7f30-423c-8baf-8925f04f92e5:192.168.5.148:35152] returns group-91D416462A89:java.util.concurrent.CompletableFuture@3075cfde[Not completed]
2019-09-24 19:01:01,007 [pool-77-thread-1] INFO  impl.RaftServerImpl (RaftServerImpl.java:<init>(95)) - 91e07af8-8ce2-4ac6-9c90-851894b34103: new RaftServerImpl for group-91D416462A89:[f9d00a00-bc78-4492-92ba-83defd396746:192.168.5.148:39515, 91e07af8-8ce2-4ac6-9c90-851894b34103:192.168.5.148:45771, dd51241e-7f30-423c-8baf-8925f04f92e5:192.168.5.148:35152] with ContainerStateMachine:uninitialized
2019-09-24 19:01:01,008 [pool-77-thread-1] INFO  server.RaftServerConfigKeys (ConfUtils.java:logGet(43)) - raft.server.rpc.timeout.min = 1s (custom)
2019-09-24 19:01:01,008 [pool-77-thread-1] INFO  server.RaftServerConfigKeys (ConfUtils.java:logGet(43)) - raft.server.rpc.timeout.max = 1200ms (custom)
2019-09-24 19:01:01,008 [pool-77-thread-1] INFO  server.RaftServerConfigKeys (ConfUtils.java:logGet(43)) - raft.server.rpcslowness.timeout = 120s (custom)
2019-09-24 19:01:01,008 [pool-77-thread-1] INFO  server.RaftServerConfigKeys (ConfUtils.java:logGet(43)) - raft.server.sleep.deviation.threshold = 300 (default)
2019-09-24 19:01:01,008 [pool-77-thread-1] INFO  server.RaftServerConfigKeys (ConfUtils.java:logGet(43)) - raft.server.log.appender.install.snapshot.enabled = false (custom)
2019-09-24 19:01:01,008 [pool-77-thread-1] INFO  impl.RaftServerImpl (ServerState.java:<init>(103)) - 91e07af8-8ce2-4ac6-9c90-851894b34103@group-91D416462A89: ConfigurationManager, init=-1: [f9d00a00-bc78-4492-92ba-83defd396746:192.168.5.148:39515, 91e07af8-8ce2-4ac6-9c90-851894b34103:192.168.5.148:45771, dd51241e-7f30-423c-8baf-8925f04f92e5:192.168.5.148:35152], old=null, confs=<EMPTY_MAP>
2019-09-24 19:01:01,009 [pool-77-thread-1] INFO  server.RaftServerConfigKeys (ConfUtils.java:logGet(43)) - raft.server.storage.dir = [/workdir/hadoop-ozone/integration-test/target/test-dir/MiniOzoneClusterImpl-347bc0d8-8dc7-46c0-bd0b-f626cebf696e/datanode-5/data/ratis] (custom)
2019-09-24 19:01:01,009 [pool-27-thread-1] INFO  impl.RaftServerImpl (RaftServerImpl.java:<init>(95)) - f9d00a00-bc78-4492-92ba-83defd396746: new RaftServerImpl for group-91D416462A89:[f9d00a00-bc78-4492-92ba-83defd396746:192.168.5.148:39515, 91e07af8-8ce2-4ac6-9c90-851894b34103:192.168.5.148:45771, dd51241e-7f30-423c-8baf-8925f04f92e5:192.168.5.148:35152] with ContainerStateMachine:uninitialized
2019-09-24 19:01:01,009 [pool-27-thread-1] INFO  server.RaftServerConfigKeys (ConfUtils.java:logGet(43)) - raft.server.rpc.timeout.min = 1s (custom)
2019-09-24 19:01:01,009 [pool-77-thread-1] INFO  storage.RaftStorageDirectory (RaftStorageDirectory.java:analyzeStorage(246)) - The storage directory /workdir/hadoop-ozone/integration-test/target/test-dir/MiniOzoneClusterImpl-347bc0d8-8dc7-46c0-bd0b-f626cebf696e/datanode-5/data/ratis/1fa6406a-2613-4140-9828-91d416462a89 does not exist. Creating ...
2019-09-24 19:01:01,009 [pool-27-thread-1] INFO  server.RaftServerConfigKeys (ConfUtils.java:logGet(43)) - raft.server.rpc.timeout.max = 1200ms (custom)
2019-09-24 19:01:01,009 [pool-27-thread-1] INFO  server.RaftServerConfigKeys (ConfUtils.java:logGet(43)) - raft.server.rpcslowness.timeout = 120s (custom)
2019-09-24 19:01:01,010 [pool-27-thread-1] INFO  server.RaftServerConfigKeys (ConfUtils.java:logGet(43)) - raft.server.sleep.deviation.threshold = 300 (default)
2019-09-24 19:01:01,010 [pool-27-thread-1] INFO  server.RaftServerConfigKeys (ConfUtils.java:logGet(43)) - raft.server.log.appender.install.snapshot.enabled = false (custom)
2019-09-24 19:01:01,010 [pool-27-thread-1] INFO  impl.RaftServerImpl (ServerState.java:<init>(103)) - f9d00a00-bc78-4492-92ba-83defd396746@group-91D416462A89: ConfigurationManager, init=-1: [f9d00a00-bc78-4492-92ba-83defd396746:192.168.5.148:39515, 91e07af8-8ce2-4ac6-9c90-851894b34103:192.168.5.148:45771, dd51241e-7f30-423c-8baf-8925f04f92e5:192.168.5.148:35152], old=null, confs=<EMPTY_MAP>
2019-09-24 19:01:01,010 [pool-37-thread-1] INFO  impl.RaftServerImpl (RaftServerImpl.java:<init>(95)) - dd51241e-7f30-423c-8baf-8925f04f92e5: new RaftServerImpl for group-91D416462A89:[f9d00a00-bc78-4492-92ba-83defd396746:192.168.5.148:39515, 91e07af8-8ce2-4ac6-9c90-851894b34103:192.168.5.148:45771, dd51241e-7f30-423c-8baf-8925f04f92e5:192.168.5.148:35152] with ContainerStateMachine:uninitialized
2019-09-24 19:01:01,010 [pool-27-thread-1] INFO  server.RaftServerConfigKeys (ConfUtils.java:logGet(43)) - raft.server.storage.dir = [/workdir/hadoop-ozone/integration-test/target/test-dir/MiniOzoneClusterImpl-347bc0d8-8dc7-46c0-bd0b-f626cebf696e/datanode-0/data/ratis] (custom)
2019-09-24 19:01:01,010 [pool-37-thread-1] INFO  server.RaftServerConfigKeys (ConfUtils.java:logGet(43)) - raft.server.rpc.timeout.min = 1s (custom)
2019-09-24 19:01:01,011 [pool-37-thread-1] INFO  server.RaftServerConfigKeys (ConfUtils.java:logGet(43)) - raft.server.rpc.timeout.max = 1200ms (custom)
2019-09-24 19:01:01,011 [pool-27-thread-1] INFO  storage.RaftStorageDirectory (RaftStorageDirectory.java:analyzeStorage(246)) - The storage directory /workdir/hadoop-ozone/integration-test/target/test-dir/MiniOzoneClusterImpl-347bc0d8-8dc7-46c0-bd0b-f626cebf696e/datanode-0/data/ratis/1fa6406a-2613-4140-9828-91d416462a89 does not exist. Creating ...
2019-09-24 19:01:01,011 [pool-37-thread-1] INFO  server.RaftServerConfigKeys (ConfUtils.java:logGet(43)) - raft.server.rpcslowness.timeout = 120s (custom)
2019-09-24 19:01:01,011 [pool-37-thread-1] INFO  server.RaftServerConfigKeys (ConfUtils.java:logGet(43)) - raft.server.sleep.deviation.threshold = 300 (default)
2019-09-24 19:01:01,011 [pool-37-thread-1] INFO  server.RaftServerConfigKeys (ConfUtils.java:logGet(43)) - raft.server.log.appender.install.snapshot.enabled = false (custom)
2019-09-24 19:01:01,011 [pool-37-thread-1] INFO  impl.RaftServerImpl (ServerState.java:<init>(103)) - dd51241e-7f30-423c-8baf-8925f04f92e5@group-91D416462A89: ConfigurationManager, init=-1: [f9d00a00-bc78-4492-92ba-83defd396746:192.168.5.148:39515, 91e07af8-8ce2-4ac6-9c90-851894b34103:192.168.5.148:45771, dd51241e-7f30-423c-8baf-8925f04f92e5:192.168.5.148:35152], old=null, confs=<EMPTY_MAP>
2019-09-24 19:01:01,012 [pool-37-thread-1] INFO  server.RaftServerConfigKeys (ConfUtils.java:logGet(43)) - raft.server.storage.dir = [/workdir/hadoop-ozone/integration-test/target/test-dir/MiniOzoneClusterImpl-347bc0d8-8dc7-46c0-bd0b-f626cebf696e/datanode-1/data/ratis] (custom)
2019-09-24 19:01:01,012 [pool-37-thread-1] INFO  storage.RaftStorageDirectory (RaftStorageDirectory.java:analyzeStorage(246)) - The storage directory /workdir/hadoop-ozone/integration-test/target/test-dir/MiniOzoneClusterImpl-347bc0d8-8dc7-46c0-bd0b-f626cebf696e/datanode-1/data/ratis/1fa6406a-2613-4140-9828-91d416462a89 does not exist. Creating ...
2019-09-24 19:01:01,032 [pool-37-thread-1] INFO  storage.RaftStorageDirectory (RaftStorageDirectory.java:tryLock(328)) - Lock on /workdir/hadoop-ozone/integration-test/target/test-dir/MiniOzoneClusterImpl-347bc0d8-8dc7-46c0-bd0b-f626cebf696e/datanode-1/data/ratis/1fa6406a-2613-4140-9828-91d416462a89/in_use.lock acquired by nodename 10455@pr-hdds-2149-fgl4f-1742389470
2019-09-24 19:01:01,032 [pool-77-thread-1] INFO  storage.RaftStorageDirectory (RaftStorageDirectory.java:tryLock(328)) - Lock on /workdir/hadoop-ozone/integration-test/target/test-dir/MiniOzoneClusterImpl-347bc0d8-8dc7-46c0-bd0b-f626cebf696e/datanode-5/data/ratis/1fa6406a-2613-4140-9828-91d416462a89/in_use.lock acquired by nodename 10455@pr-hdds-2149-fgl4f-1742389470
2019-09-24 19:01:01,032 [pool-27-thread-1] INFO  storage.RaftStorageDirectory (RaftStorageDirectory.java:tryLock(328)) - Lock on /workdir/hadoop-ozone/integration-test/target/test-dir/MiniOzoneClusterImpl-347bc0d8-8dc7-46c0-bd0b-f626cebf696e/datanode-0/data/ratis/1fa6406a-2613-4140-9828-91d416462a89/in_use.lock acquired by nodename 10455@pr-hdds-2149-fgl4f-1742389470
2019-09-24 19:01:01,058 [pool-27-thread-1] INFO  storage.RaftStorage (RaftStorage.java:format(72)) - Storage directory /workdir/hadoop-ozone/integration-test/target/test-dir/MiniOzoneClusterImpl-347bc0d8-8dc7-46c0-bd0b-f626cebf696e/datanode-0/data/ratis/1fa6406a-2613-4140-9828-91d416462a89 has been successfully formatted.
2019-09-24 19:01:01,058 [pool-37-thread-1] INFO  storage.RaftStorage (RaftStorage.java:format(72)) - Storage directory /workdir/hadoop-ozone/integration-test/target/test-dir/MiniOzoneClusterImpl-347bc0d8-8dc7-46c0-bd0b-f626cebf696e/datanode-1/data/ratis/1fa6406a-2613-4140-9828-91d416462a89 has been successfully formatted.
2019-09-24 19:01:01,058 [pool-77-thread-1] INFO  storage.RaftStorage (RaftStorage.java:format(72)) - Storage directory /workdir/hadoop-ozone/integration-test/target/test-dir/MiniOzoneClusterImpl-347bc0d8-8dc7-46c0-bd0b-f626cebf696e/datanode-5/data/ratis/1fa6406a-2613-4140-9828-91d416462a89 has been successfully formatted.
2019-09-24 19:01:01,058 [pool-27-thread-1] INFO  ratis.ContainerStateMachine (ContainerStateMachine.java:loadSnapshot(230)) - group-91D416462A89: The snapshot info is null. Setting the last applied indexto:(t:0, i:~)
2019-09-24 19:01:01,059 [pool-77-thread-1] INFO  ratis.ContainerStateMachine (ContainerStateMachine.java:loadSnapshot(230)) - group-91D416462A89: The snapshot info is null. Setting the last applied indexto:(t:0, i:~)
2019-09-24 19:01:01,059 [pool-37-thread-1] INFO  ratis.ContainerStateMachine (ContainerStateMachine.java:loadSnapshot(230)) - group-91D416462A89: The snapshot info is null. Setting the last applied indexto:(t:0, i:~)
2019-09-24 19:01:01,059 [pool-77-thread-1] INFO  server.RaftServerConfigKeys (ConfUtils.java:logGet(43)) - raft.server.notification.no-leader.timeout = 120s (custom)
2019-09-24 19:01:01,059 [pool-27-thread-1] INFO  server.RaftServerConfigKeys (ConfUtils.java:logGet(43)) - raft.server.notification.no-leader.timeout = 120s (custom)
2019-09-24 19:01:01,059 [pool-77-thread-1] INFO  server.RaftServerConfigKeys (ConfUtils.java:logGet(43)) - raft.server.log.use.memory = false (default)
2019-09-24 19:01:01,059 [pool-37-thread-1] INFO  server.RaftServerConfigKeys (ConfUtils.java:logGet(43)) - raft.server.notification.no-leader.timeout = 120s (custom)
2019-09-24 19:01:01,060 [pool-77-thread-1] INFO  server.RaftServerConfigKeys (ConfUtils.java:logGet(43)) - raft.server.log.purge.gap = 1000000 (custom)
2019-09-24 19:01:01,059 [pool-27-thread-1] INFO  server.RaftServerConfigKeys (ConfUtils.java:logGet(43)) - raft.server.log.use.memory = false (default)
2019-09-24 19:01:01,060 [pool-77-thread-1] INFO  server.RaftServerConfigKeys (ConfUtils.java:logGet(43)) - raft.server.log.appender.buffer.byte-limit = 33554432 (custom)
2019-09-24 19:01:01,060 [pool-37-thread-1] INFO  server.RaftServerConfigKeys (ConfUtils.java:logGet(43)) - raft.server.log.use.memory = false (default)
2019-09-24 19:01:01,060 [pool-77-thread-1] INFO  server.RaftServerConfigKeys (ConfUtils.java:logGet(43)) - raft.server.log.segment.size.max = 1048576 (custom)
2019-09-24 19:01:01,060 [pool-27-thread-1] INFO  server.RaftServerConfigKeys (ConfUtils.java:logGet(43)) - raft.server.log.purge.gap = 1000000 (custom)
2019-09-24 19:01:01,060 [pool-77-thread-1] INFO  server.RaftServerConfigKeys (ConfUtils.java:logGet(43)) - raft.server.log.segment.cache.num.max = 2 (custom)
2019-09-24 19:01:01,060 [pool-37-thread-1] INFO  server.RaftServerConfigKeys (ConfUtils.java:logGet(43)) - raft.server.log.purge.gap = 1000000 (custom)
2019-09-24 19:01:01,061 [pool-77-thread-1] INFO  segmented.SegmentedRaftLogWorker (SegmentedRaftLogWorker.java:<init>(172)) - new 91e07af8-8ce2-4ac6-9c90-851894b34103@group-91D416462A89-SegmentedRaftLogWorker for RaftStorage:Storage Directory /workdir/hadoop-ozone/integration-test/target/test-dir/MiniOzoneClusterImpl-347bc0d8-8dc7-46c0-bd0b-f626cebf696e/datanode-5/data/ratis/1fa6406a-2613-4140-9828-91d416462a89
2019-09-24 19:01:01,061 [pool-27-thread-1] INFO  server.RaftServerConfigKeys (ConfUtils.java:logGet(43)) - raft.server.log.appender.buffer.byte-limit = 33554432 (custom)
2019-09-24 19:01:01,061 [pool-77-thread-1] INFO  server.RaftServerConfigKeys (ConfUtils.java:logGet(43)) - raft.server.log.queue.byte-limit = 2147483647 (custom)
2019-09-24 19:01:01,061 [pool-37-thread-1] INFO  server.RaftServerConfigKeys (ConfUtils.java:logGet(43)) - raft.server.log.appender.buffer.byte-limit = 33554432 (custom)
2019-09-24 19:01:01,061 [pool-77-thread-1] INFO  server.RaftServerConfigKeys (ConfUtils.java:logGet(43)) - raft.server.log.queue.element-limit = 1024 (custom)
2019-09-24 19:01:01,061 [pool-27-thread-1] INFO  server.RaftServerConfigKeys (ConfUtils.java:logGet(43)) - raft.server.log.segment.size.max = 1048576 (custom)
2019-09-24 19:01:01,062 [pool-77-thread-1] INFO  server.RaftServerConfigKeys (ConfUtils.java:logGet(43)) - raft.server.log.segment.size.max = 1048576 (custom)
2019-09-24 19:01:01,062 [pool-37-thread-1] INFO  server.RaftServerConfigKeys (ConfUtils.java:logGet(43)) - raft.server.log.segment.size.max = 1048576 (custom)
2019-09-24 19:01:01,062 [pool-77-thread-1] INFO  server.RaftServerConfigKeys (ConfUtils.java:logGet(43)) - raft.server.log.preallocated.size = 16384 (custom)
2019-09-24 19:01:01,062 [pool-27-thread-1] INFO  server.RaftServerConfigKeys (ConfUtils.java:logGet(43)) - raft.server.log.segment.cache.num.max = 2 (custom)
2019-09-24 19:01:01,062 [pool-77-thread-1] INFO  server.RaftServerConfigKeys (ConfUtils.java:logGet(43)) - raft.server.log.write.buffer.size = 33554432 (custom)
2019-09-24 19:01:01,062 [pool-37-thread-1] INFO  server.RaftServerConfigKeys (ConfUtils.java:logGet(43)) - raft.server.log.segment.cache.num.max = 2 (custom)
2019-09-24 19:01:01,063 [pool-77-thread-1] INFO  server.RaftServerConfigKeys (ConfUtils.java:logGet(43)) - raft.server.log.force.sync.num = 128 (default)
2019-09-24 19:01:01,062 [pool-27-thread-1] INFO  segmented.SegmentedRaftLogWorker (SegmentedRaftLogWorker.java:<init>(172)) - new f9d00a00-bc78-4492-92ba-83defd396746@group-91D416462A89-SegmentedRaftLogWorker for RaftStorage:Storage Directory /workdir/hadoop-ozone/integration-test/target/test-dir/MiniOzoneClusterImpl-347bc0d8-8dc7-46c0-bd0b-f626cebf696e/datanode-0/data/ratis/1fa6406a-2613-4140-9828-91d416462a89
2019-09-24 19:01:01,063 [pool-77-thread-1] INFO  server.RaftServerConfigKeys (ConfUtils.java:logGet(43)) - raft.server.log.statemachine.data.sync = true (default)
2019-09-24 19:01:01,063 [pool-37-thread-1] INFO  segmented.SegmentedRaftLogWorker (SegmentedRaftLogWorker.java:<init>(172)) - new dd51241e-7f30-423c-8baf-8925f04f92e5@group-91D416462A89-SegmentedRaftLogWorker for RaftStorage:Storage Directory /workdir/hadoop-ozone/integration-test/target/test-dir/MiniOzoneClusterImpl-347bc0d8-8dc7-46c0-bd0b-f626cebf696e/datanode-1/data/ratis/1fa6406a-2613-4140-9828-91d416462a89
2019-09-24 19:01:01,063 [pool-77-thread-1] INFO  server.RaftServerConfigKeys (ConfUtils.java:logGet(43)) - raft.server.log.statemachine.data.sync.timeout = 10s (default)
2019-09-24 19:01:01,063 [pool-27-thread-1] INFO  server.RaftServerConfigKeys (ConfUtils.java:logGet(43)) - raft.server.log.queue.byte-limit = 2147483647 (custom)
2019-09-24 19:01:01,064 [pool-77-thread-1] INFO  server.RaftServerConfigKeys (ConfUtils.java:logGet(43)) - raft.server.log.statemachine.data.sync.timeout.retry = -1 (default)
2019-09-24 19:01:01,063 [pool-37-thread-1] INFO  server.RaftServerConfigKeys (ConfUtils.java:logGet(43)) - raft.server.log.queue.byte-limit = 2147483647 (custom)
2019-09-24 19:01:01,064 [pool-27-thread-1] INFO  server.RaftServerConfigKeys (ConfUtils.java:logGet(43)) - raft.server.log.queue.element-limit = 1024 (custom)
2019-09-24 19:01:01,064 [pool-37-thread-1] INFO  server.RaftServerConfigKeys (ConfUtils.java:logGet(43)) - raft.server.log.queue.element-limit = 1024 (custom)
2019-09-24 19:01:01,064 [pool-77-thread-1] INFO  server.RaftServerConfigKeys (ConfUtils.java:logGet(43)) - raft.server.log.statemachine.data.caching.enabled = true (custom)
2019-09-24 19:01:01,064 [pool-37-thread-1] INFO  server.RaftServerConfigKeys (ConfUtils.java:logGet(43)) - raft.server.log.segment.size.max = 1048576 (custom)
2019-09-24 19:01:01,064 [pool-27-thread-1] INFO  server.RaftServerConfigKeys (ConfUtils.java:logGet(43)) - raft.server.log.segment.size.max = 1048576 (custom)
2019-09-24 19:01:01,065 [pool-77-thread-1] INFO  segmented.SegmentedRaftLogWorker (SegmentedRaftLogWorker.java:lambda$new$0(132)) - 91e07af8-8ce2-4ac6-9c90-851894b34103@group-91D416462A89-SegmentedRaftLogWorker: flushIndex: setUnconditionally 0 -> -1
2019-09-24 19:01:01,065 [pool-37-thread-1] INFO  server.RaftServerConfigKeys (ConfUtils.java:logGet(43)) - raft.server.log.preallocated.size = 16384 (custom)
2019-09-24 19:01:01,065 [pool-27-thread-1] INFO  server.RaftServerConfigKeys (ConfUtils.java:logGet(43)) - raft.server.log.preallocated.size = 16384 (custom)
2019-09-24 19:01:01,065 [pool-77-thread-1] INFO  server.RaftServerConfigKeys (ConfUtils.java:logGet(43)) - raft.server.snapshot.auto.trigger.enabled = true (custom)
2019-09-24 19:01:01,065 [pool-37-thread-1] INFO  server.RaftServerConfigKeys (ConfUtils.java:logGet(43)) - raft.server.log.write.buffer.size = 33554432 (custom)
2019-09-24 19:01:01,066 [pool-77-thread-1] INFO  server.RaftServerConfigKeys (ConfUtils.java:logGet(43)) - raft.server.snapshot.auto.trigger.threshold = 10000 (custom)
2019-09-24 19:01:01,065 [pool-27-thread-1] INFO  server.RaftServerConfigKeys (ConfUtils.java:logGet(43)) - raft.server.log.write.buffer.size = 33554432 (custom)
2019-09-24 19:01:01,066 [pool-77-thread-1] INFO  server.RaftServerConfigKeys (ConfUtils.java:logGet(43)) - raft.server.snapshot.retention.num.files = 5 (custom)
2019-09-24 19:01:01,066 [pool-37-thread-1] INFO  server.RaftServerConfigKeys (ConfUtils.java:logGet(43)) - raft.server.log.force.sync.num = 128 (default)
2019-09-24 19:01:01,066 [pool-77-thread-1] INFO  server.RaftServerConfigKeys (ConfUtils.java:logGet(43)) - raft.server.retrycache.expirytime = 600000ms (custom)
2019-09-24 19:01:01,066 [pool-27-thread-1] INFO  server.RaftServerConfigKeys (ConfUtils.java:logGet(43)) - raft.server.log.force.sync.num = 128 (default)
2019-09-24 19:01:01,066 [pool-37-thread-1] INFO  server.RaftServerConfigKeys (ConfUtils.java:logGet(43)) - raft.server.log.statemachine.data.sync = true (default)
2019-09-24 19:01:01,067 [pool-27-thread-1] INFO  server.RaftServerConfigKeys (ConfUtils.java:logGet(43)) - raft.server.log.statemachine.data.sync = true (default)
2019-09-24 19:01:01,067 [pool-37-thread-1] INFO  server.RaftServerConfigKeys (ConfUtils.java:logGet(43)) - raft.server.log.statemachine.data.sync.timeout = 10s (default)
2019-09-24 19:01:01,067 [pool-27-thread-1] INFO  server.RaftServerConfigKeys (ConfUtils.java:logGet(43)) - raft.server.log.statemachine.data.sync.timeout = 10s (default)
2019-09-24 19:01:01,067 [pool-37-thread-1] INFO  server.RaftServerConfigKeys (ConfUtils.java:logGet(43)) - raft.server.log.statemachine.data.sync.timeout.retry = -1 (default)
2019-09-24 19:01:01,067 [pool-27-thread-1] INFO  server.RaftServerConfigKeys (ConfUtils.java:logGet(43)) - raft.server.log.statemachine.data.sync.timeout.retry = -1 (default)
2019-09-24 19:01:01,067 [pool-37-thread-1] INFO  server.RaftServerConfigKeys (ConfUtils.java:logGet(43)) - raft.server.log.statemachine.data.caching.enabled = true (custom)
2019-09-24 19:01:01,068 [pool-27-thread-1] INFO  server.RaftServerConfigKeys (ConfUtils.java:logGet(43)) - raft.server.log.statemachine.data.caching.enabled = true (custom)
2019-09-24 19:01:01,068 [pool-37-thread-1] INFO  segmented.SegmentedRaftLogWorker (SegmentedRaftLogWorker.java:lambda$new$0(132)) - dd51241e-7f30-423c-8baf-8925f04f92e5@group-91D416462A89-SegmentedRaftLogWorker: flushIndex: setUnconditionally 0 -> -1
2019-09-24 19:01:01,068 [pool-27-thread-1] INFO  segmented.SegmentedRaftLogWorker (SegmentedRaftLogWorker.java:lambda$new$0(132)) - f9d00a00-bc78-4492-92ba-83defd396746@group-91D416462A89-SegmentedRaftLogWorker: flushIndex: setUnconditionally 0 -> -1
2019-09-24 19:01:01,068 [pool-37-thread-1] INFO  server.RaftServerConfigKeys (ConfUtils.java:logGet(43)) - raft.server.snapshot.auto.trigger.enabled = true (custom)
2019-09-24 19:01:01,068 [pool-37-thread-1] INFO  server.RaftServerConfigKeys (ConfUtils.java:logGet(43)) - raft.server.snapshot.auto.trigger.threshold = 10000 (custom)
2019-09-24 19:01:01,068 [pool-27-thread-1] INFO  server.RaftServerConfigKeys (ConfUtils.java:logGet(43)) - raft.server.snapshot.auto.trigger.enabled = true (custom)
2019-09-24 19:01:01,068 [pool-37-thread-1] INFO  server.RaftServerConfigKeys (ConfUtils.java:logGet(43)) - raft.server.snapshot.retention.num.files = 5 (custom)
2019-09-24 19:01:01,069 [pool-27-thread-1] INFO  server.RaftServerConfigKeys (ConfUtils.java:logGet(43)) - raft.server.snapshot.auto.trigger.threshold = 10000 (custom)
2019-09-24 19:01:01,069 [pool-37-thread-1] INFO  server.RaftServerConfigKeys (ConfUtils.java:logGet(43)) - raft.server.retrycache.expirytime = 600000ms (custom)
2019-09-24 19:01:01,069 [pool-27-thread-1] INFO  server.RaftServerConfigKeys (ConfUtils.java:logGet(43)) - raft.server.snapshot.retention.num.files = 5 (custom)
2019-09-24 19:01:01,069 [pool-27-thread-1] INFO  server.RaftServerConfigKeys (ConfUtils.java:logGet(43)) - raft.server.retrycache.expirytime = 600000ms (custom)
2019-09-24 19:01:01,070 [pool-77-thread-1] INFO  impl.RaftServerImpl (RaftServerImpl.java:start(185)) - 91e07af8-8ce2-4ac6-9c90-851894b34103@group-91D416462A89: start as a follower, conf=-1: [f9d00a00-bc78-4492-92ba-83defd396746:192.168.5.148:39515, 91e07af8-8ce2-4ac6-9c90-851894b34103:192.168.5.148:45771, dd51241e-7f30-423c-8baf-8925f04f92e5:192.168.5.148:35152], old=null
2019-09-24 19:01:01,070 [pool-77-thread-1] INFO  impl.RaftServerImpl (RaftServerImpl.java:setRole(174)) - 91e07af8-8ce2-4ac6-9c90-851894b34103@group-91D416462A89: changes role from      null to FOLLOWER at term 0 for startAsFollower
2019-09-24 19:01:01,070 [pool-77-thread-1] INFO  impl.RoleInfo (RoleInfo.java:updateAndGet(143)) - 91e07af8-8ce2-4ac6-9c90-851894b34103: start FollowerState
2019-09-24 19:01:01,070 [pool-77-thread-1] INFO  util.JmxRegister (JmxRegister.java:tryRegister(44)) - Successfully registered JMX Bean with object name Ratis:service=RaftServer,group=group-91D416462A89,id=91e07af8-8ce2-4ac6-9c90-851894b34103
2019-09-24 19:01:01,073 [pool-37-thread-1] INFO  impl.RaftServerImpl (RaftServerImpl.java:start(185)) - dd51241e-7f30-423c-8baf-8925f04f92e5@group-91D416462A89: start as a follower, conf=-1: [f9d00a00-bc78-4492-92ba-83defd396746:192.168.5.148:39515, 91e07af8-8ce2-4ac6-9c90-851894b34103:192.168.5.148:45771, dd51241e-7f30-423c-8baf-8925f04f92e5:192.168.5.148:35152], old=null
2019-09-24 19:01:01,075 [pool-37-thread-1] INFO  impl.RaftServerImpl (RaftServerImpl.java:setRole(174)) - dd51241e-7f30-423c-8baf-8925f04f92e5@group-91D416462A89: changes role from      null to FOLLOWER at term 0 for startAsFollower
2019-09-24 19:01:01,077 [pool-37-thread-1] INFO  impl.RoleInfo (RoleInfo.java:updateAndGet(143)) - dd51241e-7f30-423c-8baf-8925f04f92e5: start FollowerState
2019-09-24 19:01:01,080 [pool-37-thread-1] INFO  util.JmxRegister (JmxRegister.java:tryRegister(44)) - Successfully registered JMX Bean with object name Ratis:service=RaftServer,group=group-91D416462A89,id=dd51241e-7f30-423c-8baf-8925f04f92e5
2019-09-24 19:01:01,080 [pool-27-thread-1] INFO  impl.RaftServerImpl (RaftServerImpl.java:start(185)) - f9d00a00-bc78-4492-92ba-83defd396746@group-91D416462A89: start as a follower, conf=-1: [f9d00a00-bc78-4492-92ba-83defd396746:192.168.5.148:39515, 91e07af8-8ce2-4ac6-9c90-851894b34103:192.168.5.148:45771, dd51241e-7f30-423c-8baf-8925f04f92e5:192.168.5.148:35152], old=null
2019-09-24 19:01:01,083 [pool-27-thread-1] INFO  impl.RaftServerImpl (RaftServerImpl.java:setRole(174)) - f9d00a00-bc78-4492-92ba-83defd396746@group-91D416462A89: changes role from      null to FOLLOWER at term 0 for startAsFollower
2019-09-24 19:01:01,087 [pool-27-thread-1] INFO  impl.RoleInfo (RoleInfo.java:updateAndGet(143)) - f9d00a00-bc78-4492-92ba-83defd396746: start FollowerState
2019-09-24 19:01:01,087 [pool-27-thread-1] INFO  util.JmxRegister (JmxRegister.java:tryRegister(44)) - Successfully registered JMX Bean with object name Ratis:service=RaftServer,group=group-91D416462A89,id=f9d00a00-bc78-4492-92ba-83defd396746
2019-09-24 19:01:01,110 [RatisPipelineUtilsThread] INFO  pipeline.PipelineStateManager (PipelineStateManager.java:addPipeline(56)) - Created pipeline Pipeline[ Id: 1fa6406a-2613-4140-9828-91d416462a89, Nodes: f9d00a00-bc78-4492-92ba-83defd396746{ip: 192.168.5.148, host: pr-hdds-2149-fgl4f-1742389470, networkLocation: /rack1, certSerialId: null}dd51241e-7f30-423c-8baf-8925f04f92e5{ip: 192.168.5.148, host: pr-hdds-2149-fgl4f-1742389470, networkLocation: /rack1, certSerialId: null}91e07af8-8ce2-4ac6-9c90-851894b34103{ip: 192.168.5.148, host: pr-hdds-2149-fgl4f-1742389470, networkLocation: /rack1, certSerialId: null}, Type:RATIS, Factor:THREE, State:OPEN]
2019-09-24 19:01:01,129 [grpc-default-executor-2] INFO  impl.RaftServerProxy (RaftServerProxy.java:addNew(89)) - 01d7623e-fce0-4300-8f15-4bc2097938ef: addNew group-338C40DB937D:[01d7623e-fce0-4300-8f15-4bc2097938ef:192.168.5.148:45158, c0a619e5-2907-4353-abbd-f6fb1099a46d:192.168.5.148:37575, 75e06a4b-10ed-49e3-a0f4-39d0cf919ed9:192.168.5.148:37717] returns group-338C40DB937D:java.util.concurrent.CompletableFuture@63cd943c[Not completed]
2019-09-24 19:01:01,136 [grpc-default-executor-2] INFO  impl.RaftServerProxy (RaftServerProxy.java:addNew(89)) - c0a619e5-2907-4353-abbd-f6fb1099a46d: addNew group-338C40DB937D:[01d7623e-fce0-4300-8f15-4bc2097938ef:192.168.5.148:45158, c0a619e5-2907-4353-abbd-f6fb1099a46d:192.168.5.148:37575, 75e06a4b-10ed-49e3-a0f4-39d0cf919ed9:192.168.5.148:37717] returns group-338C40DB937D:java.util.concurrent.CompletableFuture@566f95a3[Not completed]
2019-09-24 19:01:01,136 [grpc-default-executor-0] INFO  impl.RaftServerProxy (RaftServerProxy.java:addNew(89)) - 75e06a4b-10ed-49e3-a0f4-39d0cf919ed9: addNew group-338C40DB937D:[01d7623e-fce0-4300-8f15-4bc2097938ef:192.168.5.148:45158, c0a619e5-2907-4353-abbd-f6fb1099a46d:192.168.5.148:37575, 75e06a4b-10ed-49e3-a0f4-39d0cf919ed9:192.168.5.148:37717] returns group-338C40DB937D:java.util.concurrent.CompletableFuture@18a1815f[Not completed]
2019-09-24 19:01:01,139 [pool-67-thread-1] INFO  impl.RaftServerImpl (RaftServerImpl.java:<init>(95)) - 01d7623e-fce0-4300-8f15-4bc2097938ef: new RaftServerImpl for group-338C40DB937D:[01d7623e-fce0-4300-8f15-4bc2097938ef:192.168.5.148:45158, c0a619e5-2907-4353-abbd-f6fb1099a46d:192.168.5.148:37575, 75e06a4b-10ed-49e3-a0f4-39d0cf919ed9:192.168.5.148:37717] with ContainerStateMachine:uninitialized
2019-09-24 19:01:01,139 [pool-67-thread-1] INFO  server.RaftServerConfigKeys (ConfUtils.java:logGet(43)) - raft.server.rpc.timeout.min = 1s (custom)
2019-09-24 19:01:01,139 [pool-67-thread-1] INFO  server.RaftServerConfigKeys (ConfUtils.java:logGet(43)) - raft.server.rpc.timeout.max = 1200ms (custom)
2019-09-24 19:01:01,140 [pool-67-thread-1] INFO  server.RaftServerConfigKeys (ConfUtils.java:logGet(43)) - raft.server.rpcslowness.timeout = 120s (custom)
2019-09-24 19:01:01,140 [pool-67-thread-1] INFO  server.RaftServerConfigKeys (ConfUtils.java:logGet(43)) - raft.server.sleep.deviation.threshold = 300 (default)
2019-09-24 19:01:01,140 [pool-67-thread-1] INFO  server.RaftServerConfigKeys (ConfUtils.java:logGet(43)) - raft.server.log.appender.install.snapshot.enabled = false (custom)
2019-09-24 19:01:01,140 [pool-67-thread-1] INFO  impl.RaftServerImpl (ServerState.java:<init>(103)) - 01d7623e-fce0-4300-8f15-4bc2097938ef@group-338C40DB937D: ConfigurationManager, init=-1: [01d7623e-fce0-4300-8f15-4bc2097938ef:192.168.5.148:45158, c0a619e5-2907-4353-abbd-f6fb1099a46d:192.168.5.148:37575, 75e06a4b-10ed-49e3-a0f4-39d0cf919ed9:192.168.5.148:37717], old=null, confs=<EMPTY_MAP>
2019-09-24 19:01:01,140 [pool-67-thread-1] INFO  server.RaftServerConfigKeys (ConfUtils.java:logGet(43)) - raft.server.storage.dir = [/workdir/hadoop-ozone/integration-test/target/test-dir/MiniOzoneClusterImpl-347bc0d8-8dc7-46c0-bd0b-f626cebf696e/datanode-4/data/ratis] (custom)
2019-09-24 19:01:01,140 [pool-117-thread-1] INFO  impl.RaftServerImpl (RaftServerImpl.java:<init>(95)) - 75e06a4b-10ed-49e3-a0f4-39d0cf919ed9: new RaftServerImpl for group-338C40DB937D:[01d7623e-fce0-4300-8f15-4bc2097938ef:192.168.5.148:45158, c0a619e5-2907-4353-abbd-f6fb1099a46d:192.168.5.148:37575, 75e06a4b-10ed-49e3-a0f4-39d0cf919ed9:192.168.5.148:37717] with ContainerStateMachine:uninitialized
2019-09-24 19:01:01,141 [pool-117-thread-1] INFO  server.RaftServerConfigKeys (ConfUtils.java:logGet(43)) - raft.server.rpc.timeout.min = 1s (custom)
2019-09-24 19:01:01,141 [pool-67-thread-1] INFO  storage.RaftStorageDirectory (RaftStorageDirectory.java:analyzeStorage(246)) - The storage directory /workdir/hadoop-ozone/integration-test/target/test-dir/MiniOzoneClusterImpl-347bc0d8-8dc7-46c0-bd0b-f626cebf696e/datanode-4/data/ratis/09cc86b9-b7fc-4c9b-ba7f-338c40db937d does not exist. Creating ...
2019-09-24 19:01:01,141 [pool-117-thread-1] INFO  server.RaftServerConfigKeys (ConfUtils.java:logGet(43)) - raft.server.rpc.timeout.max = 1200ms (custom)
2019-09-24 19:01:01,141 [pool-117-thread-1] INFO  server.RaftServerConfigKeys (ConfUtils.java:logGet(43)) - raft.server.rpcslowness.timeout = 120s (custom)
2019-09-24 19:01:01,141 [pool-117-thread-1] INFO  server.RaftServerConfigKeys (ConfUtils.java:logGet(43)) - raft.server.sleep.deviation.threshold = 300 (default)
2019-09-24 19:01:01,142 [pool-87-thread-1] INFO  impl.RaftServerImpl (RaftServerImpl.java:<init>(95)) - c0a619e5-2907-4353-abbd-f6fb1099a46d: new RaftServerImpl for group-338C40DB937D:[01d7623e-fce0-4300-8f15-4bc2097938ef:192.168.5.148:45158, c0a619e5-2907-4353-abbd-f6fb1099a46d:192.168.5.148:37575, 75e06a4b-10ed-49e3-a0f4-39d0cf919ed9:192.168.5.148:37717] with ContainerStateMachine:uninitialized
2019-09-24 19:01:01,142 [pool-117-thread-1] INFO  server.RaftServerConfigKeys (ConfUtils.java:logGet(43)) - raft.server.log.appender.install.snapshot.enabled = false (custom)
2019-09-24 19:01:01,142 [pool-87-thread-1] INFO  server.RaftServerConfigKeys (ConfUtils.java:logGet(43)) - raft.server.rpc.timeout.min = 1s (custom)
2019-09-24 19:01:01,142 [pool-117-thread-1] INFO  impl.RaftServerImpl (ServerState.java:<init>(103)) - 75e06a4b-10ed-49e3-a0f4-39d0cf919ed9@group-338C40DB937D: ConfigurationManager, init=-1: [01d7623e-fce0-4300-8f15-4bc2097938ef:192.168.5.148:45158, c0a619e5-2907-4353-abbd-f6fb1099a46d:192.168.5.148:37575, 75e06a4b-10ed-49e3-a0f4-39d0cf919ed9:192.168.5.148:37717], old=null, confs=<EMPTY_MAP>
2019-09-24 19:01:01,142 [pool-87-thread-1] INFO  server.RaftServerConfigKeys (ConfUtils.java:logGet(43)) - raft.server.rpc.timeout.max = 1200ms (custom)
2019-09-24 19:01:01,142 [pool-117-thread-1] INFO  server.RaftServerConfigKeys (ConfUtils.java:logGet(43)) - raft.server.storage.dir = [/workdir/hadoop-ozone/integration-test/target/test-dir/MiniOzoneClusterImpl-347bc0d8-8dc7-46c0-bd0b-f626cebf696e/datanode-9/data/ratis] (custom)
2019-09-24 19:01:01,142 [pool-87-thread-1] INFO  server.RaftServerConfigKeys (ConfUtils.java:logGet(43)) - raft.server.rpcslowness.timeout = 120s (custom)
2019-09-24 19:01:01,143 [pool-87-thread-1] INFO  server.RaftServerConfigKeys (ConfUtils.java:logGet(43)) - raft.server.sleep.deviation.threshold = 300 (default)
2019-09-24 19:01:01,143 [pool-117-thread-1] INFO  storage.RaftStorageDirectory (RaftStorageDirectory.java:analyzeStorage(246)) - The storage directory /workdir/hadoop-ozone/integration-test/target/test-dir/MiniOzoneClusterImpl-347bc0d8-8dc7-46c0-bd0b-f626cebf696e/datanode-9/data/ratis/09cc86b9-b7fc-4c9b-ba7f-338c40db937d does not exist. Creating ...
2019-09-24 19:01:01,143 [pool-87-thread-1] INFO  server.RaftServerConfigKeys (ConfUtils.java:logGet(43)) - raft.server.log.appender.install.snapshot.enabled = false (custom)
2019-09-24 19:01:01,143 [pool-87-thread-1] INFO  impl.RaftServerImpl (ServerState.java:<init>(103)) - c0a619e5-2907-4353-abbd-f6fb1099a46d@group-338C40DB937D: ConfigurationManager, init=-1: [01d7623e-fce0-4300-8f15-4bc2097938ef:192.168.5.148:45158, c0a619e5-2907-4353-abbd-f6fb1099a46d:192.168.5.148:37575, 75e06a4b-10ed-49e3-a0f4-39d0cf919ed9:192.168.5.148:37717], old=null, confs=<EMPTY_MAP>
2019-09-24 19:01:01,143 [pool-87-thread-1] INFO  server.RaftServerConfigKeys (ConfUtils.java:logGet(43)) - raft.server.storage.dir = [/workdir/hadoop-ozone/integration-test/target/test-dir/MiniOzoneClusterImpl-347bc0d8-8dc7-46c0-bd0b-f626cebf696e/datanode-6/data/ratis] (custom)
2019-09-24 19:01:01,144 [pool-87-thread-1] INFO  storage.RaftStorageDirectory (RaftStorageDirectory.java:analyzeStorage(246)) - The storage directory /workdir/hadoop-ozone/integration-test/target/test-dir/MiniOzoneClusterImpl-347bc0d8-8dc7-46c0-bd0b-f626cebf696e/datanode-6/data/ratis/09cc86b9-b7fc-4c9b-ba7f-338c40db937d does not exist. Creating ...
2019-09-24 19:01:01,166 [pool-87-thread-1] INFO  storage.RaftStorageDirectory (RaftStorageDirectory.java:tryLock(328)) - Lock on /workdir/hadoop-ozone/integration-test/target/test-dir/MiniOzoneClusterImpl-347bc0d8-8dc7-46c0-bd0b-f626cebf696e/datanode-6/data/ratis/09cc86b9-b7fc-4c9b-ba7f-338c40db937d/in_use.lock acquired by nodename 10455@pr-hdds-2149-fgl4f-1742389470
2019-09-24 19:01:01,166 [pool-117-thread-1] INFO  storage.RaftStorageDirectory (RaftStorageDirectory.java:tryLock(328)) - Lock on /workdir/hadoop-ozone/integration-test/target/test-dir/MiniOzoneClusterImpl-347bc0d8-8dc7-46c0-bd0b-f626cebf696e/datanode-9/data/ratis/09cc86b9-b7fc-4c9b-ba7f-338c40db937d/in_use.lock acquired by nodename 10455@pr-hdds-2149-fgl4f-1742389470
2019-09-24 19:01:01,166 [pool-67-thread-1] INFO  storage.RaftStorageDirectory (RaftStorageDirectory.java:tryLock(328)) - Lock on /workdir/hadoop-ozone/integration-test/target/test-dir/MiniOzoneClusterImpl-347bc0d8-8dc7-46c0-bd0b-f626cebf696e/datanode-4/data/ratis/09cc86b9-b7fc-4c9b-ba7f-338c40db937d/in_use.lock acquired by nodename 10455@pr-hdds-2149-fgl4f-1742389470
2019-09-24 19:01:01,191 [pool-67-thread-1] INFO  storage.RaftStorage (RaftStorage.java:format(72)) - Storage directory /workdir/hadoop-ozone/integration-test/target/test-dir/MiniOzoneClusterImpl-347bc0d8-8dc7-46c0-bd0b-f626cebf696e/datanode-4/data/ratis/09cc86b9-b7fc-4c9b-ba7f-338c40db937d has been successfully formatted.
2019-09-24 19:01:01,191 [pool-117-thread-1] INFO  storage.RaftStorage (RaftStorage.java:format(72)) - Storage directory /workdir/hadoop-ozone/integration-test/target/test-dir/MiniOzoneClusterImpl-347bc0d8-8dc7-46c0-bd0b-f626cebf696e/datanode-9/data/ratis/09cc86b9-b7fc-4c9b-ba7f-338c40db937d has been successfully formatted.
2019-09-24 19:01:01,191 [pool-87-thread-1] INFO  storage.RaftStorage (RaftStorage.java:format(72)) - Storage directory /workdir/hadoop-ozone/integration-test/target/test-dir/MiniOzoneClusterImpl-347bc0d8-8dc7-46c0-bd0b-f626cebf696e/datanode-6/data/ratis/09cc86b9-b7fc-4c9b-ba7f-338c40db937d has been successfully formatted.
2019-09-24 19:01:01,191 [pool-67-thread-1] INFO  ratis.ContainerStateMachine (ContainerStateMachine.java:loadSnapshot(230)) - group-338C40DB937D: The snapshot info is null. Setting the last applied indexto:(t:0, i:~)
2019-09-24 19:01:01,191 [pool-87-thread-1] INFO  ratis.ContainerStateMachine (ContainerStateMachine.java:loadSnapshot(230)) - group-338C40DB937D: The snapshot info is null. Setting the last applied indexto:(t:0, i:~)
2019-09-24 19:01:01,191 [pool-117-thread-1] INFO  ratis.ContainerStateMachine (ContainerStateMachine.java:loadSnapshot(230)) - group-338C40DB937D: The snapshot info is null. Setting the last applied indexto:(t:0, i:~)
2019-09-24 19:01:01,191 [pool-87-thread-1] INFO  server.RaftServerConfigKeys (ConfUtils.java:logGet(43)) - raft.server.notification.no-leader.timeout = 120s (custom)
2019-09-24 19:01:01,191 [pool-67-thread-1] INFO  server.RaftServerConfigKeys (ConfUtils.java:logGet(43)) - raft.server.notification.no-leader.timeout = 120s (custom)
2019-09-24 19:01:01,191 [pool-87-thread-1] INFO  server.RaftServerConfigKeys (ConfUtils.java:logGet(43)) - raft.server.log.use.memory = false (default)
2019-09-24 19:01:01,191 [pool-117-thread-1] INFO  server.RaftServerConfigKeys (ConfUtils.java:logGet(43)) - raft.server.notification.no-leader.timeout = 120s (custom)
2019-09-24 19:01:01,192 [pool-87-thread-1] INFO  server.RaftServerConfigKeys (ConfUtils.java:logGet(43)) - raft.server.log.purge.gap = 1000000 (custom)
2019-09-24 19:01:01,192 [pool-67-thread-1] INFO  server.RaftServerConfigKeys (ConfUtils.java:logGet(43)) - raft.server.log.use.memory = false (default)
2019-09-24 19:01:01,192 [pool-87-thread-1] INFO  server.RaftServerConfigKeys (ConfUtils.java:logGet(43)) - raft.server.log.appender.buffer.byte-limit = 33554432 (custom)
2019-09-24 19:01:01,192 [pool-117-thread-1] INFO  server.RaftServerConfigKeys (ConfUtils.java:logGet(43)) - raft.server.log.use.memory = false (default)
2019-09-24 19:01:01,192 [pool-87-thread-1] INFO  server.RaftServerConfigKeys (ConfUtils.java:logGet(43)) - raft.server.log.segment.size.max = 1048576 (custom)
2019-09-24 19:01:01,192 [pool-67-thread-1] INFO  server.RaftServerConfigKeys (ConfUtils.java:logGet(43)) - raft.server.log.purge.gap = 1000000 (custom)
2019-09-24 19:01:01,192 [pool-87-thread-1] INFO  server.RaftServerConfigKeys (ConfUtils.java:logGet(43)) - raft.server.log.segment.cache.num.max = 2 (custom)
2019-09-24 19:01:01,192 [pool-117-thread-1] INFO  server.RaftServerConfigKeys (ConfUtils.java:logGet(43)) - raft.server.log.purge.gap = 1000000 (custom)
2019-09-24 19:01:01,193 [pool-87-thread-1] INFO  segmented.SegmentedRaftLogWorker (SegmentedRaftLogWorker.java:<init>(172)) - new c0a619e5-2907-4353-abbd-f6fb1099a46d@group-338C40DB937D-SegmentedRaftLogWorker for RaftStorage:Storage Directory /workdir/hadoop-ozone/integration-test/target/test-dir/MiniOzoneClusterImpl-347bc0d8-8dc7-46c0-bd0b-f626cebf696e/datanode-6/data/ratis/09cc86b9-b7fc-4c9b-ba7f-338c40db937d
2019-09-24 19:01:01,192 [pool-67-thread-1] INFO  server.RaftServerConfigKeys (ConfUtils.java:logGet(43)) - raft.server.log.appender.buffer.byte-limit = 33554432 (custom)
2019-09-24 19:01:01,193 [pool-87-thread-1] INFO  server.RaftServerConfigKeys (ConfUtils.java:logGet(43)) - raft.server.log.queue.byte-limit = 2147483647 (custom)
2019-09-24 19:01:01,193 [pool-117-thread-1] INFO  server.RaftServerConfigKeys (ConfUtils.java:logGet(43)) - raft.server.log.appender.buffer.byte-limit = 33554432 (custom)
2019-09-24 19:01:01,193 [pool-87-thread-1] INFO  server.RaftServerConfigKeys (ConfUtils.java:logGet(43)) - raft.server.log.queue.element-limit = 1024 (custom)
2019-09-24 19:01:01,193 [pool-67-thread-1] INFO  server.RaftServerConfigKeys (ConfUtils.java:logGet(43)) - raft.server.log.segment.size.max = 1048576 (custom)
2019-09-24 19:01:01,193 [pool-87-thread-1] INFO  server.RaftServerConfigKeys (ConfUtils.java:logGet(43)) - raft.server.log.segment.size.max = 1048576 (custom)
2019-09-24 19:01:01,193 [pool-117-thread-1] INFO  server.RaftServerConfigKeys (ConfUtils.java:logGet(43)) - raft.server.log.segment.size.max = 1048576 (custom)
2019-09-24 19:01:01,193 [pool-87-thread-1] INFO  server.RaftServerConfigKeys (ConfUtils.java:logGet(43)) - raft.server.log.preallocated.size = 16384 (custom)
2019-09-24 19:01:01,193 [pool-67-thread-1] INFO  server.RaftServerConfigKeys (ConfUtils.java:logGet(43)) - raft.server.log.segment.cache.num.max = 2 (custom)
2019-09-24 19:01:01,194 [pool-87-thread-1] INFO  server.RaftServerConfigKeys (ConfUtils.java:logGet(43)) - raft.server.log.write.buffer.size = 33554432 (custom)
2019-09-24 19:01:01,194 [pool-87-thread-1] INFO  server.RaftServerConfigKeys (ConfUtils.java:logGet(43)) - raft.server.log.force.sync.num = 128 (default)
2019-09-24 19:01:01,194 [pool-117-thread-1] INFO  server.RaftServerConfigKeys (ConfUtils.java:logGet(43)) - raft.server.log.segment.cache.num.max = 2 (custom)
2019-09-24 19:01:01,194 [pool-87-thread-1] INFO  server.RaftServerConfigKeys (ConfUtils.java:logGet(43)) - raft.server.log.statemachine.data.sync = true (default)
2019-09-24 19:01:01,194 [pool-67-thread-1] INFO  segmented.SegmentedRaftLogWorker (SegmentedRaftLogWorker.java:<init>(172)) - new 01d7623e-fce0-4300-8f15-4bc2097938ef@group-338C40DB937D-SegmentedRaftLogWorker for RaftStorage:Storage Directory /workdir/hadoop-ozone/integration-test/target/test-dir/MiniOzoneClusterImpl-347bc0d8-8dc7-46c0-bd0b-f626cebf696e/datanode-4/data/ratis/09cc86b9-b7fc-4c9b-ba7f-338c40db937d
2019-09-24 19:01:01,194 [pool-87-thread-1] INFO  server.RaftServerConfigKeys (ConfUtils.java:logGet(43)) - raft.server.log.statemachine.data.sync.timeout = 10s (default)
2019-09-24 19:01:01,194 [pool-117-thread-1] INFO  segmented.SegmentedRaftLogWorker (SegmentedRaftLogWorker.java:<init>(172)) - new 75e06a4b-10ed-49e3-a0f4-39d0cf919ed9@group-338C40DB937D-SegmentedRaftLogWorker for RaftStorage:Storage Directory /workdir/hadoop-ozone/integration-test/target/test-dir/MiniOzoneClusterImpl-347bc0d8-8dc7-46c0-bd0b-f626cebf696e/datanode-9/data/ratis/09cc86b9-b7fc-4c9b-ba7f-338c40db937d
2019-09-24 19:01:01,195 [pool-87-thread-1] INFO  server.RaftServerConfigKeys (ConfUtils.java:logGet(43)) - raft.server.log.statemachine.data.sync.timeout.retry = -1 (default)
2019-09-24 19:01:01,195 [pool-67-thread-1] INFO  server.RaftServerConfigKeys (ConfUtils.java:logGet(43)) - raft.server.log.queue.byte-limit = 2147483647 (custom)
2019-09-24 19:01:01,195 [pool-87-thread-1] INFO  server.RaftServerConfigKeys (ConfUtils.java:logGet(43)) - raft.server.log.statemachine.data.caching.enabled = true (custom)
2019-09-24 19:01:01,195 [pool-117-thread-1] INFO  server.RaftServerConfigKeys (ConfUtils.java:logGet(43)) - raft.server.log.queue.byte-limit = 2147483647 (custom)
2019-09-24 19:01:01,195 [pool-67-thread-1] INFO  server.RaftServerConfigKeys (ConfUtils.java:logGet(43)) - raft.server.log.queue.element-limit = 1024 (custom)
2019-09-24 19:01:01,195 [pool-87-thread-1] INFO  segmented.SegmentedRaftLogWorker (SegmentedRaftLogWorker.java:lambda$new$0(132)) - c0a619e5-2907-4353-abbd-f6fb1099a46d@group-338C40DB937D-SegmentedRaftLogWorker: flushIndex: setUnconditionally 0 -> -1
2019-09-24 19:01:01,195 [pool-117-thread-1] INFO  server.RaftServerConfigKeys (ConfUtils.java:logGet(43)) - raft.server.log.queue.element-limit = 1024 (custom)
2019-09-24 19:01:01,196 [pool-67-thread-1] INFO  server.RaftServerConfigKeys (ConfUtils.java:logGet(43)) - raft.server.log.segment.size.max = 1048576 (custom)
2019-09-24 19:01:01,196 [pool-117-thread-1] INFO  server.RaftServerConfigKeys (ConfUtils.java:logGet(43)) - raft.server.log.segment.size.max = 1048576 (custom)
2019-09-24 19:01:01,196 [pool-87-thread-1] INFO  server.RaftServerConfigKeys (ConfUtils.java:logGet(43)) - raft.server.snapshot.auto.trigger.enabled = true (custom)
2019-09-24 19:01:01,196 [pool-117-thread-1] INFO  server.RaftServerConfigKeys (ConfUtils.java:logGet(43)) - raft.server.log.preallocated.size = 16384 (custom)
2019-09-24 19:01:01,196 [pool-67-thread-1] INFO  server.RaftServerConfigKeys (ConfUtils.java:logGet(43)) - raft.server.log.preallocated.size = 16384 (custom)
2019-09-24 19:01:01,196 [pool-117-thread-1] INFO  server.RaftServerConfigKeys (ConfUtils.java:logGet(43)) - raft.server.log.write.buffer.size = 33554432 (custom)
2019-09-24 19:01:01,196 [pool-87-thread-1] INFO  server.RaftServerConfigKeys (ConfUtils.java:logGet(43)) - raft.server.snapshot.auto.trigger.threshold = 10000 (custom)
2019-09-24 19:01:01,197 [pool-117-thread-1] INFO  server.RaftServerConfigKeys (ConfUtils.java:logGet(43)) - raft.server.log.force.sync.num = 128 (default)
2019-09-24 19:01:01,196 [pool-67-thread-1] INFO  server.RaftServerConfigKeys (ConfUtils.java:logGet(43)) - raft.server.log.write.buffer.size = 33554432 (custom)
2019-09-24 19:01:01,197 [pool-117-thread-1] INFO  server.RaftServerConfigKeys (ConfUtils.java:logGet(43)) - raft.server.log.statemachine.data.sync = true (default)
2019-09-24 19:01:01,197 [pool-87-thread-1] INFO  server.RaftServerConfigKeys (ConfUtils.java:logGet(43)) - raft.server.snapshot.retention.num.files = 5 (custom)
2019-09-24 19:01:01,197 [pool-117-thread-1] INFO  server.RaftServerConfigKeys (ConfUtils.java:logGet(43)) - raft.server.log.statemachine.data.sync.timeout = 10s (default)
2019-09-24 19:01:01,197 [pool-67-thread-1] INFO  server.RaftServerConfigKeys (ConfUtils.java:logGet(43)) - raft.server.log.force.sync.num = 128 (default)
2019-09-24 19:01:01,197 [pool-117-thread-1] INFO  server.RaftServerConfigKeys (ConfUtils.java:logGet(43)) - raft.server.log.statemachine.data.sync.timeout.retry = -1 (default)
2019-09-24 19:01:01,197 [pool-87-thread-1] INFO  server.RaftServerConfigKeys (ConfUtils.java:logGet(43)) - raft.server.retrycache.expirytime = 600000ms (custom)
2019-09-24 19:01:01,197 [pool-67-thread-1] INFO  server.RaftServerConfigKeys (ConfUtils.java:logGet(43)) - raft.server.log.statemachine.data.sync = true (default)
2019-09-24 19:01:01,198 [pool-117-thread-1] INFO  server.RaftServerConfigKeys (ConfUtils.java:logGet(43)) - raft.server.log.statemachine.data.caching.enabled = true (custom)
2019-09-24 19:01:01,198 [pool-67-thread-1] INFO  server.RaftServerConfigKeys (ConfUtils.java:logGet(43)) - raft.server.log.statemachine.data.sync.timeout = 10s (default)
2019-09-24 19:01:01,198 [pool-67-thread-1] INFO  server.RaftServerConfigKeys (ConfUtils.java:logGet(43)) - raft.server.log.statemachine.data.sync.timeout.retry = -1 (default)
2019-09-24 19:01:01,198 [pool-117-thread-1] INFO  segmented.SegmentedRaftLogWorker (SegmentedRaftLogWorker.java:lambda$new$0(132)) - 75e06a4b-10ed-49e3-a0f4-39d0cf919ed9@group-338C40DB937D-SegmentedRaftLogWorker: flushIndex: setUnconditionally 0 -> -1
2019-09-24 19:01:01,198 [pool-67-thread-1] INFO  server.RaftServerConfigKeys (ConfUtils.java:logGet(43)) - raft.server.log.statemachine.data.caching.enabled = true (custom)
2019-09-24 19:01:01,199 [pool-117-thread-1] INFO  server.RaftServerConfigKeys (ConfUtils.java:logGet(43)) - raft.server.snapshot.auto.trigger.enabled = true (custom)
2019-09-24 19:01:01,199 [pool-67-thread-1] INFO  segmented.SegmentedRaftLogWorker (SegmentedRaftLogWorker.java:lambda$new$0(132)) - 01d7623e-fce0-4300-8f15-4bc2097938ef@group-338C40DB937D-SegmentedRaftLogWorker: flushIndex: setUnconditionally 0 -> -1
2019-09-24 19:01:01,199 [pool-117-thread-1] INFO  server.RaftServerConfigKeys (ConfUtils.java:logGet(43)) - raft.server.snapshot.auto.trigger.threshold = 10000 (custom)
2019-09-24 19:01:01,199 [pool-67-thread-1] INFO  server.RaftServerConfigKeys (ConfUtils.java:logGet(43)) - raft.server.snapshot.auto.trigger.enabled = true (custom)
2019-09-24 19:01:01,199 [pool-117-thread-1] INFO  server.RaftServerConfigKeys (ConfUtils.java:logGet(43)) - raft.server.snapshot.retention.num.files = 5 (custom)
2019-09-24 19:01:01,199 [pool-67-thread-1] INFO  server.RaftServerConfigKeys (ConfUtils.java:logGet(43)) - raft.server.snapshot.auto.trigger.threshold = 10000 (custom)
2019-09-24 19:01:01,199 [pool-67-thread-1] INFO  server.RaftServerConfigKeys (ConfUtils.java:logGet(43)) - raft.server.snapshot.retention.num.files = 5 (custom)
2019-09-24 19:01:01,199 [pool-117-thread-1] INFO  server.RaftServerConfigKeys (ConfUtils.java:logGet(43)) - raft.server.retrycache.expirytime = 600000ms (custom)
2019-09-24 19:01:01,200 [pool-67-thread-1] INFO  server.RaftServerConfigKeys (ConfUtils.java:logGet(43)) - raft.server.retrycache.expirytime = 600000ms (custom)
2019-09-24 19:01:01,200 [pool-87-thread-1] INFO  impl.RaftServerImpl (RaftServerImpl.java:start(185)) - c0a619e5-2907-4353-abbd-f6fb1099a46d@group-338C40DB937D: start as a follower, conf=-1: [01d7623e-fce0-4300-8f15-4bc2097938ef:192.168.5.148:45158, c0a619e5-2907-4353-abbd-f6fb1099a46d:192.168.5.148:37575, 75e06a4b-10ed-49e3-a0f4-39d0cf919ed9:192.168.5.148:37717], old=null
2019-09-24 19:01:01,200 [pool-87-thread-1] INFO  impl.RaftServerImpl (RaftServerImpl.java:setRole(174)) - c0a619e5-2907-4353-abbd-f6fb1099a46d@group-338C40DB937D: changes role from      null to FOLLOWER at term 0 for startAsFollower
2019-09-24 19:01:01,200 [pool-87-thread-1] INFO  impl.RoleInfo (RoleInfo.java:updateAndGet(143)) - c0a619e5-2907-4353-abbd-f6fb1099a46d: start FollowerState
2019-09-24 19:01:01,201 [pool-87-thread-1] INFO  util.JmxRegister (JmxRegister.java:tryRegister(44)) - Successfully registered JMX Bean with object name Ratis:service=RaftServer,group=group-338C40DB937D,id=c0a619e5-2907-4353-abbd-f6fb1099a46d
2019-09-24 19:01:01,206 [pool-117-thread-1] INFO  impl.RaftServerImpl (RaftServerImpl.java:start(185)) - 75e06a4b-10ed-49e3-a0f4-39d0cf919ed9@group-338C40DB937D: start as a follower, conf=-1: [01d7623e-fce0-4300-8f15-4bc2097938ef:192.168.5.148:45158, c0a619e5-2907-4353-abbd-f6fb1099a46d:192.168.5.148:37575, 75e06a4b-10ed-49e3-a0f4-39d0cf919ed9:192.168.5.148:37717], old=null
2019-09-24 19:01:01,206 [pool-67-thread-1] INFO  impl.RaftServerImpl (RaftServerImpl.java:start(185)) - 01d7623e-fce0-4300-8f15-4bc2097938ef@group-338C40DB937D: start as a follower, conf=-1: [01d7623e-fce0-4300-8f15-4bc2097938ef:192.168.5.148:45158, c0a619e5-2907-4353-abbd-f6fb1099a46d:192.168.5.148:37575, 75e06a4b-10ed-49e3-a0f4-39d0cf919ed9:192.168.5.148:37717], old=null
2019-09-24 19:01:01,207 [pool-117-thread-1] INFO  impl.RaftServerImpl (RaftServerImpl.java:setRole(174)) - 75e06a4b-10ed-49e3-a0f4-39d0cf919ed9@group-338C40DB937D: changes role from      null to FOLLOWER at term 0 for startAsFollower
2019-09-24 19:01:01,218 [pool-67-thread-1] INFO  impl.RaftServerImpl (RaftServerImpl.java:setRole(174)) - 01d7623e-fce0-4300-8f15-4bc2097938ef@group-338C40DB937D: changes role from      null to FOLLOWER at term 0 for startAsFollower
2019-09-24 19:01:01,218 [pool-117-thread-1] INFO  impl.RoleInfo (RoleInfo.java:updateAndGet(143)) - 75e06a4b-10ed-49e3-a0f4-39d0cf919ed9: start FollowerState
2019-09-24 19:01:01,219 [pool-67-thread-1] INFO  impl.RoleInfo (RoleInfo.java:updateAndGet(143)) - 01d7623e-fce0-4300-8f15-4bc2097938ef: start FollowerState
2019-09-24 19:01:01,219 [pool-117-thread-1] INFO  util.JmxRegister (JmxRegister.java:tryRegister(44)) - Successfully registered JMX Bean with object name Ratis:service=RaftServer,group=group-338C40DB937D,id=75e06a4b-10ed-49e3-a0f4-39d0cf919ed9
2019-09-24 19:01:01,219 [pool-67-thread-1] INFO  util.JmxRegister (JmxRegister.java:tryRegister(44)) - Successfully registered JMX Bean with object name Ratis:service=RaftServer,group=group-338C40DB937D,id=01d7623e-fce0-4300-8f15-4bc2097938ef
2019-09-24 19:01:01,241 [RatisPipelineUtilsThread] INFO  pipeline.PipelineStateManager (PipelineStateManager.java:addPipeline(56)) - Created pipeline Pipeline[ Id: 09cc86b9-b7fc-4c9b-ba7f-338c40db937d, Nodes: c0a619e5-2907-4353-abbd-f6fb1099a46d{ip: 192.168.5.148, host: pr-hdds-2149-fgl4f-1742389470, networkLocation: /rack1, certSerialId: null}01d7623e-fce0-4300-8f15-4bc2097938ef{ip: 192.168.5.148, host: pr-hdds-2149-fgl4f-1742389470, networkLocation: /rack1, certSerialId: null}75e06a4b-10ed-49e3-a0f4-39d0cf919ed9{ip: 192.168.5.148, host: pr-hdds-2149-fgl4f-1742389470, networkLocation: /rack1, certSerialId: null}, Type:RATIS, Factor:THREE, State:OPEN]
2019-09-24 19:01:01,264 [grpc-default-executor-1] INFO  impl.RaftServerProxy (RaftServerProxy.java:addNew(89)) - 29620711-3f46-457a-8151-219e63eed2d2: addNew group-2B1DF545E51A:[d6fdad48-5745-4acd-8132-622988eb1603:192.168.5.148:33283, a05b4b97-0b18-4776-a1dd-8f128fadc53a:192.168.5.148:35009, 29620711-3f46-457a-8151-219e63eed2d2:192.168.5.148:46161] returns group-2B1DF545E51A:java.util.concurrent.CompletableFuture@4e4f0db9[Not completed]
2019-09-24 19:01:01,264 [grpc-default-executor-2] INFO  impl.RaftServerProxy (RaftServerProxy.java:addNew(89)) - d6fdad48-5745-4acd-8132-622988eb1603: addNew group-2B1DF545E51A:[d6fdad48-5745-4acd-8132-622988eb1603:192.168.5.148:33283, a05b4b97-0b18-4776-a1dd-8f128fadc53a:192.168.5.148:35009, 29620711-3f46-457a-8151-219e63eed2d2:192.168.5.148:46161] returns group-2B1DF545E51A:java.util.concurrent.CompletableFuture@78c9ff42[Not completed]
2019-09-24 19:01:01,267 [grpc-default-executor-0] INFO  impl.RaftServerProxy (RaftServerProxy.java:addNew(89)) - a05b4b97-0b18-4776-a1dd-8f128fadc53a: addNew group-2B1DF545E51A:[d6fdad48-5745-4acd-8132-622988eb1603:192.168.5.148:33283, a05b4b97-0b18-4776-a1dd-8f128fadc53a:192.168.5.148:35009, 29620711-3f46-457a-8151-219e63eed2d2:192.168.5.148:46161] returns group-2B1DF545E51A:java.util.concurrent.CompletableFuture@56db6aef[Not completed]
2019-09-24 19:01:01,268 [pool-57-thread-1] INFO  impl.RaftServerImpl (RaftServerImpl.java:<init>(95)) - d6fdad48-5745-4acd-8132-622988eb1603: new RaftServerImpl for group-2B1DF545E51A:[d6fdad48-5745-4acd-8132-622988eb1603:192.168.5.148:33283, a05b4b97-0b18-4776-a1dd-8f128fadc53a:192.168.5.148:35009, 29620711-3f46-457a-8151-219e63eed2d2:192.168.5.148:46161] with ContainerStateMachine:uninitialized
2019-09-24 19:01:01,268 [pool-57-thread-1] INFO  server.RaftServerConfigKeys (ConfUtils.java:logGet(43)) - raft.server.rpc.timeout.min = 1s (custom)
2019-09-24 19:01:01,268 [pool-57-thread-1] INFO  server.RaftServerConfigKeys (ConfUtils.java:logGet(43)) - raft.server.rpc.timeout.max = 1200ms (custom)
2019-09-24 19:01:01,269 [pool-57-thread-1] INFO  server.RaftServerConfigKeys (ConfUtils.java:logGet(43)) - raft.server.rpcslowness.timeout = 120s (custom)
2019-09-24 19:01:01,269 [pool-57-thread-1] INFO  server.RaftServerConfigKeys (ConfUtils.java:logGet(43)) - raft.server.sleep.deviation.threshold = 300 (default)
2019-09-24 19:01:01,269 [pool-57-thread-1] INFO  server.RaftServerConfigKeys (ConfUtils.java:logGet(43)) - raft.server.log.appender.install.snapshot.enabled = false (custom)
2019-09-24 19:01:01,269 [pool-57-thread-1] INFO  impl.RaftServerImpl (ServerState.java:<init>(103)) - d6fdad48-5745-4acd-8132-622988eb1603@group-2B1DF545E51A: ConfigurationManager, init=-1: [d6fdad48-5745-4acd-8132-622988eb1603:192.168.5.148:33283, a05b4b97-0b18-4776-a1dd-8f128fadc53a:192.168.5.148:35009, 29620711-3f46-457a-8151-219e63eed2d2:192.168.5.148:46161], old=null, confs=<EMPTY_MAP>
2019-09-24 19:01:01,269 [pool-47-thread-1] INFO  impl.RaftServerImpl (RaftServerImpl.java:<init>(95)) - a05b4b97-0b18-4776-a1dd-8f128fadc53a: new RaftServerImpl for group-2B1DF545E51A:[d6fdad48-5745-4acd-8132-622988eb1603:192.168.5.148:33283, a05b4b97-0b18-4776-a1dd-8f128fadc53a:192.168.5.148:35009, 29620711-3f46-457a-8151-219e63eed2d2:192.168.5.148:46161] with ContainerStateMachine:uninitialized
2019-09-24 19:01:01,269 [pool-57-thread-1] INFO  server.RaftServerConfigKeys (ConfUtils.java:logGet(43)) - raft.server.storage.dir = [/workdir/hadoop-ozone/integration-test/target/test-dir/MiniOzoneClusterImpl-347bc0d8-8dc7-46c0-bd0b-f626cebf696e/datanode-3/data/ratis] (custom)
2019-09-24 19:01:01,269 [pool-47-thread-1] INFO  server.RaftServerConfigKeys (ConfUtils.java:logGet(43)) - raft.server.rpc.timeout.min = 1s (custom)
2019-09-24 19:01:01,270 [pool-47-thread-1] INFO  server.RaftServerConfigKeys (ConfUtils.java:logGet(43)) - raft.server.rpc.timeout.max = 1200ms (custom)
2019-09-24 19:01:01,270 [pool-57-thread-1] INFO  storage.RaftStorageDirectory (RaftStorageDirectory.java:analyzeStorage(246)) - The storage directory /workdir/hadoop-ozone/integration-test/target/test-dir/MiniOzoneClusterImpl-347bc0d8-8dc7-46c0-bd0b-f626cebf696e/datanode-3/data/ratis/14de40bd-5f85-419a-a46b-2b1df545e51a does not exist. Creating ...
2019-09-24 19:01:01,270 [pool-47-thread-1] INFO  server.RaftServerConfigKeys (ConfUtils.java:logGet(43)) - raft.server.rpcslowness.timeout = 120s (custom)
2019-09-24 19:01:01,270 [pool-47-thread-1] INFO  server.RaftServerConfigKeys (ConfUtils.java:logGet(43)) - raft.server.sleep.deviation.threshold = 300 (default)
2019-09-24 19:01:01,270 [pool-47-thread-1] INFO  server.RaftServerConfigKeys (ConfUtils.java:logGet(43)) - raft.server.log.appender.install.snapshot.enabled = false (custom)
2019-09-24 19:01:01,270 [pool-47-thread-1] INFO  impl.RaftServerImpl (ServerState.java:<init>(103)) - a05b4b97-0b18-4776-a1dd-8f128fadc53a@group-2B1DF545E51A: ConfigurationManager, init=-1: [d6fdad48-5745-4acd-8132-622988eb1603:192.168.5.148:33283, a05b4b97-0b18-4776-a1dd-8f128fadc53a:192.168.5.148:35009, 29620711-3f46-457a-8151-219e63eed2d2:192.168.5.148:46161], old=null, confs=<EMPTY_MAP>
2019-09-24 19:01:01,270 [pool-47-thread-1] INFO  server.RaftServerConfigKeys (ConfUtils.java:logGet(43)) - raft.server.storage.dir = [/workdir/hadoop-ozone/integration-test/target/test-dir/MiniOzoneClusterImpl-347bc0d8-8dc7-46c0-bd0b-f626cebf696e/datanode-2/data/ratis] (custom)
2019-09-24 19:01:01,270 [pool-97-thread-1] INFO  impl.RaftServerImpl (RaftServerImpl.java:<init>(95)) - 29620711-3f46-457a-8151-219e63eed2d2: new RaftServerImpl for group-2B1DF545E51A:[d6fdad48-5745-4acd-8132-622988eb1603:192.168.5.148:33283, a05b4b97-0b18-4776-a1dd-8f128fadc53a:192.168.5.148:35009, 29620711-3f46-457a-8151-219e63eed2d2:192.168.5.148:46161] with ContainerStateMachine:uninitialized
2019-09-24 19:01:01,271 [pool-47-thread-1] INFO  storage.RaftStorageDirectory (RaftStorageDirectory.java:analyzeStorage(246)) - The storage directory /workdir/hadoop-ozone/integration-test/target/test-dir/MiniOzoneClusterImpl-347bc0d8-8dc7-46c0-bd0b-f626cebf696e/datanode-2/data/ratis/14de40bd-5f85-419a-a46b-2b1df545e51a does not exist. Creating ...
2019-09-24 19:01:01,271 [pool-97-thread-1] INFO  server.RaftServerConfigKeys (ConfUtils.java:logGet(43)) - raft.server.rpc.timeout.min = 1s (custom)
2019-09-24 19:01:01,271 [pool-97-thread-1] INFO  server.RaftServerConfigKeys (ConfUtils.java:logGet(43)) - raft.server.rpc.timeout.max = 1200ms (custom)
2019-09-24 19:01:01,271 [pool-97-thread-1] INFO  server.RaftServerConfigKeys (ConfUtils.java:logGet(43)) - raft.server.rpcslowness.timeout = 120s (custom)
2019-09-24 19:01:01,271 [pool-97-thread-1] INFO  server.RaftServerConfigKeys (ConfUtils.java:logGet(43)) - raft.server.sleep.deviation.threshold = 300 (default)
2019-09-24 19:01:01,271 [pool-97-thread-1] INFO  server.RaftServerConfigKeys (ConfUtils.java:logGet(43)) - raft.server.log.appender.install.snapshot.enabled = false (custom)
2019-09-24 19:01:01,272 [pool-97-thread-1] INFO  impl.RaftServerImpl (ServerState.java:<init>(103)) - 29620711-3f46-457a-8151-219e63eed2d2@group-2B1DF545E51A: ConfigurationManager, init=-1: [d6fdad48-5745-4acd-8132-622988eb1603:192.168.5.148:33283, a05b4b97-0b18-4776-a1dd-8f128fadc53a:192.168.5.148:35009, 29620711-3f46-457a-8151-219e63eed2d2:192.168.5.148:46161], old=null, confs=<EMPTY_MAP>
2019-09-24 19:01:01,272 [pool-97-thread-1] INFO  server.RaftServerConfigKeys (ConfUtils.java:logGet(43)) - raft.server.storage.dir = [/workdir/hadoop-ozone/integration-test/target/test-dir/MiniOzoneClusterImpl-347bc0d8-8dc7-46c0-bd0b-f626cebf696e/datanode-7/data/ratis] (custom)
2019-09-24 19:01:01,272 [pool-97-thread-1] INFO  storage.RaftStorageDirectory (RaftStorageDirectory.java:analyzeStorage(246)) - The storage directory /workdir/hadoop-ozone/integration-test/target/test-dir/MiniOzoneClusterImpl-347bc0d8-8dc7-46c0-bd0b-f626cebf696e/datanode-7/data/ratis/14de40bd-5f85-419a-a46b-2b1df545e51a does not exist. Creating ...
2019-09-24 19:01:01,285 [pool-97-thread-1] INFO  storage.RaftStorageDirectory (RaftStorageDirectory.java:tryLock(328)) - Lock on /workdir/hadoop-ozone/integration-test/target/test-dir/MiniOzoneClusterImpl-347bc0d8-8dc7-46c0-bd0b-f626cebf696e/datanode-7/data/ratis/14de40bd-5f85-419a-a46b-2b1df545e51a/in_use.lock acquired by nodename 10455@pr-hdds-2149-fgl4f-1742389470
2019-09-24 19:01:01,285 [pool-47-thread-1] INFO  storage.RaftStorageDirectory (RaftStorageDirectory.java:tryLock(328)) - Lock on /workdir/hadoop-ozone/integration-test/target/test-dir/MiniOzoneClusterImpl-347bc0d8-8dc7-46c0-bd0b-f626cebf696e/datanode-2/data/ratis/14de40bd-5f85-419a-a46b-2b1df545e51a/in_use.lock acquired by nodename 10455@pr-hdds-2149-fgl4f-1742389470
2019-09-24 19:01:01,285 [pool-57-thread-1] INFO  storage.RaftStorageDirectory (RaftStorageDirectory.java:tryLock(328)) - Lock on /workdir/hadoop-ozone/integration-test/target/test-dir/MiniOzoneClusterImpl-347bc0d8-8dc7-46c0-bd0b-f626cebf696e/datanode-3/data/ratis/14de40bd-5f85-419a-a46b-2b1df545e51a/in_use.lock acquired by nodename 10455@pr-hdds-2149-fgl4f-1742389470
2019-09-24 19:01:01,308 [pool-47-thread-1] INFO  storage.RaftStorage (RaftStorage.java:format(72)) - Storage directory /workdir/hadoop-ozone/integration-test/target/test-dir/MiniOzoneClusterImpl-347bc0d8-8dc7-46c0-bd0b-f626cebf696e/datanode-2/data/ratis/14de40bd-5f85-419a-a46b-2b1df545e51a has been successfully formatted.
2019-09-24 19:01:01,308 [pool-97-thread-1] INFO  storage.RaftStorage (RaftStorage.java:format(72)) - Storage directory /workdir/hadoop-ozone/integration-test/target/test-dir/MiniOzoneClusterImpl-347bc0d8-8dc7-46c0-bd0b-f626cebf696e/datanode-7/data/ratis/14de40bd-5f85-419a-a46b-2b1df545e51a has been successfully formatted.
2019-09-24 19:01:01,308 [pool-57-thread-1] INFO  storage.RaftStorage (RaftStorage.java:format(72)) - Storage directory /workdir/hadoop-ozone/integration-test/target/test-dir/MiniOzoneClusterImpl-347bc0d8-8dc7-46c0-bd0b-f626cebf696e/datanode-3/data/ratis/14de40bd-5f85-419a-a46b-2b1df545e51a has been successfully formatted.
2019-09-24 19:01:01,308 [pool-47-thread-1] INFO  ratis.ContainerStateMachine (ContainerStateMachine.java:loadSnapshot(230)) - group-2B1DF545E51A: The snapshot info is null. Setting the last applied indexto:(t:0, i:~)
2019-09-24 19:01:01,308 [pool-97-thread-1] INFO  ratis.ContainerStateMachine (ContainerStateMachine.java:loadSnapshot(230)) - group-2B1DF545E51A: The snapshot info is null. Setting the last applied indexto:(t:0, i:~)
2019-09-24 19:01:01,308 [pool-47-thread-1] INFO  server.RaftServerConfigKeys (ConfUtils.java:logGet(43)) - raft.server.notification.no-leader.timeout = 120s (custom)
2019-09-24 19:01:01,308 [pool-57-thread-1] INFO  ratis.ContainerStateMachine (ContainerStateMachine.java:loadSnapshot(230)) - group-2B1DF545E51A: The snapshot info is null. Setting the last applied indexto:(t:0, i:~)
2019-09-24 19:01:01,309 [pool-47-thread-1] INFO  server.RaftServerConfigKeys (ConfUtils.java:logGet(43)) - raft.server.log.use.memory = false (default)
2019-09-24 19:01:01,308 [pool-97-thread-1] INFO  server.RaftServerConfigKeys (ConfUtils.java:logGet(43)) - raft.server.notification.no-leader.timeout = 120s (custom)
2019-09-24 19:01:01,309 [pool-47-thread-1] INFO  server.RaftServerConfigKeys (ConfUtils.java:logGet(43)) - raft.server.log.purge.gap = 1000000 (custom)
2019-09-24 19:01:01,309 [pool-57-thread-1] INFO  server.RaftServerConfigKeys (ConfUtils.java:logGet(43)) - raft.server.notification.no-leader.timeout = 120s (custom)
2019-09-24 19:01:01,309 [pool-47-thread-1] INFO  server.RaftServerConfigKeys (ConfUtils.java:logGet(43)) - raft.server.log.appender.buffer.byte-limit = 33554432 (custom)
2019-09-24 19:01:01,309 [pool-97-thread-1] INFO  server.RaftServerConfigKeys (ConfUtils.java:logGet(43)) - raft.server.log.use.memory = false (default)
2019-09-24 19:01:01,309 [pool-47-thread-1] INFO  server.RaftServerConfigKeys (ConfUtils.java:logGet(43)) - raft.server.log.segment.size.max = 1048576 (custom)
2019-09-24 19:01:01,309 [pool-57-thread-1] INFO  server.RaftServerConfigKeys (ConfUtils.java:logGet(43)) - raft.server.log.use.memory = false (default)
2019-09-24 19:01:01,310 [pool-47-thread-1] INFO  server.RaftServerConfigKeys (ConfUtils.java:logGet(43)) - raft.server.log.segment.cache.num.max = 2 (custom)
2019-09-24 19:01:01,310 [pool-97-thread-1] INFO  server.RaftServerConfigKeys (ConfUtils.java:logGet(43)) - raft.server.log.purge.gap = 1000000 (custom)
2019-09-24 19:01:01,310 [pool-47-thread-1] INFO  segmented.SegmentedRaftLogWorker (SegmentedRaftLogWorker.java:<init>(172)) - new a05b4b97-0b18-4776-a1dd-8f128fadc53a@group-2B1DF545E51A-SegmentedRaftLogWorker for RaftStorage:Storage Directory /workdir/hadoop-ozone/integration-test/target/test-dir/MiniOzoneClusterImpl-347bc0d8-8dc7-46c0-bd0b-f626cebf696e/datanode-2/data/ratis/14de40bd-5f85-419a-a46b-2b1df545e51a
2019-09-24 19:01:01,310 [pool-57-thread-1] INFO  server.RaftServerConfigKeys (ConfUtils.java:logGet(43)) - raft.server.log.purge.gap = 1000000 (custom)
2019-09-24 19:01:01,310 [pool-47-thread-1] INFO  server.RaftServerConfigKeys (ConfUtils.java:logGet(43)) - raft.server.log.queue.byte-limit = 2147483647 (custom)
2019-09-24 19:01:01,310 [pool-97-thread-1] INFO  server.RaftServerConfigKeys (ConfUtils.java:logGet(43)) - raft.server.log.appender.buffer.byte-limit = 33554432 (custom)
2019-09-24 19:01:01,310 [pool-47-thread-1] INFO  server.RaftServerConfigKeys (ConfUtils.java:logGet(43)) - raft.server.log.queue.element-limit = 1024 (custom)
2019-09-24 19:01:01,310 [pool-57-thread-1] INFO  server.RaftServerConfigKeys (ConfUtils.java:logGet(43)) - raft.server.log.appender.buffer.byte-limit = 33554432 (custom)
2019-09-24 19:01:01,311 [pool-47-thread-1] INFO  server.RaftServerConfigKeys (ConfUtils.java:logGet(43)) - raft.server.log.segment.size.max = 1048576 (custom)
2019-09-24 19:01:01,311 [pool-97-thread-1] INFO  server.RaftServerConfigKeys (ConfUtils.java:logGet(43)) - raft.server.log.segment.size.max = 1048576 (custom)
2019-09-24 19:01:01,311 [pool-47-thread-1] INFO  server.RaftServerConfigKeys (ConfUtils.java:logGet(43)) - raft.server.log.preallocated.size = 16384 (custom)
2019-09-24 19:01:01,311 [pool-57-thread-1] INFO  server.RaftServerConfigKeys (ConfUtils.java:logGet(43)) - raft.server.log.segment.size.max = 1048576 (custom)
2019-09-24 19:01:01,311 [pool-47-thread-1] INFO  server.RaftServerConfigKeys (ConfUtils.java:logGet(43)) - raft.server.log.write.buffer.size = 33554432 (custom)
2019-09-24 19:01:01,311 [pool-97-thread-1] INFO  server.RaftServerConfigKeys (ConfUtils.java:logGet(43)) - raft.server.log.segment.cache.num.max = 2 (custom)
2019-09-24 19:01:01,312 [pool-47-thread-1] INFO  server.RaftServerConfigKeys (ConfUtils.java:logGet(43)) - raft.server.log.force.sync.num = 128 (default)
2019-09-24 19:01:01,312 [pool-47-thread-1] INFO  server.RaftServerConfigKeys (ConfUtils.java:logGet(43)) - raft.server.log.statemachine.data.sync = true (default)
2019-09-24 19:01:01,312 [pool-57-thread-1] INFO  server.RaftServerConfigKeys (ConfUtils.java:logGet(43)) - raft.server.log.segment.cache.num.max = 2 (custom)
2019-09-24 19:01:01,312 [pool-47-thread-1] INFO  server.RaftServerConfigKeys (ConfUtils.java:logGet(43)) - raft.server.log.statemachine.data.sync.timeout = 10s (default)
2019-09-24 19:01:01,312 [pool-97-thread-1] INFO  segmented.SegmentedRaftLogWorker (SegmentedRaftLogWorker.java:<init>(172)) - new 29620711-3f46-457a-8151-219e63eed2d2@group-2B1DF545E51A-SegmentedRaftLogWorker for RaftStorage:Storage Directory /workdir/hadoop-ozone/integration-test/target/test-dir/MiniOzoneClusterImpl-347bc0d8-8dc7-46c0-bd0b-f626cebf696e/datanode-7/data/ratis/14de40bd-5f85-419a-a46b-2b1df545e51a
2019-09-24 19:01:01,312 [pool-47-thread-1] INFO  server.RaftServerConfigKeys (ConfUtils.java:logGet(43)) - raft.server.log.statemachine.data.sync.timeout.retry = -1 (default)
2019-09-24 19:01:01,312 [pool-57-thread-1] INFO  segmented.SegmentedRaftLogWorker (SegmentedRaftLogWorker.java:<init>(172)) - new d6fdad48-5745-4acd-8132-622988eb1603@group-2B1DF545E51A-SegmentedRaftLogWorker for RaftStorage:Storage Directory /workdir/hadoop-ozone/integration-test/target/test-dir/MiniOzoneClusterImpl-347bc0d8-8dc7-46c0-bd0b-f626cebf696e/datanode-3/data/ratis/14de40bd-5f85-419a-a46b-2b1df545e51a
2019-09-24 19:01:01,313 [pool-47-thread-1] INFO  server.RaftServerConfigKeys (ConfUtils.java:logGet(43)) - raft.server.log.statemachine.data.caching.enabled = true (custom)
2019-09-24 19:01:01,313 [pool-97-thread-1] INFO  server.RaftServerConfigKeys (ConfUtils.java:logGet(43)) - raft.server.log.queue.byte-limit = 2147483647 (custom)
2019-09-24 19:01:01,313 [pool-57-thread-1] INFO  server.RaftServerConfigKeys (ConfUtils.java:logGet(43)) - raft.server.log.queue.byte-limit = 2147483647 (custom)
2019-09-24 19:01:01,313 [pool-47-thread-1] INFO  segmented.SegmentedRaftLogWorker (SegmentedRaftLogWorker.java:lambda$new$0(132)) - a05b4b97-0b18-4776-a1dd-8f128fadc53a@group-2B1DF545E51A-SegmentedRaftLogWorker: flushIndex: setUnconditionally 0 -> -1
2019-09-24 19:01:01,313 [pool-97-thread-1] INFO  server.RaftServerConfigKeys (ConfUtils.java:logGet(43)) - raft.server.log.queue.element-limit = 1024 (custom)
2019-09-24 19:01:01,313 [pool-57-thread-1] INFO  server.RaftServerConfigKeys (ConfUtils.java:logGet(43)) - raft.server.log.queue.element-limit = 1024 (custom)
2019-09-24 19:01:01,314 [pool-97-thread-1] INFO  server.RaftServerConfigKeys (ConfUtils.java:logGet(43)) - raft.server.log.segment.size.max = 1048576 (custom)
2019-09-24 19:01:01,314 [pool-47-thread-1] INFO  server.RaftServerConfigKeys (ConfUtils.java:logGet(43)) - raft.server.snapshot.auto.trigger.enabled = true (custom)
2019-09-24 19:01:01,314 [pool-97-thread-1] INFO  server.RaftServerConfigKeys (ConfUtils.java:logGet(43)) - raft.server.log.preallocated.size = 16384 (custom)
2019-09-24 19:01:01,314 [pool-57-thread-1] INFO  server.RaftServerConfigKeys (ConfUtils.java:logGet(43)) - raft.server.log.segment.size.max = 1048576 (custom)
2019-09-24 19:01:01,314 [pool-97-thread-1] INFO  server.RaftServerConfigKeys (ConfUtils.java:logGet(43)) - raft.server.log.write.buffer.size = 33554432 (custom)
2019-09-24 19:01:01,314 [pool-47-thread-1] INFO  server.RaftServerConfigKeys (ConfUtils.java:logGet(43)) - raft.server.snapshot.auto.trigger.threshold = 10000 (custom)
2019-09-24 19:01:01,315 [pool-97-thread-1] INFO  server.RaftServerConfigKeys (ConfUtils.java:logGet(43)) - raft.server.log.force.sync.num = 128 (default)
2019-09-24 19:01:01,314 [pool-57-thread-1] INFO  server.RaftServerConfigKeys (ConfUtils.java:logGet(43)) - raft.server.log.preallocated.size = 16384 (custom)
2019-09-24 19:01:01,315 [pool-97-thread-1] INFO  server.RaftServerConfigKeys (ConfUtils.java:logGet(43)) - raft.server.log.statemachine.data.sync = true (default)
2019-09-24 19:01:01,315 [pool-47-thread-1] INFO  server.RaftServerConfigKeys (ConfUtils.java:logGet(43)) - raft.server.snapshot.retention.num.files = 5 (custom)
2019-09-24 19:01:01,315 [pool-97-thread-1] INFO  server.RaftServerConfigKeys (ConfUtils.java:logGet(43)) - raft.server.log.statemachine.data.sync.timeout = 10s (default)
2019-09-24 19:01:01,315 [pool-57-thread-1] INFO  server.RaftServerConfigKeys (ConfUtils.java:logGet(43)) - raft.server.log.write.buffer.size = 33554432 (custom)
2019-09-24 19:01:01,316 [pool-97-thread-1] INFO  server.RaftServerConfigKeys (ConfUtils.java:logGet(43)) - raft.server.log.statemachine.data.sync.timeout.retry = -1 (default)
2019-09-24 19:01:01,316 [pool-47-thread-1] INFO  server.RaftServerConfigKeys (ConfUtils.java:logGet(43)) - raft.server.retrycache.expirytime = 600000ms (custom)
2019-09-24 19:01:01,316 [pool-57-thread-1] INFO  server.RaftServerConfigKeys (ConfUtils.java:logGet(43)) - raft.server.log.force.sync.num = 128 (default)
2019-09-24 19:01:01,316 [pool-97-thread-1] INFO  server.RaftServerConfigKeys (ConfUtils.java:logGet(43)) - raft.server.log.statemachine.data.caching.enabled = true (custom)
2019-09-24 19:01:01,316 [pool-57-thread-1] INFO  server.RaftServerConfigKeys (ConfUtils.java:logGet(43)) - raft.server.log.statemachine.data.sync = true (default)
2019-09-24 19:01:01,317 [pool-57-thread-1] INFO  server.RaftServerConfigKeys (ConfUtils.java:logGet(43)) - raft.server.log.statemachine.data.sync.timeout = 10s (default)
2019-09-24 19:01:01,317 [pool-97-thread-1] INFO  segmented.SegmentedRaftLogWorker (SegmentedRaftLogWorker.java:lambda$new$0(132)) - 29620711-3f46-457a-8151-219e63eed2d2@group-2B1DF545E51A-SegmentedRaftLogWorker: flushIndex: setUnconditionally 0 -> -1
2019-09-24 19:01:01,317 [pool-57-thread-1] INFO  server.RaftServerConfigKeys (ConfUtils.java:logGet(43)) - raft.server.log.statemachine.data.sync.timeout.retry = -1 (default)
2019-09-24 19:01:01,317 [pool-57-thread-1] INFO  server.RaftServerConfigKeys (ConfUtils.java:logGet(43)) - raft.server.log.statemachine.data.caching.enabled = true (custom)
2019-09-24 19:01:01,317 [pool-97-thread-1] INFO  server.RaftServerConfigKeys (ConfUtils.java:logGet(43)) - raft.server.snapshot.auto.trigger.enabled = true (custom)
2019-09-24 19:01:01,318 [pool-57-thread-1] INFO  segmented.SegmentedRaftLogWorker (SegmentedRaftLogWorker.java:lambda$new$0(132)) - d6fdad48-5745-4acd-8132-622988eb1603@group-2B1DF545E51A-SegmentedRaftLogWorker: flushIndex: setUnconditionally 0 -> -1
2019-09-24 19:01:01,318 [pool-97-thread-1] INFO  server.RaftServerConfigKeys (ConfUtils.java:logGet(43)) - raft.server.snapshot.auto.trigger.threshold = 10000 (custom)
2019-09-24 19:01:01,318 [pool-57-thread-1] INFO  server.RaftServerConfigKeys (ConfUtils.java:logGet(43)) - raft.server.snapshot.auto.trigger.enabled = true (custom)
2019-09-24 19:01:01,318 [pool-97-thread-1] INFO  server.RaftServerConfigKeys (ConfUtils.java:logGet(43)) - raft.server.snapshot.retention.num.files = 5 (custom)
2019-09-24 19:01:01,318 [pool-57-thread-1] INFO  server.RaftServerConfigKeys (ConfUtils.java:logGet(43)) - raft.server.snapshot.auto.trigger.threshold = 10000 (custom)
2019-09-24 19:01:01,318 [pool-97-thread-1] INFO  server.RaftServerConfigKeys (ConfUtils.java:logGet(43)) - raft.server.retrycache.expirytime = 600000ms (custom)
2019-09-24 19:01:01,318 [pool-57-thread-1] INFO  server.RaftServerConfigKeys (ConfUtils.java:logGet(43)) - raft.server.snapshot.retention.num.files = 5 (custom)
2019-09-24 19:01:01,319 [pool-57-thread-1] INFO  server.RaftServerConfigKeys (ConfUtils.java:logGet(43)) - raft.server.retrycache.expirytime = 600000ms (custom)
2019-09-24 19:01:01,319 [pool-47-thread-1] INFO  impl.RaftServerImpl (RaftServerImpl.java:start(185)) - a05b4b97-0b18-4776-a1dd-8f128fadc53a@group-2B1DF545E51A: start as a follower, conf=-1: [d6fdad48-5745-4acd-8132-622988eb1603:192.168.5.148:33283, a05b4b97-0b18-4776-a1dd-8f128fadc53a:192.168.5.148:35009, 29620711-3f46-457a-8151-219e63eed2d2:192.168.5.148:46161], old=null
2019-09-24 19:01:01,319 [pool-47-thread-1] INFO  impl.RaftServerImpl (RaftServerImpl.java:setRole(174)) - a05b4b97-0b18-4776-a1dd-8f128fadc53a@group-2B1DF545E51A: changes role from      null to FOLLOWER at term 0 for startAsFollower
2019-09-24 19:01:01,319 [pool-47-thread-1] INFO  impl.RoleInfo (RoleInfo.java:updateAndGet(143)) - a05b4b97-0b18-4776-a1dd-8f128fadc53a: start FollowerState
2019-09-24 19:01:01,320 [pool-47-thread-1] INFO  util.JmxRegister (JmxRegister.java:tryRegister(44)) - Successfully registered JMX Bean with object name Ratis:service=RaftServer,group=group-2B1DF545E51A,id=a05b4b97-0b18-4776-a1dd-8f128fadc53a
2019-09-24 19:01:01,326 [pool-97-thread-1] INFO  impl.RaftServerImpl (RaftServerImpl.java:start(185)) - 29620711-3f46-457a-8151-219e63eed2d2@group-2B1DF545E51A: start as a follower, conf=-1: [d6fdad48-5745-4acd-8132-622988eb1603:192.168.5.148:33283, a05b4b97-0b18-4776-a1dd-8f128fadc53a:192.168.5.148:35009, 29620711-3f46-457a-8151-219e63eed2d2:192.168.5.148:46161], old=null
2019-09-24 19:01:01,326 [pool-97-thread-1] INFO  impl.RaftServerImpl (RaftServerImpl.java:setRole(174)) - 29620711-3f46-457a-8151-219e63eed2d2@group-2B1DF545E51A: changes role from      null to FOLLOWER at term 0 for startAsFollower
2019-09-24 19:01:01,327 [pool-97-thread-1] INFO  impl.RoleInfo (RoleInfo.java:updateAndGet(143)) - 29620711-3f46-457a-8151-219e63eed2d2: start FollowerState
2019-09-24 19:01:01,327 [pool-57-thread-1] INFO  impl.RaftServerImpl (RaftServerImpl.java:start(185)) - d6fdad48-5745-4acd-8132-622988eb1603@group-2B1DF545E51A: start as a follower, conf=-1: [d6fdad48-5745-4acd-8132-622988eb1603:192.168.5.148:33283, a05b4b97-0b18-4776-a1dd-8f128fadc53a:192.168.5.148:35009, 29620711-3f46-457a-8151-219e63eed2d2:192.168.5.148:46161], old=null
2019-09-24 19:01:01,327 [pool-57-thread-1] INFO  impl.RaftServerImpl (RaftServerImpl.java:setRole(174)) - d6fdad48-5745-4acd-8132-622988eb1603@group-2B1DF545E51A: changes role from      null to FOLLOWER at term 0 for startAsFollower
2019-09-24 19:01:01,327 [pool-97-thread-1] INFO  util.JmxRegister (JmxRegister.java:tryRegister(44)) - Successfully registered JMX Bean with object name Ratis:service=RaftServer,group=group-2B1DF545E51A,id=29620711-3f46-457a-8151-219e63eed2d2
2019-09-24 19:01:01,327 [pool-57-thread-1] INFO  impl.RoleInfo (RoleInfo.java:updateAndGet(143)) - d6fdad48-5745-4acd-8132-622988eb1603: start FollowerState
2019-09-24 19:01:01,328 [pool-57-thread-1] INFO  util.JmxRegister (JmxRegister.java:tryRegister(44)) - Successfully registered JMX Bean with object name Ratis:service=RaftServer,group=group-2B1DF545E51A,id=d6fdad48-5745-4acd-8132-622988eb1603
2019-09-24 19:01:01,337 [RatisPipelineUtilsThread] INFO  pipeline.PipelineStateManager (PipelineStateManager.java:addPipeline(56)) - Created pipeline Pipeline[ Id: 14de40bd-5f85-419a-a46b-2b1df545e51a, Nodes: a05b4b97-0b18-4776-a1dd-8f128fadc53a{ip: 192.168.5.148, host: pr-hdds-2149-fgl4f-1742389470, networkLocation: /rack1, certSerialId: null}29620711-3f46-457a-8151-219e63eed2d2{ip: 192.168.5.148, host: pr-hdds-2149-fgl4f-1742389470, networkLocation: /rack1, certSerialId: null}d6fdad48-5745-4acd-8132-622988eb1603{ip: 192.168.5.148, host: pr-hdds-2149-fgl4f-1742389470, networkLocation: /rack1, certSerialId: null}, Type:RATIS, Factor:THREE, State:OPEN]
2019-09-24 19:01:01,470 [main] INFO  impl.MetricsSystemImpl (MetricsSystemImpl.java:init(158)) - XceiverClientMetrics metrics system started (again)
2019-09-24 19:01:01,492 [Thread-308] INFO  impl.FollowerState (FollowerState.java:run(106)) - 01d7623e-fce0-4300-8f15-4bc2097938ef:group-5CE0F0C3FB6F changes to CANDIDATE, lastRpcTime:1132, electionTimeout:1132ms
2019-09-24 19:01:01,497 [Thread-308] INFO  impl.RoleInfo (RoleInfo.java:shutdownFollowerState(121)) - 01d7623e-fce0-4300-8f15-4bc2097938ef: shutdown FollowerState
2019-09-24 19:01:01,497 [Thread-308] INFO  impl.RaftServerImpl (RaftServerImpl.java:setRole(174)) - 01d7623e-fce0-4300-8f15-4bc2097938ef@group-5CE0F0C3FB6F: changes role from  FOLLOWER to CANDIDATE at term 0 for changeToCandidate
2019-09-24 19:01:01,497 [Thread-308] INFO  impl.RoleInfo (RoleInfo.java:updateAndGet(143)) - 01d7623e-fce0-4300-8f15-4bc2097938ef: start LeaderElection
2019-09-24 19:01:01,529 [01d7623e-fce0-4300-8f15-4bc2097938ef@group-5CE0F0C3FB6F:LeaderElection5] INFO  impl.LeaderElection (LeaderElection.java:askForVotes(182)) - 01d7623e-fce0-4300-8f15-4bc2097938ef@group-5CE0F0C3FB6F:LeaderElection5: begin an election at term 1 for -1: [01d7623e-fce0-4300-8f15-4bc2097938ef:192.168.5.148:45158], old=null
2019-09-24 19:01:01,529 [01d7623e-fce0-4300-8f15-4bc2097938ef@group-5CE0F0C3FB6F:LeaderElection5] INFO  impl.RoleInfo (RoleInfo.java:shutdownLeaderElection(134)) - 01d7623e-fce0-4300-8f15-4bc2097938ef: shutdown LeaderElection
2019-09-24 19:01:01,529 [01d7623e-fce0-4300-8f15-4bc2097938ef@group-5CE0F0C3FB6F:LeaderElection5] INFO  impl.RaftServerImpl (RaftServerImpl.java:setRole(174)) - 01d7623e-fce0-4300-8f15-4bc2097938ef@group-5CE0F0C3FB6F: changes role from CANDIDATE to LEADER at term 1 for changeToLeader
2019-09-24 19:01:01,529 [01d7623e-fce0-4300-8f15-4bc2097938ef@group-5CE0F0C3FB6F:LeaderElection5] INFO  impl.RaftServerImpl (ServerState.java:setLeader(253)) - 01d7623e-fce0-4300-8f15-4bc2097938ef@group-5CE0F0C3FB6F: change Leader from null to 01d7623e-fce0-4300-8f15-4bc2097938ef at term 1 for becomeLeader, leader elected after 1434ms
2019-09-24 19:01:01,530 [01d7623e-fce0-4300-8f15-4bc2097938ef@group-5CE0F0C3FB6F:LeaderElection5] INFO  server.RaftServerConfigKeys (ConfUtils.java:logGet(43)) - raft.server.staging.catchup.gap = 1000 (default)
2019-09-24 19:01:01,530 [01d7623e-fce0-4300-8f15-4bc2097938ef@group-5CE0F0C3FB6F:LeaderElection5] INFO  server.RaftServerConfigKeys (ConfUtils.java:logGet(43)) - raft.server.rpc.sleep.time = 25ms (default)
2019-09-24 19:01:01,530 [01d7623e-fce0-4300-8f15-4bc2097938ef@group-5CE0F0C3FB6F:LeaderElection5] INFO  server.RaftServerConfigKeys (ConfUtils.java:logGet(43)) - raft.server.write.element-limit = 4096 (default)
2019-09-24 19:01:01,530 [01d7623e-fce0-4300-8f15-4bc2097938ef@group-5CE0F0C3FB6F:LeaderElection5] INFO  server.RaftServerConfigKeys (ConfUtils.java:logGet(43)) - raft.server.watch.timeout = 10s (default)
2019-09-24 19:01:01,530 [01d7623e-fce0-4300-8f15-4bc2097938ef@group-5CE0F0C3FB6F:LeaderElection5] INFO  server.RaftServerConfigKeys (ConfUtils.java:logGet(43)) - raft.server.watch.timeout.denomination = 1s (default)
2019-09-24 19:01:01,530 [01d7623e-fce0-4300-8f15-4bc2097938ef@group-5CE0F0C3FB6F:LeaderElection5] INFO  server.RaftServerConfigKeys (ConfUtils.java:logGet(43)) - raft.server.watch.element-limit = 65536 (default)
2019-09-24 19:01:01,534 [01d7623e-fce0-4300-8f15-4bc2097938ef@group-5CE0F0C3FB6F:LeaderElection5] INFO  impl.RoleInfo (RoleInfo.java:updateAndGet(143)) - 01d7623e-fce0-4300-8f15-4bc2097938ef: start LeaderState
2019-09-24 19:01:01,534 [01d7623e-fce0-4300-8f15-4bc2097938ef@group-5CE0F0C3FB6F:LeaderElection5] INFO  segmented.SegmentedRaftLogWorker (SegmentedRaftLogWorker.java:startLogSegment(380)) - 01d7623e-fce0-4300-8f15-4bc2097938ef@group-5CE0F0C3FB6F-SegmentedRaftLogWorker: Starting segment from index:0
2019-09-24 19:01:01,535 [01d7623e-fce0-4300-8f15-4bc2097938ef@group-5CE0F0C3FB6F:LeaderElection5] INFO  impl.RaftServerImpl (ServerState.java:setRaftConf(354)) - 01d7623e-fce0-4300-8f15-4bc2097938ef@group-5CE0F0C3FB6F: set configuration 0: [01d7623e-fce0-4300-8f15-4bc2097938ef:192.168.5.148:45158], old=null at 0
2019-09-24 19:01:01,588 [01d7623e-fce0-4300-8f15-4bc2097938ef@group-5CE0F0C3FB6F-SegmentedRaftLogWorker] INFO  segmented.SegmentedRaftLogWorker (SegmentedRaftLogWorker.java:execute(569)) - 01d7623e-fce0-4300-8f15-4bc2097938ef@group-5CE0F0C3FB6F-SegmentedRaftLogWorker: created new log segment /workdir/hadoop-ozone/integration-test/target/test-dir/MiniOzoneClusterImpl-347bc0d8-8dc7-46c0-bd0b-f626cebf696e/datanode-4/data/ratis/bd64663e-1ed2-42f4-afda-5ce0f0c3fb6f/current/log_inprogress_0
2019-09-24 19:01:01,642 [Thread-313] INFO  impl.FollowerState (FollowerState.java:run(106)) - 75e06a4b-10ed-49e3-a0f4-39d0cf919ed9:group-EDE0E9749029 changes to CANDIDATE, lastRpcTime:1093, electionTimeout:1093ms
2019-09-24 19:01:01,642 [Thread-313] INFO  impl.RoleInfo (RoleInfo.java:shutdownFollowerState(121)) - 75e06a4b-10ed-49e3-a0f4-39d0cf919ed9: shutdown FollowerState
2019-09-24 19:01:01,643 [Thread-313] INFO  impl.RaftServerImpl (RaftServerImpl.java:setRole(174)) - 75e06a4b-10ed-49e3-a0f4-39d0cf919ed9@group-EDE0E9749029: changes role from  FOLLOWER to CANDIDATE at term 0 for changeToCandidate
2019-09-24 19:01:01,643 [Thread-313] INFO  impl.RoleInfo (RoleInfo.java:updateAndGet(143)) - 75e06a4b-10ed-49e3-a0f4-39d0cf919ed9: start LeaderElection
2019-09-24 19:01:01,666 [75e06a4b-10ed-49e3-a0f4-39d0cf919ed9@group-EDE0E9749029:LeaderElection6] INFO  impl.LeaderElection (LeaderElection.java:askForVotes(182)) - 75e06a4b-10ed-49e3-a0f4-39d0cf919ed9@group-EDE0E9749029:LeaderElection6: begin an election at term 1 for -1: [75e06a4b-10ed-49e3-a0f4-39d0cf919ed9:192.168.5.148:37717], old=null
2019-09-24 19:01:01,666 [75e06a4b-10ed-49e3-a0f4-39d0cf919ed9@group-EDE0E9749029:LeaderElection6] INFO  impl.RoleInfo (RoleInfo.java:shutdownLeaderElection(134)) - 75e06a4b-10ed-49e3-a0f4-39d0cf919ed9: shutdown LeaderElection
2019-09-24 19:01:01,666 [75e06a4b-10ed-49e3-a0f4-39d0cf919ed9@group-EDE0E9749029:LeaderElection6] INFO  impl.RaftServerImpl (RaftServerImpl.java:setRole(174)) - 75e06a4b-10ed-49e3-a0f4-39d0cf919ed9@group-EDE0E9749029: changes role from CANDIDATE to LEADER at term 1 for changeToLeader
2019-09-24 19:01:01,666 [75e06a4b-10ed-49e3-a0f4-39d0cf919ed9@group-EDE0E9749029:LeaderElection6] INFO  impl.RaftServerImpl (ServerState.java:setLeader(253)) - 75e06a4b-10ed-49e3-a0f4-39d0cf919ed9@group-EDE0E9749029: change Leader from null to 75e06a4b-10ed-49e3-a0f4-39d0cf919ed9 at term 1 for becomeLeader, leader elected after 1186ms
2019-09-24 19:01:01,667 [75e06a4b-10ed-49e3-a0f4-39d0cf919ed9@group-EDE0E9749029:LeaderElection6] INFO  server.RaftServerConfigKeys (ConfUtils.java:logGet(43)) - raft.server.staging.catchup.gap = 1000 (default)
2019-09-24 19:01:01,667 [75e06a4b-10ed-49e3-a0f4-39d0cf919ed9@group-EDE0E9749029:LeaderElection6] INFO  server.RaftServerConfigKeys (ConfUtils.java:logGet(43)) - raft.server.rpc.sleep.time = 25ms (default)
2019-09-24 19:01:01,667 [75e06a4b-10ed-49e3-a0f4-39d0cf919ed9@group-EDE0E9749029:LeaderElection6] INFO  server.RaftServerConfigKeys (ConfUtils.java:logGet(43)) - raft.server.write.element-limit = 4096 (default)
2019-09-24 19:01:01,668 [75e06a4b-10ed-49e3-a0f4-39d0cf919ed9@group-EDE0E9749029:LeaderElection6] INFO  server.RaftServerConfigKeys (ConfUtils.java:logGet(43)) - raft.server.watch.timeout = 10s (default)
2019-09-24 19:01:01,668 [75e06a4b-10ed-49e3-a0f4-39d0cf919ed9@group-EDE0E9749029:LeaderElection6] INFO  server.RaftServerConfigKeys (ConfUtils.java:logGet(43)) - raft.server.watch.timeout.denomination = 1s (default)
2019-09-24 19:01:01,668 [75e06a4b-10ed-49e3-a0f4-39d0cf919ed9@group-EDE0E9749029:LeaderElection6] INFO  server.RaftServerConfigKeys (ConfUtils.java:logGet(43)) - raft.server.watch.element-limit = 65536 (default)
2019-09-24 19:01:01,672 [75e06a4b-10ed-49e3-a0f4-39d0cf919ed9@group-EDE0E9749029:LeaderElection6] INFO  impl.RoleInfo (RoleInfo.java:updateAndGet(143)) - 75e06a4b-10ed-49e3-a0f4-39d0cf919ed9: start LeaderState
2019-09-24 19:01:01,675 [75e06a4b-10ed-49e3-a0f4-39d0cf919ed9@group-EDE0E9749029:LeaderElection6] INFO  segmented.SegmentedRaftLogWorker (SegmentedRaftLogWorker.java:startLogSegment(380)) - 75e06a4b-10ed-49e3-a0f4-39d0cf919ed9@group-EDE0E9749029-SegmentedRaftLogWorker: Starting segment from index:0
2019-09-24 19:01:01,676 [75e06a4b-10ed-49e3-a0f4-39d0cf919ed9@group-EDE0E9749029:LeaderElection6] INFO  impl.RaftServerImpl (ServerState.java:setRaftConf(354)) - 75e06a4b-10ed-49e3-a0f4-39d0cf919ed9@group-EDE0E9749029: set configuration 0: [75e06a4b-10ed-49e3-a0f4-39d0cf919ed9:192.168.5.148:37717], old=null at 0
2019-09-24 19:01:01,719 [Thread-316] INFO  impl.FollowerState (FollowerState.java:run(106)) - a05b4b97-0b18-4776-a1dd-8f128fadc53a:group-82CF96156FED changes to CANDIDATE, lastRpcTime:1083, electionTimeout:1083ms
2019-09-24 19:01:01,719 [Thread-316] INFO  impl.RoleInfo (RoleInfo.java:shutdownFollowerState(121)) - a05b4b97-0b18-4776-a1dd-8f128fadc53a: shutdown FollowerState
2019-09-24 19:01:01,719 [Thread-316] INFO  impl.RaftServerImpl (RaftServerImpl.java:setRole(174)) - a05b4b97-0b18-4776-a1dd-8f128fadc53a@group-82CF96156FED: changes role from  FOLLOWER to CANDIDATE at term 0 for changeToCandidate
2019-09-24 19:01:01,720 [Thread-316] INFO  impl.RoleInfo (RoleInfo.java:updateAndGet(143)) - a05b4b97-0b18-4776-a1dd-8f128fadc53a: start LeaderElection
2019-09-24 19:01:01,727 [75e06a4b-10ed-49e3-a0f4-39d0cf919ed9@group-EDE0E9749029-SegmentedRaftLogWorker] INFO  segmented.SegmentedRaftLogWorker (SegmentedRaftLogWorker.java:execute(569)) - 75e06a4b-10ed-49e3-a0f4-39d0cf919ed9@group-EDE0E9749029-SegmentedRaftLogWorker: created new log segment /workdir/hadoop-ozone/integration-test/target/test-dir/MiniOzoneClusterImpl-347bc0d8-8dc7-46c0-bd0b-f626cebf696e/datanode-9/data/ratis/afa48f10-f5b9-4a3d-af44-ede0e9749029/current/log_inprogress_0
2019-09-24 19:01:01,731 [Thread-319] INFO  impl.FollowerState (FollowerState.java:run(106)) - 29620711-3f46-457a-8151-219e63eed2d2:group-3D9711DD10A2 changes to CANDIDATE, lastRpcTime:1002, electionTimeout:1001ms
2019-09-24 19:01:01,731 [Thread-319] INFO  impl.RoleInfo (RoleInfo.java:shutdownFollowerState(121)) - 29620711-3f46-457a-8151-219e63eed2d2: shutdown FollowerState
2019-09-24 19:01:01,731 [Thread-319] INFO  impl.RaftServerImpl (RaftServerImpl.java:setRole(174)) - 29620711-3f46-457a-8151-219e63eed2d2@group-3D9711DD10A2: changes role from  FOLLOWER to CANDIDATE at term 0 for changeToCandidate
2019-09-24 19:01:01,732 [Thread-319] INFO  impl.RoleInfo (RoleInfo.java:updateAndGet(143)) - 29620711-3f46-457a-8151-219e63eed2d2: start LeaderElection
2019-09-24 19:01:01,740 [a05b4b97-0b18-4776-a1dd-8f128fadc53a@group-82CF96156FED:LeaderElection7] INFO  impl.LeaderElection (LeaderElection.java:askForVotes(182)) - a05b4b97-0b18-4776-a1dd-8f128fadc53a@group-82CF96156FED:LeaderElection7: begin an election at term 1 for -1: [a05b4b97-0b18-4776-a1dd-8f128fadc53a:192.168.5.148:35009], old=null
2019-09-24 19:01:01,740 [a05b4b97-0b18-4776-a1dd-8f128fadc53a@group-82CF96156FED:LeaderElection7] INFO  impl.RoleInfo (RoleInfo.java:shutdownLeaderElection(134)) - a05b4b97-0b18-4776-a1dd-8f128fadc53a: shutdown LeaderElection
2019-09-24 19:01:01,741 [a05b4b97-0b18-4776-a1dd-8f128fadc53a@group-82CF96156FED:LeaderElection7] INFO  impl.RaftServerImpl (RaftServerImpl.java:setRole(174)) - a05b4b97-0b18-4776-a1dd-8f128fadc53a@group-82CF96156FED: changes role from CANDIDATE to LEADER at term 1 for changeToLeader
2019-09-24 19:01:01,741 [a05b4b97-0b18-4776-a1dd-8f128fadc53a@group-82CF96156FED:LeaderElection7] INFO  impl.RaftServerImpl (ServerState.java:setLeader(253)) - a05b4b97-0b18-4776-a1dd-8f128fadc53a@group-82CF96156FED: change Leader from null to a05b4b97-0b18-4776-a1dd-8f128fadc53a at term 1 for becomeLeader, leader elected after 1118ms
2019-09-24 19:01:01,741 [a05b4b97-0b18-4776-a1dd-8f128fadc53a@group-82CF96156FED:LeaderElection7] INFO  server.RaftServerConfigKeys (ConfUtils.java:logGet(43)) - raft.server.staging.catchup.gap = 1000 (default)
2019-09-24 19:01:01,741 [a05b4b97-0b18-4776-a1dd-8f128fadc53a@group-82CF96156FED:LeaderElection7] INFO  server.RaftServerConfigKeys (ConfUtils.java:logGet(43)) - raft.server.rpc.sleep.time = 25ms (default)
2019-09-24 19:01:01,742 [a05b4b97-0b18-4776-a1dd-8f128fadc53a@group-82CF96156FED:LeaderElection7] INFO  server.RaftServerConfigKeys (ConfUtils.java:logGet(43)) - raft.server.write.element-limit = 4096 (default)
2019-09-24 19:01:01,742 [a05b4b97-0b18-4776-a1dd-8f128fadc53a@group-82CF96156FED:LeaderElection7] INFO  server.RaftServerConfigKeys (ConfUtils.java:logGet(43)) - raft.server.watch.timeout = 10s (default)
2019-09-24 19:01:01,742 [a05b4b97-0b18-4776-a1dd-8f128fadc53a@group-82CF96156FED:LeaderElection7] INFO  server.RaftServerConfigKeys (ConfUtils.java:logGet(43)) - raft.server.watch.timeout.denomination = 1s (default)
2019-09-24 19:01:01,742 [29620711-3f46-457a-8151-219e63eed2d2@group-3D9711DD10A2:LeaderElection8] INFO  impl.LeaderElection (LeaderElection.java:askForVotes(182)) - 29620711-3f46-457a-8151-219e63eed2d2@group-3D9711DD10A2:LeaderElection8: begin an election at term 1 for -1: [29620711-3f46-457a-8151-219e63eed2d2:192.168.5.148:46161], old=null
2019-09-24 19:01:01,742 [a05b4b97-0b18-4776-a1dd-8f128fadc53a@group-82CF96156FED:LeaderElection7] INFO  server.RaftServerConfigKeys (ConfUtils.java:logGet(43)) - raft.server.watch.element-limit = 65536 (default)
2019-09-24 19:01:01,743 [29620711-3f46-457a-8151-219e63eed2d2@group-3D9711DD10A2:LeaderElection8] INFO  impl.RoleInfo (RoleInfo.java:shutdownLeaderElection(134)) - 29620711-3f46-457a-8151-219e63eed2d2: shutdown LeaderElection
2019-09-24 19:01:01,743 [29620711-3f46-457a-8151-219e63eed2d2@group-3D9711DD10A2:LeaderElection8] INFO  impl.RaftServerImpl (RaftServerImpl.java:setRole(174)) - 29620711-3f46-457a-8151-219e63eed2d2@group-3D9711DD10A2: changes role from CANDIDATE to LEADER at term 1 for changeToLeader
2019-09-24 19:01:01,743 [29620711-3f46-457a-8151-219e63eed2d2@group-3D9711DD10A2:LeaderElection8] INFO  impl.RaftServerImpl (ServerState.java:setLeader(253)) - 29620711-3f46-457a-8151-219e63eed2d2@group-3D9711DD10A2: change Leader from null to 29620711-3f46-457a-8151-219e63eed2d2 at term 1 for becomeLeader, leader elected after 1025ms
2019-09-24 19:01:01,743 [29620711-3f46-457a-8151-219e63eed2d2@group-3D9711DD10A2:LeaderElection8] INFO  server.RaftServerConfigKeys (ConfUtils.java:logGet(43)) - raft.server.staging.catchup.gap = 1000 (default)
2019-09-24 19:01:01,744 [29620711-3f46-457a-8151-219e63eed2d2@group-3D9711DD10A2:LeaderElection8] INFO  server.RaftServerConfigKeys (ConfUtils.java:logGet(43)) - raft.server.rpc.sleep.time = 25ms (default)
2019-09-24 19:01:01,744 [29620711-3f46-457a-8151-219e63eed2d2@group-3D9711DD10A2:LeaderElection8] INFO  server.RaftServerConfigKeys (ConfUtils.java:logGet(43)) - raft.server.write.element-limit = 4096 (default)
2019-09-24 19:01:01,744 [29620711-3f46-457a-8151-219e63eed2d2@group-3D9711DD10A2:LeaderElection8] INFO  server.RaftServerConfigKeys (ConfUtils.java:logGet(43)) - raft.server.watch.timeout = 10s (default)
2019-09-24 19:01:01,745 [29620711-3f46-457a-8151-219e63eed2d2@group-3D9711DD10A2:LeaderElection8] INFO  server.RaftServerConfigKeys (ConfUtils.java:logGet(43)) - raft.server.watch.timeout.denomination = 1s (default)
2019-09-24 19:01:01,745 [29620711-3f46-457a-8151-219e63eed2d2@group-3D9711DD10A2:LeaderElection8] INFO  server.RaftServerConfigKeys (ConfUtils.java:logGet(43)) - raft.server.watch.element-limit = 65536 (default)
2019-09-24 19:01:01,763 [a05b4b97-0b18-4776-a1dd-8f128fadc53a@group-82CF96156FED:LeaderElection7] INFO  impl.RoleInfo (RoleInfo.java:updateAndGet(143)) - a05b4b97-0b18-4776-a1dd-8f128fadc53a: start LeaderState
2019-09-24 19:01:01,764 [a05b4b97-0b18-4776-a1dd-8f128fadc53a@group-82CF96156FED:LeaderElection7] INFO  segmented.SegmentedRaftLogWorker (SegmentedRaftLogWorker.java:startLogSegment(380)) - a05b4b97-0b18-4776-a1dd-8f128fadc53a@group-82CF96156FED-SegmentedRaftLogWorker: Starting segment from index:0
2019-09-24 19:01:01,767 [29620711-3f46-457a-8151-219e63eed2d2@group-3D9711DD10A2:LeaderElection8] INFO  impl.RoleInfo (RoleInfo.java:updateAndGet(143)) - 29620711-3f46-457a-8151-219e63eed2d2: start LeaderState
2019-09-24 19:01:01,767 [a05b4b97-0b18-4776-a1dd-8f128fadc53a@group-82CF96156FED:LeaderElection7] INFO  impl.RaftServerImpl (ServerState.java:setRaftConf(354)) - a05b4b97-0b18-4776-a1dd-8f128fadc53a@group-82CF96156FED: set configuration 0: [a05b4b97-0b18-4776-a1dd-8f128fadc53a:192.168.5.148:35009], old=null at 0
2019-09-24 19:01:01,767 [29620711-3f46-457a-8151-219e63eed2d2@group-3D9711DD10A2:LeaderElection8] INFO  segmented.SegmentedRaftLogWorker (SegmentedRaftLogWorker.java:startLogSegment(380)) - 29620711-3f46-457a-8151-219e63eed2d2@group-3D9711DD10A2-SegmentedRaftLogWorker: Starting segment from index:0
2019-09-24 19:01:01,806 [29620711-3f46-457a-8151-219e63eed2d2@group-3D9711DD10A2:LeaderElection8] INFO  impl.RaftServerImpl (ServerState.java:setRaftConf(354)) - 29620711-3f46-457a-8151-219e63eed2d2@group-3D9711DD10A2: set configuration 0: [29620711-3f46-457a-8151-219e63eed2d2:192.168.5.148:46161], old=null at 0
2019-09-24 19:01:01,839 [a05b4b97-0b18-4776-a1dd-8f128fadc53a@group-82CF96156FED-SegmentedRaftLogWorker] INFO  segmented.SegmentedRaftLogWorker (SegmentedRaftLogWorker.java:execute(569)) - a05b4b97-0b18-4776-a1dd-8f128fadc53a@group-82CF96156FED-SegmentedRaftLogWorker: created new log segment /workdir/hadoop-ozone/integration-test/target/test-dir/MiniOzoneClusterImpl-347bc0d8-8dc7-46c0-bd0b-f626cebf696e/datanode-2/data/ratis/ebb21f24-1c63-46c7-9b83-82cf96156fed/current/log_inprogress_0
2019-09-24 19:01:01,861 [Thread-322] INFO  impl.FollowerState (FollowerState.java:run(106)) - d6fdad48-5745-4acd-8132-622988eb1603:group-DE48529C9C19 changes to CANDIDATE, lastRpcTime:1039, electionTimeout:1039ms
2019-09-24 19:01:01,861 [Thread-322] INFO  impl.RoleInfo (RoleInfo.java:shutdownFollowerState(121)) - d6fdad48-5745-4acd-8132-622988eb1603: shutdown FollowerState
2019-09-24 19:01:01,862 [Thread-322] INFO  impl.RaftServerImpl (RaftServerImpl.java:setRole(174)) - d6fdad48-5745-4acd-8132-622988eb1603@group-DE48529C9C19: changes role from  FOLLOWER to CANDIDATE at term 0 for changeToCandidate
2019-09-24 19:01:01,872 [29620711-3f46-457a-8151-219e63eed2d2@group-3D9711DD10A2-SegmentedRaftLogWorker] INFO  segmented.SegmentedRaftLogWorker (SegmentedRaftLogWorker.java:execute(569)) - 29620711-3f46-457a-8151-219e63eed2d2@group-3D9711DD10A2-SegmentedRaftLogWorker: created new log segment /workdir/hadoop-ozone/integration-test/target/test-dir/MiniOzoneClusterImpl-347bc0d8-8dc7-46c0-bd0b-f626cebf696e/datanode-7/data/ratis/829af180-3fc1-44fa-ad3a-3d9711dd10a2/current/log_inprogress_0
2019-09-24 19:01:01,873 [Thread-322] INFO  impl.RoleInfo (RoleInfo.java:updateAndGet(143)) - d6fdad48-5745-4acd-8132-622988eb1603: start LeaderElection
2019-09-24 19:01:01,889 [d6fdad48-5745-4acd-8132-622988eb1603@group-DE48529C9C19:LeaderElection9] INFO  impl.LeaderElection (LeaderElection.java:askForVotes(182)) - d6fdad48-5745-4acd-8132-622988eb1603@group-DE48529C9C19:LeaderElection9: begin an election at term 1 for -1: [d6fdad48-5745-4acd-8132-622988eb1603:192.168.5.148:33283], old=null
2019-09-24 19:01:01,889 [d6fdad48-5745-4acd-8132-622988eb1603@group-DE48529C9C19:LeaderElection9] INFO  impl.RoleInfo (RoleInfo.java:shutdownLeaderElection(134)) - d6fdad48-5745-4acd-8132-622988eb1603: shutdown LeaderElection
2019-09-24 19:01:01,889 [d6fdad48-5745-4acd-8132-622988eb1603@group-DE48529C9C19:LeaderElection9] INFO  impl.RaftServerImpl (RaftServerImpl.java:setRole(174)) - d6fdad48-5745-4acd-8132-622988eb1603@group-DE48529C9C19: changes role from CANDIDATE to LEADER at term 1 for changeToLeader
2019-09-24 19:01:01,889 [d6fdad48-5745-4acd-8132-622988eb1603@group-DE48529C9C19:LeaderElection9] INFO  impl.RaftServerImpl (ServerState.java:setLeader(253)) - d6fdad48-5745-4acd-8132-622988eb1603@group-DE48529C9C19: change Leader from null to d6fdad48-5745-4acd-8132-622988eb1603 at term 1 for becomeLeader, leader elected after 1087ms
2019-09-24 19:01:01,890 [d6fdad48-5745-4acd-8132-622988eb1603@group-DE48529C9C19:LeaderElection9] INFO  server.RaftServerConfigKeys (ConfUtils.java:logGet(43)) - raft.server.staging.catchup.gap = 1000 (default)
2019-09-24 19:01:01,890 [d6fdad48-5745-4acd-8132-622988eb1603@group-DE48529C9C19:LeaderElection9] INFO  server.RaftServerConfigKeys (ConfUtils.java:logGet(43)) - raft.server.rpc.sleep.time = 25ms (default)
2019-09-24 19:01:01,890 [d6fdad48-5745-4acd-8132-622988eb1603@group-DE48529C9C19:LeaderElection9] INFO  server.RaftServerConfigKeys (ConfUtils.java:logGet(43)) - raft.server.write.element-limit = 4096 (default)
2019-09-24 19:01:01,891 [d6fdad48-5745-4acd-8132-622988eb1603@group-DE48529C9C19:LeaderElection9] INFO  server.RaftServerConfigKeys (ConfUtils.java:logGet(43)) - raft.server.watch.timeout = 10s (default)
2019-09-24 19:01:01,891 [d6fdad48-5745-4acd-8132-622988eb1603@group-DE48529C9C19:LeaderElection9] INFO  server.RaftServerConfigKeys (ConfUtils.java:logGet(43)) - raft.server.watch.timeout.denomination = 1s (default)
2019-09-24 19:01:01,891 [d6fdad48-5745-4acd-8132-622988eb1603@group-DE48529C9C19:LeaderElection9] INFO  server.RaftServerConfigKeys (ConfUtils.java:logGet(43)) - raft.server.watch.element-limit = 65536 (default)
2019-09-24 19:01:01,896 [d6fdad48-5745-4acd-8132-622988eb1603@group-DE48529C9C19:LeaderElection9] INFO  impl.RoleInfo (RoleInfo.java:updateAndGet(143)) - d6fdad48-5745-4acd-8132-622988eb1603: start LeaderState
2019-09-24 19:01:01,896 [d6fdad48-5745-4acd-8132-622988eb1603@group-DE48529C9C19:LeaderElection9] INFO  segmented.SegmentedRaftLogWorker (SegmentedRaftLogWorker.java:startLogSegment(380)) - d6fdad48-5745-4acd-8132-622988eb1603@group-DE48529C9C19-SegmentedRaftLogWorker: Starting segment from index:0
2019-09-24 19:01:01,897 [d6fdad48-5745-4acd-8132-622988eb1603@group-DE48529C9C19:LeaderElection9] INFO  impl.RaftServerImpl (ServerState.java:setRaftConf(354)) - d6fdad48-5745-4acd-8132-622988eb1603@group-DE48529C9C19: set configuration 0: [d6fdad48-5745-4acd-8132-622988eb1603:192.168.5.148:33283], old=null at 0
2019-09-24 19:01:01,977 [d6fdad48-5745-4acd-8132-622988eb1603@group-DE48529C9C19-SegmentedRaftLogWorker] INFO  segmented.SegmentedRaftLogWorker (SegmentedRaftLogWorker.java:execute(569)) - d6fdad48-5745-4acd-8132-622988eb1603@group-DE48529C9C19-SegmentedRaftLogWorker: created new log segment /workdir/hadoop-ozone/integration-test/target/test-dir/MiniOzoneClusterImpl-347bc0d8-8dc7-46c0-bd0b-f626cebf696e/datanode-3/data/ratis/3c44bff6-4c1e-4b14-b0f5-de48529c9c19/current/log_inprogress_0
2019-09-24 19:01:02,036 [Thread-325] INFO  impl.FollowerState (FollowerState.java:run(106)) - 2fb94607-307d-40f4-aab6-b5884b96a4c0:group-228470FC1BEF changes to CANDIDATE, lastRpcTime:1107, electionTimeout:1107ms
2019-09-24 19:01:02,037 [Thread-325] INFO  impl.RoleInfo (RoleInfo.java:shutdownFollowerState(121)) - 2fb94607-307d-40f4-aab6-b5884b96a4c0: shutdown FollowerState
2019-09-24 19:01:02,037 [Thread-325] INFO  impl.RaftServerImpl (RaftServerImpl.java:setRole(174)) - 2fb94607-307d-40f4-aab6-b5884b96a4c0@group-228470FC1BEF: changes role from  FOLLOWER to CANDIDATE at term 0 for changeToCandidate
2019-09-24 19:01:02,037 [Thread-325] INFO  impl.RoleInfo (RoleInfo.java:updateAndGet(143)) - 2fb94607-307d-40f4-aab6-b5884b96a4c0: start LeaderElection
2019-09-24 19:01:02,086 [2fb94607-307d-40f4-aab6-b5884b96a4c0@group-228470FC1BEF:LeaderElection10] INFO  impl.LeaderElection (LeaderElection.java:askForVotes(182)) - 2fb94607-307d-40f4-aab6-b5884b96a4c0@group-228470FC1BEF:LeaderElection10: begin an election at term 1 for -1: [2fb94607-307d-40f4-aab6-b5884b96a4c0:192.168.5.148:41188], old=null
2019-09-24 19:01:02,086 [2fb94607-307d-40f4-aab6-b5884b96a4c0@group-228470FC1BEF:LeaderElection10] INFO  impl.RoleInfo (RoleInfo.java:shutdownLeaderElection(134)) - 2fb94607-307d-40f4-aab6-b5884b96a4c0: shutdown LeaderElection
2019-09-24 19:01:02,086 [2fb94607-307d-40f4-aab6-b5884b96a4c0@group-228470FC1BEF:LeaderElection10] INFO  impl.RaftServerImpl (RaftServerImpl.java:setRole(174)) - 2fb94607-307d-40f4-aab6-b5884b96a4c0@group-228470FC1BEF: changes role from CANDIDATE to LEADER at term 1 for changeToLeader
2019-09-24 19:01:02,086 [2fb94607-307d-40f4-aab6-b5884b96a4c0@group-228470FC1BEF:LeaderElection10] INFO  impl.RaftServerImpl (ServerState.java:setLeader(253)) - 2fb94607-307d-40f4-aab6-b5884b96a4c0@group-228470FC1BEF: change Leader from null to 2fb94607-307d-40f4-aab6-b5884b96a4c0 at term 1 for becomeLeader, leader elected after 1173ms
2019-09-24 19:01:02,087 [2fb94607-307d-40f4-aab6-b5884b96a4c0@group-228470FC1BEF:LeaderElection10] INFO  server.RaftServerConfigKeys (ConfUtils.java:logGet(43)) - raft.server.staging.catchup.gap = 1000 (default)
2019-09-24 19:01:02,087 [2fb94607-307d-40f4-aab6-b5884b96a4c0@group-228470FC1BEF:LeaderElection10] INFO  server.RaftServerConfigKeys (ConfUtils.java:logGet(43)) - raft.server.rpc.sleep.time = 25ms (default)
2019-09-24 19:01:02,087 [2fb94607-307d-40f4-aab6-b5884b96a4c0@group-228470FC1BEF:LeaderElection10] INFO  server.RaftServerConfigKeys (ConfUtils.java:logGet(43)) - raft.server.write.element-limit = 4096 (default)
2019-09-24 19:01:02,088 [2fb94607-307d-40f4-aab6-b5884b96a4c0@group-228470FC1BEF:LeaderElection10] INFO  server.RaftServerConfigKeys (ConfUtils.java:logGet(43)) - raft.server.watch.timeout = 10s (default)
2019-09-24 19:01:02,088 [2fb94607-307d-40f4-aab6-b5884b96a4c0@group-228470FC1BEF:LeaderElection10] INFO  server.RaftServerConfigKeys (ConfUtils.java:logGet(43)) - raft.server.watch.timeout.denomination = 1s (default)
2019-09-24 19:01:02,088 [2fb94607-307d-40f4-aab6-b5884b96a4c0@group-228470FC1BEF:LeaderElection10] INFO  server.RaftServerConfigKeys (ConfUtils.java:logGet(43)) - raft.server.watch.element-limit = 65536 (default)
2019-09-24 19:01:02,093 [2fb94607-307d-40f4-aab6-b5884b96a4c0@group-228470FC1BEF:LeaderElection10] INFO  impl.RoleInfo (RoleInfo.java:updateAndGet(143)) - 2fb94607-307d-40f4-aab6-b5884b96a4c0: start LeaderState
2019-09-24 19:01:02,094 [2fb94607-307d-40f4-aab6-b5884b96a4c0@group-228470FC1BEF:LeaderElection10] INFO  segmented.SegmentedRaftLogWorker (SegmentedRaftLogWorker.java:startLogSegment(380)) - 2fb94607-307d-40f4-aab6-b5884b96a4c0@group-228470FC1BEF-SegmentedRaftLogWorker: Starting segment from index:0
2019-09-24 19:01:02,095 [2fb94607-307d-40f4-aab6-b5884b96a4c0@group-228470FC1BEF:LeaderElection10] INFO  impl.RaftServerImpl (ServerState.java:setRaftConf(354)) - 2fb94607-307d-40f4-aab6-b5884b96a4c0@group-228470FC1BEF: set configuration 0: [2fb94607-307d-40f4-aab6-b5884b96a4c0:192.168.5.148:41188], old=null at 0
2019-09-24 19:01:02,147 [2fb94607-307d-40f4-aab6-b5884b96a4c0@group-228470FC1BEF-SegmentedRaftLogWorker] INFO  segmented.SegmentedRaftLogWorker (SegmentedRaftLogWorker.java:execute(569)) - 2fb94607-307d-40f4-aab6-b5884b96a4c0@group-228470FC1BEF-SegmentedRaftLogWorker: created new log segment /workdir/hadoop-ozone/integration-test/target/test-dir/MiniOzoneClusterImpl-347bc0d8-8dc7-46c0-bd0b-f626cebf696e/datanode-8/data/ratis/bead767a-2eb1-46a8-b9bd-228470fc1bef/current/log_inprogress_0
2019-09-24 19:01:02,162 [Thread-332] INFO  impl.FollowerState (FollowerState.java:run(106)) - dd51241e-7f30-423c-8baf-8925f04f92e5:group-91D416462A89 changes to CANDIDATE, lastRpcTime:1084, electionTimeout:1082ms
2019-09-24 19:01:02,162 [Thread-332] INFO  impl.RoleInfo (RoleInfo.java:shutdownFollowerState(121)) - dd51241e-7f30-423c-8baf-8925f04f92e5: shutdown FollowerState
2019-09-24 19:01:02,163 [Thread-332] INFO  impl.RaftServerImpl (RaftServerImpl.java:setRole(174)) - dd51241e-7f30-423c-8baf-8925f04f92e5@group-91D416462A89: changes role from  FOLLOWER to CANDIDATE at term 0 for changeToCandidate
2019-09-24 19:01:02,163 [Thread-332] INFO  impl.RoleInfo (RoleInfo.java:updateAndGet(143)) - dd51241e-7f30-423c-8baf-8925f04f92e5: start LeaderElection
2019-09-24 19:01:02,170 [Thread-330] INFO  impl.FollowerState (FollowerState.java:run(106)) - 91e07af8-8ce2-4ac6-9c90-851894b34103:group-91D416462A89 changes to CANDIDATE, lastRpcTime:1099, electionTimeout:1099ms
2019-09-24 19:01:02,173 [Thread-330] INFO  impl.RoleInfo (RoleInfo.java:shutdownFollowerState(121)) - 91e07af8-8ce2-4ac6-9c90-851894b34103: shutdown FollowerState
2019-09-24 19:01:02,173 [Thread-330] INFO  impl.RaftServerImpl (RaftServerImpl.java:setRole(174)) - 91e07af8-8ce2-4ac6-9c90-851894b34103@group-91D416462A89: changes role from  FOLLOWER to CANDIDATE at term 0 for changeToCandidate
2019-09-24 19:01:02,174 [Thread-330] INFO  impl.RoleInfo (RoleInfo.java:updateAndGet(143)) - 91e07af8-8ce2-4ac6-9c90-851894b34103: start LeaderElection
2019-09-24 19:01:02,182 [Thread-334] INFO  impl.FollowerState (FollowerState.java:run(106)) - f9d00a00-bc78-4492-92ba-83defd396746:group-91D416462A89 changes to CANDIDATE, lastRpcTime:1095, electionTimeout:1095ms
2019-09-24 19:01:02,183 [Thread-334] INFO  impl.RoleInfo (RoleInfo.java:shutdownFollowerState(121)) - f9d00a00-bc78-4492-92ba-83defd396746: shutdown FollowerState
2019-09-24 19:01:02,183 [Thread-334] INFO  impl.RaftServerImpl (RaftServerImpl.java:setRole(174)) - f9d00a00-bc78-4492-92ba-83defd396746@group-91D416462A89: changes role from  FOLLOWER to CANDIDATE at term 0 for changeToCandidate
2019-09-24 19:01:02,183 [Thread-334] INFO  impl.RoleInfo (RoleInfo.java:updateAndGet(143)) - f9d00a00-bc78-4492-92ba-83defd396746: start LeaderElection
2019-09-24 19:01:02,218 [91e07af8-8ce2-4ac6-9c90-851894b34103@group-91D416462A89:LeaderElection12] INFO  impl.LeaderElection (LeaderElection.java:askForVotes(182)) - 91e07af8-8ce2-4ac6-9c90-851894b34103@group-91D416462A89:LeaderElection12: begin an election at term 1 for -1: [f9d00a00-bc78-4492-92ba-83defd396746:192.168.5.148:39515, 91e07af8-8ce2-4ac6-9c90-851894b34103:192.168.5.148:45771, dd51241e-7f30-423c-8baf-8925f04f92e5:192.168.5.148:35152], old=null
2019-09-24 19:01:02,218 [dd51241e-7f30-423c-8baf-8925f04f92e5@group-91D416462A89:LeaderElection11] INFO  impl.LeaderElection (LeaderElection.java:askForVotes(182)) - dd51241e-7f30-423c-8baf-8925f04f92e5@group-91D416462A89:LeaderElection11: begin an election at term 1 for -1: [f9d00a00-bc78-4492-92ba-83defd396746:192.168.5.148:39515, 91e07af8-8ce2-4ac6-9c90-851894b34103:192.168.5.148:45771, dd51241e-7f30-423c-8baf-8925f04f92e5:192.168.5.148:35152], old=null
2019-09-24 19:01:02,219 [f9d00a00-bc78-4492-92ba-83defd396746@group-91D416462A89:LeaderElection13] INFO  impl.LeaderElection (LeaderElection.java:askForVotes(182)) - f9d00a00-bc78-4492-92ba-83defd396746@group-91D416462A89:LeaderElection13: begin an election at term 1 for -1: [f9d00a00-bc78-4492-92ba-83defd396746:192.168.5.148:39515, 91e07af8-8ce2-4ac6-9c90-851894b34103:192.168.5.148:45771, dd51241e-7f30-423c-8baf-8925f04f92e5:192.168.5.148:35152], old=null
2019-09-24 19:01:02,225 [Thread-341] INFO  impl.FollowerState (FollowerState.java:run(106)) - 75e06a4b-10ed-49e3-a0f4-39d0cf919ed9:group-338C40DB937D changes to CANDIDATE, lastRpcTime:1006, electionTimeout:1006ms
2019-09-24 19:01:02,226 [Thread-341] INFO  impl.RoleInfo (RoleInfo.java:shutdownFollowerState(121)) - 75e06a4b-10ed-49e3-a0f4-39d0cf919ed9: shutdown FollowerState
2019-09-24 19:01:02,226 [Thread-341] INFO  impl.RaftServerImpl (RaftServerImpl.java:setRole(174)) - 75e06a4b-10ed-49e3-a0f4-39d0cf919ed9@group-338C40DB937D: changes role from  FOLLOWER to CANDIDATE at term 0 for changeToCandidate
2019-09-24 19:01:02,226 [Thread-341] INFO  impl.RoleInfo (RoleInfo.java:updateAndGet(143)) - 75e06a4b-10ed-49e3-a0f4-39d0cf919ed9: start LeaderElection
2019-09-24 19:01:02,252 [75e06a4b-10ed-49e3-a0f4-39d0cf919ed9@group-338C40DB937D:LeaderElection14] INFO  impl.LeaderElection (LeaderElection.java:askForVotes(182)) - 75e06a4b-10ed-49e3-a0f4-39d0cf919ed9@group-338C40DB937D:LeaderElection14: begin an election at term 1 for -1: [01d7623e-fce0-4300-8f15-4bc2097938ef:192.168.5.148:45158, c0a619e5-2907-4353-abbd-f6fb1099a46d:192.168.5.148:37575, 75e06a4b-10ed-49e3-a0f4-39d0cf919ed9:192.168.5.148:37717], old=null
2019-09-24 19:01:02,308 [grpc-default-executor-2] INFO  impl.RaftServerImpl (RaftServerImpl.java:setRole(174)) - c0a619e5-2907-4353-abbd-f6fb1099a46d@group-338C40DB937D: changes role from  FOLLOWER to FOLLOWER at term 1 for recognizeCandidate:75e06a4b-10ed-49e3-a0f4-39d0cf919ed9
2019-09-24 19:01:02,311 [grpc-default-executor-2] INFO  impl.RoleInfo (RoleInfo.java:shutdownFollowerState(121)) - c0a619e5-2907-4353-abbd-f6fb1099a46d: shutdown FollowerState
2019-09-24 19:01:02,316 [grpc-default-executor-2] INFO  impl.RoleInfo (RoleInfo.java:updateAndGet(143)) - c0a619e5-2907-4353-abbd-f6fb1099a46d: start FollowerState
2019-09-24 19:01:02,317 [Thread-339] INFO  impl.FollowerState (FollowerState.java:run(115)) - c0a619e5-2907-4353-abbd-f6fb1099a46d: FollowerState was interrupted: java.lang.InterruptedException: sleep interrupted
2019-09-24 19:01:02,325 [grpc-default-executor-6] INFO  impl.RaftServerImpl (RaftServerImpl.java:setRole(174)) - 01d7623e-fce0-4300-8f15-4bc2097938ef@group-338C40DB937D: changes role from  FOLLOWER to FOLLOWER at term 1 for recognizeCandidate:75e06a4b-10ed-49e3-a0f4-39d0cf919ed9
2019-09-24 19:01:02,325 [grpc-default-executor-6] INFO  impl.RoleInfo (RoleInfo.java:shutdownFollowerState(121)) - 01d7623e-fce0-4300-8f15-4bc2097938ef: shutdown FollowerState
2019-09-24 19:01:02,328 [Thread-342] INFO  impl.FollowerState (FollowerState.java:run(115)) - 01d7623e-fce0-4300-8f15-4bc2097938ef: FollowerState was interrupted: java.lang.InterruptedException: sleep interrupted
2019-09-24 19:01:02,328 [grpc-default-executor-6] INFO  impl.RoleInfo (RoleInfo.java:updateAndGet(143)) - 01d7623e-fce0-4300-8f15-4bc2097938ef: start FollowerState
2019-09-24 19:01:02,338 [f9d00a00-bc78-4492-92ba-83defd396746@group-91D416462A89:LeaderElection13] INFO  impl.LeaderElection (LeaderElection.java:logAndReturn(56)) - f9d00a00-bc78-4492-92ba-83defd396746@group-91D416462A89:LeaderElection13: Election REJECTED; received 2 response(s) [f9d00a00-bc78-4492-92ba-83defd396746<-91e07af8-8ce2-4ac6-9c90-851894b34103#0:FAIL-t1, f9d00a00-bc78-4492-92ba-83defd396746<-dd51241e-7f30-423c-8baf-8925f04f92e5#0:FAIL-t1] and 0 exception(s); f9d00a00-bc78-4492-92ba-83defd396746@group-91D416462A89:t1, leader=null, voted=f9d00a00-bc78-4492-92ba-83defd396746, raftlog=f9d00a00-bc78-4492-92ba-83defd396746@group-91D416462A89-SegmentedRaftLog:OPENED:c-1,f-1,i0, conf=-1: [f9d00a00-bc78-4492-92ba-83defd396746:192.168.5.148:39515, 91e07af8-8ce2-4ac6-9c90-851894b34103:192.168.5.148:45771, dd51241e-7f30-423c-8baf-8925f04f92e5:192.168.5.148:35152], old=null
2019-09-24 19:01:02,338 [dd51241e-7f30-423c-8baf-8925f04f92e5@group-91D416462A89:LeaderElection11] INFO  impl.LeaderElection (LeaderElection.java:logAndReturn(56)) - dd51241e-7f30-423c-8baf-8925f04f92e5@group-91D416462A89:LeaderElection11: Election REJECTED; received 2 response(s) [dd51241e-7f30-423c-8baf-8925f04f92e5<-f9d00a00-bc78-4492-92ba-83defd396746#0:FAIL-t1, dd51241e-7f30-423c-8baf-8925f04f92e5<-91e07af8-8ce2-4ac6-9c90-851894b34103#0:FAIL-t1] and 0 exception(s); dd51241e-7f30-423c-8baf-8925f04f92e5@group-91D416462A89:t1, leader=null, voted=dd51241e-7f30-423c-8baf-8925f04f92e5, raftlog=dd51241e-7f30-423c-8baf-8925f04f92e5@group-91D416462A89-SegmentedRaftLog:OPENED:c-1,f-1,i0, conf=-1: [f9d00a00-bc78-4492-92ba-83defd396746:192.168.5.148:39515, 91e07af8-8ce2-4ac6-9c90-851894b34103:192.168.5.148:45771, dd51241e-7f30-423c-8baf-8925f04f92e5:192.168.5.148:35152], old=null
2019-09-24 19:01:02,338 [f9d00a00-bc78-4492-92ba-83defd396746@group-91D416462A89:LeaderElection13] INFO  impl.RaftServerImpl (RaftServerImpl.java:setRole(174)) - f9d00a00-bc78-4492-92ba-83defd396746@group-91D416462A89: changes role from CANDIDATE to FOLLOWER at term 1 for DISCOVERED_A_NEW_TERM
2019-09-24 19:01:02,338 [91e07af8-8ce2-4ac6-9c90-851894b34103@group-91D416462A89:LeaderElection12] INFO  impl.LeaderElection (LeaderElection.java:logAndReturn(56)) - 91e07af8-8ce2-4ac6-9c90-851894b34103@group-91D416462A89:LeaderElection12: Election REJECTED; received 2 response(s) [91e07af8-8ce2-4ac6-9c90-851894b34103<-f9d00a00-bc78-4492-92ba-83defd396746#0:FAIL-t1, 91e07af8-8ce2-4ac6-9c90-851894b34103<-dd51241e-7f30-423c-8baf-8925f04f92e5#0:FAIL-t1] and 0 exception(s); 91e07af8-8ce2-4ac6-9c90-851894b34103@group-91D416462A89:t1, leader=null, voted=91e07af8-8ce2-4ac6-9c90-851894b34103, raftlog=91e07af8-8ce2-4ac6-9c90-851894b34103@group-91D416462A89-SegmentedRaftLog:OPENED:c-1,f-1,i0, conf=-1: [f9d00a00-bc78-4492-92ba-83defd396746:192.168.5.148:39515, 91e07af8-8ce2-4ac6-9c90-851894b34103:192.168.5.148:45771, dd51241e-7f30-423c-8baf-8925f04f92e5:192.168.5.148:35152], old=null
2019-09-24 19:01:02,343 [dd51241e-7f30-423c-8baf-8925f04f92e5@group-91D416462A89:LeaderElection11] INFO  impl.RaftServerImpl (RaftServerImpl.java:setRole(174)) - dd51241e-7f30-423c-8baf-8925f04f92e5@group-91D416462A89: changes role from CANDIDATE to FOLLOWER at term 1 for DISCOVERED_A_NEW_TERM
2019-09-24 19:01:02,341 [f9d00a00-bc78-4492-92ba-83defd396746@group-91D416462A89:LeaderElection13] INFO  impl.RoleInfo (RoleInfo.java:shutdownLeaderElection(134)) - f9d00a00-bc78-4492-92ba-83defd396746: shutdown LeaderElection
2019-09-24 19:01:02,348 [dd51241e-7f30-423c-8baf-8925f04f92e5@group-91D416462A89:LeaderElection11] INFO  impl.RoleInfo (RoleInfo.java:shutdownLeaderElection(134)) - dd51241e-7f30-423c-8baf-8925f04f92e5: shutdown LeaderElection
2019-09-24 19:01:02,347 [91e07af8-8ce2-4ac6-9c90-851894b34103@group-91D416462A89:LeaderElection12] INFO  impl.RaftServerImpl (RaftServerImpl.java:setRole(174)) - 91e07af8-8ce2-4ac6-9c90-851894b34103@group-91D416462A89: changes role from CANDIDATE to FOLLOWER at term 1 for DISCOVERED_A_NEW_TERM
2019-09-24 19:01:02,352 [dd51241e-7f30-423c-8baf-8925f04f92e5@group-91D416462A89:LeaderElection11] INFO  impl.RoleInfo (RoleInfo.java:updateAndGet(143)) - dd51241e-7f30-423c-8baf-8925f04f92e5: start FollowerState
2019-09-24 19:01:02,352 [f9d00a00-bc78-4492-92ba-83defd396746@group-91D416462A89:LeaderElection13] INFO  impl.RoleInfo (RoleInfo.java:updateAndGet(143)) - f9d00a00-bc78-4492-92ba-83defd396746: start FollowerState
2019-09-24 19:01:02,352 [91e07af8-8ce2-4ac6-9c90-851894b34103@group-91D416462A89:LeaderElection12] INFO  impl.RoleInfo (RoleInfo.java:shutdownLeaderElection(134)) - 91e07af8-8ce2-4ac6-9c90-851894b34103: shutdown LeaderElection
2019-09-24 19:01:02,357 [91e07af8-8ce2-4ac6-9c90-851894b34103@group-91D416462A89:LeaderElection12] INFO  impl.RoleInfo (RoleInfo.java:updateAndGet(143)) - 91e07af8-8ce2-4ac6-9c90-851894b34103: start FollowerState
2019-09-24 19:01:02,372 [Thread-348] INFO  impl.FollowerState (FollowerState.java:run(106)) - a05b4b97-0b18-4776-a1dd-8f128fadc53a:group-2B1DF545E51A changes to CANDIDATE, lastRpcTime:1052, electionTimeout:1041ms
2019-09-24 19:01:02,372 [Thread-348] INFO  impl.RoleInfo (RoleInfo.java:shutdownFollowerState(121)) - a05b4b97-0b18-4776-a1dd-8f128fadc53a: shutdown FollowerState
2019-09-24 19:01:02,373 [Thread-348] INFO  impl.RaftServerImpl (RaftServerImpl.java:setRole(174)) - a05b4b97-0b18-4776-a1dd-8f128fadc53a@group-2B1DF545E51A: changes role from  FOLLOWER to CANDIDATE at term 0 for changeToCandidate
2019-09-24 19:01:02,373 [Thread-348] INFO  impl.RoleInfo (RoleInfo.java:updateAndGet(143)) - a05b4b97-0b18-4776-a1dd-8f128fadc53a: start LeaderElection
2019-09-24 19:01:02,386 [75e06a4b-10ed-49e3-a0f4-39d0cf919ed9@group-338C40DB937D:LeaderElection14] INFO  impl.LeaderElection (LeaderElection.java:logAndReturn(56)) - 75e06a4b-10ed-49e3-a0f4-39d0cf919ed9@group-338C40DB937D:LeaderElection14: Election PASSED; received 1 response(s) [75e06a4b-10ed-49e3-a0f4-39d0cf919ed9<-c0a619e5-2907-4353-abbd-f6fb1099a46d#0:OK-t1] and 0 exception(s); 75e06a4b-10ed-49e3-a0f4-39d0cf919ed9@group-338C40DB937D:t1, leader=null, voted=75e06a4b-10ed-49e3-a0f4-39d0cf919ed9, raftlog=75e06a4b-10ed-49e3-a0f4-39d0cf919ed9@group-338C40DB937D-SegmentedRaftLog:OPENED:c-1,f-1,i0, conf=-1: [01d7623e-fce0-4300-8f15-4bc2097938ef:192.168.5.148:45158, c0a619e5-2907-4353-abbd-f6fb1099a46d:192.168.5.148:37575, 75e06a4b-10ed-49e3-a0f4-39d0cf919ed9:192.168.5.148:37717], old=null
2019-09-24 19:01:02,386 [75e06a4b-10ed-49e3-a0f4-39d0cf919ed9@group-338C40DB937D:LeaderElection14] INFO  impl.RoleInfo (RoleInfo.java:shutdownLeaderElection(134)) - 75e06a4b-10ed-49e3-a0f4-39d0cf919ed9: shutdown LeaderElection
2019-09-24 19:01:02,386 [75e06a4b-10ed-49e3-a0f4-39d0cf919ed9@group-338C40DB937D:LeaderElection14] INFO  impl.RaftServerImpl (RaftServerImpl.java:setRole(174)) - 75e06a4b-10ed-49e3-a0f4-39d0cf919ed9@group-338C40DB937D: changes role from CANDIDATE to LEADER at term 1 for changeToLeader
2019-09-24 19:01:02,386 [75e06a4b-10ed-49e3-a0f4-39d0cf919ed9@group-338C40DB937D:LeaderElection14] INFO  impl.RaftServerImpl (ServerState.java:setLeader(253)) - 75e06a4b-10ed-49e3-a0f4-39d0cf919ed9@group-338C40DB937D: change Leader from null to 75e06a4b-10ed-49e3-a0f4-39d0cf919ed9 at term 1 for becomeLeader, leader elected after 1194ms
2019-09-24 19:01:02,386 [75e06a4b-10ed-49e3-a0f4-39d0cf919ed9@group-338C40DB937D:LeaderElection14] INFO  server.RaftServerConfigKeys (ConfUtils.java:logGet(43)) - raft.server.staging.catchup.gap = 1000 (default)
2019-09-24 19:01:02,387 [75e06a4b-10ed-49e3-a0f4-39d0cf919ed9@group-338C40DB937D:LeaderElection14] INFO  server.RaftServerConfigKeys (ConfUtils.java:logGet(43)) - raft.server.rpc.sleep.time = 25ms (default)
2019-09-24 19:01:02,387 [75e06a4b-10ed-49e3-a0f4-39d0cf919ed9@group-338C40DB937D:LeaderElection14] INFO  server.RaftServerConfigKeys (ConfUtils.java:logGet(43)) - raft.server.write.element-limit = 4096 (default)
2019-09-24 19:01:02,387 [75e06a4b-10ed-49e3-a0f4-39d0cf919ed9@group-338C40DB937D:LeaderElection14] INFO  server.RaftServerConfigKeys (ConfUtils.java:logGet(43)) - raft.server.watch.timeout = 10s (default)
2019-09-24 19:01:02,387 [75e06a4b-10ed-49e3-a0f4-39d0cf919ed9@group-338C40DB937D:LeaderElection14] INFO  server.RaftServerConfigKeys (ConfUtils.java:logGet(43)) - raft.server.watch.timeout.denomination = 1s (default)
2019-09-24 19:01:02,387 [75e06a4b-10ed-49e3-a0f4-39d0cf919ed9@group-338C40DB937D:LeaderElection14] INFO  server.RaftServerConfigKeys (ConfUtils.java:logGet(43)) - raft.server.watch.element-limit = 65536 (default)
2019-09-24 19:01:02,395 [75e06a4b-10ed-49e3-a0f4-39d0cf919ed9@group-338C40DB937D:LeaderElection14] INFO  server.RaftServerConfigKeys (ConfUtils.java:logGet(43)) - raft.server.log.appender.snapshot.chunk.size.max = 16MB (=16777216) (default)
2019-09-24 19:01:02,395 [75e06a4b-10ed-49e3-a0f4-39d0cf919ed9@group-338C40DB937D:LeaderElection14] INFO  server.RaftServerConfigKeys (ConfUtils.java:logGet(43)) - raft.server.log.appender.buffer.byte-limit = 33554432 (custom)
2019-09-24 19:01:02,396 [75e06a4b-10ed-49e3-a0f4-39d0cf919ed9@group-338C40DB937D:LeaderElection14] INFO  server.RaftServerConfigKeys (ConfUtils.java:logGet(43)) - raft.server.log.appender.buffer.element-limit = 1 (custom)
2019-09-24 19:01:02,401 [75e06a4b-10ed-49e3-a0f4-39d0cf919ed9@group-338C40DB937D:LeaderElection14] INFO  grpc.GrpcConfigKeys$Server (ConfUtils.java:logGet(43)) - raft.grpc.server.leader.outstanding.appends.max = 128 (default)
2019-09-24 19:01:02,401 [75e06a4b-10ed-49e3-a0f4-39d0cf919ed9@group-338C40DB937D:LeaderElection14] INFO  server.RaftServerConfigKeys (ConfUtils.java:logGet(43)) - raft.server.rpc.request.timeout = 3000ms (default)
2019-09-24 19:01:02,401 [75e06a4b-10ed-49e3-a0f4-39d0cf919ed9@group-338C40DB937D:LeaderElection14] INFO  server.RaftServerConfigKeys (ConfUtils.java:logGet(43)) - raft.server.log.appender.install.snapshot.enabled = false (custom)
2019-09-24 19:01:02,403 [75e06a4b-10ed-49e3-a0f4-39d0cf919ed9@group-338C40DB937D:LeaderElection14] INFO  server.RaftServerConfigKeys (ConfUtils.java:logGet(43)) - raft.server.log.appender.snapshot.chunk.size.max = 16MB (=16777216) (default)
2019-09-24 19:01:02,403 [75e06a4b-10ed-49e3-a0f4-39d0cf919ed9@group-338C40DB937D:LeaderElection14] INFO  server.RaftServerConfigKeys (ConfUtils.java:logGet(43)) - raft.server.log.appender.buffer.byte-limit = 33554432 (custom)
2019-09-24 19:01:02,403 [75e06a4b-10ed-49e3-a0f4-39d0cf919ed9@group-338C40DB937D:LeaderElection14] INFO  server.RaftServerConfigKeys (ConfUtils.java:logGet(43)) - raft.server.log.appender.buffer.element-limit = 1 (custom)
2019-09-24 19:01:02,404 [75e06a4b-10ed-49e3-a0f4-39d0cf919ed9@group-338C40DB937D:LeaderElection14] INFO  grpc.GrpcConfigKeys$Server (ConfUtils.java:logGet(43)) - raft.grpc.server.leader.outstanding.appends.max = 128 (default)
2019-09-24 19:01:02,404 [75e06a4b-10ed-49e3-a0f4-39d0cf919ed9@group-338C40DB937D:LeaderElection14] INFO  server.RaftServerConfigKeys (ConfUtils.java:logGet(43)) - raft.server.rpc.request.timeout = 3000ms (default)
2019-09-24 19:01:02,404 [75e06a4b-10ed-49e3-a0f4-39d0cf919ed9@group-338C40DB937D:LeaderElection14] INFO  server.RaftServerConfigKeys (ConfUtils.java:logGet(43)) - raft.server.log.appender.install.snapshot.enabled = false (custom)
2019-09-24 19:01:02,406 [75e06a4b-10ed-49e3-a0f4-39d0cf919ed9@group-338C40DB937D:LeaderElection14] INFO  impl.RoleInfo (RoleInfo.java:updateAndGet(143)) - 75e06a4b-10ed-49e3-a0f4-39d0cf919ed9: start LeaderState
2019-09-24 19:01:02,406 [75e06a4b-10ed-49e3-a0f4-39d0cf919ed9@group-338C40DB937D:LeaderElection14] INFO  segmented.SegmentedRaftLogWorker (SegmentedRaftLogWorker.java:startLogSegment(380)) - 75e06a4b-10ed-49e3-a0f4-39d0cf919ed9@group-338C40DB937D-SegmentedRaftLogWorker: Starting segment from index:0
2019-09-24 19:01:02,407 [75e06a4b-10ed-49e3-a0f4-39d0cf919ed9@group-338C40DB937D:LeaderElection14] INFO  impl.RaftServerImpl (ServerState.java:setRaftConf(354)) - 75e06a4b-10ed-49e3-a0f4-39d0cf919ed9@group-338C40DB937D: set configuration 0: [01d7623e-fce0-4300-8f15-4bc2097938ef:192.168.5.148:45158, c0a619e5-2907-4353-abbd-f6fb1099a46d:192.168.5.148:37575, 75e06a4b-10ed-49e3-a0f4-39d0cf919ed9:192.168.5.148:37717], old=null at 0
2019-09-24 19:01:02,416 [Thread-351] INFO  impl.FollowerState (FollowerState.java:run(106)) - d6fdad48-5745-4acd-8132-622988eb1603:group-2B1DF545E51A changes to CANDIDATE, lastRpcTime:1088, electionTimeout:1088ms
2019-09-24 19:01:02,444 [Thread-351] INFO  impl.RoleInfo (RoleInfo.java:shutdownFollowerState(121)) - d6fdad48-5745-4acd-8132-622988eb1603: shutdown FollowerState
2019-09-24 19:01:02,444 [Thread-351] INFO  impl.RaftServerImpl (RaftServerImpl.java:setRole(174)) - d6fdad48-5745-4acd-8132-622988eb1603@group-2B1DF545E51A: changes role from  FOLLOWER to CANDIDATE at term 0 for changeToCandidate
2019-09-24 19:01:02,444 [Thread-351] INFO  impl.RoleInfo (RoleInfo.java:updateAndGet(143)) - d6fdad48-5745-4acd-8132-622988eb1603: start LeaderElection
2019-09-24 19:01:02,458 [a05b4b97-0b18-4776-a1dd-8f128fadc53a@group-2B1DF545E51A:LeaderElection15] INFO  impl.LeaderElection (LeaderElection.java:askForVotes(182)) - a05b4b97-0b18-4776-a1dd-8f128fadc53a@group-2B1DF545E51A:LeaderElection15: begin an election at term 1 for -1: [d6fdad48-5745-4acd-8132-622988eb1603:192.168.5.148:33283, a05b4b97-0b18-4776-a1dd-8f128fadc53a:192.168.5.148:35009, 29620711-3f46-457a-8151-219e63eed2d2:192.168.5.148:46161], old=null
2019-09-24 19:01:02,472 [grpc-default-executor-2] INFO  impl.RaftServerImpl (ServerState.java:setLeader(253)) - 01d7623e-fce0-4300-8f15-4bc2097938ef@group-338C40DB937D: change Leader from null to 75e06a4b-10ed-49e3-a0f4-39d0cf919ed9 at term 1 for appendEntries, leader elected after 1280ms
2019-09-24 19:01:02,472 [grpc-default-executor-6] INFO  impl.RaftServerImpl (ServerState.java:setLeader(253)) - c0a619e5-2907-4353-abbd-f6fb1099a46d@group-338C40DB937D: change Leader from null to 75e06a4b-10ed-49e3-a0f4-39d0cf919ed9 at term 1 for appendEntries, leader elected after 1280ms
2019-09-24 19:01:02,480 [75e06a4b-10ed-49e3-a0f4-39d0cf919ed9@group-338C40DB937D-SegmentedRaftLogWorker] INFO  segmented.SegmentedRaftLogWorker (SegmentedRaftLogWorker.java:execute(569)) - 75e06a4b-10ed-49e3-a0f4-39d0cf919ed9@group-338C40DB937D-SegmentedRaftLogWorker: created new log segment /workdir/hadoop-ozone/integration-test/target/test-dir/MiniOzoneClusterImpl-347bc0d8-8dc7-46c0-bd0b-f626cebf696e/datanode-9/data/ratis/09cc86b9-b7fc-4c9b-ba7f-338c40db937d/current/log_inprogress_0
2019-09-24 19:01:02,480 [d6fdad48-5745-4acd-8132-622988eb1603@group-2B1DF545E51A:LeaderElection16] INFO  impl.LeaderElection (LeaderElection.java:askForVotes(182)) - d6fdad48-5745-4acd-8132-622988eb1603@group-2B1DF545E51A:LeaderElection16: begin an election at term 1 for -1: [d6fdad48-5745-4acd-8132-622988eb1603:192.168.5.148:33283, a05b4b97-0b18-4776-a1dd-8f128fadc53a:192.168.5.148:35009, 29620711-3f46-457a-8151-219e63eed2d2:192.168.5.148:46161], old=null
2019-09-24 19:01:02,502 [grpc-default-executor-3] INFO  impl.RaftServerImpl (RaftServerImpl.java:setRole(174)) - 29620711-3f46-457a-8151-219e63eed2d2@group-2B1DF545E51A: changes role from  FOLLOWER to FOLLOWER at term 1 for recognizeCandidate:a05b4b97-0b18-4776-a1dd-8f128fadc53a
2019-09-24 19:01:02,502 [grpc-default-executor-3] INFO  impl.RoleInfo (RoleInfo.java:shutdownFollowerState(121)) - 29620711-3f46-457a-8151-219e63eed2d2: shutdown FollowerState
2019-09-24 19:01:02,502 [grpc-default-executor-3] INFO  impl.RoleInfo (RoleInfo.java:updateAndGet(143)) - 29620711-3f46-457a-8151-219e63eed2d2: start FollowerState
2019-09-24 19:01:02,502 [Thread-350] INFO  impl.FollowerState (FollowerState.java:run(115)) - 29620711-3f46-457a-8151-219e63eed2d2: FollowerState was interrupted: java.lang.InterruptedException: sleep interrupted
2019-09-24 19:01:02,544 [a05b4b97-0b18-4776-a1dd-8f128fadc53a@group-2B1DF545E51A:LeaderElection15] INFO  impl.LeaderElection (LeaderElection.java:logAndReturn(56)) - a05b4b97-0b18-4776-a1dd-8f128fadc53a@group-2B1DF545E51A:LeaderElection15: Election PASSED; received 2 response(s) [a05b4b97-0b18-4776-a1dd-8f128fadc53a<-d6fdad48-5745-4acd-8132-622988eb1603#0:FAIL-t1, a05b4b97-0b18-4776-a1dd-8f128fadc53a<-29620711-3f46-457a-8151-219e63eed2d2#0:OK-t1] and 0 exception(s); a05b4b97-0b18-4776-a1dd-8f128fadc53a@group-2B1DF545E51A:t1, leader=null, voted=a05b4b97-0b18-4776-a1dd-8f128fadc53a, raftlog=a05b4b97-0b18-4776-a1dd-8f128fadc53a@group-2B1DF545E51A-SegmentedRaftLog:OPENED:c-1,f-1,i0, conf=-1: [d6fdad48-5745-4acd-8132-622988eb1603:192.168.5.148:33283, a05b4b97-0b18-4776-a1dd-8f128fadc53a:192.168.5.148:35009, 29620711-3f46-457a-8151-219e63eed2d2:192.168.5.148:46161], old=null
2019-09-24 19:01:02,544 [d6fdad48-5745-4acd-8132-622988eb1603@group-2B1DF545E51A:LeaderElection16] INFO  impl.LeaderElection (LeaderElection.java:logAndReturn(56)) - d6fdad48-5745-4acd-8132-622988eb1603@group-2B1DF545E51A:LeaderElection16: Election REJECTED; received 2 response(s) [d6fdad48-5745-4acd-8132-622988eb1603<-a05b4b97-0b18-4776-a1dd-8f128fadc53a#0:FAIL-t1, d6fdad48-5745-4acd-8132-622988eb1603<-29620711-3f46-457a-8151-219e63eed2d2#0:FAIL-t1] and 0 exception(s); d6fdad48-5745-4acd-8132-622988eb1603@group-2B1DF545E51A:t1, leader=null, voted=d6fdad48-5745-4acd-8132-622988eb1603, raftlog=d6fdad48-5745-4acd-8132-622988eb1603@group-2B1DF545E51A-SegmentedRaftLog:OPENED:c-1,f-1,i0, conf=-1: [d6fdad48-5745-4acd-8132-622988eb1603:192.168.5.148:33283, a05b4b97-0b18-4776-a1dd-8f128fadc53a:192.168.5.148:35009, 29620711-3f46-457a-8151-219e63eed2d2:192.168.5.148:46161], old=null
2019-09-24 19:01:02,544 [a05b4b97-0b18-4776-a1dd-8f128fadc53a@group-2B1DF545E51A:LeaderElection15] INFO  impl.RoleInfo (RoleInfo.java:shutdownLeaderElection(134)) - a05b4b97-0b18-4776-a1dd-8f128fadc53a: shutdown LeaderElection
2019-09-24 19:01:02,550 [d6fdad48-5745-4acd-8132-622988eb1603@group-2B1DF545E51A:LeaderElection16] INFO  impl.RaftServerImpl (RaftServerImpl.java:setRole(174)) - d6fdad48-5745-4acd-8132-622988eb1603@group-2B1DF545E51A: changes role from CANDIDATE to FOLLOWER at term 1 for DISCOVERED_A_NEW_TERM
2019-09-24 19:01:02,556 [a05b4b97-0b18-4776-a1dd-8f128fadc53a@group-2B1DF545E51A:LeaderElection15] INFO  impl.RaftServerImpl (RaftServerImpl.java:setRole(174)) - a05b4b97-0b18-4776-a1dd-8f128fadc53a@group-2B1DF545E51A: changes role from CANDIDATE to LEADER at term 1 for changeToLeader
2019-09-24 19:01:02,556 [d6fdad48-5745-4acd-8132-622988eb1603@group-2B1DF545E51A:LeaderElection16] INFO  impl.RoleInfo (RoleInfo.java:shutdownLeaderElection(134)) - d6fdad48-5745-4acd-8132-622988eb1603: shutdown LeaderElection
2019-09-24 19:01:02,556 [a05b4b97-0b18-4776-a1dd-8f128fadc53a@group-2B1DF545E51A:LeaderElection15] INFO  impl.RaftServerImpl (ServerState.java:setLeader(253)) - a05b4b97-0b18-4776-a1dd-8f128fadc53a@group-2B1DF545E51A: change Leader from null to a05b4b97-0b18-4776-a1dd-8f128fadc53a at term 1 for becomeLeader, leader elected after 1248ms
2019-09-24 19:01:02,556 [d6fdad48-5745-4acd-8132-622988eb1603@group-2B1DF545E51A:LeaderElection16] INFO  impl.RoleInfo (RoleInfo.java:updateAndGet(143)) - d6fdad48-5745-4acd-8132-622988eb1603: start FollowerState
2019-09-24 19:01:02,557 [a05b4b97-0b18-4776-a1dd-8f128fadc53a@group-2B1DF545E51A:LeaderElection15] INFO  server.RaftServerConfigKeys (ConfUtils.java:logGet(43)) - raft.server.staging.catchup.gap = 1000 (default)
2019-09-24 19:01:02,559 [a05b4b97-0b18-4776-a1dd-8f128fadc53a@group-2B1DF545E51A:LeaderElection15] INFO  server.RaftServerConfigKeys (ConfUtils.java:logGet(43)) - raft.server.rpc.sleep.time = 25ms (default)
2019-09-24 19:01:02,560 [a05b4b97-0b18-4776-a1dd-8f128fadc53a@group-2B1DF545E51A:LeaderElection15] INFO  server.RaftServerConfigKeys (ConfUtils.java:logGet(43)) - raft.server.write.element-limit = 4096 (default)
2019-09-24 19:01:02,560 [a05b4b97-0b18-4776-a1dd-8f128fadc53a@group-2B1DF545E51A:LeaderElection15] INFO  server.RaftServerConfigKeys (ConfUtils.java:logGet(43)) - raft.server.watch.timeout = 10s (default)
2019-09-24 19:01:02,560 [a05b4b97-0b18-4776-a1dd-8f128fadc53a@group-2B1DF545E51A:LeaderElection15] INFO  server.RaftServerConfigKeys (ConfUtils.java:logGet(43)) - raft.server.watch.timeout.denomination = 1s (default)
2019-09-24 19:01:02,560 [a05b4b97-0b18-4776-a1dd-8f128fadc53a@group-2B1DF545E51A:LeaderElection15] INFO  server.RaftServerConfigKeys (ConfUtils.java:logGet(43)) - raft.server.watch.element-limit = 65536 (default)
2019-09-24 19:01:02,564 [grpc-default-executor-3] INFO  impl.RaftServerImpl (ServerState.java:setRaftConf(354)) - 01d7623e-fce0-4300-8f15-4bc2097938ef@group-338C40DB937D: set configuration 0: [01d7623e-fce0-4300-8f15-4bc2097938ef:192.168.5.148:45158, c0a619e5-2907-4353-abbd-f6fb1099a46d:192.168.5.148:37575, 75e06a4b-10ed-49e3-a0f4-39d0cf919ed9:192.168.5.148:37717], old=null at 0
2019-09-24 19:01:02,564 [grpc-default-executor-7] INFO  impl.RaftServerImpl (ServerState.java:setRaftConf(354)) - c0a619e5-2907-4353-abbd-f6fb1099a46d@group-338C40DB937D: set configuration 0: [01d7623e-fce0-4300-8f15-4bc2097938ef:192.168.5.148:45158, c0a619e5-2907-4353-abbd-f6fb1099a46d:192.168.5.148:37575, 75e06a4b-10ed-49e3-a0f4-39d0cf919ed9:192.168.5.148:37717], old=null at 0
2019-09-24 19:01:02,564 [grpc-default-executor-3] INFO  segmented.SegmentedRaftLogWorker (SegmentedRaftLogWorker.java:startLogSegment(380)) - 01d7623e-fce0-4300-8f15-4bc2097938ef@group-338C40DB937D-SegmentedRaftLogWorker: Starting segment from index:0
2019-09-24 19:01:02,564 [grpc-default-executor-7] INFO  segmented.SegmentedRaftLogWorker (SegmentedRaftLogWorker.java:startLogSegment(380)) - c0a619e5-2907-4353-abbd-f6fb1099a46d@group-338C40DB937D-SegmentedRaftLogWorker: Starting segment from index:0
2019-09-24 19:01:02,564 [a05b4b97-0b18-4776-a1dd-8f128fadc53a@group-2B1DF545E51A:LeaderElection15] INFO  server.RaftServerConfigKeys (ConfUtils.java:logGet(43)) - raft.server.log.appender.snapshot.chunk.size.max = 16MB (=16777216) (default)
2019-09-24 19:01:02,565 [a05b4b97-0b18-4776-a1dd-8f128fadc53a@group-2B1DF545E51A:LeaderElection15] INFO  server.RaftServerConfigKeys (ConfUtils.java:logGet(43)) - raft.server.log.appender.buffer.byte-limit = 33554432 (custom)
2019-09-24 19:01:02,565 [a05b4b97-0b18-4776-a1dd-8f128fadc53a@group-2B1DF545E51A:LeaderElection15] INFO  server.RaftServerConfigKeys (ConfUtils.java:logGet(43)) - raft.server.log.appender.buffer.element-limit = 1 (custom)
2019-09-24 19:01:02,566 [a05b4b97-0b18-4776-a1dd-8f128fadc53a@group-2B1DF545E51A:LeaderElection15] INFO  grpc.GrpcConfigKeys$Server (ConfUtils.java:logGet(43)) - raft.grpc.server.leader.outstanding.appends.max = 128 (default)
2019-09-24 19:01:02,604 [a05b4b97-0b18-4776-a1dd-8f128fadc53a@group-2B1DF545E51A:LeaderElection15] INFO  server.RaftServerConfigKeys (ConfUtils.java:logGet(43)) - raft.server.rpc.request.timeout = 3000ms (default)
2019-09-24 19:01:02,604 [a05b4b97-0b18-4776-a1dd-8f128fadc53a@group-2B1DF545E51A:LeaderElection15] INFO  server.RaftServerConfigKeys (ConfUtils.java:logGet(43)) - raft.server.log.appender.install.snapshot.enabled = false (custom)
2019-09-24 19:01:02,605 [a05b4b97-0b18-4776-a1dd-8f128fadc53a@group-2B1DF545E51A:LeaderElection15] INFO  server.RaftServerConfigKeys (ConfUtils.java:logGet(43)) - raft.server.log.appender.snapshot.chunk.size.max = 16MB (=16777216) (default)
2019-09-24 19:01:02,605 [a05b4b97-0b18-4776-a1dd-8f128fadc53a@group-2B1DF545E51A:LeaderElection15] INFO  server.RaftServerConfigKeys (ConfUtils.java:logGet(43)) - raft.server.log.appender.buffer.byte-limit = 33554432 (custom)
2019-09-24 19:01:02,605 [a05b4b97-0b18-4776-a1dd-8f128fadc53a@group-2B1DF545E51A:LeaderElection15] INFO  server.RaftServerConfigKeys (ConfUtils.java:logGet(43)) - raft.server.log.appender.buffer.element-limit = 1 (custom)
2019-09-24 19:01:02,606 [a05b4b97-0b18-4776-a1dd-8f128fadc53a@group-2B1DF545E51A:LeaderElection15] INFO  grpc.GrpcConfigKeys$Server (ConfUtils.java:logGet(43)) - raft.grpc.server.leader.outstanding.appends.max = 128 (default)
2019-09-24 19:01:02,606 [a05b4b97-0b18-4776-a1dd-8f128fadc53a@group-2B1DF545E51A:LeaderElection15] INFO  server.RaftServerConfigKeys (ConfUtils.java:logGet(43)) - raft.server.rpc.request.timeout = 3000ms (default)
2019-09-24 19:01:02,606 [a05b4b97-0b18-4776-a1dd-8f128fadc53a@group-2B1DF545E51A:LeaderElection15] INFO  server.RaftServerConfigKeys (ConfUtils.java:logGet(43)) - raft.server.log.appender.install.snapshot.enabled = false (custom)
2019-09-24 19:01:02,607 [a05b4b97-0b18-4776-a1dd-8f128fadc53a@group-2B1DF545E51A:LeaderElection15] INFO  impl.RoleInfo (RoleInfo.java:updateAndGet(143)) - a05b4b97-0b18-4776-a1dd-8f128fadc53a: start LeaderState
2019-09-24 19:01:02,607 [a05b4b97-0b18-4776-a1dd-8f128fadc53a@group-2B1DF545E51A:LeaderElection15] INFO  segmented.SegmentedRaftLogWorker (SegmentedRaftLogWorker.java:startLogSegment(380)) - a05b4b97-0b18-4776-a1dd-8f128fadc53a@group-2B1DF545E51A-SegmentedRaftLogWorker: Starting segment from index:0
2019-09-24 19:01:02,608 [a05b4b97-0b18-4776-a1dd-8f128fadc53a@group-2B1DF545E51A:LeaderElection15] INFO  impl.RaftServerImpl (ServerState.java:setRaftConf(354)) - a05b4b97-0b18-4776-a1dd-8f128fadc53a@group-2B1DF545E51A: set configuration 0: [d6fdad48-5745-4acd-8132-622988eb1603:192.168.5.148:33283, a05b4b97-0b18-4776-a1dd-8f128fadc53a:192.168.5.148:35009, 29620711-3f46-457a-8151-219e63eed2d2:192.168.5.148:46161], old=null at 0
2019-09-24 19:01:02,614 [grpc-default-executor-3] INFO  impl.RaftServerImpl (ServerState.java:setLeader(253)) - d6fdad48-5745-4acd-8132-622988eb1603@group-2B1DF545E51A: change Leader from null to a05b4b97-0b18-4776-a1dd-8f128fadc53a at term 1 for appendEntries, leader elected after 1305ms
2019-09-24 19:01:02,614 [grpc-default-executor-7] INFO  impl.RaftServerImpl (ServerState.java:setLeader(253)) - 29620711-3f46-457a-8151-219e63eed2d2@group-2B1DF545E51A: change Leader from null to a05b4b97-0b18-4776-a1dd-8f128fadc53a at term 1 for appendEntries, leader elected after 1305ms
2019-09-24 19:01:02,616 [01d7623e-fce0-4300-8f15-4bc2097938ef@group-338C40DB937D-SegmentedRaftLogWorker] INFO  segmented.SegmentedRaftLogWorker (SegmentedRaftLogWorker.java:execute(569)) - 01d7623e-fce0-4300-8f15-4bc2097938ef@group-338C40DB937D-SegmentedRaftLogWorker: created new log segment /workdir/hadoop-ozone/integration-test/target/test-dir/MiniOzoneClusterImpl-347bc0d8-8dc7-46c0-bd0b-f626cebf696e/datanode-4/data/ratis/09cc86b9-b7fc-4c9b-ba7f-338c40db937d/current/log_inprogress_0
2019-09-24 19:01:02,616 [c0a619e5-2907-4353-abbd-f6fb1099a46d@group-338C40DB937D-SegmentedRaftLogWorker] INFO  segmented.SegmentedRaftLogWorker (SegmentedRaftLogWorker.java:execute(569)) - c0a619e5-2907-4353-abbd-f6fb1099a46d@group-338C40DB937D-SegmentedRaftLogWorker: created new log segment /workdir/hadoop-ozone/integration-test/target/test-dir/MiniOzoneClusterImpl-347bc0d8-8dc7-46c0-bd0b-f626cebf696e/datanode-6/data/ratis/09cc86b9-b7fc-4c9b-ba7f-338c40db937d/current/log_inprogress_0
2019-09-24 19:01:02,617 [grpc-default-executor-7] INFO  impl.RaftServerImpl (ServerState.java:setRaftConf(354)) - 29620711-3f46-457a-8151-219e63eed2d2@group-2B1DF545E51A: set configuration 0: [d6fdad48-5745-4acd-8132-622988eb1603:192.168.5.148:33283, a05b4b97-0b18-4776-a1dd-8f128fadc53a:192.168.5.148:35009, 29620711-3f46-457a-8151-219e63eed2d2:192.168.5.148:46161], old=null at 0
2019-09-24 19:01:02,618 [grpc-default-executor-7] INFO  segmented.SegmentedRaftLogWorker (SegmentedRaftLogWorker.java:startLogSegment(380)) - 29620711-3f46-457a-8151-219e63eed2d2@group-2B1DF545E51A-SegmentedRaftLogWorker: Starting segment from index:0
2019-09-24 19:01:02,618 [grpc-default-executor-3] INFO  impl.RaftServerImpl (ServerState.java:setRaftConf(354)) - d6fdad48-5745-4acd-8132-622988eb1603@group-2B1DF545E51A: set configuration 0: [d6fdad48-5745-4acd-8132-622988eb1603:192.168.5.148:33283, a05b4b97-0b18-4776-a1dd-8f128fadc53a:192.168.5.148:35009, 29620711-3f46-457a-8151-219e63eed2d2:192.168.5.148:46161], old=null at 0
2019-09-24 19:01:02,622 [grpc-default-executor-3] INFO  segmented.SegmentedRaftLogWorker (SegmentedRaftLogWorker.java:startLogSegment(380)) - d6fdad48-5745-4acd-8132-622988eb1603@group-2B1DF545E51A-SegmentedRaftLogWorker: Starting segment from index:0
2019-09-24 19:01:02,669 [29620711-3f46-457a-8151-219e63eed2d2@group-2B1DF545E51A-SegmentedRaftLogWorker] INFO  segmented.SegmentedRaftLogWorker (SegmentedRaftLogWorker.java:execute(569)) - 29620711-3f46-457a-8151-219e63eed2d2@group-2B1DF545E51A-SegmentedRaftLogWorker: created new log segment /workdir/hadoop-ozone/integration-test/target/test-dir/MiniOzoneClusterImpl-347bc0d8-8dc7-46c0-bd0b-f626cebf696e/datanode-7/data/ratis/14de40bd-5f85-419a-a46b-2b1df545e51a/current/log_inprogress_0
2019-09-24 19:01:02,669 [d6fdad48-5745-4acd-8132-622988eb1603@group-2B1DF545E51A-SegmentedRaftLogWorker] INFO  segmented.SegmentedRaftLogWorker (SegmentedRaftLogWorker.java:execute(569)) - d6fdad48-5745-4acd-8132-622988eb1603@group-2B1DF545E51A-SegmentedRaftLogWorker: created new log segment /workdir/hadoop-ozone/integration-test/target/test-dir/MiniOzoneClusterImpl-347bc0d8-8dc7-46c0-bd0b-f626cebf696e/datanode-3/data/ratis/14de40bd-5f85-419a-a46b-2b1df545e51a/current/log_inprogress_0
2019-09-24 19:01:02,669 [a05b4b97-0b18-4776-a1dd-8f128fadc53a@group-2B1DF545E51A-SegmentedRaftLogWorker] INFO  segmented.SegmentedRaftLogWorker (SegmentedRaftLogWorker.java:execute(569)) - a05b4b97-0b18-4776-a1dd-8f128fadc53a@group-2B1DF545E51A-SegmentedRaftLogWorker: created new log segment /workdir/hadoop-ozone/integration-test/target/test-dir/MiniOzoneClusterImpl-347bc0d8-8dc7-46c0-bd0b-f626cebf696e/datanode-2/data/ratis/14de40bd-5f85-419a-a46b-2b1df545e51a/current/log_inprogress_0
2019-09-24 19:01:03,398 [Thread-385] INFO  impl.FollowerState (FollowerState.java:run(106)) - 91e07af8-8ce2-4ac6-9c90-851894b34103:group-91D416462A89 changes to CANDIDATE, lastRpcTime:1043, electionTimeout:1026ms
2019-09-24 19:01:03,399 [Thread-385] INFO  impl.RoleInfo (RoleInfo.java:shutdownFollowerState(121)) - 91e07af8-8ce2-4ac6-9c90-851894b34103: shutdown FollowerState
2019-09-24 19:01:03,399 [Thread-385] INFO  impl.RaftServerImpl (RaftServerImpl.java:setRole(174)) - 91e07af8-8ce2-4ac6-9c90-851894b34103@group-91D416462A89: changes role from  FOLLOWER to CANDIDATE at term 1 for changeToCandidate
2019-09-24 19:01:03,399 [Thread-385] INFO  impl.RoleInfo (RoleInfo.java:updateAndGet(143)) - 91e07af8-8ce2-4ac6-9c90-851894b34103: start LeaderElection
2019-09-24 19:01:03,438 [91e07af8-8ce2-4ac6-9c90-851894b34103@group-91D416462A89:LeaderElection17] INFO  impl.LeaderElection (LeaderElection.java:askForVotes(182)) - 91e07af8-8ce2-4ac6-9c90-851894b34103@group-91D416462A89:LeaderElection17: begin an election at term 2 for -1: [f9d00a00-bc78-4492-92ba-83defd396746:192.168.5.148:39515, 91e07af8-8ce2-4ac6-9c90-851894b34103:192.168.5.148:45771, dd51241e-7f30-423c-8baf-8925f04f92e5:192.168.5.148:35152], old=null
2019-09-24 19:01:03,449 [grpc-default-executor-3] INFO  impl.RaftServerImpl (RaftServerImpl.java:setRole(174)) - f9d00a00-bc78-4492-92ba-83defd396746@group-91D416462A89: changes role from  FOLLOWER to FOLLOWER at term 2 for recognizeCandidate:91e07af8-8ce2-4ac6-9c90-851894b34103
2019-09-24 19:01:03,449 [grpc-default-executor-3] INFO  impl.RoleInfo (RoleInfo.java:shutdownFollowerState(121)) - f9d00a00-bc78-4492-92ba-83defd396746: shutdown FollowerState
2019-09-24 19:01:03,452 [grpc-default-executor-3] INFO  impl.RoleInfo (RoleInfo.java:updateAndGet(143)) - f9d00a00-bc78-4492-92ba-83defd396746: start FollowerState
2019-09-24 19:01:03,452 [Thread-383] INFO  impl.FollowerState (FollowerState.java:run(115)) - f9d00a00-bc78-4492-92ba-83defd396746: FollowerState was interrupted: java.lang.InterruptedException: sleep interrupted
2019-09-24 19:01:03,452 [grpc-default-executor-6] INFO  impl.RaftServerImpl (RaftServerImpl.java:setRole(174)) - dd51241e-7f30-423c-8baf-8925f04f92e5@group-91D416462A89: changes role from  FOLLOWER to FOLLOWER at term 2 for recognizeCandidate:91e07af8-8ce2-4ac6-9c90-851894b34103
2019-09-24 19:01:03,453 [grpc-default-executor-6] INFO  impl.RoleInfo (RoleInfo.java:shutdownFollowerState(121)) - dd51241e-7f30-423c-8baf-8925f04f92e5: shutdown FollowerState
2019-09-24 19:01:03,453 [grpc-default-executor-6] INFO  impl.RoleInfo (RoleInfo.java:updateAndGet(143)) - dd51241e-7f30-423c-8baf-8925f04f92e5: start FollowerState
2019-09-24 19:01:03,453 [Thread-384] INFO  impl.FollowerState (FollowerState.java:run(115)) - dd51241e-7f30-423c-8baf-8925f04f92e5: FollowerState was interrupted: java.lang.InterruptedException: sleep interrupted
2019-09-24 19:01:03,471 [91e07af8-8ce2-4ac6-9c90-851894b34103@group-91D416462A89:LeaderElection17] INFO  impl.LeaderElection (LeaderElection.java:logAndReturn(56)) - 91e07af8-8ce2-4ac6-9c90-851894b34103@group-91D416462A89:LeaderElection17: Election PASSED; received 1 response(s) [91e07af8-8ce2-4ac6-9c90-851894b34103<-f9d00a00-bc78-4492-92ba-83defd396746#0:OK-t2] and 0 exception(s); 91e07af8-8ce2-4ac6-9c90-851894b34103@group-91D416462A89:t2, leader=null, voted=91e07af8-8ce2-4ac6-9c90-851894b34103, raftlog=91e07af8-8ce2-4ac6-9c90-851894b34103@group-91D416462A89-SegmentedRaftLog:OPENED:c-1,f-1,i0, conf=-1: [f9d00a00-bc78-4492-92ba-83defd396746:192.168.5.148:39515, 91e07af8-8ce2-4ac6-9c90-851894b34103:192.168.5.148:45771, dd51241e-7f30-423c-8baf-8925f04f92e5:192.168.5.148:35152], old=null
2019-09-24 19:01:03,471 [91e07af8-8ce2-4ac6-9c90-851894b34103@group-91D416462A89:LeaderElection17] INFO  impl.RoleInfo (RoleInfo.java:shutdownLeaderElection(134)) - 91e07af8-8ce2-4ac6-9c90-851894b34103: shutdown LeaderElection
2019-09-24 19:01:03,474 [91e07af8-8ce2-4ac6-9c90-851894b34103@group-91D416462A89:LeaderElection17] INFO  impl.RaftServerImpl (RaftServerImpl.java:setRole(174)) - 91e07af8-8ce2-4ac6-9c90-851894b34103@group-91D416462A89: changes role from CANDIDATE to LEADER at term 2 for changeToLeader
2019-09-24 19:01:03,477 [91e07af8-8ce2-4ac6-9c90-851894b34103@group-91D416462A89:LeaderElection17] INFO  impl.RaftServerImpl (ServerState.java:setLeader(253)) - 91e07af8-8ce2-4ac6-9c90-851894b34103@group-91D416462A89: change Leader from null to 91e07af8-8ce2-4ac6-9c90-851894b34103 at term 2 for becomeLeader, leader elected after 2418ms
2019-09-24 19:01:03,477 [91e07af8-8ce2-4ac6-9c90-851894b34103@group-91D416462A89:LeaderElection17] INFO  server.RaftServerConfigKeys (ConfUtils.java:logGet(43)) - raft.server.staging.catchup.gap = 1000 (default)
2019-09-24 19:01:03,477 [91e07af8-8ce2-4ac6-9c90-851894b34103@group-91D416462A89:LeaderElection17] INFO  server.RaftServerConfigKeys (ConfUtils.java:logGet(43)) - raft.server.rpc.sleep.time = 25ms (default)
2019-09-24 19:01:03,477 [91e07af8-8ce2-4ac6-9c90-851894b34103@group-91D416462A89:LeaderElection17] INFO  server.RaftServerConfigKeys (ConfUtils.java:logGet(43)) - raft.server.write.element-limit = 4096 (default)
2019-09-24 19:01:03,478 [91e07af8-8ce2-4ac6-9c90-851894b34103@group-91D416462A89:LeaderElection17] INFO  server.RaftServerConfigKeys (ConfUtils.java:logGet(43)) - raft.server.watch.timeout = 10s (default)
2019-09-24 19:01:03,478 [91e07af8-8ce2-4ac6-9c90-851894b34103@group-91D416462A89:LeaderElection17] INFO  server.RaftServerConfigKeys (ConfUtils.java:logGet(43)) - raft.server.watch.timeout.denomination = 1s (default)
2019-09-24 19:01:03,478 [91e07af8-8ce2-4ac6-9c90-851894b34103@group-91D416462A89:LeaderElection17] INFO  server.RaftServerConfigKeys (ConfUtils.java:logGet(43)) - raft.server.watch.element-limit = 65536 (default)
2019-09-24 19:01:03,481 [91e07af8-8ce2-4ac6-9c90-851894b34103@group-91D416462A89:LeaderElection17] INFO  server.RaftServerConfigKeys (ConfUtils.java:logGet(43)) - raft.server.log.appender.snapshot.chunk.size.max = 16MB (=16777216) (default)
2019-09-24 19:01:03,481 [91e07af8-8ce2-4ac6-9c90-851894b34103@group-91D416462A89:LeaderElection17] INFO  server.RaftServerConfigKeys (ConfUtils.java:logGet(43)) - raft.server.log.appender.buffer.byte-limit = 33554432 (custom)
2019-09-24 19:01:03,481 [91e07af8-8ce2-4ac6-9c90-851894b34103@group-91D416462A89:LeaderElection17] INFO  server.RaftServerConfigKeys (ConfUtils.java:logGet(43)) - raft.server.log.appender.buffer.element-limit = 1 (custom)
2019-09-24 19:01:03,481 [91e07af8-8ce2-4ac6-9c90-851894b34103@group-91D416462A89:LeaderElection17] INFO  grpc.GrpcConfigKeys$Server (ConfUtils.java:logGet(43)) - raft.grpc.server.leader.outstanding.appends.max = 128 (default)
2019-09-24 19:01:03,481 [91e07af8-8ce2-4ac6-9c90-851894b34103@group-91D416462A89:LeaderElection17] INFO  server.RaftServerConfigKeys (ConfUtils.java:logGet(43)) - raft.server.rpc.request.timeout = 3000ms (default)
2019-09-24 19:01:03,482 [91e07af8-8ce2-4ac6-9c90-851894b34103@group-91D416462A89:LeaderElection17] INFO  server.RaftServerConfigKeys (ConfUtils.java:logGet(43)) - raft.server.log.appender.install.snapshot.enabled = false (custom)
2019-09-24 19:01:03,482 [91e07af8-8ce2-4ac6-9c90-851894b34103@group-91D416462A89:LeaderElection17] INFO  server.RaftServerConfigKeys (ConfUtils.java:logGet(43)) - raft.server.log.appender.snapshot.chunk.size.max = 16MB (=16777216) (default)
2019-09-24 19:01:03,482 [91e07af8-8ce2-4ac6-9c90-851894b34103@group-91D416462A89:LeaderElection17] INFO  server.RaftServerConfigKeys (ConfUtils.java:logGet(43)) - raft.server.log.appender.buffer.byte-limit = 33554432 (custom)
2019-09-24 19:01:03,482 [91e07af8-8ce2-4ac6-9c90-851894b34103@group-91D416462A89:LeaderElection17] INFO  server.RaftServerConfigKeys (ConfUtils.java:logGet(43)) - raft.server.log.appender.buffer.element-limit = 1 (custom)
2019-09-24 19:01:03,483 [91e07af8-8ce2-4ac6-9c90-851894b34103@group-91D416462A89:LeaderElection17] INFO  grpc.GrpcConfigKeys$Server (ConfUtils.java:logGet(43)) - raft.grpc.server.leader.outstanding.appends.max = 128 (default)
2019-09-24 19:01:03,483 [91e07af8-8ce2-4ac6-9c90-851894b34103@group-91D416462A89:LeaderElection17] INFO  server.RaftServerConfigKeys (ConfUtils.java:logGet(43)) - raft.server.rpc.request.timeout = 3000ms (default)
2019-09-24 19:01:03,483 [91e07af8-8ce2-4ac6-9c90-851894b34103@group-91D416462A89:LeaderElection17] INFO  server.RaftServerConfigKeys (ConfUtils.java:logGet(43)) - raft.server.log.appender.install.snapshot.enabled = false (custom)
2019-09-24 19:01:03,483 [91e07af8-8ce2-4ac6-9c90-851894b34103@group-91D416462A89:LeaderElection17] INFO  impl.RoleInfo (RoleInfo.java:updateAndGet(143)) - 91e07af8-8ce2-4ac6-9c90-851894b34103: start LeaderState
2019-09-24 19:01:03,483 [91e07af8-8ce2-4ac6-9c90-851894b34103@group-91D416462A89:LeaderElection17] INFO  segmented.SegmentedRaftLogWorker (SegmentedRaftLogWorker.java:startLogSegment(380)) - 91e07af8-8ce2-4ac6-9c90-851894b34103@group-91D416462A89-SegmentedRaftLogWorker: Starting segment from index:0
2019-09-24 19:01:03,484 [91e07af8-8ce2-4ac6-9c90-851894b34103@group-91D416462A89:LeaderElection17] INFO  impl.RaftServerImpl (ServerState.java:setRaftConf(354)) - 91e07af8-8ce2-4ac6-9c90-851894b34103@group-91D416462A89: set configuration 0: [f9d00a00-bc78-4492-92ba-83defd396746:192.168.5.148:39515, 91e07af8-8ce2-4ac6-9c90-851894b34103:192.168.5.148:45771, dd51241e-7f30-423c-8baf-8925f04f92e5:192.168.5.148:35152], old=null at 0
2019-09-24 19:01:03,525 [91e07af8-8ce2-4ac6-9c90-851894b34103@group-91D416462A89-SegmentedRaftLogWorker] INFO  segmented.SegmentedRaftLogWorker (SegmentedRaftLogWorker.java:execute(569)) - 91e07af8-8ce2-4ac6-9c90-851894b34103@group-91D416462A89-SegmentedRaftLogWorker: created new log segment /workdir/hadoop-ozone/integration-test/target/test-dir/MiniOzoneClusterImpl-347bc0d8-8dc7-46c0-bd0b-f626cebf696e/datanode-5/data/ratis/1fa6406a-2613-4140-9828-91d416462a89/current/log_inprogress_0
2019-09-24 19:01:03,531 [grpc-default-executor-3] INFO  impl.RaftServerImpl (ServerState.java:setLeader(253)) - dd51241e-7f30-423c-8baf-8925f04f92e5@group-91D416462A89: change Leader from null to 91e07af8-8ce2-4ac6-9c90-851894b34103 at term 2 for appendEntries, leader elected after 2471ms
2019-09-24 19:01:03,531 [grpc-default-executor-6] INFO  impl.RaftServerImpl (ServerState.java:setLeader(253)) - f9d00a00-bc78-4492-92ba-83defd396746@group-91D416462A89: change Leader from null to 91e07af8-8ce2-4ac6-9c90-851894b34103 at term 2 for appendEntries, leader elected after 2471ms
2019-09-24 19:01:03,535 [grpc-default-executor-6] INFO  impl.RaftServerImpl (ServerState.java:setRaftConf(354)) - dd51241e-7f30-423c-8baf-8925f04f92e5@group-91D416462A89: set configuration 0: [f9d00a00-bc78-4492-92ba-83defd396746:192.168.5.148:39515, 91e07af8-8ce2-4ac6-9c90-851894b34103:192.168.5.148:45771, dd51241e-7f30-423c-8baf-8925f04f92e5:192.168.5.148:35152], old=null at 0
2019-09-24 19:01:03,535 [grpc-default-executor-3] INFO  impl.RaftServerImpl (ServerState.java:setRaftConf(354)) - f9d00a00-bc78-4492-92ba-83defd396746@group-91D416462A89: set configuration 0: [f9d00a00-bc78-4492-92ba-83defd396746:192.168.5.148:39515, 91e07af8-8ce2-4ac6-9c90-851894b34103:192.168.5.148:45771, dd51241e-7f30-423c-8baf-8925f04f92e5:192.168.5.148:35152], old=null at 0
2019-09-24 19:01:03,535 [grpc-default-executor-6] INFO  segmented.SegmentedRaftLogWorker (SegmentedRaftLogWorker.java:startLogSegment(380)) - dd51241e-7f30-423c-8baf-8925f04f92e5@group-91D416462A89-SegmentedRaftLogWorker: Starting segment from index:0
2019-09-24 19:01:03,536 [grpc-default-executor-3] INFO  segmented.SegmentedRaftLogWorker (SegmentedRaftLogWorker.java:startLogSegment(380)) - f9d00a00-bc78-4492-92ba-83defd396746@group-91D416462A89-SegmentedRaftLogWorker: Starting segment from index:0
2019-09-24 19:01:03,604 [f9d00a00-bc78-4492-92ba-83defd396746@group-91D416462A89-SegmentedRaftLogWorker] INFO  segmented.SegmentedRaftLogWorker (SegmentedRaftLogWorker.java:execute(569)) - f9d00a00-bc78-4492-92ba-83defd396746@group-91D416462A89-SegmentedRaftLogWorker: created new log segment /workdir/hadoop-ozone/integration-test/target/test-dir/MiniOzoneClusterImpl-347bc0d8-8dc7-46c0-bd0b-f626cebf696e/datanode-0/data/ratis/1fa6406a-2613-4140-9828-91d416462a89/current/log_inprogress_0
2019-09-24 19:01:03,604 [dd51241e-7f30-423c-8baf-8925f04f92e5@group-91D416462A89-SegmentedRaftLogWorker] INFO  segmented.SegmentedRaftLogWorker (SegmentedRaftLogWorker.java:execute(569)) - dd51241e-7f30-423c-8baf-8925f04f92e5@group-91D416462A89-SegmentedRaftLogWorker: created new log segment /workdir/hadoop-ozone/integration-test/target/test-dir/MiniOzoneClusterImpl-347bc0d8-8dc7-46c0-bd0b-f626cebf696e/datanode-1/data/ratis/1fa6406a-2613-4140-9828-91d416462a89/current/log_inprogress_0
2019-09-24 19:01:04,164 [Datanode State Machine Thread - 0] INFO  statemachine.DatanodeStateMachine (DatanodeStateMachine.java:lambda$startDaemon$0(350)) - Ozone container server started.
2019-09-24 19:01:08,386 [main] INFO  ozoneimpl.OzoneContainer (OzoneContainer.java:stop(231)) - Attempting to stop container services.
2019-09-24 19:01:08,390 [main] INFO  impl.RaftServerProxy (RaftServerProxy.java:lambda$close$4(314)) - a05b4b97-0b18-4776-a1dd-8f128fadc53a: close
2019-09-24 19:01:08,393 [main] INFO  impl.RaftServerImpl (RaftServerImpl.java:lambda$shutdown$3(251)) - a05b4b97-0b18-4776-a1dd-8f128fadc53a@group-2B1DF545E51A: shutdown
2019-09-24 19:01:08,394 [main] INFO  util.JmxRegister (JmxRegister.java:unregister(73)) - Successfully un-registered JMX Bean with object name Ratis:service=RaftServer,group=group-2B1DF545E51A,id=a05b4b97-0b18-4776-a1dd-8f128fadc53a
2019-09-24 19:01:08,395 [main] INFO  impl.RoleInfo (RoleInfo.java:shutdownLeaderState(104)) - a05b4b97-0b18-4776-a1dd-8f128fadc53a: shutdown LeaderState
2019-09-24 19:01:08,403 [main] INFO  impl.PendingRequests (PendingRequests.java:sendNotLeaderResponses(202)) - a05b4b97-0b18-4776-a1dd-8f128fadc53a-PendingRequests: sendNotLeaderResponses
2019-09-24 19:01:08,403 [org.apache.ratis.server.impl.LogAppender$AppenderDaemon$$Lambda$482/945058366@bf9f7ba] WARN  server.GrpcLogAppender (GrpcLogAppender.java:mayWait(143)) - a05b4b97-0b18-4776-a1dd-8f128fadc53a@group-2B1DF545E51A->29620711-3f46-457a-8151-219e63eed2d2-GrpcLogAppender: Wait interrupted by java.lang.InterruptedException
2019-09-24 19:01:08,403 [org.apache.ratis.server.impl.LogAppender$AppenderDaemon$$Lambda$482/945058366@7a826cb6] WARN  server.GrpcLogAppender (GrpcLogAppender.java:mayWait(143)) - a05b4b97-0b18-4776-a1dd-8f128fadc53a@group-2B1DF545E51A->d6fdad48-5745-4acd-8132-622988eb1603-GrpcLogAppender: Wait interrupted by java.lang.InterruptedException
2019-09-24 19:01:08,415 [grpc-default-executor-3] INFO  server.GrpcServerProtocolService (GrpcServerProtocolService.java:onCompleted(113)) - d6fdad48-5745-4acd-8132-622988eb1603: Completed APPEND_ENTRIES, lastRequest: a05b4b97-0b18-4776-a1dd-8f128fadc53a->d6fdad48-5745-4acd-8132-622988eb1603#15-t1, previous=(t:1, i:4), leaderCommit=4, initializing? false, entries: <empty>
2019-09-24 19:01:08,415 [grpc-default-executor-6] INFO  server.GrpcServerProtocolService (GrpcServerProtocolService.java:onCompleted(113)) - 29620711-3f46-457a-8151-219e63eed2d2: Completed APPEND_ENTRIES, lastRequest: a05b4b97-0b18-4776-a1dd-8f128fadc53a->29620711-3f46-457a-8151-219e63eed2d2#15-t1, previous=(t:1, i:4), leaderCommit=4, initializing? false, entries: <empty>
2019-09-24 19:01:08,422 [grpc-default-executor-6] INFO  server.GrpcLogAppender (GrpcLogAppender.java:onCompleted(293)) - a05b4b97-0b18-4776-a1dd-8f128fadc53a@group-2B1DF545E51A->29620711-3f46-457a-8151-219e63eed2d2-AppendLogResponseHandler: follower responses appendEntries COMPLETED
2019-09-24 19:01:08,422 [grpc-default-executor-3] INFO  server.GrpcLogAppender (GrpcLogAppender.java:onCompleted(293)) - a05b4b97-0b18-4776-a1dd-8f128fadc53a@group-2B1DF545E51A->d6fdad48-5745-4acd-8132-622988eb1603-AppendLogResponseHandler: follower responses appendEntries COMPLETED
2019-09-24 19:01:08,429 [grpc-default-executor-3] INFO  impl.FollowerInfo (FollowerInfo.java:lambda$new$0(51)) - a05b4b97-0b18-4776-a1dd-8f128fadc53a@group-2B1DF545E51A->d6fdad48-5745-4acd-8132-622988eb1603: nextIndex: updateUnconditionally 5 -> 4
2019-09-24 19:01:08,429 [grpc-default-executor-6] INFO  impl.FollowerInfo (FollowerInfo.java:lambda$new$0(51)) - a05b4b97-0b18-4776-a1dd-8f128fadc53a@group-2B1DF545E51A->29620711-3f46-457a-8151-219e63eed2d2: nextIndex: updateUnconditionally 5 -> 4
2019-09-24 19:01:08,440 [main] INFO  impl.StateMachineUpdater (StateMachineUpdater.java:stopAndJoin(125)) - a05b4b97-0b18-4776-a1dd-8f128fadc53a@group-2B1DF545E51A-StateMachineUpdater: set stopIndex = 4
2019-09-24 19:01:08,440 [a05b4b97-0b18-4776-a1dd-8f128fadc53a@group-2B1DF545E51A-StateMachineUpdater] INFO  ratis.ContainerStateMachine (ContainerStateMachine.java:takeSnapshot(289)) - group-2B1DF545E51A: Taking a snapshot at:(t:1, i:4) file /workdir/hadoop-ozone/integration-test/target/test-dir/MiniOzoneClusterImpl-347bc0d8-8dc7-46c0-bd0b-f626cebf696e/datanode-2/data/ratis/14de40bd-5f85-419a-a46b-2b1df545e51a/sm/snapshot.1_4
2019-09-24 19:01:08,490 [a05b4b97-0b18-4776-a1dd-8f128fadc53a@group-2B1DF545E51A-StateMachineUpdater] INFO  ratis.ContainerStateMachine (ContainerStateMachine.java:takeSnapshot(300)) - group-2B1DF545E51A: Finished taking a snapshot at:(t:1, i:4) file:/workdir/hadoop-ozone/integration-test/target/test-dir/MiniOzoneClusterImpl-347bc0d8-8dc7-46c0-bd0b-f626cebf696e/datanode-2/data/ratis/14de40bd-5f85-419a-a46b-2b1df545e51a/sm/snapshot.1_4 time:50
2019-09-24 19:01:08,492 [a05b4b97-0b18-4776-a1dd-8f128fadc53a@group-2B1DF545E51A-StateMachineUpdater] INFO  impl.StateMachineUpdater (StateMachineUpdater.java:takeSnapshot(258)) - a05b4b97-0b18-4776-a1dd-8f128fadc53a@group-2B1DF545E51A-StateMachineUpdater: Took a snapshot at index 4
2019-09-24 19:01:08,495 [a05b4b97-0b18-4776-a1dd-8f128fadc53a@group-2B1DF545E51A-StateMachineUpdater] INFO  impl.StateMachineUpdater (StateMachineUpdater.java:lambda$new$0(83)) - a05b4b97-0b18-4776-a1dd-8f128fadc53a@group-2B1DF545E51A-StateMachineUpdater: snapshotIndex: updateIncreasingly -1 -> 4
2019-09-24 19:01:08,500 [main] INFO  impl.RaftServerImpl (ServerState.java:close(385)) - a05b4b97-0b18-4776-a1dd-8f128fadc53a@group-2B1DF545E51A: closes. applyIndex: 4
2019-09-24 19:01:08,502 [a05b4b97-0b18-4776-a1dd-8f128fadc53a@group-2B1DF545E51A-SegmentedRaftLogWorker] INFO  segmented.SegmentedRaftLogWorker (SegmentedRaftLogWorker.java:run(313)) - a05b4b97-0b18-4776-a1dd-8f128fadc53a@group-2B1DF545E51A-SegmentedRaftLogWorker was interrupted, exiting. There are 0 tasks remaining in the queue.
2019-09-24 19:01:08,506 [main] INFO  segmented.SegmentedRaftLogWorker (SegmentedRaftLogWorker.java:close(228)) - a05b4b97-0b18-4776-a1dd-8f128fadc53a@group-2B1DF545E51A-SegmentedRaftLogWorker close()
2019-09-24 19:01:08,511 [main] INFO  impl.RaftServerImpl (RaftServerImpl.java:lambda$shutdown$3(251)) - a05b4b97-0b18-4776-a1dd-8f128fadc53a@group-82CF96156FED: shutdown
2019-09-24 19:01:08,512 [main] INFO  util.JmxRegister (JmxRegister.java:unregister(73)) - Successfully un-registered JMX Bean with object name Ratis:service=RaftServer,group=group-82CF96156FED,id=a05b4b97-0b18-4776-a1dd-8f128fadc53a
2019-09-24 19:01:08,512 [main] INFO  impl.RoleInfo (RoleInfo.java:shutdownLeaderState(104)) - a05b4b97-0b18-4776-a1dd-8f128fadc53a: shutdown LeaderState
2019-09-24 19:01:08,512 [main] INFO  impl.PendingRequests (PendingRequests.java:sendNotLeaderResponses(202)) - a05b4b97-0b18-4776-a1dd-8f128fadc53a-PendingRequests: sendNotLeaderResponses
2019-09-24 19:01:08,513 [main] INFO  impl.StateMachineUpdater (StateMachineUpdater.java:stopAndJoin(125)) - a05b4b97-0b18-4776-a1dd-8f128fadc53a@group-82CF96156FED-StateMachineUpdater: set stopIndex = 0
2019-09-24 19:01:08,513 [main] INFO  impl.RaftServerImpl (ServerState.java:close(385)) - a05b4b97-0b18-4776-a1dd-8f128fadc53a@group-82CF96156FED: closes. applyIndex: 0
2019-09-24 19:01:08,514 [a05b4b97-0b18-4776-a1dd-8f128fadc53a@group-82CF96156FED-SegmentedRaftLogWorker] INFO  segmented.SegmentedRaftLogWorker (SegmentedRaftLogWorker.java:run(313)) - a05b4b97-0b18-4776-a1dd-8f128fadc53a@group-82CF96156FED-SegmentedRaftLogWorker was interrupted, exiting. There are 0 tasks remaining in the queue.
2019-09-24 19:01:08,516 [main] INFO  segmented.SegmentedRaftLogWorker (SegmentedRaftLogWorker.java:close(228)) - a05b4b97-0b18-4776-a1dd-8f128fadc53a@group-82CF96156FED-SegmentedRaftLogWorker close()
2019-09-24 19:01:08,522 [main] INFO  server.GrpcService (GrpcService.java:closeImpl(164)) - a05b4b97-0b18-4776-a1dd-8f128fadc53a: shutdown server with port 35009 now
2019-09-24 19:01:08,525 [main] INFO  server.GrpcService (GrpcService.java:closeImpl(172)) - a05b4b97-0b18-4776-a1dd-8f128fadc53a: shutdown server with port 35009 successfully
2019-09-24 19:01:08,528 [refreshUsed-/workdir/hadoop-ozone/integration-test/target/test-dir/MiniOzoneClusterImpl-347bc0d8-8dc7-46c0-bd0b-f626cebf696e/datanode-2/data/containers] WARN  fs.CachingGetSpaceUsed (CachingGetSpaceUsed.java:run(183)) - Thread Interrupted waiting to refresh disk information: sleep interrupted
2019-09-24 19:01:08,564 [main] INFO  utils.BackgroundService (BackgroundService.java:shutdown(148)) - Shutting down service BlockDeletingService
2019-09-24 19:01:08,571 [main] INFO  statemachine.DatanodeStateMachine (DatanodeStateMachine.java:stopDaemon(395)) - Ozone container server stopped.
2019-09-24 19:01:08,577 [main] INFO  handler.ContextHandler (ContextHandler.java:doStop(910)) - Stopped o.e.j.w.WebAppContext@fc807c1{/,null,UNAVAILABLE}{/hddsDatanode}
2019-09-24 19:01:08,583 [main] INFO  server.AbstractConnector (AbstractConnector.java:doStop(318)) - Stopped ServerConnector@296e281a{HTTP/1.1,[http/1.1]}{0.0.0.0:0}
2019-09-24 19:01:08,583 [main] INFO  handler.ContextHandler (ContextHandler.java:doStop(910)) - Stopped o.e.j.s.ServletContextHandler@4d95a72e{/static,jar:file:/home/user/.m2/repository/org/apache/hadoop/hadoop-hdds-container-service/0.5.0-SNAPSHOT/hadoop-hdds-container-service-0.5.0-SNAPSHOT.jar!/webapps/static,UNAVAILABLE}
2019-09-24 19:01:08,584 [main] INFO  handler.ContextHandler (ContextHandler.java:doStop(910)) - Stopped o.e.j.s.ServletContextHandler@44536de4{/logs,file:///workdir/hadoop-ozone/integration-test/target/log,UNAVAILABLE}
2019-09-24 19:01:09,204 [Datanode State Machine Thread - 0] INFO  statemachine.DatanodeStateMachine (DatanodeStateMachine.java:lambda$startDaemon$0(350)) - Ozone container server started.
2019-09-24 19:01:10,381 [Thread-399] INFO  impl.FollowerState (FollowerState.java:run(106)) - 29620711-3f46-457a-8151-219e63eed2d2:group-2B1DF545E51A changes to CANDIDATE, lastRpcTime:2045, electionTimeout:1012ms
2019-09-24 19:01:10,383 [Thread-399] INFO  impl.RoleInfo (RoleInfo.java:shutdownFollowerState(121)) - 29620711-3f46-457a-8151-219e63eed2d2: shutdown FollowerState
2019-09-24 19:01:10,383 [Thread-399] INFO  impl.RaftServerImpl (RaftServerImpl.java:setRole(174)) - 29620711-3f46-457a-8151-219e63eed2d2@group-2B1DF545E51A: changes role from  FOLLOWER to CANDIDATE at term 1 for changeToCandidate
2019-09-24 19:01:10,383 [Thread-399] INFO  impl.RoleInfo (RoleInfo.java:updateAndGet(143)) - 29620711-3f46-457a-8151-219e63eed2d2: start LeaderElection
2019-09-24 19:01:10,384 [29620711-3f46-457a-8151-219e63eed2d2@group-2B1DF545E51A:LeaderElection18] INFO  impl.RaftServerImpl (ServerState.java:setLeader(253)) - 29620711-3f46-457a-8151-219e63eed2d2@group-2B1DF545E51A: change Leader from a05b4b97-0b18-4776-a1dd-8f128fadc53a to null at term 1 for initElection
2019-09-24 19:01:10,392 [Thread-400] INFO  impl.FollowerState (FollowerState.java:run(106)) - d6fdad48-5745-4acd-8132-622988eb1603:group-2B1DF545E51A changes to CANDIDATE, lastRpcTime:2056, electionTimeout:1122ms
2019-09-24 19:01:10,393 [Thread-400] INFO  impl.RoleInfo (RoleInfo.java:shutdownFollowerState(121)) - d6fdad48-5745-4acd-8132-622988eb1603: shutdown FollowerState
2019-09-24 19:01:10,393 [Thread-400] INFO  impl.RaftServerImpl (RaftServerImpl.java:setRole(174)) - d6fdad48-5745-4acd-8132-622988eb1603@group-2B1DF545E51A: changes role from  FOLLOWER to CANDIDATE at term 1 for changeToCandidate
2019-09-24 19:01:10,396 [Thread-400] INFO  impl.RoleInfo (RoleInfo.java:updateAndGet(143)) - d6fdad48-5745-4acd-8132-622988eb1603: start LeaderElection
2019-09-24 19:01:10,396 [d6fdad48-5745-4acd-8132-622988eb1603@group-2B1DF545E51A:LeaderElection19] INFO  impl.RaftServerImpl (ServerState.java:setLeader(253)) - d6fdad48-5745-4acd-8132-622988eb1603@group-2B1DF545E51A: change Leader from a05b4b97-0b18-4776-a1dd-8f128fadc53a to null at term 1 for initElection
2019-09-24 19:01:10,695 [d6fdad48-5745-4acd-8132-622988eb1603@group-2B1DF545E51A:LeaderElection19] INFO  impl.LeaderElection (LeaderElection.java:askForVotes(182)) - d6fdad48-5745-4acd-8132-622988eb1603@group-2B1DF545E51A:LeaderElection19: begin an election at term 2 for 0: [d6fdad48-5745-4acd-8132-622988eb1603:192.168.5.148:33283, a05b4b97-0b18-4776-a1dd-8f128fadc53a:192.168.5.148:35009, 29620711-3f46-457a-8151-219e63eed2d2:192.168.5.148:46161], old=null
2019-09-24 19:01:10,695 [29620711-3f46-457a-8151-219e63eed2d2@group-2B1DF545E51A:LeaderElection18] INFO  impl.LeaderElection (LeaderElection.java:askForVotes(182)) - 29620711-3f46-457a-8151-219e63eed2d2@group-2B1DF545E51A:LeaderElection18: begin an election at term 2 for 0: [d6fdad48-5745-4acd-8132-622988eb1603:192.168.5.148:33283, a05b4b97-0b18-4776-a1dd-8f128fadc53a:192.168.5.148:35009, 29620711-3f46-457a-8151-219e63eed2d2:192.168.5.148:46161], old=null
2019-09-24 19:01:10,733 [d6fdad48-5745-4acd-8132-622988eb1603@group-2B1DF545E51A:LeaderElection19] INFO  impl.LeaderElection (LogUtils.java:infoOrTrace(149)) - d6fdad48-5745-4acd-8132-622988eb1603@group-2B1DF545E51A:LeaderElection19 got exception when requesting votes: {}
java.util.concurrent.ExecutionException: org.apache.ratis.thirdparty.io.grpc.StatusRuntimeException: UNAVAILABLE: io exception
	at java.util.concurrent.FutureTask.report(FutureTask.java:122)
	at java.util.concurrent.FutureTask.get(FutureTask.java:192)
	at org.apache.ratis.server.impl.LeaderElection.waitForResults(LeaderElection.java:263)
	at org.apache.ratis.server.impl.LeaderElection.askForVotes(LeaderElection.java:201)
	at org.apache.ratis.server.impl.LeaderElection.run(LeaderElection.java:133)
	at java.lang.Thread.run(Thread.java:748)
Caused by: org.apache.ratis.thirdparty.io.grpc.StatusRuntimeException: UNAVAILABLE: io exception
	at org.apache.ratis.thirdparty.io.grpc.stub.ClientCalls.toStatusRuntimeException(ClientCalls.java:233)
	at org.apache.ratis.thirdparty.io.grpc.stub.ClientCalls.getUnchecked(ClientCalls.java:214)
	at org.apache.ratis.thirdparty.io.grpc.stub.ClientCalls.blockingUnaryCall(ClientCalls.java:139)
	at org.apache.ratis.proto.grpc.RaftServerProtocolServiceGrpc$RaftServerProtocolServiceBlockingStub.requestVote(RaftServerProtocolServiceGrpc.java:265)
	at org.apache.ratis.grpc.server.GrpcServerProtocolClient.requestVote(GrpcServerProtocolClient.java:90)
	at org.apache.ratis.grpc.server.GrpcService.requestVote(GrpcService.java:204)
	at org.apache.ratis.server.impl.LeaderElection.lambda$submitRequests$1(LeaderElection.java:238)
	at java.util.concurrent.FutureTask.run(FutureTask.java:266)
	at java.util.concurrent.Executors$RunnableAdapter.call(Executors.java:511)
	at java.util.concurrent.FutureTask.run(FutureTask.java:266)
	at java.util.concurrent.ThreadPoolExecutor.runWorker(ThreadPoolExecutor.java:1149)
	at java.util.concurrent.ThreadPoolExecutor$Worker.run(ThreadPoolExecutor.java:624)
	... 1 more
Caused by: org.apache.ratis.thirdparty.io.netty.channel.AbstractChannel$AnnotatedConnectException: Connection refused: /192.168.5.148:35009
	at sun.nio.ch.SocketChannelImpl.checkConnect(Native Method)
	at sun.nio.ch.SocketChannelImpl.finishConnect(SocketChannelImpl.java:717)
	at org.apache.ratis.thirdparty.io.netty.channel.socket.nio.NioSocketChannel.doFinishConnect(NioSocketChannel.java:327)
	at org.apache.ratis.thirdparty.io.netty.channel.nio.AbstractNioChannel$AbstractNioUnsafe.finishConnect(AbstractNioChannel.java:340)
	at org.apache.ratis.thirdparty.io.netty.channel.nio.NioEventLoop.processSelectedKey(NioEventLoop.java:632)
	at org.apache.ratis.thirdparty.io.netty.channel.nio.NioEventLoop.processSelectedKeysOptimized(NioEventLoop.java:579)
	at org.apache.ratis.thirdparty.io.netty.channel.nio.NioEventLoop.processSelectedKeys(NioEventLoop.java:496)
	at org.apache.ratis.thirdparty.io.netty.channel.nio.NioEventLoop.run(NioEventLoop.java:458)
	at org.apache.ratis.thirdparty.io.netty.util.concurrent.SingleThreadEventExecutor$5.run(SingleThreadEventExecutor.java:897)
	at org.apache.ratis.thirdparty.io.netty.util.concurrent.FastThreadLocalRunnable.run(FastThreadLocalRunnable.java:30)
	... 1 more
Caused by: java.net.ConnectException: Connection refused
	... 11 more
2019-09-24 19:01:10,733 [29620711-3f46-457a-8151-219e63eed2d2@group-2B1DF545E51A:LeaderElection18] INFO  impl.LeaderElection (LogUtils.java:infoOrTrace(149)) - 29620711-3f46-457a-8151-219e63eed2d2@group-2B1DF545E51A:LeaderElection18 got exception when requesting votes: {}
java.util.concurrent.ExecutionException: org.apache.ratis.thirdparty.io.grpc.StatusRuntimeException: UNAVAILABLE: io exception
	at java.util.concurrent.FutureTask.report(FutureTask.java:122)
	at java.util.concurrent.FutureTask.get(FutureTask.java:192)
	at org.apache.ratis.server.impl.LeaderElection.waitForResults(LeaderElection.java:263)
	at org.apache.ratis.server.impl.LeaderElection.askForVotes(LeaderElection.java:201)
	at org.apache.ratis.server.impl.LeaderElection.run(LeaderElection.java:133)
	at java.lang.Thread.run(Thread.java:748)
Caused by: org.apache.ratis.thirdparty.io.grpc.StatusRuntimeException: UNAVAILABLE: io exception
	at org.apache.ratis.thirdparty.io.grpc.stub.ClientCalls.toStatusRuntimeException(ClientCalls.java:233)
	at org.apache.ratis.thirdparty.io.grpc.stub.ClientCalls.getUnchecked(ClientCalls.java:214)
	at org.apache.ratis.thirdparty.io.grpc.stub.ClientCalls.blockingUnaryCall(ClientCalls.java:139)
	at org.apache.ratis.proto.grpc.RaftServerProtocolServiceGrpc$RaftServerProtocolServiceBlockingStub.requestVote(RaftServerProtocolServiceGrpc.java:265)
	at org.apache.ratis.grpc.server.GrpcServerProtocolClient.requestVote(GrpcServerProtocolClient.java:90)
	at org.apache.ratis.grpc.server.GrpcService.requestVote(GrpcService.java:204)
	at org.apache.ratis.server.impl.LeaderElection.lambda$submitRequests$1(LeaderElection.java:238)
	at java.util.concurrent.FutureTask.run(FutureTask.java:266)
	at java.util.concurrent.Executors$RunnableAdapter.call(Executors.java:511)
	at java.util.concurrent.FutureTask.run(FutureTask.java:266)
	at java.util.concurrent.ThreadPoolExecutor.runWorker(ThreadPoolExecutor.java:1149)
	at java.util.concurrent.ThreadPoolExecutor$Worker.run(ThreadPoolExecutor.java:624)
	... 1 more
Caused by: org.apache.ratis.thirdparty.io.netty.channel.AbstractChannel$AnnotatedConnectException: Connection refused: /192.168.5.148:35009
	at sun.nio.ch.SocketChannelImpl.checkConnect(Native Method)
	at sun.nio.ch.SocketChannelImpl.finishConnect(SocketChannelImpl.java:717)
	at org.apache.ratis.thirdparty.io.netty.channel.socket.nio.NioSocketChannel.doFinishConnect(NioSocketChannel.java:327)
	at org.apache.ratis.thirdparty.io.netty.channel.nio.AbstractNioChannel$AbstractNioUnsafe.finishConnect(AbstractNioChannel.java:340)
	at org.apache.ratis.thirdparty.io.netty.channel.nio.NioEventLoop.processSelectedKey(NioEventLoop.java:632)
	at org.apache.ratis.thirdparty.io.netty.channel.nio.NioEventLoop.processSelectedKeysOptimized(NioEventLoop.java:579)
	at org.apache.ratis.thirdparty.io.netty.channel.nio.NioEventLoop.processSelectedKeys(NioEventLoop.java:496)
	at org.apache.ratis.thirdparty.io.netty.channel.nio.NioEventLoop.run(NioEventLoop.java:458)
	at org.apache.ratis.thirdparty.io.netty.util.concurrent.SingleThreadEventExecutor$5.run(SingleThreadEventExecutor.java:897)
	at org.apache.ratis.thirdparty.io.netty.util.concurrent.FastThreadLocalRunnable.run(FastThreadLocalRunnable.java:30)
	... 1 more
Caused by: java.net.ConnectException: Connection refused
	... 11 more
2019-09-24 19:01:10,738 [d6fdad48-5745-4acd-8132-622988eb1603@group-2B1DF545E51A:LeaderElection19] INFO  impl.LeaderElection (LeaderElection.java:logAndReturn(56)) - d6fdad48-5745-4acd-8132-622988eb1603@group-2B1DF545E51A:LeaderElection19: Election REJECTED; received 1 response(s) [d6fdad48-5745-4acd-8132-622988eb1603<-29620711-3f46-457a-8151-219e63eed2d2#0:FAIL-t2] and 1 exception(s); d6fdad48-5745-4acd-8132-622988eb1603@group-2B1DF545E51A:t2, leader=null, voted=d6fdad48-5745-4acd-8132-622988eb1603, raftlog=d6fdad48-5745-4acd-8132-622988eb1603@group-2B1DF545E51A-SegmentedRaftLog:OPENED:c4,f4,i4, conf=0: [d6fdad48-5745-4acd-8132-622988eb1603:192.168.5.148:33283, a05b4b97-0b18-4776-a1dd-8f128fadc53a:192.168.5.148:35009, 29620711-3f46-457a-8151-219e63eed2d2:192.168.5.148:46161], old=null
2019-09-24 19:01:10,741 [29620711-3f46-457a-8151-219e63eed2d2@group-2B1DF545E51A:LeaderElection18] INFO  impl.LeaderElection (LeaderElection.java:logAndReturn(56)) - 29620711-3f46-457a-8151-219e63eed2d2@group-2B1DF545E51A:LeaderElection18: Election REJECTED; received 1 response(s) [29620711-3f46-457a-8151-219e63eed2d2<-d6fdad48-5745-4acd-8132-622988eb1603#0:FAIL-t2] and 1 exception(s); 29620711-3f46-457a-8151-219e63eed2d2@group-2B1DF545E51A:t2, leader=null, voted=29620711-3f46-457a-8151-219e63eed2d2, raftlog=29620711-3f46-457a-8151-219e63eed2d2@group-2B1DF545E51A-SegmentedRaftLog:OPENED:c4,f4,i4, conf=0: [d6fdad48-5745-4acd-8132-622988eb1603:192.168.5.148:33283, a05b4b97-0b18-4776-a1dd-8f128fadc53a:192.168.5.148:35009, 29620711-3f46-457a-8151-219e63eed2d2:192.168.5.148:46161], old=null
2019-09-24 19:01:10,742 [d6fdad48-5745-4acd-8132-622988eb1603@group-2B1DF545E51A:LeaderElection19] INFO  impl.LeaderElection (LogUtils.java:infoOrTrace(149)) -   Exception 0: {}
java.util.concurrent.ExecutionException: org.apache.ratis.thirdparty.io.grpc.StatusRuntimeException: UNAVAILABLE: io exception
	at java.util.concurrent.FutureTask.report(FutureTask.java:122)
	at java.util.concurrent.FutureTask.get(FutureTask.java:192)
	at org.apache.ratis.server.impl.LeaderElection.waitForResults(LeaderElection.java:263)
	at org.apache.ratis.server.impl.LeaderElection.askForVotes(LeaderElection.java:201)
	at org.apache.ratis.server.impl.LeaderElection.run(LeaderElection.java:133)
	at java.lang.Thread.run(Thread.java:748)
Caused by: org.apache.ratis.thirdparty.io.grpc.StatusRuntimeException: UNAVAILABLE: io exception
	at org.apache.ratis.thirdparty.io.grpc.stub.ClientCalls.toStatusRuntimeException(ClientCalls.java:233)
	at org.apache.ratis.thirdparty.io.grpc.stub.ClientCalls.getUnchecked(ClientCalls.java:214)
	at org.apache.ratis.thirdparty.io.grpc.stub.ClientCalls.blockingUnaryCall(ClientCalls.java:139)
	at org.apache.ratis.proto.grpc.RaftServerProtocolServiceGrpc$RaftServerProtocolServiceBlockingStub.requestVote(RaftServerProtocolServiceGrpc.java:265)
	at org.apache.ratis.grpc.server.GrpcServerProtocolClient.requestVote(GrpcServerProtocolClient.java:90)
	at org.apache.ratis.grpc.server.GrpcService.requestVote(GrpcService.java:204)
	at org.apache.ratis.server.impl.LeaderElection.lambda$submitRequests$1(LeaderElection.java:238)
	at java.util.concurrent.FutureTask.run(FutureTask.java:266)
	at java.util.concurrent.Executors$RunnableAdapter.call(Executors.java:511)
	at java.util.concurrent.FutureTask.run(FutureTask.java:266)
	at java.util.concurrent.ThreadPoolExecutor.runWorker(ThreadPoolExecutor.java:1149)
	at java.util.concurrent.ThreadPoolExecutor$Worker.run(ThreadPoolExecutor.java:624)
	... 1 more
Caused by: org.apache.ratis.thirdparty.io.netty.channel.AbstractChannel$AnnotatedConnectException: Connection refused: /192.168.5.148:35009
	at sun.nio.ch.SocketChannelImpl.checkConnect(Native Method)
	at sun.nio.ch.SocketChannelImpl.finishConnect(SocketChannelImpl.java:717)
	at org.apache.ratis.thirdparty.io.netty.channel.socket.nio.NioSocketChannel.doFinishConnect(NioSocketChannel.java:327)
	at org.apache.ratis.thirdparty.io.netty.channel.nio.AbstractNioChannel$AbstractNioUnsafe.finishConnect(AbstractNioChannel.java:340)
	at org.apache.ratis.thirdparty.io.netty.channel.nio.NioEventLoop.processSelectedKey(NioEventLoop.java:632)
	at org.apache.ratis.thirdparty.io.netty.channel.nio.NioEventLoop.processSelectedKeysOptimized(NioEventLoop.java:579)
	at org.apache.ratis.thirdparty.io.netty.channel.nio.NioEventLoop.processSelectedKeys(NioEventLoop.java:496)
	at org.apache.ratis.thirdparty.io.netty.channel.nio.NioEventLoop.run(NioEventLoop.java:458)
	at org.apache.ratis.thirdparty.io.netty.util.concurrent.SingleThreadEventExecutor$5.run(SingleThreadEventExecutor.java:897)
	at org.apache.ratis.thirdparty.io.netty.util.concurrent.FastThreadLocalRunnable.run(FastThreadLocalRunnable.java:30)
	... 1 more
Caused by: java.net.ConnectException: Connection refused
	... 11 more
2019-09-24 19:01:10,744 [29620711-3f46-457a-8151-219e63eed2d2@group-2B1DF545E51A:LeaderElection18] INFO  impl.LeaderElection (LogUtils.java:infoOrTrace(149)) -   Exception 0: {}
java.util.concurrent.ExecutionException: org.apache.ratis.thirdparty.io.grpc.StatusRuntimeException: UNAVAILABLE: io exception
	at java.util.concurrent.FutureTask.report(FutureTask.java:122)
	at java.util.concurrent.FutureTask.get(FutureTask.java:192)
	at org.apache.ratis.server.impl.LeaderElection.waitForResults(LeaderElection.java:263)
	at org.apache.ratis.server.impl.LeaderElection.askForVotes(LeaderElection.java:201)
	at org.apache.ratis.server.impl.LeaderElection.run(LeaderElection.java:133)
	at java.lang.Thread.run(Thread.java:748)
Caused by: org.apache.ratis.thirdparty.io.grpc.StatusRuntimeException: UNAVAILABLE: io exception
	at org.apache.ratis.thirdparty.io.grpc.stub.ClientCalls.toStatusRuntimeException(ClientCalls.java:233)
	at org.apache.ratis.thirdparty.io.grpc.stub.ClientCalls.getUnchecked(ClientCalls.java:214)
	at org.apache.ratis.thirdparty.io.grpc.stub.ClientCalls.blockingUnaryCall(ClientCalls.java:139)
	at org.apache.ratis.proto.grpc.RaftServerProtocolServiceGrpc$RaftServerProtocolServiceBlockingStub.requestVote(RaftServerProtocolServiceGrpc.java:265)
	at org.apache.ratis.grpc.server.GrpcServerProtocolClient.requestVote(GrpcServerProtocolClient.java:90)
	at org.apache.ratis.grpc.server.GrpcService.requestVote(GrpcService.java:204)
	at org.apache.ratis.server.impl.LeaderElection.lambda$submitRequests$1(LeaderElection.java:238)
	at java.util.concurrent.FutureTask.run(FutureTask.java:266)
	at java.util.concurrent.Executors$RunnableAdapter.call(Executors.java:511)
	at java.util.concurrent.FutureTask.run(FutureTask.java:266)
	at java.util.concurrent.ThreadPoolExecutor.runWorker(ThreadPoolExecutor.java:1149)
	at java.util.concurrent.ThreadPoolExecutor$Worker.run(ThreadPoolExecutor.java:624)
	... 1 more
Caused by: org.apache.ratis.thirdparty.io.netty.channel.AbstractChannel$AnnotatedConnectException: Connection refused: /192.168.5.148:35009
	at sun.nio.ch.SocketChannelImpl.checkConnect(Native Method)
	at sun.nio.ch.SocketChannelImpl.finishConnect(SocketChannelImpl.java:717)
	at org.apache.ratis.thirdparty.io.netty.channel.socket.nio.NioSocketChannel.doFinishConnect(NioSocketChannel.java:327)
	at org.apache.ratis.thirdparty.io.netty.channel.nio.AbstractNioChannel$AbstractNioUnsafe.finishConnect(AbstractNioChannel.java:340)
	at org.apache.ratis.thirdparty.io.netty.channel.nio.NioEventLoop.processSelectedKey(NioEventLoop.java:632)
	at org.apache.ratis.thirdparty.io.netty.channel.nio.NioEventLoop.processSelectedKeysOptimized(NioEventLoop.java:579)
	at org.apache.ratis.thirdparty.io.netty.channel.nio.NioEventLoop.processSelectedKeys(NioEventLoop.java:496)
	at org.apache.ratis.thirdparty.io.netty.channel.nio.NioEventLoop.run(NioEventLoop.java:458)
	at org.apache.ratis.thirdparty.io.netty.util.concurrent.SingleThreadEventExecutor$5.run(SingleThreadEventExecutor.java:897)
	at org.apache.ratis.thirdparty.io.netty.util.concurrent.FastThreadLocalRunnable.run(FastThreadLocalRunnable.java:30)
	... 1 more
Caused by: java.net.ConnectException: Connection refused
	... 11 more
2019-09-24 19:01:10,747 [d6fdad48-5745-4acd-8132-622988eb1603@group-2B1DF545E51A:LeaderElection19] INFO  impl.RaftServerImpl (RaftServerImpl.java:setRole(174)) - d6fdad48-5745-4acd-8132-622988eb1603@group-2B1DF545E51A: changes role from CANDIDATE to FOLLOWER at term 2 for DISCOVERED_A_NEW_TERM
2019-09-24 19:01:10,752 [29620711-3f46-457a-8151-219e63eed2d2@group-2B1DF545E51A:LeaderElection18] INFO  impl.RaftServerImpl (RaftServerImpl.java:setRole(174)) - 29620711-3f46-457a-8151-219e63eed2d2@group-2B1DF545E51A: changes role from CANDIDATE to FOLLOWER at term 2 for DISCOVERED_A_NEW_TERM
2019-09-24 19:01:10,757 [d6fdad48-5745-4acd-8132-622988eb1603@group-2B1DF545E51A:LeaderElection19] INFO  impl.RoleInfo (RoleInfo.java:shutdownLeaderElection(134)) - d6fdad48-5745-4acd-8132-622988eb1603: shutdown LeaderElection
2019-09-24 19:01:10,757 [29620711-3f46-457a-8151-219e63eed2d2@group-2B1DF545E51A:LeaderElection18] INFO  impl.RoleInfo (RoleInfo.java:shutdownLeaderElection(134)) - 29620711-3f46-457a-8151-219e63eed2d2: shutdown LeaderElection
2019-09-24 19:01:10,757 [d6fdad48-5745-4acd-8132-622988eb1603@group-2B1DF545E51A:LeaderElection19] INFO  impl.RoleInfo (RoleInfo.java:updateAndGet(143)) - d6fdad48-5745-4acd-8132-622988eb1603: start FollowerState
2019-09-24 19:01:10,757 [29620711-3f46-457a-8151-219e63eed2d2@group-2B1DF545E51A:LeaderElection18] INFO  impl.RoleInfo (RoleInfo.java:updateAndGet(143)) - 29620711-3f46-457a-8151-219e63eed2d2: start FollowerState
2019-09-24 19:01:11,769 [Thread-525] INFO  impl.FollowerState (FollowerState.java:run(106)) - d6fdad48-5745-4acd-8132-622988eb1603:group-2B1DF545E51A changes to CANDIDATE, lastRpcTime:1011, electionTimeout:1000ms
2019-09-24 19:01:11,769 [Thread-525] INFO  impl.RoleInfo (RoleInfo.java:shutdownFollowerState(121)) - d6fdad48-5745-4acd-8132-622988eb1603: shutdown FollowerState
2019-09-24 19:01:11,769 [Thread-525] INFO  impl.RaftServerImpl (RaftServerImpl.java:setRole(174)) - d6fdad48-5745-4acd-8132-622988eb1603@group-2B1DF545E51A: changes role from  FOLLOWER to CANDIDATE at term 2 for changeToCandidate
2019-09-24 19:01:11,769 [Thread-525] INFO  impl.RoleInfo (RoleInfo.java:updateAndGet(143)) - d6fdad48-5745-4acd-8132-622988eb1603: start LeaderElection
2019-09-24 19:01:11,776 [Thread-526] INFO  impl.FollowerState (FollowerState.java:run(106)) - 29620711-3f46-457a-8151-219e63eed2d2:group-2B1DF545E51A changes to CANDIDATE, lastRpcTime:1018, electionTimeout:1007ms
2019-09-24 19:01:11,776 [Thread-526] INFO  impl.RoleInfo (RoleInfo.java:shutdownFollowerState(121)) - 29620711-3f46-457a-8151-219e63eed2d2: shutdown FollowerState
2019-09-24 19:01:11,776 [Thread-526] INFO  impl.RaftServerImpl (RaftServerImpl.java:setRole(174)) - 29620711-3f46-457a-8151-219e63eed2d2@group-2B1DF545E51A: changes role from  FOLLOWER to CANDIDATE at term 2 for changeToCandidate
2019-09-24 19:01:11,776 [Thread-526] INFO  impl.RoleInfo (RoleInfo.java:updateAndGet(143)) - 29620711-3f46-457a-8151-219e63eed2d2: start LeaderElection
2019-09-24 19:01:12,049 [29620711-3f46-457a-8151-219e63eed2d2@group-2B1DF545E51A:LeaderElection21] INFO  impl.LeaderElection (LeaderElection.java:askForVotes(182)) - 29620711-3f46-457a-8151-219e63eed2d2@group-2B1DF545E51A:LeaderElection21: begin an election at term 3 for 0: [d6fdad48-5745-4acd-8132-622988eb1603:192.168.5.148:33283, a05b4b97-0b18-4776-a1dd-8f128fadc53a:192.168.5.148:35009, 29620711-3f46-457a-8151-219e63eed2d2:192.168.5.148:46161], old=null
2019-09-24 19:01:12,049 [d6fdad48-5745-4acd-8132-622988eb1603@group-2B1DF545E51A:LeaderElection20] INFO  impl.LeaderElection (LeaderElection.java:askForVotes(182)) - d6fdad48-5745-4acd-8132-622988eb1603@group-2B1DF545E51A:LeaderElection20: begin an election at term 3 for 0: [d6fdad48-5745-4acd-8132-622988eb1603:192.168.5.148:33283, a05b4b97-0b18-4776-a1dd-8f128fadc53a:192.168.5.148:35009, 29620711-3f46-457a-8151-219e63eed2d2:192.168.5.148:46161], old=null
2019-09-24 19:01:12,050 [d6fdad48-5745-4acd-8132-622988eb1603@group-2B1DF545E51A:LeaderElection20] INFO  impl.LeaderElection (LogUtils.java:infoOrTrace(149)) - d6fdad48-5745-4acd-8132-622988eb1603@group-2B1DF545E51A:LeaderElection20 got exception when requesting votes: {}
java.util.concurrent.ExecutionException: org.apache.ratis.thirdparty.io.grpc.StatusRuntimeException: UNAVAILABLE: io exception
	at java.util.concurrent.FutureTask.report(FutureTask.java:122)
	at java.util.concurrent.FutureTask.get(FutureTask.java:192)
	at org.apache.ratis.server.impl.LeaderElection.waitForResults(LeaderElection.java:263)
	at org.apache.ratis.server.impl.LeaderElection.askForVotes(LeaderElection.java:201)
	at org.apache.ratis.server.impl.LeaderElection.run(LeaderElection.java:133)
	at java.lang.Thread.run(Thread.java:748)
Caused by: org.apache.ratis.thirdparty.io.grpc.StatusRuntimeException: UNAVAILABLE: io exception
	at org.apache.ratis.thirdparty.io.grpc.stub.ClientCalls.toStatusRuntimeException(ClientCalls.java:233)
	at org.apache.ratis.thirdparty.io.grpc.stub.ClientCalls.getUnchecked(ClientCalls.java:214)
	at org.apache.ratis.thirdparty.io.grpc.stub.ClientCalls.blockingUnaryCall(ClientCalls.java:139)
	at org.apache.ratis.proto.grpc.RaftServerProtocolServiceGrpc$RaftServerProtocolServiceBlockingStub.requestVote(RaftServerProtocolServiceGrpc.java:265)
	at org.apache.ratis.grpc.server.GrpcServerProtocolClient.requestVote(GrpcServerProtocolClient.java:90)
	at org.apache.ratis.grpc.server.GrpcService.requestVote(GrpcService.java:204)
	at org.apache.ratis.server.impl.LeaderElection.lambda$submitRequests$1(LeaderElection.java:238)
	at java.util.concurrent.FutureTask.run(FutureTask.java:266)
	at java.util.concurrent.Executors$RunnableAdapter.call(Executors.java:511)
	at java.util.concurrent.FutureTask.run(FutureTask.java:266)
	at java.util.concurrent.ThreadPoolExecutor.runWorker(ThreadPoolExecutor.java:1149)
	at java.util.concurrent.ThreadPoolExecutor$Worker.run(ThreadPoolExecutor.java:624)
	... 1 more
Caused by: org.apache.ratis.thirdparty.io.netty.channel.AbstractChannel$AnnotatedConnectException: Connection refused: /192.168.5.148:35009
	at sun.nio.ch.SocketChannelImpl.checkConnect(Native Method)
	at sun.nio.ch.SocketChannelImpl.finishConnect(SocketChannelImpl.java:717)
	at org.apache.ratis.thirdparty.io.netty.channel.socket.nio.NioSocketChannel.doFinishConnect(NioSocketChannel.java:327)
	at org.apache.ratis.thirdparty.io.netty.channel.nio.AbstractNioChannel$AbstractNioUnsafe.finishConnect(AbstractNioChannel.java:340)
	at org.apache.ratis.thirdparty.io.netty.channel.nio.NioEventLoop.processSelectedKey(NioEventLoop.java:632)
	at org.apache.ratis.thirdparty.io.netty.channel.nio.NioEventLoop.processSelectedKeysOptimized(NioEventLoop.java:579)
	at org.apache.ratis.thirdparty.io.netty.channel.nio.NioEventLoop.processSelectedKeys(NioEventLoop.java:496)
	at org.apache.ratis.thirdparty.io.netty.channel.nio.NioEventLoop.run(NioEventLoop.java:458)
	at org.apache.ratis.thirdparty.io.netty.util.concurrent.SingleThreadEventExecutor$5.run(SingleThreadEventExecutor.java:897)
	at org.apache.ratis.thirdparty.io.netty.util.concurrent.FastThreadLocalRunnable.run(FastThreadLocalRunnable.java:30)
	... 1 more
Caused by: java.net.ConnectException: Connection refused
	... 11 more
2019-09-24 19:01:12,051 [29620711-3f46-457a-8151-219e63eed2d2@group-2B1DF545E51A:LeaderElection21] INFO  impl.LeaderElection (LogUtils.java:infoOrTrace(149)) - 29620711-3f46-457a-8151-219e63eed2d2@group-2B1DF545E51A:LeaderElection21 got exception when requesting votes: {}
java.util.concurrent.ExecutionException: org.apache.ratis.thirdparty.io.grpc.StatusRuntimeException: UNAVAILABLE: io exception
	at java.util.concurrent.FutureTask.report(FutureTask.java:122)
	at java.util.concurrent.FutureTask.get(FutureTask.java:192)
	at org.apache.ratis.server.impl.LeaderElection.waitForResults(LeaderElection.java:263)
	at org.apache.ratis.server.impl.LeaderElection.askForVotes(LeaderElection.java:201)
	at org.apache.ratis.server.impl.LeaderElection.run(LeaderElection.java:133)
	at java.lang.Thread.run(Thread.java:748)
Caused by: org.apache.ratis.thirdparty.io.grpc.StatusRuntimeException: UNAVAILABLE: io exception
	at org.apache.ratis.thirdparty.io.grpc.stub.ClientCalls.toStatusRuntimeException(ClientCalls.java:233)
	at org.apache.ratis.thirdparty.io.grpc.stub.ClientCalls.getUnchecked(ClientCalls.java:214)
	at org.apache.ratis.thirdparty.io.grpc.stub.ClientCalls.blockingUnaryCall(ClientCalls.java:139)
	at org.apache.ratis.proto.grpc.RaftServerProtocolServiceGrpc$RaftServerProtocolServiceBlockingStub.requestVote(RaftServerProtocolServiceGrpc.java:265)
	at org.apache.ratis.grpc.server.GrpcServerProtocolClient.requestVote(GrpcServerProtocolClient.java:90)
	at org.apache.ratis.grpc.server.GrpcService.requestVote(GrpcService.java:204)
	at org.apache.ratis.server.impl.LeaderElection.lambda$submitRequests$1(LeaderElection.java:238)
	at java.util.concurrent.FutureTask.run(FutureTask.java:266)
	at java.util.concurrent.Executors$RunnableAdapter.call(Executors.java:511)
	at java.util.concurrent.FutureTask.run(FutureTask.java:266)
	at java.util.concurrent.ThreadPoolExecutor.runWorker(ThreadPoolExecutor.java:1149)
	at java.util.concurrent.ThreadPoolExecutor$Worker.run(ThreadPoolExecutor.java:624)
	... 1 more
Caused by: org.apache.ratis.thirdparty.io.netty.channel.AbstractChannel$AnnotatedConnectException: Connection refused: /192.168.5.148:35009
	at sun.nio.ch.SocketChannelImpl.checkConnect(Native Method)
	at sun.nio.ch.SocketChannelImpl.finishConnect(SocketChannelImpl.java:717)
	at org.apache.ratis.thirdparty.io.netty.channel.socket.nio.NioSocketChannel.doFinishConnect(NioSocketChannel.java:327)
	at org.apache.ratis.thirdparty.io.netty.channel.nio.AbstractNioChannel$AbstractNioUnsafe.finishConnect(AbstractNioChannel.java:340)
	at org.apache.ratis.thirdparty.io.netty.channel.nio.NioEventLoop.processSelectedKey(NioEventLoop.java:632)
	at org.apache.ratis.thirdparty.io.netty.channel.nio.NioEventLoop.processSelectedKeysOptimized(NioEventLoop.java:579)
	at org.apache.ratis.thirdparty.io.netty.channel.nio.NioEventLoop.processSelectedKeys(NioEventLoop.java:496)
	at org.apache.ratis.thirdparty.io.netty.channel.nio.NioEventLoop.run(NioEventLoop.java:458)
	at org.apache.ratis.thirdparty.io.netty.util.concurrent.SingleThreadEventExecutor$5.run(SingleThreadEventExecutor.java:897)
	at org.apache.ratis.thirdparty.io.netty.util.concurrent.FastThreadLocalRunnable.run(FastThreadLocalRunnable.java:30)
	... 1 more
Caused by: java.net.ConnectException: Connection refused
	... 11 more
2019-09-24 19:01:12,059 [d6fdad48-5745-4acd-8132-622988eb1603@group-2B1DF545E51A:LeaderElection20] INFO  impl.LeaderElection (LeaderElection.java:logAndReturn(56)) - d6fdad48-5745-4acd-8132-622988eb1603@group-2B1DF545E51A:LeaderElection20: Election REJECTED; received 1 response(s) [d6fdad48-5745-4acd-8132-622988eb1603<-29620711-3f46-457a-8151-219e63eed2d2#0:FAIL-t3] and 1 exception(s); d6fdad48-5745-4acd-8132-622988eb1603@group-2B1DF545E51A:t3, leader=null, voted=d6fdad48-5745-4acd-8132-622988eb1603, raftlog=d6fdad48-5745-4acd-8132-622988eb1603@group-2B1DF545E51A-SegmentedRaftLog:OPENED:c4,f4,i4, conf=0: [d6fdad48-5745-4acd-8132-622988eb1603:192.168.5.148:33283, a05b4b97-0b18-4776-a1dd-8f128fadc53a:192.168.5.148:35009, 29620711-3f46-457a-8151-219e63eed2d2:192.168.5.148:46161], old=null
2019-09-24 19:01:12,059 [29620711-3f46-457a-8151-219e63eed2d2@group-2B1DF545E51A:LeaderElection21] INFO  impl.LeaderElection (LeaderElection.java:logAndReturn(56)) - 29620711-3f46-457a-8151-219e63eed2d2@group-2B1DF545E51A:LeaderElection21: Election REJECTED; received 1 response(s) [29620711-3f46-457a-8151-219e63eed2d2<-d6fdad48-5745-4acd-8132-622988eb1603#0:FAIL-t3] and 1 exception(s); 29620711-3f46-457a-8151-219e63eed2d2@group-2B1DF545E51A:t3, leader=null, voted=29620711-3f46-457a-8151-219e63eed2d2, raftlog=29620711-3f46-457a-8151-219e63eed2d2@group-2B1DF545E51A-SegmentedRaftLog:OPENED:c4,f4,i4, conf=0: [d6fdad48-5745-4acd-8132-622988eb1603:192.168.5.148:33283, a05b4b97-0b18-4776-a1dd-8f128fadc53a:192.168.5.148:35009, 29620711-3f46-457a-8151-219e63eed2d2:192.168.5.148:46161], old=null
2019-09-24 19:01:12,060 [d6fdad48-5745-4acd-8132-622988eb1603@group-2B1DF545E51A:LeaderElection20] INFO  impl.LeaderElection (LogUtils.java:infoOrTrace(149)) -   Exception 0: {}
java.util.concurrent.ExecutionException: org.apache.ratis.thirdparty.io.grpc.StatusRuntimeException: UNAVAILABLE: io exception
	at java.util.concurrent.FutureTask.report(FutureTask.java:122)
	at java.util.concurrent.FutureTask.get(FutureTask.java:192)
	at org.apache.ratis.server.impl.LeaderElection.waitForResults(LeaderElection.java:263)
	at org.apache.ratis.server.impl.LeaderElection.askForVotes(LeaderElection.java:201)
	at org.apache.ratis.server.impl.LeaderElection.run(LeaderElection.java:133)
	at java.lang.Thread.run(Thread.java:748)
Caused by: org.apache.ratis.thirdparty.io.grpc.StatusRuntimeException: UNAVAILABLE: io exception
	at org.apache.ratis.thirdparty.io.grpc.stub.ClientCalls.toStatusRuntimeException(ClientCalls.java:233)
	at org.apache.ratis.thirdparty.io.grpc.stub.ClientCalls.getUnchecked(ClientCalls.java:214)
	at org.apache.ratis.thirdparty.io.grpc.stub.ClientCalls.blockingUnaryCall(ClientCalls.java:139)
	at org.apache.ratis.proto.grpc.RaftServerProtocolServiceGrpc$RaftServerProtocolServiceBlockingStub.requestVote(RaftServerProtocolServiceGrpc.java:265)
	at org.apache.ratis.grpc.server.GrpcServerProtocolClient.requestVote(GrpcServerProtocolClient.java:90)
	at org.apache.ratis.grpc.server.GrpcService.requestVote(GrpcService.java:204)
	at org.apache.ratis.server.impl.LeaderElection.lambda$submitRequests$1(LeaderElection.java:238)
	at java.util.concurrent.FutureTask.run(FutureTask.java:266)
	at java.util.concurrent.Executors$RunnableAdapter.call(Executors.java:511)
	at java.util.concurrent.FutureTask.run(FutureTask.java:266)
	at java.util.concurrent.ThreadPoolExecutor.runWorker(ThreadPoolExecutor.java:1149)
	at java.util.concurrent.ThreadPoolExecutor$Worker.run(ThreadPoolExecutor.java:624)
	... 1 more
Caused by: org.apache.ratis.thirdparty.io.netty.channel.AbstractChannel$AnnotatedConnectException: Connection refused: /192.168.5.148:35009
	at sun.nio.ch.SocketChannelImpl.checkConnect(Native Method)
	at sun.nio.ch.SocketChannelImpl.finishConnect(SocketChannelImpl.java:717)
	at org.apache.ratis.thirdparty.io.netty.channel.socket.nio.NioSocketChannel.doFinishConnect(NioSocketChannel.java:327)
	at org.apache.ratis.thirdparty.io.netty.channel.nio.AbstractNioChannel$AbstractNioUnsafe.finishConnect(AbstractNioChannel.java:340)
	at org.apache.ratis.thirdparty.io.netty.channel.nio.NioEventLoop.processSelectedKey(NioEventLoop.java:632)
	at org.apache.ratis.thirdparty.io.netty.channel.nio.NioEventLoop.processSelectedKeysOptimized(NioEventLoop.java:579)
	at org.apache.ratis.thirdparty.io.netty.channel.nio.NioEventLoop.processSelectedKeys(NioEventLoop.java:496)
	at org.apache.ratis.thirdparty.io.netty.channel.nio.NioEventLoop.run(NioEventLoop.java:458)
	at org.apache.ratis.thirdparty.io.netty.util.concurrent.SingleThreadEventExecutor$5.run(SingleThreadEventExecutor.java:897)
	at org.apache.ratis.thirdparty.io.netty.util.concurrent.FastThreadLocalRunnable.run(FastThreadLocalRunnable.java:30)
	... 1 more
Caused by: java.net.ConnectException: Connection refused
	... 11 more
2019-09-24 19:01:12,060 [29620711-3f46-457a-8151-219e63eed2d2@group-2B1DF545E51A:LeaderElection21] INFO  impl.LeaderElection (LogUtils.java:infoOrTrace(149)) -   Exception 0: {}
java.util.concurrent.ExecutionException: org.apache.ratis.thirdparty.io.grpc.StatusRuntimeException: UNAVAILABLE: io exception
	at java.util.concurrent.FutureTask.report(FutureTask.java:122)
	at java.util.concurrent.FutureTask.get(FutureTask.java:192)
	at org.apache.ratis.server.impl.LeaderElection.waitForResults(LeaderElection.java:263)
	at org.apache.ratis.server.impl.LeaderElection.askForVotes(LeaderElection.java:201)
	at org.apache.ratis.server.impl.LeaderElection.run(LeaderElection.java:133)
	at java.lang.Thread.run(Thread.java:748)
Caused by: org.apache.ratis.thirdparty.io.grpc.StatusRuntimeException: UNAVAILABLE: io exception
	at org.apache.ratis.thirdparty.io.grpc.stub.ClientCalls.toStatusRuntimeException(ClientCalls.java:233)
	at org.apache.ratis.thirdparty.io.grpc.stub.ClientCalls.getUnchecked(ClientCalls.java:214)
	at org.apache.ratis.thirdparty.io.grpc.stub.ClientCalls.blockingUnaryCall(ClientCalls.java:139)
	at org.apache.ratis.proto.grpc.RaftServerProtocolServiceGrpc$RaftServerProtocolServiceBlockingStub.requestVote(RaftServerProtocolServiceGrpc.java:265)
	at org.apache.ratis.grpc.server.GrpcServerProtocolClient.requestVote(GrpcServerProtocolClient.java:90)
	at org.apache.ratis.grpc.server.GrpcService.requestVote(GrpcService.java:204)
	at org.apache.ratis.server.impl.LeaderElection.lambda$submitRequests$1(LeaderElection.java:238)
	at java.util.concurrent.FutureTask.run(FutureTask.java:266)
	at java.util.concurrent.Executors$RunnableAdapter.call(Executors.java:511)
	at java.util.concurrent.FutureTask.run(FutureTask.java:266)
	at java.util.concurrent.ThreadPoolExecutor.runWorker(ThreadPoolExecutor.java:1149)
	at java.util.concurrent.ThreadPoolExecutor$Worker.run(ThreadPoolExecutor.java:624)
	... 1 more
Caused by: org.apache.ratis.thirdparty.io.netty.channel.AbstractChannel$AnnotatedConnectException: Connection refused: /192.168.5.148:35009
	at sun.nio.ch.SocketChannelImpl.checkConnect(Native Method)
	at sun.nio.ch.SocketChannelImpl.finishConnect(SocketChannelImpl.java:717)
	at org.apache.ratis.thirdparty.io.netty.channel.socket.nio.NioSocketChannel.doFinishConnect(NioSocketChannel.java:327)
	at org.apache.ratis.thirdparty.io.netty.channel.nio.AbstractNioChannel$AbstractNioUnsafe.finishConnect(AbstractNioChannel.java:340)
	at org.apache.ratis.thirdparty.io.netty.channel.nio.NioEventLoop.processSelectedKey(NioEventLoop.java:632)
	at org.apache.ratis.thirdparty.io.netty.channel.nio.NioEventLoop.processSelectedKeysOptimized(NioEventLoop.java:579)
	at org.apache.ratis.thirdparty.io.netty.channel.nio.NioEventLoop.processSelectedKeys(NioEventLoop.java:496)
	at org.apache.ratis.thirdparty.io.netty.channel.nio.NioEventLoop.run(NioEventLoop.java:458)
	at org.apache.ratis.thirdparty.io.netty.util.concurrent.SingleThreadEventExecutor$5.run(SingleThreadEventExecutor.java:897)
	at org.apache.ratis.thirdparty.io.netty.util.concurrent.FastThreadLocalRunnable.run(FastThreadLocalRunnable.java:30)
	... 1 more
Caused by: java.net.ConnectException: Connection refused
	... 11 more
2019-09-24 19:01:12,066 [d6fdad48-5745-4acd-8132-622988eb1603@group-2B1DF545E51A:LeaderElection20] INFO  impl.RaftServerImpl (RaftServerImpl.java:setRole(174)) - d6fdad48-5745-4acd-8132-622988eb1603@group-2B1DF545E51A: changes role from CANDIDATE to FOLLOWER at term 3 for DISCOVERED_A_NEW_TERM
2019-09-24 19:01:12,066 [29620711-3f46-457a-8151-219e63eed2d2@group-2B1DF545E51A:LeaderElection21] INFO  impl.RaftServerImpl (RaftServerImpl.java:setRole(174)) - 29620711-3f46-457a-8151-219e63eed2d2@group-2B1DF545E51A: changes role from CANDIDATE to FOLLOWER at term 3 for DISCOVERED_A_NEW_TERM
2019-09-24 19:01:12,066 [d6fdad48-5745-4acd-8132-622988eb1603@group-2B1DF545E51A:LeaderElection20] INFO  impl.RoleInfo (RoleInfo.java:shutdownLeaderElection(134)) - d6fdad48-5745-4acd-8132-622988eb1603: shutdown LeaderElection
2019-09-24 19:01:12,067 [29620711-3f46-457a-8151-219e63eed2d2@group-2B1DF545E51A:LeaderElection21] INFO  impl.RoleInfo (RoleInfo.java:shutdownLeaderElection(134)) - 29620711-3f46-457a-8151-219e63eed2d2: shutdown LeaderElection
2019-09-24 19:01:12,067 [d6fdad48-5745-4acd-8132-622988eb1603@group-2B1DF545E51A:LeaderElection20] INFO  impl.RoleInfo (RoleInfo.java:updateAndGet(143)) - d6fdad48-5745-4acd-8132-622988eb1603: start FollowerState
2019-09-24 19:01:12,067 [29620711-3f46-457a-8151-219e63eed2d2@group-2B1DF545E51A:LeaderElection21] INFO  impl.RoleInfo (RoleInfo.java:updateAndGet(143)) - 29620711-3f46-457a-8151-219e63eed2d2: start FollowerState
2019-09-24 19:01:13,157 [Thread-545] INFO  impl.FollowerState (FollowerState.java:run(106)) - d6fdad48-5745-4acd-8132-622988eb1603:group-2B1DF545E51A changes to CANDIDATE, lastRpcTime:1090, electionTimeout:1090ms
2019-09-24 19:01:13,158 [Thread-545] INFO  impl.RoleInfo (RoleInfo.java:shutdownFollowerState(121)) - d6fdad48-5745-4acd-8132-622988eb1603: shutdown FollowerState
2019-09-24 19:01:13,158 [Thread-545] INFO  impl.RaftServerImpl (RaftServerImpl.java:setRole(174)) - d6fdad48-5745-4acd-8132-622988eb1603@group-2B1DF545E51A: changes role from  FOLLOWER to CANDIDATE at term 3 for changeToCandidate
2019-09-24 19:01:13,158 [Thread-545] INFO  impl.RoleInfo (RoleInfo.java:updateAndGet(143)) - d6fdad48-5745-4acd-8132-622988eb1603: start LeaderElection
2019-09-24 19:01:13,184 [Thread-546] INFO  impl.FollowerState (FollowerState.java:run(106)) - 29620711-3f46-457a-8151-219e63eed2d2:group-2B1DF545E51A changes to CANDIDATE, lastRpcTime:1116, electionTimeout:1116ms
2019-09-24 19:01:13,184 [Thread-546] INFO  impl.RoleInfo (RoleInfo.java:shutdownFollowerState(121)) - 29620711-3f46-457a-8151-219e63eed2d2: shutdown FollowerState
2019-09-24 19:01:13,184 [Thread-546] INFO  impl.RaftServerImpl (RaftServerImpl.java:setRole(174)) - 29620711-3f46-457a-8151-219e63eed2d2@group-2B1DF545E51A: changes role from  FOLLOWER to CANDIDATE at term 3 for changeToCandidate
2019-09-24 19:01:13,184 [Thread-546] INFO  impl.RoleInfo (RoleInfo.java:updateAndGet(143)) - 29620711-3f46-457a-8151-219e63eed2d2: start LeaderElection
2019-09-24 19:01:13,587 [main] INFO  ozoneimpl.OzoneContainer (OzoneContainer.java:stop(231)) - Attempting to stop container services.
2019-09-24 19:01:13,588 [main] INFO  impl.RaftServerProxy (RaftServerProxy.java:lambda$close$4(314)) - 29620711-3f46-457a-8151-219e63eed2d2: close
2019-09-24 19:01:13,589 [main] INFO  impl.RaftServerImpl (RaftServerImpl.java:lambda$shutdown$3(251)) - 29620711-3f46-457a-8151-219e63eed2d2@group-3D9711DD10A2: shutdown
2019-09-24 19:01:13,589 [main] INFO  util.JmxRegister (JmxRegister.java:unregister(73)) - Successfully un-registered JMX Bean with object name Ratis:service=RaftServer,group=group-3D9711DD10A2,id=29620711-3f46-457a-8151-219e63eed2d2
2019-09-24 19:01:13,590 [main] INFO  impl.RoleInfo (RoleInfo.java:shutdownLeaderState(104)) - 29620711-3f46-457a-8151-219e63eed2d2: shutdown LeaderState
2019-09-24 19:01:13,590 [main] INFO  impl.PendingRequests (PendingRequests.java:sendNotLeaderResponses(202)) - 29620711-3f46-457a-8151-219e63eed2d2-PendingRequests: sendNotLeaderResponses
2019-09-24 19:01:13,591 [main] INFO  impl.StateMachineUpdater (StateMachineUpdater.java:stopAndJoin(125)) - 29620711-3f46-457a-8151-219e63eed2d2@group-3D9711DD10A2-StateMachineUpdater: set stopIndex = 0
2019-09-24 19:01:13,592 [main] INFO  impl.RaftServerImpl (ServerState.java:close(385)) - 29620711-3f46-457a-8151-219e63eed2d2@group-3D9711DD10A2: closes. applyIndex: 0
2019-09-24 19:01:13,592 [29620711-3f46-457a-8151-219e63eed2d2@group-3D9711DD10A2-SegmentedRaftLogWorker] INFO  segmented.SegmentedRaftLogWorker (SegmentedRaftLogWorker.java:run(313)) - 29620711-3f46-457a-8151-219e63eed2d2@group-3D9711DD10A2-SegmentedRaftLogWorker was interrupted, exiting. There are 0 tasks remaining in the queue.
2019-09-24 19:01:13,596 [main] INFO  segmented.SegmentedRaftLogWorker (SegmentedRaftLogWorker.java:close(228)) - 29620711-3f46-457a-8151-219e63eed2d2@group-3D9711DD10A2-SegmentedRaftLogWorker close()
2019-09-24 19:01:13,601 [main] INFO  impl.RaftServerImpl (RaftServerImpl.java:lambda$shutdown$3(251)) - 29620711-3f46-457a-8151-219e63eed2d2@group-2B1DF545E51A: shutdown
2019-09-24 19:01:13,602 [main] INFO  util.JmxRegister (JmxRegister.java:unregister(73)) - Successfully un-registered JMX Bean with object name Ratis:service=RaftServer,group=group-2B1DF545E51A,id=29620711-3f46-457a-8151-219e63eed2d2
2019-09-24 19:01:13,602 [main] INFO  impl.RoleInfo (RoleInfo.java:shutdownLeaderElection(134)) - 29620711-3f46-457a-8151-219e63eed2d2: shutdown LeaderElection
2019-09-24 19:01:13,603 [main] INFO  impl.StateMachineUpdater (StateMachineUpdater.java:stopAndJoin(125)) - 29620711-3f46-457a-8151-219e63eed2d2@group-2B1DF545E51A-StateMachineUpdater: set stopIndex = 4
2019-09-24 19:01:13,603 [29620711-3f46-457a-8151-219e63eed2d2@group-2B1DF545E51A-StateMachineUpdater] INFO  ratis.ContainerStateMachine (ContainerStateMachine.java:takeSnapshot(289)) - group-2B1DF545E51A: Taking a snapshot at:(t:1, i:3) file /workdir/hadoop-ozone/integration-test/target/test-dir/MiniOzoneClusterImpl-347bc0d8-8dc7-46c0-bd0b-f626cebf696e/datanode-7/data/ratis/14de40bd-5f85-419a-a46b-2b1df545e51a/sm/snapshot.1_3
2019-09-24 19:01:18,416 [29620711-3f46-457a-8151-219e63eed2d2@group-2B1DF545E51A-StateMachineUpdater] INFO  ratis.ContainerStateMachine (ContainerStateMachine.java:takeSnapshot(300)) - group-2B1DF545E51A: Finished taking a snapshot at:(t:1, i:3) file:/workdir/hadoop-ozone/integration-test/target/test-dir/MiniOzoneClusterImpl-347bc0d8-8dc7-46c0-bd0b-f626cebf696e/datanode-7/data/ratis/14de40bd-5f85-419a-a46b-2b1df545e51a/sm/snapshot.1_3 time:4813
2019-09-24 19:01:18,416 [d6fdad48-5745-4acd-8132-622988eb1603@group-2B1DF545E51A:LeaderElection22] INFO  impl.LeaderElection (LeaderElection.java:askForVotes(182)) - d6fdad48-5745-4acd-8132-622988eb1603@group-2B1DF545E51A:LeaderElection22: begin an election at term 4 for 0: [d6fdad48-5745-4acd-8132-622988eb1603:192.168.5.148:33283, a05b4b97-0b18-4776-a1dd-8f128fadc53a:192.168.5.148:35009, 29620711-3f46-457a-8151-219e63eed2d2:192.168.5.148:46161], old=null
2019-09-24 19:01:18,416 [29620711-3f46-457a-8151-219e63eed2d2@group-2B1DF545E51A:LeaderElection23] INFO  impl.LeaderElection (LeaderElection.java:askForVotes(182)) - 29620711-3f46-457a-8151-219e63eed2d2@group-2B1DF545E51A:LeaderElection23: begin an election at term 4 for 0: [d6fdad48-5745-4acd-8132-622988eb1603:192.168.5.148:33283, a05b4b97-0b18-4776-a1dd-8f128fadc53a:192.168.5.148:35009, 29620711-3f46-457a-8151-219e63eed2d2:192.168.5.148:46161], old=null
2019-09-24 19:01:18,418 [29620711-3f46-457a-8151-219e63eed2d2@group-2B1DF545E51A-StateMachineUpdater] INFO  impl.StateMachineUpdater (StateMachineUpdater.java:takeSnapshot(258)) - 29620711-3f46-457a-8151-219e63eed2d2@group-2B1DF545E51A-StateMachineUpdater: Took a snapshot at index 3
2019-09-24 19:01:18,418 [29620711-3f46-457a-8151-219e63eed2d2@group-2B1DF545E51A-StateMachineUpdater] INFO  impl.StateMachineUpdater (StateMachineUpdater.java:lambda$new$0(83)) - 29620711-3f46-457a-8151-219e63eed2d2@group-2B1DF545E51A-StateMachineUpdater: snapshotIndex: updateIncreasingly -1 -> 3
2019-09-24 19:01:18,419 [29620711-3f46-457a-8151-219e63eed2d2@group-2B1DF545E51A-StateMachineUpdater] INFO  ratis.ContainerStateMachine (ContainerStateMachine.java:takeSnapshot(289)) - group-2B1DF545E51A: Taking a snapshot at:(t:1, i:3) file /workdir/hadoop-ozone/integration-test/target/test-dir/MiniOzoneClusterImpl-347bc0d8-8dc7-46c0-bd0b-f626cebf696e/datanode-7/data/ratis/14de40bd-5f85-419a-a46b-2b1df545e51a/sm/snapshot.1_3
2019-09-24 19:01:18,419 [29620711-3f46-457a-8151-219e63eed2d2@group-2B1DF545E51A:LeaderElection23] INFO  impl.LeaderElection (LeaderElection.java:logAndReturn(56)) - 29620711-3f46-457a-8151-219e63eed2d2@group-2B1DF545E51A:LeaderElection23: Election REJECTED; received 0 response(s) [] and 0 exception(s); 29620711-3f46-457a-8151-219e63eed2d2@group-2B1DF545E51A:t4, leader=null, voted=29620711-3f46-457a-8151-219e63eed2d2, raftlog=29620711-3f46-457a-8151-219e63eed2d2@group-2B1DF545E51A-SegmentedRaftLog:OPENED:c4,f4,i4, conf=0: [d6fdad48-5745-4acd-8132-622988eb1603:192.168.5.148:33283, a05b4b97-0b18-4776-a1dd-8f128fadc53a:192.168.5.148:35009, 29620711-3f46-457a-8151-219e63eed2d2:192.168.5.148:46161], old=null
2019-09-24 19:01:18,421 [d6fdad48-5745-4acd-8132-622988eb1603@group-2B1DF545E51A:LeaderElection22] INFO  impl.LeaderElection (LogUtils.java:infoOrTrace(149)) - d6fdad48-5745-4acd-8132-622988eb1603@group-2B1DF545E51A:LeaderElection22 got exception when requesting votes: {}
java.util.concurrent.ExecutionException: org.apache.ratis.thirdparty.io.grpc.StatusRuntimeException: UNAVAILABLE: io exception
	at java.util.concurrent.FutureTask.report(FutureTask.java:122)
	at java.util.concurrent.FutureTask.get(FutureTask.java:192)
	at org.apache.ratis.server.impl.LeaderElection.waitForResults(LeaderElection.java:263)
	at org.apache.ratis.server.impl.LeaderElection.askForVotes(LeaderElection.java:201)
	at org.apache.ratis.server.impl.LeaderElection.run(LeaderElection.java:133)
	at java.lang.Thread.run(Thread.java:748)
Caused by: org.apache.ratis.thirdparty.io.grpc.StatusRuntimeException: UNAVAILABLE: io exception
	at org.apache.ratis.thirdparty.io.grpc.stub.ClientCalls.toStatusRuntimeException(ClientCalls.java:233)
	at org.apache.ratis.thirdparty.io.grpc.stub.ClientCalls.getUnchecked(ClientCalls.java:214)
	at org.apache.ratis.thirdparty.io.grpc.stub.ClientCalls.blockingUnaryCall(ClientCalls.java:139)
	at org.apache.ratis.proto.grpc.RaftServerProtocolServiceGrpc$RaftServerProtocolServiceBlockingStub.requestVote(RaftServerProtocolServiceGrpc.java:265)
	at org.apache.ratis.grpc.server.GrpcServerProtocolClient.requestVote(GrpcServerProtocolClient.java:90)
	at org.apache.ratis.grpc.server.GrpcService.requestVote(GrpcService.java:204)
	at org.apache.ratis.server.impl.LeaderElection.lambda$submitRequests$1(LeaderElection.java:238)
	at java.util.concurrent.FutureTask.run(FutureTask.java:266)
	at java.util.concurrent.Executors$RunnableAdapter.call(Executors.java:511)
	at java.util.concurrent.FutureTask.run(FutureTask.java:266)
	at java.util.concurrent.ThreadPoolExecutor.runWorker(ThreadPoolExecutor.java:1149)
	at java.util.concurrent.ThreadPoolExecutor$Worker.run(ThreadPoolExecutor.java:624)
	... 1 more
Caused by: org.apache.ratis.thirdparty.io.netty.channel.AbstractChannel$AnnotatedConnectException: Connection refused: /192.168.5.148:35009
	at sun.nio.ch.SocketChannelImpl.checkConnect(Native Method)
	at sun.nio.ch.SocketChannelImpl.finishConnect(SocketChannelImpl.java:717)
	at org.apache.ratis.thirdparty.io.netty.channel.socket.nio.NioSocketChannel.doFinishConnect(NioSocketChannel.java:327)
	at org.apache.ratis.thirdparty.io.netty.channel.nio.AbstractNioChannel$AbstractNioUnsafe.finishConnect(AbstractNioChannel.java:340)
	at org.apache.ratis.thirdparty.io.netty.channel.nio.NioEventLoop.processSelectedKey(NioEventLoop.java:632)
	at org.apache.ratis.thirdparty.io.netty.channel.nio.NioEventLoop.processSelectedKeysOptimized(NioEventLoop.java:579)
	at org.apache.ratis.thirdparty.io.netty.channel.nio.NioEventLoop.processSelectedKeys(NioEventLoop.java:496)
	at org.apache.ratis.thirdparty.io.netty.channel.nio.NioEventLoop.run(NioEventLoop.java:458)
	at org.apache.ratis.thirdparty.io.netty.util.concurrent.SingleThreadEventExecutor$5.run(SingleThreadEventExecutor.java:897)
	at org.apache.ratis.thirdparty.io.netty.util.concurrent.FastThreadLocalRunnable.run(FastThreadLocalRunnable.java:30)
	... 1 more
Caused by: java.net.ConnectException: Connection refused
	... 11 more
2019-09-24 19:01:18,438 [grpc-default-executor-7] WARN  server.GrpcServerProtocolService (LogUtils.java:warn(134)) - 29620711-3f46-457a-8151-219e63eed2d2: Failed requestVote d6fdad48-5745-4acd-8132-622988eb1603->29620711-3f46-457a-8151-219e63eed2d2#0: org.apache.ratis.protocol.ServerNotReadyException: 29620711-3f46-457a-8151-219e63eed2d2@group-2B1DF545E51A is not in [RUNNING]: current state is CLOSING
2019-09-24 19:01:18,486 [d6fdad48-5745-4acd-8132-622988eb1603@group-2B1DF545E51A:LeaderElection22] INFO  impl.LeaderElection (LogUtils.java:infoOrTrace(149)) - d6fdad48-5745-4acd-8132-622988eb1603@group-2B1DF545E51A:LeaderElection22 got exception when requesting votes: {}
java.util.concurrent.ExecutionException: org.apache.ratis.thirdparty.io.grpc.StatusRuntimeException: INTERNAL: 29620711-3f46-457a-8151-219e63eed2d2@group-2B1DF545E51A is not in [RUNNING]: current state is CLOSING
	at java.util.concurrent.FutureTask.report(FutureTask.java:122)
	at java.util.concurrent.FutureTask.get(FutureTask.java:192)
	at org.apache.ratis.server.impl.LeaderElection.waitForResults(LeaderElection.java:263)
	at org.apache.ratis.server.impl.LeaderElection.askForVotes(LeaderElection.java:201)
	at org.apache.ratis.server.impl.LeaderElection.run(LeaderElection.java:133)
	at java.lang.Thread.run(Thread.java:748)
Caused by: org.apache.ratis.thirdparty.io.grpc.StatusRuntimeException: INTERNAL: 29620711-3f46-457a-8151-219e63eed2d2@group-2B1DF545E51A is not in [RUNNING]: current state is CLOSING
	at org.apache.ratis.thirdparty.io.grpc.stub.ClientCalls.toStatusRuntimeException(ClientCalls.java:233)
	at org.apache.ratis.thirdparty.io.grpc.stub.ClientCalls.getUnchecked(ClientCalls.java:214)
	at org.apache.ratis.thirdparty.io.grpc.stub.ClientCalls.blockingUnaryCall(ClientCalls.java:139)
	at org.apache.ratis.proto.grpc.RaftServerProtocolServiceGrpc$RaftServerProtocolServiceBlockingStub.requestVote(RaftServerProtocolServiceGrpc.java:265)
	at org.apache.ratis.grpc.server.GrpcServerProtocolClient.requestVote(GrpcServerProtocolClient.java:90)
	at org.apache.ratis.grpc.server.GrpcService.requestVote(GrpcService.java:204)
	at org.apache.ratis.server.impl.LeaderElection.lambda$submitRequests$1(LeaderElection.java:238)
	at java.util.concurrent.FutureTask.run(FutureTask.java:266)
	at java.util.concurrent.Executors$RunnableAdapter.call(Executors.java:511)
	at java.util.concurrent.FutureTask.run(FutureTask.java:266)
	at java.util.concurrent.ThreadPoolExecutor.runWorker(ThreadPoolExecutor.java:1149)
	at java.util.concurrent.ThreadPoolExecutor$Worker.run(ThreadPoolExecutor.java:624)
	... 1 more
2019-09-24 19:01:18,492 [d6fdad48-5745-4acd-8132-622988eb1603@group-2B1DF545E51A:LeaderElection22] INFO  impl.LeaderElection (LeaderElection.java:logAndReturn(56)) - d6fdad48-5745-4acd-8132-622988eb1603@group-2B1DF545E51A:LeaderElection22: Election REJECTED; received 0 response(s) [] and 2 exception(s); d6fdad48-5745-4acd-8132-622988eb1603@group-2B1DF545E51A:t4, leader=null, voted=d6fdad48-5745-4acd-8132-622988eb1603, raftlog=d6fdad48-5745-4acd-8132-622988eb1603@group-2B1DF545E51A-SegmentedRaftLog:OPENED:c4,f4,i4, conf=0: [d6fdad48-5745-4acd-8132-622988eb1603:192.168.5.148:33283, a05b4b97-0b18-4776-a1dd-8f128fadc53a:192.168.5.148:35009, 29620711-3f46-457a-8151-219e63eed2d2:192.168.5.148:46161], old=null
2019-09-24 19:01:18,492 [d6fdad48-5745-4acd-8132-622988eb1603@group-2B1DF545E51A:LeaderElection22] INFO  impl.LeaderElection (LogUtils.java:infoOrTrace(149)) -   Exception 0: {}
java.util.concurrent.ExecutionException: org.apache.ratis.thirdparty.io.grpc.StatusRuntimeException: UNAVAILABLE: io exception
	at java.util.concurrent.FutureTask.report(FutureTask.java:122)
	at java.util.concurrent.FutureTask.get(FutureTask.java:192)
	at org.apache.ratis.server.impl.LeaderElection.waitForResults(LeaderElection.java:263)
	at org.apache.ratis.server.impl.LeaderElection.askForVotes(LeaderElection.java:201)
	at org.apache.ratis.server.impl.LeaderElection.run(LeaderElection.java:133)
	at java.lang.Thread.run(Thread.java:748)
Caused by: org.apache.ratis.thirdparty.io.grpc.StatusRuntimeException: UNAVAILABLE: io exception
	at org.apache.ratis.thirdparty.io.grpc.stub.ClientCalls.toStatusRuntimeException(ClientCalls.java:233)
	at org.apache.ratis.thirdparty.io.grpc.stub.ClientCalls.getUnchecked(ClientCalls.java:214)
	at org.apache.ratis.thirdparty.io.grpc.stub.ClientCalls.blockingUnaryCall(ClientCalls.java:139)
	at org.apache.ratis.proto.grpc.RaftServerProtocolServiceGrpc$RaftServerProtocolServiceBlockingStub.requestVote(RaftServerProtocolServiceGrpc.java:265)
	at org.apache.ratis.grpc.server.GrpcServerProtocolClient.requestVote(GrpcServerProtocolClient.java:90)
	at org.apache.ratis.grpc.server.GrpcService.requestVote(GrpcService.java:204)
	at org.apache.ratis.server.impl.LeaderElection.lambda$submitRequests$1(LeaderElection.java:238)
	at java.util.concurrent.FutureTask.run(FutureTask.java:266)
	at java.util.concurrent.Executors$RunnableAdapter.call(Executors.java:511)
	at java.util.concurrent.FutureTask.run(FutureTask.java:266)
	at java.util.concurrent.ThreadPoolExecutor.runWorker(ThreadPoolExecutor.java:1149)
	at java.util.concurrent.ThreadPoolExecutor$Worker.run(ThreadPoolExecutor.java:624)
	... 1 more
Caused by: org.apache.ratis.thirdparty.io.netty.channel.AbstractChannel$AnnotatedConnectException: Connection refused: /192.168.5.148:35009
	at sun.nio.ch.SocketChannelImpl.checkConnect(Native Method)
	at sun.nio.ch.SocketChannelImpl.finishConnect(SocketChannelImpl.java:717)
	at org.apache.ratis.thirdparty.io.netty.channel.socket.nio.NioSocketChannel.doFinishConnect(NioSocketChannel.java:327)
	at org.apache.ratis.thirdparty.io.netty.channel.nio.AbstractNioChannel$AbstractNioUnsafe.finishConnect(AbstractNioChannel.java:340)
	at org.apache.ratis.thirdparty.io.netty.channel.nio.NioEventLoop.processSelectedKey(NioEventLoop.java:632)
	at org.apache.ratis.thirdparty.io.netty.channel.nio.NioEventLoop.processSelectedKeysOptimized(NioEventLoop.java:579)
	at org.apache.ratis.thirdparty.io.netty.channel.nio.NioEventLoop.processSelectedKeys(NioEventLoop.java:496)
	at org.apache.ratis.thirdparty.io.netty.channel.nio.NioEventLoop.run(NioEventLoop.java:458)
	at org.apache.ratis.thirdparty.io.netty.util.concurrent.SingleThreadEventExecutor$5.run(SingleThreadEventExecutor.java:897)
	at org.apache.ratis.thirdparty.io.netty.util.concurrent.FastThreadLocalRunnable.run(FastThreadLocalRunnable.java:30)
	... 1 more
Caused by: java.net.ConnectException: Connection refused
	... 11 more
2019-09-24 19:01:18,493 [d6fdad48-5745-4acd-8132-622988eb1603@group-2B1DF545E51A:LeaderElection22] INFO  impl.LeaderElection (LogUtils.java:infoOrTrace(149)) -   Exception 1: {}
java.util.concurrent.ExecutionException: org.apache.ratis.thirdparty.io.grpc.StatusRuntimeException: INTERNAL: 29620711-3f46-457a-8151-219e63eed2d2@group-2B1DF545E51A is not in [RUNNING]: current state is CLOSING
	at java.util.concurrent.FutureTask.report(FutureTask.java:122)
	at java.util.concurrent.FutureTask.get(FutureTask.java:192)
	at org.apache.ratis.server.impl.LeaderElection.waitForResults(LeaderElection.java:263)
	at org.apache.ratis.server.impl.LeaderElection.askForVotes(LeaderElection.java:201)
	at org.apache.ratis.server.impl.LeaderElection.run(LeaderElection.java:133)
	at java.lang.Thread.run(Thread.java:748)
Caused by: org.apache.ratis.thirdparty.io.grpc.StatusRuntimeException: INTERNAL: 29620711-3f46-457a-8151-219e63eed2d2@group-2B1DF545E51A is not in [RUNNING]: current state is CLOSING
	at org.apache.ratis.thirdparty.io.grpc.stub.ClientCalls.toStatusRuntimeException(ClientCalls.java:233)
	at org.apache.ratis.thirdparty.io.grpc.stub.ClientCalls.getUnchecked(ClientCalls.java:214)
	at org.apache.ratis.thirdparty.io.grpc.stub.ClientCalls.blockingUnaryCall(ClientCalls.java:139)
	at org.apache.ratis.proto.grpc.RaftServerProtocolServiceGrpc$RaftServerProtocolServiceBlockingStub.requestVote(RaftServerProtocolServiceGrpc.java:265)
	at org.apache.ratis.grpc.server.GrpcServerProtocolClient.requestVote(GrpcServerProtocolClient.java:90)
	at org.apache.ratis.grpc.server.GrpcService.requestVote(GrpcService.java:204)
	at org.apache.ratis.server.impl.LeaderElection.lambda$submitRequests$1(LeaderElection.java:238)
	at java.util.concurrent.FutureTask.run(FutureTask.java:266)
	at java.util.concurrent.Executors$RunnableAdapter.call(Executors.java:511)
	at java.util.concurrent.FutureTask.run(FutureTask.java:266)
	at java.util.concurrent.ThreadPoolExecutor.runWorker(ThreadPoolExecutor.java:1149)
	at java.util.concurrent.ThreadPoolExecutor$Worker.run(ThreadPoolExecutor.java:624)
	... 1 more
2019-09-24 19:01:18,493 [d6fdad48-5745-4acd-8132-622988eb1603@group-2B1DF545E51A:LeaderElection22] INFO  impl.RaftServerImpl (RaftServerImpl.java:setRole(174)) - d6fdad48-5745-4acd-8132-622988eb1603@group-2B1DF545E51A: changes role from CANDIDATE to FOLLOWER at term 4 for DISCOVERED_A_NEW_TERM
2019-09-24 19:01:18,493 [d6fdad48-5745-4acd-8132-622988eb1603@group-2B1DF545E51A:LeaderElection22] INFO  impl.RoleInfo (RoleInfo.java:shutdownLeaderElection(134)) - d6fdad48-5745-4acd-8132-622988eb1603: shutdown LeaderElection
2019-09-24 19:01:18,494 [d6fdad48-5745-4acd-8132-622988eb1603@group-2B1DF545E51A:LeaderElection22] INFO  impl.RoleInfo (RoleInfo.java:updateAndGet(143)) - d6fdad48-5745-4acd-8132-622988eb1603: start FollowerState
2019-09-24 19:01:19,624 [Thread-605] INFO  impl.FollowerState (FollowerState.java:run(106)) - d6fdad48-5745-4acd-8132-622988eb1603:group-2B1DF545E51A changes to CANDIDATE, lastRpcTime:1130, electionTimeout:1130ms
2019-09-24 19:01:19,627 [Thread-605] INFO  impl.RoleInfo (RoleInfo.java:shutdownFollowerState(121)) - d6fdad48-5745-4acd-8132-622988eb1603: shutdown FollowerState
2019-09-24 19:01:19,628 [Thread-605] INFO  impl.RaftServerImpl (RaftServerImpl.java:setRole(174)) - d6fdad48-5745-4acd-8132-622988eb1603@group-2B1DF545E51A: changes role from  FOLLOWER to CANDIDATE at term 4 for changeToCandidate
2019-09-24 19:01:19,628 [Thread-605] INFO  impl.RoleInfo (RoleInfo.java:updateAndGet(143)) - d6fdad48-5745-4acd-8132-622988eb1603: start LeaderElection
2019-09-24 19:01:20,740 [29620711-3f46-457a-8151-219e63eed2d2@group-2B1DF545E51A-StateMachineUpdater] INFO  ratis.ContainerStateMachine (ContainerStateMachine.java:takeSnapshot(300)) - group-2B1DF545E51A: Finished taking a snapshot at:(t:1, i:3) file:/workdir/hadoop-ozone/integration-test/target/test-dir/MiniOzoneClusterImpl-347bc0d8-8dc7-46c0-bd0b-f626cebf696e/datanode-7/data/ratis/14de40bd-5f85-419a-a46b-2b1df545e51a/sm/snapshot.1_3 time:2322
2019-09-24 19:01:20,740 [d6fdad48-5745-4acd-8132-622988eb1603@group-2B1DF545E51A:LeaderElection24] INFO  impl.LeaderElection (LeaderElection.java:askForVotes(182)) - d6fdad48-5745-4acd-8132-622988eb1603@group-2B1DF545E51A:LeaderElection24: begin an election at term 5 for 0: [d6fdad48-5745-4acd-8132-622988eb1603:192.168.5.148:33283, a05b4b97-0b18-4776-a1dd-8f128fadc53a:192.168.5.148:35009, 29620711-3f46-457a-8151-219e63eed2d2:192.168.5.148:46161], old=null
2019-09-24 19:01:20,741 [29620711-3f46-457a-8151-219e63eed2d2@group-2B1DF545E51A-StateMachineUpdater] INFO  impl.StateMachineUpdater (StateMachineUpdater.java:takeSnapshot(258)) - 29620711-3f46-457a-8151-219e63eed2d2@group-2B1DF545E51A-StateMachineUpdater: Took a snapshot at index 3
2019-09-24 19:01:20,741 [29620711-3f46-457a-8151-219e63eed2d2@group-2B1DF545E51A-StateMachineUpdater] INFO  impl.StateMachineUpdater (StateMachineUpdater.java:lambda$new$0(83)) - 29620711-3f46-457a-8151-219e63eed2d2@group-2B1DF545E51A-StateMachineUpdater: snapshotIndex: updateIncreasingly 3 -> 3
2019-09-24 19:01:20,743 [main] INFO  impl.RaftServerImpl (ServerState.java:close(385)) - 29620711-3f46-457a-8151-219e63eed2d2@group-2B1DF545E51A: closes. applyIndex: 4
2019-09-24 19:01:20,743 [d6fdad48-5745-4acd-8132-622988eb1603@group-2B1DF545E51A:LeaderElection24] INFO  impl.LeaderElection (LogUtils.java:infoOrTrace(149)) - d6fdad48-5745-4acd-8132-622988eb1603@group-2B1DF545E51A:LeaderElection24 got exception when requesting votes: {}
java.util.concurrent.ExecutionException: org.apache.ratis.thirdparty.io.grpc.StatusRuntimeException: UNAVAILABLE: io exception
	at java.util.concurrent.FutureTask.report(FutureTask.java:122)
	at java.util.concurrent.FutureTask.get(FutureTask.java:192)
	at org.apache.ratis.server.impl.LeaderElection.waitForResults(LeaderElection.java:263)
	at org.apache.ratis.server.impl.LeaderElection.askForVotes(LeaderElection.java:201)
	at org.apache.ratis.server.impl.LeaderElection.run(LeaderElection.java:133)
	at java.lang.Thread.run(Thread.java:748)
Caused by: org.apache.ratis.thirdparty.io.grpc.StatusRuntimeException: UNAVAILABLE: io exception
	at org.apache.ratis.thirdparty.io.grpc.stub.ClientCalls.toStatusRuntimeException(ClientCalls.java:233)
	at org.apache.ratis.thirdparty.io.grpc.stub.ClientCalls.getUnchecked(ClientCalls.java:214)
	at org.apache.ratis.thirdparty.io.grpc.stub.ClientCalls.blockingUnaryCall(ClientCalls.java:139)
	at org.apache.ratis.proto.grpc.RaftServerProtocolServiceGrpc$RaftServerProtocolServiceBlockingStub.requestVote(RaftServerProtocolServiceGrpc.java:265)
	at org.apache.ratis.grpc.server.GrpcServerProtocolClient.requestVote(GrpcServerProtocolClient.java:90)
	at org.apache.ratis.grpc.server.GrpcService.requestVote(GrpcService.java:204)
	at org.apache.ratis.server.impl.LeaderElection.lambda$submitRequests$1(LeaderElection.java:238)
	at java.util.concurrent.FutureTask.run(FutureTask.java:266)
	at java.util.concurrent.Executors$RunnableAdapter.call(Executors.java:511)
	at java.util.concurrent.FutureTask.run(FutureTask.java:266)
	at java.util.concurrent.ThreadPoolExecutor.runWorker(ThreadPoolExecutor.java:1149)
	at java.util.concurrent.ThreadPoolExecutor$Worker.run(ThreadPoolExecutor.java:624)
	... 1 more
Caused by: org.apache.ratis.thirdparty.io.netty.channel.AbstractChannel$AnnotatedConnectException: Connection refused: /192.168.5.148:35009
	at sun.nio.ch.SocketChannelImpl.checkConnect(Native Method)
	at sun.nio.ch.SocketChannelImpl.finishConnect(SocketChannelImpl.java:717)
	at org.apache.ratis.thirdparty.io.netty.channel.socket.nio.NioSocketChannel.doFinishConnect(NioSocketChannel.java:327)
	at org.apache.ratis.thirdparty.io.netty.channel.nio.AbstractNioChannel$AbstractNioUnsafe.finishConnect(AbstractNioChannel.java:340)
	at org.apache.ratis.thirdparty.io.netty.channel.nio.NioEventLoop.processSelectedKey(NioEventLoop.java:632)
	at org.apache.ratis.thirdparty.io.netty.channel.nio.NioEventLoop.processSelectedKeysOptimized(NioEventLoop.java:579)
	at org.apache.ratis.thirdparty.io.netty.channel.nio.NioEventLoop.processSelectedKeys(NioEventLoop.java:496)
	at org.apache.ratis.thirdparty.io.netty.channel.nio.NioEventLoop.run(NioEventLoop.java:458)
	at org.apache.ratis.thirdparty.io.netty.util.concurrent.SingleThreadEventExecutor$5.run(SingleThreadEventExecutor.java:897)
	at org.apache.ratis.thirdparty.io.netty.util.concurrent.FastThreadLocalRunnable.run(FastThreadLocalRunnable.java:30)
	... 1 more
Caused by: java.net.ConnectException: Connection refused
	... 11 more
2019-09-24 19:01:20,744 [29620711-3f46-457a-8151-219e63eed2d2@group-2B1DF545E51A-SegmentedRaftLogWorker] INFO  segmented.SegmentedRaftLogWorker (SegmentedRaftLogWorker.java:run(313)) - 29620711-3f46-457a-8151-219e63eed2d2@group-2B1DF545E51A-SegmentedRaftLogWorker was interrupted, exiting. There are 0 tasks remaining in the queue.
2019-09-24 19:01:20,751 [main] INFO  segmented.SegmentedRaftLogWorker (SegmentedRaftLogWorker.java:close(228)) - 29620711-3f46-457a-8151-219e63eed2d2@group-2B1DF545E51A-SegmentedRaftLogWorker close()
2019-09-24 19:01:20,757 [main] INFO  server.GrpcService (GrpcService.java:closeImpl(164)) - 29620711-3f46-457a-8151-219e63eed2d2: shutdown server with port 46161 now
2019-09-24 19:01:20,761 [grpc-default-executor-7] WARN  server.GrpcServerProtocolService (LogUtils.java:warn(134)) - 29620711-3f46-457a-8151-219e63eed2d2: Failed requestVote d6fdad48-5745-4acd-8132-622988eb1603->29620711-3f46-457a-8151-219e63eed2d2#0: org.apache.ratis.protocol.ServerNotReadyException: 29620711-3f46-457a-8151-219e63eed2d2@group-2B1DF545E51A is not in [RUNNING]: current state is CLOSED
2019-09-24 19:01:20,765 [main] INFO  server.GrpcService (GrpcService.java:closeImpl(172)) - 29620711-3f46-457a-8151-219e63eed2d2: shutdown server with port 46161 successfully
2019-09-24 19:01:20,765 [d6fdad48-5745-4acd-8132-622988eb1603@group-2B1DF545E51A:LeaderElection24] INFO  impl.LeaderElection (LogUtils.java:infoOrTrace(149)) - d6fdad48-5745-4acd-8132-622988eb1603@group-2B1DF545E51A:LeaderElection24 got exception when requesting votes: {}
java.util.concurrent.ExecutionException: org.apache.ratis.thirdparty.io.grpc.StatusRuntimeException: CANCELLED: HTTP/2 error code: CANCEL
Received Rst Stream
	at java.util.concurrent.FutureTask.report(FutureTask.java:122)
	at java.util.concurrent.FutureTask.get(FutureTask.java:192)
	at org.apache.ratis.server.impl.LeaderElection.waitForResults(LeaderElection.java:263)
	at org.apache.ratis.server.impl.LeaderElection.askForVotes(LeaderElection.java:201)
	at org.apache.ratis.server.impl.LeaderElection.run(LeaderElection.java:133)
	at java.lang.Thread.run(Thread.java:748)
Caused by: org.apache.ratis.thirdparty.io.grpc.StatusRuntimeException: CANCELLED: HTTP/2 error code: CANCEL
Received Rst Stream
	at org.apache.ratis.thirdparty.io.grpc.stub.ClientCalls.toStatusRuntimeException(ClientCalls.java:233)
	at org.apache.ratis.thirdparty.io.grpc.stub.ClientCalls.getUnchecked(ClientCalls.java:214)
	at org.apache.ratis.thirdparty.io.grpc.stub.ClientCalls.blockingUnaryCall(ClientCalls.java:139)
	at org.apache.ratis.proto.grpc.RaftServerProtocolServiceGrpc$RaftServerProtocolServiceBlockingStub.requestVote(RaftServerProtocolServiceGrpc.java:265)
	at org.apache.ratis.grpc.server.GrpcServerProtocolClient.requestVote(GrpcServerProtocolClient.java:90)
	at org.apache.ratis.grpc.server.GrpcService.requestVote(GrpcService.java:204)
	at org.apache.ratis.server.impl.LeaderElection.lambda$submitRequests$1(LeaderElection.java:238)
	at java.util.concurrent.FutureTask.run(FutureTask.java:266)
	at java.util.concurrent.Executors$RunnableAdapter.call(Executors.java:511)
	at java.util.concurrent.FutureTask.run(FutureTask.java:266)
	at java.util.concurrent.ThreadPoolExecutor.runWorker(ThreadPoolExecutor.java:1149)
	at java.util.concurrent.ThreadPoolExecutor$Worker.run(ThreadPoolExecutor.java:624)
	... 1 more
2019-09-24 19:01:20,772 [d6fdad48-5745-4acd-8132-622988eb1603@group-2B1DF545E51A:LeaderElection24] INFO  impl.LeaderElection (LeaderElection.java:logAndReturn(56)) - d6fdad48-5745-4acd-8132-622988eb1603@group-2B1DF545E51A:LeaderElection24: Election REJECTED; received 0 response(s) [] and 2 exception(s); d6fdad48-5745-4acd-8132-622988eb1603@group-2B1DF545E51A:t5, leader=null, voted=d6fdad48-5745-4acd-8132-622988eb1603, raftlog=d6fdad48-5745-4acd-8132-622988eb1603@group-2B1DF545E51A-SegmentedRaftLog:OPENED:c4,f4,i4, conf=0: [d6fdad48-5745-4acd-8132-622988eb1603:192.168.5.148:33283, a05b4b97-0b18-4776-a1dd-8f128fadc53a:192.168.5.148:35009, 29620711-3f46-457a-8151-219e63eed2d2:192.168.5.148:46161], old=null
2019-09-24 19:01:20,772 [d6fdad48-5745-4acd-8132-622988eb1603@group-2B1DF545E51A:LeaderElection24] INFO  impl.LeaderElection (LogUtils.java:infoOrTrace(149)) -   Exception 0: {}
java.util.concurrent.ExecutionException: org.apache.ratis.thirdparty.io.grpc.StatusRuntimeException: UNAVAILABLE: io exception
	at java.util.concurrent.FutureTask.report(FutureTask.java:122)
	at java.util.concurrent.FutureTask.get(FutureTask.java:192)
	at org.apache.ratis.server.impl.LeaderElection.waitForResults(LeaderElection.java:263)
	at org.apache.ratis.server.impl.LeaderElection.askForVotes(LeaderElection.java:201)
	at org.apache.ratis.server.impl.LeaderElection.run(LeaderElection.java:133)
	at java.lang.Thread.run(Thread.java:748)
Caused by: org.apache.ratis.thirdparty.io.grpc.StatusRuntimeException: UNAVAILABLE: io exception
	at org.apache.ratis.thirdparty.io.grpc.stub.ClientCalls.toStatusRuntimeException(ClientCalls.java:233)
	at org.apache.ratis.thirdparty.io.grpc.stub.ClientCalls.getUnchecked(ClientCalls.java:214)
	at org.apache.ratis.thirdparty.io.grpc.stub.ClientCalls.blockingUnaryCall(ClientCalls.java:139)
	at org.apache.ratis.proto.grpc.RaftServerProtocolServiceGrpc$RaftServerProtocolServiceBlockingStub.requestVote(RaftServerProtocolServiceGrpc.java:265)
	at org.apache.ratis.grpc.server.GrpcServerProtocolClient.requestVote(GrpcServerProtocolClient.java:90)
	at org.apache.ratis.grpc.server.GrpcService.requestVote(GrpcService.java:204)
	at org.apache.ratis.server.impl.LeaderElection.lambda$submitRequests$1(LeaderElection.java:238)
	at java.util.concurrent.FutureTask.run(FutureTask.java:266)
	at java.util.concurrent.Executors$RunnableAdapter.call(Executors.java:511)
	at java.util.concurrent.FutureTask.run(FutureTask.java:266)
	at java.util.concurrent.ThreadPoolExecutor.runWorker(ThreadPoolExecutor.java:1149)
	at java.util.concurrent.ThreadPoolExecutor$Worker.run(ThreadPoolExecutor.java:624)
	... 1 more
Caused by: org.apache.ratis.thirdparty.io.netty.channel.AbstractChannel$AnnotatedConnectException: Connection refused: /192.168.5.148:35009
	at sun.nio.ch.SocketChannelImpl.checkConnect(Native Method)
	at sun.nio.ch.SocketChannelImpl.finishConnect(SocketChannelImpl.java:717)
	at org.apache.ratis.thirdparty.io.netty.channel.socket.nio.NioSocketChannel.doFinishConnect(NioSocketChannel.java:327)
	at org.apache.ratis.thirdparty.io.netty.channel.nio.AbstractNioChannel$AbstractNioUnsafe.finishConnect(AbstractNioChannel.java:340)
	at org.apache.ratis.thirdparty.io.netty.channel.nio.NioEventLoop.processSelectedKey(NioEventLoop.java:632)
	at org.apache.ratis.thirdparty.io.netty.channel.nio.NioEventLoop.processSelectedKeysOptimized(NioEventLoop.java:579)
	at org.apache.ratis.thirdparty.io.netty.channel.nio.NioEventLoop.processSelectedKeys(NioEventLoop.java:496)
	at org.apache.ratis.thirdparty.io.netty.channel.nio.NioEventLoop.run(NioEventLoop.java:458)
	at org.apache.ratis.thirdparty.io.netty.util.concurrent.SingleThreadEventExecutor$5.run(SingleThreadEventExecutor.java:897)
	at org.apache.ratis.thirdparty.io.netty.util.concurrent.FastThreadLocalRunnable.run(FastThreadLocalRunnable.java:30)
	... 1 more
Caused by: java.net.ConnectException: Connection refused
	... 11 more
2019-09-24 19:01:20,773 [d6fdad48-5745-4acd-8132-622988eb1603@group-2B1DF545E51A:LeaderElection24] INFO  impl.LeaderElection (LogUtils.java:infoOrTrace(149)) -   Exception 1: {}
java.util.concurrent.ExecutionException: org.apache.ratis.thirdparty.io.grpc.StatusRuntimeException: CANCELLED: HTTP/2 error code: CANCEL
Received Rst Stream
	at java.util.concurrent.FutureTask.report(FutureTask.java:122)
	at java.util.concurrent.FutureTask.get(FutureTask.java:192)
	at org.apache.ratis.server.impl.LeaderElection.waitForResults(LeaderElection.java:263)
	at org.apache.ratis.server.impl.LeaderElection.askForVotes(LeaderElection.java:201)
	at org.apache.ratis.server.impl.LeaderElection.run(LeaderElection.java:133)
	at java.lang.Thread.run(Thread.java:748)
Caused by: org.apache.ratis.thirdparty.io.grpc.StatusRuntimeException: CANCELLED: HTTP/2 error code: CANCEL
Received Rst Stream
	at org.apache.ratis.thirdparty.io.grpc.stub.ClientCalls.toStatusRuntimeException(ClientCalls.java:233)
	at org.apache.ratis.thirdparty.io.grpc.stub.ClientCalls.getUnchecked(ClientCalls.java:214)
	at org.apache.ratis.thirdparty.io.grpc.stub.ClientCalls.blockingUnaryCall(ClientCalls.java:139)
	at org.apache.ratis.proto.grpc.RaftServerProtocolServiceGrpc$RaftServerProtocolServiceBlockingStub.requestVote(RaftServerProtocolServiceGrpc.java:265)
	at org.apache.ratis.grpc.server.GrpcServerProtocolClient.requestVote(GrpcServerProtocolClient.java:90)
	at org.apache.ratis.grpc.server.GrpcService.requestVote(GrpcService.java:204)
	at org.apache.ratis.server.impl.LeaderElection.lambda$submitRequests$1(LeaderElection.java:238)
	at java.util.concurrent.FutureTask.run(FutureTask.java:266)
	at java.util.concurrent.Executors$RunnableAdapter.call(Executors.java:511)
	at java.util.concurrent.FutureTask.run(FutureTask.java:266)
	at java.util.concurrent.ThreadPoolExecutor.runWorker(ThreadPoolExecutor.java:1149)
	at java.util.concurrent.ThreadPoolExecutor$Worker.run(ThreadPoolExecutor.java:624)
	... 1 more
2019-09-24 19:01:20,773 [d6fdad48-5745-4acd-8132-622988eb1603@group-2B1DF545E51A:LeaderElection24] INFO  impl.RaftServerImpl (RaftServerImpl.java:setRole(174)) - d6fdad48-5745-4acd-8132-622988eb1603@group-2B1DF545E51A: changes role from CANDIDATE to FOLLOWER at term 5 for DISCOVERED_A_NEW_TERM
2019-09-24 19:01:20,773 [d6fdad48-5745-4acd-8132-622988eb1603@group-2B1DF545E51A:LeaderElection24] INFO  impl.RoleInfo (RoleInfo.java:shutdownLeaderElection(134)) - d6fdad48-5745-4acd-8132-622988eb1603: shutdown LeaderElection
2019-09-24 19:01:20,774 [d6fdad48-5745-4acd-8132-622988eb1603@group-2B1DF545E51A:LeaderElection24] INFO  impl.RoleInfo (RoleInfo.java:updateAndGet(143)) - d6fdad48-5745-4acd-8132-622988eb1603: start FollowerState
2019-09-24 19:01:20,785 [refreshUsed-/workdir/hadoop-ozone/integration-test/target/test-dir/MiniOzoneClusterImpl-347bc0d8-8dc7-46c0-bd0b-f626cebf696e/datanode-7/data/containers] WARN  fs.CachingGetSpaceUsed (CachingGetSpaceUsed.java:run(183)) - Thread Interrupted waiting to refresh disk information: sleep interrupted
2019-09-24 19:01:20,809 [main] INFO  utils.BackgroundService (BackgroundService.java:shutdown(148)) - Shutting down service BlockDeletingService
2019-09-24 19:01:20,818 [main] INFO  statemachine.DatanodeStateMachine (DatanodeStateMachine.java:stopDaemon(395)) - Ozone container server stopped.
2019-09-24 19:01:20,821 [main] INFO  handler.ContextHandler (ContextHandler.java:doStop(910)) - Stopped o.e.j.w.WebAppContext@7e5843db{/,null,UNAVAILABLE}{/hddsDatanode}
2019-09-24 19:01:20,822 [main] INFO  server.AbstractConnector (AbstractConnector.java:doStop(318)) - Stopped ServerConnector@459f703f{HTTP/1.1,[http/1.1]}{0.0.0.0:0}
2019-09-24 19:01:20,822 [main] INFO  handler.ContextHandler (ContextHandler.java:doStop(910)) - Stopped o.e.j.s.ServletContextHandler@5f254608{/static,jar:file:/home/user/.m2/repository/org/apache/hadoop/hadoop-hdds-container-service/0.5.0-SNAPSHOT/hadoop-hdds-container-service-0.5.0-SNAPSHOT.jar!/webapps/static,UNAVAILABLE}
2019-09-24 19:01:20,823 [main] INFO  handler.ContextHandler (ContextHandler.java:doStop(910)) - Stopped o.e.j.s.ServletContextHandler@75181b50{/logs,file:///workdir/hadoop-ozone/integration-test/target/log,UNAVAILABLE}
2019-09-24 19:01:21,806 [Thread-625] INFO  impl.FollowerState (FollowerState.java:run(106)) - d6fdad48-5745-4acd-8132-622988eb1603:group-2B1DF545E51A changes to CANDIDATE, lastRpcTime:1032, electionTimeout:1032ms
2019-09-24 19:01:21,807 [Thread-625] INFO  impl.RoleInfo (RoleInfo.java:shutdownFollowerState(121)) - d6fdad48-5745-4acd-8132-622988eb1603: shutdown FollowerState
2019-09-24 19:01:21,807 [Thread-625] INFO  impl.RaftServerImpl (RaftServerImpl.java:setRole(174)) - d6fdad48-5745-4acd-8132-622988eb1603@group-2B1DF545E51A: changes role from  FOLLOWER to CANDIDATE at term 5 for changeToCandidate
2019-09-24 19:01:21,807 [Thread-625] INFO  impl.RoleInfo (RoleInfo.java:updateAndGet(143)) - d6fdad48-5745-4acd-8132-622988eb1603: start LeaderElection
2019-09-24 19:01:24,007 [d6fdad48-5745-4acd-8132-622988eb1603@group-2B1DF545E51A:LeaderElection25] INFO  impl.LeaderElection (LeaderElection.java:askForVotes(182)) - d6fdad48-5745-4acd-8132-622988eb1603@group-2B1DF545E51A:LeaderElection25: begin an election at term 6 for 0: [d6fdad48-5745-4acd-8132-622988eb1603:192.168.5.148:33283, a05b4b97-0b18-4776-a1dd-8f128fadc53a:192.168.5.148:35009, 29620711-3f46-457a-8151-219e63eed2d2:192.168.5.148:46161], old=null
2019-09-24 19:01:24,008 [d6fdad48-5745-4acd-8132-622988eb1603@group-2B1DF545E51A:LeaderElection25] INFO  impl.LeaderElection (LogUtils.java:infoOrTrace(149)) - d6fdad48-5745-4acd-8132-622988eb1603@group-2B1DF545E51A:LeaderElection25 got exception when requesting votes: {}
java.util.concurrent.ExecutionException: org.apache.ratis.thirdparty.io.grpc.StatusRuntimeException: UNAVAILABLE: io exception
	at java.util.concurrent.FutureTask.report(FutureTask.java:122)
	at java.util.concurrent.FutureTask.get(FutureTask.java:192)
	at org.apache.ratis.server.impl.LeaderElection.waitForResults(LeaderElection.java:263)
	at org.apache.ratis.server.impl.LeaderElection.askForVotes(LeaderElection.java:201)
	at org.apache.ratis.server.impl.LeaderElection.run(LeaderElection.java:133)
	at java.lang.Thread.run(Thread.java:748)
Caused by: org.apache.ratis.thirdparty.io.grpc.StatusRuntimeException: UNAVAILABLE: io exception
	at org.apache.ratis.thirdparty.io.grpc.stub.ClientCalls.toStatusRuntimeException(ClientCalls.java:233)
	at org.apache.ratis.thirdparty.io.grpc.stub.ClientCalls.getUnchecked(ClientCalls.java:214)
	at org.apache.ratis.thirdparty.io.grpc.stub.ClientCalls.blockingUnaryCall(ClientCalls.java:139)
	at org.apache.ratis.proto.grpc.RaftServerProtocolServiceGrpc$RaftServerProtocolServiceBlockingStub.requestVote(RaftServerProtocolServiceGrpc.java:265)
	at org.apache.ratis.grpc.server.GrpcServerProtocolClient.requestVote(GrpcServerProtocolClient.java:90)
	at org.apache.ratis.grpc.server.GrpcService.requestVote(GrpcService.java:204)
	at org.apache.ratis.server.impl.LeaderElection.lambda$submitRequests$1(LeaderElection.java:238)
	at java.util.concurrent.FutureTask.run(FutureTask.java:266)
	at java.util.concurrent.Executors$RunnableAdapter.call(Executors.java:511)
	at java.util.concurrent.FutureTask.run(FutureTask.java:266)
	at java.util.concurrent.ThreadPoolExecutor.runWorker(ThreadPoolExecutor.java:1149)
	at java.util.concurrent.ThreadPoolExecutor$Worker.run(ThreadPoolExecutor.java:624)
	... 1 more
Caused by: org.apache.ratis.thirdparty.io.netty.channel.AbstractChannel$AnnotatedConnectException: Connection refused: /192.168.5.148:35009
	at sun.nio.ch.SocketChannelImpl.checkConnect(Native Method)
	at sun.nio.ch.SocketChannelImpl.finishConnect(SocketChannelImpl.java:717)
	at org.apache.ratis.thirdparty.io.netty.channel.socket.nio.NioSocketChannel.doFinishConnect(NioSocketChannel.java:327)
	at org.apache.ratis.thirdparty.io.netty.channel.nio.AbstractNioChannel$AbstractNioUnsafe.finishConnect(AbstractNioChannel.java:340)
	at org.apache.ratis.thirdparty.io.netty.channel.nio.NioEventLoop.processSelectedKey(NioEventLoop.java:632)
	at org.apache.ratis.thirdparty.io.netty.channel.nio.NioEventLoop.processSelectedKeysOptimized(NioEventLoop.java:579)
	at org.apache.ratis.thirdparty.io.netty.channel.nio.NioEventLoop.processSelectedKeys(NioEventLoop.java:496)
	at org.apache.ratis.thirdparty.io.netty.channel.nio.NioEventLoop.run(NioEventLoop.java:458)
	at org.apache.ratis.thirdparty.io.netty.util.concurrent.SingleThreadEventExecutor$5.run(SingleThreadEventExecutor.java:897)
	at org.apache.ratis.thirdparty.io.netty.util.concurrent.FastThreadLocalRunnable.run(FastThreadLocalRunnable.java:30)
	... 1 more
Caused by: java.net.ConnectException: Connection refused
	... 11 more
2019-09-24 19:01:24,014 [d6fdad48-5745-4acd-8132-622988eb1603@group-2B1DF545E51A:LeaderElection25] INFO  impl.LeaderElection (LogUtils.java:infoOrTrace(149)) - d6fdad48-5745-4acd-8132-622988eb1603@group-2B1DF545E51A:LeaderElection25 got exception when requesting votes: {}
java.util.concurrent.ExecutionException: org.apache.ratis.thirdparty.io.grpc.StatusRuntimeException: UNAVAILABLE: io exception
	at java.util.concurrent.FutureTask.report(FutureTask.java:122)
	at java.util.concurrent.FutureTask.get(FutureTask.java:192)
	at org.apache.ratis.server.impl.LeaderElection.waitForResults(LeaderElection.java:263)
	at org.apache.ratis.server.impl.LeaderElection.askForVotes(LeaderElection.java:201)
	at org.apache.ratis.server.impl.LeaderElection.run(LeaderElection.java:133)
	at java.lang.Thread.run(Thread.java:748)
Caused by: org.apache.ratis.thirdparty.io.grpc.StatusRuntimeException: UNAVAILABLE: io exception
	at org.apache.ratis.thirdparty.io.grpc.stub.ClientCalls.toStatusRuntimeException(ClientCalls.java:233)
	at org.apache.ratis.thirdparty.io.grpc.stub.ClientCalls.getUnchecked(ClientCalls.java:214)
	at org.apache.ratis.thirdparty.io.grpc.stub.ClientCalls.blockingUnaryCall(ClientCalls.java:139)
	at org.apache.ratis.proto.grpc.RaftServerProtocolServiceGrpc$RaftServerProtocolServiceBlockingStub.requestVote(RaftServerProtocolServiceGrpc.java:265)
	at org.apache.ratis.grpc.server.GrpcServerProtocolClient.requestVote(GrpcServerProtocolClient.java:90)
	at org.apache.ratis.grpc.server.GrpcService.requestVote(GrpcService.java:204)
	at org.apache.ratis.server.impl.LeaderElection.lambda$submitRequests$1(LeaderElection.java:238)
	at java.util.concurrent.FutureTask.run(FutureTask.java:266)
	at java.util.concurrent.Executors$RunnableAdapter.call(Executors.java:511)
	at java.util.concurrent.FutureTask.run(FutureTask.java:266)
	at java.util.concurrent.ThreadPoolExecutor.runWorker(ThreadPoolExecutor.java:1149)
	at java.util.concurrent.ThreadPoolExecutor$Worker.run(ThreadPoolExecutor.java:624)
	... 1 more
Caused by: org.apache.ratis.thirdparty.io.netty.channel.AbstractChannel$AnnotatedConnectException: Connection refused: /192.168.5.148:46161
	at sun.nio.ch.SocketChannelImpl.checkConnect(Native Method)
	at sun.nio.ch.SocketChannelImpl.finishConnect(SocketChannelImpl.java:717)
	at org.apache.ratis.thirdparty.io.netty.channel.socket.nio.NioSocketChannel.doFinishConnect(NioSocketChannel.java:327)
	at org.apache.ratis.thirdparty.io.netty.channel.nio.AbstractNioChannel$AbstractNioUnsafe.finishConnect(AbstractNioChannel.java:340)
	at org.apache.ratis.thirdparty.io.netty.channel.nio.NioEventLoop.processSelectedKey(NioEventLoop.java:632)
	at org.apache.ratis.thirdparty.io.netty.channel.nio.NioEventLoop.processSelectedKeysOptimized(NioEventLoop.java:579)
	at org.apache.ratis.thirdparty.io.netty.channel.nio.NioEventLoop.processSelectedKeys(NioEventLoop.java:496)
	at org.apache.ratis.thirdparty.io.netty.channel.nio.NioEventLoop.run(NioEventLoop.java:458)
	at org.apache.ratis.thirdparty.io.netty.util.concurrent.SingleThreadEventExecutor$5.run(SingleThreadEventExecutor.java:897)
	at org.apache.ratis.thirdparty.io.netty.util.concurrent.FastThreadLocalRunnable.run(FastThreadLocalRunnable.java:30)
	... 1 more
Caused by: java.net.ConnectException: Connection refused
	... 11 more
2019-09-24 19:01:24,017 [d6fdad48-5745-4acd-8132-622988eb1603@group-2B1DF545E51A:LeaderElection25] INFO  impl.LeaderElection (LeaderElection.java:logAndReturn(56)) - d6fdad48-5745-4acd-8132-622988eb1603@group-2B1DF545E51A:LeaderElection25: Election REJECTED; received 0 response(s) [] and 2 exception(s); d6fdad48-5745-4acd-8132-622988eb1603@group-2B1DF545E51A:t6, leader=null, voted=d6fdad48-5745-4acd-8132-622988eb1603, raftlog=d6fdad48-5745-4acd-8132-622988eb1603@group-2B1DF545E51A-SegmentedRaftLog:OPENED:c4,f4,i4, conf=0: [d6fdad48-5745-4acd-8132-622988eb1603:192.168.5.148:33283, a05b4b97-0b18-4776-a1dd-8f128fadc53a:192.168.5.148:35009, 29620711-3f46-457a-8151-219e63eed2d2:192.168.5.148:46161], old=null
2019-09-24 19:01:24,017 [d6fdad48-5745-4acd-8132-622988eb1603@group-2B1DF545E51A:LeaderElection25] INFO  impl.LeaderElection (LogUtils.java:infoOrTrace(149)) -   Exception 0: {}
java.util.concurrent.ExecutionException: org.apache.ratis.thirdparty.io.grpc.StatusRuntimeException: UNAVAILABLE: io exception
	at java.util.concurrent.FutureTask.report(FutureTask.java:122)
	at java.util.concurrent.FutureTask.get(FutureTask.java:192)
	at org.apache.ratis.server.impl.LeaderElection.waitForResults(LeaderElection.java:263)
	at org.apache.ratis.server.impl.LeaderElection.askForVotes(LeaderElection.java:201)
	at org.apache.ratis.server.impl.LeaderElection.run(LeaderElection.java:133)
	at java.lang.Thread.run(Thread.java:748)
Caused by: org.apache.ratis.thirdparty.io.grpc.StatusRuntimeException: UNAVAILABLE: io exception
	at org.apache.ratis.thirdparty.io.grpc.stub.ClientCalls.toStatusRuntimeException(ClientCalls.java:233)
	at org.apache.ratis.thirdparty.io.grpc.stub.ClientCalls.getUnchecked(ClientCalls.java:214)
	at org.apache.ratis.thirdparty.io.grpc.stub.ClientCalls.blockingUnaryCall(ClientCalls.java:139)
	at org.apache.ratis.proto.grpc.RaftServerProtocolServiceGrpc$RaftServerProtocolServiceBlockingStub.requestVote(RaftServerProtocolServiceGrpc.java:265)
	at org.apache.ratis.grpc.server.GrpcServerProtocolClient.requestVote(GrpcServerProtocolClient.java:90)
	at org.apache.ratis.grpc.server.GrpcService.requestVote(GrpcService.java:204)
	at org.apache.ratis.server.impl.LeaderElection.lambda$submitRequests$1(LeaderElection.java:238)
	at java.util.concurrent.FutureTask.run(FutureTask.java:266)
	at java.util.concurrent.Executors$RunnableAdapter.call(Executors.java:511)
	at java.util.concurrent.FutureTask.run(FutureTask.java:266)
	at java.util.concurrent.ThreadPoolExecutor.runWorker(ThreadPoolExecutor.java:1149)
	at java.util.concurrent.ThreadPoolExecutor$Worker.run(ThreadPoolExecutor.java:624)
	... 1 more
Caused by: org.apache.ratis.thirdparty.io.netty.channel.AbstractChannel$AnnotatedConnectException: Connection refused: /192.168.5.148:35009
	at sun.nio.ch.SocketChannelImpl.checkConnect(Native Method)
	at sun.nio.ch.SocketChannelImpl.finishConnect(SocketChannelImpl.java:717)
	at org.apache.ratis.thirdparty.io.netty.channel.socket.nio.NioSocketChannel.doFinishConnect(NioSocketChannel.java:327)
	at org.apache.ratis.thirdparty.io.netty.channel.nio.AbstractNioChannel$AbstractNioUnsafe.finishConnect(AbstractNioChannel.java:340)
	at org.apache.ratis.thirdparty.io.netty.channel.nio.NioEventLoop.processSelectedKey(NioEventLoop.java:632)
	at org.apache.ratis.thirdparty.io.netty.channel.nio.NioEventLoop.processSelectedKeysOptimized(NioEventLoop.java:579)
	at org.apache.ratis.thirdparty.io.netty.channel.nio.NioEventLoop.processSelectedKeys(NioEventLoop.java:496)
	at org.apache.ratis.thirdparty.io.netty.channel.nio.NioEventLoop.run(NioEventLoop.java:458)
	at org.apache.ratis.thirdparty.io.netty.util.concurrent.SingleThreadEventExecutor$5.run(SingleThreadEventExecutor.java:897)
	at org.apache.ratis.thirdparty.io.netty.util.concurrent.FastThreadLocalRunnable.run(FastThreadLocalRunnable.java:30)
	... 1 more
Caused by: java.net.ConnectException: Connection refused
	... 11 more
2019-09-24 19:01:24,018 [d6fdad48-5745-4acd-8132-622988eb1603@group-2B1DF545E51A:LeaderElection25] INFO  impl.LeaderElection (LogUtils.java:infoOrTrace(149)) -   Exception 1: {}
java.util.concurrent.ExecutionException: org.apache.ratis.thirdparty.io.grpc.StatusRuntimeException: UNAVAILABLE: io exception
	at java.util.concurrent.FutureTask.report(FutureTask.java:122)
	at java.util.concurrent.FutureTask.get(FutureTask.java:192)
	at org.apache.ratis.server.impl.LeaderElection.waitForResults(LeaderElection.java:263)
	at org.apache.ratis.server.impl.LeaderElection.askForVotes(LeaderElection.java:201)
	at org.apache.ratis.server.impl.LeaderElection.run(LeaderElection.java:133)
	at java.lang.Thread.run(Thread.java:748)
Caused by: org.apache.ratis.thirdparty.io.grpc.StatusRuntimeException: UNAVAILABLE: io exception
	at org.apache.ratis.thirdparty.io.grpc.stub.ClientCalls.toStatusRuntimeException(ClientCalls.java:233)
	at org.apache.ratis.thirdparty.io.grpc.stub.ClientCalls.getUnchecked(ClientCalls.java:214)
	at org.apache.ratis.thirdparty.io.grpc.stub.ClientCalls.blockingUnaryCall(ClientCalls.java:139)
	at org.apache.ratis.proto.grpc.RaftServerProtocolServiceGrpc$RaftServerProtocolServiceBlockingStub.requestVote(RaftServerProtocolServiceGrpc.java:265)
	at org.apache.ratis.grpc.server.GrpcServerProtocolClient.requestVote(GrpcServerProtocolClient.java:90)
	at org.apache.ratis.grpc.server.GrpcService.requestVote(GrpcService.java:204)
	at org.apache.ratis.server.impl.LeaderElection.lambda$submitRequests$1(LeaderElection.java:238)
	at java.util.concurrent.FutureTask.run(FutureTask.java:266)
	at java.util.concurrent.Executors$RunnableAdapter.call(Executors.java:511)
	at java.util.concurrent.FutureTask.run(FutureTask.java:266)
	at java.util.concurrent.ThreadPoolExecutor.runWorker(ThreadPoolExecutor.java:1149)
	at java.util.concurrent.ThreadPoolExecutor$Worker.run(ThreadPoolExecutor.java:624)
	... 1 more
Caused by: org.apache.ratis.thirdparty.io.netty.channel.AbstractChannel$AnnotatedConnectException: Connection refused: /192.168.5.148:46161
	at sun.nio.ch.SocketChannelImpl.checkConnect(Native Method)
	at sun.nio.ch.SocketChannelImpl.finishConnect(SocketChannelImpl.java:717)
	at org.apache.ratis.thirdparty.io.netty.channel.socket.nio.NioSocketChannel.doFinishConnect(NioSocketChannel.java:327)
	at org.apache.ratis.thirdparty.io.netty.channel.nio.AbstractNioChannel$AbstractNioUnsafe.finishConnect(AbstractNioChannel.java:340)
	at org.apache.ratis.thirdparty.io.netty.channel.nio.NioEventLoop.processSelectedKey(NioEventLoop.java:632)
	at org.apache.ratis.thirdparty.io.netty.channel.nio.NioEventLoop.processSelectedKeysOptimized(NioEventLoop.java:579)
	at org.apache.ratis.thirdparty.io.netty.channel.nio.NioEventLoop.processSelectedKeys(NioEventLoop.java:496)
	at org.apache.ratis.thirdparty.io.netty.channel.nio.NioEventLoop.run(NioEventLoop.java:458)
	at org.apache.ratis.thirdparty.io.netty.util.concurrent.SingleThreadEventExecutor$5.run(SingleThreadEventExecutor.java:897)
	at org.apache.ratis.thirdparty.io.netty.util.concurrent.FastThreadLocalRunnable.run(FastThreadLocalRunnable.java:30)
	... 1 more
Caused by: java.net.ConnectException: Connection refused
	... 11 more
2019-09-24 19:01:24,018 [d6fdad48-5745-4acd-8132-622988eb1603@group-2B1DF545E51A:LeaderElection25] INFO  impl.RaftServerImpl (RaftServerImpl.java:setRole(174)) - d6fdad48-5745-4acd-8132-622988eb1603@group-2B1DF545E51A: changes role from CANDIDATE to FOLLOWER at term 6 for DISCOVERED_A_NEW_TERM
2019-09-24 19:01:24,018 [d6fdad48-5745-4acd-8132-622988eb1603@group-2B1DF545E51A:LeaderElection25] INFO  impl.RoleInfo (RoleInfo.java:shutdownLeaderElection(134)) - d6fdad48-5745-4acd-8132-622988eb1603: shutdown LeaderElection
2019-09-24 19:01:24,019 [d6fdad48-5745-4acd-8132-622988eb1603@group-2B1DF545E51A:LeaderElection25] INFO  impl.RoleInfo (RoleInfo.java:updateAndGet(143)) - d6fdad48-5745-4acd-8132-622988eb1603: start FollowerState
2019-09-24 19:01:25,161 [Thread-661] INFO  impl.FollowerState (FollowerState.java:run(106)) - d6fdad48-5745-4acd-8132-622988eb1603:group-2B1DF545E51A changes to CANDIDATE, lastRpcTime:1142, electionTimeout:1142ms
2019-09-24 19:01:25,165 [Thread-661] INFO  impl.RoleInfo (RoleInfo.java:shutdownFollowerState(121)) - d6fdad48-5745-4acd-8132-622988eb1603: shutdown FollowerState
2019-09-24 19:01:25,165 [Thread-661] INFO  impl.RaftServerImpl (RaftServerImpl.java:setRole(174)) - d6fdad48-5745-4acd-8132-622988eb1603@group-2B1DF545E51A: changes role from  FOLLOWER to CANDIDATE at term 6 for changeToCandidate
2019-09-24 19:01:25,165 [Thread-661] INFO  impl.RoleInfo (RoleInfo.java:updateAndGet(143)) - d6fdad48-5745-4acd-8132-622988eb1603: start LeaderElection
2019-09-24 19:01:29,132 [d6fdad48-5745-4acd-8132-622988eb1603@group-2B1DF545E51A:LeaderElection26] INFO  impl.LeaderElection (LeaderElection.java:askForVotes(182)) - d6fdad48-5745-4acd-8132-622988eb1603@group-2B1DF545E51A:LeaderElection26: begin an election at term 7 for 0: [d6fdad48-5745-4acd-8132-622988eb1603:192.168.5.148:33283, a05b4b97-0b18-4776-a1dd-8f128fadc53a:192.168.5.148:35009, 29620711-3f46-457a-8151-219e63eed2d2:192.168.5.148:46161], old=null
2019-09-24 19:01:29,134 [d6fdad48-5745-4acd-8132-622988eb1603@group-2B1DF545E51A:LeaderElection26] INFO  impl.LeaderElection (LogUtils.java:infoOrTrace(149)) - d6fdad48-5745-4acd-8132-622988eb1603@group-2B1DF545E51A:LeaderElection26 got exception when requesting votes: {}
java.util.concurrent.ExecutionException: org.apache.ratis.thirdparty.io.grpc.StatusRuntimeException: UNAVAILABLE: io exception
	at java.util.concurrent.FutureTask.report(FutureTask.java:122)
	at java.util.concurrent.FutureTask.get(FutureTask.java:192)
	at org.apache.ratis.server.impl.LeaderElection.waitForResults(LeaderElection.java:263)
	at org.apache.ratis.server.impl.LeaderElection.askForVotes(LeaderElection.java:201)
	at org.apache.ratis.server.impl.LeaderElection.run(LeaderElection.java:133)
	at java.lang.Thread.run(Thread.java:748)
Caused by: org.apache.ratis.thirdparty.io.grpc.StatusRuntimeException: UNAVAILABLE: io exception
	at org.apache.ratis.thirdparty.io.grpc.stub.ClientCalls.toStatusRuntimeException(ClientCalls.java:233)
	at org.apache.ratis.thirdparty.io.grpc.stub.ClientCalls.getUnchecked(ClientCalls.java:214)
	at org.apache.ratis.thirdparty.io.grpc.stub.ClientCalls.blockingUnaryCall(ClientCalls.java:139)
	at org.apache.ratis.proto.grpc.RaftServerProtocolServiceGrpc$RaftServerProtocolServiceBlockingStub.requestVote(RaftServerProtocolServiceGrpc.java:265)
	at org.apache.ratis.grpc.server.GrpcServerProtocolClient.requestVote(GrpcServerProtocolClient.java:90)
	at org.apache.ratis.grpc.server.GrpcService.requestVote(GrpcService.java:204)
	at org.apache.ratis.server.impl.LeaderElection.lambda$submitRequests$1(LeaderElection.java:238)
	at java.util.concurrent.FutureTask.run(FutureTask.java:266)
	at java.util.concurrent.Executors$RunnableAdapter.call(Executors.java:511)
	at java.util.concurrent.FutureTask.run(FutureTask.java:266)
	at java.util.concurrent.ThreadPoolExecutor.runWorker(ThreadPoolExecutor.java:1149)
	at java.util.concurrent.ThreadPoolExecutor$Worker.run(ThreadPoolExecutor.java:624)
	... 1 more
Caused by: org.apache.ratis.thirdparty.io.netty.channel.AbstractChannel$AnnotatedConnectException: Connection refused: /192.168.5.148:46161
	at sun.nio.ch.SocketChannelImpl.checkConnect(Native Method)
	at sun.nio.ch.SocketChannelImpl.finishConnect(SocketChannelImpl.java:717)
	at org.apache.ratis.thirdparty.io.netty.channel.socket.nio.NioSocketChannel.doFinishConnect(NioSocketChannel.java:327)
	at org.apache.ratis.thirdparty.io.netty.channel.nio.AbstractNioChannel$AbstractNioUnsafe.finishConnect(AbstractNioChannel.java:340)
	at org.apache.ratis.thirdparty.io.netty.channel.nio.NioEventLoop.processSelectedKey(NioEventLoop.java:632)
	at org.apache.ratis.thirdparty.io.netty.channel.nio.NioEventLoop.processSelectedKeysOptimized(NioEventLoop.java:579)
	at org.apache.ratis.thirdparty.io.netty.channel.nio.NioEventLoop.processSelectedKeys(NioEventLoop.java:496)
	at org.apache.ratis.thirdparty.io.netty.channel.nio.NioEventLoop.run(NioEventLoop.java:458)
	at org.apache.ratis.thirdparty.io.netty.util.concurrent.SingleThreadEventExecutor$5.run(SingleThreadEventExecutor.java:897)
	at org.apache.ratis.thirdparty.io.netty.util.concurrent.FastThreadLocalRunnable.run(FastThreadLocalRunnable.java:30)
	... 1 more
Caused by: java.net.ConnectException: Connection refused
	... 11 more
2019-09-24 19:01:29,139 [d6fdad48-5745-4acd-8132-622988eb1603@group-2B1DF545E51A:LeaderElection26] INFO  impl.LeaderElection (LogUtils.java:infoOrTrace(149)) - d6fdad48-5745-4acd-8132-622988eb1603@group-2B1DF545E51A:LeaderElection26 got exception when requesting votes: {}
java.util.concurrent.ExecutionException: org.apache.ratis.thirdparty.io.grpc.StatusRuntimeException: UNAVAILABLE: io exception
	at java.util.concurrent.FutureTask.report(FutureTask.java:122)
	at java.util.concurrent.FutureTask.get(FutureTask.java:192)
	at org.apache.ratis.server.impl.LeaderElection.waitForResults(LeaderElection.java:263)
	at org.apache.ratis.server.impl.LeaderElection.askForVotes(LeaderElection.java:201)
	at org.apache.ratis.server.impl.LeaderElection.run(LeaderElection.java:133)
	at java.lang.Thread.run(Thread.java:748)
Caused by: org.apache.ratis.thirdparty.io.grpc.StatusRuntimeException: UNAVAILABLE: io exception
	at org.apache.ratis.thirdparty.io.grpc.stub.ClientCalls.toStatusRuntimeException(ClientCalls.java:233)
	at org.apache.ratis.thirdparty.io.grpc.stub.ClientCalls.getUnchecked(ClientCalls.java:214)
	at org.apache.ratis.thirdparty.io.grpc.stub.ClientCalls.blockingUnaryCall(ClientCalls.java:139)
	at org.apache.ratis.proto.grpc.RaftServerProtocolServiceGrpc$RaftServerProtocolServiceBlockingStub.requestVote(RaftServerProtocolServiceGrpc.java:265)
	at org.apache.ratis.grpc.server.GrpcServerProtocolClient.requestVote(GrpcServerProtocolClient.java:90)
	at org.apache.ratis.grpc.server.GrpcService.requestVote(GrpcService.java:204)
	at org.apache.ratis.server.impl.LeaderElection.lambda$submitRequests$1(LeaderElection.java:238)
	at java.util.concurrent.FutureTask.run(FutureTask.java:266)
	at java.util.concurrent.Executors$RunnableAdapter.call(Executors.java:511)
	at java.util.concurrent.FutureTask.run(FutureTask.java:266)
	at java.util.concurrent.ThreadPoolExecutor.runWorker(ThreadPoolExecutor.java:1149)
	at java.util.concurrent.ThreadPoolExecutor$Worker.run(ThreadPoolExecutor.java:624)
	... 1 more
Caused by: org.apache.ratis.thirdparty.io.netty.channel.AbstractChannel$AnnotatedConnectException: Connection refused: /192.168.5.148:35009
	at sun.nio.ch.SocketChannelImpl.checkConnect(Native Method)
	at sun.nio.ch.SocketChannelImpl.finishConnect(SocketChannelImpl.java:717)
	at org.apache.ratis.thirdparty.io.netty.channel.socket.nio.NioSocketChannel.doFinishConnect(NioSocketChannel.java:327)
	at org.apache.ratis.thirdparty.io.netty.channel.nio.AbstractNioChannel$AbstractNioUnsafe.finishConnect(AbstractNioChannel.java:340)
	at org.apache.ratis.thirdparty.io.netty.channel.nio.NioEventLoop.processSelectedKey(NioEventLoop.java:632)
	at org.apache.ratis.thirdparty.io.netty.channel.nio.NioEventLoop.processSelectedKeysOptimized(NioEventLoop.java:579)
	at org.apache.ratis.thirdparty.io.netty.channel.nio.NioEventLoop.processSelectedKeys(NioEventLoop.java:496)
	at org.apache.ratis.thirdparty.io.netty.channel.nio.NioEventLoop.run(NioEventLoop.java:458)
	at org.apache.ratis.thirdparty.io.netty.util.concurrent.SingleThreadEventExecutor$5.run(SingleThreadEventExecutor.java:897)
	at org.apache.ratis.thirdparty.io.netty.util.concurrent.FastThreadLocalRunnable.run(FastThreadLocalRunnable.java:30)
	... 1 more
Caused by: java.net.ConnectException: Connection refused
	... 11 more
2019-09-24 19:01:29,142 [d6fdad48-5745-4acd-8132-622988eb1603@group-2B1DF545E51A:LeaderElection26] INFO  impl.LeaderElection (LeaderElection.java:logAndReturn(56)) - d6fdad48-5745-4acd-8132-622988eb1603@group-2B1DF545E51A:LeaderElection26: Election REJECTED; received 0 response(s) [] and 2 exception(s); d6fdad48-5745-4acd-8132-622988eb1603@group-2B1DF545E51A:t7, leader=null, voted=d6fdad48-5745-4acd-8132-622988eb1603, raftlog=d6fdad48-5745-4acd-8132-622988eb1603@group-2B1DF545E51A-SegmentedRaftLog:OPENED:c4,f4,i4, conf=0: [d6fdad48-5745-4acd-8132-622988eb1603:192.168.5.148:33283, a05b4b97-0b18-4776-a1dd-8f128fadc53a:192.168.5.148:35009, 29620711-3f46-457a-8151-219e63eed2d2:192.168.5.148:46161], old=null
2019-09-24 19:01:29,142 [d6fdad48-5745-4acd-8132-622988eb1603@group-2B1DF545E51A:LeaderElection26] INFO  impl.LeaderElection (LogUtils.java:infoOrTrace(149)) -   Exception 0: {}
java.util.concurrent.ExecutionException: org.apache.ratis.thirdparty.io.grpc.StatusRuntimeException: UNAVAILABLE: io exception
	at java.util.concurrent.FutureTask.report(FutureTask.java:122)
	at java.util.concurrent.FutureTask.get(FutureTask.java:192)
	at org.apache.ratis.server.impl.LeaderElection.waitForResults(LeaderElection.java:263)
	at org.apache.ratis.server.impl.LeaderElection.askForVotes(LeaderElection.java:201)
	at org.apache.ratis.server.impl.LeaderElection.run(LeaderElection.java:133)
	at java.lang.Thread.run(Thread.java:748)
Caused by: org.apache.ratis.thirdparty.io.grpc.StatusRuntimeException: UNAVAILABLE: io exception
	at org.apache.ratis.thirdparty.io.grpc.stub.ClientCalls.toStatusRuntimeException(ClientCalls.java:233)
	at org.apache.ratis.thirdparty.io.grpc.stub.ClientCalls.getUnchecked(ClientCalls.java:214)
	at org.apache.ratis.thirdparty.io.grpc.stub.ClientCalls.blockingUnaryCall(ClientCalls.java:139)
	at org.apache.ratis.proto.grpc.RaftServerProtocolServiceGrpc$RaftServerProtocolServiceBlockingStub.requestVote(RaftServerProtocolServiceGrpc.java:265)
	at org.apache.ratis.grpc.server.GrpcServerProtocolClient.requestVote(GrpcServerProtocolClient.java:90)
	at org.apache.ratis.grpc.server.GrpcService.requestVote(GrpcService.java:204)
	at org.apache.ratis.server.impl.LeaderElection.lambda$submitRequests$1(LeaderElection.java:238)
	at java.util.concurrent.FutureTask.run(FutureTask.java:266)
	at java.util.concurrent.Executors$RunnableAdapter.call(Executors.java:511)
	at java.util.concurrent.FutureTask.run(FutureTask.java:266)
	at java.util.concurrent.ThreadPoolExecutor.runWorker(ThreadPoolExecutor.java:1149)
	at java.util.concurrent.ThreadPoolExecutor$Worker.run(ThreadPoolExecutor.java:624)
	... 1 more
Caused by: org.apache.ratis.thirdparty.io.netty.channel.AbstractChannel$AnnotatedConnectException: Connection refused: /192.168.5.148:46161
	at sun.nio.ch.SocketChannelImpl.checkConnect(Native Method)
	at sun.nio.ch.SocketChannelImpl.finishConnect(SocketChannelImpl.java:717)
	at org.apache.ratis.thirdparty.io.netty.channel.socket.nio.NioSocketChannel.doFinishConnect(NioSocketChannel.java:327)
	at org.apache.ratis.thirdparty.io.netty.channel.nio.AbstractNioChannel$AbstractNioUnsafe.finishConnect(AbstractNioChannel.java:340)
	at org.apache.ratis.thirdparty.io.netty.channel.nio.NioEventLoop.processSelectedKey(NioEventLoop.java:632)
	at org.apache.ratis.thirdparty.io.netty.channel.nio.NioEventLoop.processSelectedKeysOptimized(NioEventLoop.java:579)
	at org.apache.ratis.thirdparty.io.netty.channel.nio.NioEventLoop.processSelectedKeys(NioEventLoop.java:496)
	at org.apache.ratis.thirdparty.io.netty.channel.nio.NioEventLoop.run(NioEventLoop.java:458)
	at org.apache.ratis.thirdparty.io.netty.util.concurrent.SingleThreadEventExecutor$5.run(SingleThreadEventExecutor.java:897)
	at org.apache.ratis.thirdparty.io.netty.util.concurrent.FastThreadLocalRunnable.run(FastThreadLocalRunnable.java:30)
	... 1 more
Caused by: java.net.ConnectException: Connection refused
	... 11 more
2019-09-24 19:01:29,143 [d6fdad48-5745-4acd-8132-622988eb1603@group-2B1DF545E51A:LeaderElection26] INFO  impl.LeaderElection (LogUtils.java:infoOrTrace(149)) -   Exception 1: {}
java.util.concurrent.ExecutionException: org.apache.ratis.thirdparty.io.grpc.StatusRuntimeException: UNAVAILABLE: io exception
	at java.util.concurrent.FutureTask.report(FutureTask.java:122)
	at java.util.concurrent.FutureTask.get(FutureTask.java:192)
	at org.apache.ratis.server.impl.LeaderElection.waitForResults(LeaderElection.java:263)
	at org.apache.ratis.server.impl.LeaderElection.askForVotes(LeaderElection.java:201)
	at org.apache.ratis.server.impl.LeaderElection.run(LeaderElection.java:133)
	at java.lang.Thread.run(Thread.java:748)
Caused by: org.apache.ratis.thirdparty.io.grpc.StatusRuntimeException: UNAVAILABLE: io exception
	at org.apache.ratis.thirdparty.io.grpc.stub.ClientCalls.toStatusRuntimeException(ClientCalls.java:233)
	at org.apache.ratis.thirdparty.io.grpc.stub.ClientCalls.getUnchecked(ClientCalls.java:214)
	at org.apache.ratis.thirdparty.io.grpc.stub.ClientCalls.blockingUnaryCall(ClientCalls.java:139)
	at org.apache.ratis.proto.grpc.RaftServerProtocolServiceGrpc$RaftServerProtocolServiceBlockingStub.requestVote(RaftServerProtocolServiceGrpc.java:265)
	at org.apache.ratis.grpc.server.GrpcServerProtocolClient.requestVote(GrpcServerProtocolClient.java:90)
	at org.apache.ratis.grpc.server.GrpcService.requestVote(GrpcService.java:204)
	at org.apache.ratis.server.impl.LeaderElection.lambda$submitRequests$1(LeaderElection.java:238)
	at java.util.concurrent.FutureTask.run(FutureTask.java:266)
	at java.util.concurrent.Executors$RunnableAdapter.call(Executors.java:511)
	at java.util.concurrent.FutureTask.run(FutureTask.java:266)
	at java.util.concurrent.ThreadPoolExecutor.runWorker(ThreadPoolExecutor.java:1149)
	at java.util.concurrent.ThreadPoolExecutor$Worker.run(ThreadPoolExecutor.java:624)
	... 1 more
Caused by: org.apache.ratis.thirdparty.io.netty.channel.AbstractChannel$AnnotatedConnectException: Connection refused: /192.168.5.148:35009
	at sun.nio.ch.SocketChannelImpl.checkConnect(Native Method)
	at sun.nio.ch.SocketChannelImpl.finishConnect(SocketChannelImpl.java:717)
	at org.apache.ratis.thirdparty.io.netty.channel.socket.nio.NioSocketChannel.doFinishConnect(NioSocketChannel.java:327)
	at org.apache.ratis.thirdparty.io.netty.channel.nio.AbstractNioChannel$AbstractNioUnsafe.finishConnect(AbstractNioChannel.java:340)
	at org.apache.ratis.thirdparty.io.netty.channel.nio.NioEventLoop.processSelectedKey(NioEventLoop.java:632)
	at org.apache.ratis.thirdparty.io.netty.channel.nio.NioEventLoop.processSelectedKeysOptimized(NioEventLoop.java:579)
	at org.apache.ratis.thirdparty.io.netty.channel.nio.NioEventLoop.processSelectedKeys(NioEventLoop.java:496)
	at org.apache.ratis.thirdparty.io.netty.channel.nio.NioEventLoop.run(NioEventLoop.java:458)
	at org.apache.ratis.thirdparty.io.netty.util.concurrent.SingleThreadEventExecutor$5.run(SingleThreadEventExecutor.java:897)
	at org.apache.ratis.thirdparty.io.netty.util.concurrent.FastThreadLocalRunnable.run(FastThreadLocalRunnable.java:30)
	... 1 more
Caused by: java.net.ConnectException: Connection refused
	... 11 more
2019-09-24 19:01:29,143 [d6fdad48-5745-4acd-8132-622988eb1603@group-2B1DF545E51A:LeaderElection26] INFO  impl.RaftServerImpl (RaftServerImpl.java:setRole(174)) - d6fdad48-5745-4acd-8132-622988eb1603@group-2B1DF545E51A: changes role from CANDIDATE to FOLLOWER at term 7 for DISCOVERED_A_NEW_TERM
2019-09-24 19:01:29,144 [d6fdad48-5745-4acd-8132-622988eb1603@group-2B1DF545E51A:LeaderElection26] INFO  impl.RoleInfo (RoleInfo.java:shutdownLeaderElection(134)) - d6fdad48-5745-4acd-8132-622988eb1603: shutdown LeaderElection
2019-09-24 19:01:29,144 [d6fdad48-5745-4acd-8132-622988eb1603@group-2B1DF545E51A:LeaderElection26] INFO  impl.RoleInfo (RoleInfo.java:updateAndGet(143)) - d6fdad48-5745-4acd-8132-622988eb1603: start FollowerState
2019-09-24 19:01:30,085 [main] WARN  io.KeyOutputStream (KeyOutputStream.java:handleException(274)) - Encountered exception java.io.IOException: Unexpected Storage Container Exception: java.util.concurrent.CompletionException: java.util.concurrent.CompletionException: org.apache.ratis.protocol.RaftRetryFailureException: Failed RaftClientRequest:client-67D84675B321->29620711-3f46-457a-8151-219e63eed2d2@group-2B1DF545E51A, cid=21, seq=3*, RW, org.apache.hadoop.hdds.scm.XceiverClientRatis$$Lambda$397/1434651019@5ec35ab8 for 10 attempts with RetryLimited(maxAttempts=10, sleepTime=1000ms) on the pipeline Pipeline[ Id: 14de40bd-5f85-419a-a46b-2b1df545e51a, Nodes: a05b4b97-0b18-4776-a1dd-8f128fadc53a{ip: 192.168.5.148, host: pr-hdds-2149-fgl4f-1742389470, networkLocation: /rack1, certSerialId: null}29620711-3f46-457a-8151-219e63eed2d2{ip: 192.168.5.148, host: pr-hdds-2149-fgl4f-1742389470, networkLocation: /rack1, certSerialId: null}d6fdad48-5745-4acd-8132-622988eb1603{ip: 192.168.5.148, host: pr-hdds-2149-fgl4f-1742389470, networkLocation: /rack1, certSerialId: null}, Type:RATIS, Factor:THREE, State:OPEN]. The last committed block length is 1048576, uncommitted data length is 2097152 retry count 0
2019-09-24 19:01:30,265 [Thread-712] INFO  impl.FollowerState (FollowerState.java:run(106)) - d6fdad48-5745-4acd-8132-622988eb1603:group-2B1DF545E51A changes to CANDIDATE, lastRpcTime:1121, electionTimeout:1121ms
2019-09-24 19:01:30,266 [Thread-712] INFO  impl.RoleInfo (RoleInfo.java:shutdownFollowerState(121)) - d6fdad48-5745-4acd-8132-622988eb1603: shutdown FollowerState
2019-09-24 19:01:30,266 [Thread-712] INFO  impl.RaftServerImpl (RaftServerImpl.java:setRole(174)) - d6fdad48-5745-4acd-8132-622988eb1603@group-2B1DF545E51A: changes role from  FOLLOWER to CANDIDATE at term 7 for changeToCandidate
2019-09-24 19:01:30,266 [Thread-712] INFO  impl.RoleInfo (RoleInfo.java:updateAndGet(143)) - d6fdad48-5745-4acd-8132-622988eb1603: start LeaderElection
2019-09-24 19:01:33,227 [java.util.concurrent.ThreadPoolExecutor$Worker@11f3bbfe[State = -1, empty queue]] WARN  server.GrpcLogAppender (GrpcLogAppender.java:timeoutAppendRequest(200)) - 91e07af8-8ce2-4ac6-9c90-851894b34103@group-91D416462A89->dd51241e-7f30-423c-8baf-8925f04f92e5-GrpcLogAppender: appendEntries Timeout, request=91e07af8-8ce2-4ac6-9c90-851894b34103->dd51241e-7f30-423c-8baf-8925f04f92e5#54-t2, previous=(t:2, i:0), leaderCommit=0, initializing? false, entries: size=1, first=(t:2, i:1), STATEMACHINELOGENTRY, client-598BFB53AE02, cid=25
2019-09-24 19:01:33,252 [java.util.concurrent.ThreadPoolExecutor$Worker@3942a284[State = -1, empty queue]] WARN  server.GrpcLogAppender (GrpcLogAppender.java:timeoutAppendRequest(200)) - 91e07af8-8ce2-4ac6-9c90-851894b34103@group-91D416462A89->f9d00a00-bc78-4492-92ba-83defd396746-GrpcLogAppender: appendEntries Timeout, request=91e07af8-8ce2-4ac6-9c90-851894b34103->f9d00a00-bc78-4492-92ba-83defd396746#54-t2, previous=(t:2, i:0), leaderCommit=0, initializing? false, entries: size=1, first=(t:2, i:1), STATEMACHINELOGENTRY, client-598BFB53AE02, cid=25
2019-09-24 19:01:33,728 [java.util.concurrent.ThreadPoolExecutor$Worker@11f3bbfe[State = -1, empty queue]] WARN  server.GrpcLogAppender (GrpcLogAppender.java:timeoutAppendRequest(200)) - 91e07af8-8ce2-4ac6-9c90-851894b34103@group-91D416462A89->dd51241e-7f30-423c-8baf-8925f04f92e5-GrpcLogAppender: appendEntries Timeout, request=91e07af8-8ce2-4ac6-9c90-851894b34103->dd51241e-7f30-423c-8baf-8925f04f92e5#55-t2, previous=(t:2, i:1), leaderCommit=0, initializing? false, entries: <empty>
2019-09-24 19:01:33,733 [java.util.concurrent.ThreadPoolExecutor$Worker@3942a284[State = -1, empty queue]] WARN  server.GrpcLogAppender (GrpcLogAppender.java:timeoutAppendRequest(200)) - 91e07af8-8ce2-4ac6-9c90-851894b34103@group-91D416462A89->f9d00a00-bc78-4492-92ba-83defd396746-GrpcLogAppender: appendEntries Timeout, request=91e07af8-8ce2-4ac6-9c90-851894b34103->f9d00a00-bc78-4492-92ba-83defd396746#55-t2, previous=(t:2, i:1), leaderCommit=0, initializing? false, entries: <empty>
2019-09-24 19:01:34,230 [java.util.concurrent.ThreadPoolExecutor$Worker@3942a284[State = -1, empty queue]] WARN  server.GrpcLogAppender (GrpcLogAppender.java:timeoutAppendRequest(200)) - 91e07af8-8ce2-4ac6-9c90-851894b34103@group-91D416462A89->f9d00a00-bc78-4492-92ba-83defd396746-GrpcLogAppender: appendEntries Timeout, request=91e07af8-8ce2-4ac6-9c90-851894b34103->f9d00a00-bc78-4492-92ba-83defd396746#56-t2, previous=(t:2, i:1), leaderCommit=0, initializing? false, entries: <empty>
2019-09-24 19:01:34,230 [java.util.concurrent.ThreadPoolExecutor$Worker@11f3bbfe[State = -1, empty queue]] WARN  server.GrpcLogAppender (GrpcLogAppender.java:timeoutAppendRequest(200)) - 91e07af8-8ce2-4ac6-9c90-851894b34103@group-91D416462A89->dd51241e-7f30-423c-8baf-8925f04f92e5-GrpcLogAppender: appendEntries Timeout, request=91e07af8-8ce2-4ac6-9c90-851894b34103->dd51241e-7f30-423c-8baf-8925f04f92e5#56-t2, previous=(t:2, i:1), leaderCommit=0, initializing? false, entries: <empty>
2019-09-24 19:01:34,679 [d6fdad48-5745-4acd-8132-622988eb1603@group-2B1DF545E51A:LeaderElection27] INFO  impl.LeaderElection (LeaderElection.java:askForVotes(182)) - d6fdad48-5745-4acd-8132-622988eb1603@group-2B1DF545E51A:LeaderElection27: begin an election at term 8 for 0: [d6fdad48-5745-4acd-8132-622988eb1603:192.168.5.148:33283, a05b4b97-0b18-4776-a1dd-8f128fadc53a:192.168.5.148:35009, 29620711-3f46-457a-8151-219e63eed2d2:192.168.5.148:46161], old=null
2019-09-24 19:01:34,682 [d6fdad48-5745-4acd-8132-622988eb1603@group-2B1DF545E51A:LeaderElection27] INFO  impl.LeaderElection (LogUtils.java:infoOrTrace(149)) - d6fdad48-5745-4acd-8132-622988eb1603@group-2B1DF545E51A:LeaderElection27 got exception when requesting votes: {}
java.util.concurrent.ExecutionException: org.apache.ratis.thirdparty.io.grpc.StatusRuntimeException: UNAVAILABLE: io exception
	at java.util.concurrent.FutureTask.report(FutureTask.java:122)
	at java.util.concurrent.FutureTask.get(FutureTask.java:192)
	at org.apache.ratis.server.impl.LeaderElection.waitForResults(LeaderElection.java:263)
	at org.apache.ratis.server.impl.LeaderElection.askForVotes(LeaderElection.java:201)
	at org.apache.ratis.server.impl.LeaderElection.run(LeaderElection.java:133)
	at java.lang.Thread.run(Thread.java:748)
Caused by: org.apache.ratis.thirdparty.io.grpc.StatusRuntimeException: UNAVAILABLE: io exception
	at org.apache.ratis.thirdparty.io.grpc.stub.ClientCalls.toStatusRuntimeException(ClientCalls.java:233)
	at org.apache.ratis.thirdparty.io.grpc.stub.ClientCalls.getUnchecked(ClientCalls.java:214)
	at org.apache.ratis.thirdparty.io.grpc.stub.ClientCalls.blockingUnaryCall(ClientCalls.java:139)
	at org.apache.ratis.proto.grpc.RaftServerProtocolServiceGrpc$RaftServerProtocolServiceBlockingStub.requestVote(RaftServerProtocolServiceGrpc.java:265)
	at org.apache.ratis.grpc.server.GrpcServerProtocolClient.requestVote(GrpcServerProtocolClient.java:90)
	at org.apache.ratis.grpc.server.GrpcService.requestVote(GrpcService.java:204)
	at org.apache.ratis.server.impl.LeaderElection.lambda$submitRequests$1(LeaderElection.java:238)
	at java.util.concurrent.FutureTask.run(FutureTask.java:266)
	at java.util.concurrent.Executors$RunnableAdapter.call(Executors.java:511)
	at java.util.concurrent.FutureTask.run(FutureTask.java:266)
	at java.util.concurrent.ThreadPoolExecutor.runWorker(ThreadPoolExecutor.java:1149)
	at java.util.concurrent.ThreadPoolExecutor$Worker.run(ThreadPoolExecutor.java:624)
	... 1 more
Caused by: org.apache.ratis.thirdparty.io.netty.channel.AbstractChannel$AnnotatedConnectException: Connection refused: /192.168.5.148:46161
	at sun.nio.ch.SocketChannelImpl.checkConnect(Native Method)
	at sun.nio.ch.SocketChannelImpl.finishConnect(SocketChannelImpl.java:717)
	at org.apache.ratis.thirdparty.io.netty.channel.socket.nio.NioSocketChannel.doFinishConnect(NioSocketChannel.java:327)
	at org.apache.ratis.thirdparty.io.netty.channel.nio.AbstractNioChannel$AbstractNioUnsafe.finishConnect(AbstractNioChannel.java:340)
	at org.apache.ratis.thirdparty.io.netty.channel.nio.NioEventLoop.processSelectedKey(NioEventLoop.java:632)
	at org.apache.ratis.thirdparty.io.netty.channel.nio.NioEventLoop.processSelectedKeysOptimized(NioEventLoop.java:579)
	at org.apache.ratis.thirdparty.io.netty.channel.nio.NioEventLoop.processSelectedKeys(NioEventLoop.java:496)
	at org.apache.ratis.thirdparty.io.netty.channel.nio.NioEventLoop.run(NioEventLoop.java:458)
	at org.apache.ratis.thirdparty.io.netty.util.concurrent.SingleThreadEventExecutor$5.run(SingleThreadEventExecutor.java:897)
	at org.apache.ratis.thirdparty.io.netty.util.concurrent.FastThreadLocalRunnable.run(FastThreadLocalRunnable.java:30)
	... 1 more
Caused by: java.net.ConnectException: Connection refused
	... 11 more
2019-09-24 19:01:34,687 [d6fdad48-5745-4acd-8132-622988eb1603@group-2B1DF545E51A:LeaderElection27] INFO  impl.LeaderElection (LogUtils.java:infoOrTrace(149)) - d6fdad48-5745-4acd-8132-622988eb1603@group-2B1DF545E51A:LeaderElection27 got exception when requesting votes: {}
java.util.concurrent.ExecutionException: org.apache.ratis.thirdparty.io.grpc.StatusRuntimeException: UNAVAILABLE: io exception
	at java.util.concurrent.FutureTask.report(FutureTask.java:122)
	at java.util.concurrent.FutureTask.get(FutureTask.java:192)
	at org.apache.ratis.server.impl.LeaderElection.waitForResults(LeaderElection.java:263)
	at org.apache.ratis.server.impl.LeaderElection.askForVotes(LeaderElection.java:201)
	at org.apache.ratis.server.impl.LeaderElection.run(LeaderElection.java:133)
	at java.lang.Thread.run(Thread.java:748)
Caused by: org.apache.ratis.thirdparty.io.grpc.StatusRuntimeException: UNAVAILABLE: io exception
	at org.apache.ratis.thirdparty.io.grpc.stub.ClientCalls.toStatusRuntimeException(ClientCalls.java:233)
	at org.apache.ratis.thirdparty.io.grpc.stub.ClientCalls.getUnchecked(ClientCalls.java:214)
	at org.apache.ratis.thirdparty.io.grpc.stub.ClientCalls.blockingUnaryCall(ClientCalls.java:139)
	at org.apache.ratis.proto.grpc.RaftServerProtocolServiceGrpc$RaftServerProtocolServiceBlockingStub.requestVote(RaftServerProtocolServiceGrpc.java:265)
	at org.apache.ratis.grpc.server.GrpcServerProtocolClient.requestVote(GrpcServerProtocolClient.java:90)
	at org.apache.ratis.grpc.server.GrpcService.requestVote(GrpcService.java:204)
	at org.apache.ratis.server.impl.LeaderElection.lambda$submitRequests$1(LeaderElection.java:238)
	at java.util.concurrent.FutureTask.run(FutureTask.java:266)
	at java.util.concurrent.Executors$RunnableAdapter.call(Executors.java:511)
	at java.util.concurrent.FutureTask.run(FutureTask.java:266)
	at java.util.concurrent.ThreadPoolExecutor.runWorker(ThreadPoolExecutor.java:1149)
	at java.util.concurrent.ThreadPoolExecutor$Worker.run(ThreadPoolExecutor.java:624)
	... 1 more
Caused by: org.apache.ratis.thirdparty.io.netty.channel.AbstractChannel$AnnotatedConnectException: Connection refused: /192.168.5.148:35009
	at sun.nio.ch.SocketChannelImpl.checkConnect(Native Method)
	at sun.nio.ch.SocketChannelImpl.finishConnect(SocketChannelImpl.java:717)
	at org.apache.ratis.thirdparty.io.netty.channel.socket.nio.NioSocketChannel.doFinishConnect(NioSocketChannel.java:327)
	at org.apache.ratis.thirdparty.io.netty.channel.nio.AbstractNioChannel$AbstractNioUnsafe.finishConnect(AbstractNioChannel.java:340)
	at org.apache.ratis.thirdparty.io.netty.channel.nio.NioEventLoop.processSelectedKey(NioEventLoop.java:632)
	at org.apache.ratis.thirdparty.io.netty.channel.nio.NioEventLoop.processSelectedKeysOptimized(NioEventLoop.java:579)
	at org.apache.ratis.thirdparty.io.netty.channel.nio.NioEventLoop.processSelectedKeys(NioEventLoop.java:496)
	at org.apache.ratis.thirdparty.io.netty.channel.nio.NioEventLoop.run(NioEventLoop.java:458)
	at org.apache.ratis.thirdparty.io.netty.util.concurrent.SingleThreadEventExecutor$5.run(SingleThreadEventExecutor.java:897)
	at org.apache.ratis.thirdparty.io.netty.util.concurrent.FastThreadLocalRunnable.run(FastThreadLocalRunnable.java:30)
	... 1 more
Caused by: java.net.ConnectException: Connection refused
	... 11 more
2019-09-24 19:01:34,690 [d6fdad48-5745-4acd-8132-622988eb1603@group-2B1DF545E51A:LeaderElection27] INFO  impl.LeaderElection (LeaderElection.java:logAndReturn(56)) - d6fdad48-5745-4acd-8132-622988eb1603@group-2B1DF545E51A:LeaderElection27: Election REJECTED; received 0 response(s) [] and 2 exception(s); d6fdad48-5745-4acd-8132-622988eb1603@group-2B1DF545E51A:t8, leader=null, voted=d6fdad48-5745-4acd-8132-622988eb1603, raftlog=d6fdad48-5745-4acd-8132-622988eb1603@group-2B1DF545E51A-SegmentedRaftLog:OPENED:c4,f4,i4, conf=0: [d6fdad48-5745-4acd-8132-622988eb1603:192.168.5.148:33283, a05b4b97-0b18-4776-a1dd-8f128fadc53a:192.168.5.148:35009, 29620711-3f46-457a-8151-219e63eed2d2:192.168.5.148:46161], old=null
2019-09-24 19:01:34,691 [d6fdad48-5745-4acd-8132-622988eb1603@group-2B1DF545E51A:LeaderElection27] INFO  impl.LeaderElection (LogUtils.java:infoOrTrace(149)) -   Exception 0: {}
java.util.concurrent.ExecutionException: org.apache.ratis.thirdparty.io.grpc.StatusRuntimeException: UNAVAILABLE: io exception
	at java.util.concurrent.FutureTask.report(FutureTask.java:122)
	at java.util.concurrent.FutureTask.get(FutureTask.java:192)
	at org.apache.ratis.server.impl.LeaderElection.waitForResults(LeaderElection.java:263)
	at org.apache.ratis.server.impl.LeaderElection.askForVotes(LeaderElection.java:201)
	at org.apache.ratis.server.impl.LeaderElection.run(LeaderElection.java:133)
	at java.lang.Thread.run(Thread.java:748)
Caused by: org.apache.ratis.thirdparty.io.grpc.StatusRuntimeException: UNAVAILABLE: io exception
	at org.apache.ratis.thirdparty.io.grpc.stub.ClientCalls.toStatusRuntimeException(ClientCalls.java:233)
	at org.apache.ratis.thirdparty.io.grpc.stub.ClientCalls.getUnchecked(ClientCalls.java:214)
	at org.apache.ratis.thirdparty.io.grpc.stub.ClientCalls.blockingUnaryCall(ClientCalls.java:139)
	at org.apache.ratis.proto.grpc.RaftServerProtocolServiceGrpc$RaftServerProtocolServiceBlockingStub.requestVote(RaftServerProtocolServiceGrpc.java:265)
	at org.apache.ratis.grpc.server.GrpcServerProtocolClient.requestVote(GrpcServerProtocolClient.java:90)
	at org.apache.ratis.grpc.server.GrpcService.requestVote(GrpcService.java:204)
	at org.apache.ratis.server.impl.LeaderElection.lambda$submitRequests$1(LeaderElection.java:238)
	at java.util.concurrent.FutureTask.run(FutureTask.java:266)
	at java.util.concurrent.Executors$RunnableAdapter.call(Executors.java:511)
	at java.util.concurrent.FutureTask.run(FutureTask.java:266)
	at java.util.concurrent.ThreadPoolExecutor.runWorker(ThreadPoolExecutor.java:1149)
	at java.util.concurrent.ThreadPoolExecutor$Worker.run(ThreadPoolExecutor.java:624)
	... 1 more
Caused by: org.apache.ratis.thirdparty.io.netty.channel.AbstractChannel$AnnotatedConnectException: Connection refused: /192.168.5.148:46161
	at sun.nio.ch.SocketChannelImpl.checkConnect(Native Method)
	at sun.nio.ch.SocketChannelImpl.finishConnect(SocketChannelImpl.java:717)
	at org.apache.ratis.thirdparty.io.netty.channel.socket.nio.NioSocketChannel.doFinishConnect(NioSocketChannel.java:327)
	at org.apache.ratis.thirdparty.io.netty.channel.nio.AbstractNioChannel$AbstractNioUnsafe.finishConnect(AbstractNioChannel.java:340)
	at org.apache.ratis.thirdparty.io.netty.channel.nio.NioEventLoop.processSelectedKey(NioEventLoop.java:632)
	at org.apache.ratis.thirdparty.io.netty.channel.nio.NioEventLoop.processSelectedKeysOptimized(NioEventLoop.java:579)
	at org.apache.ratis.thirdparty.io.netty.channel.nio.NioEventLoop.processSelectedKeys(NioEventLoop.java:496)
	at org.apache.ratis.thirdparty.io.netty.channel.nio.NioEventLoop.run(NioEventLoop.java:458)
	at org.apache.ratis.thirdparty.io.netty.util.concurrent.SingleThreadEventExecutor$5.run(SingleThreadEventExecutor.java:897)
	at org.apache.ratis.thirdparty.io.netty.util.concurrent.FastThreadLocalRunnable.run(FastThreadLocalRunnable.java:30)
	... 1 more
Caused by: java.net.ConnectException: Connection refused
	... 11 more
2019-09-24 19:01:34,691 [d6fdad48-5745-4acd-8132-622988eb1603@group-2B1DF545E51A:LeaderElection27] INFO  impl.LeaderElection (LogUtils.java:infoOrTrace(149)) -   Exception 1: {}
java.util.concurrent.ExecutionException: org.apache.ratis.thirdparty.io.grpc.StatusRuntimeException: UNAVAILABLE: io exception
	at java.util.concurrent.FutureTask.report(FutureTask.java:122)
	at java.util.concurrent.FutureTask.get(FutureTask.java:192)
	at org.apache.ratis.server.impl.LeaderElection.waitForResults(LeaderElection.java:263)
	at org.apache.ratis.server.impl.LeaderElection.askForVotes(LeaderElection.java:201)
	at org.apache.ratis.server.impl.LeaderElection.run(LeaderElection.java:133)
	at java.lang.Thread.run(Thread.java:748)
Caused by: org.apache.ratis.thirdparty.io.grpc.StatusRuntimeException: UNAVAILABLE: io exception
	at org.apache.ratis.thirdparty.io.grpc.stub.ClientCalls.toStatusRuntimeException(ClientCalls.java:233)
	at org.apache.ratis.thirdparty.io.grpc.stub.ClientCalls.getUnchecked(ClientCalls.java:214)
	at org.apache.ratis.thirdparty.io.grpc.stub.ClientCalls.blockingUnaryCall(ClientCalls.java:139)
	at org.apache.ratis.proto.grpc.RaftServerProtocolServiceGrpc$RaftServerProtocolServiceBlockingStub.requestVote(RaftServerProtocolServiceGrpc.java:265)
	at org.apache.ratis.grpc.server.GrpcServerProtocolClient.requestVote(GrpcServerProtocolClient.java:90)
	at org.apache.ratis.grpc.server.GrpcService.requestVote(GrpcService.java:204)
	at org.apache.ratis.server.impl.LeaderElection.lambda$submitRequests$1(LeaderElection.java:238)
	at java.util.concurrent.FutureTask.run(FutureTask.java:266)
	at java.util.concurrent.Executors$RunnableAdapter.call(Executors.java:511)
	at java.util.concurrent.FutureTask.run(FutureTask.java:266)
	at java.util.concurrent.ThreadPoolExecutor.runWorker(ThreadPoolExecutor.java:1149)
	at java.util.concurrent.ThreadPoolExecutor$Worker.run(ThreadPoolExecutor.java:624)
	... 1 more
Caused by: org.apache.ratis.thirdparty.io.netty.channel.AbstractChannel$AnnotatedConnectException: Connection refused: /192.168.5.148:35009
	at sun.nio.ch.SocketChannelImpl.checkConnect(Native Method)
	at sun.nio.ch.SocketChannelImpl.finishConnect(SocketChannelImpl.java:717)
	at org.apache.ratis.thirdparty.io.netty.channel.socket.nio.NioSocketChannel.doFinishConnect(NioSocketChannel.java:327)
	at org.apache.ratis.thirdparty.io.netty.channel.nio.AbstractNioChannel$AbstractNioUnsafe.finishConnect(AbstractNioChannel.java:340)
	at org.apache.ratis.thirdparty.io.netty.channel.nio.NioEventLoop.processSelectedKey(NioEventLoop.java:632)
	at org.apache.ratis.thirdparty.io.netty.channel.nio.NioEventLoop.processSelectedKeysOptimized(NioEventLoop.java:579)
	at org.apache.ratis.thirdparty.io.netty.channel.nio.NioEventLoop.processSelectedKeys(NioEventLoop.java:496)
	at org.apache.ratis.thirdparty.io.netty.channel.nio.NioEventLoop.run(NioEventLoop.java:458)
	at org.apache.ratis.thirdparty.io.netty.util.concurrent.SingleThreadEventExecutor$5.run(SingleThreadEventExecutor.java:897)
	at org.apache.ratis.thirdparty.io.netty.util.concurrent.FastThreadLocalRunnable.run(FastThreadLocalRunnable.java:30)
	... 1 more
Caused by: java.net.ConnectException: Connection refused
	... 11 more
2019-09-24 19:01:34,692 [d6fdad48-5745-4acd-8132-622988eb1603@group-2B1DF545E51A:LeaderElection27] INFO  impl.RaftServerImpl (RaftServerImpl.java:setRole(174)) - d6fdad48-5745-4acd-8132-622988eb1603@group-2B1DF545E51A: changes role from CANDIDATE to FOLLOWER at term 8 for DISCOVERED_A_NEW_TERM
2019-09-24 19:01:34,692 [d6fdad48-5745-4acd-8132-622988eb1603@group-2B1DF545E51A:LeaderElection27] INFO  impl.RoleInfo (RoleInfo.java:shutdownLeaderElection(134)) - d6fdad48-5745-4acd-8132-622988eb1603: shutdown LeaderElection
2019-09-24 19:01:34,693 [d6fdad48-5745-4acd-8132-622988eb1603@group-2B1DF545E51A:LeaderElection27] INFO  impl.RoleInfo (RoleInfo.java:updateAndGet(143)) - d6fdad48-5745-4acd-8132-622988eb1603: start FollowerState
2019-09-24 19:01:34,729 [java.util.concurrent.ThreadPoolExecutor$Worker@11f3bbfe[State = -1, empty queue]] WARN  server.GrpcLogAppender (GrpcLogAppender.java:timeoutAppendRequest(200)) - 91e07af8-8ce2-4ac6-9c90-851894b34103@group-91D416462A89->dd51241e-7f30-423c-8baf-8925f04f92e5-GrpcLogAppender: appendEntries Timeout, request=91e07af8-8ce2-4ac6-9c90-851894b34103->dd51241e-7f30-423c-8baf-8925f04f92e5#57-t2, previous=(t:2, i:1), leaderCommit=0, initializing? false, entries: <empty>
2019-09-24 19:01:34,731 [java.util.concurrent.ThreadPoolExecutor$Worker@3942a284[State = -1, empty queue]] WARN  server.GrpcLogAppender (GrpcLogAppender.java:timeoutAppendRequest(200)) - 91e07af8-8ce2-4ac6-9c90-851894b34103@group-91D416462A89->f9d00a00-bc78-4492-92ba-83defd396746-GrpcLogAppender: appendEntries Timeout, request=91e07af8-8ce2-4ac6-9c90-851894b34103->f9d00a00-bc78-4492-92ba-83defd396746#57-t2, previous=(t:2, i:1), leaderCommit=0, initializing? false, entries: <empty>
2019-09-24 19:01:35,229 [java.util.concurrent.ThreadPoolExecutor$Worker@11f3bbfe[State = -1, empty queue]] WARN  server.GrpcLogAppender (GrpcLogAppender.java:timeoutAppendRequest(200)) - 91e07af8-8ce2-4ac6-9c90-851894b34103@group-91D416462A89->dd51241e-7f30-423c-8baf-8925f04f92e5-GrpcLogAppender: appendEntries Timeout, request=91e07af8-8ce2-4ac6-9c90-851894b34103->dd51241e-7f30-423c-8baf-8925f04f92e5#58-t2, previous=(t:2, i:1), leaderCommit=0, initializing? false, entries: <empty>
2019-09-24 19:01:35,230 [java.util.concurrent.ThreadPoolExecutor$Worker@3942a284[State = -1, empty queue]] WARN  server.GrpcLogAppender (GrpcLogAppender.java:timeoutAppendRequest(200)) - 91e07af8-8ce2-4ac6-9c90-851894b34103@group-91D416462A89->f9d00a00-bc78-4492-92ba-83defd396746-GrpcLogAppender: appendEntries Timeout, request=91e07af8-8ce2-4ac6-9c90-851894b34103->f9d00a00-bc78-4492-92ba-83defd396746#58-t2, previous=(t:2, i:1), leaderCommit=0, initializing? false, entries: <empty>
2019-09-24 19:01:35,725 [Thread-765] INFO  impl.FollowerState (FollowerState.java:run(106)) - d6fdad48-5745-4acd-8132-622988eb1603:group-2B1DF545E51A changes to CANDIDATE, lastRpcTime:1032, electionTimeout:1032ms
2019-09-24 19:01:35,726 [Thread-765] INFO  impl.RoleInfo (RoleInfo.java:shutdownFollowerState(121)) - d6fdad48-5745-4acd-8132-622988eb1603: shutdown FollowerState
2019-09-24 19:01:35,726 [Thread-765] INFO  impl.RaftServerImpl (RaftServerImpl.java:setRole(174)) - d6fdad48-5745-4acd-8132-622988eb1603@group-2B1DF545E51A: changes role from  FOLLOWER to CANDIDATE at term 8 for changeToCandidate
2019-09-24 19:01:35,726 [Thread-765] INFO  impl.RoleInfo (RoleInfo.java:updateAndGet(143)) - d6fdad48-5745-4acd-8132-622988eb1603: start LeaderElection
2019-09-24 19:01:35,735 [java.util.concurrent.ThreadPoolExecutor$Worker@3942a284[State = -1, empty queue]] WARN  server.GrpcLogAppender (GrpcLogAppender.java:timeoutAppendRequest(200)) - 91e07af8-8ce2-4ac6-9c90-851894b34103@group-91D416462A89->f9d00a00-bc78-4492-92ba-83defd396746-GrpcLogAppender: appendEntries Timeout, request=91e07af8-8ce2-4ac6-9c90-851894b34103->f9d00a00-bc78-4492-92ba-83defd396746#59-t2, previous=(t:2, i:1), leaderCommit=0, initializing? false, entries: <empty>
2019-09-24 19:01:35,735 [java.util.concurrent.ThreadPoolExecutor$Worker@11f3bbfe[State = -1, empty queue]] WARN  server.GrpcLogAppender (GrpcLogAppender.java:timeoutAppendRequest(200)) - 91e07af8-8ce2-4ac6-9c90-851894b34103@group-91D416462A89->dd51241e-7f30-423c-8baf-8925f04f92e5-GrpcLogAppender: appendEntries Timeout, request=91e07af8-8ce2-4ac6-9c90-851894b34103->dd51241e-7f30-423c-8baf-8925f04f92e5#59-t2, previous=(t:2, i:1), leaderCommit=0, initializing? false, entries: <empty>
2019-09-24 19:01:36,255 [java.util.concurrent.ThreadPoolExecutor$Worker@11f3bbfe[State = -1, empty queue]] WARN  server.GrpcLogAppender (GrpcLogAppender.java:timeoutAppendRequest(200)) - 91e07af8-8ce2-4ac6-9c90-851894b34103@group-91D416462A89->dd51241e-7f30-423c-8baf-8925f04f92e5-GrpcLogAppender: appendEntries Timeout, request=91e07af8-8ce2-4ac6-9c90-851894b34103->dd51241e-7f30-423c-8baf-8925f04f92e5#60-t2, previous=(t:2, i:1), leaderCommit=0, initializing? false, entries: <empty>
2019-09-24 19:01:36,255 [java.util.concurrent.ThreadPoolExecutor$Worker@3942a284[State = -1, empty queue]] WARN  server.GrpcLogAppender (GrpcLogAppender.java:timeoutAppendRequest(200)) - 91e07af8-8ce2-4ac6-9c90-851894b34103@group-91D416462A89->f9d00a00-bc78-4492-92ba-83defd396746-GrpcLogAppender: appendEntries Timeout, request=91e07af8-8ce2-4ac6-9c90-851894b34103->f9d00a00-bc78-4492-92ba-83defd396746#60-t2, previous=(t:2, i:1), leaderCommit=0, initializing? false, entries: <empty>
2019-09-24 19:01:36,756 [java.util.concurrent.ThreadPoolExecutor$Worker@11f3bbfe[State = -1, empty queue]] WARN  server.GrpcLogAppender (GrpcLogAppender.java:timeoutAppendRequest(200)) - 91e07af8-8ce2-4ac6-9c90-851894b34103@group-91D416462A89->dd51241e-7f30-423c-8baf-8925f04f92e5-GrpcLogAppender: appendEntries Timeout, request=91e07af8-8ce2-4ac6-9c90-851894b34103->dd51241e-7f30-423c-8baf-8925f04f92e5#61-t2, previous=(t:2, i:1), leaderCommit=0, initializing? false, entries: <empty>
2019-09-24 19:01:36,756 [java.util.concurrent.ThreadPoolExecutor$Worker@3942a284[State = -1, empty queue]] WARN  server.GrpcLogAppender (GrpcLogAppender.java:timeoutAppendRequest(200)) - 91e07af8-8ce2-4ac6-9c90-851894b34103@group-91D416462A89->f9d00a00-bc78-4492-92ba-83defd396746-GrpcLogAppender: appendEntries Timeout, request=91e07af8-8ce2-4ac6-9c90-851894b34103->f9d00a00-bc78-4492-92ba-83defd396746#61-t2, previous=(t:2, i:1), leaderCommit=0, initializing? false, entries: <empty>
2019-09-24 19:01:37,256 [java.util.concurrent.ThreadPoolExecutor$Worker@3942a284[State = -1, empty queue]] WARN  server.GrpcLogAppender (GrpcLogAppender.java:timeoutAppendRequest(200)) - 91e07af8-8ce2-4ac6-9c90-851894b34103@group-91D416462A89->f9d00a00-bc78-4492-92ba-83defd396746-GrpcLogAppender: appendEntries Timeout, request=91e07af8-8ce2-4ac6-9c90-851894b34103->f9d00a00-bc78-4492-92ba-83defd396746#62-t2, previous=(t:2, i:1), leaderCommit=0, initializing? false, entries: <empty>
2019-09-24 19:01:37,256 [java.util.concurrent.ThreadPoolExecutor$Worker@11f3bbfe[State = -1, empty queue]] WARN  server.GrpcLogAppender (GrpcLogAppender.java:timeoutAppendRequest(200)) - 91e07af8-8ce2-4ac6-9c90-851894b34103@group-91D416462A89->dd51241e-7f30-423c-8baf-8925f04f92e5-GrpcLogAppender: appendEntries Timeout, request=91e07af8-8ce2-4ac6-9c90-851894b34103->dd51241e-7f30-423c-8baf-8925f04f92e5#62-t2, previous=(t:2, i:1), leaderCommit=0, initializing? false, entries: <empty>
2019-09-24 19:01:37,756 [java.util.concurrent.ThreadPoolExecutor$Worker@11f3bbfe[State = -1, empty queue]] WARN  server.GrpcLogAppender (GrpcLogAppender.java:timeoutAppendRequest(200)) - 91e07af8-8ce2-4ac6-9c90-851894b34103@group-91D416462A89->dd51241e-7f30-423c-8baf-8925f04f92e5-GrpcLogAppender: appendEntries Timeout, request=91e07af8-8ce2-4ac6-9c90-851894b34103->dd51241e-7f30-423c-8baf-8925f04f92e5#63-t2, previous=(t:2, i:1), leaderCommit=0, initializing? false, entries: <empty>
2019-09-24 19:01:37,756 [java.util.concurrent.ThreadPoolExecutor$Worker@3942a284[State = -1, empty queue]] WARN  server.GrpcLogAppender (GrpcLogAppender.java:timeoutAppendRequest(200)) - 91e07af8-8ce2-4ac6-9c90-851894b34103@group-91D416462A89->f9d00a00-bc78-4492-92ba-83defd396746-GrpcLogAppender: appendEntries Timeout, request=91e07af8-8ce2-4ac6-9c90-851894b34103->f9d00a00-bc78-4492-92ba-83defd396746#63-t2, previous=(t:2, i:1), leaderCommit=0, initializing? false, entries: <empty>
2019-09-24 19:01:38,257 [java.util.concurrent.ThreadPoolExecutor$Worker@3942a284[State = -1, empty queue]] WARN  server.GrpcLogAppender (GrpcLogAppender.java:timeoutAppendRequest(200)) - 91e07af8-8ce2-4ac6-9c90-851894b34103@group-91D416462A89->f9d00a00-bc78-4492-92ba-83defd396746-GrpcLogAppender: appendEntries Timeout, request=91e07af8-8ce2-4ac6-9c90-851894b34103->f9d00a00-bc78-4492-92ba-83defd396746#64-t2, previous=(t:2, i:1), leaderCommit=0, initializing? false, entries: <empty>
2019-09-24 19:01:38,257 [java.util.concurrent.ThreadPoolExecutor$Worker@11f3bbfe[State = -1, empty queue]] WARN  server.GrpcLogAppender (GrpcLogAppender.java:timeoutAppendRequest(200)) - 91e07af8-8ce2-4ac6-9c90-851894b34103@group-91D416462A89->dd51241e-7f30-423c-8baf-8925f04f92e5-GrpcLogAppender: appendEntries Timeout, request=91e07af8-8ce2-4ac6-9c90-851894b34103->dd51241e-7f30-423c-8baf-8925f04f92e5#64-t2, previous=(t:2, i:1), leaderCommit=0, initializing? false, entries: <empty>
2019-09-24 19:01:38,758 [java.util.concurrent.ThreadPoolExecutor$Worker@11f3bbfe[State = -1, empty queue]] WARN  server.GrpcLogAppender (GrpcLogAppender.java:timeoutAppendRequest(200)) - 91e07af8-8ce2-4ac6-9c90-851894b34103@group-91D416462A89->dd51241e-7f30-423c-8baf-8925f04f92e5-GrpcLogAppender: appendEntries Timeout, request=91e07af8-8ce2-4ac6-9c90-851894b34103->dd51241e-7f30-423c-8baf-8925f04f92e5#65-t2, previous=(t:2, i:1), leaderCommit=0, initializing? false, entries: <empty>
2019-09-24 19:01:38,758 [java.util.concurrent.ThreadPoolExecutor$Worker@3942a284[State = -1, empty queue]] WARN  server.GrpcLogAppender (GrpcLogAppender.java:timeoutAppendRequest(200)) - 91e07af8-8ce2-4ac6-9c90-851894b34103@group-91D416462A89->f9d00a00-bc78-4492-92ba-83defd396746-GrpcLogAppender: appendEntries Timeout, request=91e07af8-8ce2-4ac6-9c90-851894b34103->f9d00a00-bc78-4492-92ba-83defd396746#65-t2, previous=(t:2, i:1), leaderCommit=0, initializing? false, entries: <empty>
2019-09-24 19:01:39,258 [java.util.concurrent.ThreadPoolExecutor$Worker@3942a284[State = -1, empty queue]] WARN  server.GrpcLogAppender (GrpcLogAppender.java:timeoutAppendRequest(200)) - 91e07af8-8ce2-4ac6-9c90-851894b34103@group-91D416462A89->f9d00a00-bc78-4492-92ba-83defd396746-GrpcLogAppender: appendEntries Timeout, request=91e07af8-8ce2-4ac6-9c90-851894b34103->f9d00a00-bc78-4492-92ba-83defd396746#66-t2, previous=(t:2, i:1), leaderCommit=0, initializing? false, entries: <empty>
2019-09-24 19:01:39,258 [java.util.concurrent.ThreadPoolExecutor$Worker@11f3bbfe[State = -1, empty queue]] WARN  server.GrpcLogAppender (GrpcLogAppender.java:timeoutAppendRequest(200)) - 91e07af8-8ce2-4ac6-9c90-851894b34103@group-91D416462A89->dd51241e-7f30-423c-8baf-8925f04f92e5-GrpcLogAppender: appendEntries Timeout, request=91e07af8-8ce2-4ac6-9c90-851894b34103->dd51241e-7f30-423c-8baf-8925f04f92e5#66-t2, previous=(t:2, i:1), leaderCommit=0, initializing? false, entries: <empty>
2019-09-24 19:01:39,759 [java.util.concurrent.ThreadPoolExecutor$Worker@11f3bbfe[State = -1, empty queue]] WARN  server.GrpcLogAppender (GrpcLogAppender.java:timeoutAppendRequest(200)) - 91e07af8-8ce2-4ac6-9c90-851894b34103@group-91D416462A89->dd51241e-7f30-423c-8baf-8925f04f92e5-GrpcLogAppender: appendEntries Timeout, request=91e07af8-8ce2-4ac6-9c90-851894b34103->dd51241e-7f30-423c-8baf-8925f04f92e5#67-t2, previous=(t:2, i:1), leaderCommit=0, initializing? false, entries: <empty>
2019-09-24 19:01:39,759 [java.util.concurrent.ThreadPoolExecutor$Worker@3942a284[State = -1, empty queue]] WARN  server.GrpcLogAppender (GrpcLogAppender.java:timeoutAppendRequest(200)) - 91e07af8-8ce2-4ac6-9c90-851894b34103@group-91D416462A89->f9d00a00-bc78-4492-92ba-83defd396746-GrpcLogAppender: appendEntries Timeout, request=91e07af8-8ce2-4ac6-9c90-851894b34103->f9d00a00-bc78-4492-92ba-83defd396746#67-t2, previous=(t:2, i:1), leaderCommit=0, initializing? false, entries: <empty>
2019-09-24 19:01:39,774 [d6fdad48-5745-4acd-8132-622988eb1603@group-2B1DF545E51A:LeaderElection28] INFO  impl.LeaderElection (LeaderElection.java:askForVotes(182)) - d6fdad48-5745-4acd-8132-622988eb1603@group-2B1DF545E51A:LeaderElection28: begin an election at term 9 for 0: [d6fdad48-5745-4acd-8132-622988eb1603:192.168.5.148:33283, a05b4b97-0b18-4776-a1dd-8f128fadc53a:192.168.5.148:35009, 29620711-3f46-457a-8151-219e63eed2d2:192.168.5.148:46161], old=null
2019-09-24 19:01:39,779 [d6fdad48-5745-4acd-8132-622988eb1603@group-2B1DF545E51A:LeaderElection28] INFO  impl.LeaderElection (LogUtils.java:infoOrTrace(149)) - d6fdad48-5745-4acd-8132-622988eb1603@group-2B1DF545E51A:LeaderElection28 got exception when requesting votes: {}
java.util.concurrent.ExecutionException: org.apache.ratis.thirdparty.io.grpc.StatusRuntimeException: UNAVAILABLE: io exception
	at java.util.concurrent.FutureTask.report(FutureTask.java:122)
	at java.util.concurrent.FutureTask.get(FutureTask.java:192)
	at org.apache.ratis.server.impl.LeaderElection.waitForResults(LeaderElection.java:263)
	at org.apache.ratis.server.impl.LeaderElection.askForVotes(LeaderElection.java:201)
	at org.apache.ratis.server.impl.LeaderElection.run(LeaderElection.java:133)
	at java.lang.Thread.run(Thread.java:748)
Caused by: org.apache.ratis.thirdparty.io.grpc.StatusRuntimeException: UNAVAILABLE: io exception
	at org.apache.ratis.thirdparty.io.grpc.stub.ClientCalls.toStatusRuntimeException(ClientCalls.java:233)
	at org.apache.ratis.thirdparty.io.grpc.stub.ClientCalls.getUnchecked(ClientCalls.java:214)
	at org.apache.ratis.thirdparty.io.grpc.stub.ClientCalls.blockingUnaryCall(ClientCalls.java:139)
	at org.apache.ratis.proto.grpc.RaftServerProtocolServiceGrpc$RaftServerProtocolServiceBlockingStub.requestVote(RaftServerProtocolServiceGrpc.java:265)
	at org.apache.ratis.grpc.server.GrpcServerProtocolClient.requestVote(GrpcServerProtocolClient.java:90)
	at org.apache.ratis.grpc.server.GrpcService.requestVote(GrpcService.java:204)
	at org.apache.ratis.server.impl.LeaderElection.lambda$submitRequests$1(LeaderElection.java:238)
	at java.util.concurrent.FutureTask.run(FutureTask.java:266)
	at java.util.concurrent.Executors$RunnableAdapter.call(Executors.java:511)
	at java.util.concurrent.FutureTask.run(FutureTask.java:266)
	at java.util.concurrent.ThreadPoolExecutor.runWorker(ThreadPoolExecutor.java:1149)
	at java.util.concurrent.ThreadPoolExecutor$Worker.run(ThreadPoolExecutor.java:624)
	... 1 more
Caused by: org.apache.ratis.thirdparty.io.netty.channel.AbstractChannel$AnnotatedConnectException: Connection refused: /192.168.5.148:35009
	at sun.nio.ch.SocketChannelImpl.checkConnect(Native Method)
	at sun.nio.ch.SocketChannelImpl.finishConnect(SocketChannelImpl.java:717)
	at org.apache.ratis.thirdparty.io.netty.channel.socket.nio.NioSocketChannel.doFinishConnect(NioSocketChannel.java:327)
	at org.apache.ratis.thirdparty.io.netty.channel.nio.AbstractNioChannel$AbstractNioUnsafe.finishConnect(AbstractNioChannel.java:340)
	at org.apache.ratis.thirdparty.io.netty.channel.nio.NioEventLoop.processSelectedKey(NioEventLoop.java:632)
	at org.apache.ratis.thirdparty.io.netty.channel.nio.NioEventLoop.processSelectedKeysOptimized(NioEventLoop.java:579)
	at org.apache.ratis.thirdparty.io.netty.channel.nio.NioEventLoop.processSelectedKeys(NioEventLoop.java:496)
	at org.apache.ratis.thirdparty.io.netty.channel.nio.NioEventLoop.run(NioEventLoop.java:458)
	at org.apache.ratis.thirdparty.io.netty.util.concurrent.SingleThreadEventExecutor$5.run(SingleThreadEventExecutor.java:897)
	at org.apache.ratis.thirdparty.io.netty.util.concurrent.FastThreadLocalRunnable.run(FastThreadLocalRunnable.java:30)
	... 1 more
Caused by: java.net.ConnectException: Connection refused
	... 11 more
2019-09-24 19:01:39,788 [d6fdad48-5745-4acd-8132-622988eb1603@group-2B1DF545E51A:LeaderElection28] INFO  impl.LeaderElection (LogUtils.java:infoOrTrace(149)) - d6fdad48-5745-4acd-8132-622988eb1603@group-2B1DF545E51A:LeaderElection28 got exception when requesting votes: {}
java.util.concurrent.ExecutionException: org.apache.ratis.thirdparty.io.grpc.StatusRuntimeException: UNAVAILABLE: io exception
	at java.util.concurrent.FutureTask.report(FutureTask.java:122)
	at java.util.concurrent.FutureTask.get(FutureTask.java:192)
	at org.apache.ratis.server.impl.LeaderElection.waitForResults(LeaderElection.java:263)
	at org.apache.ratis.server.impl.LeaderElection.askForVotes(LeaderElection.java:201)
	at org.apache.ratis.server.impl.LeaderElection.run(LeaderElection.java:133)
	at java.lang.Thread.run(Thread.java:748)
Caused by: org.apache.ratis.thirdparty.io.grpc.StatusRuntimeException: UNAVAILABLE: io exception
	at org.apache.ratis.thirdparty.io.grpc.stub.ClientCalls.toStatusRuntimeException(ClientCalls.java:233)
	at org.apache.ratis.thirdparty.io.grpc.stub.ClientCalls.getUnchecked(ClientCalls.java:214)
	at org.apache.ratis.thirdparty.io.grpc.stub.ClientCalls.blockingUnaryCall(ClientCalls.java:139)
	at org.apache.ratis.proto.grpc.RaftServerProtocolServiceGrpc$RaftServerProtocolServiceBlockingStub.requestVote(RaftServerProtocolServiceGrpc.java:265)
	at org.apache.ratis.grpc.server.GrpcServerProtocolClient.requestVote(GrpcServerProtocolClient.java:90)
	at org.apache.ratis.grpc.server.GrpcService.requestVote(GrpcService.java:204)
	at org.apache.ratis.server.impl.LeaderElection.lambda$submitRequests$1(LeaderElection.java:238)
	at java.util.concurrent.FutureTask.run(FutureTask.java:266)
	at java.util.concurrent.Executors$RunnableAdapter.call(Executors.java:511)
	at java.util.concurrent.FutureTask.run(FutureTask.java:266)
	at java.util.concurrent.ThreadPoolExecutor.runWorker(ThreadPoolExecutor.java:1149)
	at java.util.concurrent.ThreadPoolExecutor$Worker.run(ThreadPoolExecutor.java:624)
	... 1 more
Caused by: org.apache.ratis.thirdparty.io.netty.channel.AbstractChannel$AnnotatedConnectException: Connection refused: /192.168.5.148:46161
	at sun.nio.ch.SocketChannelImpl.checkConnect(Native Method)
	at sun.nio.ch.SocketChannelImpl.finishConnect(SocketChannelImpl.java:717)
	at org.apache.ratis.thirdparty.io.netty.channel.socket.nio.NioSocketChannel.doFinishConnect(NioSocketChannel.java:327)
	at org.apache.ratis.thirdparty.io.netty.channel.nio.AbstractNioChannel$AbstractNioUnsafe.finishConnect(AbstractNioChannel.java:340)
	at org.apache.ratis.thirdparty.io.netty.channel.nio.NioEventLoop.processSelectedKey(NioEventLoop.java:632)
	at org.apache.ratis.thirdparty.io.netty.channel.nio.NioEventLoop.processSelectedKeysOptimized(NioEventLoop.java:579)
	at org.apache.ratis.thirdparty.io.netty.channel.nio.NioEventLoop.processSelectedKeys(NioEventLoop.java:496)
	at org.apache.ratis.thirdparty.io.netty.channel.nio.NioEventLoop.run(NioEventLoop.java:458)
	at org.apache.ratis.thirdparty.io.netty.util.concurrent.SingleThreadEventExecutor$5.run(SingleThreadEventExecutor.java:897)
	at org.apache.ratis.thirdparty.io.netty.util.concurrent.FastThreadLocalRunnable.run(FastThreadLocalRunnable.java:30)
	... 1 more
Caused by: java.net.ConnectException: Connection refused
	... 11 more
2019-09-24 19:01:39,793 [d6fdad48-5745-4acd-8132-622988eb1603@group-2B1DF545E51A:LeaderElection28] INFO  impl.LeaderElection (LeaderElection.java:logAndReturn(56)) - d6fdad48-5745-4acd-8132-622988eb1603@group-2B1DF545E51A:LeaderElection28: Election REJECTED; received 0 response(s) [] and 2 exception(s); d6fdad48-5745-4acd-8132-622988eb1603@group-2B1DF545E51A:t9, leader=null, voted=d6fdad48-5745-4acd-8132-622988eb1603, raftlog=d6fdad48-5745-4acd-8132-622988eb1603@group-2B1DF545E51A-SegmentedRaftLog:OPENED:c4,f4,i4, conf=0: [d6fdad48-5745-4acd-8132-622988eb1603:192.168.5.148:33283, a05b4b97-0b18-4776-a1dd-8f128fadc53a:192.168.5.148:35009, 29620711-3f46-457a-8151-219e63eed2d2:192.168.5.148:46161], old=null
2019-09-24 19:01:39,793 [d6fdad48-5745-4acd-8132-622988eb1603@group-2B1DF545E51A:LeaderElection28] INFO  impl.LeaderElection (LogUtils.java:infoOrTrace(149)) -   Exception 0: {}
java.util.concurrent.ExecutionException: org.apache.ratis.thirdparty.io.grpc.StatusRuntimeException: UNAVAILABLE: io exception
	at java.util.concurrent.FutureTask.report(FutureTask.java:122)
	at java.util.concurrent.FutureTask.get(FutureTask.java:192)
	at org.apache.ratis.server.impl.LeaderElection.waitForResults(LeaderElection.java:263)
	at org.apache.ratis.server.impl.LeaderElection.askForVotes(LeaderElection.java:201)
	at org.apache.ratis.server.impl.LeaderElection.run(LeaderElection.java:133)
	at java.lang.Thread.run(Thread.java:748)
Caused by: org.apache.ratis.thirdparty.io.grpc.StatusRuntimeException: UNAVAILABLE: io exception
	at org.apache.ratis.thirdparty.io.grpc.stub.ClientCalls.toStatusRuntimeException(ClientCalls.java:233)
	at org.apache.ratis.thirdparty.io.grpc.stub.ClientCalls.getUnchecked(ClientCalls.java:214)
	at org.apache.ratis.thirdparty.io.grpc.stub.ClientCalls.blockingUnaryCall(ClientCalls.java:139)
	at org.apache.ratis.proto.grpc.RaftServerProtocolServiceGrpc$RaftServerProtocolServiceBlockingStub.requestVote(RaftServerProtocolServiceGrpc.java:265)
	at org.apache.ratis.grpc.server.GrpcServerProtocolClient.requestVote(GrpcServerProtocolClient.java:90)
	at org.apache.ratis.grpc.server.GrpcService.requestVote(GrpcService.java:204)
	at org.apache.ratis.server.impl.LeaderElection.lambda$submitRequests$1(LeaderElection.java:238)
	at java.util.concurrent.FutureTask.run(FutureTask.java:266)
	at java.util.concurrent.Executors$RunnableAdapter.call(Executors.java:511)
	at java.util.concurrent.FutureTask.run(FutureTask.java:266)
	at java.util.concurrent.ThreadPoolExecutor.runWorker(ThreadPoolExecutor.java:1149)
	at java.util.concurrent.ThreadPoolExecutor$Worker.run(ThreadPoolExecutor.java:624)
	... 1 more
Caused by: org.apache.ratis.thirdparty.io.netty.channel.AbstractChannel$AnnotatedConnectException: Connection refused: /192.168.5.148:35009
	at sun.nio.ch.SocketChannelImpl.checkConnect(Native Method)
	at sun.nio.ch.SocketChannelImpl.finishConnect(SocketChannelImpl.java:717)
	at org.apache.ratis.thirdparty.io.netty.channel.socket.nio.NioSocketChannel.doFinishConnect(NioSocketChannel.java:327)
	at org.apache.ratis.thirdparty.io.netty.channel.nio.AbstractNioChannel$AbstractNioUnsafe.finishConnect(AbstractNioChannel.java:340)
	at org.apache.ratis.thirdparty.io.netty.channel.nio.NioEventLoop.processSelectedKey(NioEventLoop.java:632)
	at org.apache.ratis.thirdparty.io.netty.channel.nio.NioEventLoop.processSelectedKeysOptimized(NioEventLoop.java:579)
	at org.apache.ratis.thirdparty.io.netty.channel.nio.NioEventLoop.processSelectedKeys(NioEventLoop.java:496)
	at org.apache.ratis.thirdparty.io.netty.channel.nio.NioEventLoop.run(NioEventLoop.java:458)
	at org.apache.ratis.thirdparty.io.netty.util.concurrent.SingleThreadEventExecutor$5.run(SingleThreadEventExecutor.java:897)
	at org.apache.ratis.thirdparty.io.netty.util.concurrent.FastThreadLocalRunnable.run(FastThreadLocalRunnable.java:30)
	... 1 more
Caused by: java.net.ConnectException: Connection refused
	... 11 more
2019-09-24 19:01:39,793 [d6fdad48-5745-4acd-8132-622988eb1603@group-2B1DF545E51A:LeaderElection28] INFO  impl.LeaderElection (LogUtils.java:infoOrTrace(149)) -   Exception 1: {}
java.util.concurrent.ExecutionException: org.apache.ratis.thirdparty.io.grpc.StatusRuntimeException: UNAVAILABLE: io exception
	at java.util.concurrent.FutureTask.report(FutureTask.java:122)
	at java.util.concurrent.FutureTask.get(FutureTask.java:192)
	at org.apache.ratis.server.impl.LeaderElection.waitForResults(LeaderElection.java:263)
	at org.apache.ratis.server.impl.LeaderElection.askForVotes(LeaderElection.java:201)
	at org.apache.ratis.server.impl.LeaderElection.run(LeaderElection.java:133)
	at java.lang.Thread.run(Thread.java:748)
Caused by: org.apache.ratis.thirdparty.io.grpc.StatusRuntimeException: UNAVAILABLE: io exception
	at org.apache.ratis.thirdparty.io.grpc.stub.ClientCalls.toStatusRuntimeException(ClientCalls.java:233)
	at org.apache.ratis.thirdparty.io.grpc.stub.ClientCalls.getUnchecked(ClientCalls.java:214)
	at org.apache.ratis.thirdparty.io.grpc.stub.ClientCalls.blockingUnaryCall(ClientCalls.java:139)
	at org.apache.ratis.proto.grpc.RaftServerProtocolServiceGrpc$RaftServerProtocolServiceBlockingStub.requestVote(RaftServerProtocolServiceGrpc.java:265)
	at org.apache.ratis.grpc.server.GrpcServerProtocolClient.requestVote(GrpcServerProtocolClient.java:90)
	at org.apache.ratis.grpc.server.GrpcService.requestVote(GrpcService.java:204)
	at org.apache.ratis.server.impl.LeaderElection.lambda$submitRequests$1(LeaderElection.java:238)
	at java.util.concurrent.FutureTask.run(FutureTask.java:266)
	at java.util.concurrent.Executors$RunnableAdapter.call(Executors.java:511)
	at java.util.concurrent.FutureTask.run(FutureTask.java:266)
	at java.util.concurrent.ThreadPoolExecutor.runWorker(ThreadPoolExecutor.java:1149)
	at java.util.concurrent.ThreadPoolExecutor$Worker.run(ThreadPoolExecutor.java:624)
	... 1 more
Caused by: org.apache.ratis.thirdparty.io.netty.channel.AbstractChannel$AnnotatedConnectException: Connection refused: /192.168.5.148:46161
	at sun.nio.ch.SocketChannelImpl.checkConnect(Native Method)
	at sun.nio.ch.SocketChannelImpl.finishConnect(SocketChannelImpl.java:717)
	at org.apache.ratis.thirdparty.io.netty.channel.socket.nio.NioSocketChannel.doFinishConnect(NioSocketChannel.java:327)
	at org.apache.ratis.thirdparty.io.netty.channel.nio.AbstractNioChannel$AbstractNioUnsafe.finishConnect(AbstractNioChannel.java:340)
	at org.apache.ratis.thirdparty.io.netty.channel.nio.NioEventLoop.processSelectedKey(NioEventLoop.java:632)
	at org.apache.ratis.thirdparty.io.netty.channel.nio.NioEventLoop.processSelectedKeysOptimized(NioEventLoop.java:579)
	at org.apache.ratis.thirdparty.io.netty.channel.nio.NioEventLoop.processSelectedKeys(NioEventLoop.java:496)
	at org.apache.ratis.thirdparty.io.netty.channel.nio.NioEventLoop.run(NioEventLoop.java:458)
	at org.apache.ratis.thirdparty.io.netty.util.concurrent.SingleThreadEventExecutor$5.run(SingleThreadEventExecutor.java:897)
	at org.apache.ratis.thirdparty.io.netty.util.concurrent.FastThreadLocalRunnable.run(FastThreadLocalRunnable.java:30)
	... 1 more
Caused by: java.net.ConnectException: Connection refused
	... 11 more
2019-09-24 19:01:39,794 [d6fdad48-5745-4acd-8132-622988eb1603@group-2B1DF545E51A:LeaderElection28] INFO  impl.RaftServerImpl (RaftServerImpl.java:setRole(174)) - d6fdad48-5745-4acd-8132-622988eb1603@group-2B1DF545E51A: changes role from CANDIDATE to FOLLOWER at term 9 for DISCOVERED_A_NEW_TERM
2019-09-24 19:01:39,794 [d6fdad48-5745-4acd-8132-622988eb1603@group-2B1DF545E51A:LeaderElection28] INFO  impl.RoleInfo (RoleInfo.java:shutdownLeaderElection(134)) - d6fdad48-5745-4acd-8132-622988eb1603: shutdown LeaderElection
2019-09-24 19:01:39,794 [d6fdad48-5745-4acd-8132-622988eb1603@group-2B1DF545E51A:LeaderElection28] INFO  impl.RoleInfo (RoleInfo.java:updateAndGet(143)) - d6fdad48-5745-4acd-8132-622988eb1603: start FollowerState
2019-09-24 19:01:40,231 [91e07af8-8ce2-4ac6-9c90-851894b34103@group-91D416462A89-SegmentedRaftLogWorker] WARN  segmented.SegmentedRaftLogWorker (SegmentedRaftLogWorker.java:getFromFuture(90)) - Timeout 0/~
org.apache.ratis.protocol.TimeoutIOException: Timeout 10s: WriteLog:1: (t:2, i:1), STATEMACHINELOGENTRY, client-598BFB53AE02, cid=25-writeStateMachineData
	at org.apache.ratis.util.IOUtils.getFromFuture(IOUtils.java:87)
	at org.apache.ratis.server.raftlog.segmented.SegmentedRaftLogWorker$StateMachineDataPolicy.getFromFuture(SegmentedRaftLogWorker.java:87)
	at org.apache.ratis.server.raftlog.segmented.SegmentedRaftLogWorker$WriteLog.execute(SegmentedRaftLogWorker.java:477)
	at org.apache.ratis.server.raftlog.segmented.SegmentedRaftLogWorker.run(SegmentedRaftLogWorker.java:289)
	at java.lang.Thread.run(Thread.java:748)
Caused by: java.util.concurrent.TimeoutException
	at java.util.concurrent.CompletableFuture.timedGet(CompletableFuture.java:1771)
	at java.util.concurrent.CompletableFuture.get(CompletableFuture.java:1915)
	at org.apache.ratis.util.IOUtils.getFromFuture(IOUtils.java:79)
	... 4 more
2019-09-24 19:01:40,234 [dd51241e-7f30-423c-8baf-8925f04f92e5@group-91D416462A89-SegmentedRaftLogWorker] WARN  segmented.SegmentedRaftLogWorker (SegmentedRaftLogWorker.java:getFromFuture(90)) - Timeout 0/~
org.apache.ratis.protocol.TimeoutIOException: Timeout 10s: WriteLog:1: (t:2, i:1), STATEMACHINELOGENTRY, client-598BFB53AE02, cid=25-writeStateMachineData
	at org.apache.ratis.util.IOUtils.getFromFuture(IOUtils.java:87)
	at org.apache.ratis.server.raftlog.segmented.SegmentedRaftLogWorker$StateMachineDataPolicy.getFromFuture(SegmentedRaftLogWorker.java:87)
	at org.apache.ratis.server.raftlog.segmented.SegmentedRaftLogWorker$WriteLog.execute(SegmentedRaftLogWorker.java:477)
	at org.apache.ratis.server.raftlog.segmented.SegmentedRaftLogWorker.run(SegmentedRaftLogWorker.java:289)
	at java.lang.Thread.run(Thread.java:748)
Caused by: java.util.concurrent.TimeoutException
	at java.util.concurrent.CompletableFuture.timedGet(CompletableFuture.java:1771)
	at java.util.concurrent.CompletableFuture.get(CompletableFuture.java:1915)
	at org.apache.ratis.util.IOUtils.getFromFuture(IOUtils.java:79)
	... 4 more
2019-09-24 19:01:40,236 [f9d00a00-bc78-4492-92ba-83defd396746@group-91D416462A89-SegmentedRaftLogWorker] WARN  segmented.SegmentedRaftLogWorker (SegmentedRaftLogWorker.java:getFromFuture(90)) - Timeout 0/~
org.apache.ratis.protocol.TimeoutIOException: Timeout 10s: WriteLog:1: (t:2, i:1), STATEMACHINELOGENTRY, client-598BFB53AE02, cid=25-writeStateMachineData
	at org.apache.ratis.util.IOUtils.getFromFuture(IOUtils.java:87)
	at org.apache.ratis.server.raftlog.segmented.SegmentedRaftLogWorker$StateMachineDataPolicy.getFromFuture(SegmentedRaftLogWorker.java:87)
	at org.apache.ratis.server.raftlog.segmented.SegmentedRaftLogWorker$WriteLog.execute(SegmentedRaftLogWorker.java:477)
	at org.apache.ratis.server.raftlog.segmented.SegmentedRaftLogWorker.run(SegmentedRaftLogWorker.java:289)
	at java.lang.Thread.run(Thread.java:748)
Caused by: java.util.concurrent.TimeoutException
	at java.util.concurrent.CompletableFuture.timedGet(CompletableFuture.java:1771)
	at java.util.concurrent.CompletableFuture.get(CompletableFuture.java:1915)
	at org.apache.ratis.util.IOUtils.getFromFuture(IOUtils.java:79)
	... 4 more
2019-09-24 19:01:40,260 [java.util.concurrent.ThreadPoolExecutor$Worker@11f3bbfe[State = -1, empty queue]] WARN  server.GrpcLogAppender (GrpcLogAppender.java:timeoutAppendRequest(200)) - 91e07af8-8ce2-4ac6-9c90-851894b34103@group-91D416462A89->dd51241e-7f30-423c-8baf-8925f04f92e5-GrpcLogAppender: appendEntries Timeout, request=91e07af8-8ce2-4ac6-9c90-851894b34103->dd51241e-7f30-423c-8baf-8925f04f92e5#68-t2, previous=(t:2, i:1), leaderCommit=0, initializing? false, entries: <empty>
2019-09-24 19:01:40,260 [java.util.concurrent.ThreadPoolExecutor$Worker@3942a284[State = -1, empty queue]] WARN  server.GrpcLogAppender (GrpcLogAppender.java:timeoutAppendRequest(200)) - 91e07af8-8ce2-4ac6-9c90-851894b34103@group-91D416462A89->f9d00a00-bc78-4492-92ba-83defd396746-GrpcLogAppender: appendEntries Timeout, request=91e07af8-8ce2-4ac6-9c90-851894b34103->f9d00a00-bc78-4492-92ba-83defd396746#68-t2, previous=(t:2, i:1), leaderCommit=0, initializing? false, entries: <empty>
2019-09-24 19:01:40,760 [java.util.concurrent.ThreadPoolExecutor$Worker@11f3bbfe[State = -1, empty queue]] WARN  server.GrpcLogAppender (GrpcLogAppender.java:timeoutAppendRequest(200)) - 91e07af8-8ce2-4ac6-9c90-851894b34103@group-91D416462A89->dd51241e-7f30-423c-8baf-8925f04f92e5-GrpcLogAppender: appendEntries Timeout, request=91e07af8-8ce2-4ac6-9c90-851894b34103->dd51241e-7f30-423c-8baf-8925f04f92e5#69-t2, previous=(t:2, i:1), leaderCommit=0, initializing? false, entries: <empty>
2019-09-24 19:01:40,760 [java.util.concurrent.ThreadPoolExecutor$Worker@3942a284[State = -1, empty queue]] WARN  server.GrpcLogAppender (GrpcLogAppender.java:timeoutAppendRequest(200)) - 91e07af8-8ce2-4ac6-9c90-851894b34103@group-91D416462A89->f9d00a00-bc78-4492-92ba-83defd396746-GrpcLogAppender: appendEntries Timeout, request=91e07af8-8ce2-4ac6-9c90-851894b34103->f9d00a00-bc78-4492-92ba-83defd396746#69-t2, previous=(t:2, i:1), leaderCommit=0, initializing? false, entries: <empty>
2019-09-24 19:01:40,904 [Thread-814] INFO  impl.FollowerState (FollowerState.java:run(106)) - d6fdad48-5745-4acd-8132-622988eb1603:group-2B1DF545E51A changes to CANDIDATE, lastRpcTime:1109, electionTimeout:1109ms
2019-09-24 19:01:40,905 [Thread-814] INFO  impl.RoleInfo (RoleInfo.java:shutdownFollowerState(121)) - d6fdad48-5745-4acd-8132-622988eb1603: shutdown FollowerState
2019-09-24 19:01:40,905 [Thread-814] INFO  impl.RaftServerImpl (RaftServerImpl.java:setRole(174)) - d6fdad48-5745-4acd-8132-622988eb1603@group-2B1DF545E51A: changes role from  FOLLOWER to CANDIDATE at term 9 for changeToCandidate
2019-09-24 19:01:40,906 [Thread-814] INFO  impl.RoleInfo (RoleInfo.java:updateAndGet(143)) - d6fdad48-5745-4acd-8132-622988eb1603: start LeaderElection
2019-09-24 19:01:41,261 [java.util.concurrent.ThreadPoolExecutor$Worker@3942a284[State = -1, empty queue]] WARN  server.GrpcLogAppender (GrpcLogAppender.java:timeoutAppendRequest(200)) - 91e07af8-8ce2-4ac6-9c90-851894b34103@group-91D416462A89->f9d00a00-bc78-4492-92ba-83defd396746-GrpcLogAppender: appendEntries Timeout, request=91e07af8-8ce2-4ac6-9c90-851894b34103->f9d00a00-bc78-4492-92ba-83defd396746#70-t2, previous=(t:2, i:1), leaderCommit=0, initializing? false, entries: <empty>
2019-09-24 19:01:41,261 [java.util.concurrent.ThreadPoolExecutor$Worker@11f3bbfe[State = -1, empty queue]] WARN  server.GrpcLogAppender (GrpcLogAppender.java:timeoutAppendRequest(200)) - 91e07af8-8ce2-4ac6-9c90-851894b34103@group-91D416462A89->dd51241e-7f30-423c-8baf-8925f04f92e5-GrpcLogAppender: appendEntries Timeout, request=91e07af8-8ce2-4ac6-9c90-851894b34103->dd51241e-7f30-423c-8baf-8925f04f92e5#70-t2, previous=(t:2, i:1), leaderCommit=0, initializing? false, entries: <empty>
2019-09-24 19:01:41,761 [java.util.concurrent.ThreadPoolExecutor$Worker@3942a284[State = -1, empty queue]] WARN  server.GrpcLogAppender (GrpcLogAppender.java:timeoutAppendRequest(200)) - 91e07af8-8ce2-4ac6-9c90-851894b34103@group-91D416462A89->f9d00a00-bc78-4492-92ba-83defd396746-GrpcLogAppender: appendEntries Timeout, request=91e07af8-8ce2-4ac6-9c90-851894b34103->f9d00a00-bc78-4492-92ba-83defd396746#71-t2, previous=(t:2, i:1), leaderCommit=0, initializing? false, entries: <empty>
2019-09-24 19:01:41,761 [java.util.concurrent.ThreadPoolExecutor$Worker@11f3bbfe[State = -1, empty queue]] WARN  server.GrpcLogAppender (GrpcLogAppender.java:timeoutAppendRequest(200)) - 91e07af8-8ce2-4ac6-9c90-851894b34103@group-91D416462A89->dd51241e-7f30-423c-8baf-8925f04f92e5-GrpcLogAppender: appendEntries Timeout, request=91e07af8-8ce2-4ac6-9c90-851894b34103->dd51241e-7f30-423c-8baf-8925f04f92e5#71-t2, previous=(t:2, i:1), leaderCommit=0, initializing? false, entries: <empty>
2019-09-24 19:01:42,262 [java.util.concurrent.ThreadPoolExecutor$Worker@3942a284[State = -1, empty queue]] WARN  server.GrpcLogAppender (GrpcLogAppender.java:timeoutAppendRequest(200)) - 91e07af8-8ce2-4ac6-9c90-851894b34103@group-91D416462A89->f9d00a00-bc78-4492-92ba-83defd396746-GrpcLogAppender: appendEntries Timeout, request=91e07af8-8ce2-4ac6-9c90-851894b34103->f9d00a00-bc78-4492-92ba-83defd396746#72-t2, previous=(t:2, i:1), leaderCommit=0, initializing? false, entries: <empty>
2019-09-24 19:01:42,262 [java.util.concurrent.ThreadPoolExecutor$Worker@11f3bbfe[State = -1, empty queue]] WARN  server.GrpcLogAppender (GrpcLogAppender.java:timeoutAppendRequest(200)) - 91e07af8-8ce2-4ac6-9c90-851894b34103@group-91D416462A89->dd51241e-7f30-423c-8baf-8925f04f92e5-GrpcLogAppender: appendEntries Timeout, request=91e07af8-8ce2-4ac6-9c90-851894b34103->dd51241e-7f30-423c-8baf-8925f04f92e5#72-t2, previous=(t:2, i:1), leaderCommit=0, initializing? false, entries: <empty>
2019-09-24 19:01:42,763 [java.util.concurrent.ThreadPoolExecutor$Worker@11f3bbfe[State = -1, empty queue]] WARN  server.GrpcLogAppender (GrpcLogAppender.java:timeoutAppendRequest(200)) - 91e07af8-8ce2-4ac6-9c90-851894b34103@group-91D416462A89->dd51241e-7f30-423c-8baf-8925f04f92e5-GrpcLogAppender: appendEntries Timeout, request=91e07af8-8ce2-4ac6-9c90-851894b34103->dd51241e-7f30-423c-8baf-8925f04f92e5#73-t2, previous=(t:2, i:1), leaderCommit=0, initializing? false, entries: <empty>
2019-09-24 19:01:42,763 [java.util.concurrent.ThreadPoolExecutor$Worker@3942a284[State = -1, empty queue]] WARN  server.GrpcLogAppender (GrpcLogAppender.java:timeoutAppendRequest(200)) - 91e07af8-8ce2-4ac6-9c90-851894b34103@group-91D416462A89->f9d00a00-bc78-4492-92ba-83defd396746-GrpcLogAppender: appendEntries Timeout, request=91e07af8-8ce2-4ac6-9c90-851894b34103->f9d00a00-bc78-4492-92ba-83defd396746#73-t2, previous=(t:2, i:1), leaderCommit=0, initializing? false, entries: <empty>
2019-09-24 19:01:43,263 [java.util.concurrent.ThreadPoolExecutor$Worker@11f3bbfe[State = -1, empty queue]] WARN  server.GrpcLogAppender (GrpcLogAppender.java:timeoutAppendRequest(200)) - 91e07af8-8ce2-4ac6-9c90-851894b34103@group-91D416462A89->dd51241e-7f30-423c-8baf-8925f04f92e5-GrpcLogAppender: appendEntries Timeout, request=91e07af8-8ce2-4ac6-9c90-851894b34103->dd51241e-7f30-423c-8baf-8925f04f92e5#74-t2, previous=(t:2, i:1), leaderCommit=0, initializing? false, entries: <empty>
2019-09-24 19:01:43,263 [java.util.concurrent.ThreadPoolExecutor$Worker@3942a284[State = -1, empty queue]] WARN  server.GrpcLogAppender (GrpcLogAppender.java:timeoutAppendRequest(200)) - 91e07af8-8ce2-4ac6-9c90-851894b34103@group-91D416462A89->f9d00a00-bc78-4492-92ba-83defd396746-GrpcLogAppender: appendEntries Timeout, request=91e07af8-8ce2-4ac6-9c90-851894b34103->f9d00a00-bc78-4492-92ba-83defd396746#74-t2, previous=(t:2, i:1), leaderCommit=0, initializing? false, entries: <empty>
2019-09-24 19:01:43,764 [java.util.concurrent.ThreadPoolExecutor$Worker@11f3bbfe[State = -1, empty queue]] WARN  server.GrpcLogAppender (GrpcLogAppender.java:timeoutAppendRequest(200)) - 91e07af8-8ce2-4ac6-9c90-851894b34103@group-91D416462A89->dd51241e-7f30-423c-8baf-8925f04f92e5-GrpcLogAppender: appendEntries Timeout, request=91e07af8-8ce2-4ac6-9c90-851894b34103->dd51241e-7f30-423c-8baf-8925f04f92e5#75-t2, previous=(t:2, i:1), leaderCommit=0, initializing? false, entries: <empty>
2019-09-24 19:01:43,764 [java.util.concurrent.ThreadPoolExecutor$Worker@3942a284[State = -1, empty queue]] WARN  server.GrpcLogAppender (GrpcLogAppender.java:timeoutAppendRequest(200)) - 91e07af8-8ce2-4ac6-9c90-851894b34103@group-91D416462A89->f9d00a00-bc78-4492-92ba-83defd396746-GrpcLogAppender: appendEntries Timeout, request=91e07af8-8ce2-4ac6-9c90-851894b34103->f9d00a00-bc78-4492-92ba-83defd396746#75-t2, previous=(t:2, i:1), leaderCommit=0, initializing? false, entries: <empty>
2019-09-24 19:01:44,264 [java.util.concurrent.ThreadPoolExecutor$Worker@11f3bbfe[State = -1, empty queue]] WARN  server.GrpcLogAppender (GrpcLogAppender.java:timeoutAppendRequest(200)) - 91e07af8-8ce2-4ac6-9c90-851894b34103@group-91D416462A89->dd51241e-7f30-423c-8baf-8925f04f92e5-GrpcLogAppender: appendEntries Timeout, request=91e07af8-8ce2-4ac6-9c90-851894b34103->dd51241e-7f30-423c-8baf-8925f04f92e5#76-t2, previous=(t:2, i:1), leaderCommit=0, initializing? false, entries: <empty>
2019-09-24 19:01:44,264 [java.util.concurrent.ThreadPoolExecutor$Worker@3942a284[State = -1, empty queue]] WARN  server.GrpcLogAppender (GrpcLogAppender.java:timeoutAppendRequest(200)) - 91e07af8-8ce2-4ac6-9c90-851894b34103@group-91D416462A89->f9d00a00-bc78-4492-92ba-83defd396746-GrpcLogAppender: appendEntries Timeout, request=91e07af8-8ce2-4ac6-9c90-851894b34103->f9d00a00-bc78-4492-92ba-83defd396746#76-t2, previous=(t:2, i:1), leaderCommit=0, initializing? false, entries: <empty>
2019-09-24 19:01:44,765 [java.util.concurrent.ThreadPoolExecutor$Worker@3942a284[State = -1, empty queue]] WARN  server.GrpcLogAppender (GrpcLogAppender.java:timeoutAppendRequest(200)) - 91e07af8-8ce2-4ac6-9c90-851894b34103@group-91D416462A89->f9d00a00-bc78-4492-92ba-83defd396746-GrpcLogAppender: appendEntries Timeout, request=91e07af8-8ce2-4ac6-9c90-851894b34103->f9d00a00-bc78-4492-92ba-83defd396746#77-t2, previous=(t:2, i:1), leaderCommit=0, initializing? false, entries: <empty>
2019-09-24 19:01:44,765 [java.util.concurrent.ThreadPoolExecutor$Worker@11f3bbfe[State = -1, empty queue]] WARN  server.GrpcLogAppender (GrpcLogAppender.java:timeoutAppendRequest(200)) - 91e07af8-8ce2-4ac6-9c90-851894b34103@group-91D416462A89->dd51241e-7f30-423c-8baf-8925f04f92e5-GrpcLogAppender: appendEntries Timeout, request=91e07af8-8ce2-4ac6-9c90-851894b34103->dd51241e-7f30-423c-8baf-8925f04f92e5#77-t2, previous=(t:2, i:1), leaderCommit=0, initializing? false, entries: <empty>
2019-09-24 19:01:44,831 [d6fdad48-5745-4acd-8132-622988eb1603@group-2B1DF545E51A:LeaderElection29] INFO  impl.LeaderElection (LeaderElection.java:askForVotes(182)) - d6fdad48-5745-4acd-8132-622988eb1603@group-2B1DF545E51A:LeaderElection29: begin an election at term 10 for 0: [d6fdad48-5745-4acd-8132-622988eb1603:192.168.5.148:33283, a05b4b97-0b18-4776-a1dd-8f128fadc53a:192.168.5.148:35009, 29620711-3f46-457a-8151-219e63eed2d2:192.168.5.148:46161], old=null
2019-09-24 19:01:44,833 [d6fdad48-5745-4acd-8132-622988eb1603@group-2B1DF545E51A:LeaderElection29] INFO  impl.LeaderElection (LogUtils.java:infoOrTrace(149)) - d6fdad48-5745-4acd-8132-622988eb1603@group-2B1DF545E51A:LeaderElection29 got exception when requesting votes: {}
java.util.concurrent.ExecutionException: org.apache.ratis.thirdparty.io.grpc.StatusRuntimeException: UNAVAILABLE: io exception
	at java.util.concurrent.FutureTask.report(FutureTask.java:122)
	at java.util.concurrent.FutureTask.get(FutureTask.java:192)
	at org.apache.ratis.server.impl.LeaderElection.waitForResults(LeaderElection.java:263)
	at org.apache.ratis.server.impl.LeaderElection.askForVotes(LeaderElection.java:201)
	at org.apache.ratis.server.impl.LeaderElection.run(LeaderElection.java:133)
	at java.lang.Thread.run(Thread.java:748)
Caused by: org.apache.ratis.thirdparty.io.grpc.StatusRuntimeException: UNAVAILABLE: io exception
	at org.apache.ratis.thirdparty.io.grpc.stub.ClientCalls.toStatusRuntimeException(ClientCalls.java:233)
	at org.apache.ratis.thirdparty.io.grpc.stub.ClientCalls.getUnchecked(ClientCalls.java:214)
	at org.apache.ratis.thirdparty.io.grpc.stub.ClientCalls.blockingUnaryCall(ClientCalls.java:139)
	at org.apache.ratis.proto.grpc.RaftServerProtocolServiceGrpc$RaftServerProtocolServiceBlockingStub.requestVote(RaftServerProtocolServiceGrpc.java:265)
	at org.apache.ratis.grpc.server.GrpcServerProtocolClient.requestVote(GrpcServerProtocolClient.java:90)
	at org.apache.ratis.grpc.server.GrpcService.requestVote(GrpcService.java:204)
	at org.apache.ratis.server.impl.LeaderElection.lambda$submitRequests$1(LeaderElection.java:238)
	at java.util.concurrent.FutureTask.run(FutureTask.java:266)
	at java.util.concurrent.Executors$RunnableAdapter.call(Executors.java:511)
	at java.util.concurrent.FutureTask.run(FutureTask.java:266)
	at java.util.concurrent.ThreadPoolExecutor.runWorker(ThreadPoolExecutor.java:1149)
	at java.util.concurrent.ThreadPoolExecutor$Worker.run(ThreadPoolExecutor.java:624)
	... 1 more
Caused by: org.apache.ratis.thirdparty.io.netty.channel.AbstractChannel$AnnotatedConnectException: Connection refused: /192.168.5.148:46161
	at sun.nio.ch.SocketChannelImpl.checkConnect(Native Method)
	at sun.nio.ch.SocketChannelImpl.finishConnect(SocketChannelImpl.java:717)
	at org.apache.ratis.thirdparty.io.netty.channel.socket.nio.NioSocketChannel.doFinishConnect(NioSocketChannel.java:327)
	at org.apache.ratis.thirdparty.io.netty.channel.nio.AbstractNioChannel$AbstractNioUnsafe.finishConnect(AbstractNioChannel.java:340)
	at org.apache.ratis.thirdparty.io.netty.channel.nio.NioEventLoop.processSelectedKey(NioEventLoop.java:632)
	at org.apache.ratis.thirdparty.io.netty.channel.nio.NioEventLoop.processSelectedKeysOptimized(NioEventLoop.java:579)
	at org.apache.ratis.thirdparty.io.netty.channel.nio.NioEventLoop.processSelectedKeys(NioEventLoop.java:496)
	at org.apache.ratis.thirdparty.io.netty.channel.nio.NioEventLoop.run(NioEventLoop.java:458)
	at org.apache.ratis.thirdparty.io.netty.util.concurrent.SingleThreadEventExecutor$5.run(SingleThreadEventExecutor.java:897)
	at org.apache.ratis.thirdparty.io.netty.util.concurrent.FastThreadLocalRunnable.run(FastThreadLocalRunnable.java:30)
	... 1 more
Caused by: java.net.ConnectException: Connection refused
	... 11 more
2019-09-24 19:01:44,838 [d6fdad48-5745-4acd-8132-622988eb1603@group-2B1DF545E51A:LeaderElection29] INFO  impl.LeaderElection (LogUtils.java:infoOrTrace(149)) - d6fdad48-5745-4acd-8132-622988eb1603@group-2B1DF545E51A:LeaderElection29 got exception when requesting votes: {}
java.util.concurrent.ExecutionException: org.apache.ratis.thirdparty.io.grpc.StatusRuntimeException: UNAVAILABLE: io exception
	at java.util.concurrent.FutureTask.report(FutureTask.java:122)
	at java.util.concurrent.FutureTask.get(FutureTask.java:192)
	at org.apache.ratis.server.impl.LeaderElection.waitForResults(LeaderElection.java:263)
	at org.apache.ratis.server.impl.LeaderElection.askForVotes(LeaderElection.java:201)
	at org.apache.ratis.server.impl.LeaderElection.run(LeaderElection.java:133)
	at java.lang.Thread.run(Thread.java:748)
Caused by: org.apache.ratis.thirdparty.io.grpc.StatusRuntimeException: UNAVAILABLE: io exception
	at org.apache.ratis.thirdparty.io.grpc.stub.ClientCalls.toStatusRuntimeException(ClientCalls.java:233)
	at org.apache.ratis.thirdparty.io.grpc.stub.ClientCalls.getUnchecked(ClientCalls.java:214)
	at org.apache.ratis.thirdparty.io.grpc.stub.ClientCalls.blockingUnaryCall(ClientCalls.java:139)
	at org.apache.ratis.proto.grpc.RaftServerProtocolServiceGrpc$RaftServerProtocolServiceBlockingStub.requestVote(RaftServerProtocolServiceGrpc.java:265)
	at org.apache.ratis.grpc.server.GrpcServerProtocolClient.requestVote(GrpcServerProtocolClient.java:90)
	at org.apache.ratis.grpc.server.GrpcService.requestVote(GrpcService.java:204)
	at org.apache.ratis.server.impl.LeaderElection.lambda$submitRequests$1(LeaderElection.java:238)
	at java.util.concurrent.FutureTask.run(FutureTask.java:266)
	at java.util.concurrent.Executors$RunnableAdapter.call(Executors.java:511)
	at java.util.concurrent.FutureTask.run(FutureTask.java:266)
	at java.util.concurrent.ThreadPoolExecutor.runWorker(ThreadPoolExecutor.java:1149)
	at java.util.concurrent.ThreadPoolExecutor$Worker.run(ThreadPoolExecutor.java:624)
	... 1 more
Caused by: org.apache.ratis.thirdparty.io.netty.channel.AbstractChannel$AnnotatedConnectException: Connection refused: /192.168.5.148:35009
	at sun.nio.ch.SocketChannelImpl.checkConnect(Native Method)
	at sun.nio.ch.SocketChannelImpl.finishConnect(SocketChannelImpl.java:717)
	at org.apache.ratis.thirdparty.io.netty.channel.socket.nio.NioSocketChannel.doFinishConnect(NioSocketChannel.java:327)
	at org.apache.ratis.thirdparty.io.netty.channel.nio.AbstractNioChannel$AbstractNioUnsafe.finishConnect(AbstractNioChannel.java:340)
	at org.apache.ratis.thirdparty.io.netty.channel.nio.NioEventLoop.processSelectedKey(NioEventLoop.java:632)
	at org.apache.ratis.thirdparty.io.netty.channel.nio.NioEventLoop.processSelectedKeysOptimized(NioEventLoop.java:579)
	at org.apache.ratis.thirdparty.io.netty.channel.nio.NioEventLoop.processSelectedKeys(NioEventLoop.java:496)
	at org.apache.ratis.thirdparty.io.netty.channel.nio.NioEventLoop.run(NioEventLoop.java:458)
	at org.apache.ratis.thirdparty.io.netty.util.concurrent.SingleThreadEventExecutor$5.run(SingleThreadEventExecutor.java:897)
	at org.apache.ratis.thirdparty.io.netty.util.concurrent.FastThreadLocalRunnable.run(FastThreadLocalRunnable.java:30)
	... 1 more
Caused by: java.net.ConnectException: Connection refused
	... 11 more
2019-09-24 19:01:44,841 [d6fdad48-5745-4acd-8132-622988eb1603@group-2B1DF545E51A:LeaderElection29] INFO  impl.LeaderElection (LeaderElection.java:logAndReturn(56)) - d6fdad48-5745-4acd-8132-622988eb1603@group-2B1DF545E51A:LeaderElection29: Election REJECTED; received 0 response(s) [] and 2 exception(s); d6fdad48-5745-4acd-8132-622988eb1603@group-2B1DF545E51A:t10, leader=null, voted=d6fdad48-5745-4acd-8132-622988eb1603, raftlog=d6fdad48-5745-4acd-8132-622988eb1603@group-2B1DF545E51A-SegmentedRaftLog:OPENED:c4,f4,i4, conf=0: [d6fdad48-5745-4acd-8132-622988eb1603:192.168.5.148:33283, a05b4b97-0b18-4776-a1dd-8f128fadc53a:192.168.5.148:35009, 29620711-3f46-457a-8151-219e63eed2d2:192.168.5.148:46161], old=null
2019-09-24 19:01:44,841 [d6fdad48-5745-4acd-8132-622988eb1603@group-2B1DF545E51A:LeaderElection29] INFO  impl.LeaderElection (LogUtils.java:infoOrTrace(149)) -   Exception 0: {}
java.util.concurrent.ExecutionException: org.apache.ratis.thirdparty.io.grpc.StatusRuntimeException: UNAVAILABLE: io exception
	at java.util.concurrent.FutureTask.report(FutureTask.java:122)
	at java.util.concurrent.FutureTask.get(FutureTask.java:192)
	at org.apache.ratis.server.impl.LeaderElection.waitForResults(LeaderElection.java:263)
	at org.apache.ratis.server.impl.LeaderElection.askForVotes(LeaderElection.java:201)
	at org.apache.ratis.server.impl.LeaderElection.run(LeaderElection.java:133)
	at java.lang.Thread.run(Thread.java:748)
Caused by: org.apache.ratis.thirdparty.io.grpc.StatusRuntimeException: UNAVAILABLE: io exception
	at org.apache.ratis.thirdparty.io.grpc.stub.ClientCalls.toStatusRuntimeException(ClientCalls.java:233)
	at org.apache.ratis.thirdparty.io.grpc.stub.ClientCalls.getUnchecked(ClientCalls.java:214)
	at org.apache.ratis.thirdparty.io.grpc.stub.ClientCalls.blockingUnaryCall(ClientCalls.java:139)
	at org.apache.ratis.proto.grpc.RaftServerProtocolServiceGrpc$RaftServerProtocolServiceBlockingStub.requestVote(RaftServerProtocolServiceGrpc.java:265)
	at org.apache.ratis.grpc.server.GrpcServerProtocolClient.requestVote(GrpcServerProtocolClient.java:90)
	at org.apache.ratis.grpc.server.GrpcService.requestVote(GrpcService.java:204)
	at org.apache.ratis.server.impl.LeaderElection.lambda$submitRequests$1(LeaderElection.java:238)
	at java.util.concurrent.FutureTask.run(FutureTask.java:266)
	at java.util.concurrent.Executors$RunnableAdapter.call(Executors.java:511)
	at java.util.concurrent.FutureTask.run(FutureTask.java:266)
	at java.util.concurrent.ThreadPoolExecutor.runWorker(ThreadPoolExecutor.java:1149)
	at java.util.concurrent.ThreadPoolExecutor$Worker.run(ThreadPoolExecutor.java:624)
	... 1 more
Caused by: org.apache.ratis.thirdparty.io.netty.channel.AbstractChannel$AnnotatedConnectException: Connection refused: /192.168.5.148:46161
	at sun.nio.ch.SocketChannelImpl.checkConnect(Native Method)
	at sun.nio.ch.SocketChannelImpl.finishConnect(SocketChannelImpl.java:717)
	at org.apache.ratis.thirdparty.io.netty.channel.socket.nio.NioSocketChannel.doFinishConnect(NioSocketChannel.java:327)
	at org.apache.ratis.thirdparty.io.netty.channel.nio.AbstractNioChannel$AbstractNioUnsafe.finishConnect(AbstractNioChannel.java:340)
	at org.apache.ratis.thirdparty.io.netty.channel.nio.NioEventLoop.processSelectedKey(NioEventLoop.java:632)
	at org.apache.ratis.thirdparty.io.netty.channel.nio.NioEventLoop.processSelectedKeysOptimized(NioEventLoop.java:579)
	at org.apache.ratis.thirdparty.io.netty.channel.nio.NioEventLoop.processSelectedKeys(NioEventLoop.java:496)
	at org.apache.ratis.thirdparty.io.netty.channel.nio.NioEventLoop.run(NioEventLoop.java:458)
	at org.apache.ratis.thirdparty.io.netty.util.concurrent.SingleThreadEventExecutor$5.run(SingleThreadEventExecutor.java:897)
	at org.apache.ratis.thirdparty.io.netty.util.concurrent.FastThreadLocalRunnable.run(FastThreadLocalRunnable.java:30)
	... 1 more
Caused by: java.net.ConnectException: Connection refused
	... 11 more
2019-09-24 19:01:44,842 [d6fdad48-5745-4acd-8132-622988eb1603@group-2B1DF545E51A:LeaderElection29] INFO  impl.LeaderElection (LogUtils.java:infoOrTrace(149)) -   Exception 1: {}
java.util.concurrent.ExecutionException: org.apache.ratis.thirdparty.io.grpc.StatusRuntimeException: UNAVAILABLE: io exception
	at java.util.concurrent.FutureTask.report(FutureTask.java:122)
	at java.util.concurrent.FutureTask.get(FutureTask.java:192)
	at org.apache.ratis.server.impl.LeaderElection.waitForResults(LeaderElection.java:263)
	at org.apache.ratis.server.impl.LeaderElection.askForVotes(LeaderElection.java:201)
	at org.apache.ratis.server.impl.LeaderElection.run(LeaderElection.java:133)
	at java.lang.Thread.run(Thread.java:748)
Caused by: org.apache.ratis.thirdparty.io.grpc.StatusRuntimeException: UNAVAILABLE: io exception
	at org.apache.ratis.thirdparty.io.grpc.stub.ClientCalls.toStatusRuntimeException(ClientCalls.java:233)
	at org.apache.ratis.thirdparty.io.grpc.stub.ClientCalls.getUnchecked(ClientCalls.java:214)
	at org.apache.ratis.thirdparty.io.grpc.stub.ClientCalls.blockingUnaryCall(ClientCalls.java:139)
	at org.apache.ratis.proto.grpc.RaftServerProtocolServiceGrpc$RaftServerProtocolServiceBlockingStub.requestVote(RaftServerProtocolServiceGrpc.java:265)
	at org.apache.ratis.grpc.server.GrpcServerProtocolClient.requestVote(GrpcServerProtocolClient.java:90)
	at org.apache.ratis.grpc.server.GrpcService.requestVote(GrpcService.java:204)
	at org.apache.ratis.server.impl.LeaderElection.lambda$submitRequests$1(LeaderElection.java:238)
	at java.util.concurrent.FutureTask.run(FutureTask.java:266)
	at java.util.concurrent.Executors$RunnableAdapter.call(Executors.java:511)
	at java.util.concurrent.FutureTask.run(FutureTask.java:266)
	at java.util.concurrent.ThreadPoolExecutor.runWorker(ThreadPoolExecutor.java:1149)
	at java.util.concurrent.ThreadPoolExecutor$Worker.run(ThreadPoolExecutor.java:624)
	... 1 more
Caused by: org.apache.ratis.thirdparty.io.netty.channel.AbstractChannel$AnnotatedConnectException: Connection refused: /192.168.5.148:35009
	at sun.nio.ch.SocketChannelImpl.checkConnect(Native Method)
	at sun.nio.ch.SocketChannelImpl.finishConnect(SocketChannelImpl.java:717)
	at org.apache.ratis.thirdparty.io.netty.channel.socket.nio.NioSocketChannel.doFinishConnect(NioSocketChannel.java:327)
	at org.apache.ratis.thirdparty.io.netty.channel.nio.AbstractNioChannel$AbstractNioUnsafe.finishConnect(AbstractNioChannel.java:340)
	at org.apache.ratis.thirdparty.io.netty.channel.nio.NioEventLoop.processSelectedKey(NioEventLoop.java:632)
	at org.apache.ratis.thirdparty.io.netty.channel.nio.NioEventLoop.processSelectedKeysOptimized(NioEventLoop.java:579)
	at org.apache.ratis.thirdparty.io.netty.channel.nio.NioEventLoop.processSelectedKeys(NioEventLoop.java:496)
	at org.apache.ratis.thirdparty.io.netty.channel.nio.NioEventLoop.run(NioEventLoop.java:458)
	at org.apache.ratis.thirdparty.io.netty.util.concurrent.SingleThreadEventExecutor$5.run(SingleThreadEventExecutor.java:897)
	at org.apache.ratis.thirdparty.io.netty.util.concurrent.FastThreadLocalRunnable.run(FastThreadLocalRunnable.java:30)
	... 1 more
Caused by: java.net.ConnectException: Connection refused
	... 11 more
2019-09-24 19:01:44,843 [d6fdad48-5745-4acd-8132-622988eb1603@group-2B1DF545E51A:LeaderElection29] INFO  impl.RaftServerImpl (RaftServerImpl.java:setRole(174)) - d6fdad48-5745-4acd-8132-622988eb1603@group-2B1DF545E51A: changes role from CANDIDATE to FOLLOWER at term 10 for DISCOVERED_A_NEW_TERM
2019-09-24 19:01:44,843 [d6fdad48-5745-4acd-8132-622988eb1603@group-2B1DF545E51A:LeaderElection29] INFO  impl.RoleInfo (RoleInfo.java:shutdownLeaderElection(134)) - d6fdad48-5745-4acd-8132-622988eb1603: shutdown LeaderElection
2019-09-24 19:01:44,843 [d6fdad48-5745-4acd-8132-622988eb1603@group-2B1DF545E51A:LeaderElection29] INFO  impl.RoleInfo (RoleInfo.java:updateAndGet(143)) - d6fdad48-5745-4acd-8132-622988eb1603: start FollowerState
2019-09-24 19:01:45,265 [java.util.concurrent.ThreadPoolExecutor$Worker@11f3bbfe[State = -1, empty queue]] WARN  server.GrpcLogAppender (GrpcLogAppender.java:timeoutAppendRequest(200)) - 91e07af8-8ce2-4ac6-9c90-851894b34103@group-91D416462A89->dd51241e-7f30-423c-8baf-8925f04f92e5-GrpcLogAppender: appendEntries Timeout, request=91e07af8-8ce2-4ac6-9c90-851894b34103->dd51241e-7f30-423c-8baf-8925f04f92e5#78-t2, previous=(t:2, i:1), leaderCommit=0, initializing? false, entries: <empty>
2019-09-24 19:01:45,269 [java.util.concurrent.ThreadPoolExecutor$Worker@3942a284[State = -1, empty queue]] WARN  server.GrpcLogAppender (GrpcLogAppender.java:timeoutAppendRequest(200)) - 91e07af8-8ce2-4ac6-9c90-851894b34103@group-91D416462A89->f9d00a00-bc78-4492-92ba-83defd396746-GrpcLogAppender: appendEntries Timeout, request=91e07af8-8ce2-4ac6-9c90-851894b34103->f9d00a00-bc78-4492-92ba-83defd396746#78-t2, previous=(t:2, i:1), leaderCommit=0, initializing? false, entries: <empty>
2019-09-24 19:01:45,479 [main] WARN  io.KeyOutputStream (KeyOutputStream.java:handleException(274)) - Encountered exception java.io.IOException: Unexpected Storage Container Exception: java.util.concurrent.CompletionException: java.util.concurrent.CompletionException: org.apache.ratis.protocol.RaftRetryFailureException: Failed RaftClientRequest:client-598BFB53AE02->f9d00a00-bc78-4492-92ba-83defd396746@group-91D416462A89, cid=25, seq=1*, RW, org.apache.hadoop.hdds.scm.XceiverClientRatis$$Lambda$397/1434651019@24b024ca for 10 attempts with RetryLimited(maxAttempts=10, sleepTime=1000ms) on the pipeline Pipeline[ Id: 1fa6406a-2613-4140-9828-91d416462a89, Nodes: f9d00a00-bc78-4492-92ba-83defd396746{ip: 192.168.5.148, host: pr-hdds-2149-fgl4f-1742389470, networkLocation: /rack1, certSerialId: null}dd51241e-7f30-423c-8baf-8925f04f92e5{ip: 192.168.5.148, host: pr-hdds-2149-fgl4f-1742389470, networkLocation: /rack1, certSerialId: null}91e07af8-8ce2-4ac6-9c90-851894b34103{ip: 192.168.5.148, host: pr-hdds-2149-fgl4f-1742389470, networkLocation: /rack1, certSerialId: null}, Type:RATIS, Factor:THREE, State:OPEN]. The last committed block length is 0, uncommitted data length is 2097152 retry count 1
2019-09-24 19:01:45,766 [java.util.concurrent.ThreadPoolExecutor$Worker@3942a284[State = -1, empty queue]] WARN  server.GrpcLogAppender (GrpcLogAppender.java:timeoutAppendRequest(200)) - 91e07af8-8ce2-4ac6-9c90-851894b34103@group-91D416462A89->f9d00a00-bc78-4492-92ba-83defd396746-GrpcLogAppender: appendEntries Timeout, request=91e07af8-8ce2-4ac6-9c90-851894b34103->f9d00a00-bc78-4492-92ba-83defd396746#79-t2, previous=(t:2, i:1), leaderCommit=0, initializing? false, entries: <empty>
2019-09-24 19:01:45,766 [java.util.concurrent.ThreadPoolExecutor$Worker@11f3bbfe[State = -1, empty queue]] WARN  server.GrpcLogAppender (GrpcLogAppender.java:timeoutAppendRequest(200)) - 91e07af8-8ce2-4ac6-9c90-851894b34103@group-91D416462A89->dd51241e-7f30-423c-8baf-8925f04f92e5-GrpcLogAppender: appendEntries Timeout, request=91e07af8-8ce2-4ac6-9c90-851894b34103->dd51241e-7f30-423c-8baf-8925f04f92e5#79-t2, previous=(t:2, i:1), leaderCommit=0, initializing? false, entries: <empty>
2019-09-24 19:01:45,956 [Thread-861] INFO  impl.FollowerState (FollowerState.java:run(106)) - d6fdad48-5745-4acd-8132-622988eb1603:group-2B1DF545E51A changes to CANDIDATE, lastRpcTime:1112, electionTimeout:1112ms
2019-09-24 19:01:45,957 [Thread-861] INFO  impl.RoleInfo (RoleInfo.java:shutdownFollowerState(121)) - d6fdad48-5745-4acd-8132-622988eb1603: shutdown FollowerState
2019-09-24 19:01:45,957 [Thread-861] INFO  impl.RaftServerImpl (RaftServerImpl.java:setRole(174)) - d6fdad48-5745-4acd-8132-622988eb1603@group-2B1DF545E51A: changes role from  FOLLOWER to CANDIDATE at term 10 for changeToCandidate
2019-09-24 19:01:45,957 [Thread-861] INFO  impl.RoleInfo (RoleInfo.java:updateAndGet(143)) - d6fdad48-5745-4acd-8132-622988eb1603: start LeaderElection
2019-09-24 19:01:46,266 [java.util.concurrent.ThreadPoolExecutor$Worker@11f3bbfe[State = -1, empty queue]] WARN  server.GrpcLogAppender (GrpcLogAppender.java:timeoutAppendRequest(200)) - 91e07af8-8ce2-4ac6-9c90-851894b34103@group-91D416462A89->dd51241e-7f30-423c-8baf-8925f04f92e5-GrpcLogAppender: appendEntries Timeout, request=91e07af8-8ce2-4ac6-9c90-851894b34103->dd51241e-7f30-423c-8baf-8925f04f92e5#80-t2, previous=(t:2, i:1), leaderCommit=0, initializing? false, entries: <empty>
2019-09-24 19:01:46,266 [java.util.concurrent.ThreadPoolExecutor$Worker@3942a284[State = -1, empty queue]] WARN  server.GrpcLogAppender (GrpcLogAppender.java:timeoutAppendRequest(200)) - 91e07af8-8ce2-4ac6-9c90-851894b34103@group-91D416462A89->f9d00a00-bc78-4492-92ba-83defd396746-GrpcLogAppender: appendEntries Timeout, request=91e07af8-8ce2-4ac6-9c90-851894b34103->f9d00a00-bc78-4492-92ba-83defd396746#80-t2, previous=(t:2, i:1), leaderCommit=0, initializing? false, entries: <empty>
2019-09-24 19:01:46,767 [java.util.concurrent.ThreadPoolExecutor$Worker@3942a284[State = -1, empty queue]] WARN  server.GrpcLogAppender (GrpcLogAppender.java:timeoutAppendRequest(200)) - 91e07af8-8ce2-4ac6-9c90-851894b34103@group-91D416462A89->f9d00a00-bc78-4492-92ba-83defd396746-GrpcLogAppender: appendEntries Timeout, request=91e07af8-8ce2-4ac6-9c90-851894b34103->f9d00a00-bc78-4492-92ba-83defd396746#81-t2, previous=(t:2, i:1), leaderCommit=0, initializing? false, entries: <empty>
2019-09-24 19:01:46,767 [java.util.concurrent.ThreadPoolExecutor$Worker@11f3bbfe[State = -1, empty queue]] WARN  server.GrpcLogAppender (GrpcLogAppender.java:timeoutAppendRequest(200)) - 91e07af8-8ce2-4ac6-9c90-851894b34103@group-91D416462A89->dd51241e-7f30-423c-8baf-8925f04f92e5-GrpcLogAppender: appendEntries Timeout, request=91e07af8-8ce2-4ac6-9c90-851894b34103->dd51241e-7f30-423c-8baf-8925f04f92e5#81-t2, previous=(t:2, i:1), leaderCommit=0, initializing? false, entries: <empty>
2019-09-24 19:01:47,268 [java.util.concurrent.ThreadPoolExecutor$Worker@3942a284[State = -1, empty queue]] WARN  server.GrpcLogAppender (GrpcLogAppender.java:timeoutAppendRequest(200)) - 91e07af8-8ce2-4ac6-9c90-851894b34103@group-91D416462A89->f9d00a00-bc78-4492-92ba-83defd396746-GrpcLogAppender: appendEntries Timeout, request=91e07af8-8ce2-4ac6-9c90-851894b34103->f9d00a00-bc78-4492-92ba-83defd396746#82-t2, previous=(t:2, i:1), leaderCommit=0, initializing? false, entries: <empty>
2019-09-24 19:01:47,268 [java.util.concurrent.ThreadPoolExecutor$Worker@11f3bbfe[State = -1, empty queue]] WARN  server.GrpcLogAppender (GrpcLogAppender.java:timeoutAppendRequest(200)) - 91e07af8-8ce2-4ac6-9c90-851894b34103@group-91D416462A89->dd51241e-7f30-423c-8baf-8925f04f92e5-GrpcLogAppender: appendEntries Timeout, request=91e07af8-8ce2-4ac6-9c90-851894b34103->dd51241e-7f30-423c-8baf-8925f04f92e5#82-t2, previous=(t:2, i:1), leaderCommit=0, initializing? false, entries: <empty>
2019-09-24 19:01:47,768 [java.util.concurrent.ThreadPoolExecutor$Worker@11f3bbfe[State = -1, empty queue]] WARN  server.GrpcLogAppender (GrpcLogAppender.java:timeoutAppendRequest(200)) - 91e07af8-8ce2-4ac6-9c90-851894b34103@group-91D416462A89->dd51241e-7f30-423c-8baf-8925f04f92e5-GrpcLogAppender: appendEntries Timeout, request=91e07af8-8ce2-4ac6-9c90-851894b34103->dd51241e-7f30-423c-8baf-8925f04f92e5#83-t2, previous=(t:2, i:1), leaderCommit=0, initializing? false, entries: <empty>
2019-09-24 19:01:47,768 [java.util.concurrent.ThreadPoolExecutor$Worker@3942a284[State = -1, empty queue]] WARN  server.GrpcLogAppender (GrpcLogAppender.java:timeoutAppendRequest(200)) - 91e07af8-8ce2-4ac6-9c90-851894b34103@group-91D416462A89->f9d00a00-bc78-4492-92ba-83defd396746-GrpcLogAppender: appendEntries Timeout, request=91e07af8-8ce2-4ac6-9c90-851894b34103->f9d00a00-bc78-4492-92ba-83defd396746#83-t2, previous=(t:2, i:1), leaderCommit=0, initializing? false, entries: <empty>
2019-09-24 19:01:48,269 [java.util.concurrent.ThreadPoolExecutor$Worker@3942a284[State = -1, empty queue]] WARN  server.GrpcLogAppender (GrpcLogAppender.java:timeoutAppendRequest(200)) - 91e07af8-8ce2-4ac6-9c90-851894b34103@group-91D416462A89->f9d00a00-bc78-4492-92ba-83defd396746-GrpcLogAppender: appendEntries Timeout, request=91e07af8-8ce2-4ac6-9c90-851894b34103->f9d00a00-bc78-4492-92ba-83defd396746#84-t2, previous=(t:2, i:1), leaderCommit=0, initializing? false, entries: <empty>
2019-09-24 19:01:48,269 [java.util.concurrent.ThreadPoolExecutor$Worker@11f3bbfe[State = -1, empty queue]] WARN  server.GrpcLogAppender (GrpcLogAppender.java:timeoutAppendRequest(200)) - 91e07af8-8ce2-4ac6-9c90-851894b34103@group-91D416462A89->dd51241e-7f30-423c-8baf-8925f04f92e5-GrpcLogAppender: appendEntries Timeout, request=91e07af8-8ce2-4ac6-9c90-851894b34103->dd51241e-7f30-423c-8baf-8925f04f92e5#84-t2, previous=(t:2, i:1), leaderCommit=0, initializing? false, entries: <empty>
2019-09-24 19:01:48,596 [java.util.concurrent.ThreadPoolExecutor$Worker@5b3d687a[State = -1, empty queue]] WARN  server.GrpcLogAppender (GrpcLogAppender.java:timeoutAppendRequest(200)) - 75e06a4b-10ed-49e3-a0f4-39d0cf919ed9@group-338C40DB937D->c0a619e5-2907-4353-abbd-f6fb1099a46d-GrpcLogAppender: appendEntries Timeout, request=75e06a4b-10ed-49e3-a0f4-39d0cf919ed9->c0a619e5-2907-4353-abbd-f6fb1099a46d#87-t1, previous=(t:1, i:0), leaderCommit=0, initializing? false, entries: size=1, first=(t:1, i:1), STATEMACHINELOGENTRY, client-19E75FF316C2, cid=29
2019-09-24 19:01:48,597 [java.util.concurrent.ThreadPoolExecutor$Worker@6db46767[State = -1, empty queue]] WARN  server.GrpcLogAppender (GrpcLogAppender.java:timeoutAppendRequest(200)) - 75e06a4b-10ed-49e3-a0f4-39d0cf919ed9@group-338C40DB937D->01d7623e-fce0-4300-8f15-4bc2097938ef-GrpcLogAppender: appendEntries Timeout, request=75e06a4b-10ed-49e3-a0f4-39d0cf919ed9->01d7623e-fce0-4300-8f15-4bc2097938ef#87-t1, previous=(t:1, i:0), leaderCommit=0, initializing? false, entries: size=1, first=(t:1, i:1), STATEMACHINELOGENTRY, client-19E75FF316C2, cid=29
2019-09-24 19:01:48,770 [java.util.concurrent.ThreadPoolExecutor$Worker@3942a284[State = -1, empty queue]] WARN  server.GrpcLogAppender (GrpcLogAppender.java:timeoutAppendRequest(200)) - 91e07af8-8ce2-4ac6-9c90-851894b34103@group-91D416462A89->f9d00a00-bc78-4492-92ba-83defd396746-GrpcLogAppender: appendEntries Timeout, request=91e07af8-8ce2-4ac6-9c90-851894b34103->f9d00a00-bc78-4492-92ba-83defd396746#85-t2, previous=(t:2, i:1), leaderCommit=0, initializing? false, entries: <empty>
2019-09-24 19:01:48,770 [java.util.concurrent.ThreadPoolExecutor$Worker@11f3bbfe[State = -1, empty queue]] WARN  server.GrpcLogAppender (GrpcLogAppender.java:timeoutAppendRequest(200)) - 91e07af8-8ce2-4ac6-9c90-851894b34103@group-91D416462A89->dd51241e-7f30-423c-8baf-8925f04f92e5-GrpcLogAppender: appendEntries Timeout, request=91e07af8-8ce2-4ac6-9c90-851894b34103->dd51241e-7f30-423c-8baf-8925f04f92e5#85-t2, previous=(t:2, i:1), leaderCommit=0, initializing? false, entries: <empty>
2019-09-24 19:01:49,097 [java.util.concurrent.ThreadPoolExecutor$Worker@5b3d687a[State = -1, empty queue]] WARN  server.GrpcLogAppender (GrpcLogAppender.java:timeoutAppendRequest(200)) - 75e06a4b-10ed-49e3-a0f4-39d0cf919ed9@group-338C40DB937D->c0a619e5-2907-4353-abbd-f6fb1099a46d-GrpcLogAppender: appendEntries Timeout, request=75e06a4b-10ed-49e3-a0f4-39d0cf919ed9->c0a619e5-2907-4353-abbd-f6fb1099a46d#88-t1, previous=(t:1, i:1), leaderCommit=0, initializing? false, entries: <empty>
2019-09-24 19:01:49,097 [java.util.concurrent.ThreadPoolExecutor$Worker@6db46767[State = -1, empty queue]] WARN  server.GrpcLogAppender (GrpcLogAppender.java:timeoutAppendRequest(200)) - 75e06a4b-10ed-49e3-a0f4-39d0cf919ed9@group-338C40DB937D->01d7623e-fce0-4300-8f15-4bc2097938ef-GrpcLogAppender: appendEntries Timeout, request=75e06a4b-10ed-49e3-a0f4-39d0cf919ed9->01d7623e-fce0-4300-8f15-4bc2097938ef#88-t1, previous=(t:1, i:1), leaderCommit=0, initializing? false, entries: <empty>
2019-09-24 19:01:49,271 [java.util.concurrent.ThreadPoolExecutor$Worker@11f3bbfe[State = -1, empty queue]] WARN  server.GrpcLogAppender (GrpcLogAppender.java:timeoutAppendRequest(200)) - 91e07af8-8ce2-4ac6-9c90-851894b34103@group-91D416462A89->dd51241e-7f30-423c-8baf-8925f04f92e5-GrpcLogAppender: appendEntries Timeout, request=91e07af8-8ce2-4ac6-9c90-851894b34103->dd51241e-7f30-423c-8baf-8925f04f92e5#86-t2, previous=(t:2, i:1), leaderCommit=0, initializing? false, entries: <empty>
2019-09-24 19:01:49,271 [java.util.concurrent.ThreadPoolExecutor$Worker@3942a284[State = -1, empty queue]] WARN  server.GrpcLogAppender (GrpcLogAppender.java:timeoutAppendRequest(200)) - 91e07af8-8ce2-4ac6-9c90-851894b34103@group-91D416462A89->f9d00a00-bc78-4492-92ba-83defd396746-GrpcLogAppender: appendEntries Timeout, request=91e07af8-8ce2-4ac6-9c90-851894b34103->f9d00a00-bc78-4492-92ba-83defd396746#86-t2, previous=(t:2, i:1), leaderCommit=0, initializing? false, entries: <empty>
2019-09-24 19:01:49,600 [java.util.concurrent.ThreadPoolExecutor$Worker@6db46767[State = -1, empty queue]] WARN  server.GrpcLogAppender (GrpcLogAppender.java:timeoutAppendRequest(200)) - 75e06a4b-10ed-49e3-a0f4-39d0cf919ed9@group-338C40DB937D->01d7623e-fce0-4300-8f15-4bc2097938ef-GrpcLogAppender: appendEntries Timeout, request=75e06a4b-10ed-49e3-a0f4-39d0cf919ed9->01d7623e-fce0-4300-8f15-4bc2097938ef#89-t1, previous=(t:1, i:1), leaderCommit=0, initializing? false, entries: <empty>
2019-09-24 19:01:49,600 [java.util.concurrent.ThreadPoolExecutor$Worker@5b3d687a[State = -1, empty queue]] WARN  server.GrpcLogAppender (GrpcLogAppender.java:timeoutAppendRequest(200)) - 75e06a4b-10ed-49e3-a0f4-39d0cf919ed9@group-338C40DB937D->c0a619e5-2907-4353-abbd-f6fb1099a46d-GrpcLogAppender: appendEntries Timeout, request=75e06a4b-10ed-49e3-a0f4-39d0cf919ed9->c0a619e5-2907-4353-abbd-f6fb1099a46d#89-t1, previous=(t:1, i:1), leaderCommit=0, initializing? false, entries: <empty>
2019-09-24 19:01:49,771 [java.util.concurrent.ThreadPoolExecutor$Worker@3942a284[State = -1, empty queue]] WARN  server.GrpcLogAppender (GrpcLogAppender.java:timeoutAppendRequest(200)) - 91e07af8-8ce2-4ac6-9c90-851894b34103@group-91D416462A89->f9d00a00-bc78-4492-92ba-83defd396746-GrpcLogAppender: appendEntries Timeout, request=91e07af8-8ce2-4ac6-9c90-851894b34103->f9d00a00-bc78-4492-92ba-83defd396746#87-t2, previous=(t:2, i:1), leaderCommit=0, initializing? false, entries: <empty>
2019-09-24 19:01:49,771 [java.util.concurrent.ThreadPoolExecutor$Worker@11f3bbfe[State = -1, empty queue]] WARN  server.GrpcLogAppender (GrpcLogAppender.java:timeoutAppendRequest(200)) - 91e07af8-8ce2-4ac6-9c90-851894b34103@group-91D416462A89->dd51241e-7f30-423c-8baf-8925f04f92e5-GrpcLogAppender: appendEntries Timeout, request=91e07af8-8ce2-4ac6-9c90-851894b34103->dd51241e-7f30-423c-8baf-8925f04f92e5#87-t2, previous=(t:2, i:1), leaderCommit=0, initializing? false, entries: <empty>
2019-09-24 19:01:50,001 [d6fdad48-5745-4acd-8132-622988eb1603@group-2B1DF545E51A:LeaderElection30] INFO  impl.LeaderElection (LeaderElection.java:askForVotes(182)) - d6fdad48-5745-4acd-8132-622988eb1603@group-2B1DF545E51A:LeaderElection30: begin an election at term 11 for 0: [d6fdad48-5745-4acd-8132-622988eb1603:192.168.5.148:33283, a05b4b97-0b18-4776-a1dd-8f128fadc53a:192.168.5.148:35009, 29620711-3f46-457a-8151-219e63eed2d2:192.168.5.148:46161], old=null
2019-09-24 19:01:50,020 [d6fdad48-5745-4acd-8132-622988eb1603@group-2B1DF545E51A:LeaderElection30] INFO  impl.LeaderElection (LogUtils.java:infoOrTrace(149)) - d6fdad48-5745-4acd-8132-622988eb1603@group-2B1DF545E51A:LeaderElection30 got exception when requesting votes: {}
java.util.concurrent.ExecutionException: org.apache.ratis.thirdparty.io.grpc.StatusRuntimeException: UNAVAILABLE: io exception
	at java.util.concurrent.FutureTask.report(FutureTask.java:122)
	at java.util.concurrent.FutureTask.get(FutureTask.java:192)
	at org.apache.ratis.server.impl.LeaderElection.waitForResults(LeaderElection.java:263)
	at org.apache.ratis.server.impl.LeaderElection.askForVotes(LeaderElection.java:201)
	at org.apache.ratis.server.impl.LeaderElection.run(LeaderElection.java:133)
	at java.lang.Thread.run(Thread.java:748)
Caused by: org.apache.ratis.thirdparty.io.grpc.StatusRuntimeException: UNAVAILABLE: io exception
	at org.apache.ratis.thirdparty.io.grpc.stub.ClientCalls.toStatusRuntimeException(ClientCalls.java:233)
	at org.apache.ratis.thirdparty.io.grpc.stub.ClientCalls.getUnchecked(ClientCalls.java:214)
	at org.apache.ratis.thirdparty.io.grpc.stub.ClientCalls.blockingUnaryCall(ClientCalls.java:139)
	at org.apache.ratis.proto.grpc.RaftServerProtocolServiceGrpc$RaftServerProtocolServiceBlockingStub.requestVote(RaftServerProtocolServiceGrpc.java:265)
	at org.apache.ratis.grpc.server.GrpcServerProtocolClient.requestVote(GrpcServerProtocolClient.java:90)
	at org.apache.ratis.grpc.server.GrpcService.requestVote(GrpcService.java:204)
	at org.apache.ratis.server.impl.LeaderElection.lambda$submitRequests$1(LeaderElection.java:238)
	at java.util.concurrent.FutureTask.run(FutureTask.java:266)
	at java.util.concurrent.Executors$RunnableAdapter.call(Executors.java:511)
	at java.util.concurrent.FutureTask.run(FutureTask.java:266)
	at java.util.concurrent.ThreadPoolExecutor.runWorker(ThreadPoolExecutor.java:1149)
	at java.util.concurrent.ThreadPoolExecutor$Worker.run(ThreadPoolExecutor.java:624)
	... 1 more
Caused by: org.apache.ratis.thirdparty.io.netty.channel.AbstractChannel$AnnotatedConnectException: Connection refused: /192.168.5.148:35009
	at sun.nio.ch.SocketChannelImpl.checkConnect(Native Method)
	at sun.nio.ch.SocketChannelImpl.finishConnect(SocketChannelImpl.java:717)
	at org.apache.ratis.thirdparty.io.netty.channel.socket.nio.NioSocketChannel.doFinishConnect(NioSocketChannel.java:327)
	at org.apache.ratis.thirdparty.io.netty.channel.nio.AbstractNioChannel$AbstractNioUnsafe.finishConnect(AbstractNioChannel.java:340)
	at org.apache.ratis.thirdparty.io.netty.channel.nio.NioEventLoop.processSelectedKey(NioEventLoop.java:632)
	at org.apache.ratis.thirdparty.io.netty.channel.nio.NioEventLoop.processSelectedKeysOptimized(NioEventLoop.java:579)
	at org.apache.ratis.thirdparty.io.netty.channel.nio.NioEventLoop.processSelectedKeys(NioEventLoop.java:496)
	at org.apache.ratis.thirdparty.io.netty.channel.nio.NioEventLoop.run(NioEventLoop.java:458)
	at org.apache.ratis.thirdparty.io.netty.util.concurrent.SingleThreadEventExecutor$5.run(SingleThreadEventExecutor.java:897)
	at org.apache.ratis.thirdparty.io.netty.util.concurrent.FastThreadLocalRunnable.run(FastThreadLocalRunnable.java:30)
	... 1 more
Caused by: java.net.ConnectException: Connection refused
	... 11 more
2019-09-24 19:01:50,023 [d6fdad48-5745-4acd-8132-622988eb1603@group-2B1DF545E51A:LeaderElection30] INFO  impl.LeaderElection (LogUtils.java:infoOrTrace(149)) - d6fdad48-5745-4acd-8132-622988eb1603@group-2B1DF545E51A:LeaderElection30 got exception when requesting votes: {}
java.util.concurrent.ExecutionException: org.apache.ratis.thirdparty.io.grpc.StatusRuntimeException: UNAVAILABLE: io exception
	at java.util.concurrent.FutureTask.report(FutureTask.java:122)
	at java.util.concurrent.FutureTask.get(FutureTask.java:192)
	at org.apache.ratis.server.impl.LeaderElection.waitForResults(LeaderElection.java:263)
	at org.apache.ratis.server.impl.LeaderElection.askForVotes(LeaderElection.java:201)
	at org.apache.ratis.server.impl.LeaderElection.run(LeaderElection.java:133)
	at java.lang.Thread.run(Thread.java:748)
Caused by: org.apache.ratis.thirdparty.io.grpc.StatusRuntimeException: UNAVAILABLE: io exception
	at org.apache.ratis.thirdparty.io.grpc.stub.ClientCalls.toStatusRuntimeException(ClientCalls.java:233)
	at org.apache.ratis.thirdparty.io.grpc.stub.ClientCalls.getUnchecked(ClientCalls.java:214)
	at org.apache.ratis.thirdparty.io.grpc.stub.ClientCalls.blockingUnaryCall(ClientCalls.java:139)
	at org.apache.ratis.proto.grpc.RaftServerProtocolServiceGrpc$RaftServerProtocolServiceBlockingStub.requestVote(RaftServerProtocolServiceGrpc.java:265)
	at org.apache.ratis.grpc.server.GrpcServerProtocolClient.requestVote(GrpcServerProtocolClient.java:90)
	at org.apache.ratis.grpc.server.GrpcService.requestVote(GrpcService.java:204)
	at org.apache.ratis.server.impl.LeaderElection.lambda$submitRequests$1(LeaderElection.java:238)
	at java.util.concurrent.FutureTask.run(FutureTask.java:266)
	at java.util.concurrent.Executors$RunnableAdapter.call(Executors.java:511)
	at java.util.concurrent.FutureTask.run(FutureTask.java:266)
	at java.util.concurrent.ThreadPoolExecutor.runWorker(ThreadPoolExecutor.java:1149)
	at java.util.concurrent.ThreadPoolExecutor$Worker.run(ThreadPoolExecutor.java:624)
	... 1 more
Caused by: org.apache.ratis.thirdparty.io.netty.channel.AbstractChannel$AnnotatedConnectException: Connection refused: /192.168.5.148:46161
	at sun.nio.ch.SocketChannelImpl.checkConnect(Native Method)
	at sun.nio.ch.SocketChannelImpl.finishConnect(SocketChannelImpl.java:717)
	at org.apache.ratis.thirdparty.io.netty.channel.socket.nio.NioSocketChannel.doFinishConnect(NioSocketChannel.java:327)
	at org.apache.ratis.thirdparty.io.netty.channel.nio.AbstractNioChannel$AbstractNioUnsafe.finishConnect(AbstractNioChannel.java:340)
	at org.apache.ratis.thirdparty.io.netty.channel.nio.NioEventLoop.processSelectedKey(NioEventLoop.java:632)
	at org.apache.ratis.thirdparty.io.netty.channel.nio.NioEventLoop.processSelectedKeysOptimized(NioEventLoop.java:579)
	at org.apache.ratis.thirdparty.io.netty.channel.nio.NioEventLoop.processSelectedKeys(NioEventLoop.java:496)
	at org.apache.ratis.thirdparty.io.netty.channel.nio.NioEventLoop.run(NioEventLoop.java:458)
	at org.apache.ratis.thirdparty.io.netty.util.concurrent.SingleThreadEventExecutor$5.run(SingleThreadEventExecutor.java:897)
	at org.apache.ratis.thirdparty.io.netty.util.concurrent.FastThreadLocalRunnable.run(FastThreadLocalRunnable.java:30)
	... 1 more
Caused by: java.net.ConnectException: Connection refused
	... 11 more
2019-09-24 19:01:50,043 [d6fdad48-5745-4acd-8132-622988eb1603@group-2B1DF545E51A:LeaderElection30] INFO  impl.LeaderElection (LeaderElection.java:logAndReturn(56)) - d6fdad48-5745-4acd-8132-622988eb1603@group-2B1DF545E51A:LeaderElection30: Election REJECTED; received 0 response(s) [] and 2 exception(s); d6fdad48-5745-4acd-8132-622988eb1603@group-2B1DF545E51A:t11, leader=null, voted=d6fdad48-5745-4acd-8132-622988eb1603, raftlog=d6fdad48-5745-4acd-8132-622988eb1603@group-2B1DF545E51A-SegmentedRaftLog:OPENED:c4,f4,i4, conf=0: [d6fdad48-5745-4acd-8132-622988eb1603:192.168.5.148:33283, a05b4b97-0b18-4776-a1dd-8f128fadc53a:192.168.5.148:35009, 29620711-3f46-457a-8151-219e63eed2d2:192.168.5.148:46161], old=null
2019-09-24 19:01:50,043 [d6fdad48-5745-4acd-8132-622988eb1603@group-2B1DF545E51A:LeaderElection30] INFO  impl.LeaderElection (LogUtils.java:infoOrTrace(149)) -   Exception 0: {}
java.util.concurrent.ExecutionException: org.apache.ratis.thirdparty.io.grpc.StatusRuntimeException: UNAVAILABLE: io exception
	at java.util.concurrent.FutureTask.report(FutureTask.java:122)
	at java.util.concurrent.FutureTask.get(FutureTask.java:192)
	at org.apache.ratis.server.impl.LeaderElection.waitForResults(LeaderElection.java:263)
	at org.apache.ratis.server.impl.LeaderElection.askForVotes(LeaderElection.java:201)
	at org.apache.ratis.server.impl.LeaderElection.run(LeaderElection.java:133)
	at java.lang.Thread.run(Thread.java:748)
Caused by: org.apache.ratis.thirdparty.io.grpc.StatusRuntimeException: UNAVAILABLE: io exception
	at org.apache.ratis.thirdparty.io.grpc.stub.ClientCalls.toStatusRuntimeException(ClientCalls.java:233)
	at org.apache.ratis.thirdparty.io.grpc.stub.ClientCalls.getUnchecked(ClientCalls.java:214)
	at org.apache.ratis.thirdparty.io.grpc.stub.ClientCalls.blockingUnaryCall(ClientCalls.java:139)
	at org.apache.ratis.proto.grpc.RaftServerProtocolServiceGrpc$RaftServerProtocolServiceBlockingStub.requestVote(RaftServerProtocolServiceGrpc.java:265)
	at org.apache.ratis.grpc.server.GrpcServerProtocolClient.requestVote(GrpcServerProtocolClient.java:90)
	at org.apache.ratis.grpc.server.GrpcService.requestVote(GrpcService.java:204)
	at org.apache.ratis.server.impl.LeaderElection.lambda$submitRequests$1(LeaderElection.java:238)
	at java.util.concurrent.FutureTask.run(FutureTask.java:266)
	at java.util.concurrent.Executors$RunnableAdapter.call(Executors.java:511)
	at java.util.concurrent.FutureTask.run(FutureTask.java:266)
	at java.util.concurrent.ThreadPoolExecutor.runWorker(ThreadPoolExecutor.java:1149)
	at java.util.concurrent.ThreadPoolExecutor$Worker.run(ThreadPoolExecutor.java:624)
	... 1 more
Caused by: org.apache.ratis.thirdparty.io.netty.channel.AbstractChannel$AnnotatedConnectException: Connection refused: /192.168.5.148:35009
	at sun.nio.ch.SocketChannelImpl.checkConnect(Native Method)
	at sun.nio.ch.SocketChannelImpl.finishConnect(SocketChannelImpl.java:717)
	at org.apache.ratis.thirdparty.io.netty.channel.socket.nio.NioSocketChannel.doFinishConnect(NioSocketChannel.java:327)
	at org.apache.ratis.thirdparty.io.netty.channel.nio.AbstractNioChannel$AbstractNioUnsafe.finishConnect(AbstractNioChannel.java:340)
	at org.apache.ratis.thirdparty.io.netty.channel.nio.NioEventLoop.processSelectedKey(NioEventLoop.java:632)
	at org.apache.ratis.thirdparty.io.netty.channel.nio.NioEventLoop.processSelectedKeysOptimized(NioEventLoop.java:579)
	at org.apache.ratis.thirdparty.io.netty.channel.nio.NioEventLoop.processSelectedKeys(NioEventLoop.java:496)
	at org.apache.ratis.thirdparty.io.netty.channel.nio.NioEventLoop.run(NioEventLoop.java:458)
	at org.apache.ratis.thirdparty.io.netty.util.concurrent.SingleThreadEventExecutor$5.run(SingleThreadEventExecutor.java:897)
	at org.apache.ratis.thirdparty.io.netty.util.concurrent.FastThreadLocalRunnable.run(FastThreadLocalRunnable.java:30)
	... 1 more
Caused by: java.net.ConnectException: Connection refused
	... 11 more
2019-09-24 19:01:50,044 [d6fdad48-5745-4acd-8132-622988eb1603@group-2B1DF545E51A:LeaderElection30] INFO  impl.LeaderElection (LogUtils.java:infoOrTrace(149)) -   Exception 1: {}
java.util.concurrent.ExecutionException: org.apache.ratis.thirdparty.io.grpc.StatusRuntimeException: UNAVAILABLE: io exception
	at java.util.concurrent.FutureTask.report(FutureTask.java:122)
	at java.util.concurrent.FutureTask.get(FutureTask.java:192)
	at org.apache.ratis.server.impl.LeaderElection.waitForResults(LeaderElection.java:263)
	at org.apache.ratis.server.impl.LeaderElection.askForVotes(LeaderElection.java:201)
	at org.apache.ratis.server.impl.LeaderElection.run(LeaderElection.java:133)
	at java.lang.Thread.run(Thread.java:748)
Caused by: org.apache.ratis.thirdparty.io.grpc.StatusRuntimeException: UNAVAILABLE: io exception
	at org.apache.ratis.thirdparty.io.grpc.stub.ClientCalls.toStatusRuntimeException(ClientCalls.java:233)
	at org.apache.ratis.thirdparty.io.grpc.stub.ClientCalls.getUnchecked(ClientCalls.java:214)
	at org.apache.ratis.thirdparty.io.grpc.stub.ClientCalls.blockingUnaryCall(ClientCalls.java:139)
	at org.apache.ratis.proto.grpc.RaftServerProtocolServiceGrpc$RaftServerProtocolServiceBlockingStub.requestVote(RaftServerProtocolServiceGrpc.java:265)
	at org.apache.ratis.grpc.server.GrpcServerProtocolClient.requestVote(GrpcServerProtocolClient.java:90)
	at org.apache.ratis.grpc.server.GrpcService.requestVote(GrpcService.java:204)
	at org.apache.ratis.server.impl.LeaderElection.lambda$submitRequests$1(LeaderElection.java:238)
	at java.util.concurrent.FutureTask.run(FutureTask.java:266)
	at java.util.concurrent.Executors$RunnableAdapter.call(Executors.java:511)
	at java.util.concurrent.FutureTask.run(FutureTask.java:266)
	at java.util.concurrent.ThreadPoolExecutor.runWorker(ThreadPoolExecutor.java:1149)
	at java.util.concurrent.ThreadPoolExecutor$Worker.run(ThreadPoolExecutor.java:624)
	... 1 more
Caused by: org.apache.ratis.thirdparty.io.netty.channel.AbstractChannel$AnnotatedConnectException: Connection refused: /192.168.5.148:46161
	at sun.nio.ch.SocketChannelImpl.checkConnect(Native Method)
	at sun.nio.ch.SocketChannelImpl.finishConnect(SocketChannelImpl.java:717)
	at org.apache.ratis.thirdparty.io.netty.channel.socket.nio.NioSocketChannel.doFinishConnect(NioSocketChannel.java:327)
	at org.apache.ratis.thirdparty.io.netty.channel.nio.AbstractNioChannel$AbstractNioUnsafe.finishConnect(AbstractNioChannel.java:340)
	at org.apache.ratis.thirdparty.io.netty.channel.nio.NioEventLoop.processSelectedKey(NioEventLoop.java:632)
	at org.apache.ratis.thirdparty.io.netty.channel.nio.NioEventLoop.processSelectedKeysOptimized(NioEventLoop.java:579)
	at org.apache.ratis.thirdparty.io.netty.channel.nio.NioEventLoop.processSelectedKeys(NioEventLoop.java:496)
	at org.apache.ratis.thirdparty.io.netty.channel.nio.NioEventLoop.run(NioEventLoop.java:458)
	at org.apache.ratis.thirdparty.io.netty.util.concurrent.SingleThreadEventExecutor$5.run(SingleThreadEventExecutor.java:897)
	at org.apache.ratis.thirdparty.io.netty.util.concurrent.FastThreadLocalRunnable.run(FastThreadLocalRunnable.java:30)
	... 1 more
Caused by: java.net.ConnectException: Connection refused
	... 11 more
2019-09-24 19:01:50,059 [d6fdad48-5745-4acd-8132-622988eb1603@group-2B1DF545E51A:LeaderElection30] INFO  impl.RaftServerImpl (RaftServerImpl.java:setRole(174)) - d6fdad48-5745-4acd-8132-622988eb1603@group-2B1DF545E51A: changes role from CANDIDATE to FOLLOWER at term 11 for DISCOVERED_A_NEW_TERM
2019-09-24 19:01:50,059 [d6fdad48-5745-4acd-8132-622988eb1603@group-2B1DF545E51A:LeaderElection30] INFO  impl.RoleInfo (RoleInfo.java:shutdownLeaderElection(134)) - d6fdad48-5745-4acd-8132-622988eb1603: shutdown LeaderElection
2019-09-24 19:01:50,059 [d6fdad48-5745-4acd-8132-622988eb1603@group-2B1DF545E51A:LeaderElection30] INFO  impl.RoleInfo (RoleInfo.java:updateAndGet(143)) - d6fdad48-5745-4acd-8132-622988eb1603: start FollowerState
2019-09-24 19:01:50,097 [java.util.concurrent.ThreadPoolExecutor$Worker@5b3d687a[State = -1, empty queue]] WARN  server.GrpcLogAppender (GrpcLogAppender.java:timeoutAppendRequest(200)) - 75e06a4b-10ed-49e3-a0f4-39d0cf919ed9@group-338C40DB937D->c0a619e5-2907-4353-abbd-f6fb1099a46d-GrpcLogAppender: appendEntries Timeout, request=75e06a4b-10ed-49e3-a0f4-39d0cf919ed9->c0a619e5-2907-4353-abbd-f6fb1099a46d#90-t1, previous=(t:1, i:1), leaderCommit=0, initializing? false, entries: <empty>
2019-09-24 19:01:50,098 [java.util.concurrent.ThreadPoolExecutor$Worker@6db46767[State = -1, empty queue]] WARN  server.GrpcLogAppender (GrpcLogAppender.java:timeoutAppendRequest(200)) - 75e06a4b-10ed-49e3-a0f4-39d0cf919ed9@group-338C40DB937D->01d7623e-fce0-4300-8f15-4bc2097938ef-GrpcLogAppender: appendEntries Timeout, request=75e06a4b-10ed-49e3-a0f4-39d0cf919ed9->01d7623e-fce0-4300-8f15-4bc2097938ef#90-t1, previous=(t:1, i:1), leaderCommit=0, initializing? false, entries: <empty>
2019-09-24 19:01:50,272 [java.util.concurrent.ThreadPoolExecutor$Worker@3942a284[State = -1, empty queue]] WARN  server.GrpcLogAppender (GrpcLogAppender.java:timeoutAppendRequest(200)) - 91e07af8-8ce2-4ac6-9c90-851894b34103@group-91D416462A89->f9d00a00-bc78-4492-92ba-83defd396746-GrpcLogAppender: appendEntries Timeout, request=91e07af8-8ce2-4ac6-9c90-851894b34103->f9d00a00-bc78-4492-92ba-83defd396746#88-t2, previous=(t:2, i:1), leaderCommit=0, initializing? false, entries: <empty>
2019-09-24 19:01:50,272 [java.util.concurrent.ThreadPoolExecutor$Worker@11f3bbfe[State = -1, empty queue]] WARN  server.GrpcLogAppender (GrpcLogAppender.java:timeoutAppendRequest(200)) - 91e07af8-8ce2-4ac6-9c90-851894b34103@group-91D416462A89->dd51241e-7f30-423c-8baf-8925f04f92e5-GrpcLogAppender: appendEntries Timeout, request=91e07af8-8ce2-4ac6-9c90-851894b34103->dd51241e-7f30-423c-8baf-8925f04f92e5#88-t2, previous=(t:2, i:1), leaderCommit=0, initializing? false, entries: <empty>
2019-09-24 19:01:50,611 [java.util.concurrent.ThreadPoolExecutor$Worker@6db46767[State = -1, empty queue]] WARN  server.GrpcLogAppender (GrpcLogAppender.java:timeoutAppendRequest(200)) - 75e06a4b-10ed-49e3-a0f4-39d0cf919ed9@group-338C40DB937D->01d7623e-fce0-4300-8f15-4bc2097938ef-GrpcLogAppender: appendEntries Timeout, request=75e06a4b-10ed-49e3-a0f4-39d0cf919ed9->01d7623e-fce0-4300-8f15-4bc2097938ef#91-t1, previous=(t:1, i:1), leaderCommit=0, initializing? false, entries: <empty>
2019-09-24 19:01:50,611 [java.util.concurrent.ThreadPoolExecutor$Worker@5b3d687a[State = -1, empty queue]] WARN  server.GrpcLogAppender (GrpcLogAppender.java:timeoutAppendRequest(200)) - 75e06a4b-10ed-49e3-a0f4-39d0cf919ed9@group-338C40DB937D->c0a619e5-2907-4353-abbd-f6fb1099a46d-GrpcLogAppender: appendEntries Timeout, request=75e06a4b-10ed-49e3-a0f4-39d0cf919ed9->c0a619e5-2907-4353-abbd-f6fb1099a46d#91-t1, previous=(t:1, i:1), leaderCommit=0, initializing? false, entries: <empty>
2019-09-24 19:01:50,625 [grpc-default-executor-3] WARN  server.GrpcLogAppender (GrpcLogAppender.java:onNextImpl(251)) - 91e07af8-8ce2-4ac6-9c90-851894b34103@group-91D416462A89->dd51241e-7f30-423c-8baf-8925f04f92e5-AppendLogResponseHandler: Request not found, ignoring reply: 91e07af8-8ce2-4ac6-9c90-851894b34103<-dd51241e-7f30-423c-8baf-8925f04f92e5#54:OK,SUCCESS,nextIndex:2,term:2,followerCommit:0
2019-09-24 19:01:50,625 [grpc-default-executor-6] WARN  server.GrpcLogAppender (GrpcLogAppender.java:onNextImpl(251)) - 91e07af8-8ce2-4ac6-9c90-851894b34103@group-91D416462A89->dd51241e-7f30-423c-8baf-8925f04f92e5-AppendLogResponseHandler: Request not found, ignoring reply: 91e07af8-8ce2-4ac6-9c90-851894b34103<-dd51241e-7f30-423c-8baf-8925f04f92e5#55:OK,SUCCESS,nextIndex:2,term:2,followerCommit:0
2019-09-24 19:01:50,626 [grpc-default-executor-6] WARN  server.GrpcLogAppender (GrpcLogAppender.java:onNextImpl(251)) - 91e07af8-8ce2-4ac6-9c90-851894b34103@group-91D416462A89->dd51241e-7f30-423c-8baf-8925f04f92e5-AppendLogResponseHandler: Request not found, ignoring reply: 91e07af8-8ce2-4ac6-9c90-851894b34103<-dd51241e-7f30-423c-8baf-8925f04f92e5#56:OK,SUCCESS,nextIndex:2,term:2,followerCommit:0
2019-09-24 19:01:50,626 [grpc-default-executor-6] WARN  server.GrpcLogAppender (GrpcLogAppender.java:onNextImpl(251)) - 91e07af8-8ce2-4ac6-9c90-851894b34103@group-91D416462A89->dd51241e-7f30-423c-8baf-8925f04f92e5-AppendLogResponseHandler: Request not found, ignoring reply: 91e07af8-8ce2-4ac6-9c90-851894b34103<-dd51241e-7f30-423c-8baf-8925f04f92e5#57:OK,SUCCESS,nextIndex:2,term:2,followerCommit:0
2019-09-24 19:01:50,626 [grpc-default-executor-3] WARN  server.GrpcLogAppender (GrpcLogAppender.java:onNextImpl(251)) - 91e07af8-8ce2-4ac6-9c90-851894b34103@group-91D416462A89->f9d00a00-bc78-4492-92ba-83defd396746-AppendLogResponseHandler: Request not found, ignoring reply: 91e07af8-8ce2-4ac6-9c90-851894b34103<-f9d00a00-bc78-4492-92ba-83defd396746#54:OK,SUCCESS,nextIndex:2,term:2,followerCommit:0
2019-09-24 19:01:50,626 [grpc-default-executor-6] WARN  server.GrpcLogAppender (GrpcLogAppender.java:onNextImpl(251)) - 91e07af8-8ce2-4ac6-9c90-851894b34103@group-91D416462A89->dd51241e-7f30-423c-8baf-8925f04f92e5-AppendLogResponseHandler: Request not found, ignoring reply: 91e07af8-8ce2-4ac6-9c90-851894b34103<-dd51241e-7f30-423c-8baf-8925f04f92e5#58:OK,SUCCESS,nextIndex:2,term:2,followerCommit:0
2019-09-24 19:01:50,626 [grpc-default-executor-3] WARN  server.GrpcLogAppender (GrpcLogAppender.java:onNextImpl(251)) - 91e07af8-8ce2-4ac6-9c90-851894b34103@group-91D416462A89->f9d00a00-bc78-4492-92ba-83defd396746-AppendLogResponseHandler: Request not found, ignoring reply: 91e07af8-8ce2-4ac6-9c90-851894b34103<-f9d00a00-bc78-4492-92ba-83defd396746#55:OK,SUCCESS,nextIndex:2,term:2,followerCommit:0
2019-09-24 19:01:50,626 [grpc-default-executor-6] WARN  server.GrpcLogAppender (GrpcLogAppender.java:onNextImpl(251)) - 91e07af8-8ce2-4ac6-9c90-851894b34103@group-91D416462A89->dd51241e-7f30-423c-8baf-8925f04f92e5-AppendLogResponseHandler: Request not found, ignoring reply: 91e07af8-8ce2-4ac6-9c90-851894b34103<-dd51241e-7f30-423c-8baf-8925f04f92e5#59:OK,SUCCESS,nextIndex:2,term:2,followerCommit:0
2019-09-24 19:01:50,627 [grpc-default-executor-3] WARN  server.GrpcLogAppender (GrpcLogAppender.java:onNextImpl(251)) - 91e07af8-8ce2-4ac6-9c90-851894b34103@group-91D416462A89->f9d00a00-bc78-4492-92ba-83defd396746-AppendLogResponseHandler: Request not found, ignoring reply: 91e07af8-8ce2-4ac6-9c90-851894b34103<-f9d00a00-bc78-4492-92ba-83defd396746#56:OK,SUCCESS,nextIndex:2,term:2,followerCommit:0
2019-09-24 19:01:50,627 [grpc-default-executor-6] WARN  server.GrpcLogAppender (GrpcLogAppender.java:onNextImpl(251)) - 91e07af8-8ce2-4ac6-9c90-851894b34103@group-91D416462A89->dd51241e-7f30-423c-8baf-8925f04f92e5-AppendLogResponseHandler: Request not found, ignoring reply: 91e07af8-8ce2-4ac6-9c90-851894b34103<-dd51241e-7f30-423c-8baf-8925f04f92e5#60:OK,SUCCESS,nextIndex:2,term:2,followerCommit:0
2019-09-24 19:01:50,627 [grpc-default-executor-3] WARN  server.GrpcLogAppender (GrpcLogAppender.java:onNextImpl(251)) - 91e07af8-8ce2-4ac6-9c90-851894b34103@group-91D416462A89->f9d00a00-bc78-4492-92ba-83defd396746-AppendLogResponseHandler: Request not found, ignoring reply: 91e07af8-8ce2-4ac6-9c90-851894b34103<-f9d00a00-bc78-4492-92ba-83defd396746#57:OK,SUCCESS,nextIndex:2,term:2,followerCommit:0
2019-09-24 19:01:50,627 [grpc-default-executor-6] WARN  server.GrpcLogAppender (GrpcLogAppender.java:onNextImpl(251)) - 91e07af8-8ce2-4ac6-9c90-851894b34103@group-91D416462A89->dd51241e-7f30-423c-8baf-8925f04f92e5-AppendLogResponseHandler: Request not found, ignoring reply: 91e07af8-8ce2-4ac6-9c90-851894b34103<-dd51241e-7f30-423c-8baf-8925f04f92e5#61:OK,SUCCESS,nextIndex:2,term:2,followerCommit:0
2019-09-24 19:01:50,627 [grpc-default-executor-3] WARN  server.GrpcLogAppender (GrpcLogAppender.java:onNextImpl(251)) - 91e07af8-8ce2-4ac6-9c90-851894b34103@group-91D416462A89->f9d00a00-bc78-4492-92ba-83defd396746-AppendLogResponseHandler: Request not found, ignoring reply: 91e07af8-8ce2-4ac6-9c90-851894b34103<-f9d00a00-bc78-4492-92ba-83defd396746#58:OK,SUCCESS,nextIndex:2,term:2,followerCommit:0
2019-09-24 19:01:50,627 [grpc-default-executor-6] WARN  server.GrpcLogAppender (GrpcLogAppender.java:onNextImpl(251)) - 91e07af8-8ce2-4ac6-9c90-851894b34103@group-91D416462A89->dd51241e-7f30-423c-8baf-8925f04f92e5-AppendLogResponseHandler: Request not found, ignoring reply: 91e07af8-8ce2-4ac6-9c90-851894b34103<-dd51241e-7f30-423c-8baf-8925f04f92e5#62:OK,SUCCESS,nextIndex:2,term:2,followerCommit:0
2019-09-24 19:01:50,628 [grpc-default-executor-3] WARN  server.GrpcLogAppender (GrpcLogAppender.java:onNextImpl(251)) - 91e07af8-8ce2-4ac6-9c90-851894b34103@group-91D416462A89->f9d00a00-bc78-4492-92ba-83defd396746-AppendLogResponseHandler: Request not found, ignoring reply: 91e07af8-8ce2-4ac6-9c90-851894b34103<-f9d00a00-bc78-4492-92ba-83defd396746#59:OK,SUCCESS,nextIndex:2,term:2,followerCommit:0
2019-09-24 19:01:50,628 [grpc-default-executor-6] WARN  server.GrpcLogAppender (GrpcLogAppender.java:onNextImpl(251)) - 91e07af8-8ce2-4ac6-9c90-851894b34103@group-91D416462A89->dd51241e-7f30-423c-8baf-8925f04f92e5-AppendLogResponseHandler: Request not found, ignoring reply: 91e07af8-8ce2-4ac6-9c90-851894b34103<-dd51241e-7f30-423c-8baf-8925f04f92e5#63:OK,SUCCESS,nextIndex:2,term:2,followerCommit:0
2019-09-24 19:01:50,628 [grpc-default-executor-3] WARN  server.GrpcLogAppender (GrpcLogAppender.java:onNextImpl(251)) - 91e07af8-8ce2-4ac6-9c90-851894b34103@group-91D416462A89->f9d00a00-bc78-4492-92ba-83defd396746-AppendLogResponseHandler: Request not found, ignoring reply: 91e07af8-8ce2-4ac6-9c90-851894b34103<-f9d00a00-bc78-4492-92ba-83defd396746#60:OK,SUCCESS,nextIndex:2,term:2,followerCommit:0
2019-09-24 19:01:50,628 [grpc-default-executor-6] WARN  server.GrpcLogAppender (GrpcLogAppender.java:onNextImpl(251)) - 91e07af8-8ce2-4ac6-9c90-851894b34103@group-91D416462A89->dd51241e-7f30-423c-8baf-8925f04f92e5-AppendLogResponseHandler: Request not found, ignoring reply: 91e07af8-8ce2-4ac6-9c90-851894b34103<-dd51241e-7f30-423c-8baf-8925f04f92e5#64:OK,SUCCESS,nextIndex:2,term:2,followerCommit:0
2019-09-24 19:01:50,628 [grpc-default-executor-1] WARN  server.GrpcLogAppender (GrpcLogAppender.java:onNextImpl(251)) - 91e07af8-8ce2-4ac6-9c90-851894b34103@group-91D416462A89->f9d00a00-bc78-4492-92ba-83defd396746-AppendLogResponseHandler: Request not found, ignoring reply: 91e07af8-8ce2-4ac6-9c90-851894b34103<-f9d00a00-bc78-4492-92ba-83defd396746#61:OK,SUCCESS,nextIndex:2,term:2,followerCommit:0
2019-09-24 19:01:50,628 [grpc-default-executor-6] WARN  server.GrpcLogAppender (GrpcLogAppender.java:onNextImpl(251)) - 91e07af8-8ce2-4ac6-9c90-851894b34103@group-91D416462A89->dd51241e-7f30-423c-8baf-8925f04f92e5-AppendLogResponseHandler: Request not found, ignoring reply: 91e07af8-8ce2-4ac6-9c90-851894b34103<-dd51241e-7f30-423c-8baf-8925f04f92e5#65:OK,SUCCESS,nextIndex:2,term:2,followerCommit:0
2019-09-24 19:01:50,629 [grpc-default-executor-1] WARN  server.GrpcLogAppender (GrpcLogAppender.java:onNextImpl(251)) - 91e07af8-8ce2-4ac6-9c90-851894b34103@group-91D416462A89->f9d00a00-bc78-4492-92ba-83defd396746-AppendLogResponseHandler: Request not found, ignoring reply: 91e07af8-8ce2-4ac6-9c90-851894b34103<-f9d00a00-bc78-4492-92ba-83defd396746#62:OK,SUCCESS,nextIndex:2,term:2,followerCommit:0
2019-09-24 19:01:50,629 [grpc-default-executor-6] WARN  server.GrpcLogAppender (GrpcLogAppender.java:onNextImpl(251)) - 91e07af8-8ce2-4ac6-9c90-851894b34103@group-91D416462A89->dd51241e-7f30-423c-8baf-8925f04f92e5-AppendLogResponseHandler: Request not found, ignoring reply: 91e07af8-8ce2-4ac6-9c90-851894b34103<-dd51241e-7f30-423c-8baf-8925f04f92e5#66:OK,SUCCESS,nextIndex:2,term:2,followerCommit:0
2019-09-24 19:01:50,629 [grpc-default-executor-1] WARN  server.GrpcLogAppender (GrpcLogAppender.java:onNextImpl(251)) - 91e07af8-8ce2-4ac6-9c90-851894b34103@group-91D416462A89->f9d00a00-bc78-4492-92ba-83defd396746-AppendLogResponseHandler: Request not found, ignoring reply: 91e07af8-8ce2-4ac6-9c90-851894b34103<-f9d00a00-bc78-4492-92ba-83defd396746#63:OK,SUCCESS,nextIndex:2,term:2,followerCommit:0
2019-09-24 19:01:50,629 [grpc-default-executor-6] WARN  server.GrpcLogAppender (GrpcLogAppender.java:onNextImpl(251)) - 91e07af8-8ce2-4ac6-9c90-851894b34103@group-91D416462A89->dd51241e-7f30-423c-8baf-8925f04f92e5-AppendLogResponseHandler: Request not found, ignoring reply: 91e07af8-8ce2-4ac6-9c90-851894b34103<-dd51241e-7f30-423c-8baf-8925f04f92e5#67:OK,SUCCESS,nextIndex:2,term:2,followerCommit:0
2019-09-24 19:01:50,629 [grpc-default-executor-1] WARN  server.GrpcLogAppender (GrpcLogAppender.java:onNextImpl(251)) - 91e07af8-8ce2-4ac6-9c90-851894b34103@group-91D416462A89->f9d00a00-bc78-4492-92ba-83defd396746-AppendLogResponseHandler: Request not found, ignoring reply: 91e07af8-8ce2-4ac6-9c90-851894b34103<-f9d00a00-bc78-4492-92ba-83defd396746#64:OK,SUCCESS,nextIndex:2,term:2,followerCommit:0
2019-09-24 19:01:50,632 [grpc-default-executor-6] WARN  server.GrpcLogAppender (GrpcLogAppender.java:onNextImpl(251)) - 91e07af8-8ce2-4ac6-9c90-851894b34103@group-91D416462A89->dd51241e-7f30-423c-8baf-8925f04f92e5-AppendLogResponseHandler: Request not found, ignoring reply: 91e07af8-8ce2-4ac6-9c90-851894b34103<-dd51241e-7f30-423c-8baf-8925f04f92e5#68:OK,SUCCESS,nextIndex:2,term:2,followerCommit:0
2019-09-24 19:01:50,632 [grpc-default-executor-1] WARN  server.GrpcLogAppender (GrpcLogAppender.java:onNextImpl(251)) - 91e07af8-8ce2-4ac6-9c90-851894b34103@group-91D416462A89->f9d00a00-bc78-4492-92ba-83defd396746-AppendLogResponseHandler: Request not found, ignoring reply: 91e07af8-8ce2-4ac6-9c90-851894b34103<-f9d00a00-bc78-4492-92ba-83defd396746#65:OK,SUCCESS,nextIndex:2,term:2,followerCommit:0
2019-09-24 19:01:50,632 [grpc-default-executor-6] WARN  server.GrpcLogAppender (GrpcLogAppender.java:onNextImpl(251)) - 91e07af8-8ce2-4ac6-9c90-851894b34103@group-91D416462A89->dd51241e-7f30-423c-8baf-8925f04f92e5-AppendLogResponseHandler: Request not found, ignoring reply: 91e07af8-8ce2-4ac6-9c90-851894b34103<-dd51241e-7f30-423c-8baf-8925f04f92e5#69:OK,SUCCESS,nextIndex:2,term:2,followerCommit:0
2019-09-24 19:01:50,632 [grpc-default-executor-1] WARN  server.GrpcLogAppender (GrpcLogAppender.java:onNextImpl(251)) - 91e07af8-8ce2-4ac6-9c90-851894b34103@group-91D416462A89->f9d00a00-bc78-4492-92ba-83defd396746-AppendLogResponseHandler: Request not found, ignoring reply: 91e07af8-8ce2-4ac6-9c90-851894b34103<-f9d00a00-bc78-4492-92ba-83defd396746#66:OK,SUCCESS,nextIndex:2,term:2,followerCommit:0
2019-09-24 19:01:50,632 [grpc-default-executor-6] WARN  server.GrpcLogAppender (GrpcLogAppender.java:onNextImpl(251)) - 91e07af8-8ce2-4ac6-9c90-851894b34103@group-91D416462A89->dd51241e-7f30-423c-8baf-8925f04f92e5-AppendLogResponseHandler: Request not found, ignoring reply: 91e07af8-8ce2-4ac6-9c90-851894b34103<-dd51241e-7f30-423c-8baf-8925f04f92e5#70:OK,SUCCESS,nextIndex:2,term:2,followerCommit:0
2019-09-24 19:01:50,633 [grpc-default-executor-1] WARN  server.GrpcLogAppender (GrpcLogAppender.java:onNextImpl(251)) - 91e07af8-8ce2-4ac6-9c90-851894b34103@group-91D416462A89->f9d00a00-bc78-4492-92ba-83defd396746-AppendLogResponseHandler: Request not found, ignoring reply: 91e07af8-8ce2-4ac6-9c90-851894b34103<-f9d00a00-bc78-4492-92ba-83defd396746#67:OK,SUCCESS,nextIndex:2,term:2,followerCommit:0
2019-09-24 19:01:50,633 [grpc-default-executor-6] WARN  server.GrpcLogAppender (GrpcLogAppender.java:onNextImpl(251)) - 91e07af8-8ce2-4ac6-9c90-851894b34103@group-91D416462A89->dd51241e-7f30-423c-8baf-8925f04f92e5-AppendLogResponseHandler: Request not found, ignoring reply: 91e07af8-8ce2-4ac6-9c90-851894b34103<-dd51241e-7f30-423c-8baf-8925f04f92e5#71:OK,SUCCESS,nextIndex:2,term:2,followerCommit:0
2019-09-24 19:01:50,633 [grpc-default-executor-1] WARN  server.GrpcLogAppender (GrpcLogAppender.java:onNextImpl(251)) - 91e07af8-8ce2-4ac6-9c90-851894b34103@group-91D416462A89->f9d00a00-bc78-4492-92ba-83defd396746-AppendLogResponseHandler: Request not found, ignoring reply: 91e07af8-8ce2-4ac6-9c90-851894b34103<-f9d00a00-bc78-4492-92ba-83defd396746#68:OK,SUCCESS,nextIndex:2,term:2,followerCommit:0
2019-09-24 19:01:50,633 [grpc-default-executor-6] WARN  server.GrpcLogAppender (GrpcLogAppender.java:onNextImpl(251)) - 91e07af8-8ce2-4ac6-9c90-851894b34103@group-91D416462A89->dd51241e-7f30-423c-8baf-8925f04f92e5-AppendLogResponseHandler: Request not found, ignoring reply: 91e07af8-8ce2-4ac6-9c90-851894b34103<-dd51241e-7f30-423c-8baf-8925f04f92e5#72:OK,SUCCESS,nextIndex:2,term:2,followerCommit:0
2019-09-24 19:01:50,633 [grpc-default-executor-1] WARN  server.GrpcLogAppender (GrpcLogAppender.java:onNextImpl(251)) - 91e07af8-8ce2-4ac6-9c90-851894b34103@group-91D416462A89->f9d00a00-bc78-4492-92ba-83defd396746-AppendLogResponseHandler: Request not found, ignoring reply: 91e07af8-8ce2-4ac6-9c90-851894b34103<-f9d00a00-bc78-4492-92ba-83defd396746#69:OK,SUCCESS,nextIndex:2,term:2,followerCommit:0
2019-09-24 19:01:50,633 [grpc-default-executor-6] WARN  server.GrpcLogAppender (GrpcLogAppender.java:onNextImpl(251)) - 91e07af8-8ce2-4ac6-9c90-851894b34103@group-91D416462A89->dd51241e-7f30-423c-8baf-8925f04f92e5-AppendLogResponseHandler: Request not found, ignoring reply: 91e07af8-8ce2-4ac6-9c90-851894b34103<-dd51241e-7f30-423c-8baf-8925f04f92e5#73:OK,SUCCESS,nextIndex:2,term:2,followerCommit:0
2019-09-24 19:01:50,634 [grpc-default-executor-1] WARN  server.GrpcLogAppender (GrpcLogAppender.java:onNextImpl(251)) - 91e07af8-8ce2-4ac6-9c90-851894b34103@group-91D416462A89->f9d00a00-bc78-4492-92ba-83defd396746-AppendLogResponseHandler: Request not found, ignoring reply: 91e07af8-8ce2-4ac6-9c90-851894b34103<-f9d00a00-bc78-4492-92ba-83defd396746#70:OK,SUCCESS,nextIndex:2,term:2,followerCommit:0
2019-09-24 19:01:50,634 [grpc-default-executor-6] WARN  server.GrpcLogAppender (GrpcLogAppender.java:onNextImpl(251)) - 91e07af8-8ce2-4ac6-9c90-851894b34103@group-91D416462A89->dd51241e-7f30-423c-8baf-8925f04f92e5-AppendLogResponseHandler: Request not found, ignoring reply: 91e07af8-8ce2-4ac6-9c90-851894b34103<-dd51241e-7f30-423c-8baf-8925f04f92e5#74:OK,SUCCESS,nextIndex:2,term:2,followerCommit:0
2019-09-24 19:01:50,634 [grpc-default-executor-1] WARN  server.GrpcLogAppender (GrpcLogAppender.java:onNextImpl(251)) - 91e07af8-8ce2-4ac6-9c90-851894b34103@group-91D416462A89->f9d00a00-bc78-4492-92ba-83defd396746-AppendLogResponseHandler: Request not found, ignoring reply: 91e07af8-8ce2-4ac6-9c90-851894b34103<-f9d00a00-bc78-4492-92ba-83defd396746#71:OK,SUCCESS,nextIndex:2,term:2,followerCommit:0
2019-09-24 19:01:50,634 [grpc-default-executor-6] WARN  server.GrpcLogAppender (GrpcLogAppender.java:onNextImpl(251)) - 91e07af8-8ce2-4ac6-9c90-851894b34103@group-91D416462A89->dd51241e-7f30-423c-8baf-8925f04f92e5-AppendLogResponseHandler: Request not found, ignoring reply: 91e07af8-8ce2-4ac6-9c90-851894b34103<-dd51241e-7f30-423c-8baf-8925f04f92e5#75:OK,SUCCESS,nextIndex:2,term:2,followerCommit:0
2019-09-24 19:01:50,634 [grpc-default-executor-1] WARN  server.GrpcLogAppender (GrpcLogAppender.java:onNextImpl(251)) - 91e07af8-8ce2-4ac6-9c90-851894b34103@group-91D416462A89->f9d00a00-bc78-4492-92ba-83defd396746-AppendLogResponseHandler: Request not found, ignoring reply: 91e07af8-8ce2-4ac6-9c90-851894b34103<-f9d00a00-bc78-4492-92ba-83defd396746#72:OK,SUCCESS,nextIndex:2,term:2,followerCommit:0
2019-09-24 19:01:50,634 [grpc-default-executor-6] WARN  server.GrpcLogAppender (GrpcLogAppender.java:onNextImpl(251)) - 91e07af8-8ce2-4ac6-9c90-851894b34103@group-91D416462A89->dd51241e-7f30-423c-8baf-8925f04f92e5-AppendLogResponseHandler: Request not found, ignoring reply: 91e07af8-8ce2-4ac6-9c90-851894b34103<-dd51241e-7f30-423c-8baf-8925f04f92e5#76:OK,SUCCESS,nextIndex:2,term:2,followerCommit:0
2019-09-24 19:01:50,635 [grpc-default-executor-1] WARN  server.GrpcLogAppender (GrpcLogAppender.java:onNextImpl(251)) - 91e07af8-8ce2-4ac6-9c90-851894b34103@group-91D416462A89->f9d00a00-bc78-4492-92ba-83defd396746-AppendLogResponseHandler: Request not found, ignoring reply: 91e07af8-8ce2-4ac6-9c90-851894b34103<-f9d00a00-bc78-4492-92ba-83defd396746#73:OK,SUCCESS,nextIndex:2,term:2,followerCommit:0
2019-09-24 19:01:50,635 [grpc-default-executor-6] WARN  server.GrpcLogAppender (GrpcLogAppender.java:onNextImpl(251)) - 91e07af8-8ce2-4ac6-9c90-851894b34103@group-91D416462A89->dd51241e-7f30-423c-8baf-8925f04f92e5-AppendLogResponseHandler: Request not found, ignoring reply: 91e07af8-8ce2-4ac6-9c90-851894b34103<-dd51241e-7f30-423c-8baf-8925f04f92e5#77:OK,SUCCESS,nextIndex:2,term:2,followerCommit:0
2019-09-24 19:01:50,635 [grpc-default-executor-1] WARN  server.GrpcLogAppender (GrpcLogAppender.java:onNextImpl(251)) - 91e07af8-8ce2-4ac6-9c90-851894b34103@group-91D416462A89->f9d00a00-bc78-4492-92ba-83defd396746-AppendLogResponseHandler: Request not found, ignoring reply: 91e07af8-8ce2-4ac6-9c90-851894b34103<-f9d00a00-bc78-4492-92ba-83defd396746#74:OK,SUCCESS,nextIndex:2,term:2,followerCommit:0
2019-09-24 19:01:50,635 [grpc-default-executor-6] WARN  server.GrpcLogAppender (GrpcLogAppender.java:onNextImpl(251)) - 91e07af8-8ce2-4ac6-9c90-851894b34103@group-91D416462A89->dd51241e-7f30-423c-8baf-8925f04f92e5-AppendLogResponseHandler: Request not found, ignoring reply: 91e07af8-8ce2-4ac6-9c90-851894b34103<-dd51241e-7f30-423c-8baf-8925f04f92e5#78:OK,SUCCESS,nextIndex:2,term:2,followerCommit:0
2019-09-24 19:01:50,635 [grpc-default-executor-1] WARN  server.GrpcLogAppender (GrpcLogAppender.java:onNextImpl(251)) - 91e07af8-8ce2-4ac6-9c90-851894b34103@group-91D416462A89->f9d00a00-bc78-4492-92ba-83defd396746-AppendLogResponseHandler: Request not found, ignoring reply: 91e07af8-8ce2-4ac6-9c90-851894b34103<-f9d00a00-bc78-4492-92ba-83defd396746#75:OK,SUCCESS,nextIndex:2,term:2,followerCommit:0
2019-09-24 19:01:50,635 [grpc-default-executor-6] WARN  server.GrpcLogAppender (GrpcLogAppender.java:onNextImpl(251)) - 91e07af8-8ce2-4ac6-9c90-851894b34103@group-91D416462A89->dd51241e-7f30-423c-8baf-8925f04f92e5-AppendLogResponseHandler: Request not found, ignoring reply: 91e07af8-8ce2-4ac6-9c90-851894b34103<-dd51241e-7f30-423c-8baf-8925f04f92e5#79:OK,SUCCESS,nextIndex:2,term:2,followerCommit:0
2019-09-24 19:01:50,635 [grpc-default-executor-1] WARN  server.GrpcLogAppender (GrpcLogAppender.java:onNextImpl(251)) - 91e07af8-8ce2-4ac6-9c90-851894b34103@group-91D416462A89->f9d00a00-bc78-4492-92ba-83defd396746-AppendLogResponseHandler: Request not found, ignoring reply: 91e07af8-8ce2-4ac6-9c90-851894b34103<-f9d00a00-bc78-4492-92ba-83defd396746#76:OK,SUCCESS,nextIndex:2,term:2,followerCommit:0
2019-09-24 19:01:50,636 [grpc-default-executor-6] WARN  server.GrpcLogAppender (GrpcLogAppender.java:onNextImpl(251)) - 91e07af8-8ce2-4ac6-9c90-851894b34103@group-91D416462A89->dd51241e-7f30-423c-8baf-8925f04f92e5-AppendLogResponseHandler: Request not found, ignoring reply: 91e07af8-8ce2-4ac6-9c90-851894b34103<-dd51241e-7f30-423c-8baf-8925f04f92e5#80:OK,SUCCESS,nextIndex:2,term:2,followerCommit:0
2019-09-24 19:01:50,636 [grpc-default-executor-1] WARN  server.GrpcLogAppender (GrpcLogAppender.java:onNextImpl(251)) - 91e07af8-8ce2-4ac6-9c90-851894b34103@group-91D416462A89->f9d00a00-bc78-4492-92ba-83defd396746-AppendLogResponseHandler: Request not found, ignoring reply: 91e07af8-8ce2-4ac6-9c90-851894b34103<-f9d00a00-bc78-4492-92ba-83defd396746#77:OK,SUCCESS,nextIndex:2,term:2,followerCommit:0
2019-09-24 19:01:50,636 [grpc-default-executor-6] WARN  server.GrpcLogAppender (GrpcLogAppender.java:onNextImpl(251)) - 91e07af8-8ce2-4ac6-9c90-851894b34103@group-91D416462A89->dd51241e-7f30-423c-8baf-8925f04f92e5-AppendLogResponseHandler: Request not found, ignoring reply: 91e07af8-8ce2-4ac6-9c90-851894b34103<-dd51241e-7f30-423c-8baf-8925f04f92e5#81:OK,SUCCESS,nextIndex:2,term:2,followerCommit:0
2019-09-24 19:01:50,636 [grpc-default-executor-1] WARN  server.GrpcLogAppender (GrpcLogAppender.java:onNextImpl(251)) - 91e07af8-8ce2-4ac6-9c90-851894b34103@group-91D416462A89->f9d00a00-bc78-4492-92ba-83defd396746-AppendLogResponseHandler: Request not found, ignoring reply: 91e07af8-8ce2-4ac6-9c90-851894b34103<-f9d00a00-bc78-4492-92ba-83defd396746#78:OK,SUCCESS,nextIndex:2,term:2,followerCommit:0
2019-09-24 19:01:50,636 [grpc-default-executor-6] WARN  server.GrpcLogAppender (GrpcLogAppender.java:onNextImpl(251)) - 91e07af8-8ce2-4ac6-9c90-851894b34103@group-91D416462A89->dd51241e-7f30-423c-8baf-8925f04f92e5-AppendLogResponseHandler: Request not found, ignoring reply: 91e07af8-8ce2-4ac6-9c90-851894b34103<-dd51241e-7f30-423c-8baf-8925f04f92e5#82:OK,SUCCESS,nextIndex:2,term:2,followerCommit:0
2019-09-24 19:01:50,636 [grpc-default-executor-1] WARN  server.GrpcLogAppender (GrpcLogAppender.java:onNextImpl(251)) - 91e07af8-8ce2-4ac6-9c90-851894b34103@group-91D416462A89->f9d00a00-bc78-4492-92ba-83defd396746-AppendLogResponseHandler: Request not found, ignoring reply: 91e07af8-8ce2-4ac6-9c90-851894b34103<-f9d00a00-bc78-4492-92ba-83defd396746#79:OK,SUCCESS,nextIndex:2,term:2,followerCommit:0
2019-09-24 19:01:50,637 [grpc-default-executor-6] WARN  server.GrpcLogAppender (GrpcLogAppender.java:onNextImpl(251)) - 91e07af8-8ce2-4ac6-9c90-851894b34103@group-91D416462A89->dd51241e-7f30-423c-8baf-8925f04f92e5-AppendLogResponseHandler: Request not found, ignoring reply: 91e07af8-8ce2-4ac6-9c90-851894b34103<-dd51241e-7f30-423c-8baf-8925f04f92e5#83:OK,SUCCESS,nextIndex:2,term:2,followerCommit:0
2019-09-24 19:01:50,637 [grpc-default-executor-1] WARN  server.GrpcLogAppender (GrpcLogAppender.java:onNextImpl(251)) - 91e07af8-8ce2-4ac6-9c90-851894b34103@group-91D416462A89->f9d00a00-bc78-4492-92ba-83defd396746-AppendLogResponseHandler: Request not found, ignoring reply: 91e07af8-8ce2-4ac6-9c90-851894b34103<-f9d00a00-bc78-4492-92ba-83defd396746#80:OK,SUCCESS,nextIndex:2,term:2,followerCommit:0
2019-09-24 19:01:50,637 [grpc-default-executor-6] WARN  server.GrpcLogAppender (GrpcLogAppender.java:onNextImpl(251)) - 91e07af8-8ce2-4ac6-9c90-851894b34103@group-91D416462A89->dd51241e-7f30-423c-8baf-8925f04f92e5-AppendLogResponseHandler: Request not found, ignoring reply: 91e07af8-8ce2-4ac6-9c90-851894b34103<-dd51241e-7f30-423c-8baf-8925f04f92e5#84:OK,SUCCESS,nextIndex:2,term:2,followerCommit:0
2019-09-24 19:01:50,637 [grpc-default-executor-1] WARN  server.GrpcLogAppender (GrpcLogAppender.java:onNextImpl(251)) - 91e07af8-8ce2-4ac6-9c90-851894b34103@group-91D416462A89->f9d00a00-bc78-4492-92ba-83defd396746-AppendLogResponseHandler: Request not found, ignoring reply: 91e07af8-8ce2-4ac6-9c90-851894b34103<-f9d00a00-bc78-4492-92ba-83defd396746#81:OK,SUCCESS,nextIndex:2,term:2,followerCommit:0
2019-09-24 19:01:50,639 [grpc-default-executor-6] WARN  server.GrpcLogAppender (GrpcLogAppender.java:onNextImpl(251)) - 91e07af8-8ce2-4ac6-9c90-851894b34103@group-91D416462A89->dd51241e-7f30-423c-8baf-8925f04f92e5-AppendLogResponseHandler: Request not found, ignoring reply: 91e07af8-8ce2-4ac6-9c90-851894b34103<-dd51241e-7f30-423c-8baf-8925f04f92e5#85:OK,SUCCESS,nextIndex:2,term:2,followerCommit:0
2019-09-24 19:01:50,639 [grpc-default-executor-1] WARN  server.GrpcLogAppender (GrpcLogAppender.java:onNextImpl(251)) - 91e07af8-8ce2-4ac6-9c90-851894b34103@group-91D416462A89->f9d00a00-bc78-4492-92ba-83defd396746-AppendLogResponseHandler: Request not found, ignoring reply: 91e07af8-8ce2-4ac6-9c90-851894b34103<-f9d00a00-bc78-4492-92ba-83defd396746#82:OK,SUCCESS,nextIndex:2,term:2,followerCommit:0
2019-09-24 19:01:50,640 [grpc-default-executor-6] WARN  server.GrpcLogAppender (GrpcLogAppender.java:onNextImpl(251)) - 91e07af8-8ce2-4ac6-9c90-851894b34103@group-91D416462A89->dd51241e-7f30-423c-8baf-8925f04f92e5-AppendLogResponseHandler: Request not found, ignoring reply: 91e07af8-8ce2-4ac6-9c90-851894b34103<-dd51241e-7f30-423c-8baf-8925f04f92e5#86:OK,SUCCESS,nextIndex:2,term:2,followerCommit:0
2019-09-24 19:01:50,640 [grpc-default-executor-1] WARN  server.GrpcLogAppender (GrpcLogAppender.java:onNextImpl(251)) - 91e07af8-8ce2-4ac6-9c90-851894b34103@group-91D416462A89->f9d00a00-bc78-4492-92ba-83defd396746-AppendLogResponseHandler: Request not found, ignoring reply: 91e07af8-8ce2-4ac6-9c90-851894b34103<-f9d00a00-bc78-4492-92ba-83defd396746#83:OK,SUCCESS,nextIndex:2,term:2,followerCommit:0
2019-09-24 19:01:50,640 [grpc-default-executor-6] WARN  server.GrpcLogAppender (GrpcLogAppender.java:onNextImpl(251)) - 91e07af8-8ce2-4ac6-9c90-851894b34103@group-91D416462A89->dd51241e-7f30-423c-8baf-8925f04f92e5-AppendLogResponseHandler: Request not found, ignoring reply: 91e07af8-8ce2-4ac6-9c90-851894b34103<-dd51241e-7f30-423c-8baf-8925f04f92e5#87:OK,SUCCESS,nextIndex:2,term:2,followerCommit:0
2019-09-24 19:01:50,640 [grpc-default-executor-1] WARN  server.GrpcLogAppender (GrpcLogAppender.java:onNextImpl(251)) - 91e07af8-8ce2-4ac6-9c90-851894b34103@group-91D416462A89->f9d00a00-bc78-4492-92ba-83defd396746-AppendLogResponseHandler: Request not found, ignoring reply: 91e07af8-8ce2-4ac6-9c90-851894b34103<-f9d00a00-bc78-4492-92ba-83defd396746#84:OK,SUCCESS,nextIndex:2,term:2,followerCommit:0
2019-09-24 19:01:50,640 [grpc-default-executor-6] WARN  server.GrpcLogAppender (GrpcLogAppender.java:onNextImpl(251)) - 91e07af8-8ce2-4ac6-9c90-851894b34103@group-91D416462A89->dd51241e-7f30-423c-8baf-8925f04f92e5-AppendLogResponseHandler: Request not found, ignoring reply: 91e07af8-8ce2-4ac6-9c90-851894b34103<-dd51241e-7f30-423c-8baf-8925f04f92e5#88:OK,SUCCESS,nextIndex:2,term:2,followerCommit:0
2019-09-24 19:01:50,641 [grpc-default-executor-7] WARN  server.GrpcLogAppender (GrpcLogAppender.java:onNextImpl(251)) - 91e07af8-8ce2-4ac6-9c90-851894b34103@group-91D416462A89->f9d00a00-bc78-4492-92ba-83defd396746-AppendLogResponseHandler: Request not found, ignoring reply: 91e07af8-8ce2-4ac6-9c90-851894b34103<-f9d00a00-bc78-4492-92ba-83defd396746#85:OK,SUCCESS,nextIndex:2,term:2,followerCommit:0
2019-09-24 19:01:50,641 [grpc-default-executor-6] WARN  server.GrpcLogAppender (GrpcLogAppender.java:onNextImpl(251)) - 91e07af8-8ce2-4ac6-9c90-851894b34103@group-91D416462A89->f9d00a00-bc78-4492-92ba-83defd396746-AppendLogResponseHandler: Request not found, ignoring reply: 91e07af8-8ce2-4ac6-9c90-851894b34103<-f9d00a00-bc78-4492-92ba-83defd396746#86:OK,SUCCESS,nextIndex:2,term:2,followerCommit:0
2019-09-24 19:01:50,649 [grpc-default-executor-6] WARN  server.GrpcLogAppender (GrpcLogAppender.java:onNextImpl(251)) - 91e07af8-8ce2-4ac6-9c90-851894b34103@group-91D416462A89->f9d00a00-bc78-4492-92ba-83defd396746-AppendLogResponseHandler: Request not found, ignoring reply: 91e07af8-8ce2-4ac6-9c90-851894b34103<-f9d00a00-bc78-4492-92ba-83defd396746#87:OK,SUCCESS,nextIndex:2,term:2,followerCommit:0
2019-09-24 19:01:50,649 [grpc-default-executor-6] WARN  server.GrpcLogAppender (GrpcLogAppender.java:onNextImpl(251)) - 91e07af8-8ce2-4ac6-9c90-851894b34103@group-91D416462A89->f9d00a00-bc78-4492-92ba-83defd396746-AppendLogResponseHandler: Request not found, ignoring reply: 91e07af8-8ce2-4ac6-9c90-851894b34103<-f9d00a00-bc78-4492-92ba-83defd396746#88:OK,SUCCESS,nextIndex:2,term:2,followerCommit:0
2019-09-24 19:01:51,095 [Thread-913] INFO  impl.FollowerState (FollowerState.java:run(106)) - d6fdad48-5745-4acd-8132-622988eb1603:group-2B1DF545E51A changes to CANDIDATE, lastRpcTime:1035, electionTimeout:1035ms
2019-09-24 19:01:51,095 [Thread-913] INFO  impl.RoleInfo (RoleInfo.java:shutdownFollowerState(121)) - d6fdad48-5745-4acd-8132-622988eb1603: shutdown FollowerState
2019-09-24 19:01:51,096 [Thread-913] INFO  impl.RaftServerImpl (RaftServerImpl.java:setRole(174)) - d6fdad48-5745-4acd-8132-622988eb1603@group-2B1DF545E51A: changes role from  FOLLOWER to CANDIDATE at term 11 for changeToCandidate
2019-09-24 19:01:51,096 [Thread-913] INFO  impl.RoleInfo (RoleInfo.java:updateAndGet(143)) - d6fdad48-5745-4acd-8132-622988eb1603: start LeaderElection
2019-09-24 19:01:51,099 [java.util.concurrent.ThreadPoolExecutor$Worker@5b3d687a[State = -1, empty queue]] WARN  server.GrpcLogAppender (GrpcLogAppender.java:timeoutAppendRequest(200)) - 75e06a4b-10ed-49e3-a0f4-39d0cf919ed9@group-338C40DB937D->c0a619e5-2907-4353-abbd-f6fb1099a46d-GrpcLogAppender: appendEntries Timeout, request=75e06a4b-10ed-49e3-a0f4-39d0cf919ed9->c0a619e5-2907-4353-abbd-f6fb1099a46d#92-t1, previous=(t:1, i:1), leaderCommit=0, initializing? false, entries: <empty>
2019-09-24 19:01:51,099 [java.util.concurrent.ThreadPoolExecutor$Worker@6db46767[State = -1, empty queue]] WARN  server.GrpcLogAppender (GrpcLogAppender.java:timeoutAppendRequest(200)) - 75e06a4b-10ed-49e3-a0f4-39d0cf919ed9@group-338C40DB937D->01d7623e-fce0-4300-8f15-4bc2097938ef-GrpcLogAppender: appendEntries Timeout, request=75e06a4b-10ed-49e3-a0f4-39d0cf919ed9->01d7623e-fce0-4300-8f15-4bc2097938ef#92-t1, previous=(t:1, i:1), leaderCommit=0, initializing? false, entries: <empty>
2019-09-24 19:01:51,599 [java.util.concurrent.ThreadPoolExecutor$Worker@5b3d687a[State = -1, empty queue]] WARN  server.GrpcLogAppender (GrpcLogAppender.java:timeoutAppendRequest(200)) - 75e06a4b-10ed-49e3-a0f4-39d0cf919ed9@group-338C40DB937D->c0a619e5-2907-4353-abbd-f6fb1099a46d-GrpcLogAppender: appendEntries Timeout, request=75e06a4b-10ed-49e3-a0f4-39d0cf919ed9->c0a619e5-2907-4353-abbd-f6fb1099a46d#93-t1, previous=(t:1, i:1), leaderCommit=0, initializing? false, entries: <empty>
2019-09-24 19:01:51,599 [java.util.concurrent.ThreadPoolExecutor$Worker@6db46767[State = -1, empty queue]] WARN  server.GrpcLogAppender (GrpcLogAppender.java:timeoutAppendRequest(200)) - 75e06a4b-10ed-49e3-a0f4-39d0cf919ed9@group-338C40DB937D->01d7623e-fce0-4300-8f15-4bc2097938ef-GrpcLogAppender: appendEntries Timeout, request=75e06a4b-10ed-49e3-a0f4-39d0cf919ed9->01d7623e-fce0-4300-8f15-4bc2097938ef#93-t1, previous=(t:1, i:1), leaderCommit=0, initializing? false, entries: <empty>
2019-09-24 19:01:52,100 [java.util.concurrent.ThreadPoolExecutor$Worker@5b3d687a[State = -1, empty queue]] WARN  server.GrpcLogAppender (GrpcLogAppender.java:timeoutAppendRequest(200)) - 75e06a4b-10ed-49e3-a0f4-39d0cf919ed9@group-338C40DB937D->c0a619e5-2907-4353-abbd-f6fb1099a46d-GrpcLogAppender: appendEntries Timeout, request=75e06a4b-10ed-49e3-a0f4-39d0cf919ed9->c0a619e5-2907-4353-abbd-f6fb1099a46d#94-t1, previous=(t:1, i:1), leaderCommit=0, initializing? false, entries: <empty>
2019-09-24 19:01:52,100 [java.util.concurrent.ThreadPoolExecutor$Worker@6db46767[State = -1, empty queue]] WARN  server.GrpcLogAppender (GrpcLogAppender.java:timeoutAppendRequest(200)) - 75e06a4b-10ed-49e3-a0f4-39d0cf919ed9@group-338C40DB937D->01d7623e-fce0-4300-8f15-4bc2097938ef-GrpcLogAppender: appendEntries Timeout, request=75e06a4b-10ed-49e3-a0f4-39d0cf919ed9->01d7623e-fce0-4300-8f15-4bc2097938ef#94-t1, previous=(t:1, i:1), leaderCommit=0, initializing? false, entries: <empty>
2019-09-24 19:01:52,600 [java.util.concurrent.ThreadPoolExecutor$Worker@6db46767[State = -1, empty queue]] WARN  server.GrpcLogAppender (GrpcLogAppender.java:timeoutAppendRequest(200)) - 75e06a4b-10ed-49e3-a0f4-39d0cf919ed9@group-338C40DB937D->01d7623e-fce0-4300-8f15-4bc2097938ef-GrpcLogAppender: appendEntries Timeout, request=75e06a4b-10ed-49e3-a0f4-39d0cf919ed9->01d7623e-fce0-4300-8f15-4bc2097938ef#95-t1, previous=(t:1, i:1), leaderCommit=0, initializing? false, entries: <empty>
2019-09-24 19:01:52,601 [java.util.concurrent.ThreadPoolExecutor$Worker@5b3d687a[State = -1, empty queue]] WARN  server.GrpcLogAppender (GrpcLogAppender.java:timeoutAppendRequest(200)) - 75e06a4b-10ed-49e3-a0f4-39d0cf919ed9@group-338C40DB937D->c0a619e5-2907-4353-abbd-f6fb1099a46d-GrpcLogAppender: appendEntries Timeout, request=75e06a4b-10ed-49e3-a0f4-39d0cf919ed9->c0a619e5-2907-4353-abbd-f6fb1099a46d#95-t1, previous=(t:1, i:1), leaderCommit=0, initializing? false, entries: <empty>
2019-09-24 19:01:53,101 [java.util.concurrent.ThreadPoolExecutor$Worker@6db46767[State = -1, empty queue]] WARN  server.GrpcLogAppender (GrpcLogAppender.java:timeoutAppendRequest(200)) - 75e06a4b-10ed-49e3-a0f4-39d0cf919ed9@group-338C40DB937D->01d7623e-fce0-4300-8f15-4bc2097938ef-GrpcLogAppender: appendEntries Timeout, request=75e06a4b-10ed-49e3-a0f4-39d0cf919ed9->01d7623e-fce0-4300-8f15-4bc2097938ef#96-t1, previous=(t:1, i:1), leaderCommit=0, initializing? false, entries: <empty>
2019-09-24 19:01:53,101 [java.util.concurrent.ThreadPoolExecutor$Worker@5b3d687a[State = -1, empty queue]] WARN  server.GrpcLogAppender (GrpcLogAppender.java:timeoutAppendRequest(200)) - 75e06a4b-10ed-49e3-a0f4-39d0cf919ed9@group-338C40DB937D->c0a619e5-2907-4353-abbd-f6fb1099a46d-GrpcLogAppender: appendEntries Timeout, request=75e06a4b-10ed-49e3-a0f4-39d0cf919ed9->c0a619e5-2907-4353-abbd-f6fb1099a46d#96-t1, previous=(t:1, i:1), leaderCommit=0, initializing? false, entries: <empty>
2019-09-24 19:01:53,611 [java.util.concurrent.ThreadPoolExecutor$Worker@6db46767[State = -1, empty queue]] WARN  server.GrpcLogAppender (GrpcLogAppender.java:timeoutAppendRequest(200)) - 75e06a4b-10ed-49e3-a0f4-39d0cf919ed9@group-338C40DB937D->01d7623e-fce0-4300-8f15-4bc2097938ef-GrpcLogAppender: appendEntries Timeout, request=75e06a4b-10ed-49e3-a0f4-39d0cf919ed9->01d7623e-fce0-4300-8f15-4bc2097938ef#97-t1, previous=(t:1, i:1), leaderCommit=0, initializing? false, entries: <empty>
2019-09-24 19:01:53,611 [java.util.concurrent.ThreadPoolExecutor$Worker@5b3d687a[State = -1, empty queue]] WARN  server.GrpcLogAppender (GrpcLogAppender.java:timeoutAppendRequest(200)) - 75e06a4b-10ed-49e3-a0f4-39d0cf919ed9@group-338C40DB937D->c0a619e5-2907-4353-abbd-f6fb1099a46d-GrpcLogAppender: appendEntries Timeout, request=75e06a4b-10ed-49e3-a0f4-39d0cf919ed9->c0a619e5-2907-4353-abbd-f6fb1099a46d#97-t1, previous=(t:1, i:1), leaderCommit=0, initializing? false, entries: <empty>
2019-09-24 19:01:53,652 [java.util.concurrent.ThreadPoolExecutor$Worker@11f3bbfe[State = -1, empty queue]] WARN  server.GrpcLogAppender (GrpcLogAppender.java:timeoutAppendRequest(200)) - 91e07af8-8ce2-4ac6-9c90-851894b34103@group-91D416462A89->dd51241e-7f30-423c-8baf-8925f04f92e5-GrpcLogAppender: appendEntries Timeout, request=91e07af8-8ce2-4ac6-9c90-851894b34103->dd51241e-7f30-423c-8baf-8925f04f92e5#95-t2, previous=(t:2, i:1), leaderCommit=1, initializing? false, entries: size=1, first=(t:2, i:2), METADATAENTRY(c1)
2019-09-24 19:01:53,652 [java.util.concurrent.ThreadPoolExecutor$Worker@3942a284[State = -1, empty queue]] WARN  server.GrpcLogAppender (GrpcLogAppender.java:timeoutAppendRequest(200)) - 91e07af8-8ce2-4ac6-9c90-851894b34103@group-91D416462A89->f9d00a00-bc78-4492-92ba-83defd396746-GrpcLogAppender: appendEntries Timeout, request=91e07af8-8ce2-4ac6-9c90-851894b34103->f9d00a00-bc78-4492-92ba-83defd396746#95-t2, previous=(t:2, i:1), leaderCommit=1, initializing? false, entries: size=1, first=(t:2, i:2), METADATAENTRY(c1)
2019-09-24 19:01:54,112 [java.util.concurrent.ThreadPoolExecutor$Worker@6db46767[State = -1, empty queue]] WARN  server.GrpcLogAppender (GrpcLogAppender.java:timeoutAppendRequest(200)) - 75e06a4b-10ed-49e3-a0f4-39d0cf919ed9@group-338C40DB937D->01d7623e-fce0-4300-8f15-4bc2097938ef-GrpcLogAppender: appendEntries Timeout, request=75e06a4b-10ed-49e3-a0f4-39d0cf919ed9->01d7623e-fce0-4300-8f15-4bc2097938ef#98-t1, previous=(t:1, i:1), leaderCommit=0, initializing? false, entries: <empty>
2019-09-24 19:01:54,112 [java.util.concurrent.ThreadPoolExecutor$Worker@5b3d687a[State = -1, empty queue]] WARN  server.GrpcLogAppender (GrpcLogAppender.java:timeoutAppendRequest(200)) - 75e06a4b-10ed-49e3-a0f4-39d0cf919ed9@group-338C40DB937D->c0a619e5-2907-4353-abbd-f6fb1099a46d-GrpcLogAppender: appendEntries Timeout, request=75e06a4b-10ed-49e3-a0f4-39d0cf919ed9->c0a619e5-2907-4353-abbd-f6fb1099a46d#98-t1, previous=(t:1, i:1), leaderCommit=0, initializing? false, entries: <empty>
2019-09-24 19:01:54,152 [java.util.concurrent.ThreadPoolExecutor$Worker@11f3bbfe[State = -1, empty queue]] WARN  server.GrpcLogAppender (GrpcLogAppender.java:timeoutAppendRequest(200)) - 91e07af8-8ce2-4ac6-9c90-851894b34103@group-91D416462A89->dd51241e-7f30-423c-8baf-8925f04f92e5-GrpcLogAppender: appendEntries Timeout, request=91e07af8-8ce2-4ac6-9c90-851894b34103->dd51241e-7f30-423c-8baf-8925f04f92e5#96-t2, previous=(t:2, i:2), leaderCommit=1, initializing? false, entries: <empty>
2019-09-24 19:01:54,153 [java.util.concurrent.ThreadPoolExecutor$Worker@3942a284[State = -1, empty queue]] WARN  server.GrpcLogAppender (GrpcLogAppender.java:timeoutAppendRequest(200)) - 91e07af8-8ce2-4ac6-9c90-851894b34103@group-91D416462A89->f9d00a00-bc78-4492-92ba-83defd396746-GrpcLogAppender: appendEntries Timeout, request=91e07af8-8ce2-4ac6-9c90-851894b34103->f9d00a00-bc78-4492-92ba-83defd396746#96-t2, previous=(t:2, i:2), leaderCommit=1, initializing? false, entries: <empty>
2019-09-24 19:01:54,612 [java.util.concurrent.ThreadPoolExecutor$Worker@5b3d687a[State = -1, empty queue]] WARN  server.GrpcLogAppender (GrpcLogAppender.java:timeoutAppendRequest(200)) - 75e06a4b-10ed-49e3-a0f4-39d0cf919ed9@group-338C40DB937D->c0a619e5-2907-4353-abbd-f6fb1099a46d-GrpcLogAppender: appendEntries Timeout, request=75e06a4b-10ed-49e3-a0f4-39d0cf919ed9->c0a619e5-2907-4353-abbd-f6fb1099a46d#99-t1, previous=(t:1, i:1), leaderCommit=0, initializing? false, entries: <empty>
2019-09-24 19:01:54,612 [java.util.concurrent.ThreadPoolExecutor$Worker@6db46767[State = -1, empty queue]] WARN  server.GrpcLogAppender (GrpcLogAppender.java:timeoutAppendRequest(200)) - 75e06a4b-10ed-49e3-a0f4-39d0cf919ed9@group-338C40DB937D->01d7623e-fce0-4300-8f15-4bc2097938ef-GrpcLogAppender: appendEntries Timeout, request=75e06a4b-10ed-49e3-a0f4-39d0cf919ed9->01d7623e-fce0-4300-8f15-4bc2097938ef#99-t1, previous=(t:1, i:1), leaderCommit=0, initializing? false, entries: <empty>
2019-09-24 19:01:54,635 [grpc-default-executor-6] WARN  server.GrpcLogAppender (GrpcLogAppender.java:onNextImpl(251)) - 91e07af8-8ce2-4ac6-9c90-851894b34103@group-91D416462A89->f9d00a00-bc78-4492-92ba-83defd396746-AppendLogResponseHandler: Request not found, ignoring reply: 91e07af8-8ce2-4ac6-9c90-851894b34103<-f9d00a00-bc78-4492-92ba-83defd396746#95:OK,SUCCESS,nextIndex:3,term:2,followerCommit:1
2019-09-24 19:01:54,635 [grpc-default-executor-6] WARN  server.GrpcLogAppender (GrpcLogAppender.java:onNextImpl(251)) - 91e07af8-8ce2-4ac6-9c90-851894b34103@group-91D416462A89->f9d00a00-bc78-4492-92ba-83defd396746-AppendLogResponseHandler: Request not found, ignoring reply: 91e07af8-8ce2-4ac6-9c90-851894b34103<-f9d00a00-bc78-4492-92ba-83defd396746#96:OK,SUCCESS,nextIndex:3,term:2,followerCommit:1
2019-09-24 19:01:54,644 [d6fdad48-5745-4acd-8132-622988eb1603@group-2B1DF545E51A:LeaderElection31] INFO  impl.LeaderElection (LeaderElection.java:askForVotes(182)) - d6fdad48-5745-4acd-8132-622988eb1603@group-2B1DF545E51A:LeaderElection31: begin an election at term 12 for 0: [d6fdad48-5745-4acd-8132-622988eb1603:192.168.5.148:33283, a05b4b97-0b18-4776-a1dd-8f128fadc53a:192.168.5.148:35009, 29620711-3f46-457a-8151-219e63eed2d2:192.168.5.148:46161], old=null
2019-09-24 19:01:54,645 [d6fdad48-5745-4acd-8132-622988eb1603@group-2B1DF545E51A:LeaderElection31] INFO  impl.LeaderElection (LogUtils.java:infoOrTrace(149)) - d6fdad48-5745-4acd-8132-622988eb1603@group-2B1DF545E51A:LeaderElection31 got exception when requesting votes: {}
java.util.concurrent.ExecutionException: org.apache.ratis.thirdparty.io.grpc.StatusRuntimeException: UNAVAILABLE: io exception
	at java.util.concurrent.FutureTask.report(FutureTask.java:122)
	at java.util.concurrent.FutureTask.get(FutureTask.java:192)
	at org.apache.ratis.server.impl.LeaderElection.waitForResults(LeaderElection.java:263)
	at org.apache.ratis.server.impl.LeaderElection.askForVotes(LeaderElection.java:201)
	at org.apache.ratis.server.impl.LeaderElection.run(LeaderElection.java:133)
	at java.lang.Thread.run(Thread.java:748)
Caused by: org.apache.ratis.thirdparty.io.grpc.StatusRuntimeException: UNAVAILABLE: io exception
	at org.apache.ratis.thirdparty.io.grpc.stub.ClientCalls.toStatusRuntimeException(ClientCalls.java:233)
	at org.apache.ratis.thirdparty.io.grpc.stub.ClientCalls.getUnchecked(ClientCalls.java:214)
	at org.apache.ratis.thirdparty.io.grpc.stub.ClientCalls.blockingUnaryCall(ClientCalls.java:139)
	at org.apache.ratis.proto.grpc.RaftServerProtocolServiceGrpc$RaftServerProtocolServiceBlockingStub.requestVote(RaftServerProtocolServiceGrpc.java:265)
	at org.apache.ratis.grpc.server.GrpcServerProtocolClient.requestVote(GrpcServerProtocolClient.java:90)
	at org.apache.ratis.grpc.server.GrpcService.requestVote(GrpcService.java:204)
	at org.apache.ratis.server.impl.LeaderElection.lambda$submitRequests$1(LeaderElection.java:238)
	at java.util.concurrent.FutureTask.run(FutureTask.java:266)
	at java.util.concurrent.Executors$RunnableAdapter.call(Executors.java:511)
	at java.util.concurrent.FutureTask.run(FutureTask.java:266)
	at java.util.concurrent.ThreadPoolExecutor.runWorker(ThreadPoolExecutor.java:1149)
	at java.util.concurrent.ThreadPoolExecutor$Worker.run(ThreadPoolExecutor.java:624)
	... 1 more
Caused by: org.apache.ratis.thirdparty.io.netty.channel.AbstractChannel$AnnotatedConnectException: Connection refused: /192.168.5.148:35009
	at sun.nio.ch.SocketChannelImpl.checkConnect(Native Method)
	at sun.nio.ch.SocketChannelImpl.finishConnect(SocketChannelImpl.java:717)
	at org.apache.ratis.thirdparty.io.netty.channel.socket.nio.NioSocketChannel.doFinishConnect(NioSocketChannel.java:327)
	at org.apache.ratis.thirdparty.io.netty.channel.nio.AbstractNioChannel$AbstractNioUnsafe.finishConnect(AbstractNioChannel.java:340)
	at org.apache.ratis.thirdparty.io.netty.channel.nio.NioEventLoop.processSelectedKey(NioEventLoop.java:632)
	at org.apache.ratis.thirdparty.io.netty.channel.nio.NioEventLoop.processSelectedKeysOptimized(NioEventLoop.java:579)
	at org.apache.ratis.thirdparty.io.netty.channel.nio.NioEventLoop.processSelectedKeys(NioEventLoop.java:496)
	at org.apache.ratis.thirdparty.io.netty.channel.nio.NioEventLoop.run(NioEventLoop.java:458)
	at org.apache.ratis.thirdparty.io.netty.util.concurrent.SingleThreadEventExecutor$5.run(SingleThreadEventExecutor.java:897)
	at org.apache.ratis.thirdparty.io.netty.util.concurrent.FastThreadLocalRunnable.run(FastThreadLocalRunnable.java:30)
	... 1 more
Caused by: java.net.ConnectException: Connection refused
	... 11 more
2019-09-24 19:01:54,650 [d6fdad48-5745-4acd-8132-622988eb1603@group-2B1DF545E51A:LeaderElection31] INFO  impl.LeaderElection (LogUtils.java:infoOrTrace(149)) - d6fdad48-5745-4acd-8132-622988eb1603@group-2B1DF545E51A:LeaderElection31 got exception when requesting votes: {}
java.util.concurrent.ExecutionException: org.apache.ratis.thirdparty.io.grpc.StatusRuntimeException: UNAVAILABLE: io exception
	at java.util.concurrent.FutureTask.report(FutureTask.java:122)
	at java.util.concurrent.FutureTask.get(FutureTask.java:192)
	at org.apache.ratis.server.impl.LeaderElection.waitForResults(LeaderElection.java:263)
	at org.apache.ratis.server.impl.LeaderElection.askForVotes(LeaderElection.java:201)
	at org.apache.ratis.server.impl.LeaderElection.run(LeaderElection.java:133)
	at java.lang.Thread.run(Thread.java:748)
Caused by: org.apache.ratis.thirdparty.io.grpc.StatusRuntimeException: UNAVAILABLE: io exception
	at org.apache.ratis.thirdparty.io.grpc.stub.ClientCalls.toStatusRuntimeException(ClientCalls.java:233)
	at org.apache.ratis.thirdparty.io.grpc.stub.ClientCalls.getUnchecked(ClientCalls.java:214)
	at org.apache.ratis.thirdparty.io.grpc.stub.ClientCalls.blockingUnaryCall(ClientCalls.java:139)
	at org.apache.ratis.proto.grpc.RaftServerProtocolServiceGrpc$RaftServerProtocolServiceBlockingStub.requestVote(RaftServerProtocolServiceGrpc.java:265)
	at org.apache.ratis.grpc.server.GrpcServerProtocolClient.requestVote(GrpcServerProtocolClient.java:90)
	at org.apache.ratis.grpc.server.GrpcService.requestVote(GrpcService.java:204)
	at org.apache.ratis.server.impl.LeaderElection.lambda$submitRequests$1(LeaderElection.java:238)
	at java.util.concurrent.FutureTask.run(FutureTask.java:266)
	at java.util.concurrent.Executors$RunnableAdapter.call(Executors.java:511)
	at java.util.concurrent.FutureTask.run(FutureTask.java:266)
	at java.util.concurrent.ThreadPoolExecutor.runWorker(ThreadPoolExecutor.java:1149)
	at java.util.concurrent.ThreadPoolExecutor$Worker.run(ThreadPoolExecutor.java:624)
	... 1 more
Caused by: org.apache.ratis.thirdparty.io.netty.channel.AbstractChannel$AnnotatedConnectException: Connection refused: /192.168.5.148:46161
	at sun.nio.ch.SocketChannelImpl.checkConnect(Native Method)
	at sun.nio.ch.SocketChannelImpl.finishConnect(SocketChannelImpl.java:717)
	at org.apache.ratis.thirdparty.io.netty.channel.socket.nio.NioSocketChannel.doFinishConnect(NioSocketChannel.java:327)
	at org.apache.ratis.thirdparty.io.netty.channel.nio.AbstractNioChannel$AbstractNioUnsafe.finishConnect(AbstractNioChannel.java:340)
	at org.apache.ratis.thirdparty.io.netty.channel.nio.NioEventLoop.processSelectedKey(NioEventLoop.java:632)
	at org.apache.ratis.thirdparty.io.netty.channel.nio.NioEventLoop.processSelectedKeysOptimized(NioEventLoop.java:579)
	at org.apache.ratis.thirdparty.io.netty.channel.nio.NioEventLoop.processSelectedKeys(NioEventLoop.java:496)
	at org.apache.ratis.thirdparty.io.netty.channel.nio.NioEventLoop.run(NioEventLoop.java:458)
	at org.apache.ratis.thirdparty.io.netty.util.concurrent.SingleThreadEventExecutor$5.run(SingleThreadEventExecutor.java:897)
	at org.apache.ratis.thirdparty.io.netty.util.concurrent.FastThreadLocalRunnable.run(FastThreadLocalRunnable.java:30)
	... 1 more
Caused by: java.net.ConnectException: Connection refused
	... 11 more
2019-09-24 19:01:54,652 [java.util.concurrent.ThreadPoolExecutor$Worker@11f3bbfe[State = -1, empty queue]] WARN  server.GrpcLogAppender (GrpcLogAppender.java:timeoutAppendRequest(200)) - 91e07af8-8ce2-4ac6-9c90-851894b34103@group-91D416462A89->dd51241e-7f30-423c-8baf-8925f04f92e5-GrpcLogAppender: appendEntries Timeout, request=91e07af8-8ce2-4ac6-9c90-851894b34103->dd51241e-7f30-423c-8baf-8925f04f92e5#97-t2, previous=(t:2, i:2), leaderCommit=1, initializing? false, entries: <empty>
2019-09-24 19:01:54,653 [d6fdad48-5745-4acd-8132-622988eb1603@group-2B1DF545E51A:LeaderElection31] INFO  impl.LeaderElection (LeaderElection.java:logAndReturn(56)) - d6fdad48-5745-4acd-8132-622988eb1603@group-2B1DF545E51A:LeaderElection31: Election REJECTED; received 0 response(s) [] and 2 exception(s); d6fdad48-5745-4acd-8132-622988eb1603@group-2B1DF545E51A:t12, leader=null, voted=d6fdad48-5745-4acd-8132-622988eb1603, raftlog=d6fdad48-5745-4acd-8132-622988eb1603@group-2B1DF545E51A-SegmentedRaftLog:OPENED:c4,f4,i4, conf=0: [d6fdad48-5745-4acd-8132-622988eb1603:192.168.5.148:33283, a05b4b97-0b18-4776-a1dd-8f128fadc53a:192.168.5.148:35009, 29620711-3f46-457a-8151-219e63eed2d2:192.168.5.148:46161], old=null
2019-09-24 19:01:54,653 [d6fdad48-5745-4acd-8132-622988eb1603@group-2B1DF545E51A:LeaderElection31] INFO  impl.LeaderElection (LogUtils.java:infoOrTrace(149)) -   Exception 0: {}
java.util.concurrent.ExecutionException: org.apache.ratis.thirdparty.io.grpc.StatusRuntimeException: UNAVAILABLE: io exception
	at java.util.concurrent.FutureTask.report(FutureTask.java:122)
	at java.util.concurrent.FutureTask.get(FutureTask.java:192)
	at org.apache.ratis.server.impl.LeaderElection.waitForResults(LeaderElection.java:263)
	at org.apache.ratis.server.impl.LeaderElection.askForVotes(LeaderElection.java:201)
	at org.apache.ratis.server.impl.LeaderElection.run(LeaderElection.java:133)
	at java.lang.Thread.run(Thread.java:748)
Caused by: org.apache.ratis.thirdparty.io.grpc.StatusRuntimeException: UNAVAILABLE: io exception
	at org.apache.ratis.thirdparty.io.grpc.stub.ClientCalls.toStatusRuntimeException(ClientCalls.java:233)
	at org.apache.ratis.thirdparty.io.grpc.stub.ClientCalls.getUnchecked(ClientCalls.java:214)
	at org.apache.ratis.thirdparty.io.grpc.stub.ClientCalls.blockingUnaryCall(ClientCalls.java:139)
	at org.apache.ratis.proto.grpc.RaftServerProtocolServiceGrpc$RaftServerProtocolServiceBlockingStub.requestVote(RaftServerProtocolServiceGrpc.java:265)
	at org.apache.ratis.grpc.server.GrpcServerProtocolClient.requestVote(GrpcServerProtocolClient.java:90)
	at org.apache.ratis.grpc.server.GrpcService.requestVote(GrpcService.java:204)
	at org.apache.ratis.server.impl.LeaderElection.lambda$submitRequests$1(LeaderElection.java:238)
	at java.util.concurrent.FutureTask.run(FutureTask.java:266)
	at java.util.concurrent.Executors$RunnableAdapter.call(Executors.java:511)
	at java.util.concurrent.FutureTask.run(FutureTask.java:266)
	at java.util.concurrent.ThreadPoolExecutor.runWorker(ThreadPoolExecutor.java:1149)
	at java.util.concurrent.ThreadPoolExecutor$Worker.run(ThreadPoolExecutor.java:624)
	... 1 more
Caused by: org.apache.ratis.thirdparty.io.netty.channel.AbstractChannel$AnnotatedConnectException: Connection refused: /192.168.5.148:35009
	at sun.nio.ch.SocketChannelImpl.checkConnect(Native Method)
	at sun.nio.ch.SocketChannelImpl.finishConnect(SocketChannelImpl.java:717)
	at org.apache.ratis.thirdparty.io.netty.channel.socket.nio.NioSocketChannel.doFinishConnect(NioSocketChannel.java:327)
	at org.apache.ratis.thirdparty.io.netty.channel.nio.AbstractNioChannel$AbstractNioUnsafe.finishConnect(AbstractNioChannel.java:340)
	at org.apache.ratis.thirdparty.io.netty.channel.nio.NioEventLoop.processSelectedKey(NioEventLoop.java:632)
	at org.apache.ratis.thirdparty.io.netty.channel.nio.NioEventLoop.processSelectedKeysOptimized(NioEventLoop.java:579)
	at org.apache.ratis.thirdparty.io.netty.channel.nio.NioEventLoop.processSelectedKeys(NioEventLoop.java:496)
	at org.apache.ratis.thirdparty.io.netty.channel.nio.NioEventLoop.run(NioEventLoop.java:458)
	at org.apache.ratis.thirdparty.io.netty.util.concurrent.SingleThreadEventExecutor$5.run(SingleThreadEventExecutor.java:897)
	at org.apache.ratis.thirdparty.io.netty.util.concurrent.FastThreadLocalRunnable.run(FastThreadLocalRunnable.java:30)
	... 1 more
Caused by: java.net.ConnectException: Connection refused
	... 11 more
2019-09-24 19:01:54,654 [d6fdad48-5745-4acd-8132-622988eb1603@group-2B1DF545E51A:LeaderElection31] INFO  impl.LeaderElection (LogUtils.java:infoOrTrace(149)) -   Exception 1: {}
java.util.concurrent.ExecutionException: org.apache.ratis.thirdparty.io.grpc.StatusRuntimeException: UNAVAILABLE: io exception
	at java.util.concurrent.FutureTask.report(FutureTask.java:122)
	at java.util.concurrent.FutureTask.get(FutureTask.java:192)
	at org.apache.ratis.server.impl.LeaderElection.waitForResults(LeaderElection.java:263)
	at org.apache.ratis.server.impl.LeaderElection.askForVotes(LeaderElection.java:201)
	at org.apache.ratis.server.impl.LeaderElection.run(LeaderElection.java:133)
	at java.lang.Thread.run(Thread.java:748)
Caused by: org.apache.ratis.thirdparty.io.grpc.StatusRuntimeException: UNAVAILABLE: io exception
	at org.apache.ratis.thirdparty.io.grpc.stub.ClientCalls.toStatusRuntimeException(ClientCalls.java:233)
	at org.apache.ratis.thirdparty.io.grpc.stub.ClientCalls.getUnchecked(ClientCalls.java:214)
	at org.apache.ratis.thirdparty.io.grpc.stub.ClientCalls.blockingUnaryCall(ClientCalls.java:139)
	at org.apache.ratis.proto.grpc.RaftServerProtocolServiceGrpc$RaftServerProtocolServiceBlockingStub.requestVote(RaftServerProtocolServiceGrpc.java:265)
	at org.apache.ratis.grpc.server.GrpcServerProtocolClient.requestVote(GrpcServerProtocolClient.java:90)
	at org.apache.ratis.grpc.server.GrpcService.requestVote(GrpcService.java:204)
	at org.apache.ratis.server.impl.LeaderElection.lambda$submitRequests$1(LeaderElection.java:238)
	at java.util.concurrent.FutureTask.run(FutureTask.java:266)
	at java.util.concurrent.Executors$RunnableAdapter.call(Executors.java:511)
	at java.util.concurrent.FutureTask.run(FutureTask.java:266)
	at java.util.concurrent.ThreadPoolExecutor.runWorker(ThreadPoolExecutor.java:1149)
	at java.util.concurrent.ThreadPoolExecutor$Worker.run(ThreadPoolExecutor.java:624)
	... 1 more
Caused by: org.apache.ratis.thirdparty.io.netty.channel.AbstractChannel$AnnotatedConnectException: Connection refused: /192.168.5.148:46161
	at sun.nio.ch.SocketChannelImpl.checkConnect(Native Method)
	at sun.nio.ch.SocketChannelImpl.finishConnect(SocketChannelImpl.java:717)
	at org.apache.ratis.thirdparty.io.netty.channel.socket.nio.NioSocketChannel.doFinishConnect(NioSocketChannel.java:327)
	at org.apache.ratis.thirdparty.io.netty.channel.nio.AbstractNioChannel$AbstractNioUnsafe.finishConnect(AbstractNioChannel.java:340)
	at org.apache.ratis.thirdparty.io.netty.channel.nio.NioEventLoop.processSelectedKey(NioEventLoop.java:632)
	at org.apache.ratis.thirdparty.io.netty.channel.nio.NioEventLoop.processSelectedKeysOptimized(NioEventLoop.java:579)
	at org.apache.ratis.thirdparty.io.netty.channel.nio.NioEventLoop.processSelectedKeys(NioEventLoop.java:496)
	at org.apache.ratis.thirdparty.io.netty.channel.nio.NioEventLoop.run(NioEventLoop.java:458)
	at org.apache.ratis.thirdparty.io.netty.util.concurrent.SingleThreadEventExecutor$5.run(SingleThreadEventExecutor.java:897)
	at org.apache.ratis.thirdparty.io.netty.util.concurrent.FastThreadLocalRunnable.run(FastThreadLocalRunnable.java:30)
	... 1 more
Caused by: java.net.ConnectException: Connection refused
	... 11 more
2019-09-24 19:01:54,654 [d6fdad48-5745-4acd-8132-622988eb1603@group-2B1DF545E51A:LeaderElection31] INFO  impl.RaftServerImpl (RaftServerImpl.java:setRole(174)) - d6fdad48-5745-4acd-8132-622988eb1603@group-2B1DF545E51A: changes role from CANDIDATE to FOLLOWER at term 12 for DISCOVERED_A_NEW_TERM
2019-09-24 19:01:54,655 [d6fdad48-5745-4acd-8132-622988eb1603@group-2B1DF545E51A:LeaderElection31] INFO  impl.RoleInfo (RoleInfo.java:shutdownLeaderElection(134)) - d6fdad48-5745-4acd-8132-622988eb1603: shutdown LeaderElection
2019-09-24 19:01:54,655 [d6fdad48-5745-4acd-8132-622988eb1603@group-2B1DF545E51A:LeaderElection31] INFO  impl.RoleInfo (RoleInfo.java:updateAndGet(143)) - d6fdad48-5745-4acd-8132-622988eb1603: start FollowerState
2019-09-24 19:01:54,675 [grpc-default-executor-6] WARN  server.GrpcLogAppender (GrpcLogAppender.java:onNextImpl(251)) - 91e07af8-8ce2-4ac6-9c90-851894b34103@group-91D416462A89->dd51241e-7f30-423c-8baf-8925f04f92e5-AppendLogResponseHandler: Request not found, ignoring reply: 91e07af8-8ce2-4ac6-9c90-851894b34103<-dd51241e-7f30-423c-8baf-8925f04f92e5#95:OK,SUCCESS,nextIndex:3,term:2,followerCommit:1
2019-09-24 19:01:54,676 [grpc-default-executor-6] WARN  server.GrpcLogAppender (GrpcLogAppender.java:onNextImpl(251)) - 91e07af8-8ce2-4ac6-9c90-851894b34103@group-91D416462A89->dd51241e-7f30-423c-8baf-8925f04f92e5-AppendLogResponseHandler: Request not found, ignoring reply: 91e07af8-8ce2-4ac6-9c90-851894b34103<-dd51241e-7f30-423c-8baf-8925f04f92e5#96:OK,SUCCESS,nextIndex:3,term:2,followerCommit:1
2019-09-24 19:01:54,677 [grpc-default-executor-6] WARN  server.GrpcLogAppender (GrpcLogAppender.java:onNextImpl(251)) - 91e07af8-8ce2-4ac6-9c90-851894b34103@group-91D416462A89->dd51241e-7f30-423c-8baf-8925f04f92e5-AppendLogResponseHandler: Request not found, ignoring reply: 91e07af8-8ce2-4ac6-9c90-851894b34103<-dd51241e-7f30-423c-8baf-8925f04f92e5#97:OK,SUCCESS,nextIndex:3,term:2,followerCommit:1
2019-09-24 19:01:54,780 [grpc-default-executor-6] WARN  server.GrpcLogAppender (GrpcLogAppender.java:onNextImpl(251)) - 75e06a4b-10ed-49e3-a0f4-39d0cf919ed9@group-338C40DB937D->c0a619e5-2907-4353-abbd-f6fb1099a46d-AppendLogResponseHandler: Request not found, ignoring reply: 75e06a4b-10ed-49e3-a0f4-39d0cf919ed9<-c0a619e5-2907-4353-abbd-f6fb1099a46d#87:OK,SUCCESS,nextIndex:2,term:1,followerCommit:0
2019-09-24 19:01:54,780 [grpc-default-executor-3] WARN  server.GrpcLogAppender (GrpcLogAppender.java:onNextImpl(251)) - 75e06a4b-10ed-49e3-a0f4-39d0cf919ed9@group-338C40DB937D->01d7623e-fce0-4300-8f15-4bc2097938ef-AppendLogResponseHandler: Request not found, ignoring reply: 75e06a4b-10ed-49e3-a0f4-39d0cf919ed9<-01d7623e-fce0-4300-8f15-4bc2097938ef#87:OK,SUCCESS,nextIndex:2,term:1,followerCommit:0
2019-09-24 19:01:54,780 [grpc-default-executor-6] WARN  server.GrpcLogAppender (GrpcLogAppender.java:onNextImpl(251)) - 75e06a4b-10ed-49e3-a0f4-39d0cf919ed9@group-338C40DB937D->c0a619e5-2907-4353-abbd-f6fb1099a46d-AppendLogResponseHandler: Request not found, ignoring reply: 75e06a4b-10ed-49e3-a0f4-39d0cf919ed9<-c0a619e5-2907-4353-abbd-f6fb1099a46d#88:OK,SUCCESS,nextIndex:2,term:1,followerCommit:0
2019-09-24 19:01:54,780 [grpc-default-executor-3] WARN  server.GrpcLogAppender (GrpcLogAppender.java:onNextImpl(251)) - 75e06a4b-10ed-49e3-a0f4-39d0cf919ed9@group-338C40DB937D->01d7623e-fce0-4300-8f15-4bc2097938ef-AppendLogResponseHandler: Request not found, ignoring reply: 75e06a4b-10ed-49e3-a0f4-39d0cf919ed9<-01d7623e-fce0-4300-8f15-4bc2097938ef#88:OK,SUCCESS,nextIndex:2,term:1,followerCommit:0
2019-09-24 19:01:54,781 [grpc-default-executor-6] WARN  server.GrpcLogAppender (GrpcLogAppender.java:onNextImpl(251)) - 75e06a4b-10ed-49e3-a0f4-39d0cf919ed9@group-338C40DB937D->c0a619e5-2907-4353-abbd-f6fb1099a46d-AppendLogResponseHandler: Request not found, ignoring reply: 75e06a4b-10ed-49e3-a0f4-39d0cf919ed9<-c0a619e5-2907-4353-abbd-f6fb1099a46d#89:OK,SUCCESS,nextIndex:2,term:1,followerCommit:0
2019-09-24 19:01:54,781 [grpc-default-executor-3] WARN  server.GrpcLogAppender (GrpcLogAppender.java:onNextImpl(251)) - 75e06a4b-10ed-49e3-a0f4-39d0cf919ed9@group-338C40DB937D->01d7623e-fce0-4300-8f15-4bc2097938ef-AppendLogResponseHandler: Request not found, ignoring reply: 75e06a4b-10ed-49e3-a0f4-39d0cf919ed9<-01d7623e-fce0-4300-8f15-4bc2097938ef#89:OK,SUCCESS,nextIndex:2,term:1,followerCommit:0
2019-09-24 19:01:54,781 [grpc-default-executor-6] WARN  server.GrpcLogAppender (GrpcLogAppender.java:onNextImpl(251)) - 75e06a4b-10ed-49e3-a0f4-39d0cf919ed9@group-338C40DB937D->c0a619e5-2907-4353-abbd-f6fb1099a46d-AppendLogResponseHandler: Request not found, ignoring reply: 75e06a4b-10ed-49e3-a0f4-39d0cf919ed9<-c0a619e5-2907-4353-abbd-f6fb1099a46d#90:OK,SUCCESS,nextIndex:2,term:1,followerCommit:0
2019-09-24 19:01:54,781 [grpc-default-executor-3] WARN  server.GrpcLogAppender (GrpcLogAppender.java:onNextImpl(251)) - 75e06a4b-10ed-49e3-a0f4-39d0cf919ed9@group-338C40DB937D->01d7623e-fce0-4300-8f15-4bc2097938ef-AppendLogResponseHandler: Request not found, ignoring reply: 75e06a4b-10ed-49e3-a0f4-39d0cf919ed9<-01d7623e-fce0-4300-8f15-4bc2097938ef#90:OK,SUCCESS,nextIndex:2,term:1,followerCommit:0
2019-09-24 19:01:54,781 [grpc-default-executor-6] WARN  server.GrpcLogAppender (GrpcLogAppender.java:onNextImpl(251)) - 75e06a4b-10ed-49e3-a0f4-39d0cf919ed9@group-338C40DB937D->c0a619e5-2907-4353-abbd-f6fb1099a46d-AppendLogResponseHandler: Request not found, ignoring reply: 75e06a4b-10ed-49e3-a0f4-39d0cf919ed9<-c0a619e5-2907-4353-abbd-f6fb1099a46d#91:OK,SUCCESS,nextIndex:2,term:1,followerCommit:0
2019-09-24 19:01:54,781 [grpc-default-executor-3] WARN  server.GrpcLogAppender (GrpcLogAppender.java:onNextImpl(251)) - 75e06a4b-10ed-49e3-a0f4-39d0cf919ed9@group-338C40DB937D->01d7623e-fce0-4300-8f15-4bc2097938ef-AppendLogResponseHandler: Request not found, ignoring reply: 75e06a4b-10ed-49e3-a0f4-39d0cf919ed9<-01d7623e-fce0-4300-8f15-4bc2097938ef#91:OK,SUCCESS,nextIndex:2,term:1,followerCommit:0
2019-09-24 19:01:54,781 [grpc-default-executor-6] WARN  server.GrpcLogAppender (GrpcLogAppender.java:onNextImpl(251)) - 75e06a4b-10ed-49e3-a0f4-39d0cf919ed9@group-338C40DB937D->c0a619e5-2907-4353-abbd-f6fb1099a46d-AppendLogResponseHandler: Request not found, ignoring reply: 75e06a4b-10ed-49e3-a0f4-39d0cf919ed9<-c0a619e5-2907-4353-abbd-f6fb1099a46d#92:OK,SUCCESS,nextIndex:2,term:1,followerCommit:0
2019-09-24 19:01:54,781 [grpc-default-executor-3] WARN  server.GrpcLogAppender (GrpcLogAppender.java:onNextImpl(251)) - 75e06a4b-10ed-49e3-a0f4-39d0cf919ed9@group-338C40DB937D->01d7623e-fce0-4300-8f15-4bc2097938ef-AppendLogResponseHandler: Request not found, ignoring reply: 75e06a4b-10ed-49e3-a0f4-39d0cf919ed9<-01d7623e-fce0-4300-8f15-4bc2097938ef#92:OK,SUCCESS,nextIndex:2,term:1,followerCommit:0
2019-09-24 19:01:54,781 [grpc-default-executor-6] WARN  server.GrpcLogAppender (GrpcLogAppender.java:onNextImpl(251)) - 75e06a4b-10ed-49e3-a0f4-39d0cf919ed9@group-338C40DB937D->c0a619e5-2907-4353-abbd-f6fb1099a46d-AppendLogResponseHandler: Request not found, ignoring reply: 75e06a4b-10ed-49e3-a0f4-39d0cf919ed9<-c0a619e5-2907-4353-abbd-f6fb1099a46d#93:OK,SUCCESS,nextIndex:2,term:1,followerCommit:0
2019-09-24 19:01:54,781 [grpc-default-executor-3] WARN  server.GrpcLogAppender (GrpcLogAppender.java:onNextImpl(251)) - 75e06a4b-10ed-49e3-a0f4-39d0cf919ed9@group-338C40DB937D->01d7623e-fce0-4300-8f15-4bc2097938ef-AppendLogResponseHandler: Request not found, ignoring reply: 75e06a4b-10ed-49e3-a0f4-39d0cf919ed9<-01d7623e-fce0-4300-8f15-4bc2097938ef#93:OK,SUCCESS,nextIndex:2,term:1,followerCommit:0
2019-09-24 19:01:54,782 [grpc-default-executor-6] WARN  server.GrpcLogAppender (GrpcLogAppender.java:onNextImpl(251)) - 75e06a4b-10ed-49e3-a0f4-39d0cf919ed9@group-338C40DB937D->c0a619e5-2907-4353-abbd-f6fb1099a46d-AppendLogResponseHandler: Request not found, ignoring reply: 75e06a4b-10ed-49e3-a0f4-39d0cf919ed9<-c0a619e5-2907-4353-abbd-f6fb1099a46d#94:OK,SUCCESS,nextIndex:2,term:1,followerCommit:0
2019-09-24 19:01:54,782 [grpc-default-executor-3] WARN  server.GrpcLogAppender (GrpcLogAppender.java:onNextImpl(251)) - 75e06a4b-10ed-49e3-a0f4-39d0cf919ed9@group-338C40DB937D->01d7623e-fce0-4300-8f15-4bc2097938ef-AppendLogResponseHandler: Request not found, ignoring reply: 75e06a4b-10ed-49e3-a0f4-39d0cf919ed9<-01d7623e-fce0-4300-8f15-4bc2097938ef#94:OK,SUCCESS,nextIndex:2,term:1,followerCommit:0
2019-09-24 19:01:54,782 [grpc-default-executor-6] WARN  server.GrpcLogAppender (GrpcLogAppender.java:onNextImpl(251)) - 75e06a4b-10ed-49e3-a0f4-39d0cf919ed9@group-338C40DB937D->c0a619e5-2907-4353-abbd-f6fb1099a46d-AppendLogResponseHandler: Request not found, ignoring reply: 75e06a4b-10ed-49e3-a0f4-39d0cf919ed9<-c0a619e5-2907-4353-abbd-f6fb1099a46d#95:OK,SUCCESS,nextIndex:2,term:1,followerCommit:0
2019-09-24 19:01:54,782 [grpc-default-executor-3] WARN  server.GrpcLogAppender (GrpcLogAppender.java:onNextImpl(251)) - 75e06a4b-10ed-49e3-a0f4-39d0cf919ed9@group-338C40DB937D->01d7623e-fce0-4300-8f15-4bc2097938ef-AppendLogResponseHandler: Request not found, ignoring reply: 75e06a4b-10ed-49e3-a0f4-39d0cf919ed9<-01d7623e-fce0-4300-8f15-4bc2097938ef#95:OK,SUCCESS,nextIndex:2,term:1,followerCommit:0
2019-09-24 19:01:54,782 [grpc-default-executor-6] WARN  server.GrpcLogAppender (GrpcLogAppender.java:onNextImpl(251)) - 75e06a4b-10ed-49e3-a0f4-39d0cf919ed9@group-338C40DB937D->c0a619e5-2907-4353-abbd-f6fb1099a46d-AppendLogResponseHandler: Request not found, ignoring reply: 75e06a4b-10ed-49e3-a0f4-39d0cf919ed9<-c0a619e5-2907-4353-abbd-f6fb1099a46d#96:OK,SUCCESS,nextIndex:2,term:1,followerCommit:0
2019-09-24 19:01:54,782 [grpc-default-executor-3] WARN  server.GrpcLogAppender (GrpcLogAppender.java:onNextImpl(251)) - 75e06a4b-10ed-49e3-a0f4-39d0cf919ed9@group-338C40DB937D->01d7623e-fce0-4300-8f15-4bc2097938ef-AppendLogResponseHandler: Request not found, ignoring reply: 75e06a4b-10ed-49e3-a0f4-39d0cf919ed9<-01d7623e-fce0-4300-8f15-4bc2097938ef#96:OK,SUCCESS,nextIndex:2,term:1,followerCommit:0
2019-09-24 19:01:54,782 [grpc-default-executor-6] WARN  server.GrpcLogAppender (GrpcLogAppender.java:onNextImpl(251)) - 75e06a4b-10ed-49e3-a0f4-39d0cf919ed9@group-338C40DB937D->c0a619e5-2907-4353-abbd-f6fb1099a46d-AppendLogResponseHandler: Request not found, ignoring reply: 75e06a4b-10ed-49e3-a0f4-39d0cf919ed9<-c0a619e5-2907-4353-abbd-f6fb1099a46d#97:OK,SUCCESS,nextIndex:2,term:1,followerCommit:0
2019-09-24 19:01:54,782 [grpc-default-executor-3] WARN  server.GrpcLogAppender (GrpcLogAppender.java:onNextImpl(251)) - 75e06a4b-10ed-49e3-a0f4-39d0cf919ed9@group-338C40DB937D->01d7623e-fce0-4300-8f15-4bc2097938ef-AppendLogResponseHandler: Request not found, ignoring reply: 75e06a4b-10ed-49e3-a0f4-39d0cf919ed9<-01d7623e-fce0-4300-8f15-4bc2097938ef#97:OK,SUCCESS,nextIndex:2,term:1,followerCommit:0
2019-09-24 19:01:54,783 [grpc-default-executor-6] WARN  server.GrpcLogAppender (GrpcLogAppender.java:onNextImpl(251)) - 75e06a4b-10ed-49e3-a0f4-39d0cf919ed9@group-338C40DB937D->c0a619e5-2907-4353-abbd-f6fb1099a46d-AppendLogResponseHandler: Request not found, ignoring reply: 75e06a4b-10ed-49e3-a0f4-39d0cf919ed9<-c0a619e5-2907-4353-abbd-f6fb1099a46d#98:OK,SUCCESS,nextIndex:2,term:1,followerCommit:0
2019-09-24 19:01:54,783 [grpc-default-executor-3] WARN  server.GrpcLogAppender (GrpcLogAppender.java:onNextImpl(251)) - 75e06a4b-10ed-49e3-a0f4-39d0cf919ed9@group-338C40DB937D->01d7623e-fce0-4300-8f15-4bc2097938ef-AppendLogResponseHandler: Request not found, ignoring reply: 75e06a4b-10ed-49e3-a0f4-39d0cf919ed9<-01d7623e-fce0-4300-8f15-4bc2097938ef#98:OK,SUCCESS,nextIndex:2,term:1,followerCommit:0
2019-09-24 19:01:54,783 [grpc-default-executor-3] WARN  server.GrpcLogAppender (GrpcLogAppender.java:onNextImpl(251)) - 75e06a4b-10ed-49e3-a0f4-39d0cf919ed9@group-338C40DB937D->c0a619e5-2907-4353-abbd-f6fb1099a46d-AppendLogResponseHandler: Request not found, ignoring reply: 75e06a4b-10ed-49e3-a0f4-39d0cf919ed9<-c0a619e5-2907-4353-abbd-f6fb1099a46d#99:OK,SUCCESS,nextIndex:2,term:1,followerCommit:0
2019-09-24 19:01:54,783 [grpc-default-executor-6] WARN  server.GrpcLogAppender (GrpcLogAppender.java:onNextImpl(251)) - 75e06a4b-10ed-49e3-a0f4-39d0cf919ed9@group-338C40DB937D->01d7623e-fce0-4300-8f15-4bc2097938ef-AppendLogResponseHandler: Request not found, ignoring reply: 75e06a4b-10ed-49e3-a0f4-39d0cf919ed9<-01d7623e-fce0-4300-8f15-4bc2097938ef#99:OK,SUCCESS,nextIndex:2,term:1,followerCommit:0
2019-09-24 19:01:55,677 [Thread-974] INFO  impl.FollowerState (FollowerState.java:run(106)) - d6fdad48-5745-4acd-8132-622988eb1603:group-2B1DF545E51A changes to CANDIDATE, lastRpcTime:1022, electionTimeout:1022ms
2019-09-24 19:01:55,678 [Thread-974] INFO  impl.RoleInfo (RoleInfo.java:shutdownFollowerState(121)) - d6fdad48-5745-4acd-8132-622988eb1603: shutdown FollowerState
2019-09-24 19:01:55,678 [Thread-974] INFO  impl.RaftServerImpl (RaftServerImpl.java:setRole(174)) - d6fdad48-5745-4acd-8132-622988eb1603@group-2B1DF545E51A: changes role from  FOLLOWER to CANDIDATE at term 12 for changeToCandidate
2019-09-24 19:01:55,679 [Thread-974] INFO  impl.RoleInfo (RoleInfo.java:updateAndGet(143)) - d6fdad48-5745-4acd-8132-622988eb1603: start LeaderElection
2019-09-24 19:01:58,727 [java.util.concurrent.ThreadPoolExecutor$Worker@5b3d687a[State = -1, empty queue]] WARN  server.GrpcLogAppender (GrpcLogAppender.java:timeoutAppendRequest(200)) - 75e06a4b-10ed-49e3-a0f4-39d0cf919ed9@group-338C40DB937D->c0a619e5-2907-4353-abbd-f6fb1099a46d-GrpcLogAppender: appendEntries Timeout, request=75e06a4b-10ed-49e3-a0f4-39d0cf919ed9->c0a619e5-2907-4353-abbd-f6fb1099a46d#108-t1, previous=(t:1, i:2), leaderCommit=2, initializing? false, entries: size=1, first=(t:1, i:3), STATEMACHINELOGENTRY, client-19E75FF316C2, cid=30
2019-09-24 19:01:58,727 [java.util.concurrent.ThreadPoolExecutor$Worker@6db46767[State = -1, empty queue]] WARN  server.GrpcLogAppender (GrpcLogAppender.java:timeoutAppendRequest(200)) - 75e06a4b-10ed-49e3-a0f4-39d0cf919ed9@group-338C40DB937D->01d7623e-fce0-4300-8f15-4bc2097938ef-GrpcLogAppender: appendEntries Timeout, request=75e06a4b-10ed-49e3-a0f4-39d0cf919ed9->01d7623e-fce0-4300-8f15-4bc2097938ef#108-t1, previous=(t:1, i:2), leaderCommit=2, initializing? false, entries: size=1, first=(t:1, i:3), STATEMACHINELOGENTRY, client-19E75FF316C2, cid=30
2019-09-24 19:01:58,731 [java.util.concurrent.ThreadPoolExecutor$Worker@6db46767[State = -1, empty queue]] WARN  server.GrpcLogAppender (GrpcLogAppender.java:timeoutAppendRequest(200)) - 75e06a4b-10ed-49e3-a0f4-39d0cf919ed9@group-338C40DB937D->01d7623e-fce0-4300-8f15-4bc2097938ef-GrpcLogAppender: appendEntries Timeout, request=75e06a4b-10ed-49e3-a0f4-39d0cf919ed9->01d7623e-fce0-4300-8f15-4bc2097938ef#109-t1, previous=(t:1, i:3), leaderCommit=2, initializing? false, entries: size=1, first=(t:1, i:4), STATEMACHINELOGENTRY, client-19E75FF316C2, cid=31
2019-09-24 19:01:58,732 [java.util.concurrent.ThreadPoolExecutor$Worker@6db46767[State = -1, empty queue]] WARN  server.GrpcLogAppender (GrpcLogAppender.java:timeoutAppendRequest(200)) - 75e06a4b-10ed-49e3-a0f4-39d0cf919ed9@group-338C40DB937D->01d7623e-fce0-4300-8f15-4bc2097938ef-GrpcLogAppender: appendEntries Timeout, request=75e06a4b-10ed-49e3-a0f4-39d0cf919ed9->01d7623e-fce0-4300-8f15-4bc2097938ef#110-t1, previous=(t:1, i:4), leaderCommit=2, initializing? false, entries: size=1, first=(t:1, i:5), STATEMACHINELOGENTRY, client-19E75FF316C2, cid=32
2019-09-24 19:01:58,732 [java.util.concurrent.ThreadPoolExecutor$Worker@5b3d687a[State = -1, empty queue]] WARN  server.GrpcLogAppender (GrpcLogAppender.java:timeoutAppendRequest(200)) - 75e06a4b-10ed-49e3-a0f4-39d0cf919ed9@group-338C40DB937D->c0a619e5-2907-4353-abbd-f6fb1099a46d-GrpcLogAppender: appendEntries Timeout, request=75e06a4b-10ed-49e3-a0f4-39d0cf919ed9->c0a619e5-2907-4353-abbd-f6fb1099a46d#109-t1, previous=(t:1, i:3), leaderCommit=2, initializing? false, entries: size=1, first=(t:1, i:4), STATEMACHINELOGENTRY, client-19E75FF316C2, cid=31
2019-09-24 19:01:58,737 [java.util.concurrent.ThreadPoolExecutor$Worker@5b3d687a[State = -1, empty queue]] WARN  server.GrpcLogAppender (GrpcLogAppender.java:timeoutAppendRequest(200)) - 75e06a4b-10ed-49e3-a0f4-39d0cf919ed9@group-338C40DB937D->c0a619e5-2907-4353-abbd-f6fb1099a46d-GrpcLogAppender: appendEntries Timeout, request=75e06a4b-10ed-49e3-a0f4-39d0cf919ed9->c0a619e5-2907-4353-abbd-f6fb1099a46d#110-t1, previous=(t:1, i:4), leaderCommit=2, initializing? false, entries: size=1, first=(t:1, i:5), STATEMACHINELOGENTRY, client-19E75FF316C2, cid=32
2019-09-24 19:01:59,232 [java.util.concurrent.ThreadPoolExecutor$Worker@6db46767[State = -1, empty queue]] WARN  server.GrpcLogAppender (GrpcLogAppender.java:timeoutAppendRequest(200)) - 75e06a4b-10ed-49e3-a0f4-39d0cf919ed9@group-338C40DB937D->01d7623e-fce0-4300-8f15-4bc2097938ef-GrpcLogAppender: appendEntries Timeout, request=75e06a4b-10ed-49e3-a0f4-39d0cf919ed9->01d7623e-fce0-4300-8f15-4bc2097938ef#111-t1, previous=(t:1, i:5), leaderCommit=2, initializing? false, entries: <empty>
2019-09-24 19:01:59,238 [java.util.concurrent.ThreadPoolExecutor$Worker@5b3d687a[State = -1, empty queue]] WARN  server.GrpcLogAppender (GrpcLogAppender.java:timeoutAppendRequest(200)) - 75e06a4b-10ed-49e3-a0f4-39d0cf919ed9@group-338C40DB937D->c0a619e5-2907-4353-abbd-f6fb1099a46d-GrpcLogAppender: appendEntries Timeout, request=75e06a4b-10ed-49e3-a0f4-39d0cf919ed9->c0a619e5-2907-4353-abbd-f6fb1099a46d#111-t1, previous=(t:1, i:5), leaderCommit=2, initializing? false, entries: <empty>
2019-09-24 19:01:59,732 [java.util.concurrent.ThreadPoolExecutor$Worker@6db46767[State = -1, empty queue]] WARN  server.GrpcLogAppender (GrpcLogAppender.java:timeoutAppendRequest(200)) - 75e06a4b-10ed-49e3-a0f4-39d0cf919ed9@group-338C40DB937D->01d7623e-fce0-4300-8f15-4bc2097938ef-GrpcLogAppender: appendEntries Timeout, request=75e06a4b-10ed-49e3-a0f4-39d0cf919ed9->01d7623e-fce0-4300-8f15-4bc2097938ef#112-t1, previous=(t:1, i:5), leaderCommit=2, initializing? false, entries: <empty>
2019-09-24 19:01:59,733 [java.util.concurrent.ThreadPoolExecutor$Worker@5b3d687a[State = -1, empty queue]] WARN  server.GrpcLogAppender (GrpcLogAppender.java:timeoutAppendRequest(200)) - 75e06a4b-10ed-49e3-a0f4-39d0cf919ed9@group-338C40DB937D->c0a619e5-2907-4353-abbd-f6fb1099a46d-GrpcLogAppender: appendEntries Timeout, request=75e06a4b-10ed-49e3-a0f4-39d0cf919ed9->c0a619e5-2907-4353-abbd-f6fb1099a46d#112-t1, previous=(t:1, i:5), leaderCommit=2, initializing? false, entries: <empty>
2019-09-24 19:02:00,233 [java.util.concurrent.ThreadPoolExecutor$Worker@6db46767[State = -1, empty queue]] WARN  server.GrpcLogAppender (GrpcLogAppender.java:timeoutAppendRequest(200)) - 75e06a4b-10ed-49e3-a0f4-39d0cf919ed9@group-338C40DB937D->01d7623e-fce0-4300-8f15-4bc2097938ef-GrpcLogAppender: appendEntries Timeout, request=75e06a4b-10ed-49e3-a0f4-39d0cf919ed9->01d7623e-fce0-4300-8f15-4bc2097938ef#113-t1, previous=(t:1, i:5), leaderCommit=2, initializing? false, entries: <empty>
2019-09-24 19:02:00,233 [java.util.concurrent.ThreadPoolExecutor$Worker@5b3d687a[State = -1, empty queue]] WARN  server.GrpcLogAppender (GrpcLogAppender.java:timeoutAppendRequest(200)) - 75e06a4b-10ed-49e3-a0f4-39d0cf919ed9@group-338C40DB937D->c0a619e5-2907-4353-abbd-f6fb1099a46d-GrpcLogAppender: appendEntries Timeout, request=75e06a4b-10ed-49e3-a0f4-39d0cf919ed9->c0a619e5-2907-4353-abbd-f6fb1099a46d#113-t1, previous=(t:1, i:5), leaderCommit=2, initializing? false, entries: <empty>
2019-09-24 19:02:00,735 [java.util.concurrent.ThreadPoolExecutor$Worker@5b3d687a[State = -1, empty queue]] WARN  server.GrpcLogAppender (GrpcLogAppender.java:timeoutAppendRequest(200)) - 75e06a4b-10ed-49e3-a0f4-39d0cf919ed9@group-338C40DB937D->c0a619e5-2907-4353-abbd-f6fb1099a46d-GrpcLogAppender: appendEntries Timeout, request=75e06a4b-10ed-49e3-a0f4-39d0cf919ed9->c0a619e5-2907-4353-abbd-f6fb1099a46d#114-t1, previous=(t:1, i:5), leaderCommit=2, initializing? false, entries: <empty>
2019-09-24 19:02:00,735 [java.util.concurrent.ThreadPoolExecutor$Worker@6db46767[State = -1, empty queue]] WARN  server.GrpcLogAppender (GrpcLogAppender.java:timeoutAppendRequest(200)) - 75e06a4b-10ed-49e3-a0f4-39d0cf919ed9@group-338C40DB937D->01d7623e-fce0-4300-8f15-4bc2097938ef-GrpcLogAppender: appendEntries Timeout, request=75e06a4b-10ed-49e3-a0f4-39d0cf919ed9->01d7623e-fce0-4300-8f15-4bc2097938ef#114-t1, previous=(t:1, i:5), leaderCommit=2, initializing? false, entries: <empty>
2019-09-24 19:02:00,783 [d6fdad48-5745-4acd-8132-622988eb1603@group-2B1DF545E51A:LeaderElection32] INFO  impl.LeaderElection (LeaderElection.java:askForVotes(182)) - d6fdad48-5745-4acd-8132-622988eb1603@group-2B1DF545E51A:LeaderElection32: begin an election at term 13 for 0: [d6fdad48-5745-4acd-8132-622988eb1603:192.168.5.148:33283, a05b4b97-0b18-4776-a1dd-8f128fadc53a:192.168.5.148:35009, 29620711-3f46-457a-8151-219e63eed2d2:192.168.5.148:46161], old=null
2019-09-24 19:02:00,784 [d6fdad48-5745-4acd-8132-622988eb1603@group-2B1DF545E51A:LeaderElection32] INFO  impl.LeaderElection (LogUtils.java:infoOrTrace(149)) - d6fdad48-5745-4acd-8132-622988eb1603@group-2B1DF545E51A:LeaderElection32 got exception when requesting votes: {}
java.util.concurrent.ExecutionException: org.apache.ratis.thirdparty.io.grpc.StatusRuntimeException: UNAVAILABLE: io exception
	at java.util.concurrent.FutureTask.report(FutureTask.java:122)
	at java.util.concurrent.FutureTask.get(FutureTask.java:192)
	at org.apache.ratis.server.impl.LeaderElection.waitForResults(LeaderElection.java:263)
	at org.apache.ratis.server.impl.LeaderElection.askForVotes(LeaderElection.java:201)
	at org.apache.ratis.server.impl.LeaderElection.run(LeaderElection.java:133)
	at java.lang.Thread.run(Thread.java:748)
Caused by: org.apache.ratis.thirdparty.io.grpc.StatusRuntimeException: UNAVAILABLE: io exception
	at org.apache.ratis.thirdparty.io.grpc.stub.ClientCalls.toStatusRuntimeException(ClientCalls.java:233)
	at org.apache.ratis.thirdparty.io.grpc.stub.ClientCalls.getUnchecked(ClientCalls.java:214)
	at org.apache.ratis.thirdparty.io.grpc.stub.ClientCalls.blockingUnaryCall(ClientCalls.java:139)
	at org.apache.ratis.proto.grpc.RaftServerProtocolServiceGrpc$RaftServerProtocolServiceBlockingStub.requestVote(RaftServerProtocolServiceGrpc.java:265)
	at org.apache.ratis.grpc.server.GrpcServerProtocolClient.requestVote(GrpcServerProtocolClient.java:90)
	at org.apache.ratis.grpc.server.GrpcService.requestVote(GrpcService.java:204)
	at org.apache.ratis.server.impl.LeaderElection.lambda$submitRequests$1(LeaderElection.java:238)
	at java.util.concurrent.FutureTask.run(FutureTask.java:266)
	at java.util.concurrent.Executors$RunnableAdapter.call(Executors.java:511)
	at java.util.concurrent.FutureTask.run(FutureTask.java:266)
	at java.util.concurrent.ThreadPoolExecutor.runWorker(ThreadPoolExecutor.java:1149)
	at java.util.concurrent.ThreadPoolExecutor$Worker.run(ThreadPoolExecutor.java:624)
	... 1 more
Caused by: org.apache.ratis.thirdparty.io.netty.channel.AbstractChannel$AnnotatedConnectException: Connection refused: /192.168.5.148:35009
	at sun.nio.ch.SocketChannelImpl.checkConnect(Native Method)
	at sun.nio.ch.SocketChannelImpl.finishConnect(SocketChannelImpl.java:717)
	at org.apache.ratis.thirdparty.io.netty.channel.socket.nio.NioSocketChannel.doFinishConnect(NioSocketChannel.java:327)
	at org.apache.ratis.thirdparty.io.netty.channel.nio.AbstractNioChannel$AbstractNioUnsafe.finishConnect(AbstractNioChannel.java:340)
	at org.apache.ratis.thirdparty.io.netty.channel.nio.NioEventLoop.processSelectedKey(NioEventLoop.java:632)
	at org.apache.ratis.thirdparty.io.netty.channel.nio.NioEventLoop.processSelectedKeysOptimized(NioEventLoop.java:579)
	at org.apache.ratis.thirdparty.io.netty.channel.nio.NioEventLoop.processSelectedKeys(NioEventLoop.java:496)
	at org.apache.ratis.thirdparty.io.netty.channel.nio.NioEventLoop.run(NioEventLoop.java:458)
	at org.apache.ratis.thirdparty.io.netty.util.concurrent.SingleThreadEventExecutor$5.run(SingleThreadEventExecutor.java:897)
	at org.apache.ratis.thirdparty.io.netty.util.concurrent.FastThreadLocalRunnable.run(FastThreadLocalRunnable.java:30)
	... 1 more
Caused by: java.net.ConnectException: Connection refused
	... 11 more
2019-09-24 19:02:00,787 [d6fdad48-5745-4acd-8132-622988eb1603@group-2B1DF545E51A:LeaderElection32] INFO  impl.LeaderElection (LogUtils.java:infoOrTrace(149)) - d6fdad48-5745-4acd-8132-622988eb1603@group-2B1DF545E51A:LeaderElection32 got exception when requesting votes: {}
java.util.concurrent.ExecutionException: org.apache.ratis.thirdparty.io.grpc.StatusRuntimeException: UNAVAILABLE: io exception
	at java.util.concurrent.FutureTask.report(FutureTask.java:122)
	at java.util.concurrent.FutureTask.get(FutureTask.java:192)
	at org.apache.ratis.server.impl.LeaderElection.waitForResults(LeaderElection.java:263)
	at org.apache.ratis.server.impl.LeaderElection.askForVotes(LeaderElection.java:201)
	at org.apache.ratis.server.impl.LeaderElection.run(LeaderElection.java:133)
	at java.lang.Thread.run(Thread.java:748)
Caused by: org.apache.ratis.thirdparty.io.grpc.StatusRuntimeException: UNAVAILABLE: io exception
	at org.apache.ratis.thirdparty.io.grpc.stub.ClientCalls.toStatusRuntimeException(ClientCalls.java:233)
	at org.apache.ratis.thirdparty.io.grpc.stub.ClientCalls.getUnchecked(ClientCalls.java:214)
	at org.apache.ratis.thirdparty.io.grpc.stub.ClientCalls.blockingUnaryCall(ClientCalls.java:139)
	at org.apache.ratis.proto.grpc.RaftServerProtocolServiceGrpc$RaftServerProtocolServiceBlockingStub.requestVote(RaftServerProtocolServiceGrpc.java:265)
	at org.apache.ratis.grpc.server.GrpcServerProtocolClient.requestVote(GrpcServerProtocolClient.java:90)
	at org.apache.ratis.grpc.server.GrpcService.requestVote(GrpcService.java:204)
	at org.apache.ratis.server.impl.LeaderElection.lambda$submitRequests$1(LeaderElection.java:238)
	at java.util.concurrent.FutureTask.run(FutureTask.java:266)
	at java.util.concurrent.Executors$RunnableAdapter.call(Executors.java:511)
	at java.util.concurrent.FutureTask.run(FutureTask.java:266)
	at java.util.concurrent.ThreadPoolExecutor.runWorker(ThreadPoolExecutor.java:1149)
	at java.util.concurrent.ThreadPoolExecutor$Worker.run(ThreadPoolExecutor.java:624)
	... 1 more
Caused by: org.apache.ratis.thirdparty.io.netty.channel.AbstractChannel$AnnotatedConnectException: Connection refused: /192.168.5.148:46161
	at sun.nio.ch.SocketChannelImpl.checkConnect(Native Method)
	at sun.nio.ch.SocketChannelImpl.finishConnect(SocketChannelImpl.java:717)
	at org.apache.ratis.thirdparty.io.netty.channel.socket.nio.NioSocketChannel.doFinishConnect(NioSocketChannel.java:327)
	at org.apache.ratis.thirdparty.io.netty.channel.nio.AbstractNioChannel$AbstractNioUnsafe.finishConnect(AbstractNioChannel.java:340)
	at org.apache.ratis.thirdparty.io.netty.channel.nio.NioEventLoop.processSelectedKey(NioEventLoop.java:632)
	at org.apache.ratis.thirdparty.io.netty.channel.nio.NioEventLoop.processSelectedKeysOptimized(NioEventLoop.java:579)
	at org.apache.ratis.thirdparty.io.netty.channel.nio.NioEventLoop.processSelectedKeys(NioEventLoop.java:496)
	at org.apache.ratis.thirdparty.io.netty.channel.nio.NioEventLoop.run(NioEventLoop.java:458)
	at org.apache.ratis.thirdparty.io.netty.util.concurrent.SingleThreadEventExecutor$5.run(SingleThreadEventExecutor.java:897)
	at org.apache.ratis.thirdparty.io.netty.util.concurrent.FastThreadLocalRunnable.run(FastThreadLocalRunnable.java:30)
	... 1 more
Caused by: java.net.ConnectException: Connection refused
	... 11 more
2019-09-24 19:02:00,790 [d6fdad48-5745-4acd-8132-622988eb1603@group-2B1DF545E51A:LeaderElection32] INFO  impl.LeaderElection (LeaderElection.java:logAndReturn(56)) - d6fdad48-5745-4acd-8132-622988eb1603@group-2B1DF545E51A:LeaderElection32: Election REJECTED; received 0 response(s) [] and 2 exception(s); d6fdad48-5745-4acd-8132-622988eb1603@group-2B1DF545E51A:t13, leader=null, voted=d6fdad48-5745-4acd-8132-622988eb1603, raftlog=d6fdad48-5745-4acd-8132-622988eb1603@group-2B1DF545E51A-SegmentedRaftLog:OPENED:c4,f4,i4, conf=0: [d6fdad48-5745-4acd-8132-622988eb1603:192.168.5.148:33283, a05b4b97-0b18-4776-a1dd-8f128fadc53a:192.168.5.148:35009, 29620711-3f46-457a-8151-219e63eed2d2:192.168.5.148:46161], old=null
2019-09-24 19:02:00,790 [d6fdad48-5745-4acd-8132-622988eb1603@group-2B1DF545E51A:LeaderElection32] INFO  impl.LeaderElection (LogUtils.java:infoOrTrace(149)) -   Exception 0: {}
java.util.concurrent.ExecutionException: org.apache.ratis.thirdparty.io.grpc.StatusRuntimeException: UNAVAILABLE: io exception
	at java.util.concurrent.FutureTask.report(FutureTask.java:122)
	at java.util.concurrent.FutureTask.get(FutureTask.java:192)
	at org.apache.ratis.server.impl.LeaderElection.waitForResults(LeaderElection.java:263)
	at org.apache.ratis.server.impl.LeaderElection.askForVotes(LeaderElection.java:201)
	at org.apache.ratis.server.impl.LeaderElection.run(LeaderElection.java:133)
	at java.lang.Thread.run(Thread.java:748)
Caused by: org.apache.ratis.thirdparty.io.grpc.StatusRuntimeException: UNAVAILABLE: io exception
	at org.apache.ratis.thirdparty.io.grpc.stub.ClientCalls.toStatusRuntimeException(ClientCalls.java:233)
	at org.apache.ratis.thirdparty.io.grpc.stub.ClientCalls.getUnchecked(ClientCalls.java:214)
	at org.apache.ratis.thirdparty.io.grpc.stub.ClientCalls.blockingUnaryCall(ClientCalls.java:139)
	at org.apache.ratis.proto.grpc.RaftServerProtocolServiceGrpc$RaftServerProtocolServiceBlockingStub.requestVote(RaftServerProtocolServiceGrpc.java:265)
	at org.apache.ratis.grpc.server.GrpcServerProtocolClient.requestVote(GrpcServerProtocolClient.java:90)
	at org.apache.ratis.grpc.server.GrpcService.requestVote(GrpcService.java:204)
	at org.apache.ratis.server.impl.LeaderElection.lambda$submitRequests$1(LeaderElection.java:238)
	at java.util.concurrent.FutureTask.run(FutureTask.java:266)
	at java.util.concurrent.Executors$RunnableAdapter.call(Executors.java:511)
	at java.util.concurrent.FutureTask.run(FutureTask.java:266)
	at java.util.concurrent.ThreadPoolExecutor.runWorker(ThreadPoolExecutor.java:1149)
	at java.util.concurrent.ThreadPoolExecutor$Worker.run(ThreadPoolExecutor.java:624)
	... 1 more
Caused by: org.apache.ratis.thirdparty.io.netty.channel.AbstractChannel$AnnotatedConnectException: Connection refused: /192.168.5.148:35009
	at sun.nio.ch.SocketChannelImpl.checkConnect(Native Method)
	at sun.nio.ch.SocketChannelImpl.finishConnect(SocketChannelImpl.java:717)
	at org.apache.ratis.thirdparty.io.netty.channel.socket.nio.NioSocketChannel.doFinishConnect(NioSocketChannel.java:327)
	at org.apache.ratis.thirdparty.io.netty.channel.nio.AbstractNioChannel$AbstractNioUnsafe.finishConnect(AbstractNioChannel.java:340)
	at org.apache.ratis.thirdparty.io.netty.channel.nio.NioEventLoop.processSelectedKey(NioEventLoop.java:632)
	at org.apache.ratis.thirdparty.io.netty.channel.nio.NioEventLoop.processSelectedKeysOptimized(NioEventLoop.java:579)
	at org.apache.ratis.thirdparty.io.netty.channel.nio.NioEventLoop.processSelectedKeys(NioEventLoop.java:496)
	at org.apache.ratis.thirdparty.io.netty.channel.nio.NioEventLoop.run(NioEventLoop.java:458)
	at org.apache.ratis.thirdparty.io.netty.util.concurrent.SingleThreadEventExecutor$5.run(SingleThreadEventExecutor.java:897)
	at org.apache.ratis.thirdparty.io.netty.util.concurrent.FastThreadLocalRunnable.run(FastThreadLocalRunnable.java:30)
	... 1 more
Caused by: java.net.ConnectException: Connection refused
	... 11 more
2019-09-24 19:02:00,791 [d6fdad48-5745-4acd-8132-622988eb1603@group-2B1DF545E51A:LeaderElection32] INFO  impl.LeaderElection (LogUtils.java:infoOrTrace(149)) -   Exception 1: {}
java.util.concurrent.ExecutionException: org.apache.ratis.thirdparty.io.grpc.StatusRuntimeException: UNAVAILABLE: io exception
	at java.util.concurrent.FutureTask.report(FutureTask.java:122)
	at java.util.concurrent.FutureTask.get(FutureTask.java:192)
	at org.apache.ratis.server.impl.LeaderElection.waitForResults(LeaderElection.java:263)
	at org.apache.ratis.server.impl.LeaderElection.askForVotes(LeaderElection.java:201)
	at org.apache.ratis.server.impl.LeaderElection.run(LeaderElection.java:133)
	at java.lang.Thread.run(Thread.java:748)
Caused by: org.apache.ratis.thirdparty.io.grpc.StatusRuntimeException: UNAVAILABLE: io exception
	at org.apache.ratis.thirdparty.io.grpc.stub.ClientCalls.toStatusRuntimeException(ClientCalls.java:233)
	at org.apache.ratis.thirdparty.io.grpc.stub.ClientCalls.getUnchecked(ClientCalls.java:214)
	at org.apache.ratis.thirdparty.io.grpc.stub.ClientCalls.blockingUnaryCall(ClientCalls.java:139)
	at org.apache.ratis.proto.grpc.RaftServerProtocolServiceGrpc$RaftServerProtocolServiceBlockingStub.requestVote(RaftServerProtocolServiceGrpc.java:265)
	at org.apache.ratis.grpc.server.GrpcServerProtocolClient.requestVote(GrpcServerProtocolClient.java:90)
	at org.apache.ratis.grpc.server.GrpcService.requestVote(GrpcService.java:204)
	at org.apache.ratis.server.impl.LeaderElection.lambda$submitRequests$1(LeaderElection.java:238)
	at java.util.concurrent.FutureTask.run(FutureTask.java:266)
	at java.util.concurrent.Executors$RunnableAdapter.call(Executors.java:511)
	at java.util.concurrent.FutureTask.run(FutureTask.java:266)
	at java.util.concurrent.ThreadPoolExecutor.runWorker(ThreadPoolExecutor.java:1149)
	at java.util.concurrent.ThreadPoolExecutor$Worker.run(ThreadPoolExecutor.java:624)
	... 1 more
Caused by: org.apache.ratis.thirdparty.io.netty.channel.AbstractChannel$AnnotatedConnectException: Connection refused: /192.168.5.148:46161
	at sun.nio.ch.SocketChannelImpl.checkConnect(Native Method)
	at sun.nio.ch.SocketChannelImpl.finishConnect(SocketChannelImpl.java:717)
	at org.apache.ratis.thirdparty.io.netty.channel.socket.nio.NioSocketChannel.doFinishConnect(NioSocketChannel.java:327)
	at org.apache.ratis.thirdparty.io.netty.channel.nio.AbstractNioChannel$AbstractNioUnsafe.finishConnect(AbstractNioChannel.java:340)
	at org.apache.ratis.thirdparty.io.netty.channel.nio.NioEventLoop.processSelectedKey(NioEventLoop.java:632)
	at org.apache.ratis.thirdparty.io.netty.channel.nio.NioEventLoop.processSelectedKeysOptimized(NioEventLoop.java:579)
	at org.apache.ratis.thirdparty.io.netty.channel.nio.NioEventLoop.processSelectedKeys(NioEventLoop.java:496)
	at org.apache.ratis.thirdparty.io.netty.channel.nio.NioEventLoop.run(NioEventLoop.java:458)
	at org.apache.ratis.thirdparty.io.netty.util.concurrent.SingleThreadEventExecutor$5.run(SingleThreadEventExecutor.java:897)
	at org.apache.ratis.thirdparty.io.netty.util.concurrent.FastThreadLocalRunnable.run(FastThreadLocalRunnable.java:30)
	... 1 more
Caused by: java.net.ConnectException: Connection refused
	... 11 more
2019-09-24 19:02:00,791 [d6fdad48-5745-4acd-8132-622988eb1603@group-2B1DF545E51A:LeaderElection32] INFO  impl.RaftServerImpl (RaftServerImpl.java:setRole(174)) - d6fdad48-5745-4acd-8132-622988eb1603@group-2B1DF545E51A: changes role from CANDIDATE to FOLLOWER at term 13 for DISCOVERED_A_NEW_TERM
2019-09-24 19:02:00,791 [d6fdad48-5745-4acd-8132-622988eb1603@group-2B1DF545E51A:LeaderElection32] INFO  impl.RoleInfo (RoleInfo.java:shutdownLeaderElection(134)) - d6fdad48-5745-4acd-8132-622988eb1603: shutdown LeaderElection
2019-09-24 19:02:00,791 [d6fdad48-5745-4acd-8132-622988eb1603@group-2B1DF545E51A:LeaderElection32] INFO  impl.RoleInfo (RoleInfo.java:updateAndGet(143)) - d6fdad48-5745-4acd-8132-622988eb1603: start FollowerState
2019-09-24 19:02:00,881 [grpc-default-executor-6] WARN  server.GrpcLogAppender (GrpcLogAppender.java:onNextImpl(251)) - 75e06a4b-10ed-49e3-a0f4-39d0cf919ed9@group-338C40DB937D->01d7623e-fce0-4300-8f15-4bc2097938ef-AppendLogResponseHandler: Request not found, ignoring reply: 75e06a4b-10ed-49e3-a0f4-39d0cf919ed9<-01d7623e-fce0-4300-8f15-4bc2097938ef#108:OK,SUCCESS,nextIndex:4,term:1,followerCommit:2
2019-09-24 19:02:00,881 [grpc-default-executor-3] WARN  server.GrpcLogAppender (GrpcLogAppender.java:onNextImpl(251)) - 75e06a4b-10ed-49e3-a0f4-39d0cf919ed9@group-338C40DB937D->c0a619e5-2907-4353-abbd-f6fb1099a46d-AppendLogResponseHandler: Request not found, ignoring reply: 75e06a4b-10ed-49e3-a0f4-39d0cf919ed9<-c0a619e5-2907-4353-abbd-f6fb1099a46d#108:OK,SUCCESS,nextIndex:4,term:1,followerCommit:2
2019-09-24 19:02:01,236 [java.util.concurrent.ThreadPoolExecutor$Worker@5b3d687a[State = -1, empty queue]] WARN  server.GrpcLogAppender (GrpcLogAppender.java:timeoutAppendRequest(200)) - 75e06a4b-10ed-49e3-a0f4-39d0cf919ed9@group-338C40DB937D->c0a619e5-2907-4353-abbd-f6fb1099a46d-GrpcLogAppender: appendEntries Timeout, request=75e06a4b-10ed-49e3-a0f4-39d0cf919ed9->c0a619e5-2907-4353-abbd-f6fb1099a46d#115-t1, previous=(t:1, i:5), leaderCommit=2, initializing? false, entries: <empty>
2019-09-24 19:02:01,236 [java.util.concurrent.ThreadPoolExecutor$Worker@6db46767[State = -1, empty queue]] WARN  server.GrpcLogAppender (GrpcLogAppender.java:timeoutAppendRequest(200)) - 75e06a4b-10ed-49e3-a0f4-39d0cf919ed9@group-338C40DB937D->01d7623e-fce0-4300-8f15-4bc2097938ef-GrpcLogAppender: appendEntries Timeout, request=75e06a4b-10ed-49e3-a0f4-39d0cf919ed9->01d7623e-fce0-4300-8f15-4bc2097938ef#115-t1, previous=(t:1, i:5), leaderCommit=2, initializing? false, entries: <empty>
2019-09-24 19:02:01,737 [java.util.concurrent.ThreadPoolExecutor$Worker@5b3d687a[State = -1, empty queue]] WARN  server.GrpcLogAppender (GrpcLogAppender.java:timeoutAppendRequest(200)) - 75e06a4b-10ed-49e3-a0f4-39d0cf919ed9@group-338C40DB937D->c0a619e5-2907-4353-abbd-f6fb1099a46d-GrpcLogAppender: appendEntries Timeout, request=75e06a4b-10ed-49e3-a0f4-39d0cf919ed9->c0a619e5-2907-4353-abbd-f6fb1099a46d#116-t1, previous=(t:1, i:5), leaderCommit=2, initializing? false, entries: <empty>
2019-09-24 19:02:01,737 [java.util.concurrent.ThreadPoolExecutor$Worker@6db46767[State = -1, empty queue]] WARN  server.GrpcLogAppender (GrpcLogAppender.java:timeoutAppendRequest(200)) - 75e06a4b-10ed-49e3-a0f4-39d0cf919ed9@group-338C40DB937D->01d7623e-fce0-4300-8f15-4bc2097938ef-GrpcLogAppender: appendEntries Timeout, request=75e06a4b-10ed-49e3-a0f4-39d0cf919ed9->01d7623e-fce0-4300-8f15-4bc2097938ef#116-t1, previous=(t:1, i:5), leaderCommit=2, initializing? false, entries: <empty>
2019-09-24 19:02:01,943 [Thread-1042] INFO  impl.FollowerState (FollowerState.java:run(106)) - d6fdad48-5745-4acd-8132-622988eb1603:group-2B1DF545E51A changes to CANDIDATE, lastRpcTime:1151, electionTimeout:1151ms
2019-09-24 19:02:01,943 [Thread-1042] INFO  impl.RoleInfo (RoleInfo.java:shutdownFollowerState(121)) - d6fdad48-5745-4acd-8132-622988eb1603: shutdown FollowerState
2019-09-24 19:02:01,944 [Thread-1042] INFO  impl.RaftServerImpl (RaftServerImpl.java:setRole(174)) - d6fdad48-5745-4acd-8132-622988eb1603@group-2B1DF545E51A: changes role from  FOLLOWER to CANDIDATE at term 13 for changeToCandidate
2019-09-24 19:02:01,944 [Thread-1042] INFO  impl.RoleInfo (RoleInfo.java:updateAndGet(143)) - d6fdad48-5745-4acd-8132-622988eb1603: start LeaderElection
2019-09-24 19:02:02,238 [java.util.concurrent.ThreadPoolExecutor$Worker@5b3d687a[State = -1, empty queue]] WARN  server.GrpcLogAppender (GrpcLogAppender.java:timeoutAppendRequest(200)) - 75e06a4b-10ed-49e3-a0f4-39d0cf919ed9@group-338C40DB937D->c0a619e5-2907-4353-abbd-f6fb1099a46d-GrpcLogAppender: appendEntries Timeout, request=75e06a4b-10ed-49e3-a0f4-39d0cf919ed9->c0a619e5-2907-4353-abbd-f6fb1099a46d#117-t1, previous=(t:1, i:5), leaderCommit=2, initializing? false, entries: <empty>
2019-09-24 19:02:02,238 [java.util.concurrent.ThreadPoolExecutor$Worker@6db46767[State = -1, empty queue]] WARN  server.GrpcLogAppender (GrpcLogAppender.java:timeoutAppendRequest(200)) - 75e06a4b-10ed-49e3-a0f4-39d0cf919ed9@group-338C40DB937D->01d7623e-fce0-4300-8f15-4bc2097938ef-GrpcLogAppender: appendEntries Timeout, request=75e06a4b-10ed-49e3-a0f4-39d0cf919ed9->01d7623e-fce0-4300-8f15-4bc2097938ef#117-t1, previous=(t:1, i:5), leaderCommit=2, initializing? false, entries: <empty>
2019-09-24 19:02:02,738 [java.util.concurrent.ThreadPoolExecutor$Worker@6db46767[State = -1, empty queue]] WARN  server.GrpcLogAppender (GrpcLogAppender.java:timeoutAppendRequest(200)) - 75e06a4b-10ed-49e3-a0f4-39d0cf919ed9@group-338C40DB937D->01d7623e-fce0-4300-8f15-4bc2097938ef-GrpcLogAppender: appendEntries Timeout, request=75e06a4b-10ed-49e3-a0f4-39d0cf919ed9->01d7623e-fce0-4300-8f15-4bc2097938ef#118-t1, previous=(t:1, i:5), leaderCommit=2, initializing? false, entries: <empty>
2019-09-24 19:02:02,738 [java.util.concurrent.ThreadPoolExecutor$Worker@5b3d687a[State = -1, empty queue]] WARN  server.GrpcLogAppender (GrpcLogAppender.java:timeoutAppendRequest(200)) - 75e06a4b-10ed-49e3-a0f4-39d0cf919ed9@group-338C40DB937D->c0a619e5-2907-4353-abbd-f6fb1099a46d-GrpcLogAppender: appendEntries Timeout, request=75e06a4b-10ed-49e3-a0f4-39d0cf919ed9->c0a619e5-2907-4353-abbd-f6fb1099a46d#118-t1, previous=(t:1, i:5), leaderCommit=2, initializing? false, entries: <empty>
2019-09-24 19:02:03,239 [java.util.concurrent.ThreadPoolExecutor$Worker@5b3d687a[State = -1, empty queue]] WARN  server.GrpcLogAppender (GrpcLogAppender.java:timeoutAppendRequest(200)) - 75e06a4b-10ed-49e3-a0f4-39d0cf919ed9@group-338C40DB937D->c0a619e5-2907-4353-abbd-f6fb1099a46d-GrpcLogAppender: appendEntries Timeout, request=75e06a4b-10ed-49e3-a0f4-39d0cf919ed9->c0a619e5-2907-4353-abbd-f6fb1099a46d#119-t1, previous=(t:1, i:5), leaderCommit=2, initializing? false, entries: <empty>
2019-09-24 19:02:03,239 [java.util.concurrent.ThreadPoolExecutor$Worker@6db46767[State = -1, empty queue]] WARN  server.GrpcLogAppender (GrpcLogAppender.java:timeoutAppendRequest(200)) - 75e06a4b-10ed-49e3-a0f4-39d0cf919ed9@group-338C40DB937D->01d7623e-fce0-4300-8f15-4bc2097938ef-GrpcLogAppender: appendEntries Timeout, request=75e06a4b-10ed-49e3-a0f4-39d0cf919ed9->01d7623e-fce0-4300-8f15-4bc2097938ef#119-t1, previous=(t:1, i:5), leaderCommit=2, initializing? false, entries: <empty>
2019-09-24 19:02:03,740 [java.util.concurrent.ThreadPoolExecutor$Worker@6db46767[State = -1, empty queue]] WARN  server.GrpcLogAppender (GrpcLogAppender.java:timeoutAppendRequest(200)) - 75e06a4b-10ed-49e3-a0f4-39d0cf919ed9@group-338C40DB937D->01d7623e-fce0-4300-8f15-4bc2097938ef-GrpcLogAppender: appendEntries Timeout, request=75e06a4b-10ed-49e3-a0f4-39d0cf919ed9->01d7623e-fce0-4300-8f15-4bc2097938ef#120-t1, previous=(t:1, i:5), leaderCommit=2, initializing? false, entries: <empty>
2019-09-24 19:02:03,740 [java.util.concurrent.ThreadPoolExecutor$Worker@5b3d687a[State = -1, empty queue]] WARN  server.GrpcLogAppender (GrpcLogAppender.java:timeoutAppendRequest(200)) - 75e06a4b-10ed-49e3-a0f4-39d0cf919ed9@group-338C40DB937D->c0a619e5-2907-4353-abbd-f6fb1099a46d-GrpcLogAppender: appendEntries Timeout, request=75e06a4b-10ed-49e3-a0f4-39d0cf919ed9->c0a619e5-2907-4353-abbd-f6fb1099a46d#120-t1, previous=(t:1, i:5), leaderCommit=2, initializing? false, entries: <empty>
2019-09-24 19:02:04,382 [java.util.concurrent.ThreadPoolExecutor$Worker@5b3d687a[State = -1, empty queue]] WARN  server.GrpcLogAppender (GrpcLogAppender.java:timeoutAppendRequest(200)) - 75e06a4b-10ed-49e3-a0f4-39d0cf919ed9@group-338C40DB937D->c0a619e5-2907-4353-abbd-f6fb1099a46d-GrpcLogAppender: appendEntries Timeout, request=75e06a4b-10ed-49e3-a0f4-39d0cf919ed9->c0a619e5-2907-4353-abbd-f6fb1099a46d#121-t1, previous=(t:1, i:5), leaderCommit=2, initializing? false, entries: <empty>
2019-09-24 19:02:04,382 [java.util.concurrent.ThreadPoolExecutor$Worker@6db46767[State = -1, empty queue]] WARN  server.GrpcLogAppender (GrpcLogAppender.java:timeoutAppendRequest(200)) - 75e06a4b-10ed-49e3-a0f4-39d0cf919ed9@group-338C40DB937D->01d7623e-fce0-4300-8f15-4bc2097938ef-GrpcLogAppender: appendEntries Timeout, request=75e06a4b-10ed-49e3-a0f4-39d0cf919ed9->01d7623e-fce0-4300-8f15-4bc2097938ef#121-t1, previous=(t:1, i:5), leaderCommit=2, initializing? false, entries: <empty>
2019-09-24 19:02:04,882 [java.util.concurrent.ThreadPoolExecutor$Worker@5b3d687a[State = -1, empty queue]] WARN  server.GrpcLogAppender (GrpcLogAppender.java:timeoutAppendRequest(200)) - 75e06a4b-10ed-49e3-a0f4-39d0cf919ed9@group-338C40DB937D->c0a619e5-2907-4353-abbd-f6fb1099a46d-GrpcLogAppender: appendEntries Timeout, request=75e06a4b-10ed-49e3-a0f4-39d0cf919ed9->c0a619e5-2907-4353-abbd-f6fb1099a46d#122-t1, previous=(t:1, i:5), leaderCommit=2, initializing? false, entries: <empty>
2019-09-24 19:02:04,882 [java.util.concurrent.ThreadPoolExecutor$Worker@6db46767[State = -1, empty queue]] WARN  server.GrpcLogAppender (GrpcLogAppender.java:timeoutAppendRequest(200)) - 75e06a4b-10ed-49e3-a0f4-39d0cf919ed9@group-338C40DB937D->01d7623e-fce0-4300-8f15-4bc2097938ef-GrpcLogAppender: appendEntries Timeout, request=75e06a4b-10ed-49e3-a0f4-39d0cf919ed9->01d7623e-fce0-4300-8f15-4bc2097938ef#122-t1, previous=(t:1, i:5), leaderCommit=2, initializing? false, entries: <empty>
2019-09-24 19:02:05,383 [java.util.concurrent.ThreadPoolExecutor$Worker@6db46767[State = -1, empty queue]] WARN  server.GrpcLogAppender (GrpcLogAppender.java:timeoutAppendRequest(200)) - 75e06a4b-10ed-49e3-a0f4-39d0cf919ed9@group-338C40DB937D->01d7623e-fce0-4300-8f15-4bc2097938ef-GrpcLogAppender: appendEntries Timeout, request=75e06a4b-10ed-49e3-a0f4-39d0cf919ed9->01d7623e-fce0-4300-8f15-4bc2097938ef#123-t1, previous=(t:1, i:5), leaderCommit=2, initializing? false, entries: <empty>
2019-09-24 19:02:05,383 [java.util.concurrent.ThreadPoolExecutor$Worker@5b3d687a[State = -1, empty queue]] WARN  server.GrpcLogAppender (GrpcLogAppender.java:timeoutAppendRequest(200)) - 75e06a4b-10ed-49e3-a0f4-39d0cf919ed9@group-338C40DB937D->c0a619e5-2907-4353-abbd-f6fb1099a46d-GrpcLogAppender: appendEntries Timeout, request=75e06a4b-10ed-49e3-a0f4-39d0cf919ed9->c0a619e5-2907-4353-abbd-f6fb1099a46d#123-t1, previous=(t:1, i:5), leaderCommit=2, initializing? false, entries: <empty>
2019-09-24 19:02:05,699 [grpc-default-executor-6] WARN  server.GrpcLogAppender (GrpcLogAppender.java:onNextImpl(251)) - 75e06a4b-10ed-49e3-a0f4-39d0cf919ed9@group-338C40DB937D->01d7623e-fce0-4300-8f15-4bc2097938ef-AppendLogResponseHandler: Request not found, ignoring reply: 75e06a4b-10ed-49e3-a0f4-39d0cf919ed9<-01d7623e-fce0-4300-8f15-4bc2097938ef#109:OK,SUCCESS,nextIndex:5,term:1,followerCommit:2
2019-09-24 19:02:05,699 [grpc-default-executor-6] WARN  server.GrpcLogAppender (GrpcLogAppender.java:onNextImpl(251)) - 75e06a4b-10ed-49e3-a0f4-39d0cf919ed9@group-338C40DB937D->01d7623e-fce0-4300-8f15-4bc2097938ef-AppendLogResponseHandler: Request not found, ignoring reply: 75e06a4b-10ed-49e3-a0f4-39d0cf919ed9<-01d7623e-fce0-4300-8f15-4bc2097938ef#110:OK,SUCCESS,nextIndex:6,term:1,followerCommit:2
2019-09-24 19:02:05,700 [grpc-default-executor-6] WARN  server.GrpcLogAppender (GrpcLogAppender.java:onNextImpl(251)) - 75e06a4b-10ed-49e3-a0f4-39d0cf919ed9@group-338C40DB937D->01d7623e-fce0-4300-8f15-4bc2097938ef-AppendLogResponseHandler: Request not found, ignoring reply: 75e06a4b-10ed-49e3-a0f4-39d0cf919ed9<-01d7623e-fce0-4300-8f15-4bc2097938ef#111:OK,SUCCESS,nextIndex:6,term:1,followerCommit:2
2019-09-24 19:02:05,700 [d6fdad48-5745-4acd-8132-622988eb1603@group-2B1DF545E51A:LeaderElection33] INFO  impl.LeaderElection (LeaderElection.java:askForVotes(182)) - d6fdad48-5745-4acd-8132-622988eb1603@group-2B1DF545E51A:LeaderElection33: begin an election at term 14 for 0: [d6fdad48-5745-4acd-8132-622988eb1603:192.168.5.148:33283, a05b4b97-0b18-4776-a1dd-8f128fadc53a:192.168.5.148:35009, 29620711-3f46-457a-8151-219e63eed2d2:192.168.5.148:46161], old=null
2019-09-24 19:02:05,700 [grpc-default-executor-6] WARN  server.GrpcLogAppender (GrpcLogAppender.java:onNextImpl(251)) - 75e06a4b-10ed-49e3-a0f4-39d0cf919ed9@group-338C40DB937D->01d7623e-fce0-4300-8f15-4bc2097938ef-AppendLogResponseHandler: Request not found, ignoring reply: 75e06a4b-10ed-49e3-a0f4-39d0cf919ed9<-01d7623e-fce0-4300-8f15-4bc2097938ef#112:OK,SUCCESS,nextIndex:6,term:1,followerCommit:2
2019-09-24 19:02:05,700 [grpc-default-executor-6] WARN  server.GrpcLogAppender (GrpcLogAppender.java:onNextImpl(251)) - 75e06a4b-10ed-49e3-a0f4-39d0cf919ed9@group-338C40DB937D->01d7623e-fce0-4300-8f15-4bc2097938ef-AppendLogResponseHandler: Request not found, ignoring reply: 75e06a4b-10ed-49e3-a0f4-39d0cf919ed9<-01d7623e-fce0-4300-8f15-4bc2097938ef#113:OK,SUCCESS,nextIndex:6,term:1,followerCommit:2
2019-09-24 19:02:05,701 [grpc-default-executor-6] WARN  server.GrpcLogAppender (GrpcLogAppender.java:onNextImpl(251)) - 75e06a4b-10ed-49e3-a0f4-39d0cf919ed9@group-338C40DB937D->01d7623e-fce0-4300-8f15-4bc2097938ef-AppendLogResponseHandler: Request not found, ignoring reply: 75e06a4b-10ed-49e3-a0f4-39d0cf919ed9<-01d7623e-fce0-4300-8f15-4bc2097938ef#114:OK,SUCCESS,nextIndex:6,term:1,followerCommit:2
2019-09-24 19:02:05,701 [grpc-default-executor-6] WARN  server.GrpcLogAppender (GrpcLogAppender.java:onNextImpl(251)) - 75e06a4b-10ed-49e3-a0f4-39d0cf919ed9@group-338C40DB937D->01d7623e-fce0-4300-8f15-4bc2097938ef-AppendLogResponseHandler: Request not found, ignoring reply: 75e06a4b-10ed-49e3-a0f4-39d0cf919ed9<-01d7623e-fce0-4300-8f15-4bc2097938ef#115:OK,SUCCESS,nextIndex:6,term:1,followerCommit:2
2019-09-24 19:02:05,701 [grpc-default-executor-6] WARN  server.GrpcLogAppender (GrpcLogAppender.java:onNextImpl(251)) - 75e06a4b-10ed-49e3-a0f4-39d0cf919ed9@group-338C40DB937D->01d7623e-fce0-4300-8f15-4bc2097938ef-AppendLogResponseHandler: Request not found, ignoring reply: 75e06a4b-10ed-49e3-a0f4-39d0cf919ed9<-01d7623e-fce0-4300-8f15-4bc2097938ef#116:OK,SUCCESS,nextIndex:6,term:1,followerCommit:2
2019-09-24 19:02:05,702 [grpc-default-executor-6] WARN  server.GrpcLogAppender (GrpcLogAppender.java:onNextImpl(251)) - 75e06a4b-10ed-49e3-a0f4-39d0cf919ed9@group-338C40DB937D->01d7623e-fce0-4300-8f15-4bc2097938ef-AppendLogResponseHandler: Request not found, ignoring reply: 75e06a4b-10ed-49e3-a0f4-39d0cf919ed9<-01d7623e-fce0-4300-8f15-4bc2097938ef#117:OK,SUCCESS,nextIndex:6,term:1,followerCommit:2
2019-09-24 19:02:05,702 [grpc-default-executor-6] WARN  server.GrpcLogAppender (GrpcLogAppender.java:onNextImpl(251)) - 75e06a4b-10ed-49e3-a0f4-39d0cf919ed9@group-338C40DB937D->01d7623e-fce0-4300-8f15-4bc2097938ef-AppendLogResponseHandler: Request not found, ignoring reply: 75e06a4b-10ed-49e3-a0f4-39d0cf919ed9<-01d7623e-fce0-4300-8f15-4bc2097938ef#118:OK,SUCCESS,nextIndex:6,term:1,followerCommit:2
2019-09-24 19:02:05,702 [d6fdad48-5745-4acd-8132-622988eb1603@group-2B1DF545E51A:LeaderElection33] INFO  impl.LeaderElection (LogUtils.java:infoOrTrace(149)) - d6fdad48-5745-4acd-8132-622988eb1603@group-2B1DF545E51A:LeaderElection33 got exception when requesting votes: {}
java.util.concurrent.ExecutionException: org.apache.ratis.thirdparty.io.grpc.StatusRuntimeException: UNAVAILABLE: io exception
	at java.util.concurrent.FutureTask.report(FutureTask.java:122)
	at java.util.concurrent.FutureTask.get(FutureTask.java:192)
	at org.apache.ratis.server.impl.LeaderElection.waitForResults(LeaderElection.java:263)
	at org.apache.ratis.server.impl.LeaderElection.askForVotes(LeaderElection.java:201)
	at org.apache.ratis.server.impl.LeaderElection.run(LeaderElection.java:133)
	at java.lang.Thread.run(Thread.java:748)
Caused by: org.apache.ratis.thirdparty.io.grpc.StatusRuntimeException: UNAVAILABLE: io exception
	at org.apache.ratis.thirdparty.io.grpc.stub.ClientCalls.toStatusRuntimeException(ClientCalls.java:233)
	at org.apache.ratis.thirdparty.io.grpc.stub.ClientCalls.getUnchecked(ClientCalls.java:214)
	at org.apache.ratis.thirdparty.io.grpc.stub.ClientCalls.blockingUnaryCall(ClientCalls.java:139)
	at org.apache.ratis.proto.grpc.RaftServerProtocolServiceGrpc$RaftServerProtocolServiceBlockingStub.requestVote(RaftServerProtocolServiceGrpc.java:265)
	at org.apache.ratis.grpc.server.GrpcServerProtocolClient.requestVote(GrpcServerProtocolClient.java:90)
	at org.apache.ratis.grpc.server.GrpcService.requestVote(GrpcService.java:204)
	at org.apache.ratis.server.impl.LeaderElection.lambda$submitRequests$1(LeaderElection.java:238)
	at java.util.concurrent.FutureTask.run(FutureTask.java:266)
	at java.util.concurrent.Executors$RunnableAdapter.call(Executors.java:511)
	at java.util.concurrent.FutureTask.run(FutureTask.java:266)
	at java.util.concurrent.ThreadPoolExecutor.runWorker(ThreadPoolExecutor.java:1149)
	at java.util.concurrent.ThreadPoolExecutor$Worker.run(ThreadPoolExecutor.java:624)
	... 1 more
Caused by: org.apache.ratis.thirdparty.io.netty.channel.AbstractChannel$AnnotatedConnectException: Connection refused: /192.168.5.148:35009
	at sun.nio.ch.SocketChannelImpl.checkConnect(Native Method)
	at sun.nio.ch.SocketChannelImpl.finishConnect(SocketChannelImpl.java:717)
	at org.apache.ratis.thirdparty.io.netty.channel.socket.nio.NioSocketChannel.doFinishConnect(NioSocketChannel.java:327)
	at org.apache.ratis.thirdparty.io.netty.channel.nio.AbstractNioChannel$AbstractNioUnsafe.finishConnect(AbstractNioChannel.java:340)
	at org.apache.ratis.thirdparty.io.netty.channel.nio.NioEventLoop.processSelectedKey(NioEventLoop.java:632)
	at org.apache.ratis.thirdparty.io.netty.channel.nio.NioEventLoop.processSelectedKeysOptimized(NioEventLoop.java:579)
	at org.apache.ratis.thirdparty.io.netty.channel.nio.NioEventLoop.processSelectedKeys(NioEventLoop.java:496)
	at org.apache.ratis.thirdparty.io.netty.channel.nio.NioEventLoop.run(NioEventLoop.java:458)
	at org.apache.ratis.thirdparty.io.netty.util.concurrent.SingleThreadEventExecutor$5.run(SingleThreadEventExecutor.java:897)
	at org.apache.ratis.thirdparty.io.netty.util.concurrent.FastThreadLocalRunnable.run(FastThreadLocalRunnable.java:30)
	... 1 more
Caused by: java.net.ConnectException: Connection refused
	... 11 more
2019-09-24 19:02:05,702 [grpc-default-executor-6] WARN  server.GrpcLogAppender (GrpcLogAppender.java:onNextImpl(251)) - 75e06a4b-10ed-49e3-a0f4-39d0cf919ed9@group-338C40DB937D->01d7623e-fce0-4300-8f15-4bc2097938ef-AppendLogResponseHandler: Request not found, ignoring reply: 75e06a4b-10ed-49e3-a0f4-39d0cf919ed9<-01d7623e-fce0-4300-8f15-4bc2097938ef#119:OK,SUCCESS,nextIndex:6,term:1,followerCommit:2
2019-09-24 19:02:05,708 [d6fdad48-5745-4acd-8132-622988eb1603@group-2B1DF545E51A:LeaderElection33] INFO  impl.LeaderElection (LogUtils.java:infoOrTrace(149)) - d6fdad48-5745-4acd-8132-622988eb1603@group-2B1DF545E51A:LeaderElection33 got exception when requesting votes: {}
java.util.concurrent.ExecutionException: org.apache.ratis.thirdparty.io.grpc.StatusRuntimeException: UNAVAILABLE: io exception
	at java.util.concurrent.FutureTask.report(FutureTask.java:122)
	at java.util.concurrent.FutureTask.get(FutureTask.java:192)
	at org.apache.ratis.server.impl.LeaderElection.waitForResults(LeaderElection.java:263)
	at org.apache.ratis.server.impl.LeaderElection.askForVotes(LeaderElection.java:201)
	at org.apache.ratis.server.impl.LeaderElection.run(LeaderElection.java:133)
	at java.lang.Thread.run(Thread.java:748)
Caused by: org.apache.ratis.thirdparty.io.grpc.StatusRuntimeException: UNAVAILABLE: io exception
	at org.apache.ratis.thirdparty.io.grpc.stub.ClientCalls.toStatusRuntimeException(ClientCalls.java:233)
	at org.apache.ratis.thirdparty.io.grpc.stub.ClientCalls.getUnchecked(ClientCalls.java:214)
	at org.apache.ratis.thirdparty.io.grpc.stub.ClientCalls.blockingUnaryCall(ClientCalls.java:139)
	at org.apache.ratis.proto.grpc.RaftServerProtocolServiceGrpc$RaftServerProtocolServiceBlockingStub.requestVote(RaftServerProtocolServiceGrpc.java:265)
	at org.apache.ratis.grpc.server.GrpcServerProtocolClient.requestVote(GrpcServerProtocolClient.java:90)
	at org.apache.ratis.grpc.server.GrpcService.requestVote(GrpcService.java:204)
	at org.apache.ratis.server.impl.LeaderElection.lambda$submitRequests$1(LeaderElection.java:238)
	at java.util.concurrent.FutureTask.run(FutureTask.java:266)
	at java.util.concurrent.Executors$RunnableAdapter.call(Executors.java:511)
	at java.util.concurrent.FutureTask.run(FutureTask.java:266)
	at java.util.concurrent.ThreadPoolExecutor.runWorker(ThreadPoolExecutor.java:1149)
	at java.util.concurrent.ThreadPoolExecutor$Worker.run(ThreadPoolExecutor.java:624)
	... 1 more
Caused by: org.apache.ratis.thirdparty.io.netty.channel.AbstractChannel$AnnotatedConnectException: Connection refused: /192.168.5.148:46161
	at sun.nio.ch.SocketChannelImpl.checkConnect(Native Method)
	at sun.nio.ch.SocketChannelImpl.finishConnect(SocketChannelImpl.java:717)
	at org.apache.ratis.thirdparty.io.netty.channel.socket.nio.NioSocketChannel.doFinishConnect(NioSocketChannel.java:327)
	at org.apache.ratis.thirdparty.io.netty.channel.nio.AbstractNioChannel$AbstractNioUnsafe.finishConnect(AbstractNioChannel.java:340)
	at org.apache.ratis.thirdparty.io.netty.channel.nio.NioEventLoop.processSelectedKey(NioEventLoop.java:632)
	at org.apache.ratis.thirdparty.io.netty.channel.nio.NioEventLoop.processSelectedKeysOptimized(NioEventLoop.java:579)
	at org.apache.ratis.thirdparty.io.netty.channel.nio.NioEventLoop.processSelectedKeys(NioEventLoop.java:496)
	at org.apache.ratis.thirdparty.io.netty.channel.nio.NioEventLoop.run(NioEventLoop.java:458)
	at org.apache.ratis.thirdparty.io.netty.util.concurrent.SingleThreadEventExecutor$5.run(SingleThreadEventExecutor.java:897)
	at org.apache.ratis.thirdparty.io.netty.util.concurrent.FastThreadLocalRunnable.run(FastThreadLocalRunnable.java:30)
	... 1 more
Caused by: java.net.ConnectException: Connection refused
	... 11 more
2019-09-24 19:02:05,709 [grpc-default-executor-6] WARN  server.GrpcLogAppender (GrpcLogAppender.java:onNextImpl(251)) - 75e06a4b-10ed-49e3-a0f4-39d0cf919ed9@group-338C40DB937D->01d7623e-fce0-4300-8f15-4bc2097938ef-AppendLogResponseHandler: Request not found, ignoring reply: 75e06a4b-10ed-49e3-a0f4-39d0cf919ed9<-01d7623e-fce0-4300-8f15-4bc2097938ef#120:OK,SUCCESS,nextIndex:6,term:1,followerCommit:2
2019-09-24 19:02:05,712 [d6fdad48-5745-4acd-8132-622988eb1603@group-2B1DF545E51A:LeaderElection33] INFO  impl.LeaderElection (LeaderElection.java:logAndReturn(56)) - d6fdad48-5745-4acd-8132-622988eb1603@group-2B1DF545E51A:LeaderElection33: Election REJECTED; received 0 response(s) [] and 2 exception(s); d6fdad48-5745-4acd-8132-622988eb1603@group-2B1DF545E51A:t14, leader=null, voted=d6fdad48-5745-4acd-8132-622988eb1603, raftlog=d6fdad48-5745-4acd-8132-622988eb1603@group-2B1DF545E51A-SegmentedRaftLog:OPENED:c4,f4,i4, conf=0: [d6fdad48-5745-4acd-8132-622988eb1603:192.168.5.148:33283, a05b4b97-0b18-4776-a1dd-8f128fadc53a:192.168.5.148:35009, 29620711-3f46-457a-8151-219e63eed2d2:192.168.5.148:46161], old=null
2019-09-24 19:02:05,712 [d6fdad48-5745-4acd-8132-622988eb1603@group-2B1DF545E51A:LeaderElection33] INFO  impl.LeaderElection (LogUtils.java:infoOrTrace(149)) -   Exception 0: {}
java.util.concurrent.ExecutionException: org.apache.ratis.thirdparty.io.grpc.StatusRuntimeException: UNAVAILABLE: io exception
	at java.util.concurrent.FutureTask.report(FutureTask.java:122)
	at java.util.concurrent.FutureTask.get(FutureTask.java:192)
	at org.apache.ratis.server.impl.LeaderElection.waitForResults(LeaderElection.java:263)
	at org.apache.ratis.server.impl.LeaderElection.askForVotes(LeaderElection.java:201)
	at org.apache.ratis.server.impl.LeaderElection.run(LeaderElection.java:133)
	at java.lang.Thread.run(Thread.java:748)
Caused by: org.apache.ratis.thirdparty.io.grpc.StatusRuntimeException: UNAVAILABLE: io exception
	at org.apache.ratis.thirdparty.io.grpc.stub.ClientCalls.toStatusRuntimeException(ClientCalls.java:233)
	at org.apache.ratis.thirdparty.io.grpc.stub.ClientCalls.getUnchecked(ClientCalls.java:214)
	at org.apache.ratis.thirdparty.io.grpc.stub.ClientCalls.blockingUnaryCall(ClientCalls.java:139)
	at org.apache.ratis.proto.grpc.RaftServerProtocolServiceGrpc$RaftServerProtocolServiceBlockingStub.requestVote(RaftServerProtocolServiceGrpc.java:265)
	at org.apache.ratis.grpc.server.GrpcServerProtocolClient.requestVote(GrpcServerProtocolClient.java:90)
	at org.apache.ratis.grpc.server.GrpcService.requestVote(GrpcService.java:204)
	at org.apache.ratis.server.impl.LeaderElection.lambda$submitRequests$1(LeaderElection.java:238)
	at java.util.concurrent.FutureTask.run(FutureTask.java:266)
	at java.util.concurrent.Executors$RunnableAdapter.call(Executors.java:511)
	at java.util.concurrent.FutureTask.run(FutureTask.java:266)
	at java.util.concurrent.ThreadPoolExecutor.runWorker(ThreadPoolExecutor.java:1149)
	at java.util.concurrent.ThreadPoolExecutor$Worker.run(ThreadPoolExecutor.java:624)
	... 1 more
Caused by: org.apache.ratis.thirdparty.io.netty.channel.AbstractChannel$AnnotatedConnectException: Connection refused: /192.168.5.148:35009
	at sun.nio.ch.SocketChannelImpl.checkConnect(Native Method)
	at sun.nio.ch.SocketChannelImpl.finishConnect(SocketChannelImpl.java:717)
	at org.apache.ratis.thirdparty.io.netty.channel.socket.nio.NioSocketChannel.doFinishConnect(NioSocketChannel.java:327)
	at org.apache.ratis.thirdparty.io.netty.channel.nio.AbstractNioChannel$AbstractNioUnsafe.finishConnect(AbstractNioChannel.java:340)
	at org.apache.ratis.thirdparty.io.netty.channel.nio.NioEventLoop.processSelectedKey(NioEventLoop.java:632)
	at org.apache.ratis.thirdparty.io.netty.channel.nio.NioEventLoop.processSelectedKeysOptimized(NioEventLoop.java:579)
	at org.apache.ratis.thirdparty.io.netty.channel.nio.NioEventLoop.processSelectedKeys(NioEventLoop.java:496)
	at org.apache.ratis.thirdparty.io.netty.channel.nio.NioEventLoop.run(NioEventLoop.java:458)
	at org.apache.ratis.thirdparty.io.netty.util.concurrent.SingleThreadEventExecutor$5.run(SingleThreadEventExecutor.java:897)
	at org.apache.ratis.thirdparty.io.netty.util.concurrent.FastThreadLocalRunnable.run(FastThreadLocalRunnable.java:30)
	... 1 more
Caused by: java.net.ConnectException: Connection refused
	... 11 more
2019-09-24 19:02:05,713 [d6fdad48-5745-4acd-8132-622988eb1603@group-2B1DF545E51A:LeaderElection33] INFO  impl.LeaderElection (LogUtils.java:infoOrTrace(149)) -   Exception 1: {}
java.util.concurrent.ExecutionException: org.apache.ratis.thirdparty.io.grpc.StatusRuntimeException: UNAVAILABLE: io exception
	at java.util.concurrent.FutureTask.report(FutureTask.java:122)
	at java.util.concurrent.FutureTask.get(FutureTask.java:192)
	at org.apache.ratis.server.impl.LeaderElection.waitForResults(LeaderElection.java:263)
	at org.apache.ratis.server.impl.LeaderElection.askForVotes(LeaderElection.java:201)
	at org.apache.ratis.server.impl.LeaderElection.run(LeaderElection.java:133)
	at java.lang.Thread.run(Thread.java:748)
Caused by: org.apache.ratis.thirdparty.io.grpc.StatusRuntimeException: UNAVAILABLE: io exception
	at org.apache.ratis.thirdparty.io.grpc.stub.ClientCalls.toStatusRuntimeException(ClientCalls.java:233)
	at org.apache.ratis.thirdparty.io.grpc.stub.ClientCalls.getUnchecked(ClientCalls.java:214)
	at org.apache.ratis.thirdparty.io.grpc.stub.ClientCalls.blockingUnaryCall(ClientCalls.java:139)
	at org.apache.ratis.proto.grpc.RaftServerProtocolServiceGrpc$RaftServerProtocolServiceBlockingStub.requestVote(RaftServerProtocolServiceGrpc.java:265)
	at org.apache.ratis.grpc.server.GrpcServerProtocolClient.requestVote(GrpcServerProtocolClient.java:90)
	at org.apache.ratis.grpc.server.GrpcService.requestVote(GrpcService.java:204)
	at org.apache.ratis.server.impl.LeaderElection.lambda$submitRequests$1(LeaderElection.java:238)
	at java.util.concurrent.FutureTask.run(FutureTask.java:266)
	at java.util.concurrent.Executors$RunnableAdapter.call(Executors.java:511)
	at java.util.concurrent.FutureTask.run(FutureTask.java:266)
	at java.util.concurrent.ThreadPoolExecutor.runWorker(ThreadPoolExecutor.java:1149)
	at java.util.concurrent.ThreadPoolExecutor$Worker.run(ThreadPoolExecutor.java:624)
	... 1 more
Caused by: org.apache.ratis.thirdparty.io.netty.channel.AbstractChannel$AnnotatedConnectException: Connection refused: /192.168.5.148:46161
	at sun.nio.ch.SocketChannelImpl.checkConnect(Native Method)
	at sun.nio.ch.SocketChannelImpl.finishConnect(SocketChannelImpl.java:717)
	at org.apache.ratis.thirdparty.io.netty.channel.socket.nio.NioSocketChannel.doFinishConnect(NioSocketChannel.java:327)
	at org.apache.ratis.thirdparty.io.netty.channel.nio.AbstractNioChannel$AbstractNioUnsafe.finishConnect(AbstractNioChannel.java:340)
	at org.apache.ratis.thirdparty.io.netty.channel.nio.NioEventLoop.processSelectedKey(NioEventLoop.java:632)
	at org.apache.ratis.thirdparty.io.netty.channel.nio.NioEventLoop.processSelectedKeysOptimized(NioEventLoop.java:579)
	at org.apache.ratis.thirdparty.io.netty.channel.nio.NioEventLoop.processSelectedKeys(NioEventLoop.java:496)
	at org.apache.ratis.thirdparty.io.netty.channel.nio.NioEventLoop.run(NioEventLoop.java:458)
	at org.apache.ratis.thirdparty.io.netty.util.concurrent.SingleThreadEventExecutor$5.run(SingleThreadEventExecutor.java:897)
	at org.apache.ratis.thirdparty.io.netty.util.concurrent.FastThreadLocalRunnable.run(FastThreadLocalRunnable.java:30)
	... 1 more
Caused by: java.net.ConnectException: Connection refused
	... 11 more
2019-09-24 19:02:05,712 [grpc-default-executor-6] WARN  server.GrpcLogAppender (GrpcLogAppender.java:onNextImpl(251)) - 75e06a4b-10ed-49e3-a0f4-39d0cf919ed9@group-338C40DB937D->01d7623e-fce0-4300-8f15-4bc2097938ef-AppendLogResponseHandler: Request not found, ignoring reply: 75e06a4b-10ed-49e3-a0f4-39d0cf919ed9<-01d7623e-fce0-4300-8f15-4bc2097938ef#121:OK,SUCCESS,nextIndex:6,term:1,followerCommit:2
2019-09-24 19:02:05,716 [d6fdad48-5745-4acd-8132-622988eb1603@group-2B1DF545E51A:LeaderElection33] INFO  impl.RaftServerImpl (RaftServerImpl.java:setRole(174)) - d6fdad48-5745-4acd-8132-622988eb1603@group-2B1DF545E51A: changes role from CANDIDATE to FOLLOWER at term 14 for DISCOVERED_A_NEW_TERM
2019-09-24 19:02:05,716 [d6fdad48-5745-4acd-8132-622988eb1603@group-2B1DF545E51A:LeaderElection33] INFO  impl.RoleInfo (RoleInfo.java:shutdownLeaderElection(134)) - d6fdad48-5745-4acd-8132-622988eb1603: shutdown LeaderElection
2019-09-24 19:02:05,716 [grpc-default-executor-6] WARN  server.GrpcLogAppender (GrpcLogAppender.java:onNextImpl(251)) - 75e06a4b-10ed-49e3-a0f4-39d0cf919ed9@group-338C40DB937D->01d7623e-fce0-4300-8f15-4bc2097938ef-AppendLogResponseHandler: Request not found, ignoring reply: 75e06a4b-10ed-49e3-a0f4-39d0cf919ed9<-01d7623e-fce0-4300-8f15-4bc2097938ef#122:OK,SUCCESS,nextIndex:6,term:1,followerCommit:2
2019-09-24 19:02:05,716 [d6fdad48-5745-4acd-8132-622988eb1603@group-2B1DF545E51A:LeaderElection33] INFO  impl.RoleInfo (RoleInfo.java:updateAndGet(143)) - d6fdad48-5745-4acd-8132-622988eb1603: start FollowerState
2019-09-24 19:02:05,717 [grpc-default-executor-6] WARN  server.GrpcLogAppender (GrpcLogAppender.java:onNextImpl(251)) - 75e06a4b-10ed-49e3-a0f4-39d0cf919ed9@group-338C40DB937D->01d7623e-fce0-4300-8f15-4bc2097938ef-AppendLogResponseHandler: Request not found, ignoring reply: 75e06a4b-10ed-49e3-a0f4-39d0cf919ed9<-01d7623e-fce0-4300-8f15-4bc2097938ef#123:OK,SUCCESS,nextIndex:6,term:1,followerCommit:2
2019-09-24 19:02:05,717 [grpc-default-executor-3] WARN  server.GrpcLogAppender (GrpcLogAppender.java:onNextImpl(251)) - 75e06a4b-10ed-49e3-a0f4-39d0cf919ed9@group-338C40DB937D->c0a619e5-2907-4353-abbd-f6fb1099a46d-AppendLogResponseHandler: Request not found, ignoring reply: 75e06a4b-10ed-49e3-a0f4-39d0cf919ed9<-c0a619e5-2907-4353-abbd-f6fb1099a46d#109:OK,SUCCESS,nextIndex:5,term:1,followerCommit:2
2019-09-24 19:02:05,717 [grpc-default-executor-6] WARN  server.GrpcLogAppender (GrpcLogAppender.java:onNextImpl(251)) - 75e06a4b-10ed-49e3-a0f4-39d0cf919ed9@group-338C40DB937D->c0a619e5-2907-4353-abbd-f6fb1099a46d-AppendLogResponseHandler: Request not found, ignoring reply: 75e06a4b-10ed-49e3-a0f4-39d0cf919ed9<-c0a619e5-2907-4353-abbd-f6fb1099a46d#110:OK,SUCCESS,nextIndex:6,term:1,followerCommit:2
2019-09-24 19:02:05,718 [grpc-default-executor-3] WARN  server.GrpcLogAppender (GrpcLogAppender.java:onNextImpl(251)) - 75e06a4b-10ed-49e3-a0f4-39d0cf919ed9@group-338C40DB937D->c0a619e5-2907-4353-abbd-f6fb1099a46d-AppendLogResponseHandler: Request not found, ignoring reply: 75e06a4b-10ed-49e3-a0f4-39d0cf919ed9<-c0a619e5-2907-4353-abbd-f6fb1099a46d#111:OK,SUCCESS,nextIndex:6,term:1,followerCommit:2
2019-09-24 19:02:05,718 [grpc-default-executor-6] WARN  server.GrpcLogAppender (GrpcLogAppender.java:onNextImpl(251)) - 75e06a4b-10ed-49e3-a0f4-39d0cf919ed9@group-338C40DB937D->c0a619e5-2907-4353-abbd-f6fb1099a46d-AppendLogResponseHandler: Request not found, ignoring reply: 75e06a4b-10ed-49e3-a0f4-39d0cf919ed9<-c0a619e5-2907-4353-abbd-f6fb1099a46d#112:OK,SUCCESS,nextIndex:6,term:1,followerCommit:2
2019-09-24 19:02:05,718 [grpc-default-executor-6] WARN  server.GrpcLogAppender (GrpcLogAppender.java:onNextImpl(251)) - 75e06a4b-10ed-49e3-a0f4-39d0cf919ed9@group-338C40DB937D->c0a619e5-2907-4353-abbd-f6fb1099a46d-AppendLogResponseHandler: Request not found, ignoring reply: 75e06a4b-10ed-49e3-a0f4-39d0cf919ed9<-c0a619e5-2907-4353-abbd-f6fb1099a46d#113:OK,SUCCESS,nextIndex:6,term:1,followerCommit:2
2019-09-24 19:02:05,718 [grpc-default-executor-6] WARN  server.GrpcLogAppender (GrpcLogAppender.java:onNextImpl(251)) - 75e06a4b-10ed-49e3-a0f4-39d0cf919ed9@group-338C40DB937D->c0a619e5-2907-4353-abbd-f6fb1099a46d-AppendLogResponseHandler: Request not found, ignoring reply: 75e06a4b-10ed-49e3-a0f4-39d0cf919ed9<-c0a619e5-2907-4353-abbd-f6fb1099a46d#114:OK,SUCCESS,nextIndex:6,term:1,followerCommit:2
2019-09-24 19:02:05,719 [grpc-default-executor-6] WARN  server.GrpcLogAppender (GrpcLogAppender.java:onNextImpl(251)) - 75e06a4b-10ed-49e3-a0f4-39d0cf919ed9@group-338C40DB937D->c0a619e5-2907-4353-abbd-f6fb1099a46d-AppendLogResponseHandler: Request not found, ignoring reply: 75e06a4b-10ed-49e3-a0f4-39d0cf919ed9<-c0a619e5-2907-4353-abbd-f6fb1099a46d#115:OK,SUCCESS,nextIndex:6,term:1,followerCommit:2
2019-09-24 19:02:05,719 [grpc-default-executor-6] WARN  server.GrpcLogAppender (GrpcLogAppender.java:onNextImpl(251)) - 75e06a4b-10ed-49e3-a0f4-39d0cf919ed9@group-338C40DB937D->c0a619e5-2907-4353-abbd-f6fb1099a46d-AppendLogResponseHandler: Request not found, ignoring reply: 75e06a4b-10ed-49e3-a0f4-39d0cf919ed9<-c0a619e5-2907-4353-abbd-f6fb1099a46d#116:OK,SUCCESS,nextIndex:6,term:1,followerCommit:2
2019-09-24 19:02:05,719 [grpc-default-executor-6] WARN  server.GrpcLogAppender (GrpcLogAppender.java:onNextImpl(251)) - 75e06a4b-10ed-49e3-a0f4-39d0cf919ed9@group-338C40DB937D->c0a619e5-2907-4353-abbd-f6fb1099a46d-AppendLogResponseHandler: Request not found, ignoring reply: 75e06a4b-10ed-49e3-a0f4-39d0cf919ed9<-c0a619e5-2907-4353-abbd-f6fb1099a46d#117:OK,SUCCESS,nextIndex:6,term:1,followerCommit:2
2019-09-24 19:02:05,720 [grpc-default-executor-6] WARN  server.GrpcLogAppender (GrpcLogAppender.java:onNextImpl(251)) - 75e06a4b-10ed-49e3-a0f4-39d0cf919ed9@group-338C40DB937D->c0a619e5-2907-4353-abbd-f6fb1099a46d-AppendLogResponseHandler: Request not found, ignoring reply: 75e06a4b-10ed-49e3-a0f4-39d0cf919ed9<-c0a619e5-2907-4353-abbd-f6fb1099a46d#118:OK,SUCCESS,nextIndex:6,term:1,followerCommit:2
2019-09-24 19:02:05,720 [grpc-default-executor-6] WARN  server.GrpcLogAppender (GrpcLogAppender.java:onNextImpl(251)) - 75e06a4b-10ed-49e3-a0f4-39d0cf919ed9@group-338C40DB937D->c0a619e5-2907-4353-abbd-f6fb1099a46d-AppendLogResponseHandler: Request not found, ignoring reply: 75e06a4b-10ed-49e3-a0f4-39d0cf919ed9<-c0a619e5-2907-4353-abbd-f6fb1099a46d#119:OK,SUCCESS,nextIndex:6,term:1,followerCommit:2
2019-09-24 19:02:05,720 [grpc-default-executor-6] WARN  server.GrpcLogAppender (GrpcLogAppender.java:onNextImpl(251)) - 75e06a4b-10ed-49e3-a0f4-39d0cf919ed9@group-338C40DB937D->c0a619e5-2907-4353-abbd-f6fb1099a46d-AppendLogResponseHandler: Request not found, ignoring reply: 75e06a4b-10ed-49e3-a0f4-39d0cf919ed9<-c0a619e5-2907-4353-abbd-f6fb1099a46d#120:OK,SUCCESS,nextIndex:6,term:1,followerCommit:2
2019-09-24 19:02:05,721 [grpc-default-executor-6] WARN  server.GrpcLogAppender (GrpcLogAppender.java:onNextImpl(251)) - 75e06a4b-10ed-49e3-a0f4-39d0cf919ed9@group-338C40DB937D->c0a619e5-2907-4353-abbd-f6fb1099a46d-AppendLogResponseHandler: Request not found, ignoring reply: 75e06a4b-10ed-49e3-a0f4-39d0cf919ed9<-c0a619e5-2907-4353-abbd-f6fb1099a46d#121:OK,SUCCESS,nextIndex:6,term:1,followerCommit:2
2019-09-24 19:02:05,721 [grpc-default-executor-6] WARN  server.GrpcLogAppender (GrpcLogAppender.java:onNextImpl(251)) - 75e06a4b-10ed-49e3-a0f4-39d0cf919ed9@group-338C40DB937D->c0a619e5-2907-4353-abbd-f6fb1099a46d-AppendLogResponseHandler: Request not found, ignoring reply: 75e06a4b-10ed-49e3-a0f4-39d0cf919ed9<-c0a619e5-2907-4353-abbd-f6fb1099a46d#122:OK,SUCCESS,nextIndex:6,term:1,followerCommit:2
2019-09-24 19:02:05,721 [grpc-default-executor-6] WARN  server.GrpcLogAppender (GrpcLogAppender.java:onNextImpl(251)) - 75e06a4b-10ed-49e3-a0f4-39d0cf919ed9@group-338C40DB937D->c0a619e5-2907-4353-abbd-f6fb1099a46d-AppendLogResponseHandler: Request not found, ignoring reply: 75e06a4b-10ed-49e3-a0f4-39d0cf919ed9<-c0a619e5-2907-4353-abbd-f6fb1099a46d#123:OK,SUCCESS,nextIndex:6,term:1,followerCommit:2
2019-09-24 19:02:06,818 [Thread-1089] INFO  impl.FollowerState (FollowerState.java:run(106)) - d6fdad48-5745-4acd-8132-622988eb1603:group-2B1DF545E51A changes to CANDIDATE, lastRpcTime:1101, electionTimeout:1101ms
2019-09-24 19:02:06,820 [Thread-1089] INFO  impl.RoleInfo (RoleInfo.java:shutdownFollowerState(121)) - d6fdad48-5745-4acd-8132-622988eb1603: shutdown FollowerState
2019-09-24 19:02:06,820 [Thread-1089] INFO  impl.RaftServerImpl (RaftServerImpl.java:setRole(174)) - d6fdad48-5745-4acd-8132-622988eb1603@group-2B1DF545E51A: changes role from  FOLLOWER to CANDIDATE at term 14 for changeToCandidate
2019-09-24 19:02:06,820 [Thread-1089] INFO  impl.RoleInfo (RoleInfo.java:updateAndGet(143)) - d6fdad48-5745-4acd-8132-622988eb1603: start LeaderElection
2019-09-24 19:02:08,719 [java.util.concurrent.ThreadPoolExecutor$Worker@6db46767[State = -1, empty queue]] WARN  server.GrpcLogAppender (GrpcLogAppender.java:timeoutAppendRequest(200)) - 75e06a4b-10ed-49e3-a0f4-39d0cf919ed9@group-338C40DB937D->01d7623e-fce0-4300-8f15-4bc2097938ef-GrpcLogAppender: appendEntries Timeout, request=75e06a4b-10ed-49e3-a0f4-39d0cf919ed9->01d7623e-fce0-4300-8f15-4bc2097938ef#130-t1, previous=(t:1, i:5), leaderCommit=5, initializing? false, entries: size=1, first=(t:1, i:6), METADATAENTRY(c5)
2019-09-24 19:02:08,719 [java.util.concurrent.ThreadPoolExecutor$Worker@5b3d687a[State = -1, empty queue]] WARN  server.GrpcLogAppender (GrpcLogAppender.java:timeoutAppendRequest(200)) - 75e06a4b-10ed-49e3-a0f4-39d0cf919ed9@group-338C40DB937D->c0a619e5-2907-4353-abbd-f6fb1099a46d-GrpcLogAppender: appendEntries Timeout, request=75e06a4b-10ed-49e3-a0f4-39d0cf919ed9->c0a619e5-2907-4353-abbd-f6fb1099a46d#130-t1, previous=(t:1, i:5), leaderCommit=5, initializing? false, entries: size=1, first=(t:1, i:6), METADATAENTRY(c5)
2019-09-24 19:02:09,219 [java.util.concurrent.ThreadPoolExecutor$Worker@6db46767[State = -1, empty queue]] WARN  server.GrpcLogAppender (GrpcLogAppender.java:timeoutAppendRequest(200)) - 75e06a4b-10ed-49e3-a0f4-39d0cf919ed9@group-338C40DB937D->01d7623e-fce0-4300-8f15-4bc2097938ef-GrpcLogAppender: appendEntries Timeout, request=75e06a4b-10ed-49e3-a0f4-39d0cf919ed9->01d7623e-fce0-4300-8f15-4bc2097938ef#131-t1, previous=(t:1, i:6), leaderCommit=5, initializing? false, entries: <empty>
2019-09-24 19:02:09,223 [java.util.concurrent.ThreadPoolExecutor$Worker@5b3d687a[State = -1, empty queue]] WARN  server.GrpcLogAppender (GrpcLogAppender.java:timeoutAppendRequest(200)) - 75e06a4b-10ed-49e3-a0f4-39d0cf919ed9@group-338C40DB937D->c0a619e5-2907-4353-abbd-f6fb1099a46d-GrpcLogAppender: appendEntries Timeout, request=75e06a4b-10ed-49e3-a0f4-39d0cf919ed9->c0a619e5-2907-4353-abbd-f6fb1099a46d#131-t1, previous=(t:1, i:6), leaderCommit=5, initializing? false, entries: <empty>
2019-09-24 19:02:09,720 [java.util.concurrent.ThreadPoolExecutor$Worker@6db46767[State = -1, empty queue]] WARN  server.GrpcLogAppender (GrpcLogAppender.java:timeoutAppendRequest(200)) - 75e06a4b-10ed-49e3-a0f4-39d0cf919ed9@group-338C40DB937D->01d7623e-fce0-4300-8f15-4bc2097938ef-GrpcLogAppender: appendEntries Timeout, request=75e06a4b-10ed-49e3-a0f4-39d0cf919ed9->01d7623e-fce0-4300-8f15-4bc2097938ef#132-t1, previous=(t:1, i:6), leaderCommit=5, initializing? false, entries: <empty>
2019-09-24 19:02:09,722 [java.util.concurrent.ThreadPoolExecutor$Worker@5b3d687a[State = -1, empty queue]] WARN  server.GrpcLogAppender (GrpcLogAppender.java:timeoutAppendRequest(200)) - 75e06a4b-10ed-49e3-a0f4-39d0cf919ed9@group-338C40DB937D->c0a619e5-2907-4353-abbd-f6fb1099a46d-GrpcLogAppender: appendEntries Timeout, request=75e06a4b-10ed-49e3-a0f4-39d0cf919ed9->c0a619e5-2907-4353-abbd-f6fb1099a46d#132-t1, previous=(t:1, i:6), leaderCommit=5, initializing? false, entries: <empty>
2019-09-24 19:02:10,220 [java.util.concurrent.ThreadPoolExecutor$Worker@6db46767[State = -1, empty queue]] WARN  server.GrpcLogAppender (GrpcLogAppender.java:timeoutAppendRequest(200)) - 75e06a4b-10ed-49e3-a0f4-39d0cf919ed9@group-338C40DB937D->01d7623e-fce0-4300-8f15-4bc2097938ef-GrpcLogAppender: appendEntries Timeout, request=75e06a4b-10ed-49e3-a0f4-39d0cf919ed9->01d7623e-fce0-4300-8f15-4bc2097938ef#133-t1, previous=(t:1, i:6), leaderCommit=5, initializing? false, entries: <empty>
2019-09-24 19:02:10,223 [java.util.concurrent.ThreadPoolExecutor$Worker@5b3d687a[State = -1, empty queue]] WARN  server.GrpcLogAppender (GrpcLogAppender.java:timeoutAppendRequest(200)) - 75e06a4b-10ed-49e3-a0f4-39d0cf919ed9@group-338C40DB937D->c0a619e5-2907-4353-abbd-f6fb1099a46d-GrpcLogAppender: appendEntries Timeout, request=75e06a4b-10ed-49e3-a0f4-39d0cf919ed9->c0a619e5-2907-4353-abbd-f6fb1099a46d#133-t1, previous=(t:1, i:6), leaderCommit=5, initializing? false, entries: <empty>
2019-09-24 19:02:10,720 [java.util.concurrent.ThreadPoolExecutor$Worker@6db46767[State = -1, empty queue]] WARN  server.GrpcLogAppender (GrpcLogAppender.java:timeoutAppendRequest(200)) - 75e06a4b-10ed-49e3-a0f4-39d0cf919ed9@group-338C40DB937D->01d7623e-fce0-4300-8f15-4bc2097938ef-GrpcLogAppender: appendEntries Timeout, request=75e06a4b-10ed-49e3-a0f4-39d0cf919ed9->01d7623e-fce0-4300-8f15-4bc2097938ef#134-t1, previous=(t:1, i:6), leaderCommit=5, initializing? false, entries: <empty>
2019-09-24 19:02:10,723 [java.util.concurrent.ThreadPoolExecutor$Worker@5b3d687a[State = -1, empty queue]] WARN  server.GrpcLogAppender (GrpcLogAppender.java:timeoutAppendRequest(200)) - 75e06a4b-10ed-49e3-a0f4-39d0cf919ed9@group-338C40DB937D->c0a619e5-2907-4353-abbd-f6fb1099a46d-GrpcLogAppender: appendEntries Timeout, request=75e06a4b-10ed-49e3-a0f4-39d0cf919ed9->c0a619e5-2907-4353-abbd-f6fb1099a46d#134-t1, previous=(t:1, i:6), leaderCommit=5, initializing? false, entries: <empty>
2019-09-24 19:02:10,991 [grpc-default-executor-7] WARN  server.GrpcLogAppender (GrpcLogAppender.java:onNextImpl(251)) - 75e06a4b-10ed-49e3-a0f4-39d0cf919ed9@group-338C40DB937D->c0a619e5-2907-4353-abbd-f6fb1099a46d-AppendLogResponseHandler: Request not found, ignoring reply: 75e06a4b-10ed-49e3-a0f4-39d0cf919ed9<-c0a619e5-2907-4353-abbd-f6fb1099a46d#130:OK,SUCCESS,nextIndex:7,term:1,followerCommit:5
2019-09-24 19:02:10,991 [grpc-default-executor-6] WARN  server.GrpcLogAppender (GrpcLogAppender.java:onNextImpl(251)) - 75e06a4b-10ed-49e3-a0f4-39d0cf919ed9@group-338C40DB937D->01d7623e-fce0-4300-8f15-4bc2097938ef-AppendLogResponseHandler: Request not found, ignoring reply: 75e06a4b-10ed-49e3-a0f4-39d0cf919ed9<-01d7623e-fce0-4300-8f15-4bc2097938ef#130:OK,SUCCESS,nextIndex:7,term:1,followerCommit:5
2019-09-24 19:02:10,991 [grpc-default-executor-7] WARN  server.GrpcLogAppender (GrpcLogAppender.java:onNextImpl(251)) - 75e06a4b-10ed-49e3-a0f4-39d0cf919ed9@group-338C40DB937D->c0a619e5-2907-4353-abbd-f6fb1099a46d-AppendLogResponseHandler: Request not found, ignoring reply: 75e06a4b-10ed-49e3-a0f4-39d0cf919ed9<-c0a619e5-2907-4353-abbd-f6fb1099a46d#131:OK,SUCCESS,nextIndex:7,term:1,followerCommit:5
2019-09-24 19:02:10,991 [grpc-default-executor-6] WARN  server.GrpcLogAppender (GrpcLogAppender.java:onNextImpl(251)) - 75e06a4b-10ed-49e3-a0f4-39d0cf919ed9@group-338C40DB937D->01d7623e-fce0-4300-8f15-4bc2097938ef-AppendLogResponseHandler: Request not found, ignoring reply: 75e06a4b-10ed-49e3-a0f4-39d0cf919ed9<-01d7623e-fce0-4300-8f15-4bc2097938ef#131:OK,SUCCESS,nextIndex:7,term:1,followerCommit:5
2019-09-24 19:02:10,991 [grpc-default-executor-7] WARN  server.GrpcLogAppender (GrpcLogAppender.java:onNextImpl(251)) - 75e06a4b-10ed-49e3-a0f4-39d0cf919ed9@group-338C40DB937D->c0a619e5-2907-4353-abbd-f6fb1099a46d-AppendLogResponseHandler: Request not found, ignoring reply: 75e06a4b-10ed-49e3-a0f4-39d0cf919ed9<-c0a619e5-2907-4353-abbd-f6fb1099a46d#132:OK,SUCCESS,nextIndex:7,term:1,followerCommit:5
2019-09-24 19:02:10,992 [grpc-default-executor-6] WARN  server.GrpcLogAppender (GrpcLogAppender.java:onNextImpl(251)) - 75e06a4b-10ed-49e3-a0f4-39d0cf919ed9@group-338C40DB937D->01d7623e-fce0-4300-8f15-4bc2097938ef-AppendLogResponseHandler: Request not found, ignoring reply: 75e06a4b-10ed-49e3-a0f4-39d0cf919ed9<-01d7623e-fce0-4300-8f15-4bc2097938ef#132:OK,SUCCESS,nextIndex:7,term:1,followerCommit:5
2019-09-24 19:02:10,992 [grpc-default-executor-7] WARN  server.GrpcLogAppender (GrpcLogAppender.java:onNextImpl(251)) - 75e06a4b-10ed-49e3-a0f4-39d0cf919ed9@group-338C40DB937D->c0a619e5-2907-4353-abbd-f6fb1099a46d-AppendLogResponseHandler: Request not found, ignoring reply: 75e06a4b-10ed-49e3-a0f4-39d0cf919ed9<-c0a619e5-2907-4353-abbd-f6fb1099a46d#133:OK,SUCCESS,nextIndex:7,term:1,followerCommit:5
2019-09-24 19:02:10,992 [grpc-default-executor-6] WARN  server.GrpcLogAppender (GrpcLogAppender.java:onNextImpl(251)) - 75e06a4b-10ed-49e3-a0f4-39d0cf919ed9@group-338C40DB937D->01d7623e-fce0-4300-8f15-4bc2097938ef-AppendLogResponseHandler: Request not found, ignoring reply: 75e06a4b-10ed-49e3-a0f4-39d0cf919ed9<-01d7623e-fce0-4300-8f15-4bc2097938ef#133:OK,SUCCESS,nextIndex:7,term:1,followerCommit:5
2019-09-24 19:02:10,992 [grpc-default-executor-7] WARN  server.GrpcLogAppender (GrpcLogAppender.java:onNextImpl(251)) - 75e06a4b-10ed-49e3-a0f4-39d0cf919ed9@group-338C40DB937D->c0a619e5-2907-4353-abbd-f6fb1099a46d-AppendLogResponseHandler: Request not found, ignoring reply: 75e06a4b-10ed-49e3-a0f4-39d0cf919ed9<-c0a619e5-2907-4353-abbd-f6fb1099a46d#134:OK,SUCCESS,nextIndex:7,term:1,followerCommit:5
2019-09-24 19:02:10,992 [grpc-default-executor-6] WARN  server.GrpcLogAppender (GrpcLogAppender.java:onNextImpl(251)) - 75e06a4b-10ed-49e3-a0f4-39d0cf919ed9@group-338C40DB937D->01d7623e-fce0-4300-8f15-4bc2097938ef-AppendLogResponseHandler: Request not found, ignoring reply: 75e06a4b-10ed-49e3-a0f4-39d0cf919ed9<-01d7623e-fce0-4300-8f15-4bc2097938ef#134:OK,SUCCESS,nextIndex:7,term:1,followerCommit:5
2019-09-24 19:02:13,900 [main] WARN  io.KeyOutputStream (KeyOutputStream.java:handleException(274)) - Encountered exception java.io.IOException: Unexpected Storage Container Exception: java.util.concurrent.CompletionException: java.util.concurrent.CompletionException: org.apache.ratis.protocol.RaftRetryFailureException: Failed RaftClientRequest:client-19E75FF316C2->75e06a4b-10ed-49e3-a0f4-39d0cf919ed9@group-338C40DB937D, cid=30, seq=2*, RW, org.apache.hadoop.hdds.scm.XceiverClientRatis$$Lambda$397/1434651019@3c82db17 for 10 attempts with RetryLimited(maxAttempts=10, sleepTime=1000ms) on the pipeline Pipeline[ Id: 09cc86b9-b7fc-4c9b-ba7f-338c40db937d, Nodes: c0a619e5-2907-4353-abbd-f6fb1099a46d{ip: 192.168.5.148, host: pr-hdds-2149-fgl4f-1742389470, networkLocation: /rack1, certSerialId: null}01d7623e-fce0-4300-8f15-4bc2097938ef{ip: 192.168.5.148, host: pr-hdds-2149-fgl4f-1742389470, networkLocation: /rack1, certSerialId: null}75e06a4b-10ed-49e3-a0f4-39d0cf919ed9{ip: 192.168.5.148, host: pr-hdds-2149-fgl4f-1742389470, networkLocation: /rack1, certSerialId: null}, Type:RATIS, Factor:THREE, State:OPEN]. The last committed block length is 0, uncommitted data length is 2097152 retry count 2
2019-09-24 19:02:13,936 [IPC Server handler 17 on 38825] WARN  block.BlockManagerImpl (BlockManagerImpl.java:allocateBlock(192)) - Pipeline creation failed for type:RATIS factor:THREE. Retrying get pipelines call once.
org.apache.hadoop.hdds.scm.pipeline.InsufficientDatanodesException: Cannot create pipeline of factor 3 using 1 nodes.
	at org.apache.hadoop.hdds.scm.pipeline.RatisPipelineProvider.create(RatisPipelineProvider.java:153)
	at org.apache.hadoop.hdds.scm.pipeline.PipelineFactory.create(PipelineFactory.java:58)
	at org.apache.hadoop.hdds.scm.pipeline.SCMPipelineManager.createPipeline(SCMPipelineManager.java:155)
	at org.apache.hadoop.hdds.scm.block.BlockManagerImpl.allocateBlock(BlockManagerImpl.java:190)
	at org.apache.hadoop.hdds.scm.server.SCMBlockProtocolServer.allocateBlock(SCMBlockProtocolServer.java:182)
	at org.apache.hadoop.ozone.protocolPB.ScmBlockLocationProtocolServerSideTranslatorPB.allocateScmBlock(ScmBlockLocationProtocolServerSideTranslatorPB.java:183)
	at org.apache.hadoop.ozone.protocolPB.ScmBlockLocationProtocolServerSideTranslatorPB.processMessage(ScmBlockLocationProtocolServerSideTranslatorPB.java:141)
	at org.apache.hadoop.ozone.protocolPB.ScmBlockLocationProtocolServerSideTranslatorPB.send(ScmBlockLocationProtocolServerSideTranslatorPB.java:116)
	at org.apache.hadoop.hdds.protocol.proto.ScmBlockLocationProtocolProtos$ScmBlockLocationProtocolService$2.callBlockingMethod(ScmBlockLocationProtocolProtos.java:13157)
	at org.apache.hadoop.ipc.ProtobufRpcEngine$Server$ProtoBufRpcInvoker.call(ProtobufRpcEngine.java:524)
	at org.apache.hadoop.ipc.RPC$Server.call(RPC.java:1025)
	at org.apache.hadoop.ipc.Server$RpcCall.run(Server.java:876)
	at org.apache.hadoop.ipc.Server$RpcCall.run(Server.java:822)
	at java.security.AccessController.doPrivileged(Native Method)
	at javax.security.auth.Subject.doAs(Subject.java:422)
	at org.apache.hadoop.security.UserGroupInformation.doAs(UserGroupInformation.java:1730)
	at org.apache.hadoop.ipc.Server$Handler.run(Server.java:2682)
2019-09-24 19:02:13,939 [IPC Server handler 17 on 38825] INFO  block.BlockManagerImpl (BlockManagerImpl.java:allocateBlock(198)) - Could not find available pipeline of type:RATIS and factor:THREE even after retrying
2019-09-24 19:02:13,940 [IPC Server handler 17 on 38825] ERROR block.BlockManagerImpl (BlockManagerImpl.java:allocateBlock(222)) - Unable to allocate a block for the size: 4194304, type: RATIS, factor: THREE
2019-09-24 19:02:13,944 [main] ERROR io.BlockOutputStreamEntryPool (BlockOutputStreamEntryPool.java:allocateBlockIfNeeded(299)) - Try to allocate more blocks for write failed, already allocated 0 blocks for this write.
INTERNAL_ERROR org.apache.hadoop.ozone.om.exceptions.OMException: Allocated 0 blocks. Requested 1 blocks
	at org.apache.hadoop.ozone.om.protocolPB.OzoneManagerProtocolClientSideTranslatorPB.handleError(OzoneManagerProtocolClientSideTranslatorPB.java:732)
	at org.apache.hadoop.ozone.om.protocolPB.OzoneManagerProtocolClientSideTranslatorPB.allocateBlock(OzoneManagerProtocolClientSideTranslatorPB.java:764)
	at sun.reflect.NativeMethodAccessorImpl.invoke0(Native Method)
	at sun.reflect.NativeMethodAccessorImpl.invoke(NativeMethodAccessorImpl.java:62)
	at sun.reflect.DelegatingMethodAccessorImpl.invoke(DelegatingMethodAccessorImpl.java:43)
	at java.lang.reflect.Method.invoke(Method.java:498)
	at org.apache.hadoop.hdds.tracing.TraceAllMethod.invoke(TraceAllMethod.java:66)
	at com.sun.proxy.$Proxy36.allocateBlock(Unknown Source)
	at org.apache.hadoop.ozone.client.io.BlockOutputStreamEntryPool.allocateNewBlock(BlockOutputStreamEntryPool.java:248)
	at org.apache.hadoop.ozone.client.io.BlockOutputStreamEntryPool.allocateBlockIfNeeded(BlockOutputStreamEntryPool.java:296)
	at org.apache.hadoop.ozone.client.io.KeyOutputStream.handleWrite(KeyOutputStream.java:198)
	at org.apache.hadoop.ozone.client.io.KeyOutputStream.handleRetry(KeyOutputStream.java:375)
	at org.apache.hadoop.ozone.client.io.KeyOutputStream.handleException(KeyOutputStream.java:324)
	at org.apache.hadoop.ozone.client.io.KeyOutputStream.handleWrite(KeyOutputStream.java:228)
	at org.apache.hadoop.ozone.client.io.KeyOutputStream.handleRetry(KeyOutputStream.java:375)
	at org.apache.hadoop.ozone.client.io.KeyOutputStream.handleException(KeyOutputStream.java:324)
	at org.apache.hadoop.ozone.client.io.KeyOutputStream.handleWrite(KeyOutputStream.java:228)
	at org.apache.hadoop.ozone.client.io.KeyOutputStream.handleRetry(KeyOutputStream.java:375)
	at org.apache.hadoop.ozone.client.io.KeyOutputStream.handleException(KeyOutputStream.java:324)
	at org.apache.hadoop.ozone.client.io.KeyOutputStream.handleWrite(KeyOutputStream.java:228)
	at org.apache.hadoop.ozone.client.io.KeyOutputStream.write(KeyOutputStream.java:190)
	at org.apache.hadoop.ozone.client.io.OzoneOutputStream.write(OzoneOutputStream.java:49)
	at java.io.OutputStream.write(OutputStream.java:75)
	at org.apache.hadoop.ozone.client.rpc.TestFailureHandlingByClient.testPipelineExclusionWithPipelineFailure(TestFailureHandlingByClient.java:379)
	at sun.reflect.NativeMethodAccessorImpl.invoke0(Native Method)
	at sun.reflect.NativeMethodAccessorImpl.invoke(NativeMethodAccessorImpl.java:62)
	at sun.reflect.DelegatingMethodAccessorImpl.invoke(DelegatingMethodAccessorImpl.java:43)
	at java.lang.reflect.Method.invoke(Method.java:498)
	at org.junit.runners.model.FrameworkMethod$1.runReflectiveCall(FrameworkMethod.java:47)
	at org.junit.internal.runners.model.ReflectiveCallable.run(ReflectiveCallable.java:12)
	at org.junit.runners.model.FrameworkMethod.invokeExplosively(FrameworkMethod.java:44)
	at org.junit.internal.runners.statements.InvokeMethod.evaluate(InvokeMethod.java:17)
	at org.junit.internal.runners.statements.RunAfters.evaluate(RunAfters.java:27)
	at org.junit.runners.ParentRunner.runLeaf(ParentRunner.java:271)
	at org.junit.runners.BlockJUnit4ClassRunner.runChild(BlockJUnit4ClassRunner.java:70)
	at org.junit.runners.BlockJUnit4ClassRunner.runChild(BlockJUnit4ClassRunner.java:50)
	at org.junit.runners.ParentRunner$3.run(ParentRunner.java:238)
	at org.junit.runners.ParentRunner$1.schedule(ParentRunner.java:63)
	at org.junit.runners.ParentRunner.runChildren(ParentRunner.java:236)
	at org.junit.runners.ParentRunner.access$000(ParentRunner.java:53)
	at org.junit.runners.ParentRunner$2.evaluate(ParentRunner.java:229)
	at org.junit.runners.ParentRunner.run(ParentRunner.java:309)
	at org.apache.maven.surefire.junit4.JUnit4Provider.execute(JUnit4Provider.java:365)
	at org.apache.maven.surefire.junit4.JUnit4Provider.executeWithRerun(JUnit4Provider.java:273)
	at org.apache.maven.surefire.junit4.JUnit4Provider.executeTestSet(JUnit4Provider.java:238)
	at org.apache.maven.surefire.junit4.JUnit4Provider.invoke(JUnit4Provider.java:159)
	at org.apache.maven.surefire.booter.ForkedBooter.invokeProviderInSameClassLoader(ForkedBooter.java:384)
	at org.apache.maven.surefire.booter.ForkedBooter.runSuitesInProcess(ForkedBooter.java:345)
	at org.apache.maven.surefire.booter.ForkedBooter.execute(ForkedBooter.java:126)
	at org.apache.maven.surefire.booter.ForkedBooter.main(ForkedBooter.java:418)
2019-09-24 19:02:13,948 [main] INFO  ozone.MiniOzoneClusterImpl (MiniOzoneClusterImpl.java:shutdown(314)) - Shutting down the Mini Ozone Cluster
2019-09-24 19:02:13,948 [main] INFO  ozone.MiniOzoneClusterImpl (MiniOzoneClusterImpl.java:stop(330)) - Stopping the Mini Ozone Cluster
2019-09-24 19:02:13,948 [main] INFO  ozone.MiniOzoneClusterImpl (MiniOzoneClusterImpl.java:stopOM(400)) - Stopping the OzoneManager
2019-09-24 19:02:13,948 [main] INFO  ipc.Server (Server.java:stop(3082)) - Stopping server on 45853
2019-09-24 19:02:13,958 [IPC Server listener on 45853] INFO  ipc.Server (Server.java:run(1185)) - Stopping IPC Server listener on 45853
2019-09-24 19:02:13,958 [main] INFO  ratis.OzoneManagerDoubleBuffer (OzoneManagerDoubleBuffer.java:stop(248)) - Stopping OMDoubleBuffer flush thread
2019-09-24 19:02:13,966 [IPC Server Responder] INFO  ipc.Server (Server.java:run(1319)) - Stopping IPC Server Responder
2019-09-24 19:02:13,969 [OMDoubleBufferFlushThread] INFO  ratis.OzoneManagerDoubleBuffer (OzoneManagerDoubleBuffer.java:flushTransactions(191)) - OMDoubleBuffer flush thread OMDoubleBufferFlushThread is interrupted and will exit. OMDoubleBufferFlushThread
2019-09-24 19:02:13,982 [main] INFO  utils.BackgroundService (BackgroundService.java:shutdown(148)) - Shutting down service KeyDeletingService
2019-09-24 19:02:14,018 [main] INFO  handler.ContextHandler (ContextHandler.java:doStop(910)) - Stopped o.e.j.w.WebAppContext@415156bf{/,null,UNAVAILABLE}{/ozoneManager}
2019-09-24 19:02:14,019 [main] INFO  server.AbstractConnector (AbstractConnector.java:doStop(318)) - Stopped ServerConnector@393881f0{HTTP/1.1,[http/1.1]}{0.0.0.0:0}
2019-09-24 19:02:14,020 [main] INFO  handler.ContextHandler (ContextHandler.java:doStop(910)) - Stopped o.e.j.s.ServletContextHandler@3a627c80{/static,file:///workdir/hadoop-ozone/integration-test/target/test-classes/webapps/static,UNAVAILABLE}
2019-09-24 19:02:14,020 [main] INFO  handler.ContextHandler (ContextHandler.java:doStop(910)) - Stopped o.e.j.s.ServletContextHandler@20ed3303{/logs,file:///workdir/hadoop-ozone/integration-test/target/log,UNAVAILABLE}
2019-09-24 19:02:14,024 [main] INFO  ozone.MiniOzoneClusterImpl (MiniOzoneClusterImpl.java:stopDatanodes(377)) - Stopping the HddsDatanodes
2019-09-24 19:02:14,223 [Datanode State Machine Thread - 0] INFO  statemachine.DatanodeStateMachine (DatanodeStateMachine.java:lambda$startDaemon$0(350)) - Ozone container server started.
2019-09-24 19:02:15,020 [Datanode State Machine Thread - 0] INFO  statemachine.DatanodeStateMachine (DatanodeStateMachine.java:lambda$startDaemon$0(350)) - Ozone container server started.
2019-09-24 19:02:15,889 [d6fdad48-5745-4acd-8132-622988eb1603@group-2B1DF545E51A:LeaderElection34] INFO  impl.LeaderElection (LeaderElection.java:askForVotes(182)) - d6fdad48-5745-4acd-8132-622988eb1603@group-2B1DF545E51A:LeaderElection34: begin an election at term 15 for 0: [d6fdad48-5745-4acd-8132-622988eb1603:192.168.5.148:33283, a05b4b97-0b18-4776-a1dd-8f128fadc53a:192.168.5.148:35009, 29620711-3f46-457a-8151-219e63eed2d2:192.168.5.148:46161], old=null
2019-09-24 19:02:15,891 [d6fdad48-5745-4acd-8132-622988eb1603@group-2B1DF545E51A:LeaderElection34] INFO  impl.LeaderElection (LogUtils.java:infoOrTrace(149)) - d6fdad48-5745-4acd-8132-622988eb1603@group-2B1DF545E51A:LeaderElection34 got exception when requesting votes: {}
java.util.concurrent.ExecutionException: org.apache.ratis.thirdparty.io.grpc.StatusRuntimeException: UNAVAILABLE: io exception
	at java.util.concurrent.FutureTask.report(FutureTask.java:122)
	at java.util.concurrent.FutureTask.get(FutureTask.java:192)
	at org.apache.ratis.server.impl.LeaderElection.waitForResults(LeaderElection.java:263)
	at org.apache.ratis.server.impl.LeaderElection.askForVotes(LeaderElection.java:201)
	at org.apache.ratis.server.impl.LeaderElection.run(LeaderElection.java:133)
	at java.lang.Thread.run(Thread.java:748)
Caused by: org.apache.ratis.thirdparty.io.grpc.StatusRuntimeException: UNAVAILABLE: io exception
	at org.apache.ratis.thirdparty.io.grpc.stub.ClientCalls.toStatusRuntimeException(ClientCalls.java:233)
	at org.apache.ratis.thirdparty.io.grpc.stub.ClientCalls.getUnchecked(ClientCalls.java:214)
	at org.apache.ratis.thirdparty.io.grpc.stub.ClientCalls.blockingUnaryCall(ClientCalls.java:139)
	at org.apache.ratis.proto.grpc.RaftServerProtocolServiceGrpc$RaftServerProtocolServiceBlockingStub.requestVote(RaftServerProtocolServiceGrpc.java:265)
	at org.apache.ratis.grpc.server.GrpcServerProtocolClient.requestVote(GrpcServerProtocolClient.java:90)
	at org.apache.ratis.grpc.server.GrpcService.requestVote(GrpcService.java:204)
	at org.apache.ratis.server.impl.LeaderElection.lambda$submitRequests$1(LeaderElection.java:238)
	at java.util.concurrent.FutureTask.run(FutureTask.java:266)
	at java.util.concurrent.Executors$RunnableAdapter.call(Executors.java:511)
	at java.util.concurrent.FutureTask.run(FutureTask.java:266)
	at java.util.concurrent.ThreadPoolExecutor.runWorker(ThreadPoolExecutor.java:1149)
	at java.util.concurrent.ThreadPoolExecutor$Worker.run(ThreadPoolExecutor.java:624)
	... 1 more
Caused by: org.apache.ratis.thirdparty.io.netty.channel.AbstractChannel$AnnotatedConnectException: Connection refused: /192.168.5.148:46161
	at sun.nio.ch.SocketChannelImpl.checkConnect(Native Method)
	at sun.nio.ch.SocketChannelImpl.finishConnect(SocketChannelImpl.java:717)
	at org.apache.ratis.thirdparty.io.netty.channel.socket.nio.NioSocketChannel.doFinishConnect(NioSocketChannel.java:327)
	at org.apache.ratis.thirdparty.io.netty.channel.nio.AbstractNioChannel$AbstractNioUnsafe.finishConnect(AbstractNioChannel.java:340)
	at org.apache.ratis.thirdparty.io.netty.channel.nio.NioEventLoop.processSelectedKey(NioEventLoop.java:632)
	at org.apache.ratis.thirdparty.io.netty.channel.nio.NioEventLoop.processSelectedKeysOptimized(NioEventLoop.java:579)
	at org.apache.ratis.thirdparty.io.netty.channel.nio.NioEventLoop.processSelectedKeys(NioEventLoop.java:496)
	at org.apache.ratis.thirdparty.io.netty.channel.nio.NioEventLoop.run(NioEventLoop.java:458)
	at org.apache.ratis.thirdparty.io.netty.util.concurrent.SingleThreadEventExecutor$5.run(SingleThreadEventExecutor.java:897)
	at org.apache.ratis.thirdparty.io.netty.util.concurrent.FastThreadLocalRunnable.run(FastThreadLocalRunnable.java:30)
	... 1 more
Caused by: java.net.ConnectException: Connection refused
	... 11 more
2019-09-24 19:02:15,895 [d6fdad48-5745-4acd-8132-622988eb1603@group-2B1DF545E51A:LeaderElection34] INFO  impl.LeaderElection (LogUtils.java:infoOrTrace(149)) - d6fdad48-5745-4acd-8132-622988eb1603@group-2B1DF545E51A:LeaderElection34 got exception when requesting votes: {}
java.util.concurrent.ExecutionException: org.apache.ratis.thirdparty.io.grpc.StatusRuntimeException: UNAVAILABLE: io exception
	at java.util.concurrent.FutureTask.report(FutureTask.java:122)
	at java.util.concurrent.FutureTask.get(FutureTask.java:192)
	at org.apache.ratis.server.impl.LeaderElection.waitForResults(LeaderElection.java:263)
	at org.apache.ratis.server.impl.LeaderElection.askForVotes(LeaderElection.java:201)
	at org.apache.ratis.server.impl.LeaderElection.run(LeaderElection.java:133)
	at java.lang.Thread.run(Thread.java:748)
Caused by: org.apache.ratis.thirdparty.io.grpc.StatusRuntimeException: UNAVAILABLE: io exception
	at org.apache.ratis.thirdparty.io.grpc.stub.ClientCalls.toStatusRuntimeException(ClientCalls.java:233)
	at org.apache.ratis.thirdparty.io.grpc.stub.ClientCalls.getUnchecked(ClientCalls.java:214)
	at org.apache.ratis.thirdparty.io.grpc.stub.ClientCalls.blockingUnaryCall(ClientCalls.java:139)
	at org.apache.ratis.proto.grpc.RaftServerProtocolServiceGrpc$RaftServerProtocolServiceBlockingStub.requestVote(RaftServerProtocolServiceGrpc.java:265)
	at org.apache.ratis.grpc.server.GrpcServerProtocolClient.requestVote(GrpcServerProtocolClient.java:90)
	at org.apache.ratis.grpc.server.GrpcService.requestVote(GrpcService.java:204)
	at org.apache.ratis.server.impl.LeaderElection.lambda$submitRequests$1(LeaderElection.java:238)
	at java.util.concurrent.FutureTask.run(FutureTask.java:266)
	at java.util.concurrent.Executors$RunnableAdapter.call(Executors.java:511)
	at java.util.concurrent.FutureTask.run(FutureTask.java:266)
	at java.util.concurrent.ThreadPoolExecutor.runWorker(ThreadPoolExecutor.java:1149)
	at java.util.concurrent.ThreadPoolExecutor$Worker.run(ThreadPoolExecutor.java:624)
	... 1 more
Caused by: org.apache.ratis.thirdparty.io.netty.channel.AbstractChannel$AnnotatedConnectException: Connection refused: /192.168.5.148:35009
	at sun.nio.ch.SocketChannelImpl.checkConnect(Native Method)
	at sun.nio.ch.SocketChannelImpl.finishConnect(SocketChannelImpl.java:717)
	at org.apache.ratis.thirdparty.io.netty.channel.socket.nio.NioSocketChannel.doFinishConnect(NioSocketChannel.java:327)
	at org.apache.ratis.thirdparty.io.netty.channel.nio.AbstractNioChannel$AbstractNioUnsafe.finishConnect(AbstractNioChannel.java:340)
	at org.apache.ratis.thirdparty.io.netty.channel.nio.NioEventLoop.processSelectedKey(NioEventLoop.java:632)
	at org.apache.ratis.thirdparty.io.netty.channel.nio.NioEventLoop.processSelectedKeysOptimized(NioEventLoop.java:579)
	at org.apache.ratis.thirdparty.io.netty.channel.nio.NioEventLoop.processSelectedKeys(NioEventLoop.java:496)
	at org.apache.ratis.thirdparty.io.netty.channel.nio.NioEventLoop.run(NioEventLoop.java:458)
	at org.apache.ratis.thirdparty.io.netty.util.concurrent.SingleThreadEventExecutor$5.run(SingleThreadEventExecutor.java:897)
	at org.apache.ratis.thirdparty.io.netty.util.concurrent.FastThreadLocalRunnable.run(FastThreadLocalRunnable.java:30)
	... 1 more
Caused by: java.net.ConnectException: Connection refused
	... 11 more
2019-09-24 19:02:15,898 [d6fdad48-5745-4acd-8132-622988eb1603@group-2B1DF545E51A:LeaderElection34] INFO  impl.LeaderElection (LeaderElection.java:logAndReturn(56)) - d6fdad48-5745-4acd-8132-622988eb1603@group-2B1DF545E51A:LeaderElection34: Election REJECTED; received 0 response(s) [] and 2 exception(s); d6fdad48-5745-4acd-8132-622988eb1603@group-2B1DF545E51A:t15, leader=null, voted=d6fdad48-5745-4acd-8132-622988eb1603, raftlog=d6fdad48-5745-4acd-8132-622988eb1603@group-2B1DF545E51A-SegmentedRaftLog:OPENED:c4,f4,i4, conf=0: [d6fdad48-5745-4acd-8132-622988eb1603:192.168.5.148:33283, a05b4b97-0b18-4776-a1dd-8f128fadc53a:192.168.5.148:35009, 29620711-3f46-457a-8151-219e63eed2d2:192.168.5.148:46161], old=null
2019-09-24 19:02:15,898 [d6fdad48-5745-4acd-8132-622988eb1603@group-2B1DF545E51A:LeaderElection34] INFO  impl.LeaderElection (LogUtils.java:infoOrTrace(149)) -   Exception 0: {}
java.util.concurrent.ExecutionException: org.apache.ratis.thirdparty.io.grpc.StatusRuntimeException: UNAVAILABLE: io exception
	at java.util.concurrent.FutureTask.report(FutureTask.java:122)
	at java.util.concurrent.FutureTask.get(FutureTask.java:192)
	at org.apache.ratis.server.impl.LeaderElection.waitForResults(LeaderElection.java:263)
	at org.apache.ratis.server.impl.LeaderElection.askForVotes(LeaderElection.java:201)
	at org.apache.ratis.server.impl.LeaderElection.run(LeaderElection.java:133)
	at java.lang.Thread.run(Thread.java:748)
Caused by: org.apache.ratis.thirdparty.io.grpc.StatusRuntimeException: UNAVAILABLE: io exception
	at org.apache.ratis.thirdparty.io.grpc.stub.ClientCalls.toStatusRuntimeException(ClientCalls.java:233)
	at org.apache.ratis.thirdparty.io.grpc.stub.ClientCalls.getUnchecked(ClientCalls.java:214)
	at org.apache.ratis.thirdparty.io.grpc.stub.ClientCalls.blockingUnaryCall(ClientCalls.java:139)
	at org.apache.ratis.proto.grpc.RaftServerProtocolServiceGrpc$RaftServerProtocolServiceBlockingStub.requestVote(RaftServerProtocolServiceGrpc.java:265)
	at org.apache.ratis.grpc.server.GrpcServerProtocolClient.requestVote(GrpcServerProtocolClient.java:90)
	at org.apache.ratis.grpc.server.GrpcService.requestVote(GrpcService.java:204)
	at org.apache.ratis.server.impl.LeaderElection.lambda$submitRequests$1(LeaderElection.java:238)
	at java.util.concurrent.FutureTask.run(FutureTask.java:266)
	at java.util.concurrent.Executors$RunnableAdapter.call(Executors.java:511)
	at java.util.concurrent.FutureTask.run(FutureTask.java:266)
	at java.util.concurrent.ThreadPoolExecutor.runWorker(ThreadPoolExecutor.java:1149)
	at java.util.concurrent.ThreadPoolExecutor$Worker.run(ThreadPoolExecutor.java:624)
	... 1 more
Caused by: org.apache.ratis.thirdparty.io.netty.channel.AbstractChannel$AnnotatedConnectException: Connection refused: /192.168.5.148:46161
	at sun.nio.ch.SocketChannelImpl.checkConnect(Native Method)
	at sun.nio.ch.SocketChannelImpl.finishConnect(SocketChannelImpl.java:717)
	at org.apache.ratis.thirdparty.io.netty.channel.socket.nio.NioSocketChannel.doFinishConnect(NioSocketChannel.java:327)
	at org.apache.ratis.thirdparty.io.netty.channel.nio.AbstractNioChannel$AbstractNioUnsafe.finishConnect(AbstractNioChannel.java:340)
	at org.apache.ratis.thirdparty.io.netty.channel.nio.NioEventLoop.processSelectedKey(NioEventLoop.java:632)
	at org.apache.ratis.thirdparty.io.netty.channel.nio.NioEventLoop.processSelectedKeysOptimized(NioEventLoop.java:579)
	at org.apache.ratis.thirdparty.io.netty.channel.nio.NioEventLoop.processSelectedKeys(NioEventLoop.java:496)
	at org.apache.ratis.thirdparty.io.netty.channel.nio.NioEventLoop.run(NioEventLoop.java:458)
	at org.apache.ratis.thirdparty.io.netty.util.concurrent.SingleThreadEventExecutor$5.run(SingleThreadEventExecutor.java:897)
	at org.apache.ratis.thirdparty.io.netty.util.concurrent.FastThreadLocalRunnable.run(FastThreadLocalRunnable.java:30)
	... 1 more
Caused by: java.net.ConnectException: Connection refused
	... 11 more
2019-09-24 19:02:15,899 [d6fdad48-5745-4acd-8132-622988eb1603@group-2B1DF545E51A:LeaderElection34] INFO  impl.LeaderElection (LogUtils.java:infoOrTrace(149)) -   Exception 1: {}
java.util.concurrent.ExecutionException: org.apache.ratis.thirdparty.io.grpc.StatusRuntimeException: UNAVAILABLE: io exception
	at java.util.concurrent.FutureTask.report(FutureTask.java:122)
	at java.util.concurrent.FutureTask.get(FutureTask.java:192)
	at org.apache.ratis.server.impl.LeaderElection.waitForResults(LeaderElection.java:263)
	at org.apache.ratis.server.impl.LeaderElection.askForVotes(LeaderElection.java:201)
	at org.apache.ratis.server.impl.LeaderElection.run(LeaderElection.java:133)
	at java.lang.Thread.run(Thread.java:748)
Caused by: org.apache.ratis.thirdparty.io.grpc.StatusRuntimeException: UNAVAILABLE: io exception
	at org.apache.ratis.thirdparty.io.grpc.stub.ClientCalls.toStatusRuntimeException(ClientCalls.java:233)
	at org.apache.ratis.thirdparty.io.grpc.stub.ClientCalls.getUnchecked(ClientCalls.java:214)
	at org.apache.ratis.thirdparty.io.grpc.stub.ClientCalls.blockingUnaryCall(ClientCalls.java:139)
	at org.apache.ratis.proto.grpc.RaftServerProtocolServiceGrpc$RaftServerProtocolServiceBlockingStub.requestVote(RaftServerProtocolServiceGrpc.java:265)
	at org.apache.ratis.grpc.server.GrpcServerProtocolClient.requestVote(GrpcServerProtocolClient.java:90)
	at org.apache.ratis.grpc.server.GrpcService.requestVote(GrpcService.java:204)
	at org.apache.ratis.server.impl.LeaderElection.lambda$submitRequests$1(LeaderElection.java:238)
	at java.util.concurrent.FutureTask.run(FutureTask.java:266)
	at java.util.concurrent.Executors$RunnableAdapter.call(Executors.java:511)
	at java.util.concurrent.FutureTask.run(FutureTask.java:266)
	at java.util.concurrent.ThreadPoolExecutor.runWorker(ThreadPoolExecutor.java:1149)
	at java.util.concurrent.ThreadPoolExecutor$Worker.run(ThreadPoolExecutor.java:624)
	... 1 more
Caused by: org.apache.ratis.thirdparty.io.netty.channel.AbstractChannel$AnnotatedConnectException: Connection refused: /192.168.5.148:35009
	at sun.nio.ch.SocketChannelImpl.checkConnect(Native Method)
	at sun.nio.ch.SocketChannelImpl.finishConnect(SocketChannelImpl.java:717)
	at org.apache.ratis.thirdparty.io.netty.channel.socket.nio.NioSocketChannel.doFinishConnect(NioSocketChannel.java:327)
	at org.apache.ratis.thirdparty.io.netty.channel.nio.AbstractNioChannel$AbstractNioUnsafe.finishConnect(AbstractNioChannel.java:340)
	at org.apache.ratis.thirdparty.io.netty.channel.nio.NioEventLoop.processSelectedKey(NioEventLoop.java:632)
	at org.apache.ratis.thirdparty.io.netty.channel.nio.NioEventLoop.processSelectedKeysOptimized(NioEventLoop.java:579)
	at org.apache.ratis.thirdparty.io.netty.channel.nio.NioEventLoop.processSelectedKeys(NioEventLoop.java:496)
	at org.apache.ratis.thirdparty.io.netty.channel.nio.NioEventLoop.run(NioEventLoop.java:458)
	at org.apache.ratis.thirdparty.io.netty.util.concurrent.SingleThreadEventExecutor$5.run(SingleThreadEventExecutor.java:897)
	at org.apache.ratis.thirdparty.io.netty.util.concurrent.FastThreadLocalRunnable.run(FastThreadLocalRunnable.java:30)
	... 1 more
Caused by: java.net.ConnectException: Connection refused
	... 11 more
2019-09-24 19:02:15,899 [d6fdad48-5745-4acd-8132-622988eb1603@group-2B1DF545E51A:LeaderElection34] INFO  impl.RaftServerImpl (RaftServerImpl.java:setRole(174)) - d6fdad48-5745-4acd-8132-622988eb1603@group-2B1DF545E51A: changes role from CANDIDATE to FOLLOWER at term 15 for DISCOVERED_A_NEW_TERM
2019-09-24 19:02:15,900 [d6fdad48-5745-4acd-8132-622988eb1603@group-2B1DF545E51A:LeaderElection34] INFO  impl.RoleInfo (RoleInfo.java:shutdownLeaderElection(134)) - d6fdad48-5745-4acd-8132-622988eb1603: shutdown LeaderElection
2019-09-24 19:02:15,900 [d6fdad48-5745-4acd-8132-622988eb1603@group-2B1DF545E51A:LeaderElection34] INFO  impl.RoleInfo (RoleInfo.java:updateAndGet(143)) - d6fdad48-5745-4acd-8132-622988eb1603: start FollowerState
2019-09-24 19:02:17,046 [Thread-1182] INFO  impl.FollowerState (FollowerState.java:run(106)) - d6fdad48-5745-4acd-8132-622988eb1603:group-2B1DF545E51A changes to CANDIDATE, lastRpcTime:1145, electionTimeout:1145ms
2019-09-24 19:02:17,050 [Thread-1182] INFO  impl.RoleInfo (RoleInfo.java:shutdownFollowerState(121)) - d6fdad48-5745-4acd-8132-622988eb1603: shutdown FollowerState
2019-09-24 19:02:17,050 [Thread-1182] INFO  impl.RaftServerImpl (RaftServerImpl.java:setRole(174)) - d6fdad48-5745-4acd-8132-622988eb1603@group-2B1DF545E51A: changes role from  FOLLOWER to CANDIDATE at term 15 for changeToCandidate
2019-09-24 19:02:17,051 [Thread-1182] INFO  impl.RoleInfo (RoleInfo.java:updateAndGet(143)) - d6fdad48-5745-4acd-8132-622988eb1603: start LeaderElection
2019-09-24 19:02:19,027 [main] INFO  ozoneimpl.OzoneContainer (OzoneContainer.java:stop(231)) - Attempting to stop container services.
2019-09-24 19:02:19,029 [ForkJoinPool.commonPool-worker-0] INFO  ozoneimpl.OzoneContainer (OzoneContainer.java:stop(231)) - Attempting to stop container services.
2019-09-24 19:02:19,030 [main] INFO  impl.RaftServerProxy (RaftServerProxy.java:lambda$close$4(314)) - 91e07af8-8ce2-4ac6-9c90-851894b34103: close
2019-09-24 19:02:19,030 [ForkJoinPool.commonPool-worker-0] INFO  impl.RaftServerProxy (RaftServerProxy.java:lambda$close$4(314)) - d6fdad48-5745-4acd-8132-622988eb1603: close
2019-09-24 19:02:19,031 [main] INFO  impl.RaftServerImpl (RaftServerImpl.java:lambda$shutdown$3(251)) - 91e07af8-8ce2-4ac6-9c90-851894b34103@group-E6958FC09C93: shutdown
2019-09-24 19:02:19,031 [ForkJoinPool.commonPool-worker-0] INFO  impl.RaftServerImpl (RaftServerImpl.java:lambda$shutdown$3(251)) - d6fdad48-5745-4acd-8132-622988eb1603@group-DE48529C9C19: shutdown
2019-09-24 19:02:19,031 [main] INFO  util.JmxRegister (JmxRegister.java:unregister(73)) - Successfully un-registered JMX Bean with object name Ratis:service=RaftServer,group=group-E6958FC09C93,id=91e07af8-8ce2-4ac6-9c90-851894b34103
2019-09-24 19:02:19,032 [ForkJoinPool.commonPool-worker-0] INFO  util.JmxRegister (JmxRegister.java:unregister(73)) - Successfully un-registered JMX Bean with object name Ratis:service=RaftServer,group=group-DE48529C9C19,id=d6fdad48-5745-4acd-8132-622988eb1603
2019-09-24 19:02:19,032 [main] INFO  impl.RoleInfo (RoleInfo.java:shutdownLeaderState(104)) - 91e07af8-8ce2-4ac6-9c90-851894b34103: shutdown LeaderState
2019-09-24 19:02:19,032 [ForkJoinPool.commonPool-worker-0] INFO  impl.RoleInfo (RoleInfo.java:shutdownLeaderState(104)) - d6fdad48-5745-4acd-8132-622988eb1603: shutdown LeaderState
2019-09-24 19:02:19,033 [main] INFO  impl.PendingRequests (PendingRequests.java:sendNotLeaderResponses(202)) - 91e07af8-8ce2-4ac6-9c90-851894b34103-PendingRequests: sendNotLeaderResponses
2019-09-24 19:02:19,033 [ForkJoinPool.commonPool-worker-0] INFO  impl.PendingRequests (PendingRequests.java:sendNotLeaderResponses(202)) - d6fdad48-5745-4acd-8132-622988eb1603-PendingRequests: sendNotLeaderResponses
2019-09-24 19:02:19,044 [main] INFO  impl.StateMachineUpdater (StateMachineUpdater.java:stopAndJoin(125)) - 91e07af8-8ce2-4ac6-9c90-851894b34103@group-E6958FC09C93-StateMachineUpdater: set stopIndex = 0
2019-09-24 19:02:19,044 [ForkJoinPool.commonPool-worker-0] INFO  impl.StateMachineUpdater (StateMachineUpdater.java:stopAndJoin(125)) - d6fdad48-5745-4acd-8132-622988eb1603@group-DE48529C9C19-StateMachineUpdater: set stopIndex = 0
2019-09-24 19:02:19,045 [main] INFO  impl.RaftServerImpl (ServerState.java:close(385)) - 91e07af8-8ce2-4ac6-9c90-851894b34103@group-E6958FC09C93: closes. applyIndex: 0
2019-09-24 19:02:19,045 [ForkJoinPool.commonPool-worker-0] INFO  impl.RaftServerImpl (ServerState.java:close(385)) - d6fdad48-5745-4acd-8132-622988eb1603@group-DE48529C9C19: closes. applyIndex: 0
2019-09-24 19:02:19,046 [91e07af8-8ce2-4ac6-9c90-851894b34103@group-E6958FC09C93-SegmentedRaftLogWorker] INFO  segmented.SegmentedRaftLogWorker (SegmentedRaftLogWorker.java:run(313)) - 91e07af8-8ce2-4ac6-9c90-851894b34103@group-E6958FC09C93-SegmentedRaftLogWorker was interrupted, exiting. There are 0 tasks remaining in the queue.
2019-09-24 19:02:19,046 [d6fdad48-5745-4acd-8132-622988eb1603@group-DE48529C9C19-SegmentedRaftLogWorker] INFO  segmented.SegmentedRaftLogWorker (SegmentedRaftLogWorker.java:run(313)) - d6fdad48-5745-4acd-8132-622988eb1603@group-DE48529C9C19-SegmentedRaftLogWorker was interrupted, exiting. There are 0 tasks remaining in the queue.
2019-09-24 19:02:19,049 [main] INFO  segmented.SegmentedRaftLogWorker (SegmentedRaftLogWorker.java:close(228)) - 91e07af8-8ce2-4ac6-9c90-851894b34103@group-E6958FC09C93-SegmentedRaftLogWorker close()
2019-09-24 19:02:19,049 [ForkJoinPool.commonPool-worker-0] INFO  segmented.SegmentedRaftLogWorker (SegmentedRaftLogWorker.java:close(228)) - d6fdad48-5745-4acd-8132-622988eb1603@group-DE48529C9C19-SegmentedRaftLogWorker close()
2019-09-24 19:02:19,054 [main] INFO  impl.RaftServerImpl (RaftServerImpl.java:lambda$shutdown$3(251)) - 91e07af8-8ce2-4ac6-9c90-851894b34103@group-91D416462A89: shutdown
2019-09-24 19:02:19,059 [ForkJoinPool.commonPool-worker-0] INFO  impl.RaftServerImpl (RaftServerImpl.java:lambda$shutdown$3(251)) - d6fdad48-5745-4acd-8132-622988eb1603@group-2B1DF545E51A: shutdown
2019-09-24 19:02:19,059 [main] INFO  util.JmxRegister (JmxRegister.java:unregister(73)) - Successfully un-registered JMX Bean with object name Ratis:service=RaftServer,group=group-91D416462A89,id=91e07af8-8ce2-4ac6-9c90-851894b34103
2019-09-24 19:02:19,059 [ForkJoinPool.commonPool-worker-0] INFO  util.JmxRegister (JmxRegister.java:unregister(73)) - Successfully un-registered JMX Bean with object name Ratis:service=RaftServer,group=group-2B1DF545E51A,id=d6fdad48-5745-4acd-8132-622988eb1603
2019-09-24 19:02:19,060 [main] INFO  impl.RoleInfo (RoleInfo.java:shutdownLeaderState(104)) - 91e07af8-8ce2-4ac6-9c90-851894b34103: shutdown LeaderState
2019-09-24 19:02:19,060 [ForkJoinPool.commonPool-worker-0] INFO  impl.RoleInfo (RoleInfo.java:shutdownLeaderElection(134)) - d6fdad48-5745-4acd-8132-622988eb1603: shutdown LeaderElection
2019-09-24 19:02:19,065 [org.apache.ratis.server.impl.LogAppender$AppenderDaemon$$Lambda$482/945058366@b675b88] WARN  server.GrpcLogAppender (GrpcLogAppender.java:mayWait(143)) - 91e07af8-8ce2-4ac6-9c90-851894b34103@group-91D416462A89->f9d00a00-bc78-4492-92ba-83defd396746-GrpcLogAppender: Wait interrupted by java.lang.InterruptedException
2019-09-24 19:02:19,065 [org.apache.ratis.server.impl.LogAppender$AppenderDaemon$$Lambda$482/945058366@22694a83] WARN  server.GrpcLogAppender (GrpcLogAppender.java:mayWait(143)) - 91e07af8-8ce2-4ac6-9c90-851894b34103@group-91D416462A89->dd51241e-7f30-423c-8baf-8925f04f92e5-GrpcLogAppender: Wait interrupted by java.lang.InterruptedException
2019-09-24 19:02:19,065 [main] INFO  impl.PendingRequests (PendingRequests.java:sendNotLeaderResponses(202)) - 91e07af8-8ce2-4ac6-9c90-851894b34103-PendingRequests: sendNotLeaderResponses
2019-09-24 19:02:19,065 [d6fdad48-5745-4acd-8132-622988eb1603@group-2B1DF545E51A-StateMachineUpdater] INFO  ratis.ContainerStateMachine (ContainerStateMachine.java:takeSnapshot(289)) - group-2B1DF545E51A: Taking a snapshot at:(t:1, i:3) file /workdir/hadoop-ozone/integration-test/target/test-dir/MiniOzoneClusterImpl-347bc0d8-8dc7-46c0-bd0b-f626cebf696e/datanode-3/data/ratis/14de40bd-5f85-419a-a46b-2b1df545e51a/sm/snapshot.1_3
2019-09-24 19:02:19,065 [ForkJoinPool.commonPool-worker-0] INFO  impl.StateMachineUpdater (StateMachineUpdater.java:stopAndJoin(125)) - d6fdad48-5745-4acd-8132-622988eb1603@group-2B1DF545E51A-StateMachineUpdater: set stopIndex = 4
2019-09-24 19:02:19,077 [grpc-default-executor-6] INFO  server.GrpcServerProtocolService (GrpcServerProtocolService.java:onCompleted(113)) - dd51241e-7f30-423c-8baf-8925f04f92e5: Completed APPEND_ENTRIES, lastRequest: 91e07af8-8ce2-4ac6-9c90-851894b34103->dd51241e-7f30-423c-8baf-8925f04f92e5#151-t2, previous=(t:2, i:2), leaderCommit=2, initializing? false, entries: <empty>
2019-09-24 19:02:19,077 [grpc-default-executor-7] INFO  server.GrpcServerProtocolService (GrpcServerProtocolService.java:onCompleted(113)) - f9d00a00-bc78-4492-92ba-83defd396746: Completed APPEND_ENTRIES, lastRequest: 91e07af8-8ce2-4ac6-9c90-851894b34103->f9d00a00-bc78-4492-92ba-83defd396746#150-t2, previous=(t:2, i:2), leaderCommit=2, initializing? false, entries: <empty>
2019-09-24 19:02:19,076 [91e07af8-8ce2-4ac6-9c90-851894b34103@group-91D416462A89-StateMachineUpdater] INFO  ratis.ContainerStateMachine (ContainerStateMachine.java:takeSnapshot(289)) - group-91D416462A89: Taking a snapshot at:(t:2, i:1) file /workdir/hadoop-ozone/integration-test/target/test-dir/MiniOzoneClusterImpl-347bc0d8-8dc7-46c0-bd0b-f626cebf696e/datanode-5/data/ratis/1fa6406a-2613-4140-9828-91d416462a89/sm/snapshot.2_1
2019-09-24 19:02:19,076 [main] INFO  impl.StateMachineUpdater (StateMachineUpdater.java:stopAndJoin(125)) - 91e07af8-8ce2-4ac6-9c90-851894b34103@group-91D416462A89-StateMachineUpdater: set stopIndex = 2
2019-09-24 19:02:19,079 [grpc-default-executor-7] INFO  server.GrpcLogAppender (GrpcLogAppender.java:onCompleted(293)) - 91e07af8-8ce2-4ac6-9c90-851894b34103@group-91D416462A89->f9d00a00-bc78-4492-92ba-83defd396746-AppendLogResponseHandler: follower responses appendEntries COMPLETED
2019-09-24 19:02:19,079 [grpc-default-executor-6] INFO  server.GrpcLogAppender (GrpcLogAppender.java:onCompleted(293)) - 91e07af8-8ce2-4ac6-9c90-851894b34103@group-91D416462A89->dd51241e-7f30-423c-8baf-8925f04f92e5-AppendLogResponseHandler: follower responses appendEntries COMPLETED
2019-09-24 19:02:19,080 [grpc-default-executor-7] INFO  impl.FollowerInfo (FollowerInfo.java:lambda$new$0(51)) - 91e07af8-8ce2-4ac6-9c90-851894b34103@group-91D416462A89->f9d00a00-bc78-4492-92ba-83defd396746: nextIndex: updateUnconditionally 3 -> 2
2019-09-24 19:02:19,080 [grpc-default-executor-6] INFO  impl.FollowerInfo (FollowerInfo.java:lambda$new$0(51)) - 91e07af8-8ce2-4ac6-9c90-851894b34103@group-91D416462A89->dd51241e-7f30-423c-8baf-8925f04f92e5: nextIndex: updateUnconditionally 3 -> 2
2019-09-24 19:02:20,008 [Thread-434] INFO  impl.FollowerState (FollowerState.java:run(106)) - f9d00a00-bc78-4492-92ba-83defd396746:group-91D416462A89 changes to CANDIDATE, lastRpcTime:1239, electionTimeout:1161ms
2019-09-24 19:02:20,008 [Thread-434] INFO  impl.RoleInfo (RoleInfo.java:shutdownFollowerState(121)) - f9d00a00-bc78-4492-92ba-83defd396746: shutdown FollowerState
2019-09-24 19:02:20,008 [Thread-434] INFO  impl.RaftServerImpl (RaftServerImpl.java:setRole(174)) - f9d00a00-bc78-4492-92ba-83defd396746@group-91D416462A89: changes role from  FOLLOWER to CANDIDATE at term 2 for changeToCandidate
2019-09-24 19:02:20,012 [Thread-434] INFO  impl.RoleInfo (RoleInfo.java:updateAndGet(143)) - f9d00a00-bc78-4492-92ba-83defd396746: start LeaderElection
2019-09-24 19:02:20,015 [f9d00a00-bc78-4492-92ba-83defd396746@group-91D416462A89:LeaderElection36] INFO  impl.RaftServerImpl (ServerState.java:setLeader(253)) - f9d00a00-bc78-4492-92ba-83defd396746@group-91D416462A89: change Leader from 91e07af8-8ce2-4ac6-9c90-851894b34103 to null at term 2 for initElection
2019-09-24 19:02:20,592 [Thread-435] INFO  impl.FollowerState (FollowerState.java:run(106)) - dd51241e-7f30-423c-8baf-8925f04f92e5:group-91D416462A89 changes to CANDIDATE, lastRpcTime:1818, electionTimeout:1103ms
2019-09-24 19:02:20,592 [Thread-435] INFO  impl.RoleInfo (RoleInfo.java:shutdownFollowerState(121)) - dd51241e-7f30-423c-8baf-8925f04f92e5: shutdown FollowerState
2019-09-24 19:02:20,592 [Thread-435] INFO  impl.RaftServerImpl (RaftServerImpl.java:setRole(174)) - dd51241e-7f30-423c-8baf-8925f04f92e5@group-91D416462A89: changes role from  FOLLOWER to CANDIDATE at term 2 for changeToCandidate
2019-09-24 19:02:20,592 [Thread-435] INFO  impl.RoleInfo (RoleInfo.java:updateAndGet(143)) - dd51241e-7f30-423c-8baf-8925f04f92e5: start LeaderElection
2019-09-24 19:02:20,596 [dd51241e-7f30-423c-8baf-8925f04f92e5@group-91D416462A89:LeaderElection37] INFO  impl.RaftServerImpl (ServerState.java:setLeader(253)) - dd51241e-7f30-423c-8baf-8925f04f92e5@group-91D416462A89: change Leader from 91e07af8-8ce2-4ac6-9c90-851894b34103 to null at term 2 for initElection
2019-09-24 19:02:21,172 [91e07af8-8ce2-4ac6-9c90-851894b34103@group-91D416462A89-StateMachineUpdater] INFO  ratis.ContainerStateMachine (ContainerStateMachine.java:takeSnapshot(300)) - group-91D416462A89: Finished taking a snapshot at:(t:2, i:1) file:/workdir/hadoop-ozone/integration-test/target/test-dir/MiniOzoneClusterImpl-347bc0d8-8dc7-46c0-bd0b-f626cebf696e/datanode-5/data/ratis/1fa6406a-2613-4140-9828-91d416462a89/sm/snapshot.2_1 time:2096
2019-09-24 19:02:21,172 [d6fdad48-5745-4acd-8132-622988eb1603@group-2B1DF545E51A-StateMachineUpdater] INFO  ratis.ContainerStateMachine (ContainerStateMachine.java:takeSnapshot(300)) - group-2B1DF545E51A: Finished taking a snapshot at:(t:1, i:3) file:/workdir/hadoop-ozone/integration-test/target/test-dir/MiniOzoneClusterImpl-347bc0d8-8dc7-46c0-bd0b-f626cebf696e/datanode-3/data/ratis/14de40bd-5f85-419a-a46b-2b1df545e51a/sm/snapshot.1_3 time:2107
2019-09-24 19:02:21,173 [d6fdad48-5745-4acd-8132-622988eb1603@group-2B1DF545E51A:LeaderElection35] INFO  impl.LeaderElection (LeaderElection.java:askForVotes(182)) - d6fdad48-5745-4acd-8132-622988eb1603@group-2B1DF545E51A:LeaderElection35: begin an election at term 16 for 0: [d6fdad48-5745-4acd-8132-622988eb1603:192.168.5.148:33283, a05b4b97-0b18-4776-a1dd-8f128fadc53a:192.168.5.148:35009, 29620711-3f46-457a-8151-219e63eed2d2:192.168.5.148:46161], old=null
2019-09-24 19:02:21,173 [d6fdad48-5745-4acd-8132-622988eb1603@group-2B1DF545E51A-StateMachineUpdater] INFO  impl.StateMachineUpdater (StateMachineUpdater.java:takeSnapshot(258)) - d6fdad48-5745-4acd-8132-622988eb1603@group-2B1DF545E51A-StateMachineUpdater: Took a snapshot at index 3
2019-09-24 19:02:21,173 [91e07af8-8ce2-4ac6-9c90-851894b34103@group-91D416462A89-StateMachineUpdater] INFO  impl.StateMachineUpdater (StateMachineUpdater.java:takeSnapshot(258)) - 91e07af8-8ce2-4ac6-9c90-851894b34103@group-91D416462A89-StateMachineUpdater: Took a snapshot at index 1
2019-09-24 19:02:21,173 [d6fdad48-5745-4acd-8132-622988eb1603@group-2B1DF545E51A-StateMachineUpdater] INFO  impl.StateMachineUpdater (StateMachineUpdater.java:lambda$new$0(83)) - d6fdad48-5745-4acd-8132-622988eb1603@group-2B1DF545E51A-StateMachineUpdater: snapshotIndex: updateIncreasingly -1 -> 3
2019-09-24 19:02:21,174 [f9d00a00-bc78-4492-92ba-83defd396746@group-91D416462A89:LeaderElection36] INFO  impl.LeaderElection (LeaderElection.java:askForVotes(182)) - f9d00a00-bc78-4492-92ba-83defd396746@group-91D416462A89:LeaderElection36: begin an election at term 3 for 0: [f9d00a00-bc78-4492-92ba-83defd396746:192.168.5.148:39515, 91e07af8-8ce2-4ac6-9c90-851894b34103:192.168.5.148:45771, dd51241e-7f30-423c-8baf-8925f04f92e5:192.168.5.148:35152], old=null
2019-09-24 19:02:21,173 [91e07af8-8ce2-4ac6-9c90-851894b34103@group-91D416462A89-StateMachineUpdater] INFO  impl.StateMachineUpdater (StateMachineUpdater.java:lambda$new$0(83)) - 91e07af8-8ce2-4ac6-9c90-851894b34103@group-91D416462A89-StateMachineUpdater: snapshotIndex: updateIncreasingly -1 -> 1
2019-09-24 19:02:21,174 [dd51241e-7f30-423c-8baf-8925f04f92e5@group-91D416462A89:LeaderElection37] INFO  impl.LeaderElection (LeaderElection.java:askForVotes(182)) - dd51241e-7f30-423c-8baf-8925f04f92e5@group-91D416462A89:LeaderElection37: begin an election at term 3 for 0: [f9d00a00-bc78-4492-92ba-83defd396746:192.168.5.148:39515, 91e07af8-8ce2-4ac6-9c90-851894b34103:192.168.5.148:45771, dd51241e-7f30-423c-8baf-8925f04f92e5:192.168.5.148:35152], old=null
2019-09-24 19:02:21,174 [d6fdad48-5745-4acd-8132-622988eb1603@group-2B1DF545E51A:LeaderElection35] INFO  impl.LeaderElection (LeaderElection.java:logAndReturn(56)) - d6fdad48-5745-4acd-8132-622988eb1603@group-2B1DF545E51A:LeaderElection35: Election REJECTED; received 0 response(s) [] and 0 exception(s); d6fdad48-5745-4acd-8132-622988eb1603@group-2B1DF545E51A:t16, leader=null, voted=d6fdad48-5745-4acd-8132-622988eb1603, raftlog=d6fdad48-5745-4acd-8132-622988eb1603@group-2B1DF545E51A-SegmentedRaftLog:OPENED:c4,f4,i4, conf=0: [d6fdad48-5745-4acd-8132-622988eb1603:192.168.5.148:33283, a05b4b97-0b18-4776-a1dd-8f128fadc53a:192.168.5.148:35009, 29620711-3f46-457a-8151-219e63eed2d2:192.168.5.148:46161], old=null
2019-09-24 19:02:21,174 [d6fdad48-5745-4acd-8132-622988eb1603@group-2B1DF545E51A-StateMachineUpdater] INFO  ratis.ContainerStateMachine (ContainerStateMachine.java:takeSnapshot(289)) - group-2B1DF545E51A: Taking a snapshot at:(t:1, i:3) file /workdir/hadoop-ozone/integration-test/target/test-dir/MiniOzoneClusterImpl-347bc0d8-8dc7-46c0-bd0b-f626cebf696e/datanode-3/data/ratis/14de40bd-5f85-419a-a46b-2b1df545e51a/sm/snapshot.1_3
2019-09-24 19:02:21,174 [91e07af8-8ce2-4ac6-9c90-851894b34103@group-91D416462A89-StateMachineUpdater] INFO  ratis.ContainerStateMachine (ContainerStateMachine.java:takeSnapshot(289)) - group-91D416462A89: Taking a snapshot at:(t:2, i:1) file /workdir/hadoop-ozone/integration-test/target/test-dir/MiniOzoneClusterImpl-347bc0d8-8dc7-46c0-bd0b-f626cebf696e/datanode-5/data/ratis/1fa6406a-2613-4140-9828-91d416462a89/sm/snapshot.2_1
2019-09-24 19:02:21,183 [grpc-default-executor-7] WARN  server.GrpcServerProtocolService (LogUtils.java:warn(134)) - 91e07af8-8ce2-4ac6-9c90-851894b34103: Failed requestVote f9d00a00-bc78-4492-92ba-83defd396746->91e07af8-8ce2-4ac6-9c90-851894b34103#0: org.apache.ratis.protocol.ServerNotReadyException: 91e07af8-8ce2-4ac6-9c90-851894b34103@group-91D416462A89 is not in [RUNNING]: current state is CLOSING
2019-09-24 19:02:21,184 [grpc-default-executor-6] WARN  server.GrpcServerProtocolService (LogUtils.java:warn(134)) - 91e07af8-8ce2-4ac6-9c90-851894b34103: Failed requestVote dd51241e-7f30-423c-8baf-8925f04f92e5->91e07af8-8ce2-4ac6-9c90-851894b34103#0: org.apache.ratis.protocol.ServerNotReadyException: 91e07af8-8ce2-4ac6-9c90-851894b34103@group-91D416462A89 is not in [RUNNING]: current state is CLOSING
2019-09-24 19:02:21,188 [f9d00a00-bc78-4492-92ba-83defd396746@group-91D416462A89:LeaderElection36] INFO  impl.LeaderElection (LogUtils.java:infoOrTrace(149)) - f9d00a00-bc78-4492-92ba-83defd396746@group-91D416462A89:LeaderElection36 got exception when requesting votes: {}
java.util.concurrent.ExecutionException: org.apache.ratis.thirdparty.io.grpc.StatusRuntimeException: INTERNAL: 91e07af8-8ce2-4ac6-9c90-851894b34103@group-91D416462A89 is not in [RUNNING]: current state is CLOSING
	at java.util.concurrent.FutureTask.report(FutureTask.java:122)
	at java.util.concurrent.FutureTask.get(FutureTask.java:192)
	at org.apache.ratis.server.impl.LeaderElection.waitForResults(LeaderElection.java:263)
	at org.apache.ratis.server.impl.LeaderElection.askForVotes(LeaderElection.java:201)
	at org.apache.ratis.server.impl.LeaderElection.run(LeaderElection.java:133)
	at java.lang.Thread.run(Thread.java:748)
Caused by: org.apache.ratis.thirdparty.io.grpc.StatusRuntimeException: INTERNAL: 91e07af8-8ce2-4ac6-9c90-851894b34103@group-91D416462A89 is not in [RUNNING]: current state is CLOSING
	at org.apache.ratis.thirdparty.io.grpc.stub.ClientCalls.toStatusRuntimeException(ClientCalls.java:233)
	at org.apache.ratis.thirdparty.io.grpc.stub.ClientCalls.getUnchecked(ClientCalls.java:214)
	at org.apache.ratis.thirdparty.io.grpc.stub.ClientCalls.blockingUnaryCall(ClientCalls.java:139)
	at org.apache.ratis.proto.grpc.RaftServerProtocolServiceGrpc$RaftServerProtocolServiceBlockingStub.requestVote(RaftServerProtocolServiceGrpc.java:265)
	at org.apache.ratis.grpc.server.GrpcServerProtocolClient.requestVote(GrpcServerProtocolClient.java:90)
	at org.apache.ratis.grpc.server.GrpcService.requestVote(GrpcService.java:204)
	at org.apache.ratis.server.impl.LeaderElection.lambda$submitRequests$1(LeaderElection.java:238)
	at java.util.concurrent.FutureTask.run(FutureTask.java:266)
	at java.util.concurrent.Executors$RunnableAdapter.call(Executors.java:511)
	at java.util.concurrent.FutureTask.run(FutureTask.java:266)
	at java.util.concurrent.ThreadPoolExecutor.runWorker(ThreadPoolExecutor.java:1149)
	at java.util.concurrent.ThreadPoolExecutor$Worker.run(ThreadPoolExecutor.java:624)
	... 1 more
2019-09-24 19:02:21,191 [dd51241e-7f30-423c-8baf-8925f04f92e5@group-91D416462A89:LeaderElection37] INFO  impl.LeaderElection (LogUtils.java:infoOrTrace(149)) - dd51241e-7f30-423c-8baf-8925f04f92e5@group-91D416462A89:LeaderElection37 got exception when requesting votes: {}
java.util.concurrent.ExecutionException: org.apache.ratis.thirdparty.io.grpc.StatusRuntimeException: INTERNAL: 91e07af8-8ce2-4ac6-9c90-851894b34103@group-91D416462A89 is not in [RUNNING]: current state is CLOSING
	at java.util.concurrent.FutureTask.report(FutureTask.java:122)
	at java.util.concurrent.FutureTask.get(FutureTask.java:192)
	at org.apache.ratis.server.impl.LeaderElection.waitForResults(LeaderElection.java:263)
	at org.apache.ratis.server.impl.LeaderElection.askForVotes(LeaderElection.java:201)
	at org.apache.ratis.server.impl.LeaderElection.run(LeaderElection.java:133)
	at java.lang.Thread.run(Thread.java:748)
Caused by: org.apache.ratis.thirdparty.io.grpc.StatusRuntimeException: INTERNAL: 91e07af8-8ce2-4ac6-9c90-851894b34103@group-91D416462A89 is not in [RUNNING]: current state is CLOSING
	at org.apache.ratis.thirdparty.io.grpc.stub.ClientCalls.toStatusRuntimeException(ClientCalls.java:233)
	at org.apache.ratis.thirdparty.io.grpc.stub.ClientCalls.getUnchecked(ClientCalls.java:214)
	at org.apache.ratis.thirdparty.io.grpc.stub.ClientCalls.blockingUnaryCall(ClientCalls.java:139)
	at org.apache.ratis.proto.grpc.RaftServerProtocolServiceGrpc$RaftServerProtocolServiceBlockingStub.requestVote(RaftServerProtocolServiceGrpc.java:265)
	at org.apache.ratis.grpc.server.GrpcServerProtocolClient.requestVote(GrpcServerProtocolClient.java:90)
	at org.apache.ratis.grpc.server.GrpcService.requestVote(GrpcService.java:204)
	at org.apache.ratis.server.impl.LeaderElection.lambda$submitRequests$1(LeaderElection.java:238)
	at java.util.concurrent.FutureTask.run(FutureTask.java:266)
	at java.util.concurrent.Executors$RunnableAdapter.call(Executors.java:511)
	at java.util.concurrent.FutureTask.run(FutureTask.java:266)
	at java.util.concurrent.ThreadPoolExecutor.runWorker(ThreadPoolExecutor.java:1149)
	at java.util.concurrent.ThreadPoolExecutor$Worker.run(ThreadPoolExecutor.java:624)
	... 1 more
2019-09-24 19:02:21,191 [f9d00a00-bc78-4492-92ba-83defd396746@group-91D416462A89:LeaderElection36] INFO  impl.LeaderElection (LeaderElection.java:logAndReturn(56)) - f9d00a00-bc78-4492-92ba-83defd396746@group-91D416462A89:LeaderElection36: Election REJECTED; received 1 response(s) [f9d00a00-bc78-4492-92ba-83defd396746<-dd51241e-7f30-423c-8baf-8925f04f92e5#0:FAIL-t3] and 1 exception(s); f9d00a00-bc78-4492-92ba-83defd396746@group-91D416462A89:t3, leader=null, voted=f9d00a00-bc78-4492-92ba-83defd396746, raftlog=f9d00a00-bc78-4492-92ba-83defd396746@group-91D416462A89-SegmentedRaftLog:OPENED:c2,f2,i2, conf=0: [f9d00a00-bc78-4492-92ba-83defd396746:192.168.5.148:39515, 91e07af8-8ce2-4ac6-9c90-851894b34103:192.168.5.148:45771, dd51241e-7f30-423c-8baf-8925f04f92e5:192.168.5.148:35152], old=null
2019-09-24 19:02:21,194 [dd51241e-7f30-423c-8baf-8925f04f92e5@group-91D416462A89:LeaderElection37] INFO  impl.LeaderElection (LeaderElection.java:logAndReturn(56)) - dd51241e-7f30-423c-8baf-8925f04f92e5@group-91D416462A89:LeaderElection37: Election REJECTED; received 1 response(s) [dd51241e-7f30-423c-8baf-8925f04f92e5<-f9d00a00-bc78-4492-92ba-83defd396746#0:FAIL-t3] and 1 exception(s); dd51241e-7f30-423c-8baf-8925f04f92e5@group-91D416462A89:t3, leader=null, voted=dd51241e-7f30-423c-8baf-8925f04f92e5, raftlog=dd51241e-7f30-423c-8baf-8925f04f92e5@group-91D416462A89-SegmentedRaftLog:OPENED:c2,f2,i2, conf=0: [f9d00a00-bc78-4492-92ba-83defd396746:192.168.5.148:39515, 91e07af8-8ce2-4ac6-9c90-851894b34103:192.168.5.148:45771, dd51241e-7f30-423c-8baf-8925f04f92e5:192.168.5.148:35152], old=null
2019-09-24 19:02:21,195 [f9d00a00-bc78-4492-92ba-83defd396746@group-91D416462A89:LeaderElection36] INFO  impl.LeaderElection (LogUtils.java:infoOrTrace(149)) -   Exception 0: {}
java.util.concurrent.ExecutionException: org.apache.ratis.thirdparty.io.grpc.StatusRuntimeException: INTERNAL: 91e07af8-8ce2-4ac6-9c90-851894b34103@group-91D416462A89 is not in [RUNNING]: current state is CLOSING
	at java.util.concurrent.FutureTask.report(FutureTask.java:122)
	at java.util.concurrent.FutureTask.get(FutureTask.java:192)
	at org.apache.ratis.server.impl.LeaderElection.waitForResults(LeaderElection.java:263)
	at org.apache.ratis.server.impl.LeaderElection.askForVotes(LeaderElection.java:201)
	at org.apache.ratis.server.impl.LeaderElection.run(LeaderElection.java:133)
	at java.lang.Thread.run(Thread.java:748)
Caused by: org.apache.ratis.thirdparty.io.grpc.StatusRuntimeException: INTERNAL: 91e07af8-8ce2-4ac6-9c90-851894b34103@group-91D416462A89 is not in [RUNNING]: current state is CLOSING
	at org.apache.ratis.thirdparty.io.grpc.stub.ClientCalls.toStatusRuntimeException(ClientCalls.java:233)
	at org.apache.ratis.thirdparty.io.grpc.stub.ClientCalls.getUnchecked(ClientCalls.java:214)
	at org.apache.ratis.thirdparty.io.grpc.stub.ClientCalls.blockingUnaryCall(ClientCalls.java:139)
	at org.apache.ratis.proto.grpc.RaftServerProtocolServiceGrpc$RaftServerProtocolServiceBlockingStub.requestVote(RaftServerProtocolServiceGrpc.java:265)
	at org.apache.ratis.grpc.server.GrpcServerProtocolClient.requestVote(GrpcServerProtocolClient.java:90)
	at org.apache.ratis.grpc.server.GrpcService.requestVote(GrpcService.java:204)
	at org.apache.ratis.server.impl.LeaderElection.lambda$submitRequests$1(LeaderElection.java:238)
	at java.util.concurrent.FutureTask.run(FutureTask.java:266)
	at java.util.concurrent.Executors$RunnableAdapter.call(Executors.java:511)
	at java.util.concurrent.FutureTask.run(FutureTask.java:266)
	at java.util.concurrent.ThreadPoolExecutor.runWorker(ThreadPoolExecutor.java:1149)
	at java.util.concurrent.ThreadPoolExecutor$Worker.run(ThreadPoolExecutor.java:624)
	... 1 more
2019-09-24 19:02:21,195 [dd51241e-7f30-423c-8baf-8925f04f92e5@group-91D416462A89:LeaderElection37] INFO  impl.LeaderElection (LogUtils.java:infoOrTrace(149)) -   Exception 0: {}
java.util.concurrent.ExecutionException: org.apache.ratis.thirdparty.io.grpc.StatusRuntimeException: INTERNAL: 91e07af8-8ce2-4ac6-9c90-851894b34103@group-91D416462A89 is not in [RUNNING]: current state is CLOSING
	at java.util.concurrent.FutureTask.report(FutureTask.java:122)
	at java.util.concurrent.FutureTask.get(FutureTask.java:192)
	at org.apache.ratis.server.impl.LeaderElection.waitForResults(LeaderElection.java:263)
	at org.apache.ratis.server.impl.LeaderElection.askForVotes(LeaderElection.java:201)
	at org.apache.ratis.server.impl.LeaderElection.run(LeaderElection.java:133)
	at java.lang.Thread.run(Thread.java:748)
Caused by: org.apache.ratis.thirdparty.io.grpc.StatusRuntimeException: INTERNAL: 91e07af8-8ce2-4ac6-9c90-851894b34103@group-91D416462A89 is not in [RUNNING]: current state is CLOSING
	at org.apache.ratis.thirdparty.io.grpc.stub.ClientCalls.toStatusRuntimeException(ClientCalls.java:233)
	at org.apache.ratis.thirdparty.io.grpc.stub.ClientCalls.getUnchecked(ClientCalls.java:214)
	at org.apache.ratis.thirdparty.io.grpc.stub.ClientCalls.blockingUnaryCall(ClientCalls.java:139)
	at org.apache.ratis.proto.grpc.RaftServerProtocolServiceGrpc$RaftServerProtocolServiceBlockingStub.requestVote(RaftServerProtocolServiceGrpc.java:265)
	at org.apache.ratis.grpc.server.GrpcServerProtocolClient.requestVote(GrpcServerProtocolClient.java:90)
	at org.apache.ratis.grpc.server.GrpcService.requestVote(GrpcService.java:204)
	at org.apache.ratis.server.impl.LeaderElection.lambda$submitRequests$1(LeaderElection.java:238)
	at java.util.concurrent.FutureTask.run(FutureTask.java:266)
	at java.util.concurrent.Executors$RunnableAdapter.call(Executors.java:511)
	at java.util.concurrent.FutureTask.run(FutureTask.java:266)
	at java.util.concurrent.ThreadPoolExecutor.runWorker(ThreadPoolExecutor.java:1149)
	at java.util.concurrent.ThreadPoolExecutor$Worker.run(ThreadPoolExecutor.java:624)
	... 1 more
2019-09-24 19:02:21,200 [f9d00a00-bc78-4492-92ba-83defd396746@group-91D416462A89:LeaderElection36] INFO  impl.RaftServerImpl (RaftServerImpl.java:setRole(174)) - f9d00a00-bc78-4492-92ba-83defd396746@group-91D416462A89: changes role from CANDIDATE to FOLLOWER at term 3 for DISCOVERED_A_NEW_TERM
2019-09-24 19:02:21,201 [dd51241e-7f30-423c-8baf-8925f04f92e5@group-91D416462A89:LeaderElection37] INFO  impl.RaftServerImpl (RaftServerImpl.java:setRole(174)) - dd51241e-7f30-423c-8baf-8925f04f92e5@group-91D416462A89: changes role from CANDIDATE to FOLLOWER at term 3 for DISCOVERED_A_NEW_TERM
2019-09-24 19:02:21,201 [f9d00a00-bc78-4492-92ba-83defd396746@group-91D416462A89:LeaderElection36] INFO  impl.RoleInfo (RoleInfo.java:shutdownLeaderElection(134)) - f9d00a00-bc78-4492-92ba-83defd396746: shutdown LeaderElection
2019-09-24 19:02:21,201 [dd51241e-7f30-423c-8baf-8925f04f92e5@group-91D416462A89:LeaderElection37] INFO  impl.RoleInfo (RoleInfo.java:shutdownLeaderElection(134)) - dd51241e-7f30-423c-8baf-8925f04f92e5: shutdown LeaderElection
2019-09-24 19:02:21,201 [f9d00a00-bc78-4492-92ba-83defd396746@group-91D416462A89:LeaderElection36] INFO  impl.RoleInfo (RoleInfo.java:updateAndGet(143)) - f9d00a00-bc78-4492-92ba-83defd396746: start FollowerState
2019-09-24 19:02:21,201 [dd51241e-7f30-423c-8baf-8925f04f92e5@group-91D416462A89:LeaderElection37] INFO  impl.RoleInfo (RoleInfo.java:updateAndGet(143)) - dd51241e-7f30-423c-8baf-8925f04f92e5: start FollowerState
2019-09-24 19:02:22,261 [Thread-1231] INFO  impl.FollowerState (FollowerState.java:run(106)) - f9d00a00-bc78-4492-92ba-83defd396746:group-91D416462A89 changes to CANDIDATE, lastRpcTime:1059, electionTimeout:1059ms
2019-09-24 19:02:22,262 [Thread-1231] INFO  impl.RoleInfo (RoleInfo.java:shutdownFollowerState(121)) - f9d00a00-bc78-4492-92ba-83defd396746: shutdown FollowerState
2019-09-24 19:02:22,262 [Thread-1231] INFO  impl.RaftServerImpl (RaftServerImpl.java:setRole(174)) - f9d00a00-bc78-4492-92ba-83defd396746@group-91D416462A89: changes role from  FOLLOWER to CANDIDATE at term 3 for changeToCandidate
2019-09-24 19:02:22,262 [Thread-1231] INFO  impl.RoleInfo (RoleInfo.java:updateAndGet(143)) - f9d00a00-bc78-4492-92ba-83defd396746: start LeaderElection
2019-09-24 19:02:22,374 [Thread-1232] INFO  impl.FollowerState (FollowerState.java:run(106)) - dd51241e-7f30-423c-8baf-8925f04f92e5:group-91D416462A89 changes to CANDIDATE, lastRpcTime:1172, electionTimeout:1172ms
2019-09-24 19:02:22,374 [Thread-1232] INFO  impl.RoleInfo (RoleInfo.java:shutdownFollowerState(121)) - dd51241e-7f30-423c-8baf-8925f04f92e5: shutdown FollowerState
2019-09-24 19:02:22,374 [Thread-1232] INFO  impl.RaftServerImpl (RaftServerImpl.java:setRole(174)) - dd51241e-7f30-423c-8baf-8925f04f92e5@group-91D416462A89: changes role from  FOLLOWER to CANDIDATE at term 3 for changeToCandidate
2019-09-24 19:02:22,375 [Thread-1232] INFO  impl.RoleInfo (RoleInfo.java:updateAndGet(143)) - dd51241e-7f30-423c-8baf-8925f04f92e5: start LeaderElection
2019-09-24 19:02:26,384 [91e07af8-8ce2-4ac6-9c90-851894b34103@group-91D416462A89-StateMachineUpdater] INFO  ratis.ContainerStateMachine (ContainerStateMachine.java:takeSnapshot(300)) - group-91D416462A89: Finished taking a snapshot at:(t:2, i:1) file:/workdir/hadoop-ozone/integration-test/target/test-dir/MiniOzoneClusterImpl-347bc0d8-8dc7-46c0-bd0b-f626cebf696e/datanode-5/data/ratis/1fa6406a-2613-4140-9828-91d416462a89/sm/snapshot.2_1 time:5210
2019-09-24 19:02:26,385 [f9d00a00-bc78-4492-92ba-83defd396746@group-91D416462A89:LeaderElection38] INFO  impl.LeaderElection (LeaderElection.java:askForVotes(182)) - f9d00a00-bc78-4492-92ba-83defd396746@group-91D416462A89:LeaderElection38: begin an election at term 4 for 0: [f9d00a00-bc78-4492-92ba-83defd396746:192.168.5.148:39515, 91e07af8-8ce2-4ac6-9c90-851894b34103:192.168.5.148:45771, dd51241e-7f30-423c-8baf-8925f04f92e5:192.168.5.148:35152], old=null
2019-09-24 19:02:26,384 [d6fdad48-5745-4acd-8132-622988eb1603@group-2B1DF545E51A-StateMachineUpdater] INFO  ratis.ContainerStateMachine (ContainerStateMachine.java:takeSnapshot(300)) - group-2B1DF545E51A: Finished taking a snapshot at:(t:1, i:3) file:/workdir/hadoop-ozone/integration-test/target/test-dir/MiniOzoneClusterImpl-347bc0d8-8dc7-46c0-bd0b-f626cebf696e/datanode-3/data/ratis/14de40bd-5f85-419a-a46b-2b1df545e51a/sm/snapshot.1_3 time:5210
2019-09-24 19:02:26,386 [91e07af8-8ce2-4ac6-9c90-851894b34103@group-91D416462A89-StateMachineUpdater] INFO  impl.StateMachineUpdater (StateMachineUpdater.java:takeSnapshot(258)) - 91e07af8-8ce2-4ac6-9c90-851894b34103@group-91D416462A89-StateMachineUpdater: Took a snapshot at index 1
2019-09-24 19:02:26,386 [dd51241e-7f30-423c-8baf-8925f04f92e5@group-91D416462A89:LeaderElection39] INFO  impl.LeaderElection (LeaderElection.java:askForVotes(182)) - dd51241e-7f30-423c-8baf-8925f04f92e5@group-91D416462A89:LeaderElection39: begin an election at term 4 for 0: [f9d00a00-bc78-4492-92ba-83defd396746:192.168.5.148:39515, 91e07af8-8ce2-4ac6-9c90-851894b34103:192.168.5.148:45771, dd51241e-7f30-423c-8baf-8925f04f92e5:192.168.5.148:35152], old=null
2019-09-24 19:02:26,386 [d6fdad48-5745-4acd-8132-622988eb1603@group-2B1DF545E51A-StateMachineUpdater] INFO  impl.StateMachineUpdater (StateMachineUpdater.java:takeSnapshot(258)) - d6fdad48-5745-4acd-8132-622988eb1603@group-2B1DF545E51A-StateMachineUpdater: Took a snapshot at index 3
2019-09-24 19:02:26,386 [91e07af8-8ce2-4ac6-9c90-851894b34103@group-91D416462A89-StateMachineUpdater] INFO  impl.StateMachineUpdater (StateMachineUpdater.java:lambda$new$0(83)) - 91e07af8-8ce2-4ac6-9c90-851894b34103@group-91D416462A89-StateMachineUpdater: snapshotIndex: updateIncreasingly 1 -> 1
2019-09-24 19:02:26,386 [d6fdad48-5745-4acd-8132-622988eb1603@group-2B1DF545E51A-StateMachineUpdater] INFO  impl.StateMachineUpdater (StateMachineUpdater.java:lambda$new$0(83)) - d6fdad48-5745-4acd-8132-622988eb1603@group-2B1DF545E51A-StateMachineUpdater: snapshotIndex: updateIncreasingly 3 -> 3
2019-09-24 19:02:26,387 [main] INFO  impl.RaftServerImpl (ServerState.java:close(385)) - 91e07af8-8ce2-4ac6-9c90-851894b34103@group-91D416462A89: closes. applyIndex: 2
2019-09-24 19:02:26,387 [ForkJoinPool.commonPool-worker-0] INFO  impl.RaftServerImpl (ServerState.java:close(385)) - d6fdad48-5745-4acd-8132-622988eb1603@group-2B1DF545E51A: closes. applyIndex: 4
2019-09-24 19:02:26,389 [91e07af8-8ce2-4ac6-9c90-851894b34103@group-91D416462A89-SegmentedRaftLogWorker] INFO  segmented.SegmentedRaftLogWorker (SegmentedRaftLogWorker.java:run(313)) - 91e07af8-8ce2-4ac6-9c90-851894b34103@group-91D416462A89-SegmentedRaftLogWorker was interrupted, exiting. There are 0 tasks remaining in the queue.
2019-09-24 19:02:26,390 [d6fdad48-5745-4acd-8132-622988eb1603@group-2B1DF545E51A-SegmentedRaftLogWorker] INFO  segmented.SegmentedRaftLogWorker (SegmentedRaftLogWorker.java:run(313)) - d6fdad48-5745-4acd-8132-622988eb1603@group-2B1DF545E51A-SegmentedRaftLogWorker was interrupted, exiting. There are 0 tasks remaining in the queue.
2019-09-24 19:02:26,400 [main] INFO  segmented.SegmentedRaftLogWorker (SegmentedRaftLogWorker.java:close(228)) - 91e07af8-8ce2-4ac6-9c90-851894b34103@group-91D416462A89-SegmentedRaftLogWorker close()
2019-09-24 19:02:26,402 [ForkJoinPool.commonPool-worker-0] INFO  segmented.SegmentedRaftLogWorker (SegmentedRaftLogWorker.java:close(228)) - d6fdad48-5745-4acd-8132-622988eb1603@group-2B1DF545E51A-SegmentedRaftLogWorker close()
2019-09-24 19:02:26,406 [main] INFO  server.GrpcService (GrpcService.java:closeImpl(164)) - 91e07af8-8ce2-4ac6-9c90-851894b34103: shutdown server with port 45771 now
2019-09-24 19:02:26,411 [ForkJoinPool.commonPool-worker-0] INFO  server.GrpcService (GrpcService.java:closeImpl(164)) - d6fdad48-5745-4acd-8132-622988eb1603: shutdown server with port 33283 now
2019-09-24 19:02:26,412 [ForkJoinPool.commonPool-worker-0] INFO  server.GrpcService (GrpcService.java:closeImpl(172)) - d6fdad48-5745-4acd-8132-622988eb1603: shutdown server with port 33283 successfully
2019-09-24 19:02:26,415 [main] INFO  server.GrpcService (GrpcService.java:closeImpl(172)) - 91e07af8-8ce2-4ac6-9c90-851894b34103: shutdown server with port 45771 successfully
2019-09-24 19:02:26,415 [f9d00a00-bc78-4492-92ba-83defd396746@group-91D416462A89:LeaderElection38] INFO  impl.LeaderElection (LogUtils.java:infoOrTrace(149)) - f9d00a00-bc78-4492-92ba-83defd396746@group-91D416462A89:LeaderElection38 got exception when requesting votes: {}
java.util.concurrent.ExecutionException: org.apache.ratis.thirdparty.io.grpc.StatusRuntimeException: CANCELLED: HTTP/2 error code: CANCEL
Received Rst Stream
	at java.util.concurrent.FutureTask.report(FutureTask.java:122)
	at java.util.concurrent.FutureTask.get(FutureTask.java:192)
	at org.apache.ratis.server.impl.LeaderElection.waitForResults(LeaderElection.java:263)
	at org.apache.ratis.server.impl.LeaderElection.askForVotes(LeaderElection.java:201)
	at org.apache.ratis.server.impl.LeaderElection.run(LeaderElection.java:133)
	at java.lang.Thread.run(Thread.java:748)
Caused by: org.apache.ratis.thirdparty.io.grpc.StatusRuntimeException: CANCELLED: HTTP/2 error code: CANCEL
Received Rst Stream
	at org.apache.ratis.thirdparty.io.grpc.stub.ClientCalls.toStatusRuntimeException(ClientCalls.java:233)
	at org.apache.ratis.thirdparty.io.grpc.stub.ClientCalls.getUnchecked(ClientCalls.java:214)
	at org.apache.ratis.thirdparty.io.grpc.stub.ClientCalls.blockingUnaryCall(ClientCalls.java:139)
	at org.apache.ratis.proto.grpc.RaftServerProtocolServiceGrpc$RaftServerProtocolServiceBlockingStub.requestVote(RaftServerProtocolServiceGrpc.java:265)
	at org.apache.ratis.grpc.server.GrpcServerProtocolClient.requestVote(GrpcServerProtocolClient.java:90)
	at org.apache.ratis.grpc.server.GrpcService.requestVote(GrpcService.java:204)
	at org.apache.ratis.server.impl.LeaderElection.lambda$submitRequests$1(LeaderElection.java:238)
	at java.util.concurrent.FutureTask.run(FutureTask.java:266)
	at java.util.concurrent.Executors$RunnableAdapter.call(Executors.java:511)
	at java.util.concurrent.FutureTask.run(FutureTask.java:266)
	at java.util.concurrent.ThreadPoolExecutor.runWorker(ThreadPoolExecutor.java:1149)
	at java.util.concurrent.ThreadPoolExecutor$Worker.run(ThreadPoolExecutor.java:624)
	... 1 more
2019-09-24 19:02:26,418 [dd51241e-7f30-423c-8baf-8925f04f92e5@group-91D416462A89:LeaderElection39] INFO  impl.LeaderElection (LogUtils.java:infoOrTrace(149)) - dd51241e-7f30-423c-8baf-8925f04f92e5@group-91D416462A89:LeaderElection39 got exception when requesting votes: {}
java.util.concurrent.ExecutionException: org.apache.ratis.thirdparty.io.grpc.StatusRuntimeException: CANCELLED: HTTP/2 error code: CANCEL
Received Rst Stream
	at java.util.concurrent.FutureTask.report(FutureTask.java:122)
	at java.util.concurrent.FutureTask.get(FutureTask.java:192)
	at org.apache.ratis.server.impl.LeaderElection.waitForResults(LeaderElection.java:263)
	at org.apache.ratis.server.impl.LeaderElection.askForVotes(LeaderElection.java:201)
	at org.apache.ratis.server.impl.LeaderElection.run(LeaderElection.java:133)
	at java.lang.Thread.run(Thread.java:748)
Caused by: org.apache.ratis.thirdparty.io.grpc.StatusRuntimeException: CANCELLED: HTTP/2 error code: CANCEL
Received Rst Stream
	at org.apache.ratis.thirdparty.io.grpc.stub.ClientCalls.toStatusRuntimeException(ClientCalls.java:233)
	at org.apache.ratis.thirdparty.io.grpc.stub.ClientCalls.getUnchecked(ClientCalls.java:214)
	at org.apache.ratis.thirdparty.io.grpc.stub.ClientCalls.blockingUnaryCall(ClientCalls.java:139)
	at org.apache.ratis.proto.grpc.RaftServerProtocolServiceGrpc$RaftServerProtocolServiceBlockingStub.requestVote(RaftServerProtocolServiceGrpc.java:265)
	at org.apache.ratis.grpc.server.GrpcServerProtocolClient.requestVote(GrpcServerProtocolClient.java:90)
	at org.apache.ratis.grpc.server.GrpcService.requestVote(GrpcService.java:204)
	at org.apache.ratis.server.impl.LeaderElection.lambda$submitRequests$1(LeaderElection.java:238)
	at java.util.concurrent.FutureTask.run(FutureTask.java:266)
	at java.util.concurrent.Executors$RunnableAdapter.call(Executors.java:511)
	at java.util.concurrent.FutureTask.run(FutureTask.java:266)
	at java.util.concurrent.ThreadPoolExecutor.runWorker(ThreadPoolExecutor.java:1149)
	at java.util.concurrent.ThreadPoolExecutor$Worker.run(ThreadPoolExecutor.java:624)
	... 1 more
2019-09-24 19:02:26,422 [dd51241e-7f30-423c-8baf-8925f04f92e5@group-91D416462A89:LeaderElection39] INFO  impl.LeaderElection (LeaderElection.java:logAndReturn(56)) - dd51241e-7f30-423c-8baf-8925f04f92e5@group-91D416462A89:LeaderElection39: Election REJECTED; received 1 response(s) [dd51241e-7f30-423c-8baf-8925f04f92e5<-f9d00a00-bc78-4492-92ba-83defd396746#0:FAIL-t4] and 1 exception(s); dd51241e-7f30-423c-8baf-8925f04f92e5@group-91D416462A89:t4, leader=null, voted=dd51241e-7f30-423c-8baf-8925f04f92e5, raftlog=dd51241e-7f30-423c-8baf-8925f04f92e5@group-91D416462A89-SegmentedRaftLog:OPENED:c2,f2,i2, conf=0: [f9d00a00-bc78-4492-92ba-83defd396746:192.168.5.148:39515, 91e07af8-8ce2-4ac6-9c90-851894b34103:192.168.5.148:45771, dd51241e-7f30-423c-8baf-8925f04f92e5:192.168.5.148:35152], old=null
2019-09-24 19:02:26,425 [f9d00a00-bc78-4492-92ba-83defd396746@group-91D416462A89:LeaderElection38] INFO  impl.LeaderElection (LeaderElection.java:logAndReturn(56)) - f9d00a00-bc78-4492-92ba-83defd396746@group-91D416462A89:LeaderElection38: Election REJECTED; received 1 response(s) [f9d00a00-bc78-4492-92ba-83defd396746<-dd51241e-7f30-423c-8baf-8925f04f92e5#0:FAIL-t4] and 1 exception(s); f9d00a00-bc78-4492-92ba-83defd396746@group-91D416462A89:t4, leader=null, voted=f9d00a00-bc78-4492-92ba-83defd396746, raftlog=f9d00a00-bc78-4492-92ba-83defd396746@group-91D416462A89-SegmentedRaftLog:OPENED:c2,f2,i2, conf=0: [f9d00a00-bc78-4492-92ba-83defd396746:192.168.5.148:39515, 91e07af8-8ce2-4ac6-9c90-851894b34103:192.168.5.148:45771, dd51241e-7f30-423c-8baf-8925f04f92e5:192.168.5.148:35152], old=null
2019-09-24 19:02:26,426 [dd51241e-7f30-423c-8baf-8925f04f92e5@group-91D416462A89:LeaderElection39] INFO  impl.LeaderElection (LogUtils.java:infoOrTrace(149)) -   Exception 0: {}
java.util.concurrent.ExecutionException: org.apache.ratis.thirdparty.io.grpc.StatusRuntimeException: CANCELLED: HTTP/2 error code: CANCEL
Received Rst Stream
	at java.util.concurrent.FutureTask.report(FutureTask.java:122)
	at java.util.concurrent.FutureTask.get(FutureTask.java:192)
	at org.apache.ratis.server.impl.LeaderElection.waitForResults(LeaderElection.java:263)
	at org.apache.ratis.server.impl.LeaderElection.askForVotes(LeaderElection.java:201)
	at org.apache.ratis.server.impl.LeaderElection.run(LeaderElection.java:133)
	at java.lang.Thread.run(Thread.java:748)
Caused by: org.apache.ratis.thirdparty.io.grpc.StatusRuntimeException: CANCELLED: HTTP/2 error code: CANCEL
Received Rst Stream
	at org.apache.ratis.thirdparty.io.grpc.stub.ClientCalls.toStatusRuntimeException(ClientCalls.java:233)
	at org.apache.ratis.thirdparty.io.grpc.stub.ClientCalls.getUnchecked(ClientCalls.java:214)
	at org.apache.ratis.thirdparty.io.grpc.stub.ClientCalls.blockingUnaryCall(ClientCalls.java:139)
	at org.apache.ratis.proto.grpc.RaftServerProtocolServiceGrpc$RaftServerProtocolServiceBlockingStub.requestVote(RaftServerProtocolServiceGrpc.java:265)
	at org.apache.ratis.grpc.server.GrpcServerProtocolClient.requestVote(GrpcServerProtocolClient.java:90)
	at org.apache.ratis.grpc.server.GrpcService.requestVote(GrpcService.java:204)
	at org.apache.ratis.server.impl.LeaderElection.lambda$submitRequests$1(LeaderElection.java:238)
	at java.util.concurrent.FutureTask.run(FutureTask.java:266)
	at java.util.concurrent.Executors$RunnableAdapter.call(Executors.java:511)
	at java.util.concurrent.FutureTask.run(FutureTask.java:266)
	at java.util.concurrent.ThreadPoolExecutor.runWorker(ThreadPoolExecutor.java:1149)
	at java.util.concurrent.ThreadPoolExecutor$Worker.run(ThreadPoolExecutor.java:624)
	... 1 more
2019-09-24 19:02:26,426 [f9d00a00-bc78-4492-92ba-83defd396746@group-91D416462A89:LeaderElection38] INFO  impl.LeaderElection (LogUtils.java:infoOrTrace(149)) -   Exception 0: {}
java.util.concurrent.ExecutionException: org.apache.ratis.thirdparty.io.grpc.StatusRuntimeException: CANCELLED: HTTP/2 error code: CANCEL
Received Rst Stream
	at java.util.concurrent.FutureTask.report(FutureTask.java:122)
	at java.util.concurrent.FutureTask.get(FutureTask.java:192)
	at org.apache.ratis.server.impl.LeaderElection.waitForResults(LeaderElection.java:263)
	at org.apache.ratis.server.impl.LeaderElection.askForVotes(LeaderElection.java:201)
	at org.apache.ratis.server.impl.LeaderElection.run(LeaderElection.java:133)
	at java.lang.Thread.run(Thread.java:748)
Caused by: org.apache.ratis.thirdparty.io.grpc.StatusRuntimeException: CANCELLED: HTTP/2 error code: CANCEL
Received Rst Stream
	at org.apache.ratis.thirdparty.io.grpc.stub.ClientCalls.toStatusRuntimeException(ClientCalls.java:233)
	at org.apache.ratis.thirdparty.io.grpc.stub.ClientCalls.getUnchecked(ClientCalls.java:214)
	at org.apache.ratis.thirdparty.io.grpc.stub.ClientCalls.blockingUnaryCall(ClientCalls.java:139)
	at org.apache.ratis.proto.grpc.RaftServerProtocolServiceGrpc$RaftServerProtocolServiceBlockingStub.requestVote(RaftServerProtocolServiceGrpc.java:265)
	at org.apache.ratis.grpc.server.GrpcServerProtocolClient.requestVote(GrpcServerProtocolClient.java:90)
	at org.apache.ratis.grpc.server.GrpcService.requestVote(GrpcService.java:204)
	at org.apache.ratis.server.impl.LeaderElection.lambda$submitRequests$1(LeaderElection.java:238)
	at java.util.concurrent.FutureTask.run(FutureTask.java:266)
	at java.util.concurrent.Executors$RunnableAdapter.call(Executors.java:511)
	at java.util.concurrent.FutureTask.run(FutureTask.java:266)
	at java.util.concurrent.ThreadPoolExecutor.runWorker(ThreadPoolExecutor.java:1149)
	at java.util.concurrent.ThreadPoolExecutor$Worker.run(ThreadPoolExecutor.java:624)
	... 1 more
2019-09-24 19:02:26,432 [dd51241e-7f30-423c-8baf-8925f04f92e5@group-91D416462A89:LeaderElection39] INFO  impl.RaftServerImpl (RaftServerImpl.java:setRole(174)) - dd51241e-7f30-423c-8baf-8925f04f92e5@group-91D416462A89: changes role from CANDIDATE to FOLLOWER at term 4 for DISCOVERED_A_NEW_TERM
2019-09-24 19:02:26,433 [f9d00a00-bc78-4492-92ba-83defd396746@group-91D416462A89:LeaderElection38] INFO  impl.RaftServerImpl (RaftServerImpl.java:setRole(174)) - f9d00a00-bc78-4492-92ba-83defd396746@group-91D416462A89: changes role from CANDIDATE to FOLLOWER at term 4 for DISCOVERED_A_NEW_TERM
2019-09-24 19:02:26,432 [refreshUsed-/workdir/hadoop-ozone/integration-test/target/test-dir/MiniOzoneClusterImpl-347bc0d8-8dc7-46c0-bd0b-f626cebf696e/datanode-3/data/containers] WARN  fs.CachingGetSpaceUsed (CachingGetSpaceUsed.java:run(183)) - Thread Interrupted waiting to refresh disk information: sleep interrupted
2019-09-24 19:02:26,433 [f9d00a00-bc78-4492-92ba-83defd396746@group-91D416462A89:LeaderElection38] INFO  impl.RoleInfo (RoleInfo.java:shutdownLeaderElection(134)) - f9d00a00-bc78-4492-92ba-83defd396746: shutdown LeaderElection
2019-09-24 19:02:26,433 [dd51241e-7f30-423c-8baf-8925f04f92e5@group-91D416462A89:LeaderElection39] INFO  impl.RoleInfo (RoleInfo.java:shutdownLeaderElection(134)) - dd51241e-7f30-423c-8baf-8925f04f92e5: shutdown LeaderElection
2019-09-24 19:02:26,433 [f9d00a00-bc78-4492-92ba-83defd396746@group-91D416462A89:LeaderElection38] INFO  impl.RoleInfo (RoleInfo.java:updateAndGet(143)) - f9d00a00-bc78-4492-92ba-83defd396746: start FollowerState
2019-09-24 19:02:26,433 [dd51241e-7f30-423c-8baf-8925f04f92e5@group-91D416462A89:LeaderElection39] INFO  impl.RoleInfo (RoleInfo.java:updateAndGet(143)) - dd51241e-7f30-423c-8baf-8925f04f92e5: start FollowerState
2019-09-24 19:02:26,434 [refreshUsed-/workdir/hadoop-ozone/integration-test/target/test-dir/MiniOzoneClusterImpl-347bc0d8-8dc7-46c0-bd0b-f626cebf696e/datanode-5/data/containers] WARN  fs.CachingGetSpaceUsed (CachingGetSpaceUsed.java:run(183)) - Thread Interrupted waiting to refresh disk information: sleep interrupted
2019-09-24 19:02:26,449 [main] INFO  utils.BackgroundService (BackgroundService.java:shutdown(148)) - Shutting down service BlockDeletingService
2019-09-24 19:02:26,455 [main] INFO  statemachine.DatanodeStateMachine (DatanodeStateMachine.java:stopDaemon(395)) - Ozone container server stopped.
2019-09-24 19:02:26,456 [main] INFO  handler.ContextHandler (ContextHandler.java:doStop(910)) - Stopped o.e.j.w.WebAppContext@1c26273d{/,null,UNAVAILABLE}{/hddsDatanode}
2019-09-24 19:02:26,457 [main] INFO  server.AbstractConnector (AbstractConnector.java:doStop(318)) - Stopped ServerConnector@3a37a501{HTTP/1.1,[http/1.1]}{0.0.0.0:0}
2019-09-24 19:02:26,457 [main] INFO  handler.ContextHandler (ContextHandler.java:doStop(910)) - Stopped o.e.j.s.ServletContextHandler@2370ac7a{/static,jar:file:/home/user/.m2/repository/org/apache/hadoop/hadoop-hdds-container-service/0.5.0-SNAPSHOT/hadoop-hdds-container-service-0.5.0-SNAPSHOT.jar!/webapps/static,UNAVAILABLE}
2019-09-24 19:02:26,458 [main] INFO  handler.ContextHandler (ContextHandler.java:doStop(910)) - Stopped o.e.j.s.ServletContextHandler@117d32e{/logs,file:///workdir/hadoop-ozone/integration-test/target/log,UNAVAILABLE}
2019-09-24 19:02:26,460 [ForkJoinPool.commonPool-worker-0] INFO  utils.BackgroundService (BackgroundService.java:shutdown(148)) - Shutting down service BlockDeletingService
2019-09-24 19:02:26,467 [ForkJoinPool.commonPool-worker-0] INFO  statemachine.DatanodeStateMachine (DatanodeStateMachine.java:stopDaemon(395)) - Ozone container server stopped.
2019-09-24 19:02:26,471 [ForkJoinPool.commonPool-worker-0] INFO  handler.ContextHandler (ContextHandler.java:doStop(910)) - Stopped o.e.j.w.WebAppContext@6573d2f7{/,null,UNAVAILABLE}{/hddsDatanode}
2019-09-24 19:02:26,473 [ForkJoinPool.commonPool-worker-0] INFO  server.AbstractConnector (AbstractConnector.java:doStop(318)) - Stopped ServerConnector@4052c8c2{HTTP/1.1,[http/1.1]}{0.0.0.0:0}
2019-09-24 19:02:26,476 [ForkJoinPool.commonPool-worker-0] INFO  handler.ContextHandler (ContextHandler.java:doStop(910)) - Stopped o.e.j.s.ServletContextHandler@1f6917fb{/static,jar:file:/home/user/.m2/repository/org/apache/hadoop/hadoop-hdds-container-service/0.5.0-SNAPSHOT/hadoop-hdds-container-service-0.5.0-SNAPSHOT.jar!/webapps/static,UNAVAILABLE}
2019-09-24 19:02:26,477 [ForkJoinPool.commonPool-worker-0] INFO  handler.ContextHandler (ContextHandler.java:doStop(910)) - Stopped o.e.j.s.ServletContextHandler@36480b2d{/logs,file:///workdir/hadoop-ozone/integration-test/target/log,UNAVAILABLE}
2019-09-24 19:02:26,766 [Datanode State Machine Thread - 0] INFO  statemachine.DatanodeStateMachine (DatanodeStateMachine.java:lambda$startDaemon$0(350)) - Ozone container server started.
2019-09-24 19:02:26,774 [Datanode State Machine Thread - 0] INFO  statemachine.DatanodeStateMachine (DatanodeStateMachine.java:lambda$startDaemon$0(350)) - Ozone container server started.
2019-09-24 19:02:27,467 [Thread-1259] INFO  impl.FollowerState (FollowerState.java:run(106)) - f9d00a00-bc78-4492-92ba-83defd396746:group-91D416462A89 changes to CANDIDATE, lastRpcTime:1033, electionTimeout:1033ms
2019-09-24 19:02:27,468 [Thread-1259] INFO  impl.RoleInfo (RoleInfo.java:shutdownFollowerState(121)) - f9d00a00-bc78-4492-92ba-83defd396746: shutdown FollowerState
2019-09-24 19:02:27,468 [Thread-1259] INFO  impl.RaftServerImpl (RaftServerImpl.java:setRole(174)) - f9d00a00-bc78-4492-92ba-83defd396746@group-91D416462A89: changes role from  FOLLOWER to CANDIDATE at term 4 for changeToCandidate
2019-09-24 19:02:27,468 [Thread-1259] INFO  impl.RoleInfo (RoleInfo.java:updateAndGet(143)) - f9d00a00-bc78-4492-92ba-83defd396746: start LeaderElection
2019-09-24 19:02:27,584 [Thread-1260] INFO  impl.FollowerState (FollowerState.java:run(106)) - dd51241e-7f30-423c-8baf-8925f04f92e5:group-91D416462A89 changes to CANDIDATE, lastRpcTime:1151, electionTimeout:1150ms
2019-09-24 19:02:27,585 [Thread-1260] INFO  impl.RoleInfo (RoleInfo.java:shutdownFollowerState(121)) - dd51241e-7f30-423c-8baf-8925f04f92e5: shutdown FollowerState
2019-09-24 19:02:27,585 [Thread-1260] INFO  impl.RaftServerImpl (RaftServerImpl.java:setRole(174)) - dd51241e-7f30-423c-8baf-8925f04f92e5@group-91D416462A89: changes role from  FOLLOWER to CANDIDATE at term 4 for changeToCandidate
2019-09-24 19:02:27,585 [Thread-1260] INFO  impl.RoleInfo (RoleInfo.java:updateAndGet(143)) - dd51241e-7f30-423c-8baf-8925f04f92e5: start LeaderElection
2019-09-24 19:02:31,460 [main] INFO  ozoneimpl.OzoneContainer (OzoneContainer.java:stop(231)) - Attempting to stop container services.
2019-09-24 19:02:31,462 [main] INFO  impl.RaftServerProxy (RaftServerProxy.java:lambda$close$4(314)) - c0a619e5-2907-4353-abbd-f6fb1099a46d: close
2019-09-24 19:02:31,463 [main] INFO  impl.RaftServerImpl (RaftServerImpl.java:lambda$shutdown$3(251)) - c0a619e5-2907-4353-abbd-f6fb1099a46d@group-338C40DB937D: shutdown
2019-09-24 19:02:31,464 [main] INFO  util.JmxRegister (JmxRegister.java:unregister(73)) - Successfully un-registered JMX Bean with object name Ratis:service=RaftServer,group=group-338C40DB937D,id=c0a619e5-2907-4353-abbd-f6fb1099a46d
2019-09-24 19:02:31,464 [main] INFO  impl.RoleInfo (RoleInfo.java:shutdownFollowerState(121)) - c0a619e5-2907-4353-abbd-f6fb1099a46d: shutdown FollowerState
2019-09-24 19:02:31,464 [main] INFO  impl.StateMachineUpdater (StateMachineUpdater.java:stopAndJoin(125)) - c0a619e5-2907-4353-abbd-f6fb1099a46d@group-338C40DB937D-StateMachineUpdater: set stopIndex = 6
2019-09-24 19:02:31,465 [Thread-381] INFO  impl.FollowerState (FollowerState.java:run(115)) - c0a619e5-2907-4353-abbd-f6fb1099a46d: FollowerState was interrupted: java.lang.InterruptedException: sleep interrupted
2019-09-24 19:02:31,465 [c0a619e5-2907-4353-abbd-f6fb1099a46d@group-338C40DB937D-StateMachineUpdater] INFO  ratis.ContainerStateMachine (ContainerStateMachine.java:takeSnapshot(289)) - group-338C40DB937D: Taking a snapshot at:(t:1, i:1) file /workdir/hadoop-ozone/integration-test/target/test-dir/MiniOzoneClusterImpl-347bc0d8-8dc7-46c0-bd0b-f626cebf696e/datanode-6/data/ratis/09cc86b9-b7fc-4c9b-ba7f-338c40db937d/sm/snapshot.1_1
2019-09-24 19:02:31,480 [ForkJoinPool.commonPool-worker-0] INFO  ozoneimpl.OzoneContainer (OzoneContainer.java:stop(231)) - Attempting to stop container services.
2019-09-24 19:02:31,481 [ForkJoinPool.commonPool-worker-0] INFO  impl.RaftServerProxy (RaftServerProxy.java:lambda$close$4(314)) - 01d7623e-fce0-4300-8f15-4bc2097938ef: close
2019-09-24 19:02:31,481 [ForkJoinPool.commonPool-worker-0] INFO  impl.RaftServerImpl (RaftServerImpl.java:lambda$shutdown$3(251)) - 01d7623e-fce0-4300-8f15-4bc2097938ef@group-338C40DB937D: shutdown
2019-09-24 19:02:31,482 [ForkJoinPool.commonPool-worker-0] INFO  util.JmxRegister (JmxRegister.java:unregister(73)) - Successfully un-registered JMX Bean with object name Ratis:service=RaftServer,group=group-338C40DB937D,id=01d7623e-fce0-4300-8f15-4bc2097938ef
2019-09-24 19:02:31,482 [ForkJoinPool.commonPool-worker-0] INFO  impl.RoleInfo (RoleInfo.java:shutdownFollowerState(121)) - 01d7623e-fce0-4300-8f15-4bc2097938ef: shutdown FollowerState
2019-09-24 19:02:31,482 [ForkJoinPool.commonPool-worker-0] INFO  impl.StateMachineUpdater (StateMachineUpdater.java:stopAndJoin(125)) - 01d7623e-fce0-4300-8f15-4bc2097938ef@group-338C40DB937D-StateMachineUpdater: set stopIndex = 6
2019-09-24 19:02:31,483 [01d7623e-fce0-4300-8f15-4bc2097938ef@group-338C40DB937D-StateMachineUpdater] INFO  ratis.ContainerStateMachine (ContainerStateMachine.java:takeSnapshot(289)) - group-338C40DB937D: Taking a snapshot at:(t:1, i:4) file /workdir/hadoop-ozone/integration-test/target/test-dir/MiniOzoneClusterImpl-347bc0d8-8dc7-46c0-bd0b-f626cebf696e/datanode-4/data/ratis/09cc86b9-b7fc-4c9b-ba7f-338c40db937d/sm/snapshot.1_4
2019-09-24 19:02:31,483 [Thread-382] INFO  impl.FollowerState (FollowerState.java:run(115)) - 01d7623e-fce0-4300-8f15-4bc2097938ef: FollowerState was interrupted: java.lang.InterruptedException: sleep interrupted
2019-09-24 19:02:31,794 [01d7623e-fce0-4300-8f15-4bc2097938ef@group-338C40DB937D-StateMachineUpdater] INFO  ratis.ContainerStateMachine (ContainerStateMachine.java:takeSnapshot(300)) - group-338C40DB937D: Finished taking a snapshot at:(t:1, i:4) file:/workdir/hadoop-ozone/integration-test/target/test-dir/MiniOzoneClusterImpl-347bc0d8-8dc7-46c0-bd0b-f626cebf696e/datanode-4/data/ratis/09cc86b9-b7fc-4c9b-ba7f-338c40db937d/sm/snapshot.1_4 time:311
2019-09-24 19:02:31,794 [f9d00a00-bc78-4492-92ba-83defd396746@group-91D416462A89:LeaderElection40] INFO  impl.LeaderElection (LeaderElection.java:askForVotes(182)) - f9d00a00-bc78-4492-92ba-83defd396746@group-91D416462A89:LeaderElection40: begin an election at term 5 for 0: [f9d00a00-bc78-4492-92ba-83defd396746:192.168.5.148:39515, 91e07af8-8ce2-4ac6-9c90-851894b34103:192.168.5.148:45771, dd51241e-7f30-423c-8baf-8925f04f92e5:192.168.5.148:35152], old=null
2019-09-24 19:02:31,794 [dd51241e-7f30-423c-8baf-8925f04f92e5@group-91D416462A89:LeaderElection41] INFO  impl.LeaderElection (LeaderElection.java:askForVotes(182)) - dd51241e-7f30-423c-8baf-8925f04f92e5@group-91D416462A89:LeaderElection41: begin an election at term 5 for 0: [f9d00a00-bc78-4492-92ba-83defd396746:192.168.5.148:39515, 91e07af8-8ce2-4ac6-9c90-851894b34103:192.168.5.148:45771, dd51241e-7f30-423c-8baf-8925f04f92e5:192.168.5.148:35152], old=null
2019-09-24 19:02:31,794 [c0a619e5-2907-4353-abbd-f6fb1099a46d@group-338C40DB937D-StateMachineUpdater] INFO  ratis.ContainerStateMachine (ContainerStateMachine.java:takeSnapshot(300)) - group-338C40DB937D: Finished taking a snapshot at:(t:1, i:1) file:/workdir/hadoop-ozone/integration-test/target/test-dir/MiniOzoneClusterImpl-347bc0d8-8dc7-46c0-bd0b-f626cebf696e/datanode-6/data/ratis/09cc86b9-b7fc-4c9b-ba7f-338c40db937d/sm/snapshot.1_1 time:328
2019-09-24 19:02:31,795 [01d7623e-fce0-4300-8f15-4bc2097938ef@group-338C40DB937D-StateMachineUpdater] INFO  impl.StateMachineUpdater (StateMachineUpdater.java:takeSnapshot(258)) - 01d7623e-fce0-4300-8f15-4bc2097938ef@group-338C40DB937D-StateMachineUpdater: Took a snapshot at index 4
2019-09-24 19:02:31,795 [c0a619e5-2907-4353-abbd-f6fb1099a46d@group-338C40DB937D-StateMachineUpdater] INFO  impl.StateMachineUpdater (StateMachineUpdater.java:takeSnapshot(258)) - c0a619e5-2907-4353-abbd-f6fb1099a46d@group-338C40DB937D-StateMachineUpdater: Took a snapshot at index 1
2019-09-24 19:02:31,796 [01d7623e-fce0-4300-8f15-4bc2097938ef@group-338C40DB937D-StateMachineUpdater] INFO  impl.StateMachineUpdater (StateMachineUpdater.java:lambda$new$0(83)) - 01d7623e-fce0-4300-8f15-4bc2097938ef@group-338C40DB937D-StateMachineUpdater: snapshotIndex: updateIncreasingly -1 -> 4
2019-09-24 19:02:31,796 [c0a619e5-2907-4353-abbd-f6fb1099a46d@group-338C40DB937D-StateMachineUpdater] INFO  impl.StateMachineUpdater (StateMachineUpdater.java:lambda$new$0(83)) - c0a619e5-2907-4353-abbd-f6fb1099a46d@group-338C40DB937D-StateMachineUpdater: snapshotIndex: updateIncreasingly -1 -> 1
2019-09-24 19:02:31,797 [01d7623e-fce0-4300-8f15-4bc2097938ef@group-338C40DB937D-StateMachineUpdater] INFO  ratis.ContainerStateMachine (ContainerStateMachine.java:takeSnapshot(289)) - group-338C40DB937D: Taking a snapshot at:(t:1, i:4) file /workdir/hadoop-ozone/integration-test/target/test-dir/MiniOzoneClusterImpl-347bc0d8-8dc7-46c0-bd0b-f626cebf696e/datanode-4/data/ratis/09cc86b9-b7fc-4c9b-ba7f-338c40db937d/sm/snapshot.1_4
2019-09-24 19:02:31,797 [c0a619e5-2907-4353-abbd-f6fb1099a46d@group-338C40DB937D-StateMachineUpdater] INFO  ratis.ContainerStateMachine (ContainerStateMachine.java:takeSnapshot(289)) - group-338C40DB937D: Taking a snapshot at:(t:1, i:1) file /workdir/hadoop-ozone/integration-test/target/test-dir/MiniOzoneClusterImpl-347bc0d8-8dc7-46c0-bd0b-f626cebf696e/datanode-6/data/ratis/09cc86b9-b7fc-4c9b-ba7f-338c40db937d/sm/snapshot.1_1
2019-09-24 19:02:31,803 [f9d00a00-bc78-4492-92ba-83defd396746@group-91D416462A89:LeaderElection40] INFO  impl.LeaderElection (LogUtils.java:infoOrTrace(149)) - f9d00a00-bc78-4492-92ba-83defd396746@group-91D416462A89:LeaderElection40 got exception when requesting votes: {}
java.util.concurrent.ExecutionException: org.apache.ratis.thirdparty.io.grpc.StatusRuntimeException: UNAVAILABLE: io exception
	at java.util.concurrent.FutureTask.report(FutureTask.java:122)
	at java.util.concurrent.FutureTask.get(FutureTask.java:192)
	at org.apache.ratis.server.impl.LeaderElection.waitForResults(LeaderElection.java:263)
	at org.apache.ratis.server.impl.LeaderElection.askForVotes(LeaderElection.java:201)
	at org.apache.ratis.server.impl.LeaderElection.run(LeaderElection.java:133)
	at java.lang.Thread.run(Thread.java:748)
Caused by: org.apache.ratis.thirdparty.io.grpc.StatusRuntimeException: UNAVAILABLE: io exception
	at org.apache.ratis.thirdparty.io.grpc.stub.ClientCalls.toStatusRuntimeException(ClientCalls.java:233)
	at org.apache.ratis.thirdparty.io.grpc.stub.ClientCalls.getUnchecked(ClientCalls.java:214)
	at org.apache.ratis.thirdparty.io.grpc.stub.ClientCalls.blockingUnaryCall(ClientCalls.java:139)
	at org.apache.ratis.proto.grpc.RaftServerProtocolServiceGrpc$RaftServerProtocolServiceBlockingStub.requestVote(RaftServerProtocolServiceGrpc.java:265)
	at org.apache.ratis.grpc.server.GrpcServerProtocolClient.requestVote(GrpcServerProtocolClient.java:90)
	at org.apache.ratis.grpc.server.GrpcService.requestVote(GrpcService.java:204)
	at org.apache.ratis.server.impl.LeaderElection.lambda$submitRequests$1(LeaderElection.java:238)
	at java.util.concurrent.FutureTask.run(FutureTask.java:266)
	at java.util.concurrent.Executors$RunnableAdapter.call(Executors.java:511)
	at java.util.concurrent.FutureTask.run(FutureTask.java:266)
	at java.util.concurrent.ThreadPoolExecutor.runWorker(ThreadPoolExecutor.java:1149)
	at java.util.concurrent.ThreadPoolExecutor$Worker.run(ThreadPoolExecutor.java:624)
	... 1 more
Caused by: org.apache.ratis.thirdparty.io.netty.channel.AbstractChannel$AnnotatedConnectException: Connection refused: /192.168.5.148:45771
	at sun.nio.ch.SocketChannelImpl.checkConnect(Native Method)
	at sun.nio.ch.SocketChannelImpl.finishConnect(SocketChannelImpl.java:717)
	at org.apache.ratis.thirdparty.io.netty.channel.socket.nio.NioSocketChannel.doFinishConnect(NioSocketChannel.java:327)
	at org.apache.ratis.thirdparty.io.netty.channel.nio.AbstractNioChannel$AbstractNioUnsafe.finishConnect(AbstractNioChannel.java:340)
	at org.apache.ratis.thirdparty.io.netty.channel.nio.NioEventLoop.processSelectedKey(NioEventLoop.java:632)
	at org.apache.ratis.thirdparty.io.netty.channel.nio.NioEventLoop.processSelectedKeysOptimized(NioEventLoop.java:579)
	at org.apache.ratis.thirdparty.io.netty.channel.nio.NioEventLoop.processSelectedKeys(NioEventLoop.java:496)
	at org.apache.ratis.thirdparty.io.netty.channel.nio.NioEventLoop.run(NioEventLoop.java:458)
	at org.apache.ratis.thirdparty.io.netty.util.concurrent.SingleThreadEventExecutor$5.run(SingleThreadEventExecutor.java:897)
	at org.apache.ratis.thirdparty.io.netty.util.concurrent.FastThreadLocalRunnable.run(FastThreadLocalRunnable.java:30)
	... 1 more
Caused by: java.net.ConnectException: Connection refused
	... 11 more
2019-09-24 19:02:31,803 [dd51241e-7f30-423c-8baf-8925f04f92e5@group-91D416462A89:LeaderElection41] INFO  impl.LeaderElection (LogUtils.java:infoOrTrace(149)) - dd51241e-7f30-423c-8baf-8925f04f92e5@group-91D416462A89:LeaderElection41 got exception when requesting votes: {}
java.util.concurrent.ExecutionException: org.apache.ratis.thirdparty.io.grpc.StatusRuntimeException: UNAVAILABLE: io exception
	at java.util.concurrent.FutureTask.report(FutureTask.java:122)
	at java.util.concurrent.FutureTask.get(FutureTask.java:192)
	at org.apache.ratis.server.impl.LeaderElection.waitForResults(LeaderElection.java:263)
	at org.apache.ratis.server.impl.LeaderElection.askForVotes(LeaderElection.java:201)
	at org.apache.ratis.server.impl.LeaderElection.run(LeaderElection.java:133)
	at java.lang.Thread.run(Thread.java:748)
Caused by: org.apache.ratis.thirdparty.io.grpc.StatusRuntimeException: UNAVAILABLE: io exception
	at org.apache.ratis.thirdparty.io.grpc.stub.ClientCalls.toStatusRuntimeException(ClientCalls.java:233)
	at org.apache.ratis.thirdparty.io.grpc.stub.ClientCalls.getUnchecked(ClientCalls.java:214)
	at org.apache.ratis.thirdparty.io.grpc.stub.ClientCalls.blockingUnaryCall(ClientCalls.java:139)
	at org.apache.ratis.proto.grpc.RaftServerProtocolServiceGrpc$RaftServerProtocolServiceBlockingStub.requestVote(RaftServerProtocolServiceGrpc.java:265)
	at org.apache.ratis.grpc.server.GrpcServerProtocolClient.requestVote(GrpcServerProtocolClient.java:90)
	at org.apache.ratis.grpc.server.GrpcService.requestVote(GrpcService.java:204)
	at org.apache.ratis.server.impl.LeaderElection.lambda$submitRequests$1(LeaderElection.java:238)
	at java.util.concurrent.FutureTask.run(FutureTask.java:266)
	at java.util.concurrent.Executors$RunnableAdapter.call(Executors.java:511)
	at java.util.concurrent.FutureTask.run(FutureTask.java:266)
	at java.util.concurrent.ThreadPoolExecutor.runWorker(ThreadPoolExecutor.java:1149)
	at java.util.concurrent.ThreadPoolExecutor$Worker.run(ThreadPoolExecutor.java:624)
	... 1 more
Caused by: org.apache.ratis.thirdparty.io.netty.channel.AbstractChannel$AnnotatedConnectException: Connection refused: /192.168.5.148:45771
	at sun.nio.ch.SocketChannelImpl.checkConnect(Native Method)
	at sun.nio.ch.SocketChannelImpl.finishConnect(SocketChannelImpl.java:717)
	at org.apache.ratis.thirdparty.io.netty.channel.socket.nio.NioSocketChannel.doFinishConnect(NioSocketChannel.java:327)
	at org.apache.ratis.thirdparty.io.netty.channel.nio.AbstractNioChannel$AbstractNioUnsafe.finishConnect(AbstractNioChannel.java:340)
	at org.apache.ratis.thirdparty.io.netty.channel.nio.NioEventLoop.processSelectedKey(NioEventLoop.java:632)
	at org.apache.ratis.thirdparty.io.netty.channel.nio.NioEventLoop.processSelectedKeysOptimized(NioEventLoop.java:579)
	at org.apache.ratis.thirdparty.io.netty.channel.nio.NioEventLoop.processSelectedKeys(NioEventLoop.java:496)
	at org.apache.ratis.thirdparty.io.netty.channel.nio.NioEventLoop.run(NioEventLoop.java:458)
	at org.apache.ratis.thirdparty.io.netty.util.concurrent.SingleThreadEventExecutor$5.run(SingleThreadEventExecutor.java:897)
	at org.apache.ratis.thirdparty.io.netty.util.concurrent.FastThreadLocalRunnable.run(FastThreadLocalRunnable.java:30)
	... 1 more
Caused by: java.net.ConnectException: Connection refused
	... 11 more
2019-09-24 19:02:31,809 [f9d00a00-bc78-4492-92ba-83defd396746@group-91D416462A89:LeaderElection40] INFO  impl.LeaderElection (LeaderElection.java:logAndReturn(56)) - f9d00a00-bc78-4492-92ba-83defd396746@group-91D416462A89:LeaderElection40: Election REJECTED; received 1 response(s) [f9d00a00-bc78-4492-92ba-83defd396746<-dd51241e-7f30-423c-8baf-8925f04f92e5#0:FAIL-t5] and 1 exception(s); f9d00a00-bc78-4492-92ba-83defd396746@group-91D416462A89:t5, leader=null, voted=f9d00a00-bc78-4492-92ba-83defd396746, raftlog=f9d00a00-bc78-4492-92ba-83defd396746@group-91D416462A89-SegmentedRaftLog:OPENED:c2,f2,i2, conf=0: [f9d00a00-bc78-4492-92ba-83defd396746:192.168.5.148:39515, 91e07af8-8ce2-4ac6-9c90-851894b34103:192.168.5.148:45771, dd51241e-7f30-423c-8baf-8925f04f92e5:192.168.5.148:35152], old=null
2019-09-24 19:02:31,810 [dd51241e-7f30-423c-8baf-8925f04f92e5@group-91D416462A89:LeaderElection41] INFO  impl.LeaderElection (LeaderElection.java:logAndReturn(56)) - dd51241e-7f30-423c-8baf-8925f04f92e5@group-91D416462A89:LeaderElection41: Election REJECTED; received 1 response(s) [dd51241e-7f30-423c-8baf-8925f04f92e5<-f9d00a00-bc78-4492-92ba-83defd396746#0:FAIL-t5] and 1 exception(s); dd51241e-7f30-423c-8baf-8925f04f92e5@group-91D416462A89:t5, leader=null, voted=dd51241e-7f30-423c-8baf-8925f04f92e5, raftlog=dd51241e-7f30-423c-8baf-8925f04f92e5@group-91D416462A89-SegmentedRaftLog:OPENED:c2,f2,i2, conf=0: [f9d00a00-bc78-4492-92ba-83defd396746:192.168.5.148:39515, 91e07af8-8ce2-4ac6-9c90-851894b34103:192.168.5.148:45771, dd51241e-7f30-423c-8baf-8925f04f92e5:192.168.5.148:35152], old=null
2019-09-24 19:02:31,810 [f9d00a00-bc78-4492-92ba-83defd396746@group-91D416462A89:LeaderElection40] INFO  impl.LeaderElection (LogUtils.java:infoOrTrace(149)) -   Exception 0: {}
java.util.concurrent.ExecutionException: org.apache.ratis.thirdparty.io.grpc.StatusRuntimeException: UNAVAILABLE: io exception
	at java.util.concurrent.FutureTask.report(FutureTask.java:122)
	at java.util.concurrent.FutureTask.get(FutureTask.java:192)
	at org.apache.ratis.server.impl.LeaderElection.waitForResults(LeaderElection.java:263)
	at org.apache.ratis.server.impl.LeaderElection.askForVotes(LeaderElection.java:201)
	at org.apache.ratis.server.impl.LeaderElection.run(LeaderElection.java:133)
	at java.lang.Thread.run(Thread.java:748)
Caused by: org.apache.ratis.thirdparty.io.grpc.StatusRuntimeException: UNAVAILABLE: io exception
	at org.apache.ratis.thirdparty.io.grpc.stub.ClientCalls.toStatusRuntimeException(ClientCalls.java:233)
	at org.apache.ratis.thirdparty.io.grpc.stub.ClientCalls.getUnchecked(ClientCalls.java:214)
	at org.apache.ratis.thirdparty.io.grpc.stub.ClientCalls.blockingUnaryCall(ClientCalls.java:139)
	at org.apache.ratis.proto.grpc.RaftServerProtocolServiceGrpc$RaftServerProtocolServiceBlockingStub.requestVote(RaftServerProtocolServiceGrpc.java:265)
	at org.apache.ratis.grpc.server.GrpcServerProtocolClient.requestVote(GrpcServerProtocolClient.java:90)
	at org.apache.ratis.grpc.server.GrpcService.requestVote(GrpcService.java:204)
	at org.apache.ratis.server.impl.LeaderElection.lambda$submitRequests$1(LeaderElection.java:238)
	at java.util.concurrent.FutureTask.run(FutureTask.java:266)
	at java.util.concurrent.Executors$RunnableAdapter.call(Executors.java:511)
	at java.util.concurrent.FutureTask.run(FutureTask.java:266)
	at java.util.concurrent.ThreadPoolExecutor.runWorker(ThreadPoolExecutor.java:1149)
	at java.util.concurrent.ThreadPoolExecutor$Worker.run(ThreadPoolExecutor.java:624)
	... 1 more
Caused by: org.apache.ratis.thirdparty.io.netty.channel.AbstractChannel$AnnotatedConnectException: Connection refused: /192.168.5.148:45771
	at sun.nio.ch.SocketChannelImpl.checkConnect(Native Method)
	at sun.nio.ch.SocketChannelImpl.finishConnect(SocketChannelImpl.java:717)
	at org.apache.ratis.thirdparty.io.netty.channel.socket.nio.NioSocketChannel.doFinishConnect(NioSocketChannel.java:327)
	at org.apache.ratis.thirdparty.io.netty.channel.nio.AbstractNioChannel$AbstractNioUnsafe.finishConnect(AbstractNioChannel.java:340)
	at org.apache.ratis.thirdparty.io.netty.channel.nio.NioEventLoop.processSelectedKey(NioEventLoop.java:632)
	at org.apache.ratis.thirdparty.io.netty.channel.nio.NioEventLoop.processSelectedKeysOptimized(NioEventLoop.java:579)
	at org.apache.ratis.thirdparty.io.netty.channel.nio.NioEventLoop.processSelectedKeys(NioEventLoop.java:496)
	at org.apache.ratis.thirdparty.io.netty.channel.nio.NioEventLoop.run(NioEventLoop.java:458)
	at org.apache.ratis.thirdparty.io.netty.util.concurrent.SingleThreadEventExecutor$5.run(SingleThreadEventExecutor.java:897)
	at org.apache.ratis.thirdparty.io.netty.util.concurrent.FastThreadLocalRunnable.run(FastThreadLocalRunnable.java:30)
	... 1 more
Caused by: java.net.ConnectException: Connection refused
	... 11 more
2019-09-24 19:02:31,810 [dd51241e-7f30-423c-8baf-8925f04f92e5@group-91D416462A89:LeaderElection41] INFO  impl.LeaderElection (LogUtils.java:infoOrTrace(149)) -   Exception 0: {}
java.util.concurrent.ExecutionException: org.apache.ratis.thirdparty.io.grpc.StatusRuntimeException: UNAVAILABLE: io exception
	at java.util.concurrent.FutureTask.report(FutureTask.java:122)
	at java.util.concurrent.FutureTask.get(FutureTask.java:192)
	at org.apache.ratis.server.impl.LeaderElection.waitForResults(LeaderElection.java:263)
	at org.apache.ratis.server.impl.LeaderElection.askForVotes(LeaderElection.java:201)
	at org.apache.ratis.server.impl.LeaderElection.run(LeaderElection.java:133)
	at java.lang.Thread.run(Thread.java:748)
Caused by: org.apache.ratis.thirdparty.io.grpc.StatusRuntimeException: UNAVAILABLE: io exception
	at org.apache.ratis.thirdparty.io.grpc.stub.ClientCalls.toStatusRuntimeException(ClientCalls.java:233)
	at org.apache.ratis.thirdparty.io.grpc.stub.ClientCalls.getUnchecked(ClientCalls.java:214)
	at org.apache.ratis.thirdparty.io.grpc.stub.ClientCalls.blockingUnaryCall(ClientCalls.java:139)
	at org.apache.ratis.proto.grpc.RaftServerProtocolServiceGrpc$RaftServerProtocolServiceBlockingStub.requestVote(RaftServerProtocolServiceGrpc.java:265)
	at org.apache.ratis.grpc.server.GrpcServerProtocolClient.requestVote(GrpcServerProtocolClient.java:90)
	at org.apache.ratis.grpc.server.GrpcService.requestVote(GrpcService.java:204)
	at org.apache.ratis.server.impl.LeaderElection.lambda$submitRequests$1(LeaderElection.java:238)
	at java.util.concurrent.FutureTask.run(FutureTask.java:266)
	at java.util.concurrent.Executors$RunnableAdapter.call(Executors.java:511)
	at java.util.concurrent.FutureTask.run(FutureTask.java:266)
	at java.util.concurrent.ThreadPoolExecutor.runWorker(ThreadPoolExecutor.java:1149)
	at java.util.concurrent.ThreadPoolExecutor$Worker.run(ThreadPoolExecutor.java:624)
	... 1 more
Caused by: org.apache.ratis.thirdparty.io.netty.channel.AbstractChannel$AnnotatedConnectException: Connection refused: /192.168.5.148:45771
	at sun.nio.ch.SocketChannelImpl.checkConnect(Native Method)
	at sun.nio.ch.SocketChannelImpl.finishConnect(SocketChannelImpl.java:717)
	at org.apache.ratis.thirdparty.io.netty.channel.socket.nio.NioSocketChannel.doFinishConnect(NioSocketChannel.java:327)
	at org.apache.ratis.thirdparty.io.netty.channel.nio.AbstractNioChannel$AbstractNioUnsafe.finishConnect(AbstractNioChannel.java:340)
	at org.apache.ratis.thirdparty.io.netty.channel.nio.NioEventLoop.processSelectedKey(NioEventLoop.java:632)
	at org.apache.ratis.thirdparty.io.netty.channel.nio.NioEventLoop.processSelectedKeysOptimized(NioEventLoop.java:579)
	at org.apache.ratis.thirdparty.io.netty.channel.nio.NioEventLoop.processSelectedKeys(NioEventLoop.java:496)
	at org.apache.ratis.thirdparty.io.netty.channel.nio.NioEventLoop.run(NioEventLoop.java:458)
	at org.apache.ratis.thirdparty.io.netty.util.concurrent.SingleThreadEventExecutor$5.run(SingleThreadEventExecutor.java:897)
	at org.apache.ratis.thirdparty.io.netty.util.concurrent.FastThreadLocalRunnable.run(FastThreadLocalRunnable.java:30)
	... 1 more
Caused by: java.net.ConnectException: Connection refused
	... 11 more
2019-09-24 19:02:31,814 [f9d00a00-bc78-4492-92ba-83defd396746@group-91D416462A89:LeaderElection40] INFO  impl.RaftServerImpl (RaftServerImpl.java:setRole(174)) - f9d00a00-bc78-4492-92ba-83defd396746@group-91D416462A89: changes role from CANDIDATE to FOLLOWER at term 5 for DISCOVERED_A_NEW_TERM
2019-09-24 19:02:31,815 [dd51241e-7f30-423c-8baf-8925f04f92e5@group-91D416462A89:LeaderElection41] INFO  impl.RaftServerImpl (RaftServerImpl.java:setRole(174)) - dd51241e-7f30-423c-8baf-8925f04f92e5@group-91D416462A89: changes role from CANDIDATE to FOLLOWER at term 5 for DISCOVERED_A_NEW_TERM
2019-09-24 19:02:31,815 [f9d00a00-bc78-4492-92ba-83defd396746@group-91D416462A89:LeaderElection40] INFO  impl.RoleInfo (RoleInfo.java:shutdownLeaderElection(134)) - f9d00a00-bc78-4492-92ba-83defd396746: shutdown LeaderElection
2019-09-24 19:02:31,816 [dd51241e-7f30-423c-8baf-8925f04f92e5@group-91D416462A89:LeaderElection41] INFO  impl.RoleInfo (RoleInfo.java:shutdownLeaderElection(134)) - dd51241e-7f30-423c-8baf-8925f04f92e5: shutdown LeaderElection
2019-09-24 19:02:31,816 [f9d00a00-bc78-4492-92ba-83defd396746@group-91D416462A89:LeaderElection40] INFO  impl.RoleInfo (RoleInfo.java:updateAndGet(143)) - f9d00a00-bc78-4492-92ba-83defd396746: start FollowerState
2019-09-24 19:02:31,816 [dd51241e-7f30-423c-8baf-8925f04f92e5@group-91D416462A89:LeaderElection41] INFO  impl.RoleInfo (RoleInfo.java:updateAndGet(143)) - dd51241e-7f30-423c-8baf-8925f04f92e5: start FollowerState
2019-09-24 19:02:32,901 [Thread-1288] INFO  impl.FollowerState (FollowerState.java:run(106)) - dd51241e-7f30-423c-8baf-8925f04f92e5:group-91D416462A89 changes to CANDIDATE, lastRpcTime:1084, electionTimeout:1084ms
2019-09-24 19:02:32,901 [Thread-1288] INFO  impl.RoleInfo (RoleInfo.java:shutdownFollowerState(121)) - dd51241e-7f30-423c-8baf-8925f04f92e5: shutdown FollowerState
2019-09-24 19:02:32,902 [Thread-1288] INFO  impl.RaftServerImpl (RaftServerImpl.java:setRole(174)) - dd51241e-7f30-423c-8baf-8925f04f92e5@group-91D416462A89: changes role from  FOLLOWER to CANDIDATE at term 5 for changeToCandidate
2019-09-24 19:02:32,902 [Thread-1288] INFO  impl.RoleInfo (RoleInfo.java:updateAndGet(143)) - dd51241e-7f30-423c-8baf-8925f04f92e5: start LeaderElection
2019-09-24 19:02:32,967 [Thread-1287] INFO  impl.FollowerState (FollowerState.java:run(106)) - f9d00a00-bc78-4492-92ba-83defd396746:group-91D416462A89 changes to CANDIDATE, lastRpcTime:1150, electionTimeout:1149ms
2019-09-24 19:02:32,967 [Thread-1287] INFO  impl.RoleInfo (RoleInfo.java:shutdownFollowerState(121)) - f9d00a00-bc78-4492-92ba-83defd396746: shutdown FollowerState
2019-09-24 19:02:32,967 [Thread-1287] INFO  impl.RaftServerImpl (RaftServerImpl.java:setRole(174)) - f9d00a00-bc78-4492-92ba-83defd396746@group-91D416462A89: changes role from  FOLLOWER to CANDIDATE at term 5 for changeToCandidate
2019-09-24 19:02:32,967 [Thread-1287] INFO  impl.RoleInfo (RoleInfo.java:updateAndGet(143)) - f9d00a00-bc78-4492-92ba-83defd396746: start LeaderElection
2019-09-24 19:02:34,628 [java.util.concurrent.ThreadPoolExecutor$Worker@5b3d687a[State = -1, empty queue]] WARN  server.GrpcLogAppender (GrpcLogAppender.java:timeoutAppendRequest(200)) - 75e06a4b-10ed-49e3-a0f4-39d0cf919ed9@group-338C40DB937D->c0a619e5-2907-4353-abbd-f6fb1099a46d-GrpcLogAppender: appendEntries Timeout, request=75e06a4b-10ed-49e3-a0f4-39d0cf919ed9->c0a619e5-2907-4353-abbd-f6fb1099a46d#181-t1, previous=(t:1, i:6), leaderCommit=6, initializing? false, entries: <empty>
2019-09-24 19:02:34,628 [java.util.concurrent.ThreadPoolExecutor$Worker@6db46767[State = -1, empty queue]] WARN  server.GrpcLogAppender (GrpcLogAppender.java:timeoutAppendRequest(200)) - 75e06a4b-10ed-49e3-a0f4-39d0cf919ed9@group-338C40DB937D->01d7623e-fce0-4300-8f15-4bc2097938ef-GrpcLogAppender: appendEntries Timeout, request=75e06a4b-10ed-49e3-a0f4-39d0cf919ed9->01d7623e-fce0-4300-8f15-4bc2097938ef#181-t1, previous=(t:1, i:6), leaderCommit=6, initializing? false, entries: <empty>
2019-09-24 19:02:35,128 [java.util.concurrent.ThreadPoolExecutor$Worker@6db46767[State = -1, empty queue]] WARN  server.GrpcLogAppender (GrpcLogAppender.java:timeoutAppendRequest(200)) - 75e06a4b-10ed-49e3-a0f4-39d0cf919ed9@group-338C40DB937D->01d7623e-fce0-4300-8f15-4bc2097938ef-GrpcLogAppender: appendEntries Timeout, request=75e06a4b-10ed-49e3-a0f4-39d0cf919ed9->01d7623e-fce0-4300-8f15-4bc2097938ef#182-t1, previous=(t:1, i:6), leaderCommit=6, initializing? false, entries: <empty>
2019-09-24 19:02:35,128 [java.util.concurrent.ThreadPoolExecutor$Worker@5b3d687a[State = -1, empty queue]] WARN  server.GrpcLogAppender (GrpcLogAppender.java:timeoutAppendRequest(200)) - 75e06a4b-10ed-49e3-a0f4-39d0cf919ed9@group-338C40DB937D->c0a619e5-2907-4353-abbd-f6fb1099a46d-GrpcLogAppender: appendEntries Timeout, request=75e06a4b-10ed-49e3-a0f4-39d0cf919ed9->c0a619e5-2907-4353-abbd-f6fb1099a46d#182-t1, previous=(t:1, i:6), leaderCommit=6, initializing? false, entries: <empty>
2019-09-24 19:02:35,629 [java.util.concurrent.ThreadPoolExecutor$Worker@5b3d687a[State = -1, empty queue]] WARN  server.GrpcLogAppender (GrpcLogAppender.java:timeoutAppendRequest(200)) - 75e06a4b-10ed-49e3-a0f4-39d0cf919ed9@group-338C40DB937D->c0a619e5-2907-4353-abbd-f6fb1099a46d-GrpcLogAppender: appendEntries Timeout, request=75e06a4b-10ed-49e3-a0f4-39d0cf919ed9->c0a619e5-2907-4353-abbd-f6fb1099a46d#183-t1, previous=(t:1, i:6), leaderCommit=6, initializing? false, entries: <empty>
2019-09-24 19:02:35,629 [java.util.concurrent.ThreadPoolExecutor$Worker@6db46767[State = -1, empty queue]] WARN  server.GrpcLogAppender (GrpcLogAppender.java:timeoutAppendRequest(200)) - 75e06a4b-10ed-49e3-a0f4-39d0cf919ed9@group-338C40DB937D->01d7623e-fce0-4300-8f15-4bc2097938ef-GrpcLogAppender: appendEntries Timeout, request=75e06a4b-10ed-49e3-a0f4-39d0cf919ed9->01d7623e-fce0-4300-8f15-4bc2097938ef#183-t1, previous=(t:1, i:6), leaderCommit=6, initializing? false, entries: <empty>
2019-09-24 19:02:36,129 [java.util.concurrent.ThreadPoolExecutor$Worker@6db46767[State = -1, empty queue]] WARN  server.GrpcLogAppender (GrpcLogAppender.java:timeoutAppendRequest(200)) - 75e06a4b-10ed-49e3-a0f4-39d0cf919ed9@group-338C40DB937D->01d7623e-fce0-4300-8f15-4bc2097938ef-GrpcLogAppender: appendEntries Timeout, request=75e06a4b-10ed-49e3-a0f4-39d0cf919ed9->01d7623e-fce0-4300-8f15-4bc2097938ef#184-t1, previous=(t:1, i:6), leaderCommit=6, initializing? false, entries: <empty>
2019-09-24 19:02:36,129 [java.util.concurrent.ThreadPoolExecutor$Worker@5b3d687a[State = -1, empty queue]] WARN  server.GrpcLogAppender (GrpcLogAppender.java:timeoutAppendRequest(200)) - 75e06a4b-10ed-49e3-a0f4-39d0cf919ed9@group-338C40DB937D->c0a619e5-2907-4353-abbd-f6fb1099a46d-GrpcLogAppender: appendEntries Timeout, request=75e06a4b-10ed-49e3-a0f4-39d0cf919ed9->c0a619e5-2907-4353-abbd-f6fb1099a46d#184-t1, previous=(t:1, i:6), leaderCommit=6, initializing? false, entries: <empty>
2019-09-24 19:02:36,630 [java.util.concurrent.ThreadPoolExecutor$Worker@6db46767[State = -1, empty queue]] WARN  server.GrpcLogAppender (GrpcLogAppender.java:timeoutAppendRequest(200)) - 75e06a4b-10ed-49e3-a0f4-39d0cf919ed9@group-338C40DB937D->01d7623e-fce0-4300-8f15-4bc2097938ef-GrpcLogAppender: appendEntries Timeout, request=75e06a4b-10ed-49e3-a0f4-39d0cf919ed9->01d7623e-fce0-4300-8f15-4bc2097938ef#185-t1, previous=(t:1, i:6), leaderCommit=6, initializing? false, entries: <empty>
2019-09-24 19:02:36,630 [java.util.concurrent.ThreadPoolExecutor$Worker@5b3d687a[State = -1, empty queue]] WARN  server.GrpcLogAppender (GrpcLogAppender.java:timeoutAppendRequest(200)) - 75e06a4b-10ed-49e3-a0f4-39d0cf919ed9@group-338C40DB937D->c0a619e5-2907-4353-abbd-f6fb1099a46d-GrpcLogAppender: appendEntries Timeout, request=75e06a4b-10ed-49e3-a0f4-39d0cf919ed9->c0a619e5-2907-4353-abbd-f6fb1099a46d#185-t1, previous=(t:1, i:6), leaderCommit=6, initializing? false, entries: <empty>
2019-09-24 19:02:36,797 [c0a619e5-2907-4353-abbd-f6fb1099a46d@group-338C40DB937D-StateMachineUpdater] INFO  ratis.ContainerStateMachine (ContainerStateMachine.java:takeSnapshot(300)) - group-338C40DB937D: Finished taking a snapshot at:(t:1, i:1) file:/workdir/hadoop-ozone/integration-test/target/test-dir/MiniOzoneClusterImpl-347bc0d8-8dc7-46c0-bd0b-f626cebf696e/datanode-6/data/ratis/09cc86b9-b7fc-4c9b-ba7f-338c40db937d/sm/snapshot.1_1 time:5001
2019-09-24 19:02:36,797 [01d7623e-fce0-4300-8f15-4bc2097938ef@group-338C40DB937D-StateMachineUpdater] INFO  ratis.ContainerStateMachine (ContainerStateMachine.java:takeSnapshot(300)) - group-338C40DB937D: Finished taking a snapshot at:(t:1, i:4) file:/workdir/hadoop-ozone/integration-test/target/test-dir/MiniOzoneClusterImpl-347bc0d8-8dc7-46c0-bd0b-f626cebf696e/datanode-4/data/ratis/09cc86b9-b7fc-4c9b-ba7f-338c40db937d/sm/snapshot.1_4 time:5001
2019-09-24 19:02:36,797 [dd51241e-7f30-423c-8baf-8925f04f92e5@group-91D416462A89:LeaderElection42] INFO  impl.LeaderElection (LeaderElection.java:askForVotes(182)) - dd51241e-7f30-423c-8baf-8925f04f92e5@group-91D416462A89:LeaderElection42: begin an election at term 6 for 0: [f9d00a00-bc78-4492-92ba-83defd396746:192.168.5.148:39515, 91e07af8-8ce2-4ac6-9c90-851894b34103:192.168.5.148:45771, dd51241e-7f30-423c-8baf-8925f04f92e5:192.168.5.148:35152], old=null
2019-09-24 19:02:36,797 [f9d00a00-bc78-4492-92ba-83defd396746@group-91D416462A89:LeaderElection43] INFO  impl.LeaderElection (LeaderElection.java:askForVotes(182)) - f9d00a00-bc78-4492-92ba-83defd396746@group-91D416462A89:LeaderElection43: begin an election at term 6 for 0: [f9d00a00-bc78-4492-92ba-83defd396746:192.168.5.148:39515, 91e07af8-8ce2-4ac6-9c90-851894b34103:192.168.5.148:45771, dd51241e-7f30-423c-8baf-8925f04f92e5:192.168.5.148:35152], old=null
2019-09-24 19:02:36,798 [01d7623e-fce0-4300-8f15-4bc2097938ef@group-338C40DB937D-StateMachineUpdater] INFO  impl.StateMachineUpdater (StateMachineUpdater.java:takeSnapshot(258)) - 01d7623e-fce0-4300-8f15-4bc2097938ef@group-338C40DB937D-StateMachineUpdater: Took a snapshot at index 4
2019-09-24 19:02:36,798 [c0a619e5-2907-4353-abbd-f6fb1099a46d@group-338C40DB937D-StateMachineUpdater] INFO  impl.StateMachineUpdater (StateMachineUpdater.java:takeSnapshot(258)) - c0a619e5-2907-4353-abbd-f6fb1099a46d@group-338C40DB937D-StateMachineUpdater: Took a snapshot at index 1
2019-09-24 19:02:36,798 [01d7623e-fce0-4300-8f15-4bc2097938ef@group-338C40DB937D-StateMachineUpdater] INFO  impl.StateMachineUpdater (StateMachineUpdater.java:lambda$new$0(83)) - 01d7623e-fce0-4300-8f15-4bc2097938ef@group-338C40DB937D-StateMachineUpdater: snapshotIndex: updateIncreasingly 4 -> 4
2019-09-24 19:02:36,798 [c0a619e5-2907-4353-abbd-f6fb1099a46d@group-338C40DB937D-StateMachineUpdater] INFO  impl.StateMachineUpdater (StateMachineUpdater.java:lambda$new$0(83)) - c0a619e5-2907-4353-abbd-f6fb1099a46d@group-338C40DB937D-StateMachineUpdater: snapshotIndex: updateIncreasingly 1 -> 1
2019-09-24 19:02:36,800 [main] INFO  impl.RaftServerImpl (ServerState.java:close(385)) - c0a619e5-2907-4353-abbd-f6fb1099a46d@group-338C40DB937D: closes. applyIndex: 6
2019-09-24 19:02:36,800 [ForkJoinPool.commonPool-worker-0] INFO  impl.RaftServerImpl (ServerState.java:close(385)) - 01d7623e-fce0-4300-8f15-4bc2097938ef@group-338C40DB937D: closes. applyIndex: 6
2019-09-24 19:02:36,801 [dd51241e-7f30-423c-8baf-8925f04f92e5@group-91D416462A89:LeaderElection42] INFO  impl.LeaderElection (LogUtils.java:infoOrTrace(149)) - dd51241e-7f30-423c-8baf-8925f04f92e5@group-91D416462A89:LeaderElection42 got exception when requesting votes: {}
java.util.concurrent.ExecutionException: org.apache.ratis.thirdparty.io.grpc.StatusRuntimeException: UNAVAILABLE: io exception
	at java.util.concurrent.FutureTask.report(FutureTask.java:122)
	at java.util.concurrent.FutureTask.get(FutureTask.java:192)
	at org.apache.ratis.server.impl.LeaderElection.waitForResults(LeaderElection.java:263)
	at org.apache.ratis.server.impl.LeaderElection.askForVotes(LeaderElection.java:201)
	at org.apache.ratis.server.impl.LeaderElection.run(LeaderElection.java:133)
	at java.lang.Thread.run(Thread.java:748)
Caused by: org.apache.ratis.thirdparty.io.grpc.StatusRuntimeException: UNAVAILABLE: io exception
	at org.apache.ratis.thirdparty.io.grpc.stub.ClientCalls.toStatusRuntimeException(ClientCalls.java:233)
	at org.apache.ratis.thirdparty.io.grpc.stub.ClientCalls.getUnchecked(ClientCalls.java:214)
	at org.apache.ratis.thirdparty.io.grpc.stub.ClientCalls.blockingUnaryCall(ClientCalls.java:139)
	at org.apache.ratis.proto.grpc.RaftServerProtocolServiceGrpc$RaftServerProtocolServiceBlockingStub.requestVote(RaftServerProtocolServiceGrpc.java:265)
	at org.apache.ratis.grpc.server.GrpcServerProtocolClient.requestVote(GrpcServerProtocolClient.java:90)
	at org.apache.ratis.grpc.server.GrpcService.requestVote(GrpcService.java:204)
	at org.apache.ratis.server.impl.LeaderElection.lambda$submitRequests$1(LeaderElection.java:238)
	at java.util.concurrent.FutureTask.run(FutureTask.java:266)
	at java.util.concurrent.Executors$RunnableAdapter.call(Executors.java:511)
	at java.util.concurrent.FutureTask.run(FutureTask.java:266)
	at java.util.concurrent.ThreadPoolExecutor.runWorker(ThreadPoolExecutor.java:1149)
	at java.util.concurrent.ThreadPoolExecutor$Worker.run(ThreadPoolExecutor.java:624)
	... 1 more
Caused by: org.apache.ratis.thirdparty.io.netty.channel.AbstractChannel$AnnotatedConnectException: Connection refused: /192.168.5.148:45771
	at sun.nio.ch.SocketChannelImpl.checkConnect(Native Method)
	at sun.nio.ch.SocketChannelImpl.finishConnect(SocketChannelImpl.java:717)
	at org.apache.ratis.thirdparty.io.netty.channel.socket.nio.NioSocketChannel.doFinishConnect(NioSocketChannel.java:327)
	at org.apache.ratis.thirdparty.io.netty.channel.nio.AbstractNioChannel$AbstractNioUnsafe.finishConnect(AbstractNioChannel.java:340)
	at org.apache.ratis.thirdparty.io.netty.channel.nio.NioEventLoop.processSelectedKey(NioEventLoop.java:632)
	at org.apache.ratis.thirdparty.io.netty.channel.nio.NioEventLoop.processSelectedKeysOptimized(NioEventLoop.java:579)
	at org.apache.ratis.thirdparty.io.netty.channel.nio.NioEventLoop.processSelectedKeys(NioEventLoop.java:496)
	at org.apache.ratis.thirdparty.io.netty.channel.nio.NioEventLoop.run(NioEventLoop.java:458)
	at org.apache.ratis.thirdparty.io.netty.util.concurrent.SingleThreadEventExecutor$5.run(SingleThreadEventExecutor.java:897)
	at org.apache.ratis.thirdparty.io.netty.util.concurrent.FastThreadLocalRunnable.run(FastThreadLocalRunnable.java:30)
	... 1 more
Caused by: java.net.ConnectException: Connection refused
	... 11 more
2019-09-24 19:02:36,801 [f9d00a00-bc78-4492-92ba-83defd396746@group-91D416462A89:LeaderElection43] INFO  impl.LeaderElection (LogUtils.java:infoOrTrace(149)) - f9d00a00-bc78-4492-92ba-83defd396746@group-91D416462A89:LeaderElection43 got exception when requesting votes: {}
java.util.concurrent.ExecutionException: org.apache.ratis.thirdparty.io.grpc.StatusRuntimeException: UNAVAILABLE: io exception
	at java.util.concurrent.FutureTask.report(FutureTask.java:122)
	at java.util.concurrent.FutureTask.get(FutureTask.java:192)
	at org.apache.ratis.server.impl.LeaderElection.waitForResults(LeaderElection.java:263)
	at org.apache.ratis.server.impl.LeaderElection.askForVotes(LeaderElection.java:201)
	at org.apache.ratis.server.impl.LeaderElection.run(LeaderElection.java:133)
	at java.lang.Thread.run(Thread.java:748)
Caused by: org.apache.ratis.thirdparty.io.grpc.StatusRuntimeException: UNAVAILABLE: io exception
	at org.apache.ratis.thirdparty.io.grpc.stub.ClientCalls.toStatusRuntimeException(ClientCalls.java:233)
	at org.apache.ratis.thirdparty.io.grpc.stub.ClientCalls.getUnchecked(ClientCalls.java:214)
	at org.apache.ratis.thirdparty.io.grpc.stub.ClientCalls.blockingUnaryCall(ClientCalls.java:139)
	at org.apache.ratis.proto.grpc.RaftServerProtocolServiceGrpc$RaftServerProtocolServiceBlockingStub.requestVote(RaftServerProtocolServiceGrpc.java:265)
	at org.apache.ratis.grpc.server.GrpcServerProtocolClient.requestVote(GrpcServerProtocolClient.java:90)
	at org.apache.ratis.grpc.server.GrpcService.requestVote(GrpcService.java:204)
	at org.apache.ratis.server.impl.LeaderElection.lambda$submitRequests$1(LeaderElection.java:238)
	at java.util.concurrent.FutureTask.run(FutureTask.java:266)
	at java.util.concurrent.Executors$RunnableAdapter.call(Executors.java:511)
	at java.util.concurrent.FutureTask.run(FutureTask.java:266)
	at java.util.concurrent.ThreadPoolExecutor.runWorker(ThreadPoolExecutor.java:1149)
	at java.util.concurrent.ThreadPoolExecutor$Worker.run(ThreadPoolExecutor.java:624)
	... 1 more
Caused by: org.apache.ratis.thirdparty.io.netty.channel.AbstractChannel$AnnotatedConnectException: Connection refused: /192.168.5.148:45771
	at sun.nio.ch.SocketChannelImpl.checkConnect(Native Method)
	at sun.nio.ch.SocketChannelImpl.finishConnect(SocketChannelImpl.java:717)
	at org.apache.ratis.thirdparty.io.netty.channel.socket.nio.NioSocketChannel.doFinishConnect(NioSocketChannel.java:327)
	at org.apache.ratis.thirdparty.io.netty.channel.nio.AbstractNioChannel$AbstractNioUnsafe.finishConnect(AbstractNioChannel.java:340)
	at org.apache.ratis.thirdparty.io.netty.channel.nio.NioEventLoop.processSelectedKey(NioEventLoop.java:632)
	at org.apache.ratis.thirdparty.io.netty.channel.nio.NioEventLoop.processSelectedKeysOptimized(NioEventLoop.java:579)
	at org.apache.ratis.thirdparty.io.netty.channel.nio.NioEventLoop.processSelectedKeys(NioEventLoop.java:496)
	at org.apache.ratis.thirdparty.io.netty.channel.nio.NioEventLoop.run(NioEventLoop.java:458)
	at org.apache.ratis.thirdparty.io.netty.util.concurrent.SingleThreadEventExecutor$5.run(SingleThreadEventExecutor.java:897)
	at org.apache.ratis.thirdparty.io.netty.util.concurrent.FastThreadLocalRunnable.run(FastThreadLocalRunnable.java:30)
	... 1 more
Caused by: java.net.ConnectException: Connection refused
	... 11 more
2019-09-24 19:02:36,801 [01d7623e-fce0-4300-8f15-4bc2097938ef@group-338C40DB937D-SegmentedRaftLogWorker] INFO  segmented.SegmentedRaftLogWorker (SegmentedRaftLogWorker.java:run(313)) - 01d7623e-fce0-4300-8f15-4bc2097938ef@group-338C40DB937D-SegmentedRaftLogWorker was interrupted, exiting. There are 0 tasks remaining in the queue.
2019-09-24 19:02:36,801 [c0a619e5-2907-4353-abbd-f6fb1099a46d@group-338C40DB937D-SegmentedRaftLogWorker] INFO  segmented.SegmentedRaftLogWorker (SegmentedRaftLogWorker.java:run(313)) - c0a619e5-2907-4353-abbd-f6fb1099a46d@group-338C40DB937D-SegmentedRaftLogWorker was interrupted, exiting. There are 0 tasks remaining in the queue.
2019-09-24 19:02:36,818 [ForkJoinPool.commonPool-worker-0] INFO  segmented.SegmentedRaftLogWorker (SegmentedRaftLogWorker.java:close(228)) - 01d7623e-fce0-4300-8f15-4bc2097938ef@group-338C40DB937D-SegmentedRaftLogWorker close()
2019-09-24 19:02:36,818 [main] INFO  segmented.SegmentedRaftLogWorker (SegmentedRaftLogWorker.java:close(228)) - c0a619e5-2907-4353-abbd-f6fb1099a46d@group-338C40DB937D-SegmentedRaftLogWorker close()
2019-09-24 19:02:36,822 [ForkJoinPool.commonPool-worker-0] INFO  impl.RaftServerImpl (RaftServerImpl.java:lambda$shutdown$3(251)) - 01d7623e-fce0-4300-8f15-4bc2097938ef@group-5CE0F0C3FB6F: shutdown
2019-09-24 19:02:36,838 [main] INFO  impl.RaftServerImpl (RaftServerImpl.java:lambda$shutdown$3(251)) - c0a619e5-2907-4353-abbd-f6fb1099a46d@group-DA7E715AA612: shutdown
2019-09-24 19:02:36,839 [ForkJoinPool.commonPool-worker-0] INFO  util.JmxRegister (JmxRegister.java:unregister(73)) - Successfully un-registered JMX Bean with object name Ratis:service=RaftServer,group=group-5CE0F0C3FB6F,id=01d7623e-fce0-4300-8f15-4bc2097938ef
2019-09-24 19:02:36,839 [main] INFO  util.JmxRegister (JmxRegister.java:unregister(73)) - Successfully un-registered JMX Bean with object name Ratis:service=RaftServer,group=group-DA7E715AA612,id=c0a619e5-2907-4353-abbd-f6fb1099a46d
2019-09-24 19:02:36,839 [dd51241e-7f30-423c-8baf-8925f04f92e5@group-91D416462A89:LeaderElection42] INFO  impl.LeaderElection (LeaderElection.java:logAndReturn(56)) - dd51241e-7f30-423c-8baf-8925f04f92e5@group-91D416462A89:LeaderElection42: Election REJECTED; received 1 response(s) [dd51241e-7f30-423c-8baf-8925f04f92e5<-f9d00a00-bc78-4492-92ba-83defd396746#0:FAIL-t6] and 1 exception(s); dd51241e-7f30-423c-8baf-8925f04f92e5@group-91D416462A89:t6, leader=null, voted=dd51241e-7f30-423c-8baf-8925f04f92e5, raftlog=dd51241e-7f30-423c-8baf-8925f04f92e5@group-91D416462A89-SegmentedRaftLog:OPENED:c2,f2,i2, conf=0: [f9d00a00-bc78-4492-92ba-83defd396746:192.168.5.148:39515, 91e07af8-8ce2-4ac6-9c90-851894b34103:192.168.5.148:45771, dd51241e-7f30-423c-8baf-8925f04f92e5:192.168.5.148:35152], old=null
2019-09-24 19:02:36,839 [f9d00a00-bc78-4492-92ba-83defd396746@group-91D416462A89:LeaderElection43] INFO  impl.LeaderElection (LeaderElection.java:logAndReturn(56)) - f9d00a00-bc78-4492-92ba-83defd396746@group-91D416462A89:LeaderElection43: Election REJECTED; received 1 response(s) [f9d00a00-bc78-4492-92ba-83defd396746<-dd51241e-7f30-423c-8baf-8925f04f92e5#0:FAIL-t6] and 1 exception(s); f9d00a00-bc78-4492-92ba-83defd396746@group-91D416462A89:t6, leader=null, voted=f9d00a00-bc78-4492-92ba-83defd396746, raftlog=f9d00a00-bc78-4492-92ba-83defd396746@group-91D416462A89-SegmentedRaftLog:OPENED:c2,f2,i2, conf=0: [f9d00a00-bc78-4492-92ba-83defd396746:192.168.5.148:39515, 91e07af8-8ce2-4ac6-9c90-851894b34103:192.168.5.148:45771, dd51241e-7f30-423c-8baf-8925f04f92e5:192.168.5.148:35152], old=null
2019-09-24 19:02:36,839 [ForkJoinPool.commonPool-worker-0] INFO  impl.RoleInfo (RoleInfo.java:shutdownLeaderState(104)) - 01d7623e-fce0-4300-8f15-4bc2097938ef: shutdown LeaderState
2019-09-24 19:02:36,840 [f9d00a00-bc78-4492-92ba-83defd396746@group-91D416462A89:LeaderElection43] INFO  impl.LeaderElection (LogUtils.java:infoOrTrace(149)) -   Exception 0: {}
java.util.concurrent.ExecutionException: org.apache.ratis.thirdparty.io.grpc.StatusRuntimeException: UNAVAILABLE: io exception
	at java.util.concurrent.FutureTask.report(FutureTask.java:122)
	at java.util.concurrent.FutureTask.get(FutureTask.java:192)
	at org.apache.ratis.server.impl.LeaderElection.waitForResults(LeaderElection.java:263)
	at org.apache.ratis.server.impl.LeaderElection.askForVotes(LeaderElection.java:201)
	at org.apache.ratis.server.impl.LeaderElection.run(LeaderElection.java:133)
	at java.lang.Thread.run(Thread.java:748)
Caused by: org.apache.ratis.thirdparty.io.grpc.StatusRuntimeException: UNAVAILABLE: io exception
	at org.apache.ratis.thirdparty.io.grpc.stub.ClientCalls.toStatusRuntimeException(ClientCalls.java:233)
	at org.apache.ratis.thirdparty.io.grpc.stub.ClientCalls.getUnchecked(ClientCalls.java:214)
	at org.apache.ratis.thirdparty.io.grpc.stub.ClientCalls.blockingUnaryCall(ClientCalls.java:139)
	at org.apache.ratis.proto.grpc.RaftServerProtocolServiceGrpc$RaftServerProtocolServiceBlockingStub.requestVote(RaftServerProtocolServiceGrpc.java:265)
	at org.apache.ratis.grpc.server.GrpcServerProtocolClient.requestVote(GrpcServerProtocolClient.java:90)
	at org.apache.ratis.grpc.server.GrpcService.requestVote(GrpcService.java:204)
	at org.apache.ratis.server.impl.LeaderElection.lambda$submitRequests$1(LeaderElection.java:238)
	at java.util.concurrent.FutureTask.run(FutureTask.java:266)
	at java.util.concurrent.Executors$RunnableAdapter.call(Executors.java:511)
	at java.util.concurrent.FutureTask.run(FutureTask.java:266)
	at java.util.concurrent.ThreadPoolExecutor.runWorker(ThreadPoolExecutor.java:1149)
	at java.util.concurrent.ThreadPoolExecutor$Worker.run(ThreadPoolExecutor.java:624)
	... 1 more
Caused by: org.apache.ratis.thirdparty.io.netty.channel.AbstractChannel$AnnotatedConnectException: Connection refused: /192.168.5.148:45771
	at sun.nio.ch.SocketChannelImpl.checkConnect(Native Method)
	at sun.nio.ch.SocketChannelImpl.finishConnect(SocketChannelImpl.java:717)
	at org.apache.ratis.thirdparty.io.netty.channel.socket.nio.NioSocketChannel.doFinishConnect(NioSocketChannel.java:327)
	at org.apache.ratis.thirdparty.io.netty.channel.nio.AbstractNioChannel$AbstractNioUnsafe.finishConnect(AbstractNioChannel.java:340)
	at org.apache.ratis.thirdparty.io.netty.channel.nio.NioEventLoop.processSelectedKey(NioEventLoop.java:632)
	at org.apache.ratis.thirdparty.io.netty.channel.nio.NioEventLoop.processSelectedKeysOptimized(NioEventLoop.java:579)
	at org.apache.ratis.thirdparty.io.netty.channel.nio.NioEventLoop.processSelectedKeys(NioEventLoop.java:496)
	at org.apache.ratis.thirdparty.io.netty.channel.nio.NioEventLoop.run(NioEventLoop.java:458)
	at org.apache.ratis.thirdparty.io.netty.util.concurrent.SingleThreadEventExecutor$5.run(SingleThreadEventExecutor.java:897)
	at org.apache.ratis.thirdparty.io.netty.util.concurrent.FastThreadLocalRunnable.run(FastThreadLocalRunnable.java:30)
	... 1 more
Caused by: java.net.ConnectException: Connection refused
	... 11 more
2019-09-24 19:02:36,840 [dd51241e-7f30-423c-8baf-8925f04f92e5@group-91D416462A89:LeaderElection42] INFO  impl.LeaderElection (LogUtils.java:infoOrTrace(149)) -   Exception 0: {}
java.util.concurrent.ExecutionException: org.apache.ratis.thirdparty.io.grpc.StatusRuntimeException: UNAVAILABLE: io exception
	at java.util.concurrent.FutureTask.report(FutureTask.java:122)
	at java.util.concurrent.FutureTask.get(FutureTask.java:192)
	at org.apache.ratis.server.impl.LeaderElection.waitForResults(LeaderElection.java:263)
	at org.apache.ratis.server.impl.LeaderElection.askForVotes(LeaderElection.java:201)
	at org.apache.ratis.server.impl.LeaderElection.run(LeaderElection.java:133)
	at java.lang.Thread.run(Thread.java:748)
Caused by: org.apache.ratis.thirdparty.io.grpc.StatusRuntimeException: UNAVAILABLE: io exception
	at org.apache.ratis.thirdparty.io.grpc.stub.ClientCalls.toStatusRuntimeException(ClientCalls.java:233)
	at org.apache.ratis.thirdparty.io.grpc.stub.ClientCalls.getUnchecked(ClientCalls.java:214)
	at org.apache.ratis.thirdparty.io.grpc.stub.ClientCalls.blockingUnaryCall(ClientCalls.java:139)
	at org.apache.ratis.proto.grpc.RaftServerProtocolServiceGrpc$RaftServerProtocolServiceBlockingStub.requestVote(RaftServerProtocolServiceGrpc.java:265)
	at org.apache.ratis.grpc.server.GrpcServerProtocolClient.requestVote(GrpcServerProtocolClient.java:90)
	at org.apache.ratis.grpc.server.GrpcService.requestVote(GrpcService.java:204)
	at org.apache.ratis.server.impl.LeaderElection.lambda$submitRequests$1(LeaderElection.java:238)
	at java.util.concurrent.FutureTask.run(FutureTask.java:266)
	at java.util.concurrent.Executors$RunnableAdapter.call(Executors.java:511)
	at java.util.concurrent.FutureTask.run(FutureTask.java:266)
	at java.util.concurrent.ThreadPoolExecutor.runWorker(ThreadPoolExecutor.java:1149)
	at java.util.concurrent.ThreadPoolExecutor$Worker.run(ThreadPoolExecutor.java:624)
	... 1 more
Caused by: org.apache.ratis.thirdparty.io.netty.channel.AbstractChannel$AnnotatedConnectException: Connection refused: /192.168.5.148:45771
	at sun.nio.ch.SocketChannelImpl.checkConnect(Native Method)
	at sun.nio.ch.SocketChannelImpl.finishConnect(SocketChannelImpl.java:717)
	at org.apache.ratis.thirdparty.io.netty.channel.socket.nio.NioSocketChannel.doFinishConnect(NioSocketChannel.java:327)
	at org.apache.ratis.thirdparty.io.netty.channel.nio.AbstractNioChannel$AbstractNioUnsafe.finishConnect(AbstractNioChannel.java:340)
	at org.apache.ratis.thirdparty.io.netty.channel.nio.NioEventLoop.processSelectedKey(NioEventLoop.java:632)
	at org.apache.ratis.thirdparty.io.netty.channel.nio.NioEventLoop.processSelectedKeysOptimized(NioEventLoop.java:579)
	at org.apache.ratis.thirdparty.io.netty.channel.nio.NioEventLoop.processSelectedKeys(NioEventLoop.java:496)
	at org.apache.ratis.thirdparty.io.netty.channel.nio.NioEventLoop.run(NioEventLoop.java:458)
	at org.apache.ratis.thirdparty.io.netty.util.concurrent.SingleThreadEventExecutor$5.run(SingleThreadEventExecutor.java:897)
	at org.apache.ratis.thirdparty.io.netty.util.concurrent.FastThreadLocalRunnable.run(FastThreadLocalRunnable.java:30)
	... 1 more
Caused by: java.net.ConnectException: Connection refused
	... 11 more
2019-09-24 19:02:36,839 [main] INFO  impl.RoleInfo (RoleInfo.java:shutdownLeaderState(104)) - c0a619e5-2907-4353-abbd-f6fb1099a46d: shutdown LeaderState
2019-09-24 19:02:36,846 [dd51241e-7f30-423c-8baf-8925f04f92e5@group-91D416462A89:LeaderElection42] INFO  impl.RaftServerImpl (RaftServerImpl.java:setRole(174)) - dd51241e-7f30-423c-8baf-8925f04f92e5@group-91D416462A89: changes role from CANDIDATE to FOLLOWER at term 6 for DISCOVERED_A_NEW_TERM
2019-09-24 19:02:36,847 [dd51241e-7f30-423c-8baf-8925f04f92e5@group-91D416462A89:LeaderElection42] INFO  impl.RoleInfo (RoleInfo.java:shutdownLeaderElection(134)) - dd51241e-7f30-423c-8baf-8925f04f92e5: shutdown LeaderElection
2019-09-24 19:02:36,845 [f9d00a00-bc78-4492-92ba-83defd396746@group-91D416462A89:LeaderElection43] INFO  impl.RaftServerImpl (RaftServerImpl.java:setRole(174)) - f9d00a00-bc78-4492-92ba-83defd396746@group-91D416462A89: changes role from CANDIDATE to FOLLOWER at term 6 for DISCOVERED_A_NEW_TERM
2019-09-24 19:02:36,845 [ForkJoinPool.commonPool-worker-0] INFO  impl.PendingRequests (PendingRequests.java:sendNotLeaderResponses(202)) - 01d7623e-fce0-4300-8f15-4bc2097938ef-PendingRequests: sendNotLeaderResponses
2019-09-24 19:02:36,847 [dd51241e-7f30-423c-8baf-8925f04f92e5@group-91D416462A89:LeaderElection42] INFO  impl.RoleInfo (RoleInfo.java:updateAndGet(143)) - dd51241e-7f30-423c-8baf-8925f04f92e5: start FollowerState
2019-09-24 19:02:36,847 [f9d00a00-bc78-4492-92ba-83defd396746@group-91D416462A89:LeaderElection43] INFO  impl.RoleInfo (RoleInfo.java:shutdownLeaderElection(134)) - f9d00a00-bc78-4492-92ba-83defd396746: shutdown LeaderElection
2019-09-24 19:02:36,846 [main] INFO  impl.PendingRequests (PendingRequests.java:sendNotLeaderResponses(202)) - c0a619e5-2907-4353-abbd-f6fb1099a46d-PendingRequests: sendNotLeaderResponses
2019-09-24 19:02:36,848 [ForkJoinPool.commonPool-worker-0] INFO  impl.StateMachineUpdater (StateMachineUpdater.java:stopAndJoin(125)) - 01d7623e-fce0-4300-8f15-4bc2097938ef@group-5CE0F0C3FB6F-StateMachineUpdater: set stopIndex = 0
2019-09-24 19:02:36,848 [f9d00a00-bc78-4492-92ba-83defd396746@group-91D416462A89:LeaderElection43] INFO  impl.RoleInfo (RoleInfo.java:updateAndGet(143)) - f9d00a00-bc78-4492-92ba-83defd396746: start FollowerState
2019-09-24 19:02:36,849 [ForkJoinPool.commonPool-worker-0] INFO  impl.RaftServerImpl (ServerState.java:close(385)) - 01d7623e-fce0-4300-8f15-4bc2097938ef@group-5CE0F0C3FB6F: closes. applyIndex: 0
2019-09-24 19:02:36,848 [main] INFO  impl.StateMachineUpdater (StateMachineUpdater.java:stopAndJoin(125)) - c0a619e5-2907-4353-abbd-f6fb1099a46d@group-DA7E715AA612-StateMachineUpdater: set stopIndex = 0
2019-09-24 19:02:36,849 [01d7623e-fce0-4300-8f15-4bc2097938ef@group-5CE0F0C3FB6F-SegmentedRaftLogWorker] INFO  segmented.SegmentedRaftLogWorker (SegmentedRaftLogWorker.java:run(313)) - 01d7623e-fce0-4300-8f15-4bc2097938ef@group-5CE0F0C3FB6F-SegmentedRaftLogWorker was interrupted, exiting. There are 0 tasks remaining in the queue.
2019-09-24 19:02:36,850 [main] INFO  impl.RaftServerImpl (ServerState.java:close(385)) - c0a619e5-2907-4353-abbd-f6fb1099a46d@group-DA7E715AA612: closes. applyIndex: 0
2019-09-24 19:02:36,850 [ForkJoinPool.commonPool-worker-0] INFO  segmented.SegmentedRaftLogWorker (SegmentedRaftLogWorker.java:close(228)) - 01d7623e-fce0-4300-8f15-4bc2097938ef@group-5CE0F0C3FB6F-SegmentedRaftLogWorker close()
2019-09-24 19:02:36,850 [c0a619e5-2907-4353-abbd-f6fb1099a46d@group-DA7E715AA612-SegmentedRaftLogWorker] INFO  segmented.SegmentedRaftLogWorker (SegmentedRaftLogWorker.java:run(313)) - c0a619e5-2907-4353-abbd-f6fb1099a46d@group-DA7E715AA612-SegmentedRaftLogWorker was interrupted, exiting. There are 0 tasks remaining in the queue.
2019-09-24 19:02:36,854 [ForkJoinPool.commonPool-worker-0] INFO  server.GrpcService (GrpcService.java:closeImpl(164)) - 01d7623e-fce0-4300-8f15-4bc2097938ef: shutdown server with port 45158 now
2019-09-24 19:02:36,854 [main] INFO  segmented.SegmentedRaftLogWorker (SegmentedRaftLogWorker.java:close(228)) - c0a619e5-2907-4353-abbd-f6fb1099a46d@group-DA7E715AA612-SegmentedRaftLogWorker close()
2019-09-24 19:02:36,857 [main] INFO  server.GrpcService (GrpcService.java:closeImpl(164)) - c0a619e5-2907-4353-abbd-f6fb1099a46d: shutdown server with port 37575 now
2019-09-24 19:02:36,858 [main] INFO  server.GrpcService (GrpcService.java:closeImpl(172)) - c0a619e5-2907-4353-abbd-f6fb1099a46d: shutdown server with port 37575 successfully
2019-09-24 19:02:36,858 [ForkJoinPool.commonPool-worker-0] INFO  server.GrpcService (GrpcService.java:closeImpl(172)) - 01d7623e-fce0-4300-8f15-4bc2097938ef: shutdown server with port 45158 successfully
2019-09-24 19:02:36,860 [grpc-default-executor-1] WARN  server.GrpcServerProtocolService (LogUtils.java:warn(134)) - 01d7623e-fce0-4300-8f15-4bc2097938ef: installSnapshot onError, lastRequest: 75e06a4b-10ed-49e3-a0f4-39d0cf919ed9->01d7623e-fce0-4300-8f15-4bc2097938ef#191-t1, previous=(t:1, i:6), leaderCommit=6, initializing? false, entries: <empty>: org.apache.ratis.thirdparty.io.grpc.StatusRuntimeException: CANCELLED: cancelled before receiving half close
2019-09-24 19:02:36,860 [grpc-default-executor-6] WARN  server.GrpcServerProtocolService (LogUtils.java:warn(134)) - c0a619e5-2907-4353-abbd-f6fb1099a46d: installSnapshot onError, lastRequest: 75e06a4b-10ed-49e3-a0f4-39d0cf919ed9->c0a619e5-2907-4353-abbd-f6fb1099a46d#191-t1, previous=(t:1, i:6), leaderCommit=6, initializing? false, entries: <empty>: org.apache.ratis.thirdparty.io.grpc.StatusRuntimeException: CANCELLED: cancelled before receiving half close
2019-09-24 19:02:36,861 [refreshUsed-/workdir/hadoop-ozone/integration-test/target/test-dir/MiniOzoneClusterImpl-347bc0d8-8dc7-46c0-bd0b-f626cebf696e/datanode-6/data/containers] WARN  fs.CachingGetSpaceUsed (CachingGetSpaceUsed.java:run(183)) - Thread Interrupted waiting to refresh disk information: sleep interrupted
2019-09-24 19:02:36,862 [grpc-default-executor-8] WARN  server.GrpcLogAppender (LogUtils.java:warn(134)) - 75e06a4b-10ed-49e3-a0f4-39d0cf919ed9@group-338C40DB937D->01d7623e-fce0-4300-8f15-4bc2097938ef-AppendLogResponseHandler: Failed appendEntries: org.apache.ratis.thirdparty.io.grpc.StatusRuntimeException: CANCELLED: HTTP/2 error code: CANCEL
Received Rst Stream
2019-09-24 19:02:36,862 [grpc-default-executor-9] WARN  server.GrpcLogAppender (LogUtils.java:warn(134)) - 75e06a4b-10ed-49e3-a0f4-39d0cf919ed9@group-338C40DB937D->c0a619e5-2907-4353-abbd-f6fb1099a46d-AppendLogResponseHandler: Failed appendEntries: org.apache.ratis.thirdparty.io.grpc.StatusRuntimeException: CANCELLED: HTTP/2 error code: CANCEL
Received Rst Stream
2019-09-24 19:02:36,863 [grpc-default-executor-8] INFO  impl.FollowerInfo (FollowerInfo.java:lambda$new$0(51)) - 75e06a4b-10ed-49e3-a0f4-39d0cf919ed9@group-338C40DB937D->01d7623e-fce0-4300-8f15-4bc2097938ef: nextIndex: updateUnconditionally 7 -> 6
2019-09-24 19:02:36,864 [grpc-default-executor-9] INFO  impl.FollowerInfo (FollowerInfo.java:lambda$new$0(51)) - 75e06a4b-10ed-49e3-a0f4-39d0cf919ed9@group-338C40DB937D->c0a619e5-2907-4353-abbd-f6fb1099a46d: nextIndex: updateUnconditionally 7 -> 6
2019-09-24 19:02:36,882 [refreshUsed-/workdir/hadoop-ozone/integration-test/target/test-dir/MiniOzoneClusterImpl-347bc0d8-8dc7-46c0-bd0b-f626cebf696e/datanode-4/data/containers] WARN  fs.CachingGetSpaceUsed (CachingGetSpaceUsed.java:run(183)) - Thread Interrupted waiting to refresh disk information: sleep interrupted
2019-09-24 19:02:36,894 [main] INFO  utils.BackgroundService (BackgroundService.java:shutdown(148)) - Shutting down service BlockDeletingService
2019-09-24 19:02:36,899 [main] INFO  statemachine.DatanodeStateMachine (DatanodeStateMachine.java:stopDaemon(395)) - Ozone container server stopped.
2019-09-24 19:02:36,900 [main] INFO  handler.ContextHandler (ContextHandler.java:doStop(910)) - Stopped o.e.j.w.WebAppContext@7a485a36{/,null,UNAVAILABLE}{/hddsDatanode}
2019-09-24 19:02:36,901 [main] INFO  server.AbstractConnector (AbstractConnector.java:doStop(318)) - Stopped ServerConnector@5cf3157b{HTTP/1.1,[http/1.1]}{0.0.0.0:0}
2019-09-24 19:02:36,901 [main] INFO  handler.ContextHandler (ContextHandler.java:doStop(910)) - Stopped o.e.j.s.ServletContextHandler@34780cd9{/static,jar:file:/home/user/.m2/repository/org/apache/hadoop/hadoop-hdds-container-service/0.5.0-SNAPSHOT/hadoop-hdds-container-service-0.5.0-SNAPSHOT.jar!/webapps/static,UNAVAILABLE}
2019-09-24 19:02:36,901 [main] INFO  handler.ContextHandler (ContextHandler.java:doStop(910)) - Stopped o.e.j.s.ServletContextHandler@72fd8a3c{/logs,file:///workdir/hadoop-ozone/integration-test/target/log,UNAVAILABLE}
2019-09-24 19:02:36,903 [ForkJoinPool.commonPool-worker-0] INFO  utils.BackgroundService (BackgroundService.java:shutdown(148)) - Shutting down service BlockDeletingService
2019-09-24 19:02:36,906 [ForkJoinPool.commonPool-worker-0] INFO  statemachine.DatanodeStateMachine (DatanodeStateMachine.java:stopDaemon(395)) - Ozone container server stopped.
2019-09-24 19:02:36,910 [ForkJoinPool.commonPool-worker-0] INFO  handler.ContextHandler (ContextHandler.java:doStop(910)) - Stopped o.e.j.w.WebAppContext@4dba773d{/,null,UNAVAILABLE}{/hddsDatanode}
2019-09-24 19:02:36,911 [ForkJoinPool.commonPool-worker-0] INFO  server.AbstractConnector (AbstractConnector.java:doStop(318)) - Stopped ServerConnector@1d9bd4da{HTTP/1.1,[http/1.1]}{0.0.0.0:0}
2019-09-24 19:02:36,912 [ForkJoinPool.commonPool-worker-0] INFO  handler.ContextHandler (ContextHandler.java:doStop(910)) - Stopped o.e.j.s.ServletContextHandler@1cc680e{/static,jar:file:/home/user/.m2/repository/org/apache/hadoop/hadoop-hdds-container-service/0.5.0-SNAPSHOT/hadoop-hdds-container-service-0.5.0-SNAPSHOT.jar!/webapps/static,UNAVAILABLE}
2019-09-24 19:02:36,913 [ForkJoinPool.commonPool-worker-0] INFO  handler.ContextHandler (ContextHandler.java:doStop(910)) - Stopped o.e.j.s.ServletContextHandler@22eaa86e{/logs,file:///workdir/hadoop-ozone/integration-test/target/log,UNAVAILABLE}
2019-09-24 19:02:37,028 [Datanode State Machine Thread - 0] INFO  statemachine.DatanodeStateMachine (DatanodeStateMachine.java:lambda$startDaemon$0(350)) - Ozone container server started.
2019-09-24 19:02:37,088 [Datanode State Machine Thread - 0] INFO  statemachine.DatanodeStateMachine (DatanodeStateMachine.java:lambda$startDaemon$0(350)) - Ozone container server started.
2019-09-24 19:02:37,137 [grpc-default-executor-1] WARN  server.GrpcLogAppender (LogUtils.java:warn(134)) - 75e06a4b-10ed-49e3-a0f4-39d0cf919ed9@group-338C40DB937D->c0a619e5-2907-4353-abbd-f6fb1099a46d-AppendLogResponseHandler: Failed appendEntries: org.apache.ratis.thirdparty.io.grpc.StatusRuntimeException: UNAVAILABLE: io exception
2019-09-24 19:02:37,137 [grpc-default-executor-8] WARN  server.GrpcLogAppender (LogUtils.java:warn(134)) - 75e06a4b-10ed-49e3-a0f4-39d0cf919ed9@group-338C40DB937D->01d7623e-fce0-4300-8f15-4bc2097938ef-AppendLogResponseHandler: Failed appendEntries: org.apache.ratis.thirdparty.io.grpc.StatusRuntimeException: UNAVAILABLE: io exception
2019-09-24 19:02:37,140 [grpc-default-executor-1] INFO  impl.FollowerInfo (FollowerInfo.java:lambda$new$0(51)) - 75e06a4b-10ed-49e3-a0f4-39d0cf919ed9@group-338C40DB937D->c0a619e5-2907-4353-abbd-f6fb1099a46d: nextIndex: updateUnconditionally 6 -> 5
2019-09-24 19:02:37,141 [grpc-default-executor-8] INFO  impl.FollowerInfo (FollowerInfo.java:lambda$new$0(51)) - 75e06a4b-10ed-49e3-a0f4-39d0cf919ed9@group-338C40DB937D->01d7623e-fce0-4300-8f15-4bc2097938ef: nextIndex: updateUnconditionally 6 -> 5
2019-09-24 19:02:37,639 [grpc-default-executor-6] WARN  server.GrpcLogAppender (LogUtils.java:warn(134)) - 75e06a4b-10ed-49e3-a0f4-39d0cf919ed9@group-338C40DB937D->01d7623e-fce0-4300-8f15-4bc2097938ef-AppendLogResponseHandler: Failed appendEntries: org.apache.ratis.thirdparty.io.grpc.StatusRuntimeException: UNAVAILABLE: io exception
2019-09-24 19:02:37,639 [grpc-default-executor-3] WARN  server.GrpcLogAppender (LogUtils.java:warn(134)) - 75e06a4b-10ed-49e3-a0f4-39d0cf919ed9@group-338C40DB937D->c0a619e5-2907-4353-abbd-f6fb1099a46d-AppendLogResponseHandler: Failed appendEntries: org.apache.ratis.thirdparty.io.grpc.StatusRuntimeException: UNAVAILABLE: io exception
2019-09-24 19:02:37,641 [grpc-default-executor-6] INFO  impl.FollowerInfo (FollowerInfo.java:lambda$new$0(51)) - 75e06a4b-10ed-49e3-a0f4-39d0cf919ed9@group-338C40DB937D->01d7623e-fce0-4300-8f15-4bc2097938ef: nextIndex: updateUnconditionally 5 -> 4
2019-09-24 19:02:37,642 [grpc-default-executor-3] INFO  impl.FollowerInfo (FollowerInfo.java:lambda$new$0(51)) - 75e06a4b-10ed-49e3-a0f4-39d0cf919ed9@group-338C40DB937D->c0a619e5-2907-4353-abbd-f6fb1099a46d: nextIndex: updateUnconditionally 5 -> 4
2019-09-24 19:02:37,955 [Thread-1295] INFO  impl.FollowerState (FollowerState.java:run(106)) - dd51241e-7f30-423c-8baf-8925f04f92e5:group-91D416462A89 changes to CANDIDATE, lastRpcTime:1108, electionTimeout:1107ms
2019-09-24 19:02:37,955 [Thread-1295] INFO  impl.RoleInfo (RoleInfo.java:shutdownFollowerState(121)) - dd51241e-7f30-423c-8baf-8925f04f92e5: shutdown FollowerState
2019-09-24 19:02:37,956 [Thread-1295] INFO  impl.RaftServerImpl (RaftServerImpl.java:setRole(174)) - dd51241e-7f30-423c-8baf-8925f04f92e5@group-91D416462A89: changes role from  FOLLOWER to CANDIDATE at term 6 for changeToCandidate
2019-09-24 19:02:37,956 [Thread-1295] INFO  impl.RoleInfo (RoleInfo.java:updateAndGet(143)) - dd51241e-7f30-423c-8baf-8925f04f92e5: start LeaderElection
2019-09-24 19:02:38,037 [Thread-1296] INFO  impl.FollowerState (FollowerState.java:run(106)) - f9d00a00-bc78-4492-92ba-83defd396746:group-91D416462A89 changes to CANDIDATE, lastRpcTime:1189, electionTimeout:1188ms
2019-09-24 19:02:38,038 [Thread-1296] INFO  impl.RoleInfo (RoleInfo.java:shutdownFollowerState(121)) - f9d00a00-bc78-4492-92ba-83defd396746: shutdown FollowerState
2019-09-24 19:02:38,038 [Thread-1296] INFO  impl.RaftServerImpl (RaftServerImpl.java:setRole(174)) - f9d00a00-bc78-4492-92ba-83defd396746@group-91D416462A89: changes role from  FOLLOWER to CANDIDATE at term 6 for changeToCandidate
2019-09-24 19:02:38,039 [Thread-1296] INFO  impl.RoleInfo (RoleInfo.java:updateAndGet(143)) - f9d00a00-bc78-4492-92ba-83defd396746: start LeaderElection
2019-09-24 19:02:38,139 [grpc-default-executor-1] WARN  server.GrpcLogAppender (LogUtils.java:warn(134)) - 75e06a4b-10ed-49e3-a0f4-39d0cf919ed9@group-338C40DB937D->c0a619e5-2907-4353-abbd-f6fb1099a46d-AppendLogResponseHandler: Failed appendEntries: org.apache.ratis.thirdparty.io.grpc.StatusRuntimeException: UNAVAILABLE: io exception
2019-09-24 19:02:38,139 [grpc-default-executor-9] WARN  server.GrpcLogAppender (LogUtils.java:warn(134)) - 75e06a4b-10ed-49e3-a0f4-39d0cf919ed9@group-338C40DB937D->01d7623e-fce0-4300-8f15-4bc2097938ef-AppendLogResponseHandler: Failed appendEntries: org.apache.ratis.thirdparty.io.grpc.StatusRuntimeException: UNAVAILABLE: io exception
2019-09-24 19:02:38,143 [grpc-default-executor-1] INFO  impl.FollowerInfo (FollowerInfo.java:lambda$new$0(51)) - 75e06a4b-10ed-49e3-a0f4-39d0cf919ed9@group-338C40DB937D->c0a619e5-2907-4353-abbd-f6fb1099a46d: nextIndex: updateUnconditionally 4 -> 3
2019-09-24 19:02:38,143 [grpc-default-executor-9] INFO  impl.FollowerInfo (FollowerInfo.java:lambda$new$0(51)) - 75e06a4b-10ed-49e3-a0f4-39d0cf919ed9@group-338C40DB937D->01d7623e-fce0-4300-8f15-4bc2097938ef: nextIndex: updateUnconditionally 4 -> 3
2019-09-24 19:02:38,640 [grpc-default-executor-3] WARN  server.GrpcLogAppender (LogUtils.java:warn(134)) - 75e06a4b-10ed-49e3-a0f4-39d0cf919ed9@group-338C40DB937D->01d7623e-fce0-4300-8f15-4bc2097938ef-AppendLogResponseHandler: Failed appendEntries: org.apache.ratis.thirdparty.io.grpc.StatusRuntimeException: UNAVAILABLE: io exception
2019-09-24 19:02:38,640 [grpc-default-executor-9] WARN  server.GrpcLogAppender (LogUtils.java:warn(134)) - 75e06a4b-10ed-49e3-a0f4-39d0cf919ed9@group-338C40DB937D->c0a619e5-2907-4353-abbd-f6fb1099a46d-AppendLogResponseHandler: Failed appendEntries: org.apache.ratis.thirdparty.io.grpc.StatusRuntimeException: UNAVAILABLE: io exception
2019-09-24 19:02:38,643 [grpc-default-executor-3] INFO  impl.FollowerInfo (FollowerInfo.java:lambda$new$0(51)) - 75e06a4b-10ed-49e3-a0f4-39d0cf919ed9@group-338C40DB937D->01d7623e-fce0-4300-8f15-4bc2097938ef: nextIndex: updateUnconditionally 3 -> 2
2019-09-24 19:02:38,644 [grpc-default-executor-9] INFO  impl.FollowerInfo (FollowerInfo.java:lambda$new$0(51)) - 75e06a4b-10ed-49e3-a0f4-39d0cf919ed9@group-338C40DB937D->c0a619e5-2907-4353-abbd-f6fb1099a46d: nextIndex: updateUnconditionally 3 -> 2
2019-09-24 19:02:39,154 [grpc-default-executor-7] WARN  server.GrpcLogAppender (LogUtils.java:warn(134)) - 75e06a4b-10ed-49e3-a0f4-39d0cf919ed9@group-338C40DB937D->01d7623e-fce0-4300-8f15-4bc2097938ef-AppendLogResponseHandler: Failed appendEntries: org.apache.ratis.thirdparty.io.grpc.StatusRuntimeException: UNAVAILABLE: io exception
2019-09-24 19:02:39,154 [grpc-default-executor-8] WARN  server.GrpcLogAppender (LogUtils.java:warn(134)) - 75e06a4b-10ed-49e3-a0f4-39d0cf919ed9@group-338C40DB937D->c0a619e5-2907-4353-abbd-f6fb1099a46d-AppendLogResponseHandler: Failed appendEntries: org.apache.ratis.thirdparty.io.grpc.StatusRuntimeException: UNAVAILABLE: io exception
2019-09-24 19:02:39,156 [grpc-default-executor-7] INFO  impl.FollowerInfo (FollowerInfo.java:lambda$new$0(51)) - 75e06a4b-10ed-49e3-a0f4-39d0cf919ed9@group-338C40DB937D->01d7623e-fce0-4300-8f15-4bc2097938ef: nextIndex: updateUnconditionally 2 -> 1
2019-09-24 19:02:39,158 [grpc-default-executor-8] INFO  impl.FollowerInfo (FollowerInfo.java:lambda$new$0(51)) - 75e06a4b-10ed-49e3-a0f4-39d0cf919ed9@group-338C40DB937D->c0a619e5-2907-4353-abbd-f6fb1099a46d: nextIndex: updateUnconditionally 2 -> 1
2019-09-24 19:02:39,643 [grpc-default-executor-1] WARN  server.GrpcLogAppender (LogUtils.java:warn(134)) - 75e06a4b-10ed-49e3-a0f4-39d0cf919ed9@group-338C40DB937D->01d7623e-fce0-4300-8f15-4bc2097938ef-AppendLogResponseHandler: Failed appendEntries: org.apache.ratis.thirdparty.io.grpc.StatusRuntimeException: UNAVAILABLE: io exception
2019-09-24 19:02:39,643 [grpc-default-executor-3] WARN  server.GrpcLogAppender (LogUtils.java:warn(134)) - 75e06a4b-10ed-49e3-a0f4-39d0cf919ed9@group-338C40DB937D->c0a619e5-2907-4353-abbd-f6fb1099a46d-AppendLogResponseHandler: Failed appendEntries: org.apache.ratis.thirdparty.io.grpc.StatusRuntimeException: UNAVAILABLE: io exception
2019-09-24 19:02:39,645 [grpc-default-executor-1] INFO  impl.FollowerInfo (FollowerInfo.java:lambda$new$0(51)) - 75e06a4b-10ed-49e3-a0f4-39d0cf919ed9@group-338C40DB937D->01d7623e-fce0-4300-8f15-4bc2097938ef: nextIndex: updateUnconditionally 1 -> 0
2019-09-24 19:02:39,647 [grpc-default-executor-3] INFO  impl.FollowerInfo (FollowerInfo.java:lambda$new$0(51)) - 75e06a4b-10ed-49e3-a0f4-39d0cf919ed9@group-338C40DB937D->c0a619e5-2907-4353-abbd-f6fb1099a46d: nextIndex: updateUnconditionally 1 -> 0
2019-09-24 19:02:40,145 [grpc-default-executor-6] WARN  server.GrpcLogAppender (LogUtils.java:warn(134)) - 75e06a4b-10ed-49e3-a0f4-39d0cf919ed9@group-338C40DB937D->01d7623e-fce0-4300-8f15-4bc2097938ef-AppendLogResponseHandler: Failed appendEntries: org.apache.ratis.thirdparty.io.grpc.StatusRuntimeException: UNAVAILABLE: io exception
2019-09-24 19:02:40,145 [grpc-default-executor-8] WARN  server.GrpcLogAppender (LogUtils.java:warn(134)) - 75e06a4b-10ed-49e3-a0f4-39d0cf919ed9@group-338C40DB937D->c0a619e5-2907-4353-abbd-f6fb1099a46d-AppendLogResponseHandler: Failed appendEntries: org.apache.ratis.thirdparty.io.grpc.StatusRuntimeException: UNAVAILABLE: io exception
2019-09-24 19:02:40,148 [grpc-default-executor-6] INFO  impl.FollowerInfo (FollowerInfo.java:lambda$new$0(51)) - 75e06a4b-10ed-49e3-a0f4-39d0cf919ed9@group-338C40DB937D->01d7623e-fce0-4300-8f15-4bc2097938ef: nextIndex: updateUnconditionally 0 -> 0
2019-09-24 19:02:40,150 [grpc-default-executor-8] INFO  impl.FollowerInfo (FollowerInfo.java:lambda$new$0(51)) - 75e06a4b-10ed-49e3-a0f4-39d0cf919ed9@group-338C40DB937D->c0a619e5-2907-4353-abbd-f6fb1099a46d: nextIndex: updateUnconditionally 0 -> 0
2019-09-24 19:02:40,646 [grpc-default-executor-6] WARN  server.GrpcLogAppender (LogUtils.java:warn(134)) - 75e06a4b-10ed-49e3-a0f4-39d0cf919ed9@group-338C40DB937D->c0a619e5-2907-4353-abbd-f6fb1099a46d-AppendLogResponseHandler: Failed appendEntries: org.apache.ratis.thirdparty.io.grpc.StatusRuntimeException: UNAVAILABLE: io exception
2019-09-24 19:02:40,646 [grpc-default-executor-9] WARN  server.GrpcLogAppender (LogUtils.java:warn(134)) - 75e06a4b-10ed-49e3-a0f4-39d0cf919ed9@group-338C40DB937D->01d7623e-fce0-4300-8f15-4bc2097938ef-AppendLogResponseHandler: Failed appendEntries: org.apache.ratis.thirdparty.io.grpc.StatusRuntimeException: UNAVAILABLE: io exception
2019-09-24 19:02:40,659 [grpc-default-executor-6] INFO  impl.FollowerInfo (FollowerInfo.java:lambda$new$0(51)) - 75e06a4b-10ed-49e3-a0f4-39d0cf919ed9@group-338C40DB937D->c0a619e5-2907-4353-abbd-f6fb1099a46d: nextIndex: updateUnconditionally 0 -> 0
2019-09-24 19:02:40,659 [grpc-default-executor-9] INFO  impl.FollowerInfo (FollowerInfo.java:lambda$new$0(51)) - 75e06a4b-10ed-49e3-a0f4-39d0cf919ed9@group-338C40DB937D->01d7623e-fce0-4300-8f15-4bc2097938ef: nextIndex: updateUnconditionally 0 -> 0
2019-09-24 19:02:41,149 [grpc-default-executor-6] WARN  server.GrpcLogAppender (LogUtils.java:warn(134)) - 75e06a4b-10ed-49e3-a0f4-39d0cf919ed9@group-338C40DB937D->c0a619e5-2907-4353-abbd-f6fb1099a46d-AppendLogResponseHandler: Failed appendEntries: org.apache.ratis.thirdparty.io.grpc.StatusRuntimeException: UNAVAILABLE: io exception
2019-09-24 19:02:41,149 [grpc-default-executor-1] WARN  server.GrpcLogAppender (LogUtils.java:warn(134)) - 75e06a4b-10ed-49e3-a0f4-39d0cf919ed9@group-338C40DB937D->01d7623e-fce0-4300-8f15-4bc2097938ef-AppendLogResponseHandler: Failed appendEntries: org.apache.ratis.thirdparty.io.grpc.StatusRuntimeException: UNAVAILABLE: io exception
2019-09-24 19:02:41,156 [grpc-default-executor-6] INFO  impl.FollowerInfo (FollowerInfo.java:lambda$new$0(51)) - 75e06a4b-10ed-49e3-a0f4-39d0cf919ed9@group-338C40DB937D->c0a619e5-2907-4353-abbd-f6fb1099a46d: nextIndex: updateUnconditionally 0 -> 0
2019-09-24 19:02:41,156 [grpc-default-executor-1] INFO  impl.FollowerInfo (FollowerInfo.java:lambda$new$0(51)) - 75e06a4b-10ed-49e3-a0f4-39d0cf919ed9@group-338C40DB937D->01d7623e-fce0-4300-8f15-4bc2097938ef: nextIndex: updateUnconditionally 0 -> 0
2019-09-24 19:02:41,650 [grpc-default-executor-3] WARN  server.GrpcLogAppender (LogUtils.java:warn(134)) - 75e06a4b-10ed-49e3-a0f4-39d0cf919ed9@group-338C40DB937D->01d7623e-fce0-4300-8f15-4bc2097938ef-AppendLogResponseHandler: Failed appendEntries: org.apache.ratis.thirdparty.io.grpc.StatusRuntimeException: UNAVAILABLE: io exception
2019-09-24 19:02:41,650 [grpc-default-executor-1] WARN  server.GrpcLogAppender (LogUtils.java:warn(134)) - 75e06a4b-10ed-49e3-a0f4-39d0cf919ed9@group-338C40DB937D->c0a619e5-2907-4353-abbd-f6fb1099a46d-AppendLogResponseHandler: Failed appendEntries: org.apache.ratis.thirdparty.io.grpc.StatusRuntimeException: UNAVAILABLE: io exception
2019-09-24 19:02:41,654 [grpc-default-executor-3] INFO  impl.FollowerInfo (FollowerInfo.java:lambda$new$0(51)) - 75e06a4b-10ed-49e3-a0f4-39d0cf919ed9@group-338C40DB937D->01d7623e-fce0-4300-8f15-4bc2097938ef: nextIndex: updateUnconditionally 0 -> 0
2019-09-24 19:02:41,654 [grpc-default-executor-1] INFO  impl.FollowerInfo (FollowerInfo.java:lambda$new$0(51)) - 75e06a4b-10ed-49e3-a0f4-39d0cf919ed9@group-338C40DB937D->c0a619e5-2907-4353-abbd-f6fb1099a46d: nextIndex: updateUnconditionally 0 -> 0
2019-09-24 19:02:41,904 [main] INFO  ozoneimpl.OzoneContainer (OzoneContainer.java:stop(231)) - Attempting to stop container services.
2019-09-24 19:02:41,905 [main] INFO  impl.RaftServerProxy (RaftServerProxy.java:lambda$close$4(314)) - 2fb94607-307d-40f4-aab6-b5884b96a4c0: close
2019-09-24 19:02:41,906 [main] INFO  impl.RaftServerImpl (RaftServerImpl.java:lambda$shutdown$3(251)) - 2fb94607-307d-40f4-aab6-b5884b96a4c0@group-228470FC1BEF: shutdown
2019-09-24 19:02:41,907 [main] INFO  util.JmxRegister (JmxRegister.java:unregister(73)) - Successfully un-registered JMX Bean with object name Ratis:service=RaftServer,group=group-228470FC1BEF,id=2fb94607-307d-40f4-aab6-b5884b96a4c0
2019-09-24 19:02:41,907 [main] INFO  impl.RoleInfo (RoleInfo.java:shutdownLeaderState(104)) - 2fb94607-307d-40f4-aab6-b5884b96a4c0: shutdown LeaderState
2019-09-24 19:02:41,908 [main] INFO  impl.PendingRequests (PendingRequests.java:sendNotLeaderResponses(202)) - 2fb94607-307d-40f4-aab6-b5884b96a4c0-PendingRequests: sendNotLeaderResponses
2019-09-24 19:02:41,909 [main] INFO  impl.StateMachineUpdater (StateMachineUpdater.java:stopAndJoin(125)) - 2fb94607-307d-40f4-aab6-b5884b96a4c0@group-228470FC1BEF-StateMachineUpdater: set stopIndex = 0
2019-09-24 19:02:41,909 [main] INFO  impl.RaftServerImpl (ServerState.java:close(385)) - 2fb94607-307d-40f4-aab6-b5884b96a4c0@group-228470FC1BEF: closes. applyIndex: 0
2019-09-24 19:02:41,910 [2fb94607-307d-40f4-aab6-b5884b96a4c0@group-228470FC1BEF-SegmentedRaftLogWorker] INFO  segmented.SegmentedRaftLogWorker (SegmentedRaftLogWorker.java:run(313)) - 2fb94607-307d-40f4-aab6-b5884b96a4c0@group-228470FC1BEF-SegmentedRaftLogWorker was interrupted, exiting. There are 0 tasks remaining in the queue.
2019-09-24 19:02:41,911 [main] INFO  segmented.SegmentedRaftLogWorker (SegmentedRaftLogWorker.java:close(228)) - 2fb94607-307d-40f4-aab6-b5884b96a4c0@group-228470FC1BEF-SegmentedRaftLogWorker close()
2019-09-24 19:02:41,913 [main] INFO  server.GrpcService (GrpcService.java:closeImpl(164)) - 2fb94607-307d-40f4-aab6-b5884b96a4c0: shutdown server with port 41188 now
2019-09-24 19:02:41,916 [main] INFO  server.GrpcService (GrpcService.java:closeImpl(172)) - 2fb94607-307d-40f4-aab6-b5884b96a4c0: shutdown server with port 41188 successfully
2019-09-24 19:02:41,916 [ForkJoinPool.commonPool-worker-0] INFO  ozoneimpl.OzoneContainer (OzoneContainer.java:stop(231)) - Attempting to stop container services.
2019-09-24 19:02:41,917 [ForkJoinPool.commonPool-worker-0] INFO  impl.RaftServerProxy (RaftServerProxy.java:lambda$close$4(314)) - f9d00a00-bc78-4492-92ba-83defd396746: close
2019-09-24 19:02:41,917 [ForkJoinPool.commonPool-worker-0] INFO  impl.RaftServerImpl (RaftServerImpl.java:lambda$shutdown$3(251)) - f9d00a00-bc78-4492-92ba-83defd396746@group-436748D39EE4: shutdown
2019-09-24 19:02:41,918 [ForkJoinPool.commonPool-worker-0] INFO  util.JmxRegister (JmxRegister.java:unregister(73)) - Successfully un-registered JMX Bean with object name Ratis:service=RaftServer,group=group-436748D39EE4,id=f9d00a00-bc78-4492-92ba-83defd396746
2019-09-24 19:02:41,918 [ForkJoinPool.commonPool-worker-0] INFO  impl.RoleInfo (RoleInfo.java:shutdownLeaderState(104)) - f9d00a00-bc78-4492-92ba-83defd396746: shutdown LeaderState
2019-09-24 19:02:41,918 [ForkJoinPool.commonPool-worker-0] INFO  impl.PendingRequests (PendingRequests.java:sendNotLeaderResponses(202)) - f9d00a00-bc78-4492-92ba-83defd396746-PendingRequests: sendNotLeaderResponses
2019-09-24 19:02:41,918 [ForkJoinPool.commonPool-worker-0] INFO  impl.StateMachineUpdater (StateMachineUpdater.java:stopAndJoin(125)) - f9d00a00-bc78-4492-92ba-83defd396746@group-436748D39EE4-StateMachineUpdater: set stopIndex = 0
2019-09-24 19:02:41,919 [ForkJoinPool.commonPool-worker-0] INFO  impl.RaftServerImpl (ServerState.java:close(385)) - f9d00a00-bc78-4492-92ba-83defd396746@group-436748D39EE4: closes. applyIndex: 0
2019-09-24 19:02:41,919 [f9d00a00-bc78-4492-92ba-83defd396746@group-436748D39EE4-SegmentedRaftLogWorker] INFO  segmented.SegmentedRaftLogWorker (SegmentedRaftLogWorker.java:run(313)) - f9d00a00-bc78-4492-92ba-83defd396746@group-436748D39EE4-SegmentedRaftLogWorker was interrupted, exiting. There are 0 tasks remaining in the queue.
2019-09-24 19:02:41,923 [ForkJoinPool.commonPool-worker-0] INFO  segmented.SegmentedRaftLogWorker (SegmentedRaftLogWorker.java:close(228)) - f9d00a00-bc78-4492-92ba-83defd396746@group-436748D39EE4-SegmentedRaftLogWorker close()
2019-09-24 19:02:41,926 [ForkJoinPool.commonPool-worker-0] INFO  impl.RaftServerImpl (RaftServerImpl.java:lambda$shutdown$3(251)) - f9d00a00-bc78-4492-92ba-83defd396746@group-91D416462A89: shutdown
2019-09-24 19:02:41,926 [refreshUsed-/workdir/hadoop-ozone/integration-test/target/test-dir/MiniOzoneClusterImpl-347bc0d8-8dc7-46c0-bd0b-f626cebf696e/datanode-8/data/containers] WARN  fs.CachingGetSpaceUsed (CachingGetSpaceUsed.java:run(183)) - Thread Interrupted waiting to refresh disk information: sleep interrupted
2019-09-24 19:02:41,926 [ForkJoinPool.commonPool-worker-0] INFO  util.JmxRegister (JmxRegister.java:unregister(73)) - Successfully un-registered JMX Bean with object name Ratis:service=RaftServer,group=group-91D416462A89,id=f9d00a00-bc78-4492-92ba-83defd396746
2019-09-24 19:02:41,927 [ForkJoinPool.commonPool-worker-0] INFO  impl.RoleInfo (RoleInfo.java:shutdownLeaderElection(134)) - f9d00a00-bc78-4492-92ba-83defd396746: shutdown LeaderElection
2019-09-24 19:02:41,927 [ForkJoinPool.commonPool-worker-0] INFO  impl.StateMachineUpdater (StateMachineUpdater.java:stopAndJoin(125)) - f9d00a00-bc78-4492-92ba-83defd396746@group-91D416462A89-StateMachineUpdater: set stopIndex = 2
2019-09-24 19:02:41,928 [f9d00a00-bc78-4492-92ba-83defd396746@group-91D416462A89-StateMachineUpdater] INFO  ratis.ContainerStateMachine (ContainerStateMachine.java:takeSnapshot(289)) - group-91D416462A89: Taking a snapshot at:(t:2, i:1) file /workdir/hadoop-ozone/integration-test/target/test-dir/MiniOzoneClusterImpl-347bc0d8-8dc7-46c0-bd0b-f626cebf696e/datanode-0/data/ratis/1fa6406a-2613-4140-9828-91d416462a89/sm/snapshot.2_1
2019-09-24 19:02:41,945 [main] INFO  utils.BackgroundService (BackgroundService.java:shutdown(148)) - Shutting down service BlockDeletingService
2019-09-24 19:02:41,950 [main] INFO  statemachine.DatanodeStateMachine (DatanodeStateMachine.java:stopDaemon(395)) - Ozone container server stopped.
2019-09-24 19:02:41,952 [main] INFO  handler.ContextHandler (ContextHandler.java:doStop(910)) - Stopped o.e.j.w.WebAppContext@352ed70d{/,null,UNAVAILABLE}{/hddsDatanode}
2019-09-24 19:02:41,953 [main] INFO  server.AbstractConnector (AbstractConnector.java:doStop(318)) - Stopped ServerConnector@70730db{HTTP/1.1,[http/1.1]}{0.0.0.0:0}
2019-09-24 19:02:41,954 [main] INFO  handler.ContextHandler (ContextHandler.java:doStop(910)) - Stopped o.e.j.s.ServletContextHandler@4bd51d3e{/static,jar:file:/home/user/.m2/repository/org/apache/hadoop/hadoop-hdds-container-service/0.5.0-SNAPSHOT/hadoop-hdds-container-service-0.5.0-SNAPSHOT.jar!/webapps/static,UNAVAILABLE}
2019-09-24 19:02:41,954 [main] INFO  handler.ContextHandler (ContextHandler.java:doStop(910)) - Stopped o.e.j.s.ServletContextHandler@47be0f9b{/logs,file:///workdir/hadoop-ozone/integration-test/target/log,UNAVAILABLE}
2019-09-24 19:02:42,151 [grpc-default-executor-9] WARN  server.GrpcLogAppender (LogUtils.java:warn(134)) - 75e06a4b-10ed-49e3-a0f4-39d0cf919ed9@group-338C40DB937D->c0a619e5-2907-4353-abbd-f6fb1099a46d-AppendLogResponseHandler: Failed appendEntries: org.apache.ratis.thirdparty.io.grpc.StatusRuntimeException: UNAVAILABLE: io exception
2019-09-24 19:02:42,151 [grpc-default-executor-1] WARN  server.GrpcLogAppender (LogUtils.java:warn(134)) - 75e06a4b-10ed-49e3-a0f4-39d0cf919ed9@group-338C40DB937D->01d7623e-fce0-4300-8f15-4bc2097938ef-AppendLogResponseHandler: Failed appendEntries: org.apache.ratis.thirdparty.io.grpc.StatusRuntimeException: UNAVAILABLE: io exception
2019-09-24 19:02:42,154 [grpc-default-executor-9] INFO  impl.FollowerInfo (FollowerInfo.java:lambda$new$0(51)) - 75e06a4b-10ed-49e3-a0f4-39d0cf919ed9@group-338C40DB937D->c0a619e5-2907-4353-abbd-f6fb1099a46d: nextIndex: updateUnconditionally 0 -> 0
2019-09-24 19:02:42,154 [grpc-default-executor-1] INFO  impl.FollowerInfo (FollowerInfo.java:lambda$new$0(51)) - 75e06a4b-10ed-49e3-a0f4-39d0cf919ed9@group-338C40DB937D->01d7623e-fce0-4300-8f15-4bc2097938ef: nextIndex: updateUnconditionally 0 -> 0
2019-09-24 19:02:42,652 [grpc-default-executor-3] WARN  server.GrpcLogAppender (LogUtils.java:warn(134)) - 75e06a4b-10ed-49e3-a0f4-39d0cf919ed9@group-338C40DB937D->01d7623e-fce0-4300-8f15-4bc2097938ef-AppendLogResponseHandler: Failed appendEntries: org.apache.ratis.thirdparty.io.grpc.StatusRuntimeException: UNAVAILABLE: io exception
2019-09-24 19:02:42,652 [grpc-default-executor-7] WARN  server.GrpcLogAppender (LogUtils.java:warn(134)) - 75e06a4b-10ed-49e3-a0f4-39d0cf919ed9@group-338C40DB937D->c0a619e5-2907-4353-abbd-f6fb1099a46d-AppendLogResponseHandler: Failed appendEntries: org.apache.ratis.thirdparty.io.grpc.StatusRuntimeException: UNAVAILABLE: io exception
2019-09-24 19:02:42,654 [grpc-default-executor-3] INFO  impl.FollowerInfo (FollowerInfo.java:lambda$new$0(51)) - 75e06a4b-10ed-49e3-a0f4-39d0cf919ed9@group-338C40DB937D->01d7623e-fce0-4300-8f15-4bc2097938ef: nextIndex: updateUnconditionally 0 -> 0
2019-09-24 19:02:42,655 [grpc-default-executor-7] INFO  impl.FollowerInfo (FollowerInfo.java:lambda$new$0(51)) - 75e06a4b-10ed-49e3-a0f4-39d0cf919ed9@group-338C40DB937D->c0a619e5-2907-4353-abbd-f6fb1099a46d: nextIndex: updateUnconditionally 0 -> 0
2019-09-24 19:02:42,771 [Datanode State Machine Thread - 0] INFO  statemachine.DatanodeStateMachine (DatanodeStateMachine.java:lambda$startDaemon$0(350)) - Ozone container server started.
2019-09-24 19:02:43,153 [grpc-default-executor-6] WARN  server.GrpcLogAppender (LogUtils.java:warn(134)) - 75e06a4b-10ed-49e3-a0f4-39d0cf919ed9@group-338C40DB937D->01d7623e-fce0-4300-8f15-4bc2097938ef-AppendLogResponseHandler: Failed appendEntries: org.apache.ratis.thirdparty.io.grpc.StatusRuntimeException: UNAVAILABLE: io exception
2019-09-24 19:02:43,153 [grpc-default-executor-8] WARN  server.GrpcLogAppender (LogUtils.java:warn(134)) - 75e06a4b-10ed-49e3-a0f4-39d0cf919ed9@group-338C40DB937D->c0a619e5-2907-4353-abbd-f6fb1099a46d-AppendLogResponseHandler: Failed appendEntries: org.apache.ratis.thirdparty.io.grpc.StatusRuntimeException: UNAVAILABLE: io exception
2019-09-24 19:02:43,156 [grpc-default-executor-6] INFO  impl.FollowerInfo (FollowerInfo.java:lambda$new$0(51)) - 75e06a4b-10ed-49e3-a0f4-39d0cf919ed9@group-338C40DB937D->01d7623e-fce0-4300-8f15-4bc2097938ef: nextIndex: updateUnconditionally 0 -> 0
2019-09-24 19:02:43,156 [grpc-default-executor-8] INFO  impl.FollowerInfo (FollowerInfo.java:lambda$new$0(51)) - 75e06a4b-10ed-49e3-a0f4-39d0cf919ed9@group-338C40DB937D->c0a619e5-2907-4353-abbd-f6fb1099a46d: nextIndex: updateUnconditionally 0 -> 0
2019-09-24 19:02:43,180 [EventQueue-StaleNodeForStaleNodeHandler] INFO  node.StaleNodeHandler (StaleNodeHandler.java:onMessage(58)) - Datanode a05b4b97-0b18-4776-a1dd-8f128fadc53a{ip: 192.168.5.148, host: pr-hdds-2149-fgl4f-1742389470, networkLocation: /rack1, certSerialId: null} moved to stale state. Finalizing its pipelines [PipelineID=14de40bd-5f85-419a-a46b-2b1df545e51a, PipelineID=ebb21f24-1c63-46c7-9b83-82cf96156fed]
2019-09-24 19:02:43,181 [EventQueue-StaleNodeForStaleNodeHandler] INFO  pipeline.SCMPipelineManager (SCMPipelineManager.java:finalizeAndDestroyPipeline(315)) - destroying pipeline:Pipeline[ Id: 14de40bd-5f85-419a-a46b-2b1df545e51a, Nodes: a05b4b97-0b18-4776-a1dd-8f128fadc53a{ip: 192.168.5.148, host: pr-hdds-2149-fgl4f-1742389470, networkLocation: /rack1, certSerialId: null}29620711-3f46-457a-8151-219e63eed2d2{ip: 192.168.5.148, host: pr-hdds-2149-fgl4f-1742389470, networkLocation: /rack1, certSerialId: null}d6fdad48-5745-4acd-8132-622988eb1603{ip: 192.168.5.148, host: pr-hdds-2149-fgl4f-1742389470, networkLocation: /rack1, certSerialId: null}, Type:RATIS, Factor:THREE, State:OPEN]
2019-09-24 19:02:43,183 [EventQueue-StaleNodeForStaleNodeHandler] INFO  pipeline.PipelineStateManager (PipelineStateManager.java:finalizePipeline(123)) - Pipeline Pipeline[ Id: 14de40bd-5f85-419a-a46b-2b1df545e51a, Nodes: a05b4b97-0b18-4776-a1dd-8f128fadc53a{ip: 192.168.5.148, host: pr-hdds-2149-fgl4f-1742389470, networkLocation: /rack1, certSerialId: null}29620711-3f46-457a-8151-219e63eed2d2{ip: 192.168.5.148, host: pr-hdds-2149-fgl4f-1742389470, networkLocation: /rack1, certSerialId: null}d6fdad48-5745-4acd-8132-622988eb1603{ip: 192.168.5.148, host: pr-hdds-2149-fgl4f-1742389470, networkLocation: /rack1, certSerialId: null}, Type:RATIS, Factor:THREE, State:CLOSED] moved to CLOSED state
2019-09-24 19:02:43,186 [EventQueue-CloseContainerForCloseContainerEventHandler] INFO  container.CloseContainerEventHandler (CloseContainerEventHandler.java:onMessage(61)) - Close container Event triggered for container : #1
2019-09-24 19:02:43,189 [EventQueue-StaleNodeForStaleNodeHandler] INFO  pipeline.SCMPipelineManager (SCMPipelineManager.java:finalizeAndDestroyPipeline(315)) - destroying pipeline:Pipeline[ Id: ebb21f24-1c63-46c7-9b83-82cf96156fed, Nodes: a05b4b97-0b18-4776-a1dd-8f128fadc53a{ip: 192.168.5.148, host: pr-hdds-2149-fgl4f-1742389470, networkLocation: /rack1, certSerialId: null}, Type:RATIS, Factor:ONE, State:OPEN]
2019-09-24 19:02:43,197 [EventQueue-StaleNodeForStaleNodeHandler] INFO  pipeline.PipelineStateManager (PipelineStateManager.java:finalizePipeline(123)) - Pipeline Pipeline[ Id: ebb21f24-1c63-46c7-9b83-82cf96156fed, Nodes: a05b4b97-0b18-4776-a1dd-8f128fadc53a{ip: 192.168.5.148, host: pr-hdds-2149-fgl4f-1742389470, networkLocation: /rack1, certSerialId: null}, Type:RATIS, Factor:ONE, State:CLOSED] moved to CLOSED state
2019-09-24 19:02:43,663 [grpc-default-executor-1] WARN  server.GrpcLogAppender (LogUtils.java:warn(134)) - 75e06a4b-10ed-49e3-a0f4-39d0cf919ed9@group-338C40DB937D->01d7623e-fce0-4300-8f15-4bc2097938ef-AppendLogResponseHandler: Failed appendEntries: org.apache.ratis.thirdparty.io.grpc.StatusRuntimeException: UNAVAILABLE: io exception
2019-09-24 19:02:43,663 [grpc-default-executor-8] WARN  server.GrpcLogAppender (LogUtils.java:warn(134)) - 75e06a4b-10ed-49e3-a0f4-39d0cf919ed9@group-338C40DB937D->c0a619e5-2907-4353-abbd-f6fb1099a46d-AppendLogResponseHandler: Failed appendEntries: org.apache.ratis.thirdparty.io.grpc.StatusRuntimeException: UNAVAILABLE: io exception
2019-09-24 19:02:43,667 [grpc-default-executor-1] INFO  impl.FollowerInfo (FollowerInfo.java:lambda$new$0(51)) - 75e06a4b-10ed-49e3-a0f4-39d0cf919ed9@group-338C40DB937D->01d7623e-fce0-4300-8f15-4bc2097938ef: nextIndex: updateUnconditionally 0 -> 0
2019-09-24 19:02:43,667 [grpc-default-executor-8] INFO  impl.FollowerInfo (FollowerInfo.java:lambda$new$0(51)) - 75e06a4b-10ed-49e3-a0f4-39d0cf919ed9@group-338C40DB937D->c0a619e5-2907-4353-abbd-f6fb1099a46d: nextIndex: updateUnconditionally 0 -> 0
2019-09-24 19:02:44,154 [grpc-default-executor-9] WARN  server.GrpcLogAppender (LogUtils.java:warn(134)) - 75e06a4b-10ed-49e3-a0f4-39d0cf919ed9@group-338C40DB937D->c0a619e5-2907-4353-abbd-f6fb1099a46d-AppendLogResponseHandler: Failed appendEntries: org.apache.ratis.thirdparty.io.grpc.StatusRuntimeException: UNAVAILABLE: io exception
2019-09-24 19:02:44,154 [grpc-default-executor-3] WARN  server.GrpcLogAppender (LogUtils.java:warn(134)) - 75e06a4b-10ed-49e3-a0f4-39d0cf919ed9@group-338C40DB937D->01d7623e-fce0-4300-8f15-4bc2097938ef-AppendLogResponseHandler: Failed appendEntries: org.apache.ratis.thirdparty.io.grpc.StatusRuntimeException: UNAVAILABLE: io exception
2019-09-24 19:02:44,156 [grpc-default-executor-9] INFO  impl.FollowerInfo (FollowerInfo.java:lambda$new$0(51)) - 75e06a4b-10ed-49e3-a0f4-39d0cf919ed9@group-338C40DB937D->c0a619e5-2907-4353-abbd-f6fb1099a46d: nextIndex: updateUnconditionally 0 -> 0
2019-09-24 19:02:44,158 [grpc-default-executor-3] INFO  impl.FollowerInfo (FollowerInfo.java:lambda$new$0(51)) - 75e06a4b-10ed-49e3-a0f4-39d0cf919ed9@group-338C40DB937D->01d7623e-fce0-4300-8f15-4bc2097938ef: nextIndex: updateUnconditionally 0 -> 0
2019-09-24 19:02:44,657 [grpc-default-executor-7] WARN  server.GrpcLogAppender (LogUtils.java:warn(134)) - 75e06a4b-10ed-49e3-a0f4-39d0cf919ed9@group-338C40DB937D->c0a619e5-2907-4353-abbd-f6fb1099a46d-AppendLogResponseHandler: Failed appendEntries: org.apache.ratis.thirdparty.io.grpc.StatusRuntimeException: UNAVAILABLE: io exception
2019-09-24 19:02:44,657 [grpc-default-executor-1] WARN  server.GrpcLogAppender (LogUtils.java:warn(134)) - 75e06a4b-10ed-49e3-a0f4-39d0cf919ed9@group-338C40DB937D->01d7623e-fce0-4300-8f15-4bc2097938ef-AppendLogResponseHandler: Failed appendEntries: org.apache.ratis.thirdparty.io.grpc.StatusRuntimeException: UNAVAILABLE: io exception
2019-09-24 19:02:44,664 [grpc-default-executor-7] INFO  impl.FollowerInfo (FollowerInfo.java:lambda$new$0(51)) - 75e06a4b-10ed-49e3-a0f4-39d0cf919ed9@group-338C40DB937D->c0a619e5-2907-4353-abbd-f6fb1099a46d: nextIndex: updateUnconditionally 0 -> 0
2019-09-24 19:02:44,664 [grpc-default-executor-1] INFO  impl.FollowerInfo (FollowerInfo.java:lambda$new$0(51)) - 75e06a4b-10ed-49e3-a0f4-39d0cf919ed9@group-338C40DB937D->01d7623e-fce0-4300-8f15-4bc2097938ef: nextIndex: updateUnconditionally 0 -> 0
2019-09-24 19:02:45,160 [grpc-default-executor-6] WARN  server.GrpcLogAppender (LogUtils.java:warn(134)) - 75e06a4b-10ed-49e3-a0f4-39d0cf919ed9@group-338C40DB937D->01d7623e-fce0-4300-8f15-4bc2097938ef-AppendLogResponseHandler: Failed appendEntries: org.apache.ratis.thirdparty.io.grpc.StatusRuntimeException: UNAVAILABLE: io exception
2019-09-24 19:02:45,160 [grpc-default-executor-7] WARN  server.GrpcLogAppender (LogUtils.java:warn(134)) - 75e06a4b-10ed-49e3-a0f4-39d0cf919ed9@group-338C40DB937D->c0a619e5-2907-4353-abbd-f6fb1099a46d-AppendLogResponseHandler: Failed appendEntries: org.apache.ratis.thirdparty.io.grpc.StatusRuntimeException: UNAVAILABLE: io exception
2019-09-24 19:02:45,166 [grpc-default-executor-6] INFO  impl.FollowerInfo (FollowerInfo.java:lambda$new$0(51)) - 75e06a4b-10ed-49e3-a0f4-39d0cf919ed9@group-338C40DB937D->01d7623e-fce0-4300-8f15-4bc2097938ef: nextIndex: updateUnconditionally 0 -> 0
2019-09-24 19:02:45,166 [grpc-default-executor-7] INFO  impl.FollowerInfo (FollowerInfo.java:lambda$new$0(51)) - 75e06a4b-10ed-49e3-a0f4-39d0cf919ed9@group-338C40DB937D->c0a619e5-2907-4353-abbd-f6fb1099a46d: nextIndex: updateUnconditionally 0 -> 0
2019-09-24 19:02:45,661 [grpc-default-executor-1] WARN  server.GrpcLogAppender (LogUtils.java:warn(134)) - 75e06a4b-10ed-49e3-a0f4-39d0cf919ed9@group-338C40DB937D->01d7623e-fce0-4300-8f15-4bc2097938ef-AppendLogResponseHandler: Failed appendEntries: org.apache.ratis.thirdparty.io.grpc.StatusRuntimeException: UNAVAILABLE: io exception
2019-09-24 19:02:45,661 [grpc-default-executor-7] WARN  server.GrpcLogAppender (LogUtils.java:warn(134)) - 75e06a4b-10ed-49e3-a0f4-39d0cf919ed9@group-338C40DB937D->c0a619e5-2907-4353-abbd-f6fb1099a46d-AppendLogResponseHandler: Failed appendEntries: org.apache.ratis.thirdparty.io.grpc.StatusRuntimeException: UNAVAILABLE: io exception
2019-09-24 19:02:45,672 [grpc-default-executor-7] INFO  impl.FollowerInfo (FollowerInfo.java:lambda$new$0(51)) - 75e06a4b-10ed-49e3-a0f4-39d0cf919ed9@group-338C40DB937D->c0a619e5-2907-4353-abbd-f6fb1099a46d: nextIndex: updateUnconditionally 0 -> 0
2019-09-24 19:02:45,672 [grpc-default-executor-1] INFO  impl.FollowerInfo (FollowerInfo.java:lambda$new$0(51)) - 75e06a4b-10ed-49e3-a0f4-39d0cf919ed9@group-338C40DB937D->01d7623e-fce0-4300-8f15-4bc2097938ef: nextIndex: updateUnconditionally 0 -> 0
2019-09-24 19:02:46,162 [grpc-default-executor-7] WARN  server.GrpcLogAppender (LogUtils.java:warn(134)) - 75e06a4b-10ed-49e3-a0f4-39d0cf919ed9@group-338C40DB937D->c0a619e5-2907-4353-abbd-f6fb1099a46d-AppendLogResponseHandler: Failed appendEntries: org.apache.ratis.thirdparty.io.grpc.StatusRuntimeException: UNAVAILABLE: io exception
2019-09-24 19:02:46,162 [grpc-default-executor-3] WARN  server.GrpcLogAppender (LogUtils.java:warn(134)) - 75e06a4b-10ed-49e3-a0f4-39d0cf919ed9@group-338C40DB937D->01d7623e-fce0-4300-8f15-4bc2097938ef-AppendLogResponseHandler: Failed appendEntries: org.apache.ratis.thirdparty.io.grpc.StatusRuntimeException: UNAVAILABLE: io exception
2019-09-24 19:02:46,163 [grpc-default-executor-7] INFO  impl.FollowerInfo (FollowerInfo.java:lambda$new$0(51)) - 75e06a4b-10ed-49e3-a0f4-39d0cf919ed9@group-338C40DB937D->c0a619e5-2907-4353-abbd-f6fb1099a46d: nextIndex: updateUnconditionally 0 -> 0
2019-09-24 19:02:46,163 [grpc-default-executor-3] INFO  impl.FollowerInfo (FollowerInfo.java:lambda$new$0(51)) - 75e06a4b-10ed-49e3-a0f4-39d0cf919ed9@group-338C40DB937D->01d7623e-fce0-4300-8f15-4bc2097938ef: nextIndex: updateUnconditionally 0 -> 0
2019-09-24 19:02:46,662 [grpc-default-executor-1] WARN  server.GrpcLogAppender (LogUtils.java:warn(134)) - 75e06a4b-10ed-49e3-a0f4-39d0cf919ed9@group-338C40DB937D->c0a619e5-2907-4353-abbd-f6fb1099a46d-AppendLogResponseHandler: Failed appendEntries: org.apache.ratis.thirdparty.io.grpc.StatusRuntimeException: UNAVAILABLE: io exception
2019-09-24 19:02:46,663 [grpc-default-executor-8] WARN  server.GrpcLogAppender (LogUtils.java:warn(134)) - 75e06a4b-10ed-49e3-a0f4-39d0cf919ed9@group-338C40DB937D->01d7623e-fce0-4300-8f15-4bc2097938ef-AppendLogResponseHandler: Failed appendEntries: org.apache.ratis.thirdparty.io.grpc.StatusRuntimeException: UNAVAILABLE: io exception
2019-09-24 19:02:46,663 [grpc-default-executor-1] INFO  impl.FollowerInfo (FollowerInfo.java:lambda$new$0(51)) - 75e06a4b-10ed-49e3-a0f4-39d0cf919ed9@group-338C40DB937D->c0a619e5-2907-4353-abbd-f6fb1099a46d: nextIndex: updateUnconditionally 0 -> 0
2019-09-24 19:02:46,663 [grpc-default-executor-8] INFO  impl.FollowerInfo (FollowerInfo.java:lambda$new$0(51)) - 75e06a4b-10ed-49e3-a0f4-39d0cf919ed9@group-338C40DB937D->01d7623e-fce0-4300-8f15-4bc2097938ef: nextIndex: updateUnconditionally 0 -> 0
2019-09-24 19:02:46,957 [main] INFO  ozoneimpl.OzoneContainer (OzoneContainer.java:stop(231)) - Attempting to stop container services.
2019-09-24 19:02:46,959 [main] INFO  impl.RaftServerProxy (RaftServerProxy.java:lambda$close$4(314)) - 75e06a4b-10ed-49e3-a0f4-39d0cf919ed9: close
2019-09-24 19:02:46,959 [main] INFO  impl.RaftServerImpl (RaftServerImpl.java:lambda$shutdown$3(251)) - 75e06a4b-10ed-49e3-a0f4-39d0cf919ed9@group-338C40DB937D: shutdown
2019-09-24 19:02:46,960 [main] INFO  util.JmxRegister (JmxRegister.java:unregister(73)) - Successfully un-registered JMX Bean with object name Ratis:service=RaftServer,group=group-338C40DB937D,id=75e06a4b-10ed-49e3-a0f4-39d0cf919ed9
2019-09-24 19:02:46,960 [main] INFO  impl.RoleInfo (RoleInfo.java:shutdownLeaderState(104)) - 75e06a4b-10ed-49e3-a0f4-39d0cf919ed9: shutdown LeaderState
2019-09-24 19:02:46,966 [org.apache.ratis.server.impl.LogAppender$AppenderDaemon$$Lambda$482/945058366@63a0edd1] WARN  server.GrpcLogAppender (GrpcLogAppender.java:mayWait(143)) - 75e06a4b-10ed-49e3-a0f4-39d0cf919ed9@group-338C40DB937D->01d7623e-fce0-4300-8f15-4bc2097938ef-GrpcLogAppender: Wait interrupted by java.lang.InterruptedException
2019-09-24 19:02:46,966 [org.apache.ratis.server.impl.LogAppender$AppenderDaemon$$Lambda$482/945058366@3f9da42a] WARN  server.GrpcLogAppender (GrpcLogAppender.java:mayWait(143)) - 75e06a4b-10ed-49e3-a0f4-39d0cf919ed9@group-338C40DB937D->c0a619e5-2907-4353-abbd-f6fb1099a46d-GrpcLogAppender: Wait interrupted by java.lang.InterruptedException
2019-09-24 19:02:46,966 [main] INFO  impl.PendingRequests (PendingRequests.java:sendNotLeaderResponses(202)) - 75e06a4b-10ed-49e3-a0f4-39d0cf919ed9-PendingRequests: sendNotLeaderResponses
2019-09-24 19:02:46,972 [main] INFO  impl.StateMachineUpdater (StateMachineUpdater.java:stopAndJoin(125)) - 75e06a4b-10ed-49e3-a0f4-39d0cf919ed9@group-338C40DB937D-StateMachineUpdater: set stopIndex = 6
2019-09-24 19:02:46,973 [75e06a4b-10ed-49e3-a0f4-39d0cf919ed9@group-338C40DB937D-StateMachineUpdater] INFO  ratis.ContainerStateMachine (ContainerStateMachine.java:takeSnapshot(289)) - group-338C40DB937D: Taking a snapshot at:(t:1, i:6) file /workdir/hadoop-ozone/integration-test/target/test-dir/MiniOzoneClusterImpl-347bc0d8-8dc7-46c0-bd0b-f626cebf696e/datanode-9/data/ratis/09cc86b9-b7fc-4c9b-ba7f-338c40db937d/sm/snapshot.1_6
2019-09-24 19:02:47,042 [f9d00a00-bc78-4492-92ba-83defd396746@group-91D416462A89:LeaderElection45] INFO  impl.LeaderElection (LeaderElection.java:askForVotes(182)) - f9d00a00-bc78-4492-92ba-83defd396746@group-91D416462A89:LeaderElection45: begin an election at term 7 for 0: [f9d00a00-bc78-4492-92ba-83defd396746:192.168.5.148:39515, 91e07af8-8ce2-4ac6-9c90-851894b34103:192.168.5.148:45771, dd51241e-7f30-423c-8baf-8925f04f92e5:192.168.5.148:35152], old=null
2019-09-24 19:02:47,042 [dd51241e-7f30-423c-8baf-8925f04f92e5@group-91D416462A89:LeaderElection44] INFO  impl.LeaderElection (LeaderElection.java:askForVotes(182)) - dd51241e-7f30-423c-8baf-8925f04f92e5@group-91D416462A89:LeaderElection44: begin an election at term 7 for 0: [f9d00a00-bc78-4492-92ba-83defd396746:192.168.5.148:39515, 91e07af8-8ce2-4ac6-9c90-851894b34103:192.168.5.148:45771, dd51241e-7f30-423c-8baf-8925f04f92e5:192.168.5.148:35152], old=null
2019-09-24 19:02:47,043 [f9d00a00-bc78-4492-92ba-83defd396746@group-91D416462A89:LeaderElection45] INFO  impl.LeaderElection (LeaderElection.java:logAndReturn(56)) - f9d00a00-bc78-4492-92ba-83defd396746@group-91D416462A89:LeaderElection45: Election REJECTED; received 0 response(s) [] and 0 exception(s); f9d00a00-bc78-4492-92ba-83defd396746@group-91D416462A89:t7, leader=null, voted=f9d00a00-bc78-4492-92ba-83defd396746, raftlog=f9d00a00-bc78-4492-92ba-83defd396746@group-91D416462A89-SegmentedRaftLog:OPENED:c2,f2,i2, conf=0: [f9d00a00-bc78-4492-92ba-83defd396746:192.168.5.148:39515, 91e07af8-8ce2-4ac6-9c90-851894b34103:192.168.5.148:45771, dd51241e-7f30-423c-8baf-8925f04f92e5:192.168.5.148:35152], old=null
2019-09-24 19:02:47,044 [dd51241e-7f30-423c-8baf-8925f04f92e5@group-91D416462A89:LeaderElection44] INFO  impl.LeaderElection (LogUtils.java:infoOrTrace(149)) - dd51241e-7f30-423c-8baf-8925f04f92e5@group-91D416462A89:LeaderElection44 got exception when requesting votes: {}
java.util.concurrent.ExecutionException: org.apache.ratis.thirdparty.io.grpc.StatusRuntimeException: UNAVAILABLE: io exception
	at java.util.concurrent.FutureTask.report(FutureTask.java:122)
	at java.util.concurrent.FutureTask.get(FutureTask.java:192)
	at org.apache.ratis.server.impl.LeaderElection.waitForResults(LeaderElection.java:263)
	at org.apache.ratis.server.impl.LeaderElection.askForVotes(LeaderElection.java:201)
	at org.apache.ratis.server.impl.LeaderElection.run(LeaderElection.java:133)
	at java.lang.Thread.run(Thread.java:748)
Caused by: org.apache.ratis.thirdparty.io.grpc.StatusRuntimeException: UNAVAILABLE: io exception
	at org.apache.ratis.thirdparty.io.grpc.stub.ClientCalls.toStatusRuntimeException(ClientCalls.java:233)
	at org.apache.ratis.thirdparty.io.grpc.stub.ClientCalls.getUnchecked(ClientCalls.java:214)
	at org.apache.ratis.thirdparty.io.grpc.stub.ClientCalls.blockingUnaryCall(ClientCalls.java:139)
	at org.apache.ratis.proto.grpc.RaftServerProtocolServiceGrpc$RaftServerProtocolServiceBlockingStub.requestVote(RaftServerProtocolServiceGrpc.java:265)
	at org.apache.ratis.grpc.server.GrpcServerProtocolClient.requestVote(GrpcServerProtocolClient.java:90)
	at org.apache.ratis.grpc.server.GrpcService.requestVote(GrpcService.java:204)
	at org.apache.ratis.server.impl.LeaderElection.lambda$submitRequests$1(LeaderElection.java:238)
	at java.util.concurrent.FutureTask.run(FutureTask.java:266)
	at java.util.concurrent.Executors$RunnableAdapter.call(Executors.java:511)
	at java.util.concurrent.FutureTask.run(FutureTask.java:266)
	at java.util.concurrent.ThreadPoolExecutor.runWorker(ThreadPoolExecutor.java:1149)
	at java.util.concurrent.ThreadPoolExecutor$Worker.run(ThreadPoolExecutor.java:624)
	... 1 more
Caused by: org.apache.ratis.thirdparty.io.netty.channel.AbstractChannel$AnnotatedConnectException: Connection refused: /192.168.5.148:45771
	at sun.nio.ch.SocketChannelImpl.checkConnect(Native Method)
	at sun.nio.ch.SocketChannelImpl.finishConnect(SocketChannelImpl.java:717)
	at org.apache.ratis.thirdparty.io.netty.channel.socket.nio.NioSocketChannel.doFinishConnect(NioSocketChannel.java:327)
	at org.apache.ratis.thirdparty.io.netty.channel.nio.AbstractNioChannel$AbstractNioUnsafe.finishConnect(AbstractNioChannel.java:340)
	at org.apache.ratis.thirdparty.io.netty.channel.nio.NioEventLoop.processSelectedKey(NioEventLoop.java:632)
	at org.apache.ratis.thirdparty.io.netty.channel.nio.NioEventLoop.processSelectedKeysOptimized(NioEventLoop.java:579)
	at org.apache.ratis.thirdparty.io.netty.channel.nio.NioEventLoop.processSelectedKeys(NioEventLoop.java:496)
	at org.apache.ratis.thirdparty.io.netty.channel.nio.NioEventLoop.run(NioEventLoop.java:458)
	at org.apache.ratis.thirdparty.io.netty.util.concurrent.SingleThreadEventExecutor$5.run(SingleThreadEventExecutor.java:897)
	at org.apache.ratis.thirdparty.io.netty.util.concurrent.FastThreadLocalRunnable.run(FastThreadLocalRunnable.java:30)
	... 1 more
Caused by: java.net.ConnectException: Connection refused
	... 11 more
2019-09-24 19:02:47,049 [grpc-default-executor-1] WARN  server.GrpcServerProtocolService (LogUtils.java:warn(134)) - f9d00a00-bc78-4492-92ba-83defd396746: Failed requestVote dd51241e-7f30-423c-8baf-8925f04f92e5->f9d00a00-bc78-4492-92ba-83defd396746#0: org.apache.ratis.protocol.ServerNotReadyException: f9d00a00-bc78-4492-92ba-83defd396746@group-91D416462A89 is not in [RUNNING]: current state is CLOSING
2019-09-24 19:02:47,055 [dd51241e-7f30-423c-8baf-8925f04f92e5@group-91D416462A89:LeaderElection44] INFO  impl.LeaderElection (LogUtils.java:infoOrTrace(149)) - dd51241e-7f30-423c-8baf-8925f04f92e5@group-91D416462A89:LeaderElection44 got exception when requesting votes: {}
java.util.concurrent.ExecutionException: org.apache.ratis.thirdparty.io.grpc.StatusRuntimeException: INTERNAL: f9d00a00-bc78-4492-92ba-83defd396746@group-91D416462A89 is not in [RUNNING]: current state is CLOSING
	at java.util.concurrent.FutureTask.report(FutureTask.java:122)
	at java.util.concurrent.FutureTask.get(FutureTask.java:192)
	at org.apache.ratis.server.impl.LeaderElection.waitForResults(LeaderElection.java:263)
	at org.apache.ratis.server.impl.LeaderElection.askForVotes(LeaderElection.java:201)
	at org.apache.ratis.server.impl.LeaderElection.run(LeaderElection.java:133)
	at java.lang.Thread.run(Thread.java:748)
Caused by: org.apache.ratis.thirdparty.io.grpc.StatusRuntimeException: INTERNAL: f9d00a00-bc78-4492-92ba-83defd396746@group-91D416462A89 is not in [RUNNING]: current state is CLOSING
	at org.apache.ratis.thirdparty.io.grpc.stub.ClientCalls.toStatusRuntimeException(ClientCalls.java:233)
	at org.apache.ratis.thirdparty.io.grpc.stub.ClientCalls.getUnchecked(ClientCalls.java:214)
	at org.apache.ratis.thirdparty.io.grpc.stub.ClientCalls.blockingUnaryCall(ClientCalls.java:139)
	at org.apache.ratis.proto.grpc.RaftServerProtocolServiceGrpc$RaftServerProtocolServiceBlockingStub.requestVote(RaftServerProtocolServiceGrpc.java:265)
	at org.apache.ratis.grpc.server.GrpcServerProtocolClient.requestVote(GrpcServerProtocolClient.java:90)
	at org.apache.ratis.grpc.server.GrpcService.requestVote(GrpcService.java:204)
	at org.apache.ratis.server.impl.LeaderElection.lambda$submitRequests$1(LeaderElection.java:238)
	at java.util.concurrent.FutureTask.run(FutureTask.java:266)
	at java.util.concurrent.Executors$RunnableAdapter.call(Executors.java:511)
	at java.util.concurrent.FutureTask.run(FutureTask.java:266)
	at java.util.concurrent.ThreadPoolExecutor.runWorker(ThreadPoolExecutor.java:1149)
	at java.util.concurrent.ThreadPoolExecutor$Worker.run(ThreadPoolExecutor.java:624)
	... 1 more
2019-09-24 19:02:47,056 [dd51241e-7f30-423c-8baf-8925f04f92e5@group-91D416462A89:LeaderElection44] INFO  impl.LeaderElection (LeaderElection.java:logAndReturn(56)) - dd51241e-7f30-423c-8baf-8925f04f92e5@group-91D416462A89:LeaderElection44: Election REJECTED; received 0 response(s) [] and 2 exception(s); dd51241e-7f30-423c-8baf-8925f04f92e5@group-91D416462A89:t7, leader=null, voted=dd51241e-7f30-423c-8baf-8925f04f92e5, raftlog=dd51241e-7f30-423c-8baf-8925f04f92e5@group-91D416462A89-SegmentedRaftLog:OPENED:c2,f2,i2, conf=0: [f9d00a00-bc78-4492-92ba-83defd396746:192.168.5.148:39515, 91e07af8-8ce2-4ac6-9c90-851894b34103:192.168.5.148:45771, dd51241e-7f30-423c-8baf-8925f04f92e5:192.168.5.148:35152], old=null
2019-09-24 19:02:47,056 [dd51241e-7f30-423c-8baf-8925f04f92e5@group-91D416462A89:LeaderElection44] INFO  impl.LeaderElection (LogUtils.java:infoOrTrace(149)) -   Exception 0: {}
java.util.concurrent.ExecutionException: org.apache.ratis.thirdparty.io.grpc.StatusRuntimeException: UNAVAILABLE: io exception
	at java.util.concurrent.FutureTask.report(FutureTask.java:122)
	at java.util.concurrent.FutureTask.get(FutureTask.java:192)
	at org.apache.ratis.server.impl.LeaderElection.waitForResults(LeaderElection.java:263)
	at org.apache.ratis.server.impl.LeaderElection.askForVotes(LeaderElection.java:201)
	at org.apache.ratis.server.impl.LeaderElection.run(LeaderElection.java:133)
	at java.lang.Thread.run(Thread.java:748)
Caused by: org.apache.ratis.thirdparty.io.grpc.StatusRuntimeException: UNAVAILABLE: io exception
	at org.apache.ratis.thirdparty.io.grpc.stub.ClientCalls.toStatusRuntimeException(ClientCalls.java:233)
	at org.apache.ratis.thirdparty.io.grpc.stub.ClientCalls.getUnchecked(ClientCalls.java:214)
	at org.apache.ratis.thirdparty.io.grpc.stub.ClientCalls.blockingUnaryCall(ClientCalls.java:139)
	at org.apache.ratis.proto.grpc.RaftServerProtocolServiceGrpc$RaftServerProtocolServiceBlockingStub.requestVote(RaftServerProtocolServiceGrpc.java:265)
	at org.apache.ratis.grpc.server.GrpcServerProtocolClient.requestVote(GrpcServerProtocolClient.java:90)
	at org.apache.ratis.grpc.server.GrpcService.requestVote(GrpcService.java:204)
	at org.apache.ratis.server.impl.LeaderElection.lambda$submitRequests$1(LeaderElection.java:238)
	at java.util.concurrent.FutureTask.run(FutureTask.java:266)
	at java.util.concurrent.Executors$RunnableAdapter.call(Executors.java:511)
	at java.util.concurrent.FutureTask.run(FutureTask.java:266)
	at java.util.concurrent.ThreadPoolExecutor.runWorker(ThreadPoolExecutor.java:1149)
	at java.util.concurrent.ThreadPoolExecutor$Worker.run(ThreadPoolExecutor.java:624)
	... 1 more
Caused by: org.apache.ratis.thirdparty.io.netty.channel.AbstractChannel$AnnotatedConnectException: Connection refused: /192.168.5.148:45771
	at sun.nio.ch.SocketChannelImpl.checkConnect(Native Method)
	at sun.nio.ch.SocketChannelImpl.finishConnect(SocketChannelImpl.java:717)
	at org.apache.ratis.thirdparty.io.netty.channel.socket.nio.NioSocketChannel.doFinishConnect(NioSocketChannel.java:327)
	at org.apache.ratis.thirdparty.io.netty.channel.nio.AbstractNioChannel$AbstractNioUnsafe.finishConnect(AbstractNioChannel.java:340)
	at org.apache.ratis.thirdparty.io.netty.channel.nio.NioEventLoop.processSelectedKey(NioEventLoop.java:632)
	at org.apache.ratis.thirdparty.io.netty.channel.nio.NioEventLoop.processSelectedKeysOptimized(NioEventLoop.java:579)
	at org.apache.ratis.thirdparty.io.netty.channel.nio.NioEventLoop.processSelectedKeys(NioEventLoop.java:496)
	at org.apache.ratis.thirdparty.io.netty.channel.nio.NioEventLoop.run(NioEventLoop.java:458)
	at org.apache.ratis.thirdparty.io.netty.util.concurrent.SingleThreadEventExecutor$5.run(SingleThreadEventExecutor.java:897)
	at org.apache.ratis.thirdparty.io.netty.util.concurrent.FastThreadLocalRunnable.run(FastThreadLocalRunnable.java:30)
	... 1 more
Caused by: java.net.ConnectException: Connection refused
	... 11 more
2019-09-24 19:02:47,057 [dd51241e-7f30-423c-8baf-8925f04f92e5@group-91D416462A89:LeaderElection44] INFO  impl.LeaderElection (LogUtils.java:infoOrTrace(149)) -   Exception 1: {}
java.util.concurrent.ExecutionException: org.apache.ratis.thirdparty.io.grpc.StatusRuntimeException: INTERNAL: f9d00a00-bc78-4492-92ba-83defd396746@group-91D416462A89 is not in [RUNNING]: current state is CLOSING
	at java.util.concurrent.FutureTask.report(FutureTask.java:122)
	at java.util.concurrent.FutureTask.get(FutureTask.java:192)
	at org.apache.ratis.server.impl.LeaderElection.waitForResults(LeaderElection.java:263)
	at org.apache.ratis.server.impl.LeaderElection.askForVotes(LeaderElection.java:201)
	at org.apache.ratis.server.impl.LeaderElection.run(LeaderElection.java:133)
	at java.lang.Thread.run(Thread.java:748)
Caused by: org.apache.ratis.thirdparty.io.grpc.StatusRuntimeException: INTERNAL: f9d00a00-bc78-4492-92ba-83defd396746@group-91D416462A89 is not in [RUNNING]: current state is CLOSING
	at org.apache.ratis.thirdparty.io.grpc.stub.ClientCalls.toStatusRuntimeException(ClientCalls.java:233)
	at org.apache.ratis.thirdparty.io.grpc.stub.ClientCalls.getUnchecked(ClientCalls.java:214)
	at org.apache.ratis.thirdparty.io.grpc.stub.ClientCalls.blockingUnaryCall(ClientCalls.java:139)
	at org.apache.ratis.proto.grpc.RaftServerProtocolServiceGrpc$RaftServerProtocolServiceBlockingStub.requestVote(RaftServerProtocolServiceGrpc.java:265)
	at org.apache.ratis.grpc.server.GrpcServerProtocolClient.requestVote(GrpcServerProtocolClient.java:90)
	at org.apache.ratis.grpc.server.GrpcService.requestVote(GrpcService.java:204)
	at org.apache.ratis.server.impl.LeaderElection.lambda$submitRequests$1(LeaderElection.java:238)
	at java.util.concurrent.FutureTask.run(FutureTask.java:266)
	at java.util.concurrent.Executors$RunnableAdapter.call(Executors.java:511)
	at java.util.concurrent.FutureTask.run(FutureTask.java:266)
	at java.util.concurrent.ThreadPoolExecutor.runWorker(ThreadPoolExecutor.java:1149)
	at java.util.concurrent.ThreadPoolExecutor$Worker.run(ThreadPoolExecutor.java:624)
	... 1 more
2019-09-24 19:02:47,057 [dd51241e-7f30-423c-8baf-8925f04f92e5@group-91D416462A89:LeaderElection44] INFO  impl.RaftServerImpl (RaftServerImpl.java:setRole(174)) - dd51241e-7f30-423c-8baf-8925f04f92e5@group-91D416462A89: changes role from CANDIDATE to FOLLOWER at term 7 for DISCOVERED_A_NEW_TERM
2019-09-24 19:02:47,057 [dd51241e-7f30-423c-8baf-8925f04f92e5@group-91D416462A89:LeaderElection44] INFO  impl.RoleInfo (RoleInfo.java:shutdownLeaderElection(134)) - dd51241e-7f30-423c-8baf-8925f04f92e5: shutdown LeaderElection
2019-09-24 19:02:47,058 [dd51241e-7f30-423c-8baf-8925f04f92e5@group-91D416462A89:LeaderElection44] INFO  impl.RoleInfo (RoleInfo.java:updateAndGet(143)) - dd51241e-7f30-423c-8baf-8925f04f92e5: start FollowerState
2019-09-24 19:02:48,094 [Thread-1307] INFO  impl.FollowerState (FollowerState.java:run(106)) - dd51241e-7f30-423c-8baf-8925f04f92e5:group-91D416462A89 changes to CANDIDATE, lastRpcTime:1036, electionTimeout:1036ms
2019-09-24 19:02:48,097 [Thread-1307] INFO  impl.RoleInfo (RoleInfo.java:shutdownFollowerState(121)) - dd51241e-7f30-423c-8baf-8925f04f92e5: shutdown FollowerState
2019-09-24 19:02:48,097 [Thread-1307] INFO  impl.RaftServerImpl (RaftServerImpl.java:setRole(174)) - dd51241e-7f30-423c-8baf-8925f04f92e5@group-91D416462A89: changes role from  FOLLOWER to CANDIDATE at term 7 for changeToCandidate
2019-09-24 19:02:48,098 [Thread-1307] INFO  impl.RoleInfo (RoleInfo.java:updateAndGet(143)) - dd51241e-7f30-423c-8baf-8925f04f92e5: start LeaderElection
2019-09-24 19:02:48,288 [EventQueue-StaleNodeForStaleNodeHandler] INFO  node.StaleNodeHandler (StaleNodeHandler.java:onMessage(58)) - Datanode 29620711-3f46-457a-8151-219e63eed2d2{ip: 192.168.5.148, host: pr-hdds-2149-fgl4f-1742389470, networkLocation: /rack1, certSerialId: null} moved to stale state. Finalizing its pipelines [PipelineID=829af180-3fc1-44fa-ad3a-3d9711dd10a2, PipelineID=14de40bd-5f85-419a-a46b-2b1df545e51a]
2019-09-24 19:02:48,289 [EventQueue-StaleNodeForStaleNodeHandler] INFO  pipeline.SCMPipelineManager (SCMPipelineManager.java:finalizeAndDestroyPipeline(315)) - destroying pipeline:Pipeline[ Id: 829af180-3fc1-44fa-ad3a-3d9711dd10a2, Nodes: 29620711-3f46-457a-8151-219e63eed2d2{ip: 192.168.5.148, host: pr-hdds-2149-fgl4f-1742389470, networkLocation: /rack1, certSerialId: null}, Type:RATIS, Factor:ONE, State:OPEN]
2019-09-24 19:02:48,290 [EventQueue-StaleNodeForStaleNodeHandler] INFO  pipeline.PipelineStateManager (PipelineStateManager.java:finalizePipeline(123)) - Pipeline Pipeline[ Id: 829af180-3fc1-44fa-ad3a-3d9711dd10a2, Nodes: 29620711-3f46-457a-8151-219e63eed2d2{ip: 192.168.5.148, host: pr-hdds-2149-fgl4f-1742389470, networkLocation: /rack1, certSerialId: null}, Type:RATIS, Factor:ONE, State:CLOSED] moved to CLOSED state
2019-09-24 19:02:48,290 [EventQueue-StaleNodeForStaleNodeHandler] INFO  pipeline.SCMPipelineManager (SCMPipelineManager.java:finalizeAndDestroyPipeline(315)) - destroying pipeline:Pipeline[ Id: 14de40bd-5f85-419a-a46b-2b1df545e51a, Nodes: a05b4b97-0b18-4776-a1dd-8f128fadc53a{ip: 192.168.5.148, host: pr-hdds-2149-fgl4f-1742389470, networkLocation: /rack1, certSerialId: null}29620711-3f46-457a-8151-219e63eed2d2{ip: 192.168.5.148, host: pr-hdds-2149-fgl4f-1742389470, networkLocation: /rack1, certSerialId: null}d6fdad48-5745-4acd-8132-622988eb1603{ip: 192.168.5.148, host: pr-hdds-2149-fgl4f-1742389470, networkLocation: /rack1, certSerialId: null}, Type:RATIS, Factor:THREE, State:CLOSED]
2019-09-24 19:02:52,166 [75e06a4b-10ed-49e3-a0f4-39d0cf919ed9@group-338C40DB937D-StateMachineUpdater] INFO  ratis.ContainerStateMachine (ContainerStateMachine.java:takeSnapshot(300)) - group-338C40DB937D: Finished taking a snapshot at:(t:1, i:6) file:/workdir/hadoop-ozone/integration-test/target/test-dir/MiniOzoneClusterImpl-347bc0d8-8dc7-46c0-bd0b-f626cebf696e/datanode-9/data/ratis/09cc86b9-b7fc-4c9b-ba7f-338c40db937d/sm/snapshot.1_6 time:5193
2019-09-24 19:02:52,166 [f9d00a00-bc78-4492-92ba-83defd396746@group-91D416462A89-StateMachineUpdater] INFO  ratis.ContainerStateMachine (ContainerStateMachine.java:takeSnapshot(300)) - group-91D416462A89: Finished taking a snapshot at:(t:2, i:1) file:/workdir/hadoop-ozone/integration-test/target/test-dir/MiniOzoneClusterImpl-347bc0d8-8dc7-46c0-bd0b-f626cebf696e/datanode-0/data/ratis/1fa6406a-2613-4140-9828-91d416462a89/sm/snapshot.2_1 time:10238
2019-09-24 19:02:52,173 [75e06a4b-10ed-49e3-a0f4-39d0cf919ed9@group-338C40DB937D-StateMachineUpdater] INFO  impl.StateMachineUpdater (StateMachineUpdater.java:takeSnapshot(258)) - 75e06a4b-10ed-49e3-a0f4-39d0cf919ed9@group-338C40DB937D-StateMachineUpdater: Took a snapshot at index 6
2019-09-24 19:02:52,173 [f9d00a00-bc78-4492-92ba-83defd396746@group-91D416462A89-StateMachineUpdater] INFO  impl.StateMachineUpdater (StateMachineUpdater.java:takeSnapshot(258)) - f9d00a00-bc78-4492-92ba-83defd396746@group-91D416462A89-StateMachineUpdater: Took a snapshot at index 1
2019-09-24 19:02:52,173 [75e06a4b-10ed-49e3-a0f4-39d0cf919ed9@group-338C40DB937D-StateMachineUpdater] INFO  impl.StateMachineUpdater (StateMachineUpdater.java:lambda$new$0(83)) - 75e06a4b-10ed-49e3-a0f4-39d0cf919ed9@group-338C40DB937D-StateMachineUpdater: snapshotIndex: updateIncreasingly -1 -> 6
2019-09-24 19:02:52,173 [dd51241e-7f30-423c-8baf-8925f04f92e5@group-91D416462A89:LeaderElection46] INFO  impl.LeaderElection (LeaderElection.java:askForVotes(182)) - dd51241e-7f30-423c-8baf-8925f04f92e5@group-91D416462A89:LeaderElection46: begin an election at term 8 for 0: [f9d00a00-bc78-4492-92ba-83defd396746:192.168.5.148:39515, 91e07af8-8ce2-4ac6-9c90-851894b34103:192.168.5.148:45771, dd51241e-7f30-423c-8baf-8925f04f92e5:192.168.5.148:35152], old=null
2019-09-24 19:02:52,173 [f9d00a00-bc78-4492-92ba-83defd396746@group-91D416462A89-StateMachineUpdater] INFO  impl.StateMachineUpdater (StateMachineUpdater.java:lambda$new$0(83)) - f9d00a00-bc78-4492-92ba-83defd396746@group-91D416462A89-StateMachineUpdater: snapshotIndex: updateIncreasingly -1 -> 1
2019-09-24 19:02:52,174 [f9d00a00-bc78-4492-92ba-83defd396746@group-91D416462A89-StateMachineUpdater] INFO  ratis.ContainerStateMachine (ContainerStateMachine.java:takeSnapshot(289)) - group-91D416462A89: Taking a snapshot at:(t:2, i:1) file /workdir/hadoop-ozone/integration-test/target/test-dir/MiniOzoneClusterImpl-347bc0d8-8dc7-46c0-bd0b-f626cebf696e/datanode-0/data/ratis/1fa6406a-2613-4140-9828-91d416462a89/sm/snapshot.2_1
2019-09-24 19:02:52,174 [main] INFO  impl.RaftServerImpl (ServerState.java:close(385)) - 75e06a4b-10ed-49e3-a0f4-39d0cf919ed9@group-338C40DB937D: closes. applyIndex: 6
2019-09-24 19:02:52,177 [75e06a4b-10ed-49e3-a0f4-39d0cf919ed9@group-338C40DB937D-SegmentedRaftLogWorker] INFO  segmented.SegmentedRaftLogWorker (SegmentedRaftLogWorker.java:run(313)) - 75e06a4b-10ed-49e3-a0f4-39d0cf919ed9@group-338C40DB937D-SegmentedRaftLogWorker was interrupted, exiting. There are 0 tasks remaining in the queue.
2019-09-24 19:02:52,177 [main] INFO  segmented.SegmentedRaftLogWorker (SegmentedRaftLogWorker.java:close(228)) - 75e06a4b-10ed-49e3-a0f4-39d0cf919ed9@group-338C40DB937D-SegmentedRaftLogWorker close()
2019-09-24 19:02:52,179 [dd51241e-7f30-423c-8baf-8925f04f92e5@group-91D416462A89:LeaderElection46] INFO  impl.LeaderElection (LogUtils.java:infoOrTrace(149)) - dd51241e-7f30-423c-8baf-8925f04f92e5@group-91D416462A89:LeaderElection46 got exception when requesting votes: {}
java.util.concurrent.ExecutionException: org.apache.ratis.thirdparty.io.grpc.StatusRuntimeException: UNAVAILABLE: io exception
	at java.util.concurrent.FutureTask.report(FutureTask.java:122)
	at java.util.concurrent.FutureTask.get(FutureTask.java:192)
	at org.apache.ratis.server.impl.LeaderElection.waitForResults(LeaderElection.java:263)
	at org.apache.ratis.server.impl.LeaderElection.askForVotes(LeaderElection.java:201)
	at org.apache.ratis.server.impl.LeaderElection.run(LeaderElection.java:133)
	at java.lang.Thread.run(Thread.java:748)
Caused by: org.apache.ratis.thirdparty.io.grpc.StatusRuntimeException: UNAVAILABLE: io exception
	at org.apache.ratis.thirdparty.io.grpc.stub.ClientCalls.toStatusRuntimeException(ClientCalls.java:233)
	at org.apache.ratis.thirdparty.io.grpc.stub.ClientCalls.getUnchecked(ClientCalls.java:214)
	at org.apache.ratis.thirdparty.io.grpc.stub.ClientCalls.blockingUnaryCall(ClientCalls.java:139)
	at org.apache.ratis.proto.grpc.RaftServerProtocolServiceGrpc$RaftServerProtocolServiceBlockingStub.requestVote(RaftServerProtocolServiceGrpc.java:265)
	at org.apache.ratis.grpc.server.GrpcServerProtocolClient.requestVote(GrpcServerProtocolClient.java:90)
	at org.apache.ratis.grpc.server.GrpcService.requestVote(GrpcService.java:204)
	at org.apache.ratis.server.impl.LeaderElection.lambda$submitRequests$1(LeaderElection.java:238)
	at java.util.concurrent.FutureTask.run(FutureTask.java:266)
	at java.util.concurrent.Executors$RunnableAdapter.call(Executors.java:511)
	at java.util.concurrent.FutureTask.run(FutureTask.java:266)
	at java.util.concurrent.ThreadPoolExecutor.runWorker(ThreadPoolExecutor.java:1149)
	at java.util.concurrent.ThreadPoolExecutor$Worker.run(ThreadPoolExecutor.java:624)
	... 1 more
Caused by: org.apache.ratis.thirdparty.io.netty.channel.AbstractChannel$AnnotatedConnectException: Connection refused: /192.168.5.148:45771
	at sun.nio.ch.SocketChannelImpl.checkConnect(Native Method)
	at sun.nio.ch.SocketChannelImpl.finishConnect(SocketChannelImpl.java:717)
	at org.apache.ratis.thirdparty.io.netty.channel.socket.nio.NioSocketChannel.doFinishConnect(NioSocketChannel.java:327)
	at org.apache.ratis.thirdparty.io.netty.channel.nio.AbstractNioChannel$AbstractNioUnsafe.finishConnect(AbstractNioChannel.java:340)
	at org.apache.ratis.thirdparty.io.netty.channel.nio.NioEventLoop.processSelectedKey(NioEventLoop.java:632)
	at org.apache.ratis.thirdparty.io.netty.channel.nio.NioEventLoop.processSelectedKeysOptimized(NioEventLoop.java:579)
	at org.apache.ratis.thirdparty.io.netty.channel.nio.NioEventLoop.processSelectedKeys(NioEventLoop.java:496)
	at org.apache.ratis.thirdparty.io.netty.channel.nio.NioEventLoop.run(NioEventLoop.java:458)
	at org.apache.ratis.thirdparty.io.netty.util.concurrent.SingleThreadEventExecutor$5.run(SingleThreadEventExecutor.java:897)
	at org.apache.ratis.thirdparty.io.netty.util.concurrent.FastThreadLocalRunnable.run(FastThreadLocalRunnable.java:30)
	... 1 more
Caused by: java.net.ConnectException: Connection refused
	... 11 more
2019-09-24 19:02:52,179 [main] INFO  impl.RaftServerImpl (RaftServerImpl.java:lambda$shutdown$3(251)) - 75e06a4b-10ed-49e3-a0f4-39d0cf919ed9@group-EDE0E9749029: shutdown
2019-09-24 19:02:52,183 [main] INFO  util.JmxRegister (JmxRegister.java:unregister(73)) - Successfully un-registered JMX Bean with object name Ratis:service=RaftServer,group=group-EDE0E9749029,id=75e06a4b-10ed-49e3-a0f4-39d0cf919ed9
2019-09-24 19:02:52,184 [main] INFO  impl.RoleInfo (RoleInfo.java:shutdownLeaderState(104)) - 75e06a4b-10ed-49e3-a0f4-39d0cf919ed9: shutdown LeaderState
2019-09-24 19:02:52,184 [main] INFO  impl.PendingRequests (PendingRequests.java:sendNotLeaderResponses(202)) - 75e06a4b-10ed-49e3-a0f4-39d0cf919ed9-PendingRequests: sendNotLeaderResponses
2019-09-24 19:02:52,185 [main] INFO  impl.StateMachineUpdater (StateMachineUpdater.java:stopAndJoin(125)) - 75e06a4b-10ed-49e3-a0f4-39d0cf919ed9@group-EDE0E9749029-StateMachineUpdater: set stopIndex = 0
2019-09-24 19:02:52,186 [main] INFO  impl.RaftServerImpl (ServerState.java:close(385)) - 75e06a4b-10ed-49e3-a0f4-39d0cf919ed9@group-EDE0E9749029: closes. applyIndex: 0
2019-09-24 19:02:52,186 [75e06a4b-10ed-49e3-a0f4-39d0cf919ed9@group-EDE0E9749029-SegmentedRaftLogWorker] INFO  segmented.SegmentedRaftLogWorker (SegmentedRaftLogWorker.java:run(313)) - 75e06a4b-10ed-49e3-a0f4-39d0cf919ed9@group-EDE0E9749029-SegmentedRaftLogWorker was interrupted, exiting. There are 0 tasks remaining in the queue.
2019-09-24 19:02:52,186 [main] INFO  segmented.SegmentedRaftLogWorker (SegmentedRaftLogWorker.java:close(228)) - 75e06a4b-10ed-49e3-a0f4-39d0cf919ed9@group-EDE0E9749029-SegmentedRaftLogWorker close()
2019-09-24 19:02:52,186 [grpc-default-executor-1] WARN  server.GrpcServerProtocolService (LogUtils.java:warn(134)) - f9d00a00-bc78-4492-92ba-83defd396746: Failed requestVote dd51241e-7f30-423c-8baf-8925f04f92e5->f9d00a00-bc78-4492-92ba-83defd396746#0: org.apache.ratis.protocol.ServerNotReadyException: f9d00a00-bc78-4492-92ba-83defd396746@group-91D416462A89 is not in [RUNNING]: current state is CLOSING
2019-09-24 19:02:52,188 [main] INFO  server.GrpcService (GrpcService.java:closeImpl(164)) - 75e06a4b-10ed-49e3-a0f4-39d0cf919ed9: shutdown server with port 37717 now
2019-09-24 19:02:52,190 [main] INFO  server.GrpcService (GrpcService.java:closeImpl(172)) - 75e06a4b-10ed-49e3-a0f4-39d0cf919ed9: shutdown server with port 37717 successfully
2019-09-24 19:02:52,193 [refreshUsed-/workdir/hadoop-ozone/integration-test/target/test-dir/MiniOzoneClusterImpl-347bc0d8-8dc7-46c0-bd0b-f626cebf696e/datanode-9/data/containers] WARN  fs.CachingGetSpaceUsed (CachingGetSpaceUsed.java:run(183)) - Thread Interrupted waiting to refresh disk information: sleep interrupted
2019-09-24 19:02:52,193 [dd51241e-7f30-423c-8baf-8925f04f92e5@group-91D416462A89:LeaderElection46] INFO  impl.LeaderElection (LogUtils.java:infoOrTrace(149)) - dd51241e-7f30-423c-8baf-8925f04f92e5@group-91D416462A89:LeaderElection46 got exception when requesting votes: {}
java.util.concurrent.ExecutionException: org.apache.ratis.thirdparty.io.grpc.StatusRuntimeException: INTERNAL: f9d00a00-bc78-4492-92ba-83defd396746@group-91D416462A89 is not in [RUNNING]: current state is CLOSING
	at java.util.concurrent.FutureTask.report(FutureTask.java:122)
	at java.util.concurrent.FutureTask.get(FutureTask.java:192)
	at org.apache.ratis.server.impl.LeaderElection.waitForResults(LeaderElection.java:263)
	at org.apache.ratis.server.impl.LeaderElection.askForVotes(LeaderElection.java:201)
	at org.apache.ratis.server.impl.LeaderElection.run(LeaderElection.java:133)
	at java.lang.Thread.run(Thread.java:748)
Caused by: org.apache.ratis.thirdparty.io.grpc.StatusRuntimeException: INTERNAL: f9d00a00-bc78-4492-92ba-83defd396746@group-91D416462A89 is not in [RUNNING]: current state is CLOSING
	at org.apache.ratis.thirdparty.io.grpc.stub.ClientCalls.toStatusRuntimeException(ClientCalls.java:233)
	at org.apache.ratis.thirdparty.io.grpc.stub.ClientCalls.getUnchecked(ClientCalls.java:214)
	at org.apache.ratis.thirdparty.io.grpc.stub.ClientCalls.blockingUnaryCall(ClientCalls.java:139)
	at org.apache.ratis.proto.grpc.RaftServerProtocolServiceGrpc$RaftServerProtocolServiceBlockingStub.requestVote(RaftServerProtocolServiceGrpc.java:265)
	at org.apache.ratis.grpc.server.GrpcServerProtocolClient.requestVote(GrpcServerProtocolClient.java:90)
	at org.apache.ratis.grpc.server.GrpcService.requestVote(GrpcService.java:204)
	at org.apache.ratis.server.impl.LeaderElection.lambda$submitRequests$1(LeaderElection.java:238)
	at java.util.concurrent.FutureTask.run(FutureTask.java:266)
	at java.util.concurrent.Executors$RunnableAdapter.call(Executors.java:511)
	at java.util.concurrent.FutureTask.run(FutureTask.java:266)
	at java.util.concurrent.ThreadPoolExecutor.runWorker(ThreadPoolExecutor.java:1149)
	at java.util.concurrent.ThreadPoolExecutor$Worker.run(ThreadPoolExecutor.java:624)
	... 1 more
2019-09-24 19:02:52,195 [dd51241e-7f30-423c-8baf-8925f04f92e5@group-91D416462A89:LeaderElection46] INFO  impl.LeaderElection (LeaderElection.java:logAndReturn(56)) - dd51241e-7f30-423c-8baf-8925f04f92e5@group-91D416462A89:LeaderElection46: Election REJECTED; received 0 response(s) [] and 2 exception(s); dd51241e-7f30-423c-8baf-8925f04f92e5@group-91D416462A89:t8, leader=null, voted=dd51241e-7f30-423c-8baf-8925f04f92e5, raftlog=dd51241e-7f30-423c-8baf-8925f04f92e5@group-91D416462A89-SegmentedRaftLog:OPENED:c2,f2,i2, conf=0: [f9d00a00-bc78-4492-92ba-83defd396746:192.168.5.148:39515, 91e07af8-8ce2-4ac6-9c90-851894b34103:192.168.5.148:45771, dd51241e-7f30-423c-8baf-8925f04f92e5:192.168.5.148:35152], old=null
2019-09-24 19:02:52,195 [dd51241e-7f30-423c-8baf-8925f04f92e5@group-91D416462A89:LeaderElection46] INFO  impl.LeaderElection (LogUtils.java:infoOrTrace(149)) -   Exception 0: {}
java.util.concurrent.ExecutionException: org.apache.ratis.thirdparty.io.grpc.StatusRuntimeException: UNAVAILABLE: io exception
	at java.util.concurrent.FutureTask.report(FutureTask.java:122)
	at java.util.concurrent.FutureTask.get(FutureTask.java:192)
	at org.apache.ratis.server.impl.LeaderElection.waitForResults(LeaderElection.java:263)
	at org.apache.ratis.server.impl.LeaderElection.askForVotes(LeaderElection.java:201)
	at org.apache.ratis.server.impl.LeaderElection.run(LeaderElection.java:133)
	at java.lang.Thread.run(Thread.java:748)
Caused by: org.apache.ratis.thirdparty.io.grpc.StatusRuntimeException: UNAVAILABLE: io exception
	at org.apache.ratis.thirdparty.io.grpc.stub.ClientCalls.toStatusRuntimeException(ClientCalls.java:233)
	at org.apache.ratis.thirdparty.io.grpc.stub.ClientCalls.getUnchecked(ClientCalls.java:214)
	at org.apache.ratis.thirdparty.io.grpc.stub.ClientCalls.blockingUnaryCall(ClientCalls.java:139)
	at org.apache.ratis.proto.grpc.RaftServerProtocolServiceGrpc$RaftServerProtocolServiceBlockingStub.requestVote(RaftServerProtocolServiceGrpc.java:265)
	at org.apache.ratis.grpc.server.GrpcServerProtocolClient.requestVote(GrpcServerProtocolClient.java:90)
	at org.apache.ratis.grpc.server.GrpcService.requestVote(GrpcService.java:204)
	at org.apache.ratis.server.impl.LeaderElection.lambda$submitRequests$1(LeaderElection.java:238)
	at java.util.concurrent.FutureTask.run(FutureTask.java:266)
	at java.util.concurrent.Executors$RunnableAdapter.call(Executors.java:511)
	at java.util.concurrent.FutureTask.run(FutureTask.java:266)
	at java.util.concurrent.ThreadPoolExecutor.runWorker(ThreadPoolExecutor.java:1149)
	at java.util.concurrent.ThreadPoolExecutor$Worker.run(ThreadPoolExecutor.java:624)
	... 1 more
Caused by: org.apache.ratis.thirdparty.io.netty.channel.AbstractChannel$AnnotatedConnectException: Connection refused: /192.168.5.148:45771
	at sun.nio.ch.SocketChannelImpl.checkConnect(Native Method)
	at sun.nio.ch.SocketChannelImpl.finishConnect(SocketChannelImpl.java:717)
	at org.apache.ratis.thirdparty.io.netty.channel.socket.nio.NioSocketChannel.doFinishConnect(NioSocketChannel.java:327)
	at org.apache.ratis.thirdparty.io.netty.channel.nio.AbstractNioChannel$AbstractNioUnsafe.finishConnect(AbstractNioChannel.java:340)
	at org.apache.ratis.thirdparty.io.netty.channel.nio.NioEventLoop.processSelectedKey(NioEventLoop.java:632)
	at org.apache.ratis.thirdparty.io.netty.channel.nio.NioEventLoop.processSelectedKeysOptimized(NioEventLoop.java:579)
	at org.apache.ratis.thirdparty.io.netty.channel.nio.NioEventLoop.processSelectedKeys(NioEventLoop.java:496)
	at org.apache.ratis.thirdparty.io.netty.channel.nio.NioEventLoop.run(NioEventLoop.java:458)
	at org.apache.ratis.thirdparty.io.netty.util.concurrent.SingleThreadEventExecutor$5.run(SingleThreadEventExecutor.java:897)
	at org.apache.ratis.thirdparty.io.netty.util.concurrent.FastThreadLocalRunnable.run(FastThreadLocalRunnable.java:30)
	... 1 more
Caused by: java.net.ConnectException: Connection refused
	... 11 more
2019-09-24 19:02:52,196 [dd51241e-7f30-423c-8baf-8925f04f92e5@group-91D416462A89:LeaderElection46] INFO  impl.LeaderElection (LogUtils.java:infoOrTrace(149)) -   Exception 1: {}
java.util.concurrent.ExecutionException: org.apache.ratis.thirdparty.io.grpc.StatusRuntimeException: INTERNAL: f9d00a00-bc78-4492-92ba-83defd396746@group-91D416462A89 is not in [RUNNING]: current state is CLOSING
	at java.util.concurrent.FutureTask.report(FutureTask.java:122)
	at java.util.concurrent.FutureTask.get(FutureTask.java:192)
	at org.apache.ratis.server.impl.LeaderElection.waitForResults(LeaderElection.java:263)
	at org.apache.ratis.server.impl.LeaderElection.askForVotes(LeaderElection.java:201)
	at org.apache.ratis.server.impl.LeaderElection.run(LeaderElection.java:133)
	at java.lang.Thread.run(Thread.java:748)
Caused by: org.apache.ratis.thirdparty.io.grpc.StatusRuntimeException: INTERNAL: f9d00a00-bc78-4492-92ba-83defd396746@group-91D416462A89 is not in [RUNNING]: current state is CLOSING
	at org.apache.ratis.thirdparty.io.grpc.stub.ClientCalls.toStatusRuntimeException(ClientCalls.java:233)
	at org.apache.ratis.thirdparty.io.grpc.stub.ClientCalls.getUnchecked(ClientCalls.java:214)
	at org.apache.ratis.thirdparty.io.grpc.stub.ClientCalls.blockingUnaryCall(ClientCalls.java:139)
	at org.apache.ratis.proto.grpc.RaftServerProtocolServiceGrpc$RaftServerProtocolServiceBlockingStub.requestVote(RaftServerProtocolServiceGrpc.java:265)
	at org.apache.ratis.grpc.server.GrpcServerProtocolClient.requestVote(GrpcServerProtocolClient.java:90)
	at org.apache.ratis.grpc.server.GrpcService.requestVote(GrpcService.java:204)
	at org.apache.ratis.server.impl.LeaderElection.lambda$submitRequests$1(LeaderElection.java:238)
	at java.util.concurrent.FutureTask.run(FutureTask.java:266)
	at java.util.concurrent.Executors$RunnableAdapter.call(Executors.java:511)
	at java.util.concurrent.FutureTask.run(FutureTask.java:266)
	at java.util.concurrent.ThreadPoolExecutor.runWorker(ThreadPoolExecutor.java:1149)
	at java.util.concurrent.ThreadPoolExecutor$Worker.run(ThreadPoolExecutor.java:624)
	... 1 more
2019-09-24 19:02:52,197 [dd51241e-7f30-423c-8baf-8925f04f92e5@group-91D416462A89:LeaderElection46] INFO  impl.RaftServerImpl (RaftServerImpl.java:setRole(174)) - dd51241e-7f30-423c-8baf-8925f04f92e5@group-91D416462A89: changes role from CANDIDATE to FOLLOWER at term 8 for DISCOVERED_A_NEW_TERM
2019-09-24 19:02:52,198 [dd51241e-7f30-423c-8baf-8925f04f92e5@group-91D416462A89:LeaderElection46] INFO  impl.RoleInfo (RoleInfo.java:shutdownLeaderElection(134)) - dd51241e-7f30-423c-8baf-8925f04f92e5: shutdown LeaderElection
2019-09-24 19:02:52,200 [dd51241e-7f30-423c-8baf-8925f04f92e5@group-91D416462A89:LeaderElection46] INFO  impl.RoleInfo (RoleInfo.java:updateAndGet(143)) - dd51241e-7f30-423c-8baf-8925f04f92e5: start FollowerState
2019-09-24 19:02:52,225 [main] INFO  utils.BackgroundService (BackgroundService.java:shutdown(148)) - Shutting down service BlockDeletingService
2019-09-24 19:02:52,230 [main] INFO  statemachine.DatanodeStateMachine (DatanodeStateMachine.java:stopDaemon(395)) - Ozone container server stopped.
2019-09-24 19:02:52,232 [main] INFO  handler.ContextHandler (ContextHandler.java:doStop(910)) - Stopped o.e.j.w.WebAppContext@3f736a16{/,null,UNAVAILABLE}{/hddsDatanode}
2019-09-24 19:02:52,233 [main] INFO  server.AbstractConnector (AbstractConnector.java:doStop(318)) - Stopped ServerConnector@4601203a{HTTP/1.1,[http/1.1]}{0.0.0.0:0}
2019-09-24 19:02:52,234 [main] INFO  handler.ContextHandler (ContextHandler.java:doStop(910)) - Stopped o.e.j.s.ServletContextHandler@4364712f{/static,jar:file:/home/user/.m2/repository/org/apache/hadoop/hadoop-hdds-container-service/0.5.0-SNAPSHOT/hadoop-hdds-container-service-0.5.0-SNAPSHOT.jar!/webapps/static,UNAVAILABLE}
2019-09-24 19:02:52,235 [main] INFO  handler.ContextHandler (ContextHandler.java:doStop(910)) - Stopped o.e.j.s.ServletContextHandler@53c6f96d{/logs,file:///workdir/hadoop-ozone/integration-test/target/log,UNAVAILABLE}
2019-09-24 19:02:53,389 [Thread-1311] INFO  impl.FollowerState (FollowerState.java:run(106)) - dd51241e-7f30-423c-8baf-8925f04f92e5:group-91D416462A89 changes to CANDIDATE, lastRpcTime:1189, electionTimeout:1188ms
2019-09-24 19:02:53,389 [Thread-1311] INFO  impl.RoleInfo (RoleInfo.java:shutdownFollowerState(121)) - dd51241e-7f30-423c-8baf-8925f04f92e5: shutdown FollowerState
2019-09-24 19:02:53,389 [Thread-1311] INFO  impl.RaftServerImpl (RaftServerImpl.java:setRole(174)) - dd51241e-7f30-423c-8baf-8925f04f92e5@group-91D416462A89: changes role from  FOLLOWER to CANDIDATE at term 8 for changeToCandidate
2019-09-24 19:02:53,390 [Thread-1311] INFO  impl.RoleInfo (RoleInfo.java:updateAndGet(143)) - dd51241e-7f30-423c-8baf-8925f04f92e5: start LeaderElection
2019-09-24 19:02:57,642 [f9d00a00-bc78-4492-92ba-83defd396746@group-91D416462A89-StateMachineUpdater] INFO  ratis.ContainerStateMachine (ContainerStateMachine.java:takeSnapshot(300)) - group-91D416462A89: Finished taking a snapshot at:(t:2, i:1) file:/workdir/hadoop-ozone/integration-test/target/test-dir/MiniOzoneClusterImpl-347bc0d8-8dc7-46c0-bd0b-f626cebf696e/datanode-0/data/ratis/1fa6406a-2613-4140-9828-91d416462a89/sm/snapshot.2_1 time:5467
2019-09-24 19:02:57,642 [dd51241e-7f30-423c-8baf-8925f04f92e5@group-91D416462A89:LeaderElection47] INFO  impl.LeaderElection (LeaderElection.java:askForVotes(182)) - dd51241e-7f30-423c-8baf-8925f04f92e5@group-91D416462A89:LeaderElection47: begin an election at term 9 for 0: [f9d00a00-bc78-4492-92ba-83defd396746:192.168.5.148:39515, 91e07af8-8ce2-4ac6-9c90-851894b34103:192.168.5.148:45771, dd51241e-7f30-423c-8baf-8925f04f92e5:192.168.5.148:35152], old=null
2019-09-24 19:02:57,644 [f9d00a00-bc78-4492-92ba-83defd396746@group-91D416462A89-StateMachineUpdater] INFO  impl.StateMachineUpdater (StateMachineUpdater.java:takeSnapshot(258)) - f9d00a00-bc78-4492-92ba-83defd396746@group-91D416462A89-StateMachineUpdater: Took a snapshot at index 1
2019-09-24 19:02:57,644 [f9d00a00-bc78-4492-92ba-83defd396746@group-91D416462A89-StateMachineUpdater] INFO  impl.StateMachineUpdater (StateMachineUpdater.java:lambda$new$0(83)) - f9d00a00-bc78-4492-92ba-83defd396746@group-91D416462A89-StateMachineUpdater: snapshotIndex: updateIncreasingly 1 -> 1
2019-09-24 19:02:57,646 [ForkJoinPool.commonPool-worker-0] INFO  impl.RaftServerImpl (ServerState.java:close(385)) - f9d00a00-bc78-4492-92ba-83defd396746@group-91D416462A89: closes. applyIndex: 2
2019-09-24 19:02:57,648 [dd51241e-7f30-423c-8baf-8925f04f92e5@group-91D416462A89:LeaderElection47] INFO  impl.LeaderElection (LogUtils.java:infoOrTrace(149)) - dd51241e-7f30-423c-8baf-8925f04f92e5@group-91D416462A89:LeaderElection47 got exception when requesting votes: {}
java.util.concurrent.ExecutionException: org.apache.ratis.thirdparty.io.grpc.StatusRuntimeException: UNAVAILABLE: io exception
	at java.util.concurrent.FutureTask.report(FutureTask.java:122)
	at java.util.concurrent.FutureTask.get(FutureTask.java:192)
	at org.apache.ratis.server.impl.LeaderElection.waitForResults(LeaderElection.java:263)
	at org.apache.ratis.server.impl.LeaderElection.askForVotes(LeaderElection.java:201)
	at org.apache.ratis.server.impl.LeaderElection.run(LeaderElection.java:133)
	at java.lang.Thread.run(Thread.java:748)
Caused by: org.apache.ratis.thirdparty.io.grpc.StatusRuntimeException: UNAVAILABLE: io exception
	at org.apache.ratis.thirdparty.io.grpc.stub.ClientCalls.toStatusRuntimeException(ClientCalls.java:233)
	at org.apache.ratis.thirdparty.io.grpc.stub.ClientCalls.getUnchecked(ClientCalls.java:214)
	at org.apache.ratis.thirdparty.io.grpc.stub.ClientCalls.blockingUnaryCall(ClientCalls.java:139)
	at org.apache.ratis.proto.grpc.RaftServerProtocolServiceGrpc$RaftServerProtocolServiceBlockingStub.requestVote(RaftServerProtocolServiceGrpc.java:265)
	at org.apache.ratis.grpc.server.GrpcServerProtocolClient.requestVote(GrpcServerProtocolClient.java:90)
	at org.apache.ratis.grpc.server.GrpcService.requestVote(GrpcService.java:204)
	at org.apache.ratis.server.impl.LeaderElection.lambda$submitRequests$1(LeaderElection.java:238)
	at java.util.concurrent.FutureTask.run(FutureTask.java:266)
	at java.util.concurrent.Executors$RunnableAdapter.call(Executors.java:511)
	at java.util.concurrent.FutureTask.run(FutureTask.java:266)
	at java.util.concurrent.ThreadPoolExecutor.runWorker(ThreadPoolExecutor.java:1149)
	at java.util.concurrent.ThreadPoolExecutor$Worker.run(ThreadPoolExecutor.java:624)
	... 1 more
Caused by: org.apache.ratis.thirdparty.io.netty.channel.AbstractChannel$AnnotatedConnectException: Connection refused: /192.168.5.148:45771
	at sun.nio.ch.SocketChannelImpl.checkConnect(Native Method)
	at sun.nio.ch.SocketChannelImpl.finishConnect(SocketChannelImpl.java:717)
	at org.apache.ratis.thirdparty.io.netty.channel.socket.nio.NioSocketChannel.doFinishConnect(NioSocketChannel.java:327)
	at org.apache.ratis.thirdparty.io.netty.channel.nio.AbstractNioChannel$AbstractNioUnsafe.finishConnect(AbstractNioChannel.java:340)
	at org.apache.ratis.thirdparty.io.netty.channel.nio.NioEventLoop.processSelectedKey(NioEventLoop.java:632)
	at org.apache.ratis.thirdparty.io.netty.channel.nio.NioEventLoop.processSelectedKeysOptimized(NioEventLoop.java:579)
	at org.apache.ratis.thirdparty.io.netty.channel.nio.NioEventLoop.processSelectedKeys(NioEventLoop.java:496)
	at org.apache.ratis.thirdparty.io.netty.channel.nio.NioEventLoop.run(NioEventLoop.java:458)
	at org.apache.ratis.thirdparty.io.netty.util.concurrent.SingleThreadEventExecutor$5.run(SingleThreadEventExecutor.java:897)
	at org.apache.ratis.thirdparty.io.netty.util.concurrent.FastThreadLocalRunnable.run(FastThreadLocalRunnable.java:30)
	... 1 more
Caused by: java.net.ConnectException: Connection refused
	... 11 more
2019-09-24 19:02:57,648 [f9d00a00-bc78-4492-92ba-83defd396746@group-91D416462A89-SegmentedRaftLogWorker] INFO  segmented.SegmentedRaftLogWorker (SegmentedRaftLogWorker.java:run(313)) - f9d00a00-bc78-4492-92ba-83defd396746@group-91D416462A89-SegmentedRaftLogWorker was interrupted, exiting. There are 0 tasks remaining in the queue.
2019-09-24 19:02:57,651 [ForkJoinPool.commonPool-worker-0] INFO  segmented.SegmentedRaftLogWorker (SegmentedRaftLogWorker.java:close(228)) - f9d00a00-bc78-4492-92ba-83defd396746@group-91D416462A89-SegmentedRaftLogWorker close()
2019-09-24 19:02:57,653 [ForkJoinPool.commonPool-worker-0] INFO  server.GrpcService (GrpcService.java:closeImpl(164)) - f9d00a00-bc78-4492-92ba-83defd396746: shutdown server with port 39515 now
2019-09-24 19:02:57,655 [ForkJoinPool.commonPool-worker-0] INFO  server.GrpcService (GrpcService.java:closeImpl(172)) - f9d00a00-bc78-4492-92ba-83defd396746: shutdown server with port 39515 successfully
2019-09-24 19:02:57,657 [dd51241e-7f30-423c-8baf-8925f04f92e5@group-91D416462A89:LeaderElection47] INFO  impl.LeaderElection (LogUtils.java:infoOrTrace(149)) - dd51241e-7f30-423c-8baf-8925f04f92e5@group-91D416462A89:LeaderElection47 got exception when requesting votes: {}
java.util.concurrent.ExecutionException: org.apache.ratis.thirdparty.io.grpc.StatusRuntimeException: UNAVAILABLE: HTTP/2 error code: NO_ERROR
Received Goaway
	at java.util.concurrent.FutureTask.report(FutureTask.java:122)
	at java.util.concurrent.FutureTask.get(FutureTask.java:192)
	at org.apache.ratis.server.impl.LeaderElection.waitForResults(LeaderElection.java:263)
	at org.apache.ratis.server.impl.LeaderElection.askForVotes(LeaderElection.java:201)
	at org.apache.ratis.server.impl.LeaderElection.run(LeaderElection.java:133)
	at java.lang.Thread.run(Thread.java:748)
Caused by: org.apache.ratis.thirdparty.io.grpc.StatusRuntimeException: UNAVAILABLE: HTTP/2 error code: NO_ERROR
Received Goaway
	at org.apache.ratis.thirdparty.io.grpc.stub.ClientCalls.toStatusRuntimeException(ClientCalls.java:233)
	at org.apache.ratis.thirdparty.io.grpc.stub.ClientCalls.getUnchecked(ClientCalls.java:214)
	at org.apache.ratis.thirdparty.io.grpc.stub.ClientCalls.blockingUnaryCall(ClientCalls.java:139)
	at org.apache.ratis.proto.grpc.RaftServerProtocolServiceGrpc$RaftServerProtocolServiceBlockingStub.requestVote(RaftServerProtocolServiceGrpc.java:265)
	at org.apache.ratis.grpc.server.GrpcServerProtocolClient.requestVote(GrpcServerProtocolClient.java:90)
	at org.apache.ratis.grpc.server.GrpcService.requestVote(GrpcService.java:204)
	at org.apache.ratis.server.impl.LeaderElection.lambda$submitRequests$1(LeaderElection.java:238)
	at java.util.concurrent.FutureTask.run(FutureTask.java:266)
	at java.util.concurrent.Executors$RunnableAdapter.call(Executors.java:511)
	at java.util.concurrent.FutureTask.run(FutureTask.java:266)
	at java.util.concurrent.ThreadPoolExecutor.runWorker(ThreadPoolExecutor.java:1149)
	at java.util.concurrent.ThreadPoolExecutor$Worker.run(ThreadPoolExecutor.java:624)
	... 1 more
2019-09-24 19:02:57,659 [dd51241e-7f30-423c-8baf-8925f04f92e5@group-91D416462A89:LeaderElection47] INFO  impl.LeaderElection (LeaderElection.java:logAndReturn(56)) - dd51241e-7f30-423c-8baf-8925f04f92e5@group-91D416462A89:LeaderElection47: Election REJECTED; received 0 response(s) [] and 2 exception(s); dd51241e-7f30-423c-8baf-8925f04f92e5@group-91D416462A89:t9, leader=null, voted=dd51241e-7f30-423c-8baf-8925f04f92e5, raftlog=dd51241e-7f30-423c-8baf-8925f04f92e5@group-91D416462A89-SegmentedRaftLog:OPENED:c2,f2,i2, conf=0: [f9d00a00-bc78-4492-92ba-83defd396746:192.168.5.148:39515, 91e07af8-8ce2-4ac6-9c90-851894b34103:192.168.5.148:45771, dd51241e-7f30-423c-8baf-8925f04f92e5:192.168.5.148:35152], old=null
2019-09-24 19:02:57,659 [refreshUsed-/workdir/hadoop-ozone/integration-test/target/test-dir/MiniOzoneClusterImpl-347bc0d8-8dc7-46c0-bd0b-f626cebf696e/datanode-0/data/containers] WARN  fs.CachingGetSpaceUsed (CachingGetSpaceUsed.java:run(183)) - Thread Interrupted waiting to refresh disk information: sleep interrupted
2019-09-24 19:02:57,659 [dd51241e-7f30-423c-8baf-8925f04f92e5@group-91D416462A89:LeaderElection47] INFO  impl.LeaderElection (LogUtils.java:infoOrTrace(149)) -   Exception 0: {}
java.util.concurrent.ExecutionException: org.apache.ratis.thirdparty.io.grpc.StatusRuntimeException: UNAVAILABLE: io exception
	at java.util.concurrent.FutureTask.report(FutureTask.java:122)
	at java.util.concurrent.FutureTask.get(FutureTask.java:192)
	at org.apache.ratis.server.impl.LeaderElection.waitForResults(LeaderElection.java:263)
	at org.apache.ratis.server.impl.LeaderElection.askForVotes(LeaderElection.java:201)
	at org.apache.ratis.server.impl.LeaderElection.run(LeaderElection.java:133)
	at java.lang.Thread.run(Thread.java:748)
Caused by: org.apache.ratis.thirdparty.io.grpc.StatusRuntimeException: UNAVAILABLE: io exception
	at org.apache.ratis.thirdparty.io.grpc.stub.ClientCalls.toStatusRuntimeException(ClientCalls.java:233)
	at org.apache.ratis.thirdparty.io.grpc.stub.ClientCalls.getUnchecked(ClientCalls.java:214)
	at org.apache.ratis.thirdparty.io.grpc.stub.ClientCalls.blockingUnaryCall(ClientCalls.java:139)
	at org.apache.ratis.proto.grpc.RaftServerProtocolServiceGrpc$RaftServerProtocolServiceBlockingStub.requestVote(RaftServerProtocolServiceGrpc.java:265)
	at org.apache.ratis.grpc.server.GrpcServerProtocolClient.requestVote(GrpcServerProtocolClient.java:90)
	at org.apache.ratis.grpc.server.GrpcService.requestVote(GrpcService.java:204)
	at org.apache.ratis.server.impl.LeaderElection.lambda$submitRequests$1(LeaderElection.java:238)
	at java.util.concurrent.FutureTask.run(FutureTask.java:266)
	at java.util.concurrent.Executors$RunnableAdapter.call(Executors.java:511)
	at java.util.concurrent.FutureTask.run(FutureTask.java:266)
	at java.util.concurrent.ThreadPoolExecutor.runWorker(ThreadPoolExecutor.java:1149)
	at java.util.concurrent.ThreadPoolExecutor$Worker.run(ThreadPoolExecutor.java:624)
	... 1 more
Caused by: org.apache.ratis.thirdparty.io.netty.channel.AbstractChannel$AnnotatedConnectException: Connection refused: /192.168.5.148:45771
	at sun.nio.ch.SocketChannelImpl.checkConnect(Native Method)
	at sun.nio.ch.SocketChannelImpl.finishConnect(SocketChannelImpl.java:717)
	at org.apache.ratis.thirdparty.io.netty.channel.socket.nio.NioSocketChannel.doFinishConnect(NioSocketChannel.java:327)
	at org.apache.ratis.thirdparty.io.netty.channel.nio.AbstractNioChannel$AbstractNioUnsafe.finishConnect(AbstractNioChannel.java:340)
	at org.apache.ratis.thirdparty.io.netty.channel.nio.NioEventLoop.processSelectedKey(NioEventLoop.java:632)
	at org.apache.ratis.thirdparty.io.netty.channel.nio.NioEventLoop.processSelectedKeysOptimized(NioEventLoop.java:579)
	at org.apache.ratis.thirdparty.io.netty.channel.nio.NioEventLoop.processSelectedKeys(NioEventLoop.java:496)
	at org.apache.ratis.thirdparty.io.netty.channel.nio.NioEventLoop.run(NioEventLoop.java:458)
	at org.apache.ratis.thirdparty.io.netty.util.concurrent.SingleThreadEventExecutor$5.run(SingleThreadEventExecutor.java:897)
	at org.apache.ratis.thirdparty.io.netty.util.concurrent.FastThreadLocalRunnable.run(FastThreadLocalRunnable.java:30)
	... 1 more
Caused by: java.net.ConnectException: Connection refused
	... 11 more
2019-09-24 19:02:57,661 [dd51241e-7f30-423c-8baf-8925f04f92e5@group-91D416462A89:LeaderElection47] INFO  impl.LeaderElection (LogUtils.java:infoOrTrace(149)) -   Exception 1: {}
java.util.concurrent.ExecutionException: org.apache.ratis.thirdparty.io.grpc.StatusRuntimeException: UNAVAILABLE: HTTP/2 error code: NO_ERROR
Received Goaway
	at java.util.concurrent.FutureTask.report(FutureTask.java:122)
	at java.util.concurrent.FutureTask.get(FutureTask.java:192)
	at org.apache.ratis.server.impl.LeaderElection.waitForResults(LeaderElection.java:263)
	at org.apache.ratis.server.impl.LeaderElection.askForVotes(LeaderElection.java:201)
	at org.apache.ratis.server.impl.LeaderElection.run(LeaderElection.java:133)
	at java.lang.Thread.run(Thread.java:748)
Caused by: org.apache.ratis.thirdparty.io.grpc.StatusRuntimeException: UNAVAILABLE: HTTP/2 error code: NO_ERROR
Received Goaway
	at org.apache.ratis.thirdparty.io.grpc.stub.ClientCalls.toStatusRuntimeException(ClientCalls.java:233)
	at org.apache.ratis.thirdparty.io.grpc.stub.ClientCalls.getUnchecked(ClientCalls.java:214)
	at org.apache.ratis.thirdparty.io.grpc.stub.ClientCalls.blockingUnaryCall(ClientCalls.java:139)
	at org.apache.ratis.proto.grpc.RaftServerProtocolServiceGrpc$RaftServerProtocolServiceBlockingStub.requestVote(RaftServerProtocolServiceGrpc.java:265)
	at org.apache.ratis.grpc.server.GrpcServerProtocolClient.requestVote(GrpcServerProtocolClient.java:90)
	at org.apache.ratis.grpc.server.GrpcService.requestVote(GrpcService.java:204)
	at org.apache.ratis.server.impl.LeaderElection.lambda$submitRequests$1(LeaderElection.java:238)
	at java.util.concurrent.FutureTask.run(FutureTask.java:266)
	at java.util.concurrent.Executors$RunnableAdapter.call(Executors.java:511)
	at java.util.concurrent.FutureTask.run(FutureTask.java:266)
	at java.util.concurrent.ThreadPoolExecutor.runWorker(ThreadPoolExecutor.java:1149)
	at java.util.concurrent.ThreadPoolExecutor$Worker.run(ThreadPoolExecutor.java:624)
	... 1 more
2019-09-24 19:02:57,662 [dd51241e-7f30-423c-8baf-8925f04f92e5@group-91D416462A89:LeaderElection47] INFO  impl.RaftServerImpl (RaftServerImpl.java:setRole(174)) - dd51241e-7f30-423c-8baf-8925f04f92e5@group-91D416462A89: changes role from CANDIDATE to FOLLOWER at term 9 for DISCOVERED_A_NEW_TERM
2019-09-24 19:02:57,662 [dd51241e-7f30-423c-8baf-8925f04f92e5@group-91D416462A89:LeaderElection47] INFO  impl.RoleInfo (RoleInfo.java:shutdownLeaderElection(134)) - dd51241e-7f30-423c-8baf-8925f04f92e5: shutdown LeaderElection
2019-09-24 19:02:57,662 [dd51241e-7f30-423c-8baf-8925f04f92e5@group-91D416462A89:LeaderElection47] INFO  impl.RoleInfo (RoleInfo.java:updateAndGet(143)) - dd51241e-7f30-423c-8baf-8925f04f92e5: start FollowerState
2019-09-24 19:02:57,680 [ForkJoinPool.commonPool-worker-0] INFO  utils.BackgroundService (BackgroundService.java:shutdown(148)) - Shutting down service BlockDeletingService
2019-09-24 19:02:57,684 [ForkJoinPool.commonPool-worker-0] INFO  statemachine.DatanodeStateMachine (DatanodeStateMachine.java:stopDaemon(395)) - Ozone container server stopped.
2019-09-24 19:02:57,688 [ForkJoinPool.commonPool-worker-0] INFO  handler.ContextHandler (ContextHandler.java:doStop(910)) - Stopped o.e.j.w.WebAppContext@3c5dbdf8{/,null,UNAVAILABLE}{/hddsDatanode}
2019-09-24 19:02:57,689 [ForkJoinPool.commonPool-worker-0] INFO  server.AbstractConnector (AbstractConnector.java:doStop(318)) - Stopped ServerConnector@352c44a8{HTTP/1.1,[http/1.1]}{0.0.0.0:0}
2019-09-24 19:02:57,691 [ForkJoinPool.commonPool-worker-0] INFO  handler.ContextHandler (ContextHandler.java:doStop(910)) - Stopped o.e.j.s.ServletContextHandler@433348bc{/static,jar:file:/home/user/.m2/repository/org/apache/hadoop/hadoop-hdds-container-service/0.5.0-SNAPSHOT/hadoop-hdds-container-service-0.5.0-SNAPSHOT.jar!/webapps/static,UNAVAILABLE}
2019-09-24 19:02:57,692 [ForkJoinPool.commonPool-worker-0] INFO  handler.ContextHandler (ContextHandler.java:doStop(910)) - Stopped o.e.j.s.ServletContextHandler@5fa23c{/logs,file:///workdir/hadoop-ozone/integration-test/target/log,UNAVAILABLE}
2019-09-24 19:02:58,030 [Datanode State Machine Thread - 0] INFO  statemachine.DatanodeStateMachine (DatanodeStateMachine.java:lambda$startDaemon$0(350)) - Ozone container server started.
2019-09-24 19:02:58,787 [Thread-1317] INFO  impl.FollowerState (FollowerState.java:run(106)) - dd51241e-7f30-423c-8baf-8925f04f92e5:group-91D416462A89 changes to CANDIDATE, lastRpcTime:1124, electionTimeout:1124ms
2019-09-24 19:02:58,787 [Thread-1317] INFO  impl.RoleInfo (RoleInfo.java:shutdownFollowerState(121)) - dd51241e-7f30-423c-8baf-8925f04f92e5: shutdown FollowerState
2019-09-24 19:02:58,788 [Thread-1317] INFO  impl.RaftServerImpl (RaftServerImpl.java:setRole(174)) - dd51241e-7f30-423c-8baf-8925f04f92e5@group-91D416462A89: changes role from  FOLLOWER to CANDIDATE at term 9 for changeToCandidate
2019-09-24 19:02:58,788 [Thread-1317] INFO  impl.RoleInfo (RoleInfo.java:updateAndGet(143)) - dd51241e-7f30-423c-8baf-8925f04f92e5: start LeaderElection
2019-09-24 19:03:02,621 [dd51241e-7f30-423c-8baf-8925f04f92e5@group-91D416462A89:LeaderElection48] INFO  impl.LeaderElection (LeaderElection.java:askForVotes(182)) - dd51241e-7f30-423c-8baf-8925f04f92e5@group-91D416462A89:LeaderElection48: begin an election at term 10 for 0: [f9d00a00-bc78-4492-92ba-83defd396746:192.168.5.148:39515, 91e07af8-8ce2-4ac6-9c90-851894b34103:192.168.5.148:45771, dd51241e-7f30-423c-8baf-8925f04f92e5:192.168.5.148:35152], old=null
2019-09-24 19:03:02,631 [dd51241e-7f30-423c-8baf-8925f04f92e5@group-91D416462A89:LeaderElection48] INFO  impl.LeaderElection (LogUtils.java:infoOrTrace(149)) - dd51241e-7f30-423c-8baf-8925f04f92e5@group-91D416462A89:LeaderElection48 got exception when requesting votes: {}
java.util.concurrent.ExecutionException: org.apache.ratis.thirdparty.io.grpc.StatusRuntimeException: UNAVAILABLE: io exception
	at java.util.concurrent.FutureTask.report(FutureTask.java:122)
	at java.util.concurrent.FutureTask.get(FutureTask.java:192)
	at org.apache.ratis.server.impl.LeaderElection.waitForResults(LeaderElection.java:263)
	at org.apache.ratis.server.impl.LeaderElection.askForVotes(LeaderElection.java:201)
	at org.apache.ratis.server.impl.LeaderElection.run(LeaderElection.java:133)
	at java.lang.Thread.run(Thread.java:748)
Caused by: org.apache.ratis.thirdparty.io.grpc.StatusRuntimeException: UNAVAILABLE: io exception
	at org.apache.ratis.thirdparty.io.grpc.stub.ClientCalls.toStatusRuntimeException(ClientCalls.java:233)
	at org.apache.ratis.thirdparty.io.grpc.stub.ClientCalls.getUnchecked(ClientCalls.java:214)
	at org.apache.ratis.thirdparty.io.grpc.stub.ClientCalls.blockingUnaryCall(ClientCalls.java:139)
	at org.apache.ratis.proto.grpc.RaftServerProtocolServiceGrpc$RaftServerProtocolServiceBlockingStub.requestVote(RaftServerProtocolServiceGrpc.java:265)
	at org.apache.ratis.grpc.server.GrpcServerProtocolClient.requestVote(GrpcServerProtocolClient.java:90)
	at org.apache.ratis.grpc.server.GrpcService.requestVote(GrpcService.java:204)
	at org.apache.ratis.server.impl.LeaderElection.lambda$submitRequests$1(LeaderElection.java:238)
	at java.util.concurrent.FutureTask.run(FutureTask.java:266)
	at java.util.concurrent.Executors$RunnableAdapter.call(Executors.java:511)
	at java.util.concurrent.FutureTask.run(FutureTask.java:266)
	at java.util.concurrent.ThreadPoolExecutor.runWorker(ThreadPoolExecutor.java:1149)
	at java.util.concurrent.ThreadPoolExecutor$Worker.run(ThreadPoolExecutor.java:624)
	... 1 more
Caused by: org.apache.ratis.thirdparty.io.netty.channel.AbstractChannel$AnnotatedConnectException: Connection refused: /192.168.5.148:45771
	at sun.nio.ch.SocketChannelImpl.checkConnect(Native Method)
	at sun.nio.ch.SocketChannelImpl.finishConnect(SocketChannelImpl.java:717)
	at org.apache.ratis.thirdparty.io.netty.channel.socket.nio.NioSocketChannel.doFinishConnect(NioSocketChannel.java:327)
	at org.apache.ratis.thirdparty.io.netty.channel.nio.AbstractNioChannel$AbstractNioUnsafe.finishConnect(AbstractNioChannel.java:340)
	at org.apache.ratis.thirdparty.io.netty.channel.nio.NioEventLoop.processSelectedKey(NioEventLoop.java:632)
	at org.apache.ratis.thirdparty.io.netty.channel.nio.NioEventLoop.processSelectedKeysOptimized(NioEventLoop.java:579)
	at org.apache.ratis.thirdparty.io.netty.channel.nio.NioEventLoop.processSelectedKeys(NioEventLoop.java:496)
	at org.apache.ratis.thirdparty.io.netty.channel.nio.NioEventLoop.run(NioEventLoop.java:458)
	at org.apache.ratis.thirdparty.io.netty.util.concurrent.SingleThreadEventExecutor$5.run(SingleThreadEventExecutor.java:897)
	at org.apache.ratis.thirdparty.io.netty.util.concurrent.FastThreadLocalRunnable.run(FastThreadLocalRunnable.java:30)
	... 1 more
Caused by: java.net.ConnectException: Connection refused
	... 11 more
2019-09-24 19:03:02,638 [dd51241e-7f30-423c-8baf-8925f04f92e5@group-91D416462A89:LeaderElection48] INFO  impl.LeaderElection (LogUtils.java:infoOrTrace(149)) - dd51241e-7f30-423c-8baf-8925f04f92e5@group-91D416462A89:LeaderElection48 got exception when requesting votes: {}
java.util.concurrent.ExecutionException: org.apache.ratis.thirdparty.io.grpc.StatusRuntimeException: UNAVAILABLE: io exception
	at java.util.concurrent.FutureTask.report(FutureTask.java:122)
	at java.util.concurrent.FutureTask.get(FutureTask.java:192)
	at org.apache.ratis.server.impl.LeaderElection.waitForResults(LeaderElection.java:263)
	at org.apache.ratis.server.impl.LeaderElection.askForVotes(LeaderElection.java:201)
	at org.apache.ratis.server.impl.LeaderElection.run(LeaderElection.java:133)
	at java.lang.Thread.run(Thread.java:748)
Caused by: org.apache.ratis.thirdparty.io.grpc.StatusRuntimeException: UNAVAILABLE: io exception
	at org.apache.ratis.thirdparty.io.grpc.stub.ClientCalls.toStatusRuntimeException(ClientCalls.java:233)
	at org.apache.ratis.thirdparty.io.grpc.stub.ClientCalls.getUnchecked(ClientCalls.java:214)
	at org.apache.ratis.thirdparty.io.grpc.stub.ClientCalls.blockingUnaryCall(ClientCalls.java:139)
	at org.apache.ratis.proto.grpc.RaftServerProtocolServiceGrpc$RaftServerProtocolServiceBlockingStub.requestVote(RaftServerProtocolServiceGrpc.java:265)
	at org.apache.ratis.grpc.server.GrpcServerProtocolClient.requestVote(GrpcServerProtocolClient.java:90)
	at org.apache.ratis.grpc.server.GrpcService.requestVote(GrpcService.java:204)
	at org.apache.ratis.server.impl.LeaderElection.lambda$submitRequests$1(LeaderElection.java:238)
	at java.util.concurrent.FutureTask.run(FutureTask.java:266)
	at java.util.concurrent.Executors$RunnableAdapter.call(Executors.java:511)
	at java.util.concurrent.FutureTask.run(FutureTask.java:266)
	at java.util.concurrent.ThreadPoolExecutor.runWorker(ThreadPoolExecutor.java:1149)
	at java.util.concurrent.ThreadPoolExecutor$Worker.run(ThreadPoolExecutor.java:624)
	... 1 more
Caused by: org.apache.ratis.thirdparty.io.netty.channel.AbstractChannel$AnnotatedConnectException: Connection refused: /192.168.5.148:39515
	at sun.nio.ch.SocketChannelImpl.checkConnect(Native Method)
	at sun.nio.ch.SocketChannelImpl.finishConnect(SocketChannelImpl.java:717)
	at org.apache.ratis.thirdparty.io.netty.channel.socket.nio.NioSocketChannel.doFinishConnect(NioSocketChannel.java:327)
	at org.apache.ratis.thirdparty.io.netty.channel.nio.AbstractNioChannel$AbstractNioUnsafe.finishConnect(AbstractNioChannel.java:340)
	at org.apache.ratis.thirdparty.io.netty.channel.nio.NioEventLoop.processSelectedKey(NioEventLoop.java:632)
	at org.apache.ratis.thirdparty.io.netty.channel.nio.NioEventLoop.processSelectedKeysOptimized(NioEventLoop.java:579)
	at org.apache.ratis.thirdparty.io.netty.channel.nio.NioEventLoop.processSelectedKeys(NioEventLoop.java:496)
	at org.apache.ratis.thirdparty.io.netty.channel.nio.NioEventLoop.run(NioEventLoop.java:458)
	at org.apache.ratis.thirdparty.io.netty.util.concurrent.SingleThreadEventExecutor$5.run(SingleThreadEventExecutor.java:897)
	at org.apache.ratis.thirdparty.io.netty.util.concurrent.FastThreadLocalRunnable.run(FastThreadLocalRunnable.java:30)
	... 1 more
Caused by: java.net.ConnectException: Connection refused
	... 11 more
2019-09-24 19:03:02,644 [dd51241e-7f30-423c-8baf-8925f04f92e5@group-91D416462A89:LeaderElection48] INFO  impl.LeaderElection (LeaderElection.java:logAndReturn(56)) - dd51241e-7f30-423c-8baf-8925f04f92e5@group-91D416462A89:LeaderElection48: Election REJECTED; received 0 response(s) [] and 2 exception(s); dd51241e-7f30-423c-8baf-8925f04f92e5@group-91D416462A89:t10, leader=null, voted=dd51241e-7f30-423c-8baf-8925f04f92e5, raftlog=dd51241e-7f30-423c-8baf-8925f04f92e5@group-91D416462A89-SegmentedRaftLog:OPENED:c2,f2,i2, conf=0: [f9d00a00-bc78-4492-92ba-83defd396746:192.168.5.148:39515, 91e07af8-8ce2-4ac6-9c90-851894b34103:192.168.5.148:45771, dd51241e-7f30-423c-8baf-8925f04f92e5:192.168.5.148:35152], old=null
2019-09-24 19:03:02,645 [dd51241e-7f30-423c-8baf-8925f04f92e5@group-91D416462A89:LeaderElection48] INFO  impl.LeaderElection (LogUtils.java:infoOrTrace(149)) -   Exception 0: {}
java.util.concurrent.ExecutionException: org.apache.ratis.thirdparty.io.grpc.StatusRuntimeException: UNAVAILABLE: io exception
	at java.util.concurrent.FutureTask.report(FutureTask.java:122)
	at java.util.concurrent.FutureTask.get(FutureTask.java:192)
	at org.apache.ratis.server.impl.LeaderElection.waitForResults(LeaderElection.java:263)
	at org.apache.ratis.server.impl.LeaderElection.askForVotes(LeaderElection.java:201)
	at org.apache.ratis.server.impl.LeaderElection.run(LeaderElection.java:133)
	at java.lang.Thread.run(Thread.java:748)
Caused by: org.apache.ratis.thirdparty.io.grpc.StatusRuntimeException: UNAVAILABLE: io exception
	at org.apache.ratis.thirdparty.io.grpc.stub.ClientCalls.toStatusRuntimeException(ClientCalls.java:233)
	at org.apache.ratis.thirdparty.io.grpc.stub.ClientCalls.getUnchecked(ClientCalls.java:214)
	at org.apache.ratis.thirdparty.io.grpc.stub.ClientCalls.blockingUnaryCall(ClientCalls.java:139)
	at org.apache.ratis.proto.grpc.RaftServerProtocolServiceGrpc$RaftServerProtocolServiceBlockingStub.requestVote(RaftServerProtocolServiceGrpc.java:265)
	at org.apache.ratis.grpc.server.GrpcServerProtocolClient.requestVote(GrpcServerProtocolClient.java:90)
	at org.apache.ratis.grpc.server.GrpcService.requestVote(GrpcService.java:204)
	at org.apache.ratis.server.impl.LeaderElection.lambda$submitRequests$1(LeaderElection.java:238)
	at java.util.concurrent.FutureTask.run(FutureTask.java:266)
	at java.util.concurrent.Executors$RunnableAdapter.call(Executors.java:511)
	at java.util.concurrent.FutureTask.run(FutureTask.java:266)
	at java.util.concurrent.ThreadPoolExecutor.runWorker(ThreadPoolExecutor.java:1149)
	at java.util.concurrent.ThreadPoolExecutor$Worker.run(ThreadPoolExecutor.java:624)
	... 1 more
Caused by: org.apache.ratis.thirdparty.io.netty.channel.AbstractChannel$AnnotatedConnectException: Connection refused: /192.168.5.148:45771
	at sun.nio.ch.SocketChannelImpl.checkConnect(Native Method)
	at sun.nio.ch.SocketChannelImpl.finishConnect(SocketChannelImpl.java:717)
	at org.apache.ratis.thirdparty.io.netty.channel.socket.nio.NioSocketChannel.doFinishConnect(NioSocketChannel.java:327)
	at org.apache.ratis.thirdparty.io.netty.channel.nio.AbstractNioChannel$AbstractNioUnsafe.finishConnect(AbstractNioChannel.java:340)
	at org.apache.ratis.thirdparty.io.netty.channel.nio.NioEventLoop.processSelectedKey(NioEventLoop.java:632)
	at org.apache.ratis.thirdparty.io.netty.channel.nio.NioEventLoop.processSelectedKeysOptimized(NioEventLoop.java:579)
	at org.apache.ratis.thirdparty.io.netty.channel.nio.NioEventLoop.processSelectedKeys(NioEventLoop.java:496)
	at org.apache.ratis.thirdparty.io.netty.channel.nio.NioEventLoop.run(NioEventLoop.java:458)
	at org.apache.ratis.thirdparty.io.netty.util.concurrent.SingleThreadEventExecutor$5.run(SingleThreadEventExecutor.java:897)
	at org.apache.ratis.thirdparty.io.netty.util.concurrent.FastThreadLocalRunnable.run(FastThreadLocalRunnable.java:30)
	... 1 more
Caused by: java.net.ConnectException: Connection refused
	... 11 more
2019-09-24 19:03:02,645 [dd51241e-7f30-423c-8baf-8925f04f92e5@group-91D416462A89:LeaderElection48] INFO  impl.LeaderElection (LogUtils.java:infoOrTrace(149)) -   Exception 1: {}
java.util.concurrent.ExecutionException: org.apache.ratis.thirdparty.io.grpc.StatusRuntimeException: UNAVAILABLE: io exception
	at java.util.concurrent.FutureTask.report(FutureTask.java:122)
	at java.util.concurrent.FutureTask.get(FutureTask.java:192)
	at org.apache.ratis.server.impl.LeaderElection.waitForResults(LeaderElection.java:263)
	at org.apache.ratis.server.impl.LeaderElection.askForVotes(LeaderElection.java:201)
	at org.apache.ratis.server.impl.LeaderElection.run(LeaderElection.java:133)
	at java.lang.Thread.run(Thread.java:748)
Caused by: org.apache.ratis.thirdparty.io.grpc.StatusRuntimeException: UNAVAILABLE: io exception
	at org.apache.ratis.thirdparty.io.grpc.stub.ClientCalls.toStatusRuntimeException(ClientCalls.java:233)
	at org.apache.ratis.thirdparty.io.grpc.stub.ClientCalls.getUnchecked(ClientCalls.java:214)
	at org.apache.ratis.thirdparty.io.grpc.stub.ClientCalls.blockingUnaryCall(ClientCalls.java:139)
	at org.apache.ratis.proto.grpc.RaftServerProtocolServiceGrpc$RaftServerProtocolServiceBlockingStub.requestVote(RaftServerProtocolServiceGrpc.java:265)
	at org.apache.ratis.grpc.server.GrpcServerProtocolClient.requestVote(GrpcServerProtocolClient.java:90)
	at org.apache.ratis.grpc.server.GrpcService.requestVote(GrpcService.java:204)
	at org.apache.ratis.server.impl.LeaderElection.lambda$submitRequests$1(LeaderElection.java:238)
	at java.util.concurrent.FutureTask.run(FutureTask.java:266)
	at java.util.concurrent.Executors$RunnableAdapter.call(Executors.java:511)
	at java.util.concurrent.FutureTask.run(FutureTask.java:266)
	at java.util.concurrent.ThreadPoolExecutor.runWorker(ThreadPoolExecutor.java:1149)
	at java.util.concurrent.ThreadPoolExecutor$Worker.run(ThreadPoolExecutor.java:624)
	... 1 more
Caused by: org.apache.ratis.thirdparty.io.netty.channel.AbstractChannel$AnnotatedConnectException: Connection refused: /192.168.5.148:39515
	at sun.nio.ch.SocketChannelImpl.checkConnect(Native Method)
	at sun.nio.ch.SocketChannelImpl.finishConnect(SocketChannelImpl.java:717)
	at org.apache.ratis.thirdparty.io.netty.channel.socket.nio.NioSocketChannel.doFinishConnect(NioSocketChannel.java:327)
	at org.apache.ratis.thirdparty.io.netty.channel.nio.AbstractNioChannel$AbstractNioUnsafe.finishConnect(AbstractNioChannel.java:340)
	at org.apache.ratis.thirdparty.io.netty.channel.nio.NioEventLoop.processSelectedKey(NioEventLoop.java:632)
	at org.apache.ratis.thirdparty.io.netty.channel.nio.NioEventLoop.processSelectedKeysOptimized(NioEventLoop.java:579)
	at org.apache.ratis.thirdparty.io.netty.channel.nio.NioEventLoop.processSelectedKeys(NioEventLoop.java:496)
	at org.apache.ratis.thirdparty.io.netty.channel.nio.NioEventLoop.run(NioEventLoop.java:458)
	at org.apache.ratis.thirdparty.io.netty.util.concurrent.SingleThreadEventExecutor$5.run(SingleThreadEventExecutor.java:897)
	at org.apache.ratis.thirdparty.io.netty.util.concurrent.FastThreadLocalRunnable.run(FastThreadLocalRunnable.java:30)
	... 1 more
Caused by: java.net.ConnectException: Connection refused
	... 11 more
2019-09-24 19:03:02,647 [dd51241e-7f30-423c-8baf-8925f04f92e5@group-91D416462A89:LeaderElection48] INFO  impl.RaftServerImpl (RaftServerImpl.java:setRole(174)) - dd51241e-7f30-423c-8baf-8925f04f92e5@group-91D416462A89: changes role from CANDIDATE to FOLLOWER at term 10 for DISCOVERED_A_NEW_TERM
2019-09-24 19:03:02,647 [dd51241e-7f30-423c-8baf-8925f04f92e5@group-91D416462A89:LeaderElection48] INFO  impl.RoleInfo (RoleInfo.java:shutdownLeaderElection(134)) - dd51241e-7f30-423c-8baf-8925f04f92e5: shutdown LeaderElection
2019-09-24 19:03:02,647 [dd51241e-7f30-423c-8baf-8925f04f92e5@group-91D416462A89:LeaderElection48] INFO  impl.RoleInfo (RoleInfo.java:updateAndGet(143)) - dd51241e-7f30-423c-8baf-8925f04f92e5: start FollowerState
2019-09-24 19:03:02,694 [ForkJoinPool.commonPool-worker-0] INFO  ozoneimpl.OzoneContainer (OzoneContainer.java:stop(231)) - Attempting to stop container services.
2019-09-24 19:03:02,696 [ForkJoinPool.commonPool-worker-0] INFO  impl.RaftServerProxy (RaftServerProxy.java:lambda$close$4(314)) - dd51241e-7f30-423c-8baf-8925f04f92e5: close
2019-09-24 19:03:02,697 [ForkJoinPool.commonPool-worker-0] INFO  impl.RaftServerImpl (RaftServerImpl.java:lambda$shutdown$3(251)) - dd51241e-7f30-423c-8baf-8925f04f92e5@group-D7C3E79DF6C7: shutdown
2019-09-24 19:03:02,697 [ForkJoinPool.commonPool-worker-0] INFO  util.JmxRegister (JmxRegister.java:unregister(73)) - Successfully un-registered JMX Bean with object name Ratis:service=RaftServer,group=group-D7C3E79DF6C7,id=dd51241e-7f30-423c-8baf-8925f04f92e5
2019-09-24 19:03:02,698 [ForkJoinPool.commonPool-worker-0] INFO  impl.RoleInfo (RoleInfo.java:shutdownLeaderState(104)) - dd51241e-7f30-423c-8baf-8925f04f92e5: shutdown LeaderState
2019-09-24 19:03:02,698 [ForkJoinPool.commonPool-worker-0] INFO  impl.PendingRequests (PendingRequests.java:sendNotLeaderResponses(202)) - dd51241e-7f30-423c-8baf-8925f04f92e5-PendingRequests: sendNotLeaderResponses
2019-09-24 19:03:02,699 [ForkJoinPool.commonPool-worker-0] INFO  impl.StateMachineUpdater (StateMachineUpdater.java:stopAndJoin(125)) - dd51241e-7f30-423c-8baf-8925f04f92e5@group-D7C3E79DF6C7-StateMachineUpdater: set stopIndex = 0
2019-09-24 19:03:02,700 [ForkJoinPool.commonPool-worker-0] INFO  impl.RaftServerImpl (ServerState.java:close(385)) - dd51241e-7f30-423c-8baf-8925f04f92e5@group-D7C3E79DF6C7: closes. applyIndex: 0
2019-09-24 19:03:02,700 [dd51241e-7f30-423c-8baf-8925f04f92e5@group-D7C3E79DF6C7-SegmentedRaftLogWorker] INFO  segmented.SegmentedRaftLogWorker (SegmentedRaftLogWorker.java:run(313)) - dd51241e-7f30-423c-8baf-8925f04f92e5@group-D7C3E79DF6C7-SegmentedRaftLogWorker was interrupted, exiting. There are 0 tasks remaining in the queue.
2019-09-24 19:03:02,701 [ForkJoinPool.commonPool-worker-0] INFO  segmented.SegmentedRaftLogWorker (SegmentedRaftLogWorker.java:close(228)) - dd51241e-7f30-423c-8baf-8925f04f92e5@group-D7C3E79DF6C7-SegmentedRaftLogWorker close()
2019-09-24 19:03:02,702 [ForkJoinPool.commonPool-worker-0] INFO  impl.RaftServerImpl (RaftServerImpl.java:lambda$shutdown$3(251)) - dd51241e-7f30-423c-8baf-8925f04f92e5@group-91D416462A89: shutdown
2019-09-24 19:03:02,702 [ForkJoinPool.commonPool-worker-0] INFO  util.JmxRegister (JmxRegister.java:unregister(73)) - Successfully un-registered JMX Bean with object name Ratis:service=RaftServer,group=group-91D416462A89,id=dd51241e-7f30-423c-8baf-8925f04f92e5
2019-09-24 19:03:02,703 [ForkJoinPool.commonPool-worker-0] INFO  impl.RoleInfo (RoleInfo.java:shutdownFollowerState(121)) - dd51241e-7f30-423c-8baf-8925f04f92e5: shutdown FollowerState
2019-09-24 19:03:02,703 [ForkJoinPool.commonPool-worker-0] INFO  impl.StateMachineUpdater (StateMachineUpdater.java:stopAndJoin(125)) - dd51241e-7f30-423c-8baf-8925f04f92e5@group-91D416462A89-StateMachineUpdater: set stopIndex = 2
2019-09-24 19:03:02,703 [dd51241e-7f30-423c-8baf-8925f04f92e5@group-91D416462A89-StateMachineUpdater] INFO  ratis.ContainerStateMachine (ContainerStateMachine.java:takeSnapshot(289)) - group-91D416462A89: Taking a snapshot at:(t:2, i:1) file /workdir/hadoop-ozone/integration-test/target/test-dir/MiniOzoneClusterImpl-347bc0d8-8dc7-46c0-bd0b-f626cebf696e/datanode-1/data/ratis/1fa6406a-2613-4140-9828-91d416462a89/sm/snapshot.2_1
2019-09-24 19:03:02,703 [Thread-1321] INFO  impl.FollowerState (FollowerState.java:run(115)) - dd51241e-7f30-423c-8baf-8925f04f92e5: FollowerState was interrupted: java.lang.InterruptedException: sleep interrupted
2019-09-24 19:03:07,785 [dd51241e-7f30-423c-8baf-8925f04f92e5@group-91D416462A89-StateMachineUpdater] INFO  ratis.ContainerStateMachine (ContainerStateMachine.java:takeSnapshot(300)) - group-91D416462A89: Finished taking a snapshot at:(t:2, i:1) file:/workdir/hadoop-ozone/integration-test/target/test-dir/MiniOzoneClusterImpl-347bc0d8-8dc7-46c0-bd0b-f626cebf696e/datanode-1/data/ratis/1fa6406a-2613-4140-9828-91d416462a89/sm/snapshot.2_1 time:5081
2019-09-24 19:03:07,786 [dd51241e-7f30-423c-8baf-8925f04f92e5@group-91D416462A89-StateMachineUpdater] INFO  impl.StateMachineUpdater (StateMachineUpdater.java:takeSnapshot(258)) - dd51241e-7f30-423c-8baf-8925f04f92e5@group-91D416462A89-StateMachineUpdater: Took a snapshot at index 1
2019-09-24 19:03:07,787 [dd51241e-7f30-423c-8baf-8925f04f92e5@group-91D416462A89-StateMachineUpdater] INFO  impl.StateMachineUpdater (StateMachineUpdater.java:lambda$new$0(83)) - dd51241e-7f30-423c-8baf-8925f04f92e5@group-91D416462A89-StateMachineUpdater: snapshotIndex: updateIncreasingly -1 -> 1
2019-09-24 19:03:07,788 [dd51241e-7f30-423c-8baf-8925f04f92e5@group-91D416462A89-StateMachineUpdater] INFO  ratis.ContainerStateMachine (ContainerStateMachine.java:takeSnapshot(289)) - group-91D416462A89: Taking a snapshot at:(t:2, i:1) file /workdir/hadoop-ozone/integration-test/target/test-dir/MiniOzoneClusterImpl-347bc0d8-8dc7-46c0-bd0b-f626cebf696e/datanode-1/data/ratis/1fa6406a-2613-4140-9828-91d416462a89/sm/snapshot.2_1
2019-09-24 19:03:13,160 [dd51241e-7f30-423c-8baf-8925f04f92e5@group-91D416462A89-StateMachineUpdater] INFO  ratis.ContainerStateMachine (ContainerStateMachine.java:takeSnapshot(300)) - group-91D416462A89: Finished taking a snapshot at:(t:2, i:1) file:/workdir/hadoop-ozone/integration-test/target/test-dir/MiniOzoneClusterImpl-347bc0d8-8dc7-46c0-bd0b-f626cebf696e/datanode-1/data/ratis/1fa6406a-2613-4140-9828-91d416462a89/sm/snapshot.2_1 time:5371
2019-09-24 19:03:13,163 [dd51241e-7f30-423c-8baf-8925f04f92e5@group-91D416462A89-StateMachineUpdater] INFO  impl.StateMachineUpdater (StateMachineUpdater.java:takeSnapshot(258)) - dd51241e-7f30-423c-8baf-8925f04f92e5@group-91D416462A89-StateMachineUpdater: Took a snapshot at index 1
2019-09-24 19:03:13,164 [dd51241e-7f30-423c-8baf-8925f04f92e5@group-91D416462A89-StateMachineUpdater] INFO  impl.StateMachineUpdater (StateMachineUpdater.java:lambda$new$0(83)) - dd51241e-7f30-423c-8baf-8925f04f92e5@group-91D416462A89-StateMachineUpdater: snapshotIndex: updateIncreasingly 1 -> 1
2019-09-24 19:03:13,166 [ForkJoinPool.commonPool-worker-0] INFO  impl.RaftServerImpl (ServerState.java:close(385)) - dd51241e-7f30-423c-8baf-8925f04f92e5@group-91D416462A89: closes. applyIndex: 2
2019-09-24 19:03:13,167 [dd51241e-7f30-423c-8baf-8925f04f92e5@group-91D416462A89-SegmentedRaftLogWorker] INFO  segmented.SegmentedRaftLogWorker (SegmentedRaftLogWorker.java:run(313)) - dd51241e-7f30-423c-8baf-8925f04f92e5@group-91D416462A89-SegmentedRaftLogWorker was interrupted, exiting. There are 0 tasks remaining in the queue.
2019-09-24 19:03:13,167 [ForkJoinPool.commonPool-worker-0] INFO  segmented.SegmentedRaftLogWorker (SegmentedRaftLogWorker.java:close(228)) - dd51241e-7f30-423c-8baf-8925f04f92e5@group-91D416462A89-SegmentedRaftLogWorker close()
2019-09-24 19:03:13,172 [ForkJoinPool.commonPool-worker-0] INFO  server.GrpcService (GrpcService.java:closeImpl(164)) - dd51241e-7f30-423c-8baf-8925f04f92e5: shutdown server with port 35152 now
2019-09-24 19:03:13,173 [ForkJoinPool.commonPool-worker-0] INFO  server.GrpcService (GrpcService.java:closeImpl(172)) - dd51241e-7f30-423c-8baf-8925f04f92e5: shutdown server with port 35152 successfully
2019-09-24 19:03:13,174 [refreshUsed-/workdir/hadoop-ozone/integration-test/target/test-dir/MiniOzoneClusterImpl-347bc0d8-8dc7-46c0-bd0b-f626cebf696e/datanode-1/data/containers] WARN  fs.CachingGetSpaceUsed (CachingGetSpaceUsed.java:run(183)) - Thread Interrupted waiting to refresh disk information: sleep interrupted
2019-09-24 19:03:13,192 [ForkJoinPool.commonPool-worker-0] INFO  utils.BackgroundService (BackgroundService.java:shutdown(148)) - Shutting down service BlockDeletingService
2019-09-24 19:03:13,195 [ForkJoinPool.commonPool-worker-0] INFO  statemachine.DatanodeStateMachine (DatanodeStateMachine.java:stopDaemon(395)) - Ozone container server stopped.
2019-09-24 19:03:13,199 [ForkJoinPool.commonPool-worker-0] INFO  handler.ContextHandler (ContextHandler.java:doStop(910)) - Stopped o.e.j.w.WebAppContext@1422ac7f{/,null,UNAVAILABLE}{/hddsDatanode}
2019-09-24 19:03:13,200 [ForkJoinPool.commonPool-worker-0] INFO  server.AbstractConnector (AbstractConnector.java:doStop(318)) - Stopped ServerConnector@5e519ad3{HTTP/1.1,[http/1.1]}{0.0.0.0:0}
2019-09-24 19:03:13,201 [ForkJoinPool.commonPool-worker-0] INFO  handler.ContextHandler (ContextHandler.java:doStop(910)) - Stopped o.e.j.s.ServletContextHandler@277b8fa4{/static,jar:file:/home/user/.m2/repository/org/apache/hadoop/hadoop-hdds-container-service/0.5.0-SNAPSHOT/hadoop-hdds-container-service-0.5.0-SNAPSHOT.jar!/webapps/static,UNAVAILABLE}
2019-09-24 19:03:13,202 [ForkJoinPool.commonPool-worker-0] INFO  handler.ContextHandler (ContextHandler.java:doStop(910)) - Stopped o.e.j.s.ServletContextHandler@625d9132{/logs,file:///workdir/hadoop-ozone/integration-test/target/log,UNAVAILABLE}
2019-09-24 19:03:13,203 [main] INFO  ozone.MiniOzoneClusterImpl (MiniOzoneClusterImpl.java:stopSCM(392)) - Stopping the StorageContainerManager
2019-09-24 19:03:13,203 [main] INFO  server.StorageContainerManager (StorageContainerManager.java:stop(808)) - Stopping Replication Manager Service.
2019-09-24 19:03:13,203 [main] INFO  container.ReplicationManager (ReplicationManager.java:stop(203)) - Stopping Replication Monitor Thread.
2019-09-24 19:03:13,204 [main] INFO  server.StorageContainerManager (StorageContainerManager.java:stop(815)) - Stopping Lease Manager of the command watchers
2019-09-24 19:03:13,204 [main] INFO  server.StorageContainerManager (StorageContainerManager.java:stop(822)) - Stopping datanode service RPC server
2019-09-24 19:03:13,205 [main] INFO  server.SCMDatanodeProtocolServer (SCMDatanodeProtocolServer.java:stop(367)) - Stopping the RPC server for DataNodes
2019-09-24 19:03:13,205 [main] INFO  ipc.Server (Server.java:stop(3082)) - Stopping server on 38486
2019-09-24 19:03:13,208 [IPC Server listener on 38486] INFO  ipc.Server (Server.java:run(1185)) - Stopping IPC Server listener on 38486
2019-09-24 19:03:13,208 [IPC Server Responder] INFO  ipc.Server (Server.java:run(1319)) - Stopping IPC Server Responder
2019-09-24 19:03:13,226 [SCM Heartbeat Processing Thread - 0] WARN  node.NodeStateManager (NodeStateManager.java:scheduleNextHealthCheck(646)) - Current Thread is interrupted, shutting down HB processing thread for Node Manager.
2019-09-24 19:03:13,226 [main] INFO  server.StorageContainerManager (StorageContainerManager.java:stop(830)) - Stopping block service RPC server
2019-09-24 19:03:13,227 [main] INFO  server.SCMBlockProtocolServer (SCMBlockProtocolServer.java:stop(155)) - Stopping the RPC server for Block Protocol
2019-09-24 19:03:13,227 [main] INFO  ipc.Server (Server.java:stop(3082)) - Stopping server on 38825
2019-09-24 19:03:13,230 [IPC Server listener on 38825] INFO  ipc.Server (Server.java:run(1185)) - Stopping IPC Server listener on 38825
2019-09-24 19:03:13,230 [main] INFO  server.StorageContainerManager (StorageContainerManager.java:stop(837)) - Stopping the StorageContainerLocationProtocol RPC server
2019-09-24 19:03:13,230 [IPC Server Responder] INFO  ipc.Server (Server.java:run(1319)) - Stopping IPC Server Responder
2019-09-24 19:03:13,231 [main] INFO  server.SCMClientProtocolServer (SCMClientProtocolServer.java:stop(159)) - Stopping the RPC server for Client Protocol
2019-09-24 19:03:13,231 [main] INFO  ipc.Server (Server.java:stop(3082)) - Stopping server on 40052
2019-09-24 19:03:13,233 [IPC Server listener on 40052] INFO  ipc.Server (Server.java:run(1185)) - Stopping IPC Server listener on 40052
2019-09-24 19:03:13,233 [main] INFO  server.StorageContainerManager (StorageContainerManager.java:stop(844)) - Stopping Storage Container Manager HTTP server.
2019-09-24 19:03:13,234 [IPC Server Responder] INFO  ipc.Server (Server.java:run(1319)) - Stopping IPC Server Responder
2019-09-24 19:03:13,235 [main] INFO  handler.ContextHandler (ContextHandler.java:doStop(910)) - Stopped o.e.j.w.WebAppContext@660e9100{/,null,UNAVAILABLE}{/scm}
2019-09-24 19:03:13,235 [main] INFO  server.AbstractConnector (AbstractConnector.java:doStop(318)) - Stopped ServerConnector@5aabbb29{HTTP/1.1,[http/1.1]}{0.0.0.0:0}
2019-09-24 19:03:13,236 [main] INFO  handler.ContextHandler (ContextHandler.java:doStop(910)) - Stopped o.e.j.s.ServletContextHandler@1d131e1b{/static,file:///workdir/hadoop-ozone/integration-test/target/test-classes/webapps/static,UNAVAILABLE}
2019-09-24 19:03:13,236 [main] INFO  handler.ContextHandler (ContextHandler.java:doStop(910)) - Stopped o.e.j.s.ServletContextHandler@2f17e30d{/logs,file:///workdir/hadoop-ozone/integration-test/target/log,UNAVAILABLE}
2019-09-24 19:03:13,237 [main] INFO  server.StorageContainerManager (StorageContainerManager.java:stop(855)) - Stopping Block Manager Service.
2019-09-24 19:03:13,237 [main] INFO  utils.BackgroundService (BackgroundService.java:shutdown(148)) - Shutting down service SCMBlockDeletingService
2019-09-24 19:03:13,237 [main] INFO  utils.BackgroundService (BackgroundService.java:shutdown(148)) - Shutting down service SCMBlockDeletingService
2019-09-24 19:03:13,238 [main] INFO  server.StorageContainerManager (StorageContainerManager.java:stop(877)) - Stopping SCM Event Queue.
2019-09-24 19:03:13,247 [main] INFO  impl.MetricsSystemImpl (MetricsSystemImpl.java:stop(210)) - Stopping XceiverClientMetrics metrics system...
2019-09-24 19:03:13,257 [prometheus] INFO  impl.MetricsSinkAdapter (MetricsSinkAdapter.java:publishMetricsFromQueue(141)) - prometheus thread interrupted.
2019-09-24 19:03:13,257 [main] INFO  impl.MetricsSystemImpl (MetricsSystemImpl.java:stop(216)) - XceiverClientMetrics metrics system stopped.
]]></system-out>
    <system-err><![CDATA[ERROR StatusLogger No Log4j 2 configuration file found. Using default configuration (logging only errors to the console), or user programmatically provided configurations. Set system property 'log4j2.debug' to show Log4j 2 internal initialization logging. See https://logging.apache.org/log4j/2.x/manual/configuration.html for instructions on how to configure Log4j 2
Sep 24, 2019 7:02:36 PM org.apache.ratis.thirdparty.io.grpc.internal.SerializingExecutor run
SEVERE: Exception while executing runnable org.apache.ratis.thirdparty.io.grpc.internal.ServerImpl$JumpToApplicationThreadServerStreamListener$1Closed@4d937b88
org.apache.ratis.thirdparty.io.grpc.StatusRuntimeException: CANCELLED: call already cancelled
	at org.apache.ratis.thirdparty.io.grpc.Status.asRuntimeException(Status.java:517)
	at org.apache.ratis.thirdparty.io.grpc.stub.ServerCalls$ServerCallStreamObserverImpl.onCompleted(ServerCalls.java:356)
	at org.apache.ratis.grpc.server.GrpcServerProtocolService$ServerRequestStreamObserver.onError(GrpcServerProtocolService.java:121)
	at org.apache.ratis.thirdparty.io.grpc.stub.ServerCalls$StreamingServerCallHandler$StreamingServerCallListener.onCancel(ServerCalls.java:269)
	at org.apache.ratis.thirdparty.io.grpc.internal.ServerCallImpl$ServerStreamListenerImpl.closed(ServerCallImpl.java:293)
	at org.apache.ratis.thirdparty.io.grpc.internal.ServerImpl$JumpToApplicationThreadServerStreamListener$1Closed.runInContext(ServerImpl.java:741)
	at org.apache.ratis.thirdparty.io.grpc.internal.ContextRunnable.run(ContextRunnable.java:37)
	at org.apache.ratis.thirdparty.io.grpc.internal.SerializingExecutor.run(SerializingExecutor.java:123)
	at java.util.concurrent.ThreadPoolExecutor.runWorker(ThreadPoolExecutor.java:1149)
	at java.util.concurrent.ThreadPoolExecutor$Worker.run(ThreadPoolExecutor.java:624)
	at java.lang.Thread.run(Thread.java:748)

Sep 24, 2019 7:02:36 PM org.apache.ratis.thirdparty.io.grpc.internal.SerializingExecutor run
SEVERE: Exception while executing runnable org.apache.ratis.thirdparty.io.grpc.internal.ServerImpl$JumpToApplicationThreadServerStreamListener$1Closed@42f6f0b2
org.apache.ratis.thirdparty.io.grpc.StatusRuntimeException: CANCELLED: call already cancelled
	at org.apache.ratis.thirdparty.io.grpc.Status.asRuntimeException(Status.java:517)
	at org.apache.ratis.thirdparty.io.grpc.stub.ServerCalls$ServerCallStreamObserverImpl.onCompleted(ServerCalls.java:356)
	at org.apache.ratis.grpc.server.GrpcServerProtocolService$ServerRequestStreamObserver.onError(GrpcServerProtocolService.java:121)
	at org.apache.ratis.thirdparty.io.grpc.stub.ServerCalls$StreamingServerCallHandler$StreamingServerCallListener.onCancel(ServerCalls.java:269)
	at org.apache.ratis.thirdparty.io.grpc.internal.ServerCallImpl$ServerStreamListenerImpl.closed(ServerCallImpl.java:293)
	at org.apache.ratis.thirdparty.io.grpc.internal.ServerImpl$JumpToApplicationThreadServerStreamListener$1Closed.runInContext(ServerImpl.java:741)
	at org.apache.ratis.thirdparty.io.grpc.internal.ContextRunnable.run(ContextRunnable.java:37)
	at org.apache.ratis.thirdparty.io.grpc.internal.SerializingExecutor.run(SerializingExecutor.java:123)
	at java.util.concurrent.ThreadPoolExecutor.runWorker(ThreadPoolExecutor.java:1149)
	at java.util.concurrent.ThreadPoolExecutor$Worker.run(ThreadPoolExecutor.java:624)
	at java.lang.Thread.run(Thread.java:748)

]]></system-err>
  </testcase>
  <testcase name="testContainerExclusionWithClosedContainerException" classname="org.apache.hadoop.ozone.client.rpc.TestFailureHandlingByClient" time="86.444"/>
  <testcase name="testWriteSmallFile" classname="org.apache.hadoop.ozone.client.rpc.TestFailureHandlingByClient" time="115.601">
    <error message="Allocated 0 blocks. Requested 1 blocks" type="INTERNAL_ERROR org.apache.hadoop.ozone.om.exceptions.OMException">INTERNAL_ERROR org.apache.hadoop.ozone.om.exceptions.OMException: Allocated 0 blocks. Requested 1 blocks
	at org.apache.hadoop.ozone.om.protocolPB.OzoneManagerProtocolClientSideTranslatorPB.handleError(OzoneManagerProtocolClientSideTranslatorPB.java:732)
	at org.apache.hadoop.ozone.om.protocolPB.OzoneManagerProtocolClientSideTranslatorPB.openKey(OzoneManagerProtocolClientSideTranslatorPB.java:723)
	at sun.reflect.NativeMethodAccessorImpl.invoke0(Native Method)
	at sun.reflect.NativeMethodAccessorImpl.invoke(NativeMethodAccessorImpl.java:62)
	at sun.reflect.DelegatingMethodAccessorImpl.invoke(DelegatingMethodAccessorImpl.java:43)
	at java.lang.reflect.Method.invoke(Method.java:498)
	at org.apache.hadoop.hdds.tracing.TraceAllMethod.invoke(TraceAllMethod.java:66)
	at com.sun.proxy.$Proxy36.openKey(Unknown Source)
	at org.apache.hadoop.ozone.client.rpc.RpcClient.createKey(RpcClient.java:614)
	at org.apache.hadoop.ozone.client.OzoneBucket.createKey(OzoneBucket.java:325)
	at org.apache.hadoop.ozone.container.ContainerTestHelper.createKey(ContainerTestHelper.java:695)
	at org.apache.hadoop.ozone.client.rpc.TestFailureHandlingByClient.createKey(TestFailureHandlingByClient.java:408)
	at org.apache.hadoop.ozone.client.rpc.TestFailureHandlingByClient.testWriteSmallFile(TestFailureHandlingByClient.java:180)
	at sun.reflect.NativeMethodAccessorImpl.invoke0(Native Method)
	at sun.reflect.NativeMethodAccessorImpl.invoke(NativeMethodAccessorImpl.java:62)
	at sun.reflect.DelegatingMethodAccessorImpl.invoke(DelegatingMethodAccessorImpl.java:43)
	at java.lang.reflect.Method.invoke(Method.java:498)
	at org.junit.runners.model.FrameworkMethod$1.runReflectiveCall(FrameworkMethod.java:47)
	at org.junit.internal.runners.model.ReflectiveCallable.run(ReflectiveCallable.java:12)
	at org.junit.runners.model.FrameworkMethod.invokeExplosively(FrameworkMethod.java:44)
	at org.junit.internal.runners.statements.InvokeMethod.evaluate(InvokeMethod.java:17)
	at org.junit.internal.runners.statements.RunAfters.evaluate(RunAfters.java:27)
	at org.junit.runners.ParentRunner.runLeaf(ParentRunner.java:271)
	at org.junit.runners.BlockJUnit4ClassRunner.runChild(BlockJUnit4ClassRunner.java:70)
	at org.junit.runners.BlockJUnit4ClassRunner.runChild(BlockJUnit4ClassRunner.java:50)
	at org.junit.runners.ParentRunner$3.run(ParentRunner.java:238)
	at org.junit.runners.ParentRunner$1.schedule(ParentRunner.java:63)
	at org.junit.runners.ParentRunner.runChildren(ParentRunner.java:236)
	at org.junit.runners.ParentRunner.access$000(ParentRunner.java:53)
	at org.junit.runners.ParentRunner$2.evaluate(ParentRunner.java:229)
	at org.junit.runners.ParentRunner.run(ParentRunner.java:309)
	at org.apache.maven.surefire.junit4.JUnit4Provider.execute(JUnit4Provider.java:365)
	at org.apache.maven.surefire.junit4.JUnit4Provider.executeWithRerun(JUnit4Provider.java:273)
	at org.apache.maven.surefire.junit4.JUnit4Provider.executeTestSet(JUnit4Provider.java:238)
	at org.apache.maven.surefire.junit4.JUnit4Provider.invoke(JUnit4Provider.java:159)
	at org.apache.maven.surefire.booter.ForkedBooter.invokeProviderInSameClassLoader(ForkedBooter.java:384)
	at org.apache.maven.surefire.booter.ForkedBooter.runSuitesInProcess(ForkedBooter.java:345)
	at org.apache.maven.surefire.booter.ForkedBooter.execute(ForkedBooter.java:126)
	at org.apache.maven.surefire.booter.ForkedBooter.main(ForkedBooter.java:418)
</error>
    <system-out><![CDATA[2019-09-24 19:04:39,794 [main] WARN  server.ServerUtils (ServerUtils.java:getScmDbDir(145)) - ozone.scm.db.dirs is not configured. We recommend adding this setting. Falling back to ozone.metadata.dirs instead.
2019-09-24 19:04:44,855 [main] WARN  server.ServerUtils (ServerUtils.java:getScmDbDir(145)) - ozone.scm.db.dirs is not configured. We recommend adding this setting. Falling back to ozone.metadata.dirs instead.
2019-09-24 19:04:44,857 [main] WARN  server.ServerUtils (ServerUtils.java:getScmDbDir(145)) - ozone.scm.db.dirs is not configured. We recommend adding this setting. Falling back to ozone.metadata.dirs instead.
2019-09-24 19:04:44,858 [main] INFO  db.DBStoreBuilder (DBStoreBuilder.java:addTable(110)) - using custom profile for table: deletedBlocks
2019-09-24 19:04:44,859 [main] INFO  db.DBStoreBuilder (DBStoreBuilder.java:processTables(161)) - Using default column profile:DBProfile.DISK for Table:deletedBlocks
2019-09-24 19:04:44,859 [main] INFO  db.DBStoreBuilder (DBStoreBuilder.java:addTable(110)) - using custom profile for table: validCerts
2019-09-24 19:04:44,859 [main] INFO  db.DBStoreBuilder (DBStoreBuilder.java:processTables(161)) - Using default column profile:DBProfile.DISK for Table:validCerts
2019-09-24 19:04:44,860 [main] INFO  db.DBStoreBuilder (DBStoreBuilder.java:addTable(110)) - using custom profile for table: revokedCerts
2019-09-24 19:04:44,860 [main] INFO  db.DBStoreBuilder (DBStoreBuilder.java:processTables(161)) - Using default column profile:DBProfile.DISK for Table:revokedCerts
2019-09-24 19:04:44,860 [main] INFO  db.DBStoreBuilder (DBStoreBuilder.java:addTable(110)) - using custom profile for table: default
2019-09-24 19:04:44,861 [main] INFO  db.DBStoreBuilder (DBStoreBuilder.java:processTables(167)) - Using default column profile:DBProfile.DISK for Table:default
2019-09-24 19:04:44,861 [main] INFO  db.DBStoreBuilder (DBStoreBuilder.java:getDbProfile(198)) - Using default options. DBProfile.DISK
2019-09-24 19:05:00,722 [main] INFO  net.NodeSchemaLoader (NodeSchemaLoader.java:loadSchemaFromFile(125)) - Loading file from sun.misc.CompoundEnumeration@44dc7b7d
2019-09-24 19:05:00,723 [main] INFO  net.NodeSchemaLoader (NodeSchemaLoader.java:loadSchema(171)) - Loading network topology layer schema file
2019-09-24 19:05:00,734 [main] INFO  node.SCMNodeManager (SCMNodeManager.java:<init>(114)) - Entering startup safe mode.
2019-09-24 19:05:00,737 [main] INFO  algorithms.ContainerPlacementPolicyFactory (ContainerPlacementPolicyFactory.java:getPolicy(57)) - Create container placement policy of type org.apache.hadoop.hdds.scm.container.placement.algorithms.SCMContainerPlacementRandom
2019-09-24 19:05:00,737 [main] WARN  server.ServerUtils (ServerUtils.java:getScmDbDir(145)) - ozone.scm.db.dirs is not configured. We recommend adding this setting. Falling back to ozone.metadata.dirs instead.
2019-09-24 19:05:00,995 [main] INFO  pipeline.SCMPipelineManager (SCMPipelineManager.java:initializePipelineState(132)) - No pipeline exists in current db
2019-09-24 19:05:00,996 [main] WARN  server.ServerUtils (ServerUtils.java:getScmDbDir(145)) - ozone.scm.db.dirs is not configured. We recommend adding this setting. Falling back to ozone.metadata.dirs instead.
2019-09-24 19:05:01,089 [main] WARN  events.EventQueue (EventQueue.java:fireEvent(183)) - No event handler registered for event TypedEvent{payloadType=SafeModeStatus, name='SafeModeStatus'}
2019-09-24 19:05:01,091 [main] INFO  ipc.CallQueueManager (CallQueueManager.java:<init>(84)) - Using callQueue: class java.util.concurrent.LinkedBlockingQueue, queueCapacity: 2000, scheduler: class org.apache.hadoop.ipc.DefaultRpcScheduler, ipcBackoff: false.
2019-09-24 19:05:01,094 [Socket Reader #1 for port 34799] INFO  ipc.Server (Server.java:run(1074)) - Starting Socket Reader #1 for port 34799
2019-09-24 19:05:01,099 [main] INFO  ipc.CallQueueManager (CallQueueManager.java:<init>(84)) - Using callQueue: class java.util.concurrent.LinkedBlockingQueue, queueCapacity: 2000, scheduler: class org.apache.hadoop.ipc.DefaultRpcScheduler, ipcBackoff: false.
2019-09-24 19:05:01,102 [Socket Reader #1 for port 45319] INFO  ipc.Server (Server.java:run(1074)) - Starting Socket Reader #1 for port 45319
2019-09-24 19:05:01,105 [main] INFO  ipc.CallQueueManager (CallQueueManager.java:<init>(84)) - Using callQueue: class java.util.concurrent.LinkedBlockingQueue, queueCapacity: 2000, scheduler: class org.apache.hadoop.ipc.DefaultRpcScheduler, ipcBackoff: false.
2019-09-24 19:05:01,106 [Socket Reader #1 for port 46358] INFO  ipc.Server (Server.java:run(1074)) - Starting Socket Reader #1 for port 46358
2019-09-24 19:05:01,110 [main] INFO  hdfs.DFSUtil (DFSUtil.java:httpServerTemplateForNNAndJN(1641)) - Starting Web-server for scm at: http://0.0.0.0:0
2019-09-24 19:05:01,114 [main] INFO  server.AuthenticationFilter (AuthenticationFilter.java:constructSecretProvider(240)) - Unable to initialize FileSignerSecretProvider, falling back to use random secrets.
2019-09-24 19:05:01,116 [main] WARN  http.HttpRequestLog (HttpRequestLog.java:getRequestLog(97)) - Jetty request log can only be enabled using Log4j
2019-09-24 19:05:01,119 [main] INFO  http.HttpServer2 (HttpServer2.java:addGlobalFilter(975)) - Added global filter 'safety' (class=org.apache.hadoop.http.HttpServer2$QuotingInputFilter)
2019-09-24 19:05:01,120 [main] INFO  http.HttpServer2 (HttpServer2.java:addFilter(948)) - Added filter static_user_filter (class=org.apache.hadoop.http.lib.StaticUserWebFilter$StaticUserFilter) to context scm
2019-09-24 19:05:01,120 [main] INFO  http.HttpServer2 (HttpServer2.java:addFilter(958)) - Added filter static_user_filter (class=org.apache.hadoop.http.lib.StaticUserWebFilter$StaticUserFilter) to context logs
2019-09-24 19:05:01,120 [main] INFO  http.HttpServer2 (HttpServer2.java:addFilter(958)) - Added filter static_user_filter (class=org.apache.hadoop.http.lib.StaticUserWebFilter$StaticUserFilter) to context static
2019-09-24 19:05:01,125 [main] INFO  server.StorageContainerManager (StorageContainerManager.java:start(770)) - StorageContainerLocationProtocol RPC server is listening at /0.0.0.0:46358
2019-09-24 19:05:01,130 [main] WARN  impl.MetricsConfig (MetricsConfig.java:loadFirst(134)) - Cannot locate configuration: tried hadoop-metrics2-storagecontainermanager.properties,hadoop-metrics2.properties
2019-09-24 19:05:01,131 [main] INFO  impl.MetricsSystemImpl (MetricsSystemImpl.java:startTimer(374)) - Scheduled Metric snapshot period at 10 second(s).
2019-09-24 19:05:01,131 [main] INFO  impl.MetricsSystemImpl (MetricsSystemImpl.java:start(191)) - StorageContainerManager metrics system started
2019-09-24 19:05:01,165 [main] WARN  impl.MetricsSystemImpl (MetricsSystemImpl.java:register(276)) - Sink prometheus already exists!
2019-09-24 19:05:01,228 [main] INFO  server.SCMClientProtocolServer (SCMClientProtocolServer.java:start(151)) - RPC server for Client  is listening at /0.0.0.0:46358
2019-09-24 19:05:01,228 [IPC Server Responder] INFO  ipc.Server (Server.java:run(1314)) - IPC Server Responder: starting
2019-09-24 19:05:01,228 [IPC Server listener on 46358] INFO  ipc.Server (Server.java:run(1153)) - IPC Server listener on 46358: starting
2019-09-24 19:05:01,234 [main] INFO  server.StorageContainerManager (StorageContainerManager.java:start(780)) - ScmBlockLocationProtocol RPC server is listening at /0.0.0.0:45319
2019-09-24 19:05:01,234 [main] INFO  server.SCMBlockProtocolServer (SCMBlockProtocolServer.java:start(146)) - RPC server for Block Protocol is listening at /0.0.0.0:45319
2019-09-24 19:05:01,234 [IPC Server Responder] INFO  ipc.Server (Server.java:run(1314)) - IPC Server Responder: starting
2019-09-24 19:05:01,235 [IPC Server listener on 45319] INFO  ipc.Server (Server.java:run(1153)) - IPC Server listener on 45319: starting
2019-09-24 19:05:01,239 [main] INFO  server.StorageContainerManager (StorageContainerManager.java:start(784)) - ScmDatanodeProtocl RPC server is listening at /0.0.0.0:34799
2019-09-24 19:05:01,239 [main] INFO  server.SCMDatanodeProtocolServer (SCMDatanodeProtocolServer.java:start(191)) - RPC server for DataNodes is listening at /0.0.0.0:34799
2019-09-24 19:05:01,240 [IPC Server Responder] INFO  ipc.Server (Server.java:run(1314)) - IPC Server Responder: starting
2019-09-24 19:05:01,240 [IPC Server listener on 34799] INFO  ipc.Server (Server.java:run(1153)) - IPC Server listener on 34799: starting
2019-09-24 19:05:01,245 [main] INFO  http.HttpServer2 (HttpServer2.java:bindListener(1191)) - Jetty bound to port 39753
2019-09-24 19:05:01,245 [main] INFO  server.Server (Server.java:doStart(351)) - jetty-9.3.25.v20180904, build timestamp: 2018-09-04T21:11:46Z, git hash: 3ce520221d0240229c862b122d2b06c12a625732
2019-09-24 19:05:01,247 [main] INFO  handler.ContextHandler (ContextHandler.java:doStart(781)) - Started o.e.j.s.ServletContextHandler@10850d17{/logs,file:///workdir/hadoop-ozone/integration-test/target/log,AVAILABLE}
2019-09-24 19:05:01,248 [main] INFO  handler.ContextHandler (ContextHandler.java:doStart(781)) - Started o.e.j.s.ServletContextHandler@26865482{/static,file:///workdir/hadoop-ozone/integration-test/target/test-classes/webapps/static,AVAILABLE}
2019-09-24 19:05:01,252 [main] INFO  handler.ContextHandler (ContextHandler.java:doStart(781)) - Started o.e.j.w.WebAppContext@1e5eb20a{/,file:///workdir/hadoop-ozone/integration-test/target/test-classes/webapps/scm/,AVAILABLE}{/scm}
2019-09-24 19:05:01,254 [main] INFO  server.AbstractConnector (AbstractConnector.java:doStart(278)) - Started ServerConnector@4538856f{HTTP/1.1,[http/1.1]}{0.0.0.0:39753}
2019-09-24 19:05:01,254 [main] INFO  server.Server (Server.java:doStart(419)) - Started @319328ms
2019-09-24 19:05:01,254 [main] WARN  impl.MetricsSystemImpl (MetricsSystemImpl.java:register(276)) - Sink prometheus already exists!
2019-09-24 19:05:01,256 [main] INFO  server.BaseHttpServer (BaseHttpServer.java:updateConnectorAddress(215)) - HTTP server of SCM is listening at http://0.0.0.0:39753
2019-09-24 19:05:01,257 [main] WARN  server.ServerUtils (ServerUtils.java:getDBPath(222)) - ozone.om.db.dirs is not configured. We recommend adding this setting. Falling back to ozone.metadata.dirs instead.
2019-09-24 19:05:01,257 [org.apache.hadoop.util.JvmPauseMonitor$Monitor@74b86971] INFO  util.JvmPauseMonitor (JvmPauseMonitor.java:run(188)) - Starting JVM pause monitor
2019-09-24 19:05:01,744 [main] WARN  server.ServerUtils (ServerUtils.java:getDBPath(222)) - ozone.om.db.dirs is not configured. We recommend adding this setting. Falling back to ozone.metadata.dirs instead.
2019-09-24 19:05:01,745 [main] WARN  server.ServerUtils (ServerUtils.java:getDBPath(222)) - ozone.om.db.dirs is not configured. We recommend adding this setting. Falling back to ozone.metadata.dirs instead.
2019-09-24 19:05:01,746 [main] INFO  om.OzoneManager (OzoneManager.java:setOMNodeDetails(652)) - OM Service ID is not set. Setting it to the default ID: omServiceIdDefault
2019-09-24 19:05:01,746 [main] INFO  om.OzoneManager (OzoneManager.java:setOMNodeDetails(658)) - OM Node ID is not set. Setting it to the OmStorage's OmID: 663f6ada-71f9-49b9-bf27-dd9b822586b3
2019-09-24 19:05:01,746 [main] INFO  om.OzoneManager (OzoneManager.java:loadOMHAConfigs(609)) - Found matching OM address with OMServiceId: null, OMNodeId: null, RPC Address: localhost:0 and Ratis port: 9872
2019-09-24 19:05:01,759 [main] WARN  server.ServerUtils (ServerUtils.java:getDBPath(222)) - ozone.om.db.dirs is not configured. We recommend adding this setting. Falling back to ozone.metadata.dirs instead.
2019-09-24 19:05:01,759 [main] INFO  db.DBStoreBuilder (DBStoreBuilder.java:addTable(110)) - using custom profile for table: userTable
2019-09-24 19:05:01,760 [main] INFO  db.DBStoreBuilder (DBStoreBuilder.java:processTables(161)) - Using default column profile:DBProfile.DISK for Table:userTable
2019-09-24 19:05:01,760 [main] INFO  db.DBStoreBuilder (DBStoreBuilder.java:addTable(110)) - using custom profile for table: volumeTable
2019-09-24 19:05:01,760 [main] INFO  db.DBStoreBuilder (DBStoreBuilder.java:processTables(161)) - Using default column profile:DBProfile.DISK for Table:volumeTable
2019-09-24 19:05:01,761 [main] INFO  db.DBStoreBuilder (DBStoreBuilder.java:addTable(110)) - using custom profile for table: bucketTable
2019-09-24 19:05:01,761 [main] INFO  db.DBStoreBuilder (DBStoreBuilder.java:processTables(161)) - Using default column profile:DBProfile.DISK for Table:bucketTable
2019-09-24 19:05:01,761 [main] INFO  db.DBStoreBuilder (DBStoreBuilder.java:addTable(110)) - using custom profile for table: keyTable
2019-09-24 19:05:01,762 [main] INFO  db.DBStoreBuilder (DBStoreBuilder.java:processTables(161)) - Using default column profile:DBProfile.DISK for Table:keyTable
2019-09-24 19:05:01,762 [main] INFO  db.DBStoreBuilder (DBStoreBuilder.java:addTable(110)) - using custom profile for table: deletedTable
2019-09-24 19:05:01,762 [main] INFO  db.DBStoreBuilder (DBStoreBuilder.java:processTables(161)) - Using default column profile:DBProfile.DISK for Table:deletedTable
2019-09-24 19:05:01,763 [main] INFO  db.DBStoreBuilder (DBStoreBuilder.java:addTable(110)) - using custom profile for table: openKeyTable
2019-09-24 19:05:01,763 [main] INFO  db.DBStoreBuilder (DBStoreBuilder.java:processTables(161)) - Using default column profile:DBProfile.DISK for Table:openKeyTable
2019-09-24 19:05:01,763 [main] INFO  db.DBStoreBuilder (DBStoreBuilder.java:addTable(110)) - using custom profile for table: s3Table
2019-09-24 19:05:01,763 [main] INFO  db.DBStoreBuilder (DBStoreBuilder.java:processTables(161)) - Using default column profile:DBProfile.DISK for Table:s3Table
2019-09-24 19:05:01,764 [main] INFO  db.DBStoreBuilder (DBStoreBuilder.java:addTable(110)) - using custom profile for table: multipartInfoTable
2019-09-24 19:05:01,764 [main] INFO  db.DBStoreBuilder (DBStoreBuilder.java:processTables(161)) - Using default column profile:DBProfile.DISK for Table:multipartInfoTable
2019-09-24 19:05:01,765 [main] INFO  db.DBStoreBuilder (DBStoreBuilder.java:addTable(110)) - using custom profile for table: dTokenTable
2019-09-24 19:05:01,765 [main] INFO  db.DBStoreBuilder (DBStoreBuilder.java:processTables(161)) - Using default column profile:DBProfile.DISK for Table:dTokenTable
2019-09-24 19:05:01,765 [main] INFO  db.DBStoreBuilder (DBStoreBuilder.java:addTable(110)) - using custom profile for table: s3SecretTable
2019-09-24 19:05:01,765 [main] INFO  db.DBStoreBuilder (DBStoreBuilder.java:processTables(161)) - Using default column profile:DBProfile.DISK for Table:s3SecretTable
2019-09-24 19:05:01,766 [main] INFO  db.DBStoreBuilder (DBStoreBuilder.java:addTable(110)) - using custom profile for table: prefixTable
2019-09-24 19:05:01,766 [main] INFO  db.DBStoreBuilder (DBStoreBuilder.java:processTables(161)) - Using default column profile:DBProfile.DISK for Table:prefixTable
2019-09-24 19:05:01,767 [main] INFO  db.DBStoreBuilder (DBStoreBuilder.java:addTable(110)) - using custom profile for table: default
2019-09-24 19:05:01,767 [main] INFO  db.DBStoreBuilder (DBStoreBuilder.java:processTables(167)) - Using default column profile:DBProfile.DISK for Table:default
2019-09-24 19:05:01,767 [main] INFO  db.DBStoreBuilder (DBStoreBuilder.java:getDbProfile(198)) - Using default options. DBProfile.DISK
2019-09-24 19:05:43,290 [main] INFO  ipc.CallQueueManager (CallQueueManager.java:<init>(84)) - Using callQueue: class java.util.concurrent.LinkedBlockingQueue, queueCapacity: 2000, scheduler: class org.apache.hadoop.ipc.DefaultRpcScheduler, ipcBackoff: false.
2019-09-24 19:05:43,293 [Socket Reader #1 for port 38790] INFO  ipc.Server (Server.java:run(1074)) - Starting Socket Reader #1 for port 38790
2019-09-24 19:05:43,316 [main] INFO  om.OzoneManager (OzoneManager.java:start(1243)) - OzoneManager RPC server is listening at localhost/127.0.0.1:38790
2019-09-24 19:05:43,316 [main] INFO  impl.MetricsSystemImpl (MetricsSystemImpl.java:init(158)) - OzoneManager metrics system started (again)
2019-09-24 19:05:43,319 [IPC Server Responder] INFO  ipc.Server (Server.java:run(1314)) - IPC Server Responder: starting
2019-09-24 19:05:43,319 [IPC Server listener on 38790] INFO  ipc.Server (Server.java:run(1153)) - IPC Server listener on 38790: starting
2019-09-24 19:05:43,328 [main] INFO  hdfs.DFSUtil (DFSUtil.java:httpServerTemplateForNNAndJN(1641)) - Starting Web-server for ozoneManager at: http://0.0.0.0:0
2019-09-24 19:05:43,330 [main] INFO  server.AuthenticationFilter (AuthenticationFilter.java:constructSecretProvider(240)) - Unable to initialize FileSignerSecretProvider, falling back to use random secrets.
2019-09-24 19:05:43,331 [main] WARN  http.HttpRequestLog (HttpRequestLog.java:getRequestLog(97)) - Jetty request log can only be enabled using Log4j
2019-09-24 19:05:43,334 [main] INFO  http.HttpServer2 (HttpServer2.java:addGlobalFilter(975)) - Added global filter 'safety' (class=org.apache.hadoop.http.HttpServer2$QuotingInputFilter)
2019-09-24 19:05:43,335 [main] INFO  http.HttpServer2 (HttpServer2.java:addFilter(948)) - Added filter static_user_filter (class=org.apache.hadoop.http.lib.StaticUserWebFilter$StaticUserFilter) to context ozoneManager
2019-09-24 19:05:43,335 [main] INFO  http.HttpServer2 (HttpServer2.java:addFilter(958)) - Added filter static_user_filter (class=org.apache.hadoop.http.lib.StaticUserWebFilter$StaticUserFilter) to context static
2019-09-24 19:05:43,336 [main] INFO  http.HttpServer2 (HttpServer2.java:addFilter(958)) - Added filter static_user_filter (class=org.apache.hadoop.http.lib.StaticUserWebFilter$StaticUserFilter) to context logs
2019-09-24 19:05:43,338 [main] INFO  http.HttpServer2 (HttpServer2.java:bindListener(1191)) - Jetty bound to port 45553
2019-09-24 19:05:43,338 [main] INFO  server.Server (Server.java:doStart(351)) - jetty-9.3.25.v20180904, build timestamp: 2018-09-04T21:11:46Z, git hash: 3ce520221d0240229c862b122d2b06c12a625732
2019-09-24 19:05:43,342 [main] INFO  handler.ContextHandler (ContextHandler.java:doStart(781)) - Started o.e.j.s.ServletContextHandler@766a52f5{/logs,file:///workdir/hadoop-ozone/integration-test/target/log,AVAILABLE}
2019-09-24 19:05:43,343 [main] INFO  handler.ContextHandler (ContextHandler.java:doStart(781)) - Started o.e.j.s.ServletContextHandler@2ba1209b{/static,file:///workdir/hadoop-ozone/integration-test/target/test-classes/webapps/static,AVAILABLE}
2019-09-24 19:05:43,353 [main] INFO  handler.ContextHandler (ContextHandler.java:doStart(781)) - Started o.e.j.w.WebAppContext@588545ac{/,file:///workdir/hadoop-ozone/integration-test/target/test-classes/webapps/ozoneManager/,AVAILABLE}{/ozoneManager}
2019-09-24 19:05:43,353 [main] INFO  server.AbstractConnector (AbstractConnector.java:doStart(278)) - Started ServerConnector@2b08772d{HTTP/1.1,[http/1.1]}{0.0.0.0:45553}
2019-09-24 19:05:43,355 [main] INFO  server.Server (Server.java:doStart(419)) - Started @361429ms
2019-09-24 19:05:43,355 [main] WARN  impl.MetricsSystemImpl (MetricsSystemImpl.java:register(276)) - Sink prometheus already exists!
2019-09-24 19:05:43,356 [main] INFO  server.BaseHttpServer (BaseHttpServer.java:updateConnectorAddress(215)) - HTTP server of OZONEMANAGER is listening at http://0.0.0.0:45553
2019-09-24 19:05:43,395 [main] INFO  impl.MetricsSystemImpl (MetricsSystemImpl.java:init(158)) - HddsDatanode metrics system started (again)
2019-09-24 19:05:43,398 [main] INFO  ozone.HddsDatanodeService (HddsDatanodeService.java:start(184)) - HddsDatanodeService host:pr-hdds-2149-fgl4f-1742389470 ip:192.168.5.148
2019-09-24 19:05:43,404 [main] INFO  volume.HddsVolume (HddsVolume.java:<init>(176)) - Creating Volume: /workdir/hadoop-ozone/integration-test/target/test-dir/MiniOzoneClusterImpl-136902ad-9ad3-4579-ab1e-826ed1576804/datanode-0/data/containers/hdds of  storage type : DISK and capacity : 1482555576320
2019-09-24 19:05:43,404 [main] INFO  volume.VolumeSet (VolumeSet.java:initializeVolumeSet(170)) - Added Volume : /workdir/hadoop-ozone/integration-test/target/test-dir/MiniOzoneClusterImpl-136902ad-9ad3-4579-ab1e-826ed1576804/datanode-0/data/containers/hdds to VolumeSet
2019-09-24 19:05:43,405 [main] INFO  volume.ThrottledAsyncChecker (ThrottledAsyncChecker.java:schedule(139)) - Scheduling a check for org.apache.hadoop.ozone.container.common.volume.HddsVolume@5403799b
2019-09-24 19:05:43,406 [main] INFO  volume.HddsVolumeChecker (HddsVolumeChecker.java:checkAllVolumes(202)) - Scheduled health check for volume org.apache.hadoop.ozone.container.common.volume.HddsVolume@5403799b
2019-09-24 19:05:43,421 [main] INFO  impl.RaftServerProxy (ConfUtils.java:logGet(43)) - raft.rpc.type = GRPC (default)
2019-09-24 19:05:43,421 [main] INFO  grpc.GrpcFactory (GrpcFactory.java:checkPooledByteBufAllocatorUseCacheForAllThreads(45)) - PERFORMANCE WARNING: useCacheForAllThreads is true that may cause Netty to create a lot garbage objects and, as a result, trigger GC.
	It is recommended to disable useCacheForAllThreads by setting -Dorg.apache.ratis.thirdparty.io.netty.allocator.useCacheForAllThreads=false in command line.
2019-09-24 19:05:43,421 [main] INFO  grpc.GrpcConfigKeys$Server (ConfUtils.java:logGet(43)) - raft.grpc.server.port = 0 (default)
2019-09-24 19:05:43,422 [main] INFO  server.GrpcService (ConfUtils.java:logGet(43)) - raft.grpc.message.size.max = 33570816 (custom)
2019-09-24 19:05:43,422 [main] INFO  server.RaftServerConfigKeys (ConfUtils.java:logGet(43)) - raft.server.log.appender.buffer.byte-limit = 33554432 (custom)
2019-09-24 19:05:43,422 [main] INFO  server.GrpcService (ConfUtils.java:logGet(43)) - raft.grpc.flow.control.window = 1MB (=1048576) (default)
2019-09-24 19:05:43,422 [main] INFO  server.RaftServerConfigKeys (ConfUtils.java:logGet(43)) - raft.server.rpc.request.timeout = 3000ms (default)
2019-09-24 19:05:43,423 [main] INFO  server.RaftServerConfigKeys (ConfUtils.java:logGet(43)) - raft.server.storage.dir = [/workdir/hadoop-ozone/integration-test/target/test-dir/MiniOzoneClusterImpl-136902ad-9ad3-4579-ab1e-826ed1576804/datanode-0/data/ratis] (custom)
2019-09-24 19:05:43,425 [main] INFO  hdfs.DFSUtil (DFSUtil.java:httpServerTemplateForNNAndJN(1641)) - Starting Web-server for hddsDatanode at: http://0.0.0.0:0
2019-09-24 19:05:43,426 [main] INFO  server.AuthenticationFilter (AuthenticationFilter.java:constructSecretProvider(240)) - Unable to initialize FileSignerSecretProvider, falling back to use random secrets.
2019-09-24 19:05:43,427 [main] WARN  http.HttpRequestLog (HttpRequestLog.java:getRequestLog(97)) - Jetty request log can only be enabled using Log4j
2019-09-24 19:05:43,428 [main] INFO  http.HttpServer2 (HttpServer2.java:addGlobalFilter(975)) - Added global filter 'safety' (class=org.apache.hadoop.http.HttpServer2$QuotingInputFilter)
2019-09-24 19:05:43,428 [main] INFO  http.HttpServer2 (HttpServer2.java:addFilter(948)) - Added filter static_user_filter (class=org.apache.hadoop.http.lib.StaticUserWebFilter$StaticUserFilter) to context hddsDatanode
2019-09-24 19:05:43,429 [main] INFO  http.HttpServer2 (HttpServer2.java:addFilter(958)) - Added filter static_user_filter (class=org.apache.hadoop.http.lib.StaticUserWebFilter$StaticUserFilter) to context static
2019-09-24 19:05:43,429 [main] INFO  http.HttpServer2 (HttpServer2.java:addFilter(958)) - Added filter static_user_filter (class=org.apache.hadoop.http.lib.StaticUserWebFilter$StaticUserFilter) to context logs
2019-09-24 19:05:43,429 [main] INFO  http.HttpServer2 (HttpServer2.java:bindListener(1191)) - Jetty bound to port 41138
2019-09-24 19:05:43,430 [main] INFO  server.Server (Server.java:doStart(351)) - jetty-9.3.25.v20180904, build timestamp: 2018-09-04T21:11:46Z, git hash: 3ce520221d0240229c862b122d2b06c12a625732
2019-09-24 19:05:43,432 [main] INFO  handler.ContextHandler (ContextHandler.java:doStart(781)) - Started o.e.j.s.ServletContextHandler@51da32e5{/logs,file:///workdir/hadoop-ozone/integration-test/target/log,AVAILABLE}
2019-09-24 19:05:43,432 [main] INFO  handler.ContextHandler (ContextHandler.java:doStart(781)) - Started o.e.j.s.ServletContextHandler@1fecfaea{/static,jar:file:/home/user/.m2/repository/org/apache/hadoop/hadoop-hdds-container-service/0.5.0-SNAPSHOT/hadoop-hdds-container-service-0.5.0-SNAPSHOT.jar!/webapps/static,AVAILABLE}
2019-09-24 19:05:43,461 [main] INFO  handler.ContextHandler (ContextHandler.java:doStart(781)) - Started o.e.j.w.WebAppContext@64b018f3{/,file:///tmp/jetty-0.0.0.0-41138-hddsDatanode-_-any-5328897350435512130.dir/webapp/,AVAILABLE}{/hddsDatanode}
2019-09-24 19:05:43,461 [main] INFO  server.AbstractConnector (AbstractConnector.java:doStart(278)) - Started ServerConnector@20801cbb{HTTP/1.1,[http/1.1]}{0.0.0.0:41138}
2019-09-24 19:05:43,463 [main] INFO  server.Server (Server.java:doStart(419)) - Started @361537ms
2019-09-24 19:05:43,463 [main] WARN  impl.MetricsSystemImpl (MetricsSystemImpl.java:register(276)) - Sink prometheus already exists!
2019-09-24 19:05:43,465 [main] INFO  server.BaseHttpServer (BaseHttpServer.java:updateConnectorAddress(215)) - HTTP server of HDDSDATANODE is listening at http://0.0.0.0:41138
2019-09-24 19:05:43,465 [main] INFO  impl.MetricsSystemImpl (MetricsSystemImpl.java:init(158)) - HddsDatanode metrics system started (again)
2019-09-24 19:05:43,467 [main] INFO  ozone.HddsDatanodeService (HddsDatanodeService.java:start(184)) - HddsDatanodeService host:pr-hdds-2149-fgl4f-1742389470 ip:192.168.5.148
2019-09-24 19:05:43,468 [org.apache.hadoop.util.JvmPauseMonitor$Monitor@35297381] INFO  util.JvmPauseMonitor (JvmPauseMonitor.java:run(188)) - Starting JVM pause monitor
2019-09-24 19:05:43,470 [Datanode State Machine Thread - 0] INFO  datanode.InitDatanodeState (InitDatanodeState.java:persistContainerDatanodeDetails(140)) - DatanodeDetails is persisted to /workdir/hadoop-ozone/integration-test/target/test-dir/MiniOzoneClusterImpl-136902ad-9ad3-4579-ab1e-826ed1576804/datanode-0/meta/datanode.id
2019-09-24 19:05:43,473 [main] INFO  volume.HddsVolume (HddsVolume.java:<init>(176)) - Creating Volume: /workdir/hadoop-ozone/integration-test/target/test-dir/MiniOzoneClusterImpl-136902ad-9ad3-4579-ab1e-826ed1576804/datanode-1/data/containers/hdds of  storage type : DISK and capacity : 1482555576320
2019-09-24 19:05:43,473 [main] INFO  volume.VolumeSet (VolumeSet.java:initializeVolumeSet(170)) - Added Volume : /workdir/hadoop-ozone/integration-test/target/test-dir/MiniOzoneClusterImpl-136902ad-9ad3-4579-ab1e-826ed1576804/datanode-1/data/containers/hdds to VolumeSet
2019-09-24 19:05:43,473 [main] INFO  volume.ThrottledAsyncChecker (ThrottledAsyncChecker.java:schedule(139)) - Scheduling a check for org.apache.hadoop.ozone.container.common.volume.HddsVolume@64b0d1fa
2019-09-24 19:05:43,474 [main] INFO  volume.HddsVolumeChecker (HddsVolumeChecker.java:checkAllVolumes(202)) - Scheduled health check for volume org.apache.hadoop.ozone.container.common.volume.HddsVolume@64b0d1fa
2019-09-24 19:05:43,488 [main] INFO  impl.RaftServerProxy (ConfUtils.java:logGet(43)) - raft.rpc.type = GRPC (default)
2019-09-24 19:05:43,488 [main] INFO  grpc.GrpcFactory (GrpcFactory.java:checkPooledByteBufAllocatorUseCacheForAllThreads(45)) - PERFORMANCE WARNING: useCacheForAllThreads is true that may cause Netty to create a lot garbage objects and, as a result, trigger GC.
	It is recommended to disable useCacheForAllThreads by setting -Dorg.apache.ratis.thirdparty.io.netty.allocator.useCacheForAllThreads=false in command line.
2019-09-24 19:05:43,488 [main] INFO  grpc.GrpcConfigKeys$Server (ConfUtils.java:logGet(43)) - raft.grpc.server.port = 0 (default)
2019-09-24 19:05:43,488 [main] INFO  server.GrpcService (ConfUtils.java:logGet(43)) - raft.grpc.message.size.max = 33570816 (custom)
2019-09-24 19:05:43,489 [main] INFO  server.RaftServerConfigKeys (ConfUtils.java:logGet(43)) - raft.server.log.appender.buffer.byte-limit = 33554432 (custom)
2019-09-24 19:05:43,489 [main] INFO  server.GrpcService (ConfUtils.java:logGet(43)) - raft.grpc.flow.control.window = 1MB (=1048576) (default)
2019-09-24 19:05:43,489 [main] INFO  server.RaftServerConfigKeys (ConfUtils.java:logGet(43)) - raft.server.rpc.request.timeout = 3000ms (default)
2019-09-24 19:05:43,490 [main] INFO  server.RaftServerConfigKeys (ConfUtils.java:logGet(43)) - raft.server.storage.dir = [/workdir/hadoop-ozone/integration-test/target/test-dir/MiniOzoneClusterImpl-136902ad-9ad3-4579-ab1e-826ed1576804/datanode-1/data/ratis] (custom)
2019-09-24 19:05:43,491 [main] INFO  hdfs.DFSUtil (DFSUtil.java:httpServerTemplateForNNAndJN(1641)) - Starting Web-server for hddsDatanode at: http://0.0.0.0:0
2019-09-24 19:05:43,492 [main] INFO  server.AuthenticationFilter (AuthenticationFilter.java:constructSecretProvider(240)) - Unable to initialize FileSignerSecretProvider, falling back to use random secrets.
2019-09-24 19:05:43,492 [main] WARN  http.HttpRequestLog (HttpRequestLog.java:getRequestLog(97)) - Jetty request log can only be enabled using Log4j
2019-09-24 19:05:43,494 [main] INFO  http.HttpServer2 (HttpServer2.java:addGlobalFilter(975)) - Added global filter 'safety' (class=org.apache.hadoop.http.HttpServer2$QuotingInputFilter)
2019-09-24 19:05:43,495 [main] INFO  http.HttpServer2 (HttpServer2.java:addFilter(948)) - Added filter static_user_filter (class=org.apache.hadoop.http.lib.StaticUserWebFilter$StaticUserFilter) to context hddsDatanode
2019-09-24 19:05:43,495 [main] INFO  http.HttpServer2 (HttpServer2.java:addFilter(958)) - Added filter static_user_filter (class=org.apache.hadoop.http.lib.StaticUserWebFilter$StaticUserFilter) to context static
2019-09-24 19:05:43,495 [main] INFO  http.HttpServer2 (HttpServer2.java:addFilter(958)) - Added filter static_user_filter (class=org.apache.hadoop.http.lib.StaticUserWebFilter$StaticUserFilter) to context logs
2019-09-24 19:05:43,496 [main] INFO  http.HttpServer2 (HttpServer2.java:bindListener(1191)) - Jetty bound to port 40639
2019-09-24 19:05:43,496 [main] INFO  server.Server (Server.java:doStart(351)) - jetty-9.3.25.v20180904, build timestamp: 2018-09-04T21:11:46Z, git hash: 3ce520221d0240229c862b122d2b06c12a625732
2019-09-24 19:05:43,498 [main] INFO  handler.ContextHandler (ContextHandler.java:doStart(781)) - Started o.e.j.s.ServletContextHandler@4e22368c{/logs,file:///workdir/hadoop-ozone/integration-test/target/log,AVAILABLE}
2019-09-24 19:05:43,499 [main] INFO  handler.ContextHandler (ContextHandler.java:doStart(781)) - Started o.e.j.s.ServletContextHandler@3c770db4{/static,jar:file:/home/user/.m2/repository/org/apache/hadoop/hadoop-hdds-container-service/0.5.0-SNAPSHOT/hadoop-hdds-container-service-0.5.0-SNAPSHOT.jar!/webapps/static,AVAILABLE}
2019-09-24 19:05:43,527 [main] INFO  handler.ContextHandler (ContextHandler.java:doStart(781)) - Started o.e.j.w.WebAppContext@8f40022{/,file:///tmp/jetty-0.0.0.0-40639-hddsDatanode-_-any-5581578045911273912.dir/webapp/,AVAILABLE}{/hddsDatanode}
2019-09-24 19:05:43,527 [main] INFO  server.AbstractConnector (AbstractConnector.java:doStart(278)) - Started ServerConnector@5232e3f1{HTTP/1.1,[http/1.1]}{0.0.0.0:40639}
2019-09-24 19:05:43,529 [main] INFO  server.Server (Server.java:doStart(419)) - Started @361603ms
2019-09-24 19:05:43,529 [main] WARN  impl.MetricsSystemImpl (MetricsSystemImpl.java:register(276)) - Sink prometheus already exists!
2019-09-24 19:05:43,530 [main] INFO  server.BaseHttpServer (BaseHttpServer.java:updateConnectorAddress(215)) - HTTP server of HDDSDATANODE is listening at http://0.0.0.0:40639
2019-09-24 19:05:43,530 [main] INFO  impl.MetricsSystemImpl (MetricsSystemImpl.java:init(158)) - HddsDatanode metrics system started (again)
2019-09-24 19:05:43,533 [org.apache.hadoop.util.JvmPauseMonitor$Monitor@64ed4bef] INFO  util.JvmPauseMonitor (JvmPauseMonitor.java:run(188)) - Starting JVM pause monitor
2019-09-24 19:05:43,533 [main] INFO  ozone.HddsDatanodeService (HddsDatanodeService.java:start(184)) - HddsDatanodeService host:pr-hdds-2149-fgl4f-1742389470 ip:192.168.5.148
2019-09-24 19:05:43,535 [Datanode State Machine Thread - 0] INFO  datanode.InitDatanodeState (InitDatanodeState.java:persistContainerDatanodeDetails(140)) - DatanodeDetails is persisted to /workdir/hadoop-ozone/integration-test/target/test-dir/MiniOzoneClusterImpl-136902ad-9ad3-4579-ab1e-826ed1576804/datanode-1/meta/datanode.id
2019-09-24 19:05:43,539 [main] INFO  volume.HddsVolume (HddsVolume.java:<init>(176)) - Creating Volume: /workdir/hadoop-ozone/integration-test/target/test-dir/MiniOzoneClusterImpl-136902ad-9ad3-4579-ab1e-826ed1576804/datanode-2/data/containers/hdds of  storage type : DISK and capacity : 1482555576320
2019-09-24 19:05:43,539 [main] INFO  volume.VolumeSet (VolumeSet.java:initializeVolumeSet(170)) - Added Volume : /workdir/hadoop-ozone/integration-test/target/test-dir/MiniOzoneClusterImpl-136902ad-9ad3-4579-ab1e-826ed1576804/datanode-2/data/containers/hdds to VolumeSet
2019-09-24 19:05:43,540 [main] INFO  volume.ThrottledAsyncChecker (ThrottledAsyncChecker.java:schedule(139)) - Scheduling a check for org.apache.hadoop.ozone.container.common.volume.HddsVolume@1b7f06c7
2019-09-24 19:05:43,540 [main] INFO  volume.HddsVolumeChecker (HddsVolumeChecker.java:checkAllVolumes(202)) - Scheduled health check for volume org.apache.hadoop.ozone.container.common.volume.HddsVolume@1b7f06c7
2019-09-24 19:05:43,556 [main] INFO  impl.RaftServerProxy (ConfUtils.java:logGet(43)) - raft.rpc.type = GRPC (default)
2019-09-24 19:05:43,556 [main] INFO  grpc.GrpcFactory (GrpcFactory.java:checkPooledByteBufAllocatorUseCacheForAllThreads(45)) - PERFORMANCE WARNING: useCacheForAllThreads is true that may cause Netty to create a lot garbage objects and, as a result, trigger GC.
	It is recommended to disable useCacheForAllThreads by setting -Dorg.apache.ratis.thirdparty.io.netty.allocator.useCacheForAllThreads=false in command line.
2019-09-24 19:05:43,556 [main] INFO  grpc.GrpcConfigKeys$Server (ConfUtils.java:logGet(43)) - raft.grpc.server.port = 0 (default)
2019-09-24 19:05:43,556 [main] INFO  server.GrpcService (ConfUtils.java:logGet(43)) - raft.grpc.message.size.max = 33570816 (custom)
2019-09-24 19:05:43,556 [main] INFO  server.RaftServerConfigKeys (ConfUtils.java:logGet(43)) - raft.server.log.appender.buffer.byte-limit = 33554432 (custom)
2019-09-24 19:05:43,557 [main] INFO  server.GrpcService (ConfUtils.java:logGet(43)) - raft.grpc.flow.control.window = 1MB (=1048576) (default)
2019-09-24 19:05:43,557 [main] INFO  server.RaftServerConfigKeys (ConfUtils.java:logGet(43)) - raft.server.rpc.request.timeout = 3000ms (default)
2019-09-24 19:05:43,557 [main] INFO  server.RaftServerConfigKeys (ConfUtils.java:logGet(43)) - raft.server.storage.dir = [/workdir/hadoop-ozone/integration-test/target/test-dir/MiniOzoneClusterImpl-136902ad-9ad3-4579-ab1e-826ed1576804/datanode-2/data/ratis] (custom)
2019-09-24 19:05:43,558 [main] INFO  hdfs.DFSUtil (DFSUtil.java:httpServerTemplateForNNAndJN(1641)) - Starting Web-server for hddsDatanode at: http://0.0.0.0:0
2019-09-24 19:05:43,559 [main] INFO  server.AuthenticationFilter (AuthenticationFilter.java:constructSecretProvider(240)) - Unable to initialize FileSignerSecretProvider, falling back to use random secrets.
2019-09-24 19:05:43,560 [main] WARN  http.HttpRequestLog (HttpRequestLog.java:getRequestLog(97)) - Jetty request log can only be enabled using Log4j
2019-09-24 19:05:43,561 [main] INFO  http.HttpServer2 (HttpServer2.java:addGlobalFilter(975)) - Added global filter 'safety' (class=org.apache.hadoop.http.HttpServer2$QuotingInputFilter)
2019-09-24 19:05:43,561 [main] INFO  http.HttpServer2 (HttpServer2.java:addFilter(948)) - Added filter static_user_filter (class=org.apache.hadoop.http.lib.StaticUserWebFilter$StaticUserFilter) to context hddsDatanode
2019-09-24 19:05:43,561 [main] INFO  http.HttpServer2 (HttpServer2.java:addFilter(958)) - Added filter static_user_filter (class=org.apache.hadoop.http.lib.StaticUserWebFilter$StaticUserFilter) to context static
2019-09-24 19:05:43,562 [main] INFO  http.HttpServer2 (HttpServer2.java:addFilter(958)) - Added filter static_user_filter (class=org.apache.hadoop.http.lib.StaticUserWebFilter$StaticUserFilter) to context logs
2019-09-24 19:05:43,562 [main] INFO  http.HttpServer2 (HttpServer2.java:bindListener(1191)) - Jetty bound to port 41258
2019-09-24 19:05:43,562 [main] INFO  server.Server (Server.java:doStart(351)) - jetty-9.3.25.v20180904, build timestamp: 2018-09-04T21:11:46Z, git hash: 3ce520221d0240229c862b122d2b06c12a625732
2019-09-24 19:05:43,564 [main] INFO  handler.ContextHandler (ContextHandler.java:doStart(781)) - Started o.e.j.s.ServletContextHandler@6909f6be{/logs,file:///workdir/hadoop-ozone/integration-test/target/log,AVAILABLE}
2019-09-24 19:05:43,565 [main] INFO  handler.ContextHandler (ContextHandler.java:doStart(781)) - Started o.e.j.s.ServletContextHandler@315c081{/static,jar:file:/home/user/.m2/repository/org/apache/hadoop/hadoop-hdds-container-service/0.5.0-SNAPSHOT/hadoop-hdds-container-service-0.5.0-SNAPSHOT.jar!/webapps/static,AVAILABLE}
2019-09-24 19:05:43,592 [main] INFO  handler.ContextHandler (ContextHandler.java:doStart(781)) - Started o.e.j.w.WebAppContext@62aeddc8{/,file:///tmp/jetty-0.0.0.0-41258-hddsDatanode-_-any-4012397048677471950.dir/webapp/,AVAILABLE}{/hddsDatanode}
2019-09-24 19:05:43,592 [main] INFO  server.AbstractConnector (AbstractConnector.java:doStart(278)) - Started ServerConnector@11787b64{HTTP/1.1,[http/1.1]}{0.0.0.0:41258}
2019-09-24 19:05:43,593 [main] INFO  server.Server (Server.java:doStart(419)) - Started @361667ms
2019-09-24 19:05:43,593 [main] WARN  impl.MetricsSystemImpl (MetricsSystemImpl.java:register(276)) - Sink prometheus already exists!
2019-09-24 19:05:43,594 [main] INFO  server.BaseHttpServer (BaseHttpServer.java:updateConnectorAddress(215)) - HTTP server of HDDSDATANODE is listening at http://0.0.0.0:41258
2019-09-24 19:05:43,594 [main] INFO  impl.MetricsSystemImpl (MetricsSystemImpl.java:init(158)) - HddsDatanode metrics system started (again)
2019-09-24 19:05:43,597 [main] INFO  ozone.HddsDatanodeService (HddsDatanodeService.java:start(184)) - HddsDatanodeService host:pr-hdds-2149-fgl4f-1742389470 ip:192.168.5.148
2019-09-24 19:05:43,597 [org.apache.hadoop.util.JvmPauseMonitor$Monitor@2ddf1ac1] INFO  util.JvmPauseMonitor (JvmPauseMonitor.java:run(188)) - Starting JVM pause monitor
2019-09-24 19:05:43,598 [Datanode State Machine Thread - 0] INFO  datanode.InitDatanodeState (InitDatanodeState.java:persistContainerDatanodeDetails(140)) - DatanodeDetails is persisted to /workdir/hadoop-ozone/integration-test/target/test-dir/MiniOzoneClusterImpl-136902ad-9ad3-4579-ab1e-826ed1576804/datanode-2/meta/datanode.id
2019-09-24 19:05:43,602 [main] INFO  volume.HddsVolume (HddsVolume.java:<init>(176)) - Creating Volume: /workdir/hadoop-ozone/integration-test/target/test-dir/MiniOzoneClusterImpl-136902ad-9ad3-4579-ab1e-826ed1576804/datanode-3/data/containers/hdds of  storage type : DISK and capacity : 1482555576320
2019-09-24 19:05:43,603 [main] INFO  volume.VolumeSet (VolumeSet.java:initializeVolumeSet(170)) - Added Volume : /workdir/hadoop-ozone/integration-test/target/test-dir/MiniOzoneClusterImpl-136902ad-9ad3-4579-ab1e-826ed1576804/datanode-3/data/containers/hdds to VolumeSet
2019-09-24 19:05:43,603 [main] INFO  volume.ThrottledAsyncChecker (ThrottledAsyncChecker.java:schedule(139)) - Scheduling a check for org.apache.hadoop.ozone.container.common.volume.HddsVolume@9a20cbd
2019-09-24 19:05:43,603 [main] INFO  volume.HddsVolumeChecker (HddsVolumeChecker.java:checkAllVolumes(202)) - Scheduled health check for volume org.apache.hadoop.ozone.container.common.volume.HddsVolume@9a20cbd
2019-09-24 19:05:43,617 [main] INFO  impl.RaftServerProxy (ConfUtils.java:logGet(43)) - raft.rpc.type = GRPC (default)
2019-09-24 19:05:43,618 [main] INFO  grpc.GrpcFactory (GrpcFactory.java:checkPooledByteBufAllocatorUseCacheForAllThreads(45)) - PERFORMANCE WARNING: useCacheForAllThreads is true that may cause Netty to create a lot garbage objects and, as a result, trigger GC.
	It is recommended to disable useCacheForAllThreads by setting -Dorg.apache.ratis.thirdparty.io.netty.allocator.useCacheForAllThreads=false in command line.
2019-09-24 19:05:43,618 [main] INFO  grpc.GrpcConfigKeys$Server (ConfUtils.java:logGet(43)) - raft.grpc.server.port = 0 (default)
2019-09-24 19:05:43,618 [main] INFO  server.GrpcService (ConfUtils.java:logGet(43)) - raft.grpc.message.size.max = 33570816 (custom)
2019-09-24 19:05:43,618 [main] INFO  server.RaftServerConfigKeys (ConfUtils.java:logGet(43)) - raft.server.log.appender.buffer.byte-limit = 33554432 (custom)
2019-09-24 19:05:43,618 [main] INFO  server.GrpcService (ConfUtils.java:logGet(43)) - raft.grpc.flow.control.window = 1MB (=1048576) (default)
2019-09-24 19:05:43,618 [main] INFO  server.RaftServerConfigKeys (ConfUtils.java:logGet(43)) - raft.server.rpc.request.timeout = 3000ms (default)
2019-09-24 19:05:43,619 [main] INFO  server.RaftServerConfigKeys (ConfUtils.java:logGet(43)) - raft.server.storage.dir = [/workdir/hadoop-ozone/integration-test/target/test-dir/MiniOzoneClusterImpl-136902ad-9ad3-4579-ab1e-826ed1576804/datanode-3/data/ratis] (custom)
2019-09-24 19:05:43,620 [main] INFO  hdfs.DFSUtil (DFSUtil.java:httpServerTemplateForNNAndJN(1641)) - Starting Web-server for hddsDatanode at: http://0.0.0.0:0
2019-09-24 19:05:43,621 [main] INFO  server.AuthenticationFilter (AuthenticationFilter.java:constructSecretProvider(240)) - Unable to initialize FileSignerSecretProvider, falling back to use random secrets.
2019-09-24 19:05:43,621 [main] WARN  http.HttpRequestLog (HttpRequestLog.java:getRequestLog(97)) - Jetty request log can only be enabled using Log4j
2019-09-24 19:05:43,623 [main] INFO  http.HttpServer2 (HttpServer2.java:addGlobalFilter(975)) - Added global filter 'safety' (class=org.apache.hadoop.http.HttpServer2$QuotingInputFilter)
2019-09-24 19:05:43,623 [main] INFO  http.HttpServer2 (HttpServer2.java:addFilter(948)) - Added filter static_user_filter (class=org.apache.hadoop.http.lib.StaticUserWebFilter$StaticUserFilter) to context hddsDatanode
2019-09-24 19:05:43,623 [main] INFO  http.HttpServer2 (HttpServer2.java:addFilter(958)) - Added filter static_user_filter (class=org.apache.hadoop.http.lib.StaticUserWebFilter$StaticUserFilter) to context logs
2019-09-24 19:05:43,623 [main] INFO  http.HttpServer2 (HttpServer2.java:addFilter(958)) - Added filter static_user_filter (class=org.apache.hadoop.http.lib.StaticUserWebFilter$StaticUserFilter) to context static
2019-09-24 19:05:43,624 [main] INFO  http.HttpServer2 (HttpServer2.java:bindListener(1191)) - Jetty bound to port 40222
2019-09-24 19:05:43,624 [main] INFO  server.Server (Server.java:doStart(351)) - jetty-9.3.25.v20180904, build timestamp: 2018-09-04T21:11:46Z, git hash: 3ce520221d0240229c862b122d2b06c12a625732
2019-09-24 19:05:43,626 [main] INFO  handler.ContextHandler (ContextHandler.java:doStart(781)) - Started o.e.j.s.ServletContextHandler@697d6ded{/logs,file:///workdir/hadoop-ozone/integration-test/target/log,AVAILABLE}
2019-09-24 19:05:43,626 [main] INFO  handler.ContextHandler (ContextHandler.java:doStart(781)) - Started o.e.j.s.ServletContextHandler@5efeb117{/static,jar:file:/home/user/.m2/repository/org/apache/hadoop/hadoop-hdds-container-service/0.5.0-SNAPSHOT/hadoop-hdds-container-service-0.5.0-SNAPSHOT.jar!/webapps/static,AVAILABLE}
2019-09-24 19:05:43,654 [main] INFO  handler.ContextHandler (ContextHandler.java:doStart(781)) - Started o.e.j.w.WebAppContext@1ad9b8d3{/,file:///tmp/jetty-0.0.0.0-40222-hddsDatanode-_-any-7947315468544656725.dir/webapp/,AVAILABLE}{/hddsDatanode}
2019-09-24 19:05:43,654 [main] INFO  server.AbstractConnector (AbstractConnector.java:doStart(278)) - Started ServerConnector@168ad26f{HTTP/1.1,[http/1.1]}{0.0.0.0:40222}
2019-09-24 19:05:43,656 [main] INFO  server.Server (Server.java:doStart(419)) - Started @361730ms
2019-09-24 19:05:43,656 [main] WARN  impl.MetricsSystemImpl (MetricsSystemImpl.java:register(276)) - Sink prometheus already exists!
2019-09-24 19:05:43,659 [main] INFO  server.BaseHttpServer (BaseHttpServer.java:updateConnectorAddress(215)) - HTTP server of HDDSDATANODE is listening at http://0.0.0.0:40222
2019-09-24 19:05:43,659 [main] INFO  impl.MetricsSystemImpl (MetricsSystemImpl.java:init(158)) - HddsDatanode metrics system started (again)
2019-09-24 19:05:43,662 [main] INFO  ozone.HddsDatanodeService (HddsDatanodeService.java:start(184)) - HddsDatanodeService host:pr-hdds-2149-fgl4f-1742389470 ip:192.168.5.148
2019-09-24 19:05:43,662 [org.apache.hadoop.util.JvmPauseMonitor$Monitor@62ab6118] INFO  util.JvmPauseMonitor (JvmPauseMonitor.java:run(188)) - Starting JVM pause monitor
2019-09-24 19:05:43,664 [Datanode State Machine Thread - 0] INFO  datanode.InitDatanodeState (InitDatanodeState.java:persistContainerDatanodeDetails(140)) - DatanodeDetails is persisted to /workdir/hadoop-ozone/integration-test/target/test-dir/MiniOzoneClusterImpl-136902ad-9ad3-4579-ab1e-826ed1576804/datanode-3/meta/datanode.id
2019-09-24 19:05:43,669 [main] INFO  volume.HddsVolume (HddsVolume.java:<init>(176)) - Creating Volume: /workdir/hadoop-ozone/integration-test/target/test-dir/MiniOzoneClusterImpl-136902ad-9ad3-4579-ab1e-826ed1576804/datanode-4/data/containers/hdds of  storage type : DISK and capacity : 1482555576320
2019-09-24 19:05:43,669 [main] INFO  volume.VolumeSet (VolumeSet.java:initializeVolumeSet(170)) - Added Volume : /workdir/hadoop-ozone/integration-test/target/test-dir/MiniOzoneClusterImpl-136902ad-9ad3-4579-ab1e-826ed1576804/datanode-4/data/containers/hdds to VolumeSet
2019-09-24 19:05:43,669 [main] INFO  volume.ThrottledAsyncChecker (ThrottledAsyncChecker.java:schedule(139)) - Scheduling a check for org.apache.hadoop.ozone.container.common.volume.HddsVolume@77724cbe
2019-09-24 19:05:43,670 [main] INFO  volume.HddsVolumeChecker (HddsVolumeChecker.java:checkAllVolumes(202)) - Scheduled health check for volume org.apache.hadoop.ozone.container.common.volume.HddsVolume@77724cbe
2019-09-24 19:05:43,684 [main] INFO  impl.RaftServerProxy (ConfUtils.java:logGet(43)) - raft.rpc.type = GRPC (default)
2019-09-24 19:05:43,684 [main] INFO  grpc.GrpcFactory (GrpcFactory.java:checkPooledByteBufAllocatorUseCacheForAllThreads(45)) - PERFORMANCE WARNING: useCacheForAllThreads is true that may cause Netty to create a lot garbage objects and, as a result, trigger GC.
	It is recommended to disable useCacheForAllThreads by setting -Dorg.apache.ratis.thirdparty.io.netty.allocator.useCacheForAllThreads=false in command line.
2019-09-24 19:05:43,685 [main] INFO  grpc.GrpcConfigKeys$Server (ConfUtils.java:logGet(43)) - raft.grpc.server.port = 0 (default)
2019-09-24 19:05:43,685 [main] INFO  server.GrpcService (ConfUtils.java:logGet(43)) - raft.grpc.message.size.max = 33570816 (custom)
2019-09-24 19:05:43,685 [main] INFO  server.RaftServerConfigKeys (ConfUtils.java:logGet(43)) - raft.server.log.appender.buffer.byte-limit = 33554432 (custom)
2019-09-24 19:05:43,685 [main] INFO  server.GrpcService (ConfUtils.java:logGet(43)) - raft.grpc.flow.control.window = 1MB (=1048576) (default)
2019-09-24 19:05:43,685 [main] INFO  server.RaftServerConfigKeys (ConfUtils.java:logGet(43)) - raft.server.rpc.request.timeout = 3000ms (default)
2019-09-24 19:05:43,686 [main] INFO  server.RaftServerConfigKeys (ConfUtils.java:logGet(43)) - raft.server.storage.dir = [/workdir/hadoop-ozone/integration-test/target/test-dir/MiniOzoneClusterImpl-136902ad-9ad3-4579-ab1e-826ed1576804/datanode-4/data/ratis] (custom)
2019-09-24 19:05:43,687 [main] INFO  hdfs.DFSUtil (DFSUtil.java:httpServerTemplateForNNAndJN(1641)) - Starting Web-server for hddsDatanode at: http://0.0.0.0:0
2019-09-24 19:05:43,688 [main] INFO  server.AuthenticationFilter (AuthenticationFilter.java:constructSecretProvider(240)) - Unable to initialize FileSignerSecretProvider, falling back to use random secrets.
2019-09-24 19:05:43,688 [main] WARN  http.HttpRequestLog (HttpRequestLog.java:getRequestLog(97)) - Jetty request log can only be enabled using Log4j
2019-09-24 19:05:43,690 [main] INFO  http.HttpServer2 (HttpServer2.java:addGlobalFilter(975)) - Added global filter 'safety' (class=org.apache.hadoop.http.HttpServer2$QuotingInputFilter)
2019-09-24 19:05:43,690 [main] INFO  http.HttpServer2 (HttpServer2.java:addFilter(948)) - Added filter static_user_filter (class=org.apache.hadoop.http.lib.StaticUserWebFilter$StaticUserFilter) to context hddsDatanode
2019-09-24 19:05:43,690 [main] INFO  http.HttpServer2 (HttpServer2.java:addFilter(958)) - Added filter static_user_filter (class=org.apache.hadoop.http.lib.StaticUserWebFilter$StaticUserFilter) to context static
2019-09-24 19:05:43,690 [main] INFO  http.HttpServer2 (HttpServer2.java:addFilter(958)) - Added filter static_user_filter (class=org.apache.hadoop.http.lib.StaticUserWebFilter$StaticUserFilter) to context logs
2019-09-24 19:05:43,691 [main] INFO  http.HttpServer2 (HttpServer2.java:bindListener(1191)) - Jetty bound to port 35332
2019-09-24 19:05:43,691 [main] INFO  server.Server (Server.java:doStart(351)) - jetty-9.3.25.v20180904, build timestamp: 2018-09-04T21:11:46Z, git hash: 3ce520221d0240229c862b122d2b06c12a625732
2019-09-24 19:05:43,693 [main] INFO  handler.ContextHandler (ContextHandler.java:doStart(781)) - Started o.e.j.s.ServletContextHandler@67fb5025{/logs,file:///workdir/hadoop-ozone/integration-test/target/log,AVAILABLE}
2019-09-24 19:05:43,693 [main] INFO  handler.ContextHandler (ContextHandler.java:doStart(781)) - Started o.e.j.s.ServletContextHandler@392781e{/static,jar:file:/home/user/.m2/repository/org/apache/hadoop/hadoop-hdds-container-service/0.5.0-SNAPSHOT/hadoop-hdds-container-service-0.5.0-SNAPSHOT.jar!/webapps/static,AVAILABLE}
2019-09-24 19:05:43,720 [main] INFO  handler.ContextHandler (ContextHandler.java:doStart(781)) - Started o.e.j.w.WebAppContext@48268eec{/,file:///tmp/jetty-0.0.0.0-35332-hddsDatanode-_-any-8746954711586753553.dir/webapp/,AVAILABLE}{/hddsDatanode}
2019-09-24 19:05:43,721 [main] INFO  server.AbstractConnector (AbstractConnector.java:doStart(278)) - Started ServerConnector@69a024a0{HTTP/1.1,[http/1.1]}{0.0.0.0:35332}
2019-09-24 19:05:43,722 [main] INFO  server.Server (Server.java:doStart(419)) - Started @361796ms
2019-09-24 19:05:43,722 [main] WARN  impl.MetricsSystemImpl (MetricsSystemImpl.java:register(276)) - Sink prometheus already exists!
2019-09-24 19:05:43,723 [main] INFO  server.BaseHttpServer (BaseHttpServer.java:updateConnectorAddress(215)) - HTTP server of HDDSDATANODE is listening at http://0.0.0.0:35332
2019-09-24 19:05:43,723 [main] INFO  impl.MetricsSystemImpl (MetricsSystemImpl.java:init(158)) - HddsDatanode metrics system started (again)
2019-09-24 19:05:43,726 [main] INFO  ozone.HddsDatanodeService (HddsDatanodeService.java:start(184)) - HddsDatanodeService host:pr-hdds-2149-fgl4f-1742389470 ip:192.168.5.148
2019-09-24 19:05:43,726 [org.apache.hadoop.util.JvmPauseMonitor$Monitor@79e0a0af] INFO  util.JvmPauseMonitor (JvmPauseMonitor.java:run(188)) - Starting JVM pause monitor
2019-09-24 19:05:43,728 [Datanode State Machine Thread - 0] INFO  datanode.InitDatanodeState (InitDatanodeState.java:persistContainerDatanodeDetails(140)) - DatanodeDetails is persisted to /workdir/hadoop-ozone/integration-test/target/test-dir/MiniOzoneClusterImpl-136902ad-9ad3-4579-ab1e-826ed1576804/datanode-4/meta/datanode.id
2019-09-24 19:05:43,732 [main] INFO  volume.HddsVolume (HddsVolume.java:<init>(176)) - Creating Volume: /workdir/hadoop-ozone/integration-test/target/test-dir/MiniOzoneClusterImpl-136902ad-9ad3-4579-ab1e-826ed1576804/datanode-5/data/containers/hdds of  storage type : DISK and capacity : 1482555576320
2019-09-24 19:05:43,732 [main] INFO  volume.VolumeSet (VolumeSet.java:initializeVolumeSet(170)) - Added Volume : /workdir/hadoop-ozone/integration-test/target/test-dir/MiniOzoneClusterImpl-136902ad-9ad3-4579-ab1e-826ed1576804/datanode-5/data/containers/hdds to VolumeSet
2019-09-24 19:05:43,732 [main] INFO  volume.ThrottledAsyncChecker (ThrottledAsyncChecker.java:schedule(139)) - Scheduling a check for org.apache.hadoop.ozone.container.common.volume.HddsVolume@160e99e0
2019-09-24 19:05:43,733 [main] INFO  volume.HddsVolumeChecker (HddsVolumeChecker.java:checkAllVolumes(202)) - Scheduled health check for volume org.apache.hadoop.ozone.container.common.volume.HddsVolume@160e99e0
2019-09-24 19:05:43,750 [main] INFO  impl.RaftServerProxy (ConfUtils.java:logGet(43)) - raft.rpc.type = GRPC (default)
2019-09-24 19:05:43,750 [main] INFO  grpc.GrpcFactory (GrpcFactory.java:checkPooledByteBufAllocatorUseCacheForAllThreads(45)) - PERFORMANCE WARNING: useCacheForAllThreads is true that may cause Netty to create a lot garbage objects and, as a result, trigger GC.
	It is recommended to disable useCacheForAllThreads by setting -Dorg.apache.ratis.thirdparty.io.netty.allocator.useCacheForAllThreads=false in command line.
2019-09-24 19:05:43,750 [main] INFO  grpc.GrpcConfigKeys$Server (ConfUtils.java:logGet(43)) - raft.grpc.server.port = 0 (default)
2019-09-24 19:05:43,751 [main] INFO  server.GrpcService (ConfUtils.java:logGet(43)) - raft.grpc.message.size.max = 33570816 (custom)
2019-09-24 19:05:43,751 [main] INFO  server.RaftServerConfigKeys (ConfUtils.java:logGet(43)) - raft.server.log.appender.buffer.byte-limit = 33554432 (custom)
2019-09-24 19:05:43,751 [main] INFO  server.GrpcService (ConfUtils.java:logGet(43)) - raft.grpc.flow.control.window = 1MB (=1048576) (default)
2019-09-24 19:05:43,751 [main] INFO  server.RaftServerConfigKeys (ConfUtils.java:logGet(43)) - raft.server.rpc.request.timeout = 3000ms (default)
2019-09-24 19:05:43,752 [main] INFO  server.RaftServerConfigKeys (ConfUtils.java:logGet(43)) - raft.server.storage.dir = [/workdir/hadoop-ozone/integration-test/target/test-dir/MiniOzoneClusterImpl-136902ad-9ad3-4579-ab1e-826ed1576804/datanode-5/data/ratis] (custom)
2019-09-24 19:05:43,753 [main] INFO  hdfs.DFSUtil (DFSUtil.java:httpServerTemplateForNNAndJN(1641)) - Starting Web-server for hddsDatanode at: http://0.0.0.0:0
2019-09-24 19:05:43,754 [main] INFO  server.AuthenticationFilter (AuthenticationFilter.java:constructSecretProvider(240)) - Unable to initialize FileSignerSecretProvider, falling back to use random secrets.
2019-09-24 19:05:43,754 [main] WARN  http.HttpRequestLog (HttpRequestLog.java:getRequestLog(97)) - Jetty request log can only be enabled using Log4j
2019-09-24 19:05:43,756 [main] INFO  http.HttpServer2 (HttpServer2.java:addGlobalFilter(975)) - Added global filter 'safety' (class=org.apache.hadoop.http.HttpServer2$QuotingInputFilter)
2019-09-24 19:05:43,756 [main] INFO  http.HttpServer2 (HttpServer2.java:addFilter(948)) - Added filter static_user_filter (class=org.apache.hadoop.http.lib.StaticUserWebFilter$StaticUserFilter) to context hddsDatanode
2019-09-24 19:05:43,756 [main] INFO  http.HttpServer2 (HttpServer2.java:addFilter(958)) - Added filter static_user_filter (class=org.apache.hadoop.http.lib.StaticUserWebFilter$StaticUserFilter) to context logs
2019-09-24 19:05:43,756 [main] INFO  http.HttpServer2 (HttpServer2.java:addFilter(958)) - Added filter static_user_filter (class=org.apache.hadoop.http.lib.StaticUserWebFilter$StaticUserFilter) to context static
2019-09-24 19:05:43,757 [main] INFO  http.HttpServer2 (HttpServer2.java:bindListener(1191)) - Jetty bound to port 38709
2019-09-24 19:05:43,757 [main] INFO  server.Server (Server.java:doStart(351)) - jetty-9.3.25.v20180904, build timestamp: 2018-09-04T21:11:46Z, git hash: 3ce520221d0240229c862b122d2b06c12a625732
2019-09-24 19:05:43,759 [main] INFO  handler.ContextHandler (ContextHandler.java:doStart(781)) - Started o.e.j.s.ServletContextHandler@4e0cc334{/logs,file:///workdir/hadoop-ozone/integration-test/target/log,AVAILABLE}
2019-09-24 19:05:43,760 [main] INFO  handler.ContextHandler (ContextHandler.java:doStart(781)) - Started o.e.j.s.ServletContextHandler@4877919f{/static,jar:file:/home/user/.m2/repository/org/apache/hadoop/hadoop-hdds-container-service/0.5.0-SNAPSHOT/hadoop-hdds-container-service-0.5.0-SNAPSHOT.jar!/webapps/static,AVAILABLE}
2019-09-24 19:05:43,788 [main] INFO  handler.ContextHandler (ContextHandler.java:doStart(781)) - Started o.e.j.w.WebAppContext@55c57422{/,file:///tmp/jetty-0.0.0.0-38709-hddsDatanode-_-any-7993378363822204359.dir/webapp/,AVAILABLE}{/hddsDatanode}
2019-09-24 19:05:43,789 [main] INFO  server.AbstractConnector (AbstractConnector.java:doStart(278)) - Started ServerConnector@22825e1e{HTTP/1.1,[http/1.1]}{0.0.0.0:38709}
2019-09-24 19:05:43,790 [main] INFO  server.Server (Server.java:doStart(419)) - Started @361865ms
2019-09-24 19:05:43,791 [main] WARN  impl.MetricsSystemImpl (MetricsSystemImpl.java:register(276)) - Sink prometheus already exists!
2019-09-24 19:05:43,791 [main] INFO  server.BaseHttpServer (BaseHttpServer.java:updateConnectorAddress(215)) - HTTP server of HDDSDATANODE is listening at http://0.0.0.0:38709
2019-09-24 19:05:43,792 [main] INFO  impl.MetricsSystemImpl (MetricsSystemImpl.java:init(158)) - HddsDatanode metrics system started (again)
2019-09-24 19:05:43,796 [org.apache.hadoop.util.JvmPauseMonitor$Monitor@27831d22] INFO  util.JvmPauseMonitor (JvmPauseMonitor.java:run(188)) - Starting JVM pause monitor
2019-09-24 19:05:43,796 [main] INFO  ozone.HddsDatanodeService (HddsDatanodeService.java:start(184)) - HddsDatanodeService host:pr-hdds-2149-fgl4f-1742389470 ip:192.168.5.148
2019-09-24 19:05:43,797 [Datanode State Machine Thread - 0] INFO  datanode.InitDatanodeState (InitDatanodeState.java:persistContainerDatanodeDetails(140)) - DatanodeDetails is persisted to /workdir/hadoop-ozone/integration-test/target/test-dir/MiniOzoneClusterImpl-136902ad-9ad3-4579-ab1e-826ed1576804/datanode-5/meta/datanode.id
2019-09-24 19:05:43,803 [main] INFO  volume.HddsVolume (HddsVolume.java:<init>(176)) - Creating Volume: /workdir/hadoop-ozone/integration-test/target/test-dir/MiniOzoneClusterImpl-136902ad-9ad3-4579-ab1e-826ed1576804/datanode-6/data/containers/hdds of  storage type : DISK and capacity : 1482555576320
2019-09-24 19:05:43,803 [main] INFO  volume.VolumeSet (VolumeSet.java:initializeVolumeSet(170)) - Added Volume : /workdir/hadoop-ozone/integration-test/target/test-dir/MiniOzoneClusterImpl-136902ad-9ad3-4579-ab1e-826ed1576804/datanode-6/data/containers/hdds to VolumeSet
2019-09-24 19:05:43,803 [main] INFO  volume.ThrottledAsyncChecker (ThrottledAsyncChecker.java:schedule(139)) - Scheduling a check for org.apache.hadoop.ozone.container.common.volume.HddsVolume@4ef4f627
2019-09-24 19:05:43,804 [main] INFO  volume.HddsVolumeChecker (HddsVolumeChecker.java:checkAllVolumes(202)) - Scheduled health check for volume org.apache.hadoop.ozone.container.common.volume.HddsVolume@4ef4f627
2019-09-24 19:05:43,817 [main] INFO  impl.RaftServerProxy (ConfUtils.java:logGet(43)) - raft.rpc.type = GRPC (default)
2019-09-24 19:05:43,818 [main] INFO  grpc.GrpcFactory (GrpcFactory.java:checkPooledByteBufAllocatorUseCacheForAllThreads(45)) - PERFORMANCE WARNING: useCacheForAllThreads is true that may cause Netty to create a lot garbage objects and, as a result, trigger GC.
	It is recommended to disable useCacheForAllThreads by setting -Dorg.apache.ratis.thirdparty.io.netty.allocator.useCacheForAllThreads=false in command line.
2019-09-24 19:05:43,818 [main] INFO  grpc.GrpcConfigKeys$Server (ConfUtils.java:logGet(43)) - raft.grpc.server.port = 0 (default)
2019-09-24 19:05:43,818 [main] INFO  server.GrpcService (ConfUtils.java:logGet(43)) - raft.grpc.message.size.max = 33570816 (custom)
2019-09-24 19:05:43,818 [main] INFO  server.RaftServerConfigKeys (ConfUtils.java:logGet(43)) - raft.server.log.appender.buffer.byte-limit = 33554432 (custom)
2019-09-24 19:05:43,818 [main] INFO  server.GrpcService (ConfUtils.java:logGet(43)) - raft.grpc.flow.control.window = 1MB (=1048576) (default)
2019-09-24 19:05:43,818 [main] INFO  server.RaftServerConfigKeys (ConfUtils.java:logGet(43)) - raft.server.rpc.request.timeout = 3000ms (default)
2019-09-24 19:05:43,819 [main] INFO  server.RaftServerConfigKeys (ConfUtils.java:logGet(43)) - raft.server.storage.dir = [/workdir/hadoop-ozone/integration-test/target/test-dir/MiniOzoneClusterImpl-136902ad-9ad3-4579-ab1e-826ed1576804/datanode-6/data/ratis] (custom)
2019-09-24 19:05:43,820 [main] INFO  hdfs.DFSUtil (DFSUtil.java:httpServerTemplateForNNAndJN(1641)) - Starting Web-server for hddsDatanode at: http://0.0.0.0:0
2019-09-24 19:05:43,821 [main] INFO  server.AuthenticationFilter (AuthenticationFilter.java:constructSecretProvider(240)) - Unable to initialize FileSignerSecretProvider, falling back to use random secrets.
2019-09-24 19:05:43,822 [main] WARN  http.HttpRequestLog (HttpRequestLog.java:getRequestLog(97)) - Jetty request log can only be enabled using Log4j
2019-09-24 19:05:43,823 [main] INFO  http.HttpServer2 (HttpServer2.java:addGlobalFilter(975)) - Added global filter 'safety' (class=org.apache.hadoop.http.HttpServer2$QuotingInputFilter)
2019-09-24 19:05:43,823 [main] INFO  http.HttpServer2 (HttpServer2.java:addFilter(948)) - Added filter static_user_filter (class=org.apache.hadoop.http.lib.StaticUserWebFilter$StaticUserFilter) to context hddsDatanode
2019-09-24 19:05:43,824 [main] INFO  http.HttpServer2 (HttpServer2.java:addFilter(958)) - Added filter static_user_filter (class=org.apache.hadoop.http.lib.StaticUserWebFilter$StaticUserFilter) to context static
2019-09-24 19:05:43,824 [main] INFO  http.HttpServer2 (HttpServer2.java:addFilter(958)) - Added filter static_user_filter (class=org.apache.hadoop.http.lib.StaticUserWebFilter$StaticUserFilter) to context logs
2019-09-24 19:05:43,824 [main] INFO  http.HttpServer2 (HttpServer2.java:bindListener(1191)) - Jetty bound to port 40990
2019-09-24 19:05:43,825 [main] INFO  server.Server (Server.java:doStart(351)) - jetty-9.3.25.v20180904, build timestamp: 2018-09-04T21:11:46Z, git hash: 3ce520221d0240229c862b122d2b06c12a625732
2019-09-24 19:05:43,826 [main] INFO  handler.ContextHandler (ContextHandler.java:doStart(781)) - Started o.e.j.s.ServletContextHandler@477021ee{/logs,file:///workdir/hadoop-ozone/integration-test/target/log,AVAILABLE}
2019-09-24 19:05:43,827 [main] INFO  handler.ContextHandler (ContextHandler.java:doStart(781)) - Started o.e.j.s.ServletContextHandler@5e9bbd9d{/static,jar:file:/home/user/.m2/repository/org/apache/hadoop/hadoop-hdds-container-service/0.5.0-SNAPSHOT/hadoop-hdds-container-service-0.5.0-SNAPSHOT.jar!/webapps/static,AVAILABLE}
2019-09-24 19:05:43,855 [main] INFO  handler.ContextHandler (ContextHandler.java:doStart(781)) - Started o.e.j.w.WebAppContext@15639d09{/,file:///tmp/jetty-0.0.0.0-40990-hddsDatanode-_-any-8781718617012532899.dir/webapp/,AVAILABLE}{/hddsDatanode}
2019-09-24 19:05:43,855 [main] INFO  server.AbstractConnector (AbstractConnector.java:doStart(278)) - Started ServerConnector@4fba8eec{HTTP/1.1,[http/1.1]}{0.0.0.0:40990}
2019-09-24 19:05:43,857 [main] INFO  server.Server (Server.java:doStart(419)) - Started @361931ms
2019-09-24 19:05:43,857 [main] WARN  impl.MetricsSystemImpl (MetricsSystemImpl.java:register(276)) - Sink prometheus already exists!
2019-09-24 19:05:43,858 [main] INFO  server.BaseHttpServer (BaseHttpServer.java:updateConnectorAddress(215)) - HTTP server of HDDSDATANODE is listening at http://0.0.0.0:40990
2019-09-24 19:05:43,858 [main] INFO  impl.MetricsSystemImpl (MetricsSystemImpl.java:init(158)) - HddsDatanode metrics system started (again)
2019-09-24 19:05:43,862 [org.apache.hadoop.util.JvmPauseMonitor$Monitor@35561443] INFO  util.JvmPauseMonitor (JvmPauseMonitor.java:run(188)) - Starting JVM pause monitor
2019-09-24 19:05:43,863 [main] INFO  ozone.HddsDatanodeService (HddsDatanodeService.java:start(184)) - HddsDatanodeService host:pr-hdds-2149-fgl4f-1742389470 ip:192.168.5.148
2019-09-24 19:05:43,864 [Datanode State Machine Thread - 0] INFO  datanode.InitDatanodeState (InitDatanodeState.java:persistContainerDatanodeDetails(140)) - DatanodeDetails is persisted to /workdir/hadoop-ozone/integration-test/target/test-dir/MiniOzoneClusterImpl-136902ad-9ad3-4579-ab1e-826ed1576804/datanode-6/meta/datanode.id
2019-09-24 19:05:43,869 [main] INFO  volume.HddsVolume (HddsVolume.java:<init>(176)) - Creating Volume: /workdir/hadoop-ozone/integration-test/target/test-dir/MiniOzoneClusterImpl-136902ad-9ad3-4579-ab1e-826ed1576804/datanode-7/data/containers/hdds of  storage type : DISK and capacity : 1482555576320
2019-09-24 19:05:43,870 [main] INFO  volume.VolumeSet (VolumeSet.java:initializeVolumeSet(170)) - Added Volume : /workdir/hadoop-ozone/integration-test/target/test-dir/MiniOzoneClusterImpl-136902ad-9ad3-4579-ab1e-826ed1576804/datanode-7/data/containers/hdds to VolumeSet
2019-09-24 19:05:43,870 [main] INFO  volume.ThrottledAsyncChecker (ThrottledAsyncChecker.java:schedule(139)) - Scheduling a check for org.apache.hadoop.ozone.container.common.volume.HddsVolume@61149fa5
2019-09-24 19:05:43,870 [main] INFO  volume.HddsVolumeChecker (HddsVolumeChecker.java:checkAllVolumes(202)) - Scheduled health check for volume org.apache.hadoop.ozone.container.common.volume.HddsVolume@61149fa5
2019-09-24 19:05:43,885 [main] INFO  impl.RaftServerProxy (ConfUtils.java:logGet(43)) - raft.rpc.type = GRPC (default)
2019-09-24 19:05:43,885 [main] INFO  grpc.GrpcFactory (GrpcFactory.java:checkPooledByteBufAllocatorUseCacheForAllThreads(45)) - PERFORMANCE WARNING: useCacheForAllThreads is true that may cause Netty to create a lot garbage objects and, as a result, trigger GC.
	It is recommended to disable useCacheForAllThreads by setting -Dorg.apache.ratis.thirdparty.io.netty.allocator.useCacheForAllThreads=false in command line.
2019-09-24 19:05:43,886 [main] INFO  grpc.GrpcConfigKeys$Server (ConfUtils.java:logGet(43)) - raft.grpc.server.port = 0 (default)
2019-09-24 19:05:43,886 [main] INFO  server.GrpcService (ConfUtils.java:logGet(43)) - raft.grpc.message.size.max = 33570816 (custom)
2019-09-24 19:05:43,886 [main] INFO  server.RaftServerConfigKeys (ConfUtils.java:logGet(43)) - raft.server.log.appender.buffer.byte-limit = 33554432 (custom)
2019-09-24 19:05:43,886 [main] INFO  server.GrpcService (ConfUtils.java:logGet(43)) - raft.grpc.flow.control.window = 1MB (=1048576) (default)
2019-09-24 19:05:43,886 [main] INFO  server.RaftServerConfigKeys (ConfUtils.java:logGet(43)) - raft.server.rpc.request.timeout = 3000ms (default)
2019-09-24 19:05:43,887 [main] INFO  server.RaftServerConfigKeys (ConfUtils.java:logGet(43)) - raft.server.storage.dir = [/workdir/hadoop-ozone/integration-test/target/test-dir/MiniOzoneClusterImpl-136902ad-9ad3-4579-ab1e-826ed1576804/datanode-7/data/ratis] (custom)
2019-09-24 19:05:43,888 [main] INFO  hdfs.DFSUtil (DFSUtil.java:httpServerTemplateForNNAndJN(1641)) - Starting Web-server for hddsDatanode at: http://0.0.0.0:0
2019-09-24 19:05:43,889 [main] INFO  server.AuthenticationFilter (AuthenticationFilter.java:constructSecretProvider(240)) - Unable to initialize FileSignerSecretProvider, falling back to use random secrets.
2019-09-24 19:05:43,890 [main] WARN  http.HttpRequestLog (HttpRequestLog.java:getRequestLog(97)) - Jetty request log can only be enabled using Log4j
2019-09-24 19:05:43,891 [main] INFO  http.HttpServer2 (HttpServer2.java:addGlobalFilter(975)) - Added global filter 'safety' (class=org.apache.hadoop.http.HttpServer2$QuotingInputFilter)
2019-09-24 19:05:43,892 [main] INFO  http.HttpServer2 (HttpServer2.java:addFilter(948)) - Added filter static_user_filter (class=org.apache.hadoop.http.lib.StaticUserWebFilter$StaticUserFilter) to context hddsDatanode
2019-09-24 19:05:43,892 [main] INFO  http.HttpServer2 (HttpServer2.java:addFilter(958)) - Added filter static_user_filter (class=org.apache.hadoop.http.lib.StaticUserWebFilter$StaticUserFilter) to context static
2019-09-24 19:05:43,892 [main] INFO  http.HttpServer2 (HttpServer2.java:addFilter(958)) - Added filter static_user_filter (class=org.apache.hadoop.http.lib.StaticUserWebFilter$StaticUserFilter) to context logs
2019-09-24 19:05:43,892 [main] INFO  http.HttpServer2 (HttpServer2.java:bindListener(1191)) - Jetty bound to port 35774
2019-09-24 19:05:43,893 [main] INFO  server.Server (Server.java:doStart(351)) - jetty-9.3.25.v20180904, build timestamp: 2018-09-04T21:11:46Z, git hash: 3ce520221d0240229c862b122d2b06c12a625732
2019-09-24 19:05:43,894 [main] INFO  handler.ContextHandler (ContextHandler.java:doStart(781)) - Started o.e.j.s.ServletContextHandler@a0bf272{/logs,file:///workdir/hadoop-ozone/integration-test/target/log,AVAILABLE}
2019-09-24 19:05:43,895 [main] INFO  handler.ContextHandler (ContextHandler.java:doStart(781)) - Started o.e.j.s.ServletContextHandler@310a7859{/static,jar:file:/home/user/.m2/repository/org/apache/hadoop/hadoop-hdds-container-service/0.5.0-SNAPSHOT/hadoop-hdds-container-service-0.5.0-SNAPSHOT.jar!/webapps/static,AVAILABLE}
2019-09-24 19:05:43,927 [main] INFO  handler.ContextHandler (ContextHandler.java:doStart(781)) - Started o.e.j.w.WebAppContext@2c604965{/,file:///tmp/jetty-0.0.0.0-35774-hddsDatanode-_-any-1497514434976416554.dir/webapp/,AVAILABLE}{/hddsDatanode}
2019-09-24 19:05:43,928 [main] INFO  server.AbstractConnector (AbstractConnector.java:doStart(278)) - Started ServerConnector@57f8951a{HTTP/1.1,[http/1.1]}{0.0.0.0:35774}
2019-09-24 19:05:43,931 [main] INFO  server.Server (Server.java:doStart(419)) - Started @362005ms
2019-09-24 19:05:43,931 [main] WARN  impl.MetricsSystemImpl (MetricsSystemImpl.java:register(276)) - Sink prometheus already exists!
2019-09-24 19:05:43,932 [main] INFO  server.BaseHttpServer (BaseHttpServer.java:updateConnectorAddress(215)) - HTTP server of HDDSDATANODE is listening at http://0.0.0.0:35774
2019-09-24 19:05:43,933 [main] INFO  impl.MetricsSystemImpl (MetricsSystemImpl.java:init(158)) - HddsDatanode metrics system started (again)
2019-09-24 19:05:43,937 [org.apache.hadoop.util.JvmPauseMonitor$Monitor@316e5fb0] INFO  util.JvmPauseMonitor (JvmPauseMonitor.java:run(188)) - Starting JVM pause monitor
2019-09-24 19:05:43,938 [main] INFO  ozone.HddsDatanodeService (HddsDatanodeService.java:start(184)) - HddsDatanodeService host:pr-hdds-2149-fgl4f-1742389470 ip:192.168.5.148
2019-09-24 19:05:43,939 [Datanode State Machine Thread - 0] INFO  datanode.InitDatanodeState (InitDatanodeState.java:persistContainerDatanodeDetails(140)) - DatanodeDetails is persisted to /workdir/hadoop-ozone/integration-test/target/test-dir/MiniOzoneClusterImpl-136902ad-9ad3-4579-ab1e-826ed1576804/datanode-7/meta/datanode.id
2019-09-24 19:05:43,945 [main] INFO  volume.HddsVolume (HddsVolume.java:<init>(176)) - Creating Volume: /workdir/hadoop-ozone/integration-test/target/test-dir/MiniOzoneClusterImpl-136902ad-9ad3-4579-ab1e-826ed1576804/datanode-8/data/containers/hdds of  storage type : DISK and capacity : 1482555576320
2019-09-24 19:05:43,945 [main] INFO  volume.VolumeSet (VolumeSet.java:initializeVolumeSet(170)) - Added Volume : /workdir/hadoop-ozone/integration-test/target/test-dir/MiniOzoneClusterImpl-136902ad-9ad3-4579-ab1e-826ed1576804/datanode-8/data/containers/hdds to VolumeSet
2019-09-24 19:05:43,945 [main] INFO  volume.ThrottledAsyncChecker (ThrottledAsyncChecker.java:schedule(139)) - Scheduling a check for org.apache.hadoop.ozone.container.common.volume.HddsVolume@50fdf44f
2019-09-24 19:05:43,946 [main] INFO  volume.HddsVolumeChecker (HddsVolumeChecker.java:checkAllVolumes(202)) - Scheduled health check for volume org.apache.hadoop.ozone.container.common.volume.HddsVolume@50fdf44f
2019-09-24 19:05:43,959 [main] INFO  impl.RaftServerProxy (ConfUtils.java:logGet(43)) - raft.rpc.type = GRPC (default)
2019-09-24 19:05:43,960 [main] INFO  grpc.GrpcFactory (GrpcFactory.java:checkPooledByteBufAllocatorUseCacheForAllThreads(45)) - PERFORMANCE WARNING: useCacheForAllThreads is true that may cause Netty to create a lot garbage objects and, as a result, trigger GC.
	It is recommended to disable useCacheForAllThreads by setting -Dorg.apache.ratis.thirdparty.io.netty.allocator.useCacheForAllThreads=false in command line.
2019-09-24 19:05:43,960 [main] INFO  grpc.GrpcConfigKeys$Server (ConfUtils.java:logGet(43)) - raft.grpc.server.port = 0 (default)
2019-09-24 19:05:43,960 [main] INFO  server.GrpcService (ConfUtils.java:logGet(43)) - raft.grpc.message.size.max = 33570816 (custom)
2019-09-24 19:05:43,960 [main] INFO  server.RaftServerConfigKeys (ConfUtils.java:logGet(43)) - raft.server.log.appender.buffer.byte-limit = 33554432 (custom)
2019-09-24 19:05:43,961 [main] INFO  server.GrpcService (ConfUtils.java:logGet(43)) - raft.grpc.flow.control.window = 1MB (=1048576) (default)
2019-09-24 19:05:43,961 [main] INFO  server.RaftServerConfigKeys (ConfUtils.java:logGet(43)) - raft.server.rpc.request.timeout = 3000ms (default)
2019-09-24 19:05:43,962 [main] INFO  server.RaftServerConfigKeys (ConfUtils.java:logGet(43)) - raft.server.storage.dir = [/workdir/hadoop-ozone/integration-test/target/test-dir/MiniOzoneClusterImpl-136902ad-9ad3-4579-ab1e-826ed1576804/datanode-8/data/ratis] (custom)
2019-09-24 19:05:43,963 [main] INFO  hdfs.DFSUtil (DFSUtil.java:httpServerTemplateForNNAndJN(1641)) - Starting Web-server for hddsDatanode at: http://0.0.0.0:0
2019-09-24 19:05:43,964 [main] INFO  server.AuthenticationFilter (AuthenticationFilter.java:constructSecretProvider(240)) - Unable to initialize FileSignerSecretProvider, falling back to use random secrets.
2019-09-24 19:05:43,965 [main] WARN  http.HttpRequestLog (HttpRequestLog.java:getRequestLog(97)) - Jetty request log can only be enabled using Log4j
2019-09-24 19:05:43,966 [main] INFO  http.HttpServer2 (HttpServer2.java:addGlobalFilter(975)) - Added global filter 'safety' (class=org.apache.hadoop.http.HttpServer2$QuotingInputFilter)
2019-09-24 19:05:43,966 [main] INFO  http.HttpServer2 (HttpServer2.java:addFilter(948)) - Added filter static_user_filter (class=org.apache.hadoop.http.lib.StaticUserWebFilter$StaticUserFilter) to context hddsDatanode
2019-09-24 19:05:43,967 [main] INFO  http.HttpServer2 (HttpServer2.java:addFilter(958)) - Added filter static_user_filter (class=org.apache.hadoop.http.lib.StaticUserWebFilter$StaticUserFilter) to context static
2019-09-24 19:05:43,967 [main] INFO  http.HttpServer2 (HttpServer2.java:addFilter(958)) - Added filter static_user_filter (class=org.apache.hadoop.http.lib.StaticUserWebFilter$StaticUserFilter) to context logs
2019-09-24 19:05:43,967 [main] INFO  http.HttpServer2 (HttpServer2.java:bindListener(1191)) - Jetty bound to port 38542
2019-09-24 19:05:43,968 [main] INFO  server.Server (Server.java:doStart(351)) - jetty-9.3.25.v20180904, build timestamp: 2018-09-04T21:11:46Z, git hash: 3ce520221d0240229c862b122d2b06c12a625732
2019-09-24 19:05:43,969 [main] INFO  handler.ContextHandler (ContextHandler.java:doStart(781)) - Started o.e.j.s.ServletContextHandler@e5c2463{/logs,file:///workdir/hadoop-ozone/integration-test/target/log,AVAILABLE}
2019-09-24 19:05:43,970 [main] INFO  handler.ContextHandler (ContextHandler.java:doStart(781)) - Started o.e.j.s.ServletContextHandler@4f7be6c8{/static,jar:file:/home/user/.m2/repository/org/apache/hadoop/hadoop-hdds-container-service/0.5.0-SNAPSHOT/hadoop-hdds-container-service-0.5.0-SNAPSHOT.jar!/webapps/static,AVAILABLE}
2019-09-24 19:05:43,997 [main] INFO  handler.ContextHandler (ContextHandler.java:doStart(781)) - Started o.e.j.w.WebAppContext@23e3f5cd{/,file:///tmp/jetty-0.0.0.0-38542-hddsDatanode-_-any-8952059010057976372.dir/webapp/,AVAILABLE}{/hddsDatanode}
2019-09-24 19:05:43,998 [main] INFO  server.AbstractConnector (AbstractConnector.java:doStart(278)) - Started ServerConnector@5c931134{HTTP/1.1,[http/1.1]}{0.0.0.0:38542}
2019-09-24 19:05:43,999 [main] INFO  server.Server (Server.java:doStart(419)) - Started @362073ms
2019-09-24 19:05:44,000 [main] WARN  impl.MetricsSystemImpl (MetricsSystemImpl.java:register(276)) - Sink prometheus already exists!
2019-09-24 19:05:44,000 [main] INFO  server.BaseHttpServer (BaseHttpServer.java:updateConnectorAddress(215)) - HTTP server of HDDSDATANODE is listening at http://0.0.0.0:38542
2019-09-24 19:05:44,001 [main] INFO  impl.MetricsSystemImpl (MetricsSystemImpl.java:init(158)) - HddsDatanode metrics system started (again)
2019-09-24 19:05:44,005 [org.apache.hadoop.util.JvmPauseMonitor$Monitor@5fc0b0ca] INFO  util.JvmPauseMonitor (JvmPauseMonitor.java:run(188)) - Starting JVM pause monitor
2019-09-24 19:05:44,005 [main] INFO  ozone.HddsDatanodeService (HddsDatanodeService.java:start(184)) - HddsDatanodeService host:pr-hdds-2149-fgl4f-1742389470 ip:192.168.5.148
2019-09-24 19:05:44,007 [Datanode State Machine Thread - 0] INFO  datanode.InitDatanodeState (InitDatanodeState.java:persistContainerDatanodeDetails(140)) - DatanodeDetails is persisted to /workdir/hadoop-ozone/integration-test/target/test-dir/MiniOzoneClusterImpl-136902ad-9ad3-4579-ab1e-826ed1576804/datanode-8/meta/datanode.id
2019-09-24 19:05:44,012 [main] INFO  volume.HddsVolume (HddsVolume.java:<init>(176)) - Creating Volume: /workdir/hadoop-ozone/integration-test/target/test-dir/MiniOzoneClusterImpl-136902ad-9ad3-4579-ab1e-826ed1576804/datanode-9/data/containers/hdds of  storage type : DISK and capacity : 1482555576320
2019-09-24 19:05:44,012 [main] INFO  volume.VolumeSet (VolumeSet.java:initializeVolumeSet(170)) - Added Volume : /workdir/hadoop-ozone/integration-test/target/test-dir/MiniOzoneClusterImpl-136902ad-9ad3-4579-ab1e-826ed1576804/datanode-9/data/containers/hdds to VolumeSet
2019-09-24 19:05:44,012 [main] INFO  volume.ThrottledAsyncChecker (ThrottledAsyncChecker.java:schedule(139)) - Scheduling a check for org.apache.hadoop.ozone.container.common.volume.HddsVolume@4b325930
2019-09-24 19:05:44,013 [main] INFO  volume.HddsVolumeChecker (HddsVolumeChecker.java:checkAllVolumes(202)) - Scheduled health check for volume org.apache.hadoop.ozone.container.common.volume.HddsVolume@4b325930
2019-09-24 19:05:44,027 [main] INFO  impl.RaftServerProxy (ConfUtils.java:logGet(43)) - raft.rpc.type = GRPC (default)
2019-09-24 19:05:44,027 [main] INFO  grpc.GrpcFactory (GrpcFactory.java:checkPooledByteBufAllocatorUseCacheForAllThreads(45)) - PERFORMANCE WARNING: useCacheForAllThreads is true that may cause Netty to create a lot garbage objects and, as a result, trigger GC.
	It is recommended to disable useCacheForAllThreads by setting -Dorg.apache.ratis.thirdparty.io.netty.allocator.useCacheForAllThreads=false in command line.
2019-09-24 19:05:44,028 [main] INFO  grpc.GrpcConfigKeys$Server (ConfUtils.java:logGet(43)) - raft.grpc.server.port = 0 (default)
2019-09-24 19:05:44,028 [main] INFO  server.GrpcService (ConfUtils.java:logGet(43)) - raft.grpc.message.size.max = 33570816 (custom)
2019-09-24 19:05:44,028 [main] INFO  server.RaftServerConfigKeys (ConfUtils.java:logGet(43)) - raft.server.log.appender.buffer.byte-limit = 33554432 (custom)
2019-09-24 19:05:44,028 [main] INFO  server.GrpcService (ConfUtils.java:logGet(43)) - raft.grpc.flow.control.window = 1MB (=1048576) (default)
2019-09-24 19:05:44,028 [main] INFO  server.RaftServerConfigKeys (ConfUtils.java:logGet(43)) - raft.server.rpc.request.timeout = 3000ms (default)
2019-09-24 19:05:44,029 [main] INFO  server.RaftServerConfigKeys (ConfUtils.java:logGet(43)) - raft.server.storage.dir = [/workdir/hadoop-ozone/integration-test/target/test-dir/MiniOzoneClusterImpl-136902ad-9ad3-4579-ab1e-826ed1576804/datanode-9/data/ratis] (custom)
2019-09-24 19:05:44,030 [main] INFO  hdfs.DFSUtil (DFSUtil.java:httpServerTemplateForNNAndJN(1641)) - Starting Web-server for hddsDatanode at: http://0.0.0.0:0
2019-09-24 19:05:44,031 [main] INFO  server.AuthenticationFilter (AuthenticationFilter.java:constructSecretProvider(240)) - Unable to initialize FileSignerSecretProvider, falling back to use random secrets.
2019-09-24 19:05:44,032 [main] WARN  http.HttpRequestLog (HttpRequestLog.java:getRequestLog(97)) - Jetty request log can only be enabled using Log4j
2019-09-24 19:05:44,033 [main] INFO  http.HttpServer2 (HttpServer2.java:addGlobalFilter(975)) - Added global filter 'safety' (class=org.apache.hadoop.http.HttpServer2$QuotingInputFilter)
2019-09-24 19:05:44,034 [main] INFO  http.HttpServer2 (HttpServer2.java:addFilter(948)) - Added filter static_user_filter (class=org.apache.hadoop.http.lib.StaticUserWebFilter$StaticUserFilter) to context hddsDatanode
2019-09-24 19:05:44,034 [main] INFO  http.HttpServer2 (HttpServer2.java:addFilter(958)) - Added filter static_user_filter (class=org.apache.hadoop.http.lib.StaticUserWebFilter$StaticUserFilter) to context static
2019-09-24 19:05:44,034 [main] INFO  http.HttpServer2 (HttpServer2.java:addFilter(958)) - Added filter static_user_filter (class=org.apache.hadoop.http.lib.StaticUserWebFilter$StaticUserFilter) to context logs
2019-09-24 19:05:44,035 [main] INFO  http.HttpServer2 (HttpServer2.java:bindListener(1191)) - Jetty bound to port 32956
2019-09-24 19:05:44,035 [main] INFO  server.Server (Server.java:doStart(351)) - jetty-9.3.25.v20180904, build timestamp: 2018-09-04T21:11:46Z, git hash: 3ce520221d0240229c862b122d2b06c12a625732
2019-09-24 19:05:44,037 [main] INFO  handler.ContextHandler (ContextHandler.java:doStart(781)) - Started o.e.j.s.ServletContextHandler@2dfeb141{/logs,file:///workdir/hadoop-ozone/integration-test/target/log,AVAILABLE}
2019-09-24 19:05:44,037 [main] INFO  handler.ContextHandler (ContextHandler.java:doStart(781)) - Started o.e.j.s.ServletContextHandler@498c535d{/static,jar:file:/home/user/.m2/repository/org/apache/hadoop/hadoop-hdds-container-service/0.5.0-SNAPSHOT/hadoop-hdds-container-service-0.5.0-SNAPSHOT.jar!/webapps/static,AVAILABLE}
2019-09-24 19:05:44,065 [main] INFO  handler.ContextHandler (ContextHandler.java:doStart(781)) - Started o.e.j.w.WebAppContext@2c18a3ea{/,file:///tmp/jetty-0.0.0.0-32956-hddsDatanode-_-any-3694014322071988264.dir/webapp/,AVAILABLE}{/hddsDatanode}
2019-09-24 19:05:44,066 [main] INFO  server.AbstractConnector (AbstractConnector.java:doStart(278)) - Started ServerConnector@166c2c17{HTTP/1.1,[http/1.1]}{0.0.0.0:32956}
2019-09-24 19:05:44,068 [main] INFO  server.Server (Server.java:doStart(419)) - Started @362142ms
2019-09-24 19:05:44,068 [main] WARN  impl.MetricsSystemImpl (MetricsSystemImpl.java:register(276)) - Sink prometheus already exists!
2019-09-24 19:05:44,069 [main] INFO  server.BaseHttpServer (BaseHttpServer.java:updateConnectorAddress(215)) - HTTP server of HDDSDATANODE is listening at http://0.0.0.0:32956
2019-09-24 19:05:44,069 [main] INFO  ozone.MiniOzoneClusterImpl (MiniOzoneClusterImpl.java:lambda$waitForClusterToBeReady$0(147)) - Waiting for cluster to be ready. Got 0 of 10 DN Heartbeats.
2019-09-24 19:05:44,070 [org.apache.hadoop.util.JvmPauseMonitor$Monitor@1463528a] INFO  util.JvmPauseMonitor (JvmPauseMonitor.java:run(188)) - Starting JVM pause monitor
2019-09-24 19:05:44,072 [Datanode State Machine Thread - 0] INFO  datanode.InitDatanodeState (InitDatanodeState.java:persistContainerDatanodeDetails(140)) - DatanodeDetails is persisted to /workdir/hadoop-ozone/integration-test/target/test-dir/MiniOzoneClusterImpl-136902ad-9ad3-4579-ab1e-826ed1576804/datanode-9/meta/datanode.id
2019-09-24 19:05:45,070 [main] INFO  ozone.MiniOzoneClusterImpl (MiniOzoneClusterImpl.java:lambda$waitForClusterToBeReady$0(147)) - Waiting for cluster to be ready. Got 0 of 10 DN Heartbeats.
2019-09-24 19:05:46,070 [main] INFO  ozone.MiniOzoneClusterImpl (MiniOzoneClusterImpl.java:lambda$waitForClusterToBeReady$0(147)) - Waiting for cluster to be ready. Got 0 of 10 DN Heartbeats.
2019-09-24 19:05:47,071 [main] INFO  ozone.MiniOzoneClusterImpl (MiniOzoneClusterImpl.java:lambda$waitForClusterToBeReady$0(147)) - Waiting for cluster to be ready. Got 0 of 10 DN Heartbeats.
2019-09-24 19:05:48,072 [main] INFO  ozone.MiniOzoneClusterImpl (MiniOzoneClusterImpl.java:lambda$waitForClusterToBeReady$0(147)) - Waiting for cluster to be ready. Got 0 of 10 DN Heartbeats.
2019-09-24 19:05:49,072 [main] INFO  ozone.MiniOzoneClusterImpl (MiniOzoneClusterImpl.java:lambda$waitForClusterToBeReady$0(147)) - Waiting for cluster to be ready. Got 0 of 10 DN Heartbeats.
2019-09-24 19:05:50,073 [main] INFO  ozone.MiniOzoneClusterImpl (MiniOzoneClusterImpl.java:lambda$waitForClusterToBeReady$0(147)) - Waiting for cluster to be ready. Got 0 of 10 DN Heartbeats.
2019-09-24 19:05:50,702 [Datanode State Machine Thread - 0] INFO  ozoneimpl.OzoneContainer (OzoneContainer.java:start(217)) - Attempting to start container services.
2019-09-24 19:05:50,702 [Datanode State Machine Thread - 0] INFO  ozoneimpl.OzoneContainer (OzoneContainer.java:start(217)) - Attempting to start container services.
2019-09-24 19:05:50,702 [Datanode State Machine Thread - 0] INFO  ozoneimpl.OzoneContainer (OzoneContainer.java:start(217)) - Attempting to start container services.
2019-09-24 19:05:50,702 [Datanode State Machine Thread - 0] INFO  ozoneimpl.OzoneContainer (OzoneContainer.java:start(217)) - Attempting to start container services.
2019-09-24 19:05:50,703 [Datanode State Machine Thread - 0] INFO  ozoneimpl.OzoneContainer (OzoneContainer.java:start(217)) - Attempting to start container services.
2019-09-24 19:05:50,703 [Datanode State Machine Thread - 0] INFO  ozoneimpl.OzoneContainer (OzoneContainer.java:start(217)) - Attempting to start container services.
2019-09-24 19:05:50,703 [Datanode State Machine Thread - 0] INFO  ozoneimpl.OzoneContainer (OzoneContainer.java:start(217)) - Attempting to start container services.
2019-09-24 19:05:50,703 [Datanode State Machine Thread - 0] INFO  ozoneimpl.OzoneContainer (OzoneContainer.java:startContainerScrub(179)) - Background container scanner has been disabled.
2019-09-24 19:05:50,703 [Datanode State Machine Thread - 0] INFO  ozoneimpl.OzoneContainer (OzoneContainer.java:start(217)) - Attempting to start container services.
2019-09-24 19:05:50,703 [Datanode State Machine Thread - 0] INFO  ozoneimpl.OzoneContainer (OzoneContainer.java:startContainerScrub(179)) - Background container scanner has been disabled.
2019-09-24 19:05:50,703 [Datanode State Machine Thread - 0] INFO  ozoneimpl.OzoneContainer (OzoneContainer.java:startContainerScrub(179)) - Background container scanner has been disabled.
2019-09-24 19:05:50,705 [Datanode State Machine Thread - 0] INFO  ratis.XceiverServerRatis (XceiverServerRatis.java:start(411)) - Starting XceiverServerRatis 70dfb86a-3f13-4b6d-b7c4-84ce5a46c243 at port 0
2019-09-24 19:05:50,704 [Datanode State Machine Thread - 0] INFO  ozoneimpl.OzoneContainer (OzoneContainer.java:startContainerScrub(179)) - Background container scanner has been disabled.
2019-09-24 19:05:50,705 [Datanode State Machine Thread - 0] INFO  ratis.XceiverServerRatis (XceiverServerRatis.java:start(411)) - Starting XceiverServerRatis cdfee9e8-5b20-415d-9bb5-0344545c80d2 at port 0
2019-09-24 19:05:50,704 [Datanode State Machine Thread - 0] INFO  ratis.XceiverServerRatis (XceiverServerRatis.java:start(411)) - Starting XceiverServerRatis d0ff2f9c-75fb-4559-babd-7e65d084c18c at port 0
2019-09-24 19:05:50,704 [Datanode State Machine Thread - 0] INFO  ozoneimpl.OzoneContainer (OzoneContainer.java:startContainerScrub(179)) - Background container scanner has been disabled.
2019-09-24 19:05:50,704 [Datanode State Machine Thread - 0] INFO  ozoneimpl.OzoneContainer (OzoneContainer.java:startContainerScrub(179)) - Background container scanner has been disabled.
2019-09-24 19:05:50,706 [Datanode State Machine Thread - 0] INFO  ratis.XceiverServerRatis (XceiverServerRatis.java:start(411)) - Starting XceiverServerRatis b50c6779-182a-4abf-ac90-b7c5982ab67f at port 0
2019-09-24 19:05:50,704 [Datanode State Machine Thread - 0] INFO  ozoneimpl.OzoneContainer (OzoneContainer.java:startContainerScrub(179)) - Background container scanner has been disabled.
2019-09-24 19:05:50,703 [Datanode State Machine Thread - 0] INFO  ozoneimpl.OzoneContainer (OzoneContainer.java:startContainerScrub(179)) - Background container scanner has been disabled.
2019-09-24 19:05:50,703 [Datanode State Machine Thread - 0] INFO  ozoneimpl.OzoneContainer (OzoneContainer.java:start(217)) - Attempting to start container services.
2019-09-24 19:05:50,703 [Datanode State Machine Thread - 0] INFO  ozoneimpl.OzoneContainer (OzoneContainer.java:start(217)) - Attempting to start container services.
2019-09-24 19:05:50,707 [Datanode State Machine Thread - 0] INFO  ozoneimpl.OzoneContainer (OzoneContainer.java:startContainerScrub(179)) - Background container scanner has been disabled.
2019-09-24 19:05:50,706 [Datanode State Machine Thread - 0] INFO  ratis.XceiverServerRatis (XceiverServerRatis.java:start(411)) - Starting XceiverServerRatis a40dc6a7-dd57-43b2-8140-c9b531d6a225 at port 0
2019-09-24 19:05:50,706 [Datanode State Machine Thread - 0] INFO  ratis.XceiverServerRatis (XceiverServerRatis.java:start(411)) - Starting XceiverServerRatis 2b914155-a5df-4d0f-a25a-ea2dff218cda at port 0
2019-09-24 19:05:50,706 [Datanode State Machine Thread - 0] INFO  ratis.XceiverServerRatis (XceiverServerRatis.java:start(411)) - Starting XceiverServerRatis 74a8c3a1-4d80-4c26-806c-1183f0126592 at port 0
2019-09-24 19:05:50,705 [Datanode State Machine Thread - 0] INFO  ratis.XceiverServerRatis (XceiverServerRatis.java:start(411)) - Starting XceiverServerRatis a0991bb0-d059-4b75-b34b-f0d320bfe012 at port 0
2019-09-24 19:05:50,707 [Datanode State Machine Thread - 0] INFO  ratis.XceiverServerRatis (XceiverServerRatis.java:start(411)) - Starting XceiverServerRatis ac7efed2-23ae-4300-9788-5d4df34f62ea at port 0
2019-09-24 19:05:50,707 [Datanode State Machine Thread - 0] INFO  ozoneimpl.OzoneContainer (OzoneContainer.java:startContainerScrub(179)) - Background container scanner has been disabled.
2019-09-24 19:05:50,708 [Datanode State Machine Thread - 0] INFO  ratis.XceiverServerRatis (XceiverServerRatis.java:start(411)) - Starting XceiverServerRatis 21dd7c1e-3796-40f7-8b6d-6a90f90938b2 at port 0
2019-09-24 19:05:50,788 [Datanode State Machine Thread - 0] INFO  impl.RaftServerProxy (RaftServerProxy.java:lambda$start$3(299)) - cdfee9e8-5b20-415d-9bb5-0344545c80d2: start RPC server
2019-09-24 19:05:50,791 [Datanode State Machine Thread - 0] INFO  impl.RaftServerProxy (RaftServerProxy.java:lambda$start$3(299)) - a40dc6a7-dd57-43b2-8140-c9b531d6a225: start RPC server
2019-09-24 19:05:50,792 [Datanode State Machine Thread - 0] INFO  impl.RaftServerProxy (RaftServerProxy.java:lambda$start$3(299)) - b50c6779-182a-4abf-ac90-b7c5982ab67f: start RPC server
2019-09-24 19:05:50,794 [Datanode State Machine Thread - 0] INFO  impl.RaftServerProxy (RaftServerProxy.java:lambda$start$3(299)) - 2b914155-a5df-4d0f-a25a-ea2dff218cda: start RPC server
2019-09-24 19:05:50,795 [Datanode State Machine Thread - 0] INFO  impl.RaftServerProxy (RaftServerProxy.java:lambda$start$3(299)) - ac7efed2-23ae-4300-9788-5d4df34f62ea: start RPC server
2019-09-24 19:05:50,796 [Datanode State Machine Thread - 0] INFO  impl.RaftServerProxy (RaftServerProxy.java:lambda$start$3(299)) - a0991bb0-d059-4b75-b34b-f0d320bfe012: start RPC server
2019-09-24 19:05:50,797 [Datanode State Machine Thread - 0] INFO  server.GrpcService (GrpcService.java:startImpl(158)) - cdfee9e8-5b20-415d-9bb5-0344545c80d2: GrpcService started, listening on 0.0.0.0/0.0.0.0:42374
2019-09-24 19:05:50,797 [Datanode State Machine Thread - 0] INFO  server.GrpcService (GrpcService.java:startImpl(158)) - a0991bb0-d059-4b75-b34b-f0d320bfe012: GrpcService started, listening on 0.0.0.0/0.0.0.0:46271
2019-09-24 19:05:50,797 [Datanode State Machine Thread - 0] INFO  server.GrpcService (GrpcService.java:startImpl(158)) - a40dc6a7-dd57-43b2-8140-c9b531d6a225: GrpcService started, listening on 0.0.0.0/0.0.0.0:43344
2019-09-24 19:05:50,797 [Datanode State Machine Thread - 0] INFO  server.GrpcService (GrpcService.java:startImpl(158)) - b50c6779-182a-4abf-ac90-b7c5982ab67f: GrpcService started, listening on 0.0.0.0/0.0.0.0:46476
2019-09-24 19:05:50,797 [Datanode State Machine Thread - 0] INFO  server.GrpcService (GrpcService.java:startImpl(158)) - ac7efed2-23ae-4300-9788-5d4df34f62ea: GrpcService started, listening on 0.0.0.0/0.0.0.0:45179
2019-09-24 19:05:50,797 [Datanode State Machine Thread - 0] INFO  server.GrpcService (GrpcService.java:startImpl(158)) - 2b914155-a5df-4d0f-a25a-ea2dff218cda: GrpcService started, listening on 0.0.0.0/0.0.0.0:42456
2019-09-24 19:05:50,798 [Datanode State Machine Thread - 0] INFO  ratis.XceiverServerRatis (XceiverServerRatis.java:start(421)) - XceiverServerRatis ac7efed2-23ae-4300-9788-5d4df34f62ea is started using port 45179
2019-09-24 19:05:50,798 [Datanode State Machine Thread - 0] INFO  ratis.XceiverServerRatis (XceiverServerRatis.java:start(421)) - XceiverServerRatis b50c6779-182a-4abf-ac90-b7c5982ab67f is started using port 46476
2019-09-24 19:05:50,797 [Datanode State Machine Thread - 0] INFO  impl.RaftServerProxy (RaftServerProxy.java:lambda$start$3(299)) - 21dd7c1e-3796-40f7-8b6d-6a90f90938b2: start RPC server
2019-09-24 19:05:50,797 [Datanode State Machine Thread - 0] INFO  ratis.XceiverServerRatis (XceiverServerRatis.java:start(421)) - XceiverServerRatis a40dc6a7-dd57-43b2-8140-c9b531d6a225 is started using port 43344
2019-09-24 19:05:50,797 [Datanode State Machine Thread - 0] INFO  ratis.XceiverServerRatis (XceiverServerRatis.java:start(421)) - XceiverServerRatis a0991bb0-d059-4b75-b34b-f0d320bfe012 is started using port 46271
2019-09-24 19:05:50,799 [Datanode State Machine Thread - 0] INFO  server.XceiverServerGrpc (XceiverServerGrpc.java:start(149)) - XceiverServerGrpc ac7efed2-23ae-4300-9788-5d4df34f62ea is started using port 42217
2019-09-24 19:05:50,797 [Datanode State Machine Thread - 0] INFO  ratis.XceiverServerRatis (XceiverServerRatis.java:start(421)) - XceiverServerRatis cdfee9e8-5b20-415d-9bb5-0344545c80d2 is started using port 42374
2019-09-24 19:05:50,799 [Datanode State Machine Thread - 0] INFO  server.XceiverServerGrpc (XceiverServerGrpc.java:start(149)) - XceiverServerGrpc a40dc6a7-dd57-43b2-8140-c9b531d6a225 is started using port 36274
2019-09-24 19:05:50,799 [Datanode State Machine Thread - 0] INFO  server.GrpcService (GrpcService.java:startImpl(158)) - 21dd7c1e-3796-40f7-8b6d-6a90f90938b2: GrpcService started, listening on 0.0.0.0/0.0.0.0:42179
2019-09-24 19:05:50,799 [Datanode State Machine Thread - 0] INFO  server.XceiverServerGrpc (XceiverServerGrpc.java:start(149)) - XceiverServerGrpc b50c6779-182a-4abf-ac90-b7c5982ab67f is started using port 38173
2019-09-24 19:05:50,798 [Datanode State Machine Thread - 0] INFO  ratis.XceiverServerRatis (XceiverServerRatis.java:start(421)) - XceiverServerRatis 2b914155-a5df-4d0f-a25a-ea2dff218cda is started using port 42456
2019-09-24 19:05:50,799 [Datanode State Machine Thread - 0] INFO  server.XceiverServerGrpc (XceiverServerGrpc.java:start(149)) - XceiverServerGrpc cdfee9e8-5b20-415d-9bb5-0344545c80d2 is started using port 38962
2019-09-24 19:05:50,799 [Datanode State Machine Thread - 0] INFO  ratis.XceiverServerRatis (XceiverServerRatis.java:start(421)) - XceiverServerRatis 21dd7c1e-3796-40f7-8b6d-6a90f90938b2 is started using port 42179
2019-09-24 19:05:50,799 [Datanode State Machine Thread - 0] INFO  impl.RaftServerProxy (RaftServerProxy.java:lambda$start$3(299)) - 70dfb86a-3f13-4b6d-b7c4-84ce5a46c243: start RPC server
2019-09-24 19:05:50,799 [Datanode State Machine Thread - 0] INFO  server.XceiverServerGrpc (XceiverServerGrpc.java:start(149)) - XceiverServerGrpc a0991bb0-d059-4b75-b34b-f0d320bfe012 is started using port 41712
2019-09-24 19:05:50,800 [Datanode State Machine Thread - 0] INFO  server.XceiverServerGrpc (XceiverServerGrpc.java:start(149)) - XceiverServerGrpc 2b914155-a5df-4d0f-a25a-ea2dff218cda is started using port 36529
2019-09-24 19:05:50,801 [Datanode State Machine Thread - 0] INFO  server.XceiverServerGrpc (XceiverServerGrpc.java:start(149)) - XceiverServerGrpc 21dd7c1e-3796-40f7-8b6d-6a90f90938b2 is started using port 41009
2019-09-24 19:05:50,801 [Datanode State Machine Thread - 0] INFO  server.GrpcService (GrpcService.java:startImpl(158)) - 70dfb86a-3f13-4b6d-b7c4-84ce5a46c243: GrpcService started, listening on 0.0.0.0/0.0.0.0:37762
2019-09-24 19:05:50,811 [Datanode State Machine Thread - 0] INFO  ratis.XceiverServerRatis (XceiverServerRatis.java:start(421)) - XceiverServerRatis 70dfb86a-3f13-4b6d-b7c4-84ce5a46c243 is started using port 37762
2019-09-24 19:05:50,814 [Datanode State Machine Thread - 0] INFO  impl.RaftServerProxy (RaftServerProxy.java:lambda$start$3(299)) - 74a8c3a1-4d80-4c26-806c-1183f0126592: start RPC server
2019-09-24 19:05:50,817 [Datanode State Machine Thread - 0] INFO  impl.RaftServerProxy (RaftServerProxy.java:lambda$start$3(299)) - d0ff2f9c-75fb-4559-babd-7e65d084c18c: start RPC server
2019-09-24 19:05:50,838 [Datanode State Machine Thread - 0] INFO  server.XceiverServerGrpc (XceiverServerGrpc.java:start(149)) - XceiverServerGrpc 70dfb86a-3f13-4b6d-b7c4-84ce5a46c243 is started using port 33947
2019-09-24 19:05:50,837 [Datanode State Machine Thread - 0] INFO  server.GrpcService (GrpcService.java:startImpl(158)) - 74a8c3a1-4d80-4c26-806c-1183f0126592: GrpcService started, listening on 0.0.0.0/0.0.0.0:44605
2019-09-24 19:05:50,838 [Datanode State Machine Thread - 0] INFO  ratis.XceiverServerRatis (XceiverServerRatis.java:start(421)) - XceiverServerRatis 74a8c3a1-4d80-4c26-806c-1183f0126592 is started using port 44605
2019-09-24 19:05:50,842 [Datanode State Machine Thread - 0] INFO  server.GrpcService (GrpcService.java:startImpl(158)) - d0ff2f9c-75fb-4559-babd-7e65d084c18c: GrpcService started, listening on 0.0.0.0/0.0.0.0:38717
2019-09-24 19:05:50,845 [Datanode State Machine Thread - 0] INFO  ratis.XceiverServerRatis (XceiverServerRatis.java:start(421)) - XceiverServerRatis d0ff2f9c-75fb-4559-babd-7e65d084c18c is started using port 38717
2019-09-24 19:05:50,846 [Datanode State Machine Thread - 0] INFO  server.XceiverServerGrpc (XceiverServerGrpc.java:start(149)) - XceiverServerGrpc 74a8c3a1-4d80-4c26-806c-1183f0126592 is started using port 41425
2019-09-24 19:05:50,861 [Datanode State Machine Thread - 0] INFO  server.XceiverServerGrpc (XceiverServerGrpc.java:start(149)) - XceiverServerGrpc d0ff2f9c-75fb-4559-babd-7e65d084c18c is started using port 42561
2019-09-24 19:05:51,074 [main] INFO  ozone.MiniOzoneClusterImpl (MiniOzoneClusterImpl.java:lambda$waitForClusterToBeReady$0(147)) - Waiting for cluster to be ready. Got 0 of 10 DN Heartbeats.
2019-09-24 19:05:51,481 [IPC Server handler 0 on 34799] INFO  net.NetworkTopology (NetworkTopologyImpl.java:add(111)) - Added a new node: /rack1/70dfb86a-3f13-4b6d-b7c4-84ce5a46c243
2019-09-24 19:05:51,484 [IPC Server handler 0 on 34799] INFO  node.SCMNodeManager (SCMNodeManager.java:register(266)) - Registered Data node : 70dfb86a-3f13-4b6d-b7c4-84ce5a46c243{ip: 192.168.5.148, host: pr-hdds-2149-fgl4f-1742389470, networkLocation: /rack1, certSerialId: null}
2019-09-24 19:05:51,485 [EventQueue-NodeRegistrationContainerReportForDataNodeSafeModeRule] INFO  safemode.SCMSafeModeManager (DataNodeSafeModeRule.java:process(71)) - SCM in safe mode. 1 DataNodes registered, 1 required.
2019-09-24 19:05:51,491 [EventQueue-NodeRegistrationContainerReportForDataNodeSafeModeRule] INFO  safemode.SCMSafeModeManager (SCMSafeModeManager.java:validateSafeModeExitRules(177)) - ScmSafeModeManager, all rules are successfully validated
2019-09-24 19:05:51,491 [EventQueue-NodeRegistrationContainerReportForDataNodeSafeModeRule] INFO  safemode.SCMSafeModeManager (SCMSafeModeManager.java:exitSafeMode(193)) - SCM exiting safe mode.
2019-09-24 19:05:51,506 [grpc-default-executor-10] INFO  impl.RaftServerProxy (RaftServerProxy.java:addNew(89)) - 70dfb86a-3f13-4b6d-b7c4-84ce5a46c243: addNew group-44E3D18D79D5:[70dfb86a-3f13-4b6d-b7c4-84ce5a46c243:192.168.5.148:37762] returns group-44E3D18D79D5:java.util.concurrent.CompletableFuture@23ffc9c2[Not completed]
2019-09-24 19:05:51,510 [pool-270-thread-1] INFO  impl.RaftServerImpl (RaftServerImpl.java:<init>(95)) - 70dfb86a-3f13-4b6d-b7c4-84ce5a46c243: new RaftServerImpl for group-44E3D18D79D5:[70dfb86a-3f13-4b6d-b7c4-84ce5a46c243:192.168.5.148:37762] with ContainerStateMachine:uninitialized
2019-09-24 19:05:51,510 [pool-270-thread-1] INFO  server.RaftServerConfigKeys (ConfUtils.java:logGet(43)) - raft.server.rpc.timeout.min = 1s (custom)
2019-09-24 19:05:51,510 [pool-270-thread-1] INFO  server.RaftServerConfigKeys (ConfUtils.java:logGet(43)) - raft.server.rpc.timeout.max = 1200ms (custom)
2019-09-24 19:05:51,510 [pool-270-thread-1] INFO  server.RaftServerConfigKeys (ConfUtils.java:logGet(43)) - raft.server.rpcslowness.timeout = 120s (custom)
2019-09-24 19:05:51,511 [pool-270-thread-1] INFO  server.RaftServerConfigKeys (ConfUtils.java:logGet(43)) - raft.server.sleep.deviation.threshold = 300 (default)
2019-09-24 19:05:51,511 [pool-270-thread-1] INFO  server.RaftServerConfigKeys (ConfUtils.java:logGet(43)) - raft.server.log.appender.install.snapshot.enabled = false (custom)
2019-09-24 19:05:51,511 [pool-270-thread-1] INFO  impl.RaftServerImpl (ServerState.java:<init>(103)) - 70dfb86a-3f13-4b6d-b7c4-84ce5a46c243@group-44E3D18D79D5: ConfigurationManager, init=-1: [70dfb86a-3f13-4b6d-b7c4-84ce5a46c243:192.168.5.148:37762], old=null, confs=<EMPTY_MAP>
2019-09-24 19:05:51,511 [pool-270-thread-1] INFO  server.RaftServerConfigKeys (ConfUtils.java:logGet(43)) - raft.server.storage.dir = [/workdir/hadoop-ozone/integration-test/target/test-dir/MiniOzoneClusterImpl-136902ad-9ad3-4579-ab1e-826ed1576804/datanode-0/data/ratis] (custom)
2019-09-24 19:05:51,512 [pool-270-thread-1] INFO  storage.RaftStorageDirectory (RaftStorageDirectory.java:analyzeStorage(246)) - The storage directory /workdir/hadoop-ozone/integration-test/target/test-dir/MiniOzoneClusterImpl-136902ad-9ad3-4579-ab1e-826ed1576804/datanode-0/data/ratis/011b520b-6d86-42e0-ac02-44e3d18d79d5 does not exist. Creating ...
2019-09-24 19:05:51,526 [pool-270-thread-1] INFO  storage.RaftStorageDirectory (RaftStorageDirectory.java:tryLock(328)) - Lock on /workdir/hadoop-ozone/integration-test/target/test-dir/MiniOzoneClusterImpl-136902ad-9ad3-4579-ab1e-826ed1576804/datanode-0/data/ratis/011b520b-6d86-42e0-ac02-44e3d18d79d5/in_use.lock acquired by nodename 10455@pr-hdds-2149-fgl4f-1742389470
2019-09-24 19:05:51,539 [pool-270-thread-1] INFO  storage.RaftStorage (RaftStorage.java:format(72)) - Storage directory /workdir/hadoop-ozone/integration-test/target/test-dir/MiniOzoneClusterImpl-136902ad-9ad3-4579-ab1e-826ed1576804/datanode-0/data/ratis/011b520b-6d86-42e0-ac02-44e3d18d79d5 has been successfully formatted.
2019-09-24 19:05:51,539 [IPC Server handler 5 on 34799] INFO  net.NetworkTopology (NetworkTopologyImpl.java:add(111)) - Added a new node: /rack1/a0991bb0-d059-4b75-b34b-f0d320bfe012
2019-09-24 19:05:51,539 [pool-270-thread-1] INFO  ratis.ContainerStateMachine (ContainerStateMachine.java:loadSnapshot(230)) - group-44E3D18D79D5: The snapshot info is null. Setting the last applied indexto:(t:0, i:~)
2019-09-24 19:05:51,539 [IPC Server handler 5 on 34799] INFO  node.SCMNodeManager (SCMNodeManager.java:register(266)) - Registered Data node : a0991bb0-d059-4b75-b34b-f0d320bfe012{ip: 192.168.5.148, host: pr-hdds-2149-fgl4f-1742389470, networkLocation: /rack1, certSerialId: null}
2019-09-24 19:05:51,540 [pool-270-thread-1] INFO  server.RaftServerConfigKeys (ConfUtils.java:logGet(43)) - raft.server.notification.no-leader.timeout = 120s (custom)
2019-09-24 19:05:51,540 [pool-270-thread-1] INFO  server.RaftServerConfigKeys (ConfUtils.java:logGet(43)) - raft.server.log.use.memory = false (default)
2019-09-24 19:05:51,540 [pool-270-thread-1] INFO  server.RaftServerConfigKeys (ConfUtils.java:logGet(43)) - raft.server.log.purge.gap = 1000000 (custom)
2019-09-24 19:05:51,540 [pool-270-thread-1] INFO  server.RaftServerConfigKeys (ConfUtils.java:logGet(43)) - raft.server.log.appender.buffer.byte-limit = 33554432 (custom)
2019-09-24 19:05:51,540 [pool-270-thread-1] INFO  server.RaftServerConfigKeys (ConfUtils.java:logGet(43)) - raft.server.log.segment.size.max = 1048576 (custom)
2019-09-24 19:05:51,541 [pool-270-thread-1] INFO  server.RaftServerConfigKeys (ConfUtils.java:logGet(43)) - raft.server.log.segment.cache.num.max = 2 (custom)
2019-09-24 19:05:51,541 [pool-270-thread-1] INFO  segmented.SegmentedRaftLogWorker (SegmentedRaftLogWorker.java:<init>(172)) - new 70dfb86a-3f13-4b6d-b7c4-84ce5a46c243@group-44E3D18D79D5-SegmentedRaftLogWorker for RaftStorage:Storage Directory /workdir/hadoop-ozone/integration-test/target/test-dir/MiniOzoneClusterImpl-136902ad-9ad3-4579-ab1e-826ed1576804/datanode-0/data/ratis/011b520b-6d86-42e0-ac02-44e3d18d79d5
2019-09-24 19:05:51,544 [pool-270-thread-1] INFO  server.RaftServerConfigKeys (ConfUtils.java:logGet(43)) - raft.server.log.queue.byte-limit = 2147483647 (custom)
2019-09-24 19:05:51,544 [pool-270-thread-1] INFO  server.RaftServerConfigKeys (ConfUtils.java:logGet(43)) - raft.server.log.queue.element-limit = 1024 (custom)
2019-09-24 19:05:51,545 [pool-270-thread-1] INFO  server.RaftServerConfigKeys (ConfUtils.java:logGet(43)) - raft.server.log.segment.size.max = 1048576 (custom)
2019-09-24 19:05:51,545 [pool-270-thread-1] INFO  server.RaftServerConfigKeys (ConfUtils.java:logGet(43)) - raft.server.log.preallocated.size = 16384 (custom)
2019-09-24 19:05:51,545 [pool-270-thread-1] INFO  server.RaftServerConfigKeys (ConfUtils.java:logGet(43)) - raft.server.log.write.buffer.size = 33554432 (custom)
2019-09-24 19:05:51,545 [pool-270-thread-1] INFO  server.RaftServerConfigKeys (ConfUtils.java:logGet(43)) - raft.server.log.force.sync.num = 128 (default)
2019-09-24 19:05:51,545 [pool-270-thread-1] INFO  server.RaftServerConfigKeys (ConfUtils.java:logGet(43)) - raft.server.log.statemachine.data.sync = true (default)
2019-09-24 19:05:51,545 [pool-270-thread-1] INFO  server.RaftServerConfigKeys (ConfUtils.java:logGet(43)) - raft.server.log.statemachine.data.sync.timeout = 10s (default)
2019-09-24 19:05:51,546 [pool-270-thread-1] INFO  server.RaftServerConfigKeys (ConfUtils.java:logGet(43)) - raft.server.log.statemachine.data.sync.timeout.retry = -1 (default)
2019-09-24 19:05:51,546 [pool-270-thread-1] INFO  server.RaftServerConfigKeys (ConfUtils.java:logGet(43)) - raft.server.log.statemachine.data.caching.enabled = true (custom)
2019-09-24 19:05:51,546 [pool-270-thread-1] INFO  segmented.SegmentedRaftLogWorker (SegmentedRaftLogWorker.java:lambda$new$0(132)) - 70dfb86a-3f13-4b6d-b7c4-84ce5a46c243@group-44E3D18D79D5-SegmentedRaftLogWorker: flushIndex: setUnconditionally 0 -> -1
2019-09-24 19:05:51,547 [pool-270-thread-1] INFO  server.RaftServerConfigKeys (ConfUtils.java:logGet(43)) - raft.server.snapshot.auto.trigger.enabled = true (custom)
2019-09-24 19:05:51,548 [pool-270-thread-1] INFO  server.RaftServerConfigKeys (ConfUtils.java:logGet(43)) - raft.server.snapshot.auto.trigger.threshold = 10000 (custom)
2019-09-24 19:05:51,548 [pool-270-thread-1] INFO  server.RaftServerConfigKeys (ConfUtils.java:logGet(43)) - raft.server.snapshot.retention.num.files = 5 (custom)
2019-09-24 19:05:51,548 [pool-270-thread-1] INFO  server.RaftServerConfigKeys (ConfUtils.java:logGet(43)) - raft.server.retrycache.expirytime = 600000ms (custom)
2019-09-24 19:05:51,551 [pool-270-thread-1] INFO  impl.RaftServerImpl (RaftServerImpl.java:start(185)) - 70dfb86a-3f13-4b6d-b7c4-84ce5a46c243@group-44E3D18D79D5: start as a follower, conf=-1: [70dfb86a-3f13-4b6d-b7c4-84ce5a46c243:192.168.5.148:37762], old=null
2019-09-24 19:05:51,551 [pool-270-thread-1] INFO  impl.RaftServerImpl (RaftServerImpl.java:setRole(174)) - 70dfb86a-3f13-4b6d-b7c4-84ce5a46c243@group-44E3D18D79D5: changes role from      null to FOLLOWER at term 0 for startAsFollower
2019-09-24 19:05:51,551 [pool-270-thread-1] INFO  impl.RoleInfo (RoleInfo.java:updateAndGet(143)) - 70dfb86a-3f13-4b6d-b7c4-84ce5a46c243: start FollowerState
2019-09-24 19:05:51,552 [pool-270-thread-1] INFO  util.JmxRegister (JmxRegister.java:tryRegister(44)) - Successfully registered JMX Bean with object name Ratis:service=RaftServer,group=group-44E3D18D79D5,id=70dfb86a-3f13-4b6d-b7c4-84ce5a46c243
2019-09-24 19:05:51,556 [RatisPipelineUtilsThread] INFO  pipeline.PipelineStateManager (PipelineStateManager.java:addPipeline(56)) - Created pipeline Pipeline[ Id: 011b520b-6d86-42e0-ac02-44e3d18d79d5, Nodes: 70dfb86a-3f13-4b6d-b7c4-84ce5a46c243{ip: 192.168.5.148, host: pr-hdds-2149-fgl4f-1742389470, networkLocation: /rack1, certSerialId: null}, Type:RATIS, Factor:ONE, State:OPEN]
2019-09-24 19:05:51,562 [grpc-default-executor-10] INFO  impl.RaftServerProxy (RaftServerProxy.java:addNew(89)) - a0991bb0-d059-4b75-b34b-f0d320bfe012: addNew group-6265DF039062:[a0991bb0-d059-4b75-b34b-f0d320bfe012:192.168.5.148:46271] returns group-6265DF039062:java.util.concurrent.CompletableFuture@57d1a772[Not completed]
2019-09-24 19:05:51,564 [pool-280-thread-1] INFO  impl.RaftServerImpl (RaftServerImpl.java:<init>(95)) - a0991bb0-d059-4b75-b34b-f0d320bfe012: new RaftServerImpl for group-6265DF039062:[a0991bb0-d059-4b75-b34b-f0d320bfe012:192.168.5.148:46271] with ContainerStateMachine:uninitialized
2019-09-24 19:05:51,564 [pool-280-thread-1] INFO  server.RaftServerConfigKeys (ConfUtils.java:logGet(43)) - raft.server.rpc.timeout.min = 1s (custom)
2019-09-24 19:05:51,564 [pool-280-thread-1] INFO  server.RaftServerConfigKeys (ConfUtils.java:logGet(43)) - raft.server.rpc.timeout.max = 1200ms (custom)
2019-09-24 19:05:51,565 [pool-280-thread-1] INFO  server.RaftServerConfigKeys (ConfUtils.java:logGet(43)) - raft.server.rpcslowness.timeout = 120s (custom)
2019-09-24 19:05:51,565 [pool-280-thread-1] INFO  server.RaftServerConfigKeys (ConfUtils.java:logGet(43)) - raft.server.sleep.deviation.threshold = 300 (default)
2019-09-24 19:05:51,565 [pool-280-thread-1] INFO  server.RaftServerConfigKeys (ConfUtils.java:logGet(43)) - raft.server.log.appender.install.snapshot.enabled = false (custom)
2019-09-24 19:05:51,565 [pool-280-thread-1] INFO  impl.RaftServerImpl (ServerState.java:<init>(103)) - a0991bb0-d059-4b75-b34b-f0d320bfe012@group-6265DF039062: ConfigurationManager, init=-1: [a0991bb0-d059-4b75-b34b-f0d320bfe012:192.168.5.148:46271], old=null, confs=<EMPTY_MAP>
2019-09-24 19:05:51,565 [pool-280-thread-1] INFO  server.RaftServerConfigKeys (ConfUtils.java:logGet(43)) - raft.server.storage.dir = [/workdir/hadoop-ozone/integration-test/target/test-dir/MiniOzoneClusterImpl-136902ad-9ad3-4579-ab1e-826ed1576804/datanode-1/data/ratis] (custom)
2019-09-24 19:05:51,566 [pool-280-thread-1] INFO  storage.RaftStorageDirectory (RaftStorageDirectory.java:analyzeStorage(246)) - The storage directory /workdir/hadoop-ozone/integration-test/target/test-dir/MiniOzoneClusterImpl-136902ad-9ad3-4579-ab1e-826ed1576804/datanode-1/data/ratis/995302fc-73ea-4639-a07d-6265df039062 does not exist. Creating ...
2019-09-24 19:05:51,579 [pool-280-thread-1] INFO  storage.RaftStorageDirectory (RaftStorageDirectory.java:tryLock(328)) - Lock on /workdir/hadoop-ozone/integration-test/target/test-dir/MiniOzoneClusterImpl-136902ad-9ad3-4579-ab1e-826ed1576804/datanode-1/data/ratis/995302fc-73ea-4639-a07d-6265df039062/in_use.lock acquired by nodename 10455@pr-hdds-2149-fgl4f-1742389470
2019-09-24 19:05:51,593 [pool-280-thread-1] INFO  storage.RaftStorage (RaftStorage.java:format(72)) - Storage directory /workdir/hadoop-ozone/integration-test/target/test-dir/MiniOzoneClusterImpl-136902ad-9ad3-4579-ab1e-826ed1576804/datanode-1/data/ratis/995302fc-73ea-4639-a07d-6265df039062 has been successfully formatted.
2019-09-24 19:05:51,593 [pool-280-thread-1] INFO  ratis.ContainerStateMachine (ContainerStateMachine.java:loadSnapshot(230)) - group-6265DF039062: The snapshot info is null. Setting the last applied indexto:(t:0, i:~)
2019-09-24 19:05:51,593 [pool-280-thread-1] INFO  server.RaftServerConfigKeys (ConfUtils.java:logGet(43)) - raft.server.notification.no-leader.timeout = 120s (custom)
2019-09-24 19:05:51,594 [pool-280-thread-1] INFO  server.RaftServerConfigKeys (ConfUtils.java:logGet(43)) - raft.server.log.use.memory = false (default)
2019-09-24 19:05:51,594 [pool-280-thread-1] INFO  server.RaftServerConfigKeys (ConfUtils.java:logGet(43)) - raft.server.log.purge.gap = 1000000 (custom)
2019-09-24 19:05:51,594 [pool-280-thread-1] INFO  server.RaftServerConfigKeys (ConfUtils.java:logGet(43)) - raft.server.log.appender.buffer.byte-limit = 33554432 (custom)
2019-09-24 19:05:51,594 [pool-280-thread-1] INFO  server.RaftServerConfigKeys (ConfUtils.java:logGet(43)) - raft.server.log.segment.size.max = 1048576 (custom)
2019-09-24 19:05:51,594 [pool-280-thread-1] INFO  server.RaftServerConfigKeys (ConfUtils.java:logGet(43)) - raft.server.log.segment.cache.num.max = 2 (custom)
2019-09-24 19:05:51,594 [pool-280-thread-1] INFO  segmented.SegmentedRaftLogWorker (SegmentedRaftLogWorker.java:<init>(172)) - new a0991bb0-d059-4b75-b34b-f0d320bfe012@group-6265DF039062-SegmentedRaftLogWorker for RaftStorage:Storage Directory /workdir/hadoop-ozone/integration-test/target/test-dir/MiniOzoneClusterImpl-136902ad-9ad3-4579-ab1e-826ed1576804/datanode-1/data/ratis/995302fc-73ea-4639-a07d-6265df039062
2019-09-24 19:05:51,597 [pool-280-thread-1] INFO  server.RaftServerConfigKeys (ConfUtils.java:logGet(43)) - raft.server.log.queue.byte-limit = 2147483647 (custom)
2019-09-24 19:05:51,597 [pool-280-thread-1] INFO  server.RaftServerConfigKeys (ConfUtils.java:logGet(43)) - raft.server.log.queue.element-limit = 1024 (custom)
2019-09-24 19:05:51,597 [pool-280-thread-1] INFO  server.RaftServerConfigKeys (ConfUtils.java:logGet(43)) - raft.server.log.segment.size.max = 1048576 (custom)
2019-09-24 19:05:51,597 [pool-280-thread-1] INFO  server.RaftServerConfigKeys (ConfUtils.java:logGet(43)) - raft.server.log.preallocated.size = 16384 (custom)
2019-09-24 19:05:51,598 [pool-280-thread-1] INFO  server.RaftServerConfigKeys (ConfUtils.java:logGet(43)) - raft.server.log.write.buffer.size = 33554432 (custom)
2019-09-24 19:05:51,598 [pool-280-thread-1] INFO  server.RaftServerConfigKeys (ConfUtils.java:logGet(43)) - raft.server.log.force.sync.num = 128 (default)
2019-09-24 19:05:51,598 [pool-280-thread-1] INFO  server.RaftServerConfigKeys (ConfUtils.java:logGet(43)) - raft.server.log.statemachine.data.sync = true (default)
2019-09-24 19:05:51,598 [pool-280-thread-1] INFO  server.RaftServerConfigKeys (ConfUtils.java:logGet(43)) - raft.server.log.statemachine.data.sync.timeout = 10s (default)
2019-09-24 19:05:51,598 [pool-280-thread-1] INFO  server.RaftServerConfigKeys (ConfUtils.java:logGet(43)) - raft.server.log.statemachine.data.sync.timeout.retry = -1 (default)
2019-09-24 19:05:51,598 [pool-280-thread-1] INFO  server.RaftServerConfigKeys (ConfUtils.java:logGet(43)) - raft.server.log.statemachine.data.caching.enabled = true (custom)
2019-09-24 19:05:51,603 [pool-280-thread-1] INFO  segmented.SegmentedRaftLogWorker (SegmentedRaftLogWorker.java:lambda$new$0(132)) - a0991bb0-d059-4b75-b34b-f0d320bfe012@group-6265DF039062-SegmentedRaftLogWorker: flushIndex: setUnconditionally 0 -> -1
2019-09-24 19:05:51,604 [pool-280-thread-1] INFO  server.RaftServerConfigKeys (ConfUtils.java:logGet(43)) - raft.server.snapshot.auto.trigger.enabled = true (custom)
2019-09-24 19:05:51,604 [IPC Server handler 1 on 34799] INFO  net.NetworkTopology (NetworkTopologyImpl.java:add(111)) - Added a new node: /rack1/d0ff2f9c-75fb-4559-babd-7e65d084c18c
2019-09-24 19:05:51,604 [pool-280-thread-1] INFO  server.RaftServerConfigKeys (ConfUtils.java:logGet(43)) - raft.server.snapshot.auto.trigger.threshold = 10000 (custom)
2019-09-24 19:05:51,604 [IPC Server handler 1 on 34799] INFO  node.SCMNodeManager (SCMNodeManager.java:register(266)) - Registered Data node : d0ff2f9c-75fb-4559-babd-7e65d084c18c{ip: 192.168.5.148, host: pr-hdds-2149-fgl4f-1742389470, networkLocation: /rack1, certSerialId: null}
2019-09-24 19:05:51,604 [pool-280-thread-1] INFO  server.RaftServerConfigKeys (ConfUtils.java:logGet(43)) - raft.server.snapshot.retention.num.files = 5 (custom)
2019-09-24 19:05:51,605 [pool-280-thread-1] INFO  server.RaftServerConfigKeys (ConfUtils.java:logGet(43)) - raft.server.retrycache.expirytime = 600000ms (custom)
2019-09-24 19:05:51,609 [pool-280-thread-1] INFO  impl.RaftServerImpl (RaftServerImpl.java:start(185)) - a0991bb0-d059-4b75-b34b-f0d320bfe012@group-6265DF039062: start as a follower, conf=-1: [a0991bb0-d059-4b75-b34b-f0d320bfe012:192.168.5.148:46271], old=null
2019-09-24 19:05:51,609 [pool-280-thread-1] INFO  impl.RaftServerImpl (RaftServerImpl.java:setRole(174)) - a0991bb0-d059-4b75-b34b-f0d320bfe012@group-6265DF039062: changes role from      null to FOLLOWER at term 0 for startAsFollower
2019-09-24 19:05:51,609 [pool-280-thread-1] INFO  impl.RoleInfo (RoleInfo.java:updateAndGet(143)) - a0991bb0-d059-4b75-b34b-f0d320bfe012: start FollowerState
2019-09-24 19:05:51,610 [pool-280-thread-1] INFO  util.JmxRegister (JmxRegister.java:tryRegister(44)) - Successfully registered JMX Bean with object name Ratis:service=RaftServer,group=group-6265DF039062,id=a0991bb0-d059-4b75-b34b-f0d320bfe012
2019-09-24 19:05:51,612 [RatisPipelineUtilsThread] INFO  pipeline.PipelineStateManager (PipelineStateManager.java:addPipeline(56)) - Created pipeline Pipeline[ Id: 995302fc-73ea-4639-a07d-6265df039062, Nodes: a0991bb0-d059-4b75-b34b-f0d320bfe012{ip: 192.168.5.148, host: pr-hdds-2149-fgl4f-1742389470, networkLocation: /rack1, certSerialId: null}, Type:RATIS, Factor:ONE, State:OPEN]
2019-09-24 19:05:51,621 [grpc-default-executor-10] INFO  impl.RaftServerProxy (RaftServerProxy.java:addNew(89)) - d0ff2f9c-75fb-4559-babd-7e65d084c18c: addNew group-7471AC5B8436:[d0ff2f9c-75fb-4559-babd-7e65d084c18c:192.168.5.148:38717] returns group-7471AC5B8436:java.util.concurrent.CompletableFuture@2ffcf495[Not completed]
2019-09-24 19:05:51,622 [pool-290-thread-1] INFO  impl.RaftServerImpl (RaftServerImpl.java:<init>(95)) - d0ff2f9c-75fb-4559-babd-7e65d084c18c: new RaftServerImpl for group-7471AC5B8436:[d0ff2f9c-75fb-4559-babd-7e65d084c18c:192.168.5.148:38717] with ContainerStateMachine:uninitialized
2019-09-24 19:05:51,622 [pool-290-thread-1] INFO  server.RaftServerConfigKeys (ConfUtils.java:logGet(43)) - raft.server.rpc.timeout.min = 1s (custom)
2019-09-24 19:05:51,623 [pool-290-thread-1] INFO  server.RaftServerConfigKeys (ConfUtils.java:logGet(43)) - raft.server.rpc.timeout.max = 1200ms (custom)
2019-09-24 19:05:51,623 [pool-290-thread-1] INFO  server.RaftServerConfigKeys (ConfUtils.java:logGet(43)) - raft.server.rpcslowness.timeout = 120s (custom)
2019-09-24 19:05:51,623 [pool-290-thread-1] INFO  server.RaftServerConfigKeys (ConfUtils.java:logGet(43)) - raft.server.sleep.deviation.threshold = 300 (default)
2019-09-24 19:05:51,623 [pool-290-thread-1] INFO  server.RaftServerConfigKeys (ConfUtils.java:logGet(43)) - raft.server.log.appender.install.snapshot.enabled = false (custom)
2019-09-24 19:05:51,623 [pool-290-thread-1] INFO  impl.RaftServerImpl (ServerState.java:<init>(103)) - d0ff2f9c-75fb-4559-babd-7e65d084c18c@group-7471AC5B8436: ConfigurationManager, init=-1: [d0ff2f9c-75fb-4559-babd-7e65d084c18c:192.168.5.148:38717], old=null, confs=<EMPTY_MAP>
2019-09-24 19:05:51,623 [pool-290-thread-1] INFO  server.RaftServerConfigKeys (ConfUtils.java:logGet(43)) - raft.server.storage.dir = [/workdir/hadoop-ozone/integration-test/target/test-dir/MiniOzoneClusterImpl-136902ad-9ad3-4579-ab1e-826ed1576804/datanode-2/data/ratis] (custom)
2019-09-24 19:05:51,624 [pool-290-thread-1] INFO  storage.RaftStorageDirectory (RaftStorageDirectory.java:analyzeStorage(246)) - The storage directory /workdir/hadoop-ozone/integration-test/target/test-dir/MiniOzoneClusterImpl-136902ad-9ad3-4579-ab1e-826ed1576804/datanode-2/data/ratis/3f104e2e-411b-4866-a9d2-7471ac5b8436 does not exist. Creating ...
2019-09-24 19:05:51,667 [IPC Server handler 4 on 34799] INFO  net.NetworkTopology (NetworkTopologyImpl.java:add(111)) - Added a new node: /rack1/a40dc6a7-dd57-43b2-8140-c9b531d6a225
2019-09-24 19:05:51,668 [IPC Server handler 4 on 34799] INFO  node.SCMNodeManager (SCMNodeManager.java:register(266)) - Registered Data node : a40dc6a7-dd57-43b2-8140-c9b531d6a225{ip: 192.168.5.148, host: pr-hdds-2149-fgl4f-1742389470, networkLocation: /rack1, certSerialId: null}
2019-09-24 19:05:51,730 [IPC Server handler 2 on 34799] INFO  net.NetworkTopology (NetworkTopologyImpl.java:add(111)) - Added a new node: /rack1/2b914155-a5df-4d0f-a25a-ea2dff218cda
2019-09-24 19:05:51,730 [IPC Server handler 2 on 34799] INFO  node.SCMNodeManager (SCMNodeManager.java:register(266)) - Registered Data node : 2b914155-a5df-4d0f-a25a-ea2dff218cda{ip: 192.168.5.148, host: pr-hdds-2149-fgl4f-1742389470, networkLocation: /rack1, certSerialId: null}
2019-09-24 19:05:51,801 [IPC Server handler 8 on 34799] INFO  net.NetworkTopology (NetworkTopologyImpl.java:add(111)) - Added a new node: /rack1/cdfee9e8-5b20-415d-9bb5-0344545c80d2
2019-09-24 19:05:51,801 [IPC Server handler 8 on 34799] INFO  node.SCMNodeManager (SCMNodeManager.java:register(266)) - Registered Data node : cdfee9e8-5b20-415d-9bb5-0344545c80d2{ip: 192.168.5.148, host: pr-hdds-2149-fgl4f-1742389470, networkLocation: /rack1, certSerialId: null}
2019-09-24 19:05:51,867 [IPC Server handler 6 on 34799] INFO  net.NetworkTopology (NetworkTopologyImpl.java:add(111)) - Added a new node: /rack1/b50c6779-182a-4abf-ac90-b7c5982ab67f
2019-09-24 19:05:51,867 [IPC Server handler 6 on 34799] INFO  node.SCMNodeManager (SCMNodeManager.java:register(266)) - Registered Data node : b50c6779-182a-4abf-ac90-b7c5982ab67f{ip: 192.168.5.148, host: pr-hdds-2149-fgl4f-1742389470, networkLocation: /rack1, certSerialId: null}
2019-09-24 19:05:51,942 [IPC Server handler 7 on 34799] INFO  net.NetworkTopology (NetworkTopologyImpl.java:add(111)) - Added a new node: /rack1/74a8c3a1-4d80-4c26-806c-1183f0126592
2019-09-24 19:05:51,943 [IPC Server handler 7 on 34799] INFO  node.SCMNodeManager (SCMNodeManager.java:register(266)) - Registered Data node : 74a8c3a1-4d80-4c26-806c-1183f0126592{ip: 192.168.5.148, host: pr-hdds-2149-fgl4f-1742389470, networkLocation: /rack1, certSerialId: null}
2019-09-24 19:05:52,009 [IPC Server handler 9 on 34799] INFO  net.NetworkTopology (NetworkTopologyImpl.java:add(111)) - Added a new node: /rack1/ac7efed2-23ae-4300-9788-5d4df34f62ea
2019-09-24 19:05:52,010 [IPC Server handler 9 on 34799] INFO  node.SCMNodeManager (SCMNodeManager.java:register(266)) - Registered Data node : ac7efed2-23ae-4300-9788-5d4df34f62ea{ip: 192.168.5.148, host: pr-hdds-2149-fgl4f-1742389470, networkLocation: /rack1, certSerialId: null}
2019-09-24 19:05:52,074 [IPC Server handler 13 on 34799] INFO  net.NetworkTopology (NetworkTopologyImpl.java:add(111)) - Added a new node: /rack1/21dd7c1e-3796-40f7-8b6d-6a90f90938b2
2019-09-24 19:05:52,074 [main] INFO  ozone.MiniOzoneClusterImpl (MiniOzoneClusterImpl.java:lambda$waitForClusterToBeReady$0(147)) - Cluster is ready. Got 10 of 10 DN Heartbeats.
2019-09-24 19:05:52,075 [IPC Server handler 13 on 34799] INFO  node.SCMNodeManager (SCMNodeManager.java:register(266)) - Registered Data node : 21dd7c1e-3796-40f7-8b6d-6a90f90938b2{ip: 192.168.5.148, host: pr-hdds-2149-fgl4f-1742389470, networkLocation: /rack1, certSerialId: null}
2019-09-24 19:05:52,121 [main] INFO  rpc.RpcClient (RpcClient.java:createVolume(276)) - Creating Volume: datanodefailurehandlingtest, with jenkins1000 as owner.
2019-09-24 19:05:52,125 [IPC Server handler 4 on 38790] INFO  volume.OMVolumeCreateRequest (OMVolumeCreateRequest.java:validateAndUpdateCache(189)) - created volume:datanodefailurehandlingtest for user:jenkins1000
2019-09-24 19:05:52,144 [main] INFO  rpc.RpcClient (RpcClient.java:createBucket(415)) - Creating Bucket: datanodefailurehandlingtest/datanodefailurehandlingtest, with Versioning false and Storage Type set to DISK and Encryption set to false 
2019-09-24 19:05:52,734 [Thread-2598] INFO  impl.FollowerState (FollowerState.java:run(106)) - 70dfb86a-3f13-4b6d-b7c4-84ce5a46c243:group-44E3D18D79D5 changes to CANDIDATE, lastRpcTime:1182, electionTimeout:1182ms
2019-09-24 19:05:52,734 [Thread-2598] INFO  impl.RoleInfo (RoleInfo.java:shutdownFollowerState(121)) - 70dfb86a-3f13-4b6d-b7c4-84ce5a46c243: shutdown FollowerState
2019-09-24 19:05:52,734 [Thread-2598] INFO  impl.RaftServerImpl (RaftServerImpl.java:setRole(174)) - 70dfb86a-3f13-4b6d-b7c4-84ce5a46c243@group-44E3D18D79D5: changes role from  FOLLOWER to CANDIDATE at term 0 for changeToCandidate
2019-09-24 19:05:52,735 [Thread-2598] INFO  impl.RoleInfo (RoleInfo.java:updateAndGet(143)) - 70dfb86a-3f13-4b6d-b7c4-84ce5a46c243: start LeaderElection
2019-09-24 19:05:52,757 [Thread-2601] INFO  impl.FollowerState (FollowerState.java:run(106)) - a0991bb0-d059-4b75-b34b-f0d320bfe012:group-6265DF039062 changes to CANDIDATE, lastRpcTime:1147, electionTimeout:1147ms
2019-09-24 19:05:52,757 [Thread-2601] INFO  impl.RoleInfo (RoleInfo.java:shutdownFollowerState(121)) - a0991bb0-d059-4b75-b34b-f0d320bfe012: shutdown FollowerState
2019-09-24 19:05:52,757 [Thread-2601] INFO  impl.RaftServerImpl (RaftServerImpl.java:setRole(174)) - a0991bb0-d059-4b75-b34b-f0d320bfe012@group-6265DF039062: changes role from  FOLLOWER to CANDIDATE at term 0 for changeToCandidate
2019-09-24 19:05:52,757 [Thread-2601] INFO  impl.RoleInfo (RoleInfo.java:updateAndGet(143)) - a0991bb0-d059-4b75-b34b-f0d320bfe012: start LeaderElection
2019-09-24 19:05:53,694 [pool-290-thread-1] INFO  storage.RaftStorageDirectory (RaftStorageDirectory.java:tryLock(328)) - Lock on /workdir/hadoop-ozone/integration-test/target/test-dir/MiniOzoneClusterImpl-136902ad-9ad3-4579-ab1e-826ed1576804/datanode-2/data/ratis/3f104e2e-411b-4866-a9d2-7471ac5b8436/in_use.lock acquired by nodename 10455@pr-hdds-2149-fgl4f-1742389470
2019-09-24 19:05:53,694 [a0991bb0-d059-4b75-b34b-f0d320bfe012@group-6265DF039062:LeaderElection156] INFO  impl.LeaderElection (LeaderElection.java:askForVotes(182)) - a0991bb0-d059-4b75-b34b-f0d320bfe012@group-6265DF039062:LeaderElection156: begin an election at term 1 for -1: [a0991bb0-d059-4b75-b34b-f0d320bfe012:192.168.5.148:46271], old=null
2019-09-24 19:05:53,694 [70dfb86a-3f13-4b6d-b7c4-84ce5a46c243@group-44E3D18D79D5:LeaderElection155] INFO  impl.LeaderElection (LeaderElection.java:askForVotes(182)) - 70dfb86a-3f13-4b6d-b7c4-84ce5a46c243@group-44E3D18D79D5:LeaderElection155: begin an election at term 1 for -1: [70dfb86a-3f13-4b6d-b7c4-84ce5a46c243:192.168.5.148:37762], old=null
2019-09-24 19:05:53,694 [a0991bb0-d059-4b75-b34b-f0d320bfe012@group-6265DF039062:LeaderElection156] INFO  impl.RoleInfo (RoleInfo.java:shutdownLeaderElection(134)) - a0991bb0-d059-4b75-b34b-f0d320bfe012: shutdown LeaderElection
2019-09-24 19:05:53,695 [70dfb86a-3f13-4b6d-b7c4-84ce5a46c243@group-44E3D18D79D5:LeaderElection155] INFO  impl.RoleInfo (RoleInfo.java:shutdownLeaderElection(134)) - 70dfb86a-3f13-4b6d-b7c4-84ce5a46c243: shutdown LeaderElection
2019-09-24 19:05:53,695 [a0991bb0-d059-4b75-b34b-f0d320bfe012@group-6265DF039062:LeaderElection156] INFO  impl.RaftServerImpl (RaftServerImpl.java:setRole(174)) - a0991bb0-d059-4b75-b34b-f0d320bfe012@group-6265DF039062: changes role from CANDIDATE to LEADER at term 1 for changeToLeader
2019-09-24 19:05:53,695 [70dfb86a-3f13-4b6d-b7c4-84ce5a46c243@group-44E3D18D79D5:LeaderElection155] INFO  impl.RaftServerImpl (RaftServerImpl.java:setRole(174)) - 70dfb86a-3f13-4b6d-b7c4-84ce5a46c243@group-44E3D18D79D5: changes role from CANDIDATE to LEADER at term 1 for changeToLeader
2019-09-24 19:05:53,695 [a0991bb0-d059-4b75-b34b-f0d320bfe012@group-6265DF039062:LeaderElection156] INFO  impl.RaftServerImpl (ServerState.java:setLeader(253)) - a0991bb0-d059-4b75-b34b-f0d320bfe012@group-6265DF039062: change Leader from null to a0991bb0-d059-4b75-b34b-f0d320bfe012 at term 1 for becomeLeader, leader elected after 2101ms
2019-09-24 19:05:53,695 [70dfb86a-3f13-4b6d-b7c4-84ce5a46c243@group-44E3D18D79D5:LeaderElection155] INFO  impl.RaftServerImpl (ServerState.java:setLeader(253)) - 70dfb86a-3f13-4b6d-b7c4-84ce5a46c243@group-44E3D18D79D5: change Leader from null to 70dfb86a-3f13-4b6d-b7c4-84ce5a46c243 at term 1 for becomeLeader, leader elected after 2155ms
2019-09-24 19:05:53,696 [a0991bb0-d059-4b75-b34b-f0d320bfe012@group-6265DF039062:LeaderElection156] INFO  server.RaftServerConfigKeys (ConfUtils.java:logGet(43)) - raft.server.staging.catchup.gap = 1000 (default)
2019-09-24 19:05:53,696 [70dfb86a-3f13-4b6d-b7c4-84ce5a46c243@group-44E3D18D79D5:LeaderElection155] INFO  server.RaftServerConfigKeys (ConfUtils.java:logGet(43)) - raft.server.staging.catchup.gap = 1000 (default)
2019-09-24 19:05:53,696 [a0991bb0-d059-4b75-b34b-f0d320bfe012@group-6265DF039062:LeaderElection156] INFO  server.RaftServerConfigKeys (ConfUtils.java:logGet(43)) - raft.server.rpc.sleep.time = 25ms (default)
2019-09-24 19:05:53,696 [70dfb86a-3f13-4b6d-b7c4-84ce5a46c243@group-44E3D18D79D5:LeaderElection155] INFO  server.RaftServerConfigKeys (ConfUtils.java:logGet(43)) - raft.server.rpc.sleep.time = 25ms (default)
2019-09-24 19:05:53,696 [a0991bb0-d059-4b75-b34b-f0d320bfe012@group-6265DF039062:LeaderElection156] INFO  server.RaftServerConfigKeys (ConfUtils.java:logGet(43)) - raft.server.write.element-limit = 4096 (default)
2019-09-24 19:05:53,696 [70dfb86a-3f13-4b6d-b7c4-84ce5a46c243@group-44E3D18D79D5:LeaderElection155] INFO  server.RaftServerConfigKeys (ConfUtils.java:logGet(43)) - raft.server.write.element-limit = 4096 (default)
2019-09-24 19:05:53,697 [a0991bb0-d059-4b75-b34b-f0d320bfe012@group-6265DF039062:LeaderElection156] INFO  server.RaftServerConfigKeys (ConfUtils.java:logGet(43)) - raft.server.watch.timeout = 10s (default)
2019-09-24 19:05:53,697 [70dfb86a-3f13-4b6d-b7c4-84ce5a46c243@group-44E3D18D79D5:LeaderElection155] INFO  server.RaftServerConfigKeys (ConfUtils.java:logGet(43)) - raft.server.watch.timeout = 10s (default)
2019-09-24 19:05:53,697 [a0991bb0-d059-4b75-b34b-f0d320bfe012@group-6265DF039062:LeaderElection156] INFO  server.RaftServerConfigKeys (ConfUtils.java:logGet(43)) - raft.server.watch.timeout.denomination = 1s (default)
2019-09-24 19:05:53,697 [70dfb86a-3f13-4b6d-b7c4-84ce5a46c243@group-44E3D18D79D5:LeaderElection155] INFO  server.RaftServerConfigKeys (ConfUtils.java:logGet(43)) - raft.server.watch.timeout.denomination = 1s (default)
2019-09-24 19:05:53,697 [a0991bb0-d059-4b75-b34b-f0d320bfe012@group-6265DF039062:LeaderElection156] INFO  server.RaftServerConfigKeys (ConfUtils.java:logGet(43)) - raft.server.watch.element-limit = 65536 (default)
2019-09-24 19:05:53,697 [70dfb86a-3f13-4b6d-b7c4-84ce5a46c243@group-44E3D18D79D5:LeaderElection155] INFO  server.RaftServerConfigKeys (ConfUtils.java:logGet(43)) - raft.server.watch.element-limit = 65536 (default)
2019-09-24 19:05:53,702 [a0991bb0-d059-4b75-b34b-f0d320bfe012@group-6265DF039062:LeaderElection156] INFO  impl.RoleInfo (RoleInfo.java:updateAndGet(143)) - a0991bb0-d059-4b75-b34b-f0d320bfe012: start LeaderState
2019-09-24 19:05:53,702 [70dfb86a-3f13-4b6d-b7c4-84ce5a46c243@group-44E3D18D79D5:LeaderElection155] INFO  impl.RoleInfo (RoleInfo.java:updateAndGet(143)) - 70dfb86a-3f13-4b6d-b7c4-84ce5a46c243: start LeaderState
2019-09-24 19:05:53,703 [a0991bb0-d059-4b75-b34b-f0d320bfe012@group-6265DF039062:LeaderElection156] INFO  segmented.SegmentedRaftLogWorker (SegmentedRaftLogWorker.java:startLogSegment(380)) - a0991bb0-d059-4b75-b34b-f0d320bfe012@group-6265DF039062-SegmentedRaftLogWorker: Starting segment from index:0
2019-09-24 19:05:53,703 [70dfb86a-3f13-4b6d-b7c4-84ce5a46c243@group-44E3D18D79D5:LeaderElection155] INFO  segmented.SegmentedRaftLogWorker (SegmentedRaftLogWorker.java:startLogSegment(380)) - 70dfb86a-3f13-4b6d-b7c4-84ce5a46c243@group-44E3D18D79D5-SegmentedRaftLogWorker: Starting segment from index:0
2019-09-24 19:05:53,703 [a0991bb0-d059-4b75-b34b-f0d320bfe012@group-6265DF039062:LeaderElection156] INFO  impl.RaftServerImpl (ServerState.java:setRaftConf(354)) - a0991bb0-d059-4b75-b34b-f0d320bfe012@group-6265DF039062: set configuration 0: [a0991bb0-d059-4b75-b34b-f0d320bfe012:192.168.5.148:46271], old=null at 0
2019-09-24 19:05:53,704 [70dfb86a-3f13-4b6d-b7c4-84ce5a46c243@group-44E3D18D79D5:LeaderElection155] INFO  impl.RaftServerImpl (ServerState.java:setRaftConf(354)) - 70dfb86a-3f13-4b6d-b7c4-84ce5a46c243@group-44E3D18D79D5: set configuration 0: [70dfb86a-3f13-4b6d-b7c4-84ce5a46c243:192.168.5.148:37762], old=null at 0
2019-09-24 19:05:54,494 [Thread-2596] INFO  container.ReplicationManager (ReplicationManager.java:start(162)) - Starting Replication Monitor Thread.
2019-09-24 19:05:54,499 [ReplicationMonitor] INFO  container.ReplicationManager (ReplicationManager.java:run(225)) - Replication Monitor Thread took 0 milliseconds for processing 0 containers.
2019-09-24 19:05:54,623 [RATISCREATEPIPELINE1] ERROR pipeline.RatisPipelineProvider (RatisPipelineProvider.java:lambda$null$5(235)) - Failed invoke Ratis rpc org.apache.hadoop.hdds.scm.pipeline.RatisPipelineProvider$$Lambda$180/1007996814@639e34fe for d0ff2f9c-75fb-4559-babd-7e65d084c18c
org.apache.ratis.protocol.TimeoutIOException: deadline exceeded after 2999800271ns
	at org.apache.ratis.grpc.GrpcUtil.tryUnwrapException(GrpcUtil.java:82)
	at org.apache.ratis.grpc.GrpcUtil.unwrapException(GrpcUtil.java:75)
	at org.apache.ratis.grpc.client.GrpcClientProtocolClient.blockingCall(GrpcClientProtocolClient.java:178)
	at org.apache.ratis.grpc.client.GrpcClientProtocolClient.groupAdd(GrpcClientProtocolClient.java:147)
	at org.apache.ratis.grpc.client.GrpcClientRpc.sendRequest(GrpcClientRpc.java:94)
	at org.apache.ratis.client.impl.RaftClientImpl.sendRequest(RaftClientImpl.java:278)
	at org.apache.ratis.client.impl.RaftClientImpl.groupAdd(RaftClientImpl.java:205)
	at org.apache.hadoop.hdds.scm.pipeline.RatisPipelineProvider.lambda$initializePipeline$4(RatisPipelineProvider.java:196)
	at org.apache.hadoop.hdds.scm.pipeline.RatisPipelineProvider.lambda$null$5(RatisPipelineProvider.java:231)
	at java.util.stream.ForEachOps$ForEachOp$OfRef.accept(ForEachOps.java:184)
	at java.util.ArrayList$ArrayListSpliterator.forEachRemaining(ArrayList.java:1382)
	at java.util.stream.AbstractPipeline.copyInto(AbstractPipeline.java:482)
	at java.util.stream.ForEachOps$ForEachTask.compute(ForEachOps.java:291)
	at java.util.concurrent.CountedCompleter.exec(CountedCompleter.java:731)
	at java.util.concurrent.ForkJoinTask.doExec(ForkJoinTask.java:289)
	at java.util.concurrent.ForkJoinTask.doInvoke(ForkJoinTask.java:401)
	at java.util.concurrent.ForkJoinTask.invoke(ForkJoinTask.java:734)
	at java.util.stream.ForEachOps$ForEachOp.evaluateParallel(ForEachOps.java:160)
	at java.util.stream.ForEachOps$ForEachOp$OfRef.evaluateParallel(ForEachOps.java:174)
	at java.util.stream.AbstractPipeline.evaluate(AbstractPipeline.java:233)
	at java.util.stream.ReferencePipeline.forEach(ReferencePipeline.java:418)
	at java.util.stream.ReferencePipeline$Head.forEach(ReferencePipeline.java:583)
	at org.apache.hadoop.hdds.scm.pipeline.RatisPipelineProvider.lambda$callRatisRpc$6(RatisPipelineProvider.java:225)
	at java.util.concurrent.ForkJoinTask$AdaptedRunnableAction.exec(ForkJoinTask.java:1386)
	at java.util.concurrent.ForkJoinTask.doExec(ForkJoinTask.java:289)
	at java.util.concurrent.ForkJoinPool$WorkQueue.runTask(ForkJoinPool.java:1056)
	at java.util.concurrent.ForkJoinPool.runWorker(ForkJoinPool.java:1692)
	at java.util.concurrent.ForkJoinWorkerThread.run(ForkJoinWorkerThread.java:157)
Caused by: org.apache.ratis.thirdparty.io.grpc.StatusRuntimeException: DEADLINE_EXCEEDED: deadline exceeded after 2999800271ns
	at org.apache.ratis.thirdparty.io.grpc.stub.ClientCalls.toStatusRuntimeException(ClientCalls.java:233)
	at org.apache.ratis.thirdparty.io.grpc.stub.ClientCalls.getUnchecked(ClientCalls.java:214)
	at org.apache.ratis.thirdparty.io.grpc.stub.ClientCalls.blockingUnaryCall(ClientCalls.java:139)
	at org.apache.ratis.proto.grpc.AdminProtocolServiceGrpc$AdminProtocolServiceBlockingStub.groupManagement(AdminProtocolServiceGrpc.java:274)
	at org.apache.ratis.grpc.client.GrpcClientProtocolClient.lambda$groupAdd$3(GrpcClientProtocolClient.java:149)
	at org.apache.ratis.grpc.client.GrpcClientProtocolClient.blockingCall(GrpcClientProtocolClient.java:176)
	... 25 more
2019-09-24 19:05:54,645 [grpc-default-executor-12] INFO  impl.RaftServerProxy (RaftServerProxy.java:addNew(89)) - b50c6779-182a-4abf-ac90-b7c5982ab67f: addNew group-9B209ADA5585:[a0991bb0-d059-4b75-b34b-f0d320bfe012:192.168.5.148:46271, 74a8c3a1-4d80-4c26-806c-1183f0126592:192.168.5.148:44605, b50c6779-182a-4abf-ac90-b7c5982ab67f:192.168.5.148:46476] returns group-9B209ADA5585:java.util.concurrent.CompletableFuture@d0878c4[Not completed]
2019-09-24 19:05:54,646 [grpc-default-executor-11] INFO  impl.RaftServerProxy (RaftServerProxy.java:addNew(89)) - a0991bb0-d059-4b75-b34b-f0d320bfe012: addNew group-9B209ADA5585:[a0991bb0-d059-4b75-b34b-f0d320bfe012:192.168.5.148:46271, 74a8c3a1-4d80-4c26-806c-1183f0126592:192.168.5.148:44605, b50c6779-182a-4abf-ac90-b7c5982ab67f:192.168.5.148:46476] returns group-9B209ADA5585:java.util.concurrent.CompletableFuture@64b9dbc4[Not completed]
2019-09-24 19:05:54,646 [grpc-default-executor-10] INFO  impl.RaftServerProxy (RaftServerProxy.java:addNew(89)) - 74a8c3a1-4d80-4c26-806c-1183f0126592: addNew group-9B209ADA5585:[a0991bb0-d059-4b75-b34b-f0d320bfe012:192.168.5.148:46271, 74a8c3a1-4d80-4c26-806c-1183f0126592:192.168.5.148:44605, b50c6779-182a-4abf-ac90-b7c5982ab67f:192.168.5.148:46476] returns group-9B209ADA5585:java.util.concurrent.CompletableFuture@29c46f5[Not completed]
2019-09-24 19:05:54,648 [pool-330-thread-1] INFO  impl.RaftServerImpl (RaftServerImpl.java:<init>(95)) - b50c6779-182a-4abf-ac90-b7c5982ab67f: new RaftServerImpl for group-9B209ADA5585:[a0991bb0-d059-4b75-b34b-f0d320bfe012:192.168.5.148:46271, 74a8c3a1-4d80-4c26-806c-1183f0126592:192.168.5.148:44605, b50c6779-182a-4abf-ac90-b7c5982ab67f:192.168.5.148:46476] with ContainerStateMachine:uninitialized
2019-09-24 19:05:54,648 [pool-330-thread-1] INFO  server.RaftServerConfigKeys (ConfUtils.java:logGet(43)) - raft.server.rpc.timeout.min = 1s (custom)
2019-09-24 19:05:54,649 [pool-330-thread-1] INFO  server.RaftServerConfigKeys (ConfUtils.java:logGet(43)) - raft.server.rpc.timeout.max = 1200ms (custom)
2019-09-24 19:05:54,649 [pool-330-thread-1] INFO  server.RaftServerConfigKeys (ConfUtils.java:logGet(43)) - raft.server.rpcslowness.timeout = 120s (custom)
2019-09-24 19:05:54,649 [pool-330-thread-1] INFO  server.RaftServerConfigKeys (ConfUtils.java:logGet(43)) - raft.server.sleep.deviation.threshold = 300 (default)
2019-09-24 19:05:54,649 [pool-340-thread-1] INFO  impl.RaftServerImpl (RaftServerImpl.java:<init>(95)) - 74a8c3a1-4d80-4c26-806c-1183f0126592: new RaftServerImpl for group-9B209ADA5585:[a0991bb0-d059-4b75-b34b-f0d320bfe012:192.168.5.148:46271, 74a8c3a1-4d80-4c26-806c-1183f0126592:192.168.5.148:44605, b50c6779-182a-4abf-ac90-b7c5982ab67f:192.168.5.148:46476] with ContainerStateMachine:uninitialized
2019-09-24 19:05:54,649 [pool-330-thread-1] INFO  server.RaftServerConfigKeys (ConfUtils.java:logGet(43)) - raft.server.log.appender.install.snapshot.enabled = false (custom)
2019-09-24 19:05:54,649 [pool-340-thread-1] INFO  server.RaftServerConfigKeys (ConfUtils.java:logGet(43)) - raft.server.rpc.timeout.min = 1s (custom)
2019-09-24 19:05:54,650 [pool-330-thread-1] INFO  impl.RaftServerImpl (ServerState.java:<init>(103)) - b50c6779-182a-4abf-ac90-b7c5982ab67f@group-9B209ADA5585: ConfigurationManager, init=-1: [a0991bb0-d059-4b75-b34b-f0d320bfe012:192.168.5.148:46271, 74a8c3a1-4d80-4c26-806c-1183f0126592:192.168.5.148:44605, b50c6779-182a-4abf-ac90-b7c5982ab67f:192.168.5.148:46476], old=null, confs=<EMPTY_MAP>
2019-09-24 19:05:54,650 [pool-340-thread-1] INFO  server.RaftServerConfigKeys (ConfUtils.java:logGet(43)) - raft.server.rpc.timeout.max = 1200ms (custom)
2019-09-24 19:05:54,650 [pool-280-thread-1] INFO  impl.RaftServerImpl (RaftServerImpl.java:<init>(95)) - a0991bb0-d059-4b75-b34b-f0d320bfe012: new RaftServerImpl for group-9B209ADA5585:[a0991bb0-d059-4b75-b34b-f0d320bfe012:192.168.5.148:46271, 74a8c3a1-4d80-4c26-806c-1183f0126592:192.168.5.148:44605, b50c6779-182a-4abf-ac90-b7c5982ab67f:192.168.5.148:46476] with ContainerStateMachine:uninitialized
2019-09-24 19:05:54,650 [pool-340-thread-1] INFO  server.RaftServerConfigKeys (ConfUtils.java:logGet(43)) - raft.server.rpcslowness.timeout = 120s (custom)
2019-09-24 19:05:54,650 [pool-330-thread-1] INFO  server.RaftServerConfigKeys (ConfUtils.java:logGet(43)) - raft.server.storage.dir = [/workdir/hadoop-ozone/integration-test/target/test-dir/MiniOzoneClusterImpl-136902ad-9ad3-4579-ab1e-826ed1576804/datanode-6/data/ratis] (custom)
2019-09-24 19:05:54,650 [pool-340-thread-1] INFO  server.RaftServerConfigKeys (ConfUtils.java:logGet(43)) - raft.server.sleep.deviation.threshold = 300 (default)
2019-09-24 19:05:54,650 [pool-280-thread-1] INFO  server.RaftServerConfigKeys (ConfUtils.java:logGet(43)) - raft.server.rpc.timeout.min = 1s (custom)
2019-09-24 19:05:54,651 [pool-340-thread-1] INFO  server.RaftServerConfigKeys (ConfUtils.java:logGet(43)) - raft.server.log.appender.install.snapshot.enabled = false (custom)
2019-09-24 19:05:54,651 [pool-330-thread-1] INFO  storage.RaftStorageDirectory (RaftStorageDirectory.java:analyzeStorage(246)) - The storage directory /workdir/hadoop-ozone/integration-test/target/test-dir/MiniOzoneClusterImpl-136902ad-9ad3-4579-ab1e-826ed1576804/datanode-6/data/ratis/52f9e20b-3774-4ae3-84fb-9b209ada5585 does not exist. Creating ...
2019-09-24 19:05:54,651 [pool-280-thread-1] INFO  server.RaftServerConfigKeys (ConfUtils.java:logGet(43)) - raft.server.rpc.timeout.max = 1200ms (custom)
2019-09-24 19:05:54,651 [pool-340-thread-1] INFO  impl.RaftServerImpl (ServerState.java:<init>(103)) - 74a8c3a1-4d80-4c26-806c-1183f0126592@group-9B209ADA5585: ConfigurationManager, init=-1: [a0991bb0-d059-4b75-b34b-f0d320bfe012:192.168.5.148:46271, 74a8c3a1-4d80-4c26-806c-1183f0126592:192.168.5.148:44605, b50c6779-182a-4abf-ac90-b7c5982ab67f:192.168.5.148:46476], old=null, confs=<EMPTY_MAP>
2019-09-24 19:05:54,651 [pool-280-thread-1] INFO  server.RaftServerConfigKeys (ConfUtils.java:logGet(43)) - raft.server.rpcslowness.timeout = 120s (custom)
2019-09-24 19:05:54,652 [pool-280-thread-1] INFO  server.RaftServerConfigKeys (ConfUtils.java:logGet(43)) - raft.server.sleep.deviation.threshold = 300 (default)
2019-09-24 19:05:54,652 [pool-340-thread-1] INFO  server.RaftServerConfigKeys (ConfUtils.java:logGet(43)) - raft.server.storage.dir = [/workdir/hadoop-ozone/integration-test/target/test-dir/MiniOzoneClusterImpl-136902ad-9ad3-4579-ab1e-826ed1576804/datanode-7/data/ratis] (custom)
2019-09-24 19:05:54,652 [pool-280-thread-1] INFO  server.RaftServerConfigKeys (ConfUtils.java:logGet(43)) - raft.server.log.appender.install.snapshot.enabled = false (custom)
2019-09-24 19:05:54,652 [pool-280-thread-1] INFO  impl.RaftServerImpl (ServerState.java:<init>(103)) - a0991bb0-d059-4b75-b34b-f0d320bfe012@group-9B209ADA5585: ConfigurationManager, init=-1: [a0991bb0-d059-4b75-b34b-f0d320bfe012:192.168.5.148:46271, 74a8c3a1-4d80-4c26-806c-1183f0126592:192.168.5.148:44605, b50c6779-182a-4abf-ac90-b7c5982ab67f:192.168.5.148:46476], old=null, confs=<EMPTY_MAP>
2019-09-24 19:05:54,652 [pool-280-thread-1] INFO  server.RaftServerConfigKeys (ConfUtils.java:logGet(43)) - raft.server.storage.dir = [/workdir/hadoop-ozone/integration-test/target/test-dir/MiniOzoneClusterImpl-136902ad-9ad3-4579-ab1e-826ed1576804/datanode-1/data/ratis] (custom)
2019-09-24 19:05:54,652 [pool-340-thread-1] INFO  storage.RaftStorageDirectory (RaftStorageDirectory.java:analyzeStorage(246)) - The storage directory /workdir/hadoop-ozone/integration-test/target/test-dir/MiniOzoneClusterImpl-136902ad-9ad3-4579-ab1e-826ed1576804/datanode-7/data/ratis/52f9e20b-3774-4ae3-84fb-9b209ada5585 does not exist. Creating ...
2019-09-24 19:05:54,653 [pool-280-thread-1] INFO  storage.RaftStorageDirectory (RaftStorageDirectory.java:analyzeStorage(246)) - The storage directory /workdir/hadoop-ozone/integration-test/target/test-dir/MiniOzoneClusterImpl-136902ad-9ad3-4579-ab1e-826ed1576804/datanode-1/data/ratis/52f9e20b-3774-4ae3-84fb-9b209ada5585 does not exist. Creating ...
2019-09-24 19:05:57,643 [RATISCREATEPIPELINE1] ERROR pipeline.RatisPipelineProvider (RatisPipelineProvider.java:lambda$null$5(235)) - Failed invoke Ratis rpc org.apache.hadoop.hdds.scm.pipeline.RatisPipelineProvider$$Lambda$180/1007996814@6f1337bc for b50c6779-182a-4abf-ac90-b7c5982ab67f
org.apache.ratis.protocol.TimeoutIOException: deadline exceeded after 2999747840ns
	at org.apache.ratis.grpc.GrpcUtil.tryUnwrapException(GrpcUtil.java:82)
	at org.apache.ratis.grpc.GrpcUtil.unwrapException(GrpcUtil.java:75)
	at org.apache.ratis.grpc.client.GrpcClientProtocolClient.blockingCall(GrpcClientProtocolClient.java:178)
	at org.apache.ratis.grpc.client.GrpcClientProtocolClient.groupAdd(GrpcClientProtocolClient.java:147)
	at org.apache.ratis.grpc.client.GrpcClientRpc.sendRequest(GrpcClientRpc.java:94)
	at org.apache.ratis.client.impl.RaftClientImpl.sendRequest(RaftClientImpl.java:278)
	at org.apache.ratis.client.impl.RaftClientImpl.groupAdd(RaftClientImpl.java:205)
	at org.apache.hadoop.hdds.scm.pipeline.RatisPipelineProvider.lambda$initializePipeline$4(RatisPipelineProvider.java:196)
	at org.apache.hadoop.hdds.scm.pipeline.RatisPipelineProvider.lambda$null$5(RatisPipelineProvider.java:231)
	at java.util.stream.ForEachOps$ForEachOp$OfRef.accept(ForEachOps.java:184)
	at java.util.ArrayList$ArrayListSpliterator.forEachRemaining(ArrayList.java:1382)
	at java.util.stream.AbstractPipeline.copyInto(AbstractPipeline.java:482)
	at java.util.stream.ForEachOps$ForEachTask.compute(ForEachOps.java:291)
	at java.util.concurrent.CountedCompleter.exec(CountedCompleter.java:731)
	at java.util.concurrent.ForkJoinTask.doExec(ForkJoinTask.java:289)
	at java.util.concurrent.ForkJoinTask.doInvoke(ForkJoinTask.java:401)
	at java.util.concurrent.ForkJoinTask.invoke(ForkJoinTask.java:734)
	at java.util.stream.ForEachOps$ForEachOp.evaluateParallel(ForEachOps.java:160)
	at java.util.stream.ForEachOps$ForEachOp$OfRef.evaluateParallel(ForEachOps.java:174)
	at java.util.stream.AbstractPipeline.evaluate(AbstractPipeline.java:233)
	at java.util.stream.ReferencePipeline.forEach(ReferencePipeline.java:418)
	at java.util.stream.ReferencePipeline$Head.forEach(ReferencePipeline.java:583)
	at org.apache.hadoop.hdds.scm.pipeline.RatisPipelineProvider.lambda$callRatisRpc$6(RatisPipelineProvider.java:225)
	at java.util.concurrent.ForkJoinTask$AdaptedRunnableAction.exec(ForkJoinTask.java:1386)
	at java.util.concurrent.ForkJoinTask.doExec(ForkJoinTask.java:289)
	at java.util.concurrent.ForkJoinPool$WorkQueue.runTask(ForkJoinPool.java:1056)
	at java.util.concurrent.ForkJoinPool.runWorker(ForkJoinPool.java:1692)
	at java.util.concurrent.ForkJoinWorkerThread.run(ForkJoinWorkerThread.java:157)
Caused by: org.apache.ratis.thirdparty.io.grpc.StatusRuntimeException: DEADLINE_EXCEEDED: deadline exceeded after 2999747840ns
	at org.apache.ratis.thirdparty.io.grpc.stub.ClientCalls.toStatusRuntimeException(ClientCalls.java:233)
	at org.apache.ratis.thirdparty.io.grpc.stub.ClientCalls.getUnchecked(ClientCalls.java:214)
	at org.apache.ratis.thirdparty.io.grpc.stub.ClientCalls.blockingUnaryCall(ClientCalls.java:139)
	at org.apache.ratis.proto.grpc.AdminProtocolServiceGrpc$AdminProtocolServiceBlockingStub.groupManagement(AdminProtocolServiceGrpc.java:274)
	at org.apache.ratis.grpc.client.GrpcClientProtocolClient.lambda$groupAdd$3(GrpcClientProtocolClient.java:149)
	at org.apache.ratis.grpc.client.GrpcClientProtocolClient.blockingCall(GrpcClientProtocolClient.java:176)
	... 25 more
2019-09-24 19:05:57,643 [RATISCREATEPIPELINE2] ERROR pipeline.RatisPipelineProvider (RatisPipelineProvider.java:lambda$null$5(235)) - Failed invoke Ratis rpc org.apache.hadoop.hdds.scm.pipeline.RatisPipelineProvider$$Lambda$180/1007996814@6f1337bc for a0991bb0-d059-4b75-b34b-f0d320bfe012
org.apache.ratis.protocol.TimeoutIOException: deadline exceeded after 2999718259ns
	at org.apache.ratis.grpc.GrpcUtil.tryUnwrapException(GrpcUtil.java:82)
	at org.apache.ratis.grpc.GrpcUtil.unwrapException(GrpcUtil.java:75)
	at org.apache.ratis.grpc.client.GrpcClientProtocolClient.blockingCall(GrpcClientProtocolClient.java:178)
	at org.apache.ratis.grpc.client.GrpcClientProtocolClient.groupAdd(GrpcClientProtocolClient.java:147)
	at org.apache.ratis.grpc.client.GrpcClientRpc.sendRequest(GrpcClientRpc.java:94)
	at org.apache.ratis.client.impl.RaftClientImpl.sendRequest(RaftClientImpl.java:278)
	at org.apache.ratis.client.impl.RaftClientImpl.groupAdd(RaftClientImpl.java:205)
	at org.apache.hadoop.hdds.scm.pipeline.RatisPipelineProvider.lambda$initializePipeline$4(RatisPipelineProvider.java:196)
	at org.apache.hadoop.hdds.scm.pipeline.RatisPipelineProvider.lambda$null$5(RatisPipelineProvider.java:231)
	at java.util.stream.ForEachOps$ForEachOp$OfRef.accept(ForEachOps.java:184)
	at java.util.ArrayList$ArrayListSpliterator.forEachRemaining(ArrayList.java:1382)
	at java.util.stream.AbstractPipeline.copyInto(AbstractPipeline.java:482)
	at java.util.stream.ForEachOps$ForEachTask.compute(ForEachOps.java:291)
	at java.util.concurrent.CountedCompleter.exec(CountedCompleter.java:731)
	at java.util.concurrent.ForkJoinTask.doExec(ForkJoinTask.java:289)
	at java.util.concurrent.ForkJoinPool$WorkQueue.runTask(ForkJoinPool.java:1056)
	at java.util.concurrent.ForkJoinPool.runWorker(ForkJoinPool.java:1692)
	at java.util.concurrent.ForkJoinWorkerThread.run(ForkJoinWorkerThread.java:157)
Caused by: org.apache.ratis.thirdparty.io.grpc.StatusRuntimeException: DEADLINE_EXCEEDED: deadline exceeded after 2999718259ns
	at org.apache.ratis.thirdparty.io.grpc.stub.ClientCalls.toStatusRuntimeException(ClientCalls.java:233)
	at org.apache.ratis.thirdparty.io.grpc.stub.ClientCalls.getUnchecked(ClientCalls.java:214)
	at org.apache.ratis.thirdparty.io.grpc.stub.ClientCalls.blockingUnaryCall(ClientCalls.java:139)
	at org.apache.ratis.proto.grpc.AdminProtocolServiceGrpc$AdminProtocolServiceBlockingStub.groupManagement(AdminProtocolServiceGrpc.java:274)
	at org.apache.ratis.grpc.client.GrpcClientProtocolClient.lambda$groupAdd$3(GrpcClientProtocolClient.java:149)
	at org.apache.ratis.grpc.client.GrpcClientProtocolClient.blockingCall(GrpcClientProtocolClient.java:176)
	... 15 more
2019-09-24 19:05:57,643 [RATISCREATEPIPELINE3] ERROR pipeline.RatisPipelineProvider (RatisPipelineProvider.java:lambda$null$5(235)) - Failed invoke Ratis rpc org.apache.hadoop.hdds.scm.pipeline.RatisPipelineProvider$$Lambda$180/1007996814@6f1337bc for 74a8c3a1-4d80-4c26-806c-1183f0126592
org.apache.ratis.protocol.TimeoutIOException: deadline exceeded after 2999469296ns
	at org.apache.ratis.grpc.GrpcUtil.tryUnwrapException(GrpcUtil.java:82)
	at org.apache.ratis.grpc.GrpcUtil.unwrapException(GrpcUtil.java:75)
	at org.apache.ratis.grpc.client.GrpcClientProtocolClient.blockingCall(GrpcClientProtocolClient.java:178)
	at org.apache.ratis.grpc.client.GrpcClientProtocolClient.groupAdd(GrpcClientProtocolClient.java:147)
	at org.apache.ratis.grpc.client.GrpcClientRpc.sendRequest(GrpcClientRpc.java:94)
	at org.apache.ratis.client.impl.RaftClientImpl.sendRequest(RaftClientImpl.java:278)
	at org.apache.ratis.client.impl.RaftClientImpl.groupAdd(RaftClientImpl.java:205)
	at org.apache.hadoop.hdds.scm.pipeline.RatisPipelineProvider.lambda$initializePipeline$4(RatisPipelineProvider.java:196)
	at org.apache.hadoop.hdds.scm.pipeline.RatisPipelineProvider.lambda$null$5(RatisPipelineProvider.java:231)
	at java.util.stream.ForEachOps$ForEachOp$OfRef.accept(ForEachOps.java:184)
	at java.util.ArrayList$ArrayListSpliterator.forEachRemaining(ArrayList.java:1382)
	at java.util.stream.AbstractPipeline.copyInto(AbstractPipeline.java:482)
	at java.util.stream.ForEachOps$ForEachTask.compute(ForEachOps.java:291)
	at java.util.concurrent.CountedCompleter.exec(CountedCompleter.java:731)
	at java.util.concurrent.ForkJoinTask.doExec(ForkJoinTask.java:289)
	at java.util.concurrent.ForkJoinPool$WorkQueue.runTask(ForkJoinPool.java:1056)
	at java.util.concurrent.ForkJoinPool.runWorker(ForkJoinPool.java:1692)
	at java.util.concurrent.ForkJoinWorkerThread.run(ForkJoinWorkerThread.java:157)
Caused by: org.apache.ratis.thirdparty.io.grpc.StatusRuntimeException: DEADLINE_EXCEEDED: deadline exceeded after 2999469296ns
	at org.apache.ratis.thirdparty.io.grpc.stub.ClientCalls.toStatusRuntimeException(ClientCalls.java:233)
	at org.apache.ratis.thirdparty.io.grpc.stub.ClientCalls.getUnchecked(ClientCalls.java:214)
	at org.apache.ratis.thirdparty.io.grpc.stub.ClientCalls.blockingUnaryCall(ClientCalls.java:139)
	at org.apache.ratis.proto.grpc.AdminProtocolServiceGrpc$AdminProtocolServiceBlockingStub.groupManagement(AdminProtocolServiceGrpc.java:274)
	at org.apache.ratis.grpc.client.GrpcClientProtocolClient.lambda$groupAdd$3(GrpcClientProtocolClient.java:149)
	at org.apache.ratis.grpc.client.GrpcClientProtocolClient.blockingCall(GrpcClientProtocolClient.java:176)
	... 15 more
2019-09-24 19:05:57,664 [grpc-default-executor-10] INFO  impl.RaftServerProxy (RaftServerProxy.java:addNew(89)) - b50c6779-182a-4abf-ac90-b7c5982ab67f: addNew group-D6C820A38EC3:[b50c6779-182a-4abf-ac90-b7c5982ab67f:192.168.5.148:46476] returns group-D6C820A38EC3:java.util.concurrent.CompletableFuture@5eb5a255[Not completed]
2019-09-24 19:05:58,831 [70dfb86a-3f13-4b6d-b7c4-84ce5a46c243@group-44E3D18D79D5-SegmentedRaftLogWorker] INFO  segmented.SegmentedRaftLogWorker (SegmentedRaftLogWorker.java:execute(569)) - 70dfb86a-3f13-4b6d-b7c4-84ce5a46c243@group-44E3D18D79D5-SegmentedRaftLogWorker: created new log segment /workdir/hadoop-ozone/integration-test/target/test-dir/MiniOzoneClusterImpl-136902ad-9ad3-4579-ab1e-826ed1576804/datanode-0/data/ratis/011b520b-6d86-42e0-ac02-44e3d18d79d5/current/log_inprogress_0
2019-09-24 19:05:58,831 [a0991bb0-d059-4b75-b34b-f0d320bfe012@group-6265DF039062-SegmentedRaftLogWorker] INFO  segmented.SegmentedRaftLogWorker (SegmentedRaftLogWorker.java:execute(569)) - a0991bb0-d059-4b75-b34b-f0d320bfe012@group-6265DF039062-SegmentedRaftLogWorker: created new log segment /workdir/hadoop-ozone/integration-test/target/test-dir/MiniOzoneClusterImpl-136902ad-9ad3-4579-ab1e-826ed1576804/datanode-1/data/ratis/995302fc-73ea-4639-a07d-6265df039062/current/log_inprogress_0
2019-09-24 19:05:58,832 [pool-290-thread-1] INFO  storage.RaftStorage (RaftStorage.java:format(72)) - Storage directory /workdir/hadoop-ozone/integration-test/target/test-dir/MiniOzoneClusterImpl-136902ad-9ad3-4579-ab1e-826ed1576804/datanode-2/data/ratis/3f104e2e-411b-4866-a9d2-7471ac5b8436 has been successfully formatted.
2019-09-24 19:05:58,832 [pool-290-thread-1] INFO  ratis.ContainerStateMachine (ContainerStateMachine.java:loadSnapshot(230)) - group-7471AC5B8436: The snapshot info is null. Setting the last applied indexto:(t:0, i:~)
2019-09-24 19:05:58,833 [pool-280-thread-1] INFO  storage.RaftStorageDirectory (RaftStorageDirectory.java:tryLock(328)) - Lock on /workdir/hadoop-ozone/integration-test/target/test-dir/MiniOzoneClusterImpl-136902ad-9ad3-4579-ab1e-826ed1576804/datanode-1/data/ratis/52f9e20b-3774-4ae3-84fb-9b209ada5585/in_use.lock acquired by nodename 10455@pr-hdds-2149-fgl4f-1742389470
2019-09-24 19:05:58,833 [pool-330-thread-1] INFO  storage.RaftStorageDirectory (RaftStorageDirectory.java:tryLock(328)) - Lock on /workdir/hadoop-ozone/integration-test/target/test-dir/MiniOzoneClusterImpl-136902ad-9ad3-4579-ab1e-826ed1576804/datanode-6/data/ratis/52f9e20b-3774-4ae3-84fb-9b209ada5585/in_use.lock acquired by nodename 10455@pr-hdds-2149-fgl4f-1742389470
2019-09-24 19:05:58,833 [pool-290-thread-1] INFO  server.RaftServerConfigKeys (ConfUtils.java:logGet(43)) - raft.server.notification.no-leader.timeout = 120s (custom)
2019-09-24 19:05:58,833 [pool-340-thread-1] INFO  storage.RaftStorageDirectory (RaftStorageDirectory.java:tryLock(328)) - Lock on /workdir/hadoop-ozone/integration-test/target/test-dir/MiniOzoneClusterImpl-136902ad-9ad3-4579-ab1e-826ed1576804/datanode-7/data/ratis/52f9e20b-3774-4ae3-84fb-9b209ada5585/in_use.lock acquired by nodename 10455@pr-hdds-2149-fgl4f-1742389470
2019-09-24 19:05:58,833 [pool-290-thread-1] INFO  server.RaftServerConfigKeys (ConfUtils.java:logGet(43)) - raft.server.log.use.memory = false (default)
2019-09-24 19:05:58,834 [pool-290-thread-1] INFO  server.RaftServerConfigKeys (ConfUtils.java:logGet(43)) - raft.server.log.purge.gap = 1000000 (custom)
2019-09-24 19:05:58,834 [pool-290-thread-1] INFO  server.RaftServerConfigKeys (ConfUtils.java:logGet(43)) - raft.server.log.appender.buffer.byte-limit = 33554432 (custom)
2019-09-24 19:05:58,834 [pool-290-thread-1] INFO  server.RaftServerConfigKeys (ConfUtils.java:logGet(43)) - raft.server.log.segment.size.max = 1048576 (custom)
2019-09-24 19:05:58,834 [pool-290-thread-1] INFO  server.RaftServerConfigKeys (ConfUtils.java:logGet(43)) - raft.server.log.segment.cache.num.max = 2 (custom)
2019-09-24 19:05:58,835 [pool-290-thread-1] INFO  segmented.SegmentedRaftLogWorker (SegmentedRaftLogWorker.java:<init>(172)) - new d0ff2f9c-75fb-4559-babd-7e65d084c18c@group-7471AC5B8436-SegmentedRaftLogWorker for RaftStorage:Storage Directory /workdir/hadoop-ozone/integration-test/target/test-dir/MiniOzoneClusterImpl-136902ad-9ad3-4579-ab1e-826ed1576804/datanode-2/data/ratis/3f104e2e-411b-4866-a9d2-7471ac5b8436
2019-09-24 19:05:58,838 [pool-290-thread-1] INFO  server.RaftServerConfigKeys (ConfUtils.java:logGet(43)) - raft.server.log.queue.byte-limit = 2147483647 (custom)
2019-09-24 19:05:58,838 [pool-290-thread-1] INFO  server.RaftServerConfigKeys (ConfUtils.java:logGet(43)) - raft.server.log.queue.element-limit = 1024 (custom)
2019-09-24 19:05:58,838 [pool-290-thread-1] INFO  server.RaftServerConfigKeys (ConfUtils.java:logGet(43)) - raft.server.log.segment.size.max = 1048576 (custom)
2019-09-24 19:05:58,838 [pool-290-thread-1] INFO  server.RaftServerConfigKeys (ConfUtils.java:logGet(43)) - raft.server.log.preallocated.size = 16384 (custom)
2019-09-24 19:05:58,838 [pool-290-thread-1] INFO  server.RaftServerConfigKeys (ConfUtils.java:logGet(43)) - raft.server.log.write.buffer.size = 33554432 (custom)
2019-09-24 19:05:58,839 [pool-290-thread-1] INFO  server.RaftServerConfigKeys (ConfUtils.java:logGet(43)) - raft.server.log.force.sync.num = 128 (default)
2019-09-24 19:05:58,839 [pool-290-thread-1] INFO  server.RaftServerConfigKeys (ConfUtils.java:logGet(43)) - raft.server.log.statemachine.data.sync = true (default)
2019-09-24 19:05:58,839 [pool-290-thread-1] INFO  server.RaftServerConfigKeys (ConfUtils.java:logGet(43)) - raft.server.log.statemachine.data.sync.timeout = 10s (default)
2019-09-24 19:05:58,839 [pool-290-thread-1] INFO  server.RaftServerConfigKeys (ConfUtils.java:logGet(43)) - raft.server.log.statemachine.data.sync.timeout.retry = -1 (default)
2019-09-24 19:05:58,839 [pool-290-thread-1] INFO  server.RaftServerConfigKeys (ConfUtils.java:logGet(43)) - raft.server.log.statemachine.data.caching.enabled = true (custom)
2019-09-24 19:05:58,840 [pool-290-thread-1] INFO  segmented.SegmentedRaftLogWorker (SegmentedRaftLogWorker.java:lambda$new$0(132)) - d0ff2f9c-75fb-4559-babd-7e65d084c18c@group-7471AC5B8436-SegmentedRaftLogWorker: flushIndex: setUnconditionally 0 -> -1
2019-09-24 19:05:58,840 [pool-290-thread-1] INFO  server.RaftServerConfigKeys (ConfUtils.java:logGet(43)) - raft.server.snapshot.auto.trigger.enabled = true (custom)
2019-09-24 19:05:58,840 [pool-290-thread-1] INFO  server.RaftServerConfigKeys (ConfUtils.java:logGet(43)) - raft.server.snapshot.auto.trigger.threshold = 10000 (custom)
2019-09-24 19:05:58,841 [pool-290-thread-1] INFO  server.RaftServerConfigKeys (ConfUtils.java:logGet(43)) - raft.server.snapshot.retention.num.files = 5 (custom)
2019-09-24 19:05:58,841 [pool-290-thread-1] INFO  server.RaftServerConfigKeys (ConfUtils.java:logGet(43)) - raft.server.retrycache.expirytime = 600000ms (custom)
2019-09-24 19:05:58,843 [pool-290-thread-1] INFO  impl.RaftServerImpl (RaftServerImpl.java:start(185)) - d0ff2f9c-75fb-4559-babd-7e65d084c18c@group-7471AC5B8436: start as a follower, conf=-1: [d0ff2f9c-75fb-4559-babd-7e65d084c18c:192.168.5.148:38717], old=null
2019-09-24 19:05:58,843 [pool-290-thread-1] INFO  impl.RaftServerImpl (RaftServerImpl.java:setRole(174)) - d0ff2f9c-75fb-4559-babd-7e65d084c18c@group-7471AC5B8436: changes role from      null to FOLLOWER at term 0 for startAsFollower
2019-09-24 19:05:58,843 [pool-290-thread-1] INFO  impl.RoleInfo (RoleInfo.java:updateAndGet(143)) - d0ff2f9c-75fb-4559-babd-7e65d084c18c: start FollowerState
2019-09-24 19:05:58,844 [pool-290-thread-1] INFO  util.JmxRegister (JmxRegister.java:tryRegister(44)) - Successfully registered JMX Bean with object name Ratis:service=RaftServer,group=group-7471AC5B8436,id=d0ff2f9c-75fb-4559-babd-7e65d084c18c
2019-09-24 19:05:59,296 [pool-330-thread-1] INFO  storage.RaftStorage (RaftStorage.java:format(72)) - Storage directory /workdir/hadoop-ozone/integration-test/target/test-dir/MiniOzoneClusterImpl-136902ad-9ad3-4579-ab1e-826ed1576804/datanode-6/data/ratis/52f9e20b-3774-4ae3-84fb-9b209ada5585 has been successfully formatted.
2019-09-24 19:05:59,296 [pool-340-thread-1] INFO  storage.RaftStorage (RaftStorage.java:format(72)) - Storage directory /workdir/hadoop-ozone/integration-test/target/test-dir/MiniOzoneClusterImpl-136902ad-9ad3-4579-ab1e-826ed1576804/datanode-7/data/ratis/52f9e20b-3774-4ae3-84fb-9b209ada5585 has been successfully formatted.
2019-09-24 19:05:59,296 [pool-280-thread-1] INFO  storage.RaftStorage (RaftStorage.java:format(72)) - Storage directory /workdir/hadoop-ozone/integration-test/target/test-dir/MiniOzoneClusterImpl-136902ad-9ad3-4579-ab1e-826ed1576804/datanode-1/data/ratis/52f9e20b-3774-4ae3-84fb-9b209ada5585 has been successfully formatted.
2019-09-24 19:05:59,297 [pool-340-thread-1] INFO  ratis.ContainerStateMachine (ContainerStateMachine.java:loadSnapshot(230)) - group-9B209ADA5585: The snapshot info is null. Setting the last applied indexto:(t:0, i:~)
2019-09-24 19:05:59,297 [pool-280-thread-1] INFO  ratis.ContainerStateMachine (ContainerStateMachine.java:loadSnapshot(230)) - group-9B209ADA5585: The snapshot info is null. Setting the last applied indexto:(t:0, i:~)
2019-09-24 19:05:59,297 [pool-330-thread-1] INFO  ratis.ContainerStateMachine (ContainerStateMachine.java:loadSnapshot(230)) - group-9B209ADA5585: The snapshot info is null. Setting the last applied indexto:(t:0, i:~)
2019-09-24 19:05:59,297 [pool-280-thread-1] INFO  server.RaftServerConfigKeys (ConfUtils.java:logGet(43)) - raft.server.notification.no-leader.timeout = 120s (custom)
2019-09-24 19:05:59,297 [pool-340-thread-1] INFO  server.RaftServerConfigKeys (ConfUtils.java:logGet(43)) - raft.server.notification.no-leader.timeout = 120s (custom)
2019-09-24 19:05:59,298 [pool-280-thread-1] INFO  server.RaftServerConfigKeys (ConfUtils.java:logGet(43)) - raft.server.log.use.memory = false (default)
2019-09-24 19:05:59,297 [pool-330-thread-1] INFO  server.RaftServerConfigKeys (ConfUtils.java:logGet(43)) - raft.server.notification.no-leader.timeout = 120s (custom)
2019-09-24 19:05:59,298 [pool-280-thread-1] INFO  server.RaftServerConfigKeys (ConfUtils.java:logGet(43)) - raft.server.log.purge.gap = 1000000 (custom)
2019-09-24 19:05:59,298 [pool-340-thread-1] INFO  server.RaftServerConfigKeys (ConfUtils.java:logGet(43)) - raft.server.log.use.memory = false (default)
2019-09-24 19:05:59,298 [pool-280-thread-1] INFO  server.RaftServerConfigKeys (ConfUtils.java:logGet(43)) - raft.server.log.appender.buffer.byte-limit = 33554432 (custom)
2019-09-24 19:05:59,298 [pool-330-thread-1] INFO  server.RaftServerConfigKeys (ConfUtils.java:logGet(43)) - raft.server.log.use.memory = false (default)
2019-09-24 19:05:59,298 [pool-280-thread-1] INFO  server.RaftServerConfigKeys (ConfUtils.java:logGet(43)) - raft.server.log.segment.size.max = 1048576 (custom)
2019-09-24 19:05:59,298 [pool-340-thread-1] INFO  server.RaftServerConfigKeys (ConfUtils.java:logGet(43)) - raft.server.log.purge.gap = 1000000 (custom)
2019-09-24 19:05:59,299 [pool-280-thread-1] INFO  server.RaftServerConfigKeys (ConfUtils.java:logGet(43)) - raft.server.log.segment.cache.num.max = 2 (custom)
2019-09-24 19:05:59,299 [pool-330-thread-1] INFO  server.RaftServerConfigKeys (ConfUtils.java:logGet(43)) - raft.server.log.purge.gap = 1000000 (custom)
2019-09-24 19:05:59,299 [pool-280-thread-1] INFO  segmented.SegmentedRaftLogWorker (SegmentedRaftLogWorker.java:<init>(172)) - new a0991bb0-d059-4b75-b34b-f0d320bfe012@group-9B209ADA5585-SegmentedRaftLogWorker for RaftStorage:Storage Directory /workdir/hadoop-ozone/integration-test/target/test-dir/MiniOzoneClusterImpl-136902ad-9ad3-4579-ab1e-826ed1576804/datanode-1/data/ratis/52f9e20b-3774-4ae3-84fb-9b209ada5585
2019-09-24 19:05:59,299 [pool-340-thread-1] INFO  server.RaftServerConfigKeys (ConfUtils.java:logGet(43)) - raft.server.log.appender.buffer.byte-limit = 33554432 (custom)
2019-09-24 19:05:59,299 [pool-280-thread-1] INFO  server.RaftServerConfigKeys (ConfUtils.java:logGet(43)) - raft.server.log.queue.byte-limit = 2147483647 (custom)
2019-09-24 19:05:59,299 [pool-330-thread-1] INFO  server.RaftServerConfigKeys (ConfUtils.java:logGet(43)) - raft.server.log.appender.buffer.byte-limit = 33554432 (custom)
2019-09-24 19:05:59,300 [pool-280-thread-1] INFO  server.RaftServerConfigKeys (ConfUtils.java:logGet(43)) - raft.server.log.queue.element-limit = 1024 (custom)
2019-09-24 19:05:59,299 [pool-340-thread-1] INFO  server.RaftServerConfigKeys (ConfUtils.java:logGet(43)) - raft.server.log.segment.size.max = 1048576 (custom)
2019-09-24 19:05:59,300 [pool-280-thread-1] INFO  server.RaftServerConfigKeys (ConfUtils.java:logGet(43)) - raft.server.log.segment.size.max = 1048576 (custom)
2019-09-24 19:05:59,300 [pool-330-thread-1] INFO  server.RaftServerConfigKeys (ConfUtils.java:logGet(43)) - raft.server.log.segment.size.max = 1048576 (custom)
2019-09-24 19:05:59,300 [pool-280-thread-1] INFO  server.RaftServerConfigKeys (ConfUtils.java:logGet(43)) - raft.server.log.preallocated.size = 16384 (custom)
2019-09-24 19:05:59,301 [pool-280-thread-1] INFO  server.RaftServerConfigKeys (ConfUtils.java:logGet(43)) - raft.server.log.write.buffer.size = 33554432 (custom)
2019-09-24 19:05:59,300 [pool-340-thread-1] INFO  server.RaftServerConfigKeys (ConfUtils.java:logGet(43)) - raft.server.log.segment.cache.num.max = 2 (custom)
2019-09-24 19:05:59,301 [pool-280-thread-1] INFO  server.RaftServerConfigKeys (ConfUtils.java:logGet(43)) - raft.server.log.force.sync.num = 128 (default)
2019-09-24 19:05:59,301 [pool-280-thread-1] INFO  server.RaftServerConfigKeys (ConfUtils.java:logGet(43)) - raft.server.log.statemachine.data.sync = true (default)
2019-09-24 19:05:59,300 [pool-330-thread-1] INFO  server.RaftServerConfigKeys (ConfUtils.java:logGet(43)) - raft.server.log.segment.cache.num.max = 2 (custom)
2019-09-24 19:05:59,301 [pool-280-thread-1] INFO  server.RaftServerConfigKeys (ConfUtils.java:logGet(43)) - raft.server.log.statemachine.data.sync.timeout = 10s (default)
2019-09-24 19:05:59,301 [pool-280-thread-1] INFO  server.RaftServerConfigKeys (ConfUtils.java:logGet(43)) - raft.server.log.statemachine.data.sync.timeout.retry = -1 (default)
2019-09-24 19:05:59,301 [pool-340-thread-1] INFO  segmented.SegmentedRaftLogWorker (SegmentedRaftLogWorker.java:<init>(172)) - new 74a8c3a1-4d80-4c26-806c-1183f0126592@group-9B209ADA5585-SegmentedRaftLogWorker for RaftStorage:Storage Directory /workdir/hadoop-ozone/integration-test/target/test-dir/MiniOzoneClusterImpl-136902ad-9ad3-4579-ab1e-826ed1576804/datanode-7/data/ratis/52f9e20b-3774-4ae3-84fb-9b209ada5585
2019-09-24 19:05:59,302 [pool-280-thread-1] INFO  server.RaftServerConfigKeys (ConfUtils.java:logGet(43)) - raft.server.log.statemachine.data.caching.enabled = true (custom)
2019-09-24 19:05:59,301 [pool-330-thread-1] INFO  segmented.SegmentedRaftLogWorker (SegmentedRaftLogWorker.java:<init>(172)) - new b50c6779-182a-4abf-ac90-b7c5982ab67f@group-9B209ADA5585-SegmentedRaftLogWorker for RaftStorage:Storage Directory /workdir/hadoop-ozone/integration-test/target/test-dir/MiniOzoneClusterImpl-136902ad-9ad3-4579-ab1e-826ed1576804/datanode-6/data/ratis/52f9e20b-3774-4ae3-84fb-9b209ada5585
2019-09-24 19:05:59,302 [pool-280-thread-1] INFO  segmented.SegmentedRaftLogWorker (SegmentedRaftLogWorker.java:lambda$new$0(132)) - a0991bb0-d059-4b75-b34b-f0d320bfe012@group-9B209ADA5585-SegmentedRaftLogWorker: flushIndex: setUnconditionally 0 -> -1
2019-09-24 19:05:59,303 [pool-280-thread-1] INFO  server.RaftServerConfigKeys (ConfUtils.java:logGet(43)) - raft.server.snapshot.auto.trigger.enabled = true (custom)
2019-09-24 19:05:59,303 [pool-280-thread-1] INFO  server.RaftServerConfigKeys (ConfUtils.java:logGet(43)) - raft.server.snapshot.auto.trigger.threshold = 10000 (custom)
2019-09-24 19:05:59,303 [pool-280-thread-1] INFO  server.RaftServerConfigKeys (ConfUtils.java:logGet(43)) - raft.server.snapshot.retention.num.files = 5 (custom)
2019-09-24 19:05:59,303 [pool-280-thread-1] INFO  server.RaftServerConfigKeys (ConfUtils.java:logGet(43)) - raft.server.retrycache.expirytime = 600000ms (custom)
2019-09-24 19:05:59,305 [pool-340-thread-1] INFO  server.RaftServerConfigKeys (ConfUtils.java:logGet(43)) - raft.server.log.queue.byte-limit = 2147483647 (custom)
2019-09-24 19:05:59,305 [pool-330-thread-1] INFO  server.RaftServerConfigKeys (ConfUtils.java:logGet(43)) - raft.server.log.queue.byte-limit = 2147483647 (custom)
2019-09-24 19:05:59,305 [pool-340-thread-1] INFO  server.RaftServerConfigKeys (ConfUtils.java:logGet(43)) - raft.server.log.queue.element-limit = 1024 (custom)
2019-09-24 19:05:59,305 [pool-330-thread-1] INFO  server.RaftServerConfigKeys (ConfUtils.java:logGet(43)) - raft.server.log.queue.element-limit = 1024 (custom)
2019-09-24 19:05:59,306 [pool-340-thread-1] INFO  server.RaftServerConfigKeys (ConfUtils.java:logGet(43)) - raft.server.log.segment.size.max = 1048576 (custom)
2019-09-24 19:05:59,306 [pool-330-thread-1] INFO  server.RaftServerConfigKeys (ConfUtils.java:logGet(43)) - raft.server.log.segment.size.max = 1048576 (custom)
2019-09-24 19:05:59,306 [pool-340-thread-1] INFO  server.RaftServerConfigKeys (ConfUtils.java:logGet(43)) - raft.server.log.preallocated.size = 16384 (custom)
2019-09-24 19:05:59,306 [pool-280-thread-1] INFO  impl.RaftServerImpl (RaftServerImpl.java:start(185)) - a0991bb0-d059-4b75-b34b-f0d320bfe012@group-9B209ADA5585: start as a follower, conf=-1: [a0991bb0-d059-4b75-b34b-f0d320bfe012:192.168.5.148:46271, 74a8c3a1-4d80-4c26-806c-1183f0126592:192.168.5.148:44605, b50c6779-182a-4abf-ac90-b7c5982ab67f:192.168.5.148:46476], old=null
2019-09-24 19:05:59,306 [pool-330-thread-1] INFO  server.RaftServerConfigKeys (ConfUtils.java:logGet(43)) - raft.server.log.preallocated.size = 16384 (custom)
2019-09-24 19:05:59,306 [pool-280-thread-1] INFO  impl.RaftServerImpl (RaftServerImpl.java:setRole(174)) - a0991bb0-d059-4b75-b34b-f0d320bfe012@group-9B209ADA5585: changes role from      null to FOLLOWER at term 0 for startAsFollower
2019-09-24 19:05:59,306 [pool-340-thread-1] INFO  server.RaftServerConfigKeys (ConfUtils.java:logGet(43)) - raft.server.log.write.buffer.size = 33554432 (custom)
2019-09-24 19:05:59,307 [pool-280-thread-1] INFO  impl.RoleInfo (RoleInfo.java:updateAndGet(143)) - a0991bb0-d059-4b75-b34b-f0d320bfe012: start FollowerState
2019-09-24 19:05:59,306 [pool-330-thread-1] INFO  server.RaftServerConfigKeys (ConfUtils.java:logGet(43)) - raft.server.log.write.buffer.size = 33554432 (custom)
2019-09-24 19:05:59,307 [pool-340-thread-1] INFO  server.RaftServerConfigKeys (ConfUtils.java:logGet(43)) - raft.server.log.force.sync.num = 128 (default)
2019-09-24 19:05:59,307 [pool-330-thread-1] INFO  server.RaftServerConfigKeys (ConfUtils.java:logGet(43)) - raft.server.log.force.sync.num = 128 (default)
2019-09-24 19:05:59,307 [pool-340-thread-1] INFO  server.RaftServerConfigKeys (ConfUtils.java:logGet(43)) - raft.server.log.statemachine.data.sync = true (default)
2019-09-24 19:05:59,307 [pool-280-thread-1] INFO  util.JmxRegister (JmxRegister.java:tryRegister(44)) - Successfully registered JMX Bean with object name Ratis:service=RaftServer,group=group-9B209ADA5585,id=a0991bb0-d059-4b75-b34b-f0d320bfe012
2019-09-24 19:05:59,307 [pool-330-thread-1] INFO  server.RaftServerConfigKeys (ConfUtils.java:logGet(43)) - raft.server.log.statemachine.data.sync = true (default)
2019-09-24 19:05:59,307 [pool-340-thread-1] INFO  server.RaftServerConfigKeys (ConfUtils.java:logGet(43)) - raft.server.log.statemachine.data.sync.timeout = 10s (default)
2019-09-24 19:05:59,308 [pool-330-thread-1] INFO  server.RaftServerConfigKeys (ConfUtils.java:logGet(43)) - raft.server.log.statemachine.data.sync.timeout = 10s (default)
2019-09-24 19:05:59,308 [pool-340-thread-1] INFO  server.RaftServerConfigKeys (ConfUtils.java:logGet(43)) - raft.server.log.statemachine.data.sync.timeout.retry = -1 (default)
2019-09-24 19:05:59,308 [pool-330-thread-1] INFO  server.RaftServerConfigKeys (ConfUtils.java:logGet(43)) - raft.server.log.statemachine.data.sync.timeout.retry = -1 (default)
2019-09-24 19:05:59,308 [pool-340-thread-1] INFO  server.RaftServerConfigKeys (ConfUtils.java:logGet(43)) - raft.server.log.statemachine.data.caching.enabled = true (custom)
2019-09-24 19:05:59,308 [pool-330-thread-1] INFO  server.RaftServerConfigKeys (ConfUtils.java:logGet(43)) - raft.server.log.statemachine.data.caching.enabled = true (custom)
2019-09-24 19:05:59,309 [pool-340-thread-1] INFO  segmented.SegmentedRaftLogWorker (SegmentedRaftLogWorker.java:lambda$new$0(132)) - 74a8c3a1-4d80-4c26-806c-1183f0126592@group-9B209ADA5585-SegmentedRaftLogWorker: flushIndex: setUnconditionally 0 -> -1
2019-09-24 19:05:59,309 [pool-330-thread-1] INFO  segmented.SegmentedRaftLogWorker (SegmentedRaftLogWorker.java:lambda$new$0(132)) - b50c6779-182a-4abf-ac90-b7c5982ab67f@group-9B209ADA5585-SegmentedRaftLogWorker: flushIndex: setUnconditionally 0 -> -1
2019-09-24 19:05:59,309 [pool-340-thread-1] INFO  server.RaftServerConfigKeys (ConfUtils.java:logGet(43)) - raft.server.snapshot.auto.trigger.enabled = true (custom)
2019-09-24 19:05:59,309 [pool-330-thread-1] INFO  server.RaftServerConfigKeys (ConfUtils.java:logGet(43)) - raft.server.snapshot.auto.trigger.enabled = true (custom)
2019-09-24 19:05:59,309 [pool-340-thread-1] INFO  server.RaftServerConfigKeys (ConfUtils.java:logGet(43)) - raft.server.snapshot.auto.trigger.threshold = 10000 (custom)
2019-09-24 19:05:59,309 [pool-330-thread-1] INFO  server.RaftServerConfigKeys (ConfUtils.java:logGet(43)) - raft.server.snapshot.auto.trigger.threshold = 10000 (custom)
2019-09-24 19:05:59,309 [pool-340-thread-1] INFO  server.RaftServerConfigKeys (ConfUtils.java:logGet(43)) - raft.server.snapshot.retention.num.files = 5 (custom)
2019-09-24 19:05:59,309 [pool-330-thread-1] INFO  server.RaftServerConfigKeys (ConfUtils.java:logGet(43)) - raft.server.snapshot.retention.num.files = 5 (custom)
2019-09-24 19:05:59,310 [pool-340-thread-1] INFO  server.RaftServerConfigKeys (ConfUtils.java:logGet(43)) - raft.server.retrycache.expirytime = 600000ms (custom)
2019-09-24 19:05:59,310 [pool-330-thread-1] INFO  server.RaftServerConfigKeys (ConfUtils.java:logGet(43)) - raft.server.retrycache.expirytime = 600000ms (custom)
2019-09-24 19:05:59,312 [pool-340-thread-1] INFO  impl.RaftServerImpl (RaftServerImpl.java:start(185)) - 74a8c3a1-4d80-4c26-806c-1183f0126592@group-9B209ADA5585: start as a follower, conf=-1: [a0991bb0-d059-4b75-b34b-f0d320bfe012:192.168.5.148:46271, 74a8c3a1-4d80-4c26-806c-1183f0126592:192.168.5.148:44605, b50c6779-182a-4abf-ac90-b7c5982ab67f:192.168.5.148:46476], old=null
2019-09-24 19:05:59,312 [pool-340-thread-1] INFO  impl.RaftServerImpl (RaftServerImpl.java:setRole(174)) - 74a8c3a1-4d80-4c26-806c-1183f0126592@group-9B209ADA5585: changes role from      null to FOLLOWER at term 0 for startAsFollower
2019-09-24 19:05:59,312 [pool-340-thread-1] INFO  impl.RoleInfo (RoleInfo.java:updateAndGet(143)) - 74a8c3a1-4d80-4c26-806c-1183f0126592: start FollowerState
2019-09-24 19:05:59,313 [pool-340-thread-1] INFO  util.JmxRegister (JmxRegister.java:tryRegister(44)) - Successfully registered JMX Bean with object name Ratis:service=RaftServer,group=group-9B209ADA5585,id=74a8c3a1-4d80-4c26-806c-1183f0126592
2019-09-24 19:05:59,313 [pool-330-thread-1] INFO  impl.RaftServerImpl (RaftServerImpl.java:<init>(95)) - b50c6779-182a-4abf-ac90-b7c5982ab67f: new RaftServerImpl for group-D6C820A38EC3:[b50c6779-182a-4abf-ac90-b7c5982ab67f:192.168.5.148:46476] with ContainerStateMachine:uninitialized
2019-09-24 19:05:59,313 [pool-330-thread-1] INFO  server.RaftServerConfigKeys (ConfUtils.java:logGet(43)) - raft.server.rpc.timeout.min = 1s (custom)
2019-09-24 19:05:59,313 [pool-330-thread-1] INFO  server.RaftServerConfigKeys (ConfUtils.java:logGet(43)) - raft.server.rpc.timeout.max = 1200ms (custom)
2019-09-24 19:05:59,314 [pool-330-thread-1] INFO  server.RaftServerConfigKeys (ConfUtils.java:logGet(43)) - raft.server.rpcslowness.timeout = 120s (custom)
2019-09-24 19:05:59,314 [pool-330-thread-1] INFO  server.RaftServerConfigKeys (ConfUtils.java:logGet(43)) - raft.server.sleep.deviation.threshold = 300 (default)
2019-09-24 19:05:59,314 [pool-330-thread-1] INFO  server.RaftServerConfigKeys (ConfUtils.java:logGet(43)) - raft.server.log.appender.install.snapshot.enabled = false (custom)
2019-09-24 19:05:59,314 [pool-330-thread-1] INFO  impl.RaftServerImpl (ServerState.java:<init>(103)) - b50c6779-182a-4abf-ac90-b7c5982ab67f@group-D6C820A38EC3: ConfigurationManager, init=-1: [b50c6779-182a-4abf-ac90-b7c5982ab67f:192.168.5.148:46476], old=null, confs=<EMPTY_MAP>
2019-09-24 19:05:59,314 [pool-330-thread-1] INFO  server.RaftServerConfigKeys (ConfUtils.java:logGet(43)) - raft.server.storage.dir = [/workdir/hadoop-ozone/integration-test/target/test-dir/MiniOzoneClusterImpl-136902ad-9ad3-4579-ab1e-826ed1576804/datanode-6/data/ratis] (custom)
2019-09-24 19:05:59,315 [pool-330-thread-1] INFO  storage.RaftStorageDirectory (RaftStorageDirectory.java:analyzeStorage(246)) - The storage directory /workdir/hadoop-ozone/integration-test/target/test-dir/MiniOzoneClusterImpl-136902ad-9ad3-4579-ab1e-826ed1576804/datanode-6/data/ratis/953f27ca-a41b-4c6a-97bb-d6c820a38ec3 does not exist. Creating ...
2019-09-24 19:05:59,928 [Thread-2612] INFO  impl.FollowerState (FollowerState.java:run(106)) - d0ff2f9c-75fb-4559-babd-7e65d084c18c:group-7471AC5B8436 changes to CANDIDATE, lastRpcTime:1084, electionTimeout:1084ms
2019-09-24 19:05:59,928 [Thread-2612] INFO  impl.RoleInfo (RoleInfo.java:shutdownFollowerState(121)) - d0ff2f9c-75fb-4559-babd-7e65d084c18c: shutdown FollowerState
2019-09-24 19:05:59,928 [Thread-2612] INFO  impl.RaftServerImpl (RaftServerImpl.java:setRole(174)) - d0ff2f9c-75fb-4559-babd-7e65d084c18c@group-7471AC5B8436: changes role from  FOLLOWER to CANDIDATE at term 0 for changeToCandidate
2019-09-24 19:05:59,929 [Thread-2612] INFO  impl.RoleInfo (RoleInfo.java:updateAndGet(143)) - d0ff2f9c-75fb-4559-babd-7e65d084c18c: start LeaderElection
2019-09-24 19:06:00,328 [Thread-2615] INFO  impl.FollowerState (FollowerState.java:run(106)) - a0991bb0-d059-4b75-b34b-f0d320bfe012:group-9B209ADA5585 changes to CANDIDATE, lastRpcTime:1021, electionTimeout:1021ms
2019-09-24 19:06:00,329 [Thread-2615] INFO  impl.RoleInfo (RoleInfo.java:shutdownFollowerState(121)) - a0991bb0-d059-4b75-b34b-f0d320bfe012: shutdown FollowerState
2019-09-24 19:06:00,329 [Thread-2615] INFO  impl.RaftServerImpl (RaftServerImpl.java:setRole(174)) - a0991bb0-d059-4b75-b34b-f0d320bfe012@group-9B209ADA5585: changes role from  FOLLOWER to CANDIDATE at term 0 for changeToCandidate
2019-09-24 19:06:00,329 [Thread-2615] INFO  impl.RoleInfo (RoleInfo.java:updateAndGet(143)) - a0991bb0-d059-4b75-b34b-f0d320bfe012: start LeaderElection
2019-09-24 19:06:00,513 [Thread-2619] INFO  impl.FollowerState (FollowerState.java:run(106)) - 74a8c3a1-4d80-4c26-806c-1183f0126592:group-9B209ADA5585 changes to CANDIDATE, lastRpcTime:1200, electionTimeout:1200ms
2019-09-24 19:06:00,513 [Thread-2619] INFO  impl.RoleInfo (RoleInfo.java:shutdownFollowerState(121)) - 74a8c3a1-4d80-4c26-806c-1183f0126592: shutdown FollowerState
2019-09-24 19:06:00,513 [Thread-2619] INFO  impl.RaftServerImpl (RaftServerImpl.java:setRole(174)) - 74a8c3a1-4d80-4c26-806c-1183f0126592@group-9B209ADA5585: changes role from  FOLLOWER to CANDIDATE at term 0 for changeToCandidate
2019-09-24 19:06:00,513 [Thread-2619] INFO  impl.RoleInfo (RoleInfo.java:updateAndGet(143)) - 74a8c3a1-4d80-4c26-806c-1183f0126592: start LeaderElection
2019-09-24 19:06:00,660 [RATISCREATEPIPELINE1] ERROR pipeline.RatisPipelineProvider (RatisPipelineProvider.java:lambda$null$5(235)) - Failed invoke Ratis rpc org.apache.hadoop.hdds.scm.pipeline.RatisPipelineProvider$$Lambda$180/1007996814@73d4be46 for b50c6779-182a-4abf-ac90-b7c5982ab67f
org.apache.ratis.protocol.TimeoutIOException: deadline exceeded after 2999784485ns
	at org.apache.ratis.grpc.GrpcUtil.tryUnwrapException(GrpcUtil.java:82)
	at org.apache.ratis.grpc.GrpcUtil.unwrapException(GrpcUtil.java:75)
	at org.apache.ratis.grpc.client.GrpcClientProtocolClient.blockingCall(GrpcClientProtocolClient.java:178)
	at org.apache.ratis.grpc.client.GrpcClientProtocolClient.groupAdd(GrpcClientProtocolClient.java:147)
	at org.apache.ratis.grpc.client.GrpcClientRpc.sendRequest(GrpcClientRpc.java:94)
	at org.apache.ratis.client.impl.RaftClientImpl.sendRequest(RaftClientImpl.java:278)
	at org.apache.ratis.client.impl.RaftClientImpl.groupAdd(RaftClientImpl.java:205)
	at org.apache.hadoop.hdds.scm.pipeline.RatisPipelineProvider.lambda$initializePipeline$4(RatisPipelineProvider.java:196)
	at org.apache.hadoop.hdds.scm.pipeline.RatisPipelineProvider.lambda$null$5(RatisPipelineProvider.java:231)
	at java.util.stream.ForEachOps$ForEachOp$OfRef.accept(ForEachOps.java:184)
	at java.util.ArrayList$ArrayListSpliterator.forEachRemaining(ArrayList.java:1382)
	at java.util.stream.AbstractPipeline.copyInto(AbstractPipeline.java:482)
	at java.util.stream.ForEachOps$ForEachTask.compute(ForEachOps.java:291)
	at java.util.concurrent.CountedCompleter.exec(CountedCompleter.java:731)
	at java.util.concurrent.ForkJoinTask.doExec(ForkJoinTask.java:289)
	at java.util.concurrent.ForkJoinTask.doInvoke(ForkJoinTask.java:401)
	at java.util.concurrent.ForkJoinTask.invoke(ForkJoinTask.java:734)
	at java.util.stream.ForEachOps$ForEachOp.evaluateParallel(ForEachOps.java:160)
	at java.util.stream.ForEachOps$ForEachOp$OfRef.evaluateParallel(ForEachOps.java:174)
	at java.util.stream.AbstractPipeline.evaluate(AbstractPipeline.java:233)
	at java.util.stream.ReferencePipeline.forEach(ReferencePipeline.java:418)
	at java.util.stream.ReferencePipeline$Head.forEach(ReferencePipeline.java:583)
	at org.apache.hadoop.hdds.scm.pipeline.RatisPipelineProvider.lambda$callRatisRpc$6(RatisPipelineProvider.java:225)
	at java.util.concurrent.ForkJoinTask$AdaptedRunnableAction.exec(ForkJoinTask.java:1386)
	at java.util.concurrent.ForkJoinTask.doExec(ForkJoinTask.java:289)
	at java.util.concurrent.ForkJoinPool$WorkQueue.runTask(ForkJoinPool.java:1056)
	at java.util.concurrent.ForkJoinPool.runWorker(ForkJoinPool.java:1692)
	at java.util.concurrent.ForkJoinWorkerThread.run(ForkJoinWorkerThread.java:157)
Caused by: org.apache.ratis.thirdparty.io.grpc.StatusRuntimeException: DEADLINE_EXCEEDED: deadline exceeded after 2999784485ns
	at org.apache.ratis.thirdparty.io.grpc.stub.ClientCalls.toStatusRuntimeException(ClientCalls.java:233)
	at org.apache.ratis.thirdparty.io.grpc.stub.ClientCalls.getUnchecked(ClientCalls.java:214)
	at org.apache.ratis.thirdparty.io.grpc.stub.ClientCalls.blockingUnaryCall(ClientCalls.java:139)
	at org.apache.ratis.proto.grpc.AdminProtocolServiceGrpc$AdminProtocolServiceBlockingStub.groupManagement(AdminProtocolServiceGrpc.java:274)
	at org.apache.ratis.grpc.client.GrpcClientProtocolClient.lambda$groupAdd$3(GrpcClientProtocolClient.java:149)
	at org.apache.ratis.grpc.client.GrpcClientProtocolClient.blockingCall(GrpcClientProtocolClient.java:176)
	... 25 more
2019-09-24 19:06:00,678 [grpc-default-executor-11] INFO  impl.RaftServerProxy (RaftServerProxy.java:addNew(89)) - a0991bb0-d059-4b75-b34b-f0d320bfe012: addNew group-192AEBA694D5:[a0991bb0-d059-4b75-b34b-f0d320bfe012:192.168.5.148:46271, 74a8c3a1-4d80-4c26-806c-1183f0126592:192.168.5.148:44605, b50c6779-182a-4abf-ac90-b7c5982ab67f:192.168.5.148:46476] returns group-192AEBA694D5:java.util.concurrent.CompletableFuture@2584d1ff[Not completed]
2019-09-24 19:06:00,679 [grpc-default-executor-10] INFO  impl.RaftServerProxy (RaftServerProxy.java:addNew(89)) - b50c6779-182a-4abf-ac90-b7c5982ab67f: addNew group-192AEBA694D5:[a0991bb0-d059-4b75-b34b-f0d320bfe012:192.168.5.148:46271, 74a8c3a1-4d80-4c26-806c-1183f0126592:192.168.5.148:44605, b50c6779-182a-4abf-ac90-b7c5982ab67f:192.168.5.148:46476] returns group-192AEBA694D5:java.util.concurrent.CompletableFuture@646f09fa[Not completed]
2019-09-24 19:06:00,678 [grpc-default-executor-12] INFO  impl.RaftServerProxy (RaftServerProxy.java:addNew(89)) - 74a8c3a1-4d80-4c26-806c-1183f0126592: addNew group-192AEBA694D5:[a0991bb0-d059-4b75-b34b-f0d320bfe012:192.168.5.148:46271, 74a8c3a1-4d80-4c26-806c-1183f0126592:192.168.5.148:44605, b50c6779-182a-4abf-ac90-b7c5982ab67f:192.168.5.148:46476] returns group-192AEBA694D5:java.util.concurrent.CompletableFuture@4fe02007[Not completed]
2019-09-24 19:06:00,680 [pool-340-thread-1] INFO  impl.RaftServerImpl (RaftServerImpl.java:<init>(95)) - 74a8c3a1-4d80-4c26-806c-1183f0126592: new RaftServerImpl for group-192AEBA694D5:[a0991bb0-d059-4b75-b34b-f0d320bfe012:192.168.5.148:46271, 74a8c3a1-4d80-4c26-806c-1183f0126592:192.168.5.148:44605, b50c6779-182a-4abf-ac90-b7c5982ab67f:192.168.5.148:46476] with ContainerStateMachine:uninitialized
2019-09-24 19:06:00,680 [pool-340-thread-1] INFO  server.RaftServerConfigKeys (ConfUtils.java:logGet(43)) - raft.server.rpc.timeout.min = 1s (custom)
2019-09-24 19:06:00,680 [pool-340-thread-1] INFO  server.RaftServerConfigKeys (ConfUtils.java:logGet(43)) - raft.server.rpc.timeout.max = 1200ms (custom)
2019-09-24 19:06:00,681 [pool-340-thread-1] INFO  server.RaftServerConfigKeys (ConfUtils.java:logGet(43)) - raft.server.rpcslowness.timeout = 120s (custom)
2019-09-24 19:06:00,681 [pool-340-thread-1] INFO  server.RaftServerConfigKeys (ConfUtils.java:logGet(43)) - raft.server.sleep.deviation.threshold = 300 (default)
2019-09-24 19:06:00,681 [pool-280-thread-1] INFO  impl.RaftServerImpl (RaftServerImpl.java:<init>(95)) - a0991bb0-d059-4b75-b34b-f0d320bfe012: new RaftServerImpl for group-192AEBA694D5:[a0991bb0-d059-4b75-b34b-f0d320bfe012:192.168.5.148:46271, 74a8c3a1-4d80-4c26-806c-1183f0126592:192.168.5.148:44605, b50c6779-182a-4abf-ac90-b7c5982ab67f:192.168.5.148:46476] with ContainerStateMachine:uninitialized
2019-09-24 19:06:00,681 [pool-340-thread-1] INFO  server.RaftServerConfigKeys (ConfUtils.java:logGet(43)) - raft.server.log.appender.install.snapshot.enabled = false (custom)
2019-09-24 19:06:00,681 [pool-280-thread-1] INFO  server.RaftServerConfigKeys (ConfUtils.java:logGet(43)) - raft.server.rpc.timeout.min = 1s (custom)
2019-09-24 19:06:00,681 [pool-340-thread-1] INFO  impl.RaftServerImpl (ServerState.java:<init>(103)) - 74a8c3a1-4d80-4c26-806c-1183f0126592@group-192AEBA694D5: ConfigurationManager, init=-1: [a0991bb0-d059-4b75-b34b-f0d320bfe012:192.168.5.148:46271, 74a8c3a1-4d80-4c26-806c-1183f0126592:192.168.5.148:44605, b50c6779-182a-4abf-ac90-b7c5982ab67f:192.168.5.148:46476], old=null, confs=<EMPTY_MAP>
2019-09-24 19:06:00,681 [pool-280-thread-1] INFO  server.RaftServerConfigKeys (ConfUtils.java:logGet(43)) - raft.server.rpc.timeout.max = 1200ms (custom)
2019-09-24 19:06:00,682 [pool-340-thread-1] INFO  server.RaftServerConfigKeys (ConfUtils.java:logGet(43)) - raft.server.storage.dir = [/workdir/hadoop-ozone/integration-test/target/test-dir/MiniOzoneClusterImpl-136902ad-9ad3-4579-ab1e-826ed1576804/datanode-7/data/ratis] (custom)
2019-09-24 19:06:00,682 [pool-280-thread-1] INFO  server.RaftServerConfigKeys (ConfUtils.java:logGet(43)) - raft.server.rpcslowness.timeout = 120s (custom)
2019-09-24 19:06:00,682 [pool-280-thread-1] INFO  server.RaftServerConfigKeys (ConfUtils.java:logGet(43)) - raft.server.sleep.deviation.threshold = 300 (default)
2019-09-24 19:06:00,682 [pool-340-thread-1] INFO  storage.RaftStorageDirectory (RaftStorageDirectory.java:analyzeStorage(246)) - The storage directory /workdir/hadoop-ozone/integration-test/target/test-dir/MiniOzoneClusterImpl-136902ad-9ad3-4579-ab1e-826ed1576804/datanode-7/data/ratis/33c15cfd-b730-44fa-8b03-192aeba694d5 does not exist. Creating ...
2019-09-24 19:06:00,682 [pool-280-thread-1] INFO  server.RaftServerConfigKeys (ConfUtils.java:logGet(43)) - raft.server.log.appender.install.snapshot.enabled = false (custom)
2019-09-24 19:06:00,683 [pool-280-thread-1] INFO  impl.RaftServerImpl (ServerState.java:<init>(103)) - a0991bb0-d059-4b75-b34b-f0d320bfe012@group-192AEBA694D5: ConfigurationManager, init=-1: [a0991bb0-d059-4b75-b34b-f0d320bfe012:192.168.5.148:46271, 74a8c3a1-4d80-4c26-806c-1183f0126592:192.168.5.148:44605, b50c6779-182a-4abf-ac90-b7c5982ab67f:192.168.5.148:46476], old=null, confs=<EMPTY_MAP>
2019-09-24 19:06:00,683 [pool-280-thread-1] INFO  server.RaftServerConfigKeys (ConfUtils.java:logGet(43)) - raft.server.storage.dir = [/workdir/hadoop-ozone/integration-test/target/test-dir/MiniOzoneClusterImpl-136902ad-9ad3-4579-ab1e-826ed1576804/datanode-1/data/ratis] (custom)
2019-09-24 19:06:00,683 [pool-280-thread-1] INFO  storage.RaftStorageDirectory (RaftStorageDirectory.java:analyzeStorage(246)) - The storage directory /workdir/hadoop-ozone/integration-test/target/test-dir/MiniOzoneClusterImpl-136902ad-9ad3-4579-ab1e-826ed1576804/datanode-1/data/ratis/33c15cfd-b730-44fa-8b03-192aeba694d5 does not exist. Creating ...
2019-09-24 19:06:03,678 [RATISCREATEPIPELINE3] ERROR pipeline.RatisPipelineProvider (RatisPipelineProvider.java:lambda$null$5(235)) - Failed invoke Ratis rpc org.apache.hadoop.hdds.scm.pipeline.RatisPipelineProvider$$Lambda$180/1007996814@478bf1f7 for a0991bb0-d059-4b75-b34b-f0d320bfe012
org.apache.ratis.protocol.TimeoutIOException: deadline exceeded after 2999831564ns
	at org.apache.ratis.grpc.GrpcUtil.tryUnwrapException(GrpcUtil.java:82)
	at org.apache.ratis.grpc.GrpcUtil.unwrapException(GrpcUtil.java:75)
	at org.apache.ratis.grpc.client.GrpcClientProtocolClient.blockingCall(GrpcClientProtocolClient.java:178)
	at org.apache.ratis.grpc.client.GrpcClientProtocolClient.groupAdd(GrpcClientProtocolClient.java:147)
	at org.apache.ratis.grpc.client.GrpcClientRpc.sendRequest(GrpcClientRpc.java:94)
	at org.apache.ratis.client.impl.RaftClientImpl.sendRequest(RaftClientImpl.java:278)
	at org.apache.ratis.client.impl.RaftClientImpl.groupAdd(RaftClientImpl.java:205)
	at org.apache.hadoop.hdds.scm.pipeline.RatisPipelineProvider.lambda$initializePipeline$4(RatisPipelineProvider.java:196)
	at org.apache.hadoop.hdds.scm.pipeline.RatisPipelineProvider.lambda$null$5(RatisPipelineProvider.java:231)
	at java.util.stream.ForEachOps$ForEachOp$OfRef.accept(ForEachOps.java:184)
	at java.util.ArrayList$ArrayListSpliterator.forEachRemaining(ArrayList.java:1382)
	at java.util.stream.AbstractPipeline.copyInto(AbstractPipeline.java:482)
	at java.util.stream.ForEachOps$ForEachTask.compute(ForEachOps.java:291)
	at java.util.concurrent.CountedCompleter.exec(CountedCompleter.java:731)
	at java.util.concurrent.ForkJoinTask.doExec(ForkJoinTask.java:289)
	at java.util.concurrent.ForkJoinPool$WorkQueue.runTask(ForkJoinPool.java:1056)
	at java.util.concurrent.ForkJoinPool.runWorker(ForkJoinPool.java:1692)
	at java.util.concurrent.ForkJoinWorkerThread.run(ForkJoinWorkerThread.java:157)
Caused by: org.apache.ratis.thirdparty.io.grpc.StatusRuntimeException: DEADLINE_EXCEEDED: deadline exceeded after 2999831564ns
	at org.apache.ratis.thirdparty.io.grpc.stub.ClientCalls.toStatusRuntimeException(ClientCalls.java:233)
	at org.apache.ratis.thirdparty.io.grpc.stub.ClientCalls.getUnchecked(ClientCalls.java:214)
	at org.apache.ratis.thirdparty.io.grpc.stub.ClientCalls.blockingUnaryCall(ClientCalls.java:139)
	at org.apache.ratis.proto.grpc.AdminProtocolServiceGrpc$AdminProtocolServiceBlockingStub.groupManagement(AdminProtocolServiceGrpc.java:274)
	at org.apache.ratis.grpc.client.GrpcClientProtocolClient.lambda$groupAdd$3(GrpcClientProtocolClient.java:149)
	at org.apache.ratis.grpc.client.GrpcClientProtocolClient.blockingCall(GrpcClientProtocolClient.java:176)
	... 15 more
2019-09-24 19:06:03,679 [RATISCREATEPIPELINE1] ERROR pipeline.RatisPipelineProvider (RatisPipelineProvider.java:lambda$null$5(235)) - Failed invoke Ratis rpc org.apache.hadoop.hdds.scm.pipeline.RatisPipelineProvider$$Lambda$180/1007996814@478bf1f7 for b50c6779-182a-4abf-ac90-b7c5982ab67f
org.apache.ratis.protocol.TimeoutIOException
	at org.apache.ratis.grpc.GrpcUtil.tryUnwrapException(GrpcUtil.java:82)
	at org.apache.ratis.grpc.GrpcUtil.unwrapException(GrpcUtil.java:75)
	at org.apache.ratis.grpc.client.GrpcClientProtocolClient.blockingCall(GrpcClientProtocolClient.java:178)
	at org.apache.ratis.grpc.client.GrpcClientProtocolClient.groupAdd(GrpcClientProtocolClient.java:147)
	at org.apache.ratis.grpc.client.GrpcClientRpc.sendRequest(GrpcClientRpc.java:94)
	at org.apache.ratis.client.impl.RaftClientImpl.sendRequest(RaftClientImpl.java:278)
	at org.apache.ratis.client.impl.RaftClientImpl.groupAdd(RaftClientImpl.java:205)
	at org.apache.hadoop.hdds.scm.pipeline.RatisPipelineProvider.lambda$initializePipeline$4(RatisPipelineProvider.java:196)
	at org.apache.hadoop.hdds.scm.pipeline.RatisPipelineProvider.lambda$null$5(RatisPipelineProvider.java:231)
	at java.util.stream.ForEachOps$ForEachOp$OfRef.accept(ForEachOps.java:184)
	at java.util.ArrayList$ArrayListSpliterator.forEachRemaining(ArrayList.java:1382)
	at java.util.stream.AbstractPipeline.copyInto(AbstractPipeline.java:482)
	at java.util.stream.ForEachOps$ForEachTask.compute(ForEachOps.java:291)
	at java.util.concurrent.CountedCompleter.exec(CountedCompleter.java:731)
	at java.util.concurrent.ForkJoinTask.doExec(ForkJoinTask.java:289)
	at java.util.concurrent.ForkJoinTask.doInvoke(ForkJoinTask.java:401)
	at java.util.concurrent.ForkJoinTask.invoke(ForkJoinTask.java:734)
	at java.util.stream.ForEachOps$ForEachOp.evaluateParallel(ForEachOps.java:160)
	at java.util.stream.ForEachOps$ForEachOp$OfRef.evaluateParallel(ForEachOps.java:174)
	at java.util.stream.AbstractPipeline.evaluate(AbstractPipeline.java:233)
	at java.util.stream.ReferencePipeline.forEach(ReferencePipeline.java:418)
	at java.util.stream.ReferencePipeline$Head.forEach(ReferencePipeline.java:583)
	at org.apache.hadoop.hdds.scm.pipeline.RatisPipelineProvider.lambda$callRatisRpc$6(RatisPipelineProvider.java:225)
	at java.util.concurrent.ForkJoinTask$AdaptedRunnableAction.exec(ForkJoinTask.java:1386)
	at java.util.concurrent.ForkJoinTask.doExec(ForkJoinTask.java:289)
	at java.util.concurrent.ForkJoinPool$WorkQueue.runTask(ForkJoinPool.java:1056)
	at java.util.concurrent.ForkJoinPool.runWorker(ForkJoinPool.java:1692)
	at java.util.concurrent.ForkJoinWorkerThread.run(ForkJoinWorkerThread.java:157)
Caused by: org.apache.ratis.thirdparty.io.grpc.StatusRuntimeException: DEADLINE_EXCEEDED
	at org.apache.ratis.thirdparty.io.grpc.stub.ClientCalls.toStatusRuntimeException(ClientCalls.java:233)
	at org.apache.ratis.thirdparty.io.grpc.stub.ClientCalls.getUnchecked(ClientCalls.java:214)
	at org.apache.ratis.thirdparty.io.grpc.stub.ClientCalls.blockingUnaryCall(ClientCalls.java:139)
	at org.apache.ratis.proto.grpc.AdminProtocolServiceGrpc$AdminProtocolServiceBlockingStub.groupManagement(AdminProtocolServiceGrpc.java:274)
	at org.apache.ratis.grpc.client.GrpcClientProtocolClient.lambda$groupAdd$3(GrpcClientProtocolClient.java:149)
	at org.apache.ratis.grpc.client.GrpcClientProtocolClient.blockingCall(GrpcClientProtocolClient.java:176)
	... 25 more
2019-09-24 19:06:03,678 [RATISCREATEPIPELINE2] ERROR pipeline.RatisPipelineProvider (RatisPipelineProvider.java:lambda$null$5(235)) - Failed invoke Ratis rpc org.apache.hadoop.hdds.scm.pipeline.RatisPipelineProvider$$Lambda$180/1007996814@478bf1f7 for 74a8c3a1-4d80-4c26-806c-1183f0126592
org.apache.ratis.protocol.TimeoutIOException: deadline exceeded after 2999810293ns
	at org.apache.ratis.grpc.GrpcUtil.tryUnwrapException(GrpcUtil.java:82)
	at org.apache.ratis.grpc.GrpcUtil.unwrapException(GrpcUtil.java:75)
	at org.apache.ratis.grpc.client.GrpcClientProtocolClient.blockingCall(GrpcClientProtocolClient.java:178)
	at org.apache.ratis.grpc.client.GrpcClientProtocolClient.groupAdd(GrpcClientProtocolClient.java:147)
	at org.apache.ratis.grpc.client.GrpcClientRpc.sendRequest(GrpcClientRpc.java:94)
	at org.apache.ratis.client.impl.RaftClientImpl.sendRequest(RaftClientImpl.java:278)
	at org.apache.ratis.client.impl.RaftClientImpl.groupAdd(RaftClientImpl.java:205)
	at org.apache.hadoop.hdds.scm.pipeline.RatisPipelineProvider.lambda$initializePipeline$4(RatisPipelineProvider.java:196)
	at org.apache.hadoop.hdds.scm.pipeline.RatisPipelineProvider.lambda$null$5(RatisPipelineProvider.java:231)
	at java.util.stream.ForEachOps$ForEachOp$OfRef.accept(ForEachOps.java:184)
	at java.util.ArrayList$ArrayListSpliterator.forEachRemaining(ArrayList.java:1382)
	at java.util.stream.AbstractPipeline.copyInto(AbstractPipeline.java:482)
	at java.util.stream.ForEachOps$ForEachTask.compute(ForEachOps.java:291)
	at java.util.concurrent.CountedCompleter.exec(CountedCompleter.java:731)
	at java.util.concurrent.ForkJoinTask.doExec(ForkJoinTask.java:289)
	at java.util.concurrent.ForkJoinPool$WorkQueue.runTask(ForkJoinPool.java:1056)
	at java.util.concurrent.ForkJoinPool.runWorker(ForkJoinPool.java:1692)
	at java.util.concurrent.ForkJoinWorkerThread.run(ForkJoinWorkerThread.java:157)
Caused by: org.apache.ratis.thirdparty.io.grpc.StatusRuntimeException: DEADLINE_EXCEEDED: deadline exceeded after 2999810293ns
	at org.apache.ratis.thirdparty.io.grpc.stub.ClientCalls.toStatusRuntimeException(ClientCalls.java:233)
	at org.apache.ratis.thirdparty.io.grpc.stub.ClientCalls.getUnchecked(ClientCalls.java:214)
	at org.apache.ratis.thirdparty.io.grpc.stub.ClientCalls.blockingUnaryCall(ClientCalls.java:139)
	at org.apache.ratis.proto.grpc.AdminProtocolServiceGrpc$AdminProtocolServiceBlockingStub.groupManagement(AdminProtocolServiceGrpc.java:274)
	at org.apache.ratis.grpc.client.GrpcClientProtocolClient.lambda$groupAdd$3(GrpcClientProtocolClient.java:149)
	at org.apache.ratis.grpc.client.GrpcClientProtocolClient.blockingCall(GrpcClientProtocolClient.java:176)
	... 15 more
2019-09-24 19:06:03,705 [grpc-default-executor-10] INFO  impl.RaftServerProxy (RaftServerProxy.java:addNew(89)) - a0991bb0-d059-4b75-b34b-f0d320bfe012: addNew group-84081C198BA3:[a0991bb0-d059-4b75-b34b-f0d320bfe012:192.168.5.148:46271, 74a8c3a1-4d80-4c26-806c-1183f0126592:192.168.5.148:44605, b50c6779-182a-4abf-ac90-b7c5982ab67f:192.168.5.148:46476] returns group-84081C198BA3:java.util.concurrent.CompletableFuture@3f0c04e6[Not completed]
2019-09-24 19:06:03,705 [grpc-default-executor-11] INFO  impl.RaftServerProxy (RaftServerProxy.java:addNew(89)) - b50c6779-182a-4abf-ac90-b7c5982ab67f: addNew group-84081C198BA3:[a0991bb0-d059-4b75-b34b-f0d320bfe012:192.168.5.148:46271, 74a8c3a1-4d80-4c26-806c-1183f0126592:192.168.5.148:44605, b50c6779-182a-4abf-ac90-b7c5982ab67f:192.168.5.148:46476] returns group-84081C198BA3:java.util.concurrent.CompletableFuture@146b97bf[Not completed]
2019-09-24 19:06:03,705 [grpc-default-executor-12] INFO  impl.RaftServerProxy (RaftServerProxy.java:addNew(89)) - 74a8c3a1-4d80-4c26-806c-1183f0126592: addNew group-84081C198BA3:[a0991bb0-d059-4b75-b34b-f0d320bfe012:192.168.5.148:46271, 74a8c3a1-4d80-4c26-806c-1183f0126592:192.168.5.148:44605, b50c6779-182a-4abf-ac90-b7c5982ab67f:192.168.5.148:46476] returns group-84081C198BA3:java.util.concurrent.CompletableFuture@3788d351[Not completed]
2019-09-24 19:06:04,574 [pool-330-thread-1] INFO  storage.RaftStorageDirectory (RaftStorageDirectory.java:tryLock(328)) - Lock on /workdir/hadoop-ozone/integration-test/target/test-dir/MiniOzoneClusterImpl-136902ad-9ad3-4579-ab1e-826ed1576804/datanode-6/data/ratis/953f27ca-a41b-4c6a-97bb-d6c820a38ec3/in_use.lock acquired by nodename 10455@pr-hdds-2149-fgl4f-1742389470
2019-09-24 19:06:04,574 [d0ff2f9c-75fb-4559-babd-7e65d084c18c@group-7471AC5B8436:LeaderElection157] INFO  impl.LeaderElection (LeaderElection.java:askForVotes(182)) - d0ff2f9c-75fb-4559-babd-7e65d084c18c@group-7471AC5B8436:LeaderElection157: begin an election at term 1 for -1: [d0ff2f9c-75fb-4559-babd-7e65d084c18c:192.168.5.148:38717], old=null
2019-09-24 19:06:04,574 [74a8c3a1-4d80-4c26-806c-1183f0126592@group-9B209ADA5585:LeaderElection159] INFO  impl.LeaderElection (LeaderElection.java:askForVotes(182)) - 74a8c3a1-4d80-4c26-806c-1183f0126592@group-9B209ADA5585:LeaderElection159: begin an election at term 1 for -1: [a0991bb0-d059-4b75-b34b-f0d320bfe012:192.168.5.148:46271, 74a8c3a1-4d80-4c26-806c-1183f0126592:192.168.5.148:44605, b50c6779-182a-4abf-ac90-b7c5982ab67f:192.168.5.148:46476], old=null
2019-09-24 19:06:04,574 [a0991bb0-d059-4b75-b34b-f0d320bfe012@group-9B209ADA5585:LeaderElection158] INFO  impl.LeaderElection (LeaderElection.java:askForVotes(182)) - a0991bb0-d059-4b75-b34b-f0d320bfe012@group-9B209ADA5585:LeaderElection158: begin an election at term 1 for -1: [a0991bb0-d059-4b75-b34b-f0d320bfe012:192.168.5.148:46271, 74a8c3a1-4d80-4c26-806c-1183f0126592:192.168.5.148:44605, b50c6779-182a-4abf-ac90-b7c5982ab67f:192.168.5.148:46476], old=null
2019-09-24 19:06:04,574 [pool-280-thread-1] INFO  storage.RaftStorageDirectory (RaftStorageDirectory.java:tryLock(328)) - Lock on /workdir/hadoop-ozone/integration-test/target/test-dir/MiniOzoneClusterImpl-136902ad-9ad3-4579-ab1e-826ed1576804/datanode-1/data/ratis/33c15cfd-b730-44fa-8b03-192aeba694d5/in_use.lock acquired by nodename 10455@pr-hdds-2149-fgl4f-1742389470
2019-09-24 19:06:04,574 [pool-340-thread-1] INFO  storage.RaftStorageDirectory (RaftStorageDirectory.java:tryLock(328)) - Lock on /workdir/hadoop-ozone/integration-test/target/test-dir/MiniOzoneClusterImpl-136902ad-9ad3-4579-ab1e-826ed1576804/datanode-7/data/ratis/33c15cfd-b730-44fa-8b03-192aeba694d5/in_use.lock acquired by nodename 10455@pr-hdds-2149-fgl4f-1742389470
2019-09-24 19:06:04,574 [d0ff2f9c-75fb-4559-babd-7e65d084c18c@group-7471AC5B8436:LeaderElection157] INFO  impl.RoleInfo (RoleInfo.java:shutdownLeaderElection(134)) - d0ff2f9c-75fb-4559-babd-7e65d084c18c: shutdown LeaderElection
2019-09-24 19:06:04,575 [d0ff2f9c-75fb-4559-babd-7e65d084c18c@group-7471AC5B8436:LeaderElection157] INFO  impl.RaftServerImpl (RaftServerImpl.java:setRole(174)) - d0ff2f9c-75fb-4559-babd-7e65d084c18c@group-7471AC5B8436: changes role from CANDIDATE to LEADER at term 1 for changeToLeader
2019-09-24 19:06:04,576 [d0ff2f9c-75fb-4559-babd-7e65d084c18c@group-7471AC5B8436:LeaderElection157] INFO  impl.RaftServerImpl (ServerState.java:setLeader(253)) - d0ff2f9c-75fb-4559-babd-7e65d084c18c@group-7471AC5B8436: change Leader from null to d0ff2f9c-75fb-4559-babd-7e65d084c18c at term 1 for becomeLeader, leader elected after 5742ms
2019-09-24 19:06:04,576 [d0ff2f9c-75fb-4559-babd-7e65d084c18c@group-7471AC5B8436:LeaderElection157] INFO  server.RaftServerConfigKeys (ConfUtils.java:logGet(43)) - raft.server.staging.catchup.gap = 1000 (default)
2019-09-24 19:06:04,576 [d0ff2f9c-75fb-4559-babd-7e65d084c18c@group-7471AC5B8436:LeaderElection157] INFO  server.RaftServerConfigKeys (ConfUtils.java:logGet(43)) - raft.server.rpc.sleep.time = 25ms (default)
2019-09-24 19:06:04,576 [d0ff2f9c-75fb-4559-babd-7e65d084c18c@group-7471AC5B8436:LeaderElection157] INFO  server.RaftServerConfigKeys (ConfUtils.java:logGet(43)) - raft.server.write.element-limit = 4096 (default)
2019-09-24 19:06:04,576 [d0ff2f9c-75fb-4559-babd-7e65d084c18c@group-7471AC5B8436:LeaderElection157] INFO  server.RaftServerConfigKeys (ConfUtils.java:logGet(43)) - raft.server.watch.timeout = 10s (default)
2019-09-24 19:06:04,576 [d0ff2f9c-75fb-4559-babd-7e65d084c18c@group-7471AC5B8436:LeaderElection157] INFO  server.RaftServerConfigKeys (ConfUtils.java:logGet(43)) - raft.server.watch.timeout.denomination = 1s (default)
2019-09-24 19:06:04,577 [d0ff2f9c-75fb-4559-babd-7e65d084c18c@group-7471AC5B8436:LeaderElection157] INFO  server.RaftServerConfigKeys (ConfUtils.java:logGet(43)) - raft.server.watch.element-limit = 65536 (default)
2019-09-24 19:06:04,579 [d0ff2f9c-75fb-4559-babd-7e65d084c18c@group-7471AC5B8436:LeaderElection157] INFO  impl.RoleInfo (RoleInfo.java:updateAndGet(143)) - d0ff2f9c-75fb-4559-babd-7e65d084c18c: start LeaderState
2019-09-24 19:06:04,579 [d0ff2f9c-75fb-4559-babd-7e65d084c18c@group-7471AC5B8436:LeaderElection157] INFO  segmented.SegmentedRaftLogWorker (SegmentedRaftLogWorker.java:startLogSegment(380)) - d0ff2f9c-75fb-4559-babd-7e65d084c18c@group-7471AC5B8436-SegmentedRaftLogWorker: Starting segment from index:0
2019-09-24 19:06:04,580 [d0ff2f9c-75fb-4559-babd-7e65d084c18c@group-7471AC5B8436:LeaderElection157] INFO  impl.RaftServerImpl (ServerState.java:setRaftConf(354)) - d0ff2f9c-75fb-4559-babd-7e65d084c18c@group-7471AC5B8436: set configuration 0: [d0ff2f9c-75fb-4559-babd-7e65d084c18c:192.168.5.148:38717], old=null at 0
2019-09-24 19:06:04,580 [grpc-default-executor-10] WARN  server.GrpcServerProtocolService (LogUtils.java:warn(134)) - b50c6779-182a-4abf-ac90-b7c5982ab67f: Failed requestVote a0991bb0-d059-4b75-b34b-f0d320bfe012->b50c6779-182a-4abf-ac90-b7c5982ab67f#0: org.apache.ratis.protocol.ServerNotReadyException: b50c6779-182a-4abf-ac90-b7c5982ab67f@group-9B209ADA5585 is not in [RUNNING]: current state is NEW
2019-09-24 19:06:04,581 [grpc-default-executor-12] WARN  server.GrpcServerProtocolService (LogUtils.java:warn(134)) - b50c6779-182a-4abf-ac90-b7c5982ab67f: Failed requestVote 74a8c3a1-4d80-4c26-806c-1183f0126592->b50c6779-182a-4abf-ac90-b7c5982ab67f#0: org.apache.ratis.protocol.ServerNotReadyException: b50c6779-182a-4abf-ac90-b7c5982ab67f@group-9B209ADA5585 is not in [RUNNING]: current state is NEW
2019-09-24 19:06:04,584 [a0991bb0-d059-4b75-b34b-f0d320bfe012@group-9B209ADA5585:LeaderElection158] INFO  impl.LeaderElection (LogUtils.java:infoOrTrace(149)) - a0991bb0-d059-4b75-b34b-f0d320bfe012@group-9B209ADA5585:LeaderElection158 got exception when requesting votes: {}
java.util.concurrent.ExecutionException: org.apache.ratis.thirdparty.io.grpc.StatusRuntimeException: INTERNAL: b50c6779-182a-4abf-ac90-b7c5982ab67f@group-9B209ADA5585 is not in [RUNNING]: current state is NEW
	at java.util.concurrent.FutureTask.report(FutureTask.java:122)
	at java.util.concurrent.FutureTask.get(FutureTask.java:192)
	at org.apache.ratis.server.impl.LeaderElection.waitForResults(LeaderElection.java:263)
	at org.apache.ratis.server.impl.LeaderElection.askForVotes(LeaderElection.java:201)
	at org.apache.ratis.server.impl.LeaderElection.run(LeaderElection.java:133)
	at java.lang.Thread.run(Thread.java:748)
Caused by: org.apache.ratis.thirdparty.io.grpc.StatusRuntimeException: INTERNAL: b50c6779-182a-4abf-ac90-b7c5982ab67f@group-9B209ADA5585 is not in [RUNNING]: current state is NEW
	at org.apache.ratis.thirdparty.io.grpc.stub.ClientCalls.toStatusRuntimeException(ClientCalls.java:233)
	at org.apache.ratis.thirdparty.io.grpc.stub.ClientCalls.getUnchecked(ClientCalls.java:214)
	at org.apache.ratis.thirdparty.io.grpc.stub.ClientCalls.blockingUnaryCall(ClientCalls.java:139)
	at org.apache.ratis.proto.grpc.RaftServerProtocolServiceGrpc$RaftServerProtocolServiceBlockingStub.requestVote(RaftServerProtocolServiceGrpc.java:265)
	at org.apache.ratis.grpc.server.GrpcServerProtocolClient.requestVote(GrpcServerProtocolClient.java:90)
	at org.apache.ratis.grpc.server.GrpcService.requestVote(GrpcService.java:204)
	at org.apache.ratis.server.impl.LeaderElection.lambda$submitRequests$1(LeaderElection.java:238)
	at java.util.concurrent.FutureTask.run(FutureTask.java:266)
	at java.util.concurrent.Executors$RunnableAdapter.call(Executors.java:511)
	at java.util.concurrent.FutureTask.run(FutureTask.java:266)
	at java.util.concurrent.ThreadPoolExecutor.runWorker(ThreadPoolExecutor.java:1149)
	at java.util.concurrent.ThreadPoolExecutor$Worker.run(ThreadPoolExecutor.java:624)
	... 1 more
2019-09-24 19:06:04,620 [a0991bb0-d059-4b75-b34b-f0d320bfe012@group-9B209ADA5585:LeaderElection158] INFO  impl.LeaderElection (LeaderElection.java:logAndReturn(56)) - a0991bb0-d059-4b75-b34b-f0d320bfe012@group-9B209ADA5585:LeaderElection158: Election REJECTED; received 1 response(s) [a0991bb0-d059-4b75-b34b-f0d320bfe012<-74a8c3a1-4d80-4c26-806c-1183f0126592#0:FAIL-t1] and 1 exception(s); a0991bb0-d059-4b75-b34b-f0d320bfe012@group-9B209ADA5585:t1, leader=null, voted=a0991bb0-d059-4b75-b34b-f0d320bfe012, raftlog=a0991bb0-d059-4b75-b34b-f0d320bfe012@group-9B209ADA5585-SegmentedRaftLog:OPENED:c-1,f-1,i0, conf=-1: [a0991bb0-d059-4b75-b34b-f0d320bfe012:192.168.5.148:46271, 74a8c3a1-4d80-4c26-806c-1183f0126592:192.168.5.148:44605, b50c6779-182a-4abf-ac90-b7c5982ab67f:192.168.5.148:46476], old=null
2019-09-24 19:06:04,620 [a0991bb0-d059-4b75-b34b-f0d320bfe012@group-9B209ADA5585:LeaderElection158] INFO  impl.LeaderElection (LogUtils.java:infoOrTrace(149)) -   Exception 0: {}
java.util.concurrent.ExecutionException: org.apache.ratis.thirdparty.io.grpc.StatusRuntimeException: INTERNAL: b50c6779-182a-4abf-ac90-b7c5982ab67f@group-9B209ADA5585 is not in [RUNNING]: current state is NEW
	at java.util.concurrent.FutureTask.report(FutureTask.java:122)
	at java.util.concurrent.FutureTask.get(FutureTask.java:192)
	at org.apache.ratis.server.impl.LeaderElection.waitForResults(LeaderElection.java:263)
	at org.apache.ratis.server.impl.LeaderElection.askForVotes(LeaderElection.java:201)
	at org.apache.ratis.server.impl.LeaderElection.run(LeaderElection.java:133)
	at java.lang.Thread.run(Thread.java:748)
Caused by: org.apache.ratis.thirdparty.io.grpc.StatusRuntimeException: INTERNAL: b50c6779-182a-4abf-ac90-b7c5982ab67f@group-9B209ADA5585 is not in [RUNNING]: current state is NEW
	at org.apache.ratis.thirdparty.io.grpc.stub.ClientCalls.toStatusRuntimeException(ClientCalls.java:233)
	at org.apache.ratis.thirdparty.io.grpc.stub.ClientCalls.getUnchecked(ClientCalls.java:214)
	at org.apache.ratis.thirdparty.io.grpc.stub.ClientCalls.blockingUnaryCall(ClientCalls.java:139)
	at org.apache.ratis.proto.grpc.RaftServerProtocolServiceGrpc$RaftServerProtocolServiceBlockingStub.requestVote(RaftServerProtocolServiceGrpc.java:265)
	at org.apache.ratis.grpc.server.GrpcServerProtocolClient.requestVote(GrpcServerProtocolClient.java:90)
	at org.apache.ratis.grpc.server.GrpcService.requestVote(GrpcService.java:204)
	at org.apache.ratis.server.impl.LeaderElection.lambda$submitRequests$1(LeaderElection.java:238)
	at java.util.concurrent.FutureTask.run(FutureTask.java:266)
	at java.util.concurrent.Executors$RunnableAdapter.call(Executors.java:511)
	at java.util.concurrent.FutureTask.run(FutureTask.java:266)
	at java.util.concurrent.ThreadPoolExecutor.runWorker(ThreadPoolExecutor.java:1149)
	at java.util.concurrent.ThreadPoolExecutor$Worker.run(ThreadPoolExecutor.java:624)
	... 1 more
2019-09-24 19:06:04,620 [a0991bb0-d059-4b75-b34b-f0d320bfe012@group-9B209ADA5585:LeaderElection158] INFO  impl.RaftServerImpl (RaftServerImpl.java:setRole(174)) - a0991bb0-d059-4b75-b34b-f0d320bfe012@group-9B209ADA5585: changes role from CANDIDATE to FOLLOWER at term 1 for DISCOVERED_A_NEW_TERM
2019-09-24 19:06:04,621 [a0991bb0-d059-4b75-b34b-f0d320bfe012@group-9B209ADA5585:LeaderElection158] INFO  impl.RoleInfo (RoleInfo.java:shutdownLeaderElection(134)) - a0991bb0-d059-4b75-b34b-f0d320bfe012: shutdown LeaderElection
2019-09-24 19:06:04,621 [a0991bb0-d059-4b75-b34b-f0d320bfe012@group-9B209ADA5585:LeaderElection158] INFO  impl.RoleInfo (RoleInfo.java:updateAndGet(143)) - a0991bb0-d059-4b75-b34b-f0d320bfe012: start FollowerState
2019-09-24 19:06:04,622 [74a8c3a1-4d80-4c26-806c-1183f0126592@group-9B209ADA5585:LeaderElection159] INFO  impl.LeaderElection (LogUtils.java:infoOrTrace(149)) - 74a8c3a1-4d80-4c26-806c-1183f0126592@group-9B209ADA5585:LeaderElection159 got exception when requesting votes: {}
java.util.concurrent.ExecutionException: org.apache.ratis.thirdparty.io.grpc.StatusRuntimeException: INTERNAL: b50c6779-182a-4abf-ac90-b7c5982ab67f@group-9B209ADA5585 is not in [RUNNING]: current state is NEW
	at java.util.concurrent.FutureTask.report(FutureTask.java:122)
	at java.util.concurrent.FutureTask.get(FutureTask.java:192)
	at org.apache.ratis.server.impl.LeaderElection.waitForResults(LeaderElection.java:263)
	at org.apache.ratis.server.impl.LeaderElection.askForVotes(LeaderElection.java:201)
	at org.apache.ratis.server.impl.LeaderElection.run(LeaderElection.java:133)
	at java.lang.Thread.run(Thread.java:748)
Caused by: org.apache.ratis.thirdparty.io.grpc.StatusRuntimeException: INTERNAL: b50c6779-182a-4abf-ac90-b7c5982ab67f@group-9B209ADA5585 is not in [RUNNING]: current state is NEW
	at org.apache.ratis.thirdparty.io.grpc.stub.ClientCalls.toStatusRuntimeException(ClientCalls.java:233)
	at org.apache.ratis.thirdparty.io.grpc.stub.ClientCalls.getUnchecked(ClientCalls.java:214)
	at org.apache.ratis.thirdparty.io.grpc.stub.ClientCalls.blockingUnaryCall(ClientCalls.java:139)
	at org.apache.ratis.proto.grpc.RaftServerProtocolServiceGrpc$RaftServerProtocolServiceBlockingStub.requestVote(RaftServerProtocolServiceGrpc.java:265)
	at org.apache.ratis.grpc.server.GrpcServerProtocolClient.requestVote(GrpcServerProtocolClient.java:90)
	at org.apache.ratis.grpc.server.GrpcService.requestVote(GrpcService.java:204)
	at org.apache.ratis.server.impl.LeaderElection.lambda$submitRequests$1(LeaderElection.java:238)
	at java.util.concurrent.FutureTask.run(FutureTask.java:266)
	at java.util.concurrent.Executors$RunnableAdapter.call(Executors.java:511)
	at java.util.concurrent.FutureTask.run(FutureTask.java:266)
	at java.util.concurrent.ThreadPoolExecutor.runWorker(ThreadPoolExecutor.java:1149)
	at java.util.concurrent.ThreadPoolExecutor$Worker.run(ThreadPoolExecutor.java:624)
	... 1 more
2019-09-24 19:06:04,632 [74a8c3a1-4d80-4c26-806c-1183f0126592@group-9B209ADA5585:LeaderElection159] INFO  impl.LeaderElection (LeaderElection.java:logAndReturn(56)) - 74a8c3a1-4d80-4c26-806c-1183f0126592@group-9B209ADA5585:LeaderElection159: Election REJECTED; received 1 response(s) [74a8c3a1-4d80-4c26-806c-1183f0126592<-a0991bb0-d059-4b75-b34b-f0d320bfe012#0:FAIL-t1] and 1 exception(s); 74a8c3a1-4d80-4c26-806c-1183f0126592@group-9B209ADA5585:t1, leader=null, voted=74a8c3a1-4d80-4c26-806c-1183f0126592, raftlog=74a8c3a1-4d80-4c26-806c-1183f0126592@group-9B209ADA5585-SegmentedRaftLog:OPENED:c-1,f-1,i0, conf=-1: [a0991bb0-d059-4b75-b34b-f0d320bfe012:192.168.5.148:46271, 74a8c3a1-4d80-4c26-806c-1183f0126592:192.168.5.148:44605, b50c6779-182a-4abf-ac90-b7c5982ab67f:192.168.5.148:46476], old=null
2019-09-24 19:06:04,633 [74a8c3a1-4d80-4c26-806c-1183f0126592@group-9B209ADA5585:LeaderElection159] INFO  impl.LeaderElection (LogUtils.java:infoOrTrace(149)) -   Exception 0: {}
java.util.concurrent.ExecutionException: org.apache.ratis.thirdparty.io.grpc.StatusRuntimeException: INTERNAL: b50c6779-182a-4abf-ac90-b7c5982ab67f@group-9B209ADA5585 is not in [RUNNING]: current state is NEW
	at java.util.concurrent.FutureTask.report(FutureTask.java:122)
	at java.util.concurrent.FutureTask.get(FutureTask.java:192)
	at org.apache.ratis.server.impl.LeaderElection.waitForResults(LeaderElection.java:263)
	at org.apache.ratis.server.impl.LeaderElection.askForVotes(LeaderElection.java:201)
	at org.apache.ratis.server.impl.LeaderElection.run(LeaderElection.java:133)
	at java.lang.Thread.run(Thread.java:748)
Caused by: org.apache.ratis.thirdparty.io.grpc.StatusRuntimeException: INTERNAL: b50c6779-182a-4abf-ac90-b7c5982ab67f@group-9B209ADA5585 is not in [RUNNING]: current state is NEW
	at org.apache.ratis.thirdparty.io.grpc.stub.ClientCalls.toStatusRuntimeException(ClientCalls.java:233)
	at org.apache.ratis.thirdparty.io.grpc.stub.ClientCalls.getUnchecked(ClientCalls.java:214)
	at org.apache.ratis.thirdparty.io.grpc.stub.ClientCalls.blockingUnaryCall(ClientCalls.java:139)
	at org.apache.ratis.proto.grpc.RaftServerProtocolServiceGrpc$RaftServerProtocolServiceBlockingStub.requestVote(RaftServerProtocolServiceGrpc.java:265)
	at org.apache.ratis.grpc.server.GrpcServerProtocolClient.requestVote(GrpcServerProtocolClient.java:90)
	at org.apache.ratis.grpc.server.GrpcService.requestVote(GrpcService.java:204)
	at org.apache.ratis.server.impl.LeaderElection.lambda$submitRequests$1(LeaderElection.java:238)
	at java.util.concurrent.FutureTask.run(FutureTask.java:266)
	at java.util.concurrent.Executors$RunnableAdapter.call(Executors.java:511)
	at java.util.concurrent.FutureTask.run(FutureTask.java:266)
	at java.util.concurrent.ThreadPoolExecutor.runWorker(ThreadPoolExecutor.java:1149)
	at java.util.concurrent.ThreadPoolExecutor$Worker.run(ThreadPoolExecutor.java:624)
	... 1 more
2019-09-24 19:06:04,633 [74a8c3a1-4d80-4c26-806c-1183f0126592@group-9B209ADA5585:LeaderElection159] INFO  impl.RaftServerImpl (RaftServerImpl.java:setRole(174)) - 74a8c3a1-4d80-4c26-806c-1183f0126592@group-9B209ADA5585: changes role from CANDIDATE to FOLLOWER at term 1 for DISCOVERED_A_NEW_TERM
2019-09-24 19:06:04,633 [74a8c3a1-4d80-4c26-806c-1183f0126592@group-9B209ADA5585:LeaderElection159] INFO  impl.RoleInfo (RoleInfo.java:shutdownLeaderElection(134)) - 74a8c3a1-4d80-4c26-806c-1183f0126592: shutdown LeaderElection
2019-09-24 19:06:04,634 [74a8c3a1-4d80-4c26-806c-1183f0126592@group-9B209ADA5585:LeaderElection159] INFO  impl.RoleInfo (RoleInfo.java:updateAndGet(143)) - 74a8c3a1-4d80-4c26-806c-1183f0126592: start FollowerState
2019-09-24 19:06:05,631 [Thread-2629] INFO  impl.FollowerState (FollowerState.java:run(106)) - a0991bb0-d059-4b75-b34b-f0d320bfe012:group-9B209ADA5585 changes to CANDIDATE, lastRpcTime:1009, electionTimeout:1009ms
2019-09-24 19:06:05,631 [Thread-2629] INFO  impl.RoleInfo (RoleInfo.java:shutdownFollowerState(121)) - a0991bb0-d059-4b75-b34b-f0d320bfe012: shutdown FollowerState
2019-09-24 19:06:05,631 [Thread-2629] INFO  impl.RaftServerImpl (RaftServerImpl.java:setRole(174)) - a0991bb0-d059-4b75-b34b-f0d320bfe012@group-9B209ADA5585: changes role from  FOLLOWER to CANDIDATE at term 1 for changeToCandidate
2019-09-24 19:06:05,632 [Thread-2629] INFO  impl.RoleInfo (RoleInfo.java:updateAndGet(143)) - a0991bb0-d059-4b75-b34b-f0d320bfe012: start LeaderElection
2019-09-24 19:06:05,800 [Thread-2630] INFO  impl.FollowerState (FollowerState.java:run(106)) - 74a8c3a1-4d80-4c26-806c-1183f0126592:group-9B209ADA5585 changes to CANDIDATE, lastRpcTime:1166, electionTimeout:1166ms
2019-09-24 19:06:05,801 [Thread-2630] INFO  impl.RoleInfo (RoleInfo.java:shutdownFollowerState(121)) - 74a8c3a1-4d80-4c26-806c-1183f0126592: shutdown FollowerState
2019-09-24 19:06:05,801 [Thread-2630] INFO  impl.RaftServerImpl (RaftServerImpl.java:setRole(174)) - 74a8c3a1-4d80-4c26-806c-1183f0126592@group-9B209ADA5585: changes role from  FOLLOWER to CANDIDATE at term 1 for changeToCandidate
2019-09-24 19:06:05,801 [Thread-2630] INFO  impl.RoleInfo (RoleInfo.java:updateAndGet(143)) - 74a8c3a1-4d80-4c26-806c-1183f0126592: start LeaderElection
2019-09-24 19:06:06,702 [RATISCREATEPIPELINE3] ERROR pipeline.RatisPipelineProvider (RatisPipelineProvider.java:lambda$null$5(235)) - Failed invoke Ratis rpc org.apache.hadoop.hdds.scm.pipeline.RatisPipelineProvider$$Lambda$180/1007996814@2e4b0d1f for 74a8c3a1-4d80-4c26-806c-1183f0126592
org.apache.ratis.protocol.TimeoutIOException: deadline exceeded after 2999825246ns
	at org.apache.ratis.grpc.GrpcUtil.tryUnwrapException(GrpcUtil.java:82)
	at org.apache.ratis.grpc.GrpcUtil.unwrapException(GrpcUtil.java:75)
	at org.apache.ratis.grpc.client.GrpcClientProtocolClient.blockingCall(GrpcClientProtocolClient.java:178)
	at org.apache.ratis.grpc.client.GrpcClientProtocolClient.groupAdd(GrpcClientProtocolClient.java:147)
	at org.apache.ratis.grpc.client.GrpcClientRpc.sendRequest(GrpcClientRpc.java:94)
	at org.apache.ratis.client.impl.RaftClientImpl.sendRequest(RaftClientImpl.java:278)
	at org.apache.ratis.client.impl.RaftClientImpl.groupAdd(RaftClientImpl.java:205)
	at org.apache.hadoop.hdds.scm.pipeline.RatisPipelineProvider.lambda$initializePipeline$4(RatisPipelineProvider.java:196)
	at org.apache.hadoop.hdds.scm.pipeline.RatisPipelineProvider.lambda$null$5(RatisPipelineProvider.java:231)
	at java.util.stream.ForEachOps$ForEachOp$OfRef.accept(ForEachOps.java:184)
	at java.util.ArrayList$ArrayListSpliterator.forEachRemaining(ArrayList.java:1382)
	at java.util.stream.AbstractPipeline.copyInto(AbstractPipeline.java:482)
	at java.util.stream.ForEachOps$ForEachTask.compute(ForEachOps.java:291)
	at java.util.concurrent.CountedCompleter.exec(CountedCompleter.java:731)
	at java.util.concurrent.ForkJoinTask.doExec(ForkJoinTask.java:289)
	at java.util.concurrent.ForkJoinPool$WorkQueue.runTask(ForkJoinPool.java:1056)
	at java.util.concurrent.ForkJoinPool.runWorker(ForkJoinPool.java:1692)
	at java.util.concurrent.ForkJoinWorkerThread.run(ForkJoinWorkerThread.java:157)
Caused by: org.apache.ratis.thirdparty.io.grpc.StatusRuntimeException: DEADLINE_EXCEEDED: deadline exceeded after 2999825246ns
	at org.apache.ratis.thirdparty.io.grpc.stub.ClientCalls.toStatusRuntimeException(ClientCalls.java:233)
	at org.apache.ratis.thirdparty.io.grpc.stub.ClientCalls.getUnchecked(ClientCalls.java:214)
	at org.apache.ratis.thirdparty.io.grpc.stub.ClientCalls.blockingUnaryCall(ClientCalls.java:139)
	at org.apache.ratis.proto.grpc.AdminProtocolServiceGrpc$AdminProtocolServiceBlockingStub.groupManagement(AdminProtocolServiceGrpc.java:274)
	at org.apache.ratis.grpc.client.GrpcClientProtocolClient.lambda$groupAdd$3(GrpcClientProtocolClient.java:149)
	at org.apache.ratis.grpc.client.GrpcClientProtocolClient.blockingCall(GrpcClientProtocolClient.java:176)
	... 15 more
2019-09-24 19:06:06,702 [RATISCREATEPIPELINE2] ERROR pipeline.RatisPipelineProvider (RatisPipelineProvider.java:lambda$null$5(235)) - Failed invoke Ratis rpc org.apache.hadoop.hdds.scm.pipeline.RatisPipelineProvider$$Lambda$180/1007996814@2e4b0d1f for a0991bb0-d059-4b75-b34b-f0d320bfe012
org.apache.ratis.protocol.TimeoutIOException: deadline exceeded after 2999795880ns
	at org.apache.ratis.grpc.GrpcUtil.tryUnwrapException(GrpcUtil.java:82)
	at org.apache.ratis.grpc.GrpcUtil.unwrapException(GrpcUtil.java:75)
	at org.apache.ratis.grpc.client.GrpcClientProtocolClient.blockingCall(GrpcClientProtocolClient.java:178)
	at org.apache.ratis.grpc.client.GrpcClientProtocolClient.groupAdd(GrpcClientProtocolClient.java:147)
	at org.apache.ratis.grpc.client.GrpcClientRpc.sendRequest(GrpcClientRpc.java:94)
	at org.apache.ratis.client.impl.RaftClientImpl.sendRequest(RaftClientImpl.java:278)
	at org.apache.ratis.client.impl.RaftClientImpl.groupAdd(RaftClientImpl.java:205)
	at org.apache.hadoop.hdds.scm.pipeline.RatisPipelineProvider.lambda$initializePipeline$4(RatisPipelineProvider.java:196)
	at org.apache.hadoop.hdds.scm.pipeline.RatisPipelineProvider.lambda$null$5(RatisPipelineProvider.java:231)
	at java.util.stream.ForEachOps$ForEachOp$OfRef.accept(ForEachOps.java:184)
	at java.util.ArrayList$ArrayListSpliterator.forEachRemaining(ArrayList.java:1382)
	at java.util.stream.AbstractPipeline.copyInto(AbstractPipeline.java:482)
	at java.util.stream.ForEachOps$ForEachTask.compute(ForEachOps.java:291)
	at java.util.concurrent.CountedCompleter.exec(CountedCompleter.java:731)
	at java.util.concurrent.ForkJoinTask.doExec(ForkJoinTask.java:289)
	at java.util.concurrent.ForkJoinPool$WorkQueue.runTask(ForkJoinPool.java:1056)
	at java.util.concurrent.ForkJoinPool.runWorker(ForkJoinPool.java:1692)
	at java.util.concurrent.ForkJoinWorkerThread.run(ForkJoinWorkerThread.java:157)
Caused by: org.apache.ratis.thirdparty.io.grpc.StatusRuntimeException: DEADLINE_EXCEEDED: deadline exceeded after 2999795880ns
	at org.apache.ratis.thirdparty.io.grpc.stub.ClientCalls.toStatusRuntimeException(ClientCalls.java:233)
	at org.apache.ratis.thirdparty.io.grpc.stub.ClientCalls.getUnchecked(ClientCalls.java:214)
	at org.apache.ratis.thirdparty.io.grpc.stub.ClientCalls.blockingUnaryCall(ClientCalls.java:139)
	at org.apache.ratis.proto.grpc.AdminProtocolServiceGrpc$AdminProtocolServiceBlockingStub.groupManagement(AdminProtocolServiceGrpc.java:274)
	at org.apache.ratis.grpc.client.GrpcClientProtocolClient.lambda$groupAdd$3(GrpcClientProtocolClient.java:149)
	at org.apache.ratis.grpc.client.GrpcClientProtocolClient.blockingCall(GrpcClientProtocolClient.java:176)
	... 15 more
2019-09-24 19:06:06,702 [RATISCREATEPIPELINE1] ERROR pipeline.RatisPipelineProvider (RatisPipelineProvider.java:lambda$null$5(235)) - Failed invoke Ratis rpc org.apache.hadoop.hdds.scm.pipeline.RatisPipelineProvider$$Lambda$180/1007996814@2e4b0d1f for b50c6779-182a-4abf-ac90-b7c5982ab67f
org.apache.ratis.protocol.TimeoutIOException: deadline exceeded after 2999835873ns
	at org.apache.ratis.grpc.GrpcUtil.tryUnwrapException(GrpcUtil.java:82)
	at org.apache.ratis.grpc.GrpcUtil.unwrapException(GrpcUtil.java:75)
	at org.apache.ratis.grpc.client.GrpcClientProtocolClient.blockingCall(GrpcClientProtocolClient.java:178)
	at org.apache.ratis.grpc.client.GrpcClientProtocolClient.groupAdd(GrpcClientProtocolClient.java:147)
	at org.apache.ratis.grpc.client.GrpcClientRpc.sendRequest(GrpcClientRpc.java:94)
	at org.apache.ratis.client.impl.RaftClientImpl.sendRequest(RaftClientImpl.java:278)
	at org.apache.ratis.client.impl.RaftClientImpl.groupAdd(RaftClientImpl.java:205)
	at org.apache.hadoop.hdds.scm.pipeline.RatisPipelineProvider.lambda$initializePipeline$4(RatisPipelineProvider.java:196)
	at org.apache.hadoop.hdds.scm.pipeline.RatisPipelineProvider.lambda$null$5(RatisPipelineProvider.java:231)
	at java.util.stream.ForEachOps$ForEachOp$OfRef.accept(ForEachOps.java:184)
	at java.util.ArrayList$ArrayListSpliterator.forEachRemaining(ArrayList.java:1382)
	at java.util.stream.AbstractPipeline.copyInto(AbstractPipeline.java:482)
	at java.util.stream.ForEachOps$ForEachTask.compute(ForEachOps.java:291)
	at java.util.concurrent.CountedCompleter.exec(CountedCompleter.java:731)
	at java.util.concurrent.ForkJoinTask.doExec(ForkJoinTask.java:289)
	at java.util.concurrent.ForkJoinTask.doInvoke(ForkJoinTask.java:401)
	at java.util.concurrent.ForkJoinTask.invoke(ForkJoinTask.java:734)
	at java.util.stream.ForEachOps$ForEachOp.evaluateParallel(ForEachOps.java:160)
	at java.util.stream.ForEachOps$ForEachOp$OfRef.evaluateParallel(ForEachOps.java:174)
	at java.util.stream.AbstractPipeline.evaluate(AbstractPipeline.java:233)
	at java.util.stream.ReferencePipeline.forEach(ReferencePipeline.java:418)
	at java.util.stream.ReferencePipeline$Head.forEach(ReferencePipeline.java:583)
	at org.apache.hadoop.hdds.scm.pipeline.RatisPipelineProvider.lambda$callRatisRpc$6(RatisPipelineProvider.java:225)
	at java.util.concurrent.ForkJoinTask$AdaptedRunnableAction.exec(ForkJoinTask.java:1386)
	at java.util.concurrent.ForkJoinTask.doExec(ForkJoinTask.java:289)
	at java.util.concurrent.ForkJoinPool$WorkQueue.runTask(ForkJoinPool.java:1056)
	at java.util.concurrent.ForkJoinPool.runWorker(ForkJoinPool.java:1692)
	at java.util.concurrent.ForkJoinWorkerThread.run(ForkJoinWorkerThread.java:157)
Caused by: org.apache.ratis.thirdparty.io.grpc.StatusRuntimeException: DEADLINE_EXCEEDED: deadline exceeded after 2999835873ns
	at org.apache.ratis.thirdparty.io.grpc.stub.ClientCalls.toStatusRuntimeException(ClientCalls.java:233)
	at org.apache.ratis.thirdparty.io.grpc.stub.ClientCalls.getUnchecked(ClientCalls.java:214)
	at org.apache.ratis.thirdparty.io.grpc.stub.ClientCalls.blockingUnaryCall(ClientCalls.java:139)
	at org.apache.ratis.proto.grpc.AdminProtocolServiceGrpc$AdminProtocolServiceBlockingStub.groupManagement(AdminProtocolServiceGrpc.java:274)
	at org.apache.ratis.grpc.client.GrpcClientProtocolClient.lambda$groupAdd$3(GrpcClientProtocolClient.java:149)
	at org.apache.ratis.grpc.client.GrpcClientProtocolClient.blockingCall(GrpcClientProtocolClient.java:176)
	... 25 more
2019-09-24 19:06:06,710 [IPC Server handler 2 on 45319] WARN  block.BlockManagerImpl (BlockManagerImpl.java:allocateBlock(192)) - Pipeline creation failed for type:RATIS factor:THREE. Retrying get pipelines call once.
org.apache.hadoop.io.MultipleIOException: 3 exceptions [java.io.IOException: Failed invoke Ratis rpc org.apache.hadoop.hdds.scm.pipeline.RatisPipelineProvider$$Lambda$180/1007996814@2e4b0d1f for 74a8c3a1-4d80-4c26-806c-1183f0126592, java.io.IOException: Failed invoke Ratis rpc org.apache.hadoop.hdds.scm.pipeline.RatisPipelineProvider$$Lambda$180/1007996814@2e4b0d1f for a0991bb0-d059-4b75-b34b-f0d320bfe012, java.io.IOException: Failed invoke Ratis rpc org.apache.hadoop.hdds.scm.pipeline.RatisPipelineProvider$$Lambda$180/1007996814@2e4b0d1f for b50c6779-182a-4abf-ac90-b7c5982ab67f]
	at org.apache.hadoop.io.MultipleIOException.createIOException(MultipleIOException.java:53)
	at org.apache.hadoop.hdds.scm.pipeline.RatisPipelineProvider.callRatisRpc(RatisPipelineProvider.java:251)
	at org.apache.hadoop.hdds.scm.pipeline.RatisPipelineProvider.initializePipeline(RatisPipelineProvider.java:194)
	at org.apache.hadoop.hdds.scm.pipeline.RatisPipelineProvider.create(RatisPipelineProvider.java:163)
	at org.apache.hadoop.hdds.scm.pipeline.PipelineFactory.create(PipelineFactory.java:58)
	at org.apache.hadoop.hdds.scm.pipeline.SCMPipelineManager.createPipeline(SCMPipelineManager.java:155)
	at org.apache.hadoop.hdds.scm.block.BlockManagerImpl.allocateBlock(BlockManagerImpl.java:190)
	at org.apache.hadoop.hdds.scm.server.SCMBlockProtocolServer.allocateBlock(SCMBlockProtocolServer.java:182)
	at org.apache.hadoop.ozone.protocolPB.ScmBlockLocationProtocolServerSideTranslatorPB.allocateScmBlock(ScmBlockLocationProtocolServerSideTranslatorPB.java:183)
	at org.apache.hadoop.ozone.protocolPB.ScmBlockLocationProtocolServerSideTranslatorPB.processMessage(ScmBlockLocationProtocolServerSideTranslatorPB.java:141)
	at org.apache.hadoop.ozone.protocolPB.ScmBlockLocationProtocolServerSideTranslatorPB.send(ScmBlockLocationProtocolServerSideTranslatorPB.java:116)
	at org.apache.hadoop.hdds.protocol.proto.ScmBlockLocationProtocolProtos$ScmBlockLocationProtocolService$2.callBlockingMethod(ScmBlockLocationProtocolProtos.java:13157)
	at org.apache.hadoop.ipc.ProtobufRpcEngine$Server$ProtoBufRpcInvoker.call(ProtobufRpcEngine.java:524)
	at org.apache.hadoop.ipc.RPC$Server.call(RPC.java:1025)
	at org.apache.hadoop.ipc.Server$RpcCall.run(Server.java:876)
	at org.apache.hadoop.ipc.Server$RpcCall.run(Server.java:822)
	at java.security.AccessController.doPrivileged(Native Method)
	at javax.security.auth.Subject.doAs(Subject.java:422)
	at org.apache.hadoop.security.UserGroupInformation.doAs(UserGroupInformation.java:1730)
	at org.apache.hadoop.ipc.Server$Handler.run(Server.java:2682)
2019-09-24 19:06:06,713 [IPC Server handler 2 on 45319] INFO  block.BlockManagerImpl (BlockManagerImpl.java:allocateBlock(198)) - Could not find available pipeline of type:RATIS and factor:THREE even after retrying
2019-09-24 19:06:06,714 [IPC Server handler 2 on 45319] ERROR block.BlockManagerImpl (BlockManagerImpl.java:allocateBlock(222)) - Unable to allocate a block for the size: 4194304, type: RATIS, factor: THREE
2019-09-24 19:06:06,716 [main] INFO  ozone.MiniOzoneClusterImpl (MiniOzoneClusterImpl.java:shutdown(314)) - Shutting down the Mini Ozone Cluster
2019-09-24 19:06:06,716 [main] INFO  ozone.MiniOzoneClusterImpl (MiniOzoneClusterImpl.java:stop(330)) - Stopping the Mini Ozone Cluster
2019-09-24 19:06:06,717 [main] INFO  ozone.MiniOzoneClusterImpl (MiniOzoneClusterImpl.java:stopOM(400)) - Stopping the OzoneManager
2019-09-24 19:06:06,717 [main] INFO  ipc.Server (Server.java:stop(3082)) - Stopping server on 38790
2019-09-24 19:06:06,734 [IPC Server listener on 38790] INFO  ipc.Server (Server.java:run(1185)) - Stopping IPC Server listener on 38790
2019-09-24 19:06:06,734 [main] INFO  ratis.OzoneManagerDoubleBuffer (OzoneManagerDoubleBuffer.java:stop(248)) - Stopping OMDoubleBuffer flush thread
2019-09-24 19:06:06,734 [IPC Server Responder] INFO  ipc.Server (Server.java:run(1319)) - Stopping IPC Server Responder
2019-09-24 19:06:06,743 [OMDoubleBufferFlushThread] INFO  ratis.OzoneManagerDoubleBuffer (OzoneManagerDoubleBuffer.java:flushTransactions(191)) - OMDoubleBuffer flush thread OMDoubleBufferFlushThread is interrupted and will exit. OMDoubleBufferFlushThread
2019-09-24 19:06:06,776 [main] INFO  utils.BackgroundService (BackgroundService.java:shutdown(148)) - Shutting down service KeyDeletingService
2019-09-24 19:06:06,778 [main] INFO  handler.ContextHandler (ContextHandler.java:doStop(910)) - Stopped o.e.j.w.WebAppContext@588545ac{/,null,UNAVAILABLE}{/ozoneManager}
2019-09-24 19:06:06,779 [main] INFO  server.AbstractConnector (AbstractConnector.java:doStop(318)) - Stopped ServerConnector@2b08772d{HTTP/1.1,[http/1.1]}{0.0.0.0:0}
2019-09-24 19:06:06,780 [main] INFO  handler.ContextHandler (ContextHandler.java:doStop(910)) - Stopped o.e.j.s.ServletContextHandler@2ba1209b{/static,file:///workdir/hadoop-ozone/integration-test/target/test-classes/webapps/static,UNAVAILABLE}
2019-09-24 19:06:06,780 [main] INFO  handler.ContextHandler (ContextHandler.java:doStop(910)) - Stopped o.e.j.s.ServletContextHandler@766a52f5{/logs,file:///workdir/hadoop-ozone/integration-test/target/log,UNAVAILABLE}
2019-09-24 19:06:06,784 [main] INFO  ozone.MiniOzoneClusterImpl (MiniOzoneClusterImpl.java:stopDatanodes(377)) - Stopping the HddsDatanodes
2019-09-24 19:06:06,799 [Datanode State Machine Thread - 0] INFO  statemachine.DatanodeStateMachine (DatanodeStateMachine.java:lambda$startDaemon$0(350)) - Ozone container server started.
2019-09-24 19:06:07,619 [Datanode State Machine Thread - 0] INFO  statemachine.DatanodeStateMachine (DatanodeStateMachine.java:lambda$startDaemon$0(350)) - Ozone container server started.
2019-09-24 19:06:09,624 [d0ff2f9c-75fb-4559-babd-7e65d084c18c@group-7471AC5B8436-SegmentedRaftLogWorker] INFO  segmented.SegmentedRaftLogWorker (SegmentedRaftLogWorker.java:execute(569)) - d0ff2f9c-75fb-4559-babd-7e65d084c18c@group-7471AC5B8436-SegmentedRaftLogWorker: created new log segment /workdir/hadoop-ozone/integration-test/target/test-dir/MiniOzoneClusterImpl-136902ad-9ad3-4579-ab1e-826ed1576804/datanode-2/data/ratis/3f104e2e-411b-4866-a9d2-7471ac5b8436/current/log_inprogress_0
2019-09-24 19:06:09,625 [pool-330-thread-1] INFO  storage.RaftStorage (RaftStorage.java:format(72)) - Storage directory /workdir/hadoop-ozone/integration-test/target/test-dir/MiniOzoneClusterImpl-136902ad-9ad3-4579-ab1e-826ed1576804/datanode-6/data/ratis/953f27ca-a41b-4c6a-97bb-d6c820a38ec3 has been successfully formatted.
2019-09-24 19:06:09,625 [a0991bb0-d059-4b75-b34b-f0d320bfe012@group-9B209ADA5585:LeaderElection160] INFO  impl.LeaderElection (LeaderElection.java:askForVotes(182)) - a0991bb0-d059-4b75-b34b-f0d320bfe012@group-9B209ADA5585:LeaderElection160: begin an election at term 2 for -1: [a0991bb0-d059-4b75-b34b-f0d320bfe012:192.168.5.148:46271, 74a8c3a1-4d80-4c26-806c-1183f0126592:192.168.5.148:44605, b50c6779-182a-4abf-ac90-b7c5982ab67f:192.168.5.148:46476], old=null
2019-09-24 19:06:09,625 [pool-280-thread-1] INFO  storage.RaftStorage (RaftStorage.java:format(72)) - Storage directory /workdir/hadoop-ozone/integration-test/target/test-dir/MiniOzoneClusterImpl-136902ad-9ad3-4579-ab1e-826ed1576804/datanode-1/data/ratis/33c15cfd-b730-44fa-8b03-192aeba694d5 has been successfully formatted.
2019-09-24 19:06:09,625 [pool-340-thread-1] INFO  storage.RaftStorage (RaftStorage.java:format(72)) - Storage directory /workdir/hadoop-ozone/integration-test/target/test-dir/MiniOzoneClusterImpl-136902ad-9ad3-4579-ab1e-826ed1576804/datanode-7/data/ratis/33c15cfd-b730-44fa-8b03-192aeba694d5 has been successfully formatted.
2019-09-24 19:06:09,625 [pool-280-thread-1] INFO  ratis.ContainerStateMachine (ContainerStateMachine.java:loadSnapshot(230)) - group-192AEBA694D5: The snapshot info is null. Setting the last applied indexto:(t:0, i:~)
2019-09-24 19:06:09,625 [pool-330-thread-1] INFO  ratis.ContainerStateMachine (ContainerStateMachine.java:loadSnapshot(230)) - group-D6C820A38EC3: The snapshot info is null. Setting the last applied indexto:(t:0, i:~)
2019-09-24 19:06:09,626 [pool-280-thread-1] INFO  server.RaftServerConfigKeys (ConfUtils.java:logGet(43)) - raft.server.notification.no-leader.timeout = 120s (custom)
2019-09-24 19:06:09,626 [pool-340-thread-1] INFO  ratis.ContainerStateMachine (ContainerStateMachine.java:loadSnapshot(230)) - group-192AEBA694D5: The snapshot info is null. Setting the last applied indexto:(t:0, i:~)
2019-09-24 19:06:09,626 [74a8c3a1-4d80-4c26-806c-1183f0126592@group-9B209ADA5585:LeaderElection161] INFO  impl.LeaderElection (LeaderElection.java:askForVotes(182)) - 74a8c3a1-4d80-4c26-806c-1183f0126592@group-9B209ADA5585:LeaderElection161: begin an election at term 2 for -1: [a0991bb0-d059-4b75-b34b-f0d320bfe012:192.168.5.148:46271, 74a8c3a1-4d80-4c26-806c-1183f0126592:192.168.5.148:44605, b50c6779-182a-4abf-ac90-b7c5982ab67f:192.168.5.148:46476], old=null
2019-09-24 19:06:09,626 [pool-340-thread-1] INFO  server.RaftServerConfigKeys (ConfUtils.java:logGet(43)) - raft.server.notification.no-leader.timeout = 120s (custom)
2019-09-24 19:06:09,626 [pool-280-thread-1] INFO  server.RaftServerConfigKeys (ConfUtils.java:logGet(43)) - raft.server.log.use.memory = false (default)
2019-09-24 19:06:09,626 [pool-330-thread-1] INFO  server.RaftServerConfigKeys (ConfUtils.java:logGet(43)) - raft.server.notification.no-leader.timeout = 120s (custom)
2019-09-24 19:06:09,627 [pool-340-thread-1] INFO  server.RaftServerConfigKeys (ConfUtils.java:logGet(43)) - raft.server.log.use.memory = false (default)
2019-09-24 19:06:09,627 [pool-330-thread-1] INFO  server.RaftServerConfigKeys (ConfUtils.java:logGet(43)) - raft.server.log.use.memory = false (default)
2019-09-24 19:06:09,627 [pool-280-thread-1] INFO  server.RaftServerConfigKeys (ConfUtils.java:logGet(43)) - raft.server.log.purge.gap = 1000000 (custom)
2019-09-24 19:06:09,627 [pool-330-thread-1] INFO  server.RaftServerConfigKeys (ConfUtils.java:logGet(43)) - raft.server.log.purge.gap = 1000000 (custom)
2019-09-24 19:06:09,627 [pool-340-thread-1] INFO  server.RaftServerConfigKeys (ConfUtils.java:logGet(43)) - raft.server.log.purge.gap = 1000000 (custom)
2019-09-24 19:06:09,628 [pool-330-thread-1] INFO  server.RaftServerConfigKeys (ConfUtils.java:logGet(43)) - raft.server.log.appender.buffer.byte-limit = 33554432 (custom)
2019-09-24 19:06:09,628 [pool-280-thread-1] INFO  server.RaftServerConfigKeys (ConfUtils.java:logGet(43)) - raft.server.log.appender.buffer.byte-limit = 33554432 (custom)
2019-09-24 19:06:09,628 [pool-330-thread-1] INFO  server.RaftServerConfigKeys (ConfUtils.java:logGet(43)) - raft.server.log.segment.size.max = 1048576 (custom)
2019-09-24 19:06:09,628 [pool-340-thread-1] INFO  server.RaftServerConfigKeys (ConfUtils.java:logGet(43)) - raft.server.log.appender.buffer.byte-limit = 33554432 (custom)
2019-09-24 19:06:09,628 [pool-330-thread-1] INFO  server.RaftServerConfigKeys (ConfUtils.java:logGet(43)) - raft.server.log.segment.cache.num.max = 2 (custom)
2019-09-24 19:06:09,628 [pool-280-thread-1] INFO  server.RaftServerConfigKeys (ConfUtils.java:logGet(43)) - raft.server.log.segment.size.max = 1048576 (custom)
2019-09-24 19:06:09,629 [pool-330-thread-1] INFO  segmented.SegmentedRaftLogWorker (SegmentedRaftLogWorker.java:<init>(172)) - new b50c6779-182a-4abf-ac90-b7c5982ab67f@group-D6C820A38EC3-SegmentedRaftLogWorker for RaftStorage:Storage Directory /workdir/hadoop-ozone/integration-test/target/test-dir/MiniOzoneClusterImpl-136902ad-9ad3-4579-ab1e-826ed1576804/datanode-6/data/ratis/953f27ca-a41b-4c6a-97bb-d6c820a38ec3
2019-09-24 19:06:09,629 [pool-340-thread-1] INFO  server.RaftServerConfigKeys (ConfUtils.java:logGet(43)) - raft.server.log.segment.size.max = 1048576 (custom)
2019-09-24 19:06:09,629 [pool-330-thread-1] INFO  server.RaftServerConfigKeys (ConfUtils.java:logGet(43)) - raft.server.log.queue.byte-limit = 2147483647 (custom)
2019-09-24 19:06:09,629 [pool-280-thread-1] INFO  server.RaftServerConfigKeys (ConfUtils.java:logGet(43)) - raft.server.log.segment.cache.num.max = 2 (custom)
2019-09-24 19:06:09,630 [pool-330-thread-1] INFO  server.RaftServerConfigKeys (ConfUtils.java:logGet(43)) - raft.server.log.queue.element-limit = 1024 (custom)
2019-09-24 19:06:09,630 [grpc-default-executor-11] WARN  server.GrpcServerProtocolService (LogUtils.java:warn(134)) - b50c6779-182a-4abf-ac90-b7c5982ab67f: Failed requestVote 74a8c3a1-4d80-4c26-806c-1183f0126592->b50c6779-182a-4abf-ac90-b7c5982ab67f#0: org.apache.ratis.protocol.ServerNotReadyException: b50c6779-182a-4abf-ac90-b7c5982ab67f@group-9B209ADA5585 is not in [RUNNING]: current state is NEW
2019-09-24 19:06:09,629 [pool-340-thread-1] INFO  server.RaftServerConfigKeys (ConfUtils.java:logGet(43)) - raft.server.log.segment.cache.num.max = 2 (custom)
2019-09-24 19:06:09,630 [pool-330-thread-1] INFO  server.RaftServerConfigKeys (ConfUtils.java:logGet(43)) - raft.server.log.segment.size.max = 1048576 (custom)
2019-09-24 19:06:09,630 [grpc-default-executor-13] WARN  server.GrpcServerProtocolService (LogUtils.java:warn(134)) - b50c6779-182a-4abf-ac90-b7c5982ab67f: Failed requestVote a0991bb0-d059-4b75-b34b-f0d320bfe012->b50c6779-182a-4abf-ac90-b7c5982ab67f#0: org.apache.ratis.protocol.ServerNotReadyException: b50c6779-182a-4abf-ac90-b7c5982ab67f@group-9B209ADA5585 is not in [RUNNING]: current state is NEW
2019-09-24 19:06:09,630 [pool-280-thread-1] INFO  segmented.SegmentedRaftLogWorker (SegmentedRaftLogWorker.java:<init>(172)) - new a0991bb0-d059-4b75-b34b-f0d320bfe012@group-192AEBA694D5-SegmentedRaftLogWorker for RaftStorage:Storage Directory /workdir/hadoop-ozone/integration-test/target/test-dir/MiniOzoneClusterImpl-136902ad-9ad3-4579-ab1e-826ed1576804/datanode-1/data/ratis/33c15cfd-b730-44fa-8b03-192aeba694d5
2019-09-24 19:06:09,631 [pool-330-thread-1] INFO  server.RaftServerConfigKeys (ConfUtils.java:logGet(43)) - raft.server.log.preallocated.size = 16384 (custom)
2019-09-24 19:06:09,631 [pool-330-thread-1] INFO  server.RaftServerConfigKeys (ConfUtils.java:logGet(43)) - raft.server.log.write.buffer.size = 33554432 (custom)
2019-09-24 19:06:09,630 [pool-340-thread-1] INFO  segmented.SegmentedRaftLogWorker (SegmentedRaftLogWorker.java:<init>(172)) - new 74a8c3a1-4d80-4c26-806c-1183f0126592@group-192AEBA694D5-SegmentedRaftLogWorker for RaftStorage:Storage Directory /workdir/hadoop-ozone/integration-test/target/test-dir/MiniOzoneClusterImpl-136902ad-9ad3-4579-ab1e-826ed1576804/datanode-7/data/ratis/33c15cfd-b730-44fa-8b03-192aeba694d5
2019-09-24 19:06:09,631 [pool-330-thread-1] INFO  server.RaftServerConfigKeys (ConfUtils.java:logGet(43)) - raft.server.log.force.sync.num = 128 (default)
2019-09-24 19:06:09,631 [pool-280-thread-1] INFO  server.RaftServerConfigKeys (ConfUtils.java:logGet(43)) - raft.server.log.queue.byte-limit = 2147483647 (custom)
2019-09-24 19:06:09,632 [pool-330-thread-1] INFO  server.RaftServerConfigKeys (ConfUtils.java:logGet(43)) - raft.server.log.statemachine.data.sync = true (default)
2019-09-24 19:06:09,632 [pool-340-thread-1] INFO  server.RaftServerConfigKeys (ConfUtils.java:logGet(43)) - raft.server.log.queue.byte-limit = 2147483647 (custom)
2019-09-24 19:06:09,632 [pool-330-thread-1] INFO  server.RaftServerConfigKeys (ConfUtils.java:logGet(43)) - raft.server.log.statemachine.data.sync.timeout = 10s (default)
2019-09-24 19:06:09,632 [pool-280-thread-1] INFO  server.RaftServerConfigKeys (ConfUtils.java:logGet(43)) - raft.server.log.queue.element-limit = 1024 (custom)
2019-09-24 19:06:09,633 [pool-330-thread-1] INFO  server.RaftServerConfigKeys (ConfUtils.java:logGet(43)) - raft.server.log.statemachine.data.sync.timeout.retry = -1 (default)
2019-09-24 19:06:09,632 [pool-340-thread-1] INFO  server.RaftServerConfigKeys (ConfUtils.java:logGet(43)) - raft.server.log.queue.element-limit = 1024 (custom)
2019-09-24 19:06:09,633 [pool-330-thread-1] INFO  server.RaftServerConfigKeys (ConfUtils.java:logGet(43)) - raft.server.log.statemachine.data.caching.enabled = true (custom)
2019-09-24 19:06:09,633 [pool-280-thread-1] INFO  server.RaftServerConfigKeys (ConfUtils.java:logGet(43)) - raft.server.log.segment.size.max = 1048576 (custom)
2019-09-24 19:06:09,633 [pool-340-thread-1] INFO  server.RaftServerConfigKeys (ConfUtils.java:logGet(43)) - raft.server.log.segment.size.max = 1048576 (custom)
2019-09-24 19:06:09,634 [pool-330-thread-1] INFO  segmented.SegmentedRaftLogWorker (SegmentedRaftLogWorker.java:lambda$new$0(132)) - b50c6779-182a-4abf-ac90-b7c5982ab67f@group-D6C820A38EC3-SegmentedRaftLogWorker: flushIndex: setUnconditionally 0 -> -1
2019-09-24 19:06:09,634 [74a8c3a1-4d80-4c26-806c-1183f0126592@group-9B209ADA5585:LeaderElection161] INFO  impl.LeaderElection (LogUtils.java:infoOrTrace(149)) - 74a8c3a1-4d80-4c26-806c-1183f0126592@group-9B209ADA5585:LeaderElection161 got exception when requesting votes: {}
java.util.concurrent.ExecutionException: org.apache.ratis.thirdparty.io.grpc.StatusRuntimeException: INTERNAL: b50c6779-182a-4abf-ac90-b7c5982ab67f@group-9B209ADA5585 is not in [RUNNING]: current state is NEW
	at java.util.concurrent.FutureTask.report(FutureTask.java:122)
	at java.util.concurrent.FutureTask.get(FutureTask.java:192)
	at org.apache.ratis.server.impl.LeaderElection.waitForResults(LeaderElection.java:263)
	at org.apache.ratis.server.impl.LeaderElection.askForVotes(LeaderElection.java:201)
	at org.apache.ratis.server.impl.LeaderElection.run(LeaderElection.java:133)
	at java.lang.Thread.run(Thread.java:748)
Caused by: org.apache.ratis.thirdparty.io.grpc.StatusRuntimeException: INTERNAL: b50c6779-182a-4abf-ac90-b7c5982ab67f@group-9B209ADA5585 is not in [RUNNING]: current state is NEW
	at org.apache.ratis.thirdparty.io.grpc.stub.ClientCalls.toStatusRuntimeException(ClientCalls.java:233)
	at org.apache.ratis.thirdparty.io.grpc.stub.ClientCalls.getUnchecked(ClientCalls.java:214)
	at org.apache.ratis.thirdparty.io.grpc.stub.ClientCalls.blockingUnaryCall(ClientCalls.java:139)
	at org.apache.ratis.proto.grpc.RaftServerProtocolServiceGrpc$RaftServerProtocolServiceBlockingStub.requestVote(RaftServerProtocolServiceGrpc.java:265)
	at org.apache.ratis.grpc.server.GrpcServerProtocolClient.requestVote(GrpcServerProtocolClient.java:90)
	at org.apache.ratis.grpc.server.GrpcService.requestVote(GrpcService.java:204)
	at org.apache.ratis.server.impl.LeaderElection.lambda$submitRequests$1(LeaderElection.java:238)
	at java.util.concurrent.FutureTask.run(FutureTask.java:266)
	at java.util.concurrent.Executors$RunnableAdapter.call(Executors.java:511)
	at java.util.concurrent.FutureTask.run(FutureTask.java:266)
	at java.util.concurrent.ThreadPoolExecutor.runWorker(ThreadPoolExecutor.java:1149)
	at java.util.concurrent.ThreadPoolExecutor$Worker.run(ThreadPoolExecutor.java:624)
	... 1 more
2019-09-24 19:06:09,633 [pool-280-thread-1] INFO  server.RaftServerConfigKeys (ConfUtils.java:logGet(43)) - raft.server.log.preallocated.size = 16384 (custom)
2019-09-24 19:06:09,640 [a0991bb0-d059-4b75-b34b-f0d320bfe012@group-9B209ADA5585:LeaderElection160] INFO  impl.LeaderElection (LogUtils.java:infoOrTrace(149)) - a0991bb0-d059-4b75-b34b-f0d320bfe012@group-9B209ADA5585:LeaderElection160 got exception when requesting votes: {}
java.util.concurrent.ExecutionException: org.apache.ratis.thirdparty.io.grpc.StatusRuntimeException: INTERNAL: b50c6779-182a-4abf-ac90-b7c5982ab67f@group-9B209ADA5585 is not in [RUNNING]: current state is NEW
	at java.util.concurrent.FutureTask.report(FutureTask.java:122)
	at java.util.concurrent.FutureTask.get(FutureTask.java:192)
	at org.apache.ratis.server.impl.LeaderElection.waitForResults(LeaderElection.java:263)
	at org.apache.ratis.server.impl.LeaderElection.askForVotes(LeaderElection.java:201)
	at org.apache.ratis.server.impl.LeaderElection.run(LeaderElection.java:133)
	at java.lang.Thread.run(Thread.java:748)
Caused by: org.apache.ratis.thirdparty.io.grpc.StatusRuntimeException: INTERNAL: b50c6779-182a-4abf-ac90-b7c5982ab67f@group-9B209ADA5585 is not in [RUNNING]: current state is NEW
	at org.apache.ratis.thirdparty.io.grpc.stub.ClientCalls.toStatusRuntimeException(ClientCalls.java:233)
	at org.apache.ratis.thirdparty.io.grpc.stub.ClientCalls.getUnchecked(ClientCalls.java:214)
	at org.apache.ratis.thirdparty.io.grpc.stub.ClientCalls.blockingUnaryCall(ClientCalls.java:139)
	at org.apache.ratis.proto.grpc.RaftServerProtocolServiceGrpc$RaftServerProtocolServiceBlockingStub.requestVote(RaftServerProtocolServiceGrpc.java:265)
	at org.apache.ratis.grpc.server.GrpcServerProtocolClient.requestVote(GrpcServerProtocolClient.java:90)
	at org.apache.ratis.grpc.server.GrpcService.requestVote(GrpcService.java:204)
	at org.apache.ratis.server.impl.LeaderElection.lambda$submitRequests$1(LeaderElection.java:238)
	at java.util.concurrent.FutureTask.run(FutureTask.java:266)
	at java.util.concurrent.Executors$RunnableAdapter.call(Executors.java:511)
	at java.util.concurrent.FutureTask.run(FutureTask.java:266)
	at java.util.concurrent.ThreadPoolExecutor.runWorker(ThreadPoolExecutor.java:1149)
	at java.util.concurrent.ThreadPoolExecutor$Worker.run(ThreadPoolExecutor.java:624)
	... 1 more
2019-09-24 19:06:09,640 [74a8c3a1-4d80-4c26-806c-1183f0126592@group-9B209ADA5585:LeaderElection161] INFO  impl.LeaderElection (LeaderElection.java:logAndReturn(56)) - 74a8c3a1-4d80-4c26-806c-1183f0126592@group-9B209ADA5585:LeaderElection161: Election REJECTED; received 1 response(s) [74a8c3a1-4d80-4c26-806c-1183f0126592<-a0991bb0-d059-4b75-b34b-f0d320bfe012#0:FAIL-t2] and 1 exception(s); 74a8c3a1-4d80-4c26-806c-1183f0126592@group-9B209ADA5585:t2, leader=null, voted=74a8c3a1-4d80-4c26-806c-1183f0126592, raftlog=74a8c3a1-4d80-4c26-806c-1183f0126592@group-9B209ADA5585-SegmentedRaftLog:OPENED:c-1,f-1,i0, conf=-1: [a0991bb0-d059-4b75-b34b-f0d320bfe012:192.168.5.148:46271, 74a8c3a1-4d80-4c26-806c-1183f0126592:192.168.5.148:44605, b50c6779-182a-4abf-ac90-b7c5982ab67f:192.168.5.148:46476], old=null
2019-09-24 19:06:09,644 [74a8c3a1-4d80-4c26-806c-1183f0126592@group-9B209ADA5585:LeaderElection161] INFO  impl.LeaderElection (LogUtils.java:infoOrTrace(149)) -   Exception 0: {}
java.util.concurrent.ExecutionException: org.apache.ratis.thirdparty.io.grpc.StatusRuntimeException: INTERNAL: b50c6779-182a-4abf-ac90-b7c5982ab67f@group-9B209ADA5585 is not in [RUNNING]: current state is NEW
	at java.util.concurrent.FutureTask.report(FutureTask.java:122)
	at java.util.concurrent.FutureTask.get(FutureTask.java:192)
	at org.apache.ratis.server.impl.LeaderElection.waitForResults(LeaderElection.java:263)
	at org.apache.ratis.server.impl.LeaderElection.askForVotes(LeaderElection.java:201)
	at org.apache.ratis.server.impl.LeaderElection.run(LeaderElection.java:133)
	at java.lang.Thread.run(Thread.java:748)
Caused by: org.apache.ratis.thirdparty.io.grpc.StatusRuntimeException: INTERNAL: b50c6779-182a-4abf-ac90-b7c5982ab67f@group-9B209ADA5585 is not in [RUNNING]: current state is NEW
	at org.apache.ratis.thirdparty.io.grpc.stub.ClientCalls.toStatusRuntimeException(ClientCalls.java:233)
	at org.apache.ratis.thirdparty.io.grpc.stub.ClientCalls.getUnchecked(ClientCalls.java:214)
	at org.apache.ratis.thirdparty.io.grpc.stub.ClientCalls.blockingUnaryCall(ClientCalls.java:139)
	at org.apache.ratis.proto.grpc.RaftServerProtocolServiceGrpc$RaftServerProtocolServiceBlockingStub.requestVote(RaftServerProtocolServiceGrpc.java:265)
	at org.apache.ratis.grpc.server.GrpcServerProtocolClient.requestVote(GrpcServerProtocolClient.java:90)
	at org.apache.ratis.grpc.server.GrpcService.requestVote(GrpcService.java:204)
	at org.apache.ratis.server.impl.LeaderElection.lambda$submitRequests$1(LeaderElection.java:238)
	at java.util.concurrent.FutureTask.run(FutureTask.java:266)
	at java.util.concurrent.Executors$RunnableAdapter.call(Executors.java:511)
	at java.util.concurrent.FutureTask.run(FutureTask.java:266)
	at java.util.concurrent.ThreadPoolExecutor.runWorker(ThreadPoolExecutor.java:1149)
	at java.util.concurrent.ThreadPoolExecutor$Worker.run(ThreadPoolExecutor.java:624)
	... 1 more
2019-09-24 19:06:09,634 [pool-330-thread-1] INFO  server.RaftServerConfigKeys (ConfUtils.java:logGet(43)) - raft.server.snapshot.auto.trigger.enabled = true (custom)
2019-09-24 19:06:09,634 [pool-340-thread-1] INFO  server.RaftServerConfigKeys (ConfUtils.java:logGet(43)) - raft.server.log.preallocated.size = 16384 (custom)
2019-09-24 19:06:09,645 [pool-330-thread-1] INFO  server.RaftServerConfigKeys (ConfUtils.java:logGet(43)) - raft.server.snapshot.auto.trigger.threshold = 10000 (custom)
2019-09-24 19:06:09,645 [pool-330-thread-1] INFO  server.RaftServerConfigKeys (ConfUtils.java:logGet(43)) - raft.server.snapshot.retention.num.files = 5 (custom)
2019-09-24 19:06:09,645 [74a8c3a1-4d80-4c26-806c-1183f0126592@group-9B209ADA5585:LeaderElection161] INFO  impl.RaftServerImpl (RaftServerImpl.java:setRole(174)) - 74a8c3a1-4d80-4c26-806c-1183f0126592@group-9B209ADA5585: changes role from CANDIDATE to FOLLOWER at term 2 for DISCOVERED_A_NEW_TERM
2019-09-24 19:06:09,644 [a0991bb0-d059-4b75-b34b-f0d320bfe012@group-9B209ADA5585:LeaderElection160] INFO  impl.LeaderElection (LeaderElection.java:logAndReturn(56)) - a0991bb0-d059-4b75-b34b-f0d320bfe012@group-9B209ADA5585:LeaderElection160: Election REJECTED; received 1 response(s) [a0991bb0-d059-4b75-b34b-f0d320bfe012<-74a8c3a1-4d80-4c26-806c-1183f0126592#0:FAIL-t2] and 1 exception(s); a0991bb0-d059-4b75-b34b-f0d320bfe012@group-9B209ADA5585:t2, leader=null, voted=a0991bb0-d059-4b75-b34b-f0d320bfe012, raftlog=a0991bb0-d059-4b75-b34b-f0d320bfe012@group-9B209ADA5585-SegmentedRaftLog:OPENED:c-1,f-1,i0, conf=-1: [a0991bb0-d059-4b75-b34b-f0d320bfe012:192.168.5.148:46271, 74a8c3a1-4d80-4c26-806c-1183f0126592:192.168.5.148:44605, b50c6779-182a-4abf-ac90-b7c5982ab67f:192.168.5.148:46476], old=null
2019-09-24 19:06:09,646 [a0991bb0-d059-4b75-b34b-f0d320bfe012@group-9B209ADA5585:LeaderElection160] INFO  impl.LeaderElection (LogUtils.java:infoOrTrace(149)) -   Exception 0: {}
java.util.concurrent.ExecutionException: org.apache.ratis.thirdparty.io.grpc.StatusRuntimeException: INTERNAL: b50c6779-182a-4abf-ac90-b7c5982ab67f@group-9B209ADA5585 is not in [RUNNING]: current state is NEW
	at java.util.concurrent.FutureTask.report(FutureTask.java:122)
	at java.util.concurrent.FutureTask.get(FutureTask.java:192)
	at org.apache.ratis.server.impl.LeaderElection.waitForResults(LeaderElection.java:263)
	at org.apache.ratis.server.impl.LeaderElection.askForVotes(LeaderElection.java:201)
	at org.apache.ratis.server.impl.LeaderElection.run(LeaderElection.java:133)
	at java.lang.Thread.run(Thread.java:748)
Caused by: org.apache.ratis.thirdparty.io.grpc.StatusRuntimeException: INTERNAL: b50c6779-182a-4abf-ac90-b7c5982ab67f@group-9B209ADA5585 is not in [RUNNING]: current state is NEW
	at org.apache.ratis.thirdparty.io.grpc.stub.ClientCalls.toStatusRuntimeException(ClientCalls.java:233)
	at org.apache.ratis.thirdparty.io.grpc.stub.ClientCalls.getUnchecked(ClientCalls.java:214)
	at org.apache.ratis.thirdparty.io.grpc.stub.ClientCalls.blockingUnaryCall(ClientCalls.java:139)
	at org.apache.ratis.proto.grpc.RaftServerProtocolServiceGrpc$RaftServerProtocolServiceBlockingStub.requestVote(RaftServerProtocolServiceGrpc.java:265)
	at org.apache.ratis.grpc.server.GrpcServerProtocolClient.requestVote(GrpcServerProtocolClient.java:90)
	at org.apache.ratis.grpc.server.GrpcService.requestVote(GrpcService.java:204)
	at org.apache.ratis.server.impl.LeaderElection.lambda$submitRequests$1(LeaderElection.java:238)
	at java.util.concurrent.FutureTask.run(FutureTask.java:266)
	at java.util.concurrent.Executors$RunnableAdapter.call(Executors.java:511)
	at java.util.concurrent.FutureTask.run(FutureTask.java:266)
	at java.util.concurrent.ThreadPoolExecutor.runWorker(ThreadPoolExecutor.java:1149)
	at java.util.concurrent.ThreadPoolExecutor$Worker.run(ThreadPoolExecutor.java:624)
	... 1 more
2019-09-24 19:06:09,640 [pool-280-thread-1] INFO  server.RaftServerConfigKeys (ConfUtils.java:logGet(43)) - raft.server.log.write.buffer.size = 33554432 (custom)
2019-09-24 19:06:09,646 [a0991bb0-d059-4b75-b34b-f0d320bfe012@group-9B209ADA5585:LeaderElection160] INFO  impl.RaftServerImpl (RaftServerImpl.java:setRole(174)) - a0991bb0-d059-4b75-b34b-f0d320bfe012@group-9B209ADA5585: changes role from CANDIDATE to FOLLOWER at term 2 for DISCOVERED_A_NEW_TERM
2019-09-24 19:06:09,647 [a0991bb0-d059-4b75-b34b-f0d320bfe012@group-9B209ADA5585:LeaderElection160] INFO  impl.RoleInfo (RoleInfo.java:shutdownLeaderElection(134)) - a0991bb0-d059-4b75-b34b-f0d320bfe012: shutdown LeaderElection
2019-09-24 19:06:09,646 [74a8c3a1-4d80-4c26-806c-1183f0126592@group-9B209ADA5585:LeaderElection161] INFO  impl.RoleInfo (RoleInfo.java:shutdownLeaderElection(134)) - 74a8c3a1-4d80-4c26-806c-1183f0126592: shutdown LeaderElection
2019-09-24 19:06:09,646 [pool-330-thread-1] INFO  server.RaftServerConfigKeys (ConfUtils.java:logGet(43)) - raft.server.retrycache.expirytime = 600000ms (custom)
2019-09-24 19:06:09,645 [pool-340-thread-1] INFO  server.RaftServerConfigKeys (ConfUtils.java:logGet(43)) - raft.server.log.write.buffer.size = 33554432 (custom)
2019-09-24 19:06:09,647 [pool-340-thread-1] INFO  server.RaftServerConfigKeys (ConfUtils.java:logGet(43)) - raft.server.log.force.sync.num = 128 (default)
2019-09-24 19:06:09,647 [74a8c3a1-4d80-4c26-806c-1183f0126592@group-9B209ADA5585:LeaderElection161] INFO  impl.RoleInfo (RoleInfo.java:updateAndGet(143)) - 74a8c3a1-4d80-4c26-806c-1183f0126592: start FollowerState
2019-09-24 19:06:09,647 [a0991bb0-d059-4b75-b34b-f0d320bfe012@group-9B209ADA5585:LeaderElection160] INFO  impl.RoleInfo (RoleInfo.java:updateAndGet(143)) - a0991bb0-d059-4b75-b34b-f0d320bfe012: start FollowerState
2019-09-24 19:06:09,647 [pool-280-thread-1] INFO  server.RaftServerConfigKeys (ConfUtils.java:logGet(43)) - raft.server.log.force.sync.num = 128 (default)
2019-09-24 19:06:09,648 [pool-340-thread-1] INFO  server.RaftServerConfigKeys (ConfUtils.java:logGet(43)) - raft.server.log.statemachine.data.sync = true (default)
2019-09-24 19:06:09,648 [pool-280-thread-1] INFO  server.RaftServerConfigKeys (ConfUtils.java:logGet(43)) - raft.server.log.statemachine.data.sync = true (default)
2019-09-24 19:06:09,649 [pool-340-thread-1] INFO  server.RaftServerConfigKeys (ConfUtils.java:logGet(43)) - raft.server.log.statemachine.data.sync.timeout = 10s (default)
2019-09-24 19:06:09,649 [pool-280-thread-1] INFO  server.RaftServerConfigKeys (ConfUtils.java:logGet(43)) - raft.server.log.statemachine.data.sync.timeout = 10s (default)
2019-09-24 19:06:09,649 [pool-340-thread-1] INFO  server.RaftServerConfigKeys (ConfUtils.java:logGet(43)) - raft.server.log.statemachine.data.sync.timeout.retry = -1 (default)
2019-09-24 19:06:09,649 [pool-280-thread-1] INFO  server.RaftServerConfigKeys (ConfUtils.java:logGet(43)) - raft.server.log.statemachine.data.sync.timeout.retry = -1 (default)
2019-09-24 19:06:09,649 [pool-340-thread-1] INFO  server.RaftServerConfigKeys (ConfUtils.java:logGet(43)) - raft.server.log.statemachine.data.caching.enabled = true (custom)
2019-09-24 19:06:09,649 [pool-280-thread-1] INFO  server.RaftServerConfigKeys (ConfUtils.java:logGet(43)) - raft.server.log.statemachine.data.caching.enabled = true (custom)
2019-09-24 19:06:09,650 [pool-330-thread-1] INFO  impl.RaftServerImpl (RaftServerImpl.java:start(185)) - b50c6779-182a-4abf-ac90-b7c5982ab67f@group-9B209ADA5585: start as a follower, conf=-1: [a0991bb0-d059-4b75-b34b-f0d320bfe012:192.168.5.148:46271, 74a8c3a1-4d80-4c26-806c-1183f0126592:192.168.5.148:44605, b50c6779-182a-4abf-ac90-b7c5982ab67f:192.168.5.148:46476], old=null
2019-09-24 19:06:09,650 [pool-340-thread-1] INFO  segmented.SegmentedRaftLogWorker (SegmentedRaftLogWorker.java:lambda$new$0(132)) - 74a8c3a1-4d80-4c26-806c-1183f0126592@group-192AEBA694D5-SegmentedRaftLogWorker: flushIndex: setUnconditionally 0 -> -1
2019-09-24 19:06:09,650 [pool-280-thread-1] INFO  segmented.SegmentedRaftLogWorker (SegmentedRaftLogWorker.java:lambda$new$0(132)) - a0991bb0-d059-4b75-b34b-f0d320bfe012@group-192AEBA694D5-SegmentedRaftLogWorker: flushIndex: setUnconditionally 0 -> -1
2019-09-24 19:06:09,650 [pool-330-thread-1] INFO  impl.RaftServerImpl (RaftServerImpl.java:setRole(174)) - b50c6779-182a-4abf-ac90-b7c5982ab67f@group-9B209ADA5585: changes role from      null to FOLLOWER at term 0 for startAsFollower
2019-09-24 19:06:09,650 [pool-340-thread-1] INFO  server.RaftServerConfigKeys (ConfUtils.java:logGet(43)) - raft.server.snapshot.auto.trigger.enabled = true (custom)
2019-09-24 19:06:09,651 [pool-330-thread-1] INFO  impl.RoleInfo (RoleInfo.java:updateAndGet(143)) - b50c6779-182a-4abf-ac90-b7c5982ab67f: start FollowerState
2019-09-24 19:06:09,651 [pool-280-thread-1] INFO  server.RaftServerConfigKeys (ConfUtils.java:logGet(43)) - raft.server.snapshot.auto.trigger.enabled = true (custom)
2019-09-24 19:06:09,651 [pool-340-thread-1] INFO  server.RaftServerConfigKeys (ConfUtils.java:logGet(43)) - raft.server.snapshot.auto.trigger.threshold = 10000 (custom)
2019-09-24 19:06:09,651 [pool-330-thread-1] INFO  util.JmxRegister (JmxRegister.java:tryRegister(44)) - Successfully registered JMX Bean with object name Ratis:service=RaftServer,group=group-9B209ADA5585,id=b50c6779-182a-4abf-ac90-b7c5982ab67f
2019-09-24 19:06:09,651 [pool-280-thread-1] INFO  server.RaftServerConfigKeys (ConfUtils.java:logGet(43)) - raft.server.snapshot.auto.trigger.threshold = 10000 (custom)
2019-09-24 19:06:09,651 [pool-340-thread-1] INFO  server.RaftServerConfigKeys (ConfUtils.java:logGet(43)) - raft.server.snapshot.retention.num.files = 5 (custom)
2019-09-24 19:06:09,652 [pool-280-thread-1] INFO  server.RaftServerConfigKeys (ConfUtils.java:logGet(43)) - raft.server.snapshot.retention.num.files = 5 (custom)
2019-09-24 19:06:09,652 [pool-340-thread-1] INFO  server.RaftServerConfigKeys (ConfUtils.java:logGet(43)) - raft.server.retrycache.expirytime = 600000ms (custom)
2019-09-24 19:06:09,652 [pool-280-thread-1] INFO  server.RaftServerConfigKeys (ConfUtils.java:logGet(43)) - raft.server.retrycache.expirytime = 600000ms (custom)
2019-09-24 19:06:09,654 [pool-330-thread-1] INFO  impl.RaftServerImpl (RaftServerImpl.java:<init>(95)) - b50c6779-182a-4abf-ac90-b7c5982ab67f: new RaftServerImpl for group-192AEBA694D5:[a0991bb0-d059-4b75-b34b-f0d320bfe012:192.168.5.148:46271, 74a8c3a1-4d80-4c26-806c-1183f0126592:192.168.5.148:44605, b50c6779-182a-4abf-ac90-b7c5982ab67f:192.168.5.148:46476] with ContainerStateMachine:uninitialized
2019-09-24 19:06:09,654 [pool-330-thread-1] INFO  server.RaftServerConfigKeys (ConfUtils.java:logGet(43)) - raft.server.rpc.timeout.min = 1s (custom)
2019-09-24 19:06:09,654 [pool-330-thread-1] INFO  server.RaftServerConfigKeys (ConfUtils.java:logGet(43)) - raft.server.rpc.timeout.max = 1200ms (custom)
2019-09-24 19:06:09,654 [pool-330-thread-1] INFO  server.RaftServerConfigKeys (ConfUtils.java:logGet(43)) - raft.server.rpcslowness.timeout = 120s (custom)
2019-09-24 19:06:09,654 [pool-330-thread-1] INFO  server.RaftServerConfigKeys (ConfUtils.java:logGet(43)) - raft.server.sleep.deviation.threshold = 300 (default)
2019-09-24 19:06:09,655 [pool-330-thread-1] INFO  server.RaftServerConfigKeys (ConfUtils.java:logGet(43)) - raft.server.log.appender.install.snapshot.enabled = false (custom)
2019-09-24 19:06:09,655 [pool-330-thread-1] INFO  impl.RaftServerImpl (ServerState.java:<init>(103)) - b50c6779-182a-4abf-ac90-b7c5982ab67f@group-192AEBA694D5: ConfigurationManager, init=-1: [a0991bb0-d059-4b75-b34b-f0d320bfe012:192.168.5.148:46271, 74a8c3a1-4d80-4c26-806c-1183f0126592:192.168.5.148:44605, b50c6779-182a-4abf-ac90-b7c5982ab67f:192.168.5.148:46476], old=null, confs=<EMPTY_MAP>
2019-09-24 19:06:09,655 [pool-330-thread-1] INFO  server.RaftServerConfigKeys (ConfUtils.java:logGet(43)) - raft.server.storage.dir = [/workdir/hadoop-ozone/integration-test/target/test-dir/MiniOzoneClusterImpl-136902ad-9ad3-4579-ab1e-826ed1576804/datanode-6/data/ratis] (custom)
2019-09-24 19:06:09,656 [pool-330-thread-1] INFO  storage.RaftStorageDirectory (RaftStorageDirectory.java:analyzeStorage(246)) - The storage directory /workdir/hadoop-ozone/integration-test/target/test-dir/MiniOzoneClusterImpl-136902ad-9ad3-4579-ab1e-826ed1576804/datanode-6/data/ratis/33c15cfd-b730-44fa-8b03-192aeba694d5 does not exist. Creating ...
2019-09-24 19:06:09,657 [pool-340-thread-1] INFO  impl.RaftServerImpl (RaftServerImpl.java:<init>(95)) - 74a8c3a1-4d80-4c26-806c-1183f0126592: new RaftServerImpl for group-84081C198BA3:[a0991bb0-d059-4b75-b34b-f0d320bfe012:192.168.5.148:46271, 74a8c3a1-4d80-4c26-806c-1183f0126592:192.168.5.148:44605, b50c6779-182a-4abf-ac90-b7c5982ab67f:192.168.5.148:46476] with ContainerStateMachine:uninitialized
2019-09-24 19:06:09,657 [pool-340-thread-1] INFO  server.RaftServerConfigKeys (ConfUtils.java:logGet(43)) - raft.server.rpc.timeout.min = 1s (custom)
2019-09-24 19:06:09,658 [pool-340-thread-1] INFO  server.RaftServerConfigKeys (ConfUtils.java:logGet(43)) - raft.server.rpc.timeout.max = 1200ms (custom)
2019-09-24 19:06:09,658 [pool-340-thread-1] INFO  server.RaftServerConfigKeys (ConfUtils.java:logGet(43)) - raft.server.rpcslowness.timeout = 120s (custom)
2019-09-24 19:06:09,658 [pool-340-thread-1] INFO  server.RaftServerConfigKeys (ConfUtils.java:logGet(43)) - raft.server.sleep.deviation.threshold = 300 (default)
2019-09-24 19:06:09,658 [pool-280-thread-1] INFO  impl.RaftServerImpl (RaftServerImpl.java:<init>(95)) - a0991bb0-d059-4b75-b34b-f0d320bfe012: new RaftServerImpl for group-84081C198BA3:[a0991bb0-d059-4b75-b34b-f0d320bfe012:192.168.5.148:46271, 74a8c3a1-4d80-4c26-806c-1183f0126592:192.168.5.148:44605, b50c6779-182a-4abf-ac90-b7c5982ab67f:192.168.5.148:46476] with ContainerStateMachine:uninitialized
2019-09-24 19:06:09,658 [pool-340-thread-1] INFO  server.RaftServerConfigKeys (ConfUtils.java:logGet(43)) - raft.server.log.appender.install.snapshot.enabled = false (custom)
2019-09-24 19:06:09,658 [pool-280-thread-1] INFO  server.RaftServerConfigKeys (ConfUtils.java:logGet(43)) - raft.server.rpc.timeout.min = 1s (custom)
2019-09-24 19:06:09,658 [pool-340-thread-1] INFO  impl.RaftServerImpl (ServerState.java:<init>(103)) - 74a8c3a1-4d80-4c26-806c-1183f0126592@group-84081C198BA3: ConfigurationManager, init=-1: [a0991bb0-d059-4b75-b34b-f0d320bfe012:192.168.5.148:46271, 74a8c3a1-4d80-4c26-806c-1183f0126592:192.168.5.148:44605, b50c6779-182a-4abf-ac90-b7c5982ab67f:192.168.5.148:46476], old=null, confs=<EMPTY_MAP>
2019-09-24 19:06:09,659 [pool-280-thread-1] INFO  server.RaftServerConfigKeys (ConfUtils.java:logGet(43)) - raft.server.rpc.timeout.max = 1200ms (custom)
2019-09-24 19:06:09,659 [pool-340-thread-1] INFO  server.RaftServerConfigKeys (ConfUtils.java:logGet(43)) - raft.server.storage.dir = [/workdir/hadoop-ozone/integration-test/target/test-dir/MiniOzoneClusterImpl-136902ad-9ad3-4579-ab1e-826ed1576804/datanode-7/data/ratis] (custom)
2019-09-24 19:06:09,659 [pool-280-thread-1] INFO  server.RaftServerConfigKeys (ConfUtils.java:logGet(43)) - raft.server.rpcslowness.timeout = 120s (custom)
2019-09-24 19:06:09,659 [pool-280-thread-1] INFO  server.RaftServerConfigKeys (ConfUtils.java:logGet(43)) - raft.server.sleep.deviation.threshold = 300 (default)
2019-09-24 19:06:09,659 [pool-340-thread-1] INFO  storage.RaftStorageDirectory (RaftStorageDirectory.java:analyzeStorage(246)) - The storage directory /workdir/hadoop-ozone/integration-test/target/test-dir/MiniOzoneClusterImpl-136902ad-9ad3-4579-ab1e-826ed1576804/datanode-7/data/ratis/cb720bfb-8925-44f2-af2e-84081c198ba3 does not exist. Creating ...
2019-09-24 19:06:09,659 [pool-280-thread-1] INFO  server.RaftServerConfigKeys (ConfUtils.java:logGet(43)) - raft.server.log.appender.install.snapshot.enabled = false (custom)
2019-09-24 19:06:09,660 [pool-280-thread-1] INFO  impl.RaftServerImpl (ServerState.java:<init>(103)) - a0991bb0-d059-4b75-b34b-f0d320bfe012@group-84081C198BA3: ConfigurationManager, init=-1: [a0991bb0-d059-4b75-b34b-f0d320bfe012:192.168.5.148:46271, 74a8c3a1-4d80-4c26-806c-1183f0126592:192.168.5.148:44605, b50c6779-182a-4abf-ac90-b7c5982ab67f:192.168.5.148:46476], old=null, confs=<EMPTY_MAP>
2019-09-24 19:06:09,660 [pool-280-thread-1] INFO  server.RaftServerConfigKeys (ConfUtils.java:logGet(43)) - raft.server.storage.dir = [/workdir/hadoop-ozone/integration-test/target/test-dir/MiniOzoneClusterImpl-136902ad-9ad3-4579-ab1e-826ed1576804/datanode-1/data/ratis] (custom)
2019-09-24 19:06:09,660 [pool-280-thread-1] INFO  storage.RaftStorageDirectory (RaftStorageDirectory.java:analyzeStorage(246)) - The storage directory /workdir/hadoop-ozone/integration-test/target/test-dir/MiniOzoneClusterImpl-136902ad-9ad3-4579-ab1e-826ed1576804/datanode-1/data/ratis/cb720bfb-8925-44f2-af2e-84081c198ba3 does not exist. Creating ...
2019-09-24 19:06:10,663 [Thread-2638] INFO  impl.FollowerState (FollowerState.java:run(106)) - a0991bb0-d059-4b75-b34b-f0d320bfe012:group-9B209ADA5585 changes to CANDIDATE, lastRpcTime:1015, electionTimeout:1014ms
2019-09-24 19:06:10,663 [Thread-2638] INFO  impl.RoleInfo (RoleInfo.java:shutdownFollowerState(121)) - a0991bb0-d059-4b75-b34b-f0d320bfe012: shutdown FollowerState
2019-09-24 19:06:10,663 [Thread-2638] INFO  impl.RaftServerImpl (RaftServerImpl.java:setRole(174)) - a0991bb0-d059-4b75-b34b-f0d320bfe012@group-9B209ADA5585: changes role from  FOLLOWER to CANDIDATE at term 2 for changeToCandidate
2019-09-24 19:06:10,663 [Thread-2638] INFO  impl.RoleInfo (RoleInfo.java:updateAndGet(143)) - a0991bb0-d059-4b75-b34b-f0d320bfe012: start LeaderElection
2019-09-24 19:06:10,707 [Thread-2640] INFO  impl.FollowerState (FollowerState.java:run(106)) - b50c6779-182a-4abf-ac90-b7c5982ab67f:group-9B209ADA5585 changes to CANDIDATE, lastRpcTime:1056, electionTimeout:1056ms
2019-09-24 19:06:10,708 [Thread-2640] INFO  impl.RoleInfo (RoleInfo.java:shutdownFollowerState(121)) - b50c6779-182a-4abf-ac90-b7c5982ab67f: shutdown FollowerState
2019-09-24 19:06:10,708 [Thread-2640] INFO  impl.RaftServerImpl (RaftServerImpl.java:setRole(174)) - b50c6779-182a-4abf-ac90-b7c5982ab67f@group-9B209ADA5585: changes role from  FOLLOWER to CANDIDATE at term 0 for changeToCandidate
2019-09-24 19:06:10,708 [Thread-2640] INFO  impl.RoleInfo (RoleInfo.java:updateAndGet(143)) - b50c6779-182a-4abf-ac90-b7c5982ab67f: start LeaderElection
2019-09-24 19:06:10,790 [Thread-2639] INFO  impl.FollowerState (FollowerState.java:run(106)) - 74a8c3a1-4d80-4c26-806c-1183f0126592:group-9B209ADA5585 changes to CANDIDATE, lastRpcTime:1143, electionTimeout:1142ms
2019-09-24 19:06:10,790 [Thread-2639] INFO  impl.RoleInfo (RoleInfo.java:shutdownFollowerState(121)) - 74a8c3a1-4d80-4c26-806c-1183f0126592: shutdown FollowerState
2019-09-24 19:06:10,791 [Thread-2639] INFO  impl.RaftServerImpl (RaftServerImpl.java:setRole(174)) - 74a8c3a1-4d80-4c26-806c-1183f0126592@group-9B209ADA5585: changes role from  FOLLOWER to CANDIDATE at term 2 for changeToCandidate
2019-09-24 19:06:10,791 [Thread-2639] INFO  impl.RoleInfo (RoleInfo.java:updateAndGet(143)) - 74a8c3a1-4d80-4c26-806c-1183f0126592: start LeaderElection
2019-09-24 19:06:11,785 [main] INFO  ozoneimpl.OzoneContainer (OzoneContainer.java:stop(231)) - Attempting to stop container services.
2019-09-24 19:06:11,786 [ForkJoinPool.commonPool-worker-1] INFO  ozoneimpl.OzoneContainer (OzoneContainer.java:stop(231)) - Attempting to stop container services.
2019-09-24 19:06:11,786 [main] INFO  impl.RaftServerProxy (RaftServerProxy.java:lambda$close$4(314)) - cdfee9e8-5b20-415d-9bb5-0344545c80d2: close
2019-09-24 19:06:11,787 [ForkJoinPool.commonPool-worker-1] INFO  impl.RaftServerProxy (RaftServerProxy.java:lambda$close$4(314)) - d0ff2f9c-75fb-4559-babd-7e65d084c18c: close
2019-09-24 19:06:11,787 [main] INFO  server.GrpcService (GrpcService.java:closeImpl(164)) - cdfee9e8-5b20-415d-9bb5-0344545c80d2: shutdown server with port 42374 now
2019-09-24 19:06:11,787 [ForkJoinPool.commonPool-worker-1] INFO  impl.RaftServerImpl (RaftServerImpl.java:lambda$shutdown$3(251)) - d0ff2f9c-75fb-4559-babd-7e65d084c18c@group-7471AC5B8436: shutdown
2019-09-24 19:06:11,788 [ForkJoinPool.commonPool-worker-1] INFO  util.JmxRegister (JmxRegister.java:unregister(73)) - Successfully un-registered JMX Bean with object name Ratis:service=RaftServer,group=group-7471AC5B8436,id=d0ff2f9c-75fb-4559-babd-7e65d084c18c
2019-09-24 19:06:11,788 [main] INFO  server.GrpcService (GrpcService.java:closeImpl(172)) - cdfee9e8-5b20-415d-9bb5-0344545c80d2: shutdown server with port 42374 successfully
2019-09-24 19:06:11,788 [ForkJoinPool.commonPool-worker-1] INFO  impl.RoleInfo (RoleInfo.java:shutdownLeaderState(104)) - d0ff2f9c-75fb-4559-babd-7e65d084c18c: shutdown LeaderState
2019-09-24 19:06:11,789 [ForkJoinPool.commonPool-worker-1] INFO  impl.PendingRequests (PendingRequests.java:sendNotLeaderResponses(202)) - d0ff2f9c-75fb-4559-babd-7e65d084c18c-PendingRequests: sendNotLeaderResponses
2019-09-24 19:06:11,790 [ForkJoinPool.commonPool-worker-1] INFO  impl.StateMachineUpdater (StateMachineUpdater.java:stopAndJoin(125)) - d0ff2f9c-75fb-4559-babd-7e65d084c18c@group-7471AC5B8436-StateMachineUpdater: set stopIndex = -1
2019-09-24 19:06:11,790 [ForkJoinPool.commonPool-worker-1] INFO  impl.RaftServerImpl (ServerState.java:close(385)) - d0ff2f9c-75fb-4559-babd-7e65d084c18c@group-7471AC5B8436: closes. applyIndex: -1
2019-09-24 19:06:11,799 [refreshUsed-/workdir/hadoop-ozone/integration-test/target/test-dir/MiniOzoneClusterImpl-136902ad-9ad3-4579-ab1e-826ed1576804/datanode-5/data/containers] WARN  fs.CachingGetSpaceUsed (CachingGetSpaceUsed.java:run(183)) - Thread Interrupted waiting to refresh disk information: sleep interrupted
2019-09-24 19:06:11,818 [main] INFO  utils.BackgroundService (BackgroundService.java:shutdown(148)) - Shutting down service BlockDeletingService
2019-09-24 19:06:11,828 [main] INFO  statemachine.DatanodeStateMachine (DatanodeStateMachine.java:stopDaemon(395)) - Ozone container server stopped.
2019-09-24 19:06:11,830 [main] INFO  handler.ContextHandler (ContextHandler.java:doStop(910)) - Stopped o.e.j.w.WebAppContext@55c57422{/,null,UNAVAILABLE}{/hddsDatanode}
2019-09-24 19:06:11,831 [main] INFO  server.AbstractConnector (AbstractConnector.java:doStop(318)) - Stopped ServerConnector@22825e1e{HTTP/1.1,[http/1.1]}{0.0.0.0:0}
2019-09-24 19:06:11,831 [main] INFO  handler.ContextHandler (ContextHandler.java:doStop(910)) - Stopped o.e.j.s.ServletContextHandler@4877919f{/static,jar:file:/home/user/.m2/repository/org/apache/hadoop/hadoop-hdds-container-service/0.5.0-SNAPSHOT/hadoop-hdds-container-service-0.5.0-SNAPSHOT.jar!/webapps/static,UNAVAILABLE}
2019-09-24 19:06:11,832 [main] INFO  handler.ContextHandler (ContextHandler.java:doStop(910)) - Stopped o.e.j.s.ServletContextHandler@4e0cc334{/logs,file:///workdir/hadoop-ozone/integration-test/target/log,UNAVAILABLE}
2019-09-24 19:06:11,864 [Datanode State Machine Thread - 0] INFO  statemachine.DatanodeStateMachine (DatanodeStateMachine.java:lambda$startDaemon$0(350)) - Ozone container server started.
2019-09-24 19:06:14,930 [pool-330-thread-1] INFO  storage.RaftStorageDirectory (RaftStorageDirectory.java:tryLock(328)) - Lock on /workdir/hadoop-ozone/integration-test/target/test-dir/MiniOzoneClusterImpl-136902ad-9ad3-4579-ab1e-826ed1576804/datanode-6/data/ratis/33c15cfd-b730-44fa-8b03-192aeba694d5/in_use.lock acquired by nodename 10455@pr-hdds-2149-fgl4f-1742389470
2019-09-24 19:06:14,930 [74a8c3a1-4d80-4c26-806c-1183f0126592@group-9B209ADA5585:LeaderElection164] INFO  impl.LeaderElection (LeaderElection.java:askForVotes(182)) - 74a8c3a1-4d80-4c26-806c-1183f0126592@group-9B209ADA5585:LeaderElection164: begin an election at term 3 for -1: [a0991bb0-d059-4b75-b34b-f0d320bfe012:192.168.5.148:46271, 74a8c3a1-4d80-4c26-806c-1183f0126592:192.168.5.148:44605, b50c6779-182a-4abf-ac90-b7c5982ab67f:192.168.5.148:46476], old=null
2019-09-24 19:06:14,930 [a0991bb0-d059-4b75-b34b-f0d320bfe012@group-9B209ADA5585:LeaderElection162] INFO  impl.LeaderElection (LeaderElection.java:askForVotes(182)) - a0991bb0-d059-4b75-b34b-f0d320bfe012@group-9B209ADA5585:LeaderElection162: begin an election at term 3 for -1: [a0991bb0-d059-4b75-b34b-f0d320bfe012:192.168.5.148:46271, 74a8c3a1-4d80-4c26-806c-1183f0126592:192.168.5.148:44605, b50c6779-182a-4abf-ac90-b7c5982ab67f:192.168.5.148:46476], old=null
2019-09-24 19:06:14,930 [b50c6779-182a-4abf-ac90-b7c5982ab67f@group-9B209ADA5585:LeaderElection163] INFO  impl.LeaderElection (LeaderElection.java:askForVotes(182)) - b50c6779-182a-4abf-ac90-b7c5982ab67f@group-9B209ADA5585:LeaderElection163: begin an election at term 1 for -1: [a0991bb0-d059-4b75-b34b-f0d320bfe012:192.168.5.148:46271, 74a8c3a1-4d80-4c26-806c-1183f0126592:192.168.5.148:44605, b50c6779-182a-4abf-ac90-b7c5982ab67f:192.168.5.148:46476], old=null
2019-09-24 19:06:14,930 [pool-340-thread-1] INFO  storage.RaftStorageDirectory (RaftStorageDirectory.java:tryLock(328)) - Lock on /workdir/hadoop-ozone/integration-test/target/test-dir/MiniOzoneClusterImpl-136902ad-9ad3-4579-ab1e-826ed1576804/datanode-7/data/ratis/cb720bfb-8925-44f2-af2e-84081c198ba3/in_use.lock acquired by nodename 10455@pr-hdds-2149-fgl4f-1742389470
2019-09-24 19:06:14,930 [pool-280-thread-1] INFO  storage.RaftStorageDirectory (RaftStorageDirectory.java:tryLock(328)) - Lock on /workdir/hadoop-ozone/integration-test/target/test-dir/MiniOzoneClusterImpl-136902ad-9ad3-4579-ab1e-826ed1576804/datanode-1/data/ratis/cb720bfb-8925-44f2-af2e-84081c198ba3/in_use.lock acquired by nodename 10455@pr-hdds-2149-fgl4f-1742389470
2019-09-24 19:06:14,949 [grpc-default-executor-10] INFO  impl.RaftServerImpl (RaftServerImpl.java:setRole(174)) - b50c6779-182a-4abf-ac90-b7c5982ab67f@group-9B209ADA5585: changes role from CANDIDATE to FOLLOWER at term 3 for recognizeCandidate:a0991bb0-d059-4b75-b34b-f0d320bfe012
2019-09-24 19:06:14,949 [grpc-default-executor-10] INFO  impl.RoleInfo (RoleInfo.java:shutdownLeaderElection(134)) - b50c6779-182a-4abf-ac90-b7c5982ab67f: shutdown LeaderElection
2019-09-24 19:06:14,950 [grpc-default-executor-10] INFO  impl.RoleInfo (RoleInfo.java:updateAndGet(143)) - b50c6779-182a-4abf-ac90-b7c5982ab67f: start FollowerState
2019-09-24 19:06:14,953 [b50c6779-182a-4abf-ac90-b7c5982ab67f@group-9B209ADA5585:LeaderElection163] INFO  impl.LeaderElection (LeaderElection.java:logAndReturn(56)) - b50c6779-182a-4abf-ac90-b7c5982ab67f@group-9B209ADA5585:LeaderElection163: Election DISCOVERED_A_NEW_TERM; received 1 response(s) [b50c6779-182a-4abf-ac90-b7c5982ab67f<-a0991bb0-d059-4b75-b34b-f0d320bfe012#0:FAIL-t3] and 0 exception(s); b50c6779-182a-4abf-ac90-b7c5982ab67f@group-9B209ADA5585:t3, leader=null, voted=null, raftlog=b50c6779-182a-4abf-ac90-b7c5982ab67f@group-9B209ADA5585-SegmentedRaftLog:OPENED:c-1,f-1,i0, conf=-1: [a0991bb0-d059-4b75-b34b-f0d320bfe012:192.168.5.148:46271, 74a8c3a1-4d80-4c26-806c-1183f0126592:192.168.5.148:44605, b50c6779-182a-4abf-ac90-b7c5982ab67f:192.168.5.148:46476], old=null
2019-09-24 19:06:14,958 [d0ff2f9c-75fb-4559-babd-7e65d084c18c@group-7471AC5B8436-SegmentedRaftLogWorker] INFO  segmented.SegmentedRaftLogWorker (SegmentedRaftLogWorker.java:run(320)) - d0ff2f9c-75fb-4559-babd-7e65d084c18c@group-7471AC5B8436-SegmentedRaftLogWorker got closed and hit exception
java.lang.NullPointerException
	at org.apache.hadoop.hdds.protocol.proto.StorageContainerDatanodeProtocolProtos$ClosePipelineInfo$Builder.setDetailedReason(StorageContainerDatanodeProtocolProtos.java:19487)
	at org.apache.hadoop.ozone.container.common.transport.server.ratis.XceiverServerRatis.triggerPipelineClose(XceiverServerRatis.java:564)
	at org.apache.hadoop.ozone.container.common.transport.server.ratis.XceiverServerRatis.handleNodeLogFailure(XceiverServerRatis.java:663)
	at org.apache.hadoop.ozone.container.common.transport.server.ratis.ContainerStateMachine.notifyLogFailed(ContainerStateMachine.java:812)
	at org.apache.ratis.server.raftlog.segmented.SegmentedRaftLogWorker$WriteLog.failed(SegmentedRaftLogWorker.java:455)
	at org.apache.ratis.server.raftlog.segmented.SegmentedRaftLogWorker.run(SegmentedRaftLogWorker.java:297)
	at java.lang.Thread.run(Thread.java:748)
2019-09-24 19:06:14,958 [ForkJoinPool.commonPool-worker-1] INFO  segmented.SegmentedRaftLogWorker (SegmentedRaftLogWorker.java:close(228)) - d0ff2f9c-75fb-4559-babd-7e65d084c18c@group-7471AC5B8436-SegmentedRaftLogWorker close()
2019-09-24 19:06:14,968 [ForkJoinPool.commonPool-worker-1] INFO  server.GrpcService (GrpcService.java:closeImpl(164)) - d0ff2f9c-75fb-4559-babd-7e65d084c18c: shutdown server with port 38717 now
2019-09-24 19:06:14,974 [ForkJoinPool.commonPool-worker-1] INFO  server.GrpcService (GrpcService.java:closeImpl(172)) - d0ff2f9c-75fb-4559-babd-7e65d084c18c: shutdown server with port 38717 successfully
2019-09-24 19:06:14,976 [refreshUsed-/workdir/hadoop-ozone/integration-test/target/test-dir/MiniOzoneClusterImpl-136902ad-9ad3-4579-ab1e-826ed1576804/datanode-2/data/containers] WARN  fs.CachingGetSpaceUsed (CachingGetSpaceUsed.java:run(183)) - Thread Interrupted waiting to refresh disk information: sleep interrupted
2019-09-24 19:06:14,989 [ForkJoinPool.commonPool-worker-1] INFO  utils.BackgroundService (BackgroundService.java:shutdown(148)) - Shutting down service BlockDeletingService
2019-09-24 19:06:14,995 [ForkJoinPool.commonPool-worker-1] INFO  statemachine.DatanodeStateMachine (DatanodeStateMachine.java:stopDaemon(395)) - Ozone container server stopped.
2019-09-24 19:06:15,001 [ForkJoinPool.commonPool-worker-1] INFO  handler.ContextHandler (ContextHandler.java:doStop(910)) - Stopped o.e.j.w.WebAppContext@62aeddc8{/,null,UNAVAILABLE}{/hddsDatanode}
2019-09-24 19:06:15,001 [ForkJoinPool.commonPool-worker-1] INFO  server.AbstractConnector (AbstractConnector.java:doStop(318)) - Stopped ServerConnector@11787b64{HTTP/1.1,[http/1.1]}{0.0.0.0:0}
2019-09-24 19:06:15,003 [ForkJoinPool.commonPool-worker-1] INFO  handler.ContextHandler (ContextHandler.java:doStop(910)) - Stopped o.e.j.s.ServletContextHandler@315c081{/static,jar:file:/home/user/.m2/repository/org/apache/hadoop/hadoop-hdds-container-service/0.5.0-SNAPSHOT/hadoop-hdds-container-service-0.5.0-SNAPSHOT.jar!/webapps/static,UNAVAILABLE}
2019-09-24 19:06:15,004 [ForkJoinPool.commonPool-worker-1] INFO  handler.ContextHandler (ContextHandler.java:doStop(910)) - Stopped o.e.j.s.ServletContextHandler@6909f6be{/logs,file:///workdir/hadoop-ozone/integration-test/target/log,UNAVAILABLE}
2019-09-24 19:06:15,295 [pool-330-thread-1] INFO  storage.RaftStorage (RaftStorage.java:format(72)) - Storage directory /workdir/hadoop-ozone/integration-test/target/test-dir/MiniOzoneClusterImpl-136902ad-9ad3-4579-ab1e-826ed1576804/datanode-6/data/ratis/33c15cfd-b730-44fa-8b03-192aeba694d5 has been successfully formatted.
2019-09-24 19:06:15,295 [pool-340-thread-1] INFO  storage.RaftStorage (RaftStorage.java:format(72)) - Storage directory /workdir/hadoop-ozone/integration-test/target/test-dir/MiniOzoneClusterImpl-136902ad-9ad3-4579-ab1e-826ed1576804/datanode-7/data/ratis/cb720bfb-8925-44f2-af2e-84081c198ba3 has been successfully formatted.
2019-09-24 19:06:15,295 [pool-280-thread-1] INFO  storage.RaftStorage (RaftStorage.java:format(72)) - Storage directory /workdir/hadoop-ozone/integration-test/target/test-dir/MiniOzoneClusterImpl-136902ad-9ad3-4579-ab1e-826ed1576804/datanode-1/data/ratis/cb720bfb-8925-44f2-af2e-84081c198ba3 has been successfully formatted.
2019-09-24 19:06:15,295 [pool-330-thread-1] INFO  ratis.ContainerStateMachine (ContainerStateMachine.java:loadSnapshot(230)) - group-192AEBA694D5: The snapshot info is null. Setting the last applied indexto:(t:0, i:~)
2019-09-24 19:06:15,295 [pool-280-thread-1] INFO  ratis.ContainerStateMachine (ContainerStateMachine.java:loadSnapshot(230)) - group-84081C198BA3: The snapshot info is null. Setting the last applied indexto:(t:0, i:~)
2019-09-24 19:06:15,295 [grpc-default-executor-12] INFO  impl.RaftServerImpl (RaftServerImpl.java:setRole(174)) - b50c6779-182a-4abf-ac90-b7c5982ab67f@group-9B209ADA5585: changes role from  FOLLOWER to FOLLOWER at term 3 for recognizeCandidate:74a8c3a1-4d80-4c26-806c-1183f0126592
2019-09-24 19:06:15,296 [pool-280-thread-1] INFO  server.RaftServerConfigKeys (ConfUtils.java:logGet(43)) - raft.server.notification.no-leader.timeout = 120s (custom)
2019-09-24 19:06:15,296 [grpc-default-executor-12] INFO  impl.RoleInfo (RoleInfo.java:shutdownFollowerState(121)) - b50c6779-182a-4abf-ac90-b7c5982ab67f: shutdown FollowerState
2019-09-24 19:06:15,296 [pool-330-thread-1] INFO  server.RaftServerConfigKeys (ConfUtils.java:logGet(43)) - raft.server.notification.no-leader.timeout = 120s (custom)
2019-09-24 19:06:15,296 [Thread-2653] INFO  impl.FollowerState (FollowerState.java:run(115)) - b50c6779-182a-4abf-ac90-b7c5982ab67f: FollowerState was interrupted: java.lang.InterruptedException: sleep interrupted
2019-09-24 19:06:15,295 [pool-340-thread-1] INFO  ratis.ContainerStateMachine (ContainerStateMachine.java:loadSnapshot(230)) - group-84081C198BA3: The snapshot info is null. Setting the last applied indexto:(t:0, i:~)
2019-09-24 19:06:15,296 [pool-330-thread-1] INFO  server.RaftServerConfigKeys (ConfUtils.java:logGet(43)) - raft.server.log.use.memory = false (default)
2019-09-24 19:06:15,296 [a0991bb0-d059-4b75-b34b-f0d320bfe012@group-9B209ADA5585:LeaderElection162] INFO  impl.LeaderElection (LeaderElection.java:logAndReturn(56)) - a0991bb0-d059-4b75-b34b-f0d320bfe012@group-9B209ADA5585:LeaderElection162: Election REJECTED; received 2 response(s) [a0991bb0-d059-4b75-b34b-f0d320bfe012<-74a8c3a1-4d80-4c26-806c-1183f0126592#0:FAIL-t3, a0991bb0-d059-4b75-b34b-f0d320bfe012<-b50c6779-182a-4abf-ac90-b7c5982ab67f#0:FAIL-t3] and 0 exception(s); a0991bb0-d059-4b75-b34b-f0d320bfe012@group-9B209ADA5585:t3, leader=null, voted=a0991bb0-d059-4b75-b34b-f0d320bfe012, raftlog=a0991bb0-d059-4b75-b34b-f0d320bfe012@group-9B209ADA5585-SegmentedRaftLog:OPENED:c-1,f-1,i0, conf=-1: [a0991bb0-d059-4b75-b34b-f0d320bfe012:192.168.5.148:46271, 74a8c3a1-4d80-4c26-806c-1183f0126592:192.168.5.148:44605, b50c6779-182a-4abf-ac90-b7c5982ab67f:192.168.5.148:46476], old=null
2019-09-24 19:06:15,296 [grpc-default-executor-12] INFO  impl.RoleInfo (RoleInfo.java:updateAndGet(143)) - b50c6779-182a-4abf-ac90-b7c5982ab67f: start FollowerState
2019-09-24 19:06:15,296 [pool-280-thread-1] INFO  server.RaftServerConfigKeys (ConfUtils.java:logGet(43)) - raft.server.log.use.memory = false (default)
2019-09-24 19:06:15,297 [a0991bb0-d059-4b75-b34b-f0d320bfe012@group-9B209ADA5585:LeaderElection162] INFO  impl.RaftServerImpl (RaftServerImpl.java:setRole(174)) - a0991bb0-d059-4b75-b34b-f0d320bfe012@group-9B209ADA5585: changes role from CANDIDATE to FOLLOWER at term 3 for DISCOVERED_A_NEW_TERM
2019-09-24 19:06:15,297 [pool-330-thread-1] INFO  server.RaftServerConfigKeys (ConfUtils.java:logGet(43)) - raft.server.log.purge.gap = 1000000 (custom)
2019-09-24 19:06:15,297 [pool-340-thread-1] INFO  server.RaftServerConfigKeys (ConfUtils.java:logGet(43)) - raft.server.notification.no-leader.timeout = 120s (custom)
2019-09-24 19:06:15,298 [pool-330-thread-1] INFO  server.RaftServerConfigKeys (ConfUtils.java:logGet(43)) - raft.server.log.appender.buffer.byte-limit = 33554432 (custom)
2019-09-24 19:06:15,298 [a0991bb0-d059-4b75-b34b-f0d320bfe012@group-9B209ADA5585:LeaderElection162] INFO  impl.RoleInfo (RoleInfo.java:shutdownLeaderElection(134)) - a0991bb0-d059-4b75-b34b-f0d320bfe012: shutdown LeaderElection
2019-09-24 19:06:15,297 [pool-280-thread-1] INFO  server.RaftServerConfigKeys (ConfUtils.java:logGet(43)) - raft.server.log.purge.gap = 1000000 (custom)
2019-09-24 19:06:15,298 [a0991bb0-d059-4b75-b34b-f0d320bfe012@group-9B209ADA5585:LeaderElection162] INFO  impl.RoleInfo (RoleInfo.java:updateAndGet(143)) - a0991bb0-d059-4b75-b34b-f0d320bfe012: start FollowerState
2019-09-24 19:06:15,298 [pool-330-thread-1] INFO  server.RaftServerConfigKeys (ConfUtils.java:logGet(43)) - raft.server.log.segment.size.max = 1048576 (custom)
2019-09-24 19:06:15,298 [pool-340-thread-1] INFO  server.RaftServerConfigKeys (ConfUtils.java:logGet(43)) - raft.server.log.use.memory = false (default)
2019-09-24 19:06:15,299 [pool-330-thread-1] INFO  server.RaftServerConfigKeys (ConfUtils.java:logGet(43)) - raft.server.log.segment.cache.num.max = 2 (custom)
2019-09-24 19:06:15,299 [pool-330-thread-1] INFO  segmented.SegmentedRaftLogWorker (SegmentedRaftLogWorker.java:<init>(172)) - new b50c6779-182a-4abf-ac90-b7c5982ab67f@group-192AEBA694D5-SegmentedRaftLogWorker for RaftStorage:Storage Directory /workdir/hadoop-ozone/integration-test/target/test-dir/MiniOzoneClusterImpl-136902ad-9ad3-4579-ab1e-826ed1576804/datanode-6/data/ratis/33c15cfd-b730-44fa-8b03-192aeba694d5
2019-09-24 19:06:15,299 [pool-280-thread-1] INFO  server.RaftServerConfigKeys (ConfUtils.java:logGet(43)) - raft.server.log.appender.buffer.byte-limit = 33554432 (custom)
2019-09-24 19:06:15,299 [pool-330-thread-1] INFO  server.RaftServerConfigKeys (ConfUtils.java:logGet(43)) - raft.server.log.queue.byte-limit = 2147483647 (custom)
2019-09-24 19:06:15,299 [pool-340-thread-1] INFO  server.RaftServerConfigKeys (ConfUtils.java:logGet(43)) - raft.server.log.purge.gap = 1000000 (custom)
2019-09-24 19:06:15,300 [pool-330-thread-1] INFO  server.RaftServerConfigKeys (ConfUtils.java:logGet(43)) - raft.server.log.queue.element-limit = 1024 (custom)
2019-09-24 19:06:15,300 [pool-280-thread-1] INFO  server.RaftServerConfigKeys (ConfUtils.java:logGet(43)) - raft.server.log.segment.size.max = 1048576 (custom)
2019-09-24 19:06:15,300 [pool-330-thread-1] INFO  server.RaftServerConfigKeys (ConfUtils.java:logGet(43)) - raft.server.log.segment.size.max = 1048576 (custom)
2019-09-24 19:06:15,300 [pool-340-thread-1] INFO  server.RaftServerConfigKeys (ConfUtils.java:logGet(43)) - raft.server.log.appender.buffer.byte-limit = 33554432 (custom)
2019-09-24 19:06:15,300 [pool-330-thread-1] INFO  server.RaftServerConfigKeys (ConfUtils.java:logGet(43)) - raft.server.log.preallocated.size = 16384 (custom)
2019-09-24 19:06:15,300 [pool-280-thread-1] INFO  server.RaftServerConfigKeys (ConfUtils.java:logGet(43)) - raft.server.log.segment.cache.num.max = 2 (custom)
2019-09-24 19:06:15,301 [pool-330-thread-1] INFO  server.RaftServerConfigKeys (ConfUtils.java:logGet(43)) - raft.server.log.write.buffer.size = 33554432 (custom)
2019-09-24 19:06:15,301 [pool-340-thread-1] INFO  server.RaftServerConfigKeys (ConfUtils.java:logGet(43)) - raft.server.log.segment.size.max = 1048576 (custom)
2019-09-24 19:06:15,301 [pool-330-thread-1] INFO  server.RaftServerConfigKeys (ConfUtils.java:logGet(43)) - raft.server.log.force.sync.num = 128 (default)
2019-09-24 19:06:15,301 [pool-280-thread-1] INFO  segmented.SegmentedRaftLogWorker (SegmentedRaftLogWorker.java:<init>(172)) - new a0991bb0-d059-4b75-b34b-f0d320bfe012@group-84081C198BA3-SegmentedRaftLogWorker for RaftStorage:Storage Directory /workdir/hadoop-ozone/integration-test/target/test-dir/MiniOzoneClusterImpl-136902ad-9ad3-4579-ab1e-826ed1576804/datanode-1/data/ratis/cb720bfb-8925-44f2-af2e-84081c198ba3
2019-09-24 19:06:15,301 [pool-330-thread-1] INFO  server.RaftServerConfigKeys (ConfUtils.java:logGet(43)) - raft.server.log.statemachine.data.sync = true (default)
2019-09-24 19:06:15,301 [pool-340-thread-1] INFO  server.RaftServerConfigKeys (ConfUtils.java:logGet(43)) - raft.server.log.segment.cache.num.max = 2 (custom)
2019-09-24 19:06:15,302 [pool-330-thread-1] INFO  server.RaftServerConfigKeys (ConfUtils.java:logGet(43)) - raft.server.log.statemachine.data.sync.timeout = 10s (default)
2019-09-24 19:06:15,302 [pool-330-thread-1] INFO  server.RaftServerConfigKeys (ConfUtils.java:logGet(43)) - raft.server.log.statemachine.data.sync.timeout.retry = -1 (default)
2019-09-24 19:06:15,302 [pool-280-thread-1] INFO  server.RaftServerConfigKeys (ConfUtils.java:logGet(43)) - raft.server.log.queue.byte-limit = 2147483647 (custom)
2019-09-24 19:06:15,302 [pool-330-thread-1] INFO  server.RaftServerConfigKeys (ConfUtils.java:logGet(43)) - raft.server.log.statemachine.data.caching.enabled = true (custom)
2019-09-24 19:06:15,302 [pool-340-thread-1] INFO  segmented.SegmentedRaftLogWorker (SegmentedRaftLogWorker.java:<init>(172)) - new 74a8c3a1-4d80-4c26-806c-1183f0126592@group-84081C198BA3-SegmentedRaftLogWorker for RaftStorage:Storage Directory /workdir/hadoop-ozone/integration-test/target/test-dir/MiniOzoneClusterImpl-136902ad-9ad3-4579-ab1e-826ed1576804/datanode-7/data/ratis/cb720bfb-8925-44f2-af2e-84081c198ba3
2019-09-24 19:06:15,303 [pool-330-thread-1] INFO  segmented.SegmentedRaftLogWorker (SegmentedRaftLogWorker.java:lambda$new$0(132)) - b50c6779-182a-4abf-ac90-b7c5982ab67f@group-192AEBA694D5-SegmentedRaftLogWorker: flushIndex: setUnconditionally 0 -> -1
2019-09-24 19:06:15,302 [pool-280-thread-1] INFO  server.RaftServerConfigKeys (ConfUtils.java:logGet(43)) - raft.server.log.queue.element-limit = 1024 (custom)
2019-09-24 19:06:15,303 [pool-340-thread-1] INFO  server.RaftServerConfigKeys (ConfUtils.java:logGet(43)) - raft.server.log.queue.byte-limit = 2147483647 (custom)
2019-09-24 19:06:15,303 [pool-280-thread-1] INFO  server.RaftServerConfigKeys (ConfUtils.java:logGet(43)) - raft.server.log.segment.size.max = 1048576 (custom)
2019-09-24 19:06:15,303 [pool-330-thread-1] INFO  server.RaftServerConfigKeys (ConfUtils.java:logGet(43)) - raft.server.snapshot.auto.trigger.enabled = true (custom)
2019-09-24 19:06:15,303 [pool-280-thread-1] INFO  server.RaftServerConfigKeys (ConfUtils.java:logGet(43)) - raft.server.log.preallocated.size = 16384 (custom)
2019-09-24 19:06:15,303 [pool-340-thread-1] INFO  server.RaftServerConfigKeys (ConfUtils.java:logGet(43)) - raft.server.log.queue.element-limit = 1024 (custom)
2019-09-24 19:06:15,304 [pool-280-thread-1] INFO  server.RaftServerConfigKeys (ConfUtils.java:logGet(43)) - raft.server.log.write.buffer.size = 33554432 (custom)
2019-09-24 19:06:15,304 [pool-330-thread-1] INFO  server.RaftServerConfigKeys (ConfUtils.java:logGet(43)) - raft.server.snapshot.auto.trigger.threshold = 10000 (custom)
2019-09-24 19:06:15,304 [pool-280-thread-1] INFO  server.RaftServerConfigKeys (ConfUtils.java:logGet(43)) - raft.server.log.force.sync.num = 128 (default)
2019-09-24 19:06:15,304 [pool-340-thread-1] INFO  server.RaftServerConfigKeys (ConfUtils.java:logGet(43)) - raft.server.log.segment.size.max = 1048576 (custom)
2019-09-24 19:06:15,304 [pool-280-thread-1] INFO  server.RaftServerConfigKeys (ConfUtils.java:logGet(43)) - raft.server.log.statemachine.data.sync = true (default)
2019-09-24 19:06:15,304 [pool-330-thread-1] INFO  server.RaftServerConfigKeys (ConfUtils.java:logGet(43)) - raft.server.snapshot.retention.num.files = 5 (custom)
2019-09-24 19:06:15,305 [pool-280-thread-1] INFO  server.RaftServerConfigKeys (ConfUtils.java:logGet(43)) - raft.server.log.statemachine.data.sync.timeout = 10s (default)
2019-09-24 19:06:15,305 [pool-340-thread-1] INFO  server.RaftServerConfigKeys (ConfUtils.java:logGet(43)) - raft.server.log.preallocated.size = 16384 (custom)
2019-09-24 19:06:15,305 [pool-280-thread-1] INFO  server.RaftServerConfigKeys (ConfUtils.java:logGet(43)) - raft.server.log.statemachine.data.sync.timeout.retry = -1 (default)
2019-09-24 19:06:15,305 [pool-330-thread-1] INFO  server.RaftServerConfigKeys (ConfUtils.java:logGet(43)) - raft.server.retrycache.expirytime = 600000ms (custom)
2019-09-24 19:06:15,305 [pool-280-thread-1] INFO  server.RaftServerConfigKeys (ConfUtils.java:logGet(43)) - raft.server.log.statemachine.data.caching.enabled = true (custom)
2019-09-24 19:06:15,305 [pool-340-thread-1] INFO  server.RaftServerConfigKeys (ConfUtils.java:logGet(43)) - raft.server.log.write.buffer.size = 33554432 (custom)
2019-09-24 19:06:15,306 [pool-280-thread-1] INFO  segmented.SegmentedRaftLogWorker (SegmentedRaftLogWorker.java:lambda$new$0(132)) - a0991bb0-d059-4b75-b34b-f0d320bfe012@group-84081C198BA3-SegmentedRaftLogWorker: flushIndex: setUnconditionally 0 -> -1
2019-09-24 19:06:15,306 [pool-340-thread-1] INFO  server.RaftServerConfigKeys (ConfUtils.java:logGet(43)) - raft.server.log.force.sync.num = 128 (default)
2019-09-24 19:06:15,306 [pool-340-thread-1] INFO  server.RaftServerConfigKeys (ConfUtils.java:logGet(43)) - raft.server.log.statemachine.data.sync = true (default)
2019-09-24 19:06:15,306 [pool-280-thread-1] INFO  server.RaftServerConfigKeys (ConfUtils.java:logGet(43)) - raft.server.snapshot.auto.trigger.enabled = true (custom)
2019-09-24 19:06:15,306 [pool-340-thread-1] INFO  server.RaftServerConfigKeys (ConfUtils.java:logGet(43)) - raft.server.log.statemachine.data.sync.timeout = 10s (default)
2019-09-24 19:06:15,306 [pool-280-thread-1] INFO  server.RaftServerConfigKeys (ConfUtils.java:logGet(43)) - raft.server.snapshot.auto.trigger.threshold = 10000 (custom)
2019-09-24 19:06:15,307 [pool-340-thread-1] INFO  server.RaftServerConfigKeys (ConfUtils.java:logGet(43)) - raft.server.log.statemachine.data.sync.timeout.retry = -1 (default)
2019-09-24 19:06:15,307 [pool-280-thread-1] INFO  server.RaftServerConfigKeys (ConfUtils.java:logGet(43)) - raft.server.snapshot.retention.num.files = 5 (custom)
2019-09-24 19:06:15,307 [pool-340-thread-1] INFO  server.RaftServerConfigKeys (ConfUtils.java:logGet(43)) - raft.server.log.statemachine.data.caching.enabled = true (custom)
2019-09-24 19:06:15,307 [pool-280-thread-1] INFO  server.RaftServerConfigKeys (ConfUtils.java:logGet(43)) - raft.server.retrycache.expirytime = 600000ms (custom)
2019-09-24 19:06:15,308 [pool-340-thread-1] INFO  segmented.SegmentedRaftLogWorker (SegmentedRaftLogWorker.java:lambda$new$0(132)) - 74a8c3a1-4d80-4c26-806c-1183f0126592@group-84081C198BA3-SegmentedRaftLogWorker: flushIndex: setUnconditionally 0 -> -1
2019-09-24 19:06:15,308 [pool-340-thread-1] INFO  server.RaftServerConfigKeys (ConfUtils.java:logGet(43)) - raft.server.snapshot.auto.trigger.enabled = true (custom)
2019-09-24 19:06:15,308 [pool-340-thread-1] INFO  server.RaftServerConfigKeys (ConfUtils.java:logGet(43)) - raft.server.snapshot.auto.trigger.threshold = 10000 (custom)
2019-09-24 19:06:15,309 [pool-340-thread-1] INFO  server.RaftServerConfigKeys (ConfUtils.java:logGet(43)) - raft.server.snapshot.retention.num.files = 5 (custom)
2019-09-24 19:06:15,309 [pool-340-thread-1] INFO  server.RaftServerConfigKeys (ConfUtils.java:logGet(43)) - raft.server.retrycache.expirytime = 600000ms (custom)
2019-09-24 19:06:15,310 [pool-280-thread-1] INFO  impl.RaftServerImpl (RaftServerImpl.java:start(185)) - a0991bb0-d059-4b75-b34b-f0d320bfe012@group-192AEBA694D5: start as a follower, conf=-1: [a0991bb0-d059-4b75-b34b-f0d320bfe012:192.168.5.148:46271, 74a8c3a1-4d80-4c26-806c-1183f0126592:192.168.5.148:44605, b50c6779-182a-4abf-ac90-b7c5982ab67f:192.168.5.148:46476], old=null
2019-09-24 19:06:15,310 [pool-280-thread-1] INFO  impl.RaftServerImpl (RaftServerImpl.java:setRole(174)) - a0991bb0-d059-4b75-b34b-f0d320bfe012@group-192AEBA694D5: changes role from      null to FOLLOWER at term 0 for startAsFollower
2019-09-24 19:06:15,310 [pool-280-thread-1] INFO  impl.RoleInfo (RoleInfo.java:updateAndGet(143)) - a0991bb0-d059-4b75-b34b-f0d320bfe012: start FollowerState
2019-09-24 19:06:15,310 [pool-330-thread-1] INFO  impl.RaftServerImpl (RaftServerImpl.java:<init>(95)) - b50c6779-182a-4abf-ac90-b7c5982ab67f: new RaftServerImpl for group-84081C198BA3:[a0991bb0-d059-4b75-b34b-f0d320bfe012:192.168.5.148:46271, 74a8c3a1-4d80-4c26-806c-1183f0126592:192.168.5.148:44605, b50c6779-182a-4abf-ac90-b7c5982ab67f:192.168.5.148:46476] with ContainerStateMachine:uninitialized
2019-09-24 19:06:15,310 [pool-330-thread-1] INFO  server.RaftServerConfigKeys (ConfUtils.java:logGet(43)) - raft.server.rpc.timeout.min = 1s (custom)
2019-09-24 19:06:15,310 [pool-280-thread-1] INFO  util.JmxRegister (JmxRegister.java:tryRegister(44)) - Successfully registered JMX Bean with object name Ratis:service=RaftServer,group=group-192AEBA694D5,id=a0991bb0-d059-4b75-b34b-f0d320bfe012
2019-09-24 19:06:15,310 [pool-330-thread-1] INFO  server.RaftServerConfigKeys (ConfUtils.java:logGet(43)) - raft.server.rpc.timeout.max = 1200ms (custom)
2019-09-24 19:06:15,311 [pool-330-thread-1] INFO  server.RaftServerConfigKeys (ConfUtils.java:logGet(43)) - raft.server.rpcslowness.timeout = 120s (custom)
2019-09-24 19:06:15,311 [pool-330-thread-1] INFO  server.RaftServerConfigKeys (ConfUtils.java:logGet(43)) - raft.server.sleep.deviation.threshold = 300 (default)
2019-09-24 19:06:15,311 [pool-280-thread-1] INFO  impl.RaftServerImpl (RaftServerImpl.java:start(185)) - a0991bb0-d059-4b75-b34b-f0d320bfe012@group-84081C198BA3: start as a follower, conf=-1: [a0991bb0-d059-4b75-b34b-f0d320bfe012:192.168.5.148:46271, 74a8c3a1-4d80-4c26-806c-1183f0126592:192.168.5.148:44605, b50c6779-182a-4abf-ac90-b7c5982ab67f:192.168.5.148:46476], old=null
2019-09-24 19:06:15,311 [pool-330-thread-1] INFO  server.RaftServerConfigKeys (ConfUtils.java:logGet(43)) - raft.server.log.appender.install.snapshot.enabled = false (custom)
2019-09-24 19:06:15,311 [pool-280-thread-1] INFO  impl.RaftServerImpl (RaftServerImpl.java:setRole(174)) - a0991bb0-d059-4b75-b34b-f0d320bfe012@group-84081C198BA3: changes role from      null to FOLLOWER at term 0 for startAsFollower
2019-09-24 19:06:15,312 [pool-330-thread-1] INFO  impl.RaftServerImpl (ServerState.java:<init>(103)) - b50c6779-182a-4abf-ac90-b7c5982ab67f@group-84081C198BA3: ConfigurationManager, init=-1: [a0991bb0-d059-4b75-b34b-f0d320bfe012:192.168.5.148:46271, 74a8c3a1-4d80-4c26-806c-1183f0126592:192.168.5.148:44605, b50c6779-182a-4abf-ac90-b7c5982ab67f:192.168.5.148:46476], old=null, confs=<EMPTY_MAP>
2019-09-24 19:06:15,312 [pool-280-thread-1] INFO  impl.RoleInfo (RoleInfo.java:updateAndGet(143)) - a0991bb0-d059-4b75-b34b-f0d320bfe012: start FollowerState
2019-09-24 19:06:15,312 [pool-330-thread-1] INFO  server.RaftServerConfigKeys (ConfUtils.java:logGet(43)) - raft.server.storage.dir = [/workdir/hadoop-ozone/integration-test/target/test-dir/MiniOzoneClusterImpl-136902ad-9ad3-4579-ab1e-826ed1576804/datanode-6/data/ratis] (custom)
2019-09-24 19:06:15,312 [pool-340-thread-1] INFO  impl.RaftServerImpl (RaftServerImpl.java:start(185)) - 74a8c3a1-4d80-4c26-806c-1183f0126592@group-192AEBA694D5: start as a follower, conf=-1: [a0991bb0-d059-4b75-b34b-f0d320bfe012:192.168.5.148:46271, 74a8c3a1-4d80-4c26-806c-1183f0126592:192.168.5.148:44605, b50c6779-182a-4abf-ac90-b7c5982ab67f:192.168.5.148:46476], old=null
2019-09-24 19:06:15,312 [pool-280-thread-1] INFO  util.JmxRegister (JmxRegister.java:tryRegister(44)) - Successfully registered JMX Bean with object name Ratis:service=RaftServer,group=group-84081C198BA3,id=a0991bb0-d059-4b75-b34b-f0d320bfe012
2019-09-24 19:06:15,312 [pool-340-thread-1] INFO  impl.RaftServerImpl (RaftServerImpl.java:setRole(174)) - 74a8c3a1-4d80-4c26-806c-1183f0126592@group-192AEBA694D5: changes role from      null to FOLLOWER at term 0 for startAsFollower
2019-09-24 19:06:15,313 [pool-330-thread-1] INFO  storage.RaftStorageDirectory (RaftStorageDirectory.java:analyzeStorage(246)) - The storage directory /workdir/hadoop-ozone/integration-test/target/test-dir/MiniOzoneClusterImpl-136902ad-9ad3-4579-ab1e-826ed1576804/datanode-6/data/ratis/cb720bfb-8925-44f2-af2e-84081c198ba3 does not exist. Creating ...
2019-09-24 19:06:15,313 [pool-340-thread-1] INFO  impl.RoleInfo (RoleInfo.java:updateAndGet(143)) - 74a8c3a1-4d80-4c26-806c-1183f0126592: start FollowerState
2019-09-24 19:06:15,313 [pool-340-thread-1] INFO  util.JmxRegister (JmxRegister.java:tryRegister(44)) - Successfully registered JMX Bean with object name Ratis:service=RaftServer,group=group-192AEBA694D5,id=74a8c3a1-4d80-4c26-806c-1183f0126592
2019-09-24 19:06:15,314 [pool-340-thread-1] INFO  impl.RaftServerImpl (RaftServerImpl.java:start(185)) - 74a8c3a1-4d80-4c26-806c-1183f0126592@group-84081C198BA3: start as a follower, conf=-1: [a0991bb0-d059-4b75-b34b-f0d320bfe012:192.168.5.148:46271, 74a8c3a1-4d80-4c26-806c-1183f0126592:192.168.5.148:44605, b50c6779-182a-4abf-ac90-b7c5982ab67f:192.168.5.148:46476], old=null
2019-09-24 19:06:15,314 [pool-340-thread-1] INFO  impl.RaftServerImpl (RaftServerImpl.java:setRole(174)) - 74a8c3a1-4d80-4c26-806c-1183f0126592@group-84081C198BA3: changes role from      null to FOLLOWER at term 0 for startAsFollower
2019-09-24 19:06:15,314 [pool-340-thread-1] INFO  impl.RoleInfo (RoleInfo.java:updateAndGet(143)) - 74a8c3a1-4d80-4c26-806c-1183f0126592: start FollowerState
2019-09-24 19:06:15,315 [pool-340-thread-1] INFO  util.JmxRegister (JmxRegister.java:tryRegister(44)) - Successfully registered JMX Bean with object name Ratis:service=RaftServer,group=group-84081C198BA3,id=74a8c3a1-4d80-4c26-806c-1183f0126592
2019-09-24 19:06:15,688 [Datanode State Machine Thread - 0] INFO  statemachine.DatanodeStateMachine (DatanodeStateMachine.java:lambda$startDaemon$0(350)) - Ozone container server started.
2019-09-24 19:06:15,690 [pool-330-thread-1] INFO  storage.RaftStorageDirectory (RaftStorageDirectory.java:tryLock(328)) - Lock on /workdir/hadoop-ozone/integration-test/target/test-dir/MiniOzoneClusterImpl-136902ad-9ad3-4579-ab1e-826ed1576804/datanode-6/data/ratis/cb720bfb-8925-44f2-af2e-84081c198ba3/in_use.lock acquired by nodename 10455@pr-hdds-2149-fgl4f-1742389470
2019-09-24 19:06:15,692 [74a8c3a1-4d80-4c26-806c-1183f0126592@group-9B209ADA5585:LeaderElection164] INFO  impl.LeaderElection (LeaderElection.java:logAndReturn(56)) - 74a8c3a1-4d80-4c26-806c-1183f0126592@group-9B209ADA5585:LeaderElection164: Election PASSED; received 2 response(s) [74a8c3a1-4d80-4c26-806c-1183f0126592<-a0991bb0-d059-4b75-b34b-f0d320bfe012#0:FAIL-t3, 74a8c3a1-4d80-4c26-806c-1183f0126592<-b50c6779-182a-4abf-ac90-b7c5982ab67f#0:OK-t3] and 0 exception(s); 74a8c3a1-4d80-4c26-806c-1183f0126592@group-9B209ADA5585:t3, leader=null, voted=74a8c3a1-4d80-4c26-806c-1183f0126592, raftlog=74a8c3a1-4d80-4c26-806c-1183f0126592@group-9B209ADA5585-SegmentedRaftLog:OPENED:c-1,f-1,i0, conf=-1: [a0991bb0-d059-4b75-b34b-f0d320bfe012:192.168.5.148:46271, 74a8c3a1-4d80-4c26-806c-1183f0126592:192.168.5.148:44605, b50c6779-182a-4abf-ac90-b7c5982ab67f:192.168.5.148:46476], old=null
2019-09-24 19:06:15,692 [74a8c3a1-4d80-4c26-806c-1183f0126592@group-9B209ADA5585:LeaderElection164] INFO  impl.RoleInfo (RoleInfo.java:shutdownLeaderElection(134)) - 74a8c3a1-4d80-4c26-806c-1183f0126592: shutdown LeaderElection
2019-09-24 19:06:15,693 [74a8c3a1-4d80-4c26-806c-1183f0126592@group-9B209ADA5585:LeaderElection164] INFO  impl.RaftServerImpl (RaftServerImpl.java:setRole(174)) - 74a8c3a1-4d80-4c26-806c-1183f0126592@group-9B209ADA5585: changes role from CANDIDATE to LEADER at term 3 for changeToLeader
2019-09-24 19:06:15,693 [74a8c3a1-4d80-4c26-806c-1183f0126592@group-9B209ADA5585:LeaderElection164] INFO  impl.RaftServerImpl (ServerState.java:setLeader(253)) - 74a8c3a1-4d80-4c26-806c-1183f0126592@group-9B209ADA5585: change Leader from null to 74a8c3a1-4d80-4c26-806c-1183f0126592 at term 3 for becomeLeader, leader elected after 16395ms
2019-09-24 19:06:15,693 [74a8c3a1-4d80-4c26-806c-1183f0126592@group-9B209ADA5585:LeaderElection164] INFO  server.RaftServerConfigKeys (ConfUtils.java:logGet(43)) - raft.server.staging.catchup.gap = 1000 (default)
2019-09-24 19:06:15,693 [74a8c3a1-4d80-4c26-806c-1183f0126592@group-9B209ADA5585:LeaderElection164] INFO  server.RaftServerConfigKeys (ConfUtils.java:logGet(43)) - raft.server.rpc.sleep.time = 25ms (default)
2019-09-24 19:06:15,693 [74a8c3a1-4d80-4c26-806c-1183f0126592@group-9B209ADA5585:LeaderElection164] INFO  server.RaftServerConfigKeys (ConfUtils.java:logGet(43)) - raft.server.write.element-limit = 4096 (default)
2019-09-24 19:06:15,694 [74a8c3a1-4d80-4c26-806c-1183f0126592@group-9B209ADA5585:LeaderElection164] INFO  server.RaftServerConfigKeys (ConfUtils.java:logGet(43)) - raft.server.watch.timeout = 10s (default)
2019-09-24 19:06:15,694 [74a8c3a1-4d80-4c26-806c-1183f0126592@group-9B209ADA5585:LeaderElection164] INFO  server.RaftServerConfigKeys (ConfUtils.java:logGet(43)) - raft.server.watch.timeout.denomination = 1s (default)
2019-09-24 19:06:15,694 [74a8c3a1-4d80-4c26-806c-1183f0126592@group-9B209ADA5585:LeaderElection164] INFO  server.RaftServerConfigKeys (ConfUtils.java:logGet(43)) - raft.server.watch.element-limit = 65536 (default)
2019-09-24 19:06:15,697 [74a8c3a1-4d80-4c26-806c-1183f0126592@group-9B209ADA5585:LeaderElection164] INFO  server.RaftServerConfigKeys (ConfUtils.java:logGet(43)) - raft.server.log.appender.snapshot.chunk.size.max = 16MB (=16777216) (default)
2019-09-24 19:06:15,697 [74a8c3a1-4d80-4c26-806c-1183f0126592@group-9B209ADA5585:LeaderElection164] INFO  server.RaftServerConfigKeys (ConfUtils.java:logGet(43)) - raft.server.log.appender.buffer.byte-limit = 33554432 (custom)
2019-09-24 19:06:15,698 [74a8c3a1-4d80-4c26-806c-1183f0126592@group-9B209ADA5585:LeaderElection164] INFO  server.RaftServerConfigKeys (ConfUtils.java:logGet(43)) - raft.server.log.appender.buffer.element-limit = 1 (custom)
2019-09-24 19:06:15,698 [74a8c3a1-4d80-4c26-806c-1183f0126592@group-9B209ADA5585:LeaderElection164] INFO  grpc.GrpcConfigKeys$Server (ConfUtils.java:logGet(43)) - raft.grpc.server.leader.outstanding.appends.max = 128 (default)
2019-09-24 19:06:15,698 [74a8c3a1-4d80-4c26-806c-1183f0126592@group-9B209ADA5585:LeaderElection164] INFO  server.RaftServerConfigKeys (ConfUtils.java:logGet(43)) - raft.server.rpc.request.timeout = 3000ms (default)
2019-09-24 19:06:15,698 [74a8c3a1-4d80-4c26-806c-1183f0126592@group-9B209ADA5585:LeaderElection164] INFO  server.RaftServerConfigKeys (ConfUtils.java:logGet(43)) - raft.server.log.appender.install.snapshot.enabled = false (custom)
2019-09-24 19:06:15,699 [74a8c3a1-4d80-4c26-806c-1183f0126592@group-9B209ADA5585:LeaderElection164] INFO  server.RaftServerConfigKeys (ConfUtils.java:logGet(43)) - raft.server.log.appender.snapshot.chunk.size.max = 16MB (=16777216) (default)
2019-09-24 19:06:15,699 [74a8c3a1-4d80-4c26-806c-1183f0126592@group-9B209ADA5585:LeaderElection164] INFO  server.RaftServerConfigKeys (ConfUtils.java:logGet(43)) - raft.server.log.appender.buffer.byte-limit = 33554432 (custom)
2019-09-24 19:06:15,699 [74a8c3a1-4d80-4c26-806c-1183f0126592@group-9B209ADA5585:LeaderElection164] INFO  server.RaftServerConfigKeys (ConfUtils.java:logGet(43)) - raft.server.log.appender.buffer.element-limit = 1 (custom)
2019-09-24 19:06:15,700 [74a8c3a1-4d80-4c26-806c-1183f0126592@group-9B209ADA5585:LeaderElection164] INFO  grpc.GrpcConfigKeys$Server (ConfUtils.java:logGet(43)) - raft.grpc.server.leader.outstanding.appends.max = 128 (default)
2019-09-24 19:06:15,700 [74a8c3a1-4d80-4c26-806c-1183f0126592@group-9B209ADA5585:LeaderElection164] INFO  server.RaftServerConfigKeys (ConfUtils.java:logGet(43)) - raft.server.rpc.request.timeout = 3000ms (default)
2019-09-24 19:06:15,700 [74a8c3a1-4d80-4c26-806c-1183f0126592@group-9B209ADA5585:LeaderElection164] INFO  server.RaftServerConfigKeys (ConfUtils.java:logGet(43)) - raft.server.log.appender.install.snapshot.enabled = false (custom)
2019-09-24 19:06:15,700 [74a8c3a1-4d80-4c26-806c-1183f0126592@group-9B209ADA5585:LeaderElection164] INFO  impl.RoleInfo (RoleInfo.java:updateAndGet(143)) - 74a8c3a1-4d80-4c26-806c-1183f0126592: start LeaderState
2019-09-24 19:06:15,701 [74a8c3a1-4d80-4c26-806c-1183f0126592@group-9B209ADA5585:LeaderElection164] INFO  segmented.SegmentedRaftLogWorker (SegmentedRaftLogWorker.java:startLogSegment(380)) - 74a8c3a1-4d80-4c26-806c-1183f0126592@group-9B209ADA5585-SegmentedRaftLogWorker: Starting segment from index:0
2019-09-24 19:06:15,702 [74a8c3a1-4d80-4c26-806c-1183f0126592@group-9B209ADA5585:LeaderElection164] INFO  impl.RaftServerImpl (ServerState.java:setRaftConf(354)) - 74a8c3a1-4d80-4c26-806c-1183f0126592@group-9B209ADA5585: set configuration 0: [a0991bb0-d059-4b75-b34b-f0d320bfe012:192.168.5.148:46271, 74a8c3a1-4d80-4c26-806c-1183f0126592:192.168.5.148:44605, b50c6779-182a-4abf-ac90-b7c5982ab67f:192.168.5.148:46476], old=null at 0
2019-09-24 19:06:15,743 [pool-330-thread-1] INFO  storage.RaftStorage (RaftStorage.java:format(72)) - Storage directory /workdir/hadoop-ozone/integration-test/target/test-dir/MiniOzoneClusterImpl-136902ad-9ad3-4579-ab1e-826ed1576804/datanode-6/data/ratis/cb720bfb-8925-44f2-af2e-84081c198ba3 has been successfully formatted.
2019-09-24 19:06:15,744 [pool-330-thread-1] INFO  ratis.ContainerStateMachine (ContainerStateMachine.java:loadSnapshot(230)) - group-84081C198BA3: The snapshot info is null. Setting the last applied indexto:(t:0, i:~)
2019-09-24 19:06:15,744 [pool-330-thread-1] INFO  server.RaftServerConfigKeys (ConfUtils.java:logGet(43)) - raft.server.notification.no-leader.timeout = 120s (custom)
2019-09-24 19:06:15,744 [pool-330-thread-1] INFO  server.RaftServerConfigKeys (ConfUtils.java:logGet(43)) - raft.server.log.use.memory = false (default)
2019-09-24 19:06:15,744 [pool-330-thread-1] INFO  server.RaftServerConfigKeys (ConfUtils.java:logGet(43)) - raft.server.log.purge.gap = 1000000 (custom)
2019-09-24 19:06:15,745 [pool-330-thread-1] INFO  server.RaftServerConfigKeys (ConfUtils.java:logGet(43)) - raft.server.log.appender.buffer.byte-limit = 33554432 (custom)
2019-09-24 19:06:15,745 [pool-330-thread-1] INFO  server.RaftServerConfigKeys (ConfUtils.java:logGet(43)) - raft.server.log.segment.size.max = 1048576 (custom)
2019-09-24 19:06:15,745 [grpc-default-executor-10] INFO  impl.RaftServerImpl (ServerState.java:setLeader(253)) - a0991bb0-d059-4b75-b34b-f0d320bfe012@group-9B209ADA5585: change Leader from null to 74a8c3a1-4d80-4c26-806c-1183f0126592 at term 3 for appendEntries, leader elected after 16447ms
2019-09-24 19:06:15,745 [pool-330-thread-1] INFO  server.RaftServerConfigKeys (ConfUtils.java:logGet(43)) - raft.server.log.segment.cache.num.max = 2 (custom)
2019-09-24 19:06:15,745 [grpc-default-executor-12] INFO  impl.RaftServerImpl (ServerState.java:setLeader(253)) - b50c6779-182a-4abf-ac90-b7c5982ab67f@group-9B209ADA5585: change Leader from null to 74a8c3a1-4d80-4c26-806c-1183f0126592 at term 3 for appendEntries, leader elected after 16447ms
2019-09-24 19:06:15,745 [pool-330-thread-1] INFO  segmented.SegmentedRaftLogWorker (SegmentedRaftLogWorker.java:<init>(172)) - new b50c6779-182a-4abf-ac90-b7c5982ab67f@group-84081C198BA3-SegmentedRaftLogWorker for RaftStorage:Storage Directory /workdir/hadoop-ozone/integration-test/target/test-dir/MiniOzoneClusterImpl-136902ad-9ad3-4579-ab1e-826ed1576804/datanode-6/data/ratis/cb720bfb-8925-44f2-af2e-84081c198ba3
2019-09-24 19:06:15,746 [pool-330-thread-1] INFO  server.RaftServerConfigKeys (ConfUtils.java:logGet(43)) - raft.server.log.queue.byte-limit = 2147483647 (custom)
2019-09-24 19:06:15,746 [pool-330-thread-1] INFO  server.RaftServerConfigKeys (ConfUtils.java:logGet(43)) - raft.server.log.queue.element-limit = 1024 (custom)
2019-09-24 19:06:15,746 [pool-330-thread-1] INFO  server.RaftServerConfigKeys (ConfUtils.java:logGet(43)) - raft.server.log.segment.size.max = 1048576 (custom)
2019-09-24 19:06:15,747 [pool-330-thread-1] INFO  server.RaftServerConfigKeys (ConfUtils.java:logGet(43)) - raft.server.log.preallocated.size = 16384 (custom)
2019-09-24 19:06:15,747 [pool-330-thread-1] INFO  server.RaftServerConfigKeys (ConfUtils.java:logGet(43)) - raft.server.log.write.buffer.size = 33554432 (custom)
2019-09-24 19:06:15,747 [pool-330-thread-1] INFO  server.RaftServerConfigKeys (ConfUtils.java:logGet(43)) - raft.server.log.force.sync.num = 128 (default)
2019-09-24 19:06:15,747 [pool-330-thread-1] INFO  server.RaftServerConfigKeys (ConfUtils.java:logGet(43)) - raft.server.log.statemachine.data.sync = true (default)
2019-09-24 19:06:15,747 [pool-330-thread-1] INFO  server.RaftServerConfigKeys (ConfUtils.java:logGet(43)) - raft.server.log.statemachine.data.sync.timeout = 10s (default)
2019-09-24 19:06:15,747 [pool-330-thread-1] INFO  server.RaftServerConfigKeys (ConfUtils.java:logGet(43)) - raft.server.log.statemachine.data.sync.timeout.retry = -1 (default)
2019-09-24 19:06:15,748 [pool-330-thread-1] INFO  server.RaftServerConfigKeys (ConfUtils.java:logGet(43)) - raft.server.log.statemachine.data.caching.enabled = true (custom)
2019-09-24 19:06:15,748 [grpc-default-executor-10] INFO  impl.RaftServerImpl (ServerState.java:setRaftConf(354)) - a0991bb0-d059-4b75-b34b-f0d320bfe012@group-9B209ADA5585: set configuration 0: [a0991bb0-d059-4b75-b34b-f0d320bfe012:192.168.5.148:46271, 74a8c3a1-4d80-4c26-806c-1183f0126592:192.168.5.148:44605, b50c6779-182a-4abf-ac90-b7c5982ab67f:192.168.5.148:46476], old=null at 0
2019-09-24 19:06:15,748 [pool-330-thread-1] INFO  segmented.SegmentedRaftLogWorker (SegmentedRaftLogWorker.java:lambda$new$0(132)) - b50c6779-182a-4abf-ac90-b7c5982ab67f@group-84081C198BA3-SegmentedRaftLogWorker: flushIndex: setUnconditionally 0 -> -1
2019-09-24 19:06:15,748 [grpc-default-executor-12] INFO  impl.RaftServerImpl (ServerState.java:setRaftConf(354)) - b50c6779-182a-4abf-ac90-b7c5982ab67f@group-9B209ADA5585: set configuration 0: [a0991bb0-d059-4b75-b34b-f0d320bfe012:192.168.5.148:46271, 74a8c3a1-4d80-4c26-806c-1183f0126592:192.168.5.148:44605, b50c6779-182a-4abf-ac90-b7c5982ab67f:192.168.5.148:46476], old=null at 0
2019-09-24 19:06:15,748 [pool-330-thread-1] INFO  server.RaftServerConfigKeys (ConfUtils.java:logGet(43)) - raft.server.snapshot.auto.trigger.enabled = true (custom)
2019-09-24 19:06:15,748 [grpc-default-executor-10] INFO  segmented.SegmentedRaftLogWorker (SegmentedRaftLogWorker.java:startLogSegment(380)) - a0991bb0-d059-4b75-b34b-f0d320bfe012@group-9B209ADA5585-SegmentedRaftLogWorker: Starting segment from index:0
2019-09-24 19:06:15,749 [pool-330-thread-1] INFO  server.RaftServerConfigKeys (ConfUtils.java:logGet(43)) - raft.server.snapshot.auto.trigger.threshold = 10000 (custom)
2019-09-24 19:06:15,749 [pool-330-thread-1] INFO  server.RaftServerConfigKeys (ConfUtils.java:logGet(43)) - raft.server.snapshot.retention.num.files = 5 (custom)
2019-09-24 19:06:15,749 [grpc-default-executor-12] INFO  segmented.SegmentedRaftLogWorker (SegmentedRaftLogWorker.java:startLogSegment(380)) - b50c6779-182a-4abf-ac90-b7c5982ab67f@group-9B209ADA5585-SegmentedRaftLogWorker: Starting segment from index:0
2019-09-24 19:06:15,749 [pool-330-thread-1] INFO  server.RaftServerConfigKeys (ConfUtils.java:logGet(43)) - raft.server.retrycache.expirytime = 600000ms (custom)
2019-09-24 19:06:15,752 [pool-330-thread-1] INFO  impl.RaftServerImpl (RaftServerImpl.java:start(185)) - b50c6779-182a-4abf-ac90-b7c5982ab67f@group-D6C820A38EC3: start as a follower, conf=-1: [b50c6779-182a-4abf-ac90-b7c5982ab67f:192.168.5.148:46476], old=null
2019-09-24 19:06:15,752 [pool-330-thread-1] INFO  impl.RaftServerImpl (RaftServerImpl.java:setRole(174)) - b50c6779-182a-4abf-ac90-b7c5982ab67f@group-D6C820A38EC3: changes role from      null to FOLLOWER at term 0 for startAsFollower
2019-09-24 19:06:15,752 [pool-330-thread-1] INFO  impl.RoleInfo (RoleInfo.java:updateAndGet(143)) - b50c6779-182a-4abf-ac90-b7c5982ab67f: start FollowerState
2019-09-24 19:06:15,753 [pool-330-thread-1] INFO  util.JmxRegister (JmxRegister.java:tryRegister(44)) - Successfully registered JMX Bean with object name Ratis:service=RaftServer,group=group-D6C820A38EC3,id=b50c6779-182a-4abf-ac90-b7c5982ab67f
2019-09-24 19:06:15,753 [pool-330-thread-1] INFO  impl.RaftServerImpl (RaftServerImpl.java:start(185)) - b50c6779-182a-4abf-ac90-b7c5982ab67f@group-192AEBA694D5: start as a follower, conf=-1: [a0991bb0-d059-4b75-b34b-f0d320bfe012:192.168.5.148:46271, 74a8c3a1-4d80-4c26-806c-1183f0126592:192.168.5.148:44605, b50c6779-182a-4abf-ac90-b7c5982ab67f:192.168.5.148:46476], old=null
2019-09-24 19:06:15,754 [pool-330-thread-1] INFO  impl.RaftServerImpl (RaftServerImpl.java:setRole(174)) - b50c6779-182a-4abf-ac90-b7c5982ab67f@group-192AEBA694D5: changes role from      null to FOLLOWER at term 0 for startAsFollower
2019-09-24 19:06:15,754 [pool-330-thread-1] INFO  impl.RoleInfo (RoleInfo.java:updateAndGet(143)) - b50c6779-182a-4abf-ac90-b7c5982ab67f: start FollowerState
2019-09-24 19:06:15,754 [pool-330-thread-1] INFO  util.JmxRegister (JmxRegister.java:tryRegister(44)) - Successfully registered JMX Bean with object name Ratis:service=RaftServer,group=group-192AEBA694D5,id=b50c6779-182a-4abf-ac90-b7c5982ab67f
2019-09-24 19:06:15,755 [pool-330-thread-1] INFO  impl.RaftServerImpl (RaftServerImpl.java:start(185)) - b50c6779-182a-4abf-ac90-b7c5982ab67f@group-84081C198BA3: start as a follower, conf=-1: [a0991bb0-d059-4b75-b34b-f0d320bfe012:192.168.5.148:46271, 74a8c3a1-4d80-4c26-806c-1183f0126592:192.168.5.148:44605, b50c6779-182a-4abf-ac90-b7c5982ab67f:192.168.5.148:46476], old=null
2019-09-24 19:06:15,755 [pool-330-thread-1] INFO  impl.RaftServerImpl (RaftServerImpl.java:setRole(174)) - b50c6779-182a-4abf-ac90-b7c5982ab67f@group-84081C198BA3: changes role from      null to FOLLOWER at term 0 for startAsFollower
2019-09-24 19:06:15,755 [pool-330-thread-1] INFO  impl.RoleInfo (RoleInfo.java:updateAndGet(143)) - b50c6779-182a-4abf-ac90-b7c5982ab67f: start FollowerState
2019-09-24 19:06:15,755 [74a8c3a1-4d80-4c26-806c-1183f0126592@group-9B209ADA5585-SegmentedRaftLogWorker] INFO  segmented.SegmentedRaftLogWorker (SegmentedRaftLogWorker.java:execute(569)) - 74a8c3a1-4d80-4c26-806c-1183f0126592@group-9B209ADA5585-SegmentedRaftLogWorker: created new log segment /workdir/hadoop-ozone/integration-test/target/test-dir/MiniOzoneClusterImpl-136902ad-9ad3-4579-ab1e-826ed1576804/datanode-7/data/ratis/52f9e20b-3774-4ae3-84fb-9b209ada5585/current/log_inprogress_0
2019-09-24 19:06:15,755 [pool-330-thread-1] INFO  util.JmxRegister (JmxRegister.java:tryRegister(44)) - Successfully registered JMX Bean with object name Ratis:service=RaftServer,group=group-84081C198BA3,id=b50c6779-182a-4abf-ac90-b7c5982ab67f
2019-09-24 19:06:16,146 [a0991bb0-d059-4b75-b34b-f0d320bfe012@group-9B209ADA5585-SegmentedRaftLogWorker] INFO  segmented.SegmentedRaftLogWorker (SegmentedRaftLogWorker.java:execute(569)) - a0991bb0-d059-4b75-b34b-f0d320bfe012@group-9B209ADA5585-SegmentedRaftLogWorker: created new log segment /workdir/hadoop-ozone/integration-test/target/test-dir/MiniOzoneClusterImpl-136902ad-9ad3-4579-ab1e-826ed1576804/datanode-1/data/ratis/52f9e20b-3774-4ae3-84fb-9b209ada5585/current/log_inprogress_0
2019-09-24 19:06:16,147 [b50c6779-182a-4abf-ac90-b7c5982ab67f@group-9B209ADA5585-SegmentedRaftLogWorker] INFO  segmented.SegmentedRaftLogWorker (SegmentedRaftLogWorker.java:execute(569)) - b50c6779-182a-4abf-ac90-b7c5982ab67f@group-9B209ADA5585-SegmentedRaftLogWorker: created new log segment /workdir/hadoop-ozone/integration-test/target/test-dir/MiniOzoneClusterImpl-136902ad-9ad3-4579-ab1e-826ed1576804/datanode-6/data/ratis/52f9e20b-3774-4ae3-84fb-9b209ada5585/current/log_inprogress_0
2019-09-24 19:06:16,315 [Thread-2662] INFO  impl.FollowerState (FollowerState.java:run(106)) - 74a8c3a1-4d80-4c26-806c-1183f0126592:group-192AEBA694D5 changes to CANDIDATE, lastRpcTime:1001, electionTimeout:1001ms
2019-09-24 19:06:16,315 [Thread-2662] INFO  impl.RoleInfo (RoleInfo.java:shutdownFollowerState(121)) - 74a8c3a1-4d80-4c26-806c-1183f0126592: shutdown FollowerState
2019-09-24 19:06:16,315 [Thread-2662] INFO  impl.RaftServerImpl (RaftServerImpl.java:setRole(174)) - 74a8c3a1-4d80-4c26-806c-1183f0126592@group-192AEBA694D5: changes role from  FOLLOWER to CANDIDATE at term 0 for changeToCandidate
2019-09-24 19:06:16,315 [Thread-2662] INFO  impl.RoleInfo (RoleInfo.java:updateAndGet(143)) - 74a8c3a1-4d80-4c26-806c-1183f0126592: start LeaderElection
2019-09-24 19:06:16,343 [Thread-2661] INFO  impl.FollowerState (FollowerState.java:run(106)) - a0991bb0-d059-4b75-b34b-f0d320bfe012:group-84081C198BA3 changes to CANDIDATE, lastRpcTime:1031, electionTimeout:1031ms
2019-09-24 19:06:16,344 [Thread-2661] INFO  impl.RoleInfo (RoleInfo.java:shutdownFollowerState(121)) - a0991bb0-d059-4b75-b34b-f0d320bfe012: shutdown FollowerState
2019-09-24 19:06:16,344 [Thread-2661] INFO  impl.RaftServerImpl (RaftServerImpl.java:setRole(174)) - a0991bb0-d059-4b75-b34b-f0d320bfe012@group-84081C198BA3: changes role from  FOLLOWER to CANDIDATE at term 0 for changeToCandidate
2019-09-24 19:06:16,344 [Thread-2661] INFO  impl.RoleInfo (RoleInfo.java:updateAndGet(143)) - a0991bb0-d059-4b75-b34b-f0d320bfe012: start LeaderElection
2019-09-24 19:06:16,377 [Thread-2659] INFO  impl.FollowerState (FollowerState.java:run(106)) - a0991bb0-d059-4b75-b34b-f0d320bfe012:group-192AEBA694D5 changes to CANDIDATE, lastRpcTime:1067, electionTimeout:1067ms
2019-09-24 19:06:16,378 [Thread-2659] INFO  impl.RoleInfo (RoleInfo.java:shutdownFollowerState(121)) - a0991bb0-d059-4b75-b34b-f0d320bfe012: shutdown FollowerState
2019-09-24 19:06:16,378 [Thread-2659] INFO  impl.RaftServerImpl (RaftServerImpl.java:setRole(174)) - a0991bb0-d059-4b75-b34b-f0d320bfe012@group-192AEBA694D5: changes role from  FOLLOWER to CANDIDATE at term 0 for changeToCandidate
2019-09-24 19:06:16,378 [Thread-2659] INFO  impl.RoleInfo (RoleInfo.java:updateAndGet(143)) - a0991bb0-d059-4b75-b34b-f0d320bfe012: start LeaderElection
2019-09-24 19:06:16,386 [Thread-2665] INFO  impl.FollowerState (FollowerState.java:run(106)) - 74a8c3a1-4d80-4c26-806c-1183f0126592:group-84081C198BA3 changes to CANDIDATE, lastRpcTime:1071, electionTimeout:1071ms
2019-09-24 19:06:16,386 [Thread-2665] INFO  impl.RoleInfo (RoleInfo.java:shutdownFollowerState(121)) - 74a8c3a1-4d80-4c26-806c-1183f0126592: shutdown FollowerState
2019-09-24 19:06:16,386 [Thread-2665] INFO  impl.RaftServerImpl (RaftServerImpl.java:setRole(174)) - 74a8c3a1-4d80-4c26-806c-1183f0126592@group-84081C198BA3: changes role from  FOLLOWER to CANDIDATE at term 0 for changeToCandidate
2019-09-24 19:06:16,386 [Thread-2665] INFO  impl.RoleInfo (RoleInfo.java:updateAndGet(143)) - 74a8c3a1-4d80-4c26-806c-1183f0126592: start LeaderElection
2019-09-24 19:06:16,790 [a0991bb0-d059-4b75-b34b-f0d320bfe012@group-192AEBA694D5:LeaderElection167] INFO  impl.LeaderElection (LeaderElection.java:askForVotes(182)) - a0991bb0-d059-4b75-b34b-f0d320bfe012@group-192AEBA694D5:LeaderElection167: begin an election at term 1 for -1: [a0991bb0-d059-4b75-b34b-f0d320bfe012:192.168.5.148:46271, 74a8c3a1-4d80-4c26-806c-1183f0126592:192.168.5.148:44605, b50c6779-182a-4abf-ac90-b7c5982ab67f:192.168.5.148:46476], old=null
2019-09-24 19:06:16,790 [a0991bb0-d059-4b75-b34b-f0d320bfe012@group-84081C198BA3:LeaderElection166] INFO  impl.LeaderElection (LeaderElection.java:askForVotes(182)) - a0991bb0-d059-4b75-b34b-f0d320bfe012@group-84081C198BA3:LeaderElection166: begin an election at term 1 for -1: [a0991bb0-d059-4b75-b34b-f0d320bfe012:192.168.5.148:46271, 74a8c3a1-4d80-4c26-806c-1183f0126592:192.168.5.148:44605, b50c6779-182a-4abf-ac90-b7c5982ab67f:192.168.5.148:46476], old=null
2019-09-24 19:06:16,790 [74a8c3a1-4d80-4c26-806c-1183f0126592@group-84081C198BA3:LeaderElection168] INFO  impl.LeaderElection (LeaderElection.java:askForVotes(182)) - 74a8c3a1-4d80-4c26-806c-1183f0126592@group-84081C198BA3:LeaderElection168: begin an election at term 1 for -1: [a0991bb0-d059-4b75-b34b-f0d320bfe012:192.168.5.148:46271, 74a8c3a1-4d80-4c26-806c-1183f0126592:192.168.5.148:44605, b50c6779-182a-4abf-ac90-b7c5982ab67f:192.168.5.148:46476], old=null
2019-09-24 19:06:16,790 [74a8c3a1-4d80-4c26-806c-1183f0126592@group-192AEBA694D5:LeaderElection165] INFO  impl.LeaderElection (LeaderElection.java:askForVotes(182)) - 74a8c3a1-4d80-4c26-806c-1183f0126592@group-192AEBA694D5:LeaderElection165: begin an election at term 1 for -1: [a0991bb0-d059-4b75-b34b-f0d320bfe012:192.168.5.148:46271, 74a8c3a1-4d80-4c26-806c-1183f0126592:192.168.5.148:44605, b50c6779-182a-4abf-ac90-b7c5982ab67f:192.168.5.148:46476], old=null
2019-09-24 19:06:16,802 [grpc-default-executor-13] INFO  impl.RaftServerImpl (RaftServerImpl.java:setRole(174)) - b50c6779-182a-4abf-ac90-b7c5982ab67f@group-192AEBA694D5: changes role from  FOLLOWER to FOLLOWER at term 1 for recognizeCandidate:74a8c3a1-4d80-4c26-806c-1183f0126592
2019-09-24 19:06:16,802 [grpc-default-executor-12] INFO  impl.RaftServerImpl (RaftServerImpl.java:setRole(174)) - b50c6779-182a-4abf-ac90-b7c5982ab67f@group-84081C198BA3: changes role from  FOLLOWER to FOLLOWER at term 1 for recognizeCandidate:a0991bb0-d059-4b75-b34b-f0d320bfe012
2019-09-24 19:06:16,805 [grpc-default-executor-12] INFO  impl.RoleInfo (RoleInfo.java:shutdownFollowerState(121)) - b50c6779-182a-4abf-ac90-b7c5982ab67f: shutdown FollowerState
2019-09-24 19:06:16,802 [grpc-default-executor-13] INFO  impl.RoleInfo (RoleInfo.java:shutdownFollowerState(121)) - b50c6779-182a-4abf-ac90-b7c5982ab67f: shutdown FollowerState
2019-09-24 19:06:16,806 [Thread-2679] INFO  impl.FollowerState (FollowerState.java:run(115)) - b50c6779-182a-4abf-ac90-b7c5982ab67f: FollowerState was interrupted: java.lang.InterruptedException: sleep interrupted
2019-09-24 19:06:16,806 [Thread-2677] INFO  impl.FollowerState (FollowerState.java:run(115)) - b50c6779-182a-4abf-ac90-b7c5982ab67f: FollowerState was interrupted: java.lang.InterruptedException: sleep interrupted
2019-09-24 19:06:16,806 [grpc-default-executor-12] INFO  impl.RoleInfo (RoleInfo.java:updateAndGet(143)) - b50c6779-182a-4abf-ac90-b7c5982ab67f: start FollowerState
2019-09-24 19:06:16,806 [grpc-default-executor-13] INFO  impl.RoleInfo (RoleInfo.java:updateAndGet(143)) - b50c6779-182a-4abf-ac90-b7c5982ab67f: start FollowerState
2019-09-24 19:06:16,834 [main] INFO  ozoneimpl.OzoneContainer (OzoneContainer.java:stop(231)) - Attempting to stop container services.
2019-09-24 19:06:16,835 [main] INFO  impl.RaftServerProxy (RaftServerProxy.java:lambda$close$4(314)) - b50c6779-182a-4abf-ac90-b7c5982ab67f: close
2019-09-24 19:06:16,835 [main] INFO  impl.RaftServerImpl (RaftServerImpl.java:lambda$shutdown$3(251)) - b50c6779-182a-4abf-ac90-b7c5982ab67f@group-D6C820A38EC3: shutdown
2019-09-24 19:06:16,835 [main] INFO  util.JmxRegister (JmxRegister.java:unregister(73)) - Successfully un-registered JMX Bean with object name Ratis:service=RaftServer,group=group-D6C820A38EC3,id=b50c6779-182a-4abf-ac90-b7c5982ab67f
2019-09-24 19:06:16,836 [main] INFO  impl.RoleInfo (RoleInfo.java:shutdownFollowerState(121)) - b50c6779-182a-4abf-ac90-b7c5982ab67f: shutdown FollowerState
2019-09-24 19:06:16,836 [main] INFO  impl.StateMachineUpdater (StateMachineUpdater.java:stopAndJoin(125)) - b50c6779-182a-4abf-ac90-b7c5982ab67f@group-D6C820A38EC3-StateMachineUpdater: set stopIndex = -1
2019-09-24 19:06:16,836 [Thread-2675] INFO  impl.FollowerState (FollowerState.java:run(115)) - b50c6779-182a-4abf-ac90-b7c5982ab67f: FollowerState was interrupted: java.lang.InterruptedException: sleep interrupted
2019-09-24 19:06:16,837 [main] INFO  impl.RaftServerImpl (ServerState.java:close(385)) - b50c6779-182a-4abf-ac90-b7c5982ab67f@group-D6C820A38EC3: closes. applyIndex: -1
2019-09-24 19:06:16,837 [b50c6779-182a-4abf-ac90-b7c5982ab67f@group-D6C820A38EC3-SegmentedRaftLogWorker] INFO  segmented.SegmentedRaftLogWorker (SegmentedRaftLogWorker.java:run(313)) - b50c6779-182a-4abf-ac90-b7c5982ab67f@group-D6C820A38EC3-SegmentedRaftLogWorker was interrupted, exiting. There are 0 tasks remaining in the queue.
2019-09-24 19:06:16,838 [main] INFO  segmented.SegmentedRaftLogWorker (SegmentedRaftLogWorker.java:close(228)) - b50c6779-182a-4abf-ac90-b7c5982ab67f@group-D6C820A38EC3-SegmentedRaftLogWorker close()
2019-09-24 19:06:16,843 [main] INFO  impl.RaftServerImpl (RaftServerImpl.java:lambda$shutdown$3(251)) - b50c6779-182a-4abf-ac90-b7c5982ab67f@group-9B209ADA5585: shutdown
2019-09-24 19:06:16,844 [main] INFO  util.JmxRegister (JmxRegister.java:unregister(73)) - Successfully un-registered JMX Bean with object name Ratis:service=RaftServer,group=group-9B209ADA5585,id=b50c6779-182a-4abf-ac90-b7c5982ab67f
2019-09-24 19:06:16,844 [main] INFO  impl.RoleInfo (RoleInfo.java:shutdownFollowerState(121)) - b50c6779-182a-4abf-ac90-b7c5982ab67f: shutdown FollowerState
2019-09-24 19:06:16,844 [main] INFO  impl.StateMachineUpdater (StateMachineUpdater.java:stopAndJoin(125)) - b50c6779-182a-4abf-ac90-b7c5982ab67f@group-9B209ADA5585-StateMachineUpdater: set stopIndex = -1
2019-09-24 19:06:16,845 [Thread-2654] INFO  impl.FollowerState (FollowerState.java:run(115)) - b50c6779-182a-4abf-ac90-b7c5982ab67f: FollowerState was interrupted: java.lang.InterruptedException: sleep interrupted
2019-09-24 19:06:16,845 [main] INFO  impl.RaftServerImpl (ServerState.java:close(385)) - b50c6779-182a-4abf-ac90-b7c5982ab67f@group-9B209ADA5585: closes. applyIndex: -1
2019-09-24 19:06:16,846 [b50c6779-182a-4abf-ac90-b7c5982ab67f@group-9B209ADA5585-SegmentedRaftLogWorker] INFO  segmented.SegmentedRaftLogWorker (SegmentedRaftLogWorker.java:run(313)) - b50c6779-182a-4abf-ac90-b7c5982ab67f@group-9B209ADA5585-SegmentedRaftLogWorker was interrupted, exiting. There are 0 tasks remaining in the queue.
2019-09-24 19:06:16,848 [main] INFO  segmented.SegmentedRaftLogWorker (SegmentedRaftLogWorker.java:close(228)) - b50c6779-182a-4abf-ac90-b7c5982ab67f@group-9B209ADA5585-SegmentedRaftLogWorker close()
2019-09-24 19:06:16,854 [main] INFO  impl.RaftServerImpl (RaftServerImpl.java:lambda$shutdown$3(251)) - b50c6779-182a-4abf-ac90-b7c5982ab67f@group-84081C198BA3: shutdown
2019-09-24 19:06:16,854 [main] INFO  util.JmxRegister (JmxRegister.java:unregister(73)) - Successfully un-registered JMX Bean with object name Ratis:service=RaftServer,group=group-84081C198BA3,id=b50c6779-182a-4abf-ac90-b7c5982ab67f
2019-09-24 19:06:16,855 [main] INFO  impl.RoleInfo (RoleInfo.java:shutdownFollowerState(121)) - b50c6779-182a-4abf-ac90-b7c5982ab67f: shutdown FollowerState
2019-09-24 19:06:16,855 [main] INFO  impl.StateMachineUpdater (StateMachineUpdater.java:stopAndJoin(125)) - b50c6779-182a-4abf-ac90-b7c5982ab67f@group-84081C198BA3-StateMachineUpdater: set stopIndex = -1
2019-09-24 19:06:16,856 [main] INFO  impl.RaftServerImpl (ServerState.java:close(385)) - b50c6779-182a-4abf-ac90-b7c5982ab67f@group-84081C198BA3: closes. applyIndex: -1
2019-09-24 19:06:16,855 [Thread-2697] INFO  impl.FollowerState (FollowerState.java:run(115)) - b50c6779-182a-4abf-ac90-b7c5982ab67f: FollowerState was interrupted: java.lang.InterruptedException: sleep interrupted
2019-09-24 19:06:16,856 [b50c6779-182a-4abf-ac90-b7c5982ab67f@group-84081C198BA3-SegmentedRaftLogWorker] INFO  segmented.SegmentedRaftLogWorker (SegmentedRaftLogWorker.java:run(313)) - b50c6779-182a-4abf-ac90-b7c5982ab67f@group-84081C198BA3-SegmentedRaftLogWorker was interrupted, exiting. There are 0 tasks remaining in the queue.
2019-09-24 19:06:16,856 [main] INFO  segmented.SegmentedRaftLogWorker (SegmentedRaftLogWorker.java:close(228)) - b50c6779-182a-4abf-ac90-b7c5982ab67f@group-84081C198BA3-SegmentedRaftLogWorker close()
2019-09-24 19:06:16,862 [main] INFO  impl.RaftServerImpl (RaftServerImpl.java:lambda$shutdown$3(251)) - b50c6779-182a-4abf-ac90-b7c5982ab67f@group-192AEBA694D5: shutdown
2019-09-24 19:06:16,862 [main] INFO  util.JmxRegister (JmxRegister.java:unregister(73)) - Successfully un-registered JMX Bean with object name Ratis:service=RaftServer,group=group-192AEBA694D5,id=b50c6779-182a-4abf-ac90-b7c5982ab67f
2019-09-24 19:06:16,863 [main] INFO  impl.RoleInfo (RoleInfo.java:shutdownFollowerState(121)) - b50c6779-182a-4abf-ac90-b7c5982ab67f: shutdown FollowerState
2019-09-24 19:06:16,863 [main] INFO  impl.StateMachineUpdater (StateMachineUpdater.java:stopAndJoin(125)) - b50c6779-182a-4abf-ac90-b7c5982ab67f@group-192AEBA694D5-StateMachineUpdater: set stopIndex = -1
2019-09-24 19:06:16,863 [Thread-2698] INFO  impl.FollowerState (FollowerState.java:run(115)) - b50c6779-182a-4abf-ac90-b7c5982ab67f: FollowerState was interrupted: java.lang.InterruptedException: sleep interrupted
2019-09-24 19:06:16,864 [main] INFO  impl.RaftServerImpl (ServerState.java:close(385)) - b50c6779-182a-4abf-ac90-b7c5982ab67f@group-192AEBA694D5: closes. applyIndex: -1
2019-09-24 19:06:16,864 [b50c6779-182a-4abf-ac90-b7c5982ab67f@group-192AEBA694D5-SegmentedRaftLogWorker] INFO  segmented.SegmentedRaftLogWorker (SegmentedRaftLogWorker.java:run(313)) - b50c6779-182a-4abf-ac90-b7c5982ab67f@group-192AEBA694D5-SegmentedRaftLogWorker was interrupted, exiting. There are 0 tasks remaining in the queue.
2019-09-24 19:06:16,864 [main] INFO  segmented.SegmentedRaftLogWorker (SegmentedRaftLogWorker.java:close(228)) - b50c6779-182a-4abf-ac90-b7c5982ab67f@group-192AEBA694D5-SegmentedRaftLogWorker close()
2019-09-24 19:06:16,870 [main] INFO  server.GrpcService (GrpcService.java:closeImpl(164)) - b50c6779-182a-4abf-ac90-b7c5982ab67f: shutdown server with port 46476 now
2019-09-24 19:06:16,871 [grpc-default-executor-11] WARN  server.GrpcServerProtocolService (LogUtils.java:warn(134)) - b50c6779-182a-4abf-ac90-b7c5982ab67f: installSnapshot onError, lastRequest: 74a8c3a1-4d80-4c26-806c-1183f0126592->b50c6779-182a-4abf-ac90-b7c5982ab67f#2-t3, previous=(t:3, i:0), leaderCommit=0, initializing? false, entries: <empty>: org.apache.ratis.thirdparty.io.grpc.StatusRuntimeException: CANCELLED: cancelled before receiving half close
2019-09-24 19:06:16,871 [main] INFO  server.GrpcService (GrpcService.java:closeImpl(172)) - b50c6779-182a-4abf-ac90-b7c5982ab67f: shutdown server with port 46476 successfully
2019-09-24 19:06:16,873 [a0991bb0-d059-4b75-b34b-f0d320bfe012@group-84081C198BA3:LeaderElection166] INFO  impl.LeaderElection (LogUtils.java:infoOrTrace(149)) - a0991bb0-d059-4b75-b34b-f0d320bfe012@group-84081C198BA3:LeaderElection166 got exception when requesting votes: {}
java.util.concurrent.ExecutionException: org.apache.ratis.thirdparty.io.grpc.StatusRuntimeException: CANCELLED: HTTP/2 error code: CANCEL
Received Rst Stream
	at java.util.concurrent.FutureTask.report(FutureTask.java:122)
	at java.util.concurrent.FutureTask.get(FutureTask.java:192)
	at org.apache.ratis.server.impl.LeaderElection.waitForResults(LeaderElection.java:263)
	at org.apache.ratis.server.impl.LeaderElection.askForVotes(LeaderElection.java:201)
	at org.apache.ratis.server.impl.LeaderElection.run(LeaderElection.java:133)
	at java.lang.Thread.run(Thread.java:748)
Caused by: org.apache.ratis.thirdparty.io.grpc.StatusRuntimeException: CANCELLED: HTTP/2 error code: CANCEL
Received Rst Stream
	at org.apache.ratis.thirdparty.io.grpc.stub.ClientCalls.toStatusRuntimeException(ClientCalls.java:233)
	at org.apache.ratis.thirdparty.io.grpc.stub.ClientCalls.getUnchecked(ClientCalls.java:214)
	at org.apache.ratis.thirdparty.io.grpc.stub.ClientCalls.blockingUnaryCall(ClientCalls.java:139)
	at org.apache.ratis.proto.grpc.RaftServerProtocolServiceGrpc$RaftServerProtocolServiceBlockingStub.requestVote(RaftServerProtocolServiceGrpc.java:265)
	at org.apache.ratis.grpc.server.GrpcServerProtocolClient.requestVote(GrpcServerProtocolClient.java:90)
	at org.apache.ratis.grpc.server.GrpcService.requestVote(GrpcService.java:204)
	at org.apache.ratis.server.impl.LeaderElection.lambda$submitRequests$1(LeaderElection.java:238)
	at java.util.concurrent.FutureTask.run(FutureTask.java:266)
	at java.util.concurrent.Executors$RunnableAdapter.call(Executors.java:511)
	at java.util.concurrent.FutureTask.run(FutureTask.java:266)
	at java.util.concurrent.ThreadPoolExecutor.runWorker(ThreadPoolExecutor.java:1149)
	at java.util.concurrent.ThreadPoolExecutor$Worker.run(ThreadPoolExecutor.java:624)
	... 1 more
2019-09-24 19:06:16,877 [74a8c3a1-4d80-4c26-806c-1183f0126592@group-192AEBA694D5:LeaderElection165] INFO  impl.LeaderElection (LogUtils.java:infoOrTrace(149)) - 74a8c3a1-4d80-4c26-806c-1183f0126592@group-192AEBA694D5:LeaderElection165 got exception when requesting votes: {}
java.util.concurrent.ExecutionException: org.apache.ratis.thirdparty.io.grpc.StatusRuntimeException: CANCELLED: HTTP/2 error code: CANCEL
Received Rst Stream
	at java.util.concurrent.FutureTask.report(FutureTask.java:122)
	at java.util.concurrent.FutureTask.get(FutureTask.java:192)
	at org.apache.ratis.server.impl.LeaderElection.waitForResults(LeaderElection.java:263)
	at org.apache.ratis.server.impl.LeaderElection.askForVotes(LeaderElection.java:201)
	at org.apache.ratis.server.impl.LeaderElection.run(LeaderElection.java:133)
	at java.lang.Thread.run(Thread.java:748)
Caused by: org.apache.ratis.thirdparty.io.grpc.StatusRuntimeException: CANCELLED: HTTP/2 error code: CANCEL
Received Rst Stream
	at org.apache.ratis.thirdparty.io.grpc.stub.ClientCalls.toStatusRuntimeException(ClientCalls.java:233)
	at org.apache.ratis.thirdparty.io.grpc.stub.ClientCalls.getUnchecked(ClientCalls.java:214)
	at org.apache.ratis.thirdparty.io.grpc.stub.ClientCalls.blockingUnaryCall(ClientCalls.java:139)
	at org.apache.ratis.proto.grpc.RaftServerProtocolServiceGrpc$RaftServerProtocolServiceBlockingStub.requestVote(RaftServerProtocolServiceGrpc.java:265)
	at org.apache.ratis.grpc.server.GrpcServerProtocolClient.requestVote(GrpcServerProtocolClient.java:90)
	at org.apache.ratis.grpc.server.GrpcService.requestVote(GrpcService.java:204)
	at org.apache.ratis.server.impl.LeaderElection.lambda$submitRequests$1(LeaderElection.java:238)
	at java.util.concurrent.FutureTask.run(FutureTask.java:266)
	at java.util.concurrent.Executors$RunnableAdapter.call(Executors.java:511)
	at java.util.concurrent.FutureTask.run(FutureTask.java:266)
	at java.util.concurrent.ThreadPoolExecutor.runWorker(ThreadPoolExecutor.java:1149)
	at java.util.concurrent.ThreadPoolExecutor$Worker.run(ThreadPoolExecutor.java:624)
	... 1 more
2019-09-24 19:06:16,874 [refreshUsed-/workdir/hadoop-ozone/integration-test/target/test-dir/MiniOzoneClusterImpl-136902ad-9ad3-4579-ab1e-826ed1576804/datanode-6/data/containers] WARN  fs.CachingGetSpaceUsed (CachingGetSpaceUsed.java:run(183)) - Thread Interrupted waiting to refresh disk information: sleep interrupted
2019-09-24 19:06:16,884 [74a8c3a1-4d80-4c26-806c-1183f0126592@group-192AEBA694D5:LeaderElection165] INFO  impl.LeaderElection (LeaderElection.java:logAndReturn(56)) - 74a8c3a1-4d80-4c26-806c-1183f0126592@group-192AEBA694D5:LeaderElection165: Election REJECTED; received 1 response(s) [74a8c3a1-4d80-4c26-806c-1183f0126592<-a0991bb0-d059-4b75-b34b-f0d320bfe012#0:FAIL-t1] and 1 exception(s); 74a8c3a1-4d80-4c26-806c-1183f0126592@group-192AEBA694D5:t1, leader=null, voted=74a8c3a1-4d80-4c26-806c-1183f0126592, raftlog=74a8c3a1-4d80-4c26-806c-1183f0126592@group-192AEBA694D5-SegmentedRaftLog:OPENED:c-1,f-1,i0, conf=-1: [a0991bb0-d059-4b75-b34b-f0d320bfe012:192.168.5.148:46271, 74a8c3a1-4d80-4c26-806c-1183f0126592:192.168.5.148:44605, b50c6779-182a-4abf-ac90-b7c5982ab67f:192.168.5.148:46476], old=null
2019-09-24 19:06:16,873 [grpc-default-executor-14] WARN  server.GrpcLogAppender (LogUtils.java:warn(134)) - 74a8c3a1-4d80-4c26-806c-1183f0126592@group-9B209ADA5585->b50c6779-182a-4abf-ac90-b7c5982ab67f-AppendLogResponseHandler: Failed appendEntries: org.apache.ratis.thirdparty.io.grpc.StatusRuntimeException: CANCELLED: HTTP/2 error code: CANCEL
Received Rst Stream
2019-09-24 19:06:16,873 [a0991bb0-d059-4b75-b34b-f0d320bfe012@group-192AEBA694D5:LeaderElection167] INFO  impl.LeaderElection (LogUtils.java:infoOrTrace(149)) - a0991bb0-d059-4b75-b34b-f0d320bfe012@group-192AEBA694D5:LeaderElection167 got exception when requesting votes: {}
java.util.concurrent.ExecutionException: org.apache.ratis.thirdparty.io.grpc.StatusRuntimeException: CANCELLED: HTTP/2 error code: CANCEL
Received Rst Stream
	at java.util.concurrent.FutureTask.report(FutureTask.java:122)
	at java.util.concurrent.FutureTask.get(FutureTask.java:192)
	at org.apache.ratis.server.impl.LeaderElection.waitForResults(LeaderElection.java:263)
	at org.apache.ratis.server.impl.LeaderElection.askForVotes(LeaderElection.java:201)
	at org.apache.ratis.server.impl.LeaderElection.run(LeaderElection.java:133)
	at java.lang.Thread.run(Thread.java:748)
Caused by: org.apache.ratis.thirdparty.io.grpc.StatusRuntimeException: CANCELLED: HTTP/2 error code: CANCEL
Received Rst Stream
	at org.apache.ratis.thirdparty.io.grpc.stub.ClientCalls.toStatusRuntimeException(ClientCalls.java:233)
	at org.apache.ratis.thirdparty.io.grpc.stub.ClientCalls.getUnchecked(ClientCalls.java:214)
	at org.apache.ratis.thirdparty.io.grpc.stub.ClientCalls.blockingUnaryCall(ClientCalls.java:139)
	at org.apache.ratis.proto.grpc.RaftServerProtocolServiceGrpc$RaftServerProtocolServiceBlockingStub.requestVote(RaftServerProtocolServiceGrpc.java:265)
	at org.apache.ratis.grpc.server.GrpcServerProtocolClient.requestVote(GrpcServerProtocolClient.java:90)
	at org.apache.ratis.grpc.server.GrpcService.requestVote(GrpcService.java:204)
	at org.apache.ratis.server.impl.LeaderElection.lambda$submitRequests$1(LeaderElection.java:238)
	at java.util.concurrent.FutureTask.run(FutureTask.java:266)
	at java.util.concurrent.Executors$RunnableAdapter.call(Executors.java:511)
	at java.util.concurrent.FutureTask.run(FutureTask.java:266)
	at java.util.concurrent.ThreadPoolExecutor.runWorker(ThreadPoolExecutor.java:1149)
	at java.util.concurrent.ThreadPoolExecutor$Worker.run(ThreadPoolExecutor.java:624)
	... 1 more
2019-09-24 19:06:16,885 [grpc-default-executor-14] INFO  impl.FollowerInfo (FollowerInfo.java:lambda$new$0(51)) - 74a8c3a1-4d80-4c26-806c-1183f0126592@group-9B209ADA5585->b50c6779-182a-4abf-ac90-b7c5982ab67f: nextIndex: updateUnconditionally 1 -> 0
2019-09-24 19:06:16,884 [74a8c3a1-4d80-4c26-806c-1183f0126592@group-192AEBA694D5:LeaderElection165] INFO  impl.LeaderElection (LogUtils.java:infoOrTrace(149)) -   Exception 0: {}
java.util.concurrent.ExecutionException: org.apache.ratis.thirdparty.io.grpc.StatusRuntimeException: CANCELLED: HTTP/2 error code: CANCEL
Received Rst Stream
	at java.util.concurrent.FutureTask.report(FutureTask.java:122)
	at java.util.concurrent.FutureTask.get(FutureTask.java:192)
	at org.apache.ratis.server.impl.LeaderElection.waitForResults(LeaderElection.java:263)
	at org.apache.ratis.server.impl.LeaderElection.askForVotes(LeaderElection.java:201)
	at org.apache.ratis.server.impl.LeaderElection.run(LeaderElection.java:133)
	at java.lang.Thread.run(Thread.java:748)
Caused by: org.apache.ratis.thirdparty.io.grpc.StatusRuntimeException: CANCELLED: HTTP/2 error code: CANCEL
Received Rst Stream
	at org.apache.ratis.thirdparty.io.grpc.stub.ClientCalls.toStatusRuntimeException(ClientCalls.java:233)
	at org.apache.ratis.thirdparty.io.grpc.stub.ClientCalls.getUnchecked(ClientCalls.java:214)
	at org.apache.ratis.thirdparty.io.grpc.stub.ClientCalls.blockingUnaryCall(ClientCalls.java:139)
	at org.apache.ratis.proto.grpc.RaftServerProtocolServiceGrpc$RaftServerProtocolServiceBlockingStub.requestVote(RaftServerProtocolServiceGrpc.java:265)
	at org.apache.ratis.grpc.server.GrpcServerProtocolClient.requestVote(GrpcServerProtocolClient.java:90)
	at org.apache.ratis.grpc.server.GrpcService.requestVote(GrpcService.java:204)
	at org.apache.ratis.server.impl.LeaderElection.lambda$submitRequests$1(LeaderElection.java:238)
	at java.util.concurrent.FutureTask.run(FutureTask.java:266)
	at java.util.concurrent.Executors$RunnableAdapter.call(Executors.java:511)
	at java.util.concurrent.FutureTask.run(FutureTask.java:266)
	at java.util.concurrent.ThreadPoolExecutor.runWorker(ThreadPoolExecutor.java:1149)
	at java.util.concurrent.ThreadPoolExecutor$Worker.run(ThreadPoolExecutor.java:624)
	... 1 more
2019-09-24 19:06:16,880 [a0991bb0-d059-4b75-b34b-f0d320bfe012@group-84081C198BA3:LeaderElection166] INFO  impl.LeaderElection (LeaderElection.java:logAndReturn(56)) - a0991bb0-d059-4b75-b34b-f0d320bfe012@group-84081C198BA3:LeaderElection166: Election REJECTED; received 1 response(s) [a0991bb0-d059-4b75-b34b-f0d320bfe012<-74a8c3a1-4d80-4c26-806c-1183f0126592#0:FAIL-t1] and 1 exception(s); a0991bb0-d059-4b75-b34b-f0d320bfe012@group-84081C198BA3:t1, leader=null, voted=a0991bb0-d059-4b75-b34b-f0d320bfe012, raftlog=a0991bb0-d059-4b75-b34b-f0d320bfe012@group-84081C198BA3-SegmentedRaftLog:OPENED:c-1,f-1,i0, conf=-1: [a0991bb0-d059-4b75-b34b-f0d320bfe012:192.168.5.148:46271, 74a8c3a1-4d80-4c26-806c-1183f0126592:192.168.5.148:44605, b50c6779-182a-4abf-ac90-b7c5982ab67f:192.168.5.148:46476], old=null
2019-09-24 19:06:16,878 [74a8c3a1-4d80-4c26-806c-1183f0126592@group-84081C198BA3:LeaderElection168] INFO  impl.LeaderElection (LogUtils.java:infoOrTrace(149)) - 74a8c3a1-4d80-4c26-806c-1183f0126592@group-84081C198BA3:LeaderElection168 got exception when requesting votes: {}
java.util.concurrent.ExecutionException: org.apache.ratis.thirdparty.io.grpc.StatusRuntimeException: CANCELLED: HTTP/2 error code: CANCEL
Received Rst Stream
	at java.util.concurrent.FutureTask.report(FutureTask.java:122)
	at java.util.concurrent.FutureTask.get(FutureTask.java:192)
	at org.apache.ratis.server.impl.LeaderElection.waitForResults(LeaderElection.java:263)
	at org.apache.ratis.server.impl.LeaderElection.askForVotes(LeaderElection.java:201)
	at org.apache.ratis.server.impl.LeaderElection.run(LeaderElection.java:133)
	at java.lang.Thread.run(Thread.java:748)
Caused by: org.apache.ratis.thirdparty.io.grpc.StatusRuntimeException: CANCELLED: HTTP/2 error code: CANCEL
Received Rst Stream
	at org.apache.ratis.thirdparty.io.grpc.stub.ClientCalls.toStatusRuntimeException(ClientCalls.java:233)
	at org.apache.ratis.thirdparty.io.grpc.stub.ClientCalls.getUnchecked(ClientCalls.java:214)
	at org.apache.ratis.thirdparty.io.grpc.stub.ClientCalls.blockingUnaryCall(ClientCalls.java:139)
	at org.apache.ratis.proto.grpc.RaftServerProtocolServiceGrpc$RaftServerProtocolServiceBlockingStub.requestVote(RaftServerProtocolServiceGrpc.java:265)
	at org.apache.ratis.grpc.server.GrpcServerProtocolClient.requestVote(GrpcServerProtocolClient.java:90)
	at org.apache.ratis.grpc.server.GrpcService.requestVote(GrpcService.java:204)
	at org.apache.ratis.server.impl.LeaderElection.lambda$submitRequests$1(LeaderElection.java:238)
	at java.util.concurrent.FutureTask.run(FutureTask.java:266)
	at java.util.concurrent.Executors$RunnableAdapter.call(Executors.java:511)
	at java.util.concurrent.FutureTask.run(FutureTask.java:266)
	at java.util.concurrent.ThreadPoolExecutor.runWorker(ThreadPoolExecutor.java:1149)
	at java.util.concurrent.ThreadPoolExecutor$Worker.run(ThreadPoolExecutor.java:624)
	... 1 more
2019-09-24 19:06:16,891 [a0991bb0-d059-4b75-b34b-f0d320bfe012@group-84081C198BA3:LeaderElection166] INFO  impl.LeaderElection (LogUtils.java:infoOrTrace(149)) -   Exception 0: {}
java.util.concurrent.ExecutionException: org.apache.ratis.thirdparty.io.grpc.StatusRuntimeException: CANCELLED: HTTP/2 error code: CANCEL
Received Rst Stream
	at java.util.concurrent.FutureTask.report(FutureTask.java:122)
	at java.util.concurrent.FutureTask.get(FutureTask.java:192)
	at org.apache.ratis.server.impl.LeaderElection.waitForResults(LeaderElection.java:263)
	at org.apache.ratis.server.impl.LeaderElection.askForVotes(LeaderElection.java:201)
	at org.apache.ratis.server.impl.LeaderElection.run(LeaderElection.java:133)
	at java.lang.Thread.run(Thread.java:748)
Caused by: org.apache.ratis.thirdparty.io.grpc.StatusRuntimeException: CANCELLED: HTTP/2 error code: CANCEL
Received Rst Stream
	at org.apache.ratis.thirdparty.io.grpc.stub.ClientCalls.toStatusRuntimeException(ClientCalls.java:233)
	at org.apache.ratis.thirdparty.io.grpc.stub.ClientCalls.getUnchecked(ClientCalls.java:214)
	at org.apache.ratis.thirdparty.io.grpc.stub.ClientCalls.blockingUnaryCall(ClientCalls.java:139)
	at org.apache.ratis.proto.grpc.RaftServerProtocolServiceGrpc$RaftServerProtocolServiceBlockingStub.requestVote(RaftServerProtocolServiceGrpc.java:265)
	at org.apache.ratis.grpc.server.GrpcServerProtocolClient.requestVote(GrpcServerProtocolClient.java:90)
	at org.apache.ratis.grpc.server.GrpcService.requestVote(GrpcService.java:204)
	at org.apache.ratis.server.impl.LeaderElection.lambda$submitRequests$1(LeaderElection.java:238)
	at java.util.concurrent.FutureTask.run(FutureTask.java:266)
	at java.util.concurrent.Executors$RunnableAdapter.call(Executors.java:511)
	at java.util.concurrent.FutureTask.run(FutureTask.java:266)
	at java.util.concurrent.ThreadPoolExecutor.runWorker(ThreadPoolExecutor.java:1149)
	at java.util.concurrent.ThreadPoolExecutor$Worker.run(ThreadPoolExecutor.java:624)
	... 1 more
2019-09-24 19:06:16,890 [74a8c3a1-4d80-4c26-806c-1183f0126592@group-192AEBA694D5:LeaderElection165] INFO  impl.RaftServerImpl (RaftServerImpl.java:setRole(174)) - 74a8c3a1-4d80-4c26-806c-1183f0126592@group-192AEBA694D5: changes role from CANDIDATE to FOLLOWER at term 1 for DISCOVERED_A_NEW_TERM
2019-09-24 19:06:16,911 [74a8c3a1-4d80-4c26-806c-1183f0126592@group-192AEBA694D5:LeaderElection165] INFO  impl.RoleInfo (RoleInfo.java:shutdownLeaderElection(134)) - 74a8c3a1-4d80-4c26-806c-1183f0126592: shutdown LeaderElection
2019-09-24 19:06:16,888 [a0991bb0-d059-4b75-b34b-f0d320bfe012@group-192AEBA694D5:LeaderElection167] INFO  impl.LeaderElection (LeaderElection.java:logAndReturn(56)) - a0991bb0-d059-4b75-b34b-f0d320bfe012@group-192AEBA694D5:LeaderElection167: Election REJECTED; received 1 response(s) [a0991bb0-d059-4b75-b34b-f0d320bfe012<-74a8c3a1-4d80-4c26-806c-1183f0126592#0:FAIL-t1] and 1 exception(s); a0991bb0-d059-4b75-b34b-f0d320bfe012@group-192AEBA694D5:t1, leader=null, voted=a0991bb0-d059-4b75-b34b-f0d320bfe012, raftlog=a0991bb0-d059-4b75-b34b-f0d320bfe012@group-192AEBA694D5-SegmentedRaftLog:OPENED:c-1,f-1,i0, conf=-1: [a0991bb0-d059-4b75-b34b-f0d320bfe012:192.168.5.148:46271, 74a8c3a1-4d80-4c26-806c-1183f0126592:192.168.5.148:44605, b50c6779-182a-4abf-ac90-b7c5982ab67f:192.168.5.148:46476], old=null
2019-09-24 19:06:16,911 [74a8c3a1-4d80-4c26-806c-1183f0126592@group-192AEBA694D5:LeaderElection165] INFO  impl.RoleInfo (RoleInfo.java:updateAndGet(143)) - 74a8c3a1-4d80-4c26-806c-1183f0126592: start FollowerState
2019-09-24 19:06:16,911 [a0991bb0-d059-4b75-b34b-f0d320bfe012@group-84081C198BA3:LeaderElection166] INFO  impl.RaftServerImpl (RaftServerImpl.java:setRole(174)) - a0991bb0-d059-4b75-b34b-f0d320bfe012@group-84081C198BA3: changes role from CANDIDATE to FOLLOWER at term 1 for DISCOVERED_A_NEW_TERM
2019-09-24 19:06:16,910 [74a8c3a1-4d80-4c26-806c-1183f0126592@group-84081C198BA3:LeaderElection168] INFO  impl.LeaderElection (LeaderElection.java:logAndReturn(56)) - 74a8c3a1-4d80-4c26-806c-1183f0126592@group-84081C198BA3:LeaderElection168: Election REJECTED; received 1 response(s) [74a8c3a1-4d80-4c26-806c-1183f0126592<-a0991bb0-d059-4b75-b34b-f0d320bfe012#0:FAIL-t1] and 1 exception(s); 74a8c3a1-4d80-4c26-806c-1183f0126592@group-84081C198BA3:t1, leader=null, voted=74a8c3a1-4d80-4c26-806c-1183f0126592, raftlog=74a8c3a1-4d80-4c26-806c-1183f0126592@group-84081C198BA3-SegmentedRaftLog:OPENED:c-1,f-1,i0, conf=-1: [a0991bb0-d059-4b75-b34b-f0d320bfe012:192.168.5.148:46271, 74a8c3a1-4d80-4c26-806c-1183f0126592:192.168.5.148:44605, b50c6779-182a-4abf-ac90-b7c5982ab67f:192.168.5.148:46476], old=null
2019-09-24 19:06:16,912 [a0991bb0-d059-4b75-b34b-f0d320bfe012@group-84081C198BA3:LeaderElection166] INFO  impl.RoleInfo (RoleInfo.java:shutdownLeaderElection(134)) - a0991bb0-d059-4b75-b34b-f0d320bfe012: shutdown LeaderElection
2019-09-24 19:06:16,911 [a0991bb0-d059-4b75-b34b-f0d320bfe012@group-192AEBA694D5:LeaderElection167] INFO  impl.LeaderElection (LogUtils.java:infoOrTrace(149)) -   Exception 0: {}
java.util.concurrent.ExecutionException: org.apache.ratis.thirdparty.io.grpc.StatusRuntimeException: CANCELLED: HTTP/2 error code: CANCEL
Received Rst Stream
	at java.util.concurrent.FutureTask.report(FutureTask.java:122)
	at java.util.concurrent.FutureTask.get(FutureTask.java:192)
	at org.apache.ratis.server.impl.LeaderElection.waitForResults(LeaderElection.java:263)
	at org.apache.ratis.server.impl.LeaderElection.askForVotes(LeaderElection.java:201)
	at org.apache.ratis.server.impl.LeaderElection.run(LeaderElection.java:133)
	at java.lang.Thread.run(Thread.java:748)
Caused by: org.apache.ratis.thirdparty.io.grpc.StatusRuntimeException: CANCELLED: HTTP/2 error code: CANCEL
Received Rst Stream
	at org.apache.ratis.thirdparty.io.grpc.stub.ClientCalls.toStatusRuntimeException(ClientCalls.java:233)
	at org.apache.ratis.thirdparty.io.grpc.stub.ClientCalls.getUnchecked(ClientCalls.java:214)
	at org.apache.ratis.thirdparty.io.grpc.stub.ClientCalls.blockingUnaryCall(ClientCalls.java:139)
	at org.apache.ratis.proto.grpc.RaftServerProtocolServiceGrpc$RaftServerProtocolServiceBlockingStub.requestVote(RaftServerProtocolServiceGrpc.java:265)
	at org.apache.ratis.grpc.server.GrpcServerProtocolClient.requestVote(GrpcServerProtocolClient.java:90)
	at org.apache.ratis.grpc.server.GrpcService.requestVote(GrpcService.java:204)
	at org.apache.ratis.server.impl.LeaderElection.lambda$submitRequests$1(LeaderElection.java:238)
	at java.util.concurrent.FutureTask.run(FutureTask.java:266)
	at java.util.concurrent.Executors$RunnableAdapter.call(Executors.java:511)
	at java.util.concurrent.FutureTask.run(FutureTask.java:266)
	at java.util.concurrent.ThreadPoolExecutor.runWorker(ThreadPoolExecutor.java:1149)
	at java.util.concurrent.ThreadPoolExecutor$Worker.run(ThreadPoolExecutor.java:624)
	... 1 more
2019-09-24 19:06:16,912 [a0991bb0-d059-4b75-b34b-f0d320bfe012@group-84081C198BA3:LeaderElection166] INFO  impl.RoleInfo (RoleInfo.java:updateAndGet(143)) - a0991bb0-d059-4b75-b34b-f0d320bfe012: start FollowerState
2019-09-24 19:06:16,912 [74a8c3a1-4d80-4c26-806c-1183f0126592@group-84081C198BA3:LeaderElection168] INFO  impl.LeaderElection (LogUtils.java:infoOrTrace(149)) -   Exception 0: {}
java.util.concurrent.ExecutionException: org.apache.ratis.thirdparty.io.grpc.StatusRuntimeException: CANCELLED: HTTP/2 error code: CANCEL
Received Rst Stream
	at java.util.concurrent.FutureTask.report(FutureTask.java:122)
	at java.util.concurrent.FutureTask.get(FutureTask.java:192)
	at org.apache.ratis.server.impl.LeaderElection.waitForResults(LeaderElection.java:263)
	at org.apache.ratis.server.impl.LeaderElection.askForVotes(LeaderElection.java:201)
	at org.apache.ratis.server.impl.LeaderElection.run(LeaderElection.java:133)
	at java.lang.Thread.run(Thread.java:748)
Caused by: org.apache.ratis.thirdparty.io.grpc.StatusRuntimeException: CANCELLED: HTTP/2 error code: CANCEL
Received Rst Stream
	at org.apache.ratis.thirdparty.io.grpc.stub.ClientCalls.toStatusRuntimeException(ClientCalls.java:233)
	at org.apache.ratis.thirdparty.io.grpc.stub.ClientCalls.getUnchecked(ClientCalls.java:214)
	at org.apache.ratis.thirdparty.io.grpc.stub.ClientCalls.blockingUnaryCall(ClientCalls.java:139)
	at org.apache.ratis.proto.grpc.RaftServerProtocolServiceGrpc$RaftServerProtocolServiceBlockingStub.requestVote(RaftServerProtocolServiceGrpc.java:265)
	at org.apache.ratis.grpc.server.GrpcServerProtocolClient.requestVote(GrpcServerProtocolClient.java:90)
	at org.apache.ratis.grpc.server.GrpcService.requestVote(GrpcService.java:204)
	at org.apache.ratis.server.impl.LeaderElection.lambda$submitRequests$1(LeaderElection.java:238)
	at java.util.concurrent.FutureTask.run(FutureTask.java:266)
	at java.util.concurrent.Executors$RunnableAdapter.call(Executors.java:511)
	at java.util.concurrent.FutureTask.run(FutureTask.java:266)
	at java.util.concurrent.ThreadPoolExecutor.runWorker(ThreadPoolExecutor.java:1149)
	at java.util.concurrent.ThreadPoolExecutor$Worker.run(ThreadPoolExecutor.java:624)
	... 1 more
2019-09-24 19:06:16,912 [a0991bb0-d059-4b75-b34b-f0d320bfe012@group-192AEBA694D5:LeaderElection167] INFO  impl.RaftServerImpl (RaftServerImpl.java:setRole(174)) - a0991bb0-d059-4b75-b34b-f0d320bfe012@group-192AEBA694D5: changes role from CANDIDATE to FOLLOWER at term 1 for DISCOVERED_A_NEW_TERM
2019-09-24 19:06:16,913 [74a8c3a1-4d80-4c26-806c-1183f0126592@group-84081C198BA3:LeaderElection168] INFO  impl.RaftServerImpl (RaftServerImpl.java:setRole(174)) - 74a8c3a1-4d80-4c26-806c-1183f0126592@group-84081C198BA3: changes role from CANDIDATE to FOLLOWER at term 1 for DISCOVERED_A_NEW_TERM
2019-09-24 19:06:16,913 [a0991bb0-d059-4b75-b34b-f0d320bfe012@group-192AEBA694D5:LeaderElection167] INFO  impl.RoleInfo (RoleInfo.java:shutdownLeaderElection(134)) - a0991bb0-d059-4b75-b34b-f0d320bfe012: shutdown LeaderElection
2019-09-24 19:06:16,913 [74a8c3a1-4d80-4c26-806c-1183f0126592@group-84081C198BA3:LeaderElection168] INFO  impl.RoleInfo (RoleInfo.java:shutdownLeaderElection(134)) - 74a8c3a1-4d80-4c26-806c-1183f0126592: shutdown LeaderElection
2019-09-24 19:06:16,913 [a0991bb0-d059-4b75-b34b-f0d320bfe012@group-192AEBA694D5:LeaderElection167] INFO  impl.RoleInfo (RoleInfo.java:updateAndGet(143)) - a0991bb0-d059-4b75-b34b-f0d320bfe012: start FollowerState
2019-09-24 19:06:16,914 [74a8c3a1-4d80-4c26-806c-1183f0126592@group-84081C198BA3:LeaderElection168] INFO  impl.RoleInfo (RoleInfo.java:updateAndGet(143)) - 74a8c3a1-4d80-4c26-806c-1183f0126592: start FollowerState
2019-09-24 19:06:16,921 [main] INFO  utils.BackgroundService (BackgroundService.java:shutdown(148)) - Shutting down service BlockDeletingService
2019-09-24 19:06:16,929 [main] INFO  statemachine.DatanodeStateMachine (DatanodeStateMachine.java:stopDaemon(395)) - Ozone container server stopped.
2019-09-24 19:06:16,930 [main] INFO  handler.ContextHandler (ContextHandler.java:doStop(910)) - Stopped o.e.j.w.WebAppContext@15639d09{/,null,UNAVAILABLE}{/hddsDatanode}
2019-09-24 19:06:16,931 [main] INFO  server.AbstractConnector (AbstractConnector.java:doStop(318)) - Stopped ServerConnector@4fba8eec{HTTP/1.1,[http/1.1]}{0.0.0.0:0}
2019-09-24 19:06:16,931 [main] INFO  handler.ContextHandler (ContextHandler.java:doStop(910)) - Stopped o.e.j.s.ServletContextHandler@5e9bbd9d{/static,jar:file:/home/user/.m2/repository/org/apache/hadoop/hadoop-hdds-container-service/0.5.0-SNAPSHOT/hadoop-hdds-container-service-0.5.0-SNAPSHOT.jar!/webapps/static,UNAVAILABLE}
2019-09-24 19:06:16,932 [main] INFO  handler.ContextHandler (ContextHandler.java:doStop(910)) - Stopped o.e.j.s.ServletContextHandler@477021ee{/logs,file:///workdir/hadoop-ozone/integration-test/target/log,UNAVAILABLE}
2019-09-24 19:06:17,010 [Datanode State Machine Thread - 0] INFO  statemachine.DatanodeStateMachine (DatanodeStateMachine.java:lambda$startDaemon$0(350)) - Ozone container server started.
2019-09-24 19:06:17,123 [grpc-default-executor-17] WARN  server.GrpcLogAppender (LogUtils.java:warn(134)) - 74a8c3a1-4d80-4c26-806c-1183f0126592@group-9B209ADA5585->b50c6779-182a-4abf-ac90-b7c5982ab67f-AppendLogResponseHandler: Failed appendEntries: org.apache.ratis.thirdparty.io.grpc.StatusRuntimeException: UNAVAILABLE: io exception
2019-09-24 19:06:17,124 [grpc-default-executor-17] INFO  impl.FollowerInfo (FollowerInfo.java:lambda$new$0(51)) - 74a8c3a1-4d80-4c26-806c-1183f0126592@group-9B209ADA5585->b50c6779-182a-4abf-ac90-b7c5982ab67f: nextIndex: updateUnconditionally 0 -> 0
2019-09-24 19:06:17,624 [grpc-default-executor-16] WARN  server.GrpcLogAppender (LogUtils.java:warn(134)) - 74a8c3a1-4d80-4c26-806c-1183f0126592@group-9B209ADA5585->b50c6779-182a-4abf-ac90-b7c5982ab67f-AppendLogResponseHandler: Failed appendEntries: org.apache.ratis.thirdparty.io.grpc.StatusRuntimeException: UNAVAILABLE: io exception
2019-09-24 19:06:17,624 [grpc-default-executor-16] INFO  impl.FollowerInfo (FollowerInfo.java:lambda$new$0(51)) - 74a8c3a1-4d80-4c26-806c-1183f0126592@group-9B209ADA5585->b50c6779-182a-4abf-ac90-b7c5982ab67f: nextIndex: updateUnconditionally 0 -> 0
2019-09-24 19:06:17,914 [Thread-2699] INFO  impl.FollowerState (FollowerState.java:run(106)) - 74a8c3a1-4d80-4c26-806c-1183f0126592:group-192AEBA694D5 changes to CANDIDATE, lastRpcTime:1002, electionTimeout:1002ms
2019-09-24 19:06:17,914 [Thread-2699] INFO  impl.RoleInfo (RoleInfo.java:shutdownFollowerState(121)) - 74a8c3a1-4d80-4c26-806c-1183f0126592: shutdown FollowerState
2019-09-24 19:06:17,914 [Thread-2699] INFO  impl.RaftServerImpl (RaftServerImpl.java:setRole(174)) - 74a8c3a1-4d80-4c26-806c-1183f0126592@group-192AEBA694D5: changes role from  FOLLOWER to CANDIDATE at term 1 for changeToCandidate
2019-09-24 19:06:17,915 [Thread-2699] INFO  impl.RoleInfo (RoleInfo.java:updateAndGet(143)) - 74a8c3a1-4d80-4c26-806c-1183f0126592: start LeaderElection
2019-09-24 19:06:17,995 [Thread-2701] INFO  impl.FollowerState (FollowerState.java:run(106)) - a0991bb0-d059-4b75-b34b-f0d320bfe012:group-192AEBA694D5 changes to CANDIDATE, lastRpcTime:1081, electionTimeout:1081ms
2019-09-24 19:06:17,995 [Thread-2701] INFO  impl.RoleInfo (RoleInfo.java:shutdownFollowerState(121)) - a0991bb0-d059-4b75-b34b-f0d320bfe012: shutdown FollowerState
2019-09-24 19:06:17,996 [Thread-2701] INFO  impl.RaftServerImpl (RaftServerImpl.java:setRole(174)) - a0991bb0-d059-4b75-b34b-f0d320bfe012@group-192AEBA694D5: changes role from  FOLLOWER to CANDIDATE at term 1 for changeToCandidate
2019-09-24 19:06:17,996 [Thread-2701] INFO  impl.RoleInfo (RoleInfo.java:updateAndGet(143)) - a0991bb0-d059-4b75-b34b-f0d320bfe012: start LeaderElection
2019-09-24 19:06:18,065 [Thread-2702] INFO  impl.FollowerState (FollowerState.java:run(106)) - 74a8c3a1-4d80-4c26-806c-1183f0126592:group-84081C198BA3 changes to CANDIDATE, lastRpcTime:1151, electionTimeout:1151ms
2019-09-24 19:06:18,065 [Thread-2702] INFO  impl.RoleInfo (RoleInfo.java:shutdownFollowerState(121)) - 74a8c3a1-4d80-4c26-806c-1183f0126592: shutdown FollowerState
2019-09-24 19:06:18,066 [Thread-2702] INFO  impl.RaftServerImpl (RaftServerImpl.java:setRole(174)) - 74a8c3a1-4d80-4c26-806c-1183f0126592@group-84081C198BA3: changes role from  FOLLOWER to CANDIDATE at term 1 for changeToCandidate
2019-09-24 19:06:18,066 [Thread-2702] INFO  impl.RoleInfo (RoleInfo.java:updateAndGet(143)) - 74a8c3a1-4d80-4c26-806c-1183f0126592: start LeaderElection
2019-09-24 19:06:18,067 [Thread-2700] INFO  impl.FollowerState (FollowerState.java:run(106)) - a0991bb0-d059-4b75-b34b-f0d320bfe012:group-84081C198BA3 changes to CANDIDATE, lastRpcTime:1154, electionTimeout:1154ms
2019-09-24 19:06:18,067 [Thread-2700] INFO  impl.RoleInfo (RoleInfo.java:shutdownFollowerState(121)) - a0991bb0-d059-4b75-b34b-f0d320bfe012: shutdown FollowerState
2019-09-24 19:06:18,067 [Thread-2700] INFO  impl.RaftServerImpl (RaftServerImpl.java:setRole(174)) - a0991bb0-d059-4b75-b34b-f0d320bfe012@group-84081C198BA3: changes role from  FOLLOWER to CANDIDATE at term 1 for changeToCandidate
2019-09-24 19:06:18,067 [Thread-2700] INFO  impl.RoleInfo (RoleInfo.java:updateAndGet(143)) - a0991bb0-d059-4b75-b34b-f0d320bfe012: start LeaderElection
2019-09-24 19:06:18,124 [grpc-default-executor-12] WARN  server.GrpcLogAppender (LogUtils.java:warn(134)) - 74a8c3a1-4d80-4c26-806c-1183f0126592@group-9B209ADA5585->b50c6779-182a-4abf-ac90-b7c5982ab67f-AppendLogResponseHandler: Failed appendEntries: org.apache.ratis.thirdparty.io.grpc.StatusRuntimeException: UNAVAILABLE: io exception
2019-09-24 19:06:18,125 [grpc-default-executor-12] INFO  impl.FollowerInfo (FollowerInfo.java:lambda$new$0(51)) - 74a8c3a1-4d80-4c26-806c-1183f0126592@group-9B209ADA5585->b50c6779-182a-4abf-ac90-b7c5982ab67f: nextIndex: updateUnconditionally 0 -> 0
2019-09-24 19:06:18,561 [74a8c3a1-4d80-4c26-806c-1183f0126592@group-192AEBA694D5:LeaderElection169] INFO  impl.LeaderElection (LeaderElection.java:askForVotes(182)) - 74a8c3a1-4d80-4c26-806c-1183f0126592@group-192AEBA694D5:LeaderElection169: begin an election at term 2 for -1: [a0991bb0-d059-4b75-b34b-f0d320bfe012:192.168.5.148:46271, 74a8c3a1-4d80-4c26-806c-1183f0126592:192.168.5.148:44605, b50c6779-182a-4abf-ac90-b7c5982ab67f:192.168.5.148:46476], old=null
2019-09-24 19:06:18,561 [a0991bb0-d059-4b75-b34b-f0d320bfe012@group-192AEBA694D5:LeaderElection170] INFO  impl.LeaderElection (LeaderElection.java:askForVotes(182)) - a0991bb0-d059-4b75-b34b-f0d320bfe012@group-192AEBA694D5:LeaderElection170: begin an election at term 2 for -1: [a0991bb0-d059-4b75-b34b-f0d320bfe012:192.168.5.148:46271, 74a8c3a1-4d80-4c26-806c-1183f0126592:192.168.5.148:44605, b50c6779-182a-4abf-ac90-b7c5982ab67f:192.168.5.148:46476], old=null
2019-09-24 19:06:18,561 [74a8c3a1-4d80-4c26-806c-1183f0126592@group-84081C198BA3:LeaderElection171] INFO  impl.LeaderElection (LeaderElection.java:askForVotes(182)) - 74a8c3a1-4d80-4c26-806c-1183f0126592@group-84081C198BA3:LeaderElection171: begin an election at term 2 for -1: [a0991bb0-d059-4b75-b34b-f0d320bfe012:192.168.5.148:46271, 74a8c3a1-4d80-4c26-806c-1183f0126592:192.168.5.148:44605, b50c6779-182a-4abf-ac90-b7c5982ab67f:192.168.5.148:46476], old=null
2019-09-24 19:06:18,561 [a0991bb0-d059-4b75-b34b-f0d320bfe012@group-84081C198BA3:LeaderElection172] INFO  impl.LeaderElection (LeaderElection.java:askForVotes(182)) - a0991bb0-d059-4b75-b34b-f0d320bfe012@group-84081C198BA3:LeaderElection172: begin an election at term 2 for -1: [a0991bb0-d059-4b75-b34b-f0d320bfe012:192.168.5.148:46271, 74a8c3a1-4d80-4c26-806c-1183f0126592:192.168.5.148:44605, b50c6779-182a-4abf-ac90-b7c5982ab67f:192.168.5.148:46476], old=null
2019-09-24 19:06:18,564 [a0991bb0-d059-4b75-b34b-f0d320bfe012@group-192AEBA694D5:LeaderElection170] INFO  impl.LeaderElection (LogUtils.java:infoOrTrace(149)) - a0991bb0-d059-4b75-b34b-f0d320bfe012@group-192AEBA694D5:LeaderElection170 got exception when requesting votes: {}
java.util.concurrent.ExecutionException: org.apache.ratis.thirdparty.io.grpc.StatusRuntimeException: UNAVAILABLE: io exception
	at java.util.concurrent.FutureTask.report(FutureTask.java:122)
	at java.util.concurrent.FutureTask.get(FutureTask.java:192)
	at org.apache.ratis.server.impl.LeaderElection.waitForResults(LeaderElection.java:263)
	at org.apache.ratis.server.impl.LeaderElection.askForVotes(LeaderElection.java:201)
	at org.apache.ratis.server.impl.LeaderElection.run(LeaderElection.java:133)
	at java.lang.Thread.run(Thread.java:748)
Caused by: org.apache.ratis.thirdparty.io.grpc.StatusRuntimeException: UNAVAILABLE: io exception
	at org.apache.ratis.thirdparty.io.grpc.stub.ClientCalls.toStatusRuntimeException(ClientCalls.java:233)
	at org.apache.ratis.thirdparty.io.grpc.stub.ClientCalls.getUnchecked(ClientCalls.java:214)
	at org.apache.ratis.thirdparty.io.grpc.stub.ClientCalls.blockingUnaryCall(ClientCalls.java:139)
	at org.apache.ratis.proto.grpc.RaftServerProtocolServiceGrpc$RaftServerProtocolServiceBlockingStub.requestVote(RaftServerProtocolServiceGrpc.java:265)
	at org.apache.ratis.grpc.server.GrpcServerProtocolClient.requestVote(GrpcServerProtocolClient.java:90)
	at org.apache.ratis.grpc.server.GrpcService.requestVote(GrpcService.java:204)
	at org.apache.ratis.server.impl.LeaderElection.lambda$submitRequests$1(LeaderElection.java:238)
	at java.util.concurrent.FutureTask.run(FutureTask.java:266)
	at java.util.concurrent.Executors$RunnableAdapter.call(Executors.java:511)
	at java.util.concurrent.FutureTask.run(FutureTask.java:266)
	at java.util.concurrent.ThreadPoolExecutor.runWorker(ThreadPoolExecutor.java:1149)
	at java.util.concurrent.ThreadPoolExecutor$Worker.run(ThreadPoolExecutor.java:624)
	... 1 more
Caused by: org.apache.ratis.thirdparty.io.netty.channel.AbstractChannel$AnnotatedConnectException: Connection refused: /192.168.5.148:46476
	at sun.nio.ch.SocketChannelImpl.checkConnect(Native Method)
	at sun.nio.ch.SocketChannelImpl.finishConnect(SocketChannelImpl.java:717)
	at org.apache.ratis.thirdparty.io.netty.channel.socket.nio.NioSocketChannel.doFinishConnect(NioSocketChannel.java:327)
	at org.apache.ratis.thirdparty.io.netty.channel.nio.AbstractNioChannel$AbstractNioUnsafe.finishConnect(AbstractNioChannel.java:340)
	at org.apache.ratis.thirdparty.io.netty.channel.nio.NioEventLoop.processSelectedKey(NioEventLoop.java:632)
	at org.apache.ratis.thirdparty.io.netty.channel.nio.NioEventLoop.processSelectedKeysOptimized(NioEventLoop.java:579)
	at org.apache.ratis.thirdparty.io.netty.channel.nio.NioEventLoop.processSelectedKeys(NioEventLoop.java:496)
	at org.apache.ratis.thirdparty.io.netty.channel.nio.NioEventLoop.run(NioEventLoop.java:458)
	at org.apache.ratis.thirdparty.io.netty.util.concurrent.SingleThreadEventExecutor$5.run(SingleThreadEventExecutor.java:897)
	at org.apache.ratis.thirdparty.io.netty.util.concurrent.FastThreadLocalRunnable.run(FastThreadLocalRunnable.java:30)
	... 1 more
Caused by: java.net.ConnectException: Connection refused
	... 11 more
2019-09-24 19:06:18,564 [a0991bb0-d059-4b75-b34b-f0d320bfe012@group-84081C198BA3:LeaderElection172] INFO  impl.LeaderElection (LogUtils.java:infoOrTrace(149)) - a0991bb0-d059-4b75-b34b-f0d320bfe012@group-84081C198BA3:LeaderElection172 got exception when requesting votes: {}
java.util.concurrent.ExecutionException: org.apache.ratis.thirdparty.io.grpc.StatusRuntimeException: UNAVAILABLE: io exception
	at java.util.concurrent.FutureTask.report(FutureTask.java:122)
	at java.util.concurrent.FutureTask.get(FutureTask.java:192)
	at org.apache.ratis.server.impl.LeaderElection.waitForResults(LeaderElection.java:263)
	at org.apache.ratis.server.impl.LeaderElection.askForVotes(LeaderElection.java:201)
	at org.apache.ratis.server.impl.LeaderElection.run(LeaderElection.java:133)
	at java.lang.Thread.run(Thread.java:748)
Caused by: org.apache.ratis.thirdparty.io.grpc.StatusRuntimeException: UNAVAILABLE: io exception
	at org.apache.ratis.thirdparty.io.grpc.stub.ClientCalls.toStatusRuntimeException(ClientCalls.java:233)
	at org.apache.ratis.thirdparty.io.grpc.stub.ClientCalls.getUnchecked(ClientCalls.java:214)
	at org.apache.ratis.thirdparty.io.grpc.stub.ClientCalls.blockingUnaryCall(ClientCalls.java:139)
	at org.apache.ratis.proto.grpc.RaftServerProtocolServiceGrpc$RaftServerProtocolServiceBlockingStub.requestVote(RaftServerProtocolServiceGrpc.java:265)
	at org.apache.ratis.grpc.server.GrpcServerProtocolClient.requestVote(GrpcServerProtocolClient.java:90)
	at org.apache.ratis.grpc.server.GrpcService.requestVote(GrpcService.java:204)
	at org.apache.ratis.server.impl.LeaderElection.lambda$submitRequests$1(LeaderElection.java:238)
	at java.util.concurrent.FutureTask.run(FutureTask.java:266)
	at java.util.concurrent.Executors$RunnableAdapter.call(Executors.java:511)
	at java.util.concurrent.FutureTask.run(FutureTask.java:266)
	at java.util.concurrent.ThreadPoolExecutor.runWorker(ThreadPoolExecutor.java:1149)
	at java.util.concurrent.ThreadPoolExecutor$Worker.run(ThreadPoolExecutor.java:624)
	... 1 more
Caused by: org.apache.ratis.thirdparty.io.netty.channel.AbstractChannel$AnnotatedConnectException: Connection refused: /192.168.5.148:46476
	at sun.nio.ch.SocketChannelImpl.checkConnect(Native Method)
	at sun.nio.ch.SocketChannelImpl.finishConnect(SocketChannelImpl.java:717)
	at org.apache.ratis.thirdparty.io.netty.channel.socket.nio.NioSocketChannel.doFinishConnect(NioSocketChannel.java:327)
	at org.apache.ratis.thirdparty.io.netty.channel.nio.AbstractNioChannel$AbstractNioUnsafe.finishConnect(AbstractNioChannel.java:340)
	at org.apache.ratis.thirdparty.io.netty.channel.nio.NioEventLoop.processSelectedKey(NioEventLoop.java:632)
	at org.apache.ratis.thirdparty.io.netty.channel.nio.NioEventLoop.processSelectedKeysOptimized(NioEventLoop.java:579)
	at org.apache.ratis.thirdparty.io.netty.channel.nio.NioEventLoop.processSelectedKeys(NioEventLoop.java:496)
	at org.apache.ratis.thirdparty.io.netty.channel.nio.NioEventLoop.run(NioEventLoop.java:458)
	at org.apache.ratis.thirdparty.io.netty.util.concurrent.SingleThreadEventExecutor$5.run(SingleThreadEventExecutor.java:897)
	at org.apache.ratis.thirdparty.io.netty.util.concurrent.FastThreadLocalRunnable.run(FastThreadLocalRunnable.java:30)
	... 1 more
Caused by: java.net.ConnectException: Connection refused
	... 11 more
2019-09-24 19:06:18,571 [74a8c3a1-4d80-4c26-806c-1183f0126592@group-192AEBA694D5:LeaderElection169] INFO  impl.LeaderElection (LogUtils.java:infoOrTrace(149)) - 74a8c3a1-4d80-4c26-806c-1183f0126592@group-192AEBA694D5:LeaderElection169 got exception when requesting votes: {}
java.util.concurrent.ExecutionException: org.apache.ratis.thirdparty.io.grpc.StatusRuntimeException: UNAVAILABLE: io exception
	at java.util.concurrent.FutureTask.report(FutureTask.java:122)
	at java.util.concurrent.FutureTask.get(FutureTask.java:192)
	at org.apache.ratis.server.impl.LeaderElection.waitForResults(LeaderElection.java:263)
	at org.apache.ratis.server.impl.LeaderElection.askForVotes(LeaderElection.java:201)
	at org.apache.ratis.server.impl.LeaderElection.run(LeaderElection.java:133)
	at java.lang.Thread.run(Thread.java:748)
Caused by: org.apache.ratis.thirdparty.io.grpc.StatusRuntimeException: UNAVAILABLE: io exception
	at org.apache.ratis.thirdparty.io.grpc.stub.ClientCalls.toStatusRuntimeException(ClientCalls.java:233)
	at org.apache.ratis.thirdparty.io.grpc.stub.ClientCalls.getUnchecked(ClientCalls.java:214)
	at org.apache.ratis.thirdparty.io.grpc.stub.ClientCalls.blockingUnaryCall(ClientCalls.java:139)
	at org.apache.ratis.proto.grpc.RaftServerProtocolServiceGrpc$RaftServerProtocolServiceBlockingStub.requestVote(RaftServerProtocolServiceGrpc.java:265)
	at org.apache.ratis.grpc.server.GrpcServerProtocolClient.requestVote(GrpcServerProtocolClient.java:90)
	at org.apache.ratis.grpc.server.GrpcService.requestVote(GrpcService.java:204)
	at org.apache.ratis.server.impl.LeaderElection.lambda$submitRequests$1(LeaderElection.java:238)
	at java.util.concurrent.FutureTask.run(FutureTask.java:266)
	at java.util.concurrent.Executors$RunnableAdapter.call(Executors.java:511)
	at java.util.concurrent.FutureTask.run(FutureTask.java:266)
	at java.util.concurrent.ThreadPoolExecutor.runWorker(ThreadPoolExecutor.java:1149)
	at java.util.concurrent.ThreadPoolExecutor$Worker.run(ThreadPoolExecutor.java:624)
	... 1 more
Caused by: org.apache.ratis.thirdparty.io.netty.channel.AbstractChannel$AnnotatedConnectException: Connection refused: /192.168.5.148:46476
	at sun.nio.ch.SocketChannelImpl.checkConnect(Native Method)
	at sun.nio.ch.SocketChannelImpl.finishConnect(SocketChannelImpl.java:717)
	at org.apache.ratis.thirdparty.io.netty.channel.socket.nio.NioSocketChannel.doFinishConnect(NioSocketChannel.java:327)
	at org.apache.ratis.thirdparty.io.netty.channel.nio.AbstractNioChannel$AbstractNioUnsafe.finishConnect(AbstractNioChannel.java:340)
	at org.apache.ratis.thirdparty.io.netty.channel.nio.NioEventLoop.processSelectedKey(NioEventLoop.java:632)
	at org.apache.ratis.thirdparty.io.netty.channel.nio.NioEventLoop.processSelectedKeysOptimized(NioEventLoop.java:579)
	at org.apache.ratis.thirdparty.io.netty.channel.nio.NioEventLoop.processSelectedKeys(NioEventLoop.java:496)
	at org.apache.ratis.thirdparty.io.netty.channel.nio.NioEventLoop.run(NioEventLoop.java:458)
	at org.apache.ratis.thirdparty.io.netty.util.concurrent.SingleThreadEventExecutor$5.run(SingleThreadEventExecutor.java:897)
	at org.apache.ratis.thirdparty.io.netty.util.concurrent.FastThreadLocalRunnable.run(FastThreadLocalRunnable.java:30)
	... 1 more
Caused by: java.net.ConnectException: Connection refused
	... 11 more
2019-09-24 19:06:18,569 [74a8c3a1-4d80-4c26-806c-1183f0126592@group-84081C198BA3:LeaderElection171] INFO  impl.LeaderElection (LogUtils.java:infoOrTrace(149)) - 74a8c3a1-4d80-4c26-806c-1183f0126592@group-84081C198BA3:LeaderElection171 got exception when requesting votes: {}
java.util.concurrent.ExecutionException: org.apache.ratis.thirdparty.io.grpc.StatusRuntimeException: UNAVAILABLE: io exception
	at java.util.concurrent.FutureTask.report(FutureTask.java:122)
	at java.util.concurrent.FutureTask.get(FutureTask.java:192)
	at org.apache.ratis.server.impl.LeaderElection.waitForResults(LeaderElection.java:263)
	at org.apache.ratis.server.impl.LeaderElection.askForVotes(LeaderElection.java:201)
	at org.apache.ratis.server.impl.LeaderElection.run(LeaderElection.java:133)
	at java.lang.Thread.run(Thread.java:748)
Caused by: org.apache.ratis.thirdparty.io.grpc.StatusRuntimeException: UNAVAILABLE: io exception
	at org.apache.ratis.thirdparty.io.grpc.stub.ClientCalls.toStatusRuntimeException(ClientCalls.java:233)
	at org.apache.ratis.thirdparty.io.grpc.stub.ClientCalls.getUnchecked(ClientCalls.java:214)
	at org.apache.ratis.thirdparty.io.grpc.stub.ClientCalls.blockingUnaryCall(ClientCalls.java:139)
	at org.apache.ratis.proto.grpc.RaftServerProtocolServiceGrpc$RaftServerProtocolServiceBlockingStub.requestVote(RaftServerProtocolServiceGrpc.java:265)
	at org.apache.ratis.grpc.server.GrpcServerProtocolClient.requestVote(GrpcServerProtocolClient.java:90)
	at org.apache.ratis.grpc.server.GrpcService.requestVote(GrpcService.java:204)
	at org.apache.ratis.server.impl.LeaderElection.lambda$submitRequests$1(LeaderElection.java:238)
	at java.util.concurrent.FutureTask.run(FutureTask.java:266)
	at java.util.concurrent.Executors$RunnableAdapter.call(Executors.java:511)
	at java.util.concurrent.FutureTask.run(FutureTask.java:266)
	at java.util.concurrent.ThreadPoolExecutor.runWorker(ThreadPoolExecutor.java:1149)
	at java.util.concurrent.ThreadPoolExecutor$Worker.run(ThreadPoolExecutor.java:624)
	... 1 more
Caused by: org.apache.ratis.thirdparty.io.netty.channel.AbstractChannel$AnnotatedConnectException: Connection refused: /192.168.5.148:46476
	at sun.nio.ch.SocketChannelImpl.checkConnect(Native Method)
	at sun.nio.ch.SocketChannelImpl.finishConnect(SocketChannelImpl.java:717)
	at org.apache.ratis.thirdparty.io.netty.channel.socket.nio.NioSocketChannel.doFinishConnect(NioSocketChannel.java:327)
	at org.apache.ratis.thirdparty.io.netty.channel.nio.AbstractNioChannel$AbstractNioUnsafe.finishConnect(AbstractNioChannel.java:340)
	at org.apache.ratis.thirdparty.io.netty.channel.nio.NioEventLoop.processSelectedKey(NioEventLoop.java:632)
	at org.apache.ratis.thirdparty.io.netty.channel.nio.NioEventLoop.processSelectedKeysOptimized(NioEventLoop.java:579)
	at org.apache.ratis.thirdparty.io.netty.channel.nio.NioEventLoop.processSelectedKeys(NioEventLoop.java:496)
	at org.apache.ratis.thirdparty.io.netty.channel.nio.NioEventLoop.run(NioEventLoop.java:458)
	at org.apache.ratis.thirdparty.io.netty.util.concurrent.SingleThreadEventExecutor$5.run(SingleThreadEventExecutor.java:897)
	at org.apache.ratis.thirdparty.io.netty.util.concurrent.FastThreadLocalRunnable.run(FastThreadLocalRunnable.java:30)
	... 1 more
Caused by: java.net.ConnectException: Connection refused
	... 11 more
2019-09-24 19:06:18,578 [74a8c3a1-4d80-4c26-806c-1183f0126592@group-192AEBA694D5:LeaderElection169] INFO  impl.LeaderElection (LeaderElection.java:logAndReturn(56)) - 74a8c3a1-4d80-4c26-806c-1183f0126592@group-192AEBA694D5:LeaderElection169: Election REJECTED; received 1 response(s) [74a8c3a1-4d80-4c26-806c-1183f0126592<-a0991bb0-d059-4b75-b34b-f0d320bfe012#0:FAIL-t2] and 1 exception(s); 74a8c3a1-4d80-4c26-806c-1183f0126592@group-192AEBA694D5:t2, leader=null, voted=74a8c3a1-4d80-4c26-806c-1183f0126592, raftlog=74a8c3a1-4d80-4c26-806c-1183f0126592@group-192AEBA694D5-SegmentedRaftLog:OPENED:c-1,f-1,i0, conf=-1: [a0991bb0-d059-4b75-b34b-f0d320bfe012:192.168.5.148:46271, 74a8c3a1-4d80-4c26-806c-1183f0126592:192.168.5.148:44605, b50c6779-182a-4abf-ac90-b7c5982ab67f:192.168.5.148:46476], old=null
2019-09-24 19:06:18,578 [a0991bb0-d059-4b75-b34b-f0d320bfe012@group-192AEBA694D5:LeaderElection170] INFO  impl.LeaderElection (LeaderElection.java:logAndReturn(56)) - a0991bb0-d059-4b75-b34b-f0d320bfe012@group-192AEBA694D5:LeaderElection170: Election REJECTED; received 1 response(s) [a0991bb0-d059-4b75-b34b-f0d320bfe012<-74a8c3a1-4d80-4c26-806c-1183f0126592#0:FAIL-t2] and 1 exception(s); a0991bb0-d059-4b75-b34b-f0d320bfe012@group-192AEBA694D5:t2, leader=null, voted=a0991bb0-d059-4b75-b34b-f0d320bfe012, raftlog=a0991bb0-d059-4b75-b34b-f0d320bfe012@group-192AEBA694D5-SegmentedRaftLog:OPENED:c-1,f-1,i0, conf=-1: [a0991bb0-d059-4b75-b34b-f0d320bfe012:192.168.5.148:46271, 74a8c3a1-4d80-4c26-806c-1183f0126592:192.168.5.148:44605, b50c6779-182a-4abf-ac90-b7c5982ab67f:192.168.5.148:46476], old=null
2019-09-24 19:06:18,575 [a0991bb0-d059-4b75-b34b-f0d320bfe012@group-84081C198BA3:LeaderElection172] INFO  impl.LeaderElection (LeaderElection.java:logAndReturn(56)) - a0991bb0-d059-4b75-b34b-f0d320bfe012@group-84081C198BA3:LeaderElection172: Election REJECTED; received 1 response(s) [a0991bb0-d059-4b75-b34b-f0d320bfe012<-74a8c3a1-4d80-4c26-806c-1183f0126592#0:FAIL-t2] and 1 exception(s); a0991bb0-d059-4b75-b34b-f0d320bfe012@group-84081C198BA3:t2, leader=null, voted=a0991bb0-d059-4b75-b34b-f0d320bfe012, raftlog=a0991bb0-d059-4b75-b34b-f0d320bfe012@group-84081C198BA3-SegmentedRaftLog:OPENED:c-1,f-1,i0, conf=-1: [a0991bb0-d059-4b75-b34b-f0d320bfe012:192.168.5.148:46271, 74a8c3a1-4d80-4c26-806c-1183f0126592:192.168.5.148:44605, b50c6779-182a-4abf-ac90-b7c5982ab67f:192.168.5.148:46476], old=null
2019-09-24 19:06:18,578 [a0991bb0-d059-4b75-b34b-f0d320bfe012@group-192AEBA694D5:LeaderElection170] INFO  impl.LeaderElection (LogUtils.java:infoOrTrace(149)) -   Exception 0: {}
java.util.concurrent.ExecutionException: org.apache.ratis.thirdparty.io.grpc.StatusRuntimeException: UNAVAILABLE: io exception
	at java.util.concurrent.FutureTask.report(FutureTask.java:122)
	at java.util.concurrent.FutureTask.get(FutureTask.java:192)
	at org.apache.ratis.server.impl.LeaderElection.waitForResults(LeaderElection.java:263)
	at org.apache.ratis.server.impl.LeaderElection.askForVotes(LeaderElection.java:201)
	at org.apache.ratis.server.impl.LeaderElection.run(LeaderElection.java:133)
	at java.lang.Thread.run(Thread.java:748)
Caused by: org.apache.ratis.thirdparty.io.grpc.StatusRuntimeException: UNAVAILABLE: io exception
	at org.apache.ratis.thirdparty.io.grpc.stub.ClientCalls.toStatusRuntimeException(ClientCalls.java:233)
	at org.apache.ratis.thirdparty.io.grpc.stub.ClientCalls.getUnchecked(ClientCalls.java:214)
	at org.apache.ratis.thirdparty.io.grpc.stub.ClientCalls.blockingUnaryCall(ClientCalls.java:139)
	at org.apache.ratis.proto.grpc.RaftServerProtocolServiceGrpc$RaftServerProtocolServiceBlockingStub.requestVote(RaftServerProtocolServiceGrpc.java:265)
	at org.apache.ratis.grpc.server.GrpcServerProtocolClient.requestVote(GrpcServerProtocolClient.java:90)
	at org.apache.ratis.grpc.server.GrpcService.requestVote(GrpcService.java:204)
	at org.apache.ratis.server.impl.LeaderElection.lambda$submitRequests$1(LeaderElection.java:238)
	at java.util.concurrent.FutureTask.run(FutureTask.java:266)
	at java.util.concurrent.Executors$RunnableAdapter.call(Executors.java:511)
	at java.util.concurrent.FutureTask.run(FutureTask.java:266)
	at java.util.concurrent.ThreadPoolExecutor.runWorker(ThreadPoolExecutor.java:1149)
	at java.util.concurrent.ThreadPoolExecutor$Worker.run(ThreadPoolExecutor.java:624)
	... 1 more
Caused by: org.apache.ratis.thirdparty.io.netty.channel.AbstractChannel$AnnotatedConnectException: Connection refused: /192.168.5.148:46476
	at sun.nio.ch.SocketChannelImpl.checkConnect(Native Method)
	at sun.nio.ch.SocketChannelImpl.finishConnect(SocketChannelImpl.java:717)
	at org.apache.ratis.thirdparty.io.netty.channel.socket.nio.NioSocketChannel.doFinishConnect(NioSocketChannel.java:327)
	at org.apache.ratis.thirdparty.io.netty.channel.nio.AbstractNioChannel$AbstractNioUnsafe.finishConnect(AbstractNioChannel.java:340)
	at org.apache.ratis.thirdparty.io.netty.channel.nio.NioEventLoop.processSelectedKey(NioEventLoop.java:632)
	at org.apache.ratis.thirdparty.io.netty.channel.nio.NioEventLoop.processSelectedKeysOptimized(NioEventLoop.java:579)
	at org.apache.ratis.thirdparty.io.netty.channel.nio.NioEventLoop.processSelectedKeys(NioEventLoop.java:496)
	at org.apache.ratis.thirdparty.io.netty.channel.nio.NioEventLoop.run(NioEventLoop.java:458)
	at org.apache.ratis.thirdparty.io.netty.util.concurrent.SingleThreadEventExecutor$5.run(SingleThreadEventExecutor.java:897)
	at org.apache.ratis.thirdparty.io.netty.util.concurrent.FastThreadLocalRunnable.run(FastThreadLocalRunnable.java:30)
	... 1 more
Caused by: java.net.ConnectException: Connection refused
	... 11 more
2019-09-24 19:06:18,578 [74a8c3a1-4d80-4c26-806c-1183f0126592@group-192AEBA694D5:LeaderElection169] INFO  impl.LeaderElection (LogUtils.java:infoOrTrace(149)) -   Exception 0: {}
java.util.concurrent.ExecutionException: org.apache.ratis.thirdparty.io.grpc.StatusRuntimeException: UNAVAILABLE: io exception
	at java.util.concurrent.FutureTask.report(FutureTask.java:122)
	at java.util.concurrent.FutureTask.get(FutureTask.java:192)
	at org.apache.ratis.server.impl.LeaderElection.waitForResults(LeaderElection.java:263)
	at org.apache.ratis.server.impl.LeaderElection.askForVotes(LeaderElection.java:201)
	at org.apache.ratis.server.impl.LeaderElection.run(LeaderElection.java:133)
	at java.lang.Thread.run(Thread.java:748)
Caused by: org.apache.ratis.thirdparty.io.grpc.StatusRuntimeException: UNAVAILABLE: io exception
	at org.apache.ratis.thirdparty.io.grpc.stub.ClientCalls.toStatusRuntimeException(ClientCalls.java:233)
	at org.apache.ratis.thirdparty.io.grpc.stub.ClientCalls.getUnchecked(ClientCalls.java:214)
	at org.apache.ratis.thirdparty.io.grpc.stub.ClientCalls.blockingUnaryCall(ClientCalls.java:139)
	at org.apache.ratis.proto.grpc.RaftServerProtocolServiceGrpc$RaftServerProtocolServiceBlockingStub.requestVote(RaftServerProtocolServiceGrpc.java:265)
	at org.apache.ratis.grpc.server.GrpcServerProtocolClient.requestVote(GrpcServerProtocolClient.java:90)
	at org.apache.ratis.grpc.server.GrpcService.requestVote(GrpcService.java:204)
	at org.apache.ratis.server.impl.LeaderElection.lambda$submitRequests$1(LeaderElection.java:238)
	at java.util.concurrent.FutureTask.run(FutureTask.java:266)
	at java.util.concurrent.Executors$RunnableAdapter.call(Executors.java:511)
	at java.util.concurrent.FutureTask.run(FutureTask.java:266)
	at java.util.concurrent.ThreadPoolExecutor.runWorker(ThreadPoolExecutor.java:1149)
	at java.util.concurrent.ThreadPoolExecutor$Worker.run(ThreadPoolExecutor.java:624)
	... 1 more
Caused by: org.apache.ratis.thirdparty.io.netty.channel.AbstractChannel$AnnotatedConnectException: Connection refused: /192.168.5.148:46476
	at sun.nio.ch.SocketChannelImpl.checkConnect(Native Method)
	at sun.nio.ch.SocketChannelImpl.finishConnect(SocketChannelImpl.java:717)
	at org.apache.ratis.thirdparty.io.netty.channel.socket.nio.NioSocketChannel.doFinishConnect(NioSocketChannel.java:327)
	at org.apache.ratis.thirdparty.io.netty.channel.nio.AbstractNioChannel$AbstractNioUnsafe.finishConnect(AbstractNioChannel.java:340)
	at org.apache.ratis.thirdparty.io.netty.channel.nio.NioEventLoop.processSelectedKey(NioEventLoop.java:632)
	at org.apache.ratis.thirdparty.io.netty.channel.nio.NioEventLoop.processSelectedKeysOptimized(NioEventLoop.java:579)
	at org.apache.ratis.thirdparty.io.netty.channel.nio.NioEventLoop.processSelectedKeys(NioEventLoop.java:496)
	at org.apache.ratis.thirdparty.io.netty.channel.nio.NioEventLoop.run(NioEventLoop.java:458)
	at org.apache.ratis.thirdparty.io.netty.util.concurrent.SingleThreadEventExecutor$5.run(SingleThreadEventExecutor.java:897)
	at org.apache.ratis.thirdparty.io.netty.util.concurrent.FastThreadLocalRunnable.run(FastThreadLocalRunnable.java:30)
	... 1 more
Caused by: java.net.ConnectException: Connection refused
	... 11 more
2019-09-24 19:06:18,578 [74a8c3a1-4d80-4c26-806c-1183f0126592@group-84081C198BA3:LeaderElection171] INFO  impl.LeaderElection (LeaderElection.java:logAndReturn(56)) - 74a8c3a1-4d80-4c26-806c-1183f0126592@group-84081C198BA3:LeaderElection171: Election REJECTED; received 1 response(s) [74a8c3a1-4d80-4c26-806c-1183f0126592<-a0991bb0-d059-4b75-b34b-f0d320bfe012#0:FAIL-t2] and 1 exception(s); 74a8c3a1-4d80-4c26-806c-1183f0126592@group-84081C198BA3:t2, leader=null, voted=74a8c3a1-4d80-4c26-806c-1183f0126592, raftlog=74a8c3a1-4d80-4c26-806c-1183f0126592@group-84081C198BA3-SegmentedRaftLog:OPENED:c-1,f-1,i0, conf=-1: [a0991bb0-d059-4b75-b34b-f0d320bfe012:192.168.5.148:46271, 74a8c3a1-4d80-4c26-806c-1183f0126592:192.168.5.148:44605, b50c6779-182a-4abf-ac90-b7c5982ab67f:192.168.5.148:46476], old=null
2019-09-24 19:06:18,580 [74a8c3a1-4d80-4c26-806c-1183f0126592@group-192AEBA694D5:LeaderElection169] INFO  impl.RaftServerImpl (RaftServerImpl.java:setRole(174)) - 74a8c3a1-4d80-4c26-806c-1183f0126592@group-192AEBA694D5: changes role from CANDIDATE to FOLLOWER at term 2 for DISCOVERED_A_NEW_TERM
2019-09-24 19:06:18,580 [74a8c3a1-4d80-4c26-806c-1183f0126592@group-192AEBA694D5:LeaderElection169] INFO  impl.RoleInfo (RoleInfo.java:shutdownLeaderElection(134)) - 74a8c3a1-4d80-4c26-806c-1183f0126592: shutdown LeaderElection
2019-09-24 19:06:18,579 [a0991bb0-d059-4b75-b34b-f0d320bfe012@group-192AEBA694D5:LeaderElection170] INFO  impl.RaftServerImpl (RaftServerImpl.java:setRole(174)) - a0991bb0-d059-4b75-b34b-f0d320bfe012@group-192AEBA694D5: changes role from CANDIDATE to FOLLOWER at term 2 for DISCOVERED_A_NEW_TERM
2019-09-24 19:06:18,580 [a0991bb0-d059-4b75-b34b-f0d320bfe012@group-192AEBA694D5:LeaderElection170] INFO  impl.RoleInfo (RoleInfo.java:shutdownLeaderElection(134)) - a0991bb0-d059-4b75-b34b-f0d320bfe012: shutdown LeaderElection
2019-09-24 19:06:18,578 [a0991bb0-d059-4b75-b34b-f0d320bfe012@group-84081C198BA3:LeaderElection172] INFO  impl.LeaderElection (LogUtils.java:infoOrTrace(149)) -   Exception 0: {}
java.util.concurrent.ExecutionException: org.apache.ratis.thirdparty.io.grpc.StatusRuntimeException: UNAVAILABLE: io exception
	at java.util.concurrent.FutureTask.report(FutureTask.java:122)
	at java.util.concurrent.FutureTask.get(FutureTask.java:192)
	at org.apache.ratis.server.impl.LeaderElection.waitForResults(LeaderElection.java:263)
	at org.apache.ratis.server.impl.LeaderElection.askForVotes(LeaderElection.java:201)
	at org.apache.ratis.server.impl.LeaderElection.run(LeaderElection.java:133)
	at java.lang.Thread.run(Thread.java:748)
Caused by: org.apache.ratis.thirdparty.io.grpc.StatusRuntimeException: UNAVAILABLE: io exception
	at org.apache.ratis.thirdparty.io.grpc.stub.ClientCalls.toStatusRuntimeException(ClientCalls.java:233)
	at org.apache.ratis.thirdparty.io.grpc.stub.ClientCalls.getUnchecked(ClientCalls.java:214)
	at org.apache.ratis.thirdparty.io.grpc.stub.ClientCalls.blockingUnaryCall(ClientCalls.java:139)
	at org.apache.ratis.proto.grpc.RaftServerProtocolServiceGrpc$RaftServerProtocolServiceBlockingStub.requestVote(RaftServerProtocolServiceGrpc.java:265)
	at org.apache.ratis.grpc.server.GrpcServerProtocolClient.requestVote(GrpcServerProtocolClient.java:90)
	at org.apache.ratis.grpc.server.GrpcService.requestVote(GrpcService.java:204)
	at org.apache.ratis.server.impl.LeaderElection.lambda$submitRequests$1(LeaderElection.java:238)
	at java.util.concurrent.FutureTask.run(FutureTask.java:266)
	at java.util.concurrent.Executors$RunnableAdapter.call(Executors.java:511)
	at java.util.concurrent.FutureTask.run(FutureTask.java:266)
	at java.util.concurrent.ThreadPoolExecutor.runWorker(ThreadPoolExecutor.java:1149)
	at java.util.concurrent.ThreadPoolExecutor$Worker.run(ThreadPoolExecutor.java:624)
	... 1 more
Caused by: org.apache.ratis.thirdparty.io.netty.channel.AbstractChannel$AnnotatedConnectException: Connection refused: /192.168.5.148:46476
	at sun.nio.ch.SocketChannelImpl.checkConnect(Native Method)
	at sun.nio.ch.SocketChannelImpl.finishConnect(SocketChannelImpl.java:717)
	at org.apache.ratis.thirdparty.io.netty.channel.socket.nio.NioSocketChannel.doFinishConnect(NioSocketChannel.java:327)
	at org.apache.ratis.thirdparty.io.netty.channel.nio.AbstractNioChannel$AbstractNioUnsafe.finishConnect(AbstractNioChannel.java:340)
	at org.apache.ratis.thirdparty.io.netty.channel.nio.NioEventLoop.processSelectedKey(NioEventLoop.java:632)
	at org.apache.ratis.thirdparty.io.netty.channel.nio.NioEventLoop.processSelectedKeysOptimized(NioEventLoop.java:579)
	at org.apache.ratis.thirdparty.io.netty.channel.nio.NioEventLoop.processSelectedKeys(NioEventLoop.java:496)
	at org.apache.ratis.thirdparty.io.netty.channel.nio.NioEventLoop.run(NioEventLoop.java:458)
	at org.apache.ratis.thirdparty.io.netty.util.concurrent.SingleThreadEventExecutor$5.run(SingleThreadEventExecutor.java:897)
	at org.apache.ratis.thirdparty.io.netty.util.concurrent.FastThreadLocalRunnable.run(FastThreadLocalRunnable.java:30)
	... 1 more
Caused by: java.net.ConnectException: Connection refused
	... 11 more
2019-09-24 19:06:18,581 [a0991bb0-d059-4b75-b34b-f0d320bfe012@group-192AEBA694D5:LeaderElection170] INFO  impl.RoleInfo (RoleInfo.java:updateAndGet(143)) - a0991bb0-d059-4b75-b34b-f0d320bfe012: start FollowerState
2019-09-24 19:06:18,580 [74a8c3a1-4d80-4c26-806c-1183f0126592@group-192AEBA694D5:LeaderElection169] INFO  impl.RoleInfo (RoleInfo.java:updateAndGet(143)) - 74a8c3a1-4d80-4c26-806c-1183f0126592: start FollowerState
2019-09-24 19:06:18,580 [74a8c3a1-4d80-4c26-806c-1183f0126592@group-84081C198BA3:LeaderElection171] INFO  impl.LeaderElection (LogUtils.java:infoOrTrace(149)) -   Exception 0: {}
java.util.concurrent.ExecutionException: org.apache.ratis.thirdparty.io.grpc.StatusRuntimeException: UNAVAILABLE: io exception
	at java.util.concurrent.FutureTask.report(FutureTask.java:122)
	at java.util.concurrent.FutureTask.get(FutureTask.java:192)
	at org.apache.ratis.server.impl.LeaderElection.waitForResults(LeaderElection.java:263)
	at org.apache.ratis.server.impl.LeaderElection.askForVotes(LeaderElection.java:201)
	at org.apache.ratis.server.impl.LeaderElection.run(LeaderElection.java:133)
	at java.lang.Thread.run(Thread.java:748)
Caused by: org.apache.ratis.thirdparty.io.grpc.StatusRuntimeException: UNAVAILABLE: io exception
	at org.apache.ratis.thirdparty.io.grpc.stub.ClientCalls.toStatusRuntimeException(ClientCalls.java:233)
	at org.apache.ratis.thirdparty.io.grpc.stub.ClientCalls.getUnchecked(ClientCalls.java:214)
	at org.apache.ratis.thirdparty.io.grpc.stub.ClientCalls.blockingUnaryCall(ClientCalls.java:139)
	at org.apache.ratis.proto.grpc.RaftServerProtocolServiceGrpc$RaftServerProtocolServiceBlockingStub.requestVote(RaftServerProtocolServiceGrpc.java:265)
	at org.apache.ratis.grpc.server.GrpcServerProtocolClient.requestVote(GrpcServerProtocolClient.java:90)
	at org.apache.ratis.grpc.server.GrpcService.requestVote(GrpcService.java:204)
	at org.apache.ratis.server.impl.LeaderElection.lambda$submitRequests$1(LeaderElection.java:238)
	at java.util.concurrent.FutureTask.run(FutureTask.java:266)
	at java.util.concurrent.Executors$RunnableAdapter.call(Executors.java:511)
	at java.util.concurrent.FutureTask.run(FutureTask.java:266)
	at java.util.concurrent.ThreadPoolExecutor.runWorker(ThreadPoolExecutor.java:1149)
	at java.util.concurrent.ThreadPoolExecutor$Worker.run(ThreadPoolExecutor.java:624)
	... 1 more
Caused by: org.apache.ratis.thirdparty.io.netty.channel.AbstractChannel$AnnotatedConnectException: Connection refused: /192.168.5.148:46476
	at sun.nio.ch.SocketChannelImpl.checkConnect(Native Method)
	at sun.nio.ch.SocketChannelImpl.finishConnect(SocketChannelImpl.java:717)
	at org.apache.ratis.thirdparty.io.netty.channel.socket.nio.NioSocketChannel.doFinishConnect(NioSocketChannel.java:327)
	at org.apache.ratis.thirdparty.io.netty.channel.nio.AbstractNioChannel$AbstractNioUnsafe.finishConnect(AbstractNioChannel.java:340)
	at org.apache.ratis.thirdparty.io.netty.channel.nio.NioEventLoop.processSelectedKey(NioEventLoop.java:632)
	at org.apache.ratis.thirdparty.io.netty.channel.nio.NioEventLoop.processSelectedKeysOptimized(NioEventLoop.java:579)
	at org.apache.ratis.thirdparty.io.netty.channel.nio.NioEventLoop.processSelectedKeys(NioEventLoop.java:496)
	at org.apache.ratis.thirdparty.io.netty.channel.nio.NioEventLoop.run(NioEventLoop.java:458)
	at org.apache.ratis.thirdparty.io.netty.util.concurrent.SingleThreadEventExecutor$5.run(SingleThreadEventExecutor.java:897)
	at org.apache.ratis.thirdparty.io.netty.util.concurrent.FastThreadLocalRunnable.run(FastThreadLocalRunnable.java:30)
	... 1 more
Caused by: java.net.ConnectException: Connection refused
	... 11 more
2019-09-24 19:06:18,581 [a0991bb0-d059-4b75-b34b-f0d320bfe012@group-84081C198BA3:LeaderElection172] INFO  impl.RaftServerImpl (RaftServerImpl.java:setRole(174)) - a0991bb0-d059-4b75-b34b-f0d320bfe012@group-84081C198BA3: changes role from CANDIDATE to FOLLOWER at term 2 for DISCOVERED_A_NEW_TERM
2019-09-24 19:06:18,582 [74a8c3a1-4d80-4c26-806c-1183f0126592@group-84081C198BA3:LeaderElection171] INFO  impl.RaftServerImpl (RaftServerImpl.java:setRole(174)) - 74a8c3a1-4d80-4c26-806c-1183f0126592@group-84081C198BA3: changes role from CANDIDATE to FOLLOWER at term 2 for DISCOVERED_A_NEW_TERM
2019-09-24 19:06:18,582 [a0991bb0-d059-4b75-b34b-f0d320bfe012@group-84081C198BA3:LeaderElection172] INFO  impl.RoleInfo (RoleInfo.java:shutdownLeaderElection(134)) - a0991bb0-d059-4b75-b34b-f0d320bfe012: shutdown LeaderElection
2019-09-24 19:06:18,582 [74a8c3a1-4d80-4c26-806c-1183f0126592@group-84081C198BA3:LeaderElection171] INFO  impl.RoleInfo (RoleInfo.java:shutdownLeaderElection(134)) - 74a8c3a1-4d80-4c26-806c-1183f0126592: shutdown LeaderElection
2019-09-24 19:06:18,583 [a0991bb0-d059-4b75-b34b-f0d320bfe012@group-84081C198BA3:LeaderElection172] INFO  impl.RoleInfo (RoleInfo.java:updateAndGet(143)) - a0991bb0-d059-4b75-b34b-f0d320bfe012: start FollowerState
2019-09-24 19:06:18,583 [74a8c3a1-4d80-4c26-806c-1183f0126592@group-84081C198BA3:LeaderElection171] INFO  impl.RoleInfo (RoleInfo.java:updateAndGet(143)) - 74a8c3a1-4d80-4c26-806c-1183f0126592: start FollowerState
2019-09-24 19:06:18,623 [grpc-default-executor-13] WARN  server.GrpcLogAppender (LogUtils.java:warn(134)) - 74a8c3a1-4d80-4c26-806c-1183f0126592@group-9B209ADA5585->b50c6779-182a-4abf-ac90-b7c5982ab67f-AppendLogResponseHandler: Failed appendEntries: org.apache.ratis.thirdparty.io.grpc.StatusRuntimeException: UNAVAILABLE: io exception
2019-09-24 19:06:18,624 [grpc-default-executor-13] INFO  impl.FollowerInfo (FollowerInfo.java:lambda$new$0(51)) - 74a8c3a1-4d80-4c26-806c-1183f0126592@group-9B209ADA5585->b50c6779-182a-4abf-ac90-b7c5982ab67f: nextIndex: updateUnconditionally 0 -> 0
2019-09-24 19:06:19,126 [grpc-default-executor-13] WARN  server.GrpcLogAppender (LogUtils.java:warn(134)) - 74a8c3a1-4d80-4c26-806c-1183f0126592@group-9B209ADA5585->b50c6779-182a-4abf-ac90-b7c5982ab67f-AppendLogResponseHandler: Failed appendEntries: org.apache.ratis.thirdparty.io.grpc.StatusRuntimeException: UNAVAILABLE: io exception
2019-09-24 19:06:19,127 [grpc-default-executor-13] INFO  impl.FollowerInfo (FollowerInfo.java:lambda$new$0(51)) - 74a8c3a1-4d80-4c26-806c-1183f0126592@group-9B209ADA5585->b50c6779-182a-4abf-ac90-b7c5982ab67f: nextIndex: updateUnconditionally 0 -> 0
2019-09-24 19:06:19,586 [Thread-2718] INFO  impl.FollowerState (FollowerState.java:run(106)) - 74a8c3a1-4d80-4c26-806c-1183f0126592:group-192AEBA694D5 changes to CANDIDATE, lastRpcTime:1005, electionTimeout:1004ms
2019-09-24 19:06:19,586 [Thread-2718] INFO  impl.RoleInfo (RoleInfo.java:shutdownFollowerState(121)) - 74a8c3a1-4d80-4c26-806c-1183f0126592: shutdown FollowerState
2019-09-24 19:06:19,587 [Thread-2718] INFO  impl.RaftServerImpl (RaftServerImpl.java:setRole(174)) - 74a8c3a1-4d80-4c26-806c-1183f0126592@group-192AEBA694D5: changes role from  FOLLOWER to CANDIDATE at term 2 for changeToCandidate
2019-09-24 19:06:19,587 [Thread-2718] INFO  impl.RoleInfo (RoleInfo.java:updateAndGet(143)) - 74a8c3a1-4d80-4c26-806c-1183f0126592: start LeaderElection
2019-09-24 19:06:19,610 [Thread-2719] INFO  impl.FollowerState (FollowerState.java:run(106)) - a0991bb0-d059-4b75-b34b-f0d320bfe012:group-192AEBA694D5 changes to CANDIDATE, lastRpcTime:1029, electionTimeout:1028ms
2019-09-24 19:06:19,610 [Thread-2719] INFO  impl.RoleInfo (RoleInfo.java:shutdownFollowerState(121)) - a0991bb0-d059-4b75-b34b-f0d320bfe012: shutdown FollowerState
2019-09-24 19:06:19,610 [Thread-2719] INFO  impl.RaftServerImpl (RaftServerImpl.java:setRole(174)) - a0991bb0-d059-4b75-b34b-f0d320bfe012@group-192AEBA694D5: changes role from  FOLLOWER to CANDIDATE at term 2 for changeToCandidate
2019-09-24 19:06:19,610 [Thread-2719] INFO  impl.RoleInfo (RoleInfo.java:updateAndGet(143)) - a0991bb0-d059-4b75-b34b-f0d320bfe012: start LeaderElection
2019-09-24 19:06:19,626 [grpc-default-executor-13] WARN  server.GrpcLogAppender (LogUtils.java:warn(134)) - 74a8c3a1-4d80-4c26-806c-1183f0126592@group-9B209ADA5585->b50c6779-182a-4abf-ac90-b7c5982ab67f-AppendLogResponseHandler: Failed appendEntries: org.apache.ratis.thirdparty.io.grpc.StatusRuntimeException: UNAVAILABLE: io exception
2019-09-24 19:06:19,627 [grpc-default-executor-13] INFO  impl.FollowerInfo (FollowerInfo.java:lambda$new$0(51)) - 74a8c3a1-4d80-4c26-806c-1183f0126592@group-9B209ADA5585->b50c6779-182a-4abf-ac90-b7c5982ab67f: nextIndex: updateUnconditionally 0 -> 0
2019-09-24 19:06:19,674 [Thread-2720] INFO  impl.FollowerState (FollowerState.java:run(106)) - a0991bb0-d059-4b75-b34b-f0d320bfe012:group-84081C198BA3 changes to CANDIDATE, lastRpcTime:1091, electionTimeout:1091ms
2019-09-24 19:06:19,675 [Thread-2720] INFO  impl.RoleInfo (RoleInfo.java:shutdownFollowerState(121)) - a0991bb0-d059-4b75-b34b-f0d320bfe012: shutdown FollowerState
2019-09-24 19:06:19,675 [Thread-2720] INFO  impl.RaftServerImpl (RaftServerImpl.java:setRole(174)) - a0991bb0-d059-4b75-b34b-f0d320bfe012@group-84081C198BA3: changes role from  FOLLOWER to CANDIDATE at term 2 for changeToCandidate
2019-09-24 19:06:19,675 [Thread-2720] INFO  impl.RoleInfo (RoleInfo.java:updateAndGet(143)) - a0991bb0-d059-4b75-b34b-f0d320bfe012: start LeaderElection
2019-09-24 19:06:19,705 [Thread-2721] INFO  impl.FollowerState (FollowerState.java:run(106)) - 74a8c3a1-4d80-4c26-806c-1183f0126592:group-84081C198BA3 changes to CANDIDATE, lastRpcTime:1121, electionTimeout:1121ms
2019-09-24 19:06:19,705 [Thread-2721] INFO  impl.RoleInfo (RoleInfo.java:shutdownFollowerState(121)) - 74a8c3a1-4d80-4c26-806c-1183f0126592: shutdown FollowerState
2019-09-24 19:06:19,705 [Thread-2721] INFO  impl.RaftServerImpl (RaftServerImpl.java:setRole(174)) - 74a8c3a1-4d80-4c26-806c-1183f0126592@group-84081C198BA3: changes role from  FOLLOWER to CANDIDATE at term 2 for changeToCandidate
2019-09-24 19:06:19,705 [Thread-2721] INFO  impl.RoleInfo (RoleInfo.java:updateAndGet(143)) - 74a8c3a1-4d80-4c26-806c-1183f0126592: start LeaderElection
2019-09-24 19:06:19,937 [a0991bb0-d059-4b75-b34b-f0d320bfe012@group-192AEBA694D5:LeaderElection174] INFO  impl.LeaderElection (LeaderElection.java:askForVotes(182)) - a0991bb0-d059-4b75-b34b-f0d320bfe012@group-192AEBA694D5:LeaderElection174: begin an election at term 3 for -1: [a0991bb0-d059-4b75-b34b-f0d320bfe012:192.168.5.148:46271, 74a8c3a1-4d80-4c26-806c-1183f0126592:192.168.5.148:44605, b50c6779-182a-4abf-ac90-b7c5982ab67f:192.168.5.148:46476], old=null
2019-09-24 19:06:19,937 [a0991bb0-d059-4b75-b34b-f0d320bfe012@group-84081C198BA3:LeaderElection175] INFO  impl.LeaderElection (LeaderElection.java:askForVotes(182)) - a0991bb0-d059-4b75-b34b-f0d320bfe012@group-84081C198BA3:LeaderElection175: begin an election at term 3 for -1: [a0991bb0-d059-4b75-b34b-f0d320bfe012:192.168.5.148:46271, 74a8c3a1-4d80-4c26-806c-1183f0126592:192.168.5.148:44605, b50c6779-182a-4abf-ac90-b7c5982ab67f:192.168.5.148:46476], old=null
2019-09-24 19:06:19,938 [74a8c3a1-4d80-4c26-806c-1183f0126592@group-84081C198BA3:LeaderElection176] INFO  impl.LeaderElection (LeaderElection.java:askForVotes(182)) - 74a8c3a1-4d80-4c26-806c-1183f0126592@group-84081C198BA3:LeaderElection176: begin an election at term 3 for -1: [a0991bb0-d059-4b75-b34b-f0d320bfe012:192.168.5.148:46271, 74a8c3a1-4d80-4c26-806c-1183f0126592:192.168.5.148:44605, b50c6779-182a-4abf-ac90-b7c5982ab67f:192.168.5.148:46476], old=null
2019-09-24 19:06:19,937 [74a8c3a1-4d80-4c26-806c-1183f0126592@group-192AEBA694D5:LeaderElection173] INFO  impl.LeaderElection (LeaderElection.java:askForVotes(182)) - 74a8c3a1-4d80-4c26-806c-1183f0126592@group-192AEBA694D5:LeaderElection173: begin an election at term 3 for -1: [a0991bb0-d059-4b75-b34b-f0d320bfe012:192.168.5.148:46271, 74a8c3a1-4d80-4c26-806c-1183f0126592:192.168.5.148:44605, b50c6779-182a-4abf-ac90-b7c5982ab67f:192.168.5.148:46476], old=null
2019-09-24 19:06:19,940 [a0991bb0-d059-4b75-b34b-f0d320bfe012@group-192AEBA694D5:LeaderElection174] INFO  impl.LeaderElection (LogUtils.java:infoOrTrace(149)) - a0991bb0-d059-4b75-b34b-f0d320bfe012@group-192AEBA694D5:LeaderElection174 got exception when requesting votes: {}
java.util.concurrent.ExecutionException: org.apache.ratis.thirdparty.io.grpc.StatusRuntimeException: UNAVAILABLE: io exception
	at java.util.concurrent.FutureTask.report(FutureTask.java:122)
	at java.util.concurrent.FutureTask.get(FutureTask.java:192)
	at org.apache.ratis.server.impl.LeaderElection.waitForResults(LeaderElection.java:263)
	at org.apache.ratis.server.impl.LeaderElection.askForVotes(LeaderElection.java:201)
	at org.apache.ratis.server.impl.LeaderElection.run(LeaderElection.java:133)
	at java.lang.Thread.run(Thread.java:748)
Caused by: org.apache.ratis.thirdparty.io.grpc.StatusRuntimeException: UNAVAILABLE: io exception
	at org.apache.ratis.thirdparty.io.grpc.stub.ClientCalls.toStatusRuntimeException(ClientCalls.java:233)
	at org.apache.ratis.thirdparty.io.grpc.stub.ClientCalls.getUnchecked(ClientCalls.java:214)
	at org.apache.ratis.thirdparty.io.grpc.stub.ClientCalls.blockingUnaryCall(ClientCalls.java:139)
	at org.apache.ratis.proto.grpc.RaftServerProtocolServiceGrpc$RaftServerProtocolServiceBlockingStub.requestVote(RaftServerProtocolServiceGrpc.java:265)
	at org.apache.ratis.grpc.server.GrpcServerProtocolClient.requestVote(GrpcServerProtocolClient.java:90)
	at org.apache.ratis.grpc.server.GrpcService.requestVote(GrpcService.java:204)
	at org.apache.ratis.server.impl.LeaderElection.lambda$submitRequests$1(LeaderElection.java:238)
	at java.util.concurrent.FutureTask.run(FutureTask.java:266)
	at java.util.concurrent.Executors$RunnableAdapter.call(Executors.java:511)
	at java.util.concurrent.FutureTask.run(FutureTask.java:266)
	at java.util.concurrent.ThreadPoolExecutor.runWorker(ThreadPoolExecutor.java:1149)
	at java.util.concurrent.ThreadPoolExecutor$Worker.run(ThreadPoolExecutor.java:624)
	... 1 more
Caused by: org.apache.ratis.thirdparty.io.netty.channel.AbstractChannel$AnnotatedConnectException: Connection refused: /192.168.5.148:46476
	at sun.nio.ch.SocketChannelImpl.checkConnect(Native Method)
	at sun.nio.ch.SocketChannelImpl.finishConnect(SocketChannelImpl.java:717)
	at org.apache.ratis.thirdparty.io.netty.channel.socket.nio.NioSocketChannel.doFinishConnect(NioSocketChannel.java:327)
	at org.apache.ratis.thirdparty.io.netty.channel.nio.AbstractNioChannel$AbstractNioUnsafe.finishConnect(AbstractNioChannel.java:340)
	at org.apache.ratis.thirdparty.io.netty.channel.nio.NioEventLoop.processSelectedKey(NioEventLoop.java:632)
	at org.apache.ratis.thirdparty.io.netty.channel.nio.NioEventLoop.processSelectedKeysOptimized(NioEventLoop.java:579)
	at org.apache.ratis.thirdparty.io.netty.channel.nio.NioEventLoop.processSelectedKeys(NioEventLoop.java:496)
	at org.apache.ratis.thirdparty.io.netty.channel.nio.NioEventLoop.run(NioEventLoop.java:458)
	at org.apache.ratis.thirdparty.io.netty.util.concurrent.SingleThreadEventExecutor$5.run(SingleThreadEventExecutor.java:897)
	at org.apache.ratis.thirdparty.io.netty.util.concurrent.FastThreadLocalRunnable.run(FastThreadLocalRunnable.java:30)
	... 1 more
Caused by: java.net.ConnectException: Connection refused
	... 11 more
2019-09-24 19:06:19,940 [a0991bb0-d059-4b75-b34b-f0d320bfe012@group-84081C198BA3:LeaderElection175] INFO  impl.LeaderElection (LogUtils.java:infoOrTrace(149)) - a0991bb0-d059-4b75-b34b-f0d320bfe012@group-84081C198BA3:LeaderElection175 got exception when requesting votes: {}
java.util.concurrent.ExecutionException: org.apache.ratis.thirdparty.io.grpc.StatusRuntimeException: UNAVAILABLE: io exception
	at java.util.concurrent.FutureTask.report(FutureTask.java:122)
	at java.util.concurrent.FutureTask.get(FutureTask.java:192)
	at org.apache.ratis.server.impl.LeaderElection.waitForResults(LeaderElection.java:263)
	at org.apache.ratis.server.impl.LeaderElection.askForVotes(LeaderElection.java:201)
	at org.apache.ratis.server.impl.LeaderElection.run(LeaderElection.java:133)
	at java.lang.Thread.run(Thread.java:748)
Caused by: org.apache.ratis.thirdparty.io.grpc.StatusRuntimeException: UNAVAILABLE: io exception
	at org.apache.ratis.thirdparty.io.grpc.stub.ClientCalls.toStatusRuntimeException(ClientCalls.java:233)
	at org.apache.ratis.thirdparty.io.grpc.stub.ClientCalls.getUnchecked(ClientCalls.java:214)
	at org.apache.ratis.thirdparty.io.grpc.stub.ClientCalls.blockingUnaryCall(ClientCalls.java:139)
	at org.apache.ratis.proto.grpc.RaftServerProtocolServiceGrpc$RaftServerProtocolServiceBlockingStub.requestVote(RaftServerProtocolServiceGrpc.java:265)
	at org.apache.ratis.grpc.server.GrpcServerProtocolClient.requestVote(GrpcServerProtocolClient.java:90)
	at org.apache.ratis.grpc.server.GrpcService.requestVote(GrpcService.java:204)
	at org.apache.ratis.server.impl.LeaderElection.lambda$submitRequests$1(LeaderElection.java:238)
	at java.util.concurrent.FutureTask.run(FutureTask.java:266)
	at java.util.concurrent.Executors$RunnableAdapter.call(Executors.java:511)
	at java.util.concurrent.FutureTask.run(FutureTask.java:266)
	at java.util.concurrent.ThreadPoolExecutor.runWorker(ThreadPoolExecutor.java:1149)
	at java.util.concurrent.ThreadPoolExecutor$Worker.run(ThreadPoolExecutor.java:624)
	... 1 more
Caused by: org.apache.ratis.thirdparty.io.netty.channel.AbstractChannel$AnnotatedConnectException: Connection refused: /192.168.5.148:46476
	at sun.nio.ch.SocketChannelImpl.checkConnect(Native Method)
	at sun.nio.ch.SocketChannelImpl.finishConnect(SocketChannelImpl.java:717)
	at org.apache.ratis.thirdparty.io.netty.channel.socket.nio.NioSocketChannel.doFinishConnect(NioSocketChannel.java:327)
	at org.apache.ratis.thirdparty.io.netty.channel.nio.AbstractNioChannel$AbstractNioUnsafe.finishConnect(AbstractNioChannel.java:340)
	at org.apache.ratis.thirdparty.io.netty.channel.nio.NioEventLoop.processSelectedKey(NioEventLoop.java:632)
	at org.apache.ratis.thirdparty.io.netty.channel.nio.NioEventLoop.processSelectedKeysOptimized(NioEventLoop.java:579)
	at org.apache.ratis.thirdparty.io.netty.channel.nio.NioEventLoop.processSelectedKeys(NioEventLoop.java:496)
	at org.apache.ratis.thirdparty.io.netty.channel.nio.NioEventLoop.run(NioEventLoop.java:458)
	at org.apache.ratis.thirdparty.io.netty.util.concurrent.SingleThreadEventExecutor$5.run(SingleThreadEventExecutor.java:897)
	at org.apache.ratis.thirdparty.io.netty.util.concurrent.FastThreadLocalRunnable.run(FastThreadLocalRunnable.java:30)
	... 1 more
Caused by: java.net.ConnectException: Connection refused
	... 11 more
2019-09-24 19:06:19,948 [74a8c3a1-4d80-4c26-806c-1183f0126592@group-84081C198BA3:LeaderElection176] INFO  impl.LeaderElection (LogUtils.java:infoOrTrace(149)) - 74a8c3a1-4d80-4c26-806c-1183f0126592@group-84081C198BA3:LeaderElection176 got exception when requesting votes: {}
java.util.concurrent.ExecutionException: org.apache.ratis.thirdparty.io.grpc.StatusRuntimeException: UNAVAILABLE: io exception
	at java.util.concurrent.FutureTask.report(FutureTask.java:122)
	at java.util.concurrent.FutureTask.get(FutureTask.java:192)
	at org.apache.ratis.server.impl.LeaderElection.waitForResults(LeaderElection.java:263)
	at org.apache.ratis.server.impl.LeaderElection.askForVotes(LeaderElection.java:201)
	at org.apache.ratis.server.impl.LeaderElection.run(LeaderElection.java:133)
	at java.lang.Thread.run(Thread.java:748)
Caused by: org.apache.ratis.thirdparty.io.grpc.StatusRuntimeException: UNAVAILABLE: io exception
	at org.apache.ratis.thirdparty.io.grpc.stub.ClientCalls.toStatusRuntimeException(ClientCalls.java:233)
	at org.apache.ratis.thirdparty.io.grpc.stub.ClientCalls.getUnchecked(ClientCalls.java:214)
	at org.apache.ratis.thirdparty.io.grpc.stub.ClientCalls.blockingUnaryCall(ClientCalls.java:139)
	at org.apache.ratis.proto.grpc.RaftServerProtocolServiceGrpc$RaftServerProtocolServiceBlockingStub.requestVote(RaftServerProtocolServiceGrpc.java:265)
	at org.apache.ratis.grpc.server.GrpcServerProtocolClient.requestVote(GrpcServerProtocolClient.java:90)
	at org.apache.ratis.grpc.server.GrpcService.requestVote(GrpcService.java:204)
	at org.apache.ratis.server.impl.LeaderElection.lambda$submitRequests$1(LeaderElection.java:238)
	at java.util.concurrent.FutureTask.run(FutureTask.java:266)
	at java.util.concurrent.Executors$RunnableAdapter.call(Executors.java:511)
	at java.util.concurrent.FutureTask.run(FutureTask.java:266)
	at java.util.concurrent.ThreadPoolExecutor.runWorker(ThreadPoolExecutor.java:1149)
	at java.util.concurrent.ThreadPoolExecutor$Worker.run(ThreadPoolExecutor.java:624)
	... 1 more
Caused by: org.apache.ratis.thirdparty.io.netty.channel.AbstractChannel$AnnotatedConnectException: Connection refused: /192.168.5.148:46476
	at sun.nio.ch.SocketChannelImpl.checkConnect(Native Method)
	at sun.nio.ch.SocketChannelImpl.finishConnect(SocketChannelImpl.java:717)
	at org.apache.ratis.thirdparty.io.netty.channel.socket.nio.NioSocketChannel.doFinishConnect(NioSocketChannel.java:327)
	at org.apache.ratis.thirdparty.io.netty.channel.nio.AbstractNioChannel$AbstractNioUnsafe.finishConnect(AbstractNioChannel.java:340)
	at org.apache.ratis.thirdparty.io.netty.channel.nio.NioEventLoop.processSelectedKey(NioEventLoop.java:632)
	at org.apache.ratis.thirdparty.io.netty.channel.nio.NioEventLoop.processSelectedKeysOptimized(NioEventLoop.java:579)
	at org.apache.ratis.thirdparty.io.netty.channel.nio.NioEventLoop.processSelectedKeys(NioEventLoop.java:496)
	at org.apache.ratis.thirdparty.io.netty.channel.nio.NioEventLoop.run(NioEventLoop.java:458)
	at org.apache.ratis.thirdparty.io.netty.util.concurrent.SingleThreadEventExecutor$5.run(SingleThreadEventExecutor.java:897)
	at org.apache.ratis.thirdparty.io.netty.util.concurrent.FastThreadLocalRunnable.run(FastThreadLocalRunnable.java:30)
	... 1 more
Caused by: java.net.ConnectException: Connection refused
	... 11 more
2019-09-24 19:06:19,948 [a0991bb0-d059-4b75-b34b-f0d320bfe012@group-192AEBA694D5:LeaderElection174] INFO  impl.LeaderElection (LeaderElection.java:logAndReturn(56)) - a0991bb0-d059-4b75-b34b-f0d320bfe012@group-192AEBA694D5:LeaderElection174: Election REJECTED; received 1 response(s) [a0991bb0-d059-4b75-b34b-f0d320bfe012<-74a8c3a1-4d80-4c26-806c-1183f0126592#0:FAIL-t3] and 1 exception(s); a0991bb0-d059-4b75-b34b-f0d320bfe012@group-192AEBA694D5:t3, leader=null, voted=a0991bb0-d059-4b75-b34b-f0d320bfe012, raftlog=a0991bb0-d059-4b75-b34b-f0d320bfe012@group-192AEBA694D5-SegmentedRaftLog:OPENED:c-1,f-1,i0, conf=-1: [a0991bb0-d059-4b75-b34b-f0d320bfe012:192.168.5.148:46271, 74a8c3a1-4d80-4c26-806c-1183f0126592:192.168.5.148:44605, b50c6779-182a-4abf-ac90-b7c5982ab67f:192.168.5.148:46476], old=null
2019-09-24 19:06:19,948 [74a8c3a1-4d80-4c26-806c-1183f0126592@group-192AEBA694D5:LeaderElection173] INFO  impl.LeaderElection (LogUtils.java:infoOrTrace(149)) - 74a8c3a1-4d80-4c26-806c-1183f0126592@group-192AEBA694D5:LeaderElection173 got exception when requesting votes: {}
java.util.concurrent.ExecutionException: org.apache.ratis.thirdparty.io.grpc.StatusRuntimeException: UNAVAILABLE: io exception
	at java.util.concurrent.FutureTask.report(FutureTask.java:122)
	at java.util.concurrent.FutureTask.get(FutureTask.java:192)
	at org.apache.ratis.server.impl.LeaderElection.waitForResults(LeaderElection.java:263)
	at org.apache.ratis.server.impl.LeaderElection.askForVotes(LeaderElection.java:201)
	at org.apache.ratis.server.impl.LeaderElection.run(LeaderElection.java:133)
	at java.lang.Thread.run(Thread.java:748)
Caused by: org.apache.ratis.thirdparty.io.grpc.StatusRuntimeException: UNAVAILABLE: io exception
	at org.apache.ratis.thirdparty.io.grpc.stub.ClientCalls.toStatusRuntimeException(ClientCalls.java:233)
	at org.apache.ratis.thirdparty.io.grpc.stub.ClientCalls.getUnchecked(ClientCalls.java:214)
	at org.apache.ratis.thirdparty.io.grpc.stub.ClientCalls.blockingUnaryCall(ClientCalls.java:139)
	at org.apache.ratis.proto.grpc.RaftServerProtocolServiceGrpc$RaftServerProtocolServiceBlockingStub.requestVote(RaftServerProtocolServiceGrpc.java:265)
	at org.apache.ratis.grpc.server.GrpcServerProtocolClient.requestVote(GrpcServerProtocolClient.java:90)
	at org.apache.ratis.grpc.server.GrpcService.requestVote(GrpcService.java:204)
	at org.apache.ratis.server.impl.LeaderElection.lambda$submitRequests$1(LeaderElection.java:238)
	at java.util.concurrent.FutureTask.run(FutureTask.java:266)
	at java.util.concurrent.Executors$RunnableAdapter.call(Executors.java:511)
	at java.util.concurrent.FutureTask.run(FutureTask.java:266)
	at java.util.concurrent.ThreadPoolExecutor.runWorker(ThreadPoolExecutor.java:1149)
	at java.util.concurrent.ThreadPoolExecutor$Worker.run(ThreadPoolExecutor.java:624)
	... 1 more
Caused by: org.apache.ratis.thirdparty.io.netty.channel.AbstractChannel$AnnotatedConnectException: Connection refused: /192.168.5.148:46476
	at sun.nio.ch.SocketChannelImpl.checkConnect(Native Method)
	at sun.nio.ch.SocketChannelImpl.finishConnect(SocketChannelImpl.java:717)
	at org.apache.ratis.thirdparty.io.netty.channel.socket.nio.NioSocketChannel.doFinishConnect(NioSocketChannel.java:327)
	at org.apache.ratis.thirdparty.io.netty.channel.nio.AbstractNioChannel$AbstractNioUnsafe.finishConnect(AbstractNioChannel.java:340)
	at org.apache.ratis.thirdparty.io.netty.channel.nio.NioEventLoop.processSelectedKey(NioEventLoop.java:632)
	at org.apache.ratis.thirdparty.io.netty.channel.nio.NioEventLoop.processSelectedKeysOptimized(NioEventLoop.java:579)
	at org.apache.ratis.thirdparty.io.netty.channel.nio.NioEventLoop.processSelectedKeys(NioEventLoop.java:496)
	at org.apache.ratis.thirdparty.io.netty.channel.nio.NioEventLoop.run(NioEventLoop.java:458)
	at org.apache.ratis.thirdparty.io.netty.util.concurrent.SingleThreadEventExecutor$5.run(SingleThreadEventExecutor.java:897)
	at org.apache.ratis.thirdparty.io.netty.util.concurrent.FastThreadLocalRunnable.run(FastThreadLocalRunnable.java:30)
	... 1 more
Caused by: java.net.ConnectException: Connection refused
	... 11 more
2019-09-24 19:06:19,951 [74a8c3a1-4d80-4c26-806c-1183f0126592@group-84081C198BA3:LeaderElection176] INFO  impl.LeaderElection (LeaderElection.java:logAndReturn(56)) - 74a8c3a1-4d80-4c26-806c-1183f0126592@group-84081C198BA3:LeaderElection176: Election REJECTED; received 1 response(s) [74a8c3a1-4d80-4c26-806c-1183f0126592<-a0991bb0-d059-4b75-b34b-f0d320bfe012#0:FAIL-t3] and 1 exception(s); 74a8c3a1-4d80-4c26-806c-1183f0126592@group-84081C198BA3:t3, leader=null, voted=74a8c3a1-4d80-4c26-806c-1183f0126592, raftlog=74a8c3a1-4d80-4c26-806c-1183f0126592@group-84081C198BA3-SegmentedRaftLog:OPENED:c-1,f-1,i0, conf=-1: [a0991bb0-d059-4b75-b34b-f0d320bfe012:192.168.5.148:46271, 74a8c3a1-4d80-4c26-806c-1183f0126592:192.168.5.148:44605, b50c6779-182a-4abf-ac90-b7c5982ab67f:192.168.5.148:46476], old=null
2019-09-24 19:06:19,951 [a0991bb0-d059-4b75-b34b-f0d320bfe012@group-84081C198BA3:LeaderElection175] INFO  impl.LeaderElection (LeaderElection.java:logAndReturn(56)) - a0991bb0-d059-4b75-b34b-f0d320bfe012@group-84081C198BA3:LeaderElection175: Election REJECTED; received 1 response(s) [a0991bb0-d059-4b75-b34b-f0d320bfe012<-74a8c3a1-4d80-4c26-806c-1183f0126592#0:FAIL-t3] and 1 exception(s); a0991bb0-d059-4b75-b34b-f0d320bfe012@group-84081C198BA3:t3, leader=null, voted=a0991bb0-d059-4b75-b34b-f0d320bfe012, raftlog=a0991bb0-d059-4b75-b34b-f0d320bfe012@group-84081C198BA3-SegmentedRaftLog:OPENED:c-1,f-1,i0, conf=-1: [a0991bb0-d059-4b75-b34b-f0d320bfe012:192.168.5.148:46271, 74a8c3a1-4d80-4c26-806c-1183f0126592:192.168.5.148:44605, b50c6779-182a-4abf-ac90-b7c5982ab67f:192.168.5.148:46476], old=null
2019-09-24 19:06:19,954 [a0991bb0-d059-4b75-b34b-f0d320bfe012@group-84081C198BA3:LeaderElection175] INFO  impl.LeaderElection (LogUtils.java:infoOrTrace(149)) -   Exception 0: {}
java.util.concurrent.ExecutionException: org.apache.ratis.thirdparty.io.grpc.StatusRuntimeException: UNAVAILABLE: io exception
	at java.util.concurrent.FutureTask.report(FutureTask.java:122)
	at java.util.concurrent.FutureTask.get(FutureTask.java:192)
	at org.apache.ratis.server.impl.LeaderElection.waitForResults(LeaderElection.java:263)
	at org.apache.ratis.server.impl.LeaderElection.askForVotes(LeaderElection.java:201)
	at org.apache.ratis.server.impl.LeaderElection.run(LeaderElection.java:133)
	at java.lang.Thread.run(Thread.java:748)
Caused by: org.apache.ratis.thirdparty.io.grpc.StatusRuntimeException: UNAVAILABLE: io exception
	at org.apache.ratis.thirdparty.io.grpc.stub.ClientCalls.toStatusRuntimeException(ClientCalls.java:233)
	at org.apache.ratis.thirdparty.io.grpc.stub.ClientCalls.getUnchecked(ClientCalls.java:214)
	at org.apache.ratis.thirdparty.io.grpc.stub.ClientCalls.blockingUnaryCall(ClientCalls.java:139)
	at org.apache.ratis.proto.grpc.RaftServerProtocolServiceGrpc$RaftServerProtocolServiceBlockingStub.requestVote(RaftServerProtocolServiceGrpc.java:265)
	at org.apache.ratis.grpc.server.GrpcServerProtocolClient.requestVote(GrpcServerProtocolClient.java:90)
	at org.apache.ratis.grpc.server.GrpcService.requestVote(GrpcService.java:204)
	at org.apache.ratis.server.impl.LeaderElection.lambda$submitRequests$1(LeaderElection.java:238)
	at java.util.concurrent.FutureTask.run(FutureTask.java:266)
	at java.util.concurrent.Executors$RunnableAdapter.call(Executors.java:511)
	at java.util.concurrent.FutureTask.run(FutureTask.java:266)
	at java.util.concurrent.ThreadPoolExecutor.runWorker(ThreadPoolExecutor.java:1149)
	at java.util.concurrent.ThreadPoolExecutor$Worker.run(ThreadPoolExecutor.java:624)
	... 1 more
Caused by: org.apache.ratis.thirdparty.io.netty.channel.AbstractChannel$AnnotatedConnectException: Connection refused: /192.168.5.148:46476
	at sun.nio.ch.SocketChannelImpl.checkConnect(Native Method)
	at sun.nio.ch.SocketChannelImpl.finishConnect(SocketChannelImpl.java:717)
	at org.apache.ratis.thirdparty.io.netty.channel.socket.nio.NioSocketChannel.doFinishConnect(NioSocketChannel.java:327)
	at org.apache.ratis.thirdparty.io.netty.channel.nio.AbstractNioChannel$AbstractNioUnsafe.finishConnect(AbstractNioChannel.java:340)
	at org.apache.ratis.thirdparty.io.netty.channel.nio.NioEventLoop.processSelectedKey(NioEventLoop.java:632)
	at org.apache.ratis.thirdparty.io.netty.channel.nio.NioEventLoop.processSelectedKeysOptimized(NioEventLoop.java:579)
	at org.apache.ratis.thirdparty.io.netty.channel.nio.NioEventLoop.processSelectedKeys(NioEventLoop.java:496)
	at org.apache.ratis.thirdparty.io.netty.channel.nio.NioEventLoop.run(NioEventLoop.java:458)
	at org.apache.ratis.thirdparty.io.netty.util.concurrent.SingleThreadEventExecutor$5.run(SingleThreadEventExecutor.java:897)
	at org.apache.ratis.thirdparty.io.netty.util.concurrent.FastThreadLocalRunnable.run(FastThreadLocalRunnable.java:30)
	... 1 more
Caused by: java.net.ConnectException: Connection refused
	... 11 more
2019-09-24 19:06:19,951 [a0991bb0-d059-4b75-b34b-f0d320bfe012@group-192AEBA694D5:LeaderElection174] INFO  impl.LeaderElection (LogUtils.java:infoOrTrace(149)) -   Exception 0: {}
java.util.concurrent.ExecutionException: org.apache.ratis.thirdparty.io.grpc.StatusRuntimeException: UNAVAILABLE: io exception
	at java.util.concurrent.FutureTask.report(FutureTask.java:122)
	at java.util.concurrent.FutureTask.get(FutureTask.java:192)
	at org.apache.ratis.server.impl.LeaderElection.waitForResults(LeaderElection.java:263)
	at org.apache.ratis.server.impl.LeaderElection.askForVotes(LeaderElection.java:201)
	at org.apache.ratis.server.impl.LeaderElection.run(LeaderElection.java:133)
	at java.lang.Thread.run(Thread.java:748)
Caused by: org.apache.ratis.thirdparty.io.grpc.StatusRuntimeException: UNAVAILABLE: io exception
	at org.apache.ratis.thirdparty.io.grpc.stub.ClientCalls.toStatusRuntimeException(ClientCalls.java:233)
	at org.apache.ratis.thirdparty.io.grpc.stub.ClientCalls.getUnchecked(ClientCalls.java:214)
	at org.apache.ratis.thirdparty.io.grpc.stub.ClientCalls.blockingUnaryCall(ClientCalls.java:139)
	at org.apache.ratis.proto.grpc.RaftServerProtocolServiceGrpc$RaftServerProtocolServiceBlockingStub.requestVote(RaftServerProtocolServiceGrpc.java:265)
	at org.apache.ratis.grpc.server.GrpcServerProtocolClient.requestVote(GrpcServerProtocolClient.java:90)
	at org.apache.ratis.grpc.server.GrpcService.requestVote(GrpcService.java:204)
	at org.apache.ratis.server.impl.LeaderElection.lambda$submitRequests$1(LeaderElection.java:238)
	at java.util.concurrent.FutureTask.run(FutureTask.java:266)
	at java.util.concurrent.Executors$RunnableAdapter.call(Executors.java:511)
	at java.util.concurrent.FutureTask.run(FutureTask.java:266)
	at java.util.concurrent.ThreadPoolExecutor.runWorker(ThreadPoolExecutor.java:1149)
	at java.util.concurrent.ThreadPoolExecutor$Worker.run(ThreadPoolExecutor.java:624)
	... 1 more
Caused by: org.apache.ratis.thirdparty.io.netty.channel.AbstractChannel$AnnotatedConnectException: Connection refused: /192.168.5.148:46476
	at sun.nio.ch.SocketChannelImpl.checkConnect(Native Method)
	at sun.nio.ch.SocketChannelImpl.finishConnect(SocketChannelImpl.java:717)
	at org.apache.ratis.thirdparty.io.netty.channel.socket.nio.NioSocketChannel.doFinishConnect(NioSocketChannel.java:327)
	at org.apache.ratis.thirdparty.io.netty.channel.nio.AbstractNioChannel$AbstractNioUnsafe.finishConnect(AbstractNioChannel.java:340)
	at org.apache.ratis.thirdparty.io.netty.channel.nio.NioEventLoop.processSelectedKey(NioEventLoop.java:632)
	at org.apache.ratis.thirdparty.io.netty.channel.nio.NioEventLoop.processSelectedKeysOptimized(NioEventLoop.java:579)
	at org.apache.ratis.thirdparty.io.netty.channel.nio.NioEventLoop.processSelectedKeys(NioEventLoop.java:496)
	at org.apache.ratis.thirdparty.io.netty.channel.nio.NioEventLoop.run(NioEventLoop.java:458)
	at org.apache.ratis.thirdparty.io.netty.util.concurrent.SingleThreadEventExecutor$5.run(SingleThreadEventExecutor.java:897)
	at org.apache.ratis.thirdparty.io.netty.util.concurrent.FastThreadLocalRunnable.run(FastThreadLocalRunnable.java:30)
	... 1 more
Caused by: java.net.ConnectException: Connection refused
	... 11 more
2019-09-24 19:06:19,955 [a0991bb0-d059-4b75-b34b-f0d320bfe012@group-84081C198BA3:LeaderElection175] INFO  impl.RaftServerImpl (RaftServerImpl.java:setRole(174)) - a0991bb0-d059-4b75-b34b-f0d320bfe012@group-84081C198BA3: changes role from CANDIDATE to FOLLOWER at term 3 for DISCOVERED_A_NEW_TERM
2019-09-24 19:06:19,955 [a0991bb0-d059-4b75-b34b-f0d320bfe012@group-84081C198BA3:LeaderElection175] INFO  impl.RoleInfo (RoleInfo.java:shutdownLeaderElection(134)) - a0991bb0-d059-4b75-b34b-f0d320bfe012: shutdown LeaderElection
2019-09-24 19:06:19,954 [74a8c3a1-4d80-4c26-806c-1183f0126592@group-84081C198BA3:LeaderElection176] INFO  impl.LeaderElection (LogUtils.java:infoOrTrace(149)) -   Exception 0: {}
java.util.concurrent.ExecutionException: org.apache.ratis.thirdparty.io.grpc.StatusRuntimeException: UNAVAILABLE: io exception
	at java.util.concurrent.FutureTask.report(FutureTask.java:122)
	at java.util.concurrent.FutureTask.get(FutureTask.java:192)
	at org.apache.ratis.server.impl.LeaderElection.waitForResults(LeaderElection.java:263)
	at org.apache.ratis.server.impl.LeaderElection.askForVotes(LeaderElection.java:201)
	at org.apache.ratis.server.impl.LeaderElection.run(LeaderElection.java:133)
	at java.lang.Thread.run(Thread.java:748)
Caused by: org.apache.ratis.thirdparty.io.grpc.StatusRuntimeException: UNAVAILABLE: io exception
	at org.apache.ratis.thirdparty.io.grpc.stub.ClientCalls.toStatusRuntimeException(ClientCalls.java:233)
	at org.apache.ratis.thirdparty.io.grpc.stub.ClientCalls.getUnchecked(ClientCalls.java:214)
	at org.apache.ratis.thirdparty.io.grpc.stub.ClientCalls.blockingUnaryCall(ClientCalls.java:139)
	at org.apache.ratis.proto.grpc.RaftServerProtocolServiceGrpc$RaftServerProtocolServiceBlockingStub.requestVote(RaftServerProtocolServiceGrpc.java:265)
	at org.apache.ratis.grpc.server.GrpcServerProtocolClient.requestVote(GrpcServerProtocolClient.java:90)
	at org.apache.ratis.grpc.server.GrpcService.requestVote(GrpcService.java:204)
	at org.apache.ratis.server.impl.LeaderElection.lambda$submitRequests$1(LeaderElection.java:238)
	at java.util.concurrent.FutureTask.run(FutureTask.java:266)
	at java.util.concurrent.Executors$RunnableAdapter.call(Executors.java:511)
	at java.util.concurrent.FutureTask.run(FutureTask.java:266)
	at java.util.concurrent.ThreadPoolExecutor.runWorker(ThreadPoolExecutor.java:1149)
	at java.util.concurrent.ThreadPoolExecutor$Worker.run(ThreadPoolExecutor.java:624)
	... 1 more
Caused by: org.apache.ratis.thirdparty.io.netty.channel.AbstractChannel$AnnotatedConnectException: Connection refused: /192.168.5.148:46476
	at sun.nio.ch.SocketChannelImpl.checkConnect(Native Method)
	at sun.nio.ch.SocketChannelImpl.finishConnect(SocketChannelImpl.java:717)
	at org.apache.ratis.thirdparty.io.netty.channel.socket.nio.NioSocketChannel.doFinishConnect(NioSocketChannel.java:327)
	at org.apache.ratis.thirdparty.io.netty.channel.nio.AbstractNioChannel$AbstractNioUnsafe.finishConnect(AbstractNioChannel.java:340)
	at org.apache.ratis.thirdparty.io.netty.channel.nio.NioEventLoop.processSelectedKey(NioEventLoop.java:632)
	at org.apache.ratis.thirdparty.io.netty.channel.nio.NioEventLoop.processSelectedKeysOptimized(NioEventLoop.java:579)
	at org.apache.ratis.thirdparty.io.netty.channel.nio.NioEventLoop.processSelectedKeys(NioEventLoop.java:496)
	at org.apache.ratis.thirdparty.io.netty.channel.nio.NioEventLoop.run(NioEventLoop.java:458)
	at org.apache.ratis.thirdparty.io.netty.util.concurrent.SingleThreadEventExecutor$5.run(SingleThreadEventExecutor.java:897)
	at org.apache.ratis.thirdparty.io.netty.util.concurrent.FastThreadLocalRunnable.run(FastThreadLocalRunnable.java:30)
	... 1 more
Caused by: java.net.ConnectException: Connection refused
	... 11 more
2019-09-24 19:06:19,954 [74a8c3a1-4d80-4c26-806c-1183f0126592@group-192AEBA694D5:LeaderElection173] INFO  impl.LeaderElection (LeaderElection.java:logAndReturn(56)) - 74a8c3a1-4d80-4c26-806c-1183f0126592@group-192AEBA694D5:LeaderElection173: Election REJECTED; received 1 response(s) [74a8c3a1-4d80-4c26-806c-1183f0126592<-a0991bb0-d059-4b75-b34b-f0d320bfe012#0:FAIL-t3] and 1 exception(s); 74a8c3a1-4d80-4c26-806c-1183f0126592@group-192AEBA694D5:t3, leader=null, voted=74a8c3a1-4d80-4c26-806c-1183f0126592, raftlog=74a8c3a1-4d80-4c26-806c-1183f0126592@group-192AEBA694D5-SegmentedRaftLog:OPENED:c-1,f-1,i0, conf=-1: [a0991bb0-d059-4b75-b34b-f0d320bfe012:192.168.5.148:46271, 74a8c3a1-4d80-4c26-806c-1183f0126592:192.168.5.148:44605, b50c6779-182a-4abf-ac90-b7c5982ab67f:192.168.5.148:46476], old=null
2019-09-24 19:06:19,956 [74a8c3a1-4d80-4c26-806c-1183f0126592@group-84081C198BA3:LeaderElection176] INFO  impl.RaftServerImpl (RaftServerImpl.java:setRole(174)) - 74a8c3a1-4d80-4c26-806c-1183f0126592@group-84081C198BA3: changes role from CANDIDATE to FOLLOWER at term 3 for DISCOVERED_A_NEW_TERM
2019-09-24 19:06:19,957 [74a8c3a1-4d80-4c26-806c-1183f0126592@group-84081C198BA3:LeaderElection176] INFO  impl.RoleInfo (RoleInfo.java:shutdownLeaderElection(134)) - 74a8c3a1-4d80-4c26-806c-1183f0126592: shutdown LeaderElection
2019-09-24 19:06:19,956 [a0991bb0-d059-4b75-b34b-f0d320bfe012@group-84081C198BA3:LeaderElection175] INFO  impl.RoleInfo (RoleInfo.java:updateAndGet(143)) - a0991bb0-d059-4b75-b34b-f0d320bfe012: start FollowerState
2019-09-24 19:06:19,955 [a0991bb0-d059-4b75-b34b-f0d320bfe012@group-192AEBA694D5:LeaderElection174] INFO  impl.RaftServerImpl (RaftServerImpl.java:setRole(174)) - a0991bb0-d059-4b75-b34b-f0d320bfe012@group-192AEBA694D5: changes role from CANDIDATE to FOLLOWER at term 3 for DISCOVERED_A_NEW_TERM
2019-09-24 19:06:19,957 [74a8c3a1-4d80-4c26-806c-1183f0126592@group-84081C198BA3:LeaderElection176] INFO  impl.RoleInfo (RoleInfo.java:updateAndGet(143)) - 74a8c3a1-4d80-4c26-806c-1183f0126592: start FollowerState
2019-09-24 19:06:19,956 [74a8c3a1-4d80-4c26-806c-1183f0126592@group-192AEBA694D5:LeaderElection173] INFO  impl.LeaderElection (LogUtils.java:infoOrTrace(149)) -   Exception 0: {}
java.util.concurrent.ExecutionException: org.apache.ratis.thirdparty.io.grpc.StatusRuntimeException: UNAVAILABLE: io exception
	at java.util.concurrent.FutureTask.report(FutureTask.java:122)
	at java.util.concurrent.FutureTask.get(FutureTask.java:192)
	at org.apache.ratis.server.impl.LeaderElection.waitForResults(LeaderElection.java:263)
	at org.apache.ratis.server.impl.LeaderElection.askForVotes(LeaderElection.java:201)
	at org.apache.ratis.server.impl.LeaderElection.run(LeaderElection.java:133)
	at java.lang.Thread.run(Thread.java:748)
Caused by: org.apache.ratis.thirdparty.io.grpc.StatusRuntimeException: UNAVAILABLE: io exception
	at org.apache.ratis.thirdparty.io.grpc.stub.ClientCalls.toStatusRuntimeException(ClientCalls.java:233)
	at org.apache.ratis.thirdparty.io.grpc.stub.ClientCalls.getUnchecked(ClientCalls.java:214)
	at org.apache.ratis.thirdparty.io.grpc.stub.ClientCalls.blockingUnaryCall(ClientCalls.java:139)
	at org.apache.ratis.proto.grpc.RaftServerProtocolServiceGrpc$RaftServerProtocolServiceBlockingStub.requestVote(RaftServerProtocolServiceGrpc.java:265)
	at org.apache.ratis.grpc.server.GrpcServerProtocolClient.requestVote(GrpcServerProtocolClient.java:90)
	at org.apache.ratis.grpc.server.GrpcService.requestVote(GrpcService.java:204)
	at org.apache.ratis.server.impl.LeaderElection.lambda$submitRequests$1(LeaderElection.java:238)
	at java.util.concurrent.FutureTask.run(FutureTask.java:266)
	at java.util.concurrent.Executors$RunnableAdapter.call(Executors.java:511)
	at java.util.concurrent.FutureTask.run(FutureTask.java:266)
	at java.util.concurrent.ThreadPoolExecutor.runWorker(ThreadPoolExecutor.java:1149)
	at java.util.concurrent.ThreadPoolExecutor$Worker.run(ThreadPoolExecutor.java:624)
	... 1 more
Caused by: org.apache.ratis.thirdparty.io.netty.channel.AbstractChannel$AnnotatedConnectException: Connection refused: /192.168.5.148:46476
	at sun.nio.ch.SocketChannelImpl.checkConnect(Native Method)
	at sun.nio.ch.SocketChannelImpl.finishConnect(SocketChannelImpl.java:717)
	at org.apache.ratis.thirdparty.io.netty.channel.socket.nio.NioSocketChannel.doFinishConnect(NioSocketChannel.java:327)
	at org.apache.ratis.thirdparty.io.netty.channel.nio.AbstractNioChannel$AbstractNioUnsafe.finishConnect(AbstractNioChannel.java:340)
	at org.apache.ratis.thirdparty.io.netty.channel.nio.NioEventLoop.processSelectedKey(NioEventLoop.java:632)
	at org.apache.ratis.thirdparty.io.netty.channel.nio.NioEventLoop.processSelectedKeysOptimized(NioEventLoop.java:579)
	at org.apache.ratis.thirdparty.io.netty.channel.nio.NioEventLoop.processSelectedKeys(NioEventLoop.java:496)
	at org.apache.ratis.thirdparty.io.netty.channel.nio.NioEventLoop.run(NioEventLoop.java:458)
	at org.apache.ratis.thirdparty.io.netty.util.concurrent.SingleThreadEventExecutor$5.run(SingleThreadEventExecutor.java:897)
	at org.apache.ratis.thirdparty.io.netty.util.concurrent.FastThreadLocalRunnable.run(FastThreadLocalRunnable.java:30)
	... 1 more
Caused by: java.net.ConnectException: Connection refused
	... 11 more
2019-09-24 19:06:19,957 [a0991bb0-d059-4b75-b34b-f0d320bfe012@group-192AEBA694D5:LeaderElection174] INFO  impl.RoleInfo (RoleInfo.java:shutdownLeaderElection(134)) - a0991bb0-d059-4b75-b34b-f0d320bfe012: shutdown LeaderElection
2019-09-24 19:06:19,958 [74a8c3a1-4d80-4c26-806c-1183f0126592@group-192AEBA694D5:LeaderElection173] INFO  impl.RaftServerImpl (RaftServerImpl.java:setRole(174)) - 74a8c3a1-4d80-4c26-806c-1183f0126592@group-192AEBA694D5: changes role from CANDIDATE to FOLLOWER at term 3 for DISCOVERED_A_NEW_TERM
2019-09-24 19:06:19,958 [a0991bb0-d059-4b75-b34b-f0d320bfe012@group-192AEBA694D5:LeaderElection174] INFO  impl.RoleInfo (RoleInfo.java:updateAndGet(143)) - a0991bb0-d059-4b75-b34b-f0d320bfe012: start FollowerState
2019-09-24 19:06:19,958 [74a8c3a1-4d80-4c26-806c-1183f0126592@group-192AEBA694D5:LeaderElection173] INFO  impl.RoleInfo (RoleInfo.java:shutdownLeaderElection(134)) - 74a8c3a1-4d80-4c26-806c-1183f0126592: shutdown LeaderElection
2019-09-24 19:06:19,959 [74a8c3a1-4d80-4c26-806c-1183f0126592@group-192AEBA694D5:LeaderElection173] INFO  impl.RoleInfo (RoleInfo.java:updateAndGet(143)) - 74a8c3a1-4d80-4c26-806c-1183f0126592: start FollowerState
2019-09-24 19:06:20,006 [ForkJoinPool.commonPool-worker-1] INFO  ozoneimpl.OzoneContainer (OzoneContainer.java:stop(231)) - Attempting to stop container services.
2019-09-24 19:06:20,006 [ForkJoinPool.commonPool-worker-1] INFO  impl.RaftServerProxy (RaftServerProxy.java:lambda$close$4(314)) - a40dc6a7-dd57-43b2-8140-c9b531d6a225: close
2019-09-24 19:06:20,007 [ForkJoinPool.commonPool-worker-1] INFO  server.GrpcService (GrpcService.java:closeImpl(164)) - a40dc6a7-dd57-43b2-8140-c9b531d6a225: shutdown server with port 43344 now
2019-09-24 19:06:20,007 [ForkJoinPool.commonPool-worker-1] INFO  server.GrpcService (GrpcService.java:closeImpl(172)) - a40dc6a7-dd57-43b2-8140-c9b531d6a225: shutdown server with port 43344 successfully
2019-09-24 19:06:20,010 [refreshUsed-/workdir/hadoop-ozone/integration-test/target/test-dir/MiniOzoneClusterImpl-136902ad-9ad3-4579-ab1e-826ed1576804/datanode-3/data/containers] WARN  fs.CachingGetSpaceUsed (CachingGetSpaceUsed.java:run(183)) - Thread Interrupted waiting to refresh disk information: sleep interrupted
2019-09-24 19:06:20,029 [ForkJoinPool.commonPool-worker-1] INFO  utils.BackgroundService (BackgroundService.java:shutdown(148)) - Shutting down service BlockDeletingService
2019-09-24 19:06:20,035 [ForkJoinPool.commonPool-worker-1] INFO  statemachine.DatanodeStateMachine (DatanodeStateMachine.java:stopDaemon(395)) - Ozone container server stopped.
2019-09-24 19:06:20,043 [ForkJoinPool.commonPool-worker-1] INFO  handler.ContextHandler (ContextHandler.java:doStop(910)) - Stopped o.e.j.w.WebAppContext@1ad9b8d3{/,null,UNAVAILABLE}{/hddsDatanode}
2019-09-24 19:06:20,044 [ForkJoinPool.commonPool-worker-1] INFO  server.AbstractConnector (AbstractConnector.java:doStop(318)) - Stopped ServerConnector@168ad26f{HTTP/1.1,[http/1.1]}{0.0.0.0:0}
2019-09-24 19:06:20,046 [ForkJoinPool.commonPool-worker-1] INFO  handler.ContextHandler (ContextHandler.java:doStop(910)) - Stopped o.e.j.s.ServletContextHandler@5efeb117{/static,jar:file:/home/user/.m2/repository/org/apache/hadoop/hadoop-hdds-container-service/0.5.0-SNAPSHOT/hadoop-hdds-container-service-0.5.0-SNAPSHOT.jar!/webapps/static,UNAVAILABLE}
2019-09-24 19:06:20,048 [ForkJoinPool.commonPool-worker-1] INFO  handler.ContextHandler (ContextHandler.java:doStop(910)) - Stopped o.e.j.s.ServletContextHandler@697d6ded{/logs,file:///workdir/hadoop-ozone/integration-test/target/log,UNAVAILABLE}
2019-09-24 19:06:20,125 [grpc-default-executor-13] WARN  server.GrpcLogAppender (LogUtils.java:warn(134)) - 74a8c3a1-4d80-4c26-806c-1183f0126592@group-9B209ADA5585->b50c6779-182a-4abf-ac90-b7c5982ab67f-AppendLogResponseHandler: Failed appendEntries: org.apache.ratis.thirdparty.io.grpc.StatusRuntimeException: UNAVAILABLE: io exception
2019-09-24 19:06:20,126 [grpc-default-executor-13] INFO  impl.FollowerInfo (FollowerInfo.java:lambda$new$0(51)) - 74a8c3a1-4d80-4c26-806c-1183f0126592@group-9B209ADA5585->b50c6779-182a-4abf-ac90-b7c5982ab67f: nextIndex: updateUnconditionally 0 -> 0
2019-09-24 19:06:20,628 [grpc-default-executor-13] WARN  server.GrpcLogAppender (LogUtils.java:warn(134)) - 74a8c3a1-4d80-4c26-806c-1183f0126592@group-9B209ADA5585->b50c6779-182a-4abf-ac90-b7c5982ab67f-AppendLogResponseHandler: Failed appendEntries: org.apache.ratis.thirdparty.io.grpc.StatusRuntimeException: UNAVAILABLE: io exception
2019-09-24 19:06:20,628 [grpc-default-executor-13] INFO  impl.FollowerInfo (FollowerInfo.java:lambda$new$0(51)) - 74a8c3a1-4d80-4c26-806c-1183f0126592@group-9B209ADA5585->b50c6779-182a-4abf-ac90-b7c5982ab67f: nextIndex: updateUnconditionally 0 -> 0
2019-09-24 19:06:20,743 [Datanode State Machine Thread - 0] INFO  statemachine.DatanodeStateMachine (DatanodeStateMachine.java:lambda$startDaemon$0(350)) - Ozone container server started.
2019-09-24 19:06:20,962 [Thread-2739] INFO  impl.FollowerState (FollowerState.java:run(106)) - a0991bb0-d059-4b75-b34b-f0d320bfe012:group-192AEBA694D5 changes to CANDIDATE, lastRpcTime:1003, electionTimeout:1003ms
2019-09-24 19:06:20,962 [Thread-2739] INFO  impl.RoleInfo (RoleInfo.java:shutdownFollowerState(121)) - a0991bb0-d059-4b75-b34b-f0d320bfe012: shutdown FollowerState
2019-09-24 19:06:20,963 [Thread-2739] INFO  impl.RaftServerImpl (RaftServerImpl.java:setRole(174)) - a0991bb0-d059-4b75-b34b-f0d320bfe012@group-192AEBA694D5: changes role from  FOLLOWER to CANDIDATE at term 3 for changeToCandidate
2019-09-24 19:06:20,963 [Thread-2739] INFO  impl.RoleInfo (RoleInfo.java:updateAndGet(143)) - a0991bb0-d059-4b75-b34b-f0d320bfe012: start LeaderElection
2019-09-24 19:06:20,977 [a0991bb0-d059-4b75-b34b-f0d320bfe012@group-192AEBA694D5:LeaderElection177] INFO  impl.LeaderElection (LeaderElection.java:askForVotes(182)) - a0991bb0-d059-4b75-b34b-f0d320bfe012@group-192AEBA694D5:LeaderElection177: begin an election at term 4 for -1: [a0991bb0-d059-4b75-b34b-f0d320bfe012:192.168.5.148:46271, 74a8c3a1-4d80-4c26-806c-1183f0126592:192.168.5.148:44605, b50c6779-182a-4abf-ac90-b7c5982ab67f:192.168.5.148:46476], old=null
2019-09-24 19:06:20,978 [a0991bb0-d059-4b75-b34b-f0d320bfe012@group-192AEBA694D5:LeaderElection177] INFO  impl.LeaderElection (LogUtils.java:infoOrTrace(149)) - a0991bb0-d059-4b75-b34b-f0d320bfe012@group-192AEBA694D5:LeaderElection177 got exception when requesting votes: {}
java.util.concurrent.ExecutionException: org.apache.ratis.thirdparty.io.grpc.StatusRuntimeException: UNAVAILABLE: io exception
	at java.util.concurrent.FutureTask.report(FutureTask.java:122)
	at java.util.concurrent.FutureTask.get(FutureTask.java:192)
	at org.apache.ratis.server.impl.LeaderElection.waitForResults(LeaderElection.java:263)
	at org.apache.ratis.server.impl.LeaderElection.askForVotes(LeaderElection.java:201)
	at org.apache.ratis.server.impl.LeaderElection.run(LeaderElection.java:133)
	at java.lang.Thread.run(Thread.java:748)
Caused by: org.apache.ratis.thirdparty.io.grpc.StatusRuntimeException: UNAVAILABLE: io exception
	at org.apache.ratis.thirdparty.io.grpc.stub.ClientCalls.toStatusRuntimeException(ClientCalls.java:233)
	at org.apache.ratis.thirdparty.io.grpc.stub.ClientCalls.getUnchecked(ClientCalls.java:214)
	at org.apache.ratis.thirdparty.io.grpc.stub.ClientCalls.blockingUnaryCall(ClientCalls.java:139)
	at org.apache.ratis.proto.grpc.RaftServerProtocolServiceGrpc$RaftServerProtocolServiceBlockingStub.requestVote(RaftServerProtocolServiceGrpc.java:265)
	at org.apache.ratis.grpc.server.GrpcServerProtocolClient.requestVote(GrpcServerProtocolClient.java:90)
	at org.apache.ratis.grpc.server.GrpcService.requestVote(GrpcService.java:204)
	at org.apache.ratis.server.impl.LeaderElection.lambda$submitRequests$1(LeaderElection.java:238)
	at java.util.concurrent.FutureTask.run(FutureTask.java:266)
	at java.util.concurrent.Executors$RunnableAdapter.call(Executors.java:511)
	at java.util.concurrent.FutureTask.run(FutureTask.java:266)
	at java.util.concurrent.ThreadPoolExecutor.runWorker(ThreadPoolExecutor.java:1149)
	at java.util.concurrent.ThreadPoolExecutor$Worker.run(ThreadPoolExecutor.java:624)
	... 1 more
Caused by: org.apache.ratis.thirdparty.io.netty.channel.AbstractChannel$AnnotatedConnectException: Connection refused: /192.168.5.148:46476
	at sun.nio.ch.SocketChannelImpl.checkConnect(Native Method)
	at sun.nio.ch.SocketChannelImpl.finishConnect(SocketChannelImpl.java:717)
	at org.apache.ratis.thirdparty.io.netty.channel.socket.nio.NioSocketChannel.doFinishConnect(NioSocketChannel.java:327)
	at org.apache.ratis.thirdparty.io.netty.channel.nio.AbstractNioChannel$AbstractNioUnsafe.finishConnect(AbstractNioChannel.java:340)
	at org.apache.ratis.thirdparty.io.netty.channel.nio.NioEventLoop.processSelectedKey(NioEventLoop.java:632)
	at org.apache.ratis.thirdparty.io.netty.channel.nio.NioEventLoop.processSelectedKeysOptimized(NioEventLoop.java:579)
	at org.apache.ratis.thirdparty.io.netty.channel.nio.NioEventLoop.processSelectedKeys(NioEventLoop.java:496)
	at org.apache.ratis.thirdparty.io.netty.channel.nio.NioEventLoop.run(NioEventLoop.java:458)
	at org.apache.ratis.thirdparty.io.netty.util.concurrent.SingleThreadEventExecutor$5.run(SingleThreadEventExecutor.java:897)
	at org.apache.ratis.thirdparty.io.netty.util.concurrent.FastThreadLocalRunnable.run(FastThreadLocalRunnable.java:30)
	... 1 more
Caused by: java.net.ConnectException: Connection refused
	... 11 more
2019-09-24 19:06:20,983 [grpc-default-executor-13] INFO  impl.RaftServerImpl (RaftServerImpl.java:setRole(174)) - 74a8c3a1-4d80-4c26-806c-1183f0126592@group-192AEBA694D5: changes role from  FOLLOWER to FOLLOWER at term 4 for recognizeCandidate:a0991bb0-d059-4b75-b34b-f0d320bfe012
2019-09-24 19:06:20,983 [grpc-default-executor-13] INFO  impl.RoleInfo (RoleInfo.java:shutdownFollowerState(121)) - 74a8c3a1-4d80-4c26-806c-1183f0126592: shutdown FollowerState
2019-09-24 19:06:20,983 [grpc-default-executor-13] INFO  impl.RoleInfo (RoleInfo.java:updateAndGet(143)) - 74a8c3a1-4d80-4c26-806c-1183f0126592: start FollowerState
2019-09-24 19:06:20,984 [Thread-2740] INFO  impl.FollowerState (FollowerState.java:run(115)) - 74a8c3a1-4d80-4c26-806c-1183f0126592: FollowerState was interrupted: java.lang.InterruptedException: sleep interrupted
2019-09-24 19:06:20,998 [Thread-2738] INFO  impl.FollowerState (FollowerState.java:run(106)) - 74a8c3a1-4d80-4c26-806c-1183f0126592:group-84081C198BA3 changes to CANDIDATE, lastRpcTime:1040, electionTimeout:1040ms
2019-09-24 19:06:20,999 [Thread-2738] INFO  impl.RoleInfo (RoleInfo.java:shutdownFollowerState(121)) - 74a8c3a1-4d80-4c26-806c-1183f0126592: shutdown FollowerState
2019-09-24 19:06:20,999 [Thread-2738] INFO  impl.RaftServerImpl (RaftServerImpl.java:setRole(174)) - 74a8c3a1-4d80-4c26-806c-1183f0126592@group-84081C198BA3: changes role from  FOLLOWER to CANDIDATE at term 3 for changeToCandidate
2019-09-24 19:06:20,999 [Thread-2738] INFO  impl.RoleInfo (RoleInfo.java:updateAndGet(143)) - 74a8c3a1-4d80-4c26-806c-1183f0126592: start LeaderElection
2019-09-24 19:06:21,099 [Thread-2737] INFO  impl.FollowerState (FollowerState.java:run(106)) - a0991bb0-d059-4b75-b34b-f0d320bfe012:group-84081C198BA3 changes to CANDIDATE, lastRpcTime:1143, electionTimeout:1142ms
2019-09-24 19:06:21,100 [Thread-2737] INFO  impl.RoleInfo (RoleInfo.java:shutdownFollowerState(121)) - a0991bb0-d059-4b75-b34b-f0d320bfe012: shutdown FollowerState
2019-09-24 19:06:21,100 [Thread-2737] INFO  impl.RaftServerImpl (RaftServerImpl.java:setRole(174)) - a0991bb0-d059-4b75-b34b-f0d320bfe012@group-84081C198BA3: changes role from  FOLLOWER to CANDIDATE at term 3 for changeToCandidate
2019-09-24 19:06:21,100 [Thread-2737] INFO  impl.RoleInfo (RoleInfo.java:updateAndGet(143)) - a0991bb0-d059-4b75-b34b-f0d320bfe012: start LeaderElection
2019-09-24 19:06:21,129 [grpc-default-executor-10] WARN  server.GrpcLogAppender (LogUtils.java:warn(134)) - 74a8c3a1-4d80-4c26-806c-1183f0126592@group-9B209ADA5585->b50c6779-182a-4abf-ac90-b7c5982ab67f-AppendLogResponseHandler: Failed appendEntries: org.apache.ratis.thirdparty.io.grpc.StatusRuntimeException: UNAVAILABLE: io exception
2019-09-24 19:06:21,130 [grpc-default-executor-10] INFO  impl.FollowerInfo (FollowerInfo.java:lambda$new$0(51)) - 74a8c3a1-4d80-4c26-806c-1183f0126592@group-9B209ADA5585->b50c6779-182a-4abf-ac90-b7c5982ab67f: nextIndex: updateUnconditionally 0 -> 0
2019-09-24 19:06:21,305 [a0991bb0-d059-4b75-b34b-f0d320bfe012@group-84081C198BA3:LeaderElection179] INFO  impl.LeaderElection (LeaderElection.java:askForVotes(182)) - a0991bb0-d059-4b75-b34b-f0d320bfe012@group-84081C198BA3:LeaderElection179: begin an election at term 4 for -1: [a0991bb0-d059-4b75-b34b-f0d320bfe012:192.168.5.148:46271, 74a8c3a1-4d80-4c26-806c-1183f0126592:192.168.5.148:44605, b50c6779-182a-4abf-ac90-b7c5982ab67f:192.168.5.148:46476], old=null
2019-09-24 19:06:21,305 [74a8c3a1-4d80-4c26-806c-1183f0126592@group-84081C198BA3:LeaderElection178] INFO  impl.LeaderElection (LeaderElection.java:askForVotes(182)) - 74a8c3a1-4d80-4c26-806c-1183f0126592@group-84081C198BA3:LeaderElection178: begin an election at term 4 for -1: [a0991bb0-d059-4b75-b34b-f0d320bfe012:192.168.5.148:46271, 74a8c3a1-4d80-4c26-806c-1183f0126592:192.168.5.148:44605, b50c6779-182a-4abf-ac90-b7c5982ab67f:192.168.5.148:46476], old=null
2019-09-24 19:06:21,306 [a0991bb0-d059-4b75-b34b-f0d320bfe012@group-192AEBA694D5:LeaderElection177] INFO  impl.LeaderElection (LeaderElection.java:logAndReturn(56)) - a0991bb0-d059-4b75-b34b-f0d320bfe012@group-192AEBA694D5:LeaderElection177: Election PASSED; received 1 response(s) [a0991bb0-d059-4b75-b34b-f0d320bfe012<-74a8c3a1-4d80-4c26-806c-1183f0126592#0:OK-t4] and 1 exception(s); a0991bb0-d059-4b75-b34b-f0d320bfe012@group-192AEBA694D5:t4, leader=null, voted=a0991bb0-d059-4b75-b34b-f0d320bfe012, raftlog=a0991bb0-d059-4b75-b34b-f0d320bfe012@group-192AEBA694D5-SegmentedRaftLog:OPENED:c-1,f-1,i0, conf=-1: [a0991bb0-d059-4b75-b34b-f0d320bfe012:192.168.5.148:46271, 74a8c3a1-4d80-4c26-806c-1183f0126592:192.168.5.148:44605, b50c6779-182a-4abf-ac90-b7c5982ab67f:192.168.5.148:46476], old=null
2019-09-24 19:06:21,306 [a0991bb0-d059-4b75-b34b-f0d320bfe012@group-192AEBA694D5:LeaderElection177] INFO  impl.LeaderElection (LogUtils.java:infoOrTrace(149)) -   Exception 0: {}
java.util.concurrent.ExecutionException: org.apache.ratis.thirdparty.io.grpc.StatusRuntimeException: UNAVAILABLE: io exception
	at java.util.concurrent.FutureTask.report(FutureTask.java:122)
	at java.util.concurrent.FutureTask.get(FutureTask.java:192)
	at org.apache.ratis.server.impl.LeaderElection.waitForResults(LeaderElection.java:263)
	at org.apache.ratis.server.impl.LeaderElection.askForVotes(LeaderElection.java:201)
	at org.apache.ratis.server.impl.LeaderElection.run(LeaderElection.java:133)
	at java.lang.Thread.run(Thread.java:748)
Caused by: org.apache.ratis.thirdparty.io.grpc.StatusRuntimeException: UNAVAILABLE: io exception
	at org.apache.ratis.thirdparty.io.grpc.stub.ClientCalls.toStatusRuntimeException(ClientCalls.java:233)
	at org.apache.ratis.thirdparty.io.grpc.stub.ClientCalls.getUnchecked(ClientCalls.java:214)
	at org.apache.ratis.thirdparty.io.grpc.stub.ClientCalls.blockingUnaryCall(ClientCalls.java:139)
	at org.apache.ratis.proto.grpc.RaftServerProtocolServiceGrpc$RaftServerProtocolServiceBlockingStub.requestVote(RaftServerProtocolServiceGrpc.java:265)
	at org.apache.ratis.grpc.server.GrpcServerProtocolClient.requestVote(GrpcServerProtocolClient.java:90)
	at org.apache.ratis.grpc.server.GrpcService.requestVote(GrpcService.java:204)
	at org.apache.ratis.server.impl.LeaderElection.lambda$submitRequests$1(LeaderElection.java:238)
	at java.util.concurrent.FutureTask.run(FutureTask.java:266)
	at java.util.concurrent.Executors$RunnableAdapter.call(Executors.java:511)
	at java.util.concurrent.FutureTask.run(FutureTask.java:266)
	at java.util.concurrent.ThreadPoolExecutor.runWorker(ThreadPoolExecutor.java:1149)
	at java.util.concurrent.ThreadPoolExecutor$Worker.run(ThreadPoolExecutor.java:624)
	... 1 more
Caused by: org.apache.ratis.thirdparty.io.netty.channel.AbstractChannel$AnnotatedConnectException: Connection refused: /192.168.5.148:46476
	at sun.nio.ch.SocketChannelImpl.checkConnect(Native Method)
	at sun.nio.ch.SocketChannelImpl.finishConnect(SocketChannelImpl.java:717)
	at org.apache.ratis.thirdparty.io.netty.channel.socket.nio.NioSocketChannel.doFinishConnect(NioSocketChannel.java:327)
	at org.apache.ratis.thirdparty.io.netty.channel.nio.AbstractNioChannel$AbstractNioUnsafe.finishConnect(AbstractNioChannel.java:340)
	at org.apache.ratis.thirdparty.io.netty.channel.nio.NioEventLoop.processSelectedKey(NioEventLoop.java:632)
	at org.apache.ratis.thirdparty.io.netty.channel.nio.NioEventLoop.processSelectedKeysOptimized(NioEventLoop.java:579)
	at org.apache.ratis.thirdparty.io.netty.channel.nio.NioEventLoop.processSelectedKeys(NioEventLoop.java:496)
	at org.apache.ratis.thirdparty.io.netty.channel.nio.NioEventLoop.run(NioEventLoop.java:458)
	at org.apache.ratis.thirdparty.io.netty.util.concurrent.SingleThreadEventExecutor$5.run(SingleThreadEventExecutor.java:897)
	at org.apache.ratis.thirdparty.io.netty.util.concurrent.FastThreadLocalRunnable.run(FastThreadLocalRunnable.java:30)
	... 1 more
Caused by: java.net.ConnectException: Connection refused
	... 11 more
2019-09-24 19:06:21,306 [a0991bb0-d059-4b75-b34b-f0d320bfe012@group-84081C198BA3:LeaderElection179] INFO  impl.LeaderElection (LogUtils.java:infoOrTrace(149)) - a0991bb0-d059-4b75-b34b-f0d320bfe012@group-84081C198BA3:LeaderElection179 got exception when requesting votes: {}
java.util.concurrent.ExecutionException: org.apache.ratis.thirdparty.io.grpc.StatusRuntimeException: UNAVAILABLE: io exception
	at java.util.concurrent.FutureTask.report(FutureTask.java:122)
	at java.util.concurrent.FutureTask.get(FutureTask.java:192)
	at org.apache.ratis.server.impl.LeaderElection.waitForResults(LeaderElection.java:263)
	at org.apache.ratis.server.impl.LeaderElection.askForVotes(LeaderElection.java:201)
	at org.apache.ratis.server.impl.LeaderElection.run(LeaderElection.java:133)
	at java.lang.Thread.run(Thread.java:748)
Caused by: org.apache.ratis.thirdparty.io.grpc.StatusRuntimeException: UNAVAILABLE: io exception
	at org.apache.ratis.thirdparty.io.grpc.stub.ClientCalls.toStatusRuntimeException(ClientCalls.java:233)
	at org.apache.ratis.thirdparty.io.grpc.stub.ClientCalls.getUnchecked(ClientCalls.java:214)
	at org.apache.ratis.thirdparty.io.grpc.stub.ClientCalls.blockingUnaryCall(ClientCalls.java:139)
	at org.apache.ratis.proto.grpc.RaftServerProtocolServiceGrpc$RaftServerProtocolServiceBlockingStub.requestVote(RaftServerProtocolServiceGrpc.java:265)
	at org.apache.ratis.grpc.server.GrpcServerProtocolClient.requestVote(GrpcServerProtocolClient.java:90)
	at org.apache.ratis.grpc.server.GrpcService.requestVote(GrpcService.java:204)
	at org.apache.ratis.server.impl.LeaderElection.lambda$submitRequests$1(LeaderElection.java:238)
	at java.util.concurrent.FutureTask.run(FutureTask.java:266)
	at java.util.concurrent.Executors$RunnableAdapter.call(Executors.java:511)
	at java.util.concurrent.FutureTask.run(FutureTask.java:266)
	at java.util.concurrent.ThreadPoolExecutor.runWorker(ThreadPoolExecutor.java:1149)
	at java.util.concurrent.ThreadPoolExecutor$Worker.run(ThreadPoolExecutor.java:624)
	... 1 more
Caused by: org.apache.ratis.thirdparty.io.netty.channel.AbstractChannel$AnnotatedConnectException: Connection refused: /192.168.5.148:46476
	at sun.nio.ch.SocketChannelImpl.checkConnect(Native Method)
	at sun.nio.ch.SocketChannelImpl.finishConnect(SocketChannelImpl.java:717)
	at org.apache.ratis.thirdparty.io.netty.channel.socket.nio.NioSocketChannel.doFinishConnect(NioSocketChannel.java:327)
	at org.apache.ratis.thirdparty.io.netty.channel.nio.AbstractNioChannel$AbstractNioUnsafe.finishConnect(AbstractNioChannel.java:340)
	at org.apache.ratis.thirdparty.io.netty.channel.nio.NioEventLoop.processSelectedKey(NioEventLoop.java:632)
	at org.apache.ratis.thirdparty.io.netty.channel.nio.NioEventLoop.processSelectedKeysOptimized(NioEventLoop.java:579)
	at org.apache.ratis.thirdparty.io.netty.channel.nio.NioEventLoop.processSelectedKeys(NioEventLoop.java:496)
	at org.apache.ratis.thirdparty.io.netty.channel.nio.NioEventLoop.run(NioEventLoop.java:458)
	at org.apache.ratis.thirdparty.io.netty.util.concurrent.SingleThreadEventExecutor$5.run(SingleThreadEventExecutor.java:897)
	at org.apache.ratis.thirdparty.io.netty.util.concurrent.FastThreadLocalRunnable.run(FastThreadLocalRunnable.java:30)
	... 1 more
Caused by: java.net.ConnectException: Connection refused
	... 11 more
2019-09-24 19:06:21,307 [a0991bb0-d059-4b75-b34b-f0d320bfe012@group-192AEBA694D5:LeaderElection177] INFO  impl.RoleInfo (RoleInfo.java:shutdownLeaderElection(134)) - a0991bb0-d059-4b75-b34b-f0d320bfe012: shutdown LeaderElection
2019-09-24 19:06:21,311 [a0991bb0-d059-4b75-b34b-f0d320bfe012@group-192AEBA694D5:LeaderElection177] INFO  impl.RaftServerImpl (RaftServerImpl.java:setRole(174)) - a0991bb0-d059-4b75-b34b-f0d320bfe012@group-192AEBA694D5: changes role from CANDIDATE to LEADER at term 4 for changeToLeader
2019-09-24 19:06:21,311 [a0991bb0-d059-4b75-b34b-f0d320bfe012@group-192AEBA694D5:LeaderElection177] INFO  impl.RaftServerImpl (ServerState.java:setLeader(253)) - a0991bb0-d059-4b75-b34b-f0d320bfe012@group-192AEBA694D5: change Leader from null to a0991bb0-d059-4b75-b34b-f0d320bfe012 at term 4 for becomeLeader, leader elected after 11685ms
2019-09-24 19:06:21,312 [a0991bb0-d059-4b75-b34b-f0d320bfe012@group-192AEBA694D5:LeaderElection177] INFO  server.RaftServerConfigKeys (ConfUtils.java:logGet(43)) - raft.server.staging.catchup.gap = 1000 (default)
2019-09-24 19:06:21,312 [a0991bb0-d059-4b75-b34b-f0d320bfe012@group-192AEBA694D5:LeaderElection177] INFO  server.RaftServerConfigKeys (ConfUtils.java:logGet(43)) - raft.server.rpc.sleep.time = 25ms (default)
2019-09-24 19:06:21,312 [a0991bb0-d059-4b75-b34b-f0d320bfe012@group-192AEBA694D5:LeaderElection177] INFO  server.RaftServerConfigKeys (ConfUtils.java:logGet(43)) - raft.server.write.element-limit = 4096 (default)
2019-09-24 19:06:21,312 [a0991bb0-d059-4b75-b34b-f0d320bfe012@group-192AEBA694D5:LeaderElection177] INFO  server.RaftServerConfigKeys (ConfUtils.java:logGet(43)) - raft.server.watch.timeout = 10s (default)
2019-09-24 19:06:21,312 [a0991bb0-d059-4b75-b34b-f0d320bfe012@group-192AEBA694D5:LeaderElection177] INFO  server.RaftServerConfigKeys (ConfUtils.java:logGet(43)) - raft.server.watch.timeout.denomination = 1s (default)
2019-09-24 19:06:21,312 [74a8c3a1-4d80-4c26-806c-1183f0126592@group-84081C198BA3:LeaderElection178] INFO  impl.LeaderElection (LogUtils.java:infoOrTrace(149)) - 74a8c3a1-4d80-4c26-806c-1183f0126592@group-84081C198BA3:LeaderElection178 got exception when requesting votes: {}
java.util.concurrent.ExecutionException: org.apache.ratis.thirdparty.io.grpc.StatusRuntimeException: UNAVAILABLE: io exception
	at java.util.concurrent.FutureTask.report(FutureTask.java:122)
	at java.util.concurrent.FutureTask.get(FutureTask.java:192)
	at org.apache.ratis.server.impl.LeaderElection.waitForResults(LeaderElection.java:263)
	at org.apache.ratis.server.impl.LeaderElection.askForVotes(LeaderElection.java:201)
	at org.apache.ratis.server.impl.LeaderElection.run(LeaderElection.java:133)
	at java.lang.Thread.run(Thread.java:748)
Caused by: org.apache.ratis.thirdparty.io.grpc.StatusRuntimeException: UNAVAILABLE: io exception
	at org.apache.ratis.thirdparty.io.grpc.stub.ClientCalls.toStatusRuntimeException(ClientCalls.java:233)
	at org.apache.ratis.thirdparty.io.grpc.stub.ClientCalls.getUnchecked(ClientCalls.java:214)
	at org.apache.ratis.thirdparty.io.grpc.stub.ClientCalls.blockingUnaryCall(ClientCalls.java:139)
	at org.apache.ratis.proto.grpc.RaftServerProtocolServiceGrpc$RaftServerProtocolServiceBlockingStub.requestVote(RaftServerProtocolServiceGrpc.java:265)
	at org.apache.ratis.grpc.server.GrpcServerProtocolClient.requestVote(GrpcServerProtocolClient.java:90)
	at org.apache.ratis.grpc.server.GrpcService.requestVote(GrpcService.java:204)
	at org.apache.ratis.server.impl.LeaderElection.lambda$submitRequests$1(LeaderElection.java:238)
	at java.util.concurrent.FutureTask.run(FutureTask.java:266)
	at java.util.concurrent.Executors$RunnableAdapter.call(Executors.java:511)
	at java.util.concurrent.FutureTask.run(FutureTask.java:266)
	at java.util.concurrent.ThreadPoolExecutor.runWorker(ThreadPoolExecutor.java:1149)
	at java.util.concurrent.ThreadPoolExecutor$Worker.run(ThreadPoolExecutor.java:624)
	... 1 more
Caused by: org.apache.ratis.thirdparty.io.netty.channel.AbstractChannel$AnnotatedConnectException: Connection refused: /192.168.5.148:46476
	at sun.nio.ch.SocketChannelImpl.checkConnect(Native Method)
	at sun.nio.ch.SocketChannelImpl.finishConnect(SocketChannelImpl.java:717)
	at org.apache.ratis.thirdparty.io.netty.channel.socket.nio.NioSocketChannel.doFinishConnect(NioSocketChannel.java:327)
	at org.apache.ratis.thirdparty.io.netty.channel.nio.AbstractNioChannel$AbstractNioUnsafe.finishConnect(AbstractNioChannel.java:340)
	at org.apache.ratis.thirdparty.io.netty.channel.nio.NioEventLoop.processSelectedKey(NioEventLoop.java:632)
	at org.apache.ratis.thirdparty.io.netty.channel.nio.NioEventLoop.processSelectedKeysOptimized(NioEventLoop.java:579)
	at org.apache.ratis.thirdparty.io.netty.channel.nio.NioEventLoop.processSelectedKeys(NioEventLoop.java:496)
	at org.apache.ratis.thirdparty.io.netty.channel.nio.NioEventLoop.run(NioEventLoop.java:458)
	at org.apache.ratis.thirdparty.io.netty.util.concurrent.SingleThreadEventExecutor$5.run(SingleThreadEventExecutor.java:897)
	at org.apache.ratis.thirdparty.io.netty.util.concurrent.FastThreadLocalRunnable.run(FastThreadLocalRunnable.java:30)
	... 1 more
Caused by: java.net.ConnectException: Connection refused
	... 11 more
2019-09-24 19:06:21,313 [a0991bb0-d059-4b75-b34b-f0d320bfe012@group-84081C198BA3:LeaderElection179] INFO  impl.LeaderElection (LeaderElection.java:logAndReturn(56)) - a0991bb0-d059-4b75-b34b-f0d320bfe012@group-84081C198BA3:LeaderElection179: Election REJECTED; received 1 response(s) [a0991bb0-d059-4b75-b34b-f0d320bfe012<-74a8c3a1-4d80-4c26-806c-1183f0126592#0:FAIL-t4] and 1 exception(s); a0991bb0-d059-4b75-b34b-f0d320bfe012@group-84081C198BA3:t4, leader=null, voted=a0991bb0-d059-4b75-b34b-f0d320bfe012, raftlog=a0991bb0-d059-4b75-b34b-f0d320bfe012@group-84081C198BA3-SegmentedRaftLog:OPENED:c-1,f-1,i0, conf=-1: [a0991bb0-d059-4b75-b34b-f0d320bfe012:192.168.5.148:46271, 74a8c3a1-4d80-4c26-806c-1183f0126592:192.168.5.148:44605, b50c6779-182a-4abf-ac90-b7c5982ab67f:192.168.5.148:46476], old=null
2019-09-24 19:06:21,313 [a0991bb0-d059-4b75-b34b-f0d320bfe012@group-192AEBA694D5:LeaderElection177] INFO  server.RaftServerConfigKeys (ConfUtils.java:logGet(43)) - raft.server.watch.element-limit = 65536 (default)
2019-09-24 19:06:21,315 [a0991bb0-d059-4b75-b34b-f0d320bfe012@group-84081C198BA3:LeaderElection179] INFO  impl.LeaderElection (LogUtils.java:infoOrTrace(149)) -   Exception 0: {}
java.util.concurrent.ExecutionException: org.apache.ratis.thirdparty.io.grpc.StatusRuntimeException: UNAVAILABLE: io exception
	at java.util.concurrent.FutureTask.report(FutureTask.java:122)
	at java.util.concurrent.FutureTask.get(FutureTask.java:192)
	at org.apache.ratis.server.impl.LeaderElection.waitForResults(LeaderElection.java:263)
	at org.apache.ratis.server.impl.LeaderElection.askForVotes(LeaderElection.java:201)
	at org.apache.ratis.server.impl.LeaderElection.run(LeaderElection.java:133)
	at java.lang.Thread.run(Thread.java:748)
Caused by: org.apache.ratis.thirdparty.io.grpc.StatusRuntimeException: UNAVAILABLE: io exception
	at org.apache.ratis.thirdparty.io.grpc.stub.ClientCalls.toStatusRuntimeException(ClientCalls.java:233)
	at org.apache.ratis.thirdparty.io.grpc.stub.ClientCalls.getUnchecked(ClientCalls.java:214)
	at org.apache.ratis.thirdparty.io.grpc.stub.ClientCalls.blockingUnaryCall(ClientCalls.java:139)
	at org.apache.ratis.proto.grpc.RaftServerProtocolServiceGrpc$RaftServerProtocolServiceBlockingStub.requestVote(RaftServerProtocolServiceGrpc.java:265)
	at org.apache.ratis.grpc.server.GrpcServerProtocolClient.requestVote(GrpcServerProtocolClient.java:90)
	at org.apache.ratis.grpc.server.GrpcService.requestVote(GrpcService.java:204)
	at org.apache.ratis.server.impl.LeaderElection.lambda$submitRequests$1(LeaderElection.java:238)
	at java.util.concurrent.FutureTask.run(FutureTask.java:266)
	at java.util.concurrent.Executors$RunnableAdapter.call(Executors.java:511)
	at java.util.concurrent.FutureTask.run(FutureTask.java:266)
	at java.util.concurrent.ThreadPoolExecutor.runWorker(ThreadPoolExecutor.java:1149)
	at java.util.concurrent.ThreadPoolExecutor$Worker.run(ThreadPoolExecutor.java:624)
	... 1 more
Caused by: org.apache.ratis.thirdparty.io.netty.channel.AbstractChannel$AnnotatedConnectException: Connection refused: /192.168.5.148:46476
	at sun.nio.ch.SocketChannelImpl.checkConnect(Native Method)
	at sun.nio.ch.SocketChannelImpl.finishConnect(SocketChannelImpl.java:717)
	at org.apache.ratis.thirdparty.io.netty.channel.socket.nio.NioSocketChannel.doFinishConnect(NioSocketChannel.java:327)
	at org.apache.ratis.thirdparty.io.netty.channel.nio.AbstractNioChannel$AbstractNioUnsafe.finishConnect(AbstractNioChannel.java:340)
	at org.apache.ratis.thirdparty.io.netty.channel.nio.NioEventLoop.processSelectedKey(NioEventLoop.java:632)
	at org.apache.ratis.thirdparty.io.netty.channel.nio.NioEventLoop.processSelectedKeysOptimized(NioEventLoop.java:579)
	at org.apache.ratis.thirdparty.io.netty.channel.nio.NioEventLoop.processSelectedKeys(NioEventLoop.java:496)
	at org.apache.ratis.thirdparty.io.netty.channel.nio.NioEventLoop.run(NioEventLoop.java:458)
	at org.apache.ratis.thirdparty.io.netty.util.concurrent.SingleThreadEventExecutor$5.run(SingleThreadEventExecutor.java:897)
	at org.apache.ratis.thirdparty.io.netty.util.concurrent.FastThreadLocalRunnable.run(FastThreadLocalRunnable.java:30)
	... 1 more
Caused by: java.net.ConnectException: Connection refused
	... 11 more
2019-09-24 19:06:21,316 [74a8c3a1-4d80-4c26-806c-1183f0126592@group-84081C198BA3:LeaderElection178] INFO  impl.LeaderElection (LeaderElection.java:logAndReturn(56)) - 74a8c3a1-4d80-4c26-806c-1183f0126592@group-84081C198BA3:LeaderElection178: Election REJECTED; received 1 response(s) [74a8c3a1-4d80-4c26-806c-1183f0126592<-a0991bb0-d059-4b75-b34b-f0d320bfe012#0:FAIL-t4] and 1 exception(s); 74a8c3a1-4d80-4c26-806c-1183f0126592@group-84081C198BA3:t4, leader=null, voted=74a8c3a1-4d80-4c26-806c-1183f0126592, raftlog=74a8c3a1-4d80-4c26-806c-1183f0126592@group-84081C198BA3-SegmentedRaftLog:OPENED:c-1,f-1,i0, conf=-1: [a0991bb0-d059-4b75-b34b-f0d320bfe012:192.168.5.148:46271, 74a8c3a1-4d80-4c26-806c-1183f0126592:192.168.5.148:44605, b50c6779-182a-4abf-ac90-b7c5982ab67f:192.168.5.148:46476], old=null
2019-09-24 19:06:21,316 [a0991bb0-d059-4b75-b34b-f0d320bfe012@group-84081C198BA3:LeaderElection179] INFO  impl.RaftServerImpl (RaftServerImpl.java:setRole(174)) - a0991bb0-d059-4b75-b34b-f0d320bfe012@group-84081C198BA3: changes role from CANDIDATE to FOLLOWER at term 4 for DISCOVERED_A_NEW_TERM
2019-09-24 19:06:21,316 [74a8c3a1-4d80-4c26-806c-1183f0126592@group-84081C198BA3:LeaderElection178] INFO  impl.LeaderElection (LogUtils.java:infoOrTrace(149)) -   Exception 0: {}
java.util.concurrent.ExecutionException: org.apache.ratis.thirdparty.io.grpc.StatusRuntimeException: UNAVAILABLE: io exception
	at java.util.concurrent.FutureTask.report(FutureTask.java:122)
	at java.util.concurrent.FutureTask.get(FutureTask.java:192)
	at org.apache.ratis.server.impl.LeaderElection.waitForResults(LeaderElection.java:263)
	at org.apache.ratis.server.impl.LeaderElection.askForVotes(LeaderElection.java:201)
	at org.apache.ratis.server.impl.LeaderElection.run(LeaderElection.java:133)
	at java.lang.Thread.run(Thread.java:748)
Caused by: org.apache.ratis.thirdparty.io.grpc.StatusRuntimeException: UNAVAILABLE: io exception
	at org.apache.ratis.thirdparty.io.grpc.stub.ClientCalls.toStatusRuntimeException(ClientCalls.java:233)
	at org.apache.ratis.thirdparty.io.grpc.stub.ClientCalls.getUnchecked(ClientCalls.java:214)
	at org.apache.ratis.thirdparty.io.grpc.stub.ClientCalls.blockingUnaryCall(ClientCalls.java:139)
	at org.apache.ratis.proto.grpc.RaftServerProtocolServiceGrpc$RaftServerProtocolServiceBlockingStub.requestVote(RaftServerProtocolServiceGrpc.java:265)
	at org.apache.ratis.grpc.server.GrpcServerProtocolClient.requestVote(GrpcServerProtocolClient.java:90)
	at org.apache.ratis.grpc.server.GrpcService.requestVote(GrpcService.java:204)
	at org.apache.ratis.server.impl.LeaderElection.lambda$submitRequests$1(LeaderElection.java:238)
	at java.util.concurrent.FutureTask.run(FutureTask.java:266)
	at java.util.concurrent.Executors$RunnableAdapter.call(Executors.java:511)
	at java.util.concurrent.FutureTask.run(FutureTask.java:266)
	at java.util.concurrent.ThreadPoolExecutor.runWorker(ThreadPoolExecutor.java:1149)
	at java.util.concurrent.ThreadPoolExecutor$Worker.run(ThreadPoolExecutor.java:624)
	... 1 more
Caused by: org.apache.ratis.thirdparty.io.netty.channel.AbstractChannel$AnnotatedConnectException: Connection refused: /192.168.5.148:46476
	at sun.nio.ch.SocketChannelImpl.checkConnect(Native Method)
	at sun.nio.ch.SocketChannelImpl.finishConnect(SocketChannelImpl.java:717)
	at org.apache.ratis.thirdparty.io.netty.channel.socket.nio.NioSocketChannel.doFinishConnect(NioSocketChannel.java:327)
	at org.apache.ratis.thirdparty.io.netty.channel.nio.AbstractNioChannel$AbstractNioUnsafe.finishConnect(AbstractNioChannel.java:340)
	at org.apache.ratis.thirdparty.io.netty.channel.nio.NioEventLoop.processSelectedKey(NioEventLoop.java:632)
	at org.apache.ratis.thirdparty.io.netty.channel.nio.NioEventLoop.processSelectedKeysOptimized(NioEventLoop.java:579)
	at org.apache.ratis.thirdparty.io.netty.channel.nio.NioEventLoop.processSelectedKeys(NioEventLoop.java:496)
	at org.apache.ratis.thirdparty.io.netty.channel.nio.NioEventLoop.run(NioEventLoop.java:458)
	at org.apache.ratis.thirdparty.io.netty.util.concurrent.SingleThreadEventExecutor$5.run(SingleThreadEventExecutor.java:897)
	at org.apache.ratis.thirdparty.io.netty.util.concurrent.FastThreadLocalRunnable.run(FastThreadLocalRunnable.java:30)
	... 1 more
Caused by: java.net.ConnectException: Connection refused
	... 11 more
2019-09-24 19:06:21,316 [a0991bb0-d059-4b75-b34b-f0d320bfe012@group-84081C198BA3:LeaderElection179] INFO  impl.RoleInfo (RoleInfo.java:shutdownLeaderElection(134)) - a0991bb0-d059-4b75-b34b-f0d320bfe012: shutdown LeaderElection
2019-09-24 19:06:21,317 [74a8c3a1-4d80-4c26-806c-1183f0126592@group-84081C198BA3:LeaderElection178] INFO  impl.RaftServerImpl (RaftServerImpl.java:setRole(174)) - 74a8c3a1-4d80-4c26-806c-1183f0126592@group-84081C198BA3: changes role from CANDIDATE to FOLLOWER at term 4 for DISCOVERED_A_NEW_TERM
2019-09-24 19:06:21,317 [a0991bb0-d059-4b75-b34b-f0d320bfe012@group-84081C198BA3:LeaderElection179] INFO  impl.RoleInfo (RoleInfo.java:updateAndGet(143)) - a0991bb0-d059-4b75-b34b-f0d320bfe012: start FollowerState
2019-09-24 19:06:21,317 [74a8c3a1-4d80-4c26-806c-1183f0126592@group-84081C198BA3:LeaderElection178] INFO  impl.RoleInfo (RoleInfo.java:shutdownLeaderElection(134)) - 74a8c3a1-4d80-4c26-806c-1183f0126592: shutdown LeaderElection
2019-09-24 19:06:21,317 [74a8c3a1-4d80-4c26-806c-1183f0126592@group-84081C198BA3:LeaderElection178] INFO  impl.RoleInfo (RoleInfo.java:updateAndGet(143)) - 74a8c3a1-4d80-4c26-806c-1183f0126592: start FollowerState
2019-09-24 19:06:21,318 [a0991bb0-d059-4b75-b34b-f0d320bfe012@group-192AEBA694D5:LeaderElection177] INFO  server.RaftServerConfigKeys (ConfUtils.java:logGet(43)) - raft.server.log.appender.snapshot.chunk.size.max = 16MB (=16777216) (default)
2019-09-24 19:06:21,318 [a0991bb0-d059-4b75-b34b-f0d320bfe012@group-192AEBA694D5:LeaderElection177] INFO  server.RaftServerConfigKeys (ConfUtils.java:logGet(43)) - raft.server.log.appender.buffer.byte-limit = 33554432 (custom)
2019-09-24 19:06:21,319 [a0991bb0-d059-4b75-b34b-f0d320bfe012@group-192AEBA694D5:LeaderElection177] INFO  server.RaftServerConfigKeys (ConfUtils.java:logGet(43)) - raft.server.log.appender.buffer.element-limit = 1 (custom)
2019-09-24 19:06:21,319 [a0991bb0-d059-4b75-b34b-f0d320bfe012@group-192AEBA694D5:LeaderElection177] INFO  grpc.GrpcConfigKeys$Server (ConfUtils.java:logGet(43)) - raft.grpc.server.leader.outstanding.appends.max = 128 (default)
2019-09-24 19:06:21,319 [a0991bb0-d059-4b75-b34b-f0d320bfe012@group-192AEBA694D5:LeaderElection177] INFO  server.RaftServerConfigKeys (ConfUtils.java:logGet(43)) - raft.server.rpc.request.timeout = 3000ms (default)
2019-09-24 19:06:21,319 [a0991bb0-d059-4b75-b34b-f0d320bfe012@group-192AEBA694D5:LeaderElection177] INFO  server.RaftServerConfigKeys (ConfUtils.java:logGet(43)) - raft.server.log.appender.install.snapshot.enabled = false (custom)
2019-09-24 19:06:21,320 [a0991bb0-d059-4b75-b34b-f0d320bfe012@group-192AEBA694D5:LeaderElection177] INFO  server.RaftServerConfigKeys (ConfUtils.java:logGet(43)) - raft.server.log.appender.snapshot.chunk.size.max = 16MB (=16777216) (default)
2019-09-24 19:06:21,320 [a0991bb0-d059-4b75-b34b-f0d320bfe012@group-192AEBA694D5:LeaderElection177] INFO  server.RaftServerConfigKeys (ConfUtils.java:logGet(43)) - raft.server.log.appender.buffer.byte-limit = 33554432 (custom)
2019-09-24 19:06:21,320 [a0991bb0-d059-4b75-b34b-f0d320bfe012@group-192AEBA694D5:LeaderElection177] INFO  server.RaftServerConfigKeys (ConfUtils.java:logGet(43)) - raft.server.log.appender.buffer.element-limit = 1 (custom)
2019-09-24 19:06:21,320 [a0991bb0-d059-4b75-b34b-f0d320bfe012@group-192AEBA694D5:LeaderElection177] INFO  grpc.GrpcConfigKeys$Server (ConfUtils.java:logGet(43)) - raft.grpc.server.leader.outstanding.appends.max = 128 (default)
2019-09-24 19:06:21,321 [a0991bb0-d059-4b75-b34b-f0d320bfe012@group-192AEBA694D5:LeaderElection177] INFO  server.RaftServerConfigKeys (ConfUtils.java:logGet(43)) - raft.server.rpc.request.timeout = 3000ms (default)
2019-09-24 19:06:21,321 [a0991bb0-d059-4b75-b34b-f0d320bfe012@group-192AEBA694D5:LeaderElection177] INFO  server.RaftServerConfigKeys (ConfUtils.java:logGet(43)) - raft.server.log.appender.install.snapshot.enabled = false (custom)
2019-09-24 19:06:21,321 [a0991bb0-d059-4b75-b34b-f0d320bfe012@group-192AEBA694D5:LeaderElection177] INFO  impl.RoleInfo (RoleInfo.java:updateAndGet(143)) - a0991bb0-d059-4b75-b34b-f0d320bfe012: start LeaderState
2019-09-24 19:06:21,321 [a0991bb0-d059-4b75-b34b-f0d320bfe012@group-192AEBA694D5:LeaderElection177] INFO  segmented.SegmentedRaftLogWorker (SegmentedRaftLogWorker.java:startLogSegment(380)) - a0991bb0-d059-4b75-b34b-f0d320bfe012@group-192AEBA694D5-SegmentedRaftLogWorker: Starting segment from index:0
2019-09-24 19:06:21,323 [a0991bb0-d059-4b75-b34b-f0d320bfe012@group-192AEBA694D5:LeaderElection177] INFO  impl.RaftServerImpl (ServerState.java:setRaftConf(354)) - a0991bb0-d059-4b75-b34b-f0d320bfe012@group-192AEBA694D5: set configuration 0: [a0991bb0-d059-4b75-b34b-f0d320bfe012:192.168.5.148:46271, 74a8c3a1-4d80-4c26-806c-1183f0126592:192.168.5.148:44605, b50c6779-182a-4abf-ac90-b7c5982ab67f:192.168.5.148:46476], old=null at 0
2019-09-24 19:06:21,323 [grpc-default-executor-10] WARN  server.GrpcLogAppender (LogUtils.java:warn(134)) - a0991bb0-d059-4b75-b34b-f0d320bfe012@group-192AEBA694D5->b50c6779-182a-4abf-ac90-b7c5982ab67f-AppendLogResponseHandler: Failed appendEntries: org.apache.ratis.thirdparty.io.grpc.StatusRuntimeException: UNAVAILABLE: io exception
2019-09-24 19:06:21,362 [grpc-default-executor-10] INFO  impl.FollowerInfo (FollowerInfo.java:lambda$new$0(51)) - a0991bb0-d059-4b75-b34b-f0d320bfe012@group-192AEBA694D5->b50c6779-182a-4abf-ac90-b7c5982ab67f: nextIndex: updateUnconditionally 0 -> 0
2019-09-24 19:06:21,363 [grpc-default-executor-13] INFO  impl.RaftServerImpl (ServerState.java:setLeader(253)) - 74a8c3a1-4d80-4c26-806c-1183f0126592@group-192AEBA694D5: change Leader from null to a0991bb0-d059-4b75-b34b-f0d320bfe012 at term 4 for appendEntries, leader elected after 11736ms
2019-09-24 19:06:21,366 [grpc-default-executor-13] INFO  impl.RaftServerImpl (ServerState.java:setRaftConf(354)) - 74a8c3a1-4d80-4c26-806c-1183f0126592@group-192AEBA694D5: set configuration 0: [a0991bb0-d059-4b75-b34b-f0d320bfe012:192.168.5.148:46271, 74a8c3a1-4d80-4c26-806c-1183f0126592:192.168.5.148:44605, b50c6779-182a-4abf-ac90-b7c5982ab67f:192.168.5.148:46476], old=null at 0
2019-09-24 19:06:21,366 [grpc-default-executor-13] INFO  segmented.SegmentedRaftLogWorker (SegmentedRaftLogWorker.java:startLogSegment(380)) - 74a8c3a1-4d80-4c26-806c-1183f0126592@group-192AEBA694D5-SegmentedRaftLogWorker: Starting segment from index:0
2019-09-24 19:06:21,375 [a0991bb0-d059-4b75-b34b-f0d320bfe012@group-192AEBA694D5-SegmentedRaftLogWorker] INFO  segmented.SegmentedRaftLogWorker (SegmentedRaftLogWorker.java:execute(569)) - a0991bb0-d059-4b75-b34b-f0d320bfe012@group-192AEBA694D5-SegmentedRaftLogWorker: created new log segment /workdir/hadoop-ozone/integration-test/target/test-dir/MiniOzoneClusterImpl-136902ad-9ad3-4579-ab1e-826ed1576804/datanode-1/data/ratis/33c15cfd-b730-44fa-8b03-192aeba694d5/current/log_inprogress_0
2019-09-24 19:06:21,389 [grpc-default-executor-13] WARN  server.GrpcLogAppender (LogUtils.java:warn(134)) - a0991bb0-d059-4b75-b34b-f0d320bfe012@group-192AEBA694D5->b50c6779-182a-4abf-ac90-b7c5982ab67f-AppendLogResponseHandler: Failed appendEntries: org.apache.ratis.thirdparty.io.grpc.StatusRuntimeException: UNAVAILABLE: io exception
2019-09-24 19:06:21,389 [grpc-default-executor-13] INFO  impl.FollowerInfo (FollowerInfo.java:lambda$new$0(51)) - a0991bb0-d059-4b75-b34b-f0d320bfe012@group-192AEBA694D5->b50c6779-182a-4abf-ac90-b7c5982ab67f: nextIndex: updateUnconditionally 1 -> 0
2019-09-24 19:06:21,412 [74a8c3a1-4d80-4c26-806c-1183f0126592@group-192AEBA694D5-SegmentedRaftLogWorker] INFO  segmented.SegmentedRaftLogWorker (SegmentedRaftLogWorker.java:execute(569)) - 74a8c3a1-4d80-4c26-806c-1183f0126592@group-192AEBA694D5-SegmentedRaftLogWorker: created new log segment /workdir/hadoop-ozone/integration-test/target/test-dir/MiniOzoneClusterImpl-136902ad-9ad3-4579-ab1e-826ed1576804/datanode-7/data/ratis/33c15cfd-b730-44fa-8b03-192aeba694d5/current/log_inprogress_0
2019-09-24 19:06:21,628 [grpc-default-executor-13] WARN  server.GrpcLogAppender (LogUtils.java:warn(134)) - 74a8c3a1-4d80-4c26-806c-1183f0126592@group-9B209ADA5585->b50c6779-182a-4abf-ac90-b7c5982ab67f-AppendLogResponseHandler: Failed appendEntries: org.apache.ratis.thirdparty.io.grpc.StatusRuntimeException: UNAVAILABLE: io exception
2019-09-24 19:06:21,628 [grpc-default-executor-13] INFO  impl.FollowerInfo (FollowerInfo.java:lambda$new$0(51)) - 74a8c3a1-4d80-4c26-806c-1183f0126592@group-9B209ADA5585->b50c6779-182a-4abf-ac90-b7c5982ab67f: nextIndex: updateUnconditionally 0 -> 0
2019-09-24 19:06:21,890 [grpc-default-executor-16] WARN  server.GrpcLogAppender (LogUtils.java:warn(134)) - a0991bb0-d059-4b75-b34b-f0d320bfe012@group-192AEBA694D5->b50c6779-182a-4abf-ac90-b7c5982ab67f-AppendLogResponseHandler: Failed appendEntries: org.apache.ratis.thirdparty.io.grpc.StatusRuntimeException: UNAVAILABLE: io exception
2019-09-24 19:06:21,891 [grpc-default-executor-16] INFO  impl.FollowerInfo (FollowerInfo.java:lambda$new$0(51)) - a0991bb0-d059-4b75-b34b-f0d320bfe012@group-192AEBA694D5->b50c6779-182a-4abf-ac90-b7c5982ab67f: nextIndex: updateUnconditionally 0 -> 0
2019-09-24 19:06:21,933 [main] INFO  ozoneimpl.OzoneContainer (OzoneContainer.java:stop(231)) - Attempting to stop container services.
2019-09-24 19:06:21,934 [main] INFO  impl.RaftServerProxy (RaftServerProxy.java:lambda$close$4(314)) - ac7efed2-23ae-4300-9788-5d4df34f62ea: close
2019-09-24 19:06:21,934 [main] INFO  server.GrpcService (GrpcService.java:closeImpl(164)) - ac7efed2-23ae-4300-9788-5d4df34f62ea: shutdown server with port 45179 now
2019-09-24 19:06:21,935 [main] INFO  server.GrpcService (GrpcService.java:closeImpl(172)) - ac7efed2-23ae-4300-9788-5d4df34f62ea: shutdown server with port 45179 successfully
2019-09-24 19:06:21,937 [refreshUsed-/workdir/hadoop-ozone/integration-test/target/test-dir/MiniOzoneClusterImpl-136902ad-9ad3-4579-ab1e-826ed1576804/datanode-8/data/containers] WARN  fs.CachingGetSpaceUsed (CachingGetSpaceUsed.java:run(183)) - Thread Interrupted waiting to refresh disk information: sleep interrupted
2019-09-24 19:06:21,956 [main] INFO  utils.BackgroundService (BackgroundService.java:shutdown(148)) - Shutting down service BlockDeletingService
2019-09-24 19:06:21,962 [main] INFO  statemachine.DatanodeStateMachine (DatanodeStateMachine.java:stopDaemon(395)) - Ozone container server stopped.
2019-09-24 19:06:21,965 [main] INFO  handler.ContextHandler (ContextHandler.java:doStop(910)) - Stopped o.e.j.w.WebAppContext@23e3f5cd{/,null,UNAVAILABLE}{/hddsDatanode}
2019-09-24 19:06:21,965 [main] INFO  server.AbstractConnector (AbstractConnector.java:doStop(318)) - Stopped ServerConnector@5c931134{HTTP/1.1,[http/1.1]}{0.0.0.0:0}
2019-09-24 19:06:21,966 [main] INFO  handler.ContextHandler (ContextHandler.java:doStop(910)) - Stopped o.e.j.s.ServletContextHandler@4f7be6c8{/static,jar:file:/home/user/.m2/repository/org/apache/hadoop/hadoop-hdds-container-service/0.5.0-SNAPSHOT/hadoop-hdds-container-service-0.5.0-SNAPSHOT.jar!/webapps/static,UNAVAILABLE}
2019-09-24 19:06:21,966 [main] INFO  handler.ContextHandler (ContextHandler.java:doStop(910)) - Stopped o.e.j.s.ServletContextHandler@e5c2463{/logs,file:///workdir/hadoop-ozone/integration-test/target/log,UNAVAILABLE}
2019-09-24 19:06:22,074 [Datanode State Machine Thread - 0] INFO  statemachine.DatanodeStateMachine (DatanodeStateMachine.java:lambda$startDaemon$0(350)) - Ozone container server started.
2019-09-24 19:06:22,130 [grpc-default-executor-16] WARN  server.GrpcLogAppender (LogUtils.java:warn(134)) - 74a8c3a1-4d80-4c26-806c-1183f0126592@group-9B209ADA5585->b50c6779-182a-4abf-ac90-b7c5982ab67f-AppendLogResponseHandler: Failed appendEntries: org.apache.ratis.thirdparty.io.grpc.StatusRuntimeException: UNAVAILABLE: io exception
2019-09-24 19:06:22,131 [grpc-default-executor-16] INFO  impl.FollowerInfo (FollowerInfo.java:lambda$new$0(51)) - 74a8c3a1-4d80-4c26-806c-1183f0126592@group-9B209ADA5585->b50c6779-182a-4abf-ac90-b7c5982ab67f: nextIndex: updateUnconditionally 0 -> 0
2019-09-24 19:06:22,349 [Thread-2756] INFO  impl.FollowerState (FollowerState.java:run(106)) - 74a8c3a1-4d80-4c26-806c-1183f0126592:group-84081C198BA3 changes to CANDIDATE, lastRpcTime:1031, electionTimeout:1031ms
2019-09-24 19:06:22,349 [Thread-2756] INFO  impl.RoleInfo (RoleInfo.java:shutdownFollowerState(121)) - 74a8c3a1-4d80-4c26-806c-1183f0126592: shutdown FollowerState
2019-09-24 19:06:22,349 [Thread-2756] INFO  impl.RaftServerImpl (RaftServerImpl.java:setRole(174)) - 74a8c3a1-4d80-4c26-806c-1183f0126592@group-84081C198BA3: changes role from  FOLLOWER to CANDIDATE at term 4 for changeToCandidate
2019-09-24 19:06:22,350 [Thread-2756] INFO  impl.RoleInfo (RoleInfo.java:updateAndGet(143)) - 74a8c3a1-4d80-4c26-806c-1183f0126592: start LeaderElection
2019-09-24 19:06:22,391 [grpc-default-executor-16] WARN  server.GrpcLogAppender (LogUtils.java:warn(134)) - a0991bb0-d059-4b75-b34b-f0d320bfe012@group-192AEBA694D5->b50c6779-182a-4abf-ac90-b7c5982ab67f-AppendLogResponseHandler: Failed appendEntries: org.apache.ratis.thirdparty.io.grpc.StatusRuntimeException: UNAVAILABLE: io exception
2019-09-24 19:06:22,391 [grpc-default-executor-16] INFO  impl.FollowerInfo (FollowerInfo.java:lambda$new$0(51)) - a0991bb0-d059-4b75-b34b-f0d320bfe012@group-192AEBA694D5->b50c6779-182a-4abf-ac90-b7c5982ab67f: nextIndex: updateUnconditionally 0 -> 0
2019-09-24 19:06:22,428 [Thread-2755] INFO  impl.FollowerState (FollowerState.java:run(106)) - a0991bb0-d059-4b75-b34b-f0d320bfe012:group-84081C198BA3 changes to CANDIDATE, lastRpcTime:1110, electionTimeout:1110ms
2019-09-24 19:06:22,428 [Thread-2755] INFO  impl.RoleInfo (RoleInfo.java:shutdownFollowerState(121)) - a0991bb0-d059-4b75-b34b-f0d320bfe012: shutdown FollowerState
2019-09-24 19:06:22,428 [Thread-2755] INFO  impl.RaftServerImpl (RaftServerImpl.java:setRole(174)) - a0991bb0-d059-4b75-b34b-f0d320bfe012@group-84081C198BA3: changes role from  FOLLOWER to CANDIDATE at term 4 for changeToCandidate
2019-09-24 19:06:22,428 [Thread-2755] INFO  impl.RoleInfo (RoleInfo.java:updateAndGet(143)) - a0991bb0-d059-4b75-b34b-f0d320bfe012: start LeaderElection
2019-09-24 19:06:22,631 [grpc-default-executor-13] WARN  server.GrpcLogAppender (LogUtils.java:warn(134)) - 74a8c3a1-4d80-4c26-806c-1183f0126592@group-9B209ADA5585->b50c6779-182a-4abf-ac90-b7c5982ab67f-AppendLogResponseHandler: Failed appendEntries: org.apache.ratis.thirdparty.io.grpc.StatusRuntimeException: UNAVAILABLE: io exception
2019-09-24 19:06:22,631 [grpc-default-executor-13] INFO  impl.FollowerInfo (FollowerInfo.java:lambda$new$0(51)) - 74a8c3a1-4d80-4c26-806c-1183f0126592@group-9B209ADA5585->b50c6779-182a-4abf-ac90-b7c5982ab67f: nextIndex: updateUnconditionally 0 -> 0
2019-09-24 19:06:22,733 [74a8c3a1-4d80-4c26-806c-1183f0126592@group-84081C198BA3:LeaderElection180] INFO  impl.LeaderElection (LeaderElection.java:askForVotes(182)) - 74a8c3a1-4d80-4c26-806c-1183f0126592@group-84081C198BA3:LeaderElection180: begin an election at term 5 for -1: [a0991bb0-d059-4b75-b34b-f0d320bfe012:192.168.5.148:46271, 74a8c3a1-4d80-4c26-806c-1183f0126592:192.168.5.148:44605, b50c6779-182a-4abf-ac90-b7c5982ab67f:192.168.5.148:46476], old=null
2019-09-24 19:06:22,733 [a0991bb0-d059-4b75-b34b-f0d320bfe012@group-84081C198BA3:LeaderElection181] INFO  impl.LeaderElection (LeaderElection.java:askForVotes(182)) - a0991bb0-d059-4b75-b34b-f0d320bfe012@group-84081C198BA3:LeaderElection181: begin an election at term 5 for -1: [a0991bb0-d059-4b75-b34b-f0d320bfe012:192.168.5.148:46271, 74a8c3a1-4d80-4c26-806c-1183f0126592:192.168.5.148:44605, b50c6779-182a-4abf-ac90-b7c5982ab67f:192.168.5.148:46476], old=null
2019-09-24 19:06:22,736 [a0991bb0-d059-4b75-b34b-f0d320bfe012@group-84081C198BA3:LeaderElection181] INFO  impl.LeaderElection (LogUtils.java:infoOrTrace(149)) - a0991bb0-d059-4b75-b34b-f0d320bfe012@group-84081C198BA3:LeaderElection181 got exception when requesting votes: {}
java.util.concurrent.ExecutionException: org.apache.ratis.thirdparty.io.grpc.StatusRuntimeException: UNAVAILABLE: io exception
	at java.util.concurrent.FutureTask.report(FutureTask.java:122)
	at java.util.concurrent.FutureTask.get(FutureTask.java:192)
	at org.apache.ratis.server.impl.LeaderElection.waitForResults(LeaderElection.java:263)
	at org.apache.ratis.server.impl.LeaderElection.askForVotes(LeaderElection.java:201)
	at org.apache.ratis.server.impl.LeaderElection.run(LeaderElection.java:133)
	at java.lang.Thread.run(Thread.java:748)
Caused by: org.apache.ratis.thirdparty.io.grpc.StatusRuntimeException: UNAVAILABLE: io exception
	at org.apache.ratis.thirdparty.io.grpc.stub.ClientCalls.toStatusRuntimeException(ClientCalls.java:233)
	at org.apache.ratis.thirdparty.io.grpc.stub.ClientCalls.getUnchecked(ClientCalls.java:214)
	at org.apache.ratis.thirdparty.io.grpc.stub.ClientCalls.blockingUnaryCall(ClientCalls.java:139)
	at org.apache.ratis.proto.grpc.RaftServerProtocolServiceGrpc$RaftServerProtocolServiceBlockingStub.requestVote(RaftServerProtocolServiceGrpc.java:265)
	at org.apache.ratis.grpc.server.GrpcServerProtocolClient.requestVote(GrpcServerProtocolClient.java:90)
	at org.apache.ratis.grpc.server.GrpcService.requestVote(GrpcService.java:204)
	at org.apache.ratis.server.impl.LeaderElection.lambda$submitRequests$1(LeaderElection.java:238)
	at java.util.concurrent.FutureTask.run(FutureTask.java:266)
	at java.util.concurrent.Executors$RunnableAdapter.call(Executors.java:511)
	at java.util.concurrent.FutureTask.run(FutureTask.java:266)
	at java.util.concurrent.ThreadPoolExecutor.runWorker(ThreadPoolExecutor.java:1149)
	at java.util.concurrent.ThreadPoolExecutor$Worker.run(ThreadPoolExecutor.java:624)
	... 1 more
Caused by: org.apache.ratis.thirdparty.io.netty.channel.AbstractChannel$AnnotatedConnectException: Connection refused: /192.168.5.148:46476
	at sun.nio.ch.SocketChannelImpl.checkConnect(Native Method)
	at sun.nio.ch.SocketChannelImpl.finishConnect(SocketChannelImpl.java:717)
	at org.apache.ratis.thirdparty.io.netty.channel.socket.nio.NioSocketChannel.doFinishConnect(NioSocketChannel.java:327)
	at org.apache.ratis.thirdparty.io.netty.channel.nio.AbstractNioChannel$AbstractNioUnsafe.finishConnect(AbstractNioChannel.java:340)
	at org.apache.ratis.thirdparty.io.netty.channel.nio.NioEventLoop.processSelectedKey(NioEventLoop.java:632)
	at org.apache.ratis.thirdparty.io.netty.channel.nio.NioEventLoop.processSelectedKeysOptimized(NioEventLoop.java:579)
	at org.apache.ratis.thirdparty.io.netty.channel.nio.NioEventLoop.processSelectedKeys(NioEventLoop.java:496)
	at org.apache.ratis.thirdparty.io.netty.channel.nio.NioEventLoop.run(NioEventLoop.java:458)
	at org.apache.ratis.thirdparty.io.netty.util.concurrent.SingleThreadEventExecutor$5.run(SingleThreadEventExecutor.java:897)
	at org.apache.ratis.thirdparty.io.netty.util.concurrent.FastThreadLocalRunnable.run(FastThreadLocalRunnable.java:30)
	... 1 more
Caused by: java.net.ConnectException: Connection refused
	... 11 more
2019-09-24 19:06:22,750 [74a8c3a1-4d80-4c26-806c-1183f0126592@group-84081C198BA3:LeaderElection180] INFO  impl.LeaderElection (LogUtils.java:infoOrTrace(149)) - 74a8c3a1-4d80-4c26-806c-1183f0126592@group-84081C198BA3:LeaderElection180 got exception when requesting votes: {}
java.util.concurrent.ExecutionException: org.apache.ratis.thirdparty.io.grpc.StatusRuntimeException: UNAVAILABLE: io exception
	at java.util.concurrent.FutureTask.report(FutureTask.java:122)
	at java.util.concurrent.FutureTask.get(FutureTask.java:192)
	at org.apache.ratis.server.impl.LeaderElection.waitForResults(LeaderElection.java:263)
	at org.apache.ratis.server.impl.LeaderElection.askForVotes(LeaderElection.java:201)
	at org.apache.ratis.server.impl.LeaderElection.run(LeaderElection.java:133)
	at java.lang.Thread.run(Thread.java:748)
Caused by: org.apache.ratis.thirdparty.io.grpc.StatusRuntimeException: UNAVAILABLE: io exception
	at org.apache.ratis.thirdparty.io.grpc.stub.ClientCalls.toStatusRuntimeException(ClientCalls.java:233)
	at org.apache.ratis.thirdparty.io.grpc.stub.ClientCalls.getUnchecked(ClientCalls.java:214)
	at org.apache.ratis.thirdparty.io.grpc.stub.ClientCalls.blockingUnaryCall(ClientCalls.java:139)
	at org.apache.ratis.proto.grpc.RaftServerProtocolServiceGrpc$RaftServerProtocolServiceBlockingStub.requestVote(RaftServerProtocolServiceGrpc.java:265)
	at org.apache.ratis.grpc.server.GrpcServerProtocolClient.requestVote(GrpcServerProtocolClient.java:90)
	at org.apache.ratis.grpc.server.GrpcService.requestVote(GrpcService.java:204)
	at org.apache.ratis.server.impl.LeaderElection.lambda$submitRequests$1(LeaderElection.java:238)
	at java.util.concurrent.FutureTask.run(FutureTask.java:266)
	at java.util.concurrent.Executors$RunnableAdapter.call(Executors.java:511)
	at java.util.concurrent.FutureTask.run(FutureTask.java:266)
	at java.util.concurrent.ThreadPoolExecutor.runWorker(ThreadPoolExecutor.java:1149)
	at java.util.concurrent.ThreadPoolExecutor$Worker.run(ThreadPoolExecutor.java:624)
	... 1 more
Caused by: org.apache.ratis.thirdparty.io.netty.channel.AbstractChannel$AnnotatedConnectException: Connection refused: /192.168.5.148:46476
	at sun.nio.ch.SocketChannelImpl.checkConnect(Native Method)
	at sun.nio.ch.SocketChannelImpl.finishConnect(SocketChannelImpl.java:717)
	at org.apache.ratis.thirdparty.io.netty.channel.socket.nio.NioSocketChannel.doFinishConnect(NioSocketChannel.java:327)
	at org.apache.ratis.thirdparty.io.netty.channel.nio.AbstractNioChannel$AbstractNioUnsafe.finishConnect(AbstractNioChannel.java:340)
	at org.apache.ratis.thirdparty.io.netty.channel.nio.NioEventLoop.processSelectedKey(NioEventLoop.java:632)
	at org.apache.ratis.thirdparty.io.netty.channel.nio.NioEventLoop.processSelectedKeysOptimized(NioEventLoop.java:579)
	at org.apache.ratis.thirdparty.io.netty.channel.nio.NioEventLoop.processSelectedKeys(NioEventLoop.java:496)
	at org.apache.ratis.thirdparty.io.netty.channel.nio.NioEventLoop.run(NioEventLoop.java:458)
	at org.apache.ratis.thirdparty.io.netty.util.concurrent.SingleThreadEventExecutor$5.run(SingleThreadEventExecutor.java:897)
	at org.apache.ratis.thirdparty.io.netty.util.concurrent.FastThreadLocalRunnable.run(FastThreadLocalRunnable.java:30)
	... 1 more
Caused by: java.net.ConnectException: Connection refused
	... 11 more
2019-09-24 19:06:22,752 [a0991bb0-d059-4b75-b34b-f0d320bfe012@group-84081C198BA3:LeaderElection181] INFO  impl.LeaderElection (LeaderElection.java:logAndReturn(56)) - a0991bb0-d059-4b75-b34b-f0d320bfe012@group-84081C198BA3:LeaderElection181: Election REJECTED; received 1 response(s) [a0991bb0-d059-4b75-b34b-f0d320bfe012<-74a8c3a1-4d80-4c26-806c-1183f0126592#0:FAIL-t5] and 1 exception(s); a0991bb0-d059-4b75-b34b-f0d320bfe012@group-84081C198BA3:t5, leader=null, voted=a0991bb0-d059-4b75-b34b-f0d320bfe012, raftlog=a0991bb0-d059-4b75-b34b-f0d320bfe012@group-84081C198BA3-SegmentedRaftLog:OPENED:c-1,f-1,i0, conf=-1: [a0991bb0-d059-4b75-b34b-f0d320bfe012:192.168.5.148:46271, 74a8c3a1-4d80-4c26-806c-1183f0126592:192.168.5.148:44605, b50c6779-182a-4abf-ac90-b7c5982ab67f:192.168.5.148:46476], old=null
2019-09-24 19:06:22,752 [74a8c3a1-4d80-4c26-806c-1183f0126592@group-84081C198BA3:LeaderElection180] INFO  impl.LeaderElection (LeaderElection.java:logAndReturn(56)) - 74a8c3a1-4d80-4c26-806c-1183f0126592@group-84081C198BA3:LeaderElection180: Election REJECTED; received 1 response(s) [74a8c3a1-4d80-4c26-806c-1183f0126592<-a0991bb0-d059-4b75-b34b-f0d320bfe012#0:FAIL-t5] and 1 exception(s); 74a8c3a1-4d80-4c26-806c-1183f0126592@group-84081C198BA3:t5, leader=null, voted=74a8c3a1-4d80-4c26-806c-1183f0126592, raftlog=74a8c3a1-4d80-4c26-806c-1183f0126592@group-84081C198BA3-SegmentedRaftLog:OPENED:c-1,f-1,i0, conf=-1: [a0991bb0-d059-4b75-b34b-f0d320bfe012:192.168.5.148:46271, 74a8c3a1-4d80-4c26-806c-1183f0126592:192.168.5.148:44605, b50c6779-182a-4abf-ac90-b7c5982ab67f:192.168.5.148:46476], old=null
2019-09-24 19:06:22,753 [a0991bb0-d059-4b75-b34b-f0d320bfe012@group-84081C198BA3:LeaderElection181] INFO  impl.LeaderElection (LogUtils.java:infoOrTrace(149)) -   Exception 0: {}
java.util.concurrent.ExecutionException: org.apache.ratis.thirdparty.io.grpc.StatusRuntimeException: UNAVAILABLE: io exception
	at java.util.concurrent.FutureTask.report(FutureTask.java:122)
	at java.util.concurrent.FutureTask.get(FutureTask.java:192)
	at org.apache.ratis.server.impl.LeaderElection.waitForResults(LeaderElection.java:263)
	at org.apache.ratis.server.impl.LeaderElection.askForVotes(LeaderElection.java:201)
	at org.apache.ratis.server.impl.LeaderElection.run(LeaderElection.java:133)
	at java.lang.Thread.run(Thread.java:748)
Caused by: org.apache.ratis.thirdparty.io.grpc.StatusRuntimeException: UNAVAILABLE: io exception
	at org.apache.ratis.thirdparty.io.grpc.stub.ClientCalls.toStatusRuntimeException(ClientCalls.java:233)
	at org.apache.ratis.thirdparty.io.grpc.stub.ClientCalls.getUnchecked(ClientCalls.java:214)
	at org.apache.ratis.thirdparty.io.grpc.stub.ClientCalls.blockingUnaryCall(ClientCalls.java:139)
	at org.apache.ratis.proto.grpc.RaftServerProtocolServiceGrpc$RaftServerProtocolServiceBlockingStub.requestVote(RaftServerProtocolServiceGrpc.java:265)
	at org.apache.ratis.grpc.server.GrpcServerProtocolClient.requestVote(GrpcServerProtocolClient.java:90)
	at org.apache.ratis.grpc.server.GrpcService.requestVote(GrpcService.java:204)
	at org.apache.ratis.server.impl.LeaderElection.lambda$submitRequests$1(LeaderElection.java:238)
	at java.util.concurrent.FutureTask.run(FutureTask.java:266)
	at java.util.concurrent.Executors$RunnableAdapter.call(Executors.java:511)
	at java.util.concurrent.FutureTask.run(FutureTask.java:266)
	at java.util.concurrent.ThreadPoolExecutor.runWorker(ThreadPoolExecutor.java:1149)
	at java.util.concurrent.ThreadPoolExecutor$Worker.run(ThreadPoolExecutor.java:624)
	... 1 more
Caused by: org.apache.ratis.thirdparty.io.netty.channel.AbstractChannel$AnnotatedConnectException: Connection refused: /192.168.5.148:46476
	at sun.nio.ch.SocketChannelImpl.checkConnect(Native Method)
	at sun.nio.ch.SocketChannelImpl.finishConnect(SocketChannelImpl.java:717)
	at org.apache.ratis.thirdparty.io.netty.channel.socket.nio.NioSocketChannel.doFinishConnect(NioSocketChannel.java:327)
	at org.apache.ratis.thirdparty.io.netty.channel.nio.AbstractNioChannel$AbstractNioUnsafe.finishConnect(AbstractNioChannel.java:340)
	at org.apache.ratis.thirdparty.io.netty.channel.nio.NioEventLoop.processSelectedKey(NioEventLoop.java:632)
	at org.apache.ratis.thirdparty.io.netty.channel.nio.NioEventLoop.processSelectedKeysOptimized(NioEventLoop.java:579)
	at org.apache.ratis.thirdparty.io.netty.channel.nio.NioEventLoop.processSelectedKeys(NioEventLoop.java:496)
	at org.apache.ratis.thirdparty.io.netty.channel.nio.NioEventLoop.run(NioEventLoop.java:458)
	at org.apache.ratis.thirdparty.io.netty.util.concurrent.SingleThreadEventExecutor$5.run(SingleThreadEventExecutor.java:897)
	at org.apache.ratis.thirdparty.io.netty.util.concurrent.FastThreadLocalRunnable.run(FastThreadLocalRunnable.java:30)
	... 1 more
Caused by: java.net.ConnectException: Connection refused
	... 11 more
2019-09-24 19:06:22,753 [74a8c3a1-4d80-4c26-806c-1183f0126592@group-84081C198BA3:LeaderElection180] INFO  impl.LeaderElection (LogUtils.java:infoOrTrace(149)) -   Exception 0: {}
java.util.concurrent.ExecutionException: org.apache.ratis.thirdparty.io.grpc.StatusRuntimeException: UNAVAILABLE: io exception
	at java.util.concurrent.FutureTask.report(FutureTask.java:122)
	at java.util.concurrent.FutureTask.get(FutureTask.java:192)
	at org.apache.ratis.server.impl.LeaderElection.waitForResults(LeaderElection.java:263)
	at org.apache.ratis.server.impl.LeaderElection.askForVotes(LeaderElection.java:201)
	at org.apache.ratis.server.impl.LeaderElection.run(LeaderElection.java:133)
	at java.lang.Thread.run(Thread.java:748)
Caused by: org.apache.ratis.thirdparty.io.grpc.StatusRuntimeException: UNAVAILABLE: io exception
	at org.apache.ratis.thirdparty.io.grpc.stub.ClientCalls.toStatusRuntimeException(ClientCalls.java:233)
	at org.apache.ratis.thirdparty.io.grpc.stub.ClientCalls.getUnchecked(ClientCalls.java:214)
	at org.apache.ratis.thirdparty.io.grpc.stub.ClientCalls.blockingUnaryCall(ClientCalls.java:139)
	at org.apache.ratis.proto.grpc.RaftServerProtocolServiceGrpc$RaftServerProtocolServiceBlockingStub.requestVote(RaftServerProtocolServiceGrpc.java:265)
	at org.apache.ratis.grpc.server.GrpcServerProtocolClient.requestVote(GrpcServerProtocolClient.java:90)
	at org.apache.ratis.grpc.server.GrpcService.requestVote(GrpcService.java:204)
	at org.apache.ratis.server.impl.LeaderElection.lambda$submitRequests$1(LeaderElection.java:238)
	at java.util.concurrent.FutureTask.run(FutureTask.java:266)
	at java.util.concurrent.Executors$RunnableAdapter.call(Executors.java:511)
	at java.util.concurrent.FutureTask.run(FutureTask.java:266)
	at java.util.concurrent.ThreadPoolExecutor.runWorker(ThreadPoolExecutor.java:1149)
	at java.util.concurrent.ThreadPoolExecutor$Worker.run(ThreadPoolExecutor.java:624)
	... 1 more
Caused by: org.apache.ratis.thirdparty.io.netty.channel.AbstractChannel$AnnotatedConnectException: Connection refused: /192.168.5.148:46476
	at sun.nio.ch.SocketChannelImpl.checkConnect(Native Method)
	at sun.nio.ch.SocketChannelImpl.finishConnect(SocketChannelImpl.java:717)
	at org.apache.ratis.thirdparty.io.netty.channel.socket.nio.NioSocketChannel.doFinishConnect(NioSocketChannel.java:327)
	at org.apache.ratis.thirdparty.io.netty.channel.nio.AbstractNioChannel$AbstractNioUnsafe.finishConnect(AbstractNioChannel.java:340)
	at org.apache.ratis.thirdparty.io.netty.channel.nio.NioEventLoop.processSelectedKey(NioEventLoop.java:632)
	at org.apache.ratis.thirdparty.io.netty.channel.nio.NioEventLoop.processSelectedKeysOptimized(NioEventLoop.java:579)
	at org.apache.ratis.thirdparty.io.netty.channel.nio.NioEventLoop.processSelectedKeys(NioEventLoop.java:496)
	at org.apache.ratis.thirdparty.io.netty.channel.nio.NioEventLoop.run(NioEventLoop.java:458)
	at org.apache.ratis.thirdparty.io.netty.util.concurrent.SingleThreadEventExecutor$5.run(SingleThreadEventExecutor.java:897)
	at org.apache.ratis.thirdparty.io.netty.util.concurrent.FastThreadLocalRunnable.run(FastThreadLocalRunnable.java:30)
	... 1 more
Caused by: java.net.ConnectException: Connection refused
	... 11 more
2019-09-24 19:06:22,753 [a0991bb0-d059-4b75-b34b-f0d320bfe012@group-84081C198BA3:LeaderElection181] INFO  impl.RaftServerImpl (RaftServerImpl.java:setRole(174)) - a0991bb0-d059-4b75-b34b-f0d320bfe012@group-84081C198BA3: changes role from CANDIDATE to FOLLOWER at term 5 for DISCOVERED_A_NEW_TERM
2019-09-24 19:06:22,754 [74a8c3a1-4d80-4c26-806c-1183f0126592@group-84081C198BA3:LeaderElection180] INFO  impl.RaftServerImpl (RaftServerImpl.java:setRole(174)) - 74a8c3a1-4d80-4c26-806c-1183f0126592@group-84081C198BA3: changes role from CANDIDATE to FOLLOWER at term 5 for DISCOVERED_A_NEW_TERM
2019-09-24 19:06:22,754 [a0991bb0-d059-4b75-b34b-f0d320bfe012@group-84081C198BA3:LeaderElection181] INFO  impl.RoleInfo (RoleInfo.java:shutdownLeaderElection(134)) - a0991bb0-d059-4b75-b34b-f0d320bfe012: shutdown LeaderElection
2019-09-24 19:06:22,754 [74a8c3a1-4d80-4c26-806c-1183f0126592@group-84081C198BA3:LeaderElection180] INFO  impl.RoleInfo (RoleInfo.java:shutdownLeaderElection(134)) - 74a8c3a1-4d80-4c26-806c-1183f0126592: shutdown LeaderElection
2019-09-24 19:06:22,754 [a0991bb0-d059-4b75-b34b-f0d320bfe012@group-84081C198BA3:LeaderElection181] INFO  impl.RoleInfo (RoleInfo.java:updateAndGet(143)) - a0991bb0-d059-4b75-b34b-f0d320bfe012: start FollowerState
2019-09-24 19:06:22,754 [74a8c3a1-4d80-4c26-806c-1183f0126592@group-84081C198BA3:LeaderElection180] INFO  impl.RoleInfo (RoleInfo.java:updateAndGet(143)) - 74a8c3a1-4d80-4c26-806c-1183f0126592: start FollowerState
2019-09-24 19:06:22,890 [grpc-default-executor-16] WARN  server.GrpcLogAppender (LogUtils.java:warn(134)) - a0991bb0-d059-4b75-b34b-f0d320bfe012@group-192AEBA694D5->b50c6779-182a-4abf-ac90-b7c5982ab67f-AppendLogResponseHandler: Failed appendEntries: org.apache.ratis.thirdparty.io.grpc.StatusRuntimeException: UNAVAILABLE: io exception
2019-09-24 19:06:22,890 [grpc-default-executor-16] INFO  impl.FollowerInfo (FollowerInfo.java:lambda$new$0(51)) - a0991bb0-d059-4b75-b34b-f0d320bfe012@group-192AEBA694D5->b50c6779-182a-4abf-ac90-b7c5982ab67f: nextIndex: updateUnconditionally 0 -> 0
2019-09-24 19:06:23,130 [grpc-default-executor-16] WARN  server.GrpcLogAppender (LogUtils.java:warn(134)) - 74a8c3a1-4d80-4c26-806c-1183f0126592@group-9B209ADA5585->b50c6779-182a-4abf-ac90-b7c5982ab67f-AppendLogResponseHandler: Failed appendEntries: org.apache.ratis.thirdparty.io.grpc.StatusRuntimeException: UNAVAILABLE: io exception
2019-09-24 19:06:23,130 [grpc-default-executor-16] INFO  impl.FollowerInfo (FollowerInfo.java:lambda$new$0(51)) - 74a8c3a1-4d80-4c26-806c-1183f0126592@group-9B209ADA5585->b50c6779-182a-4abf-ac90-b7c5982ab67f: nextIndex: updateUnconditionally 0 -> 0
2019-09-24 19:06:23,392 [grpc-default-executor-16] WARN  server.GrpcLogAppender (LogUtils.java:warn(134)) - a0991bb0-d059-4b75-b34b-f0d320bfe012@group-192AEBA694D5->b50c6779-182a-4abf-ac90-b7c5982ab67f-AppendLogResponseHandler: Failed appendEntries: org.apache.ratis.thirdparty.io.grpc.StatusRuntimeException: UNAVAILABLE: io exception
2019-09-24 19:06:23,393 [grpc-default-executor-16] INFO  impl.FollowerInfo (FollowerInfo.java:lambda$new$0(51)) - a0991bb0-d059-4b75-b34b-f0d320bfe012@group-192AEBA694D5->b50c6779-182a-4abf-ac90-b7c5982ab67f: nextIndex: updateUnconditionally 0 -> 0
2019-09-24 19:06:23,632 [grpc-default-executor-16] WARN  server.GrpcLogAppender (LogUtils.java:warn(134)) - 74a8c3a1-4d80-4c26-806c-1183f0126592@group-9B209ADA5585->b50c6779-182a-4abf-ac90-b7c5982ab67f-AppendLogResponseHandler: Failed appendEntries: org.apache.ratis.thirdparty.io.grpc.StatusRuntimeException: UNAVAILABLE: io exception
2019-09-24 19:06:23,633 [grpc-default-executor-16] INFO  impl.FollowerInfo (FollowerInfo.java:lambda$new$0(51)) - 74a8c3a1-4d80-4c26-806c-1183f0126592@group-9B209ADA5585->b50c6779-182a-4abf-ac90-b7c5982ab67f: nextIndex: updateUnconditionally 0 -> 0
2019-09-24 19:06:23,893 [grpc-default-executor-16] WARN  server.GrpcLogAppender (LogUtils.java:warn(134)) - a0991bb0-d059-4b75-b34b-f0d320bfe012@group-192AEBA694D5->b50c6779-182a-4abf-ac90-b7c5982ab67f-AppendLogResponseHandler: Failed appendEntries: org.apache.ratis.thirdparty.io.grpc.StatusRuntimeException: UNAVAILABLE: io exception
2019-09-24 19:06:23,893 [grpc-default-executor-16] INFO  impl.FollowerInfo (FollowerInfo.java:lambda$new$0(51)) - a0991bb0-d059-4b75-b34b-f0d320bfe012@group-192AEBA694D5->b50c6779-182a-4abf-ac90-b7c5982ab67f: nextIndex: updateUnconditionally 0 -> 0
2019-09-24 19:06:23,932 [Thread-2775] INFO  impl.FollowerState (FollowerState.java:run(106)) - 74a8c3a1-4d80-4c26-806c-1183f0126592:group-84081C198BA3 changes to CANDIDATE, lastRpcTime:1177, electionTimeout:1177ms
2019-09-24 19:06:23,932 [Thread-2775] INFO  impl.RoleInfo (RoleInfo.java:shutdownFollowerState(121)) - 74a8c3a1-4d80-4c26-806c-1183f0126592: shutdown FollowerState
2019-09-24 19:06:23,933 [Thread-2775] INFO  impl.RaftServerImpl (RaftServerImpl.java:setRole(174)) - 74a8c3a1-4d80-4c26-806c-1183f0126592@group-84081C198BA3: changes role from  FOLLOWER to CANDIDATE at term 5 for changeToCandidate
2019-09-24 19:06:23,933 [Thread-2775] INFO  impl.RoleInfo (RoleInfo.java:updateAndGet(143)) - 74a8c3a1-4d80-4c26-806c-1183f0126592: start LeaderElection
2019-09-24 19:06:23,944 [Thread-2774] INFO  impl.FollowerState (FollowerState.java:run(106)) - a0991bb0-d059-4b75-b34b-f0d320bfe012:group-84081C198BA3 changes to CANDIDATE, lastRpcTime:1189, electionTimeout:1189ms
2019-09-24 19:06:23,944 [Thread-2774] INFO  impl.RoleInfo (RoleInfo.java:shutdownFollowerState(121)) - a0991bb0-d059-4b75-b34b-f0d320bfe012: shutdown FollowerState
2019-09-24 19:06:23,944 [Thread-2774] INFO  impl.RaftServerImpl (RaftServerImpl.java:setRole(174)) - a0991bb0-d059-4b75-b34b-f0d320bfe012@group-84081C198BA3: changes role from  FOLLOWER to CANDIDATE at term 5 for changeToCandidate
2019-09-24 19:06:23,944 [Thread-2774] INFO  impl.RoleInfo (RoleInfo.java:updateAndGet(143)) - a0991bb0-d059-4b75-b34b-f0d320bfe012: start LeaderElection
2019-09-24 19:06:23,947 [74a8c3a1-4d80-4c26-806c-1183f0126592@group-84081C198BA3:LeaderElection182] INFO  impl.LeaderElection (LeaderElection.java:askForVotes(182)) - 74a8c3a1-4d80-4c26-806c-1183f0126592@group-84081C198BA3:LeaderElection182: begin an election at term 6 for -1: [a0991bb0-d059-4b75-b34b-f0d320bfe012:192.168.5.148:46271, 74a8c3a1-4d80-4c26-806c-1183f0126592:192.168.5.148:44605, b50c6779-182a-4abf-ac90-b7c5982ab67f:192.168.5.148:46476], old=null
2019-09-24 19:06:23,949 [a0991bb0-d059-4b75-b34b-f0d320bfe012@group-84081C198BA3:LeaderElection183] INFO  impl.LeaderElection (LeaderElection.java:askForVotes(182)) - a0991bb0-d059-4b75-b34b-f0d320bfe012@group-84081C198BA3:LeaderElection183: begin an election at term 6 for -1: [a0991bb0-d059-4b75-b34b-f0d320bfe012:192.168.5.148:46271, 74a8c3a1-4d80-4c26-806c-1183f0126592:192.168.5.148:44605, b50c6779-182a-4abf-ac90-b7c5982ab67f:192.168.5.148:46476], old=null
2019-09-24 19:06:23,950 [74a8c3a1-4d80-4c26-806c-1183f0126592@group-84081C198BA3:LeaderElection182] INFO  impl.LeaderElection (LogUtils.java:infoOrTrace(149)) - 74a8c3a1-4d80-4c26-806c-1183f0126592@group-84081C198BA3:LeaderElection182 got exception when requesting votes: {}
java.util.concurrent.ExecutionException: org.apache.ratis.thirdparty.io.grpc.StatusRuntimeException: UNAVAILABLE: io exception
	at java.util.concurrent.FutureTask.report(FutureTask.java:122)
	at java.util.concurrent.FutureTask.get(FutureTask.java:192)
	at org.apache.ratis.server.impl.LeaderElection.waitForResults(LeaderElection.java:263)
	at org.apache.ratis.server.impl.LeaderElection.askForVotes(LeaderElection.java:201)
	at org.apache.ratis.server.impl.LeaderElection.run(LeaderElection.java:133)
	at java.lang.Thread.run(Thread.java:748)
Caused by: org.apache.ratis.thirdparty.io.grpc.StatusRuntimeException: UNAVAILABLE: io exception
	at org.apache.ratis.thirdparty.io.grpc.stub.ClientCalls.toStatusRuntimeException(ClientCalls.java:233)
	at org.apache.ratis.thirdparty.io.grpc.stub.ClientCalls.getUnchecked(ClientCalls.java:214)
	at org.apache.ratis.thirdparty.io.grpc.stub.ClientCalls.blockingUnaryCall(ClientCalls.java:139)
	at org.apache.ratis.proto.grpc.RaftServerProtocolServiceGrpc$RaftServerProtocolServiceBlockingStub.requestVote(RaftServerProtocolServiceGrpc.java:265)
	at org.apache.ratis.grpc.server.GrpcServerProtocolClient.requestVote(GrpcServerProtocolClient.java:90)
	at org.apache.ratis.grpc.server.GrpcService.requestVote(GrpcService.java:204)
	at org.apache.ratis.server.impl.LeaderElection.lambda$submitRequests$1(LeaderElection.java:238)
	at java.util.concurrent.FutureTask.run(FutureTask.java:266)
	at java.util.concurrent.Executors$RunnableAdapter.call(Executors.java:511)
	at java.util.concurrent.FutureTask.run(FutureTask.java:266)
	at java.util.concurrent.ThreadPoolExecutor.runWorker(ThreadPoolExecutor.java:1149)
	at java.util.concurrent.ThreadPoolExecutor$Worker.run(ThreadPoolExecutor.java:624)
	... 1 more
Caused by: org.apache.ratis.thirdparty.io.netty.channel.AbstractChannel$AnnotatedConnectException: Connection refused: /192.168.5.148:46476
	at sun.nio.ch.SocketChannelImpl.checkConnect(Native Method)
	at sun.nio.ch.SocketChannelImpl.finishConnect(SocketChannelImpl.java:717)
	at org.apache.ratis.thirdparty.io.netty.channel.socket.nio.NioSocketChannel.doFinishConnect(NioSocketChannel.java:327)
	at org.apache.ratis.thirdparty.io.netty.channel.nio.AbstractNioChannel$AbstractNioUnsafe.finishConnect(AbstractNioChannel.java:340)
	at org.apache.ratis.thirdparty.io.netty.channel.nio.NioEventLoop.processSelectedKey(NioEventLoop.java:632)
	at org.apache.ratis.thirdparty.io.netty.channel.nio.NioEventLoop.processSelectedKeysOptimized(NioEventLoop.java:579)
	at org.apache.ratis.thirdparty.io.netty.channel.nio.NioEventLoop.processSelectedKeys(NioEventLoop.java:496)
	at org.apache.ratis.thirdparty.io.netty.channel.nio.NioEventLoop.run(NioEventLoop.java:458)
	at org.apache.ratis.thirdparty.io.netty.util.concurrent.SingleThreadEventExecutor$5.run(SingleThreadEventExecutor.java:897)
	at org.apache.ratis.thirdparty.io.netty.util.concurrent.FastThreadLocalRunnable.run(FastThreadLocalRunnable.java:30)
	... 1 more
Caused by: java.net.ConnectException: Connection refused
	... 11 more
2019-09-24 19:06:23,954 [74a8c3a1-4d80-4c26-806c-1183f0126592@group-84081C198BA3:LeaderElection182] INFO  impl.LeaderElection (LeaderElection.java:logAndReturn(56)) - 74a8c3a1-4d80-4c26-806c-1183f0126592@group-84081C198BA3:LeaderElection182: Election REJECTED; received 1 response(s) [74a8c3a1-4d80-4c26-806c-1183f0126592<-a0991bb0-d059-4b75-b34b-f0d320bfe012#0:FAIL-t6] and 1 exception(s); 74a8c3a1-4d80-4c26-806c-1183f0126592@group-84081C198BA3:t6, leader=null, voted=74a8c3a1-4d80-4c26-806c-1183f0126592, raftlog=74a8c3a1-4d80-4c26-806c-1183f0126592@group-84081C198BA3-SegmentedRaftLog:OPENED:c-1,f-1,i0, conf=-1: [a0991bb0-d059-4b75-b34b-f0d320bfe012:192.168.5.148:46271, 74a8c3a1-4d80-4c26-806c-1183f0126592:192.168.5.148:44605, b50c6779-182a-4abf-ac90-b7c5982ab67f:192.168.5.148:46476], old=null
2019-09-24 19:06:23,955 [74a8c3a1-4d80-4c26-806c-1183f0126592@group-84081C198BA3:LeaderElection182] INFO  impl.LeaderElection (LogUtils.java:infoOrTrace(149)) -   Exception 0: {}
java.util.concurrent.ExecutionException: org.apache.ratis.thirdparty.io.grpc.StatusRuntimeException: UNAVAILABLE: io exception
	at java.util.concurrent.FutureTask.report(FutureTask.java:122)
	at java.util.concurrent.FutureTask.get(FutureTask.java:192)
	at org.apache.ratis.server.impl.LeaderElection.waitForResults(LeaderElection.java:263)
	at org.apache.ratis.server.impl.LeaderElection.askForVotes(LeaderElection.java:201)
	at org.apache.ratis.server.impl.LeaderElection.run(LeaderElection.java:133)
	at java.lang.Thread.run(Thread.java:748)
Caused by: org.apache.ratis.thirdparty.io.grpc.StatusRuntimeException: UNAVAILABLE: io exception
	at org.apache.ratis.thirdparty.io.grpc.stub.ClientCalls.toStatusRuntimeException(ClientCalls.java:233)
	at org.apache.ratis.thirdparty.io.grpc.stub.ClientCalls.getUnchecked(ClientCalls.java:214)
	at org.apache.ratis.thirdparty.io.grpc.stub.ClientCalls.blockingUnaryCall(ClientCalls.java:139)
	at org.apache.ratis.proto.grpc.RaftServerProtocolServiceGrpc$RaftServerProtocolServiceBlockingStub.requestVote(RaftServerProtocolServiceGrpc.java:265)
	at org.apache.ratis.grpc.server.GrpcServerProtocolClient.requestVote(GrpcServerProtocolClient.java:90)
	at org.apache.ratis.grpc.server.GrpcService.requestVote(GrpcService.java:204)
	at org.apache.ratis.server.impl.LeaderElection.lambda$submitRequests$1(LeaderElection.java:238)
	at java.util.concurrent.FutureTask.run(FutureTask.java:266)
	at java.util.concurrent.Executors$RunnableAdapter.call(Executors.java:511)
	at java.util.concurrent.FutureTask.run(FutureTask.java:266)
	at java.util.concurrent.ThreadPoolExecutor.runWorker(ThreadPoolExecutor.java:1149)
	at java.util.concurrent.ThreadPoolExecutor$Worker.run(ThreadPoolExecutor.java:624)
	... 1 more
Caused by: org.apache.ratis.thirdparty.io.netty.channel.AbstractChannel$AnnotatedConnectException: Connection refused: /192.168.5.148:46476
	at sun.nio.ch.SocketChannelImpl.checkConnect(Native Method)
	at sun.nio.ch.SocketChannelImpl.finishConnect(SocketChannelImpl.java:717)
	at org.apache.ratis.thirdparty.io.netty.channel.socket.nio.NioSocketChannel.doFinishConnect(NioSocketChannel.java:327)
	at org.apache.ratis.thirdparty.io.netty.channel.nio.AbstractNioChannel$AbstractNioUnsafe.finishConnect(AbstractNioChannel.java:340)
	at org.apache.ratis.thirdparty.io.netty.channel.nio.NioEventLoop.processSelectedKey(NioEventLoop.java:632)
	at org.apache.ratis.thirdparty.io.netty.channel.nio.NioEventLoop.processSelectedKeysOptimized(NioEventLoop.java:579)
	at org.apache.ratis.thirdparty.io.netty.channel.nio.NioEventLoop.processSelectedKeys(NioEventLoop.java:496)
	at org.apache.ratis.thirdparty.io.netty.channel.nio.NioEventLoop.run(NioEventLoop.java:458)
	at org.apache.ratis.thirdparty.io.netty.util.concurrent.SingleThreadEventExecutor$5.run(SingleThreadEventExecutor.java:897)
	at org.apache.ratis.thirdparty.io.netty.util.concurrent.FastThreadLocalRunnable.run(FastThreadLocalRunnable.java:30)
	... 1 more
Caused by: java.net.ConnectException: Connection refused
	... 11 more
2019-09-24 19:06:23,955 [74a8c3a1-4d80-4c26-806c-1183f0126592@group-84081C198BA3:LeaderElection182] INFO  impl.RaftServerImpl (RaftServerImpl.java:setRole(174)) - 74a8c3a1-4d80-4c26-806c-1183f0126592@group-84081C198BA3: changes role from CANDIDATE to FOLLOWER at term 6 for DISCOVERED_A_NEW_TERM
2019-09-24 19:06:23,955 [74a8c3a1-4d80-4c26-806c-1183f0126592@group-84081C198BA3:LeaderElection182] INFO  impl.RoleInfo (RoleInfo.java:shutdownLeaderElection(134)) - 74a8c3a1-4d80-4c26-806c-1183f0126592: shutdown LeaderElection
2019-09-24 19:06:23,956 [74a8c3a1-4d80-4c26-806c-1183f0126592@group-84081C198BA3:LeaderElection182] INFO  impl.RoleInfo (RoleInfo.java:updateAndGet(143)) - 74a8c3a1-4d80-4c26-806c-1183f0126592: start FollowerState
2019-09-24 19:06:23,956 [a0991bb0-d059-4b75-b34b-f0d320bfe012@group-84081C198BA3:LeaderElection183] INFO  impl.LeaderElection (LogUtils.java:infoOrTrace(149)) - a0991bb0-d059-4b75-b34b-f0d320bfe012@group-84081C198BA3:LeaderElection183 got exception when requesting votes: {}
java.util.concurrent.ExecutionException: org.apache.ratis.thirdparty.io.grpc.StatusRuntimeException: UNAVAILABLE: io exception
	at java.util.concurrent.FutureTask.report(FutureTask.java:122)
	at java.util.concurrent.FutureTask.get(FutureTask.java:192)
	at org.apache.ratis.server.impl.LeaderElection.waitForResults(LeaderElection.java:263)
	at org.apache.ratis.server.impl.LeaderElection.askForVotes(LeaderElection.java:201)
	at org.apache.ratis.server.impl.LeaderElection.run(LeaderElection.java:133)
	at java.lang.Thread.run(Thread.java:748)
Caused by: org.apache.ratis.thirdparty.io.grpc.StatusRuntimeException: UNAVAILABLE: io exception
	at org.apache.ratis.thirdparty.io.grpc.stub.ClientCalls.toStatusRuntimeException(ClientCalls.java:233)
	at org.apache.ratis.thirdparty.io.grpc.stub.ClientCalls.getUnchecked(ClientCalls.java:214)
	at org.apache.ratis.thirdparty.io.grpc.stub.ClientCalls.blockingUnaryCall(ClientCalls.java:139)
	at org.apache.ratis.proto.grpc.RaftServerProtocolServiceGrpc$RaftServerProtocolServiceBlockingStub.requestVote(RaftServerProtocolServiceGrpc.java:265)
	at org.apache.ratis.grpc.server.GrpcServerProtocolClient.requestVote(GrpcServerProtocolClient.java:90)
	at org.apache.ratis.grpc.server.GrpcService.requestVote(GrpcService.java:204)
	at org.apache.ratis.server.impl.LeaderElection.lambda$submitRequests$1(LeaderElection.java:238)
	at java.util.concurrent.FutureTask.run(FutureTask.java:266)
	at java.util.concurrent.Executors$RunnableAdapter.call(Executors.java:511)
	at java.util.concurrent.FutureTask.run(FutureTask.java:266)
	at java.util.concurrent.ThreadPoolExecutor.runWorker(ThreadPoolExecutor.java:1149)
	at java.util.concurrent.ThreadPoolExecutor$Worker.run(ThreadPoolExecutor.java:624)
	... 1 more
Caused by: org.apache.ratis.thirdparty.io.netty.channel.AbstractChannel$AnnotatedConnectException: Connection refused: /192.168.5.148:46476
	at sun.nio.ch.SocketChannelImpl.checkConnect(Native Method)
	at sun.nio.ch.SocketChannelImpl.finishConnect(SocketChannelImpl.java:717)
	at org.apache.ratis.thirdparty.io.netty.channel.socket.nio.NioSocketChannel.doFinishConnect(NioSocketChannel.java:327)
	at org.apache.ratis.thirdparty.io.netty.channel.nio.AbstractNioChannel$AbstractNioUnsafe.finishConnect(AbstractNioChannel.java:340)
	at org.apache.ratis.thirdparty.io.netty.channel.nio.NioEventLoop.processSelectedKey(NioEventLoop.java:632)
	at org.apache.ratis.thirdparty.io.netty.channel.nio.NioEventLoop.processSelectedKeysOptimized(NioEventLoop.java:579)
	at org.apache.ratis.thirdparty.io.netty.channel.nio.NioEventLoop.processSelectedKeys(NioEventLoop.java:496)
	at org.apache.ratis.thirdparty.io.netty.channel.nio.NioEventLoop.run(NioEventLoop.java:458)
	at org.apache.ratis.thirdparty.io.netty.util.concurrent.SingleThreadEventExecutor$5.run(SingleThreadEventExecutor.java:897)
	at org.apache.ratis.thirdparty.io.netty.util.concurrent.FastThreadLocalRunnable.run(FastThreadLocalRunnable.java:30)
	... 1 more
Caused by: java.net.ConnectException: Connection refused
	... 11 more
2019-09-24 19:06:23,959 [a0991bb0-d059-4b75-b34b-f0d320bfe012@group-84081C198BA3:LeaderElection183] INFO  impl.LeaderElection (LeaderElection.java:logAndReturn(56)) - a0991bb0-d059-4b75-b34b-f0d320bfe012@group-84081C198BA3:LeaderElection183: Election REJECTED; received 1 response(s) [a0991bb0-d059-4b75-b34b-f0d320bfe012<-74a8c3a1-4d80-4c26-806c-1183f0126592#0:FAIL-t6] and 1 exception(s); a0991bb0-d059-4b75-b34b-f0d320bfe012@group-84081C198BA3:t6, leader=null, voted=a0991bb0-d059-4b75-b34b-f0d320bfe012, raftlog=a0991bb0-d059-4b75-b34b-f0d320bfe012@group-84081C198BA3-SegmentedRaftLog:OPENED:c-1,f-1,i0, conf=-1: [a0991bb0-d059-4b75-b34b-f0d320bfe012:192.168.5.148:46271, 74a8c3a1-4d80-4c26-806c-1183f0126592:192.168.5.148:44605, b50c6779-182a-4abf-ac90-b7c5982ab67f:192.168.5.148:46476], old=null
2019-09-24 19:06:23,959 [a0991bb0-d059-4b75-b34b-f0d320bfe012@group-84081C198BA3:LeaderElection183] INFO  impl.LeaderElection (LogUtils.java:infoOrTrace(149)) -   Exception 0: {}
java.util.concurrent.ExecutionException: org.apache.ratis.thirdparty.io.grpc.StatusRuntimeException: UNAVAILABLE: io exception
	at java.util.concurrent.FutureTask.report(FutureTask.java:122)
	at java.util.concurrent.FutureTask.get(FutureTask.java:192)
	at org.apache.ratis.server.impl.LeaderElection.waitForResults(LeaderElection.java:263)
	at org.apache.ratis.server.impl.LeaderElection.askForVotes(LeaderElection.java:201)
	at org.apache.ratis.server.impl.LeaderElection.run(LeaderElection.java:133)
	at java.lang.Thread.run(Thread.java:748)
Caused by: org.apache.ratis.thirdparty.io.grpc.StatusRuntimeException: UNAVAILABLE: io exception
	at org.apache.ratis.thirdparty.io.grpc.stub.ClientCalls.toStatusRuntimeException(ClientCalls.java:233)
	at org.apache.ratis.thirdparty.io.grpc.stub.ClientCalls.getUnchecked(ClientCalls.java:214)
	at org.apache.ratis.thirdparty.io.grpc.stub.ClientCalls.blockingUnaryCall(ClientCalls.java:139)
	at org.apache.ratis.proto.grpc.RaftServerProtocolServiceGrpc$RaftServerProtocolServiceBlockingStub.requestVote(RaftServerProtocolServiceGrpc.java:265)
	at org.apache.ratis.grpc.server.GrpcServerProtocolClient.requestVote(GrpcServerProtocolClient.java:90)
	at org.apache.ratis.grpc.server.GrpcService.requestVote(GrpcService.java:204)
	at org.apache.ratis.server.impl.LeaderElection.lambda$submitRequests$1(LeaderElection.java:238)
	at java.util.concurrent.FutureTask.run(FutureTask.java:266)
	at java.util.concurrent.Executors$RunnableAdapter.call(Executors.java:511)
	at java.util.concurrent.FutureTask.run(FutureTask.java:266)
	at java.util.concurrent.ThreadPoolExecutor.runWorker(ThreadPoolExecutor.java:1149)
	at java.util.concurrent.ThreadPoolExecutor$Worker.run(ThreadPoolExecutor.java:624)
	... 1 more
Caused by: org.apache.ratis.thirdparty.io.netty.channel.AbstractChannel$AnnotatedConnectException: Connection refused: /192.168.5.148:46476
	at sun.nio.ch.SocketChannelImpl.checkConnect(Native Method)
	at sun.nio.ch.SocketChannelImpl.finishConnect(SocketChannelImpl.java:717)
	at org.apache.ratis.thirdparty.io.netty.channel.socket.nio.NioSocketChannel.doFinishConnect(NioSocketChannel.java:327)
	at org.apache.ratis.thirdparty.io.netty.channel.nio.AbstractNioChannel$AbstractNioUnsafe.finishConnect(AbstractNioChannel.java:340)
	at org.apache.ratis.thirdparty.io.netty.channel.nio.NioEventLoop.processSelectedKey(NioEventLoop.java:632)
	at org.apache.ratis.thirdparty.io.netty.channel.nio.NioEventLoop.processSelectedKeysOptimized(NioEventLoop.java:579)
	at org.apache.ratis.thirdparty.io.netty.channel.nio.NioEventLoop.processSelectedKeys(NioEventLoop.java:496)
	at org.apache.ratis.thirdparty.io.netty.channel.nio.NioEventLoop.run(NioEventLoop.java:458)
	at org.apache.ratis.thirdparty.io.netty.util.concurrent.SingleThreadEventExecutor$5.run(SingleThreadEventExecutor.java:897)
	at org.apache.ratis.thirdparty.io.netty.util.concurrent.FastThreadLocalRunnable.run(FastThreadLocalRunnable.java:30)
	... 1 more
Caused by: java.net.ConnectException: Connection refused
	... 11 more
2019-09-24 19:06:23,960 [a0991bb0-d059-4b75-b34b-f0d320bfe012@group-84081C198BA3:LeaderElection183] INFO  impl.RaftServerImpl (RaftServerImpl.java:setRole(174)) - a0991bb0-d059-4b75-b34b-f0d320bfe012@group-84081C198BA3: changes role from CANDIDATE to FOLLOWER at term 6 for DISCOVERED_A_NEW_TERM
2019-09-24 19:06:23,960 [a0991bb0-d059-4b75-b34b-f0d320bfe012@group-84081C198BA3:LeaderElection183] INFO  impl.RoleInfo (RoleInfo.java:shutdownLeaderElection(134)) - a0991bb0-d059-4b75-b34b-f0d320bfe012: shutdown LeaderElection
2019-09-24 19:06:23,960 [a0991bb0-d059-4b75-b34b-f0d320bfe012@group-84081C198BA3:LeaderElection183] INFO  impl.RoleInfo (RoleInfo.java:updateAndGet(143)) - a0991bb0-d059-4b75-b34b-f0d320bfe012: start FollowerState
2019-09-24 19:06:24,131 [grpc-default-executor-13] WARN  server.GrpcLogAppender (LogUtils.java:warn(134)) - 74a8c3a1-4d80-4c26-806c-1183f0126592@group-9B209ADA5585->b50c6779-182a-4abf-ac90-b7c5982ab67f-AppendLogResponseHandler: Failed appendEntries: org.apache.ratis.thirdparty.io.grpc.StatusRuntimeException: UNAVAILABLE: io exception
2019-09-24 19:06:24,132 [grpc-default-executor-13] INFO  impl.FollowerInfo (FollowerInfo.java:lambda$new$0(51)) - 74a8c3a1-4d80-4c26-806c-1183f0126592@group-9B209ADA5585->b50c6779-182a-4abf-ac90-b7c5982ab67f: nextIndex: updateUnconditionally 0 -> 0
2019-09-24 19:06:24,392 [grpc-default-executor-13] WARN  server.GrpcLogAppender (LogUtils.java:warn(134)) - a0991bb0-d059-4b75-b34b-f0d320bfe012@group-192AEBA694D5->b50c6779-182a-4abf-ac90-b7c5982ab67f-AppendLogResponseHandler: Failed appendEntries: org.apache.ratis.thirdparty.io.grpc.StatusRuntimeException: UNAVAILABLE: io exception
2019-09-24 19:06:24,392 [grpc-default-executor-13] INFO  impl.FollowerInfo (FollowerInfo.java:lambda$new$0(51)) - a0991bb0-d059-4b75-b34b-f0d320bfe012@group-192AEBA694D5->b50c6779-182a-4abf-ac90-b7c5982ab67f: nextIndex: updateUnconditionally 0 -> 0
2019-09-24 19:06:24,634 [grpc-default-executor-13] WARN  server.GrpcLogAppender (LogUtils.java:warn(134)) - 74a8c3a1-4d80-4c26-806c-1183f0126592@group-9B209ADA5585->b50c6779-182a-4abf-ac90-b7c5982ab67f-AppendLogResponseHandler: Failed appendEntries: org.apache.ratis.thirdparty.io.grpc.StatusRuntimeException: UNAVAILABLE: io exception
2019-09-24 19:06:24,635 [grpc-default-executor-13] INFO  impl.FollowerInfo (FollowerInfo.java:lambda$new$0(51)) - 74a8c3a1-4d80-4c26-806c-1183f0126592@group-9B209ADA5585->b50c6779-182a-4abf-ac90-b7c5982ab67f: nextIndex: updateUnconditionally 0 -> 0
2019-09-24 19:06:24,894 [grpc-default-executor-13] WARN  server.GrpcLogAppender (LogUtils.java:warn(134)) - a0991bb0-d059-4b75-b34b-f0d320bfe012@group-192AEBA694D5->b50c6779-182a-4abf-ac90-b7c5982ab67f-AppendLogResponseHandler: Failed appendEntries: org.apache.ratis.thirdparty.io.grpc.StatusRuntimeException: UNAVAILABLE: io exception
2019-09-24 19:06:24,895 [grpc-default-executor-13] INFO  impl.FollowerInfo (FollowerInfo.java:lambda$new$0(51)) - a0991bb0-d059-4b75-b34b-f0d320bfe012@group-192AEBA694D5->b50c6779-182a-4abf-ac90-b7c5982ab67f: nextIndex: updateUnconditionally 0 -> 0
2019-09-24 19:06:25,013 [Thread-2788] INFO  impl.FollowerState (FollowerState.java:run(106)) - a0991bb0-d059-4b75-b34b-f0d320bfe012:group-84081C198BA3 changes to CANDIDATE, lastRpcTime:1052, electionTimeout:1052ms
2019-09-24 19:06:25,013 [Thread-2788] INFO  impl.RoleInfo (RoleInfo.java:shutdownFollowerState(121)) - a0991bb0-d059-4b75-b34b-f0d320bfe012: shutdown FollowerState
2019-09-24 19:06:25,013 [Thread-2788] INFO  impl.RaftServerImpl (RaftServerImpl.java:setRole(174)) - a0991bb0-d059-4b75-b34b-f0d320bfe012@group-84081C198BA3: changes role from  FOLLOWER to CANDIDATE at term 6 for changeToCandidate
2019-09-24 19:06:25,013 [Thread-2788] INFO  impl.RoleInfo (RoleInfo.java:updateAndGet(143)) - a0991bb0-d059-4b75-b34b-f0d320bfe012: start LeaderElection
2019-09-24 19:06:25,051 [ForkJoinPool.commonPool-worker-1] INFO  ozoneimpl.OzoneContainer (OzoneContainer.java:stop(231)) - Attempting to stop container services.
2019-09-24 19:06:25,051 [ForkJoinPool.commonPool-worker-1] INFO  impl.RaftServerProxy (RaftServerProxy.java:lambda$close$4(314)) - 2b914155-a5df-4d0f-a25a-ea2dff218cda: close
2019-09-24 19:06:25,051 [ForkJoinPool.commonPool-worker-1] INFO  server.GrpcService (GrpcService.java:closeImpl(164)) - 2b914155-a5df-4d0f-a25a-ea2dff218cda: shutdown server with port 42456 now
2019-09-24 19:06:25,052 [ForkJoinPool.commonPool-worker-1] INFO  server.GrpcService (GrpcService.java:closeImpl(172)) - 2b914155-a5df-4d0f-a25a-ea2dff218cda: shutdown server with port 42456 successfully
2019-09-24 19:06:25,056 [refreshUsed-/workdir/hadoop-ozone/integration-test/target/test-dir/MiniOzoneClusterImpl-136902ad-9ad3-4579-ab1e-826ed1576804/datanode-4/data/containers] WARN  fs.CachingGetSpaceUsed (CachingGetSpaceUsed.java:run(183)) - Thread Interrupted waiting to refresh disk information: sleep interrupted
2019-09-24 19:06:25,075 [ForkJoinPool.commonPool-worker-1] INFO  utils.BackgroundService (BackgroundService.java:shutdown(148)) - Shutting down service BlockDeletingService
2019-09-24 19:06:25,086 [ForkJoinPool.commonPool-worker-1] INFO  statemachine.DatanodeStateMachine (DatanodeStateMachine.java:stopDaemon(395)) - Ozone container server stopped.
2019-09-24 19:06:25,094 [ForkJoinPool.commonPool-worker-1] INFO  handler.ContextHandler (ContextHandler.java:doStop(910)) - Stopped o.e.j.w.WebAppContext@48268eec{/,null,UNAVAILABLE}{/hddsDatanode}
2019-09-24 19:06:25,095 [ForkJoinPool.commonPool-worker-1] INFO  server.AbstractConnector (AbstractConnector.java:doStop(318)) - Stopped ServerConnector@69a024a0{HTTP/1.1,[http/1.1]}{0.0.0.0:0}
2019-09-24 19:06:25,097 [ForkJoinPool.commonPool-worker-1] INFO  handler.ContextHandler (ContextHandler.java:doStop(910)) - Stopped o.e.j.s.ServletContextHandler@392781e{/static,jar:file:/home/user/.m2/repository/org/apache/hadoop/hadoop-hdds-container-service/0.5.0-SNAPSHOT/hadoop-hdds-container-service-0.5.0-SNAPSHOT.jar!/webapps/static,UNAVAILABLE}
2019-09-24 19:06:25,099 [ForkJoinPool.commonPool-worker-1] INFO  handler.ContextHandler (ContextHandler.java:doStop(910)) - Stopped o.e.j.s.ServletContextHandler@67fb5025{/logs,file:///workdir/hadoop-ozone/integration-test/target/log,UNAVAILABLE}
2019-09-24 19:06:25,125 [Thread-2787] INFO  impl.FollowerState (FollowerState.java:run(106)) - 74a8c3a1-4d80-4c26-806c-1183f0126592:group-84081C198BA3 changes to CANDIDATE, lastRpcTime:1169, electionTimeout:1169ms
2019-09-24 19:06:25,126 [Thread-2787] INFO  impl.RoleInfo (RoleInfo.java:shutdownFollowerState(121)) - 74a8c3a1-4d80-4c26-806c-1183f0126592: shutdown FollowerState
2019-09-24 19:06:25,126 [Thread-2787] INFO  impl.RaftServerImpl (RaftServerImpl.java:setRole(174)) - 74a8c3a1-4d80-4c26-806c-1183f0126592@group-84081C198BA3: changes role from  FOLLOWER to CANDIDATE at term 6 for changeToCandidate
2019-09-24 19:06:25,126 [Thread-2787] INFO  impl.RoleInfo (RoleInfo.java:updateAndGet(143)) - 74a8c3a1-4d80-4c26-806c-1183f0126592: start LeaderElection
2019-09-24 19:06:25,136 [grpc-default-executor-13] WARN  server.GrpcLogAppender (LogUtils.java:warn(134)) - 74a8c3a1-4d80-4c26-806c-1183f0126592@group-9B209ADA5585->b50c6779-182a-4abf-ac90-b7c5982ab67f-AppendLogResponseHandler: Failed appendEntries: org.apache.ratis.thirdparty.io.grpc.StatusRuntimeException: UNAVAILABLE: io exception
2019-09-24 19:06:25,136 [grpc-default-executor-13] INFO  impl.FollowerInfo (FollowerInfo.java:lambda$new$0(51)) - 74a8c3a1-4d80-4c26-806c-1183f0126592@group-9B209ADA5585->b50c6779-182a-4abf-ac90-b7c5982ab67f: nextIndex: updateUnconditionally 0 -> 0
2019-09-24 19:06:25,284 [74a8c3a1-4d80-4c26-806c-1183f0126592@group-84081C198BA3:LeaderElection185] INFO  impl.LeaderElection (LeaderElection.java:askForVotes(182)) - 74a8c3a1-4d80-4c26-806c-1183f0126592@group-84081C198BA3:LeaderElection185: begin an election at term 7 for -1: [a0991bb0-d059-4b75-b34b-f0d320bfe012:192.168.5.148:46271, 74a8c3a1-4d80-4c26-806c-1183f0126592:192.168.5.148:44605, b50c6779-182a-4abf-ac90-b7c5982ab67f:192.168.5.148:46476], old=null
2019-09-24 19:06:25,284 [a0991bb0-d059-4b75-b34b-f0d320bfe012@group-84081C198BA3:LeaderElection184] INFO  impl.LeaderElection (LeaderElection.java:askForVotes(182)) - a0991bb0-d059-4b75-b34b-f0d320bfe012@group-84081C198BA3:LeaderElection184: begin an election at term 7 for -1: [a0991bb0-d059-4b75-b34b-f0d320bfe012:192.168.5.148:46271, 74a8c3a1-4d80-4c26-806c-1183f0126592:192.168.5.148:44605, b50c6779-182a-4abf-ac90-b7c5982ab67f:192.168.5.148:46476], old=null
2019-09-24 19:06:25,288 [a0991bb0-d059-4b75-b34b-f0d320bfe012@group-84081C198BA3:LeaderElection184] INFO  impl.LeaderElection (LogUtils.java:infoOrTrace(149)) - a0991bb0-d059-4b75-b34b-f0d320bfe012@group-84081C198BA3:LeaderElection184 got exception when requesting votes: {}
java.util.concurrent.ExecutionException: org.apache.ratis.thirdparty.io.grpc.StatusRuntimeException: UNAVAILABLE: io exception
	at java.util.concurrent.FutureTask.report(FutureTask.java:122)
	at java.util.concurrent.FutureTask.get(FutureTask.java:192)
	at org.apache.ratis.server.impl.LeaderElection.waitForResults(LeaderElection.java:263)
	at org.apache.ratis.server.impl.LeaderElection.askForVotes(LeaderElection.java:201)
	at org.apache.ratis.server.impl.LeaderElection.run(LeaderElection.java:133)
	at java.lang.Thread.run(Thread.java:748)
Caused by: org.apache.ratis.thirdparty.io.grpc.StatusRuntimeException: UNAVAILABLE: io exception
	at org.apache.ratis.thirdparty.io.grpc.stub.ClientCalls.toStatusRuntimeException(ClientCalls.java:233)
	at org.apache.ratis.thirdparty.io.grpc.stub.ClientCalls.getUnchecked(ClientCalls.java:214)
	at org.apache.ratis.thirdparty.io.grpc.stub.ClientCalls.blockingUnaryCall(ClientCalls.java:139)
	at org.apache.ratis.proto.grpc.RaftServerProtocolServiceGrpc$RaftServerProtocolServiceBlockingStub.requestVote(RaftServerProtocolServiceGrpc.java:265)
	at org.apache.ratis.grpc.server.GrpcServerProtocolClient.requestVote(GrpcServerProtocolClient.java:90)
	at org.apache.ratis.grpc.server.GrpcService.requestVote(GrpcService.java:204)
	at org.apache.ratis.server.impl.LeaderElection.lambda$submitRequests$1(LeaderElection.java:238)
	at java.util.concurrent.FutureTask.run(FutureTask.java:266)
	at java.util.concurrent.Executors$RunnableAdapter.call(Executors.java:511)
	at java.util.concurrent.FutureTask.run(FutureTask.java:266)
	at java.util.concurrent.ThreadPoolExecutor.runWorker(ThreadPoolExecutor.java:1149)
	at java.util.concurrent.ThreadPoolExecutor$Worker.run(ThreadPoolExecutor.java:624)
	... 1 more
Caused by: org.apache.ratis.thirdparty.io.netty.channel.AbstractChannel$AnnotatedConnectException: Connection refused: /192.168.5.148:46476
	at sun.nio.ch.SocketChannelImpl.checkConnect(Native Method)
	at sun.nio.ch.SocketChannelImpl.finishConnect(SocketChannelImpl.java:717)
	at org.apache.ratis.thirdparty.io.netty.channel.socket.nio.NioSocketChannel.doFinishConnect(NioSocketChannel.java:327)
	at org.apache.ratis.thirdparty.io.netty.channel.nio.AbstractNioChannel$AbstractNioUnsafe.finishConnect(AbstractNioChannel.java:340)
	at org.apache.ratis.thirdparty.io.netty.channel.nio.NioEventLoop.processSelectedKey(NioEventLoop.java:632)
	at org.apache.ratis.thirdparty.io.netty.channel.nio.NioEventLoop.processSelectedKeysOptimized(NioEventLoop.java:579)
	at org.apache.ratis.thirdparty.io.netty.channel.nio.NioEventLoop.processSelectedKeys(NioEventLoop.java:496)
	at org.apache.ratis.thirdparty.io.netty.channel.nio.NioEventLoop.run(NioEventLoop.java:458)
	at org.apache.ratis.thirdparty.io.netty.util.concurrent.SingleThreadEventExecutor$5.run(SingleThreadEventExecutor.java:897)
	at org.apache.ratis.thirdparty.io.netty.util.concurrent.FastThreadLocalRunnable.run(FastThreadLocalRunnable.java:30)
	... 1 more
Caused by: java.net.ConnectException: Connection refused
	... 11 more
2019-09-24 19:06:25,288 [74a8c3a1-4d80-4c26-806c-1183f0126592@group-84081C198BA3:LeaderElection185] INFO  impl.LeaderElection (LogUtils.java:infoOrTrace(149)) - 74a8c3a1-4d80-4c26-806c-1183f0126592@group-84081C198BA3:LeaderElection185 got exception when requesting votes: {}
java.util.concurrent.ExecutionException: org.apache.ratis.thirdparty.io.grpc.StatusRuntimeException: UNAVAILABLE: io exception
	at java.util.concurrent.FutureTask.report(FutureTask.java:122)
	at java.util.concurrent.FutureTask.get(FutureTask.java:192)
	at org.apache.ratis.server.impl.LeaderElection.waitForResults(LeaderElection.java:263)
	at org.apache.ratis.server.impl.LeaderElection.askForVotes(LeaderElection.java:201)
	at org.apache.ratis.server.impl.LeaderElection.run(LeaderElection.java:133)
	at java.lang.Thread.run(Thread.java:748)
Caused by: org.apache.ratis.thirdparty.io.grpc.StatusRuntimeException: UNAVAILABLE: io exception
	at org.apache.ratis.thirdparty.io.grpc.stub.ClientCalls.toStatusRuntimeException(ClientCalls.java:233)
	at org.apache.ratis.thirdparty.io.grpc.stub.ClientCalls.getUnchecked(ClientCalls.java:214)
	at org.apache.ratis.thirdparty.io.grpc.stub.ClientCalls.blockingUnaryCall(ClientCalls.java:139)
	at org.apache.ratis.proto.grpc.RaftServerProtocolServiceGrpc$RaftServerProtocolServiceBlockingStub.requestVote(RaftServerProtocolServiceGrpc.java:265)
	at org.apache.ratis.grpc.server.GrpcServerProtocolClient.requestVote(GrpcServerProtocolClient.java:90)
	at org.apache.ratis.grpc.server.GrpcService.requestVote(GrpcService.java:204)
	at org.apache.ratis.server.impl.LeaderElection.lambda$submitRequests$1(LeaderElection.java:238)
	at java.util.concurrent.FutureTask.run(FutureTask.java:266)
	at java.util.concurrent.Executors$RunnableAdapter.call(Executors.java:511)
	at java.util.concurrent.FutureTask.run(FutureTask.java:266)
	at java.util.concurrent.ThreadPoolExecutor.runWorker(ThreadPoolExecutor.java:1149)
	at java.util.concurrent.ThreadPoolExecutor$Worker.run(ThreadPoolExecutor.java:624)
	... 1 more
Caused by: org.apache.ratis.thirdparty.io.netty.channel.AbstractChannel$AnnotatedConnectException: Connection refused: /192.168.5.148:46476
	at sun.nio.ch.SocketChannelImpl.checkConnect(Native Method)
	at sun.nio.ch.SocketChannelImpl.finishConnect(SocketChannelImpl.java:717)
	at org.apache.ratis.thirdparty.io.netty.channel.socket.nio.NioSocketChannel.doFinishConnect(NioSocketChannel.java:327)
	at org.apache.ratis.thirdparty.io.netty.channel.nio.AbstractNioChannel$AbstractNioUnsafe.finishConnect(AbstractNioChannel.java:340)
	at org.apache.ratis.thirdparty.io.netty.channel.nio.NioEventLoop.processSelectedKey(NioEventLoop.java:632)
	at org.apache.ratis.thirdparty.io.netty.channel.nio.NioEventLoop.processSelectedKeysOptimized(NioEventLoop.java:579)
	at org.apache.ratis.thirdparty.io.netty.channel.nio.NioEventLoop.processSelectedKeys(NioEventLoop.java:496)
	at org.apache.ratis.thirdparty.io.netty.channel.nio.NioEventLoop.run(NioEventLoop.java:458)
	at org.apache.ratis.thirdparty.io.netty.util.concurrent.SingleThreadEventExecutor$5.run(SingleThreadEventExecutor.java:897)
	at org.apache.ratis.thirdparty.io.netty.util.concurrent.FastThreadLocalRunnable.run(FastThreadLocalRunnable.java:30)
	... 1 more
Caused by: java.net.ConnectException: Connection refused
	... 11 more
2019-09-24 19:06:25,293 [a0991bb0-d059-4b75-b34b-f0d320bfe012@group-84081C198BA3:LeaderElection184] INFO  impl.LeaderElection (LeaderElection.java:logAndReturn(56)) - a0991bb0-d059-4b75-b34b-f0d320bfe012@group-84081C198BA3:LeaderElection184: Election REJECTED; received 1 response(s) [a0991bb0-d059-4b75-b34b-f0d320bfe012<-74a8c3a1-4d80-4c26-806c-1183f0126592#0:FAIL-t7] and 1 exception(s); a0991bb0-d059-4b75-b34b-f0d320bfe012@group-84081C198BA3:t7, leader=null, voted=a0991bb0-d059-4b75-b34b-f0d320bfe012, raftlog=a0991bb0-d059-4b75-b34b-f0d320bfe012@group-84081C198BA3-SegmentedRaftLog:OPENED:c-1,f-1,i0, conf=-1: [a0991bb0-d059-4b75-b34b-f0d320bfe012:192.168.5.148:46271, 74a8c3a1-4d80-4c26-806c-1183f0126592:192.168.5.148:44605, b50c6779-182a-4abf-ac90-b7c5982ab67f:192.168.5.148:46476], old=null
2019-09-24 19:06:25,293 [74a8c3a1-4d80-4c26-806c-1183f0126592@group-84081C198BA3:LeaderElection185] INFO  impl.LeaderElection (LeaderElection.java:logAndReturn(56)) - 74a8c3a1-4d80-4c26-806c-1183f0126592@group-84081C198BA3:LeaderElection185: Election REJECTED; received 1 response(s) [74a8c3a1-4d80-4c26-806c-1183f0126592<-a0991bb0-d059-4b75-b34b-f0d320bfe012#0:FAIL-t7] and 1 exception(s); 74a8c3a1-4d80-4c26-806c-1183f0126592@group-84081C198BA3:t7, leader=null, voted=74a8c3a1-4d80-4c26-806c-1183f0126592, raftlog=74a8c3a1-4d80-4c26-806c-1183f0126592@group-84081C198BA3-SegmentedRaftLog:OPENED:c-1,f-1,i0, conf=-1: [a0991bb0-d059-4b75-b34b-f0d320bfe012:192.168.5.148:46271, 74a8c3a1-4d80-4c26-806c-1183f0126592:192.168.5.148:44605, b50c6779-182a-4abf-ac90-b7c5982ab67f:192.168.5.148:46476], old=null
2019-09-24 19:06:25,293 [a0991bb0-d059-4b75-b34b-f0d320bfe012@group-84081C198BA3:LeaderElection184] INFO  impl.LeaderElection (LogUtils.java:infoOrTrace(149)) -   Exception 0: {}
java.util.concurrent.ExecutionException: org.apache.ratis.thirdparty.io.grpc.StatusRuntimeException: UNAVAILABLE: io exception
	at java.util.concurrent.FutureTask.report(FutureTask.java:122)
	at java.util.concurrent.FutureTask.get(FutureTask.java:192)
	at org.apache.ratis.server.impl.LeaderElection.waitForResults(LeaderElection.java:263)
	at org.apache.ratis.server.impl.LeaderElection.askForVotes(LeaderElection.java:201)
	at org.apache.ratis.server.impl.LeaderElection.run(LeaderElection.java:133)
	at java.lang.Thread.run(Thread.java:748)
Caused by: org.apache.ratis.thirdparty.io.grpc.StatusRuntimeException: UNAVAILABLE: io exception
	at org.apache.ratis.thirdparty.io.grpc.stub.ClientCalls.toStatusRuntimeException(ClientCalls.java:233)
	at org.apache.ratis.thirdparty.io.grpc.stub.ClientCalls.getUnchecked(ClientCalls.java:214)
	at org.apache.ratis.thirdparty.io.grpc.stub.ClientCalls.blockingUnaryCall(ClientCalls.java:139)
	at org.apache.ratis.proto.grpc.RaftServerProtocolServiceGrpc$RaftServerProtocolServiceBlockingStub.requestVote(RaftServerProtocolServiceGrpc.java:265)
	at org.apache.ratis.grpc.server.GrpcServerProtocolClient.requestVote(GrpcServerProtocolClient.java:90)
	at org.apache.ratis.grpc.server.GrpcService.requestVote(GrpcService.java:204)
	at org.apache.ratis.server.impl.LeaderElection.lambda$submitRequests$1(LeaderElection.java:238)
	at java.util.concurrent.FutureTask.run(FutureTask.java:266)
	at java.util.concurrent.Executors$RunnableAdapter.call(Executors.java:511)
	at java.util.concurrent.FutureTask.run(FutureTask.java:266)
	at java.util.concurrent.ThreadPoolExecutor.runWorker(ThreadPoolExecutor.java:1149)
	at java.util.concurrent.ThreadPoolExecutor$Worker.run(ThreadPoolExecutor.java:624)
	... 1 more
Caused by: org.apache.ratis.thirdparty.io.netty.channel.AbstractChannel$AnnotatedConnectException: Connection refused: /192.168.5.148:46476
	at sun.nio.ch.SocketChannelImpl.checkConnect(Native Method)
	at sun.nio.ch.SocketChannelImpl.finishConnect(SocketChannelImpl.java:717)
	at org.apache.ratis.thirdparty.io.netty.channel.socket.nio.NioSocketChannel.doFinishConnect(NioSocketChannel.java:327)
	at org.apache.ratis.thirdparty.io.netty.channel.nio.AbstractNioChannel$AbstractNioUnsafe.finishConnect(AbstractNioChannel.java:340)
	at org.apache.ratis.thirdparty.io.netty.channel.nio.NioEventLoop.processSelectedKey(NioEventLoop.java:632)
	at org.apache.ratis.thirdparty.io.netty.channel.nio.NioEventLoop.processSelectedKeysOptimized(NioEventLoop.java:579)
	at org.apache.ratis.thirdparty.io.netty.channel.nio.NioEventLoop.processSelectedKeys(NioEventLoop.java:496)
	at org.apache.ratis.thirdparty.io.netty.channel.nio.NioEventLoop.run(NioEventLoop.java:458)
	at org.apache.ratis.thirdparty.io.netty.util.concurrent.SingleThreadEventExecutor$5.run(SingleThreadEventExecutor.java:897)
	at org.apache.ratis.thirdparty.io.netty.util.concurrent.FastThreadLocalRunnable.run(FastThreadLocalRunnable.java:30)
	... 1 more
Caused by: java.net.ConnectException: Connection refused
	... 11 more
2019-09-24 19:06:25,294 [74a8c3a1-4d80-4c26-806c-1183f0126592@group-84081C198BA3:LeaderElection185] INFO  impl.LeaderElection (LogUtils.java:infoOrTrace(149)) -   Exception 0: {}
java.util.concurrent.ExecutionException: org.apache.ratis.thirdparty.io.grpc.StatusRuntimeException: UNAVAILABLE: io exception
	at java.util.concurrent.FutureTask.report(FutureTask.java:122)
	at java.util.concurrent.FutureTask.get(FutureTask.java:192)
	at org.apache.ratis.server.impl.LeaderElection.waitForResults(LeaderElection.java:263)
	at org.apache.ratis.server.impl.LeaderElection.askForVotes(LeaderElection.java:201)
	at org.apache.ratis.server.impl.LeaderElection.run(LeaderElection.java:133)
	at java.lang.Thread.run(Thread.java:748)
Caused by: org.apache.ratis.thirdparty.io.grpc.StatusRuntimeException: UNAVAILABLE: io exception
	at org.apache.ratis.thirdparty.io.grpc.stub.ClientCalls.toStatusRuntimeException(ClientCalls.java:233)
	at org.apache.ratis.thirdparty.io.grpc.stub.ClientCalls.getUnchecked(ClientCalls.java:214)
	at org.apache.ratis.thirdparty.io.grpc.stub.ClientCalls.blockingUnaryCall(ClientCalls.java:139)
	at org.apache.ratis.proto.grpc.RaftServerProtocolServiceGrpc$RaftServerProtocolServiceBlockingStub.requestVote(RaftServerProtocolServiceGrpc.java:265)
	at org.apache.ratis.grpc.server.GrpcServerProtocolClient.requestVote(GrpcServerProtocolClient.java:90)
	at org.apache.ratis.grpc.server.GrpcService.requestVote(GrpcService.java:204)
	at org.apache.ratis.server.impl.LeaderElection.lambda$submitRequests$1(LeaderElection.java:238)
	at java.util.concurrent.FutureTask.run(FutureTask.java:266)
	at java.util.concurrent.Executors$RunnableAdapter.call(Executors.java:511)
	at java.util.concurrent.FutureTask.run(FutureTask.java:266)
	at java.util.concurrent.ThreadPoolExecutor.runWorker(ThreadPoolExecutor.java:1149)
	at java.util.concurrent.ThreadPoolExecutor$Worker.run(ThreadPoolExecutor.java:624)
	... 1 more
Caused by: org.apache.ratis.thirdparty.io.netty.channel.AbstractChannel$AnnotatedConnectException: Connection refused: /192.168.5.148:46476
	at sun.nio.ch.SocketChannelImpl.checkConnect(Native Method)
	at sun.nio.ch.SocketChannelImpl.finishConnect(SocketChannelImpl.java:717)
	at org.apache.ratis.thirdparty.io.netty.channel.socket.nio.NioSocketChannel.doFinishConnect(NioSocketChannel.java:327)
	at org.apache.ratis.thirdparty.io.netty.channel.nio.AbstractNioChannel$AbstractNioUnsafe.finishConnect(AbstractNioChannel.java:340)
	at org.apache.ratis.thirdparty.io.netty.channel.nio.NioEventLoop.processSelectedKey(NioEventLoop.java:632)
	at org.apache.ratis.thirdparty.io.netty.channel.nio.NioEventLoop.processSelectedKeysOptimized(NioEventLoop.java:579)
	at org.apache.ratis.thirdparty.io.netty.channel.nio.NioEventLoop.processSelectedKeys(NioEventLoop.java:496)
	at org.apache.ratis.thirdparty.io.netty.channel.nio.NioEventLoop.run(NioEventLoop.java:458)
	at org.apache.ratis.thirdparty.io.netty.util.concurrent.SingleThreadEventExecutor$5.run(SingleThreadEventExecutor.java:897)
	at org.apache.ratis.thirdparty.io.netty.util.concurrent.FastThreadLocalRunnable.run(FastThreadLocalRunnable.java:30)
	... 1 more
Caused by: java.net.ConnectException: Connection refused
	... 11 more
2019-09-24 19:06:25,294 [a0991bb0-d059-4b75-b34b-f0d320bfe012@group-84081C198BA3:LeaderElection184] INFO  impl.RaftServerImpl (RaftServerImpl.java:setRole(174)) - a0991bb0-d059-4b75-b34b-f0d320bfe012@group-84081C198BA3: changes role from CANDIDATE to FOLLOWER at term 7 for DISCOVERED_A_NEW_TERM
2019-09-24 19:06:25,294 [74a8c3a1-4d80-4c26-806c-1183f0126592@group-84081C198BA3:LeaderElection185] INFO  impl.RaftServerImpl (RaftServerImpl.java:setRole(174)) - 74a8c3a1-4d80-4c26-806c-1183f0126592@group-84081C198BA3: changes role from CANDIDATE to FOLLOWER at term 7 for DISCOVERED_A_NEW_TERM
2019-09-24 19:06:25,294 [a0991bb0-d059-4b75-b34b-f0d320bfe012@group-84081C198BA3:LeaderElection184] INFO  impl.RoleInfo (RoleInfo.java:shutdownLeaderElection(134)) - a0991bb0-d059-4b75-b34b-f0d320bfe012: shutdown LeaderElection
2019-09-24 19:06:25,295 [74a8c3a1-4d80-4c26-806c-1183f0126592@group-84081C198BA3:LeaderElection185] INFO  impl.RoleInfo (RoleInfo.java:shutdownLeaderElection(134)) - 74a8c3a1-4d80-4c26-806c-1183f0126592: shutdown LeaderElection
2019-09-24 19:06:25,295 [a0991bb0-d059-4b75-b34b-f0d320bfe012@group-84081C198BA3:LeaderElection184] INFO  impl.RoleInfo (RoleInfo.java:updateAndGet(143)) - a0991bb0-d059-4b75-b34b-f0d320bfe012: start FollowerState
2019-09-24 19:06:25,295 [74a8c3a1-4d80-4c26-806c-1183f0126592@group-84081C198BA3:LeaderElection185] INFO  impl.RoleInfo (RoleInfo.java:updateAndGet(143)) - 74a8c3a1-4d80-4c26-806c-1183f0126592: start FollowerState
2019-09-24 19:06:25,393 [grpc-default-executor-16] WARN  server.GrpcLogAppender (LogUtils.java:warn(134)) - a0991bb0-d059-4b75-b34b-f0d320bfe012@group-192AEBA694D5->b50c6779-182a-4abf-ac90-b7c5982ab67f-AppendLogResponseHandler: Failed appendEntries: org.apache.ratis.thirdparty.io.grpc.StatusRuntimeException: UNAVAILABLE: io exception
2019-09-24 19:06:25,394 [grpc-default-executor-16] INFO  impl.FollowerInfo (FollowerInfo.java:lambda$new$0(51)) - a0991bb0-d059-4b75-b34b-f0d320bfe012@group-192AEBA694D5->b50c6779-182a-4abf-ac90-b7c5982ab67f: nextIndex: updateUnconditionally 0 -> 0
2019-09-24 19:06:25,474 [Datanode State Machine Thread - 0] INFO  statemachine.DatanodeStateMachine (DatanodeStateMachine.java:lambda$startDaemon$0(350)) - Ozone container server started.
2019-09-24 19:06:25,634 [grpc-default-executor-16] WARN  server.GrpcLogAppender (LogUtils.java:warn(134)) - 74a8c3a1-4d80-4c26-806c-1183f0126592@group-9B209ADA5585->b50c6779-182a-4abf-ac90-b7c5982ab67f-AppendLogResponseHandler: Failed appendEntries: org.apache.ratis.thirdparty.io.grpc.StatusRuntimeException: UNAVAILABLE: io exception
2019-09-24 19:06:25,634 [grpc-default-executor-16] INFO  impl.FollowerInfo (FollowerInfo.java:lambda$new$0(51)) - 74a8c3a1-4d80-4c26-806c-1183f0126592@group-9B209ADA5585->b50c6779-182a-4abf-ac90-b7c5982ab67f: nextIndex: updateUnconditionally 0 -> 0
2019-09-24 19:06:25,896 [grpc-default-executor-13] WARN  server.GrpcLogAppender (LogUtils.java:warn(134)) - a0991bb0-d059-4b75-b34b-f0d320bfe012@group-192AEBA694D5->b50c6779-182a-4abf-ac90-b7c5982ab67f-AppendLogResponseHandler: Failed appendEntries: org.apache.ratis.thirdparty.io.grpc.StatusRuntimeException: UNAVAILABLE: io exception
2019-09-24 19:06:25,896 [grpc-default-executor-13] INFO  impl.FollowerInfo (FollowerInfo.java:lambda$new$0(51)) - a0991bb0-d059-4b75-b34b-f0d320bfe012@group-192AEBA694D5->b50c6779-182a-4abf-ac90-b7c5982ab67f: nextIndex: updateUnconditionally 0 -> 0
2019-09-24 19:06:26,136 [grpc-default-executor-10] WARN  server.GrpcLogAppender (LogUtils.java:warn(134)) - 74a8c3a1-4d80-4c26-806c-1183f0126592@group-9B209ADA5585->b50c6779-182a-4abf-ac90-b7c5982ab67f-AppendLogResponseHandler: Failed appendEntries: org.apache.ratis.thirdparty.io.grpc.StatusRuntimeException: UNAVAILABLE: io exception
2019-09-24 19:06:26,137 [grpc-default-executor-10] INFO  impl.FollowerInfo (FollowerInfo.java:lambda$new$0(51)) - 74a8c3a1-4d80-4c26-806c-1183f0126592@group-9B209ADA5585->b50c6779-182a-4abf-ac90-b7c5982ab67f: nextIndex: updateUnconditionally 0 -> 0
2019-09-24 19:06:26,350 [Thread-2801] INFO  impl.FollowerState (FollowerState.java:run(106)) - 74a8c3a1-4d80-4c26-806c-1183f0126592:group-84081C198BA3 changes to CANDIDATE, lastRpcTime:1054, electionTimeout:1054ms
2019-09-24 19:06:26,350 [Thread-2801] INFO  impl.RoleInfo (RoleInfo.java:shutdownFollowerState(121)) - 74a8c3a1-4d80-4c26-806c-1183f0126592: shutdown FollowerState
2019-09-24 19:06:26,350 [Thread-2801] INFO  impl.RaftServerImpl (RaftServerImpl.java:setRole(174)) - 74a8c3a1-4d80-4c26-806c-1183f0126592@group-84081C198BA3: changes role from  FOLLOWER to CANDIDATE at term 7 for changeToCandidate
2019-09-24 19:06:26,351 [Thread-2801] INFO  impl.RoleInfo (RoleInfo.java:updateAndGet(143)) - 74a8c3a1-4d80-4c26-806c-1183f0126592: start LeaderElection
2019-09-24 19:06:26,397 [grpc-default-executor-16] WARN  server.GrpcLogAppender (LogUtils.java:warn(134)) - a0991bb0-d059-4b75-b34b-f0d320bfe012@group-192AEBA694D5->b50c6779-182a-4abf-ac90-b7c5982ab67f-AppendLogResponseHandler: Failed appendEntries: org.apache.ratis.thirdparty.io.grpc.StatusRuntimeException: UNAVAILABLE: io exception
2019-09-24 19:06:26,397 [grpc-default-executor-16] INFO  impl.FollowerInfo (FollowerInfo.java:lambda$new$0(51)) - a0991bb0-d059-4b75-b34b-f0d320bfe012@group-192AEBA694D5->b50c6779-182a-4abf-ac90-b7c5982ab67f: nextIndex: updateUnconditionally 0 -> 0
2019-09-24 19:06:26,436 [Thread-2800] INFO  impl.FollowerState (FollowerState.java:run(106)) - a0991bb0-d059-4b75-b34b-f0d320bfe012:group-84081C198BA3 changes to CANDIDATE, lastRpcTime:1141, electionTimeout:1141ms
2019-09-24 19:06:26,437 [Thread-2800] INFO  impl.RoleInfo (RoleInfo.java:shutdownFollowerState(121)) - a0991bb0-d059-4b75-b34b-f0d320bfe012: shutdown FollowerState
2019-09-24 19:06:26,437 [Thread-2800] INFO  impl.RaftServerImpl (RaftServerImpl.java:setRole(174)) - a0991bb0-d059-4b75-b34b-f0d320bfe012@group-84081C198BA3: changes role from  FOLLOWER to CANDIDATE at term 7 for changeToCandidate
2019-09-24 19:06:26,437 [Thread-2800] INFO  impl.RoleInfo (RoleInfo.java:updateAndGet(143)) - a0991bb0-d059-4b75-b34b-f0d320bfe012: start LeaderElection
2019-09-24 19:06:26,637 [grpc-default-executor-16] WARN  server.GrpcLogAppender (LogUtils.java:warn(134)) - 74a8c3a1-4d80-4c26-806c-1183f0126592@group-9B209ADA5585->b50c6779-182a-4abf-ac90-b7c5982ab67f-AppendLogResponseHandler: Failed appendEntries: org.apache.ratis.thirdparty.io.grpc.StatusRuntimeException: UNAVAILABLE: io exception
2019-09-24 19:06:26,637 [grpc-default-executor-16] INFO  impl.FollowerInfo (FollowerInfo.java:lambda$new$0(51)) - 74a8c3a1-4d80-4c26-806c-1183f0126592@group-9B209ADA5585->b50c6779-182a-4abf-ac90-b7c5982ab67f: nextIndex: updateUnconditionally 0 -> 0
2019-09-24 19:06:26,848 [74a8c3a1-4d80-4c26-806c-1183f0126592@group-84081C198BA3:LeaderElection186] INFO  impl.LeaderElection (LeaderElection.java:askForVotes(182)) - 74a8c3a1-4d80-4c26-806c-1183f0126592@group-84081C198BA3:LeaderElection186: begin an election at term 8 for -1: [a0991bb0-d059-4b75-b34b-f0d320bfe012:192.168.5.148:46271, 74a8c3a1-4d80-4c26-806c-1183f0126592:192.168.5.148:44605, b50c6779-182a-4abf-ac90-b7c5982ab67f:192.168.5.148:46476], old=null
2019-09-24 19:06:26,848 [a0991bb0-d059-4b75-b34b-f0d320bfe012@group-84081C198BA3:LeaderElection187] INFO  impl.LeaderElection (LeaderElection.java:askForVotes(182)) - a0991bb0-d059-4b75-b34b-f0d320bfe012@group-84081C198BA3:LeaderElection187: begin an election at term 8 for -1: [a0991bb0-d059-4b75-b34b-f0d320bfe012:192.168.5.148:46271, 74a8c3a1-4d80-4c26-806c-1183f0126592:192.168.5.148:44605, b50c6779-182a-4abf-ac90-b7c5982ab67f:192.168.5.148:46476], old=null
2019-09-24 19:06:26,852 [74a8c3a1-4d80-4c26-806c-1183f0126592@group-84081C198BA3:LeaderElection186] INFO  impl.LeaderElection (LogUtils.java:infoOrTrace(149)) - 74a8c3a1-4d80-4c26-806c-1183f0126592@group-84081C198BA3:LeaderElection186 got exception when requesting votes: {}
java.util.concurrent.ExecutionException: org.apache.ratis.thirdparty.io.grpc.StatusRuntimeException: UNAVAILABLE: io exception
	at java.util.concurrent.FutureTask.report(FutureTask.java:122)
	at java.util.concurrent.FutureTask.get(FutureTask.java:192)
	at org.apache.ratis.server.impl.LeaderElection.waitForResults(LeaderElection.java:263)
	at org.apache.ratis.server.impl.LeaderElection.askForVotes(LeaderElection.java:201)
	at org.apache.ratis.server.impl.LeaderElection.run(LeaderElection.java:133)
	at java.lang.Thread.run(Thread.java:748)
Caused by: org.apache.ratis.thirdparty.io.grpc.StatusRuntimeException: UNAVAILABLE: io exception
	at org.apache.ratis.thirdparty.io.grpc.stub.ClientCalls.toStatusRuntimeException(ClientCalls.java:233)
	at org.apache.ratis.thirdparty.io.grpc.stub.ClientCalls.getUnchecked(ClientCalls.java:214)
	at org.apache.ratis.thirdparty.io.grpc.stub.ClientCalls.blockingUnaryCall(ClientCalls.java:139)
	at org.apache.ratis.proto.grpc.RaftServerProtocolServiceGrpc$RaftServerProtocolServiceBlockingStub.requestVote(RaftServerProtocolServiceGrpc.java:265)
	at org.apache.ratis.grpc.server.GrpcServerProtocolClient.requestVote(GrpcServerProtocolClient.java:90)
	at org.apache.ratis.grpc.server.GrpcService.requestVote(GrpcService.java:204)
	at org.apache.ratis.server.impl.LeaderElection.lambda$submitRequests$1(LeaderElection.java:238)
	at java.util.concurrent.FutureTask.run(FutureTask.java:266)
	at java.util.concurrent.Executors$RunnableAdapter.call(Executors.java:511)
	at java.util.concurrent.FutureTask.run(FutureTask.java:266)
	at java.util.concurrent.ThreadPoolExecutor.runWorker(ThreadPoolExecutor.java:1149)
	at java.util.concurrent.ThreadPoolExecutor$Worker.run(ThreadPoolExecutor.java:624)
	... 1 more
Caused by: org.apache.ratis.thirdparty.io.netty.channel.AbstractChannel$AnnotatedConnectException: Connection refused: /192.168.5.148:46476
	at sun.nio.ch.SocketChannelImpl.checkConnect(Native Method)
	at sun.nio.ch.SocketChannelImpl.finishConnect(SocketChannelImpl.java:717)
	at org.apache.ratis.thirdparty.io.netty.channel.socket.nio.NioSocketChannel.doFinishConnect(NioSocketChannel.java:327)
	at org.apache.ratis.thirdparty.io.netty.channel.nio.AbstractNioChannel$AbstractNioUnsafe.finishConnect(AbstractNioChannel.java:340)
	at org.apache.ratis.thirdparty.io.netty.channel.nio.NioEventLoop.processSelectedKey(NioEventLoop.java:632)
	at org.apache.ratis.thirdparty.io.netty.channel.nio.NioEventLoop.processSelectedKeysOptimized(NioEventLoop.java:579)
	at org.apache.ratis.thirdparty.io.netty.channel.nio.NioEventLoop.processSelectedKeys(NioEventLoop.java:496)
	at org.apache.ratis.thirdparty.io.netty.channel.nio.NioEventLoop.run(NioEventLoop.java:458)
	at org.apache.ratis.thirdparty.io.netty.util.concurrent.SingleThreadEventExecutor$5.run(SingleThreadEventExecutor.java:897)
	at org.apache.ratis.thirdparty.io.netty.util.concurrent.FastThreadLocalRunnable.run(FastThreadLocalRunnable.java:30)
	... 1 more
Caused by: java.net.ConnectException: Connection refused
	... 11 more
2019-09-24 19:06:26,857 [a0991bb0-d059-4b75-b34b-f0d320bfe012@group-84081C198BA3:LeaderElection187] INFO  impl.LeaderElection (LogUtils.java:infoOrTrace(149)) - a0991bb0-d059-4b75-b34b-f0d320bfe012@group-84081C198BA3:LeaderElection187 got exception when requesting votes: {}
java.util.concurrent.ExecutionException: org.apache.ratis.thirdparty.io.grpc.StatusRuntimeException: UNAVAILABLE: io exception
	at java.util.concurrent.FutureTask.report(FutureTask.java:122)
	at java.util.concurrent.FutureTask.get(FutureTask.java:192)
	at org.apache.ratis.server.impl.LeaderElection.waitForResults(LeaderElection.java:263)
	at org.apache.ratis.server.impl.LeaderElection.askForVotes(LeaderElection.java:201)
	at org.apache.ratis.server.impl.LeaderElection.run(LeaderElection.java:133)
	at java.lang.Thread.run(Thread.java:748)
Caused by: org.apache.ratis.thirdparty.io.grpc.StatusRuntimeException: UNAVAILABLE: io exception
	at org.apache.ratis.thirdparty.io.grpc.stub.ClientCalls.toStatusRuntimeException(ClientCalls.java:233)
	at org.apache.ratis.thirdparty.io.grpc.stub.ClientCalls.getUnchecked(ClientCalls.java:214)
	at org.apache.ratis.thirdparty.io.grpc.stub.ClientCalls.blockingUnaryCall(ClientCalls.java:139)
	at org.apache.ratis.proto.grpc.RaftServerProtocolServiceGrpc$RaftServerProtocolServiceBlockingStub.requestVote(RaftServerProtocolServiceGrpc.java:265)
	at org.apache.ratis.grpc.server.GrpcServerProtocolClient.requestVote(GrpcServerProtocolClient.java:90)
	at org.apache.ratis.grpc.server.GrpcService.requestVote(GrpcService.java:204)
	at org.apache.ratis.server.impl.LeaderElection.lambda$submitRequests$1(LeaderElection.java:238)
	at java.util.concurrent.FutureTask.run(FutureTask.java:266)
	at java.util.concurrent.Executors$RunnableAdapter.call(Executors.java:511)
	at java.util.concurrent.FutureTask.run(FutureTask.java:266)
	at java.util.concurrent.ThreadPoolExecutor.runWorker(ThreadPoolExecutor.java:1149)
	at java.util.concurrent.ThreadPoolExecutor$Worker.run(ThreadPoolExecutor.java:624)
	... 1 more
Caused by: org.apache.ratis.thirdparty.io.netty.channel.AbstractChannel$AnnotatedConnectException: Connection refused: /192.168.5.148:46476
	at sun.nio.ch.SocketChannelImpl.checkConnect(Native Method)
	at sun.nio.ch.SocketChannelImpl.finishConnect(SocketChannelImpl.java:717)
	at org.apache.ratis.thirdparty.io.netty.channel.socket.nio.NioSocketChannel.doFinishConnect(NioSocketChannel.java:327)
	at org.apache.ratis.thirdparty.io.netty.channel.nio.AbstractNioChannel$AbstractNioUnsafe.finishConnect(AbstractNioChannel.java:340)
	at org.apache.ratis.thirdparty.io.netty.channel.nio.NioEventLoop.processSelectedKey(NioEventLoop.java:632)
	at org.apache.ratis.thirdparty.io.netty.channel.nio.NioEventLoop.processSelectedKeysOptimized(NioEventLoop.java:579)
	at org.apache.ratis.thirdparty.io.netty.channel.nio.NioEventLoop.processSelectedKeys(NioEventLoop.java:496)
	at org.apache.ratis.thirdparty.io.netty.channel.nio.NioEventLoop.run(NioEventLoop.java:458)
	at org.apache.ratis.thirdparty.io.netty.util.concurrent.SingleThreadEventExecutor$5.run(SingleThreadEventExecutor.java:897)
	at org.apache.ratis.thirdparty.io.netty.util.concurrent.FastThreadLocalRunnable.run(FastThreadLocalRunnable.java:30)
	... 1 more
Caused by: java.net.ConnectException: Connection refused
	... 11 more
2019-09-24 19:06:26,859 [74a8c3a1-4d80-4c26-806c-1183f0126592@group-84081C198BA3:LeaderElection186] INFO  impl.LeaderElection (LeaderElection.java:logAndReturn(56)) - 74a8c3a1-4d80-4c26-806c-1183f0126592@group-84081C198BA3:LeaderElection186: Election REJECTED; received 1 response(s) [74a8c3a1-4d80-4c26-806c-1183f0126592<-a0991bb0-d059-4b75-b34b-f0d320bfe012#0:FAIL-t8] and 1 exception(s); 74a8c3a1-4d80-4c26-806c-1183f0126592@group-84081C198BA3:t8, leader=null, voted=74a8c3a1-4d80-4c26-806c-1183f0126592, raftlog=74a8c3a1-4d80-4c26-806c-1183f0126592@group-84081C198BA3-SegmentedRaftLog:OPENED:c-1,f-1,i0, conf=-1: [a0991bb0-d059-4b75-b34b-f0d320bfe012:192.168.5.148:46271, 74a8c3a1-4d80-4c26-806c-1183f0126592:192.168.5.148:44605, b50c6779-182a-4abf-ac90-b7c5982ab67f:192.168.5.148:46476], old=null
2019-09-24 19:06:26,860 [74a8c3a1-4d80-4c26-806c-1183f0126592@group-84081C198BA3:LeaderElection186] INFO  impl.LeaderElection (LogUtils.java:infoOrTrace(149)) -   Exception 0: {}
java.util.concurrent.ExecutionException: org.apache.ratis.thirdparty.io.grpc.StatusRuntimeException: UNAVAILABLE: io exception
	at java.util.concurrent.FutureTask.report(FutureTask.java:122)
	at java.util.concurrent.FutureTask.get(FutureTask.java:192)
	at org.apache.ratis.server.impl.LeaderElection.waitForResults(LeaderElection.java:263)
	at org.apache.ratis.server.impl.LeaderElection.askForVotes(LeaderElection.java:201)
	at org.apache.ratis.server.impl.LeaderElection.run(LeaderElection.java:133)
	at java.lang.Thread.run(Thread.java:748)
Caused by: org.apache.ratis.thirdparty.io.grpc.StatusRuntimeException: UNAVAILABLE: io exception
	at org.apache.ratis.thirdparty.io.grpc.stub.ClientCalls.toStatusRuntimeException(ClientCalls.java:233)
	at org.apache.ratis.thirdparty.io.grpc.stub.ClientCalls.getUnchecked(ClientCalls.java:214)
	at org.apache.ratis.thirdparty.io.grpc.stub.ClientCalls.blockingUnaryCall(ClientCalls.java:139)
	at org.apache.ratis.proto.grpc.RaftServerProtocolServiceGrpc$RaftServerProtocolServiceBlockingStub.requestVote(RaftServerProtocolServiceGrpc.java:265)
	at org.apache.ratis.grpc.server.GrpcServerProtocolClient.requestVote(GrpcServerProtocolClient.java:90)
	at org.apache.ratis.grpc.server.GrpcService.requestVote(GrpcService.java:204)
	at org.apache.ratis.server.impl.LeaderElection.lambda$submitRequests$1(LeaderElection.java:238)
	at java.util.concurrent.FutureTask.run(FutureTask.java:266)
	at java.util.concurrent.Executors$RunnableAdapter.call(Executors.java:511)
	at java.util.concurrent.FutureTask.run(FutureTask.java:266)
	at java.util.concurrent.ThreadPoolExecutor.runWorker(ThreadPoolExecutor.java:1149)
	at java.util.concurrent.ThreadPoolExecutor$Worker.run(ThreadPoolExecutor.java:624)
	... 1 more
Caused by: org.apache.ratis.thirdparty.io.netty.channel.AbstractChannel$AnnotatedConnectException: Connection refused: /192.168.5.148:46476
	at sun.nio.ch.SocketChannelImpl.checkConnect(Native Method)
	at sun.nio.ch.SocketChannelImpl.finishConnect(SocketChannelImpl.java:717)
	at org.apache.ratis.thirdparty.io.netty.channel.socket.nio.NioSocketChannel.doFinishConnect(NioSocketChannel.java:327)
	at org.apache.ratis.thirdparty.io.netty.channel.nio.AbstractNioChannel$AbstractNioUnsafe.finishConnect(AbstractNioChannel.java:340)
	at org.apache.ratis.thirdparty.io.netty.channel.nio.NioEventLoop.processSelectedKey(NioEventLoop.java:632)
	at org.apache.ratis.thirdparty.io.netty.channel.nio.NioEventLoop.processSelectedKeysOptimized(NioEventLoop.java:579)
	at org.apache.ratis.thirdparty.io.netty.channel.nio.NioEventLoop.processSelectedKeys(NioEventLoop.java:496)
	at org.apache.ratis.thirdparty.io.netty.channel.nio.NioEventLoop.run(NioEventLoop.java:458)
	at org.apache.ratis.thirdparty.io.netty.util.concurrent.SingleThreadEventExecutor$5.run(SingleThreadEventExecutor.java:897)
	at org.apache.ratis.thirdparty.io.netty.util.concurrent.FastThreadLocalRunnable.run(FastThreadLocalRunnable.java:30)
	... 1 more
Caused by: java.net.ConnectException: Connection refused
	... 11 more
2019-09-24 19:06:26,860 [a0991bb0-d059-4b75-b34b-f0d320bfe012@group-84081C198BA3:LeaderElection187] INFO  impl.LeaderElection (LeaderElection.java:logAndReturn(56)) - a0991bb0-d059-4b75-b34b-f0d320bfe012@group-84081C198BA3:LeaderElection187: Election REJECTED; received 1 response(s) [a0991bb0-d059-4b75-b34b-f0d320bfe012<-74a8c3a1-4d80-4c26-806c-1183f0126592#0:FAIL-t8] and 1 exception(s); a0991bb0-d059-4b75-b34b-f0d320bfe012@group-84081C198BA3:t8, leader=null, voted=a0991bb0-d059-4b75-b34b-f0d320bfe012, raftlog=a0991bb0-d059-4b75-b34b-f0d320bfe012@group-84081C198BA3-SegmentedRaftLog:OPENED:c-1,f-1,i0, conf=-1: [a0991bb0-d059-4b75-b34b-f0d320bfe012:192.168.5.148:46271, 74a8c3a1-4d80-4c26-806c-1183f0126592:192.168.5.148:44605, b50c6779-182a-4abf-ac90-b7c5982ab67f:192.168.5.148:46476], old=null
2019-09-24 19:06:26,860 [74a8c3a1-4d80-4c26-806c-1183f0126592@group-84081C198BA3:LeaderElection186] INFO  impl.RaftServerImpl (RaftServerImpl.java:setRole(174)) - 74a8c3a1-4d80-4c26-806c-1183f0126592@group-84081C198BA3: changes role from CANDIDATE to FOLLOWER at term 8 for DISCOVERED_A_NEW_TERM
2019-09-24 19:06:26,860 [a0991bb0-d059-4b75-b34b-f0d320bfe012@group-84081C198BA3:LeaderElection187] INFO  impl.LeaderElection (LogUtils.java:infoOrTrace(149)) -   Exception 0: {}
java.util.concurrent.ExecutionException: org.apache.ratis.thirdparty.io.grpc.StatusRuntimeException: UNAVAILABLE: io exception
	at java.util.concurrent.FutureTask.report(FutureTask.java:122)
	at java.util.concurrent.FutureTask.get(FutureTask.java:192)
	at org.apache.ratis.server.impl.LeaderElection.waitForResults(LeaderElection.java:263)
	at org.apache.ratis.server.impl.LeaderElection.askForVotes(LeaderElection.java:201)
	at org.apache.ratis.server.impl.LeaderElection.run(LeaderElection.java:133)
	at java.lang.Thread.run(Thread.java:748)
Caused by: org.apache.ratis.thirdparty.io.grpc.StatusRuntimeException: UNAVAILABLE: io exception
	at org.apache.ratis.thirdparty.io.grpc.stub.ClientCalls.toStatusRuntimeException(ClientCalls.java:233)
	at org.apache.ratis.thirdparty.io.grpc.stub.ClientCalls.getUnchecked(ClientCalls.java:214)
	at org.apache.ratis.thirdparty.io.grpc.stub.ClientCalls.blockingUnaryCall(ClientCalls.java:139)
	at org.apache.ratis.proto.grpc.RaftServerProtocolServiceGrpc$RaftServerProtocolServiceBlockingStub.requestVote(RaftServerProtocolServiceGrpc.java:265)
	at org.apache.ratis.grpc.server.GrpcServerProtocolClient.requestVote(GrpcServerProtocolClient.java:90)
	at org.apache.ratis.grpc.server.GrpcService.requestVote(GrpcService.java:204)
	at org.apache.ratis.server.impl.LeaderElection.lambda$submitRequests$1(LeaderElection.java:238)
	at java.util.concurrent.FutureTask.run(FutureTask.java:266)
	at java.util.concurrent.Executors$RunnableAdapter.call(Executors.java:511)
	at java.util.concurrent.FutureTask.run(FutureTask.java:266)
	at java.util.concurrent.ThreadPoolExecutor.runWorker(ThreadPoolExecutor.java:1149)
	at java.util.concurrent.ThreadPoolExecutor$Worker.run(ThreadPoolExecutor.java:624)
	... 1 more
Caused by: org.apache.ratis.thirdparty.io.netty.channel.AbstractChannel$AnnotatedConnectException: Connection refused: /192.168.5.148:46476
	at sun.nio.ch.SocketChannelImpl.checkConnect(Native Method)
	at sun.nio.ch.SocketChannelImpl.finishConnect(SocketChannelImpl.java:717)
	at org.apache.ratis.thirdparty.io.netty.channel.socket.nio.NioSocketChannel.doFinishConnect(NioSocketChannel.java:327)
	at org.apache.ratis.thirdparty.io.netty.channel.nio.AbstractNioChannel$AbstractNioUnsafe.finishConnect(AbstractNioChannel.java:340)
	at org.apache.ratis.thirdparty.io.netty.channel.nio.NioEventLoop.processSelectedKey(NioEventLoop.java:632)
	at org.apache.ratis.thirdparty.io.netty.channel.nio.NioEventLoop.processSelectedKeysOptimized(NioEventLoop.java:579)
	at org.apache.ratis.thirdparty.io.netty.channel.nio.NioEventLoop.processSelectedKeys(NioEventLoop.java:496)
	at org.apache.ratis.thirdparty.io.netty.channel.nio.NioEventLoop.run(NioEventLoop.java:458)
	at org.apache.ratis.thirdparty.io.netty.util.concurrent.SingleThreadEventExecutor$5.run(SingleThreadEventExecutor.java:897)
	at org.apache.ratis.thirdparty.io.netty.util.concurrent.FastThreadLocalRunnable.run(FastThreadLocalRunnable.java:30)
	... 1 more
Caused by: java.net.ConnectException: Connection refused
	... 11 more
2019-09-24 19:06:26,860 [74a8c3a1-4d80-4c26-806c-1183f0126592@group-84081C198BA3:LeaderElection186] INFO  impl.RoleInfo (RoleInfo.java:shutdownLeaderElection(134)) - 74a8c3a1-4d80-4c26-806c-1183f0126592: shutdown LeaderElection
2019-09-24 19:06:26,861 [a0991bb0-d059-4b75-b34b-f0d320bfe012@group-84081C198BA3:LeaderElection187] INFO  impl.RaftServerImpl (RaftServerImpl.java:setRole(174)) - a0991bb0-d059-4b75-b34b-f0d320bfe012@group-84081C198BA3: changes role from CANDIDATE to FOLLOWER at term 8 for DISCOVERED_A_NEW_TERM
2019-09-24 19:06:26,861 [74a8c3a1-4d80-4c26-806c-1183f0126592@group-84081C198BA3:LeaderElection186] INFO  impl.RoleInfo (RoleInfo.java:updateAndGet(143)) - 74a8c3a1-4d80-4c26-806c-1183f0126592: start FollowerState
2019-09-24 19:06:26,861 [a0991bb0-d059-4b75-b34b-f0d320bfe012@group-84081C198BA3:LeaderElection187] INFO  impl.RoleInfo (RoleInfo.java:shutdownLeaderElection(134)) - a0991bb0-d059-4b75-b34b-f0d320bfe012: shutdown LeaderElection
2019-09-24 19:06:26,861 [a0991bb0-d059-4b75-b34b-f0d320bfe012@group-84081C198BA3:LeaderElection187] INFO  impl.RoleInfo (RoleInfo.java:updateAndGet(143)) - a0991bb0-d059-4b75-b34b-f0d320bfe012: start FollowerState
2019-09-24 19:06:26,895 [grpc-default-executor-16] WARN  server.GrpcLogAppender (LogUtils.java:warn(134)) - a0991bb0-d059-4b75-b34b-f0d320bfe012@group-192AEBA694D5->b50c6779-182a-4abf-ac90-b7c5982ab67f-AppendLogResponseHandler: Failed appendEntries: org.apache.ratis.thirdparty.io.grpc.StatusRuntimeException: UNAVAILABLE: io exception
2019-09-24 19:06:26,896 [grpc-default-executor-16] INFO  impl.FollowerInfo (FollowerInfo.java:lambda$new$0(51)) - a0991bb0-d059-4b75-b34b-f0d320bfe012@group-192AEBA694D5->b50c6779-182a-4abf-ac90-b7c5982ab67f: nextIndex: updateUnconditionally 0 -> 0
2019-09-24 19:06:26,968 [main] INFO  ozoneimpl.OzoneContainer (OzoneContainer.java:stop(231)) - Attempting to stop container services.
2019-09-24 19:06:26,969 [main] INFO  impl.RaftServerProxy (RaftServerProxy.java:lambda$close$4(314)) - 21dd7c1e-3796-40f7-8b6d-6a90f90938b2: close
2019-09-24 19:06:26,970 [main] INFO  server.GrpcService (GrpcService.java:closeImpl(164)) - 21dd7c1e-3796-40f7-8b6d-6a90f90938b2: shutdown server with port 42179 now
2019-09-24 19:06:26,970 [main] INFO  server.GrpcService (GrpcService.java:closeImpl(172)) - 21dd7c1e-3796-40f7-8b6d-6a90f90938b2: shutdown server with port 42179 successfully
2019-09-24 19:06:26,973 [refreshUsed-/workdir/hadoop-ozone/integration-test/target/test-dir/MiniOzoneClusterImpl-136902ad-9ad3-4579-ab1e-826ed1576804/datanode-9/data/containers] WARN  fs.CachingGetSpaceUsed (CachingGetSpaceUsed.java:run(183)) - Thread Interrupted waiting to refresh disk information: sleep interrupted
2019-09-24 19:06:26,993 [main] INFO  utils.BackgroundService (BackgroundService.java:shutdown(148)) - Shutting down service BlockDeletingService
2019-09-24 19:06:26,999 [main] INFO  statemachine.DatanodeStateMachine (DatanodeStateMachine.java:stopDaemon(395)) - Ozone container server stopped.
2019-09-24 19:06:27,000 [main] INFO  handler.ContextHandler (ContextHandler.java:doStop(910)) - Stopped o.e.j.w.WebAppContext@2c18a3ea{/,null,UNAVAILABLE}{/hddsDatanode}
2019-09-24 19:06:27,002 [main] INFO  server.AbstractConnector (AbstractConnector.java:doStop(318)) - Stopped ServerConnector@166c2c17{HTTP/1.1,[http/1.1]}{0.0.0.0:0}
2019-09-24 19:06:27,002 [main] INFO  handler.ContextHandler (ContextHandler.java:doStop(910)) - Stopped o.e.j.s.ServletContextHandler@498c535d{/static,jar:file:/home/user/.m2/repository/org/apache/hadoop/hadoop-hdds-container-service/0.5.0-SNAPSHOT/hadoop-hdds-container-service-0.5.0-SNAPSHOT.jar!/webapps/static,UNAVAILABLE}
2019-09-24 19:06:27,003 [main] INFO  handler.ContextHandler (ContextHandler.java:doStop(910)) - Stopped o.e.j.s.ServletContextHandler@2dfeb141{/logs,file:///workdir/hadoop-ozone/integration-test/target/log,UNAVAILABLE}
2019-09-24 19:06:27,136 [grpc-default-executor-16] WARN  server.GrpcLogAppender (LogUtils.java:warn(134)) - 74a8c3a1-4d80-4c26-806c-1183f0126592@group-9B209ADA5585->b50c6779-182a-4abf-ac90-b7c5982ab67f-AppendLogResponseHandler: Failed appendEntries: org.apache.ratis.thirdparty.io.grpc.StatusRuntimeException: UNAVAILABLE: io exception
2019-09-24 19:06:27,136 [grpc-default-executor-16] INFO  impl.FollowerInfo (FollowerInfo.java:lambda$new$0(51)) - 74a8c3a1-4d80-4c26-806c-1183f0126592@group-9B209ADA5585->b50c6779-182a-4abf-ac90-b7c5982ab67f: nextIndex: updateUnconditionally 0 -> 0
2019-09-24 19:06:27,398 [grpc-default-executor-16] WARN  server.GrpcLogAppender (LogUtils.java:warn(134)) - a0991bb0-d059-4b75-b34b-f0d320bfe012@group-192AEBA694D5->b50c6779-182a-4abf-ac90-b7c5982ab67f-AppendLogResponseHandler: Failed appendEntries: org.apache.ratis.thirdparty.io.grpc.StatusRuntimeException: UNAVAILABLE: io exception
2019-09-24 19:06:27,398 [grpc-default-executor-16] INFO  impl.FollowerInfo (FollowerInfo.java:lambda$new$0(51)) - a0991bb0-d059-4b75-b34b-f0d320bfe012@group-192AEBA694D5->b50c6779-182a-4abf-ac90-b7c5982ab67f: nextIndex: updateUnconditionally 0 -> 0
2019-09-24 19:06:27,638 [grpc-default-executor-16] WARN  server.GrpcLogAppender (LogUtils.java:warn(134)) - 74a8c3a1-4d80-4c26-806c-1183f0126592@group-9B209ADA5585->b50c6779-182a-4abf-ac90-b7c5982ab67f-AppendLogResponseHandler: Failed appendEntries: org.apache.ratis.thirdparty.io.grpc.StatusRuntimeException: UNAVAILABLE: io exception
2019-09-24 19:06:27,638 [grpc-default-executor-16] INFO  impl.FollowerInfo (FollowerInfo.java:lambda$new$0(51)) - 74a8c3a1-4d80-4c26-806c-1183f0126592@group-9B209ADA5585->b50c6779-182a-4abf-ac90-b7c5982ab67f: nextIndex: updateUnconditionally 0 -> 0
2019-09-24 19:06:27,898 [grpc-default-executor-16] WARN  server.GrpcLogAppender (LogUtils.java:warn(134)) - a0991bb0-d059-4b75-b34b-f0d320bfe012@group-192AEBA694D5->b50c6779-182a-4abf-ac90-b7c5982ab67f-AppendLogResponseHandler: Failed appendEntries: org.apache.ratis.thirdparty.io.grpc.StatusRuntimeException: UNAVAILABLE: io exception
2019-09-24 19:06:27,899 [grpc-default-executor-16] INFO  impl.FollowerInfo (FollowerInfo.java:lambda$new$0(51)) - a0991bb0-d059-4b75-b34b-f0d320bfe012@group-192AEBA694D5->b50c6779-182a-4abf-ac90-b7c5982ab67f: nextIndex: updateUnconditionally 0 -> 0
2019-09-24 19:06:27,930 [Thread-2815] INFO  impl.FollowerState (FollowerState.java:run(106)) - a0991bb0-d059-4b75-b34b-f0d320bfe012:group-84081C198BA3 changes to CANDIDATE, lastRpcTime:1068, electionTimeout:1068ms
2019-09-24 19:06:27,930 [Thread-2815] INFO  impl.RoleInfo (RoleInfo.java:shutdownFollowerState(121)) - a0991bb0-d059-4b75-b34b-f0d320bfe012: shutdown FollowerState
2019-09-24 19:06:27,930 [Thread-2815] INFO  impl.RaftServerImpl (RaftServerImpl.java:setRole(174)) - a0991bb0-d059-4b75-b34b-f0d320bfe012@group-84081C198BA3: changes role from  FOLLOWER to CANDIDATE at term 8 for changeToCandidate
2019-09-24 19:06:27,931 [Thread-2815] INFO  impl.RoleInfo (RoleInfo.java:updateAndGet(143)) - a0991bb0-d059-4b75-b34b-f0d320bfe012: start LeaderElection
2019-09-24 19:06:27,945 [Datanode State Machine Thread - 0] INFO  statemachine.DatanodeStateMachine (DatanodeStateMachine.java:lambda$startDaemon$0(350)) - Ozone container server started.
2019-09-24 19:06:27,947 [Thread-2814] INFO  impl.FollowerState (FollowerState.java:run(106)) - 74a8c3a1-4d80-4c26-806c-1183f0126592:group-84081C198BA3 changes to CANDIDATE, lastRpcTime:1085, electionTimeout:1085ms
2019-09-24 19:06:27,947 [Thread-2814] INFO  impl.RoleInfo (RoleInfo.java:shutdownFollowerState(121)) - 74a8c3a1-4d80-4c26-806c-1183f0126592: shutdown FollowerState
2019-09-24 19:06:27,947 [Thread-2814] INFO  impl.RaftServerImpl (RaftServerImpl.java:setRole(174)) - 74a8c3a1-4d80-4c26-806c-1183f0126592@group-84081C198BA3: changes role from  FOLLOWER to CANDIDATE at term 8 for changeToCandidate
2019-09-24 19:06:27,947 [Thread-2814] INFO  impl.RoleInfo (RoleInfo.java:updateAndGet(143)) - 74a8c3a1-4d80-4c26-806c-1183f0126592: start LeaderElection
2019-09-24 19:06:28,139 [grpc-default-executor-13] WARN  server.GrpcLogAppender (LogUtils.java:warn(134)) - 74a8c3a1-4d80-4c26-806c-1183f0126592@group-9B209ADA5585->b50c6779-182a-4abf-ac90-b7c5982ab67f-AppendLogResponseHandler: Failed appendEntries: org.apache.ratis.thirdparty.io.grpc.StatusRuntimeException: UNAVAILABLE: io exception
2019-09-24 19:06:28,140 [grpc-default-executor-13] INFO  impl.FollowerInfo (FollowerInfo.java:lambda$new$0(51)) - 74a8c3a1-4d80-4c26-806c-1183f0126592@group-9B209ADA5585->b50c6779-182a-4abf-ac90-b7c5982ab67f: nextIndex: updateUnconditionally 0 -> 0
2019-09-24 19:06:28,261 [74a8c3a1-4d80-4c26-806c-1183f0126592@group-84081C198BA3:LeaderElection189] INFO  impl.LeaderElection (LeaderElection.java:askForVotes(182)) - 74a8c3a1-4d80-4c26-806c-1183f0126592@group-84081C198BA3:LeaderElection189: begin an election at term 9 for -1: [a0991bb0-d059-4b75-b34b-f0d320bfe012:192.168.5.148:46271, 74a8c3a1-4d80-4c26-806c-1183f0126592:192.168.5.148:44605, b50c6779-182a-4abf-ac90-b7c5982ab67f:192.168.5.148:46476], old=null
2019-09-24 19:06:28,261 [a0991bb0-d059-4b75-b34b-f0d320bfe012@group-84081C198BA3:LeaderElection188] INFO  impl.LeaderElection (LeaderElection.java:askForVotes(182)) - a0991bb0-d059-4b75-b34b-f0d320bfe012@group-84081C198BA3:LeaderElection188: begin an election at term 9 for -1: [a0991bb0-d059-4b75-b34b-f0d320bfe012:192.168.5.148:46271, 74a8c3a1-4d80-4c26-806c-1183f0126592:192.168.5.148:44605, b50c6779-182a-4abf-ac90-b7c5982ab67f:192.168.5.148:46476], old=null
2019-09-24 19:06:28,265 [a0991bb0-d059-4b75-b34b-f0d320bfe012@group-84081C198BA3:LeaderElection188] INFO  impl.LeaderElection (LogUtils.java:infoOrTrace(149)) - a0991bb0-d059-4b75-b34b-f0d320bfe012@group-84081C198BA3:LeaderElection188 got exception when requesting votes: {}
java.util.concurrent.ExecutionException: org.apache.ratis.thirdparty.io.grpc.StatusRuntimeException: UNAVAILABLE: io exception
	at java.util.concurrent.FutureTask.report(FutureTask.java:122)
	at java.util.concurrent.FutureTask.get(FutureTask.java:192)
	at org.apache.ratis.server.impl.LeaderElection.waitForResults(LeaderElection.java:263)
	at org.apache.ratis.server.impl.LeaderElection.askForVotes(LeaderElection.java:201)
	at org.apache.ratis.server.impl.LeaderElection.run(LeaderElection.java:133)
	at java.lang.Thread.run(Thread.java:748)
Caused by: org.apache.ratis.thirdparty.io.grpc.StatusRuntimeException: UNAVAILABLE: io exception
	at org.apache.ratis.thirdparty.io.grpc.stub.ClientCalls.toStatusRuntimeException(ClientCalls.java:233)
	at org.apache.ratis.thirdparty.io.grpc.stub.ClientCalls.getUnchecked(ClientCalls.java:214)
	at org.apache.ratis.thirdparty.io.grpc.stub.ClientCalls.blockingUnaryCall(ClientCalls.java:139)
	at org.apache.ratis.proto.grpc.RaftServerProtocolServiceGrpc$RaftServerProtocolServiceBlockingStub.requestVote(RaftServerProtocolServiceGrpc.java:265)
	at org.apache.ratis.grpc.server.GrpcServerProtocolClient.requestVote(GrpcServerProtocolClient.java:90)
	at org.apache.ratis.grpc.server.GrpcService.requestVote(GrpcService.java:204)
	at org.apache.ratis.server.impl.LeaderElection.lambda$submitRequests$1(LeaderElection.java:238)
	at java.util.concurrent.FutureTask.run(FutureTask.java:266)
	at java.util.concurrent.Executors$RunnableAdapter.call(Executors.java:511)
	at java.util.concurrent.FutureTask.run(FutureTask.java:266)
	at java.util.concurrent.ThreadPoolExecutor.runWorker(ThreadPoolExecutor.java:1149)
	at java.util.concurrent.ThreadPoolExecutor$Worker.run(ThreadPoolExecutor.java:624)
	... 1 more
Caused by: org.apache.ratis.thirdparty.io.netty.channel.AbstractChannel$AnnotatedConnectException: Connection refused: /192.168.5.148:46476
	at sun.nio.ch.SocketChannelImpl.checkConnect(Native Method)
	at sun.nio.ch.SocketChannelImpl.finishConnect(SocketChannelImpl.java:717)
	at org.apache.ratis.thirdparty.io.netty.channel.socket.nio.NioSocketChannel.doFinishConnect(NioSocketChannel.java:327)
	at org.apache.ratis.thirdparty.io.netty.channel.nio.AbstractNioChannel$AbstractNioUnsafe.finishConnect(AbstractNioChannel.java:340)
	at org.apache.ratis.thirdparty.io.netty.channel.nio.NioEventLoop.processSelectedKey(NioEventLoop.java:632)
	at org.apache.ratis.thirdparty.io.netty.channel.nio.NioEventLoop.processSelectedKeysOptimized(NioEventLoop.java:579)
	at org.apache.ratis.thirdparty.io.netty.channel.nio.NioEventLoop.processSelectedKeys(NioEventLoop.java:496)
	at org.apache.ratis.thirdparty.io.netty.channel.nio.NioEventLoop.run(NioEventLoop.java:458)
	at org.apache.ratis.thirdparty.io.netty.util.concurrent.SingleThreadEventExecutor$5.run(SingleThreadEventExecutor.java:897)
	at org.apache.ratis.thirdparty.io.netty.util.concurrent.FastThreadLocalRunnable.run(FastThreadLocalRunnable.java:30)
	... 1 more
Caused by: java.net.ConnectException: Connection refused
	... 11 more
2019-09-24 19:06:28,265 [74a8c3a1-4d80-4c26-806c-1183f0126592@group-84081C198BA3:LeaderElection189] INFO  impl.LeaderElection (LogUtils.java:infoOrTrace(149)) - 74a8c3a1-4d80-4c26-806c-1183f0126592@group-84081C198BA3:LeaderElection189 got exception when requesting votes: {}
java.util.concurrent.ExecutionException: org.apache.ratis.thirdparty.io.grpc.StatusRuntimeException: UNAVAILABLE: io exception
	at java.util.concurrent.FutureTask.report(FutureTask.java:122)
	at java.util.concurrent.FutureTask.get(FutureTask.java:192)
	at org.apache.ratis.server.impl.LeaderElection.waitForResults(LeaderElection.java:263)
	at org.apache.ratis.server.impl.LeaderElection.askForVotes(LeaderElection.java:201)
	at org.apache.ratis.server.impl.LeaderElection.run(LeaderElection.java:133)
	at java.lang.Thread.run(Thread.java:748)
Caused by: org.apache.ratis.thirdparty.io.grpc.StatusRuntimeException: UNAVAILABLE: io exception
	at org.apache.ratis.thirdparty.io.grpc.stub.ClientCalls.toStatusRuntimeException(ClientCalls.java:233)
	at org.apache.ratis.thirdparty.io.grpc.stub.ClientCalls.getUnchecked(ClientCalls.java:214)
	at org.apache.ratis.thirdparty.io.grpc.stub.ClientCalls.blockingUnaryCall(ClientCalls.java:139)
	at org.apache.ratis.proto.grpc.RaftServerProtocolServiceGrpc$RaftServerProtocolServiceBlockingStub.requestVote(RaftServerProtocolServiceGrpc.java:265)
	at org.apache.ratis.grpc.server.GrpcServerProtocolClient.requestVote(GrpcServerProtocolClient.java:90)
	at org.apache.ratis.grpc.server.GrpcService.requestVote(GrpcService.java:204)
	at org.apache.ratis.server.impl.LeaderElection.lambda$submitRequests$1(LeaderElection.java:238)
	at java.util.concurrent.FutureTask.run(FutureTask.java:266)
	at java.util.concurrent.Executors$RunnableAdapter.call(Executors.java:511)
	at java.util.concurrent.FutureTask.run(FutureTask.java:266)
	at java.util.concurrent.ThreadPoolExecutor.runWorker(ThreadPoolExecutor.java:1149)
	at java.util.concurrent.ThreadPoolExecutor$Worker.run(ThreadPoolExecutor.java:624)
	... 1 more
Caused by: org.apache.ratis.thirdparty.io.netty.channel.AbstractChannel$AnnotatedConnectException: Connection refused: /192.168.5.148:46476
	at sun.nio.ch.SocketChannelImpl.checkConnect(Native Method)
	at sun.nio.ch.SocketChannelImpl.finishConnect(SocketChannelImpl.java:717)
	at org.apache.ratis.thirdparty.io.netty.channel.socket.nio.NioSocketChannel.doFinishConnect(NioSocketChannel.java:327)
	at org.apache.ratis.thirdparty.io.netty.channel.nio.AbstractNioChannel$AbstractNioUnsafe.finishConnect(AbstractNioChannel.java:340)
	at org.apache.ratis.thirdparty.io.netty.channel.nio.NioEventLoop.processSelectedKey(NioEventLoop.java:632)
	at org.apache.ratis.thirdparty.io.netty.channel.nio.NioEventLoop.processSelectedKeysOptimized(NioEventLoop.java:579)
	at org.apache.ratis.thirdparty.io.netty.channel.nio.NioEventLoop.processSelectedKeys(NioEventLoop.java:496)
	at org.apache.ratis.thirdparty.io.netty.channel.nio.NioEventLoop.run(NioEventLoop.java:458)
	at org.apache.ratis.thirdparty.io.netty.util.concurrent.SingleThreadEventExecutor$5.run(SingleThreadEventExecutor.java:897)
	at org.apache.ratis.thirdparty.io.netty.util.concurrent.FastThreadLocalRunnable.run(FastThreadLocalRunnable.java:30)
	... 1 more
Caused by: java.net.ConnectException: Connection refused
	... 11 more
2019-09-24 19:06:28,275 [a0991bb0-d059-4b75-b34b-f0d320bfe012@group-84081C198BA3:LeaderElection188] INFO  impl.LeaderElection (LeaderElection.java:logAndReturn(56)) - a0991bb0-d059-4b75-b34b-f0d320bfe012@group-84081C198BA3:LeaderElection188: Election REJECTED; received 1 response(s) [a0991bb0-d059-4b75-b34b-f0d320bfe012<-74a8c3a1-4d80-4c26-806c-1183f0126592#0:FAIL-t9] and 1 exception(s); a0991bb0-d059-4b75-b34b-f0d320bfe012@group-84081C198BA3:t9, leader=null, voted=a0991bb0-d059-4b75-b34b-f0d320bfe012, raftlog=a0991bb0-d059-4b75-b34b-f0d320bfe012@group-84081C198BA3-SegmentedRaftLog:OPENED:c-1,f-1,i0, conf=-1: [a0991bb0-d059-4b75-b34b-f0d320bfe012:192.168.5.148:46271, 74a8c3a1-4d80-4c26-806c-1183f0126592:192.168.5.148:44605, b50c6779-182a-4abf-ac90-b7c5982ab67f:192.168.5.148:46476], old=null
2019-09-24 19:06:28,275 [74a8c3a1-4d80-4c26-806c-1183f0126592@group-84081C198BA3:LeaderElection189] INFO  impl.LeaderElection (LeaderElection.java:logAndReturn(56)) - 74a8c3a1-4d80-4c26-806c-1183f0126592@group-84081C198BA3:LeaderElection189: Election REJECTED; received 1 response(s) [74a8c3a1-4d80-4c26-806c-1183f0126592<-a0991bb0-d059-4b75-b34b-f0d320bfe012#0:FAIL-t9] and 1 exception(s); 74a8c3a1-4d80-4c26-806c-1183f0126592@group-84081C198BA3:t9, leader=null, voted=74a8c3a1-4d80-4c26-806c-1183f0126592, raftlog=74a8c3a1-4d80-4c26-806c-1183f0126592@group-84081C198BA3-SegmentedRaftLog:OPENED:c-1,f-1,i0, conf=-1: [a0991bb0-d059-4b75-b34b-f0d320bfe012:192.168.5.148:46271, 74a8c3a1-4d80-4c26-806c-1183f0126592:192.168.5.148:44605, b50c6779-182a-4abf-ac90-b7c5982ab67f:192.168.5.148:46476], old=null
2019-09-24 19:06:28,275 [a0991bb0-d059-4b75-b34b-f0d320bfe012@group-84081C198BA3:LeaderElection188] INFO  impl.LeaderElection (LogUtils.java:infoOrTrace(149)) -   Exception 0: {}
java.util.concurrent.ExecutionException: org.apache.ratis.thirdparty.io.grpc.StatusRuntimeException: UNAVAILABLE: io exception
	at java.util.concurrent.FutureTask.report(FutureTask.java:122)
	at java.util.concurrent.FutureTask.get(FutureTask.java:192)
	at org.apache.ratis.server.impl.LeaderElection.waitForResults(LeaderElection.java:263)
	at org.apache.ratis.server.impl.LeaderElection.askForVotes(LeaderElection.java:201)
	at org.apache.ratis.server.impl.LeaderElection.run(LeaderElection.java:133)
	at java.lang.Thread.run(Thread.java:748)
Caused by: org.apache.ratis.thirdparty.io.grpc.StatusRuntimeException: UNAVAILABLE: io exception
	at org.apache.ratis.thirdparty.io.grpc.stub.ClientCalls.toStatusRuntimeException(ClientCalls.java:233)
	at org.apache.ratis.thirdparty.io.grpc.stub.ClientCalls.getUnchecked(ClientCalls.java:214)
	at org.apache.ratis.thirdparty.io.grpc.stub.ClientCalls.blockingUnaryCall(ClientCalls.java:139)
	at org.apache.ratis.proto.grpc.RaftServerProtocolServiceGrpc$RaftServerProtocolServiceBlockingStub.requestVote(RaftServerProtocolServiceGrpc.java:265)
	at org.apache.ratis.grpc.server.GrpcServerProtocolClient.requestVote(GrpcServerProtocolClient.java:90)
	at org.apache.ratis.grpc.server.GrpcService.requestVote(GrpcService.java:204)
	at org.apache.ratis.server.impl.LeaderElection.lambda$submitRequests$1(LeaderElection.java:238)
	at java.util.concurrent.FutureTask.run(FutureTask.java:266)
	at java.util.concurrent.Executors$RunnableAdapter.call(Executors.java:511)
	at java.util.concurrent.FutureTask.run(FutureTask.java:266)
	at java.util.concurrent.ThreadPoolExecutor.runWorker(ThreadPoolExecutor.java:1149)
	at java.util.concurrent.ThreadPoolExecutor$Worker.run(ThreadPoolExecutor.java:624)
	... 1 more
Caused by: org.apache.ratis.thirdparty.io.netty.channel.AbstractChannel$AnnotatedConnectException: Connection refused: /192.168.5.148:46476
	at sun.nio.ch.SocketChannelImpl.checkConnect(Native Method)
	at sun.nio.ch.SocketChannelImpl.finishConnect(SocketChannelImpl.java:717)
	at org.apache.ratis.thirdparty.io.netty.channel.socket.nio.NioSocketChannel.doFinishConnect(NioSocketChannel.java:327)
	at org.apache.ratis.thirdparty.io.netty.channel.nio.AbstractNioChannel$AbstractNioUnsafe.finishConnect(AbstractNioChannel.java:340)
	at org.apache.ratis.thirdparty.io.netty.channel.nio.NioEventLoop.processSelectedKey(NioEventLoop.java:632)
	at org.apache.ratis.thirdparty.io.netty.channel.nio.NioEventLoop.processSelectedKeysOptimized(NioEventLoop.java:579)
	at org.apache.ratis.thirdparty.io.netty.channel.nio.NioEventLoop.processSelectedKeys(NioEventLoop.java:496)
	at org.apache.ratis.thirdparty.io.netty.channel.nio.NioEventLoop.run(NioEventLoop.java:458)
	at org.apache.ratis.thirdparty.io.netty.util.concurrent.SingleThreadEventExecutor$5.run(SingleThreadEventExecutor.java:897)
	at org.apache.ratis.thirdparty.io.netty.util.concurrent.FastThreadLocalRunnable.run(FastThreadLocalRunnable.java:30)
	... 1 more
Caused by: java.net.ConnectException: Connection refused
	... 11 more
2019-09-24 19:06:28,275 [74a8c3a1-4d80-4c26-806c-1183f0126592@group-84081C198BA3:LeaderElection189] INFO  impl.LeaderElection (LogUtils.java:infoOrTrace(149)) -   Exception 0: {}
java.util.concurrent.ExecutionException: org.apache.ratis.thirdparty.io.grpc.StatusRuntimeException: UNAVAILABLE: io exception
	at java.util.concurrent.FutureTask.report(FutureTask.java:122)
	at java.util.concurrent.FutureTask.get(FutureTask.java:192)
	at org.apache.ratis.server.impl.LeaderElection.waitForResults(LeaderElection.java:263)
	at org.apache.ratis.server.impl.LeaderElection.askForVotes(LeaderElection.java:201)
	at org.apache.ratis.server.impl.LeaderElection.run(LeaderElection.java:133)
	at java.lang.Thread.run(Thread.java:748)
Caused by: org.apache.ratis.thirdparty.io.grpc.StatusRuntimeException: UNAVAILABLE: io exception
	at org.apache.ratis.thirdparty.io.grpc.stub.ClientCalls.toStatusRuntimeException(ClientCalls.java:233)
	at org.apache.ratis.thirdparty.io.grpc.stub.ClientCalls.getUnchecked(ClientCalls.java:214)
	at org.apache.ratis.thirdparty.io.grpc.stub.ClientCalls.blockingUnaryCall(ClientCalls.java:139)
	at org.apache.ratis.proto.grpc.RaftServerProtocolServiceGrpc$RaftServerProtocolServiceBlockingStub.requestVote(RaftServerProtocolServiceGrpc.java:265)
	at org.apache.ratis.grpc.server.GrpcServerProtocolClient.requestVote(GrpcServerProtocolClient.java:90)
	at org.apache.ratis.grpc.server.GrpcService.requestVote(GrpcService.java:204)
	at org.apache.ratis.server.impl.LeaderElection.lambda$submitRequests$1(LeaderElection.java:238)
	at java.util.concurrent.FutureTask.run(FutureTask.java:266)
	at java.util.concurrent.Executors$RunnableAdapter.call(Executors.java:511)
	at java.util.concurrent.FutureTask.run(FutureTask.java:266)
	at java.util.concurrent.ThreadPoolExecutor.runWorker(ThreadPoolExecutor.java:1149)
	at java.util.concurrent.ThreadPoolExecutor$Worker.run(ThreadPoolExecutor.java:624)
	... 1 more
Caused by: org.apache.ratis.thirdparty.io.netty.channel.AbstractChannel$AnnotatedConnectException: Connection refused: /192.168.5.148:46476
	at sun.nio.ch.SocketChannelImpl.checkConnect(Native Method)
	at sun.nio.ch.SocketChannelImpl.finishConnect(SocketChannelImpl.java:717)
	at org.apache.ratis.thirdparty.io.netty.channel.socket.nio.NioSocketChannel.doFinishConnect(NioSocketChannel.java:327)
	at org.apache.ratis.thirdparty.io.netty.channel.nio.AbstractNioChannel$AbstractNioUnsafe.finishConnect(AbstractNioChannel.java:340)
	at org.apache.ratis.thirdparty.io.netty.channel.nio.NioEventLoop.processSelectedKey(NioEventLoop.java:632)
	at org.apache.ratis.thirdparty.io.netty.channel.nio.NioEventLoop.processSelectedKeysOptimized(NioEventLoop.java:579)
	at org.apache.ratis.thirdparty.io.netty.channel.nio.NioEventLoop.processSelectedKeys(NioEventLoop.java:496)
	at org.apache.ratis.thirdparty.io.netty.channel.nio.NioEventLoop.run(NioEventLoop.java:458)
	at org.apache.ratis.thirdparty.io.netty.util.concurrent.SingleThreadEventExecutor$5.run(SingleThreadEventExecutor.java:897)
	at org.apache.ratis.thirdparty.io.netty.util.concurrent.FastThreadLocalRunnable.run(FastThreadLocalRunnable.java:30)
	... 1 more
Caused by: java.net.ConnectException: Connection refused
	... 11 more
2019-09-24 19:06:28,276 [a0991bb0-d059-4b75-b34b-f0d320bfe012@group-84081C198BA3:LeaderElection188] INFO  impl.RaftServerImpl (RaftServerImpl.java:setRole(174)) - a0991bb0-d059-4b75-b34b-f0d320bfe012@group-84081C198BA3: changes role from CANDIDATE to FOLLOWER at term 9 for DISCOVERED_A_NEW_TERM
2019-09-24 19:06:28,276 [74a8c3a1-4d80-4c26-806c-1183f0126592@group-84081C198BA3:LeaderElection189] INFO  impl.RaftServerImpl (RaftServerImpl.java:setRole(174)) - 74a8c3a1-4d80-4c26-806c-1183f0126592@group-84081C198BA3: changes role from CANDIDATE to FOLLOWER at term 9 for DISCOVERED_A_NEW_TERM
2019-09-24 19:06:28,276 [a0991bb0-d059-4b75-b34b-f0d320bfe012@group-84081C198BA3:LeaderElection188] INFO  impl.RoleInfo (RoleInfo.java:shutdownLeaderElection(134)) - a0991bb0-d059-4b75-b34b-f0d320bfe012: shutdown LeaderElection
2019-09-24 19:06:28,277 [74a8c3a1-4d80-4c26-806c-1183f0126592@group-84081C198BA3:LeaderElection189] INFO  impl.RoleInfo (RoleInfo.java:shutdownLeaderElection(134)) - 74a8c3a1-4d80-4c26-806c-1183f0126592: shutdown LeaderElection
2019-09-24 19:06:28,277 [a0991bb0-d059-4b75-b34b-f0d320bfe012@group-84081C198BA3:LeaderElection188] INFO  impl.RoleInfo (RoleInfo.java:updateAndGet(143)) - a0991bb0-d059-4b75-b34b-f0d320bfe012: start FollowerState
2019-09-24 19:06:28,277 [74a8c3a1-4d80-4c26-806c-1183f0126592@group-84081C198BA3:LeaderElection189] INFO  impl.RoleInfo (RoleInfo.java:updateAndGet(143)) - 74a8c3a1-4d80-4c26-806c-1183f0126592: start FollowerState
2019-09-24 19:06:28,397 [grpc-default-executor-16] WARN  server.GrpcLogAppender (LogUtils.java:warn(134)) - a0991bb0-d059-4b75-b34b-f0d320bfe012@group-192AEBA694D5->b50c6779-182a-4abf-ac90-b7c5982ab67f-AppendLogResponseHandler: Failed appendEntries: org.apache.ratis.thirdparty.io.grpc.StatusRuntimeException: UNAVAILABLE: io exception
2019-09-24 19:06:28,398 [grpc-default-executor-16] INFO  impl.FollowerInfo (FollowerInfo.java:lambda$new$0(51)) - a0991bb0-d059-4b75-b34b-f0d320bfe012@group-192AEBA694D5->b50c6779-182a-4abf-ac90-b7c5982ab67f: nextIndex: updateUnconditionally 0 -> 0
2019-09-24 19:06:28,638 [grpc-default-executor-16] WARN  server.GrpcLogAppender (LogUtils.java:warn(134)) - 74a8c3a1-4d80-4c26-806c-1183f0126592@group-9B209ADA5585->b50c6779-182a-4abf-ac90-b7c5982ab67f-AppendLogResponseHandler: Failed appendEntries: org.apache.ratis.thirdparty.io.grpc.StatusRuntimeException: UNAVAILABLE: io exception
2019-09-24 19:06:28,638 [grpc-default-executor-16] INFO  impl.FollowerInfo (FollowerInfo.java:lambda$new$0(51)) - 74a8c3a1-4d80-4c26-806c-1183f0126592@group-9B209ADA5585->b50c6779-182a-4abf-ac90-b7c5982ab67f: nextIndex: updateUnconditionally 0 -> 0
2019-09-24 19:06:28,900 [grpc-default-executor-16] WARN  server.GrpcLogAppender (LogUtils.java:warn(134)) - a0991bb0-d059-4b75-b34b-f0d320bfe012@group-192AEBA694D5->b50c6779-182a-4abf-ac90-b7c5982ab67f-AppendLogResponseHandler: Failed appendEntries: org.apache.ratis.thirdparty.io.grpc.StatusRuntimeException: UNAVAILABLE: io exception
2019-09-24 19:06:28,900 [grpc-default-executor-16] INFO  impl.FollowerInfo (FollowerInfo.java:lambda$new$0(51)) - a0991bb0-d059-4b75-b34b-f0d320bfe012@group-192AEBA694D5->b50c6779-182a-4abf-ac90-b7c5982ab67f: nextIndex: updateUnconditionally 0 -> 0
2019-09-24 19:06:29,140 [grpc-default-executor-16] WARN  server.GrpcLogAppender (LogUtils.java:warn(134)) - 74a8c3a1-4d80-4c26-806c-1183f0126592@group-9B209ADA5585->b50c6779-182a-4abf-ac90-b7c5982ab67f-AppendLogResponseHandler: Failed appendEntries: org.apache.ratis.thirdparty.io.grpc.StatusRuntimeException: UNAVAILABLE: io exception
2019-09-24 19:06:29,141 [grpc-default-executor-16] INFO  impl.FollowerInfo (FollowerInfo.java:lambda$new$0(51)) - 74a8c3a1-4d80-4c26-806c-1183f0126592@group-9B209ADA5585->b50c6779-182a-4abf-ac90-b7c5982ab67f: nextIndex: updateUnconditionally 0 -> 0
2019-09-24 19:06:29,288 [Thread-2829] INFO  impl.FollowerState (FollowerState.java:run(106)) - 74a8c3a1-4d80-4c26-806c-1183f0126592:group-84081C198BA3 changes to CANDIDATE, lastRpcTime:1010, electionTimeout:1010ms
2019-09-24 19:06:29,288 [Thread-2829] INFO  impl.RoleInfo (RoleInfo.java:shutdownFollowerState(121)) - 74a8c3a1-4d80-4c26-806c-1183f0126592: shutdown FollowerState
2019-09-24 19:06:29,288 [Thread-2829] INFO  impl.RaftServerImpl (RaftServerImpl.java:setRole(174)) - 74a8c3a1-4d80-4c26-806c-1183f0126592@group-84081C198BA3: changes role from  FOLLOWER to CANDIDATE at term 9 for changeToCandidate
2019-09-24 19:06:29,288 [Thread-2829] INFO  impl.RoleInfo (RoleInfo.java:updateAndGet(143)) - 74a8c3a1-4d80-4c26-806c-1183f0126592: start LeaderElection
2019-09-24 19:06:29,305 [Thread-2828] INFO  impl.FollowerState (FollowerState.java:run(106)) - a0991bb0-d059-4b75-b34b-f0d320bfe012:group-84081C198BA3 changes to CANDIDATE, lastRpcTime:1027, electionTimeout:1027ms
2019-09-24 19:06:29,305 [Thread-2828] INFO  impl.RoleInfo (RoleInfo.java:shutdownFollowerState(121)) - a0991bb0-d059-4b75-b34b-f0d320bfe012: shutdown FollowerState
2019-09-24 19:06:29,305 [Thread-2828] INFO  impl.RaftServerImpl (RaftServerImpl.java:setRole(174)) - a0991bb0-d059-4b75-b34b-f0d320bfe012@group-84081C198BA3: changes role from  FOLLOWER to CANDIDATE at term 9 for changeToCandidate
2019-09-24 19:06:29,305 [Thread-2828] INFO  impl.RoleInfo (RoleInfo.java:updateAndGet(143)) - a0991bb0-d059-4b75-b34b-f0d320bfe012: start LeaderElection
2019-09-24 19:06:29,400 [grpc-default-executor-10] WARN  server.GrpcLogAppender (LogUtils.java:warn(134)) - a0991bb0-d059-4b75-b34b-f0d320bfe012@group-192AEBA694D5->b50c6779-182a-4abf-ac90-b7c5982ab67f-AppendLogResponseHandler: Failed appendEntries: org.apache.ratis.thirdparty.io.grpc.StatusRuntimeException: UNAVAILABLE: io exception
2019-09-24 19:06:29,401 [grpc-default-executor-10] INFO  impl.FollowerInfo (FollowerInfo.java:lambda$new$0(51)) - a0991bb0-d059-4b75-b34b-f0d320bfe012@group-192AEBA694D5->b50c6779-182a-4abf-ac90-b7c5982ab67f: nextIndex: updateUnconditionally 0 -> 0
2019-09-24 19:06:29,595 [74a8c3a1-4d80-4c26-806c-1183f0126592@group-84081C198BA3:LeaderElection190] INFO  impl.LeaderElection (LeaderElection.java:askForVotes(182)) - 74a8c3a1-4d80-4c26-806c-1183f0126592@group-84081C198BA3:LeaderElection190: begin an election at term 10 for -1: [a0991bb0-d059-4b75-b34b-f0d320bfe012:192.168.5.148:46271, 74a8c3a1-4d80-4c26-806c-1183f0126592:192.168.5.148:44605, b50c6779-182a-4abf-ac90-b7c5982ab67f:192.168.5.148:46476], old=null
2019-09-24 19:06:29,595 [a0991bb0-d059-4b75-b34b-f0d320bfe012@group-84081C198BA3:LeaderElection191] INFO  impl.LeaderElection (LeaderElection.java:askForVotes(182)) - a0991bb0-d059-4b75-b34b-f0d320bfe012@group-84081C198BA3:LeaderElection191: begin an election at term 10 for -1: [a0991bb0-d059-4b75-b34b-f0d320bfe012:192.168.5.148:46271, 74a8c3a1-4d80-4c26-806c-1183f0126592:192.168.5.148:44605, b50c6779-182a-4abf-ac90-b7c5982ab67f:192.168.5.148:46476], old=null
2019-09-24 19:06:29,598 [74a8c3a1-4d80-4c26-806c-1183f0126592@group-84081C198BA3:LeaderElection190] INFO  impl.LeaderElection (LogUtils.java:infoOrTrace(149)) - 74a8c3a1-4d80-4c26-806c-1183f0126592@group-84081C198BA3:LeaderElection190 got exception when requesting votes: {}
java.util.concurrent.ExecutionException: org.apache.ratis.thirdparty.io.grpc.StatusRuntimeException: UNAVAILABLE: io exception
	at java.util.concurrent.FutureTask.report(FutureTask.java:122)
	at java.util.concurrent.FutureTask.get(FutureTask.java:192)
	at org.apache.ratis.server.impl.LeaderElection.waitForResults(LeaderElection.java:263)
	at org.apache.ratis.server.impl.LeaderElection.askForVotes(LeaderElection.java:201)
	at org.apache.ratis.server.impl.LeaderElection.run(LeaderElection.java:133)
	at java.lang.Thread.run(Thread.java:748)
Caused by: org.apache.ratis.thirdparty.io.grpc.StatusRuntimeException: UNAVAILABLE: io exception
	at org.apache.ratis.thirdparty.io.grpc.stub.ClientCalls.toStatusRuntimeException(ClientCalls.java:233)
	at org.apache.ratis.thirdparty.io.grpc.stub.ClientCalls.getUnchecked(ClientCalls.java:214)
	at org.apache.ratis.thirdparty.io.grpc.stub.ClientCalls.blockingUnaryCall(ClientCalls.java:139)
	at org.apache.ratis.proto.grpc.RaftServerProtocolServiceGrpc$RaftServerProtocolServiceBlockingStub.requestVote(RaftServerProtocolServiceGrpc.java:265)
	at org.apache.ratis.grpc.server.GrpcServerProtocolClient.requestVote(GrpcServerProtocolClient.java:90)
	at org.apache.ratis.grpc.server.GrpcService.requestVote(GrpcService.java:204)
	at org.apache.ratis.server.impl.LeaderElection.lambda$submitRequests$1(LeaderElection.java:238)
	at java.util.concurrent.FutureTask.run(FutureTask.java:266)
	at java.util.concurrent.Executors$RunnableAdapter.call(Executors.java:511)
	at java.util.concurrent.FutureTask.run(FutureTask.java:266)
	at java.util.concurrent.ThreadPoolExecutor.runWorker(ThreadPoolExecutor.java:1149)
	at java.util.concurrent.ThreadPoolExecutor$Worker.run(ThreadPoolExecutor.java:624)
	... 1 more
Caused by: org.apache.ratis.thirdparty.io.netty.channel.AbstractChannel$AnnotatedConnectException: Connection refused: /192.168.5.148:46476
	at sun.nio.ch.SocketChannelImpl.checkConnect(Native Method)
	at sun.nio.ch.SocketChannelImpl.finishConnect(SocketChannelImpl.java:717)
	at org.apache.ratis.thirdparty.io.netty.channel.socket.nio.NioSocketChannel.doFinishConnect(NioSocketChannel.java:327)
	at org.apache.ratis.thirdparty.io.netty.channel.nio.AbstractNioChannel$AbstractNioUnsafe.finishConnect(AbstractNioChannel.java:340)
	at org.apache.ratis.thirdparty.io.netty.channel.nio.NioEventLoop.processSelectedKey(NioEventLoop.java:632)
	at org.apache.ratis.thirdparty.io.netty.channel.nio.NioEventLoop.processSelectedKeysOptimized(NioEventLoop.java:579)
	at org.apache.ratis.thirdparty.io.netty.channel.nio.NioEventLoop.processSelectedKeys(NioEventLoop.java:496)
	at org.apache.ratis.thirdparty.io.netty.channel.nio.NioEventLoop.run(NioEventLoop.java:458)
	at org.apache.ratis.thirdparty.io.netty.util.concurrent.SingleThreadEventExecutor$5.run(SingleThreadEventExecutor.java:897)
	at org.apache.ratis.thirdparty.io.netty.util.concurrent.FastThreadLocalRunnable.run(FastThreadLocalRunnable.java:30)
	... 1 more
Caused by: java.net.ConnectException: Connection refused
	... 11 more
2019-09-24 19:06:29,598 [a0991bb0-d059-4b75-b34b-f0d320bfe012@group-84081C198BA3:LeaderElection191] INFO  impl.LeaderElection (LogUtils.java:infoOrTrace(149)) - a0991bb0-d059-4b75-b34b-f0d320bfe012@group-84081C198BA3:LeaderElection191 got exception when requesting votes: {}
java.util.concurrent.ExecutionException: org.apache.ratis.thirdparty.io.grpc.StatusRuntimeException: UNAVAILABLE: io exception
	at java.util.concurrent.FutureTask.report(FutureTask.java:122)
	at java.util.concurrent.FutureTask.get(FutureTask.java:192)
	at org.apache.ratis.server.impl.LeaderElection.waitForResults(LeaderElection.java:263)
	at org.apache.ratis.server.impl.LeaderElection.askForVotes(LeaderElection.java:201)
	at org.apache.ratis.server.impl.LeaderElection.run(LeaderElection.java:133)
	at java.lang.Thread.run(Thread.java:748)
Caused by: org.apache.ratis.thirdparty.io.grpc.StatusRuntimeException: UNAVAILABLE: io exception
	at org.apache.ratis.thirdparty.io.grpc.stub.ClientCalls.toStatusRuntimeException(ClientCalls.java:233)
	at org.apache.ratis.thirdparty.io.grpc.stub.ClientCalls.getUnchecked(ClientCalls.java:214)
	at org.apache.ratis.thirdparty.io.grpc.stub.ClientCalls.blockingUnaryCall(ClientCalls.java:139)
	at org.apache.ratis.proto.grpc.RaftServerProtocolServiceGrpc$RaftServerProtocolServiceBlockingStub.requestVote(RaftServerProtocolServiceGrpc.java:265)
	at org.apache.ratis.grpc.server.GrpcServerProtocolClient.requestVote(GrpcServerProtocolClient.java:90)
	at org.apache.ratis.grpc.server.GrpcService.requestVote(GrpcService.java:204)
	at org.apache.ratis.server.impl.LeaderElection.lambda$submitRequests$1(LeaderElection.java:238)
	at java.util.concurrent.FutureTask.run(FutureTask.java:266)
	at java.util.concurrent.Executors$RunnableAdapter.call(Executors.java:511)
	at java.util.concurrent.FutureTask.run(FutureTask.java:266)
	at java.util.concurrent.ThreadPoolExecutor.runWorker(ThreadPoolExecutor.java:1149)
	at java.util.concurrent.ThreadPoolExecutor$Worker.run(ThreadPoolExecutor.java:624)
	... 1 more
Caused by: org.apache.ratis.thirdparty.io.netty.channel.AbstractChannel$AnnotatedConnectException: Connection refused: /192.168.5.148:46476
	at sun.nio.ch.SocketChannelImpl.checkConnect(Native Method)
	at sun.nio.ch.SocketChannelImpl.finishConnect(SocketChannelImpl.java:717)
	at org.apache.ratis.thirdparty.io.netty.channel.socket.nio.NioSocketChannel.doFinishConnect(NioSocketChannel.java:327)
	at org.apache.ratis.thirdparty.io.netty.channel.nio.AbstractNioChannel$AbstractNioUnsafe.finishConnect(AbstractNioChannel.java:340)
	at org.apache.ratis.thirdparty.io.netty.channel.nio.NioEventLoop.processSelectedKey(NioEventLoop.java:632)
	at org.apache.ratis.thirdparty.io.netty.channel.nio.NioEventLoop.processSelectedKeysOptimized(NioEventLoop.java:579)
	at org.apache.ratis.thirdparty.io.netty.channel.nio.NioEventLoop.processSelectedKeys(NioEventLoop.java:496)
	at org.apache.ratis.thirdparty.io.netty.channel.nio.NioEventLoop.run(NioEventLoop.java:458)
	at org.apache.ratis.thirdparty.io.netty.util.concurrent.SingleThreadEventExecutor$5.run(SingleThreadEventExecutor.java:897)
	at org.apache.ratis.thirdparty.io.netty.util.concurrent.FastThreadLocalRunnable.run(FastThreadLocalRunnable.java:30)
	... 1 more
Caused by: java.net.ConnectException: Connection refused
	... 11 more
2019-09-24 19:06:29,598 [74a8c3a1-4d80-4c26-806c-1183f0126592@group-84081C198BA3:LeaderElection190] INFO  impl.LeaderElection (LeaderElection.java:logAndReturn(56)) - 74a8c3a1-4d80-4c26-806c-1183f0126592@group-84081C198BA3:LeaderElection190: Election REJECTED; received 1 response(s) [74a8c3a1-4d80-4c26-806c-1183f0126592<-a0991bb0-d059-4b75-b34b-f0d320bfe012#0:FAIL-t10] and 1 exception(s); 74a8c3a1-4d80-4c26-806c-1183f0126592@group-84081C198BA3:t10, leader=null, voted=74a8c3a1-4d80-4c26-806c-1183f0126592, raftlog=74a8c3a1-4d80-4c26-806c-1183f0126592@group-84081C198BA3-SegmentedRaftLog:OPENED:c-1,f-1,i0, conf=-1: [a0991bb0-d059-4b75-b34b-f0d320bfe012:192.168.5.148:46271, 74a8c3a1-4d80-4c26-806c-1183f0126592:192.168.5.148:44605, b50c6779-182a-4abf-ac90-b7c5982ab67f:192.168.5.148:46476], old=null
2019-09-24 19:06:29,599 [74a8c3a1-4d80-4c26-806c-1183f0126592@group-84081C198BA3:LeaderElection190] INFO  impl.LeaderElection (LogUtils.java:infoOrTrace(149)) -   Exception 0: {}
java.util.concurrent.ExecutionException: org.apache.ratis.thirdparty.io.grpc.StatusRuntimeException: UNAVAILABLE: io exception
	at java.util.concurrent.FutureTask.report(FutureTask.java:122)
	at java.util.concurrent.FutureTask.get(FutureTask.java:192)
	at org.apache.ratis.server.impl.LeaderElection.waitForResults(LeaderElection.java:263)
	at org.apache.ratis.server.impl.LeaderElection.askForVotes(LeaderElection.java:201)
	at org.apache.ratis.server.impl.LeaderElection.run(LeaderElection.java:133)
	at java.lang.Thread.run(Thread.java:748)
Caused by: org.apache.ratis.thirdparty.io.grpc.StatusRuntimeException: UNAVAILABLE: io exception
	at org.apache.ratis.thirdparty.io.grpc.stub.ClientCalls.toStatusRuntimeException(ClientCalls.java:233)
	at org.apache.ratis.thirdparty.io.grpc.stub.ClientCalls.getUnchecked(ClientCalls.java:214)
	at org.apache.ratis.thirdparty.io.grpc.stub.ClientCalls.blockingUnaryCall(ClientCalls.java:139)
	at org.apache.ratis.proto.grpc.RaftServerProtocolServiceGrpc$RaftServerProtocolServiceBlockingStub.requestVote(RaftServerProtocolServiceGrpc.java:265)
	at org.apache.ratis.grpc.server.GrpcServerProtocolClient.requestVote(GrpcServerProtocolClient.java:90)
	at org.apache.ratis.grpc.server.GrpcService.requestVote(GrpcService.java:204)
	at org.apache.ratis.server.impl.LeaderElection.lambda$submitRequests$1(LeaderElection.java:238)
	at java.util.concurrent.FutureTask.run(FutureTask.java:266)
	at java.util.concurrent.Executors$RunnableAdapter.call(Executors.java:511)
	at java.util.concurrent.FutureTask.run(FutureTask.java:266)
	at java.util.concurrent.ThreadPoolExecutor.runWorker(ThreadPoolExecutor.java:1149)
	at java.util.concurrent.ThreadPoolExecutor$Worker.run(ThreadPoolExecutor.java:624)
	... 1 more
Caused by: org.apache.ratis.thirdparty.io.netty.channel.AbstractChannel$AnnotatedConnectException: Connection refused: /192.168.5.148:46476
	at sun.nio.ch.SocketChannelImpl.checkConnect(Native Method)
	at sun.nio.ch.SocketChannelImpl.finishConnect(SocketChannelImpl.java:717)
	at org.apache.ratis.thirdparty.io.netty.channel.socket.nio.NioSocketChannel.doFinishConnect(NioSocketChannel.java:327)
	at org.apache.ratis.thirdparty.io.netty.channel.nio.AbstractNioChannel$AbstractNioUnsafe.finishConnect(AbstractNioChannel.java:340)
	at org.apache.ratis.thirdparty.io.netty.channel.nio.NioEventLoop.processSelectedKey(NioEventLoop.java:632)
	at org.apache.ratis.thirdparty.io.netty.channel.nio.NioEventLoop.processSelectedKeysOptimized(NioEventLoop.java:579)
	at org.apache.ratis.thirdparty.io.netty.channel.nio.NioEventLoop.processSelectedKeys(NioEventLoop.java:496)
	at org.apache.ratis.thirdparty.io.netty.channel.nio.NioEventLoop.run(NioEventLoop.java:458)
	at org.apache.ratis.thirdparty.io.netty.util.concurrent.SingleThreadEventExecutor$5.run(SingleThreadEventExecutor.java:897)
	at org.apache.ratis.thirdparty.io.netty.util.concurrent.FastThreadLocalRunnable.run(FastThreadLocalRunnable.java:30)
	... 1 more
Caused by: java.net.ConnectException: Connection refused
	... 11 more
2019-09-24 19:06:29,599 [a0991bb0-d059-4b75-b34b-f0d320bfe012@group-84081C198BA3:LeaderElection191] INFO  impl.LeaderElection (LeaderElection.java:logAndReturn(56)) - a0991bb0-d059-4b75-b34b-f0d320bfe012@group-84081C198BA3:LeaderElection191: Election REJECTED; received 1 response(s) [a0991bb0-d059-4b75-b34b-f0d320bfe012<-74a8c3a1-4d80-4c26-806c-1183f0126592#0:FAIL-t10] and 1 exception(s); a0991bb0-d059-4b75-b34b-f0d320bfe012@group-84081C198BA3:t10, leader=null, voted=a0991bb0-d059-4b75-b34b-f0d320bfe012, raftlog=a0991bb0-d059-4b75-b34b-f0d320bfe012@group-84081C198BA3-SegmentedRaftLog:OPENED:c-1,f-1,i0, conf=-1: [a0991bb0-d059-4b75-b34b-f0d320bfe012:192.168.5.148:46271, 74a8c3a1-4d80-4c26-806c-1183f0126592:192.168.5.148:44605, b50c6779-182a-4abf-ac90-b7c5982ab67f:192.168.5.148:46476], old=null
2019-09-24 19:06:29,599 [74a8c3a1-4d80-4c26-806c-1183f0126592@group-84081C198BA3:LeaderElection190] INFO  impl.RaftServerImpl (RaftServerImpl.java:setRole(174)) - 74a8c3a1-4d80-4c26-806c-1183f0126592@group-84081C198BA3: changes role from CANDIDATE to FOLLOWER at term 10 for DISCOVERED_A_NEW_TERM
2019-09-24 19:06:29,599 [a0991bb0-d059-4b75-b34b-f0d320bfe012@group-84081C198BA3:LeaderElection191] INFO  impl.LeaderElection (LogUtils.java:infoOrTrace(149)) -   Exception 0: {}
java.util.concurrent.ExecutionException: org.apache.ratis.thirdparty.io.grpc.StatusRuntimeException: UNAVAILABLE: io exception
	at java.util.concurrent.FutureTask.report(FutureTask.java:122)
	at java.util.concurrent.FutureTask.get(FutureTask.java:192)
	at org.apache.ratis.server.impl.LeaderElection.waitForResults(LeaderElection.java:263)
	at org.apache.ratis.server.impl.LeaderElection.askForVotes(LeaderElection.java:201)
	at org.apache.ratis.server.impl.LeaderElection.run(LeaderElection.java:133)
	at java.lang.Thread.run(Thread.java:748)
Caused by: org.apache.ratis.thirdparty.io.grpc.StatusRuntimeException: UNAVAILABLE: io exception
	at org.apache.ratis.thirdparty.io.grpc.stub.ClientCalls.toStatusRuntimeException(ClientCalls.java:233)
	at org.apache.ratis.thirdparty.io.grpc.stub.ClientCalls.getUnchecked(ClientCalls.java:214)
	at org.apache.ratis.thirdparty.io.grpc.stub.ClientCalls.blockingUnaryCall(ClientCalls.java:139)
	at org.apache.ratis.proto.grpc.RaftServerProtocolServiceGrpc$RaftServerProtocolServiceBlockingStub.requestVote(RaftServerProtocolServiceGrpc.java:265)
	at org.apache.ratis.grpc.server.GrpcServerProtocolClient.requestVote(GrpcServerProtocolClient.java:90)
	at org.apache.ratis.grpc.server.GrpcService.requestVote(GrpcService.java:204)
	at org.apache.ratis.server.impl.LeaderElection.lambda$submitRequests$1(LeaderElection.java:238)
	at java.util.concurrent.FutureTask.run(FutureTask.java:266)
	at java.util.concurrent.Executors$RunnableAdapter.call(Executors.java:511)
	at java.util.concurrent.FutureTask.run(FutureTask.java:266)
	at java.util.concurrent.ThreadPoolExecutor.runWorker(ThreadPoolExecutor.java:1149)
	at java.util.concurrent.ThreadPoolExecutor$Worker.run(ThreadPoolExecutor.java:624)
	... 1 more
Caused by: org.apache.ratis.thirdparty.io.netty.channel.AbstractChannel$AnnotatedConnectException: Connection refused: /192.168.5.148:46476
	at sun.nio.ch.SocketChannelImpl.checkConnect(Native Method)
	at sun.nio.ch.SocketChannelImpl.finishConnect(SocketChannelImpl.java:717)
	at org.apache.ratis.thirdparty.io.netty.channel.socket.nio.NioSocketChannel.doFinishConnect(NioSocketChannel.java:327)
	at org.apache.ratis.thirdparty.io.netty.channel.nio.AbstractNioChannel$AbstractNioUnsafe.finishConnect(AbstractNioChannel.java:340)
	at org.apache.ratis.thirdparty.io.netty.channel.nio.NioEventLoop.processSelectedKey(NioEventLoop.java:632)
	at org.apache.ratis.thirdparty.io.netty.channel.nio.NioEventLoop.processSelectedKeysOptimized(NioEventLoop.java:579)
	at org.apache.ratis.thirdparty.io.netty.channel.nio.NioEventLoop.processSelectedKeys(NioEventLoop.java:496)
	at org.apache.ratis.thirdparty.io.netty.channel.nio.NioEventLoop.run(NioEventLoop.java:458)
	at org.apache.ratis.thirdparty.io.netty.util.concurrent.SingleThreadEventExecutor$5.run(SingleThreadEventExecutor.java:897)
	at org.apache.ratis.thirdparty.io.netty.util.concurrent.FastThreadLocalRunnable.run(FastThreadLocalRunnable.java:30)
	... 1 more
Caused by: java.net.ConnectException: Connection refused
	... 11 more
2019-09-24 19:06:29,600 [74a8c3a1-4d80-4c26-806c-1183f0126592@group-84081C198BA3:LeaderElection190] INFO  impl.RoleInfo (RoleInfo.java:shutdownLeaderElection(134)) - 74a8c3a1-4d80-4c26-806c-1183f0126592: shutdown LeaderElection
2019-09-24 19:06:29,600 [a0991bb0-d059-4b75-b34b-f0d320bfe012@group-84081C198BA3:LeaderElection191] INFO  impl.RaftServerImpl (RaftServerImpl.java:setRole(174)) - a0991bb0-d059-4b75-b34b-f0d320bfe012@group-84081C198BA3: changes role from CANDIDATE to FOLLOWER at term 10 for DISCOVERED_A_NEW_TERM
2019-09-24 19:06:29,600 [74a8c3a1-4d80-4c26-806c-1183f0126592@group-84081C198BA3:LeaderElection190] INFO  impl.RoleInfo (RoleInfo.java:updateAndGet(143)) - 74a8c3a1-4d80-4c26-806c-1183f0126592: start FollowerState
2019-09-24 19:06:29,600 [a0991bb0-d059-4b75-b34b-f0d320bfe012@group-84081C198BA3:LeaderElection191] INFO  impl.RoleInfo (RoleInfo.java:shutdownLeaderElection(134)) - a0991bb0-d059-4b75-b34b-f0d320bfe012: shutdown LeaderElection
2019-09-24 19:06:29,601 [a0991bb0-d059-4b75-b34b-f0d320bfe012@group-84081C198BA3:LeaderElection191] INFO  impl.RoleInfo (RoleInfo.java:updateAndGet(143)) - a0991bb0-d059-4b75-b34b-f0d320bfe012: start FollowerState
2019-09-24 19:06:29,639 [grpc-default-executor-16] WARN  server.GrpcLogAppender (LogUtils.java:warn(134)) - 74a8c3a1-4d80-4c26-806c-1183f0126592@group-9B209ADA5585->b50c6779-182a-4abf-ac90-b7c5982ab67f-AppendLogResponseHandler: Failed appendEntries: org.apache.ratis.thirdparty.io.grpc.StatusRuntimeException: UNAVAILABLE: io exception
2019-09-24 19:06:29,640 [grpc-default-executor-16] INFO  impl.FollowerInfo (FollowerInfo.java:lambda$new$0(51)) - 74a8c3a1-4d80-4c26-806c-1183f0126592@group-9B209ADA5585->b50c6779-182a-4abf-ac90-b7c5982ab67f: nextIndex: updateUnconditionally 0 -> 0
2019-09-24 19:06:29,899 [grpc-default-executor-16] WARN  server.GrpcLogAppender (LogUtils.java:warn(134)) - a0991bb0-d059-4b75-b34b-f0d320bfe012@group-192AEBA694D5->b50c6779-182a-4abf-ac90-b7c5982ab67f-AppendLogResponseHandler: Failed appendEntries: org.apache.ratis.thirdparty.io.grpc.StatusRuntimeException: UNAVAILABLE: io exception
2019-09-24 19:06:29,900 [grpc-default-executor-16] INFO  impl.FollowerInfo (FollowerInfo.java:lambda$new$0(51)) - a0991bb0-d059-4b75-b34b-f0d320bfe012@group-192AEBA694D5->b50c6779-182a-4abf-ac90-b7c5982ab67f: nextIndex: updateUnconditionally 0 -> 0
2019-09-24 19:06:30,102 [ForkJoinPool.commonPool-worker-1] INFO  ozoneimpl.OzoneContainer (OzoneContainer.java:stop(231)) - Attempting to stop container services.
2019-09-24 19:06:30,102 [ForkJoinPool.commonPool-worker-1] INFO  impl.RaftServerProxy (RaftServerProxy.java:lambda$close$4(314)) - 70dfb86a-3f13-4b6d-b7c4-84ce5a46c243: close
2019-09-24 19:06:30,103 [ForkJoinPool.commonPool-worker-1] INFO  impl.RaftServerImpl (RaftServerImpl.java:lambda$shutdown$3(251)) - 70dfb86a-3f13-4b6d-b7c4-84ce5a46c243@group-44E3D18D79D5: shutdown
2019-09-24 19:06:30,103 [ForkJoinPool.commonPool-worker-1] INFO  util.JmxRegister (JmxRegister.java:unregister(73)) - Successfully un-registered JMX Bean with object name Ratis:service=RaftServer,group=group-44E3D18D79D5,id=70dfb86a-3f13-4b6d-b7c4-84ce5a46c243
2019-09-24 19:06:30,103 [ForkJoinPool.commonPool-worker-1] INFO  impl.RoleInfo (RoleInfo.java:shutdownLeaderState(104)) - 70dfb86a-3f13-4b6d-b7c4-84ce5a46c243: shutdown LeaderState
2019-09-24 19:06:30,104 [ForkJoinPool.commonPool-worker-1] INFO  impl.PendingRequests (PendingRequests.java:sendNotLeaderResponses(202)) - 70dfb86a-3f13-4b6d-b7c4-84ce5a46c243-PendingRequests: sendNotLeaderResponses
2019-09-24 19:06:30,104 [ForkJoinPool.commonPool-worker-1] INFO  impl.StateMachineUpdater (StateMachineUpdater.java:stopAndJoin(125)) - 70dfb86a-3f13-4b6d-b7c4-84ce5a46c243@group-44E3D18D79D5-StateMachineUpdater: set stopIndex = 0
2019-09-24 19:06:30,105 [ForkJoinPool.commonPool-worker-1] INFO  impl.RaftServerImpl (ServerState.java:close(385)) - 70dfb86a-3f13-4b6d-b7c4-84ce5a46c243@group-44E3D18D79D5: closes. applyIndex: 0
2019-09-24 19:06:30,105 [70dfb86a-3f13-4b6d-b7c4-84ce5a46c243@group-44E3D18D79D5-SegmentedRaftLogWorker] INFO  segmented.SegmentedRaftLogWorker (SegmentedRaftLogWorker.java:run(313)) - 70dfb86a-3f13-4b6d-b7c4-84ce5a46c243@group-44E3D18D79D5-SegmentedRaftLogWorker was interrupted, exiting. There are 0 tasks remaining in the queue.
2019-09-24 19:06:30,108 [ForkJoinPool.commonPool-worker-1] INFO  segmented.SegmentedRaftLogWorker (SegmentedRaftLogWorker.java:close(228)) - 70dfb86a-3f13-4b6d-b7c4-84ce5a46c243@group-44E3D18D79D5-SegmentedRaftLogWorker close()
2019-09-24 19:06:30,112 [ForkJoinPool.commonPool-worker-1] INFO  server.GrpcService (GrpcService.java:closeImpl(164)) - 70dfb86a-3f13-4b6d-b7c4-84ce5a46c243: shutdown server with port 37762 now
2019-09-24 19:06:30,114 [ForkJoinPool.commonPool-worker-1] INFO  server.GrpcService (GrpcService.java:closeImpl(172)) - 70dfb86a-3f13-4b6d-b7c4-84ce5a46c243: shutdown server with port 37762 successfully
2019-09-24 19:06:30,117 [refreshUsed-/workdir/hadoop-ozone/integration-test/target/test-dir/MiniOzoneClusterImpl-136902ad-9ad3-4579-ab1e-826ed1576804/datanode-0/data/containers] WARN  fs.CachingGetSpaceUsed (CachingGetSpaceUsed.java:run(183)) - Thread Interrupted waiting to refresh disk information: sleep interrupted
2019-09-24 19:06:30,137 [ForkJoinPool.commonPool-worker-1] INFO  utils.BackgroundService (BackgroundService.java:shutdown(148)) - Shutting down service BlockDeletingService
2019-09-24 19:06:30,142 [ForkJoinPool.commonPool-worker-1] INFO  statemachine.DatanodeStateMachine (DatanodeStateMachine.java:stopDaemon(395)) - Ozone container server stopped.
2019-09-24 19:06:30,147 [ForkJoinPool.commonPool-worker-1] INFO  handler.ContextHandler (ContextHandler.java:doStop(910)) - Stopped o.e.j.w.WebAppContext@64b018f3{/,null,UNAVAILABLE}{/hddsDatanode}
2019-09-24 19:06:30,148 [ForkJoinPool.commonPool-worker-1] INFO  server.AbstractConnector (AbstractConnector.java:doStop(318)) - Stopped ServerConnector@20801cbb{HTTP/1.1,[http/1.1]}{0.0.0.0:0}
2019-09-24 19:06:30,148 [grpc-default-executor-16] WARN  server.GrpcLogAppender (LogUtils.java:warn(134)) - 74a8c3a1-4d80-4c26-806c-1183f0126592@group-9B209ADA5585->b50c6779-182a-4abf-ac90-b7c5982ab67f-AppendLogResponseHandler: Failed appendEntries: org.apache.ratis.thirdparty.io.grpc.StatusRuntimeException: UNAVAILABLE: io exception
2019-09-24 19:06:30,150 [ForkJoinPool.commonPool-worker-1] INFO  handler.ContextHandler (ContextHandler.java:doStop(910)) - Stopped o.e.j.s.ServletContextHandler@1fecfaea{/static,jar:file:/home/user/.m2/repository/org/apache/hadoop/hadoop-hdds-container-service/0.5.0-SNAPSHOT/hadoop-hdds-container-service-0.5.0-SNAPSHOT.jar!/webapps/static,UNAVAILABLE}
2019-09-24 19:06:30,150 [grpc-default-executor-16] INFO  impl.FollowerInfo (FollowerInfo.java:lambda$new$0(51)) - 74a8c3a1-4d80-4c26-806c-1183f0126592@group-9B209ADA5585->b50c6779-182a-4abf-ac90-b7c5982ab67f: nextIndex: updateUnconditionally 0 -> 0
2019-09-24 19:06:30,152 [ForkJoinPool.commonPool-worker-1] INFO  handler.ContextHandler (ContextHandler.java:doStop(910)) - Stopped o.e.j.s.ServletContextHandler@51da32e5{/logs,file:///workdir/hadoop-ozone/integration-test/target/log,UNAVAILABLE}
2019-09-24 19:06:30,402 [grpc-default-executor-13] WARN  server.GrpcLogAppender (LogUtils.java:warn(134)) - a0991bb0-d059-4b75-b34b-f0d320bfe012@group-192AEBA694D5->b50c6779-182a-4abf-ac90-b7c5982ab67f-AppendLogResponseHandler: Failed appendEntries: org.apache.ratis.thirdparty.io.grpc.StatusRuntimeException: UNAVAILABLE: io exception
2019-09-24 19:06:30,402 [grpc-default-executor-13] INFO  impl.FollowerInfo (FollowerInfo.java:lambda$new$0(51)) - a0991bb0-d059-4b75-b34b-f0d320bfe012@group-192AEBA694D5->b50c6779-182a-4abf-ac90-b7c5982ab67f: nextIndex: updateUnconditionally 0 -> 0
2019-09-24 19:06:30,535 [Datanode State Machine Thread - 0] INFO  statemachine.DatanodeStateMachine (DatanodeStateMachine.java:lambda$startDaemon$0(350)) - Ozone container server started.
2019-09-24 19:06:30,638 [Thread-2842] INFO  impl.FollowerState (FollowerState.java:run(106)) - a0991bb0-d059-4b75-b34b-f0d320bfe012:group-84081C198BA3 changes to CANDIDATE, lastRpcTime:1037, electionTimeout:1037ms
2019-09-24 19:06:30,639 [Thread-2842] INFO  impl.RoleInfo (RoleInfo.java:shutdownFollowerState(121)) - a0991bb0-d059-4b75-b34b-f0d320bfe012: shutdown FollowerState
2019-09-24 19:06:30,639 [Thread-2842] INFO  impl.RaftServerImpl (RaftServerImpl.java:setRole(174)) - a0991bb0-d059-4b75-b34b-f0d320bfe012@group-84081C198BA3: changes role from  FOLLOWER to CANDIDATE at term 10 for changeToCandidate
2019-09-24 19:06:30,639 [Thread-2842] INFO  impl.RoleInfo (RoleInfo.java:updateAndGet(143)) - a0991bb0-d059-4b75-b34b-f0d320bfe012: start LeaderElection
2019-09-24 19:06:30,644 [Thread-2841] INFO  impl.FollowerState (FollowerState.java:run(106)) - 74a8c3a1-4d80-4c26-806c-1183f0126592:group-84081C198BA3 changes to CANDIDATE, lastRpcTime:1043, electionTimeout:1043ms
2019-09-24 19:06:30,644 [Thread-2841] INFO  impl.RoleInfo (RoleInfo.java:shutdownFollowerState(121)) - 74a8c3a1-4d80-4c26-806c-1183f0126592: shutdown FollowerState
2019-09-24 19:06:30,644 [Thread-2841] INFO  impl.RaftServerImpl (RaftServerImpl.java:setRole(174)) - 74a8c3a1-4d80-4c26-806c-1183f0126592@group-84081C198BA3: changes role from  FOLLOWER to CANDIDATE at term 10 for changeToCandidate
2019-09-24 19:06:30,644 [Thread-2841] INFO  impl.RoleInfo (RoleInfo.java:updateAndGet(143)) - 74a8c3a1-4d80-4c26-806c-1183f0126592: start LeaderElection
2019-09-24 19:06:30,647 [grpc-default-executor-16] WARN  server.GrpcLogAppender (LogUtils.java:warn(134)) - 74a8c3a1-4d80-4c26-806c-1183f0126592@group-9B209ADA5585->b50c6779-182a-4abf-ac90-b7c5982ab67f-AppendLogResponseHandler: Failed appendEntries: org.apache.ratis.thirdparty.io.grpc.StatusRuntimeException: UNAVAILABLE: io exception
2019-09-24 19:06:30,647 [grpc-default-executor-16] INFO  impl.FollowerInfo (FollowerInfo.java:lambda$new$0(51)) - 74a8c3a1-4d80-4c26-806c-1183f0126592@group-9B209ADA5585->b50c6779-182a-4abf-ac90-b7c5982ab67f: nextIndex: updateUnconditionally 0 -> 0
2019-09-24 19:06:30,903 [grpc-default-executor-16] WARN  server.GrpcLogAppender (LogUtils.java:warn(134)) - a0991bb0-d059-4b75-b34b-f0d320bfe012@group-192AEBA694D5->b50c6779-182a-4abf-ac90-b7c5982ab67f-AppendLogResponseHandler: Failed appendEntries: org.apache.ratis.thirdparty.io.grpc.StatusRuntimeException: UNAVAILABLE: io exception
2019-09-24 19:06:30,904 [grpc-default-executor-16] INFO  impl.FollowerInfo (FollowerInfo.java:lambda$new$0(51)) - a0991bb0-d059-4b75-b34b-f0d320bfe012@group-192AEBA694D5->b50c6779-182a-4abf-ac90-b7c5982ab67f: nextIndex: updateUnconditionally 0 -> 0
2019-09-24 19:06:30,992 [a0991bb0-d059-4b75-b34b-f0d320bfe012@group-84081C198BA3:LeaderElection192] INFO  impl.LeaderElection (LeaderElection.java:askForVotes(182)) - a0991bb0-d059-4b75-b34b-f0d320bfe012@group-84081C198BA3:LeaderElection192: begin an election at term 11 for -1: [a0991bb0-d059-4b75-b34b-f0d320bfe012:192.168.5.148:46271, 74a8c3a1-4d80-4c26-806c-1183f0126592:192.168.5.148:44605, b50c6779-182a-4abf-ac90-b7c5982ab67f:192.168.5.148:46476], old=null
2019-09-24 19:06:30,992 [74a8c3a1-4d80-4c26-806c-1183f0126592@group-84081C198BA3:LeaderElection193] INFO  impl.LeaderElection (LeaderElection.java:askForVotes(182)) - 74a8c3a1-4d80-4c26-806c-1183f0126592@group-84081C198BA3:LeaderElection193: begin an election at term 11 for -1: [a0991bb0-d059-4b75-b34b-f0d320bfe012:192.168.5.148:46271, 74a8c3a1-4d80-4c26-806c-1183f0126592:192.168.5.148:44605, b50c6779-182a-4abf-ac90-b7c5982ab67f:192.168.5.148:46476], old=null
2019-09-24 19:06:30,996 [74a8c3a1-4d80-4c26-806c-1183f0126592@group-84081C198BA3:LeaderElection193] INFO  impl.LeaderElection (LogUtils.java:infoOrTrace(149)) - 74a8c3a1-4d80-4c26-806c-1183f0126592@group-84081C198BA3:LeaderElection193 got exception when requesting votes: {}
java.util.concurrent.ExecutionException: org.apache.ratis.thirdparty.io.grpc.StatusRuntimeException: UNAVAILABLE: io exception
	at java.util.concurrent.FutureTask.report(FutureTask.java:122)
	at java.util.concurrent.FutureTask.get(FutureTask.java:192)
	at org.apache.ratis.server.impl.LeaderElection.waitForResults(LeaderElection.java:263)
	at org.apache.ratis.server.impl.LeaderElection.askForVotes(LeaderElection.java:201)
	at org.apache.ratis.server.impl.LeaderElection.run(LeaderElection.java:133)
	at java.lang.Thread.run(Thread.java:748)
Caused by: org.apache.ratis.thirdparty.io.grpc.StatusRuntimeException: UNAVAILABLE: io exception
	at org.apache.ratis.thirdparty.io.grpc.stub.ClientCalls.toStatusRuntimeException(ClientCalls.java:233)
	at org.apache.ratis.thirdparty.io.grpc.stub.ClientCalls.getUnchecked(ClientCalls.java:214)
	at org.apache.ratis.thirdparty.io.grpc.stub.ClientCalls.blockingUnaryCall(ClientCalls.java:139)
	at org.apache.ratis.proto.grpc.RaftServerProtocolServiceGrpc$RaftServerProtocolServiceBlockingStub.requestVote(RaftServerProtocolServiceGrpc.java:265)
	at org.apache.ratis.grpc.server.GrpcServerProtocolClient.requestVote(GrpcServerProtocolClient.java:90)
	at org.apache.ratis.grpc.server.GrpcService.requestVote(GrpcService.java:204)
	at org.apache.ratis.server.impl.LeaderElection.lambda$submitRequests$1(LeaderElection.java:238)
	at java.util.concurrent.FutureTask.run(FutureTask.java:266)
	at java.util.concurrent.Executors$RunnableAdapter.call(Executors.java:511)
	at java.util.concurrent.FutureTask.run(FutureTask.java:266)
	at java.util.concurrent.ThreadPoolExecutor.runWorker(ThreadPoolExecutor.java:1149)
	at java.util.concurrent.ThreadPoolExecutor$Worker.run(ThreadPoolExecutor.java:624)
	... 1 more
Caused by: org.apache.ratis.thirdparty.io.netty.channel.AbstractChannel$AnnotatedConnectException: Connection refused: /192.168.5.148:46476
	at sun.nio.ch.SocketChannelImpl.checkConnect(Native Method)
	at sun.nio.ch.SocketChannelImpl.finishConnect(SocketChannelImpl.java:717)
	at org.apache.ratis.thirdparty.io.netty.channel.socket.nio.NioSocketChannel.doFinishConnect(NioSocketChannel.java:327)
	at org.apache.ratis.thirdparty.io.netty.channel.nio.AbstractNioChannel$AbstractNioUnsafe.finishConnect(AbstractNioChannel.java:340)
	at org.apache.ratis.thirdparty.io.netty.channel.nio.NioEventLoop.processSelectedKey(NioEventLoop.java:632)
	at org.apache.ratis.thirdparty.io.netty.channel.nio.NioEventLoop.processSelectedKeysOptimized(NioEventLoop.java:579)
	at org.apache.ratis.thirdparty.io.netty.channel.nio.NioEventLoop.processSelectedKeys(NioEventLoop.java:496)
	at org.apache.ratis.thirdparty.io.netty.channel.nio.NioEventLoop.run(NioEventLoop.java:458)
	at org.apache.ratis.thirdparty.io.netty.util.concurrent.SingleThreadEventExecutor$5.run(SingleThreadEventExecutor.java:897)
	at org.apache.ratis.thirdparty.io.netty.util.concurrent.FastThreadLocalRunnable.run(FastThreadLocalRunnable.java:30)
	... 1 more
Caused by: java.net.ConnectException: Connection refused
	... 11 more
2019-09-24 19:06:30,996 [a0991bb0-d059-4b75-b34b-f0d320bfe012@group-84081C198BA3:LeaderElection192] INFO  impl.LeaderElection (LogUtils.java:infoOrTrace(149)) - a0991bb0-d059-4b75-b34b-f0d320bfe012@group-84081C198BA3:LeaderElection192 got exception when requesting votes: {}
java.util.concurrent.ExecutionException: org.apache.ratis.thirdparty.io.grpc.StatusRuntimeException: UNAVAILABLE: io exception
	at java.util.concurrent.FutureTask.report(FutureTask.java:122)
	at java.util.concurrent.FutureTask.get(FutureTask.java:192)
	at org.apache.ratis.server.impl.LeaderElection.waitForResults(LeaderElection.java:263)
	at org.apache.ratis.server.impl.LeaderElection.askForVotes(LeaderElection.java:201)
	at org.apache.ratis.server.impl.LeaderElection.run(LeaderElection.java:133)
	at java.lang.Thread.run(Thread.java:748)
Caused by: org.apache.ratis.thirdparty.io.grpc.StatusRuntimeException: UNAVAILABLE: io exception
	at org.apache.ratis.thirdparty.io.grpc.stub.ClientCalls.toStatusRuntimeException(ClientCalls.java:233)
	at org.apache.ratis.thirdparty.io.grpc.stub.ClientCalls.getUnchecked(ClientCalls.java:214)
	at org.apache.ratis.thirdparty.io.grpc.stub.ClientCalls.blockingUnaryCall(ClientCalls.java:139)
	at org.apache.ratis.proto.grpc.RaftServerProtocolServiceGrpc$RaftServerProtocolServiceBlockingStub.requestVote(RaftServerProtocolServiceGrpc.java:265)
	at org.apache.ratis.grpc.server.GrpcServerProtocolClient.requestVote(GrpcServerProtocolClient.java:90)
	at org.apache.ratis.grpc.server.GrpcService.requestVote(GrpcService.java:204)
	at org.apache.ratis.server.impl.LeaderElection.lambda$submitRequests$1(LeaderElection.java:238)
	at java.util.concurrent.FutureTask.run(FutureTask.java:266)
	at java.util.concurrent.Executors$RunnableAdapter.call(Executors.java:511)
	at java.util.concurrent.FutureTask.run(FutureTask.java:266)
	at java.util.concurrent.ThreadPoolExecutor.runWorker(ThreadPoolExecutor.java:1149)
	at java.util.concurrent.ThreadPoolExecutor$Worker.run(ThreadPoolExecutor.java:624)
	... 1 more
Caused by: org.apache.ratis.thirdparty.io.netty.channel.AbstractChannel$AnnotatedConnectException: Connection refused: /192.168.5.148:46476
	at sun.nio.ch.SocketChannelImpl.checkConnect(Native Method)
	at sun.nio.ch.SocketChannelImpl.finishConnect(SocketChannelImpl.java:717)
	at org.apache.ratis.thirdparty.io.netty.channel.socket.nio.NioSocketChannel.doFinishConnect(NioSocketChannel.java:327)
	at org.apache.ratis.thirdparty.io.netty.channel.nio.AbstractNioChannel$AbstractNioUnsafe.finishConnect(AbstractNioChannel.java:340)
	at org.apache.ratis.thirdparty.io.netty.channel.nio.NioEventLoop.processSelectedKey(NioEventLoop.java:632)
	at org.apache.ratis.thirdparty.io.netty.channel.nio.NioEventLoop.processSelectedKeysOptimized(NioEventLoop.java:579)
	at org.apache.ratis.thirdparty.io.netty.channel.nio.NioEventLoop.processSelectedKeys(NioEventLoop.java:496)
	at org.apache.ratis.thirdparty.io.netty.channel.nio.NioEventLoop.run(NioEventLoop.java:458)
	at org.apache.ratis.thirdparty.io.netty.util.concurrent.SingleThreadEventExecutor$5.run(SingleThreadEventExecutor.java:897)
	at org.apache.ratis.thirdparty.io.netty.util.concurrent.FastThreadLocalRunnable.run(FastThreadLocalRunnable.java:30)
	... 1 more
Caused by: java.net.ConnectException: Connection refused
	... 11 more
2019-09-24 19:06:30,996 [74a8c3a1-4d80-4c26-806c-1183f0126592@group-84081C198BA3:LeaderElection193] INFO  impl.LeaderElection (LeaderElection.java:logAndReturn(56)) - 74a8c3a1-4d80-4c26-806c-1183f0126592@group-84081C198BA3:LeaderElection193: Election REJECTED; received 1 response(s) [74a8c3a1-4d80-4c26-806c-1183f0126592<-a0991bb0-d059-4b75-b34b-f0d320bfe012#0:FAIL-t11] and 1 exception(s); 74a8c3a1-4d80-4c26-806c-1183f0126592@group-84081C198BA3:t11, leader=null, voted=74a8c3a1-4d80-4c26-806c-1183f0126592, raftlog=74a8c3a1-4d80-4c26-806c-1183f0126592@group-84081C198BA3-SegmentedRaftLog:OPENED:c-1,f-1,i0, conf=-1: [a0991bb0-d059-4b75-b34b-f0d320bfe012:192.168.5.148:46271, 74a8c3a1-4d80-4c26-806c-1183f0126592:192.168.5.148:44605, b50c6779-182a-4abf-ac90-b7c5982ab67f:192.168.5.148:46476], old=null
2019-09-24 19:06:30,997 [74a8c3a1-4d80-4c26-806c-1183f0126592@group-84081C198BA3:LeaderElection193] INFO  impl.LeaderElection (LogUtils.java:infoOrTrace(149)) -   Exception 0: {}
java.util.concurrent.ExecutionException: org.apache.ratis.thirdparty.io.grpc.StatusRuntimeException: UNAVAILABLE: io exception
	at java.util.concurrent.FutureTask.report(FutureTask.java:122)
	at java.util.concurrent.FutureTask.get(FutureTask.java:192)
	at org.apache.ratis.server.impl.LeaderElection.waitForResults(LeaderElection.java:263)
	at org.apache.ratis.server.impl.LeaderElection.askForVotes(LeaderElection.java:201)
	at org.apache.ratis.server.impl.LeaderElection.run(LeaderElection.java:133)
	at java.lang.Thread.run(Thread.java:748)
Caused by: org.apache.ratis.thirdparty.io.grpc.StatusRuntimeException: UNAVAILABLE: io exception
	at org.apache.ratis.thirdparty.io.grpc.stub.ClientCalls.toStatusRuntimeException(ClientCalls.java:233)
	at org.apache.ratis.thirdparty.io.grpc.stub.ClientCalls.getUnchecked(ClientCalls.java:214)
	at org.apache.ratis.thirdparty.io.grpc.stub.ClientCalls.blockingUnaryCall(ClientCalls.java:139)
	at org.apache.ratis.proto.grpc.RaftServerProtocolServiceGrpc$RaftServerProtocolServiceBlockingStub.requestVote(RaftServerProtocolServiceGrpc.java:265)
	at org.apache.ratis.grpc.server.GrpcServerProtocolClient.requestVote(GrpcServerProtocolClient.java:90)
	at org.apache.ratis.grpc.server.GrpcService.requestVote(GrpcService.java:204)
	at org.apache.ratis.server.impl.LeaderElection.lambda$submitRequests$1(LeaderElection.java:238)
	at java.util.concurrent.FutureTask.run(FutureTask.java:266)
	at java.util.concurrent.Executors$RunnableAdapter.call(Executors.java:511)
	at java.util.concurrent.FutureTask.run(FutureTask.java:266)
	at java.util.concurrent.ThreadPoolExecutor.runWorker(ThreadPoolExecutor.java:1149)
	at java.util.concurrent.ThreadPoolExecutor$Worker.run(ThreadPoolExecutor.java:624)
	... 1 more
Caused by: org.apache.ratis.thirdparty.io.netty.channel.AbstractChannel$AnnotatedConnectException: Connection refused: /192.168.5.148:46476
	at sun.nio.ch.SocketChannelImpl.checkConnect(Native Method)
	at sun.nio.ch.SocketChannelImpl.finishConnect(SocketChannelImpl.java:717)
	at org.apache.ratis.thirdparty.io.netty.channel.socket.nio.NioSocketChannel.doFinishConnect(NioSocketChannel.java:327)
	at org.apache.ratis.thirdparty.io.netty.channel.nio.AbstractNioChannel$AbstractNioUnsafe.finishConnect(AbstractNioChannel.java:340)
	at org.apache.ratis.thirdparty.io.netty.channel.nio.NioEventLoop.processSelectedKey(NioEventLoop.java:632)
	at org.apache.ratis.thirdparty.io.netty.channel.nio.NioEventLoop.processSelectedKeysOptimized(NioEventLoop.java:579)
	at org.apache.ratis.thirdparty.io.netty.channel.nio.NioEventLoop.processSelectedKeys(NioEventLoop.java:496)
	at org.apache.ratis.thirdparty.io.netty.channel.nio.NioEventLoop.run(NioEventLoop.java:458)
	at org.apache.ratis.thirdparty.io.netty.util.concurrent.SingleThreadEventExecutor$5.run(SingleThreadEventExecutor.java:897)
	at org.apache.ratis.thirdparty.io.netty.util.concurrent.FastThreadLocalRunnable.run(FastThreadLocalRunnable.java:30)
	... 1 more
Caused by: java.net.ConnectException: Connection refused
	... 11 more
2019-09-24 19:06:30,997 [a0991bb0-d059-4b75-b34b-f0d320bfe012@group-84081C198BA3:LeaderElection192] INFO  impl.LeaderElection (LeaderElection.java:logAndReturn(56)) - a0991bb0-d059-4b75-b34b-f0d320bfe012@group-84081C198BA3:LeaderElection192: Election REJECTED; received 1 response(s) [a0991bb0-d059-4b75-b34b-f0d320bfe012<-74a8c3a1-4d80-4c26-806c-1183f0126592#0:FAIL-t11] and 1 exception(s); a0991bb0-d059-4b75-b34b-f0d320bfe012@group-84081C198BA3:t11, leader=null, voted=a0991bb0-d059-4b75-b34b-f0d320bfe012, raftlog=a0991bb0-d059-4b75-b34b-f0d320bfe012@group-84081C198BA3-SegmentedRaftLog:OPENED:c-1,f-1,i0, conf=-1: [a0991bb0-d059-4b75-b34b-f0d320bfe012:192.168.5.148:46271, 74a8c3a1-4d80-4c26-806c-1183f0126592:192.168.5.148:44605, b50c6779-182a-4abf-ac90-b7c5982ab67f:192.168.5.148:46476], old=null
2019-09-24 19:06:30,997 [74a8c3a1-4d80-4c26-806c-1183f0126592@group-84081C198BA3:LeaderElection193] INFO  impl.RaftServerImpl (RaftServerImpl.java:setRole(174)) - 74a8c3a1-4d80-4c26-806c-1183f0126592@group-84081C198BA3: changes role from CANDIDATE to FOLLOWER at term 11 for DISCOVERED_A_NEW_TERM
2019-09-24 19:06:30,997 [a0991bb0-d059-4b75-b34b-f0d320bfe012@group-84081C198BA3:LeaderElection192] INFO  impl.LeaderElection (LogUtils.java:infoOrTrace(149)) -   Exception 0: {}
java.util.concurrent.ExecutionException: org.apache.ratis.thirdparty.io.grpc.StatusRuntimeException: UNAVAILABLE: io exception
	at java.util.concurrent.FutureTask.report(FutureTask.java:122)
	at java.util.concurrent.FutureTask.get(FutureTask.java:192)
	at org.apache.ratis.server.impl.LeaderElection.waitForResults(LeaderElection.java:263)
	at org.apache.ratis.server.impl.LeaderElection.askForVotes(LeaderElection.java:201)
	at org.apache.ratis.server.impl.LeaderElection.run(LeaderElection.java:133)
	at java.lang.Thread.run(Thread.java:748)
Caused by: org.apache.ratis.thirdparty.io.grpc.StatusRuntimeException: UNAVAILABLE: io exception
	at org.apache.ratis.thirdparty.io.grpc.stub.ClientCalls.toStatusRuntimeException(ClientCalls.java:233)
	at org.apache.ratis.thirdparty.io.grpc.stub.ClientCalls.getUnchecked(ClientCalls.java:214)
	at org.apache.ratis.thirdparty.io.grpc.stub.ClientCalls.blockingUnaryCall(ClientCalls.java:139)
	at org.apache.ratis.proto.grpc.RaftServerProtocolServiceGrpc$RaftServerProtocolServiceBlockingStub.requestVote(RaftServerProtocolServiceGrpc.java:265)
	at org.apache.ratis.grpc.server.GrpcServerProtocolClient.requestVote(GrpcServerProtocolClient.java:90)
	at org.apache.ratis.grpc.server.GrpcService.requestVote(GrpcService.java:204)
	at org.apache.ratis.server.impl.LeaderElection.lambda$submitRequests$1(LeaderElection.java:238)
	at java.util.concurrent.FutureTask.run(FutureTask.java:266)
	at java.util.concurrent.Executors$RunnableAdapter.call(Executors.java:511)
	at java.util.concurrent.FutureTask.run(FutureTask.java:266)
	at java.util.concurrent.ThreadPoolExecutor.runWorker(ThreadPoolExecutor.java:1149)
	at java.util.concurrent.ThreadPoolExecutor$Worker.run(ThreadPoolExecutor.java:624)
	... 1 more
Caused by: org.apache.ratis.thirdparty.io.netty.channel.AbstractChannel$AnnotatedConnectException: Connection refused: /192.168.5.148:46476
	at sun.nio.ch.SocketChannelImpl.checkConnect(Native Method)
	at sun.nio.ch.SocketChannelImpl.finishConnect(SocketChannelImpl.java:717)
	at org.apache.ratis.thirdparty.io.netty.channel.socket.nio.NioSocketChannel.doFinishConnect(NioSocketChannel.java:327)
	at org.apache.ratis.thirdparty.io.netty.channel.nio.AbstractNioChannel$AbstractNioUnsafe.finishConnect(AbstractNioChannel.java:340)
	at org.apache.ratis.thirdparty.io.netty.channel.nio.NioEventLoop.processSelectedKey(NioEventLoop.java:632)
	at org.apache.ratis.thirdparty.io.netty.channel.nio.NioEventLoop.processSelectedKeysOptimized(NioEventLoop.java:579)
	at org.apache.ratis.thirdparty.io.netty.channel.nio.NioEventLoop.processSelectedKeys(NioEventLoop.java:496)
	at org.apache.ratis.thirdparty.io.netty.channel.nio.NioEventLoop.run(NioEventLoop.java:458)
	at org.apache.ratis.thirdparty.io.netty.util.concurrent.SingleThreadEventExecutor$5.run(SingleThreadEventExecutor.java:897)
	at org.apache.ratis.thirdparty.io.netty.util.concurrent.FastThreadLocalRunnable.run(FastThreadLocalRunnable.java:30)
	... 1 more
Caused by: java.net.ConnectException: Connection refused
	... 11 more
2019-09-24 19:06:30,998 [74a8c3a1-4d80-4c26-806c-1183f0126592@group-84081C198BA3:LeaderElection193] INFO  impl.RoleInfo (RoleInfo.java:shutdownLeaderElection(134)) - 74a8c3a1-4d80-4c26-806c-1183f0126592: shutdown LeaderElection
2019-09-24 19:06:30,998 [a0991bb0-d059-4b75-b34b-f0d320bfe012@group-84081C198BA3:LeaderElection192] INFO  impl.RaftServerImpl (RaftServerImpl.java:setRole(174)) - a0991bb0-d059-4b75-b34b-f0d320bfe012@group-84081C198BA3: changes role from CANDIDATE to FOLLOWER at term 11 for DISCOVERED_A_NEW_TERM
2019-09-24 19:06:30,998 [74a8c3a1-4d80-4c26-806c-1183f0126592@group-84081C198BA3:LeaderElection193] INFO  impl.RoleInfo (RoleInfo.java:updateAndGet(143)) - 74a8c3a1-4d80-4c26-806c-1183f0126592: start FollowerState
2019-09-24 19:06:30,998 [a0991bb0-d059-4b75-b34b-f0d320bfe012@group-84081C198BA3:LeaderElection192] INFO  impl.RoleInfo (RoleInfo.java:shutdownLeaderElection(134)) - a0991bb0-d059-4b75-b34b-f0d320bfe012: shutdown LeaderElection
2019-09-24 19:06:30,999 [a0991bb0-d059-4b75-b34b-f0d320bfe012@group-84081C198BA3:LeaderElection192] INFO  impl.RoleInfo (RoleInfo.java:updateAndGet(143)) - a0991bb0-d059-4b75-b34b-f0d320bfe012: start FollowerState
2019-09-24 19:06:31,145 [grpc-default-executor-16] WARN  server.GrpcLogAppender (LogUtils.java:warn(134)) - 74a8c3a1-4d80-4c26-806c-1183f0126592@group-9B209ADA5585->b50c6779-182a-4abf-ac90-b7c5982ab67f-AppendLogResponseHandler: Failed appendEntries: org.apache.ratis.thirdparty.io.grpc.StatusRuntimeException: UNAVAILABLE: io exception
2019-09-24 19:06:31,145 [grpc-default-executor-16] INFO  impl.FollowerInfo (FollowerInfo.java:lambda$new$0(51)) - 74a8c3a1-4d80-4c26-806c-1183f0126592@group-9B209ADA5585->b50c6779-182a-4abf-ac90-b7c5982ab67f: nextIndex: updateUnconditionally 0 -> 0
2019-09-24 19:06:31,402 [grpc-default-executor-16] WARN  server.GrpcLogAppender (LogUtils.java:warn(134)) - a0991bb0-d059-4b75-b34b-f0d320bfe012@group-192AEBA694D5->b50c6779-182a-4abf-ac90-b7c5982ab67f-AppendLogResponseHandler: Failed appendEntries: org.apache.ratis.thirdparty.io.grpc.StatusRuntimeException: UNAVAILABLE: io exception
2019-09-24 19:06:31,402 [grpc-default-executor-16] INFO  impl.FollowerInfo (FollowerInfo.java:lambda$new$0(51)) - a0991bb0-d059-4b75-b34b-f0d320bfe012@group-192AEBA694D5->b50c6779-182a-4abf-ac90-b7c5982ab67f: nextIndex: updateUnconditionally 0 -> 0
2019-09-24 19:06:31,648 [grpc-default-executor-16] WARN  server.GrpcLogAppender (LogUtils.java:warn(134)) - 74a8c3a1-4d80-4c26-806c-1183f0126592@group-9B209ADA5585->b50c6779-182a-4abf-ac90-b7c5982ab67f-AppendLogResponseHandler: Failed appendEntries: org.apache.ratis.thirdparty.io.grpc.StatusRuntimeException: UNAVAILABLE: io exception
2019-09-24 19:06:31,648 [grpc-default-executor-16] INFO  impl.FollowerInfo (FollowerInfo.java:lambda$new$0(51)) - 74a8c3a1-4d80-4c26-806c-1183f0126592@group-9B209ADA5585->b50c6779-182a-4abf-ac90-b7c5982ab67f: nextIndex: updateUnconditionally 0 -> 0
2019-09-24 19:06:31,904 [grpc-default-executor-13] WARN  server.GrpcLogAppender (LogUtils.java:warn(134)) - a0991bb0-d059-4b75-b34b-f0d320bfe012@group-192AEBA694D5->b50c6779-182a-4abf-ac90-b7c5982ab67f-AppendLogResponseHandler: Failed appendEntries: org.apache.ratis.thirdparty.io.grpc.StatusRuntimeException: UNAVAILABLE: io exception
2019-09-24 19:06:31,905 [grpc-default-executor-13] INFO  impl.FollowerInfo (FollowerInfo.java:lambda$new$0(51)) - a0991bb0-d059-4b75-b34b-f0d320bfe012@group-192AEBA694D5->b50c6779-182a-4abf-ac90-b7c5982ab67f: nextIndex: updateUnconditionally 0 -> 0
2019-09-24 19:06:32,005 [main] INFO  ozoneimpl.OzoneContainer (OzoneContainer.java:stop(231)) - Attempting to stop container services.
2019-09-24 19:06:32,006 [main] INFO  impl.RaftServerProxy (RaftServerProxy.java:lambda$close$4(314)) - 74a8c3a1-4d80-4c26-806c-1183f0126592: close
2019-09-24 19:06:32,006 [main] INFO  impl.RaftServerImpl (RaftServerImpl.java:lambda$shutdown$3(251)) - 74a8c3a1-4d80-4c26-806c-1183f0126592@group-9B209ADA5585: shutdown
2019-09-24 19:06:32,007 [main] INFO  util.JmxRegister (JmxRegister.java:unregister(73)) - Successfully un-registered JMX Bean with object name Ratis:service=RaftServer,group=group-9B209ADA5585,id=74a8c3a1-4d80-4c26-806c-1183f0126592
2019-09-24 19:06:32,007 [main] INFO  impl.RoleInfo (RoleInfo.java:shutdownLeaderState(104)) - 74a8c3a1-4d80-4c26-806c-1183f0126592: shutdown LeaderState
2019-09-24 19:06:32,011 [org.apache.ratis.server.impl.LogAppender$AppenderDaemon$$Lambda$482/945058366@33f37b55] WARN  server.GrpcLogAppender (GrpcLogAppender.java:mayWait(143)) - 74a8c3a1-4d80-4c26-806c-1183f0126592@group-9B209ADA5585->a0991bb0-d059-4b75-b34b-f0d320bfe012-GrpcLogAppender: Wait interrupted by java.lang.InterruptedException
2019-09-24 19:06:32,011 [main] INFO  impl.PendingRequests (PendingRequests.java:sendNotLeaderResponses(202)) - 74a8c3a1-4d80-4c26-806c-1183f0126592-PendingRequests: sendNotLeaderResponses
2019-09-24 19:06:32,011 [org.apache.ratis.server.impl.LogAppender$AppenderDaemon$$Lambda$482/945058366@3ce18cc] WARN  server.GrpcLogAppender (GrpcLogAppender.java:mayWait(143)) - 74a8c3a1-4d80-4c26-806c-1183f0126592@group-9B209ADA5585->b50c6779-182a-4abf-ac90-b7c5982ab67f-GrpcLogAppender: Wait interrupted by java.lang.InterruptedException
2019-09-24 19:06:32,011 [grpc-default-executor-13] INFO  server.GrpcServerProtocolService (GrpcServerProtocolService.java:onCompleted(113)) - a0991bb0-d059-4b75-b34b-f0d320bfe012: Completed APPEND_ENTRIES, lastRequest: 74a8c3a1-4d80-4c26-806c-1183f0126592->a0991bb0-d059-4b75-b34b-f0d320bfe012#32-t3, previous=(t:3, i:0), leaderCommit=0, initializing? false, entries: <empty>
2019-09-24 19:06:32,012 [main] INFO  impl.StateMachineUpdater (StateMachineUpdater.java:stopAndJoin(125)) - 74a8c3a1-4d80-4c26-806c-1183f0126592@group-9B209ADA5585-StateMachineUpdater: set stopIndex = 0
2019-09-24 19:06:32,012 [grpc-default-executor-16] INFO  server.GrpcLogAppender (GrpcLogAppender.java:onCompleted(293)) - 74a8c3a1-4d80-4c26-806c-1183f0126592@group-9B209ADA5585->a0991bb0-d059-4b75-b34b-f0d320bfe012-AppendLogResponseHandler: follower responses appendEntries COMPLETED
2019-09-24 19:06:32,012 [main] INFO  impl.RaftServerImpl (ServerState.java:close(385)) - 74a8c3a1-4d80-4c26-806c-1183f0126592@group-9B209ADA5585: closes. applyIndex: 0
2019-09-24 19:06:32,013 [grpc-default-executor-16] INFO  impl.FollowerInfo (FollowerInfo.java:lambda$new$0(51)) - 74a8c3a1-4d80-4c26-806c-1183f0126592@group-9B209ADA5585->a0991bb0-d059-4b75-b34b-f0d320bfe012: nextIndex: updateUnconditionally 1 -> 0
2019-09-24 19:06:32,013 [74a8c3a1-4d80-4c26-806c-1183f0126592@group-9B209ADA5585-SegmentedRaftLogWorker] INFO  segmented.SegmentedRaftLogWorker (SegmentedRaftLogWorker.java:run(313)) - 74a8c3a1-4d80-4c26-806c-1183f0126592@group-9B209ADA5585-SegmentedRaftLogWorker was interrupted, exiting. There are 0 tasks remaining in the queue.
2019-09-24 19:06:32,015 [main] INFO  segmented.SegmentedRaftLogWorker (SegmentedRaftLogWorker.java:close(228)) - 74a8c3a1-4d80-4c26-806c-1183f0126592@group-9B209ADA5585-SegmentedRaftLogWorker close()
2019-09-24 19:06:32,018 [main] INFO  impl.RaftServerImpl (RaftServerImpl.java:lambda$shutdown$3(251)) - 74a8c3a1-4d80-4c26-806c-1183f0126592@group-84081C198BA3: shutdown
2019-09-24 19:06:32,019 [main] INFO  util.JmxRegister (JmxRegister.java:unregister(73)) - Successfully un-registered JMX Bean with object name Ratis:service=RaftServer,group=group-84081C198BA3,id=74a8c3a1-4d80-4c26-806c-1183f0126592
2019-09-24 19:06:32,019 [main] INFO  impl.RoleInfo (RoleInfo.java:shutdownFollowerState(121)) - 74a8c3a1-4d80-4c26-806c-1183f0126592: shutdown FollowerState
2019-09-24 19:06:32,019 [main] INFO  impl.StateMachineUpdater (StateMachineUpdater.java:stopAndJoin(125)) - 74a8c3a1-4d80-4c26-806c-1183f0126592@group-84081C198BA3-StateMachineUpdater: set stopIndex = -1
2019-09-24 19:06:32,020 [main] INFO  impl.RaftServerImpl (ServerState.java:close(385)) - 74a8c3a1-4d80-4c26-806c-1183f0126592@group-84081C198BA3: closes. applyIndex: -1
2019-09-24 19:06:32,020 [Thread-2855] INFO  impl.FollowerState (FollowerState.java:run(115)) - 74a8c3a1-4d80-4c26-806c-1183f0126592: FollowerState was interrupted: java.lang.InterruptedException: sleep interrupted
2019-09-24 19:06:32,021 [74a8c3a1-4d80-4c26-806c-1183f0126592@group-84081C198BA3-SegmentedRaftLogWorker] INFO  segmented.SegmentedRaftLogWorker (SegmentedRaftLogWorker.java:run(313)) - 74a8c3a1-4d80-4c26-806c-1183f0126592@group-84081C198BA3-SegmentedRaftLogWorker was interrupted, exiting. There are 0 tasks remaining in the queue.
2019-09-24 19:06:32,021 [main] INFO  segmented.SegmentedRaftLogWorker (SegmentedRaftLogWorker.java:close(228)) - 74a8c3a1-4d80-4c26-806c-1183f0126592@group-84081C198BA3-SegmentedRaftLogWorker close()
2019-09-24 19:06:32,025 [main] INFO  impl.RaftServerImpl (RaftServerImpl.java:lambda$shutdown$3(251)) - 74a8c3a1-4d80-4c26-806c-1183f0126592@group-192AEBA694D5: shutdown
2019-09-24 19:06:32,025 [main] INFO  util.JmxRegister (JmxRegister.java:unregister(73)) - Successfully un-registered JMX Bean with object name Ratis:service=RaftServer,group=group-192AEBA694D5,id=74a8c3a1-4d80-4c26-806c-1183f0126592
2019-09-24 19:06:32,026 [main] INFO  impl.RoleInfo (RoleInfo.java:shutdownFollowerState(121)) - 74a8c3a1-4d80-4c26-806c-1183f0126592: shutdown FollowerState
2019-09-24 19:06:32,026 [main] INFO  impl.StateMachineUpdater (StateMachineUpdater.java:stopAndJoin(125)) - 74a8c3a1-4d80-4c26-806c-1183f0126592@group-192AEBA694D5-StateMachineUpdater: set stopIndex = 0
2019-09-24 19:06:32,026 [Thread-2746] INFO  impl.FollowerState (FollowerState.java:run(115)) - 74a8c3a1-4d80-4c26-806c-1183f0126592: FollowerState was interrupted: java.lang.InterruptedException: sleep interrupted
2019-09-24 19:06:32,026 [main] INFO  impl.RaftServerImpl (ServerState.java:close(385)) - 74a8c3a1-4d80-4c26-806c-1183f0126592@group-192AEBA694D5: closes. applyIndex: 0
2019-09-24 19:06:32,027 [74a8c3a1-4d80-4c26-806c-1183f0126592@group-192AEBA694D5-SegmentedRaftLogWorker] INFO  segmented.SegmentedRaftLogWorker (SegmentedRaftLogWorker.java:run(313)) - 74a8c3a1-4d80-4c26-806c-1183f0126592@group-192AEBA694D5-SegmentedRaftLogWorker was interrupted, exiting. There are 0 tasks remaining in the queue.
2019-09-24 19:06:32,029 [main] INFO  segmented.SegmentedRaftLogWorker (SegmentedRaftLogWorker.java:close(228)) - 74a8c3a1-4d80-4c26-806c-1183f0126592@group-192AEBA694D5-SegmentedRaftLogWorker close()
2019-09-24 19:06:32,032 [main] INFO  server.GrpcService (GrpcService.java:closeImpl(164)) - 74a8c3a1-4d80-4c26-806c-1183f0126592: shutdown server with port 44605 now
2019-09-24 19:06:32,034 [grpc-default-executor-13] WARN  server.GrpcServerProtocolService (LogUtils.java:warn(134)) - 74a8c3a1-4d80-4c26-806c-1183f0126592: installSnapshot onError, lastRequest: a0991bb0-d059-4b75-b34b-f0d320bfe012->74a8c3a1-4d80-4c26-806c-1183f0126592#22-t4, previous=(t:4, i:0), leaderCommit=0, initializing? false, entries: <empty>: org.apache.ratis.thirdparty.io.grpc.StatusRuntimeException: CANCELLED: cancelled before receiving half close
2019-09-24 19:06:32,034 [grpc-default-executor-16] WARN  server.GrpcLogAppender (LogUtils.java:warn(134)) - a0991bb0-d059-4b75-b34b-f0d320bfe012@group-192AEBA694D5->74a8c3a1-4d80-4c26-806c-1183f0126592-AppendLogResponseHandler: Failed appendEntries: org.apache.ratis.thirdparty.io.grpc.StatusRuntimeException: CANCELLED: HTTP/2 error code: CANCEL
Received Rst Stream
2019-09-24 19:06:32,034 [main] INFO  server.GrpcService (GrpcService.java:closeImpl(172)) - 74a8c3a1-4d80-4c26-806c-1183f0126592: shutdown server with port 44605 successfully
2019-09-24 19:06:32,034 [grpc-default-executor-16] INFO  impl.FollowerInfo (FollowerInfo.java:lambda$new$0(51)) - a0991bb0-d059-4b75-b34b-f0d320bfe012@group-192AEBA694D5->74a8c3a1-4d80-4c26-806c-1183f0126592: nextIndex: updateUnconditionally 1 -> 0
2019-09-24 19:06:32,038 [refreshUsed-/workdir/hadoop-ozone/integration-test/target/test-dir/MiniOzoneClusterImpl-136902ad-9ad3-4579-ab1e-826ed1576804/datanode-7/data/containers] WARN  fs.CachingGetSpaceUsed (CachingGetSpaceUsed.java:run(183)) - Thread Interrupted waiting to refresh disk information: sleep interrupted
2019-09-24 19:06:32,054 [main] INFO  utils.BackgroundService (BackgroundService.java:shutdown(148)) - Shutting down service BlockDeletingService
2019-09-24 19:06:32,059 [main] INFO  statemachine.DatanodeStateMachine (DatanodeStateMachine.java:stopDaemon(395)) - Ozone container server stopped.
2019-09-24 19:06:32,060 [main] INFO  handler.ContextHandler (ContextHandler.java:doStop(910)) - Stopped o.e.j.w.WebAppContext@2c604965{/,null,UNAVAILABLE}{/hddsDatanode}
2019-09-24 19:06:32,061 [main] INFO  server.AbstractConnector (AbstractConnector.java:doStop(318)) - Stopped ServerConnector@57f8951a{HTTP/1.1,[http/1.1]}{0.0.0.0:0}
2019-09-24 19:06:32,062 [main] INFO  handler.ContextHandler (ContextHandler.java:doStop(910)) - Stopped o.e.j.s.ServletContextHandler@310a7859{/static,jar:file:/home/user/.m2/repository/org/apache/hadoop/hadoop-hdds-container-service/0.5.0-SNAPSHOT/hadoop-hdds-container-service-0.5.0-SNAPSHOT.jar!/webapps/static,UNAVAILABLE}
2019-09-24 19:06:32,062 [main] INFO  handler.ContextHandler (ContextHandler.java:doStop(910)) - Stopped o.e.j.s.ServletContextHandler@a0bf272{/logs,file:///workdir/hadoop-ozone/integration-test/target/log,UNAVAILABLE}
2019-09-24 19:06:32,106 [Thread-2856] INFO  impl.FollowerState (FollowerState.java:run(106)) - a0991bb0-d059-4b75-b34b-f0d320bfe012:group-84081C198BA3 changes to CANDIDATE, lastRpcTime:1107, electionTimeout:1107ms
2019-09-24 19:06:32,107 [Thread-2856] INFO  impl.RoleInfo (RoleInfo.java:shutdownFollowerState(121)) - a0991bb0-d059-4b75-b34b-f0d320bfe012: shutdown FollowerState
2019-09-24 19:06:32,107 [Thread-2856] INFO  impl.RaftServerImpl (RaftServerImpl.java:setRole(174)) - a0991bb0-d059-4b75-b34b-f0d320bfe012@group-84081C198BA3: changes role from  FOLLOWER to CANDIDATE at term 11 for changeToCandidate
2019-09-24 19:06:32,107 [Thread-2856] INFO  impl.RoleInfo (RoleInfo.java:updateAndGet(143)) - a0991bb0-d059-4b75-b34b-f0d320bfe012: start LeaderElection
2019-09-24 19:06:32,405 [grpc-default-executor-13] WARN  server.GrpcLogAppender (LogUtils.java:warn(134)) - a0991bb0-d059-4b75-b34b-f0d320bfe012@group-192AEBA694D5->b50c6779-182a-4abf-ac90-b7c5982ab67f-AppendLogResponseHandler: Failed appendEntries: org.apache.ratis.thirdparty.io.grpc.StatusRuntimeException: UNAVAILABLE: io exception
2019-09-24 19:06:32,405 [grpc-default-executor-13] INFO  impl.FollowerInfo (FollowerInfo.java:lambda$new$0(51)) - a0991bb0-d059-4b75-b34b-f0d320bfe012@group-192AEBA694D5->b50c6779-182a-4abf-ac90-b7c5982ab67f: nextIndex: updateUnconditionally 0 -> 0
2019-09-24 19:06:32,474 [grpc-default-executor-10] WARN  server.GrpcLogAppender (LogUtils.java:warn(134)) - a0991bb0-d059-4b75-b34b-f0d320bfe012@group-192AEBA694D5->74a8c3a1-4d80-4c26-806c-1183f0126592-AppendLogResponseHandler: Failed appendEntries: org.apache.ratis.thirdparty.io.grpc.StatusRuntimeException: UNAVAILABLE: io exception
2019-09-24 19:06:32,475 [grpc-default-executor-10] INFO  impl.FollowerInfo (FollowerInfo.java:lambda$new$0(51)) - a0991bb0-d059-4b75-b34b-f0d320bfe012@group-192AEBA694D5->74a8c3a1-4d80-4c26-806c-1183f0126592: nextIndex: updateUnconditionally 0 -> 0
2019-09-24 19:06:32,495 [a0991bb0-d059-4b75-b34b-f0d320bfe012@group-84081C198BA3:LeaderElection194] INFO  impl.LeaderElection (LeaderElection.java:askForVotes(182)) - a0991bb0-d059-4b75-b34b-f0d320bfe012@group-84081C198BA3:LeaderElection194: begin an election at term 12 for -1: [a0991bb0-d059-4b75-b34b-f0d320bfe012:192.168.5.148:46271, 74a8c3a1-4d80-4c26-806c-1183f0126592:192.168.5.148:44605, b50c6779-182a-4abf-ac90-b7c5982ab67f:192.168.5.148:46476], old=null
2019-09-24 19:06:32,822 [a0991bb0-d059-4b75-b34b-f0d320bfe012@group-84081C198BA3:LeaderElection194] INFO  impl.LeaderElection (LogUtils.java:infoOrTrace(149)) - a0991bb0-d059-4b75-b34b-f0d320bfe012@group-84081C198BA3:LeaderElection194 got exception when requesting votes: {}
java.util.concurrent.ExecutionException: org.apache.ratis.thirdparty.io.grpc.StatusRuntimeException: UNAVAILABLE: io exception
	at java.util.concurrent.FutureTask.report(FutureTask.java:122)
	at java.util.concurrent.FutureTask.get(FutureTask.java:192)
	at org.apache.ratis.server.impl.LeaderElection.waitForResults(LeaderElection.java:263)
	at org.apache.ratis.server.impl.LeaderElection.askForVotes(LeaderElection.java:201)
	at org.apache.ratis.server.impl.LeaderElection.run(LeaderElection.java:133)
	at java.lang.Thread.run(Thread.java:748)
Caused by: org.apache.ratis.thirdparty.io.grpc.StatusRuntimeException: UNAVAILABLE: io exception
	at org.apache.ratis.thirdparty.io.grpc.stub.ClientCalls.toStatusRuntimeException(ClientCalls.java:233)
	at org.apache.ratis.thirdparty.io.grpc.stub.ClientCalls.getUnchecked(ClientCalls.java:214)
	at org.apache.ratis.thirdparty.io.grpc.stub.ClientCalls.blockingUnaryCall(ClientCalls.java:139)
	at org.apache.ratis.proto.grpc.RaftServerProtocolServiceGrpc$RaftServerProtocolServiceBlockingStub.requestVote(RaftServerProtocolServiceGrpc.java:265)
	at org.apache.ratis.grpc.server.GrpcServerProtocolClient.requestVote(GrpcServerProtocolClient.java:90)
	at org.apache.ratis.grpc.server.GrpcService.requestVote(GrpcService.java:204)
	at org.apache.ratis.server.impl.LeaderElection.lambda$submitRequests$1(LeaderElection.java:238)
	at java.util.concurrent.FutureTask.run(FutureTask.java:266)
	at java.util.concurrent.Executors$RunnableAdapter.call(Executors.java:511)
	at java.util.concurrent.FutureTask.run(FutureTask.java:266)
	at java.util.concurrent.ThreadPoolExecutor.runWorker(ThreadPoolExecutor.java:1149)
	at java.util.concurrent.ThreadPoolExecutor$Worker.run(ThreadPoolExecutor.java:624)
	... 1 more
Caused by: org.apache.ratis.thirdparty.io.netty.channel.AbstractChannel$AnnotatedConnectException: Connection refused: /192.168.5.148:44605
	at sun.nio.ch.SocketChannelImpl.checkConnect(Native Method)
	at sun.nio.ch.SocketChannelImpl.finishConnect(SocketChannelImpl.java:717)
	at org.apache.ratis.thirdparty.io.netty.channel.socket.nio.NioSocketChannel.doFinishConnect(NioSocketChannel.java:327)
	at org.apache.ratis.thirdparty.io.netty.channel.nio.AbstractNioChannel$AbstractNioUnsafe.finishConnect(AbstractNioChannel.java:340)
	at org.apache.ratis.thirdparty.io.netty.channel.nio.NioEventLoop.processSelectedKey(NioEventLoop.java:632)
	at org.apache.ratis.thirdparty.io.netty.channel.nio.NioEventLoop.processSelectedKeysOptimized(NioEventLoop.java:579)
	at org.apache.ratis.thirdparty.io.netty.channel.nio.NioEventLoop.processSelectedKeys(NioEventLoop.java:496)
	at org.apache.ratis.thirdparty.io.netty.channel.nio.NioEventLoop.run(NioEventLoop.java:458)
	at org.apache.ratis.thirdparty.io.netty.util.concurrent.SingleThreadEventExecutor$5.run(SingleThreadEventExecutor.java:897)
	at org.apache.ratis.thirdparty.io.netty.util.concurrent.FastThreadLocalRunnable.run(FastThreadLocalRunnable.java:30)
	... 1 more
Caused by: java.net.ConnectException: Connection refused
	... 11 more
2019-09-24 19:06:32,915 [grpc-default-executor-13] WARN  server.GrpcLogAppender (LogUtils.java:warn(134)) - a0991bb0-d059-4b75-b34b-f0d320bfe012@group-192AEBA694D5->b50c6779-182a-4abf-ac90-b7c5982ab67f-AppendLogResponseHandler: Failed appendEntries: org.apache.ratis.thirdparty.io.grpc.StatusRuntimeException: UNAVAILABLE: io exception
2019-09-24 19:06:32,852 [Thread-2655] INFO  impl.FollowerState (FollowerState.java:run(106)) - a0991bb0-d059-4b75-b34b-f0d320bfe012:group-9B209ADA5585 changes to CANDIDATE, lastRpcTime:1171, electionTimeout:1142ms
2019-09-24 19:06:32,922 [grpc-default-executor-13] INFO  impl.FollowerInfo (FollowerInfo.java:lambda$new$0(51)) - a0991bb0-d059-4b75-b34b-f0d320bfe012@group-192AEBA694D5->b50c6779-182a-4abf-ac90-b7c5982ab67f: nextIndex: updateUnconditionally 0 -> 0
2019-09-24 19:06:32,916 [a0991bb0-d059-4b75-b34b-f0d320bfe012@group-84081C198BA3:LeaderElection194] INFO  impl.LeaderElection (LogUtils.java:infoOrTrace(149)) - a0991bb0-d059-4b75-b34b-f0d320bfe012@group-84081C198BA3:LeaderElection194 got exception when requesting votes: {}
java.util.concurrent.ExecutionException: org.apache.ratis.thirdparty.io.grpc.StatusRuntimeException: UNAVAILABLE: io exception
	at java.util.concurrent.FutureTask.report(FutureTask.java:122)
	at java.util.concurrent.FutureTask.get(FutureTask.java:192)
	at org.apache.ratis.server.impl.LeaderElection.waitForResults(LeaderElection.java:263)
	at org.apache.ratis.server.impl.LeaderElection.askForVotes(LeaderElection.java:201)
	at org.apache.ratis.server.impl.LeaderElection.run(LeaderElection.java:133)
	at java.lang.Thread.run(Thread.java:748)
Caused by: org.apache.ratis.thirdparty.io.grpc.StatusRuntimeException: UNAVAILABLE: io exception
	at org.apache.ratis.thirdparty.io.grpc.stub.ClientCalls.toStatusRuntimeException(ClientCalls.java:233)
	at org.apache.ratis.thirdparty.io.grpc.stub.ClientCalls.getUnchecked(ClientCalls.java:214)
	at org.apache.ratis.thirdparty.io.grpc.stub.ClientCalls.blockingUnaryCall(ClientCalls.java:139)
	at org.apache.ratis.proto.grpc.RaftServerProtocolServiceGrpc$RaftServerProtocolServiceBlockingStub.requestVote(RaftServerProtocolServiceGrpc.java:265)
	at org.apache.ratis.grpc.server.GrpcServerProtocolClient.requestVote(GrpcServerProtocolClient.java:90)
	at org.apache.ratis.grpc.server.GrpcService.requestVote(GrpcService.java:204)
	at org.apache.ratis.server.impl.LeaderElection.lambda$submitRequests$1(LeaderElection.java:238)
	at java.util.concurrent.FutureTask.run(FutureTask.java:266)
	at java.util.concurrent.Executors$RunnableAdapter.call(Executors.java:511)
	at java.util.concurrent.FutureTask.run(FutureTask.java:266)
	at java.util.concurrent.ThreadPoolExecutor.runWorker(ThreadPoolExecutor.java:1149)
	at java.util.concurrent.ThreadPoolExecutor$Worker.run(ThreadPoolExecutor.java:624)
	... 1 more
Caused by: org.apache.ratis.thirdparty.io.netty.channel.AbstractChannel$AnnotatedConnectException: Connection refused: /192.168.5.148:46476
	at sun.nio.ch.SocketChannelImpl.checkConnect(Native Method)
	at sun.nio.ch.SocketChannelImpl.finishConnect(SocketChannelImpl.java:717)
	at org.apache.ratis.thirdparty.io.netty.channel.socket.nio.NioSocketChannel.doFinishConnect(NioSocketChannel.java:327)
	at org.apache.ratis.thirdparty.io.netty.channel.nio.AbstractNioChannel$AbstractNioUnsafe.finishConnect(AbstractNioChannel.java:340)
	at org.apache.ratis.thirdparty.io.netty.channel.nio.NioEventLoop.processSelectedKey(NioEventLoop.java:632)
	at org.apache.ratis.thirdparty.io.netty.channel.nio.NioEventLoop.processSelectedKeysOptimized(NioEventLoop.java:579)
	at org.apache.ratis.thirdparty.io.netty.channel.nio.NioEventLoop.processSelectedKeys(NioEventLoop.java:496)
	at org.apache.ratis.thirdparty.io.netty.channel.nio.NioEventLoop.run(NioEventLoop.java:458)
	at org.apache.ratis.thirdparty.io.netty.util.concurrent.SingleThreadEventExecutor$5.run(SingleThreadEventExecutor.java:897)
	at org.apache.ratis.thirdparty.io.netty.util.concurrent.FastThreadLocalRunnable.run(FastThreadLocalRunnable.java:30)
	... 1 more
Caused by: java.net.ConnectException: Connection refused
	... 11 more
2019-09-24 19:06:32,922 [Thread-2655] INFO  impl.RoleInfo (RoleInfo.java:shutdownFollowerState(121)) - a0991bb0-d059-4b75-b34b-f0d320bfe012: shutdown FollowerState
2019-09-24 19:06:32,923 [a0991bb0-d059-4b75-b34b-f0d320bfe012@group-84081C198BA3:LeaderElection194] INFO  impl.LeaderElection (LeaderElection.java:logAndReturn(56)) - a0991bb0-d059-4b75-b34b-f0d320bfe012@group-84081C198BA3:LeaderElection194: Election REJECTED; received 0 response(s) [] and 2 exception(s); a0991bb0-d059-4b75-b34b-f0d320bfe012@group-84081C198BA3:t12, leader=null, voted=a0991bb0-d059-4b75-b34b-f0d320bfe012, raftlog=a0991bb0-d059-4b75-b34b-f0d320bfe012@group-84081C198BA3-SegmentedRaftLog:OPENED:c-1,f-1,i0, conf=-1: [a0991bb0-d059-4b75-b34b-f0d320bfe012:192.168.5.148:46271, 74a8c3a1-4d80-4c26-806c-1183f0126592:192.168.5.148:44605, b50c6779-182a-4abf-ac90-b7c5982ab67f:192.168.5.148:46476], old=null
2019-09-24 19:06:32,923 [Thread-2655] INFO  impl.RaftServerImpl (RaftServerImpl.java:setRole(174)) - a0991bb0-d059-4b75-b34b-f0d320bfe012@group-9B209ADA5585: changes role from  FOLLOWER to CANDIDATE at term 3 for changeToCandidate
2019-09-24 19:06:32,923 [a0991bb0-d059-4b75-b34b-f0d320bfe012@group-84081C198BA3:LeaderElection194] INFO  impl.LeaderElection (LogUtils.java:infoOrTrace(149)) -   Exception 0: {}
java.util.concurrent.ExecutionException: org.apache.ratis.thirdparty.io.grpc.StatusRuntimeException: UNAVAILABLE: io exception
	at java.util.concurrent.FutureTask.report(FutureTask.java:122)
	at java.util.concurrent.FutureTask.get(FutureTask.java:192)
	at org.apache.ratis.server.impl.LeaderElection.waitForResults(LeaderElection.java:263)
	at org.apache.ratis.server.impl.LeaderElection.askForVotes(LeaderElection.java:201)
	at org.apache.ratis.server.impl.LeaderElection.run(LeaderElection.java:133)
	at java.lang.Thread.run(Thread.java:748)
Caused by: org.apache.ratis.thirdparty.io.grpc.StatusRuntimeException: UNAVAILABLE: io exception
	at org.apache.ratis.thirdparty.io.grpc.stub.ClientCalls.toStatusRuntimeException(ClientCalls.java:233)
	at org.apache.ratis.thirdparty.io.grpc.stub.ClientCalls.getUnchecked(ClientCalls.java:214)
	at org.apache.ratis.thirdparty.io.grpc.stub.ClientCalls.blockingUnaryCall(ClientCalls.java:139)
	at org.apache.ratis.proto.grpc.RaftServerProtocolServiceGrpc$RaftServerProtocolServiceBlockingStub.requestVote(RaftServerProtocolServiceGrpc.java:265)
	at org.apache.ratis.grpc.server.GrpcServerProtocolClient.requestVote(GrpcServerProtocolClient.java:90)
	at org.apache.ratis.grpc.server.GrpcService.requestVote(GrpcService.java:204)
	at org.apache.ratis.server.impl.LeaderElection.lambda$submitRequests$1(LeaderElection.java:238)
	at java.util.concurrent.FutureTask.run(FutureTask.java:266)
	at java.util.concurrent.Executors$RunnableAdapter.call(Executors.java:511)
	at java.util.concurrent.FutureTask.run(FutureTask.java:266)
	at java.util.concurrent.ThreadPoolExecutor.runWorker(ThreadPoolExecutor.java:1149)
	at java.util.concurrent.ThreadPoolExecutor$Worker.run(ThreadPoolExecutor.java:624)
	... 1 more
Caused by: org.apache.ratis.thirdparty.io.netty.channel.AbstractChannel$AnnotatedConnectException: Connection refused: /192.168.5.148:44605
	at sun.nio.ch.SocketChannelImpl.checkConnect(Native Method)
	at sun.nio.ch.SocketChannelImpl.finishConnect(SocketChannelImpl.java:717)
	at org.apache.ratis.thirdparty.io.netty.channel.socket.nio.NioSocketChannel.doFinishConnect(NioSocketChannel.java:327)
	at org.apache.ratis.thirdparty.io.netty.channel.nio.AbstractNioChannel$AbstractNioUnsafe.finishConnect(AbstractNioChannel.java:340)
	at org.apache.ratis.thirdparty.io.netty.channel.nio.NioEventLoop.processSelectedKey(NioEventLoop.java:632)
	at org.apache.ratis.thirdparty.io.netty.channel.nio.NioEventLoop.processSelectedKeysOptimized(NioEventLoop.java:579)
	at org.apache.ratis.thirdparty.io.netty.channel.nio.NioEventLoop.processSelectedKeys(NioEventLoop.java:496)
	at org.apache.ratis.thirdparty.io.netty.channel.nio.NioEventLoop.run(NioEventLoop.java:458)
	at org.apache.ratis.thirdparty.io.netty.util.concurrent.SingleThreadEventExecutor$5.run(SingleThreadEventExecutor.java:897)
	at org.apache.ratis.thirdparty.io.netty.util.concurrent.FastThreadLocalRunnable.run(FastThreadLocalRunnable.java:30)
	... 1 more
Caused by: java.net.ConnectException: Connection refused
	... 11 more
2019-09-24 19:06:32,923 [Thread-2655] INFO  impl.RoleInfo (RoleInfo.java:updateAndGet(143)) - a0991bb0-d059-4b75-b34b-f0d320bfe012: start LeaderElection
2019-09-24 19:06:32,923 [a0991bb0-d059-4b75-b34b-f0d320bfe012@group-84081C198BA3:LeaderElection194] INFO  impl.LeaderElection (LogUtils.java:infoOrTrace(149)) -   Exception 1: {}
java.util.concurrent.ExecutionException: org.apache.ratis.thirdparty.io.grpc.StatusRuntimeException: UNAVAILABLE: io exception
	at java.util.concurrent.FutureTask.report(FutureTask.java:122)
	at java.util.concurrent.FutureTask.get(FutureTask.java:192)
	at org.apache.ratis.server.impl.LeaderElection.waitForResults(LeaderElection.java:263)
	at org.apache.ratis.server.impl.LeaderElection.askForVotes(LeaderElection.java:201)
	at org.apache.ratis.server.impl.LeaderElection.run(LeaderElection.java:133)
	at java.lang.Thread.run(Thread.java:748)
Caused by: org.apache.ratis.thirdparty.io.grpc.StatusRuntimeException: UNAVAILABLE: io exception
	at org.apache.ratis.thirdparty.io.grpc.stub.ClientCalls.toStatusRuntimeException(ClientCalls.java:233)
	at org.apache.ratis.thirdparty.io.grpc.stub.ClientCalls.getUnchecked(ClientCalls.java:214)
	at org.apache.ratis.thirdparty.io.grpc.stub.ClientCalls.blockingUnaryCall(ClientCalls.java:139)
	at org.apache.ratis.proto.grpc.RaftServerProtocolServiceGrpc$RaftServerProtocolServiceBlockingStub.requestVote(RaftServerProtocolServiceGrpc.java:265)
	at org.apache.ratis.grpc.server.GrpcServerProtocolClient.requestVote(GrpcServerProtocolClient.java:90)
	at org.apache.ratis.grpc.server.GrpcService.requestVote(GrpcService.java:204)
	at org.apache.ratis.server.impl.LeaderElection.lambda$submitRequests$1(LeaderElection.java:238)
	at java.util.concurrent.FutureTask.run(FutureTask.java:266)
	at java.util.concurrent.Executors$RunnableAdapter.call(Executors.java:511)
	at java.util.concurrent.FutureTask.run(FutureTask.java:266)
	at java.util.concurrent.ThreadPoolExecutor.runWorker(ThreadPoolExecutor.java:1149)
	at java.util.concurrent.ThreadPoolExecutor$Worker.run(ThreadPoolExecutor.java:624)
	... 1 more
Caused by: org.apache.ratis.thirdparty.io.netty.channel.AbstractChannel$AnnotatedConnectException: Connection refused: /192.168.5.148:46476
	at sun.nio.ch.SocketChannelImpl.checkConnect(Native Method)
	at sun.nio.ch.SocketChannelImpl.finishConnect(SocketChannelImpl.java:717)
	at org.apache.ratis.thirdparty.io.netty.channel.socket.nio.NioSocketChannel.doFinishConnect(NioSocketChannel.java:327)
	at org.apache.ratis.thirdparty.io.netty.channel.nio.AbstractNioChannel$AbstractNioUnsafe.finishConnect(AbstractNioChannel.java:340)
	at org.apache.ratis.thirdparty.io.netty.channel.nio.NioEventLoop.processSelectedKey(NioEventLoop.java:632)
	at org.apache.ratis.thirdparty.io.netty.channel.nio.NioEventLoop.processSelectedKeysOptimized(NioEventLoop.java:579)
	at org.apache.ratis.thirdparty.io.netty.channel.nio.NioEventLoop.processSelectedKeys(NioEventLoop.java:496)
	at org.apache.ratis.thirdparty.io.netty.channel.nio.NioEventLoop.run(NioEventLoop.java:458)
	at org.apache.ratis.thirdparty.io.netty.util.concurrent.SingleThreadEventExecutor$5.run(SingleThreadEventExecutor.java:897)
	at org.apache.ratis.thirdparty.io.netty.util.concurrent.FastThreadLocalRunnable.run(FastThreadLocalRunnable.java:30)
	... 1 more
Caused by: java.net.ConnectException: Connection refused
	... 11 more
2019-09-24 19:06:32,925 [a0991bb0-d059-4b75-b34b-f0d320bfe012@group-9B209ADA5585:LeaderElection195] INFO  impl.RaftServerImpl (ServerState.java:setLeader(253)) - a0991bb0-d059-4b75-b34b-f0d320bfe012@group-9B209ADA5585: change Leader from 74a8c3a1-4d80-4c26-806c-1183f0126592 to null at term 3 for initElection
2019-09-24 19:06:32,933 [a0991bb0-d059-4b75-b34b-f0d320bfe012@group-84081C198BA3:LeaderElection194] INFO  impl.RaftServerImpl (RaftServerImpl.java:setRole(174)) - a0991bb0-d059-4b75-b34b-f0d320bfe012@group-84081C198BA3: changes role from CANDIDATE to FOLLOWER at term 12 for DISCOVERED_A_NEW_TERM
2019-09-24 19:06:32,933 [a0991bb0-d059-4b75-b34b-f0d320bfe012@group-84081C198BA3:LeaderElection194] INFO  impl.RoleInfo (RoleInfo.java:shutdownLeaderElection(134)) - a0991bb0-d059-4b75-b34b-f0d320bfe012: shutdown LeaderElection
2019-09-24 19:06:32,934 [a0991bb0-d059-4b75-b34b-f0d320bfe012@group-84081C198BA3:LeaderElection194] INFO  impl.RoleInfo (RoleInfo.java:updateAndGet(143)) - a0991bb0-d059-4b75-b34b-f0d320bfe012: start FollowerState
2019-09-24 19:06:32,953 [a0991bb0-d059-4b75-b34b-f0d320bfe012@group-9B209ADA5585:LeaderElection195] INFO  impl.LeaderElection (LeaderElection.java:askForVotes(182)) - a0991bb0-d059-4b75-b34b-f0d320bfe012@group-9B209ADA5585:LeaderElection195: begin an election at term 4 for 0: [a0991bb0-d059-4b75-b34b-f0d320bfe012:192.168.5.148:46271, 74a8c3a1-4d80-4c26-806c-1183f0126592:192.168.5.148:44605, b50c6779-182a-4abf-ac90-b7c5982ab67f:192.168.5.148:46476], old=null
2019-09-24 19:06:32,954 [a0991bb0-d059-4b75-b34b-f0d320bfe012@group-9B209ADA5585:LeaderElection195] INFO  impl.LeaderElection (LogUtils.java:infoOrTrace(149)) - a0991bb0-d059-4b75-b34b-f0d320bfe012@group-9B209ADA5585:LeaderElection195 got exception when requesting votes: {}
java.util.concurrent.ExecutionException: org.apache.ratis.thirdparty.io.grpc.StatusRuntimeException: UNAVAILABLE: io exception
	at java.util.concurrent.FutureTask.report(FutureTask.java:122)
	at java.util.concurrent.FutureTask.get(FutureTask.java:192)
	at org.apache.ratis.server.impl.LeaderElection.waitForResults(LeaderElection.java:263)
	at org.apache.ratis.server.impl.LeaderElection.askForVotes(LeaderElection.java:201)
	at org.apache.ratis.server.impl.LeaderElection.run(LeaderElection.java:133)
	at java.lang.Thread.run(Thread.java:748)
Caused by: org.apache.ratis.thirdparty.io.grpc.StatusRuntimeException: UNAVAILABLE: io exception
	at org.apache.ratis.thirdparty.io.grpc.stub.ClientCalls.toStatusRuntimeException(ClientCalls.java:233)
	at org.apache.ratis.thirdparty.io.grpc.stub.ClientCalls.getUnchecked(ClientCalls.java:214)
	at org.apache.ratis.thirdparty.io.grpc.stub.ClientCalls.blockingUnaryCall(ClientCalls.java:139)
	at org.apache.ratis.proto.grpc.RaftServerProtocolServiceGrpc$RaftServerProtocolServiceBlockingStub.requestVote(RaftServerProtocolServiceGrpc.java:265)
	at org.apache.ratis.grpc.server.GrpcServerProtocolClient.requestVote(GrpcServerProtocolClient.java:90)
	at org.apache.ratis.grpc.server.GrpcService.requestVote(GrpcService.java:204)
	at org.apache.ratis.server.impl.LeaderElection.lambda$submitRequests$1(LeaderElection.java:238)
	at java.util.concurrent.FutureTask.run(FutureTask.java:266)
	at java.util.concurrent.Executors$RunnableAdapter.call(Executors.java:511)
	at java.util.concurrent.FutureTask.run(FutureTask.java:266)
	at java.util.concurrent.ThreadPoolExecutor.runWorker(ThreadPoolExecutor.java:1149)
	at java.util.concurrent.ThreadPoolExecutor$Worker.run(ThreadPoolExecutor.java:624)
	... 1 more
Caused by: org.apache.ratis.thirdparty.io.netty.channel.AbstractChannel$AnnotatedConnectException: Connection refused: /192.168.5.148:44605
	at sun.nio.ch.SocketChannelImpl.checkConnect(Native Method)
	at sun.nio.ch.SocketChannelImpl.finishConnect(SocketChannelImpl.java:717)
	at org.apache.ratis.thirdparty.io.netty.channel.socket.nio.NioSocketChannel.doFinishConnect(NioSocketChannel.java:327)
	at org.apache.ratis.thirdparty.io.netty.channel.nio.AbstractNioChannel$AbstractNioUnsafe.finishConnect(AbstractNioChannel.java:340)
	at org.apache.ratis.thirdparty.io.netty.channel.nio.NioEventLoop.processSelectedKey(NioEventLoop.java:632)
	at org.apache.ratis.thirdparty.io.netty.channel.nio.NioEventLoop.processSelectedKeysOptimized(NioEventLoop.java:579)
	at org.apache.ratis.thirdparty.io.netty.channel.nio.NioEventLoop.processSelectedKeys(NioEventLoop.java:496)
	at org.apache.ratis.thirdparty.io.netty.channel.nio.NioEventLoop.run(NioEventLoop.java:458)
	at org.apache.ratis.thirdparty.io.netty.util.concurrent.SingleThreadEventExecutor$5.run(SingleThreadEventExecutor.java:897)
	at org.apache.ratis.thirdparty.io.netty.util.concurrent.FastThreadLocalRunnable.run(FastThreadLocalRunnable.java:30)
	... 1 more
Caused by: java.net.ConnectException: Connection refused
	... 11 more
2019-09-24 19:06:32,969 [a0991bb0-d059-4b75-b34b-f0d320bfe012@group-9B209ADA5585:LeaderElection195] INFO  impl.LeaderElection (LogUtils.java:infoOrTrace(149)) - a0991bb0-d059-4b75-b34b-f0d320bfe012@group-9B209ADA5585:LeaderElection195 got exception when requesting votes: {}
java.util.concurrent.ExecutionException: org.apache.ratis.thirdparty.io.grpc.StatusRuntimeException: UNAVAILABLE: io exception
	at java.util.concurrent.FutureTask.report(FutureTask.java:122)
	at java.util.concurrent.FutureTask.get(FutureTask.java:192)
	at org.apache.ratis.server.impl.LeaderElection.waitForResults(LeaderElection.java:263)
	at org.apache.ratis.server.impl.LeaderElection.askForVotes(LeaderElection.java:201)
	at org.apache.ratis.server.impl.LeaderElection.run(LeaderElection.java:133)
	at java.lang.Thread.run(Thread.java:748)
Caused by: org.apache.ratis.thirdparty.io.grpc.StatusRuntimeException: UNAVAILABLE: io exception
	at org.apache.ratis.thirdparty.io.grpc.stub.ClientCalls.toStatusRuntimeException(ClientCalls.java:233)
	at org.apache.ratis.thirdparty.io.grpc.stub.ClientCalls.getUnchecked(ClientCalls.java:214)
	at org.apache.ratis.thirdparty.io.grpc.stub.ClientCalls.blockingUnaryCall(ClientCalls.java:139)
	at org.apache.ratis.proto.grpc.RaftServerProtocolServiceGrpc$RaftServerProtocolServiceBlockingStub.requestVote(RaftServerProtocolServiceGrpc.java:265)
	at org.apache.ratis.grpc.server.GrpcServerProtocolClient.requestVote(GrpcServerProtocolClient.java:90)
	at org.apache.ratis.grpc.server.GrpcService.requestVote(GrpcService.java:204)
	at org.apache.ratis.server.impl.LeaderElection.lambda$submitRequests$1(LeaderElection.java:238)
	at java.util.concurrent.FutureTask.run(FutureTask.java:266)
	at java.util.concurrent.Executors$RunnableAdapter.call(Executors.java:511)
	at java.util.concurrent.FutureTask.run(FutureTask.java:266)
	at java.util.concurrent.ThreadPoolExecutor.runWorker(ThreadPoolExecutor.java:1149)
	at java.util.concurrent.ThreadPoolExecutor$Worker.run(ThreadPoolExecutor.java:624)
	... 1 more
Caused by: org.apache.ratis.thirdparty.io.netty.channel.AbstractChannel$AnnotatedConnectException: Connection refused: /192.168.5.148:46476
	at sun.nio.ch.SocketChannelImpl.checkConnect(Native Method)
	at sun.nio.ch.SocketChannelImpl.finishConnect(SocketChannelImpl.java:717)
	at org.apache.ratis.thirdparty.io.netty.channel.socket.nio.NioSocketChannel.doFinishConnect(NioSocketChannel.java:327)
	at org.apache.ratis.thirdparty.io.netty.channel.nio.AbstractNioChannel$AbstractNioUnsafe.finishConnect(AbstractNioChannel.java:340)
	at org.apache.ratis.thirdparty.io.netty.channel.nio.NioEventLoop.processSelectedKey(NioEventLoop.java:632)
	at org.apache.ratis.thirdparty.io.netty.channel.nio.NioEventLoop.processSelectedKeysOptimized(NioEventLoop.java:579)
	at org.apache.ratis.thirdparty.io.netty.channel.nio.NioEventLoop.processSelectedKeys(NioEventLoop.java:496)
	at org.apache.ratis.thirdparty.io.netty.channel.nio.NioEventLoop.run(NioEventLoop.java:458)
	at org.apache.ratis.thirdparty.io.netty.util.concurrent.SingleThreadEventExecutor$5.run(SingleThreadEventExecutor.java:897)
	at org.apache.ratis.thirdparty.io.netty.util.concurrent.FastThreadLocalRunnable.run(FastThreadLocalRunnable.java:30)
	... 1 more
Caused by: java.net.ConnectException: Connection refused
	... 11 more
2019-09-24 19:06:32,970 [a0991bb0-d059-4b75-b34b-f0d320bfe012@group-9B209ADA5585:LeaderElection195] INFO  impl.LeaderElection (LeaderElection.java:logAndReturn(56)) - a0991bb0-d059-4b75-b34b-f0d320bfe012@group-9B209ADA5585:LeaderElection195: Election REJECTED; received 0 response(s) [] and 2 exception(s); a0991bb0-d059-4b75-b34b-f0d320bfe012@group-9B209ADA5585:t4, leader=null, voted=a0991bb0-d059-4b75-b34b-f0d320bfe012, raftlog=a0991bb0-d059-4b75-b34b-f0d320bfe012@group-9B209ADA5585-SegmentedRaftLog:OPENED:c0,f0,i0, conf=0: [a0991bb0-d059-4b75-b34b-f0d320bfe012:192.168.5.148:46271, 74a8c3a1-4d80-4c26-806c-1183f0126592:192.168.5.148:44605, b50c6779-182a-4abf-ac90-b7c5982ab67f:192.168.5.148:46476], old=null
2019-09-24 19:06:32,970 [a0991bb0-d059-4b75-b34b-f0d320bfe012@group-9B209ADA5585:LeaderElection195] INFO  impl.LeaderElection (LogUtils.java:infoOrTrace(149)) -   Exception 0: {}
java.util.concurrent.ExecutionException: org.apache.ratis.thirdparty.io.grpc.StatusRuntimeException: UNAVAILABLE: io exception
	at java.util.concurrent.FutureTask.report(FutureTask.java:122)
	at java.util.concurrent.FutureTask.get(FutureTask.java:192)
	at org.apache.ratis.server.impl.LeaderElection.waitForResults(LeaderElection.java:263)
	at org.apache.ratis.server.impl.LeaderElection.askForVotes(LeaderElection.java:201)
	at org.apache.ratis.server.impl.LeaderElection.run(LeaderElection.java:133)
	at java.lang.Thread.run(Thread.java:748)
Caused by: org.apache.ratis.thirdparty.io.grpc.StatusRuntimeException: UNAVAILABLE: io exception
	at org.apache.ratis.thirdparty.io.grpc.stub.ClientCalls.toStatusRuntimeException(ClientCalls.java:233)
	at org.apache.ratis.thirdparty.io.grpc.stub.ClientCalls.getUnchecked(ClientCalls.java:214)
	at org.apache.ratis.thirdparty.io.grpc.stub.ClientCalls.blockingUnaryCall(ClientCalls.java:139)
	at org.apache.ratis.proto.grpc.RaftServerProtocolServiceGrpc$RaftServerProtocolServiceBlockingStub.requestVote(RaftServerProtocolServiceGrpc.java:265)
	at org.apache.ratis.grpc.server.GrpcServerProtocolClient.requestVote(GrpcServerProtocolClient.java:90)
	at org.apache.ratis.grpc.server.GrpcService.requestVote(GrpcService.java:204)
	at org.apache.ratis.server.impl.LeaderElection.lambda$submitRequests$1(LeaderElection.java:238)
	at java.util.concurrent.FutureTask.run(FutureTask.java:266)
	at java.util.concurrent.Executors$RunnableAdapter.call(Executors.java:511)
	at java.util.concurrent.FutureTask.run(FutureTask.java:266)
	at java.util.concurrent.ThreadPoolExecutor.runWorker(ThreadPoolExecutor.java:1149)
	at java.util.concurrent.ThreadPoolExecutor$Worker.run(ThreadPoolExecutor.java:624)
	... 1 more
Caused by: org.apache.ratis.thirdparty.io.netty.channel.AbstractChannel$AnnotatedConnectException: Connection refused: /192.168.5.148:44605
	at sun.nio.ch.SocketChannelImpl.checkConnect(Native Method)
	at sun.nio.ch.SocketChannelImpl.finishConnect(SocketChannelImpl.java:717)
	at org.apache.ratis.thirdparty.io.netty.channel.socket.nio.NioSocketChannel.doFinishConnect(NioSocketChannel.java:327)
	at org.apache.ratis.thirdparty.io.netty.channel.nio.AbstractNioChannel$AbstractNioUnsafe.finishConnect(AbstractNioChannel.java:340)
	at org.apache.ratis.thirdparty.io.netty.channel.nio.NioEventLoop.processSelectedKey(NioEventLoop.java:632)
	at org.apache.ratis.thirdparty.io.netty.channel.nio.NioEventLoop.processSelectedKeysOptimized(NioEventLoop.java:579)
	at org.apache.ratis.thirdparty.io.netty.channel.nio.NioEventLoop.processSelectedKeys(NioEventLoop.java:496)
	at org.apache.ratis.thirdparty.io.netty.channel.nio.NioEventLoop.run(NioEventLoop.java:458)
	at org.apache.ratis.thirdparty.io.netty.util.concurrent.SingleThreadEventExecutor$5.run(SingleThreadEventExecutor.java:897)
	at org.apache.ratis.thirdparty.io.netty.util.concurrent.FastThreadLocalRunnable.run(FastThreadLocalRunnable.java:30)
	... 1 more
Caused by: java.net.ConnectException: Connection refused
	... 11 more
2019-09-24 19:06:32,970 [a0991bb0-d059-4b75-b34b-f0d320bfe012@group-9B209ADA5585:LeaderElection195] INFO  impl.LeaderElection (LogUtils.java:infoOrTrace(149)) -   Exception 1: {}
java.util.concurrent.ExecutionException: org.apache.ratis.thirdparty.io.grpc.StatusRuntimeException: UNAVAILABLE: io exception
	at java.util.concurrent.FutureTask.report(FutureTask.java:122)
	at java.util.concurrent.FutureTask.get(FutureTask.java:192)
	at org.apache.ratis.server.impl.LeaderElection.waitForResults(LeaderElection.java:263)
	at org.apache.ratis.server.impl.LeaderElection.askForVotes(LeaderElection.java:201)
	at org.apache.ratis.server.impl.LeaderElection.run(LeaderElection.java:133)
	at java.lang.Thread.run(Thread.java:748)
Caused by: org.apache.ratis.thirdparty.io.grpc.StatusRuntimeException: UNAVAILABLE: io exception
	at org.apache.ratis.thirdparty.io.grpc.stub.ClientCalls.toStatusRuntimeException(ClientCalls.java:233)
	at org.apache.ratis.thirdparty.io.grpc.stub.ClientCalls.getUnchecked(ClientCalls.java:214)
	at org.apache.ratis.thirdparty.io.grpc.stub.ClientCalls.blockingUnaryCall(ClientCalls.java:139)
	at org.apache.ratis.proto.grpc.RaftServerProtocolServiceGrpc$RaftServerProtocolServiceBlockingStub.requestVote(RaftServerProtocolServiceGrpc.java:265)
	at org.apache.ratis.grpc.server.GrpcServerProtocolClient.requestVote(GrpcServerProtocolClient.java:90)
	at org.apache.ratis.grpc.server.GrpcService.requestVote(GrpcService.java:204)
	at org.apache.ratis.server.impl.LeaderElection.lambda$submitRequests$1(LeaderElection.java:238)
	at java.util.concurrent.FutureTask.run(FutureTask.java:266)
	at java.util.concurrent.Executors$RunnableAdapter.call(Executors.java:511)
	at java.util.concurrent.FutureTask.run(FutureTask.java:266)
	at java.util.concurrent.ThreadPoolExecutor.runWorker(ThreadPoolExecutor.java:1149)
	at java.util.concurrent.ThreadPoolExecutor$Worker.run(ThreadPoolExecutor.java:624)
	... 1 more
Caused by: org.apache.ratis.thirdparty.io.netty.channel.AbstractChannel$AnnotatedConnectException: Connection refused: /192.168.5.148:46476
	at sun.nio.ch.SocketChannelImpl.checkConnect(Native Method)
	at sun.nio.ch.SocketChannelImpl.finishConnect(SocketChannelImpl.java:717)
	at org.apache.ratis.thirdparty.io.netty.channel.socket.nio.NioSocketChannel.doFinishConnect(NioSocketChannel.java:327)
	at org.apache.ratis.thirdparty.io.netty.channel.nio.AbstractNioChannel$AbstractNioUnsafe.finishConnect(AbstractNioChannel.java:340)
	at org.apache.ratis.thirdparty.io.netty.channel.nio.NioEventLoop.processSelectedKey(NioEventLoop.java:632)
	at org.apache.ratis.thirdparty.io.netty.channel.nio.NioEventLoop.processSelectedKeysOptimized(NioEventLoop.java:579)
	at org.apache.ratis.thirdparty.io.netty.channel.nio.NioEventLoop.processSelectedKeys(NioEventLoop.java:496)
	at org.apache.ratis.thirdparty.io.netty.channel.nio.NioEventLoop.run(NioEventLoop.java:458)
	at org.apache.ratis.thirdparty.io.netty.util.concurrent.SingleThreadEventExecutor$5.run(SingleThreadEventExecutor.java:897)
	at org.apache.ratis.thirdparty.io.netty.util.concurrent.FastThreadLocalRunnable.run(FastThreadLocalRunnable.java:30)
	... 1 more
Caused by: java.net.ConnectException: Connection refused
	... 11 more
2019-09-24 19:06:32,971 [a0991bb0-d059-4b75-b34b-f0d320bfe012@group-9B209ADA5585:LeaderElection195] INFO  impl.RaftServerImpl (RaftServerImpl.java:setRole(174)) - a0991bb0-d059-4b75-b34b-f0d320bfe012@group-9B209ADA5585: changes role from CANDIDATE to FOLLOWER at term 4 for DISCOVERED_A_NEW_TERM
2019-09-24 19:06:32,971 [a0991bb0-d059-4b75-b34b-f0d320bfe012@group-9B209ADA5585:LeaderElection195] INFO  impl.RoleInfo (RoleInfo.java:shutdownLeaderElection(134)) - a0991bb0-d059-4b75-b34b-f0d320bfe012: shutdown LeaderElection
2019-09-24 19:06:32,971 [a0991bb0-d059-4b75-b34b-f0d320bfe012@group-9B209ADA5585:LeaderElection195] INFO  impl.RoleInfo (RoleInfo.java:updateAndGet(143)) - a0991bb0-d059-4b75-b34b-f0d320bfe012: start FollowerState
2019-09-24 19:06:32,973 [grpc-default-executor-13] WARN  server.GrpcLogAppender (LogUtils.java:warn(134)) - a0991bb0-d059-4b75-b34b-f0d320bfe012@group-192AEBA694D5->74a8c3a1-4d80-4c26-806c-1183f0126592-AppendLogResponseHandler: Failed appendEntries: org.apache.ratis.thirdparty.io.grpc.StatusRuntimeException: UNAVAILABLE: io exception
2019-09-24 19:06:32,974 [grpc-default-executor-13] INFO  impl.FollowerInfo (FollowerInfo.java:lambda$new$0(51)) - a0991bb0-d059-4b75-b34b-f0d320bfe012@group-192AEBA694D5->74a8c3a1-4d80-4c26-806c-1183f0126592: nextIndex: updateUnconditionally 0 -> 0
2019-09-24 19:06:33,411 [grpc-default-executor-13] WARN  server.GrpcLogAppender (LogUtils.java:warn(134)) - a0991bb0-d059-4b75-b34b-f0d320bfe012@group-192AEBA694D5->b50c6779-182a-4abf-ac90-b7c5982ab67f-AppendLogResponseHandler: Failed appendEntries: org.apache.ratis.thirdparty.io.grpc.StatusRuntimeException: UNAVAILABLE: io exception
2019-09-24 19:06:33,412 [grpc-default-executor-13] INFO  impl.FollowerInfo (FollowerInfo.java:lambda$new$0(51)) - a0991bb0-d059-4b75-b34b-f0d320bfe012@group-192AEBA694D5->b50c6779-182a-4abf-ac90-b7c5982ab67f: nextIndex: updateUnconditionally 0 -> 0
2019-09-24 19:06:33,476 [grpc-default-executor-16] WARN  server.GrpcLogAppender (LogUtils.java:warn(134)) - a0991bb0-d059-4b75-b34b-f0d320bfe012@group-192AEBA694D5->74a8c3a1-4d80-4c26-806c-1183f0126592-AppendLogResponseHandler: Failed appendEntries: org.apache.ratis.thirdparty.io.grpc.StatusRuntimeException: UNAVAILABLE: io exception
2019-09-24 19:06:33,476 [grpc-default-executor-16] INFO  impl.FollowerInfo (FollowerInfo.java:lambda$new$0(51)) - a0991bb0-d059-4b75-b34b-f0d320bfe012@group-192AEBA694D5->74a8c3a1-4d80-4c26-806c-1183f0126592: nextIndex: updateUnconditionally 0 -> 0
2019-09-24 19:06:33,914 [grpc-default-executor-16] WARN  server.GrpcLogAppender (LogUtils.java:warn(134)) - a0991bb0-d059-4b75-b34b-f0d320bfe012@group-192AEBA694D5->b50c6779-182a-4abf-ac90-b7c5982ab67f-AppendLogResponseHandler: Failed appendEntries: org.apache.ratis.thirdparty.io.grpc.StatusRuntimeException: UNAVAILABLE: io exception
2019-09-24 19:06:33,915 [grpc-default-executor-16] INFO  impl.FollowerInfo (FollowerInfo.java:lambda$new$0(51)) - a0991bb0-d059-4b75-b34b-f0d320bfe012@group-192AEBA694D5->b50c6779-182a-4abf-ac90-b7c5982ab67f: nextIndex: updateUnconditionally 0 -> 0
2019-09-24 19:06:33,976 [grpc-default-executor-16] WARN  server.GrpcLogAppender (LogUtils.java:warn(134)) - a0991bb0-d059-4b75-b34b-f0d320bfe012@group-192AEBA694D5->74a8c3a1-4d80-4c26-806c-1183f0126592-AppendLogResponseHandler: Failed appendEntries: org.apache.ratis.thirdparty.io.grpc.StatusRuntimeException: UNAVAILABLE: io exception
2019-09-24 19:06:33,977 [grpc-default-executor-16] INFO  impl.FollowerInfo (FollowerInfo.java:lambda$new$0(51)) - a0991bb0-d059-4b75-b34b-f0d320bfe012@group-192AEBA694D5->74a8c3a1-4d80-4c26-806c-1183f0126592: nextIndex: updateUnconditionally 0 -> 0
2019-09-24 19:06:34,000 [Thread-2865] INFO  impl.FollowerState (FollowerState.java:run(106)) - a0991bb0-d059-4b75-b34b-f0d320bfe012:group-84081C198BA3 changes to CANDIDATE, lastRpcTime:1066, electionTimeout:1066ms
2019-09-24 19:06:34,001 [Thread-2865] INFO  impl.RoleInfo (RoleInfo.java:shutdownFollowerState(121)) - a0991bb0-d059-4b75-b34b-f0d320bfe012: shutdown FollowerState
2019-09-24 19:06:34,001 [Thread-2865] INFO  impl.RaftServerImpl (RaftServerImpl.java:setRole(174)) - a0991bb0-d059-4b75-b34b-f0d320bfe012@group-84081C198BA3: changes role from  FOLLOWER to CANDIDATE at term 12 for changeToCandidate
2019-09-24 19:06:34,001 [Thread-2865] INFO  impl.RoleInfo (RoleInfo.java:updateAndGet(143)) - a0991bb0-d059-4b75-b34b-f0d320bfe012: start LeaderElection
2019-09-24 19:06:34,029 [a0991bb0-d059-4b75-b34b-f0d320bfe012@group-84081C198BA3:LeaderElection196] INFO  impl.LeaderElection (LeaderElection.java:askForVotes(182)) - a0991bb0-d059-4b75-b34b-f0d320bfe012@group-84081C198BA3:LeaderElection196: begin an election at term 13 for -1: [a0991bb0-d059-4b75-b34b-f0d320bfe012:192.168.5.148:46271, 74a8c3a1-4d80-4c26-806c-1183f0126592:192.168.5.148:44605, b50c6779-182a-4abf-ac90-b7c5982ab67f:192.168.5.148:46476], old=null
2019-09-24 19:06:34,032 [a0991bb0-d059-4b75-b34b-f0d320bfe012@group-84081C198BA3:LeaderElection196] INFO  impl.LeaderElection (LogUtils.java:infoOrTrace(149)) - a0991bb0-d059-4b75-b34b-f0d320bfe012@group-84081C198BA3:LeaderElection196 got exception when requesting votes: {}
java.util.concurrent.ExecutionException: org.apache.ratis.thirdparty.io.grpc.StatusRuntimeException: UNAVAILABLE: io exception
	at java.util.concurrent.FutureTask.report(FutureTask.java:122)
	at java.util.concurrent.FutureTask.get(FutureTask.java:192)
	at org.apache.ratis.server.impl.LeaderElection.waitForResults(LeaderElection.java:263)
	at org.apache.ratis.server.impl.LeaderElection.askForVotes(LeaderElection.java:201)
	at org.apache.ratis.server.impl.LeaderElection.run(LeaderElection.java:133)
	at java.lang.Thread.run(Thread.java:748)
Caused by: org.apache.ratis.thirdparty.io.grpc.StatusRuntimeException: UNAVAILABLE: io exception
	at org.apache.ratis.thirdparty.io.grpc.stub.ClientCalls.toStatusRuntimeException(ClientCalls.java:233)
	at org.apache.ratis.thirdparty.io.grpc.stub.ClientCalls.getUnchecked(ClientCalls.java:214)
	at org.apache.ratis.thirdparty.io.grpc.stub.ClientCalls.blockingUnaryCall(ClientCalls.java:139)
	at org.apache.ratis.proto.grpc.RaftServerProtocolServiceGrpc$RaftServerProtocolServiceBlockingStub.requestVote(RaftServerProtocolServiceGrpc.java:265)
	at org.apache.ratis.grpc.server.GrpcServerProtocolClient.requestVote(GrpcServerProtocolClient.java:90)
	at org.apache.ratis.grpc.server.GrpcService.requestVote(GrpcService.java:204)
	at org.apache.ratis.server.impl.LeaderElection.lambda$submitRequests$1(LeaderElection.java:238)
	at java.util.concurrent.FutureTask.run(FutureTask.java:266)
	at java.util.concurrent.Executors$RunnableAdapter.call(Executors.java:511)
	at java.util.concurrent.FutureTask.run(FutureTask.java:266)
	at java.util.concurrent.ThreadPoolExecutor.runWorker(ThreadPoolExecutor.java:1149)
	at java.util.concurrent.ThreadPoolExecutor$Worker.run(ThreadPoolExecutor.java:624)
	... 1 more
Caused by: org.apache.ratis.thirdparty.io.netty.channel.AbstractChannel$AnnotatedConnectException: Connection refused: /192.168.5.148:44605
	at sun.nio.ch.SocketChannelImpl.checkConnect(Native Method)
	at sun.nio.ch.SocketChannelImpl.finishConnect(SocketChannelImpl.java:717)
	at org.apache.ratis.thirdparty.io.netty.channel.socket.nio.NioSocketChannel.doFinishConnect(NioSocketChannel.java:327)
	at org.apache.ratis.thirdparty.io.netty.channel.nio.AbstractNioChannel$AbstractNioUnsafe.finishConnect(AbstractNioChannel.java:340)
	at org.apache.ratis.thirdparty.io.netty.channel.nio.NioEventLoop.processSelectedKey(NioEventLoop.java:632)
	at org.apache.ratis.thirdparty.io.netty.channel.nio.NioEventLoop.processSelectedKeysOptimized(NioEventLoop.java:579)
	at org.apache.ratis.thirdparty.io.netty.channel.nio.NioEventLoop.processSelectedKeys(NioEventLoop.java:496)
	at org.apache.ratis.thirdparty.io.netty.channel.nio.NioEventLoop.run(NioEventLoop.java:458)
	at org.apache.ratis.thirdparty.io.netty.util.concurrent.SingleThreadEventExecutor$5.run(SingleThreadEventExecutor.java:897)
	at org.apache.ratis.thirdparty.io.netty.util.concurrent.FastThreadLocalRunnable.run(FastThreadLocalRunnable.java:30)
	... 1 more
Caused by: java.net.ConnectException: Connection refused
	... 11 more
2019-09-24 19:06:34,032 [a0991bb0-d059-4b75-b34b-f0d320bfe012@group-84081C198BA3:LeaderElection196] INFO  impl.LeaderElection (LogUtils.java:infoOrTrace(149)) - a0991bb0-d059-4b75-b34b-f0d320bfe012@group-84081C198BA3:LeaderElection196 got exception when requesting votes: {}
java.util.concurrent.ExecutionException: org.apache.ratis.thirdparty.io.grpc.StatusRuntimeException: UNAVAILABLE: io exception
	at java.util.concurrent.FutureTask.report(FutureTask.java:122)
	at java.util.concurrent.FutureTask.get(FutureTask.java:192)
	at org.apache.ratis.server.impl.LeaderElection.waitForResults(LeaderElection.java:263)
	at org.apache.ratis.server.impl.LeaderElection.askForVotes(LeaderElection.java:201)
	at org.apache.ratis.server.impl.LeaderElection.run(LeaderElection.java:133)
	at java.lang.Thread.run(Thread.java:748)
Caused by: org.apache.ratis.thirdparty.io.grpc.StatusRuntimeException: UNAVAILABLE: io exception
	at org.apache.ratis.thirdparty.io.grpc.stub.ClientCalls.toStatusRuntimeException(ClientCalls.java:233)
	at org.apache.ratis.thirdparty.io.grpc.stub.ClientCalls.getUnchecked(ClientCalls.java:214)
	at org.apache.ratis.thirdparty.io.grpc.stub.ClientCalls.blockingUnaryCall(ClientCalls.java:139)
	at org.apache.ratis.proto.grpc.RaftServerProtocolServiceGrpc$RaftServerProtocolServiceBlockingStub.requestVote(RaftServerProtocolServiceGrpc.java:265)
	at org.apache.ratis.grpc.server.GrpcServerProtocolClient.requestVote(GrpcServerProtocolClient.java:90)
	at org.apache.ratis.grpc.server.GrpcService.requestVote(GrpcService.java:204)
	at org.apache.ratis.server.impl.LeaderElection.lambda$submitRequests$1(LeaderElection.java:238)
	at java.util.concurrent.FutureTask.run(FutureTask.java:266)
	at java.util.concurrent.Executors$RunnableAdapter.call(Executors.java:511)
	at java.util.concurrent.FutureTask.run(FutureTask.java:266)
	at java.util.concurrent.ThreadPoolExecutor.runWorker(ThreadPoolExecutor.java:1149)
	at java.util.concurrent.ThreadPoolExecutor$Worker.run(ThreadPoolExecutor.java:624)
	... 1 more
Caused by: org.apache.ratis.thirdparty.io.netty.channel.AbstractChannel$AnnotatedConnectException: Connection refused: /192.168.5.148:46476
	at sun.nio.ch.SocketChannelImpl.checkConnect(Native Method)
	at sun.nio.ch.SocketChannelImpl.finishConnect(SocketChannelImpl.java:717)
	at org.apache.ratis.thirdparty.io.netty.channel.socket.nio.NioSocketChannel.doFinishConnect(NioSocketChannel.java:327)
	at org.apache.ratis.thirdparty.io.netty.channel.nio.AbstractNioChannel$AbstractNioUnsafe.finishConnect(AbstractNioChannel.java:340)
	at org.apache.ratis.thirdparty.io.netty.channel.nio.NioEventLoop.processSelectedKey(NioEventLoop.java:632)
	at org.apache.ratis.thirdparty.io.netty.channel.nio.NioEventLoop.processSelectedKeysOptimized(NioEventLoop.java:579)
	at org.apache.ratis.thirdparty.io.netty.channel.nio.NioEventLoop.processSelectedKeys(NioEventLoop.java:496)
	at org.apache.ratis.thirdparty.io.netty.channel.nio.NioEventLoop.run(NioEventLoop.java:458)
	at org.apache.ratis.thirdparty.io.netty.util.concurrent.SingleThreadEventExecutor$5.run(SingleThreadEventExecutor.java:897)
	at org.apache.ratis.thirdparty.io.netty.util.concurrent.FastThreadLocalRunnable.run(FastThreadLocalRunnable.java:30)
	... 1 more
Caused by: java.net.ConnectException: Connection refused
	... 11 more
2019-09-24 19:06:34,033 [a0991bb0-d059-4b75-b34b-f0d320bfe012@group-84081C198BA3:LeaderElection196] INFO  impl.LeaderElection (LeaderElection.java:logAndReturn(56)) - a0991bb0-d059-4b75-b34b-f0d320bfe012@group-84081C198BA3:LeaderElection196: Election REJECTED; received 0 response(s) [] and 2 exception(s); a0991bb0-d059-4b75-b34b-f0d320bfe012@group-84081C198BA3:t13, leader=null, voted=a0991bb0-d059-4b75-b34b-f0d320bfe012, raftlog=a0991bb0-d059-4b75-b34b-f0d320bfe012@group-84081C198BA3-SegmentedRaftLog:OPENED:c-1,f-1,i0, conf=-1: [a0991bb0-d059-4b75-b34b-f0d320bfe012:192.168.5.148:46271, 74a8c3a1-4d80-4c26-806c-1183f0126592:192.168.5.148:44605, b50c6779-182a-4abf-ac90-b7c5982ab67f:192.168.5.148:46476], old=null
2019-09-24 19:06:34,033 [a0991bb0-d059-4b75-b34b-f0d320bfe012@group-84081C198BA3:LeaderElection196] INFO  impl.LeaderElection (LogUtils.java:infoOrTrace(149)) -   Exception 0: {}
java.util.concurrent.ExecutionException: org.apache.ratis.thirdparty.io.grpc.StatusRuntimeException: UNAVAILABLE: io exception
	at java.util.concurrent.FutureTask.report(FutureTask.java:122)
	at java.util.concurrent.FutureTask.get(FutureTask.java:192)
	at org.apache.ratis.server.impl.LeaderElection.waitForResults(LeaderElection.java:263)
	at org.apache.ratis.server.impl.LeaderElection.askForVotes(LeaderElection.java:201)
	at org.apache.ratis.server.impl.LeaderElection.run(LeaderElection.java:133)
	at java.lang.Thread.run(Thread.java:748)
Caused by: org.apache.ratis.thirdparty.io.grpc.StatusRuntimeException: UNAVAILABLE: io exception
	at org.apache.ratis.thirdparty.io.grpc.stub.ClientCalls.toStatusRuntimeException(ClientCalls.java:233)
	at org.apache.ratis.thirdparty.io.grpc.stub.ClientCalls.getUnchecked(ClientCalls.java:214)
	at org.apache.ratis.thirdparty.io.grpc.stub.ClientCalls.blockingUnaryCall(ClientCalls.java:139)
	at org.apache.ratis.proto.grpc.RaftServerProtocolServiceGrpc$RaftServerProtocolServiceBlockingStub.requestVote(RaftServerProtocolServiceGrpc.java:265)
	at org.apache.ratis.grpc.server.GrpcServerProtocolClient.requestVote(GrpcServerProtocolClient.java:90)
	at org.apache.ratis.grpc.server.GrpcService.requestVote(GrpcService.java:204)
	at org.apache.ratis.server.impl.LeaderElection.lambda$submitRequests$1(LeaderElection.java:238)
	at java.util.concurrent.FutureTask.run(FutureTask.java:266)
	at java.util.concurrent.Executors$RunnableAdapter.call(Executors.java:511)
	at java.util.concurrent.FutureTask.run(FutureTask.java:266)
	at java.util.concurrent.ThreadPoolExecutor.runWorker(ThreadPoolExecutor.java:1149)
	at java.util.concurrent.ThreadPoolExecutor$Worker.run(ThreadPoolExecutor.java:624)
	... 1 more
Caused by: org.apache.ratis.thirdparty.io.netty.channel.AbstractChannel$AnnotatedConnectException: Connection refused: /192.168.5.148:44605
	at sun.nio.ch.SocketChannelImpl.checkConnect(Native Method)
	at sun.nio.ch.SocketChannelImpl.finishConnect(SocketChannelImpl.java:717)
	at org.apache.ratis.thirdparty.io.netty.channel.socket.nio.NioSocketChannel.doFinishConnect(NioSocketChannel.java:327)
	at org.apache.ratis.thirdparty.io.netty.channel.nio.AbstractNioChannel$AbstractNioUnsafe.finishConnect(AbstractNioChannel.java:340)
	at org.apache.ratis.thirdparty.io.netty.channel.nio.NioEventLoop.processSelectedKey(NioEventLoop.java:632)
	at org.apache.ratis.thirdparty.io.netty.channel.nio.NioEventLoop.processSelectedKeysOptimized(NioEventLoop.java:579)
	at org.apache.ratis.thirdparty.io.netty.channel.nio.NioEventLoop.processSelectedKeys(NioEventLoop.java:496)
	at org.apache.ratis.thirdparty.io.netty.channel.nio.NioEventLoop.run(NioEventLoop.java:458)
	at org.apache.ratis.thirdparty.io.netty.util.concurrent.SingleThreadEventExecutor$5.run(SingleThreadEventExecutor.java:897)
	at org.apache.ratis.thirdparty.io.netty.util.concurrent.FastThreadLocalRunnable.run(FastThreadLocalRunnable.java:30)
	... 1 more
Caused by: java.net.ConnectException: Connection refused
	... 11 more
2019-09-24 19:06:34,033 [a0991bb0-d059-4b75-b34b-f0d320bfe012@group-84081C198BA3:LeaderElection196] INFO  impl.LeaderElection (LogUtils.java:infoOrTrace(149)) -   Exception 1: {}
java.util.concurrent.ExecutionException: org.apache.ratis.thirdparty.io.grpc.StatusRuntimeException: UNAVAILABLE: io exception
	at java.util.concurrent.FutureTask.report(FutureTask.java:122)
	at java.util.concurrent.FutureTask.get(FutureTask.java:192)
	at org.apache.ratis.server.impl.LeaderElection.waitForResults(LeaderElection.java:263)
	at org.apache.ratis.server.impl.LeaderElection.askForVotes(LeaderElection.java:201)
	at org.apache.ratis.server.impl.LeaderElection.run(LeaderElection.java:133)
	at java.lang.Thread.run(Thread.java:748)
Caused by: org.apache.ratis.thirdparty.io.grpc.StatusRuntimeException: UNAVAILABLE: io exception
	at org.apache.ratis.thirdparty.io.grpc.stub.ClientCalls.toStatusRuntimeException(ClientCalls.java:233)
	at org.apache.ratis.thirdparty.io.grpc.stub.ClientCalls.getUnchecked(ClientCalls.java:214)
	at org.apache.ratis.thirdparty.io.grpc.stub.ClientCalls.blockingUnaryCall(ClientCalls.java:139)
	at org.apache.ratis.proto.grpc.RaftServerProtocolServiceGrpc$RaftServerProtocolServiceBlockingStub.requestVote(RaftServerProtocolServiceGrpc.java:265)
	at org.apache.ratis.grpc.server.GrpcServerProtocolClient.requestVote(GrpcServerProtocolClient.java:90)
	at org.apache.ratis.grpc.server.GrpcService.requestVote(GrpcService.java:204)
	at org.apache.ratis.server.impl.LeaderElection.lambda$submitRequests$1(LeaderElection.java:238)
	at java.util.concurrent.FutureTask.run(FutureTask.java:266)
	at java.util.concurrent.Executors$RunnableAdapter.call(Executors.java:511)
	at java.util.concurrent.FutureTask.run(FutureTask.java:266)
	at java.util.concurrent.ThreadPoolExecutor.runWorker(ThreadPoolExecutor.java:1149)
	at java.util.concurrent.ThreadPoolExecutor$Worker.run(ThreadPoolExecutor.java:624)
	... 1 more
Caused by: org.apache.ratis.thirdparty.io.netty.channel.AbstractChannel$AnnotatedConnectException: Connection refused: /192.168.5.148:46476
	at sun.nio.ch.SocketChannelImpl.checkConnect(Native Method)
	at sun.nio.ch.SocketChannelImpl.finishConnect(SocketChannelImpl.java:717)
	at org.apache.ratis.thirdparty.io.netty.channel.socket.nio.NioSocketChannel.doFinishConnect(NioSocketChannel.java:327)
	at org.apache.ratis.thirdparty.io.netty.channel.nio.AbstractNioChannel$AbstractNioUnsafe.finishConnect(AbstractNioChannel.java:340)
	at org.apache.ratis.thirdparty.io.netty.channel.nio.NioEventLoop.processSelectedKey(NioEventLoop.java:632)
	at org.apache.ratis.thirdparty.io.netty.channel.nio.NioEventLoop.processSelectedKeysOptimized(NioEventLoop.java:579)
	at org.apache.ratis.thirdparty.io.netty.channel.nio.NioEventLoop.processSelectedKeys(NioEventLoop.java:496)
	at org.apache.ratis.thirdparty.io.netty.channel.nio.NioEventLoop.run(NioEventLoop.java:458)
	at org.apache.ratis.thirdparty.io.netty.util.concurrent.SingleThreadEventExecutor$5.run(SingleThreadEventExecutor.java:897)
	at org.apache.ratis.thirdparty.io.netty.util.concurrent.FastThreadLocalRunnable.run(FastThreadLocalRunnable.java:30)
	... 1 more
Caused by: java.net.ConnectException: Connection refused
	... 11 more
2019-09-24 19:06:34,034 [a0991bb0-d059-4b75-b34b-f0d320bfe012@group-84081C198BA3:LeaderElection196] INFO  impl.RaftServerImpl (RaftServerImpl.java:setRole(174)) - a0991bb0-d059-4b75-b34b-f0d320bfe012@group-84081C198BA3: changes role from CANDIDATE to FOLLOWER at term 13 for DISCOVERED_A_NEW_TERM
2019-09-24 19:06:34,034 [a0991bb0-d059-4b75-b34b-f0d320bfe012@group-84081C198BA3:LeaderElection196] INFO  impl.RoleInfo (RoleInfo.java:shutdownLeaderElection(134)) - a0991bb0-d059-4b75-b34b-f0d320bfe012: shutdown LeaderElection
2019-09-24 19:06:34,034 [a0991bb0-d059-4b75-b34b-f0d320bfe012@group-84081C198BA3:LeaderElection196] INFO  impl.RoleInfo (RoleInfo.java:updateAndGet(143)) - a0991bb0-d059-4b75-b34b-f0d320bfe012: start FollowerState
2019-09-24 19:06:34,154 [Thread-2868] INFO  impl.FollowerState (FollowerState.java:run(106)) - a0991bb0-d059-4b75-b34b-f0d320bfe012:group-9B209ADA5585 changes to CANDIDATE, lastRpcTime:1182, electionTimeout:1182ms
2019-09-24 19:06:34,154 [Thread-2868] INFO  impl.RoleInfo (RoleInfo.java:shutdownFollowerState(121)) - a0991bb0-d059-4b75-b34b-f0d320bfe012: shutdown FollowerState
2019-09-24 19:06:34,154 [Thread-2868] INFO  impl.RaftServerImpl (RaftServerImpl.java:setRole(174)) - a0991bb0-d059-4b75-b34b-f0d320bfe012@group-9B209ADA5585: changes role from  FOLLOWER to CANDIDATE at term 4 for changeToCandidate
2019-09-24 19:06:34,154 [Thread-2868] INFO  impl.RoleInfo (RoleInfo.java:updateAndGet(143)) - a0991bb0-d059-4b75-b34b-f0d320bfe012: start LeaderElection
2019-09-24 19:06:34,202 [a0991bb0-d059-4b75-b34b-f0d320bfe012@group-9B209ADA5585:LeaderElection197] INFO  impl.LeaderElection (LeaderElection.java:askForVotes(182)) - a0991bb0-d059-4b75-b34b-f0d320bfe012@group-9B209ADA5585:LeaderElection197: begin an election at term 5 for 0: [a0991bb0-d059-4b75-b34b-f0d320bfe012:192.168.5.148:46271, 74a8c3a1-4d80-4c26-806c-1183f0126592:192.168.5.148:44605, b50c6779-182a-4abf-ac90-b7c5982ab67f:192.168.5.148:46476], old=null
2019-09-24 19:06:34,203 [a0991bb0-d059-4b75-b34b-f0d320bfe012@group-9B209ADA5585:LeaderElection197] INFO  impl.LeaderElection (LogUtils.java:infoOrTrace(149)) - a0991bb0-d059-4b75-b34b-f0d320bfe012@group-9B209ADA5585:LeaderElection197 got exception when requesting votes: {}
java.util.concurrent.ExecutionException: org.apache.ratis.thirdparty.io.grpc.StatusRuntimeException: UNAVAILABLE: io exception
	at java.util.concurrent.FutureTask.report(FutureTask.java:122)
	at java.util.concurrent.FutureTask.get(FutureTask.java:192)
	at org.apache.ratis.server.impl.LeaderElection.waitForResults(LeaderElection.java:263)
	at org.apache.ratis.server.impl.LeaderElection.askForVotes(LeaderElection.java:201)
	at org.apache.ratis.server.impl.LeaderElection.run(LeaderElection.java:133)
	at java.lang.Thread.run(Thread.java:748)
Caused by: org.apache.ratis.thirdparty.io.grpc.StatusRuntimeException: UNAVAILABLE: io exception
	at org.apache.ratis.thirdparty.io.grpc.stub.ClientCalls.toStatusRuntimeException(ClientCalls.java:233)
	at org.apache.ratis.thirdparty.io.grpc.stub.ClientCalls.getUnchecked(ClientCalls.java:214)
	at org.apache.ratis.thirdparty.io.grpc.stub.ClientCalls.blockingUnaryCall(ClientCalls.java:139)
	at org.apache.ratis.proto.grpc.RaftServerProtocolServiceGrpc$RaftServerProtocolServiceBlockingStub.requestVote(RaftServerProtocolServiceGrpc.java:265)
	at org.apache.ratis.grpc.server.GrpcServerProtocolClient.requestVote(GrpcServerProtocolClient.java:90)
	at org.apache.ratis.grpc.server.GrpcService.requestVote(GrpcService.java:204)
	at org.apache.ratis.server.impl.LeaderElection.lambda$submitRequests$1(LeaderElection.java:238)
	at java.util.concurrent.FutureTask.run(FutureTask.java:266)
	at java.util.concurrent.Executors$RunnableAdapter.call(Executors.java:511)
	at java.util.concurrent.FutureTask.run(FutureTask.java:266)
	at java.util.concurrent.ThreadPoolExecutor.runWorker(ThreadPoolExecutor.java:1149)
	at java.util.concurrent.ThreadPoolExecutor$Worker.run(ThreadPoolExecutor.java:624)
	... 1 more
Caused by: org.apache.ratis.thirdparty.io.netty.channel.AbstractChannel$AnnotatedConnectException: Connection refused: /192.168.5.148:44605
	at sun.nio.ch.SocketChannelImpl.checkConnect(Native Method)
	at sun.nio.ch.SocketChannelImpl.finishConnect(SocketChannelImpl.java:717)
	at org.apache.ratis.thirdparty.io.netty.channel.socket.nio.NioSocketChannel.doFinishConnect(NioSocketChannel.java:327)
	at org.apache.ratis.thirdparty.io.netty.channel.nio.AbstractNioChannel$AbstractNioUnsafe.finishConnect(AbstractNioChannel.java:340)
	at org.apache.ratis.thirdparty.io.netty.channel.nio.NioEventLoop.processSelectedKey(NioEventLoop.java:632)
	at org.apache.ratis.thirdparty.io.netty.channel.nio.NioEventLoop.processSelectedKeysOptimized(NioEventLoop.java:579)
	at org.apache.ratis.thirdparty.io.netty.channel.nio.NioEventLoop.processSelectedKeys(NioEventLoop.java:496)
	at org.apache.ratis.thirdparty.io.netty.channel.nio.NioEventLoop.run(NioEventLoop.java:458)
	at org.apache.ratis.thirdparty.io.netty.util.concurrent.SingleThreadEventExecutor$5.run(SingleThreadEventExecutor.java:897)
	at org.apache.ratis.thirdparty.io.netty.util.concurrent.FastThreadLocalRunnable.run(FastThreadLocalRunnable.java:30)
	... 1 more
Caused by: java.net.ConnectException: Connection refused
	... 11 more
2019-09-24 19:06:34,209 [a0991bb0-d059-4b75-b34b-f0d320bfe012@group-9B209ADA5585:LeaderElection197] INFO  impl.LeaderElection (LogUtils.java:infoOrTrace(149)) - a0991bb0-d059-4b75-b34b-f0d320bfe012@group-9B209ADA5585:LeaderElection197 got exception when requesting votes: {}
java.util.concurrent.ExecutionException: org.apache.ratis.thirdparty.io.grpc.StatusRuntimeException: UNAVAILABLE: io exception
	at java.util.concurrent.FutureTask.report(FutureTask.java:122)
	at java.util.concurrent.FutureTask.get(FutureTask.java:192)
	at org.apache.ratis.server.impl.LeaderElection.waitForResults(LeaderElection.java:263)
	at org.apache.ratis.server.impl.LeaderElection.askForVotes(LeaderElection.java:201)
	at org.apache.ratis.server.impl.LeaderElection.run(LeaderElection.java:133)
	at java.lang.Thread.run(Thread.java:748)
Caused by: org.apache.ratis.thirdparty.io.grpc.StatusRuntimeException: UNAVAILABLE: io exception
	at org.apache.ratis.thirdparty.io.grpc.stub.ClientCalls.toStatusRuntimeException(ClientCalls.java:233)
	at org.apache.ratis.thirdparty.io.grpc.stub.ClientCalls.getUnchecked(ClientCalls.java:214)
	at org.apache.ratis.thirdparty.io.grpc.stub.ClientCalls.blockingUnaryCall(ClientCalls.java:139)
	at org.apache.ratis.proto.grpc.RaftServerProtocolServiceGrpc$RaftServerProtocolServiceBlockingStub.requestVote(RaftServerProtocolServiceGrpc.java:265)
	at org.apache.ratis.grpc.server.GrpcServerProtocolClient.requestVote(GrpcServerProtocolClient.java:90)
	at org.apache.ratis.grpc.server.GrpcService.requestVote(GrpcService.java:204)
	at org.apache.ratis.server.impl.LeaderElection.lambda$submitRequests$1(LeaderElection.java:238)
	at java.util.concurrent.FutureTask.run(FutureTask.java:266)
	at java.util.concurrent.Executors$RunnableAdapter.call(Executors.java:511)
	at java.util.concurrent.FutureTask.run(FutureTask.java:266)
	at java.util.concurrent.ThreadPoolExecutor.runWorker(ThreadPoolExecutor.java:1149)
	at java.util.concurrent.ThreadPoolExecutor$Worker.run(ThreadPoolExecutor.java:624)
	... 1 more
Caused by: org.apache.ratis.thirdparty.io.netty.channel.AbstractChannel$AnnotatedConnectException: Connection refused: /192.168.5.148:46476
	at sun.nio.ch.SocketChannelImpl.checkConnect(Native Method)
	at sun.nio.ch.SocketChannelImpl.finishConnect(SocketChannelImpl.java:717)
	at org.apache.ratis.thirdparty.io.netty.channel.socket.nio.NioSocketChannel.doFinishConnect(NioSocketChannel.java:327)
	at org.apache.ratis.thirdparty.io.netty.channel.nio.AbstractNioChannel$AbstractNioUnsafe.finishConnect(AbstractNioChannel.java:340)
	at org.apache.ratis.thirdparty.io.netty.channel.nio.NioEventLoop.processSelectedKey(NioEventLoop.java:632)
	at org.apache.ratis.thirdparty.io.netty.channel.nio.NioEventLoop.processSelectedKeysOptimized(NioEventLoop.java:579)
	at org.apache.ratis.thirdparty.io.netty.channel.nio.NioEventLoop.processSelectedKeys(NioEventLoop.java:496)
	at org.apache.ratis.thirdparty.io.netty.channel.nio.NioEventLoop.run(NioEventLoop.java:458)
	at org.apache.ratis.thirdparty.io.netty.util.concurrent.SingleThreadEventExecutor$5.run(SingleThreadEventExecutor.java:897)
	at org.apache.ratis.thirdparty.io.netty.util.concurrent.FastThreadLocalRunnable.run(FastThreadLocalRunnable.java:30)
	... 1 more
Caused by: java.net.ConnectException: Connection refused
	... 11 more
2019-09-24 19:06:34,209 [a0991bb0-d059-4b75-b34b-f0d320bfe012@group-9B209ADA5585:LeaderElection197] INFO  impl.LeaderElection (LeaderElection.java:logAndReturn(56)) - a0991bb0-d059-4b75-b34b-f0d320bfe012@group-9B209ADA5585:LeaderElection197: Election REJECTED; received 0 response(s) [] and 2 exception(s); a0991bb0-d059-4b75-b34b-f0d320bfe012@group-9B209ADA5585:t5, leader=null, voted=a0991bb0-d059-4b75-b34b-f0d320bfe012, raftlog=a0991bb0-d059-4b75-b34b-f0d320bfe012@group-9B209ADA5585-SegmentedRaftLog:OPENED:c0,f0,i0, conf=0: [a0991bb0-d059-4b75-b34b-f0d320bfe012:192.168.5.148:46271, 74a8c3a1-4d80-4c26-806c-1183f0126592:192.168.5.148:44605, b50c6779-182a-4abf-ac90-b7c5982ab67f:192.168.5.148:46476], old=null
2019-09-24 19:06:34,209 [a0991bb0-d059-4b75-b34b-f0d320bfe012@group-9B209ADA5585:LeaderElection197] INFO  impl.LeaderElection (LogUtils.java:infoOrTrace(149)) -   Exception 0: {}
java.util.concurrent.ExecutionException: org.apache.ratis.thirdparty.io.grpc.StatusRuntimeException: UNAVAILABLE: io exception
	at java.util.concurrent.FutureTask.report(FutureTask.java:122)
	at java.util.concurrent.FutureTask.get(FutureTask.java:192)
	at org.apache.ratis.server.impl.LeaderElection.waitForResults(LeaderElection.java:263)
	at org.apache.ratis.server.impl.LeaderElection.askForVotes(LeaderElection.java:201)
	at org.apache.ratis.server.impl.LeaderElection.run(LeaderElection.java:133)
	at java.lang.Thread.run(Thread.java:748)
Caused by: org.apache.ratis.thirdparty.io.grpc.StatusRuntimeException: UNAVAILABLE: io exception
	at org.apache.ratis.thirdparty.io.grpc.stub.ClientCalls.toStatusRuntimeException(ClientCalls.java:233)
	at org.apache.ratis.thirdparty.io.grpc.stub.ClientCalls.getUnchecked(ClientCalls.java:214)
	at org.apache.ratis.thirdparty.io.grpc.stub.ClientCalls.blockingUnaryCall(ClientCalls.java:139)
	at org.apache.ratis.proto.grpc.RaftServerProtocolServiceGrpc$RaftServerProtocolServiceBlockingStub.requestVote(RaftServerProtocolServiceGrpc.java:265)
	at org.apache.ratis.grpc.server.GrpcServerProtocolClient.requestVote(GrpcServerProtocolClient.java:90)
	at org.apache.ratis.grpc.server.GrpcService.requestVote(GrpcService.java:204)
	at org.apache.ratis.server.impl.LeaderElection.lambda$submitRequests$1(LeaderElection.java:238)
	at java.util.concurrent.FutureTask.run(FutureTask.java:266)
	at java.util.concurrent.Executors$RunnableAdapter.call(Executors.java:511)
	at java.util.concurrent.FutureTask.run(FutureTask.java:266)
	at java.util.concurrent.ThreadPoolExecutor.runWorker(ThreadPoolExecutor.java:1149)
	at java.util.concurrent.ThreadPoolExecutor$Worker.run(ThreadPoolExecutor.java:624)
	... 1 more
Caused by: org.apache.ratis.thirdparty.io.netty.channel.AbstractChannel$AnnotatedConnectException: Connection refused: /192.168.5.148:44605
	at sun.nio.ch.SocketChannelImpl.checkConnect(Native Method)
	at sun.nio.ch.SocketChannelImpl.finishConnect(SocketChannelImpl.java:717)
	at org.apache.ratis.thirdparty.io.netty.channel.socket.nio.NioSocketChannel.doFinishConnect(NioSocketChannel.java:327)
	at org.apache.ratis.thirdparty.io.netty.channel.nio.AbstractNioChannel$AbstractNioUnsafe.finishConnect(AbstractNioChannel.java:340)
	at org.apache.ratis.thirdparty.io.netty.channel.nio.NioEventLoop.processSelectedKey(NioEventLoop.java:632)
	at org.apache.ratis.thirdparty.io.netty.channel.nio.NioEventLoop.processSelectedKeysOptimized(NioEventLoop.java:579)
	at org.apache.ratis.thirdparty.io.netty.channel.nio.NioEventLoop.processSelectedKeys(NioEventLoop.java:496)
	at org.apache.ratis.thirdparty.io.netty.channel.nio.NioEventLoop.run(NioEventLoop.java:458)
	at org.apache.ratis.thirdparty.io.netty.util.concurrent.SingleThreadEventExecutor$5.run(SingleThreadEventExecutor.java:897)
	at org.apache.ratis.thirdparty.io.netty.util.concurrent.FastThreadLocalRunnable.run(FastThreadLocalRunnable.java:30)
	... 1 more
Caused by: java.net.ConnectException: Connection refused
	... 11 more
2019-09-24 19:06:34,210 [a0991bb0-d059-4b75-b34b-f0d320bfe012@group-9B209ADA5585:LeaderElection197] INFO  impl.LeaderElection (LogUtils.java:infoOrTrace(149)) -   Exception 1: {}
java.util.concurrent.ExecutionException: org.apache.ratis.thirdparty.io.grpc.StatusRuntimeException: UNAVAILABLE: io exception
	at java.util.concurrent.FutureTask.report(FutureTask.java:122)
	at java.util.concurrent.FutureTask.get(FutureTask.java:192)
	at org.apache.ratis.server.impl.LeaderElection.waitForResults(LeaderElection.java:263)
	at org.apache.ratis.server.impl.LeaderElection.askForVotes(LeaderElection.java:201)
	at org.apache.ratis.server.impl.LeaderElection.run(LeaderElection.java:133)
	at java.lang.Thread.run(Thread.java:748)
Caused by: org.apache.ratis.thirdparty.io.grpc.StatusRuntimeException: UNAVAILABLE: io exception
	at org.apache.ratis.thirdparty.io.grpc.stub.ClientCalls.toStatusRuntimeException(ClientCalls.java:233)
	at org.apache.ratis.thirdparty.io.grpc.stub.ClientCalls.getUnchecked(ClientCalls.java:214)
	at org.apache.ratis.thirdparty.io.grpc.stub.ClientCalls.blockingUnaryCall(ClientCalls.java:139)
	at org.apache.ratis.proto.grpc.RaftServerProtocolServiceGrpc$RaftServerProtocolServiceBlockingStub.requestVote(RaftServerProtocolServiceGrpc.java:265)
	at org.apache.ratis.grpc.server.GrpcServerProtocolClient.requestVote(GrpcServerProtocolClient.java:90)
	at org.apache.ratis.grpc.server.GrpcService.requestVote(GrpcService.java:204)
	at org.apache.ratis.server.impl.LeaderElection.lambda$submitRequests$1(LeaderElection.java:238)
	at java.util.concurrent.FutureTask.run(FutureTask.java:266)
	at java.util.concurrent.Executors$RunnableAdapter.call(Executors.java:511)
	at java.util.concurrent.FutureTask.run(FutureTask.java:266)
	at java.util.concurrent.ThreadPoolExecutor.runWorker(ThreadPoolExecutor.java:1149)
	at java.util.concurrent.ThreadPoolExecutor$Worker.run(ThreadPoolExecutor.java:624)
	... 1 more
Caused by: org.apache.ratis.thirdparty.io.netty.channel.AbstractChannel$AnnotatedConnectException: Connection refused: /192.168.5.148:46476
	at sun.nio.ch.SocketChannelImpl.checkConnect(Native Method)
	at sun.nio.ch.SocketChannelImpl.finishConnect(SocketChannelImpl.java:717)
	at org.apache.ratis.thirdparty.io.netty.channel.socket.nio.NioSocketChannel.doFinishConnect(NioSocketChannel.java:327)
	at org.apache.ratis.thirdparty.io.netty.channel.nio.AbstractNioChannel$AbstractNioUnsafe.finishConnect(AbstractNioChannel.java:340)
	at org.apache.ratis.thirdparty.io.netty.channel.nio.NioEventLoop.processSelectedKey(NioEventLoop.java:632)
	at org.apache.ratis.thirdparty.io.netty.channel.nio.NioEventLoop.processSelectedKeysOptimized(NioEventLoop.java:579)
	at org.apache.ratis.thirdparty.io.netty.channel.nio.NioEventLoop.processSelectedKeys(NioEventLoop.java:496)
	at org.apache.ratis.thirdparty.io.netty.channel.nio.NioEventLoop.run(NioEventLoop.java:458)
	at org.apache.ratis.thirdparty.io.netty.util.concurrent.SingleThreadEventExecutor$5.run(SingleThreadEventExecutor.java:897)
	at org.apache.ratis.thirdparty.io.netty.util.concurrent.FastThreadLocalRunnable.run(FastThreadLocalRunnable.java:30)
	... 1 more
Caused by: java.net.ConnectException: Connection refused
	... 11 more
2019-09-24 19:06:34,210 [a0991bb0-d059-4b75-b34b-f0d320bfe012@group-9B209ADA5585:LeaderElection197] INFO  impl.RaftServerImpl (RaftServerImpl.java:setRole(174)) - a0991bb0-d059-4b75-b34b-f0d320bfe012@group-9B209ADA5585: changes role from CANDIDATE to FOLLOWER at term 5 for DISCOVERED_A_NEW_TERM
2019-09-24 19:06:34,210 [a0991bb0-d059-4b75-b34b-f0d320bfe012@group-9B209ADA5585:LeaderElection197] INFO  impl.RoleInfo (RoleInfo.java:shutdownLeaderElection(134)) - a0991bb0-d059-4b75-b34b-f0d320bfe012: shutdown LeaderElection
2019-09-24 19:06:34,210 [a0991bb0-d059-4b75-b34b-f0d320bfe012@group-9B209ADA5585:LeaderElection197] INFO  impl.RoleInfo (RoleInfo.java:updateAndGet(143)) - a0991bb0-d059-4b75-b34b-f0d320bfe012: start FollowerState
2019-09-24 19:06:34,413 [grpc-default-executor-10] WARN  server.GrpcLogAppender (LogUtils.java:warn(134)) - a0991bb0-d059-4b75-b34b-f0d320bfe012@group-192AEBA694D5->b50c6779-182a-4abf-ac90-b7c5982ab67f-AppendLogResponseHandler: Failed appendEntries: org.apache.ratis.thirdparty.io.grpc.StatusRuntimeException: UNAVAILABLE: io exception
2019-09-24 19:06:34,413 [grpc-default-executor-10] INFO  impl.FollowerInfo (FollowerInfo.java:lambda$new$0(51)) - a0991bb0-d059-4b75-b34b-f0d320bfe012@group-192AEBA694D5->b50c6779-182a-4abf-ac90-b7c5982ab67f: nextIndex: updateUnconditionally 0 -> 0
2019-09-24 19:06:34,475 [grpc-default-executor-10] WARN  server.GrpcLogAppender (LogUtils.java:warn(134)) - a0991bb0-d059-4b75-b34b-f0d320bfe012@group-192AEBA694D5->74a8c3a1-4d80-4c26-806c-1183f0126592-AppendLogResponseHandler: Failed appendEntries: org.apache.ratis.thirdparty.io.grpc.StatusRuntimeException: UNAVAILABLE: io exception
2019-09-24 19:06:34,475 [grpc-default-executor-10] INFO  impl.FollowerInfo (FollowerInfo.java:lambda$new$0(51)) - a0991bb0-d059-4b75-b34b-f0d320bfe012@group-192AEBA694D5->74a8c3a1-4d80-4c26-806c-1183f0126592: nextIndex: updateUnconditionally 0 -> 0
2019-09-24 19:06:34,916 [grpc-default-executor-13] WARN  server.GrpcLogAppender (LogUtils.java:warn(134)) - a0991bb0-d059-4b75-b34b-f0d320bfe012@group-192AEBA694D5->b50c6779-182a-4abf-ac90-b7c5982ab67f-AppendLogResponseHandler: Failed appendEntries: org.apache.ratis.thirdparty.io.grpc.StatusRuntimeException: UNAVAILABLE: io exception
2019-09-24 19:06:34,916 [grpc-default-executor-13] INFO  impl.FollowerInfo (FollowerInfo.java:lambda$new$0(51)) - a0991bb0-d059-4b75-b34b-f0d320bfe012@group-192AEBA694D5->b50c6779-182a-4abf-ac90-b7c5982ab67f: nextIndex: updateUnconditionally 0 -> 0
2019-09-24 19:06:34,982 [grpc-default-executor-13] WARN  server.GrpcLogAppender (LogUtils.java:warn(134)) - a0991bb0-d059-4b75-b34b-f0d320bfe012@group-192AEBA694D5->74a8c3a1-4d80-4c26-806c-1183f0126592-AppendLogResponseHandler: Failed appendEntries: org.apache.ratis.thirdparty.io.grpc.StatusRuntimeException: UNAVAILABLE: io exception
2019-09-24 19:06:34,983 [grpc-default-executor-13] INFO  impl.FollowerInfo (FollowerInfo.java:lambda$new$0(51)) - a0991bb0-d059-4b75-b34b-f0d320bfe012@group-192AEBA694D5->74a8c3a1-4d80-4c26-806c-1183f0126592: nextIndex: updateUnconditionally 0 -> 0
2019-09-24 19:06:35,078 [Thread-2872] INFO  impl.FollowerState (FollowerState.java:run(106)) - a0991bb0-d059-4b75-b34b-f0d320bfe012:group-84081C198BA3 changes to CANDIDATE, lastRpcTime:1043, electionTimeout:1043ms
2019-09-24 19:06:35,079 [Thread-2872] INFO  impl.RoleInfo (RoleInfo.java:shutdownFollowerState(121)) - a0991bb0-d059-4b75-b34b-f0d320bfe012: shutdown FollowerState
2019-09-24 19:06:35,079 [Thread-2872] INFO  impl.RaftServerImpl (RaftServerImpl.java:setRole(174)) - a0991bb0-d059-4b75-b34b-f0d320bfe012@group-84081C198BA3: changes role from  FOLLOWER to CANDIDATE at term 13 for changeToCandidate
2019-09-24 19:06:35,079 [Thread-2872] INFO  impl.RoleInfo (RoleInfo.java:updateAndGet(143)) - a0991bb0-d059-4b75-b34b-f0d320bfe012: start LeaderElection
2019-09-24 19:06:35,095 [a0991bb0-d059-4b75-b34b-f0d320bfe012@group-84081C198BA3:LeaderElection198] INFO  impl.LeaderElection (LeaderElection.java:askForVotes(182)) - a0991bb0-d059-4b75-b34b-f0d320bfe012@group-84081C198BA3:LeaderElection198: begin an election at term 14 for -1: [a0991bb0-d059-4b75-b34b-f0d320bfe012:192.168.5.148:46271, 74a8c3a1-4d80-4c26-806c-1183f0126592:192.168.5.148:44605, b50c6779-182a-4abf-ac90-b7c5982ab67f:192.168.5.148:46476], old=null
2019-09-24 19:06:35,101 [a0991bb0-d059-4b75-b34b-f0d320bfe012@group-84081C198BA3:LeaderElection198] INFO  impl.LeaderElection (LogUtils.java:infoOrTrace(149)) - a0991bb0-d059-4b75-b34b-f0d320bfe012@group-84081C198BA3:LeaderElection198 got exception when requesting votes: {}
java.util.concurrent.ExecutionException: org.apache.ratis.thirdparty.io.grpc.StatusRuntimeException: UNAVAILABLE: io exception
	at java.util.concurrent.FutureTask.report(FutureTask.java:122)
	at java.util.concurrent.FutureTask.get(FutureTask.java:192)
	at org.apache.ratis.server.impl.LeaderElection.waitForResults(LeaderElection.java:263)
	at org.apache.ratis.server.impl.LeaderElection.askForVotes(LeaderElection.java:201)
	at org.apache.ratis.server.impl.LeaderElection.run(LeaderElection.java:133)
	at java.lang.Thread.run(Thread.java:748)
Caused by: org.apache.ratis.thirdparty.io.grpc.StatusRuntimeException: UNAVAILABLE: io exception
	at org.apache.ratis.thirdparty.io.grpc.stub.ClientCalls.toStatusRuntimeException(ClientCalls.java:233)
	at org.apache.ratis.thirdparty.io.grpc.stub.ClientCalls.getUnchecked(ClientCalls.java:214)
	at org.apache.ratis.thirdparty.io.grpc.stub.ClientCalls.blockingUnaryCall(ClientCalls.java:139)
	at org.apache.ratis.proto.grpc.RaftServerProtocolServiceGrpc$RaftServerProtocolServiceBlockingStub.requestVote(RaftServerProtocolServiceGrpc.java:265)
	at org.apache.ratis.grpc.server.GrpcServerProtocolClient.requestVote(GrpcServerProtocolClient.java:90)
	at org.apache.ratis.grpc.server.GrpcService.requestVote(GrpcService.java:204)
	at org.apache.ratis.server.impl.LeaderElection.lambda$submitRequests$1(LeaderElection.java:238)
	at java.util.concurrent.FutureTask.run(FutureTask.java:266)
	at java.util.concurrent.Executors$RunnableAdapter.call(Executors.java:511)
	at java.util.concurrent.FutureTask.run(FutureTask.java:266)
	at java.util.concurrent.ThreadPoolExecutor.runWorker(ThreadPoolExecutor.java:1149)
	at java.util.concurrent.ThreadPoolExecutor$Worker.run(ThreadPoolExecutor.java:624)
	... 1 more
Caused by: org.apache.ratis.thirdparty.io.netty.channel.AbstractChannel$AnnotatedConnectException: Connection refused: /192.168.5.148:44605
	at sun.nio.ch.SocketChannelImpl.checkConnect(Native Method)
	at sun.nio.ch.SocketChannelImpl.finishConnect(SocketChannelImpl.java:717)
	at org.apache.ratis.thirdparty.io.netty.channel.socket.nio.NioSocketChannel.doFinishConnect(NioSocketChannel.java:327)
	at org.apache.ratis.thirdparty.io.netty.channel.nio.AbstractNioChannel$AbstractNioUnsafe.finishConnect(AbstractNioChannel.java:340)
	at org.apache.ratis.thirdparty.io.netty.channel.nio.NioEventLoop.processSelectedKey(NioEventLoop.java:632)
	at org.apache.ratis.thirdparty.io.netty.channel.nio.NioEventLoop.processSelectedKeysOptimized(NioEventLoop.java:579)
	at org.apache.ratis.thirdparty.io.netty.channel.nio.NioEventLoop.processSelectedKeys(NioEventLoop.java:496)
	at org.apache.ratis.thirdparty.io.netty.channel.nio.NioEventLoop.run(NioEventLoop.java:458)
	at org.apache.ratis.thirdparty.io.netty.util.concurrent.SingleThreadEventExecutor$5.run(SingleThreadEventExecutor.java:897)
	at org.apache.ratis.thirdparty.io.netty.util.concurrent.FastThreadLocalRunnable.run(FastThreadLocalRunnable.java:30)
	... 1 more
Caused by: java.net.ConnectException: Connection refused
	... 11 more
2019-09-24 19:06:35,102 [a0991bb0-d059-4b75-b34b-f0d320bfe012@group-84081C198BA3:LeaderElection198] INFO  impl.LeaderElection (LogUtils.java:infoOrTrace(149)) - a0991bb0-d059-4b75-b34b-f0d320bfe012@group-84081C198BA3:LeaderElection198 got exception when requesting votes: {}
java.util.concurrent.ExecutionException: org.apache.ratis.thirdparty.io.grpc.StatusRuntimeException: UNAVAILABLE: io exception
	at java.util.concurrent.FutureTask.report(FutureTask.java:122)
	at java.util.concurrent.FutureTask.get(FutureTask.java:192)
	at org.apache.ratis.server.impl.LeaderElection.waitForResults(LeaderElection.java:263)
	at org.apache.ratis.server.impl.LeaderElection.askForVotes(LeaderElection.java:201)
	at org.apache.ratis.server.impl.LeaderElection.run(LeaderElection.java:133)
	at java.lang.Thread.run(Thread.java:748)
Caused by: org.apache.ratis.thirdparty.io.grpc.StatusRuntimeException: UNAVAILABLE: io exception
	at org.apache.ratis.thirdparty.io.grpc.stub.ClientCalls.toStatusRuntimeException(ClientCalls.java:233)
	at org.apache.ratis.thirdparty.io.grpc.stub.ClientCalls.getUnchecked(ClientCalls.java:214)
	at org.apache.ratis.thirdparty.io.grpc.stub.ClientCalls.blockingUnaryCall(ClientCalls.java:139)
	at org.apache.ratis.proto.grpc.RaftServerProtocolServiceGrpc$RaftServerProtocolServiceBlockingStub.requestVote(RaftServerProtocolServiceGrpc.java:265)
	at org.apache.ratis.grpc.server.GrpcServerProtocolClient.requestVote(GrpcServerProtocolClient.java:90)
	at org.apache.ratis.grpc.server.GrpcService.requestVote(GrpcService.java:204)
	at org.apache.ratis.server.impl.LeaderElection.lambda$submitRequests$1(LeaderElection.java:238)
	at java.util.concurrent.FutureTask.run(FutureTask.java:266)
	at java.util.concurrent.Executors$RunnableAdapter.call(Executors.java:511)
	at java.util.concurrent.FutureTask.run(FutureTask.java:266)
	at java.util.concurrent.ThreadPoolExecutor.runWorker(ThreadPoolExecutor.java:1149)
	at java.util.concurrent.ThreadPoolExecutor$Worker.run(ThreadPoolExecutor.java:624)
	... 1 more
Caused by: org.apache.ratis.thirdparty.io.netty.channel.AbstractChannel$AnnotatedConnectException: Connection refused: /192.168.5.148:46476
	at sun.nio.ch.SocketChannelImpl.checkConnect(Native Method)
	at sun.nio.ch.SocketChannelImpl.finishConnect(SocketChannelImpl.java:717)
	at org.apache.ratis.thirdparty.io.netty.channel.socket.nio.NioSocketChannel.doFinishConnect(NioSocketChannel.java:327)
	at org.apache.ratis.thirdparty.io.netty.channel.nio.AbstractNioChannel$AbstractNioUnsafe.finishConnect(AbstractNioChannel.java:340)
	at org.apache.ratis.thirdparty.io.netty.channel.nio.NioEventLoop.processSelectedKey(NioEventLoop.java:632)
	at org.apache.ratis.thirdparty.io.netty.channel.nio.NioEventLoop.processSelectedKeysOptimized(NioEventLoop.java:579)
	at org.apache.ratis.thirdparty.io.netty.channel.nio.NioEventLoop.processSelectedKeys(NioEventLoop.java:496)
	at org.apache.ratis.thirdparty.io.netty.channel.nio.NioEventLoop.run(NioEventLoop.java:458)
	at org.apache.ratis.thirdparty.io.netty.util.concurrent.SingleThreadEventExecutor$5.run(SingleThreadEventExecutor.java:897)
	at org.apache.ratis.thirdparty.io.netty.util.concurrent.FastThreadLocalRunnable.run(FastThreadLocalRunnable.java:30)
	... 1 more
Caused by: java.net.ConnectException: Connection refused
	... 11 more
2019-09-24 19:06:35,102 [a0991bb0-d059-4b75-b34b-f0d320bfe012@group-84081C198BA3:LeaderElection198] INFO  impl.LeaderElection (LeaderElection.java:logAndReturn(56)) - a0991bb0-d059-4b75-b34b-f0d320bfe012@group-84081C198BA3:LeaderElection198: Election REJECTED; received 0 response(s) [] and 2 exception(s); a0991bb0-d059-4b75-b34b-f0d320bfe012@group-84081C198BA3:t14, leader=null, voted=a0991bb0-d059-4b75-b34b-f0d320bfe012, raftlog=a0991bb0-d059-4b75-b34b-f0d320bfe012@group-84081C198BA3-SegmentedRaftLog:OPENED:c-1,f-1,i0, conf=-1: [a0991bb0-d059-4b75-b34b-f0d320bfe012:192.168.5.148:46271, 74a8c3a1-4d80-4c26-806c-1183f0126592:192.168.5.148:44605, b50c6779-182a-4abf-ac90-b7c5982ab67f:192.168.5.148:46476], old=null
2019-09-24 19:06:35,103 [a0991bb0-d059-4b75-b34b-f0d320bfe012@group-84081C198BA3:LeaderElection198] INFO  impl.LeaderElection (LogUtils.java:infoOrTrace(149)) -   Exception 0: {}
java.util.concurrent.ExecutionException: org.apache.ratis.thirdparty.io.grpc.StatusRuntimeException: UNAVAILABLE: io exception
	at java.util.concurrent.FutureTask.report(FutureTask.java:122)
	at java.util.concurrent.FutureTask.get(FutureTask.java:192)
	at org.apache.ratis.server.impl.LeaderElection.waitForResults(LeaderElection.java:263)
	at org.apache.ratis.server.impl.LeaderElection.askForVotes(LeaderElection.java:201)
	at org.apache.ratis.server.impl.LeaderElection.run(LeaderElection.java:133)
	at java.lang.Thread.run(Thread.java:748)
Caused by: org.apache.ratis.thirdparty.io.grpc.StatusRuntimeException: UNAVAILABLE: io exception
	at org.apache.ratis.thirdparty.io.grpc.stub.ClientCalls.toStatusRuntimeException(ClientCalls.java:233)
	at org.apache.ratis.thirdparty.io.grpc.stub.ClientCalls.getUnchecked(ClientCalls.java:214)
	at org.apache.ratis.thirdparty.io.grpc.stub.ClientCalls.blockingUnaryCall(ClientCalls.java:139)
	at org.apache.ratis.proto.grpc.RaftServerProtocolServiceGrpc$RaftServerProtocolServiceBlockingStub.requestVote(RaftServerProtocolServiceGrpc.java:265)
	at org.apache.ratis.grpc.server.GrpcServerProtocolClient.requestVote(GrpcServerProtocolClient.java:90)
	at org.apache.ratis.grpc.server.GrpcService.requestVote(GrpcService.java:204)
	at org.apache.ratis.server.impl.LeaderElection.lambda$submitRequests$1(LeaderElection.java:238)
	at java.util.concurrent.FutureTask.run(FutureTask.java:266)
	at java.util.concurrent.Executors$RunnableAdapter.call(Executors.java:511)
	at java.util.concurrent.FutureTask.run(FutureTask.java:266)
	at java.util.concurrent.ThreadPoolExecutor.runWorker(ThreadPoolExecutor.java:1149)
	at java.util.concurrent.ThreadPoolExecutor$Worker.run(ThreadPoolExecutor.java:624)
	... 1 more
Caused by: org.apache.ratis.thirdparty.io.netty.channel.AbstractChannel$AnnotatedConnectException: Connection refused: /192.168.5.148:44605
	at sun.nio.ch.SocketChannelImpl.checkConnect(Native Method)
	at sun.nio.ch.SocketChannelImpl.finishConnect(SocketChannelImpl.java:717)
	at org.apache.ratis.thirdparty.io.netty.channel.socket.nio.NioSocketChannel.doFinishConnect(NioSocketChannel.java:327)
	at org.apache.ratis.thirdparty.io.netty.channel.nio.AbstractNioChannel$AbstractNioUnsafe.finishConnect(AbstractNioChannel.java:340)
	at org.apache.ratis.thirdparty.io.netty.channel.nio.NioEventLoop.processSelectedKey(NioEventLoop.java:632)
	at org.apache.ratis.thirdparty.io.netty.channel.nio.NioEventLoop.processSelectedKeysOptimized(NioEventLoop.java:579)
	at org.apache.ratis.thirdparty.io.netty.channel.nio.NioEventLoop.processSelectedKeys(NioEventLoop.java:496)
	at org.apache.ratis.thirdparty.io.netty.channel.nio.NioEventLoop.run(NioEventLoop.java:458)
	at org.apache.ratis.thirdparty.io.netty.util.concurrent.SingleThreadEventExecutor$5.run(SingleThreadEventExecutor.java:897)
	at org.apache.ratis.thirdparty.io.netty.util.concurrent.FastThreadLocalRunnable.run(FastThreadLocalRunnable.java:30)
	... 1 more
Caused by: java.net.ConnectException: Connection refused
	... 11 more
2019-09-24 19:06:35,103 [a0991bb0-d059-4b75-b34b-f0d320bfe012@group-84081C198BA3:LeaderElection198] INFO  impl.LeaderElection (LogUtils.java:infoOrTrace(149)) -   Exception 1: {}
java.util.concurrent.ExecutionException: org.apache.ratis.thirdparty.io.grpc.StatusRuntimeException: UNAVAILABLE: io exception
	at java.util.concurrent.FutureTask.report(FutureTask.java:122)
	at java.util.concurrent.FutureTask.get(FutureTask.java:192)
	at org.apache.ratis.server.impl.LeaderElection.waitForResults(LeaderElection.java:263)
	at org.apache.ratis.server.impl.LeaderElection.askForVotes(LeaderElection.java:201)
	at org.apache.ratis.server.impl.LeaderElection.run(LeaderElection.java:133)
	at java.lang.Thread.run(Thread.java:748)
Caused by: org.apache.ratis.thirdparty.io.grpc.StatusRuntimeException: UNAVAILABLE: io exception
	at org.apache.ratis.thirdparty.io.grpc.stub.ClientCalls.toStatusRuntimeException(ClientCalls.java:233)
	at org.apache.ratis.thirdparty.io.grpc.stub.ClientCalls.getUnchecked(ClientCalls.java:214)
	at org.apache.ratis.thirdparty.io.grpc.stub.ClientCalls.blockingUnaryCall(ClientCalls.java:139)
	at org.apache.ratis.proto.grpc.RaftServerProtocolServiceGrpc$RaftServerProtocolServiceBlockingStub.requestVote(RaftServerProtocolServiceGrpc.java:265)
	at org.apache.ratis.grpc.server.GrpcServerProtocolClient.requestVote(GrpcServerProtocolClient.java:90)
	at org.apache.ratis.grpc.server.GrpcService.requestVote(GrpcService.java:204)
	at org.apache.ratis.server.impl.LeaderElection.lambda$submitRequests$1(LeaderElection.java:238)
	at java.util.concurrent.FutureTask.run(FutureTask.java:266)
	at java.util.concurrent.Executors$RunnableAdapter.call(Executors.java:511)
	at java.util.concurrent.FutureTask.run(FutureTask.java:266)
	at java.util.concurrent.ThreadPoolExecutor.runWorker(ThreadPoolExecutor.java:1149)
	at java.util.concurrent.ThreadPoolExecutor$Worker.run(ThreadPoolExecutor.java:624)
	... 1 more
Caused by: org.apache.ratis.thirdparty.io.netty.channel.AbstractChannel$AnnotatedConnectException: Connection refused: /192.168.5.148:46476
	at sun.nio.ch.SocketChannelImpl.checkConnect(Native Method)
	at sun.nio.ch.SocketChannelImpl.finishConnect(SocketChannelImpl.java:717)
	at org.apache.ratis.thirdparty.io.netty.channel.socket.nio.NioSocketChannel.doFinishConnect(NioSocketChannel.java:327)
	at org.apache.ratis.thirdparty.io.netty.channel.nio.AbstractNioChannel$AbstractNioUnsafe.finishConnect(AbstractNioChannel.java:340)
	at org.apache.ratis.thirdparty.io.netty.channel.nio.NioEventLoop.processSelectedKey(NioEventLoop.java:632)
	at org.apache.ratis.thirdparty.io.netty.channel.nio.NioEventLoop.processSelectedKeysOptimized(NioEventLoop.java:579)
	at org.apache.ratis.thirdparty.io.netty.channel.nio.NioEventLoop.processSelectedKeys(NioEventLoop.java:496)
	at org.apache.ratis.thirdparty.io.netty.channel.nio.NioEventLoop.run(NioEventLoop.java:458)
	at org.apache.ratis.thirdparty.io.netty.util.concurrent.SingleThreadEventExecutor$5.run(SingleThreadEventExecutor.java:897)
	at org.apache.ratis.thirdparty.io.netty.util.concurrent.FastThreadLocalRunnable.run(FastThreadLocalRunnable.java:30)
	... 1 more
Caused by: java.net.ConnectException: Connection refused
	... 11 more
2019-09-24 19:06:35,104 [a0991bb0-d059-4b75-b34b-f0d320bfe012@group-84081C198BA3:LeaderElection198] INFO  impl.RaftServerImpl (RaftServerImpl.java:setRole(174)) - a0991bb0-d059-4b75-b34b-f0d320bfe012@group-84081C198BA3: changes role from CANDIDATE to FOLLOWER at term 14 for DISCOVERED_A_NEW_TERM
2019-09-24 19:06:35,104 [a0991bb0-d059-4b75-b34b-f0d320bfe012@group-84081C198BA3:LeaderElection198] INFO  impl.RoleInfo (RoleInfo.java:shutdownLeaderElection(134)) - a0991bb0-d059-4b75-b34b-f0d320bfe012: shutdown LeaderElection
2019-09-24 19:06:35,104 [a0991bb0-d059-4b75-b34b-f0d320bfe012@group-84081C198BA3:LeaderElection198] INFO  impl.RoleInfo (RoleInfo.java:updateAndGet(143)) - a0991bb0-d059-4b75-b34b-f0d320bfe012: start FollowerState
2019-09-24 19:06:35,155 [ForkJoinPool.commonPool-worker-1] INFO  ozoneimpl.OzoneContainer (OzoneContainer.java:stop(231)) - Attempting to stop container services.
2019-09-24 19:06:35,156 [ForkJoinPool.commonPool-worker-1] INFO  impl.RaftServerProxy (RaftServerProxy.java:lambda$close$4(314)) - a0991bb0-d059-4b75-b34b-f0d320bfe012: close
2019-09-24 19:06:35,156 [ForkJoinPool.commonPool-worker-1] INFO  impl.RaftServerImpl (RaftServerImpl.java:lambda$shutdown$3(251)) - a0991bb0-d059-4b75-b34b-f0d320bfe012@group-6265DF039062: shutdown
2019-09-24 19:06:35,156 [ForkJoinPool.commonPool-worker-1] INFO  util.JmxRegister (JmxRegister.java:unregister(73)) - Successfully un-registered JMX Bean with object name Ratis:service=RaftServer,group=group-6265DF039062,id=a0991bb0-d059-4b75-b34b-f0d320bfe012
2019-09-24 19:06:35,157 [ForkJoinPool.commonPool-worker-1] INFO  impl.RoleInfo (RoleInfo.java:shutdownLeaderState(104)) - a0991bb0-d059-4b75-b34b-f0d320bfe012: shutdown LeaderState
2019-09-24 19:06:35,157 [ForkJoinPool.commonPool-worker-1] INFO  impl.PendingRequests (PendingRequests.java:sendNotLeaderResponses(202)) - a0991bb0-d059-4b75-b34b-f0d320bfe012-PendingRequests: sendNotLeaderResponses
2019-09-24 19:06:35,158 [ForkJoinPool.commonPool-worker-1] INFO  impl.StateMachineUpdater (StateMachineUpdater.java:stopAndJoin(125)) - a0991bb0-d059-4b75-b34b-f0d320bfe012@group-6265DF039062-StateMachineUpdater: set stopIndex = 0
2019-09-24 19:06:35,158 [ForkJoinPool.commonPool-worker-1] INFO  impl.RaftServerImpl (ServerState.java:close(385)) - a0991bb0-d059-4b75-b34b-f0d320bfe012@group-6265DF039062: closes. applyIndex: 0
2019-09-24 19:06:35,159 [a0991bb0-d059-4b75-b34b-f0d320bfe012@group-6265DF039062-SegmentedRaftLogWorker] INFO  segmented.SegmentedRaftLogWorker (SegmentedRaftLogWorker.java:run(313)) - a0991bb0-d059-4b75-b34b-f0d320bfe012@group-6265DF039062-SegmentedRaftLogWorker was interrupted, exiting. There are 0 tasks remaining in the queue.
2019-09-24 19:06:35,161 [ForkJoinPool.commonPool-worker-1] INFO  segmented.SegmentedRaftLogWorker (SegmentedRaftLogWorker.java:close(228)) - a0991bb0-d059-4b75-b34b-f0d320bfe012@group-6265DF039062-SegmentedRaftLogWorker close()
2019-09-24 19:06:35,164 [ForkJoinPool.commonPool-worker-1] INFO  impl.RaftServerImpl (RaftServerImpl.java:lambda$shutdown$3(251)) - a0991bb0-d059-4b75-b34b-f0d320bfe012@group-9B209ADA5585: shutdown
2019-09-24 19:06:35,164 [ForkJoinPool.commonPool-worker-1] INFO  util.JmxRegister (JmxRegister.java:unregister(73)) - Successfully un-registered JMX Bean with object name Ratis:service=RaftServer,group=group-9B209ADA5585,id=a0991bb0-d059-4b75-b34b-f0d320bfe012
2019-09-24 19:06:35,164 [ForkJoinPool.commonPool-worker-1] INFO  impl.RoleInfo (RoleInfo.java:shutdownFollowerState(121)) - a0991bb0-d059-4b75-b34b-f0d320bfe012: shutdown FollowerState
2019-09-24 19:06:35,165 [ForkJoinPool.commonPool-worker-1] INFO  impl.StateMachineUpdater (StateMachineUpdater.java:stopAndJoin(125)) - a0991bb0-d059-4b75-b34b-f0d320bfe012@group-9B209ADA5585-StateMachineUpdater: set stopIndex = 0
2019-09-24 19:06:35,165 [Thread-2876] INFO  impl.FollowerState (FollowerState.java:run(115)) - a0991bb0-d059-4b75-b34b-f0d320bfe012: FollowerState was interrupted: java.lang.InterruptedException: sleep interrupted
2019-09-24 19:06:35,165 [ForkJoinPool.commonPool-worker-1] INFO  impl.RaftServerImpl (ServerState.java:close(385)) - a0991bb0-d059-4b75-b34b-f0d320bfe012@group-9B209ADA5585: closes. applyIndex: 0
2019-09-24 19:06:35,165 [a0991bb0-d059-4b75-b34b-f0d320bfe012@group-9B209ADA5585-SegmentedRaftLogWorker] INFO  segmented.SegmentedRaftLogWorker (SegmentedRaftLogWorker.java:run(313)) - a0991bb0-d059-4b75-b34b-f0d320bfe012@group-9B209ADA5585-SegmentedRaftLogWorker was interrupted, exiting. There are 0 tasks remaining in the queue.
2019-09-24 19:06:35,167 [ForkJoinPool.commonPool-worker-1] INFO  segmented.SegmentedRaftLogWorker (SegmentedRaftLogWorker.java:close(228)) - a0991bb0-d059-4b75-b34b-f0d320bfe012@group-9B209ADA5585-SegmentedRaftLogWorker close()
2019-09-24 19:06:35,169 [ForkJoinPool.commonPool-worker-1] INFO  impl.RaftServerImpl (RaftServerImpl.java:lambda$shutdown$3(251)) - a0991bb0-d059-4b75-b34b-f0d320bfe012@group-84081C198BA3: shutdown
2019-09-24 19:06:35,170 [ForkJoinPool.commonPool-worker-1] INFO  util.JmxRegister (JmxRegister.java:unregister(73)) - Successfully un-registered JMX Bean with object name Ratis:service=RaftServer,group=group-84081C198BA3,id=a0991bb0-d059-4b75-b34b-f0d320bfe012
2019-09-24 19:06:35,170 [ForkJoinPool.commonPool-worker-1] INFO  impl.RoleInfo (RoleInfo.java:shutdownFollowerState(121)) - a0991bb0-d059-4b75-b34b-f0d320bfe012: shutdown FollowerState
2019-09-24 19:06:35,170 [ForkJoinPool.commonPool-worker-1] INFO  impl.StateMachineUpdater (StateMachineUpdater.java:stopAndJoin(125)) - a0991bb0-d059-4b75-b34b-f0d320bfe012@group-84081C198BA3-StateMachineUpdater: set stopIndex = -1
2019-09-24 19:06:35,170 [Thread-2880] INFO  impl.FollowerState (FollowerState.java:run(115)) - a0991bb0-d059-4b75-b34b-f0d320bfe012: FollowerState was interrupted: java.lang.InterruptedException: sleep interrupted
2019-09-24 19:06:35,171 [ForkJoinPool.commonPool-worker-1] INFO  impl.RaftServerImpl (ServerState.java:close(385)) - a0991bb0-d059-4b75-b34b-f0d320bfe012@group-84081C198BA3: closes. applyIndex: -1
2019-09-24 19:06:35,171 [a0991bb0-d059-4b75-b34b-f0d320bfe012@group-84081C198BA3-SegmentedRaftLogWorker] INFO  segmented.SegmentedRaftLogWorker (SegmentedRaftLogWorker.java:run(313)) - a0991bb0-d059-4b75-b34b-f0d320bfe012@group-84081C198BA3-SegmentedRaftLogWorker was interrupted, exiting. There are 0 tasks remaining in the queue.
2019-09-24 19:06:35,171 [ForkJoinPool.commonPool-worker-1] INFO  segmented.SegmentedRaftLogWorker (SegmentedRaftLogWorker.java:close(228)) - a0991bb0-d059-4b75-b34b-f0d320bfe012@group-84081C198BA3-SegmentedRaftLogWorker close()
2019-09-24 19:06:35,173 [ForkJoinPool.commonPool-worker-1] INFO  impl.RaftServerImpl (RaftServerImpl.java:lambda$shutdown$3(251)) - a0991bb0-d059-4b75-b34b-f0d320bfe012@group-192AEBA694D5: shutdown
2019-09-24 19:06:35,174 [ForkJoinPool.commonPool-worker-1] INFO  util.JmxRegister (JmxRegister.java:unregister(73)) - Successfully un-registered JMX Bean with object name Ratis:service=RaftServer,group=group-192AEBA694D5,id=a0991bb0-d059-4b75-b34b-f0d320bfe012
2019-09-24 19:06:35,174 [ForkJoinPool.commonPool-worker-1] INFO  impl.RoleInfo (RoleInfo.java:shutdownLeaderState(104)) - a0991bb0-d059-4b75-b34b-f0d320bfe012: shutdown LeaderState
2019-09-24 19:06:35,176 [ForkJoinPool.commonPool-worker-1] INFO  impl.PendingRequests (PendingRequests.java:sendNotLeaderResponses(202)) - a0991bb0-d059-4b75-b34b-f0d320bfe012-PendingRequests: sendNotLeaderResponses
2019-09-24 19:06:35,176 [org.apache.ratis.server.impl.LogAppender$AppenderDaemon$$Lambda$482/945058366@7f934024] WARN  server.GrpcLogAppender (GrpcLogAppender.java:mayWait(143)) - a0991bb0-d059-4b75-b34b-f0d320bfe012@group-192AEBA694D5->b50c6779-182a-4abf-ac90-b7c5982ab67f-GrpcLogAppender: Wait interrupted by java.lang.InterruptedException
2019-09-24 19:06:35,176 [org.apache.ratis.server.impl.LogAppender$AppenderDaemon$$Lambda$482/945058366@19b17dcb] WARN  server.GrpcLogAppender (GrpcLogAppender.java:mayWait(143)) - a0991bb0-d059-4b75-b34b-f0d320bfe012@group-192AEBA694D5->74a8c3a1-4d80-4c26-806c-1183f0126592-GrpcLogAppender: Wait interrupted by java.lang.InterruptedException
2019-09-24 19:06:35,177 [ForkJoinPool.commonPool-worker-1] INFO  impl.StateMachineUpdater (StateMachineUpdater.java:stopAndJoin(125)) - a0991bb0-d059-4b75-b34b-f0d320bfe012@group-192AEBA694D5-StateMachineUpdater: set stopIndex = 0
2019-09-24 19:06:35,177 [ForkJoinPool.commonPool-worker-1] INFO  impl.RaftServerImpl (ServerState.java:close(385)) - a0991bb0-d059-4b75-b34b-f0d320bfe012@group-192AEBA694D5: closes. applyIndex: 0
2019-09-24 19:06:35,178 [a0991bb0-d059-4b75-b34b-f0d320bfe012@group-192AEBA694D5-SegmentedRaftLogWorker] INFO  segmented.SegmentedRaftLogWorker (SegmentedRaftLogWorker.java:run(313)) - a0991bb0-d059-4b75-b34b-f0d320bfe012@group-192AEBA694D5-SegmentedRaftLogWorker was interrupted, exiting. There are 0 tasks remaining in the queue.
2019-09-24 19:06:35,182 [ForkJoinPool.commonPool-worker-1] INFO  segmented.SegmentedRaftLogWorker (SegmentedRaftLogWorker.java:close(228)) - a0991bb0-d059-4b75-b34b-f0d320bfe012@group-192AEBA694D5-SegmentedRaftLogWorker close()
2019-09-24 19:06:35,184 [ForkJoinPool.commonPool-worker-1] INFO  server.GrpcService (GrpcService.java:closeImpl(164)) - a0991bb0-d059-4b75-b34b-f0d320bfe012: shutdown server with port 46271 now
2019-09-24 19:06:35,184 [ForkJoinPool.commonPool-worker-1] INFO  server.GrpcService (GrpcService.java:closeImpl(172)) - a0991bb0-d059-4b75-b34b-f0d320bfe012: shutdown server with port 46271 successfully
2019-09-24 19:06:35,186 [refreshUsed-/workdir/hadoop-ozone/integration-test/target/test-dir/MiniOzoneClusterImpl-136902ad-9ad3-4579-ab1e-826ed1576804/datanode-1/data/containers] WARN  fs.CachingGetSpaceUsed (CachingGetSpaceUsed.java:run(183)) - Thread Interrupted waiting to refresh disk information: sleep interrupted
2019-09-24 19:06:35,206 [ForkJoinPool.commonPool-worker-1] INFO  utils.BackgroundService (BackgroundService.java:shutdown(148)) - Shutting down service BlockDeletingService
2019-09-24 19:06:35,210 [ForkJoinPool.commonPool-worker-1] INFO  statemachine.DatanodeStateMachine (DatanodeStateMachine.java:stopDaemon(395)) - Ozone container server stopped.
2019-09-24 19:06:35,213 [ForkJoinPool.commonPool-worker-1] INFO  handler.ContextHandler (ContextHandler.java:doStop(910)) - Stopped o.e.j.w.WebAppContext@8f40022{/,null,UNAVAILABLE}{/hddsDatanode}
2019-09-24 19:06:35,214 [ForkJoinPool.commonPool-worker-1] INFO  server.AbstractConnector (AbstractConnector.java:doStop(318)) - Stopped ServerConnector@5232e3f1{HTTP/1.1,[http/1.1]}{0.0.0.0:0}
2019-09-24 19:06:35,216 [ForkJoinPool.commonPool-worker-1] INFO  handler.ContextHandler (ContextHandler.java:doStop(910)) - Stopped o.e.j.s.ServletContextHandler@3c770db4{/static,jar:file:/home/user/.m2/repository/org/apache/hadoop/hadoop-hdds-container-service/0.5.0-SNAPSHOT/hadoop-hdds-container-service-0.5.0-SNAPSHOT.jar!/webapps/static,UNAVAILABLE}
2019-09-24 19:06:35,217 [ForkJoinPool.commonPool-worker-1] INFO  handler.ContextHandler (ContextHandler.java:doStop(910)) - Stopped o.e.j.s.ServletContextHandler@4e22368c{/logs,file:///workdir/hadoop-ozone/integration-test/target/log,UNAVAILABLE}
2019-09-24 19:06:35,218 [main] INFO  ozone.MiniOzoneClusterImpl (MiniOzoneClusterImpl.java:stopSCM(392)) - Stopping the StorageContainerManager
2019-09-24 19:06:35,219 [main] INFO  server.StorageContainerManager (StorageContainerManager.java:stop(808)) - Stopping Replication Manager Service.
2019-09-24 19:06:35,219 [main] INFO  container.ReplicationManager (ReplicationManager.java:stop(203)) - Stopping Replication Monitor Thread.
2019-09-24 19:06:35,219 [main] INFO  server.StorageContainerManager (StorageContainerManager.java:stop(815)) - Stopping Lease Manager of the command watchers
2019-09-24 19:06:35,219 [main] INFO  server.StorageContainerManager (StorageContainerManager.java:stop(822)) - Stopping datanode service RPC server
2019-09-24 19:06:35,220 [main] INFO  server.SCMDatanodeProtocolServer (SCMDatanodeProtocolServer.java:stop(367)) - Stopping the RPC server for DataNodes
2019-09-24 19:06:35,220 [main] INFO  ipc.Server (Server.java:stop(3082)) - Stopping server on 34799
2019-09-24 19:06:35,223 [IPC Server listener on 34799] INFO  ipc.Server (Server.java:run(1185)) - Stopping IPC Server listener on 34799
2019-09-24 19:06:35,223 [IPC Server Responder] INFO  ipc.Server (Server.java:run(1319)) - Stopping IPC Server Responder
2019-09-24 19:06:35,317 [SCM Heartbeat Processing Thread - 0] WARN  node.NodeStateManager (NodeStateManager.java:scheduleNextHealthCheck(646)) - Current Thread is interrupted, shutting down HB processing thread for Node Manager.
2019-09-24 19:06:35,318 [main] INFO  server.StorageContainerManager (StorageContainerManager.java:stop(830)) - Stopping block service RPC server
2019-09-24 19:06:35,318 [main] INFO  server.SCMBlockProtocolServer (SCMBlockProtocolServer.java:stop(155)) - Stopping the RPC server for Block Protocol
2019-09-24 19:06:35,318 [main] INFO  ipc.Server (Server.java:stop(3082)) - Stopping server on 45319
2019-09-24 19:06:35,323 [main] INFO  server.StorageContainerManager (StorageContainerManager.java:stop(837)) - Stopping the StorageContainerLocationProtocol RPC server
2019-09-24 19:06:35,324 [main] INFO  server.SCMClientProtocolServer (SCMClientProtocolServer.java:stop(159)) - Stopping the RPC server for Client Protocol
2019-09-24 19:06:35,324 [IPC Server Responder] INFO  ipc.Server (Server.java:run(1319)) - Stopping IPC Server Responder
2019-09-24 19:06:35,324 [IPC Server listener on 45319] INFO  ipc.Server (Server.java:run(1185)) - Stopping IPC Server listener on 45319
2019-09-24 19:06:35,324 [main] INFO  ipc.Server (Server.java:stop(3082)) - Stopping server on 46358
2019-09-24 19:06:35,328 [IPC Server listener on 46358] INFO  ipc.Server (Server.java:run(1185)) - Stopping IPC Server listener on 46358
2019-09-24 19:06:35,328 [main] INFO  server.StorageContainerManager (StorageContainerManager.java:stop(844)) - Stopping Storage Container Manager HTTP server.
2019-09-24 19:06:35,329 [IPC Server Responder] INFO  ipc.Server (Server.java:run(1319)) - Stopping IPC Server Responder
2019-09-24 19:06:35,330 [main] INFO  handler.ContextHandler (ContextHandler.java:doStop(910)) - Stopped o.e.j.w.WebAppContext@1e5eb20a{/,null,UNAVAILABLE}{/scm}
2019-09-24 19:06:35,331 [main] INFO  server.AbstractConnector (AbstractConnector.java:doStop(318)) - Stopped ServerConnector@4538856f{HTTP/1.1,[http/1.1]}{0.0.0.0:0}
2019-09-24 19:06:35,331 [main] INFO  handler.ContextHandler (ContextHandler.java:doStop(910)) - Stopped o.e.j.s.ServletContextHandler@26865482{/static,file:///workdir/hadoop-ozone/integration-test/target/test-classes/webapps/static,UNAVAILABLE}
2019-09-24 19:06:35,331 [main] INFO  handler.ContextHandler (ContextHandler.java:doStop(910)) - Stopped o.e.j.s.ServletContextHandler@10850d17{/logs,file:///workdir/hadoop-ozone/integration-test/target/log,UNAVAILABLE}
2019-09-24 19:06:35,332 [main] INFO  server.StorageContainerManager (StorageContainerManager.java:stop(855)) - Stopping Block Manager Service.
2019-09-24 19:06:35,333 [main] INFO  utils.BackgroundService (BackgroundService.java:shutdown(148)) - Shutting down service SCMBlockDeletingService
2019-09-24 19:06:35,333 [main] INFO  utils.BackgroundService (BackgroundService.java:shutdown(148)) - Shutting down service SCMBlockDeletingService
2019-09-24 19:06:35,333 [main] INFO  server.StorageContainerManager (StorageContainerManager.java:stop(877)) - Stopping SCM Event Queue.
2019-09-24 19:06:35,337 [main] INFO  impl.MetricsSystemImpl (MetricsSystemImpl.java:stop(210)) - Stopping HddsDatanode metrics system...
2019-09-24 19:06:35,355 [main] INFO  impl.MetricsSystemImpl (MetricsSystemImpl.java:stop(216)) - HddsDatanode metrics system stopped.
]]></system-out>
    <system-err><![CDATA[Sep 24, 2019 7:06:16 PM org.apache.ratis.thirdparty.io.grpc.internal.SerializingExecutor run
SEVERE: Exception while executing runnable org.apache.ratis.thirdparty.io.grpc.internal.ServerImpl$JumpToApplicationThreadServerStreamListener$1Closed@2d1559f4
org.apache.ratis.thirdparty.io.grpc.StatusRuntimeException: CANCELLED: call already cancelled
	at org.apache.ratis.thirdparty.io.grpc.Status.asRuntimeException(Status.java:517)
	at org.apache.ratis.thirdparty.io.grpc.stub.ServerCalls$ServerCallStreamObserverImpl.onCompleted(ServerCalls.java:356)
	at org.apache.ratis.grpc.server.GrpcServerProtocolService$ServerRequestStreamObserver.onError(GrpcServerProtocolService.java:121)
	at org.apache.ratis.thirdparty.io.grpc.stub.ServerCalls$StreamingServerCallHandler$StreamingServerCallListener.onCancel(ServerCalls.java:269)
	at org.apache.ratis.thirdparty.io.grpc.internal.ServerCallImpl$ServerStreamListenerImpl.closed(ServerCallImpl.java:293)
	at org.apache.ratis.thirdparty.io.grpc.internal.ServerImpl$JumpToApplicationThreadServerStreamListener$1Closed.runInContext(ServerImpl.java:741)
	at org.apache.ratis.thirdparty.io.grpc.internal.ContextRunnable.run(ContextRunnable.java:37)
	at org.apache.ratis.thirdparty.io.grpc.internal.SerializingExecutor.run(SerializingExecutor.java:123)
	at java.util.concurrent.ThreadPoolExecutor.runWorker(ThreadPoolExecutor.java:1149)
	at java.util.concurrent.ThreadPoolExecutor$Worker.run(ThreadPoolExecutor.java:624)
	at java.lang.Thread.run(Thread.java:748)

Sep 24, 2019 7:06:32 PM org.apache.ratis.thirdparty.io.grpc.internal.SerializingExecutor run
SEVERE: Exception while executing runnable org.apache.ratis.thirdparty.io.grpc.internal.ServerImpl$JumpToApplicationThreadServerStreamListener$1Closed@3421418d
org.apache.ratis.thirdparty.io.grpc.StatusRuntimeException: CANCELLED: call already cancelled
	at org.apache.ratis.thirdparty.io.grpc.Status.asRuntimeException(Status.java:517)
	at org.apache.ratis.thirdparty.io.grpc.stub.ServerCalls$ServerCallStreamObserverImpl.onCompleted(ServerCalls.java:356)
	at org.apache.ratis.grpc.server.GrpcServerProtocolService$ServerRequestStreamObserver.onError(GrpcServerProtocolService.java:121)
	at org.apache.ratis.thirdparty.io.grpc.stub.ServerCalls$StreamingServerCallHandler$StreamingServerCallListener.onCancel(ServerCalls.java:269)
	at org.apache.ratis.thirdparty.io.grpc.internal.ServerCallImpl$ServerStreamListenerImpl.closed(ServerCallImpl.java:293)
	at org.apache.ratis.thirdparty.io.grpc.internal.ServerImpl$JumpToApplicationThreadServerStreamListener$1Closed.runInContext(ServerImpl.java:741)
	at org.apache.ratis.thirdparty.io.grpc.internal.ContextRunnable.run(ContextRunnable.java:37)
	at org.apache.ratis.thirdparty.io.grpc.internal.SerializingExecutor.run(SerializingExecutor.java:123)
	at java.util.concurrent.ThreadPoolExecutor.runWorker(ThreadPoolExecutor.java:1149)
	at java.util.concurrent.ThreadPoolExecutor$Worker.run(ThreadPoolExecutor.java:624)
	at java.lang.Thread.run(Thread.java:748)

Sep 24, 2019 7:06:32 PM org.apache.ratis.thirdparty.io.grpc.internal.ManagedChannelOrphanWrapper$ManagedChannelReference cleanQueue
SEVERE: *~*~*~ Channel ManagedChannelImpl{logId=863, target=192.168.5.148:34223} was not shutdown properly!!! ~*~*~*
    Make sure to call shutdown()/shutdownNow() and wait until awaitTermination() returns true.
java.lang.RuntimeException: ManagedChannel allocation site
	at org.apache.ratis.thirdparty.io.grpc.internal.ManagedChannelOrphanWrapper$ManagedChannelReference.<init>(ManagedChannelOrphanWrapper.java:103)
	at org.apache.ratis.thirdparty.io.grpc.internal.ManagedChannelOrphanWrapper.<init>(ManagedChannelOrphanWrapper.java:53)
	at org.apache.ratis.thirdparty.io.grpc.internal.ManagedChannelOrphanWrapper.<init>(ManagedChannelOrphanWrapper.java:44)
	at org.apache.ratis.thirdparty.io.grpc.internal.AbstractManagedChannelImplBuilder.build(AbstractManagedChannelImplBuilder.java:411)
	at org.apache.ratis.grpc.client.GrpcClientProtocolClient.<init>(GrpcClientProtocolClient.java:127)
	at org.apache.ratis.grpc.client.GrpcClientRpc.lambda$new$0(GrpcClientRpc.java:55)
	at org.apache.ratis.util.PeerProxyMap$PeerAndProxy.lambda$getProxy$0(PeerProxyMap.java:61)
	at org.apache.ratis.util.LifeCycle.startAndTransition(LifeCycle.java:202)
	at org.apache.ratis.util.PeerProxyMap$PeerAndProxy.getProxy(PeerProxyMap.java:60)
	at org.apache.ratis.util.PeerProxyMap.getProxy(PeerProxyMap.java:108)
	at org.apache.ratis.grpc.client.GrpcClientRpc.sendRequestAsync(GrpcClientRpc.java:66)
	at org.apache.ratis.client.impl.OrderedAsync.sendRequest(OrderedAsync.java:208)
	at org.apache.ratis.client.impl.OrderedAsync.sendRequestWithRetry(OrderedAsync.java:169)
	at org.apache.ratis.util.SlidingWindow$Client.sendOrDelayRequest(SlidingWindow.java:278)
	at org.apache.ratis.util.SlidingWindow$Client.retry(SlidingWindow.java:294)
	at org.apache.ratis.client.impl.OrderedAsync.lambda$scheduleWithTimeout$7(OrderedAsync.java:195)
	at org.apache.ratis.util.TimeoutScheduler.lambda$onTimeout$0(TimeoutScheduler.java:113)
	at org.apache.ratis.util.TimeoutScheduler.lambda$onTimeout$1(TimeoutScheduler.java:133)
	at org.apache.ratis.util.LogUtils.runAndLog(LogUtils.java:50)
	at org.apache.ratis.util.LogUtils$1.run(LogUtils.java:91)
	at java.util.concurrent.Executors$RunnableAdapter.call(Executors.java:511)
	at java.util.concurrent.FutureTask.run(FutureTask.java:266)
	at java.util.concurrent.ScheduledThreadPoolExecutor$ScheduledFutureTask.access$201(ScheduledThreadPoolExecutor.java:180)
	at java.util.concurrent.ScheduledThreadPoolExecutor$ScheduledFutureTask.run(ScheduledThreadPoolExecutor.java:293)
	at java.util.concurrent.ThreadPoolExecutor.runWorker(ThreadPoolExecutor.java:1149)
	at java.util.concurrent.ThreadPoolExecutor$Worker.run(ThreadPoolExecutor.java:624)
	at java.lang.Thread.run(Thread.java:748)

Sep 24, 2019 7:06:32 PM org.apache.ratis.thirdparty.io.grpc.internal.ManagedChannelOrphanWrapper$ManagedChannelReference cleanQueue
SEVERE: *~*~*~ Channel ManagedChannelImpl{logId=868, target=192.168.5.148:43313} was not shutdown properly!!! ~*~*~*
    Make sure to call shutdown()/shutdownNow() and wait until awaitTermination() returns true.
java.lang.RuntimeException: ManagedChannel allocation site
	at org.apache.ratis.thirdparty.io.grpc.internal.ManagedChannelOrphanWrapper$ManagedChannelReference.<init>(ManagedChannelOrphanWrapper.java:103)
	at org.apache.ratis.thirdparty.io.grpc.internal.ManagedChannelOrphanWrapper.<init>(ManagedChannelOrphanWrapper.java:53)
	at org.apache.ratis.thirdparty.io.grpc.internal.ManagedChannelOrphanWrapper.<init>(ManagedChannelOrphanWrapper.java:44)
	at org.apache.ratis.thirdparty.io.grpc.internal.AbstractManagedChannelImplBuilder.build(AbstractManagedChannelImplBuilder.java:411)
	at org.apache.hadoop.hdds.scm.XceiverClientGrpc.connectToDatanode(XceiverClientGrpc.java:181)
	at org.apache.hadoop.hdds.scm.XceiverClientGrpc.reconnect(XceiverClientGrpc.java:429)
	at org.apache.hadoop.hdds.scm.XceiverClientGrpc.sendCommandAsync(XceiverClientGrpc.java:378)
	at org.apache.hadoop.hdds.scm.XceiverClientGrpc.sendCommandWithRetry(XceiverClientGrpc.java:291)
	at org.apache.hadoop.hdds.scm.XceiverClientGrpc.sendCommandWithTraceIDAndRetry(XceiverClientGrpc.java:257)
	at org.apache.hadoop.hdds.scm.XceiverClientGrpc.sendCommand(XceiverClientGrpc.java:240)
	at org.apache.hadoop.hdds.scm.storage.ContainerProtocolCalls.getBlock(ContainerProtocolCalls.java:118)
	at org.apache.hadoop.hdds.scm.storage.BlockInputStream.getChunkInfos(BlockInputStream.java:167)
	at org.apache.hadoop.hdds.scm.storage.BlockInputStream.initialize(BlockInputStream.java:118)
	at org.apache.hadoop.hdds.scm.storage.BlockInputStream.read(BlockInputStream.java:222)
	at org.apache.hadoop.ozone.client.io.KeyInputStream.read(KeyInputStream.java:171)
	at org.apache.hadoop.ozone.client.io.OzoneInputStream.read(OzoneInputStream.java:47)
	at java.io.InputStream.read(InputStream.java:101)
	at org.apache.hadoop.ozone.container.ContainerTestHelper.validateData(ContainerTestHelper.java:714)
	at org.apache.hadoop.ozone.client.rpc.TestFailureHandlingByClient.validateData(TestFailureHandlingByClient.java:413)
	at org.apache.hadoop.ozone.client.rpc.TestFailureHandlingByClient.testContainerExclusionWithClosedContainerException(TestFailureHandlingByClient.java:277)
	at sun.reflect.NativeMethodAccessorImpl.invoke0(Native Method)
	at sun.reflect.NativeMethodAccessorImpl.invoke(NativeMethodAccessorImpl.java:62)
	at sun.reflect.DelegatingMethodAccessorImpl.invoke(DelegatingMethodAccessorImpl.java:43)
	at java.lang.reflect.Method.invoke(Method.java:498)
	at org.junit.runners.model.FrameworkMethod$1.runReflectiveCall(FrameworkMethod.java:47)
	at org.junit.internal.runners.model.ReflectiveCallable.run(ReflectiveCallable.java:12)
	at org.junit.runners.model.FrameworkMethod.invokeExplosively(FrameworkMethod.java:44)
	at org.junit.internal.runners.statements.InvokeMethod.evaluate(InvokeMethod.java:17)
	at org.junit.internal.runners.statements.RunAfters.evaluate(RunAfters.java:27)
	at org.junit.runners.ParentRunner.runLeaf(ParentRunner.java:271)
	at org.junit.runners.BlockJUnit4ClassRunner.runChild(BlockJUnit4ClassRunner.java:70)
	at org.junit.runners.BlockJUnit4ClassRunner.runChild(BlockJUnit4ClassRunner.java:50)
	at org.junit.runners.ParentRunner$3.run(ParentRunner.java:238)
	at org.junit.runners.ParentRunner$1.schedule(ParentRunner.java:63)
	at org.junit.runners.ParentRunner.runChildren(ParentRunner.java:236)
	at org.junit.runners.ParentRunner.access$000(ParentRunner.java:53)
	at org.junit.runners.ParentRunner$2.evaluate(ParentRunner.java:229)
	at org.junit.runners.ParentRunner.run(ParentRunner.java:309)
	at org.apache.maven.surefire.junit4.JUnit4Provider.execute(JUnit4Provider.java:365)
	at org.apache.maven.surefire.junit4.JUnit4Provider.executeWithRerun(JUnit4Provider.java:273)
	at org.apache.maven.surefire.junit4.JUnit4Provider.executeTestSet(JUnit4Provider.java:238)
	at org.apache.maven.surefire.junit4.JUnit4Provider.invoke(JUnit4Provider.java:159)
	at org.apache.maven.surefire.booter.ForkedBooter.invokeProviderInSameClassLoader(ForkedBooter.java:384)
	at org.apache.maven.surefire.booter.ForkedBooter.runSuitesInProcess(ForkedBooter.java:345)
	at org.apache.maven.surefire.booter.ForkedBooter.execute(ForkedBooter.java:126)
	at org.apache.maven.surefire.booter.ForkedBooter.main(ForkedBooter.java:418)

Sep 24, 2019 7:06:32 PM org.apache.ratis.thirdparty.io.grpc.internal.ManagedChannelOrphanWrapper$ManagedChannelReference cleanQueue
SEVERE: *~*~*~ Channel ManagedChannelImpl{logId=853, target=192.168.5.148:39216} was not shutdown properly!!! ~*~*~*
    Make sure to call shutdown()/shutdownNow() and wait until awaitTermination() returns true.
java.lang.RuntimeException: ManagedChannel allocation site
	at org.apache.ratis.thirdparty.io.grpc.internal.ManagedChannelOrphanWrapper$ManagedChannelReference.<init>(ManagedChannelOrphanWrapper.java:103)
	at org.apache.ratis.thirdparty.io.grpc.internal.ManagedChannelOrphanWrapper.<init>(ManagedChannelOrphanWrapper.java:53)
	at org.apache.ratis.thirdparty.io.grpc.internal.ManagedChannelOrphanWrapper.<init>(ManagedChannelOrphanWrapper.java:44)
	at org.apache.ratis.thirdparty.io.grpc.internal.AbstractManagedChannelImplBuilder.build(AbstractManagedChannelImplBuilder.java:411)
	at org.apache.ratis.grpc.client.GrpcClientProtocolClient.<init>(GrpcClientProtocolClient.java:127)
	at org.apache.ratis.grpc.client.GrpcClientRpc.lambda$new$0(GrpcClientRpc.java:55)
	at org.apache.ratis.util.PeerProxyMap$PeerAndProxy.lambda$getProxy$0(PeerProxyMap.java:61)
	at org.apache.ratis.util.LifeCycle.startAndTransition(LifeCycle.java:202)
	at org.apache.ratis.util.PeerProxyMap$PeerAndProxy.getProxy(PeerProxyMap.java:60)
	at org.apache.ratis.util.PeerProxyMap.getProxy(PeerProxyMap.java:108)
	at org.apache.ratis.grpc.client.GrpcClientRpc.sendRequestAsync(GrpcClientRpc.java:66)
	at org.apache.ratis.client.impl.OrderedAsync.sendRequest(OrderedAsync.java:208)
	at org.apache.ratis.client.impl.OrderedAsync.sendRequestWithRetry(OrderedAsync.java:169)
	at org.apache.ratis.util.SlidingWindow$Client.sendOrDelayRequest(SlidingWindow.java:278)
	at org.apache.ratis.util.SlidingWindow$Client.retry(SlidingWindow.java:294)
	at org.apache.ratis.client.impl.OrderedAsync.lambda$scheduleWithTimeout$7(OrderedAsync.java:195)
	at org.apache.ratis.util.TimeoutScheduler.lambda$onTimeout$0(TimeoutScheduler.java:113)
	at org.apache.ratis.util.TimeoutScheduler.lambda$onTimeout$1(TimeoutScheduler.java:133)
	at org.apache.ratis.util.LogUtils.runAndLog(LogUtils.java:50)
	at org.apache.ratis.util.LogUtils$1.run(LogUtils.java:91)
	at java.util.concurrent.Executors$RunnableAdapter.call(Executors.java:511)
	at java.util.concurrent.FutureTask.run(FutureTask.java:266)
	at java.util.concurrent.ScheduledThreadPoolExecutor$ScheduledFutureTask.access$201(ScheduledThreadPoolExecutor.java:180)
	at java.util.concurrent.ScheduledThreadPoolExecutor$ScheduledFutureTask.run(ScheduledThreadPoolExecutor.java:293)
	at java.util.concurrent.ThreadPoolExecutor.runWorker(ThreadPoolExecutor.java:1149)
	at java.util.concurrent.ThreadPoolExecutor$Worker.run(ThreadPoolExecutor.java:624)
	at java.lang.Thread.run(Thread.java:748)

Sep 24, 2019 7:06:32 PM org.apache.ratis.thirdparty.io.grpc.internal.ManagedChannelOrphanWrapper$ManagedChannelReference cleanQueue
SEVERE: *~*~*~ Channel ManagedChannelImpl{logId=878, target=192.168.5.148:33561} was not shutdown properly!!! ~*~*~*
    Make sure to call shutdown()/shutdownNow() and wait until awaitTermination() returns true.
java.lang.RuntimeException: ManagedChannel allocation site
	at org.apache.ratis.thirdparty.io.grpc.internal.ManagedChannelOrphanWrapper$ManagedChannelReference.<init>(ManagedChannelOrphanWrapper.java:103)
	at org.apache.ratis.thirdparty.io.grpc.internal.ManagedChannelOrphanWrapper.<init>(ManagedChannelOrphanWrapper.java:53)
	at org.apache.ratis.thirdparty.io.grpc.internal.ManagedChannelOrphanWrapper.<init>(ManagedChannelOrphanWrapper.java:44)
	at org.apache.ratis.thirdparty.io.grpc.internal.AbstractManagedChannelImplBuilder.build(AbstractManagedChannelImplBuilder.java:411)
	at org.apache.hadoop.hdds.scm.XceiverClientGrpc.connectToDatanode(XceiverClientGrpc.java:181)
	at org.apache.hadoop.hdds.scm.XceiverClientGrpc.reconnect(XceiverClientGrpc.java:429)
	at org.apache.hadoop.hdds.scm.XceiverClientGrpc.sendCommandAsync(XceiverClientGrpc.java:378)
	at org.apache.hadoop.hdds.scm.XceiverClientGrpc.sendCommandWithRetry(XceiverClientGrpc.java:291)
	at org.apache.hadoop.hdds.scm.XceiverClientGrpc.sendCommandWithTraceIDAndRetry(XceiverClientGrpc.java:257)
	at org.apache.hadoop.hdds.scm.XceiverClientGrpc.sendCommand(XceiverClientGrpc.java:240)
	at org.apache.hadoop.hdds.scm.storage.ContainerProtocolCalls.readChunk(ContainerProtocolCalls.java:245)
	at org.apache.hadoop.hdds.scm.storage.ChunkInputStream.readChunk(ChunkInputStream.java:335)
	at org.apache.hadoop.hdds.scm.storage.ChunkInputStream.readChunkFromContainer(ChunkInputStream.java:307)
	at org.apache.hadoop.hdds.scm.storage.ChunkInputStream.prepareRead(ChunkInputStream.java:259)
	at org.apache.hadoop.hdds.scm.storage.ChunkInputStream.read(ChunkInputStream.java:144)
	at org.apache.hadoop.hdds.scm.storage.BlockInputStream.read(BlockInputStream.java:239)
	at org.apache.hadoop.ozone.client.io.KeyInputStream.read(KeyInputStream.java:171)
	at org.apache.hadoop.ozone.client.io.OzoneInputStream.read(OzoneInputStream.java:47)
	at java.io.InputStream.read(InputStream.java:101)
	at org.apache.hadoop.ozone.container.ContainerTestHelper.validateData(ContainerTestHelper.java:714)
	at org.apache.hadoop.ozone.client.rpc.TestFailureHandlingByClient.validateData(TestFailureHandlingByClient.java:413)
	at org.apache.hadoop.ozone.client.rpc.TestFailureHandlingByClient.testContainerExclusionWithClosedContainerException(TestFailureHandlingByClient.java:277)
	at sun.reflect.NativeMethodAccessorImpl.invoke0(Native Method)
	at sun.reflect.NativeMethodAccessorImpl.invoke(NativeMethodAccessorImpl.java:62)
	at sun.reflect.DelegatingMethodAccessorImpl.invoke(DelegatingMethodAccessorImpl.java:43)
	at java.lang.reflect.Method.invoke(Method.java:498)
	at org.junit.runners.model.FrameworkMethod$1.runReflectiveCall(FrameworkMethod.java:47)
	at org.junit.internal.runners.model.ReflectiveCallable.run(ReflectiveCallable.java:12)
	at org.junit.runners.model.FrameworkMethod.invokeExplosively(FrameworkMethod.java:44)
	at org.junit.internal.runners.statements.InvokeMethod.evaluate(InvokeMethod.java:17)
	at org.junit.internal.runners.statements.RunAfters.evaluate(RunAfters.java:27)
	at org.junit.runners.ParentRunner.runLeaf(ParentRunner.java:271)
	at org.junit.runners.BlockJUnit4ClassRunner.runChild(BlockJUnit4ClassRunner.java:70)
	at org.junit.runners.BlockJUnit4ClassRunner.runChild(BlockJUnit4ClassRunner.java:50)
	at org.junit.runners.ParentRunner$3.run(ParentRunner.java:238)
	at org.junit.runners.ParentRunner$1.schedule(ParentRunner.java:63)
	at org.junit.runners.ParentRunner.runChildren(ParentRunner.java:236)
	at org.junit.runners.ParentRunner.access$000(ParentRunner.java:53)
	at org.junit.runners.ParentRunner$2.evaluate(ParentRunner.java:229)
	at org.junit.runners.ParentRunner.run(ParentRunner.java:309)
	at org.apache.maven.surefire.junit4.JUnit4Provider.execute(JUnit4Provider.java:365)
	at org.apache.maven.surefire.junit4.JUnit4Provider.executeWithRerun(JUnit4Provider.java:273)
	at org.apache.maven.surefire.junit4.JUnit4Provider.executeTestSet(JUnit4Provider.java:238)
	at org.apache.maven.surefire.junit4.JUnit4Provider.invoke(JUnit4Provider.java:159)
	at org.apache.maven.surefire.booter.ForkedBooter.invokeProviderInSameClassLoader(ForkedBooter.java:384)
	at org.apache.maven.surefire.booter.ForkedBooter.runSuitesInProcess(ForkedBooter.java:345)
	at org.apache.maven.surefire.booter.ForkedBooter.execute(ForkedBooter.java:126)
	at org.apache.maven.surefire.booter.ForkedBooter.main(ForkedBooter.java:418)

Sep 24, 2019 7:06:32 PM org.apache.ratis.thirdparty.io.grpc.internal.ManagedChannelOrphanWrapper$ManagedChannelReference cleanQueue
SEVERE: *~*~*~ Channel ManagedChannelImpl{logId=873, target=192.168.5.148:46214} was not shutdown properly!!! ~*~*~*
    Make sure to call shutdown()/shutdownNow() and wait until awaitTermination() returns true.
java.lang.RuntimeException: ManagedChannel allocation site
	at org.apache.ratis.thirdparty.io.grpc.internal.ManagedChannelOrphanWrapper$ManagedChannelReference.<init>(ManagedChannelOrphanWrapper.java:103)
	at org.apache.ratis.thirdparty.io.grpc.internal.ManagedChannelOrphanWrapper.<init>(ManagedChannelOrphanWrapper.java:53)
	at org.apache.ratis.thirdparty.io.grpc.internal.ManagedChannelOrphanWrapper.<init>(ManagedChannelOrphanWrapper.java:44)
	at org.apache.ratis.thirdparty.io.grpc.internal.AbstractManagedChannelImplBuilder.build(AbstractManagedChannelImplBuilder.java:411)
	at org.apache.hadoop.hdds.scm.XceiverClientGrpc.connectToDatanode(XceiverClientGrpc.java:181)
	at org.apache.hadoop.hdds.scm.XceiverClientGrpc.reconnect(XceiverClientGrpc.java:429)
	at org.apache.hadoop.hdds.scm.XceiverClientGrpc.sendCommandAsync(XceiverClientGrpc.java:378)
	at org.apache.hadoop.hdds.scm.XceiverClientGrpc.sendCommandWithRetry(XceiverClientGrpc.java:291)
	at org.apache.hadoop.hdds.scm.XceiverClientGrpc.sendCommandWithTraceIDAndRetry(XceiverClientGrpc.java:257)
	at org.apache.hadoop.hdds.scm.XceiverClientGrpc.sendCommand(XceiverClientGrpc.java:240)
	at org.apache.hadoop.hdds.scm.storage.ContainerProtocolCalls.getBlock(ContainerProtocolCalls.java:118)
	at org.apache.hadoop.hdds.scm.storage.BlockInputStream.getChunkInfos(BlockInputStream.java:167)
	at org.apache.hadoop.hdds.scm.storage.BlockInputStream.initialize(BlockInputStream.java:118)
	at org.apache.hadoop.hdds.scm.storage.BlockInputStream.read(BlockInputStream.java:222)
	at org.apache.hadoop.ozone.client.io.KeyInputStream.read(KeyInputStream.java:171)
	at org.apache.hadoop.ozone.client.io.OzoneInputStream.read(OzoneInputStream.java:47)
	at java.io.InputStream.read(InputStream.java:101)
	at org.apache.hadoop.ozone.container.ContainerTestHelper.validateData(ContainerTestHelper.java:714)
	at org.apache.hadoop.ozone.client.rpc.TestFailureHandlingByClient.validateData(TestFailureHandlingByClient.java:413)
	at org.apache.hadoop.ozone.client.rpc.TestFailureHandlingByClient.testContainerExclusionWithClosedContainerException(TestFailureHandlingByClient.java:277)
	at sun.reflect.NativeMethodAccessorImpl.invoke0(Native Method)
	at sun.reflect.NativeMethodAccessorImpl.invoke(NativeMethodAccessorImpl.java:62)
	at sun.reflect.DelegatingMethodAccessorImpl.invoke(DelegatingMethodAccessorImpl.java:43)
	at java.lang.reflect.Method.invoke(Method.java:498)
	at org.junit.runners.model.FrameworkMethod$1.runReflectiveCall(FrameworkMethod.java:47)
	at org.junit.internal.runners.model.ReflectiveCallable.run(ReflectiveCallable.java:12)
	at org.junit.runners.model.FrameworkMethod.invokeExplosively(FrameworkMethod.java:44)
	at org.junit.internal.runners.statements.InvokeMethod.evaluate(InvokeMethod.java:17)
	at org.junit.internal.runners.statements.RunAfters.evaluate(RunAfters.java:27)
	at org.junit.runners.ParentRunner.runLeaf(ParentRunner.java:271)
	at org.junit.runners.BlockJUnit4ClassRunner.runChild(BlockJUnit4ClassRunner.java:70)
	at org.junit.runners.BlockJUnit4ClassRunner.runChild(BlockJUnit4ClassRunner.java:50)
	at org.junit.runners.ParentRunner$3.run(ParentRunner.java:238)
	at org.junit.runners.ParentRunner$1.schedule(ParentRunner.java:63)
	at org.junit.runners.ParentRunner.runChildren(ParentRunner.java:236)
	at org.junit.runners.ParentRunner.access$000(ParentRunner.java:53)
	at org.junit.runners.ParentRunner$2.evaluate(ParentRunner.java:229)
	at org.junit.runners.ParentRunner.run(ParentRunner.java:309)
	at org.apache.maven.surefire.junit4.JUnit4Provider.execute(JUnit4Provider.java:365)
	at org.apache.maven.surefire.junit4.JUnit4Provider.executeWithRerun(JUnit4Provider.java:273)
	at org.apache.maven.surefire.junit4.JUnit4Provider.executeTestSet(JUnit4Provider.java:238)
	at org.apache.maven.surefire.junit4.JUnit4Provider.invoke(JUnit4Provider.java:159)
	at org.apache.maven.surefire.booter.ForkedBooter.invokeProviderInSameClassLoader(ForkedBooter.java:384)
	at org.apache.maven.surefire.booter.ForkedBooter.runSuitesInProcess(ForkedBooter.java:345)
	at org.apache.maven.surefire.booter.ForkedBooter.execute(ForkedBooter.java:126)
	at org.apache.maven.surefire.booter.ForkedBooter.main(ForkedBooter.java:418)

]]></system-err>
  </testcase>
  <testcase name="testBlockWritesWithDnFailures" classname="org.apache.hadoop.ozone.client.rpc.TestFailureHandlingByClient" time="57.534">
    <error message="Allocated 0 blocks. Requested 1 blocks" type="INTERNAL_ERROR org.apache.hadoop.ozone.om.exceptions.OMException">INTERNAL_ERROR org.apache.hadoop.ozone.om.exceptions.OMException: Allocated 0 blocks. Requested 1 blocks
	at org.apache.hadoop.ozone.om.protocolPB.OzoneManagerProtocolClientSideTranslatorPB.handleError(OzoneManagerProtocolClientSideTranslatorPB.java:732)
	at org.apache.hadoop.ozone.om.protocolPB.OzoneManagerProtocolClientSideTranslatorPB.openKey(OzoneManagerProtocolClientSideTranslatorPB.java:723)
	at sun.reflect.NativeMethodAccessorImpl.invoke0(Native Method)
	at sun.reflect.NativeMethodAccessorImpl.invoke(NativeMethodAccessorImpl.java:62)
	at sun.reflect.DelegatingMethodAccessorImpl.invoke(DelegatingMethodAccessorImpl.java:43)
	at java.lang.reflect.Method.invoke(Method.java:498)
	at org.apache.hadoop.hdds.tracing.TraceAllMethod.invoke(TraceAllMethod.java:66)
	at com.sun.proxy.$Proxy36.openKey(Unknown Source)
	at org.apache.hadoop.ozone.client.rpc.RpcClient.createKey(RpcClient.java:614)
	at org.apache.hadoop.ozone.client.OzoneBucket.createKey(OzoneBucket.java:325)
	at org.apache.hadoop.ozone.container.ContainerTestHelper.createKey(ContainerTestHelper.java:695)
	at org.apache.hadoop.ozone.client.rpc.TestFailureHandlingByClient.createKey(TestFailureHandlingByClient.java:408)
	at org.apache.hadoop.ozone.client.rpc.TestFailureHandlingByClient.testBlockWritesWithDnFailures(TestFailureHandlingByClient.java:138)
	at sun.reflect.NativeMethodAccessorImpl.invoke0(Native Method)
	at sun.reflect.NativeMethodAccessorImpl.invoke(NativeMethodAccessorImpl.java:62)
	at sun.reflect.DelegatingMethodAccessorImpl.invoke(DelegatingMethodAccessorImpl.java:43)
	at java.lang.reflect.Method.invoke(Method.java:498)
	at org.junit.runners.model.FrameworkMethod$1.runReflectiveCall(FrameworkMethod.java:47)
	at org.junit.internal.runners.model.ReflectiveCallable.run(ReflectiveCallable.java:12)
	at org.junit.runners.model.FrameworkMethod.invokeExplosively(FrameworkMethod.java:44)
	at org.junit.internal.runners.statements.InvokeMethod.evaluate(InvokeMethod.java:17)
	at org.junit.internal.runners.statements.RunAfters.evaluate(RunAfters.java:27)
	at org.junit.runners.ParentRunner.runLeaf(ParentRunner.java:271)
	at org.junit.runners.BlockJUnit4ClassRunner.runChild(BlockJUnit4ClassRunner.java:70)
	at org.junit.runners.BlockJUnit4ClassRunner.runChild(BlockJUnit4ClassRunner.java:50)
	at org.junit.runners.ParentRunner$3.run(ParentRunner.java:238)
	at org.junit.runners.ParentRunner$1.schedule(ParentRunner.java:63)
	at org.junit.runners.ParentRunner.runChildren(ParentRunner.java:236)
	at org.junit.runners.ParentRunner.access$000(ParentRunner.java:53)
	at org.junit.runners.ParentRunner$2.evaluate(ParentRunner.java:229)
	at org.junit.runners.ParentRunner.run(ParentRunner.java:309)
	at org.apache.maven.surefire.junit4.JUnit4Provider.execute(JUnit4Provider.java:365)
	at org.apache.maven.surefire.junit4.JUnit4Provider.executeWithRerun(JUnit4Provider.java:273)
	at org.apache.maven.surefire.junit4.JUnit4Provider.executeTestSet(JUnit4Provider.java:238)
	at org.apache.maven.surefire.junit4.JUnit4Provider.invoke(JUnit4Provider.java:159)
	at org.apache.maven.surefire.booter.ForkedBooter.invokeProviderInSameClassLoader(ForkedBooter.java:384)
	at org.apache.maven.surefire.booter.ForkedBooter.runSuitesInProcess(ForkedBooter.java:345)
	at org.apache.maven.surefire.booter.ForkedBooter.execute(ForkedBooter.java:126)
	at org.apache.maven.surefire.booter.ForkedBooter.main(ForkedBooter.java:418)
</error>
    <system-out><![CDATA[2019-09-24 19:06:35,391 [main] WARN  server.ServerUtils (ServerUtils.java:getScmDbDir(145)) - ozone.scm.db.dirs is not configured. We recommend adding this setting. Falling back to ozone.metadata.dirs instead.
2019-09-24 19:06:35,415 [main] WARN  server.ServerUtils (ServerUtils.java:getScmDbDir(145)) - ozone.scm.db.dirs is not configured. We recommend adding this setting. Falling back to ozone.metadata.dirs instead.
2019-09-24 19:06:35,416 [main] WARN  server.ServerUtils (ServerUtils.java:getScmDbDir(145)) - ozone.scm.db.dirs is not configured. We recommend adding this setting. Falling back to ozone.metadata.dirs instead.
2019-09-24 19:06:35,416 [main] INFO  db.DBStoreBuilder (DBStoreBuilder.java:addTable(110)) - using custom profile for table: deletedBlocks
2019-09-24 19:06:35,416 [main] INFO  db.DBStoreBuilder (DBStoreBuilder.java:processTables(161)) - Using default column profile:DBProfile.DISK for Table:deletedBlocks
2019-09-24 19:06:35,417 [main] INFO  db.DBStoreBuilder (DBStoreBuilder.java:addTable(110)) - using custom profile for table: validCerts
2019-09-24 19:06:35,417 [main] INFO  db.DBStoreBuilder (DBStoreBuilder.java:processTables(161)) - Using default column profile:DBProfile.DISK for Table:validCerts
2019-09-24 19:06:35,417 [main] INFO  db.DBStoreBuilder (DBStoreBuilder.java:addTable(110)) - using custom profile for table: revokedCerts
2019-09-24 19:06:35,417 [main] INFO  db.DBStoreBuilder (DBStoreBuilder.java:processTables(161)) - Using default column profile:DBProfile.DISK for Table:revokedCerts
2019-09-24 19:06:35,417 [main] INFO  db.DBStoreBuilder (DBStoreBuilder.java:addTable(110)) - using custom profile for table: default
2019-09-24 19:06:35,418 [main] INFO  db.DBStoreBuilder (DBStoreBuilder.java:processTables(167)) - Using default column profile:DBProfile.DISK for Table:default
2019-09-24 19:06:35,418 [main] INFO  db.DBStoreBuilder (DBStoreBuilder.java:getDbProfile(198)) - Using default options. DBProfile.DISK
2019-09-24 19:06:35,637 [main] INFO  net.NodeSchemaLoader (NodeSchemaLoader.java:loadSchemaFromFile(125)) - Loading file from sun.misc.CompoundEnumeration@626e0c86
2019-09-24 19:06:35,638 [main] INFO  net.NodeSchemaLoader (NodeSchemaLoader.java:loadSchema(171)) - Loading network topology layer schema file
2019-09-24 19:06:35,645 [main] INFO  node.SCMNodeManager (SCMNodeManager.java:<init>(114)) - Entering startup safe mode.
2019-09-24 19:06:35,646 [main] INFO  algorithms.ContainerPlacementPolicyFactory (ContainerPlacementPolicyFactory.java:getPolicy(57)) - Create container placement policy of type org.apache.hadoop.hdds.scm.container.placement.algorithms.SCMContainerPlacementRandom
2019-09-24 19:06:35,646 [main] WARN  server.ServerUtils (ServerUtils.java:getScmDbDir(145)) - ozone.scm.db.dirs is not configured. We recommend adding this setting. Falling back to ozone.metadata.dirs instead.
2019-09-24 19:06:35,789 [main] INFO  pipeline.SCMPipelineManager (SCMPipelineManager.java:initializePipelineState(132)) - No pipeline exists in current db
2019-09-24 19:06:35,790 [main] WARN  server.ServerUtils (ServerUtils.java:getScmDbDir(145)) - ozone.scm.db.dirs is not configured. We recommend adding this setting. Falling back to ozone.metadata.dirs instead.
2019-09-24 19:06:35,883 [main] WARN  events.EventQueue (EventQueue.java:fireEvent(183)) - No event handler registered for event TypedEvent{payloadType=SafeModeStatus, name='SafeModeStatus'}
2019-09-24 19:06:35,884 [main] INFO  ipc.CallQueueManager (CallQueueManager.java:<init>(84)) - Using callQueue: class java.util.concurrent.LinkedBlockingQueue, queueCapacity: 2000, scheduler: class org.apache.hadoop.ipc.DefaultRpcScheduler, ipcBackoff: false.
2019-09-24 19:06:35,886 [Socket Reader #1 for port 41558] INFO  ipc.Server (Server.java:run(1074)) - Starting Socket Reader #1 for port 41558
2019-09-24 19:06:35,887 [main] INFO  ipc.CallQueueManager (CallQueueManager.java:<init>(84)) - Using callQueue: class java.util.concurrent.LinkedBlockingQueue, queueCapacity: 2000, scheduler: class org.apache.hadoop.ipc.DefaultRpcScheduler, ipcBackoff: false.
2019-09-24 19:06:35,889 [Socket Reader #1 for port 37605] INFO  ipc.Server (Server.java:run(1074)) - Starting Socket Reader #1 for port 37605
2019-09-24 19:06:35,890 [main] INFO  ipc.CallQueueManager (CallQueueManager.java:<init>(84)) - Using callQueue: class java.util.concurrent.LinkedBlockingQueue, queueCapacity: 2000, scheduler: class org.apache.hadoop.ipc.DefaultRpcScheduler, ipcBackoff: false.
2019-09-24 19:06:35,891 [Socket Reader #1 for port 34694] INFO  ipc.Server (Server.java:run(1074)) - Starting Socket Reader #1 for port 34694
2019-09-24 19:06:35,895 [main] INFO  hdfs.DFSUtil (DFSUtil.java:httpServerTemplateForNNAndJN(1641)) - Starting Web-server for scm at: http://0.0.0.0:0
2019-09-24 19:06:35,898 [main] INFO  server.AuthenticationFilter (AuthenticationFilter.java:constructSecretProvider(240)) - Unable to initialize FileSignerSecretProvider, falling back to use random secrets.
2019-09-24 19:06:35,899 [main] WARN  http.HttpRequestLog (HttpRequestLog.java:getRequestLog(97)) - Jetty request log can only be enabled using Log4j
2019-09-24 19:06:35,901 [main] INFO  http.HttpServer2 (HttpServer2.java:addGlobalFilter(975)) - Added global filter 'safety' (class=org.apache.hadoop.http.HttpServer2$QuotingInputFilter)
2019-09-24 19:06:35,902 [main] INFO  http.HttpServer2 (HttpServer2.java:addFilter(948)) - Added filter static_user_filter (class=org.apache.hadoop.http.lib.StaticUserWebFilter$StaticUserFilter) to context scm
2019-09-24 19:06:35,902 [main] INFO  http.HttpServer2 (HttpServer2.java:addFilter(958)) - Added filter static_user_filter (class=org.apache.hadoop.http.lib.StaticUserWebFilter$StaticUserFilter) to context logs
2019-09-24 19:06:35,903 [main] INFO  http.HttpServer2 (HttpServer2.java:addFilter(958)) - Added filter static_user_filter (class=org.apache.hadoop.http.lib.StaticUserWebFilter$StaticUserFilter) to context static
2019-09-24 19:06:35,906 [main] INFO  server.StorageContainerManager (StorageContainerManager.java:start(770)) - StorageContainerLocationProtocol RPC server is listening at /0.0.0.0:34694
2019-09-24 19:06:35,909 [main] WARN  impl.MetricsConfig (MetricsConfig.java:loadFirst(134)) - Cannot locate configuration: tried hadoop-metrics2-storagecontainermanager.properties,hadoop-metrics2.properties
2019-09-24 19:06:35,910 [main] INFO  impl.MetricsSystemImpl (MetricsSystemImpl.java:startTimer(374)) - Scheduled Metric snapshot period at 10 second(s).
2019-09-24 19:06:35,910 [main] INFO  impl.MetricsSystemImpl (MetricsSystemImpl.java:start(191)) - StorageContainerManager metrics system started
2019-09-24 19:06:35,957 [main] WARN  impl.MetricsSystemImpl (MetricsSystemImpl.java:register(276)) - Sink prometheus already exists!
2019-09-24 19:06:36,017 [main] INFO  server.SCMClientProtocolServer (SCMClientProtocolServer.java:start(151)) - RPC server for Client  is listening at /0.0.0.0:34694
2019-09-24 19:06:36,017 [IPC Server Responder] INFO  ipc.Server (Server.java:run(1314)) - IPC Server Responder: starting
2019-09-24 19:06:36,017 [IPC Server listener on 34694] INFO  ipc.Server (Server.java:run(1153)) - IPC Server listener on 34694: starting
2019-09-24 19:06:36,023 [main] INFO  server.StorageContainerManager (StorageContainerManager.java:start(780)) - ScmBlockLocationProtocol RPC server is listening at /0.0.0.0:37605
2019-09-24 19:06:36,023 [main] INFO  server.SCMBlockProtocolServer (SCMBlockProtocolServer.java:start(146)) - RPC server for Block Protocol is listening at /0.0.0.0:37605
2019-09-24 19:06:36,024 [IPC Server Responder] INFO  ipc.Server (Server.java:run(1314)) - IPC Server Responder: starting
2019-09-24 19:06:36,024 [IPC Server listener on 37605] INFO  ipc.Server (Server.java:run(1153)) - IPC Server listener on 37605: starting
2019-09-24 19:06:36,029 [main] INFO  server.StorageContainerManager (StorageContainerManager.java:start(784)) - ScmDatanodeProtocl RPC server is listening at /0.0.0.0:41558
2019-09-24 19:06:36,029 [main] INFO  server.SCMDatanodeProtocolServer (SCMDatanodeProtocolServer.java:start(191)) - RPC server for DataNodes is listening at /0.0.0.0:41558
2019-09-24 19:06:36,030 [IPC Server Responder] INFO  ipc.Server (Server.java:run(1314)) - IPC Server Responder: starting
2019-09-24 19:06:36,030 [IPC Server listener on 41558] INFO  ipc.Server (Server.java:run(1153)) - IPC Server listener on 41558: starting
2019-09-24 19:06:36,035 [main] INFO  http.HttpServer2 (HttpServer2.java:bindListener(1191)) - Jetty bound to port 38550
2019-09-24 19:06:36,035 [main] INFO  server.Server (Server.java:doStart(351)) - jetty-9.3.25.v20180904, build timestamp: 2018-09-04T21:11:46Z, git hash: 3ce520221d0240229c862b122d2b06c12a625732
2019-09-24 19:06:36,036 [main] INFO  handler.ContextHandler (ContextHandler.java:doStart(781)) - Started o.e.j.s.ServletContextHandler@16d0e521{/logs,file:///workdir/hadoop-ozone/integration-test/target/log,AVAILABLE}
2019-09-24 19:06:36,037 [main] INFO  handler.ContextHandler (ContextHandler.java:doStart(781)) - Started o.e.j.s.ServletContextHandler@ab4aa5e{/static,file:///workdir/hadoop-ozone/integration-test/target/test-classes/webapps/static,AVAILABLE}
2019-09-24 19:06:36,041 [main] INFO  handler.ContextHandler (ContextHandler.java:doStart(781)) - Started o.e.j.w.WebAppContext@3ebc955b{/,file:///workdir/hadoop-ozone/integration-test/target/test-classes/webapps/scm/,AVAILABLE}{/scm}
2019-09-24 19:06:36,041 [main] INFO  server.AbstractConnector (AbstractConnector.java:doStart(278)) - Started ServerConnector@21a46ff1{HTTP/1.1,[http/1.1]}{0.0.0.0:38550}
2019-09-24 19:06:36,042 [main] INFO  server.Server (Server.java:doStart(419)) - Started @414116ms
2019-09-24 19:06:36,042 [main] WARN  impl.MetricsSystemImpl (MetricsSystemImpl.java:register(276)) - Sink prometheus already exists!
2019-09-24 19:06:36,043 [main] INFO  server.BaseHttpServer (BaseHttpServer.java:updateConnectorAddress(215)) - HTTP server of SCM is listening at http://0.0.0.0:38550
2019-09-24 19:06:36,043 [main] WARN  server.ServerUtils (ServerUtils.java:getDBPath(222)) - ozone.om.db.dirs is not configured. We recommend adding this setting. Falling back to ozone.metadata.dirs instead.
2019-09-24 19:06:36,044 [org.apache.hadoop.util.JvmPauseMonitor$Monitor@6bcae9] INFO  util.JvmPauseMonitor (JvmPauseMonitor.java:run(188)) - Starting JVM pause monitor
2019-09-24 19:06:36,063 [main] WARN  server.ServerUtils (ServerUtils.java:getDBPath(222)) - ozone.om.db.dirs is not configured. We recommend adding this setting. Falling back to ozone.metadata.dirs instead.
2019-09-24 19:06:36,063 [main] WARN  server.ServerUtils (ServerUtils.java:getDBPath(222)) - ozone.om.db.dirs is not configured. We recommend adding this setting. Falling back to ozone.metadata.dirs instead.
2019-09-24 19:06:36,064 [main] INFO  om.OzoneManager (OzoneManager.java:setOMNodeDetails(652)) - OM Service ID is not set. Setting it to the default ID: omServiceIdDefault
2019-09-24 19:06:36,064 [main] INFO  om.OzoneManager (OzoneManager.java:setOMNodeDetails(658)) - OM Node ID is not set. Setting it to the OmStorage's OmID: ef2fae88-f65a-4717-9fde-9435cc6e36bd
2019-09-24 19:06:36,064 [main] INFO  om.OzoneManager (OzoneManager.java:loadOMHAConfigs(609)) - Found matching OM address with OMServiceId: null, OMNodeId: null, RPC Address: localhost:0 and Ratis port: 9872
2019-09-24 19:06:36,070 [main] WARN  server.ServerUtils (ServerUtils.java:getDBPath(222)) - ozone.om.db.dirs is not configured. We recommend adding this setting. Falling back to ozone.metadata.dirs instead.
2019-09-24 19:06:36,070 [main] INFO  db.DBStoreBuilder (DBStoreBuilder.java:addTable(110)) - using custom profile for table: userTable
2019-09-24 19:06:36,070 [main] INFO  db.DBStoreBuilder (DBStoreBuilder.java:processTables(161)) - Using default column profile:DBProfile.DISK for Table:userTable
2019-09-24 19:06:36,071 [main] INFO  db.DBStoreBuilder (DBStoreBuilder.java:addTable(110)) - using custom profile for table: volumeTable
2019-09-24 19:06:36,071 [main] INFO  db.DBStoreBuilder (DBStoreBuilder.java:processTables(161)) - Using default column profile:DBProfile.DISK for Table:volumeTable
2019-09-24 19:06:36,071 [main] INFO  db.DBStoreBuilder (DBStoreBuilder.java:addTable(110)) - using custom profile for table: bucketTable
2019-09-24 19:06:36,071 [main] INFO  db.DBStoreBuilder (DBStoreBuilder.java:processTables(161)) - Using default column profile:DBProfile.DISK for Table:bucketTable
2019-09-24 19:06:36,071 [main] INFO  db.DBStoreBuilder (DBStoreBuilder.java:addTable(110)) - using custom profile for table: keyTable
2019-09-24 19:06:36,071 [main] INFO  db.DBStoreBuilder (DBStoreBuilder.java:processTables(161)) - Using default column profile:DBProfile.DISK for Table:keyTable
2019-09-24 19:06:36,071 [main] INFO  db.DBStoreBuilder (DBStoreBuilder.java:addTable(110)) - using custom profile for table: deletedTable
2019-09-24 19:06:36,072 [main] INFO  db.DBStoreBuilder (DBStoreBuilder.java:processTables(161)) - Using default column profile:DBProfile.DISK for Table:deletedTable
2019-09-24 19:06:36,072 [main] INFO  db.DBStoreBuilder (DBStoreBuilder.java:addTable(110)) - using custom profile for table: openKeyTable
2019-09-24 19:06:36,072 [main] INFO  db.DBStoreBuilder (DBStoreBuilder.java:processTables(161)) - Using default column profile:DBProfile.DISK for Table:openKeyTable
2019-09-24 19:06:36,072 [main] INFO  db.DBStoreBuilder (DBStoreBuilder.java:addTable(110)) - using custom profile for table: s3Table
2019-09-24 19:06:36,072 [main] INFO  db.DBStoreBuilder (DBStoreBuilder.java:processTables(161)) - Using default column profile:DBProfile.DISK for Table:s3Table
2019-09-24 19:06:36,072 [main] INFO  db.DBStoreBuilder (DBStoreBuilder.java:addTable(110)) - using custom profile for table: multipartInfoTable
2019-09-24 19:06:36,073 [main] INFO  db.DBStoreBuilder (DBStoreBuilder.java:processTables(161)) - Using default column profile:DBProfile.DISK for Table:multipartInfoTable
2019-09-24 19:06:36,073 [main] INFO  db.DBStoreBuilder (DBStoreBuilder.java:addTable(110)) - using custom profile for table: dTokenTable
2019-09-24 19:06:36,073 [main] INFO  db.DBStoreBuilder (DBStoreBuilder.java:processTables(161)) - Using default column profile:DBProfile.DISK for Table:dTokenTable
2019-09-24 19:06:36,073 [main] INFO  db.DBStoreBuilder (DBStoreBuilder.java:addTable(110)) - using custom profile for table: s3SecretTable
2019-09-24 19:06:36,073 [main] INFO  db.DBStoreBuilder (DBStoreBuilder.java:processTables(161)) - Using default column profile:DBProfile.DISK for Table:s3SecretTable
2019-09-24 19:06:36,073 [main] INFO  db.DBStoreBuilder (DBStoreBuilder.java:addTable(110)) - using custom profile for table: prefixTable
2019-09-24 19:06:36,074 [main] INFO  db.DBStoreBuilder (DBStoreBuilder.java:processTables(161)) - Using default column profile:DBProfile.DISK for Table:prefixTable
2019-09-24 19:06:36,074 [main] INFO  db.DBStoreBuilder (DBStoreBuilder.java:addTable(110)) - using custom profile for table: default
2019-09-24 19:06:36,074 [main] INFO  db.DBStoreBuilder (DBStoreBuilder.java:processTables(167)) - Using default column profile:DBProfile.DISK for Table:default
2019-09-24 19:06:36,074 [main] INFO  db.DBStoreBuilder (DBStoreBuilder.java:getDbProfile(198)) - Using default options. DBProfile.DISK
2019-09-24 19:06:36,646 [main] INFO  ipc.CallQueueManager (CallQueueManager.java:<init>(84)) - Using callQueue: class java.util.concurrent.LinkedBlockingQueue, queueCapacity: 2000, scheduler: class org.apache.hadoop.ipc.DefaultRpcScheduler, ipcBackoff: false.
2019-09-24 19:06:36,647 [Socket Reader #1 for port 34378] INFO  ipc.Server (Server.java:run(1074)) - Starting Socket Reader #1 for port 34378
2019-09-24 19:06:36,666 [main] INFO  om.OzoneManager (OzoneManager.java:start(1243)) - OzoneManager RPC server is listening at localhost/127.0.0.1:34378
2019-09-24 19:06:36,667 [main] INFO  impl.MetricsSystemImpl (MetricsSystemImpl.java:init(158)) - OzoneManager metrics system started (again)
2019-09-24 19:06:36,668 [IPC Server Responder] INFO  ipc.Server (Server.java:run(1314)) - IPC Server Responder: starting
2019-09-24 19:06:36,668 [IPC Server listener on 34378] INFO  ipc.Server (Server.java:run(1153)) - IPC Server listener on 34378: starting
2019-09-24 19:06:36,674 [main] INFO  hdfs.DFSUtil (DFSUtil.java:httpServerTemplateForNNAndJN(1641)) - Starting Web-server for ozoneManager at: http://0.0.0.0:0
2019-09-24 19:06:36,676 [main] INFO  server.AuthenticationFilter (AuthenticationFilter.java:constructSecretProvider(240)) - Unable to initialize FileSignerSecretProvider, falling back to use random secrets.
2019-09-24 19:06:36,676 [main] WARN  http.HttpRequestLog (HttpRequestLog.java:getRequestLog(97)) - Jetty request log can only be enabled using Log4j
2019-09-24 19:06:36,678 [main] INFO  http.HttpServer2 (HttpServer2.java:addGlobalFilter(975)) - Added global filter 'safety' (class=org.apache.hadoop.http.HttpServer2$QuotingInputFilter)
2019-09-24 19:06:36,679 [main] INFO  http.HttpServer2 (HttpServer2.java:addFilter(948)) - Added filter static_user_filter (class=org.apache.hadoop.http.lib.StaticUserWebFilter$StaticUserFilter) to context ozoneManager
2019-09-24 19:06:36,679 [main] INFO  http.HttpServer2 (HttpServer2.java:addFilter(958)) - Added filter static_user_filter (class=org.apache.hadoop.http.lib.StaticUserWebFilter$StaticUserFilter) to context logs
2019-09-24 19:06:36,679 [main] INFO  http.HttpServer2 (HttpServer2.java:addFilter(958)) - Added filter static_user_filter (class=org.apache.hadoop.http.lib.StaticUserWebFilter$StaticUserFilter) to context static
2019-09-24 19:06:36,680 [main] INFO  http.HttpServer2 (HttpServer2.java:bindListener(1191)) - Jetty bound to port 44873
2019-09-24 19:06:36,680 [main] INFO  server.Server (Server.java:doStart(351)) - jetty-9.3.25.v20180904, build timestamp: 2018-09-04T21:11:46Z, git hash: 3ce520221d0240229c862b122d2b06c12a625732
2019-09-24 19:06:36,682 [main] INFO  handler.ContextHandler (ContextHandler.java:doStart(781)) - Started o.e.j.s.ServletContextHandler@1cd6b1bd{/logs,file:///workdir/hadoop-ozone/integration-test/target/log,AVAILABLE}
2019-09-24 19:06:36,683 [main] INFO  handler.ContextHandler (ContextHandler.java:doStart(781)) - Started o.e.j.s.ServletContextHandler@3b41e1bf{/static,file:///workdir/hadoop-ozone/integration-test/target/test-classes/webapps/static,AVAILABLE}
2019-09-24 19:06:36,688 [main] INFO  handler.ContextHandler (ContextHandler.java:doStart(781)) - Started o.e.j.w.WebAppContext@559af296{/,file:///workdir/hadoop-ozone/integration-test/target/test-classes/webapps/ozoneManager/,AVAILABLE}{/ozoneManager}
2019-09-24 19:06:36,689 [main] INFO  server.AbstractConnector (AbstractConnector.java:doStart(278)) - Started ServerConnector@5edc3e29{HTTP/1.1,[http/1.1]}{0.0.0.0:44873}
2019-09-24 19:06:36,689 [main] INFO  server.Server (Server.java:doStart(419)) - Started @414763ms
2019-09-24 19:06:36,693 [main] WARN  impl.MetricsSystemImpl (MetricsSystemImpl.java:register(276)) - Sink prometheus already exists!
2019-09-24 19:06:36,699 [main] INFO  server.BaseHttpServer (BaseHttpServer.java:updateConnectorAddress(215)) - HTTP server of OZONEMANAGER is listening at http://0.0.0.0:44873
2019-09-24 19:06:36,722 [main] INFO  impl.MetricsSystemImpl (MetricsSystemImpl.java:init(158)) - HddsDatanode metrics system started (again)
2019-09-24 19:06:36,725 [main] INFO  ozone.HddsDatanodeService (HddsDatanodeService.java:start(184)) - HddsDatanodeService host:pr-hdds-2149-fgl4f-1742389470 ip:192.168.5.148
2019-09-24 19:06:36,732 [main] INFO  volume.HddsVolume (HddsVolume.java:<init>(176)) - Creating Volume: /workdir/hadoop-ozone/integration-test/target/test-dir/MiniOzoneClusterImpl-fd896651-19f7-4594-a8cd-2c001f85b2cc/datanode-0/data/containers/hdds of  storage type : DISK and capacity : 1482555576320
2019-09-24 19:06:36,733 [main] INFO  volume.VolumeSet (VolumeSet.java:initializeVolumeSet(170)) - Added Volume : /workdir/hadoop-ozone/integration-test/target/test-dir/MiniOzoneClusterImpl-fd896651-19f7-4594-a8cd-2c001f85b2cc/datanode-0/data/containers/hdds to VolumeSet
2019-09-24 19:06:36,733 [main] INFO  volume.ThrottledAsyncChecker (ThrottledAsyncChecker.java:schedule(139)) - Scheduling a check for org.apache.hadoop.ozone.container.common.volume.HddsVolume@1472208d
2019-09-24 19:06:36,734 [main] INFO  volume.HddsVolumeChecker (HddsVolumeChecker.java:checkAllVolumes(202)) - Scheduled health check for volume org.apache.hadoop.ozone.container.common.volume.HddsVolume@1472208d
2019-09-24 19:06:36,747 [main] INFO  impl.RaftServerProxy (ConfUtils.java:logGet(43)) - raft.rpc.type = GRPC (default)
2019-09-24 19:06:36,748 [main] INFO  grpc.GrpcFactory (GrpcFactory.java:checkPooledByteBufAllocatorUseCacheForAllThreads(45)) - PERFORMANCE WARNING: useCacheForAllThreads is true that may cause Netty to create a lot garbage objects and, as a result, trigger GC.
	It is recommended to disable useCacheForAllThreads by setting -Dorg.apache.ratis.thirdparty.io.netty.allocator.useCacheForAllThreads=false in command line.
2019-09-24 19:06:36,748 [main] INFO  grpc.GrpcConfigKeys$Server (ConfUtils.java:logGet(43)) - raft.grpc.server.port = 0 (default)
2019-09-24 19:06:36,748 [main] INFO  server.GrpcService (ConfUtils.java:logGet(43)) - raft.grpc.message.size.max = 33570816 (custom)
2019-09-24 19:06:36,748 [main] INFO  server.RaftServerConfigKeys (ConfUtils.java:logGet(43)) - raft.server.log.appender.buffer.byte-limit = 33554432 (custom)
2019-09-24 19:06:36,749 [main] INFO  server.GrpcService (ConfUtils.java:logGet(43)) - raft.grpc.flow.control.window = 1MB (=1048576) (default)
2019-09-24 19:06:36,749 [main] INFO  server.RaftServerConfigKeys (ConfUtils.java:logGet(43)) - raft.server.rpc.request.timeout = 3000ms (default)
2019-09-24 19:06:36,749 [main] INFO  server.RaftServerConfigKeys (ConfUtils.java:logGet(43)) - raft.server.storage.dir = [/workdir/hadoop-ozone/integration-test/target/test-dir/MiniOzoneClusterImpl-fd896651-19f7-4594-a8cd-2c001f85b2cc/datanode-0/data/ratis] (custom)
2019-09-24 19:06:36,751 [main] INFO  hdfs.DFSUtil (DFSUtil.java:httpServerTemplateForNNAndJN(1641)) - Starting Web-server for hddsDatanode at: http://0.0.0.0:0
2019-09-24 19:06:36,752 [main] INFO  server.AuthenticationFilter (AuthenticationFilter.java:constructSecretProvider(240)) - Unable to initialize FileSignerSecretProvider, falling back to use random secrets.
2019-09-24 19:06:36,753 [main] WARN  http.HttpRequestLog (HttpRequestLog.java:getRequestLog(97)) - Jetty request log can only be enabled using Log4j
2019-09-24 19:06:36,754 [main] INFO  http.HttpServer2 (HttpServer2.java:addGlobalFilter(975)) - Added global filter 'safety' (class=org.apache.hadoop.http.HttpServer2$QuotingInputFilter)
2019-09-24 19:06:36,755 [main] INFO  http.HttpServer2 (HttpServer2.java:addFilter(948)) - Added filter static_user_filter (class=org.apache.hadoop.http.lib.StaticUserWebFilter$StaticUserFilter) to context hddsDatanode
2019-09-24 19:06:36,755 [main] INFO  http.HttpServer2 (HttpServer2.java:addFilter(958)) - Added filter static_user_filter (class=org.apache.hadoop.http.lib.StaticUserWebFilter$StaticUserFilter) to context logs
2019-09-24 19:06:36,755 [main] INFO  http.HttpServer2 (HttpServer2.java:addFilter(958)) - Added filter static_user_filter (class=org.apache.hadoop.http.lib.StaticUserWebFilter$StaticUserFilter) to context static
2019-09-24 19:06:36,755 [main] INFO  http.HttpServer2 (HttpServer2.java:bindListener(1191)) - Jetty bound to port 40373
2019-09-24 19:06:36,756 [main] INFO  server.Server (Server.java:doStart(351)) - jetty-9.3.25.v20180904, build timestamp: 2018-09-04T21:11:46Z, git hash: 3ce520221d0240229c862b122d2b06c12a625732
2019-09-24 19:06:36,757 [main] INFO  handler.ContextHandler (ContextHandler.java:doStart(781)) - Started o.e.j.s.ServletContextHandler@2e0fdbe9{/logs,file:///workdir/hadoop-ozone/integration-test/target/log,AVAILABLE}
2019-09-24 19:06:36,758 [main] INFO  handler.ContextHandler (ContextHandler.java:doStart(781)) - Started o.e.j.s.ServletContextHandler@696b52bc{/static,jar:file:/home/user/.m2/repository/org/apache/hadoop/hadoop-hdds-container-service/0.5.0-SNAPSHOT/hadoop-hdds-container-service-0.5.0-SNAPSHOT.jar!/webapps/static,AVAILABLE}
2019-09-24 19:06:36,786 [main] INFO  handler.ContextHandler (ContextHandler.java:doStart(781)) - Started o.e.j.w.WebAppContext@32507479{/,file:///tmp/jetty-0.0.0.0-40373-hddsDatanode-_-any-7327212922820361440.dir/webapp/,AVAILABLE}{/hddsDatanode}
2019-09-24 19:06:36,786 [main] INFO  server.AbstractConnector (AbstractConnector.java:doStart(278)) - Started ServerConnector@632383b9{HTTP/1.1,[http/1.1]}{0.0.0.0:40373}
2019-09-24 19:06:36,788 [main] INFO  server.Server (Server.java:doStart(419)) - Started @414862ms
2019-09-24 19:06:36,788 [main] WARN  impl.MetricsSystemImpl (MetricsSystemImpl.java:register(276)) - Sink prometheus already exists!
2019-09-24 19:06:36,789 [main] INFO  server.BaseHttpServer (BaseHttpServer.java:updateConnectorAddress(215)) - HTTP server of HDDSDATANODE is listening at http://0.0.0.0:40373
2019-09-24 19:06:36,789 [main] INFO  impl.MetricsSystemImpl (MetricsSystemImpl.java:init(158)) - HddsDatanode metrics system started (again)
2019-09-24 19:06:36,792 [main] INFO  ozone.HddsDatanodeService (HddsDatanodeService.java:start(184)) - HddsDatanodeService host:pr-hdds-2149-fgl4f-1742389470 ip:192.168.5.148
2019-09-24 19:06:36,792 [org.apache.hadoop.util.JvmPauseMonitor$Monitor@2eeb8f7c] INFO  util.JvmPauseMonitor (JvmPauseMonitor.java:run(188)) - Starting JVM pause monitor
2019-09-24 19:06:36,794 [Datanode State Machine Thread - 0] INFO  datanode.InitDatanodeState (InitDatanodeState.java:persistContainerDatanodeDetails(140)) - DatanodeDetails is persisted to /workdir/hadoop-ozone/integration-test/target/test-dir/MiniOzoneClusterImpl-fd896651-19f7-4594-a8cd-2c001f85b2cc/datanode-0/meta/datanode.id
2019-09-24 19:06:36,797 [main] INFO  volume.HddsVolume (HddsVolume.java:<init>(176)) - Creating Volume: /workdir/hadoop-ozone/integration-test/target/test-dir/MiniOzoneClusterImpl-fd896651-19f7-4594-a8cd-2c001f85b2cc/datanode-1/data/containers/hdds of  storage type : DISK and capacity : 1482555576320
2019-09-24 19:06:36,798 [main] INFO  volume.VolumeSet (VolumeSet.java:initializeVolumeSet(170)) - Added Volume : /workdir/hadoop-ozone/integration-test/target/test-dir/MiniOzoneClusterImpl-fd896651-19f7-4594-a8cd-2c001f85b2cc/datanode-1/data/containers/hdds to VolumeSet
2019-09-24 19:06:36,798 [main] INFO  volume.ThrottledAsyncChecker (ThrottledAsyncChecker.java:schedule(139)) - Scheduling a check for org.apache.hadoop.ozone.container.common.volume.HddsVolume@15214920
2019-09-24 19:06:36,798 [main] INFO  volume.HddsVolumeChecker (HddsVolumeChecker.java:checkAllVolumes(202)) - Scheduled health check for volume org.apache.hadoop.ozone.container.common.volume.HddsVolume@15214920
2019-09-24 19:06:36,811 [main] INFO  impl.RaftServerProxy (ConfUtils.java:logGet(43)) - raft.rpc.type = GRPC (default)
2019-09-24 19:06:36,811 [main] INFO  grpc.GrpcFactory (GrpcFactory.java:checkPooledByteBufAllocatorUseCacheForAllThreads(45)) - PERFORMANCE WARNING: useCacheForAllThreads is true that may cause Netty to create a lot garbage objects and, as a result, trigger GC.
	It is recommended to disable useCacheForAllThreads by setting -Dorg.apache.ratis.thirdparty.io.netty.allocator.useCacheForAllThreads=false in command line.
2019-09-24 19:06:36,811 [main] INFO  grpc.GrpcConfigKeys$Server (ConfUtils.java:logGet(43)) - raft.grpc.server.port = 0 (default)
2019-09-24 19:06:36,811 [main] INFO  server.GrpcService (ConfUtils.java:logGet(43)) - raft.grpc.message.size.max = 33570816 (custom)
2019-09-24 19:06:36,811 [main] INFO  server.RaftServerConfigKeys (ConfUtils.java:logGet(43)) - raft.server.log.appender.buffer.byte-limit = 33554432 (custom)
2019-09-24 19:06:36,812 [main] INFO  server.GrpcService (ConfUtils.java:logGet(43)) - raft.grpc.flow.control.window = 1MB (=1048576) (default)
2019-09-24 19:06:36,812 [main] INFO  server.RaftServerConfigKeys (ConfUtils.java:logGet(43)) - raft.server.rpc.request.timeout = 3000ms (default)
2019-09-24 19:06:36,812 [main] INFO  server.RaftServerConfigKeys (ConfUtils.java:logGet(43)) - raft.server.storage.dir = [/workdir/hadoop-ozone/integration-test/target/test-dir/MiniOzoneClusterImpl-fd896651-19f7-4594-a8cd-2c001f85b2cc/datanode-1/data/ratis] (custom)
2019-09-24 19:06:36,813 [main] INFO  hdfs.DFSUtil (DFSUtil.java:httpServerTemplateForNNAndJN(1641)) - Starting Web-server for hddsDatanode at: http://0.0.0.0:0
2019-09-24 19:06:36,814 [main] INFO  server.AuthenticationFilter (AuthenticationFilter.java:constructSecretProvider(240)) - Unable to initialize FileSignerSecretProvider, falling back to use random secrets.
2019-09-24 19:06:36,815 [main] WARN  http.HttpRequestLog (HttpRequestLog.java:getRequestLog(97)) - Jetty request log can only be enabled using Log4j
2019-09-24 19:06:36,816 [main] INFO  http.HttpServer2 (HttpServer2.java:addGlobalFilter(975)) - Added global filter 'safety' (class=org.apache.hadoop.http.HttpServer2$QuotingInputFilter)
2019-09-24 19:06:36,816 [main] INFO  http.HttpServer2 (HttpServer2.java:addFilter(948)) - Added filter static_user_filter (class=org.apache.hadoop.http.lib.StaticUserWebFilter$StaticUserFilter) to context hddsDatanode
2019-09-24 19:06:36,817 [main] INFO  http.HttpServer2 (HttpServer2.java:addFilter(958)) - Added filter static_user_filter (class=org.apache.hadoop.http.lib.StaticUserWebFilter$StaticUserFilter) to context logs
2019-09-24 19:06:36,817 [main] INFO  http.HttpServer2 (HttpServer2.java:addFilter(958)) - Added filter static_user_filter (class=org.apache.hadoop.http.lib.StaticUserWebFilter$StaticUserFilter) to context static
2019-09-24 19:06:36,817 [main] INFO  http.HttpServer2 (HttpServer2.java:bindListener(1191)) - Jetty bound to port 38843
2019-09-24 19:06:36,817 [main] INFO  server.Server (Server.java:doStart(351)) - jetty-9.3.25.v20180904, build timestamp: 2018-09-04T21:11:46Z, git hash: 3ce520221d0240229c862b122d2b06c12a625732
2019-09-24 19:06:36,819 [main] INFO  handler.ContextHandler (ContextHandler.java:doStart(781)) - Started o.e.j.s.ServletContextHandler@35145874{/logs,file:///workdir/hadoop-ozone/integration-test/target/log,AVAILABLE}
2019-09-24 19:06:36,819 [main] INFO  handler.ContextHandler (ContextHandler.java:doStart(781)) - Started o.e.j.s.ServletContextHandler@11df2829{/static,jar:file:/home/user/.m2/repository/org/apache/hadoop/hadoop-hdds-container-service/0.5.0-SNAPSHOT/hadoop-hdds-container-service-0.5.0-SNAPSHOT.jar!/webapps/static,AVAILABLE}
2019-09-24 19:06:36,847 [main] INFO  handler.ContextHandler (ContextHandler.java:doStart(781)) - Started o.e.j.w.WebAppContext@8fcc534{/,file:///tmp/jetty-0.0.0.0-38843-hddsDatanode-_-any-6616043798197144841.dir/webapp/,AVAILABLE}{/hddsDatanode}
2019-09-24 19:06:36,847 [main] INFO  server.AbstractConnector (AbstractConnector.java:doStart(278)) - Started ServerConnector@5e599100{HTTP/1.1,[http/1.1]}{0.0.0.0:38843}
2019-09-24 19:06:36,848 [main] INFO  server.Server (Server.java:doStart(419)) - Started @414922ms
2019-09-24 19:06:36,848 [main] WARN  impl.MetricsSystemImpl (MetricsSystemImpl.java:register(276)) - Sink prometheus already exists!
2019-09-24 19:06:36,849 [main] INFO  server.BaseHttpServer (BaseHttpServer.java:updateConnectorAddress(215)) - HTTP server of HDDSDATANODE is listening at http://0.0.0.0:38843
2019-09-24 19:06:36,849 [main] INFO  impl.MetricsSystemImpl (MetricsSystemImpl.java:init(158)) - HddsDatanode metrics system started (again)
2019-09-24 19:06:36,852 [main] INFO  ozone.HddsDatanodeService (HddsDatanodeService.java:start(184)) - HddsDatanodeService host:pr-hdds-2149-fgl4f-1742389470 ip:192.168.5.148
2019-09-24 19:06:36,853 [org.apache.hadoop.util.JvmPauseMonitor$Monitor@4b39c167] INFO  util.JvmPauseMonitor (JvmPauseMonitor.java:run(188)) - Starting JVM pause monitor
2019-09-24 19:06:36,854 [Datanode State Machine Thread - 0] INFO  datanode.InitDatanodeState (InitDatanodeState.java:persistContainerDatanodeDetails(140)) - DatanodeDetails is persisted to /workdir/hadoop-ozone/integration-test/target/test-dir/MiniOzoneClusterImpl-fd896651-19f7-4594-a8cd-2c001f85b2cc/datanode-1/meta/datanode.id
2019-09-24 19:06:36,858 [main] INFO  volume.HddsVolume (HddsVolume.java:<init>(176)) - Creating Volume: /workdir/hadoop-ozone/integration-test/target/test-dir/MiniOzoneClusterImpl-fd896651-19f7-4594-a8cd-2c001f85b2cc/datanode-2/data/containers/hdds of  storage type : DISK and capacity : 1482555576320
2019-09-24 19:06:36,858 [main] INFO  volume.VolumeSet (VolumeSet.java:initializeVolumeSet(170)) - Added Volume : /workdir/hadoop-ozone/integration-test/target/test-dir/MiniOzoneClusterImpl-fd896651-19f7-4594-a8cd-2c001f85b2cc/datanode-2/data/containers/hdds to VolumeSet
2019-09-24 19:06:36,858 [main] INFO  volume.ThrottledAsyncChecker (ThrottledAsyncChecker.java:schedule(139)) - Scheduling a check for org.apache.hadoop.ozone.container.common.volume.HddsVolume@13250132
2019-09-24 19:06:36,859 [main] INFO  volume.HddsVolumeChecker (HddsVolumeChecker.java:checkAllVolumes(202)) - Scheduled health check for volume org.apache.hadoop.ozone.container.common.volume.HddsVolume@13250132
2019-09-24 19:06:36,873 [main] INFO  impl.RaftServerProxy (ConfUtils.java:logGet(43)) - raft.rpc.type = GRPC (default)
2019-09-24 19:06:36,873 [main] INFO  grpc.GrpcFactory (GrpcFactory.java:checkPooledByteBufAllocatorUseCacheForAllThreads(45)) - PERFORMANCE WARNING: useCacheForAllThreads is true that may cause Netty to create a lot garbage objects and, as a result, trigger GC.
	It is recommended to disable useCacheForAllThreads by setting -Dorg.apache.ratis.thirdparty.io.netty.allocator.useCacheForAllThreads=false in command line.
2019-09-24 19:06:36,873 [main] INFO  grpc.GrpcConfigKeys$Server (ConfUtils.java:logGet(43)) - raft.grpc.server.port = 0 (default)
2019-09-24 19:06:36,873 [main] INFO  server.GrpcService (ConfUtils.java:logGet(43)) - raft.grpc.message.size.max = 33570816 (custom)
2019-09-24 19:06:36,874 [main] INFO  server.RaftServerConfigKeys (ConfUtils.java:logGet(43)) - raft.server.log.appender.buffer.byte-limit = 33554432 (custom)
2019-09-24 19:06:36,874 [main] INFO  server.GrpcService (ConfUtils.java:logGet(43)) - raft.grpc.flow.control.window = 1MB (=1048576) (default)
2019-09-24 19:06:36,874 [main] INFO  server.RaftServerConfigKeys (ConfUtils.java:logGet(43)) - raft.server.rpc.request.timeout = 3000ms (default)
2019-09-24 19:06:36,874 [main] INFO  server.RaftServerConfigKeys (ConfUtils.java:logGet(43)) - raft.server.storage.dir = [/workdir/hadoop-ozone/integration-test/target/test-dir/MiniOzoneClusterImpl-fd896651-19f7-4594-a8cd-2c001f85b2cc/datanode-2/data/ratis] (custom)
2019-09-24 19:06:36,875 [main] INFO  hdfs.DFSUtil (DFSUtil.java:httpServerTemplateForNNAndJN(1641)) - Starting Web-server for hddsDatanode at: http://0.0.0.0:0
2019-09-24 19:06:36,876 [main] INFO  server.AuthenticationFilter (AuthenticationFilter.java:constructSecretProvider(240)) - Unable to initialize FileSignerSecretProvider, falling back to use random secrets.
2019-09-24 19:06:36,877 [main] WARN  http.HttpRequestLog (HttpRequestLog.java:getRequestLog(97)) - Jetty request log can only be enabled using Log4j
2019-09-24 19:06:36,878 [main] INFO  http.HttpServer2 (HttpServer2.java:addGlobalFilter(975)) - Added global filter 'safety' (class=org.apache.hadoop.http.HttpServer2$QuotingInputFilter)
2019-09-24 19:06:36,878 [main] INFO  http.HttpServer2 (HttpServer2.java:addFilter(948)) - Added filter static_user_filter (class=org.apache.hadoop.http.lib.StaticUserWebFilter$StaticUserFilter) to context hddsDatanode
2019-09-24 19:06:36,879 [main] INFO  http.HttpServer2 (HttpServer2.java:addFilter(958)) - Added filter static_user_filter (class=org.apache.hadoop.http.lib.StaticUserWebFilter$StaticUserFilter) to context logs
2019-09-24 19:06:36,879 [main] INFO  http.HttpServer2 (HttpServer2.java:addFilter(958)) - Added filter static_user_filter (class=org.apache.hadoop.http.lib.StaticUserWebFilter$StaticUserFilter) to context static
2019-09-24 19:06:36,879 [main] INFO  http.HttpServer2 (HttpServer2.java:bindListener(1191)) - Jetty bound to port 33457
2019-09-24 19:06:36,879 [main] INFO  server.Server (Server.java:doStart(351)) - jetty-9.3.25.v20180904, build timestamp: 2018-09-04T21:11:46Z, git hash: 3ce520221d0240229c862b122d2b06c12a625732
2019-09-24 19:06:36,881 [main] INFO  handler.ContextHandler (ContextHandler.java:doStart(781)) - Started o.e.j.s.ServletContextHandler@5db3d57c{/logs,file:///workdir/hadoop-ozone/integration-test/target/log,AVAILABLE}
2019-09-24 19:06:36,882 [main] INFO  handler.ContextHandler (ContextHandler.java:doStart(781)) - Started o.e.j.s.ServletContextHandler@74ba6ff5{/static,jar:file:/home/user/.m2/repository/org/apache/hadoop/hadoop-hdds-container-service/0.5.0-SNAPSHOT/hadoop-hdds-container-service-0.5.0-SNAPSHOT.jar!/webapps/static,AVAILABLE}
2019-09-24 19:06:36,909 [main] INFO  handler.ContextHandler (ContextHandler.java:doStart(781)) - Started o.e.j.w.WebAppContext@25791d40{/,file:///tmp/jetty-0.0.0.0-33457-hddsDatanode-_-any-8521122517185907065.dir/webapp/,AVAILABLE}{/hddsDatanode}
2019-09-24 19:06:36,909 [main] INFO  server.AbstractConnector (AbstractConnector.java:doStart(278)) - Started ServerConnector@448c92fc{HTTP/1.1,[http/1.1]}{0.0.0.0:33457}
2019-09-24 19:06:36,910 [main] INFO  server.Server (Server.java:doStart(419)) - Started @414984ms
2019-09-24 19:06:36,911 [main] WARN  impl.MetricsSystemImpl (MetricsSystemImpl.java:register(276)) - Sink prometheus already exists!
2019-09-24 19:06:36,911 [main] INFO  server.BaseHttpServer (BaseHttpServer.java:updateConnectorAddress(215)) - HTTP server of HDDSDATANODE is listening at http://0.0.0.0:33457
2019-09-24 19:06:36,912 [main] INFO  impl.MetricsSystemImpl (MetricsSystemImpl.java:init(158)) - HddsDatanode metrics system started (again)
2019-09-24 19:06:36,915 [main] INFO  ozone.HddsDatanodeService (HddsDatanodeService.java:start(184)) - HddsDatanodeService host:pr-hdds-2149-fgl4f-1742389470 ip:192.168.5.148
2019-09-24 19:06:36,915 [org.apache.hadoop.util.JvmPauseMonitor$Monitor@c3978e0] INFO  util.JvmPauseMonitor (JvmPauseMonitor.java:run(188)) - Starting JVM pause monitor
2019-09-24 19:06:36,917 [Datanode State Machine Thread - 0] INFO  datanode.InitDatanodeState (InitDatanodeState.java:persistContainerDatanodeDetails(140)) - DatanodeDetails is persisted to /workdir/hadoop-ozone/integration-test/target/test-dir/MiniOzoneClusterImpl-fd896651-19f7-4594-a8cd-2c001f85b2cc/datanode-2/meta/datanode.id
2019-09-24 19:06:36,920 [main] INFO  volume.HddsVolume (HddsVolume.java:<init>(176)) - Creating Volume: /workdir/hadoop-ozone/integration-test/target/test-dir/MiniOzoneClusterImpl-fd896651-19f7-4594-a8cd-2c001f85b2cc/datanode-3/data/containers/hdds of  storage type : DISK and capacity : 1482555576320
2019-09-24 19:06:36,921 [main] INFO  volume.VolumeSet (VolumeSet.java:initializeVolumeSet(170)) - Added Volume : /workdir/hadoop-ozone/integration-test/target/test-dir/MiniOzoneClusterImpl-fd896651-19f7-4594-a8cd-2c001f85b2cc/datanode-3/data/containers/hdds to VolumeSet
2019-09-24 19:06:36,921 [main] INFO  volume.ThrottledAsyncChecker (ThrottledAsyncChecker.java:schedule(139)) - Scheduling a check for org.apache.hadoop.ozone.container.common.volume.HddsVolume@11a3a45f
2019-09-24 19:06:36,921 [main] INFO  volume.HddsVolumeChecker (HddsVolumeChecker.java:checkAllVolumes(202)) - Scheduled health check for volume org.apache.hadoop.ozone.container.common.volume.HddsVolume@11a3a45f
2019-09-24 19:06:36,934 [main] INFO  impl.RaftServerProxy (ConfUtils.java:logGet(43)) - raft.rpc.type = GRPC (default)
2019-09-24 19:06:36,935 [main] INFO  grpc.GrpcFactory (GrpcFactory.java:checkPooledByteBufAllocatorUseCacheForAllThreads(45)) - PERFORMANCE WARNING: useCacheForAllThreads is true that may cause Netty to create a lot garbage objects and, as a result, trigger GC.
	It is recommended to disable useCacheForAllThreads by setting -Dorg.apache.ratis.thirdparty.io.netty.allocator.useCacheForAllThreads=false in command line.
2019-09-24 19:06:36,935 [main] INFO  grpc.GrpcConfigKeys$Server (ConfUtils.java:logGet(43)) - raft.grpc.server.port = 0 (default)
2019-09-24 19:06:36,935 [main] INFO  server.GrpcService (ConfUtils.java:logGet(43)) - raft.grpc.message.size.max = 33570816 (custom)
2019-09-24 19:06:36,935 [main] INFO  server.RaftServerConfigKeys (ConfUtils.java:logGet(43)) - raft.server.log.appender.buffer.byte-limit = 33554432 (custom)
2019-09-24 19:06:36,935 [main] INFO  server.GrpcService (ConfUtils.java:logGet(43)) - raft.grpc.flow.control.window = 1MB (=1048576) (default)
2019-09-24 19:06:36,936 [main] INFO  server.RaftServerConfigKeys (ConfUtils.java:logGet(43)) - raft.server.rpc.request.timeout = 3000ms (default)
2019-09-24 19:06:36,936 [main] INFO  server.RaftServerConfigKeys (ConfUtils.java:logGet(43)) - raft.server.storage.dir = [/workdir/hadoop-ozone/integration-test/target/test-dir/MiniOzoneClusterImpl-fd896651-19f7-4594-a8cd-2c001f85b2cc/datanode-3/data/ratis] (custom)
2019-09-24 19:06:36,937 [main] INFO  hdfs.DFSUtil (DFSUtil.java:httpServerTemplateForNNAndJN(1641)) - Starting Web-server for hddsDatanode at: http://0.0.0.0:0
2019-09-24 19:06:36,938 [main] INFO  server.AuthenticationFilter (AuthenticationFilter.java:constructSecretProvider(240)) - Unable to initialize FileSignerSecretProvider, falling back to use random secrets.
2019-09-24 19:06:36,939 [main] WARN  http.HttpRequestLog (HttpRequestLog.java:getRequestLog(97)) - Jetty request log can only be enabled using Log4j
2019-09-24 19:06:36,940 [main] INFO  http.HttpServer2 (HttpServer2.java:addGlobalFilter(975)) - Added global filter 'safety' (class=org.apache.hadoop.http.HttpServer2$QuotingInputFilter)
2019-09-24 19:06:36,940 [main] INFO  http.HttpServer2 (HttpServer2.java:addFilter(948)) - Added filter static_user_filter (class=org.apache.hadoop.http.lib.StaticUserWebFilter$StaticUserFilter) to context hddsDatanode
2019-09-24 19:06:36,941 [main] INFO  http.HttpServer2 (HttpServer2.java:addFilter(958)) - Added filter static_user_filter (class=org.apache.hadoop.http.lib.StaticUserWebFilter$StaticUserFilter) to context logs
2019-09-24 19:06:36,941 [main] INFO  http.HttpServer2 (HttpServer2.java:addFilter(958)) - Added filter static_user_filter (class=org.apache.hadoop.http.lib.StaticUserWebFilter$StaticUserFilter) to context static
2019-09-24 19:06:36,941 [main] INFO  http.HttpServer2 (HttpServer2.java:bindListener(1191)) - Jetty bound to port 35801
2019-09-24 19:06:36,942 [main] INFO  server.Server (Server.java:doStart(351)) - jetty-9.3.25.v20180904, build timestamp: 2018-09-04T21:11:46Z, git hash: 3ce520221d0240229c862b122d2b06c12a625732
2019-09-24 19:06:36,943 [main] INFO  handler.ContextHandler (ContextHandler.java:doStart(781)) - Started o.e.j.s.ServletContextHandler@4a216eb4{/logs,file:///workdir/hadoop-ozone/integration-test/target/log,AVAILABLE}
2019-09-24 19:06:36,944 [main] INFO  handler.ContextHandler (ContextHandler.java:doStart(781)) - Started o.e.j.s.ServletContextHandler@5ec88f9e{/static,jar:file:/home/user/.m2/repository/org/apache/hadoop/hadoop-hdds-container-service/0.5.0-SNAPSHOT/hadoop-hdds-container-service-0.5.0-SNAPSHOT.jar!/webapps/static,AVAILABLE}
2019-09-24 19:06:36,971 [main] INFO  handler.ContextHandler (ContextHandler.java:doStart(781)) - Started o.e.j.w.WebAppContext@6b27b2d0{/,file:///tmp/jetty-0.0.0.0-35801-hddsDatanode-_-any-8853386740574413109.dir/webapp/,AVAILABLE}{/hddsDatanode}
2019-09-24 19:06:36,971 [main] INFO  server.AbstractConnector (AbstractConnector.java:doStart(278)) - Started ServerConnector@4fb64e14{HTTP/1.1,[http/1.1]}{0.0.0.0:35801}
2019-09-24 19:06:36,973 [main] INFO  server.Server (Server.java:doStart(419)) - Started @415047ms
2019-09-24 19:06:36,974 [main] WARN  impl.MetricsSystemImpl (MetricsSystemImpl.java:register(276)) - Sink prometheus already exists!
2019-09-24 19:06:36,974 [main] INFO  server.BaseHttpServer (BaseHttpServer.java:updateConnectorAddress(215)) - HTTP server of HDDSDATANODE is listening at http://0.0.0.0:35801
2019-09-24 19:06:36,975 [main] INFO  impl.MetricsSystemImpl (MetricsSystemImpl.java:init(158)) - HddsDatanode metrics system started (again)
2019-09-24 19:06:36,978 [main] INFO  ozone.HddsDatanodeService (HddsDatanodeService.java:start(184)) - HddsDatanodeService host:pr-hdds-2149-fgl4f-1742389470 ip:192.168.5.148
2019-09-24 19:06:36,978 [org.apache.hadoop.util.JvmPauseMonitor$Monitor@5f619cb9] INFO  util.JvmPauseMonitor (JvmPauseMonitor.java:run(188)) - Starting JVM pause monitor
2019-09-24 19:06:36,979 [Datanode State Machine Thread - 0] INFO  datanode.InitDatanodeState (InitDatanodeState.java:persistContainerDatanodeDetails(140)) - DatanodeDetails is persisted to /workdir/hadoop-ozone/integration-test/target/test-dir/MiniOzoneClusterImpl-fd896651-19f7-4594-a8cd-2c001f85b2cc/datanode-3/meta/datanode.id
2019-09-24 19:06:36,984 [main] INFO  volume.HddsVolume (HddsVolume.java:<init>(176)) - Creating Volume: /workdir/hadoop-ozone/integration-test/target/test-dir/MiniOzoneClusterImpl-fd896651-19f7-4594-a8cd-2c001f85b2cc/datanode-4/data/containers/hdds of  storage type : DISK and capacity : 1482555576320
2019-09-24 19:06:36,985 [main] INFO  volume.VolumeSet (VolumeSet.java:initializeVolumeSet(170)) - Added Volume : /workdir/hadoop-ozone/integration-test/target/test-dir/MiniOzoneClusterImpl-fd896651-19f7-4594-a8cd-2c001f85b2cc/datanode-4/data/containers/hdds to VolumeSet
2019-09-24 19:06:36,985 [main] INFO  volume.ThrottledAsyncChecker (ThrottledAsyncChecker.java:schedule(139)) - Scheduling a check for org.apache.hadoop.ozone.container.common.volume.HddsVolume@49cb3881
2019-09-24 19:06:36,985 [main] INFO  volume.HddsVolumeChecker (HddsVolumeChecker.java:checkAllVolumes(202)) - Scheduled health check for volume org.apache.hadoop.ozone.container.common.volume.HddsVolume@49cb3881
2019-09-24 19:06:36,998 [main] INFO  impl.RaftServerProxy (ConfUtils.java:logGet(43)) - raft.rpc.type = GRPC (default)
2019-09-24 19:06:36,998 [main] INFO  grpc.GrpcFactory (GrpcFactory.java:checkPooledByteBufAllocatorUseCacheForAllThreads(45)) - PERFORMANCE WARNING: useCacheForAllThreads is true that may cause Netty to create a lot garbage objects and, as a result, trigger GC.
	It is recommended to disable useCacheForAllThreads by setting -Dorg.apache.ratis.thirdparty.io.netty.allocator.useCacheForAllThreads=false in command line.
2019-09-24 19:06:36,998 [main] INFO  grpc.GrpcConfigKeys$Server (ConfUtils.java:logGet(43)) - raft.grpc.server.port = 0 (default)
2019-09-24 19:06:36,999 [main] INFO  server.GrpcService (ConfUtils.java:logGet(43)) - raft.grpc.message.size.max = 33570816 (custom)
2019-09-24 19:06:36,999 [main] INFO  server.RaftServerConfigKeys (ConfUtils.java:logGet(43)) - raft.server.log.appender.buffer.byte-limit = 33554432 (custom)
2019-09-24 19:06:36,999 [main] INFO  server.GrpcService (ConfUtils.java:logGet(43)) - raft.grpc.flow.control.window = 1MB (=1048576) (default)
2019-09-24 19:06:36,999 [main] INFO  server.RaftServerConfigKeys (ConfUtils.java:logGet(43)) - raft.server.rpc.request.timeout = 3000ms (default)
2019-09-24 19:06:37,000 [main] INFO  server.RaftServerConfigKeys (ConfUtils.java:logGet(43)) - raft.server.storage.dir = [/workdir/hadoop-ozone/integration-test/target/test-dir/MiniOzoneClusterImpl-fd896651-19f7-4594-a8cd-2c001f85b2cc/datanode-4/data/ratis] (custom)
2019-09-24 19:06:37,001 [main] INFO  hdfs.DFSUtil (DFSUtil.java:httpServerTemplateForNNAndJN(1641)) - Starting Web-server for hddsDatanode at: http://0.0.0.0:0
2019-09-24 19:06:37,002 [main] INFO  server.AuthenticationFilter (AuthenticationFilter.java:constructSecretProvider(240)) - Unable to initialize FileSignerSecretProvider, falling back to use random secrets.
2019-09-24 19:06:37,002 [main] WARN  http.HttpRequestLog (HttpRequestLog.java:getRequestLog(97)) - Jetty request log can only be enabled using Log4j
2019-09-24 19:06:37,004 [main] INFO  http.HttpServer2 (HttpServer2.java:addGlobalFilter(975)) - Added global filter 'safety' (class=org.apache.hadoop.http.HttpServer2$QuotingInputFilter)
2019-09-24 19:06:37,004 [main] INFO  http.HttpServer2 (HttpServer2.java:addFilter(948)) - Added filter static_user_filter (class=org.apache.hadoop.http.lib.StaticUserWebFilter$StaticUserFilter) to context hddsDatanode
2019-09-24 19:06:37,004 [main] INFO  http.HttpServer2 (HttpServer2.java:addFilter(958)) - Added filter static_user_filter (class=org.apache.hadoop.http.lib.StaticUserWebFilter$StaticUserFilter) to context static
2019-09-24 19:06:37,004 [main] INFO  http.HttpServer2 (HttpServer2.java:addFilter(958)) - Added filter static_user_filter (class=org.apache.hadoop.http.lib.StaticUserWebFilter$StaticUserFilter) to context logs
2019-09-24 19:06:37,005 [main] INFO  http.HttpServer2 (HttpServer2.java:bindListener(1191)) - Jetty bound to port 33499
2019-09-24 19:06:37,005 [main] INFO  server.Server (Server.java:doStart(351)) - jetty-9.3.25.v20180904, build timestamp: 2018-09-04T21:11:46Z, git hash: 3ce520221d0240229c862b122d2b06c12a625732
2019-09-24 19:06:37,007 [main] INFO  handler.ContextHandler (ContextHandler.java:doStart(781)) - Started o.e.j.s.ServletContextHandler@1e3f86d5{/logs,file:///workdir/hadoop-ozone/integration-test/target/log,AVAILABLE}
2019-09-24 19:06:37,008 [main] INFO  handler.ContextHandler (ContextHandler.java:doStart(781)) - Started o.e.j.s.ServletContextHandler@4b9c411{/static,jar:file:/home/user/.m2/repository/org/apache/hadoop/hadoop-hdds-container-service/0.5.0-SNAPSHOT/hadoop-hdds-container-service-0.5.0-SNAPSHOT.jar!/webapps/static,AVAILABLE}
2019-09-24 19:06:37,035 [main] INFO  handler.ContextHandler (ContextHandler.java:doStart(781)) - Started o.e.j.w.WebAppContext@4d354a3e{/,file:///tmp/jetty-0.0.0.0-33499-hddsDatanode-_-any-7029230376197475145.dir/webapp/,AVAILABLE}{/hddsDatanode}
2019-09-24 19:06:37,035 [main] INFO  server.AbstractConnector (AbstractConnector.java:doStart(278)) - Started ServerConnector@24a0c58b{HTTP/1.1,[http/1.1]}{0.0.0.0:33499}
2019-09-24 19:06:37,040 [main] INFO  server.Server (Server.java:doStart(419)) - Started @415115ms
2019-09-24 19:06:37,041 [main] WARN  impl.MetricsSystemImpl (MetricsSystemImpl.java:register(276)) - Sink prometheus already exists!
2019-09-24 19:06:37,041 [main] INFO  server.BaseHttpServer (BaseHttpServer.java:updateConnectorAddress(215)) - HTTP server of HDDSDATANODE is listening at http://0.0.0.0:33499
2019-09-24 19:06:37,042 [main] INFO  impl.MetricsSystemImpl (MetricsSystemImpl.java:init(158)) - HddsDatanode metrics system started (again)
2019-09-24 19:06:37,046 [org.apache.hadoop.util.JvmPauseMonitor$Monitor@1a7a6b58] INFO  util.JvmPauseMonitor (JvmPauseMonitor.java:run(188)) - Starting JVM pause monitor
2019-09-24 19:06:37,046 [main] INFO  ozone.HddsDatanodeService (HddsDatanodeService.java:start(184)) - HddsDatanodeService host:pr-hdds-2149-fgl4f-1742389470 ip:192.168.5.148
2019-09-24 19:06:37,047 [Datanode State Machine Thread - 0] INFO  datanode.InitDatanodeState (InitDatanodeState.java:persistContainerDatanodeDetails(140)) - DatanodeDetails is persisted to /workdir/hadoop-ozone/integration-test/target/test-dir/MiniOzoneClusterImpl-fd896651-19f7-4594-a8cd-2c001f85b2cc/datanode-4/meta/datanode.id
2019-09-24 19:06:37,051 [main] INFO  volume.HddsVolume (HddsVolume.java:<init>(176)) - Creating Volume: /workdir/hadoop-ozone/integration-test/target/test-dir/MiniOzoneClusterImpl-fd896651-19f7-4594-a8cd-2c001f85b2cc/datanode-5/data/containers/hdds of  storage type : DISK and capacity : 1482555576320
2019-09-24 19:06:37,051 [main] INFO  volume.VolumeSet (VolumeSet.java:initializeVolumeSet(170)) - Added Volume : /workdir/hadoop-ozone/integration-test/target/test-dir/MiniOzoneClusterImpl-fd896651-19f7-4594-a8cd-2c001f85b2cc/datanode-5/data/containers/hdds to VolumeSet
2019-09-24 19:06:37,051 [main] INFO  volume.ThrottledAsyncChecker (ThrottledAsyncChecker.java:schedule(139)) - Scheduling a check for org.apache.hadoop.ozone.container.common.volume.HddsVolume@418f890f
2019-09-24 19:06:37,052 [main] INFO  volume.HddsVolumeChecker (HddsVolumeChecker.java:checkAllVolumes(202)) - Scheduled health check for volume org.apache.hadoop.ozone.container.common.volume.HddsVolume@418f890f
2019-09-24 19:06:37,063 [main] INFO  impl.RaftServerProxy (ConfUtils.java:logGet(43)) - raft.rpc.type = GRPC (default)
2019-09-24 19:06:37,063 [main] INFO  grpc.GrpcFactory (GrpcFactory.java:checkPooledByteBufAllocatorUseCacheForAllThreads(45)) - PERFORMANCE WARNING: useCacheForAllThreads is true that may cause Netty to create a lot garbage objects and, as a result, trigger GC.
	It is recommended to disable useCacheForAllThreads by setting -Dorg.apache.ratis.thirdparty.io.netty.allocator.useCacheForAllThreads=false in command line.
2019-09-24 19:06:37,064 [main] INFO  grpc.GrpcConfigKeys$Server (ConfUtils.java:logGet(43)) - raft.grpc.server.port = 0 (default)
2019-09-24 19:06:37,064 [main] INFO  server.GrpcService (ConfUtils.java:logGet(43)) - raft.grpc.message.size.max = 33570816 (custom)
2019-09-24 19:06:37,064 [main] INFO  server.RaftServerConfigKeys (ConfUtils.java:logGet(43)) - raft.server.log.appender.buffer.byte-limit = 33554432 (custom)
2019-09-24 19:06:37,064 [main] INFO  server.GrpcService (ConfUtils.java:logGet(43)) - raft.grpc.flow.control.window = 1MB (=1048576) (default)
2019-09-24 19:06:37,064 [main] INFO  server.RaftServerConfigKeys (ConfUtils.java:logGet(43)) - raft.server.rpc.request.timeout = 3000ms (default)
2019-09-24 19:06:37,065 [main] INFO  server.RaftServerConfigKeys (ConfUtils.java:logGet(43)) - raft.server.storage.dir = [/workdir/hadoop-ozone/integration-test/target/test-dir/MiniOzoneClusterImpl-fd896651-19f7-4594-a8cd-2c001f85b2cc/datanode-5/data/ratis] (custom)
2019-09-24 19:06:37,066 [main] INFO  hdfs.DFSUtil (DFSUtil.java:httpServerTemplateForNNAndJN(1641)) - Starting Web-server for hddsDatanode at: http://0.0.0.0:0
2019-09-24 19:06:37,070 [main] INFO  server.AuthenticationFilter (AuthenticationFilter.java:constructSecretProvider(240)) - Unable to initialize FileSignerSecretProvider, falling back to use random secrets.
2019-09-24 19:06:37,070 [main] WARN  http.HttpRequestLog (HttpRequestLog.java:getRequestLog(97)) - Jetty request log can only be enabled using Log4j
2019-09-24 19:06:37,071 [main] INFO  http.HttpServer2 (HttpServer2.java:addGlobalFilter(975)) - Added global filter 'safety' (class=org.apache.hadoop.http.HttpServer2$QuotingInputFilter)
2019-09-24 19:06:37,072 [main] INFO  http.HttpServer2 (HttpServer2.java:addFilter(948)) - Added filter static_user_filter (class=org.apache.hadoop.http.lib.StaticUserWebFilter$StaticUserFilter) to context hddsDatanode
2019-09-24 19:06:37,072 [main] INFO  http.HttpServer2 (HttpServer2.java:addFilter(958)) - Added filter static_user_filter (class=org.apache.hadoop.http.lib.StaticUserWebFilter$StaticUserFilter) to context static
2019-09-24 19:06:37,072 [main] INFO  http.HttpServer2 (HttpServer2.java:addFilter(958)) - Added filter static_user_filter (class=org.apache.hadoop.http.lib.StaticUserWebFilter$StaticUserFilter) to context logs
2019-09-24 19:06:37,073 [main] INFO  http.HttpServer2 (HttpServer2.java:bindListener(1191)) - Jetty bound to port 44950
2019-09-24 19:06:37,073 [main] INFO  server.Server (Server.java:doStart(351)) - jetty-9.3.25.v20180904, build timestamp: 2018-09-04T21:11:46Z, git hash: 3ce520221d0240229c862b122d2b06c12a625732
2019-09-24 19:06:37,074 [main] INFO  handler.ContextHandler (ContextHandler.java:doStart(781)) - Started o.e.j.s.ServletContextHandler@1b560eb0{/logs,file:///workdir/hadoop-ozone/integration-test/target/log,AVAILABLE}
2019-09-24 19:06:37,075 [main] INFO  handler.ContextHandler (ContextHandler.java:doStart(781)) - Started o.e.j.s.ServletContextHandler@1e6060f1{/static,jar:file:/home/user/.m2/repository/org/apache/hadoop/hadoop-hdds-container-service/0.5.0-SNAPSHOT/hadoop-hdds-container-service-0.5.0-SNAPSHOT.jar!/webapps/static,AVAILABLE}
2019-09-24 19:06:37,102 [main] INFO  handler.ContextHandler (ContextHandler.java:doStart(781)) - Started o.e.j.w.WebAppContext@2db86a7c{/,file:///tmp/jetty-0.0.0.0-44950-hddsDatanode-_-any-8668230284477603129.dir/webapp/,AVAILABLE}{/hddsDatanode}
2019-09-24 19:06:37,103 [main] INFO  server.AbstractConnector (AbstractConnector.java:doStart(278)) - Started ServerConnector@261f359f{HTTP/1.1,[http/1.1]}{0.0.0.0:44950}
2019-09-24 19:06:37,104 [main] INFO  server.Server (Server.java:doStart(419)) - Started @415178ms
2019-09-24 19:06:37,104 [main] WARN  impl.MetricsSystemImpl (MetricsSystemImpl.java:register(276)) - Sink prometheus already exists!
2019-09-24 19:06:37,104 [main] INFO  server.BaseHttpServer (BaseHttpServer.java:updateConnectorAddress(215)) - HTTP server of HDDSDATANODE is listening at http://0.0.0.0:44950
2019-09-24 19:06:37,105 [main] INFO  impl.MetricsSystemImpl (MetricsSystemImpl.java:init(158)) - HddsDatanode metrics system started (again)
2019-09-24 19:06:37,109 [org.apache.hadoop.util.JvmPauseMonitor$Monitor@7ac9227d] INFO  util.JvmPauseMonitor (JvmPauseMonitor.java:run(188)) - Starting JVM pause monitor
2019-09-24 19:06:37,109 [main] INFO  ozone.HddsDatanodeService (HddsDatanodeService.java:start(184)) - HddsDatanodeService host:pr-hdds-2149-fgl4f-1742389470 ip:192.168.5.148
2019-09-24 19:06:37,110 [Datanode State Machine Thread - 0] INFO  datanode.InitDatanodeState (InitDatanodeState.java:persistContainerDatanodeDetails(140)) - DatanodeDetails is persisted to /workdir/hadoop-ozone/integration-test/target/test-dir/MiniOzoneClusterImpl-fd896651-19f7-4594-a8cd-2c001f85b2cc/datanode-5/meta/datanode.id
2019-09-24 19:06:37,114 [main] INFO  volume.HddsVolume (HddsVolume.java:<init>(176)) - Creating Volume: /workdir/hadoop-ozone/integration-test/target/test-dir/MiniOzoneClusterImpl-fd896651-19f7-4594-a8cd-2c001f85b2cc/datanode-6/data/containers/hdds of  storage type : DISK and capacity : 1482555576320
2019-09-24 19:06:37,114 [main] INFO  volume.VolumeSet (VolumeSet.java:initializeVolumeSet(170)) - Added Volume : /workdir/hadoop-ozone/integration-test/target/test-dir/MiniOzoneClusterImpl-fd896651-19f7-4594-a8cd-2c001f85b2cc/datanode-6/data/containers/hdds to VolumeSet
2019-09-24 19:06:37,115 [main] INFO  volume.ThrottledAsyncChecker (ThrottledAsyncChecker.java:schedule(139)) - Scheduling a check for org.apache.hadoop.ozone.container.common.volume.HddsVolume@615efd1c
2019-09-24 19:06:37,115 [main] INFO  volume.HddsVolumeChecker (HddsVolumeChecker.java:checkAllVolumes(202)) - Scheduled health check for volume org.apache.hadoop.ozone.container.common.volume.HddsVolume@615efd1c
2019-09-24 19:06:37,126 [main] INFO  impl.RaftServerProxy (ConfUtils.java:logGet(43)) - raft.rpc.type = GRPC (default)
2019-09-24 19:06:37,127 [main] INFO  grpc.GrpcFactory (GrpcFactory.java:checkPooledByteBufAllocatorUseCacheForAllThreads(45)) - PERFORMANCE WARNING: useCacheForAllThreads is true that may cause Netty to create a lot garbage objects and, as a result, trigger GC.
	It is recommended to disable useCacheForAllThreads by setting -Dorg.apache.ratis.thirdparty.io.netty.allocator.useCacheForAllThreads=false in command line.
2019-09-24 19:06:37,127 [main] INFO  grpc.GrpcConfigKeys$Server (ConfUtils.java:logGet(43)) - raft.grpc.server.port = 0 (default)
2019-09-24 19:06:37,127 [main] INFO  server.GrpcService (ConfUtils.java:logGet(43)) - raft.grpc.message.size.max = 33570816 (custom)
2019-09-24 19:06:37,127 [main] INFO  server.RaftServerConfigKeys (ConfUtils.java:logGet(43)) - raft.server.log.appender.buffer.byte-limit = 33554432 (custom)
2019-09-24 19:06:37,127 [main] INFO  server.GrpcService (ConfUtils.java:logGet(43)) - raft.grpc.flow.control.window = 1MB (=1048576) (default)
2019-09-24 19:06:37,127 [main] INFO  server.RaftServerConfigKeys (ConfUtils.java:logGet(43)) - raft.server.rpc.request.timeout = 3000ms (default)
2019-09-24 19:06:37,128 [main] INFO  server.RaftServerConfigKeys (ConfUtils.java:logGet(43)) - raft.server.storage.dir = [/workdir/hadoop-ozone/integration-test/target/test-dir/MiniOzoneClusterImpl-fd896651-19f7-4594-a8cd-2c001f85b2cc/datanode-6/data/ratis] (custom)
2019-09-24 19:06:37,129 [main] INFO  hdfs.DFSUtil (DFSUtil.java:httpServerTemplateForNNAndJN(1641)) - Starting Web-server for hddsDatanode at: http://0.0.0.0:0
2019-09-24 19:06:37,130 [main] INFO  server.AuthenticationFilter (AuthenticationFilter.java:constructSecretProvider(240)) - Unable to initialize FileSignerSecretProvider, falling back to use random secrets.
2019-09-24 19:06:37,130 [main] WARN  http.HttpRequestLog (HttpRequestLog.java:getRequestLog(97)) - Jetty request log can only be enabled using Log4j
2019-09-24 19:06:37,131 [main] INFO  http.HttpServer2 (HttpServer2.java:addGlobalFilter(975)) - Added global filter 'safety' (class=org.apache.hadoop.http.HttpServer2$QuotingInputFilter)
2019-09-24 19:06:37,132 [main] INFO  http.HttpServer2 (HttpServer2.java:addFilter(948)) - Added filter static_user_filter (class=org.apache.hadoop.http.lib.StaticUserWebFilter$StaticUserFilter) to context hddsDatanode
2019-09-24 19:06:37,132 [main] INFO  http.HttpServer2 (HttpServer2.java:addFilter(958)) - Added filter static_user_filter (class=org.apache.hadoop.http.lib.StaticUserWebFilter$StaticUserFilter) to context logs
2019-09-24 19:06:37,132 [main] INFO  http.HttpServer2 (HttpServer2.java:addFilter(958)) - Added filter static_user_filter (class=org.apache.hadoop.http.lib.StaticUserWebFilter$StaticUserFilter) to context static
2019-09-24 19:06:37,133 [main] INFO  http.HttpServer2 (HttpServer2.java:bindListener(1191)) - Jetty bound to port 43728
2019-09-24 19:06:37,133 [main] INFO  server.Server (Server.java:doStart(351)) - jetty-9.3.25.v20180904, build timestamp: 2018-09-04T21:11:46Z, git hash: 3ce520221d0240229c862b122d2b06c12a625732
2019-09-24 19:06:37,134 [main] INFO  handler.ContextHandler (ContextHandler.java:doStart(781)) - Started o.e.j.s.ServletContextHandler@492521c4{/logs,file:///workdir/hadoop-ozone/integration-test/target/log,AVAILABLE}
2019-09-24 19:06:37,135 [main] INFO  handler.ContextHandler (ContextHandler.java:doStart(781)) - Started o.e.j.s.ServletContextHandler@6ddd1c51{/static,jar:file:/home/user/.m2/repository/org/apache/hadoop/hadoop-hdds-container-service/0.5.0-SNAPSHOT/hadoop-hdds-container-service-0.5.0-SNAPSHOT.jar!/webapps/static,AVAILABLE}
2019-09-24 19:06:37,162 [main] INFO  handler.ContextHandler (ContextHandler.java:doStart(781)) - Started o.e.j.w.WebAppContext@62cbc478{/,file:///tmp/jetty-0.0.0.0-43728-hddsDatanode-_-any-1053238513171086878.dir/webapp/,AVAILABLE}{/hddsDatanode}
2019-09-24 19:06:37,162 [main] INFO  server.AbstractConnector (AbstractConnector.java:doStart(278)) - Started ServerConnector@5438fa43{HTTP/1.1,[http/1.1]}{0.0.0.0:43728}
2019-09-24 19:06:37,163 [main] INFO  server.Server (Server.java:doStart(419)) - Started @415237ms
2019-09-24 19:06:37,163 [main] WARN  impl.MetricsSystemImpl (MetricsSystemImpl.java:register(276)) - Sink prometheus already exists!
2019-09-24 19:06:37,164 [main] INFO  server.BaseHttpServer (BaseHttpServer.java:updateConnectorAddress(215)) - HTTP server of HDDSDATANODE is listening at http://0.0.0.0:43728
2019-09-24 19:06:37,164 [main] INFO  impl.MetricsSystemImpl (MetricsSystemImpl.java:init(158)) - HddsDatanode metrics system started (again)
2019-09-24 19:06:37,169 [org.apache.hadoop.util.JvmPauseMonitor$Monitor@14425536] INFO  util.JvmPauseMonitor (JvmPauseMonitor.java:run(188)) - Starting JVM pause monitor
2019-09-24 19:06:37,169 [main] INFO  ozone.HddsDatanodeService (HddsDatanodeService.java:start(184)) - HddsDatanodeService host:pr-hdds-2149-fgl4f-1742389470 ip:192.168.5.148
2019-09-24 19:06:37,170 [Datanode State Machine Thread - 0] INFO  datanode.InitDatanodeState (InitDatanodeState.java:persistContainerDatanodeDetails(140)) - DatanodeDetails is persisted to /workdir/hadoop-ozone/integration-test/target/test-dir/MiniOzoneClusterImpl-fd896651-19f7-4594-a8cd-2c001f85b2cc/datanode-6/meta/datanode.id
2019-09-24 19:06:37,175 [main] INFO  volume.HddsVolume (HddsVolume.java:<init>(176)) - Creating Volume: /workdir/hadoop-ozone/integration-test/target/test-dir/MiniOzoneClusterImpl-fd896651-19f7-4594-a8cd-2c001f85b2cc/datanode-7/data/containers/hdds of  storage type : DISK and capacity : 1482555576320
2019-09-24 19:06:37,175 [main] INFO  volume.VolumeSet (VolumeSet.java:initializeVolumeSet(170)) - Added Volume : /workdir/hadoop-ozone/integration-test/target/test-dir/MiniOzoneClusterImpl-fd896651-19f7-4594-a8cd-2c001f85b2cc/datanode-7/data/containers/hdds to VolumeSet
2019-09-24 19:06:37,175 [main] INFO  volume.ThrottledAsyncChecker (ThrottledAsyncChecker.java:schedule(139)) - Scheduling a check for org.apache.hadoop.ozone.container.common.volume.HddsVolume@496cc217
2019-09-24 19:06:37,176 [main] INFO  volume.HddsVolumeChecker (HddsVolumeChecker.java:checkAllVolumes(202)) - Scheduled health check for volume org.apache.hadoop.ozone.container.common.volume.HddsVolume@496cc217
2019-09-24 19:06:37,187 [main] INFO  impl.RaftServerProxy (ConfUtils.java:logGet(43)) - raft.rpc.type = GRPC (default)
2019-09-24 19:06:37,187 [main] INFO  grpc.GrpcFactory (GrpcFactory.java:checkPooledByteBufAllocatorUseCacheForAllThreads(45)) - PERFORMANCE WARNING: useCacheForAllThreads is true that may cause Netty to create a lot garbage objects and, as a result, trigger GC.
	It is recommended to disable useCacheForAllThreads by setting -Dorg.apache.ratis.thirdparty.io.netty.allocator.useCacheForAllThreads=false in command line.
2019-09-24 19:06:37,187 [main] INFO  grpc.GrpcConfigKeys$Server (ConfUtils.java:logGet(43)) - raft.grpc.server.port = 0 (default)
2019-09-24 19:06:37,187 [main] INFO  server.GrpcService (ConfUtils.java:logGet(43)) - raft.grpc.message.size.max = 33570816 (custom)
2019-09-24 19:06:37,188 [main] INFO  server.RaftServerConfigKeys (ConfUtils.java:logGet(43)) - raft.server.log.appender.buffer.byte-limit = 33554432 (custom)
2019-09-24 19:06:37,188 [main] INFO  server.GrpcService (ConfUtils.java:logGet(43)) - raft.grpc.flow.control.window = 1MB (=1048576) (default)
2019-09-24 19:06:37,188 [main] INFO  server.RaftServerConfigKeys (ConfUtils.java:logGet(43)) - raft.server.rpc.request.timeout = 3000ms (default)
2019-09-24 19:06:37,188 [main] INFO  server.RaftServerConfigKeys (ConfUtils.java:logGet(43)) - raft.server.storage.dir = [/workdir/hadoop-ozone/integration-test/target/test-dir/MiniOzoneClusterImpl-fd896651-19f7-4594-a8cd-2c001f85b2cc/datanode-7/data/ratis] (custom)
2019-09-24 19:06:37,189 [main] INFO  hdfs.DFSUtil (DFSUtil.java:httpServerTemplateForNNAndJN(1641)) - Starting Web-server for hddsDatanode at: http://0.0.0.0:0
2019-09-24 19:06:37,191 [main] INFO  server.AuthenticationFilter (AuthenticationFilter.java:constructSecretProvider(240)) - Unable to initialize FileSignerSecretProvider, falling back to use random secrets.
2019-09-24 19:06:37,191 [main] WARN  http.HttpRequestLog (HttpRequestLog.java:getRequestLog(97)) - Jetty request log can only be enabled using Log4j
2019-09-24 19:06:37,192 [main] INFO  http.HttpServer2 (HttpServer2.java:addGlobalFilter(975)) - Added global filter 'safety' (class=org.apache.hadoop.http.HttpServer2$QuotingInputFilter)
2019-09-24 19:06:37,192 [main] INFO  http.HttpServer2 (HttpServer2.java:addFilter(948)) - Added filter static_user_filter (class=org.apache.hadoop.http.lib.StaticUserWebFilter$StaticUserFilter) to context hddsDatanode
2019-09-24 19:06:37,193 [main] INFO  http.HttpServer2 (HttpServer2.java:addFilter(958)) - Added filter static_user_filter (class=org.apache.hadoop.http.lib.StaticUserWebFilter$StaticUserFilter) to context static
2019-09-24 19:06:37,193 [main] INFO  http.HttpServer2 (HttpServer2.java:addFilter(958)) - Added filter static_user_filter (class=org.apache.hadoop.http.lib.StaticUserWebFilter$StaticUserFilter) to context logs
2019-09-24 19:06:37,193 [main] INFO  http.HttpServer2 (HttpServer2.java:bindListener(1191)) - Jetty bound to port 41752
2019-09-24 19:06:37,193 [main] INFO  server.Server (Server.java:doStart(351)) - jetty-9.3.25.v20180904, build timestamp: 2018-09-04T21:11:46Z, git hash: 3ce520221d0240229c862b122d2b06c12a625732
2019-09-24 19:06:37,195 [main] INFO  handler.ContextHandler (ContextHandler.java:doStart(781)) - Started o.e.j.s.ServletContextHandler@6de7778f{/logs,file:///workdir/hadoop-ozone/integration-test/target/log,AVAILABLE}
2019-09-24 19:06:37,196 [main] INFO  handler.ContextHandler (ContextHandler.java:doStart(781)) - Started o.e.j.s.ServletContextHandler@4ce25e47{/static,jar:file:/home/user/.m2/repository/org/apache/hadoop/hadoop-hdds-container-service/0.5.0-SNAPSHOT/hadoop-hdds-container-service-0.5.0-SNAPSHOT.jar!/webapps/static,AVAILABLE}
2019-09-24 19:06:37,223 [main] INFO  handler.ContextHandler (ContextHandler.java:doStart(781)) - Started o.e.j.w.WebAppContext@508ad266{/,file:///tmp/jetty-0.0.0.0-41752-hddsDatanode-_-any-165855309445042039.dir/webapp/,AVAILABLE}{/hddsDatanode}
2019-09-24 19:06:37,224 [main] INFO  server.AbstractConnector (AbstractConnector.java:doStart(278)) - Started ServerConnector@2313db84{HTTP/1.1,[http/1.1]}{0.0.0.0:41752}
2019-09-24 19:06:37,225 [main] INFO  server.Server (Server.java:doStart(419)) - Started @415299ms
2019-09-24 19:06:37,225 [main] WARN  impl.MetricsSystemImpl (MetricsSystemImpl.java:register(276)) - Sink prometheus already exists!
2019-09-24 19:06:37,225 [main] INFO  server.BaseHttpServer (BaseHttpServer.java:updateConnectorAddress(215)) - HTTP server of HDDSDATANODE is listening at http://0.0.0.0:41752
2019-09-24 19:06:37,226 [main] INFO  impl.MetricsSystemImpl (MetricsSystemImpl.java:init(158)) - HddsDatanode metrics system started (again)
2019-09-24 19:06:37,231 [main] INFO  ozone.HddsDatanodeService (HddsDatanodeService.java:start(184)) - HddsDatanodeService host:pr-hdds-2149-fgl4f-1742389470 ip:192.168.5.148
2019-09-24 19:06:37,231 [org.apache.hadoop.util.JvmPauseMonitor$Monitor@259ac918] INFO  util.JvmPauseMonitor (JvmPauseMonitor.java:run(188)) - Starting JVM pause monitor
2019-09-24 19:06:37,232 [Datanode State Machine Thread - 0] INFO  datanode.InitDatanodeState (InitDatanodeState.java:persistContainerDatanodeDetails(140)) - DatanodeDetails is persisted to /workdir/hadoop-ozone/integration-test/target/test-dir/MiniOzoneClusterImpl-fd896651-19f7-4594-a8cd-2c001f85b2cc/datanode-7/meta/datanode.id
2019-09-24 19:06:37,236 [main] INFO  volume.HddsVolume (HddsVolume.java:<init>(176)) - Creating Volume: /workdir/hadoop-ozone/integration-test/target/test-dir/MiniOzoneClusterImpl-fd896651-19f7-4594-a8cd-2c001f85b2cc/datanode-8/data/containers/hdds of  storage type : DISK and capacity : 1482555576320
2019-09-24 19:06:37,237 [main] INFO  volume.VolumeSet (VolumeSet.java:initializeVolumeSet(170)) - Added Volume : /workdir/hadoop-ozone/integration-test/target/test-dir/MiniOzoneClusterImpl-fd896651-19f7-4594-a8cd-2c001f85b2cc/datanode-8/data/containers/hdds to VolumeSet
2019-09-24 19:06:37,237 [main] INFO  volume.ThrottledAsyncChecker (ThrottledAsyncChecker.java:schedule(139)) - Scheduling a check for org.apache.hadoop.ozone.container.common.volume.HddsVolume@2dbfa972
2019-09-24 19:06:37,237 [main] INFO  volume.HddsVolumeChecker (HddsVolumeChecker.java:checkAllVolumes(202)) - Scheduled health check for volume org.apache.hadoop.ozone.container.common.volume.HddsVolume@2dbfa972
2019-09-24 19:06:37,250 [main] INFO  impl.RaftServerProxy (ConfUtils.java:logGet(43)) - raft.rpc.type = GRPC (default)
2019-09-24 19:06:37,250 [main] INFO  grpc.GrpcFactory (GrpcFactory.java:checkPooledByteBufAllocatorUseCacheForAllThreads(45)) - PERFORMANCE WARNING: useCacheForAllThreads is true that may cause Netty to create a lot garbage objects and, as a result, trigger GC.
	It is recommended to disable useCacheForAllThreads by setting -Dorg.apache.ratis.thirdparty.io.netty.allocator.useCacheForAllThreads=false in command line.
2019-09-24 19:06:37,250 [main] INFO  grpc.GrpcConfigKeys$Server (ConfUtils.java:logGet(43)) - raft.grpc.server.port = 0 (default)
2019-09-24 19:06:37,250 [main] INFO  server.GrpcService (ConfUtils.java:logGet(43)) - raft.grpc.message.size.max = 33570816 (custom)
2019-09-24 19:06:37,250 [main] INFO  server.RaftServerConfigKeys (ConfUtils.java:logGet(43)) - raft.server.log.appender.buffer.byte-limit = 33554432 (custom)
2019-09-24 19:06:37,251 [main] INFO  server.GrpcService (ConfUtils.java:logGet(43)) - raft.grpc.flow.control.window = 1MB (=1048576) (default)
2019-09-24 19:06:37,251 [main] INFO  server.RaftServerConfigKeys (ConfUtils.java:logGet(43)) - raft.server.rpc.request.timeout = 3000ms (default)
2019-09-24 19:06:37,251 [main] INFO  server.RaftServerConfigKeys (ConfUtils.java:logGet(43)) - raft.server.storage.dir = [/workdir/hadoop-ozone/integration-test/target/test-dir/MiniOzoneClusterImpl-fd896651-19f7-4594-a8cd-2c001f85b2cc/datanode-8/data/ratis] (custom)
2019-09-24 19:06:37,252 [main] INFO  hdfs.DFSUtil (DFSUtil.java:httpServerTemplateForNNAndJN(1641)) - Starting Web-server for hddsDatanode at: http://0.0.0.0:0
2019-09-24 19:06:37,253 [main] INFO  server.AuthenticationFilter (AuthenticationFilter.java:constructSecretProvider(240)) - Unable to initialize FileSignerSecretProvider, falling back to use random secrets.
2019-09-24 19:06:37,254 [main] WARN  http.HttpRequestLog (HttpRequestLog.java:getRequestLog(97)) - Jetty request log can only be enabled using Log4j
2019-09-24 19:06:37,255 [main] INFO  http.HttpServer2 (HttpServer2.java:addGlobalFilter(975)) - Added global filter 'safety' (class=org.apache.hadoop.http.HttpServer2$QuotingInputFilter)
2019-09-24 19:06:37,255 [main] INFO  http.HttpServer2 (HttpServer2.java:addFilter(948)) - Added filter static_user_filter (class=org.apache.hadoop.http.lib.StaticUserWebFilter$StaticUserFilter) to context hddsDatanode
2019-09-24 19:06:37,255 [main] INFO  http.HttpServer2 (HttpServer2.java:addFilter(958)) - Added filter static_user_filter (class=org.apache.hadoop.http.lib.StaticUserWebFilter$StaticUserFilter) to context static
2019-09-24 19:06:37,255 [main] INFO  http.HttpServer2 (HttpServer2.java:addFilter(958)) - Added filter static_user_filter (class=org.apache.hadoop.http.lib.StaticUserWebFilter$StaticUserFilter) to context logs
2019-09-24 19:06:37,256 [main] INFO  http.HttpServer2 (HttpServer2.java:bindListener(1191)) - Jetty bound to port 37473
2019-09-24 19:06:37,256 [main] INFO  server.Server (Server.java:doStart(351)) - jetty-9.3.25.v20180904, build timestamp: 2018-09-04T21:11:46Z, git hash: 3ce520221d0240229c862b122d2b06c12a625732
2019-09-24 19:06:37,258 [main] INFO  handler.ContextHandler (ContextHandler.java:doStart(781)) - Started o.e.j.s.ServletContextHandler@bbb6f0{/logs,file:///workdir/hadoop-ozone/integration-test/target/log,AVAILABLE}
2019-09-24 19:06:37,258 [main] INFO  handler.ContextHandler (ContextHandler.java:doStart(781)) - Started o.e.j.s.ServletContextHandler@2bd8f7db{/static,jar:file:/home/user/.m2/repository/org/apache/hadoop/hadoop-hdds-container-service/0.5.0-SNAPSHOT/hadoop-hdds-container-service-0.5.0-SNAPSHOT.jar!/webapps/static,AVAILABLE}
2019-09-24 19:06:37,285 [main] INFO  handler.ContextHandler (ContextHandler.java:doStart(781)) - Started o.e.j.w.WebAppContext@6b0f266e{/,file:///tmp/jetty-0.0.0.0-37473-hddsDatanode-_-any-67642583190517275.dir/webapp/,AVAILABLE}{/hddsDatanode}
2019-09-24 19:06:37,285 [main] INFO  server.AbstractConnector (AbstractConnector.java:doStart(278)) - Started ServerConnector@4837f97e{HTTP/1.1,[http/1.1]}{0.0.0.0:37473}
2019-09-24 19:06:37,287 [main] INFO  server.Server (Server.java:doStart(419)) - Started @415361ms
2019-09-24 19:06:37,287 [main] WARN  impl.MetricsSystemImpl (MetricsSystemImpl.java:register(276)) - Sink prometheus already exists!
2019-09-24 19:06:37,287 [main] INFO  server.BaseHttpServer (BaseHttpServer.java:updateConnectorAddress(215)) - HTTP server of HDDSDATANODE is listening at http://0.0.0.0:37473
2019-09-24 19:06:37,288 [main] INFO  impl.MetricsSystemImpl (MetricsSystemImpl.java:init(158)) - HddsDatanode metrics system started (again)
2019-09-24 19:06:37,293 [org.apache.hadoop.util.JvmPauseMonitor$Monitor@721bc31f] INFO  util.JvmPauseMonitor (JvmPauseMonitor.java:run(188)) - Starting JVM pause monitor
2019-09-24 19:06:37,293 [main] INFO  ozone.HddsDatanodeService (HddsDatanodeService.java:start(184)) - HddsDatanodeService host:pr-hdds-2149-fgl4f-1742389470 ip:192.168.5.148
2019-09-24 19:06:37,294 [Datanode State Machine Thread - 0] INFO  datanode.InitDatanodeState (InitDatanodeState.java:persistContainerDatanodeDetails(140)) - DatanodeDetails is persisted to /workdir/hadoop-ozone/integration-test/target/test-dir/MiniOzoneClusterImpl-fd896651-19f7-4594-a8cd-2c001f85b2cc/datanode-8/meta/datanode.id
2019-09-24 19:06:37,304 [main] INFO  volume.HddsVolume (HddsVolume.java:<init>(176)) - Creating Volume: /workdir/hadoop-ozone/integration-test/target/test-dir/MiniOzoneClusterImpl-fd896651-19f7-4594-a8cd-2c001f85b2cc/datanode-9/data/containers/hdds of  storage type : DISK and capacity : 1482555576320
2019-09-24 19:06:37,304 [main] INFO  volume.VolumeSet (VolumeSet.java:initializeVolumeSet(170)) - Added Volume : /workdir/hadoop-ozone/integration-test/target/test-dir/MiniOzoneClusterImpl-fd896651-19f7-4594-a8cd-2c001f85b2cc/datanode-9/data/containers/hdds to VolumeSet
2019-09-24 19:06:37,304 [main] INFO  volume.ThrottledAsyncChecker (ThrottledAsyncChecker.java:schedule(139)) - Scheduling a check for org.apache.hadoop.ozone.container.common.volume.HddsVolume@6459f4ea
2019-09-24 19:06:37,305 [main] INFO  volume.HddsVolumeChecker (HddsVolumeChecker.java:checkAllVolumes(202)) - Scheduled health check for volume org.apache.hadoop.ozone.container.common.volume.HddsVolume@6459f4ea
2019-09-24 19:06:37,317 [main] INFO  impl.RaftServerProxy (ConfUtils.java:logGet(43)) - raft.rpc.type = GRPC (default)
2019-09-24 19:06:37,317 [main] INFO  grpc.GrpcFactory (GrpcFactory.java:checkPooledByteBufAllocatorUseCacheForAllThreads(45)) - PERFORMANCE WARNING: useCacheForAllThreads is true that may cause Netty to create a lot garbage objects and, as a result, trigger GC.
	It is recommended to disable useCacheForAllThreads by setting -Dorg.apache.ratis.thirdparty.io.netty.allocator.useCacheForAllThreads=false in command line.
2019-09-24 19:06:37,317 [main] INFO  grpc.GrpcConfigKeys$Server (ConfUtils.java:logGet(43)) - raft.grpc.server.port = 0 (default)
2019-09-24 19:06:37,317 [main] INFO  server.GrpcService (ConfUtils.java:logGet(43)) - raft.grpc.message.size.max = 33570816 (custom)
2019-09-24 19:06:37,318 [main] INFO  server.RaftServerConfigKeys (ConfUtils.java:logGet(43)) - raft.server.log.appender.buffer.byte-limit = 33554432 (custom)
2019-09-24 19:06:37,318 [main] INFO  server.GrpcService (ConfUtils.java:logGet(43)) - raft.grpc.flow.control.window = 1MB (=1048576) (default)
2019-09-24 19:06:37,318 [main] INFO  server.RaftServerConfigKeys (ConfUtils.java:logGet(43)) - raft.server.rpc.request.timeout = 3000ms (default)
2019-09-24 19:06:37,318 [main] INFO  server.RaftServerConfigKeys (ConfUtils.java:logGet(43)) - raft.server.storage.dir = [/workdir/hadoop-ozone/integration-test/target/test-dir/MiniOzoneClusterImpl-fd896651-19f7-4594-a8cd-2c001f85b2cc/datanode-9/data/ratis] (custom)
2019-09-24 19:06:37,319 [main] INFO  hdfs.DFSUtil (DFSUtil.java:httpServerTemplateForNNAndJN(1641)) - Starting Web-server for hddsDatanode at: http://0.0.0.0:0
2019-09-24 19:06:37,321 [main] INFO  server.AuthenticationFilter (AuthenticationFilter.java:constructSecretProvider(240)) - Unable to initialize FileSignerSecretProvider, falling back to use random secrets.
2019-09-24 19:06:37,321 [main] WARN  http.HttpRequestLog (HttpRequestLog.java:getRequestLog(97)) - Jetty request log can only be enabled using Log4j
2019-09-24 19:06:37,322 [main] INFO  http.HttpServer2 (HttpServer2.java:addGlobalFilter(975)) - Added global filter 'safety' (class=org.apache.hadoop.http.HttpServer2$QuotingInputFilter)
2019-09-24 19:06:37,322 [main] INFO  http.HttpServer2 (HttpServer2.java:addFilter(948)) - Added filter static_user_filter (class=org.apache.hadoop.http.lib.StaticUserWebFilter$StaticUserFilter) to context hddsDatanode
2019-09-24 19:06:37,323 [main] INFO  http.HttpServer2 (HttpServer2.java:addFilter(958)) - Added filter static_user_filter (class=org.apache.hadoop.http.lib.StaticUserWebFilter$StaticUserFilter) to context logs
2019-09-24 19:06:37,323 [main] INFO  http.HttpServer2 (HttpServer2.java:addFilter(958)) - Added filter static_user_filter (class=org.apache.hadoop.http.lib.StaticUserWebFilter$StaticUserFilter) to context static
2019-09-24 19:06:37,323 [main] INFO  http.HttpServer2 (HttpServer2.java:bindListener(1191)) - Jetty bound to port 41831
2019-09-24 19:06:37,324 [main] INFO  server.Server (Server.java:doStart(351)) - jetty-9.3.25.v20180904, build timestamp: 2018-09-04T21:11:46Z, git hash: 3ce520221d0240229c862b122d2b06c12a625732
2019-09-24 19:06:37,325 [main] INFO  handler.ContextHandler (ContextHandler.java:doStart(781)) - Started o.e.j.s.ServletContextHandler@7a0ab480{/logs,file:///workdir/hadoop-ozone/integration-test/target/log,AVAILABLE}
2019-09-24 19:06:37,326 [main] INFO  handler.ContextHandler (ContextHandler.java:doStart(781)) - Started o.e.j.s.ServletContextHandler@130cfc47{/static,jar:file:/home/user/.m2/repository/org/apache/hadoop/hadoop-hdds-container-service/0.5.0-SNAPSHOT/hadoop-hdds-container-service-0.5.0-SNAPSHOT.jar!/webapps/static,AVAILABLE}
2019-09-24 19:06:37,355 [main] INFO  handler.ContextHandler (ContextHandler.java:doStart(781)) - Started o.e.j.w.WebAppContext@1332dec4{/,file:///tmp/jetty-0.0.0.0-41831-hddsDatanode-_-any-2134361080106122938.dir/webapp/,AVAILABLE}{/hddsDatanode}
2019-09-24 19:06:37,356 [main] INFO  server.AbstractConnector (AbstractConnector.java:doStart(278)) - Started ServerConnector@544e3679{HTTP/1.1,[http/1.1]}{0.0.0.0:41831}
2019-09-24 19:06:37,357 [main] INFO  server.Server (Server.java:doStart(419)) - Started @415431ms
2019-09-24 19:06:37,357 [main] WARN  impl.MetricsSystemImpl (MetricsSystemImpl.java:register(276)) - Sink prometheus already exists!
2019-09-24 19:06:37,358 [main] INFO  server.BaseHttpServer (BaseHttpServer.java:updateConnectorAddress(215)) - HTTP server of HDDSDATANODE is listening at http://0.0.0.0:41831
2019-09-24 19:06:37,358 [main] INFO  ozone.MiniOzoneClusterImpl (MiniOzoneClusterImpl.java:lambda$waitForClusterToBeReady$0(147)) - Waiting for cluster to be ready. Got 0 of 10 DN Heartbeats.
2019-09-24 19:06:37,360 [org.apache.hadoop.util.JvmPauseMonitor$Monitor@61204ad3] INFO  util.JvmPauseMonitor (JvmPauseMonitor.java:run(188)) - Starting JVM pause monitor
2019-09-24 19:06:37,362 [Datanode State Machine Thread - 0] INFO  datanode.InitDatanodeState (InitDatanodeState.java:persistContainerDatanodeDetails(140)) - DatanodeDetails is persisted to /workdir/hadoop-ozone/integration-test/target/test-dir/MiniOzoneClusterImpl-fd896651-19f7-4594-a8cd-2c001f85b2cc/datanode-9/meta/datanode.id
2019-09-24 19:06:38,359 [main] INFO  ozone.MiniOzoneClusterImpl (MiniOzoneClusterImpl.java:lambda$waitForClusterToBeReady$0(147)) - Waiting for cluster to be ready. Got 0 of 10 DN Heartbeats.
2019-09-24 19:06:38,825 [Datanode State Machine Thread - 0] INFO  ozoneimpl.OzoneContainer (OzoneContainer.java:start(217)) - Attempting to start container services.
2019-09-24 19:06:38,825 [Datanode State Machine Thread - 0] INFO  ozoneimpl.OzoneContainer (OzoneContainer.java:startContainerScrub(179)) - Background container scanner has been disabled.
2019-09-24 19:06:38,825 [Datanode State Machine Thread - 0] INFO  ratis.XceiverServerRatis (XceiverServerRatis.java:start(411)) - Starting XceiverServerRatis 65e7b2a2-bc37-4edf-9ac3-f1ce4d9cbf03 at port 0
2019-09-24 19:06:38,838 [Datanode State Machine Thread - 0] INFO  impl.RaftServerProxy (RaftServerProxy.java:lambda$start$3(299)) - 65e7b2a2-bc37-4edf-9ac3-f1ce4d9cbf03: start RPC server
2019-09-24 19:06:38,840 [Datanode State Machine Thread - 0] INFO  server.GrpcService (GrpcService.java:startImpl(158)) - 65e7b2a2-bc37-4edf-9ac3-f1ce4d9cbf03: GrpcService started, listening on 0.0.0.0/0.0.0.0:42621
2019-09-24 19:06:38,840 [Datanode State Machine Thread - 0] INFO  ratis.XceiverServerRatis (XceiverServerRatis.java:start(421)) - XceiverServerRatis 65e7b2a2-bc37-4edf-9ac3-f1ce4d9cbf03 is started using port 42621
2019-09-24 19:06:38,849 [Datanode State Machine Thread - 0] INFO  server.XceiverServerGrpc (XceiverServerGrpc.java:start(149)) - XceiverServerGrpc 65e7b2a2-bc37-4edf-9ac3-f1ce4d9cbf03 is started using port 42079
2019-09-24 19:06:38,873 [Datanode State Machine Thread - 0] INFO  ozoneimpl.OzoneContainer (OzoneContainer.java:start(217)) - Attempting to start container services.
2019-09-24 19:06:38,874 [Datanode State Machine Thread - 0] INFO  ozoneimpl.OzoneContainer (OzoneContainer.java:startContainerScrub(179)) - Background container scanner has been disabled.
2019-09-24 19:06:38,874 [Datanode State Machine Thread - 0] INFO  ratis.XceiverServerRatis (XceiverServerRatis.java:start(411)) - Starting XceiverServerRatis ced58920-5a36-461e-9cfd-cb431981fded at port 0
2019-09-24 19:06:38,881 [Datanode State Machine Thread - 0] INFO  impl.RaftServerProxy (RaftServerProxy.java:lambda$start$3(299)) - ced58920-5a36-461e-9cfd-cb431981fded: start RPC server
2019-09-24 19:06:38,882 [Datanode State Machine Thread - 0] INFO  server.GrpcService (GrpcService.java:startImpl(158)) - ced58920-5a36-461e-9cfd-cb431981fded: GrpcService started, listening on 0.0.0.0/0.0.0.0:46050
2019-09-24 19:06:38,882 [Datanode State Machine Thread - 0] INFO  ratis.XceiverServerRatis (XceiverServerRatis.java:start(421)) - XceiverServerRatis ced58920-5a36-461e-9cfd-cb431981fded is started using port 46050
2019-09-24 19:06:38,883 [Datanode State Machine Thread - 0] INFO  server.XceiverServerGrpc (XceiverServerGrpc.java:start(149)) - XceiverServerGrpc ced58920-5a36-461e-9cfd-cb431981fded is started using port 38438
2019-09-24 19:06:38,957 [Datanode State Machine Thread - 0] INFO  ozoneimpl.OzoneContainer (OzoneContainer.java:start(217)) - Attempting to start container services.
2019-09-24 19:06:38,957 [Datanode State Machine Thread - 0] INFO  ozoneimpl.OzoneContainer (OzoneContainer.java:startContainerScrub(179)) - Background container scanner has been disabled.
2019-09-24 19:06:38,957 [Datanode State Machine Thread - 0] INFO  ratis.XceiverServerRatis (XceiverServerRatis.java:start(411)) - Starting XceiverServerRatis bbe02bed-b2fd-41cc-b659-07694a69eb1f at port 0
2019-09-24 19:06:38,965 [Datanode State Machine Thread - 0] INFO  impl.RaftServerProxy (RaftServerProxy.java:lambda$start$3(299)) - bbe02bed-b2fd-41cc-b659-07694a69eb1f: start RPC server
2019-09-24 19:06:38,968 [Datanode State Machine Thread - 0] INFO  server.GrpcService (GrpcService.java:startImpl(158)) - bbe02bed-b2fd-41cc-b659-07694a69eb1f: GrpcService started, listening on 0.0.0.0/0.0.0.0:39307
2019-09-24 19:06:38,969 [Datanode State Machine Thread - 0] INFO  ratis.XceiverServerRatis (XceiverServerRatis.java:start(421)) - XceiverServerRatis bbe02bed-b2fd-41cc-b659-07694a69eb1f is started using port 39307
2019-09-24 19:06:38,969 [Datanode State Machine Thread - 0] INFO  server.XceiverServerGrpc (XceiverServerGrpc.java:start(149)) - XceiverServerGrpc bbe02bed-b2fd-41cc-b659-07694a69eb1f is started using port 44088
2019-09-24 19:06:38,998 [Datanode State Machine Thread - 0] INFO  ozoneimpl.OzoneContainer (OzoneContainer.java:start(217)) - Attempting to start container services.
2019-09-24 19:06:38,999 [Datanode State Machine Thread - 0] INFO  ozoneimpl.OzoneContainer (OzoneContainer.java:startContainerScrub(179)) - Background container scanner has been disabled.
2019-09-24 19:06:38,999 [Datanode State Machine Thread - 0] INFO  ratis.XceiverServerRatis (XceiverServerRatis.java:start(411)) - Starting XceiverServerRatis 1c0f73f6-af19-4a4b-8f30-46606ded09de at port 0
2019-09-24 19:06:39,007 [Datanode State Machine Thread - 0] INFO  impl.RaftServerProxy (RaftServerProxy.java:lambda$start$3(299)) - 1c0f73f6-af19-4a4b-8f30-46606ded09de: start RPC server
2019-09-24 19:06:39,008 [Datanode State Machine Thread - 0] INFO  server.GrpcService (GrpcService.java:startImpl(158)) - 1c0f73f6-af19-4a4b-8f30-46606ded09de: GrpcService started, listening on 0.0.0.0/0.0.0.0:41417
2019-09-24 19:06:39,008 [Datanode State Machine Thread - 0] INFO  ratis.XceiverServerRatis (XceiverServerRatis.java:start(421)) - XceiverServerRatis 1c0f73f6-af19-4a4b-8f30-46606ded09de is started using port 41417
2019-09-24 19:06:39,008 [Datanode State Machine Thread - 0] INFO  server.XceiverServerGrpc (XceiverServerGrpc.java:start(149)) - XceiverServerGrpc 1c0f73f6-af19-4a4b-8f30-46606ded09de is started using port 44362
2019-09-24 19:06:39,065 [Datanode State Machine Thread - 0] INFO  ozoneimpl.OzoneContainer (OzoneContainer.java:start(217)) - Attempting to start container services.
2019-09-24 19:06:39,066 [Datanode State Machine Thread - 0] INFO  ozoneimpl.OzoneContainer (OzoneContainer.java:startContainerScrub(179)) - Background container scanner has been disabled.
2019-09-24 19:06:39,066 [Datanode State Machine Thread - 0] INFO  ratis.XceiverServerRatis (XceiverServerRatis.java:start(411)) - Starting XceiverServerRatis c58aaf1c-89bb-4ba3-9ae1-98cdf66dbe75 at port 0
2019-09-24 19:06:39,073 [Datanode State Machine Thread - 0] INFO  impl.RaftServerProxy (RaftServerProxy.java:lambda$start$3(299)) - c58aaf1c-89bb-4ba3-9ae1-98cdf66dbe75: start RPC server
2019-09-24 19:06:39,076 [Datanode State Machine Thread - 0] INFO  server.GrpcService (GrpcService.java:startImpl(158)) - c58aaf1c-89bb-4ba3-9ae1-98cdf66dbe75: GrpcService started, listening on 0.0.0.0/0.0.0.0:43370
2019-09-24 19:06:39,077 [Datanode State Machine Thread - 0] INFO  ratis.XceiverServerRatis (XceiverServerRatis.java:start(421)) - XceiverServerRatis c58aaf1c-89bb-4ba3-9ae1-98cdf66dbe75 is started using port 43370
2019-09-24 19:06:39,077 [Datanode State Machine Thread - 0] INFO  server.XceiverServerGrpc (XceiverServerGrpc.java:start(149)) - XceiverServerGrpc c58aaf1c-89bb-4ba3-9ae1-98cdf66dbe75 is started using port 43551
2019-09-24 19:06:39,133 [Datanode State Machine Thread - 0] INFO  ozoneimpl.OzoneContainer (OzoneContainer.java:start(217)) - Attempting to start container services.
2019-09-24 19:06:39,133 [Datanode State Machine Thread - 0] INFO  ozoneimpl.OzoneContainer (OzoneContainer.java:startContainerScrub(179)) - Background container scanner has been disabled.
2019-09-24 19:06:39,133 [Datanode State Machine Thread - 0] INFO  ratis.XceiverServerRatis (XceiverServerRatis.java:start(411)) - Starting XceiverServerRatis bef30485-dff6-47d2-88a8-2d6b76a883db at port 0
2019-09-24 19:06:39,141 [Datanode State Machine Thread - 0] INFO  impl.RaftServerProxy (RaftServerProxy.java:lambda$start$3(299)) - bef30485-dff6-47d2-88a8-2d6b76a883db: start RPC server
2019-09-24 19:06:39,142 [Datanode State Machine Thread - 0] INFO  server.GrpcService (GrpcService.java:startImpl(158)) - bef30485-dff6-47d2-88a8-2d6b76a883db: GrpcService started, listening on 0.0.0.0/0.0.0.0:38198
2019-09-24 19:06:39,142 [Datanode State Machine Thread - 0] INFO  ratis.XceiverServerRatis (XceiverServerRatis.java:start(421)) - XceiverServerRatis bef30485-dff6-47d2-88a8-2d6b76a883db is started using port 38198
2019-09-24 19:06:39,142 [Datanode State Machine Thread - 0] INFO  server.XceiverServerGrpc (XceiverServerGrpc.java:start(149)) - XceiverServerGrpc bef30485-dff6-47d2-88a8-2d6b76a883db is started using port 35866
2019-09-24 19:06:39,191 [Datanode State Machine Thread - 0] INFO  ozoneimpl.OzoneContainer (OzoneContainer.java:start(217)) - Attempting to start container services.
2019-09-24 19:06:39,192 [Datanode State Machine Thread - 0] INFO  ozoneimpl.OzoneContainer (OzoneContainer.java:startContainerScrub(179)) - Background container scanner has been disabled.
2019-09-24 19:06:39,192 [Datanode State Machine Thread - 0] INFO  ratis.XceiverServerRatis (XceiverServerRatis.java:start(411)) - Starting XceiverServerRatis 56e639b0-539e-46f2-afe9-98e7bb950b90 at port 0
2019-09-24 19:06:39,199 [Datanode State Machine Thread - 0] INFO  impl.RaftServerProxy (RaftServerProxy.java:lambda$start$3(299)) - 56e639b0-539e-46f2-afe9-98e7bb950b90: start RPC server
2019-09-24 19:06:39,200 [Datanode State Machine Thread - 0] INFO  server.GrpcService (GrpcService.java:startImpl(158)) - 56e639b0-539e-46f2-afe9-98e7bb950b90: GrpcService started, listening on 0.0.0.0/0.0.0.0:41145
2019-09-24 19:06:39,200 [Datanode State Machine Thread - 0] INFO  ratis.XceiverServerRatis (XceiverServerRatis.java:start(421)) - XceiverServerRatis 56e639b0-539e-46f2-afe9-98e7bb950b90 is started using port 41145
2019-09-24 19:06:39,215 [Datanode State Machine Thread - 0] INFO  server.XceiverServerGrpc (XceiverServerGrpc.java:start(149)) - XceiverServerGrpc 56e639b0-539e-46f2-afe9-98e7bb950b90 is started using port 42895
2019-09-24 19:06:39,250 [Datanode State Machine Thread - 0] INFO  ozoneimpl.OzoneContainer (OzoneContainer.java:start(217)) - Attempting to start container services.
2019-09-24 19:06:39,250 [Datanode State Machine Thread - 0] INFO  ozoneimpl.OzoneContainer (OzoneContainer.java:startContainerScrub(179)) - Background container scanner has been disabled.
2019-09-24 19:06:39,251 [Datanode State Machine Thread - 0] INFO  ratis.XceiverServerRatis (XceiverServerRatis.java:start(411)) - Starting XceiverServerRatis b0305751-6675-4e58-b5a6-74f1444b0eaa at port 0
2019-09-24 19:06:39,258 [Datanode State Machine Thread - 0] INFO  impl.RaftServerProxy (RaftServerProxy.java:lambda$start$3(299)) - b0305751-6675-4e58-b5a6-74f1444b0eaa: start RPC server
2019-09-24 19:06:39,259 [Datanode State Machine Thread - 0] INFO  server.GrpcService (GrpcService.java:startImpl(158)) - b0305751-6675-4e58-b5a6-74f1444b0eaa: GrpcService started, listening on 0.0.0.0/0.0.0.0:40938
2019-09-24 19:06:39,259 [Datanode State Machine Thread - 0] INFO  ratis.XceiverServerRatis (XceiverServerRatis.java:start(421)) - XceiverServerRatis b0305751-6675-4e58-b5a6-74f1444b0eaa is started using port 40938
2019-09-24 19:06:39,259 [Datanode State Machine Thread - 0] INFO  server.XceiverServerGrpc (XceiverServerGrpc.java:start(149)) - XceiverServerGrpc b0305751-6675-4e58-b5a6-74f1444b0eaa is started using port 32977
2019-09-24 19:06:39,308 [Datanode State Machine Thread - 0] INFO  ozoneimpl.OzoneContainer (OzoneContainer.java:start(217)) - Attempting to start container services.
2019-09-24 19:06:39,308 [Datanode State Machine Thread - 0] INFO  ozoneimpl.OzoneContainer (OzoneContainer.java:startContainerScrub(179)) - Background container scanner has been disabled.
2019-09-24 19:06:39,308 [Datanode State Machine Thread - 0] INFO  ratis.XceiverServerRatis (XceiverServerRatis.java:start(411)) - Starting XceiverServerRatis e7fe0687-6752-4b4e-a826-e4ccbddfde1f at port 0
2019-09-24 19:06:39,316 [Datanode State Machine Thread - 0] INFO  impl.RaftServerProxy (RaftServerProxy.java:lambda$start$3(299)) - e7fe0687-6752-4b4e-a826-e4ccbddfde1f: start RPC server
2019-09-24 19:06:39,317 [Datanode State Machine Thread - 0] INFO  server.GrpcService (GrpcService.java:startImpl(158)) - e7fe0687-6752-4b4e-a826-e4ccbddfde1f: GrpcService started, listening on 0.0.0.0/0.0.0.0:36444
2019-09-24 19:06:39,317 [Datanode State Machine Thread - 0] INFO  ratis.XceiverServerRatis (XceiverServerRatis.java:start(421)) - XceiverServerRatis e7fe0687-6752-4b4e-a826-e4ccbddfde1f is started using port 36444
2019-09-24 19:06:39,317 [Datanode State Machine Thread - 0] INFO  server.XceiverServerGrpc (XceiverServerGrpc.java:start(149)) - XceiverServerGrpc e7fe0687-6752-4b4e-a826-e4ccbddfde1f is started using port 34703
2019-09-24 19:06:39,359 [main] INFO  ozone.MiniOzoneClusterImpl (MiniOzoneClusterImpl.java:lambda$waitForClusterToBeReady$0(147)) - Waiting for cluster to be ready. Got 0 of 10 DN Heartbeats.
2019-09-24 19:06:39,398 [Datanode State Machine Thread - 0] INFO  ozoneimpl.OzoneContainer (OzoneContainer.java:start(217)) - Attempting to start container services.
2019-09-24 19:06:39,399 [Datanode State Machine Thread - 0] INFO  ozoneimpl.OzoneContainer (OzoneContainer.java:startContainerScrub(179)) - Background container scanner has been disabled.
2019-09-24 19:06:39,399 [Datanode State Machine Thread - 0] INFO  ratis.XceiverServerRatis (XceiverServerRatis.java:start(411)) - Starting XceiverServerRatis a1cd4983-4499-4ca1-85e6-001c65d6bf4f at port 0
2019-09-24 19:06:39,407 [Datanode State Machine Thread - 0] INFO  impl.RaftServerProxy (RaftServerProxy.java:lambda$start$3(299)) - a1cd4983-4499-4ca1-85e6-001c65d6bf4f: start RPC server
2019-09-24 19:06:39,423 [Datanode State Machine Thread - 0] INFO  server.GrpcService (GrpcService.java:startImpl(158)) - a1cd4983-4499-4ca1-85e6-001c65d6bf4f: GrpcService started, listening on 0.0.0.0/0.0.0.0:43964
2019-09-24 19:06:39,424 [Datanode State Machine Thread - 0] INFO  ratis.XceiverServerRatis (XceiverServerRatis.java:start(421)) - XceiverServerRatis a1cd4983-4499-4ca1-85e6-001c65d6bf4f is started using port 43964
2019-09-24 19:06:39,424 [Datanode State Machine Thread - 0] INFO  server.XceiverServerGrpc (XceiverServerGrpc.java:start(149)) - XceiverServerGrpc a1cd4983-4499-4ca1-85e6-001c65d6bf4f is started using port 37918
2019-09-24 19:06:40,360 [main] INFO  ozone.MiniOzoneClusterImpl (MiniOzoneClusterImpl.java:lambda$waitForClusterToBeReady$0(147)) - Waiting for cluster to be ready. Got 0 of 10 DN Heartbeats.
2019-09-24 19:06:40,801 [IPC Server handler 6 on 41558] INFO  net.NetworkTopology (NetworkTopologyImpl.java:add(111)) - Added a new node: /rack1/65e7b2a2-bc37-4edf-9ac3-f1ce4d9cbf03
2019-09-24 19:06:40,807 [IPC Server handler 6 on 41558] INFO  node.SCMNodeManager (SCMNodeManager.java:register(266)) - Registered Data node : 65e7b2a2-bc37-4edf-9ac3-f1ce4d9cbf03{ip: 192.168.5.148, host: pr-hdds-2149-fgl4f-1742389470, networkLocation: /rack1, certSerialId: null}
2019-09-24 19:06:40,810 [EventQueue-NodeRegistrationContainerReportForDataNodeSafeModeRule] INFO  safemode.SCMSafeModeManager (DataNodeSafeModeRule.java:process(71)) - SCM in safe mode. 1 DataNodes registered, 1 required.
2019-09-24 19:06:40,816 [EventQueue-NodeRegistrationContainerReportForDataNodeSafeModeRule] INFO  safemode.SCMSafeModeManager (SCMSafeModeManager.java:validateSafeModeExitRules(177)) - ScmSafeModeManager, all rules are successfully validated
2019-09-24 19:06:40,816 [EventQueue-NodeRegistrationContainerReportForDataNodeSafeModeRule] INFO  safemode.SCMSafeModeManager (SCMSafeModeManager.java:exitSafeMode(193)) - SCM exiting safe mode.
2019-09-24 19:06:40,827 [grpc-default-executor-13] INFO  impl.RaftServerProxy (RaftServerProxy.java:addNew(89)) - 65e7b2a2-bc37-4edf-9ac3-f1ce4d9cbf03: addNew group-6A423CAE0535:[65e7b2a2-bc37-4edf-9ac3-f1ce4d9cbf03:192.168.5.148:42621] returns group-6A423CAE0535:java.util.concurrent.CompletableFuture@4f16057d[Not completed]
2019-09-24 19:06:40,829 [pool-388-thread-1] INFO  impl.RaftServerImpl (RaftServerImpl.java:<init>(95)) - 65e7b2a2-bc37-4edf-9ac3-f1ce4d9cbf03: new RaftServerImpl for group-6A423CAE0535:[65e7b2a2-bc37-4edf-9ac3-f1ce4d9cbf03:192.168.5.148:42621] with ContainerStateMachine:uninitialized
2019-09-24 19:06:40,829 [pool-388-thread-1] INFO  server.RaftServerConfigKeys (ConfUtils.java:logGet(43)) - raft.server.rpc.timeout.min = 1s (custom)
2019-09-24 19:06:40,830 [pool-388-thread-1] INFO  server.RaftServerConfigKeys (ConfUtils.java:logGet(43)) - raft.server.rpc.timeout.max = 1200ms (custom)
2019-09-24 19:06:40,830 [pool-388-thread-1] INFO  server.RaftServerConfigKeys (ConfUtils.java:logGet(43)) - raft.server.rpcslowness.timeout = 120s (custom)
2019-09-24 19:06:40,830 [pool-388-thread-1] INFO  server.RaftServerConfigKeys (ConfUtils.java:logGet(43)) - raft.server.sleep.deviation.threshold = 300 (default)
2019-09-24 19:06:40,830 [pool-388-thread-1] INFO  server.RaftServerConfigKeys (ConfUtils.java:logGet(43)) - raft.server.log.appender.install.snapshot.enabled = false (custom)
2019-09-24 19:06:40,830 [pool-388-thread-1] INFO  impl.RaftServerImpl (ServerState.java:<init>(103)) - 65e7b2a2-bc37-4edf-9ac3-f1ce4d9cbf03@group-6A423CAE0535: ConfigurationManager, init=-1: [65e7b2a2-bc37-4edf-9ac3-f1ce4d9cbf03:192.168.5.148:42621], old=null, confs=<EMPTY_MAP>
2019-09-24 19:06:40,831 [pool-388-thread-1] INFO  server.RaftServerConfigKeys (ConfUtils.java:logGet(43)) - raft.server.storage.dir = [/workdir/hadoop-ozone/integration-test/target/test-dir/MiniOzoneClusterImpl-fd896651-19f7-4594-a8cd-2c001f85b2cc/datanode-0/data/ratis] (custom)
2019-09-24 19:06:40,831 [pool-388-thread-1] INFO  storage.RaftStorageDirectory (RaftStorageDirectory.java:analyzeStorage(246)) - The storage directory /workdir/hadoop-ozone/integration-test/target/test-dir/MiniOzoneClusterImpl-fd896651-19f7-4594-a8cd-2c001f85b2cc/datanode-0/data/ratis/2d8b7135-e03f-47dc-828c-6a423cae0535 does not exist. Creating ...
2019-09-24 19:06:40,854 [IPC Server handler 7 on 41558] INFO  net.NetworkTopology (NetworkTopologyImpl.java:add(111)) - Added a new node: /rack1/ced58920-5a36-461e-9cfd-cb431981fded
2019-09-24 19:06:40,854 [IPC Server handler 7 on 41558] INFO  node.SCMNodeManager (SCMNodeManager.java:register(266)) - Registered Data node : ced58920-5a36-461e-9cfd-cb431981fded{ip: 192.168.5.148, host: pr-hdds-2149-fgl4f-1742389470, networkLocation: /rack1, certSerialId: null}
2019-09-24 19:06:40,917 [pool-388-thread-1] INFO  storage.RaftStorageDirectory (RaftStorageDirectory.java:tryLock(328)) - Lock on /workdir/hadoop-ozone/integration-test/target/test-dir/MiniOzoneClusterImpl-fd896651-19f7-4594-a8cd-2c001f85b2cc/datanode-0/data/ratis/2d8b7135-e03f-47dc-828c-6a423cae0535/in_use.lock acquired by nodename 10455@pr-hdds-2149-fgl4f-1742389470
2019-09-24 19:06:40,918 [IPC Server handler 8 on 41558] INFO  net.NetworkTopology (NetworkTopologyImpl.java:add(111)) - Added a new node: /rack1/bbe02bed-b2fd-41cc-b659-07694a69eb1f
2019-09-24 19:06:40,918 [IPC Server handler 8 on 41558] INFO  node.SCMNodeManager (SCMNodeManager.java:register(266)) - Registered Data node : bbe02bed-b2fd-41cc-b659-07694a69eb1f{ip: 192.168.5.148, host: pr-hdds-2149-fgl4f-1742389470, networkLocation: /rack1, certSerialId: null}
2019-09-24 19:06:40,933 [pool-388-thread-1] INFO  storage.RaftStorage (RaftStorage.java:format(72)) - Storage directory /workdir/hadoop-ozone/integration-test/target/test-dir/MiniOzoneClusterImpl-fd896651-19f7-4594-a8cd-2c001f85b2cc/datanode-0/data/ratis/2d8b7135-e03f-47dc-828c-6a423cae0535 has been successfully formatted.
2019-09-24 19:06:40,934 [pool-388-thread-1] INFO  ratis.ContainerStateMachine (ContainerStateMachine.java:loadSnapshot(230)) - group-6A423CAE0535: The snapshot info is null. Setting the last applied indexto:(t:0, i:~)
2019-09-24 19:06:40,934 [pool-388-thread-1] INFO  server.RaftServerConfigKeys (ConfUtils.java:logGet(43)) - raft.server.notification.no-leader.timeout = 120s (custom)
2019-09-24 19:06:40,934 [pool-388-thread-1] INFO  server.RaftServerConfigKeys (ConfUtils.java:logGet(43)) - raft.server.log.use.memory = false (default)
2019-09-24 19:06:40,935 [pool-388-thread-1] INFO  server.RaftServerConfigKeys (ConfUtils.java:logGet(43)) - raft.server.log.purge.gap = 1000000 (custom)
2019-09-24 19:06:40,935 [pool-388-thread-1] INFO  server.RaftServerConfigKeys (ConfUtils.java:logGet(43)) - raft.server.log.appender.buffer.byte-limit = 33554432 (custom)
2019-09-24 19:06:40,935 [pool-388-thread-1] INFO  server.RaftServerConfigKeys (ConfUtils.java:logGet(43)) - raft.server.log.segment.size.max = 1048576 (custom)
2019-09-24 19:06:40,935 [pool-388-thread-1] INFO  server.RaftServerConfigKeys (ConfUtils.java:logGet(43)) - raft.server.log.segment.cache.num.max = 2 (custom)
2019-09-24 19:06:40,936 [pool-388-thread-1] INFO  segmented.SegmentedRaftLogWorker (SegmentedRaftLogWorker.java:<init>(172)) - new 65e7b2a2-bc37-4edf-9ac3-f1ce4d9cbf03@group-6A423CAE0535-SegmentedRaftLogWorker for RaftStorage:Storage Directory /workdir/hadoop-ozone/integration-test/target/test-dir/MiniOzoneClusterImpl-fd896651-19f7-4594-a8cd-2c001f85b2cc/datanode-0/data/ratis/2d8b7135-e03f-47dc-828c-6a423cae0535
2019-09-24 19:06:40,939 [pool-388-thread-1] INFO  server.RaftServerConfigKeys (ConfUtils.java:logGet(43)) - raft.server.log.queue.byte-limit = 2147483647 (custom)
2019-09-24 19:06:40,939 [pool-388-thread-1] INFO  server.RaftServerConfigKeys (ConfUtils.java:logGet(43)) - raft.server.log.queue.element-limit = 1024 (custom)
2019-09-24 19:06:40,939 [pool-388-thread-1] INFO  server.RaftServerConfigKeys (ConfUtils.java:logGet(43)) - raft.server.log.segment.size.max = 1048576 (custom)
2019-09-24 19:06:40,939 [pool-388-thread-1] INFO  server.RaftServerConfigKeys (ConfUtils.java:logGet(43)) - raft.server.log.preallocated.size = 16384 (custom)
2019-09-24 19:06:40,940 [pool-388-thread-1] INFO  server.RaftServerConfigKeys (ConfUtils.java:logGet(43)) - raft.server.log.write.buffer.size = 33554432 (custom)
2019-09-24 19:06:40,940 [pool-388-thread-1] INFO  server.RaftServerConfigKeys (ConfUtils.java:logGet(43)) - raft.server.log.force.sync.num = 128 (default)
2019-09-24 19:06:40,940 [pool-388-thread-1] INFO  server.RaftServerConfigKeys (ConfUtils.java:logGet(43)) - raft.server.log.statemachine.data.sync = true (default)
2019-09-24 19:06:40,940 [pool-388-thread-1] INFO  server.RaftServerConfigKeys (ConfUtils.java:logGet(43)) - raft.server.log.statemachine.data.sync.timeout = 10s (default)
2019-09-24 19:06:40,940 [pool-388-thread-1] INFO  server.RaftServerConfigKeys (ConfUtils.java:logGet(43)) - raft.server.log.statemachine.data.sync.timeout.retry = -1 (default)
2019-09-24 19:06:40,940 [pool-388-thread-1] INFO  server.RaftServerConfigKeys (ConfUtils.java:logGet(43)) - raft.server.log.statemachine.data.caching.enabled = true (custom)
2019-09-24 19:06:40,941 [pool-388-thread-1] INFO  segmented.SegmentedRaftLogWorker (SegmentedRaftLogWorker.java:lambda$new$0(132)) - 65e7b2a2-bc37-4edf-9ac3-f1ce4d9cbf03@group-6A423CAE0535-SegmentedRaftLogWorker: flushIndex: setUnconditionally 0 -> -1
2019-09-24 19:06:40,941 [pool-388-thread-1] INFO  server.RaftServerConfigKeys (ConfUtils.java:logGet(43)) - raft.server.snapshot.auto.trigger.enabled = true (custom)
2019-09-24 19:06:40,941 [pool-388-thread-1] INFO  server.RaftServerConfigKeys (ConfUtils.java:logGet(43)) - raft.server.snapshot.auto.trigger.threshold = 10000 (custom)
2019-09-24 19:06:40,942 [pool-388-thread-1] INFO  server.RaftServerConfigKeys (ConfUtils.java:logGet(43)) - raft.server.snapshot.retention.num.files = 5 (custom)
2019-09-24 19:06:40,942 [pool-388-thread-1] INFO  server.RaftServerConfigKeys (ConfUtils.java:logGet(43)) - raft.server.retrycache.expirytime = 600000ms (custom)
2019-09-24 19:06:40,944 [pool-388-thread-1] INFO  impl.RaftServerImpl (RaftServerImpl.java:start(185)) - 65e7b2a2-bc37-4edf-9ac3-f1ce4d9cbf03@group-6A423CAE0535: start as a follower, conf=-1: [65e7b2a2-bc37-4edf-9ac3-f1ce4d9cbf03:192.168.5.148:42621], old=null
2019-09-24 19:06:40,944 [pool-388-thread-1] INFO  impl.RaftServerImpl (RaftServerImpl.java:setRole(174)) - 65e7b2a2-bc37-4edf-9ac3-f1ce4d9cbf03@group-6A423CAE0535: changes role from      null to FOLLOWER at term 0 for startAsFollower
2019-09-24 19:06:40,944 [pool-388-thread-1] INFO  impl.RoleInfo (RoleInfo.java:updateAndGet(143)) - 65e7b2a2-bc37-4edf-9ac3-f1ce4d9cbf03: start FollowerState
2019-09-24 19:06:40,945 [pool-388-thread-1] INFO  util.JmxRegister (JmxRegister.java:tryRegister(44)) - Successfully registered JMX Bean with object name Ratis:service=RaftServer,group=group-6A423CAE0535,id=65e7b2a2-bc37-4edf-9ac3-f1ce4d9cbf03
2019-09-24 19:06:40,948 [RatisPipelineUtilsThread] INFO  pipeline.PipelineStateManager (PipelineStateManager.java:addPipeline(56)) - Created pipeline Pipeline[ Id: 2d8b7135-e03f-47dc-828c-6a423cae0535, Nodes: 65e7b2a2-bc37-4edf-9ac3-f1ce4d9cbf03{ip: 192.168.5.148, host: pr-hdds-2149-fgl4f-1742389470, networkLocation: /rack1, certSerialId: null}, Type:RATIS, Factor:ONE, State:OPEN]
2019-09-24 19:06:40,959 [grpc-default-executor-13] INFO  impl.RaftServerProxy (RaftServerProxy.java:addNew(89)) - bbe02bed-b2fd-41cc-b659-07694a69eb1f: addNew group-389367BDECB3:[bbe02bed-b2fd-41cc-b659-07694a69eb1f:192.168.5.148:39307] returns group-389367BDECB3:java.util.concurrent.CompletableFuture@123f5929[Not completed]
2019-09-24 19:06:40,960 [pool-408-thread-1] INFO  impl.RaftServerImpl (RaftServerImpl.java:<init>(95)) - bbe02bed-b2fd-41cc-b659-07694a69eb1f: new RaftServerImpl for group-389367BDECB3:[bbe02bed-b2fd-41cc-b659-07694a69eb1f:192.168.5.148:39307] with ContainerStateMachine:uninitialized
2019-09-24 19:06:40,961 [pool-408-thread-1] INFO  server.RaftServerConfigKeys (ConfUtils.java:logGet(43)) - raft.server.rpc.timeout.min = 1s (custom)
2019-09-24 19:06:40,961 [pool-408-thread-1] INFO  server.RaftServerConfigKeys (ConfUtils.java:logGet(43)) - raft.server.rpc.timeout.max = 1200ms (custom)
2019-09-24 19:06:40,961 [pool-408-thread-1] INFO  server.RaftServerConfigKeys (ConfUtils.java:logGet(43)) - raft.server.rpcslowness.timeout = 120s (custom)
2019-09-24 19:06:40,961 [pool-408-thread-1] INFO  server.RaftServerConfigKeys (ConfUtils.java:logGet(43)) - raft.server.sleep.deviation.threshold = 300 (default)
2019-09-24 19:06:40,961 [pool-408-thread-1] INFO  server.RaftServerConfigKeys (ConfUtils.java:logGet(43)) - raft.server.log.appender.install.snapshot.enabled = false (custom)
2019-09-24 19:06:40,961 [pool-408-thread-1] INFO  impl.RaftServerImpl (ServerState.java:<init>(103)) - bbe02bed-b2fd-41cc-b659-07694a69eb1f@group-389367BDECB3: ConfigurationManager, init=-1: [bbe02bed-b2fd-41cc-b659-07694a69eb1f:192.168.5.148:39307], old=null, confs=<EMPTY_MAP>
2019-09-24 19:06:40,961 [pool-408-thread-1] INFO  server.RaftServerConfigKeys (ConfUtils.java:logGet(43)) - raft.server.storage.dir = [/workdir/hadoop-ozone/integration-test/target/test-dir/MiniOzoneClusterImpl-fd896651-19f7-4594-a8cd-2c001f85b2cc/datanode-2/data/ratis] (custom)
2019-09-24 19:06:40,962 [pool-408-thread-1] INFO  storage.RaftStorageDirectory (RaftStorageDirectory.java:analyzeStorage(246)) - The storage directory /workdir/hadoop-ozone/integration-test/target/test-dir/MiniOzoneClusterImpl-fd896651-19f7-4594-a8cd-2c001f85b2cc/datanode-2/data/ratis/1ea41fbe-71e8-4389-bbd8-389367bdecb3 does not exist. Creating ...
2019-09-24 19:06:40,977 [pool-408-thread-1] INFO  storage.RaftStorageDirectory (RaftStorageDirectory.java:tryLock(328)) - Lock on /workdir/hadoop-ozone/integration-test/target/test-dir/MiniOzoneClusterImpl-fd896651-19f7-4594-a8cd-2c001f85b2cc/datanode-2/data/ratis/1ea41fbe-71e8-4389-bbd8-389367bdecb3/in_use.lock acquired by nodename 10455@pr-hdds-2149-fgl4f-1742389470
2019-09-24 19:06:40,980 [IPC Server handler 9 on 41558] INFO  net.NetworkTopology (NetworkTopologyImpl.java:add(111)) - Added a new node: /rack1/1c0f73f6-af19-4a4b-8f30-46606ded09de
2019-09-24 19:06:40,980 [IPC Server handler 9 on 41558] INFO  node.SCMNodeManager (SCMNodeManager.java:register(266)) - Registered Data node : 1c0f73f6-af19-4a4b-8f30-46606ded09de{ip: 192.168.5.148, host: pr-hdds-2149-fgl4f-1742389470, networkLocation: /rack1, certSerialId: null}
2019-09-24 19:06:40,999 [pool-408-thread-1] INFO  storage.RaftStorage (RaftStorage.java:format(72)) - Storage directory /workdir/hadoop-ozone/integration-test/target/test-dir/MiniOzoneClusterImpl-fd896651-19f7-4594-a8cd-2c001f85b2cc/datanode-2/data/ratis/1ea41fbe-71e8-4389-bbd8-389367bdecb3 has been successfully formatted.
2019-09-24 19:06:41,000 [pool-408-thread-1] INFO  ratis.ContainerStateMachine (ContainerStateMachine.java:loadSnapshot(230)) - group-389367BDECB3: The snapshot info is null. Setting the last applied indexto:(t:0, i:~)
2019-09-24 19:06:41,000 [pool-408-thread-1] INFO  server.RaftServerConfigKeys (ConfUtils.java:logGet(43)) - raft.server.notification.no-leader.timeout = 120s (custom)
2019-09-24 19:06:41,000 [pool-408-thread-1] INFO  server.RaftServerConfigKeys (ConfUtils.java:logGet(43)) - raft.server.log.use.memory = false (default)
2019-09-24 19:06:41,000 [pool-408-thread-1] INFO  server.RaftServerConfigKeys (ConfUtils.java:logGet(43)) - raft.server.log.purge.gap = 1000000 (custom)
2019-09-24 19:06:41,000 [pool-408-thread-1] INFO  server.RaftServerConfigKeys (ConfUtils.java:logGet(43)) - raft.server.log.appender.buffer.byte-limit = 33554432 (custom)
2019-09-24 19:06:41,000 [pool-408-thread-1] INFO  server.RaftServerConfigKeys (ConfUtils.java:logGet(43)) - raft.server.log.segment.size.max = 1048576 (custom)
2019-09-24 19:06:41,000 [pool-408-thread-1] INFO  server.RaftServerConfigKeys (ConfUtils.java:logGet(43)) - raft.server.log.segment.cache.num.max = 2 (custom)
2019-09-24 19:06:41,000 [pool-408-thread-1] INFO  segmented.SegmentedRaftLogWorker (SegmentedRaftLogWorker.java:<init>(172)) - new bbe02bed-b2fd-41cc-b659-07694a69eb1f@group-389367BDECB3-SegmentedRaftLogWorker for RaftStorage:Storage Directory /workdir/hadoop-ozone/integration-test/target/test-dir/MiniOzoneClusterImpl-fd896651-19f7-4594-a8cd-2c001f85b2cc/datanode-2/data/ratis/1ea41fbe-71e8-4389-bbd8-389367bdecb3
2019-09-24 19:06:41,002 [pool-408-thread-1] INFO  server.RaftServerConfigKeys (ConfUtils.java:logGet(43)) - raft.server.log.queue.byte-limit = 2147483647 (custom)
2019-09-24 19:06:41,002 [pool-408-thread-1] INFO  server.RaftServerConfigKeys (ConfUtils.java:logGet(43)) - raft.server.log.queue.element-limit = 1024 (custom)
2019-09-24 19:06:41,002 [pool-408-thread-1] INFO  server.RaftServerConfigKeys (ConfUtils.java:logGet(43)) - raft.server.log.segment.size.max = 1048576 (custom)
2019-09-24 19:06:41,002 [pool-408-thread-1] INFO  server.RaftServerConfigKeys (ConfUtils.java:logGet(43)) - raft.server.log.preallocated.size = 16384 (custom)
2019-09-24 19:06:41,002 [pool-408-thread-1] INFO  server.RaftServerConfigKeys (ConfUtils.java:logGet(43)) - raft.server.log.write.buffer.size = 33554432 (custom)
2019-09-24 19:06:41,002 [pool-408-thread-1] INFO  server.RaftServerConfigKeys (ConfUtils.java:logGet(43)) - raft.server.log.force.sync.num = 128 (default)
2019-09-24 19:06:41,002 [pool-408-thread-1] INFO  server.RaftServerConfigKeys (ConfUtils.java:logGet(43)) - raft.server.log.statemachine.data.sync = true (default)
2019-09-24 19:06:41,003 [pool-408-thread-1] INFO  server.RaftServerConfigKeys (ConfUtils.java:logGet(43)) - raft.server.log.statemachine.data.sync.timeout = 10s (default)
2019-09-24 19:06:41,003 [pool-408-thread-1] INFO  server.RaftServerConfigKeys (ConfUtils.java:logGet(43)) - raft.server.log.statemachine.data.sync.timeout.retry = -1 (default)
2019-09-24 19:06:41,003 [pool-408-thread-1] INFO  server.RaftServerConfigKeys (ConfUtils.java:logGet(43)) - raft.server.log.statemachine.data.caching.enabled = true (custom)
2019-09-24 19:06:41,003 [pool-408-thread-1] INFO  segmented.SegmentedRaftLogWorker (SegmentedRaftLogWorker.java:lambda$new$0(132)) - bbe02bed-b2fd-41cc-b659-07694a69eb1f@group-389367BDECB3-SegmentedRaftLogWorker: flushIndex: setUnconditionally 0 -> -1
2019-09-24 19:06:41,003 [pool-408-thread-1] INFO  server.RaftServerConfigKeys (ConfUtils.java:logGet(43)) - raft.server.snapshot.auto.trigger.enabled = true (custom)
2019-09-24 19:06:41,004 [pool-408-thread-1] INFO  server.RaftServerConfigKeys (ConfUtils.java:logGet(43)) - raft.server.snapshot.auto.trigger.threshold = 10000 (custom)
2019-09-24 19:06:41,004 [pool-408-thread-1] INFO  server.RaftServerConfigKeys (ConfUtils.java:logGet(43)) - raft.server.snapshot.retention.num.files = 5 (custom)
2019-09-24 19:06:41,004 [pool-408-thread-1] INFO  server.RaftServerConfigKeys (ConfUtils.java:logGet(43)) - raft.server.retrycache.expirytime = 600000ms (custom)
2019-09-24 19:06:41,005 [pool-408-thread-1] INFO  impl.RaftServerImpl (RaftServerImpl.java:start(185)) - bbe02bed-b2fd-41cc-b659-07694a69eb1f@group-389367BDECB3: start as a follower, conf=-1: [bbe02bed-b2fd-41cc-b659-07694a69eb1f:192.168.5.148:39307], old=null
2019-09-24 19:06:41,005 [pool-408-thread-1] INFO  impl.RaftServerImpl (RaftServerImpl.java:setRole(174)) - bbe02bed-b2fd-41cc-b659-07694a69eb1f@group-389367BDECB3: changes role from      null to FOLLOWER at term 0 for startAsFollower
2019-09-24 19:06:41,005 [pool-408-thread-1] INFO  impl.RoleInfo (RoleInfo.java:updateAndGet(143)) - bbe02bed-b2fd-41cc-b659-07694a69eb1f: start FollowerState
2019-09-24 19:06:41,006 [pool-408-thread-1] INFO  util.JmxRegister (JmxRegister.java:tryRegister(44)) - Successfully registered JMX Bean with object name Ratis:service=RaftServer,group=group-389367BDECB3,id=bbe02bed-b2fd-41cc-b659-07694a69eb1f
2019-09-24 19:06:41,008 [RatisPipelineUtilsThread] INFO  pipeline.PipelineStateManager (PipelineStateManager.java:addPipeline(56)) - Created pipeline Pipeline[ Id: 1ea41fbe-71e8-4389-bbd8-389367bdecb3, Nodes: bbe02bed-b2fd-41cc-b659-07694a69eb1f{ip: 192.168.5.148, host: pr-hdds-2149-fgl4f-1742389470, networkLocation: /rack1, certSerialId: null}, Type:RATIS, Factor:ONE, State:OPEN]
2019-09-24 19:06:41,016 [grpc-default-executor-13] INFO  impl.RaftServerProxy (RaftServerProxy.java:addNew(89)) - 1c0f73f6-af19-4a4b-8f30-46606ded09de: addNew group-1FED364A9AFE:[1c0f73f6-af19-4a4b-8f30-46606ded09de:192.168.5.148:41417] returns group-1FED364A9AFE:java.util.concurrent.CompletableFuture@1597aeb8[Not completed]
2019-09-24 19:06:41,017 [pool-418-thread-1] INFO  impl.RaftServerImpl (RaftServerImpl.java:<init>(95)) - 1c0f73f6-af19-4a4b-8f30-46606ded09de: new RaftServerImpl for group-1FED364A9AFE:[1c0f73f6-af19-4a4b-8f30-46606ded09de:192.168.5.148:41417] with ContainerStateMachine:uninitialized
2019-09-24 19:06:41,017 [pool-418-thread-1] INFO  server.RaftServerConfigKeys (ConfUtils.java:logGet(43)) - raft.server.rpc.timeout.min = 1s (custom)
2019-09-24 19:06:41,017 [pool-418-thread-1] INFO  server.RaftServerConfigKeys (ConfUtils.java:logGet(43)) - raft.server.rpc.timeout.max = 1200ms (custom)
2019-09-24 19:06:41,017 [pool-418-thread-1] INFO  server.RaftServerConfigKeys (ConfUtils.java:logGet(43)) - raft.server.rpcslowness.timeout = 120s (custom)
2019-09-24 19:06:41,017 [pool-418-thread-1] INFO  server.RaftServerConfigKeys (ConfUtils.java:logGet(43)) - raft.server.sleep.deviation.threshold = 300 (default)
2019-09-24 19:06:41,017 [pool-418-thread-1] INFO  server.RaftServerConfigKeys (ConfUtils.java:logGet(43)) - raft.server.log.appender.install.snapshot.enabled = false (custom)
2019-09-24 19:06:41,017 [pool-418-thread-1] INFO  impl.RaftServerImpl (ServerState.java:<init>(103)) - 1c0f73f6-af19-4a4b-8f30-46606ded09de@group-1FED364A9AFE: ConfigurationManager, init=-1: [1c0f73f6-af19-4a4b-8f30-46606ded09de:192.168.5.148:41417], old=null, confs=<EMPTY_MAP>
2019-09-24 19:06:41,017 [pool-418-thread-1] INFO  server.RaftServerConfigKeys (ConfUtils.java:logGet(43)) - raft.server.storage.dir = [/workdir/hadoop-ozone/integration-test/target/test-dir/MiniOzoneClusterImpl-fd896651-19f7-4594-a8cd-2c001f85b2cc/datanode-3/data/ratis] (custom)
2019-09-24 19:06:41,018 [pool-418-thread-1] INFO  storage.RaftStorageDirectory (RaftStorageDirectory.java:analyzeStorage(246)) - The storage directory /workdir/hadoop-ozone/integration-test/target/test-dir/MiniOzoneClusterImpl-fd896651-19f7-4594-a8cd-2c001f85b2cc/datanode-3/data/ratis/afbe746e-a638-4995-936c-1fed364a9afe does not exist. Creating ...
2019-09-24 19:06:41,036 [pool-418-thread-1] INFO  storage.RaftStorageDirectory (RaftStorageDirectory.java:tryLock(328)) - Lock on /workdir/hadoop-ozone/integration-test/target/test-dir/MiniOzoneClusterImpl-fd896651-19f7-4594-a8cd-2c001f85b2cc/datanode-3/data/ratis/afbe746e-a638-4995-936c-1fed364a9afe/in_use.lock acquired by nodename 10455@pr-hdds-2149-fgl4f-1742389470
2019-09-24 19:06:41,047 [IPC Server handler 0 on 41558] INFO  net.NetworkTopology (NetworkTopologyImpl.java:add(111)) - Added a new node: /rack1/c58aaf1c-89bb-4ba3-9ae1-98cdf66dbe75
2019-09-24 19:06:41,047 [IPC Server handler 0 on 41558] INFO  node.SCMNodeManager (SCMNodeManager.java:register(266)) - Registered Data node : c58aaf1c-89bb-4ba3-9ae1-98cdf66dbe75{ip: 192.168.5.148, host: pr-hdds-2149-fgl4f-1742389470, networkLocation: /rack1, certSerialId: null}
2019-09-24 19:06:41,062 [pool-418-thread-1] INFO  storage.RaftStorage (RaftStorage.java:format(72)) - Storage directory /workdir/hadoop-ozone/integration-test/target/test-dir/MiniOzoneClusterImpl-fd896651-19f7-4594-a8cd-2c001f85b2cc/datanode-3/data/ratis/afbe746e-a638-4995-936c-1fed364a9afe has been successfully formatted.
2019-09-24 19:06:41,063 [pool-418-thread-1] INFO  ratis.ContainerStateMachine (ContainerStateMachine.java:loadSnapshot(230)) - group-1FED364A9AFE: The snapshot info is null. Setting the last applied indexto:(t:0, i:~)
2019-09-24 19:06:41,063 [pool-418-thread-1] INFO  server.RaftServerConfigKeys (ConfUtils.java:logGet(43)) - raft.server.notification.no-leader.timeout = 120s (custom)
2019-09-24 19:06:41,063 [pool-418-thread-1] INFO  server.RaftServerConfigKeys (ConfUtils.java:logGet(43)) - raft.server.log.use.memory = false (default)
2019-09-24 19:06:41,063 [pool-418-thread-1] INFO  server.RaftServerConfigKeys (ConfUtils.java:logGet(43)) - raft.server.log.purge.gap = 1000000 (custom)
2019-09-24 19:06:41,063 [pool-418-thread-1] INFO  server.RaftServerConfigKeys (ConfUtils.java:logGet(43)) - raft.server.log.appender.buffer.byte-limit = 33554432 (custom)
2019-09-24 19:06:41,063 [pool-418-thread-1] INFO  server.RaftServerConfigKeys (ConfUtils.java:logGet(43)) - raft.server.log.segment.size.max = 1048576 (custom)
2019-09-24 19:06:41,063 [pool-418-thread-1] INFO  server.RaftServerConfigKeys (ConfUtils.java:logGet(43)) - raft.server.log.segment.cache.num.max = 2 (custom)
2019-09-24 19:06:41,063 [pool-418-thread-1] INFO  segmented.SegmentedRaftLogWorker (SegmentedRaftLogWorker.java:<init>(172)) - new 1c0f73f6-af19-4a4b-8f30-46606ded09de@group-1FED364A9AFE-SegmentedRaftLogWorker for RaftStorage:Storage Directory /workdir/hadoop-ozone/integration-test/target/test-dir/MiniOzoneClusterImpl-fd896651-19f7-4594-a8cd-2c001f85b2cc/datanode-3/data/ratis/afbe746e-a638-4995-936c-1fed364a9afe
2019-09-24 19:06:41,065 [pool-418-thread-1] INFO  server.RaftServerConfigKeys (ConfUtils.java:logGet(43)) - raft.server.log.queue.byte-limit = 2147483647 (custom)
2019-09-24 19:06:41,065 [pool-418-thread-1] INFO  server.RaftServerConfigKeys (ConfUtils.java:logGet(43)) - raft.server.log.queue.element-limit = 1024 (custom)
2019-09-24 19:06:41,065 [pool-418-thread-1] INFO  server.RaftServerConfigKeys (ConfUtils.java:logGet(43)) - raft.server.log.segment.size.max = 1048576 (custom)
2019-09-24 19:06:41,065 [pool-418-thread-1] INFO  server.RaftServerConfigKeys (ConfUtils.java:logGet(43)) - raft.server.log.preallocated.size = 16384 (custom)
2019-09-24 19:06:41,065 [pool-418-thread-1] INFO  server.RaftServerConfigKeys (ConfUtils.java:logGet(43)) - raft.server.log.write.buffer.size = 33554432 (custom)
2019-09-24 19:06:41,065 [pool-418-thread-1] INFO  server.RaftServerConfigKeys (ConfUtils.java:logGet(43)) - raft.server.log.force.sync.num = 128 (default)
2019-09-24 19:06:41,065 [pool-418-thread-1] INFO  server.RaftServerConfigKeys (ConfUtils.java:logGet(43)) - raft.server.log.statemachine.data.sync = true (default)
2019-09-24 19:06:41,066 [pool-418-thread-1] INFO  server.RaftServerConfigKeys (ConfUtils.java:logGet(43)) - raft.server.log.statemachine.data.sync.timeout = 10s (default)
2019-09-24 19:06:41,066 [pool-418-thread-1] INFO  server.RaftServerConfigKeys (ConfUtils.java:logGet(43)) - raft.server.log.statemachine.data.sync.timeout.retry = -1 (default)
2019-09-24 19:06:41,066 [pool-418-thread-1] INFO  server.RaftServerConfigKeys (ConfUtils.java:logGet(43)) - raft.server.log.statemachine.data.caching.enabled = true (custom)
2019-09-24 19:06:41,066 [pool-418-thread-1] INFO  segmented.SegmentedRaftLogWorker (SegmentedRaftLogWorker.java:lambda$new$0(132)) - 1c0f73f6-af19-4a4b-8f30-46606ded09de@group-1FED364A9AFE-SegmentedRaftLogWorker: flushIndex: setUnconditionally 0 -> -1
2019-09-24 19:06:41,066 [pool-418-thread-1] INFO  server.RaftServerConfigKeys (ConfUtils.java:logGet(43)) - raft.server.snapshot.auto.trigger.enabled = true (custom)
2019-09-24 19:06:41,066 [pool-418-thread-1] INFO  server.RaftServerConfigKeys (ConfUtils.java:logGet(43)) - raft.server.snapshot.auto.trigger.threshold = 10000 (custom)
2019-09-24 19:06:41,066 [pool-418-thread-1] INFO  server.RaftServerConfigKeys (ConfUtils.java:logGet(43)) - raft.server.snapshot.retention.num.files = 5 (custom)
2019-09-24 19:06:41,067 [pool-418-thread-1] INFO  server.RaftServerConfigKeys (ConfUtils.java:logGet(43)) - raft.server.retrycache.expirytime = 600000ms (custom)
2019-09-24 19:06:41,068 [pool-418-thread-1] INFO  impl.RaftServerImpl (RaftServerImpl.java:start(185)) - 1c0f73f6-af19-4a4b-8f30-46606ded09de@group-1FED364A9AFE: start as a follower, conf=-1: [1c0f73f6-af19-4a4b-8f30-46606ded09de:192.168.5.148:41417], old=null
2019-09-24 19:06:41,068 [pool-418-thread-1] INFO  impl.RaftServerImpl (RaftServerImpl.java:setRole(174)) - 1c0f73f6-af19-4a4b-8f30-46606ded09de@group-1FED364A9AFE: changes role from      null to FOLLOWER at term 0 for startAsFollower
2019-09-24 19:06:41,068 [pool-418-thread-1] INFO  impl.RoleInfo (RoleInfo.java:updateAndGet(143)) - 1c0f73f6-af19-4a4b-8f30-46606ded09de: start FollowerState
2019-09-24 19:06:41,068 [pool-418-thread-1] INFO  util.JmxRegister (JmxRegister.java:tryRegister(44)) - Successfully registered JMX Bean with object name Ratis:service=RaftServer,group=group-1FED364A9AFE,id=1c0f73f6-af19-4a4b-8f30-46606ded09de
2019-09-24 19:06:41,070 [RatisPipelineUtilsThread] INFO  pipeline.PipelineStateManager (PipelineStateManager.java:addPipeline(56)) - Created pipeline Pipeline[ Id: afbe746e-a638-4995-936c-1fed364a9afe, Nodes: 1c0f73f6-af19-4a4b-8f30-46606ded09de{ip: 192.168.5.148, host: pr-hdds-2149-fgl4f-1742389470, networkLocation: /rack1, certSerialId: null}, Type:RATIS, Factor:ONE, State:OPEN]
2019-09-24 19:06:41,082 [grpc-default-executor-13] INFO  impl.RaftServerProxy (RaftServerProxy.java:addNew(89)) - c58aaf1c-89bb-4ba3-9ae1-98cdf66dbe75: addNew group-F8113E93C1BB:[c58aaf1c-89bb-4ba3-9ae1-98cdf66dbe75:192.168.5.148:43370] returns group-F8113E93C1BB:java.util.concurrent.CompletableFuture@489e830c[Not completed]
2019-09-24 19:06:41,083 [pool-428-thread-1] INFO  impl.RaftServerImpl (RaftServerImpl.java:<init>(95)) - c58aaf1c-89bb-4ba3-9ae1-98cdf66dbe75: new RaftServerImpl for group-F8113E93C1BB:[c58aaf1c-89bb-4ba3-9ae1-98cdf66dbe75:192.168.5.148:43370] with ContainerStateMachine:uninitialized
2019-09-24 19:06:41,083 [pool-428-thread-1] INFO  server.RaftServerConfigKeys (ConfUtils.java:logGet(43)) - raft.server.rpc.timeout.min = 1s (custom)
2019-09-24 19:06:41,083 [pool-428-thread-1] INFO  server.RaftServerConfigKeys (ConfUtils.java:logGet(43)) - raft.server.rpc.timeout.max = 1200ms (custom)
2019-09-24 19:06:41,083 [pool-428-thread-1] INFO  server.RaftServerConfigKeys (ConfUtils.java:logGet(43)) - raft.server.rpcslowness.timeout = 120s (custom)
2019-09-24 19:06:41,083 [pool-428-thread-1] INFO  server.RaftServerConfigKeys (ConfUtils.java:logGet(43)) - raft.server.sleep.deviation.threshold = 300 (default)
2019-09-24 19:06:41,083 [pool-428-thread-1] INFO  server.RaftServerConfigKeys (ConfUtils.java:logGet(43)) - raft.server.log.appender.install.snapshot.enabled = false (custom)
2019-09-24 19:06:41,083 [pool-428-thread-1] INFO  impl.RaftServerImpl (ServerState.java:<init>(103)) - c58aaf1c-89bb-4ba3-9ae1-98cdf66dbe75@group-F8113E93C1BB: ConfigurationManager, init=-1: [c58aaf1c-89bb-4ba3-9ae1-98cdf66dbe75:192.168.5.148:43370], old=null, confs=<EMPTY_MAP>
2019-09-24 19:06:41,084 [pool-428-thread-1] INFO  server.RaftServerConfigKeys (ConfUtils.java:logGet(43)) - raft.server.storage.dir = [/workdir/hadoop-ozone/integration-test/target/test-dir/MiniOzoneClusterImpl-fd896651-19f7-4594-a8cd-2c001f85b2cc/datanode-4/data/ratis] (custom)
2019-09-24 19:06:41,084 [pool-428-thread-1] INFO  storage.RaftStorageDirectory (RaftStorageDirectory.java:analyzeStorage(246)) - The storage directory /workdir/hadoop-ozone/integration-test/target/test-dir/MiniOzoneClusterImpl-fd896651-19f7-4594-a8cd-2c001f85b2cc/datanode-4/data/ratis/c712c08d-1a06-4fd5-b2e2-f8113e93c1bb does not exist. Creating ...
2019-09-24 19:06:41,097 [pool-428-thread-1] INFO  storage.RaftStorageDirectory (RaftStorageDirectory.java:tryLock(328)) - Lock on /workdir/hadoop-ozone/integration-test/target/test-dir/MiniOzoneClusterImpl-fd896651-19f7-4594-a8cd-2c001f85b2cc/datanode-4/data/ratis/c712c08d-1a06-4fd5-b2e2-f8113e93c1bb/in_use.lock acquired by nodename 10455@pr-hdds-2149-fgl4f-1742389470
2019-09-24 19:06:41,110 [IPC Server handler 2 on 41558] INFO  net.NetworkTopology (NetworkTopologyImpl.java:add(111)) - Added a new node: /rack1/bef30485-dff6-47d2-88a8-2d6b76a883db
2019-09-24 19:06:41,110 [IPC Server handler 2 on 41558] INFO  node.SCMNodeManager (SCMNodeManager.java:register(266)) - Registered Data node : bef30485-dff6-47d2-88a8-2d6b76a883db{ip: 192.168.5.148, host: pr-hdds-2149-fgl4f-1742389470, networkLocation: /rack1, certSerialId: null}
2019-09-24 19:06:41,111 [pool-428-thread-1] INFO  storage.RaftStorage (RaftStorage.java:format(72)) - Storage directory /workdir/hadoop-ozone/integration-test/target/test-dir/MiniOzoneClusterImpl-fd896651-19f7-4594-a8cd-2c001f85b2cc/datanode-4/data/ratis/c712c08d-1a06-4fd5-b2e2-f8113e93c1bb has been successfully formatted.
2019-09-24 19:06:41,111 [pool-428-thread-1] INFO  ratis.ContainerStateMachine (ContainerStateMachine.java:loadSnapshot(230)) - group-F8113E93C1BB: The snapshot info is null. Setting the last applied indexto:(t:0, i:~)
2019-09-24 19:06:41,111 [pool-428-thread-1] INFO  server.RaftServerConfigKeys (ConfUtils.java:logGet(43)) - raft.server.notification.no-leader.timeout = 120s (custom)
2019-09-24 19:06:41,111 [pool-428-thread-1] INFO  server.RaftServerConfigKeys (ConfUtils.java:logGet(43)) - raft.server.log.use.memory = false (default)
2019-09-24 19:06:41,112 [pool-428-thread-1] INFO  server.RaftServerConfigKeys (ConfUtils.java:logGet(43)) - raft.server.log.purge.gap = 1000000 (custom)
2019-09-24 19:06:41,112 [pool-428-thread-1] INFO  server.RaftServerConfigKeys (ConfUtils.java:logGet(43)) - raft.server.log.appender.buffer.byte-limit = 33554432 (custom)
2019-09-24 19:06:41,112 [pool-428-thread-1] INFO  server.RaftServerConfigKeys (ConfUtils.java:logGet(43)) - raft.server.log.segment.size.max = 1048576 (custom)
2019-09-24 19:06:41,112 [pool-428-thread-1] INFO  server.RaftServerConfigKeys (ConfUtils.java:logGet(43)) - raft.server.log.segment.cache.num.max = 2 (custom)
2019-09-24 19:06:41,112 [pool-428-thread-1] INFO  segmented.SegmentedRaftLogWorker (SegmentedRaftLogWorker.java:<init>(172)) - new c58aaf1c-89bb-4ba3-9ae1-98cdf66dbe75@group-F8113E93C1BB-SegmentedRaftLogWorker for RaftStorage:Storage Directory /workdir/hadoop-ozone/integration-test/target/test-dir/MiniOzoneClusterImpl-fd896651-19f7-4594-a8cd-2c001f85b2cc/datanode-4/data/ratis/c712c08d-1a06-4fd5-b2e2-f8113e93c1bb
2019-09-24 19:06:41,115 [pool-428-thread-1] INFO  server.RaftServerConfigKeys (ConfUtils.java:logGet(43)) - raft.server.log.queue.byte-limit = 2147483647 (custom)
2019-09-24 19:06:41,115 [pool-428-thread-1] INFO  server.RaftServerConfigKeys (ConfUtils.java:logGet(43)) - raft.server.log.queue.element-limit = 1024 (custom)
2019-09-24 19:06:41,115 [pool-428-thread-1] INFO  server.RaftServerConfigKeys (ConfUtils.java:logGet(43)) - raft.server.log.segment.size.max = 1048576 (custom)
2019-09-24 19:06:41,115 [pool-428-thread-1] INFO  server.RaftServerConfigKeys (ConfUtils.java:logGet(43)) - raft.server.log.preallocated.size = 16384 (custom)
2019-09-24 19:06:41,115 [pool-428-thread-1] INFO  server.RaftServerConfigKeys (ConfUtils.java:logGet(43)) - raft.server.log.write.buffer.size = 33554432 (custom)
2019-09-24 19:06:41,116 [pool-428-thread-1] INFO  server.RaftServerConfigKeys (ConfUtils.java:logGet(43)) - raft.server.log.force.sync.num = 128 (default)
2019-09-24 19:06:41,116 [pool-428-thread-1] INFO  server.RaftServerConfigKeys (ConfUtils.java:logGet(43)) - raft.server.log.statemachine.data.sync = true (default)
2019-09-24 19:06:41,116 [pool-428-thread-1] INFO  server.RaftServerConfigKeys (ConfUtils.java:logGet(43)) - raft.server.log.statemachine.data.sync.timeout = 10s (default)
2019-09-24 19:06:41,116 [pool-428-thread-1] INFO  server.RaftServerConfigKeys (ConfUtils.java:logGet(43)) - raft.server.log.statemachine.data.sync.timeout.retry = -1 (default)
2019-09-24 19:06:41,116 [pool-428-thread-1] INFO  server.RaftServerConfigKeys (ConfUtils.java:logGet(43)) - raft.server.log.statemachine.data.caching.enabled = true (custom)
2019-09-24 19:06:41,117 [pool-428-thread-1] INFO  segmented.SegmentedRaftLogWorker (SegmentedRaftLogWorker.java:lambda$new$0(132)) - c58aaf1c-89bb-4ba3-9ae1-98cdf66dbe75@group-F8113E93C1BB-SegmentedRaftLogWorker: flushIndex: setUnconditionally 0 -> -1
2019-09-24 19:06:41,117 [pool-428-thread-1] INFO  server.RaftServerConfigKeys (ConfUtils.java:logGet(43)) - raft.server.snapshot.auto.trigger.enabled = true (custom)
2019-09-24 19:06:41,117 [pool-428-thread-1] INFO  server.RaftServerConfigKeys (ConfUtils.java:logGet(43)) - raft.server.snapshot.auto.trigger.threshold = 10000 (custom)
2019-09-24 19:06:41,118 [pool-428-thread-1] INFO  server.RaftServerConfigKeys (ConfUtils.java:logGet(43)) - raft.server.snapshot.retention.num.files = 5 (custom)
2019-09-24 19:06:41,118 [pool-428-thread-1] INFO  server.RaftServerConfigKeys (ConfUtils.java:logGet(43)) - raft.server.retrycache.expirytime = 600000ms (custom)
2019-09-24 19:06:41,120 [pool-428-thread-1] INFO  impl.RaftServerImpl (RaftServerImpl.java:start(185)) - c58aaf1c-89bb-4ba3-9ae1-98cdf66dbe75@group-F8113E93C1BB: start as a follower, conf=-1: [c58aaf1c-89bb-4ba3-9ae1-98cdf66dbe75:192.168.5.148:43370], old=null
2019-09-24 19:06:41,120 [pool-428-thread-1] INFO  impl.RaftServerImpl (RaftServerImpl.java:setRole(174)) - c58aaf1c-89bb-4ba3-9ae1-98cdf66dbe75@group-F8113E93C1BB: changes role from      null to FOLLOWER at term 0 for startAsFollower
2019-09-24 19:06:41,120 [pool-428-thread-1] INFO  impl.RoleInfo (RoleInfo.java:updateAndGet(143)) - c58aaf1c-89bb-4ba3-9ae1-98cdf66dbe75: start FollowerState
2019-09-24 19:06:41,121 [pool-428-thread-1] INFO  util.JmxRegister (JmxRegister.java:tryRegister(44)) - Successfully registered JMX Bean with object name Ratis:service=RaftServer,group=group-F8113E93C1BB,id=c58aaf1c-89bb-4ba3-9ae1-98cdf66dbe75
2019-09-24 19:06:41,123 [RatisPipelineUtilsThread] INFO  pipeline.PipelineStateManager (PipelineStateManager.java:addPipeline(56)) - Created pipeline Pipeline[ Id: c712c08d-1a06-4fd5-b2e2-f8113e93c1bb, Nodes: c58aaf1c-89bb-4ba3-9ae1-98cdf66dbe75{ip: 192.168.5.148, host: pr-hdds-2149-fgl4f-1742389470, networkLocation: /rack1, certSerialId: null}, Type:RATIS, Factor:ONE, State:OPEN]
2019-09-24 19:06:41,141 [grpc-default-executor-13] INFO  impl.RaftServerProxy (RaftServerProxy.java:addNew(89)) - bef30485-dff6-47d2-88a8-2d6b76a883db: addNew group-0D3C7E1B4A92:[bef30485-dff6-47d2-88a8-2d6b76a883db:192.168.5.148:38198] returns group-0D3C7E1B4A92:java.util.concurrent.CompletableFuture@7f59f477[Not completed]
2019-09-24 19:06:41,143 [pool-438-thread-1] INFO  impl.RaftServerImpl (RaftServerImpl.java:<init>(95)) - bef30485-dff6-47d2-88a8-2d6b76a883db: new RaftServerImpl for group-0D3C7E1B4A92:[bef30485-dff6-47d2-88a8-2d6b76a883db:192.168.5.148:38198] with ContainerStateMachine:uninitialized
2019-09-24 19:06:41,143 [pool-438-thread-1] INFO  server.RaftServerConfigKeys (ConfUtils.java:logGet(43)) - raft.server.rpc.timeout.min = 1s (custom)
2019-09-24 19:06:41,144 [pool-438-thread-1] INFO  server.RaftServerConfigKeys (ConfUtils.java:logGet(43)) - raft.server.rpc.timeout.max = 1200ms (custom)
2019-09-24 19:06:41,144 [pool-438-thread-1] INFO  server.RaftServerConfigKeys (ConfUtils.java:logGet(43)) - raft.server.rpcslowness.timeout = 120s (custom)
2019-09-24 19:06:41,144 [pool-438-thread-1] INFO  server.RaftServerConfigKeys (ConfUtils.java:logGet(43)) - raft.server.sleep.deviation.threshold = 300 (default)
2019-09-24 19:06:41,144 [pool-438-thread-1] INFO  server.RaftServerConfigKeys (ConfUtils.java:logGet(43)) - raft.server.log.appender.install.snapshot.enabled = false (custom)
2019-09-24 19:06:41,144 [pool-438-thread-1] INFO  impl.RaftServerImpl (ServerState.java:<init>(103)) - bef30485-dff6-47d2-88a8-2d6b76a883db@group-0D3C7E1B4A92: ConfigurationManager, init=-1: [bef30485-dff6-47d2-88a8-2d6b76a883db:192.168.5.148:38198], old=null, confs=<EMPTY_MAP>
2019-09-24 19:06:41,144 [pool-438-thread-1] INFO  server.RaftServerConfigKeys (ConfUtils.java:logGet(43)) - raft.server.storage.dir = [/workdir/hadoop-ozone/integration-test/target/test-dir/MiniOzoneClusterImpl-fd896651-19f7-4594-a8cd-2c001f85b2cc/datanode-5/data/ratis] (custom)
2019-09-24 19:06:41,145 [pool-438-thread-1] INFO  storage.RaftStorageDirectory (RaftStorageDirectory.java:analyzeStorage(246)) - The storage directory /workdir/hadoop-ozone/integration-test/target/test-dir/MiniOzoneClusterImpl-fd896651-19f7-4594-a8cd-2c001f85b2cc/datanode-5/data/ratis/31c5b6b5-9975-4355-9c76-0d3c7e1b4a92 does not exist. Creating ...
2019-09-24 19:06:41,170 [IPC Server handler 4 on 41558] INFO  net.NetworkTopology (NetworkTopologyImpl.java:add(111)) - Added a new node: /rack1/56e639b0-539e-46f2-afe9-98e7bb950b90
2019-09-24 19:06:41,170 [IPC Server handler 4 on 41558] INFO  node.SCMNodeManager (SCMNodeManager.java:register(266)) - Registered Data node : 56e639b0-539e-46f2-afe9-98e7bb950b90{ip: 192.168.5.148, host: pr-hdds-2149-fgl4f-1742389470, networkLocation: /rack1, certSerialId: null}
2019-09-24 19:06:41,233 [IPC Server handler 5 on 41558] INFO  net.NetworkTopology (NetworkTopologyImpl.java:add(111)) - Added a new node: /rack1/b0305751-6675-4e58-b5a6-74f1444b0eaa
2019-09-24 19:06:41,233 [IPC Server handler 5 on 41558] INFO  node.SCMNodeManager (SCMNodeManager.java:register(266)) - Registered Data node : b0305751-6675-4e58-b5a6-74f1444b0eaa{ip: 192.168.5.148, host: pr-hdds-2149-fgl4f-1742389470, networkLocation: /rack1, certSerialId: null}
2019-09-24 19:06:41,294 [IPC Server handler 3 on 41558] INFO  net.NetworkTopology (NetworkTopologyImpl.java:add(111)) - Added a new node: /rack1/e7fe0687-6752-4b4e-a826-e4ccbddfde1f
2019-09-24 19:06:41,295 [IPC Server handler 3 on 41558] INFO  node.SCMNodeManager (SCMNodeManager.java:register(266)) - Registered Data node : e7fe0687-6752-4b4e-a826-e4ccbddfde1f{ip: 192.168.5.148, host: pr-hdds-2149-fgl4f-1742389470, networkLocation: /rack1, certSerialId: null}
2019-09-24 19:06:41,360 [main] INFO  ozone.MiniOzoneClusterImpl (MiniOzoneClusterImpl.java:lambda$waitForClusterToBeReady$0(147)) - Waiting for cluster to be ready. Got 9 of 10 DN Heartbeats.
2019-09-24 19:06:41,362 [IPC Server handler 6 on 41558] INFO  net.NetworkTopology (NetworkTopologyImpl.java:add(111)) - Added a new node: /rack1/a1cd4983-4499-4ca1-85e6-001c65d6bf4f
2019-09-24 19:06:41,363 [IPC Server handler 6 on 41558] INFO  node.SCMNodeManager (SCMNodeManager.java:register(266)) - Registered Data node : a1cd4983-4499-4ca1-85e6-001c65d6bf4f{ip: 192.168.5.148, host: pr-hdds-2149-fgl4f-1742389470, networkLocation: /rack1, certSerialId: null}
2019-09-24 19:06:41,365 [pool-438-thread-1] INFO  storage.RaftStorageDirectory (RaftStorageDirectory.java:tryLock(328)) - Lock on /workdir/hadoop-ozone/integration-test/target/test-dir/MiniOzoneClusterImpl-fd896651-19f7-4594-a8cd-2c001f85b2cc/datanode-5/data/ratis/31c5b6b5-9975-4355-9c76-0d3c7e1b4a92/in_use.lock acquired by nodename 10455@pr-hdds-2149-fgl4f-1742389470
2019-09-24 19:06:41,449 [pool-438-thread-1] INFO  storage.RaftStorage (RaftStorage.java:format(72)) - Storage directory /workdir/hadoop-ozone/integration-test/target/test-dir/MiniOzoneClusterImpl-fd896651-19f7-4594-a8cd-2c001f85b2cc/datanode-5/data/ratis/31c5b6b5-9975-4355-9c76-0d3c7e1b4a92 has been successfully formatted.
2019-09-24 19:06:41,450 [pool-438-thread-1] INFO  ratis.ContainerStateMachine (ContainerStateMachine.java:loadSnapshot(230)) - group-0D3C7E1B4A92: The snapshot info is null. Setting the last applied indexto:(t:0, i:~)
2019-09-24 19:06:41,450 [pool-438-thread-1] INFO  server.RaftServerConfigKeys (ConfUtils.java:logGet(43)) - raft.server.notification.no-leader.timeout = 120s (custom)
2019-09-24 19:06:41,450 [pool-438-thread-1] INFO  server.RaftServerConfigKeys (ConfUtils.java:logGet(43)) - raft.server.log.use.memory = false (default)
2019-09-24 19:06:41,450 [pool-438-thread-1] INFO  server.RaftServerConfigKeys (ConfUtils.java:logGet(43)) - raft.server.log.purge.gap = 1000000 (custom)
2019-09-24 19:06:41,450 [pool-438-thread-1] INFO  server.RaftServerConfigKeys (ConfUtils.java:logGet(43)) - raft.server.log.appender.buffer.byte-limit = 33554432 (custom)
2019-09-24 19:06:41,451 [pool-438-thread-1] INFO  server.RaftServerConfigKeys (ConfUtils.java:logGet(43)) - raft.server.log.segment.size.max = 1048576 (custom)
2019-09-24 19:06:41,451 [pool-438-thread-1] INFO  server.RaftServerConfigKeys (ConfUtils.java:logGet(43)) - raft.server.log.segment.cache.num.max = 2 (custom)
2019-09-24 19:06:41,451 [pool-438-thread-1] INFO  segmented.SegmentedRaftLogWorker (SegmentedRaftLogWorker.java:<init>(172)) - new bef30485-dff6-47d2-88a8-2d6b76a883db@group-0D3C7E1B4A92-SegmentedRaftLogWorker for RaftStorage:Storage Directory /workdir/hadoop-ozone/integration-test/target/test-dir/MiniOzoneClusterImpl-fd896651-19f7-4594-a8cd-2c001f85b2cc/datanode-5/data/ratis/31c5b6b5-9975-4355-9c76-0d3c7e1b4a92
2019-09-24 19:06:41,452 [pool-438-thread-1] INFO  server.RaftServerConfigKeys (ConfUtils.java:logGet(43)) - raft.server.log.queue.byte-limit = 2147483647 (custom)
2019-09-24 19:06:41,453 [pool-438-thread-1] INFO  server.RaftServerConfigKeys (ConfUtils.java:logGet(43)) - raft.server.log.queue.element-limit = 1024 (custom)
2019-09-24 19:06:41,453 [pool-438-thread-1] INFO  server.RaftServerConfigKeys (ConfUtils.java:logGet(43)) - raft.server.log.segment.size.max = 1048576 (custom)
2019-09-24 19:06:41,453 [pool-438-thread-1] INFO  server.RaftServerConfigKeys (ConfUtils.java:logGet(43)) - raft.server.log.preallocated.size = 16384 (custom)
2019-09-24 19:06:41,453 [pool-438-thread-1] INFO  server.RaftServerConfigKeys (ConfUtils.java:logGet(43)) - raft.server.log.write.buffer.size = 33554432 (custom)
2019-09-24 19:06:41,453 [pool-438-thread-1] INFO  server.RaftServerConfigKeys (ConfUtils.java:logGet(43)) - raft.server.log.force.sync.num = 128 (default)
2019-09-24 19:06:41,453 [pool-438-thread-1] INFO  server.RaftServerConfigKeys (ConfUtils.java:logGet(43)) - raft.server.log.statemachine.data.sync = true (default)
2019-09-24 19:06:41,453 [pool-438-thread-1] INFO  server.RaftServerConfigKeys (ConfUtils.java:logGet(43)) - raft.server.log.statemachine.data.sync.timeout = 10s (default)
2019-09-24 19:06:41,453 [pool-438-thread-1] INFO  server.RaftServerConfigKeys (ConfUtils.java:logGet(43)) - raft.server.log.statemachine.data.sync.timeout.retry = -1 (default)
2019-09-24 19:06:41,454 [pool-438-thread-1] INFO  server.RaftServerConfigKeys (ConfUtils.java:logGet(43)) - raft.server.log.statemachine.data.caching.enabled = true (custom)
2019-09-24 19:06:41,454 [pool-438-thread-1] INFO  segmented.SegmentedRaftLogWorker (SegmentedRaftLogWorker.java:lambda$new$0(132)) - bef30485-dff6-47d2-88a8-2d6b76a883db@group-0D3C7E1B4A92-SegmentedRaftLogWorker: flushIndex: setUnconditionally 0 -> -1
2019-09-24 19:06:41,454 [pool-438-thread-1] INFO  server.RaftServerConfigKeys (ConfUtils.java:logGet(43)) - raft.server.snapshot.auto.trigger.enabled = true (custom)
2019-09-24 19:06:41,454 [pool-438-thread-1] INFO  server.RaftServerConfigKeys (ConfUtils.java:logGet(43)) - raft.server.snapshot.auto.trigger.threshold = 10000 (custom)
2019-09-24 19:06:41,454 [pool-438-thread-1] INFO  server.RaftServerConfigKeys (ConfUtils.java:logGet(43)) - raft.server.snapshot.retention.num.files = 5 (custom)
2019-09-24 19:06:41,455 [pool-438-thread-1] INFO  server.RaftServerConfigKeys (ConfUtils.java:logGet(43)) - raft.server.retrycache.expirytime = 600000ms (custom)
2019-09-24 19:06:41,456 [pool-438-thread-1] INFO  impl.RaftServerImpl (RaftServerImpl.java:start(185)) - bef30485-dff6-47d2-88a8-2d6b76a883db@group-0D3C7E1B4A92: start as a follower, conf=-1: [bef30485-dff6-47d2-88a8-2d6b76a883db:192.168.5.148:38198], old=null
2019-09-24 19:06:41,456 [pool-438-thread-1] INFO  impl.RaftServerImpl (RaftServerImpl.java:setRole(174)) - bef30485-dff6-47d2-88a8-2d6b76a883db@group-0D3C7E1B4A92: changes role from      null to FOLLOWER at term 0 for startAsFollower
2019-09-24 19:06:41,456 [pool-438-thread-1] INFO  impl.RoleInfo (RoleInfo.java:updateAndGet(143)) - bef30485-dff6-47d2-88a8-2d6b76a883db: start FollowerState
2019-09-24 19:06:41,457 [pool-438-thread-1] INFO  util.JmxRegister (JmxRegister.java:tryRegister(44)) - Successfully registered JMX Bean with object name Ratis:service=RaftServer,group=group-0D3C7E1B4A92,id=bef30485-dff6-47d2-88a8-2d6b76a883db
2019-09-24 19:06:41,461 [RatisPipelineUtilsThread] INFO  pipeline.PipelineStateManager (PipelineStateManager.java:addPipeline(56)) - Created pipeline Pipeline[ Id: 31c5b6b5-9975-4355-9c76-0d3c7e1b4a92, Nodes: bef30485-dff6-47d2-88a8-2d6b76a883db{ip: 192.168.5.148, host: pr-hdds-2149-fgl4f-1742389470, networkLocation: /rack1, certSerialId: null}, Type:RATIS, Factor:ONE, State:OPEN]
2019-09-24 19:06:41,475 [grpc-default-executor-13] INFO  impl.RaftServerProxy (RaftServerProxy.java:addNew(89)) - 56e639b0-539e-46f2-afe9-98e7bb950b90: addNew group-1D2227E36EC6:[56e639b0-539e-46f2-afe9-98e7bb950b90:192.168.5.148:41145] returns group-1D2227E36EC6:java.util.concurrent.CompletableFuture@4c34410b[Not completed]
2019-09-24 19:06:41,476 [pool-448-thread-1] INFO  impl.RaftServerImpl (RaftServerImpl.java:<init>(95)) - 56e639b0-539e-46f2-afe9-98e7bb950b90: new RaftServerImpl for group-1D2227E36EC6:[56e639b0-539e-46f2-afe9-98e7bb950b90:192.168.5.148:41145] with ContainerStateMachine:uninitialized
2019-09-24 19:06:41,476 [pool-448-thread-1] INFO  server.RaftServerConfigKeys (ConfUtils.java:logGet(43)) - raft.server.rpc.timeout.min = 1s (custom)
2019-09-24 19:06:41,476 [pool-448-thread-1] INFO  server.RaftServerConfigKeys (ConfUtils.java:logGet(43)) - raft.server.rpc.timeout.max = 1200ms (custom)
2019-09-24 19:06:41,476 [pool-448-thread-1] INFO  server.RaftServerConfigKeys (ConfUtils.java:logGet(43)) - raft.server.rpcslowness.timeout = 120s (custom)
2019-09-24 19:06:41,476 [pool-448-thread-1] INFO  server.RaftServerConfigKeys (ConfUtils.java:logGet(43)) - raft.server.sleep.deviation.threshold = 300 (default)
2019-09-24 19:06:41,476 [pool-448-thread-1] INFO  server.RaftServerConfigKeys (ConfUtils.java:logGet(43)) - raft.server.log.appender.install.snapshot.enabled = false (custom)
2019-09-24 19:06:41,476 [pool-448-thread-1] INFO  impl.RaftServerImpl (ServerState.java:<init>(103)) - 56e639b0-539e-46f2-afe9-98e7bb950b90@group-1D2227E36EC6: ConfigurationManager, init=-1: [56e639b0-539e-46f2-afe9-98e7bb950b90:192.168.5.148:41145], old=null, confs=<EMPTY_MAP>
2019-09-24 19:06:41,477 [pool-448-thread-1] INFO  server.RaftServerConfigKeys (ConfUtils.java:logGet(43)) - raft.server.storage.dir = [/workdir/hadoop-ozone/integration-test/target/test-dir/MiniOzoneClusterImpl-fd896651-19f7-4594-a8cd-2c001f85b2cc/datanode-6/data/ratis] (custom)
2019-09-24 19:06:41,477 [pool-448-thread-1] INFO  storage.RaftStorageDirectory (RaftStorageDirectory.java:analyzeStorage(246)) - The storage directory /workdir/hadoop-ozone/integration-test/target/test-dir/MiniOzoneClusterImpl-fd896651-19f7-4594-a8cd-2c001f85b2cc/datanode-6/data/ratis/bd89ff18-491f-4732-9d64-1d2227e36ec6 does not exist. Creating ...
2019-09-24 19:06:41,671 [pool-448-thread-1] INFO  storage.RaftStorageDirectory (RaftStorageDirectory.java:tryLock(328)) - Lock on /workdir/hadoop-ozone/integration-test/target/test-dir/MiniOzoneClusterImpl-fd896651-19f7-4594-a8cd-2c001f85b2cc/datanode-6/data/ratis/bd89ff18-491f-4732-9d64-1d2227e36ec6/in_use.lock acquired by nodename 10455@pr-hdds-2149-fgl4f-1742389470
2019-09-24 19:06:41,798 [pool-448-thread-1] INFO  storage.RaftStorage (RaftStorage.java:format(72)) - Storage directory /workdir/hadoop-ozone/integration-test/target/test-dir/MiniOzoneClusterImpl-fd896651-19f7-4594-a8cd-2c001f85b2cc/datanode-6/data/ratis/bd89ff18-491f-4732-9d64-1d2227e36ec6 has been successfully formatted.
2019-09-24 19:06:41,798 [pool-448-thread-1] INFO  ratis.ContainerStateMachine (ContainerStateMachine.java:loadSnapshot(230)) - group-1D2227E36EC6: The snapshot info is null. Setting the last applied indexto:(t:0, i:~)
2019-09-24 19:06:41,799 [pool-448-thread-1] INFO  server.RaftServerConfigKeys (ConfUtils.java:logGet(43)) - raft.server.notification.no-leader.timeout = 120s (custom)
2019-09-24 19:06:41,799 [pool-448-thread-1] INFO  server.RaftServerConfigKeys (ConfUtils.java:logGet(43)) - raft.server.log.use.memory = false (default)
2019-09-24 19:06:41,799 [pool-448-thread-1] INFO  server.RaftServerConfigKeys (ConfUtils.java:logGet(43)) - raft.server.log.purge.gap = 1000000 (custom)
2019-09-24 19:06:41,799 [pool-448-thread-1] INFO  server.RaftServerConfigKeys (ConfUtils.java:logGet(43)) - raft.server.log.appender.buffer.byte-limit = 33554432 (custom)
2019-09-24 19:06:41,799 [pool-448-thread-1] INFO  server.RaftServerConfigKeys (ConfUtils.java:logGet(43)) - raft.server.log.segment.size.max = 1048576 (custom)
2019-09-24 19:06:41,799 [pool-448-thread-1] INFO  server.RaftServerConfigKeys (ConfUtils.java:logGet(43)) - raft.server.log.segment.cache.num.max = 2 (custom)
2019-09-24 19:06:41,799 [pool-448-thread-1] INFO  segmented.SegmentedRaftLogWorker (SegmentedRaftLogWorker.java:<init>(172)) - new 56e639b0-539e-46f2-afe9-98e7bb950b90@group-1D2227E36EC6-SegmentedRaftLogWorker for RaftStorage:Storage Directory /workdir/hadoop-ozone/integration-test/target/test-dir/MiniOzoneClusterImpl-fd896651-19f7-4594-a8cd-2c001f85b2cc/datanode-6/data/ratis/bd89ff18-491f-4732-9d64-1d2227e36ec6
2019-09-24 19:06:41,801 [pool-448-thread-1] INFO  server.RaftServerConfigKeys (ConfUtils.java:logGet(43)) - raft.server.log.queue.byte-limit = 2147483647 (custom)
2019-09-24 19:06:41,802 [pool-448-thread-1] INFO  server.RaftServerConfigKeys (ConfUtils.java:logGet(43)) - raft.server.log.queue.element-limit = 1024 (custom)
2019-09-24 19:06:41,802 [pool-448-thread-1] INFO  server.RaftServerConfigKeys (ConfUtils.java:logGet(43)) - raft.server.log.segment.size.max = 1048576 (custom)
2019-09-24 19:06:41,802 [pool-448-thread-1] INFO  server.RaftServerConfigKeys (ConfUtils.java:logGet(43)) - raft.server.log.preallocated.size = 16384 (custom)
2019-09-24 19:06:41,802 [pool-448-thread-1] INFO  server.RaftServerConfigKeys (ConfUtils.java:logGet(43)) - raft.server.log.write.buffer.size = 33554432 (custom)
2019-09-24 19:06:41,802 [pool-448-thread-1] INFO  server.RaftServerConfigKeys (ConfUtils.java:logGet(43)) - raft.server.log.force.sync.num = 128 (default)
2019-09-24 19:06:41,802 [pool-448-thread-1] INFO  server.RaftServerConfigKeys (ConfUtils.java:logGet(43)) - raft.server.log.statemachine.data.sync = true (default)
2019-09-24 19:06:41,802 [pool-448-thread-1] INFO  server.RaftServerConfigKeys (ConfUtils.java:logGet(43)) - raft.server.log.statemachine.data.sync.timeout = 10s (default)
2019-09-24 19:06:41,803 [pool-448-thread-1] INFO  server.RaftServerConfigKeys (ConfUtils.java:logGet(43)) - raft.server.log.statemachine.data.sync.timeout.retry = -1 (default)
2019-09-24 19:06:41,803 [pool-448-thread-1] INFO  server.RaftServerConfigKeys (ConfUtils.java:logGet(43)) - raft.server.log.statemachine.data.caching.enabled = true (custom)
2019-09-24 19:06:41,803 [pool-448-thread-1] INFO  segmented.SegmentedRaftLogWorker (SegmentedRaftLogWorker.java:lambda$new$0(132)) - 56e639b0-539e-46f2-afe9-98e7bb950b90@group-1D2227E36EC6-SegmentedRaftLogWorker: flushIndex: setUnconditionally 0 -> -1
2019-09-24 19:06:41,804 [pool-448-thread-1] INFO  server.RaftServerConfigKeys (ConfUtils.java:logGet(43)) - raft.server.snapshot.auto.trigger.enabled = true (custom)
2019-09-24 19:06:41,804 [pool-448-thread-1] INFO  server.RaftServerConfigKeys (ConfUtils.java:logGet(43)) - raft.server.snapshot.auto.trigger.threshold = 10000 (custom)
2019-09-24 19:06:41,804 [pool-448-thread-1] INFO  server.RaftServerConfigKeys (ConfUtils.java:logGet(43)) - raft.server.snapshot.retention.num.files = 5 (custom)
2019-09-24 19:06:41,804 [pool-448-thread-1] INFO  server.RaftServerConfigKeys (ConfUtils.java:logGet(43)) - raft.server.retrycache.expirytime = 600000ms (custom)
2019-09-24 19:06:41,806 [pool-448-thread-1] INFO  impl.RaftServerImpl (RaftServerImpl.java:start(185)) - 56e639b0-539e-46f2-afe9-98e7bb950b90@group-1D2227E36EC6: start as a follower, conf=-1: [56e639b0-539e-46f2-afe9-98e7bb950b90:192.168.5.148:41145], old=null
2019-09-24 19:06:41,806 [pool-448-thread-1] INFO  impl.RaftServerImpl (RaftServerImpl.java:setRole(174)) - 56e639b0-539e-46f2-afe9-98e7bb950b90@group-1D2227E36EC6: changes role from      null to FOLLOWER at term 0 for startAsFollower
2019-09-24 19:06:41,806 [pool-448-thread-1] INFO  impl.RoleInfo (RoleInfo.java:updateAndGet(143)) - 56e639b0-539e-46f2-afe9-98e7bb950b90: start FollowerState
2019-09-24 19:06:41,807 [pool-448-thread-1] INFO  util.JmxRegister (JmxRegister.java:tryRegister(44)) - Successfully registered JMX Bean with object name Ratis:service=RaftServer,group=group-1D2227E36EC6,id=56e639b0-539e-46f2-afe9-98e7bb950b90
2019-09-24 19:06:41,810 [RatisPipelineUtilsThread] INFO  pipeline.PipelineStateManager (PipelineStateManager.java:addPipeline(56)) - Created pipeline Pipeline[ Id: bd89ff18-491f-4732-9d64-1d2227e36ec6, Nodes: 56e639b0-539e-46f2-afe9-98e7bb950b90{ip: 192.168.5.148, host: pr-hdds-2149-fgl4f-1742389470, networkLocation: /rack1, certSerialId: null}, Type:RATIS, Factor:ONE, State:OPEN]
2019-09-24 19:06:41,819 [grpc-default-executor-13] INFO  impl.RaftServerProxy (RaftServerProxy.java:addNew(89)) - a1cd4983-4499-4ca1-85e6-001c65d6bf4f: addNew group-48289592A1DF:[a1cd4983-4499-4ca1-85e6-001c65d6bf4f:192.168.5.148:43964] returns group-48289592A1DF:java.util.concurrent.CompletableFuture@2daa8cd8[Not completed]
2019-09-24 19:06:41,821 [pool-478-thread-1] INFO  impl.RaftServerImpl (RaftServerImpl.java:<init>(95)) - a1cd4983-4499-4ca1-85e6-001c65d6bf4f: new RaftServerImpl for group-48289592A1DF:[a1cd4983-4499-4ca1-85e6-001c65d6bf4f:192.168.5.148:43964] with ContainerStateMachine:uninitialized
2019-09-24 19:06:41,821 [pool-478-thread-1] INFO  server.RaftServerConfigKeys (ConfUtils.java:logGet(43)) - raft.server.rpc.timeout.min = 1s (custom)
2019-09-24 19:06:41,821 [pool-478-thread-1] INFO  server.RaftServerConfigKeys (ConfUtils.java:logGet(43)) - raft.server.rpc.timeout.max = 1200ms (custom)
2019-09-24 19:06:41,821 [pool-478-thread-1] INFO  server.RaftServerConfigKeys (ConfUtils.java:logGet(43)) - raft.server.rpcslowness.timeout = 120s (custom)
2019-09-24 19:06:41,821 [pool-478-thread-1] INFO  server.RaftServerConfigKeys (ConfUtils.java:logGet(43)) - raft.server.sleep.deviation.threshold = 300 (default)
2019-09-24 19:06:41,821 [pool-478-thread-1] INFO  server.RaftServerConfigKeys (ConfUtils.java:logGet(43)) - raft.server.log.appender.install.snapshot.enabled = false (custom)
2019-09-24 19:06:41,822 [pool-478-thread-1] INFO  impl.RaftServerImpl (ServerState.java:<init>(103)) - a1cd4983-4499-4ca1-85e6-001c65d6bf4f@group-48289592A1DF: ConfigurationManager, init=-1: [a1cd4983-4499-4ca1-85e6-001c65d6bf4f:192.168.5.148:43964], old=null, confs=<EMPTY_MAP>
2019-09-24 19:06:41,822 [pool-478-thread-1] INFO  server.RaftServerConfigKeys (ConfUtils.java:logGet(43)) - raft.server.storage.dir = [/workdir/hadoop-ozone/integration-test/target/test-dir/MiniOzoneClusterImpl-fd896651-19f7-4594-a8cd-2c001f85b2cc/datanode-9/data/ratis] (custom)
2019-09-24 19:06:41,822 [pool-478-thread-1] INFO  storage.RaftStorageDirectory (RaftStorageDirectory.java:analyzeStorage(246)) - The storage directory /workdir/hadoop-ozone/integration-test/target/test-dir/MiniOzoneClusterImpl-fd896651-19f7-4594-a8cd-2c001f85b2cc/datanode-9/data/ratis/52433036-b219-4383-9df9-48289592a1df does not exist. Creating ...
2019-09-24 19:06:41,937 [pool-478-thread-1] INFO  storage.RaftStorageDirectory (RaftStorageDirectory.java:tryLock(328)) - Lock on /workdir/hadoop-ozone/integration-test/target/test-dir/MiniOzoneClusterImpl-fd896651-19f7-4594-a8cd-2c001f85b2cc/datanode-9/data/ratis/52433036-b219-4383-9df9-48289592a1df/in_use.lock acquired by nodename 10455@pr-hdds-2149-fgl4f-1742389470
2019-09-24 19:06:41,999 [Thread-3159] INFO  impl.FollowerState (FollowerState.java:run(106)) - 65e7b2a2-bc37-4edf-9ac3-f1ce4d9cbf03:group-6A423CAE0535 changes to CANDIDATE, lastRpcTime:1054, electionTimeout:1054ms
2019-09-24 19:06:41,999 [Thread-3159] INFO  impl.RoleInfo (RoleInfo.java:shutdownFollowerState(121)) - 65e7b2a2-bc37-4edf-9ac3-f1ce4d9cbf03: shutdown FollowerState
2019-09-24 19:06:41,999 [Thread-3159] INFO  impl.RaftServerImpl (RaftServerImpl.java:setRole(174)) - 65e7b2a2-bc37-4edf-9ac3-f1ce4d9cbf03@group-6A423CAE0535: changes role from  FOLLOWER to CANDIDATE at term 0 for changeToCandidate
2019-09-24 19:06:42,000 [Thread-3159] INFO  impl.RoleInfo (RoleInfo.java:updateAndGet(143)) - 65e7b2a2-bc37-4edf-9ac3-f1ce4d9cbf03: start LeaderElection
2019-09-24 19:06:42,009 [pool-478-thread-1] INFO  storage.RaftStorage (RaftStorage.java:format(72)) - Storage directory /workdir/hadoop-ozone/integration-test/target/test-dir/MiniOzoneClusterImpl-fd896651-19f7-4594-a8cd-2c001f85b2cc/datanode-9/data/ratis/52433036-b219-4383-9df9-48289592a1df has been successfully formatted.
2019-09-24 19:06:42,009 [pool-478-thread-1] INFO  ratis.ContainerStateMachine (ContainerStateMachine.java:loadSnapshot(230)) - group-48289592A1DF: The snapshot info is null. Setting the last applied indexto:(t:0, i:~)
2019-09-24 19:06:42,009 [pool-478-thread-1] INFO  server.RaftServerConfigKeys (ConfUtils.java:logGet(43)) - raft.server.notification.no-leader.timeout = 120s (custom)
2019-09-24 19:06:42,009 [pool-478-thread-1] INFO  server.RaftServerConfigKeys (ConfUtils.java:logGet(43)) - raft.server.log.use.memory = false (default)
2019-09-24 19:06:42,010 [pool-478-thread-1] INFO  server.RaftServerConfigKeys (ConfUtils.java:logGet(43)) - raft.server.log.purge.gap = 1000000 (custom)
2019-09-24 19:06:42,010 [pool-478-thread-1] INFO  server.RaftServerConfigKeys (ConfUtils.java:logGet(43)) - raft.server.log.appender.buffer.byte-limit = 33554432 (custom)
2019-09-24 19:06:42,010 [pool-478-thread-1] INFO  server.RaftServerConfigKeys (ConfUtils.java:logGet(43)) - raft.server.log.segment.size.max = 1048576 (custom)
2019-09-24 19:06:42,010 [pool-478-thread-1] INFO  server.RaftServerConfigKeys (ConfUtils.java:logGet(43)) - raft.server.log.segment.cache.num.max = 2 (custom)
2019-09-24 19:06:42,010 [pool-478-thread-1] INFO  segmented.SegmentedRaftLogWorker (SegmentedRaftLogWorker.java:<init>(172)) - new a1cd4983-4499-4ca1-85e6-001c65d6bf4f@group-48289592A1DF-SegmentedRaftLogWorker for RaftStorage:Storage Directory /workdir/hadoop-ozone/integration-test/target/test-dir/MiniOzoneClusterImpl-fd896651-19f7-4594-a8cd-2c001f85b2cc/datanode-9/data/ratis/52433036-b219-4383-9df9-48289592a1df
2019-09-24 19:06:42,012 [pool-478-thread-1] INFO  server.RaftServerConfigKeys (ConfUtils.java:logGet(43)) - raft.server.log.queue.byte-limit = 2147483647 (custom)
2019-09-24 19:06:42,012 [pool-478-thread-1] INFO  server.RaftServerConfigKeys (ConfUtils.java:logGet(43)) - raft.server.log.queue.element-limit = 1024 (custom)
2019-09-24 19:06:42,012 [pool-478-thread-1] INFO  server.RaftServerConfigKeys (ConfUtils.java:logGet(43)) - raft.server.log.segment.size.max = 1048576 (custom)
2019-09-24 19:06:42,013 [pool-478-thread-1] INFO  server.RaftServerConfigKeys (ConfUtils.java:logGet(43)) - raft.server.log.preallocated.size = 16384 (custom)
2019-09-24 19:06:42,013 [pool-478-thread-1] INFO  server.RaftServerConfigKeys (ConfUtils.java:logGet(43)) - raft.server.log.write.buffer.size = 33554432 (custom)
2019-09-24 19:06:42,013 [pool-478-thread-1] INFO  server.RaftServerConfigKeys (ConfUtils.java:logGet(43)) - raft.server.log.force.sync.num = 128 (default)
2019-09-24 19:06:42,013 [pool-478-thread-1] INFO  server.RaftServerConfigKeys (ConfUtils.java:logGet(43)) - raft.server.log.statemachine.data.sync = true (default)
2019-09-24 19:06:42,013 [pool-478-thread-1] INFO  server.RaftServerConfigKeys (ConfUtils.java:logGet(43)) - raft.server.log.statemachine.data.sync.timeout = 10s (default)
2019-09-24 19:06:42,013 [pool-478-thread-1] INFO  server.RaftServerConfigKeys (ConfUtils.java:logGet(43)) - raft.server.log.statemachine.data.sync.timeout.retry = -1 (default)
2019-09-24 19:06:42,014 [pool-478-thread-1] INFO  server.RaftServerConfigKeys (ConfUtils.java:logGet(43)) - raft.server.log.statemachine.data.caching.enabled = true (custom)
2019-09-24 19:06:42,014 [pool-478-thread-1] INFO  segmented.SegmentedRaftLogWorker (SegmentedRaftLogWorker.java:lambda$new$0(132)) - a1cd4983-4499-4ca1-85e6-001c65d6bf4f@group-48289592A1DF-SegmentedRaftLogWorker: flushIndex: setUnconditionally 0 -> -1
2019-09-24 19:06:42,014 [pool-478-thread-1] INFO  server.RaftServerConfigKeys (ConfUtils.java:logGet(43)) - raft.server.snapshot.auto.trigger.enabled = true (custom)
2019-09-24 19:06:42,015 [pool-478-thread-1] INFO  server.RaftServerConfigKeys (ConfUtils.java:logGet(43)) - raft.server.snapshot.auto.trigger.threshold = 10000 (custom)
2019-09-24 19:06:42,015 [pool-478-thread-1] INFO  server.RaftServerConfigKeys (ConfUtils.java:logGet(43)) - raft.server.snapshot.retention.num.files = 5 (custom)
2019-09-24 19:06:42,015 [pool-478-thread-1] INFO  server.RaftServerConfigKeys (ConfUtils.java:logGet(43)) - raft.server.retrycache.expirytime = 600000ms (custom)
2019-09-24 19:06:42,017 [pool-478-thread-1] INFO  impl.RaftServerImpl (RaftServerImpl.java:start(185)) - a1cd4983-4499-4ca1-85e6-001c65d6bf4f@group-48289592A1DF: start as a follower, conf=-1: [a1cd4983-4499-4ca1-85e6-001c65d6bf4f:192.168.5.148:43964], old=null
2019-09-24 19:06:42,017 [pool-478-thread-1] INFO  impl.RaftServerImpl (RaftServerImpl.java:setRole(174)) - a1cd4983-4499-4ca1-85e6-001c65d6bf4f@group-48289592A1DF: changes role from      null to FOLLOWER at term 0 for startAsFollower
2019-09-24 19:06:42,017 [pool-478-thread-1] INFO  impl.RoleInfo (RoleInfo.java:updateAndGet(143)) - a1cd4983-4499-4ca1-85e6-001c65d6bf4f: start FollowerState
2019-09-24 19:06:42,041 [pool-478-thread-1] INFO  util.JmxRegister (JmxRegister.java:tryRegister(44)) - Successfully registered JMX Bean with object name Ratis:service=RaftServer,group=group-48289592A1DF,id=a1cd4983-4499-4ca1-85e6-001c65d6bf4f
2019-09-24 19:06:42,056 [RatisPipelineUtilsThread] INFO  pipeline.PipelineStateManager (PipelineStateManager.java:addPipeline(56)) - Created pipeline Pipeline[ Id: 52433036-b219-4383-9df9-48289592a1df, Nodes: a1cd4983-4499-4ca1-85e6-001c65d6bf4f{ip: 192.168.5.148, host: pr-hdds-2149-fgl4f-1742389470, networkLocation: /rack1, certSerialId: null}, Type:RATIS, Factor:ONE, State:OPEN]
2019-09-24 19:06:42,065 [grpc-default-executor-13] INFO  impl.RaftServerProxy (RaftServerProxy.java:addNew(89)) - b0305751-6675-4e58-b5a6-74f1444b0eaa: addNew group-8680157D9DCF:[b0305751-6675-4e58-b5a6-74f1444b0eaa:192.168.5.148:40938] returns group-8680157D9DCF:java.util.concurrent.CompletableFuture@645fe43c[Not completed]
2019-09-24 19:06:42,067 [pool-458-thread-1] INFO  impl.RaftServerImpl (RaftServerImpl.java:<init>(95)) - b0305751-6675-4e58-b5a6-74f1444b0eaa: new RaftServerImpl for group-8680157D9DCF:[b0305751-6675-4e58-b5a6-74f1444b0eaa:192.168.5.148:40938] with ContainerStateMachine:uninitialized
2019-09-24 19:06:42,067 [pool-458-thread-1] INFO  server.RaftServerConfigKeys (ConfUtils.java:logGet(43)) - raft.server.rpc.timeout.min = 1s (custom)
2019-09-24 19:06:42,067 [pool-458-thread-1] INFO  server.RaftServerConfigKeys (ConfUtils.java:logGet(43)) - raft.server.rpc.timeout.max = 1200ms (custom)
2019-09-24 19:06:42,067 [pool-458-thread-1] INFO  server.RaftServerConfigKeys (ConfUtils.java:logGet(43)) - raft.server.rpcslowness.timeout = 120s (custom)
2019-09-24 19:06:42,067 [pool-458-thread-1] INFO  server.RaftServerConfigKeys (ConfUtils.java:logGet(43)) - raft.server.sleep.deviation.threshold = 300 (default)
2019-09-24 19:06:42,067 [pool-458-thread-1] INFO  server.RaftServerConfigKeys (ConfUtils.java:logGet(43)) - raft.server.log.appender.install.snapshot.enabled = false (custom)
2019-09-24 19:06:42,068 [pool-458-thread-1] INFO  impl.RaftServerImpl (ServerState.java:<init>(103)) - b0305751-6675-4e58-b5a6-74f1444b0eaa@group-8680157D9DCF: ConfigurationManager, init=-1: [b0305751-6675-4e58-b5a6-74f1444b0eaa:192.168.5.148:40938], old=null, confs=<EMPTY_MAP>
2019-09-24 19:06:42,068 [pool-458-thread-1] INFO  server.RaftServerConfigKeys (ConfUtils.java:logGet(43)) - raft.server.storage.dir = [/workdir/hadoop-ozone/integration-test/target/test-dir/MiniOzoneClusterImpl-fd896651-19f7-4594-a8cd-2c001f85b2cc/datanode-7/data/ratis] (custom)
2019-09-24 19:06:42,068 [pool-458-thread-1] INFO  storage.RaftStorageDirectory (RaftStorageDirectory.java:analyzeStorage(246)) - The storage directory /workdir/hadoop-ozone/integration-test/target/test-dir/MiniOzoneClusterImpl-fd896651-19f7-4594-a8cd-2c001f85b2cc/datanode-7/data/ratis/c5d634d4-604d-4227-a20f-8680157d9dcf does not exist. Creating ...
2019-09-24 19:06:42,092 [Thread-3165] INFO  impl.FollowerState (FollowerState.java:run(106)) - 1c0f73f6-af19-4a4b-8f30-46606ded09de:group-1FED364A9AFE changes to CANDIDATE, lastRpcTime:1024, electionTimeout:1024ms
2019-09-24 19:06:42,093 [Thread-3165] INFO  impl.RoleInfo (RoleInfo.java:shutdownFollowerState(121)) - 1c0f73f6-af19-4a4b-8f30-46606ded09de: shutdown FollowerState
2019-09-24 19:06:42,093 [Thread-3165] INFO  impl.RaftServerImpl (RaftServerImpl.java:setRole(174)) - 1c0f73f6-af19-4a4b-8f30-46606ded09de@group-1FED364A9AFE: changes role from  FOLLOWER to CANDIDATE at term 0 for changeToCandidate
2019-09-24 19:06:42,093 [Thread-3165] INFO  impl.RoleInfo (RoleInfo.java:updateAndGet(143)) - 1c0f73f6-af19-4a4b-8f30-46606ded09de: start LeaderElection
2019-09-24 19:06:42,164 [Thread-3162] INFO  impl.FollowerState (FollowerState.java:run(106)) - bbe02bed-b2fd-41cc-b659-07694a69eb1f:group-389367BDECB3 changes to CANDIDATE, lastRpcTime:1158, electionTimeout:1158ms
2019-09-24 19:06:42,164 [Thread-3162] INFO  impl.RoleInfo (RoleInfo.java:shutdownFollowerState(121)) - bbe02bed-b2fd-41cc-b659-07694a69eb1f: shutdown FollowerState
2019-09-24 19:06:42,164 [Thread-3162] INFO  impl.RaftServerImpl (RaftServerImpl.java:setRole(174)) - bbe02bed-b2fd-41cc-b659-07694a69eb1f@group-389367BDECB3: changes role from  FOLLOWER to CANDIDATE at term 0 for changeToCandidate
2019-09-24 19:06:42,164 [Thread-3162] INFO  impl.RoleInfo (RoleInfo.java:updateAndGet(143)) - bbe02bed-b2fd-41cc-b659-07694a69eb1f: start LeaderElection
2019-09-24 19:06:42,213 [Thread-3168] INFO  impl.FollowerState (FollowerState.java:run(106)) - c58aaf1c-89bb-4ba3-9ae1-98cdf66dbe75:group-F8113E93C1BB changes to CANDIDATE, lastRpcTime:1092, electionTimeout:1092ms
2019-09-24 19:06:42,213 [Thread-3168] INFO  impl.RoleInfo (RoleInfo.java:shutdownFollowerState(121)) - c58aaf1c-89bb-4ba3-9ae1-98cdf66dbe75: shutdown FollowerState
2019-09-24 19:06:42,213 [Thread-3168] INFO  impl.RaftServerImpl (RaftServerImpl.java:setRole(174)) - c58aaf1c-89bb-4ba3-9ae1-98cdf66dbe75@group-F8113E93C1BB: changes role from  FOLLOWER to CANDIDATE at term 0 for changeToCandidate
2019-09-24 19:06:42,214 [Thread-3168] INFO  impl.RoleInfo (RoleInfo.java:updateAndGet(143)) - c58aaf1c-89bb-4ba3-9ae1-98cdf66dbe75: start LeaderElection
2019-09-24 19:06:42,249 [pool-458-thread-1] INFO  storage.RaftStorageDirectory (RaftStorageDirectory.java:tryLock(328)) - Lock on /workdir/hadoop-ozone/integration-test/target/test-dir/MiniOzoneClusterImpl-fd896651-19f7-4594-a8cd-2c001f85b2cc/datanode-7/data/ratis/c5d634d4-604d-4227-a20f-8680157d9dcf/in_use.lock acquired by nodename 10455@pr-hdds-2149-fgl4f-1742389470
2019-09-24 19:06:42,258 [65e7b2a2-bc37-4edf-9ac3-f1ce4d9cbf03@group-6A423CAE0535:LeaderElection199] INFO  impl.LeaderElection (LeaderElection.java:askForVotes(182)) - 65e7b2a2-bc37-4edf-9ac3-f1ce4d9cbf03@group-6A423CAE0535:LeaderElection199: begin an election at term 1 for -1: [65e7b2a2-bc37-4edf-9ac3-f1ce4d9cbf03:192.168.5.148:42621], old=null
2019-09-24 19:06:42,258 [1c0f73f6-af19-4a4b-8f30-46606ded09de@group-1FED364A9AFE:LeaderElection200] INFO  impl.LeaderElection (LeaderElection.java:askForVotes(182)) - 1c0f73f6-af19-4a4b-8f30-46606ded09de@group-1FED364A9AFE:LeaderElection200: begin an election at term 1 for -1: [1c0f73f6-af19-4a4b-8f30-46606ded09de:192.168.5.148:41417], old=null
2019-09-24 19:06:42,258 [65e7b2a2-bc37-4edf-9ac3-f1ce4d9cbf03@group-6A423CAE0535:LeaderElection199] INFO  impl.RoleInfo (RoleInfo.java:shutdownLeaderElection(134)) - 65e7b2a2-bc37-4edf-9ac3-f1ce4d9cbf03: shutdown LeaderElection
2019-09-24 19:06:42,258 [1c0f73f6-af19-4a4b-8f30-46606ded09de@group-1FED364A9AFE:LeaderElection200] INFO  impl.RoleInfo (RoleInfo.java:shutdownLeaderElection(134)) - 1c0f73f6-af19-4a4b-8f30-46606ded09de: shutdown LeaderElection
2019-09-24 19:06:42,259 [65e7b2a2-bc37-4edf-9ac3-f1ce4d9cbf03@group-6A423CAE0535:LeaderElection199] INFO  impl.RaftServerImpl (RaftServerImpl.java:setRole(174)) - 65e7b2a2-bc37-4edf-9ac3-f1ce4d9cbf03@group-6A423CAE0535: changes role from CANDIDATE to LEADER at term 1 for changeToLeader
2019-09-24 19:06:42,259 [1c0f73f6-af19-4a4b-8f30-46606ded09de@group-1FED364A9AFE:LeaderElection200] INFO  impl.RaftServerImpl (RaftServerImpl.java:setRole(174)) - 1c0f73f6-af19-4a4b-8f30-46606ded09de@group-1FED364A9AFE: changes role from CANDIDATE to LEADER at term 1 for changeToLeader
2019-09-24 19:06:42,259 [65e7b2a2-bc37-4edf-9ac3-f1ce4d9cbf03@group-6A423CAE0535:LeaderElection199] INFO  impl.RaftServerImpl (ServerState.java:setLeader(253)) - 65e7b2a2-bc37-4edf-9ac3-f1ce4d9cbf03@group-6A423CAE0535: change Leader from null to 65e7b2a2-bc37-4edf-9ac3-f1ce4d9cbf03 at term 1 for becomeLeader, leader elected after 1324ms
2019-09-24 19:06:42,259 [1c0f73f6-af19-4a4b-8f30-46606ded09de@group-1FED364A9AFE:LeaderElection200] INFO  impl.RaftServerImpl (ServerState.java:setLeader(253)) - 1c0f73f6-af19-4a4b-8f30-46606ded09de@group-1FED364A9AFE: change Leader from null to 1c0f73f6-af19-4a4b-8f30-46606ded09de at term 1 for becomeLeader, leader elected after 1196ms
2019-09-24 19:06:42,259 [65e7b2a2-bc37-4edf-9ac3-f1ce4d9cbf03@group-6A423CAE0535:LeaderElection199] INFO  server.RaftServerConfigKeys (ConfUtils.java:logGet(43)) - raft.server.staging.catchup.gap = 1000 (default)
2019-09-24 19:06:42,259 [1c0f73f6-af19-4a4b-8f30-46606ded09de@group-1FED364A9AFE:LeaderElection200] INFO  server.RaftServerConfigKeys (ConfUtils.java:logGet(43)) - raft.server.staging.catchup.gap = 1000 (default)
2019-09-24 19:06:42,260 [65e7b2a2-bc37-4edf-9ac3-f1ce4d9cbf03@group-6A423CAE0535:LeaderElection199] INFO  server.RaftServerConfigKeys (ConfUtils.java:logGet(43)) - raft.server.rpc.sleep.time = 25ms (default)
2019-09-24 19:06:42,260 [1c0f73f6-af19-4a4b-8f30-46606ded09de@group-1FED364A9AFE:LeaderElection200] INFO  server.RaftServerConfigKeys (ConfUtils.java:logGet(43)) - raft.server.rpc.sleep.time = 25ms (default)
2019-09-24 19:06:42,260 [65e7b2a2-bc37-4edf-9ac3-f1ce4d9cbf03@group-6A423CAE0535:LeaderElection199] INFO  server.RaftServerConfigKeys (ConfUtils.java:logGet(43)) - raft.server.write.element-limit = 4096 (default)
2019-09-24 19:06:42,260 [1c0f73f6-af19-4a4b-8f30-46606ded09de@group-1FED364A9AFE:LeaderElection200] INFO  server.RaftServerConfigKeys (ConfUtils.java:logGet(43)) - raft.server.write.element-limit = 4096 (default)
2019-09-24 19:06:42,260 [65e7b2a2-bc37-4edf-9ac3-f1ce4d9cbf03@group-6A423CAE0535:LeaderElection199] INFO  server.RaftServerConfigKeys (ConfUtils.java:logGet(43)) - raft.server.watch.timeout = 10s (default)
2019-09-24 19:06:42,260 [1c0f73f6-af19-4a4b-8f30-46606ded09de@group-1FED364A9AFE:LeaderElection200] INFO  server.RaftServerConfigKeys (ConfUtils.java:logGet(43)) - raft.server.watch.timeout = 10s (default)
2019-09-24 19:06:42,261 [65e7b2a2-bc37-4edf-9ac3-f1ce4d9cbf03@group-6A423CAE0535:LeaderElection199] INFO  server.RaftServerConfigKeys (ConfUtils.java:logGet(43)) - raft.server.watch.timeout.denomination = 1s (default)
2019-09-24 19:06:42,261 [1c0f73f6-af19-4a4b-8f30-46606ded09de@group-1FED364A9AFE:LeaderElection200] INFO  server.RaftServerConfigKeys (ConfUtils.java:logGet(43)) - raft.server.watch.timeout.denomination = 1s (default)
2019-09-24 19:06:42,261 [65e7b2a2-bc37-4edf-9ac3-f1ce4d9cbf03@group-6A423CAE0535:LeaderElection199] INFO  server.RaftServerConfigKeys (ConfUtils.java:logGet(43)) - raft.server.watch.element-limit = 65536 (default)
2019-09-24 19:06:42,261 [1c0f73f6-af19-4a4b-8f30-46606ded09de@group-1FED364A9AFE:LeaderElection200] INFO  server.RaftServerConfigKeys (ConfUtils.java:logGet(43)) - raft.server.watch.element-limit = 65536 (default)
2019-09-24 19:06:42,264 [65e7b2a2-bc37-4edf-9ac3-f1ce4d9cbf03@group-6A423CAE0535:LeaderElection199] INFO  impl.RoleInfo (RoleInfo.java:updateAndGet(143)) - 65e7b2a2-bc37-4edf-9ac3-f1ce4d9cbf03: start LeaderState
2019-09-24 19:06:42,264 [1c0f73f6-af19-4a4b-8f30-46606ded09de@group-1FED364A9AFE:LeaderElection200] INFO  impl.RoleInfo (RoleInfo.java:updateAndGet(143)) - 1c0f73f6-af19-4a4b-8f30-46606ded09de: start LeaderState
2019-09-24 19:06:42,264 [65e7b2a2-bc37-4edf-9ac3-f1ce4d9cbf03@group-6A423CAE0535:LeaderElection199] INFO  segmented.SegmentedRaftLogWorker (SegmentedRaftLogWorker.java:startLogSegment(380)) - 65e7b2a2-bc37-4edf-9ac3-f1ce4d9cbf03@group-6A423CAE0535-SegmentedRaftLogWorker: Starting segment from index:0
2019-09-24 19:06:42,265 [1c0f73f6-af19-4a4b-8f30-46606ded09de@group-1FED364A9AFE:LeaderElection200] INFO  segmented.SegmentedRaftLogWorker (SegmentedRaftLogWorker.java:startLogSegment(380)) - 1c0f73f6-af19-4a4b-8f30-46606ded09de@group-1FED364A9AFE-SegmentedRaftLogWorker: Starting segment from index:0
2019-09-24 19:06:42,265 [65e7b2a2-bc37-4edf-9ac3-f1ce4d9cbf03@group-6A423CAE0535:LeaderElection199] INFO  impl.RaftServerImpl (ServerState.java:setRaftConf(354)) - 65e7b2a2-bc37-4edf-9ac3-f1ce4d9cbf03@group-6A423CAE0535: set configuration 0: [65e7b2a2-bc37-4edf-9ac3-f1ce4d9cbf03:192.168.5.148:42621], old=null at 0
2019-09-24 19:06:42,266 [1c0f73f6-af19-4a4b-8f30-46606ded09de@group-1FED364A9AFE:LeaderElection200] INFO  impl.RaftServerImpl (ServerState.java:setRaftConf(354)) - 1c0f73f6-af19-4a4b-8f30-46606ded09de@group-1FED364A9AFE: set configuration 0: [1c0f73f6-af19-4a4b-8f30-46606ded09de:192.168.5.148:41417], old=null at 0
2019-09-24 19:06:42,292 [bbe02bed-b2fd-41cc-b659-07694a69eb1f@group-389367BDECB3:LeaderElection201] INFO  impl.LeaderElection (LeaderElection.java:askForVotes(182)) - bbe02bed-b2fd-41cc-b659-07694a69eb1f@group-389367BDECB3:LeaderElection201: begin an election at term 1 for -1: [bbe02bed-b2fd-41cc-b659-07694a69eb1f:192.168.5.148:39307], old=null
2019-09-24 19:06:42,292 [c58aaf1c-89bb-4ba3-9ae1-98cdf66dbe75@group-F8113E93C1BB:LeaderElection202] INFO  impl.LeaderElection (LeaderElection.java:askForVotes(182)) - c58aaf1c-89bb-4ba3-9ae1-98cdf66dbe75@group-F8113E93C1BB:LeaderElection202: begin an election at term 1 for -1: [c58aaf1c-89bb-4ba3-9ae1-98cdf66dbe75:192.168.5.148:43370], old=null
2019-09-24 19:06:42,292 [bbe02bed-b2fd-41cc-b659-07694a69eb1f@group-389367BDECB3:LeaderElection201] INFO  impl.RoleInfo (RoleInfo.java:shutdownLeaderElection(134)) - bbe02bed-b2fd-41cc-b659-07694a69eb1f: shutdown LeaderElection
2019-09-24 19:06:42,292 [c58aaf1c-89bb-4ba3-9ae1-98cdf66dbe75@group-F8113E93C1BB:LeaderElection202] INFO  impl.RoleInfo (RoleInfo.java:shutdownLeaderElection(134)) - c58aaf1c-89bb-4ba3-9ae1-98cdf66dbe75: shutdown LeaderElection
2019-09-24 19:06:42,292 [bbe02bed-b2fd-41cc-b659-07694a69eb1f@group-389367BDECB3:LeaderElection201] INFO  impl.RaftServerImpl (RaftServerImpl.java:setRole(174)) - bbe02bed-b2fd-41cc-b659-07694a69eb1f@group-389367BDECB3: changes role from CANDIDATE to LEADER at term 1 for changeToLeader
2019-09-24 19:06:42,292 [c58aaf1c-89bb-4ba3-9ae1-98cdf66dbe75@group-F8113E93C1BB:LeaderElection202] INFO  impl.RaftServerImpl (RaftServerImpl.java:setRole(174)) - c58aaf1c-89bb-4ba3-9ae1-98cdf66dbe75@group-F8113E93C1BB: changes role from CANDIDATE to LEADER at term 1 for changeToLeader
2019-09-24 19:06:42,292 [bbe02bed-b2fd-41cc-b659-07694a69eb1f@group-389367BDECB3:LeaderElection201] INFO  impl.RaftServerImpl (ServerState.java:setLeader(253)) - bbe02bed-b2fd-41cc-b659-07694a69eb1f@group-389367BDECB3: change Leader from null to bbe02bed-b2fd-41cc-b659-07694a69eb1f at term 1 for becomeLeader, leader elected after 1292ms
2019-09-24 19:06:42,292 [c58aaf1c-89bb-4ba3-9ae1-98cdf66dbe75@group-F8113E93C1BB:LeaderElection202] INFO  impl.RaftServerImpl (ServerState.java:setLeader(253)) - c58aaf1c-89bb-4ba3-9ae1-98cdf66dbe75@group-F8113E93C1BB: change Leader from null to c58aaf1c-89bb-4ba3-9ae1-98cdf66dbe75 at term 1 for becomeLeader, leader elected after 1181ms
2019-09-24 19:06:42,293 [bbe02bed-b2fd-41cc-b659-07694a69eb1f@group-389367BDECB3:LeaderElection201] INFO  server.RaftServerConfigKeys (ConfUtils.java:logGet(43)) - raft.server.staging.catchup.gap = 1000 (default)
2019-09-24 19:06:42,293 [c58aaf1c-89bb-4ba3-9ae1-98cdf66dbe75@group-F8113E93C1BB:LeaderElection202] INFO  server.RaftServerConfigKeys (ConfUtils.java:logGet(43)) - raft.server.staging.catchup.gap = 1000 (default)
2019-09-24 19:06:42,293 [bbe02bed-b2fd-41cc-b659-07694a69eb1f@group-389367BDECB3:LeaderElection201] INFO  server.RaftServerConfigKeys (ConfUtils.java:logGet(43)) - raft.server.rpc.sleep.time = 25ms (default)
2019-09-24 19:06:42,293 [c58aaf1c-89bb-4ba3-9ae1-98cdf66dbe75@group-F8113E93C1BB:LeaderElection202] INFO  server.RaftServerConfigKeys (ConfUtils.java:logGet(43)) - raft.server.rpc.sleep.time = 25ms (default)
2019-09-24 19:06:42,293 [bbe02bed-b2fd-41cc-b659-07694a69eb1f@group-389367BDECB3:LeaderElection201] INFO  server.RaftServerConfigKeys (ConfUtils.java:logGet(43)) - raft.server.write.element-limit = 4096 (default)
2019-09-24 19:06:42,293 [c58aaf1c-89bb-4ba3-9ae1-98cdf66dbe75@group-F8113E93C1BB:LeaderElection202] INFO  server.RaftServerConfigKeys (ConfUtils.java:logGet(43)) - raft.server.write.element-limit = 4096 (default)
2019-09-24 19:06:42,293 [bbe02bed-b2fd-41cc-b659-07694a69eb1f@group-389367BDECB3:LeaderElection201] INFO  server.RaftServerConfigKeys (ConfUtils.java:logGet(43)) - raft.server.watch.timeout = 10s (default)
2019-09-24 19:06:42,293 [c58aaf1c-89bb-4ba3-9ae1-98cdf66dbe75@group-F8113E93C1BB:LeaderElection202] INFO  server.RaftServerConfigKeys (ConfUtils.java:logGet(43)) - raft.server.watch.timeout = 10s (default)
2019-09-24 19:06:42,294 [bbe02bed-b2fd-41cc-b659-07694a69eb1f@group-389367BDECB3:LeaderElection201] INFO  server.RaftServerConfigKeys (ConfUtils.java:logGet(43)) - raft.server.watch.timeout.denomination = 1s (default)
2019-09-24 19:06:42,294 [c58aaf1c-89bb-4ba3-9ae1-98cdf66dbe75@group-F8113E93C1BB:LeaderElection202] INFO  server.RaftServerConfigKeys (ConfUtils.java:logGet(43)) - raft.server.watch.timeout.denomination = 1s (default)
2019-09-24 19:06:42,294 [bbe02bed-b2fd-41cc-b659-07694a69eb1f@group-389367BDECB3:LeaderElection201] INFO  server.RaftServerConfigKeys (ConfUtils.java:logGet(43)) - raft.server.watch.element-limit = 65536 (default)
2019-09-24 19:06:42,294 [c58aaf1c-89bb-4ba3-9ae1-98cdf66dbe75@group-F8113E93C1BB:LeaderElection202] INFO  server.RaftServerConfigKeys (ConfUtils.java:logGet(43)) - raft.server.watch.element-limit = 65536 (default)
2019-09-24 19:06:42,297 [bbe02bed-b2fd-41cc-b659-07694a69eb1f@group-389367BDECB3:LeaderElection201] INFO  impl.RoleInfo (RoleInfo.java:updateAndGet(143)) - bbe02bed-b2fd-41cc-b659-07694a69eb1f: start LeaderState
2019-09-24 19:06:42,297 [bbe02bed-b2fd-41cc-b659-07694a69eb1f@group-389367BDECB3:LeaderElection201] INFO  segmented.SegmentedRaftLogWorker (SegmentedRaftLogWorker.java:startLogSegment(380)) - bbe02bed-b2fd-41cc-b659-07694a69eb1f@group-389367BDECB3-SegmentedRaftLogWorker: Starting segment from index:0
2019-09-24 19:06:42,297 [c58aaf1c-89bb-4ba3-9ae1-98cdf66dbe75@group-F8113E93C1BB:LeaderElection202] INFO  impl.RoleInfo (RoleInfo.java:updateAndGet(143)) - c58aaf1c-89bb-4ba3-9ae1-98cdf66dbe75: start LeaderState
2019-09-24 19:06:42,298 [c58aaf1c-89bb-4ba3-9ae1-98cdf66dbe75@group-F8113E93C1BB:LeaderElection202] INFO  segmented.SegmentedRaftLogWorker (SegmentedRaftLogWorker.java:startLogSegment(380)) - c58aaf1c-89bb-4ba3-9ae1-98cdf66dbe75@group-F8113E93C1BB-SegmentedRaftLogWorker: Starting segment from index:0
2019-09-24 19:06:42,298 [bbe02bed-b2fd-41cc-b659-07694a69eb1f@group-389367BDECB3:LeaderElection201] INFO  impl.RaftServerImpl (ServerState.java:setRaftConf(354)) - bbe02bed-b2fd-41cc-b659-07694a69eb1f@group-389367BDECB3: set configuration 0: [bbe02bed-b2fd-41cc-b659-07694a69eb1f:192.168.5.148:39307], old=null at 0
2019-09-24 19:06:42,298 [c58aaf1c-89bb-4ba3-9ae1-98cdf66dbe75@group-F8113E93C1BB:LeaderElection202] INFO  impl.RaftServerImpl (ServerState.java:setRaftConf(354)) - c58aaf1c-89bb-4ba3-9ae1-98cdf66dbe75@group-F8113E93C1BB: set configuration 0: [c58aaf1c-89bb-4ba3-9ae1-98cdf66dbe75:192.168.5.148:43370], old=null at 0
2019-09-24 19:06:42,362 [main] INFO  ozone.MiniOzoneClusterImpl (MiniOzoneClusterImpl.java:lambda$waitForClusterToBeReady$0(147)) - Cluster is ready. Got 10 of 10 DN Heartbeats.
2019-09-24 19:06:42,431 [main] INFO  rpc.RpcClient (RpcClient.java:createVolume(276)) - Creating Volume: datanodefailurehandlingtest, with jenkins1000 as owner.
2019-09-24 19:06:42,435 [IPC Server handler 1 on 34378] INFO  volume.OMVolumeCreateRequest (OMVolumeCreateRequest.java:validateAndUpdateCache(189)) - created volume:datanodefailurehandlingtest for user:jenkins1000
2019-09-24 19:06:42,451 [main] INFO  rpc.RpcClient (RpcClient.java:createBucket(415)) - Creating Bucket: datanodefailurehandlingtest/datanodefailurehandlingtest, with Versioning false and Storage Type set to DISK and Encryption set to false 
2019-09-24 19:06:42,527 [Thread-3171] INFO  impl.FollowerState (FollowerState.java:run(106)) - bef30485-dff6-47d2-88a8-2d6b76a883db:group-0D3C7E1B4A92 changes to CANDIDATE, lastRpcTime:1070, electionTimeout:1070ms
2019-09-24 19:06:42,527 [Thread-3171] INFO  impl.RoleInfo (RoleInfo.java:shutdownFollowerState(121)) - bef30485-dff6-47d2-88a8-2d6b76a883db: shutdown FollowerState
2019-09-24 19:06:42,527 [Thread-3171] INFO  impl.RaftServerImpl (RaftServerImpl.java:setRole(174)) - bef30485-dff6-47d2-88a8-2d6b76a883db@group-0D3C7E1B4A92: changes role from  FOLLOWER to CANDIDATE at term 0 for changeToCandidate
2019-09-24 19:06:42,528 [Thread-3171] INFO  impl.RoleInfo (RoleInfo.java:updateAndGet(143)) - bef30485-dff6-47d2-88a8-2d6b76a883db: start LeaderElection
2019-09-24 19:06:42,946 [Thread-3174] INFO  impl.FollowerState (FollowerState.java:run(106)) - 56e639b0-539e-46f2-afe9-98e7bb950b90:group-1D2227E36EC6 changes to CANDIDATE, lastRpcTime:1139, electionTimeout:1139ms
2019-09-24 19:06:42,946 [Thread-3174] INFO  impl.RoleInfo (RoleInfo.java:shutdownFollowerState(121)) - 56e639b0-539e-46f2-afe9-98e7bb950b90: shutdown FollowerState
2019-09-24 19:06:42,946 [Thread-3174] INFO  impl.RaftServerImpl (RaftServerImpl.java:setRole(174)) - 56e639b0-539e-46f2-afe9-98e7bb950b90@group-1D2227E36EC6: changes role from  FOLLOWER to CANDIDATE at term 0 for changeToCandidate
2019-09-24 19:06:42,946 [Thread-3174] INFO  impl.RoleInfo (RoleInfo.java:updateAndGet(143)) - 56e639b0-539e-46f2-afe9-98e7bb950b90: start LeaderElection
2019-09-24 19:06:43,095 [Thread-3178] INFO  impl.FollowerState (FollowerState.java:run(106)) - a1cd4983-4499-4ca1-85e6-001c65d6bf4f:group-48289592A1DF changes to CANDIDATE, lastRpcTime:1077, electionTimeout:1042ms
2019-09-24 19:06:43,096 [Thread-3178] INFO  impl.RoleInfo (RoleInfo.java:shutdownFollowerState(121)) - a1cd4983-4499-4ca1-85e6-001c65d6bf4f: shutdown FollowerState
2019-09-24 19:06:43,096 [Thread-3178] INFO  impl.RaftServerImpl (RaftServerImpl.java:setRole(174)) - a1cd4983-4499-4ca1-85e6-001c65d6bf4f@group-48289592A1DF: changes role from  FOLLOWER to CANDIDATE at term 0 for changeToCandidate
2019-09-24 19:06:43,096 [Thread-3178] INFO  impl.RoleInfo (RoleInfo.java:updateAndGet(143)) - a1cd4983-4499-4ca1-85e6-001c65d6bf4f: start LeaderElection
2019-09-24 19:06:43,818 [Thread-3157] INFO  container.ReplicationManager (ReplicationManager.java:start(162)) - Starting Replication Monitor Thread.
2019-09-24 19:06:43,824 [ReplicationMonitor] INFO  container.ReplicationManager (ReplicationManager.java:run(225)) - Replication Monitor Thread took 0 milliseconds for processing 0 containers.
2019-09-24 19:06:45,063 [RATISCREATEPIPELINE1] ERROR pipeline.RatisPipelineProvider (RatisPipelineProvider.java:lambda$null$5(235)) - Failed invoke Ratis rpc org.apache.hadoop.hdds.scm.pipeline.RatisPipelineProvider$$Lambda$180/1007996814@39147b44 for b0305751-6675-4e58-b5a6-74f1444b0eaa
org.apache.ratis.protocol.TimeoutIOException: deadline exceeded after 2999858569ns
	at org.apache.ratis.grpc.GrpcUtil.tryUnwrapException(GrpcUtil.java:82)
	at org.apache.ratis.grpc.GrpcUtil.unwrapException(GrpcUtil.java:75)
	at org.apache.ratis.grpc.client.GrpcClientProtocolClient.blockingCall(GrpcClientProtocolClient.java:178)
	at org.apache.ratis.grpc.client.GrpcClientProtocolClient.groupAdd(GrpcClientProtocolClient.java:147)
	at org.apache.ratis.grpc.client.GrpcClientRpc.sendRequest(GrpcClientRpc.java:94)
	at org.apache.ratis.client.impl.RaftClientImpl.sendRequest(RaftClientImpl.java:278)
	at org.apache.ratis.client.impl.RaftClientImpl.groupAdd(RaftClientImpl.java:205)
	at org.apache.hadoop.hdds.scm.pipeline.RatisPipelineProvider.lambda$initializePipeline$4(RatisPipelineProvider.java:196)
	at org.apache.hadoop.hdds.scm.pipeline.RatisPipelineProvider.lambda$null$5(RatisPipelineProvider.java:231)
	at java.util.stream.ForEachOps$ForEachOp$OfRef.accept(ForEachOps.java:184)
	at java.util.ArrayList$ArrayListSpliterator.forEachRemaining(ArrayList.java:1382)
	at java.util.stream.AbstractPipeline.copyInto(AbstractPipeline.java:482)
	at java.util.stream.ForEachOps$ForEachTask.compute(ForEachOps.java:291)
	at java.util.concurrent.CountedCompleter.exec(CountedCompleter.java:731)
	at java.util.concurrent.ForkJoinTask.doExec(ForkJoinTask.java:289)
	at java.util.concurrent.ForkJoinTask.doInvoke(ForkJoinTask.java:401)
	at java.util.concurrent.ForkJoinTask.invoke(ForkJoinTask.java:734)
	at java.util.stream.ForEachOps$ForEachOp.evaluateParallel(ForEachOps.java:160)
	at java.util.stream.ForEachOps$ForEachOp$OfRef.evaluateParallel(ForEachOps.java:174)
	at java.util.stream.AbstractPipeline.evaluate(AbstractPipeline.java:233)
	at java.util.stream.ReferencePipeline.forEach(ReferencePipeline.java:418)
	at java.util.stream.ReferencePipeline$Head.forEach(ReferencePipeline.java:583)
	at org.apache.hadoop.hdds.scm.pipeline.RatisPipelineProvider.lambda$callRatisRpc$6(RatisPipelineProvider.java:225)
	at java.util.concurrent.ForkJoinTask$AdaptedRunnableAction.exec(ForkJoinTask.java:1386)
	at java.util.concurrent.ForkJoinTask.doExec(ForkJoinTask.java:289)
	at java.util.concurrent.ForkJoinPool$WorkQueue.runTask(ForkJoinPool.java:1056)
	at java.util.concurrent.ForkJoinPool.runWorker(ForkJoinPool.java:1692)
	at java.util.concurrent.ForkJoinWorkerThread.run(ForkJoinWorkerThread.java:157)
Caused by: org.apache.ratis.thirdparty.io.grpc.StatusRuntimeException: DEADLINE_EXCEEDED: deadline exceeded after 2999858569ns
	at org.apache.ratis.thirdparty.io.grpc.stub.ClientCalls.toStatusRuntimeException(ClientCalls.java:233)
	at org.apache.ratis.thirdparty.io.grpc.stub.ClientCalls.getUnchecked(ClientCalls.java:214)
	at org.apache.ratis.thirdparty.io.grpc.stub.ClientCalls.blockingUnaryCall(ClientCalls.java:139)
	at org.apache.ratis.proto.grpc.AdminProtocolServiceGrpc$AdminProtocolServiceBlockingStub.groupManagement(AdminProtocolServiceGrpc.java:274)
	at org.apache.ratis.grpc.client.GrpcClientProtocolClient.lambda$groupAdd$3(GrpcClientProtocolClient.java:149)
	at org.apache.ratis.grpc.client.GrpcClientProtocolClient.blockingCall(GrpcClientProtocolClient.java:176)
	... 25 more
2019-09-24 19:06:45,090 [grpc-default-executor-13] INFO  impl.RaftServerProxy (RaftServerProxy.java:addNew(89)) - bef30485-dff6-47d2-88a8-2d6b76a883db: addNew group-E65683355006:[a1cd4983-4499-4ca1-85e6-001c65d6bf4f:192.168.5.148:43964, bef30485-dff6-47d2-88a8-2d6b76a883db:192.168.5.148:38198, 56e639b0-539e-46f2-afe9-98e7bb950b90:192.168.5.148:41145] returns group-E65683355006:java.util.concurrent.CompletableFuture@1b7724b5[Not completed]
2019-09-24 19:06:45,090 [grpc-default-executor-16] INFO  impl.RaftServerProxy (RaftServerProxy.java:addNew(89)) - a1cd4983-4499-4ca1-85e6-001c65d6bf4f: addNew group-E65683355006:[a1cd4983-4499-4ca1-85e6-001c65d6bf4f:192.168.5.148:43964, bef30485-dff6-47d2-88a8-2d6b76a883db:192.168.5.148:38198, 56e639b0-539e-46f2-afe9-98e7bb950b90:192.168.5.148:41145] returns group-E65683355006:java.util.concurrent.CompletableFuture@419b715a[Not completed]
2019-09-24 19:06:45,091 [grpc-default-executor-13] INFO  impl.RaftServerProxy (RaftServerProxy.java:addNew(89)) - 56e639b0-539e-46f2-afe9-98e7bb950b90: addNew group-E65683355006:[a1cd4983-4499-4ca1-85e6-001c65d6bf4f:192.168.5.148:43964, bef30485-dff6-47d2-88a8-2d6b76a883db:192.168.5.148:38198, 56e639b0-539e-46f2-afe9-98e7bb950b90:192.168.5.148:41145] returns group-E65683355006:java.util.concurrent.CompletableFuture@140f6182[Not completed]
2019-09-24 19:06:45,092 [pool-438-thread-1] INFO  impl.RaftServerImpl (RaftServerImpl.java:<init>(95)) - bef30485-dff6-47d2-88a8-2d6b76a883db: new RaftServerImpl for group-E65683355006:[a1cd4983-4499-4ca1-85e6-001c65d6bf4f:192.168.5.148:43964, bef30485-dff6-47d2-88a8-2d6b76a883db:192.168.5.148:38198, 56e639b0-539e-46f2-afe9-98e7bb950b90:192.168.5.148:41145] with ContainerStateMachine:uninitialized
2019-09-24 19:06:45,092 [pool-438-thread-1] INFO  server.RaftServerConfigKeys (ConfUtils.java:logGet(43)) - raft.server.rpc.timeout.min = 1s (custom)
2019-09-24 19:06:45,092 [pool-438-thread-1] INFO  server.RaftServerConfigKeys (ConfUtils.java:logGet(43)) - raft.server.rpc.timeout.max = 1200ms (custom)
2019-09-24 19:06:45,092 [pool-438-thread-1] INFO  server.RaftServerConfigKeys (ConfUtils.java:logGet(43)) - raft.server.rpcslowness.timeout = 120s (custom)
2019-09-24 19:06:45,093 [pool-438-thread-1] INFO  server.RaftServerConfigKeys (ConfUtils.java:logGet(43)) - raft.server.sleep.deviation.threshold = 300 (default)
2019-09-24 19:06:45,093 [pool-448-thread-1] INFO  impl.RaftServerImpl (RaftServerImpl.java:<init>(95)) - 56e639b0-539e-46f2-afe9-98e7bb950b90: new RaftServerImpl for group-E65683355006:[a1cd4983-4499-4ca1-85e6-001c65d6bf4f:192.168.5.148:43964, bef30485-dff6-47d2-88a8-2d6b76a883db:192.168.5.148:38198, 56e639b0-539e-46f2-afe9-98e7bb950b90:192.168.5.148:41145] with ContainerStateMachine:uninitialized
2019-09-24 19:06:45,093 [pool-438-thread-1] INFO  server.RaftServerConfigKeys (ConfUtils.java:logGet(43)) - raft.server.log.appender.install.snapshot.enabled = false (custom)
2019-09-24 19:06:45,093 [pool-448-thread-1] INFO  server.RaftServerConfigKeys (ConfUtils.java:logGet(43)) - raft.server.rpc.timeout.min = 1s (custom)
2019-09-24 19:06:45,093 [pool-438-thread-1] INFO  impl.RaftServerImpl (ServerState.java:<init>(103)) - bef30485-dff6-47d2-88a8-2d6b76a883db@group-E65683355006: ConfigurationManager, init=-1: [a1cd4983-4499-4ca1-85e6-001c65d6bf4f:192.168.5.148:43964, bef30485-dff6-47d2-88a8-2d6b76a883db:192.168.5.148:38198, 56e639b0-539e-46f2-afe9-98e7bb950b90:192.168.5.148:41145], old=null, confs=<EMPTY_MAP>
2019-09-24 19:06:45,093 [pool-448-thread-1] INFO  server.RaftServerConfigKeys (ConfUtils.java:logGet(43)) - raft.server.rpc.timeout.max = 1200ms (custom)
2019-09-24 19:06:45,093 [pool-438-thread-1] INFO  server.RaftServerConfigKeys (ConfUtils.java:logGet(43)) - raft.server.storage.dir = [/workdir/hadoop-ozone/integration-test/target/test-dir/MiniOzoneClusterImpl-fd896651-19f7-4594-a8cd-2c001f85b2cc/datanode-5/data/ratis] (custom)
2019-09-24 19:06:45,093 [pool-448-thread-1] INFO  server.RaftServerConfigKeys (ConfUtils.java:logGet(43)) - raft.server.rpcslowness.timeout = 120s (custom)
2019-09-24 19:06:45,094 [pool-478-thread-1] INFO  impl.RaftServerImpl (RaftServerImpl.java:<init>(95)) - a1cd4983-4499-4ca1-85e6-001c65d6bf4f: new RaftServerImpl for group-E65683355006:[a1cd4983-4499-4ca1-85e6-001c65d6bf4f:192.168.5.148:43964, bef30485-dff6-47d2-88a8-2d6b76a883db:192.168.5.148:38198, 56e639b0-539e-46f2-afe9-98e7bb950b90:192.168.5.148:41145] with ContainerStateMachine:uninitialized
2019-09-24 19:06:45,094 [pool-438-thread-1] INFO  storage.RaftStorageDirectory (RaftStorageDirectory.java:analyzeStorage(246)) - The storage directory /workdir/hadoop-ozone/integration-test/target/test-dir/MiniOzoneClusterImpl-fd896651-19f7-4594-a8cd-2c001f85b2cc/datanode-5/data/ratis/7a068cc9-6b51-4ecc-a8fb-e65683355006 does not exist. Creating ...
2019-09-24 19:06:45,094 [pool-448-thread-1] INFO  server.RaftServerConfigKeys (ConfUtils.java:logGet(43)) - raft.server.sleep.deviation.threshold = 300 (default)
2019-09-24 19:06:45,094 [pool-478-thread-1] INFO  server.RaftServerConfigKeys (ConfUtils.java:logGet(43)) - raft.server.rpc.timeout.min = 1s (custom)
2019-09-24 19:06:45,094 [pool-448-thread-1] INFO  server.RaftServerConfigKeys (ConfUtils.java:logGet(43)) - raft.server.log.appender.install.snapshot.enabled = false (custom)
2019-09-24 19:06:45,094 [pool-478-thread-1] INFO  server.RaftServerConfigKeys (ConfUtils.java:logGet(43)) - raft.server.rpc.timeout.max = 1200ms (custom)
2019-09-24 19:06:45,095 [pool-448-thread-1] INFO  impl.RaftServerImpl (ServerState.java:<init>(103)) - 56e639b0-539e-46f2-afe9-98e7bb950b90@group-E65683355006: ConfigurationManager, init=-1: [a1cd4983-4499-4ca1-85e6-001c65d6bf4f:192.168.5.148:43964, bef30485-dff6-47d2-88a8-2d6b76a883db:192.168.5.148:38198, 56e639b0-539e-46f2-afe9-98e7bb950b90:192.168.5.148:41145], old=null, confs=<EMPTY_MAP>
2019-09-24 19:06:45,095 [pool-478-thread-1] INFO  server.RaftServerConfigKeys (ConfUtils.java:logGet(43)) - raft.server.rpcslowness.timeout = 120s (custom)
2019-09-24 19:06:45,095 [pool-448-thread-1] INFO  server.RaftServerConfigKeys (ConfUtils.java:logGet(43)) - raft.server.storage.dir = [/workdir/hadoop-ozone/integration-test/target/test-dir/MiniOzoneClusterImpl-fd896651-19f7-4594-a8cd-2c001f85b2cc/datanode-6/data/ratis] (custom)
2019-09-24 19:06:45,095 [pool-478-thread-1] INFO  server.RaftServerConfigKeys (ConfUtils.java:logGet(43)) - raft.server.sleep.deviation.threshold = 300 (default)
2019-09-24 19:06:45,095 [pool-478-thread-1] INFO  server.RaftServerConfigKeys (ConfUtils.java:logGet(43)) - raft.server.log.appender.install.snapshot.enabled = false (custom)
2019-09-24 19:06:45,095 [pool-448-thread-1] INFO  storage.RaftStorageDirectory (RaftStorageDirectory.java:analyzeStorage(246)) - The storage directory /workdir/hadoop-ozone/integration-test/target/test-dir/MiniOzoneClusterImpl-fd896651-19f7-4594-a8cd-2c001f85b2cc/datanode-6/data/ratis/7a068cc9-6b51-4ecc-a8fb-e65683355006 does not exist. Creating ...
2019-09-24 19:06:45,095 [pool-478-thread-1] INFO  impl.RaftServerImpl (ServerState.java:<init>(103)) - a1cd4983-4499-4ca1-85e6-001c65d6bf4f@group-E65683355006: ConfigurationManager, init=-1: [a1cd4983-4499-4ca1-85e6-001c65d6bf4f:192.168.5.148:43964, bef30485-dff6-47d2-88a8-2d6b76a883db:192.168.5.148:38198, 56e639b0-539e-46f2-afe9-98e7bb950b90:192.168.5.148:41145], old=null, confs=<EMPTY_MAP>
2019-09-24 19:06:45,096 [pool-478-thread-1] INFO  server.RaftServerConfigKeys (ConfUtils.java:logGet(43)) - raft.server.storage.dir = [/workdir/hadoop-ozone/integration-test/target/test-dir/MiniOzoneClusterImpl-fd896651-19f7-4594-a8cd-2c001f85b2cc/datanode-9/data/ratis] (custom)
2019-09-24 19:06:45,096 [pool-478-thread-1] INFO  storage.RaftStorageDirectory (RaftStorageDirectory.java:analyzeStorage(246)) - The storage directory /workdir/hadoop-ozone/integration-test/target/test-dir/MiniOzoneClusterImpl-fd896651-19f7-4594-a8cd-2c001f85b2cc/datanode-9/data/ratis/7a068cc9-6b51-4ecc-a8fb-e65683355006 does not exist. Creating ...
2019-09-24 19:06:45,274 [65e7b2a2-bc37-4edf-9ac3-f1ce4d9cbf03@group-6A423CAE0535-SegmentedRaftLogWorker] INFO  segmented.SegmentedRaftLogWorker (SegmentedRaftLogWorker.java:execute(569)) - 65e7b2a2-bc37-4edf-9ac3-f1ce4d9cbf03@group-6A423CAE0535-SegmentedRaftLogWorker: created new log segment /workdir/hadoop-ozone/integration-test/target/test-dir/MiniOzoneClusterImpl-fd896651-19f7-4594-a8cd-2c001f85b2cc/datanode-0/data/ratis/2d8b7135-e03f-47dc-828c-6a423cae0535/current/log_inprogress_0
2019-09-24 19:06:45,274 [1c0f73f6-af19-4a4b-8f30-46606ded09de@group-1FED364A9AFE-SegmentedRaftLogWorker] INFO  segmented.SegmentedRaftLogWorker (SegmentedRaftLogWorker.java:execute(569)) - 1c0f73f6-af19-4a4b-8f30-46606ded09de@group-1FED364A9AFE-SegmentedRaftLogWorker: created new log segment /workdir/hadoop-ozone/integration-test/target/test-dir/MiniOzoneClusterImpl-fd896651-19f7-4594-a8cd-2c001f85b2cc/datanode-3/data/ratis/afbe746e-a638-4995-936c-1fed364a9afe/current/log_inprogress_0
2019-09-24 19:06:45,276 [pool-458-thread-1] INFO  storage.RaftStorage (RaftStorage.java:format(72)) - Storage directory /workdir/hadoop-ozone/integration-test/target/test-dir/MiniOzoneClusterImpl-fd896651-19f7-4594-a8cd-2c001f85b2cc/datanode-7/data/ratis/c5d634d4-604d-4227-a20f-8680157d9dcf has been successfully formatted.
2019-09-24 19:06:45,276 [pool-458-thread-1] INFO  ratis.ContainerStateMachine (ContainerStateMachine.java:loadSnapshot(230)) - group-8680157D9DCF: The snapshot info is null. Setting the last applied indexto:(t:0, i:~)
2019-09-24 19:06:45,276 [pool-458-thread-1] INFO  server.RaftServerConfigKeys (ConfUtils.java:logGet(43)) - raft.server.notification.no-leader.timeout = 120s (custom)
2019-09-24 19:06:45,276 [pool-448-thread-1] INFO  storage.RaftStorageDirectory (RaftStorageDirectory.java:tryLock(328)) - Lock on /workdir/hadoop-ozone/integration-test/target/test-dir/MiniOzoneClusterImpl-fd896651-19f7-4594-a8cd-2c001f85b2cc/datanode-6/data/ratis/7a068cc9-6b51-4ecc-a8fb-e65683355006/in_use.lock acquired by nodename 10455@pr-hdds-2149-fgl4f-1742389470
2019-09-24 19:06:45,277 [bbe02bed-b2fd-41cc-b659-07694a69eb1f@group-389367BDECB3-SegmentedRaftLogWorker] INFO  segmented.SegmentedRaftLogWorker (SegmentedRaftLogWorker.java:execute(569)) - bbe02bed-b2fd-41cc-b659-07694a69eb1f@group-389367BDECB3-SegmentedRaftLogWorker: created new log segment /workdir/hadoop-ozone/integration-test/target/test-dir/MiniOzoneClusterImpl-fd896651-19f7-4594-a8cd-2c001f85b2cc/datanode-2/data/ratis/1ea41fbe-71e8-4389-bbd8-389367bdecb3/current/log_inprogress_0
2019-09-24 19:06:45,277 [pool-438-thread-1] INFO  storage.RaftStorageDirectory (RaftStorageDirectory.java:tryLock(328)) - Lock on /workdir/hadoop-ozone/integration-test/target/test-dir/MiniOzoneClusterImpl-fd896651-19f7-4594-a8cd-2c001f85b2cc/datanode-5/data/ratis/7a068cc9-6b51-4ecc-a8fb-e65683355006/in_use.lock acquired by nodename 10455@pr-hdds-2149-fgl4f-1742389470
2019-09-24 19:06:45,277 [c58aaf1c-89bb-4ba3-9ae1-98cdf66dbe75@group-F8113E93C1BB-SegmentedRaftLogWorker] INFO  segmented.SegmentedRaftLogWorker (SegmentedRaftLogWorker.java:execute(569)) - c58aaf1c-89bb-4ba3-9ae1-98cdf66dbe75@group-F8113E93C1BB-SegmentedRaftLogWorker: created new log segment /workdir/hadoop-ozone/integration-test/target/test-dir/MiniOzoneClusterImpl-fd896651-19f7-4594-a8cd-2c001f85b2cc/datanode-4/data/ratis/c712c08d-1a06-4fd5-b2e2-f8113e93c1bb/current/log_inprogress_0
2019-09-24 19:06:45,277 [pool-478-thread-1] INFO  storage.RaftStorageDirectory (RaftStorageDirectory.java:tryLock(328)) - Lock on /workdir/hadoop-ozone/integration-test/target/test-dir/MiniOzoneClusterImpl-fd896651-19f7-4594-a8cd-2c001f85b2cc/datanode-9/data/ratis/7a068cc9-6b51-4ecc-a8fb-e65683355006/in_use.lock acquired by nodename 10455@pr-hdds-2149-fgl4f-1742389470
2019-09-24 19:06:45,276 [pool-458-thread-1] INFO  server.RaftServerConfigKeys (ConfUtils.java:logGet(43)) - raft.server.log.use.memory = false (default)
2019-09-24 19:06:45,277 [56e639b0-539e-46f2-afe9-98e7bb950b90@group-1D2227E36EC6:LeaderElection204] INFO  impl.LeaderElection (LeaderElection.java:askForVotes(182)) - 56e639b0-539e-46f2-afe9-98e7bb950b90@group-1D2227E36EC6:LeaderElection204: begin an election at term 1 for -1: [56e639b0-539e-46f2-afe9-98e7bb950b90:192.168.5.148:41145], old=null
2019-09-24 19:06:45,277 [bef30485-dff6-47d2-88a8-2d6b76a883db@group-0D3C7E1B4A92:LeaderElection203] INFO  impl.LeaderElection (LeaderElection.java:askForVotes(182)) - bef30485-dff6-47d2-88a8-2d6b76a883db@group-0D3C7E1B4A92:LeaderElection203: begin an election at term 1 for -1: [bef30485-dff6-47d2-88a8-2d6b76a883db:192.168.5.148:38198], old=null
2019-09-24 19:06:45,277 [a1cd4983-4499-4ca1-85e6-001c65d6bf4f@group-48289592A1DF:LeaderElection205] INFO  impl.LeaderElection (LeaderElection.java:askForVotes(182)) - a1cd4983-4499-4ca1-85e6-001c65d6bf4f@group-48289592A1DF:LeaderElection205: begin an election at term 1 for -1: [a1cd4983-4499-4ca1-85e6-001c65d6bf4f:192.168.5.148:43964], old=null
2019-09-24 19:06:45,278 [bef30485-dff6-47d2-88a8-2d6b76a883db@group-0D3C7E1B4A92:LeaderElection203] INFO  impl.RoleInfo (RoleInfo.java:shutdownLeaderElection(134)) - bef30485-dff6-47d2-88a8-2d6b76a883db: shutdown LeaderElection
2019-09-24 19:06:45,278 [56e639b0-539e-46f2-afe9-98e7bb950b90@group-1D2227E36EC6:LeaderElection204] INFO  impl.RoleInfo (RoleInfo.java:shutdownLeaderElection(134)) - 56e639b0-539e-46f2-afe9-98e7bb950b90: shutdown LeaderElection
2019-09-24 19:06:45,278 [pool-458-thread-1] INFO  server.RaftServerConfigKeys (ConfUtils.java:logGet(43)) - raft.server.log.purge.gap = 1000000 (custom)
2019-09-24 19:06:45,279 [56e639b0-539e-46f2-afe9-98e7bb950b90@group-1D2227E36EC6:LeaderElection204] INFO  impl.RaftServerImpl (RaftServerImpl.java:setRole(174)) - 56e639b0-539e-46f2-afe9-98e7bb950b90@group-1D2227E36EC6: changes role from CANDIDATE to LEADER at term 1 for changeToLeader
2019-09-24 19:06:45,279 [56e639b0-539e-46f2-afe9-98e7bb950b90@group-1D2227E36EC6:LeaderElection204] INFO  impl.RaftServerImpl (ServerState.java:setLeader(253)) - 56e639b0-539e-46f2-afe9-98e7bb950b90@group-1D2227E36EC6: change Leader from null to 56e639b0-539e-46f2-afe9-98e7bb950b90 at term 1 for becomeLeader, leader elected after 3480ms
2019-09-24 19:06:45,278 [bef30485-dff6-47d2-88a8-2d6b76a883db@group-0D3C7E1B4A92:LeaderElection203] INFO  impl.RaftServerImpl (RaftServerImpl.java:setRole(174)) - bef30485-dff6-47d2-88a8-2d6b76a883db@group-0D3C7E1B4A92: changes role from CANDIDATE to LEADER at term 1 for changeToLeader
2019-09-24 19:06:45,279 [bef30485-dff6-47d2-88a8-2d6b76a883db@group-0D3C7E1B4A92:LeaderElection203] INFO  impl.RaftServerImpl (ServerState.java:setLeader(253)) - bef30485-dff6-47d2-88a8-2d6b76a883db@group-0D3C7E1B4A92: change Leader from null to bef30485-dff6-47d2-88a8-2d6b76a883db at term 1 for becomeLeader, leader elected after 3829ms
2019-09-24 19:06:45,278 [a1cd4983-4499-4ca1-85e6-001c65d6bf4f@group-48289592A1DF:LeaderElection205] INFO  impl.RoleInfo (RoleInfo.java:shutdownLeaderElection(134)) - a1cd4983-4499-4ca1-85e6-001c65d6bf4f: shutdown LeaderElection
2019-09-24 19:06:45,279 [bef30485-dff6-47d2-88a8-2d6b76a883db@group-0D3C7E1B4A92:LeaderElection203] INFO  server.RaftServerConfigKeys (ConfUtils.java:logGet(43)) - raft.server.staging.catchup.gap = 1000 (default)
2019-09-24 19:06:45,280 [bef30485-dff6-47d2-88a8-2d6b76a883db@group-0D3C7E1B4A92:LeaderElection203] INFO  server.RaftServerConfigKeys (ConfUtils.java:logGet(43)) - raft.server.rpc.sleep.time = 25ms (default)
2019-09-24 19:06:45,279 [56e639b0-539e-46f2-afe9-98e7bb950b90@group-1D2227E36EC6:LeaderElection204] INFO  server.RaftServerConfigKeys (ConfUtils.java:logGet(43)) - raft.server.staging.catchup.gap = 1000 (default)
2019-09-24 19:06:45,279 [pool-458-thread-1] INFO  server.RaftServerConfigKeys (ConfUtils.java:logGet(43)) - raft.server.log.appender.buffer.byte-limit = 33554432 (custom)
2019-09-24 19:06:45,280 [56e639b0-539e-46f2-afe9-98e7bb950b90@group-1D2227E36EC6:LeaderElection204] INFO  server.RaftServerConfigKeys (ConfUtils.java:logGet(43)) - raft.server.rpc.sleep.time = 25ms (default)
2019-09-24 19:06:45,280 [bef30485-dff6-47d2-88a8-2d6b76a883db@group-0D3C7E1B4A92:LeaderElection203] INFO  server.RaftServerConfigKeys (ConfUtils.java:logGet(43)) - raft.server.write.element-limit = 4096 (default)
2019-09-24 19:06:45,280 [a1cd4983-4499-4ca1-85e6-001c65d6bf4f@group-48289592A1DF:LeaderElection205] INFO  impl.RaftServerImpl (RaftServerImpl.java:setRole(174)) - a1cd4983-4499-4ca1-85e6-001c65d6bf4f@group-48289592A1DF: changes role from CANDIDATE to LEADER at term 1 for changeToLeader
2019-09-24 19:06:45,281 [bef30485-dff6-47d2-88a8-2d6b76a883db@group-0D3C7E1B4A92:LeaderElection203] INFO  server.RaftServerConfigKeys (ConfUtils.java:logGet(43)) - raft.server.watch.timeout = 10s (default)
2019-09-24 19:06:45,280 [56e639b0-539e-46f2-afe9-98e7bb950b90@group-1D2227E36EC6:LeaderElection204] INFO  server.RaftServerConfigKeys (ConfUtils.java:logGet(43)) - raft.server.write.element-limit = 4096 (default)
2019-09-24 19:06:45,280 [pool-458-thread-1] INFO  server.RaftServerConfigKeys (ConfUtils.java:logGet(43)) - raft.server.log.segment.size.max = 1048576 (custom)
2019-09-24 19:06:45,281 [56e639b0-539e-46f2-afe9-98e7bb950b90@group-1D2227E36EC6:LeaderElection204] INFO  server.RaftServerConfigKeys (ConfUtils.java:logGet(43)) - raft.server.watch.timeout = 10s (default)
2019-09-24 19:06:45,281 [bef30485-dff6-47d2-88a8-2d6b76a883db@group-0D3C7E1B4A92:LeaderElection203] INFO  server.RaftServerConfigKeys (ConfUtils.java:logGet(43)) - raft.server.watch.timeout.denomination = 1s (default)
2019-09-24 19:06:45,281 [a1cd4983-4499-4ca1-85e6-001c65d6bf4f@group-48289592A1DF:LeaderElection205] INFO  impl.RaftServerImpl (ServerState.java:setLeader(253)) - a1cd4983-4499-4ca1-85e6-001c65d6bf4f@group-48289592A1DF: change Leader from null to a1cd4983-4499-4ca1-85e6-001c65d6bf4f at term 1 for becomeLeader, leader elected after 3271ms
2019-09-24 19:06:45,282 [bef30485-dff6-47d2-88a8-2d6b76a883db@group-0D3C7E1B4A92:LeaderElection203] INFO  server.RaftServerConfigKeys (ConfUtils.java:logGet(43)) - raft.server.watch.element-limit = 65536 (default)
2019-09-24 19:06:45,282 [56e639b0-539e-46f2-afe9-98e7bb950b90@group-1D2227E36EC6:LeaderElection204] INFO  server.RaftServerConfigKeys (ConfUtils.java:logGet(43)) - raft.server.watch.timeout.denomination = 1s (default)
2019-09-24 19:06:45,282 [56e639b0-539e-46f2-afe9-98e7bb950b90@group-1D2227E36EC6:LeaderElection204] INFO  server.RaftServerConfigKeys (ConfUtils.java:logGet(43)) - raft.server.watch.element-limit = 65536 (default)
2019-09-24 19:06:45,281 [pool-458-thread-1] INFO  server.RaftServerConfigKeys (ConfUtils.java:logGet(43)) - raft.server.log.segment.cache.num.max = 2 (custom)
2019-09-24 19:06:45,282 [a1cd4983-4499-4ca1-85e6-001c65d6bf4f@group-48289592A1DF:LeaderElection205] INFO  server.RaftServerConfigKeys (ConfUtils.java:logGet(43)) - raft.server.staging.catchup.gap = 1000 (default)
2019-09-24 19:06:45,283 [pool-458-thread-1] INFO  segmented.SegmentedRaftLogWorker (SegmentedRaftLogWorker.java:<init>(172)) - new b0305751-6675-4e58-b5a6-74f1444b0eaa@group-8680157D9DCF-SegmentedRaftLogWorker for RaftStorage:Storage Directory /workdir/hadoop-ozone/integration-test/target/test-dir/MiniOzoneClusterImpl-fd896651-19f7-4594-a8cd-2c001f85b2cc/datanode-7/data/ratis/c5d634d4-604d-4227-a20f-8680157d9dcf
2019-09-24 19:06:45,283 [a1cd4983-4499-4ca1-85e6-001c65d6bf4f@group-48289592A1DF:LeaderElection205] INFO  server.RaftServerConfigKeys (ConfUtils.java:logGet(43)) - raft.server.rpc.sleep.time = 25ms (default)
2019-09-24 19:06:45,284 [a1cd4983-4499-4ca1-85e6-001c65d6bf4f@group-48289592A1DF:LeaderElection205] INFO  server.RaftServerConfigKeys (ConfUtils.java:logGet(43)) - raft.server.write.element-limit = 4096 (default)
2019-09-24 19:06:45,284 [a1cd4983-4499-4ca1-85e6-001c65d6bf4f@group-48289592A1DF:LeaderElection205] INFO  server.RaftServerConfigKeys (ConfUtils.java:logGet(43)) - raft.server.watch.timeout = 10s (default)
2019-09-24 19:06:45,284 [a1cd4983-4499-4ca1-85e6-001c65d6bf4f@group-48289592A1DF:LeaderElection205] INFO  server.RaftServerConfigKeys (ConfUtils.java:logGet(43)) - raft.server.watch.timeout.denomination = 1s (default)
2019-09-24 19:06:45,284 [a1cd4983-4499-4ca1-85e6-001c65d6bf4f@group-48289592A1DF:LeaderElection205] INFO  server.RaftServerConfigKeys (ConfUtils.java:logGet(43)) - raft.server.watch.element-limit = 65536 (default)
2019-09-24 19:06:45,287 [bef30485-dff6-47d2-88a8-2d6b76a883db@group-0D3C7E1B4A92:LeaderElection203] INFO  impl.RoleInfo (RoleInfo.java:updateAndGet(143)) - bef30485-dff6-47d2-88a8-2d6b76a883db: start LeaderState
2019-09-24 19:06:45,287 [bef30485-dff6-47d2-88a8-2d6b76a883db@group-0D3C7E1B4A92:LeaderElection203] INFO  segmented.SegmentedRaftLogWorker (SegmentedRaftLogWorker.java:startLogSegment(380)) - bef30485-dff6-47d2-88a8-2d6b76a883db@group-0D3C7E1B4A92-SegmentedRaftLogWorker: Starting segment from index:0
2019-09-24 19:06:45,288 [bef30485-dff6-47d2-88a8-2d6b76a883db@group-0D3C7E1B4A92:LeaderElection203] INFO  impl.RaftServerImpl (ServerState.java:setRaftConf(354)) - bef30485-dff6-47d2-88a8-2d6b76a883db@group-0D3C7E1B4A92: set configuration 0: [bef30485-dff6-47d2-88a8-2d6b76a883db:192.168.5.148:38198], old=null at 0
2019-09-24 19:06:45,289 [56e639b0-539e-46f2-afe9-98e7bb950b90@group-1D2227E36EC6:LeaderElection204] INFO  impl.RoleInfo (RoleInfo.java:updateAndGet(143)) - 56e639b0-539e-46f2-afe9-98e7bb950b90: start LeaderState
2019-09-24 19:06:45,290 [56e639b0-539e-46f2-afe9-98e7bb950b90@group-1D2227E36EC6:LeaderElection204] INFO  segmented.SegmentedRaftLogWorker (SegmentedRaftLogWorker.java:startLogSegment(380)) - 56e639b0-539e-46f2-afe9-98e7bb950b90@group-1D2227E36EC6-SegmentedRaftLogWorker: Starting segment from index:0
2019-09-24 19:06:45,290 [pool-458-thread-1] INFO  server.RaftServerConfigKeys (ConfUtils.java:logGet(43)) - raft.server.log.queue.byte-limit = 2147483647 (custom)
2019-09-24 19:06:45,290 [a1cd4983-4499-4ca1-85e6-001c65d6bf4f@group-48289592A1DF:LeaderElection205] INFO  impl.RoleInfo (RoleInfo.java:updateAndGet(143)) - a1cd4983-4499-4ca1-85e6-001c65d6bf4f: start LeaderState
2019-09-24 19:06:45,290 [56e639b0-539e-46f2-afe9-98e7bb950b90@group-1D2227E36EC6:LeaderElection204] INFO  impl.RaftServerImpl (ServerState.java:setRaftConf(354)) - 56e639b0-539e-46f2-afe9-98e7bb950b90@group-1D2227E36EC6: set configuration 0: [56e639b0-539e-46f2-afe9-98e7bb950b90:192.168.5.148:41145], old=null at 0
2019-09-24 19:06:45,290 [pool-458-thread-1] INFO  server.RaftServerConfigKeys (ConfUtils.java:logGet(43)) - raft.server.log.queue.element-limit = 1024 (custom)
2019-09-24 19:06:45,291 [a1cd4983-4499-4ca1-85e6-001c65d6bf4f@group-48289592A1DF:LeaderElection205] INFO  segmented.SegmentedRaftLogWorker (SegmentedRaftLogWorker.java:startLogSegment(380)) - a1cd4983-4499-4ca1-85e6-001c65d6bf4f@group-48289592A1DF-SegmentedRaftLogWorker: Starting segment from index:0
2019-09-24 19:06:45,291 [pool-458-thread-1] INFO  server.RaftServerConfigKeys (ConfUtils.java:logGet(43)) - raft.server.log.segment.size.max = 1048576 (custom)
2019-09-24 19:06:45,291 [pool-458-thread-1] INFO  server.RaftServerConfigKeys (ConfUtils.java:logGet(43)) - raft.server.log.preallocated.size = 16384 (custom)
2019-09-24 19:06:45,292 [a1cd4983-4499-4ca1-85e6-001c65d6bf4f@group-48289592A1DF:LeaderElection205] INFO  impl.RaftServerImpl (ServerState.java:setRaftConf(354)) - a1cd4983-4499-4ca1-85e6-001c65d6bf4f@group-48289592A1DF: set configuration 0: [a1cd4983-4499-4ca1-85e6-001c65d6bf4f:192.168.5.148:43964], old=null at 0
2019-09-24 19:06:45,292 [pool-458-thread-1] INFO  server.RaftServerConfigKeys (ConfUtils.java:logGet(43)) - raft.server.log.write.buffer.size = 33554432 (custom)
2019-09-24 19:06:45,292 [pool-458-thread-1] INFO  server.RaftServerConfigKeys (ConfUtils.java:logGet(43)) - raft.server.log.force.sync.num = 128 (default)
2019-09-24 19:06:45,292 [pool-458-thread-1] INFO  server.RaftServerConfigKeys (ConfUtils.java:logGet(43)) - raft.server.log.statemachine.data.sync = true (default)
2019-09-24 19:06:45,292 [pool-458-thread-1] INFO  server.RaftServerConfigKeys (ConfUtils.java:logGet(43)) - raft.server.log.statemachine.data.sync.timeout = 10s (default)
2019-09-24 19:06:45,293 [pool-458-thread-1] INFO  server.RaftServerConfigKeys (ConfUtils.java:logGet(43)) - raft.server.log.statemachine.data.sync.timeout.retry = -1 (default)
2019-09-24 19:06:45,293 [pool-458-thread-1] INFO  server.RaftServerConfigKeys (ConfUtils.java:logGet(43)) - raft.server.log.statemachine.data.caching.enabled = true (custom)
2019-09-24 19:06:45,293 [pool-458-thread-1] INFO  segmented.SegmentedRaftLogWorker (SegmentedRaftLogWorker.java:lambda$new$0(132)) - b0305751-6675-4e58-b5a6-74f1444b0eaa@group-8680157D9DCF-SegmentedRaftLogWorker: flushIndex: setUnconditionally 0 -> -1
2019-09-24 19:06:45,294 [pool-458-thread-1] INFO  server.RaftServerConfigKeys (ConfUtils.java:logGet(43)) - raft.server.snapshot.auto.trigger.enabled = true (custom)
2019-09-24 19:06:45,294 [pool-458-thread-1] INFO  server.RaftServerConfigKeys (ConfUtils.java:logGet(43)) - raft.server.snapshot.auto.trigger.threshold = 10000 (custom)
2019-09-24 19:06:45,294 [pool-458-thread-1] INFO  server.RaftServerConfigKeys (ConfUtils.java:logGet(43)) - raft.server.snapshot.retention.num.files = 5 (custom)
2019-09-24 19:06:45,294 [pool-458-thread-1] INFO  server.RaftServerConfigKeys (ConfUtils.java:logGet(43)) - raft.server.retrycache.expirytime = 600000ms (custom)
2019-09-24 19:06:45,297 [pool-458-thread-1] INFO  impl.RaftServerImpl (RaftServerImpl.java:start(185)) - b0305751-6675-4e58-b5a6-74f1444b0eaa@group-8680157D9DCF: start as a follower, conf=-1: [b0305751-6675-4e58-b5a6-74f1444b0eaa:192.168.5.148:40938], old=null
2019-09-24 19:06:45,297 [pool-458-thread-1] INFO  impl.RaftServerImpl (RaftServerImpl.java:setRole(174)) - b0305751-6675-4e58-b5a6-74f1444b0eaa@group-8680157D9DCF: changes role from      null to FOLLOWER at term 0 for startAsFollower
2019-09-24 19:06:45,297 [pool-458-thread-1] INFO  impl.RoleInfo (RoleInfo.java:updateAndGet(143)) - b0305751-6675-4e58-b5a6-74f1444b0eaa: start FollowerState
2019-09-24 19:06:45,298 [pool-458-thread-1] INFO  util.JmxRegister (JmxRegister.java:tryRegister(44)) - Successfully registered JMX Bean with object name Ratis:service=RaftServer,group=group-8680157D9DCF,id=b0305751-6675-4e58-b5a6-74f1444b0eaa
2019-09-24 19:06:46,483 [Thread-3198] INFO  impl.FollowerState (FollowerState.java:run(106)) - b0305751-6675-4e58-b5a6-74f1444b0eaa:group-8680157D9DCF changes to CANDIDATE, lastRpcTime:1185, electionTimeout:1185ms
2019-09-24 19:06:46,483 [Thread-3198] INFO  impl.RoleInfo (RoleInfo.java:shutdownFollowerState(121)) - b0305751-6675-4e58-b5a6-74f1444b0eaa: shutdown FollowerState
2019-09-24 19:06:46,483 [Thread-3198] INFO  impl.RaftServerImpl (RaftServerImpl.java:setRole(174)) - b0305751-6675-4e58-b5a6-74f1444b0eaa@group-8680157D9DCF: changes role from  FOLLOWER to CANDIDATE at term 0 for changeToCandidate
2019-09-24 19:06:46,484 [Thread-3198] INFO  impl.RoleInfo (RoleInfo.java:updateAndGet(143)) - b0305751-6675-4e58-b5a6-74f1444b0eaa: start LeaderElection
2019-09-24 19:06:48,080 [RATISCREATEPIPELINE1] ERROR pipeline.RatisPipelineProvider (RatisPipelineProvider.java:lambda$null$5(235)) - Failed invoke Ratis rpc org.apache.hadoop.hdds.scm.pipeline.RatisPipelineProvider$$Lambda$180/1007996814@4af6e9bd for bef30485-dff6-47d2-88a8-2d6b76a883db
org.apache.ratis.protocol.TimeoutIOException: deadline exceeded after 2999853218ns
	at org.apache.ratis.grpc.GrpcUtil.tryUnwrapException(GrpcUtil.java:82)
	at org.apache.ratis.grpc.GrpcUtil.unwrapException(GrpcUtil.java:75)
	at org.apache.ratis.grpc.client.GrpcClientProtocolClient.blockingCall(GrpcClientProtocolClient.java:178)
	at org.apache.ratis.grpc.client.GrpcClientProtocolClient.groupAdd(GrpcClientProtocolClient.java:147)
	at org.apache.ratis.grpc.client.GrpcClientRpc.sendRequest(GrpcClientRpc.java:94)
	at org.apache.ratis.client.impl.RaftClientImpl.sendRequest(RaftClientImpl.java:278)
	at org.apache.ratis.client.impl.RaftClientImpl.groupAdd(RaftClientImpl.java:205)
	at org.apache.hadoop.hdds.scm.pipeline.RatisPipelineProvider.lambda$initializePipeline$4(RatisPipelineProvider.java:196)
	at org.apache.hadoop.hdds.scm.pipeline.RatisPipelineProvider.lambda$null$5(RatisPipelineProvider.java:231)
	at java.util.stream.ForEachOps$ForEachOp$OfRef.accept(ForEachOps.java:184)
	at java.util.ArrayList$ArrayListSpliterator.forEachRemaining(ArrayList.java:1382)
	at java.util.stream.AbstractPipeline.copyInto(AbstractPipeline.java:482)
	at java.util.stream.ForEachOps$ForEachTask.compute(ForEachOps.java:291)
	at java.util.concurrent.CountedCompleter.exec(CountedCompleter.java:731)
	at java.util.concurrent.ForkJoinTask.doExec(ForkJoinTask.java:289)
	at java.util.concurrent.ForkJoinTask.doInvoke(ForkJoinTask.java:401)
	at java.util.concurrent.ForkJoinTask.invoke(ForkJoinTask.java:734)
	at java.util.stream.ForEachOps$ForEachOp.evaluateParallel(ForEachOps.java:160)
	at java.util.stream.ForEachOps$ForEachOp$OfRef.evaluateParallel(ForEachOps.java:174)
	at java.util.stream.AbstractPipeline.evaluate(AbstractPipeline.java:233)
	at java.util.stream.ReferencePipeline.forEach(ReferencePipeline.java:418)
	at java.util.stream.ReferencePipeline$Head.forEach(ReferencePipeline.java:583)
	at org.apache.hadoop.hdds.scm.pipeline.RatisPipelineProvider.lambda$callRatisRpc$6(RatisPipelineProvider.java:225)
	at java.util.concurrent.ForkJoinTask$AdaptedRunnableAction.exec(ForkJoinTask.java:1386)
	at java.util.concurrent.ForkJoinTask.doExec(ForkJoinTask.java:289)
	at java.util.concurrent.ForkJoinPool$WorkQueue.runTask(ForkJoinPool.java:1056)
	at java.util.concurrent.ForkJoinPool.runWorker(ForkJoinPool.java:1692)
	at java.util.concurrent.ForkJoinWorkerThread.run(ForkJoinWorkerThread.java:157)
Caused by: org.apache.ratis.thirdparty.io.grpc.StatusRuntimeException: DEADLINE_EXCEEDED: deadline exceeded after 2999853218ns
	at org.apache.ratis.thirdparty.io.grpc.stub.ClientCalls.toStatusRuntimeException(ClientCalls.java:233)
	at org.apache.ratis.thirdparty.io.grpc.stub.ClientCalls.getUnchecked(ClientCalls.java:214)
	at org.apache.ratis.thirdparty.io.grpc.stub.ClientCalls.blockingUnaryCall(ClientCalls.java:139)
	at org.apache.ratis.proto.grpc.AdminProtocolServiceGrpc$AdminProtocolServiceBlockingStub.groupManagement(AdminProtocolServiceGrpc.java:274)
	at org.apache.ratis.grpc.client.GrpcClientProtocolClient.lambda$groupAdd$3(GrpcClientProtocolClient.java:149)
	at org.apache.ratis.grpc.client.GrpcClientProtocolClient.blockingCall(GrpcClientProtocolClient.java:176)
	... 25 more
2019-09-24 19:06:48,081 [RATISCREATEPIPELINE3] ERROR pipeline.RatisPipelineProvider (RatisPipelineProvider.java:lambda$null$5(235)) - Failed invoke Ratis rpc org.apache.hadoop.hdds.scm.pipeline.RatisPipelineProvider$$Lambda$180/1007996814@4af6e9bd for a1cd4983-4499-4ca1-85e6-001c65d6bf4f
org.apache.ratis.protocol.TimeoutIOException: deadline exceeded after 2999816023ns
	at org.apache.ratis.grpc.GrpcUtil.tryUnwrapException(GrpcUtil.java:82)
	at org.apache.ratis.grpc.GrpcUtil.unwrapException(GrpcUtil.java:75)
	at org.apache.ratis.grpc.client.GrpcClientProtocolClient.blockingCall(GrpcClientProtocolClient.java:178)
	at org.apache.ratis.grpc.client.GrpcClientProtocolClient.groupAdd(GrpcClientProtocolClient.java:147)
	at org.apache.ratis.grpc.client.GrpcClientRpc.sendRequest(GrpcClientRpc.java:94)
	at org.apache.ratis.client.impl.RaftClientImpl.sendRequest(RaftClientImpl.java:278)
	at org.apache.ratis.client.impl.RaftClientImpl.groupAdd(RaftClientImpl.java:205)
	at org.apache.hadoop.hdds.scm.pipeline.RatisPipelineProvider.lambda$initializePipeline$4(RatisPipelineProvider.java:196)
	at org.apache.hadoop.hdds.scm.pipeline.RatisPipelineProvider.lambda$null$5(RatisPipelineProvider.java:231)
	at java.util.stream.ForEachOps$ForEachOp$OfRef.accept(ForEachOps.java:184)
	at java.util.ArrayList$ArrayListSpliterator.forEachRemaining(ArrayList.java:1382)
	at java.util.stream.AbstractPipeline.copyInto(AbstractPipeline.java:482)
	at java.util.stream.ForEachOps$ForEachTask.compute(ForEachOps.java:291)
	at java.util.concurrent.CountedCompleter.exec(CountedCompleter.java:731)
	at java.util.concurrent.ForkJoinTask.doExec(ForkJoinTask.java:289)
	at java.util.concurrent.ForkJoinPool$WorkQueue.runTask(ForkJoinPool.java:1056)
	at java.util.concurrent.ForkJoinPool.runWorker(ForkJoinPool.java:1692)
	at java.util.concurrent.ForkJoinWorkerThread.run(ForkJoinWorkerThread.java:157)
Caused by: org.apache.ratis.thirdparty.io.grpc.StatusRuntimeException: DEADLINE_EXCEEDED: deadline exceeded after 2999816023ns
	at org.apache.ratis.thirdparty.io.grpc.stub.ClientCalls.toStatusRuntimeException(ClientCalls.java:233)
	at org.apache.ratis.thirdparty.io.grpc.stub.ClientCalls.getUnchecked(ClientCalls.java:214)
	at org.apache.ratis.thirdparty.io.grpc.stub.ClientCalls.blockingUnaryCall(ClientCalls.java:139)
	at org.apache.ratis.proto.grpc.AdminProtocolServiceGrpc$AdminProtocolServiceBlockingStub.groupManagement(AdminProtocolServiceGrpc.java:274)
	at org.apache.ratis.grpc.client.GrpcClientProtocolClient.lambda$groupAdd$3(GrpcClientProtocolClient.java:149)
	at org.apache.ratis.grpc.client.GrpcClientProtocolClient.blockingCall(GrpcClientProtocolClient.java:176)
	... 15 more
2019-09-24 19:06:48,081 [RATISCREATEPIPELINE2] ERROR pipeline.RatisPipelineProvider (RatisPipelineProvider.java:lambda$null$5(235)) - Failed invoke Ratis rpc org.apache.hadoop.hdds.scm.pipeline.RatisPipelineProvider$$Lambda$180/1007996814@4af6e9bd for 56e639b0-539e-46f2-afe9-98e7bb950b90
org.apache.ratis.protocol.TimeoutIOException: deadline exceeded after 2999876695ns
	at org.apache.ratis.grpc.GrpcUtil.tryUnwrapException(GrpcUtil.java:82)
	at org.apache.ratis.grpc.GrpcUtil.unwrapException(GrpcUtil.java:75)
	at org.apache.ratis.grpc.client.GrpcClientProtocolClient.blockingCall(GrpcClientProtocolClient.java:178)
	at org.apache.ratis.grpc.client.GrpcClientProtocolClient.groupAdd(GrpcClientProtocolClient.java:147)
	at org.apache.ratis.grpc.client.GrpcClientRpc.sendRequest(GrpcClientRpc.java:94)
	at org.apache.ratis.client.impl.RaftClientImpl.sendRequest(RaftClientImpl.java:278)
	at org.apache.ratis.client.impl.RaftClientImpl.groupAdd(RaftClientImpl.java:205)
	at org.apache.hadoop.hdds.scm.pipeline.RatisPipelineProvider.lambda$initializePipeline$4(RatisPipelineProvider.java:196)
	at org.apache.hadoop.hdds.scm.pipeline.RatisPipelineProvider.lambda$null$5(RatisPipelineProvider.java:231)
	at java.util.stream.ForEachOps$ForEachOp$OfRef.accept(ForEachOps.java:184)
	at java.util.ArrayList$ArrayListSpliterator.forEachRemaining(ArrayList.java:1382)
	at java.util.stream.AbstractPipeline.copyInto(AbstractPipeline.java:482)
	at java.util.stream.ForEachOps$ForEachTask.compute(ForEachOps.java:291)
	at java.util.concurrent.CountedCompleter.exec(CountedCompleter.java:731)
	at java.util.concurrent.ForkJoinTask.doExec(ForkJoinTask.java:289)
	at java.util.concurrent.ForkJoinPool$WorkQueue.runTask(ForkJoinPool.java:1056)
	at java.util.concurrent.ForkJoinPool.runWorker(ForkJoinPool.java:1692)
	at java.util.concurrent.ForkJoinWorkerThread.run(ForkJoinWorkerThread.java:157)
Caused by: org.apache.ratis.thirdparty.io.grpc.StatusRuntimeException: DEADLINE_EXCEEDED: deadline exceeded after 2999876695ns
	at org.apache.ratis.thirdparty.io.grpc.stub.ClientCalls.toStatusRuntimeException(ClientCalls.java:233)
	at org.apache.ratis.thirdparty.io.grpc.stub.ClientCalls.getUnchecked(ClientCalls.java:214)
	at org.apache.ratis.thirdparty.io.grpc.stub.ClientCalls.blockingUnaryCall(ClientCalls.java:139)
	at org.apache.ratis.proto.grpc.AdminProtocolServiceGrpc$AdminProtocolServiceBlockingStub.groupManagement(AdminProtocolServiceGrpc.java:274)
	at org.apache.ratis.grpc.client.GrpcClientProtocolClient.lambda$groupAdd$3(GrpcClientProtocolClient.java:149)
	at org.apache.ratis.grpc.client.GrpcClientProtocolClient.blockingCall(GrpcClientProtocolClient.java:176)
	... 15 more
2019-09-24 19:06:48,095 [grpc-default-executor-16] INFO  impl.RaftServerProxy (RaftServerProxy.java:addNew(89)) - b0305751-6675-4e58-b5a6-74f1444b0eaa: addNew group-8A9B5CA83F1F:[b0305751-6675-4e58-b5a6-74f1444b0eaa:192.168.5.148:40938] returns group-8A9B5CA83F1F:java.util.concurrent.CompletableFuture@15d3b303[Not completed]
2019-09-24 19:06:48,096 [pool-458-thread-1] INFO  impl.RaftServerImpl (RaftServerImpl.java:<init>(95)) - b0305751-6675-4e58-b5a6-74f1444b0eaa: new RaftServerImpl for group-8A9B5CA83F1F:[b0305751-6675-4e58-b5a6-74f1444b0eaa:192.168.5.148:40938] with ContainerStateMachine:uninitialized
2019-09-24 19:06:48,097 [pool-458-thread-1] INFO  server.RaftServerConfigKeys (ConfUtils.java:logGet(43)) - raft.server.rpc.timeout.min = 1s (custom)
2019-09-24 19:06:48,097 [pool-458-thread-1] INFO  server.RaftServerConfigKeys (ConfUtils.java:logGet(43)) - raft.server.rpc.timeout.max = 1200ms (custom)
2019-09-24 19:06:48,097 [pool-458-thread-1] INFO  server.RaftServerConfigKeys (ConfUtils.java:logGet(43)) - raft.server.rpcslowness.timeout = 120s (custom)
2019-09-24 19:06:48,097 [pool-458-thread-1] INFO  server.RaftServerConfigKeys (ConfUtils.java:logGet(43)) - raft.server.sleep.deviation.threshold = 300 (default)
2019-09-24 19:06:48,097 [pool-458-thread-1] INFO  server.RaftServerConfigKeys (ConfUtils.java:logGet(43)) - raft.server.log.appender.install.snapshot.enabled = false (custom)
2019-09-24 19:06:48,098 [pool-458-thread-1] INFO  impl.RaftServerImpl (ServerState.java:<init>(103)) - b0305751-6675-4e58-b5a6-74f1444b0eaa@group-8A9B5CA83F1F: ConfigurationManager, init=-1: [b0305751-6675-4e58-b5a6-74f1444b0eaa:192.168.5.148:40938], old=null, confs=<EMPTY_MAP>
2019-09-24 19:06:48,098 [pool-458-thread-1] INFO  server.RaftServerConfigKeys (ConfUtils.java:logGet(43)) - raft.server.storage.dir = [/workdir/hadoop-ozone/integration-test/target/test-dir/MiniOzoneClusterImpl-fd896651-19f7-4594-a8cd-2c001f85b2cc/datanode-7/data/ratis] (custom)
2019-09-24 19:06:48,098 [pool-458-thread-1] INFO  storage.RaftStorageDirectory (RaftStorageDirectory.java:analyzeStorage(246)) - The storage directory /workdir/hadoop-ozone/integration-test/target/test-dir/MiniOzoneClusterImpl-fd896651-19f7-4594-a8cd-2c001f85b2cc/datanode-7/data/ratis/ee257bd5-e770-40b7-ba27-8a9b5ca83f1f does not exist. Creating ...
2019-09-24 19:06:51,095 [RATISCREATEPIPELINE1] ERROR pipeline.RatisPipelineProvider (RatisPipelineProvider.java:lambda$null$5(235)) - Failed invoke Ratis rpc org.apache.hadoop.hdds.scm.pipeline.RatisPipelineProvider$$Lambda$180/1007996814@240016ab for b0305751-6675-4e58-b5a6-74f1444b0eaa
org.apache.ratis.protocol.TimeoutIOException: deadline exceeded after 2999849074ns
	at org.apache.ratis.grpc.GrpcUtil.tryUnwrapException(GrpcUtil.java:82)
	at org.apache.ratis.grpc.GrpcUtil.unwrapException(GrpcUtil.java:75)
	at org.apache.ratis.grpc.client.GrpcClientProtocolClient.blockingCall(GrpcClientProtocolClient.java:178)
	at org.apache.ratis.grpc.client.GrpcClientProtocolClient.groupAdd(GrpcClientProtocolClient.java:147)
	at org.apache.ratis.grpc.client.GrpcClientRpc.sendRequest(GrpcClientRpc.java:94)
	at org.apache.ratis.client.impl.RaftClientImpl.sendRequest(RaftClientImpl.java:278)
	at org.apache.ratis.client.impl.RaftClientImpl.groupAdd(RaftClientImpl.java:205)
	at org.apache.hadoop.hdds.scm.pipeline.RatisPipelineProvider.lambda$initializePipeline$4(RatisPipelineProvider.java:196)
	at org.apache.hadoop.hdds.scm.pipeline.RatisPipelineProvider.lambda$null$5(RatisPipelineProvider.java:231)
	at java.util.stream.ForEachOps$ForEachOp$OfRef.accept(ForEachOps.java:184)
	at java.util.ArrayList$ArrayListSpliterator.forEachRemaining(ArrayList.java:1382)
	at java.util.stream.AbstractPipeline.copyInto(AbstractPipeline.java:482)
	at java.util.stream.ForEachOps$ForEachTask.compute(ForEachOps.java:291)
	at java.util.concurrent.CountedCompleter.exec(CountedCompleter.java:731)
	at java.util.concurrent.ForkJoinTask.doExec(ForkJoinTask.java:289)
	at java.util.concurrent.ForkJoinTask.doInvoke(ForkJoinTask.java:401)
	at java.util.concurrent.ForkJoinTask.invoke(ForkJoinTask.java:734)
	at java.util.stream.ForEachOps$ForEachOp.evaluateParallel(ForEachOps.java:160)
	at java.util.stream.ForEachOps$ForEachOp$OfRef.evaluateParallel(ForEachOps.java:174)
	at java.util.stream.AbstractPipeline.evaluate(AbstractPipeline.java:233)
	at java.util.stream.ReferencePipeline.forEach(ReferencePipeline.java:418)
	at java.util.stream.ReferencePipeline$Head.forEach(ReferencePipeline.java:583)
	at org.apache.hadoop.hdds.scm.pipeline.RatisPipelineProvider.lambda$callRatisRpc$6(RatisPipelineProvider.java:225)
	at java.util.concurrent.ForkJoinTask$AdaptedRunnableAction.exec(ForkJoinTask.java:1386)
	at java.util.concurrent.ForkJoinTask.doExec(ForkJoinTask.java:289)
	at java.util.concurrent.ForkJoinPool$WorkQueue.runTask(ForkJoinPool.java:1056)
	at java.util.concurrent.ForkJoinPool.runWorker(ForkJoinPool.java:1692)
	at java.util.concurrent.ForkJoinWorkerThread.run(ForkJoinWorkerThread.java:157)
Caused by: org.apache.ratis.thirdparty.io.grpc.StatusRuntimeException: DEADLINE_EXCEEDED: deadline exceeded after 2999849074ns
	at org.apache.ratis.thirdparty.io.grpc.stub.ClientCalls.toStatusRuntimeException(ClientCalls.java:233)
	at org.apache.ratis.thirdparty.io.grpc.stub.ClientCalls.getUnchecked(ClientCalls.java:214)
	at org.apache.ratis.thirdparty.io.grpc.stub.ClientCalls.blockingUnaryCall(ClientCalls.java:139)
	at org.apache.ratis.proto.grpc.AdminProtocolServiceGrpc$AdminProtocolServiceBlockingStub.groupManagement(AdminProtocolServiceGrpc.java:274)
	at org.apache.ratis.grpc.client.GrpcClientProtocolClient.lambda$groupAdd$3(GrpcClientProtocolClient.java:149)
	at org.apache.ratis.grpc.client.GrpcClientProtocolClient.blockingCall(GrpcClientProtocolClient.java:176)
	... 25 more
2019-09-24 19:06:51,125 [grpc-default-executor-10] INFO  impl.RaftServerProxy (RaftServerProxy.java:addNew(89)) - 56e639b0-539e-46f2-afe9-98e7bb950b90: addNew group-DBEEB9FA338F:[a1cd4983-4499-4ca1-85e6-001c65d6bf4f:192.168.5.148:43964, bef30485-dff6-47d2-88a8-2d6b76a883db:192.168.5.148:38198, 56e639b0-539e-46f2-afe9-98e7bb950b90:192.168.5.148:41145] returns group-DBEEB9FA338F:java.util.concurrent.CompletableFuture@4576bccf[Not completed]
2019-09-24 19:06:51,126 [grpc-default-executor-16] INFO  impl.RaftServerProxy (RaftServerProxy.java:addNew(89)) - bef30485-dff6-47d2-88a8-2d6b76a883db: addNew group-DBEEB9FA338F:[a1cd4983-4499-4ca1-85e6-001c65d6bf4f:192.168.5.148:43964, bef30485-dff6-47d2-88a8-2d6b76a883db:192.168.5.148:38198, 56e639b0-539e-46f2-afe9-98e7bb950b90:192.168.5.148:41145] returns group-DBEEB9FA338F:java.util.concurrent.CompletableFuture@36225d45[Not completed]
2019-09-24 19:06:51,126 [grpc-default-executor-13] INFO  impl.RaftServerProxy (RaftServerProxy.java:addNew(89)) - a1cd4983-4499-4ca1-85e6-001c65d6bf4f: addNew group-DBEEB9FA338F:[a1cd4983-4499-4ca1-85e6-001c65d6bf4f:192.168.5.148:43964, bef30485-dff6-47d2-88a8-2d6b76a883db:192.168.5.148:38198, 56e639b0-539e-46f2-afe9-98e7bb950b90:192.168.5.148:41145] returns group-DBEEB9FA338F:java.util.concurrent.CompletableFuture@418fd395[Not completed]
2019-09-24 19:06:51,597 [pool-458-thread-1] INFO  storage.RaftStorageDirectory (RaftStorageDirectory.java:tryLock(328)) - Lock on /workdir/hadoop-ozone/integration-test/target/test-dir/MiniOzoneClusterImpl-fd896651-19f7-4594-a8cd-2c001f85b2cc/datanode-7/data/ratis/ee257bd5-e770-40b7-ba27-8a9b5ca83f1f/in_use.lock acquired by nodename 10455@pr-hdds-2149-fgl4f-1742389470
2019-09-24 19:06:51,597 [b0305751-6675-4e58-b5a6-74f1444b0eaa@group-8680157D9DCF:LeaderElection206] INFO  impl.LeaderElection (LeaderElection.java:askForVotes(182)) - b0305751-6675-4e58-b5a6-74f1444b0eaa@group-8680157D9DCF:LeaderElection206: begin an election at term 1 for -1: [b0305751-6675-4e58-b5a6-74f1444b0eaa:192.168.5.148:40938], old=null
2019-09-24 19:06:51,597 [pool-478-thread-1] INFO  storage.RaftStorage (RaftStorage.java:format(72)) - Storage directory /workdir/hadoop-ozone/integration-test/target/test-dir/MiniOzoneClusterImpl-fd896651-19f7-4594-a8cd-2c001f85b2cc/datanode-9/data/ratis/7a068cc9-6b51-4ecc-a8fb-e65683355006 has been successfully formatted.
2019-09-24 19:06:51,597 [pool-448-thread-1] INFO  storage.RaftStorage (RaftStorage.java:format(72)) - Storage directory /workdir/hadoop-ozone/integration-test/target/test-dir/MiniOzoneClusterImpl-fd896651-19f7-4594-a8cd-2c001f85b2cc/datanode-6/data/ratis/7a068cc9-6b51-4ecc-a8fb-e65683355006 has been successfully formatted.
2019-09-24 19:06:51,597 [a1cd4983-4499-4ca1-85e6-001c65d6bf4f@group-48289592A1DF-SegmentedRaftLogWorker] INFO  segmented.SegmentedRaftLogWorker (SegmentedRaftLogWorker.java:execute(569)) - a1cd4983-4499-4ca1-85e6-001c65d6bf4f@group-48289592A1DF-SegmentedRaftLogWorker: created new log segment /workdir/hadoop-ozone/integration-test/target/test-dir/MiniOzoneClusterImpl-fd896651-19f7-4594-a8cd-2c001f85b2cc/datanode-9/data/ratis/52433036-b219-4383-9df9-48289592a1df/current/log_inprogress_0
2019-09-24 19:06:51,598 [pool-448-thread-1] INFO  ratis.ContainerStateMachine (ContainerStateMachine.java:loadSnapshot(230)) - group-E65683355006: The snapshot info is null. Setting the last applied indexto:(t:0, i:~)
2019-09-24 19:06:51,597 [bef30485-dff6-47d2-88a8-2d6b76a883db@group-0D3C7E1B4A92-SegmentedRaftLogWorker] INFO  segmented.SegmentedRaftLogWorker (SegmentedRaftLogWorker.java:execute(569)) - bef30485-dff6-47d2-88a8-2d6b76a883db@group-0D3C7E1B4A92-SegmentedRaftLogWorker: created new log segment /workdir/hadoop-ozone/integration-test/target/test-dir/MiniOzoneClusterImpl-fd896651-19f7-4594-a8cd-2c001f85b2cc/datanode-5/data/ratis/31c5b6b5-9975-4355-9c76-0d3c7e1b4a92/current/log_inprogress_0
2019-09-24 19:06:51,597 [56e639b0-539e-46f2-afe9-98e7bb950b90@group-1D2227E36EC6-SegmentedRaftLogWorker] INFO  segmented.SegmentedRaftLogWorker (SegmentedRaftLogWorker.java:execute(569)) - 56e639b0-539e-46f2-afe9-98e7bb950b90@group-1D2227E36EC6-SegmentedRaftLogWorker: created new log segment /workdir/hadoop-ozone/integration-test/target/test-dir/MiniOzoneClusterImpl-fd896651-19f7-4594-a8cd-2c001f85b2cc/datanode-6/data/ratis/bd89ff18-491f-4732-9d64-1d2227e36ec6/current/log_inprogress_0
2019-09-24 19:06:51,597 [pool-438-thread-1] INFO  storage.RaftStorage (RaftStorage.java:format(72)) - Storage directory /workdir/hadoop-ozone/integration-test/target/test-dir/MiniOzoneClusterImpl-fd896651-19f7-4594-a8cd-2c001f85b2cc/datanode-5/data/ratis/7a068cc9-6b51-4ecc-a8fb-e65683355006 has been successfully formatted.
2019-09-24 19:06:51,599 [pool-448-thread-1] INFO  server.RaftServerConfigKeys (ConfUtils.java:logGet(43)) - raft.server.notification.no-leader.timeout = 120s (custom)
2019-09-24 19:06:51,598 [pool-478-thread-1] INFO  ratis.ContainerStateMachine (ContainerStateMachine.java:loadSnapshot(230)) - group-E65683355006: The snapshot info is null. Setting the last applied indexto:(t:0, i:~)
2019-09-24 19:06:51,598 [b0305751-6675-4e58-b5a6-74f1444b0eaa@group-8680157D9DCF:LeaderElection206] INFO  impl.RoleInfo (RoleInfo.java:shutdownLeaderElection(134)) - b0305751-6675-4e58-b5a6-74f1444b0eaa: shutdown LeaderElection
2019-09-24 19:06:51,599 [pool-478-thread-1] INFO  server.RaftServerConfigKeys (ConfUtils.java:logGet(43)) - raft.server.notification.no-leader.timeout = 120s (custom)
2019-09-24 19:06:51,599 [pool-448-thread-1] INFO  server.RaftServerConfigKeys (ConfUtils.java:logGet(43)) - raft.server.log.use.memory = false (default)
2019-09-24 19:06:51,599 [pool-438-thread-1] INFO  ratis.ContainerStateMachine (ContainerStateMachine.java:loadSnapshot(230)) - group-E65683355006: The snapshot info is null. Setting the last applied indexto:(t:0, i:~)
2019-09-24 19:06:51,600 [pool-448-thread-1] INFO  server.RaftServerConfigKeys (ConfUtils.java:logGet(43)) - raft.server.log.purge.gap = 1000000 (custom)
2019-09-24 19:06:51,600 [pool-478-thread-1] INFO  server.RaftServerConfigKeys (ConfUtils.java:logGet(43)) - raft.server.log.use.memory = false (default)
2019-09-24 19:06:51,600 [b0305751-6675-4e58-b5a6-74f1444b0eaa@group-8680157D9DCF:LeaderElection206] INFO  impl.RaftServerImpl (RaftServerImpl.java:setRole(174)) - b0305751-6675-4e58-b5a6-74f1444b0eaa@group-8680157D9DCF: changes role from CANDIDATE to LEADER at term 1 for changeToLeader
2019-09-24 19:06:51,600 [pool-478-thread-1] INFO  server.RaftServerConfigKeys (ConfUtils.java:logGet(43)) - raft.server.log.purge.gap = 1000000 (custom)
2019-09-24 19:06:51,600 [pool-448-thread-1] INFO  server.RaftServerConfigKeys (ConfUtils.java:logGet(43)) - raft.server.log.appender.buffer.byte-limit = 33554432 (custom)
2019-09-24 19:06:51,600 [pool-438-thread-1] INFO  server.RaftServerConfigKeys (ConfUtils.java:logGet(43)) - raft.server.notification.no-leader.timeout = 120s (custom)
2019-09-24 19:06:51,601 [pool-448-thread-1] INFO  server.RaftServerConfigKeys (ConfUtils.java:logGet(43)) - raft.server.log.segment.size.max = 1048576 (custom)
2019-09-24 19:06:51,601 [pool-478-thread-1] INFO  server.RaftServerConfigKeys (ConfUtils.java:logGet(43)) - raft.server.log.appender.buffer.byte-limit = 33554432 (custom)
2019-09-24 19:06:51,600 [b0305751-6675-4e58-b5a6-74f1444b0eaa@group-8680157D9DCF:LeaderElection206] INFO  impl.RaftServerImpl (ServerState.java:setLeader(253)) - b0305751-6675-4e58-b5a6-74f1444b0eaa@group-8680157D9DCF: change Leader from null to b0305751-6675-4e58-b5a6-74f1444b0eaa at term 1 for becomeLeader, leader elected after 6324ms
2019-09-24 19:06:51,601 [pool-478-thread-1] INFO  server.RaftServerConfigKeys (ConfUtils.java:logGet(43)) - raft.server.log.segment.size.max = 1048576 (custom)
2019-09-24 19:06:51,601 [pool-448-thread-1] INFO  server.RaftServerConfigKeys (ConfUtils.java:logGet(43)) - raft.server.log.segment.cache.num.max = 2 (custom)
2019-09-24 19:06:51,601 [pool-438-thread-1] INFO  server.RaftServerConfigKeys (ConfUtils.java:logGet(43)) - raft.server.log.use.memory = false (default)
2019-09-24 19:06:51,602 [pool-448-thread-1] INFO  segmented.SegmentedRaftLogWorker (SegmentedRaftLogWorker.java:<init>(172)) - new 56e639b0-539e-46f2-afe9-98e7bb950b90@group-E65683355006-SegmentedRaftLogWorker for RaftStorage:Storage Directory /workdir/hadoop-ozone/integration-test/target/test-dir/MiniOzoneClusterImpl-fd896651-19f7-4594-a8cd-2c001f85b2cc/datanode-6/data/ratis/7a068cc9-6b51-4ecc-a8fb-e65683355006
2019-09-24 19:06:51,602 [pool-478-thread-1] INFO  server.RaftServerConfigKeys (ConfUtils.java:logGet(43)) - raft.server.log.segment.cache.num.max = 2 (custom)
2019-09-24 19:06:51,602 [b0305751-6675-4e58-b5a6-74f1444b0eaa@group-8680157D9DCF:LeaderElection206] INFO  server.RaftServerConfigKeys (ConfUtils.java:logGet(43)) - raft.server.staging.catchup.gap = 1000 (default)
2019-09-24 19:06:51,602 [pool-478-thread-1] INFO  segmented.SegmentedRaftLogWorker (SegmentedRaftLogWorker.java:<init>(172)) - new a1cd4983-4499-4ca1-85e6-001c65d6bf4f@group-E65683355006-SegmentedRaftLogWorker for RaftStorage:Storage Directory /workdir/hadoop-ozone/integration-test/target/test-dir/MiniOzoneClusterImpl-fd896651-19f7-4594-a8cd-2c001f85b2cc/datanode-9/data/ratis/7a068cc9-6b51-4ecc-a8fb-e65683355006
2019-09-24 19:06:51,602 [pool-448-thread-1] INFO  server.RaftServerConfigKeys (ConfUtils.java:logGet(43)) - raft.server.log.queue.byte-limit = 2147483647 (custom)
2019-09-24 19:06:51,602 [pool-438-thread-1] INFO  server.RaftServerConfigKeys (ConfUtils.java:logGet(43)) - raft.server.log.purge.gap = 1000000 (custom)
2019-09-24 19:06:51,603 [pool-448-thread-1] INFO  server.RaftServerConfigKeys (ConfUtils.java:logGet(43)) - raft.server.log.queue.element-limit = 1024 (custom)
2019-09-24 19:06:51,603 [pool-478-thread-1] INFO  server.RaftServerConfigKeys (ConfUtils.java:logGet(43)) - raft.server.log.queue.byte-limit = 2147483647 (custom)
2019-09-24 19:06:51,602 [b0305751-6675-4e58-b5a6-74f1444b0eaa@group-8680157D9DCF:LeaderElection206] INFO  server.RaftServerConfigKeys (ConfUtils.java:logGet(43)) - raft.server.rpc.sleep.time = 25ms (default)
2019-09-24 19:06:51,603 [pool-478-thread-1] INFO  server.RaftServerConfigKeys (ConfUtils.java:logGet(43)) - raft.server.log.queue.element-limit = 1024 (custom)
2019-09-24 19:06:51,603 [pool-448-thread-1] INFO  server.RaftServerConfigKeys (ConfUtils.java:logGet(43)) - raft.server.log.segment.size.max = 1048576 (custom)
2019-09-24 19:06:51,603 [pool-438-thread-1] INFO  server.RaftServerConfigKeys (ConfUtils.java:logGet(43)) - raft.server.log.appender.buffer.byte-limit = 33554432 (custom)
2019-09-24 19:06:51,604 [pool-448-thread-1] INFO  server.RaftServerConfigKeys (ConfUtils.java:logGet(43)) - raft.server.log.preallocated.size = 16384 (custom)
2019-09-24 19:06:51,604 [pool-478-thread-1] INFO  server.RaftServerConfigKeys (ConfUtils.java:logGet(43)) - raft.server.log.segment.size.max = 1048576 (custom)
2019-09-24 19:06:51,604 [b0305751-6675-4e58-b5a6-74f1444b0eaa@group-8680157D9DCF:LeaderElection206] INFO  server.RaftServerConfigKeys (ConfUtils.java:logGet(43)) - raft.server.write.element-limit = 4096 (default)
2019-09-24 19:06:51,604 [pool-478-thread-1] INFO  server.RaftServerConfigKeys (ConfUtils.java:logGet(43)) - raft.server.log.preallocated.size = 16384 (custom)
2019-09-24 19:06:51,604 [pool-448-thread-1] INFO  server.RaftServerConfigKeys (ConfUtils.java:logGet(43)) - raft.server.log.write.buffer.size = 33554432 (custom)
2019-09-24 19:06:51,604 [pool-438-thread-1] INFO  server.RaftServerConfigKeys (ConfUtils.java:logGet(43)) - raft.server.log.segment.size.max = 1048576 (custom)
2019-09-24 19:06:51,605 [pool-448-thread-1] INFO  server.RaftServerConfigKeys (ConfUtils.java:logGet(43)) - raft.server.log.force.sync.num = 128 (default)
2019-09-24 19:06:51,605 [pool-448-thread-1] INFO  server.RaftServerConfigKeys (ConfUtils.java:logGet(43)) - raft.server.log.statemachine.data.sync = true (default)
2019-09-24 19:06:51,605 [pool-478-thread-1] INFO  server.RaftServerConfigKeys (ConfUtils.java:logGet(43)) - raft.server.log.write.buffer.size = 33554432 (custom)
2019-09-24 19:06:51,605 [b0305751-6675-4e58-b5a6-74f1444b0eaa@group-8680157D9DCF:LeaderElection206] INFO  server.RaftServerConfigKeys (ConfUtils.java:logGet(43)) - raft.server.watch.timeout = 10s (default)
2019-09-24 19:06:51,606 [pool-478-thread-1] INFO  server.RaftServerConfigKeys (ConfUtils.java:logGet(43)) - raft.server.log.force.sync.num = 128 (default)
2019-09-24 19:06:51,605 [pool-448-thread-1] INFO  server.RaftServerConfigKeys (ConfUtils.java:logGet(43)) - raft.server.log.statemachine.data.sync.timeout = 10s (default)
2019-09-24 19:06:51,606 [pool-448-thread-1] INFO  server.RaftServerConfigKeys (ConfUtils.java:logGet(43)) - raft.server.log.statemachine.data.sync.timeout.retry = -1 (default)
2019-09-24 19:06:51,605 [pool-438-thread-1] INFO  server.RaftServerConfigKeys (ConfUtils.java:logGet(43)) - raft.server.log.segment.cache.num.max = 2 (custom)
2019-09-24 19:06:51,606 [pool-448-thread-1] INFO  server.RaftServerConfigKeys (ConfUtils.java:logGet(43)) - raft.server.log.statemachine.data.caching.enabled = true (custom)
2019-09-24 19:06:51,606 [pool-478-thread-1] INFO  server.RaftServerConfigKeys (ConfUtils.java:logGet(43)) - raft.server.log.statemachine.data.sync = true (default)
2019-09-24 19:06:51,606 [b0305751-6675-4e58-b5a6-74f1444b0eaa@group-8680157D9DCF:LeaderElection206] INFO  server.RaftServerConfigKeys (ConfUtils.java:logGet(43)) - raft.server.watch.timeout.denomination = 1s (default)
2019-09-24 19:06:51,607 [pool-448-thread-1] INFO  segmented.SegmentedRaftLogWorker (SegmentedRaftLogWorker.java:lambda$new$0(132)) - 56e639b0-539e-46f2-afe9-98e7bb950b90@group-E65683355006-SegmentedRaftLogWorker: flushIndex: setUnconditionally 0 -> -1
2019-09-24 19:06:51,607 [pool-478-thread-1] INFO  server.RaftServerConfigKeys (ConfUtils.java:logGet(43)) - raft.server.log.statemachine.data.sync.timeout = 10s (default)
2019-09-24 19:06:51,607 [pool-478-thread-1] INFO  server.RaftServerConfigKeys (ConfUtils.java:logGet(43)) - raft.server.log.statemachine.data.sync.timeout.retry = -1 (default)
2019-09-24 19:06:51,606 [pool-438-thread-1] INFO  segmented.SegmentedRaftLogWorker (SegmentedRaftLogWorker.java:<init>(172)) - new bef30485-dff6-47d2-88a8-2d6b76a883db@group-E65683355006-SegmentedRaftLogWorker for RaftStorage:Storage Directory /workdir/hadoop-ozone/integration-test/target/test-dir/MiniOzoneClusterImpl-fd896651-19f7-4594-a8cd-2c001f85b2cc/datanode-5/data/ratis/7a068cc9-6b51-4ecc-a8fb-e65683355006
2019-09-24 19:06:51,607 [pool-478-thread-1] INFO  server.RaftServerConfigKeys (ConfUtils.java:logGet(43)) - raft.server.log.statemachine.data.caching.enabled = true (custom)
2019-09-24 19:06:51,607 [pool-448-thread-1] INFO  server.RaftServerConfigKeys (ConfUtils.java:logGet(43)) - raft.server.snapshot.auto.trigger.enabled = true (custom)
2019-09-24 19:06:51,607 [b0305751-6675-4e58-b5a6-74f1444b0eaa@group-8680157D9DCF:LeaderElection206] INFO  server.RaftServerConfigKeys (ConfUtils.java:logGet(43)) - raft.server.watch.element-limit = 65536 (default)
2019-09-24 19:06:51,608 [pool-448-thread-1] INFO  server.RaftServerConfigKeys (ConfUtils.java:logGet(43)) - raft.server.snapshot.auto.trigger.threshold = 10000 (custom)
2019-09-24 19:06:51,608 [pool-478-thread-1] INFO  segmented.SegmentedRaftLogWorker (SegmentedRaftLogWorker.java:lambda$new$0(132)) - a1cd4983-4499-4ca1-85e6-001c65d6bf4f@group-E65683355006-SegmentedRaftLogWorker: flushIndex: setUnconditionally 0 -> -1
2019-09-24 19:06:51,608 [pool-438-thread-1] INFO  server.RaftServerConfigKeys (ConfUtils.java:logGet(43)) - raft.server.log.queue.byte-limit = 2147483647 (custom)
2019-09-24 19:06:51,608 [pool-448-thread-1] INFO  server.RaftServerConfigKeys (ConfUtils.java:logGet(43)) - raft.server.snapshot.retention.num.files = 5 (custom)
2019-09-24 19:06:51,609 [pool-438-thread-1] INFO  server.RaftServerConfigKeys (ConfUtils.java:logGet(43)) - raft.server.log.queue.element-limit = 1024 (custom)
2019-09-24 19:06:51,609 [pool-478-thread-1] INFO  server.RaftServerConfigKeys (ConfUtils.java:logGet(43)) - raft.server.snapshot.auto.trigger.enabled = true (custom)
2019-09-24 19:06:51,609 [pool-438-thread-1] INFO  server.RaftServerConfigKeys (ConfUtils.java:logGet(43)) - raft.server.log.segment.size.max = 1048576 (custom)
2019-09-24 19:06:51,609 [pool-448-thread-1] INFO  server.RaftServerConfigKeys (ConfUtils.java:logGet(43)) - raft.server.retrycache.expirytime = 600000ms (custom)
2019-09-24 19:06:51,609 [pool-438-thread-1] INFO  server.RaftServerConfigKeys (ConfUtils.java:logGet(43)) - raft.server.log.preallocated.size = 16384 (custom)
2019-09-24 19:06:51,609 [pool-478-thread-1] INFO  server.RaftServerConfigKeys (ConfUtils.java:logGet(43)) - raft.server.snapshot.auto.trigger.threshold = 10000 (custom)
2019-09-24 19:06:51,610 [pool-438-thread-1] INFO  server.RaftServerConfigKeys (ConfUtils.java:logGet(43)) - raft.server.log.write.buffer.size = 33554432 (custom)
2019-09-24 19:06:51,610 [pool-478-thread-1] INFO  server.RaftServerConfigKeys (ConfUtils.java:logGet(43)) - raft.server.snapshot.retention.num.files = 5 (custom)
2019-09-24 19:06:51,610 [pool-438-thread-1] INFO  server.RaftServerConfigKeys (ConfUtils.java:logGet(43)) - raft.server.log.force.sync.num = 128 (default)
2019-09-24 19:06:51,610 [pool-478-thread-1] INFO  server.RaftServerConfigKeys (ConfUtils.java:logGet(43)) - raft.server.retrycache.expirytime = 600000ms (custom)
2019-09-24 19:06:51,610 [pool-438-thread-1] INFO  server.RaftServerConfigKeys (ConfUtils.java:logGet(43)) - raft.server.log.statemachine.data.sync = true (default)
2019-09-24 19:06:51,610 [pool-438-thread-1] INFO  server.RaftServerConfigKeys (ConfUtils.java:logGet(43)) - raft.server.log.statemachine.data.sync.timeout = 10s (default)
2019-09-24 19:06:51,611 [pool-438-thread-1] INFO  server.RaftServerConfigKeys (ConfUtils.java:logGet(43)) - raft.server.log.statemachine.data.sync.timeout.retry = -1 (default)
2019-09-24 19:06:51,611 [pool-438-thread-1] INFO  server.RaftServerConfigKeys (ConfUtils.java:logGet(43)) - raft.server.log.statemachine.data.caching.enabled = true (custom)
2019-09-24 19:06:51,611 [pool-438-thread-1] INFO  segmented.SegmentedRaftLogWorker (SegmentedRaftLogWorker.java:lambda$new$0(132)) - bef30485-dff6-47d2-88a8-2d6b76a883db@group-E65683355006-SegmentedRaftLogWorker: flushIndex: setUnconditionally 0 -> -1
2019-09-24 19:06:51,611 [b0305751-6675-4e58-b5a6-74f1444b0eaa@group-8680157D9DCF:LeaderElection206] INFO  impl.RoleInfo (RoleInfo.java:updateAndGet(143)) - b0305751-6675-4e58-b5a6-74f1444b0eaa: start LeaderState
2019-09-24 19:06:51,612 [pool-438-thread-1] INFO  server.RaftServerConfigKeys (ConfUtils.java:logGet(43)) - raft.server.snapshot.auto.trigger.enabled = true (custom)
2019-09-24 19:06:51,612 [pool-438-thread-1] INFO  server.RaftServerConfigKeys (ConfUtils.java:logGet(43)) - raft.server.snapshot.auto.trigger.threshold = 10000 (custom)
2019-09-24 19:06:51,612 [pool-438-thread-1] INFO  server.RaftServerConfigKeys (ConfUtils.java:logGet(43)) - raft.server.snapshot.retention.num.files = 5 (custom)
2019-09-24 19:06:51,612 [b0305751-6675-4e58-b5a6-74f1444b0eaa@group-8680157D9DCF:LeaderElection206] INFO  segmented.SegmentedRaftLogWorker (SegmentedRaftLogWorker.java:startLogSegment(380)) - b0305751-6675-4e58-b5a6-74f1444b0eaa@group-8680157D9DCF-SegmentedRaftLogWorker: Starting segment from index:0
2019-09-24 19:06:51,612 [pool-438-thread-1] INFO  server.RaftServerConfigKeys (ConfUtils.java:logGet(43)) - raft.server.retrycache.expirytime = 600000ms (custom)
2019-09-24 19:06:51,613 [b0305751-6675-4e58-b5a6-74f1444b0eaa@group-8680157D9DCF:LeaderElection206] INFO  impl.RaftServerImpl (ServerState.java:setRaftConf(354)) - b0305751-6675-4e58-b5a6-74f1444b0eaa@group-8680157D9DCF: set configuration 0: [b0305751-6675-4e58-b5a6-74f1444b0eaa:192.168.5.148:40938], old=null at 0
2019-09-24 19:06:51,658 [pool-448-thread-1] INFO  impl.RaftServerImpl (RaftServerImpl.java:<init>(95)) - 56e639b0-539e-46f2-afe9-98e7bb950b90: new RaftServerImpl for group-DBEEB9FA338F:[a1cd4983-4499-4ca1-85e6-001c65d6bf4f:192.168.5.148:43964, bef30485-dff6-47d2-88a8-2d6b76a883db:192.168.5.148:38198, 56e639b0-539e-46f2-afe9-98e7bb950b90:192.168.5.148:41145] with ContainerStateMachine:uninitialized
2019-09-24 19:06:51,658 [pool-448-thread-1] INFO  server.RaftServerConfigKeys (ConfUtils.java:logGet(43)) - raft.server.rpc.timeout.min = 1s (custom)
2019-09-24 19:06:51,658 [pool-448-thread-1] INFO  server.RaftServerConfigKeys (ConfUtils.java:logGet(43)) - raft.server.rpc.timeout.max = 1200ms (custom)
2019-09-24 19:06:51,658 [pool-478-thread-1] INFO  impl.RaftServerImpl (RaftServerImpl.java:<init>(95)) - a1cd4983-4499-4ca1-85e6-001c65d6bf4f: new RaftServerImpl for group-DBEEB9FA338F:[a1cd4983-4499-4ca1-85e6-001c65d6bf4f:192.168.5.148:43964, bef30485-dff6-47d2-88a8-2d6b76a883db:192.168.5.148:38198, 56e639b0-539e-46f2-afe9-98e7bb950b90:192.168.5.148:41145] with ContainerStateMachine:uninitialized
2019-09-24 19:06:51,658 [pool-448-thread-1] INFO  server.RaftServerConfigKeys (ConfUtils.java:logGet(43)) - raft.server.rpcslowness.timeout = 120s (custom)
2019-09-24 19:06:51,659 [pool-478-thread-1] INFO  server.RaftServerConfigKeys (ConfUtils.java:logGet(43)) - raft.server.rpc.timeout.min = 1s (custom)
2019-09-24 19:06:51,659 [pool-448-thread-1] INFO  server.RaftServerConfigKeys (ConfUtils.java:logGet(43)) - raft.server.sleep.deviation.threshold = 300 (default)
2019-09-24 19:06:51,659 [pool-478-thread-1] INFO  server.RaftServerConfigKeys (ConfUtils.java:logGet(43)) - raft.server.rpc.timeout.max = 1200ms (custom)
2019-09-24 19:06:51,659 [pool-438-thread-1] INFO  impl.RaftServerImpl (RaftServerImpl.java:<init>(95)) - bef30485-dff6-47d2-88a8-2d6b76a883db: new RaftServerImpl for group-DBEEB9FA338F:[a1cd4983-4499-4ca1-85e6-001c65d6bf4f:192.168.5.148:43964, bef30485-dff6-47d2-88a8-2d6b76a883db:192.168.5.148:38198, 56e639b0-539e-46f2-afe9-98e7bb950b90:192.168.5.148:41145] with ContainerStateMachine:uninitialized
2019-09-24 19:06:51,659 [pool-448-thread-1] INFO  server.RaftServerConfigKeys (ConfUtils.java:logGet(43)) - raft.server.log.appender.install.snapshot.enabled = false (custom)
2019-09-24 19:06:51,659 [pool-438-thread-1] INFO  server.RaftServerConfigKeys (ConfUtils.java:logGet(43)) - raft.server.rpc.timeout.min = 1s (custom)
2019-09-24 19:06:51,660 [pool-438-thread-1] INFO  server.RaftServerConfigKeys (ConfUtils.java:logGet(43)) - raft.server.rpc.timeout.max = 1200ms (custom)
2019-09-24 19:06:51,659 [pool-478-thread-1] INFO  server.RaftServerConfigKeys (ConfUtils.java:logGet(43)) - raft.server.rpcslowness.timeout = 120s (custom)
2019-09-24 19:06:51,660 [pool-438-thread-1] INFO  server.RaftServerConfigKeys (ConfUtils.java:logGet(43)) - raft.server.rpcslowness.timeout = 120s (custom)
2019-09-24 19:06:51,660 [pool-448-thread-1] INFO  impl.RaftServerImpl (ServerState.java:<init>(103)) - 56e639b0-539e-46f2-afe9-98e7bb950b90@group-DBEEB9FA338F: ConfigurationManager, init=-1: [a1cd4983-4499-4ca1-85e6-001c65d6bf4f:192.168.5.148:43964, bef30485-dff6-47d2-88a8-2d6b76a883db:192.168.5.148:38198, 56e639b0-539e-46f2-afe9-98e7bb950b90:192.168.5.148:41145], old=null, confs=<EMPTY_MAP>
2019-09-24 19:06:51,660 [pool-438-thread-1] INFO  server.RaftServerConfigKeys (ConfUtils.java:logGet(43)) - raft.server.sleep.deviation.threshold = 300 (default)
2019-09-24 19:06:51,660 [pool-438-thread-1] INFO  server.RaftServerConfigKeys (ConfUtils.java:logGet(43)) - raft.server.log.appender.install.snapshot.enabled = false (custom)
2019-09-24 19:06:51,660 [pool-478-thread-1] INFO  server.RaftServerConfigKeys (ConfUtils.java:logGet(43)) - raft.server.sleep.deviation.threshold = 300 (default)
2019-09-24 19:06:51,661 [pool-438-thread-1] INFO  impl.RaftServerImpl (ServerState.java:<init>(103)) - bef30485-dff6-47d2-88a8-2d6b76a883db@group-DBEEB9FA338F: ConfigurationManager, init=-1: [a1cd4983-4499-4ca1-85e6-001c65d6bf4f:192.168.5.148:43964, bef30485-dff6-47d2-88a8-2d6b76a883db:192.168.5.148:38198, 56e639b0-539e-46f2-afe9-98e7bb950b90:192.168.5.148:41145], old=null, confs=<EMPTY_MAP>
2019-09-24 19:06:51,660 [pool-448-thread-1] INFO  server.RaftServerConfigKeys (ConfUtils.java:logGet(43)) - raft.server.storage.dir = [/workdir/hadoop-ozone/integration-test/target/test-dir/MiniOzoneClusterImpl-fd896651-19f7-4594-a8cd-2c001f85b2cc/datanode-6/data/ratis] (custom)
2019-09-24 19:06:51,661 [pool-438-thread-1] INFO  server.RaftServerConfigKeys (ConfUtils.java:logGet(43)) - raft.server.storage.dir = [/workdir/hadoop-ozone/integration-test/target/test-dir/MiniOzoneClusterImpl-fd896651-19f7-4594-a8cd-2c001f85b2cc/datanode-5/data/ratis] (custom)
2019-09-24 19:06:51,661 [pool-478-thread-1] INFO  server.RaftServerConfigKeys (ConfUtils.java:logGet(43)) - raft.server.log.appender.install.snapshot.enabled = false (custom)
2019-09-24 19:06:51,661 [pool-448-thread-1] INFO  storage.RaftStorageDirectory (RaftStorageDirectory.java:analyzeStorage(246)) - The storage directory /workdir/hadoop-ozone/integration-test/target/test-dir/MiniOzoneClusterImpl-fd896651-19f7-4594-a8cd-2c001f85b2cc/datanode-6/data/ratis/026800ba-5da3-4662-9662-dbeeb9fa338f does not exist. Creating ...
2019-09-24 19:06:51,661 [pool-438-thread-1] INFO  storage.RaftStorageDirectory (RaftStorageDirectory.java:analyzeStorage(246)) - The storage directory /workdir/hadoop-ozone/integration-test/target/test-dir/MiniOzoneClusterImpl-fd896651-19f7-4594-a8cd-2c001f85b2cc/datanode-5/data/ratis/026800ba-5da3-4662-9662-dbeeb9fa338f does not exist. Creating ...
2019-09-24 19:06:51,661 [pool-478-thread-1] INFO  impl.RaftServerImpl (ServerState.java:<init>(103)) - a1cd4983-4499-4ca1-85e6-001c65d6bf4f@group-DBEEB9FA338F: ConfigurationManager, init=-1: [a1cd4983-4499-4ca1-85e6-001c65d6bf4f:192.168.5.148:43964, bef30485-dff6-47d2-88a8-2d6b76a883db:192.168.5.148:38198, 56e639b0-539e-46f2-afe9-98e7bb950b90:192.168.5.148:41145], old=null, confs=<EMPTY_MAP>
2019-09-24 19:06:51,662 [pool-478-thread-1] INFO  server.RaftServerConfigKeys (ConfUtils.java:logGet(43)) - raft.server.storage.dir = [/workdir/hadoop-ozone/integration-test/target/test-dir/MiniOzoneClusterImpl-fd896651-19f7-4594-a8cd-2c001f85b2cc/datanode-9/data/ratis] (custom)
2019-09-24 19:06:51,662 [pool-478-thread-1] INFO  storage.RaftStorageDirectory (RaftStorageDirectory.java:analyzeStorage(246)) - The storage directory /workdir/hadoop-ozone/integration-test/target/test-dir/MiniOzoneClusterImpl-fd896651-19f7-4594-a8cd-2c001f85b2cc/datanode-9/data/ratis/026800ba-5da3-4662-9662-dbeeb9fa338f does not exist. Creating ...
2019-09-24 19:06:54,120 [RATISCREATEPIPELINE2] ERROR pipeline.RatisPipelineProvider (RatisPipelineProvider.java:lambda$null$5(235)) - Failed invoke Ratis rpc org.apache.hadoop.hdds.scm.pipeline.RatisPipelineProvider$$Lambda$180/1007996814@32a11507 for a1cd4983-4499-4ca1-85e6-001c65d6bf4f
org.apache.ratis.protocol.TimeoutIOException: deadline exceeded after 2999684823ns
	at org.apache.ratis.grpc.GrpcUtil.tryUnwrapException(GrpcUtil.java:82)
	at org.apache.ratis.grpc.GrpcUtil.unwrapException(GrpcUtil.java:75)
	at org.apache.ratis.grpc.client.GrpcClientProtocolClient.blockingCall(GrpcClientProtocolClient.java:178)
	at org.apache.ratis.grpc.client.GrpcClientProtocolClient.groupAdd(GrpcClientProtocolClient.java:147)
	at org.apache.ratis.grpc.client.GrpcClientRpc.sendRequest(GrpcClientRpc.java:94)
	at org.apache.ratis.client.impl.RaftClientImpl.sendRequest(RaftClientImpl.java:278)
	at org.apache.ratis.client.impl.RaftClientImpl.groupAdd(RaftClientImpl.java:205)
	at org.apache.hadoop.hdds.scm.pipeline.RatisPipelineProvider.lambda$initializePipeline$4(RatisPipelineProvider.java:196)
	at org.apache.hadoop.hdds.scm.pipeline.RatisPipelineProvider.lambda$null$5(RatisPipelineProvider.java:231)
	at java.util.stream.ForEachOps$ForEachOp$OfRef.accept(ForEachOps.java:184)
	at java.util.ArrayList$ArrayListSpliterator.forEachRemaining(ArrayList.java:1382)
	at java.util.stream.AbstractPipeline.copyInto(AbstractPipeline.java:482)
	at java.util.stream.ForEachOps$ForEachTask.compute(ForEachOps.java:291)
	at java.util.concurrent.CountedCompleter.exec(CountedCompleter.java:731)
	at java.util.concurrent.ForkJoinTask.doExec(ForkJoinTask.java:289)
	at java.util.concurrent.ForkJoinPool$WorkQueue.runTask(ForkJoinPool.java:1056)
	at java.util.concurrent.ForkJoinPool.runWorker(ForkJoinPool.java:1692)
	at java.util.concurrent.ForkJoinWorkerThread.run(ForkJoinWorkerThread.java:157)
Caused by: org.apache.ratis.thirdparty.io.grpc.StatusRuntimeException: DEADLINE_EXCEEDED: deadline exceeded after 2999684823ns
	at org.apache.ratis.thirdparty.io.grpc.stub.ClientCalls.toStatusRuntimeException(ClientCalls.java:233)
	at org.apache.ratis.thirdparty.io.grpc.stub.ClientCalls.getUnchecked(ClientCalls.java:214)
	at org.apache.ratis.thirdparty.io.grpc.stub.ClientCalls.blockingUnaryCall(ClientCalls.java:139)
	at org.apache.ratis.proto.grpc.AdminProtocolServiceGrpc$AdminProtocolServiceBlockingStub.groupManagement(AdminProtocolServiceGrpc.java:274)
	at org.apache.ratis.grpc.client.GrpcClientProtocolClient.lambda$groupAdd$3(GrpcClientProtocolClient.java:149)
	at org.apache.ratis.grpc.client.GrpcClientProtocolClient.blockingCall(GrpcClientProtocolClient.java:176)
	... 15 more
2019-09-24 19:06:54,120 [RATISCREATEPIPELINE3] ERROR pipeline.RatisPipelineProvider (RatisPipelineProvider.java:lambda$null$5(235)) - Failed invoke Ratis rpc org.apache.hadoop.hdds.scm.pipeline.RatisPipelineProvider$$Lambda$180/1007996814@32a11507 for 56e639b0-539e-46f2-afe9-98e7bb950b90
org.apache.ratis.protocol.TimeoutIOException: deadline exceeded after 2999703859ns
	at org.apache.ratis.grpc.GrpcUtil.tryUnwrapException(GrpcUtil.java:82)
	at org.apache.ratis.grpc.GrpcUtil.unwrapException(GrpcUtil.java:75)
	at org.apache.ratis.grpc.client.GrpcClientProtocolClient.blockingCall(GrpcClientProtocolClient.java:178)
	at org.apache.ratis.grpc.client.GrpcClientProtocolClient.groupAdd(GrpcClientProtocolClient.java:147)
	at org.apache.ratis.grpc.client.GrpcClientRpc.sendRequest(GrpcClientRpc.java:94)
	at org.apache.ratis.client.impl.RaftClientImpl.sendRequest(RaftClientImpl.java:278)
	at org.apache.ratis.client.impl.RaftClientImpl.groupAdd(RaftClientImpl.java:205)
	at org.apache.hadoop.hdds.scm.pipeline.RatisPipelineProvider.lambda$initializePipeline$4(RatisPipelineProvider.java:196)
	at org.apache.hadoop.hdds.scm.pipeline.RatisPipelineProvider.lambda$null$5(RatisPipelineProvider.java:231)
	at java.util.stream.ForEachOps$ForEachOp$OfRef.accept(ForEachOps.java:184)
	at java.util.ArrayList$ArrayListSpliterator.forEachRemaining(ArrayList.java:1382)
	at java.util.stream.AbstractPipeline.copyInto(AbstractPipeline.java:482)
	at java.util.stream.ForEachOps$ForEachTask.compute(ForEachOps.java:291)
	at java.util.concurrent.CountedCompleter.exec(CountedCompleter.java:731)
	at java.util.concurrent.ForkJoinTask.doExec(ForkJoinTask.java:289)
	at java.util.concurrent.ForkJoinPool$WorkQueue.runTask(ForkJoinPool.java:1056)
	at java.util.concurrent.ForkJoinPool.runWorker(ForkJoinPool.java:1692)
	at java.util.concurrent.ForkJoinWorkerThread.run(ForkJoinWorkerThread.java:157)
Caused by: org.apache.ratis.thirdparty.io.grpc.StatusRuntimeException: DEADLINE_EXCEEDED: deadline exceeded after 2999703859ns
	at org.apache.ratis.thirdparty.io.grpc.stub.ClientCalls.toStatusRuntimeException(ClientCalls.java:233)
	at org.apache.ratis.thirdparty.io.grpc.stub.ClientCalls.getUnchecked(ClientCalls.java:214)
	at org.apache.ratis.thirdparty.io.grpc.stub.ClientCalls.blockingUnaryCall(ClientCalls.java:139)
	at org.apache.ratis.proto.grpc.AdminProtocolServiceGrpc$AdminProtocolServiceBlockingStub.groupManagement(AdminProtocolServiceGrpc.java:274)
	at org.apache.ratis.grpc.client.GrpcClientProtocolClient.lambda$groupAdd$3(GrpcClientProtocolClient.java:149)
	at org.apache.ratis.grpc.client.GrpcClientProtocolClient.blockingCall(GrpcClientProtocolClient.java:176)
	... 15 more
2019-09-24 19:06:54,120 [RATISCREATEPIPELINE1] ERROR pipeline.RatisPipelineProvider (RatisPipelineProvider.java:lambda$null$5(235)) - Failed invoke Ratis rpc org.apache.hadoop.hdds.scm.pipeline.RatisPipelineProvider$$Lambda$180/1007996814@32a11507 for bef30485-dff6-47d2-88a8-2d6b76a883db
org.apache.ratis.protocol.TimeoutIOException: deadline exceeded after 2999693424ns
	at org.apache.ratis.grpc.GrpcUtil.tryUnwrapException(GrpcUtil.java:82)
	at org.apache.ratis.grpc.GrpcUtil.unwrapException(GrpcUtil.java:75)
	at org.apache.ratis.grpc.client.GrpcClientProtocolClient.blockingCall(GrpcClientProtocolClient.java:178)
	at org.apache.ratis.grpc.client.GrpcClientProtocolClient.groupAdd(GrpcClientProtocolClient.java:147)
	at org.apache.ratis.grpc.client.GrpcClientRpc.sendRequest(GrpcClientRpc.java:94)
	at org.apache.ratis.client.impl.RaftClientImpl.sendRequest(RaftClientImpl.java:278)
	at org.apache.ratis.client.impl.RaftClientImpl.groupAdd(RaftClientImpl.java:205)
	at org.apache.hadoop.hdds.scm.pipeline.RatisPipelineProvider.lambda$initializePipeline$4(RatisPipelineProvider.java:196)
	at org.apache.hadoop.hdds.scm.pipeline.RatisPipelineProvider.lambda$null$5(RatisPipelineProvider.java:231)
	at java.util.stream.ForEachOps$ForEachOp$OfRef.accept(ForEachOps.java:184)
	at java.util.ArrayList$ArrayListSpliterator.forEachRemaining(ArrayList.java:1382)
	at java.util.stream.AbstractPipeline.copyInto(AbstractPipeline.java:482)
	at java.util.stream.ForEachOps$ForEachTask.compute(ForEachOps.java:291)
	at java.util.concurrent.CountedCompleter.exec(CountedCompleter.java:731)
	at java.util.concurrent.ForkJoinTask.doExec(ForkJoinTask.java:289)
	at java.util.concurrent.ForkJoinTask.doInvoke(ForkJoinTask.java:401)
	at java.util.concurrent.ForkJoinTask.invoke(ForkJoinTask.java:734)
	at java.util.stream.ForEachOps$ForEachOp.evaluateParallel(ForEachOps.java:160)
	at java.util.stream.ForEachOps$ForEachOp$OfRef.evaluateParallel(ForEachOps.java:174)
	at java.util.stream.AbstractPipeline.evaluate(AbstractPipeline.java:233)
	at java.util.stream.ReferencePipeline.forEach(ReferencePipeline.java:418)
	at java.util.stream.ReferencePipeline$Head.forEach(ReferencePipeline.java:583)
	at org.apache.hadoop.hdds.scm.pipeline.RatisPipelineProvider.lambda$callRatisRpc$6(RatisPipelineProvider.java:225)
	at java.util.concurrent.ForkJoinTask$AdaptedRunnableAction.exec(ForkJoinTask.java:1386)
	at java.util.concurrent.ForkJoinTask.doExec(ForkJoinTask.java:289)
	at java.util.concurrent.ForkJoinPool$WorkQueue.runTask(ForkJoinPool.java:1056)
	at java.util.concurrent.ForkJoinPool.runWorker(ForkJoinPool.java:1692)
	at java.util.concurrent.ForkJoinWorkerThread.run(ForkJoinWorkerThread.java:157)
Caused by: org.apache.ratis.thirdparty.io.grpc.StatusRuntimeException: DEADLINE_EXCEEDED: deadline exceeded after 2999693424ns
	at org.apache.ratis.thirdparty.io.grpc.stub.ClientCalls.toStatusRuntimeException(ClientCalls.java:233)
	at org.apache.ratis.thirdparty.io.grpc.stub.ClientCalls.getUnchecked(ClientCalls.java:214)
	at org.apache.ratis.thirdparty.io.grpc.stub.ClientCalls.blockingUnaryCall(ClientCalls.java:139)
	at org.apache.ratis.proto.grpc.AdminProtocolServiceGrpc$AdminProtocolServiceBlockingStub.groupManagement(AdminProtocolServiceGrpc.java:274)
	at org.apache.ratis.grpc.client.GrpcClientProtocolClient.lambda$groupAdd$3(GrpcClientProtocolClient.java:149)
	at org.apache.ratis.grpc.client.GrpcClientProtocolClient.blockingCall(GrpcClientProtocolClient.java:176)
	... 25 more
2019-09-24 19:06:54,160 [grpc-default-executor-13] INFO  impl.RaftServerProxy (RaftServerProxy.java:addNew(89)) - 56e639b0-539e-46f2-afe9-98e7bb950b90: addNew group-638C6BD0F890:[a1cd4983-4499-4ca1-85e6-001c65d6bf4f:192.168.5.148:43964, bef30485-dff6-47d2-88a8-2d6b76a883db:192.168.5.148:38198, 56e639b0-539e-46f2-afe9-98e7bb950b90:192.168.5.148:41145] returns group-638C6BD0F890:java.util.concurrent.CompletableFuture@c936b01[Not completed]
2019-09-24 19:06:54,160 [grpc-default-executor-16] INFO  impl.RaftServerProxy (RaftServerProxy.java:addNew(89)) - a1cd4983-4499-4ca1-85e6-001c65d6bf4f: addNew group-638C6BD0F890:[a1cd4983-4499-4ca1-85e6-001c65d6bf4f:192.168.5.148:43964, bef30485-dff6-47d2-88a8-2d6b76a883db:192.168.5.148:38198, 56e639b0-539e-46f2-afe9-98e7bb950b90:192.168.5.148:41145] returns group-638C6BD0F890:java.util.concurrent.CompletableFuture@3e7df6ae[Not completed]
2019-09-24 19:06:54,160 [grpc-default-executor-10] INFO  impl.RaftServerProxy (RaftServerProxy.java:addNew(89)) - bef30485-dff6-47d2-88a8-2d6b76a883db: addNew group-638C6BD0F890:[a1cd4983-4499-4ca1-85e6-001c65d6bf4f:192.168.5.148:43964, bef30485-dff6-47d2-88a8-2d6b76a883db:192.168.5.148:38198, 56e639b0-539e-46f2-afe9-98e7bb950b90:192.168.5.148:41145] returns group-638C6BD0F890:java.util.concurrent.CompletableFuture@33622e3b[Not completed]
2019-09-24 19:06:56,796 [pool-478-thread-1] INFO  storage.RaftStorageDirectory (RaftStorageDirectory.java:tryLock(328)) - Lock on /workdir/hadoop-ozone/integration-test/target/test-dir/MiniOzoneClusterImpl-fd896651-19f7-4594-a8cd-2c001f85b2cc/datanode-9/data/ratis/026800ba-5da3-4662-9662-dbeeb9fa338f/in_use.lock acquired by nodename 10455@pr-hdds-2149-fgl4f-1742389470
2019-09-24 19:06:56,796 [pool-458-thread-1] INFO  storage.RaftStorage (RaftStorage.java:format(72)) - Storage directory /workdir/hadoop-ozone/integration-test/target/test-dir/MiniOzoneClusterImpl-fd896651-19f7-4594-a8cd-2c001f85b2cc/datanode-7/data/ratis/ee257bd5-e770-40b7-ba27-8a9b5ca83f1f has been successfully formatted.
2019-09-24 19:06:56,796 [b0305751-6675-4e58-b5a6-74f1444b0eaa@group-8680157D9DCF-SegmentedRaftLogWorker] INFO  segmented.SegmentedRaftLogWorker (SegmentedRaftLogWorker.java:execute(569)) - b0305751-6675-4e58-b5a6-74f1444b0eaa@group-8680157D9DCF-SegmentedRaftLogWorker: created new log segment /workdir/hadoop-ozone/integration-test/target/test-dir/MiniOzoneClusterImpl-fd896651-19f7-4594-a8cd-2c001f85b2cc/datanode-7/data/ratis/c5d634d4-604d-4227-a20f-8680157d9dcf/current/log_inprogress_0
2019-09-24 19:06:56,796 [pool-448-thread-1] INFO  storage.RaftStorageDirectory (RaftStorageDirectory.java:tryLock(328)) - Lock on /workdir/hadoop-ozone/integration-test/target/test-dir/MiniOzoneClusterImpl-fd896651-19f7-4594-a8cd-2c001f85b2cc/datanode-6/data/ratis/026800ba-5da3-4662-9662-dbeeb9fa338f/in_use.lock acquired by nodename 10455@pr-hdds-2149-fgl4f-1742389470
2019-09-24 19:06:56,796 [pool-438-thread-1] INFO  storage.RaftStorageDirectory (RaftStorageDirectory.java:tryLock(328)) - Lock on /workdir/hadoop-ozone/integration-test/target/test-dir/MiniOzoneClusterImpl-fd896651-19f7-4594-a8cd-2c001f85b2cc/datanode-5/data/ratis/026800ba-5da3-4662-9662-dbeeb9fa338f/in_use.lock acquired by nodename 10455@pr-hdds-2149-fgl4f-1742389470
2019-09-24 19:06:56,797 [pool-458-thread-1] INFO  ratis.ContainerStateMachine (ContainerStateMachine.java:loadSnapshot(230)) - group-8A9B5CA83F1F: The snapshot info is null. Setting the last applied indexto:(t:0, i:~)
2019-09-24 19:06:56,798 [pool-458-thread-1] INFO  server.RaftServerConfigKeys (ConfUtils.java:logGet(43)) - raft.server.notification.no-leader.timeout = 120s (custom)
2019-09-24 19:06:56,798 [pool-458-thread-1] INFO  server.RaftServerConfigKeys (ConfUtils.java:logGet(43)) - raft.server.log.use.memory = false (default)
2019-09-24 19:06:56,798 [pool-458-thread-1] INFO  server.RaftServerConfigKeys (ConfUtils.java:logGet(43)) - raft.server.log.purge.gap = 1000000 (custom)
2019-09-24 19:06:56,798 [pool-458-thread-1] INFO  server.RaftServerConfigKeys (ConfUtils.java:logGet(43)) - raft.server.log.appender.buffer.byte-limit = 33554432 (custom)
2019-09-24 19:06:56,798 [pool-458-thread-1] INFO  server.RaftServerConfigKeys (ConfUtils.java:logGet(43)) - raft.server.log.segment.size.max = 1048576 (custom)
2019-09-24 19:06:56,798 [pool-458-thread-1] INFO  server.RaftServerConfigKeys (ConfUtils.java:logGet(43)) - raft.server.log.segment.cache.num.max = 2 (custom)
2019-09-24 19:06:56,799 [pool-458-thread-1] INFO  segmented.SegmentedRaftLogWorker (SegmentedRaftLogWorker.java:<init>(172)) - new b0305751-6675-4e58-b5a6-74f1444b0eaa@group-8A9B5CA83F1F-SegmentedRaftLogWorker for RaftStorage:Storage Directory /workdir/hadoop-ozone/integration-test/target/test-dir/MiniOzoneClusterImpl-fd896651-19f7-4594-a8cd-2c001f85b2cc/datanode-7/data/ratis/ee257bd5-e770-40b7-ba27-8a9b5ca83f1f
2019-09-24 19:06:56,799 [pool-458-thread-1] INFO  server.RaftServerConfigKeys (ConfUtils.java:logGet(43)) - raft.server.log.queue.byte-limit = 2147483647 (custom)
2019-09-24 19:06:56,799 [pool-458-thread-1] INFO  server.RaftServerConfigKeys (ConfUtils.java:logGet(43)) - raft.server.log.queue.element-limit = 1024 (custom)
2019-09-24 19:06:56,799 [pool-458-thread-1] INFO  server.RaftServerConfigKeys (ConfUtils.java:logGet(43)) - raft.server.log.segment.size.max = 1048576 (custom)
2019-09-24 19:06:56,799 [pool-458-thread-1] INFO  server.RaftServerConfigKeys (ConfUtils.java:logGet(43)) - raft.server.log.preallocated.size = 16384 (custom)
2019-09-24 19:06:56,799 [pool-458-thread-1] INFO  server.RaftServerConfigKeys (ConfUtils.java:logGet(43)) - raft.server.log.write.buffer.size = 33554432 (custom)
2019-09-24 19:06:56,800 [pool-458-thread-1] INFO  server.RaftServerConfigKeys (ConfUtils.java:logGet(43)) - raft.server.log.force.sync.num = 128 (default)
2019-09-24 19:06:56,800 [pool-458-thread-1] INFO  server.RaftServerConfigKeys (ConfUtils.java:logGet(43)) - raft.server.log.statemachine.data.sync = true (default)
2019-09-24 19:06:56,800 [pool-458-thread-1] INFO  server.RaftServerConfigKeys (ConfUtils.java:logGet(43)) - raft.server.log.statemachine.data.sync.timeout = 10s (default)
2019-09-24 19:06:56,800 [pool-458-thread-1] INFO  server.RaftServerConfigKeys (ConfUtils.java:logGet(43)) - raft.server.log.statemachine.data.sync.timeout.retry = -1 (default)
2019-09-24 19:06:56,800 [pool-458-thread-1] INFO  server.RaftServerConfigKeys (ConfUtils.java:logGet(43)) - raft.server.log.statemachine.data.caching.enabled = true (custom)
2019-09-24 19:06:56,801 [pool-458-thread-1] INFO  segmented.SegmentedRaftLogWorker (SegmentedRaftLogWorker.java:lambda$new$0(132)) - b0305751-6675-4e58-b5a6-74f1444b0eaa@group-8A9B5CA83F1F-SegmentedRaftLogWorker: flushIndex: setUnconditionally 0 -> -1
2019-09-24 19:06:56,801 [pool-458-thread-1] INFO  server.RaftServerConfigKeys (ConfUtils.java:logGet(43)) - raft.server.snapshot.auto.trigger.enabled = true (custom)
2019-09-24 19:06:56,801 [pool-458-thread-1] INFO  server.RaftServerConfigKeys (ConfUtils.java:logGet(43)) - raft.server.snapshot.auto.trigger.threshold = 10000 (custom)
2019-09-24 19:06:56,801 [pool-458-thread-1] INFO  server.RaftServerConfigKeys (ConfUtils.java:logGet(43)) - raft.server.snapshot.retention.num.files = 5 (custom)
2019-09-24 19:06:56,802 [pool-458-thread-1] INFO  server.RaftServerConfigKeys (ConfUtils.java:logGet(43)) - raft.server.retrycache.expirytime = 600000ms (custom)
2019-09-24 19:06:56,804 [pool-458-thread-1] INFO  impl.RaftServerImpl (RaftServerImpl.java:start(185)) - b0305751-6675-4e58-b5a6-74f1444b0eaa@group-8A9B5CA83F1F: start as a follower, conf=-1: [b0305751-6675-4e58-b5a6-74f1444b0eaa:192.168.5.148:40938], old=null
2019-09-24 19:06:56,804 [pool-458-thread-1] INFO  impl.RaftServerImpl (RaftServerImpl.java:setRole(174)) - b0305751-6675-4e58-b5a6-74f1444b0eaa@group-8A9B5CA83F1F: changes role from      null to FOLLOWER at term 0 for startAsFollower
2019-09-24 19:06:56,804 [pool-458-thread-1] INFO  impl.RoleInfo (RoleInfo.java:updateAndGet(143)) - b0305751-6675-4e58-b5a6-74f1444b0eaa: start FollowerState
2019-09-24 19:06:56,805 [pool-458-thread-1] INFO  util.JmxRegister (JmxRegister.java:tryRegister(44)) - Successfully registered JMX Bean with object name Ratis:service=RaftServer,group=group-8A9B5CA83F1F,id=b0305751-6675-4e58-b5a6-74f1444b0eaa
2019-09-24 19:06:57,161 [RATISCREATEPIPELINE2] ERROR pipeline.RatisPipelineProvider (RatisPipelineProvider.java:lambda$null$5(235)) - Failed invoke Ratis rpc org.apache.hadoop.hdds.scm.pipeline.RatisPipelineProvider$$Lambda$180/1007996814@32cd44f6 for a1cd4983-4499-4ca1-85e6-001c65d6bf4f
org.apache.ratis.protocol.TimeoutIOException: deadline exceeded after 2999851272ns
	at org.apache.ratis.grpc.GrpcUtil.tryUnwrapException(GrpcUtil.java:82)
	at org.apache.ratis.grpc.GrpcUtil.unwrapException(GrpcUtil.java:75)
	at org.apache.ratis.grpc.client.GrpcClientProtocolClient.blockingCall(GrpcClientProtocolClient.java:178)
	at org.apache.ratis.grpc.client.GrpcClientProtocolClient.groupAdd(GrpcClientProtocolClient.java:147)
	at org.apache.ratis.grpc.client.GrpcClientRpc.sendRequest(GrpcClientRpc.java:94)
	at org.apache.ratis.client.impl.RaftClientImpl.sendRequest(RaftClientImpl.java:278)
	at org.apache.ratis.client.impl.RaftClientImpl.groupAdd(RaftClientImpl.java:205)
	at org.apache.hadoop.hdds.scm.pipeline.RatisPipelineProvider.lambda$initializePipeline$4(RatisPipelineProvider.java:196)
	at org.apache.hadoop.hdds.scm.pipeline.RatisPipelineProvider.lambda$null$5(RatisPipelineProvider.java:231)
	at java.util.stream.ForEachOps$ForEachOp$OfRef.accept(ForEachOps.java:184)
	at java.util.ArrayList$ArrayListSpliterator.forEachRemaining(ArrayList.java:1382)
	at java.util.stream.AbstractPipeline.copyInto(AbstractPipeline.java:482)
	at java.util.stream.ForEachOps$ForEachTask.compute(ForEachOps.java:291)
	at java.util.concurrent.CountedCompleter.exec(CountedCompleter.java:731)
	at java.util.concurrent.ForkJoinTask.doExec(ForkJoinTask.java:289)
	at java.util.concurrent.ForkJoinPool$WorkQueue.runTask(ForkJoinPool.java:1056)
	at java.util.concurrent.ForkJoinPool.runWorker(ForkJoinPool.java:1692)
	at java.util.concurrent.ForkJoinWorkerThread.run(ForkJoinWorkerThread.java:157)
Caused by: org.apache.ratis.thirdparty.io.grpc.StatusRuntimeException: DEADLINE_EXCEEDED: deadline exceeded after 2999851272ns
	at org.apache.ratis.thirdparty.io.grpc.stub.ClientCalls.toStatusRuntimeException(ClientCalls.java:233)
	at org.apache.ratis.thirdparty.io.grpc.stub.ClientCalls.getUnchecked(ClientCalls.java:214)
	at org.apache.ratis.thirdparty.io.grpc.stub.ClientCalls.blockingUnaryCall(ClientCalls.java:139)
	at org.apache.ratis.proto.grpc.AdminProtocolServiceGrpc$AdminProtocolServiceBlockingStub.groupManagement(AdminProtocolServiceGrpc.java:274)
	at org.apache.ratis.grpc.client.GrpcClientProtocolClient.lambda$groupAdd$3(GrpcClientProtocolClient.java:149)
	at org.apache.ratis.grpc.client.GrpcClientProtocolClient.blockingCall(GrpcClientProtocolClient.java:176)
	... 15 more
2019-09-24 19:06:57,161 [RATISCREATEPIPELINE3] ERROR pipeline.RatisPipelineProvider (RatisPipelineProvider.java:lambda$null$5(235)) - Failed invoke Ratis rpc org.apache.hadoop.hdds.scm.pipeline.RatisPipelineProvider$$Lambda$180/1007996814@32cd44f6 for 56e639b0-539e-46f2-afe9-98e7bb950b90
org.apache.ratis.protocol.TimeoutIOException
	at org.apache.ratis.grpc.GrpcUtil.tryUnwrapException(GrpcUtil.java:82)
	at org.apache.ratis.grpc.GrpcUtil.unwrapException(GrpcUtil.java:75)
	at org.apache.ratis.grpc.client.GrpcClientProtocolClient.blockingCall(GrpcClientProtocolClient.java:178)
	at org.apache.ratis.grpc.client.GrpcClientProtocolClient.groupAdd(GrpcClientProtocolClient.java:147)
	at org.apache.ratis.grpc.client.GrpcClientRpc.sendRequest(GrpcClientRpc.java:94)
	at org.apache.ratis.client.impl.RaftClientImpl.sendRequest(RaftClientImpl.java:278)
	at org.apache.ratis.client.impl.RaftClientImpl.groupAdd(RaftClientImpl.java:205)
	at org.apache.hadoop.hdds.scm.pipeline.RatisPipelineProvider.lambda$initializePipeline$4(RatisPipelineProvider.java:196)
	at org.apache.hadoop.hdds.scm.pipeline.RatisPipelineProvider.lambda$null$5(RatisPipelineProvider.java:231)
	at java.util.stream.ForEachOps$ForEachOp$OfRef.accept(ForEachOps.java:184)
	at java.util.ArrayList$ArrayListSpliterator.forEachRemaining(ArrayList.java:1382)
	at java.util.stream.AbstractPipeline.copyInto(AbstractPipeline.java:482)
	at java.util.stream.ForEachOps$ForEachTask.compute(ForEachOps.java:291)
	at java.util.concurrent.CountedCompleter.exec(CountedCompleter.java:731)
	at java.util.concurrent.ForkJoinTask.doExec(ForkJoinTask.java:289)
	at java.util.concurrent.ForkJoinPool$WorkQueue.runTask(ForkJoinPool.java:1056)
	at java.util.concurrent.ForkJoinPool.runWorker(ForkJoinPool.java:1692)
	at java.util.concurrent.ForkJoinWorkerThread.run(ForkJoinWorkerThread.java:157)
Caused by: org.apache.ratis.thirdparty.io.grpc.StatusRuntimeException: DEADLINE_EXCEEDED
	at org.apache.ratis.thirdparty.io.grpc.stub.ClientCalls.toStatusRuntimeException(ClientCalls.java:233)
	at org.apache.ratis.thirdparty.io.grpc.stub.ClientCalls.getUnchecked(ClientCalls.java:214)
	at org.apache.ratis.thirdparty.io.grpc.stub.ClientCalls.blockingUnaryCall(ClientCalls.java:139)
	at org.apache.ratis.proto.grpc.AdminProtocolServiceGrpc$AdminProtocolServiceBlockingStub.groupManagement(AdminProtocolServiceGrpc.java:274)
	at org.apache.ratis.grpc.client.GrpcClientProtocolClient.lambda$groupAdd$3(GrpcClientProtocolClient.java:149)
	at org.apache.ratis.grpc.client.GrpcClientProtocolClient.blockingCall(GrpcClientProtocolClient.java:176)
	... 15 more
2019-09-24 19:06:57,161 [RATISCREATEPIPELINE1] ERROR pipeline.RatisPipelineProvider (RatisPipelineProvider.java:lambda$null$5(235)) - Failed invoke Ratis rpc org.apache.hadoop.hdds.scm.pipeline.RatisPipelineProvider$$Lambda$180/1007996814@32cd44f6 for bef30485-dff6-47d2-88a8-2d6b76a883db
org.apache.ratis.protocol.TimeoutIOException: deadline exceeded after 2999842868ns
	at org.apache.ratis.grpc.GrpcUtil.tryUnwrapException(GrpcUtil.java:82)
	at org.apache.ratis.grpc.GrpcUtil.unwrapException(GrpcUtil.java:75)
	at org.apache.ratis.grpc.client.GrpcClientProtocolClient.blockingCall(GrpcClientProtocolClient.java:178)
	at org.apache.ratis.grpc.client.GrpcClientProtocolClient.groupAdd(GrpcClientProtocolClient.java:147)
	at org.apache.ratis.grpc.client.GrpcClientRpc.sendRequest(GrpcClientRpc.java:94)
	at org.apache.ratis.client.impl.RaftClientImpl.sendRequest(RaftClientImpl.java:278)
	at org.apache.ratis.client.impl.RaftClientImpl.groupAdd(RaftClientImpl.java:205)
	at org.apache.hadoop.hdds.scm.pipeline.RatisPipelineProvider.lambda$initializePipeline$4(RatisPipelineProvider.java:196)
	at org.apache.hadoop.hdds.scm.pipeline.RatisPipelineProvider.lambda$null$5(RatisPipelineProvider.java:231)
	at java.util.stream.ForEachOps$ForEachOp$OfRef.accept(ForEachOps.java:184)
	at java.util.ArrayList$ArrayListSpliterator.forEachRemaining(ArrayList.java:1382)
	at java.util.stream.AbstractPipeline.copyInto(AbstractPipeline.java:482)
	at java.util.stream.ForEachOps$ForEachTask.compute(ForEachOps.java:291)
	at java.util.concurrent.CountedCompleter.exec(CountedCompleter.java:731)
	at java.util.concurrent.ForkJoinTask.doExec(ForkJoinTask.java:289)
	at java.util.concurrent.ForkJoinTask.doInvoke(ForkJoinTask.java:401)
	at java.util.concurrent.ForkJoinTask.invoke(ForkJoinTask.java:734)
	at java.util.stream.ForEachOps$ForEachOp.evaluateParallel(ForEachOps.java:160)
	at java.util.stream.ForEachOps$ForEachOp$OfRef.evaluateParallel(ForEachOps.java:174)
	at java.util.stream.AbstractPipeline.evaluate(AbstractPipeline.java:233)
	at java.util.stream.ReferencePipeline.forEach(ReferencePipeline.java:418)
	at java.util.stream.ReferencePipeline$Head.forEach(ReferencePipeline.java:583)
	at org.apache.hadoop.hdds.scm.pipeline.RatisPipelineProvider.lambda$callRatisRpc$6(RatisPipelineProvider.java:225)
	at java.util.concurrent.ForkJoinTask$AdaptedRunnableAction.exec(ForkJoinTask.java:1386)
	at java.util.concurrent.ForkJoinTask.doExec(ForkJoinTask.java:289)
	at java.util.concurrent.ForkJoinPool$WorkQueue.runTask(ForkJoinPool.java:1056)
	at java.util.concurrent.ForkJoinPool.runWorker(ForkJoinPool.java:1692)
	at java.util.concurrent.ForkJoinWorkerThread.run(ForkJoinWorkerThread.java:157)
Caused by: org.apache.ratis.thirdparty.io.grpc.StatusRuntimeException: DEADLINE_EXCEEDED: deadline exceeded after 2999842868ns
	at org.apache.ratis.thirdparty.io.grpc.stub.ClientCalls.toStatusRuntimeException(ClientCalls.java:233)
	at org.apache.ratis.thirdparty.io.grpc.stub.ClientCalls.getUnchecked(ClientCalls.java:214)
	at org.apache.ratis.thirdparty.io.grpc.stub.ClientCalls.blockingUnaryCall(ClientCalls.java:139)
	at org.apache.ratis.proto.grpc.AdminProtocolServiceGrpc$AdminProtocolServiceBlockingStub.groupManagement(AdminProtocolServiceGrpc.java:274)
	at org.apache.ratis.grpc.client.GrpcClientProtocolClient.lambda$groupAdd$3(GrpcClientProtocolClient.java:149)
	at org.apache.ratis.grpc.client.GrpcClientProtocolClient.blockingCall(GrpcClientProtocolClient.java:176)
	... 25 more
2019-09-24 19:06:57,168 [IPC Server handler 19 on 37605] WARN  block.BlockManagerImpl (BlockManagerImpl.java:allocateBlock(192)) - Pipeline creation failed for type:RATIS factor:THREE. Retrying get pipelines call once.
org.apache.hadoop.io.MultipleIOException: 3 exceptions [java.io.IOException: Failed invoke Ratis rpc org.apache.hadoop.hdds.scm.pipeline.RatisPipelineProvider$$Lambda$180/1007996814@32cd44f6 for a1cd4983-4499-4ca1-85e6-001c65d6bf4f, java.io.IOException: Failed invoke Ratis rpc org.apache.hadoop.hdds.scm.pipeline.RatisPipelineProvider$$Lambda$180/1007996814@32cd44f6 for 56e639b0-539e-46f2-afe9-98e7bb950b90, java.io.IOException: Failed invoke Ratis rpc org.apache.hadoop.hdds.scm.pipeline.RatisPipelineProvider$$Lambda$180/1007996814@32cd44f6 for bef30485-dff6-47d2-88a8-2d6b76a883db]
	at org.apache.hadoop.io.MultipleIOException.createIOException(MultipleIOException.java:53)
	at org.apache.hadoop.hdds.scm.pipeline.RatisPipelineProvider.callRatisRpc(RatisPipelineProvider.java:251)
	at org.apache.hadoop.hdds.scm.pipeline.RatisPipelineProvider.initializePipeline(RatisPipelineProvider.java:194)
	at org.apache.hadoop.hdds.scm.pipeline.RatisPipelineProvider.create(RatisPipelineProvider.java:163)
	at org.apache.hadoop.hdds.scm.pipeline.PipelineFactory.create(PipelineFactory.java:58)
	at org.apache.hadoop.hdds.scm.pipeline.SCMPipelineManager.createPipeline(SCMPipelineManager.java:155)
	at org.apache.hadoop.hdds.scm.block.BlockManagerImpl.allocateBlock(BlockManagerImpl.java:190)
	at org.apache.hadoop.hdds.scm.server.SCMBlockProtocolServer.allocateBlock(SCMBlockProtocolServer.java:182)
	at org.apache.hadoop.ozone.protocolPB.ScmBlockLocationProtocolServerSideTranslatorPB.allocateScmBlock(ScmBlockLocationProtocolServerSideTranslatorPB.java:183)
	at org.apache.hadoop.ozone.protocolPB.ScmBlockLocationProtocolServerSideTranslatorPB.processMessage(ScmBlockLocationProtocolServerSideTranslatorPB.java:141)
	at org.apache.hadoop.ozone.protocolPB.ScmBlockLocationProtocolServerSideTranslatorPB.send(ScmBlockLocationProtocolServerSideTranslatorPB.java:116)
	at org.apache.hadoop.hdds.protocol.proto.ScmBlockLocationProtocolProtos$ScmBlockLocationProtocolService$2.callBlockingMethod(ScmBlockLocationProtocolProtos.java:13157)
	at org.apache.hadoop.ipc.ProtobufRpcEngine$Server$ProtoBufRpcInvoker.call(ProtobufRpcEngine.java:524)
	at org.apache.hadoop.ipc.RPC$Server.call(RPC.java:1025)
	at org.apache.hadoop.ipc.Server$RpcCall.run(Server.java:876)
	at org.apache.hadoop.ipc.Server$RpcCall.run(Server.java:822)
	at java.security.AccessController.doPrivileged(Native Method)
	at javax.security.auth.Subject.doAs(Subject.java:422)
	at org.apache.hadoop.security.UserGroupInformation.doAs(UserGroupInformation.java:1730)
	at org.apache.hadoop.ipc.Server$Handler.run(Server.java:2682)
2019-09-24 19:06:57,169 [IPC Server handler 19 on 37605] INFO  block.BlockManagerImpl (BlockManagerImpl.java:allocateBlock(198)) - Could not find available pipeline of type:RATIS and factor:THREE even after retrying
2019-09-24 19:06:57,170 [IPC Server handler 19 on 37605] ERROR block.BlockManagerImpl (BlockManagerImpl.java:allocateBlock(222)) - Unable to allocate a block for the size: 4194304, type: RATIS, factor: THREE
2019-09-24 19:06:57,172 [main] INFO  ozone.MiniOzoneClusterImpl (MiniOzoneClusterImpl.java:shutdown(314)) - Shutting down the Mini Ozone Cluster
2019-09-24 19:06:57,172 [main] INFO  ozone.MiniOzoneClusterImpl (MiniOzoneClusterImpl.java:stop(330)) - Stopping the Mini Ozone Cluster
2019-09-24 19:06:57,172 [main] INFO  ozone.MiniOzoneClusterImpl (MiniOzoneClusterImpl.java:stopOM(400)) - Stopping the OzoneManager
2019-09-24 19:06:57,173 [main] INFO  ipc.Server (Server.java:stop(3082)) - Stopping server on 34378
2019-09-24 19:06:57,186 [IPC Server listener on 34378] INFO  ipc.Server (Server.java:run(1185)) - Stopping IPC Server listener on 34378
2019-09-24 19:06:57,186 [IPC Server Responder] INFO  ipc.Server (Server.java:run(1319)) - Stopping IPC Server Responder
2019-09-24 19:06:57,186 [main] INFO  ratis.OzoneManagerDoubleBuffer (OzoneManagerDoubleBuffer.java:stop(248)) - Stopping OMDoubleBuffer flush thread
2019-09-24 19:06:57,198 [OMDoubleBufferFlushThread] INFO  ratis.OzoneManagerDoubleBuffer (OzoneManagerDoubleBuffer.java:flushTransactions(191)) - OMDoubleBuffer flush thread OMDoubleBufferFlushThread is interrupted and will exit. OMDoubleBufferFlushThread
2019-09-24 19:06:57,220 [main] INFO  utils.BackgroundService (BackgroundService.java:shutdown(148)) - Shutting down service KeyDeletingService
2019-09-24 19:06:57,232 [main] INFO  handler.ContextHandler (ContextHandler.java:doStop(910)) - Stopped o.e.j.w.WebAppContext@559af296{/,null,UNAVAILABLE}{/ozoneManager}
2019-09-24 19:06:57,233 [main] INFO  server.AbstractConnector (AbstractConnector.java:doStop(318)) - Stopped ServerConnector@5edc3e29{HTTP/1.1,[http/1.1]}{0.0.0.0:0}
2019-09-24 19:06:57,233 [main] INFO  handler.ContextHandler (ContextHandler.java:doStop(910)) - Stopped o.e.j.s.ServletContextHandler@3b41e1bf{/static,file:///workdir/hadoop-ozone/integration-test/target/test-classes/webapps/static,UNAVAILABLE}
2019-09-24 19:06:57,234 [main] INFO  handler.ContextHandler (ContextHandler.java:doStop(910)) - Stopped o.e.j.s.ServletContextHandler@1cd6b1bd{/logs,file:///workdir/hadoop-ozone/integration-test/target/log,UNAVAILABLE}
2019-09-24 19:06:57,236 [main] INFO  ozone.MiniOzoneClusterImpl (MiniOzoneClusterImpl.java:stopDatanodes(377)) - Stopping the HddsDatanodes
2019-09-24 19:06:57,438 [pool-478-thread-1] INFO  storage.RaftStorage (RaftStorage.java:format(72)) - Storage directory /workdir/hadoop-ozone/integration-test/target/test-dir/MiniOzoneClusterImpl-fd896651-19f7-4594-a8cd-2c001f85b2cc/datanode-9/data/ratis/026800ba-5da3-4662-9662-dbeeb9fa338f has been successfully formatted.
2019-09-24 19:06:57,438 [pool-438-thread-1] INFO  storage.RaftStorage (RaftStorage.java:format(72)) - Storage directory /workdir/hadoop-ozone/integration-test/target/test-dir/MiniOzoneClusterImpl-fd896651-19f7-4594-a8cd-2c001f85b2cc/datanode-5/data/ratis/026800ba-5da3-4662-9662-dbeeb9fa338f has been successfully formatted.
2019-09-24 19:06:57,438 [pool-448-thread-1] INFO  storage.RaftStorage (RaftStorage.java:format(72)) - Storage directory /workdir/hadoop-ozone/integration-test/target/test-dir/MiniOzoneClusterImpl-fd896651-19f7-4594-a8cd-2c001f85b2cc/datanode-6/data/ratis/026800ba-5da3-4662-9662-dbeeb9fa338f has been successfully formatted.
2019-09-24 19:06:57,439 [pool-438-thread-1] INFO  ratis.ContainerStateMachine (ContainerStateMachine.java:loadSnapshot(230)) - group-DBEEB9FA338F: The snapshot info is null. Setting the last applied indexto:(t:0, i:~)
2019-09-24 19:06:57,439 [pool-478-thread-1] INFO  ratis.ContainerStateMachine (ContainerStateMachine.java:loadSnapshot(230)) - group-DBEEB9FA338F: The snapshot info is null. Setting the last applied indexto:(t:0, i:~)
2019-09-24 19:06:57,439 [pool-438-thread-1] INFO  server.RaftServerConfigKeys (ConfUtils.java:logGet(43)) - raft.server.notification.no-leader.timeout = 120s (custom)
2019-09-24 19:06:57,439 [pool-448-thread-1] INFO  ratis.ContainerStateMachine (ContainerStateMachine.java:loadSnapshot(230)) - group-DBEEB9FA338F: The snapshot info is null. Setting the last applied indexto:(t:0, i:~)
2019-09-24 19:06:57,439 [pool-438-thread-1] INFO  server.RaftServerConfigKeys (ConfUtils.java:logGet(43)) - raft.server.log.use.memory = false (default)
2019-09-24 19:06:57,439 [pool-478-thread-1] INFO  server.RaftServerConfigKeys (ConfUtils.java:logGet(43)) - raft.server.notification.no-leader.timeout = 120s (custom)
2019-09-24 19:06:57,440 [pool-438-thread-1] INFO  server.RaftServerConfigKeys (ConfUtils.java:logGet(43)) - raft.server.log.purge.gap = 1000000 (custom)
2019-09-24 19:06:57,440 [pool-438-thread-1] INFO  server.RaftServerConfigKeys (ConfUtils.java:logGet(43)) - raft.server.log.appender.buffer.byte-limit = 33554432 (custom)
2019-09-24 19:06:57,440 [pool-448-thread-1] INFO  server.RaftServerConfigKeys (ConfUtils.java:logGet(43)) - raft.server.notification.no-leader.timeout = 120s (custom)
2019-09-24 19:06:57,440 [pool-438-thread-1] INFO  server.RaftServerConfigKeys (ConfUtils.java:logGet(43)) - raft.server.log.segment.size.max = 1048576 (custom)
2019-09-24 19:06:57,440 [pool-478-thread-1] INFO  server.RaftServerConfigKeys (ConfUtils.java:logGet(43)) - raft.server.log.use.memory = false (default)
2019-09-24 19:06:57,441 [pool-438-thread-1] INFO  server.RaftServerConfigKeys (ConfUtils.java:logGet(43)) - raft.server.log.segment.cache.num.max = 2 (custom)
2019-09-24 19:06:57,440 [pool-448-thread-1] INFO  server.RaftServerConfigKeys (ConfUtils.java:logGet(43)) - raft.server.log.use.memory = false (default)
2019-09-24 19:06:57,441 [pool-438-thread-1] INFO  segmented.SegmentedRaftLogWorker (SegmentedRaftLogWorker.java:<init>(172)) - new bef30485-dff6-47d2-88a8-2d6b76a883db@group-DBEEB9FA338F-SegmentedRaftLogWorker for RaftStorage:Storage Directory /workdir/hadoop-ozone/integration-test/target/test-dir/MiniOzoneClusterImpl-fd896651-19f7-4594-a8cd-2c001f85b2cc/datanode-5/data/ratis/026800ba-5da3-4662-9662-dbeeb9fa338f
2019-09-24 19:06:57,441 [pool-478-thread-1] INFO  server.RaftServerConfigKeys (ConfUtils.java:logGet(43)) - raft.server.log.purge.gap = 1000000 (custom)
2019-09-24 19:06:57,441 [pool-438-thread-1] INFO  server.RaftServerConfigKeys (ConfUtils.java:logGet(43)) - raft.server.log.queue.byte-limit = 2147483647 (custom)
2019-09-24 19:06:57,441 [pool-448-thread-1] INFO  server.RaftServerConfigKeys (ConfUtils.java:logGet(43)) - raft.server.log.purge.gap = 1000000 (custom)
2019-09-24 19:06:57,442 [pool-438-thread-1] INFO  server.RaftServerConfigKeys (ConfUtils.java:logGet(43)) - raft.server.log.queue.element-limit = 1024 (custom)
2019-09-24 19:06:57,442 [pool-478-thread-1] INFO  server.RaftServerConfigKeys (ConfUtils.java:logGet(43)) - raft.server.log.appender.buffer.byte-limit = 33554432 (custom)
2019-09-24 19:06:57,442 [pool-438-thread-1] INFO  server.RaftServerConfigKeys (ConfUtils.java:logGet(43)) - raft.server.log.segment.size.max = 1048576 (custom)
2019-09-24 19:06:57,442 [pool-448-thread-1] INFO  server.RaftServerConfigKeys (ConfUtils.java:logGet(43)) - raft.server.log.appender.buffer.byte-limit = 33554432 (custom)
2019-09-24 19:06:57,442 [pool-438-thread-1] INFO  server.RaftServerConfigKeys (ConfUtils.java:logGet(43)) - raft.server.log.preallocated.size = 16384 (custom)
2019-09-24 19:06:57,442 [pool-478-thread-1] INFO  server.RaftServerConfigKeys (ConfUtils.java:logGet(43)) - raft.server.log.segment.size.max = 1048576 (custom)
2019-09-24 19:06:57,443 [pool-438-thread-1] INFO  server.RaftServerConfigKeys (ConfUtils.java:logGet(43)) - raft.server.log.write.buffer.size = 33554432 (custom)
2019-09-24 19:06:57,443 [pool-448-thread-1] INFO  server.RaftServerConfigKeys (ConfUtils.java:logGet(43)) - raft.server.log.segment.size.max = 1048576 (custom)
2019-09-24 19:06:57,443 [pool-438-thread-1] INFO  server.RaftServerConfigKeys (ConfUtils.java:logGet(43)) - raft.server.log.force.sync.num = 128 (default)
2019-09-24 19:06:57,443 [pool-478-thread-1] INFO  server.RaftServerConfigKeys (ConfUtils.java:logGet(43)) - raft.server.log.segment.cache.num.max = 2 (custom)
2019-09-24 19:06:57,443 [pool-438-thread-1] INFO  server.RaftServerConfigKeys (ConfUtils.java:logGet(43)) - raft.server.log.statemachine.data.sync = true (default)
2019-09-24 19:06:57,443 [pool-448-thread-1] INFO  server.RaftServerConfigKeys (ConfUtils.java:logGet(43)) - raft.server.log.segment.cache.num.max = 2 (custom)
2019-09-24 19:06:57,444 [pool-438-thread-1] INFO  server.RaftServerConfigKeys (ConfUtils.java:logGet(43)) - raft.server.log.statemachine.data.sync.timeout = 10s (default)
2019-09-24 19:06:57,444 [pool-478-thread-1] INFO  segmented.SegmentedRaftLogWorker (SegmentedRaftLogWorker.java:<init>(172)) - new a1cd4983-4499-4ca1-85e6-001c65d6bf4f@group-DBEEB9FA338F-SegmentedRaftLogWorker for RaftStorage:Storage Directory /workdir/hadoop-ozone/integration-test/target/test-dir/MiniOzoneClusterImpl-fd896651-19f7-4594-a8cd-2c001f85b2cc/datanode-9/data/ratis/026800ba-5da3-4662-9662-dbeeb9fa338f
2019-09-24 19:06:57,444 [pool-438-thread-1] INFO  server.RaftServerConfigKeys (ConfUtils.java:logGet(43)) - raft.server.log.statemachine.data.sync.timeout.retry = -1 (default)
2019-09-24 19:06:57,444 [pool-448-thread-1] INFO  segmented.SegmentedRaftLogWorker (SegmentedRaftLogWorker.java:<init>(172)) - new 56e639b0-539e-46f2-afe9-98e7bb950b90@group-DBEEB9FA338F-SegmentedRaftLogWorker for RaftStorage:Storage Directory /workdir/hadoop-ozone/integration-test/target/test-dir/MiniOzoneClusterImpl-fd896651-19f7-4594-a8cd-2c001f85b2cc/datanode-6/data/ratis/026800ba-5da3-4662-9662-dbeeb9fa338f
2019-09-24 19:06:57,444 [pool-438-thread-1] INFO  server.RaftServerConfigKeys (ConfUtils.java:logGet(43)) - raft.server.log.statemachine.data.caching.enabled = true (custom)
2019-09-24 19:06:57,444 [pool-478-thread-1] INFO  server.RaftServerConfigKeys (ConfUtils.java:logGet(43)) - raft.server.log.queue.byte-limit = 2147483647 (custom)
2019-09-24 19:06:57,445 [pool-448-thread-1] INFO  server.RaftServerConfigKeys (ConfUtils.java:logGet(43)) - raft.server.log.queue.byte-limit = 2147483647 (custom)
2019-09-24 19:06:57,445 [pool-438-thread-1] INFO  segmented.SegmentedRaftLogWorker (SegmentedRaftLogWorker.java:lambda$new$0(132)) - bef30485-dff6-47d2-88a8-2d6b76a883db@group-DBEEB9FA338F-SegmentedRaftLogWorker: flushIndex: setUnconditionally 0 -> -1
2019-09-24 19:06:57,445 [pool-478-thread-1] INFO  server.RaftServerConfigKeys (ConfUtils.java:logGet(43)) - raft.server.log.queue.element-limit = 1024 (custom)
2019-09-24 19:06:57,445 [pool-448-thread-1] INFO  server.RaftServerConfigKeys (ConfUtils.java:logGet(43)) - raft.server.log.queue.element-limit = 1024 (custom)
2019-09-24 19:06:57,445 [pool-438-thread-1] INFO  server.RaftServerConfigKeys (ConfUtils.java:logGet(43)) - raft.server.snapshot.auto.trigger.enabled = true (custom)
2019-09-24 19:06:57,445 [pool-478-thread-1] INFO  server.RaftServerConfigKeys (ConfUtils.java:logGet(43)) - raft.server.log.segment.size.max = 1048576 (custom)
2019-09-24 19:06:57,446 [pool-438-thread-1] INFO  server.RaftServerConfigKeys (ConfUtils.java:logGet(43)) - raft.server.snapshot.auto.trigger.threshold = 10000 (custom)
2019-09-24 19:06:57,446 [pool-448-thread-1] INFO  server.RaftServerConfigKeys (ConfUtils.java:logGet(43)) - raft.server.log.segment.size.max = 1048576 (custom)
2019-09-24 19:06:57,446 [pool-438-thread-1] INFO  server.RaftServerConfigKeys (ConfUtils.java:logGet(43)) - raft.server.snapshot.retention.num.files = 5 (custom)
2019-09-24 19:06:57,446 [pool-478-thread-1] INFO  server.RaftServerConfigKeys (ConfUtils.java:logGet(43)) - raft.server.log.preallocated.size = 16384 (custom)
2019-09-24 19:06:57,446 [pool-438-thread-1] INFO  server.RaftServerConfigKeys (ConfUtils.java:logGet(43)) - raft.server.retrycache.expirytime = 600000ms (custom)
2019-09-24 19:06:57,446 [pool-448-thread-1] INFO  server.RaftServerConfigKeys (ConfUtils.java:logGet(43)) - raft.server.log.preallocated.size = 16384 (custom)
2019-09-24 19:06:57,446 [pool-478-thread-1] INFO  server.RaftServerConfigKeys (ConfUtils.java:logGet(43)) - raft.server.log.write.buffer.size = 33554432 (custom)
2019-09-24 19:06:57,447 [pool-448-thread-1] INFO  server.RaftServerConfigKeys (ConfUtils.java:logGet(43)) - raft.server.log.write.buffer.size = 33554432 (custom)
2019-09-24 19:06:57,447 [pool-478-thread-1] INFO  server.RaftServerConfigKeys (ConfUtils.java:logGet(43)) - raft.server.log.force.sync.num = 128 (default)
2019-09-24 19:06:57,447 [pool-448-thread-1] INFO  server.RaftServerConfigKeys (ConfUtils.java:logGet(43)) - raft.server.log.force.sync.num = 128 (default)
2019-09-24 19:06:57,447 [pool-478-thread-1] INFO  server.RaftServerConfigKeys (ConfUtils.java:logGet(43)) - raft.server.log.statemachine.data.sync = true (default)
2019-09-24 19:06:57,448 [pool-448-thread-1] INFO  server.RaftServerConfigKeys (ConfUtils.java:logGet(43)) - raft.server.log.statemachine.data.sync = true (default)
2019-09-24 19:06:57,448 [pool-478-thread-1] INFO  server.RaftServerConfigKeys (ConfUtils.java:logGet(43)) - raft.server.log.statemachine.data.sync.timeout = 10s (default)
2019-09-24 19:06:57,448 [pool-448-thread-1] INFO  server.RaftServerConfigKeys (ConfUtils.java:logGet(43)) - raft.server.log.statemachine.data.sync.timeout = 10s (default)
2019-09-24 19:06:57,448 [pool-478-thread-1] INFO  server.RaftServerConfigKeys (ConfUtils.java:logGet(43)) - raft.server.log.statemachine.data.sync.timeout.retry = -1 (default)
2019-09-24 19:06:57,449 [pool-438-thread-1] INFO  impl.RaftServerImpl (RaftServerImpl.java:start(185)) - bef30485-dff6-47d2-88a8-2d6b76a883db@group-E65683355006: start as a follower, conf=-1: [a1cd4983-4499-4ca1-85e6-001c65d6bf4f:192.168.5.148:43964, bef30485-dff6-47d2-88a8-2d6b76a883db:192.168.5.148:38198, 56e639b0-539e-46f2-afe9-98e7bb950b90:192.168.5.148:41145], old=null
2019-09-24 19:06:57,448 [pool-448-thread-1] INFO  server.RaftServerConfigKeys (ConfUtils.java:logGet(43)) - raft.server.log.statemachine.data.sync.timeout.retry = -1 (default)
2019-09-24 19:06:57,449 [pool-438-thread-1] INFO  impl.RaftServerImpl (RaftServerImpl.java:setRole(174)) - bef30485-dff6-47d2-88a8-2d6b76a883db@group-E65683355006: changes role from      null to FOLLOWER at term 0 for startAsFollower
2019-09-24 19:06:57,449 [pool-478-thread-1] INFO  server.RaftServerConfigKeys (ConfUtils.java:logGet(43)) - raft.server.log.statemachine.data.caching.enabled = true (custom)
2019-09-24 19:06:57,449 [pool-438-thread-1] INFO  impl.RoleInfo (RoleInfo.java:updateAndGet(143)) - bef30485-dff6-47d2-88a8-2d6b76a883db: start FollowerState
2019-09-24 19:06:57,449 [pool-448-thread-1] INFO  server.RaftServerConfigKeys (ConfUtils.java:logGet(43)) - raft.server.log.statemachine.data.caching.enabled = true (custom)
2019-09-24 19:06:57,449 [pool-478-thread-1] INFO  segmented.SegmentedRaftLogWorker (SegmentedRaftLogWorker.java:lambda$new$0(132)) - a1cd4983-4499-4ca1-85e6-001c65d6bf4f@group-DBEEB9FA338F-SegmentedRaftLogWorker: flushIndex: setUnconditionally 0 -> -1
2019-09-24 19:06:57,450 [pool-448-thread-1] INFO  segmented.SegmentedRaftLogWorker (SegmentedRaftLogWorker.java:lambda$new$0(132)) - 56e639b0-539e-46f2-afe9-98e7bb950b90@group-DBEEB9FA338F-SegmentedRaftLogWorker: flushIndex: setUnconditionally 0 -> -1
2019-09-24 19:06:57,450 [pool-438-thread-1] INFO  util.JmxRegister (JmxRegister.java:tryRegister(44)) - Successfully registered JMX Bean with object name Ratis:service=RaftServer,group=group-E65683355006,id=bef30485-dff6-47d2-88a8-2d6b76a883db
2019-09-24 19:06:57,450 [pool-478-thread-1] INFO  server.RaftServerConfigKeys (ConfUtils.java:logGet(43)) - raft.server.snapshot.auto.trigger.enabled = true (custom)
2019-09-24 19:06:57,450 [pool-448-thread-1] INFO  server.RaftServerConfigKeys (ConfUtils.java:logGet(43)) - raft.server.snapshot.auto.trigger.enabled = true (custom)
2019-09-24 19:06:57,450 [pool-478-thread-1] INFO  server.RaftServerConfigKeys (ConfUtils.java:logGet(43)) - raft.server.snapshot.auto.trigger.threshold = 10000 (custom)
2019-09-24 19:06:57,450 [pool-448-thread-1] INFO  server.RaftServerConfigKeys (ConfUtils.java:logGet(43)) - raft.server.snapshot.auto.trigger.threshold = 10000 (custom)
2019-09-24 19:06:57,451 [pool-478-thread-1] INFO  server.RaftServerConfigKeys (ConfUtils.java:logGet(43)) - raft.server.snapshot.retention.num.files = 5 (custom)
2019-09-24 19:06:57,451 [pool-448-thread-1] INFO  server.RaftServerConfigKeys (ConfUtils.java:logGet(43)) - raft.server.snapshot.retention.num.files = 5 (custom)
2019-09-24 19:06:57,451 [pool-478-thread-1] INFO  server.RaftServerConfigKeys (ConfUtils.java:logGet(43)) - raft.server.retrycache.expirytime = 600000ms (custom)
2019-09-24 19:06:57,451 [pool-448-thread-1] INFO  server.RaftServerConfigKeys (ConfUtils.java:logGet(43)) - raft.server.retrycache.expirytime = 600000ms (custom)
2019-09-24 19:06:57,452 [pool-438-thread-1] INFO  impl.RaftServerImpl (RaftServerImpl.java:<init>(95)) - bef30485-dff6-47d2-88a8-2d6b76a883db: new RaftServerImpl for group-638C6BD0F890:[a1cd4983-4499-4ca1-85e6-001c65d6bf4f:192.168.5.148:43964, bef30485-dff6-47d2-88a8-2d6b76a883db:192.168.5.148:38198, 56e639b0-539e-46f2-afe9-98e7bb950b90:192.168.5.148:41145] with ContainerStateMachine:uninitialized
2019-09-24 19:06:57,452 [pool-438-thread-1] INFO  server.RaftServerConfigKeys (ConfUtils.java:logGet(43)) - raft.server.rpc.timeout.min = 1s (custom)
2019-09-24 19:06:57,452 [pool-438-thread-1] INFO  server.RaftServerConfigKeys (ConfUtils.java:logGet(43)) - raft.server.rpc.timeout.max = 1200ms (custom)
2019-09-24 19:06:57,452 [pool-438-thread-1] INFO  server.RaftServerConfigKeys (ConfUtils.java:logGet(43)) - raft.server.rpcslowness.timeout = 120s (custom)
2019-09-24 19:06:57,452 [pool-438-thread-1] INFO  server.RaftServerConfigKeys (ConfUtils.java:logGet(43)) - raft.server.sleep.deviation.threshold = 300 (default)
2019-09-24 19:06:57,452 [pool-438-thread-1] INFO  server.RaftServerConfigKeys (ConfUtils.java:logGet(43)) - raft.server.log.appender.install.snapshot.enabled = false (custom)
2019-09-24 19:06:57,453 [pool-438-thread-1] INFO  impl.RaftServerImpl (ServerState.java:<init>(103)) - bef30485-dff6-47d2-88a8-2d6b76a883db@group-638C6BD0F890: ConfigurationManager, init=-1: [a1cd4983-4499-4ca1-85e6-001c65d6bf4f:192.168.5.148:43964, bef30485-dff6-47d2-88a8-2d6b76a883db:192.168.5.148:38198, 56e639b0-539e-46f2-afe9-98e7bb950b90:192.168.5.148:41145], old=null, confs=<EMPTY_MAP>
2019-09-24 19:06:57,453 [pool-438-thread-1] INFO  server.RaftServerConfigKeys (ConfUtils.java:logGet(43)) - raft.server.storage.dir = [/workdir/hadoop-ozone/integration-test/target/test-dir/MiniOzoneClusterImpl-fd896651-19f7-4594-a8cd-2c001f85b2cc/datanode-5/data/ratis] (custom)
2019-09-24 19:06:57,453 [pool-438-thread-1] INFO  storage.RaftStorageDirectory (RaftStorageDirectory.java:analyzeStorage(246)) - The storage directory /workdir/hadoop-ozone/integration-test/target/test-dir/MiniOzoneClusterImpl-fd896651-19f7-4594-a8cd-2c001f85b2cc/datanode-5/data/ratis/77411091-a1c9-4766-9e8c-638c6bd0f890 does not exist. Creating ...
2019-09-24 19:06:57,454 [pool-448-thread-1] INFO  impl.RaftServerImpl (RaftServerImpl.java:start(185)) - 56e639b0-539e-46f2-afe9-98e7bb950b90@group-E65683355006: start as a follower, conf=-1: [a1cd4983-4499-4ca1-85e6-001c65d6bf4f:192.168.5.148:43964, bef30485-dff6-47d2-88a8-2d6b76a883db:192.168.5.148:38198, 56e639b0-539e-46f2-afe9-98e7bb950b90:192.168.5.148:41145], old=null
2019-09-24 19:06:57,454 [pool-448-thread-1] INFO  impl.RaftServerImpl (RaftServerImpl.java:setRole(174)) - 56e639b0-539e-46f2-afe9-98e7bb950b90@group-E65683355006: changes role from      null to FOLLOWER at term 0 for startAsFollower
2019-09-24 19:06:57,454 [pool-448-thread-1] INFO  impl.RoleInfo (RoleInfo.java:updateAndGet(143)) - 56e639b0-539e-46f2-afe9-98e7bb950b90: start FollowerState
2019-09-24 19:06:57,455 [pool-478-thread-1] INFO  impl.RaftServerImpl (RaftServerImpl.java:start(185)) - a1cd4983-4499-4ca1-85e6-001c65d6bf4f@group-E65683355006: start as a follower, conf=-1: [a1cd4983-4499-4ca1-85e6-001c65d6bf4f:192.168.5.148:43964, bef30485-dff6-47d2-88a8-2d6b76a883db:192.168.5.148:38198, 56e639b0-539e-46f2-afe9-98e7bb950b90:192.168.5.148:41145], old=null
2019-09-24 19:06:57,455 [pool-448-thread-1] INFO  util.JmxRegister (JmxRegister.java:tryRegister(44)) - Successfully registered JMX Bean with object name Ratis:service=RaftServer,group=group-E65683355006,id=56e639b0-539e-46f2-afe9-98e7bb950b90
2019-09-24 19:06:57,455 [pool-478-thread-1] INFO  impl.RaftServerImpl (RaftServerImpl.java:setRole(174)) - a1cd4983-4499-4ca1-85e6-001c65d6bf4f@group-E65683355006: changes role from      null to FOLLOWER at term 0 for startAsFollower
2019-09-24 19:06:57,455 [pool-478-thread-1] INFO  impl.RoleInfo (RoleInfo.java:updateAndGet(143)) - a1cd4983-4499-4ca1-85e6-001c65d6bf4f: start FollowerState
2019-09-24 19:06:57,456 [pool-478-thread-1] INFO  util.JmxRegister (JmxRegister.java:tryRegister(44)) - Successfully registered JMX Bean with object name Ratis:service=RaftServer,group=group-E65683355006,id=a1cd4983-4499-4ca1-85e6-001c65d6bf4f
2019-09-24 19:06:57,457 [pool-448-thread-1] INFO  impl.RaftServerImpl (RaftServerImpl.java:<init>(95)) - 56e639b0-539e-46f2-afe9-98e7bb950b90: new RaftServerImpl for group-638C6BD0F890:[a1cd4983-4499-4ca1-85e6-001c65d6bf4f:192.168.5.148:43964, bef30485-dff6-47d2-88a8-2d6b76a883db:192.168.5.148:38198, 56e639b0-539e-46f2-afe9-98e7bb950b90:192.168.5.148:41145] with ContainerStateMachine:uninitialized
2019-09-24 19:06:57,457 [pool-448-thread-1] INFO  server.RaftServerConfigKeys (ConfUtils.java:logGet(43)) - raft.server.rpc.timeout.min = 1s (custom)
2019-09-24 19:06:57,457 [pool-448-thread-1] INFO  server.RaftServerConfigKeys (ConfUtils.java:logGet(43)) - raft.server.rpc.timeout.max = 1200ms (custom)
2019-09-24 19:06:57,457 [pool-448-thread-1] INFO  server.RaftServerConfigKeys (ConfUtils.java:logGet(43)) - raft.server.rpcslowness.timeout = 120s (custom)
2019-09-24 19:06:57,457 [pool-448-thread-1] INFO  server.RaftServerConfigKeys (ConfUtils.java:logGet(43)) - raft.server.sleep.deviation.threshold = 300 (default)
2019-09-24 19:06:57,457 [pool-448-thread-1] INFO  server.RaftServerConfigKeys (ConfUtils.java:logGet(43)) - raft.server.log.appender.install.snapshot.enabled = false (custom)
2019-09-24 19:06:57,458 [pool-478-thread-1] INFO  impl.RaftServerImpl (RaftServerImpl.java:<init>(95)) - a1cd4983-4499-4ca1-85e6-001c65d6bf4f: new RaftServerImpl for group-638C6BD0F890:[a1cd4983-4499-4ca1-85e6-001c65d6bf4f:192.168.5.148:43964, bef30485-dff6-47d2-88a8-2d6b76a883db:192.168.5.148:38198, 56e639b0-539e-46f2-afe9-98e7bb950b90:192.168.5.148:41145] with ContainerStateMachine:uninitialized
2019-09-24 19:06:57,458 [pool-448-thread-1] INFO  impl.RaftServerImpl (ServerState.java:<init>(103)) - 56e639b0-539e-46f2-afe9-98e7bb950b90@group-638C6BD0F890: ConfigurationManager, init=-1: [a1cd4983-4499-4ca1-85e6-001c65d6bf4f:192.168.5.148:43964, bef30485-dff6-47d2-88a8-2d6b76a883db:192.168.5.148:38198, 56e639b0-539e-46f2-afe9-98e7bb950b90:192.168.5.148:41145], old=null, confs=<EMPTY_MAP>
2019-09-24 19:06:57,458 [pool-478-thread-1] INFO  server.RaftServerConfigKeys (ConfUtils.java:logGet(43)) - raft.server.rpc.timeout.min = 1s (custom)
2019-09-24 19:06:57,458 [pool-448-thread-1] INFO  server.RaftServerConfigKeys (ConfUtils.java:logGet(43)) - raft.server.storage.dir = [/workdir/hadoop-ozone/integration-test/target/test-dir/MiniOzoneClusterImpl-fd896651-19f7-4594-a8cd-2c001f85b2cc/datanode-6/data/ratis] (custom)
2019-09-24 19:06:57,458 [pool-478-thread-1] INFO  server.RaftServerConfigKeys (ConfUtils.java:logGet(43)) - raft.server.rpc.timeout.max = 1200ms (custom)
2019-09-24 19:06:57,458 [pool-478-thread-1] INFO  server.RaftServerConfigKeys (ConfUtils.java:logGet(43)) - raft.server.rpcslowness.timeout = 120s (custom)
2019-09-24 19:06:57,458 [pool-448-thread-1] INFO  storage.RaftStorageDirectory (RaftStorageDirectory.java:analyzeStorage(246)) - The storage directory /workdir/hadoop-ozone/integration-test/target/test-dir/MiniOzoneClusterImpl-fd896651-19f7-4594-a8cd-2c001f85b2cc/datanode-6/data/ratis/77411091-a1c9-4766-9e8c-638c6bd0f890 does not exist. Creating ...
2019-09-24 19:06:57,458 [pool-478-thread-1] INFO  server.RaftServerConfigKeys (ConfUtils.java:logGet(43)) - raft.server.sleep.deviation.threshold = 300 (default)
2019-09-24 19:06:57,459 [pool-478-thread-1] INFO  server.RaftServerConfigKeys (ConfUtils.java:logGet(43)) - raft.server.log.appender.install.snapshot.enabled = false (custom)
2019-09-24 19:06:57,459 [pool-478-thread-1] INFO  impl.RaftServerImpl (ServerState.java:<init>(103)) - a1cd4983-4499-4ca1-85e6-001c65d6bf4f@group-638C6BD0F890: ConfigurationManager, init=-1: [a1cd4983-4499-4ca1-85e6-001c65d6bf4f:192.168.5.148:43964, bef30485-dff6-47d2-88a8-2d6b76a883db:192.168.5.148:38198, 56e639b0-539e-46f2-afe9-98e7bb950b90:192.168.5.148:41145], old=null, confs=<EMPTY_MAP>
2019-09-24 19:06:57,459 [pool-478-thread-1] INFO  server.RaftServerConfigKeys (ConfUtils.java:logGet(43)) - raft.server.storage.dir = [/workdir/hadoop-ozone/integration-test/target/test-dir/MiniOzoneClusterImpl-fd896651-19f7-4594-a8cd-2c001f85b2cc/datanode-9/data/ratis] (custom)
2019-09-24 19:06:57,460 [pool-478-thread-1] INFO  storage.RaftStorageDirectory (RaftStorageDirectory.java:analyzeStorage(246)) - The storage directory /workdir/hadoop-ozone/integration-test/target/test-dir/MiniOzoneClusterImpl-fd896651-19f7-4594-a8cd-2c001f85b2cc/datanode-9/data/ratis/77411091-a1c9-4766-9e8c-638c6bd0f890 does not exist. Creating ...
2019-09-24 19:06:57,478 [pool-448-thread-1] INFO  storage.RaftStorageDirectory (RaftStorageDirectory.java:tryLock(328)) - Lock on /workdir/hadoop-ozone/integration-test/target/test-dir/MiniOzoneClusterImpl-fd896651-19f7-4594-a8cd-2c001f85b2cc/datanode-6/data/ratis/77411091-a1c9-4766-9e8c-638c6bd0f890/in_use.lock acquired by nodename 10455@pr-hdds-2149-fgl4f-1742389470
2019-09-24 19:06:57,478 [pool-438-thread-1] INFO  storage.RaftStorageDirectory (RaftStorageDirectory.java:tryLock(328)) - Lock on /workdir/hadoop-ozone/integration-test/target/test-dir/MiniOzoneClusterImpl-fd896651-19f7-4594-a8cd-2c001f85b2cc/datanode-5/data/ratis/77411091-a1c9-4766-9e8c-638c6bd0f890/in_use.lock acquired by nodename 10455@pr-hdds-2149-fgl4f-1742389470
2019-09-24 19:06:57,478 [pool-478-thread-1] INFO  storage.RaftStorageDirectory (RaftStorageDirectory.java:tryLock(328)) - Lock on /workdir/hadoop-ozone/integration-test/target/test-dir/MiniOzoneClusterImpl-fd896651-19f7-4594-a8cd-2c001f85b2cc/datanode-9/data/ratis/77411091-a1c9-4766-9e8c-638c6bd0f890/in_use.lock acquired by nodename 10455@pr-hdds-2149-fgl4f-1742389470
2019-09-24 19:06:57,503 [pool-478-thread-1] INFO  storage.RaftStorage (RaftStorage.java:format(72)) - Storage directory /workdir/hadoop-ozone/integration-test/target/test-dir/MiniOzoneClusterImpl-fd896651-19f7-4594-a8cd-2c001f85b2cc/datanode-9/data/ratis/77411091-a1c9-4766-9e8c-638c6bd0f890 has been successfully formatted.
2019-09-24 19:06:57,503 [pool-438-thread-1] INFO  storage.RaftStorage (RaftStorage.java:format(72)) - Storage directory /workdir/hadoop-ozone/integration-test/target/test-dir/MiniOzoneClusterImpl-fd896651-19f7-4594-a8cd-2c001f85b2cc/datanode-5/data/ratis/77411091-a1c9-4766-9e8c-638c6bd0f890 has been successfully formatted.
2019-09-24 19:06:57,503 [pool-448-thread-1] INFO  storage.RaftStorage (RaftStorage.java:format(72)) - Storage directory /workdir/hadoop-ozone/integration-test/target/test-dir/MiniOzoneClusterImpl-fd896651-19f7-4594-a8cd-2c001f85b2cc/datanode-6/data/ratis/77411091-a1c9-4766-9e8c-638c6bd0f890 has been successfully formatted.
2019-09-24 19:06:57,504 [pool-438-thread-1] INFO  ratis.ContainerStateMachine (ContainerStateMachine.java:loadSnapshot(230)) - group-638C6BD0F890: The snapshot info is null. Setting the last applied indexto:(t:0, i:~)
2019-09-24 19:06:57,504 [pool-448-thread-1] INFO  ratis.ContainerStateMachine (ContainerStateMachine.java:loadSnapshot(230)) - group-638C6BD0F890: The snapshot info is null. Setting the last applied indexto:(t:0, i:~)
2019-09-24 19:06:57,504 [pool-478-thread-1] INFO  ratis.ContainerStateMachine (ContainerStateMachine.java:loadSnapshot(230)) - group-638C6BD0F890: The snapshot info is null. Setting the last applied indexto:(t:0, i:~)
2019-09-24 19:06:57,504 [pool-448-thread-1] INFO  server.RaftServerConfigKeys (ConfUtils.java:logGet(43)) - raft.server.notification.no-leader.timeout = 120s (custom)
2019-09-24 19:06:57,504 [pool-438-thread-1] INFO  server.RaftServerConfigKeys (ConfUtils.java:logGet(43)) - raft.server.notification.no-leader.timeout = 120s (custom)
2019-09-24 19:06:57,504 [pool-448-thread-1] INFO  server.RaftServerConfigKeys (ConfUtils.java:logGet(43)) - raft.server.log.use.memory = false (default)
2019-09-24 19:06:57,504 [pool-478-thread-1] INFO  server.RaftServerConfigKeys (ConfUtils.java:logGet(43)) - raft.server.notification.no-leader.timeout = 120s (custom)
2019-09-24 19:06:57,505 [pool-448-thread-1] INFO  server.RaftServerConfigKeys (ConfUtils.java:logGet(43)) - raft.server.log.purge.gap = 1000000 (custom)
2019-09-24 19:06:57,505 [pool-448-thread-1] INFO  server.RaftServerConfigKeys (ConfUtils.java:logGet(43)) - raft.server.log.appender.buffer.byte-limit = 33554432 (custom)
2019-09-24 19:06:57,505 [pool-438-thread-1] INFO  server.RaftServerConfigKeys (ConfUtils.java:logGet(43)) - raft.server.log.use.memory = false (default)
2019-09-24 19:06:57,505 [pool-448-thread-1] INFO  server.RaftServerConfigKeys (ConfUtils.java:logGet(43)) - raft.server.log.segment.size.max = 1048576 (custom)
2019-09-24 19:06:57,505 [pool-478-thread-1] INFO  server.RaftServerConfigKeys (ConfUtils.java:logGet(43)) - raft.server.log.use.memory = false (default)
2019-09-24 19:06:57,505 [pool-448-thread-1] INFO  server.RaftServerConfigKeys (ConfUtils.java:logGet(43)) - raft.server.log.segment.cache.num.max = 2 (custom)
2019-09-24 19:06:57,505 [pool-438-thread-1] INFO  server.RaftServerConfigKeys (ConfUtils.java:logGet(43)) - raft.server.log.purge.gap = 1000000 (custom)
2019-09-24 19:06:57,506 [pool-448-thread-1] INFO  segmented.SegmentedRaftLogWorker (SegmentedRaftLogWorker.java:<init>(172)) - new 56e639b0-539e-46f2-afe9-98e7bb950b90@group-638C6BD0F890-SegmentedRaftLogWorker for RaftStorage:Storage Directory /workdir/hadoop-ozone/integration-test/target/test-dir/MiniOzoneClusterImpl-fd896651-19f7-4594-a8cd-2c001f85b2cc/datanode-6/data/ratis/77411091-a1c9-4766-9e8c-638c6bd0f890
2019-09-24 19:06:57,506 [pool-478-thread-1] INFO  server.RaftServerConfigKeys (ConfUtils.java:logGet(43)) - raft.server.log.purge.gap = 1000000 (custom)
2019-09-24 19:06:57,506 [pool-448-thread-1] INFO  server.RaftServerConfigKeys (ConfUtils.java:logGet(43)) - raft.server.log.queue.byte-limit = 2147483647 (custom)
2019-09-24 19:06:57,506 [pool-448-thread-1] INFO  server.RaftServerConfigKeys (ConfUtils.java:logGet(43)) - raft.server.log.queue.element-limit = 1024 (custom)
2019-09-24 19:06:57,506 [pool-438-thread-1] INFO  server.RaftServerConfigKeys (ConfUtils.java:logGet(43)) - raft.server.log.appender.buffer.byte-limit = 33554432 (custom)
2019-09-24 19:06:57,507 [pool-448-thread-1] INFO  server.RaftServerConfigKeys (ConfUtils.java:logGet(43)) - raft.server.log.segment.size.max = 1048576 (custom)
2019-09-24 19:06:57,506 [pool-478-thread-1] INFO  server.RaftServerConfigKeys (ConfUtils.java:logGet(43)) - raft.server.log.appender.buffer.byte-limit = 33554432 (custom)
2019-09-24 19:06:57,507 [pool-448-thread-1] INFO  server.RaftServerConfigKeys (ConfUtils.java:logGet(43)) - raft.server.log.preallocated.size = 16384 (custom)
2019-09-24 19:06:57,507 [pool-438-thread-1] INFO  server.RaftServerConfigKeys (ConfUtils.java:logGet(43)) - raft.server.log.segment.size.max = 1048576 (custom)
2019-09-24 19:06:57,507 [pool-448-thread-1] INFO  server.RaftServerConfigKeys (ConfUtils.java:logGet(43)) - raft.server.log.write.buffer.size = 33554432 (custom)
2019-09-24 19:06:57,507 [pool-448-thread-1] INFO  server.RaftServerConfigKeys (ConfUtils.java:logGet(43)) - raft.server.log.force.sync.num = 128 (default)
2019-09-24 19:06:57,507 [pool-478-thread-1] INFO  server.RaftServerConfigKeys (ConfUtils.java:logGet(43)) - raft.server.log.segment.size.max = 1048576 (custom)
2019-09-24 19:06:57,508 [pool-448-thread-1] INFO  server.RaftServerConfigKeys (ConfUtils.java:logGet(43)) - raft.server.log.statemachine.data.sync = true (default)
2019-09-24 19:06:57,507 [pool-438-thread-1] INFO  server.RaftServerConfigKeys (ConfUtils.java:logGet(43)) - raft.server.log.segment.cache.num.max = 2 (custom)
2019-09-24 19:06:57,508 [pool-448-thread-1] INFO  server.RaftServerConfigKeys (ConfUtils.java:logGet(43)) - raft.server.log.statemachine.data.sync.timeout = 10s (default)
2019-09-24 19:06:57,508 [pool-478-thread-1] INFO  server.RaftServerConfigKeys (ConfUtils.java:logGet(43)) - raft.server.log.segment.cache.num.max = 2 (custom)
2019-09-24 19:06:57,508 [pool-448-thread-1] INFO  server.RaftServerConfigKeys (ConfUtils.java:logGet(43)) - raft.server.log.statemachine.data.sync.timeout.retry = -1 (default)
2019-09-24 19:06:57,508 [pool-438-thread-1] INFO  segmented.SegmentedRaftLogWorker (SegmentedRaftLogWorker.java:<init>(172)) - new bef30485-dff6-47d2-88a8-2d6b76a883db@group-638C6BD0F890-SegmentedRaftLogWorker for RaftStorage:Storage Directory /workdir/hadoop-ozone/integration-test/target/test-dir/MiniOzoneClusterImpl-fd896651-19f7-4594-a8cd-2c001f85b2cc/datanode-5/data/ratis/77411091-a1c9-4766-9e8c-638c6bd0f890
2019-09-24 19:06:57,508 [pool-448-thread-1] INFO  server.RaftServerConfigKeys (ConfUtils.java:logGet(43)) - raft.server.log.statemachine.data.caching.enabled = true (custom)
2019-09-24 19:06:57,508 [pool-478-thread-1] INFO  segmented.SegmentedRaftLogWorker (SegmentedRaftLogWorker.java:<init>(172)) - new a1cd4983-4499-4ca1-85e6-001c65d6bf4f@group-638C6BD0F890-SegmentedRaftLogWorker for RaftStorage:Storage Directory /workdir/hadoop-ozone/integration-test/target/test-dir/MiniOzoneClusterImpl-fd896651-19f7-4594-a8cd-2c001f85b2cc/datanode-9/data/ratis/77411091-a1c9-4766-9e8c-638c6bd0f890
2019-09-24 19:06:57,509 [pool-438-thread-1] INFO  server.RaftServerConfigKeys (ConfUtils.java:logGet(43)) - raft.server.log.queue.byte-limit = 2147483647 (custom)
2019-09-24 19:06:57,509 [pool-438-thread-1] INFO  server.RaftServerConfigKeys (ConfUtils.java:logGet(43)) - raft.server.log.queue.element-limit = 1024 (custom)
2019-09-24 19:06:57,509 [pool-478-thread-1] INFO  server.RaftServerConfigKeys (ConfUtils.java:logGet(43)) - raft.server.log.queue.byte-limit = 2147483647 (custom)
2019-09-24 19:06:57,509 [pool-448-thread-1] INFO  segmented.SegmentedRaftLogWorker (SegmentedRaftLogWorker.java:lambda$new$0(132)) - 56e639b0-539e-46f2-afe9-98e7bb950b90@group-638C6BD0F890-SegmentedRaftLogWorker: flushIndex: setUnconditionally 0 -> -1
2019-09-24 19:06:57,509 [pool-478-thread-1] INFO  server.RaftServerConfigKeys (ConfUtils.java:logGet(43)) - raft.server.log.queue.element-limit = 1024 (custom)
2019-09-24 19:06:57,509 [pool-438-thread-1] INFO  server.RaftServerConfigKeys (ConfUtils.java:logGet(43)) - raft.server.log.segment.size.max = 1048576 (custom)
2019-09-24 19:06:57,510 [pool-448-thread-1] INFO  server.RaftServerConfigKeys (ConfUtils.java:logGet(43)) - raft.server.snapshot.auto.trigger.enabled = true (custom)
2019-09-24 19:06:57,510 [pool-478-thread-1] INFO  server.RaftServerConfigKeys (ConfUtils.java:logGet(43)) - raft.server.log.segment.size.max = 1048576 (custom)
2019-09-24 19:06:57,510 [pool-448-thread-1] INFO  server.RaftServerConfigKeys (ConfUtils.java:logGet(43)) - raft.server.snapshot.auto.trigger.threshold = 10000 (custom)
2019-09-24 19:06:57,510 [pool-438-thread-1] INFO  server.RaftServerConfigKeys (ConfUtils.java:logGet(43)) - raft.server.log.preallocated.size = 16384 (custom)
2019-09-24 19:06:57,510 [pool-448-thread-1] INFO  server.RaftServerConfigKeys (ConfUtils.java:logGet(43)) - raft.server.snapshot.retention.num.files = 5 (custom)
2019-09-24 19:06:57,510 [pool-478-thread-1] INFO  server.RaftServerConfigKeys (ConfUtils.java:logGet(43)) - raft.server.log.preallocated.size = 16384 (custom)
2019-09-24 19:06:57,511 [pool-448-thread-1] INFO  server.RaftServerConfigKeys (ConfUtils.java:logGet(43)) - raft.server.retrycache.expirytime = 600000ms (custom)
2019-09-24 19:06:57,511 [pool-438-thread-1] INFO  server.RaftServerConfigKeys (ConfUtils.java:logGet(43)) - raft.server.log.write.buffer.size = 33554432 (custom)
2019-09-24 19:06:57,511 [pool-478-thread-1] INFO  server.RaftServerConfigKeys (ConfUtils.java:logGet(43)) - raft.server.log.write.buffer.size = 33554432 (custom)
2019-09-24 19:06:57,511 [pool-438-thread-1] INFO  server.RaftServerConfigKeys (ConfUtils.java:logGet(43)) - raft.server.log.force.sync.num = 128 (default)
2019-09-24 19:06:57,511 [pool-478-thread-1] INFO  server.RaftServerConfigKeys (ConfUtils.java:logGet(43)) - raft.server.log.force.sync.num = 128 (default)
2019-09-24 19:06:57,512 [pool-438-thread-1] INFO  server.RaftServerConfigKeys (ConfUtils.java:logGet(43)) - raft.server.log.statemachine.data.sync = true (default)
2019-09-24 19:06:57,512 [pool-478-thread-1] INFO  server.RaftServerConfigKeys (ConfUtils.java:logGet(43)) - raft.server.log.statemachine.data.sync = true (default)
2019-09-24 19:06:57,512 [pool-438-thread-1] INFO  server.RaftServerConfigKeys (ConfUtils.java:logGet(43)) - raft.server.log.statemachine.data.sync.timeout = 10s (default)
2019-09-24 19:06:57,512 [pool-478-thread-1] INFO  server.RaftServerConfigKeys (ConfUtils.java:logGet(43)) - raft.server.log.statemachine.data.sync.timeout = 10s (default)
2019-09-24 19:06:57,512 [pool-438-thread-1] INFO  server.RaftServerConfigKeys (ConfUtils.java:logGet(43)) - raft.server.log.statemachine.data.sync.timeout.retry = -1 (default)
2019-09-24 19:06:57,512 [pool-478-thread-1] INFO  server.RaftServerConfigKeys (ConfUtils.java:logGet(43)) - raft.server.log.statemachine.data.sync.timeout.retry = -1 (default)
2019-09-24 19:06:57,512 [pool-438-thread-1] INFO  server.RaftServerConfigKeys (ConfUtils.java:logGet(43)) - raft.server.log.statemachine.data.caching.enabled = true (custom)
2019-09-24 19:06:57,513 [pool-448-thread-1] INFO  impl.RaftServerImpl (RaftServerImpl.java:start(185)) - 56e639b0-539e-46f2-afe9-98e7bb950b90@group-DBEEB9FA338F: start as a follower, conf=-1: [a1cd4983-4499-4ca1-85e6-001c65d6bf4f:192.168.5.148:43964, bef30485-dff6-47d2-88a8-2d6b76a883db:192.168.5.148:38198, 56e639b0-539e-46f2-afe9-98e7bb950b90:192.168.5.148:41145], old=null
2019-09-24 19:06:57,513 [pool-478-thread-1] INFO  server.RaftServerConfigKeys (ConfUtils.java:logGet(43)) - raft.server.log.statemachine.data.caching.enabled = true (custom)
2019-09-24 19:06:57,513 [pool-438-thread-1] INFO  segmented.SegmentedRaftLogWorker (SegmentedRaftLogWorker.java:lambda$new$0(132)) - bef30485-dff6-47d2-88a8-2d6b76a883db@group-638C6BD0F890-SegmentedRaftLogWorker: flushIndex: setUnconditionally 0 -> -1
2019-09-24 19:06:57,513 [pool-448-thread-1] INFO  impl.RaftServerImpl (RaftServerImpl.java:setRole(174)) - 56e639b0-539e-46f2-afe9-98e7bb950b90@group-DBEEB9FA338F: changes role from      null to FOLLOWER at term 0 for startAsFollower
2019-09-24 19:06:57,513 [pool-478-thread-1] INFO  segmented.SegmentedRaftLogWorker (SegmentedRaftLogWorker.java:lambda$new$0(132)) - a1cd4983-4499-4ca1-85e6-001c65d6bf4f@group-638C6BD0F890-SegmentedRaftLogWorker: flushIndex: setUnconditionally 0 -> -1
2019-09-24 19:06:57,513 [pool-438-thread-1] INFO  server.RaftServerConfigKeys (ConfUtils.java:logGet(43)) - raft.server.snapshot.auto.trigger.enabled = true (custom)
2019-09-24 19:06:57,513 [pool-448-thread-1] INFO  impl.RoleInfo (RoleInfo.java:updateAndGet(143)) - 56e639b0-539e-46f2-afe9-98e7bb950b90: start FollowerState
2019-09-24 19:06:57,514 [pool-478-thread-1] INFO  server.RaftServerConfigKeys (ConfUtils.java:logGet(43)) - raft.server.snapshot.auto.trigger.enabled = true (custom)
2019-09-24 19:06:57,514 [pool-438-thread-1] INFO  server.RaftServerConfigKeys (ConfUtils.java:logGet(43)) - raft.server.snapshot.auto.trigger.threshold = 10000 (custom)
2019-09-24 19:06:57,514 [pool-448-thread-1] INFO  util.JmxRegister (JmxRegister.java:tryRegister(44)) - Successfully registered JMX Bean with object name Ratis:service=RaftServer,group=group-DBEEB9FA338F,id=56e639b0-539e-46f2-afe9-98e7bb950b90
2019-09-24 19:06:57,514 [pool-478-thread-1] INFO  server.RaftServerConfigKeys (ConfUtils.java:logGet(43)) - raft.server.snapshot.auto.trigger.threshold = 10000 (custom)
2019-09-24 19:06:57,514 [pool-438-thread-1] INFO  server.RaftServerConfigKeys (ConfUtils.java:logGet(43)) - raft.server.snapshot.retention.num.files = 5 (custom)
2019-09-24 19:06:57,514 [pool-478-thread-1] INFO  server.RaftServerConfigKeys (ConfUtils.java:logGet(43)) - raft.server.snapshot.retention.num.files = 5 (custom)
2019-09-24 19:06:57,515 [pool-438-thread-1] INFO  server.RaftServerConfigKeys (ConfUtils.java:logGet(43)) - raft.server.retrycache.expirytime = 600000ms (custom)
2019-09-24 19:06:57,515 [pool-478-thread-1] INFO  server.RaftServerConfigKeys (ConfUtils.java:logGet(43)) - raft.server.retrycache.expirytime = 600000ms (custom)
2019-09-24 19:06:57,515 [pool-448-thread-1] INFO  impl.RaftServerImpl (RaftServerImpl.java:start(185)) - 56e639b0-539e-46f2-afe9-98e7bb950b90@group-638C6BD0F890: start as a follower, conf=-1: [a1cd4983-4499-4ca1-85e6-001c65d6bf4f:192.168.5.148:43964, bef30485-dff6-47d2-88a8-2d6b76a883db:192.168.5.148:38198, 56e639b0-539e-46f2-afe9-98e7bb950b90:192.168.5.148:41145], old=null
2019-09-24 19:06:57,515 [pool-448-thread-1] INFO  impl.RaftServerImpl (RaftServerImpl.java:setRole(174)) - 56e639b0-539e-46f2-afe9-98e7bb950b90@group-638C6BD0F890: changes role from      null to FOLLOWER at term 0 for startAsFollower
2019-09-24 19:06:57,515 [pool-448-thread-1] INFO  impl.RoleInfo (RoleInfo.java:updateAndGet(143)) - 56e639b0-539e-46f2-afe9-98e7bb950b90: start FollowerState
2019-09-24 19:06:57,516 [pool-448-thread-1] INFO  util.JmxRegister (JmxRegister.java:tryRegister(44)) - Successfully registered JMX Bean with object name Ratis:service=RaftServer,group=group-638C6BD0F890,id=56e639b0-539e-46f2-afe9-98e7bb950b90
2019-09-24 19:06:57,517 [pool-438-thread-1] INFO  impl.RaftServerImpl (RaftServerImpl.java:start(185)) - bef30485-dff6-47d2-88a8-2d6b76a883db@group-DBEEB9FA338F: start as a follower, conf=-1: [a1cd4983-4499-4ca1-85e6-001c65d6bf4f:192.168.5.148:43964, bef30485-dff6-47d2-88a8-2d6b76a883db:192.168.5.148:38198, 56e639b0-539e-46f2-afe9-98e7bb950b90:192.168.5.148:41145], old=null
2019-09-24 19:06:57,517 [pool-438-thread-1] INFO  impl.RaftServerImpl (RaftServerImpl.java:setRole(174)) - bef30485-dff6-47d2-88a8-2d6b76a883db@group-DBEEB9FA338F: changes role from      null to FOLLOWER at term 0 for startAsFollower
2019-09-24 19:06:57,517 [pool-478-thread-1] INFO  impl.RaftServerImpl (RaftServerImpl.java:start(185)) - a1cd4983-4499-4ca1-85e6-001c65d6bf4f@group-DBEEB9FA338F: start as a follower, conf=-1: [a1cd4983-4499-4ca1-85e6-001c65d6bf4f:192.168.5.148:43964, bef30485-dff6-47d2-88a8-2d6b76a883db:192.168.5.148:38198, 56e639b0-539e-46f2-afe9-98e7bb950b90:192.168.5.148:41145], old=null
2019-09-24 19:06:57,518 [pool-438-thread-1] INFO  impl.RoleInfo (RoleInfo.java:updateAndGet(143)) - bef30485-dff6-47d2-88a8-2d6b76a883db: start FollowerState
2019-09-24 19:06:57,518 [pool-478-thread-1] INFO  impl.RaftServerImpl (RaftServerImpl.java:setRole(174)) - a1cd4983-4499-4ca1-85e6-001c65d6bf4f@group-DBEEB9FA338F: changes role from      null to FOLLOWER at term 0 for startAsFollower
2019-09-24 19:06:57,518 [pool-478-thread-1] INFO  impl.RoleInfo (RoleInfo.java:updateAndGet(143)) - a1cd4983-4499-4ca1-85e6-001c65d6bf4f: start FollowerState
2019-09-24 19:06:57,518 [pool-438-thread-1] INFO  util.JmxRegister (JmxRegister.java:tryRegister(44)) - Successfully registered JMX Bean with object name Ratis:service=RaftServer,group=group-DBEEB9FA338F,id=bef30485-dff6-47d2-88a8-2d6b76a883db
2019-09-24 19:06:57,518 [pool-478-thread-1] INFO  util.JmxRegister (JmxRegister.java:tryRegister(44)) - Successfully registered JMX Bean with object name Ratis:service=RaftServer,group=group-DBEEB9FA338F,id=a1cd4983-4499-4ca1-85e6-001c65d6bf4f
2019-09-24 19:06:57,519 [pool-438-thread-1] INFO  impl.RaftServerImpl (RaftServerImpl.java:start(185)) - bef30485-dff6-47d2-88a8-2d6b76a883db@group-638C6BD0F890: start as a follower, conf=-1: [a1cd4983-4499-4ca1-85e6-001c65d6bf4f:192.168.5.148:43964, bef30485-dff6-47d2-88a8-2d6b76a883db:192.168.5.148:38198, 56e639b0-539e-46f2-afe9-98e7bb950b90:192.168.5.148:41145], old=null
2019-09-24 19:06:57,519 [pool-438-thread-1] INFO  impl.RaftServerImpl (RaftServerImpl.java:setRole(174)) - bef30485-dff6-47d2-88a8-2d6b76a883db@group-638C6BD0F890: changes role from      null to FOLLOWER at term 0 for startAsFollower
2019-09-24 19:06:57,519 [pool-438-thread-1] INFO  impl.RoleInfo (RoleInfo.java:updateAndGet(143)) - bef30485-dff6-47d2-88a8-2d6b76a883db: start FollowerState
2019-09-24 19:06:57,519 [pool-478-thread-1] INFO  impl.RaftServerImpl (RaftServerImpl.java:start(185)) - a1cd4983-4499-4ca1-85e6-001c65d6bf4f@group-638C6BD0F890: start as a follower, conf=-1: [a1cd4983-4499-4ca1-85e6-001c65d6bf4f:192.168.5.148:43964, bef30485-dff6-47d2-88a8-2d6b76a883db:192.168.5.148:38198, 56e639b0-539e-46f2-afe9-98e7bb950b90:192.168.5.148:41145], old=null
2019-09-24 19:06:57,519 [pool-478-thread-1] INFO  impl.RaftServerImpl (RaftServerImpl.java:setRole(174)) - a1cd4983-4499-4ca1-85e6-001c65d6bf4f@group-638C6BD0F890: changes role from      null to FOLLOWER at term 0 for startAsFollower
2019-09-24 19:06:57,519 [pool-438-thread-1] INFO  util.JmxRegister (JmxRegister.java:tryRegister(44)) - Successfully registered JMX Bean with object name Ratis:service=RaftServer,group=group-638C6BD0F890,id=bef30485-dff6-47d2-88a8-2d6b76a883db
2019-09-24 19:06:57,519 [pool-478-thread-1] INFO  impl.RoleInfo (RoleInfo.java:updateAndGet(143)) - a1cd4983-4499-4ca1-85e6-001c65d6bf4f: start FollowerState
2019-09-24 19:06:57,520 [pool-478-thread-1] INFO  util.JmxRegister (JmxRegister.java:tryRegister(44)) - Successfully registered JMX Bean with object name Ratis:service=RaftServer,group=group-638C6BD0F890,id=a1cd4983-4499-4ca1-85e6-001c65d6bf4f
2019-09-24 19:06:57,920 [Datanode State Machine Thread - 0] INFO  statemachine.DatanodeStateMachine (DatanodeStateMachine.java:lambda$startDaemon$0(350)) - Ozone container server started.
2019-09-24 19:06:57,988 [Thread-3206] INFO  impl.FollowerState (FollowerState.java:run(106)) - b0305751-6675-4e58-b5a6-74f1444b0eaa:group-8A9B5CA83F1F changes to CANDIDATE, lastRpcTime:1183, electionTimeout:1183ms
2019-09-24 19:06:57,988 [Thread-3206] INFO  impl.RoleInfo (RoleInfo.java:shutdownFollowerState(121)) - b0305751-6675-4e58-b5a6-74f1444b0eaa: shutdown FollowerState
2019-09-24 19:06:57,988 [Thread-3206] INFO  impl.RaftServerImpl (RaftServerImpl.java:setRole(174)) - b0305751-6675-4e58-b5a6-74f1444b0eaa@group-8A9B5CA83F1F: changes role from  FOLLOWER to CANDIDATE at term 0 for changeToCandidate
2019-09-24 19:06:57,988 [Thread-3206] INFO  impl.RoleInfo (RoleInfo.java:updateAndGet(143)) - b0305751-6675-4e58-b5a6-74f1444b0eaa: start LeaderElection
2019-09-24 19:06:58,112 [Datanode State Machine Thread - 0] INFO  statemachine.DatanodeStateMachine (DatanodeStateMachine.java:lambda$startDaemon$0(350)) - Ozone container server started.
2019-09-24 19:06:58,178 [b0305751-6675-4e58-b5a6-74f1444b0eaa@group-8A9B5CA83F1F:LeaderElection207] INFO  impl.LeaderElection (LeaderElection.java:askForVotes(182)) - b0305751-6675-4e58-b5a6-74f1444b0eaa@group-8A9B5CA83F1F:LeaderElection207: begin an election at term 1 for -1: [b0305751-6675-4e58-b5a6-74f1444b0eaa:192.168.5.148:40938], old=null
2019-09-24 19:06:58,178 [b0305751-6675-4e58-b5a6-74f1444b0eaa@group-8A9B5CA83F1F:LeaderElection207] INFO  impl.RoleInfo (RoleInfo.java:shutdownLeaderElection(134)) - b0305751-6675-4e58-b5a6-74f1444b0eaa: shutdown LeaderElection
2019-09-24 19:06:58,179 [b0305751-6675-4e58-b5a6-74f1444b0eaa@group-8A9B5CA83F1F:LeaderElection207] INFO  impl.RaftServerImpl (RaftServerImpl.java:setRole(174)) - b0305751-6675-4e58-b5a6-74f1444b0eaa@group-8A9B5CA83F1F: changes role from CANDIDATE to LEADER at term 1 for changeToLeader
2019-09-24 19:06:58,179 [b0305751-6675-4e58-b5a6-74f1444b0eaa@group-8A9B5CA83F1F:LeaderElection207] INFO  impl.RaftServerImpl (ServerState.java:setLeader(253)) - b0305751-6675-4e58-b5a6-74f1444b0eaa@group-8A9B5CA83F1F: change Leader from null to b0305751-6675-4e58-b5a6-74f1444b0eaa at term 1 for becomeLeader, leader elected after 1381ms
2019-09-24 19:06:58,179 [b0305751-6675-4e58-b5a6-74f1444b0eaa@group-8A9B5CA83F1F:LeaderElection207] INFO  server.RaftServerConfigKeys (ConfUtils.java:logGet(43)) - raft.server.staging.catchup.gap = 1000 (default)
2019-09-24 19:06:58,179 [b0305751-6675-4e58-b5a6-74f1444b0eaa@group-8A9B5CA83F1F:LeaderElection207] INFO  server.RaftServerConfigKeys (ConfUtils.java:logGet(43)) - raft.server.rpc.sleep.time = 25ms (default)
2019-09-24 19:06:58,179 [b0305751-6675-4e58-b5a6-74f1444b0eaa@group-8A9B5CA83F1F:LeaderElection207] INFO  server.RaftServerConfigKeys (ConfUtils.java:logGet(43)) - raft.server.write.element-limit = 4096 (default)
2019-09-24 19:06:58,179 [b0305751-6675-4e58-b5a6-74f1444b0eaa@group-8A9B5CA83F1F:LeaderElection207] INFO  server.RaftServerConfigKeys (ConfUtils.java:logGet(43)) - raft.server.watch.timeout = 10s (default)
2019-09-24 19:06:58,179 [b0305751-6675-4e58-b5a6-74f1444b0eaa@group-8A9B5CA83F1F:LeaderElection207] INFO  server.RaftServerConfigKeys (ConfUtils.java:logGet(43)) - raft.server.watch.timeout.denomination = 1s (default)
2019-09-24 19:06:58,179 [b0305751-6675-4e58-b5a6-74f1444b0eaa@group-8A9B5CA83F1F:LeaderElection207] INFO  server.RaftServerConfigKeys (ConfUtils.java:logGet(43)) - raft.server.watch.element-limit = 65536 (default)
2019-09-24 19:06:58,181 [b0305751-6675-4e58-b5a6-74f1444b0eaa@group-8A9B5CA83F1F:LeaderElection207] INFO  impl.RoleInfo (RoleInfo.java:updateAndGet(143)) - b0305751-6675-4e58-b5a6-74f1444b0eaa: start LeaderState
2019-09-24 19:06:58,181 [b0305751-6675-4e58-b5a6-74f1444b0eaa@group-8A9B5CA83F1F:LeaderElection207] INFO  segmented.SegmentedRaftLogWorker (SegmentedRaftLogWorker.java:startLogSegment(380)) - b0305751-6675-4e58-b5a6-74f1444b0eaa@group-8A9B5CA83F1F-SegmentedRaftLogWorker: Starting segment from index:0
2019-09-24 19:06:58,182 [b0305751-6675-4e58-b5a6-74f1444b0eaa@group-8A9B5CA83F1F:LeaderElection207] INFO  impl.RaftServerImpl (ServerState.java:setRaftConf(354)) - b0305751-6675-4e58-b5a6-74f1444b0eaa@group-8A9B5CA83F1F: set configuration 0: [b0305751-6675-4e58-b5a6-74f1444b0eaa:192.168.5.148:40938], old=null at 0
2019-09-24 19:06:58,526 [Thread-3229] INFO  impl.FollowerState (FollowerState.java:run(106)) - a1cd4983-4499-4ca1-85e6-001c65d6bf4f:group-638C6BD0F890 changes to CANDIDATE, lastRpcTime:1006, electionTimeout:1006ms
2019-09-24 19:06:58,526 [Thread-3229] INFO  impl.RoleInfo (RoleInfo.java:shutdownFollowerState(121)) - a1cd4983-4499-4ca1-85e6-001c65d6bf4f: shutdown FollowerState
2019-09-24 19:06:58,526 [Thread-3229] INFO  impl.RaftServerImpl (RaftServerImpl.java:setRole(174)) - a1cd4983-4499-4ca1-85e6-001c65d6bf4f@group-638C6BD0F890: changes role from  FOLLOWER to CANDIDATE at term 0 for changeToCandidate
2019-09-24 19:06:58,527 [Thread-3229] INFO  impl.RoleInfo (RoleInfo.java:updateAndGet(143)) - a1cd4983-4499-4ca1-85e6-001c65d6bf4f: start LeaderElection
2019-09-24 19:06:58,538 [Thread-3225] INFO  impl.FollowerState (FollowerState.java:run(106)) - a1cd4983-4499-4ca1-85e6-001c65d6bf4f:group-DBEEB9FA338F changes to CANDIDATE, lastRpcTime:1019, electionTimeout:1012ms
2019-09-24 19:06:58,538 [Thread-3225] INFO  impl.RoleInfo (RoleInfo.java:shutdownFollowerState(121)) - a1cd4983-4499-4ca1-85e6-001c65d6bf4f: shutdown FollowerState
2019-09-24 19:06:58,538 [Thread-3225] INFO  impl.RaftServerImpl (RaftServerImpl.java:setRole(174)) - a1cd4983-4499-4ca1-85e6-001c65d6bf4f@group-DBEEB9FA338F: changes role from  FOLLOWER to CANDIDATE at term 0 for changeToCandidate
2019-09-24 19:06:58,538 [Thread-3225] INFO  impl.RoleInfo (RoleInfo.java:updateAndGet(143)) - a1cd4983-4499-4ca1-85e6-001c65d6bf4f: start LeaderElection
2019-09-24 19:06:58,559 [Thread-3215] INFO  impl.FollowerState (FollowerState.java:run(106)) - a1cd4983-4499-4ca1-85e6-001c65d6bf4f:group-E65683355006 changes to CANDIDATE, lastRpcTime:1103, electionTimeout:1103ms
2019-09-24 19:06:58,559 [Thread-3215] INFO  impl.RoleInfo (RoleInfo.java:shutdownFollowerState(121)) - a1cd4983-4499-4ca1-85e6-001c65d6bf4f: shutdown FollowerState
2019-09-24 19:06:58,559 [Thread-3215] INFO  impl.RaftServerImpl (RaftServerImpl.java:setRole(174)) - a1cd4983-4499-4ca1-85e6-001c65d6bf4f@group-E65683355006: changes role from  FOLLOWER to CANDIDATE at term 0 for changeToCandidate
2019-09-24 19:06:58,560 [Thread-3215] INFO  impl.RoleInfo (RoleInfo.java:updateAndGet(143)) - a1cd4983-4499-4ca1-85e6-001c65d6bf4f: start LeaderElection
2019-09-24 19:06:58,584 [Thread-3228] INFO  impl.FollowerState (FollowerState.java:run(106)) - bef30485-dff6-47d2-88a8-2d6b76a883db:group-638C6BD0F890 changes to CANDIDATE, lastRpcTime:1064, electionTimeout:1064ms
2019-09-24 19:06:58,584 [Thread-3228] INFO  impl.RoleInfo (RoleInfo.java:shutdownFollowerState(121)) - bef30485-dff6-47d2-88a8-2d6b76a883db: shutdown FollowerState
2019-09-24 19:06:58,584 [Thread-3228] INFO  impl.RaftServerImpl (RaftServerImpl.java:setRole(174)) - bef30485-dff6-47d2-88a8-2d6b76a883db@group-638C6BD0F890: changes role from  FOLLOWER to CANDIDATE at term 0 for changeToCandidate
2019-09-24 19:06:58,584 [Thread-3228] INFO  impl.RoleInfo (RoleInfo.java:updateAndGet(143)) - bef30485-dff6-47d2-88a8-2d6b76a883db: start LeaderElection
2019-09-24 19:06:58,635 [Thread-3213] INFO  impl.FollowerState (FollowerState.java:run(106)) - 56e639b0-539e-46f2-afe9-98e7bb950b90:group-E65683355006 changes to CANDIDATE, lastRpcTime:1180, electionTimeout:1180ms
2019-09-24 19:06:58,635 [Thread-3213] INFO  impl.RoleInfo (RoleInfo.java:shutdownFollowerState(121)) - 56e639b0-539e-46f2-afe9-98e7bb950b90: shutdown FollowerState
2019-09-24 19:06:58,635 [Thread-3213] INFO  impl.RaftServerImpl (RaftServerImpl.java:setRole(174)) - 56e639b0-539e-46f2-afe9-98e7bb950b90@group-E65683355006: changes role from  FOLLOWER to CANDIDATE at term 0 for changeToCandidate
2019-09-24 19:06:58,636 [Thread-3213] INFO  impl.RoleInfo (RoleInfo.java:updateAndGet(143)) - 56e639b0-539e-46f2-afe9-98e7bb950b90: start LeaderElection
2019-09-24 19:06:58,639 [Thread-3209] INFO  impl.FollowerState (FollowerState.java:run(106)) - bef30485-dff6-47d2-88a8-2d6b76a883db:group-E65683355006 changes to CANDIDATE, lastRpcTime:1190, electionTimeout:1188ms
2019-09-24 19:06:58,643 [Thread-3209] INFO  impl.RoleInfo (RoleInfo.java:shutdownFollowerState(121)) - bef30485-dff6-47d2-88a8-2d6b76a883db: shutdown FollowerState
2019-09-24 19:06:58,643 [Thread-3209] INFO  impl.RaftServerImpl (RaftServerImpl.java:setRole(174)) - bef30485-dff6-47d2-88a8-2d6b76a883db@group-E65683355006: changes role from  FOLLOWER to CANDIDATE at term 0 for changeToCandidate
2019-09-24 19:06:58,643 [Thread-3209] INFO  impl.RoleInfo (RoleInfo.java:updateAndGet(143)) - bef30485-dff6-47d2-88a8-2d6b76a883db: start LeaderElection
2019-09-24 19:06:58,670 [Thread-3218] INFO  impl.FollowerState (FollowerState.java:run(106)) - 56e639b0-539e-46f2-afe9-98e7bb950b90:group-DBEEB9FA338F changes to CANDIDATE, lastRpcTime:1156, electionTimeout:1156ms
2019-09-24 19:06:58,670 [Thread-3218] INFO  impl.RoleInfo (RoleInfo.java:shutdownFollowerState(121)) - 56e639b0-539e-46f2-afe9-98e7bb950b90: shutdown FollowerState
2019-09-24 19:06:58,670 [Thread-3218] INFO  impl.RaftServerImpl (RaftServerImpl.java:setRole(174)) - 56e639b0-539e-46f2-afe9-98e7bb950b90@group-DBEEB9FA338F: changes role from  FOLLOWER to CANDIDATE at term 0 for changeToCandidate
2019-09-24 19:06:58,671 [Thread-3218] INFO  impl.RoleInfo (RoleInfo.java:updateAndGet(143)) - 56e639b0-539e-46f2-afe9-98e7bb950b90: start LeaderElection
2019-09-24 19:06:58,682 [Thread-3224] INFO  impl.FollowerState (FollowerState.java:run(106)) - bef30485-dff6-47d2-88a8-2d6b76a883db:group-DBEEB9FA338F changes to CANDIDATE, lastRpcTime:1164, electionTimeout:1164ms
2019-09-24 19:06:58,682 [Thread-3224] INFO  impl.RoleInfo (RoleInfo.java:shutdownFollowerState(121)) - bef30485-dff6-47d2-88a8-2d6b76a883db: shutdown FollowerState
2019-09-24 19:06:58,683 [Thread-3224] INFO  impl.RaftServerImpl (RaftServerImpl.java:setRole(174)) - bef30485-dff6-47d2-88a8-2d6b76a883db@group-DBEEB9FA338F: changes role from  FOLLOWER to CANDIDATE at term 0 for changeToCandidate
2019-09-24 19:06:58,683 [Thread-3224] INFO  impl.RoleInfo (RoleInfo.java:updateAndGet(143)) - bef30485-dff6-47d2-88a8-2d6b76a883db: start LeaderElection
2019-09-24 19:06:58,691 [Thread-3222] INFO  impl.FollowerState (FollowerState.java:run(106)) - 56e639b0-539e-46f2-afe9-98e7bb950b90:group-638C6BD0F890 changes to CANDIDATE, lastRpcTime:1175, electionTimeout:1175ms
2019-09-24 19:06:58,691 [Thread-3222] INFO  impl.RoleInfo (RoleInfo.java:shutdownFollowerState(121)) - 56e639b0-539e-46f2-afe9-98e7bb950b90: shutdown FollowerState
2019-09-24 19:06:58,691 [Thread-3222] INFO  impl.RaftServerImpl (RaftServerImpl.java:setRole(174)) - 56e639b0-539e-46f2-afe9-98e7bb950b90@group-638C6BD0F890: changes role from  FOLLOWER to CANDIDATE at term 0 for changeToCandidate
2019-09-24 19:06:58,691 [Thread-3222] INFO  impl.RoleInfo (RoleInfo.java:updateAndGet(143)) - 56e639b0-539e-46f2-afe9-98e7bb950b90: start LeaderElection
2019-09-24 19:07:02,237 [main] INFO  ozoneimpl.OzoneContainer (OzoneContainer.java:stop(231)) - Attempting to stop container services.
2019-09-24 19:07:02,238 [ForkJoinPool.commonPool-worker-1] INFO  ozoneimpl.OzoneContainer (OzoneContainer.java:stop(231)) - Attempting to stop container services.
2019-09-24 19:07:02,238 [main] INFO  impl.RaftServerProxy (RaftServerProxy.java:lambda$close$4(314)) - bef30485-dff6-47d2-88a8-2d6b76a883db: close
2019-09-24 19:07:02,239 [ForkJoinPool.commonPool-worker-1] INFO  impl.RaftServerProxy (RaftServerProxy.java:lambda$close$4(314)) - bbe02bed-b2fd-41cc-b659-07694a69eb1f: close
2019-09-24 19:07:02,239 [main] INFO  impl.RaftServerImpl (RaftServerImpl.java:lambda$shutdown$3(251)) - bef30485-dff6-47d2-88a8-2d6b76a883db@group-0D3C7E1B4A92: shutdown
2019-09-24 19:07:02,239 [ForkJoinPool.commonPool-worker-1] INFO  impl.RaftServerImpl (RaftServerImpl.java:lambda$shutdown$3(251)) - bbe02bed-b2fd-41cc-b659-07694a69eb1f@group-389367BDECB3: shutdown
2019-09-24 19:07:02,240 [main] INFO  util.JmxRegister (JmxRegister.java:unregister(73)) - Successfully un-registered JMX Bean with object name Ratis:service=RaftServer,group=group-0D3C7E1B4A92,id=bef30485-dff6-47d2-88a8-2d6b76a883db
2019-09-24 19:07:02,240 [ForkJoinPool.commonPool-worker-1] INFO  util.JmxRegister (JmxRegister.java:unregister(73)) - Successfully un-registered JMX Bean with object name Ratis:service=RaftServer,group=group-389367BDECB3,id=bbe02bed-b2fd-41cc-b659-07694a69eb1f
2019-09-24 19:07:02,241 [main] INFO  impl.RoleInfo (RoleInfo.java:shutdownLeaderState(104)) - bef30485-dff6-47d2-88a8-2d6b76a883db: shutdown LeaderState
2019-09-24 19:07:02,241 [ForkJoinPool.commonPool-worker-1] INFO  impl.RoleInfo (RoleInfo.java:shutdownLeaderState(104)) - bbe02bed-b2fd-41cc-b659-07694a69eb1f: shutdown LeaderState
2019-09-24 19:07:02,242 [main] INFO  impl.PendingRequests (PendingRequests.java:sendNotLeaderResponses(202)) - bef30485-dff6-47d2-88a8-2d6b76a883db-PendingRequests: sendNotLeaderResponses
2019-09-24 19:07:02,242 [ForkJoinPool.commonPool-worker-1] INFO  impl.PendingRequests (PendingRequests.java:sendNotLeaderResponses(202)) - bbe02bed-b2fd-41cc-b659-07694a69eb1f-PendingRequests: sendNotLeaderResponses
2019-09-24 19:07:02,243 [main] INFO  impl.StateMachineUpdater (StateMachineUpdater.java:stopAndJoin(125)) - bef30485-dff6-47d2-88a8-2d6b76a883db@group-0D3C7E1B4A92-StateMachineUpdater: set stopIndex = 0
2019-09-24 19:07:02,244 [ForkJoinPool.commonPool-worker-1] INFO  impl.StateMachineUpdater (StateMachineUpdater.java:stopAndJoin(125)) - bbe02bed-b2fd-41cc-b659-07694a69eb1f@group-389367BDECB3-StateMachineUpdater: set stopIndex = 0
2019-09-24 19:07:02,244 [main] INFO  impl.RaftServerImpl (ServerState.java:close(385)) - bef30485-dff6-47d2-88a8-2d6b76a883db@group-0D3C7E1B4A92: closes. applyIndex: 0
2019-09-24 19:07:02,244 [ForkJoinPool.commonPool-worker-1] INFO  impl.RaftServerImpl (ServerState.java:close(385)) - bbe02bed-b2fd-41cc-b659-07694a69eb1f@group-389367BDECB3: closes. applyIndex: 0
2019-09-24 19:07:02,245 [bef30485-dff6-47d2-88a8-2d6b76a883db@group-0D3C7E1B4A92-SegmentedRaftLogWorker] INFO  segmented.SegmentedRaftLogWorker (SegmentedRaftLogWorker.java:run(313)) - bef30485-dff6-47d2-88a8-2d6b76a883db@group-0D3C7E1B4A92-SegmentedRaftLogWorker was interrupted, exiting. There are 0 tasks remaining in the queue.
2019-09-24 19:07:02,246 [bbe02bed-b2fd-41cc-b659-07694a69eb1f@group-389367BDECB3-SegmentedRaftLogWorker] INFO  segmented.SegmentedRaftLogWorker (SegmentedRaftLogWorker.java:run(313)) - bbe02bed-b2fd-41cc-b659-07694a69eb1f@group-389367BDECB3-SegmentedRaftLogWorker was interrupted, exiting. There are 0 tasks remaining in the queue.
2019-09-24 19:07:02,258 [main] INFO  segmented.SegmentedRaftLogWorker (SegmentedRaftLogWorker.java:close(228)) - bef30485-dff6-47d2-88a8-2d6b76a883db@group-0D3C7E1B4A92-SegmentedRaftLogWorker close()
2019-09-24 19:07:02,258 [ForkJoinPool.commonPool-worker-1] INFO  segmented.SegmentedRaftLogWorker (SegmentedRaftLogWorker.java:close(228)) - bbe02bed-b2fd-41cc-b659-07694a69eb1f@group-389367BDECB3-SegmentedRaftLogWorker close()
2019-09-24 19:07:02,268 [main] INFO  impl.RaftServerImpl (RaftServerImpl.java:lambda$shutdown$3(251)) - bef30485-dff6-47d2-88a8-2d6b76a883db@group-DBEEB9FA338F: shutdown
2019-09-24 19:07:02,276 [ForkJoinPool.commonPool-worker-1] INFO  server.GrpcService (GrpcService.java:closeImpl(164)) - bbe02bed-b2fd-41cc-b659-07694a69eb1f: shutdown server with port 39307 now
2019-09-24 19:07:02,276 [main] INFO  util.JmxRegister (JmxRegister.java:unregister(73)) - Successfully un-registered JMX Bean with object name Ratis:service=RaftServer,group=group-DBEEB9FA338F,id=bef30485-dff6-47d2-88a8-2d6b76a883db
2019-09-24 19:07:02,280 [ForkJoinPool.commonPool-worker-1] INFO  server.GrpcService (GrpcService.java:closeImpl(172)) - bbe02bed-b2fd-41cc-b659-07694a69eb1f: shutdown server with port 39307 successfully
2019-09-24 19:07:02,280 [main] INFO  impl.RoleInfo (RoleInfo.java:shutdownLeaderElection(134)) - bef30485-dff6-47d2-88a8-2d6b76a883db: shutdown LeaderElection
2019-09-24 19:07:02,280 [main] INFO  impl.StateMachineUpdater (StateMachineUpdater.java:stopAndJoin(125)) - bef30485-dff6-47d2-88a8-2d6b76a883db@group-DBEEB9FA338F-StateMachineUpdater: set stopIndex = -1
2019-09-24 19:07:02,281 [main] INFO  impl.RaftServerImpl (ServerState.java:close(385)) - bef30485-dff6-47d2-88a8-2d6b76a883db@group-DBEEB9FA338F: closes. applyIndex: -1
2019-09-24 19:07:02,282 [bef30485-dff6-47d2-88a8-2d6b76a883db@group-DBEEB9FA338F-SegmentedRaftLogWorker] INFO  segmented.SegmentedRaftLogWorker (SegmentedRaftLogWorker.java:run(313)) - bef30485-dff6-47d2-88a8-2d6b76a883db@group-DBEEB9FA338F-SegmentedRaftLogWorker was interrupted, exiting. There are 0 tasks remaining in the queue.
2019-09-24 19:07:02,282 [main] INFO  segmented.SegmentedRaftLogWorker (SegmentedRaftLogWorker.java:close(228)) - bef30485-dff6-47d2-88a8-2d6b76a883db@group-DBEEB9FA338F-SegmentedRaftLogWorker close()
2019-09-24 19:07:02,288 [main] INFO  impl.RaftServerImpl (RaftServerImpl.java:lambda$shutdown$3(251)) - bef30485-dff6-47d2-88a8-2d6b76a883db@group-E65683355006: shutdown
2019-09-24 19:07:02,288 [main] INFO  util.JmxRegister (JmxRegister.java:unregister(73)) - Successfully un-registered JMX Bean with object name Ratis:service=RaftServer,group=group-E65683355006,id=bef30485-dff6-47d2-88a8-2d6b76a883db
2019-09-24 19:07:02,289 [main] INFO  impl.RoleInfo (RoleInfo.java:shutdownLeaderElection(134)) - bef30485-dff6-47d2-88a8-2d6b76a883db: shutdown LeaderElection
2019-09-24 19:07:02,290 [main] INFO  impl.StateMachineUpdater (StateMachineUpdater.java:stopAndJoin(125)) - bef30485-dff6-47d2-88a8-2d6b76a883db@group-E65683355006-StateMachineUpdater: set stopIndex = -1
2019-09-24 19:07:02,290 [main] INFO  impl.RaftServerImpl (ServerState.java:close(385)) - bef30485-dff6-47d2-88a8-2d6b76a883db@group-E65683355006: closes. applyIndex: -1
2019-09-24 19:07:02,291 [refreshUsed-/workdir/hadoop-ozone/integration-test/target/test-dir/MiniOzoneClusterImpl-fd896651-19f7-4594-a8cd-2c001f85b2cc/datanode-2/data/containers] WARN  fs.CachingGetSpaceUsed (CachingGetSpaceUsed.java:run(183)) - Thread Interrupted waiting to refresh disk information: sleep interrupted
2019-09-24 19:07:02,291 [bef30485-dff6-47d2-88a8-2d6b76a883db@group-E65683355006-SegmentedRaftLogWorker] INFO  segmented.SegmentedRaftLogWorker (SegmentedRaftLogWorker.java:run(313)) - bef30485-dff6-47d2-88a8-2d6b76a883db@group-E65683355006-SegmentedRaftLogWorker was interrupted, exiting. There are 0 tasks remaining in the queue.
2019-09-24 19:07:02,292 [main] INFO  segmented.SegmentedRaftLogWorker (SegmentedRaftLogWorker.java:close(228)) - bef30485-dff6-47d2-88a8-2d6b76a883db@group-E65683355006-SegmentedRaftLogWorker close()
2019-09-24 19:07:02,297 [main] INFO  impl.RaftServerImpl (RaftServerImpl.java:lambda$shutdown$3(251)) - bef30485-dff6-47d2-88a8-2d6b76a883db@group-638C6BD0F890: shutdown
2019-09-24 19:07:02,297 [main] INFO  util.JmxRegister (JmxRegister.java:unregister(73)) - Successfully un-registered JMX Bean with object name Ratis:service=RaftServer,group=group-638C6BD0F890,id=bef30485-dff6-47d2-88a8-2d6b76a883db
2019-09-24 19:07:02,298 [main] INFO  impl.RoleInfo (RoleInfo.java:shutdownLeaderElection(134)) - bef30485-dff6-47d2-88a8-2d6b76a883db: shutdown LeaderElection
2019-09-24 19:07:02,298 [main] INFO  impl.StateMachineUpdater (StateMachineUpdater.java:stopAndJoin(125)) - bef30485-dff6-47d2-88a8-2d6b76a883db@group-638C6BD0F890-StateMachineUpdater: set stopIndex = -1
2019-09-24 19:07:02,299 [main] INFO  impl.RaftServerImpl (ServerState.java:close(385)) - bef30485-dff6-47d2-88a8-2d6b76a883db@group-638C6BD0F890: closes. applyIndex: -1
2019-09-24 19:07:02,299 [bef30485-dff6-47d2-88a8-2d6b76a883db@group-638C6BD0F890-SegmentedRaftLogWorker] INFO  segmented.SegmentedRaftLogWorker (SegmentedRaftLogWorker.java:run(313)) - bef30485-dff6-47d2-88a8-2d6b76a883db@group-638C6BD0F890-SegmentedRaftLogWorker was interrupted, exiting. There are 0 tasks remaining in the queue.
2019-09-24 19:07:02,299 [main] INFO  segmented.SegmentedRaftLogWorker (SegmentedRaftLogWorker.java:close(228)) - bef30485-dff6-47d2-88a8-2d6b76a883db@group-638C6BD0F890-SegmentedRaftLogWorker close()
2019-09-24 19:07:02,304 [main] INFO  server.GrpcService (GrpcService.java:closeImpl(164)) - bef30485-dff6-47d2-88a8-2d6b76a883db: shutdown server with port 38198 now
2019-09-24 19:07:02,305 [main] INFO  server.GrpcService (GrpcService.java:closeImpl(172)) - bef30485-dff6-47d2-88a8-2d6b76a883db: shutdown server with port 38198 successfully
2019-09-24 19:07:02,307 [refreshUsed-/workdir/hadoop-ozone/integration-test/target/test-dir/MiniOzoneClusterImpl-fd896651-19f7-4594-a8cd-2c001f85b2cc/datanode-5/data/containers] WARN  fs.CachingGetSpaceUsed (CachingGetSpaceUsed.java:run(183)) - Thread Interrupted waiting to refresh disk information: sleep interrupted
2019-09-24 19:07:02,318 [ForkJoinPool.commonPool-worker-1] INFO  utils.BackgroundService (BackgroundService.java:shutdown(148)) - Shutting down service BlockDeletingService
2019-09-24 19:07:02,327 [ForkJoinPool.commonPool-worker-1] INFO  statemachine.DatanodeStateMachine (DatanodeStateMachine.java:stopDaemon(395)) - Ozone container server stopped.
2019-09-24 19:07:02,334 [ForkJoinPool.commonPool-worker-1] INFO  handler.ContextHandler (ContextHandler.java:doStop(910)) - Stopped o.e.j.w.WebAppContext@25791d40{/,null,UNAVAILABLE}{/hddsDatanode}
2019-09-24 19:07:02,335 [ForkJoinPool.commonPool-worker-1] INFO  server.AbstractConnector (AbstractConnector.java:doStop(318)) - Stopped ServerConnector@448c92fc{HTTP/1.1,[http/1.1]}{0.0.0.0:0}
2019-09-24 19:07:02,338 [ForkJoinPool.commonPool-worker-1] INFO  handler.ContextHandler (ContextHandler.java:doStop(910)) - Stopped o.e.j.s.ServletContextHandler@74ba6ff5{/static,jar:file:/home/user/.m2/repository/org/apache/hadoop/hadoop-hdds-container-service/0.5.0-SNAPSHOT/hadoop-hdds-container-service-0.5.0-SNAPSHOT.jar!/webapps/static,UNAVAILABLE}
2019-09-24 19:07:02,340 [ForkJoinPool.commonPool-worker-1] INFO  handler.ContextHandler (ContextHandler.java:doStop(910)) - Stopped o.e.j.s.ServletContextHandler@5db3d57c{/logs,file:///workdir/hadoop-ozone/integration-test/target/log,UNAVAILABLE}
2019-09-24 19:07:02,344 [main] INFO  utils.BackgroundService (BackgroundService.java:shutdown(148)) - Shutting down service BlockDeletingService
2019-09-24 19:07:02,350 [main] INFO  statemachine.DatanodeStateMachine (DatanodeStateMachine.java:stopDaemon(395)) - Ozone container server stopped.
2019-09-24 19:07:02,351 [main] INFO  handler.ContextHandler (ContextHandler.java:doStop(910)) - Stopped o.e.j.w.WebAppContext@2db86a7c{/,null,UNAVAILABLE}{/hddsDatanode}
2019-09-24 19:07:02,352 [main] INFO  server.AbstractConnector (AbstractConnector.java:doStop(318)) - Stopped ServerConnector@261f359f{HTTP/1.1,[http/1.1]}{0.0.0.0:0}
2019-09-24 19:07:02,352 [main] INFO  handler.ContextHandler (ContextHandler.java:doStop(910)) - Stopped o.e.j.s.ServletContextHandler@1e6060f1{/static,jar:file:/home/user/.m2/repository/org/apache/hadoop/hadoop-hdds-container-service/0.5.0-SNAPSHOT/hadoop-hdds-container-service-0.5.0-SNAPSHOT.jar!/webapps/static,UNAVAILABLE}
2019-09-24 19:07:02,353 [main] INFO  handler.ContextHandler (ContextHandler.java:doStop(910)) - Stopped o.e.j.s.ServletContextHandler@1b560eb0{/logs,file:///workdir/hadoop-ozone/integration-test/target/log,UNAVAILABLE}
2019-09-24 19:07:02,988 [Datanode State Machine Thread - 0] INFO  statemachine.DatanodeStateMachine (DatanodeStateMachine.java:lambda$startDaemon$0(350)) - Ozone container server started.
2019-09-24 19:07:03,173 [Datanode State Machine Thread - 0] INFO  statemachine.DatanodeStateMachine (DatanodeStateMachine.java:lambda$startDaemon$0(350)) - Ozone container server started.
2019-09-24 19:07:07,214 [b0305751-6675-4e58-b5a6-74f1444b0eaa@group-8A9B5CA83F1F-SegmentedRaftLogWorker] INFO  segmented.SegmentedRaftLogWorker (SegmentedRaftLogWorker.java:execute(569)) - b0305751-6675-4e58-b5a6-74f1444b0eaa@group-8A9B5CA83F1F-SegmentedRaftLogWorker: created new log segment /workdir/hadoop-ozone/integration-test/target/test-dir/MiniOzoneClusterImpl-fd896651-19f7-4594-a8cd-2c001f85b2cc/datanode-7/data/ratis/ee257bd5-e770-40b7-ba27-8a9b5ca83f1f/current/log_inprogress_0
2019-09-24 19:07:07,214 [a1cd4983-4499-4ca1-85e6-001c65d6bf4f@group-DBEEB9FA338F:LeaderElection209] INFO  impl.LeaderElection (LeaderElection.java:askForVotes(182)) - a1cd4983-4499-4ca1-85e6-001c65d6bf4f@group-DBEEB9FA338F:LeaderElection209: begin an election at term 1 for -1: [a1cd4983-4499-4ca1-85e6-001c65d6bf4f:192.168.5.148:43964, bef30485-dff6-47d2-88a8-2d6b76a883db:192.168.5.148:38198, 56e639b0-539e-46f2-afe9-98e7bb950b90:192.168.5.148:41145], old=null
2019-09-24 19:07:07,214 [a1cd4983-4499-4ca1-85e6-001c65d6bf4f@group-638C6BD0F890:LeaderElection208] INFO  impl.LeaderElection (LeaderElection.java:askForVotes(182)) - a1cd4983-4499-4ca1-85e6-001c65d6bf4f@group-638C6BD0F890:LeaderElection208: begin an election at term 1 for -1: [a1cd4983-4499-4ca1-85e6-001c65d6bf4f:192.168.5.148:43964, bef30485-dff6-47d2-88a8-2d6b76a883db:192.168.5.148:38198, 56e639b0-539e-46f2-afe9-98e7bb950b90:192.168.5.148:41145], old=null
2019-09-24 19:07:07,214 [56e639b0-539e-46f2-afe9-98e7bb950b90@group-E65683355006:LeaderElection212] INFO  impl.LeaderElection (LeaderElection.java:askForVotes(182)) - 56e639b0-539e-46f2-afe9-98e7bb950b90@group-E65683355006:LeaderElection212: begin an election at term 1 for -1: [a1cd4983-4499-4ca1-85e6-001c65d6bf4f:192.168.5.148:43964, bef30485-dff6-47d2-88a8-2d6b76a883db:192.168.5.148:38198, 56e639b0-539e-46f2-afe9-98e7bb950b90:192.168.5.148:41145], old=null
2019-09-24 19:07:07,214 [a1cd4983-4499-4ca1-85e6-001c65d6bf4f@group-E65683355006:LeaderElection210] INFO  impl.LeaderElection (LeaderElection.java:askForVotes(182)) - a1cd4983-4499-4ca1-85e6-001c65d6bf4f@group-E65683355006:LeaderElection210: begin an election at term 1 for -1: [a1cd4983-4499-4ca1-85e6-001c65d6bf4f:192.168.5.148:43964, bef30485-dff6-47d2-88a8-2d6b76a883db:192.168.5.148:38198, 56e639b0-539e-46f2-afe9-98e7bb950b90:192.168.5.148:41145], old=null
2019-09-24 19:07:07,214 [56e639b0-539e-46f2-afe9-98e7bb950b90@group-638C6BD0F890:LeaderElection216] INFO  impl.LeaderElection (LeaderElection.java:askForVotes(182)) - 56e639b0-539e-46f2-afe9-98e7bb950b90@group-638C6BD0F890:LeaderElection216: begin an election at term 1 for -1: [a1cd4983-4499-4ca1-85e6-001c65d6bf4f:192.168.5.148:43964, bef30485-dff6-47d2-88a8-2d6b76a883db:192.168.5.148:38198, 56e639b0-539e-46f2-afe9-98e7bb950b90:192.168.5.148:41145], old=null
2019-09-24 19:07:07,214 [bef30485-dff6-47d2-88a8-2d6b76a883db@group-638C6BD0F890:LeaderElection211] INFO  impl.LeaderElection (LeaderElection.java:askForVotes(182)) - bef30485-dff6-47d2-88a8-2d6b76a883db@group-638C6BD0F890:LeaderElection211: begin an election at term 1 for -1: [a1cd4983-4499-4ca1-85e6-001c65d6bf4f:192.168.5.148:43964, bef30485-dff6-47d2-88a8-2d6b76a883db:192.168.5.148:38198, 56e639b0-539e-46f2-afe9-98e7bb950b90:192.168.5.148:41145], old=null
2019-09-24 19:07:07,214 [bef30485-dff6-47d2-88a8-2d6b76a883db@group-DBEEB9FA338F:LeaderElection215] INFO  impl.LeaderElection (LeaderElection.java:askForVotes(182)) - bef30485-dff6-47d2-88a8-2d6b76a883db@group-DBEEB9FA338F:LeaderElection215: begin an election at term 1 for -1: [a1cd4983-4499-4ca1-85e6-001c65d6bf4f:192.168.5.148:43964, bef30485-dff6-47d2-88a8-2d6b76a883db:192.168.5.148:38198, 56e639b0-539e-46f2-afe9-98e7bb950b90:192.168.5.148:41145], old=null
2019-09-24 19:07:07,214 [bef30485-dff6-47d2-88a8-2d6b76a883db@group-E65683355006:LeaderElection213] INFO  impl.LeaderElection (LeaderElection.java:askForVotes(182)) - bef30485-dff6-47d2-88a8-2d6b76a883db@group-E65683355006:LeaderElection213: begin an election at term 1 for -1: [a1cd4983-4499-4ca1-85e6-001c65d6bf4f:192.168.5.148:43964, bef30485-dff6-47d2-88a8-2d6b76a883db:192.168.5.148:38198, 56e639b0-539e-46f2-afe9-98e7bb950b90:192.168.5.148:41145], old=null
2019-09-24 19:07:07,216 [bef30485-dff6-47d2-88a8-2d6b76a883db@group-E65683355006:LeaderElection213] INFO  impl.LeaderElection (LogUtils.java:infoOrTrace(149)) - Failed bef30485-dff6-47d2-88a8-2d6b76a883db@group-E65683355006:LeaderElection213, state=CLOSING: {}
java.lang.IllegalArgumentException: bef30485-dff6-47d2-88a8-2d6b76a883db@group-E65683355006-SegmentedRaftLog is expected to be opened but it is CLOSED
	at org.apache.ratis.util.OpenCloseState.assertOpen(OpenCloseState.java:63)
	at org.apache.ratis.server.raftlog.RaftLog.checkLogState(RaftLog.java:102)
	at org.apache.ratis.server.raftlog.segmented.SegmentedRaftLog.getLastEntryTermIndex(SegmentedRaftLog.java:324)
	at org.apache.ratis.server.impl.LeaderElection.askForVotes(LeaderElection.java:184)
	at org.apache.ratis.server.impl.LeaderElection.run(LeaderElection.java:133)
	at java.lang.Thread.run(Thread.java:748)
Caused by: org.apache.ratis.util.OpenCloseState$CloseTrace: Close bef30485-dff6-47d2-88a8-2d6b76a883db@group-E65683355006-SegmentedRaftLog
	at org.apache.ratis.util.OpenCloseState.lambda$close$1(OpenCloseState.java:109)
	at java.util.concurrent.atomic.AtomicReference.getAndUpdate(AtomicReference.java:160)
	at org.apache.ratis.util.OpenCloseState.close(OpenCloseState.java:109)
	at org.apache.ratis.server.raftlog.RaftLog.close(RaftLog.java:437)
	at org.apache.ratis.server.raftlog.segmented.SegmentedRaftLog.close(SegmentedRaftLog.java:476)
	at org.apache.ratis.server.impl.ServerState.close(ServerState.java:387)
	at org.apache.ratis.server.impl.RaftServerImpl.lambda$shutdown$3(RaftServerImpl.java:273)
	at org.apache.ratis.util.LifeCycle.lambda$checkStateAndClose$2(LifeCycle.java:231)
	at org.apache.ratis.util.LifeCycle.checkStateAndClose(LifeCycle.java:251)
	at org.apache.ratis.util.LifeCycle.checkStateAndClose(LifeCycle.java:229)
	at org.apache.ratis.server.impl.RaftServerImpl.shutdown(RaftServerImpl.java:250)
	at org.apache.ratis.server.impl.RaftServerProxy$ImplMap.lambda$close$0(RaftServerProxy.java:107)
	at java.util.stream.ForEachOps$ForEachOp$OfRef.accept(ForEachOps.java:184)
	at java.util.stream.ReferencePipeline$3$1.accept(ReferencePipeline.java:193)
	at java.util.concurrent.ConcurrentHashMap$ValueSpliterator.forEachRemaining(ConcurrentHashMap.java:3566)
	at java.util.stream.AbstractPipeline.copyInto(AbstractPipeline.java:482)
	at java.util.stream.ForEachOps$ForEachTask.compute(ForEachOps.java:291)
	at java.util.concurrent.CountedCompleter.exec(CountedCompleter.java:731)
	at java.util.concurrent.ForkJoinTask.doExec(ForkJoinTask.java:289)
	at java.util.concurrent.ForkJoinPool.helpComplete(ForkJoinPool.java:1870)
	at java.util.concurrent.ForkJoinPool.externalHelpComplete(ForkJoinPool.java:2467)
	at java.util.concurrent.ForkJoinTask.externalAwaitDone(ForkJoinTask.java:324)
	at java.util.concurrent.ForkJoinTask.doInvoke(ForkJoinTask.java:405)
	at java.util.concurrent.ForkJoinTask.invoke(ForkJoinTask.java:734)
	at java.util.stream.ForEachOps$ForEachOp.evaluateParallel(ForEachOps.java:160)
	at java.util.stream.ForEachOps$ForEachOp$OfRef.evaluateParallel(ForEachOps.java:174)
	at java.util.stream.AbstractPipeline.evaluate(AbstractPipeline.java:233)
	at java.util.stream.ReferencePipeline.forEach(ReferencePipeline.java:418)
	at org.apache.ratis.server.impl.RaftServerProxy$ImplMap.close(RaftServerProxy.java:107)
	at org.apache.ratis.server.impl.RaftServerProxy.lambda$close$4(RaftServerProxy.java:315)
	at org.apache.ratis.util.LifeCycle.lambda$checkStateAndClose$2(LifeCycle.java:231)
	at org.apache.ratis.util.LifeCycle.checkStateAndClose(LifeCycle.java:251)
	at org.apache.ratis.util.LifeCycle.checkStateAndClose(LifeCycle.java:229)
	at org.apache.ratis.server.impl.RaftServerProxy.close(RaftServerProxy.java:313)
	at org.apache.hadoop.ozone.container.common.transport.server.ratis.XceiverServerRatis.stop(XceiverServerRatis.java:441)
	at org.apache.hadoop.ozone.container.ozoneimpl.OzoneContainer.stop(OzoneContainer.java:233)
	at org.apache.hadoop.ozone.container.common.statemachine.DatanodeStateMachine.close(DatanodeStateMachine.java:270)
	at org.apache.hadoop.ozone.container.common.statemachine.DatanodeStateMachine.stopDaemon(DatanodeStateMachine.java:394)
	at org.apache.hadoop.ozone.HddsDatanodeService.stop(HddsDatanodeService.java:457)
	at org.apache.hadoop.ozone.MiniOzoneClusterImpl.stopDatanode(MiniOzoneClusterImpl.java:385)
	at java.util.stream.ForEachOps$ForEachOp$OfRef.accept(ForEachOps.java:184)
	at java.util.ArrayList$ArrayListSpliterator.forEachRemaining(ArrayList.java:1382)
	at java.util.stream.AbstractPipeline.copyInto(AbstractPipeline.java:482)
	at java.util.stream.ForEachOps$ForEachTask.compute(ForEachOps.java:291)
	at java.util.concurrent.CountedCompleter.exec(CountedCompleter.java:731)
	at java.util.concurrent.ForkJoinTask.doExec(ForkJoinTask.java:289)
	at java.util.concurrent.ForkJoinTask.doInvoke(ForkJoinTask.java:401)
	at java.util.concurrent.ForkJoinTask.invoke(ForkJoinTask.java:734)
	at java.util.stream.ForEachOps$ForEachOp.evaluateParallel(ForEachOps.java:160)
	at java.util.stream.ForEachOps$ForEachOp$OfRef.evaluateParallel(ForEachOps.java:174)
	at java.util.stream.AbstractPipeline.evaluate(AbstractPipeline.java:233)
	at java.util.stream.ReferencePipeline.forEach(ReferencePipeline.java:418)
	at java.util.stream.ReferencePipeline$Head.forEach(ReferencePipeline.java:583)
	at org.apache.hadoop.ozone.MiniOzoneClusterImpl.stopDatanodes(MiniOzoneClusterImpl.java:379)
	at org.apache.hadoop.ozone.MiniOzoneClusterImpl.stop(MiniOzoneClusterImpl.java:332)
	at org.apache.hadoop.ozone.MiniOzoneClusterImpl.shutdown(MiniOzoneClusterImpl.java:319)
	at org.apache.hadoop.ozone.client.rpc.TestFailureHandlingByClient.shutdown(TestFailureHandlingByClient.java:130)
	at sun.reflect.NativeMethodAccessorImpl.invoke0(Native Method)
	at sun.reflect.NativeMethodAccessorImpl.invoke(NativeMethodAccessorImpl.java:62)
	at sun.reflect.DelegatingMethodAccessorImpl.invoke(DelegatingMethodAccessorImpl.java:43)
	at java.lang.reflect.Method.invoke(Method.java:498)
	at org.junit.runners.model.FrameworkMethod$1.runReflectiveCall(FrameworkMethod.java:47)
	at org.junit.internal.runners.model.ReflectiveCallable.run(ReflectiveCallable.java:12)
	at org.junit.runners.model.FrameworkMethod.invokeExplosively(FrameworkMethod.java:44)
	at org.junit.internal.runners.statements.RunAfters.evaluate(RunAfters.java:33)
	at org.junit.runners.ParentRunner.runLeaf(ParentRunner.java:271)
	at org.junit.runners.BlockJUnit4ClassRunner.runChild(BlockJUnit4ClassRunner.java:70)
	at org.junit.runners.BlockJUnit4ClassRunner.runChild(BlockJUnit4ClassRunner.java:50)
	at org.junit.runners.ParentRunner$3.run(ParentRunner.java:238)
	at org.junit.runners.ParentRunner$1.schedule(ParentRunner.java:63)
	at org.junit.runners.ParentRunner.runChildren(ParentRunner.java:236)
	at org.junit.runners.ParentRunner.access$000(ParentRunner.java:53)
	at org.junit.runners.ParentRunner$2.evaluate(ParentRunner.java:229)
	at org.junit.runners.ParentRunner.run(ParentRunner.java:309)
	at org.apache.maven.surefire.junit4.JUnit4Provider.execute(JUnit4Provider.java:365)
	at org.apache.maven.surefire.junit4.JUnit4Provider.executeWithRerun(JUnit4Provider.java:273)
	at org.apache.maven.surefire.junit4.JUnit4Provider.executeTestSet(JUnit4Provider.java:238)
	at org.apache.maven.surefire.junit4.JUnit4Provider.invoke(JUnit4Provider.java:159)
	at org.apache.maven.surefire.booter.ForkedBooter.invokeProviderInSameClassLoader(ForkedBooter.java:384)
	at org.apache.maven.surefire.booter.ForkedBooter.runSuitesInProcess(ForkedBooter.java:345)
	at org.apache.maven.surefire.booter.ForkedBooter.execute(ForkedBooter.java:126)
	at org.apache.maven.surefire.booter.ForkedBooter.main(ForkedBooter.java:418)
2019-09-24 19:07:07,222 [bef30485-dff6-47d2-88a8-2d6b76a883db@group-E65683355006:LeaderElection213] INFO  impl.LeaderElection (LeaderElection.java:run(140)) - bef30485-dff6-47d2-88a8-2d6b76a883db@group-E65683355006:LeaderElection213: IllegalArgumentException is safely ignored since this is already CLOSING
2019-09-24 19:07:07,214 [56e639b0-539e-46f2-afe9-98e7bb950b90@group-DBEEB9FA338F:LeaderElection214] INFO  impl.LeaderElection (LeaderElection.java:askForVotes(182)) - 56e639b0-539e-46f2-afe9-98e7bb950b90@group-DBEEB9FA338F:LeaderElection214: begin an election at term 1 for -1: [a1cd4983-4499-4ca1-85e6-001c65d6bf4f:192.168.5.148:43964, bef30485-dff6-47d2-88a8-2d6b76a883db:192.168.5.148:38198, 56e639b0-539e-46f2-afe9-98e7bb950b90:192.168.5.148:41145], old=null
2019-09-24 19:07:07,216 [bef30485-dff6-47d2-88a8-2d6b76a883db@group-DBEEB9FA338F:LeaderElection215] INFO  impl.LeaderElection (LogUtils.java:infoOrTrace(149)) - Failed bef30485-dff6-47d2-88a8-2d6b76a883db@group-DBEEB9FA338F:LeaderElection215, state=CLOSING: {}
java.lang.IllegalArgumentException: bef30485-dff6-47d2-88a8-2d6b76a883db@group-DBEEB9FA338F-SegmentedRaftLog is expected to be opened but it is CLOSED
	at org.apache.ratis.util.OpenCloseState.assertOpen(OpenCloseState.java:63)
	at org.apache.ratis.server.raftlog.RaftLog.checkLogState(RaftLog.java:102)
	at org.apache.ratis.server.raftlog.segmented.SegmentedRaftLog.getLastEntryTermIndex(SegmentedRaftLog.java:324)
	at org.apache.ratis.server.impl.LeaderElection.askForVotes(LeaderElection.java:184)
	at org.apache.ratis.server.impl.LeaderElection.run(LeaderElection.java:133)
	at java.lang.Thread.run(Thread.java:748)
Caused by: org.apache.ratis.util.OpenCloseState$CloseTrace: Close bef30485-dff6-47d2-88a8-2d6b76a883db@group-DBEEB9FA338F-SegmentedRaftLog
	at org.apache.ratis.util.OpenCloseState.lambda$close$1(OpenCloseState.java:109)
	at java.util.concurrent.atomic.AtomicReference.getAndUpdate(AtomicReference.java:160)
	at org.apache.ratis.util.OpenCloseState.close(OpenCloseState.java:109)
	at org.apache.ratis.server.raftlog.RaftLog.close(RaftLog.java:437)
	at org.apache.ratis.server.raftlog.segmented.SegmentedRaftLog.close(SegmentedRaftLog.java:476)
	at org.apache.ratis.server.impl.ServerState.close(ServerState.java:387)
	at org.apache.ratis.server.impl.RaftServerImpl.lambda$shutdown$3(RaftServerImpl.java:273)
	at org.apache.ratis.util.LifeCycle.lambda$checkStateAndClose$2(LifeCycle.java:231)
	at org.apache.ratis.util.LifeCycle.checkStateAndClose(LifeCycle.java:251)
	at org.apache.ratis.util.LifeCycle.checkStateAndClose(LifeCycle.java:229)
	at org.apache.ratis.server.impl.RaftServerImpl.shutdown(RaftServerImpl.java:250)
	at org.apache.ratis.server.impl.RaftServerProxy$ImplMap.lambda$close$0(RaftServerProxy.java:107)
	at java.util.stream.ForEachOps$ForEachOp$OfRef.accept(ForEachOps.java:184)
	at java.util.stream.ReferencePipeline$3$1.accept(ReferencePipeline.java:193)
	at java.util.concurrent.ConcurrentHashMap$ValueSpliterator.forEachRemaining(ConcurrentHashMap.java:3566)
	at java.util.stream.AbstractPipeline.copyInto(AbstractPipeline.java:482)
	at java.util.stream.ForEachOps$ForEachTask.compute(ForEachOps.java:291)
	at java.util.concurrent.CountedCompleter.exec(CountedCompleter.java:731)
	at java.util.concurrent.ForkJoinTask.doExec(ForkJoinTask.java:289)
	at java.util.concurrent.ForkJoinPool.helpComplete(ForkJoinPool.java:1870)
	at java.util.concurrent.ForkJoinPool.externalHelpComplete(ForkJoinPool.java:2467)
	at java.util.concurrent.ForkJoinTask.externalAwaitDone(ForkJoinTask.java:324)
	at java.util.concurrent.ForkJoinTask.doInvoke(ForkJoinTask.java:405)
	at java.util.concurrent.ForkJoinTask.invoke(ForkJoinTask.java:734)
	at java.util.stream.ForEachOps$ForEachOp.evaluateParallel(ForEachOps.java:160)
	at java.util.stream.ForEachOps$ForEachOp$OfRef.evaluateParallel(ForEachOps.java:174)
	at java.util.stream.AbstractPipeline.evaluate(AbstractPipeline.java:233)
	at java.util.stream.ReferencePipeline.forEach(ReferencePipeline.java:418)
	at org.apache.ratis.server.impl.RaftServerProxy$ImplMap.close(RaftServerProxy.java:107)
	at org.apache.ratis.server.impl.RaftServerProxy.lambda$close$4(RaftServerProxy.java:315)
	at org.apache.ratis.util.LifeCycle.lambda$checkStateAndClose$2(LifeCycle.java:231)
	at org.apache.ratis.util.LifeCycle.checkStateAndClose(LifeCycle.java:251)
	at org.apache.ratis.util.LifeCycle.checkStateAndClose(LifeCycle.java:229)
	at org.apache.ratis.server.impl.RaftServerProxy.close(RaftServerProxy.java:313)
	at org.apache.hadoop.ozone.container.common.transport.server.ratis.XceiverServerRatis.stop(XceiverServerRatis.java:441)
	at org.apache.hadoop.ozone.container.ozoneimpl.OzoneContainer.stop(OzoneContainer.java:233)
	at org.apache.hadoop.ozone.container.common.statemachine.DatanodeStateMachine.close(DatanodeStateMachine.java:270)
	at org.apache.hadoop.ozone.container.common.statemachine.DatanodeStateMachine.stopDaemon(DatanodeStateMachine.java:394)
	at org.apache.hadoop.ozone.HddsDatanodeService.stop(HddsDatanodeService.java:457)
	at org.apache.hadoop.ozone.MiniOzoneClusterImpl.stopDatanode(MiniOzoneClusterImpl.java:385)
	at java.util.stream.ForEachOps$ForEachOp$OfRef.accept(ForEachOps.java:184)
	at java.util.ArrayList$ArrayListSpliterator.forEachRemaining(ArrayList.java:1382)
	at java.util.stream.AbstractPipeline.copyInto(AbstractPipeline.java:482)
	at java.util.stream.ForEachOps$ForEachTask.compute(ForEachOps.java:291)
	at java.util.concurrent.CountedCompleter.exec(CountedCompleter.java:731)
	at java.util.concurrent.ForkJoinTask.doExec(ForkJoinTask.java:289)
	at java.util.concurrent.ForkJoinTask.doInvoke(ForkJoinTask.java:401)
	at java.util.concurrent.ForkJoinTask.invoke(ForkJoinTask.java:734)
	at java.util.stream.ForEachOps$ForEachOp.evaluateParallel(ForEachOps.java:160)
	at java.util.stream.ForEachOps$ForEachOp$OfRef.evaluateParallel(ForEachOps.java:174)
	at java.util.stream.AbstractPipeline.evaluate(AbstractPipeline.java:233)
	at java.util.stream.ReferencePipeline.forEach(ReferencePipeline.java:418)
	at java.util.stream.ReferencePipeline$Head.forEach(ReferencePipeline.java:583)
	at org.apache.hadoop.ozone.MiniOzoneClusterImpl.stopDatanodes(MiniOzoneClusterImpl.java:379)
	at org.apache.hadoop.ozone.MiniOzoneClusterImpl.stop(MiniOzoneClusterImpl.java:332)
	at org.apache.hadoop.ozone.MiniOzoneClusterImpl.shutdown(MiniOzoneClusterImpl.java:319)
	at org.apache.hadoop.ozone.client.rpc.TestFailureHandlingByClient.shutdown(TestFailureHandlingByClient.java:130)
	at sun.reflect.NativeMethodAccessorImpl.invoke0(Native Method)
	at sun.reflect.NativeMethodAccessorImpl.invoke(NativeMethodAccessorImpl.java:62)
	at sun.reflect.DelegatingMethodAccessorImpl.invoke(DelegatingMethodAccessorImpl.java:43)
	at java.lang.reflect.Method.invoke(Method.java:498)
	at org.junit.runners.model.FrameworkMethod$1.runReflectiveCall(FrameworkMethod.java:47)
	at org.junit.internal.runners.model.ReflectiveCallable.run(ReflectiveCallable.java:12)
	at org.junit.runners.model.FrameworkMethod.invokeExplosively(FrameworkMethod.java:44)
	at org.junit.internal.runners.statements.RunAfters.evaluate(RunAfters.java:33)
	at org.junit.runners.ParentRunner.runLeaf(ParentRunner.java:271)
	at org.junit.runners.BlockJUnit4ClassRunner.runChild(BlockJUnit4ClassRunner.java:70)
	at org.junit.runners.BlockJUnit4ClassRunner.runChild(BlockJUnit4ClassRunner.java:50)
	at org.junit.runners.ParentRunner$3.run(ParentRunner.java:238)
	at org.junit.runners.ParentRunner$1.schedule(ParentRunner.java:63)
	at org.junit.runners.ParentRunner.runChildren(ParentRunner.java:236)
	at org.junit.runners.ParentRunner.access$000(ParentRunner.java:53)
	at org.junit.runners.ParentRunner$2.evaluate(ParentRunner.java:229)
	at org.junit.runners.ParentRunner.run(ParentRunner.java:309)
	at org.apache.maven.surefire.junit4.JUnit4Provider.execute(JUnit4Provider.java:365)
	at org.apache.maven.surefire.junit4.JUnit4Provider.executeWithRerun(JUnit4Provider.java:273)
	at org.apache.maven.surefire.junit4.JUnit4Provider.executeTestSet(JUnit4Provider.java:238)
	at org.apache.maven.surefire.junit4.JUnit4Provider.invoke(JUnit4Provider.java:159)
	at org.apache.maven.surefire.booter.ForkedBooter.invokeProviderInSameClassLoader(ForkedBooter.java:384)
	at org.apache.maven.surefire.booter.ForkedBooter.runSuitesInProcess(ForkedBooter.java:345)
	at org.apache.maven.surefire.booter.ForkedBooter.execute(ForkedBooter.java:126)
	at org.apache.maven.surefire.booter.ForkedBooter.main(ForkedBooter.java:418)
2019-09-24 19:07:07,227 [56e639b0-539e-46f2-afe9-98e7bb950b90@group-638C6BD0F890:LeaderElection216] INFO  impl.LeaderElection (LogUtils.java:infoOrTrace(149)) - 56e639b0-539e-46f2-afe9-98e7bb950b90@group-638C6BD0F890:LeaderElection216 got exception when requesting votes: {}
java.util.concurrent.ExecutionException: org.apache.ratis.thirdparty.io.grpc.StatusRuntimeException: UNAVAILABLE: io exception
	at java.util.concurrent.FutureTask.report(FutureTask.java:122)
	at java.util.concurrent.FutureTask.get(FutureTask.java:192)
	at org.apache.ratis.server.impl.LeaderElection.waitForResults(LeaderElection.java:263)
	at org.apache.ratis.server.impl.LeaderElection.askForVotes(LeaderElection.java:201)
	at org.apache.ratis.server.impl.LeaderElection.run(LeaderElection.java:133)
	at java.lang.Thread.run(Thread.java:748)
Caused by: org.apache.ratis.thirdparty.io.grpc.StatusRuntimeException: UNAVAILABLE: io exception
	at org.apache.ratis.thirdparty.io.grpc.stub.ClientCalls.toStatusRuntimeException(ClientCalls.java:233)
	at org.apache.ratis.thirdparty.io.grpc.stub.ClientCalls.getUnchecked(ClientCalls.java:214)
	at org.apache.ratis.thirdparty.io.grpc.stub.ClientCalls.blockingUnaryCall(ClientCalls.java:139)
	at org.apache.ratis.proto.grpc.RaftServerProtocolServiceGrpc$RaftServerProtocolServiceBlockingStub.requestVote(RaftServerProtocolServiceGrpc.java:265)
	at org.apache.ratis.grpc.server.GrpcServerProtocolClient.requestVote(GrpcServerProtocolClient.java:90)
	at org.apache.ratis.grpc.server.GrpcService.requestVote(GrpcService.java:204)
	at org.apache.ratis.server.impl.LeaderElection.lambda$submitRequests$1(LeaderElection.java:238)
	at java.util.concurrent.FutureTask.run(FutureTask.java:266)
	at java.util.concurrent.Executors$RunnableAdapter.call(Executors.java:511)
	at java.util.concurrent.FutureTask.run(FutureTask.java:266)
	at java.util.concurrent.ThreadPoolExecutor.runWorker(ThreadPoolExecutor.java:1149)
	at java.util.concurrent.ThreadPoolExecutor$Worker.run(ThreadPoolExecutor.java:624)
	... 1 more
Caused by: org.apache.ratis.thirdparty.io.netty.channel.AbstractChannel$AnnotatedConnectException: Connection refused: /192.168.5.148:38198
	at sun.nio.ch.SocketChannelImpl.checkConnect(Native Method)
	at sun.nio.ch.SocketChannelImpl.finishConnect(SocketChannelImpl.java:717)
	at org.apache.ratis.thirdparty.io.netty.channel.socket.nio.NioSocketChannel.doFinishConnect(NioSocketChannel.java:327)
	at org.apache.ratis.thirdparty.io.netty.channel.nio.AbstractNioChannel$AbstractNioUnsafe.finishConnect(AbstractNioChannel.java:340)
	at org.apache.ratis.thirdparty.io.netty.channel.nio.NioEventLoop.processSelectedKey(NioEventLoop.java:632)
	at org.apache.ratis.thirdparty.io.netty.channel.nio.NioEventLoop.processSelectedKeysOptimized(NioEventLoop.java:579)
	at org.apache.ratis.thirdparty.io.netty.channel.nio.NioEventLoop.processSelectedKeys(NioEventLoop.java:496)
	at org.apache.ratis.thirdparty.io.netty.channel.nio.NioEventLoop.run(NioEventLoop.java:458)
	at org.apache.ratis.thirdparty.io.netty.util.concurrent.SingleThreadEventExecutor$5.run(SingleThreadEventExecutor.java:897)
	at org.apache.ratis.thirdparty.io.netty.util.concurrent.FastThreadLocalRunnable.run(FastThreadLocalRunnable.java:30)
	... 1 more
Caused by: java.net.ConnectException: Connection refused
	... 11 more
2019-09-24 19:07:07,215 [bef30485-dff6-47d2-88a8-2d6b76a883db@group-638C6BD0F890:LeaderElection211] INFO  impl.LeaderElection (LogUtils.java:infoOrTrace(149)) - Failed bef30485-dff6-47d2-88a8-2d6b76a883db@group-638C6BD0F890:LeaderElection211, state=CLOSING: {}
java.lang.IllegalArgumentException: bef30485-dff6-47d2-88a8-2d6b76a883db@group-638C6BD0F890-SegmentedRaftLog is expected to be opened but it is CLOSED
	at org.apache.ratis.util.OpenCloseState.assertOpen(OpenCloseState.java:63)
	at org.apache.ratis.server.raftlog.RaftLog.checkLogState(RaftLog.java:102)
	at org.apache.ratis.server.raftlog.segmented.SegmentedRaftLog.getLastEntryTermIndex(SegmentedRaftLog.java:324)
	at org.apache.ratis.server.impl.LeaderElection.askForVotes(LeaderElection.java:184)
	at org.apache.ratis.server.impl.LeaderElection.run(LeaderElection.java:133)
	at java.lang.Thread.run(Thread.java:748)
Caused by: org.apache.ratis.util.OpenCloseState$CloseTrace: Close bef30485-dff6-47d2-88a8-2d6b76a883db@group-638C6BD0F890-SegmentedRaftLog
	at org.apache.ratis.util.OpenCloseState.lambda$close$1(OpenCloseState.java:109)
	at java.util.concurrent.atomic.AtomicReference.getAndUpdate(AtomicReference.java:160)
	at org.apache.ratis.util.OpenCloseState.close(OpenCloseState.java:109)
	at org.apache.ratis.server.raftlog.RaftLog.close(RaftLog.java:437)
	at org.apache.ratis.server.raftlog.segmented.SegmentedRaftLog.close(SegmentedRaftLog.java:476)
	at org.apache.ratis.server.impl.ServerState.close(ServerState.java:387)
	at org.apache.ratis.server.impl.RaftServerImpl.lambda$shutdown$3(RaftServerImpl.java:273)
	at org.apache.ratis.util.LifeCycle.lambda$checkStateAndClose$2(LifeCycle.java:231)
	at org.apache.ratis.util.LifeCycle.checkStateAndClose(LifeCycle.java:251)
	at org.apache.ratis.util.LifeCycle.checkStateAndClose(LifeCycle.java:229)
	at org.apache.ratis.server.impl.RaftServerImpl.shutdown(RaftServerImpl.java:250)
	at org.apache.ratis.server.impl.RaftServerProxy$ImplMap.lambda$close$0(RaftServerProxy.java:107)
	at java.util.stream.ForEachOps$ForEachOp$OfRef.accept(ForEachOps.java:184)
	at java.util.stream.ReferencePipeline$3$1.accept(ReferencePipeline.java:193)
	at java.util.concurrent.ConcurrentHashMap$ValueSpliterator.forEachRemaining(ConcurrentHashMap.java:3566)
	at java.util.stream.AbstractPipeline.copyInto(AbstractPipeline.java:482)
	at java.util.stream.ForEachOps$ForEachTask.compute(ForEachOps.java:291)
	at java.util.concurrent.CountedCompleter.exec(CountedCompleter.java:731)
	at java.util.concurrent.ForkJoinTask.doExec(ForkJoinTask.java:289)
	at java.util.concurrent.ForkJoinPool.helpComplete(ForkJoinPool.java:1870)
	at java.util.concurrent.ForkJoinPool.externalHelpComplete(ForkJoinPool.java:2467)
	at java.util.concurrent.ForkJoinTask.externalAwaitDone(ForkJoinTask.java:324)
	at java.util.concurrent.ForkJoinTask.doInvoke(ForkJoinTask.java:405)
	at java.util.concurrent.ForkJoinTask.invoke(ForkJoinTask.java:734)
	at java.util.stream.ForEachOps$ForEachOp.evaluateParallel(ForEachOps.java:160)
	at java.util.stream.ForEachOps$ForEachOp$OfRef.evaluateParallel(ForEachOps.java:174)
	at java.util.stream.AbstractPipeline.evaluate(AbstractPipeline.java:233)
	at java.util.stream.ReferencePipeline.forEach(ReferencePipeline.java:418)
	at org.apache.ratis.server.impl.RaftServerProxy$ImplMap.close(RaftServerProxy.java:107)
	at org.apache.ratis.server.impl.RaftServerProxy.lambda$close$4(RaftServerProxy.java:315)
	at org.apache.ratis.util.LifeCycle.lambda$checkStateAndClose$2(LifeCycle.java:231)
	at org.apache.ratis.util.LifeCycle.checkStateAndClose(LifeCycle.java:251)
	at org.apache.ratis.util.LifeCycle.checkStateAndClose(LifeCycle.java:229)
	at org.apache.ratis.server.impl.RaftServerProxy.close(RaftServerProxy.java:313)
	at org.apache.hadoop.ozone.container.common.transport.server.ratis.XceiverServerRatis.stop(XceiverServerRatis.java:441)
	at org.apache.hadoop.ozone.container.ozoneimpl.OzoneContainer.stop(OzoneContainer.java:233)
	at org.apache.hadoop.ozone.container.common.statemachine.DatanodeStateMachine.close(DatanodeStateMachine.java:270)
	at org.apache.hadoop.ozone.container.common.statemachine.DatanodeStateMachine.stopDaemon(DatanodeStateMachine.java:394)
	at org.apache.hadoop.ozone.HddsDatanodeService.stop(HddsDatanodeService.java:457)
	at org.apache.hadoop.ozone.MiniOzoneClusterImpl.stopDatanode(MiniOzoneClusterImpl.java:385)
	at java.util.stream.ForEachOps$ForEachOp$OfRef.accept(ForEachOps.java:184)
	at java.util.ArrayList$ArrayListSpliterator.forEachRemaining(ArrayList.java:1382)
	at java.util.stream.AbstractPipeline.copyInto(AbstractPipeline.java:482)
	at java.util.stream.ForEachOps$ForEachTask.compute(ForEachOps.java:291)
	at java.util.concurrent.CountedCompleter.exec(CountedCompleter.java:731)
	at java.util.concurrent.ForkJoinTask.doExec(ForkJoinTask.java:289)
	at java.util.concurrent.ForkJoinTask.doInvoke(ForkJoinTask.java:401)
	at java.util.concurrent.ForkJoinTask.invoke(ForkJoinTask.java:734)
	at java.util.stream.ForEachOps$ForEachOp.evaluateParallel(ForEachOps.java:160)
	at java.util.stream.ForEachOps$ForEachOp$OfRef.evaluateParallel(ForEachOps.java:174)
	at java.util.stream.AbstractPipeline.evaluate(AbstractPipeline.java:233)
	at java.util.stream.ReferencePipeline.forEach(ReferencePipeline.java:418)
	at java.util.stream.ReferencePipeline$Head.forEach(ReferencePipeline.java:583)
	at org.apache.hadoop.ozone.MiniOzoneClusterImpl.stopDatanodes(MiniOzoneClusterImpl.java:379)
	at org.apache.hadoop.ozone.MiniOzoneClusterImpl.stop(MiniOzoneClusterImpl.java:332)
	at org.apache.hadoop.ozone.MiniOzoneClusterImpl.shutdown(MiniOzoneClusterImpl.java:319)
	at org.apache.hadoop.ozone.client.rpc.TestFailureHandlingByClient.shutdown(TestFailureHandlingByClient.java:130)
	at sun.reflect.NativeMethodAccessorImpl.invoke0(Native Method)
	at sun.reflect.NativeMethodAccessorImpl.invoke(NativeMethodAccessorImpl.java:62)
	at sun.reflect.DelegatingMethodAccessorImpl.invoke(DelegatingMethodAccessorImpl.java:43)
	at java.lang.reflect.Method.invoke(Method.java:498)
	at org.junit.runners.model.FrameworkMethod$1.runReflectiveCall(FrameworkMethod.java:47)
	at org.junit.internal.runners.model.ReflectiveCallable.run(ReflectiveCallable.java:12)
	at org.junit.runners.model.FrameworkMethod.invokeExplosively(FrameworkMethod.java:44)
	at org.junit.internal.runners.statements.RunAfters.evaluate(RunAfters.java:33)
	at org.junit.runners.ParentRunner.runLeaf(ParentRunner.java:271)
	at org.junit.runners.BlockJUnit4ClassRunner.runChild(BlockJUnit4ClassRunner.java:70)
	at org.junit.runners.BlockJUnit4ClassRunner.runChild(BlockJUnit4ClassRunner.java:50)
	at org.junit.runners.ParentRunner$3.run(ParentRunner.java:238)
	at org.junit.runners.ParentRunner$1.schedule(ParentRunner.java:63)
	at org.junit.runners.ParentRunner.runChildren(ParentRunner.java:236)
	at org.junit.runners.ParentRunner.access$000(ParentRunner.java:53)
	at org.junit.runners.ParentRunner$2.evaluate(ParentRunner.java:229)
	at org.junit.runners.ParentRunner.run(ParentRunner.java:309)
	at org.apache.maven.surefire.junit4.JUnit4Provider.execute(JUnit4Provider.java:365)
	at org.apache.maven.surefire.junit4.JUnit4Provider.executeWithRerun(JUnit4Provider.java:273)
	at org.apache.maven.surefire.junit4.JUnit4Provider.executeTestSet(JUnit4Provider.java:238)
	at org.apache.maven.surefire.junit4.JUnit4Provider.invoke(JUnit4Provider.java:159)
	at org.apache.maven.surefire.booter.ForkedBooter.invokeProviderInSameClassLoader(ForkedBooter.java:384)
	at org.apache.maven.surefire.booter.ForkedBooter.runSuitesInProcess(ForkedBooter.java:345)
	at org.apache.maven.surefire.booter.ForkedBooter.execute(ForkedBooter.java:126)
	at org.apache.maven.surefire.booter.ForkedBooter.main(ForkedBooter.java:418)
2019-09-24 19:07:07,233 [56e639b0-539e-46f2-afe9-98e7bb950b90@group-638C6BD0F890:LeaderElection216] INFO  impl.LeaderElection (LeaderElection.java:logAndReturn(56)) - 56e639b0-539e-46f2-afe9-98e7bb950b90@group-638C6BD0F890:LeaderElection216: Election REJECTED; received 1 response(s) [56e639b0-539e-46f2-afe9-98e7bb950b90<-a1cd4983-4499-4ca1-85e6-001c65d6bf4f#0:FAIL-t1] and 1 exception(s); 56e639b0-539e-46f2-afe9-98e7bb950b90@group-638C6BD0F890:t1, leader=null, voted=56e639b0-539e-46f2-afe9-98e7bb950b90, raftlog=56e639b0-539e-46f2-afe9-98e7bb950b90@group-638C6BD0F890-SegmentedRaftLog:OPENED:c-1,f-1,i0, conf=-1: [a1cd4983-4499-4ca1-85e6-001c65d6bf4f:192.168.5.148:43964, bef30485-dff6-47d2-88a8-2d6b76a883db:192.168.5.148:38198, 56e639b0-539e-46f2-afe9-98e7bb950b90:192.168.5.148:41145], old=null
2019-09-24 19:07:07,227 [56e639b0-539e-46f2-afe9-98e7bb950b90@group-DBEEB9FA338F:LeaderElection214] INFO  impl.LeaderElection (LogUtils.java:infoOrTrace(149)) - 56e639b0-539e-46f2-afe9-98e7bb950b90@group-DBEEB9FA338F:LeaderElection214 got exception when requesting votes: {}
java.util.concurrent.ExecutionException: org.apache.ratis.thirdparty.io.grpc.StatusRuntimeException: UNAVAILABLE: io exception
	at java.util.concurrent.FutureTask.report(FutureTask.java:122)
	at java.util.concurrent.FutureTask.get(FutureTask.java:192)
	at org.apache.ratis.server.impl.LeaderElection.waitForResults(LeaderElection.java:263)
	at org.apache.ratis.server.impl.LeaderElection.askForVotes(LeaderElection.java:201)
	at org.apache.ratis.server.impl.LeaderElection.run(LeaderElection.java:133)
	at java.lang.Thread.run(Thread.java:748)
Caused by: org.apache.ratis.thirdparty.io.grpc.StatusRuntimeException: UNAVAILABLE: io exception
	at org.apache.ratis.thirdparty.io.grpc.stub.ClientCalls.toStatusRuntimeException(ClientCalls.java:233)
	at org.apache.ratis.thirdparty.io.grpc.stub.ClientCalls.getUnchecked(ClientCalls.java:214)
	at org.apache.ratis.thirdparty.io.grpc.stub.ClientCalls.blockingUnaryCall(ClientCalls.java:139)
	at org.apache.ratis.proto.grpc.RaftServerProtocolServiceGrpc$RaftServerProtocolServiceBlockingStub.requestVote(RaftServerProtocolServiceGrpc.java:265)
	at org.apache.ratis.grpc.server.GrpcServerProtocolClient.requestVote(GrpcServerProtocolClient.java:90)
	at org.apache.ratis.grpc.server.GrpcService.requestVote(GrpcService.java:204)
	at org.apache.ratis.server.impl.LeaderElection.lambda$submitRequests$1(LeaderElection.java:238)
	at java.util.concurrent.FutureTask.run(FutureTask.java:266)
	at java.util.concurrent.Executors$RunnableAdapter.call(Executors.java:511)
	at java.util.concurrent.FutureTask.run(FutureTask.java:266)
	at java.util.concurrent.ThreadPoolExecutor.runWorker(ThreadPoolExecutor.java:1149)
	at java.util.concurrent.ThreadPoolExecutor$Worker.run(ThreadPoolExecutor.java:624)
	... 1 more
Caused by: org.apache.ratis.thirdparty.io.netty.channel.AbstractChannel$AnnotatedConnectException: Connection refused: /192.168.5.148:38198
	at sun.nio.ch.SocketChannelImpl.checkConnect(Native Method)
	at sun.nio.ch.SocketChannelImpl.finishConnect(SocketChannelImpl.java:717)
	at org.apache.ratis.thirdparty.io.netty.channel.socket.nio.NioSocketChannel.doFinishConnect(NioSocketChannel.java:327)
	at org.apache.ratis.thirdparty.io.netty.channel.nio.AbstractNioChannel$AbstractNioUnsafe.finishConnect(AbstractNioChannel.java:340)
	at org.apache.ratis.thirdparty.io.netty.channel.nio.NioEventLoop.processSelectedKey(NioEventLoop.java:632)
	at org.apache.ratis.thirdparty.io.netty.channel.nio.NioEventLoop.processSelectedKeysOptimized(NioEventLoop.java:579)
	at org.apache.ratis.thirdparty.io.netty.channel.nio.NioEventLoop.processSelectedKeys(NioEventLoop.java:496)
	at org.apache.ratis.thirdparty.io.netty.channel.nio.NioEventLoop.run(NioEventLoop.java:458)
	at org.apache.ratis.thirdparty.io.netty.util.concurrent.SingleThreadEventExecutor$5.run(SingleThreadEventExecutor.java:897)
	at org.apache.ratis.thirdparty.io.netty.util.concurrent.FastThreadLocalRunnable.run(FastThreadLocalRunnable.java:30)
	... 1 more
Caused by: java.net.ConnectException: Connection refused
	... 11 more
2019-09-24 19:07:07,227 [bef30485-dff6-47d2-88a8-2d6b76a883db@group-DBEEB9FA338F:LeaderElection215] INFO  impl.LeaderElection (LeaderElection.java:run(140)) - bef30485-dff6-47d2-88a8-2d6b76a883db@group-DBEEB9FA338F:LeaderElection215: IllegalArgumentException is safely ignored since this is already CLOSING
2019-09-24 19:07:07,227 [56e639b0-539e-46f2-afe9-98e7bb950b90@group-E65683355006:LeaderElection212] INFO  impl.LeaderElection (LogUtils.java:infoOrTrace(149)) - 56e639b0-539e-46f2-afe9-98e7bb950b90@group-E65683355006:LeaderElection212 got exception when requesting votes: {}
java.util.concurrent.ExecutionException: org.apache.ratis.thirdparty.io.grpc.StatusRuntimeException: UNAVAILABLE: io exception
	at java.util.concurrent.FutureTask.report(FutureTask.java:122)
	at java.util.concurrent.FutureTask.get(FutureTask.java:192)
	at org.apache.ratis.server.impl.LeaderElection.waitForResults(LeaderElection.java:263)
	at org.apache.ratis.server.impl.LeaderElection.askForVotes(LeaderElection.java:201)
	at org.apache.ratis.server.impl.LeaderElection.run(LeaderElection.java:133)
	at java.lang.Thread.run(Thread.java:748)
Caused by: org.apache.ratis.thirdparty.io.grpc.StatusRuntimeException: UNAVAILABLE: io exception
	at org.apache.ratis.thirdparty.io.grpc.stub.ClientCalls.toStatusRuntimeException(ClientCalls.java:233)
	at org.apache.ratis.thirdparty.io.grpc.stub.ClientCalls.getUnchecked(ClientCalls.java:214)
	at org.apache.ratis.thirdparty.io.grpc.stub.ClientCalls.blockingUnaryCall(ClientCalls.java:139)
	at org.apache.ratis.proto.grpc.RaftServerProtocolServiceGrpc$RaftServerProtocolServiceBlockingStub.requestVote(RaftServerProtocolServiceGrpc.java:265)
	at org.apache.ratis.grpc.server.GrpcServerProtocolClient.requestVote(GrpcServerProtocolClient.java:90)
	at org.apache.ratis.grpc.server.GrpcService.requestVote(GrpcService.java:204)
	at org.apache.ratis.server.impl.LeaderElection.lambda$submitRequests$1(LeaderElection.java:238)
	at java.util.concurrent.FutureTask.run(FutureTask.java:266)
	at java.util.concurrent.Executors$RunnableAdapter.call(Executors.java:511)
	at java.util.concurrent.FutureTask.run(FutureTask.java:266)
	at java.util.concurrent.ThreadPoolExecutor.runWorker(ThreadPoolExecutor.java:1149)
	at java.util.concurrent.ThreadPoolExecutor$Worker.run(ThreadPoolExecutor.java:624)
	... 1 more
Caused by: org.apache.ratis.thirdparty.io.netty.channel.AbstractChannel$AnnotatedConnectException: Connection refused: /192.168.5.148:38198
	at sun.nio.ch.SocketChannelImpl.checkConnect(Native Method)
	at sun.nio.ch.SocketChannelImpl.finishConnect(SocketChannelImpl.java:717)
	at org.apache.ratis.thirdparty.io.netty.channel.socket.nio.NioSocketChannel.doFinishConnect(NioSocketChannel.java:327)
	at org.apache.ratis.thirdparty.io.netty.channel.nio.AbstractNioChannel$AbstractNioUnsafe.finishConnect(AbstractNioChannel.java:340)
	at org.apache.ratis.thirdparty.io.netty.channel.nio.NioEventLoop.processSelectedKey(NioEventLoop.java:632)
	at org.apache.ratis.thirdparty.io.netty.channel.nio.NioEventLoop.processSelectedKeysOptimized(NioEventLoop.java:579)
	at org.apache.ratis.thirdparty.io.netty.channel.nio.NioEventLoop.processSelectedKeys(NioEventLoop.java:496)
	at org.apache.ratis.thirdparty.io.netty.channel.nio.NioEventLoop.run(NioEventLoop.java:458)
	at org.apache.ratis.thirdparty.io.netty.util.concurrent.SingleThreadEventExecutor$5.run(SingleThreadEventExecutor.java:897)
	at org.apache.ratis.thirdparty.io.netty.util.concurrent.FastThreadLocalRunnable.run(FastThreadLocalRunnable.java:30)
	... 1 more
Caused by: java.net.ConnectException: Connection refused
	... 11 more
2019-09-24 19:07:07,226 [a1cd4983-4499-4ca1-85e6-001c65d6bf4f@group-E65683355006:LeaderElection210] INFO  impl.LeaderElection (LogUtils.java:infoOrTrace(149)) - a1cd4983-4499-4ca1-85e6-001c65d6bf4f@group-E65683355006:LeaderElection210 got exception when requesting votes: {}
java.util.concurrent.ExecutionException: org.apache.ratis.thirdparty.io.grpc.StatusRuntimeException: UNAVAILABLE: io exception
	at java.util.concurrent.FutureTask.report(FutureTask.java:122)
	at java.util.concurrent.FutureTask.get(FutureTask.java:192)
	at org.apache.ratis.server.impl.LeaderElection.waitForResults(LeaderElection.java:263)
	at org.apache.ratis.server.impl.LeaderElection.askForVotes(LeaderElection.java:201)
	at org.apache.ratis.server.impl.LeaderElection.run(LeaderElection.java:133)
	at java.lang.Thread.run(Thread.java:748)
Caused by: org.apache.ratis.thirdparty.io.grpc.StatusRuntimeException: UNAVAILABLE: io exception
	at org.apache.ratis.thirdparty.io.grpc.stub.ClientCalls.toStatusRuntimeException(ClientCalls.java:233)
	at org.apache.ratis.thirdparty.io.grpc.stub.ClientCalls.getUnchecked(ClientCalls.java:214)
	at org.apache.ratis.thirdparty.io.grpc.stub.ClientCalls.blockingUnaryCall(ClientCalls.java:139)
	at org.apache.ratis.proto.grpc.RaftServerProtocolServiceGrpc$RaftServerProtocolServiceBlockingStub.requestVote(RaftServerProtocolServiceGrpc.java:265)
	at org.apache.ratis.grpc.server.GrpcServerProtocolClient.requestVote(GrpcServerProtocolClient.java:90)
	at org.apache.ratis.grpc.server.GrpcService.requestVote(GrpcService.java:204)
	at org.apache.ratis.server.impl.LeaderElection.lambda$submitRequests$1(LeaderElection.java:238)
	at java.util.concurrent.FutureTask.run(FutureTask.java:266)
	at java.util.concurrent.Executors$RunnableAdapter.call(Executors.java:511)
	at java.util.concurrent.FutureTask.run(FutureTask.java:266)
	at java.util.concurrent.ThreadPoolExecutor.runWorker(ThreadPoolExecutor.java:1149)
	at java.util.concurrent.ThreadPoolExecutor$Worker.run(ThreadPoolExecutor.java:624)
	... 1 more
Caused by: org.apache.ratis.thirdparty.io.netty.channel.AbstractChannel$AnnotatedConnectException: Connection refused: /192.168.5.148:38198
	at sun.nio.ch.SocketChannelImpl.checkConnect(Native Method)
	at sun.nio.ch.SocketChannelImpl.finishConnect(SocketChannelImpl.java:717)
	at org.apache.ratis.thirdparty.io.netty.channel.socket.nio.NioSocketChannel.doFinishConnect(NioSocketChannel.java:327)
	at org.apache.ratis.thirdparty.io.netty.channel.nio.AbstractNioChannel$AbstractNioUnsafe.finishConnect(AbstractNioChannel.java:340)
	at org.apache.ratis.thirdparty.io.netty.channel.nio.NioEventLoop.processSelectedKey(NioEventLoop.java:632)
	at org.apache.ratis.thirdparty.io.netty.channel.nio.NioEventLoop.processSelectedKeysOptimized(NioEventLoop.java:579)
	at org.apache.ratis.thirdparty.io.netty.channel.nio.NioEventLoop.processSelectedKeys(NioEventLoop.java:496)
	at org.apache.ratis.thirdparty.io.netty.channel.nio.NioEventLoop.run(NioEventLoop.java:458)
	at org.apache.ratis.thirdparty.io.netty.util.concurrent.SingleThreadEventExecutor$5.run(SingleThreadEventExecutor.java:897)
	at org.apache.ratis.thirdparty.io.netty.util.concurrent.FastThreadLocalRunnable.run(FastThreadLocalRunnable.java:30)
	... 1 more
Caused by: java.net.ConnectException: Connection refused
	... 11 more
2019-09-24 19:07:07,226 [a1cd4983-4499-4ca1-85e6-001c65d6bf4f@group-638C6BD0F890:LeaderElection208] INFO  impl.LeaderElection (LogUtils.java:infoOrTrace(149)) - a1cd4983-4499-4ca1-85e6-001c65d6bf4f@group-638C6BD0F890:LeaderElection208 got exception when requesting votes: {}
java.util.concurrent.ExecutionException: org.apache.ratis.thirdparty.io.grpc.StatusRuntimeException: UNAVAILABLE: io exception
	at java.util.concurrent.FutureTask.report(FutureTask.java:122)
	at java.util.concurrent.FutureTask.get(FutureTask.java:192)
	at org.apache.ratis.server.impl.LeaderElection.waitForResults(LeaderElection.java:263)
	at org.apache.ratis.server.impl.LeaderElection.askForVotes(LeaderElection.java:201)
	at org.apache.ratis.server.impl.LeaderElection.run(LeaderElection.java:133)
	at java.lang.Thread.run(Thread.java:748)
Caused by: org.apache.ratis.thirdparty.io.grpc.StatusRuntimeException: UNAVAILABLE: io exception
	at org.apache.ratis.thirdparty.io.grpc.stub.ClientCalls.toStatusRuntimeException(ClientCalls.java:233)
	at org.apache.ratis.thirdparty.io.grpc.stub.ClientCalls.getUnchecked(ClientCalls.java:214)
	at org.apache.ratis.thirdparty.io.grpc.stub.ClientCalls.blockingUnaryCall(ClientCalls.java:139)
	at org.apache.ratis.proto.grpc.RaftServerProtocolServiceGrpc$RaftServerProtocolServiceBlockingStub.requestVote(RaftServerProtocolServiceGrpc.java:265)
	at org.apache.ratis.grpc.server.GrpcServerProtocolClient.requestVote(GrpcServerProtocolClient.java:90)
	at org.apache.ratis.grpc.server.GrpcService.requestVote(GrpcService.java:204)
	at org.apache.ratis.server.impl.LeaderElection.lambda$submitRequests$1(LeaderElection.java:238)
	at java.util.concurrent.FutureTask.run(FutureTask.java:266)
	at java.util.concurrent.Executors$RunnableAdapter.call(Executors.java:511)
	at java.util.concurrent.FutureTask.run(FutureTask.java:266)
	at java.util.concurrent.ThreadPoolExecutor.runWorker(ThreadPoolExecutor.java:1149)
	at java.util.concurrent.ThreadPoolExecutor$Worker.run(ThreadPoolExecutor.java:624)
	... 1 more
Caused by: org.apache.ratis.thirdparty.io.netty.channel.AbstractChannel$AnnotatedConnectException: Connection refused: /192.168.5.148:38198
	at sun.nio.ch.SocketChannelImpl.checkConnect(Native Method)
	at sun.nio.ch.SocketChannelImpl.finishConnect(SocketChannelImpl.java:717)
	at org.apache.ratis.thirdparty.io.netty.channel.socket.nio.NioSocketChannel.doFinishConnect(NioSocketChannel.java:327)
	at org.apache.ratis.thirdparty.io.netty.channel.nio.AbstractNioChannel$AbstractNioUnsafe.finishConnect(AbstractNioChannel.java:340)
	at org.apache.ratis.thirdparty.io.netty.channel.nio.NioEventLoop.processSelectedKey(NioEventLoop.java:632)
	at org.apache.ratis.thirdparty.io.netty.channel.nio.NioEventLoop.processSelectedKeysOptimized(NioEventLoop.java:579)
	at org.apache.ratis.thirdparty.io.netty.channel.nio.NioEventLoop.processSelectedKeys(NioEventLoop.java:496)
	at org.apache.ratis.thirdparty.io.netty.channel.nio.NioEventLoop.run(NioEventLoop.java:458)
	at org.apache.ratis.thirdparty.io.netty.util.concurrent.SingleThreadEventExecutor$5.run(SingleThreadEventExecutor.java:897)
	at org.apache.ratis.thirdparty.io.netty.util.concurrent.FastThreadLocalRunnable.run(FastThreadLocalRunnable.java:30)
	... 1 more
Caused by: java.net.ConnectException: Connection refused
	... 11 more
2019-09-24 19:07:07,226 [a1cd4983-4499-4ca1-85e6-001c65d6bf4f@group-DBEEB9FA338F:LeaderElection209] INFO  impl.LeaderElection (LogUtils.java:infoOrTrace(149)) - a1cd4983-4499-4ca1-85e6-001c65d6bf4f@group-DBEEB9FA338F:LeaderElection209 got exception when requesting votes: {}
java.util.concurrent.ExecutionException: org.apache.ratis.thirdparty.io.grpc.StatusRuntimeException: UNAVAILABLE: io exception
	at java.util.concurrent.FutureTask.report(FutureTask.java:122)
	at java.util.concurrent.FutureTask.get(FutureTask.java:192)
	at org.apache.ratis.server.impl.LeaderElection.waitForResults(LeaderElection.java:263)
	at org.apache.ratis.server.impl.LeaderElection.askForVotes(LeaderElection.java:201)
	at org.apache.ratis.server.impl.LeaderElection.run(LeaderElection.java:133)
	at java.lang.Thread.run(Thread.java:748)
Caused by: org.apache.ratis.thirdparty.io.grpc.StatusRuntimeException: UNAVAILABLE: io exception
	at org.apache.ratis.thirdparty.io.grpc.stub.ClientCalls.toStatusRuntimeException(ClientCalls.java:233)
	at org.apache.ratis.thirdparty.io.grpc.stub.ClientCalls.getUnchecked(ClientCalls.java:214)
	at org.apache.ratis.thirdparty.io.grpc.stub.ClientCalls.blockingUnaryCall(ClientCalls.java:139)
	at org.apache.ratis.proto.grpc.RaftServerProtocolServiceGrpc$RaftServerProtocolServiceBlockingStub.requestVote(RaftServerProtocolServiceGrpc.java:265)
	at org.apache.ratis.grpc.server.GrpcServerProtocolClient.requestVote(GrpcServerProtocolClient.java:90)
	at org.apache.ratis.grpc.server.GrpcService.requestVote(GrpcService.java:204)
	at org.apache.ratis.server.impl.LeaderElection.lambda$submitRequests$1(LeaderElection.java:238)
	at java.util.concurrent.FutureTask.run(FutureTask.java:266)
	at java.util.concurrent.Executors$RunnableAdapter.call(Executors.java:511)
	at java.util.concurrent.FutureTask.run(FutureTask.java:266)
	at java.util.concurrent.ThreadPoolExecutor.runWorker(ThreadPoolExecutor.java:1149)
	at java.util.concurrent.ThreadPoolExecutor$Worker.run(ThreadPoolExecutor.java:624)
	... 1 more
Caused by: org.apache.ratis.thirdparty.io.netty.channel.AbstractChannel$AnnotatedConnectException: Connection refused: /192.168.5.148:38198
	at sun.nio.ch.SocketChannelImpl.checkConnect(Native Method)
	at sun.nio.ch.SocketChannelImpl.finishConnect(SocketChannelImpl.java:717)
	at org.apache.ratis.thirdparty.io.netty.channel.socket.nio.NioSocketChannel.doFinishConnect(NioSocketChannel.java:327)
	at org.apache.ratis.thirdparty.io.netty.channel.nio.AbstractNioChannel$AbstractNioUnsafe.finishConnect(AbstractNioChannel.java:340)
	at org.apache.ratis.thirdparty.io.netty.channel.nio.NioEventLoop.processSelectedKey(NioEventLoop.java:632)
	at org.apache.ratis.thirdparty.io.netty.channel.nio.NioEventLoop.processSelectedKeysOptimized(NioEventLoop.java:579)
	at org.apache.ratis.thirdparty.io.netty.channel.nio.NioEventLoop.processSelectedKeys(NioEventLoop.java:496)
	at org.apache.ratis.thirdparty.io.netty.channel.nio.NioEventLoop.run(NioEventLoop.java:458)
	at org.apache.ratis.thirdparty.io.netty.util.concurrent.SingleThreadEventExecutor$5.run(SingleThreadEventExecutor.java:897)
	at org.apache.ratis.thirdparty.io.netty.util.concurrent.FastThreadLocalRunnable.run(FastThreadLocalRunnable.java:30)
	... 1 more
Caused by: java.net.ConnectException: Connection refused
	... 11 more
2019-09-24 19:07:07,236 [a1cd4983-4499-4ca1-85e6-001c65d6bf4f@group-638C6BD0F890:LeaderElection208] INFO  impl.LeaderElection (LeaderElection.java:logAndReturn(56)) - a1cd4983-4499-4ca1-85e6-001c65d6bf4f@group-638C6BD0F890:LeaderElection208: Election REJECTED; received 1 response(s) [a1cd4983-4499-4ca1-85e6-001c65d6bf4f<-56e639b0-539e-46f2-afe9-98e7bb950b90#0:FAIL-t1] and 1 exception(s); a1cd4983-4499-4ca1-85e6-001c65d6bf4f@group-638C6BD0F890:t1, leader=null, voted=a1cd4983-4499-4ca1-85e6-001c65d6bf4f, raftlog=a1cd4983-4499-4ca1-85e6-001c65d6bf4f@group-638C6BD0F890-SegmentedRaftLog:OPENED:c-1,f-1,i0, conf=-1: [a1cd4983-4499-4ca1-85e6-001c65d6bf4f:192.168.5.148:43964, bef30485-dff6-47d2-88a8-2d6b76a883db:192.168.5.148:38198, 56e639b0-539e-46f2-afe9-98e7bb950b90:192.168.5.148:41145], old=null
2019-09-24 19:07:07,237 [a1cd4983-4499-4ca1-85e6-001c65d6bf4f@group-DBEEB9FA338F:LeaderElection209] INFO  impl.LeaderElection (LeaderElection.java:logAndReturn(56)) - a1cd4983-4499-4ca1-85e6-001c65d6bf4f@group-DBEEB9FA338F:LeaderElection209: Election REJECTED; received 1 response(s) [a1cd4983-4499-4ca1-85e6-001c65d6bf4f<-56e639b0-539e-46f2-afe9-98e7bb950b90#0:FAIL-t1] and 1 exception(s); a1cd4983-4499-4ca1-85e6-001c65d6bf4f@group-DBEEB9FA338F:t1, leader=null, voted=a1cd4983-4499-4ca1-85e6-001c65d6bf4f, raftlog=a1cd4983-4499-4ca1-85e6-001c65d6bf4f@group-DBEEB9FA338F-SegmentedRaftLog:OPENED:c-1,f-1,i0, conf=-1: [a1cd4983-4499-4ca1-85e6-001c65d6bf4f:192.168.5.148:43964, bef30485-dff6-47d2-88a8-2d6b76a883db:192.168.5.148:38198, 56e639b0-539e-46f2-afe9-98e7bb950b90:192.168.5.148:41145], old=null
2019-09-24 19:07:07,236 [a1cd4983-4499-4ca1-85e6-001c65d6bf4f@group-E65683355006:LeaderElection210] INFO  impl.LeaderElection (LeaderElection.java:logAndReturn(56)) - a1cd4983-4499-4ca1-85e6-001c65d6bf4f@group-E65683355006:LeaderElection210: Election REJECTED; received 1 response(s) [a1cd4983-4499-4ca1-85e6-001c65d6bf4f<-56e639b0-539e-46f2-afe9-98e7bb950b90#0:FAIL-t1] and 1 exception(s); a1cd4983-4499-4ca1-85e6-001c65d6bf4f@group-E65683355006:t1, leader=null, voted=a1cd4983-4499-4ca1-85e6-001c65d6bf4f, raftlog=a1cd4983-4499-4ca1-85e6-001c65d6bf4f@group-E65683355006-SegmentedRaftLog:OPENED:c-1,f-1,i0, conf=-1: [a1cd4983-4499-4ca1-85e6-001c65d6bf4f:192.168.5.148:43964, bef30485-dff6-47d2-88a8-2d6b76a883db:192.168.5.148:38198, 56e639b0-539e-46f2-afe9-98e7bb950b90:192.168.5.148:41145], old=null
2019-09-24 19:07:07,235 [56e639b0-539e-46f2-afe9-98e7bb950b90@group-E65683355006:LeaderElection212] INFO  impl.LeaderElection (LeaderElection.java:logAndReturn(56)) - 56e639b0-539e-46f2-afe9-98e7bb950b90@group-E65683355006:LeaderElection212: Election REJECTED; received 1 response(s) [56e639b0-539e-46f2-afe9-98e7bb950b90<-a1cd4983-4499-4ca1-85e6-001c65d6bf4f#0:FAIL-t1] and 1 exception(s); 56e639b0-539e-46f2-afe9-98e7bb950b90@group-E65683355006:t1, leader=null, voted=56e639b0-539e-46f2-afe9-98e7bb950b90, raftlog=56e639b0-539e-46f2-afe9-98e7bb950b90@group-E65683355006-SegmentedRaftLog:OPENED:c-1,f-1,i0, conf=-1: [a1cd4983-4499-4ca1-85e6-001c65d6bf4f:192.168.5.148:43964, bef30485-dff6-47d2-88a8-2d6b76a883db:192.168.5.148:38198, 56e639b0-539e-46f2-afe9-98e7bb950b90:192.168.5.148:41145], old=null
2019-09-24 19:07:07,237 [56e639b0-539e-46f2-afe9-98e7bb950b90@group-E65683355006:LeaderElection212] INFO  impl.LeaderElection (LogUtils.java:infoOrTrace(149)) -   Exception 0: {}
java.util.concurrent.ExecutionException: org.apache.ratis.thirdparty.io.grpc.StatusRuntimeException: UNAVAILABLE: io exception
	at java.util.concurrent.FutureTask.report(FutureTask.java:122)
	at java.util.concurrent.FutureTask.get(FutureTask.java:192)
	at org.apache.ratis.server.impl.LeaderElection.waitForResults(LeaderElection.java:263)
	at org.apache.ratis.server.impl.LeaderElection.askForVotes(LeaderElection.java:201)
	at org.apache.ratis.server.impl.LeaderElection.run(LeaderElection.java:133)
	at java.lang.Thread.run(Thread.java:748)
Caused by: org.apache.ratis.thirdparty.io.grpc.StatusRuntimeException: UNAVAILABLE: io exception
	at org.apache.ratis.thirdparty.io.grpc.stub.ClientCalls.toStatusRuntimeException(ClientCalls.java:233)
	at org.apache.ratis.thirdparty.io.grpc.stub.ClientCalls.getUnchecked(ClientCalls.java:214)
	at org.apache.ratis.thirdparty.io.grpc.stub.ClientCalls.blockingUnaryCall(ClientCalls.java:139)
	at org.apache.ratis.proto.grpc.RaftServerProtocolServiceGrpc$RaftServerProtocolServiceBlockingStub.requestVote(RaftServerProtocolServiceGrpc.java:265)
	at org.apache.ratis.grpc.server.GrpcServerProtocolClient.requestVote(GrpcServerProtocolClient.java:90)
	at org.apache.ratis.grpc.server.GrpcService.requestVote(GrpcService.java:204)
	at org.apache.ratis.server.impl.LeaderElection.lambda$submitRequests$1(LeaderElection.java:238)
	at java.util.concurrent.FutureTask.run(FutureTask.java:266)
	at java.util.concurrent.Executors$RunnableAdapter.call(Executors.java:511)
	at java.util.concurrent.FutureTask.run(FutureTask.java:266)
	at java.util.concurrent.ThreadPoolExecutor.runWorker(ThreadPoolExecutor.java:1149)
	at java.util.concurrent.ThreadPoolExecutor$Worker.run(ThreadPoolExecutor.java:624)
	... 1 more
Caused by: org.apache.ratis.thirdparty.io.netty.channel.AbstractChannel$AnnotatedConnectException: Connection refused: /192.168.5.148:38198
	at sun.nio.ch.SocketChannelImpl.checkConnect(Native Method)
	at sun.nio.ch.SocketChannelImpl.finishConnect(SocketChannelImpl.java:717)
	at org.apache.ratis.thirdparty.io.netty.channel.socket.nio.NioSocketChannel.doFinishConnect(NioSocketChannel.java:327)
	at org.apache.ratis.thirdparty.io.netty.channel.nio.AbstractNioChannel$AbstractNioUnsafe.finishConnect(AbstractNioChannel.java:340)
	at org.apache.ratis.thirdparty.io.netty.channel.nio.NioEventLoop.processSelectedKey(NioEventLoop.java:632)
	at org.apache.ratis.thirdparty.io.netty.channel.nio.NioEventLoop.processSelectedKeysOptimized(NioEventLoop.java:579)
	at org.apache.ratis.thirdparty.io.netty.channel.nio.NioEventLoop.processSelectedKeys(NioEventLoop.java:496)
	at org.apache.ratis.thirdparty.io.netty.channel.nio.NioEventLoop.run(NioEventLoop.java:458)
	at org.apache.ratis.thirdparty.io.netty.util.concurrent.SingleThreadEventExecutor$5.run(SingleThreadEventExecutor.java:897)
	at org.apache.ratis.thirdparty.io.netty.util.concurrent.FastThreadLocalRunnable.run(FastThreadLocalRunnable.java:30)
	... 1 more
Caused by: java.net.ConnectException: Connection refused
	... 11 more
2019-09-24 19:07:07,234 [56e639b0-539e-46f2-afe9-98e7bb950b90@group-DBEEB9FA338F:LeaderElection214] INFO  impl.LeaderElection (LeaderElection.java:logAndReturn(56)) - 56e639b0-539e-46f2-afe9-98e7bb950b90@group-DBEEB9FA338F:LeaderElection214: Election REJECTED; received 1 response(s) [56e639b0-539e-46f2-afe9-98e7bb950b90<-a1cd4983-4499-4ca1-85e6-001c65d6bf4f#0:FAIL-t1] and 1 exception(s); 56e639b0-539e-46f2-afe9-98e7bb950b90@group-DBEEB9FA338F:t1, leader=null, voted=56e639b0-539e-46f2-afe9-98e7bb950b90, raftlog=56e639b0-539e-46f2-afe9-98e7bb950b90@group-DBEEB9FA338F-SegmentedRaftLog:OPENED:c-1,f-1,i0, conf=-1: [a1cd4983-4499-4ca1-85e6-001c65d6bf4f:192.168.5.148:43964, bef30485-dff6-47d2-88a8-2d6b76a883db:192.168.5.148:38198, 56e639b0-539e-46f2-afe9-98e7bb950b90:192.168.5.148:41145], old=null
2019-09-24 19:07:07,234 [56e639b0-539e-46f2-afe9-98e7bb950b90@group-638C6BD0F890:LeaderElection216] INFO  impl.LeaderElection (LogUtils.java:infoOrTrace(149)) -   Exception 0: {}
java.util.concurrent.ExecutionException: org.apache.ratis.thirdparty.io.grpc.StatusRuntimeException: UNAVAILABLE: io exception
	at java.util.concurrent.FutureTask.report(FutureTask.java:122)
	at java.util.concurrent.FutureTask.get(FutureTask.java:192)
	at org.apache.ratis.server.impl.LeaderElection.waitForResults(LeaderElection.java:263)
	at org.apache.ratis.server.impl.LeaderElection.askForVotes(LeaderElection.java:201)
	at org.apache.ratis.server.impl.LeaderElection.run(LeaderElection.java:133)
	at java.lang.Thread.run(Thread.java:748)
Caused by: org.apache.ratis.thirdparty.io.grpc.StatusRuntimeException: UNAVAILABLE: io exception
	at org.apache.ratis.thirdparty.io.grpc.stub.ClientCalls.toStatusRuntimeException(ClientCalls.java:233)
	at org.apache.ratis.thirdparty.io.grpc.stub.ClientCalls.getUnchecked(ClientCalls.java:214)
	at org.apache.ratis.thirdparty.io.grpc.stub.ClientCalls.blockingUnaryCall(ClientCalls.java:139)
	at org.apache.ratis.proto.grpc.RaftServerProtocolServiceGrpc$RaftServerProtocolServiceBlockingStub.requestVote(RaftServerProtocolServiceGrpc.java:265)
	at org.apache.ratis.grpc.server.GrpcServerProtocolClient.requestVote(GrpcServerProtocolClient.java:90)
	at org.apache.ratis.grpc.server.GrpcService.requestVote(GrpcService.java:204)
	at org.apache.ratis.server.impl.LeaderElection.lambda$submitRequests$1(LeaderElection.java:238)
	at java.util.concurrent.FutureTask.run(FutureTask.java:266)
	at java.util.concurrent.Executors$RunnableAdapter.call(Executors.java:511)
	at java.util.concurrent.FutureTask.run(FutureTask.java:266)
	at java.util.concurrent.ThreadPoolExecutor.runWorker(ThreadPoolExecutor.java:1149)
	at java.util.concurrent.ThreadPoolExecutor$Worker.run(ThreadPoolExecutor.java:624)
	... 1 more
Caused by: org.apache.ratis.thirdparty.io.netty.channel.AbstractChannel$AnnotatedConnectException: Connection refused: /192.168.5.148:38198
	at sun.nio.ch.SocketChannelImpl.checkConnect(Native Method)
	at sun.nio.ch.SocketChannelImpl.finishConnect(SocketChannelImpl.java:717)
	at org.apache.ratis.thirdparty.io.netty.channel.socket.nio.NioSocketChannel.doFinishConnect(NioSocketChannel.java:327)
	at org.apache.ratis.thirdparty.io.netty.channel.nio.AbstractNioChannel$AbstractNioUnsafe.finishConnect(AbstractNioChannel.java:340)
	at org.apache.ratis.thirdparty.io.netty.channel.nio.NioEventLoop.processSelectedKey(NioEventLoop.java:632)
	at org.apache.ratis.thirdparty.io.netty.channel.nio.NioEventLoop.processSelectedKeysOptimized(NioEventLoop.java:579)
	at org.apache.ratis.thirdparty.io.netty.channel.nio.NioEventLoop.processSelectedKeys(NioEventLoop.java:496)
	at org.apache.ratis.thirdparty.io.netty.channel.nio.NioEventLoop.run(NioEventLoop.java:458)
	at org.apache.ratis.thirdparty.io.netty.util.concurrent.SingleThreadEventExecutor$5.run(SingleThreadEventExecutor.java:897)
	at org.apache.ratis.thirdparty.io.netty.util.concurrent.FastThreadLocalRunnable.run(FastThreadLocalRunnable.java:30)
	... 1 more
Caused by: java.net.ConnectException: Connection refused
	... 11 more
2019-09-24 19:07:07,234 [bef30485-dff6-47d2-88a8-2d6b76a883db@group-638C6BD0F890:LeaderElection211] INFO  impl.LeaderElection (LeaderElection.java:run(140)) - bef30485-dff6-47d2-88a8-2d6b76a883db@group-638C6BD0F890:LeaderElection211: IllegalArgumentException is safely ignored since this is already CLOSING
2019-09-24 19:07:07,238 [56e639b0-539e-46f2-afe9-98e7bb950b90@group-638C6BD0F890:LeaderElection216] INFO  impl.RaftServerImpl (RaftServerImpl.java:setRole(174)) - 56e639b0-539e-46f2-afe9-98e7bb950b90@group-638C6BD0F890: changes role from CANDIDATE to FOLLOWER at term 1 for DISCOVERED_A_NEW_TERM
2019-09-24 19:07:07,239 [56e639b0-539e-46f2-afe9-98e7bb950b90@group-638C6BD0F890:LeaderElection216] INFO  impl.RoleInfo (RoleInfo.java:shutdownLeaderElection(134)) - 56e639b0-539e-46f2-afe9-98e7bb950b90: shutdown LeaderElection
2019-09-24 19:07:07,238 [56e639b0-539e-46f2-afe9-98e7bb950b90@group-DBEEB9FA338F:LeaderElection214] INFO  impl.LeaderElection (LogUtils.java:infoOrTrace(149)) -   Exception 0: {}
java.util.concurrent.ExecutionException: org.apache.ratis.thirdparty.io.grpc.StatusRuntimeException: UNAVAILABLE: io exception
	at java.util.concurrent.FutureTask.report(FutureTask.java:122)
	at java.util.concurrent.FutureTask.get(FutureTask.java:192)
	at org.apache.ratis.server.impl.LeaderElection.waitForResults(LeaderElection.java:263)
	at org.apache.ratis.server.impl.LeaderElection.askForVotes(LeaderElection.java:201)
	at org.apache.ratis.server.impl.LeaderElection.run(LeaderElection.java:133)
	at java.lang.Thread.run(Thread.java:748)
Caused by: org.apache.ratis.thirdparty.io.grpc.StatusRuntimeException: UNAVAILABLE: io exception
	at org.apache.ratis.thirdparty.io.grpc.stub.ClientCalls.toStatusRuntimeException(ClientCalls.java:233)
	at org.apache.ratis.thirdparty.io.grpc.stub.ClientCalls.getUnchecked(ClientCalls.java:214)
	at org.apache.ratis.thirdparty.io.grpc.stub.ClientCalls.blockingUnaryCall(ClientCalls.java:139)
	at org.apache.ratis.proto.grpc.RaftServerProtocolServiceGrpc$RaftServerProtocolServiceBlockingStub.requestVote(RaftServerProtocolServiceGrpc.java:265)
	at org.apache.ratis.grpc.server.GrpcServerProtocolClient.requestVote(GrpcServerProtocolClient.java:90)
	at org.apache.ratis.grpc.server.GrpcService.requestVote(GrpcService.java:204)
	at org.apache.ratis.server.impl.LeaderElection.lambda$submitRequests$1(LeaderElection.java:238)
	at java.util.concurrent.FutureTask.run(FutureTask.java:266)
	at java.util.concurrent.Executors$RunnableAdapter.call(Executors.java:511)
	at java.util.concurrent.FutureTask.run(FutureTask.java:266)
	at java.util.concurrent.ThreadPoolExecutor.runWorker(ThreadPoolExecutor.java:1149)
	at java.util.concurrent.ThreadPoolExecutor$Worker.run(ThreadPoolExecutor.java:624)
	... 1 more
Caused by: org.apache.ratis.thirdparty.io.netty.channel.AbstractChannel$AnnotatedConnectException: Connection refused: /192.168.5.148:38198
	at sun.nio.ch.SocketChannelImpl.checkConnect(Native Method)
	at sun.nio.ch.SocketChannelImpl.finishConnect(SocketChannelImpl.java:717)
	at org.apache.ratis.thirdparty.io.netty.channel.socket.nio.NioSocketChannel.doFinishConnect(NioSocketChannel.java:327)
	at org.apache.ratis.thirdparty.io.netty.channel.nio.AbstractNioChannel$AbstractNioUnsafe.finishConnect(AbstractNioChannel.java:340)
	at org.apache.ratis.thirdparty.io.netty.channel.nio.NioEventLoop.processSelectedKey(NioEventLoop.java:632)
	at org.apache.ratis.thirdparty.io.netty.channel.nio.NioEventLoop.processSelectedKeysOptimized(NioEventLoop.java:579)
	at org.apache.ratis.thirdparty.io.netty.channel.nio.NioEventLoop.processSelectedKeys(NioEventLoop.java:496)
	at org.apache.ratis.thirdparty.io.netty.channel.nio.NioEventLoop.run(NioEventLoop.java:458)
	at org.apache.ratis.thirdparty.io.netty.util.concurrent.SingleThreadEventExecutor$5.run(SingleThreadEventExecutor.java:897)
	at org.apache.ratis.thirdparty.io.netty.util.concurrent.FastThreadLocalRunnable.run(FastThreadLocalRunnable.java:30)
	... 1 more
Caused by: java.net.ConnectException: Connection refused
	... 11 more
2019-09-24 19:07:07,237 [56e639b0-539e-46f2-afe9-98e7bb950b90@group-E65683355006:LeaderElection212] INFO  impl.RaftServerImpl (RaftServerImpl.java:setRole(174)) - 56e639b0-539e-46f2-afe9-98e7bb950b90@group-E65683355006: changes role from CANDIDATE to FOLLOWER at term 1 for DISCOVERED_A_NEW_TERM
2019-09-24 19:07:07,239 [56e639b0-539e-46f2-afe9-98e7bb950b90@group-E65683355006:LeaderElection212] INFO  impl.RoleInfo (RoleInfo.java:shutdownLeaderElection(134)) - 56e639b0-539e-46f2-afe9-98e7bb950b90: shutdown LeaderElection
2019-09-24 19:07:07,237 [a1cd4983-4499-4ca1-85e6-001c65d6bf4f@group-E65683355006:LeaderElection210] INFO  impl.LeaderElection (LogUtils.java:infoOrTrace(149)) -   Exception 0: {}
java.util.concurrent.ExecutionException: org.apache.ratis.thirdparty.io.grpc.StatusRuntimeException: UNAVAILABLE: io exception
	at java.util.concurrent.FutureTask.report(FutureTask.java:122)
	at java.util.concurrent.FutureTask.get(FutureTask.java:192)
	at org.apache.ratis.server.impl.LeaderElection.waitForResults(LeaderElection.java:263)
	at org.apache.ratis.server.impl.LeaderElection.askForVotes(LeaderElection.java:201)
	at org.apache.ratis.server.impl.LeaderElection.run(LeaderElection.java:133)
	at java.lang.Thread.run(Thread.java:748)
Caused by: org.apache.ratis.thirdparty.io.grpc.StatusRuntimeException: UNAVAILABLE: io exception
	at org.apache.ratis.thirdparty.io.grpc.stub.ClientCalls.toStatusRuntimeException(ClientCalls.java:233)
	at org.apache.ratis.thirdparty.io.grpc.stub.ClientCalls.getUnchecked(ClientCalls.java:214)
	at org.apache.ratis.thirdparty.io.grpc.stub.ClientCalls.blockingUnaryCall(ClientCalls.java:139)
	at org.apache.ratis.proto.grpc.RaftServerProtocolServiceGrpc$RaftServerProtocolServiceBlockingStub.requestVote(RaftServerProtocolServiceGrpc.java:265)
	at org.apache.ratis.grpc.server.GrpcServerProtocolClient.requestVote(GrpcServerProtocolClient.java:90)
	at org.apache.ratis.grpc.server.GrpcService.requestVote(GrpcService.java:204)
	at org.apache.ratis.server.impl.LeaderElection.lambda$submitRequests$1(LeaderElection.java:238)
	at java.util.concurrent.FutureTask.run(FutureTask.java:266)
	at java.util.concurrent.Executors$RunnableAdapter.call(Executors.java:511)
	at java.util.concurrent.FutureTask.run(FutureTask.java:266)
	at java.util.concurrent.ThreadPoolExecutor.runWorker(ThreadPoolExecutor.java:1149)
	at java.util.concurrent.ThreadPoolExecutor$Worker.run(ThreadPoolExecutor.java:624)
	... 1 more
Caused by: org.apache.ratis.thirdparty.io.netty.channel.AbstractChannel$AnnotatedConnectException: Connection refused: /192.168.5.148:38198
	at sun.nio.ch.SocketChannelImpl.checkConnect(Native Method)
	at sun.nio.ch.SocketChannelImpl.finishConnect(SocketChannelImpl.java:717)
	at org.apache.ratis.thirdparty.io.netty.channel.socket.nio.NioSocketChannel.doFinishConnect(NioSocketChannel.java:327)
	at org.apache.ratis.thirdparty.io.netty.channel.nio.AbstractNioChannel$AbstractNioUnsafe.finishConnect(AbstractNioChannel.java:340)
	at org.apache.ratis.thirdparty.io.netty.channel.nio.NioEventLoop.processSelectedKey(NioEventLoop.java:632)
	at org.apache.ratis.thirdparty.io.netty.channel.nio.NioEventLoop.processSelectedKeysOptimized(NioEventLoop.java:579)
	at org.apache.ratis.thirdparty.io.netty.channel.nio.NioEventLoop.processSelectedKeys(NioEventLoop.java:496)
	at org.apache.ratis.thirdparty.io.netty.channel.nio.NioEventLoop.run(NioEventLoop.java:458)
	at org.apache.ratis.thirdparty.io.netty.util.concurrent.SingleThreadEventExecutor$5.run(SingleThreadEventExecutor.java:897)
	at org.apache.ratis.thirdparty.io.netty.util.concurrent.FastThreadLocalRunnable.run(FastThreadLocalRunnable.java:30)
	... 1 more
Caused by: java.net.ConnectException: Connection refused
	... 11 more
2019-09-24 19:07:07,237 [a1cd4983-4499-4ca1-85e6-001c65d6bf4f@group-DBEEB9FA338F:LeaderElection209] INFO  impl.LeaderElection (LogUtils.java:infoOrTrace(149)) -   Exception 0: {}
java.util.concurrent.ExecutionException: org.apache.ratis.thirdparty.io.grpc.StatusRuntimeException: UNAVAILABLE: io exception
	at java.util.concurrent.FutureTask.report(FutureTask.java:122)
	at java.util.concurrent.FutureTask.get(FutureTask.java:192)
	at org.apache.ratis.server.impl.LeaderElection.waitForResults(LeaderElection.java:263)
	at org.apache.ratis.server.impl.LeaderElection.askForVotes(LeaderElection.java:201)
	at org.apache.ratis.server.impl.LeaderElection.run(LeaderElection.java:133)
	at java.lang.Thread.run(Thread.java:748)
Caused by: org.apache.ratis.thirdparty.io.grpc.StatusRuntimeException: UNAVAILABLE: io exception
	at org.apache.ratis.thirdparty.io.grpc.stub.ClientCalls.toStatusRuntimeException(ClientCalls.java:233)
	at org.apache.ratis.thirdparty.io.grpc.stub.ClientCalls.getUnchecked(ClientCalls.java:214)
	at org.apache.ratis.thirdparty.io.grpc.stub.ClientCalls.blockingUnaryCall(ClientCalls.java:139)
	at org.apache.ratis.proto.grpc.RaftServerProtocolServiceGrpc$RaftServerProtocolServiceBlockingStub.requestVote(RaftServerProtocolServiceGrpc.java:265)
	at org.apache.ratis.grpc.server.GrpcServerProtocolClient.requestVote(GrpcServerProtocolClient.java:90)
	at org.apache.ratis.grpc.server.GrpcService.requestVote(GrpcService.java:204)
	at org.apache.ratis.server.impl.LeaderElection.lambda$submitRequests$1(LeaderElection.java:238)
	at java.util.concurrent.FutureTask.run(FutureTask.java:266)
	at java.util.concurrent.Executors$RunnableAdapter.call(Executors.java:511)
	at java.util.concurrent.FutureTask.run(FutureTask.java:266)
	at java.util.concurrent.ThreadPoolExecutor.runWorker(ThreadPoolExecutor.java:1149)
	at java.util.concurrent.ThreadPoolExecutor$Worker.run(ThreadPoolExecutor.java:624)
	... 1 more
Caused by: org.apache.ratis.thirdparty.io.netty.channel.AbstractChannel$AnnotatedConnectException: Connection refused: /192.168.5.148:38198
	at sun.nio.ch.SocketChannelImpl.checkConnect(Native Method)
	at sun.nio.ch.SocketChannelImpl.finishConnect(SocketChannelImpl.java:717)
	at org.apache.ratis.thirdparty.io.netty.channel.socket.nio.NioSocketChannel.doFinishConnect(NioSocketChannel.java:327)
	at org.apache.ratis.thirdparty.io.netty.channel.nio.AbstractNioChannel$AbstractNioUnsafe.finishConnect(AbstractNioChannel.java:340)
	at org.apache.ratis.thirdparty.io.netty.channel.nio.NioEventLoop.processSelectedKey(NioEventLoop.java:632)
	at org.apache.ratis.thirdparty.io.netty.channel.nio.NioEventLoop.processSelectedKeysOptimized(NioEventLoop.java:579)
	at org.apache.ratis.thirdparty.io.netty.channel.nio.NioEventLoop.processSelectedKeys(NioEventLoop.java:496)
	at org.apache.ratis.thirdparty.io.netty.channel.nio.NioEventLoop.run(NioEventLoop.java:458)
	at org.apache.ratis.thirdparty.io.netty.util.concurrent.SingleThreadEventExecutor$5.run(SingleThreadEventExecutor.java:897)
	at org.apache.ratis.thirdparty.io.netty.util.concurrent.FastThreadLocalRunnable.run(FastThreadLocalRunnable.java:30)
	... 1 more
Caused by: java.net.ConnectException: Connection refused
	... 11 more
2019-09-24 19:07:07,237 [a1cd4983-4499-4ca1-85e6-001c65d6bf4f@group-638C6BD0F890:LeaderElection208] INFO  impl.LeaderElection (LogUtils.java:infoOrTrace(149)) -   Exception 0: {}
java.util.concurrent.ExecutionException: org.apache.ratis.thirdparty.io.grpc.StatusRuntimeException: UNAVAILABLE: io exception
	at java.util.concurrent.FutureTask.report(FutureTask.java:122)
	at java.util.concurrent.FutureTask.get(FutureTask.java:192)
	at org.apache.ratis.server.impl.LeaderElection.waitForResults(LeaderElection.java:263)
	at org.apache.ratis.server.impl.LeaderElection.askForVotes(LeaderElection.java:201)
	at org.apache.ratis.server.impl.LeaderElection.run(LeaderElection.java:133)
	at java.lang.Thread.run(Thread.java:748)
Caused by: org.apache.ratis.thirdparty.io.grpc.StatusRuntimeException: UNAVAILABLE: io exception
	at org.apache.ratis.thirdparty.io.grpc.stub.ClientCalls.toStatusRuntimeException(ClientCalls.java:233)
	at org.apache.ratis.thirdparty.io.grpc.stub.ClientCalls.getUnchecked(ClientCalls.java:214)
	at org.apache.ratis.thirdparty.io.grpc.stub.ClientCalls.blockingUnaryCall(ClientCalls.java:139)
	at org.apache.ratis.proto.grpc.RaftServerProtocolServiceGrpc$RaftServerProtocolServiceBlockingStub.requestVote(RaftServerProtocolServiceGrpc.java:265)
	at org.apache.ratis.grpc.server.GrpcServerProtocolClient.requestVote(GrpcServerProtocolClient.java:90)
	at org.apache.ratis.grpc.server.GrpcService.requestVote(GrpcService.java:204)
	at org.apache.ratis.server.impl.LeaderElection.lambda$submitRequests$1(LeaderElection.java:238)
	at java.util.concurrent.FutureTask.run(FutureTask.java:266)
	at java.util.concurrent.Executors$RunnableAdapter.call(Executors.java:511)
	at java.util.concurrent.FutureTask.run(FutureTask.java:266)
	at java.util.concurrent.ThreadPoolExecutor.runWorker(ThreadPoolExecutor.java:1149)
	at java.util.concurrent.ThreadPoolExecutor$Worker.run(ThreadPoolExecutor.java:624)
	... 1 more
Caused by: org.apache.ratis.thirdparty.io.netty.channel.AbstractChannel$AnnotatedConnectException: Connection refused: /192.168.5.148:38198
	at sun.nio.ch.SocketChannelImpl.checkConnect(Native Method)
	at sun.nio.ch.SocketChannelImpl.finishConnect(SocketChannelImpl.java:717)
	at org.apache.ratis.thirdparty.io.netty.channel.socket.nio.NioSocketChannel.doFinishConnect(NioSocketChannel.java:327)
	at org.apache.ratis.thirdparty.io.netty.channel.nio.AbstractNioChannel$AbstractNioUnsafe.finishConnect(AbstractNioChannel.java:340)
	at org.apache.ratis.thirdparty.io.netty.channel.nio.NioEventLoop.processSelectedKey(NioEventLoop.java:632)
	at org.apache.ratis.thirdparty.io.netty.channel.nio.NioEventLoop.processSelectedKeysOptimized(NioEventLoop.java:579)
	at org.apache.ratis.thirdparty.io.netty.channel.nio.NioEventLoop.processSelectedKeys(NioEventLoop.java:496)
	at org.apache.ratis.thirdparty.io.netty.channel.nio.NioEventLoop.run(NioEventLoop.java:458)
	at org.apache.ratis.thirdparty.io.netty.util.concurrent.SingleThreadEventExecutor$5.run(SingleThreadEventExecutor.java:897)
	at org.apache.ratis.thirdparty.io.netty.util.concurrent.FastThreadLocalRunnable.run(FastThreadLocalRunnable.java:30)
	... 1 more
Caused by: java.net.ConnectException: Connection refused
	... 11 more
2019-09-24 19:07:07,241 [a1cd4983-4499-4ca1-85e6-001c65d6bf4f@group-DBEEB9FA338F:LeaderElection209] INFO  impl.RaftServerImpl (RaftServerImpl.java:setRole(174)) - a1cd4983-4499-4ca1-85e6-001c65d6bf4f@group-DBEEB9FA338F: changes role from CANDIDATE to FOLLOWER at term 1 for DISCOVERED_A_NEW_TERM
2019-09-24 19:07:07,241 [a1cd4983-4499-4ca1-85e6-001c65d6bf4f@group-DBEEB9FA338F:LeaderElection209] INFO  impl.RoleInfo (RoleInfo.java:shutdownLeaderElection(134)) - a1cd4983-4499-4ca1-85e6-001c65d6bf4f: shutdown LeaderElection
2019-09-24 19:07:07,240 [a1cd4983-4499-4ca1-85e6-001c65d6bf4f@group-E65683355006:LeaderElection210] INFO  impl.RaftServerImpl (RaftServerImpl.java:setRole(174)) - a1cd4983-4499-4ca1-85e6-001c65d6bf4f@group-E65683355006: changes role from CANDIDATE to FOLLOWER at term 1 for DISCOVERED_A_NEW_TERM
2019-09-24 19:07:07,240 [56e639b0-539e-46f2-afe9-98e7bb950b90@group-E65683355006:LeaderElection212] INFO  impl.RoleInfo (RoleInfo.java:updateAndGet(143)) - 56e639b0-539e-46f2-afe9-98e7bb950b90: start FollowerState
2019-09-24 19:07:07,239 [56e639b0-539e-46f2-afe9-98e7bb950b90@group-DBEEB9FA338F:LeaderElection214] INFO  impl.RaftServerImpl (RaftServerImpl.java:setRole(174)) - 56e639b0-539e-46f2-afe9-98e7bb950b90@group-DBEEB9FA338F: changes role from CANDIDATE to FOLLOWER at term 1 for DISCOVERED_A_NEW_TERM
2019-09-24 19:07:07,242 [56e639b0-539e-46f2-afe9-98e7bb950b90@group-DBEEB9FA338F:LeaderElection214] INFO  impl.RoleInfo (RoleInfo.java:shutdownLeaderElection(134)) - 56e639b0-539e-46f2-afe9-98e7bb950b90: shutdown LeaderElection
2019-09-24 19:07:07,239 [56e639b0-539e-46f2-afe9-98e7bb950b90@group-638C6BD0F890:LeaderElection216] INFO  impl.RoleInfo (RoleInfo.java:updateAndGet(143)) - 56e639b0-539e-46f2-afe9-98e7bb950b90: start FollowerState
2019-09-24 19:07:07,242 [56e639b0-539e-46f2-afe9-98e7bb950b90@group-DBEEB9FA338F:LeaderElection214] INFO  impl.RoleInfo (RoleInfo.java:updateAndGet(143)) - 56e639b0-539e-46f2-afe9-98e7bb950b90: start FollowerState
2019-09-24 19:07:07,242 [a1cd4983-4499-4ca1-85e6-001c65d6bf4f@group-E65683355006:LeaderElection210] INFO  impl.RoleInfo (RoleInfo.java:shutdownLeaderElection(134)) - a1cd4983-4499-4ca1-85e6-001c65d6bf4f: shutdown LeaderElection
2019-09-24 19:07:07,241 [a1cd4983-4499-4ca1-85e6-001c65d6bf4f@group-DBEEB9FA338F:LeaderElection209] INFO  impl.RoleInfo (RoleInfo.java:updateAndGet(143)) - a1cd4983-4499-4ca1-85e6-001c65d6bf4f: start FollowerState
2019-09-24 19:07:07,241 [a1cd4983-4499-4ca1-85e6-001c65d6bf4f@group-638C6BD0F890:LeaderElection208] INFO  impl.RaftServerImpl (RaftServerImpl.java:setRole(174)) - a1cd4983-4499-4ca1-85e6-001c65d6bf4f@group-638C6BD0F890: changes role from CANDIDATE to FOLLOWER at term 1 for DISCOVERED_A_NEW_TERM
2019-09-24 19:07:07,243 [a1cd4983-4499-4ca1-85e6-001c65d6bf4f@group-E65683355006:LeaderElection210] INFO  impl.RoleInfo (RoleInfo.java:updateAndGet(143)) - a1cd4983-4499-4ca1-85e6-001c65d6bf4f: start FollowerState
2019-09-24 19:07:07,243 [a1cd4983-4499-4ca1-85e6-001c65d6bf4f@group-638C6BD0F890:LeaderElection208] INFO  impl.RoleInfo (RoleInfo.java:shutdownLeaderElection(134)) - a1cd4983-4499-4ca1-85e6-001c65d6bf4f: shutdown LeaderElection
2019-09-24 19:07:07,243 [a1cd4983-4499-4ca1-85e6-001c65d6bf4f@group-638C6BD0F890:LeaderElection208] INFO  impl.RoleInfo (RoleInfo.java:updateAndGet(143)) - a1cd4983-4499-4ca1-85e6-001c65d6bf4f: start FollowerState
2019-09-24 19:07:07,342 [ForkJoinPool.commonPool-worker-1] INFO  ozoneimpl.OzoneContainer (OzoneContainer.java:stop(231)) - Attempting to stop container services.
2019-09-24 19:07:07,342 [ForkJoinPool.commonPool-worker-1] INFO  impl.RaftServerProxy (RaftServerProxy.java:lambda$close$4(314)) - 1c0f73f6-af19-4a4b-8f30-46606ded09de: close
2019-09-24 19:07:07,343 [ForkJoinPool.commonPool-worker-1] INFO  impl.RaftServerImpl (RaftServerImpl.java:lambda$shutdown$3(251)) - 1c0f73f6-af19-4a4b-8f30-46606ded09de@group-1FED364A9AFE: shutdown
2019-09-24 19:07:07,343 [ForkJoinPool.commonPool-worker-1] INFO  util.JmxRegister (JmxRegister.java:unregister(73)) - Successfully un-registered JMX Bean with object name Ratis:service=RaftServer,group=group-1FED364A9AFE,id=1c0f73f6-af19-4a4b-8f30-46606ded09de
2019-09-24 19:07:07,344 [ForkJoinPool.commonPool-worker-1] INFO  impl.RoleInfo (RoleInfo.java:shutdownLeaderState(104)) - 1c0f73f6-af19-4a4b-8f30-46606ded09de: shutdown LeaderState
2019-09-24 19:07:07,344 [ForkJoinPool.commonPool-worker-1] INFO  impl.PendingRequests (PendingRequests.java:sendNotLeaderResponses(202)) - 1c0f73f6-af19-4a4b-8f30-46606ded09de-PendingRequests: sendNotLeaderResponses
2019-09-24 19:07:07,345 [ForkJoinPool.commonPool-worker-1] INFO  impl.StateMachineUpdater (StateMachineUpdater.java:stopAndJoin(125)) - 1c0f73f6-af19-4a4b-8f30-46606ded09de@group-1FED364A9AFE-StateMachineUpdater: set stopIndex = 0
2019-09-24 19:07:07,345 [ForkJoinPool.commonPool-worker-1] INFO  impl.RaftServerImpl (ServerState.java:close(385)) - 1c0f73f6-af19-4a4b-8f30-46606ded09de@group-1FED364A9AFE: closes. applyIndex: 0
2019-09-24 19:07:07,346 [1c0f73f6-af19-4a4b-8f30-46606ded09de@group-1FED364A9AFE-SegmentedRaftLogWorker] INFO  segmented.SegmentedRaftLogWorker (SegmentedRaftLogWorker.java:run(313)) - 1c0f73f6-af19-4a4b-8f30-46606ded09de@group-1FED364A9AFE-SegmentedRaftLogWorker was interrupted, exiting. There are 0 tasks remaining in the queue.
2019-09-24 19:07:07,352 [ForkJoinPool.commonPool-worker-1] INFO  segmented.SegmentedRaftLogWorker (SegmentedRaftLogWorker.java:close(228)) - 1c0f73f6-af19-4a4b-8f30-46606ded09de@group-1FED364A9AFE-SegmentedRaftLogWorker close()
2019-09-24 19:07:07,362 [ForkJoinPool.commonPool-worker-1] INFO  server.GrpcService (GrpcService.java:closeImpl(164)) - 1c0f73f6-af19-4a4b-8f30-46606ded09de: shutdown server with port 41417 now
2019-09-24 19:07:07,362 [main] INFO  ozoneimpl.OzoneContainer (OzoneContainer.java:stop(231)) - Attempting to stop container services.
2019-09-24 19:07:07,366 [ForkJoinPool.commonPool-worker-1] INFO  server.GrpcService (GrpcService.java:closeImpl(172)) - 1c0f73f6-af19-4a4b-8f30-46606ded09de: shutdown server with port 41417 successfully
2019-09-24 19:07:07,367 [main] INFO  impl.RaftServerProxy (RaftServerProxy.java:lambda$close$4(314)) - 56e639b0-539e-46f2-afe9-98e7bb950b90: close
2019-09-24 19:07:07,367 [main] INFO  impl.RaftServerImpl (RaftServerImpl.java:lambda$shutdown$3(251)) - 56e639b0-539e-46f2-afe9-98e7bb950b90@group-DBEEB9FA338F: shutdown
2019-09-24 19:07:07,368 [main] INFO  util.JmxRegister (JmxRegister.java:unregister(73)) - Successfully un-registered JMX Bean with object name Ratis:service=RaftServer,group=group-DBEEB9FA338F,id=56e639b0-539e-46f2-afe9-98e7bb950b90
2019-09-24 19:07:07,368 [main] INFO  impl.RoleInfo (RoleInfo.java:shutdownFollowerState(121)) - 56e639b0-539e-46f2-afe9-98e7bb950b90: shutdown FollowerState
2019-09-24 19:07:07,368 [main] INFO  impl.StateMachineUpdater (StateMachineUpdater.java:stopAndJoin(125)) - 56e639b0-539e-46f2-afe9-98e7bb950b90@group-DBEEB9FA338F-StateMachineUpdater: set stopIndex = -1
2019-09-24 19:07:07,368 [Thread-3258] INFO  impl.FollowerState (FollowerState.java:run(115)) - 56e639b0-539e-46f2-afe9-98e7bb950b90: FollowerState was interrupted: java.lang.InterruptedException: sleep interrupted
2019-09-24 19:07:07,369 [main] INFO  impl.RaftServerImpl (ServerState.java:close(385)) - 56e639b0-539e-46f2-afe9-98e7bb950b90@group-DBEEB9FA338F: closes. applyIndex: -1
2019-09-24 19:07:07,369 [56e639b0-539e-46f2-afe9-98e7bb950b90@group-DBEEB9FA338F-SegmentedRaftLogWorker] INFO  segmented.SegmentedRaftLogWorker (SegmentedRaftLogWorker.java:run(313)) - 56e639b0-539e-46f2-afe9-98e7bb950b90@group-DBEEB9FA338F-SegmentedRaftLogWorker was interrupted, exiting. There are 0 tasks remaining in the queue.
2019-09-24 19:07:07,369 [main] INFO  segmented.SegmentedRaftLogWorker (SegmentedRaftLogWorker.java:close(228)) - 56e639b0-539e-46f2-afe9-98e7bb950b90@group-DBEEB9FA338F-SegmentedRaftLogWorker close()
2019-09-24 19:07:07,370 [refreshUsed-/workdir/hadoop-ozone/integration-test/target/test-dir/MiniOzoneClusterImpl-fd896651-19f7-4594-a8cd-2c001f85b2cc/datanode-3/data/containers] WARN  fs.CachingGetSpaceUsed (CachingGetSpaceUsed.java:run(183)) - Thread Interrupted waiting to refresh disk information: sleep interrupted
2019-09-24 19:07:07,388 [main] INFO  impl.RaftServerImpl (RaftServerImpl.java:lambda$shutdown$3(251)) - 56e639b0-539e-46f2-afe9-98e7bb950b90@group-E65683355006: shutdown
2019-09-24 19:07:07,389 [main] INFO  util.JmxRegister (JmxRegister.java:unregister(73)) - Successfully un-registered JMX Bean with object name Ratis:service=RaftServer,group=group-E65683355006,id=56e639b0-539e-46f2-afe9-98e7bb950b90
2019-09-24 19:07:07,389 [main] INFO  impl.RoleInfo (RoleInfo.java:shutdownFollowerState(121)) - 56e639b0-539e-46f2-afe9-98e7bb950b90: shutdown FollowerState
2019-09-24 19:07:07,390 [main] INFO  impl.StateMachineUpdater (StateMachineUpdater.java:stopAndJoin(125)) - 56e639b0-539e-46f2-afe9-98e7bb950b90@group-E65683355006-StateMachineUpdater: set stopIndex = -1
2019-09-24 19:07:07,390 [Thread-3256] INFO  impl.FollowerState (FollowerState.java:run(115)) - 56e639b0-539e-46f2-afe9-98e7bb950b90: FollowerState was interrupted: java.lang.InterruptedException: sleep interrupted
2019-09-24 19:07:07,392 [main] INFO  impl.RaftServerImpl (ServerState.java:close(385)) - 56e639b0-539e-46f2-afe9-98e7bb950b90@group-E65683355006: closes. applyIndex: -1
2019-09-24 19:07:07,392 [56e639b0-539e-46f2-afe9-98e7bb950b90@group-E65683355006-SegmentedRaftLogWorker] INFO  segmented.SegmentedRaftLogWorker (SegmentedRaftLogWorker.java:run(313)) - 56e639b0-539e-46f2-afe9-98e7bb950b90@group-E65683355006-SegmentedRaftLogWorker was interrupted, exiting. There are 0 tasks remaining in the queue.
2019-09-24 19:07:07,392 [main] INFO  segmented.SegmentedRaftLogWorker (SegmentedRaftLogWorker.java:close(228)) - 56e639b0-539e-46f2-afe9-98e7bb950b90@group-E65683355006-SegmentedRaftLogWorker close()
2019-09-24 19:07:07,395 [main] INFO  impl.RaftServerImpl (RaftServerImpl.java:lambda$shutdown$3(251)) - 56e639b0-539e-46f2-afe9-98e7bb950b90@group-1D2227E36EC6: shutdown
2019-09-24 19:07:07,395 [main] INFO  util.JmxRegister (JmxRegister.java:unregister(73)) - Successfully un-registered JMX Bean with object name Ratis:service=RaftServer,group=group-1D2227E36EC6,id=56e639b0-539e-46f2-afe9-98e7bb950b90
2019-09-24 19:07:07,396 [main] INFO  impl.RoleInfo (RoleInfo.java:shutdownLeaderState(104)) - 56e639b0-539e-46f2-afe9-98e7bb950b90: shutdown LeaderState
2019-09-24 19:07:07,396 [main] INFO  impl.PendingRequests (PendingRequests.java:sendNotLeaderResponses(202)) - 56e639b0-539e-46f2-afe9-98e7bb950b90-PendingRequests: sendNotLeaderResponses
2019-09-24 19:07:07,397 [main] INFO  impl.StateMachineUpdater (StateMachineUpdater.java:stopAndJoin(125)) - 56e639b0-539e-46f2-afe9-98e7bb950b90@group-1D2227E36EC6-StateMachineUpdater: set stopIndex = 0
2019-09-24 19:07:07,397 [main] INFO  impl.RaftServerImpl (ServerState.java:close(385)) - 56e639b0-539e-46f2-afe9-98e7bb950b90@group-1D2227E36EC6: closes. applyIndex: 0
2019-09-24 19:07:07,398 [56e639b0-539e-46f2-afe9-98e7bb950b90@group-1D2227E36EC6-SegmentedRaftLogWorker] INFO  segmented.SegmentedRaftLogWorker (SegmentedRaftLogWorker.java:run(313)) - 56e639b0-539e-46f2-afe9-98e7bb950b90@group-1D2227E36EC6-SegmentedRaftLogWorker was interrupted, exiting. There are 0 tasks remaining in the queue.
2019-09-24 19:07:07,400 [main] INFO  segmented.SegmentedRaftLogWorker (SegmentedRaftLogWorker.java:close(228)) - 56e639b0-539e-46f2-afe9-98e7bb950b90@group-1D2227E36EC6-SegmentedRaftLogWorker close()
2019-09-24 19:07:07,402 [main] INFO  impl.RaftServerImpl (RaftServerImpl.java:lambda$shutdown$3(251)) - 56e639b0-539e-46f2-afe9-98e7bb950b90@group-638C6BD0F890: shutdown
2019-09-24 19:07:07,403 [main] INFO  util.JmxRegister (JmxRegister.java:unregister(73)) - Successfully un-registered JMX Bean with object name Ratis:service=RaftServer,group=group-638C6BD0F890,id=56e639b0-539e-46f2-afe9-98e7bb950b90
2019-09-24 19:07:07,403 [main] INFO  impl.RoleInfo (RoleInfo.java:shutdownFollowerState(121)) - 56e639b0-539e-46f2-afe9-98e7bb950b90: shutdown FollowerState
2019-09-24 19:07:07,403 [main] INFO  impl.StateMachineUpdater (StateMachineUpdater.java:stopAndJoin(125)) - 56e639b0-539e-46f2-afe9-98e7bb950b90@group-638C6BD0F890-StateMachineUpdater: set stopIndex = -1
2019-09-24 19:07:07,403 [Thread-3255] INFO  impl.FollowerState (FollowerState.java:run(115)) - 56e639b0-539e-46f2-afe9-98e7bb950b90: FollowerState was interrupted: java.lang.InterruptedException: sleep interrupted
2019-09-24 19:07:07,404 [main] INFO  impl.RaftServerImpl (ServerState.java:close(385)) - 56e639b0-539e-46f2-afe9-98e7bb950b90@group-638C6BD0F890: closes. applyIndex: -1
2019-09-24 19:07:07,404 [56e639b0-539e-46f2-afe9-98e7bb950b90@group-638C6BD0F890-SegmentedRaftLogWorker] INFO  segmented.SegmentedRaftLogWorker (SegmentedRaftLogWorker.java:run(313)) - 56e639b0-539e-46f2-afe9-98e7bb950b90@group-638C6BD0F890-SegmentedRaftLogWorker was interrupted, exiting. There are 0 tasks remaining in the queue.
2019-09-24 19:07:07,404 [main] INFO  segmented.SegmentedRaftLogWorker (SegmentedRaftLogWorker.java:close(228)) - 56e639b0-539e-46f2-afe9-98e7bb950b90@group-638C6BD0F890-SegmentedRaftLogWorker close()
2019-09-24 19:07:07,407 [main] INFO  server.GrpcService (GrpcService.java:closeImpl(164)) - 56e639b0-539e-46f2-afe9-98e7bb950b90: shutdown server with port 41145 now
2019-09-24 19:07:07,408 [main] INFO  server.GrpcService (GrpcService.java:closeImpl(172)) - 56e639b0-539e-46f2-afe9-98e7bb950b90: shutdown server with port 41145 successfully
2019-09-24 19:07:07,410 [refreshUsed-/workdir/hadoop-ozone/integration-test/target/test-dir/MiniOzoneClusterImpl-fd896651-19f7-4594-a8cd-2c001f85b2cc/datanode-6/data/containers] WARN  fs.CachingGetSpaceUsed (CachingGetSpaceUsed.java:run(183)) - Thread Interrupted waiting to refresh disk information: sleep interrupted
2019-09-24 19:07:07,416 [ForkJoinPool.commonPool-worker-1] INFO  utils.BackgroundService (BackgroundService.java:shutdown(148)) - Shutting down service BlockDeletingService
2019-09-24 19:07:07,423 [ForkJoinPool.commonPool-worker-1] INFO  statemachine.DatanodeStateMachine (DatanodeStateMachine.java:stopDaemon(395)) - Ozone container server stopped.
2019-09-24 19:07:07,428 [ForkJoinPool.commonPool-worker-1] INFO  handler.ContextHandler (ContextHandler.java:doStop(910)) - Stopped o.e.j.w.WebAppContext@6b27b2d0{/,null,UNAVAILABLE}{/hddsDatanode}
2019-09-24 19:07:07,429 [ForkJoinPool.commonPool-worker-1] INFO  server.AbstractConnector (AbstractConnector.java:doStop(318)) - Stopped ServerConnector@4fb64e14{HTTP/1.1,[http/1.1]}{0.0.0.0:0}
2019-09-24 19:07:07,435 [ForkJoinPool.commonPool-worker-1] INFO  handler.ContextHandler (ContextHandler.java:doStop(910)) - Stopped o.e.j.s.ServletContextHandler@5ec88f9e{/static,jar:file:/home/user/.m2/repository/org/apache/hadoop/hadoop-hdds-container-service/0.5.0-SNAPSHOT/hadoop-hdds-container-service-0.5.0-SNAPSHOT.jar!/webapps/static,UNAVAILABLE}
2019-09-24 19:07:07,436 [ForkJoinPool.commonPool-worker-1] INFO  handler.ContextHandler (ContextHandler.java:doStop(910)) - Stopped o.e.j.s.ServletContextHandler@4a216eb4{/logs,file:///workdir/hadoop-ozone/integration-test/target/log,UNAVAILABLE}
2019-09-24 19:07:07,441 [main] INFO  utils.BackgroundService (BackgroundService.java:shutdown(148)) - Shutting down service BlockDeletingService
2019-09-24 19:07:07,446 [main] INFO  statemachine.DatanodeStateMachine (DatanodeStateMachine.java:stopDaemon(395)) - Ozone container server stopped.
2019-09-24 19:07:07,446 [main] INFO  handler.ContextHandler (ContextHandler.java:doStop(910)) - Stopped o.e.j.w.WebAppContext@62cbc478{/,null,UNAVAILABLE}{/hddsDatanode}
2019-09-24 19:07:07,447 [main] INFO  server.AbstractConnector (AbstractConnector.java:doStop(318)) - Stopped ServerConnector@5438fa43{HTTP/1.1,[http/1.1]}{0.0.0.0:0}
2019-09-24 19:07:07,447 [main] INFO  handler.ContextHandler (ContextHandler.java:doStop(910)) - Stopped o.e.j.s.ServletContextHandler@6ddd1c51{/static,jar:file:/home/user/.m2/repository/org/apache/hadoop/hadoop-hdds-container-service/0.5.0-SNAPSHOT/hadoop-hdds-container-service-0.5.0-SNAPSHOT.jar!/webapps/static,UNAVAILABLE}
2019-09-24 19:07:07,448 [main] INFO  handler.ContextHandler (ContextHandler.java:doStop(910)) - Stopped o.e.j.s.ServletContextHandler@492521c4{/logs,file:///workdir/hadoop-ozone/integration-test/target/log,UNAVAILABLE}
2019-09-24 19:07:08,046 [Datanode State Machine Thread - 0] INFO  statemachine.DatanodeStateMachine (DatanodeStateMachine.java:lambda$startDaemon$0(350)) - Ozone container server started.
2019-09-24 19:07:08,299 [Datanode State Machine Thread - 0] INFO  statemachine.DatanodeStateMachine (DatanodeStateMachine.java:lambda$startDaemon$0(350)) - Ozone container server started.
2019-09-24 19:07:08,325 [Thread-3257] INFO  impl.FollowerState (FollowerState.java:run(106)) - a1cd4983-4499-4ca1-85e6-001c65d6bf4f:group-DBEEB9FA338F changes to CANDIDATE, lastRpcTime:1083, electionTimeout:1082ms
2019-09-24 19:07:08,325 [Thread-3257] INFO  impl.RoleInfo (RoleInfo.java:shutdownFollowerState(121)) - a1cd4983-4499-4ca1-85e6-001c65d6bf4f: shutdown FollowerState
2019-09-24 19:07:08,326 [Thread-3257] INFO  impl.RaftServerImpl (RaftServerImpl.java:setRole(174)) - a1cd4983-4499-4ca1-85e6-001c65d6bf4f@group-DBEEB9FA338F: changes role from  FOLLOWER to CANDIDATE at term 1 for changeToCandidate
2019-09-24 19:07:08,326 [Thread-3257] INFO  impl.RoleInfo (RoleInfo.java:updateAndGet(143)) - a1cd4983-4499-4ca1-85e6-001c65d6bf4f: start LeaderElection
2019-09-24 19:07:08,375 [Thread-3259] INFO  impl.FollowerState (FollowerState.java:run(106)) - a1cd4983-4499-4ca1-85e6-001c65d6bf4f:group-E65683355006 changes to CANDIDATE, lastRpcTime:1131, electionTimeout:1131ms
2019-09-24 19:07:08,375 [Thread-3259] INFO  impl.RoleInfo (RoleInfo.java:shutdownFollowerState(121)) - a1cd4983-4499-4ca1-85e6-001c65d6bf4f: shutdown FollowerState
2019-09-24 19:07:08,375 [Thread-3259] INFO  impl.RaftServerImpl (RaftServerImpl.java:setRole(174)) - a1cd4983-4499-4ca1-85e6-001c65d6bf4f@group-E65683355006: changes role from  FOLLOWER to CANDIDATE at term 1 for changeToCandidate
2019-09-24 19:07:08,375 [Thread-3259] INFO  impl.RoleInfo (RoleInfo.java:updateAndGet(143)) - a1cd4983-4499-4ca1-85e6-001c65d6bf4f: start LeaderElection
2019-09-24 19:07:08,404 [Thread-3260] INFO  impl.FollowerState (FollowerState.java:run(106)) - a1cd4983-4499-4ca1-85e6-001c65d6bf4f:group-638C6BD0F890 changes to CANDIDATE, lastRpcTime:1160, electionTimeout:1160ms
2019-09-24 19:07:08,404 [Thread-3260] INFO  impl.RoleInfo (RoleInfo.java:shutdownFollowerState(121)) - a1cd4983-4499-4ca1-85e6-001c65d6bf4f: shutdown FollowerState
2019-09-24 19:07:08,404 [Thread-3260] INFO  impl.RaftServerImpl (RaftServerImpl.java:setRole(174)) - a1cd4983-4499-4ca1-85e6-001c65d6bf4f@group-638C6BD0F890: changes role from  FOLLOWER to CANDIDATE at term 1 for changeToCandidate
2019-09-24 19:07:08,404 [Thread-3260] INFO  impl.RoleInfo (RoleInfo.java:updateAndGet(143)) - a1cd4983-4499-4ca1-85e6-001c65d6bf4f: start LeaderElection
2019-09-24 19:07:12,437 [ForkJoinPool.commonPool-worker-1] INFO  ozoneimpl.OzoneContainer (OzoneContainer.java:stop(231)) - Attempting to stop container services.
2019-09-24 19:07:12,438 [ForkJoinPool.commonPool-worker-1] INFO  impl.RaftServerProxy (RaftServerProxy.java:lambda$close$4(314)) - c58aaf1c-89bb-4ba3-9ae1-98cdf66dbe75: close
2019-09-24 19:07:12,438 [ForkJoinPool.commonPool-worker-1] INFO  impl.RaftServerImpl (RaftServerImpl.java:lambda$shutdown$3(251)) - c58aaf1c-89bb-4ba3-9ae1-98cdf66dbe75@group-F8113E93C1BB: shutdown
2019-09-24 19:07:12,439 [ForkJoinPool.commonPool-worker-1] INFO  util.JmxRegister (JmxRegister.java:unregister(73)) - Successfully un-registered JMX Bean with object name Ratis:service=RaftServer,group=group-F8113E93C1BB,id=c58aaf1c-89bb-4ba3-9ae1-98cdf66dbe75
2019-09-24 19:07:12,439 [ForkJoinPool.commonPool-worker-1] INFO  impl.RoleInfo (RoleInfo.java:shutdownLeaderState(104)) - c58aaf1c-89bb-4ba3-9ae1-98cdf66dbe75: shutdown LeaderState
2019-09-24 19:07:12,439 [ForkJoinPool.commonPool-worker-1] INFO  impl.PendingRequests (PendingRequests.java:sendNotLeaderResponses(202)) - c58aaf1c-89bb-4ba3-9ae1-98cdf66dbe75-PendingRequests: sendNotLeaderResponses
2019-09-24 19:07:12,440 [ForkJoinPool.commonPool-worker-1] INFO  impl.StateMachineUpdater (StateMachineUpdater.java:stopAndJoin(125)) - c58aaf1c-89bb-4ba3-9ae1-98cdf66dbe75@group-F8113E93C1BB-StateMachineUpdater: set stopIndex = 0
2019-09-24 19:07:12,440 [ForkJoinPool.commonPool-worker-1] INFO  impl.RaftServerImpl (ServerState.java:close(385)) - c58aaf1c-89bb-4ba3-9ae1-98cdf66dbe75@group-F8113E93C1BB: closes. applyIndex: 0
2019-09-24 19:07:12,440 [c58aaf1c-89bb-4ba3-9ae1-98cdf66dbe75@group-F8113E93C1BB-SegmentedRaftLogWorker] INFO  segmented.SegmentedRaftLogWorker (SegmentedRaftLogWorker.java:run(313)) - c58aaf1c-89bb-4ba3-9ae1-98cdf66dbe75@group-F8113E93C1BB-SegmentedRaftLogWorker was interrupted, exiting. There are 0 tasks remaining in the queue.
2019-09-24 19:07:12,444 [ForkJoinPool.commonPool-worker-1] INFO  segmented.SegmentedRaftLogWorker (SegmentedRaftLogWorker.java:close(228)) - c58aaf1c-89bb-4ba3-9ae1-98cdf66dbe75@group-F8113E93C1BB-SegmentedRaftLogWorker close()
2019-09-24 19:07:12,447 [ForkJoinPool.commonPool-worker-1] INFO  server.GrpcService (GrpcService.java:closeImpl(164)) - c58aaf1c-89bb-4ba3-9ae1-98cdf66dbe75: shutdown server with port 43370 now
2019-09-24 19:07:12,450 [ForkJoinPool.commonPool-worker-1] INFO  server.GrpcService (GrpcService.java:closeImpl(172)) - c58aaf1c-89bb-4ba3-9ae1-98cdf66dbe75: shutdown server with port 43370 successfully
2019-09-24 19:07:12,450 [main] INFO  ozoneimpl.OzoneContainer (OzoneContainer.java:stop(231)) - Attempting to stop container services.
2019-09-24 19:07:12,450 [main] INFO  impl.RaftServerProxy (RaftServerProxy.java:lambda$close$4(314)) - e7fe0687-6752-4b4e-a826-e4ccbddfde1f: close
2019-09-24 19:07:12,463 [main] INFO  server.GrpcService (GrpcService.java:closeImpl(164)) - e7fe0687-6752-4b4e-a826-e4ccbddfde1f: shutdown server with port 36444 now
2019-09-24 19:07:12,464 [main] INFO  server.GrpcService (GrpcService.java:closeImpl(172)) - e7fe0687-6752-4b4e-a826-e4ccbddfde1f: shutdown server with port 36444 successfully
2019-09-24 19:07:12,466 [refreshUsed-/workdir/hadoop-ozone/integration-test/target/test-dir/MiniOzoneClusterImpl-fd896651-19f7-4594-a8cd-2c001f85b2cc/datanode-4/data/containers] WARN  fs.CachingGetSpaceUsed (CachingGetSpaceUsed.java:run(183)) - Thread Interrupted waiting to refresh disk information: sleep interrupted
2019-09-24 19:07:12,467 [refreshUsed-/workdir/hadoop-ozone/integration-test/target/test-dir/MiniOzoneClusterImpl-fd896651-19f7-4594-a8cd-2c001f85b2cc/datanode-8/data/containers] WARN  fs.CachingGetSpaceUsed (CachingGetSpaceUsed.java:run(183)) - Thread Interrupted waiting to refresh disk information: sleep interrupted
2019-09-24 19:07:12,486 [ForkJoinPool.commonPool-worker-1] INFO  utils.BackgroundService (BackgroundService.java:shutdown(148)) - Shutting down service BlockDeletingService
2019-09-24 19:07:12,492 [ForkJoinPool.commonPool-worker-1] INFO  statemachine.DatanodeStateMachine (DatanodeStateMachine.java:stopDaemon(395)) - Ozone container server stopped.
2019-09-24 19:07:12,494 [main] INFO  utils.BackgroundService (BackgroundService.java:shutdown(148)) - Shutting down service BlockDeletingService
2019-09-24 19:07:12,496 [ForkJoinPool.commonPool-worker-1] INFO  handler.ContextHandler (ContextHandler.java:doStop(910)) - Stopped o.e.j.w.WebAppContext@4d354a3e{/,null,UNAVAILABLE}{/hddsDatanode}
2019-09-24 19:07:12,501 [main] INFO  statemachine.DatanodeStateMachine (DatanodeStateMachine.java:stopDaemon(395)) - Ozone container server stopped.
2019-09-24 19:07:12,502 [ForkJoinPool.commonPool-worker-1] INFO  server.AbstractConnector (AbstractConnector.java:doStop(318)) - Stopped ServerConnector@24a0c58b{HTTP/1.1,[http/1.1]}{0.0.0.0:0}
2019-09-24 19:07:12,502 [ForkJoinPool.commonPool-worker-1] INFO  handler.ContextHandler (ContextHandler.java:doStop(910)) - Stopped o.e.j.s.ServletContextHandler@4b9c411{/static,jar:file:/home/user/.m2/repository/org/apache/hadoop/hadoop-hdds-container-service/0.5.0-SNAPSHOT/hadoop-hdds-container-service-0.5.0-SNAPSHOT.jar!/webapps/static,UNAVAILABLE}
2019-09-24 19:07:12,503 [ForkJoinPool.commonPool-worker-1] INFO  handler.ContextHandler (ContextHandler.java:doStop(910)) - Stopped o.e.j.s.ServletContextHandler@1e3f86d5{/logs,file:///workdir/hadoop-ozone/integration-test/target/log,UNAVAILABLE}
2019-09-24 19:07:12,503 [main] INFO  handler.ContextHandler (ContextHandler.java:doStop(910)) - Stopped o.e.j.w.WebAppContext@6b0f266e{/,null,UNAVAILABLE}{/hddsDatanode}
2019-09-24 19:07:12,504 [main] INFO  server.AbstractConnector (AbstractConnector.java:doStop(318)) - Stopped ServerConnector@4837f97e{HTTP/1.1,[http/1.1]}{0.0.0.0:0}
2019-09-24 19:07:12,504 [main] INFO  handler.ContextHandler (ContextHandler.java:doStop(910)) - Stopped o.e.j.s.ServletContextHandler@2bd8f7db{/static,jar:file:/home/user/.m2/repository/org/apache/hadoop/hadoop-hdds-container-service/0.5.0-SNAPSHOT/hadoop-hdds-container-service-0.5.0-SNAPSHOT.jar!/webapps/static,UNAVAILABLE}
2019-09-24 19:07:12,505 [main] INFO  handler.ContextHandler (ContextHandler.java:doStop(910)) - Stopped o.e.j.s.ServletContextHandler@bbb6f0{/logs,file:///workdir/hadoop-ozone/integration-test/target/log,UNAVAILABLE}
2019-09-24 19:07:12,796 [Datanode State Machine Thread - 0] INFO  statemachine.DatanodeStateMachine (DatanodeStateMachine.java:lambda$startDaemon$0(350)) - Ozone container server started.
2019-09-24 19:07:13,361 [Datanode State Machine Thread - 0] INFO  statemachine.DatanodeStateMachine (DatanodeStateMachine.java:lambda$startDaemon$0(350)) - Ozone container server started.
2019-09-24 19:07:17,504 [ForkJoinPool.commonPool-worker-1] INFO  ozoneimpl.OzoneContainer (OzoneContainer.java:stop(231)) - Attempting to stop container services.
2019-09-24 19:07:17,505 [ForkJoinPool.commonPool-worker-1] INFO  impl.RaftServerProxy (RaftServerProxy.java:lambda$close$4(314)) - 65e7b2a2-bc37-4edf-9ac3-f1ce4d9cbf03: close
2019-09-24 19:07:17,505 [ForkJoinPool.commonPool-worker-1] INFO  impl.RaftServerImpl (RaftServerImpl.java:lambda$shutdown$3(251)) - 65e7b2a2-bc37-4edf-9ac3-f1ce4d9cbf03@group-6A423CAE0535: shutdown
2019-09-24 19:07:17,505 [ForkJoinPool.commonPool-worker-1] INFO  util.JmxRegister (JmxRegister.java:unregister(73)) - Successfully un-registered JMX Bean with object name Ratis:service=RaftServer,group=group-6A423CAE0535,id=65e7b2a2-bc37-4edf-9ac3-f1ce4d9cbf03
2019-09-24 19:07:17,505 [ForkJoinPool.commonPool-worker-1] INFO  impl.RoleInfo (RoleInfo.java:shutdownLeaderState(104)) - 65e7b2a2-bc37-4edf-9ac3-f1ce4d9cbf03: shutdown LeaderState
2019-09-24 19:07:17,506 [ForkJoinPool.commonPool-worker-1] INFO  impl.PendingRequests (PendingRequests.java:sendNotLeaderResponses(202)) - 65e7b2a2-bc37-4edf-9ac3-f1ce4d9cbf03-PendingRequests: sendNotLeaderResponses
2019-09-24 19:07:17,506 [ForkJoinPool.commonPool-worker-1] INFO  impl.StateMachineUpdater (StateMachineUpdater.java:stopAndJoin(125)) - 65e7b2a2-bc37-4edf-9ac3-f1ce4d9cbf03@group-6A423CAE0535-StateMachineUpdater: set stopIndex = 0
2019-09-24 19:07:17,506 [ForkJoinPool.commonPool-worker-1] INFO  impl.RaftServerImpl (ServerState.java:close(385)) - 65e7b2a2-bc37-4edf-9ac3-f1ce4d9cbf03@group-6A423CAE0535: closes. applyIndex: 0
2019-09-24 19:07:17,507 [65e7b2a2-bc37-4edf-9ac3-f1ce4d9cbf03@group-6A423CAE0535-SegmentedRaftLogWorker] INFO  segmented.SegmentedRaftLogWorker (SegmentedRaftLogWorker.java:run(313)) - 65e7b2a2-bc37-4edf-9ac3-f1ce4d9cbf03@group-6A423CAE0535-SegmentedRaftLogWorker was interrupted, exiting. There are 0 tasks remaining in the queue.
2019-09-24 19:07:17,507 [main] INFO  ozoneimpl.OzoneContainer (OzoneContainer.java:stop(231)) - Attempting to stop container services.
2019-09-24 19:07:17,510 [ForkJoinPool.commonPool-worker-1] INFO  segmented.SegmentedRaftLogWorker (SegmentedRaftLogWorker.java:close(228)) - 65e7b2a2-bc37-4edf-9ac3-f1ce4d9cbf03@group-6A423CAE0535-SegmentedRaftLogWorker close()
2019-09-24 19:07:17,510 [main] INFO  impl.RaftServerProxy (RaftServerProxy.java:lambda$close$4(314)) - a1cd4983-4499-4ca1-85e6-001c65d6bf4f: close
2019-09-24 19:07:17,512 [ForkJoinPool.commonPool-worker-1] INFO  server.GrpcService (GrpcService.java:closeImpl(164)) - 65e7b2a2-bc37-4edf-9ac3-f1ce4d9cbf03: shutdown server with port 42621 now
2019-09-24 19:07:17,513 [main] INFO  impl.RaftServerImpl (RaftServerImpl.java:lambda$shutdown$3(251)) - a1cd4983-4499-4ca1-85e6-001c65d6bf4f@group-48289592A1DF: shutdown
2019-09-24 19:07:17,515 [ForkJoinPool.commonPool-worker-1] INFO  server.GrpcService (GrpcService.java:closeImpl(172)) - 65e7b2a2-bc37-4edf-9ac3-f1ce4d9cbf03: shutdown server with port 42621 successfully
2019-09-24 19:07:17,515 [main] INFO  util.JmxRegister (JmxRegister.java:unregister(73)) - Successfully un-registered JMX Bean with object name Ratis:service=RaftServer,group=group-48289592A1DF,id=a1cd4983-4499-4ca1-85e6-001c65d6bf4f
2019-09-24 19:07:17,515 [main] INFO  impl.RoleInfo (RoleInfo.java:shutdownLeaderState(104)) - a1cd4983-4499-4ca1-85e6-001c65d6bf4f: shutdown LeaderState
2019-09-24 19:07:17,516 [main] INFO  impl.PendingRequests (PendingRequests.java:sendNotLeaderResponses(202)) - a1cd4983-4499-4ca1-85e6-001c65d6bf4f-PendingRequests: sendNotLeaderResponses
2019-09-24 19:07:17,516 [main] INFO  impl.StateMachineUpdater (StateMachineUpdater.java:stopAndJoin(125)) - a1cd4983-4499-4ca1-85e6-001c65d6bf4f@group-48289592A1DF-StateMachineUpdater: set stopIndex = 0
2019-09-24 19:07:17,517 [main] INFO  impl.RaftServerImpl (ServerState.java:close(385)) - a1cd4983-4499-4ca1-85e6-001c65d6bf4f@group-48289592A1DF: closes. applyIndex: 0
2019-09-24 19:07:17,518 [a1cd4983-4499-4ca1-85e6-001c65d6bf4f@group-48289592A1DF-SegmentedRaftLogWorker] INFO  segmented.SegmentedRaftLogWorker (SegmentedRaftLogWorker.java:run(313)) - a1cd4983-4499-4ca1-85e6-001c65d6bf4f@group-48289592A1DF-SegmentedRaftLogWorker was interrupted, exiting. There are 0 tasks remaining in the queue.
2019-09-24 19:07:17,518 [refreshUsed-/workdir/hadoop-ozone/integration-test/target/test-dir/MiniOzoneClusterImpl-fd896651-19f7-4594-a8cd-2c001f85b2cc/datanode-0/data/containers] WARN  fs.CachingGetSpaceUsed (CachingGetSpaceUsed.java:run(183)) - Thread Interrupted waiting to refresh disk information: sleep interrupted
2019-09-24 19:07:17,520 [main] INFO  segmented.SegmentedRaftLogWorker (SegmentedRaftLogWorker.java:close(228)) - a1cd4983-4499-4ca1-85e6-001c65d6bf4f@group-48289592A1DF-SegmentedRaftLogWorker close()
2019-09-24 19:07:17,532 [main] INFO  impl.RaftServerImpl (RaftServerImpl.java:lambda$shutdown$3(251)) - a1cd4983-4499-4ca1-85e6-001c65d6bf4f@group-DBEEB9FA338F: shutdown
2019-09-24 19:07:17,535 [main] INFO  util.JmxRegister (JmxRegister.java:unregister(73)) - Successfully un-registered JMX Bean with object name Ratis:service=RaftServer,group=group-DBEEB9FA338F,id=a1cd4983-4499-4ca1-85e6-001c65d6bf4f
2019-09-24 19:07:17,535 [main] INFO  impl.RoleInfo (RoleInfo.java:shutdownLeaderElection(134)) - a1cd4983-4499-4ca1-85e6-001c65d6bf4f: shutdown LeaderElection
2019-09-24 19:07:17,536 [main] INFO  impl.StateMachineUpdater (StateMachineUpdater.java:stopAndJoin(125)) - a1cd4983-4499-4ca1-85e6-001c65d6bf4f@group-DBEEB9FA338F-StateMachineUpdater: set stopIndex = -1
2019-09-24 19:07:17,536 [main] INFO  impl.RaftServerImpl (ServerState.java:close(385)) - a1cd4983-4499-4ca1-85e6-001c65d6bf4f@group-DBEEB9FA338F: closes. applyIndex: -1
2019-09-24 19:07:17,536 [a1cd4983-4499-4ca1-85e6-001c65d6bf4f@group-DBEEB9FA338F-SegmentedRaftLogWorker] INFO  segmented.SegmentedRaftLogWorker (SegmentedRaftLogWorker.java:run(313)) - a1cd4983-4499-4ca1-85e6-001c65d6bf4f@group-DBEEB9FA338F-SegmentedRaftLogWorker was interrupted, exiting. There are 0 tasks remaining in the queue.
2019-09-24 19:07:17,537 [main] INFO  segmented.SegmentedRaftLogWorker (SegmentedRaftLogWorker.java:close(228)) - a1cd4983-4499-4ca1-85e6-001c65d6bf4f@group-DBEEB9FA338F-SegmentedRaftLogWorker close()
2019-09-24 19:07:17,537 [main] INFO  impl.RaftServerImpl (RaftServerImpl.java:lambda$shutdown$3(251)) - a1cd4983-4499-4ca1-85e6-001c65d6bf4f@group-E65683355006: shutdown
2019-09-24 19:07:17,537 [main] INFO  util.JmxRegister (JmxRegister.java:unregister(73)) - Successfully un-registered JMX Bean with object name Ratis:service=RaftServer,group=group-E65683355006,id=a1cd4983-4499-4ca1-85e6-001c65d6bf4f
2019-09-24 19:07:17,538 [main] INFO  impl.RoleInfo (RoleInfo.java:shutdownLeaderElection(134)) - a1cd4983-4499-4ca1-85e6-001c65d6bf4f: shutdown LeaderElection
2019-09-24 19:07:17,538 [main] INFO  impl.StateMachineUpdater (StateMachineUpdater.java:stopAndJoin(125)) - a1cd4983-4499-4ca1-85e6-001c65d6bf4f@group-E65683355006-StateMachineUpdater: set stopIndex = -1
2019-09-24 19:07:17,538 [main] INFO  impl.RaftServerImpl (ServerState.java:close(385)) - a1cd4983-4499-4ca1-85e6-001c65d6bf4f@group-E65683355006: closes. applyIndex: -1
2019-09-24 19:07:17,539 [a1cd4983-4499-4ca1-85e6-001c65d6bf4f@group-E65683355006-SegmentedRaftLogWorker] INFO  segmented.SegmentedRaftLogWorker (SegmentedRaftLogWorker.java:run(313)) - a1cd4983-4499-4ca1-85e6-001c65d6bf4f@group-E65683355006-SegmentedRaftLogWorker was interrupted, exiting. There are 0 tasks remaining in the queue.
2019-09-24 19:07:17,539 [main] INFO  segmented.SegmentedRaftLogWorker (SegmentedRaftLogWorker.java:close(228)) - a1cd4983-4499-4ca1-85e6-001c65d6bf4f@group-E65683355006-SegmentedRaftLogWorker close()
2019-09-24 19:07:17,539 [main] INFO  impl.RaftServerImpl (RaftServerImpl.java:lambda$shutdown$3(251)) - a1cd4983-4499-4ca1-85e6-001c65d6bf4f@group-638C6BD0F890: shutdown
2019-09-24 19:07:17,540 [main] INFO  util.JmxRegister (JmxRegister.java:unregister(73)) - Successfully un-registered JMX Bean with object name Ratis:service=RaftServer,group=group-638C6BD0F890,id=a1cd4983-4499-4ca1-85e6-001c65d6bf4f
2019-09-24 19:07:17,540 [main] INFO  impl.RoleInfo (RoleInfo.java:shutdownLeaderElection(134)) - a1cd4983-4499-4ca1-85e6-001c65d6bf4f: shutdown LeaderElection
2019-09-24 19:07:17,540 [main] INFO  impl.StateMachineUpdater (StateMachineUpdater.java:stopAndJoin(125)) - a1cd4983-4499-4ca1-85e6-001c65d6bf4f@group-638C6BD0F890-StateMachineUpdater: set stopIndex = -1
2019-09-24 19:07:17,540 [main] INFO  impl.RaftServerImpl (ServerState.java:close(385)) - a1cd4983-4499-4ca1-85e6-001c65d6bf4f@group-638C6BD0F890: closes. applyIndex: -1
2019-09-24 19:07:17,541 [a1cd4983-4499-4ca1-85e6-001c65d6bf4f@group-638C6BD0F890-SegmentedRaftLogWorker] INFO  segmented.SegmentedRaftLogWorker (SegmentedRaftLogWorker.java:run(313)) - a1cd4983-4499-4ca1-85e6-001c65d6bf4f@group-638C6BD0F890-SegmentedRaftLogWorker was interrupted, exiting. There are 0 tasks remaining in the queue.
2019-09-24 19:07:17,541 [main] INFO  segmented.SegmentedRaftLogWorker (SegmentedRaftLogWorker.java:close(228)) - a1cd4983-4499-4ca1-85e6-001c65d6bf4f@group-638C6BD0F890-SegmentedRaftLogWorker close()
2019-09-24 19:07:17,541 [main] INFO  server.GrpcService (GrpcService.java:closeImpl(164)) - a1cd4983-4499-4ca1-85e6-001c65d6bf4f: shutdown server with port 43964 now
2019-09-24 19:07:17,542 [main] INFO  server.GrpcService (GrpcService.java:closeImpl(172)) - a1cd4983-4499-4ca1-85e6-001c65d6bf4f: shutdown server with port 43964 successfully
2019-09-24 19:07:17,547 [refreshUsed-/workdir/hadoop-ozone/integration-test/target/test-dir/MiniOzoneClusterImpl-fd896651-19f7-4594-a8cd-2c001f85b2cc/datanode-9/data/containers] WARN  fs.CachingGetSpaceUsed (CachingGetSpaceUsed.java:run(183)) - Thread Interrupted waiting to refresh disk information: sleep interrupted
2019-09-24 19:07:17,554 [ForkJoinPool.commonPool-worker-1] INFO  utils.BackgroundService (BackgroundService.java:shutdown(148)) - Shutting down service BlockDeletingService
2019-09-24 19:07:17,564 [ForkJoinPool.commonPool-worker-1] INFO  statemachine.DatanodeStateMachine (DatanodeStateMachine.java:stopDaemon(395)) - Ozone container server stopped.
2019-09-24 19:07:17,567 [ForkJoinPool.commonPool-worker-1] INFO  handler.ContextHandler (ContextHandler.java:doStop(910)) - Stopped o.e.j.w.WebAppContext@32507479{/,null,UNAVAILABLE}{/hddsDatanode}
2019-09-24 19:07:17,568 [ForkJoinPool.commonPool-worker-1] INFO  server.AbstractConnector (AbstractConnector.java:doStop(318)) - Stopped ServerConnector@632383b9{HTTP/1.1,[http/1.1]}{0.0.0.0:0}
2019-09-24 19:07:17,568 [ForkJoinPool.commonPool-worker-1] INFO  handler.ContextHandler (ContextHandler.java:doStop(910)) - Stopped o.e.j.s.ServletContextHandler@696b52bc{/static,jar:file:/home/user/.m2/repository/org/apache/hadoop/hadoop-hdds-container-service/0.5.0-SNAPSHOT/hadoop-hdds-container-service-0.5.0-SNAPSHOT.jar!/webapps/static,UNAVAILABLE}
2019-09-24 19:07:17,569 [ForkJoinPool.commonPool-worker-1] INFO  handler.ContextHandler (ContextHandler.java:doStop(910)) - Stopped o.e.j.s.ServletContextHandler@2e0fdbe9{/logs,file:///workdir/hadoop-ozone/integration-test/target/log,UNAVAILABLE}
2019-09-24 19:07:17,572 [main] INFO  utils.BackgroundService (BackgroundService.java:shutdown(148)) - Shutting down service BlockDeletingService
2019-09-24 19:07:17,575 [main] INFO  statemachine.DatanodeStateMachine (DatanodeStateMachine.java:stopDaemon(395)) - Ozone container server stopped.
2019-09-24 19:07:17,575 [main] INFO  handler.ContextHandler (ContextHandler.java:doStop(910)) - Stopped o.e.j.w.WebAppContext@1332dec4{/,null,UNAVAILABLE}{/hddsDatanode}
2019-09-24 19:07:17,576 [main] INFO  server.AbstractConnector (AbstractConnector.java:doStop(318)) - Stopped ServerConnector@544e3679{HTTP/1.1,[http/1.1]}{0.0.0.0:0}
2019-09-24 19:07:17,576 [main] INFO  handler.ContextHandler (ContextHandler.java:doStop(910)) - Stopped o.e.j.s.ServletContextHandler@130cfc47{/static,jar:file:/home/user/.m2/repository/org/apache/hadoop/hadoop-hdds-container-service/0.5.0-SNAPSHOT/hadoop-hdds-container-service-0.5.0-SNAPSHOT.jar!/webapps/static,UNAVAILABLE}
2019-09-24 19:07:17,577 [main] INFO  handler.ContextHandler (ContextHandler.java:doStop(910)) - Stopped o.e.j.s.ServletContextHandler@7a0ab480{/logs,file:///workdir/hadoop-ozone/integration-test/target/log,UNAVAILABLE}
2019-09-24 19:07:17,677 [a1cd4983-4499-4ca1-85e6-001c65d6bf4f@group-638C6BD0F890:LeaderElection219] INFO  impl.LeaderElection (LeaderElection.java:askForVotes(182)) - a1cd4983-4499-4ca1-85e6-001c65d6bf4f@group-638C6BD0F890:LeaderElection219: begin an election at term 2 for -1: [a1cd4983-4499-4ca1-85e6-001c65d6bf4f:192.168.5.148:43964, bef30485-dff6-47d2-88a8-2d6b76a883db:192.168.5.148:38198, 56e639b0-539e-46f2-afe9-98e7bb950b90:192.168.5.148:41145], old=null
2019-09-24 19:07:17,677 [a1cd4983-4499-4ca1-85e6-001c65d6bf4f@group-DBEEB9FA338F:LeaderElection217] INFO  impl.LeaderElection (LeaderElection.java:askForVotes(182)) - a1cd4983-4499-4ca1-85e6-001c65d6bf4f@group-DBEEB9FA338F:LeaderElection217: begin an election at term 2 for -1: [a1cd4983-4499-4ca1-85e6-001c65d6bf4f:192.168.5.148:43964, bef30485-dff6-47d2-88a8-2d6b76a883db:192.168.5.148:38198, 56e639b0-539e-46f2-afe9-98e7bb950b90:192.168.5.148:41145], old=null
2019-09-24 19:07:17,677 [a1cd4983-4499-4ca1-85e6-001c65d6bf4f@group-638C6BD0F890:LeaderElection219] INFO  impl.LeaderElection (LogUtils.java:infoOrTrace(149)) - Failed a1cd4983-4499-4ca1-85e6-001c65d6bf4f@group-638C6BD0F890:LeaderElection219, state=CLOSING: {}
java.lang.IllegalArgumentException: a1cd4983-4499-4ca1-85e6-001c65d6bf4f@group-638C6BD0F890-SegmentedRaftLog is expected to be opened but it is CLOSED
	at org.apache.ratis.util.OpenCloseState.assertOpen(OpenCloseState.java:63)
	at org.apache.ratis.server.raftlog.RaftLog.checkLogState(RaftLog.java:102)
	at org.apache.ratis.server.raftlog.segmented.SegmentedRaftLog.getLastEntryTermIndex(SegmentedRaftLog.java:324)
	at org.apache.ratis.server.impl.LeaderElection.askForVotes(LeaderElection.java:184)
	at org.apache.ratis.server.impl.LeaderElection.run(LeaderElection.java:133)
	at java.lang.Thread.run(Thread.java:748)
Caused by: org.apache.ratis.util.OpenCloseState$CloseTrace: Close a1cd4983-4499-4ca1-85e6-001c65d6bf4f@group-638C6BD0F890-SegmentedRaftLog
	at org.apache.ratis.util.OpenCloseState.lambda$close$1(OpenCloseState.java:109)
	at java.util.concurrent.atomic.AtomicReference.getAndUpdate(AtomicReference.java:160)
	at org.apache.ratis.util.OpenCloseState.close(OpenCloseState.java:109)
	at org.apache.ratis.server.raftlog.RaftLog.close(RaftLog.java:437)
	at org.apache.ratis.server.raftlog.segmented.SegmentedRaftLog.close(SegmentedRaftLog.java:476)
	at org.apache.ratis.server.impl.ServerState.close(ServerState.java:387)
	at org.apache.ratis.server.impl.RaftServerImpl.lambda$shutdown$3(RaftServerImpl.java:273)
	at org.apache.ratis.util.LifeCycle.lambda$checkStateAndClose$2(LifeCycle.java:231)
	at org.apache.ratis.util.LifeCycle.checkStateAndClose(LifeCycle.java:251)
	at org.apache.ratis.util.LifeCycle.checkStateAndClose(LifeCycle.java:229)
	at org.apache.ratis.server.impl.RaftServerImpl.shutdown(RaftServerImpl.java:250)
	at org.apache.ratis.server.impl.RaftServerProxy$ImplMap.lambda$close$0(RaftServerProxy.java:107)
	at java.util.stream.ForEachOps$ForEachOp$OfRef.accept(ForEachOps.java:184)
	at java.util.stream.ReferencePipeline$3$1.accept(ReferencePipeline.java:193)
	at java.util.concurrent.ConcurrentHashMap$ValueSpliterator.forEachRemaining(ConcurrentHashMap.java:3566)
	at java.util.stream.AbstractPipeline.copyInto(AbstractPipeline.java:482)
	at java.util.stream.ForEachOps$ForEachTask.compute(ForEachOps.java:291)
	at java.util.concurrent.CountedCompleter.exec(CountedCompleter.java:731)
	at java.util.concurrent.ForkJoinTask.doExec(ForkJoinTask.java:289)
	at java.util.concurrent.ForkJoinPool.helpComplete(ForkJoinPool.java:1870)
	at java.util.concurrent.ForkJoinPool.externalHelpComplete(ForkJoinPool.java:2467)
	at java.util.concurrent.ForkJoinTask.externalAwaitDone(ForkJoinTask.java:324)
	at java.util.concurrent.ForkJoinTask.doInvoke(ForkJoinTask.java:405)
	at java.util.concurrent.ForkJoinTask.invoke(ForkJoinTask.java:734)
	at java.util.stream.ForEachOps$ForEachOp.evaluateParallel(ForEachOps.java:160)
	at java.util.stream.ForEachOps$ForEachOp$OfRef.evaluateParallel(ForEachOps.java:174)
	at java.util.stream.AbstractPipeline.evaluate(AbstractPipeline.java:233)
	at java.util.stream.ReferencePipeline.forEach(ReferencePipeline.java:418)
	at org.apache.ratis.server.impl.RaftServerProxy$ImplMap.close(RaftServerProxy.java:107)
	at org.apache.ratis.server.impl.RaftServerProxy.lambda$close$4(RaftServerProxy.java:315)
	at org.apache.ratis.util.LifeCycle.lambda$checkStateAndClose$2(LifeCycle.java:231)
	at org.apache.ratis.util.LifeCycle.checkStateAndClose(LifeCycle.java:251)
	at org.apache.ratis.util.LifeCycle.checkStateAndClose(LifeCycle.java:229)
	at org.apache.ratis.server.impl.RaftServerProxy.close(RaftServerProxy.java:313)
	at org.apache.hadoop.ozone.container.common.transport.server.ratis.XceiverServerRatis.stop(XceiverServerRatis.java:441)
	at org.apache.hadoop.ozone.container.ozoneimpl.OzoneContainer.stop(OzoneContainer.java:233)
	at org.apache.hadoop.ozone.container.common.statemachine.DatanodeStateMachine.close(DatanodeStateMachine.java:270)
	at org.apache.hadoop.ozone.container.common.statemachine.DatanodeStateMachine.stopDaemon(DatanodeStateMachine.java:394)
	at org.apache.hadoop.ozone.HddsDatanodeService.stop(HddsDatanodeService.java:457)
	at org.apache.hadoop.ozone.MiniOzoneClusterImpl.stopDatanode(MiniOzoneClusterImpl.java:385)
	at java.util.stream.ForEachOps$ForEachOp$OfRef.accept(ForEachOps.java:184)
	at java.util.ArrayList$ArrayListSpliterator.forEachRemaining(ArrayList.java:1382)
	at java.util.stream.AbstractPipeline.copyInto(AbstractPipeline.java:482)
	at java.util.stream.ForEachOps$ForEachTask.compute(ForEachOps.java:291)
	at java.util.concurrent.CountedCompleter.exec(CountedCompleter.java:731)
	at java.util.concurrent.ForkJoinTask.doExec(ForkJoinTask.java:289)
	at java.util.concurrent.ForkJoinPool.helpComplete(ForkJoinPool.java:1870)
	at java.util.concurrent.ForkJoinPool.externalHelpComplete(ForkJoinPool.java:2467)
	at java.util.concurrent.ForkJoinTask.externalAwaitDone(ForkJoinTask.java:324)
	at java.util.concurrent.ForkJoinTask.doInvoke(ForkJoinTask.java:405)
	at java.util.concurrent.ForkJoinTask.invoke(ForkJoinTask.java:734)
	at java.util.stream.ForEachOps$ForEachOp.evaluateParallel(ForEachOps.java:160)
	at java.util.stream.ForEachOps$ForEachOp$OfRef.evaluateParallel(ForEachOps.java:174)
	at java.util.stream.AbstractPipeline.evaluate(AbstractPipeline.java:233)
	at java.util.stream.ReferencePipeline.forEach(ReferencePipeline.java:418)
	at java.util.stream.ReferencePipeline$Head.forEach(ReferencePipeline.java:583)
	at org.apache.hadoop.ozone.MiniOzoneClusterImpl.stopDatanodes(MiniOzoneClusterImpl.java:379)
	at org.apache.hadoop.ozone.MiniOzoneClusterImpl.stop(MiniOzoneClusterImpl.java:332)
	at org.apache.hadoop.ozone.MiniOzoneClusterImpl.shutdown(MiniOzoneClusterImpl.java:319)
	at org.apache.hadoop.ozone.client.rpc.TestFailureHandlingByClient.shutdown(TestFailureHandlingByClient.java:130)
	at sun.reflect.NativeMethodAccessorImpl.invoke0(Native Method)
	at sun.reflect.NativeMethodAccessorImpl.invoke(NativeMethodAccessorImpl.java:62)
	at sun.reflect.DelegatingMethodAccessorImpl.invoke(DelegatingMethodAccessorImpl.java:43)
	at java.lang.reflect.Method.invoke(Method.java:498)
	at org.junit.runners.model.FrameworkMethod$1.runReflectiveCall(FrameworkMethod.java:47)
	at org.junit.internal.runners.model.ReflectiveCallable.run(ReflectiveCallable.java:12)
	at org.junit.runners.model.FrameworkMethod.invokeExplosively(FrameworkMethod.java:44)
	at org.junit.internal.runners.statements.RunAfters.evaluate(RunAfters.java:33)
	at org.junit.runners.ParentRunner.runLeaf(ParentRunner.java:271)
	at org.junit.runners.BlockJUnit4ClassRunner.runChild(BlockJUnit4ClassRunner.java:70)
	at org.junit.runners.BlockJUnit4ClassRunner.runChild(BlockJUnit4ClassRunner.java:50)
	at org.junit.runners.ParentRunner$3.run(ParentRunner.java:238)
	at org.junit.runners.ParentRunner$1.schedule(ParentRunner.java:63)
	at org.junit.runners.ParentRunner.runChildren(ParentRunner.java:236)
	at org.junit.runners.ParentRunner.access$000(ParentRunner.java:53)
	at org.junit.runners.ParentRunner$2.evaluate(ParentRunner.java:229)
	at org.junit.runners.ParentRunner.run(ParentRunner.java:309)
	at org.apache.maven.surefire.junit4.JUnit4Provider.execute(JUnit4Provider.java:365)
	at org.apache.maven.surefire.junit4.JUnit4Provider.executeWithRerun(JUnit4Provider.java:273)
	at org.apache.maven.surefire.junit4.JUnit4Provider.executeTestSet(JUnit4Provider.java:238)
	at org.apache.maven.surefire.junit4.JUnit4Provider.invoke(JUnit4Provider.java:159)
	at org.apache.maven.surefire.booter.ForkedBooter.invokeProviderInSameClassLoader(ForkedBooter.java:384)
	at org.apache.maven.surefire.booter.ForkedBooter.runSuitesInProcess(ForkedBooter.java:345)
	at org.apache.maven.surefire.booter.ForkedBooter.execute(ForkedBooter.java:126)
	at org.apache.maven.surefire.booter.ForkedBooter.main(ForkedBooter.java:418)
2019-09-24 19:07:17,680 [a1cd4983-4499-4ca1-85e6-001c65d6bf4f@group-638C6BD0F890:LeaderElection219] INFO  impl.LeaderElection (LeaderElection.java:run(140)) - a1cd4983-4499-4ca1-85e6-001c65d6bf4f@group-638C6BD0F890:LeaderElection219: IllegalArgumentException is safely ignored since this is already CLOSING
2019-09-24 19:07:17,677 [a1cd4983-4499-4ca1-85e6-001c65d6bf4f@group-E65683355006:LeaderElection218] INFO  impl.LeaderElection (LeaderElection.java:askForVotes(182)) - a1cd4983-4499-4ca1-85e6-001c65d6bf4f@group-E65683355006:LeaderElection218: begin an election at term 2 for -1: [a1cd4983-4499-4ca1-85e6-001c65d6bf4f:192.168.5.148:43964, bef30485-dff6-47d2-88a8-2d6b76a883db:192.168.5.148:38198, 56e639b0-539e-46f2-afe9-98e7bb950b90:192.168.5.148:41145], old=null
2019-09-24 19:07:17,677 [a1cd4983-4499-4ca1-85e6-001c65d6bf4f@group-DBEEB9FA338F:LeaderElection217] INFO  impl.LeaderElection (LogUtils.java:infoOrTrace(149)) - Failed a1cd4983-4499-4ca1-85e6-001c65d6bf4f@group-DBEEB9FA338F:LeaderElection217, state=CLOSING: {}
java.lang.IllegalArgumentException: a1cd4983-4499-4ca1-85e6-001c65d6bf4f@group-DBEEB9FA338F-SegmentedRaftLog is expected to be opened but it is CLOSED
	at org.apache.ratis.util.OpenCloseState.assertOpen(OpenCloseState.java:63)
	at org.apache.ratis.server.raftlog.RaftLog.checkLogState(RaftLog.java:102)
	at org.apache.ratis.server.raftlog.segmented.SegmentedRaftLog.getLastEntryTermIndex(SegmentedRaftLog.java:324)
	at org.apache.ratis.server.impl.LeaderElection.askForVotes(LeaderElection.java:184)
	at org.apache.ratis.server.impl.LeaderElection.run(LeaderElection.java:133)
	at java.lang.Thread.run(Thread.java:748)
Caused by: org.apache.ratis.util.OpenCloseState$CloseTrace: Close a1cd4983-4499-4ca1-85e6-001c65d6bf4f@group-DBEEB9FA338F-SegmentedRaftLog
	at org.apache.ratis.util.OpenCloseState.lambda$close$1(OpenCloseState.java:109)
	at java.util.concurrent.atomic.AtomicReference.getAndUpdate(AtomicReference.java:160)
	at org.apache.ratis.util.OpenCloseState.close(OpenCloseState.java:109)
	at org.apache.ratis.server.raftlog.RaftLog.close(RaftLog.java:437)
	at org.apache.ratis.server.raftlog.segmented.SegmentedRaftLog.close(SegmentedRaftLog.java:476)
	at org.apache.ratis.server.impl.ServerState.close(ServerState.java:387)
	at org.apache.ratis.server.impl.RaftServerImpl.lambda$shutdown$3(RaftServerImpl.java:273)
	at org.apache.ratis.util.LifeCycle.lambda$checkStateAndClose$2(LifeCycle.java:231)
	at org.apache.ratis.util.LifeCycle.checkStateAndClose(LifeCycle.java:251)
	at org.apache.ratis.util.LifeCycle.checkStateAndClose(LifeCycle.java:229)
	at org.apache.ratis.server.impl.RaftServerImpl.shutdown(RaftServerImpl.java:250)
	at org.apache.ratis.server.impl.RaftServerProxy$ImplMap.lambda$close$0(RaftServerProxy.java:107)
	at java.util.stream.ForEachOps$ForEachOp$OfRef.accept(ForEachOps.java:184)
	at java.util.stream.ReferencePipeline$3$1.accept(ReferencePipeline.java:193)
	at java.util.concurrent.ConcurrentHashMap$ValueSpliterator.forEachRemaining(ConcurrentHashMap.java:3566)
	at java.util.stream.AbstractPipeline.copyInto(AbstractPipeline.java:482)
	at java.util.stream.ForEachOps$ForEachTask.compute(ForEachOps.java:291)
	at java.util.concurrent.CountedCompleter.exec(CountedCompleter.java:731)
	at java.util.concurrent.ForkJoinTask.doExec(ForkJoinTask.java:289)
	at java.util.concurrent.ForkJoinPool.helpComplete(ForkJoinPool.java:1870)
	at java.util.concurrent.ForkJoinPool.externalHelpComplete(ForkJoinPool.java:2467)
	at java.util.concurrent.ForkJoinTask.externalAwaitDone(ForkJoinTask.java:324)
	at java.util.concurrent.ForkJoinTask.doInvoke(ForkJoinTask.java:405)
	at java.util.concurrent.ForkJoinTask.invoke(ForkJoinTask.java:734)
	at java.util.stream.ForEachOps$ForEachOp.evaluateParallel(ForEachOps.java:160)
	at java.util.stream.ForEachOps$ForEachOp$OfRef.evaluateParallel(ForEachOps.java:174)
	at java.util.stream.AbstractPipeline.evaluate(AbstractPipeline.java:233)
	at java.util.stream.ReferencePipeline.forEach(ReferencePipeline.java:418)
	at org.apache.ratis.server.impl.RaftServerProxy$ImplMap.close(RaftServerProxy.java:107)
	at org.apache.ratis.server.impl.RaftServerProxy.lambda$close$4(RaftServerProxy.java:315)
	at org.apache.ratis.util.LifeCycle.lambda$checkStateAndClose$2(LifeCycle.java:231)
	at org.apache.ratis.util.LifeCycle.checkStateAndClose(LifeCycle.java:251)
	at org.apache.ratis.util.LifeCycle.checkStateAndClose(LifeCycle.java:229)
	at org.apache.ratis.server.impl.RaftServerProxy.close(RaftServerProxy.java:313)
	at org.apache.hadoop.ozone.container.common.transport.server.ratis.XceiverServerRatis.stop(XceiverServerRatis.java:441)
	at org.apache.hadoop.ozone.container.ozoneimpl.OzoneContainer.stop(OzoneContainer.java:233)
	at org.apache.hadoop.ozone.container.common.statemachine.DatanodeStateMachine.close(DatanodeStateMachine.java:270)
	at org.apache.hadoop.ozone.container.common.statemachine.DatanodeStateMachine.stopDaemon(DatanodeStateMachine.java:394)
	at org.apache.hadoop.ozone.HddsDatanodeService.stop(HddsDatanodeService.java:457)
	at org.apache.hadoop.ozone.MiniOzoneClusterImpl.stopDatanode(MiniOzoneClusterImpl.java:385)
	at java.util.stream.ForEachOps$ForEachOp$OfRef.accept(ForEachOps.java:184)
	at java.util.ArrayList$ArrayListSpliterator.forEachRemaining(ArrayList.java:1382)
	at java.util.stream.AbstractPipeline.copyInto(AbstractPipeline.java:482)
	at java.util.stream.ForEachOps$ForEachTask.compute(ForEachOps.java:291)
	at java.util.concurrent.CountedCompleter.exec(CountedCompleter.java:731)
	at java.util.concurrent.ForkJoinTask.doExec(ForkJoinTask.java:289)
	at java.util.concurrent.ForkJoinPool.helpComplete(ForkJoinPool.java:1870)
	at java.util.concurrent.ForkJoinPool.externalHelpComplete(ForkJoinPool.java:2467)
	at java.util.concurrent.ForkJoinTask.externalAwaitDone(ForkJoinTask.java:324)
	at java.util.concurrent.ForkJoinTask.doInvoke(ForkJoinTask.java:405)
	at java.util.concurrent.ForkJoinTask.invoke(ForkJoinTask.java:734)
	at java.util.stream.ForEachOps$ForEachOp.evaluateParallel(ForEachOps.java:160)
	at java.util.stream.ForEachOps$ForEachOp$OfRef.evaluateParallel(ForEachOps.java:174)
	at java.util.stream.AbstractPipeline.evaluate(AbstractPipeline.java:233)
	at java.util.stream.ReferencePipeline.forEach(ReferencePipeline.java:418)
	at java.util.stream.ReferencePipeline$Head.forEach(ReferencePipeline.java:583)
	at org.apache.hadoop.ozone.MiniOzoneClusterImpl.stopDatanodes(MiniOzoneClusterImpl.java:379)
	at org.apache.hadoop.ozone.MiniOzoneClusterImpl.stop(MiniOzoneClusterImpl.java:332)
	at org.apache.hadoop.ozone.MiniOzoneClusterImpl.shutdown(MiniOzoneClusterImpl.java:319)
	at org.apache.hadoop.ozone.client.rpc.TestFailureHandlingByClient.shutdown(TestFailureHandlingByClient.java:130)
	at sun.reflect.NativeMethodAccessorImpl.invoke0(Native Method)
	at sun.reflect.NativeMethodAccessorImpl.invoke(NativeMethodAccessorImpl.java:62)
	at sun.reflect.DelegatingMethodAccessorImpl.invoke(DelegatingMethodAccessorImpl.java:43)
	at java.lang.reflect.Method.invoke(Method.java:498)
	at org.junit.runners.model.FrameworkMethod$1.runReflectiveCall(FrameworkMethod.java:47)
	at org.junit.internal.runners.model.ReflectiveCallable.run(ReflectiveCallable.java:12)
	at org.junit.runners.model.FrameworkMethod.invokeExplosively(FrameworkMethod.java:44)
	at org.junit.internal.runners.statements.RunAfters.evaluate(RunAfters.java:33)
	at org.junit.runners.ParentRunner.runLeaf(ParentRunner.java:271)
	at org.junit.runners.BlockJUnit4ClassRunner.runChild(BlockJUnit4ClassRunner.java:70)
	at org.junit.runners.BlockJUnit4ClassRunner.runChild(BlockJUnit4ClassRunner.java:50)
	at org.junit.runners.ParentRunner$3.run(ParentRunner.java:238)
	at org.junit.runners.ParentRunner$1.schedule(ParentRunner.java:63)
	at org.junit.runners.ParentRunner.runChildren(ParentRunner.java:236)
	at org.junit.runners.ParentRunner.access$000(ParentRunner.java:53)
	at org.junit.runners.ParentRunner$2.evaluate(ParentRunner.java:229)
	at org.junit.runners.ParentRunner.run(ParentRunner.java:309)
	at org.apache.maven.surefire.junit4.JUnit4Provider.execute(JUnit4Provider.java:365)
	at org.apache.maven.surefire.junit4.JUnit4Provider.executeWithRerun(JUnit4Provider.java:273)
	at org.apache.maven.surefire.junit4.JUnit4Provider.executeTestSet(JUnit4Provider.java:238)
	at org.apache.maven.surefire.junit4.JUnit4Provider.invoke(JUnit4Provider.java:159)
	at org.apache.maven.surefire.booter.ForkedBooter.invokeProviderInSameClassLoader(ForkedBooter.java:384)
	at org.apache.maven.surefire.booter.ForkedBooter.runSuitesInProcess(ForkedBooter.java:345)
	at org.apache.maven.surefire.booter.ForkedBooter.execute(ForkedBooter.java:126)
	at org.apache.maven.surefire.booter.ForkedBooter.main(ForkedBooter.java:418)
2019-09-24 19:07:17,684 [a1cd4983-4499-4ca1-85e6-001c65d6bf4f@group-DBEEB9FA338F:LeaderElection217] INFO  impl.LeaderElection (LeaderElection.java:run(140)) - a1cd4983-4499-4ca1-85e6-001c65d6bf4f@group-DBEEB9FA338F:LeaderElection217: IllegalArgumentException is safely ignored since this is already CLOSING
2019-09-24 19:07:17,680 [a1cd4983-4499-4ca1-85e6-001c65d6bf4f@group-E65683355006:LeaderElection218] INFO  impl.LeaderElection (LogUtils.java:infoOrTrace(149)) - Failed a1cd4983-4499-4ca1-85e6-001c65d6bf4f@group-E65683355006:LeaderElection218, state=CLOSING: {}
java.lang.IllegalArgumentException: a1cd4983-4499-4ca1-85e6-001c65d6bf4f@group-E65683355006-SegmentedRaftLog is expected to be opened but it is CLOSED
	at org.apache.ratis.util.OpenCloseState.assertOpen(OpenCloseState.java:63)
	at org.apache.ratis.server.raftlog.RaftLog.checkLogState(RaftLog.java:102)
	at org.apache.ratis.server.raftlog.segmented.SegmentedRaftLog.getLastEntryTermIndex(SegmentedRaftLog.java:324)
	at org.apache.ratis.server.impl.LeaderElection.askForVotes(LeaderElection.java:184)
	at org.apache.ratis.server.impl.LeaderElection.run(LeaderElection.java:133)
	at java.lang.Thread.run(Thread.java:748)
Caused by: org.apache.ratis.util.OpenCloseState$CloseTrace: Close a1cd4983-4499-4ca1-85e6-001c65d6bf4f@group-E65683355006-SegmentedRaftLog
	at org.apache.ratis.util.OpenCloseState.lambda$close$1(OpenCloseState.java:109)
	at java.util.concurrent.atomic.AtomicReference.getAndUpdate(AtomicReference.java:160)
	at org.apache.ratis.util.OpenCloseState.close(OpenCloseState.java:109)
	at org.apache.ratis.server.raftlog.RaftLog.close(RaftLog.java:437)
	at org.apache.ratis.server.raftlog.segmented.SegmentedRaftLog.close(SegmentedRaftLog.java:476)
	at org.apache.ratis.server.impl.ServerState.close(ServerState.java:387)
	at org.apache.ratis.server.impl.RaftServerImpl.lambda$shutdown$3(RaftServerImpl.java:273)
	at org.apache.ratis.util.LifeCycle.lambda$checkStateAndClose$2(LifeCycle.java:231)
	at org.apache.ratis.util.LifeCycle.checkStateAndClose(LifeCycle.java:251)
	at org.apache.ratis.util.LifeCycle.checkStateAndClose(LifeCycle.java:229)
	at org.apache.ratis.server.impl.RaftServerImpl.shutdown(RaftServerImpl.java:250)
	at org.apache.ratis.server.impl.RaftServerProxy$ImplMap.lambda$close$0(RaftServerProxy.java:107)
	at java.util.stream.ForEachOps$ForEachOp$OfRef.accept(ForEachOps.java:184)
	at java.util.stream.ReferencePipeline$3$1.accept(ReferencePipeline.java:193)
	at java.util.concurrent.ConcurrentHashMap$ValueSpliterator.forEachRemaining(ConcurrentHashMap.java:3566)
	at java.util.stream.AbstractPipeline.copyInto(AbstractPipeline.java:482)
	at java.util.stream.ForEachOps$ForEachTask.compute(ForEachOps.java:291)
	at java.util.concurrent.CountedCompleter.exec(CountedCompleter.java:731)
	at java.util.concurrent.ForkJoinTask.doExec(ForkJoinTask.java:289)
	at java.util.concurrent.ForkJoinPool.helpComplete(ForkJoinPool.java:1870)
	at java.util.concurrent.ForkJoinPool.externalHelpComplete(ForkJoinPool.java:2467)
	at java.util.concurrent.ForkJoinTask.externalAwaitDone(ForkJoinTask.java:324)
	at java.util.concurrent.ForkJoinTask.doInvoke(ForkJoinTask.java:405)
	at java.util.concurrent.ForkJoinTask.invoke(ForkJoinTask.java:734)
	at java.util.stream.ForEachOps$ForEachOp.evaluateParallel(ForEachOps.java:160)
	at java.util.stream.ForEachOps$ForEachOp$OfRef.evaluateParallel(ForEachOps.java:174)
	at java.util.stream.AbstractPipeline.evaluate(AbstractPipeline.java:233)
	at java.util.stream.ReferencePipeline.forEach(ReferencePipeline.java:418)
	at org.apache.ratis.server.impl.RaftServerProxy$ImplMap.close(RaftServerProxy.java:107)
	at org.apache.ratis.server.impl.RaftServerProxy.lambda$close$4(RaftServerProxy.java:315)
	at org.apache.ratis.util.LifeCycle.lambda$checkStateAndClose$2(LifeCycle.java:231)
	at org.apache.ratis.util.LifeCycle.checkStateAndClose(LifeCycle.java:251)
	at org.apache.ratis.util.LifeCycle.checkStateAndClose(LifeCycle.java:229)
	at org.apache.ratis.server.impl.RaftServerProxy.close(RaftServerProxy.java:313)
	at org.apache.hadoop.ozone.container.common.transport.server.ratis.XceiverServerRatis.stop(XceiverServerRatis.java:441)
	at org.apache.hadoop.ozone.container.ozoneimpl.OzoneContainer.stop(OzoneContainer.java:233)
	at org.apache.hadoop.ozone.container.common.statemachine.DatanodeStateMachine.close(DatanodeStateMachine.java:270)
	at org.apache.hadoop.ozone.container.common.statemachine.DatanodeStateMachine.stopDaemon(DatanodeStateMachine.java:394)
	at org.apache.hadoop.ozone.HddsDatanodeService.stop(HddsDatanodeService.java:457)
	at org.apache.hadoop.ozone.MiniOzoneClusterImpl.stopDatanode(MiniOzoneClusterImpl.java:385)
	at java.util.stream.ForEachOps$ForEachOp$OfRef.accept(ForEachOps.java:184)
	at java.util.ArrayList$ArrayListSpliterator.forEachRemaining(ArrayList.java:1382)
	at java.util.stream.AbstractPipeline.copyInto(AbstractPipeline.java:482)
	at java.util.stream.ForEachOps$ForEachTask.compute(ForEachOps.java:291)
	at java.util.concurrent.CountedCompleter.exec(CountedCompleter.java:731)
	at java.util.concurrent.ForkJoinTask.doExec(ForkJoinTask.java:289)
	at java.util.concurrent.ForkJoinPool.helpComplete(ForkJoinPool.java:1870)
	at java.util.concurrent.ForkJoinPool.externalHelpComplete(ForkJoinPool.java:2467)
	at java.util.concurrent.ForkJoinTask.externalAwaitDone(ForkJoinTask.java:324)
	at java.util.concurrent.ForkJoinTask.doInvoke(ForkJoinTask.java:405)
	at java.util.concurrent.ForkJoinTask.invoke(ForkJoinTask.java:734)
	at java.util.stream.ForEachOps$ForEachOp.evaluateParallel(ForEachOps.java:160)
	at java.util.stream.ForEachOps$ForEachOp$OfRef.evaluateParallel(ForEachOps.java:174)
	at java.util.stream.AbstractPipeline.evaluate(AbstractPipeline.java:233)
	at java.util.stream.ReferencePipeline.forEach(ReferencePipeline.java:418)
	at java.util.stream.ReferencePipeline$Head.forEach(ReferencePipeline.java:583)
	at org.apache.hadoop.ozone.MiniOzoneClusterImpl.stopDatanodes(MiniOzoneClusterImpl.java:379)
	at org.apache.hadoop.ozone.MiniOzoneClusterImpl.stop(MiniOzoneClusterImpl.java:332)
	at org.apache.hadoop.ozone.MiniOzoneClusterImpl.shutdown(MiniOzoneClusterImpl.java:319)
	at org.apache.hadoop.ozone.client.rpc.TestFailureHandlingByClient.shutdown(TestFailureHandlingByClient.java:130)
	at sun.reflect.NativeMethodAccessorImpl.invoke0(Native Method)
	at sun.reflect.NativeMethodAccessorImpl.invoke(NativeMethodAccessorImpl.java:62)
	at sun.reflect.DelegatingMethodAccessorImpl.invoke(DelegatingMethodAccessorImpl.java:43)
	at java.lang.reflect.Method.invoke(Method.java:498)
	at org.junit.runners.model.FrameworkMethod$1.runReflectiveCall(FrameworkMethod.java:47)
	at org.junit.internal.runners.model.ReflectiveCallable.run(ReflectiveCallable.java:12)
	at org.junit.runners.model.FrameworkMethod.invokeExplosively(FrameworkMethod.java:44)
	at org.junit.internal.runners.statements.RunAfters.evaluate(RunAfters.java:33)
	at org.junit.runners.ParentRunner.runLeaf(ParentRunner.java:271)
	at org.junit.runners.BlockJUnit4ClassRunner.runChild(BlockJUnit4ClassRunner.java:70)
	at org.junit.runners.BlockJUnit4ClassRunner.runChild(BlockJUnit4ClassRunner.java:50)
	at org.junit.runners.ParentRunner$3.run(ParentRunner.java:238)
	at org.junit.runners.ParentRunner$1.schedule(ParentRunner.java:63)
	at org.junit.runners.ParentRunner.runChildren(ParentRunner.java:236)
	at org.junit.runners.ParentRunner.access$000(ParentRunner.java:53)
	at org.junit.runners.ParentRunner$2.evaluate(ParentRunner.java:229)
	at org.junit.runners.ParentRunner.run(ParentRunner.java:309)
	at org.apache.maven.surefire.junit4.JUnit4Provider.execute(JUnit4Provider.java:365)
	at org.apache.maven.surefire.junit4.JUnit4Provider.executeWithRerun(JUnit4Provider.java:273)
	at org.apache.maven.surefire.junit4.JUnit4Provider.executeTestSet(JUnit4Provider.java:238)
	at org.apache.maven.surefire.junit4.JUnit4Provider.invoke(JUnit4Provider.java:159)
	at org.apache.maven.surefire.booter.ForkedBooter.invokeProviderInSameClassLoader(ForkedBooter.java:384)
	at org.apache.maven.surefire.booter.ForkedBooter.runSuitesInProcess(ForkedBooter.java:345)
	at org.apache.maven.surefire.booter.ForkedBooter.execute(ForkedBooter.java:126)
	at org.apache.maven.surefire.booter.ForkedBooter.main(ForkedBooter.java:418)
2019-09-24 19:07:17,687 [a1cd4983-4499-4ca1-85e6-001c65d6bf4f@group-E65683355006:LeaderElection218] INFO  impl.LeaderElection (LeaderElection.java:run(140)) - a1cd4983-4499-4ca1-85e6-001c65d6bf4f@group-E65683355006:LeaderElection218: IllegalArgumentException is safely ignored since this is already CLOSING
2019-09-24 19:07:17,858 [Datanode State Machine Thread - 0] INFO  statemachine.DatanodeStateMachine (DatanodeStateMachine.java:lambda$startDaemon$0(350)) - Ozone container server started.
2019-09-24 19:07:18,236 [Datanode State Machine Thread - 0] INFO  statemachine.DatanodeStateMachine (DatanodeStateMachine.java:lambda$startDaemon$0(350)) - Ozone container server started.
2019-09-24 19:07:22,571 [ForkJoinPool.commonPool-worker-1] INFO  ozoneimpl.OzoneContainer (OzoneContainer.java:stop(231)) - Attempting to stop container services.
2019-09-24 19:07:22,571 [ForkJoinPool.commonPool-worker-1] INFO  impl.RaftServerProxy (RaftServerProxy.java:lambda$close$4(314)) - ced58920-5a36-461e-9cfd-cb431981fded: close
2019-09-24 19:07:22,571 [ForkJoinPool.commonPool-worker-1] INFO  server.GrpcService (GrpcService.java:closeImpl(164)) - ced58920-5a36-461e-9cfd-cb431981fded: shutdown server with port 46050 now
2019-09-24 19:07:22,572 [ForkJoinPool.commonPool-worker-1] INFO  server.GrpcService (GrpcService.java:closeImpl(172)) - ced58920-5a36-461e-9cfd-cb431981fded: shutdown server with port 46050 successfully
2019-09-24 19:07:22,575 [refreshUsed-/workdir/hadoop-ozone/integration-test/target/test-dir/MiniOzoneClusterImpl-fd896651-19f7-4594-a8cd-2c001f85b2cc/datanode-1/data/containers] WARN  fs.CachingGetSpaceUsed (CachingGetSpaceUsed.java:run(183)) - Thread Interrupted waiting to refresh disk information: sleep interrupted
2019-09-24 19:07:22,579 [main] INFO  ozoneimpl.OzoneContainer (OzoneContainer.java:stop(231)) - Attempting to stop container services.
2019-09-24 19:07:22,580 [main] INFO  impl.RaftServerProxy (RaftServerProxy.java:lambda$close$4(314)) - b0305751-6675-4e58-b5a6-74f1444b0eaa: close
2019-09-24 19:07:22,580 [main] INFO  impl.RaftServerImpl (RaftServerImpl.java:lambda$shutdown$3(251)) - b0305751-6675-4e58-b5a6-74f1444b0eaa@group-8680157D9DCF: shutdown
2019-09-24 19:07:22,581 [main] INFO  util.JmxRegister (JmxRegister.java:unregister(73)) - Successfully un-registered JMX Bean with object name Ratis:service=RaftServer,group=group-8680157D9DCF,id=b0305751-6675-4e58-b5a6-74f1444b0eaa
2019-09-24 19:07:22,581 [main] INFO  impl.RoleInfo (RoleInfo.java:shutdownLeaderState(104)) - b0305751-6675-4e58-b5a6-74f1444b0eaa: shutdown LeaderState
2019-09-24 19:07:22,581 [main] INFO  impl.PendingRequests (PendingRequests.java:sendNotLeaderResponses(202)) - b0305751-6675-4e58-b5a6-74f1444b0eaa-PendingRequests: sendNotLeaderResponses
2019-09-24 19:07:22,582 [main] INFO  impl.StateMachineUpdater (StateMachineUpdater.java:stopAndJoin(125)) - b0305751-6675-4e58-b5a6-74f1444b0eaa@group-8680157D9DCF-StateMachineUpdater: set stopIndex = 0
2019-09-24 19:07:22,582 [main] INFO  impl.RaftServerImpl (ServerState.java:close(385)) - b0305751-6675-4e58-b5a6-74f1444b0eaa@group-8680157D9DCF: closes. applyIndex: 0
2019-09-24 19:07:22,583 [b0305751-6675-4e58-b5a6-74f1444b0eaa@group-8680157D9DCF-SegmentedRaftLogWorker] INFO  segmented.SegmentedRaftLogWorker (SegmentedRaftLogWorker.java:run(313)) - b0305751-6675-4e58-b5a6-74f1444b0eaa@group-8680157D9DCF-SegmentedRaftLogWorker was interrupted, exiting. There are 0 tasks remaining in the queue.
2019-09-24 19:07:22,583 [main] INFO  segmented.SegmentedRaftLogWorker (SegmentedRaftLogWorker.java:close(228)) - b0305751-6675-4e58-b5a6-74f1444b0eaa@group-8680157D9DCF-SegmentedRaftLogWorker close()
2019-09-24 19:07:22,584 [main] INFO  impl.RaftServerImpl (RaftServerImpl.java:lambda$shutdown$3(251)) - b0305751-6675-4e58-b5a6-74f1444b0eaa@group-8A9B5CA83F1F: shutdown
2019-09-24 19:07:22,584 [main] INFO  util.JmxRegister (JmxRegister.java:unregister(73)) - Successfully un-registered JMX Bean with object name Ratis:service=RaftServer,group=group-8A9B5CA83F1F,id=b0305751-6675-4e58-b5a6-74f1444b0eaa
2019-09-24 19:07:22,585 [main] INFO  impl.RoleInfo (RoleInfo.java:shutdownLeaderState(104)) - b0305751-6675-4e58-b5a6-74f1444b0eaa: shutdown LeaderState
2019-09-24 19:07:22,585 [main] INFO  impl.PendingRequests (PendingRequests.java:sendNotLeaderResponses(202)) - b0305751-6675-4e58-b5a6-74f1444b0eaa-PendingRequests: sendNotLeaderResponses
2019-09-24 19:07:22,586 [main] INFO  impl.StateMachineUpdater (StateMachineUpdater.java:stopAndJoin(125)) - b0305751-6675-4e58-b5a6-74f1444b0eaa@group-8A9B5CA83F1F-StateMachineUpdater: set stopIndex = 0
2019-09-24 19:07:22,586 [main] INFO  impl.RaftServerImpl (ServerState.java:close(385)) - b0305751-6675-4e58-b5a6-74f1444b0eaa@group-8A9B5CA83F1F: closes. applyIndex: 0
2019-09-24 19:07:22,587 [b0305751-6675-4e58-b5a6-74f1444b0eaa@group-8A9B5CA83F1F-SegmentedRaftLogWorker] INFO  segmented.SegmentedRaftLogWorker (SegmentedRaftLogWorker.java:run(313)) - b0305751-6675-4e58-b5a6-74f1444b0eaa@group-8A9B5CA83F1F-SegmentedRaftLogWorker was interrupted, exiting. There are 0 tasks remaining in the queue.
2019-09-24 19:07:22,587 [main] INFO  segmented.SegmentedRaftLogWorker (SegmentedRaftLogWorker.java:close(228)) - b0305751-6675-4e58-b5a6-74f1444b0eaa@group-8A9B5CA83F1F-SegmentedRaftLogWorker close()
2019-09-24 19:07:22,587 [main] INFO  server.GrpcService (GrpcService.java:closeImpl(164)) - b0305751-6675-4e58-b5a6-74f1444b0eaa: shutdown server with port 40938 now
2019-09-24 19:07:22,590 [main] INFO  server.GrpcService (GrpcService.java:closeImpl(172)) - b0305751-6675-4e58-b5a6-74f1444b0eaa: shutdown server with port 40938 successfully
2019-09-24 19:07:22,593 [refreshUsed-/workdir/hadoop-ozone/integration-test/target/test-dir/MiniOzoneClusterImpl-fd896651-19f7-4594-a8cd-2c001f85b2cc/datanode-7/data/containers] WARN  fs.CachingGetSpaceUsed (CachingGetSpaceUsed.java:run(183)) - Thread Interrupted waiting to refresh disk information: sleep interrupted
2019-09-24 19:07:22,601 [ForkJoinPool.commonPool-worker-1] INFO  utils.BackgroundService (BackgroundService.java:shutdown(148)) - Shutting down service BlockDeletingService
2019-09-24 19:07:22,609 [ForkJoinPool.commonPool-worker-1] INFO  statemachine.DatanodeStateMachine (DatanodeStateMachine.java:stopDaemon(395)) - Ozone container server stopped.
2019-09-24 19:07:22,612 [ForkJoinPool.commonPool-worker-1] INFO  handler.ContextHandler (ContextHandler.java:doStop(910)) - Stopped o.e.j.w.WebAppContext@8fcc534{/,null,UNAVAILABLE}{/hddsDatanode}
2019-09-24 19:07:22,613 [ForkJoinPool.commonPool-worker-1] INFO  server.AbstractConnector (AbstractConnector.java:doStop(318)) - Stopped ServerConnector@5e599100{HTTP/1.1,[http/1.1]}{0.0.0.0:0}
2019-09-24 19:07:22,613 [ForkJoinPool.commonPool-worker-1] INFO  handler.ContextHandler (ContextHandler.java:doStop(910)) - Stopped o.e.j.s.ServletContextHandler@11df2829{/static,jar:file:/home/user/.m2/repository/org/apache/hadoop/hadoop-hdds-container-service/0.5.0-SNAPSHOT/hadoop-hdds-container-service-0.5.0-SNAPSHOT.jar!/webapps/static,UNAVAILABLE}
2019-09-24 19:07:22,614 [ForkJoinPool.commonPool-worker-1] INFO  handler.ContextHandler (ContextHandler.java:doStop(910)) - Stopped o.e.j.s.ServletContextHandler@35145874{/logs,file:///workdir/hadoop-ozone/integration-test/target/log,UNAVAILABLE}
2019-09-24 19:07:22,620 [main] INFO  utils.BackgroundService (BackgroundService.java:shutdown(148)) - Shutting down service BlockDeletingService
2019-09-24 19:07:22,627 [main] INFO  statemachine.DatanodeStateMachine (DatanodeStateMachine.java:stopDaemon(395)) - Ozone container server stopped.
2019-09-24 19:07:22,629 [main] INFO  handler.ContextHandler (ContextHandler.java:doStop(910)) - Stopped o.e.j.w.WebAppContext@508ad266{/,null,UNAVAILABLE}{/hddsDatanode}
2019-09-24 19:07:22,630 [main] INFO  server.AbstractConnector (AbstractConnector.java:doStop(318)) - Stopped ServerConnector@2313db84{HTTP/1.1,[http/1.1]}{0.0.0.0:0}
2019-09-24 19:07:22,630 [main] INFO  handler.ContextHandler (ContextHandler.java:doStop(910)) - Stopped o.e.j.s.ServletContextHandler@4ce25e47{/static,jar:file:/home/user/.m2/repository/org/apache/hadoop/hadoop-hdds-container-service/0.5.0-SNAPSHOT/hadoop-hdds-container-service-0.5.0-SNAPSHOT.jar!/webapps/static,UNAVAILABLE}
2019-09-24 19:07:22,631 [main] INFO  handler.ContextHandler (ContextHandler.java:doStop(910)) - Stopped o.e.j.s.ServletContextHandler@6de7778f{/logs,file:///workdir/hadoop-ozone/integration-test/target/log,UNAVAILABLE}
2019-09-24 19:07:22,632 [main] INFO  ozone.MiniOzoneClusterImpl (MiniOzoneClusterImpl.java:stopSCM(392)) - Stopping the StorageContainerManager
2019-09-24 19:07:22,632 [main] INFO  server.StorageContainerManager (StorageContainerManager.java:stop(808)) - Stopping Replication Manager Service.
2019-09-24 19:07:22,632 [main] INFO  container.ReplicationManager (ReplicationManager.java:stop(203)) - Stopping Replication Monitor Thread.
2019-09-24 19:07:22,633 [main] INFO  server.StorageContainerManager (StorageContainerManager.java:stop(815)) - Stopping Lease Manager of the command watchers
2019-09-24 19:07:22,633 [main] INFO  server.StorageContainerManager (StorageContainerManager.java:stop(822)) - Stopping datanode service RPC server
2019-09-24 19:07:22,633 [main] INFO  server.SCMDatanodeProtocolServer (SCMDatanodeProtocolServer.java:stop(367)) - Stopping the RPC server for DataNodes
2019-09-24 19:07:22,633 [main] INFO  ipc.Server (Server.java:stop(3082)) - Stopping server on 41558
2019-09-24 19:07:22,637 [IPC Server Responder] INFO  ipc.Server (Server.java:run(1319)) - Stopping IPC Server Responder
2019-09-24 19:07:22,637 [IPC Server listener on 41558] INFO  ipc.Server (Server.java:run(1185)) - Stopping IPC Server listener on 41558
2019-09-24 19:07:22,717 [SCM Heartbeat Processing Thread - 0] WARN  node.NodeStateManager (NodeStateManager.java:scheduleNextHealthCheck(646)) - Current Thread is interrupted, shutting down HB processing thread for Node Manager.
2019-09-24 19:07:22,717 [main] INFO  server.StorageContainerManager (StorageContainerManager.java:stop(830)) - Stopping block service RPC server
2019-09-24 19:07:22,718 [main] INFO  server.SCMBlockProtocolServer (SCMBlockProtocolServer.java:stop(155)) - Stopping the RPC server for Block Protocol
2019-09-24 19:07:22,718 [main] INFO  ipc.Server (Server.java:stop(3082)) - Stopping server on 37605
2019-09-24 19:07:22,720 [IPC Server listener on 37605] INFO  ipc.Server (Server.java:run(1185)) - Stopping IPC Server listener on 37605
2019-09-24 19:07:22,720 [main] INFO  server.StorageContainerManager (StorageContainerManager.java:stop(837)) - Stopping the StorageContainerLocationProtocol RPC server
2019-09-24 19:07:22,721 [main] INFO  server.SCMClientProtocolServer (SCMClientProtocolServer.java:stop(159)) - Stopping the RPC server for Client Protocol
2019-09-24 19:07:22,722 [main] INFO  ipc.Server (Server.java:stop(3082)) - Stopping server on 34694
2019-09-24 19:07:22,722 [IPC Server Responder] INFO  ipc.Server (Server.java:run(1319)) - Stopping IPC Server Responder
2019-09-24 19:07:22,724 [main] INFO  server.StorageContainerManager (StorageContainerManager.java:stop(844)) - Stopping Storage Container Manager HTTP server.
2019-09-24 19:07:22,725 [IPC Server listener on 34694] INFO  ipc.Server (Server.java:run(1185)) - Stopping IPC Server listener on 34694
2019-09-24 19:07:22,725 [IPC Server Responder] INFO  ipc.Server (Server.java:run(1319)) - Stopping IPC Server Responder
2019-09-24 19:07:22,727 [main] INFO  handler.ContextHandler (ContextHandler.java:doStop(910)) - Stopped o.e.j.w.WebAppContext@3ebc955b{/,null,UNAVAILABLE}{/scm}
2019-09-24 19:07:22,728 [main] INFO  server.AbstractConnector (AbstractConnector.java:doStop(318)) - Stopped ServerConnector@21a46ff1{HTTP/1.1,[http/1.1]}{0.0.0.0:0}
2019-09-24 19:07:22,728 [main] INFO  handler.ContextHandler (ContextHandler.java:doStop(910)) - Stopped o.e.j.s.ServletContextHandler@ab4aa5e{/static,file:///workdir/hadoop-ozone/integration-test/target/test-classes/webapps/static,UNAVAILABLE}
2019-09-24 19:07:22,729 [main] INFO  handler.ContextHandler (ContextHandler.java:doStop(910)) - Stopped o.e.j.s.ServletContextHandler@16d0e521{/logs,file:///workdir/hadoop-ozone/integration-test/target/log,UNAVAILABLE}
2019-09-24 19:07:22,731 [main] INFO  server.StorageContainerManager (StorageContainerManager.java:stop(855)) - Stopping Block Manager Service.
2019-09-24 19:07:22,731 [main] INFO  utils.BackgroundService (BackgroundService.java:shutdown(148)) - Shutting down service SCMBlockDeletingService
2019-09-24 19:07:22,731 [main] INFO  utils.BackgroundService (BackgroundService.java:shutdown(148)) - Shutting down service SCMBlockDeletingService
2019-09-24 19:07:22,732 [main] INFO  server.StorageContainerManager (StorageContainerManager.java:stop(877)) - Stopping SCM Event Queue.
2019-09-24 19:07:22,740 [main] INFO  impl.MetricsSystemImpl (MetricsSystemImpl.java:stop(210)) - Stopping HddsDatanode metrics system...
2019-09-24 19:07:22,766 [main] INFO  impl.MetricsSystemImpl (MetricsSystemImpl.java:stop(216)) - HddsDatanode metrics system stopped.
]]></system-out>
  </testcase>
  <testcase name="testDatanodeExclusionWithMajorityCommit" classname="org.apache.hadoop.ozone.client.rpc.TestFailureHandlingByClient" time="86.913">
    <error message="Allocated 0 blocks. Requested 1 blocks" type="INTERNAL_ERROR org.apache.hadoop.ozone.om.exceptions.OMException">INTERNAL_ERROR org.apache.hadoop.ozone.om.exceptions.OMException: Allocated 0 blocks. Requested 1 blocks
	at org.apache.hadoop.ozone.om.protocolPB.OzoneManagerProtocolClientSideTranslatorPB.handleError(OzoneManagerProtocolClientSideTranslatorPB.java:732)
	at org.apache.hadoop.ozone.om.protocolPB.OzoneManagerProtocolClientSideTranslatorPB.openKey(OzoneManagerProtocolClientSideTranslatorPB.java:723)
	at sun.reflect.NativeMethodAccessorImpl.invoke0(Native Method)
	at sun.reflect.NativeMethodAccessorImpl.invoke(NativeMethodAccessorImpl.java:62)
	at sun.reflect.DelegatingMethodAccessorImpl.invoke(DelegatingMethodAccessorImpl.java:43)
	at java.lang.reflect.Method.invoke(Method.java:498)
	at org.apache.hadoop.hdds.tracing.TraceAllMethod.invoke(TraceAllMethod.java:66)
	at com.sun.proxy.$Proxy36.openKey(Unknown Source)
	at org.apache.hadoop.ozone.client.rpc.RpcClient.createKey(RpcClient.java:614)
	at org.apache.hadoop.ozone.client.OzoneBucket.createKey(OzoneBucket.java:325)
	at org.apache.hadoop.ozone.container.ContainerTestHelper.createKey(ContainerTestHelper.java:695)
	at org.apache.hadoop.ozone.client.rpc.TestFailureHandlingByClient.createKey(TestFailureHandlingByClient.java:408)
	at org.apache.hadoop.ozone.client.rpc.TestFailureHandlingByClient.testDatanodeExclusionWithMajorityCommit(TestFailureHandlingByClient.java:285)
	at sun.reflect.NativeMethodAccessorImpl.invoke0(Native Method)
	at sun.reflect.NativeMethodAccessorImpl.invoke(NativeMethodAccessorImpl.java:62)
	at sun.reflect.DelegatingMethodAccessorImpl.invoke(DelegatingMethodAccessorImpl.java:43)
	at java.lang.reflect.Method.invoke(Method.java:498)
	at org.junit.runners.model.FrameworkMethod$1.runReflectiveCall(FrameworkMethod.java:47)
	at org.junit.internal.runners.model.ReflectiveCallable.run(ReflectiveCallable.java:12)
	at org.junit.runners.model.FrameworkMethod.invokeExplosively(FrameworkMethod.java:44)
	at org.junit.internal.runners.statements.InvokeMethod.evaluate(InvokeMethod.java:17)
	at org.junit.internal.runners.statements.RunAfters.evaluate(RunAfters.java:27)
	at org.junit.runners.ParentRunner.runLeaf(ParentRunner.java:271)
	at org.junit.runners.BlockJUnit4ClassRunner.runChild(BlockJUnit4ClassRunner.java:70)
	at org.junit.runners.BlockJUnit4ClassRunner.runChild(BlockJUnit4ClassRunner.java:50)
	at org.junit.runners.ParentRunner$3.run(ParentRunner.java:238)
	at org.junit.runners.ParentRunner$1.schedule(ParentRunner.java:63)
	at org.junit.runners.ParentRunner.runChildren(ParentRunner.java:236)
	at org.junit.runners.ParentRunner.access$000(ParentRunner.java:53)
	at org.junit.runners.ParentRunner$2.evaluate(ParentRunner.java:229)
	at org.junit.runners.ParentRunner.run(ParentRunner.java:309)
	at org.apache.maven.surefire.junit4.JUnit4Provider.execute(JUnit4Provider.java:365)
	at org.apache.maven.surefire.junit4.JUnit4Provider.executeWithRerun(JUnit4Provider.java:273)
	at org.apache.maven.surefire.junit4.JUnit4Provider.executeTestSet(JUnit4Provider.java:238)
	at org.apache.maven.surefire.junit4.JUnit4Provider.invoke(JUnit4Provider.java:159)
	at org.apache.maven.surefire.booter.ForkedBooter.invokeProviderInSameClassLoader(ForkedBooter.java:384)
	at org.apache.maven.surefire.booter.ForkedBooter.runSuitesInProcess(ForkedBooter.java:345)
	at org.apache.maven.surefire.booter.ForkedBooter.execute(ForkedBooter.java:126)
	at org.apache.maven.surefire.booter.ForkedBooter.main(ForkedBooter.java:418)
</error>
    <system-out><![CDATA[2019-09-24 19:07:32,935 [main] WARN  server.ServerUtils (ServerUtils.java:getScmDbDir(145)) - ozone.scm.db.dirs is not configured. We recommend adding this setting. Falling back to ozone.metadata.dirs instead.
2019-09-24 19:07:33,406 [main] WARN  server.ServerUtils (ServerUtils.java:getScmDbDir(145)) - ozone.scm.db.dirs is not configured. We recommend adding this setting. Falling back to ozone.metadata.dirs instead.
2019-09-24 19:07:33,407 [main] WARN  server.ServerUtils (ServerUtils.java:getScmDbDir(145)) - ozone.scm.db.dirs is not configured. We recommend adding this setting. Falling back to ozone.metadata.dirs instead.
2019-09-24 19:07:33,408 [main] INFO  db.DBStoreBuilder (DBStoreBuilder.java:addTable(110)) - using custom profile for table: deletedBlocks
2019-09-24 19:07:33,408 [main] INFO  db.DBStoreBuilder (DBStoreBuilder.java:processTables(161)) - Using default column profile:DBProfile.DISK for Table:deletedBlocks
2019-09-24 19:07:33,409 [main] INFO  db.DBStoreBuilder (DBStoreBuilder.java:addTable(110)) - using custom profile for table: validCerts
2019-09-24 19:07:33,409 [main] INFO  db.DBStoreBuilder (DBStoreBuilder.java:processTables(161)) - Using default column profile:DBProfile.DISK for Table:validCerts
2019-09-24 19:07:33,409 [main] INFO  db.DBStoreBuilder (DBStoreBuilder.java:addTable(110)) - using custom profile for table: revokedCerts
2019-09-24 19:07:33,410 [main] INFO  db.DBStoreBuilder (DBStoreBuilder.java:processTables(161)) - Using default column profile:DBProfile.DISK for Table:revokedCerts
2019-09-24 19:07:33,410 [main] INFO  db.DBStoreBuilder (DBStoreBuilder.java:addTable(110)) - using custom profile for table: default
2019-09-24 19:07:33,410 [main] INFO  db.DBStoreBuilder (DBStoreBuilder.java:processTables(167)) - Using default column profile:DBProfile.DISK for Table:default
2019-09-24 19:07:33,411 [main] INFO  db.DBStoreBuilder (DBStoreBuilder.java:getDbProfile(198)) - Using default options. DBProfile.DISK
2019-09-24 19:07:36,036 [main] INFO  net.NodeSchemaLoader (NodeSchemaLoader.java:loadSchemaFromFile(125)) - Loading file from sun.misc.CompoundEnumeration@5faeeb56
2019-09-24 19:07:36,037 [main] INFO  net.NodeSchemaLoader (NodeSchemaLoader.java:loadSchema(171)) - Loading network topology layer schema file
2019-09-24 19:07:36,044 [main] INFO  node.SCMNodeManager (SCMNodeManager.java:<init>(114)) - Entering startup safe mode.
2019-09-24 19:07:36,046 [main] INFO  algorithms.ContainerPlacementPolicyFactory (ContainerPlacementPolicyFactory.java:getPolicy(57)) - Create container placement policy of type org.apache.hadoop.hdds.scm.container.placement.algorithms.SCMContainerPlacementRandom
2019-09-24 19:07:36,046 [main] WARN  server.ServerUtils (ServerUtils.java:getScmDbDir(145)) - ozone.scm.db.dirs is not configured. We recommend adding this setting. Falling back to ozone.metadata.dirs instead.
2019-09-24 19:07:36,331 [main] INFO  pipeline.SCMPipelineManager (SCMPipelineManager.java:initializePipelineState(132)) - No pipeline exists in current db
2019-09-24 19:07:36,331 [main] WARN  server.ServerUtils (ServerUtils.java:getScmDbDir(145)) - ozone.scm.db.dirs is not configured. We recommend adding this setting. Falling back to ozone.metadata.dirs instead.
2019-09-24 19:07:36,450 [main] WARN  events.EventQueue (EventQueue.java:fireEvent(183)) - No event handler registered for event TypedEvent{payloadType=SafeModeStatus, name='SafeModeStatus'}
2019-09-24 19:07:36,451 [main] INFO  ipc.CallQueueManager (CallQueueManager.java:<init>(84)) - Using callQueue: class java.util.concurrent.LinkedBlockingQueue, queueCapacity: 2000, scheduler: class org.apache.hadoop.ipc.DefaultRpcScheduler, ipcBackoff: false.
2019-09-24 19:07:36,453 [Socket Reader #1 for port 37280] INFO  ipc.Server (Server.java:run(1074)) - Starting Socket Reader #1 for port 37280
2019-09-24 19:07:36,456 [main] INFO  ipc.CallQueueManager (CallQueueManager.java:<init>(84)) - Using callQueue: class java.util.concurrent.LinkedBlockingQueue, queueCapacity: 2000, scheduler: class org.apache.hadoop.ipc.DefaultRpcScheduler, ipcBackoff: false.
2019-09-24 19:07:36,457 [Socket Reader #1 for port 39500] INFO  ipc.Server (Server.java:run(1074)) - Starting Socket Reader #1 for port 39500
2019-09-24 19:07:36,459 [main] INFO  ipc.CallQueueManager (CallQueueManager.java:<init>(84)) - Using callQueue: class java.util.concurrent.LinkedBlockingQueue, queueCapacity: 2000, scheduler: class org.apache.hadoop.ipc.DefaultRpcScheduler, ipcBackoff: false.
2019-09-24 19:07:36,460 [Socket Reader #1 for port 38011] INFO  ipc.Server (Server.java:run(1074)) - Starting Socket Reader #1 for port 38011
2019-09-24 19:07:36,463 [main] INFO  hdfs.DFSUtil (DFSUtil.java:httpServerTemplateForNNAndJN(1641)) - Starting Web-server for scm at: http://0.0.0.0:0
2019-09-24 19:07:36,466 [main] INFO  server.AuthenticationFilter (AuthenticationFilter.java:constructSecretProvider(240)) - Unable to initialize FileSignerSecretProvider, falling back to use random secrets.
2019-09-24 19:07:36,467 [main] WARN  http.HttpRequestLog (HttpRequestLog.java:getRequestLog(97)) - Jetty request log can only be enabled using Log4j
2019-09-24 19:07:36,470 [main] INFO  http.HttpServer2 (HttpServer2.java:addGlobalFilter(975)) - Added global filter 'safety' (class=org.apache.hadoop.http.HttpServer2$QuotingInputFilter)
2019-09-24 19:07:36,471 [main] INFO  http.HttpServer2 (HttpServer2.java:addFilter(948)) - Added filter static_user_filter (class=org.apache.hadoop.http.lib.StaticUserWebFilter$StaticUserFilter) to context scm
2019-09-24 19:07:36,471 [main] INFO  http.HttpServer2 (HttpServer2.java:addFilter(958)) - Added filter static_user_filter (class=org.apache.hadoop.http.lib.StaticUserWebFilter$StaticUserFilter) to context static
2019-09-24 19:07:36,472 [main] INFO  http.HttpServer2 (HttpServer2.java:addFilter(958)) - Added filter static_user_filter (class=org.apache.hadoop.http.lib.StaticUserWebFilter$StaticUserFilter) to context logs
2019-09-24 19:07:36,474 [main] INFO  server.StorageContainerManager (StorageContainerManager.java:start(770)) - StorageContainerLocationProtocol RPC server is listening at /0.0.0.0:38011
2019-09-24 19:07:36,477 [main] WARN  impl.MetricsConfig (MetricsConfig.java:loadFirst(134)) - Cannot locate configuration: tried hadoop-metrics2-storagecontainermanager.properties,hadoop-metrics2.properties
2019-09-24 19:07:36,478 [main] INFO  impl.MetricsSystemImpl (MetricsSystemImpl.java:startTimer(374)) - Scheduled Metric snapshot period at 10 second(s).
2019-09-24 19:07:36,479 [main] INFO  impl.MetricsSystemImpl (MetricsSystemImpl.java:start(191)) - StorageContainerManager metrics system started
2019-09-24 19:07:36,545 [main] WARN  impl.MetricsSystemImpl (MetricsSystemImpl.java:register(276)) - Sink prometheus already exists!
2019-09-24 19:07:36,631 [main] INFO  server.SCMClientProtocolServer (SCMClientProtocolServer.java:start(151)) - RPC server for Client  is listening at /0.0.0.0:38011
2019-09-24 19:07:36,631 [IPC Server Responder] INFO  ipc.Server (Server.java:run(1314)) - IPC Server Responder: starting
2019-09-24 19:07:36,631 [IPC Server listener on 38011] INFO  ipc.Server (Server.java:run(1153)) - IPC Server listener on 38011: starting
2019-09-24 19:07:36,636 [main] INFO  server.StorageContainerManager (StorageContainerManager.java:start(780)) - ScmBlockLocationProtocol RPC server is listening at /0.0.0.0:39500
2019-09-24 19:07:36,636 [main] INFO  server.SCMBlockProtocolServer (SCMBlockProtocolServer.java:start(146)) - RPC server for Block Protocol is listening at /0.0.0.0:39500
2019-09-24 19:07:36,637 [IPC Server Responder] INFO  ipc.Server (Server.java:run(1314)) - IPC Server Responder: starting
2019-09-24 19:07:36,637 [IPC Server listener on 39500] INFO  ipc.Server (Server.java:run(1153)) - IPC Server listener on 39500: starting
2019-09-24 19:07:36,641 [main] INFO  server.StorageContainerManager (StorageContainerManager.java:start(784)) - ScmDatanodeProtocl RPC server is listening at /0.0.0.0:37280
2019-09-24 19:07:36,641 [main] INFO  server.SCMDatanodeProtocolServer (SCMDatanodeProtocolServer.java:start(191)) - RPC server for DataNodes is listening at /0.0.0.0:37280
2019-09-24 19:07:36,642 [IPC Server Responder] INFO  ipc.Server (Server.java:run(1314)) - IPC Server Responder: starting
2019-09-24 19:07:36,642 [IPC Server listener on 37280] INFO  ipc.Server (Server.java:run(1153)) - IPC Server listener on 37280: starting
2019-09-24 19:07:36,647 [main] INFO  http.HttpServer2 (HttpServer2.java:bindListener(1191)) - Jetty bound to port 42636
2019-09-24 19:07:36,647 [main] INFO  server.Server (Server.java:doStart(351)) - jetty-9.3.25.v20180904, build timestamp: 2018-09-04T21:11:46Z, git hash: 3ce520221d0240229c862b122d2b06c12a625732
2019-09-24 19:07:36,649 [main] INFO  handler.ContextHandler (ContextHandler.java:doStart(781)) - Started o.e.j.s.ServletContextHandler@7eb27768{/logs,file:///workdir/hadoop-ozone/integration-test/target/log,AVAILABLE}
2019-09-24 19:07:36,649 [main] INFO  handler.ContextHandler (ContextHandler.java:doStart(781)) - Started o.e.j.s.ServletContextHandler@5e3db14{/static,file:///workdir/hadoop-ozone/integration-test/target/test-classes/webapps/static,AVAILABLE}
2019-09-24 19:07:36,653 [main] INFO  handler.ContextHandler (ContextHandler.java:doStart(781)) - Started o.e.j.w.WebAppContext@255d9277{/,file:///workdir/hadoop-ozone/integration-test/target/test-classes/webapps/scm/,AVAILABLE}{/scm}
2019-09-24 19:07:36,653 [main] INFO  server.AbstractConnector (AbstractConnector.java:doStart(278)) - Started ServerConnector@1de13f34{HTTP/1.1,[http/1.1]}{0.0.0.0:42636}
2019-09-24 19:07:36,654 [main] INFO  server.Server (Server.java:doStart(419)) - Started @474728ms
2019-09-24 19:07:36,655 [main] WARN  impl.MetricsSystemImpl (MetricsSystemImpl.java:register(276)) - Sink prometheus already exists!
2019-09-24 19:07:36,655 [main] INFO  server.BaseHttpServer (BaseHttpServer.java:updateConnectorAddress(215)) - HTTP server of SCM is listening at http://0.0.0.0:42636
2019-09-24 19:07:36,656 [main] WARN  server.ServerUtils (ServerUtils.java:getDBPath(222)) - ozone.om.db.dirs is not configured. We recommend adding this setting. Falling back to ozone.metadata.dirs instead.
2019-09-24 19:07:36,657 [org.apache.hadoop.util.JvmPauseMonitor$Monitor@6562cc23] INFO  util.JvmPauseMonitor (JvmPauseMonitor.java:run(188)) - Starting JVM pause monitor
2019-09-24 19:07:36,853 [main] WARN  server.ServerUtils (ServerUtils.java:getDBPath(222)) - ozone.om.db.dirs is not configured. We recommend adding this setting. Falling back to ozone.metadata.dirs instead.
2019-09-24 19:07:36,854 [main] WARN  server.ServerUtils (ServerUtils.java:getDBPath(222)) - ozone.om.db.dirs is not configured. We recommend adding this setting. Falling back to ozone.metadata.dirs instead.
2019-09-24 19:07:36,855 [main] INFO  om.OzoneManager (OzoneManager.java:setOMNodeDetails(652)) - OM Service ID is not set. Setting it to the default ID: omServiceIdDefault
2019-09-24 19:07:36,855 [main] INFO  om.OzoneManager (OzoneManager.java:setOMNodeDetails(658)) - OM Node ID is not set. Setting it to the OmStorage's OmID: 22dd164f-2870-4b70-b0c7-73f53f3c986c
2019-09-24 19:07:36,855 [main] INFO  om.OzoneManager (OzoneManager.java:loadOMHAConfigs(609)) - Found matching OM address with OMServiceId: null, OMNodeId: null, RPC Address: localhost:0 and Ratis port: 9872
2019-09-24 19:07:36,866 [main] WARN  server.ServerUtils (ServerUtils.java:getDBPath(222)) - ozone.om.db.dirs is not configured. We recommend adding this setting. Falling back to ozone.metadata.dirs instead.
2019-09-24 19:07:36,866 [main] INFO  db.DBStoreBuilder (DBStoreBuilder.java:addTable(110)) - using custom profile for table: userTable
2019-09-24 19:07:36,866 [main] INFO  db.DBStoreBuilder (DBStoreBuilder.java:processTables(161)) - Using default column profile:DBProfile.DISK for Table:userTable
2019-09-24 19:07:36,867 [main] INFO  db.DBStoreBuilder (DBStoreBuilder.java:addTable(110)) - using custom profile for table: volumeTable
2019-09-24 19:07:36,867 [main] INFO  db.DBStoreBuilder (DBStoreBuilder.java:processTables(161)) - Using default column profile:DBProfile.DISK for Table:volumeTable
2019-09-24 19:07:36,867 [main] INFO  db.DBStoreBuilder (DBStoreBuilder.java:addTable(110)) - using custom profile for table: bucketTable
2019-09-24 19:07:36,867 [main] INFO  db.DBStoreBuilder (DBStoreBuilder.java:processTables(161)) - Using default column profile:DBProfile.DISK for Table:bucketTable
2019-09-24 19:07:36,867 [main] INFO  db.DBStoreBuilder (DBStoreBuilder.java:addTable(110)) - using custom profile for table: keyTable
2019-09-24 19:07:36,868 [main] INFO  db.DBStoreBuilder (DBStoreBuilder.java:processTables(161)) - Using default column profile:DBProfile.DISK for Table:keyTable
2019-09-24 19:07:36,868 [main] INFO  db.DBStoreBuilder (DBStoreBuilder.java:addTable(110)) - using custom profile for table: deletedTable
2019-09-24 19:07:36,868 [main] INFO  db.DBStoreBuilder (DBStoreBuilder.java:processTables(161)) - Using default column profile:DBProfile.DISK for Table:deletedTable
2019-09-24 19:07:36,868 [main] INFO  db.DBStoreBuilder (DBStoreBuilder.java:addTable(110)) - using custom profile for table: openKeyTable
2019-09-24 19:07:36,868 [main] INFO  db.DBStoreBuilder (DBStoreBuilder.java:processTables(161)) - Using default column profile:DBProfile.DISK for Table:openKeyTable
2019-09-24 19:07:36,869 [main] INFO  db.DBStoreBuilder (DBStoreBuilder.java:addTable(110)) - using custom profile for table: s3Table
2019-09-24 19:07:36,869 [main] INFO  db.DBStoreBuilder (DBStoreBuilder.java:processTables(161)) - Using default column profile:DBProfile.DISK for Table:s3Table
2019-09-24 19:07:36,869 [main] INFO  db.DBStoreBuilder (DBStoreBuilder.java:addTable(110)) - using custom profile for table: multipartInfoTable
2019-09-24 19:07:36,869 [main] INFO  db.DBStoreBuilder (DBStoreBuilder.java:processTables(161)) - Using default column profile:DBProfile.DISK for Table:multipartInfoTable
2019-09-24 19:07:36,869 [main] INFO  db.DBStoreBuilder (DBStoreBuilder.java:addTable(110)) - using custom profile for table: dTokenTable
2019-09-24 19:07:36,870 [main] INFO  db.DBStoreBuilder (DBStoreBuilder.java:processTables(161)) - Using default column profile:DBProfile.DISK for Table:dTokenTable
2019-09-24 19:07:36,870 [main] INFO  db.DBStoreBuilder (DBStoreBuilder.java:addTable(110)) - using custom profile for table: s3SecretTable
2019-09-24 19:07:36,870 [main] INFO  db.DBStoreBuilder (DBStoreBuilder.java:processTables(161)) - Using default column profile:DBProfile.DISK for Table:s3SecretTable
2019-09-24 19:07:36,870 [main] INFO  db.DBStoreBuilder (DBStoreBuilder.java:addTable(110)) - using custom profile for table: prefixTable
2019-09-24 19:07:36,870 [main] INFO  db.DBStoreBuilder (DBStoreBuilder.java:processTables(161)) - Using default column profile:DBProfile.DISK for Table:prefixTable
2019-09-24 19:07:36,871 [main] INFO  db.DBStoreBuilder (DBStoreBuilder.java:addTable(110)) - using custom profile for table: default
2019-09-24 19:07:36,871 [main] INFO  db.DBStoreBuilder (DBStoreBuilder.java:processTables(167)) - Using default column profile:DBProfile.DISK for Table:default
2019-09-24 19:07:36,871 [main] INFO  db.DBStoreBuilder (DBStoreBuilder.java:getDbProfile(198)) - Using default options. DBProfile.DISK
2019-09-24 19:08:18,224 [main] INFO  ipc.CallQueueManager (CallQueueManager.java:<init>(84)) - Using callQueue: class java.util.concurrent.LinkedBlockingQueue, queueCapacity: 2000, scheduler: class org.apache.hadoop.ipc.DefaultRpcScheduler, ipcBackoff: false.
2019-09-24 19:08:18,226 [Socket Reader #1 for port 37412] INFO  ipc.Server (Server.java:run(1074)) - Starting Socket Reader #1 for port 37412
2019-09-24 19:08:18,247 [main] INFO  om.OzoneManager (OzoneManager.java:start(1243)) - OzoneManager RPC server is listening at localhost/127.0.0.1:37412
2019-09-24 19:08:18,248 [main] INFO  impl.MetricsSystemImpl (MetricsSystemImpl.java:init(158)) - OzoneManager metrics system started (again)
2019-09-24 19:08:18,248 [IPC Server Responder] INFO  ipc.Server (Server.java:run(1314)) - IPC Server Responder: starting
2019-09-24 19:08:18,252 [IPC Server listener on 37412] INFO  ipc.Server (Server.java:run(1153)) - IPC Server listener on 37412: starting
2019-09-24 19:08:18,260 [main] INFO  hdfs.DFSUtil (DFSUtil.java:httpServerTemplateForNNAndJN(1641)) - Starting Web-server for ozoneManager at: http://0.0.0.0:0
2019-09-24 19:08:18,262 [main] INFO  server.AuthenticationFilter (AuthenticationFilter.java:constructSecretProvider(240)) - Unable to initialize FileSignerSecretProvider, falling back to use random secrets.
2019-09-24 19:08:18,263 [main] WARN  http.HttpRequestLog (HttpRequestLog.java:getRequestLog(97)) - Jetty request log can only be enabled using Log4j
2019-09-24 19:08:18,265 [main] INFO  http.HttpServer2 (HttpServer2.java:addGlobalFilter(975)) - Added global filter 'safety' (class=org.apache.hadoop.http.HttpServer2$QuotingInputFilter)
2019-09-24 19:08:18,266 [main] INFO  http.HttpServer2 (HttpServer2.java:addFilter(948)) - Added filter static_user_filter (class=org.apache.hadoop.http.lib.StaticUserWebFilter$StaticUserFilter) to context ozoneManager
2019-09-24 19:08:18,266 [main] INFO  http.HttpServer2 (HttpServer2.java:addFilter(958)) - Added filter static_user_filter (class=org.apache.hadoop.http.lib.StaticUserWebFilter$StaticUserFilter) to context logs
2019-09-24 19:08:18,266 [main] INFO  http.HttpServer2 (HttpServer2.java:addFilter(958)) - Added filter static_user_filter (class=org.apache.hadoop.http.lib.StaticUserWebFilter$StaticUserFilter) to context static
2019-09-24 19:08:18,268 [main] INFO  http.HttpServer2 (HttpServer2.java:bindListener(1191)) - Jetty bound to port 40836
2019-09-24 19:08:18,268 [main] INFO  server.Server (Server.java:doStart(351)) - jetty-9.3.25.v20180904, build timestamp: 2018-09-04T21:11:46Z, git hash: 3ce520221d0240229c862b122d2b06c12a625732
2019-09-24 19:08:18,270 [main] INFO  handler.ContextHandler (ContextHandler.java:doStart(781)) - Started o.e.j.s.ServletContextHandler@1e495414{/logs,file:///workdir/hadoop-ozone/integration-test/target/log,AVAILABLE}
2019-09-24 19:08:18,271 [main] INFO  handler.ContextHandler (ContextHandler.java:doStart(781)) - Started o.e.j.s.ServletContextHandler@33e3bd2e{/static,file:///workdir/hadoop-ozone/integration-test/target/test-classes/webapps/static,AVAILABLE}
2019-09-24 19:08:18,288 [main] INFO  handler.ContextHandler (ContextHandler.java:doStart(781)) - Started o.e.j.w.WebAppContext@37ca3ca8{/,file:///workdir/hadoop-ozone/integration-test/target/test-classes/webapps/ozoneManager/,AVAILABLE}{/ozoneManager}
2019-09-24 19:08:18,288 [main] INFO  server.AbstractConnector (AbstractConnector.java:doStart(278)) - Started ServerConnector@191ec193{HTTP/1.1,[http/1.1]}{0.0.0.0:40836}
2019-09-24 19:08:18,290 [main] INFO  server.Server (Server.java:doStart(419)) - Started @516364ms
2019-09-24 19:08:18,290 [main] WARN  impl.MetricsSystemImpl (MetricsSystemImpl.java:register(276)) - Sink prometheus already exists!
2019-09-24 19:08:18,291 [main] INFO  server.BaseHttpServer (BaseHttpServer.java:updateConnectorAddress(215)) - HTTP server of OZONEMANAGER is listening at http://0.0.0.0:40836
2019-09-24 19:08:18,321 [main] INFO  impl.MetricsSystemImpl (MetricsSystemImpl.java:init(158)) - HddsDatanode metrics system started (again)
2019-09-24 19:08:18,324 [main] INFO  ozone.HddsDatanodeService (HddsDatanodeService.java:start(184)) - HddsDatanodeService host:pr-hdds-2149-fgl4f-1742389470 ip:192.168.5.148
2019-09-24 19:08:18,331 [main] INFO  volume.HddsVolume (HddsVolume.java:<init>(176)) - Creating Volume: /workdir/hadoop-ozone/integration-test/target/test-dir/MiniOzoneClusterImpl-6223b62d-fae7-42c6-9f07-44d8c3bb99d0/datanode-0/data/containers/hdds of  storage type : DISK and capacity : 1482555576320
2019-09-24 19:08:18,331 [main] INFO  volume.VolumeSet (VolumeSet.java:initializeVolumeSet(170)) - Added Volume : /workdir/hadoop-ozone/integration-test/target/test-dir/MiniOzoneClusterImpl-6223b62d-fae7-42c6-9f07-44d8c3bb99d0/datanode-0/data/containers/hdds to VolumeSet
2019-09-24 19:08:18,332 [main] INFO  volume.ThrottledAsyncChecker (ThrottledAsyncChecker.java:schedule(139)) - Scheduling a check for org.apache.hadoop.ozone.container.common.volume.HddsVolume@4b3a01d8
2019-09-24 19:08:18,332 [main] INFO  volume.HddsVolumeChecker (HddsVolumeChecker.java:checkAllVolumes(202)) - Scheduled health check for volume org.apache.hadoop.ozone.container.common.volume.HddsVolume@4b3a01d8
2019-09-24 19:08:18,346 [main] INFO  impl.RaftServerProxy (ConfUtils.java:logGet(43)) - raft.rpc.type = GRPC (default)
2019-09-24 19:08:18,346 [main] INFO  grpc.GrpcFactory (GrpcFactory.java:checkPooledByteBufAllocatorUseCacheForAllThreads(45)) - PERFORMANCE WARNING: useCacheForAllThreads is true that may cause Netty to create a lot garbage objects and, as a result, trigger GC.
	It is recommended to disable useCacheForAllThreads by setting -Dorg.apache.ratis.thirdparty.io.netty.allocator.useCacheForAllThreads=false in command line.
2019-09-24 19:08:18,346 [main] INFO  grpc.GrpcConfigKeys$Server (ConfUtils.java:logGet(43)) - raft.grpc.server.port = 0 (default)
2019-09-24 19:08:18,346 [main] INFO  server.GrpcService (ConfUtils.java:logGet(43)) - raft.grpc.message.size.max = 33570816 (custom)
2019-09-24 19:08:18,347 [main] INFO  server.RaftServerConfigKeys (ConfUtils.java:logGet(43)) - raft.server.log.appender.buffer.byte-limit = 33554432 (custom)
2019-09-24 19:08:18,347 [main] INFO  server.GrpcService (ConfUtils.java:logGet(43)) - raft.grpc.flow.control.window = 1MB (=1048576) (default)
2019-09-24 19:08:18,347 [main] INFO  server.RaftServerConfigKeys (ConfUtils.java:logGet(43)) - raft.server.rpc.request.timeout = 3000ms (default)
2019-09-24 19:08:18,348 [main] INFO  server.RaftServerConfigKeys (ConfUtils.java:logGet(43)) - raft.server.storage.dir = [/workdir/hadoop-ozone/integration-test/target/test-dir/MiniOzoneClusterImpl-6223b62d-fae7-42c6-9f07-44d8c3bb99d0/datanode-0/data/ratis] (custom)
2019-09-24 19:08:18,349 [main] INFO  hdfs.DFSUtil (DFSUtil.java:httpServerTemplateForNNAndJN(1641)) - Starting Web-server for hddsDatanode at: http://0.0.0.0:0
2019-09-24 19:08:18,350 [main] INFO  server.AuthenticationFilter (AuthenticationFilter.java:constructSecretProvider(240)) - Unable to initialize FileSignerSecretProvider, falling back to use random secrets.
2019-09-24 19:08:18,351 [main] WARN  http.HttpRequestLog (HttpRequestLog.java:getRequestLog(97)) - Jetty request log can only be enabled using Log4j
2019-09-24 19:08:18,352 [main] INFO  http.HttpServer2 (HttpServer2.java:addGlobalFilter(975)) - Added global filter 'safety' (class=org.apache.hadoop.http.HttpServer2$QuotingInputFilter)
2019-09-24 19:08:18,352 [main] INFO  http.HttpServer2 (HttpServer2.java:addFilter(948)) - Added filter static_user_filter (class=org.apache.hadoop.http.lib.StaticUserWebFilter$StaticUserFilter) to context hddsDatanode
2019-09-24 19:08:18,353 [main] INFO  http.HttpServer2 (HttpServer2.java:addFilter(958)) - Added filter static_user_filter (class=org.apache.hadoop.http.lib.StaticUserWebFilter$StaticUserFilter) to context logs
2019-09-24 19:08:18,353 [main] INFO  http.HttpServer2 (HttpServer2.java:addFilter(958)) - Added filter static_user_filter (class=org.apache.hadoop.http.lib.StaticUserWebFilter$StaticUserFilter) to context static
2019-09-24 19:08:18,353 [main] INFO  http.HttpServer2 (HttpServer2.java:bindListener(1191)) - Jetty bound to port 32820
2019-09-24 19:08:18,353 [main] INFO  server.Server (Server.java:doStart(351)) - jetty-9.3.25.v20180904, build timestamp: 2018-09-04T21:11:46Z, git hash: 3ce520221d0240229c862b122d2b06c12a625732
2019-09-24 19:08:18,355 [main] INFO  handler.ContextHandler (ContextHandler.java:doStart(781)) - Started o.e.j.s.ServletContextHandler@7f0d8eff{/logs,file:///workdir/hadoop-ozone/integration-test/target/log,AVAILABLE}
2019-09-24 19:08:18,355 [main] INFO  handler.ContextHandler (ContextHandler.java:doStart(781)) - Started o.e.j.s.ServletContextHandler@3ca3648{/static,jar:file:/home/user/.m2/repository/org/apache/hadoop/hadoop-hdds-container-service/0.5.0-SNAPSHOT/hadoop-hdds-container-service-0.5.0-SNAPSHOT.jar!/webapps/static,AVAILABLE}
2019-09-24 19:08:18,384 [main] INFO  handler.ContextHandler (ContextHandler.java:doStart(781)) - Started o.e.j.w.WebAppContext@20bb85b4{/,file:///tmp/jetty-0.0.0.0-32820-hddsDatanode-_-any-6940675935621546861.dir/webapp/,AVAILABLE}{/hddsDatanode}
2019-09-24 19:08:18,384 [main] INFO  server.AbstractConnector (AbstractConnector.java:doStart(278)) - Started ServerConnector@79add732{HTTP/1.1,[http/1.1]}{0.0.0.0:32820}
2019-09-24 19:08:18,386 [main] INFO  server.Server (Server.java:doStart(419)) - Started @516460ms
2019-09-24 19:08:18,386 [main] WARN  impl.MetricsSystemImpl (MetricsSystemImpl.java:register(276)) - Sink prometheus already exists!
2019-09-24 19:08:18,387 [main] INFO  server.BaseHttpServer (BaseHttpServer.java:updateConnectorAddress(215)) - HTTP server of HDDSDATANODE is listening at http://0.0.0.0:32820
2019-09-24 19:08:18,387 [main] INFO  impl.MetricsSystemImpl (MetricsSystemImpl.java:init(158)) - HddsDatanode metrics system started (again)
2019-09-24 19:08:18,390 [main] INFO  ozone.HddsDatanodeService (HddsDatanodeService.java:start(184)) - HddsDatanodeService host:pr-hdds-2149-fgl4f-1742389470 ip:192.168.5.148
2019-09-24 19:08:18,391 [org.apache.hadoop.util.JvmPauseMonitor$Monitor@25a7bd35] INFO  util.JvmPauseMonitor (JvmPauseMonitor.java:run(188)) - Starting JVM pause monitor
2019-09-24 19:08:18,393 [Datanode State Machine Thread - 0] INFO  datanode.InitDatanodeState (InitDatanodeState.java:persistContainerDatanodeDetails(140)) - DatanodeDetails is persisted to /workdir/hadoop-ozone/integration-test/target/test-dir/MiniOzoneClusterImpl-6223b62d-fae7-42c6-9f07-44d8c3bb99d0/datanode-0/meta/datanode.id
2019-09-24 19:08:18,396 [main] INFO  volume.HddsVolume (HddsVolume.java:<init>(176)) - Creating Volume: /workdir/hadoop-ozone/integration-test/target/test-dir/MiniOzoneClusterImpl-6223b62d-fae7-42c6-9f07-44d8c3bb99d0/datanode-1/data/containers/hdds of  storage type : DISK and capacity : 1482555576320
2019-09-24 19:08:18,397 [main] INFO  volume.VolumeSet (VolumeSet.java:initializeVolumeSet(170)) - Added Volume : /workdir/hadoop-ozone/integration-test/target/test-dir/MiniOzoneClusterImpl-6223b62d-fae7-42c6-9f07-44d8c3bb99d0/datanode-1/data/containers/hdds to VolumeSet
2019-09-24 19:08:18,397 [main] INFO  volume.ThrottledAsyncChecker (ThrottledAsyncChecker.java:schedule(139)) - Scheduling a check for org.apache.hadoop.ozone.container.common.volume.HddsVolume@53982523
2019-09-24 19:08:18,397 [main] INFO  volume.HddsVolumeChecker (HddsVolumeChecker.java:checkAllVolumes(202)) - Scheduled health check for volume org.apache.hadoop.ozone.container.common.volume.HddsVolume@53982523
2019-09-24 19:08:18,410 [main] INFO  impl.RaftServerProxy (ConfUtils.java:logGet(43)) - raft.rpc.type = GRPC (default)
2019-09-24 19:08:18,411 [main] INFO  grpc.GrpcFactory (GrpcFactory.java:checkPooledByteBufAllocatorUseCacheForAllThreads(45)) - PERFORMANCE WARNING: useCacheForAllThreads is true that may cause Netty to create a lot garbage objects and, as a result, trigger GC.
	It is recommended to disable useCacheForAllThreads by setting -Dorg.apache.ratis.thirdparty.io.netty.allocator.useCacheForAllThreads=false in command line.
2019-09-24 19:08:18,411 [main] INFO  grpc.GrpcConfigKeys$Server (ConfUtils.java:logGet(43)) - raft.grpc.server.port = 0 (default)
2019-09-24 19:08:18,411 [main] INFO  server.GrpcService (ConfUtils.java:logGet(43)) - raft.grpc.message.size.max = 33570816 (custom)
2019-09-24 19:08:18,411 [main] INFO  server.RaftServerConfigKeys (ConfUtils.java:logGet(43)) - raft.server.log.appender.buffer.byte-limit = 33554432 (custom)
2019-09-24 19:08:18,411 [main] INFO  server.GrpcService (ConfUtils.java:logGet(43)) - raft.grpc.flow.control.window = 1MB (=1048576) (default)
2019-09-24 19:08:18,412 [main] INFO  server.RaftServerConfigKeys (ConfUtils.java:logGet(43)) - raft.server.rpc.request.timeout = 3000ms (default)
2019-09-24 19:08:18,412 [main] INFO  server.RaftServerConfigKeys (ConfUtils.java:logGet(43)) - raft.server.storage.dir = [/workdir/hadoop-ozone/integration-test/target/test-dir/MiniOzoneClusterImpl-6223b62d-fae7-42c6-9f07-44d8c3bb99d0/datanode-1/data/ratis] (custom)
2019-09-24 19:08:18,413 [main] INFO  hdfs.DFSUtil (DFSUtil.java:httpServerTemplateForNNAndJN(1641)) - Starting Web-server for hddsDatanode at: http://0.0.0.0:0
2019-09-24 19:08:18,415 [main] INFO  server.AuthenticationFilter (AuthenticationFilter.java:constructSecretProvider(240)) - Unable to initialize FileSignerSecretProvider, falling back to use random secrets.
2019-09-24 19:08:18,415 [main] WARN  http.HttpRequestLog (HttpRequestLog.java:getRequestLog(97)) - Jetty request log can only be enabled using Log4j
2019-09-24 19:08:18,417 [main] INFO  http.HttpServer2 (HttpServer2.java:addGlobalFilter(975)) - Added global filter 'safety' (class=org.apache.hadoop.http.HttpServer2$QuotingInputFilter)
2019-09-24 19:08:18,417 [main] INFO  http.HttpServer2 (HttpServer2.java:addFilter(948)) - Added filter static_user_filter (class=org.apache.hadoop.http.lib.StaticUserWebFilter$StaticUserFilter) to context hddsDatanode
2019-09-24 19:08:18,418 [main] INFO  http.HttpServer2 (HttpServer2.java:addFilter(958)) - Added filter static_user_filter (class=org.apache.hadoop.http.lib.StaticUserWebFilter$StaticUserFilter) to context static
2019-09-24 19:08:18,418 [main] INFO  http.HttpServer2 (HttpServer2.java:addFilter(958)) - Added filter static_user_filter (class=org.apache.hadoop.http.lib.StaticUserWebFilter$StaticUserFilter) to context logs
2019-09-24 19:08:18,419 [main] INFO  http.HttpServer2 (HttpServer2.java:bindListener(1191)) - Jetty bound to port 41467
2019-09-24 19:08:18,419 [main] INFO  server.Server (Server.java:doStart(351)) - jetty-9.3.25.v20180904, build timestamp: 2018-09-04T21:11:46Z, git hash: 3ce520221d0240229c862b122d2b06c12a625732
2019-09-24 19:08:18,420 [main] INFO  handler.ContextHandler (ContextHandler.java:doStart(781)) - Started o.e.j.s.ServletContextHandler@7eaa2bc6{/logs,file:///workdir/hadoop-ozone/integration-test/target/log,AVAILABLE}
2019-09-24 19:08:18,421 [main] INFO  handler.ContextHandler (ContextHandler.java:doStart(781)) - Started o.e.j.s.ServletContextHandler@4d81e83a{/static,jar:file:/home/user/.m2/repository/org/apache/hadoop/hadoop-hdds-container-service/0.5.0-SNAPSHOT/hadoop-hdds-container-service-0.5.0-SNAPSHOT.jar!/webapps/static,AVAILABLE}
2019-09-24 19:08:18,455 [main] INFO  handler.ContextHandler (ContextHandler.java:doStart(781)) - Started o.e.j.w.WebAppContext@787d1f9c{/,file:///tmp/jetty-0.0.0.0-41467-hddsDatanode-_-any-3571956384768992226.dir/webapp/,AVAILABLE}{/hddsDatanode}
2019-09-24 19:08:18,455 [main] INFO  server.AbstractConnector (AbstractConnector.java:doStart(278)) - Started ServerConnector@2becfd4c{HTTP/1.1,[http/1.1]}{0.0.0.0:41467}
2019-09-24 19:08:18,456 [main] INFO  server.Server (Server.java:doStart(419)) - Started @516530ms
2019-09-24 19:08:18,459 [main] WARN  impl.MetricsSystemImpl (MetricsSystemImpl.java:register(276)) - Sink prometheus already exists!
2019-09-24 19:08:18,460 [main] INFO  server.BaseHttpServer (BaseHttpServer.java:updateConnectorAddress(215)) - HTTP server of HDDSDATANODE is listening at http://0.0.0.0:41467
2019-09-24 19:08:18,461 [main] INFO  impl.MetricsSystemImpl (MetricsSystemImpl.java:init(158)) - HddsDatanode metrics system started (again)
2019-09-24 19:08:18,465 [main] INFO  ozone.HddsDatanodeService (HddsDatanodeService.java:start(184)) - HddsDatanodeService host:pr-hdds-2149-fgl4f-1742389470 ip:192.168.5.148
2019-09-24 19:08:18,465 [org.apache.hadoop.util.JvmPauseMonitor$Monitor@5bf1bea7] INFO  util.JvmPauseMonitor (JvmPauseMonitor.java:run(188)) - Starting JVM pause monitor
2019-09-24 19:08:18,467 [Datanode State Machine Thread - 0] INFO  datanode.InitDatanodeState (InitDatanodeState.java:persistContainerDatanodeDetails(140)) - DatanodeDetails is persisted to /workdir/hadoop-ozone/integration-test/target/test-dir/MiniOzoneClusterImpl-6223b62d-fae7-42c6-9f07-44d8c3bb99d0/datanode-1/meta/datanode.id
2019-09-24 19:08:18,471 [main] INFO  volume.HddsVolume (HddsVolume.java:<init>(176)) - Creating Volume: /workdir/hadoop-ozone/integration-test/target/test-dir/MiniOzoneClusterImpl-6223b62d-fae7-42c6-9f07-44d8c3bb99d0/datanode-2/data/containers/hdds of  storage type : DISK and capacity : 1482555576320
2019-09-24 19:08:18,472 [main] INFO  volume.VolumeSet (VolumeSet.java:initializeVolumeSet(170)) - Added Volume : /workdir/hadoop-ozone/integration-test/target/test-dir/MiniOzoneClusterImpl-6223b62d-fae7-42c6-9f07-44d8c3bb99d0/datanode-2/data/containers/hdds to VolumeSet
2019-09-24 19:08:18,472 [main] INFO  volume.ThrottledAsyncChecker (ThrottledAsyncChecker.java:schedule(139)) - Scheduling a check for org.apache.hadoop.ozone.container.common.volume.HddsVolume@26c7b1c6
2019-09-24 19:08:18,472 [main] INFO  volume.HddsVolumeChecker (HddsVolumeChecker.java:checkAllVolumes(202)) - Scheduled health check for volume org.apache.hadoop.ozone.container.common.volume.HddsVolume@26c7b1c6
2019-09-24 19:08:18,491 [main] INFO  impl.RaftServerProxy (ConfUtils.java:logGet(43)) - raft.rpc.type = GRPC (default)
2019-09-24 19:08:18,491 [main] INFO  grpc.GrpcFactory (GrpcFactory.java:checkPooledByteBufAllocatorUseCacheForAllThreads(45)) - PERFORMANCE WARNING: useCacheForAllThreads is true that may cause Netty to create a lot garbage objects and, as a result, trigger GC.
	It is recommended to disable useCacheForAllThreads by setting -Dorg.apache.ratis.thirdparty.io.netty.allocator.useCacheForAllThreads=false in command line.
2019-09-24 19:08:18,492 [main] INFO  grpc.GrpcConfigKeys$Server (ConfUtils.java:logGet(43)) - raft.grpc.server.port = 0 (default)
2019-09-24 19:08:18,492 [main] INFO  server.GrpcService (ConfUtils.java:logGet(43)) - raft.grpc.message.size.max = 33570816 (custom)
2019-09-24 19:08:18,492 [main] INFO  server.RaftServerConfigKeys (ConfUtils.java:logGet(43)) - raft.server.log.appender.buffer.byte-limit = 33554432 (custom)
2019-09-24 19:08:18,493 [main] INFO  server.GrpcService (ConfUtils.java:logGet(43)) - raft.grpc.flow.control.window = 1MB (=1048576) (default)
2019-09-24 19:08:18,493 [main] INFO  server.RaftServerConfigKeys (ConfUtils.java:logGet(43)) - raft.server.rpc.request.timeout = 3000ms (default)
2019-09-24 19:08:18,494 [main] INFO  server.RaftServerConfigKeys (ConfUtils.java:logGet(43)) - raft.server.storage.dir = [/workdir/hadoop-ozone/integration-test/target/test-dir/MiniOzoneClusterImpl-6223b62d-fae7-42c6-9f07-44d8c3bb99d0/datanode-2/data/ratis] (custom)
2019-09-24 19:08:18,495 [main] INFO  hdfs.DFSUtil (DFSUtil.java:httpServerTemplateForNNAndJN(1641)) - Starting Web-server for hddsDatanode at: http://0.0.0.0:0
2019-09-24 19:08:18,497 [main] INFO  server.AuthenticationFilter (AuthenticationFilter.java:constructSecretProvider(240)) - Unable to initialize FileSignerSecretProvider, falling back to use random secrets.
2019-09-24 19:08:18,497 [main] WARN  http.HttpRequestLog (HttpRequestLog.java:getRequestLog(97)) - Jetty request log can only be enabled using Log4j
2019-09-24 19:08:18,499 [main] INFO  http.HttpServer2 (HttpServer2.java:addGlobalFilter(975)) - Added global filter 'safety' (class=org.apache.hadoop.http.HttpServer2$QuotingInputFilter)
2019-09-24 19:08:18,499 [main] INFO  http.HttpServer2 (HttpServer2.java:addFilter(948)) - Added filter static_user_filter (class=org.apache.hadoop.http.lib.StaticUserWebFilter$StaticUserFilter) to context hddsDatanode
2019-09-24 19:08:18,500 [main] INFO  http.HttpServer2 (HttpServer2.java:addFilter(958)) - Added filter static_user_filter (class=org.apache.hadoop.http.lib.StaticUserWebFilter$StaticUserFilter) to context static
2019-09-24 19:08:18,500 [main] INFO  http.HttpServer2 (HttpServer2.java:addFilter(958)) - Added filter static_user_filter (class=org.apache.hadoop.http.lib.StaticUserWebFilter$StaticUserFilter) to context logs
2019-09-24 19:08:18,501 [main] INFO  http.HttpServer2 (HttpServer2.java:bindListener(1191)) - Jetty bound to port 38531
2019-09-24 19:08:18,501 [main] INFO  server.Server (Server.java:doStart(351)) - jetty-9.3.25.v20180904, build timestamp: 2018-09-04T21:11:46Z, git hash: 3ce520221d0240229c862b122d2b06c12a625732
2019-09-24 19:08:18,502 [main] INFO  handler.ContextHandler (ContextHandler.java:doStart(781)) - Started o.e.j.s.ServletContextHandler@77aea{/logs,file:///workdir/hadoop-ozone/integration-test/target/log,AVAILABLE}
2019-09-24 19:08:18,503 [main] INFO  handler.ContextHandler (ContextHandler.java:doStart(781)) - Started o.e.j.s.ServletContextHandler@9a9aa68{/static,jar:file:/home/user/.m2/repository/org/apache/hadoop/hadoop-hdds-container-service/0.5.0-SNAPSHOT/hadoop-hdds-container-service-0.5.0-SNAPSHOT.jar!/webapps/static,AVAILABLE}
2019-09-24 19:08:18,530 [main] INFO  handler.ContextHandler (ContextHandler.java:doStart(781)) - Started o.e.j.w.WebAppContext@175581eb{/,file:///tmp/jetty-0.0.0.0-38531-hddsDatanode-_-any-7005513636361364514.dir/webapp/,AVAILABLE}{/hddsDatanode}
2019-09-24 19:08:18,530 [main] INFO  server.AbstractConnector (AbstractConnector.java:doStart(278)) - Started ServerConnector@2b79c8ff{HTTP/1.1,[http/1.1]}{0.0.0.0:38531}
2019-09-24 19:08:18,530 [main] INFO  server.Server (Server.java:doStart(419)) - Started @516604ms
2019-09-24 19:08:18,532 [main] WARN  impl.MetricsSystemImpl (MetricsSystemImpl.java:register(276)) - Sink prometheus already exists!
2019-09-24 19:08:18,533 [main] INFO  server.BaseHttpServer (BaseHttpServer.java:updateConnectorAddress(215)) - HTTP server of HDDSDATANODE is listening at http://0.0.0.0:38531
2019-09-24 19:08:18,533 [main] INFO  impl.MetricsSystemImpl (MetricsSystemImpl.java:init(158)) - HddsDatanode metrics system started (again)
2019-09-24 19:08:18,537 [main] INFO  ozone.HddsDatanodeService (HddsDatanodeService.java:start(184)) - HddsDatanodeService host:pr-hdds-2149-fgl4f-1742389470 ip:192.168.5.148
2019-09-24 19:08:18,537 [org.apache.hadoop.util.JvmPauseMonitor$Monitor@7900837c] INFO  util.JvmPauseMonitor (JvmPauseMonitor.java:run(188)) - Starting JVM pause monitor
2019-09-24 19:08:18,539 [Datanode State Machine Thread - 0] INFO  datanode.InitDatanodeState (InitDatanodeState.java:persistContainerDatanodeDetails(140)) - DatanodeDetails is persisted to /workdir/hadoop-ozone/integration-test/target/test-dir/MiniOzoneClusterImpl-6223b62d-fae7-42c6-9f07-44d8c3bb99d0/datanode-2/meta/datanode.id
2019-09-24 19:08:18,543 [main] INFO  volume.HddsVolume (HddsVolume.java:<init>(176)) - Creating Volume: /workdir/hadoop-ozone/integration-test/target/test-dir/MiniOzoneClusterImpl-6223b62d-fae7-42c6-9f07-44d8c3bb99d0/datanode-3/data/containers/hdds of  storage type : DISK and capacity : 1482555576320
2019-09-24 19:08:18,543 [main] INFO  volume.VolumeSet (VolumeSet.java:initializeVolumeSet(170)) - Added Volume : /workdir/hadoop-ozone/integration-test/target/test-dir/MiniOzoneClusterImpl-6223b62d-fae7-42c6-9f07-44d8c3bb99d0/datanode-3/data/containers/hdds to VolumeSet
2019-09-24 19:08:18,544 [main] INFO  volume.ThrottledAsyncChecker (ThrottledAsyncChecker.java:schedule(139)) - Scheduling a check for org.apache.hadoop.ozone.container.common.volume.HddsVolume@13516600
2019-09-24 19:08:18,544 [main] INFO  volume.HddsVolumeChecker (HddsVolumeChecker.java:checkAllVolumes(202)) - Scheduled health check for volume org.apache.hadoop.ozone.container.common.volume.HddsVolume@13516600
2019-09-24 19:08:18,558 [main] INFO  impl.RaftServerProxy (ConfUtils.java:logGet(43)) - raft.rpc.type = GRPC (default)
2019-09-24 19:08:18,558 [main] INFO  grpc.GrpcFactory (GrpcFactory.java:checkPooledByteBufAllocatorUseCacheForAllThreads(45)) - PERFORMANCE WARNING: useCacheForAllThreads is true that may cause Netty to create a lot garbage objects and, as a result, trigger GC.
	It is recommended to disable useCacheForAllThreads by setting -Dorg.apache.ratis.thirdparty.io.netty.allocator.useCacheForAllThreads=false in command line.
2019-09-24 19:08:18,558 [main] INFO  grpc.GrpcConfigKeys$Server (ConfUtils.java:logGet(43)) - raft.grpc.server.port = 0 (default)
2019-09-24 19:08:18,559 [main] INFO  server.GrpcService (ConfUtils.java:logGet(43)) - raft.grpc.message.size.max = 33570816 (custom)
2019-09-24 19:08:18,559 [main] INFO  server.RaftServerConfigKeys (ConfUtils.java:logGet(43)) - raft.server.log.appender.buffer.byte-limit = 33554432 (custom)
2019-09-24 19:08:18,559 [main] INFO  server.GrpcService (ConfUtils.java:logGet(43)) - raft.grpc.flow.control.window = 1MB (=1048576) (default)
2019-09-24 19:08:18,559 [main] INFO  server.RaftServerConfigKeys (ConfUtils.java:logGet(43)) - raft.server.rpc.request.timeout = 3000ms (default)
2019-09-24 19:08:18,560 [main] INFO  server.RaftServerConfigKeys (ConfUtils.java:logGet(43)) - raft.server.storage.dir = [/workdir/hadoop-ozone/integration-test/target/test-dir/MiniOzoneClusterImpl-6223b62d-fae7-42c6-9f07-44d8c3bb99d0/datanode-3/data/ratis] (custom)
2019-09-24 19:08:18,561 [main] INFO  hdfs.DFSUtil (DFSUtil.java:httpServerTemplateForNNAndJN(1641)) - Starting Web-server for hddsDatanode at: http://0.0.0.0:0
2019-09-24 19:08:18,563 [main] INFO  server.AuthenticationFilter (AuthenticationFilter.java:constructSecretProvider(240)) - Unable to initialize FileSignerSecretProvider, falling back to use random secrets.
2019-09-24 19:08:18,563 [main] WARN  http.HttpRequestLog (HttpRequestLog.java:getRequestLog(97)) - Jetty request log can only be enabled using Log4j
2019-09-24 19:08:18,565 [main] INFO  http.HttpServer2 (HttpServer2.java:addGlobalFilter(975)) - Added global filter 'safety' (class=org.apache.hadoop.http.HttpServer2$QuotingInputFilter)
2019-09-24 19:08:18,566 [main] INFO  http.HttpServer2 (HttpServer2.java:addFilter(948)) - Added filter static_user_filter (class=org.apache.hadoop.http.lib.StaticUserWebFilter$StaticUserFilter) to context hddsDatanode
2019-09-24 19:08:18,566 [main] INFO  http.HttpServer2 (HttpServer2.java:addFilter(958)) - Added filter static_user_filter (class=org.apache.hadoop.http.lib.StaticUserWebFilter$StaticUserFilter) to context static
2019-09-24 19:08:18,566 [main] INFO  http.HttpServer2 (HttpServer2.java:addFilter(958)) - Added filter static_user_filter (class=org.apache.hadoop.http.lib.StaticUserWebFilter$StaticUserFilter) to context logs
2019-09-24 19:08:18,567 [main] INFO  http.HttpServer2 (HttpServer2.java:bindListener(1191)) - Jetty bound to port 34981
2019-09-24 19:08:18,567 [main] INFO  server.Server (Server.java:doStart(351)) - jetty-9.3.25.v20180904, build timestamp: 2018-09-04T21:11:46Z, git hash: 3ce520221d0240229c862b122d2b06c12a625732
2019-09-24 19:08:18,569 [main] INFO  handler.ContextHandler (ContextHandler.java:doStart(781)) - Started o.e.j.s.ServletContextHandler@1b30a54e{/logs,file:///workdir/hadoop-ozone/integration-test/target/log,AVAILABLE}
2019-09-24 19:08:18,570 [main] INFO  handler.ContextHandler (ContextHandler.java:doStart(781)) - Started o.e.j.s.ServletContextHandler@3e9beef2{/static,jar:file:/home/user/.m2/repository/org/apache/hadoop/hadoop-hdds-container-service/0.5.0-SNAPSHOT/hadoop-hdds-container-service-0.5.0-SNAPSHOT.jar!/webapps/static,AVAILABLE}
2019-09-24 19:08:18,597 [main] INFO  handler.ContextHandler (ContextHandler.java:doStart(781)) - Started o.e.j.w.WebAppContext@4c176ff1{/,file:///tmp/jetty-0.0.0.0-34981-hddsDatanode-_-any-941026480039142004.dir/webapp/,AVAILABLE}{/hddsDatanode}
2019-09-24 19:08:18,597 [main] INFO  server.AbstractConnector (AbstractConnector.java:doStart(278)) - Started ServerConnector@27c53c32{HTTP/1.1,[http/1.1]}{0.0.0.0:34981}
2019-09-24 19:08:18,598 [main] INFO  server.Server (Server.java:doStart(419)) - Started @516672ms
2019-09-24 19:08:18,599 [main] WARN  impl.MetricsSystemImpl (MetricsSystemImpl.java:register(276)) - Sink prometheus already exists!
2019-09-24 19:08:18,600 [main] INFO  server.BaseHttpServer (BaseHttpServer.java:updateConnectorAddress(215)) - HTTP server of HDDSDATANODE is listening at http://0.0.0.0:34981
2019-09-24 19:08:18,600 [main] INFO  impl.MetricsSystemImpl (MetricsSystemImpl.java:init(158)) - HddsDatanode metrics system started (again)
2019-09-24 19:08:18,605 [main] INFO  ozone.HddsDatanodeService (HddsDatanodeService.java:start(184)) - HddsDatanodeService host:pr-hdds-2149-fgl4f-1742389470 ip:192.168.5.148
2019-09-24 19:08:18,605 [org.apache.hadoop.util.JvmPauseMonitor$Monitor@2eab0e74] INFO  util.JvmPauseMonitor (JvmPauseMonitor.java:run(188)) - Starting JVM pause monitor
2019-09-24 19:08:18,606 [Datanode State Machine Thread - 0] INFO  datanode.InitDatanodeState (InitDatanodeState.java:persistContainerDatanodeDetails(140)) - DatanodeDetails is persisted to /workdir/hadoop-ozone/integration-test/target/test-dir/MiniOzoneClusterImpl-6223b62d-fae7-42c6-9f07-44d8c3bb99d0/datanode-3/meta/datanode.id
2019-09-24 19:08:18,611 [main] INFO  volume.HddsVolume (HddsVolume.java:<init>(176)) - Creating Volume: /workdir/hadoop-ozone/integration-test/target/test-dir/MiniOzoneClusterImpl-6223b62d-fae7-42c6-9f07-44d8c3bb99d0/datanode-4/data/containers/hdds of  storage type : DISK and capacity : 1482555576320
2019-09-24 19:08:18,611 [main] INFO  volume.VolumeSet (VolumeSet.java:initializeVolumeSet(170)) - Added Volume : /workdir/hadoop-ozone/integration-test/target/test-dir/MiniOzoneClusterImpl-6223b62d-fae7-42c6-9f07-44d8c3bb99d0/datanode-4/data/containers/hdds to VolumeSet
2019-09-24 19:08:18,612 [main] INFO  volume.ThrottledAsyncChecker (ThrottledAsyncChecker.java:schedule(139)) - Scheduling a check for org.apache.hadoop.ozone.container.common.volume.HddsVolume@74fb5b59
2019-09-24 19:08:18,612 [main] INFO  volume.HddsVolumeChecker (HddsVolumeChecker.java:checkAllVolumes(202)) - Scheduled health check for volume org.apache.hadoop.ozone.container.common.volume.HddsVolume@74fb5b59
2019-09-24 19:08:18,628 [main] INFO  impl.RaftServerProxy (ConfUtils.java:logGet(43)) - raft.rpc.type = GRPC (default)
2019-09-24 19:08:18,628 [main] INFO  grpc.GrpcFactory (GrpcFactory.java:checkPooledByteBufAllocatorUseCacheForAllThreads(45)) - PERFORMANCE WARNING: useCacheForAllThreads is true that may cause Netty to create a lot garbage objects and, as a result, trigger GC.
	It is recommended to disable useCacheForAllThreads by setting -Dorg.apache.ratis.thirdparty.io.netty.allocator.useCacheForAllThreads=false in command line.
2019-09-24 19:08:18,628 [main] INFO  grpc.GrpcConfigKeys$Server (ConfUtils.java:logGet(43)) - raft.grpc.server.port = 0 (default)
2019-09-24 19:08:18,629 [main] INFO  server.GrpcService (ConfUtils.java:logGet(43)) - raft.grpc.message.size.max = 33570816 (custom)
2019-09-24 19:08:18,629 [main] INFO  server.RaftServerConfigKeys (ConfUtils.java:logGet(43)) - raft.server.log.appender.buffer.byte-limit = 33554432 (custom)
2019-09-24 19:08:18,629 [main] INFO  server.GrpcService (ConfUtils.java:logGet(43)) - raft.grpc.flow.control.window = 1MB (=1048576) (default)
2019-09-24 19:08:18,630 [main] INFO  server.RaftServerConfigKeys (ConfUtils.java:logGet(43)) - raft.server.rpc.request.timeout = 3000ms (default)
2019-09-24 19:08:18,630 [main] INFO  server.RaftServerConfigKeys (ConfUtils.java:logGet(43)) - raft.server.storage.dir = [/workdir/hadoop-ozone/integration-test/target/test-dir/MiniOzoneClusterImpl-6223b62d-fae7-42c6-9f07-44d8c3bb99d0/datanode-4/data/ratis] (custom)
2019-09-24 19:08:18,632 [main] INFO  hdfs.DFSUtil (DFSUtil.java:httpServerTemplateForNNAndJN(1641)) - Starting Web-server for hddsDatanode at: http://0.0.0.0:0
2019-09-24 19:08:18,633 [main] INFO  server.AuthenticationFilter (AuthenticationFilter.java:constructSecretProvider(240)) - Unable to initialize FileSignerSecretProvider, falling back to use random secrets.
2019-09-24 19:08:18,634 [main] WARN  http.HttpRequestLog (HttpRequestLog.java:getRequestLog(97)) - Jetty request log can only be enabled using Log4j
2019-09-24 19:08:18,635 [main] INFO  http.HttpServer2 (HttpServer2.java:addGlobalFilter(975)) - Added global filter 'safety' (class=org.apache.hadoop.http.HttpServer2$QuotingInputFilter)
2019-09-24 19:08:18,636 [main] INFO  http.HttpServer2 (HttpServer2.java:addFilter(948)) - Added filter static_user_filter (class=org.apache.hadoop.http.lib.StaticUserWebFilter$StaticUserFilter) to context hddsDatanode
2019-09-24 19:08:18,636 [main] INFO  http.HttpServer2 (HttpServer2.java:addFilter(958)) - Added filter static_user_filter (class=org.apache.hadoop.http.lib.StaticUserWebFilter$StaticUserFilter) to context logs
2019-09-24 19:08:18,636 [main] INFO  http.HttpServer2 (HttpServer2.java:addFilter(958)) - Added filter static_user_filter (class=org.apache.hadoop.http.lib.StaticUserWebFilter$StaticUserFilter) to context static
2019-09-24 19:08:18,637 [main] INFO  http.HttpServer2 (HttpServer2.java:bindListener(1191)) - Jetty bound to port 39661
2019-09-24 19:08:18,637 [main] INFO  server.Server (Server.java:doStart(351)) - jetty-9.3.25.v20180904, build timestamp: 2018-09-04T21:11:46Z, git hash: 3ce520221d0240229c862b122d2b06c12a625732
2019-09-24 19:08:18,639 [main] INFO  handler.ContextHandler (ContextHandler.java:doStart(781)) - Started o.e.j.s.ServletContextHandler@10618775{/logs,file:///workdir/hadoop-ozone/integration-test/target/log,AVAILABLE}
2019-09-24 19:08:18,640 [main] INFO  handler.ContextHandler (ContextHandler.java:doStart(781)) - Started o.e.j.s.ServletContextHandler@20a3e10c{/static,jar:file:/home/user/.m2/repository/org/apache/hadoop/hadoop-hdds-container-service/0.5.0-SNAPSHOT/hadoop-hdds-container-service-0.5.0-SNAPSHOT.jar!/webapps/static,AVAILABLE}
2019-09-24 19:08:18,670 [main] INFO  handler.ContextHandler (ContextHandler.java:doStart(781)) - Started o.e.j.w.WebAppContext@7f2b39a{/,file:///tmp/jetty-0.0.0.0-39661-hddsDatanode-_-any-4800636052950024987.dir/webapp/,AVAILABLE}{/hddsDatanode}
2019-09-24 19:08:18,670 [main] INFO  server.AbstractConnector (AbstractConnector.java:doStart(278)) - Started ServerConnector@7a358613{HTTP/1.1,[http/1.1]}{0.0.0.0:39661}
2019-09-24 19:08:18,672 [main] INFO  server.Server (Server.java:doStart(419)) - Started @516746ms
2019-09-24 19:08:18,672 [main] WARN  impl.MetricsSystemImpl (MetricsSystemImpl.java:register(276)) - Sink prometheus already exists!
2019-09-24 19:08:18,672 [main] INFO  server.BaseHttpServer (BaseHttpServer.java:updateConnectorAddress(215)) - HTTP server of HDDSDATANODE is listening at http://0.0.0.0:39661
2019-09-24 19:08:18,673 [main] INFO  impl.MetricsSystemImpl (MetricsSystemImpl.java:init(158)) - HddsDatanode metrics system started (again)
2019-09-24 19:08:18,677 [org.apache.hadoop.util.JvmPauseMonitor$Monitor@49c44b89] INFO  util.JvmPauseMonitor (JvmPauseMonitor.java:run(188)) - Starting JVM pause monitor
2019-09-24 19:08:18,677 [main] INFO  ozone.HddsDatanodeService (HddsDatanodeService.java:start(184)) - HddsDatanodeService host:pr-hdds-2149-fgl4f-1742389470 ip:192.168.5.148
2019-09-24 19:08:18,678 [Datanode State Machine Thread - 0] INFO  datanode.InitDatanodeState (InitDatanodeState.java:persistContainerDatanodeDetails(140)) - DatanodeDetails is persisted to /workdir/hadoop-ozone/integration-test/target/test-dir/MiniOzoneClusterImpl-6223b62d-fae7-42c6-9f07-44d8c3bb99d0/datanode-4/meta/datanode.id
2019-09-24 19:08:18,684 [main] INFO  volume.HddsVolume (HddsVolume.java:<init>(176)) - Creating Volume: /workdir/hadoop-ozone/integration-test/target/test-dir/MiniOzoneClusterImpl-6223b62d-fae7-42c6-9f07-44d8c3bb99d0/datanode-5/data/containers/hdds of  storage type : DISK and capacity : 1482555576320
2019-09-24 19:08:18,684 [main] INFO  volume.VolumeSet (VolumeSet.java:initializeVolumeSet(170)) - Added Volume : /workdir/hadoop-ozone/integration-test/target/test-dir/MiniOzoneClusterImpl-6223b62d-fae7-42c6-9f07-44d8c3bb99d0/datanode-5/data/containers/hdds to VolumeSet
2019-09-24 19:08:18,684 [main] INFO  volume.ThrottledAsyncChecker (ThrottledAsyncChecker.java:schedule(139)) - Scheduling a check for org.apache.hadoop.ozone.container.common.volume.HddsVolume@53feeac9
2019-09-24 19:08:18,685 [main] INFO  volume.HddsVolumeChecker (HddsVolumeChecker.java:checkAllVolumes(202)) - Scheduled health check for volume org.apache.hadoop.ozone.container.common.volume.HddsVolume@53feeac9
2019-09-24 19:08:18,698 [main] INFO  impl.RaftServerProxy (ConfUtils.java:logGet(43)) - raft.rpc.type = GRPC (default)
2019-09-24 19:08:18,698 [main] INFO  grpc.GrpcFactory (GrpcFactory.java:checkPooledByteBufAllocatorUseCacheForAllThreads(45)) - PERFORMANCE WARNING: useCacheForAllThreads is true that may cause Netty to create a lot garbage objects and, as a result, trigger GC.
	It is recommended to disable useCacheForAllThreads by setting -Dorg.apache.ratis.thirdparty.io.netty.allocator.useCacheForAllThreads=false in command line.
2019-09-24 19:08:18,698 [main] INFO  grpc.GrpcConfigKeys$Server (ConfUtils.java:logGet(43)) - raft.grpc.server.port = 0 (default)
2019-09-24 19:08:18,699 [main] INFO  server.GrpcService (ConfUtils.java:logGet(43)) - raft.grpc.message.size.max = 33570816 (custom)
2019-09-24 19:08:18,699 [main] INFO  server.RaftServerConfigKeys (ConfUtils.java:logGet(43)) - raft.server.log.appender.buffer.byte-limit = 33554432 (custom)
2019-09-24 19:08:18,699 [main] INFO  server.GrpcService (ConfUtils.java:logGet(43)) - raft.grpc.flow.control.window = 1MB (=1048576) (default)
2019-09-24 19:08:18,699 [main] INFO  server.RaftServerConfigKeys (ConfUtils.java:logGet(43)) - raft.server.rpc.request.timeout = 3000ms (default)
2019-09-24 19:08:18,700 [main] INFO  server.RaftServerConfigKeys (ConfUtils.java:logGet(43)) - raft.server.storage.dir = [/workdir/hadoop-ozone/integration-test/target/test-dir/MiniOzoneClusterImpl-6223b62d-fae7-42c6-9f07-44d8c3bb99d0/datanode-5/data/ratis] (custom)
2019-09-24 19:08:18,701 [main] INFO  hdfs.DFSUtil (DFSUtil.java:httpServerTemplateForNNAndJN(1641)) - Starting Web-server for hddsDatanode at: http://0.0.0.0:0
2019-09-24 19:08:18,702 [main] INFO  server.AuthenticationFilter (AuthenticationFilter.java:constructSecretProvider(240)) - Unable to initialize FileSignerSecretProvider, falling back to use random secrets.
2019-09-24 19:08:18,702 [main] WARN  http.HttpRequestLog (HttpRequestLog.java:getRequestLog(97)) - Jetty request log can only be enabled using Log4j
2019-09-24 19:08:18,703 [main] INFO  http.HttpServer2 (HttpServer2.java:addGlobalFilter(975)) - Added global filter 'safety' (class=org.apache.hadoop.http.HttpServer2$QuotingInputFilter)
2019-09-24 19:08:18,703 [main] INFO  http.HttpServer2 (HttpServer2.java:addFilter(948)) - Added filter static_user_filter (class=org.apache.hadoop.http.lib.StaticUserWebFilter$StaticUserFilter) to context hddsDatanode
2019-09-24 19:08:18,704 [main] INFO  http.HttpServer2 (HttpServer2.java:addFilter(958)) - Added filter static_user_filter (class=org.apache.hadoop.http.lib.StaticUserWebFilter$StaticUserFilter) to context logs
2019-09-24 19:08:18,704 [main] INFO  http.HttpServer2 (HttpServer2.java:addFilter(958)) - Added filter static_user_filter (class=org.apache.hadoop.http.lib.StaticUserWebFilter$StaticUserFilter) to context static
2019-09-24 19:08:18,704 [main] INFO  http.HttpServer2 (HttpServer2.java:bindListener(1191)) - Jetty bound to port 33527
2019-09-24 19:08:18,704 [main] INFO  server.Server (Server.java:doStart(351)) - jetty-9.3.25.v20180904, build timestamp: 2018-09-04T21:11:46Z, git hash: 3ce520221d0240229c862b122d2b06c12a625732
2019-09-24 19:08:18,706 [main] INFO  handler.ContextHandler (ContextHandler.java:doStart(781)) - Started o.e.j.s.ServletContextHandler@4ae8fb2a{/logs,file:///workdir/hadoop-ozone/integration-test/target/log,AVAILABLE}
2019-09-24 19:08:18,707 [main] INFO  handler.ContextHandler (ContextHandler.java:doStart(781)) - Started o.e.j.s.ServletContextHandler@20216016{/static,jar:file:/home/user/.m2/repository/org/apache/hadoop/hadoop-hdds-container-service/0.5.0-SNAPSHOT/hadoop-hdds-container-service-0.5.0-SNAPSHOT.jar!/webapps/static,AVAILABLE}
2019-09-24 19:08:18,738 [main] INFO  handler.ContextHandler (ContextHandler.java:doStart(781)) - Started o.e.j.w.WebAppContext@3ace6346{/,file:///tmp/jetty-0.0.0.0-33527-hddsDatanode-_-any-6766135907101446231.dir/webapp/,AVAILABLE}{/hddsDatanode}
2019-09-24 19:08:18,739 [main] INFO  server.AbstractConnector (AbstractConnector.java:doStart(278)) - Started ServerConnector@4e48462d{HTTP/1.1,[http/1.1]}{0.0.0.0:33527}
2019-09-24 19:08:18,739 [main] INFO  server.Server (Server.java:doStart(419)) - Started @516813ms
2019-09-24 19:08:18,741 [main] WARN  impl.MetricsSystemImpl (MetricsSystemImpl.java:register(276)) - Sink prometheus already exists!
2019-09-24 19:08:18,741 [main] INFO  server.BaseHttpServer (BaseHttpServer.java:updateConnectorAddress(215)) - HTTP server of HDDSDATANODE is listening at http://0.0.0.0:33527
2019-09-24 19:08:18,742 [main] INFO  impl.MetricsSystemImpl (MetricsSystemImpl.java:init(158)) - HddsDatanode metrics system started (again)
2019-09-24 19:08:18,747 [main] INFO  ozone.HddsDatanodeService (HddsDatanodeService.java:start(184)) - HddsDatanodeService host:pr-hdds-2149-fgl4f-1742389470 ip:192.168.5.148
2019-09-24 19:08:18,747 [org.apache.hadoop.util.JvmPauseMonitor$Monitor@1ba2ee59] INFO  util.JvmPauseMonitor (JvmPauseMonitor.java:run(188)) - Starting JVM pause monitor
2019-09-24 19:08:18,748 [Datanode State Machine Thread - 0] INFO  datanode.InitDatanodeState (InitDatanodeState.java:persistContainerDatanodeDetails(140)) - DatanodeDetails is persisted to /workdir/hadoop-ozone/integration-test/target/test-dir/MiniOzoneClusterImpl-6223b62d-fae7-42c6-9f07-44d8c3bb99d0/datanode-5/meta/datanode.id
2019-09-24 19:08:18,753 [main] INFO  volume.HddsVolume (HddsVolume.java:<init>(176)) - Creating Volume: /workdir/hadoop-ozone/integration-test/target/test-dir/MiniOzoneClusterImpl-6223b62d-fae7-42c6-9f07-44d8c3bb99d0/datanode-6/data/containers/hdds of  storage type : DISK and capacity : 1482555576320
2019-09-24 19:08:18,754 [main] INFO  volume.VolumeSet (VolumeSet.java:initializeVolumeSet(170)) - Added Volume : /workdir/hadoop-ozone/integration-test/target/test-dir/MiniOzoneClusterImpl-6223b62d-fae7-42c6-9f07-44d8c3bb99d0/datanode-6/data/containers/hdds to VolumeSet
2019-09-24 19:08:18,754 [main] INFO  volume.ThrottledAsyncChecker (ThrottledAsyncChecker.java:schedule(139)) - Scheduling a check for org.apache.hadoop.ozone.container.common.volume.HddsVolume@70b33256
2019-09-24 19:08:18,754 [main] INFO  volume.HddsVolumeChecker (HddsVolumeChecker.java:checkAllVolumes(202)) - Scheduled health check for volume org.apache.hadoop.ozone.container.common.volume.HddsVolume@70b33256
2019-09-24 19:08:18,767 [main] INFO  impl.RaftServerProxy (ConfUtils.java:logGet(43)) - raft.rpc.type = GRPC (default)
2019-09-24 19:08:18,767 [main] INFO  grpc.GrpcFactory (GrpcFactory.java:checkPooledByteBufAllocatorUseCacheForAllThreads(45)) - PERFORMANCE WARNING: useCacheForAllThreads is true that may cause Netty to create a lot garbage objects and, as a result, trigger GC.
	It is recommended to disable useCacheForAllThreads by setting -Dorg.apache.ratis.thirdparty.io.netty.allocator.useCacheForAllThreads=false in command line.
2019-09-24 19:08:18,767 [main] INFO  grpc.GrpcConfigKeys$Server (ConfUtils.java:logGet(43)) - raft.grpc.server.port = 0 (default)
2019-09-24 19:08:18,768 [main] INFO  server.GrpcService (ConfUtils.java:logGet(43)) - raft.grpc.message.size.max = 33570816 (custom)
2019-09-24 19:08:18,768 [main] INFO  server.RaftServerConfigKeys (ConfUtils.java:logGet(43)) - raft.server.log.appender.buffer.byte-limit = 33554432 (custom)
2019-09-24 19:08:18,768 [main] INFO  server.GrpcService (ConfUtils.java:logGet(43)) - raft.grpc.flow.control.window = 1MB (=1048576) (default)
2019-09-24 19:08:18,768 [main] INFO  server.RaftServerConfigKeys (ConfUtils.java:logGet(43)) - raft.server.rpc.request.timeout = 3000ms (default)
2019-09-24 19:08:18,768 [main] INFO  server.RaftServerConfigKeys (ConfUtils.java:logGet(43)) - raft.server.storage.dir = [/workdir/hadoop-ozone/integration-test/target/test-dir/MiniOzoneClusterImpl-6223b62d-fae7-42c6-9f07-44d8c3bb99d0/datanode-6/data/ratis] (custom)
2019-09-24 19:08:18,770 [main] INFO  hdfs.DFSUtil (DFSUtil.java:httpServerTemplateForNNAndJN(1641)) - Starting Web-server for hddsDatanode at: http://0.0.0.0:0
2019-09-24 19:08:18,771 [main] INFO  server.AuthenticationFilter (AuthenticationFilter.java:constructSecretProvider(240)) - Unable to initialize FileSignerSecretProvider, falling back to use random secrets.
2019-09-24 19:08:18,771 [main] WARN  http.HttpRequestLog (HttpRequestLog.java:getRequestLog(97)) - Jetty request log can only be enabled using Log4j
2019-09-24 19:08:18,772 [main] INFO  http.HttpServer2 (HttpServer2.java:addGlobalFilter(975)) - Added global filter 'safety' (class=org.apache.hadoop.http.HttpServer2$QuotingInputFilter)
2019-09-24 19:08:18,773 [main] INFO  http.HttpServer2 (HttpServer2.java:addFilter(948)) - Added filter static_user_filter (class=org.apache.hadoop.http.lib.StaticUserWebFilter$StaticUserFilter) to context hddsDatanode
2019-09-24 19:08:18,773 [main] INFO  http.HttpServer2 (HttpServer2.java:addFilter(958)) - Added filter static_user_filter (class=org.apache.hadoop.http.lib.StaticUserWebFilter$StaticUserFilter) to context logs
2019-09-24 19:08:18,773 [main] INFO  http.HttpServer2 (HttpServer2.java:addFilter(958)) - Added filter static_user_filter (class=org.apache.hadoop.http.lib.StaticUserWebFilter$StaticUserFilter) to context static
2019-09-24 19:08:18,774 [main] INFO  http.HttpServer2 (HttpServer2.java:bindListener(1191)) - Jetty bound to port 36841
2019-09-24 19:08:18,774 [main] INFO  server.Server (Server.java:doStart(351)) - jetty-9.3.25.v20180904, build timestamp: 2018-09-04T21:11:46Z, git hash: 3ce520221d0240229c862b122d2b06c12a625732
2019-09-24 19:08:18,776 [main] INFO  handler.ContextHandler (ContextHandler.java:doStart(781)) - Started o.e.j.s.ServletContextHandler@7ae590f6{/logs,file:///workdir/hadoop-ozone/integration-test/target/log,AVAILABLE}
2019-09-24 19:08:18,776 [main] INFO  handler.ContextHandler (ContextHandler.java:doStart(781)) - Started o.e.j.s.ServletContextHandler@4e974b9e{/static,jar:file:/home/user/.m2/repository/org/apache/hadoop/hadoop-hdds-container-service/0.5.0-SNAPSHOT/hadoop-hdds-container-service-0.5.0-SNAPSHOT.jar!/webapps/static,AVAILABLE}
2019-09-24 19:08:18,809 [main] INFO  handler.ContextHandler (ContextHandler.java:doStart(781)) - Started o.e.j.w.WebAppContext@1510b9a2{/,file:///tmp/jetty-0.0.0.0-36841-hddsDatanode-_-any-1948650590463278118.dir/webapp/,AVAILABLE}{/hddsDatanode}
2019-09-24 19:08:18,809 [main] INFO  server.AbstractConnector (AbstractConnector.java:doStart(278)) - Started ServerConnector@76a6f045{HTTP/1.1,[http/1.1]}{0.0.0.0:36841}
2019-09-24 19:08:18,811 [main] INFO  server.Server (Server.java:doStart(419)) - Started @516885ms
2019-09-24 19:08:18,811 [main] WARN  impl.MetricsSystemImpl (MetricsSystemImpl.java:register(276)) - Sink prometheus already exists!
2019-09-24 19:08:18,812 [main] INFO  server.BaseHttpServer (BaseHttpServer.java:updateConnectorAddress(215)) - HTTP server of HDDSDATANODE is listening at http://0.0.0.0:36841
2019-09-24 19:08:18,813 [main] INFO  impl.MetricsSystemImpl (MetricsSystemImpl.java:init(158)) - HddsDatanode metrics system started (again)
2019-09-24 19:08:18,818 [org.apache.hadoop.util.JvmPauseMonitor$Monitor@644b9bd6] INFO  util.JvmPauseMonitor (JvmPauseMonitor.java:run(188)) - Starting JVM pause monitor
2019-09-24 19:08:18,818 [main] INFO  ozone.HddsDatanodeService (HddsDatanodeService.java:start(184)) - HddsDatanodeService host:pr-hdds-2149-fgl4f-1742389470 ip:192.168.5.148
2019-09-24 19:08:18,820 [Datanode State Machine Thread - 0] INFO  datanode.InitDatanodeState (InitDatanodeState.java:persistContainerDatanodeDetails(140)) - DatanodeDetails is persisted to /workdir/hadoop-ozone/integration-test/target/test-dir/MiniOzoneClusterImpl-6223b62d-fae7-42c6-9f07-44d8c3bb99d0/datanode-6/meta/datanode.id
2019-09-24 19:08:18,826 [main] INFO  volume.HddsVolume (HddsVolume.java:<init>(176)) - Creating Volume: /workdir/hadoop-ozone/integration-test/target/test-dir/MiniOzoneClusterImpl-6223b62d-fae7-42c6-9f07-44d8c3bb99d0/datanode-7/data/containers/hdds of  storage type : DISK and capacity : 1482555576320
2019-09-24 19:08:18,826 [main] INFO  volume.VolumeSet (VolumeSet.java:initializeVolumeSet(170)) - Added Volume : /workdir/hadoop-ozone/integration-test/target/test-dir/MiniOzoneClusterImpl-6223b62d-fae7-42c6-9f07-44d8c3bb99d0/datanode-7/data/containers/hdds to VolumeSet
2019-09-24 19:08:18,826 [main] INFO  volume.ThrottledAsyncChecker (ThrottledAsyncChecker.java:schedule(139)) - Scheduling a check for org.apache.hadoop.ozone.container.common.volume.HddsVolume@589fb74d
2019-09-24 19:08:18,827 [main] INFO  volume.HddsVolumeChecker (HddsVolumeChecker.java:checkAllVolumes(202)) - Scheduled health check for volume org.apache.hadoop.ozone.container.common.volume.HddsVolume@589fb74d
2019-09-24 19:08:18,842 [main] INFO  impl.RaftServerProxy (ConfUtils.java:logGet(43)) - raft.rpc.type = GRPC (default)
2019-09-24 19:08:18,843 [main] INFO  grpc.GrpcFactory (GrpcFactory.java:checkPooledByteBufAllocatorUseCacheForAllThreads(45)) - PERFORMANCE WARNING: useCacheForAllThreads is true that may cause Netty to create a lot garbage objects and, as a result, trigger GC.
	It is recommended to disable useCacheForAllThreads by setting -Dorg.apache.ratis.thirdparty.io.netty.allocator.useCacheForAllThreads=false in command line.
2019-09-24 19:08:18,843 [main] INFO  grpc.GrpcConfigKeys$Server (ConfUtils.java:logGet(43)) - raft.grpc.server.port = 0 (default)
2019-09-24 19:08:18,843 [main] INFO  server.GrpcService (ConfUtils.java:logGet(43)) - raft.grpc.message.size.max = 33570816 (custom)
2019-09-24 19:08:18,843 [main] INFO  server.RaftServerConfigKeys (ConfUtils.java:logGet(43)) - raft.server.log.appender.buffer.byte-limit = 33554432 (custom)
2019-09-24 19:08:18,843 [main] INFO  server.GrpcService (ConfUtils.java:logGet(43)) - raft.grpc.flow.control.window = 1MB (=1048576) (default)
2019-09-24 19:08:18,844 [main] INFO  server.RaftServerConfigKeys (ConfUtils.java:logGet(43)) - raft.server.rpc.request.timeout = 3000ms (default)
2019-09-24 19:08:18,844 [main] INFO  server.RaftServerConfigKeys (ConfUtils.java:logGet(43)) - raft.server.storage.dir = [/workdir/hadoop-ozone/integration-test/target/test-dir/MiniOzoneClusterImpl-6223b62d-fae7-42c6-9f07-44d8c3bb99d0/datanode-7/data/ratis] (custom)
2019-09-24 19:08:18,845 [main] INFO  hdfs.DFSUtil (DFSUtil.java:httpServerTemplateForNNAndJN(1641)) - Starting Web-server for hddsDatanode at: http://0.0.0.0:0
2019-09-24 19:08:18,847 [main] INFO  server.AuthenticationFilter (AuthenticationFilter.java:constructSecretProvider(240)) - Unable to initialize FileSignerSecretProvider, falling back to use random secrets.
2019-09-24 19:08:18,847 [main] WARN  http.HttpRequestLog (HttpRequestLog.java:getRequestLog(97)) - Jetty request log can only be enabled using Log4j
2019-09-24 19:08:18,848 [main] INFO  http.HttpServer2 (HttpServer2.java:addGlobalFilter(975)) - Added global filter 'safety' (class=org.apache.hadoop.http.HttpServer2$QuotingInputFilter)
2019-09-24 19:08:18,849 [main] INFO  http.HttpServer2 (HttpServer2.java:addFilter(948)) - Added filter static_user_filter (class=org.apache.hadoop.http.lib.StaticUserWebFilter$StaticUserFilter) to context hddsDatanode
2019-09-24 19:08:18,849 [main] INFO  http.HttpServer2 (HttpServer2.java:addFilter(958)) - Added filter static_user_filter (class=org.apache.hadoop.http.lib.StaticUserWebFilter$StaticUserFilter) to context logs
2019-09-24 19:08:18,849 [main] INFO  http.HttpServer2 (HttpServer2.java:addFilter(958)) - Added filter static_user_filter (class=org.apache.hadoop.http.lib.StaticUserWebFilter$StaticUserFilter) to context static
2019-09-24 19:08:18,849 [main] INFO  http.HttpServer2 (HttpServer2.java:bindListener(1191)) - Jetty bound to port 43928
2019-09-24 19:08:18,850 [main] INFO  server.Server (Server.java:doStart(351)) - jetty-9.3.25.v20180904, build timestamp: 2018-09-04T21:11:46Z, git hash: 3ce520221d0240229c862b122d2b06c12a625732
2019-09-24 19:08:18,851 [main] INFO  handler.ContextHandler (ContextHandler.java:doStart(781)) - Started o.e.j.s.ServletContextHandler@2094bf3d{/logs,file:///workdir/hadoop-ozone/integration-test/target/log,AVAILABLE}
2019-09-24 19:08:18,852 [main] INFO  handler.ContextHandler (ContextHandler.java:doStart(781)) - Started o.e.j.s.ServletContextHandler@7f6b7426{/static,jar:file:/home/user/.m2/repository/org/apache/hadoop/hadoop-hdds-container-service/0.5.0-SNAPSHOT/hadoop-hdds-container-service-0.5.0-SNAPSHOT.jar!/webapps/static,AVAILABLE}
2019-09-24 19:08:18,877 [main] INFO  handler.ContextHandler (ContextHandler.java:doStart(781)) - Started o.e.j.w.WebAppContext@7345f97d{/,file:///tmp/jetty-0.0.0.0-43928-hddsDatanode-_-any-1603879313051188623.dir/webapp/,AVAILABLE}{/hddsDatanode}
2019-09-24 19:08:18,877 [main] INFO  server.AbstractConnector (AbstractConnector.java:doStart(278)) - Started ServerConnector@554566a8{HTTP/1.1,[http/1.1]}{0.0.0.0:43928}
2019-09-24 19:08:18,877 [main] INFO  server.Server (Server.java:doStart(419)) - Started @516951ms
2019-09-24 19:08:18,879 [main] WARN  impl.MetricsSystemImpl (MetricsSystemImpl.java:register(276)) - Sink prometheus already exists!
2019-09-24 19:08:18,880 [main] INFO  server.BaseHttpServer (BaseHttpServer.java:updateConnectorAddress(215)) - HTTP server of HDDSDATANODE is listening at http://0.0.0.0:43928
2019-09-24 19:08:18,880 [main] INFO  impl.MetricsSystemImpl (MetricsSystemImpl.java:init(158)) - HddsDatanode metrics system started (again)
2019-09-24 19:08:18,885 [main] INFO  ozone.HddsDatanodeService (HddsDatanodeService.java:start(184)) - HddsDatanodeService host:pr-hdds-2149-fgl4f-1742389470 ip:192.168.5.148
2019-09-24 19:08:18,886 [org.apache.hadoop.util.JvmPauseMonitor$Monitor@12d97a71] INFO  util.JvmPauseMonitor (JvmPauseMonitor.java:run(188)) - Starting JVM pause monitor
2019-09-24 19:08:18,887 [Datanode State Machine Thread - 0] INFO  datanode.InitDatanodeState (InitDatanodeState.java:persistContainerDatanodeDetails(140)) - DatanodeDetails is persisted to /workdir/hadoop-ozone/integration-test/target/test-dir/MiniOzoneClusterImpl-6223b62d-fae7-42c6-9f07-44d8c3bb99d0/datanode-7/meta/datanode.id
2019-09-24 19:08:18,892 [main] INFO  volume.HddsVolume (HddsVolume.java:<init>(176)) - Creating Volume: /workdir/hadoop-ozone/integration-test/target/test-dir/MiniOzoneClusterImpl-6223b62d-fae7-42c6-9f07-44d8c3bb99d0/datanode-8/data/containers/hdds of  storage type : DISK and capacity : 1482555576320
2019-09-24 19:08:18,893 [main] INFO  volume.VolumeSet (VolumeSet.java:initializeVolumeSet(170)) - Added Volume : /workdir/hadoop-ozone/integration-test/target/test-dir/MiniOzoneClusterImpl-6223b62d-fae7-42c6-9f07-44d8c3bb99d0/datanode-8/data/containers/hdds to VolumeSet
2019-09-24 19:08:18,893 [main] INFO  volume.ThrottledAsyncChecker (ThrottledAsyncChecker.java:schedule(139)) - Scheduling a check for org.apache.hadoop.ozone.container.common.volume.HddsVolume@7b3cbe6e
2019-09-24 19:08:18,893 [main] INFO  volume.HddsVolumeChecker (HddsVolumeChecker.java:checkAllVolumes(202)) - Scheduled health check for volume org.apache.hadoop.ozone.container.common.volume.HddsVolume@7b3cbe6e
2019-09-24 19:08:18,905 [main] INFO  impl.RaftServerProxy (ConfUtils.java:logGet(43)) - raft.rpc.type = GRPC (default)
2019-09-24 19:08:18,905 [main] INFO  grpc.GrpcFactory (GrpcFactory.java:checkPooledByteBufAllocatorUseCacheForAllThreads(45)) - PERFORMANCE WARNING: useCacheForAllThreads is true that may cause Netty to create a lot garbage objects and, as a result, trigger GC.
	It is recommended to disable useCacheForAllThreads by setting -Dorg.apache.ratis.thirdparty.io.netty.allocator.useCacheForAllThreads=false in command line.
2019-09-24 19:08:18,906 [main] INFO  grpc.GrpcConfigKeys$Server (ConfUtils.java:logGet(43)) - raft.grpc.server.port = 0 (default)
2019-09-24 19:08:18,906 [main] INFO  server.GrpcService (ConfUtils.java:logGet(43)) - raft.grpc.message.size.max = 33570816 (custom)
2019-09-24 19:08:18,906 [main] INFO  server.RaftServerConfigKeys (ConfUtils.java:logGet(43)) - raft.server.log.appender.buffer.byte-limit = 33554432 (custom)
2019-09-24 19:08:18,906 [main] INFO  server.GrpcService (ConfUtils.java:logGet(43)) - raft.grpc.flow.control.window = 1MB (=1048576) (default)
2019-09-24 19:08:18,906 [main] INFO  server.RaftServerConfigKeys (ConfUtils.java:logGet(43)) - raft.server.rpc.request.timeout = 3000ms (default)
2019-09-24 19:08:18,907 [main] INFO  server.RaftServerConfigKeys (ConfUtils.java:logGet(43)) - raft.server.storage.dir = [/workdir/hadoop-ozone/integration-test/target/test-dir/MiniOzoneClusterImpl-6223b62d-fae7-42c6-9f07-44d8c3bb99d0/datanode-8/data/ratis] (custom)
2019-09-24 19:08:18,908 [main] INFO  hdfs.DFSUtil (DFSUtil.java:httpServerTemplateForNNAndJN(1641)) - Starting Web-server for hddsDatanode at: http://0.0.0.0:0
2019-09-24 19:08:18,909 [main] INFO  server.AuthenticationFilter (AuthenticationFilter.java:constructSecretProvider(240)) - Unable to initialize FileSignerSecretProvider, falling back to use random secrets.
2019-09-24 19:08:18,909 [main] WARN  http.HttpRequestLog (HttpRequestLog.java:getRequestLog(97)) - Jetty request log can only be enabled using Log4j
2019-09-24 19:08:18,910 [main] INFO  http.HttpServer2 (HttpServer2.java:addGlobalFilter(975)) - Added global filter 'safety' (class=org.apache.hadoop.http.HttpServer2$QuotingInputFilter)
2019-09-24 19:08:18,910 [main] INFO  http.HttpServer2 (HttpServer2.java:addFilter(948)) - Added filter static_user_filter (class=org.apache.hadoop.http.lib.StaticUserWebFilter$StaticUserFilter) to context hddsDatanode
2019-09-24 19:08:18,911 [main] INFO  http.HttpServer2 (HttpServer2.java:addFilter(958)) - Added filter static_user_filter (class=org.apache.hadoop.http.lib.StaticUserWebFilter$StaticUserFilter) to context logs
2019-09-24 19:08:18,911 [main] INFO  http.HttpServer2 (HttpServer2.java:addFilter(958)) - Added filter static_user_filter (class=org.apache.hadoop.http.lib.StaticUserWebFilter$StaticUserFilter) to context static
2019-09-24 19:08:18,911 [main] INFO  http.HttpServer2 (HttpServer2.java:bindListener(1191)) - Jetty bound to port 37576
2019-09-24 19:08:18,911 [main] INFO  server.Server (Server.java:doStart(351)) - jetty-9.3.25.v20180904, build timestamp: 2018-09-04T21:11:46Z, git hash: 3ce520221d0240229c862b122d2b06c12a625732
2019-09-24 19:08:18,913 [main] INFO  handler.ContextHandler (ContextHandler.java:doStart(781)) - Started o.e.j.s.ServletContextHandler@1aedf08d{/logs,file:///workdir/hadoop-ozone/integration-test/target/log,AVAILABLE}
2019-09-24 19:08:18,913 [main] INFO  handler.ContextHandler (ContextHandler.java:doStart(781)) - Started o.e.j.s.ServletContextHandler@b5d9f1e{/static,jar:file:/home/user/.m2/repository/org/apache/hadoop/hadoop-hdds-container-service/0.5.0-SNAPSHOT/hadoop-hdds-container-service-0.5.0-SNAPSHOT.jar!/webapps/static,AVAILABLE}
2019-09-24 19:08:18,936 [main] INFO  handler.ContextHandler (ContextHandler.java:doStart(781)) - Started o.e.j.w.WebAppContext@ddffa6c{/,file:///tmp/jetty-0.0.0.0-37576-hddsDatanode-_-any-2751899790793367677.dir/webapp/,AVAILABLE}{/hddsDatanode}
2019-09-24 19:08:18,936 [main] INFO  server.AbstractConnector (AbstractConnector.java:doStart(278)) - Started ServerConnector@42c54bad{HTTP/1.1,[http/1.1]}{0.0.0.0:37576}
2019-09-24 19:08:18,936 [main] INFO  server.Server (Server.java:doStart(419)) - Started @517010ms
2019-09-24 19:08:18,938 [main] WARN  impl.MetricsSystemImpl (MetricsSystemImpl.java:register(276)) - Sink prometheus already exists!
2019-09-24 19:08:18,939 [main] INFO  server.BaseHttpServer (BaseHttpServer.java:updateConnectorAddress(215)) - HTTP server of HDDSDATANODE is listening at http://0.0.0.0:37576
2019-09-24 19:08:18,939 [main] INFO  impl.MetricsSystemImpl (MetricsSystemImpl.java:init(158)) - HddsDatanode metrics system started (again)
2019-09-24 19:08:18,944 [main] INFO  ozone.HddsDatanodeService (HddsDatanodeService.java:start(184)) - HddsDatanodeService host:pr-hdds-2149-fgl4f-1742389470 ip:192.168.5.148
2019-09-24 19:08:18,945 [org.apache.hadoop.util.JvmPauseMonitor$Monitor@7228bdd9] INFO  util.JvmPauseMonitor (JvmPauseMonitor.java:run(188)) - Starting JVM pause monitor
2019-09-24 19:08:18,946 [Datanode State Machine Thread - 0] INFO  datanode.InitDatanodeState (InitDatanodeState.java:persistContainerDatanodeDetails(140)) - DatanodeDetails is persisted to /workdir/hadoop-ozone/integration-test/target/test-dir/MiniOzoneClusterImpl-6223b62d-fae7-42c6-9f07-44d8c3bb99d0/datanode-8/meta/datanode.id
2019-09-24 19:08:18,951 [main] INFO  volume.HddsVolume (HddsVolume.java:<init>(176)) - Creating Volume: /workdir/hadoop-ozone/integration-test/target/test-dir/MiniOzoneClusterImpl-6223b62d-fae7-42c6-9f07-44d8c3bb99d0/datanode-9/data/containers/hdds of  storage type : DISK and capacity : 1482555576320
2019-09-24 19:08:18,952 [main] INFO  volume.VolumeSet (VolumeSet.java:initializeVolumeSet(170)) - Added Volume : /workdir/hadoop-ozone/integration-test/target/test-dir/MiniOzoneClusterImpl-6223b62d-fae7-42c6-9f07-44d8c3bb99d0/datanode-9/data/containers/hdds to VolumeSet
2019-09-24 19:08:18,952 [main] INFO  volume.ThrottledAsyncChecker (ThrottledAsyncChecker.java:schedule(139)) - Scheduling a check for org.apache.hadoop.ozone.container.common.volume.HddsVolume@55bf35e5
2019-09-24 19:08:18,952 [main] INFO  volume.HddsVolumeChecker (HddsVolumeChecker.java:checkAllVolumes(202)) - Scheduled health check for volume org.apache.hadoop.ozone.container.common.volume.HddsVolume@55bf35e5
2019-09-24 19:08:18,965 [main] INFO  impl.RaftServerProxy (ConfUtils.java:logGet(43)) - raft.rpc.type = GRPC (default)
2019-09-24 19:08:18,965 [main] INFO  grpc.GrpcFactory (GrpcFactory.java:checkPooledByteBufAllocatorUseCacheForAllThreads(45)) - PERFORMANCE WARNING: useCacheForAllThreads is true that may cause Netty to create a lot garbage objects and, as a result, trigger GC.
	It is recommended to disable useCacheForAllThreads by setting -Dorg.apache.ratis.thirdparty.io.netty.allocator.useCacheForAllThreads=false in command line.
2019-09-24 19:08:18,965 [main] INFO  grpc.GrpcConfigKeys$Server (ConfUtils.java:logGet(43)) - raft.grpc.server.port = 0 (default)
2019-09-24 19:08:18,965 [main] INFO  server.GrpcService (ConfUtils.java:logGet(43)) - raft.grpc.message.size.max = 33570816 (custom)
2019-09-24 19:08:18,965 [main] INFO  server.RaftServerConfigKeys (ConfUtils.java:logGet(43)) - raft.server.log.appender.buffer.byte-limit = 33554432 (custom)
2019-09-24 19:08:18,966 [main] INFO  server.GrpcService (ConfUtils.java:logGet(43)) - raft.grpc.flow.control.window = 1MB (=1048576) (default)
2019-09-24 19:08:18,966 [main] INFO  server.RaftServerConfigKeys (ConfUtils.java:logGet(43)) - raft.server.rpc.request.timeout = 3000ms (default)
2019-09-24 19:08:18,966 [main] INFO  server.RaftServerConfigKeys (ConfUtils.java:logGet(43)) - raft.server.storage.dir = [/workdir/hadoop-ozone/integration-test/target/test-dir/MiniOzoneClusterImpl-6223b62d-fae7-42c6-9f07-44d8c3bb99d0/datanode-9/data/ratis] (custom)
2019-09-24 19:08:18,967 [main] INFO  hdfs.DFSUtil (DFSUtil.java:httpServerTemplateForNNAndJN(1641)) - Starting Web-server for hddsDatanode at: http://0.0.0.0:0
2019-09-24 19:08:18,968 [main] INFO  server.AuthenticationFilter (AuthenticationFilter.java:constructSecretProvider(240)) - Unable to initialize FileSignerSecretProvider, falling back to use random secrets.
2019-09-24 19:08:18,969 [main] WARN  http.HttpRequestLog (HttpRequestLog.java:getRequestLog(97)) - Jetty request log can only be enabled using Log4j
2019-09-24 19:08:18,970 [main] INFO  http.HttpServer2 (HttpServer2.java:addGlobalFilter(975)) - Added global filter 'safety' (class=org.apache.hadoop.http.HttpServer2$QuotingInputFilter)
2019-09-24 19:08:18,970 [main] INFO  http.HttpServer2 (HttpServer2.java:addFilter(948)) - Added filter static_user_filter (class=org.apache.hadoop.http.lib.StaticUserWebFilter$StaticUserFilter) to context hddsDatanode
2019-09-24 19:08:18,970 [main] INFO  http.HttpServer2 (HttpServer2.java:addFilter(958)) - Added filter static_user_filter (class=org.apache.hadoop.http.lib.StaticUserWebFilter$StaticUserFilter) to context static
2019-09-24 19:08:18,970 [main] INFO  http.HttpServer2 (HttpServer2.java:addFilter(958)) - Added filter static_user_filter (class=org.apache.hadoop.http.lib.StaticUserWebFilter$StaticUserFilter) to context logs
2019-09-24 19:08:18,971 [main] INFO  http.HttpServer2 (HttpServer2.java:bindListener(1191)) - Jetty bound to port 37540
2019-09-24 19:08:18,971 [main] INFO  server.Server (Server.java:doStart(351)) - jetty-9.3.25.v20180904, build timestamp: 2018-09-04T21:11:46Z, git hash: 3ce520221d0240229c862b122d2b06c12a625732
2019-09-24 19:08:18,975 [main] INFO  handler.ContextHandler (ContextHandler.java:doStart(781)) - Started o.e.j.s.ServletContextHandler@4ae280da{/logs,file:///workdir/hadoop-ozone/integration-test/target/log,AVAILABLE}
2019-09-24 19:08:18,976 [main] INFO  handler.ContextHandler (ContextHandler.java:doStart(781)) - Started o.e.j.s.ServletContextHandler@57c69937{/static,jar:file:/home/user/.m2/repository/org/apache/hadoop/hadoop-hdds-container-service/0.5.0-SNAPSHOT/hadoop-hdds-container-service-0.5.0-SNAPSHOT.jar!/webapps/static,AVAILABLE}
2019-09-24 19:08:19,003 [main] INFO  handler.ContextHandler (ContextHandler.java:doStart(781)) - Started o.e.j.w.WebAppContext@7cc2c551{/,file:///tmp/jetty-0.0.0.0-37540-hddsDatanode-_-any-6267742661013939451.dir/webapp/,AVAILABLE}{/hddsDatanode}
2019-09-24 19:08:19,004 [main] INFO  server.AbstractConnector (AbstractConnector.java:doStart(278)) - Started ServerConnector@d84b3a2{HTTP/1.1,[http/1.1]}{0.0.0.0:37540}
2019-09-24 19:08:19,006 [main] INFO  server.Server (Server.java:doStart(419)) - Started @517080ms
2019-09-24 19:08:19,006 [main] WARN  impl.MetricsSystemImpl (MetricsSystemImpl.java:register(276)) - Sink prometheus already exists!
2019-09-24 19:08:19,007 [main] INFO  server.BaseHttpServer (BaseHttpServer.java:updateConnectorAddress(215)) - HTTP server of HDDSDATANODE is listening at http://0.0.0.0:37540
2019-09-24 19:08:19,007 [main] INFO  ozone.MiniOzoneClusterImpl (MiniOzoneClusterImpl.java:lambda$waitForClusterToBeReady$0(147)) - Waiting for cluster to be ready. Got 0 of 10 DN Heartbeats.
2019-09-24 19:08:19,008 [org.apache.hadoop.util.JvmPauseMonitor$Monitor@c9102e2] INFO  util.JvmPauseMonitor (JvmPauseMonitor.java:run(188)) - Starting JVM pause monitor
2019-09-24 19:08:19,009 [Datanode State Machine Thread - 0] INFO  datanode.InitDatanodeState (InitDatanodeState.java:persistContainerDatanodeDetails(140)) - DatanodeDetails is persisted to /workdir/hadoop-ozone/integration-test/target/test-dir/MiniOzoneClusterImpl-6223b62d-fae7-42c6-9f07-44d8c3bb99d0/datanode-9/meta/datanode.id
2019-09-24 19:08:20,007 [main] INFO  ozone.MiniOzoneClusterImpl (MiniOzoneClusterImpl.java:lambda$waitForClusterToBeReady$0(147)) - Waiting for cluster to be ready. Got 0 of 10 DN Heartbeats.
2019-09-24 19:08:21,008 [main] INFO  ozone.MiniOzoneClusterImpl (MiniOzoneClusterImpl.java:lambda$waitForClusterToBeReady$0(147)) - Waiting for cluster to be ready. Got 0 of 10 DN Heartbeats.
2019-09-24 19:08:22,008 [main] INFO  ozone.MiniOzoneClusterImpl (MiniOzoneClusterImpl.java:lambda$waitForClusterToBeReady$0(147)) - Waiting for cluster to be ready. Got 0 of 10 DN Heartbeats.
2019-09-24 19:08:23,009 [main] INFO  ozone.MiniOzoneClusterImpl (MiniOzoneClusterImpl.java:lambda$waitForClusterToBeReady$0(147)) - Waiting for cluster to be ready. Got 0 of 10 DN Heartbeats.
2019-09-24 19:08:23,122 [Datanode State Machine Thread - 0] INFO  ozoneimpl.OzoneContainer (OzoneContainer.java:start(217)) - Attempting to start container services.
2019-09-24 19:08:23,122 [Datanode State Machine Thread - 0] INFO  ozoneimpl.OzoneContainer (OzoneContainer.java:start(217)) - Attempting to start container services.
2019-09-24 19:08:23,122 [Datanode State Machine Thread - 0] INFO  ozoneimpl.OzoneContainer (OzoneContainer.java:start(217)) - Attempting to start container services.
2019-09-24 19:08:23,123 [Datanode State Machine Thread - 0] INFO  ozoneimpl.OzoneContainer (OzoneContainer.java:startContainerScrub(179)) - Background container scanner has been disabled.
2019-09-24 19:08:23,123 [Datanode State Machine Thread - 0] INFO  ozoneimpl.OzoneContainer (OzoneContainer.java:startContainerScrub(179)) - Background container scanner has been disabled.
2019-09-24 19:08:23,123 [Datanode State Machine Thread - 0] INFO  ozoneimpl.OzoneContainer (OzoneContainer.java:start(217)) - Attempting to start container services.
2019-09-24 19:08:23,123 [Datanode State Machine Thread - 0] INFO  ozoneimpl.OzoneContainer (OzoneContainer.java:start(217)) - Attempting to start container services.
2019-09-24 19:08:23,123 [Datanode State Machine Thread - 0] INFO  ozoneimpl.OzoneContainer (OzoneContainer.java:start(217)) - Attempting to start container services.
2019-09-24 19:08:23,124 [Datanode State Machine Thread - 0] INFO  ozoneimpl.OzoneContainer (OzoneContainer.java:startContainerScrub(179)) - Background container scanner has been disabled.
2019-09-24 19:08:23,124 [Datanode State Machine Thread - 0] INFO  ratis.XceiverServerRatis (XceiverServerRatis.java:start(411)) - Starting XceiverServerRatis 319810a5-b74b-4f2c-97a6-4822cae20319 at port 0
2019-09-24 19:08:23,124 [Datanode State Machine Thread - 0] INFO  ozoneimpl.OzoneContainer (OzoneContainer.java:startContainerScrub(179)) - Background container scanner has been disabled.
2019-09-24 19:08:23,124 [Datanode State Machine Thread - 0] INFO  ratis.XceiverServerRatis (XceiverServerRatis.java:start(411)) - Starting XceiverServerRatis 2301f1b0-893f-4443-acec-e918286f3c24 at port 0
2019-09-24 19:08:23,123 [Datanode State Machine Thread - 0] INFO  ozoneimpl.OzoneContainer (OzoneContainer.java:start(217)) - Attempting to start container services.
2019-09-24 19:08:23,123 [Datanode State Machine Thread - 0] INFO  ratis.XceiverServerRatis (XceiverServerRatis.java:start(411)) - Starting XceiverServerRatis 8235ba63-995e-4441-8e46-a34f9717543a at port 0
2019-09-24 19:08:23,123 [Datanode State Machine Thread - 0] INFO  ozoneimpl.OzoneContainer (OzoneContainer.java:startContainerScrub(179)) - Background container scanner has been disabled.
2019-09-24 19:08:23,123 [Datanode State Machine Thread - 0] INFO  ozoneimpl.OzoneContainer (OzoneContainer.java:start(217)) - Attempting to start container services.
2019-09-24 19:08:23,123 [Datanode State Machine Thread - 0] INFO  ozoneimpl.OzoneContainer (OzoneContainer.java:start(217)) - Attempting to start container services.
2019-09-24 19:08:23,123 [Datanode State Machine Thread - 0] INFO  ozoneimpl.OzoneContainer (OzoneContainer.java:start(217)) - Attempting to start container services.
2019-09-24 19:08:23,126 [Datanode State Machine Thread - 0] INFO  ozoneimpl.OzoneContainer (OzoneContainer.java:startContainerScrub(179)) - Background container scanner has been disabled.
2019-09-24 19:08:23,127 [Datanode State Machine Thread - 0] INFO  ratis.XceiverServerRatis (XceiverServerRatis.java:start(411)) - Starting XceiverServerRatis 0c8dc4a6-8d6b-4759-9996-474f61414cd5 at port 0
2019-09-24 19:08:23,126 [Datanode State Machine Thread - 0] INFO  ozoneimpl.OzoneContainer (OzoneContainer.java:startContainerScrub(179)) - Background container scanner has been disabled.
2019-09-24 19:08:23,126 [Datanode State Machine Thread - 0] INFO  ratis.XceiverServerRatis (XceiverServerRatis.java:start(411)) - Starting XceiverServerRatis 91feae9e-1155-40fd-86e2-8933cd95fa89 at port 0
2019-09-24 19:08:23,125 [Datanode State Machine Thread - 0] INFO  ozoneimpl.OzoneContainer (OzoneContainer.java:startContainerScrub(179)) - Background container scanner has been disabled.
2019-09-24 19:08:23,125 [Datanode State Machine Thread - 0] INFO  ratis.XceiverServerRatis (XceiverServerRatis.java:start(411)) - Starting XceiverServerRatis 2e29e414-edf9-4b10-a5cb-2050908d7d76 at port 0
2019-09-24 19:08:23,124 [Datanode State Machine Thread - 0] INFO  ozoneimpl.OzoneContainer (OzoneContainer.java:startContainerScrub(179)) - Background container scanner has been disabled.
2019-09-24 19:08:23,127 [Datanode State Machine Thread - 0] INFO  ratis.XceiverServerRatis (XceiverServerRatis.java:start(411)) - Starting XceiverServerRatis ae9164ac-43f6-4213-a4a0-c147d76cd47e at port 0
2019-09-24 19:08:23,127 [Datanode State Machine Thread - 0] INFO  ratis.XceiverServerRatis (XceiverServerRatis.java:start(411)) - Starting XceiverServerRatis 89574930-d6d8-4a5c-9152-f2855de8ae21 at port 0
2019-09-24 19:08:23,126 [Datanode State Machine Thread - 0] INFO  ozoneimpl.OzoneContainer (OzoneContainer.java:startContainerScrub(179)) - Background container scanner has been disabled.
2019-09-24 19:08:23,128 [Datanode State Machine Thread - 0] INFO  ratis.XceiverServerRatis (XceiverServerRatis.java:start(411)) - Starting XceiverServerRatis b92d727c-2259-4631-af2f-bae8fdc22d63 at port 0
2019-09-24 19:08:23,128 [Datanode State Machine Thread - 0] INFO  ratis.XceiverServerRatis (XceiverServerRatis.java:start(411)) - Starting XceiverServerRatis 90b819e1-a435-4b48-a34f-1327cd5e73d5 at port 0
2019-09-24 19:08:23,206 [Datanode State Machine Thread - 0] INFO  impl.RaftServerProxy (RaftServerProxy.java:lambda$start$3(299)) - 2e29e414-edf9-4b10-a5cb-2050908d7d76: start RPC server
2019-09-24 19:08:23,206 [Datanode State Machine Thread - 0] INFO  impl.RaftServerProxy (RaftServerProxy.java:lambda$start$3(299)) - 0c8dc4a6-8d6b-4759-9996-474f61414cd5: start RPC server
2019-09-24 19:08:23,207 [Datanode State Machine Thread - 0] INFO  impl.RaftServerProxy (RaftServerProxy.java:lambda$start$3(299)) - 319810a5-b74b-4f2c-97a6-4822cae20319: start RPC server
2019-09-24 19:08:23,210 [Datanode State Machine Thread - 0] INFO  server.GrpcService (GrpcService.java:startImpl(158)) - 0c8dc4a6-8d6b-4759-9996-474f61414cd5: GrpcService started, listening on 0.0.0.0/0.0.0.0:45865
2019-09-24 19:08:23,210 [Datanode State Machine Thread - 0] INFO  server.GrpcService (GrpcService.java:startImpl(158)) - 2e29e414-edf9-4b10-a5cb-2050908d7d76: GrpcService started, listening on 0.0.0.0/0.0.0.0:45815
2019-09-24 19:08:23,210 [Datanode State Machine Thread - 0] INFO  server.GrpcService (GrpcService.java:startImpl(158)) - 319810a5-b74b-4f2c-97a6-4822cae20319: GrpcService started, listening on 0.0.0.0/0.0.0.0:41361
2019-09-24 19:08:23,211 [Datanode State Machine Thread - 0] INFO  impl.RaftServerProxy (RaftServerProxy.java:lambda$start$3(299)) - 89574930-d6d8-4a5c-9152-f2855de8ae21: start RPC server
2019-09-24 19:08:23,211 [Datanode State Machine Thread - 0] INFO  ratis.XceiverServerRatis (XceiverServerRatis.java:start(421)) - XceiverServerRatis 2e29e414-edf9-4b10-a5cb-2050908d7d76 is started using port 45815
2019-09-24 19:08:23,211 [Datanode State Machine Thread - 0] INFO  ratis.XceiverServerRatis (XceiverServerRatis.java:start(421)) - XceiverServerRatis 0c8dc4a6-8d6b-4759-9996-474f61414cd5 is started using port 45865
2019-09-24 19:08:23,211 [Datanode State Machine Thread - 0] INFO  ratis.XceiverServerRatis (XceiverServerRatis.java:start(421)) - XceiverServerRatis 319810a5-b74b-4f2c-97a6-4822cae20319 is started using port 41361
2019-09-24 19:08:23,216 [Datanode State Machine Thread - 0] INFO  server.GrpcService (GrpcService.java:startImpl(158)) - 89574930-d6d8-4a5c-9152-f2855de8ae21: GrpcService started, listening on 0.0.0.0/0.0.0.0:43426
2019-09-24 19:08:23,216 [Datanode State Machine Thread - 0] INFO  ratis.XceiverServerRatis (XceiverServerRatis.java:start(421)) - XceiverServerRatis 89574930-d6d8-4a5c-9152-f2855de8ae21 is started using port 43426
2019-09-24 19:08:23,216 [Datanode State Machine Thread - 0] INFO  server.XceiverServerGrpc (XceiverServerGrpc.java:start(149)) - XceiverServerGrpc 2e29e414-edf9-4b10-a5cb-2050908d7d76 is started using port 38205
2019-09-24 19:08:23,216 [Datanode State Machine Thread - 0] INFO  server.XceiverServerGrpc (XceiverServerGrpc.java:start(149)) - XceiverServerGrpc 0c8dc4a6-8d6b-4759-9996-474f61414cd5 is started using port 39644
2019-09-24 19:08:23,217 [Datanode State Machine Thread - 0] INFO  impl.RaftServerProxy (RaftServerProxy.java:lambda$start$3(299)) - 8235ba63-995e-4441-8e46-a34f9717543a: start RPC server
2019-09-24 19:08:23,220 [Datanode State Machine Thread - 0] INFO  impl.RaftServerProxy (RaftServerProxy.java:lambda$start$3(299)) - b92d727c-2259-4631-af2f-bae8fdc22d63: start RPC server
2019-09-24 19:08:23,220 [Datanode State Machine Thread - 0] INFO  server.XceiverServerGrpc (XceiverServerGrpc.java:start(149)) - XceiverServerGrpc 319810a5-b74b-4f2c-97a6-4822cae20319 is started using port 40901
2019-09-24 19:08:23,221 [Datanode State Machine Thread - 0] INFO  server.XceiverServerGrpc (XceiverServerGrpc.java:start(149)) - XceiverServerGrpc 89574930-d6d8-4a5c-9152-f2855de8ae21 is started using port 45202
2019-09-24 19:08:23,221 [Datanode State Machine Thread - 0] INFO  server.GrpcService (GrpcService.java:startImpl(158)) - 8235ba63-995e-4441-8e46-a34f9717543a: GrpcService started, listening on 0.0.0.0/0.0.0.0:38637
2019-09-24 19:08:23,221 [Datanode State Machine Thread - 0] INFO  ratis.XceiverServerRatis (XceiverServerRatis.java:start(421)) - XceiverServerRatis 8235ba63-995e-4441-8e46-a34f9717543a is started using port 38637
2019-09-24 19:08:23,237 [Datanode State Machine Thread - 0] INFO  server.GrpcService (GrpcService.java:startImpl(158)) - b92d727c-2259-4631-af2f-bae8fdc22d63: GrpcService started, listening on 0.0.0.0/0.0.0.0:43032
2019-09-24 19:08:23,237 [Datanode State Machine Thread - 0] INFO  ratis.XceiverServerRatis (XceiverServerRatis.java:start(421)) - XceiverServerRatis b92d727c-2259-4631-af2f-bae8fdc22d63 is started using port 43032
2019-09-24 19:08:23,240 [Datanode State Machine Thread - 0] INFO  server.XceiverServerGrpc (XceiverServerGrpc.java:start(149)) - XceiverServerGrpc 8235ba63-995e-4441-8e46-a34f9717543a is started using port 34366
2019-09-24 19:08:23,240 [Datanode State Machine Thread - 0] INFO  server.XceiverServerGrpc (XceiverServerGrpc.java:start(149)) - XceiverServerGrpc b92d727c-2259-4631-af2f-bae8fdc22d63 is started using port 39635
2019-09-24 19:08:23,244 [Datanode State Machine Thread - 0] INFO  impl.RaftServerProxy (RaftServerProxy.java:lambda$start$3(299)) - 90b819e1-a435-4b48-a34f-1327cd5e73d5: start RPC server
2019-09-24 19:08:23,247 [Datanode State Machine Thread - 0] INFO  server.GrpcService (GrpcService.java:startImpl(158)) - 90b819e1-a435-4b48-a34f-1327cd5e73d5: GrpcService started, listening on 0.0.0.0/0.0.0.0:44550
2019-09-24 19:08:23,248 [Datanode State Machine Thread - 0] INFO  ratis.XceiverServerRatis (XceiverServerRatis.java:start(421)) - XceiverServerRatis 90b819e1-a435-4b48-a34f-1327cd5e73d5 is started using port 44550
2019-09-24 19:08:23,248 [Datanode State Machine Thread - 0] INFO  server.XceiverServerGrpc (XceiverServerGrpc.java:start(149)) - XceiverServerGrpc 90b819e1-a435-4b48-a34f-1327cd5e73d5 is started using port 36228
2019-09-24 19:08:23,249 [Datanode State Machine Thread - 0] INFO  impl.RaftServerProxy (RaftServerProxy.java:lambda$start$3(299)) - 91feae9e-1155-40fd-86e2-8933cd95fa89: start RPC server
2019-09-24 19:08:23,252 [Datanode State Machine Thread - 0] INFO  server.GrpcService (GrpcService.java:startImpl(158)) - 91feae9e-1155-40fd-86e2-8933cd95fa89: GrpcService started, listening on 0.0.0.0/0.0.0.0:41910
2019-09-24 19:08:23,252 [Datanode State Machine Thread - 0] INFO  ratis.XceiverServerRatis (XceiverServerRatis.java:start(421)) - XceiverServerRatis 91feae9e-1155-40fd-86e2-8933cd95fa89 is started using port 41910
2019-09-24 19:08:23,252 [Datanode State Machine Thread - 0] INFO  server.XceiverServerGrpc (XceiverServerGrpc.java:start(149)) - XceiverServerGrpc 91feae9e-1155-40fd-86e2-8933cd95fa89 is started using port 38230
2019-09-24 19:08:23,252 [Datanode State Machine Thread - 0] INFO  impl.RaftServerProxy (RaftServerProxy.java:lambda$start$3(299)) - ae9164ac-43f6-4213-a4a0-c147d76cd47e: start RPC server
2019-09-24 19:08:23,255 [Datanode State Machine Thread - 0] INFO  server.GrpcService (GrpcService.java:startImpl(158)) - ae9164ac-43f6-4213-a4a0-c147d76cd47e: GrpcService started, listening on 0.0.0.0/0.0.0.0:33440
2019-09-24 19:08:23,255 [Datanode State Machine Thread - 0] INFO  ratis.XceiverServerRatis (XceiverServerRatis.java:start(421)) - XceiverServerRatis ae9164ac-43f6-4213-a4a0-c147d76cd47e is started using port 33440
2019-09-24 19:08:23,255 [Datanode State Machine Thread - 0] INFO  impl.RaftServerProxy (RaftServerProxy.java:lambda$start$3(299)) - 2301f1b0-893f-4443-acec-e918286f3c24: start RPC server
2019-09-24 19:08:23,256 [Datanode State Machine Thread - 0] INFO  server.XceiverServerGrpc (XceiverServerGrpc.java:start(149)) - XceiverServerGrpc ae9164ac-43f6-4213-a4a0-c147d76cd47e is started using port 46690
2019-09-24 19:08:23,258 [Datanode State Machine Thread - 0] INFO  server.GrpcService (GrpcService.java:startImpl(158)) - 2301f1b0-893f-4443-acec-e918286f3c24: GrpcService started, listening on 0.0.0.0/0.0.0.0:45459
2019-09-24 19:08:23,258 [Datanode State Machine Thread - 0] INFO  ratis.XceiverServerRatis (XceiverServerRatis.java:start(421)) - XceiverServerRatis 2301f1b0-893f-4443-acec-e918286f3c24 is started using port 45459
2019-09-24 19:08:23,278 [Datanode State Machine Thread - 0] INFO  server.XceiverServerGrpc (XceiverServerGrpc.java:start(149)) - XceiverServerGrpc 2301f1b0-893f-4443-acec-e918286f3c24 is started using port 46164
2019-09-24 19:08:24,011 [main] INFO  ozone.MiniOzoneClusterImpl (MiniOzoneClusterImpl.java:lambda$waitForClusterToBeReady$0(147)) - Waiting for cluster to be ready. Got 0 of 10 DN Heartbeats.
2019-09-24 19:08:24,400 [IPC Server handler 8 on 37280] INFO  net.NetworkTopology (NetworkTopologyImpl.java:add(111)) - Added a new node: /rack1/2301f1b0-893f-4443-acec-e918286f3c24
2019-09-24 19:08:24,403 [IPC Server handler 8 on 37280] INFO  node.SCMNodeManager (SCMNodeManager.java:register(266)) - Registered Data node : 2301f1b0-893f-4443-acec-e918286f3c24{ip: 192.168.5.148, host: pr-hdds-2149-fgl4f-1742389470, networkLocation: /rack1, certSerialId: null}
2019-09-24 19:08:24,404 [EventQueue-NodeRegistrationContainerReportForDataNodeSafeModeRule] INFO  safemode.SCMSafeModeManager (DataNodeSafeModeRule.java:process(71)) - SCM in safe mode. 1 DataNodes registered, 1 required.
2019-09-24 19:08:24,407 [EventQueue-NodeRegistrationContainerReportForDataNodeSafeModeRule] INFO  safemode.SCMSafeModeManager (SCMSafeModeManager.java:validateSafeModeExitRules(177)) - ScmSafeModeManager, all rules are successfully validated
2019-09-24 19:08:24,407 [EventQueue-NodeRegistrationContainerReportForDataNodeSafeModeRule] INFO  safemode.SCMSafeModeManager (SCMSafeModeManager.java:exitSafeMode(193)) - SCM exiting safe mode.
2019-09-24 19:08:24,429 [grpc-default-executor-18] INFO  impl.RaftServerProxy (RaftServerProxy.java:addNew(89)) - 2301f1b0-893f-4443-acec-e918286f3c24: addNew group-BED85A168E3C:[2301f1b0-893f-4443-acec-e918286f3c24:192.168.5.148:45459] returns group-BED85A168E3C:java.util.concurrent.CompletableFuture@20cfb059[Not completed]
2019-09-24 19:08:24,431 [pool-506-thread-1] INFO  impl.RaftServerImpl (RaftServerImpl.java:<init>(95)) - 2301f1b0-893f-4443-acec-e918286f3c24: new RaftServerImpl for group-BED85A168E3C:[2301f1b0-893f-4443-acec-e918286f3c24:192.168.5.148:45459] with ContainerStateMachine:uninitialized
2019-09-24 19:08:24,432 [pool-506-thread-1] INFO  server.RaftServerConfigKeys (ConfUtils.java:logGet(43)) - raft.server.rpc.timeout.min = 1s (custom)
2019-09-24 19:08:24,432 [pool-506-thread-1] INFO  server.RaftServerConfigKeys (ConfUtils.java:logGet(43)) - raft.server.rpc.timeout.max = 1200ms (custom)
2019-09-24 19:08:24,432 [pool-506-thread-1] INFO  server.RaftServerConfigKeys (ConfUtils.java:logGet(43)) - raft.server.rpcslowness.timeout = 120s (custom)
2019-09-24 19:08:24,432 [pool-506-thread-1] INFO  server.RaftServerConfigKeys (ConfUtils.java:logGet(43)) - raft.server.sleep.deviation.threshold = 300 (default)
2019-09-24 19:08:24,432 [pool-506-thread-1] INFO  server.RaftServerConfigKeys (ConfUtils.java:logGet(43)) - raft.server.log.appender.install.snapshot.enabled = false (custom)
2019-09-24 19:08:24,433 [pool-506-thread-1] INFO  impl.RaftServerImpl (ServerState.java:<init>(103)) - 2301f1b0-893f-4443-acec-e918286f3c24@group-BED85A168E3C: ConfigurationManager, init=-1: [2301f1b0-893f-4443-acec-e918286f3c24:192.168.5.148:45459], old=null, confs=<EMPTY_MAP>
2019-09-24 19:08:24,433 [pool-506-thread-1] INFO  server.RaftServerConfigKeys (ConfUtils.java:logGet(43)) - raft.server.storage.dir = [/workdir/hadoop-ozone/integration-test/target/test-dir/MiniOzoneClusterImpl-6223b62d-fae7-42c6-9f07-44d8c3bb99d0/datanode-0/data/ratis] (custom)
2019-09-24 19:08:24,433 [pool-506-thread-1] INFO  storage.RaftStorageDirectory (RaftStorageDirectory.java:analyzeStorage(246)) - The storage directory /workdir/hadoop-ozone/integration-test/target/test-dir/MiniOzoneClusterImpl-6223b62d-fae7-42c6-9f07-44d8c3bb99d0/datanode-0/data/ratis/0ebec287-8bb0-4864-b3ea-bed85a168e3c does not exist. Creating ...
2019-09-24 19:08:24,448 [pool-506-thread-1] INFO  storage.RaftStorageDirectory (RaftStorageDirectory.java:tryLock(328)) - Lock on /workdir/hadoop-ozone/integration-test/target/test-dir/MiniOzoneClusterImpl-6223b62d-fae7-42c6-9f07-44d8c3bb99d0/datanode-0/data/ratis/0ebec287-8bb0-4864-b3ea-bed85a168e3c/in_use.lock acquired by nodename 10455@pr-hdds-2149-fgl4f-1742389470
2019-09-24 19:08:24,451 [pool-506-thread-1] INFO  storage.RaftStorage (RaftStorage.java:format(72)) - Storage directory /workdir/hadoop-ozone/integration-test/target/test-dir/MiniOzoneClusterImpl-6223b62d-fae7-42c6-9f07-44d8c3bb99d0/datanode-0/data/ratis/0ebec287-8bb0-4864-b3ea-bed85a168e3c has been successfully formatted.
2019-09-24 19:08:24,451 [pool-506-thread-1] INFO  ratis.ContainerStateMachine (ContainerStateMachine.java:loadSnapshot(230)) - group-BED85A168E3C: The snapshot info is null. Setting the last applied indexto:(t:0, i:~)
2019-09-24 19:08:24,451 [pool-506-thread-1] INFO  server.RaftServerConfigKeys (ConfUtils.java:logGet(43)) - raft.server.notification.no-leader.timeout = 120s (custom)
2019-09-24 19:08:24,451 [pool-506-thread-1] INFO  server.RaftServerConfigKeys (ConfUtils.java:logGet(43)) - raft.server.log.use.memory = false (default)
2019-09-24 19:08:24,452 [pool-506-thread-1] INFO  server.RaftServerConfigKeys (ConfUtils.java:logGet(43)) - raft.server.log.purge.gap = 1000000 (custom)
2019-09-24 19:08:24,452 [pool-506-thread-1] INFO  server.RaftServerConfigKeys (ConfUtils.java:logGet(43)) - raft.server.log.appender.buffer.byte-limit = 33554432 (custom)
2019-09-24 19:08:24,452 [pool-506-thread-1] INFO  server.RaftServerConfigKeys (ConfUtils.java:logGet(43)) - raft.server.log.segment.size.max = 1048576 (custom)
2019-09-24 19:08:24,452 [pool-506-thread-1] INFO  server.RaftServerConfigKeys (ConfUtils.java:logGet(43)) - raft.server.log.segment.cache.num.max = 2 (custom)
2019-09-24 19:08:24,452 [pool-506-thread-1] INFO  segmented.SegmentedRaftLogWorker (SegmentedRaftLogWorker.java:<init>(172)) - new 2301f1b0-893f-4443-acec-e918286f3c24@group-BED85A168E3C-SegmentedRaftLogWorker for RaftStorage:Storage Directory /workdir/hadoop-ozone/integration-test/target/test-dir/MiniOzoneClusterImpl-6223b62d-fae7-42c6-9f07-44d8c3bb99d0/datanode-0/data/ratis/0ebec287-8bb0-4864-b3ea-bed85a168e3c
2019-09-24 19:08:24,455 [pool-506-thread-1] INFO  server.RaftServerConfigKeys (ConfUtils.java:logGet(43)) - raft.server.log.queue.byte-limit = 2147483647 (custom)
2019-09-24 19:08:24,455 [pool-506-thread-1] INFO  server.RaftServerConfigKeys (ConfUtils.java:logGet(43)) - raft.server.log.queue.element-limit = 1024 (custom)
2019-09-24 19:08:24,455 [pool-506-thread-1] INFO  server.RaftServerConfigKeys (ConfUtils.java:logGet(43)) - raft.server.log.segment.size.max = 1048576 (custom)
2019-09-24 19:08:24,455 [pool-506-thread-1] INFO  server.RaftServerConfigKeys (ConfUtils.java:logGet(43)) - raft.server.log.preallocated.size = 16384 (custom)
2019-09-24 19:08:24,455 [pool-506-thread-1] INFO  server.RaftServerConfigKeys (ConfUtils.java:logGet(43)) - raft.server.log.write.buffer.size = 33554432 (custom)
2019-09-24 19:08:24,455 [pool-506-thread-1] INFO  server.RaftServerConfigKeys (ConfUtils.java:logGet(43)) - raft.server.log.force.sync.num = 128 (default)
2019-09-24 19:08:24,455 [pool-506-thread-1] INFO  server.RaftServerConfigKeys (ConfUtils.java:logGet(43)) - raft.server.log.statemachine.data.sync = true (default)
2019-09-24 19:08:24,456 [pool-506-thread-1] INFO  server.RaftServerConfigKeys (ConfUtils.java:logGet(43)) - raft.server.log.statemachine.data.sync.timeout = 10s (default)
2019-09-24 19:08:24,456 [pool-506-thread-1] INFO  server.RaftServerConfigKeys (ConfUtils.java:logGet(43)) - raft.server.log.statemachine.data.sync.timeout.retry = -1 (default)
2019-09-24 19:08:24,456 [pool-506-thread-1] INFO  server.RaftServerConfigKeys (ConfUtils.java:logGet(43)) - raft.server.log.statemachine.data.caching.enabled = true (custom)
2019-09-24 19:08:24,456 [pool-506-thread-1] INFO  segmented.SegmentedRaftLogWorker (SegmentedRaftLogWorker.java:lambda$new$0(132)) - 2301f1b0-893f-4443-acec-e918286f3c24@group-BED85A168E3C-SegmentedRaftLogWorker: flushIndex: setUnconditionally 0 -> -1
2019-09-24 19:08:24,457 [pool-506-thread-1] INFO  server.RaftServerConfigKeys (ConfUtils.java:logGet(43)) - raft.server.snapshot.auto.trigger.enabled = true (custom)
2019-09-24 19:08:24,457 [pool-506-thread-1] INFO  server.RaftServerConfigKeys (ConfUtils.java:logGet(43)) - raft.server.snapshot.auto.trigger.threshold = 10000 (custom)
2019-09-24 19:08:24,457 [pool-506-thread-1] INFO  server.RaftServerConfigKeys (ConfUtils.java:logGet(43)) - raft.server.snapshot.retention.num.files = 5 (custom)
2019-09-24 19:08:24,457 [pool-506-thread-1] INFO  server.RaftServerConfigKeys (ConfUtils.java:logGet(43)) - raft.server.retrycache.expirytime = 600000ms (custom)
2019-09-24 19:08:24,459 [pool-506-thread-1] INFO  impl.RaftServerImpl (RaftServerImpl.java:start(185)) - 2301f1b0-893f-4443-acec-e918286f3c24@group-BED85A168E3C: start as a follower, conf=-1: [2301f1b0-893f-4443-acec-e918286f3c24:192.168.5.148:45459], old=null
2019-09-24 19:08:24,459 [pool-506-thread-1] INFO  impl.RaftServerImpl (RaftServerImpl.java:setRole(174)) - 2301f1b0-893f-4443-acec-e918286f3c24@group-BED85A168E3C: changes role from      null to FOLLOWER at term 0 for startAsFollower
2019-09-24 19:08:24,459 [pool-506-thread-1] INFO  impl.RoleInfo (RoleInfo.java:updateAndGet(143)) - 2301f1b0-893f-4443-acec-e918286f3c24: start FollowerState
2019-09-24 19:08:24,460 [pool-506-thread-1] INFO  util.JmxRegister (JmxRegister.java:tryRegister(44)) - Successfully registered JMX Bean with object name Ratis:service=RaftServer,group=group-BED85A168E3C,id=2301f1b0-893f-4443-acec-e918286f3c24
2019-09-24 19:08:24,463 [RatisPipelineUtilsThread] INFO  pipeline.PipelineStateManager (PipelineStateManager.java:addPipeline(56)) - Created pipeline Pipeline[ Id: 0ebec287-8bb0-4864-b3ea-bed85a168e3c, Nodes: 2301f1b0-893f-4443-acec-e918286f3c24{ip: 192.168.5.148, host: pr-hdds-2149-fgl4f-1742389470, networkLocation: /rack1, certSerialId: null}, Type:RATIS, Factor:ONE, State:OPEN]
2019-09-24 19:08:24,470 [IPC Server handler 6 on 37280] INFO  net.NetworkTopology (NetworkTopologyImpl.java:add(111)) - Added a new node: /rack1/8235ba63-995e-4441-8e46-a34f9717543a
2019-09-24 19:08:24,470 [IPC Server handler 6 on 37280] INFO  node.SCMNodeManager (SCMNodeManager.java:register(266)) - Registered Data node : 8235ba63-995e-4441-8e46-a34f9717543a{ip: 192.168.5.148, host: pr-hdds-2149-fgl4f-1742389470, networkLocation: /rack1, certSerialId: null}
2019-09-24 19:08:24,475 [grpc-default-executor-18] INFO  impl.RaftServerProxy (RaftServerProxy.java:addNew(89)) - 8235ba63-995e-4441-8e46-a34f9717543a: addNew group-BF00DF91DD87:[8235ba63-995e-4441-8e46-a34f9717543a:192.168.5.148:38637] returns group-BF00DF91DD87:java.util.concurrent.CompletableFuture@54e2fdd6[Not completed]
2019-09-24 19:08:24,477 [pool-516-thread-1] INFO  impl.RaftServerImpl (RaftServerImpl.java:<init>(95)) - 8235ba63-995e-4441-8e46-a34f9717543a: new RaftServerImpl for group-BF00DF91DD87:[8235ba63-995e-4441-8e46-a34f9717543a:192.168.5.148:38637] with ContainerStateMachine:uninitialized
2019-09-24 19:08:24,477 [pool-516-thread-1] INFO  server.RaftServerConfigKeys (ConfUtils.java:logGet(43)) - raft.server.rpc.timeout.min = 1s (custom)
2019-09-24 19:08:24,477 [pool-516-thread-1] INFO  server.RaftServerConfigKeys (ConfUtils.java:logGet(43)) - raft.server.rpc.timeout.max = 1200ms (custom)
2019-09-24 19:08:24,477 [pool-516-thread-1] INFO  server.RaftServerConfigKeys (ConfUtils.java:logGet(43)) - raft.server.rpcslowness.timeout = 120s (custom)
2019-09-24 19:08:24,477 [pool-516-thread-1] INFO  server.RaftServerConfigKeys (ConfUtils.java:logGet(43)) - raft.server.sleep.deviation.threshold = 300 (default)
2019-09-24 19:08:24,478 [pool-516-thread-1] INFO  server.RaftServerConfigKeys (ConfUtils.java:logGet(43)) - raft.server.log.appender.install.snapshot.enabled = false (custom)
2019-09-24 19:08:24,478 [pool-516-thread-1] INFO  impl.RaftServerImpl (ServerState.java:<init>(103)) - 8235ba63-995e-4441-8e46-a34f9717543a@group-BF00DF91DD87: ConfigurationManager, init=-1: [8235ba63-995e-4441-8e46-a34f9717543a:192.168.5.148:38637], old=null, confs=<EMPTY_MAP>
2019-09-24 19:08:24,478 [pool-516-thread-1] INFO  server.RaftServerConfigKeys (ConfUtils.java:logGet(43)) - raft.server.storage.dir = [/workdir/hadoop-ozone/integration-test/target/test-dir/MiniOzoneClusterImpl-6223b62d-fae7-42c6-9f07-44d8c3bb99d0/datanode-1/data/ratis] (custom)
2019-09-24 19:08:24,479 [pool-516-thread-1] INFO  storage.RaftStorageDirectory (RaftStorageDirectory.java:analyzeStorage(246)) - The storage directory /workdir/hadoop-ozone/integration-test/target/test-dir/MiniOzoneClusterImpl-6223b62d-fae7-42c6-9f07-44d8c3bb99d0/datanode-1/data/ratis/dd8b83b3-cd71-4156-a6b2-bf00df91dd87 does not exist. Creating ...
2019-09-24 19:08:24,544 [IPC Server handler 7 on 37280] INFO  net.NetworkTopology (NetworkTopologyImpl.java:add(111)) - Added a new node: /rack1/91feae9e-1155-40fd-86e2-8933cd95fa89
2019-09-24 19:08:24,544 [IPC Server handler 7 on 37280] INFO  node.SCMNodeManager (SCMNodeManager.java:register(266)) - Registered Data node : 91feae9e-1155-40fd-86e2-8933cd95fa89{ip: 192.168.5.148, host: pr-hdds-2149-fgl4f-1742389470, networkLocation: /rack1, certSerialId: null}
2019-09-24 19:08:24,611 [IPC Server handler 18 on 37280] INFO  net.NetworkTopology (NetworkTopologyImpl.java:add(111)) - Added a new node: /rack1/ae9164ac-43f6-4213-a4a0-c147d76cd47e
2019-09-24 19:08:24,612 [IPC Server handler 18 on 37280] INFO  node.SCMNodeManager (SCMNodeManager.java:register(266)) - Registered Data node : ae9164ac-43f6-4213-a4a0-c147d76cd47e{ip: 192.168.5.148, host: pr-hdds-2149-fgl4f-1742389470, networkLocation: /rack1, certSerialId: null}
2019-09-24 19:08:24,683 [IPC Server handler 2 on 37280] INFO  net.NetworkTopology (NetworkTopologyImpl.java:add(111)) - Added a new node: /rack1/2e29e414-edf9-4b10-a5cb-2050908d7d76
2019-09-24 19:08:24,683 [IPC Server handler 2 on 37280] INFO  node.SCMNodeManager (SCMNodeManager.java:register(266)) - Registered Data node : 2e29e414-edf9-4b10-a5cb-2050908d7d76{ip: 192.168.5.148, host: pr-hdds-2149-fgl4f-1742389470, networkLocation: /rack1, certSerialId: null}
2019-09-24 19:08:24,753 [IPC Server handler 0 on 37280] INFO  net.NetworkTopology (NetworkTopologyImpl.java:add(111)) - Added a new node: /rack1/319810a5-b74b-4f2c-97a6-4822cae20319
2019-09-24 19:08:24,754 [IPC Server handler 0 on 37280] INFO  node.SCMNodeManager (SCMNodeManager.java:register(266)) - Registered Data node : 319810a5-b74b-4f2c-97a6-4822cae20319{ip: 192.168.5.148, host: pr-hdds-2149-fgl4f-1742389470, networkLocation: /rack1, certSerialId: null}
2019-09-24 19:08:24,824 [IPC Server handler 1 on 37280] INFO  net.NetworkTopology (NetworkTopologyImpl.java:add(111)) - Added a new node: /rack1/89574930-d6d8-4a5c-9152-f2855de8ae21
2019-09-24 19:08:24,825 [IPC Server handler 1 on 37280] INFO  node.SCMNodeManager (SCMNodeManager.java:register(266)) - Registered Data node : 89574930-d6d8-4a5c-9152-f2855de8ae21{ip: 192.168.5.148, host: pr-hdds-2149-fgl4f-1742389470, networkLocation: /rack1, certSerialId: null}
2019-09-24 19:08:24,892 [IPC Server handler 4 on 37280] INFO  net.NetworkTopology (NetworkTopologyImpl.java:add(111)) - Added a new node: /rack1/0c8dc4a6-8d6b-4759-9996-474f61414cd5
2019-09-24 19:08:24,892 [IPC Server handler 4 on 37280] INFO  node.SCMNodeManager (SCMNodeManager.java:register(266)) - Registered Data node : 0c8dc4a6-8d6b-4759-9996-474f61414cd5{ip: 192.168.5.148, host: pr-hdds-2149-fgl4f-1742389470, networkLocation: /rack1, certSerialId: null}
2019-09-24 19:08:24,950 [IPC Server handler 5 on 37280] INFO  net.NetworkTopology (NetworkTopologyImpl.java:add(111)) - Added a new node: /rack1/90b819e1-a435-4b48-a34f-1327cd5e73d5
2019-09-24 19:08:24,950 [IPC Server handler 5 on 37280] INFO  node.SCMNodeManager (SCMNodeManager.java:register(266)) - Registered Data node : 90b819e1-a435-4b48-a34f-1327cd5e73d5{ip: 192.168.5.148, host: pr-hdds-2149-fgl4f-1742389470, networkLocation: /rack1, certSerialId: null}
2019-09-24 19:08:25,014 [main] INFO  ozone.MiniOzoneClusterImpl (MiniOzoneClusterImpl.java:lambda$waitForClusterToBeReady$0(147)) - Waiting for cluster to be ready. Got 9 of 10 DN Heartbeats.
2019-09-24 19:08:25,014 [IPC Server handler 8 on 37280] INFO  net.NetworkTopology (NetworkTopologyImpl.java:add(111)) - Added a new node: /rack1/b92d727c-2259-4631-af2f-bae8fdc22d63
2019-09-24 19:08:25,015 [IPC Server handler 8 on 37280] INFO  node.SCMNodeManager (SCMNodeManager.java:register(266)) - Registered Data node : b92d727c-2259-4631-af2f-bae8fdc22d63{ip: 192.168.5.148, host: pr-hdds-2149-fgl4f-1742389470, networkLocation: /rack1, certSerialId: null}
2019-09-24 19:08:25,463 [Thread-3542] INFO  impl.FollowerState (FollowerState.java:run(106)) - 2301f1b0-893f-4443-acec-e918286f3c24:group-BED85A168E3C changes to CANDIDATE, lastRpcTime:1003, electionTimeout:1003ms
2019-09-24 19:08:25,463 [Thread-3542] INFO  impl.RoleInfo (RoleInfo.java:shutdownFollowerState(121)) - 2301f1b0-893f-4443-acec-e918286f3c24: shutdown FollowerState
2019-09-24 19:08:25,464 [Thread-3542] INFO  impl.RaftServerImpl (RaftServerImpl.java:setRole(174)) - 2301f1b0-893f-4443-acec-e918286f3c24@group-BED85A168E3C: changes role from  FOLLOWER to CANDIDATE at term 0 for changeToCandidate
2019-09-24 19:08:25,464 [Thread-3542] INFO  impl.RoleInfo (RoleInfo.java:updateAndGet(143)) - 2301f1b0-893f-4443-acec-e918286f3c24: start LeaderElection
2019-09-24 19:08:26,014 [main] INFO  ozone.MiniOzoneClusterImpl (MiniOzoneClusterImpl.java:lambda$waitForClusterToBeReady$0(147)) - Cluster is ready. Got 10 of 10 DN Heartbeats.
2019-09-24 19:08:26,072 [main] INFO  rpc.RpcClient (RpcClient.java:createVolume(276)) - Creating Volume: datanodefailurehandlingtest, with jenkins1000 as owner.
2019-09-24 19:08:26,076 [IPC Server handler 1 on 37412] INFO  volume.OMVolumeCreateRequest (OMVolumeCreateRequest.java:validateAndUpdateCache(189)) - created volume:datanodefailurehandlingtest for user:jenkins1000
2019-09-24 19:08:26,098 [main] INFO  rpc.RpcClient (RpcClient.java:createBucket(415)) - Creating Bucket: datanodefailurehandlingtest/datanodefailurehandlingtest, with Versioning false and Storage Type set to DISK and Encryption set to false 
2019-09-24 19:08:27,420 [Thread-3540] INFO  container.ReplicationManager (ReplicationManager.java:start(162)) - Starting Replication Monitor Thread.
2019-09-24 19:08:27,429 [ReplicationMonitor] INFO  container.ReplicationManager (ReplicationManager.java:run(225)) - Replication Monitor Thread took 0 milliseconds for processing 0 containers.
2019-09-24 19:08:27,476 [RATISCREATEPIPELINE1] ERROR pipeline.RatisPipelineProvider (RatisPipelineProvider.java:lambda$null$5(235)) - Failed invoke Ratis rpc org.apache.hadoop.hdds.scm.pipeline.RatisPipelineProvider$$Lambda$180/1007996814@7f402cc6 for 8235ba63-995e-4441-8e46-a34f9717543a
org.apache.ratis.protocol.TimeoutIOException
	at org.apache.ratis.grpc.GrpcUtil.tryUnwrapException(GrpcUtil.java:82)
	at org.apache.ratis.grpc.GrpcUtil.unwrapException(GrpcUtil.java:75)
	at org.apache.ratis.grpc.client.GrpcClientProtocolClient.blockingCall(GrpcClientProtocolClient.java:178)
	at org.apache.ratis.grpc.client.GrpcClientProtocolClient.groupAdd(GrpcClientProtocolClient.java:147)
	at org.apache.ratis.grpc.client.GrpcClientRpc.sendRequest(GrpcClientRpc.java:94)
	at org.apache.ratis.client.impl.RaftClientImpl.sendRequest(RaftClientImpl.java:278)
	at org.apache.ratis.client.impl.RaftClientImpl.groupAdd(RaftClientImpl.java:205)
	at org.apache.hadoop.hdds.scm.pipeline.RatisPipelineProvider.lambda$initializePipeline$4(RatisPipelineProvider.java:196)
	at org.apache.hadoop.hdds.scm.pipeline.RatisPipelineProvider.lambda$null$5(RatisPipelineProvider.java:231)
	at java.util.stream.ForEachOps$ForEachOp$OfRef.accept(ForEachOps.java:184)
	at java.util.ArrayList$ArrayListSpliterator.forEachRemaining(ArrayList.java:1382)
	at java.util.stream.AbstractPipeline.copyInto(AbstractPipeline.java:482)
	at java.util.stream.ForEachOps$ForEachTask.compute(ForEachOps.java:291)
	at java.util.concurrent.CountedCompleter.exec(CountedCompleter.java:731)
	at java.util.concurrent.ForkJoinTask.doExec(ForkJoinTask.java:289)
	at java.util.concurrent.ForkJoinTask.doInvoke(ForkJoinTask.java:401)
	at java.util.concurrent.ForkJoinTask.invoke(ForkJoinTask.java:734)
	at java.util.stream.ForEachOps$ForEachOp.evaluateParallel(ForEachOps.java:160)
	at java.util.stream.ForEachOps$ForEachOp$OfRef.evaluateParallel(ForEachOps.java:174)
	at java.util.stream.AbstractPipeline.evaluate(AbstractPipeline.java:233)
	at java.util.stream.ReferencePipeline.forEach(ReferencePipeline.java:418)
	at java.util.stream.ReferencePipeline$Head.forEach(ReferencePipeline.java:583)
	at org.apache.hadoop.hdds.scm.pipeline.RatisPipelineProvider.lambda$callRatisRpc$6(RatisPipelineProvider.java:225)
	at java.util.concurrent.ForkJoinTask$AdaptedRunnableAction.exec(ForkJoinTask.java:1386)
	at java.util.concurrent.ForkJoinTask.doExec(ForkJoinTask.java:289)
	at java.util.concurrent.ForkJoinPool$WorkQueue.runTask(ForkJoinPool.java:1056)
	at java.util.concurrent.ForkJoinPool.runWorker(ForkJoinPool.java:1692)
	at java.util.concurrent.ForkJoinWorkerThread.run(ForkJoinWorkerThread.java:157)
Caused by: org.apache.ratis.thirdparty.io.grpc.StatusRuntimeException: DEADLINE_EXCEEDED
	at org.apache.ratis.thirdparty.io.grpc.stub.ClientCalls.toStatusRuntimeException(ClientCalls.java:233)
	at org.apache.ratis.thirdparty.io.grpc.stub.ClientCalls.getUnchecked(ClientCalls.java:214)
	at org.apache.ratis.thirdparty.io.grpc.stub.ClientCalls.blockingUnaryCall(ClientCalls.java:139)
	at org.apache.ratis.proto.grpc.AdminProtocolServiceGrpc$AdminProtocolServiceBlockingStub.groupManagement(AdminProtocolServiceGrpc.java:274)
	at org.apache.ratis.grpc.client.GrpcClientProtocolClient.lambda$groupAdd$3(GrpcClientProtocolClient.java:149)
	at org.apache.ratis.grpc.client.GrpcClientProtocolClient.blockingCall(GrpcClientProtocolClient.java:176)
	... 25 more
2019-09-24 19:08:27,503 [grpc-default-executor-19] INFO  impl.RaftServerProxy (RaftServerProxy.java:addNew(89)) - 2301f1b0-893f-4443-acec-e918286f3c24: addNew group-24C9ADE1A15D:[2301f1b0-893f-4443-acec-e918286f3c24:192.168.5.148:45459, 2e29e414-edf9-4b10-a5cb-2050908d7d76:192.168.5.148:45815, 0c8dc4a6-8d6b-4759-9996-474f61414cd5:192.168.5.148:45865] returns group-24C9ADE1A15D:java.util.concurrent.CompletableFuture@40c866d[Not completed]
2019-09-24 19:08:27,503 [grpc-default-executor-20] INFO  impl.RaftServerProxy (RaftServerProxy.java:addNew(89)) - 2e29e414-edf9-4b10-a5cb-2050908d7d76: addNew group-24C9ADE1A15D:[2301f1b0-893f-4443-acec-e918286f3c24:192.168.5.148:45459, 2e29e414-edf9-4b10-a5cb-2050908d7d76:192.168.5.148:45815, 0c8dc4a6-8d6b-4759-9996-474f61414cd5:192.168.5.148:45865] returns group-24C9ADE1A15D:java.util.concurrent.CompletableFuture@3a9fe17e[Not completed]
2019-09-24 19:08:27,504 [grpc-default-executor-18] INFO  impl.RaftServerProxy (RaftServerProxy.java:addNew(89)) - 0c8dc4a6-8d6b-4759-9996-474f61414cd5: addNew group-24C9ADE1A15D:[2301f1b0-893f-4443-acec-e918286f3c24:192.168.5.148:45459, 2e29e414-edf9-4b10-a5cb-2050908d7d76:192.168.5.148:45815, 0c8dc4a6-8d6b-4759-9996-474f61414cd5:192.168.5.148:45865] returns group-24C9ADE1A15D:java.util.concurrent.CompletableFuture@4e47c883[Not completed]
2019-09-24 19:08:27,505 [pool-506-thread-1] INFO  impl.RaftServerImpl (RaftServerImpl.java:<init>(95)) - 2301f1b0-893f-4443-acec-e918286f3c24: new RaftServerImpl for group-24C9ADE1A15D:[2301f1b0-893f-4443-acec-e918286f3c24:192.168.5.148:45459, 2e29e414-edf9-4b10-a5cb-2050908d7d76:192.168.5.148:45815, 0c8dc4a6-8d6b-4759-9996-474f61414cd5:192.168.5.148:45865] with ContainerStateMachine:uninitialized
2019-09-24 19:08:27,505 [pool-506-thread-1] INFO  server.RaftServerConfigKeys (ConfUtils.java:logGet(43)) - raft.server.rpc.timeout.min = 1s (custom)
2019-09-24 19:08:27,506 [pool-506-thread-1] INFO  server.RaftServerConfigKeys (ConfUtils.java:logGet(43)) - raft.server.rpc.timeout.max = 1200ms (custom)
2019-09-24 19:08:27,506 [pool-576-thread-1] INFO  impl.RaftServerImpl (RaftServerImpl.java:<init>(95)) - 0c8dc4a6-8d6b-4759-9996-474f61414cd5: new RaftServerImpl for group-24C9ADE1A15D:[2301f1b0-893f-4443-acec-e918286f3c24:192.168.5.148:45459, 2e29e414-edf9-4b10-a5cb-2050908d7d76:192.168.5.148:45815, 0c8dc4a6-8d6b-4759-9996-474f61414cd5:192.168.5.148:45865] with ContainerStateMachine:uninitialized
2019-09-24 19:08:27,506 [pool-506-thread-1] INFO  server.RaftServerConfigKeys (ConfUtils.java:logGet(43)) - raft.server.rpcslowness.timeout = 120s (custom)
2019-09-24 19:08:27,506 [pool-576-thread-1] INFO  server.RaftServerConfigKeys (ConfUtils.java:logGet(43)) - raft.server.rpc.timeout.min = 1s (custom)
2019-09-24 19:08:27,506 [pool-506-thread-1] INFO  server.RaftServerConfigKeys (ConfUtils.java:logGet(43)) - raft.server.sleep.deviation.threshold = 300 (default)
2019-09-24 19:08:27,506 [pool-576-thread-1] INFO  server.RaftServerConfigKeys (ConfUtils.java:logGet(43)) - raft.server.rpc.timeout.max = 1200ms (custom)
2019-09-24 19:08:27,506 [pool-546-thread-1] INFO  impl.RaftServerImpl (RaftServerImpl.java:<init>(95)) - 2e29e414-edf9-4b10-a5cb-2050908d7d76: new RaftServerImpl for group-24C9ADE1A15D:[2301f1b0-893f-4443-acec-e918286f3c24:192.168.5.148:45459, 2e29e414-edf9-4b10-a5cb-2050908d7d76:192.168.5.148:45815, 0c8dc4a6-8d6b-4759-9996-474f61414cd5:192.168.5.148:45865] with ContainerStateMachine:uninitialized
2019-09-24 19:08:27,507 [pool-576-thread-1] INFO  server.RaftServerConfigKeys (ConfUtils.java:logGet(43)) - raft.server.rpcslowness.timeout = 120s (custom)
2019-09-24 19:08:27,507 [pool-506-thread-1] INFO  server.RaftServerConfigKeys (ConfUtils.java:logGet(43)) - raft.server.log.appender.install.snapshot.enabled = false (custom)
2019-09-24 19:08:27,507 [pool-576-thread-1] INFO  server.RaftServerConfigKeys (ConfUtils.java:logGet(43)) - raft.server.sleep.deviation.threshold = 300 (default)
2019-09-24 19:08:27,507 [pool-506-thread-1] INFO  impl.RaftServerImpl (ServerState.java:<init>(103)) - 2301f1b0-893f-4443-acec-e918286f3c24@group-24C9ADE1A15D: ConfigurationManager, init=-1: [2301f1b0-893f-4443-acec-e918286f3c24:192.168.5.148:45459, 2e29e414-edf9-4b10-a5cb-2050908d7d76:192.168.5.148:45815, 0c8dc4a6-8d6b-4759-9996-474f61414cd5:192.168.5.148:45865], old=null, confs=<EMPTY_MAP>
2019-09-24 19:08:27,507 [pool-546-thread-1] INFO  server.RaftServerConfigKeys (ConfUtils.java:logGet(43)) - raft.server.rpc.timeout.min = 1s (custom)
2019-09-24 19:08:27,508 [pool-506-thread-1] INFO  server.RaftServerConfigKeys (ConfUtils.java:logGet(43)) - raft.server.storage.dir = [/workdir/hadoop-ozone/integration-test/target/test-dir/MiniOzoneClusterImpl-6223b62d-fae7-42c6-9f07-44d8c3bb99d0/datanode-0/data/ratis] (custom)
2019-09-24 19:08:27,507 [pool-576-thread-1] INFO  server.RaftServerConfigKeys (ConfUtils.java:logGet(43)) - raft.server.log.appender.install.snapshot.enabled = false (custom)
2019-09-24 19:08:27,508 [pool-546-thread-1] INFO  server.RaftServerConfigKeys (ConfUtils.java:logGet(43)) - raft.server.rpc.timeout.max = 1200ms (custom)
2019-09-24 19:08:27,508 [pool-576-thread-1] INFO  impl.RaftServerImpl (ServerState.java:<init>(103)) - 0c8dc4a6-8d6b-4759-9996-474f61414cd5@group-24C9ADE1A15D: ConfigurationManager, init=-1: [2301f1b0-893f-4443-acec-e918286f3c24:192.168.5.148:45459, 2e29e414-edf9-4b10-a5cb-2050908d7d76:192.168.5.148:45815, 0c8dc4a6-8d6b-4759-9996-474f61414cd5:192.168.5.148:45865], old=null, confs=<EMPTY_MAP>
2019-09-24 19:08:27,508 [pool-506-thread-1] INFO  storage.RaftStorageDirectory (RaftStorageDirectory.java:analyzeStorage(246)) - The storage directory /workdir/hadoop-ozone/integration-test/target/test-dir/MiniOzoneClusterImpl-6223b62d-fae7-42c6-9f07-44d8c3bb99d0/datanode-0/data/ratis/c4ad65b6-9e0f-4254-90de-24c9ade1a15d does not exist. Creating ...
2019-09-24 19:08:27,508 [pool-546-thread-1] INFO  server.RaftServerConfigKeys (ConfUtils.java:logGet(43)) - raft.server.rpcslowness.timeout = 120s (custom)
2019-09-24 19:08:27,508 [pool-576-thread-1] INFO  server.RaftServerConfigKeys (ConfUtils.java:logGet(43)) - raft.server.storage.dir = [/workdir/hadoop-ozone/integration-test/target/test-dir/MiniOzoneClusterImpl-6223b62d-fae7-42c6-9f07-44d8c3bb99d0/datanode-7/data/ratis] (custom)
2019-09-24 19:08:27,509 [pool-546-thread-1] INFO  server.RaftServerConfigKeys (ConfUtils.java:logGet(43)) - raft.server.sleep.deviation.threshold = 300 (default)
2019-09-24 19:08:27,509 [pool-546-thread-1] INFO  server.RaftServerConfigKeys (ConfUtils.java:logGet(43)) - raft.server.log.appender.install.snapshot.enabled = false (custom)
2019-09-24 19:08:27,509 [pool-576-thread-1] INFO  storage.RaftStorageDirectory (RaftStorageDirectory.java:analyzeStorage(246)) - The storage directory /workdir/hadoop-ozone/integration-test/target/test-dir/MiniOzoneClusterImpl-6223b62d-fae7-42c6-9f07-44d8c3bb99d0/datanode-7/data/ratis/c4ad65b6-9e0f-4254-90de-24c9ade1a15d does not exist. Creating ...
2019-09-24 19:08:27,509 [pool-546-thread-1] INFO  impl.RaftServerImpl (ServerState.java:<init>(103)) - 2e29e414-edf9-4b10-a5cb-2050908d7d76@group-24C9ADE1A15D: ConfigurationManager, init=-1: [2301f1b0-893f-4443-acec-e918286f3c24:192.168.5.148:45459, 2e29e414-edf9-4b10-a5cb-2050908d7d76:192.168.5.148:45815, 0c8dc4a6-8d6b-4759-9996-474f61414cd5:192.168.5.148:45865], old=null, confs=<EMPTY_MAP>
2019-09-24 19:08:27,510 [pool-546-thread-1] INFO  server.RaftServerConfigKeys (ConfUtils.java:logGet(43)) - raft.server.storage.dir = [/workdir/hadoop-ozone/integration-test/target/test-dir/MiniOzoneClusterImpl-6223b62d-fae7-42c6-9f07-44d8c3bb99d0/datanode-4/data/ratis] (custom)
2019-09-24 19:08:27,510 [pool-546-thread-1] INFO  storage.RaftStorageDirectory (RaftStorageDirectory.java:analyzeStorage(246)) - The storage directory /workdir/hadoop-ozone/integration-test/target/test-dir/MiniOzoneClusterImpl-6223b62d-fae7-42c6-9f07-44d8c3bb99d0/datanode-4/data/ratis/c4ad65b6-9e0f-4254-90de-24c9ade1a15d does not exist. Creating ...
2019-09-24 19:08:28,658 [pool-576-thread-1] INFO  storage.RaftStorageDirectory (RaftStorageDirectory.java:tryLock(328)) - Lock on /workdir/hadoop-ozone/integration-test/target/test-dir/MiniOzoneClusterImpl-6223b62d-fae7-42c6-9f07-44d8c3bb99d0/datanode-7/data/ratis/c4ad65b6-9e0f-4254-90de-24c9ade1a15d/in_use.lock acquired by nodename 10455@pr-hdds-2149-fgl4f-1742389470
2019-09-24 19:08:28,658 [2301f1b0-893f-4443-acec-e918286f3c24@group-BED85A168E3C:LeaderElection220] INFO  impl.LeaderElection (LeaderElection.java:askForVotes(182)) - 2301f1b0-893f-4443-acec-e918286f3c24@group-BED85A168E3C:LeaderElection220: begin an election at term 1 for -1: [2301f1b0-893f-4443-acec-e918286f3c24:192.168.5.148:45459], old=null
2019-09-24 19:08:28,658 [pool-516-thread-1] INFO  storage.RaftStorageDirectory (RaftStorageDirectory.java:tryLock(328)) - Lock on /workdir/hadoop-ozone/integration-test/target/test-dir/MiniOzoneClusterImpl-6223b62d-fae7-42c6-9f07-44d8c3bb99d0/datanode-1/data/ratis/dd8b83b3-cd71-4156-a6b2-bf00df91dd87/in_use.lock acquired by nodename 10455@pr-hdds-2149-fgl4f-1742389470
2019-09-24 19:08:28,658 [pool-546-thread-1] INFO  storage.RaftStorageDirectory (RaftStorageDirectory.java:tryLock(328)) - Lock on /workdir/hadoop-ozone/integration-test/target/test-dir/MiniOzoneClusterImpl-6223b62d-fae7-42c6-9f07-44d8c3bb99d0/datanode-4/data/ratis/c4ad65b6-9e0f-4254-90de-24c9ade1a15d/in_use.lock acquired by nodename 10455@pr-hdds-2149-fgl4f-1742389470
2019-09-24 19:08:28,658 [pool-506-thread-1] INFO  storage.RaftStorageDirectory (RaftStorageDirectory.java:tryLock(328)) - Lock on /workdir/hadoop-ozone/integration-test/target/test-dir/MiniOzoneClusterImpl-6223b62d-fae7-42c6-9f07-44d8c3bb99d0/datanode-0/data/ratis/c4ad65b6-9e0f-4254-90de-24c9ade1a15d/in_use.lock acquired by nodename 10455@pr-hdds-2149-fgl4f-1742389470
2019-09-24 19:08:28,658 [2301f1b0-893f-4443-acec-e918286f3c24@group-BED85A168E3C:LeaderElection220] INFO  impl.RoleInfo (RoleInfo.java:shutdownLeaderElection(134)) - 2301f1b0-893f-4443-acec-e918286f3c24: shutdown LeaderElection
2019-09-24 19:08:28,659 [2301f1b0-893f-4443-acec-e918286f3c24@group-BED85A168E3C:LeaderElection220] INFO  impl.RaftServerImpl (RaftServerImpl.java:setRole(174)) - 2301f1b0-893f-4443-acec-e918286f3c24@group-BED85A168E3C: changes role from CANDIDATE to LEADER at term 1 for changeToLeader
2019-09-24 19:08:28,659 [2301f1b0-893f-4443-acec-e918286f3c24@group-BED85A168E3C:LeaderElection220] INFO  impl.RaftServerImpl (ServerState.java:setLeader(253)) - 2301f1b0-893f-4443-acec-e918286f3c24@group-BED85A168E3C: change Leader from null to 2301f1b0-893f-4443-acec-e918286f3c24 at term 1 for becomeLeader, leader elected after 4207ms
2019-09-24 19:08:28,659 [2301f1b0-893f-4443-acec-e918286f3c24@group-BED85A168E3C:LeaderElection220] INFO  server.RaftServerConfigKeys (ConfUtils.java:logGet(43)) - raft.server.staging.catchup.gap = 1000 (default)
2019-09-24 19:08:28,659 [2301f1b0-893f-4443-acec-e918286f3c24@group-BED85A168E3C:LeaderElection220] INFO  server.RaftServerConfigKeys (ConfUtils.java:logGet(43)) - raft.server.rpc.sleep.time = 25ms (default)
2019-09-24 19:08:28,660 [2301f1b0-893f-4443-acec-e918286f3c24@group-BED85A168E3C:LeaderElection220] INFO  server.RaftServerConfigKeys (ConfUtils.java:logGet(43)) - raft.server.write.element-limit = 4096 (default)
2019-09-24 19:08:28,660 [2301f1b0-893f-4443-acec-e918286f3c24@group-BED85A168E3C:LeaderElection220] INFO  server.RaftServerConfigKeys (ConfUtils.java:logGet(43)) - raft.server.watch.timeout = 10s (default)
2019-09-24 19:08:28,660 [2301f1b0-893f-4443-acec-e918286f3c24@group-BED85A168E3C:LeaderElection220] INFO  server.RaftServerConfigKeys (ConfUtils.java:logGet(43)) - raft.server.watch.timeout.denomination = 1s (default)
2019-09-24 19:08:28,660 [2301f1b0-893f-4443-acec-e918286f3c24@group-BED85A168E3C:LeaderElection220] INFO  server.RaftServerConfigKeys (ConfUtils.java:logGet(43)) - raft.server.watch.element-limit = 65536 (default)
2019-09-24 19:08:28,663 [2301f1b0-893f-4443-acec-e918286f3c24@group-BED85A168E3C:LeaderElection220] INFO  impl.RoleInfo (RoleInfo.java:updateAndGet(143)) - 2301f1b0-893f-4443-acec-e918286f3c24: start LeaderState
2019-09-24 19:08:28,663 [2301f1b0-893f-4443-acec-e918286f3c24@group-BED85A168E3C:LeaderElection220] INFO  segmented.SegmentedRaftLogWorker (SegmentedRaftLogWorker.java:startLogSegment(380)) - 2301f1b0-893f-4443-acec-e918286f3c24@group-BED85A168E3C-SegmentedRaftLogWorker: Starting segment from index:0
2019-09-24 19:08:28,664 [2301f1b0-893f-4443-acec-e918286f3c24@group-BED85A168E3C:LeaderElection220] INFO  impl.RaftServerImpl (ServerState.java:setRaftConf(354)) - 2301f1b0-893f-4443-acec-e918286f3c24@group-BED85A168E3C: set configuration 0: [2301f1b0-893f-4443-acec-e918286f3c24:192.168.5.148:45459], old=null at 0
2019-09-24 19:08:30,499 [RATISCREATEPIPELINE1] ERROR pipeline.RatisPipelineProvider (RatisPipelineProvider.java:lambda$null$5(235)) - Failed invoke Ratis rpc org.apache.hadoop.hdds.scm.pipeline.RatisPipelineProvider$$Lambda$180/1007996814@460e9f95 for 2e29e414-edf9-4b10-a5cb-2050908d7d76
org.apache.ratis.protocol.TimeoutIOException: deadline exceeded after 2999833962ns
	at org.apache.ratis.grpc.GrpcUtil.tryUnwrapException(GrpcUtil.java:82)
	at org.apache.ratis.grpc.GrpcUtil.unwrapException(GrpcUtil.java:75)
	at org.apache.ratis.grpc.client.GrpcClientProtocolClient.blockingCall(GrpcClientProtocolClient.java:178)
	at org.apache.ratis.grpc.client.GrpcClientProtocolClient.groupAdd(GrpcClientProtocolClient.java:147)
	at org.apache.ratis.grpc.client.GrpcClientRpc.sendRequest(GrpcClientRpc.java:94)
	at org.apache.ratis.client.impl.RaftClientImpl.sendRequest(RaftClientImpl.java:278)
	at org.apache.ratis.client.impl.RaftClientImpl.groupAdd(RaftClientImpl.java:205)
	at org.apache.hadoop.hdds.scm.pipeline.RatisPipelineProvider.lambda$initializePipeline$4(RatisPipelineProvider.java:196)
	at org.apache.hadoop.hdds.scm.pipeline.RatisPipelineProvider.lambda$null$5(RatisPipelineProvider.java:231)
	at java.util.stream.ForEachOps$ForEachOp$OfRef.accept(ForEachOps.java:184)
	at java.util.ArrayList$ArrayListSpliterator.forEachRemaining(ArrayList.java:1382)
	at java.util.stream.AbstractPipeline.copyInto(AbstractPipeline.java:482)
	at java.util.stream.ForEachOps$ForEachTask.compute(ForEachOps.java:291)
	at java.util.concurrent.CountedCompleter.exec(CountedCompleter.java:731)
	at java.util.concurrent.ForkJoinTask.doExec(ForkJoinTask.java:289)
	at java.util.concurrent.ForkJoinTask.doInvoke(ForkJoinTask.java:401)
	at java.util.concurrent.ForkJoinTask.invoke(ForkJoinTask.java:734)
	at java.util.stream.ForEachOps$ForEachOp.evaluateParallel(ForEachOps.java:160)
	at java.util.stream.ForEachOps$ForEachOp$OfRef.evaluateParallel(ForEachOps.java:174)
	at java.util.stream.AbstractPipeline.evaluate(AbstractPipeline.java:233)
	at java.util.stream.ReferencePipeline.forEach(ReferencePipeline.java:418)
	at java.util.stream.ReferencePipeline$Head.forEach(ReferencePipeline.java:583)
	at org.apache.hadoop.hdds.scm.pipeline.RatisPipelineProvider.lambda$callRatisRpc$6(RatisPipelineProvider.java:225)
	at java.util.concurrent.ForkJoinTask$AdaptedRunnableAction.exec(ForkJoinTask.java:1386)
	at java.util.concurrent.ForkJoinTask.doExec(ForkJoinTask.java:289)
	at java.util.concurrent.ForkJoinPool$WorkQueue.runTask(ForkJoinPool.java:1056)
	at java.util.concurrent.ForkJoinPool.runWorker(ForkJoinPool.java:1692)
	at java.util.concurrent.ForkJoinWorkerThread.run(ForkJoinWorkerThread.java:157)
Caused by: org.apache.ratis.thirdparty.io.grpc.StatusRuntimeException: DEADLINE_EXCEEDED: deadline exceeded after 2999833962ns
	at org.apache.ratis.thirdparty.io.grpc.stub.ClientCalls.toStatusRuntimeException(ClientCalls.java:233)
	at org.apache.ratis.thirdparty.io.grpc.stub.ClientCalls.getUnchecked(ClientCalls.java:214)
	at org.apache.ratis.thirdparty.io.grpc.stub.ClientCalls.blockingUnaryCall(ClientCalls.java:139)
	at org.apache.ratis.proto.grpc.AdminProtocolServiceGrpc$AdminProtocolServiceBlockingStub.groupManagement(AdminProtocolServiceGrpc.java:274)
	at org.apache.ratis.grpc.client.GrpcClientProtocolClient.lambda$groupAdd$3(GrpcClientProtocolClient.java:149)
	at org.apache.ratis.grpc.client.GrpcClientProtocolClient.blockingCall(GrpcClientProtocolClient.java:176)
	... 25 more
2019-09-24 19:08:30,501 [RATISCREATEPIPELINE3] ERROR pipeline.RatisPipelineProvider (RatisPipelineProvider.java:lambda$null$5(235)) - Failed invoke Ratis rpc org.apache.hadoop.hdds.scm.pipeline.RatisPipelineProvider$$Lambda$180/1007996814@460e9f95 for 0c8dc4a6-8d6b-4759-9996-474f61414cd5
org.apache.ratis.protocol.TimeoutIOException
	at org.apache.ratis.grpc.GrpcUtil.tryUnwrapException(GrpcUtil.java:82)
	at org.apache.ratis.grpc.GrpcUtil.unwrapException(GrpcUtil.java:75)
	at org.apache.ratis.grpc.client.GrpcClientProtocolClient.blockingCall(GrpcClientProtocolClient.java:178)
	at org.apache.ratis.grpc.client.GrpcClientProtocolClient.groupAdd(GrpcClientProtocolClient.java:147)
	at org.apache.ratis.grpc.client.GrpcClientRpc.sendRequest(GrpcClientRpc.java:94)
	at org.apache.ratis.client.impl.RaftClientImpl.sendRequest(RaftClientImpl.java:278)
	at org.apache.ratis.client.impl.RaftClientImpl.groupAdd(RaftClientImpl.java:205)
	at org.apache.hadoop.hdds.scm.pipeline.RatisPipelineProvider.lambda$initializePipeline$4(RatisPipelineProvider.java:196)
	at org.apache.hadoop.hdds.scm.pipeline.RatisPipelineProvider.lambda$null$5(RatisPipelineProvider.java:231)
	at java.util.stream.ForEachOps$ForEachOp$OfRef.accept(ForEachOps.java:184)
	at java.util.ArrayList$ArrayListSpliterator.forEachRemaining(ArrayList.java:1382)
	at java.util.stream.AbstractPipeline.copyInto(AbstractPipeline.java:482)
	at java.util.stream.ForEachOps$ForEachTask.compute(ForEachOps.java:291)
	at java.util.concurrent.CountedCompleter.exec(CountedCompleter.java:731)
	at java.util.concurrent.ForkJoinTask.doExec(ForkJoinTask.java:289)
	at java.util.concurrent.ForkJoinPool$WorkQueue.runTask(ForkJoinPool.java:1056)
	at java.util.concurrent.ForkJoinPool.runWorker(ForkJoinPool.java:1692)
	at java.util.concurrent.ForkJoinWorkerThread.run(ForkJoinWorkerThread.java:157)
Caused by: org.apache.ratis.thirdparty.io.grpc.StatusRuntimeException: DEADLINE_EXCEEDED
	at org.apache.ratis.thirdparty.io.grpc.stub.ClientCalls.toStatusRuntimeException(ClientCalls.java:233)
	at org.apache.ratis.thirdparty.io.grpc.stub.ClientCalls.getUnchecked(ClientCalls.java:214)
	at org.apache.ratis.thirdparty.io.grpc.stub.ClientCalls.blockingUnaryCall(ClientCalls.java:139)
	at org.apache.ratis.proto.grpc.AdminProtocolServiceGrpc$AdminProtocolServiceBlockingStub.groupManagement(AdminProtocolServiceGrpc.java:274)
	at org.apache.ratis.grpc.client.GrpcClientProtocolClient.lambda$groupAdd$3(GrpcClientProtocolClient.java:149)
	at org.apache.ratis.grpc.client.GrpcClientProtocolClient.blockingCall(GrpcClientProtocolClient.java:176)
	... 15 more
2019-09-24 19:08:30,501 [RATISCREATEPIPELINE2] ERROR pipeline.RatisPipelineProvider (RatisPipelineProvider.java:lambda$null$5(235)) - Failed invoke Ratis rpc org.apache.hadoop.hdds.scm.pipeline.RatisPipelineProvider$$Lambda$180/1007996814@460e9f95 for 2301f1b0-893f-4443-acec-e918286f3c24
org.apache.ratis.protocol.TimeoutIOException: deadline exceeded after 2999579661ns
	at org.apache.ratis.grpc.GrpcUtil.tryUnwrapException(GrpcUtil.java:82)
	at org.apache.ratis.grpc.GrpcUtil.unwrapException(GrpcUtil.java:75)
	at org.apache.ratis.grpc.client.GrpcClientProtocolClient.blockingCall(GrpcClientProtocolClient.java:178)
	at org.apache.ratis.grpc.client.GrpcClientProtocolClient.groupAdd(GrpcClientProtocolClient.java:147)
	at org.apache.ratis.grpc.client.GrpcClientRpc.sendRequest(GrpcClientRpc.java:94)
	at org.apache.ratis.client.impl.RaftClientImpl.sendRequest(RaftClientImpl.java:278)
	at org.apache.ratis.client.impl.RaftClientImpl.groupAdd(RaftClientImpl.java:205)
	at org.apache.hadoop.hdds.scm.pipeline.RatisPipelineProvider.lambda$initializePipeline$4(RatisPipelineProvider.java:196)
	at org.apache.hadoop.hdds.scm.pipeline.RatisPipelineProvider.lambda$null$5(RatisPipelineProvider.java:231)
	at java.util.stream.ForEachOps$ForEachOp$OfRef.accept(ForEachOps.java:184)
	at java.util.ArrayList$ArrayListSpliterator.forEachRemaining(ArrayList.java:1382)
	at java.util.stream.AbstractPipeline.copyInto(AbstractPipeline.java:482)
	at java.util.stream.ForEachOps$ForEachTask.compute(ForEachOps.java:291)
	at java.util.concurrent.CountedCompleter.exec(CountedCompleter.java:731)
	at java.util.concurrent.ForkJoinTask.doExec(ForkJoinTask.java:289)
	at java.util.concurrent.ForkJoinPool$WorkQueue.runTask(ForkJoinPool.java:1056)
	at java.util.concurrent.ForkJoinPool.runWorker(ForkJoinPool.java:1692)
	at java.util.concurrent.ForkJoinWorkerThread.run(ForkJoinWorkerThread.java:157)
Caused by: org.apache.ratis.thirdparty.io.grpc.StatusRuntimeException: DEADLINE_EXCEEDED: deadline exceeded after 2999579661ns
	at org.apache.ratis.thirdparty.io.grpc.stub.ClientCalls.toStatusRuntimeException(ClientCalls.java:233)
	at org.apache.ratis.thirdparty.io.grpc.stub.ClientCalls.getUnchecked(ClientCalls.java:214)
	at org.apache.ratis.thirdparty.io.grpc.stub.ClientCalls.blockingUnaryCall(ClientCalls.java:139)
	at org.apache.ratis.proto.grpc.AdminProtocolServiceGrpc$AdminProtocolServiceBlockingStub.groupManagement(AdminProtocolServiceGrpc.java:274)
	at org.apache.ratis.grpc.client.GrpcClientProtocolClient.lambda$groupAdd$3(GrpcClientProtocolClient.java:149)
	at org.apache.ratis.grpc.client.GrpcClientProtocolClient.blockingCall(GrpcClientProtocolClient.java:176)
	... 15 more
2019-09-24 19:08:30,527 [grpc-default-executor-20] INFO  impl.RaftServerProxy (RaftServerProxy.java:addNew(89)) - 2e29e414-edf9-4b10-a5cb-2050908d7d76: addNew group-DD0F18FA726D:[2301f1b0-893f-4443-acec-e918286f3c24:192.168.5.148:45459, 2e29e414-edf9-4b10-a5cb-2050908d7d76:192.168.5.148:45815, 0c8dc4a6-8d6b-4759-9996-474f61414cd5:192.168.5.148:45865] returns group-DD0F18FA726D:java.util.concurrent.CompletableFuture@73a6aa4e[Not completed]
2019-09-24 19:08:30,527 [grpc-default-executor-18] INFO  impl.RaftServerProxy (RaftServerProxy.java:addNew(89)) - 2301f1b0-893f-4443-acec-e918286f3c24: addNew group-DD0F18FA726D:[2301f1b0-893f-4443-acec-e918286f3c24:192.168.5.148:45459, 2e29e414-edf9-4b10-a5cb-2050908d7d76:192.168.5.148:45815, 0c8dc4a6-8d6b-4759-9996-474f61414cd5:192.168.5.148:45865] returns group-DD0F18FA726D:java.util.concurrent.CompletableFuture@12f67a80[Not completed]
2019-09-24 19:08:30,528 [grpc-default-executor-21] INFO  impl.RaftServerProxy (RaftServerProxy.java:addNew(89)) - 0c8dc4a6-8d6b-4759-9996-474f61414cd5: addNew group-DD0F18FA726D:[2301f1b0-893f-4443-acec-e918286f3c24:192.168.5.148:45459, 2e29e414-edf9-4b10-a5cb-2050908d7d76:192.168.5.148:45815, 0c8dc4a6-8d6b-4759-9996-474f61414cd5:192.168.5.148:45865] returns group-DD0F18FA726D:java.util.concurrent.CompletableFuture@3d60eebb[Not completed]
2019-09-24 19:08:33,521 [RATISCREATEPIPELINE3] ERROR pipeline.RatisPipelineProvider (RatisPipelineProvider.java:lambda$null$5(235)) - Failed invoke Ratis rpc org.apache.hadoop.hdds.scm.pipeline.RatisPipelineProvider$$Lambda$180/1007996814@4a04629c for 0c8dc4a6-8d6b-4759-9996-474f61414cd5
org.apache.ratis.protocol.TimeoutIOException: deadline exceeded after 2999848659ns
	at org.apache.ratis.grpc.GrpcUtil.tryUnwrapException(GrpcUtil.java:82)
	at org.apache.ratis.grpc.GrpcUtil.unwrapException(GrpcUtil.java:75)
	at org.apache.ratis.grpc.client.GrpcClientProtocolClient.blockingCall(GrpcClientProtocolClient.java:178)
	at org.apache.ratis.grpc.client.GrpcClientProtocolClient.groupAdd(GrpcClientProtocolClient.java:147)
	at org.apache.ratis.grpc.client.GrpcClientRpc.sendRequest(GrpcClientRpc.java:94)
	at org.apache.ratis.client.impl.RaftClientImpl.sendRequest(RaftClientImpl.java:278)
	at org.apache.ratis.client.impl.RaftClientImpl.groupAdd(RaftClientImpl.java:205)
	at org.apache.hadoop.hdds.scm.pipeline.RatisPipelineProvider.lambda$initializePipeline$4(RatisPipelineProvider.java:196)
	at org.apache.hadoop.hdds.scm.pipeline.RatisPipelineProvider.lambda$null$5(RatisPipelineProvider.java:231)
	at java.util.stream.ForEachOps$ForEachOp$OfRef.accept(ForEachOps.java:184)
	at java.util.ArrayList$ArrayListSpliterator.forEachRemaining(ArrayList.java:1382)
	at java.util.stream.AbstractPipeline.copyInto(AbstractPipeline.java:482)
	at java.util.stream.ForEachOps$ForEachTask.compute(ForEachOps.java:291)
	at java.util.concurrent.CountedCompleter.exec(CountedCompleter.java:731)
	at java.util.concurrent.ForkJoinTask.doExec(ForkJoinTask.java:289)
	at java.util.concurrent.ForkJoinPool$WorkQueue.runTask(ForkJoinPool.java:1056)
	at java.util.concurrent.ForkJoinPool.runWorker(ForkJoinPool.java:1692)
	at java.util.concurrent.ForkJoinWorkerThread.run(ForkJoinWorkerThread.java:157)
Caused by: org.apache.ratis.thirdparty.io.grpc.StatusRuntimeException: DEADLINE_EXCEEDED: deadline exceeded after 2999848659ns
	at org.apache.ratis.thirdparty.io.grpc.stub.ClientCalls.toStatusRuntimeException(ClientCalls.java:233)
	at org.apache.ratis.thirdparty.io.grpc.stub.ClientCalls.getUnchecked(ClientCalls.java:214)
	at org.apache.ratis.thirdparty.io.grpc.stub.ClientCalls.blockingUnaryCall(ClientCalls.java:139)
	at org.apache.ratis.proto.grpc.AdminProtocolServiceGrpc$AdminProtocolServiceBlockingStub.groupManagement(AdminProtocolServiceGrpc.java:274)
	at org.apache.ratis.grpc.client.GrpcClientProtocolClient.lambda$groupAdd$3(GrpcClientProtocolClient.java:149)
	at org.apache.ratis.grpc.client.GrpcClientProtocolClient.blockingCall(GrpcClientProtocolClient.java:176)
	... 15 more
2019-09-24 19:08:33,521 [RATISCREATEPIPELINE1] ERROR pipeline.RatisPipelineProvider (RatisPipelineProvider.java:lambda$null$5(235)) - Failed invoke Ratis rpc org.apache.hadoop.hdds.scm.pipeline.RatisPipelineProvider$$Lambda$180/1007996814@4a04629c for 2e29e414-edf9-4b10-a5cb-2050908d7d76
org.apache.ratis.protocol.TimeoutIOException: deadline exceeded after 2999911993ns
	at org.apache.ratis.grpc.GrpcUtil.tryUnwrapException(GrpcUtil.java:82)
	at org.apache.ratis.grpc.GrpcUtil.unwrapException(GrpcUtil.java:75)
	at org.apache.ratis.grpc.client.GrpcClientProtocolClient.blockingCall(GrpcClientProtocolClient.java:178)
	at org.apache.ratis.grpc.client.GrpcClientProtocolClient.groupAdd(GrpcClientProtocolClient.java:147)
	at org.apache.ratis.grpc.client.GrpcClientRpc.sendRequest(GrpcClientRpc.java:94)
	at org.apache.ratis.client.impl.RaftClientImpl.sendRequest(RaftClientImpl.java:278)
	at org.apache.ratis.client.impl.RaftClientImpl.groupAdd(RaftClientImpl.java:205)
	at org.apache.hadoop.hdds.scm.pipeline.RatisPipelineProvider.lambda$initializePipeline$4(RatisPipelineProvider.java:196)
	at org.apache.hadoop.hdds.scm.pipeline.RatisPipelineProvider.lambda$null$5(RatisPipelineProvider.java:231)
	at java.util.stream.ForEachOps$ForEachOp$OfRef.accept(ForEachOps.java:184)
	at java.util.ArrayList$ArrayListSpliterator.forEachRemaining(ArrayList.java:1382)
	at java.util.stream.AbstractPipeline.copyInto(AbstractPipeline.java:482)
	at java.util.stream.ForEachOps$ForEachTask.compute(ForEachOps.java:291)
	at java.util.concurrent.CountedCompleter.exec(CountedCompleter.java:731)
	at java.util.concurrent.ForkJoinTask.doExec(ForkJoinTask.java:289)
	at java.util.concurrent.ForkJoinTask.doInvoke(ForkJoinTask.java:401)
	at java.util.concurrent.ForkJoinTask.invoke(ForkJoinTask.java:734)
	at java.util.stream.ForEachOps$ForEachOp.evaluateParallel(ForEachOps.java:160)
	at java.util.stream.ForEachOps$ForEachOp$OfRef.evaluateParallel(ForEachOps.java:174)
	at java.util.stream.AbstractPipeline.evaluate(AbstractPipeline.java:233)
	at java.util.stream.ReferencePipeline.forEach(ReferencePipeline.java:418)
	at java.util.stream.ReferencePipeline$Head.forEach(ReferencePipeline.java:583)
	at org.apache.hadoop.hdds.scm.pipeline.RatisPipelineProvider.lambda$callRatisRpc$6(RatisPipelineProvider.java:225)
	at java.util.concurrent.ForkJoinTask$AdaptedRunnableAction.exec(ForkJoinTask.java:1386)
	at java.util.concurrent.ForkJoinTask.doExec(ForkJoinTask.java:289)
	at java.util.concurrent.ForkJoinPool$WorkQueue.runTask(ForkJoinPool.java:1056)
	at java.util.concurrent.ForkJoinPool.runWorker(ForkJoinPool.java:1692)
	at java.util.concurrent.ForkJoinWorkerThread.run(ForkJoinWorkerThread.java:157)
Caused by: org.apache.ratis.thirdparty.io.grpc.StatusRuntimeException: DEADLINE_EXCEEDED: deadline exceeded after 2999911993ns
	at org.apache.ratis.thirdparty.io.grpc.stub.ClientCalls.toStatusRuntimeException(ClientCalls.java:233)
	at org.apache.ratis.thirdparty.io.grpc.stub.ClientCalls.getUnchecked(ClientCalls.java:214)
	at org.apache.ratis.thirdparty.io.grpc.stub.ClientCalls.blockingUnaryCall(ClientCalls.java:139)
	at org.apache.ratis.proto.grpc.AdminProtocolServiceGrpc$AdminProtocolServiceBlockingStub.groupManagement(AdminProtocolServiceGrpc.java:274)
	at org.apache.ratis.grpc.client.GrpcClientProtocolClient.lambda$groupAdd$3(GrpcClientProtocolClient.java:149)
	at org.apache.ratis.grpc.client.GrpcClientProtocolClient.blockingCall(GrpcClientProtocolClient.java:176)
	... 25 more
2019-09-24 19:08:33,521 [RATISCREATEPIPELINE2] ERROR pipeline.RatisPipelineProvider (RatisPipelineProvider.java:lambda$null$5(235)) - Failed invoke Ratis rpc org.apache.hadoop.hdds.scm.pipeline.RatisPipelineProvider$$Lambda$180/1007996814@4a04629c for 2301f1b0-893f-4443-acec-e918286f3c24
org.apache.ratis.protocol.TimeoutIOException: deadline exceeded after 2999845010ns
	at org.apache.ratis.grpc.GrpcUtil.tryUnwrapException(GrpcUtil.java:82)
	at org.apache.ratis.grpc.GrpcUtil.unwrapException(GrpcUtil.java:75)
	at org.apache.ratis.grpc.client.GrpcClientProtocolClient.blockingCall(GrpcClientProtocolClient.java:178)
	at org.apache.ratis.grpc.client.GrpcClientProtocolClient.groupAdd(GrpcClientProtocolClient.java:147)
	at org.apache.ratis.grpc.client.GrpcClientRpc.sendRequest(GrpcClientRpc.java:94)
	at org.apache.ratis.client.impl.RaftClientImpl.sendRequest(RaftClientImpl.java:278)
	at org.apache.ratis.client.impl.RaftClientImpl.groupAdd(RaftClientImpl.java:205)
	at org.apache.hadoop.hdds.scm.pipeline.RatisPipelineProvider.lambda$initializePipeline$4(RatisPipelineProvider.java:196)
	at org.apache.hadoop.hdds.scm.pipeline.RatisPipelineProvider.lambda$null$5(RatisPipelineProvider.java:231)
	at java.util.stream.ForEachOps$ForEachOp$OfRef.accept(ForEachOps.java:184)
	at java.util.ArrayList$ArrayListSpliterator.forEachRemaining(ArrayList.java:1382)
	at java.util.stream.AbstractPipeline.copyInto(AbstractPipeline.java:482)
	at java.util.stream.ForEachOps$ForEachTask.compute(ForEachOps.java:291)
	at java.util.concurrent.CountedCompleter.exec(CountedCompleter.java:731)
	at java.util.concurrent.ForkJoinTask.doExec(ForkJoinTask.java:289)
	at java.util.concurrent.ForkJoinPool$WorkQueue.runTask(ForkJoinPool.java:1056)
	at java.util.concurrent.ForkJoinPool.runWorker(ForkJoinPool.java:1692)
	at java.util.concurrent.ForkJoinWorkerThread.run(ForkJoinWorkerThread.java:157)
Caused by: org.apache.ratis.thirdparty.io.grpc.StatusRuntimeException: DEADLINE_EXCEEDED: deadline exceeded after 2999845010ns
	at org.apache.ratis.thirdparty.io.grpc.stub.ClientCalls.toStatusRuntimeException(ClientCalls.java:233)
	at org.apache.ratis.thirdparty.io.grpc.stub.ClientCalls.getUnchecked(ClientCalls.java:214)
	at org.apache.ratis.thirdparty.io.grpc.stub.ClientCalls.blockingUnaryCall(ClientCalls.java:139)
	at org.apache.ratis.proto.grpc.AdminProtocolServiceGrpc$AdminProtocolServiceBlockingStub.groupManagement(AdminProtocolServiceGrpc.java:274)
	at org.apache.ratis.grpc.client.GrpcClientProtocolClient.lambda$groupAdd$3(GrpcClientProtocolClient.java:149)
	at org.apache.ratis.grpc.client.GrpcClientProtocolClient.blockingCall(GrpcClientProtocolClient.java:176)
	... 15 more
2019-09-24 19:08:33,528 [IPC Server handler 1 on 39500] WARN  block.BlockManagerImpl (BlockManagerImpl.java:allocateBlock(192)) - Pipeline creation failed for type:RATIS factor:THREE. Retrying get pipelines call once.
org.apache.hadoop.io.MultipleIOException: 3 exceptions [java.io.IOException: Failed invoke Ratis rpc org.apache.hadoop.hdds.scm.pipeline.RatisPipelineProvider$$Lambda$180/1007996814@4a04629c for 0c8dc4a6-8d6b-4759-9996-474f61414cd5, java.io.IOException: Failed invoke Ratis rpc org.apache.hadoop.hdds.scm.pipeline.RatisPipelineProvider$$Lambda$180/1007996814@4a04629c for 2e29e414-edf9-4b10-a5cb-2050908d7d76, java.io.IOException: Failed invoke Ratis rpc org.apache.hadoop.hdds.scm.pipeline.RatisPipelineProvider$$Lambda$180/1007996814@4a04629c for 2301f1b0-893f-4443-acec-e918286f3c24]
	at org.apache.hadoop.io.MultipleIOException.createIOException(MultipleIOException.java:53)
	at org.apache.hadoop.hdds.scm.pipeline.RatisPipelineProvider.callRatisRpc(RatisPipelineProvider.java:251)
	at org.apache.hadoop.hdds.scm.pipeline.RatisPipelineProvider.initializePipeline(RatisPipelineProvider.java:194)
	at org.apache.hadoop.hdds.scm.pipeline.RatisPipelineProvider.create(RatisPipelineProvider.java:163)
	at org.apache.hadoop.hdds.scm.pipeline.PipelineFactory.create(PipelineFactory.java:58)
	at org.apache.hadoop.hdds.scm.pipeline.SCMPipelineManager.createPipeline(SCMPipelineManager.java:155)
	at org.apache.hadoop.hdds.scm.block.BlockManagerImpl.allocateBlock(BlockManagerImpl.java:190)
	at org.apache.hadoop.hdds.scm.server.SCMBlockProtocolServer.allocateBlock(SCMBlockProtocolServer.java:182)
	at org.apache.hadoop.ozone.protocolPB.ScmBlockLocationProtocolServerSideTranslatorPB.allocateScmBlock(ScmBlockLocationProtocolServerSideTranslatorPB.java:183)
	at org.apache.hadoop.ozone.protocolPB.ScmBlockLocationProtocolServerSideTranslatorPB.processMessage(ScmBlockLocationProtocolServerSideTranslatorPB.java:141)
	at org.apache.hadoop.ozone.protocolPB.ScmBlockLocationProtocolServerSideTranslatorPB.send(ScmBlockLocationProtocolServerSideTranslatorPB.java:116)
	at org.apache.hadoop.hdds.protocol.proto.ScmBlockLocationProtocolProtos$ScmBlockLocationProtocolService$2.callBlockingMethod(ScmBlockLocationProtocolProtos.java:13157)
	at org.apache.hadoop.ipc.ProtobufRpcEngine$Server$ProtoBufRpcInvoker.call(ProtobufRpcEngine.java:524)
	at org.apache.hadoop.ipc.RPC$Server.call(RPC.java:1025)
	at org.apache.hadoop.ipc.Server$RpcCall.run(Server.java:876)
	at org.apache.hadoop.ipc.Server$RpcCall.run(Server.java:822)
	at java.security.AccessController.doPrivileged(Native Method)
	at javax.security.auth.Subject.doAs(Subject.java:422)
	at org.apache.hadoop.security.UserGroupInformation.doAs(UserGroupInformation.java:1730)
	at org.apache.hadoop.ipc.Server$Handler.run(Server.java:2682)
2019-09-24 19:08:33,529 [IPC Server handler 1 on 39500] INFO  block.BlockManagerImpl (BlockManagerImpl.java:allocateBlock(198)) - Could not find available pipeline of type:RATIS and factor:THREE even after retrying
2019-09-24 19:08:33,529 [IPC Server handler 1 on 39500] ERROR block.BlockManagerImpl (BlockManagerImpl.java:allocateBlock(222)) - Unable to allocate a block for the size: 4194304, type: RATIS, factor: THREE
2019-09-24 19:08:33,531 [main] INFO  ozone.MiniOzoneClusterImpl (MiniOzoneClusterImpl.java:shutdown(314)) - Shutting down the Mini Ozone Cluster
2019-09-24 19:08:33,531 [main] INFO  ozone.MiniOzoneClusterImpl (MiniOzoneClusterImpl.java:stop(330)) - Stopping the Mini Ozone Cluster
2019-09-24 19:08:33,532 [main] INFO  ozone.MiniOzoneClusterImpl (MiniOzoneClusterImpl.java:stopOM(400)) - Stopping the OzoneManager
2019-09-24 19:08:33,532 [main] INFO  ipc.Server (Server.java:stop(3082)) - Stopping server on 37412
2019-09-24 19:08:33,560 [main] INFO  ratis.OzoneManagerDoubleBuffer (OzoneManagerDoubleBuffer.java:stop(248)) - Stopping OMDoubleBuffer flush thread
2019-09-24 19:08:33,560 [IPC Server listener on 37412] INFO  ipc.Server (Server.java:run(1185)) - Stopping IPC Server listener on 37412
2019-09-24 19:08:33,560 [IPC Server Responder] INFO  ipc.Server (Server.java:run(1319)) - Stopping IPC Server Responder
2019-09-24 19:08:33,570 [OMDoubleBufferFlushThread] INFO  ratis.OzoneManagerDoubleBuffer (OzoneManagerDoubleBuffer.java:flushTransactions(191)) - OMDoubleBuffer flush thread OMDoubleBufferFlushThread is interrupted and will exit. OMDoubleBufferFlushThread
2019-09-24 19:08:33,578 [main] INFO  utils.BackgroundService (BackgroundService.java:shutdown(148)) - Shutting down service KeyDeletingService
2019-09-24 19:08:33,612 [main] INFO  handler.ContextHandler (ContextHandler.java:doStop(910)) - Stopped o.e.j.w.WebAppContext@37ca3ca8{/,null,UNAVAILABLE}{/ozoneManager}
2019-09-24 19:08:33,612 [main] INFO  server.AbstractConnector (AbstractConnector.java:doStop(318)) - Stopped ServerConnector@191ec193{HTTP/1.1,[http/1.1]}{0.0.0.0:0}
2019-09-24 19:08:33,613 [main] INFO  handler.ContextHandler (ContextHandler.java:doStop(910)) - Stopped o.e.j.s.ServletContextHandler@33e3bd2e{/static,file:///workdir/hadoop-ozone/integration-test/target/test-classes/webapps/static,UNAVAILABLE}
2019-09-24 19:08:33,613 [main] INFO  handler.ContextHandler (ContextHandler.java:doStop(910)) - Stopped o.e.j.s.ServletContextHandler@1e495414{/logs,file:///workdir/hadoop-ozone/integration-test/target/log,UNAVAILABLE}
2019-09-24 19:08:33,616 [main] INFO  ozone.MiniOzoneClusterImpl (MiniOzoneClusterImpl.java:stopDatanodes(377)) - Stopping the HddsDatanodes
2019-09-24 19:08:33,747 [Datanode State Machine Thread - 0] INFO  statemachine.DatanodeStateMachine (DatanodeStateMachine.java:lambda$startDaemon$0(350)) - Ozone container server started.
2019-09-24 19:08:33,792 [pool-576-thread-1] INFO  storage.RaftStorage (RaftStorage.java:format(72)) - Storage directory /workdir/hadoop-ozone/integration-test/target/test-dir/MiniOzoneClusterImpl-6223b62d-fae7-42c6-9f07-44d8c3bb99d0/datanode-7/data/ratis/c4ad65b6-9e0f-4254-90de-24c9ade1a15d has been successfully formatted.
2019-09-24 19:08:33,792 [pool-516-thread-1] INFO  storage.RaftStorage (RaftStorage.java:format(72)) - Storage directory /workdir/hadoop-ozone/integration-test/target/test-dir/MiniOzoneClusterImpl-6223b62d-fae7-42c6-9f07-44d8c3bb99d0/datanode-1/data/ratis/dd8b83b3-cd71-4156-a6b2-bf00df91dd87 has been successfully formatted.
2019-09-24 19:08:33,792 [pool-546-thread-1] INFO  storage.RaftStorage (RaftStorage.java:format(72)) - Storage directory /workdir/hadoop-ozone/integration-test/target/test-dir/MiniOzoneClusterImpl-6223b62d-fae7-42c6-9f07-44d8c3bb99d0/datanode-4/data/ratis/c4ad65b6-9e0f-4254-90de-24c9ade1a15d has been successfully formatted.
2019-09-24 19:08:33,792 [pool-516-thread-1] INFO  ratis.ContainerStateMachine (ContainerStateMachine.java:loadSnapshot(230)) - group-BF00DF91DD87: The snapshot info is null. Setting the last applied indexto:(t:0, i:~)
2019-09-24 19:08:33,792 [pool-546-thread-1] INFO  ratis.ContainerStateMachine (ContainerStateMachine.java:loadSnapshot(230)) - group-24C9ADE1A15D: The snapshot info is null. Setting the last applied indexto:(t:0, i:~)
2019-09-24 19:08:33,792 [pool-576-thread-1] INFO  ratis.ContainerStateMachine (ContainerStateMachine.java:loadSnapshot(230)) - group-24C9ADE1A15D: The snapshot info is null. Setting the last applied indexto:(t:0, i:~)
2019-09-24 19:08:33,792 [pool-546-thread-1] INFO  server.RaftServerConfigKeys (ConfUtils.java:logGet(43)) - raft.server.notification.no-leader.timeout = 120s (custom)
2019-09-24 19:08:33,792 [pool-516-thread-1] INFO  server.RaftServerConfigKeys (ConfUtils.java:logGet(43)) - raft.server.notification.no-leader.timeout = 120s (custom)
2019-09-24 19:08:33,793 [pool-506-thread-1] INFO  storage.RaftStorage (RaftStorage.java:format(72)) - Storage directory /workdir/hadoop-ozone/integration-test/target/test-dir/MiniOzoneClusterImpl-6223b62d-fae7-42c6-9f07-44d8c3bb99d0/datanode-0/data/ratis/c4ad65b6-9e0f-4254-90de-24c9ade1a15d has been successfully formatted.
2019-09-24 19:08:33,793 [pool-546-thread-1] INFO  server.RaftServerConfigKeys (ConfUtils.java:logGet(43)) - raft.server.log.use.memory = false (default)
2019-09-24 19:08:33,793 [pool-506-thread-1] INFO  ratis.ContainerStateMachine (ContainerStateMachine.java:loadSnapshot(230)) - group-24C9ADE1A15D: The snapshot info is null. Setting the last applied indexto:(t:0, i:~)
2019-09-24 19:08:33,793 [2301f1b0-893f-4443-acec-e918286f3c24@group-BED85A168E3C-SegmentedRaftLogWorker] INFO  segmented.SegmentedRaftLogWorker (SegmentedRaftLogWorker.java:execute(569)) - 2301f1b0-893f-4443-acec-e918286f3c24@group-BED85A168E3C-SegmentedRaftLogWorker: created new log segment /workdir/hadoop-ozone/integration-test/target/test-dir/MiniOzoneClusterImpl-6223b62d-fae7-42c6-9f07-44d8c3bb99d0/datanode-0/data/ratis/0ebec287-8bb0-4864-b3ea-bed85a168e3c/current/log_inprogress_0
2019-09-24 19:08:33,793 [pool-576-thread-1] INFO  server.RaftServerConfigKeys (ConfUtils.java:logGet(43)) - raft.server.notification.no-leader.timeout = 120s (custom)
2019-09-24 19:08:33,794 [pool-506-thread-1] INFO  server.RaftServerConfigKeys (ConfUtils.java:logGet(43)) - raft.server.notification.no-leader.timeout = 120s (custom)
2019-09-24 19:08:33,794 [pool-506-thread-1] INFO  server.RaftServerConfigKeys (ConfUtils.java:logGet(43)) - raft.server.log.use.memory = false (default)
2019-09-24 19:08:33,793 [pool-546-thread-1] INFO  server.RaftServerConfigKeys (ConfUtils.java:logGet(43)) - raft.server.log.purge.gap = 1000000 (custom)
2019-09-24 19:08:33,793 [pool-516-thread-1] INFO  server.RaftServerConfigKeys (ConfUtils.java:logGet(43)) - raft.server.log.use.memory = false (default)
2019-09-24 19:08:33,794 [pool-546-thread-1] INFO  server.RaftServerConfigKeys (ConfUtils.java:logGet(43)) - raft.server.log.appender.buffer.byte-limit = 33554432 (custom)
2019-09-24 19:08:33,794 [pool-506-thread-1] INFO  server.RaftServerConfigKeys (ConfUtils.java:logGet(43)) - raft.server.log.purge.gap = 1000000 (custom)
2019-09-24 19:08:33,794 [pool-576-thread-1] INFO  server.RaftServerConfigKeys (ConfUtils.java:logGet(43)) - raft.server.log.use.memory = false (default)
2019-09-24 19:08:33,795 [pool-506-thread-1] INFO  server.RaftServerConfigKeys (ConfUtils.java:logGet(43)) - raft.server.log.appender.buffer.byte-limit = 33554432 (custom)
2019-09-24 19:08:33,795 [pool-546-thread-1] INFO  server.RaftServerConfigKeys (ConfUtils.java:logGet(43)) - raft.server.log.segment.size.max = 1048576 (custom)
2019-09-24 19:08:33,795 [pool-516-thread-1] INFO  server.RaftServerConfigKeys (ConfUtils.java:logGet(43)) - raft.server.log.purge.gap = 1000000 (custom)
2019-09-24 19:08:33,796 [pool-546-thread-1] INFO  server.RaftServerConfigKeys (ConfUtils.java:logGet(43)) - raft.server.log.segment.cache.num.max = 2 (custom)
2019-09-24 19:08:33,795 [pool-506-thread-1] INFO  server.RaftServerConfigKeys (ConfUtils.java:logGet(43)) - raft.server.log.segment.size.max = 1048576 (custom)
2019-09-24 19:08:33,795 [pool-576-thread-1] INFO  server.RaftServerConfigKeys (ConfUtils.java:logGet(43)) - raft.server.log.purge.gap = 1000000 (custom)
2019-09-24 19:08:33,796 [pool-506-thread-1] INFO  server.RaftServerConfigKeys (ConfUtils.java:logGet(43)) - raft.server.log.segment.cache.num.max = 2 (custom)
2019-09-24 19:08:33,796 [pool-546-thread-1] INFO  segmented.SegmentedRaftLogWorker (SegmentedRaftLogWorker.java:<init>(172)) - new 2e29e414-edf9-4b10-a5cb-2050908d7d76@group-24C9ADE1A15D-SegmentedRaftLogWorker for RaftStorage:Storage Directory /workdir/hadoop-ozone/integration-test/target/test-dir/MiniOzoneClusterImpl-6223b62d-fae7-42c6-9f07-44d8c3bb99d0/datanode-4/data/ratis/c4ad65b6-9e0f-4254-90de-24c9ade1a15d
2019-09-24 19:08:33,796 [pool-516-thread-1] INFO  server.RaftServerConfigKeys (ConfUtils.java:logGet(43)) - raft.server.log.appender.buffer.byte-limit = 33554432 (custom)
2019-09-24 19:08:33,797 [pool-516-thread-1] INFO  server.RaftServerConfigKeys (ConfUtils.java:logGet(43)) - raft.server.log.segment.size.max = 1048576 (custom)
2019-09-24 19:08:33,797 [pool-506-thread-1] INFO  segmented.SegmentedRaftLogWorker (SegmentedRaftLogWorker.java:<init>(172)) - new 2301f1b0-893f-4443-acec-e918286f3c24@group-24C9ADE1A15D-SegmentedRaftLogWorker for RaftStorage:Storage Directory /workdir/hadoop-ozone/integration-test/target/test-dir/MiniOzoneClusterImpl-6223b62d-fae7-42c6-9f07-44d8c3bb99d0/datanode-0/data/ratis/c4ad65b6-9e0f-4254-90de-24c9ade1a15d
2019-09-24 19:08:33,796 [pool-576-thread-1] INFO  server.RaftServerConfigKeys (ConfUtils.java:logGet(43)) - raft.server.log.appender.buffer.byte-limit = 33554432 (custom)
2019-09-24 19:08:33,797 [pool-506-thread-1] INFO  server.RaftServerConfigKeys (ConfUtils.java:logGet(43)) - raft.server.log.queue.byte-limit = 2147483647 (custom)
2019-09-24 19:08:33,797 [pool-516-thread-1] INFO  server.RaftServerConfigKeys (ConfUtils.java:logGet(43)) - raft.server.log.segment.cache.num.max = 2 (custom)
2019-09-24 19:08:33,798 [pool-506-thread-1] INFO  server.RaftServerConfigKeys (ConfUtils.java:logGet(43)) - raft.server.log.queue.element-limit = 1024 (custom)
2019-09-24 19:08:33,797 [pool-576-thread-1] INFO  server.RaftServerConfigKeys (ConfUtils.java:logGet(43)) - raft.server.log.segment.size.max = 1048576 (custom)
2019-09-24 19:08:33,798 [pool-506-thread-1] INFO  server.RaftServerConfigKeys (ConfUtils.java:logGet(43)) - raft.server.log.segment.size.max = 1048576 (custom)
2019-09-24 19:08:33,798 [pool-516-thread-1] INFO  segmented.SegmentedRaftLogWorker (SegmentedRaftLogWorker.java:<init>(172)) - new 8235ba63-995e-4441-8e46-a34f9717543a@group-BF00DF91DD87-SegmentedRaftLogWorker for RaftStorage:Storage Directory /workdir/hadoop-ozone/integration-test/target/test-dir/MiniOzoneClusterImpl-6223b62d-fae7-42c6-9f07-44d8c3bb99d0/datanode-1/data/ratis/dd8b83b3-cd71-4156-a6b2-bf00df91dd87
2019-09-24 19:08:33,798 [pool-506-thread-1] INFO  server.RaftServerConfigKeys (ConfUtils.java:logGet(43)) - raft.server.log.preallocated.size = 16384 (custom)
2019-09-24 19:08:33,799 [pool-506-thread-1] INFO  server.RaftServerConfigKeys (ConfUtils.java:logGet(43)) - raft.server.log.write.buffer.size = 33554432 (custom)
2019-09-24 19:08:33,798 [pool-576-thread-1] INFO  server.RaftServerConfigKeys (ConfUtils.java:logGet(43)) - raft.server.log.segment.cache.num.max = 2 (custom)
2019-09-24 19:08:33,799 [pool-506-thread-1] INFO  server.RaftServerConfigKeys (ConfUtils.java:logGet(43)) - raft.server.log.force.sync.num = 128 (default)
2019-09-24 19:08:33,799 [pool-506-thread-1] INFO  server.RaftServerConfigKeys (ConfUtils.java:logGet(43)) - raft.server.log.statemachine.data.sync = true (default)
2019-09-24 19:08:33,799 [pool-546-thread-1] INFO  server.RaftServerConfigKeys (ConfUtils.java:logGet(43)) - raft.server.log.queue.byte-limit = 2147483647 (custom)
2019-09-24 19:08:33,799 [pool-506-thread-1] INFO  server.RaftServerConfigKeys (ConfUtils.java:logGet(43)) - raft.server.log.statemachine.data.sync.timeout = 10s (default)
2019-09-24 19:08:33,800 [pool-506-thread-1] INFO  server.RaftServerConfigKeys (ConfUtils.java:logGet(43)) - raft.server.log.statemachine.data.sync.timeout.retry = -1 (default)
2019-09-24 19:08:33,799 [pool-576-thread-1] INFO  segmented.SegmentedRaftLogWorker (SegmentedRaftLogWorker.java:<init>(172)) - new 0c8dc4a6-8d6b-4759-9996-474f61414cd5@group-24C9ADE1A15D-SegmentedRaftLogWorker for RaftStorage:Storage Directory /workdir/hadoop-ozone/integration-test/target/test-dir/MiniOzoneClusterImpl-6223b62d-fae7-42c6-9f07-44d8c3bb99d0/datanode-7/data/ratis/c4ad65b6-9e0f-4254-90de-24c9ade1a15d
2019-09-24 19:08:33,800 [pool-506-thread-1] INFO  server.RaftServerConfigKeys (ConfUtils.java:logGet(43)) - raft.server.log.statemachine.data.caching.enabled = true (custom)
2019-09-24 19:08:33,800 [pool-546-thread-1] INFO  server.RaftServerConfigKeys (ConfUtils.java:logGet(43)) - raft.server.log.queue.element-limit = 1024 (custom)
2019-09-24 19:08:33,800 [pool-516-thread-1] INFO  server.RaftServerConfigKeys (ConfUtils.java:logGet(43)) - raft.server.log.queue.byte-limit = 2147483647 (custom)
2019-09-24 19:08:33,801 [pool-546-thread-1] INFO  server.RaftServerConfigKeys (ConfUtils.java:logGet(43)) - raft.server.log.segment.size.max = 1048576 (custom)
2019-09-24 19:08:33,801 [pool-506-thread-1] INFO  segmented.SegmentedRaftLogWorker (SegmentedRaftLogWorker.java:lambda$new$0(132)) - 2301f1b0-893f-4443-acec-e918286f3c24@group-24C9ADE1A15D-SegmentedRaftLogWorker: flushIndex: setUnconditionally 0 -> -1
2019-09-24 19:08:33,801 [pool-546-thread-1] INFO  server.RaftServerConfigKeys (ConfUtils.java:logGet(43)) - raft.server.log.preallocated.size = 16384 (custom)
2019-09-24 19:08:33,801 [pool-516-thread-1] INFO  server.RaftServerConfigKeys (ConfUtils.java:logGet(43)) - raft.server.log.queue.element-limit = 1024 (custom)
2019-09-24 19:08:33,801 [pool-506-thread-1] INFO  server.RaftServerConfigKeys (ConfUtils.java:logGet(43)) - raft.server.snapshot.auto.trigger.enabled = true (custom)
2019-09-24 19:08:33,801 [pool-546-thread-1] INFO  server.RaftServerConfigKeys (ConfUtils.java:logGet(43)) - raft.server.log.write.buffer.size = 33554432 (custom)
2019-09-24 19:08:33,801 [pool-506-thread-1] INFO  server.RaftServerConfigKeys (ConfUtils.java:logGet(43)) - raft.server.snapshot.auto.trigger.threshold = 10000 (custom)
2019-09-24 19:08:33,801 [pool-516-thread-1] INFO  server.RaftServerConfigKeys (ConfUtils.java:logGet(43)) - raft.server.log.segment.size.max = 1048576 (custom)
2019-09-24 19:08:33,802 [pool-506-thread-1] INFO  server.RaftServerConfigKeys (ConfUtils.java:logGet(43)) - raft.server.snapshot.retention.num.files = 5 (custom)
2019-09-24 19:08:33,802 [pool-546-thread-1] INFO  server.RaftServerConfigKeys (ConfUtils.java:logGet(43)) - raft.server.log.force.sync.num = 128 (default)
2019-09-24 19:08:33,802 [pool-506-thread-1] INFO  server.RaftServerConfigKeys (ConfUtils.java:logGet(43)) - raft.server.retrycache.expirytime = 600000ms (custom)
2019-09-24 19:08:33,802 [pool-576-thread-1] INFO  server.RaftServerConfigKeys (ConfUtils.java:logGet(43)) - raft.server.log.queue.byte-limit = 2147483647 (custom)
2019-09-24 19:08:33,802 [pool-516-thread-1] INFO  server.RaftServerConfigKeys (ConfUtils.java:logGet(43)) - raft.server.log.preallocated.size = 16384 (custom)
2019-09-24 19:08:33,803 [pool-576-thread-1] INFO  server.RaftServerConfigKeys (ConfUtils.java:logGet(43)) - raft.server.log.queue.element-limit = 1024 (custom)
2019-09-24 19:08:33,802 [pool-546-thread-1] INFO  server.RaftServerConfigKeys (ConfUtils.java:logGet(43)) - raft.server.log.statemachine.data.sync = true (default)
2019-09-24 19:08:33,803 [pool-576-thread-1] INFO  server.RaftServerConfigKeys (ConfUtils.java:logGet(43)) - raft.server.log.segment.size.max = 1048576 (custom)
2019-09-24 19:08:33,803 [pool-516-thread-1] INFO  server.RaftServerConfigKeys (ConfUtils.java:logGet(43)) - raft.server.log.write.buffer.size = 33554432 (custom)
2019-09-24 19:08:33,803 [pool-576-thread-1] INFO  server.RaftServerConfigKeys (ConfUtils.java:logGet(43)) - raft.server.log.preallocated.size = 16384 (custom)
2019-09-24 19:08:33,803 [pool-546-thread-1] INFO  server.RaftServerConfigKeys (ConfUtils.java:logGet(43)) - raft.server.log.statemachine.data.sync.timeout = 10s (default)
2019-09-24 19:08:33,804 [pool-576-thread-1] INFO  server.RaftServerConfigKeys (ConfUtils.java:logGet(43)) - raft.server.log.write.buffer.size = 33554432 (custom)
2019-09-24 19:08:33,803 [pool-516-thread-1] INFO  server.RaftServerConfigKeys (ConfUtils.java:logGet(43)) - raft.server.log.force.sync.num = 128 (default)
2019-09-24 19:08:33,804 [pool-576-thread-1] INFO  server.RaftServerConfigKeys (ConfUtils.java:logGet(43)) - raft.server.log.force.sync.num = 128 (default)
2019-09-24 19:08:33,804 [pool-546-thread-1] INFO  server.RaftServerConfigKeys (ConfUtils.java:logGet(43)) - raft.server.log.statemachine.data.sync.timeout.retry = -1 (default)
2019-09-24 19:08:33,804 [pool-576-thread-1] INFO  server.RaftServerConfigKeys (ConfUtils.java:logGet(43)) - raft.server.log.statemachine.data.sync = true (default)
2019-09-24 19:08:33,804 [pool-516-thread-1] INFO  server.RaftServerConfigKeys (ConfUtils.java:logGet(43)) - raft.server.log.statemachine.data.sync = true (default)
2019-09-24 19:08:33,804 [pool-576-thread-1] INFO  server.RaftServerConfigKeys (ConfUtils.java:logGet(43)) - raft.server.log.statemachine.data.sync.timeout = 10s (default)
2019-09-24 19:08:33,804 [pool-546-thread-1] INFO  server.RaftServerConfigKeys (ConfUtils.java:logGet(43)) - raft.server.log.statemachine.data.caching.enabled = true (custom)
2019-09-24 19:08:33,805 [pool-576-thread-1] INFO  server.RaftServerConfigKeys (ConfUtils.java:logGet(43)) - raft.server.log.statemachine.data.sync.timeout.retry = -1 (default)
2019-09-24 19:08:33,805 [pool-516-thread-1] INFO  server.RaftServerConfigKeys (ConfUtils.java:logGet(43)) - raft.server.log.statemachine.data.sync.timeout = 10s (default)
2019-09-24 19:08:33,805 [pool-506-thread-1] INFO  impl.RaftServerImpl (RaftServerImpl.java:<init>(95)) - 2301f1b0-893f-4443-acec-e918286f3c24: new RaftServerImpl for group-DD0F18FA726D:[2301f1b0-893f-4443-acec-e918286f3c24:192.168.5.148:45459, 2e29e414-edf9-4b10-a5cb-2050908d7d76:192.168.5.148:45815, 0c8dc4a6-8d6b-4759-9996-474f61414cd5:192.168.5.148:45865] with ContainerStateMachine:uninitialized
2019-09-24 19:08:33,805 [pool-576-thread-1] INFO  server.RaftServerConfigKeys (ConfUtils.java:logGet(43)) - raft.server.log.statemachine.data.caching.enabled = true (custom)
2019-09-24 19:08:33,805 [pool-546-thread-1] INFO  segmented.SegmentedRaftLogWorker (SegmentedRaftLogWorker.java:lambda$new$0(132)) - 2e29e414-edf9-4b10-a5cb-2050908d7d76@group-24C9ADE1A15D-SegmentedRaftLogWorker: flushIndex: setUnconditionally 0 -> -1
2019-09-24 19:08:33,806 [pool-576-thread-1] INFO  segmented.SegmentedRaftLogWorker (SegmentedRaftLogWorker.java:lambda$new$0(132)) - 0c8dc4a6-8d6b-4759-9996-474f61414cd5@group-24C9ADE1A15D-SegmentedRaftLogWorker: flushIndex: setUnconditionally 0 -> -1
2019-09-24 19:08:33,805 [pool-506-thread-1] INFO  server.RaftServerConfigKeys (ConfUtils.java:logGet(43)) - raft.server.rpc.timeout.min = 1s (custom)
2019-09-24 19:08:33,805 [pool-516-thread-1] INFO  server.RaftServerConfigKeys (ConfUtils.java:logGet(43)) - raft.server.log.statemachine.data.sync.timeout.retry = -1 (default)
2019-09-24 19:08:33,806 [pool-576-thread-1] INFO  server.RaftServerConfigKeys (ConfUtils.java:logGet(43)) - raft.server.snapshot.auto.trigger.enabled = true (custom)
2019-09-24 19:08:33,806 [pool-506-thread-1] INFO  server.RaftServerConfigKeys (ConfUtils.java:logGet(43)) - raft.server.rpc.timeout.max = 1200ms (custom)
2019-09-24 19:08:33,806 [pool-546-thread-1] INFO  server.RaftServerConfigKeys (ConfUtils.java:logGet(43)) - raft.server.snapshot.auto.trigger.enabled = true (custom)
2019-09-24 19:08:33,807 [pool-506-thread-1] INFO  server.RaftServerConfigKeys (ConfUtils.java:logGet(43)) - raft.server.rpcslowness.timeout = 120s (custom)
2019-09-24 19:08:33,806 [pool-576-thread-1] INFO  server.RaftServerConfigKeys (ConfUtils.java:logGet(43)) - raft.server.snapshot.auto.trigger.threshold = 10000 (custom)
2019-09-24 19:08:33,807 [pool-576-thread-1] INFO  server.RaftServerConfigKeys (ConfUtils.java:logGet(43)) - raft.server.snapshot.retention.num.files = 5 (custom)
2019-09-24 19:08:33,806 [pool-516-thread-1] INFO  server.RaftServerConfigKeys (ConfUtils.java:logGet(43)) - raft.server.log.statemachine.data.caching.enabled = true (custom)
2019-09-24 19:08:33,807 [pool-576-thread-1] INFO  server.RaftServerConfigKeys (ConfUtils.java:logGet(43)) - raft.server.retrycache.expirytime = 600000ms (custom)
2019-09-24 19:08:33,807 [pool-506-thread-1] INFO  server.RaftServerConfigKeys (ConfUtils.java:logGet(43)) - raft.server.sleep.deviation.threshold = 300 (default)
2019-09-24 19:08:33,807 [pool-546-thread-1] INFO  server.RaftServerConfigKeys (ConfUtils.java:logGet(43)) - raft.server.snapshot.auto.trigger.threshold = 10000 (custom)
2019-09-24 19:08:33,808 [pool-506-thread-1] INFO  server.RaftServerConfigKeys (ConfUtils.java:logGet(43)) - raft.server.log.appender.install.snapshot.enabled = false (custom)
2019-09-24 19:08:33,807 [pool-516-thread-1] INFO  segmented.SegmentedRaftLogWorker (SegmentedRaftLogWorker.java:lambda$new$0(132)) - 8235ba63-995e-4441-8e46-a34f9717543a@group-BF00DF91DD87-SegmentedRaftLogWorker: flushIndex: setUnconditionally 0 -> -1
2019-09-24 19:08:33,808 [pool-506-thread-1] INFO  impl.RaftServerImpl (ServerState.java:<init>(103)) - 2301f1b0-893f-4443-acec-e918286f3c24@group-DD0F18FA726D: ConfigurationManager, init=-1: [2301f1b0-893f-4443-acec-e918286f3c24:192.168.5.148:45459, 2e29e414-edf9-4b10-a5cb-2050908d7d76:192.168.5.148:45815, 0c8dc4a6-8d6b-4759-9996-474f61414cd5:192.168.5.148:45865], old=null, confs=<EMPTY_MAP>
2019-09-24 19:08:33,808 [pool-546-thread-1] INFO  server.RaftServerConfigKeys (ConfUtils.java:logGet(43)) - raft.server.snapshot.retention.num.files = 5 (custom)
2019-09-24 19:08:33,808 [pool-506-thread-1] INFO  server.RaftServerConfigKeys (ConfUtils.java:logGet(43)) - raft.server.storage.dir = [/workdir/hadoop-ozone/integration-test/target/test-dir/MiniOzoneClusterImpl-6223b62d-fae7-42c6-9f07-44d8c3bb99d0/datanode-0/data/ratis] (custom)
2019-09-24 19:08:33,808 [pool-516-thread-1] INFO  server.RaftServerConfigKeys (ConfUtils.java:logGet(43)) - raft.server.snapshot.auto.trigger.enabled = true (custom)
2019-09-24 19:08:33,808 [pool-546-thread-1] INFO  server.RaftServerConfigKeys (ConfUtils.java:logGet(43)) - raft.server.retrycache.expirytime = 600000ms (custom)
2019-09-24 19:08:33,809 [pool-516-thread-1] INFO  server.RaftServerConfigKeys (ConfUtils.java:logGet(43)) - raft.server.snapshot.auto.trigger.threshold = 10000 (custom)
2019-09-24 19:08:33,809 [pool-516-thread-1] INFO  server.RaftServerConfigKeys (ConfUtils.java:logGet(43)) - raft.server.snapshot.retention.num.files = 5 (custom)
2019-09-24 19:08:33,809 [pool-516-thread-1] INFO  server.RaftServerConfigKeys (ConfUtils.java:logGet(43)) - raft.server.retrycache.expirytime = 600000ms (custom)
2019-09-24 19:08:33,810 [pool-506-thread-1] INFO  storage.RaftStorageDirectory (RaftStorageDirectory.java:analyzeStorage(246)) - The storage directory /workdir/hadoop-ozone/integration-test/target/test-dir/MiniOzoneClusterImpl-6223b62d-fae7-42c6-9f07-44d8c3bb99d0/datanode-0/data/ratis/59281e9e-9d11-499e-b3bd-dd0f18fa726d does not exist. Creating ...
2019-09-24 19:08:33,810 [pool-576-thread-1] INFO  impl.RaftServerImpl (RaftServerImpl.java:<init>(95)) - 0c8dc4a6-8d6b-4759-9996-474f61414cd5: new RaftServerImpl for group-DD0F18FA726D:[2301f1b0-893f-4443-acec-e918286f3c24:192.168.5.148:45459, 2e29e414-edf9-4b10-a5cb-2050908d7d76:192.168.5.148:45815, 0c8dc4a6-8d6b-4759-9996-474f61414cd5:192.168.5.148:45865] with ContainerStateMachine:uninitialized
2019-09-24 19:08:33,810 [pool-576-thread-1] INFO  server.RaftServerConfigKeys (ConfUtils.java:logGet(43)) - raft.server.rpc.timeout.min = 1s (custom)
2019-09-24 19:08:33,811 [pool-576-thread-1] INFO  server.RaftServerConfigKeys (ConfUtils.java:logGet(43)) - raft.server.rpc.timeout.max = 1200ms (custom)
2019-09-24 19:08:33,811 [pool-576-thread-1] INFO  server.RaftServerConfigKeys (ConfUtils.java:logGet(43)) - raft.server.rpcslowness.timeout = 120s (custom)
2019-09-24 19:08:33,811 [pool-576-thread-1] INFO  server.RaftServerConfigKeys (ConfUtils.java:logGet(43)) - raft.server.sleep.deviation.threshold = 300 (default)
2019-09-24 19:08:33,811 [pool-576-thread-1] INFO  server.RaftServerConfigKeys (ConfUtils.java:logGet(43)) - raft.server.log.appender.install.snapshot.enabled = false (custom)
2019-09-24 19:08:33,811 [pool-576-thread-1] INFO  impl.RaftServerImpl (ServerState.java:<init>(103)) - 0c8dc4a6-8d6b-4759-9996-474f61414cd5@group-DD0F18FA726D: ConfigurationManager, init=-1: [2301f1b0-893f-4443-acec-e918286f3c24:192.168.5.148:45459, 2e29e414-edf9-4b10-a5cb-2050908d7d76:192.168.5.148:45815, 0c8dc4a6-8d6b-4759-9996-474f61414cd5:192.168.5.148:45865], old=null, confs=<EMPTY_MAP>
2019-09-24 19:08:33,811 [pool-516-thread-1] INFO  impl.RaftServerImpl (RaftServerImpl.java:start(185)) - 8235ba63-995e-4441-8e46-a34f9717543a@group-BF00DF91DD87: start as a follower, conf=-1: [8235ba63-995e-4441-8e46-a34f9717543a:192.168.5.148:38637], old=null
2019-09-24 19:08:33,811 [pool-576-thread-1] INFO  server.RaftServerConfigKeys (ConfUtils.java:logGet(43)) - raft.server.storage.dir = [/workdir/hadoop-ozone/integration-test/target/test-dir/MiniOzoneClusterImpl-6223b62d-fae7-42c6-9f07-44d8c3bb99d0/datanode-7/data/ratis] (custom)
2019-09-24 19:08:33,812 [pool-516-thread-1] INFO  impl.RaftServerImpl (RaftServerImpl.java:setRole(174)) - 8235ba63-995e-4441-8e46-a34f9717543a@group-BF00DF91DD87: changes role from      null to FOLLOWER at term 0 for startAsFollower
2019-09-24 19:08:33,812 [pool-516-thread-1] INFO  impl.RoleInfo (RoleInfo.java:updateAndGet(143)) - 8235ba63-995e-4441-8e46-a34f9717543a: start FollowerState
2019-09-24 19:08:33,812 [pool-576-thread-1] INFO  storage.RaftStorageDirectory (RaftStorageDirectory.java:analyzeStorage(246)) - The storage directory /workdir/hadoop-ozone/integration-test/target/test-dir/MiniOzoneClusterImpl-6223b62d-fae7-42c6-9f07-44d8c3bb99d0/datanode-7/data/ratis/59281e9e-9d11-499e-b3bd-dd0f18fa726d does not exist. Creating ...
2019-09-24 19:08:33,812 [pool-546-thread-1] INFO  impl.RaftServerImpl (RaftServerImpl.java:<init>(95)) - 2e29e414-edf9-4b10-a5cb-2050908d7d76: new RaftServerImpl for group-DD0F18FA726D:[2301f1b0-893f-4443-acec-e918286f3c24:192.168.5.148:45459, 2e29e414-edf9-4b10-a5cb-2050908d7d76:192.168.5.148:45815, 0c8dc4a6-8d6b-4759-9996-474f61414cd5:192.168.5.148:45865] with ContainerStateMachine:uninitialized
2019-09-24 19:08:33,812 [pool-516-thread-1] INFO  util.JmxRegister (JmxRegister.java:tryRegister(44)) - Successfully registered JMX Bean with object name Ratis:service=RaftServer,group=group-BF00DF91DD87,id=8235ba63-995e-4441-8e46-a34f9717543a
2019-09-24 19:08:33,812 [pool-546-thread-1] INFO  server.RaftServerConfigKeys (ConfUtils.java:logGet(43)) - raft.server.rpc.timeout.min = 1s (custom)
2019-09-24 19:08:33,813 [pool-546-thread-1] INFO  server.RaftServerConfigKeys (ConfUtils.java:logGet(43)) - raft.server.rpc.timeout.max = 1200ms (custom)
2019-09-24 19:08:33,813 [pool-546-thread-1] INFO  server.RaftServerConfigKeys (ConfUtils.java:logGet(43)) - raft.server.rpcslowness.timeout = 120s (custom)
2019-09-24 19:08:33,813 [pool-546-thread-1] INFO  server.RaftServerConfigKeys (ConfUtils.java:logGet(43)) - raft.server.sleep.deviation.threshold = 300 (default)
2019-09-24 19:08:33,813 [pool-546-thread-1] INFO  server.RaftServerConfigKeys (ConfUtils.java:logGet(43)) - raft.server.log.appender.install.snapshot.enabled = false (custom)
2019-09-24 19:08:33,813 [pool-546-thread-1] INFO  impl.RaftServerImpl (ServerState.java:<init>(103)) - 2e29e414-edf9-4b10-a5cb-2050908d7d76@group-DD0F18FA726D: ConfigurationManager, init=-1: [2301f1b0-893f-4443-acec-e918286f3c24:192.168.5.148:45459, 2e29e414-edf9-4b10-a5cb-2050908d7d76:192.168.5.148:45815, 0c8dc4a6-8d6b-4759-9996-474f61414cd5:192.168.5.148:45865], old=null, confs=<EMPTY_MAP>
2019-09-24 19:08:33,813 [pool-546-thread-1] INFO  server.RaftServerConfigKeys (ConfUtils.java:logGet(43)) - raft.server.storage.dir = [/workdir/hadoop-ozone/integration-test/target/test-dir/MiniOzoneClusterImpl-6223b62d-fae7-42c6-9f07-44d8c3bb99d0/datanode-4/data/ratis] (custom)
2019-09-24 19:08:33,814 [pool-546-thread-1] INFO  storage.RaftStorageDirectory (RaftStorageDirectory.java:analyzeStorage(246)) - The storage directory /workdir/hadoop-ozone/integration-test/target/test-dir/MiniOzoneClusterImpl-6223b62d-fae7-42c6-9f07-44d8c3bb99d0/datanode-4/data/ratis/59281e9e-9d11-499e-b3bd-dd0f18fa726d does not exist. Creating ...
2019-09-24 19:08:34,040 [pool-506-thread-1] INFO  storage.RaftStorageDirectory (RaftStorageDirectory.java:tryLock(328)) - Lock on /workdir/hadoop-ozone/integration-test/target/test-dir/MiniOzoneClusterImpl-6223b62d-fae7-42c6-9f07-44d8c3bb99d0/datanode-0/data/ratis/59281e9e-9d11-499e-b3bd-dd0f18fa726d/in_use.lock acquired by nodename 10455@pr-hdds-2149-fgl4f-1742389470
2019-09-24 19:08:34,040 [pool-576-thread-1] INFO  storage.RaftStorageDirectory (RaftStorageDirectory.java:tryLock(328)) - Lock on /workdir/hadoop-ozone/integration-test/target/test-dir/MiniOzoneClusterImpl-6223b62d-fae7-42c6-9f07-44d8c3bb99d0/datanode-7/data/ratis/59281e9e-9d11-499e-b3bd-dd0f18fa726d/in_use.lock acquired by nodename 10455@pr-hdds-2149-fgl4f-1742389470
2019-09-24 19:08:34,040 [pool-546-thread-1] INFO  storage.RaftStorageDirectory (RaftStorageDirectory.java:tryLock(328)) - Lock on /workdir/hadoop-ozone/integration-test/target/test-dir/MiniOzoneClusterImpl-6223b62d-fae7-42c6-9f07-44d8c3bb99d0/datanode-4/data/ratis/59281e9e-9d11-499e-b3bd-dd0f18fa726d/in_use.lock acquired by nodename 10455@pr-hdds-2149-fgl4f-1742389470
2019-09-24 19:08:34,539 [Datanode State Machine Thread - 0] INFO  statemachine.DatanodeStateMachine (DatanodeStateMachine.java:lambda$startDaemon$0(350)) - Ozone container server started.
2019-09-24 19:08:34,936 [Thread-3554] INFO  impl.FollowerState (FollowerState.java:run(106)) - 8235ba63-995e-4441-8e46-a34f9717543a:group-BF00DF91DD87 changes to CANDIDATE, lastRpcTime:1124, electionTimeout:1124ms
2019-09-24 19:08:34,937 [Thread-3554] INFO  impl.RoleInfo (RoleInfo.java:shutdownFollowerState(121)) - 8235ba63-995e-4441-8e46-a34f9717543a: shutdown FollowerState
2019-09-24 19:08:34,937 [Thread-3554] INFO  impl.RaftServerImpl (RaftServerImpl.java:setRole(174)) - 8235ba63-995e-4441-8e46-a34f9717543a@group-BF00DF91DD87: changes role from  FOLLOWER to CANDIDATE at term 0 for changeToCandidate
2019-09-24 19:08:34,937 [Thread-3554] INFO  impl.RoleInfo (RoleInfo.java:updateAndGet(143)) - 8235ba63-995e-4441-8e46-a34f9717543a: start LeaderElection
2019-09-24 19:08:38,617 [main] INFO  ozoneimpl.OzoneContainer (OzoneContainer.java:stop(231)) - Attempting to stop container services.
2019-09-24 19:08:38,618 [ForkJoinPool.commonPool-worker-1] INFO  ozoneimpl.OzoneContainer (OzoneContainer.java:stop(231)) - Attempting to stop container services.
2019-09-24 19:08:38,618 [main] INFO  impl.RaftServerProxy (RaftServerProxy.java:lambda$close$4(314)) - 319810a5-b74b-4f2c-97a6-4822cae20319: close
2019-09-24 19:08:38,618 [ForkJoinPool.commonPool-worker-1] INFO  impl.RaftServerProxy (RaftServerProxy.java:lambda$close$4(314)) - 91feae9e-1155-40fd-86e2-8933cd95fa89: close
2019-09-24 19:08:38,618 [main] INFO  server.GrpcService (GrpcService.java:closeImpl(164)) - 319810a5-b74b-4f2c-97a6-4822cae20319: shutdown server with port 41361 now
2019-09-24 19:08:38,618 [ForkJoinPool.commonPool-worker-1] INFO  server.GrpcService (GrpcService.java:closeImpl(164)) - 91feae9e-1155-40fd-86e2-8933cd95fa89: shutdown server with port 41910 now
2019-09-24 19:08:38,619 [main] INFO  server.GrpcService (GrpcService.java:closeImpl(172)) - 319810a5-b74b-4f2c-97a6-4822cae20319: shutdown server with port 41361 successfully
2019-09-24 19:08:38,619 [ForkJoinPool.commonPool-worker-1] INFO  server.GrpcService (GrpcService.java:closeImpl(172)) - 91feae9e-1155-40fd-86e2-8933cd95fa89: shutdown server with port 41910 successfully
2019-09-24 19:08:39,330 [refreshUsed-/workdir/hadoop-ozone/integration-test/target/test-dir/MiniOzoneClusterImpl-6223b62d-fae7-42c6-9f07-44d8c3bb99d0/datanode-5/data/containers] WARN  fs.CachingGetSpaceUsed (CachingGetSpaceUsed.java:run(183)) - Thread Interrupted waiting to refresh disk information: sleep interrupted
2019-09-24 19:08:39,331 [refreshUsed-/workdir/hadoop-ozone/integration-test/target/test-dir/MiniOzoneClusterImpl-6223b62d-fae7-42c6-9f07-44d8c3bb99d0/datanode-2/data/containers] WARN  fs.CachingGetSpaceUsed (CachingGetSpaceUsed.java:run(183)) - Thread Interrupted waiting to refresh disk information: sleep interrupted
2019-09-24 19:08:39,343 [pool-546-thread-1] INFO  storage.RaftStorage (RaftStorage.java:format(72)) - Storage directory /workdir/hadoop-ozone/integration-test/target/test-dir/MiniOzoneClusterImpl-6223b62d-fae7-42c6-9f07-44d8c3bb99d0/datanode-4/data/ratis/59281e9e-9d11-499e-b3bd-dd0f18fa726d has been successfully formatted.
2019-09-24 19:08:39,343 [8235ba63-995e-4441-8e46-a34f9717543a@group-BF00DF91DD87:LeaderElection221] INFO  impl.LeaderElection (LeaderElection.java:askForVotes(182)) - 8235ba63-995e-4441-8e46-a34f9717543a@group-BF00DF91DD87:LeaderElection221: begin an election at term 1 for -1: [8235ba63-995e-4441-8e46-a34f9717543a:192.168.5.148:38637], old=null
2019-09-24 19:08:39,343 [pool-506-thread-1] INFO  storage.RaftStorage (RaftStorage.java:format(72)) - Storage directory /workdir/hadoop-ozone/integration-test/target/test-dir/MiniOzoneClusterImpl-6223b62d-fae7-42c6-9f07-44d8c3bb99d0/datanode-0/data/ratis/59281e9e-9d11-499e-b3bd-dd0f18fa726d has been successfully formatted.
2019-09-24 19:08:39,343 [pool-576-thread-1] INFO  storage.RaftStorage (RaftStorage.java:format(72)) - Storage directory /workdir/hadoop-ozone/integration-test/target/test-dir/MiniOzoneClusterImpl-6223b62d-fae7-42c6-9f07-44d8c3bb99d0/datanode-7/data/ratis/59281e9e-9d11-499e-b3bd-dd0f18fa726d has been successfully formatted.
2019-09-24 19:08:39,343 [pool-506-thread-1] INFO  ratis.ContainerStateMachine (ContainerStateMachine.java:loadSnapshot(230)) - group-DD0F18FA726D: The snapshot info is null. Setting the last applied indexto:(t:0, i:~)
2019-09-24 19:08:39,343 [pool-546-thread-1] INFO  ratis.ContainerStateMachine (ContainerStateMachine.java:loadSnapshot(230)) - group-DD0F18FA726D: The snapshot info is null. Setting the last applied indexto:(t:0, i:~)
2019-09-24 19:08:39,343 [8235ba63-995e-4441-8e46-a34f9717543a@group-BF00DF91DD87:LeaderElection221] INFO  impl.RoleInfo (RoleInfo.java:shutdownLeaderElection(134)) - 8235ba63-995e-4441-8e46-a34f9717543a: shutdown LeaderElection
2019-09-24 19:08:39,344 [pool-546-thread-1] INFO  server.RaftServerConfigKeys (ConfUtils.java:logGet(43)) - raft.server.notification.no-leader.timeout = 120s (custom)
2019-09-24 19:08:39,344 [pool-546-thread-1] INFO  server.RaftServerConfigKeys (ConfUtils.java:logGet(43)) - raft.server.log.use.memory = false (default)
2019-09-24 19:08:39,344 [pool-506-thread-1] INFO  server.RaftServerConfigKeys (ConfUtils.java:logGet(43)) - raft.server.notification.no-leader.timeout = 120s (custom)
2019-09-24 19:08:39,344 [pool-506-thread-1] INFO  server.RaftServerConfigKeys (ConfUtils.java:logGet(43)) - raft.server.log.use.memory = false (default)
2019-09-24 19:08:39,344 [pool-576-thread-1] INFO  ratis.ContainerStateMachine (ContainerStateMachine.java:loadSnapshot(230)) - group-DD0F18FA726D: The snapshot info is null. Setting the last applied indexto:(t:0, i:~)
2019-09-24 19:08:39,345 [pool-506-thread-1] INFO  server.RaftServerConfigKeys (ConfUtils.java:logGet(43)) - raft.server.log.purge.gap = 1000000 (custom)
2019-09-24 19:08:39,344 [pool-546-thread-1] INFO  server.RaftServerConfigKeys (ConfUtils.java:logGet(43)) - raft.server.log.purge.gap = 1000000 (custom)
2019-09-24 19:08:39,344 [8235ba63-995e-4441-8e46-a34f9717543a@group-BF00DF91DD87:LeaderElection221] INFO  impl.RaftServerImpl (RaftServerImpl.java:setRole(174)) - 8235ba63-995e-4441-8e46-a34f9717543a@group-BF00DF91DD87: changes role from CANDIDATE to LEADER at term 1 for changeToLeader
2019-09-24 19:08:39,345 [pool-546-thread-1] INFO  server.RaftServerConfigKeys (ConfUtils.java:logGet(43)) - raft.server.log.appender.buffer.byte-limit = 33554432 (custom)
2019-09-24 19:08:39,345 [pool-506-thread-1] INFO  server.RaftServerConfigKeys (ConfUtils.java:logGet(43)) - raft.server.log.appender.buffer.byte-limit = 33554432 (custom)
2019-09-24 19:08:39,345 [pool-576-thread-1] INFO  server.RaftServerConfigKeys (ConfUtils.java:logGet(43)) - raft.server.notification.no-leader.timeout = 120s (custom)
2019-09-24 19:08:39,346 [pool-506-thread-1] INFO  server.RaftServerConfigKeys (ConfUtils.java:logGet(43)) - raft.server.log.segment.size.max = 1048576 (custom)
2019-09-24 19:08:39,346 [pool-546-thread-1] INFO  server.RaftServerConfigKeys (ConfUtils.java:logGet(43)) - raft.server.log.segment.size.max = 1048576 (custom)
2019-09-24 19:08:39,346 [8235ba63-995e-4441-8e46-a34f9717543a@group-BF00DF91DD87:LeaderElection221] INFO  impl.RaftServerImpl (ServerState.java:setLeader(253)) - 8235ba63-995e-4441-8e46-a34f9717543a@group-BF00DF91DD87: change Leader from null to 8235ba63-995e-4441-8e46-a34f9717543a at term 1 for becomeLeader, leader elected after 5553ms
2019-09-24 19:08:39,347 [pool-546-thread-1] INFO  server.RaftServerConfigKeys (ConfUtils.java:logGet(43)) - raft.server.log.segment.cache.num.max = 2 (custom)
2019-09-24 19:08:39,347 [pool-506-thread-1] INFO  server.RaftServerConfigKeys (ConfUtils.java:logGet(43)) - raft.server.log.segment.cache.num.max = 2 (custom)
2019-09-24 19:08:39,347 [pool-576-thread-1] INFO  server.RaftServerConfigKeys (ConfUtils.java:logGet(43)) - raft.server.log.use.memory = false (default)
2019-09-24 19:08:39,348 [pool-506-thread-1] INFO  segmented.SegmentedRaftLogWorker (SegmentedRaftLogWorker.java:<init>(172)) - new 2301f1b0-893f-4443-acec-e918286f3c24@group-DD0F18FA726D-SegmentedRaftLogWorker for RaftStorage:Storage Directory /workdir/hadoop-ozone/integration-test/target/test-dir/MiniOzoneClusterImpl-6223b62d-fae7-42c6-9f07-44d8c3bb99d0/datanode-0/data/ratis/59281e9e-9d11-499e-b3bd-dd0f18fa726d
2019-09-24 19:08:39,348 [pool-546-thread-1] INFO  segmented.SegmentedRaftLogWorker (SegmentedRaftLogWorker.java:<init>(172)) - new 2e29e414-edf9-4b10-a5cb-2050908d7d76@group-DD0F18FA726D-SegmentedRaftLogWorker for RaftStorage:Storage Directory /workdir/hadoop-ozone/integration-test/target/test-dir/MiniOzoneClusterImpl-6223b62d-fae7-42c6-9f07-44d8c3bb99d0/datanode-4/data/ratis/59281e9e-9d11-499e-b3bd-dd0f18fa726d
2019-09-24 19:08:39,348 [8235ba63-995e-4441-8e46-a34f9717543a@group-BF00DF91DD87:LeaderElection221] INFO  server.RaftServerConfigKeys (ConfUtils.java:logGet(43)) - raft.server.staging.catchup.gap = 1000 (default)
2019-09-24 19:08:39,348 [pool-546-thread-1] INFO  server.RaftServerConfigKeys (ConfUtils.java:logGet(43)) - raft.server.log.queue.byte-limit = 2147483647 (custom)
2019-09-24 19:08:39,348 [pool-506-thread-1] INFO  server.RaftServerConfigKeys (ConfUtils.java:logGet(43)) - raft.server.log.queue.byte-limit = 2147483647 (custom)
2019-09-24 19:08:39,348 [main] INFO  utils.BackgroundService (BackgroundService.java:shutdown(148)) - Shutting down service BlockDeletingService
2019-09-24 19:08:39,348 [pool-576-thread-1] INFO  server.RaftServerConfigKeys (ConfUtils.java:logGet(43)) - raft.server.log.purge.gap = 1000000 (custom)
2019-09-24 19:08:39,349 [pool-506-thread-1] INFO  server.RaftServerConfigKeys (ConfUtils.java:logGet(43)) - raft.server.log.queue.element-limit = 1024 (custom)
2019-09-24 19:08:39,350 [ForkJoinPool.commonPool-worker-1] INFO  utils.BackgroundService (BackgroundService.java:shutdown(148)) - Shutting down service BlockDeletingService
2019-09-24 19:08:39,349 [pool-546-thread-1] INFO  server.RaftServerConfigKeys (ConfUtils.java:logGet(43)) - raft.server.log.queue.element-limit = 1024 (custom)
2019-09-24 19:08:39,349 [8235ba63-995e-4441-8e46-a34f9717543a@group-BF00DF91DD87:LeaderElection221] INFO  server.RaftServerConfigKeys (ConfUtils.java:logGet(43)) - raft.server.rpc.sleep.time = 25ms (default)
2019-09-24 19:08:39,360 [pool-546-thread-1] INFO  server.RaftServerConfigKeys (ConfUtils.java:logGet(43)) - raft.server.log.segment.size.max = 1048576 (custom)
2019-09-24 19:08:39,360 [main] INFO  statemachine.DatanodeStateMachine (DatanodeStateMachine.java:stopDaemon(395)) - Ozone container server stopped.
2019-09-24 19:08:39,350 [pool-506-thread-1] INFO  server.RaftServerConfigKeys (ConfUtils.java:logGet(43)) - raft.server.log.segment.size.max = 1048576 (custom)
2019-09-24 19:08:39,349 [pool-576-thread-1] INFO  server.RaftServerConfigKeys (ConfUtils.java:logGet(43)) - raft.server.log.appender.buffer.byte-limit = 33554432 (custom)
2019-09-24 19:08:39,369 [pool-506-thread-1] INFO  server.RaftServerConfigKeys (ConfUtils.java:logGet(43)) - raft.server.log.preallocated.size = 16384 (custom)
2019-09-24 19:08:39,369 [pool-546-thread-1] INFO  server.RaftServerConfigKeys (ConfUtils.java:logGet(43)) - raft.server.log.preallocated.size = 16384 (custom)
2019-09-24 19:08:39,369 [8235ba63-995e-4441-8e46-a34f9717543a@group-BF00DF91DD87:LeaderElection221] INFO  server.RaftServerConfigKeys (ConfUtils.java:logGet(43)) - raft.server.write.element-limit = 4096 (default)
2019-09-24 19:08:39,368 [ForkJoinPool.commonPool-worker-1] INFO  statemachine.DatanodeStateMachine (DatanodeStateMachine.java:stopDaemon(395)) - Ozone container server stopped.
2019-09-24 19:08:39,370 [8235ba63-995e-4441-8e46-a34f9717543a@group-BF00DF91DD87:LeaderElection221] INFO  server.RaftServerConfigKeys (ConfUtils.java:logGet(43)) - raft.server.watch.timeout = 10s (default)
2019-09-24 19:08:39,370 [pool-546-thread-1] INFO  server.RaftServerConfigKeys (ConfUtils.java:logGet(43)) - raft.server.log.write.buffer.size = 33554432 (custom)
2019-09-24 19:08:39,370 [pool-506-thread-1] INFO  server.RaftServerConfigKeys (ConfUtils.java:logGet(43)) - raft.server.log.write.buffer.size = 33554432 (custom)
2019-09-24 19:08:39,392 [pool-506-thread-1] INFO  server.RaftServerConfigKeys (ConfUtils.java:logGet(43)) - raft.server.log.force.sync.num = 128 (default)
2019-09-24 19:08:39,370 [pool-576-thread-1] INFO  server.RaftServerConfigKeys (ConfUtils.java:logGet(43)) - raft.server.log.segment.size.max = 1048576 (custom)
2019-09-24 19:08:39,400 [ForkJoinPool.commonPool-worker-1] INFO  handler.ContextHandler (ContextHandler.java:doStop(910)) - Stopped o.e.j.w.WebAppContext@175581eb{/,null,UNAVAILABLE}{/hddsDatanode}
2019-09-24 19:08:39,392 [pool-506-thread-1] INFO  server.RaftServerConfigKeys (ConfUtils.java:logGet(43)) - raft.server.log.statemachine.data.sync = true (default)
2019-09-24 19:08:39,391 [pool-546-thread-1] INFO  server.RaftServerConfigKeys (ConfUtils.java:logGet(43)) - raft.server.log.force.sync.num = 128 (default)
2019-09-24 19:08:39,391 [main] INFO  handler.ContextHandler (ContextHandler.java:doStop(910)) - Stopped o.e.j.w.WebAppContext@3ace6346{/,null,UNAVAILABLE}{/hddsDatanode}
2019-09-24 19:08:39,389 [8235ba63-995e-4441-8e46-a34f9717543a@group-BF00DF91DD87:LeaderElection221] INFO  server.RaftServerConfigKeys (ConfUtils.java:logGet(43)) - raft.server.watch.timeout.denomination = 1s (default)
2019-09-24 19:08:39,401 [ForkJoinPool.commonPool-worker-1] INFO  server.AbstractConnector (AbstractConnector.java:doStop(318)) - Stopped ServerConnector@2b79c8ff{HTTP/1.1,[http/1.1]}{0.0.0.0:0}
2019-09-24 19:08:39,401 [pool-546-thread-1] INFO  server.RaftServerConfigKeys (ConfUtils.java:logGet(43)) - raft.server.log.statemachine.data.sync = true (default)
2019-09-24 19:08:39,401 [pool-506-thread-1] INFO  server.RaftServerConfigKeys (ConfUtils.java:logGet(43)) - raft.server.log.statemachine.data.sync.timeout = 10s (default)
2019-09-24 19:08:39,405 [pool-506-thread-1] INFO  server.RaftServerConfigKeys (ConfUtils.java:logGet(43)) - raft.server.log.statemachine.data.sync.timeout.retry = -1 (default)
2019-09-24 19:08:39,401 [pool-576-thread-1] INFO  server.RaftServerConfigKeys (ConfUtils.java:logGet(43)) - raft.server.log.segment.cache.num.max = 2 (custom)
2019-09-24 19:08:39,406 [pool-506-thread-1] INFO  server.RaftServerConfigKeys (ConfUtils.java:logGet(43)) - raft.server.log.statemachine.data.caching.enabled = true (custom)
2019-09-24 19:08:39,405 [pool-546-thread-1] INFO  server.RaftServerConfigKeys (ConfUtils.java:logGet(43)) - raft.server.log.statemachine.data.sync.timeout = 10s (default)
2019-09-24 19:08:39,406 [pool-546-thread-1] INFO  server.RaftServerConfigKeys (ConfUtils.java:logGet(43)) - raft.server.log.statemachine.data.sync.timeout.retry = -1 (default)
2019-09-24 19:08:39,405 [ForkJoinPool.commonPool-worker-1] INFO  handler.ContextHandler (ContextHandler.java:doStop(910)) - Stopped o.e.j.s.ServletContextHandler@9a9aa68{/static,jar:file:/home/user/.m2/repository/org/apache/hadoop/hadoop-hdds-container-service/0.5.0-SNAPSHOT/hadoop-hdds-container-service-0.5.0-SNAPSHOT.jar!/webapps/static,UNAVAILABLE}
2019-09-24 19:08:39,402 [main] INFO  server.AbstractConnector (AbstractConnector.java:doStop(318)) - Stopped ServerConnector@4e48462d{HTTP/1.1,[http/1.1]}{0.0.0.0:0}
2019-09-24 19:08:39,402 [8235ba63-995e-4441-8e46-a34f9717543a@group-BF00DF91DD87:LeaderElection221] INFO  server.RaftServerConfigKeys (ConfUtils.java:logGet(43)) - raft.server.watch.element-limit = 65536 (default)
2019-09-24 19:08:39,409 [main] INFO  handler.ContextHandler (ContextHandler.java:doStop(910)) - Stopped o.e.j.s.ServletContextHandler@20216016{/static,jar:file:/home/user/.m2/repository/org/apache/hadoop/hadoop-hdds-container-service/0.5.0-SNAPSHOT/hadoop-hdds-container-service-0.5.0-SNAPSHOT.jar!/webapps/static,UNAVAILABLE}
2019-09-24 19:08:39,409 [ForkJoinPool.commonPool-worker-1] INFO  handler.ContextHandler (ContextHandler.java:doStop(910)) - Stopped o.e.j.s.ServletContextHandler@77aea{/logs,file:///workdir/hadoop-ozone/integration-test/target/log,UNAVAILABLE}
2019-09-24 19:08:39,406 [pool-546-thread-1] INFO  server.RaftServerConfigKeys (ConfUtils.java:logGet(43)) - raft.server.log.statemachine.data.caching.enabled = true (custom)
2019-09-24 19:08:39,406 [pool-506-thread-1] INFO  segmented.SegmentedRaftLogWorker (SegmentedRaftLogWorker.java:lambda$new$0(132)) - 2301f1b0-893f-4443-acec-e918286f3c24@group-DD0F18FA726D-SegmentedRaftLogWorker: flushIndex: setUnconditionally 0 -> -1
2019-09-24 19:08:39,406 [pool-576-thread-1] INFO  segmented.SegmentedRaftLogWorker (SegmentedRaftLogWorker.java:<init>(172)) - new 0c8dc4a6-8d6b-4759-9996-474f61414cd5@group-DD0F18FA726D-SegmentedRaftLogWorker for RaftStorage:Storage Directory /workdir/hadoop-ozone/integration-test/target/test-dir/MiniOzoneClusterImpl-6223b62d-fae7-42c6-9f07-44d8c3bb99d0/datanode-7/data/ratis/59281e9e-9d11-499e-b3bd-dd0f18fa726d
2019-09-24 19:08:39,411 [pool-546-thread-1] INFO  segmented.SegmentedRaftLogWorker (SegmentedRaftLogWorker.java:lambda$new$0(132)) - 2e29e414-edf9-4b10-a5cb-2050908d7d76@group-DD0F18FA726D-SegmentedRaftLogWorker: flushIndex: setUnconditionally 0 -> -1
2019-09-24 19:08:39,410 [main] INFO  handler.ContextHandler (ContextHandler.java:doStop(910)) - Stopped o.e.j.s.ServletContextHandler@4ae8fb2a{/logs,file:///workdir/hadoop-ozone/integration-test/target/log,UNAVAILABLE}
2019-09-24 19:08:39,411 [pool-506-thread-1] INFO  server.RaftServerConfigKeys (ConfUtils.java:logGet(43)) - raft.server.snapshot.auto.trigger.enabled = true (custom)
2019-09-24 19:08:39,411 [pool-576-thread-1] INFO  server.RaftServerConfigKeys (ConfUtils.java:logGet(43)) - raft.server.log.queue.byte-limit = 2147483647 (custom)
2019-09-24 19:08:39,412 [pool-546-thread-1] INFO  server.RaftServerConfigKeys (ConfUtils.java:logGet(43)) - raft.server.snapshot.auto.trigger.enabled = true (custom)
2019-09-24 19:08:39,412 [pool-506-thread-1] INFO  server.RaftServerConfigKeys (ConfUtils.java:logGet(43)) - raft.server.snapshot.auto.trigger.threshold = 10000 (custom)
2019-09-24 19:08:39,412 [pool-546-thread-1] INFO  server.RaftServerConfigKeys (ConfUtils.java:logGet(43)) - raft.server.snapshot.auto.trigger.threshold = 10000 (custom)
2019-09-24 19:08:39,413 [pool-546-thread-1] INFO  server.RaftServerConfigKeys (ConfUtils.java:logGet(43)) - raft.server.snapshot.retention.num.files = 5 (custom)
2019-09-24 19:08:39,412 [pool-576-thread-1] INFO  server.RaftServerConfigKeys (ConfUtils.java:logGet(43)) - raft.server.log.queue.element-limit = 1024 (custom)
2019-09-24 19:08:39,413 [pool-546-thread-1] INFO  server.RaftServerConfigKeys (ConfUtils.java:logGet(43)) - raft.server.retrycache.expirytime = 600000ms (custom)
2019-09-24 19:08:39,413 [8235ba63-995e-4441-8e46-a34f9717543a@group-BF00DF91DD87:LeaderElection221] INFO  impl.RoleInfo (RoleInfo.java:updateAndGet(143)) - 8235ba63-995e-4441-8e46-a34f9717543a: start LeaderState
2019-09-24 19:08:39,412 [pool-506-thread-1] INFO  server.RaftServerConfigKeys (ConfUtils.java:logGet(43)) - raft.server.snapshot.retention.num.files = 5 (custom)
2019-09-24 19:08:39,414 [8235ba63-995e-4441-8e46-a34f9717543a@group-BF00DF91DD87:LeaderElection221] INFO  segmented.SegmentedRaftLogWorker (SegmentedRaftLogWorker.java:startLogSegment(380)) - 8235ba63-995e-4441-8e46-a34f9717543a@group-BF00DF91DD87-SegmentedRaftLogWorker: Starting segment from index:0
2019-09-24 19:08:39,413 [pool-576-thread-1] INFO  server.RaftServerConfigKeys (ConfUtils.java:logGet(43)) - raft.server.log.segment.size.max = 1048576 (custom)
2019-09-24 19:08:39,414 [pool-506-thread-1] INFO  server.RaftServerConfigKeys (ConfUtils.java:logGet(43)) - raft.server.retrycache.expirytime = 600000ms (custom)
2019-09-24 19:08:39,414 [pool-576-thread-1] INFO  server.RaftServerConfigKeys (ConfUtils.java:logGet(43)) - raft.server.log.preallocated.size = 16384 (custom)
2019-09-24 19:08:39,414 [pool-576-thread-1] INFO  server.RaftServerConfigKeys (ConfUtils.java:logGet(43)) - raft.server.log.write.buffer.size = 33554432 (custom)
2019-09-24 19:08:39,414 [8235ba63-995e-4441-8e46-a34f9717543a@group-BF00DF91DD87:LeaderElection221] INFO  impl.RaftServerImpl (ServerState.java:setRaftConf(354)) - 8235ba63-995e-4441-8e46-a34f9717543a@group-BF00DF91DD87: set configuration 0: [8235ba63-995e-4441-8e46-a34f9717543a:192.168.5.148:38637], old=null at 0
2019-09-24 19:08:39,415 [pool-576-thread-1] INFO  server.RaftServerConfigKeys (ConfUtils.java:logGet(43)) - raft.server.log.force.sync.num = 128 (default)
2019-09-24 19:08:39,415 [pool-576-thread-1] INFO  server.RaftServerConfigKeys (ConfUtils.java:logGet(43)) - raft.server.log.statemachine.data.sync = true (default)
2019-09-24 19:08:39,415 [pool-576-thread-1] INFO  server.RaftServerConfigKeys (ConfUtils.java:logGet(43)) - raft.server.log.statemachine.data.sync.timeout = 10s (default)
2019-09-24 19:08:39,415 [pool-576-thread-1] INFO  server.RaftServerConfigKeys (ConfUtils.java:logGet(43)) - raft.server.log.statemachine.data.sync.timeout.retry = -1 (default)
2019-09-24 19:08:39,415 [pool-576-thread-1] INFO  server.RaftServerConfigKeys (ConfUtils.java:logGet(43)) - raft.server.log.statemachine.data.caching.enabled = true (custom)
2019-09-24 19:08:39,415 [pool-546-thread-1] INFO  impl.RaftServerImpl (RaftServerImpl.java:start(185)) - 2e29e414-edf9-4b10-a5cb-2050908d7d76@group-24C9ADE1A15D: start as a follower, conf=-1: [2301f1b0-893f-4443-acec-e918286f3c24:192.168.5.148:45459, 2e29e414-edf9-4b10-a5cb-2050908d7d76:192.168.5.148:45815, 0c8dc4a6-8d6b-4759-9996-474f61414cd5:192.168.5.148:45865], old=null
2019-09-24 19:08:39,416 [pool-546-thread-1] INFO  impl.RaftServerImpl (RaftServerImpl.java:setRole(174)) - 2e29e414-edf9-4b10-a5cb-2050908d7d76@group-24C9ADE1A15D: changes role from      null to FOLLOWER at term 0 for startAsFollower
2019-09-24 19:08:39,416 [pool-546-thread-1] INFO  impl.RoleInfo (RoleInfo.java:updateAndGet(143)) - 2e29e414-edf9-4b10-a5cb-2050908d7d76: start FollowerState
2019-09-24 19:08:39,416 [pool-546-thread-1] INFO  util.JmxRegister (JmxRegister.java:tryRegister(44)) - Successfully registered JMX Bean with object name Ratis:service=RaftServer,group=group-24C9ADE1A15D,id=2e29e414-edf9-4b10-a5cb-2050908d7d76
2019-09-24 19:08:39,417 [pool-576-thread-1] INFO  segmented.SegmentedRaftLogWorker (SegmentedRaftLogWorker.java:lambda$new$0(132)) - 0c8dc4a6-8d6b-4759-9996-474f61414cd5@group-DD0F18FA726D-SegmentedRaftLogWorker: flushIndex: setUnconditionally 0 -> -1
2019-09-24 19:08:39,417 [pool-546-thread-1] INFO  impl.RaftServerImpl (RaftServerImpl.java:start(185)) - 2e29e414-edf9-4b10-a5cb-2050908d7d76@group-DD0F18FA726D: start as a follower, conf=-1: [2301f1b0-893f-4443-acec-e918286f3c24:192.168.5.148:45459, 2e29e414-edf9-4b10-a5cb-2050908d7d76:192.168.5.148:45815, 0c8dc4a6-8d6b-4759-9996-474f61414cd5:192.168.5.148:45865], old=null
2019-09-24 19:08:39,417 [pool-576-thread-1] INFO  server.RaftServerConfigKeys (ConfUtils.java:logGet(43)) - raft.server.snapshot.auto.trigger.enabled = true (custom)
2019-09-24 19:08:39,417 [pool-546-thread-1] INFO  impl.RaftServerImpl (RaftServerImpl.java:setRole(174)) - 2e29e414-edf9-4b10-a5cb-2050908d7d76@group-DD0F18FA726D: changes role from      null to FOLLOWER at term 0 for startAsFollower
2019-09-24 19:08:39,417 [pool-576-thread-1] INFO  server.RaftServerConfigKeys (ConfUtils.java:logGet(43)) - raft.server.snapshot.auto.trigger.threshold = 10000 (custom)
2019-09-24 19:08:39,418 [pool-546-thread-1] INFO  impl.RoleInfo (RoleInfo.java:updateAndGet(143)) - 2e29e414-edf9-4b10-a5cb-2050908d7d76: start FollowerState
2019-09-24 19:08:39,418 [pool-576-thread-1] INFO  server.RaftServerConfigKeys (ConfUtils.java:logGet(43)) - raft.server.snapshot.retention.num.files = 5 (custom)
2019-09-24 19:08:39,418 [pool-506-thread-1] INFO  impl.RaftServerImpl (RaftServerImpl.java:start(185)) - 2301f1b0-893f-4443-acec-e918286f3c24@group-24C9ADE1A15D: start as a follower, conf=-1: [2301f1b0-893f-4443-acec-e918286f3c24:192.168.5.148:45459, 2e29e414-edf9-4b10-a5cb-2050908d7d76:192.168.5.148:45815, 0c8dc4a6-8d6b-4759-9996-474f61414cd5:192.168.5.148:45865], old=null
2019-09-24 19:08:39,418 [pool-546-thread-1] INFO  util.JmxRegister (JmxRegister.java:tryRegister(44)) - Successfully registered JMX Bean with object name Ratis:service=RaftServer,group=group-DD0F18FA726D,id=2e29e414-edf9-4b10-a5cb-2050908d7d76
2019-09-24 19:08:39,418 [pool-576-thread-1] INFO  server.RaftServerConfigKeys (ConfUtils.java:logGet(43)) - raft.server.retrycache.expirytime = 600000ms (custom)
2019-09-24 19:08:39,418 [pool-506-thread-1] INFO  impl.RaftServerImpl (RaftServerImpl.java:setRole(174)) - 2301f1b0-893f-4443-acec-e918286f3c24@group-24C9ADE1A15D: changes role from      null to FOLLOWER at term 0 for startAsFollower
2019-09-24 19:08:39,419 [pool-506-thread-1] INFO  impl.RoleInfo (RoleInfo.java:updateAndGet(143)) - 2301f1b0-893f-4443-acec-e918286f3c24: start FollowerState
2019-09-24 19:08:39,420 [pool-506-thread-1] INFO  util.JmxRegister (JmxRegister.java:tryRegister(44)) - Successfully registered JMX Bean with object name Ratis:service=RaftServer,group=group-24C9ADE1A15D,id=2301f1b0-893f-4443-acec-e918286f3c24
2019-09-24 19:08:39,420 [pool-506-thread-1] INFO  impl.RaftServerImpl (RaftServerImpl.java:start(185)) - 2301f1b0-893f-4443-acec-e918286f3c24@group-DD0F18FA726D: start as a follower, conf=-1: [2301f1b0-893f-4443-acec-e918286f3c24:192.168.5.148:45459, 2e29e414-edf9-4b10-a5cb-2050908d7d76:192.168.5.148:45815, 0c8dc4a6-8d6b-4759-9996-474f61414cd5:192.168.5.148:45865], old=null
2019-09-24 19:08:39,421 [pool-506-thread-1] INFO  impl.RaftServerImpl (RaftServerImpl.java:setRole(174)) - 2301f1b0-893f-4443-acec-e918286f3c24@group-DD0F18FA726D: changes role from      null to FOLLOWER at term 0 for startAsFollower
2019-09-24 19:08:39,421 [pool-576-thread-1] INFO  impl.RaftServerImpl (RaftServerImpl.java:start(185)) - 0c8dc4a6-8d6b-4759-9996-474f61414cd5@group-24C9ADE1A15D: start as a follower, conf=-1: [2301f1b0-893f-4443-acec-e918286f3c24:192.168.5.148:45459, 2e29e414-edf9-4b10-a5cb-2050908d7d76:192.168.5.148:45815, 0c8dc4a6-8d6b-4759-9996-474f61414cd5:192.168.5.148:45865], old=null
2019-09-24 19:08:39,421 [pool-506-thread-1] INFO  impl.RoleInfo (RoleInfo.java:updateAndGet(143)) - 2301f1b0-893f-4443-acec-e918286f3c24: start FollowerState
2019-09-24 19:08:39,421 [pool-576-thread-1] INFO  impl.RaftServerImpl (RaftServerImpl.java:setRole(174)) - 0c8dc4a6-8d6b-4759-9996-474f61414cd5@group-24C9ADE1A15D: changes role from      null to FOLLOWER at term 0 for startAsFollower
2019-09-24 19:08:39,421 [pool-576-thread-1] INFO  impl.RoleInfo (RoleInfo.java:updateAndGet(143)) - 0c8dc4a6-8d6b-4759-9996-474f61414cd5: start FollowerState
2019-09-24 19:08:39,422 [pool-506-thread-1] INFO  util.JmxRegister (JmxRegister.java:tryRegister(44)) - Successfully registered JMX Bean with object name Ratis:service=RaftServer,group=group-DD0F18FA726D,id=2301f1b0-893f-4443-acec-e918286f3c24
2019-09-24 19:08:39,422 [pool-576-thread-1] INFO  util.JmxRegister (JmxRegister.java:tryRegister(44)) - Successfully registered JMX Bean with object name Ratis:service=RaftServer,group=group-24C9ADE1A15D,id=0c8dc4a6-8d6b-4759-9996-474f61414cd5
2019-09-24 19:08:39,423 [pool-576-thread-1] INFO  impl.RaftServerImpl (RaftServerImpl.java:start(185)) - 0c8dc4a6-8d6b-4759-9996-474f61414cd5@group-DD0F18FA726D: start as a follower, conf=-1: [2301f1b0-893f-4443-acec-e918286f3c24:192.168.5.148:45459, 2e29e414-edf9-4b10-a5cb-2050908d7d76:192.168.5.148:45815, 0c8dc4a6-8d6b-4759-9996-474f61414cd5:192.168.5.148:45865], old=null
2019-09-24 19:08:39,423 [pool-576-thread-1] INFO  impl.RaftServerImpl (RaftServerImpl.java:setRole(174)) - 0c8dc4a6-8d6b-4759-9996-474f61414cd5@group-DD0F18FA726D: changes role from      null to FOLLOWER at term 0 for startAsFollower
2019-09-24 19:08:39,423 [pool-576-thread-1] INFO  impl.RoleInfo (RoleInfo.java:updateAndGet(143)) - 0c8dc4a6-8d6b-4759-9996-474f61414cd5: start FollowerState
2019-09-24 19:08:39,423 [pool-576-thread-1] INFO  util.JmxRegister (JmxRegister.java:tryRegister(44)) - Successfully registered JMX Bean with object name Ratis:service=RaftServer,group=group-DD0F18FA726D,id=0c8dc4a6-8d6b-4759-9996-474f61414cd5
2019-09-24 19:08:39,467 [8235ba63-995e-4441-8e46-a34f9717543a@group-BF00DF91DD87-SegmentedRaftLogWorker] INFO  segmented.SegmentedRaftLogWorker (SegmentedRaftLogWorker.java:execute(569)) - 8235ba63-995e-4441-8e46-a34f9717543a@group-BF00DF91DD87-SegmentedRaftLogWorker: created new log segment /workdir/hadoop-ozone/integration-test/target/test-dir/MiniOzoneClusterImpl-6223b62d-fae7-42c6-9f07-44d8c3bb99d0/datanode-1/data/ratis/dd8b83b3-cd71-4156-a6b2-bf00df91dd87/current/log_inprogress_0
2019-09-24 19:08:39,611 [Datanode State Machine Thread - 0] INFO  statemachine.DatanodeStateMachine (DatanodeStateMachine.java:lambda$startDaemon$0(350)) - Ozone container server started.
2019-09-24 19:08:39,824 [Datanode State Machine Thread - 0] INFO  statemachine.DatanodeStateMachine (DatanodeStateMachine.java:lambda$startDaemon$0(350)) - Ozone container server started.
2019-09-24 19:08:40,505 [Thread-3560] INFO  impl.FollowerState (FollowerState.java:run(106)) - 2e29e414-edf9-4b10-a5cb-2050908d7d76:group-24C9ADE1A15D changes to CANDIDATE, lastRpcTime:1088, electionTimeout:1088ms
2019-09-24 19:08:40,505 [Thread-3560] INFO  impl.RoleInfo (RoleInfo.java:shutdownFollowerState(121)) - 2e29e414-edf9-4b10-a5cb-2050908d7d76: shutdown FollowerState
2019-09-24 19:08:40,505 [Thread-3560] INFO  impl.RaftServerImpl (RaftServerImpl.java:setRole(174)) - 2e29e414-edf9-4b10-a5cb-2050908d7d76@group-24C9ADE1A15D: changes role from  FOLLOWER to CANDIDATE at term 0 for changeToCandidate
2019-09-24 19:08:40,505 [Thread-3560] INFO  impl.RoleInfo (RoleInfo.java:updateAndGet(143)) - 2e29e414-edf9-4b10-a5cb-2050908d7d76: start LeaderElection
2019-09-24 19:08:40,511 [Thread-3562] INFO  impl.FollowerState (FollowerState.java:run(106)) - 2e29e414-edf9-4b10-a5cb-2050908d7d76:group-DD0F18FA726D changes to CANDIDATE, lastRpcTime:1093, electionTimeout:1090ms
2019-09-24 19:08:40,514 [Thread-3562] INFO  impl.RoleInfo (RoleInfo.java:shutdownFollowerState(121)) - 2e29e414-edf9-4b10-a5cb-2050908d7d76: shutdown FollowerState
2019-09-24 19:08:40,514 [Thread-3562] INFO  impl.RaftServerImpl (RaftServerImpl.java:setRole(174)) - 2e29e414-edf9-4b10-a5cb-2050908d7d76@group-DD0F18FA726D: changes role from  FOLLOWER to CANDIDATE at term 0 for changeToCandidate
2019-09-24 19:08:40,514 [Thread-3562] INFO  impl.RoleInfo (RoleInfo.java:updateAndGet(143)) - 2e29e414-edf9-4b10-a5cb-2050908d7d76: start LeaderElection
2019-09-24 19:08:40,573 [Thread-3571] INFO  impl.FollowerState (FollowerState.java:run(106)) - 0c8dc4a6-8d6b-4759-9996-474f61414cd5:group-DD0F18FA726D changes to CANDIDATE, lastRpcTime:1149, electionTimeout:1149ms
2019-09-24 19:08:40,573 [Thread-3571] INFO  impl.RoleInfo (RoleInfo.java:shutdownFollowerState(121)) - 0c8dc4a6-8d6b-4759-9996-474f61414cd5: shutdown FollowerState
2019-09-24 19:08:40,573 [Thread-3571] INFO  impl.RaftServerImpl (RaftServerImpl.java:setRole(174)) - 0c8dc4a6-8d6b-4759-9996-474f61414cd5@group-DD0F18FA726D: changes role from  FOLLOWER to CANDIDATE at term 0 for changeToCandidate
2019-09-24 19:08:40,573 [Thread-3571] INFO  impl.RoleInfo (RoleInfo.java:updateAndGet(143)) - 0c8dc4a6-8d6b-4759-9996-474f61414cd5: start LeaderElection
2019-09-24 19:08:40,580 [Thread-3567] INFO  impl.FollowerState (FollowerState.java:run(106)) - 2301f1b0-893f-4443-acec-e918286f3c24:group-DD0F18FA726D changes to CANDIDATE, lastRpcTime:1158, electionTimeout:1158ms
2019-09-24 19:08:40,580 [Thread-3567] INFO  impl.RoleInfo (RoleInfo.java:shutdownFollowerState(121)) - 2301f1b0-893f-4443-acec-e918286f3c24: shutdown FollowerState
2019-09-24 19:08:40,580 [Thread-3567] INFO  impl.RaftServerImpl (RaftServerImpl.java:setRole(174)) - 2301f1b0-893f-4443-acec-e918286f3c24@group-DD0F18FA726D: changes role from  FOLLOWER to CANDIDATE at term 0 for changeToCandidate
2019-09-24 19:08:40,580 [Thread-3567] INFO  impl.RoleInfo (RoleInfo.java:updateAndGet(143)) - 2301f1b0-893f-4443-acec-e918286f3c24: start LeaderElection
2019-09-24 19:08:40,586 [Thread-3568] INFO  impl.FollowerState (FollowerState.java:run(106)) - 0c8dc4a6-8d6b-4759-9996-474f61414cd5:group-24C9ADE1A15D changes to CANDIDATE, lastRpcTime:1164, electionTimeout:1164ms
2019-09-24 19:08:40,587 [Thread-3568] INFO  impl.RoleInfo (RoleInfo.java:shutdownFollowerState(121)) - 0c8dc4a6-8d6b-4759-9996-474f61414cd5: shutdown FollowerState
2019-09-24 19:08:40,587 [Thread-3568] INFO  impl.RaftServerImpl (RaftServerImpl.java:setRole(174)) - 0c8dc4a6-8d6b-4759-9996-474f61414cd5@group-24C9ADE1A15D: changes role from  FOLLOWER to CANDIDATE at term 0 for changeToCandidate
2019-09-24 19:08:40,587 [Thread-3568] INFO  impl.RoleInfo (RoleInfo.java:updateAndGet(143)) - 0c8dc4a6-8d6b-4759-9996-474f61414cd5: start LeaderElection
2019-09-24 19:08:40,592 [Thread-3565] INFO  impl.FollowerState (FollowerState.java:run(106)) - 2301f1b0-893f-4443-acec-e918286f3c24:group-24C9ADE1A15D changes to CANDIDATE, lastRpcTime:1173, electionTimeout:1171ms
2019-09-24 19:08:40,593 [Thread-3565] INFO  impl.RoleInfo (RoleInfo.java:shutdownFollowerState(121)) - 2301f1b0-893f-4443-acec-e918286f3c24: shutdown FollowerState
2019-09-24 19:08:40,593 [Thread-3565] INFO  impl.RaftServerImpl (RaftServerImpl.java:setRole(174)) - 2301f1b0-893f-4443-acec-e918286f3c24@group-24C9ADE1A15D: changes role from  FOLLOWER to CANDIDATE at term 0 for changeToCandidate
2019-09-24 19:08:40,593 [Thread-3565] INFO  impl.RoleInfo (RoleInfo.java:updateAndGet(143)) - 2301f1b0-893f-4443-acec-e918286f3c24: start LeaderElection
2019-09-24 19:08:44,412 [ForkJoinPool.commonPool-worker-1] INFO  ozoneimpl.OzoneContainer (OzoneContainer.java:stop(231)) - Attempting to stop container services.
2019-09-24 19:08:44,413 [ForkJoinPool.commonPool-worker-1] INFO  impl.RaftServerProxy (RaftServerProxy.java:lambda$close$4(314)) - ae9164ac-43f6-4213-a4a0-c147d76cd47e: close
2019-09-24 19:08:44,413 [ForkJoinPool.commonPool-worker-1] INFO  server.GrpcService (GrpcService.java:closeImpl(164)) - ae9164ac-43f6-4213-a4a0-c147d76cd47e: shutdown server with port 33440 now
2019-09-24 19:08:44,413 [main] INFO  ozoneimpl.OzoneContainer (OzoneContainer.java:stop(231)) - Attempting to stop container services.
2019-09-24 19:08:44,414 [ForkJoinPool.commonPool-worker-1] INFO  server.GrpcService (GrpcService.java:closeImpl(172)) - ae9164ac-43f6-4213-a4a0-c147d76cd47e: shutdown server with port 33440 successfully
2019-09-24 19:08:44,414 [main] INFO  impl.RaftServerProxy (RaftServerProxy.java:lambda$close$4(314)) - 89574930-d6d8-4a5c-9152-f2855de8ae21: close
2019-09-24 19:08:44,415 [main] INFO  server.GrpcService (GrpcService.java:closeImpl(164)) - 89574930-d6d8-4a5c-9152-f2855de8ae21: shutdown server with port 43426 now
2019-09-24 19:08:44,416 [main] INFO  server.GrpcService (GrpcService.java:closeImpl(172)) - 89574930-d6d8-4a5c-9152-f2855de8ae21: shutdown server with port 43426 successfully
2019-09-24 19:08:44,418 [refreshUsed-/workdir/hadoop-ozone/integration-test/target/test-dir/MiniOzoneClusterImpl-6223b62d-fae7-42c6-9f07-44d8c3bb99d0/datanode-3/data/containers] WARN  fs.CachingGetSpaceUsed (CachingGetSpaceUsed.java:run(183)) - Thread Interrupted waiting to refresh disk information: sleep interrupted
2019-09-24 19:08:44,420 [refreshUsed-/workdir/hadoop-ozone/integration-test/target/test-dir/MiniOzoneClusterImpl-6223b62d-fae7-42c6-9f07-44d8c3bb99d0/datanode-6/data/containers] WARN  fs.CachingGetSpaceUsed (CachingGetSpaceUsed.java:run(183)) - Thread Interrupted waiting to refresh disk information: sleep interrupted
2019-09-24 19:08:44,443 [ForkJoinPool.commonPool-worker-1] INFO  utils.BackgroundService (BackgroundService.java:shutdown(148)) - Shutting down service BlockDeletingService
2019-09-24 19:08:44,454 [ForkJoinPool.commonPool-worker-1] INFO  statemachine.DatanodeStateMachine (DatanodeStateMachine.java:stopDaemon(395)) - Ozone container server stopped.
2019-09-24 19:08:44,459 [main] INFO  utils.BackgroundService (BackgroundService.java:shutdown(148)) - Shutting down service BlockDeletingService
2019-09-24 19:08:44,466 [main] INFO  statemachine.DatanodeStateMachine (DatanodeStateMachine.java:stopDaemon(395)) - Ozone container server stopped.
2019-09-24 19:08:44,470 [ForkJoinPool.commonPool-worker-1] INFO  handler.ContextHandler (ContextHandler.java:doStop(910)) - Stopped o.e.j.w.WebAppContext@4c176ff1{/,null,UNAVAILABLE}{/hddsDatanode}
2019-09-24 19:08:44,470 [main] INFO  handler.ContextHandler (ContextHandler.java:doStop(910)) - Stopped o.e.j.w.WebAppContext@1510b9a2{/,null,UNAVAILABLE}{/hddsDatanode}
2019-09-24 19:08:44,470 [ForkJoinPool.commonPool-worker-1] INFO  server.AbstractConnector (AbstractConnector.java:doStop(318)) - Stopped ServerConnector@27c53c32{HTTP/1.1,[http/1.1]}{0.0.0.0:0}
2019-09-24 19:08:44,471 [main] INFO  server.AbstractConnector (AbstractConnector.java:doStop(318)) - Stopped ServerConnector@76a6f045{HTTP/1.1,[http/1.1]}{0.0.0.0:0}
2019-09-24 19:08:44,473 [ForkJoinPool.commonPool-worker-1] INFO  handler.ContextHandler (ContextHandler.java:doStop(910)) - Stopped o.e.j.s.ServletContextHandler@3e9beef2{/static,jar:file:/home/user/.m2/repository/org/apache/hadoop/hadoop-hdds-container-service/0.5.0-SNAPSHOT/hadoop-hdds-container-service-0.5.0-SNAPSHOT.jar!/webapps/static,UNAVAILABLE}
2019-09-24 19:08:44,473 [main] INFO  handler.ContextHandler (ContextHandler.java:doStop(910)) - Stopped o.e.j.s.ServletContextHandler@4e974b9e{/static,jar:file:/home/user/.m2/repository/org/apache/hadoop/hadoop-hdds-container-service/0.5.0-SNAPSHOT/hadoop-hdds-container-service-0.5.0-SNAPSHOT.jar!/webapps/static,UNAVAILABLE}
2019-09-24 19:08:44,476 [ForkJoinPool.commonPool-worker-1] INFO  handler.ContextHandler (ContextHandler.java:doStop(910)) - Stopped o.e.j.s.ServletContextHandler@1b30a54e{/logs,file:///workdir/hadoop-ozone/integration-test/target/log,UNAVAILABLE}
2019-09-24 19:08:44,476 [main] INFO  handler.ContextHandler (ContextHandler.java:doStop(910)) - Stopped o.e.j.s.ServletContextHandler@7ae590f6{/logs,file:///workdir/hadoop-ozone/integration-test/target/log,UNAVAILABLE}
2019-09-24 19:08:44,520 [0c8dc4a6-8d6b-4759-9996-474f61414cd5@group-DD0F18FA726D:LeaderElection224] INFO  impl.LeaderElection (LeaderElection.java:askForVotes(182)) - 0c8dc4a6-8d6b-4759-9996-474f61414cd5@group-DD0F18FA726D:LeaderElection224: begin an election at term 1 for -1: [2301f1b0-893f-4443-acec-e918286f3c24:192.168.5.148:45459, 2e29e414-edf9-4b10-a5cb-2050908d7d76:192.168.5.148:45815, 0c8dc4a6-8d6b-4759-9996-474f61414cd5:192.168.5.148:45865], old=null
2019-09-24 19:08:44,520 [2e29e414-edf9-4b10-a5cb-2050908d7d76@group-24C9ADE1A15D:LeaderElection222] INFO  impl.LeaderElection (LeaderElection.java:askForVotes(182)) - 2e29e414-edf9-4b10-a5cb-2050908d7d76@group-24C9ADE1A15D:LeaderElection222: begin an election at term 1 for -1: [2301f1b0-893f-4443-acec-e918286f3c24:192.168.5.148:45459, 2e29e414-edf9-4b10-a5cb-2050908d7d76:192.168.5.148:45815, 0c8dc4a6-8d6b-4759-9996-474f61414cd5:192.168.5.148:45865], old=null
2019-09-24 19:08:44,520 [2301f1b0-893f-4443-acec-e918286f3c24@group-DD0F18FA726D:LeaderElection225] INFO  impl.LeaderElection (LeaderElection.java:askForVotes(182)) - 2301f1b0-893f-4443-acec-e918286f3c24@group-DD0F18FA726D:LeaderElection225: begin an election at term 1 for -1: [2301f1b0-893f-4443-acec-e918286f3c24:192.168.5.148:45459, 2e29e414-edf9-4b10-a5cb-2050908d7d76:192.168.5.148:45815, 0c8dc4a6-8d6b-4759-9996-474f61414cd5:192.168.5.148:45865], old=null
2019-09-24 19:08:44,520 [0c8dc4a6-8d6b-4759-9996-474f61414cd5@group-24C9ADE1A15D:LeaderElection226] INFO  impl.LeaderElection (LeaderElection.java:askForVotes(182)) - 0c8dc4a6-8d6b-4759-9996-474f61414cd5@group-24C9ADE1A15D:LeaderElection226: begin an election at term 1 for -1: [2301f1b0-893f-4443-acec-e918286f3c24:192.168.5.148:45459, 2e29e414-edf9-4b10-a5cb-2050908d7d76:192.168.5.148:45815, 0c8dc4a6-8d6b-4759-9996-474f61414cd5:192.168.5.148:45865], old=null
2019-09-24 19:08:44,520 [2301f1b0-893f-4443-acec-e918286f3c24@group-24C9ADE1A15D:LeaderElection227] INFO  impl.LeaderElection (LeaderElection.java:askForVotes(182)) - 2301f1b0-893f-4443-acec-e918286f3c24@group-24C9ADE1A15D:LeaderElection227: begin an election at term 1 for -1: [2301f1b0-893f-4443-acec-e918286f3c24:192.168.5.148:45459, 2e29e414-edf9-4b10-a5cb-2050908d7d76:192.168.5.148:45815, 0c8dc4a6-8d6b-4759-9996-474f61414cd5:192.168.5.148:45865], old=null
2019-09-24 19:08:44,520 [2e29e414-edf9-4b10-a5cb-2050908d7d76@group-DD0F18FA726D:LeaderElection223] INFO  impl.LeaderElection (LeaderElection.java:askForVotes(182)) - 2e29e414-edf9-4b10-a5cb-2050908d7d76@group-DD0F18FA726D:LeaderElection223: begin an election at term 1 for -1: [2301f1b0-893f-4443-acec-e918286f3c24:192.168.5.148:45459, 2e29e414-edf9-4b10-a5cb-2050908d7d76:192.168.5.148:45815, 0c8dc4a6-8d6b-4759-9996-474f61414cd5:192.168.5.148:45865], old=null
2019-09-24 19:08:44,533 [0c8dc4a6-8d6b-4759-9996-474f61414cd5@group-24C9ADE1A15D:LeaderElection226] INFO  impl.LeaderElection (LeaderElection.java:logAndReturn(56)) - 0c8dc4a6-8d6b-4759-9996-474f61414cd5@group-24C9ADE1A15D:LeaderElection226: Election REJECTED; received 2 response(s) [0c8dc4a6-8d6b-4759-9996-474f61414cd5<-2301f1b0-893f-4443-acec-e918286f3c24#0:FAIL-t1, 0c8dc4a6-8d6b-4759-9996-474f61414cd5<-2e29e414-edf9-4b10-a5cb-2050908d7d76#0:FAIL-t1] and 0 exception(s); 0c8dc4a6-8d6b-4759-9996-474f61414cd5@group-24C9ADE1A15D:t1, leader=null, voted=0c8dc4a6-8d6b-4759-9996-474f61414cd5, raftlog=0c8dc4a6-8d6b-4759-9996-474f61414cd5@group-24C9ADE1A15D-SegmentedRaftLog:OPENED:c-1,f-1,i0, conf=-1: [2301f1b0-893f-4443-acec-e918286f3c24:192.168.5.148:45459, 2e29e414-edf9-4b10-a5cb-2050908d7d76:192.168.5.148:45815, 0c8dc4a6-8d6b-4759-9996-474f61414cd5:192.168.5.148:45865], old=null
2019-09-24 19:08:44,533 [0c8dc4a6-8d6b-4759-9996-474f61414cd5@group-24C9ADE1A15D:LeaderElection226] INFO  impl.RaftServerImpl (RaftServerImpl.java:setRole(174)) - 0c8dc4a6-8d6b-4759-9996-474f61414cd5@group-24C9ADE1A15D: changes role from CANDIDATE to FOLLOWER at term 1 for DISCOVERED_A_NEW_TERM
2019-09-24 19:08:44,534 [0c8dc4a6-8d6b-4759-9996-474f61414cd5@group-24C9ADE1A15D:LeaderElection226] INFO  impl.RoleInfo (RoleInfo.java:shutdownLeaderElection(134)) - 0c8dc4a6-8d6b-4759-9996-474f61414cd5: shutdown LeaderElection
2019-09-24 19:08:44,534 [0c8dc4a6-8d6b-4759-9996-474f61414cd5@group-24C9ADE1A15D:LeaderElection226] INFO  impl.RoleInfo (RoleInfo.java:updateAndGet(143)) - 0c8dc4a6-8d6b-4759-9996-474f61414cd5: start FollowerState
2019-09-24 19:08:44,536 [2e29e414-edf9-4b10-a5cb-2050908d7d76@group-DD0F18FA726D:LeaderElection223] INFO  impl.LeaderElection (LeaderElection.java:logAndReturn(56)) - 2e29e414-edf9-4b10-a5cb-2050908d7d76@group-DD0F18FA726D:LeaderElection223: Election REJECTED; received 2 response(s) [2e29e414-edf9-4b10-a5cb-2050908d7d76<-2301f1b0-893f-4443-acec-e918286f3c24#0:FAIL-t1, 2e29e414-edf9-4b10-a5cb-2050908d7d76<-0c8dc4a6-8d6b-4759-9996-474f61414cd5#0:FAIL-t1] and 0 exception(s); 2e29e414-edf9-4b10-a5cb-2050908d7d76@group-DD0F18FA726D:t1, leader=null, voted=2e29e414-edf9-4b10-a5cb-2050908d7d76, raftlog=2e29e414-edf9-4b10-a5cb-2050908d7d76@group-DD0F18FA726D-SegmentedRaftLog:OPENED:c-1,f-1,i0, conf=-1: [2301f1b0-893f-4443-acec-e918286f3c24:192.168.5.148:45459, 2e29e414-edf9-4b10-a5cb-2050908d7d76:192.168.5.148:45815, 0c8dc4a6-8d6b-4759-9996-474f61414cd5:192.168.5.148:45865], old=null
2019-09-24 19:08:44,536 [2e29e414-edf9-4b10-a5cb-2050908d7d76@group-DD0F18FA726D:LeaderElection223] INFO  impl.RaftServerImpl (RaftServerImpl.java:setRole(174)) - 2e29e414-edf9-4b10-a5cb-2050908d7d76@group-DD0F18FA726D: changes role from CANDIDATE to FOLLOWER at term 1 for DISCOVERED_A_NEW_TERM
2019-09-24 19:08:44,536 [2e29e414-edf9-4b10-a5cb-2050908d7d76@group-DD0F18FA726D:LeaderElection223] INFO  impl.RoleInfo (RoleInfo.java:shutdownLeaderElection(134)) - 2e29e414-edf9-4b10-a5cb-2050908d7d76: shutdown LeaderElection
2019-09-24 19:08:44,536 [2301f1b0-893f-4443-acec-e918286f3c24@group-24C9ADE1A15D:LeaderElection227] INFO  impl.LeaderElection (LeaderElection.java:logAndReturn(56)) - 2301f1b0-893f-4443-acec-e918286f3c24@group-24C9ADE1A15D:LeaderElection227: Election REJECTED; received 2 response(s) [2301f1b0-893f-4443-acec-e918286f3c24<-2e29e414-edf9-4b10-a5cb-2050908d7d76#0:FAIL-t1, 2301f1b0-893f-4443-acec-e918286f3c24<-0c8dc4a6-8d6b-4759-9996-474f61414cd5#0:FAIL-t1] and 0 exception(s); 2301f1b0-893f-4443-acec-e918286f3c24@group-24C9ADE1A15D:t1, leader=null, voted=2301f1b0-893f-4443-acec-e918286f3c24, raftlog=2301f1b0-893f-4443-acec-e918286f3c24@group-24C9ADE1A15D-SegmentedRaftLog:OPENED:c-1,f-1,i0, conf=-1: [2301f1b0-893f-4443-acec-e918286f3c24:192.168.5.148:45459, 2e29e414-edf9-4b10-a5cb-2050908d7d76:192.168.5.148:45815, 0c8dc4a6-8d6b-4759-9996-474f61414cd5:192.168.5.148:45865], old=null
2019-09-24 19:08:44,536 [2e29e414-edf9-4b10-a5cb-2050908d7d76@group-DD0F18FA726D:LeaderElection223] INFO  impl.RoleInfo (RoleInfo.java:updateAndGet(143)) - 2e29e414-edf9-4b10-a5cb-2050908d7d76: start FollowerState
2019-09-24 19:08:44,536 [2301f1b0-893f-4443-acec-e918286f3c24@group-24C9ADE1A15D:LeaderElection227] INFO  impl.RaftServerImpl (RaftServerImpl.java:setRole(174)) - 2301f1b0-893f-4443-acec-e918286f3c24@group-24C9ADE1A15D: changes role from CANDIDATE to FOLLOWER at term 1 for DISCOVERED_A_NEW_TERM
2019-09-24 19:08:44,537 [2301f1b0-893f-4443-acec-e918286f3c24@group-24C9ADE1A15D:LeaderElection227] INFO  impl.RoleInfo (RoleInfo.java:shutdownLeaderElection(134)) - 2301f1b0-893f-4443-acec-e918286f3c24: shutdown LeaderElection
2019-09-24 19:08:44,537 [2301f1b0-893f-4443-acec-e918286f3c24@group-24C9ADE1A15D:LeaderElection227] INFO  impl.RoleInfo (RoleInfo.java:updateAndGet(143)) - 2301f1b0-893f-4443-acec-e918286f3c24: start FollowerState
2019-09-24 19:08:44,537 [2301f1b0-893f-4443-acec-e918286f3c24@group-DD0F18FA726D:LeaderElection225] INFO  impl.LeaderElection (LeaderElection.java:logAndReturn(56)) - 2301f1b0-893f-4443-acec-e918286f3c24@group-DD0F18FA726D:LeaderElection225: Election REJECTED; received 2 response(s) [2301f1b0-893f-4443-acec-e918286f3c24<-2e29e414-edf9-4b10-a5cb-2050908d7d76#0:FAIL-t1, 2301f1b0-893f-4443-acec-e918286f3c24<-0c8dc4a6-8d6b-4759-9996-474f61414cd5#0:FAIL-t1] and 0 exception(s); 2301f1b0-893f-4443-acec-e918286f3c24@group-DD0F18FA726D:t1, leader=null, voted=2301f1b0-893f-4443-acec-e918286f3c24, raftlog=2301f1b0-893f-4443-acec-e918286f3c24@group-DD0F18FA726D-SegmentedRaftLog:OPENED:c-1,f-1,i0, conf=-1: [2301f1b0-893f-4443-acec-e918286f3c24:192.168.5.148:45459, 2e29e414-edf9-4b10-a5cb-2050908d7d76:192.168.5.148:45815, 0c8dc4a6-8d6b-4759-9996-474f61414cd5:192.168.5.148:45865], old=null
2019-09-24 19:08:44,537 [2301f1b0-893f-4443-acec-e918286f3c24@group-DD0F18FA726D:LeaderElection225] INFO  impl.RaftServerImpl (RaftServerImpl.java:setRole(174)) - 2301f1b0-893f-4443-acec-e918286f3c24@group-DD0F18FA726D: changes role from CANDIDATE to FOLLOWER at term 1 for DISCOVERED_A_NEW_TERM
2019-09-24 19:08:44,538 [2301f1b0-893f-4443-acec-e918286f3c24@group-DD0F18FA726D:LeaderElection225] INFO  impl.RoleInfo (RoleInfo.java:shutdownLeaderElection(134)) - 2301f1b0-893f-4443-acec-e918286f3c24: shutdown LeaderElection
2019-09-24 19:08:44,538 [0c8dc4a6-8d6b-4759-9996-474f61414cd5@group-DD0F18FA726D:LeaderElection224] INFO  impl.LeaderElection (LeaderElection.java:logAndReturn(56)) - 0c8dc4a6-8d6b-4759-9996-474f61414cd5@group-DD0F18FA726D:LeaderElection224: Election REJECTED; received 2 response(s) [0c8dc4a6-8d6b-4759-9996-474f61414cd5<-2301f1b0-893f-4443-acec-e918286f3c24#0:FAIL-t1, 0c8dc4a6-8d6b-4759-9996-474f61414cd5<-2e29e414-edf9-4b10-a5cb-2050908d7d76#0:FAIL-t1] and 0 exception(s); 0c8dc4a6-8d6b-4759-9996-474f61414cd5@group-DD0F18FA726D:t1, leader=null, voted=0c8dc4a6-8d6b-4759-9996-474f61414cd5, raftlog=0c8dc4a6-8d6b-4759-9996-474f61414cd5@group-DD0F18FA726D-SegmentedRaftLog:OPENED:c-1,f-1,i0, conf=-1: [2301f1b0-893f-4443-acec-e918286f3c24:192.168.5.148:45459, 2e29e414-edf9-4b10-a5cb-2050908d7d76:192.168.5.148:45815, 0c8dc4a6-8d6b-4759-9996-474f61414cd5:192.168.5.148:45865], old=null
2019-09-24 19:08:44,538 [2301f1b0-893f-4443-acec-e918286f3c24@group-DD0F18FA726D:LeaderElection225] INFO  impl.RoleInfo (RoleInfo.java:updateAndGet(143)) - 2301f1b0-893f-4443-acec-e918286f3c24: start FollowerState
2019-09-24 19:08:44,538 [0c8dc4a6-8d6b-4759-9996-474f61414cd5@group-DD0F18FA726D:LeaderElection224] INFO  impl.RaftServerImpl (RaftServerImpl.java:setRole(174)) - 0c8dc4a6-8d6b-4759-9996-474f61414cd5@group-DD0F18FA726D: changes role from CANDIDATE to FOLLOWER at term 1 for DISCOVERED_A_NEW_TERM
2019-09-24 19:08:44,538 [0c8dc4a6-8d6b-4759-9996-474f61414cd5@group-DD0F18FA726D:LeaderElection224] INFO  impl.RoleInfo (RoleInfo.java:shutdownLeaderElection(134)) - 0c8dc4a6-8d6b-4759-9996-474f61414cd5: shutdown LeaderElection
2019-09-24 19:08:44,538 [2e29e414-edf9-4b10-a5cb-2050908d7d76@group-24C9ADE1A15D:LeaderElection222] INFO  impl.LeaderElection (LeaderElection.java:logAndReturn(56)) - 2e29e414-edf9-4b10-a5cb-2050908d7d76@group-24C9ADE1A15D:LeaderElection222: Election REJECTED; received 2 response(s) [2e29e414-edf9-4b10-a5cb-2050908d7d76<-2301f1b0-893f-4443-acec-e918286f3c24#0:FAIL-t1, 2e29e414-edf9-4b10-a5cb-2050908d7d76<-0c8dc4a6-8d6b-4759-9996-474f61414cd5#0:FAIL-t1] and 0 exception(s); 2e29e414-edf9-4b10-a5cb-2050908d7d76@group-24C9ADE1A15D:t1, leader=null, voted=2e29e414-edf9-4b10-a5cb-2050908d7d76, raftlog=2e29e414-edf9-4b10-a5cb-2050908d7d76@group-24C9ADE1A15D-SegmentedRaftLog:OPENED:c-1,f-1,i0, conf=-1: [2301f1b0-893f-4443-acec-e918286f3c24:192.168.5.148:45459, 2e29e414-edf9-4b10-a5cb-2050908d7d76:192.168.5.148:45815, 0c8dc4a6-8d6b-4759-9996-474f61414cd5:192.168.5.148:45865], old=null
2019-09-24 19:08:44,538 [0c8dc4a6-8d6b-4759-9996-474f61414cd5@group-DD0F18FA726D:LeaderElection224] INFO  impl.RoleInfo (RoleInfo.java:updateAndGet(143)) - 0c8dc4a6-8d6b-4759-9996-474f61414cd5: start FollowerState
2019-09-24 19:08:44,539 [2e29e414-edf9-4b10-a5cb-2050908d7d76@group-24C9ADE1A15D:LeaderElection222] INFO  impl.RaftServerImpl (RaftServerImpl.java:setRole(174)) - 2e29e414-edf9-4b10-a5cb-2050908d7d76@group-24C9ADE1A15D: changes role from CANDIDATE to FOLLOWER at term 1 for DISCOVERED_A_NEW_TERM
2019-09-24 19:08:44,539 [2e29e414-edf9-4b10-a5cb-2050908d7d76@group-24C9ADE1A15D:LeaderElection222] INFO  impl.RoleInfo (RoleInfo.java:shutdownLeaderElection(134)) - 2e29e414-edf9-4b10-a5cb-2050908d7d76: shutdown LeaderElection
2019-09-24 19:08:44,539 [2e29e414-edf9-4b10-a5cb-2050908d7d76@group-24C9ADE1A15D:LeaderElection222] INFO  impl.RoleInfo (RoleInfo.java:updateAndGet(143)) - 2e29e414-edf9-4b10-a5cb-2050908d7d76: start FollowerState
2019-09-24 19:08:44,681 [Datanode State Machine Thread - 0] INFO  statemachine.DatanodeStateMachine (DatanodeStateMachine.java:lambda$startDaemon$0(350)) - Ozone container server started.
2019-09-24 19:08:44,947 [Datanode State Machine Thread - 0] INFO  statemachine.DatanodeStateMachine (DatanodeStateMachine.java:lambda$startDaemon$0(350)) - Ozone container server started.
2019-09-24 19:08:45,550 [Thread-3596] INFO  impl.FollowerState (FollowerState.java:run(106)) - 2e29e414-edf9-4b10-a5cb-2050908d7d76:group-24C9ADE1A15D changes to CANDIDATE, lastRpcTime:1011, electionTimeout:1011ms
2019-09-24 19:08:45,551 [Thread-3596] INFO  impl.RoleInfo (RoleInfo.java:shutdownFollowerState(121)) - 2e29e414-edf9-4b10-a5cb-2050908d7d76: shutdown FollowerState
2019-09-24 19:08:45,551 [Thread-3596] INFO  impl.RaftServerImpl (RaftServerImpl.java:setRole(174)) - 2e29e414-edf9-4b10-a5cb-2050908d7d76@group-24C9ADE1A15D: changes role from  FOLLOWER to CANDIDATE at term 1 for changeToCandidate
2019-09-24 19:08:45,551 [Thread-3596] INFO  impl.RoleInfo (RoleInfo.java:updateAndGet(143)) - 2e29e414-edf9-4b10-a5cb-2050908d7d76: start LeaderElection
2019-09-24 19:08:45,648 [Thread-3595] INFO  impl.FollowerState (FollowerState.java:run(106)) - 0c8dc4a6-8d6b-4759-9996-474f61414cd5:group-DD0F18FA726D changes to CANDIDATE, lastRpcTime:1109, electionTimeout:1109ms
2019-09-24 19:08:45,648 [Thread-3595] INFO  impl.RoleInfo (RoleInfo.java:shutdownFollowerState(121)) - 0c8dc4a6-8d6b-4759-9996-474f61414cd5: shutdown FollowerState
2019-09-24 19:08:45,649 [Thread-3595] INFO  impl.RaftServerImpl (RaftServerImpl.java:setRole(174)) - 0c8dc4a6-8d6b-4759-9996-474f61414cd5@group-DD0F18FA726D: changes role from  FOLLOWER to CANDIDATE at term 1 for changeToCandidate
2019-09-24 19:08:45,649 [Thread-3595] INFO  impl.RoleInfo (RoleInfo.java:updateAndGet(143)) - 0c8dc4a6-8d6b-4759-9996-474f61414cd5: start LeaderElection
2019-09-24 19:08:45,665 [Thread-3592] INFO  impl.FollowerState (FollowerState.java:run(106)) - 2e29e414-edf9-4b10-a5cb-2050908d7d76:group-DD0F18FA726D changes to CANDIDATE, lastRpcTime:1128, electionTimeout:1128ms
2019-09-24 19:08:45,665 [Thread-3592] INFO  impl.RoleInfo (RoleInfo.java:shutdownFollowerState(121)) - 2e29e414-edf9-4b10-a5cb-2050908d7d76: shutdown FollowerState
2019-09-24 19:08:45,666 [Thread-3592] INFO  impl.RaftServerImpl (RaftServerImpl.java:setRole(174)) - 2e29e414-edf9-4b10-a5cb-2050908d7d76@group-DD0F18FA726D: changes role from  FOLLOWER to CANDIDATE at term 1 for changeToCandidate
2019-09-24 19:08:45,666 [Thread-3592] INFO  impl.RoleInfo (RoleInfo.java:updateAndGet(143)) - 2e29e414-edf9-4b10-a5cb-2050908d7d76: start LeaderElection
2019-09-24 19:08:45,675 [Thread-3594] INFO  impl.FollowerState (FollowerState.java:run(106)) - 2301f1b0-893f-4443-acec-e918286f3c24:group-DD0F18FA726D changes to CANDIDATE, lastRpcTime:1136, electionTimeout:1136ms
2019-09-24 19:08:45,675 [Thread-3594] INFO  impl.RoleInfo (RoleInfo.java:shutdownFollowerState(121)) - 2301f1b0-893f-4443-acec-e918286f3c24: shutdown FollowerState
2019-09-24 19:08:45,675 [Thread-3594] INFO  impl.RaftServerImpl (RaftServerImpl.java:setRole(174)) - 2301f1b0-893f-4443-acec-e918286f3c24@group-DD0F18FA726D: changes role from  FOLLOWER to CANDIDATE at term 1 for changeToCandidate
2019-09-24 19:08:45,675 [Thread-3594] INFO  impl.RoleInfo (RoleInfo.java:updateAndGet(143)) - 2301f1b0-893f-4443-acec-e918286f3c24: start LeaderElection
2019-09-24 19:08:45,680 [Thread-3593] INFO  impl.FollowerState (FollowerState.java:run(106)) - 2301f1b0-893f-4443-acec-e918286f3c24:group-24C9ADE1A15D changes to CANDIDATE, lastRpcTime:1142, electionTimeout:1142ms
2019-09-24 19:08:45,680 [Thread-3593] INFO  impl.RoleInfo (RoleInfo.java:shutdownFollowerState(121)) - 2301f1b0-893f-4443-acec-e918286f3c24: shutdown FollowerState
2019-09-24 19:08:45,680 [Thread-3593] INFO  impl.RaftServerImpl (RaftServerImpl.java:setRole(174)) - 2301f1b0-893f-4443-acec-e918286f3c24@group-24C9ADE1A15D: changes role from  FOLLOWER to CANDIDATE at term 1 for changeToCandidate
2019-09-24 19:08:45,680 [Thread-3593] INFO  impl.RoleInfo (RoleInfo.java:updateAndGet(143)) - 2301f1b0-893f-4443-acec-e918286f3c24: start LeaderElection
2019-09-24 19:08:45,684 [Thread-3591] INFO  impl.FollowerState (FollowerState.java:run(106)) - 0c8dc4a6-8d6b-4759-9996-474f61414cd5:group-24C9ADE1A15D changes to CANDIDATE, lastRpcTime:1149, electionTimeout:1149ms
2019-09-24 19:08:45,684 [Thread-3591] INFO  impl.RoleInfo (RoleInfo.java:shutdownFollowerState(121)) - 0c8dc4a6-8d6b-4759-9996-474f61414cd5: shutdown FollowerState
2019-09-24 19:08:45,684 [Thread-3591] INFO  impl.RaftServerImpl (RaftServerImpl.java:setRole(174)) - 0c8dc4a6-8d6b-4759-9996-474f61414cd5@group-24C9ADE1A15D: changes role from  FOLLOWER to CANDIDATE at term 1 for changeToCandidate
2019-09-24 19:08:45,684 [Thread-3591] INFO  impl.RoleInfo (RoleInfo.java:updateAndGet(143)) - 0c8dc4a6-8d6b-4759-9996-474f61414cd5: start LeaderElection
2019-09-24 19:08:49,479 [ForkJoinPool.commonPool-worker-1] INFO  ozoneimpl.OzoneContainer (OzoneContainer.java:stop(231)) - Attempting to stop container services.
2019-09-24 19:08:49,479 [main] INFO  ozoneimpl.OzoneContainer (OzoneContainer.java:stop(231)) - Attempting to stop container services.
2019-09-24 19:08:49,479 [ForkJoinPool.commonPool-worker-1] INFO  impl.RaftServerProxy (RaftServerProxy.java:lambda$close$4(314)) - 2e29e414-edf9-4b10-a5cb-2050908d7d76: close
2019-09-24 19:08:49,480 [main] INFO  impl.RaftServerProxy (RaftServerProxy.java:lambda$close$4(314)) - 90b819e1-a435-4b48-a34f-1327cd5e73d5: close
2019-09-24 19:08:49,480 [ForkJoinPool.commonPool-worker-1] INFO  impl.RaftServerImpl (RaftServerImpl.java:lambda$shutdown$3(251)) - 2e29e414-edf9-4b10-a5cb-2050908d7d76@group-24C9ADE1A15D: shutdown
2019-09-24 19:08:49,480 [main] INFO  server.GrpcService (GrpcService.java:closeImpl(164)) - 90b819e1-a435-4b48-a34f-1327cd5e73d5: shutdown server with port 44550 now
2019-09-24 19:08:49,481 [ForkJoinPool.commonPool-worker-1] INFO  util.JmxRegister (JmxRegister.java:unregister(73)) - Successfully un-registered JMX Bean with object name Ratis:service=RaftServer,group=group-24C9ADE1A15D,id=2e29e414-edf9-4b10-a5cb-2050908d7d76
2019-09-24 19:08:49,481 [main] INFO  server.GrpcService (GrpcService.java:closeImpl(172)) - 90b819e1-a435-4b48-a34f-1327cd5e73d5: shutdown server with port 44550 successfully
2019-09-24 19:08:49,481 [ForkJoinPool.commonPool-worker-1] INFO  impl.RoleInfo (RoleInfo.java:shutdownLeaderElection(134)) - 2e29e414-edf9-4b10-a5cb-2050908d7d76: shutdown LeaderElection
2019-09-24 19:08:49,482 [ForkJoinPool.commonPool-worker-1] INFO  impl.StateMachineUpdater (StateMachineUpdater.java:stopAndJoin(125)) - 2e29e414-edf9-4b10-a5cb-2050908d7d76@group-24C9ADE1A15D-StateMachineUpdater: set stopIndex = -1
2019-09-24 19:08:49,483 [ForkJoinPool.commonPool-worker-1] INFO  impl.RaftServerImpl (ServerState.java:close(385)) - 2e29e414-edf9-4b10-a5cb-2050908d7d76@group-24C9ADE1A15D: closes. applyIndex: -1
2019-09-24 19:08:49,483 [2e29e414-edf9-4b10-a5cb-2050908d7d76@group-24C9ADE1A15D-SegmentedRaftLogWorker] INFO  segmented.SegmentedRaftLogWorker (SegmentedRaftLogWorker.java:run(313)) - 2e29e414-edf9-4b10-a5cb-2050908d7d76@group-24C9ADE1A15D-SegmentedRaftLogWorker was interrupted, exiting. There are 0 tasks remaining in the queue.
2019-09-24 19:08:49,484 [ForkJoinPool.commonPool-worker-1] INFO  segmented.SegmentedRaftLogWorker (SegmentedRaftLogWorker.java:close(228)) - 2e29e414-edf9-4b10-a5cb-2050908d7d76@group-24C9ADE1A15D-SegmentedRaftLogWorker close()
2019-09-24 19:08:49,488 [refreshUsed-/workdir/hadoop-ozone/integration-test/target/test-dir/MiniOzoneClusterImpl-6223b62d-fae7-42c6-9f07-44d8c3bb99d0/datanode-8/data/containers] WARN  fs.CachingGetSpaceUsed (CachingGetSpaceUsed.java:run(183)) - Thread Interrupted waiting to refresh disk information: sleep interrupted
2019-09-24 19:08:49,491 [ForkJoinPool.commonPool-worker-1] INFO  impl.RaftServerImpl (RaftServerImpl.java:lambda$shutdown$3(251)) - 2e29e414-edf9-4b10-a5cb-2050908d7d76@group-DD0F18FA726D: shutdown
2019-09-24 19:08:49,491 [ForkJoinPool.commonPool-worker-1] INFO  util.JmxRegister (JmxRegister.java:unregister(73)) - Successfully un-registered JMX Bean with object name Ratis:service=RaftServer,group=group-DD0F18FA726D,id=2e29e414-edf9-4b10-a5cb-2050908d7d76
2019-09-24 19:08:49,492 [ForkJoinPool.commonPool-worker-1] INFO  impl.RoleInfo (RoleInfo.java:shutdownLeaderElection(134)) - 2e29e414-edf9-4b10-a5cb-2050908d7d76: shutdown LeaderElection
2019-09-24 19:08:49,492 [ForkJoinPool.commonPool-worker-1] INFO  impl.StateMachineUpdater (StateMachineUpdater.java:stopAndJoin(125)) - 2e29e414-edf9-4b10-a5cb-2050908d7d76@group-DD0F18FA726D-StateMachineUpdater: set stopIndex = -1
2019-09-24 19:08:49,494 [ForkJoinPool.commonPool-worker-1] INFO  impl.RaftServerImpl (ServerState.java:close(385)) - 2e29e414-edf9-4b10-a5cb-2050908d7d76@group-DD0F18FA726D: closes. applyIndex: -1
2019-09-24 19:08:49,495 [2e29e414-edf9-4b10-a5cb-2050908d7d76@group-DD0F18FA726D-SegmentedRaftLogWorker] INFO  segmented.SegmentedRaftLogWorker (SegmentedRaftLogWorker.java:run(313)) - 2e29e414-edf9-4b10-a5cb-2050908d7d76@group-DD0F18FA726D-SegmentedRaftLogWorker was interrupted, exiting. There are 0 tasks remaining in the queue.
2019-09-24 19:08:49,495 [ForkJoinPool.commonPool-worker-1] INFO  segmented.SegmentedRaftLogWorker (SegmentedRaftLogWorker.java:close(228)) - 2e29e414-edf9-4b10-a5cb-2050908d7d76@group-DD0F18FA726D-SegmentedRaftLogWorker close()
2019-09-24 19:08:49,500 [ForkJoinPool.commonPool-worker-1] INFO  server.GrpcService (GrpcService.java:closeImpl(164)) - 2e29e414-edf9-4b10-a5cb-2050908d7d76: shutdown server with port 45815 now
2019-09-24 19:08:49,501 [ForkJoinPool.commonPool-worker-1] INFO  server.GrpcService (GrpcService.java:closeImpl(172)) - 2e29e414-edf9-4b10-a5cb-2050908d7d76: shutdown server with port 45815 successfully
2019-09-24 19:08:49,503 [refreshUsed-/workdir/hadoop-ozone/integration-test/target/test-dir/MiniOzoneClusterImpl-6223b62d-fae7-42c6-9f07-44d8c3bb99d0/datanode-4/data/containers] WARN  fs.CachingGetSpaceUsed (CachingGetSpaceUsed.java:run(183)) - Thread Interrupted waiting to refresh disk information: sleep interrupted
2019-09-24 19:08:49,519 [main] INFO  utils.BackgroundService (BackgroundService.java:shutdown(148)) - Shutting down service BlockDeletingService
2019-09-24 19:08:49,525 [main] INFO  statemachine.DatanodeStateMachine (DatanodeStateMachine.java:stopDaemon(395)) - Ozone container server stopped.
2019-09-24 19:08:49,527 [ForkJoinPool.commonPool-worker-1] INFO  utils.BackgroundService (BackgroundService.java:shutdown(148)) - Shutting down service BlockDeletingService
2019-09-24 19:08:49,532 [ForkJoinPool.commonPool-worker-1] INFO  statemachine.DatanodeStateMachine (DatanodeStateMachine.java:stopDaemon(395)) - Ozone container server stopped.
2019-09-24 19:08:49,545 [main] INFO  handler.ContextHandler (ContextHandler.java:doStop(910)) - Stopped o.e.j.w.WebAppContext@ddffa6c{/,null,UNAVAILABLE}{/hddsDatanode}
2019-09-24 19:08:49,545 [ForkJoinPool.commonPool-worker-1] INFO  handler.ContextHandler (ContextHandler.java:doStop(910)) - Stopped o.e.j.w.WebAppContext@7f2b39a{/,null,UNAVAILABLE}{/hddsDatanode}
2019-09-24 19:08:49,546 [main] INFO  server.AbstractConnector (AbstractConnector.java:doStop(318)) - Stopped ServerConnector@42c54bad{HTTP/1.1,[http/1.1]}{0.0.0.0:0}
2019-09-24 19:08:49,546 [ForkJoinPool.commonPool-worker-1] INFO  server.AbstractConnector (AbstractConnector.java:doStop(318)) - Stopped ServerConnector@7a358613{HTTP/1.1,[http/1.1]}{0.0.0.0:0}
2019-09-24 19:08:49,547 [main] INFO  handler.ContextHandler (ContextHandler.java:doStop(910)) - Stopped o.e.j.s.ServletContextHandler@b5d9f1e{/static,jar:file:/home/user/.m2/repository/org/apache/hadoop/hadoop-hdds-container-service/0.5.0-SNAPSHOT/hadoop-hdds-container-service-0.5.0-SNAPSHOT.jar!/webapps/static,UNAVAILABLE}
2019-09-24 19:08:49,549 [ForkJoinPool.commonPool-worker-1] INFO  handler.ContextHandler (ContextHandler.java:doStop(910)) - Stopped o.e.j.s.ServletContextHandler@20a3e10c{/static,jar:file:/home/user/.m2/repository/org/apache/hadoop/hadoop-hdds-container-service/0.5.0-SNAPSHOT/hadoop-hdds-container-service-0.5.0-SNAPSHOT.jar!/webapps/static,UNAVAILABLE}
2019-09-24 19:08:49,549 [main] INFO  handler.ContextHandler (ContextHandler.java:doStop(910)) - Stopped o.e.j.s.ServletContextHandler@1aedf08d{/logs,file:///workdir/hadoop-ozone/integration-test/target/log,UNAVAILABLE}
2019-09-24 19:08:49,551 [ForkJoinPool.commonPool-worker-1] INFO  handler.ContextHandler (ContextHandler.java:doStop(910)) - Stopped o.e.j.s.ServletContextHandler@10618775{/logs,file:///workdir/hadoop-ozone/integration-test/target/log,UNAVAILABLE}
2019-09-24 19:08:49,693 [2301f1b0-893f-4443-acec-e918286f3c24@group-DD0F18FA726D:LeaderElection231] INFO  impl.LeaderElection (LeaderElection.java:askForVotes(182)) - 2301f1b0-893f-4443-acec-e918286f3c24@group-DD0F18FA726D:LeaderElection231: begin an election at term 2 for -1: [2301f1b0-893f-4443-acec-e918286f3c24:192.168.5.148:45459, 2e29e414-edf9-4b10-a5cb-2050908d7d76:192.168.5.148:45815, 0c8dc4a6-8d6b-4759-9996-474f61414cd5:192.168.5.148:45865], old=null
2019-09-24 19:08:49,693 [2e29e414-edf9-4b10-a5cb-2050908d7d76@group-DD0F18FA726D:LeaderElection230] INFO  impl.LeaderElection (LeaderElection.java:askForVotes(182)) - 2e29e414-edf9-4b10-a5cb-2050908d7d76@group-DD0F18FA726D:LeaderElection230: begin an election at term 2 for -1: [2301f1b0-893f-4443-acec-e918286f3c24:192.168.5.148:45459, 2e29e414-edf9-4b10-a5cb-2050908d7d76:192.168.5.148:45815, 0c8dc4a6-8d6b-4759-9996-474f61414cd5:192.168.5.148:45865], old=null
2019-09-24 19:08:49,693 [0c8dc4a6-8d6b-4759-9996-474f61414cd5@group-DD0F18FA726D:LeaderElection229] INFO  impl.LeaderElection (LeaderElection.java:askForVotes(182)) - 0c8dc4a6-8d6b-4759-9996-474f61414cd5@group-DD0F18FA726D:LeaderElection229: begin an election at term 2 for -1: [2301f1b0-893f-4443-acec-e918286f3c24:192.168.5.148:45459, 2e29e414-edf9-4b10-a5cb-2050908d7d76:192.168.5.148:45815, 0c8dc4a6-8d6b-4759-9996-474f61414cd5:192.168.5.148:45865], old=null
2019-09-24 19:08:49,693 [2e29e414-edf9-4b10-a5cb-2050908d7d76@group-24C9ADE1A15D:LeaderElection228] INFO  impl.LeaderElection (LeaderElection.java:askForVotes(182)) - 2e29e414-edf9-4b10-a5cb-2050908d7d76@group-24C9ADE1A15D:LeaderElection228: begin an election at term 2 for -1: [2301f1b0-893f-4443-acec-e918286f3c24:192.168.5.148:45459, 2e29e414-edf9-4b10-a5cb-2050908d7d76:192.168.5.148:45815, 0c8dc4a6-8d6b-4759-9996-474f61414cd5:192.168.5.148:45865], old=null
2019-09-24 19:08:49,693 [2301f1b0-893f-4443-acec-e918286f3c24@group-24C9ADE1A15D:LeaderElection232] INFO  impl.LeaderElection (LeaderElection.java:askForVotes(182)) - 2301f1b0-893f-4443-acec-e918286f3c24@group-24C9ADE1A15D:LeaderElection232: begin an election at term 2 for -1: [2301f1b0-893f-4443-acec-e918286f3c24:192.168.5.148:45459, 2e29e414-edf9-4b10-a5cb-2050908d7d76:192.168.5.148:45815, 0c8dc4a6-8d6b-4759-9996-474f61414cd5:192.168.5.148:45865], old=null
2019-09-24 19:08:49,693 [0c8dc4a6-8d6b-4759-9996-474f61414cd5@group-24C9ADE1A15D:LeaderElection233] INFO  impl.LeaderElection (LeaderElection.java:askForVotes(182)) - 0c8dc4a6-8d6b-4759-9996-474f61414cd5@group-24C9ADE1A15D:LeaderElection233: begin an election at term 2 for -1: [2301f1b0-893f-4443-acec-e918286f3c24:192.168.5.148:45459, 2e29e414-edf9-4b10-a5cb-2050908d7d76:192.168.5.148:45815, 0c8dc4a6-8d6b-4759-9996-474f61414cd5:192.168.5.148:45865], old=null
2019-09-24 19:08:49,694 [2e29e414-edf9-4b10-a5cb-2050908d7d76@group-24C9ADE1A15D:LeaderElection228] INFO  impl.LeaderElection (LogUtils.java:infoOrTrace(149)) - Failed 2e29e414-edf9-4b10-a5cb-2050908d7d76@group-24C9ADE1A15D:LeaderElection228, state=CLOSING: {}
java.lang.IllegalArgumentException: 2e29e414-edf9-4b10-a5cb-2050908d7d76@group-24C9ADE1A15D-SegmentedRaftLog is expected to be opened but it is CLOSED
	at org.apache.ratis.util.OpenCloseState.assertOpen(OpenCloseState.java:63)
	at org.apache.ratis.server.raftlog.RaftLog.checkLogState(RaftLog.java:102)
	at org.apache.ratis.server.raftlog.segmented.SegmentedRaftLog.getLastEntryTermIndex(SegmentedRaftLog.java:324)
	at org.apache.ratis.server.impl.LeaderElection.askForVotes(LeaderElection.java:184)
	at org.apache.ratis.server.impl.LeaderElection.run(LeaderElection.java:133)
	at java.lang.Thread.run(Thread.java:748)
Caused by: org.apache.ratis.util.OpenCloseState$CloseTrace: Close 2e29e414-edf9-4b10-a5cb-2050908d7d76@group-24C9ADE1A15D-SegmentedRaftLog
	at org.apache.ratis.util.OpenCloseState.lambda$close$1(OpenCloseState.java:109)
	at java.util.concurrent.atomic.AtomicReference.getAndUpdate(AtomicReference.java:160)
	at org.apache.ratis.util.OpenCloseState.close(OpenCloseState.java:109)
	at org.apache.ratis.server.raftlog.RaftLog.close(RaftLog.java:437)
	at org.apache.ratis.server.raftlog.segmented.SegmentedRaftLog.close(SegmentedRaftLog.java:476)
	at org.apache.ratis.server.impl.ServerState.close(ServerState.java:387)
	at org.apache.ratis.server.impl.RaftServerImpl.lambda$shutdown$3(RaftServerImpl.java:273)
	at org.apache.ratis.util.LifeCycle.lambda$checkStateAndClose$2(LifeCycle.java:231)
	at org.apache.ratis.util.LifeCycle.checkStateAndClose(LifeCycle.java:251)
	at org.apache.ratis.util.LifeCycle.checkStateAndClose(LifeCycle.java:229)
	at org.apache.ratis.server.impl.RaftServerImpl.shutdown(RaftServerImpl.java:250)
	at org.apache.ratis.server.impl.RaftServerProxy$ImplMap.lambda$close$0(RaftServerProxy.java:107)
	at java.util.stream.ForEachOps$ForEachOp$OfRef.accept(ForEachOps.java:184)
	at java.util.stream.ReferencePipeline$3$1.accept(ReferencePipeline.java:193)
	at java.util.concurrent.ConcurrentHashMap$ValueSpliterator.forEachRemaining(ConcurrentHashMap.java:3566)
	at java.util.stream.AbstractPipeline.copyInto(AbstractPipeline.java:482)
	at java.util.stream.ForEachOps$ForEachTask.compute(ForEachOps.java:291)
	at java.util.concurrent.CountedCompleter.exec(CountedCompleter.java:731)
	at java.util.concurrent.ForkJoinTask.doExec(ForkJoinTask.java:289)
	at java.util.concurrent.ForkJoinPool.helpComplete(ForkJoinPool.java:1870)
	at java.util.concurrent.ForkJoinPool.awaitJoin(ForkJoinPool.java:2045)
	at java.util.concurrent.ForkJoinTask.doInvoke(ForkJoinTask.java:404)
	at java.util.concurrent.ForkJoinTask.invoke(ForkJoinTask.java:734)
	at java.util.stream.ForEachOps$ForEachOp.evaluateParallel(ForEachOps.java:160)
	at java.util.stream.ForEachOps$ForEachOp$OfRef.evaluateParallel(ForEachOps.java:174)
	at java.util.stream.AbstractPipeline.evaluate(AbstractPipeline.java:233)
	at java.util.stream.ReferencePipeline.forEach(ReferencePipeline.java:418)
	at org.apache.ratis.server.impl.RaftServerProxy$ImplMap.close(RaftServerProxy.java:107)
	at org.apache.ratis.server.impl.RaftServerProxy.lambda$close$4(RaftServerProxy.java:315)
	at org.apache.ratis.util.LifeCycle.lambda$checkStateAndClose$2(LifeCycle.java:231)
	at org.apache.ratis.util.LifeCycle.checkStateAndClose(LifeCycle.java:251)
	at org.apache.ratis.util.LifeCycle.checkStateAndClose(LifeCycle.java:229)
	at org.apache.ratis.server.impl.RaftServerProxy.close(RaftServerProxy.java:313)
	at org.apache.hadoop.ozone.container.common.transport.server.ratis.XceiverServerRatis.stop(XceiverServerRatis.java:441)
	at org.apache.hadoop.ozone.container.ozoneimpl.OzoneContainer.stop(OzoneContainer.java:233)
	at org.apache.hadoop.ozone.container.common.statemachine.DatanodeStateMachine.close(DatanodeStateMachine.java:270)
	at org.apache.hadoop.ozone.container.common.statemachine.DatanodeStateMachine.stopDaemon(DatanodeStateMachine.java:394)
	at org.apache.hadoop.ozone.HddsDatanodeService.stop(HddsDatanodeService.java:457)
	at org.apache.hadoop.ozone.MiniOzoneClusterImpl.stopDatanode(MiniOzoneClusterImpl.java:385)
	at java.util.stream.ForEachOps$ForEachOp$OfRef.accept(ForEachOps.java:184)
	at java.util.ArrayList$ArrayListSpliterator.forEachRemaining(ArrayList.java:1382)
	at java.util.stream.AbstractPipeline.copyInto(AbstractPipeline.java:482)
	at java.util.stream.ForEachOps$ForEachTask.compute(ForEachOps.java:291)
	at java.util.concurrent.CountedCompleter.exec(CountedCompleter.java:731)
	at java.util.concurrent.ForkJoinTask.doExec(ForkJoinTask.java:289)
	at java.util.concurrent.ForkJoinPool$WorkQueue.execLocalTasks(ForkJoinPool.java:1040)
	at java.util.concurrent.ForkJoinPool$WorkQueue.runTask(ForkJoinPool.java:1058)
	at java.util.concurrent.ForkJoinPool.runWorker(ForkJoinPool.java:1692)
	at java.util.concurrent.ForkJoinWorkerThread.run(ForkJoinWorkerThread.java:157)
2019-09-24 19:08:49,694 [2e29e414-edf9-4b10-a5cb-2050908d7d76@group-DD0F18FA726D:LeaderElection230] INFO  impl.LeaderElection (LogUtils.java:infoOrTrace(149)) - Failed 2e29e414-edf9-4b10-a5cb-2050908d7d76@group-DD0F18FA726D:LeaderElection230, state=CLOSING: {}
java.lang.IllegalArgumentException: 2e29e414-edf9-4b10-a5cb-2050908d7d76@group-DD0F18FA726D-SegmentedRaftLog is expected to be opened but it is CLOSED
	at org.apache.ratis.util.OpenCloseState.assertOpen(OpenCloseState.java:63)
	at org.apache.ratis.server.raftlog.RaftLog.checkLogState(RaftLog.java:102)
	at org.apache.ratis.server.raftlog.segmented.SegmentedRaftLog.getLastEntryTermIndex(SegmentedRaftLog.java:324)
	at org.apache.ratis.server.impl.LeaderElection.askForVotes(LeaderElection.java:184)
	at org.apache.ratis.server.impl.LeaderElection.run(LeaderElection.java:133)
	at java.lang.Thread.run(Thread.java:748)
Caused by: org.apache.ratis.util.OpenCloseState$CloseTrace: Close 2e29e414-edf9-4b10-a5cb-2050908d7d76@group-DD0F18FA726D-SegmentedRaftLog
	at org.apache.ratis.util.OpenCloseState.lambda$close$1(OpenCloseState.java:109)
	at java.util.concurrent.atomic.AtomicReference.getAndUpdate(AtomicReference.java:160)
	at org.apache.ratis.util.OpenCloseState.close(OpenCloseState.java:109)
	at org.apache.ratis.server.raftlog.RaftLog.close(RaftLog.java:437)
	at org.apache.ratis.server.raftlog.segmented.SegmentedRaftLog.close(SegmentedRaftLog.java:476)
	at org.apache.ratis.server.impl.ServerState.close(ServerState.java:387)
	at org.apache.ratis.server.impl.RaftServerImpl.lambda$shutdown$3(RaftServerImpl.java:273)
	at org.apache.ratis.util.LifeCycle.lambda$checkStateAndClose$2(LifeCycle.java:231)
	at org.apache.ratis.util.LifeCycle.checkStateAndClose(LifeCycle.java:251)
	at org.apache.ratis.util.LifeCycle.checkStateAndClose(LifeCycle.java:229)
	at org.apache.ratis.server.impl.RaftServerImpl.shutdown(RaftServerImpl.java:250)
	at org.apache.ratis.server.impl.RaftServerProxy$ImplMap.lambda$close$0(RaftServerProxy.java:107)
	at java.util.stream.ForEachOps$ForEachOp$OfRef.accept(ForEachOps.java:184)
	at java.util.stream.ReferencePipeline$3$1.accept(ReferencePipeline.java:193)
	at java.util.concurrent.ConcurrentHashMap$ValueSpliterator.forEachRemaining(ConcurrentHashMap.java:3566)
	at java.util.stream.AbstractPipeline.copyInto(AbstractPipeline.java:482)
	at java.util.stream.ForEachOps$ForEachTask.compute(ForEachOps.java:291)
	at java.util.concurrent.CountedCompleter.exec(CountedCompleter.java:731)
	at java.util.concurrent.ForkJoinTask.doExec(ForkJoinTask.java:289)
	at java.util.concurrent.ForkJoinPool.helpComplete(ForkJoinPool.java:1870)
	at java.util.concurrent.ForkJoinPool.awaitJoin(ForkJoinPool.java:2045)
	at java.util.concurrent.ForkJoinTask.doInvoke(ForkJoinTask.java:404)
	at java.util.concurrent.ForkJoinTask.invoke(ForkJoinTask.java:734)
	at java.util.stream.ForEachOps$ForEachOp.evaluateParallel(ForEachOps.java:160)
	at java.util.stream.ForEachOps$ForEachOp$OfRef.evaluateParallel(ForEachOps.java:174)
	at java.util.stream.AbstractPipeline.evaluate(AbstractPipeline.java:233)
	at java.util.stream.ReferencePipeline.forEach(ReferencePipeline.java:418)
	at org.apache.ratis.server.impl.RaftServerProxy$ImplMap.close(RaftServerProxy.java:107)
	at org.apache.ratis.server.impl.RaftServerProxy.lambda$close$4(RaftServerProxy.java:315)
	at org.apache.ratis.util.LifeCycle.lambda$checkStateAndClose$2(LifeCycle.java:231)
	at org.apache.ratis.util.LifeCycle.checkStateAndClose(LifeCycle.java:251)
	at org.apache.ratis.util.LifeCycle.checkStateAndClose(LifeCycle.java:229)
	at org.apache.ratis.server.impl.RaftServerProxy.close(RaftServerProxy.java:313)
	at org.apache.hadoop.ozone.container.common.transport.server.ratis.XceiverServerRatis.stop(XceiverServerRatis.java:441)
	at org.apache.hadoop.ozone.container.ozoneimpl.OzoneContainer.stop(OzoneContainer.java:233)
	at org.apache.hadoop.ozone.container.common.statemachine.DatanodeStateMachine.close(DatanodeStateMachine.java:270)
	at org.apache.hadoop.ozone.container.common.statemachine.DatanodeStateMachine.stopDaemon(DatanodeStateMachine.java:394)
	at org.apache.hadoop.ozone.HddsDatanodeService.stop(HddsDatanodeService.java:457)
	at org.apache.hadoop.ozone.MiniOzoneClusterImpl.stopDatanode(MiniOzoneClusterImpl.java:385)
	at java.util.stream.ForEachOps$ForEachOp$OfRef.accept(ForEachOps.java:184)
	at java.util.ArrayList$ArrayListSpliterator.forEachRemaining(ArrayList.java:1382)
	at java.util.stream.AbstractPipeline.copyInto(AbstractPipeline.java:482)
	at java.util.stream.ForEachOps$ForEachTask.compute(ForEachOps.java:291)
	at java.util.concurrent.CountedCompleter.exec(CountedCompleter.java:731)
	at java.util.concurrent.ForkJoinTask.doExec(ForkJoinTask.java:289)
	at java.util.concurrent.ForkJoinPool$WorkQueue.execLocalTasks(ForkJoinPool.java:1040)
	at java.util.concurrent.ForkJoinPool$WorkQueue.runTask(ForkJoinPool.java:1058)
	at java.util.concurrent.ForkJoinPool.runWorker(ForkJoinPool.java:1692)
	at java.util.concurrent.ForkJoinWorkerThread.run(ForkJoinWorkerThread.java:157)
2019-09-24 19:08:49,698 [2e29e414-edf9-4b10-a5cb-2050908d7d76@group-24C9ADE1A15D:LeaderElection228] INFO  impl.LeaderElection (LeaderElection.java:run(140)) - 2e29e414-edf9-4b10-a5cb-2050908d7d76@group-24C9ADE1A15D:LeaderElection228: IllegalArgumentException is safely ignored since this is already CLOSING
2019-09-24 19:08:49,701 [2e29e414-edf9-4b10-a5cb-2050908d7d76@group-DD0F18FA726D:LeaderElection230] INFO  impl.LeaderElection (LeaderElection.java:run(140)) - 2e29e414-edf9-4b10-a5cb-2050908d7d76@group-DD0F18FA726D:LeaderElection230: IllegalArgumentException is safely ignored since this is already CLOSING
2019-09-24 19:08:49,702 [2301f1b0-893f-4443-acec-e918286f3c24@group-DD0F18FA726D:LeaderElection231] INFO  impl.LeaderElection (LogUtils.java:infoOrTrace(149)) - 2301f1b0-893f-4443-acec-e918286f3c24@group-DD0F18FA726D:LeaderElection231 got exception when requesting votes: {}
java.util.concurrent.ExecutionException: org.apache.ratis.thirdparty.io.grpc.StatusRuntimeException: UNAVAILABLE: io exception
	at java.util.concurrent.FutureTask.report(FutureTask.java:122)
	at java.util.concurrent.FutureTask.get(FutureTask.java:192)
	at org.apache.ratis.server.impl.LeaderElection.waitForResults(LeaderElection.java:263)
	at org.apache.ratis.server.impl.LeaderElection.askForVotes(LeaderElection.java:201)
	at org.apache.ratis.server.impl.LeaderElection.run(LeaderElection.java:133)
	at java.lang.Thread.run(Thread.java:748)
Caused by: org.apache.ratis.thirdparty.io.grpc.StatusRuntimeException: UNAVAILABLE: io exception
	at org.apache.ratis.thirdparty.io.grpc.stub.ClientCalls.toStatusRuntimeException(ClientCalls.java:233)
	at org.apache.ratis.thirdparty.io.grpc.stub.ClientCalls.getUnchecked(ClientCalls.java:214)
	at org.apache.ratis.thirdparty.io.grpc.stub.ClientCalls.blockingUnaryCall(ClientCalls.java:139)
	at org.apache.ratis.proto.grpc.RaftServerProtocolServiceGrpc$RaftServerProtocolServiceBlockingStub.requestVote(RaftServerProtocolServiceGrpc.java:265)
	at org.apache.ratis.grpc.server.GrpcServerProtocolClient.requestVote(GrpcServerProtocolClient.java:90)
	at org.apache.ratis.grpc.server.GrpcService.requestVote(GrpcService.java:204)
	at org.apache.ratis.server.impl.LeaderElection.lambda$submitRequests$1(LeaderElection.java:238)
	at java.util.concurrent.FutureTask.run(FutureTask.java:266)
	at java.util.concurrent.Executors$RunnableAdapter.call(Executors.java:511)
	at java.util.concurrent.FutureTask.run(FutureTask.java:266)
	at java.util.concurrent.ThreadPoolExecutor.runWorker(ThreadPoolExecutor.java:1149)
	at java.util.concurrent.ThreadPoolExecutor$Worker.run(ThreadPoolExecutor.java:624)
	... 1 more
Caused by: org.apache.ratis.thirdparty.io.netty.channel.AbstractChannel$AnnotatedConnectException: Connection refused: /192.168.5.148:45815
	at sun.nio.ch.SocketChannelImpl.checkConnect(Native Method)
	at sun.nio.ch.SocketChannelImpl.finishConnect(SocketChannelImpl.java:717)
	at org.apache.ratis.thirdparty.io.netty.channel.socket.nio.NioSocketChannel.doFinishConnect(NioSocketChannel.java:327)
	at org.apache.ratis.thirdparty.io.netty.channel.nio.AbstractNioChannel$AbstractNioUnsafe.finishConnect(AbstractNioChannel.java:340)
	at org.apache.ratis.thirdparty.io.netty.channel.nio.NioEventLoop.processSelectedKey(NioEventLoop.java:632)
	at org.apache.ratis.thirdparty.io.netty.channel.nio.NioEventLoop.processSelectedKeysOptimized(NioEventLoop.java:579)
	at org.apache.ratis.thirdparty.io.netty.channel.nio.NioEventLoop.processSelectedKeys(NioEventLoop.java:496)
	at org.apache.ratis.thirdparty.io.netty.channel.nio.NioEventLoop.run(NioEventLoop.java:458)
	at org.apache.ratis.thirdparty.io.netty.util.concurrent.SingleThreadEventExecutor$5.run(SingleThreadEventExecutor.java:897)
	at org.apache.ratis.thirdparty.io.netty.util.concurrent.FastThreadLocalRunnable.run(FastThreadLocalRunnable.java:30)
	... 1 more
Caused by: java.net.ConnectException: Connection refused
	... 11 more
2019-09-24 19:08:49,702 [0c8dc4a6-8d6b-4759-9996-474f61414cd5@group-24C9ADE1A15D:LeaderElection233] INFO  impl.LeaderElection (LogUtils.java:infoOrTrace(149)) - 0c8dc4a6-8d6b-4759-9996-474f61414cd5@group-24C9ADE1A15D:LeaderElection233 got exception when requesting votes: {}
java.util.concurrent.ExecutionException: org.apache.ratis.thirdparty.io.grpc.StatusRuntimeException: UNAVAILABLE: io exception
	at java.util.concurrent.FutureTask.report(FutureTask.java:122)
	at java.util.concurrent.FutureTask.get(FutureTask.java:192)
	at org.apache.ratis.server.impl.LeaderElection.waitForResults(LeaderElection.java:263)
	at org.apache.ratis.server.impl.LeaderElection.askForVotes(LeaderElection.java:201)
	at org.apache.ratis.server.impl.LeaderElection.run(LeaderElection.java:133)
	at java.lang.Thread.run(Thread.java:748)
Caused by: org.apache.ratis.thirdparty.io.grpc.StatusRuntimeException: UNAVAILABLE: io exception
	at org.apache.ratis.thirdparty.io.grpc.stub.ClientCalls.toStatusRuntimeException(ClientCalls.java:233)
	at org.apache.ratis.thirdparty.io.grpc.stub.ClientCalls.getUnchecked(ClientCalls.java:214)
	at org.apache.ratis.thirdparty.io.grpc.stub.ClientCalls.blockingUnaryCall(ClientCalls.java:139)
	at org.apache.ratis.proto.grpc.RaftServerProtocolServiceGrpc$RaftServerProtocolServiceBlockingStub.requestVote(RaftServerProtocolServiceGrpc.java:265)
	at org.apache.ratis.grpc.server.GrpcServerProtocolClient.requestVote(GrpcServerProtocolClient.java:90)
	at org.apache.ratis.grpc.server.GrpcService.requestVote(GrpcService.java:204)
	at org.apache.ratis.server.impl.LeaderElection.lambda$submitRequests$1(LeaderElection.java:238)
	at java.util.concurrent.FutureTask.run(FutureTask.java:266)
	at java.util.concurrent.Executors$RunnableAdapter.call(Executors.java:511)
	at java.util.concurrent.FutureTask.run(FutureTask.java:266)
	at java.util.concurrent.ThreadPoolExecutor.runWorker(ThreadPoolExecutor.java:1149)
	at java.util.concurrent.ThreadPoolExecutor$Worker.run(ThreadPoolExecutor.java:624)
	... 1 more
Caused by: org.apache.ratis.thirdparty.io.netty.channel.AbstractChannel$AnnotatedConnectException: Connection refused: /192.168.5.148:45815
	at sun.nio.ch.SocketChannelImpl.checkConnect(Native Method)
	at sun.nio.ch.SocketChannelImpl.finishConnect(SocketChannelImpl.java:717)
	at org.apache.ratis.thirdparty.io.netty.channel.socket.nio.NioSocketChannel.doFinishConnect(NioSocketChannel.java:327)
	at org.apache.ratis.thirdparty.io.netty.channel.nio.AbstractNioChannel$AbstractNioUnsafe.finishConnect(AbstractNioChannel.java:340)
	at org.apache.ratis.thirdparty.io.netty.channel.nio.NioEventLoop.processSelectedKey(NioEventLoop.java:632)
	at org.apache.ratis.thirdparty.io.netty.channel.nio.NioEventLoop.processSelectedKeysOptimized(NioEventLoop.java:579)
	at org.apache.ratis.thirdparty.io.netty.channel.nio.NioEventLoop.processSelectedKeys(NioEventLoop.java:496)
	at org.apache.ratis.thirdparty.io.netty.channel.nio.NioEventLoop.run(NioEventLoop.java:458)
	at org.apache.ratis.thirdparty.io.netty.util.concurrent.SingleThreadEventExecutor$5.run(SingleThreadEventExecutor.java:897)
	at org.apache.ratis.thirdparty.io.netty.util.concurrent.FastThreadLocalRunnable.run(FastThreadLocalRunnable.java:30)
	... 1 more
Caused by: java.net.ConnectException: Connection refused
	... 11 more
2019-09-24 19:08:49,702 [2301f1b0-893f-4443-acec-e918286f3c24@group-24C9ADE1A15D:LeaderElection232] INFO  impl.LeaderElection (LogUtils.java:infoOrTrace(149)) - 2301f1b0-893f-4443-acec-e918286f3c24@group-24C9ADE1A15D:LeaderElection232 got exception when requesting votes: {}
java.util.concurrent.ExecutionException: org.apache.ratis.thirdparty.io.grpc.StatusRuntimeException: UNAVAILABLE: io exception
	at java.util.concurrent.FutureTask.report(FutureTask.java:122)
	at java.util.concurrent.FutureTask.get(FutureTask.java:192)
	at org.apache.ratis.server.impl.LeaderElection.waitForResults(LeaderElection.java:263)
	at org.apache.ratis.server.impl.LeaderElection.askForVotes(LeaderElection.java:201)
	at org.apache.ratis.server.impl.LeaderElection.run(LeaderElection.java:133)
	at java.lang.Thread.run(Thread.java:748)
Caused by: org.apache.ratis.thirdparty.io.grpc.StatusRuntimeException: UNAVAILABLE: io exception
	at org.apache.ratis.thirdparty.io.grpc.stub.ClientCalls.toStatusRuntimeException(ClientCalls.java:233)
	at org.apache.ratis.thirdparty.io.grpc.stub.ClientCalls.getUnchecked(ClientCalls.java:214)
	at org.apache.ratis.thirdparty.io.grpc.stub.ClientCalls.blockingUnaryCall(ClientCalls.java:139)
	at org.apache.ratis.proto.grpc.RaftServerProtocolServiceGrpc$RaftServerProtocolServiceBlockingStub.requestVote(RaftServerProtocolServiceGrpc.java:265)
	at org.apache.ratis.grpc.server.GrpcServerProtocolClient.requestVote(GrpcServerProtocolClient.java:90)
	at org.apache.ratis.grpc.server.GrpcService.requestVote(GrpcService.java:204)
	at org.apache.ratis.server.impl.LeaderElection.lambda$submitRequests$1(LeaderElection.java:238)
	at java.util.concurrent.FutureTask.run(FutureTask.java:266)
	at java.util.concurrent.Executors$RunnableAdapter.call(Executors.java:511)
	at java.util.concurrent.FutureTask.run(FutureTask.java:266)
	at java.util.concurrent.ThreadPoolExecutor.runWorker(ThreadPoolExecutor.java:1149)
	at java.util.concurrent.ThreadPoolExecutor$Worker.run(ThreadPoolExecutor.java:624)
	... 1 more
Caused by: org.apache.ratis.thirdparty.io.netty.channel.AbstractChannel$AnnotatedConnectException: Connection refused: /192.168.5.148:45815
	at sun.nio.ch.SocketChannelImpl.checkConnect(Native Method)
	at sun.nio.ch.SocketChannelImpl.finishConnect(SocketChannelImpl.java:717)
	at org.apache.ratis.thirdparty.io.netty.channel.socket.nio.NioSocketChannel.doFinishConnect(NioSocketChannel.java:327)
	at org.apache.ratis.thirdparty.io.netty.channel.nio.AbstractNioChannel$AbstractNioUnsafe.finishConnect(AbstractNioChannel.java:340)
	at org.apache.ratis.thirdparty.io.netty.channel.nio.NioEventLoop.processSelectedKey(NioEventLoop.java:632)
	at org.apache.ratis.thirdparty.io.netty.channel.nio.NioEventLoop.processSelectedKeysOptimized(NioEventLoop.java:579)
	at org.apache.ratis.thirdparty.io.netty.channel.nio.NioEventLoop.processSelectedKeys(NioEventLoop.java:496)
	at org.apache.ratis.thirdparty.io.netty.channel.nio.NioEventLoop.run(NioEventLoop.java:458)
	at org.apache.ratis.thirdparty.io.netty.util.concurrent.SingleThreadEventExecutor$5.run(SingleThreadEventExecutor.java:897)
	at org.apache.ratis.thirdparty.io.netty.util.concurrent.FastThreadLocalRunnable.run(FastThreadLocalRunnable.java:30)
	... 1 more
Caused by: java.net.ConnectException: Connection refused
	... 11 more
2019-09-24 19:08:49,702 [0c8dc4a6-8d6b-4759-9996-474f61414cd5@group-DD0F18FA726D:LeaderElection229] INFO  impl.LeaderElection (LogUtils.java:infoOrTrace(149)) - 0c8dc4a6-8d6b-4759-9996-474f61414cd5@group-DD0F18FA726D:LeaderElection229 got exception when requesting votes: {}
java.util.concurrent.ExecutionException: org.apache.ratis.thirdparty.io.grpc.StatusRuntimeException: UNAVAILABLE: io exception
	at java.util.concurrent.FutureTask.report(FutureTask.java:122)
	at java.util.concurrent.FutureTask.get(FutureTask.java:192)
	at org.apache.ratis.server.impl.LeaderElection.waitForResults(LeaderElection.java:263)
	at org.apache.ratis.server.impl.LeaderElection.askForVotes(LeaderElection.java:201)
	at org.apache.ratis.server.impl.LeaderElection.run(LeaderElection.java:133)
	at java.lang.Thread.run(Thread.java:748)
Caused by: org.apache.ratis.thirdparty.io.grpc.StatusRuntimeException: UNAVAILABLE: io exception
	at org.apache.ratis.thirdparty.io.grpc.stub.ClientCalls.toStatusRuntimeException(ClientCalls.java:233)
	at org.apache.ratis.thirdparty.io.grpc.stub.ClientCalls.getUnchecked(ClientCalls.java:214)
	at org.apache.ratis.thirdparty.io.grpc.stub.ClientCalls.blockingUnaryCall(ClientCalls.java:139)
	at org.apache.ratis.proto.grpc.RaftServerProtocolServiceGrpc$RaftServerProtocolServiceBlockingStub.requestVote(RaftServerProtocolServiceGrpc.java:265)
	at org.apache.ratis.grpc.server.GrpcServerProtocolClient.requestVote(GrpcServerProtocolClient.java:90)
	at org.apache.ratis.grpc.server.GrpcService.requestVote(GrpcService.java:204)
	at org.apache.ratis.server.impl.LeaderElection.lambda$submitRequests$1(LeaderElection.java:238)
	at java.util.concurrent.FutureTask.run(FutureTask.java:266)
	at java.util.concurrent.Executors$RunnableAdapter.call(Executors.java:511)
	at java.util.concurrent.FutureTask.run(FutureTask.java:266)
	at java.util.concurrent.ThreadPoolExecutor.runWorker(ThreadPoolExecutor.java:1149)
	at java.util.concurrent.ThreadPoolExecutor$Worker.run(ThreadPoolExecutor.java:624)
	... 1 more
Caused by: org.apache.ratis.thirdparty.io.netty.channel.AbstractChannel$AnnotatedConnectException: Connection refused: /192.168.5.148:45815
	at sun.nio.ch.SocketChannelImpl.checkConnect(Native Method)
	at sun.nio.ch.SocketChannelImpl.finishConnect(SocketChannelImpl.java:717)
	at org.apache.ratis.thirdparty.io.netty.channel.socket.nio.NioSocketChannel.doFinishConnect(NioSocketChannel.java:327)
	at org.apache.ratis.thirdparty.io.netty.channel.nio.AbstractNioChannel$AbstractNioUnsafe.finishConnect(AbstractNioChannel.java:340)
	at org.apache.ratis.thirdparty.io.netty.channel.nio.NioEventLoop.processSelectedKey(NioEventLoop.java:632)
	at org.apache.ratis.thirdparty.io.netty.channel.nio.NioEventLoop.processSelectedKeysOptimized(NioEventLoop.java:579)
	at org.apache.ratis.thirdparty.io.netty.channel.nio.NioEventLoop.processSelectedKeys(NioEventLoop.java:496)
	at org.apache.ratis.thirdparty.io.netty.channel.nio.NioEventLoop.run(NioEventLoop.java:458)
	at org.apache.ratis.thirdparty.io.netty.util.concurrent.SingleThreadEventExecutor$5.run(SingleThreadEventExecutor.java:897)
	at org.apache.ratis.thirdparty.io.netty.util.concurrent.FastThreadLocalRunnable.run(FastThreadLocalRunnable.java:30)
	... 1 more
Caused by: java.net.ConnectException: Connection refused
	... 11 more
2019-09-24 19:08:49,703 [2301f1b0-893f-4443-acec-e918286f3c24@group-24C9ADE1A15D:LeaderElection232] INFO  impl.LeaderElection (LeaderElection.java:logAndReturn(56)) - 2301f1b0-893f-4443-acec-e918286f3c24@group-24C9ADE1A15D:LeaderElection232: Election REJECTED; received 1 response(s) [2301f1b0-893f-4443-acec-e918286f3c24<-0c8dc4a6-8d6b-4759-9996-474f61414cd5#0:FAIL-t2] and 1 exception(s); 2301f1b0-893f-4443-acec-e918286f3c24@group-24C9ADE1A15D:t2, leader=null, voted=2301f1b0-893f-4443-acec-e918286f3c24, raftlog=2301f1b0-893f-4443-acec-e918286f3c24@group-24C9ADE1A15D-SegmentedRaftLog:OPENED:c-1,f-1,i0, conf=-1: [2301f1b0-893f-4443-acec-e918286f3c24:192.168.5.148:45459, 2e29e414-edf9-4b10-a5cb-2050908d7d76:192.168.5.148:45815, 0c8dc4a6-8d6b-4759-9996-474f61414cd5:192.168.5.148:45865], old=null
2019-09-24 19:08:49,703 [0c8dc4a6-8d6b-4759-9996-474f61414cd5@group-24C9ADE1A15D:LeaderElection233] INFO  impl.LeaderElection (LeaderElection.java:logAndReturn(56)) - 0c8dc4a6-8d6b-4759-9996-474f61414cd5@group-24C9ADE1A15D:LeaderElection233: Election REJECTED; received 1 response(s) [0c8dc4a6-8d6b-4759-9996-474f61414cd5<-2301f1b0-893f-4443-acec-e918286f3c24#0:FAIL-t2] and 1 exception(s); 0c8dc4a6-8d6b-4759-9996-474f61414cd5@group-24C9ADE1A15D:t2, leader=null, voted=0c8dc4a6-8d6b-4759-9996-474f61414cd5, raftlog=0c8dc4a6-8d6b-4759-9996-474f61414cd5@group-24C9ADE1A15D-SegmentedRaftLog:OPENED:c-1,f-1,i0, conf=-1: [2301f1b0-893f-4443-acec-e918286f3c24:192.168.5.148:45459, 2e29e414-edf9-4b10-a5cb-2050908d7d76:192.168.5.148:45815, 0c8dc4a6-8d6b-4759-9996-474f61414cd5:192.168.5.148:45865], old=null
2019-09-24 19:08:49,703 [2301f1b0-893f-4443-acec-e918286f3c24@group-DD0F18FA726D:LeaderElection231] INFO  impl.LeaderElection (LeaderElection.java:logAndReturn(56)) - 2301f1b0-893f-4443-acec-e918286f3c24@group-DD0F18FA726D:LeaderElection231: Election REJECTED; received 1 response(s) [2301f1b0-893f-4443-acec-e918286f3c24<-0c8dc4a6-8d6b-4759-9996-474f61414cd5#0:FAIL-t2] and 1 exception(s); 2301f1b0-893f-4443-acec-e918286f3c24@group-DD0F18FA726D:t2, leader=null, voted=2301f1b0-893f-4443-acec-e918286f3c24, raftlog=2301f1b0-893f-4443-acec-e918286f3c24@group-DD0F18FA726D-SegmentedRaftLog:OPENED:c-1,f-1,i0, conf=-1: [2301f1b0-893f-4443-acec-e918286f3c24:192.168.5.148:45459, 2e29e414-edf9-4b10-a5cb-2050908d7d76:192.168.5.148:45815, 0c8dc4a6-8d6b-4759-9996-474f61414cd5:192.168.5.148:45865], old=null
2019-09-24 19:08:49,704 [0c8dc4a6-8d6b-4759-9996-474f61414cd5@group-24C9ADE1A15D:LeaderElection233] INFO  impl.LeaderElection (LogUtils.java:infoOrTrace(149)) -   Exception 0: {}
java.util.concurrent.ExecutionException: org.apache.ratis.thirdparty.io.grpc.StatusRuntimeException: UNAVAILABLE: io exception
	at java.util.concurrent.FutureTask.report(FutureTask.java:122)
	at java.util.concurrent.FutureTask.get(FutureTask.java:192)
	at org.apache.ratis.server.impl.LeaderElection.waitForResults(LeaderElection.java:263)
	at org.apache.ratis.server.impl.LeaderElection.askForVotes(LeaderElection.java:201)
	at org.apache.ratis.server.impl.LeaderElection.run(LeaderElection.java:133)
	at java.lang.Thread.run(Thread.java:748)
Caused by: org.apache.ratis.thirdparty.io.grpc.StatusRuntimeException: UNAVAILABLE: io exception
	at org.apache.ratis.thirdparty.io.grpc.stub.ClientCalls.toStatusRuntimeException(ClientCalls.java:233)
	at org.apache.ratis.thirdparty.io.grpc.stub.ClientCalls.getUnchecked(ClientCalls.java:214)
	at org.apache.ratis.thirdparty.io.grpc.stub.ClientCalls.blockingUnaryCall(ClientCalls.java:139)
	at org.apache.ratis.proto.grpc.RaftServerProtocolServiceGrpc$RaftServerProtocolServiceBlockingStub.requestVote(RaftServerProtocolServiceGrpc.java:265)
	at org.apache.ratis.grpc.server.GrpcServerProtocolClient.requestVote(GrpcServerProtocolClient.java:90)
	at org.apache.ratis.grpc.server.GrpcService.requestVote(GrpcService.java:204)
	at org.apache.ratis.server.impl.LeaderElection.lambda$submitRequests$1(LeaderElection.java:238)
	at java.util.concurrent.FutureTask.run(FutureTask.java:266)
	at java.util.concurrent.Executors$RunnableAdapter.call(Executors.java:511)
	at java.util.concurrent.FutureTask.run(FutureTask.java:266)
	at java.util.concurrent.ThreadPoolExecutor.runWorker(ThreadPoolExecutor.java:1149)
	at java.util.concurrent.ThreadPoolExecutor$Worker.run(ThreadPoolExecutor.java:624)
	... 1 more
Caused by: org.apache.ratis.thirdparty.io.netty.channel.AbstractChannel$AnnotatedConnectException: Connection refused: /192.168.5.148:45815
	at sun.nio.ch.SocketChannelImpl.checkConnect(Native Method)
	at sun.nio.ch.SocketChannelImpl.finishConnect(SocketChannelImpl.java:717)
	at org.apache.ratis.thirdparty.io.netty.channel.socket.nio.NioSocketChannel.doFinishConnect(NioSocketChannel.java:327)
	at org.apache.ratis.thirdparty.io.netty.channel.nio.AbstractNioChannel$AbstractNioUnsafe.finishConnect(AbstractNioChannel.java:340)
	at org.apache.ratis.thirdparty.io.netty.channel.nio.NioEventLoop.processSelectedKey(NioEventLoop.java:632)
	at org.apache.ratis.thirdparty.io.netty.channel.nio.NioEventLoop.processSelectedKeysOptimized(NioEventLoop.java:579)
	at org.apache.ratis.thirdparty.io.netty.channel.nio.NioEventLoop.processSelectedKeys(NioEventLoop.java:496)
	at org.apache.ratis.thirdparty.io.netty.channel.nio.NioEventLoop.run(NioEventLoop.java:458)
	at org.apache.ratis.thirdparty.io.netty.util.concurrent.SingleThreadEventExecutor$5.run(SingleThreadEventExecutor.java:897)
	at org.apache.ratis.thirdparty.io.netty.util.concurrent.FastThreadLocalRunnable.run(FastThreadLocalRunnable.java:30)
	... 1 more
Caused by: java.net.ConnectException: Connection refused
	... 11 more
2019-09-24 19:08:49,704 [2301f1b0-893f-4443-acec-e918286f3c24@group-24C9ADE1A15D:LeaderElection232] INFO  impl.LeaderElection (LogUtils.java:infoOrTrace(149)) -   Exception 0: {}
java.util.concurrent.ExecutionException: org.apache.ratis.thirdparty.io.grpc.StatusRuntimeException: UNAVAILABLE: io exception
	at java.util.concurrent.FutureTask.report(FutureTask.java:122)
	at java.util.concurrent.FutureTask.get(FutureTask.java:192)
	at org.apache.ratis.server.impl.LeaderElection.waitForResults(LeaderElection.java:263)
	at org.apache.ratis.server.impl.LeaderElection.askForVotes(LeaderElection.java:201)
	at org.apache.ratis.server.impl.LeaderElection.run(LeaderElection.java:133)
	at java.lang.Thread.run(Thread.java:748)
Caused by: org.apache.ratis.thirdparty.io.grpc.StatusRuntimeException: UNAVAILABLE: io exception
	at org.apache.ratis.thirdparty.io.grpc.stub.ClientCalls.toStatusRuntimeException(ClientCalls.java:233)
	at org.apache.ratis.thirdparty.io.grpc.stub.ClientCalls.getUnchecked(ClientCalls.java:214)
	at org.apache.ratis.thirdparty.io.grpc.stub.ClientCalls.blockingUnaryCall(ClientCalls.java:139)
	at org.apache.ratis.proto.grpc.RaftServerProtocolServiceGrpc$RaftServerProtocolServiceBlockingStub.requestVote(RaftServerProtocolServiceGrpc.java:265)
	at org.apache.ratis.grpc.server.GrpcServerProtocolClient.requestVote(GrpcServerProtocolClient.java:90)
	at org.apache.ratis.grpc.server.GrpcService.requestVote(GrpcService.java:204)
	at org.apache.ratis.server.impl.LeaderElection.lambda$submitRequests$1(LeaderElection.java:238)
	at java.util.concurrent.FutureTask.run(FutureTask.java:266)
	at java.util.concurrent.Executors$RunnableAdapter.call(Executors.java:511)
	at java.util.concurrent.FutureTask.run(FutureTask.java:266)
	at java.util.concurrent.ThreadPoolExecutor.runWorker(ThreadPoolExecutor.java:1149)
	at java.util.concurrent.ThreadPoolExecutor$Worker.run(ThreadPoolExecutor.java:624)
	... 1 more
Caused by: org.apache.ratis.thirdparty.io.netty.channel.AbstractChannel$AnnotatedConnectException: Connection refused: /192.168.5.148:45815
	at sun.nio.ch.SocketChannelImpl.checkConnect(Native Method)
	at sun.nio.ch.SocketChannelImpl.finishConnect(SocketChannelImpl.java:717)
	at org.apache.ratis.thirdparty.io.netty.channel.socket.nio.NioSocketChannel.doFinishConnect(NioSocketChannel.java:327)
	at org.apache.ratis.thirdparty.io.netty.channel.nio.AbstractNioChannel$AbstractNioUnsafe.finishConnect(AbstractNioChannel.java:340)
	at org.apache.ratis.thirdparty.io.netty.channel.nio.NioEventLoop.processSelectedKey(NioEventLoop.java:632)
	at org.apache.ratis.thirdparty.io.netty.channel.nio.NioEventLoop.processSelectedKeysOptimized(NioEventLoop.java:579)
	at org.apache.ratis.thirdparty.io.netty.channel.nio.NioEventLoop.processSelectedKeys(NioEventLoop.java:496)
	at org.apache.ratis.thirdparty.io.netty.channel.nio.NioEventLoop.run(NioEventLoop.java:458)
	at org.apache.ratis.thirdparty.io.netty.util.concurrent.SingleThreadEventExecutor$5.run(SingleThreadEventExecutor.java:897)
	at org.apache.ratis.thirdparty.io.netty.util.concurrent.FastThreadLocalRunnable.run(FastThreadLocalRunnable.java:30)
	... 1 more
Caused by: java.net.ConnectException: Connection refused
	... 11 more
2019-09-24 19:08:49,704 [0c8dc4a6-8d6b-4759-9996-474f61414cd5@group-DD0F18FA726D:LeaderElection229] INFO  impl.LeaderElection (LeaderElection.java:logAndReturn(56)) - 0c8dc4a6-8d6b-4759-9996-474f61414cd5@group-DD0F18FA726D:LeaderElection229: Election REJECTED; received 1 response(s) [0c8dc4a6-8d6b-4759-9996-474f61414cd5<-2301f1b0-893f-4443-acec-e918286f3c24#0:FAIL-t2] and 1 exception(s); 0c8dc4a6-8d6b-4759-9996-474f61414cd5@group-DD0F18FA726D:t2, leader=null, voted=0c8dc4a6-8d6b-4759-9996-474f61414cd5, raftlog=0c8dc4a6-8d6b-4759-9996-474f61414cd5@group-DD0F18FA726D-SegmentedRaftLog:OPENED:c-1,f-1,i0, conf=-1: [2301f1b0-893f-4443-acec-e918286f3c24:192.168.5.148:45459, 2e29e414-edf9-4b10-a5cb-2050908d7d76:192.168.5.148:45815, 0c8dc4a6-8d6b-4759-9996-474f61414cd5:192.168.5.148:45865], old=null
2019-09-24 19:08:49,705 [2301f1b0-893f-4443-acec-e918286f3c24@group-24C9ADE1A15D:LeaderElection232] INFO  impl.RaftServerImpl (RaftServerImpl.java:setRole(174)) - 2301f1b0-893f-4443-acec-e918286f3c24@group-24C9ADE1A15D: changes role from CANDIDATE to FOLLOWER at term 2 for DISCOVERED_A_NEW_TERM
2019-09-24 19:08:49,704 [0c8dc4a6-8d6b-4759-9996-474f61414cd5@group-24C9ADE1A15D:LeaderElection233] INFO  impl.RaftServerImpl (RaftServerImpl.java:setRole(174)) - 0c8dc4a6-8d6b-4759-9996-474f61414cd5@group-24C9ADE1A15D: changes role from CANDIDATE to FOLLOWER at term 2 for DISCOVERED_A_NEW_TERM
2019-09-24 19:08:49,704 [2301f1b0-893f-4443-acec-e918286f3c24@group-DD0F18FA726D:LeaderElection231] INFO  impl.LeaderElection (LogUtils.java:infoOrTrace(149)) -   Exception 0: {}
java.util.concurrent.ExecutionException: org.apache.ratis.thirdparty.io.grpc.StatusRuntimeException: UNAVAILABLE: io exception
	at java.util.concurrent.FutureTask.report(FutureTask.java:122)
	at java.util.concurrent.FutureTask.get(FutureTask.java:192)
	at org.apache.ratis.server.impl.LeaderElection.waitForResults(LeaderElection.java:263)
	at org.apache.ratis.server.impl.LeaderElection.askForVotes(LeaderElection.java:201)
	at org.apache.ratis.server.impl.LeaderElection.run(LeaderElection.java:133)
	at java.lang.Thread.run(Thread.java:748)
Caused by: org.apache.ratis.thirdparty.io.grpc.StatusRuntimeException: UNAVAILABLE: io exception
	at org.apache.ratis.thirdparty.io.grpc.stub.ClientCalls.toStatusRuntimeException(ClientCalls.java:233)
	at org.apache.ratis.thirdparty.io.grpc.stub.ClientCalls.getUnchecked(ClientCalls.java:214)
	at org.apache.ratis.thirdparty.io.grpc.stub.ClientCalls.blockingUnaryCall(ClientCalls.java:139)
	at org.apache.ratis.proto.grpc.RaftServerProtocolServiceGrpc$RaftServerProtocolServiceBlockingStub.requestVote(RaftServerProtocolServiceGrpc.java:265)
	at org.apache.ratis.grpc.server.GrpcServerProtocolClient.requestVote(GrpcServerProtocolClient.java:90)
	at org.apache.ratis.grpc.server.GrpcService.requestVote(GrpcService.java:204)
	at org.apache.ratis.server.impl.LeaderElection.lambda$submitRequests$1(LeaderElection.java:238)
	at java.util.concurrent.FutureTask.run(FutureTask.java:266)
	at java.util.concurrent.Executors$RunnableAdapter.call(Executors.java:511)
	at java.util.concurrent.FutureTask.run(FutureTask.java:266)
	at java.util.concurrent.ThreadPoolExecutor.runWorker(ThreadPoolExecutor.java:1149)
	at java.util.concurrent.ThreadPoolExecutor$Worker.run(ThreadPoolExecutor.java:624)
	... 1 more
Caused by: org.apache.ratis.thirdparty.io.netty.channel.AbstractChannel$AnnotatedConnectException: Connection refused: /192.168.5.148:45815
	at sun.nio.ch.SocketChannelImpl.checkConnect(Native Method)
	at sun.nio.ch.SocketChannelImpl.finishConnect(SocketChannelImpl.java:717)
	at org.apache.ratis.thirdparty.io.netty.channel.socket.nio.NioSocketChannel.doFinishConnect(NioSocketChannel.java:327)
	at org.apache.ratis.thirdparty.io.netty.channel.nio.AbstractNioChannel$AbstractNioUnsafe.finishConnect(AbstractNioChannel.java:340)
	at org.apache.ratis.thirdparty.io.netty.channel.nio.NioEventLoop.processSelectedKey(NioEventLoop.java:632)
	at org.apache.ratis.thirdparty.io.netty.channel.nio.NioEventLoop.processSelectedKeysOptimized(NioEventLoop.java:579)
	at org.apache.ratis.thirdparty.io.netty.channel.nio.NioEventLoop.processSelectedKeys(NioEventLoop.java:496)
	at org.apache.ratis.thirdparty.io.netty.channel.nio.NioEventLoop.run(NioEventLoop.java:458)
	at org.apache.ratis.thirdparty.io.netty.util.concurrent.SingleThreadEventExecutor$5.run(SingleThreadEventExecutor.java:897)
	at org.apache.ratis.thirdparty.io.netty.util.concurrent.FastThreadLocalRunnable.run(FastThreadLocalRunnable.java:30)
	... 1 more
Caused by: java.net.ConnectException: Connection refused
	... 11 more
2019-09-24 19:08:49,705 [0c8dc4a6-8d6b-4759-9996-474f61414cd5@group-24C9ADE1A15D:LeaderElection233] INFO  impl.RoleInfo (RoleInfo.java:shutdownLeaderElection(134)) - 0c8dc4a6-8d6b-4759-9996-474f61414cd5: shutdown LeaderElection
2019-09-24 19:08:49,705 [2301f1b0-893f-4443-acec-e918286f3c24@group-24C9ADE1A15D:LeaderElection232] INFO  impl.RoleInfo (RoleInfo.java:shutdownLeaderElection(134)) - 2301f1b0-893f-4443-acec-e918286f3c24: shutdown LeaderElection
2019-09-24 19:08:49,705 [0c8dc4a6-8d6b-4759-9996-474f61414cd5@group-DD0F18FA726D:LeaderElection229] INFO  impl.LeaderElection (LogUtils.java:infoOrTrace(149)) -   Exception 0: {}
java.util.concurrent.ExecutionException: org.apache.ratis.thirdparty.io.grpc.StatusRuntimeException: UNAVAILABLE: io exception
	at java.util.concurrent.FutureTask.report(FutureTask.java:122)
	at java.util.concurrent.FutureTask.get(FutureTask.java:192)
	at org.apache.ratis.server.impl.LeaderElection.waitForResults(LeaderElection.java:263)
	at org.apache.ratis.server.impl.LeaderElection.askForVotes(LeaderElection.java:201)
	at org.apache.ratis.server.impl.LeaderElection.run(LeaderElection.java:133)
	at java.lang.Thread.run(Thread.java:748)
Caused by: org.apache.ratis.thirdparty.io.grpc.StatusRuntimeException: UNAVAILABLE: io exception
	at org.apache.ratis.thirdparty.io.grpc.stub.ClientCalls.toStatusRuntimeException(ClientCalls.java:233)
	at org.apache.ratis.thirdparty.io.grpc.stub.ClientCalls.getUnchecked(ClientCalls.java:214)
	at org.apache.ratis.thirdparty.io.grpc.stub.ClientCalls.blockingUnaryCall(ClientCalls.java:139)
	at org.apache.ratis.proto.grpc.RaftServerProtocolServiceGrpc$RaftServerProtocolServiceBlockingStub.requestVote(RaftServerProtocolServiceGrpc.java:265)
	at org.apache.ratis.grpc.server.GrpcServerProtocolClient.requestVote(GrpcServerProtocolClient.java:90)
	at org.apache.ratis.grpc.server.GrpcService.requestVote(GrpcService.java:204)
	at org.apache.ratis.server.impl.LeaderElection.lambda$submitRequests$1(LeaderElection.java:238)
	at java.util.concurrent.FutureTask.run(FutureTask.java:266)
	at java.util.concurrent.Executors$RunnableAdapter.call(Executors.java:511)
	at java.util.concurrent.FutureTask.run(FutureTask.java:266)
	at java.util.concurrent.ThreadPoolExecutor.runWorker(ThreadPoolExecutor.java:1149)
	at java.util.concurrent.ThreadPoolExecutor$Worker.run(ThreadPoolExecutor.java:624)
	... 1 more
Caused by: org.apache.ratis.thirdparty.io.netty.channel.AbstractChannel$AnnotatedConnectException: Connection refused: /192.168.5.148:45815
	at sun.nio.ch.SocketChannelImpl.checkConnect(Native Method)
	at sun.nio.ch.SocketChannelImpl.finishConnect(SocketChannelImpl.java:717)
	at org.apache.ratis.thirdparty.io.netty.channel.socket.nio.NioSocketChannel.doFinishConnect(NioSocketChannel.java:327)
	at org.apache.ratis.thirdparty.io.netty.channel.nio.AbstractNioChannel$AbstractNioUnsafe.finishConnect(AbstractNioChannel.java:340)
	at org.apache.ratis.thirdparty.io.netty.channel.nio.NioEventLoop.processSelectedKey(NioEventLoop.java:632)
	at org.apache.ratis.thirdparty.io.netty.channel.nio.NioEventLoop.processSelectedKeysOptimized(NioEventLoop.java:579)
	at org.apache.ratis.thirdparty.io.netty.channel.nio.NioEventLoop.processSelectedKeys(NioEventLoop.java:496)
	at org.apache.ratis.thirdparty.io.netty.channel.nio.NioEventLoop.run(NioEventLoop.java:458)
	at org.apache.ratis.thirdparty.io.netty.util.concurrent.SingleThreadEventExecutor$5.run(SingleThreadEventExecutor.java:897)
	at org.apache.ratis.thirdparty.io.netty.util.concurrent.FastThreadLocalRunnable.run(FastThreadLocalRunnable.java:30)
	... 1 more
Caused by: java.net.ConnectException: Connection refused
	... 11 more
2019-09-24 19:08:49,706 [2301f1b0-893f-4443-acec-e918286f3c24@group-24C9ADE1A15D:LeaderElection232] INFO  impl.RoleInfo (RoleInfo.java:updateAndGet(143)) - 2301f1b0-893f-4443-acec-e918286f3c24: start FollowerState
2019-09-24 19:08:49,706 [0c8dc4a6-8d6b-4759-9996-474f61414cd5@group-24C9ADE1A15D:LeaderElection233] INFO  impl.RoleInfo (RoleInfo.java:updateAndGet(143)) - 0c8dc4a6-8d6b-4759-9996-474f61414cd5: start FollowerState
2019-09-24 19:08:49,706 [2301f1b0-893f-4443-acec-e918286f3c24@group-DD0F18FA726D:LeaderElection231] INFO  impl.RaftServerImpl (RaftServerImpl.java:setRole(174)) - 2301f1b0-893f-4443-acec-e918286f3c24@group-DD0F18FA726D: changes role from CANDIDATE to FOLLOWER at term 2 for DISCOVERED_A_NEW_TERM
2019-09-24 19:08:49,707 [2301f1b0-893f-4443-acec-e918286f3c24@group-DD0F18FA726D:LeaderElection231] INFO  impl.RoleInfo (RoleInfo.java:shutdownLeaderElection(134)) - 2301f1b0-893f-4443-acec-e918286f3c24: shutdown LeaderElection
2019-09-24 19:08:49,707 [0c8dc4a6-8d6b-4759-9996-474f61414cd5@group-DD0F18FA726D:LeaderElection229] INFO  impl.RaftServerImpl (RaftServerImpl.java:setRole(174)) - 0c8dc4a6-8d6b-4759-9996-474f61414cd5@group-DD0F18FA726D: changes role from CANDIDATE to FOLLOWER at term 2 for DISCOVERED_A_NEW_TERM
2019-09-24 19:08:49,707 [2301f1b0-893f-4443-acec-e918286f3c24@group-DD0F18FA726D:LeaderElection231] INFO  impl.RoleInfo (RoleInfo.java:updateAndGet(143)) - 2301f1b0-893f-4443-acec-e918286f3c24: start FollowerState
2019-09-24 19:08:49,708 [0c8dc4a6-8d6b-4759-9996-474f61414cd5@group-DD0F18FA726D:LeaderElection229] INFO  impl.RoleInfo (RoleInfo.java:shutdownLeaderElection(134)) - 0c8dc4a6-8d6b-4759-9996-474f61414cd5: shutdown LeaderElection
2019-09-24 19:08:49,708 [0c8dc4a6-8d6b-4759-9996-474f61414cd5@group-DD0F18FA726D:LeaderElection229] INFO  impl.RoleInfo (RoleInfo.java:updateAndGet(143)) - 0c8dc4a6-8d6b-4759-9996-474f61414cd5: start FollowerState
2019-09-24 19:08:50,009 [Datanode State Machine Thread - 0] INFO  statemachine.DatanodeStateMachine (DatanodeStateMachine.java:lambda$startDaemon$0(350)) - Ozone container server started.
2019-09-24 19:08:50,402 [Datanode State Machine Thread - 0] INFO  statemachine.DatanodeStateMachine (DatanodeStateMachine.java:lambda$startDaemon$0(350)) - Ozone container server started.
2019-09-24 19:08:50,713 [Thread-3613] INFO  impl.FollowerState (FollowerState.java:run(106)) - 2301f1b0-893f-4443-acec-e918286f3c24:group-DD0F18FA726D changes to CANDIDATE, lastRpcTime:1005, electionTimeout:1005ms
2019-09-24 19:08:50,713 [Thread-3613] INFO  impl.RoleInfo (RoleInfo.java:shutdownFollowerState(121)) - 2301f1b0-893f-4443-acec-e918286f3c24: shutdown FollowerState
2019-09-24 19:08:50,713 [Thread-3613] INFO  impl.RaftServerImpl (RaftServerImpl.java:setRole(174)) - 2301f1b0-893f-4443-acec-e918286f3c24@group-DD0F18FA726D: changes role from  FOLLOWER to CANDIDATE at term 2 for changeToCandidate
2019-09-24 19:08:50,714 [Thread-3613] INFO  impl.RoleInfo (RoleInfo.java:updateAndGet(143)) - 2301f1b0-893f-4443-acec-e918286f3c24: start LeaderElection
2019-09-24 19:08:50,759 [Thread-3614] INFO  impl.FollowerState (FollowerState.java:run(106)) - 0c8dc4a6-8d6b-4759-9996-474f61414cd5:group-DD0F18FA726D changes to CANDIDATE, lastRpcTime:1051, electionTimeout:1051ms
2019-09-24 19:08:50,760 [Thread-3614] INFO  impl.RoleInfo (RoleInfo.java:shutdownFollowerState(121)) - 0c8dc4a6-8d6b-4759-9996-474f61414cd5: shutdown FollowerState
2019-09-24 19:08:50,760 [Thread-3614] INFO  impl.RaftServerImpl (RaftServerImpl.java:setRole(174)) - 0c8dc4a6-8d6b-4759-9996-474f61414cd5@group-DD0F18FA726D: changes role from  FOLLOWER to CANDIDATE at term 2 for changeToCandidate
2019-09-24 19:08:50,760 [Thread-3614] INFO  impl.RoleInfo (RoleInfo.java:updateAndGet(143)) - 0c8dc4a6-8d6b-4759-9996-474f61414cd5: start LeaderElection
2019-09-24 19:08:50,800 [Thread-3612] INFO  impl.FollowerState (FollowerState.java:run(106)) - 2301f1b0-893f-4443-acec-e918286f3c24:group-24C9ADE1A15D changes to CANDIDATE, lastRpcTime:1093, electionTimeout:1093ms
2019-09-24 19:08:50,800 [Thread-3612] INFO  impl.RoleInfo (RoleInfo.java:shutdownFollowerState(121)) - 2301f1b0-893f-4443-acec-e918286f3c24: shutdown FollowerState
2019-09-24 19:08:50,800 [Thread-3612] INFO  impl.RaftServerImpl (RaftServerImpl.java:setRole(174)) - 2301f1b0-893f-4443-acec-e918286f3c24@group-24C9ADE1A15D: changes role from  FOLLOWER to CANDIDATE at term 2 for changeToCandidate
2019-09-24 19:08:50,801 [Thread-3612] INFO  impl.RoleInfo (RoleInfo.java:updateAndGet(143)) - 2301f1b0-893f-4443-acec-e918286f3c24: start LeaderElection
2019-09-24 19:08:50,806 [Thread-3611] INFO  impl.FollowerState (FollowerState.java:run(106)) - 0c8dc4a6-8d6b-4759-9996-474f61414cd5:group-24C9ADE1A15D changes to CANDIDATE, lastRpcTime:1100, electionTimeout:1099ms
2019-09-24 19:08:50,807 [Thread-3611] INFO  impl.RoleInfo (RoleInfo.java:shutdownFollowerState(121)) - 0c8dc4a6-8d6b-4759-9996-474f61414cd5: shutdown FollowerState
2019-09-24 19:08:50,807 [Thread-3611] INFO  impl.RaftServerImpl (RaftServerImpl.java:setRole(174)) - 0c8dc4a6-8d6b-4759-9996-474f61414cd5@group-24C9ADE1A15D: changes role from  FOLLOWER to CANDIDATE at term 2 for changeToCandidate
2019-09-24 19:08:50,807 [Thread-3611] INFO  impl.RoleInfo (RoleInfo.java:updateAndGet(143)) - 0c8dc4a6-8d6b-4759-9996-474f61414cd5: start LeaderElection
2019-09-24 19:08:54,553 [main] INFO  ozoneimpl.OzoneContainer (OzoneContainer.java:stop(231)) - Attempting to stop container services.
2019-09-24 19:08:54,553 [ForkJoinPool.commonPool-worker-1] INFO  ozoneimpl.OzoneContainer (OzoneContainer.java:stop(231)) - Attempting to stop container services.
2019-09-24 19:08:54,554 [main] INFO  impl.RaftServerProxy (RaftServerProxy.java:lambda$close$4(314)) - b92d727c-2259-4631-af2f-bae8fdc22d63: close
2019-09-24 19:08:54,554 [ForkJoinPool.commonPool-worker-1] INFO  impl.RaftServerProxy (RaftServerProxy.java:lambda$close$4(314)) - 2301f1b0-893f-4443-acec-e918286f3c24: close
2019-09-24 19:08:54,554 [main] INFO  server.GrpcService (GrpcService.java:closeImpl(164)) - b92d727c-2259-4631-af2f-bae8fdc22d63: shutdown server with port 43032 now
2019-09-24 19:08:54,555 [ForkJoinPool.commonPool-worker-1] INFO  impl.RaftServerImpl (RaftServerImpl.java:lambda$shutdown$3(251)) - 2301f1b0-893f-4443-acec-e918286f3c24@group-BED85A168E3C: shutdown
2019-09-24 19:08:54,555 [main] INFO  server.GrpcService (GrpcService.java:closeImpl(172)) - b92d727c-2259-4631-af2f-bae8fdc22d63: shutdown server with port 43032 successfully
2019-09-24 19:08:54,555 [ForkJoinPool.commonPool-worker-1] INFO  util.JmxRegister (JmxRegister.java:unregister(73)) - Successfully un-registered JMX Bean with object name Ratis:service=RaftServer,group=group-BED85A168E3C,id=2301f1b0-893f-4443-acec-e918286f3c24
2019-09-24 19:08:54,556 [ForkJoinPool.commonPool-worker-1] INFO  impl.RoleInfo (RoleInfo.java:shutdownLeaderState(104)) - 2301f1b0-893f-4443-acec-e918286f3c24: shutdown LeaderState
2019-09-24 19:08:54,556 [ForkJoinPool.commonPool-worker-1] INFO  impl.PendingRequests (PendingRequests.java:sendNotLeaderResponses(202)) - 2301f1b0-893f-4443-acec-e918286f3c24-PendingRequests: sendNotLeaderResponses
2019-09-24 19:08:54,557 [ForkJoinPool.commonPool-worker-1] INFO  impl.StateMachineUpdater (StateMachineUpdater.java:stopAndJoin(125)) - 2301f1b0-893f-4443-acec-e918286f3c24@group-BED85A168E3C-StateMachineUpdater: set stopIndex = 0
2019-09-24 19:08:54,558 [ForkJoinPool.commonPool-worker-1] INFO  impl.RaftServerImpl (ServerState.java:close(385)) - 2301f1b0-893f-4443-acec-e918286f3c24@group-BED85A168E3C: closes. applyIndex: 0
2019-09-24 19:08:54,558 [2301f1b0-893f-4443-acec-e918286f3c24@group-BED85A168E3C-SegmentedRaftLogWorker] INFO  segmented.SegmentedRaftLogWorker (SegmentedRaftLogWorker.java:run(313)) - 2301f1b0-893f-4443-acec-e918286f3c24@group-BED85A168E3C-SegmentedRaftLogWorker was interrupted, exiting. There are 0 tasks remaining in the queue.
2019-09-24 19:08:54,569 [ForkJoinPool.commonPool-worker-1] INFO  segmented.SegmentedRaftLogWorker (SegmentedRaftLogWorker.java:close(228)) - 2301f1b0-893f-4443-acec-e918286f3c24@group-BED85A168E3C-SegmentedRaftLogWorker close()
2019-09-24 19:08:54,569 [refreshUsed-/workdir/hadoop-ozone/integration-test/target/test-dir/MiniOzoneClusterImpl-6223b62d-fae7-42c6-9f07-44d8c3bb99d0/datanode-9/data/containers] WARN  fs.CachingGetSpaceUsed (CachingGetSpaceUsed.java:run(183)) - Thread Interrupted waiting to refresh disk information: sleep interrupted
2019-09-24 19:08:54,573 [ForkJoinPool.commonPool-worker-1] INFO  impl.RaftServerImpl (RaftServerImpl.java:lambda$shutdown$3(251)) - 2301f1b0-893f-4443-acec-e918286f3c24@group-24C9ADE1A15D: shutdown
2019-09-24 19:08:54,573 [ForkJoinPool.commonPool-worker-1] INFO  util.JmxRegister (JmxRegister.java:unregister(73)) - Successfully un-registered JMX Bean with object name Ratis:service=RaftServer,group=group-24C9ADE1A15D,id=2301f1b0-893f-4443-acec-e918286f3c24
2019-09-24 19:08:54,573 [ForkJoinPool.commonPool-worker-1] INFO  impl.RoleInfo (RoleInfo.java:shutdownLeaderElection(134)) - 2301f1b0-893f-4443-acec-e918286f3c24: shutdown LeaderElection
2019-09-24 19:08:54,574 [ForkJoinPool.commonPool-worker-1] INFO  impl.StateMachineUpdater (StateMachineUpdater.java:stopAndJoin(125)) - 2301f1b0-893f-4443-acec-e918286f3c24@group-24C9ADE1A15D-StateMachineUpdater: set stopIndex = -1
2019-09-24 19:08:54,574 [ForkJoinPool.commonPool-worker-1] INFO  impl.RaftServerImpl (ServerState.java:close(385)) - 2301f1b0-893f-4443-acec-e918286f3c24@group-24C9ADE1A15D: closes. applyIndex: -1
2019-09-24 19:08:54,574 [2301f1b0-893f-4443-acec-e918286f3c24@group-24C9ADE1A15D-SegmentedRaftLogWorker] INFO  segmented.SegmentedRaftLogWorker (SegmentedRaftLogWorker.java:run(313)) - 2301f1b0-893f-4443-acec-e918286f3c24@group-24C9ADE1A15D-SegmentedRaftLogWorker was interrupted, exiting. There are 0 tasks remaining in the queue.
2019-09-24 19:08:54,575 [ForkJoinPool.commonPool-worker-1] INFO  segmented.SegmentedRaftLogWorker (SegmentedRaftLogWorker.java:close(228)) - 2301f1b0-893f-4443-acec-e918286f3c24@group-24C9ADE1A15D-SegmentedRaftLogWorker close()
2019-09-24 19:08:54,578 [ForkJoinPool.commonPool-worker-1] INFO  impl.RaftServerImpl (RaftServerImpl.java:lambda$shutdown$3(251)) - 2301f1b0-893f-4443-acec-e918286f3c24@group-DD0F18FA726D: shutdown
2019-09-24 19:08:54,578 [ForkJoinPool.commonPool-worker-1] INFO  util.JmxRegister (JmxRegister.java:unregister(73)) - Successfully un-registered JMX Bean with object name Ratis:service=RaftServer,group=group-DD0F18FA726D,id=2301f1b0-893f-4443-acec-e918286f3c24
2019-09-24 19:08:54,578 [ForkJoinPool.commonPool-worker-1] INFO  impl.RoleInfo (RoleInfo.java:shutdownLeaderElection(134)) - 2301f1b0-893f-4443-acec-e918286f3c24: shutdown LeaderElection
2019-09-24 19:08:54,579 [ForkJoinPool.commonPool-worker-1] INFO  impl.StateMachineUpdater (StateMachineUpdater.java:stopAndJoin(125)) - 2301f1b0-893f-4443-acec-e918286f3c24@group-DD0F18FA726D-StateMachineUpdater: set stopIndex = -1
2019-09-24 19:08:54,579 [ForkJoinPool.commonPool-worker-1] INFO  impl.RaftServerImpl (ServerState.java:close(385)) - 2301f1b0-893f-4443-acec-e918286f3c24@group-DD0F18FA726D: closes. applyIndex: -1
2019-09-24 19:08:54,579 [2301f1b0-893f-4443-acec-e918286f3c24@group-DD0F18FA726D-SegmentedRaftLogWorker] INFO  segmented.SegmentedRaftLogWorker (SegmentedRaftLogWorker.java:run(313)) - 2301f1b0-893f-4443-acec-e918286f3c24@group-DD0F18FA726D-SegmentedRaftLogWorker was interrupted, exiting. There are 0 tasks remaining in the queue.
2019-09-24 19:08:54,580 [ForkJoinPool.commonPool-worker-1] INFO  segmented.SegmentedRaftLogWorker (SegmentedRaftLogWorker.java:close(228)) - 2301f1b0-893f-4443-acec-e918286f3c24@group-DD0F18FA726D-SegmentedRaftLogWorker close()
2019-09-24 19:08:54,582 [ForkJoinPool.commonPool-worker-1] INFO  server.GrpcService (GrpcService.java:closeImpl(164)) - 2301f1b0-893f-4443-acec-e918286f3c24: shutdown server with port 45459 now
2019-09-24 19:08:54,583 [ForkJoinPool.commonPool-worker-1] INFO  server.GrpcService (GrpcService.java:closeImpl(172)) - 2301f1b0-893f-4443-acec-e918286f3c24: shutdown server with port 45459 successfully
2019-09-24 19:08:54,585 [refreshUsed-/workdir/hadoop-ozone/integration-test/target/test-dir/MiniOzoneClusterImpl-6223b62d-fae7-42c6-9f07-44d8c3bb99d0/datanode-0/data/containers] WARN  fs.CachingGetSpaceUsed (CachingGetSpaceUsed.java:run(183)) - Thread Interrupted waiting to refresh disk information: sleep interrupted
2019-09-24 19:08:54,598 [main] INFO  utils.BackgroundService (BackgroundService.java:shutdown(148)) - Shutting down service BlockDeletingService
2019-09-24 19:08:54,603 [main] INFO  statemachine.DatanodeStateMachine (DatanodeStateMachine.java:stopDaemon(395)) - Ozone container server stopped.
2019-09-24 19:08:54,603 [ForkJoinPool.commonPool-worker-1] INFO  utils.BackgroundService (BackgroundService.java:shutdown(148)) - Shutting down service BlockDeletingService
2019-09-24 19:08:54,607 [ForkJoinPool.commonPool-worker-1] INFO  statemachine.DatanodeStateMachine (DatanodeStateMachine.java:stopDaemon(395)) - Ozone container server stopped.
2019-09-24 19:08:54,608 [main] INFO  handler.ContextHandler (ContextHandler.java:doStop(910)) - Stopped o.e.j.w.WebAppContext@7cc2c551{/,null,UNAVAILABLE}{/hddsDatanode}
2019-09-24 19:08:54,609 [ForkJoinPool.commonPool-worker-1] INFO  handler.ContextHandler (ContextHandler.java:doStop(910)) - Stopped o.e.j.w.WebAppContext@20bb85b4{/,null,UNAVAILABLE}{/hddsDatanode}
2019-09-24 19:08:54,609 [ForkJoinPool.commonPool-worker-1] INFO  server.AbstractConnector (AbstractConnector.java:doStop(318)) - Stopped ServerConnector@79add732{HTTP/1.1,[http/1.1]}{0.0.0.0:0}
2019-09-24 19:08:54,609 [main] INFO  server.AbstractConnector (AbstractConnector.java:doStop(318)) - Stopped ServerConnector@d84b3a2{HTTP/1.1,[http/1.1]}{0.0.0.0:0}
2019-09-24 19:08:54,611 [ForkJoinPool.commonPool-worker-1] INFO  handler.ContextHandler (ContextHandler.java:doStop(910)) - Stopped o.e.j.s.ServletContextHandler@3ca3648{/static,jar:file:/home/user/.m2/repository/org/apache/hadoop/hadoop-hdds-container-service/0.5.0-SNAPSHOT/hadoop-hdds-container-service-0.5.0-SNAPSHOT.jar!/webapps/static,UNAVAILABLE}
2019-09-24 19:08:54,611 [main] INFO  handler.ContextHandler (ContextHandler.java:doStop(910)) - Stopped o.e.j.s.ServletContextHandler@57c69937{/static,jar:file:/home/user/.m2/repository/org/apache/hadoop/hadoop-hdds-container-service/0.5.0-SNAPSHOT/hadoop-hdds-container-service-0.5.0-SNAPSHOT.jar!/webapps/static,UNAVAILABLE}
2019-09-24 19:08:54,612 [ForkJoinPool.commonPool-worker-1] INFO  handler.ContextHandler (ContextHandler.java:doStop(910)) - Stopped o.e.j.s.ServletContextHandler@7f0d8eff{/logs,file:///workdir/hadoop-ozone/integration-test/target/log,UNAVAILABLE}
2019-09-24 19:08:54,613 [main] INFO  handler.ContextHandler (ContextHandler.java:doStop(910)) - Stopped o.e.j.s.ServletContextHandler@4ae280da{/logs,file:///workdir/hadoop-ozone/integration-test/target/log,UNAVAILABLE}
2019-09-24 19:08:54,890 [Datanode State Machine Thread - 0] INFO  statemachine.DatanodeStateMachine (DatanodeStateMachine.java:lambda$startDaemon$0(350)) - Ozone container server started.
2019-09-24 19:08:55,228 [2301f1b0-893f-4443-acec-e918286f3c24@group-DD0F18FA726D:LeaderElection234] INFO  impl.LeaderElection (LeaderElection.java:askForVotes(182)) - 2301f1b0-893f-4443-acec-e918286f3c24@group-DD0F18FA726D:LeaderElection234: begin an election at term 3 for -1: [2301f1b0-893f-4443-acec-e918286f3c24:192.168.5.148:45459, 2e29e414-edf9-4b10-a5cb-2050908d7d76:192.168.5.148:45815, 0c8dc4a6-8d6b-4759-9996-474f61414cd5:192.168.5.148:45865], old=null
2019-09-24 19:08:55,228 [0c8dc4a6-8d6b-4759-9996-474f61414cd5@group-DD0F18FA726D:LeaderElection235] INFO  impl.LeaderElection (LeaderElection.java:askForVotes(182)) - 0c8dc4a6-8d6b-4759-9996-474f61414cd5@group-DD0F18FA726D:LeaderElection235: begin an election at term 3 for -1: [2301f1b0-893f-4443-acec-e918286f3c24:192.168.5.148:45459, 2e29e414-edf9-4b10-a5cb-2050908d7d76:192.168.5.148:45815, 0c8dc4a6-8d6b-4759-9996-474f61414cd5:192.168.5.148:45865], old=null
2019-09-24 19:08:55,228 [0c8dc4a6-8d6b-4759-9996-474f61414cd5@group-24C9ADE1A15D:LeaderElection237] INFO  impl.LeaderElection (LeaderElection.java:askForVotes(182)) - 0c8dc4a6-8d6b-4759-9996-474f61414cd5@group-24C9ADE1A15D:LeaderElection237: begin an election at term 3 for -1: [2301f1b0-893f-4443-acec-e918286f3c24:192.168.5.148:45459, 2e29e414-edf9-4b10-a5cb-2050908d7d76:192.168.5.148:45815, 0c8dc4a6-8d6b-4759-9996-474f61414cd5:192.168.5.148:45865], old=null
2019-09-24 19:08:55,228 [2301f1b0-893f-4443-acec-e918286f3c24@group-24C9ADE1A15D:LeaderElection236] INFO  impl.LeaderElection (LeaderElection.java:askForVotes(182)) - 2301f1b0-893f-4443-acec-e918286f3c24@group-24C9ADE1A15D:LeaderElection236: begin an election at term 3 for -1: [2301f1b0-893f-4443-acec-e918286f3c24:192.168.5.148:45459, 2e29e414-edf9-4b10-a5cb-2050908d7d76:192.168.5.148:45815, 0c8dc4a6-8d6b-4759-9996-474f61414cd5:192.168.5.148:45865], old=null
2019-09-24 19:08:55,228 [2301f1b0-893f-4443-acec-e918286f3c24@group-DD0F18FA726D:LeaderElection234] INFO  impl.LeaderElection (LogUtils.java:infoOrTrace(149)) - Failed 2301f1b0-893f-4443-acec-e918286f3c24@group-DD0F18FA726D:LeaderElection234, state=CLOSING: {}
java.lang.IllegalArgumentException: 2301f1b0-893f-4443-acec-e918286f3c24@group-DD0F18FA726D-SegmentedRaftLog is expected to be opened but it is CLOSED
	at org.apache.ratis.util.OpenCloseState.assertOpen(OpenCloseState.java:63)
	at org.apache.ratis.server.raftlog.RaftLog.checkLogState(RaftLog.java:102)
	at org.apache.ratis.server.raftlog.segmented.SegmentedRaftLog.getLastEntryTermIndex(SegmentedRaftLog.java:324)
	at org.apache.ratis.server.impl.LeaderElection.askForVotes(LeaderElection.java:184)
	at org.apache.ratis.server.impl.LeaderElection.run(LeaderElection.java:133)
	at java.lang.Thread.run(Thread.java:748)
Caused by: org.apache.ratis.util.OpenCloseState$CloseTrace: Close 2301f1b0-893f-4443-acec-e918286f3c24@group-DD0F18FA726D-SegmentedRaftLog
	at org.apache.ratis.util.OpenCloseState.lambda$close$1(OpenCloseState.java:109)
	at java.util.concurrent.atomic.AtomicReference.getAndUpdate(AtomicReference.java:160)
	at org.apache.ratis.util.OpenCloseState.close(OpenCloseState.java:109)
	at org.apache.ratis.server.raftlog.RaftLog.close(RaftLog.java:437)
	at org.apache.ratis.server.raftlog.segmented.SegmentedRaftLog.close(SegmentedRaftLog.java:476)
	at org.apache.ratis.server.impl.ServerState.close(ServerState.java:387)
	at org.apache.ratis.server.impl.RaftServerImpl.lambda$shutdown$3(RaftServerImpl.java:273)
	at org.apache.ratis.util.LifeCycle.lambda$checkStateAndClose$2(LifeCycle.java:231)
	at org.apache.ratis.util.LifeCycle.checkStateAndClose(LifeCycle.java:251)
	at org.apache.ratis.util.LifeCycle.checkStateAndClose(LifeCycle.java:229)
	at org.apache.ratis.server.impl.RaftServerImpl.shutdown(RaftServerImpl.java:250)
	at org.apache.ratis.server.impl.RaftServerProxy$ImplMap.lambda$close$0(RaftServerProxy.java:107)
	at java.util.stream.ForEachOps$ForEachOp$OfRef.accept(ForEachOps.java:184)
	at java.util.stream.ReferencePipeline$3$1.accept(ReferencePipeline.java:193)
	at java.util.concurrent.ConcurrentHashMap$ValueSpliterator.forEachRemaining(ConcurrentHashMap.java:3566)
	at java.util.stream.AbstractPipeline.copyInto(AbstractPipeline.java:482)
	at java.util.stream.ForEachOps$ForEachTask.compute(ForEachOps.java:291)
	at java.util.concurrent.CountedCompleter.exec(CountedCompleter.java:731)
	at java.util.concurrent.ForkJoinTask.doExec(ForkJoinTask.java:289)
	at java.util.concurrent.ForkJoinPool.helpComplete(ForkJoinPool.java:1870)
	at java.util.concurrent.ForkJoinPool.awaitJoin(ForkJoinPool.java:2045)
	at java.util.concurrent.ForkJoinTask.doInvoke(ForkJoinTask.java:404)
	at java.util.concurrent.ForkJoinTask.invoke(ForkJoinTask.java:734)
	at java.util.stream.ForEachOps$ForEachOp.evaluateParallel(ForEachOps.java:160)
	at java.util.stream.ForEachOps$ForEachOp$OfRef.evaluateParallel(ForEachOps.java:174)
	at java.util.stream.AbstractPipeline.evaluate(AbstractPipeline.java:233)
	at java.util.stream.ReferencePipeline.forEach(ReferencePipeline.java:418)
	at org.apache.ratis.server.impl.RaftServerProxy$ImplMap.close(RaftServerProxy.java:107)
	at org.apache.ratis.server.impl.RaftServerProxy.lambda$close$4(RaftServerProxy.java:315)
	at org.apache.ratis.util.LifeCycle.lambda$checkStateAndClose$2(LifeCycle.java:231)
	at org.apache.ratis.util.LifeCycle.checkStateAndClose(LifeCycle.java:251)
	at org.apache.ratis.util.LifeCycle.checkStateAndClose(LifeCycle.java:229)
	at org.apache.ratis.server.impl.RaftServerProxy.close(RaftServerProxy.java:313)
	at org.apache.hadoop.ozone.container.common.transport.server.ratis.XceiverServerRatis.stop(XceiverServerRatis.java:441)
	at org.apache.hadoop.ozone.container.ozoneimpl.OzoneContainer.stop(OzoneContainer.java:233)
	at org.apache.hadoop.ozone.container.common.statemachine.DatanodeStateMachine.close(DatanodeStateMachine.java:270)
	at org.apache.hadoop.ozone.container.common.statemachine.DatanodeStateMachine.stopDaemon(DatanodeStateMachine.java:394)
	at org.apache.hadoop.ozone.HddsDatanodeService.stop(HddsDatanodeService.java:457)
	at org.apache.hadoop.ozone.MiniOzoneClusterImpl.stopDatanode(MiniOzoneClusterImpl.java:385)
	at java.util.stream.ForEachOps$ForEachOp$OfRef.accept(ForEachOps.java:184)
	at java.util.ArrayList$ArrayListSpliterator.forEachRemaining(ArrayList.java:1382)
	at java.util.stream.AbstractPipeline.copyInto(AbstractPipeline.java:482)
	at java.util.stream.ForEachOps$ForEachTask.compute(ForEachOps.java:291)
	at java.util.concurrent.CountedCompleter.exec(CountedCompleter.java:731)
	at java.util.concurrent.ForkJoinTask.doExec(ForkJoinTask.java:289)
	at java.util.concurrent.ForkJoinPool$WorkQueue.execLocalTasks(ForkJoinPool.java:1040)
	at java.util.concurrent.ForkJoinPool$WorkQueue.runTask(ForkJoinPool.java:1058)
	at java.util.concurrent.ForkJoinPool.runWorker(ForkJoinPool.java:1692)
	at java.util.concurrent.ForkJoinWorkerThread.run(ForkJoinWorkerThread.java:157)
2019-09-24 19:08:55,232 [0c8dc4a6-8d6b-4759-9996-474f61414cd5@group-24C9ADE1A15D:LeaderElection237] INFO  impl.LeaderElection (LogUtils.java:infoOrTrace(149)) - 0c8dc4a6-8d6b-4759-9996-474f61414cd5@group-24C9ADE1A15D:LeaderElection237 got exception when requesting votes: {}
java.util.concurrent.ExecutionException: org.apache.ratis.thirdparty.io.grpc.StatusRuntimeException: UNAVAILABLE: io exception
	at java.util.concurrent.FutureTask.report(FutureTask.java:122)
	at java.util.concurrent.FutureTask.get(FutureTask.java:192)
	at org.apache.ratis.server.impl.LeaderElection.waitForResults(LeaderElection.java:263)
	at org.apache.ratis.server.impl.LeaderElection.askForVotes(LeaderElection.java:201)
	at org.apache.ratis.server.impl.LeaderElection.run(LeaderElection.java:133)
	at java.lang.Thread.run(Thread.java:748)
Caused by: org.apache.ratis.thirdparty.io.grpc.StatusRuntimeException: UNAVAILABLE: io exception
	at org.apache.ratis.thirdparty.io.grpc.stub.ClientCalls.toStatusRuntimeException(ClientCalls.java:233)
	at org.apache.ratis.thirdparty.io.grpc.stub.ClientCalls.getUnchecked(ClientCalls.java:214)
	at org.apache.ratis.thirdparty.io.grpc.stub.ClientCalls.blockingUnaryCall(ClientCalls.java:139)
	at org.apache.ratis.proto.grpc.RaftServerProtocolServiceGrpc$RaftServerProtocolServiceBlockingStub.requestVote(RaftServerProtocolServiceGrpc.java:265)
	at org.apache.ratis.grpc.server.GrpcServerProtocolClient.requestVote(GrpcServerProtocolClient.java:90)
	at org.apache.ratis.grpc.server.GrpcService.requestVote(GrpcService.java:204)
	at org.apache.ratis.server.impl.LeaderElection.lambda$submitRequests$1(LeaderElection.java:238)
	at java.util.concurrent.FutureTask.run(FutureTask.java:266)
	at java.util.concurrent.Executors$RunnableAdapter.call(Executors.java:511)
	at java.util.concurrent.FutureTask.run(FutureTask.java:266)
	at java.util.concurrent.ThreadPoolExecutor.runWorker(ThreadPoolExecutor.java:1149)
	at java.util.concurrent.ThreadPoolExecutor$Worker.run(ThreadPoolExecutor.java:624)
	... 1 more
Caused by: org.apache.ratis.thirdparty.io.netty.channel.AbstractChannel$AnnotatedConnectException: Connection refused: /192.168.5.148:45815
	at sun.nio.ch.SocketChannelImpl.checkConnect(Native Method)
	at sun.nio.ch.SocketChannelImpl.finishConnect(SocketChannelImpl.java:717)
	at org.apache.ratis.thirdparty.io.netty.channel.socket.nio.NioSocketChannel.doFinishConnect(NioSocketChannel.java:327)
	at org.apache.ratis.thirdparty.io.netty.channel.nio.AbstractNioChannel$AbstractNioUnsafe.finishConnect(AbstractNioChannel.java:340)
	at org.apache.ratis.thirdparty.io.netty.channel.nio.NioEventLoop.processSelectedKey(NioEventLoop.java:632)
	at org.apache.ratis.thirdparty.io.netty.channel.nio.NioEventLoop.processSelectedKeysOptimized(NioEventLoop.java:579)
	at org.apache.ratis.thirdparty.io.netty.channel.nio.NioEventLoop.processSelectedKeys(NioEventLoop.java:496)
	at org.apache.ratis.thirdparty.io.netty.channel.nio.NioEventLoop.run(NioEventLoop.java:458)
	at org.apache.ratis.thirdparty.io.netty.util.concurrent.SingleThreadEventExecutor$5.run(SingleThreadEventExecutor.java:897)
	at org.apache.ratis.thirdparty.io.netty.util.concurrent.FastThreadLocalRunnable.run(FastThreadLocalRunnable.java:30)
	... 1 more
Caused by: java.net.ConnectException: Connection refused
	... 11 more
2019-09-24 19:08:55,232 [0c8dc4a6-8d6b-4759-9996-474f61414cd5@group-DD0F18FA726D:LeaderElection235] INFO  impl.LeaderElection (LogUtils.java:infoOrTrace(149)) - 0c8dc4a6-8d6b-4759-9996-474f61414cd5@group-DD0F18FA726D:LeaderElection235 got exception when requesting votes: {}
java.util.concurrent.ExecutionException: org.apache.ratis.thirdparty.io.grpc.StatusRuntimeException: UNAVAILABLE: io exception
	at java.util.concurrent.FutureTask.report(FutureTask.java:122)
	at java.util.concurrent.FutureTask.get(FutureTask.java:192)
	at org.apache.ratis.server.impl.LeaderElection.waitForResults(LeaderElection.java:263)
	at org.apache.ratis.server.impl.LeaderElection.askForVotes(LeaderElection.java:201)
	at org.apache.ratis.server.impl.LeaderElection.run(LeaderElection.java:133)
	at java.lang.Thread.run(Thread.java:748)
Caused by: org.apache.ratis.thirdparty.io.grpc.StatusRuntimeException: UNAVAILABLE: io exception
	at org.apache.ratis.thirdparty.io.grpc.stub.ClientCalls.toStatusRuntimeException(ClientCalls.java:233)
	at org.apache.ratis.thirdparty.io.grpc.stub.ClientCalls.getUnchecked(ClientCalls.java:214)
	at org.apache.ratis.thirdparty.io.grpc.stub.ClientCalls.blockingUnaryCall(ClientCalls.java:139)
	at org.apache.ratis.proto.grpc.RaftServerProtocolServiceGrpc$RaftServerProtocolServiceBlockingStub.requestVote(RaftServerProtocolServiceGrpc.java:265)
	at org.apache.ratis.grpc.server.GrpcServerProtocolClient.requestVote(GrpcServerProtocolClient.java:90)
	at org.apache.ratis.grpc.server.GrpcService.requestVote(GrpcService.java:204)
	at org.apache.ratis.server.impl.LeaderElection.lambda$submitRequests$1(LeaderElection.java:238)
	at java.util.concurrent.FutureTask.run(FutureTask.java:266)
	at java.util.concurrent.Executors$RunnableAdapter.call(Executors.java:511)
	at java.util.concurrent.FutureTask.run(FutureTask.java:266)
	at java.util.concurrent.ThreadPoolExecutor.runWorker(ThreadPoolExecutor.java:1149)
	at java.util.concurrent.ThreadPoolExecutor$Worker.run(ThreadPoolExecutor.java:624)
	... 1 more
Caused by: org.apache.ratis.thirdparty.io.netty.channel.AbstractChannel$AnnotatedConnectException: Connection refused: /192.168.5.148:45815
	at sun.nio.ch.SocketChannelImpl.checkConnect(Native Method)
	at sun.nio.ch.SocketChannelImpl.finishConnect(SocketChannelImpl.java:717)
	at org.apache.ratis.thirdparty.io.netty.channel.socket.nio.NioSocketChannel.doFinishConnect(NioSocketChannel.java:327)
	at org.apache.ratis.thirdparty.io.netty.channel.nio.AbstractNioChannel$AbstractNioUnsafe.finishConnect(AbstractNioChannel.java:340)
	at org.apache.ratis.thirdparty.io.netty.channel.nio.NioEventLoop.processSelectedKey(NioEventLoop.java:632)
	at org.apache.ratis.thirdparty.io.netty.channel.nio.NioEventLoop.processSelectedKeysOptimized(NioEventLoop.java:579)
	at org.apache.ratis.thirdparty.io.netty.channel.nio.NioEventLoop.processSelectedKeys(NioEventLoop.java:496)
	at org.apache.ratis.thirdparty.io.netty.channel.nio.NioEventLoop.run(NioEventLoop.java:458)
	at org.apache.ratis.thirdparty.io.netty.util.concurrent.SingleThreadEventExecutor$5.run(SingleThreadEventExecutor.java:897)
	at org.apache.ratis.thirdparty.io.netty.util.concurrent.FastThreadLocalRunnable.run(FastThreadLocalRunnable.java:30)
	... 1 more
Caused by: java.net.ConnectException: Connection refused
	... 11 more
2019-09-24 19:08:55,228 [2301f1b0-893f-4443-acec-e918286f3c24@group-24C9ADE1A15D:LeaderElection236] INFO  impl.LeaderElection (LogUtils.java:infoOrTrace(149)) - Failed 2301f1b0-893f-4443-acec-e918286f3c24@group-24C9ADE1A15D:LeaderElection236, state=CLOSING: {}
java.lang.IllegalArgumentException: 2301f1b0-893f-4443-acec-e918286f3c24@group-24C9ADE1A15D-SegmentedRaftLog is expected to be opened but it is CLOSED
	at org.apache.ratis.util.OpenCloseState.assertOpen(OpenCloseState.java:63)
	at org.apache.ratis.server.raftlog.RaftLog.checkLogState(RaftLog.java:102)
	at org.apache.ratis.server.raftlog.segmented.SegmentedRaftLog.getLastEntryTermIndex(SegmentedRaftLog.java:324)
	at org.apache.ratis.server.impl.LeaderElection.askForVotes(LeaderElection.java:184)
	at org.apache.ratis.server.impl.LeaderElection.run(LeaderElection.java:133)
	at java.lang.Thread.run(Thread.java:748)
Caused by: org.apache.ratis.util.OpenCloseState$CloseTrace: Close 2301f1b0-893f-4443-acec-e918286f3c24@group-24C9ADE1A15D-SegmentedRaftLog
	at org.apache.ratis.util.OpenCloseState.lambda$close$1(OpenCloseState.java:109)
	at java.util.concurrent.atomic.AtomicReference.getAndUpdate(AtomicReference.java:160)
	at org.apache.ratis.util.OpenCloseState.close(OpenCloseState.java:109)
	at org.apache.ratis.server.raftlog.RaftLog.close(RaftLog.java:437)
	at org.apache.ratis.server.raftlog.segmented.SegmentedRaftLog.close(SegmentedRaftLog.java:476)
	at org.apache.ratis.server.impl.ServerState.close(ServerState.java:387)
	at org.apache.ratis.server.impl.RaftServerImpl.lambda$shutdown$3(RaftServerImpl.java:273)
	at org.apache.ratis.util.LifeCycle.lambda$checkStateAndClose$2(LifeCycle.java:231)
	at org.apache.ratis.util.LifeCycle.checkStateAndClose(LifeCycle.java:251)
	at org.apache.ratis.util.LifeCycle.checkStateAndClose(LifeCycle.java:229)
	at org.apache.ratis.server.impl.RaftServerImpl.shutdown(RaftServerImpl.java:250)
	at org.apache.ratis.server.impl.RaftServerProxy$ImplMap.lambda$close$0(RaftServerProxy.java:107)
	at java.util.stream.ForEachOps$ForEachOp$OfRef.accept(ForEachOps.java:184)
	at java.util.stream.ReferencePipeline$3$1.accept(ReferencePipeline.java:193)
	at java.util.concurrent.ConcurrentHashMap$ValueSpliterator.forEachRemaining(ConcurrentHashMap.java:3566)
	at java.util.stream.AbstractPipeline.copyInto(AbstractPipeline.java:482)
	at java.util.stream.ForEachOps$ForEachTask.compute(ForEachOps.java:291)
	at java.util.concurrent.CountedCompleter.exec(CountedCompleter.java:731)
	at java.util.concurrent.ForkJoinTask.doExec(ForkJoinTask.java:289)
	at java.util.concurrent.ForkJoinPool.helpComplete(ForkJoinPool.java:1870)
	at java.util.concurrent.ForkJoinPool.awaitJoin(ForkJoinPool.java:2045)
	at java.util.concurrent.ForkJoinTask.doInvoke(ForkJoinTask.java:404)
	at java.util.concurrent.ForkJoinTask.invoke(ForkJoinTask.java:734)
	at java.util.stream.ForEachOps$ForEachOp.evaluateParallel(ForEachOps.java:160)
	at java.util.stream.ForEachOps$ForEachOp$OfRef.evaluateParallel(ForEachOps.java:174)
	at java.util.stream.AbstractPipeline.evaluate(AbstractPipeline.java:233)
	at java.util.stream.ReferencePipeline.forEach(ReferencePipeline.java:418)
	at org.apache.ratis.server.impl.RaftServerProxy$ImplMap.close(RaftServerProxy.java:107)
	at org.apache.ratis.server.impl.RaftServerProxy.lambda$close$4(RaftServerProxy.java:315)
	at org.apache.ratis.util.LifeCycle.lambda$checkStateAndClose$2(LifeCycle.java:231)
	at org.apache.ratis.util.LifeCycle.checkStateAndClose(LifeCycle.java:251)
	at org.apache.ratis.util.LifeCycle.checkStateAndClose(LifeCycle.java:229)
	at org.apache.ratis.server.impl.RaftServerProxy.close(RaftServerProxy.java:313)
	at org.apache.hadoop.ozone.container.common.transport.server.ratis.XceiverServerRatis.stop(XceiverServerRatis.java:441)
	at org.apache.hadoop.ozone.container.ozoneimpl.OzoneContainer.stop(OzoneContainer.java:233)
	at org.apache.hadoop.ozone.container.common.statemachine.DatanodeStateMachine.close(DatanodeStateMachine.java:270)
	at org.apache.hadoop.ozone.container.common.statemachine.DatanodeStateMachine.stopDaemon(DatanodeStateMachine.java:394)
	at org.apache.hadoop.ozone.HddsDatanodeService.stop(HddsDatanodeService.java:457)
	at org.apache.hadoop.ozone.MiniOzoneClusterImpl.stopDatanode(MiniOzoneClusterImpl.java:385)
	at java.util.stream.ForEachOps$ForEachOp$OfRef.accept(ForEachOps.java:184)
	at java.util.ArrayList$ArrayListSpliterator.forEachRemaining(ArrayList.java:1382)
	at java.util.stream.AbstractPipeline.copyInto(AbstractPipeline.java:482)
	at java.util.stream.ForEachOps$ForEachTask.compute(ForEachOps.java:291)
	at java.util.concurrent.CountedCompleter.exec(CountedCompleter.java:731)
	at java.util.concurrent.ForkJoinTask.doExec(ForkJoinTask.java:289)
	at java.util.concurrent.ForkJoinPool$WorkQueue.execLocalTasks(ForkJoinPool.java:1040)
	at java.util.concurrent.ForkJoinPool$WorkQueue.runTask(ForkJoinPool.java:1058)
	at java.util.concurrent.ForkJoinPool.runWorker(ForkJoinPool.java:1692)
	at java.util.concurrent.ForkJoinWorkerThread.run(ForkJoinWorkerThread.java:157)
2019-09-24 19:08:55,235 [2301f1b0-893f-4443-acec-e918286f3c24@group-24C9ADE1A15D:LeaderElection236] INFO  impl.LeaderElection (LeaderElection.java:run(140)) - 2301f1b0-893f-4443-acec-e918286f3c24@group-24C9ADE1A15D:LeaderElection236: IllegalArgumentException is safely ignored since this is already CLOSING
2019-09-24 19:08:55,233 [0c8dc4a6-8d6b-4759-9996-474f61414cd5@group-DD0F18FA726D:LeaderElection235] INFO  impl.LeaderElection (LogUtils.java:infoOrTrace(149)) - 0c8dc4a6-8d6b-4759-9996-474f61414cd5@group-DD0F18FA726D:LeaderElection235 got exception when requesting votes: {}
java.util.concurrent.ExecutionException: org.apache.ratis.thirdparty.io.grpc.StatusRuntimeException: UNAVAILABLE: io exception
	at java.util.concurrent.FutureTask.report(FutureTask.java:122)
	at java.util.concurrent.FutureTask.get(FutureTask.java:192)
	at org.apache.ratis.server.impl.LeaderElection.waitForResults(LeaderElection.java:263)
	at org.apache.ratis.server.impl.LeaderElection.askForVotes(LeaderElection.java:201)
	at org.apache.ratis.server.impl.LeaderElection.run(LeaderElection.java:133)
	at java.lang.Thread.run(Thread.java:748)
Caused by: org.apache.ratis.thirdparty.io.grpc.StatusRuntimeException: UNAVAILABLE: io exception
	at org.apache.ratis.thirdparty.io.grpc.stub.ClientCalls.toStatusRuntimeException(ClientCalls.java:233)
	at org.apache.ratis.thirdparty.io.grpc.stub.ClientCalls.getUnchecked(ClientCalls.java:214)
	at org.apache.ratis.thirdparty.io.grpc.stub.ClientCalls.blockingUnaryCall(ClientCalls.java:139)
	at org.apache.ratis.proto.grpc.RaftServerProtocolServiceGrpc$RaftServerProtocolServiceBlockingStub.requestVote(RaftServerProtocolServiceGrpc.java:265)
	at org.apache.ratis.grpc.server.GrpcServerProtocolClient.requestVote(GrpcServerProtocolClient.java:90)
	at org.apache.ratis.grpc.server.GrpcService.requestVote(GrpcService.java:204)
	at org.apache.ratis.server.impl.LeaderElection.lambda$submitRequests$1(LeaderElection.java:238)
	at java.util.concurrent.FutureTask.run(FutureTask.java:266)
	at java.util.concurrent.Executors$RunnableAdapter.call(Executors.java:511)
	at java.util.concurrent.FutureTask.run(FutureTask.java:266)
	at java.util.concurrent.ThreadPoolExecutor.runWorker(ThreadPoolExecutor.java:1149)
	at java.util.concurrent.ThreadPoolExecutor$Worker.run(ThreadPoolExecutor.java:624)
	... 1 more
Caused by: org.apache.ratis.thirdparty.io.netty.channel.AbstractChannel$AnnotatedConnectException: Connection refused: /192.168.5.148:45459
	at sun.nio.ch.SocketChannelImpl.checkConnect(Native Method)
	at sun.nio.ch.SocketChannelImpl.finishConnect(SocketChannelImpl.java:717)
	at org.apache.ratis.thirdparty.io.netty.channel.socket.nio.NioSocketChannel.doFinishConnect(NioSocketChannel.java:327)
	at org.apache.ratis.thirdparty.io.netty.channel.nio.AbstractNioChannel$AbstractNioUnsafe.finishConnect(AbstractNioChannel.java:340)
	at org.apache.ratis.thirdparty.io.netty.channel.nio.NioEventLoop.processSelectedKey(NioEventLoop.java:632)
	at org.apache.ratis.thirdparty.io.netty.channel.nio.NioEventLoop.processSelectedKeysOptimized(NioEventLoop.java:579)
	at org.apache.ratis.thirdparty.io.netty.channel.nio.NioEventLoop.processSelectedKeys(NioEventLoop.java:496)
	at org.apache.ratis.thirdparty.io.netty.channel.nio.NioEventLoop.run(NioEventLoop.java:458)
	at org.apache.ratis.thirdparty.io.netty.util.concurrent.SingleThreadEventExecutor$5.run(SingleThreadEventExecutor.java:897)
	at org.apache.ratis.thirdparty.io.netty.util.concurrent.FastThreadLocalRunnable.run(FastThreadLocalRunnable.java:30)
	... 1 more
Caused by: java.net.ConnectException: Connection refused
	... 11 more
2019-09-24 19:08:55,233 [0c8dc4a6-8d6b-4759-9996-474f61414cd5@group-24C9ADE1A15D:LeaderElection237] INFO  impl.LeaderElection (LogUtils.java:infoOrTrace(149)) - 0c8dc4a6-8d6b-4759-9996-474f61414cd5@group-24C9ADE1A15D:LeaderElection237 got exception when requesting votes: {}
java.util.concurrent.ExecutionException: org.apache.ratis.thirdparty.io.grpc.StatusRuntimeException: UNAVAILABLE: io exception
	at java.util.concurrent.FutureTask.report(FutureTask.java:122)
	at java.util.concurrent.FutureTask.get(FutureTask.java:192)
	at org.apache.ratis.server.impl.LeaderElection.waitForResults(LeaderElection.java:263)
	at org.apache.ratis.server.impl.LeaderElection.askForVotes(LeaderElection.java:201)
	at org.apache.ratis.server.impl.LeaderElection.run(LeaderElection.java:133)
	at java.lang.Thread.run(Thread.java:748)
Caused by: org.apache.ratis.thirdparty.io.grpc.StatusRuntimeException: UNAVAILABLE: io exception
	at org.apache.ratis.thirdparty.io.grpc.stub.ClientCalls.toStatusRuntimeException(ClientCalls.java:233)
	at org.apache.ratis.thirdparty.io.grpc.stub.ClientCalls.getUnchecked(ClientCalls.java:214)
	at org.apache.ratis.thirdparty.io.grpc.stub.ClientCalls.blockingUnaryCall(ClientCalls.java:139)
	at org.apache.ratis.proto.grpc.RaftServerProtocolServiceGrpc$RaftServerProtocolServiceBlockingStub.requestVote(RaftServerProtocolServiceGrpc.java:265)
	at org.apache.ratis.grpc.server.GrpcServerProtocolClient.requestVote(GrpcServerProtocolClient.java:90)
	at org.apache.ratis.grpc.server.GrpcService.requestVote(GrpcService.java:204)
	at org.apache.ratis.server.impl.LeaderElection.lambda$submitRequests$1(LeaderElection.java:238)
	at java.util.concurrent.FutureTask.run(FutureTask.java:266)
	at java.util.concurrent.Executors$RunnableAdapter.call(Executors.java:511)
	at java.util.concurrent.FutureTask.run(FutureTask.java:266)
	at java.util.concurrent.ThreadPoolExecutor.runWorker(ThreadPoolExecutor.java:1149)
	at java.util.concurrent.ThreadPoolExecutor$Worker.run(ThreadPoolExecutor.java:624)
	... 1 more
Caused by: org.apache.ratis.thirdparty.io.netty.channel.AbstractChannel$AnnotatedConnectException: Connection refused: /192.168.5.148:45459
	at sun.nio.ch.SocketChannelImpl.checkConnect(Native Method)
	at sun.nio.ch.SocketChannelImpl.finishConnect(SocketChannelImpl.java:717)
	at org.apache.ratis.thirdparty.io.netty.channel.socket.nio.NioSocketChannel.doFinishConnect(NioSocketChannel.java:327)
	at org.apache.ratis.thirdparty.io.netty.channel.nio.AbstractNioChannel$AbstractNioUnsafe.finishConnect(AbstractNioChannel.java:340)
	at org.apache.ratis.thirdparty.io.netty.channel.nio.NioEventLoop.processSelectedKey(NioEventLoop.java:632)
	at org.apache.ratis.thirdparty.io.netty.channel.nio.NioEventLoop.processSelectedKeysOptimized(NioEventLoop.java:579)
	at org.apache.ratis.thirdparty.io.netty.channel.nio.NioEventLoop.processSelectedKeys(NioEventLoop.java:496)
	at org.apache.ratis.thirdparty.io.netty.channel.nio.NioEventLoop.run(NioEventLoop.java:458)
	at org.apache.ratis.thirdparty.io.netty.util.concurrent.SingleThreadEventExecutor$5.run(SingleThreadEventExecutor.java:897)
	at org.apache.ratis.thirdparty.io.netty.util.concurrent.FastThreadLocalRunnable.run(FastThreadLocalRunnable.java:30)
	... 1 more
Caused by: java.net.ConnectException: Connection refused
	... 11 more
2019-09-24 19:08:55,232 [2301f1b0-893f-4443-acec-e918286f3c24@group-DD0F18FA726D:LeaderElection234] INFO  impl.LeaderElection (LeaderElection.java:run(140)) - 2301f1b0-893f-4443-acec-e918286f3c24@group-DD0F18FA726D:LeaderElection234: IllegalArgumentException is safely ignored since this is already CLOSING
2019-09-24 19:08:55,237 [0c8dc4a6-8d6b-4759-9996-474f61414cd5@group-24C9ADE1A15D:LeaderElection237] INFO  impl.LeaderElection (LeaderElection.java:logAndReturn(56)) - 0c8dc4a6-8d6b-4759-9996-474f61414cd5@group-24C9ADE1A15D:LeaderElection237: Election REJECTED; received 0 response(s) [] and 2 exception(s); 0c8dc4a6-8d6b-4759-9996-474f61414cd5@group-24C9ADE1A15D:t3, leader=null, voted=0c8dc4a6-8d6b-4759-9996-474f61414cd5, raftlog=0c8dc4a6-8d6b-4759-9996-474f61414cd5@group-24C9ADE1A15D-SegmentedRaftLog:OPENED:c-1,f-1,i0, conf=-1: [2301f1b0-893f-4443-acec-e918286f3c24:192.168.5.148:45459, 2e29e414-edf9-4b10-a5cb-2050908d7d76:192.168.5.148:45815, 0c8dc4a6-8d6b-4759-9996-474f61414cd5:192.168.5.148:45865], old=null
2019-09-24 19:08:55,236 [0c8dc4a6-8d6b-4759-9996-474f61414cd5@group-DD0F18FA726D:LeaderElection235] INFO  impl.LeaderElection (LeaderElection.java:logAndReturn(56)) - 0c8dc4a6-8d6b-4759-9996-474f61414cd5@group-DD0F18FA726D:LeaderElection235: Election REJECTED; received 0 response(s) [] and 2 exception(s); 0c8dc4a6-8d6b-4759-9996-474f61414cd5@group-DD0F18FA726D:t3, leader=null, voted=0c8dc4a6-8d6b-4759-9996-474f61414cd5, raftlog=0c8dc4a6-8d6b-4759-9996-474f61414cd5@group-DD0F18FA726D-SegmentedRaftLog:OPENED:c-1,f-1,i0, conf=-1: [2301f1b0-893f-4443-acec-e918286f3c24:192.168.5.148:45459, 2e29e414-edf9-4b10-a5cb-2050908d7d76:192.168.5.148:45815, 0c8dc4a6-8d6b-4759-9996-474f61414cd5:192.168.5.148:45865], old=null
2019-09-24 19:08:55,237 [0c8dc4a6-8d6b-4759-9996-474f61414cd5@group-24C9ADE1A15D:LeaderElection237] INFO  impl.LeaderElection (LogUtils.java:infoOrTrace(149)) -   Exception 0: {}
java.util.concurrent.ExecutionException: org.apache.ratis.thirdparty.io.grpc.StatusRuntimeException: UNAVAILABLE: io exception
	at java.util.concurrent.FutureTask.report(FutureTask.java:122)
	at java.util.concurrent.FutureTask.get(FutureTask.java:192)
	at org.apache.ratis.server.impl.LeaderElection.waitForResults(LeaderElection.java:263)
	at org.apache.ratis.server.impl.LeaderElection.askForVotes(LeaderElection.java:201)
	at org.apache.ratis.server.impl.LeaderElection.run(LeaderElection.java:133)
	at java.lang.Thread.run(Thread.java:748)
Caused by: org.apache.ratis.thirdparty.io.grpc.StatusRuntimeException: UNAVAILABLE: io exception
	at org.apache.ratis.thirdparty.io.grpc.stub.ClientCalls.toStatusRuntimeException(ClientCalls.java:233)
	at org.apache.ratis.thirdparty.io.grpc.stub.ClientCalls.getUnchecked(ClientCalls.java:214)
	at org.apache.ratis.thirdparty.io.grpc.stub.ClientCalls.blockingUnaryCall(ClientCalls.java:139)
	at org.apache.ratis.proto.grpc.RaftServerProtocolServiceGrpc$RaftServerProtocolServiceBlockingStub.requestVote(RaftServerProtocolServiceGrpc.java:265)
	at org.apache.ratis.grpc.server.GrpcServerProtocolClient.requestVote(GrpcServerProtocolClient.java:90)
	at org.apache.ratis.grpc.server.GrpcService.requestVote(GrpcService.java:204)
	at org.apache.ratis.server.impl.LeaderElection.lambda$submitRequests$1(LeaderElection.java:238)
	at java.util.concurrent.FutureTask.run(FutureTask.java:266)
	at java.util.concurrent.Executors$RunnableAdapter.call(Executors.java:511)
	at java.util.concurrent.FutureTask.run(FutureTask.java:266)
	at java.util.concurrent.ThreadPoolExecutor.runWorker(ThreadPoolExecutor.java:1149)
	at java.util.concurrent.ThreadPoolExecutor$Worker.run(ThreadPoolExecutor.java:624)
	... 1 more
Caused by: org.apache.ratis.thirdparty.io.netty.channel.AbstractChannel$AnnotatedConnectException: Connection refused: /192.168.5.148:45815
	at sun.nio.ch.SocketChannelImpl.checkConnect(Native Method)
	at sun.nio.ch.SocketChannelImpl.finishConnect(SocketChannelImpl.java:717)
	at org.apache.ratis.thirdparty.io.netty.channel.socket.nio.NioSocketChannel.doFinishConnect(NioSocketChannel.java:327)
	at org.apache.ratis.thirdparty.io.netty.channel.nio.AbstractNioChannel$AbstractNioUnsafe.finishConnect(AbstractNioChannel.java:340)
	at org.apache.ratis.thirdparty.io.netty.channel.nio.NioEventLoop.processSelectedKey(NioEventLoop.java:632)
	at org.apache.ratis.thirdparty.io.netty.channel.nio.NioEventLoop.processSelectedKeysOptimized(NioEventLoop.java:579)
	at org.apache.ratis.thirdparty.io.netty.channel.nio.NioEventLoop.processSelectedKeys(NioEventLoop.java:496)
	at org.apache.ratis.thirdparty.io.netty.channel.nio.NioEventLoop.run(NioEventLoop.java:458)
	at org.apache.ratis.thirdparty.io.netty.util.concurrent.SingleThreadEventExecutor$5.run(SingleThreadEventExecutor.java:897)
	at org.apache.ratis.thirdparty.io.netty.util.concurrent.FastThreadLocalRunnable.run(FastThreadLocalRunnable.java:30)
	... 1 more
Caused by: java.net.ConnectException: Connection refused
	... 11 more
2019-09-24 19:08:55,237 [0c8dc4a6-8d6b-4759-9996-474f61414cd5@group-24C9ADE1A15D:LeaderElection237] INFO  impl.LeaderElection (LogUtils.java:infoOrTrace(149)) -   Exception 1: {}
java.util.concurrent.ExecutionException: org.apache.ratis.thirdparty.io.grpc.StatusRuntimeException: UNAVAILABLE: io exception
	at java.util.concurrent.FutureTask.report(FutureTask.java:122)
	at java.util.concurrent.FutureTask.get(FutureTask.java:192)
	at org.apache.ratis.server.impl.LeaderElection.waitForResults(LeaderElection.java:263)
	at org.apache.ratis.server.impl.LeaderElection.askForVotes(LeaderElection.java:201)
	at org.apache.ratis.server.impl.LeaderElection.run(LeaderElection.java:133)
	at java.lang.Thread.run(Thread.java:748)
Caused by: org.apache.ratis.thirdparty.io.grpc.StatusRuntimeException: UNAVAILABLE: io exception
	at org.apache.ratis.thirdparty.io.grpc.stub.ClientCalls.toStatusRuntimeException(ClientCalls.java:233)
	at org.apache.ratis.thirdparty.io.grpc.stub.ClientCalls.getUnchecked(ClientCalls.java:214)
	at org.apache.ratis.thirdparty.io.grpc.stub.ClientCalls.blockingUnaryCall(ClientCalls.java:139)
	at org.apache.ratis.proto.grpc.RaftServerProtocolServiceGrpc$RaftServerProtocolServiceBlockingStub.requestVote(RaftServerProtocolServiceGrpc.java:265)
	at org.apache.ratis.grpc.server.GrpcServerProtocolClient.requestVote(GrpcServerProtocolClient.java:90)
	at org.apache.ratis.grpc.server.GrpcService.requestVote(GrpcService.java:204)
	at org.apache.ratis.server.impl.LeaderElection.lambda$submitRequests$1(LeaderElection.java:238)
	at java.util.concurrent.FutureTask.run(FutureTask.java:266)
	at java.util.concurrent.Executors$RunnableAdapter.call(Executors.java:511)
	at java.util.concurrent.FutureTask.run(FutureTask.java:266)
	at java.util.concurrent.ThreadPoolExecutor.runWorker(ThreadPoolExecutor.java:1149)
	at java.util.concurrent.ThreadPoolExecutor$Worker.run(ThreadPoolExecutor.java:624)
	... 1 more
Caused by: org.apache.ratis.thirdparty.io.netty.channel.AbstractChannel$AnnotatedConnectException: Connection refused: /192.168.5.148:45459
	at sun.nio.ch.SocketChannelImpl.checkConnect(Native Method)
	at sun.nio.ch.SocketChannelImpl.finishConnect(SocketChannelImpl.java:717)
	at org.apache.ratis.thirdparty.io.netty.channel.socket.nio.NioSocketChannel.doFinishConnect(NioSocketChannel.java:327)
	at org.apache.ratis.thirdparty.io.netty.channel.nio.AbstractNioChannel$AbstractNioUnsafe.finishConnect(AbstractNioChannel.java:340)
	at org.apache.ratis.thirdparty.io.netty.channel.nio.NioEventLoop.processSelectedKey(NioEventLoop.java:632)
	at org.apache.ratis.thirdparty.io.netty.channel.nio.NioEventLoop.processSelectedKeysOptimized(NioEventLoop.java:579)
	at org.apache.ratis.thirdparty.io.netty.channel.nio.NioEventLoop.processSelectedKeys(NioEventLoop.java:496)
	at org.apache.ratis.thirdparty.io.netty.channel.nio.NioEventLoop.run(NioEventLoop.java:458)
	at org.apache.ratis.thirdparty.io.netty.util.concurrent.SingleThreadEventExecutor$5.run(SingleThreadEventExecutor.java:897)
	at org.apache.ratis.thirdparty.io.netty.util.concurrent.FastThreadLocalRunnable.run(FastThreadLocalRunnable.java:30)
	... 1 more
Caused by: java.net.ConnectException: Connection refused
	... 11 more
2019-09-24 19:08:55,237 [0c8dc4a6-8d6b-4759-9996-474f61414cd5@group-DD0F18FA726D:LeaderElection235] INFO  impl.LeaderElection (LogUtils.java:infoOrTrace(149)) -   Exception 0: {}
java.util.concurrent.ExecutionException: org.apache.ratis.thirdparty.io.grpc.StatusRuntimeException: UNAVAILABLE: io exception
	at java.util.concurrent.FutureTask.report(FutureTask.java:122)
	at java.util.concurrent.FutureTask.get(FutureTask.java:192)
	at org.apache.ratis.server.impl.LeaderElection.waitForResults(LeaderElection.java:263)
	at org.apache.ratis.server.impl.LeaderElection.askForVotes(LeaderElection.java:201)
	at org.apache.ratis.server.impl.LeaderElection.run(LeaderElection.java:133)
	at java.lang.Thread.run(Thread.java:748)
Caused by: org.apache.ratis.thirdparty.io.grpc.StatusRuntimeException: UNAVAILABLE: io exception
	at org.apache.ratis.thirdparty.io.grpc.stub.ClientCalls.toStatusRuntimeException(ClientCalls.java:233)
	at org.apache.ratis.thirdparty.io.grpc.stub.ClientCalls.getUnchecked(ClientCalls.java:214)
	at org.apache.ratis.thirdparty.io.grpc.stub.ClientCalls.blockingUnaryCall(ClientCalls.java:139)
	at org.apache.ratis.proto.grpc.RaftServerProtocolServiceGrpc$RaftServerProtocolServiceBlockingStub.requestVote(RaftServerProtocolServiceGrpc.java:265)
	at org.apache.ratis.grpc.server.GrpcServerProtocolClient.requestVote(GrpcServerProtocolClient.java:90)
	at org.apache.ratis.grpc.server.GrpcService.requestVote(GrpcService.java:204)
	at org.apache.ratis.server.impl.LeaderElection.lambda$submitRequests$1(LeaderElection.java:238)
	at java.util.concurrent.FutureTask.run(FutureTask.java:266)
	at java.util.concurrent.Executors$RunnableAdapter.call(Executors.java:511)
	at java.util.concurrent.FutureTask.run(FutureTask.java:266)
	at java.util.concurrent.ThreadPoolExecutor.runWorker(ThreadPoolExecutor.java:1149)
	at java.util.concurrent.ThreadPoolExecutor$Worker.run(ThreadPoolExecutor.java:624)
	... 1 more
Caused by: org.apache.ratis.thirdparty.io.netty.channel.AbstractChannel$AnnotatedConnectException: Connection refused: /192.168.5.148:45815
	at sun.nio.ch.SocketChannelImpl.checkConnect(Native Method)
	at sun.nio.ch.SocketChannelImpl.finishConnect(SocketChannelImpl.java:717)
	at org.apache.ratis.thirdparty.io.netty.channel.socket.nio.NioSocketChannel.doFinishConnect(NioSocketChannel.java:327)
	at org.apache.ratis.thirdparty.io.netty.channel.nio.AbstractNioChannel$AbstractNioUnsafe.finishConnect(AbstractNioChannel.java:340)
	at org.apache.ratis.thirdparty.io.netty.channel.nio.NioEventLoop.processSelectedKey(NioEventLoop.java:632)
	at org.apache.ratis.thirdparty.io.netty.channel.nio.NioEventLoop.processSelectedKeysOptimized(NioEventLoop.java:579)
	at org.apache.ratis.thirdparty.io.netty.channel.nio.NioEventLoop.processSelectedKeys(NioEventLoop.java:496)
	at org.apache.ratis.thirdparty.io.netty.channel.nio.NioEventLoop.run(NioEventLoop.java:458)
	at org.apache.ratis.thirdparty.io.netty.util.concurrent.SingleThreadEventExecutor$5.run(SingleThreadEventExecutor.java:897)
	at org.apache.ratis.thirdparty.io.netty.util.concurrent.FastThreadLocalRunnable.run(FastThreadLocalRunnable.java:30)
	... 1 more
Caused by: java.net.ConnectException: Connection refused
	... 11 more
2019-09-24 19:08:55,238 [0c8dc4a6-8d6b-4759-9996-474f61414cd5@group-24C9ADE1A15D:LeaderElection237] INFO  impl.RaftServerImpl (RaftServerImpl.java:setRole(174)) - 0c8dc4a6-8d6b-4759-9996-474f61414cd5@group-24C9ADE1A15D: changes role from CANDIDATE to FOLLOWER at term 3 for DISCOVERED_A_NEW_TERM
2019-09-24 19:08:55,238 [0c8dc4a6-8d6b-4759-9996-474f61414cd5@group-DD0F18FA726D:LeaderElection235] INFO  impl.LeaderElection (LogUtils.java:infoOrTrace(149)) -   Exception 1: {}
java.util.concurrent.ExecutionException: org.apache.ratis.thirdparty.io.grpc.StatusRuntimeException: UNAVAILABLE: io exception
	at java.util.concurrent.FutureTask.report(FutureTask.java:122)
	at java.util.concurrent.FutureTask.get(FutureTask.java:192)
	at org.apache.ratis.server.impl.LeaderElection.waitForResults(LeaderElection.java:263)
	at org.apache.ratis.server.impl.LeaderElection.askForVotes(LeaderElection.java:201)
	at org.apache.ratis.server.impl.LeaderElection.run(LeaderElection.java:133)
	at java.lang.Thread.run(Thread.java:748)
Caused by: org.apache.ratis.thirdparty.io.grpc.StatusRuntimeException: UNAVAILABLE: io exception
	at org.apache.ratis.thirdparty.io.grpc.stub.ClientCalls.toStatusRuntimeException(ClientCalls.java:233)
	at org.apache.ratis.thirdparty.io.grpc.stub.ClientCalls.getUnchecked(ClientCalls.java:214)
	at org.apache.ratis.thirdparty.io.grpc.stub.ClientCalls.blockingUnaryCall(ClientCalls.java:139)
	at org.apache.ratis.proto.grpc.RaftServerProtocolServiceGrpc$RaftServerProtocolServiceBlockingStub.requestVote(RaftServerProtocolServiceGrpc.java:265)
	at org.apache.ratis.grpc.server.GrpcServerProtocolClient.requestVote(GrpcServerProtocolClient.java:90)
	at org.apache.ratis.grpc.server.GrpcService.requestVote(GrpcService.java:204)
	at org.apache.ratis.server.impl.LeaderElection.lambda$submitRequests$1(LeaderElection.java:238)
	at java.util.concurrent.FutureTask.run(FutureTask.java:266)
	at java.util.concurrent.Executors$RunnableAdapter.call(Executors.java:511)
	at java.util.concurrent.FutureTask.run(FutureTask.java:266)
	at java.util.concurrent.ThreadPoolExecutor.runWorker(ThreadPoolExecutor.java:1149)
	at java.util.concurrent.ThreadPoolExecutor$Worker.run(ThreadPoolExecutor.java:624)
	... 1 more
Caused by: org.apache.ratis.thirdparty.io.netty.channel.AbstractChannel$AnnotatedConnectException: Connection refused: /192.168.5.148:45459
	at sun.nio.ch.SocketChannelImpl.checkConnect(Native Method)
	at sun.nio.ch.SocketChannelImpl.finishConnect(SocketChannelImpl.java:717)
	at org.apache.ratis.thirdparty.io.netty.channel.socket.nio.NioSocketChannel.doFinishConnect(NioSocketChannel.java:327)
	at org.apache.ratis.thirdparty.io.netty.channel.nio.AbstractNioChannel$AbstractNioUnsafe.finishConnect(AbstractNioChannel.java:340)
	at org.apache.ratis.thirdparty.io.netty.channel.nio.NioEventLoop.processSelectedKey(NioEventLoop.java:632)
	at org.apache.ratis.thirdparty.io.netty.channel.nio.NioEventLoop.processSelectedKeysOptimized(NioEventLoop.java:579)
	at org.apache.ratis.thirdparty.io.netty.channel.nio.NioEventLoop.processSelectedKeys(NioEventLoop.java:496)
	at org.apache.ratis.thirdparty.io.netty.channel.nio.NioEventLoop.run(NioEventLoop.java:458)
	at org.apache.ratis.thirdparty.io.netty.util.concurrent.SingleThreadEventExecutor$5.run(SingleThreadEventExecutor.java:897)
	at org.apache.ratis.thirdparty.io.netty.util.concurrent.FastThreadLocalRunnable.run(FastThreadLocalRunnable.java:30)
	... 1 more
Caused by: java.net.ConnectException: Connection refused
	... 11 more
2019-09-24 19:08:55,238 [0c8dc4a6-8d6b-4759-9996-474f61414cd5@group-24C9ADE1A15D:LeaderElection237] INFO  impl.RoleInfo (RoleInfo.java:shutdownLeaderElection(134)) - 0c8dc4a6-8d6b-4759-9996-474f61414cd5: shutdown LeaderElection
2019-09-24 19:08:55,239 [0c8dc4a6-8d6b-4759-9996-474f61414cd5@group-DD0F18FA726D:LeaderElection235] INFO  impl.RaftServerImpl (RaftServerImpl.java:setRole(174)) - 0c8dc4a6-8d6b-4759-9996-474f61414cd5@group-DD0F18FA726D: changes role from CANDIDATE to FOLLOWER at term 3 for DISCOVERED_A_NEW_TERM
2019-09-24 19:08:55,239 [0c8dc4a6-8d6b-4759-9996-474f61414cd5@group-24C9ADE1A15D:LeaderElection237] INFO  impl.RoleInfo (RoleInfo.java:updateAndGet(143)) - 0c8dc4a6-8d6b-4759-9996-474f61414cd5: start FollowerState
2019-09-24 19:08:55,239 [0c8dc4a6-8d6b-4759-9996-474f61414cd5@group-DD0F18FA726D:LeaderElection235] INFO  impl.RoleInfo (RoleInfo.java:shutdownLeaderElection(134)) - 0c8dc4a6-8d6b-4759-9996-474f61414cd5: shutdown LeaderElection
2019-09-24 19:08:55,240 [0c8dc4a6-8d6b-4759-9996-474f61414cd5@group-DD0F18FA726D:LeaderElection235] INFO  impl.RoleInfo (RoleInfo.java:updateAndGet(143)) - 0c8dc4a6-8d6b-4759-9996-474f61414cd5: start FollowerState
2019-09-24 19:08:55,468 [Datanode State Machine Thread - 0] INFO  statemachine.DatanodeStateMachine (DatanodeStateMachine.java:lambda$startDaemon$0(350)) - Ozone container server started.
2019-09-24 19:08:56,304 [Thread-3624] INFO  impl.FollowerState (FollowerState.java:run(106)) - 0c8dc4a6-8d6b-4759-9996-474f61414cd5:group-DD0F18FA726D changes to CANDIDATE, lastRpcTime:1064, electionTimeout:1064ms
2019-09-24 19:08:56,305 [Thread-3624] INFO  impl.RoleInfo (RoleInfo.java:shutdownFollowerState(121)) - 0c8dc4a6-8d6b-4759-9996-474f61414cd5: shutdown FollowerState
2019-09-24 19:08:56,305 [Thread-3624] INFO  impl.RaftServerImpl (RaftServerImpl.java:setRole(174)) - 0c8dc4a6-8d6b-4759-9996-474f61414cd5@group-DD0F18FA726D: changes role from  FOLLOWER to CANDIDATE at term 3 for changeToCandidate
2019-09-24 19:08:56,305 [Thread-3624] INFO  impl.RoleInfo (RoleInfo.java:updateAndGet(143)) - 0c8dc4a6-8d6b-4759-9996-474f61414cd5: start LeaderElection
2019-09-24 19:08:56,353 [Thread-3623] INFO  impl.FollowerState (FollowerState.java:run(106)) - 0c8dc4a6-8d6b-4759-9996-474f61414cd5:group-24C9ADE1A15D changes to CANDIDATE, lastRpcTime:1113, electionTimeout:1113ms
2019-09-24 19:08:56,353 [Thread-3623] INFO  impl.RoleInfo (RoleInfo.java:shutdownFollowerState(121)) - 0c8dc4a6-8d6b-4759-9996-474f61414cd5: shutdown FollowerState
2019-09-24 19:08:56,353 [Thread-3623] INFO  impl.RaftServerImpl (RaftServerImpl.java:setRole(174)) - 0c8dc4a6-8d6b-4759-9996-474f61414cd5@group-24C9ADE1A15D: changes role from  FOLLOWER to CANDIDATE at term 3 for changeToCandidate
2019-09-24 19:08:56,353 [Thread-3623] INFO  impl.RoleInfo (RoleInfo.java:updateAndGet(143)) - 0c8dc4a6-8d6b-4759-9996-474f61414cd5: start LeaderElection
2019-09-24 19:08:56,891 [0c8dc4a6-8d6b-4759-9996-474f61414cd5@group-24C9ADE1A15D:LeaderElection239] INFO  impl.LeaderElection (LeaderElection.java:askForVotes(182)) - 0c8dc4a6-8d6b-4759-9996-474f61414cd5@group-24C9ADE1A15D:LeaderElection239: begin an election at term 4 for -1: [2301f1b0-893f-4443-acec-e918286f3c24:192.168.5.148:45459, 2e29e414-edf9-4b10-a5cb-2050908d7d76:192.168.5.148:45815, 0c8dc4a6-8d6b-4759-9996-474f61414cd5:192.168.5.148:45865], old=null
2019-09-24 19:08:56,891 [0c8dc4a6-8d6b-4759-9996-474f61414cd5@group-DD0F18FA726D:LeaderElection238] INFO  impl.LeaderElection (LeaderElection.java:askForVotes(182)) - 0c8dc4a6-8d6b-4759-9996-474f61414cd5@group-DD0F18FA726D:LeaderElection238: begin an election at term 4 for -1: [2301f1b0-893f-4443-acec-e918286f3c24:192.168.5.148:45459, 2e29e414-edf9-4b10-a5cb-2050908d7d76:192.168.5.148:45815, 0c8dc4a6-8d6b-4759-9996-474f61414cd5:192.168.5.148:45865], old=null
2019-09-24 19:08:56,893 [0c8dc4a6-8d6b-4759-9996-474f61414cd5@group-24C9ADE1A15D:LeaderElection239] INFO  impl.LeaderElection (LogUtils.java:infoOrTrace(149)) - 0c8dc4a6-8d6b-4759-9996-474f61414cd5@group-24C9ADE1A15D:LeaderElection239 got exception when requesting votes: {}
java.util.concurrent.ExecutionException: org.apache.ratis.thirdparty.io.grpc.StatusRuntimeException: UNAVAILABLE: io exception
	at java.util.concurrent.FutureTask.report(FutureTask.java:122)
	at java.util.concurrent.FutureTask.get(FutureTask.java:192)
	at org.apache.ratis.server.impl.LeaderElection.waitForResults(LeaderElection.java:263)
	at org.apache.ratis.server.impl.LeaderElection.askForVotes(LeaderElection.java:201)
	at org.apache.ratis.server.impl.LeaderElection.run(LeaderElection.java:133)
	at java.lang.Thread.run(Thread.java:748)
Caused by: org.apache.ratis.thirdparty.io.grpc.StatusRuntimeException: UNAVAILABLE: io exception
	at org.apache.ratis.thirdparty.io.grpc.stub.ClientCalls.toStatusRuntimeException(ClientCalls.java:233)
	at org.apache.ratis.thirdparty.io.grpc.stub.ClientCalls.getUnchecked(ClientCalls.java:214)
	at org.apache.ratis.thirdparty.io.grpc.stub.ClientCalls.blockingUnaryCall(ClientCalls.java:139)
	at org.apache.ratis.proto.grpc.RaftServerProtocolServiceGrpc$RaftServerProtocolServiceBlockingStub.requestVote(RaftServerProtocolServiceGrpc.java:265)
	at org.apache.ratis.grpc.server.GrpcServerProtocolClient.requestVote(GrpcServerProtocolClient.java:90)
	at org.apache.ratis.grpc.server.GrpcService.requestVote(GrpcService.java:204)
	at org.apache.ratis.server.impl.LeaderElection.lambda$submitRequests$1(LeaderElection.java:238)
	at java.util.concurrent.FutureTask.run(FutureTask.java:266)
	at java.util.concurrent.Executors$RunnableAdapter.call(Executors.java:511)
	at java.util.concurrent.FutureTask.run(FutureTask.java:266)
	at java.util.concurrent.ThreadPoolExecutor.runWorker(ThreadPoolExecutor.java:1149)
	at java.util.concurrent.ThreadPoolExecutor$Worker.run(ThreadPoolExecutor.java:624)
	... 1 more
Caused by: org.apache.ratis.thirdparty.io.netty.channel.AbstractChannel$AnnotatedConnectException: Connection refused: /192.168.5.148:45459
	at sun.nio.ch.SocketChannelImpl.checkConnect(Native Method)
	at sun.nio.ch.SocketChannelImpl.finishConnect(SocketChannelImpl.java:717)
	at org.apache.ratis.thirdparty.io.netty.channel.socket.nio.NioSocketChannel.doFinishConnect(NioSocketChannel.java:327)
	at org.apache.ratis.thirdparty.io.netty.channel.nio.AbstractNioChannel$AbstractNioUnsafe.finishConnect(AbstractNioChannel.java:340)
	at org.apache.ratis.thirdparty.io.netty.channel.nio.NioEventLoop.processSelectedKey(NioEventLoop.java:632)
	at org.apache.ratis.thirdparty.io.netty.channel.nio.NioEventLoop.processSelectedKeysOptimized(NioEventLoop.java:579)
	at org.apache.ratis.thirdparty.io.netty.channel.nio.NioEventLoop.processSelectedKeys(NioEventLoop.java:496)
	at org.apache.ratis.thirdparty.io.netty.channel.nio.NioEventLoop.run(NioEventLoop.java:458)
	at org.apache.ratis.thirdparty.io.netty.util.concurrent.SingleThreadEventExecutor$5.run(SingleThreadEventExecutor.java:897)
	at org.apache.ratis.thirdparty.io.netty.util.concurrent.FastThreadLocalRunnable.run(FastThreadLocalRunnable.java:30)
	... 1 more
Caused by: java.net.ConnectException: Connection refused
	... 11 more
2019-09-24 19:08:56,893 [0c8dc4a6-8d6b-4759-9996-474f61414cd5@group-DD0F18FA726D:LeaderElection238] INFO  impl.LeaderElection (LogUtils.java:infoOrTrace(149)) - 0c8dc4a6-8d6b-4759-9996-474f61414cd5@group-DD0F18FA726D:LeaderElection238 got exception when requesting votes: {}
java.util.concurrent.ExecutionException: org.apache.ratis.thirdparty.io.grpc.StatusRuntimeException: UNAVAILABLE: io exception
	at java.util.concurrent.FutureTask.report(FutureTask.java:122)
	at java.util.concurrent.FutureTask.get(FutureTask.java:192)
	at org.apache.ratis.server.impl.LeaderElection.waitForResults(LeaderElection.java:263)
	at org.apache.ratis.server.impl.LeaderElection.askForVotes(LeaderElection.java:201)
	at org.apache.ratis.server.impl.LeaderElection.run(LeaderElection.java:133)
	at java.lang.Thread.run(Thread.java:748)
Caused by: org.apache.ratis.thirdparty.io.grpc.StatusRuntimeException: UNAVAILABLE: io exception
	at org.apache.ratis.thirdparty.io.grpc.stub.ClientCalls.toStatusRuntimeException(ClientCalls.java:233)
	at org.apache.ratis.thirdparty.io.grpc.stub.ClientCalls.getUnchecked(ClientCalls.java:214)
	at org.apache.ratis.thirdparty.io.grpc.stub.ClientCalls.blockingUnaryCall(ClientCalls.java:139)
	at org.apache.ratis.proto.grpc.RaftServerProtocolServiceGrpc$RaftServerProtocolServiceBlockingStub.requestVote(RaftServerProtocolServiceGrpc.java:265)
	at org.apache.ratis.grpc.server.GrpcServerProtocolClient.requestVote(GrpcServerProtocolClient.java:90)
	at org.apache.ratis.grpc.server.GrpcService.requestVote(GrpcService.java:204)
	at org.apache.ratis.server.impl.LeaderElection.lambda$submitRequests$1(LeaderElection.java:238)
	at java.util.concurrent.FutureTask.run(FutureTask.java:266)
	at java.util.concurrent.Executors$RunnableAdapter.call(Executors.java:511)
	at java.util.concurrent.FutureTask.run(FutureTask.java:266)
	at java.util.concurrent.ThreadPoolExecutor.runWorker(ThreadPoolExecutor.java:1149)
	at java.util.concurrent.ThreadPoolExecutor$Worker.run(ThreadPoolExecutor.java:624)
	... 1 more
Caused by: org.apache.ratis.thirdparty.io.netty.channel.AbstractChannel$AnnotatedConnectException: Connection refused: /192.168.5.148:45459
	at sun.nio.ch.SocketChannelImpl.checkConnect(Native Method)
	at sun.nio.ch.SocketChannelImpl.finishConnect(SocketChannelImpl.java:717)
	at org.apache.ratis.thirdparty.io.netty.channel.socket.nio.NioSocketChannel.doFinishConnect(NioSocketChannel.java:327)
	at org.apache.ratis.thirdparty.io.netty.channel.nio.AbstractNioChannel$AbstractNioUnsafe.finishConnect(AbstractNioChannel.java:340)
	at org.apache.ratis.thirdparty.io.netty.channel.nio.NioEventLoop.processSelectedKey(NioEventLoop.java:632)
	at org.apache.ratis.thirdparty.io.netty.channel.nio.NioEventLoop.processSelectedKeysOptimized(NioEventLoop.java:579)
	at org.apache.ratis.thirdparty.io.netty.channel.nio.NioEventLoop.processSelectedKeys(NioEventLoop.java:496)
	at org.apache.ratis.thirdparty.io.netty.channel.nio.NioEventLoop.run(NioEventLoop.java:458)
	at org.apache.ratis.thirdparty.io.netty.util.concurrent.SingleThreadEventExecutor$5.run(SingleThreadEventExecutor.java:897)
	at org.apache.ratis.thirdparty.io.netty.util.concurrent.FastThreadLocalRunnable.run(FastThreadLocalRunnable.java:30)
	... 1 more
Caused by: java.net.ConnectException: Connection refused
	... 11 more
2019-09-24 19:08:56,893 [0c8dc4a6-8d6b-4759-9996-474f61414cd5@group-24C9ADE1A15D:LeaderElection239] INFO  impl.LeaderElection (LogUtils.java:infoOrTrace(149)) - 0c8dc4a6-8d6b-4759-9996-474f61414cd5@group-24C9ADE1A15D:LeaderElection239 got exception when requesting votes: {}
java.util.concurrent.ExecutionException: org.apache.ratis.thirdparty.io.grpc.StatusRuntimeException: UNAVAILABLE: io exception
	at java.util.concurrent.FutureTask.report(FutureTask.java:122)
	at java.util.concurrent.FutureTask.get(FutureTask.java:192)
	at org.apache.ratis.server.impl.LeaderElection.waitForResults(LeaderElection.java:263)
	at org.apache.ratis.server.impl.LeaderElection.askForVotes(LeaderElection.java:201)
	at org.apache.ratis.server.impl.LeaderElection.run(LeaderElection.java:133)
	at java.lang.Thread.run(Thread.java:748)
Caused by: org.apache.ratis.thirdparty.io.grpc.StatusRuntimeException: UNAVAILABLE: io exception
	at org.apache.ratis.thirdparty.io.grpc.stub.ClientCalls.toStatusRuntimeException(ClientCalls.java:233)
	at org.apache.ratis.thirdparty.io.grpc.stub.ClientCalls.getUnchecked(ClientCalls.java:214)
	at org.apache.ratis.thirdparty.io.grpc.stub.ClientCalls.blockingUnaryCall(ClientCalls.java:139)
	at org.apache.ratis.proto.grpc.RaftServerProtocolServiceGrpc$RaftServerProtocolServiceBlockingStub.requestVote(RaftServerProtocolServiceGrpc.java:265)
	at org.apache.ratis.grpc.server.GrpcServerProtocolClient.requestVote(GrpcServerProtocolClient.java:90)
	at org.apache.ratis.grpc.server.GrpcService.requestVote(GrpcService.java:204)
	at org.apache.ratis.server.impl.LeaderElection.lambda$submitRequests$1(LeaderElection.java:238)
	at java.util.concurrent.FutureTask.run(FutureTask.java:266)
	at java.util.concurrent.Executors$RunnableAdapter.call(Executors.java:511)
	at java.util.concurrent.FutureTask.run(FutureTask.java:266)
	at java.util.concurrent.ThreadPoolExecutor.runWorker(ThreadPoolExecutor.java:1149)
	at java.util.concurrent.ThreadPoolExecutor$Worker.run(ThreadPoolExecutor.java:624)
	... 1 more
Caused by: org.apache.ratis.thirdparty.io.netty.channel.AbstractChannel$AnnotatedConnectException: Connection refused: /192.168.5.148:45815
	at sun.nio.ch.SocketChannelImpl.checkConnect(Native Method)
	at sun.nio.ch.SocketChannelImpl.finishConnect(SocketChannelImpl.java:717)
	at org.apache.ratis.thirdparty.io.netty.channel.socket.nio.NioSocketChannel.doFinishConnect(NioSocketChannel.java:327)
	at org.apache.ratis.thirdparty.io.netty.channel.nio.AbstractNioChannel$AbstractNioUnsafe.finishConnect(AbstractNioChannel.java:340)
	at org.apache.ratis.thirdparty.io.netty.channel.nio.NioEventLoop.processSelectedKey(NioEventLoop.java:632)
	at org.apache.ratis.thirdparty.io.netty.channel.nio.NioEventLoop.processSelectedKeysOptimized(NioEventLoop.java:579)
	at org.apache.ratis.thirdparty.io.netty.channel.nio.NioEventLoop.processSelectedKeys(NioEventLoop.java:496)
	at org.apache.ratis.thirdparty.io.netty.channel.nio.NioEventLoop.run(NioEventLoop.java:458)
	at org.apache.ratis.thirdparty.io.netty.util.concurrent.SingleThreadEventExecutor$5.run(SingleThreadEventExecutor.java:897)
	at org.apache.ratis.thirdparty.io.netty.util.concurrent.FastThreadLocalRunnable.run(FastThreadLocalRunnable.java:30)
	... 1 more
Caused by: java.net.ConnectException: Connection refused
	... 11 more
2019-09-24 19:08:56,894 [0c8dc4a6-8d6b-4759-9996-474f61414cd5@group-DD0F18FA726D:LeaderElection238] INFO  impl.LeaderElection (LogUtils.java:infoOrTrace(149)) - 0c8dc4a6-8d6b-4759-9996-474f61414cd5@group-DD0F18FA726D:LeaderElection238 got exception when requesting votes: {}
java.util.concurrent.ExecutionException: org.apache.ratis.thirdparty.io.grpc.StatusRuntimeException: UNAVAILABLE: io exception
	at java.util.concurrent.FutureTask.report(FutureTask.java:122)
	at java.util.concurrent.FutureTask.get(FutureTask.java:192)
	at org.apache.ratis.server.impl.LeaderElection.waitForResults(LeaderElection.java:263)
	at org.apache.ratis.server.impl.LeaderElection.askForVotes(LeaderElection.java:201)
	at org.apache.ratis.server.impl.LeaderElection.run(LeaderElection.java:133)
	at java.lang.Thread.run(Thread.java:748)
Caused by: org.apache.ratis.thirdparty.io.grpc.StatusRuntimeException: UNAVAILABLE: io exception
	at org.apache.ratis.thirdparty.io.grpc.stub.ClientCalls.toStatusRuntimeException(ClientCalls.java:233)
	at org.apache.ratis.thirdparty.io.grpc.stub.ClientCalls.getUnchecked(ClientCalls.java:214)
	at org.apache.ratis.thirdparty.io.grpc.stub.ClientCalls.blockingUnaryCall(ClientCalls.java:139)
	at org.apache.ratis.proto.grpc.RaftServerProtocolServiceGrpc$RaftServerProtocolServiceBlockingStub.requestVote(RaftServerProtocolServiceGrpc.java:265)
	at org.apache.ratis.grpc.server.GrpcServerProtocolClient.requestVote(GrpcServerProtocolClient.java:90)
	at org.apache.ratis.grpc.server.GrpcService.requestVote(GrpcService.java:204)
	at org.apache.ratis.server.impl.LeaderElection.lambda$submitRequests$1(LeaderElection.java:238)
	at java.util.concurrent.FutureTask.run(FutureTask.java:266)
	at java.util.concurrent.Executors$RunnableAdapter.call(Executors.java:511)
	at java.util.concurrent.FutureTask.run(FutureTask.java:266)
	at java.util.concurrent.ThreadPoolExecutor.runWorker(ThreadPoolExecutor.java:1149)
	at java.util.concurrent.ThreadPoolExecutor$Worker.run(ThreadPoolExecutor.java:624)
	... 1 more
Caused by: org.apache.ratis.thirdparty.io.netty.channel.AbstractChannel$AnnotatedConnectException: Connection refused: /192.168.5.148:45815
	at sun.nio.ch.SocketChannelImpl.checkConnect(Native Method)
	at sun.nio.ch.SocketChannelImpl.finishConnect(SocketChannelImpl.java:717)
	at org.apache.ratis.thirdparty.io.netty.channel.socket.nio.NioSocketChannel.doFinishConnect(NioSocketChannel.java:327)
	at org.apache.ratis.thirdparty.io.netty.channel.nio.AbstractNioChannel$AbstractNioUnsafe.finishConnect(AbstractNioChannel.java:340)
	at org.apache.ratis.thirdparty.io.netty.channel.nio.NioEventLoop.processSelectedKey(NioEventLoop.java:632)
	at org.apache.ratis.thirdparty.io.netty.channel.nio.NioEventLoop.processSelectedKeysOptimized(NioEventLoop.java:579)
	at org.apache.ratis.thirdparty.io.netty.channel.nio.NioEventLoop.processSelectedKeys(NioEventLoop.java:496)
	at org.apache.ratis.thirdparty.io.netty.channel.nio.NioEventLoop.run(NioEventLoop.java:458)
	at org.apache.ratis.thirdparty.io.netty.util.concurrent.SingleThreadEventExecutor$5.run(SingleThreadEventExecutor.java:897)
	at org.apache.ratis.thirdparty.io.netty.util.concurrent.FastThreadLocalRunnable.run(FastThreadLocalRunnable.java:30)
	... 1 more
Caused by: java.net.ConnectException: Connection refused
	... 11 more
2019-09-24 19:08:56,894 [0c8dc4a6-8d6b-4759-9996-474f61414cd5@group-24C9ADE1A15D:LeaderElection239] INFO  impl.LeaderElection (LeaderElection.java:logAndReturn(56)) - 0c8dc4a6-8d6b-4759-9996-474f61414cd5@group-24C9ADE1A15D:LeaderElection239: Election REJECTED; received 0 response(s) [] and 2 exception(s); 0c8dc4a6-8d6b-4759-9996-474f61414cd5@group-24C9ADE1A15D:t4, leader=null, voted=0c8dc4a6-8d6b-4759-9996-474f61414cd5, raftlog=0c8dc4a6-8d6b-4759-9996-474f61414cd5@group-24C9ADE1A15D-SegmentedRaftLog:OPENED:c-1,f-1,i0, conf=-1: [2301f1b0-893f-4443-acec-e918286f3c24:192.168.5.148:45459, 2e29e414-edf9-4b10-a5cb-2050908d7d76:192.168.5.148:45815, 0c8dc4a6-8d6b-4759-9996-474f61414cd5:192.168.5.148:45865], old=null
2019-09-24 19:08:56,895 [0c8dc4a6-8d6b-4759-9996-474f61414cd5@group-DD0F18FA726D:LeaderElection238] INFO  impl.LeaderElection (LeaderElection.java:logAndReturn(56)) - 0c8dc4a6-8d6b-4759-9996-474f61414cd5@group-DD0F18FA726D:LeaderElection238: Election REJECTED; received 0 response(s) [] and 2 exception(s); 0c8dc4a6-8d6b-4759-9996-474f61414cd5@group-DD0F18FA726D:t4, leader=null, voted=0c8dc4a6-8d6b-4759-9996-474f61414cd5, raftlog=0c8dc4a6-8d6b-4759-9996-474f61414cd5@group-DD0F18FA726D-SegmentedRaftLog:OPENED:c-1,f-1,i0, conf=-1: [2301f1b0-893f-4443-acec-e918286f3c24:192.168.5.148:45459, 2e29e414-edf9-4b10-a5cb-2050908d7d76:192.168.5.148:45815, 0c8dc4a6-8d6b-4759-9996-474f61414cd5:192.168.5.148:45865], old=null
2019-09-24 19:08:56,895 [0c8dc4a6-8d6b-4759-9996-474f61414cd5@group-24C9ADE1A15D:LeaderElection239] INFO  impl.LeaderElection (LogUtils.java:infoOrTrace(149)) -   Exception 0: {}
java.util.concurrent.ExecutionException: org.apache.ratis.thirdparty.io.grpc.StatusRuntimeException: UNAVAILABLE: io exception
	at java.util.concurrent.FutureTask.report(FutureTask.java:122)
	at java.util.concurrent.FutureTask.get(FutureTask.java:192)
	at org.apache.ratis.server.impl.LeaderElection.waitForResults(LeaderElection.java:263)
	at org.apache.ratis.server.impl.LeaderElection.askForVotes(LeaderElection.java:201)
	at org.apache.ratis.server.impl.LeaderElection.run(LeaderElection.java:133)
	at java.lang.Thread.run(Thread.java:748)
Caused by: org.apache.ratis.thirdparty.io.grpc.StatusRuntimeException: UNAVAILABLE: io exception
	at org.apache.ratis.thirdparty.io.grpc.stub.ClientCalls.toStatusRuntimeException(ClientCalls.java:233)
	at org.apache.ratis.thirdparty.io.grpc.stub.ClientCalls.getUnchecked(ClientCalls.java:214)
	at org.apache.ratis.thirdparty.io.grpc.stub.ClientCalls.blockingUnaryCall(ClientCalls.java:139)
	at org.apache.ratis.proto.grpc.RaftServerProtocolServiceGrpc$RaftServerProtocolServiceBlockingStub.requestVote(RaftServerProtocolServiceGrpc.java:265)
	at org.apache.ratis.grpc.server.GrpcServerProtocolClient.requestVote(GrpcServerProtocolClient.java:90)
	at org.apache.ratis.grpc.server.GrpcService.requestVote(GrpcService.java:204)
	at org.apache.ratis.server.impl.LeaderElection.lambda$submitRequests$1(LeaderElection.java:238)
	at java.util.concurrent.FutureTask.run(FutureTask.java:266)
	at java.util.concurrent.Executors$RunnableAdapter.call(Executors.java:511)
	at java.util.concurrent.FutureTask.run(FutureTask.java:266)
	at java.util.concurrent.ThreadPoolExecutor.runWorker(ThreadPoolExecutor.java:1149)
	at java.util.concurrent.ThreadPoolExecutor$Worker.run(ThreadPoolExecutor.java:624)
	... 1 more
Caused by: org.apache.ratis.thirdparty.io.netty.channel.AbstractChannel$AnnotatedConnectException: Connection refused: /192.168.5.148:45459
	at sun.nio.ch.SocketChannelImpl.checkConnect(Native Method)
	at sun.nio.ch.SocketChannelImpl.finishConnect(SocketChannelImpl.java:717)
	at org.apache.ratis.thirdparty.io.netty.channel.socket.nio.NioSocketChannel.doFinishConnect(NioSocketChannel.java:327)
	at org.apache.ratis.thirdparty.io.netty.channel.nio.AbstractNioChannel$AbstractNioUnsafe.finishConnect(AbstractNioChannel.java:340)
	at org.apache.ratis.thirdparty.io.netty.channel.nio.NioEventLoop.processSelectedKey(NioEventLoop.java:632)
	at org.apache.ratis.thirdparty.io.netty.channel.nio.NioEventLoop.processSelectedKeysOptimized(NioEventLoop.java:579)
	at org.apache.ratis.thirdparty.io.netty.channel.nio.NioEventLoop.processSelectedKeys(NioEventLoop.java:496)
	at org.apache.ratis.thirdparty.io.netty.channel.nio.NioEventLoop.run(NioEventLoop.java:458)
	at org.apache.ratis.thirdparty.io.netty.util.concurrent.SingleThreadEventExecutor$5.run(SingleThreadEventExecutor.java:897)
	at org.apache.ratis.thirdparty.io.netty.util.concurrent.FastThreadLocalRunnable.run(FastThreadLocalRunnable.java:30)
	... 1 more
Caused by: java.net.ConnectException: Connection refused
	... 11 more
2019-09-24 19:08:56,895 [0c8dc4a6-8d6b-4759-9996-474f61414cd5@group-DD0F18FA726D:LeaderElection238] INFO  impl.LeaderElection (LogUtils.java:infoOrTrace(149)) -   Exception 0: {}
java.util.concurrent.ExecutionException: org.apache.ratis.thirdparty.io.grpc.StatusRuntimeException: UNAVAILABLE: io exception
	at java.util.concurrent.FutureTask.report(FutureTask.java:122)
	at java.util.concurrent.FutureTask.get(FutureTask.java:192)
	at org.apache.ratis.server.impl.LeaderElection.waitForResults(LeaderElection.java:263)
	at org.apache.ratis.server.impl.LeaderElection.askForVotes(LeaderElection.java:201)
	at org.apache.ratis.server.impl.LeaderElection.run(LeaderElection.java:133)
	at java.lang.Thread.run(Thread.java:748)
Caused by: org.apache.ratis.thirdparty.io.grpc.StatusRuntimeException: UNAVAILABLE: io exception
	at org.apache.ratis.thirdparty.io.grpc.stub.ClientCalls.toStatusRuntimeException(ClientCalls.java:233)
	at org.apache.ratis.thirdparty.io.grpc.stub.ClientCalls.getUnchecked(ClientCalls.java:214)
	at org.apache.ratis.thirdparty.io.grpc.stub.ClientCalls.blockingUnaryCall(ClientCalls.java:139)
	at org.apache.ratis.proto.grpc.RaftServerProtocolServiceGrpc$RaftServerProtocolServiceBlockingStub.requestVote(RaftServerProtocolServiceGrpc.java:265)
	at org.apache.ratis.grpc.server.GrpcServerProtocolClient.requestVote(GrpcServerProtocolClient.java:90)
	at org.apache.ratis.grpc.server.GrpcService.requestVote(GrpcService.java:204)
	at org.apache.ratis.server.impl.LeaderElection.lambda$submitRequests$1(LeaderElection.java:238)
	at java.util.concurrent.FutureTask.run(FutureTask.java:266)
	at java.util.concurrent.Executors$RunnableAdapter.call(Executors.java:511)
	at java.util.concurrent.FutureTask.run(FutureTask.java:266)
	at java.util.concurrent.ThreadPoolExecutor.runWorker(ThreadPoolExecutor.java:1149)
	at java.util.concurrent.ThreadPoolExecutor$Worker.run(ThreadPoolExecutor.java:624)
	... 1 more
Caused by: org.apache.ratis.thirdparty.io.netty.channel.AbstractChannel$AnnotatedConnectException: Connection refused: /192.168.5.148:45459
	at sun.nio.ch.SocketChannelImpl.checkConnect(Native Method)
	at sun.nio.ch.SocketChannelImpl.finishConnect(SocketChannelImpl.java:717)
	at org.apache.ratis.thirdparty.io.netty.channel.socket.nio.NioSocketChannel.doFinishConnect(NioSocketChannel.java:327)
	at org.apache.ratis.thirdparty.io.netty.channel.nio.AbstractNioChannel$AbstractNioUnsafe.finishConnect(AbstractNioChannel.java:340)
	at org.apache.ratis.thirdparty.io.netty.channel.nio.NioEventLoop.processSelectedKey(NioEventLoop.java:632)
	at org.apache.ratis.thirdparty.io.netty.channel.nio.NioEventLoop.processSelectedKeysOptimized(NioEventLoop.java:579)
	at org.apache.ratis.thirdparty.io.netty.channel.nio.NioEventLoop.processSelectedKeys(NioEventLoop.java:496)
	at org.apache.ratis.thirdparty.io.netty.channel.nio.NioEventLoop.run(NioEventLoop.java:458)
	at org.apache.ratis.thirdparty.io.netty.util.concurrent.SingleThreadEventExecutor$5.run(SingleThreadEventExecutor.java:897)
	at org.apache.ratis.thirdparty.io.netty.util.concurrent.FastThreadLocalRunnable.run(FastThreadLocalRunnable.java:30)
	... 1 more
Caused by: java.net.ConnectException: Connection refused
	... 11 more
2019-09-24 19:08:56,896 [0c8dc4a6-8d6b-4759-9996-474f61414cd5@group-DD0F18FA726D:LeaderElection238] INFO  impl.LeaderElection (LogUtils.java:infoOrTrace(149)) -   Exception 1: {}
java.util.concurrent.ExecutionException: org.apache.ratis.thirdparty.io.grpc.StatusRuntimeException: UNAVAILABLE: io exception
	at java.util.concurrent.FutureTask.report(FutureTask.java:122)
	at java.util.concurrent.FutureTask.get(FutureTask.java:192)
	at org.apache.ratis.server.impl.LeaderElection.waitForResults(LeaderElection.java:263)
	at org.apache.ratis.server.impl.LeaderElection.askForVotes(LeaderElection.java:201)
	at org.apache.ratis.server.impl.LeaderElection.run(LeaderElection.java:133)
	at java.lang.Thread.run(Thread.java:748)
Caused by: org.apache.ratis.thirdparty.io.grpc.StatusRuntimeException: UNAVAILABLE: io exception
	at org.apache.ratis.thirdparty.io.grpc.stub.ClientCalls.toStatusRuntimeException(ClientCalls.java:233)
	at org.apache.ratis.thirdparty.io.grpc.stub.ClientCalls.getUnchecked(ClientCalls.java:214)
	at org.apache.ratis.thirdparty.io.grpc.stub.ClientCalls.blockingUnaryCall(ClientCalls.java:139)
	at org.apache.ratis.proto.grpc.RaftServerProtocolServiceGrpc$RaftServerProtocolServiceBlockingStub.requestVote(RaftServerProtocolServiceGrpc.java:265)
	at org.apache.ratis.grpc.server.GrpcServerProtocolClient.requestVote(GrpcServerProtocolClient.java:90)
	at org.apache.ratis.grpc.server.GrpcService.requestVote(GrpcService.java:204)
	at org.apache.ratis.server.impl.LeaderElection.lambda$submitRequests$1(LeaderElection.java:238)
	at java.util.concurrent.FutureTask.run(FutureTask.java:266)
	at java.util.concurrent.Executors$RunnableAdapter.call(Executors.java:511)
	at java.util.concurrent.FutureTask.run(FutureTask.java:266)
	at java.util.concurrent.ThreadPoolExecutor.runWorker(ThreadPoolExecutor.java:1149)
	at java.util.concurrent.ThreadPoolExecutor$Worker.run(ThreadPoolExecutor.java:624)
	... 1 more
Caused by: org.apache.ratis.thirdparty.io.netty.channel.AbstractChannel$AnnotatedConnectException: Connection refused: /192.168.5.148:45815
	at sun.nio.ch.SocketChannelImpl.checkConnect(Native Method)
	at sun.nio.ch.SocketChannelImpl.finishConnect(SocketChannelImpl.java:717)
	at org.apache.ratis.thirdparty.io.netty.channel.socket.nio.NioSocketChannel.doFinishConnect(NioSocketChannel.java:327)
	at org.apache.ratis.thirdparty.io.netty.channel.nio.AbstractNioChannel$AbstractNioUnsafe.finishConnect(AbstractNioChannel.java:340)
	at org.apache.ratis.thirdparty.io.netty.channel.nio.NioEventLoop.processSelectedKey(NioEventLoop.java:632)
	at org.apache.ratis.thirdparty.io.netty.channel.nio.NioEventLoop.processSelectedKeysOptimized(NioEventLoop.java:579)
	at org.apache.ratis.thirdparty.io.netty.channel.nio.NioEventLoop.processSelectedKeys(NioEventLoop.java:496)
	at org.apache.ratis.thirdparty.io.netty.channel.nio.NioEventLoop.run(NioEventLoop.java:458)
	at org.apache.ratis.thirdparty.io.netty.util.concurrent.SingleThreadEventExecutor$5.run(SingleThreadEventExecutor.java:897)
	at org.apache.ratis.thirdparty.io.netty.util.concurrent.FastThreadLocalRunnable.run(FastThreadLocalRunnable.java:30)
	... 1 more
Caused by: java.net.ConnectException: Connection refused
	... 11 more
2019-09-24 19:08:56,895 [0c8dc4a6-8d6b-4759-9996-474f61414cd5@group-24C9ADE1A15D:LeaderElection239] INFO  impl.LeaderElection (LogUtils.java:infoOrTrace(149)) -   Exception 1: {}
java.util.concurrent.ExecutionException: org.apache.ratis.thirdparty.io.grpc.StatusRuntimeException: UNAVAILABLE: io exception
	at java.util.concurrent.FutureTask.report(FutureTask.java:122)
	at java.util.concurrent.FutureTask.get(FutureTask.java:192)
	at org.apache.ratis.server.impl.LeaderElection.waitForResults(LeaderElection.java:263)
	at org.apache.ratis.server.impl.LeaderElection.askForVotes(LeaderElection.java:201)
	at org.apache.ratis.server.impl.LeaderElection.run(LeaderElection.java:133)
	at java.lang.Thread.run(Thread.java:748)
Caused by: org.apache.ratis.thirdparty.io.grpc.StatusRuntimeException: UNAVAILABLE: io exception
	at org.apache.ratis.thirdparty.io.grpc.stub.ClientCalls.toStatusRuntimeException(ClientCalls.java:233)
	at org.apache.ratis.thirdparty.io.grpc.stub.ClientCalls.getUnchecked(ClientCalls.java:214)
	at org.apache.ratis.thirdparty.io.grpc.stub.ClientCalls.blockingUnaryCall(ClientCalls.java:139)
	at org.apache.ratis.proto.grpc.RaftServerProtocolServiceGrpc$RaftServerProtocolServiceBlockingStub.requestVote(RaftServerProtocolServiceGrpc.java:265)
	at org.apache.ratis.grpc.server.GrpcServerProtocolClient.requestVote(GrpcServerProtocolClient.java:90)
	at org.apache.ratis.grpc.server.GrpcService.requestVote(GrpcService.java:204)
	at org.apache.ratis.server.impl.LeaderElection.lambda$submitRequests$1(LeaderElection.java:238)
	at java.util.concurrent.FutureTask.run(FutureTask.java:266)
	at java.util.concurrent.Executors$RunnableAdapter.call(Executors.java:511)
	at java.util.concurrent.FutureTask.run(FutureTask.java:266)
	at java.util.concurrent.ThreadPoolExecutor.runWorker(ThreadPoolExecutor.java:1149)
	at java.util.concurrent.ThreadPoolExecutor$Worker.run(ThreadPoolExecutor.java:624)
	... 1 more
Caused by: org.apache.ratis.thirdparty.io.netty.channel.AbstractChannel$AnnotatedConnectException: Connection refused: /192.168.5.148:45815
	at sun.nio.ch.SocketChannelImpl.checkConnect(Native Method)
	at sun.nio.ch.SocketChannelImpl.finishConnect(SocketChannelImpl.java:717)
	at org.apache.ratis.thirdparty.io.netty.channel.socket.nio.NioSocketChannel.doFinishConnect(NioSocketChannel.java:327)
	at org.apache.ratis.thirdparty.io.netty.channel.nio.AbstractNioChannel$AbstractNioUnsafe.finishConnect(AbstractNioChannel.java:340)
	at org.apache.ratis.thirdparty.io.netty.channel.nio.NioEventLoop.processSelectedKey(NioEventLoop.java:632)
	at org.apache.ratis.thirdparty.io.netty.channel.nio.NioEventLoop.processSelectedKeysOptimized(NioEventLoop.java:579)
	at org.apache.ratis.thirdparty.io.netty.channel.nio.NioEventLoop.processSelectedKeys(NioEventLoop.java:496)
	at org.apache.ratis.thirdparty.io.netty.channel.nio.NioEventLoop.run(NioEventLoop.java:458)
	at org.apache.ratis.thirdparty.io.netty.util.concurrent.SingleThreadEventExecutor$5.run(SingleThreadEventExecutor.java:897)
	at org.apache.ratis.thirdparty.io.netty.util.concurrent.FastThreadLocalRunnable.run(FastThreadLocalRunnable.java:30)
	... 1 more
Caused by: java.net.ConnectException: Connection refused
	... 11 more
2019-09-24 19:08:56,896 [0c8dc4a6-8d6b-4759-9996-474f61414cd5@group-DD0F18FA726D:LeaderElection238] INFO  impl.RaftServerImpl (RaftServerImpl.java:setRole(174)) - 0c8dc4a6-8d6b-4759-9996-474f61414cd5@group-DD0F18FA726D: changes role from CANDIDATE to FOLLOWER at term 4 for DISCOVERED_A_NEW_TERM
2019-09-24 19:08:56,897 [0c8dc4a6-8d6b-4759-9996-474f61414cd5@group-24C9ADE1A15D:LeaderElection239] INFO  impl.RaftServerImpl (RaftServerImpl.java:setRole(174)) - 0c8dc4a6-8d6b-4759-9996-474f61414cd5@group-24C9ADE1A15D: changes role from CANDIDATE to FOLLOWER at term 4 for DISCOVERED_A_NEW_TERM
2019-09-24 19:08:56,897 [0c8dc4a6-8d6b-4759-9996-474f61414cd5@group-DD0F18FA726D:LeaderElection238] INFO  impl.RoleInfo (RoleInfo.java:shutdownLeaderElection(134)) - 0c8dc4a6-8d6b-4759-9996-474f61414cd5: shutdown LeaderElection
2019-09-24 19:08:56,897 [0c8dc4a6-8d6b-4759-9996-474f61414cd5@group-24C9ADE1A15D:LeaderElection239] INFO  impl.RoleInfo (RoleInfo.java:shutdownLeaderElection(134)) - 0c8dc4a6-8d6b-4759-9996-474f61414cd5: shutdown LeaderElection
2019-09-24 19:08:56,897 [0c8dc4a6-8d6b-4759-9996-474f61414cd5@group-DD0F18FA726D:LeaderElection238] INFO  impl.RoleInfo (RoleInfo.java:updateAndGet(143)) - 0c8dc4a6-8d6b-4759-9996-474f61414cd5: start FollowerState
2019-09-24 19:08:56,897 [0c8dc4a6-8d6b-4759-9996-474f61414cd5@group-24C9ADE1A15D:LeaderElection239] INFO  impl.RoleInfo (RoleInfo.java:updateAndGet(143)) - 0c8dc4a6-8d6b-4759-9996-474f61414cd5: start FollowerState
2019-09-24 19:08:57,912 [Thread-3632] INFO  impl.FollowerState (FollowerState.java:run(106)) - 0c8dc4a6-8d6b-4759-9996-474f61414cd5:group-24C9ADE1A15D changes to CANDIDATE, lastRpcTime:1014, electionTimeout:1014ms
2019-09-24 19:08:57,912 [Thread-3632] INFO  impl.RoleInfo (RoleInfo.java:shutdownFollowerState(121)) - 0c8dc4a6-8d6b-4759-9996-474f61414cd5: shutdown FollowerState
2019-09-24 19:08:57,912 [Thread-3632] INFO  impl.RaftServerImpl (RaftServerImpl.java:setRole(174)) - 0c8dc4a6-8d6b-4759-9996-474f61414cd5@group-24C9ADE1A15D: changes role from  FOLLOWER to CANDIDATE at term 4 for changeToCandidate
2019-09-24 19:08:57,913 [Thread-3632] INFO  impl.RoleInfo (RoleInfo.java:updateAndGet(143)) - 0c8dc4a6-8d6b-4759-9996-474f61414cd5: start LeaderElection
2019-09-24 19:08:58,023 [Thread-3631] INFO  impl.FollowerState (FollowerState.java:run(106)) - 0c8dc4a6-8d6b-4759-9996-474f61414cd5:group-DD0F18FA726D changes to CANDIDATE, lastRpcTime:1125, electionTimeout:1125ms
2019-09-24 19:08:58,023 [Thread-3631] INFO  impl.RoleInfo (RoleInfo.java:shutdownFollowerState(121)) - 0c8dc4a6-8d6b-4759-9996-474f61414cd5: shutdown FollowerState
2019-09-24 19:08:58,023 [Thread-3631] INFO  impl.RaftServerImpl (RaftServerImpl.java:setRole(174)) - 0c8dc4a6-8d6b-4759-9996-474f61414cd5@group-DD0F18FA726D: changes role from  FOLLOWER to CANDIDATE at term 4 for changeToCandidate
2019-09-24 19:08:58,023 [Thread-3631] INFO  impl.RoleInfo (RoleInfo.java:updateAndGet(143)) - 0c8dc4a6-8d6b-4759-9996-474f61414cd5: start LeaderElection
2019-09-24 19:08:58,319 [0c8dc4a6-8d6b-4759-9996-474f61414cd5@group-DD0F18FA726D:LeaderElection241] INFO  impl.LeaderElection (LeaderElection.java:askForVotes(182)) - 0c8dc4a6-8d6b-4759-9996-474f61414cd5@group-DD0F18FA726D:LeaderElection241: begin an election at term 5 for -1: [2301f1b0-893f-4443-acec-e918286f3c24:192.168.5.148:45459, 2e29e414-edf9-4b10-a5cb-2050908d7d76:192.168.5.148:45815, 0c8dc4a6-8d6b-4759-9996-474f61414cd5:192.168.5.148:45865], old=null
2019-09-24 19:08:58,319 [0c8dc4a6-8d6b-4759-9996-474f61414cd5@group-24C9ADE1A15D:LeaderElection240] INFO  impl.LeaderElection (LeaderElection.java:askForVotes(182)) - 0c8dc4a6-8d6b-4759-9996-474f61414cd5@group-24C9ADE1A15D:LeaderElection240: begin an election at term 5 for -1: [2301f1b0-893f-4443-acec-e918286f3c24:192.168.5.148:45459, 2e29e414-edf9-4b10-a5cb-2050908d7d76:192.168.5.148:45815, 0c8dc4a6-8d6b-4759-9996-474f61414cd5:192.168.5.148:45865], old=null
2019-09-24 19:08:58,320 [0c8dc4a6-8d6b-4759-9996-474f61414cd5@group-DD0F18FA726D:LeaderElection241] INFO  impl.LeaderElection (LogUtils.java:infoOrTrace(149)) - 0c8dc4a6-8d6b-4759-9996-474f61414cd5@group-DD0F18FA726D:LeaderElection241 got exception when requesting votes: {}
java.util.concurrent.ExecutionException: org.apache.ratis.thirdparty.io.grpc.StatusRuntimeException: UNAVAILABLE: io exception
	at java.util.concurrent.FutureTask.report(FutureTask.java:122)
	at java.util.concurrent.FutureTask.get(FutureTask.java:192)
	at org.apache.ratis.server.impl.LeaderElection.waitForResults(LeaderElection.java:263)
	at org.apache.ratis.server.impl.LeaderElection.askForVotes(LeaderElection.java:201)
	at org.apache.ratis.server.impl.LeaderElection.run(LeaderElection.java:133)
	at java.lang.Thread.run(Thread.java:748)
Caused by: org.apache.ratis.thirdparty.io.grpc.StatusRuntimeException: UNAVAILABLE: io exception
	at org.apache.ratis.thirdparty.io.grpc.stub.ClientCalls.toStatusRuntimeException(ClientCalls.java:233)
	at org.apache.ratis.thirdparty.io.grpc.stub.ClientCalls.getUnchecked(ClientCalls.java:214)
	at org.apache.ratis.thirdparty.io.grpc.stub.ClientCalls.blockingUnaryCall(ClientCalls.java:139)
	at org.apache.ratis.proto.grpc.RaftServerProtocolServiceGrpc$RaftServerProtocolServiceBlockingStub.requestVote(RaftServerProtocolServiceGrpc.java:265)
	at org.apache.ratis.grpc.server.GrpcServerProtocolClient.requestVote(GrpcServerProtocolClient.java:90)
	at org.apache.ratis.grpc.server.GrpcService.requestVote(GrpcService.java:204)
	at org.apache.ratis.server.impl.LeaderElection.lambda$submitRequests$1(LeaderElection.java:238)
	at java.util.concurrent.FutureTask.run(FutureTask.java:266)
	at java.util.concurrent.Executors$RunnableAdapter.call(Executors.java:511)
	at java.util.concurrent.FutureTask.run(FutureTask.java:266)
	at java.util.concurrent.ThreadPoolExecutor.runWorker(ThreadPoolExecutor.java:1149)
	at java.util.concurrent.ThreadPoolExecutor$Worker.run(ThreadPoolExecutor.java:624)
	... 1 more
Caused by: org.apache.ratis.thirdparty.io.netty.channel.AbstractChannel$AnnotatedConnectException: Connection refused: /192.168.5.148:45459
	at sun.nio.ch.SocketChannelImpl.checkConnect(Native Method)
	at sun.nio.ch.SocketChannelImpl.finishConnect(SocketChannelImpl.java:717)
	at org.apache.ratis.thirdparty.io.netty.channel.socket.nio.NioSocketChannel.doFinishConnect(NioSocketChannel.java:327)
	at org.apache.ratis.thirdparty.io.netty.channel.nio.AbstractNioChannel$AbstractNioUnsafe.finishConnect(AbstractNioChannel.java:340)
	at org.apache.ratis.thirdparty.io.netty.channel.nio.NioEventLoop.processSelectedKey(NioEventLoop.java:632)
	at org.apache.ratis.thirdparty.io.netty.channel.nio.NioEventLoop.processSelectedKeysOptimized(NioEventLoop.java:579)
	at org.apache.ratis.thirdparty.io.netty.channel.nio.NioEventLoop.processSelectedKeys(NioEventLoop.java:496)
	at org.apache.ratis.thirdparty.io.netty.channel.nio.NioEventLoop.run(NioEventLoop.java:458)
	at org.apache.ratis.thirdparty.io.netty.util.concurrent.SingleThreadEventExecutor$5.run(SingleThreadEventExecutor.java:897)
	at org.apache.ratis.thirdparty.io.netty.util.concurrent.FastThreadLocalRunnable.run(FastThreadLocalRunnable.java:30)
	... 1 more
Caused by: java.net.ConnectException: Connection refused
	... 11 more
2019-09-24 19:08:58,321 [0c8dc4a6-8d6b-4759-9996-474f61414cd5@group-24C9ADE1A15D:LeaderElection240] INFO  impl.LeaderElection (LogUtils.java:infoOrTrace(149)) - 0c8dc4a6-8d6b-4759-9996-474f61414cd5@group-24C9ADE1A15D:LeaderElection240 got exception when requesting votes: {}
java.util.concurrent.ExecutionException: org.apache.ratis.thirdparty.io.grpc.StatusRuntimeException: UNAVAILABLE: io exception
	at java.util.concurrent.FutureTask.report(FutureTask.java:122)
	at java.util.concurrent.FutureTask.get(FutureTask.java:192)
	at org.apache.ratis.server.impl.LeaderElection.waitForResults(LeaderElection.java:263)
	at org.apache.ratis.server.impl.LeaderElection.askForVotes(LeaderElection.java:201)
	at org.apache.ratis.server.impl.LeaderElection.run(LeaderElection.java:133)
	at java.lang.Thread.run(Thread.java:748)
Caused by: org.apache.ratis.thirdparty.io.grpc.StatusRuntimeException: UNAVAILABLE: io exception
	at org.apache.ratis.thirdparty.io.grpc.stub.ClientCalls.toStatusRuntimeException(ClientCalls.java:233)
	at org.apache.ratis.thirdparty.io.grpc.stub.ClientCalls.getUnchecked(ClientCalls.java:214)
	at org.apache.ratis.thirdparty.io.grpc.stub.ClientCalls.blockingUnaryCall(ClientCalls.java:139)
	at org.apache.ratis.proto.grpc.RaftServerProtocolServiceGrpc$RaftServerProtocolServiceBlockingStub.requestVote(RaftServerProtocolServiceGrpc.java:265)
	at org.apache.ratis.grpc.server.GrpcServerProtocolClient.requestVote(GrpcServerProtocolClient.java:90)
	at org.apache.ratis.grpc.server.GrpcService.requestVote(GrpcService.java:204)
	at org.apache.ratis.server.impl.LeaderElection.lambda$submitRequests$1(LeaderElection.java:238)
	at java.util.concurrent.FutureTask.run(FutureTask.java:266)
	at java.util.concurrent.Executors$RunnableAdapter.call(Executors.java:511)
	at java.util.concurrent.FutureTask.run(FutureTask.java:266)
	at java.util.concurrent.ThreadPoolExecutor.runWorker(ThreadPoolExecutor.java:1149)
	at java.util.concurrent.ThreadPoolExecutor$Worker.run(ThreadPoolExecutor.java:624)
	... 1 more
Caused by: org.apache.ratis.thirdparty.io.netty.channel.AbstractChannel$AnnotatedConnectException: Connection refused: /192.168.5.148:45459
	at sun.nio.ch.SocketChannelImpl.checkConnect(Native Method)
	at sun.nio.ch.SocketChannelImpl.finishConnect(SocketChannelImpl.java:717)
	at org.apache.ratis.thirdparty.io.netty.channel.socket.nio.NioSocketChannel.doFinishConnect(NioSocketChannel.java:327)
	at org.apache.ratis.thirdparty.io.netty.channel.nio.AbstractNioChannel$AbstractNioUnsafe.finishConnect(AbstractNioChannel.java:340)
	at org.apache.ratis.thirdparty.io.netty.channel.nio.NioEventLoop.processSelectedKey(NioEventLoop.java:632)
	at org.apache.ratis.thirdparty.io.netty.channel.nio.NioEventLoop.processSelectedKeysOptimized(NioEventLoop.java:579)
	at org.apache.ratis.thirdparty.io.netty.channel.nio.NioEventLoop.processSelectedKeys(NioEventLoop.java:496)
	at org.apache.ratis.thirdparty.io.netty.channel.nio.NioEventLoop.run(NioEventLoop.java:458)
	at org.apache.ratis.thirdparty.io.netty.util.concurrent.SingleThreadEventExecutor$5.run(SingleThreadEventExecutor.java:897)
	at org.apache.ratis.thirdparty.io.netty.util.concurrent.FastThreadLocalRunnable.run(FastThreadLocalRunnable.java:30)
	... 1 more
Caused by: java.net.ConnectException: Connection refused
	... 11 more
2019-09-24 19:08:58,321 [0c8dc4a6-8d6b-4759-9996-474f61414cd5@group-DD0F18FA726D:LeaderElection241] INFO  impl.LeaderElection (LogUtils.java:infoOrTrace(149)) - 0c8dc4a6-8d6b-4759-9996-474f61414cd5@group-DD0F18FA726D:LeaderElection241 got exception when requesting votes: {}
java.util.concurrent.ExecutionException: org.apache.ratis.thirdparty.io.grpc.StatusRuntimeException: UNAVAILABLE: io exception
	at java.util.concurrent.FutureTask.report(FutureTask.java:122)
	at java.util.concurrent.FutureTask.get(FutureTask.java:192)
	at org.apache.ratis.server.impl.LeaderElection.waitForResults(LeaderElection.java:263)
	at org.apache.ratis.server.impl.LeaderElection.askForVotes(LeaderElection.java:201)
	at org.apache.ratis.server.impl.LeaderElection.run(LeaderElection.java:133)
	at java.lang.Thread.run(Thread.java:748)
Caused by: org.apache.ratis.thirdparty.io.grpc.StatusRuntimeException: UNAVAILABLE: io exception
	at org.apache.ratis.thirdparty.io.grpc.stub.ClientCalls.toStatusRuntimeException(ClientCalls.java:233)
	at org.apache.ratis.thirdparty.io.grpc.stub.ClientCalls.getUnchecked(ClientCalls.java:214)
	at org.apache.ratis.thirdparty.io.grpc.stub.ClientCalls.blockingUnaryCall(ClientCalls.java:139)
	at org.apache.ratis.proto.grpc.RaftServerProtocolServiceGrpc$RaftServerProtocolServiceBlockingStub.requestVote(RaftServerProtocolServiceGrpc.java:265)
	at org.apache.ratis.grpc.server.GrpcServerProtocolClient.requestVote(GrpcServerProtocolClient.java:90)
	at org.apache.ratis.grpc.server.GrpcService.requestVote(GrpcService.java:204)
	at org.apache.ratis.server.impl.LeaderElection.lambda$submitRequests$1(LeaderElection.java:238)
	at java.util.concurrent.FutureTask.run(FutureTask.java:266)
	at java.util.concurrent.Executors$RunnableAdapter.call(Executors.java:511)
	at java.util.concurrent.FutureTask.run(FutureTask.java:266)
	at java.util.concurrent.ThreadPoolExecutor.runWorker(ThreadPoolExecutor.java:1149)
	at java.util.concurrent.ThreadPoolExecutor$Worker.run(ThreadPoolExecutor.java:624)
	... 1 more
Caused by: org.apache.ratis.thirdparty.io.netty.channel.AbstractChannel$AnnotatedConnectException: Connection refused: /192.168.5.148:45815
	at sun.nio.ch.SocketChannelImpl.checkConnect(Native Method)
	at sun.nio.ch.SocketChannelImpl.finishConnect(SocketChannelImpl.java:717)
	at org.apache.ratis.thirdparty.io.netty.channel.socket.nio.NioSocketChannel.doFinishConnect(NioSocketChannel.java:327)
	at org.apache.ratis.thirdparty.io.netty.channel.nio.AbstractNioChannel$AbstractNioUnsafe.finishConnect(AbstractNioChannel.java:340)
	at org.apache.ratis.thirdparty.io.netty.channel.nio.NioEventLoop.processSelectedKey(NioEventLoop.java:632)
	at org.apache.ratis.thirdparty.io.netty.channel.nio.NioEventLoop.processSelectedKeysOptimized(NioEventLoop.java:579)
	at org.apache.ratis.thirdparty.io.netty.channel.nio.NioEventLoop.processSelectedKeys(NioEventLoop.java:496)
	at org.apache.ratis.thirdparty.io.netty.channel.nio.NioEventLoop.run(NioEventLoop.java:458)
	at org.apache.ratis.thirdparty.io.netty.util.concurrent.SingleThreadEventExecutor$5.run(SingleThreadEventExecutor.java:897)
	at org.apache.ratis.thirdparty.io.netty.util.concurrent.FastThreadLocalRunnable.run(FastThreadLocalRunnable.java:30)
	... 1 more
Caused by: java.net.ConnectException: Connection refused
	... 11 more
2019-09-24 19:08:58,322 [0c8dc4a6-8d6b-4759-9996-474f61414cd5@group-24C9ADE1A15D:LeaderElection240] INFO  impl.LeaderElection (LogUtils.java:infoOrTrace(149)) - 0c8dc4a6-8d6b-4759-9996-474f61414cd5@group-24C9ADE1A15D:LeaderElection240 got exception when requesting votes: {}
java.util.concurrent.ExecutionException: org.apache.ratis.thirdparty.io.grpc.StatusRuntimeException: UNAVAILABLE: io exception
	at java.util.concurrent.FutureTask.report(FutureTask.java:122)
	at java.util.concurrent.FutureTask.get(FutureTask.java:192)
	at org.apache.ratis.server.impl.LeaderElection.waitForResults(LeaderElection.java:263)
	at org.apache.ratis.server.impl.LeaderElection.askForVotes(LeaderElection.java:201)
	at org.apache.ratis.server.impl.LeaderElection.run(LeaderElection.java:133)
	at java.lang.Thread.run(Thread.java:748)
Caused by: org.apache.ratis.thirdparty.io.grpc.StatusRuntimeException: UNAVAILABLE: io exception
	at org.apache.ratis.thirdparty.io.grpc.stub.ClientCalls.toStatusRuntimeException(ClientCalls.java:233)
	at org.apache.ratis.thirdparty.io.grpc.stub.ClientCalls.getUnchecked(ClientCalls.java:214)
	at org.apache.ratis.thirdparty.io.grpc.stub.ClientCalls.blockingUnaryCall(ClientCalls.java:139)
	at org.apache.ratis.proto.grpc.RaftServerProtocolServiceGrpc$RaftServerProtocolServiceBlockingStub.requestVote(RaftServerProtocolServiceGrpc.java:265)
	at org.apache.ratis.grpc.server.GrpcServerProtocolClient.requestVote(GrpcServerProtocolClient.java:90)
	at org.apache.ratis.grpc.server.GrpcService.requestVote(GrpcService.java:204)
	at org.apache.ratis.server.impl.LeaderElection.lambda$submitRequests$1(LeaderElection.java:238)
	at java.util.concurrent.FutureTask.run(FutureTask.java:266)
	at java.util.concurrent.Executors$RunnableAdapter.call(Executors.java:511)
	at java.util.concurrent.FutureTask.run(FutureTask.java:266)
	at java.util.concurrent.ThreadPoolExecutor.runWorker(ThreadPoolExecutor.java:1149)
	at java.util.concurrent.ThreadPoolExecutor$Worker.run(ThreadPoolExecutor.java:624)
	... 1 more
Caused by: org.apache.ratis.thirdparty.io.netty.channel.AbstractChannel$AnnotatedConnectException: Connection refused: /192.168.5.148:45815
	at sun.nio.ch.SocketChannelImpl.checkConnect(Native Method)
	at sun.nio.ch.SocketChannelImpl.finishConnect(SocketChannelImpl.java:717)
	at org.apache.ratis.thirdparty.io.netty.channel.socket.nio.NioSocketChannel.doFinishConnect(NioSocketChannel.java:327)
	at org.apache.ratis.thirdparty.io.netty.channel.nio.AbstractNioChannel$AbstractNioUnsafe.finishConnect(AbstractNioChannel.java:340)
	at org.apache.ratis.thirdparty.io.netty.channel.nio.NioEventLoop.processSelectedKey(NioEventLoop.java:632)
	at org.apache.ratis.thirdparty.io.netty.channel.nio.NioEventLoop.processSelectedKeysOptimized(NioEventLoop.java:579)
	at org.apache.ratis.thirdparty.io.netty.channel.nio.NioEventLoop.processSelectedKeys(NioEventLoop.java:496)
	at org.apache.ratis.thirdparty.io.netty.channel.nio.NioEventLoop.run(NioEventLoop.java:458)
	at org.apache.ratis.thirdparty.io.netty.util.concurrent.SingleThreadEventExecutor$5.run(SingleThreadEventExecutor.java:897)
	at org.apache.ratis.thirdparty.io.netty.util.concurrent.FastThreadLocalRunnable.run(FastThreadLocalRunnable.java:30)
	... 1 more
Caused by: java.net.ConnectException: Connection refused
	... 11 more
2019-09-24 19:08:58,322 [0c8dc4a6-8d6b-4759-9996-474f61414cd5@group-DD0F18FA726D:LeaderElection241] INFO  impl.LeaderElection (LeaderElection.java:logAndReturn(56)) - 0c8dc4a6-8d6b-4759-9996-474f61414cd5@group-DD0F18FA726D:LeaderElection241: Election REJECTED; received 0 response(s) [] and 2 exception(s); 0c8dc4a6-8d6b-4759-9996-474f61414cd5@group-DD0F18FA726D:t5, leader=null, voted=0c8dc4a6-8d6b-4759-9996-474f61414cd5, raftlog=0c8dc4a6-8d6b-4759-9996-474f61414cd5@group-DD0F18FA726D-SegmentedRaftLog:OPENED:c-1,f-1,i0, conf=-1: [2301f1b0-893f-4443-acec-e918286f3c24:192.168.5.148:45459, 2e29e414-edf9-4b10-a5cb-2050908d7d76:192.168.5.148:45815, 0c8dc4a6-8d6b-4759-9996-474f61414cd5:192.168.5.148:45865], old=null
2019-09-24 19:08:58,323 [0c8dc4a6-8d6b-4759-9996-474f61414cd5@group-24C9ADE1A15D:LeaderElection240] INFO  impl.LeaderElection (LeaderElection.java:logAndReturn(56)) - 0c8dc4a6-8d6b-4759-9996-474f61414cd5@group-24C9ADE1A15D:LeaderElection240: Election REJECTED; received 0 response(s) [] and 2 exception(s); 0c8dc4a6-8d6b-4759-9996-474f61414cd5@group-24C9ADE1A15D:t5, leader=null, voted=0c8dc4a6-8d6b-4759-9996-474f61414cd5, raftlog=0c8dc4a6-8d6b-4759-9996-474f61414cd5@group-24C9ADE1A15D-SegmentedRaftLog:OPENED:c-1,f-1,i0, conf=-1: [2301f1b0-893f-4443-acec-e918286f3c24:192.168.5.148:45459, 2e29e414-edf9-4b10-a5cb-2050908d7d76:192.168.5.148:45815, 0c8dc4a6-8d6b-4759-9996-474f61414cd5:192.168.5.148:45865], old=null
2019-09-24 19:08:58,323 [0c8dc4a6-8d6b-4759-9996-474f61414cd5@group-DD0F18FA726D:LeaderElection241] INFO  impl.LeaderElection (LogUtils.java:infoOrTrace(149)) -   Exception 0: {}
java.util.concurrent.ExecutionException: org.apache.ratis.thirdparty.io.grpc.StatusRuntimeException: UNAVAILABLE: io exception
	at java.util.concurrent.FutureTask.report(FutureTask.java:122)
	at java.util.concurrent.FutureTask.get(FutureTask.java:192)
	at org.apache.ratis.server.impl.LeaderElection.waitForResults(LeaderElection.java:263)
	at org.apache.ratis.server.impl.LeaderElection.askForVotes(LeaderElection.java:201)
	at org.apache.ratis.server.impl.LeaderElection.run(LeaderElection.java:133)
	at java.lang.Thread.run(Thread.java:748)
Caused by: org.apache.ratis.thirdparty.io.grpc.StatusRuntimeException: UNAVAILABLE: io exception
	at org.apache.ratis.thirdparty.io.grpc.stub.ClientCalls.toStatusRuntimeException(ClientCalls.java:233)
	at org.apache.ratis.thirdparty.io.grpc.stub.ClientCalls.getUnchecked(ClientCalls.java:214)
	at org.apache.ratis.thirdparty.io.grpc.stub.ClientCalls.blockingUnaryCall(ClientCalls.java:139)
	at org.apache.ratis.proto.grpc.RaftServerProtocolServiceGrpc$RaftServerProtocolServiceBlockingStub.requestVote(RaftServerProtocolServiceGrpc.java:265)
	at org.apache.ratis.grpc.server.GrpcServerProtocolClient.requestVote(GrpcServerProtocolClient.java:90)
	at org.apache.ratis.grpc.server.GrpcService.requestVote(GrpcService.java:204)
	at org.apache.ratis.server.impl.LeaderElection.lambda$submitRequests$1(LeaderElection.java:238)
	at java.util.concurrent.FutureTask.run(FutureTask.java:266)
	at java.util.concurrent.Executors$RunnableAdapter.call(Executors.java:511)
	at java.util.concurrent.FutureTask.run(FutureTask.java:266)
	at java.util.concurrent.ThreadPoolExecutor.runWorker(ThreadPoolExecutor.java:1149)
	at java.util.concurrent.ThreadPoolExecutor$Worker.run(ThreadPoolExecutor.java:624)
	... 1 more
Caused by: org.apache.ratis.thirdparty.io.netty.channel.AbstractChannel$AnnotatedConnectException: Connection refused: /192.168.5.148:45459
	at sun.nio.ch.SocketChannelImpl.checkConnect(Native Method)
	at sun.nio.ch.SocketChannelImpl.finishConnect(SocketChannelImpl.java:717)
	at org.apache.ratis.thirdparty.io.netty.channel.socket.nio.NioSocketChannel.doFinishConnect(NioSocketChannel.java:327)
	at org.apache.ratis.thirdparty.io.netty.channel.nio.AbstractNioChannel$AbstractNioUnsafe.finishConnect(AbstractNioChannel.java:340)
	at org.apache.ratis.thirdparty.io.netty.channel.nio.NioEventLoop.processSelectedKey(NioEventLoop.java:632)
	at org.apache.ratis.thirdparty.io.netty.channel.nio.NioEventLoop.processSelectedKeysOptimized(NioEventLoop.java:579)
	at org.apache.ratis.thirdparty.io.netty.channel.nio.NioEventLoop.processSelectedKeys(NioEventLoop.java:496)
	at org.apache.ratis.thirdparty.io.netty.channel.nio.NioEventLoop.run(NioEventLoop.java:458)
	at org.apache.ratis.thirdparty.io.netty.util.concurrent.SingleThreadEventExecutor$5.run(SingleThreadEventExecutor.java:897)
	at org.apache.ratis.thirdparty.io.netty.util.concurrent.FastThreadLocalRunnable.run(FastThreadLocalRunnable.java:30)
	... 1 more
Caused by: java.net.ConnectException: Connection refused
	... 11 more
2019-09-24 19:08:58,323 [0c8dc4a6-8d6b-4759-9996-474f61414cd5@group-24C9ADE1A15D:LeaderElection240] INFO  impl.LeaderElection (LogUtils.java:infoOrTrace(149)) -   Exception 0: {}
java.util.concurrent.ExecutionException: org.apache.ratis.thirdparty.io.grpc.StatusRuntimeException: UNAVAILABLE: io exception
	at java.util.concurrent.FutureTask.report(FutureTask.java:122)
	at java.util.concurrent.FutureTask.get(FutureTask.java:192)
	at org.apache.ratis.server.impl.LeaderElection.waitForResults(LeaderElection.java:263)
	at org.apache.ratis.server.impl.LeaderElection.askForVotes(LeaderElection.java:201)
	at org.apache.ratis.server.impl.LeaderElection.run(LeaderElection.java:133)
	at java.lang.Thread.run(Thread.java:748)
Caused by: org.apache.ratis.thirdparty.io.grpc.StatusRuntimeException: UNAVAILABLE: io exception
	at org.apache.ratis.thirdparty.io.grpc.stub.ClientCalls.toStatusRuntimeException(ClientCalls.java:233)
	at org.apache.ratis.thirdparty.io.grpc.stub.ClientCalls.getUnchecked(ClientCalls.java:214)
	at org.apache.ratis.thirdparty.io.grpc.stub.ClientCalls.blockingUnaryCall(ClientCalls.java:139)
	at org.apache.ratis.proto.grpc.RaftServerProtocolServiceGrpc$RaftServerProtocolServiceBlockingStub.requestVote(RaftServerProtocolServiceGrpc.java:265)
	at org.apache.ratis.grpc.server.GrpcServerProtocolClient.requestVote(GrpcServerProtocolClient.java:90)
	at org.apache.ratis.grpc.server.GrpcService.requestVote(GrpcService.java:204)
	at org.apache.ratis.server.impl.LeaderElection.lambda$submitRequests$1(LeaderElection.java:238)
	at java.util.concurrent.FutureTask.run(FutureTask.java:266)
	at java.util.concurrent.Executors$RunnableAdapter.call(Executors.java:511)
	at java.util.concurrent.FutureTask.run(FutureTask.java:266)
	at java.util.concurrent.ThreadPoolExecutor.runWorker(ThreadPoolExecutor.java:1149)
	at java.util.concurrent.ThreadPoolExecutor$Worker.run(ThreadPoolExecutor.java:624)
	... 1 more
Caused by: org.apache.ratis.thirdparty.io.netty.channel.AbstractChannel$AnnotatedConnectException: Connection refused: /192.168.5.148:45459
	at sun.nio.ch.SocketChannelImpl.checkConnect(Native Method)
	at sun.nio.ch.SocketChannelImpl.finishConnect(SocketChannelImpl.java:717)
	at org.apache.ratis.thirdparty.io.netty.channel.socket.nio.NioSocketChannel.doFinishConnect(NioSocketChannel.java:327)
	at org.apache.ratis.thirdparty.io.netty.channel.nio.AbstractNioChannel$AbstractNioUnsafe.finishConnect(AbstractNioChannel.java:340)
	at org.apache.ratis.thirdparty.io.netty.channel.nio.NioEventLoop.processSelectedKey(NioEventLoop.java:632)
	at org.apache.ratis.thirdparty.io.netty.channel.nio.NioEventLoop.processSelectedKeysOptimized(NioEventLoop.java:579)
	at org.apache.ratis.thirdparty.io.netty.channel.nio.NioEventLoop.processSelectedKeys(NioEventLoop.java:496)
	at org.apache.ratis.thirdparty.io.netty.channel.nio.NioEventLoop.run(NioEventLoop.java:458)
	at org.apache.ratis.thirdparty.io.netty.util.concurrent.SingleThreadEventExecutor$5.run(SingleThreadEventExecutor.java:897)
	at org.apache.ratis.thirdparty.io.netty.util.concurrent.FastThreadLocalRunnable.run(FastThreadLocalRunnable.java:30)
	... 1 more
Caused by: java.net.ConnectException: Connection refused
	... 11 more
2019-09-24 19:08:58,323 [0c8dc4a6-8d6b-4759-9996-474f61414cd5@group-DD0F18FA726D:LeaderElection241] INFO  impl.LeaderElection (LogUtils.java:infoOrTrace(149)) -   Exception 1: {}
java.util.concurrent.ExecutionException: org.apache.ratis.thirdparty.io.grpc.StatusRuntimeException: UNAVAILABLE: io exception
	at java.util.concurrent.FutureTask.report(FutureTask.java:122)
	at java.util.concurrent.FutureTask.get(FutureTask.java:192)
	at org.apache.ratis.server.impl.LeaderElection.waitForResults(LeaderElection.java:263)
	at org.apache.ratis.server.impl.LeaderElection.askForVotes(LeaderElection.java:201)
	at org.apache.ratis.server.impl.LeaderElection.run(LeaderElection.java:133)
	at java.lang.Thread.run(Thread.java:748)
Caused by: org.apache.ratis.thirdparty.io.grpc.StatusRuntimeException: UNAVAILABLE: io exception
	at org.apache.ratis.thirdparty.io.grpc.stub.ClientCalls.toStatusRuntimeException(ClientCalls.java:233)
	at org.apache.ratis.thirdparty.io.grpc.stub.ClientCalls.getUnchecked(ClientCalls.java:214)
	at org.apache.ratis.thirdparty.io.grpc.stub.ClientCalls.blockingUnaryCall(ClientCalls.java:139)
	at org.apache.ratis.proto.grpc.RaftServerProtocolServiceGrpc$RaftServerProtocolServiceBlockingStub.requestVote(RaftServerProtocolServiceGrpc.java:265)
	at org.apache.ratis.grpc.server.GrpcServerProtocolClient.requestVote(GrpcServerProtocolClient.java:90)
	at org.apache.ratis.grpc.server.GrpcService.requestVote(GrpcService.java:204)
	at org.apache.ratis.server.impl.LeaderElection.lambda$submitRequests$1(LeaderElection.java:238)
	at java.util.concurrent.FutureTask.run(FutureTask.java:266)
	at java.util.concurrent.Executors$RunnableAdapter.call(Executors.java:511)
	at java.util.concurrent.FutureTask.run(FutureTask.java:266)
	at java.util.concurrent.ThreadPoolExecutor.runWorker(ThreadPoolExecutor.java:1149)
	at java.util.concurrent.ThreadPoolExecutor$Worker.run(ThreadPoolExecutor.java:624)
	... 1 more
Caused by: org.apache.ratis.thirdparty.io.netty.channel.AbstractChannel$AnnotatedConnectException: Connection refused: /192.168.5.148:45815
	at sun.nio.ch.SocketChannelImpl.checkConnect(Native Method)
	at sun.nio.ch.SocketChannelImpl.finishConnect(SocketChannelImpl.java:717)
	at org.apache.ratis.thirdparty.io.netty.channel.socket.nio.NioSocketChannel.doFinishConnect(NioSocketChannel.java:327)
	at org.apache.ratis.thirdparty.io.netty.channel.nio.AbstractNioChannel$AbstractNioUnsafe.finishConnect(AbstractNioChannel.java:340)
	at org.apache.ratis.thirdparty.io.netty.channel.nio.NioEventLoop.processSelectedKey(NioEventLoop.java:632)
	at org.apache.ratis.thirdparty.io.netty.channel.nio.NioEventLoop.processSelectedKeysOptimized(NioEventLoop.java:579)
	at org.apache.ratis.thirdparty.io.netty.channel.nio.NioEventLoop.processSelectedKeys(NioEventLoop.java:496)
	at org.apache.ratis.thirdparty.io.netty.channel.nio.NioEventLoop.run(NioEventLoop.java:458)
	at org.apache.ratis.thirdparty.io.netty.util.concurrent.SingleThreadEventExecutor$5.run(SingleThreadEventExecutor.java:897)
	at org.apache.ratis.thirdparty.io.netty.util.concurrent.FastThreadLocalRunnable.run(FastThreadLocalRunnable.java:30)
	... 1 more
Caused by: java.net.ConnectException: Connection refused
	... 11 more
2019-09-24 19:08:58,324 [0c8dc4a6-8d6b-4759-9996-474f61414cd5@group-24C9ADE1A15D:LeaderElection240] INFO  impl.LeaderElection (LogUtils.java:infoOrTrace(149)) -   Exception 1: {}
java.util.concurrent.ExecutionException: org.apache.ratis.thirdparty.io.grpc.StatusRuntimeException: UNAVAILABLE: io exception
	at java.util.concurrent.FutureTask.report(FutureTask.java:122)
	at java.util.concurrent.FutureTask.get(FutureTask.java:192)
	at org.apache.ratis.server.impl.LeaderElection.waitForResults(LeaderElection.java:263)
	at org.apache.ratis.server.impl.LeaderElection.askForVotes(LeaderElection.java:201)
	at org.apache.ratis.server.impl.LeaderElection.run(LeaderElection.java:133)
	at java.lang.Thread.run(Thread.java:748)
Caused by: org.apache.ratis.thirdparty.io.grpc.StatusRuntimeException: UNAVAILABLE: io exception
	at org.apache.ratis.thirdparty.io.grpc.stub.ClientCalls.toStatusRuntimeException(ClientCalls.java:233)
	at org.apache.ratis.thirdparty.io.grpc.stub.ClientCalls.getUnchecked(ClientCalls.java:214)
	at org.apache.ratis.thirdparty.io.grpc.stub.ClientCalls.blockingUnaryCall(ClientCalls.java:139)
	at org.apache.ratis.proto.grpc.RaftServerProtocolServiceGrpc$RaftServerProtocolServiceBlockingStub.requestVote(RaftServerProtocolServiceGrpc.java:265)
	at org.apache.ratis.grpc.server.GrpcServerProtocolClient.requestVote(GrpcServerProtocolClient.java:90)
	at org.apache.ratis.grpc.server.GrpcService.requestVote(GrpcService.java:204)
	at org.apache.ratis.server.impl.LeaderElection.lambda$submitRequests$1(LeaderElection.java:238)
	at java.util.concurrent.FutureTask.run(FutureTask.java:266)
	at java.util.concurrent.Executors$RunnableAdapter.call(Executors.java:511)
	at java.util.concurrent.FutureTask.run(FutureTask.java:266)
	at java.util.concurrent.ThreadPoolExecutor.runWorker(ThreadPoolExecutor.java:1149)
	at java.util.concurrent.ThreadPoolExecutor$Worker.run(ThreadPoolExecutor.java:624)
	... 1 more
Caused by: org.apache.ratis.thirdparty.io.netty.channel.AbstractChannel$AnnotatedConnectException: Connection refused: /192.168.5.148:45815
	at sun.nio.ch.SocketChannelImpl.checkConnect(Native Method)
	at sun.nio.ch.SocketChannelImpl.finishConnect(SocketChannelImpl.java:717)
	at org.apache.ratis.thirdparty.io.netty.channel.socket.nio.NioSocketChannel.doFinishConnect(NioSocketChannel.java:327)
	at org.apache.ratis.thirdparty.io.netty.channel.nio.AbstractNioChannel$AbstractNioUnsafe.finishConnect(AbstractNioChannel.java:340)
	at org.apache.ratis.thirdparty.io.netty.channel.nio.NioEventLoop.processSelectedKey(NioEventLoop.java:632)
	at org.apache.ratis.thirdparty.io.netty.channel.nio.NioEventLoop.processSelectedKeysOptimized(NioEventLoop.java:579)
	at org.apache.ratis.thirdparty.io.netty.channel.nio.NioEventLoop.processSelectedKeys(NioEventLoop.java:496)
	at org.apache.ratis.thirdparty.io.netty.channel.nio.NioEventLoop.run(NioEventLoop.java:458)
	at org.apache.ratis.thirdparty.io.netty.util.concurrent.SingleThreadEventExecutor$5.run(SingleThreadEventExecutor.java:897)
	at org.apache.ratis.thirdparty.io.netty.util.concurrent.FastThreadLocalRunnable.run(FastThreadLocalRunnable.java:30)
	... 1 more
Caused by: java.net.ConnectException: Connection refused
	... 11 more
2019-09-24 19:08:58,324 [0c8dc4a6-8d6b-4759-9996-474f61414cd5@group-DD0F18FA726D:LeaderElection241] INFO  impl.RaftServerImpl (RaftServerImpl.java:setRole(174)) - 0c8dc4a6-8d6b-4759-9996-474f61414cd5@group-DD0F18FA726D: changes role from CANDIDATE to FOLLOWER at term 5 for DISCOVERED_A_NEW_TERM
2019-09-24 19:08:58,325 [0c8dc4a6-8d6b-4759-9996-474f61414cd5@group-24C9ADE1A15D:LeaderElection240] INFO  impl.RaftServerImpl (RaftServerImpl.java:setRole(174)) - 0c8dc4a6-8d6b-4759-9996-474f61414cd5@group-24C9ADE1A15D: changes role from CANDIDATE to FOLLOWER at term 5 for DISCOVERED_A_NEW_TERM
2019-09-24 19:08:58,325 [0c8dc4a6-8d6b-4759-9996-474f61414cd5@group-DD0F18FA726D:LeaderElection241] INFO  impl.RoleInfo (RoleInfo.java:shutdownLeaderElection(134)) - 0c8dc4a6-8d6b-4759-9996-474f61414cd5: shutdown LeaderElection
2019-09-24 19:08:58,325 [0c8dc4a6-8d6b-4759-9996-474f61414cd5@group-24C9ADE1A15D:LeaderElection240] INFO  impl.RoleInfo (RoleInfo.java:shutdownLeaderElection(134)) - 0c8dc4a6-8d6b-4759-9996-474f61414cd5: shutdown LeaderElection
2019-09-24 19:08:58,325 [0c8dc4a6-8d6b-4759-9996-474f61414cd5@group-DD0F18FA726D:LeaderElection241] INFO  impl.RoleInfo (RoleInfo.java:updateAndGet(143)) - 0c8dc4a6-8d6b-4759-9996-474f61414cd5: start FollowerState
2019-09-24 19:08:58,325 [0c8dc4a6-8d6b-4759-9996-474f61414cd5@group-24C9ADE1A15D:LeaderElection240] INFO  impl.RoleInfo (RoleInfo.java:updateAndGet(143)) - 0c8dc4a6-8d6b-4759-9996-474f61414cd5: start FollowerState
2019-09-24 19:08:59,335 [Thread-3639] INFO  impl.FollowerState (FollowerState.java:run(106)) - 0c8dc4a6-8d6b-4759-9996-474f61414cd5:group-DD0F18FA726D changes to CANDIDATE, lastRpcTime:1009, electionTimeout:1009ms
2019-09-24 19:08:59,335 [Thread-3639] INFO  impl.RoleInfo (RoleInfo.java:shutdownFollowerState(121)) - 0c8dc4a6-8d6b-4759-9996-474f61414cd5: shutdown FollowerState
2019-09-24 19:08:59,335 [Thread-3639] INFO  impl.RaftServerImpl (RaftServerImpl.java:setRole(174)) - 0c8dc4a6-8d6b-4759-9996-474f61414cd5@group-DD0F18FA726D: changes role from  FOLLOWER to CANDIDATE at term 5 for changeToCandidate
2019-09-24 19:08:59,335 [Thread-3639] INFO  impl.RoleInfo (RoleInfo.java:updateAndGet(143)) - 0c8dc4a6-8d6b-4759-9996-474f61414cd5: start LeaderElection
2019-09-24 19:08:59,350 [0c8dc4a6-8d6b-4759-9996-474f61414cd5@group-DD0F18FA726D:LeaderElection242] INFO  impl.LeaderElection (LeaderElection.java:askForVotes(182)) - 0c8dc4a6-8d6b-4759-9996-474f61414cd5@group-DD0F18FA726D:LeaderElection242: begin an election at term 6 for -1: [2301f1b0-893f-4443-acec-e918286f3c24:192.168.5.148:45459, 2e29e414-edf9-4b10-a5cb-2050908d7d76:192.168.5.148:45815, 0c8dc4a6-8d6b-4759-9996-474f61414cd5:192.168.5.148:45865], old=null
2019-09-24 19:08:59,351 [0c8dc4a6-8d6b-4759-9996-474f61414cd5@group-DD0F18FA726D:LeaderElection242] INFO  impl.LeaderElection (LogUtils.java:infoOrTrace(149)) - 0c8dc4a6-8d6b-4759-9996-474f61414cd5@group-DD0F18FA726D:LeaderElection242 got exception when requesting votes: {}
java.util.concurrent.ExecutionException: org.apache.ratis.thirdparty.io.grpc.StatusRuntimeException: UNAVAILABLE: io exception
	at java.util.concurrent.FutureTask.report(FutureTask.java:122)
	at java.util.concurrent.FutureTask.get(FutureTask.java:192)
	at org.apache.ratis.server.impl.LeaderElection.waitForResults(LeaderElection.java:263)
	at org.apache.ratis.server.impl.LeaderElection.askForVotes(LeaderElection.java:201)
	at org.apache.ratis.server.impl.LeaderElection.run(LeaderElection.java:133)
	at java.lang.Thread.run(Thread.java:748)
Caused by: org.apache.ratis.thirdparty.io.grpc.StatusRuntimeException: UNAVAILABLE: io exception
	at org.apache.ratis.thirdparty.io.grpc.stub.ClientCalls.toStatusRuntimeException(ClientCalls.java:233)
	at org.apache.ratis.thirdparty.io.grpc.stub.ClientCalls.getUnchecked(ClientCalls.java:214)
	at org.apache.ratis.thirdparty.io.grpc.stub.ClientCalls.blockingUnaryCall(ClientCalls.java:139)
	at org.apache.ratis.proto.grpc.RaftServerProtocolServiceGrpc$RaftServerProtocolServiceBlockingStub.requestVote(RaftServerProtocolServiceGrpc.java:265)
	at org.apache.ratis.grpc.server.GrpcServerProtocolClient.requestVote(GrpcServerProtocolClient.java:90)
	at org.apache.ratis.grpc.server.GrpcService.requestVote(GrpcService.java:204)
	at org.apache.ratis.server.impl.LeaderElection.lambda$submitRequests$1(LeaderElection.java:238)
	at java.util.concurrent.FutureTask.run(FutureTask.java:266)
	at java.util.concurrent.Executors$RunnableAdapter.call(Executors.java:511)
	at java.util.concurrent.FutureTask.run(FutureTask.java:266)
	at java.util.concurrent.ThreadPoolExecutor.runWorker(ThreadPoolExecutor.java:1149)
	at java.util.concurrent.ThreadPoolExecutor$Worker.run(ThreadPoolExecutor.java:624)
	... 1 more
Caused by: org.apache.ratis.thirdparty.io.netty.channel.AbstractChannel$AnnotatedConnectException: Connection refused: /192.168.5.148:45459
	at sun.nio.ch.SocketChannelImpl.checkConnect(Native Method)
	at sun.nio.ch.SocketChannelImpl.finishConnect(SocketChannelImpl.java:717)
	at org.apache.ratis.thirdparty.io.netty.channel.socket.nio.NioSocketChannel.doFinishConnect(NioSocketChannel.java:327)
	at org.apache.ratis.thirdparty.io.netty.channel.nio.AbstractNioChannel$AbstractNioUnsafe.finishConnect(AbstractNioChannel.java:340)
	at org.apache.ratis.thirdparty.io.netty.channel.nio.NioEventLoop.processSelectedKey(NioEventLoop.java:632)
	at org.apache.ratis.thirdparty.io.netty.channel.nio.NioEventLoop.processSelectedKeysOptimized(NioEventLoop.java:579)
	at org.apache.ratis.thirdparty.io.netty.channel.nio.NioEventLoop.processSelectedKeys(NioEventLoop.java:496)
	at org.apache.ratis.thirdparty.io.netty.channel.nio.NioEventLoop.run(NioEventLoop.java:458)
	at org.apache.ratis.thirdparty.io.netty.util.concurrent.SingleThreadEventExecutor$5.run(SingleThreadEventExecutor.java:897)
	at org.apache.ratis.thirdparty.io.netty.util.concurrent.FastThreadLocalRunnable.run(FastThreadLocalRunnable.java:30)
	... 1 more
Caused by: java.net.ConnectException: Connection refused
	... 11 more
2019-09-24 19:08:59,351 [0c8dc4a6-8d6b-4759-9996-474f61414cd5@group-DD0F18FA726D:LeaderElection242] INFO  impl.LeaderElection (LogUtils.java:infoOrTrace(149)) - 0c8dc4a6-8d6b-4759-9996-474f61414cd5@group-DD0F18FA726D:LeaderElection242 got exception when requesting votes: {}
java.util.concurrent.ExecutionException: org.apache.ratis.thirdparty.io.grpc.StatusRuntimeException: UNAVAILABLE: io exception
	at java.util.concurrent.FutureTask.report(FutureTask.java:122)
	at java.util.concurrent.FutureTask.get(FutureTask.java:192)
	at org.apache.ratis.server.impl.LeaderElection.waitForResults(LeaderElection.java:263)
	at org.apache.ratis.server.impl.LeaderElection.askForVotes(LeaderElection.java:201)
	at org.apache.ratis.server.impl.LeaderElection.run(LeaderElection.java:133)
	at java.lang.Thread.run(Thread.java:748)
Caused by: org.apache.ratis.thirdparty.io.grpc.StatusRuntimeException: UNAVAILABLE: io exception
	at org.apache.ratis.thirdparty.io.grpc.stub.ClientCalls.toStatusRuntimeException(ClientCalls.java:233)
	at org.apache.ratis.thirdparty.io.grpc.stub.ClientCalls.getUnchecked(ClientCalls.java:214)
	at org.apache.ratis.thirdparty.io.grpc.stub.ClientCalls.blockingUnaryCall(ClientCalls.java:139)
	at org.apache.ratis.proto.grpc.RaftServerProtocolServiceGrpc$RaftServerProtocolServiceBlockingStub.requestVote(RaftServerProtocolServiceGrpc.java:265)
	at org.apache.ratis.grpc.server.GrpcServerProtocolClient.requestVote(GrpcServerProtocolClient.java:90)
	at org.apache.ratis.grpc.server.GrpcService.requestVote(GrpcService.java:204)
	at org.apache.ratis.server.impl.LeaderElection.lambda$submitRequests$1(LeaderElection.java:238)
	at java.util.concurrent.FutureTask.run(FutureTask.java:266)
	at java.util.concurrent.Executors$RunnableAdapter.call(Executors.java:511)
	at java.util.concurrent.FutureTask.run(FutureTask.java:266)
	at java.util.concurrent.ThreadPoolExecutor.runWorker(ThreadPoolExecutor.java:1149)
	at java.util.concurrent.ThreadPoolExecutor$Worker.run(ThreadPoolExecutor.java:624)
	... 1 more
Caused by: org.apache.ratis.thirdparty.io.netty.channel.AbstractChannel$AnnotatedConnectException: Connection refused: /192.168.5.148:45815
	at sun.nio.ch.SocketChannelImpl.checkConnect(Native Method)
	at sun.nio.ch.SocketChannelImpl.finishConnect(SocketChannelImpl.java:717)
	at org.apache.ratis.thirdparty.io.netty.channel.socket.nio.NioSocketChannel.doFinishConnect(NioSocketChannel.java:327)
	at org.apache.ratis.thirdparty.io.netty.channel.nio.AbstractNioChannel$AbstractNioUnsafe.finishConnect(AbstractNioChannel.java:340)
	at org.apache.ratis.thirdparty.io.netty.channel.nio.NioEventLoop.processSelectedKey(NioEventLoop.java:632)
	at org.apache.ratis.thirdparty.io.netty.channel.nio.NioEventLoop.processSelectedKeysOptimized(NioEventLoop.java:579)
	at org.apache.ratis.thirdparty.io.netty.channel.nio.NioEventLoop.processSelectedKeys(NioEventLoop.java:496)
	at org.apache.ratis.thirdparty.io.netty.channel.nio.NioEventLoop.run(NioEventLoop.java:458)
	at org.apache.ratis.thirdparty.io.netty.util.concurrent.SingleThreadEventExecutor$5.run(SingleThreadEventExecutor.java:897)
	at org.apache.ratis.thirdparty.io.netty.util.concurrent.FastThreadLocalRunnable.run(FastThreadLocalRunnable.java:30)
	... 1 more
Caused by: java.net.ConnectException: Connection refused
	... 11 more
2019-09-24 19:08:59,352 [0c8dc4a6-8d6b-4759-9996-474f61414cd5@group-DD0F18FA726D:LeaderElection242] INFO  impl.LeaderElection (LeaderElection.java:logAndReturn(56)) - 0c8dc4a6-8d6b-4759-9996-474f61414cd5@group-DD0F18FA726D:LeaderElection242: Election REJECTED; received 0 response(s) [] and 2 exception(s); 0c8dc4a6-8d6b-4759-9996-474f61414cd5@group-DD0F18FA726D:t6, leader=null, voted=0c8dc4a6-8d6b-4759-9996-474f61414cd5, raftlog=0c8dc4a6-8d6b-4759-9996-474f61414cd5@group-DD0F18FA726D-SegmentedRaftLog:OPENED:c-1,f-1,i0, conf=-1: [2301f1b0-893f-4443-acec-e918286f3c24:192.168.5.148:45459, 2e29e414-edf9-4b10-a5cb-2050908d7d76:192.168.5.148:45815, 0c8dc4a6-8d6b-4759-9996-474f61414cd5:192.168.5.148:45865], old=null
2019-09-24 19:08:59,352 [0c8dc4a6-8d6b-4759-9996-474f61414cd5@group-DD0F18FA726D:LeaderElection242] INFO  impl.LeaderElection (LogUtils.java:infoOrTrace(149)) -   Exception 0: {}
java.util.concurrent.ExecutionException: org.apache.ratis.thirdparty.io.grpc.StatusRuntimeException: UNAVAILABLE: io exception
	at java.util.concurrent.FutureTask.report(FutureTask.java:122)
	at java.util.concurrent.FutureTask.get(FutureTask.java:192)
	at org.apache.ratis.server.impl.LeaderElection.waitForResults(LeaderElection.java:263)
	at org.apache.ratis.server.impl.LeaderElection.askForVotes(LeaderElection.java:201)
	at org.apache.ratis.server.impl.LeaderElection.run(LeaderElection.java:133)
	at java.lang.Thread.run(Thread.java:748)
Caused by: org.apache.ratis.thirdparty.io.grpc.StatusRuntimeException: UNAVAILABLE: io exception
	at org.apache.ratis.thirdparty.io.grpc.stub.ClientCalls.toStatusRuntimeException(ClientCalls.java:233)
	at org.apache.ratis.thirdparty.io.grpc.stub.ClientCalls.getUnchecked(ClientCalls.java:214)
	at org.apache.ratis.thirdparty.io.grpc.stub.ClientCalls.blockingUnaryCall(ClientCalls.java:139)
	at org.apache.ratis.proto.grpc.RaftServerProtocolServiceGrpc$RaftServerProtocolServiceBlockingStub.requestVote(RaftServerProtocolServiceGrpc.java:265)
	at org.apache.ratis.grpc.server.GrpcServerProtocolClient.requestVote(GrpcServerProtocolClient.java:90)
	at org.apache.ratis.grpc.server.GrpcService.requestVote(GrpcService.java:204)
	at org.apache.ratis.server.impl.LeaderElection.lambda$submitRequests$1(LeaderElection.java:238)
	at java.util.concurrent.FutureTask.run(FutureTask.java:266)
	at java.util.concurrent.Executors$RunnableAdapter.call(Executors.java:511)
	at java.util.concurrent.FutureTask.run(FutureTask.java:266)
	at java.util.concurrent.ThreadPoolExecutor.runWorker(ThreadPoolExecutor.java:1149)
	at java.util.concurrent.ThreadPoolExecutor$Worker.run(ThreadPoolExecutor.java:624)
	... 1 more
Caused by: org.apache.ratis.thirdparty.io.netty.channel.AbstractChannel$AnnotatedConnectException: Connection refused: /192.168.5.148:45459
	at sun.nio.ch.SocketChannelImpl.checkConnect(Native Method)
	at sun.nio.ch.SocketChannelImpl.finishConnect(SocketChannelImpl.java:717)
	at org.apache.ratis.thirdparty.io.netty.channel.socket.nio.NioSocketChannel.doFinishConnect(NioSocketChannel.java:327)
	at org.apache.ratis.thirdparty.io.netty.channel.nio.AbstractNioChannel$AbstractNioUnsafe.finishConnect(AbstractNioChannel.java:340)
	at org.apache.ratis.thirdparty.io.netty.channel.nio.NioEventLoop.processSelectedKey(NioEventLoop.java:632)
	at org.apache.ratis.thirdparty.io.netty.channel.nio.NioEventLoop.processSelectedKeysOptimized(NioEventLoop.java:579)
	at org.apache.ratis.thirdparty.io.netty.channel.nio.NioEventLoop.processSelectedKeys(NioEventLoop.java:496)
	at org.apache.ratis.thirdparty.io.netty.channel.nio.NioEventLoop.run(NioEventLoop.java:458)
	at org.apache.ratis.thirdparty.io.netty.util.concurrent.SingleThreadEventExecutor$5.run(SingleThreadEventExecutor.java:897)
	at org.apache.ratis.thirdparty.io.netty.util.concurrent.FastThreadLocalRunnable.run(FastThreadLocalRunnable.java:30)
	... 1 more
Caused by: java.net.ConnectException: Connection refused
	... 11 more
2019-09-24 19:08:59,352 [0c8dc4a6-8d6b-4759-9996-474f61414cd5@group-DD0F18FA726D:LeaderElection242] INFO  impl.LeaderElection (LogUtils.java:infoOrTrace(149)) -   Exception 1: {}
java.util.concurrent.ExecutionException: org.apache.ratis.thirdparty.io.grpc.StatusRuntimeException: UNAVAILABLE: io exception
	at java.util.concurrent.FutureTask.report(FutureTask.java:122)
	at java.util.concurrent.FutureTask.get(FutureTask.java:192)
	at org.apache.ratis.server.impl.LeaderElection.waitForResults(LeaderElection.java:263)
	at org.apache.ratis.server.impl.LeaderElection.askForVotes(LeaderElection.java:201)
	at org.apache.ratis.server.impl.LeaderElection.run(LeaderElection.java:133)
	at java.lang.Thread.run(Thread.java:748)
Caused by: org.apache.ratis.thirdparty.io.grpc.StatusRuntimeException: UNAVAILABLE: io exception
	at org.apache.ratis.thirdparty.io.grpc.stub.ClientCalls.toStatusRuntimeException(ClientCalls.java:233)
	at org.apache.ratis.thirdparty.io.grpc.stub.ClientCalls.getUnchecked(ClientCalls.java:214)
	at org.apache.ratis.thirdparty.io.grpc.stub.ClientCalls.blockingUnaryCall(ClientCalls.java:139)
	at org.apache.ratis.proto.grpc.RaftServerProtocolServiceGrpc$RaftServerProtocolServiceBlockingStub.requestVote(RaftServerProtocolServiceGrpc.java:265)
	at org.apache.ratis.grpc.server.GrpcServerProtocolClient.requestVote(GrpcServerProtocolClient.java:90)
	at org.apache.ratis.grpc.server.GrpcService.requestVote(GrpcService.java:204)
	at org.apache.ratis.server.impl.LeaderElection.lambda$submitRequests$1(LeaderElection.java:238)
	at java.util.concurrent.FutureTask.run(FutureTask.java:266)
	at java.util.concurrent.Executors$RunnableAdapter.call(Executors.java:511)
	at java.util.concurrent.FutureTask.run(FutureTask.java:266)
	at java.util.concurrent.ThreadPoolExecutor.runWorker(ThreadPoolExecutor.java:1149)
	at java.util.concurrent.ThreadPoolExecutor$Worker.run(ThreadPoolExecutor.java:624)
	... 1 more
Caused by: org.apache.ratis.thirdparty.io.netty.channel.AbstractChannel$AnnotatedConnectException: Connection refused: /192.168.5.148:45815
	at sun.nio.ch.SocketChannelImpl.checkConnect(Native Method)
	at sun.nio.ch.SocketChannelImpl.finishConnect(SocketChannelImpl.java:717)
	at org.apache.ratis.thirdparty.io.netty.channel.socket.nio.NioSocketChannel.doFinishConnect(NioSocketChannel.java:327)
	at org.apache.ratis.thirdparty.io.netty.channel.nio.AbstractNioChannel$AbstractNioUnsafe.finishConnect(AbstractNioChannel.java:340)
	at org.apache.ratis.thirdparty.io.netty.channel.nio.NioEventLoop.processSelectedKey(NioEventLoop.java:632)
	at org.apache.ratis.thirdparty.io.netty.channel.nio.NioEventLoop.processSelectedKeysOptimized(NioEventLoop.java:579)
	at org.apache.ratis.thirdparty.io.netty.channel.nio.NioEventLoop.processSelectedKeys(NioEventLoop.java:496)
	at org.apache.ratis.thirdparty.io.netty.channel.nio.NioEventLoop.run(NioEventLoop.java:458)
	at org.apache.ratis.thirdparty.io.netty.util.concurrent.SingleThreadEventExecutor$5.run(SingleThreadEventExecutor.java:897)
	at org.apache.ratis.thirdparty.io.netty.util.concurrent.FastThreadLocalRunnable.run(FastThreadLocalRunnable.java:30)
	... 1 more
Caused by: java.net.ConnectException: Connection refused
	... 11 more
2019-09-24 19:08:59,353 [0c8dc4a6-8d6b-4759-9996-474f61414cd5@group-DD0F18FA726D:LeaderElection242] INFO  impl.RaftServerImpl (RaftServerImpl.java:setRole(174)) - 0c8dc4a6-8d6b-4759-9996-474f61414cd5@group-DD0F18FA726D: changes role from CANDIDATE to FOLLOWER at term 6 for DISCOVERED_A_NEW_TERM
2019-09-24 19:08:59,353 [0c8dc4a6-8d6b-4759-9996-474f61414cd5@group-DD0F18FA726D:LeaderElection242] INFO  impl.RoleInfo (RoleInfo.java:shutdownLeaderElection(134)) - 0c8dc4a6-8d6b-4759-9996-474f61414cd5: shutdown LeaderElection
2019-09-24 19:08:59,353 [0c8dc4a6-8d6b-4759-9996-474f61414cd5@group-DD0F18FA726D:LeaderElection242] INFO  impl.RoleInfo (RoleInfo.java:updateAndGet(143)) - 0c8dc4a6-8d6b-4759-9996-474f61414cd5: start FollowerState
2019-09-24 19:08:59,466 [Thread-3640] INFO  impl.FollowerState (FollowerState.java:run(106)) - 0c8dc4a6-8d6b-4759-9996-474f61414cd5:group-24C9ADE1A15D changes to CANDIDATE, lastRpcTime:1140, electionTimeout:1140ms
2019-09-24 19:08:59,466 [Thread-3640] INFO  impl.RoleInfo (RoleInfo.java:shutdownFollowerState(121)) - 0c8dc4a6-8d6b-4759-9996-474f61414cd5: shutdown FollowerState
2019-09-24 19:08:59,466 [Thread-3640] INFO  impl.RaftServerImpl (RaftServerImpl.java:setRole(174)) - 0c8dc4a6-8d6b-4759-9996-474f61414cd5@group-24C9ADE1A15D: changes role from  FOLLOWER to CANDIDATE at term 5 for changeToCandidate
2019-09-24 19:08:59,466 [Thread-3640] INFO  impl.RoleInfo (RoleInfo.java:updateAndGet(143)) - 0c8dc4a6-8d6b-4759-9996-474f61414cd5: start LeaderElection
2019-09-24 19:08:59,615 [ForkJoinPool.commonPool-worker-1] INFO  ozoneimpl.OzoneContainer (OzoneContainer.java:stop(231)) - Attempting to stop container services.
2019-09-24 19:08:59,615 [main] INFO  ozoneimpl.OzoneContainer (OzoneContainer.java:stop(231)) - Attempting to stop container services.
2019-09-24 19:08:59,615 [ForkJoinPool.commonPool-worker-1] INFO  impl.RaftServerProxy (RaftServerProxy.java:lambda$close$4(314)) - 8235ba63-995e-4441-8e46-a34f9717543a: close
2019-09-24 19:08:59,616 [main] INFO  impl.RaftServerProxy (RaftServerProxy.java:lambda$close$4(314)) - 0c8dc4a6-8d6b-4759-9996-474f61414cd5: close
2019-09-24 19:08:59,616 [ForkJoinPool.commonPool-worker-1] INFO  impl.RaftServerImpl (RaftServerImpl.java:lambda$shutdown$3(251)) - 8235ba63-995e-4441-8e46-a34f9717543a@group-BF00DF91DD87: shutdown
2019-09-24 19:08:59,616 [main] INFO  impl.RaftServerImpl (RaftServerImpl.java:lambda$shutdown$3(251)) - 0c8dc4a6-8d6b-4759-9996-474f61414cd5@group-24C9ADE1A15D: shutdown
2019-09-24 19:08:59,617 [ForkJoinPool.commonPool-worker-1] INFO  util.JmxRegister (JmxRegister.java:unregister(73)) - Successfully un-registered JMX Bean with object name Ratis:service=RaftServer,group=group-BF00DF91DD87,id=8235ba63-995e-4441-8e46-a34f9717543a
2019-09-24 19:08:59,617 [main] INFO  util.JmxRegister (JmxRegister.java:unregister(73)) - Successfully un-registered JMX Bean with object name Ratis:service=RaftServer,group=group-24C9ADE1A15D,id=0c8dc4a6-8d6b-4759-9996-474f61414cd5
2019-09-24 19:08:59,618 [main] INFO  impl.RoleInfo (RoleInfo.java:shutdownLeaderElection(134)) - 0c8dc4a6-8d6b-4759-9996-474f61414cd5: shutdown LeaderElection
2019-09-24 19:08:59,617 [ForkJoinPool.commonPool-worker-1] INFO  impl.RoleInfo (RoleInfo.java:shutdownLeaderState(104)) - 8235ba63-995e-4441-8e46-a34f9717543a: shutdown LeaderState
2019-09-24 19:08:59,618 [main] INFO  impl.StateMachineUpdater (StateMachineUpdater.java:stopAndJoin(125)) - 0c8dc4a6-8d6b-4759-9996-474f61414cd5@group-24C9ADE1A15D-StateMachineUpdater: set stopIndex = -1
2019-09-24 19:08:59,619 [main] INFO  impl.RaftServerImpl (ServerState.java:close(385)) - 0c8dc4a6-8d6b-4759-9996-474f61414cd5@group-24C9ADE1A15D: closes. applyIndex: -1
2019-09-24 19:08:59,619 [ForkJoinPool.commonPool-worker-1] INFO  impl.PendingRequests (PendingRequests.java:sendNotLeaderResponses(202)) - 8235ba63-995e-4441-8e46-a34f9717543a-PendingRequests: sendNotLeaderResponses
2019-09-24 19:08:59,620 [0c8dc4a6-8d6b-4759-9996-474f61414cd5@group-24C9ADE1A15D-SegmentedRaftLogWorker] INFO  segmented.SegmentedRaftLogWorker (SegmentedRaftLogWorker.java:run(313)) - 0c8dc4a6-8d6b-4759-9996-474f61414cd5@group-24C9ADE1A15D-SegmentedRaftLogWorker was interrupted, exiting. There are 0 tasks remaining in the queue.
2019-09-24 19:08:59,620 [ForkJoinPool.commonPool-worker-1] INFO  impl.StateMachineUpdater (StateMachineUpdater.java:stopAndJoin(125)) - 8235ba63-995e-4441-8e46-a34f9717543a@group-BF00DF91DD87-StateMachineUpdater: set stopIndex = 0
2019-09-24 19:08:59,620 [main] INFO  segmented.SegmentedRaftLogWorker (SegmentedRaftLogWorker.java:close(228)) - 0c8dc4a6-8d6b-4759-9996-474f61414cd5@group-24C9ADE1A15D-SegmentedRaftLogWorker close()
2019-09-24 19:08:59,620 [ForkJoinPool.commonPool-worker-1] INFO  impl.RaftServerImpl (ServerState.java:close(385)) - 8235ba63-995e-4441-8e46-a34f9717543a@group-BF00DF91DD87: closes. applyIndex: 0
2019-09-24 19:08:59,625 [main] INFO  impl.RaftServerImpl (RaftServerImpl.java:lambda$shutdown$3(251)) - 0c8dc4a6-8d6b-4759-9996-474f61414cd5@group-DD0F18FA726D: shutdown
2019-09-24 19:08:59,625 [8235ba63-995e-4441-8e46-a34f9717543a@group-BF00DF91DD87-SegmentedRaftLogWorker] INFO  segmented.SegmentedRaftLogWorker (SegmentedRaftLogWorker.java:run(313)) - 8235ba63-995e-4441-8e46-a34f9717543a@group-BF00DF91DD87-SegmentedRaftLogWorker was interrupted, exiting. There are 0 tasks remaining in the queue.
2019-09-24 19:08:59,626 [main] INFO  util.JmxRegister (JmxRegister.java:unregister(73)) - Successfully un-registered JMX Bean with object name Ratis:service=RaftServer,group=group-DD0F18FA726D,id=0c8dc4a6-8d6b-4759-9996-474f61414cd5
2019-09-24 19:08:59,628 [ForkJoinPool.commonPool-worker-1] INFO  segmented.SegmentedRaftLogWorker (SegmentedRaftLogWorker.java:close(228)) - 8235ba63-995e-4441-8e46-a34f9717543a@group-BF00DF91DD87-SegmentedRaftLogWorker close()
2019-09-24 19:08:59,628 [main] INFO  impl.RoleInfo (RoleInfo.java:shutdownFollowerState(121)) - 0c8dc4a6-8d6b-4759-9996-474f61414cd5: shutdown FollowerState
2019-09-24 19:08:59,631 [ForkJoinPool.commonPool-worker-1] INFO  server.GrpcService (GrpcService.java:closeImpl(164)) - 8235ba63-995e-4441-8e46-a34f9717543a: shutdown server with port 38637 now
2019-09-24 19:08:59,631 [main] INFO  impl.StateMachineUpdater (StateMachineUpdater.java:stopAndJoin(125)) - 0c8dc4a6-8d6b-4759-9996-474f61414cd5@group-DD0F18FA726D-StateMachineUpdater: set stopIndex = -1
2019-09-24 19:08:59,633 [ForkJoinPool.commonPool-worker-1] INFO  server.GrpcService (GrpcService.java:closeImpl(172)) - 8235ba63-995e-4441-8e46-a34f9717543a: shutdown server with port 38637 successfully
2019-09-24 19:08:59,632 [Thread-3644] INFO  impl.FollowerState (FollowerState.java:run(115)) - 0c8dc4a6-8d6b-4759-9996-474f61414cd5: FollowerState was interrupted: java.lang.InterruptedException: sleep interrupted
2019-09-24 19:08:59,634 [main] INFO  impl.RaftServerImpl (ServerState.java:close(385)) - 0c8dc4a6-8d6b-4759-9996-474f61414cd5@group-DD0F18FA726D: closes. applyIndex: -1
2019-09-24 19:08:59,637 [0c8dc4a6-8d6b-4759-9996-474f61414cd5@group-DD0F18FA726D-SegmentedRaftLogWorker] INFO  segmented.SegmentedRaftLogWorker (SegmentedRaftLogWorker.java:run(313)) - 0c8dc4a6-8d6b-4759-9996-474f61414cd5@group-DD0F18FA726D-SegmentedRaftLogWorker was interrupted, exiting. There are 0 tasks remaining in the queue.
2019-09-24 19:08:59,637 [main] INFO  segmented.SegmentedRaftLogWorker (SegmentedRaftLogWorker.java:close(228)) - 0c8dc4a6-8d6b-4759-9996-474f61414cd5@group-DD0F18FA726D-SegmentedRaftLogWorker close()
2019-09-24 19:08:59,641 [main] INFO  server.GrpcService (GrpcService.java:closeImpl(164)) - 0c8dc4a6-8d6b-4759-9996-474f61414cd5: shutdown server with port 45865 now
2019-09-24 19:08:59,641 [refreshUsed-/workdir/hadoop-ozone/integration-test/target/test-dir/MiniOzoneClusterImpl-6223b62d-fae7-42c6-9f07-44d8c3bb99d0/datanode-1/data/containers] WARN  fs.CachingGetSpaceUsed (CachingGetSpaceUsed.java:run(183)) - Thread Interrupted waiting to refresh disk information: sleep interrupted
2019-09-24 19:08:59,642 [main] INFO  server.GrpcService (GrpcService.java:closeImpl(172)) - 0c8dc4a6-8d6b-4759-9996-474f61414cd5: shutdown server with port 45865 successfully
2019-09-24 19:08:59,646 [refreshUsed-/workdir/hadoop-ozone/integration-test/target/test-dir/MiniOzoneClusterImpl-6223b62d-fae7-42c6-9f07-44d8c3bb99d0/datanode-7/data/containers] WARN  fs.CachingGetSpaceUsed (CachingGetSpaceUsed.java:run(183)) - Thread Interrupted waiting to refresh disk information: sleep interrupted
2019-09-24 19:08:59,662 [ForkJoinPool.commonPool-worker-1] INFO  utils.BackgroundService (BackgroundService.java:shutdown(148)) - Shutting down service BlockDeletingService
2019-09-24 19:08:59,665 [main] INFO  utils.BackgroundService (BackgroundService.java:shutdown(148)) - Shutting down service BlockDeletingService
2019-09-24 19:08:59,666 [ForkJoinPool.commonPool-worker-1] INFO  statemachine.DatanodeStateMachine (DatanodeStateMachine.java:stopDaemon(395)) - Ozone container server stopped.
2019-09-24 19:08:59,671 [main] INFO  statemachine.DatanodeStateMachine (DatanodeStateMachine.java:stopDaemon(395)) - Ozone container server stopped.
2019-09-24 19:08:59,671 [ForkJoinPool.commonPool-worker-1] INFO  handler.ContextHandler (ContextHandler.java:doStop(910)) - Stopped o.e.j.w.WebAppContext@787d1f9c{/,null,UNAVAILABLE}{/hddsDatanode}
2019-09-24 19:08:59,672 [main] INFO  handler.ContextHandler (ContextHandler.java:doStop(910)) - Stopped o.e.j.w.WebAppContext@7345f97d{/,null,UNAVAILABLE}{/hddsDatanode}
2019-09-24 19:08:59,672 [ForkJoinPool.commonPool-worker-1] INFO  server.AbstractConnector (AbstractConnector.java:doStop(318)) - Stopped ServerConnector@2becfd4c{HTTP/1.1,[http/1.1]}{0.0.0.0:0}
2019-09-24 19:08:59,673 [ForkJoinPool.commonPool-worker-1] INFO  handler.ContextHandler (ContextHandler.java:doStop(910)) - Stopped o.e.j.s.ServletContextHandler@4d81e83a{/static,jar:file:/home/user/.m2/repository/org/apache/hadoop/hadoop-hdds-container-service/0.5.0-SNAPSHOT/hadoop-hdds-container-service-0.5.0-SNAPSHOT.jar!/webapps/static,UNAVAILABLE}
2019-09-24 19:08:59,673 [main] INFO  server.AbstractConnector (AbstractConnector.java:doStop(318)) - Stopped ServerConnector@554566a8{HTTP/1.1,[http/1.1]}{0.0.0.0:0}
2019-09-24 19:08:59,675 [ForkJoinPool.commonPool-worker-1] INFO  handler.ContextHandler (ContextHandler.java:doStop(910)) - Stopped o.e.j.s.ServletContextHandler@7eaa2bc6{/logs,file:///workdir/hadoop-ozone/integration-test/target/log,UNAVAILABLE}
2019-09-24 19:08:59,675 [main] INFO  handler.ContextHandler (ContextHandler.java:doStop(910)) - Stopped o.e.j.s.ServletContextHandler@7f6b7426{/static,jar:file:/home/user/.m2/repository/org/apache/hadoop/hadoop-hdds-container-service/0.5.0-SNAPSHOT/hadoop-hdds-container-service-0.5.0-SNAPSHOT.jar!/webapps/static,UNAVAILABLE}
2019-09-24 19:08:59,676 [main] INFO  handler.ContextHandler (ContextHandler.java:doStop(910)) - Stopped o.e.j.s.ServletContextHandler@2094bf3d{/logs,file:///workdir/hadoop-ozone/integration-test/target/log,UNAVAILABLE}
2019-09-24 19:08:59,677 [main] INFO  ozone.MiniOzoneClusterImpl (MiniOzoneClusterImpl.java:stopSCM(392)) - Stopping the StorageContainerManager
2019-09-24 19:08:59,677 [main] INFO  server.StorageContainerManager (StorageContainerManager.java:stop(808)) - Stopping Replication Manager Service.
2019-09-24 19:08:59,677 [main] INFO  container.ReplicationManager (ReplicationManager.java:stop(203)) - Stopping Replication Monitor Thread.
2019-09-24 19:08:59,677 [main] INFO  server.StorageContainerManager (StorageContainerManager.java:stop(815)) - Stopping Lease Manager of the command watchers
2019-09-24 19:08:59,678 [main] INFO  server.StorageContainerManager (StorageContainerManager.java:stop(822)) - Stopping datanode service RPC server
2019-09-24 19:08:59,678 [main] INFO  server.SCMDatanodeProtocolServer (SCMDatanodeProtocolServer.java:stop(367)) - Stopping the RPC server for DataNodes
2019-09-24 19:08:59,678 [main] INFO  ipc.Server (Server.java:stop(3082)) - Stopping server on 37280
2019-09-24 19:08:59,681 [IPC Server listener on 37280] INFO  ipc.Server (Server.java:run(1185)) - Stopping IPC Server listener on 37280
2019-09-24 19:08:59,681 [IPC Server Responder] INFO  ipc.Server (Server.java:run(1319)) - Stopping IPC Server Responder
2019-09-24 19:08:59,753 [SCM Heartbeat Processing Thread - 0] WARN  node.NodeStateManager (NodeStateManager.java:scheduleNextHealthCheck(646)) - Current Thread is interrupted, shutting down HB processing thread for Node Manager.
2019-09-24 19:08:59,753 [main] INFO  server.StorageContainerManager (StorageContainerManager.java:stop(830)) - Stopping block service RPC server
2019-09-24 19:08:59,754 [main] INFO  server.SCMBlockProtocolServer (SCMBlockProtocolServer.java:stop(155)) - Stopping the RPC server for Block Protocol
2019-09-24 19:08:59,754 [main] INFO  ipc.Server (Server.java:stop(3082)) - Stopping server on 39500
2019-09-24 19:08:59,760 [IPC Server listener on 39500] INFO  ipc.Server (Server.java:run(1185)) - Stopping IPC Server listener on 39500
2019-09-24 19:08:59,760 [main] INFO  server.StorageContainerManager (StorageContainerManager.java:stop(837)) - Stopping the StorageContainerLocationProtocol RPC server
2019-09-24 19:08:59,760 [IPC Server Responder] INFO  ipc.Server (Server.java:run(1319)) - Stopping IPC Server Responder
2019-09-24 19:08:59,762 [main] INFO  server.SCMClientProtocolServer (SCMClientProtocolServer.java:stop(159)) - Stopping the RPC server for Client Protocol
2019-09-24 19:08:59,762 [main] INFO  ipc.Server (Server.java:stop(3082)) - Stopping server on 38011
2019-09-24 19:08:59,765 [IPC Server listener on 38011] INFO  ipc.Server (Server.java:run(1185)) - Stopping IPC Server listener on 38011
2019-09-24 19:08:59,769 [IPC Server Responder] INFO  ipc.Server (Server.java:run(1319)) - Stopping IPC Server Responder
2019-09-24 19:08:59,769 [main] INFO  server.StorageContainerManager (StorageContainerManager.java:stop(844)) - Stopping Storage Container Manager HTTP server.
2019-09-24 19:08:59,772 [main] INFO  handler.ContextHandler (ContextHandler.java:doStop(910)) - Stopped o.e.j.w.WebAppContext@255d9277{/,null,UNAVAILABLE}{/scm}
2019-09-24 19:08:59,772 [0c8dc4a6-8d6b-4759-9996-474f61414cd5@group-24C9ADE1A15D:LeaderElection243] INFO  impl.LeaderElection (LeaderElection.java:askForVotes(182)) - 0c8dc4a6-8d6b-4759-9996-474f61414cd5@group-24C9ADE1A15D:LeaderElection243: begin an election at term 6 for -1: [2301f1b0-893f-4443-acec-e918286f3c24:192.168.5.148:45459, 2e29e414-edf9-4b10-a5cb-2050908d7d76:192.168.5.148:45815, 0c8dc4a6-8d6b-4759-9996-474f61414cd5:192.168.5.148:45865], old=null
2019-09-24 19:08:59,772 [0c8dc4a6-8d6b-4759-9996-474f61414cd5@group-24C9ADE1A15D:LeaderElection243] INFO  impl.LeaderElection (LogUtils.java:infoOrTrace(149)) - Failed 0c8dc4a6-8d6b-4759-9996-474f61414cd5@group-24C9ADE1A15D:LeaderElection243, state=CLOSING: {}
java.lang.IllegalArgumentException: 0c8dc4a6-8d6b-4759-9996-474f61414cd5@group-24C9ADE1A15D-SegmentedRaftLog is expected to be opened but it is CLOSED
	at org.apache.ratis.util.OpenCloseState.assertOpen(OpenCloseState.java:63)
	at org.apache.ratis.server.raftlog.RaftLog.checkLogState(RaftLog.java:102)
	at org.apache.ratis.server.raftlog.segmented.SegmentedRaftLog.getLastEntryTermIndex(SegmentedRaftLog.java:324)
	at org.apache.ratis.server.impl.LeaderElection.askForVotes(LeaderElection.java:184)
	at org.apache.ratis.server.impl.LeaderElection.run(LeaderElection.java:133)
	at java.lang.Thread.run(Thread.java:748)
Caused by: org.apache.ratis.util.OpenCloseState$CloseTrace: Close 0c8dc4a6-8d6b-4759-9996-474f61414cd5@group-24C9ADE1A15D-SegmentedRaftLog
	at org.apache.ratis.util.OpenCloseState.lambda$close$1(OpenCloseState.java:109)
	at java.util.concurrent.atomic.AtomicReference.getAndUpdate(AtomicReference.java:160)
	at org.apache.ratis.util.OpenCloseState.close(OpenCloseState.java:109)
	at org.apache.ratis.server.raftlog.RaftLog.close(RaftLog.java:437)
	at org.apache.ratis.server.raftlog.segmented.SegmentedRaftLog.close(SegmentedRaftLog.java:476)
	at org.apache.ratis.server.impl.ServerState.close(ServerState.java:387)
	at org.apache.ratis.server.impl.RaftServerImpl.lambda$shutdown$3(RaftServerImpl.java:273)
	at org.apache.ratis.util.LifeCycle.lambda$checkStateAndClose$2(LifeCycle.java:231)
	at org.apache.ratis.util.LifeCycle.checkStateAndClose(LifeCycle.java:251)
	at org.apache.ratis.util.LifeCycle.checkStateAndClose(LifeCycle.java:229)
	at org.apache.ratis.server.impl.RaftServerImpl.shutdown(RaftServerImpl.java:250)
	at org.apache.ratis.server.impl.RaftServerProxy$ImplMap.lambda$close$0(RaftServerProxy.java:107)
	at java.util.stream.ForEachOps$ForEachOp$OfRef.accept(ForEachOps.java:184)
	at java.util.stream.ReferencePipeline$3$1.accept(ReferencePipeline.java:193)
	at java.util.concurrent.ConcurrentHashMap$ValueSpliterator.forEachRemaining(ConcurrentHashMap.java:3566)
	at java.util.stream.AbstractPipeline.copyInto(AbstractPipeline.java:482)
	at java.util.stream.ForEachOps$ForEachTask.compute(ForEachOps.java:291)
	at java.util.concurrent.CountedCompleter.exec(CountedCompleter.java:731)
	at java.util.concurrent.ForkJoinTask.doExec(ForkJoinTask.java:289)
	at java.util.concurrent.ForkJoinPool.helpComplete(ForkJoinPool.java:1870)
	at java.util.concurrent.ForkJoinPool.externalHelpComplete(ForkJoinPool.java:2467)
	at java.util.concurrent.ForkJoinTask.externalAwaitDone(ForkJoinTask.java:324)
	at java.util.concurrent.ForkJoinTask.doInvoke(ForkJoinTask.java:405)
	at java.util.concurrent.ForkJoinTask.invoke(ForkJoinTask.java:734)
	at java.util.stream.ForEachOps$ForEachOp.evaluateParallel(ForEachOps.java:160)
	at java.util.stream.ForEachOps$ForEachOp$OfRef.evaluateParallel(ForEachOps.java:174)
	at java.util.stream.AbstractPipeline.evaluate(AbstractPipeline.java:233)
	at java.util.stream.ReferencePipeline.forEach(ReferencePipeline.java:418)
	at org.apache.ratis.server.impl.RaftServerProxy$ImplMap.close(RaftServerProxy.java:107)
	at org.apache.ratis.server.impl.RaftServerProxy.lambda$close$4(RaftServerProxy.java:315)
	at org.apache.ratis.util.LifeCycle.lambda$checkStateAndClose$2(LifeCycle.java:231)
	at org.apache.ratis.util.LifeCycle.checkStateAndClose(LifeCycle.java:251)
	at org.apache.ratis.util.LifeCycle.checkStateAndClose(LifeCycle.java:229)
	at org.apache.ratis.server.impl.RaftServerProxy.close(RaftServerProxy.java:313)
	at org.apache.hadoop.ozone.container.common.transport.server.ratis.XceiverServerRatis.stop(XceiverServerRatis.java:441)
	at org.apache.hadoop.ozone.container.ozoneimpl.OzoneContainer.stop(OzoneContainer.java:233)
	at org.apache.hadoop.ozone.container.common.statemachine.DatanodeStateMachine.close(DatanodeStateMachine.java:270)
	at org.apache.hadoop.ozone.container.common.statemachine.DatanodeStateMachine.stopDaemon(DatanodeStateMachine.java:394)
	at org.apache.hadoop.ozone.HddsDatanodeService.stop(HddsDatanodeService.java:457)
	at org.apache.hadoop.ozone.MiniOzoneClusterImpl.stopDatanode(MiniOzoneClusterImpl.java:385)
	at java.util.stream.ForEachOps$ForEachOp$OfRef.accept(ForEachOps.java:184)
	at java.util.ArrayList$ArrayListSpliterator.forEachRemaining(ArrayList.java:1382)
	at java.util.stream.AbstractPipeline.copyInto(AbstractPipeline.java:482)
	at java.util.stream.ForEachOps$ForEachTask.compute(ForEachOps.java:291)
	at java.util.concurrent.CountedCompleter.exec(CountedCompleter.java:731)
	at java.util.concurrent.ForkJoinTask.doExec(ForkJoinTask.java:289)
	at java.util.concurrent.ForkJoinPool.helpComplete(ForkJoinPool.java:1870)
	at java.util.concurrent.ForkJoinPool.externalHelpComplete(ForkJoinPool.java:2467)
	at java.util.concurrent.ForkJoinTask.externalAwaitDone(ForkJoinTask.java:324)
	at java.util.concurrent.ForkJoinTask.doInvoke(ForkJoinTask.java:405)
	at java.util.concurrent.ForkJoinTask.invoke(ForkJoinTask.java:734)
	at java.util.stream.ForEachOps$ForEachOp.evaluateParallel(ForEachOps.java:160)
	at java.util.stream.ForEachOps$ForEachOp$OfRef.evaluateParallel(ForEachOps.java:174)
	at java.util.stream.AbstractPipeline.evaluate(AbstractPipeline.java:233)
	at java.util.stream.ReferencePipeline.forEach(ReferencePipeline.java:418)
	at java.util.stream.ReferencePipeline$Head.forEach(ReferencePipeline.java:583)
	at org.apache.hadoop.ozone.MiniOzoneClusterImpl.stopDatanodes(MiniOzoneClusterImpl.java:379)
	at org.apache.hadoop.ozone.MiniOzoneClusterImpl.stop(MiniOzoneClusterImpl.java:332)
	at org.apache.hadoop.ozone.MiniOzoneClusterImpl.shutdown(MiniOzoneClusterImpl.java:319)
	at org.apache.hadoop.ozone.client.rpc.TestFailureHandlingByClient.shutdown(TestFailureHandlingByClient.java:130)
	at sun.reflect.NativeMethodAccessorImpl.invoke0(Native Method)
	at sun.reflect.NativeMethodAccessorImpl.invoke(NativeMethodAccessorImpl.java:62)
	at sun.reflect.DelegatingMethodAccessorImpl.invoke(DelegatingMethodAccessorImpl.java:43)
	at java.lang.reflect.Method.invoke(Method.java:498)
	at org.junit.runners.model.FrameworkMethod$1.runReflectiveCall(FrameworkMethod.java:47)
	at org.junit.internal.runners.model.ReflectiveCallable.run(ReflectiveCallable.java:12)
	at org.junit.runners.model.FrameworkMethod.invokeExplosively(FrameworkMethod.java:44)
	at org.junit.internal.runners.statements.RunAfters.evaluate(RunAfters.java:33)
	at org.junit.runners.ParentRunner.runLeaf(ParentRunner.java:271)
	at org.junit.runners.BlockJUnit4ClassRunner.runChild(BlockJUnit4ClassRunner.java:70)
	at org.junit.runners.BlockJUnit4ClassRunner.runChild(BlockJUnit4ClassRunner.java:50)
	at org.junit.runners.ParentRunner$3.run(ParentRunner.java:238)
	at org.junit.runners.ParentRunner$1.schedule(ParentRunner.java:63)
	at org.junit.runners.ParentRunner.runChildren(ParentRunner.java:236)
	at org.junit.runners.ParentRunner.access$000(ParentRunner.java:53)
	at org.junit.runners.ParentRunner$2.evaluate(ParentRunner.java:229)
	at org.junit.runners.ParentRunner.run(ParentRunner.java:309)
	at org.apache.maven.surefire.junit4.JUnit4Provider.execute(JUnit4Provider.java:365)
	at org.apache.maven.surefire.junit4.JUnit4Provider.executeWithRerun(JUnit4Provider.java:273)
	at org.apache.maven.surefire.junit4.JUnit4Provider.executeTestSet(JUnit4Provider.java:238)
	at org.apache.maven.surefire.junit4.JUnit4Provider.invoke(JUnit4Provider.java:159)
	at org.apache.maven.surefire.booter.ForkedBooter.invokeProviderInSameClassLoader(ForkedBooter.java:384)
	at org.apache.maven.surefire.booter.ForkedBooter.runSuitesInProcess(ForkedBooter.java:345)
	at org.apache.maven.surefire.booter.ForkedBooter.execute(ForkedBooter.java:126)
	at org.apache.maven.surefire.booter.ForkedBooter.main(ForkedBooter.java:418)
2019-09-24 19:08:59,773 [main] INFO  server.AbstractConnector (AbstractConnector.java:doStop(318)) - Stopped ServerConnector@1de13f34{HTTP/1.1,[http/1.1]}{0.0.0.0:0}
2019-09-24 19:08:59,775 [0c8dc4a6-8d6b-4759-9996-474f61414cd5@group-24C9ADE1A15D:LeaderElection243] INFO  impl.LeaderElection (LeaderElection.java:run(140)) - 0c8dc4a6-8d6b-4759-9996-474f61414cd5@group-24C9ADE1A15D:LeaderElection243: IllegalArgumentException is safely ignored since this is already CLOSING
2019-09-24 19:08:59,776 [main] INFO  handler.ContextHandler (ContextHandler.java:doStop(910)) - Stopped o.e.j.s.ServletContextHandler@5e3db14{/static,file:///workdir/hadoop-ozone/integration-test/target/test-classes/webapps/static,UNAVAILABLE}
2019-09-24 19:08:59,776 [main] INFO  handler.ContextHandler (ContextHandler.java:doStop(910)) - Stopped o.e.j.s.ServletContextHandler@7eb27768{/logs,file:///workdir/hadoop-ozone/integration-test/target/log,UNAVAILABLE}
2019-09-24 19:08:59,777 [main] INFO  server.StorageContainerManager (StorageContainerManager.java:stop(855)) - Stopping Block Manager Service.
2019-09-24 19:08:59,778 [main] INFO  utils.BackgroundService (BackgroundService.java:shutdown(148)) - Shutting down service SCMBlockDeletingService
2019-09-24 19:08:59,778 [main] INFO  utils.BackgroundService (BackgroundService.java:shutdown(148)) - Shutting down service SCMBlockDeletingService
2019-09-24 19:08:59,779 [main] INFO  server.StorageContainerManager (StorageContainerManager.java:stop(877)) - Stopping SCM Event Queue.
2019-09-24 19:08:59,784 [main] INFO  impl.MetricsSystemImpl (MetricsSystemImpl.java:stop(210)) - Stopping HddsDatanode metrics system...
2019-09-24 19:08:59,808 [main] INFO  impl.MetricsSystemImpl (MetricsSystemImpl.java:stop(216)) - HddsDatanode metrics system stopped.
]]></system-out>
  </testcase>
</testsuite>