<?xml version="1.0" encoding="UTF-8"?>
<testsuite xmlns:xsi="http://www.w3.org/2001/XMLSchema-instance" xsi:noNamespaceSchemaLocation="https://maven.apache.org/surefire/maven-surefire-plugin/xsd/surefire-test-report.xsd" name="org.apache.hadoop.ozone.client.rpc.TestOzoneClientRetriesOnException" time="235.449" tests="2" errors="1" skipped="0" failures="0">
  <properties>
    <property name="awt.toolkit" value="sun.awt.X11.XToolkit"/>
    <property name="file.encoding.pkg" value="sun.io"/>
    <property name="java.specification.version" value="1.8"/>
    <property name="sun.cpu.isalist" value=""/>
    <property name="sun.jnu.encoding" value="UTF-8"/>
    <property name="java.class.path" value="/workdir/hadoop-ozone/integration-test/target/test-classes:/workdir/hadoop-ozone/integration-test/target/classes:/home/user/.m2/repository/org/apache/hadoop/hadoop-ozone-common/0.5.0-SNAPSHOT/hadoop-ozone-common-0.5.0-SNAPSHOT.jar:/home/user/.m2/repository/org/apache/commons/commons-compress/1.4.1/commons-compress-1.4.1.jar:/home/user/.m2/repository/org/tukaani/xz/1.0/xz-1.0.jar:/home/user/.m2/repository/org/apache/hadoop/hadoop-common/3.2.0/hadoop-common-3.2.0.jar:/home/user/.m2/repository/org/apache/hadoop/hadoop-hdfs/3.2.0/hadoop-hdfs-3.2.0.jar:/home/user/.m2/repository/org/apache/hadoop/hadoop-hdfs-client/3.2.0/hadoop-hdfs-client-3.2.0.jar:/home/user/.m2/repository/com/fasterxml/jackson/core/jackson-annotations/2.9.9/jackson-annotations-2.9.9.jar:/home/user/.m2/repository/org/apache/hadoop/hadoop-hdds-common/0.5.0-SNAPSHOT/hadoop-hdds-common-0.5.0-SNAPSHOT.jar:/home/user/.m2/repository/javax/annotation/javax.annotation-api/1.2/javax.annotation-api-1.2.jar:/home/user/.m2/repository/org/apache/ratis/ratis-server/0.4.0/ratis-server-0.4.0.jar:/home/user/.m2/repository/org/apache/ratis/ratis-thirdparty-misc/0.2.0/ratis-thirdparty-misc-0.2.0.jar:/home/user/.m2/repository/org/apache/ratis/ratis-proto/0.4.0/ratis-proto-0.4.0.jar:/home/user/.m2/repository/org/apache/ratis/ratis-common/0.4.0/ratis-common-0.4.0.jar:/home/user/.m2/repository/org/apache/ratis/ratis-client/0.4.0/ratis-client-0.4.0.jar:/home/user/.m2/repository/org/apache/ratis/ratis-metrics/0.4.0/ratis-metrics-0.4.0.jar:/home/user/.m2/repository/com/github/joshelser/dropwizard-metrics-hadoop-metrics2-reporter/0.1.2/dropwizard-metrics-hadoop-metrics2-reporter-0.1.2.jar:/home/user/.m2/repository/io/dropwizard/metrics/metrics-jvm/3.2.5/metrics-jvm-3.2.5.jar:/home/user/.m2/repository/io/dropwizard/metrics/metrics-ganglia/3.2.5/metrics-ganglia-3.2.5.jar:/home/user/.m2/repository/info/ganglia/gmetric4j/gmetric4j/1.0.7/gmetric4j-1.0.7.jar:/home/user/.m2/repository/org/apache/ratis/ratis-netty/0.4.0/ratis-netty-0.4.0.jar:/home/user/.m2/repository/org/apache/ratis/ratis-grpc/0.4.0/ratis-grpc-0.4.0.jar:/home/user/.m2/repository/org/rocksdb/rocksdbjni/6.0.1/rocksdbjni-6.0.1.jar:/home/user/.m2/repository/org/apache/logging/log4j/log4j-api/2.11.0/log4j-api-2.11.0.jar:/home/user/.m2/repository/org/apache/logging/log4j/log4j-core/2.11.0/log4j-core-2.11.0.jar:/home/user/.m2/repository/com/lmax/disruptor/3.4.2/disruptor-3.4.2.jar:/home/user/.m2/repository/org/apache/commons/commons-pool2/2.6.0/commons-pool2-2.6.0.jar:/home/user/.m2/repository/org/bouncycastle/bcpkix-jdk15on/1.60/bcpkix-jdk15on-1.60.jar:/home/user/.m2/repository/commons-validator/commons-validator/1.6/commons-validator-1.6.jar:/home/user/.m2/repository/commons-digester/commons-digester/1.8.1/commons-digester-1.8.1.jar:/home/user/.m2/repository/io/jaegertracing/jaeger-client/0.34.0/jaeger-client-0.34.0.jar:/home/user/.m2/repository/io/jaegertracing/jaeger-thrift/0.34.0/jaeger-thrift-0.34.0.jar:/home/user/.m2/repository/org/apache/thrift/libthrift/0.12.0/libthrift-0.12.0.jar:/home/user/.m2/repository/com/squareup/okhttp3/okhttp/3.9.0/okhttp-3.9.0.jar:/home/user/.m2/repository/com/squareup/okio/okio/1.13.0/okio-1.13.0.jar:/home/user/.m2/repository/io/jaegertracing/jaeger-core/0.34.0/jaeger-core-0.34.0.jar:/home/user/.m2/repository/io/jaegertracing/jaeger-tracerresolver/0.34.0/jaeger-tracerresolver-0.34.0.jar:/home/user/.m2/repository/io/opentracing/contrib/opentracing-tracerresolver/0.1.5/opentracing-tracerresolver-0.1.5.jar:/home/user/.m2/repository/io/opentracing/opentracing-util/0.31.0/opentracing-util-0.31.0.jar:/home/user/.m2/repository/io/opentracing/opentracing-api/0.31.0/opentracing-api-0.31.0.jar:/home/user/.m2/repository/io/opentracing/opentracing-noop/0.31.0/opentracing-noop-0.31.0.jar:/home/user/.m2/repository/org/apache/hadoop/hadoop-hdds-server-framework/0.5.0-SNAPSHOT/hadoop-hdds-server-framework-0.5.0-SNAPSHOT.jar:/home/user/.m2/repository/org/apache/hadoop/hadoop-hdds-container-service/0.5.0-SNAPSHOT/hadoop-hdds-container-service-0.5.0-SNAPSHOT.jar:/home/user/.m2/repository/org/apache/hadoop/hadoop-hdds-client/0.5.0-SNAPSHOT/hadoop-hdds-client-0.5.0-SNAPSHOT.jar:/home/user/.m2/repository/org/apache/hadoop/hadoop-hdds-tools/0.5.0-SNAPSHOT/hadoop-hdds-tools-0.5.0-SNAPSHOT.jar:/home/user/.m2/repository/org/apache/hadoop/hadoop-hdds-server-scm/0.5.0-SNAPSHOT/hadoop-hdds-server-scm-0.5.0-SNAPSHOT.jar:/home/user/.m2/repository/org/apache/hadoop/hadoop-hdds-docs/0.5.0-SNAPSHOT/hadoop-hdds-docs-0.5.0-SNAPSHOT.jar:/home/user/.m2/repository/io/dropwizard/metrics/metrics-core/3.2.4/metrics-core-3.2.4.jar:/home/user/.m2/repository/org/hamcrest/hamcrest-all/1.3/hamcrest-all-1.3.jar:/home/user/.m2/repository/org/bouncycastle/bcprov-jdk15on/1.60/bcprov-jdk15on-1.60.jar:/home/user/.m2/repository/info/picocli/picocli/3.9.6/picocli-3.9.6.jar:/home/user/.m2/repository/com/google/protobuf/protobuf-java/2.5.0/protobuf-java-2.5.0.jar:/home/user/.m2/repository/com/google/guava/guava/11.0.2/guava-11.0.2.jar:/home/user/.m2/repository/org/apache/hadoop/hadoop-ozone-ozone-manager/0.5.0-SNAPSHOT/hadoop-ozone-ozone-manager-0.5.0-SNAPSHOT.jar:/home/user/.m2/repository/org/apache/hadoop/hadoop-minikdc/3.2.0/hadoop-minikdc-3.2.0.jar:/home/user/.m2/repository/commons-io/commons-io/2.5/commons-io-2.5.jar:/home/user/.m2/repository/org/apache/kerby/kerb-simplekdc/1.0.1/kerb-simplekdc-1.0.1.jar:/home/user/.m2/repository/org/apache/kerby/kerb-client/1.0.1/kerb-client-1.0.1.jar:/home/user/.m2/repository/org/apache/kerby/kerby-config/1.0.1/kerby-config-1.0.1.jar:/home/user/.m2/repository/org/apache/kerby/kerb-core/1.0.1/kerb-core-1.0.1.jar:/home/user/.m2/repository/org/apache/kerby/kerby-pkix/1.0.1/kerby-pkix-1.0.1.jar:/home/user/.m2/repository/org/apache/kerby/kerby-asn1/1.0.1/kerby-asn1-1.0.1.jar:/home/user/.m2/repository/org/apache/kerby/kerby-util/1.0.1/kerby-util-1.0.1.jar:/home/user/.m2/repository/org/apache/kerby/kerb-common/1.0.1/kerb-common-1.0.1.jar:/home/user/.m2/repository/org/apache/kerby/kerb-crypto/1.0.1/kerb-crypto-1.0.1.jar:/home/user/.m2/repository/org/apache/kerby/kerb-util/1.0.1/kerb-util-1.0.1.jar:/home/user/.m2/repository/org/apache/kerby/token-provider/1.0.1/token-provider-1.0.1.jar:/home/user/.m2/repository/org/apache/kerby/kerb-admin/1.0.1/kerb-admin-1.0.1.jar:/home/user/.m2/repository/org/apache/kerby/kerb-server/1.0.1/kerb-server-1.0.1.jar:/home/user/.m2/repository/org/apache/kerby/kerb-identity/1.0.1/kerb-identity-1.0.1.jar:/home/user/.m2/repository/org/apache/kerby/kerby-xdr/1.0.1/kerby-xdr-1.0.1.jar:/home/user/.m2/repository/org/slf4j/slf4j-log4j12/1.7.25/slf4j-log4j12-1.7.25.jar:/home/user/.m2/repository/org/apache/hadoop/hadoop-ozone-s3gateway/0.5.0-SNAPSHOT/hadoop-ozone-s3gateway-0.5.0-SNAPSHOT.jar:/home/user/.m2/repository/org/jboss/weld/servlet/weld-servlet/2.4.7.Final/weld-servlet-2.4.7.Final.jar:/home/user/.m2/repository/org/glassfish/jersey/containers/jersey-container-servlet-core/2.27/jersey-container-servlet-core-2.27.jar:/home/user/.m2/repository/org/glassfish/hk2/external/javax.inject/2.5.0-b42/javax.inject-2.5.0-b42.jar:/home/user/.m2/repository/org/glassfish/jersey/core/jersey-common/2.27/jersey-common-2.27.jar:/home/user/.m2/repository/org/glassfish/hk2/osgi-resource-locator/1.0.1/osgi-resource-locator-1.0.1.jar:/home/user/.m2/repository/javax/ws/rs/javax.ws.rs-api/2.1/javax.ws.rs-api-2.1.jar:/home/user/.m2/repository/org/glassfish/jersey/ext/cdi/jersey-cdi1x/2.27/jersey-cdi1x-2.27.jar:/home/user/.m2/repository/org/glassfish/jersey/inject/jersey-hk2/2.27/jersey-hk2-2.27.jar:/home/user/.m2/repository/org/glassfish/hk2/hk2-locator/2.5.0-b42/hk2-locator-2.5.0-b42.jar:/home/user/.m2/repository/org/javassist/javassist/3.22.0-CR2/javassist-3.22.0-CR2.jar:/home/user/.m2/repository/org/glassfish/hk2/hk2-api/2.5.0/hk2-api-2.5.0.jar:/home/user/.m2/repository/org/glassfish/hk2/external/jakarta.inject/2.5.0/jakarta.inject-2.5.0.jar:/home/user/.m2/repository/org/glassfish/hk2/hk2-utils/2.5.0/hk2-utils-2.5.0.jar:/home/user/.m2/repository/jakarta/annotation/jakarta.annotation-api/1.3.4/jakarta.annotation-api-1.3.4.jar:/home/user/.m2/repository/org/glassfish/hk2/external/aopalliance-repackaged/2.5.0/aopalliance-repackaged-2.5.0.jar:/home/user/.m2/repository/com/fasterxml/jackson/dataformat/jackson-dataformat-xml/2.9.0/jackson-dataformat-xml-2.9.0.jar:/home/user/.m2/repository/com/fasterxml/jackson/core/jackson-core/2.9.9/jackson-core-2.9.9.jar:/home/user/.m2/repository/com/fasterxml/jackson/module/jackson-module-jaxb-annotations/2.9.9/jackson-module-jaxb-annotations-2.9.9.jar:/home/user/.m2/repository/javax/enterprise/cdi-api/1.2/cdi-api-1.2.jar:/home/user/.m2/repository/javax/el/javax.el-api/3.0.0/javax.el-api-3.0.0.jar:/home/user/.m2/repository/javax/interceptor/javax.interceptor-api/1.2/javax.interceptor-api-1.2.jar:/home/user/.m2/repository/javax/inject/javax.inject/1/javax.inject-1.jar:/home/user/.m2/repository/com/sun/xml/bind/jaxb-impl/2.3.0.1/jaxb-impl-2.3.0.1.jar:/home/user/.m2/repository/com/sun/xml/bind/jaxb-core/2.3.0.1/jaxb-core-2.3.0.1.jar:/home/user/.m2/repository/javax/xml/bind/jaxb-api/2.3.0/jaxb-api-2.3.0.jar:/home/user/.m2/repository/javax/activation/activation/1.1.1/activation-1.1.1.jar:/home/user/.m2/repository/org/apache/hadoop/hadoop-ozone-csi/0.5.0-SNAPSHOT/hadoop-ozone-csi-0.5.0-SNAPSHOT.jar:/home/user/.m2/repository/com/google/protobuf/protobuf-java-util/3.5.1/protobuf-java-util-3.5.1.jar:/home/user/.m2/repository/org/apache/hadoop/hadoop-hdds-config/0.5.0-SNAPSHOT/hadoop-hdds-config-0.5.0-SNAPSHOT.jar:/home/user/.m2/repository/io/grpc/grpc-netty/1.17.1/grpc-netty-1.17.1.jar:/home/user/.m2/repository/io/grpc/grpc-core/1.17.1/grpc-core-1.17.1.jar:/home/user/.m2/repository/io/grpc/grpc-context/1.17.1/grpc-context-1.17.1.jar:/home/user/.m2/repository/com/google/errorprone/error_prone_annotations/2.2.0/error_prone_annotations-2.2.0.jar:/home/user/.m2/repository/org/codehaus/mojo/animal-sniffer-annotations/1.17/animal-sniffer-annotations-1.17.jar:/home/user/.m2/repository/io/opencensus/opencensus-api/0.17.0/opencensus-api-0.17.0.jar:/home/user/.m2/repository/io/opencensus/opencensus-contrib-grpc-metrics/0.17.0/opencensus-contrib-grpc-metrics-0.17.0.jar:/home/user/.m2/repository/io/netty/netty-codec-http2/4.1.30.Final/netty-codec-http2-4.1.30.Final.jar:/home/user/.m2/repository/io/netty/netty-codec-http/4.1.30.Final/netty-codec-http-4.1.30.Final.jar:/home/user/.m2/repository/io/netty/netty-codec/4.1.30.Final/netty-codec-4.1.30.Final.jar:/home/user/.m2/repository/io/netty/netty-handler/4.1.30.Final/netty-handler-4.1.30.Final.jar:/home/user/.m2/repository/io/netty/netty-handler-proxy/4.1.30.Final/netty-handler-proxy-4.1.30.Final.jar:/home/user/.m2/repository/io/netty/netty-codec-socks/4.1.30.Final/netty-codec-socks-4.1.30.Final.jar:/home/user/.m2/repository/io/netty/netty-transport-native-epoll/4.1.30.Final/netty-transport-native-epoll-4.1.30.Final.jar:/home/user/.m2/repository/io/netty/netty-common/4.1.30.Final/netty-common-4.1.30.Final.jar:/home/user/.m2/repository/io/netty/netty-buffer/4.1.30.Final/netty-buffer-4.1.30.Final.jar:/home/user/.m2/repository/io/netty/netty-transport/4.1.30.Final/netty-transport-4.1.30.Final.jar:/home/user/.m2/repository/io/netty/netty-resolver/4.1.30.Final/netty-resolver-4.1.30.Final.jar:/home/user/.m2/repository/io/netty/netty-transport-native-unix-common/4.1.30.Final/netty-transport-native-unix-common-4.1.30.Final.jar:/home/user/.m2/repository/io/grpc/grpc-protobuf/1.17.1/grpc-protobuf-1.17.1.jar:/home/user/.m2/repository/com/google/api/grpc/proto-google-common-protos/1.0.0/proto-google-common-protos-1.0.0.jar:/home/user/.m2/repository/io/grpc/grpc-protobuf-lite/1.17.1/grpc-protobuf-lite-1.17.1.jar:/home/user/.m2/repository/io/grpc/grpc-stub/1.17.1/grpc-stub-1.17.1.jar:/home/user/.m2/repository/org/apache/hadoop/hadoop-ozone-recon/0.5.0-SNAPSHOT/hadoop-ozone-recon-0.5.0-SNAPSHOT.jar:/home/user/.m2/repository/org/apache/hadoop/hadoop-ozone-reconcodegen/0.5.0-SNAPSHOT/hadoop-ozone-reconcodegen-0.5.0-SNAPSHOT.jar:/home/user/.m2/repository/com/google/inject/extensions/guice-multibindings/4.0/guice-multibindings-4.0.jar:/home/user/.m2/repository/com/google/inject/guice/4.0/guice-4.0.jar:/home/user/.m2/repository/aopalliance/aopalliance/1.0/aopalliance-1.0.jar:/home/user/.m2/repository/com/google/inject/extensions/guice-servlet/4.0/guice-servlet-4.0.jar:/home/user/.m2/repository/org/glassfish/jersey/containers/jersey-container-servlet/2.27/jersey-container-servlet-2.27.jar:/home/user/.m2/repository/org/glassfish/hk2/guice-bridge/2.5.0/guice-bridge-2.5.0.jar:/home/user/.m2/repository/org/glassfish/jersey/core/jersey-server/2.27/jersey-server-2.27.jar:/home/user/.m2/repository/org/glassfish/jersey/core/jersey-client/2.27/jersey-client-2.27.jar:/home/user/.m2/repository/org/glassfish/jersey/media/jersey-media-jaxb/2.27/jersey-media-jaxb-2.27.jar:/home/user/.m2/repository/javax/validation/validation-api/1.1.0.Final/validation-api-1.1.0.Final.jar:/home/user/.m2/repository/org/glassfish/jersey/media/jersey-media-json-jackson/2.27/jersey-media-json-jackson-2.27.jar:/home/user/.m2/repository/org/glassfish/jersey/ext/jersey-entity-filtering/2.27/jersey-entity-filtering-2.27.jar:/home/user/.m2/repository/com/google/inject/extensions/guice-assistedinject/4.0/guice-assistedinject-4.0.jar:/home/user/.m2/repository/org/jooq/jooq/3.11.10/jooq-3.11.10.jar:/home/user/.m2/repository/org/jooq/jooq-meta/3.11.10/jooq-meta-3.11.10.jar:/home/user/.m2/repository/org/jooq/jooq-codegen/3.11.10/jooq-codegen-3.11.10.jar:/home/user/.m2/repository/com/jolbox/bonecp/0.8.0.RELEASE/bonecp-0.8.0.RELEASE.jar:/home/user/.m2/repository/org/xerial/sqlite-jdbc/3.25.2/sqlite-jdbc-3.25.2.jar:/home/user/.m2/repository/org/springframework/spring-jdbc/5.1.3.RELEASE/spring-jdbc-5.1.3.RELEASE.jar:/home/user/.m2/repository/org/springframework/spring-beans/5.1.3.RELEASE/spring-beans-5.1.3.RELEASE.jar:/home/user/.m2/repository/org/springframework/spring-core/5.1.3.RELEASE/spring-core-5.1.3.RELEASE.jar:/home/user/.m2/repository/org/springframework/spring-jcl/5.1.3.RELEASE/spring-jcl-5.1.3.RELEASE.jar:/home/user/.m2/repository/org/springframework/spring-tx/5.1.3.RELEASE/spring-tx-5.1.3.RELEASE.jar:/home/user/.m2/repository/org/apache/hadoop/hadoop-ozone-client/0.5.0-SNAPSHOT/hadoop-ozone-client-0.5.0-SNAPSHOT.jar:/home/user/.m2/repository/commons-lang/commons-lang/2.6/commons-lang-2.6.jar:/home/user/.m2/repository/org/apache/hadoop/hadoop-ozone-ozone-manager/0.5.0-SNAPSHOT/hadoop-ozone-ozone-manager-0.5.0-SNAPSHOT-tests.jar:/home/user/.m2/repository/junit/junit/4.11/junit-4.11.jar:/home/user/.m2/repository/org/hamcrest/hamcrest-core/1.3/hamcrest-core-1.3.jar:/home/user/.m2/repository/org/openjdk/jmh/jmh-core/1.19/jmh-core-1.19.jar:/home/user/.m2/repository/net/sf/jopt-simple/jopt-simple/4.6/jopt-simple-4.6.jar:/home/user/.m2/repository/org/apache/commons/commons-math3/3.1.1/commons-math3-3.1.1.jar:/home/user/.m2/repository/org/openjdk/jmh/jmh-generator-annprocess/1.19/jmh-generator-annprocess-1.19.jar:/home/user/.m2/repository/org/mockito/mockito-all/1.8.5/mockito-all-1.8.5.jar:/home/user/.m2/repository/org/apache/hadoop/hadoop-kms/3.2.0/hadoop-kms-3.2.0.jar:/home/user/.m2/repository/org/apache/hadoop/hadoop-auth/3.2.0/hadoop-auth-3.2.0.jar:/home/user/.m2/repository/com/nimbusds/nimbus-jose-jwt/4.41.1/nimbus-jose-jwt-4.41.1.jar:/home/user/.m2/repository/com/github/stephenc/jcip/jcip-annotations/1.0-1/jcip-annotations-1.0-1.jar:/home/user/.m2/repository/net/minidev/json-smart/2.3/json-smart-2.3.jar:/home/user/.m2/repository/net/minidev/accessors-smart/1.2/accessors-smart-1.2.jar:/home/user/.m2/repository/org/ow2/asm/asm/5.0.4/asm-5.0.4.jar:/home/user/.m2/repository/org/apache/curator/curator-framework/2.12.0/curator-framework-2.12.0.jar:/home/user/.m2/repository/com/sun/jersey/jersey-core/1.19/jersey-core-1.19.jar:/home/user/.m2/repository/javax/ws/rs/jsr311-api/1.1.1/jsr311-api-1.1.1.jar:/home/user/.m2/repository/com/sun/jersey/jersey-server/1.19/jersey-server-1.19.jar:/home/user/.m2/repository/javax/servlet/javax.servlet-api/3.1.0/javax.servlet-api-3.1.0.jar:/home/user/.m2/repository/org/eclipse/jetty/jetty-server/9.3.25.v20180904/jetty-server-9.3.25.v20180904.jar:/home/user/.m2/repository/org/eclipse/jetty/jetty-http/9.3.25.v20180904/jetty-http-9.3.25.v20180904.jar:/home/user/.m2/repository/org/eclipse/jetty/jetty-io/9.3.25.v20180904/jetty-io-9.3.25.v20180904.jar:/home/user/.m2/repository/org/eclipse/jetty/jetty-webapp/9.3.25.v20180904/jetty-webapp-9.3.25.v20180904.jar:/home/user/.m2/repository/org/eclipse/jetty/jetty-xml/9.3.25.v20180904/jetty-xml-9.3.25.v20180904.jar:/home/user/.m2/repository/log4j/log4j/1.2.17/log4j-1.2.17.jar:/home/user/.m2/repository/org/slf4j/slf4j-api/1.7.25/slf4j-api-1.7.25.jar:/home/user/.m2/repository/org/slf4j/jul-to-slf4j/1.7.25/jul-to-slf4j-1.7.25.jar:/home/user/.m2/repository/org/eclipse/jetty/jetty-util/9.3.25.v20180904/jetty-util-9.3.25.v20180904.jar:/home/user/.m2/repository/com/fasterxml/jackson/core/jackson-databind/2.9.9/jackson-databind-2.9.9.jar:/home/user/.m2/repository/org/apache/hadoop/hadoop-kms/3.2.0/hadoop-kms-3.2.0-tests.jar:/home/user/.m2/repository/org/apache/hadoop/hadoop-hdds-server-scm/0.5.0-SNAPSHOT/hadoop-hdds-server-scm-0.5.0-SNAPSHOT-tests.jar:/home/user/.m2/repository/org/apache/hadoop/hadoop-hdds-container-service/0.5.0-SNAPSHOT/hadoop-hdds-container-service-0.5.0-SNAPSHOT-tests.jar:/home/user/.m2/repository/org/yaml/snakeyaml/1.16/snakeyaml-1.16.jar:/home/user/.m2/repository/org/apache/hadoop/hadoop-common/3.2.0/hadoop-common-3.2.0-tests.jar:/home/user/.m2/repository/org/apache/hadoop/hadoop-annotations/3.2.0/hadoop-annotations-3.2.0.jar:/usr/lib/jvm/java-1.8-openjdk/jre/../lib/tools.jar:/home/user/.m2/repository/commons-cli/commons-cli/1.2/commons-cli-1.2.jar:/home/user/.m2/repository/org/apache/httpcomponents/httpclient/4.5.2/httpclient-4.5.2.jar:/home/user/.m2/repository/org/apache/httpcomponents/httpcore/4.4.4/httpcore-4.4.4.jar:/home/user/.m2/repository/commons-codec/commons-codec/1.11/commons-codec-1.11.jar:/home/user/.m2/repository/commons-net/commons-net/3.6/commons-net-3.6.jar:/home/user/.m2/repository/commons-collections/commons-collections/3.2.2/commons-collections-3.2.2.jar:/home/user/.m2/repository/org/eclipse/jetty/jetty-servlet/9.3.25.v20180904/jetty-servlet-9.3.25.v20180904.jar:/home/user/.m2/repository/org/eclipse/jetty/jetty-security/9.3.25.v20180904/jetty-security-9.3.25.v20180904.jar:/home/user/.m2/repository/javax/servlet/jsp/jsp-api/2.1/jsp-api-2.1.jar:/home/user/.m2/repository/com/sun/jersey/jersey-servlet/1.19/jersey-servlet-1.19.jar:/home/user/.m2/repository/com/sun/jersey/jersey-json/1.19/jersey-json-1.19.jar:/home/user/.m2/repository/org/codehaus/jettison/jettison/1.1/jettison-1.1.jar:/home/user/.m2/repository/org/codehaus/jackson/jackson-core-asl/1.9.13/jackson-core-asl-1.9.13.jar:/home/user/.m2/repository/org/codehaus/jackson/jackson-mapper-asl/1.9.13/jackson-mapper-asl-1.9.13.jar:/home/user/.m2/repository/org/codehaus/jackson/jackson-jaxrs/1.9.13/jackson-jaxrs-1.9.13.jar:/home/user/.m2/repository/org/codehaus/jackson/jackson-xc/1.9.13/jackson-xc-1.9.13.jar:/home/user/.m2/repository/commons-logging/commons-logging/1.1.3/commons-logging-1.1.3.jar:/home/user/.m2/repository/commons-beanutils/commons-beanutils/1.9.4/commons-beanutils-1.9.4.jar:/home/user/.m2/repository/org/apache/commons/commons-configuration2/2.1.1/commons-configuration2-2.1.1.jar:/home/user/.m2/repository/org/apache/commons/commons-lang3/3.7/commons-lang3-3.7.jar:/home/user/.m2/repository/org/apache/commons/commons-text/1.4/commons-text-1.4.jar:/home/user/.m2/repository/org/apache/avro/avro/1.7.7/avro-1.7.7.jar:/home/user/.m2/repository/com/thoughtworks/paranamer/paranamer/2.3/paranamer-2.3.jar:/home/user/.m2/repository/org/xerial/snappy/snappy-java/1.0.5/snappy-java-1.0.5.jar:/home/user/.m2/repository/com/google/re2j/re2j/1.1/re2j-1.1.jar:/home/user/.m2/repository/com/google/code/gson/gson/2.2.4/gson-2.2.4.jar:/home/user/.m2/repository/com/jcraft/jsch/0.1.54/jsch-0.1.54.jar:/home/user/.m2/repository/org/apache/curator/curator-client/2.12.0/curator-client-2.12.0.jar:/home/user/.m2/repository/org/apache/curator/curator-recipes/2.12.0/curator-recipes-2.12.0.jar:/home/user/.m2/repository/com/google/code/findbugs/jsr305/3.0.0/jsr305-3.0.0.jar:/home/user/.m2/repository/org/apache/htrace/htrace-core4/4.1.0-incubating/htrace-core4-4.1.0-incubating.jar:/home/user/.m2/repository/org/apache/zookeeper/zookeeper/3.4.13/zookeeper-3.4.13.jar:/home/user/.m2/repository/jline/jline/0.9.94/jline-0.9.94.jar:/home/user/.m2/repository/org/apache/yetus/audience-annotations/0.5.0/audience-annotations-0.5.0.jar:/home/user/.m2/repository/org/codehaus/woodstox/stax2-api/3.1.4/stax2-api-3.1.4.jar:/home/user/.m2/repository/com/fasterxml/woodstox/woodstox-core/5.0.3/woodstox-core-5.0.3.jar:/home/user/.m2/repository/dnsjava/dnsjava/2.1.7/dnsjava-2.1.7.jar:/home/user/.m2/repository/org/apache/hadoop/hadoop-hdfs/3.2.0/hadoop-hdfs-3.2.0-tests.jar:/home/user/.m2/repository/org/eclipse/jetty/jetty-util-ajax/9.3.25.v20180904/jetty-util-ajax-9.3.25.v20180904.jar:/home/user/.m2/repository/commons-daemon/commons-daemon/1.0.13/commons-daemon-1.0.13.jar:/home/user/.m2/repository/io/netty/netty/3.10.5.Final/netty-3.10.5.Final.jar:/home/user/.m2/repository/io/netty/netty-all/4.0.52.Final/netty-all-4.0.52.Final.jar:/home/user/.m2/repository/org/fusesource/leveldbjni/leveldbjni-all/1.8/leveldbjni-all-1.8.jar:"/>
    <property name="java.vm.vendor" value="IcedTea"/>
    <property name="sun.arch.data.model" value="64"/>
    <property name="test.build.dir" value="/workdir/hadoop-ozone/integration-test/target/test-dir"/>
    <property name="test.cache.data" value=""/>
    <property name="java.vendor.url" value="https://icedtea.classpath.org"/>
    <property name="user.timezone" value=""/>
    <property name="java.vm.specification.version" value="1.8"/>
    <property name="os.name" value="Linux"/>
    <property name="test.build.data" value="/workdir/hadoop-ozone/integration-test/target/test-dir"/>
    <property name="user.country" value="US"/>
    <property name="sun.java.launcher" value="SUN_STANDARD"/>
    <property name="sun.boot.library.path" value="/usr/lib/jvm/java-1.8-openjdk/jre/lib/amd64"/>
    <property name="sun.java.command" value="/workdir/hadoop-ozone/integration-test/target/surefire/surefirebooter2549678642281579770.jar /workdir/hadoop-ozone/integration-test/target/surefire 2019-09-24T17-58-35_424-jvmRun1 surefire2114596271455409140tmp surefire_255754000194512562339tmp"/>
    <property name="test" value="!TestMiniChaosOzoneCluster"/>
    <property name="surefire.test.class.path" value="/workdir/hadoop-ozone/integration-test/target/test-classes:/workdir/hadoop-ozone/integration-test/target/classes:/home/user/.m2/repository/org/apache/hadoop/hadoop-ozone-common/0.5.0-SNAPSHOT/hadoop-ozone-common-0.5.0-SNAPSHOT.jar:/home/user/.m2/repository/org/apache/commons/commons-compress/1.4.1/commons-compress-1.4.1.jar:/home/user/.m2/repository/org/tukaani/xz/1.0/xz-1.0.jar:/home/user/.m2/repository/org/apache/hadoop/hadoop-common/3.2.0/hadoop-common-3.2.0.jar:/home/user/.m2/repository/org/apache/hadoop/hadoop-hdfs/3.2.0/hadoop-hdfs-3.2.0.jar:/home/user/.m2/repository/org/apache/hadoop/hadoop-hdfs-client/3.2.0/hadoop-hdfs-client-3.2.0.jar:/home/user/.m2/repository/com/fasterxml/jackson/core/jackson-annotations/2.9.9/jackson-annotations-2.9.9.jar:/home/user/.m2/repository/org/apache/hadoop/hadoop-hdds-common/0.5.0-SNAPSHOT/hadoop-hdds-common-0.5.0-SNAPSHOT.jar:/home/user/.m2/repository/javax/annotation/javax.annotation-api/1.2/javax.annotation-api-1.2.jar:/home/user/.m2/repository/org/apache/ratis/ratis-server/0.4.0/ratis-server-0.4.0.jar:/home/user/.m2/repository/org/apache/ratis/ratis-thirdparty-misc/0.2.0/ratis-thirdparty-misc-0.2.0.jar:/home/user/.m2/repository/org/apache/ratis/ratis-proto/0.4.0/ratis-proto-0.4.0.jar:/home/user/.m2/repository/org/apache/ratis/ratis-common/0.4.0/ratis-common-0.4.0.jar:/home/user/.m2/repository/org/apache/ratis/ratis-client/0.4.0/ratis-client-0.4.0.jar:/home/user/.m2/repository/org/apache/ratis/ratis-metrics/0.4.0/ratis-metrics-0.4.0.jar:/home/user/.m2/repository/com/github/joshelser/dropwizard-metrics-hadoop-metrics2-reporter/0.1.2/dropwizard-metrics-hadoop-metrics2-reporter-0.1.2.jar:/home/user/.m2/repository/io/dropwizard/metrics/metrics-jvm/3.2.5/metrics-jvm-3.2.5.jar:/home/user/.m2/repository/io/dropwizard/metrics/metrics-ganglia/3.2.5/metrics-ganglia-3.2.5.jar:/home/user/.m2/repository/info/ganglia/gmetric4j/gmetric4j/1.0.7/gmetric4j-1.0.7.jar:/home/user/.m2/repository/org/apache/ratis/ratis-netty/0.4.0/ratis-netty-0.4.0.jar:/home/user/.m2/repository/org/apache/ratis/ratis-grpc/0.4.0/ratis-grpc-0.4.0.jar:/home/user/.m2/repository/org/rocksdb/rocksdbjni/6.0.1/rocksdbjni-6.0.1.jar:/home/user/.m2/repository/org/apache/logging/log4j/log4j-api/2.11.0/log4j-api-2.11.0.jar:/home/user/.m2/repository/org/apache/logging/log4j/log4j-core/2.11.0/log4j-core-2.11.0.jar:/home/user/.m2/repository/com/lmax/disruptor/3.4.2/disruptor-3.4.2.jar:/home/user/.m2/repository/org/apache/commons/commons-pool2/2.6.0/commons-pool2-2.6.0.jar:/home/user/.m2/repository/org/bouncycastle/bcpkix-jdk15on/1.60/bcpkix-jdk15on-1.60.jar:/home/user/.m2/repository/commons-validator/commons-validator/1.6/commons-validator-1.6.jar:/home/user/.m2/repository/commons-digester/commons-digester/1.8.1/commons-digester-1.8.1.jar:/home/user/.m2/repository/io/jaegertracing/jaeger-client/0.34.0/jaeger-client-0.34.0.jar:/home/user/.m2/repository/io/jaegertracing/jaeger-thrift/0.34.0/jaeger-thrift-0.34.0.jar:/home/user/.m2/repository/org/apache/thrift/libthrift/0.12.0/libthrift-0.12.0.jar:/home/user/.m2/repository/com/squareup/okhttp3/okhttp/3.9.0/okhttp-3.9.0.jar:/home/user/.m2/repository/com/squareup/okio/okio/1.13.0/okio-1.13.0.jar:/home/user/.m2/repository/io/jaegertracing/jaeger-core/0.34.0/jaeger-core-0.34.0.jar:/home/user/.m2/repository/io/jaegertracing/jaeger-tracerresolver/0.34.0/jaeger-tracerresolver-0.34.0.jar:/home/user/.m2/repository/io/opentracing/contrib/opentracing-tracerresolver/0.1.5/opentracing-tracerresolver-0.1.5.jar:/home/user/.m2/repository/io/opentracing/opentracing-util/0.31.0/opentracing-util-0.31.0.jar:/home/user/.m2/repository/io/opentracing/opentracing-api/0.31.0/opentracing-api-0.31.0.jar:/home/user/.m2/repository/io/opentracing/opentracing-noop/0.31.0/opentracing-noop-0.31.0.jar:/home/user/.m2/repository/org/apache/hadoop/hadoop-hdds-server-framework/0.5.0-SNAPSHOT/hadoop-hdds-server-framework-0.5.0-SNAPSHOT.jar:/home/user/.m2/repository/org/apache/hadoop/hadoop-hdds-container-service/0.5.0-SNAPSHOT/hadoop-hdds-container-service-0.5.0-SNAPSHOT.jar:/home/user/.m2/repository/org/apache/hadoop/hadoop-hdds-client/0.5.0-SNAPSHOT/hadoop-hdds-client-0.5.0-SNAPSHOT.jar:/home/user/.m2/repository/org/apache/hadoop/hadoop-hdds-tools/0.5.0-SNAPSHOT/hadoop-hdds-tools-0.5.0-SNAPSHOT.jar:/home/user/.m2/repository/org/apache/hadoop/hadoop-hdds-server-scm/0.5.0-SNAPSHOT/hadoop-hdds-server-scm-0.5.0-SNAPSHOT.jar:/home/user/.m2/repository/org/apache/hadoop/hadoop-hdds-docs/0.5.0-SNAPSHOT/hadoop-hdds-docs-0.5.0-SNAPSHOT.jar:/home/user/.m2/repository/io/dropwizard/metrics/metrics-core/3.2.4/metrics-core-3.2.4.jar:/home/user/.m2/repository/org/hamcrest/hamcrest-all/1.3/hamcrest-all-1.3.jar:/home/user/.m2/repository/org/bouncycastle/bcprov-jdk15on/1.60/bcprov-jdk15on-1.60.jar:/home/user/.m2/repository/info/picocli/picocli/3.9.6/picocli-3.9.6.jar:/home/user/.m2/repository/com/google/protobuf/protobuf-java/2.5.0/protobuf-java-2.5.0.jar:/home/user/.m2/repository/com/google/guava/guava/11.0.2/guava-11.0.2.jar:/home/user/.m2/repository/org/apache/hadoop/hadoop-ozone-ozone-manager/0.5.0-SNAPSHOT/hadoop-ozone-ozone-manager-0.5.0-SNAPSHOT.jar:/home/user/.m2/repository/org/apache/hadoop/hadoop-minikdc/3.2.0/hadoop-minikdc-3.2.0.jar:/home/user/.m2/repository/commons-io/commons-io/2.5/commons-io-2.5.jar:/home/user/.m2/repository/org/apache/kerby/kerb-simplekdc/1.0.1/kerb-simplekdc-1.0.1.jar:/home/user/.m2/repository/org/apache/kerby/kerb-client/1.0.1/kerb-client-1.0.1.jar:/home/user/.m2/repository/org/apache/kerby/kerby-config/1.0.1/kerby-config-1.0.1.jar:/home/user/.m2/repository/org/apache/kerby/kerb-core/1.0.1/kerb-core-1.0.1.jar:/home/user/.m2/repository/org/apache/kerby/kerby-pkix/1.0.1/kerby-pkix-1.0.1.jar:/home/user/.m2/repository/org/apache/kerby/kerby-asn1/1.0.1/kerby-asn1-1.0.1.jar:/home/user/.m2/repository/org/apache/kerby/kerby-util/1.0.1/kerby-util-1.0.1.jar:/home/user/.m2/repository/org/apache/kerby/kerb-common/1.0.1/kerb-common-1.0.1.jar:/home/user/.m2/repository/org/apache/kerby/kerb-crypto/1.0.1/kerb-crypto-1.0.1.jar:/home/user/.m2/repository/org/apache/kerby/kerb-util/1.0.1/kerb-util-1.0.1.jar:/home/user/.m2/repository/org/apache/kerby/token-provider/1.0.1/token-provider-1.0.1.jar:/home/user/.m2/repository/org/apache/kerby/kerb-admin/1.0.1/kerb-admin-1.0.1.jar:/home/user/.m2/repository/org/apache/kerby/kerb-server/1.0.1/kerb-server-1.0.1.jar:/home/user/.m2/repository/org/apache/kerby/kerb-identity/1.0.1/kerb-identity-1.0.1.jar:/home/user/.m2/repository/org/apache/kerby/kerby-xdr/1.0.1/kerby-xdr-1.0.1.jar:/home/user/.m2/repository/org/slf4j/slf4j-log4j12/1.7.25/slf4j-log4j12-1.7.25.jar:/home/user/.m2/repository/org/apache/hadoop/hadoop-ozone-s3gateway/0.5.0-SNAPSHOT/hadoop-ozone-s3gateway-0.5.0-SNAPSHOT.jar:/home/user/.m2/repository/org/jboss/weld/servlet/weld-servlet/2.4.7.Final/weld-servlet-2.4.7.Final.jar:/home/user/.m2/repository/org/glassfish/jersey/containers/jersey-container-servlet-core/2.27/jersey-container-servlet-core-2.27.jar:/home/user/.m2/repository/org/glassfish/hk2/external/javax.inject/2.5.0-b42/javax.inject-2.5.0-b42.jar:/home/user/.m2/repository/org/glassfish/jersey/core/jersey-common/2.27/jersey-common-2.27.jar:/home/user/.m2/repository/org/glassfish/hk2/osgi-resource-locator/1.0.1/osgi-resource-locator-1.0.1.jar:/home/user/.m2/repository/javax/ws/rs/javax.ws.rs-api/2.1/javax.ws.rs-api-2.1.jar:/home/user/.m2/repository/org/glassfish/jersey/ext/cdi/jersey-cdi1x/2.27/jersey-cdi1x-2.27.jar:/home/user/.m2/repository/org/glassfish/jersey/inject/jersey-hk2/2.27/jersey-hk2-2.27.jar:/home/user/.m2/repository/org/glassfish/hk2/hk2-locator/2.5.0-b42/hk2-locator-2.5.0-b42.jar:/home/user/.m2/repository/org/javassist/javassist/3.22.0-CR2/javassist-3.22.0-CR2.jar:/home/user/.m2/repository/org/glassfish/hk2/hk2-api/2.5.0/hk2-api-2.5.0.jar:/home/user/.m2/repository/org/glassfish/hk2/external/jakarta.inject/2.5.0/jakarta.inject-2.5.0.jar:/home/user/.m2/repository/org/glassfish/hk2/hk2-utils/2.5.0/hk2-utils-2.5.0.jar:/home/user/.m2/repository/jakarta/annotation/jakarta.annotation-api/1.3.4/jakarta.annotation-api-1.3.4.jar:/home/user/.m2/repository/org/glassfish/hk2/external/aopalliance-repackaged/2.5.0/aopalliance-repackaged-2.5.0.jar:/home/user/.m2/repository/com/fasterxml/jackson/dataformat/jackson-dataformat-xml/2.9.0/jackson-dataformat-xml-2.9.0.jar:/home/user/.m2/repository/com/fasterxml/jackson/core/jackson-core/2.9.9/jackson-core-2.9.9.jar:/home/user/.m2/repository/com/fasterxml/jackson/module/jackson-module-jaxb-annotations/2.9.9/jackson-module-jaxb-annotations-2.9.9.jar:/home/user/.m2/repository/javax/enterprise/cdi-api/1.2/cdi-api-1.2.jar:/home/user/.m2/repository/javax/el/javax.el-api/3.0.0/javax.el-api-3.0.0.jar:/home/user/.m2/repository/javax/interceptor/javax.interceptor-api/1.2/javax.interceptor-api-1.2.jar:/home/user/.m2/repository/javax/inject/javax.inject/1/javax.inject-1.jar:/home/user/.m2/repository/com/sun/xml/bind/jaxb-impl/2.3.0.1/jaxb-impl-2.3.0.1.jar:/home/user/.m2/repository/com/sun/xml/bind/jaxb-core/2.3.0.1/jaxb-core-2.3.0.1.jar:/home/user/.m2/repository/javax/xml/bind/jaxb-api/2.3.0/jaxb-api-2.3.0.jar:/home/user/.m2/repository/javax/activation/activation/1.1.1/activation-1.1.1.jar:/home/user/.m2/repository/org/apache/hadoop/hadoop-ozone-csi/0.5.0-SNAPSHOT/hadoop-ozone-csi-0.5.0-SNAPSHOT.jar:/home/user/.m2/repository/com/google/protobuf/protobuf-java-util/3.5.1/protobuf-java-util-3.5.1.jar:/home/user/.m2/repository/org/apache/hadoop/hadoop-hdds-config/0.5.0-SNAPSHOT/hadoop-hdds-config-0.5.0-SNAPSHOT.jar:/home/user/.m2/repository/io/grpc/grpc-netty/1.17.1/grpc-netty-1.17.1.jar:/home/user/.m2/repository/io/grpc/grpc-core/1.17.1/grpc-core-1.17.1.jar:/home/user/.m2/repository/io/grpc/grpc-context/1.17.1/grpc-context-1.17.1.jar:/home/user/.m2/repository/com/google/errorprone/error_prone_annotations/2.2.0/error_prone_annotations-2.2.0.jar:/home/user/.m2/repository/org/codehaus/mojo/animal-sniffer-annotations/1.17/animal-sniffer-annotations-1.17.jar:/home/user/.m2/repository/io/opencensus/opencensus-api/0.17.0/opencensus-api-0.17.0.jar:/home/user/.m2/repository/io/opencensus/opencensus-contrib-grpc-metrics/0.17.0/opencensus-contrib-grpc-metrics-0.17.0.jar:/home/user/.m2/repository/io/netty/netty-codec-http2/4.1.30.Final/netty-codec-http2-4.1.30.Final.jar:/home/user/.m2/repository/io/netty/netty-codec-http/4.1.30.Final/netty-codec-http-4.1.30.Final.jar:/home/user/.m2/repository/io/netty/netty-codec/4.1.30.Final/netty-codec-4.1.30.Final.jar:/home/user/.m2/repository/io/netty/netty-handler/4.1.30.Final/netty-handler-4.1.30.Final.jar:/home/user/.m2/repository/io/netty/netty-handler-proxy/4.1.30.Final/netty-handler-proxy-4.1.30.Final.jar:/home/user/.m2/repository/io/netty/netty-codec-socks/4.1.30.Final/netty-codec-socks-4.1.30.Final.jar:/home/user/.m2/repository/io/netty/netty-transport-native-epoll/4.1.30.Final/netty-transport-native-epoll-4.1.30.Final.jar:/home/user/.m2/repository/io/netty/netty-common/4.1.30.Final/netty-common-4.1.30.Final.jar:/home/user/.m2/repository/io/netty/netty-buffer/4.1.30.Final/netty-buffer-4.1.30.Final.jar:/home/user/.m2/repository/io/netty/netty-transport/4.1.30.Final/netty-transport-4.1.30.Final.jar:/home/user/.m2/repository/io/netty/netty-resolver/4.1.30.Final/netty-resolver-4.1.30.Final.jar:/home/user/.m2/repository/io/netty/netty-transport-native-unix-common/4.1.30.Final/netty-transport-native-unix-common-4.1.30.Final.jar:/home/user/.m2/repository/io/grpc/grpc-protobuf/1.17.1/grpc-protobuf-1.17.1.jar:/home/user/.m2/repository/com/google/api/grpc/proto-google-common-protos/1.0.0/proto-google-common-protos-1.0.0.jar:/home/user/.m2/repository/io/grpc/grpc-protobuf-lite/1.17.1/grpc-protobuf-lite-1.17.1.jar:/home/user/.m2/repository/io/grpc/grpc-stub/1.17.1/grpc-stub-1.17.1.jar:/home/user/.m2/repository/org/apache/hadoop/hadoop-ozone-recon/0.5.0-SNAPSHOT/hadoop-ozone-recon-0.5.0-SNAPSHOT.jar:/home/user/.m2/repository/org/apache/hadoop/hadoop-ozone-reconcodegen/0.5.0-SNAPSHOT/hadoop-ozone-reconcodegen-0.5.0-SNAPSHOT.jar:/home/user/.m2/repository/com/google/inject/extensions/guice-multibindings/4.0/guice-multibindings-4.0.jar:/home/user/.m2/repository/com/google/inject/guice/4.0/guice-4.0.jar:/home/user/.m2/repository/aopalliance/aopalliance/1.0/aopalliance-1.0.jar:/home/user/.m2/repository/com/google/inject/extensions/guice-servlet/4.0/guice-servlet-4.0.jar:/home/user/.m2/repository/org/glassfish/jersey/containers/jersey-container-servlet/2.27/jersey-container-servlet-2.27.jar:/home/user/.m2/repository/org/glassfish/hk2/guice-bridge/2.5.0/guice-bridge-2.5.0.jar:/home/user/.m2/repository/org/glassfish/jersey/core/jersey-server/2.27/jersey-server-2.27.jar:/home/user/.m2/repository/org/glassfish/jersey/core/jersey-client/2.27/jersey-client-2.27.jar:/home/user/.m2/repository/org/glassfish/jersey/media/jersey-media-jaxb/2.27/jersey-media-jaxb-2.27.jar:/home/user/.m2/repository/javax/validation/validation-api/1.1.0.Final/validation-api-1.1.0.Final.jar:/home/user/.m2/repository/org/glassfish/jersey/media/jersey-media-json-jackson/2.27/jersey-media-json-jackson-2.27.jar:/home/user/.m2/repository/org/glassfish/jersey/ext/jersey-entity-filtering/2.27/jersey-entity-filtering-2.27.jar:/home/user/.m2/repository/com/google/inject/extensions/guice-assistedinject/4.0/guice-assistedinject-4.0.jar:/home/user/.m2/repository/org/jooq/jooq/3.11.10/jooq-3.11.10.jar:/home/user/.m2/repository/org/jooq/jooq-meta/3.11.10/jooq-meta-3.11.10.jar:/home/user/.m2/repository/org/jooq/jooq-codegen/3.11.10/jooq-codegen-3.11.10.jar:/home/user/.m2/repository/com/jolbox/bonecp/0.8.0.RELEASE/bonecp-0.8.0.RELEASE.jar:/home/user/.m2/repository/org/xerial/sqlite-jdbc/3.25.2/sqlite-jdbc-3.25.2.jar:/home/user/.m2/repository/org/springframework/spring-jdbc/5.1.3.RELEASE/spring-jdbc-5.1.3.RELEASE.jar:/home/user/.m2/repository/org/springframework/spring-beans/5.1.3.RELEASE/spring-beans-5.1.3.RELEASE.jar:/home/user/.m2/repository/org/springframework/spring-core/5.1.3.RELEASE/spring-core-5.1.3.RELEASE.jar:/home/user/.m2/repository/org/springframework/spring-jcl/5.1.3.RELEASE/spring-jcl-5.1.3.RELEASE.jar:/home/user/.m2/repository/org/springframework/spring-tx/5.1.3.RELEASE/spring-tx-5.1.3.RELEASE.jar:/home/user/.m2/repository/org/apache/hadoop/hadoop-ozone-client/0.5.0-SNAPSHOT/hadoop-ozone-client-0.5.0-SNAPSHOT.jar:/home/user/.m2/repository/commons-lang/commons-lang/2.6/commons-lang-2.6.jar:/home/user/.m2/repository/org/apache/hadoop/hadoop-ozone-ozone-manager/0.5.0-SNAPSHOT/hadoop-ozone-ozone-manager-0.5.0-SNAPSHOT-tests.jar:/home/user/.m2/repository/junit/junit/4.11/junit-4.11.jar:/home/user/.m2/repository/org/hamcrest/hamcrest-core/1.3/hamcrest-core-1.3.jar:/home/user/.m2/repository/org/openjdk/jmh/jmh-core/1.19/jmh-core-1.19.jar:/home/user/.m2/repository/net/sf/jopt-simple/jopt-simple/4.6/jopt-simple-4.6.jar:/home/user/.m2/repository/org/apache/commons/commons-math3/3.1.1/commons-math3-3.1.1.jar:/home/user/.m2/repository/org/openjdk/jmh/jmh-generator-annprocess/1.19/jmh-generator-annprocess-1.19.jar:/home/user/.m2/repository/org/mockito/mockito-all/1.8.5/mockito-all-1.8.5.jar:/home/user/.m2/repository/org/apache/hadoop/hadoop-kms/3.2.0/hadoop-kms-3.2.0.jar:/home/user/.m2/repository/org/apache/hadoop/hadoop-auth/3.2.0/hadoop-auth-3.2.0.jar:/home/user/.m2/repository/com/nimbusds/nimbus-jose-jwt/4.41.1/nimbus-jose-jwt-4.41.1.jar:/home/user/.m2/repository/com/github/stephenc/jcip/jcip-annotations/1.0-1/jcip-annotations-1.0-1.jar:/home/user/.m2/repository/net/minidev/json-smart/2.3/json-smart-2.3.jar:/home/user/.m2/repository/net/minidev/accessors-smart/1.2/accessors-smart-1.2.jar:/home/user/.m2/repository/org/ow2/asm/asm/5.0.4/asm-5.0.4.jar:/home/user/.m2/repository/org/apache/curator/curator-framework/2.12.0/curator-framework-2.12.0.jar:/home/user/.m2/repository/com/sun/jersey/jersey-core/1.19/jersey-core-1.19.jar:/home/user/.m2/repository/javax/ws/rs/jsr311-api/1.1.1/jsr311-api-1.1.1.jar:/home/user/.m2/repository/com/sun/jersey/jersey-server/1.19/jersey-server-1.19.jar:/home/user/.m2/repository/javax/servlet/javax.servlet-api/3.1.0/javax.servlet-api-3.1.0.jar:/home/user/.m2/repository/org/eclipse/jetty/jetty-server/9.3.25.v20180904/jetty-server-9.3.25.v20180904.jar:/home/user/.m2/repository/org/eclipse/jetty/jetty-http/9.3.25.v20180904/jetty-http-9.3.25.v20180904.jar:/home/user/.m2/repository/org/eclipse/jetty/jetty-io/9.3.25.v20180904/jetty-io-9.3.25.v20180904.jar:/home/user/.m2/repository/org/eclipse/jetty/jetty-webapp/9.3.25.v20180904/jetty-webapp-9.3.25.v20180904.jar:/home/user/.m2/repository/org/eclipse/jetty/jetty-xml/9.3.25.v20180904/jetty-xml-9.3.25.v20180904.jar:/home/user/.m2/repository/log4j/log4j/1.2.17/log4j-1.2.17.jar:/home/user/.m2/repository/org/slf4j/slf4j-api/1.7.25/slf4j-api-1.7.25.jar:/home/user/.m2/repository/org/slf4j/jul-to-slf4j/1.7.25/jul-to-slf4j-1.7.25.jar:/home/user/.m2/repository/org/eclipse/jetty/jetty-util/9.3.25.v20180904/jetty-util-9.3.25.v20180904.jar:/home/user/.m2/repository/com/fasterxml/jackson/core/jackson-databind/2.9.9/jackson-databind-2.9.9.jar:/home/user/.m2/repository/org/apache/hadoop/hadoop-kms/3.2.0/hadoop-kms-3.2.0-tests.jar:/home/user/.m2/repository/org/apache/hadoop/hadoop-hdds-server-scm/0.5.0-SNAPSHOT/hadoop-hdds-server-scm-0.5.0-SNAPSHOT-tests.jar:/home/user/.m2/repository/org/apache/hadoop/hadoop-hdds-container-service/0.5.0-SNAPSHOT/hadoop-hdds-container-service-0.5.0-SNAPSHOT-tests.jar:/home/user/.m2/repository/org/yaml/snakeyaml/1.16/snakeyaml-1.16.jar:/home/user/.m2/repository/org/apache/hadoop/hadoop-common/3.2.0/hadoop-common-3.2.0-tests.jar:/home/user/.m2/repository/org/apache/hadoop/hadoop-annotations/3.2.0/hadoop-annotations-3.2.0.jar:/usr/lib/jvm/java-1.8-openjdk/jre/../lib/tools.jar:/home/user/.m2/repository/commons-cli/commons-cli/1.2/commons-cli-1.2.jar:/home/user/.m2/repository/org/apache/httpcomponents/httpclient/4.5.2/httpclient-4.5.2.jar:/home/user/.m2/repository/org/apache/httpcomponents/httpcore/4.4.4/httpcore-4.4.4.jar:/home/user/.m2/repository/commons-codec/commons-codec/1.11/commons-codec-1.11.jar:/home/user/.m2/repository/commons-net/commons-net/3.6/commons-net-3.6.jar:/home/user/.m2/repository/commons-collections/commons-collections/3.2.2/commons-collections-3.2.2.jar:/home/user/.m2/repository/org/eclipse/jetty/jetty-servlet/9.3.25.v20180904/jetty-servlet-9.3.25.v20180904.jar:/home/user/.m2/repository/org/eclipse/jetty/jetty-security/9.3.25.v20180904/jetty-security-9.3.25.v20180904.jar:/home/user/.m2/repository/javax/servlet/jsp/jsp-api/2.1/jsp-api-2.1.jar:/home/user/.m2/repository/com/sun/jersey/jersey-servlet/1.19/jersey-servlet-1.19.jar:/home/user/.m2/repository/com/sun/jersey/jersey-json/1.19/jersey-json-1.19.jar:/home/user/.m2/repository/org/codehaus/jettison/jettison/1.1/jettison-1.1.jar:/home/user/.m2/repository/org/codehaus/jackson/jackson-core-asl/1.9.13/jackson-core-asl-1.9.13.jar:/home/user/.m2/repository/org/codehaus/jackson/jackson-mapper-asl/1.9.13/jackson-mapper-asl-1.9.13.jar:/home/user/.m2/repository/org/codehaus/jackson/jackson-jaxrs/1.9.13/jackson-jaxrs-1.9.13.jar:/home/user/.m2/repository/org/codehaus/jackson/jackson-xc/1.9.13/jackson-xc-1.9.13.jar:/home/user/.m2/repository/commons-logging/commons-logging/1.1.3/commons-logging-1.1.3.jar:/home/user/.m2/repository/commons-beanutils/commons-beanutils/1.9.4/commons-beanutils-1.9.4.jar:/home/user/.m2/repository/org/apache/commons/commons-configuration2/2.1.1/commons-configuration2-2.1.1.jar:/home/user/.m2/repository/org/apache/commons/commons-lang3/3.7/commons-lang3-3.7.jar:/home/user/.m2/repository/org/apache/commons/commons-text/1.4/commons-text-1.4.jar:/home/user/.m2/repository/org/apache/avro/avro/1.7.7/avro-1.7.7.jar:/home/user/.m2/repository/com/thoughtworks/paranamer/paranamer/2.3/paranamer-2.3.jar:/home/user/.m2/repository/org/xerial/snappy/snappy-java/1.0.5/snappy-java-1.0.5.jar:/home/user/.m2/repository/com/google/re2j/re2j/1.1/re2j-1.1.jar:/home/user/.m2/repository/com/google/code/gson/gson/2.2.4/gson-2.2.4.jar:/home/user/.m2/repository/com/jcraft/jsch/0.1.54/jsch-0.1.54.jar:/home/user/.m2/repository/org/apache/curator/curator-client/2.12.0/curator-client-2.12.0.jar:/home/user/.m2/repository/org/apache/curator/curator-recipes/2.12.0/curator-recipes-2.12.0.jar:/home/user/.m2/repository/com/google/code/findbugs/jsr305/3.0.0/jsr305-3.0.0.jar:/home/user/.m2/repository/org/apache/htrace/htrace-core4/4.1.0-incubating/htrace-core4-4.1.0-incubating.jar:/home/user/.m2/repository/org/apache/zookeeper/zookeeper/3.4.13/zookeeper-3.4.13.jar:/home/user/.m2/repository/jline/jline/0.9.94/jline-0.9.94.jar:/home/user/.m2/repository/org/apache/yetus/audience-annotations/0.5.0/audience-annotations-0.5.0.jar:/home/user/.m2/repository/org/codehaus/woodstox/stax2-api/3.1.4/stax2-api-3.1.4.jar:/home/user/.m2/repository/com/fasterxml/woodstox/woodstox-core/5.0.3/woodstox-core-5.0.3.jar:/home/user/.m2/repository/dnsjava/dnsjava/2.1.7/dnsjava-2.1.7.jar:/home/user/.m2/repository/org/apache/hadoop/hadoop-hdfs/3.2.0/hadoop-hdfs-3.2.0-tests.jar:/home/user/.m2/repository/org/eclipse/jetty/jetty-util-ajax/9.3.25.v20180904/jetty-util-ajax-9.3.25.v20180904.jar:/home/user/.m2/repository/commons-daemon/commons-daemon/1.0.13/commons-daemon-1.0.13.jar:/home/user/.m2/repository/io/netty/netty/3.10.5.Final/netty-3.10.5.Final.jar:/home/user/.m2/repository/io/netty/netty-all/4.0.52.Final/netty-all-4.0.52.Final.jar:/home/user/.m2/repository/org/fusesource/leveldbjni/leveldbjni-all/1.8/leveldbjni-all-1.8.jar:"/>
    <property name="sun.cpu.endian" value="little"/>
    <property name="user.home" value="/home/user"/>
    <property name="user.language" value="en"/>
    <property name="java.specification.vendor" value="Oracle Corporation"/>
    <property name="java.home" value="/usr/lib/jvm/java-1.8-openjdk/jre"/>
    <property name="java.security.krb5.conf" value="/workdir/hadoop-ozone/integration-test/target/test-classes/krb5.conf"/>
    <property name="basedir" value="/workdir/hadoop-ozone/integration-test"/>
    <property name="file.separator" value="/"/>
    <property name="line.separator" value="&#10;"/>
    <property name="java.vm.specification.vendor" value="Oracle Corporation"/>
    <property name="java.specification.name" value="Java Platform API Specification"/>
    <property name="java.awt.graphicsenv" value="sun.awt.X11GraphicsEnvironment"/>
    <property name="surefire.real.class.path" value="/workdir/hadoop-ozone/integration-test/target/surefire/surefirebooter2549678642281579770.jar"/>
    <property name="hadoop.log.dir" value="/workdir/hadoop-ozone/integration-test/target/log"/>
    <property name="sun.boot.class.path" value="/usr/lib/jvm/java-1.8-openjdk/jre/lib/resources.jar:/usr/lib/jvm/java-1.8-openjdk/jre/lib/rt.jar:/usr/lib/jvm/java-1.8-openjdk/jre/lib/sunrsasign.jar:/usr/lib/jvm/java-1.8-openjdk/jre/lib/jsse.jar:/usr/lib/jvm/java-1.8-openjdk/jre/lib/jce.jar:/usr/lib/jvm/java-1.8-openjdk/jre/lib/charsets.jar:/usr/lib/jvm/java-1.8-openjdk/jre/lib/jfr.jar:/usr/lib/jvm/java-1.8-openjdk/jre/classes"/>
    <property name="sun.management.compiler" value="HotSpot 64-Bit Tiered Compilers"/>
    <property name="java.runtime.version" value="1.8.0_212-b04"/>
    <property name="java.net.preferIPv4Stack" value="true"/>
    <property name="user.name" value="jenkins1000"/>
    <property name="path.separator" value=":"/>
    <property name="java.security.egd" value="file:///dev/urandom"/>
    <property name="os.version" value="3.10.0-957.12.2.el7.x86_64"/>
    <property name="java.endorsed.dirs" value="/usr/lib/jvm/java-1.8-openjdk/jre/lib/endorsed"/>
    <property name="java.runtime.name" value="OpenJDK Runtime Environment"/>
    <property name="file.encoding" value="UTF-8"/>
    <property name="java.vm.name" value="OpenJDK 64-Bit Server VM"/>
    <property name="test.build.webapps" value=""/>
    <property name="localRepository" value="/home/user/.m2/repository"/>
    <property name="java.vendor.url.bug" value="https://icedtea.classpath.org/bugzilla"/>
    <property name="java.io.tmpdir" value="/tmp"/>
    <property name="require.test.libhadoop" value=""/>
    <property name="java.version" value="1.8.0_212"/>
    <property name="user.dir" value="/workdir/hadoop-ozone/integration-test"/>
    <property name="os.arch" value="amd64"/>
    <property name="java.vm.specification.name" value="Java Virtual Machine Specification"/>
    <property name="test.build.classes" value="/workdir/hadoop-ozone/integration-test/target/test-classes"/>
    <property name="java.awt.printerjob" value="sun.print.PSPrinterJob"/>
    <property name="sun.os.patch.level" value="unknown"/>
    <property name="hadoop.tmp.dir" value="/workdir/hadoop-ozone/integration-test/target/tmp"/>
    <property name="java.library.path" value="/usr/lib/jvm/java-1.8-openjdk/jre/lib/amd64/server:/usr/lib/jvm/java-1.8-openjdk/jre/lib/amd64:/usr/lib/jvm/java-1.8-openjdk/jre/../lib/amd64:/workdir/hadoop-ozone/integration-test/target/native/target/usr/local/lib:/workdir/hadoop-ozone/integration-test/../../hadoop-common-project/hadoop-common/target/native/target/usr/local/lib:/usr/java/packages/lib/amd64:/usr/lib64:/lib64:/lib:/usr/lib"/>
    <property name="java.vm.info" value="mixed mode"/>
    <property name="java.vendor" value="IcedTea"/>
    <property name="java.vm.version" value="25.212-b04"/>
    <property name="java.ext.dirs" value="/usr/lib/jvm/java-1.8-openjdk/jre/lib/ext:/usr/java/packages/lib/ext"/>
    <property name="sun.io.unicode.encoding" value="UnicodeLittle"/>
    <property name="java.class.version" value="52.0"/>
  </properties>
  <testcase name="testGroupMismatchExceptionHandling" classname="org.apache.hadoop.ozone.client.rpc.TestOzoneClientRetriesOnException" time="131.131"/>
  <testcase name="testMaxRetriesByOzoneClient" classname="org.apache.hadoop.ozone.client.rpc.TestOzoneClientRetriesOnException" time="104.093">
    <error message="Allocated 0 blocks. Requested 4 blocks" type="INTERNAL_ERROR org.apache.hadoop.ozone.om.exceptions.OMException">INTERNAL_ERROR org.apache.hadoop.ozone.om.exceptions.OMException: Allocated 0 blocks. Requested 4 blocks
	at org.apache.hadoop.ozone.om.protocolPB.OzoneManagerProtocolClientSideTranslatorPB.handleError(OzoneManagerProtocolClientSideTranslatorPB.java:732)
	at org.apache.hadoop.ozone.om.protocolPB.OzoneManagerProtocolClientSideTranslatorPB.openKey(OzoneManagerProtocolClientSideTranslatorPB.java:723)
	at sun.reflect.NativeMethodAccessorImpl.invoke0(Native Method)
	at sun.reflect.NativeMethodAccessorImpl.invoke(NativeMethodAccessorImpl.java:62)
	at sun.reflect.DelegatingMethodAccessorImpl.invoke(DelegatingMethodAccessorImpl.java:43)
	at java.lang.reflect.Method.invoke(Method.java:498)
	at org.apache.hadoop.hdds.tracing.TraceAllMethod.invoke(TraceAllMethod.java:66)
	at com.sun.proxy.$Proxy37.openKey(Unknown Source)
	at org.apache.hadoop.ozone.client.rpc.RpcClient.createKey(RpcClient.java:614)
	at org.apache.hadoop.ozone.client.OzoneBucket.createKey(OzoneBucket.java:325)
	at org.apache.hadoop.ozone.container.ContainerTestHelper.createKey(ContainerTestHelper.java:695)
	at org.apache.hadoop.ozone.client.rpc.TestOzoneClientRetriesOnException.createKey(TestOzoneClientRetriesOnException.java:226)
	at org.apache.hadoop.ozone.client.rpc.TestOzoneClientRetriesOnException.testMaxRetriesByOzoneClient(TestOzoneClientRetriesOnException.java:167)
	at sun.reflect.NativeMethodAccessorImpl.invoke0(Native Method)
	at sun.reflect.NativeMethodAccessorImpl.invoke(NativeMethodAccessorImpl.java:62)
	at sun.reflect.DelegatingMethodAccessorImpl.invoke(DelegatingMethodAccessorImpl.java:43)
	at java.lang.reflect.Method.invoke(Method.java:498)
	at org.junit.runners.model.FrameworkMethod$1.runReflectiveCall(FrameworkMethod.java:47)
	at org.junit.internal.runners.model.ReflectiveCallable.run(ReflectiveCallable.java:12)
	at org.junit.runners.model.FrameworkMethod.invokeExplosively(FrameworkMethod.java:44)
	at org.junit.internal.runners.statements.InvokeMethod.evaluate(InvokeMethod.java:17)
	at org.junit.internal.runners.statements.RunBefores.evaluate(RunBefores.java:26)
	at org.junit.internal.runners.statements.RunAfters.evaluate(RunAfters.java:27)
	at org.junit.runners.ParentRunner.runLeaf(ParentRunner.java:271)
	at org.junit.runners.BlockJUnit4ClassRunner.runChild(BlockJUnit4ClassRunner.java:70)
	at org.junit.runners.BlockJUnit4ClassRunner.runChild(BlockJUnit4ClassRunner.java:50)
	at org.junit.runners.ParentRunner$3.run(ParentRunner.java:238)
	at org.junit.runners.ParentRunner$1.schedule(ParentRunner.java:63)
	at org.junit.runners.ParentRunner.runChildren(ParentRunner.java:236)
	at org.junit.runners.ParentRunner.access$000(ParentRunner.java:53)
	at org.junit.runners.ParentRunner$2.evaluate(ParentRunner.java:229)
	at org.junit.runners.ParentRunner.run(ParentRunner.java:309)
	at org.apache.maven.surefire.junit4.JUnit4Provider.execute(JUnit4Provider.java:365)
	at org.apache.maven.surefire.junit4.JUnit4Provider.executeWithRerun(JUnit4Provider.java:273)
	at org.apache.maven.surefire.junit4.JUnit4Provider.executeTestSet(JUnit4Provider.java:238)
	at org.apache.maven.surefire.junit4.JUnit4Provider.invoke(JUnit4Provider.java:159)
	at org.apache.maven.surefire.booter.ForkedBooter.invokeProviderInSameClassLoader(ForkedBooter.java:384)
	at org.apache.maven.surefire.booter.ForkedBooter.runSuitesInProcess(ForkedBooter.java:345)
	at org.apache.maven.surefire.booter.ForkedBooter.execute(ForkedBooter.java:126)
	at org.apache.maven.surefire.booter.ForkedBooter.main(ForkedBooter.java:418)
</error>
    <system-out><![CDATA[2019-09-24 19:12:44,817 [main] WARN  server.ServerUtils (ServerUtils.java:getScmDbDir(145)) - ozone.scm.db.dirs is not configured. We recommend adding this setting. Falling back to ozone.metadata.dirs instead.
2019-09-24 19:12:50,164 [main] WARN  server.ServerUtils (ServerUtils.java:getScmDbDir(145)) - ozone.scm.db.dirs is not configured. We recommend adding this setting. Falling back to ozone.metadata.dirs instead.
2019-09-24 19:12:50,168 [main] WARN  server.ServerUtils (ServerUtils.java:getScmDbDir(145)) - ozone.scm.db.dirs is not configured. We recommend adding this setting. Falling back to ozone.metadata.dirs instead.
2019-09-24 19:12:50,170 [main] INFO  db.DBStoreBuilder (DBStoreBuilder.java:addTable(110)) - using custom profile for table: deletedBlocks
2019-09-24 19:12:50,171 [main] INFO  db.DBStoreBuilder (DBStoreBuilder.java:processTables(161)) - Using default column profile:DBProfile.DISK for Table:deletedBlocks
2019-09-24 19:12:50,172 [main] INFO  db.DBStoreBuilder (DBStoreBuilder.java:addTable(110)) - using custom profile for table: validCerts
2019-09-24 19:12:50,172 [main] INFO  db.DBStoreBuilder (DBStoreBuilder.java:processTables(161)) - Using default column profile:DBProfile.DISK for Table:validCerts
2019-09-24 19:12:50,173 [main] INFO  db.DBStoreBuilder (DBStoreBuilder.java:addTable(110)) - using custom profile for table: revokedCerts
2019-09-24 19:12:50,173 [main] INFO  db.DBStoreBuilder (DBStoreBuilder.java:processTables(161)) - Using default column profile:DBProfile.DISK for Table:revokedCerts
2019-09-24 19:12:50,174 [main] INFO  db.DBStoreBuilder (DBStoreBuilder.java:addTable(110)) - using custom profile for table: default
2019-09-24 19:12:50,174 [main] INFO  db.DBStoreBuilder (DBStoreBuilder.java:processTables(167)) - Using default column profile:DBProfile.DISK for Table:default
2019-09-24 19:12:50,175 [main] INFO  db.DBStoreBuilder (DBStoreBuilder.java:getDbProfile(198)) - Using default options. DBProfile.DISK
2019-09-24 19:13:07,915 [main] INFO  net.NodeSchemaLoader (NodeSchemaLoader.java:loadSchemaFromFile(125)) - Loading file from sun.misc.CompoundEnumeration@7c2924d7
2019-09-24 19:13:07,917 [main] INFO  net.NodeSchemaLoader (NodeSchemaLoader.java:loadSchema(171)) - Loading network topology layer schema file
2019-09-24 19:13:07,927 [main] WARN  server.ServerUtils (ServerUtils.java:sanitizeUserArgs(70)) - ozone.scm.stale.node.interval value = 300000 is larger than max = 100000 based on the key value of ozone.scm.heartbeat.thread.interval, reset to the max value 100000.
2019-09-24 19:13:07,928 [main] WARN  server.ServerUtils (ServerUtils.java:sanitizeUserArgs(70)) - ozone.scm.stale.node.interval value = 300000 is larger than max = 100000 based on the key value of ozone.scm.heartbeat.thread.interval, reset to the max value 100000.
2019-09-24 19:13:07,929 [main] INFO  node.SCMNodeManager (SCMNodeManager.java:<init>(114)) - Entering startup safe mode.
2019-09-24 19:13:07,932 [main] INFO  algorithms.ContainerPlacementPolicyFactory (ContainerPlacementPolicyFactory.java:getPolicy(57)) - Create container placement policy of type org.apache.hadoop.hdds.scm.container.placement.algorithms.SCMContainerPlacementRandom
2019-09-24 19:13:07,933 [main] WARN  server.ServerUtils (ServerUtils.java:getScmDbDir(145)) - ozone.scm.db.dirs is not configured. We recommend adding this setting. Falling back to ozone.metadata.dirs instead.
2019-09-24 19:13:08,015 [main] INFO  pipeline.SCMPipelineManager (SCMPipelineManager.java:initializePipelineState(132)) - No pipeline exists in current db
2019-09-24 19:13:08,016 [main] WARN  server.ServerUtils (ServerUtils.java:getScmDbDir(145)) - ozone.scm.db.dirs is not configured. We recommend adding this setting. Falling back to ozone.metadata.dirs instead.
2019-09-24 19:13:08,262 [main] WARN  events.EventQueue (EventQueue.java:fireEvent(183)) - No event handler registered for event TypedEvent{payloadType=SafeModeStatus, name='SafeModeStatus'}
2019-09-24 19:13:08,265 [main] INFO  ipc.CallQueueManager (CallQueueManager.java:<init>(84)) - Using callQueue: class java.util.concurrent.LinkedBlockingQueue, queueCapacity: 2000, scheduler: class org.apache.hadoop.ipc.DefaultRpcScheduler, ipcBackoff: false.
2019-09-24 19:13:08,267 [Socket Reader #1 for port 45900] INFO  ipc.Server (Server.java:run(1074)) - Starting Socket Reader #1 for port 45900
2019-09-24 19:13:08,270 [main] INFO  ipc.CallQueueManager (CallQueueManager.java:<init>(84)) - Using callQueue: class java.util.concurrent.LinkedBlockingQueue, queueCapacity: 2000, scheduler: class org.apache.hadoop.ipc.DefaultRpcScheduler, ipcBackoff: false.
2019-09-24 19:13:08,272 [Socket Reader #1 for port 35247] INFO  ipc.Server (Server.java:run(1074)) - Starting Socket Reader #1 for port 35247
2019-09-24 19:13:08,273 [main] INFO  ipc.CallQueueManager (CallQueueManager.java:<init>(84)) - Using callQueue: class java.util.concurrent.LinkedBlockingQueue, queueCapacity: 2000, scheduler: class org.apache.hadoop.ipc.DefaultRpcScheduler, ipcBackoff: false.
2019-09-24 19:13:08,274 [Socket Reader #1 for port 41051] INFO  ipc.Server (Server.java:run(1074)) - Starting Socket Reader #1 for port 41051
2019-09-24 19:13:08,278 [main] INFO  hdfs.DFSUtil (DFSUtil.java:httpServerTemplateForNNAndJN(1641)) - Starting Web-server for scm at: http://0.0.0.0:0
2019-09-24 19:13:08,283 [main] INFO  server.AuthenticationFilter (AuthenticationFilter.java:constructSecretProvider(240)) - Unable to initialize FileSignerSecretProvider, falling back to use random secrets.
2019-09-24 19:13:08,285 [main] WARN  http.HttpRequestLog (HttpRequestLog.java:getRequestLog(97)) - Jetty request log can only be enabled using Log4j
2019-09-24 19:13:08,288 [main] INFO  http.HttpServer2 (HttpServer2.java:addGlobalFilter(975)) - Added global filter 'safety' (class=org.apache.hadoop.http.HttpServer2$QuotingInputFilter)
2019-09-24 19:13:08,289 [main] INFO  http.HttpServer2 (HttpServer2.java:addFilter(948)) - Added filter static_user_filter (class=org.apache.hadoop.http.lib.StaticUserWebFilter$StaticUserFilter) to context scm
2019-09-24 19:13:08,290 [main] INFO  http.HttpServer2 (HttpServer2.java:addFilter(958)) - Added filter static_user_filter (class=org.apache.hadoop.http.lib.StaticUserWebFilter$StaticUserFilter) to context static
2019-09-24 19:13:08,290 [main] INFO  http.HttpServer2 (HttpServer2.java:addFilter(958)) - Added filter static_user_filter (class=org.apache.hadoop.http.lib.StaticUserWebFilter$StaticUserFilter) to context logs
2019-09-24 19:13:08,295 [main] INFO  server.StorageContainerManager (StorageContainerManager.java:start(770)) - StorageContainerLocationProtocol RPC server is listening at /0.0.0.0:41051
2019-09-24 19:13:08,298 [main] WARN  impl.MetricsConfig (MetricsConfig.java:loadFirst(134)) - Cannot locate configuration: tried hadoop-metrics2-storagecontainermanager.properties,hadoop-metrics2.properties
2019-09-24 19:13:08,300 [main] INFO  impl.MetricsSystemImpl (MetricsSystemImpl.java:startTimer(374)) - Scheduled Metric snapshot period at 10 second(s).
2019-09-24 19:13:08,300 [main] INFO  impl.MetricsSystemImpl (MetricsSystemImpl.java:start(191)) - StorageContainerManager metrics system started
2019-09-24 19:13:08,349 [main] WARN  impl.MetricsSystemImpl (MetricsSystemImpl.java:register(276)) - Sink prometheus already exists!
2019-09-24 19:13:08,353 [main] INFO  server.SCMClientProtocolServer (SCMClientProtocolServer.java:start(151)) - RPC server for Client  is listening at /0.0.0.0:41051
2019-09-24 19:13:08,354 [IPC Server Responder] INFO  ipc.Server (Server.java:run(1314)) - IPC Server Responder: starting
2019-09-24 19:13:08,354 [IPC Server listener on 41051] INFO  ipc.Server (Server.java:run(1153)) - IPC Server listener on 41051: starting
2019-09-24 19:13:08,359 [main] INFO  server.StorageContainerManager (StorageContainerManager.java:start(780)) - ScmBlockLocationProtocol RPC server is listening at /0.0.0.0:35247
2019-09-24 19:13:08,359 [main] INFO  server.SCMBlockProtocolServer (SCMBlockProtocolServer.java:start(146)) - RPC server for Block Protocol is listening at /0.0.0.0:35247
2019-09-24 19:13:08,360 [IPC Server Responder] INFO  ipc.Server (Server.java:run(1314)) - IPC Server Responder: starting
2019-09-24 19:13:08,360 [IPC Server listener on 35247] INFO  ipc.Server (Server.java:run(1153)) - IPC Server listener on 35247: starting
2019-09-24 19:13:08,365 [main] INFO  server.StorageContainerManager (StorageContainerManager.java:start(784)) - ScmDatanodeProtocl RPC server is listening at /0.0.0.0:45900
2019-09-24 19:13:08,365 [main] INFO  server.SCMDatanodeProtocolServer (SCMDatanodeProtocolServer.java:start(191)) - RPC server for DataNodes is listening at /0.0.0.0:45900
2019-09-24 19:13:08,365 [IPC Server Responder] INFO  ipc.Server (Server.java:run(1314)) - IPC Server Responder: starting
2019-09-24 19:13:08,366 [IPC Server listener on 45900] INFO  ipc.Server (Server.java:run(1153)) - IPC Server listener on 45900: starting
2019-09-24 19:13:08,370 [main] INFO  http.HttpServer2 (HttpServer2.java:bindListener(1191)) - Jetty bound to port 46450
2019-09-24 19:13:08,370 [main] INFO  server.Server (Server.java:doStart(351)) - jetty-9.3.25.v20180904, build timestamp: 2018-09-04T21:11:46Z, git hash: 3ce520221d0240229c862b122d2b06c12a625732
2019-09-24 19:13:08,373 [main] INFO  handler.ContextHandler (ContextHandler.java:doStart(781)) - Started o.e.j.s.ServletContextHandler@bc6288b{/logs,file:///workdir/hadoop-ozone/integration-test/target/log,AVAILABLE}
2019-09-24 19:13:08,373 [main] INFO  handler.ContextHandler (ContextHandler.java:doStart(781)) - Started o.e.j.s.ServletContextHandler@34c70b5e{/static,file:///workdir/hadoop-ozone/integration-test/target/test-classes/webapps/static,AVAILABLE}
2019-09-24 19:13:08,379 [main] INFO  handler.ContextHandler (ContextHandler.java:doStart(781)) - Started o.e.j.w.WebAppContext@2dbfcf7{/,file:///workdir/hadoop-ozone/integration-test/target/test-classes/webapps/scm/,AVAILABLE}{/scm}
2019-09-24 19:13:08,379 [main] INFO  server.AbstractConnector (AbstractConnector.java:doStart(278)) - Started ServerConnector@239f017e{HTTP/1.1,[http/1.1]}{0.0.0.0:46450}
2019-09-24 19:13:08,380 [main] INFO  server.Server (Server.java:doStart(419)) - Started @155285ms
2019-09-24 19:13:08,380 [main] WARN  impl.MetricsSystemImpl (MetricsSystemImpl.java:register(276)) - Sink prometheus already exists!
2019-09-24 19:13:08,382 [main] INFO  server.BaseHttpServer (BaseHttpServer.java:updateConnectorAddress(215)) - HTTP server of SCM is listening at http://0.0.0.0:46450
2019-09-24 19:13:08,382 [main] WARN  server.ServerUtils (ServerUtils.java:getDBPath(222)) - ozone.om.db.dirs is not configured. We recommend adding this setting. Falling back to ozone.metadata.dirs instead.
2019-09-24 19:13:08,383 [org.apache.hadoop.util.JvmPauseMonitor$Monitor@772caabe] INFO  util.JvmPauseMonitor (JvmPauseMonitor.java:run(188)) - Starting JVM pause monitor
2019-09-24 19:13:08,655 [main] WARN  server.ServerUtils (ServerUtils.java:getDBPath(222)) - ozone.om.db.dirs is not configured. We recommend adding this setting. Falling back to ozone.metadata.dirs instead.
2019-09-24 19:13:08,656 [main] WARN  server.ServerUtils (ServerUtils.java:getDBPath(222)) - ozone.om.db.dirs is not configured. We recommend adding this setting. Falling back to ozone.metadata.dirs instead.
2019-09-24 19:13:08,656 [main] INFO  om.OzoneManager (OzoneManager.java:setOMNodeDetails(652)) - OM Service ID is not set. Setting it to the default ID: omServiceIdDefault
2019-09-24 19:13:08,656 [main] INFO  om.OzoneManager (OzoneManager.java:setOMNodeDetails(658)) - OM Node ID is not set. Setting it to the OmStorage's OmID: 629eb388-c525-40e1-add8-87e232c6bf45
2019-09-24 19:13:08,657 [main] INFO  om.OzoneManager (OzoneManager.java:loadOMHAConfigs(609)) - Found matching OM address with OMServiceId: null, OMNodeId: null, RPC Address: localhost:0 and Ratis port: 9872
2019-09-24 19:13:08,667 [main] WARN  server.ServerUtils (ServerUtils.java:getDBPath(222)) - ozone.om.db.dirs is not configured. We recommend adding this setting. Falling back to ozone.metadata.dirs instead.
2019-09-24 19:13:08,668 [main] INFO  db.DBStoreBuilder (DBStoreBuilder.java:addTable(110)) - using custom profile for table: userTable
2019-09-24 19:13:08,668 [main] INFO  db.DBStoreBuilder (DBStoreBuilder.java:processTables(161)) - Using default column profile:DBProfile.DISK for Table:userTable
2019-09-24 19:13:08,669 [main] INFO  db.DBStoreBuilder (DBStoreBuilder.java:addTable(110)) - using custom profile for table: volumeTable
2019-09-24 19:13:08,669 [main] INFO  db.DBStoreBuilder (DBStoreBuilder.java:processTables(161)) - Using default column profile:DBProfile.DISK for Table:volumeTable
2019-09-24 19:13:08,669 [main] INFO  db.DBStoreBuilder (DBStoreBuilder.java:addTable(110)) - using custom profile for table: bucketTable
2019-09-24 19:13:08,670 [main] INFO  db.DBStoreBuilder (DBStoreBuilder.java:processTables(161)) - Using default column profile:DBProfile.DISK for Table:bucketTable
2019-09-24 19:13:08,670 [main] INFO  db.DBStoreBuilder (DBStoreBuilder.java:addTable(110)) - using custom profile for table: keyTable
2019-09-24 19:13:08,670 [main] INFO  db.DBStoreBuilder (DBStoreBuilder.java:processTables(161)) - Using default column profile:DBProfile.DISK for Table:keyTable
2019-09-24 19:13:08,671 [main] INFO  db.DBStoreBuilder (DBStoreBuilder.java:addTable(110)) - using custom profile for table: deletedTable
2019-09-24 19:13:08,671 [main] INFO  db.DBStoreBuilder (DBStoreBuilder.java:processTables(161)) - Using default column profile:DBProfile.DISK for Table:deletedTable
2019-09-24 19:13:08,672 [main] INFO  db.DBStoreBuilder (DBStoreBuilder.java:addTable(110)) - using custom profile for table: openKeyTable
2019-09-24 19:13:08,672 [main] INFO  db.DBStoreBuilder (DBStoreBuilder.java:processTables(161)) - Using default column profile:DBProfile.DISK for Table:openKeyTable
2019-09-24 19:13:08,672 [main] INFO  db.DBStoreBuilder (DBStoreBuilder.java:addTable(110)) - using custom profile for table: s3Table
2019-09-24 19:13:08,673 [main] INFO  db.DBStoreBuilder (DBStoreBuilder.java:processTables(161)) - Using default column profile:DBProfile.DISK for Table:s3Table
2019-09-24 19:13:08,673 [main] INFO  db.DBStoreBuilder (DBStoreBuilder.java:addTable(110)) - using custom profile for table: multipartInfoTable
2019-09-24 19:13:08,673 [main] INFO  db.DBStoreBuilder (DBStoreBuilder.java:processTables(161)) - Using default column profile:DBProfile.DISK for Table:multipartInfoTable
2019-09-24 19:13:08,674 [main] INFO  db.DBStoreBuilder (DBStoreBuilder.java:addTable(110)) - using custom profile for table: dTokenTable
2019-09-24 19:13:08,674 [main] INFO  db.DBStoreBuilder (DBStoreBuilder.java:processTables(161)) - Using default column profile:DBProfile.DISK for Table:dTokenTable
2019-09-24 19:13:08,674 [main] INFO  db.DBStoreBuilder (DBStoreBuilder.java:addTable(110)) - using custom profile for table: s3SecretTable
2019-09-24 19:13:08,675 [main] INFO  db.DBStoreBuilder (DBStoreBuilder.java:processTables(161)) - Using default column profile:DBProfile.DISK for Table:s3SecretTable
2019-09-24 19:13:08,675 [main] INFO  db.DBStoreBuilder (DBStoreBuilder.java:addTable(110)) - using custom profile for table: prefixTable
2019-09-24 19:13:08,675 [main] INFO  db.DBStoreBuilder (DBStoreBuilder.java:processTables(161)) - Using default column profile:DBProfile.DISK for Table:prefixTable
2019-09-24 19:13:08,676 [main] INFO  db.DBStoreBuilder (DBStoreBuilder.java:addTable(110)) - using custom profile for table: default
2019-09-24 19:13:08,676 [main] INFO  db.DBStoreBuilder (DBStoreBuilder.java:processTables(167)) - Using default column profile:DBProfile.DISK for Table:default
2019-09-24 19:13:08,676 [main] INFO  db.DBStoreBuilder (DBStoreBuilder.java:getDbProfile(198)) - Using default options. DBProfile.DISK
2019-09-24 19:13:24,594 [main] INFO  ipc.CallQueueManager (CallQueueManager.java:<init>(84)) - Using callQueue: class java.util.concurrent.LinkedBlockingQueue, queueCapacity: 2000, scheduler: class org.apache.hadoop.ipc.DefaultRpcScheduler, ipcBackoff: false.
2019-09-24 19:13:24,597 [Socket Reader #1 for port 43251] INFO  ipc.Server (Server.java:run(1074)) - Starting Socket Reader #1 for port 43251
2019-09-24 19:13:24,625 [main] INFO  om.OzoneManager (OzoneManager.java:start(1243)) - OzoneManager RPC server is listening at localhost/127.0.0.1:43251
2019-09-24 19:13:24,625 [main] INFO  impl.MetricsSystemImpl (MetricsSystemImpl.java:init(158)) - OzoneManager metrics system started (again)
2019-09-24 19:13:24,626 [IPC Server Responder] INFO  ipc.Server (Server.java:run(1314)) - IPC Server Responder: starting
2019-09-24 19:13:24,626 [IPC Server listener on 43251] INFO  ipc.Server (Server.java:run(1153)) - IPC Server listener on 43251: starting
2019-09-24 19:13:24,635 [main] INFO  hdfs.DFSUtil (DFSUtil.java:httpServerTemplateForNNAndJN(1641)) - Starting Web-server for ozoneManager at: http://0.0.0.0:0
2019-09-24 19:13:24,639 [main] INFO  server.AuthenticationFilter (AuthenticationFilter.java:constructSecretProvider(240)) - Unable to initialize FileSignerSecretProvider, falling back to use random secrets.
2019-09-24 19:13:24,640 [main] WARN  http.HttpRequestLog (HttpRequestLog.java:getRequestLog(97)) - Jetty request log can only be enabled using Log4j
2019-09-24 19:13:24,643 [main] INFO  http.HttpServer2 (HttpServer2.java:addGlobalFilter(975)) - Added global filter 'safety' (class=org.apache.hadoop.http.HttpServer2$QuotingInputFilter)
2019-09-24 19:13:24,644 [main] INFO  http.HttpServer2 (HttpServer2.java:addFilter(948)) - Added filter static_user_filter (class=org.apache.hadoop.http.lib.StaticUserWebFilter$StaticUserFilter) to context ozoneManager
2019-09-24 19:13:24,645 [main] INFO  http.HttpServer2 (HttpServer2.java:addFilter(958)) - Added filter static_user_filter (class=org.apache.hadoop.http.lib.StaticUserWebFilter$StaticUserFilter) to context logs
2019-09-24 19:13:24,645 [main] INFO  http.HttpServer2 (HttpServer2.java:addFilter(958)) - Added filter static_user_filter (class=org.apache.hadoop.http.lib.StaticUserWebFilter$StaticUserFilter) to context static
2019-09-24 19:13:24,647 [main] INFO  http.HttpServer2 (HttpServer2.java:bindListener(1191)) - Jetty bound to port 45475
2019-09-24 19:13:24,647 [main] INFO  server.Server (Server.java:doStart(351)) - jetty-9.3.25.v20180904, build timestamp: 2018-09-04T21:11:46Z, git hash: 3ce520221d0240229c862b122d2b06c12a625732
2019-09-24 19:13:24,651 [main] INFO  handler.ContextHandler (ContextHandler.java:doStart(781)) - Started o.e.j.s.ServletContextHandler@76d72b5b{/logs,file:///workdir/hadoop-ozone/integration-test/target/log,AVAILABLE}
2019-09-24 19:13:24,652 [main] INFO  handler.ContextHandler (ContextHandler.java:doStart(781)) - Started o.e.j.s.ServletContextHandler@479b5066{/static,file:///workdir/hadoop-ozone/integration-test/target/test-classes/webapps/static,AVAILABLE}
2019-09-24 19:13:24,659 [main] INFO  handler.ContextHandler (ContextHandler.java:doStart(781)) - Started o.e.j.w.WebAppContext@54089484{/,file:///workdir/hadoop-ozone/integration-test/target/test-classes/webapps/ozoneManager/,AVAILABLE}{/ozoneManager}
2019-09-24 19:13:24,660 [main] INFO  server.AbstractConnector (AbstractConnector.java:doStart(278)) - Started ServerConnector@45adc393{HTTP/1.1,[http/1.1]}{0.0.0.0:45475}
2019-09-24 19:13:24,661 [main] INFO  server.Server (Server.java:doStart(419)) - Started @171566ms
2019-09-24 19:13:24,661 [main] WARN  impl.MetricsSystemImpl (MetricsSystemImpl.java:register(276)) - Sink prometheus already exists!
2019-09-24 19:13:24,662 [main] INFO  server.BaseHttpServer (BaseHttpServer.java:updateConnectorAddress(215)) - HTTP server of OZONEMANAGER is listening at http://0.0.0.0:45475
2019-09-24 19:13:24,686 [main] INFO  impl.MetricsSystemImpl (MetricsSystemImpl.java:init(158)) - HddsDatanode metrics system started (again)
2019-09-24 19:13:24,689 [main] INFO  ozone.HddsDatanodeService (HddsDatanodeService.java:start(184)) - HddsDatanodeService host:pr-hdds-2149-fgl4f-1742389470 ip:192.168.5.148
2019-09-24 19:13:24,696 [main] INFO  volume.HddsVolume (HddsVolume.java:<init>(176)) - Creating Volume: /workdir/hadoop-ozone/integration-test/target/test-dir/MiniOzoneClusterImpl-927e61bf-33d4-4c72-9c6e-e846b22cd97e/datanode-0/data/containers/hdds of  storage type : DISK and capacity : 1482555576320
2019-09-24 19:13:24,697 [main] INFO  volume.VolumeSet (VolumeSet.java:initializeVolumeSet(170)) - Added Volume : /workdir/hadoop-ozone/integration-test/target/test-dir/MiniOzoneClusterImpl-927e61bf-33d4-4c72-9c6e-e846b22cd97e/datanode-0/data/containers/hdds to VolumeSet
2019-09-24 19:13:24,697 [main] INFO  volume.ThrottledAsyncChecker (ThrottledAsyncChecker.java:schedule(139)) - Scheduling a check for org.apache.hadoop.ozone.container.common.volume.HddsVolume@46039a21
2019-09-24 19:13:24,698 [main] INFO  volume.HddsVolumeChecker (HddsVolumeChecker.java:checkAllVolumes(202)) - Scheduled health check for volume org.apache.hadoop.ozone.container.common.volume.HddsVolume@46039a21
2019-09-24 19:13:24,719 [main] INFO  impl.RaftServerProxy (ConfUtils.java:logGet(43)) - raft.rpc.type = GRPC (default)
2019-09-24 19:13:24,719 [main] INFO  grpc.GrpcFactory (GrpcFactory.java:checkPooledByteBufAllocatorUseCacheForAllThreads(45)) - PERFORMANCE WARNING: useCacheForAllThreads is true that may cause Netty to create a lot garbage objects and, as a result, trigger GC.
	It is recommended to disable useCacheForAllThreads by setting -Dorg.apache.ratis.thirdparty.io.netty.allocator.useCacheForAllThreads=false in command line.
2019-09-24 19:13:24,719 [main] INFO  grpc.GrpcConfigKeys$Server (ConfUtils.java:logGet(43)) - raft.grpc.server.port = 0 (default)
2019-09-24 19:13:24,720 [main] INFO  server.GrpcService (ConfUtils.java:logGet(43)) - raft.grpc.message.size.max = 33570816 (custom)
2019-09-24 19:13:24,720 [main] INFO  server.RaftServerConfigKeys (ConfUtils.java:logGet(43)) - raft.server.log.appender.buffer.byte-limit = 33554432 (custom)
2019-09-24 19:13:24,720 [main] INFO  server.GrpcService (ConfUtils.java:logGet(43)) - raft.grpc.flow.control.window = 1MB (=1048576) (default)
2019-09-24 19:13:24,720 [main] INFO  server.RaftServerConfigKeys (ConfUtils.java:logGet(43)) - raft.server.rpc.request.timeout = 3000ms (default)
2019-09-24 19:13:24,722 [main] INFO  server.RaftServerConfigKeys (ConfUtils.java:logGet(43)) - raft.server.storage.dir = [/workdir/hadoop-ozone/integration-test/target/test-dir/MiniOzoneClusterImpl-927e61bf-33d4-4c72-9c6e-e846b22cd97e/datanode-0/data/ratis] (custom)
2019-09-24 19:13:24,724 [main] INFO  hdfs.DFSUtil (DFSUtil.java:httpServerTemplateForNNAndJN(1641)) - Starting Web-server for hddsDatanode at: http://0.0.0.0:0
2019-09-24 19:13:24,725 [main] INFO  server.AuthenticationFilter (AuthenticationFilter.java:constructSecretProvider(240)) - Unable to initialize FileSignerSecretProvider, falling back to use random secrets.
2019-09-24 19:13:24,726 [main] WARN  http.HttpRequestLog (HttpRequestLog.java:getRequestLog(97)) - Jetty request log can only be enabled using Log4j
2019-09-24 19:13:24,728 [main] INFO  http.HttpServer2 (HttpServer2.java:addGlobalFilter(975)) - Added global filter 'safety' (class=org.apache.hadoop.http.HttpServer2$QuotingInputFilter)
2019-09-24 19:13:24,728 [main] INFO  http.HttpServer2 (HttpServer2.java:addFilter(948)) - Added filter static_user_filter (class=org.apache.hadoop.http.lib.StaticUserWebFilter$StaticUserFilter) to context hddsDatanode
2019-09-24 19:13:24,729 [main] INFO  http.HttpServer2 (HttpServer2.java:addFilter(958)) - Added filter static_user_filter (class=org.apache.hadoop.http.lib.StaticUserWebFilter$StaticUserFilter) to context logs
2019-09-24 19:13:24,729 [main] INFO  http.HttpServer2 (HttpServer2.java:addFilter(958)) - Added filter static_user_filter (class=org.apache.hadoop.http.lib.StaticUserWebFilter$StaticUserFilter) to context static
2019-09-24 19:13:24,730 [main] INFO  http.HttpServer2 (HttpServer2.java:bindListener(1191)) - Jetty bound to port 44421
2019-09-24 19:13:24,730 [main] INFO  server.Server (Server.java:doStart(351)) - jetty-9.3.25.v20180904, build timestamp: 2018-09-04T21:11:46Z, git hash: 3ce520221d0240229c862b122d2b06c12a625732
2019-09-24 19:13:24,732 [main] INFO  handler.ContextHandler (ContextHandler.java:doStart(781)) - Started o.e.j.s.ServletContextHandler@17e9bc9e{/logs,file:///workdir/hadoop-ozone/integration-test/target/log,AVAILABLE}
2019-09-24 19:13:24,732 [main] INFO  handler.ContextHandler (ContextHandler.java:doStart(781)) - Started o.e.j.s.ServletContextHandler@4130955c{/static,jar:file:/home/user/.m2/repository/org/apache/hadoop/hadoop-hdds-container-service/0.5.0-SNAPSHOT/hadoop-hdds-container-service-0.5.0-SNAPSHOT.jar!/webapps/static,AVAILABLE}
2019-09-24 19:13:24,765 [main] INFO  handler.ContextHandler (ContextHandler.java:doStart(781)) - Started o.e.j.w.WebAppContext@1c3259fa{/,file:///tmp/jetty-0.0.0.0-44421-hddsDatanode-_-any-6465673704850688429.dir/webapp/,AVAILABLE}{/hddsDatanode}
2019-09-24 19:13:24,765 [main] INFO  server.AbstractConnector (AbstractConnector.java:doStart(278)) - Started ServerConnector@217bf99e{HTTP/1.1,[http/1.1]}{0.0.0.0:44421}
2019-09-24 19:13:24,767 [main] INFO  server.Server (Server.java:doStart(419)) - Started @171672ms
2019-09-24 19:13:24,767 [main] WARN  impl.MetricsSystemImpl (MetricsSystemImpl.java:register(276)) - Sink prometheus already exists!
2019-09-24 19:13:24,767 [main] INFO  server.BaseHttpServer (BaseHttpServer.java:updateConnectorAddress(215)) - HTTP server of HDDSDATANODE is listening at http://0.0.0.0:44421
2019-09-24 19:13:24,768 [main] INFO  impl.MetricsSystemImpl (MetricsSystemImpl.java:init(158)) - HddsDatanode metrics system started (again)
2019-09-24 19:13:24,770 [main] INFO  ozone.HddsDatanodeService (HddsDatanodeService.java:start(184)) - HddsDatanodeService host:pr-hdds-2149-fgl4f-1742389470 ip:192.168.5.148
2019-09-24 19:13:24,770 [org.apache.hadoop.util.JvmPauseMonitor$Monitor@6fb9b0a5] INFO  util.JvmPauseMonitor (JvmPauseMonitor.java:run(188)) - Starting JVM pause monitor
2019-09-24 19:13:24,773 [Datanode State Machine Thread - 0] INFO  datanode.InitDatanodeState (InitDatanodeState.java:persistContainerDatanodeDetails(140)) - DatanodeDetails is persisted to /workdir/hadoop-ozone/integration-test/target/test-dir/MiniOzoneClusterImpl-927e61bf-33d4-4c72-9c6e-e846b22cd97e/datanode-0/meta/datanode.id
2019-09-24 19:13:24,776 [main] INFO  volume.HddsVolume (HddsVolume.java:<init>(176)) - Creating Volume: /workdir/hadoop-ozone/integration-test/target/test-dir/MiniOzoneClusterImpl-927e61bf-33d4-4c72-9c6e-e846b22cd97e/datanode-1/data/containers/hdds of  storage type : DISK and capacity : 1482555576320
2019-09-24 19:13:24,776 [main] INFO  volume.VolumeSet (VolumeSet.java:initializeVolumeSet(170)) - Added Volume : /workdir/hadoop-ozone/integration-test/target/test-dir/MiniOzoneClusterImpl-927e61bf-33d4-4c72-9c6e-e846b22cd97e/datanode-1/data/containers/hdds to VolumeSet
2019-09-24 19:13:24,777 [main] INFO  volume.ThrottledAsyncChecker (ThrottledAsyncChecker.java:schedule(139)) - Scheduling a check for org.apache.hadoop.ozone.container.common.volume.HddsVolume@58fbd02e
2019-09-24 19:13:24,777 [main] INFO  volume.HddsVolumeChecker (HddsVolumeChecker.java:checkAllVolumes(202)) - Scheduled health check for volume org.apache.hadoop.ozone.container.common.volume.HddsVolume@58fbd02e
2019-09-24 19:13:24,794 [main] INFO  impl.RaftServerProxy (ConfUtils.java:logGet(43)) - raft.rpc.type = GRPC (default)
2019-09-24 19:13:24,794 [main] INFO  grpc.GrpcFactory (GrpcFactory.java:checkPooledByteBufAllocatorUseCacheForAllThreads(45)) - PERFORMANCE WARNING: useCacheForAllThreads is true that may cause Netty to create a lot garbage objects and, as a result, trigger GC.
	It is recommended to disable useCacheForAllThreads by setting -Dorg.apache.ratis.thirdparty.io.netty.allocator.useCacheForAllThreads=false in command line.
2019-09-24 19:13:24,794 [main] INFO  grpc.GrpcConfigKeys$Server (ConfUtils.java:logGet(43)) - raft.grpc.server.port = 0 (default)
2019-09-24 19:13:24,794 [main] INFO  server.GrpcService (ConfUtils.java:logGet(43)) - raft.grpc.message.size.max = 33570816 (custom)
2019-09-24 19:13:24,795 [main] INFO  server.RaftServerConfigKeys (ConfUtils.java:logGet(43)) - raft.server.log.appender.buffer.byte-limit = 33554432 (custom)
2019-09-24 19:13:24,795 [main] INFO  server.GrpcService (ConfUtils.java:logGet(43)) - raft.grpc.flow.control.window = 1MB (=1048576) (default)
2019-09-24 19:13:24,795 [main] INFO  server.RaftServerConfigKeys (ConfUtils.java:logGet(43)) - raft.server.rpc.request.timeout = 3000ms (default)
2019-09-24 19:13:24,796 [main] INFO  server.RaftServerConfigKeys (ConfUtils.java:logGet(43)) - raft.server.storage.dir = [/workdir/hadoop-ozone/integration-test/target/test-dir/MiniOzoneClusterImpl-927e61bf-33d4-4c72-9c6e-e846b22cd97e/datanode-1/data/ratis] (custom)
2019-09-24 19:13:24,797 [main] INFO  hdfs.DFSUtil (DFSUtil.java:httpServerTemplateForNNAndJN(1641)) - Starting Web-server for hddsDatanode at: http://0.0.0.0:0
2019-09-24 19:13:24,798 [main] INFO  server.AuthenticationFilter (AuthenticationFilter.java:constructSecretProvider(240)) - Unable to initialize FileSignerSecretProvider, falling back to use random secrets.
2019-09-24 19:13:24,799 [main] WARN  http.HttpRequestLog (HttpRequestLog.java:getRequestLog(97)) - Jetty request log can only be enabled using Log4j
2019-09-24 19:13:24,800 [main] INFO  http.HttpServer2 (HttpServer2.java:addGlobalFilter(975)) - Added global filter 'safety' (class=org.apache.hadoop.http.HttpServer2$QuotingInputFilter)
2019-09-24 19:13:24,801 [main] INFO  http.HttpServer2 (HttpServer2.java:addFilter(948)) - Added filter static_user_filter (class=org.apache.hadoop.http.lib.StaticUserWebFilter$StaticUserFilter) to context hddsDatanode
2019-09-24 19:13:24,801 [main] INFO  http.HttpServer2 (HttpServer2.java:addFilter(958)) - Added filter static_user_filter (class=org.apache.hadoop.http.lib.StaticUserWebFilter$StaticUserFilter) to context logs
2019-09-24 19:13:24,801 [main] INFO  http.HttpServer2 (HttpServer2.java:addFilter(958)) - Added filter static_user_filter (class=org.apache.hadoop.http.lib.StaticUserWebFilter$StaticUserFilter) to context static
2019-09-24 19:13:24,802 [main] INFO  http.HttpServer2 (HttpServer2.java:bindListener(1191)) - Jetty bound to port 34998
2019-09-24 19:13:24,802 [main] INFO  server.Server (Server.java:doStart(351)) - jetty-9.3.25.v20180904, build timestamp: 2018-09-04T21:11:46Z, git hash: 3ce520221d0240229c862b122d2b06c12a625732
2019-09-24 19:13:24,804 [main] INFO  handler.ContextHandler (ContextHandler.java:doStart(781)) - Started o.e.j.s.ServletContextHandler@65a9ea3c{/logs,file:///workdir/hadoop-ozone/integration-test/target/log,AVAILABLE}
2019-09-24 19:13:24,805 [main] INFO  handler.ContextHandler (ContextHandler.java:doStart(781)) - Started o.e.j.s.ServletContextHandler@46911148{/static,jar:file:/home/user/.m2/repository/org/apache/hadoop/hadoop-hdds-container-service/0.5.0-SNAPSHOT/hadoop-hdds-container-service-0.5.0-SNAPSHOT.jar!/webapps/static,AVAILABLE}
2019-09-24 19:13:24,834 [main] INFO  handler.ContextHandler (ContextHandler.java:doStart(781)) - Started o.e.j.w.WebAppContext@7b61bf11{/,file:///tmp/jetty-0.0.0.0-34998-hddsDatanode-_-any-1971272481844806745.dir/webapp/,AVAILABLE}{/hddsDatanode}
2019-09-24 19:13:24,835 [main] INFO  server.AbstractConnector (AbstractConnector.java:doStart(278)) - Started ServerConnector@40247d48{HTTP/1.1,[http/1.1]}{0.0.0.0:34998}
2019-09-24 19:13:24,836 [main] INFO  server.Server (Server.java:doStart(419)) - Started @171742ms
2019-09-24 19:13:24,836 [main] WARN  impl.MetricsSystemImpl (MetricsSystemImpl.java:register(276)) - Sink prometheus already exists!
2019-09-24 19:13:24,837 [main] INFO  server.BaseHttpServer (BaseHttpServer.java:updateConnectorAddress(215)) - HTTP server of HDDSDATANODE is listening at http://0.0.0.0:34998
2019-09-24 19:13:24,838 [main] INFO  impl.MetricsSystemImpl (MetricsSystemImpl.java:init(158)) - HddsDatanode metrics system started (again)
2019-09-24 19:13:24,844 [org.apache.hadoop.util.JvmPauseMonitor$Monitor@21e16d7b] INFO  util.JvmPauseMonitor (JvmPauseMonitor.java:run(188)) - Starting JVM pause monitor
2019-09-24 19:13:24,845 [main] INFO  ozone.HddsDatanodeService (HddsDatanodeService.java:start(184)) - HddsDatanodeService host:pr-hdds-2149-fgl4f-1742389470 ip:192.168.5.148
2019-09-24 19:13:24,848 [Datanode State Machine Thread - 0] INFO  datanode.InitDatanodeState (InitDatanodeState.java:persistContainerDatanodeDetails(140)) - DatanodeDetails is persisted to /workdir/hadoop-ozone/integration-test/target/test-dir/MiniOzoneClusterImpl-927e61bf-33d4-4c72-9c6e-e846b22cd97e/datanode-1/meta/datanode.id
2019-09-24 19:13:24,853 [main] INFO  volume.HddsVolume (HddsVolume.java:<init>(176)) - Creating Volume: /workdir/hadoop-ozone/integration-test/target/test-dir/MiniOzoneClusterImpl-927e61bf-33d4-4c72-9c6e-e846b22cd97e/datanode-2/data/containers/hdds of  storage type : DISK and capacity : 1482555576320
2019-09-24 19:13:24,854 [main] INFO  volume.VolumeSet (VolumeSet.java:initializeVolumeSet(170)) - Added Volume : /workdir/hadoop-ozone/integration-test/target/test-dir/MiniOzoneClusterImpl-927e61bf-33d4-4c72-9c6e-e846b22cd97e/datanode-2/data/containers/hdds to VolumeSet
2019-09-24 19:13:24,854 [main] INFO  volume.ThrottledAsyncChecker (ThrottledAsyncChecker.java:schedule(139)) - Scheduling a check for org.apache.hadoop.ozone.container.common.volume.HddsVolume@29c17c3d
2019-09-24 19:13:24,854 [main] INFO  volume.HddsVolumeChecker (HddsVolumeChecker.java:checkAllVolumes(202)) - Scheduled health check for volume org.apache.hadoop.ozone.container.common.volume.HddsVolume@29c17c3d
2019-09-24 19:13:24,868 [main] INFO  impl.RaftServerProxy (ConfUtils.java:logGet(43)) - raft.rpc.type = GRPC (default)
2019-09-24 19:13:24,868 [main] INFO  grpc.GrpcFactory (GrpcFactory.java:checkPooledByteBufAllocatorUseCacheForAllThreads(45)) - PERFORMANCE WARNING: useCacheForAllThreads is true that may cause Netty to create a lot garbage objects and, as a result, trigger GC.
	It is recommended to disable useCacheForAllThreads by setting -Dorg.apache.ratis.thirdparty.io.netty.allocator.useCacheForAllThreads=false in command line.
2019-09-24 19:13:24,868 [main] INFO  grpc.GrpcConfigKeys$Server (ConfUtils.java:logGet(43)) - raft.grpc.server.port = 0 (default)
2019-09-24 19:13:24,868 [main] INFO  server.GrpcService (ConfUtils.java:logGet(43)) - raft.grpc.message.size.max = 33570816 (custom)
2019-09-24 19:13:24,869 [main] INFO  server.RaftServerConfigKeys (ConfUtils.java:logGet(43)) - raft.server.log.appender.buffer.byte-limit = 33554432 (custom)
2019-09-24 19:13:24,869 [main] INFO  server.GrpcService (ConfUtils.java:logGet(43)) - raft.grpc.flow.control.window = 1MB (=1048576) (default)
2019-09-24 19:13:24,869 [main] INFO  server.RaftServerConfigKeys (ConfUtils.java:logGet(43)) - raft.server.rpc.request.timeout = 3000ms (default)
2019-09-24 19:13:24,869 [main] INFO  server.RaftServerConfigKeys (ConfUtils.java:logGet(43)) - raft.server.storage.dir = [/workdir/hadoop-ozone/integration-test/target/test-dir/MiniOzoneClusterImpl-927e61bf-33d4-4c72-9c6e-e846b22cd97e/datanode-2/data/ratis] (custom)
2019-09-24 19:13:24,871 [main] INFO  hdfs.DFSUtil (DFSUtil.java:httpServerTemplateForNNAndJN(1641)) - Starting Web-server for hddsDatanode at: http://0.0.0.0:0
2019-09-24 19:13:24,872 [main] INFO  server.AuthenticationFilter (AuthenticationFilter.java:constructSecretProvider(240)) - Unable to initialize FileSignerSecretProvider, falling back to use random secrets.
2019-09-24 19:13:24,872 [main] WARN  http.HttpRequestLog (HttpRequestLog.java:getRequestLog(97)) - Jetty request log can only be enabled using Log4j
2019-09-24 19:13:24,874 [main] INFO  http.HttpServer2 (HttpServer2.java:addGlobalFilter(975)) - Added global filter 'safety' (class=org.apache.hadoop.http.HttpServer2$QuotingInputFilter)
2019-09-24 19:13:24,874 [main] INFO  http.HttpServer2 (HttpServer2.java:addFilter(948)) - Added filter static_user_filter (class=org.apache.hadoop.http.lib.StaticUserWebFilter$StaticUserFilter) to context hddsDatanode
2019-09-24 19:13:24,874 [main] INFO  http.HttpServer2 (HttpServer2.java:addFilter(958)) - Added filter static_user_filter (class=org.apache.hadoop.http.lib.StaticUserWebFilter$StaticUserFilter) to context static
2019-09-24 19:13:24,875 [main] INFO  http.HttpServer2 (HttpServer2.java:addFilter(958)) - Added filter static_user_filter (class=org.apache.hadoop.http.lib.StaticUserWebFilter$StaticUserFilter) to context logs
2019-09-24 19:13:24,875 [main] INFO  http.HttpServer2 (HttpServer2.java:bindListener(1191)) - Jetty bound to port 40816
2019-09-24 19:13:24,875 [main] INFO  server.Server (Server.java:doStart(351)) - jetty-9.3.25.v20180904, build timestamp: 2018-09-04T21:11:46Z, git hash: 3ce520221d0240229c862b122d2b06c12a625732
2019-09-24 19:13:24,877 [main] INFO  handler.ContextHandler (ContextHandler.java:doStart(781)) - Started o.e.j.s.ServletContextHandler@6088451e{/logs,file:///workdir/hadoop-ozone/integration-test/target/log,AVAILABLE}
2019-09-24 19:13:24,878 [main] INFO  handler.ContextHandler (ContextHandler.java:doStart(781)) - Started o.e.j.s.ServletContextHandler@2f10f633{/static,jar:file:/home/user/.m2/repository/org/apache/hadoop/hadoop-hdds-container-service/0.5.0-SNAPSHOT/hadoop-hdds-container-service-0.5.0-SNAPSHOT.jar!/webapps/static,AVAILABLE}
2019-09-24 19:13:24,906 [main] INFO  handler.ContextHandler (ContextHandler.java:doStart(781)) - Started o.e.j.w.WebAppContext@3f6bf8aa{/,file:///tmp/jetty-0.0.0.0-40816-hddsDatanode-_-any-4806478140429542166.dir/webapp/,AVAILABLE}{/hddsDatanode}
2019-09-24 19:13:24,907 [main] INFO  server.AbstractConnector (AbstractConnector.java:doStart(278)) - Started ServerConnector@13c8ac77{HTTP/1.1,[http/1.1]}{0.0.0.0:40816}
2019-09-24 19:13:24,908 [main] INFO  server.Server (Server.java:doStart(419)) - Started @171814ms
2019-09-24 19:13:24,909 [main] WARN  impl.MetricsSystemImpl (MetricsSystemImpl.java:register(276)) - Sink prometheus already exists!
2019-09-24 19:13:24,909 [main] INFO  server.BaseHttpServer (BaseHttpServer.java:updateConnectorAddress(215)) - HTTP server of HDDSDATANODE is listening at http://0.0.0.0:40816
2019-09-24 19:13:24,910 [main] INFO  impl.MetricsSystemImpl (MetricsSystemImpl.java:init(158)) - HddsDatanode metrics system started (again)
2019-09-24 19:13:24,912 [org.apache.hadoop.util.JvmPauseMonitor$Monitor@116899d2] INFO  util.JvmPauseMonitor (JvmPauseMonitor.java:run(188)) - Starting JVM pause monitor
2019-09-24 19:13:24,912 [main] INFO  ozone.HddsDatanodeService (HddsDatanodeService.java:start(184)) - HddsDatanodeService host:pr-hdds-2149-fgl4f-1742389470 ip:192.168.5.148
2019-09-24 19:13:24,915 [Datanode State Machine Thread - 0] INFO  datanode.InitDatanodeState (InitDatanodeState.java:persistContainerDatanodeDetails(140)) - DatanodeDetails is persisted to /workdir/hadoop-ozone/integration-test/target/test-dir/MiniOzoneClusterImpl-927e61bf-33d4-4c72-9c6e-e846b22cd97e/datanode-2/meta/datanode.id
2019-09-24 19:13:24,918 [main] INFO  volume.HddsVolume (HddsVolume.java:<init>(176)) - Creating Volume: /workdir/hadoop-ozone/integration-test/target/test-dir/MiniOzoneClusterImpl-927e61bf-33d4-4c72-9c6e-e846b22cd97e/datanode-3/data/containers/hdds of  storage type : DISK and capacity : 1482555576320
2019-09-24 19:13:24,919 [main] INFO  volume.VolumeSet (VolumeSet.java:initializeVolumeSet(170)) - Added Volume : /workdir/hadoop-ozone/integration-test/target/test-dir/MiniOzoneClusterImpl-927e61bf-33d4-4c72-9c6e-e846b22cd97e/datanode-3/data/containers/hdds to VolumeSet
2019-09-24 19:13:24,919 [main] INFO  volume.ThrottledAsyncChecker (ThrottledAsyncChecker.java:schedule(139)) - Scheduling a check for org.apache.hadoop.ozone.container.common.volume.HddsVolume@7885776b
2019-09-24 19:13:24,919 [main] INFO  volume.HddsVolumeChecker (HddsVolumeChecker.java:checkAllVolumes(202)) - Scheduled health check for volume org.apache.hadoop.ozone.container.common.volume.HddsVolume@7885776b
2019-09-24 19:13:24,933 [main] INFO  impl.RaftServerProxy (ConfUtils.java:logGet(43)) - raft.rpc.type = GRPC (default)
2019-09-24 19:13:24,933 [main] INFO  grpc.GrpcFactory (GrpcFactory.java:checkPooledByteBufAllocatorUseCacheForAllThreads(45)) - PERFORMANCE WARNING: useCacheForAllThreads is true that may cause Netty to create a lot garbage objects and, as a result, trigger GC.
	It is recommended to disable useCacheForAllThreads by setting -Dorg.apache.ratis.thirdparty.io.netty.allocator.useCacheForAllThreads=false in command line.
2019-09-24 19:13:24,933 [main] INFO  grpc.GrpcConfigKeys$Server (ConfUtils.java:logGet(43)) - raft.grpc.server.port = 0 (default)
2019-09-24 19:13:24,934 [main] INFO  server.GrpcService (ConfUtils.java:logGet(43)) - raft.grpc.message.size.max = 33570816 (custom)
2019-09-24 19:13:24,934 [main] INFO  server.RaftServerConfigKeys (ConfUtils.java:logGet(43)) - raft.server.log.appender.buffer.byte-limit = 33554432 (custom)
2019-09-24 19:13:24,934 [main] INFO  server.GrpcService (ConfUtils.java:logGet(43)) - raft.grpc.flow.control.window = 1MB (=1048576) (default)
2019-09-24 19:13:24,934 [main] INFO  server.RaftServerConfigKeys (ConfUtils.java:logGet(43)) - raft.server.rpc.request.timeout = 3000ms (default)
2019-09-24 19:13:24,935 [main] INFO  server.RaftServerConfigKeys (ConfUtils.java:logGet(43)) - raft.server.storage.dir = [/workdir/hadoop-ozone/integration-test/target/test-dir/MiniOzoneClusterImpl-927e61bf-33d4-4c72-9c6e-e846b22cd97e/datanode-3/data/ratis] (custom)
2019-09-24 19:13:24,936 [main] INFO  hdfs.DFSUtil (DFSUtil.java:httpServerTemplateForNNAndJN(1641)) - Starting Web-server for hddsDatanode at: http://0.0.0.0:0
2019-09-24 19:13:24,937 [main] INFO  server.AuthenticationFilter (AuthenticationFilter.java:constructSecretProvider(240)) - Unable to initialize FileSignerSecretProvider, falling back to use random secrets.
2019-09-24 19:13:24,938 [main] WARN  http.HttpRequestLog (HttpRequestLog.java:getRequestLog(97)) - Jetty request log can only be enabled using Log4j
2019-09-24 19:13:24,939 [main] INFO  http.HttpServer2 (HttpServer2.java:addGlobalFilter(975)) - Added global filter 'safety' (class=org.apache.hadoop.http.HttpServer2$QuotingInputFilter)
2019-09-24 19:13:24,940 [main] INFO  http.HttpServer2 (HttpServer2.java:addFilter(948)) - Added filter static_user_filter (class=org.apache.hadoop.http.lib.StaticUserWebFilter$StaticUserFilter) to context hddsDatanode
2019-09-24 19:13:24,940 [main] INFO  http.HttpServer2 (HttpServer2.java:addFilter(958)) - Added filter static_user_filter (class=org.apache.hadoop.http.lib.StaticUserWebFilter$StaticUserFilter) to context logs
2019-09-24 19:13:24,941 [main] INFO  http.HttpServer2 (HttpServer2.java:addFilter(958)) - Added filter static_user_filter (class=org.apache.hadoop.http.lib.StaticUserWebFilter$StaticUserFilter) to context static
2019-09-24 19:13:24,942 [main] INFO  http.HttpServer2 (HttpServer2.java:bindListener(1191)) - Jetty bound to port 43267
2019-09-24 19:13:24,942 [main] INFO  server.Server (Server.java:doStart(351)) - jetty-9.3.25.v20180904, build timestamp: 2018-09-04T21:11:46Z, git hash: 3ce520221d0240229c862b122d2b06c12a625732
2019-09-24 19:13:24,947 [main] INFO  handler.ContextHandler (ContextHandler.java:doStart(781)) - Started o.e.j.s.ServletContextHandler@6af90849{/logs,file:///workdir/hadoop-ozone/integration-test/target/log,AVAILABLE}
2019-09-24 19:13:24,948 [main] INFO  handler.ContextHandler (ContextHandler.java:doStart(781)) - Started o.e.j.s.ServletContextHandler@4fa4f485{/static,jar:file:/home/user/.m2/repository/org/apache/hadoop/hadoop-hdds-container-service/0.5.0-SNAPSHOT/hadoop-hdds-container-service-0.5.0-SNAPSHOT.jar!/webapps/static,AVAILABLE}
2019-09-24 19:13:24,977 [main] INFO  handler.ContextHandler (ContextHandler.java:doStart(781)) - Started o.e.j.w.WebAppContext@66a5755{/,file:///tmp/jetty-0.0.0.0-43267-hddsDatanode-_-any-6203466811394790155.dir/webapp/,AVAILABLE}{/hddsDatanode}
2019-09-24 19:13:24,977 [main] INFO  server.AbstractConnector (AbstractConnector.java:doStart(278)) - Started ServerConnector@771a7d53{HTTP/1.1,[http/1.1]}{0.0.0.0:43267}
2019-09-24 19:13:24,979 [main] INFO  server.Server (Server.java:doStart(419)) - Started @171885ms
2019-09-24 19:13:24,980 [main] WARN  impl.MetricsSystemImpl (MetricsSystemImpl.java:register(276)) - Sink prometheus already exists!
2019-09-24 19:13:24,980 [main] INFO  server.BaseHttpServer (BaseHttpServer.java:updateConnectorAddress(215)) - HTTP server of HDDSDATANODE is listening at http://0.0.0.0:43267
2019-09-24 19:13:24,981 [main] INFO  impl.MetricsSystemImpl (MetricsSystemImpl.java:init(158)) - HddsDatanode metrics system started (again)
2019-09-24 19:13:24,984 [org.apache.hadoop.util.JvmPauseMonitor$Monitor@4403b461] INFO  util.JvmPauseMonitor (JvmPauseMonitor.java:run(188)) - Starting JVM pause monitor
2019-09-24 19:13:24,985 [main] INFO  ozone.HddsDatanodeService (HddsDatanodeService.java:start(184)) - HddsDatanodeService host:pr-hdds-2149-fgl4f-1742389470 ip:192.168.5.148
2019-09-24 19:13:24,986 [Datanode State Machine Thread - 0] INFO  datanode.InitDatanodeState (InitDatanodeState.java:persistContainerDatanodeDetails(140)) - DatanodeDetails is persisted to /workdir/hadoop-ozone/integration-test/target/test-dir/MiniOzoneClusterImpl-927e61bf-33d4-4c72-9c6e-e846b22cd97e/datanode-3/meta/datanode.id
2019-09-24 19:13:24,991 [main] INFO  volume.HddsVolume (HddsVolume.java:<init>(176)) - Creating Volume: /workdir/hadoop-ozone/integration-test/target/test-dir/MiniOzoneClusterImpl-927e61bf-33d4-4c72-9c6e-e846b22cd97e/datanode-4/data/containers/hdds of  storage type : DISK and capacity : 1482555576320
2019-09-24 19:13:24,992 [main] INFO  volume.VolumeSet (VolumeSet.java:initializeVolumeSet(170)) - Added Volume : /workdir/hadoop-ozone/integration-test/target/test-dir/MiniOzoneClusterImpl-927e61bf-33d4-4c72-9c6e-e846b22cd97e/datanode-4/data/containers/hdds to VolumeSet
2019-09-24 19:13:24,992 [main] INFO  volume.ThrottledAsyncChecker (ThrottledAsyncChecker.java:schedule(139)) - Scheduling a check for org.apache.hadoop.ozone.container.common.volume.HddsVolume@6274670b
2019-09-24 19:13:24,993 [main] INFO  volume.HddsVolumeChecker (HddsVolumeChecker.java:checkAllVolumes(202)) - Scheduled health check for volume org.apache.hadoop.ozone.container.common.volume.HddsVolume@6274670b
2019-09-24 19:13:25,011 [main] INFO  impl.RaftServerProxy (ConfUtils.java:logGet(43)) - raft.rpc.type = GRPC (default)
2019-09-24 19:13:25,011 [main] INFO  grpc.GrpcFactory (GrpcFactory.java:checkPooledByteBufAllocatorUseCacheForAllThreads(45)) - PERFORMANCE WARNING: useCacheForAllThreads is true that may cause Netty to create a lot garbage objects and, as a result, trigger GC.
	It is recommended to disable useCacheForAllThreads by setting -Dorg.apache.ratis.thirdparty.io.netty.allocator.useCacheForAllThreads=false in command line.
2019-09-24 19:13:25,012 [main] INFO  grpc.GrpcConfigKeys$Server (ConfUtils.java:logGet(43)) - raft.grpc.server.port = 0 (default)
2019-09-24 19:13:25,012 [main] INFO  server.GrpcService (ConfUtils.java:logGet(43)) - raft.grpc.message.size.max = 33570816 (custom)
2019-09-24 19:13:25,012 [main] INFO  server.RaftServerConfigKeys (ConfUtils.java:logGet(43)) - raft.server.log.appender.buffer.byte-limit = 33554432 (custom)
2019-09-24 19:13:25,012 [main] INFO  server.GrpcService (ConfUtils.java:logGet(43)) - raft.grpc.flow.control.window = 1MB (=1048576) (default)
2019-09-24 19:13:25,013 [main] INFO  server.RaftServerConfigKeys (ConfUtils.java:logGet(43)) - raft.server.rpc.request.timeout = 3000ms (default)
2019-09-24 19:13:25,013 [main] INFO  server.RaftServerConfigKeys (ConfUtils.java:logGet(43)) - raft.server.storage.dir = [/workdir/hadoop-ozone/integration-test/target/test-dir/MiniOzoneClusterImpl-927e61bf-33d4-4c72-9c6e-e846b22cd97e/datanode-4/data/ratis] (custom)
2019-09-24 19:13:25,015 [main] INFO  hdfs.DFSUtil (DFSUtil.java:httpServerTemplateForNNAndJN(1641)) - Starting Web-server for hddsDatanode at: http://0.0.0.0:0
2019-09-24 19:13:25,017 [main] INFO  server.AuthenticationFilter (AuthenticationFilter.java:constructSecretProvider(240)) - Unable to initialize FileSignerSecretProvider, falling back to use random secrets.
2019-09-24 19:13:25,018 [main] WARN  http.HttpRequestLog (HttpRequestLog.java:getRequestLog(97)) - Jetty request log can only be enabled using Log4j
2019-09-24 19:13:25,020 [main] INFO  http.HttpServer2 (HttpServer2.java:addGlobalFilter(975)) - Added global filter 'safety' (class=org.apache.hadoop.http.HttpServer2$QuotingInputFilter)
2019-09-24 19:13:25,021 [main] INFO  http.HttpServer2 (HttpServer2.java:addFilter(948)) - Added filter static_user_filter (class=org.apache.hadoop.http.lib.StaticUserWebFilter$StaticUserFilter) to context hddsDatanode
2019-09-24 19:13:25,021 [main] INFO  http.HttpServer2 (HttpServer2.java:addFilter(958)) - Added filter static_user_filter (class=org.apache.hadoop.http.lib.StaticUserWebFilter$StaticUserFilter) to context logs
2019-09-24 19:13:25,021 [main] INFO  http.HttpServer2 (HttpServer2.java:addFilter(958)) - Added filter static_user_filter (class=org.apache.hadoop.http.lib.StaticUserWebFilter$StaticUserFilter) to context static
2019-09-24 19:13:25,023 [main] INFO  http.HttpServer2 (HttpServer2.java:bindListener(1191)) - Jetty bound to port 42862
2019-09-24 19:13:25,023 [main] INFO  server.Server (Server.java:doStart(351)) - jetty-9.3.25.v20180904, build timestamp: 2018-09-04T21:11:46Z, git hash: 3ce520221d0240229c862b122d2b06c12a625732
2019-09-24 19:13:25,026 [main] INFO  handler.ContextHandler (ContextHandler.java:doStart(781)) - Started o.e.j.s.ServletContextHandler@5649d11a{/logs,file:///workdir/hadoop-ozone/integration-test/target/log,AVAILABLE}
2019-09-24 19:13:25,027 [main] INFO  handler.ContextHandler (ContextHandler.java:doStart(781)) - Started o.e.j.s.ServletContextHandler@27443560{/static,jar:file:/home/user/.m2/repository/org/apache/hadoop/hadoop-hdds-container-service/0.5.0-SNAPSHOT/hadoop-hdds-container-service-0.5.0-SNAPSHOT.jar!/webapps/static,AVAILABLE}
2019-09-24 19:13:25,071 [main] INFO  handler.ContextHandler (ContextHandler.java:doStart(781)) - Started o.e.j.w.WebAppContext@2abbd0d9{/,file:///tmp/jetty-0.0.0.0-42862-hddsDatanode-_-any-8299482618474421224.dir/webapp/,AVAILABLE}{/hddsDatanode}
2019-09-24 19:13:25,071 [main] INFO  server.AbstractConnector (AbstractConnector.java:doStart(278)) - Started ServerConnector@b61edb9{HTTP/1.1,[http/1.1]}{0.0.0.0:42862}
2019-09-24 19:13:25,073 [main] INFO  server.Server (Server.java:doStart(419)) - Started @171978ms
2019-09-24 19:13:25,073 [main] WARN  impl.MetricsSystemImpl (MetricsSystemImpl.java:register(276)) - Sink prometheus already exists!
2019-09-24 19:13:25,074 [main] INFO  server.BaseHttpServer (BaseHttpServer.java:updateConnectorAddress(215)) - HTTP server of HDDSDATANODE is listening at http://0.0.0.0:42862
2019-09-24 19:13:25,074 [main] INFO  impl.MetricsSystemImpl (MetricsSystemImpl.java:init(158)) - HddsDatanode metrics system started (again)
2019-09-24 19:13:25,078 [org.apache.hadoop.util.JvmPauseMonitor$Monitor@4152458d] INFO  util.JvmPauseMonitor (JvmPauseMonitor.java:run(188)) - Starting JVM pause monitor
2019-09-24 19:13:25,079 [main] INFO  ozone.HddsDatanodeService (HddsDatanodeService.java:start(184)) - HddsDatanodeService host:pr-hdds-2149-fgl4f-1742389470 ip:192.168.5.148
2019-09-24 19:13:25,080 [Datanode State Machine Thread - 0] INFO  datanode.InitDatanodeState (InitDatanodeState.java:persistContainerDatanodeDetails(140)) - DatanodeDetails is persisted to /workdir/hadoop-ozone/integration-test/target/test-dir/MiniOzoneClusterImpl-927e61bf-33d4-4c72-9c6e-e846b22cd97e/datanode-4/meta/datanode.id
2019-09-24 19:13:25,086 [main] INFO  volume.HddsVolume (HddsVolume.java:<init>(176)) - Creating Volume: /workdir/hadoop-ozone/integration-test/target/test-dir/MiniOzoneClusterImpl-927e61bf-33d4-4c72-9c6e-e846b22cd97e/datanode-5/data/containers/hdds of  storage type : DISK and capacity : 1482555576320
2019-09-24 19:13:25,086 [main] INFO  volume.VolumeSet (VolumeSet.java:initializeVolumeSet(170)) - Added Volume : /workdir/hadoop-ozone/integration-test/target/test-dir/MiniOzoneClusterImpl-927e61bf-33d4-4c72-9c6e-e846b22cd97e/datanode-5/data/containers/hdds to VolumeSet
2019-09-24 19:13:25,086 [main] INFO  volume.ThrottledAsyncChecker (ThrottledAsyncChecker.java:schedule(139)) - Scheduling a check for org.apache.hadoop.ozone.container.common.volume.HddsVolume@889a8a8
2019-09-24 19:13:25,087 [main] INFO  volume.HddsVolumeChecker (HddsVolumeChecker.java:checkAllVolumes(202)) - Scheduled health check for volume org.apache.hadoop.ozone.container.common.volume.HddsVolume@889a8a8
2019-09-24 19:13:25,107 [main] INFO  impl.RaftServerProxy (ConfUtils.java:logGet(43)) - raft.rpc.type = GRPC (default)
2019-09-24 19:13:25,107 [main] INFO  grpc.GrpcFactory (GrpcFactory.java:checkPooledByteBufAllocatorUseCacheForAllThreads(45)) - PERFORMANCE WARNING: useCacheForAllThreads is true that may cause Netty to create a lot garbage objects and, as a result, trigger GC.
	It is recommended to disable useCacheForAllThreads by setting -Dorg.apache.ratis.thirdparty.io.netty.allocator.useCacheForAllThreads=false in command line.
2019-09-24 19:13:25,107 [main] INFO  grpc.GrpcConfigKeys$Server (ConfUtils.java:logGet(43)) - raft.grpc.server.port = 0 (default)
2019-09-24 19:13:25,108 [main] INFO  server.GrpcService (ConfUtils.java:logGet(43)) - raft.grpc.message.size.max = 33570816 (custom)
2019-09-24 19:13:25,108 [main] INFO  server.RaftServerConfigKeys (ConfUtils.java:logGet(43)) - raft.server.log.appender.buffer.byte-limit = 33554432 (custom)
2019-09-24 19:13:25,108 [main] INFO  server.GrpcService (ConfUtils.java:logGet(43)) - raft.grpc.flow.control.window = 1MB (=1048576) (default)
2019-09-24 19:13:25,108 [main] INFO  server.RaftServerConfigKeys (ConfUtils.java:logGet(43)) - raft.server.rpc.request.timeout = 3000ms (default)
2019-09-24 19:13:25,109 [main] INFO  server.RaftServerConfigKeys (ConfUtils.java:logGet(43)) - raft.server.storage.dir = [/workdir/hadoop-ozone/integration-test/target/test-dir/MiniOzoneClusterImpl-927e61bf-33d4-4c72-9c6e-e846b22cd97e/datanode-5/data/ratis] (custom)
2019-09-24 19:13:25,110 [main] INFO  hdfs.DFSUtil (DFSUtil.java:httpServerTemplateForNNAndJN(1641)) - Starting Web-server for hddsDatanode at: http://0.0.0.0:0
2019-09-24 19:13:25,112 [main] INFO  server.AuthenticationFilter (AuthenticationFilter.java:constructSecretProvider(240)) - Unable to initialize FileSignerSecretProvider, falling back to use random secrets.
2019-09-24 19:13:25,112 [main] WARN  http.HttpRequestLog (HttpRequestLog.java:getRequestLog(97)) - Jetty request log can only be enabled using Log4j
2019-09-24 19:13:25,114 [main] INFO  http.HttpServer2 (HttpServer2.java:addGlobalFilter(975)) - Added global filter 'safety' (class=org.apache.hadoop.http.HttpServer2$QuotingInputFilter)
2019-09-24 19:13:25,114 [main] INFO  http.HttpServer2 (HttpServer2.java:addFilter(948)) - Added filter static_user_filter (class=org.apache.hadoop.http.lib.StaticUserWebFilter$StaticUserFilter) to context hddsDatanode
2019-09-24 19:13:25,114 [main] INFO  http.HttpServer2 (HttpServer2.java:addFilter(958)) - Added filter static_user_filter (class=org.apache.hadoop.http.lib.StaticUserWebFilter$StaticUserFilter) to context static
2019-09-24 19:13:25,115 [main] INFO  http.HttpServer2 (HttpServer2.java:addFilter(958)) - Added filter static_user_filter (class=org.apache.hadoop.http.lib.StaticUserWebFilter$StaticUserFilter) to context logs
2019-09-24 19:13:25,115 [main] INFO  http.HttpServer2 (HttpServer2.java:bindListener(1191)) - Jetty bound to port 34265
2019-09-24 19:13:25,115 [main] INFO  server.Server (Server.java:doStart(351)) - jetty-9.3.25.v20180904, build timestamp: 2018-09-04T21:11:46Z, git hash: 3ce520221d0240229c862b122d2b06c12a625732
2019-09-24 19:13:25,118 [main] INFO  handler.ContextHandler (ContextHandler.java:doStart(781)) - Started o.e.j.s.ServletContextHandler@7f9e8421{/logs,file:///workdir/hadoop-ozone/integration-test/target/log,AVAILABLE}
2019-09-24 19:13:25,118 [main] INFO  handler.ContextHandler (ContextHandler.java:doStart(781)) - Started o.e.j.s.ServletContextHandler@168b4cb0{/static,jar:file:/home/user/.m2/repository/org/apache/hadoop/hadoop-hdds-container-service/0.5.0-SNAPSHOT/hadoop-hdds-container-service-0.5.0-SNAPSHOT.jar!/webapps/static,AVAILABLE}
2019-09-24 19:13:25,147 [main] INFO  handler.ContextHandler (ContextHandler.java:doStart(781)) - Started o.e.j.w.WebAppContext@640cc04b{/,file:///tmp/jetty-0.0.0.0-34265-hddsDatanode-_-any-1336486449608622269.dir/webapp/,AVAILABLE}{/hddsDatanode}
2019-09-24 19:13:25,147 [main] INFO  server.AbstractConnector (AbstractConnector.java:doStart(278)) - Started ServerConnector@630bf683{HTTP/1.1,[http/1.1]}{0.0.0.0:34265}
2019-09-24 19:13:25,149 [main] INFO  server.Server (Server.java:doStart(419)) - Started @172054ms
2019-09-24 19:13:25,149 [main] WARN  impl.MetricsSystemImpl (MetricsSystemImpl.java:register(276)) - Sink prometheus already exists!
2019-09-24 19:13:25,149 [main] INFO  server.BaseHttpServer (BaseHttpServer.java:updateConnectorAddress(215)) - HTTP server of HDDSDATANODE is listening at http://0.0.0.0:34265
2019-09-24 19:13:25,150 [main] INFO  impl.MetricsSystemImpl (MetricsSystemImpl.java:init(158)) - HddsDatanode metrics system started (again)
2019-09-24 19:13:25,153 [org.apache.hadoop.util.JvmPauseMonitor$Monitor@219ad90] INFO  util.JvmPauseMonitor (JvmPauseMonitor.java:run(188)) - Starting JVM pause monitor
2019-09-24 19:13:25,153 [main] INFO  ozone.HddsDatanodeService (HddsDatanodeService.java:start(184)) - HddsDatanodeService host:pr-hdds-2149-fgl4f-1742389470 ip:192.168.5.148
2019-09-24 19:13:25,155 [Datanode State Machine Thread - 0] INFO  datanode.InitDatanodeState (InitDatanodeState.java:persistContainerDatanodeDetails(140)) - DatanodeDetails is persisted to /workdir/hadoop-ozone/integration-test/target/test-dir/MiniOzoneClusterImpl-927e61bf-33d4-4c72-9c6e-e846b22cd97e/datanode-5/meta/datanode.id
2019-09-24 19:13:25,159 [main] INFO  volume.HddsVolume (HddsVolume.java:<init>(176)) - Creating Volume: /workdir/hadoop-ozone/integration-test/target/test-dir/MiniOzoneClusterImpl-927e61bf-33d4-4c72-9c6e-e846b22cd97e/datanode-6/data/containers/hdds of  storage type : DISK and capacity : 1482555576320
2019-09-24 19:13:25,160 [main] INFO  volume.VolumeSet (VolumeSet.java:initializeVolumeSet(170)) - Added Volume : /workdir/hadoop-ozone/integration-test/target/test-dir/MiniOzoneClusterImpl-927e61bf-33d4-4c72-9c6e-e846b22cd97e/datanode-6/data/containers/hdds to VolumeSet
2019-09-24 19:13:25,160 [main] INFO  volume.ThrottledAsyncChecker (ThrottledAsyncChecker.java:schedule(139)) - Scheduling a check for org.apache.hadoop.ozone.container.common.volume.HddsVolume@10b687f2
2019-09-24 19:13:25,161 [main] INFO  volume.HddsVolumeChecker (HddsVolumeChecker.java:checkAllVolumes(202)) - Scheduled health check for volume org.apache.hadoop.ozone.container.common.volume.HddsVolume@10b687f2
2019-09-24 19:13:25,173 [main] INFO  impl.RaftServerProxy (ConfUtils.java:logGet(43)) - raft.rpc.type = GRPC (default)
2019-09-24 19:13:25,174 [main] INFO  grpc.GrpcFactory (GrpcFactory.java:checkPooledByteBufAllocatorUseCacheForAllThreads(45)) - PERFORMANCE WARNING: useCacheForAllThreads is true that may cause Netty to create a lot garbage objects and, as a result, trigger GC.
	It is recommended to disable useCacheForAllThreads by setting -Dorg.apache.ratis.thirdparty.io.netty.allocator.useCacheForAllThreads=false in command line.
2019-09-24 19:13:25,174 [main] INFO  grpc.GrpcConfigKeys$Server (ConfUtils.java:logGet(43)) - raft.grpc.server.port = 0 (default)
2019-09-24 19:13:25,174 [main] INFO  server.GrpcService (ConfUtils.java:logGet(43)) - raft.grpc.message.size.max = 33570816 (custom)
2019-09-24 19:13:25,174 [main] INFO  server.RaftServerConfigKeys (ConfUtils.java:logGet(43)) - raft.server.log.appender.buffer.byte-limit = 33554432 (custom)
2019-09-24 19:13:25,174 [main] INFO  server.GrpcService (ConfUtils.java:logGet(43)) - raft.grpc.flow.control.window = 1MB (=1048576) (default)
2019-09-24 19:13:25,175 [main] INFO  server.RaftServerConfigKeys (ConfUtils.java:logGet(43)) - raft.server.rpc.request.timeout = 3000ms (default)
2019-09-24 19:13:25,175 [main] INFO  server.RaftServerConfigKeys (ConfUtils.java:logGet(43)) - raft.server.storage.dir = [/workdir/hadoop-ozone/integration-test/target/test-dir/MiniOzoneClusterImpl-927e61bf-33d4-4c72-9c6e-e846b22cd97e/datanode-6/data/ratis] (custom)
2019-09-24 19:13:25,176 [main] INFO  hdfs.DFSUtil (DFSUtil.java:httpServerTemplateForNNAndJN(1641)) - Starting Web-server for hddsDatanode at: http://0.0.0.0:0
2019-09-24 19:13:25,177 [main] INFO  server.AuthenticationFilter (AuthenticationFilter.java:constructSecretProvider(240)) - Unable to initialize FileSignerSecretProvider, falling back to use random secrets.
2019-09-24 19:13:25,178 [main] WARN  http.HttpRequestLog (HttpRequestLog.java:getRequestLog(97)) - Jetty request log can only be enabled using Log4j
2019-09-24 19:13:25,179 [main] INFO  http.HttpServer2 (HttpServer2.java:addGlobalFilter(975)) - Added global filter 'safety' (class=org.apache.hadoop.http.HttpServer2$QuotingInputFilter)
2019-09-24 19:13:25,180 [main] INFO  http.HttpServer2 (HttpServer2.java:addFilter(948)) - Added filter static_user_filter (class=org.apache.hadoop.http.lib.StaticUserWebFilter$StaticUserFilter) to context hddsDatanode
2019-09-24 19:13:25,180 [main] INFO  http.HttpServer2 (HttpServer2.java:addFilter(958)) - Added filter static_user_filter (class=org.apache.hadoop.http.lib.StaticUserWebFilter$StaticUserFilter) to context static
2019-09-24 19:13:25,180 [main] INFO  http.HttpServer2 (HttpServer2.java:addFilter(958)) - Added filter static_user_filter (class=org.apache.hadoop.http.lib.StaticUserWebFilter$StaticUserFilter) to context logs
2019-09-24 19:13:25,181 [main] INFO  http.HttpServer2 (HttpServer2.java:bindListener(1191)) - Jetty bound to port 41629
2019-09-24 19:13:25,181 [main] INFO  server.Server (Server.java:doStart(351)) - jetty-9.3.25.v20180904, build timestamp: 2018-09-04T21:11:46Z, git hash: 3ce520221d0240229c862b122d2b06c12a625732
2019-09-24 19:13:25,183 [main] INFO  handler.ContextHandler (ContextHandler.java:doStart(781)) - Started o.e.j.s.ServletContextHandler@78ec89a6{/logs,file:///workdir/hadoop-ozone/integration-test/target/log,AVAILABLE}
2019-09-24 19:13:25,183 [main] INFO  handler.ContextHandler (ContextHandler.java:doStart(781)) - Started o.e.j.s.ServletContextHandler@7237f3c1{/static,jar:file:/home/user/.m2/repository/org/apache/hadoop/hadoop-hdds-container-service/0.5.0-SNAPSHOT/hadoop-hdds-container-service-0.5.0-SNAPSHOT.jar!/webapps/static,AVAILABLE}
2019-09-24 19:13:25,211 [main] INFO  handler.ContextHandler (ContextHandler.java:doStart(781)) - Started o.e.j.w.WebAppContext@388623ad{/,file:///tmp/jetty-0.0.0.0-41629-hddsDatanode-_-any-914411680468816182.dir/webapp/,AVAILABLE}{/hddsDatanode}
2019-09-24 19:13:25,212 [main] INFO  server.AbstractConnector (AbstractConnector.java:doStart(278)) - Started ServerConnector@91f565d{HTTP/1.1,[http/1.1]}{0.0.0.0:41629}
2019-09-24 19:13:25,213 [main] INFO  server.Server (Server.java:doStart(419)) - Started @172118ms
2019-09-24 19:13:25,213 [main] WARN  impl.MetricsSystemImpl (MetricsSystemImpl.java:register(276)) - Sink prometheus already exists!
2019-09-24 19:13:25,214 [main] INFO  server.BaseHttpServer (BaseHttpServer.java:updateConnectorAddress(215)) - HTTP server of HDDSDATANODE is listening at http://0.0.0.0:41629
2019-09-24 19:13:25,214 [main] INFO  ozone.MiniOzoneClusterImpl (MiniOzoneClusterImpl.java:lambda$waitForClusterToBeReady$0(147)) - Waiting for cluster to be ready. Got 0 of 7 DN Heartbeats.
2019-09-24 19:13:25,215 [org.apache.hadoop.util.JvmPauseMonitor$Monitor@7d02167a] INFO  util.JvmPauseMonitor (JvmPauseMonitor.java:run(188)) - Starting JVM pause monitor
2019-09-24 19:13:25,217 [Datanode State Machine Thread - 0] INFO  datanode.InitDatanodeState (InitDatanodeState.java:persistContainerDatanodeDetails(140)) - DatanodeDetails is persisted to /workdir/hadoop-ozone/integration-test/target/test-dir/MiniOzoneClusterImpl-927e61bf-33d4-4c72-9c6e-e846b22cd97e/datanode-6/meta/datanode.id
2019-09-24 19:13:26,214 [main] INFO  ozone.MiniOzoneClusterImpl (MiniOzoneClusterImpl.java:lambda$waitForClusterToBeReady$0(147)) - Waiting for cluster to be ready. Got 0 of 7 DN Heartbeats.
2019-09-24 19:13:27,215 [main] INFO  ozone.MiniOzoneClusterImpl (MiniOzoneClusterImpl.java:lambda$waitForClusterToBeReady$0(147)) - Waiting for cluster to be ready. Got 0 of 7 DN Heartbeats.
2019-09-24 19:13:28,216 [main] INFO  ozone.MiniOzoneClusterImpl (MiniOzoneClusterImpl.java:lambda$waitForClusterToBeReady$0(147)) - Waiting for cluster to be ready. Got 0 of 7 DN Heartbeats.
2019-09-24 19:13:29,216 [main] INFO  ozone.MiniOzoneClusterImpl (MiniOzoneClusterImpl.java:lambda$waitForClusterToBeReady$0(147)) - Waiting for cluster to be ready. Got 0 of 7 DN Heartbeats.
2019-09-24 19:13:29,484 [Datanode State Machine Thread - 0] INFO  ozoneimpl.OzoneContainer (OzoneContainer.java:start(217)) - Attempting to start container services.
2019-09-24 19:13:29,484 [Datanode State Machine Thread - 0] INFO  ozoneimpl.OzoneContainer (OzoneContainer.java:start(217)) - Attempting to start container services.
2019-09-24 19:13:29,485 [Datanode State Machine Thread - 0] INFO  ozoneimpl.OzoneContainer (OzoneContainer.java:start(217)) - Attempting to start container services.
2019-09-24 19:13:29,484 [Datanode State Machine Thread - 0] INFO  ozoneimpl.OzoneContainer (OzoneContainer.java:start(217)) - Attempting to start container services.
2019-09-24 19:13:29,484 [Datanode State Machine Thread - 0] INFO  ozoneimpl.OzoneContainer (OzoneContainer.java:start(217)) - Attempting to start container services.
2019-09-24 19:13:29,484 [Datanode State Machine Thread - 0] INFO  ozoneimpl.OzoneContainer (OzoneContainer.java:start(217)) - Attempting to start container services.
2019-09-24 19:13:29,486 [Datanode State Machine Thread - 0] INFO  ozoneimpl.OzoneContainer (OzoneContainer.java:startContainerScrub(179)) - Background container scanner has been disabled.
2019-09-24 19:13:29,486 [Datanode State Machine Thread - 0] INFO  ozoneimpl.OzoneContainer (OzoneContainer.java:startContainerScrub(179)) - Background container scanner has been disabled.
2019-09-24 19:13:29,486 [Datanode State Machine Thread - 0] INFO  ratis.XceiverServerRatis (XceiverServerRatis.java:start(411)) - Starting XceiverServerRatis 22b8b3f1-51bd-4ac5-9663-e1c2442cab02 at port 0
2019-09-24 19:13:29,485 [Datanode State Machine Thread - 0] INFO  ozoneimpl.OzoneContainer (OzoneContainer.java:startContainerScrub(179)) - Background container scanner has been disabled.
2019-09-24 19:13:29,487 [Datanode State Machine Thread - 0] INFO  ratis.XceiverServerRatis (XceiverServerRatis.java:start(411)) - Starting XceiverServerRatis 6ea95935-ca1a-4a75-a672-ea37e11478e6 at port 0
2019-09-24 19:13:29,485 [Datanode State Machine Thread - 0] INFO  ozoneimpl.OzoneContainer (OzoneContainer.java:startContainerScrub(179)) - Background container scanner has been disabled.
2019-09-24 19:13:29,485 [Datanode State Machine Thread - 0] INFO  ozoneimpl.OzoneContainer (OzoneContainer.java:startContainerScrub(179)) - Background container scanner has been disabled.
2019-09-24 19:13:29,485 [Datanode State Machine Thread - 0] INFO  ozoneimpl.OzoneContainer (OzoneContainer.java:start(217)) - Attempting to start container services.
2019-09-24 19:13:29,487 [Datanode State Machine Thread - 0] INFO  ratis.XceiverServerRatis (XceiverServerRatis.java:start(411)) - Starting XceiverServerRatis bbf8d920-3eae-4ae7-b977-ade734f62dd2 at port 0
2019-09-24 19:13:29,487 [Datanode State Machine Thread - 0] INFO  ratis.XceiverServerRatis (XceiverServerRatis.java:start(411)) - Starting XceiverServerRatis 2aad5506-4352-4587-a9d6-f1a315122139 at port 0
2019-09-24 19:13:29,486 [Datanode State Machine Thread - 0] INFO  ozoneimpl.OzoneContainer (OzoneContainer.java:startContainerScrub(179)) - Background container scanner has been disabled.
2019-09-24 19:13:29,486 [Datanode State Machine Thread - 0] INFO  ratis.XceiverServerRatis (XceiverServerRatis.java:start(411)) - Starting XceiverServerRatis c43723af-eff8-4b61-8fe0-e8fff69cc406 at port 0
2019-09-24 19:13:29,488 [Datanode State Machine Thread - 0] INFO  ratis.XceiverServerRatis (XceiverServerRatis.java:start(411)) - Starting XceiverServerRatis 4d8f17a5-2079-45c1-8233-e8f9fa301948 at port 0
2019-09-24 19:13:29,488 [Datanode State Machine Thread - 0] INFO  ozoneimpl.OzoneContainer (OzoneContainer.java:startContainerScrub(179)) - Background container scanner has been disabled.
2019-09-24 19:13:29,489 [Datanode State Machine Thread - 0] INFO  ratis.XceiverServerRatis (XceiverServerRatis.java:start(411)) - Starting XceiverServerRatis d65623be-04e3-433c-9af8-6934d2279f6c at port 0
2019-09-24 19:13:29,542 [Datanode State Machine Thread - 0] INFO  impl.RaftServerProxy (RaftServerProxy.java:lambda$start$3(299)) - 2aad5506-4352-4587-a9d6-f1a315122139: start RPC server
2019-09-24 19:13:29,546 [Datanode State Machine Thread - 0] INFO  server.GrpcService (GrpcService.java:startImpl(158)) - 2aad5506-4352-4587-a9d6-f1a315122139: GrpcService started, listening on 0.0.0.0/0.0.0.0:34412
2019-09-24 19:13:29,546 [Datanode State Machine Thread - 0] INFO  ratis.XceiverServerRatis (XceiverServerRatis.java:start(421)) - XceiverServerRatis 2aad5506-4352-4587-a9d6-f1a315122139 is started using port 34412
2019-09-24 19:13:29,549 [Datanode State Machine Thread - 0] INFO  server.XceiverServerGrpc (XceiverServerGrpc.java:start(149)) - XceiverServerGrpc 2aad5506-4352-4587-a9d6-f1a315122139 is started using port 38727
2019-09-24 19:13:29,549 [Datanode State Machine Thread - 0] INFO  impl.RaftServerProxy (RaftServerProxy.java:lambda$start$3(299)) - 22b8b3f1-51bd-4ac5-9663-e1c2442cab02: start RPC server
2019-09-24 19:13:29,550 [Datanode State Machine Thread - 0] INFO  impl.RaftServerProxy (RaftServerProxy.java:lambda$start$3(299)) - 6ea95935-ca1a-4a75-a672-ea37e11478e6: start RPC server
2019-09-24 19:13:29,562 [Datanode State Machine Thread - 0] INFO  server.GrpcService (GrpcService.java:startImpl(158)) - 22b8b3f1-51bd-4ac5-9663-e1c2442cab02: GrpcService started, listening on 0.0.0.0/0.0.0.0:33770
2019-09-24 19:13:29,563 [Datanode State Machine Thread - 0] INFO  ratis.XceiverServerRatis (XceiverServerRatis.java:start(421)) - XceiverServerRatis 22b8b3f1-51bd-4ac5-9663-e1c2442cab02 is started using port 33770
2019-09-24 19:13:29,563 [Datanode State Machine Thread - 0] INFO  server.GrpcService (GrpcService.java:startImpl(158)) - 6ea95935-ca1a-4a75-a672-ea37e11478e6: GrpcService started, listening on 0.0.0.0/0.0.0.0:38722
2019-09-24 19:13:29,563 [Datanode State Machine Thread - 0] INFO  ratis.XceiverServerRatis (XceiverServerRatis.java:start(421)) - XceiverServerRatis 6ea95935-ca1a-4a75-a672-ea37e11478e6 is started using port 38722
2019-09-24 19:13:29,563 [Datanode State Machine Thread - 0] INFO  server.XceiverServerGrpc (XceiverServerGrpc.java:start(149)) - XceiverServerGrpc 22b8b3f1-51bd-4ac5-9663-e1c2442cab02 is started using port 44046
2019-09-24 19:13:29,570 [Datanode State Machine Thread - 0] INFO  server.XceiverServerGrpc (XceiverServerGrpc.java:start(149)) - XceiverServerGrpc 6ea95935-ca1a-4a75-a672-ea37e11478e6 is started using port 41445
2019-09-24 19:13:29,573 [Datanode State Machine Thread - 0] INFO  impl.RaftServerProxy (RaftServerProxy.java:lambda$start$3(299)) - 4d8f17a5-2079-45c1-8233-e8f9fa301948: start RPC server
2019-09-24 19:13:29,574 [Datanode State Machine Thread - 0] INFO  server.GrpcService (GrpcService.java:startImpl(158)) - 4d8f17a5-2079-45c1-8233-e8f9fa301948: GrpcService started, listening on 0.0.0.0/0.0.0.0:37579
2019-09-24 19:13:29,574 [Datanode State Machine Thread - 0] INFO  ratis.XceiverServerRatis (XceiverServerRatis.java:start(421)) - XceiverServerRatis 4d8f17a5-2079-45c1-8233-e8f9fa301948 is started using port 37579
2019-09-24 19:13:29,577 [Datanode State Machine Thread - 0] INFO  server.XceiverServerGrpc (XceiverServerGrpc.java:start(149)) - XceiverServerGrpc 4d8f17a5-2079-45c1-8233-e8f9fa301948 is started using port 46118
2019-09-24 19:13:29,577 [Datanode State Machine Thread - 0] INFO  impl.RaftServerProxy (RaftServerProxy.java:lambda$start$3(299)) - bbf8d920-3eae-4ae7-b977-ade734f62dd2: start RPC server
2019-09-24 19:13:29,577 [Datanode State Machine Thread - 0] INFO  impl.RaftServerProxy (RaftServerProxy.java:lambda$start$3(299)) - c43723af-eff8-4b61-8fe0-e8fff69cc406: start RPC server
2019-09-24 19:13:29,577 [Datanode State Machine Thread - 0] INFO  impl.RaftServerProxy (RaftServerProxy.java:lambda$start$3(299)) - d65623be-04e3-433c-9af8-6934d2279f6c: start RPC server
2019-09-24 19:13:29,579 [Datanode State Machine Thread - 0] INFO  server.GrpcService (GrpcService.java:startImpl(158)) - c43723af-eff8-4b61-8fe0-e8fff69cc406: GrpcService started, listening on 0.0.0.0/0.0.0.0:41158
2019-09-24 19:13:29,581 [Datanode State Machine Thread - 0] INFO  ratis.XceiverServerRatis (XceiverServerRatis.java:start(421)) - XceiverServerRatis c43723af-eff8-4b61-8fe0-e8fff69cc406 is started using port 41158
2019-09-24 19:13:29,581 [Datanode State Machine Thread - 0] INFO  server.GrpcService (GrpcService.java:startImpl(158)) - bbf8d920-3eae-4ae7-b977-ade734f62dd2: GrpcService started, listening on 0.0.0.0/0.0.0.0:46157
2019-09-24 19:13:29,581 [Datanode State Machine Thread - 0] INFO  server.GrpcService (GrpcService.java:startImpl(158)) - d65623be-04e3-433c-9af8-6934d2279f6c: GrpcService started, listening on 0.0.0.0/0.0.0.0:36478
2019-09-24 19:13:29,581 [Datanode State Machine Thread - 0] INFO  ratis.XceiverServerRatis (XceiverServerRatis.java:start(421)) - XceiverServerRatis bbf8d920-3eae-4ae7-b977-ade734f62dd2 is started using port 46157
2019-09-24 19:13:29,581 [Datanode State Machine Thread - 0] INFO  server.XceiverServerGrpc (XceiverServerGrpc.java:start(149)) - XceiverServerGrpc c43723af-eff8-4b61-8fe0-e8fff69cc406 is started using port 41338
2019-09-24 19:13:29,581 [Datanode State Machine Thread - 0] INFO  ratis.XceiverServerRatis (XceiverServerRatis.java:start(421)) - XceiverServerRatis d65623be-04e3-433c-9af8-6934d2279f6c is started using port 36478
2019-09-24 19:13:29,582 [Datanode State Machine Thread - 0] INFO  server.XceiverServerGrpc (XceiverServerGrpc.java:start(149)) - XceiverServerGrpc bbf8d920-3eae-4ae7-b977-ade734f62dd2 is started using port 46258
2019-09-24 19:13:29,582 [Datanode State Machine Thread - 0] INFO  server.XceiverServerGrpc (XceiverServerGrpc.java:start(149)) - XceiverServerGrpc d65623be-04e3-433c-9af8-6934d2279f6c is started using port 42911
2019-09-24 19:13:30,217 [main] INFO  ozone.MiniOzoneClusterImpl (MiniOzoneClusterImpl.java:lambda$waitForClusterToBeReady$0(147)) - Waiting for cluster to be ready. Got 0 of 7 DN Heartbeats.
2019-09-24 19:13:30,781 [IPC Server handler 3 on 45900] INFO  net.NetworkTopology (NetworkTopologyImpl.java:add(111)) - Added a new node: /default-rack/bbf8d920-3eae-4ae7-b977-ade734f62dd2
2019-09-24 19:13:30,784 [IPC Server handler 3 on 45900] INFO  node.SCMNodeManager (SCMNodeManager.java:register(266)) - Registered Data node : bbf8d920-3eae-4ae7-b977-ade734f62dd2{ip: 192.168.5.148, host: pr-hdds-2149-fgl4f-1742389470, networkLocation: /default-rack, certSerialId: null}
2019-09-24 19:13:30,785 [EventQueue-NodeRegistrationContainerReportForDataNodeSafeModeRule] INFO  safemode.SCMSafeModeManager (DataNodeSafeModeRule.java:process(71)) - SCM in safe mode. 1 DataNodes registered, 1 required.
2019-09-24 19:13:30,788 [EventQueue-NodeRegistrationContainerReportForDataNodeSafeModeRule] INFO  safemode.SCMSafeModeManager (SCMSafeModeManager.java:validateSafeModeExitRules(177)) - ScmSafeModeManager, all rules are successfully validated
2019-09-24 19:13:30,788 [EventQueue-NodeRegistrationContainerReportForDataNodeSafeModeRule] INFO  safemode.SCMSafeModeManager (SCMSafeModeManager.java:exitSafeMode(193)) - SCM exiting safe mode.
2019-09-24 19:13:30,802 [grpc-default-executor-5] INFO  impl.RaftServerProxy (RaftServerProxy.java:addNew(89)) - bbf8d920-3eae-4ae7-b977-ade734f62dd2: addNew group-6C026C295987:[bbf8d920-3eae-4ae7-b977-ade734f62dd2:192.168.5.148:46157] returns group-6C026C295987:java.util.concurrent.CompletableFuture@26caa4a5[Not completed]
2019-09-24 19:13:30,804 [pool-119-thread-1] INFO  impl.RaftServerImpl (RaftServerImpl.java:<init>(95)) - bbf8d920-3eae-4ae7-b977-ade734f62dd2: new RaftServerImpl for group-6C026C295987:[bbf8d920-3eae-4ae7-b977-ade734f62dd2:192.168.5.148:46157] with ContainerStateMachine:uninitialized
2019-09-24 19:13:30,805 [pool-119-thread-1] INFO  server.RaftServerConfigKeys (ConfUtils.java:logGet(43)) - raft.server.rpc.timeout.min = 5s (custom)
2019-09-24 19:13:30,805 [pool-119-thread-1] INFO  server.RaftServerConfigKeys (ConfUtils.java:logGet(43)) - raft.server.rpc.timeout.max = 5200ms (custom)
2019-09-24 19:13:30,805 [pool-119-thread-1] INFO  server.RaftServerConfigKeys (ConfUtils.java:logGet(43)) - raft.server.rpcslowness.timeout = 120s (custom)
2019-09-24 19:13:30,806 [pool-119-thread-1] INFO  server.RaftServerConfigKeys (ConfUtils.java:logGet(43)) - raft.server.sleep.deviation.threshold = 300 (default)
2019-09-24 19:13:30,806 [pool-119-thread-1] INFO  server.RaftServerConfigKeys (ConfUtils.java:logGet(43)) - raft.server.log.appender.install.snapshot.enabled = false (custom)
2019-09-24 19:13:30,806 [pool-119-thread-1] INFO  impl.RaftServerImpl (ServerState.java:<init>(103)) - bbf8d920-3eae-4ae7-b977-ade734f62dd2@group-6C026C295987: ConfigurationManager, init=-1: [bbf8d920-3eae-4ae7-b977-ade734f62dd2:192.168.5.148:46157], old=null, confs=<EMPTY_MAP>
2019-09-24 19:13:30,807 [pool-119-thread-1] INFO  server.RaftServerConfigKeys (ConfUtils.java:logGet(43)) - raft.server.storage.dir = [/workdir/hadoop-ozone/integration-test/target/test-dir/MiniOzoneClusterImpl-927e61bf-33d4-4c72-9c6e-e846b22cd97e/datanode-0/data/ratis] (custom)
2019-09-24 19:13:30,808 [pool-119-thread-1] INFO  storage.RaftStorageDirectory (RaftStorageDirectory.java:analyzeStorage(246)) - The storage directory /workdir/hadoop-ozone/integration-test/target/test-dir/MiniOzoneClusterImpl-927e61bf-33d4-4c72-9c6e-e846b22cd97e/datanode-0/data/ratis/bbf8c7ae-f87a-4729-9506-6c026c295987 does not exist. Creating ...
2019-09-24 19:13:30,848 [IPC Server handler 2 on 45900] INFO  net.NetworkTopology (NetworkTopologyImpl.java:add(111)) - Added a new node: /default-rack/22b8b3f1-51bd-4ac5-9663-e1c2442cab02
2019-09-24 19:13:30,848 [IPC Server handler 2 on 45900] INFO  node.SCMNodeManager (SCMNodeManager.java:register(266)) - Registered Data node : 22b8b3f1-51bd-4ac5-9663-e1c2442cab02{ip: 192.168.5.148, host: pr-hdds-2149-fgl4f-1742389470, networkLocation: /default-rack, certSerialId: null}
2019-09-24 19:13:30,918 [IPC Server handler 5 on 45900] INFO  net.NetworkTopology (NetworkTopologyImpl.java:add(111)) - Added a new node: /default-rack/4d8f17a5-2079-45c1-8233-e8f9fa301948
2019-09-24 19:13:30,918 [IPC Server handler 5 on 45900] INFO  node.SCMNodeManager (SCMNodeManager.java:register(266)) - Registered Data node : 4d8f17a5-2079-45c1-8233-e8f9fa301948{ip: 192.168.5.148, host: pr-hdds-2149-fgl4f-1742389470, networkLocation: /default-rack, certSerialId: null}
2019-09-24 19:13:30,990 [IPC Server handler 1 on 45900] INFO  net.NetworkTopology (NetworkTopologyImpl.java:add(111)) - Added a new node: /default-rack/c43723af-eff8-4b61-8fe0-e8fff69cc406
2019-09-24 19:13:30,991 [IPC Server handler 1 on 45900] INFO  node.SCMNodeManager (SCMNodeManager.java:register(266)) - Registered Data node : c43723af-eff8-4b61-8fe0-e8fff69cc406{ip: 192.168.5.148, host: pr-hdds-2149-fgl4f-1742389470, networkLocation: /default-rack, certSerialId: null}
2019-09-24 19:13:31,082 [IPC Server handler 0 on 45900] INFO  net.NetworkTopology (NetworkTopologyImpl.java:add(111)) - Added a new node: /default-rack/2aad5506-4352-4587-a9d6-f1a315122139
2019-09-24 19:13:31,083 [IPC Server handler 0 on 45900] INFO  node.SCMNodeManager (SCMNodeManager.java:register(266)) - Registered Data node : 2aad5506-4352-4587-a9d6-f1a315122139{ip: 192.168.5.148, host: pr-hdds-2149-fgl4f-1742389470, networkLocation: /default-rack, certSerialId: null}
2019-09-24 19:13:31,089 [pool-119-thread-1] INFO  storage.RaftStorageDirectory (RaftStorageDirectory.java:tryLock(328)) - Lock on /workdir/hadoop-ozone/integration-test/target/test-dir/MiniOzoneClusterImpl-927e61bf-33d4-4c72-9c6e-e846b22cd97e/datanode-0/data/ratis/bbf8c7ae-f87a-4729-9506-6c026c295987/in_use.lock acquired by nodename 20442@pr-hdds-2149-fgl4f-1742389470
2019-09-24 19:13:31,131 [pool-119-thread-1] INFO  storage.RaftStorage (RaftStorage.java:format(72)) - Storage directory /workdir/hadoop-ozone/integration-test/target/test-dir/MiniOzoneClusterImpl-927e61bf-33d4-4c72-9c6e-e846b22cd97e/datanode-0/data/ratis/bbf8c7ae-f87a-4729-9506-6c026c295987 has been successfully formatted.
2019-09-24 19:13:31,132 [pool-119-thread-1] INFO  ratis.ContainerStateMachine (ContainerStateMachine.java:loadSnapshot(230)) - group-6C026C295987: The snapshot info is null. Setting the last applied indexto:(t:0, i:~)
2019-09-24 19:13:31,132 [pool-119-thread-1] INFO  server.RaftServerConfigKeys (ConfUtils.java:logGet(43)) - raft.server.notification.no-leader.timeout = 120s (custom)
2019-09-24 19:13:31,132 [pool-119-thread-1] INFO  server.RaftServerConfigKeys (ConfUtils.java:logGet(43)) - raft.server.log.use.memory = false (default)
2019-09-24 19:13:31,132 [pool-119-thread-1] INFO  server.RaftServerConfigKeys (ConfUtils.java:logGet(43)) - raft.server.log.purge.gap = 1000000 (custom)
2019-09-24 19:13:31,133 [pool-119-thread-1] INFO  server.RaftServerConfigKeys (ConfUtils.java:logGet(43)) - raft.server.log.appender.buffer.byte-limit = 33554432 (custom)
2019-09-24 19:13:31,133 [pool-119-thread-1] INFO  server.RaftServerConfigKeys (ConfUtils.java:logGet(43)) - raft.server.log.segment.size.max = 1048576 (custom)
2019-09-24 19:13:31,133 [pool-119-thread-1] INFO  server.RaftServerConfigKeys (ConfUtils.java:logGet(43)) - raft.server.log.segment.cache.num.max = 2 (custom)
2019-09-24 19:13:31,133 [pool-119-thread-1] INFO  segmented.SegmentedRaftLogWorker (SegmentedRaftLogWorker.java:<init>(172)) - new bbf8d920-3eae-4ae7-b977-ade734f62dd2@group-6C026C295987-SegmentedRaftLogWorker for RaftStorage:Storage Directory /workdir/hadoop-ozone/integration-test/target/test-dir/MiniOzoneClusterImpl-927e61bf-33d4-4c72-9c6e-e846b22cd97e/datanode-0/data/ratis/bbf8c7ae-f87a-4729-9506-6c026c295987
2019-09-24 19:13:31,138 [pool-119-thread-1] INFO  server.RaftServerConfigKeys (ConfUtils.java:logGet(43)) - raft.server.log.queue.byte-limit = 2147483647 (custom)
2019-09-24 19:13:31,138 [pool-119-thread-1] INFO  server.RaftServerConfigKeys (ConfUtils.java:logGet(43)) - raft.server.log.queue.element-limit = 1024 (custom)
2019-09-24 19:13:31,138 [pool-119-thread-1] INFO  server.RaftServerConfigKeys (ConfUtils.java:logGet(43)) - raft.server.log.segment.size.max = 1048576 (custom)
2019-09-24 19:13:31,138 [pool-119-thread-1] INFO  server.RaftServerConfigKeys (ConfUtils.java:logGet(43)) - raft.server.log.preallocated.size = 16384 (custom)
2019-09-24 19:13:31,139 [pool-119-thread-1] INFO  server.RaftServerConfigKeys (ConfUtils.java:logGet(43)) - raft.server.log.write.buffer.size = 33554432 (custom)
2019-09-24 19:13:31,139 [pool-119-thread-1] INFO  server.RaftServerConfigKeys (ConfUtils.java:logGet(43)) - raft.server.log.force.sync.num = 128 (default)
2019-09-24 19:13:31,139 [pool-119-thread-1] INFO  server.RaftServerConfigKeys (ConfUtils.java:logGet(43)) - raft.server.log.statemachine.data.sync = true (default)
2019-09-24 19:13:31,139 [pool-119-thread-1] INFO  server.RaftServerConfigKeys (ConfUtils.java:logGet(43)) - raft.server.log.statemachine.data.sync.timeout = 10s (default)
2019-09-24 19:13:31,139 [pool-119-thread-1] INFO  server.RaftServerConfigKeys (ConfUtils.java:logGet(43)) - raft.server.log.statemachine.data.sync.timeout.retry = -1 (default)
2019-09-24 19:13:31,140 [pool-119-thread-1] INFO  server.RaftServerConfigKeys (ConfUtils.java:logGet(43)) - raft.server.log.statemachine.data.caching.enabled = true (custom)
2019-09-24 19:13:31,140 [pool-119-thread-1] INFO  segmented.SegmentedRaftLogWorker (SegmentedRaftLogWorker.java:lambda$new$0(132)) - bbf8d920-3eae-4ae7-b977-ade734f62dd2@group-6C026C295987-SegmentedRaftLogWorker: flushIndex: setUnconditionally 0 -> -1
2019-09-24 19:13:31,141 [pool-119-thread-1] INFO  server.RaftServerConfigKeys (ConfUtils.java:logGet(43)) - raft.server.snapshot.auto.trigger.enabled = true (custom)
2019-09-24 19:13:31,141 [pool-119-thread-1] INFO  server.RaftServerConfigKeys (ConfUtils.java:logGet(43)) - raft.server.snapshot.auto.trigger.threshold = 10000 (custom)
2019-09-24 19:13:31,141 [pool-119-thread-1] INFO  server.RaftServerConfigKeys (ConfUtils.java:logGet(43)) - raft.server.snapshot.retention.num.files = 5 (custom)
2019-09-24 19:13:31,142 [pool-119-thread-1] INFO  server.RaftServerConfigKeys (ConfUtils.java:logGet(43)) - raft.server.retrycache.expirytime = 600000ms (custom)
2019-09-24 19:13:31,145 [pool-119-thread-1] INFO  impl.RaftServerImpl (RaftServerImpl.java:start(185)) - bbf8d920-3eae-4ae7-b977-ade734f62dd2@group-6C026C295987: start as a follower, conf=-1: [bbf8d920-3eae-4ae7-b977-ade734f62dd2:192.168.5.148:46157], old=null
2019-09-24 19:13:31,145 [pool-119-thread-1] INFO  impl.RaftServerImpl (RaftServerImpl.java:setRole(174)) - bbf8d920-3eae-4ae7-b977-ade734f62dd2@group-6C026C295987: changes role from      null to FOLLOWER at term 0 for startAsFollower
2019-09-24 19:13:31,146 [pool-119-thread-1] INFO  impl.RoleInfo (RoleInfo.java:updateAndGet(143)) - bbf8d920-3eae-4ae7-b977-ade734f62dd2: start FollowerState
2019-09-24 19:13:31,146 [pool-119-thread-1] INFO  util.JmxRegister (JmxRegister.java:tryRegister(44)) - Successfully registered JMX Bean with object name Ratis:service=RaftServer,group=group-6C026C295987,id=bbf8d920-3eae-4ae7-b977-ade734f62dd2
2019-09-24 19:13:31,166 [IPC Server handler 7 on 45900] INFO  net.NetworkTopology (NetworkTopologyImpl.java:add(111)) - Added a new node: /default-rack/6ea95935-ca1a-4a75-a672-ea37e11478e6
2019-09-24 19:13:31,167 [IPC Server handler 7 on 45900] INFO  node.SCMNodeManager (SCMNodeManager.java:register(266)) - Registered Data node : 6ea95935-ca1a-4a75-a672-ea37e11478e6{ip: 192.168.5.148, host: pr-hdds-2149-fgl4f-1742389470, networkLocation: /default-rack, certSerialId: null}
2019-09-24 19:13:31,167 [RatisPipelineUtilsThread] INFO  pipeline.PipelineStateManager (PipelineStateManager.java:addPipeline(56)) - Created pipeline Pipeline[ Id: bbf8c7ae-f87a-4729-9506-6c026c295987, Nodes: bbf8d920-3eae-4ae7-b977-ade734f62dd2{ip: 192.168.5.148, host: pr-hdds-2149-fgl4f-1742389470, networkLocation: /default-rack, certSerialId: null}, Type:RATIS, Factor:ONE, State:OPEN]
2019-09-24 19:13:31,178 [grpc-default-executor-5] INFO  impl.RaftServerProxy (RaftServerProxy.java:addNew(89)) - 4d8f17a5-2079-45c1-8233-e8f9fa301948: addNew group-6C18652232F0:[4d8f17a5-2079-45c1-8233-e8f9fa301948:192.168.5.148:37579] returns group-6C18652232F0:java.util.concurrent.CompletableFuture@bac76a2[Not completed]
2019-09-24 19:13:31,181 [pool-139-thread-1] INFO  impl.RaftServerImpl (RaftServerImpl.java:<init>(95)) - 4d8f17a5-2079-45c1-8233-e8f9fa301948: new RaftServerImpl for group-6C18652232F0:[4d8f17a5-2079-45c1-8233-e8f9fa301948:192.168.5.148:37579] with ContainerStateMachine:uninitialized
2019-09-24 19:13:31,181 [pool-139-thread-1] INFO  server.RaftServerConfigKeys (ConfUtils.java:logGet(43)) - raft.server.rpc.timeout.min = 5s (custom)
2019-09-24 19:13:31,181 [pool-139-thread-1] INFO  server.RaftServerConfigKeys (ConfUtils.java:logGet(43)) - raft.server.rpc.timeout.max = 5200ms (custom)
2019-09-24 19:13:31,181 [pool-139-thread-1] INFO  server.RaftServerConfigKeys (ConfUtils.java:logGet(43)) - raft.server.rpcslowness.timeout = 120s (custom)
2019-09-24 19:13:31,182 [pool-139-thread-1] INFO  server.RaftServerConfigKeys (ConfUtils.java:logGet(43)) - raft.server.sleep.deviation.threshold = 300 (default)
2019-09-24 19:13:31,182 [pool-139-thread-1] INFO  server.RaftServerConfigKeys (ConfUtils.java:logGet(43)) - raft.server.log.appender.install.snapshot.enabled = false (custom)
2019-09-24 19:13:31,182 [pool-139-thread-1] INFO  impl.RaftServerImpl (ServerState.java:<init>(103)) - 4d8f17a5-2079-45c1-8233-e8f9fa301948@group-6C18652232F0: ConfigurationManager, init=-1: [4d8f17a5-2079-45c1-8233-e8f9fa301948:192.168.5.148:37579], old=null, confs=<EMPTY_MAP>
2019-09-24 19:13:31,182 [pool-139-thread-1] INFO  server.RaftServerConfigKeys (ConfUtils.java:logGet(43)) - raft.server.storage.dir = [/workdir/hadoop-ozone/integration-test/target/test-dir/MiniOzoneClusterImpl-927e61bf-33d4-4c72-9c6e-e846b22cd97e/datanode-2/data/ratis] (custom)
2019-09-24 19:13:31,183 [pool-139-thread-1] INFO  storage.RaftStorageDirectory (RaftStorageDirectory.java:analyzeStorage(246)) - The storage directory /workdir/hadoop-ozone/integration-test/target/test-dir/MiniOzoneClusterImpl-927e61bf-33d4-4c72-9c6e-e846b22cd97e/datanode-2/data/ratis/fc4d007f-f24a-4da5-a0e5-6c18652232f0 does not exist. Creating ...
2019-09-24 19:13:31,220 [main] INFO  ozone.MiniOzoneClusterImpl (MiniOzoneClusterImpl.java:lambda$waitForClusterToBeReady$0(147)) - Waiting for cluster to be ready. Got 6 of 7 DN Heartbeats.
2019-09-24 19:13:31,221 [IPC Server handler 4 on 45900] INFO  net.NetworkTopology (NetworkTopologyImpl.java:add(111)) - Added a new node: /default-rack/d65623be-04e3-433c-9af8-6934d2279f6c
2019-09-24 19:13:31,221 [IPC Server handler 4 on 45900] INFO  node.SCMNodeManager (SCMNodeManager.java:register(266)) - Registered Data node : d65623be-04e3-433c-9af8-6934d2279f6c{ip: 192.168.5.148, host: pr-hdds-2149-fgl4f-1742389470, networkLocation: /default-rack, certSerialId: null}
2019-09-24 19:13:32,220 [main] INFO  ozone.MiniOzoneClusterImpl (MiniOzoneClusterImpl.java:lambda$waitForClusterToBeReady$0(147)) - Cluster is ready. Got 7 of 7 DN Heartbeats.
2019-09-24 19:13:32,263 [main] INFO  rpc.RpcClient (RpcClient.java:createVolume(276)) - Creating Volume: testblockoutputstreamwithretries, with jenkins1000 as owner.
2019-09-24 19:13:32,268 [IPC Server handler 1 on 43251] INFO  volume.OMVolumeCreateRequest (OMVolumeCreateRequest.java:validateAndUpdateCache(189)) - created volume:testblockoutputstreamwithretries for user:jenkins1000
2019-09-24 19:13:32,284 [main] INFO  rpc.RpcClient (RpcClient.java:createBucket(415)) - Creating Bucket: testblockoutputstreamwithretries/testblockoutputstreamwithretries, with Versioning false and Storage Type set to DISK and Encryption set to false 
2019-09-24 19:13:33,790 [Thread-739] INFO  container.ReplicationManager (ReplicationManager.java:start(162)) - Starting Replication Monitor Thread.
2019-09-24 19:13:33,795 [ReplicationMonitor] INFO  container.ReplicationManager (ReplicationManager.java:run(225)) - Replication Monitor Thread took 0 milliseconds for processing 0 containers.
2019-09-24 19:13:34,177 [RATISCREATEPIPELINE1] ERROR pipeline.RatisPipelineProvider (RatisPipelineProvider.java:lambda$null$5(235)) - Failed invoke Ratis rpc org.apache.hadoop.hdds.scm.pipeline.RatisPipelineProvider$$Lambda$210/123891738@34de178 for 4d8f17a5-2079-45c1-8233-e8f9fa301948
org.apache.ratis.protocol.TimeoutIOException: deadline exceeded after 2999677185ns
	at org.apache.ratis.grpc.GrpcUtil.tryUnwrapException(GrpcUtil.java:82)
	at org.apache.ratis.grpc.GrpcUtil.unwrapException(GrpcUtil.java:75)
	at org.apache.ratis.grpc.client.GrpcClientProtocolClient.blockingCall(GrpcClientProtocolClient.java:178)
	at org.apache.ratis.grpc.client.GrpcClientProtocolClient.groupAdd(GrpcClientProtocolClient.java:147)
	at org.apache.ratis.grpc.client.GrpcClientRpc.sendRequest(GrpcClientRpc.java:94)
	at org.apache.ratis.client.impl.RaftClientImpl.sendRequest(RaftClientImpl.java:278)
	at org.apache.ratis.client.impl.RaftClientImpl.groupAdd(RaftClientImpl.java:205)
	at org.apache.hadoop.hdds.scm.pipeline.RatisPipelineProvider.lambda$initializePipeline$4(RatisPipelineProvider.java:196)
	at org.apache.hadoop.hdds.scm.pipeline.RatisPipelineProvider.lambda$null$5(RatisPipelineProvider.java:231)
	at java.util.stream.ForEachOps$ForEachOp$OfRef.accept(ForEachOps.java:184)
	at java.util.ArrayList$ArrayListSpliterator.forEachRemaining(ArrayList.java:1382)
	at java.util.stream.AbstractPipeline.copyInto(AbstractPipeline.java:482)
	at java.util.stream.ForEachOps$ForEachTask.compute(ForEachOps.java:291)
	at java.util.concurrent.CountedCompleter.exec(CountedCompleter.java:731)
	at java.util.concurrent.ForkJoinTask.doExec(ForkJoinTask.java:289)
	at java.util.concurrent.ForkJoinTask.doInvoke(ForkJoinTask.java:401)
	at java.util.concurrent.ForkJoinTask.invoke(ForkJoinTask.java:734)
	at java.util.stream.ForEachOps$ForEachOp.evaluateParallel(ForEachOps.java:160)
	at java.util.stream.ForEachOps$ForEachOp$OfRef.evaluateParallel(ForEachOps.java:174)
	at java.util.stream.AbstractPipeline.evaluate(AbstractPipeline.java:233)
	at java.util.stream.ReferencePipeline.forEach(ReferencePipeline.java:418)
	at java.util.stream.ReferencePipeline$Head.forEach(ReferencePipeline.java:583)
	at org.apache.hadoop.hdds.scm.pipeline.RatisPipelineProvider.lambda$callRatisRpc$6(RatisPipelineProvider.java:225)
	at java.util.concurrent.ForkJoinTask$AdaptedRunnableAction.exec(ForkJoinTask.java:1386)
	at java.util.concurrent.ForkJoinTask.doExec(ForkJoinTask.java:289)
	at java.util.concurrent.ForkJoinPool$WorkQueue.runTask(ForkJoinPool.java:1056)
	at java.util.concurrent.ForkJoinPool.runWorker(ForkJoinPool.java:1692)
	at java.util.concurrent.ForkJoinWorkerThread.run(ForkJoinWorkerThread.java:157)
Caused by: org.apache.ratis.thirdparty.io.grpc.StatusRuntimeException: DEADLINE_EXCEEDED: deadline exceeded after 2999677185ns
	at org.apache.ratis.thirdparty.io.grpc.stub.ClientCalls.toStatusRuntimeException(ClientCalls.java:233)
	at org.apache.ratis.thirdparty.io.grpc.stub.ClientCalls.getUnchecked(ClientCalls.java:214)
	at org.apache.ratis.thirdparty.io.grpc.stub.ClientCalls.blockingUnaryCall(ClientCalls.java:139)
	at org.apache.ratis.proto.grpc.AdminProtocolServiceGrpc$AdminProtocolServiceBlockingStub.groupManagement(AdminProtocolServiceGrpc.java:274)
	at org.apache.ratis.grpc.client.GrpcClientProtocolClient.lambda$groupAdd$3(GrpcClientProtocolClient.java:149)
	at org.apache.ratis.grpc.client.GrpcClientProtocolClient.blockingCall(GrpcClientProtocolClient.java:176)
	... 25 more
2019-09-24 19:13:34,206 [grpc-default-executor-5] INFO  impl.RaftServerProxy (RaftServerProxy.java:addNew(89)) - 4d8f17a5-2079-45c1-8233-e8f9fa301948: addNew group-B0DE2BEA193A:[d65623be-04e3-433c-9af8-6934d2279f6c:192.168.5.148:36478, 2aad5506-4352-4587-a9d6-f1a315122139:192.168.5.148:34412, 4d8f17a5-2079-45c1-8233-e8f9fa301948:192.168.5.148:37579] returns group-B0DE2BEA193A:java.util.concurrent.CompletableFuture@236fb026[Not completed]
2019-09-24 19:13:34,206 [grpc-default-executor-7] INFO  impl.RaftServerProxy (RaftServerProxy.java:addNew(89)) - d65623be-04e3-433c-9af8-6934d2279f6c: addNew group-B0DE2BEA193A:[d65623be-04e3-433c-9af8-6934d2279f6c:192.168.5.148:36478, 2aad5506-4352-4587-a9d6-f1a315122139:192.168.5.148:34412, 4d8f17a5-2079-45c1-8233-e8f9fa301948:192.168.5.148:37579] returns group-B0DE2BEA193A:java.util.concurrent.CompletableFuture@12b39cf8[Not completed]
2019-09-24 19:13:34,206 [grpc-default-executor-6] INFO  impl.RaftServerProxy (RaftServerProxy.java:addNew(89)) - 2aad5506-4352-4587-a9d6-f1a315122139: addNew group-B0DE2BEA193A:[d65623be-04e3-433c-9af8-6934d2279f6c:192.168.5.148:36478, 2aad5506-4352-4587-a9d6-f1a315122139:192.168.5.148:34412, 4d8f17a5-2079-45c1-8233-e8f9fa301948:192.168.5.148:37579] returns group-B0DE2BEA193A:java.util.concurrent.CompletableFuture@41b03447[Not completed]
2019-09-24 19:13:34,208 [pool-159-thread-1] INFO  impl.RaftServerImpl (RaftServerImpl.java:<init>(95)) - 2aad5506-4352-4587-a9d6-f1a315122139: new RaftServerImpl for group-B0DE2BEA193A:[d65623be-04e3-433c-9af8-6934d2279f6c:192.168.5.148:36478, 2aad5506-4352-4587-a9d6-f1a315122139:192.168.5.148:34412, 4d8f17a5-2079-45c1-8233-e8f9fa301948:192.168.5.148:37579] with ContainerStateMachine:uninitialized
2019-09-24 19:13:34,208 [pool-159-thread-1] INFO  server.RaftServerConfigKeys (ConfUtils.java:logGet(43)) - raft.server.rpc.timeout.min = 5s (custom)
2019-09-24 19:13:34,208 [pool-159-thread-1] INFO  server.RaftServerConfigKeys (ConfUtils.java:logGet(43)) - raft.server.rpc.timeout.max = 5200ms (custom)
2019-09-24 19:13:34,208 [pool-159-thread-1] INFO  server.RaftServerConfigKeys (ConfUtils.java:logGet(43)) - raft.server.rpcslowness.timeout = 120s (custom)
2019-09-24 19:13:34,209 [pool-159-thread-1] INFO  server.RaftServerConfigKeys (ConfUtils.java:logGet(43)) - raft.server.sleep.deviation.threshold = 300 (default)
2019-09-24 19:13:34,209 [pool-159-thread-1] INFO  server.RaftServerConfigKeys (ConfUtils.java:logGet(43)) - raft.server.log.appender.install.snapshot.enabled = false (custom)
2019-09-24 19:13:34,209 [pool-179-thread-1] INFO  impl.RaftServerImpl (RaftServerImpl.java:<init>(95)) - d65623be-04e3-433c-9af8-6934d2279f6c: new RaftServerImpl for group-B0DE2BEA193A:[d65623be-04e3-433c-9af8-6934d2279f6c:192.168.5.148:36478, 2aad5506-4352-4587-a9d6-f1a315122139:192.168.5.148:34412, 4d8f17a5-2079-45c1-8233-e8f9fa301948:192.168.5.148:37579] with ContainerStateMachine:uninitialized
2019-09-24 19:13:34,209 [pool-159-thread-1] INFO  impl.RaftServerImpl (ServerState.java:<init>(103)) - 2aad5506-4352-4587-a9d6-f1a315122139@group-B0DE2BEA193A: ConfigurationManager, init=-1: [d65623be-04e3-433c-9af8-6934d2279f6c:192.168.5.148:36478, 2aad5506-4352-4587-a9d6-f1a315122139:192.168.5.148:34412, 4d8f17a5-2079-45c1-8233-e8f9fa301948:192.168.5.148:37579], old=null, confs=<EMPTY_MAP>
2019-09-24 19:13:34,209 [pool-179-thread-1] INFO  server.RaftServerConfigKeys (ConfUtils.java:logGet(43)) - raft.server.rpc.timeout.min = 5s (custom)
2019-09-24 19:13:34,209 [pool-159-thread-1] INFO  server.RaftServerConfigKeys (ConfUtils.java:logGet(43)) - raft.server.storage.dir = [/workdir/hadoop-ozone/integration-test/target/test-dir/MiniOzoneClusterImpl-927e61bf-33d4-4c72-9c6e-e846b22cd97e/datanode-4/data/ratis] (custom)
2019-09-24 19:13:34,209 [pool-179-thread-1] INFO  server.RaftServerConfigKeys (ConfUtils.java:logGet(43)) - raft.server.rpc.timeout.max = 5200ms (custom)
2019-09-24 19:13:34,210 [pool-179-thread-1] INFO  server.RaftServerConfigKeys (ConfUtils.java:logGet(43)) - raft.server.rpcslowness.timeout = 120s (custom)
2019-09-24 19:13:34,210 [pool-179-thread-1] INFO  server.RaftServerConfigKeys (ConfUtils.java:logGet(43)) - raft.server.sleep.deviation.threshold = 300 (default)
2019-09-24 19:13:34,210 [pool-159-thread-1] INFO  storage.RaftStorageDirectory (RaftStorageDirectory.java:analyzeStorage(246)) - The storage directory /workdir/hadoop-ozone/integration-test/target/test-dir/MiniOzoneClusterImpl-927e61bf-33d4-4c72-9c6e-e846b22cd97e/datanode-4/data/ratis/23c4e822-bb11-4f49-8b9e-b0de2bea193a does not exist. Creating ...
2019-09-24 19:13:34,210 [pool-179-thread-1] INFO  server.RaftServerConfigKeys (ConfUtils.java:logGet(43)) - raft.server.log.appender.install.snapshot.enabled = false (custom)
2019-09-24 19:13:34,210 [pool-179-thread-1] INFO  impl.RaftServerImpl (ServerState.java:<init>(103)) - d65623be-04e3-433c-9af8-6934d2279f6c@group-B0DE2BEA193A: ConfigurationManager, init=-1: [d65623be-04e3-433c-9af8-6934d2279f6c:192.168.5.148:36478, 2aad5506-4352-4587-a9d6-f1a315122139:192.168.5.148:34412, 4d8f17a5-2079-45c1-8233-e8f9fa301948:192.168.5.148:37579], old=null, confs=<EMPTY_MAP>
2019-09-24 19:13:34,210 [pool-179-thread-1] INFO  server.RaftServerConfigKeys (ConfUtils.java:logGet(43)) - raft.server.storage.dir = [/workdir/hadoop-ozone/integration-test/target/test-dir/MiniOzoneClusterImpl-927e61bf-33d4-4c72-9c6e-e846b22cd97e/datanode-6/data/ratis] (custom)
2019-09-24 19:13:34,211 [pool-179-thread-1] INFO  storage.RaftStorageDirectory (RaftStorageDirectory.java:analyzeStorage(246)) - The storage directory /workdir/hadoop-ozone/integration-test/target/test-dir/MiniOzoneClusterImpl-927e61bf-33d4-4c72-9c6e-e846b22cd97e/datanode-6/data/ratis/23c4e822-bb11-4f49-8b9e-b0de2bea193a does not exist. Creating ...
2019-09-24 19:13:36,300 [Thread-741] INFO  impl.FollowerState (FollowerState.java:run(106)) - bbf8d920-3eae-4ae7-b977-ade734f62dd2:group-6C026C295987 changes to CANDIDATE, lastRpcTime:5154, electionTimeout:5154ms
2019-09-24 19:13:36,301 [Thread-741] INFO  impl.RoleInfo (RoleInfo.java:shutdownFollowerState(121)) - bbf8d920-3eae-4ae7-b977-ade734f62dd2: shutdown FollowerState
2019-09-24 19:13:36,301 [Thread-741] INFO  impl.RaftServerImpl (RaftServerImpl.java:setRole(174)) - bbf8d920-3eae-4ae7-b977-ade734f62dd2@group-6C026C295987: changes role from  FOLLOWER to CANDIDATE at term 0 for changeToCandidate
2019-09-24 19:13:36,302 [Thread-741] INFO  impl.RoleInfo (RoleInfo.java:updateAndGet(143)) - bbf8d920-3eae-4ae7-b977-ade734f62dd2: start LeaderElection
2019-09-24 19:13:36,397 [pool-159-thread-1] INFO  storage.RaftStorageDirectory (RaftStorageDirectory.java:tryLock(328)) - Lock on /workdir/hadoop-ozone/integration-test/target/test-dir/MiniOzoneClusterImpl-927e61bf-33d4-4c72-9c6e-e846b22cd97e/datanode-4/data/ratis/23c4e822-bb11-4f49-8b9e-b0de2bea193a/in_use.lock acquired by nodename 20442@pr-hdds-2149-fgl4f-1742389470
2019-09-24 19:13:36,397 [pool-139-thread-1] INFO  storage.RaftStorageDirectory (RaftStorageDirectory.java:tryLock(328)) - Lock on /workdir/hadoop-ozone/integration-test/target/test-dir/MiniOzoneClusterImpl-927e61bf-33d4-4c72-9c6e-e846b22cd97e/datanode-2/data/ratis/fc4d007f-f24a-4da5-a0e5-6c18652232f0/in_use.lock acquired by nodename 20442@pr-hdds-2149-fgl4f-1742389470
2019-09-24 19:13:36,397 [pool-179-thread-1] INFO  storage.RaftStorageDirectory (RaftStorageDirectory.java:tryLock(328)) - Lock on /workdir/hadoop-ozone/integration-test/target/test-dir/MiniOzoneClusterImpl-927e61bf-33d4-4c72-9c6e-e846b22cd97e/datanode-6/data/ratis/23c4e822-bb11-4f49-8b9e-b0de2bea193a/in_use.lock acquired by nodename 20442@pr-hdds-2149-fgl4f-1742389470
2019-09-24 19:13:37,205 [RATISCREATEPIPELINE1] ERROR pipeline.RatisPipelineProvider (RatisPipelineProvider.java:lambda$null$5(235)) - Failed invoke Ratis rpc org.apache.hadoop.hdds.scm.pipeline.RatisPipelineProvider$$Lambda$210/123891738@1e4f3fd2 for 2aad5506-4352-4587-a9d6-f1a315122139
org.apache.ratis.protocol.TimeoutIOException: deadline exceeded after 2999693502ns
	at org.apache.ratis.grpc.GrpcUtil.tryUnwrapException(GrpcUtil.java:82)
	at org.apache.ratis.grpc.GrpcUtil.unwrapException(GrpcUtil.java:75)
	at org.apache.ratis.grpc.client.GrpcClientProtocolClient.blockingCall(GrpcClientProtocolClient.java:178)
	at org.apache.ratis.grpc.client.GrpcClientProtocolClient.groupAdd(GrpcClientProtocolClient.java:147)
	at org.apache.ratis.grpc.client.GrpcClientRpc.sendRequest(GrpcClientRpc.java:94)
	at org.apache.ratis.client.impl.RaftClientImpl.sendRequest(RaftClientImpl.java:278)
	at org.apache.ratis.client.impl.RaftClientImpl.groupAdd(RaftClientImpl.java:205)
	at org.apache.hadoop.hdds.scm.pipeline.RatisPipelineProvider.lambda$initializePipeline$4(RatisPipelineProvider.java:196)
	at org.apache.hadoop.hdds.scm.pipeline.RatisPipelineProvider.lambda$null$5(RatisPipelineProvider.java:231)
	at java.util.stream.ForEachOps$ForEachOp$OfRef.accept(ForEachOps.java:184)
	at java.util.ArrayList$ArrayListSpliterator.forEachRemaining(ArrayList.java:1382)
	at java.util.stream.AbstractPipeline.copyInto(AbstractPipeline.java:482)
	at java.util.stream.ForEachOps$ForEachTask.compute(ForEachOps.java:291)
	at java.util.concurrent.CountedCompleter.exec(CountedCompleter.java:731)
	at java.util.concurrent.ForkJoinTask.doExec(ForkJoinTask.java:289)
	at java.util.concurrent.ForkJoinTask.doInvoke(ForkJoinTask.java:401)
	at java.util.concurrent.ForkJoinTask.invoke(ForkJoinTask.java:734)
	at java.util.stream.ForEachOps$ForEachOp.evaluateParallel(ForEachOps.java:160)
	at java.util.stream.ForEachOps$ForEachOp$OfRef.evaluateParallel(ForEachOps.java:174)
	at java.util.stream.AbstractPipeline.evaluate(AbstractPipeline.java:233)
	at java.util.stream.ReferencePipeline.forEach(ReferencePipeline.java:418)
	at java.util.stream.ReferencePipeline$Head.forEach(ReferencePipeline.java:583)
	at org.apache.hadoop.hdds.scm.pipeline.RatisPipelineProvider.lambda$callRatisRpc$6(RatisPipelineProvider.java:225)
	at java.util.concurrent.ForkJoinTask$AdaptedRunnableAction.exec(ForkJoinTask.java:1386)
	at java.util.concurrent.ForkJoinTask.doExec(ForkJoinTask.java:289)
	at java.util.concurrent.ForkJoinPool$WorkQueue.runTask(ForkJoinPool.java:1056)
	at java.util.concurrent.ForkJoinPool.runWorker(ForkJoinPool.java:1692)
	at java.util.concurrent.ForkJoinWorkerThread.run(ForkJoinWorkerThread.java:157)
Caused by: org.apache.ratis.thirdparty.io.grpc.StatusRuntimeException: DEADLINE_EXCEEDED: deadline exceeded after 2999693502ns
	at org.apache.ratis.thirdparty.io.grpc.stub.ClientCalls.toStatusRuntimeException(ClientCalls.java:233)
	at org.apache.ratis.thirdparty.io.grpc.stub.ClientCalls.getUnchecked(ClientCalls.java:214)
	at org.apache.ratis.thirdparty.io.grpc.stub.ClientCalls.blockingUnaryCall(ClientCalls.java:139)
	at org.apache.ratis.proto.grpc.AdminProtocolServiceGrpc$AdminProtocolServiceBlockingStub.groupManagement(AdminProtocolServiceGrpc.java:274)
	at org.apache.ratis.grpc.client.GrpcClientProtocolClient.lambda$groupAdd$3(GrpcClientProtocolClient.java:149)
	at org.apache.ratis.grpc.client.GrpcClientProtocolClient.blockingCall(GrpcClientProtocolClient.java:176)
	... 25 more
2019-09-24 19:13:37,211 [RATISCREATEPIPELINE3] ERROR pipeline.RatisPipelineProvider (RatisPipelineProvider.java:lambda$null$5(235)) - Failed invoke Ratis rpc org.apache.hadoop.hdds.scm.pipeline.RatisPipelineProvider$$Lambda$210/123891738@1e4f3fd2 for d65623be-04e3-433c-9af8-6934d2279f6c
org.apache.ratis.protocol.TimeoutIOException: deadline exceeded after 2999693498ns
	at org.apache.ratis.grpc.GrpcUtil.tryUnwrapException(GrpcUtil.java:82)
	at org.apache.ratis.grpc.GrpcUtil.unwrapException(GrpcUtil.java:75)
	at org.apache.ratis.grpc.client.GrpcClientProtocolClient.blockingCall(GrpcClientProtocolClient.java:178)
	at org.apache.ratis.grpc.client.GrpcClientProtocolClient.groupAdd(GrpcClientProtocolClient.java:147)
	at org.apache.ratis.grpc.client.GrpcClientRpc.sendRequest(GrpcClientRpc.java:94)
	at org.apache.ratis.client.impl.RaftClientImpl.sendRequest(RaftClientImpl.java:278)
	at org.apache.ratis.client.impl.RaftClientImpl.groupAdd(RaftClientImpl.java:205)
	at org.apache.hadoop.hdds.scm.pipeline.RatisPipelineProvider.lambda$initializePipeline$4(RatisPipelineProvider.java:196)
	at org.apache.hadoop.hdds.scm.pipeline.RatisPipelineProvider.lambda$null$5(RatisPipelineProvider.java:231)
	at java.util.stream.ForEachOps$ForEachOp$OfRef.accept(ForEachOps.java:184)
	at java.util.ArrayList$ArrayListSpliterator.forEachRemaining(ArrayList.java:1382)
	at java.util.stream.AbstractPipeline.copyInto(AbstractPipeline.java:482)
	at java.util.stream.ForEachOps$ForEachTask.compute(ForEachOps.java:291)
	at java.util.concurrent.CountedCompleter.exec(CountedCompleter.java:731)
	at java.util.concurrent.ForkJoinTask.doExec(ForkJoinTask.java:289)
	at java.util.concurrent.ForkJoinPool$WorkQueue.runTask(ForkJoinPool.java:1056)
	at java.util.concurrent.ForkJoinPool.runWorker(ForkJoinPool.java:1692)
	at java.util.concurrent.ForkJoinWorkerThread.run(ForkJoinWorkerThread.java:157)
Caused by: org.apache.ratis.thirdparty.io.grpc.StatusRuntimeException: DEADLINE_EXCEEDED: deadline exceeded after 2999693498ns
	at org.apache.ratis.thirdparty.io.grpc.stub.ClientCalls.toStatusRuntimeException(ClientCalls.java:233)
	at org.apache.ratis.thirdparty.io.grpc.stub.ClientCalls.getUnchecked(ClientCalls.java:214)
	at org.apache.ratis.thirdparty.io.grpc.stub.ClientCalls.blockingUnaryCall(ClientCalls.java:139)
	at org.apache.ratis.proto.grpc.AdminProtocolServiceGrpc$AdminProtocolServiceBlockingStub.groupManagement(AdminProtocolServiceGrpc.java:274)
	at org.apache.ratis.grpc.client.GrpcClientProtocolClient.lambda$groupAdd$3(GrpcClientProtocolClient.java:149)
	at org.apache.ratis.grpc.client.GrpcClientProtocolClient.blockingCall(GrpcClientProtocolClient.java:176)
	... 15 more
2019-09-24 19:13:37,204 [RATISCREATEPIPELINE2] ERROR pipeline.RatisPipelineProvider (RatisPipelineProvider.java:lambda$null$5(235)) - Failed invoke Ratis rpc org.apache.hadoop.hdds.scm.pipeline.RatisPipelineProvider$$Lambda$210/123891738@1e4f3fd2 for 4d8f17a5-2079-45c1-8233-e8f9fa301948
org.apache.ratis.protocol.TimeoutIOException: deadline exceeded after 2999442147ns
	at org.apache.ratis.grpc.GrpcUtil.tryUnwrapException(GrpcUtil.java:82)
	at org.apache.ratis.grpc.GrpcUtil.unwrapException(GrpcUtil.java:75)
	at org.apache.ratis.grpc.client.GrpcClientProtocolClient.blockingCall(GrpcClientProtocolClient.java:178)
	at org.apache.ratis.grpc.client.GrpcClientProtocolClient.groupAdd(GrpcClientProtocolClient.java:147)
	at org.apache.ratis.grpc.client.GrpcClientRpc.sendRequest(GrpcClientRpc.java:94)
	at org.apache.ratis.client.impl.RaftClientImpl.sendRequest(RaftClientImpl.java:278)
	at org.apache.ratis.client.impl.RaftClientImpl.groupAdd(RaftClientImpl.java:205)
	at org.apache.hadoop.hdds.scm.pipeline.RatisPipelineProvider.lambda$initializePipeline$4(RatisPipelineProvider.java:196)
	at org.apache.hadoop.hdds.scm.pipeline.RatisPipelineProvider.lambda$null$5(RatisPipelineProvider.java:231)
	at java.util.stream.ForEachOps$ForEachOp$OfRef.accept(ForEachOps.java:184)
	at java.util.ArrayList$ArrayListSpliterator.forEachRemaining(ArrayList.java:1382)
	at java.util.stream.AbstractPipeline.copyInto(AbstractPipeline.java:482)
	at java.util.stream.ForEachOps$ForEachTask.compute(ForEachOps.java:291)
	at java.util.concurrent.CountedCompleter.exec(CountedCompleter.java:731)
	at java.util.concurrent.ForkJoinTask.doExec(ForkJoinTask.java:289)
	at java.util.concurrent.ForkJoinPool$WorkQueue.runTask(ForkJoinPool.java:1056)
	at java.util.concurrent.ForkJoinPool.runWorker(ForkJoinPool.java:1692)
	at java.util.concurrent.ForkJoinWorkerThread.run(ForkJoinWorkerThread.java:157)
Caused by: org.apache.ratis.thirdparty.io.grpc.StatusRuntimeException: DEADLINE_EXCEEDED: deadline exceeded after 2999442147ns
	at org.apache.ratis.thirdparty.io.grpc.stub.ClientCalls.toStatusRuntimeException(ClientCalls.java:233)
	at org.apache.ratis.thirdparty.io.grpc.stub.ClientCalls.getUnchecked(ClientCalls.java:214)
	at org.apache.ratis.thirdparty.io.grpc.stub.ClientCalls.blockingUnaryCall(ClientCalls.java:139)
	at org.apache.ratis.proto.grpc.AdminProtocolServiceGrpc$AdminProtocolServiceBlockingStub.groupManagement(AdminProtocolServiceGrpc.java:274)
	at org.apache.ratis.grpc.client.GrpcClientProtocolClient.lambda$groupAdd$3(GrpcClientProtocolClient.java:149)
	at org.apache.ratis.grpc.client.GrpcClientProtocolClient.blockingCall(GrpcClientProtocolClient.java:176)
	... 15 more
2019-09-24 19:13:37,228 [grpc-default-executor-7] INFO  impl.RaftServerProxy (RaftServerProxy.java:addNew(89)) - 4d8f17a5-2079-45c1-8233-e8f9fa301948: addNew group-ADF62AE81DD4:[4d8f17a5-2079-45c1-8233-e8f9fa301948:192.168.5.148:37579] returns group-ADF62AE81DD4:java.util.concurrent.CompletableFuture@10015a03[Not completed]
2019-09-24 19:13:39,155 [pool-139-thread-1] INFO  storage.RaftStorage (RaftStorage.java:format(72)) - Storage directory /workdir/hadoop-ozone/integration-test/target/test-dir/MiniOzoneClusterImpl-927e61bf-33d4-4c72-9c6e-e846b22cd97e/datanode-2/data/ratis/fc4d007f-f24a-4da5-a0e5-6c18652232f0 has been successfully formatted.
2019-09-24 19:13:39,155 [bbf8d920-3eae-4ae7-b977-ade734f62dd2@group-6C026C295987:LeaderElection30] INFO  impl.LeaderElection (LeaderElection.java:askForVotes(182)) - bbf8d920-3eae-4ae7-b977-ade734f62dd2@group-6C026C295987:LeaderElection30: begin an election at term 1 for -1: [bbf8d920-3eae-4ae7-b977-ade734f62dd2:192.168.5.148:46157], old=null
2019-09-24 19:13:39,155 [pool-179-thread-1] INFO  storage.RaftStorage (RaftStorage.java:format(72)) - Storage directory /workdir/hadoop-ozone/integration-test/target/test-dir/MiniOzoneClusterImpl-927e61bf-33d4-4c72-9c6e-e846b22cd97e/datanode-6/data/ratis/23c4e822-bb11-4f49-8b9e-b0de2bea193a has been successfully formatted.
2019-09-24 19:13:39,155 [pool-159-thread-1] INFO  storage.RaftStorage (RaftStorage.java:format(72)) - Storage directory /workdir/hadoop-ozone/integration-test/target/test-dir/MiniOzoneClusterImpl-927e61bf-33d4-4c72-9c6e-e846b22cd97e/datanode-4/data/ratis/23c4e822-bb11-4f49-8b9e-b0de2bea193a has been successfully formatted.
2019-09-24 19:13:39,155 [bbf8d920-3eae-4ae7-b977-ade734f62dd2@group-6C026C295987:LeaderElection30] INFO  impl.RoleInfo (RoleInfo.java:shutdownLeaderElection(134)) - bbf8d920-3eae-4ae7-b977-ade734f62dd2: shutdown LeaderElection
2019-09-24 19:13:39,156 [pool-159-thread-1] INFO  ratis.ContainerStateMachine (ContainerStateMachine.java:loadSnapshot(230)) - group-B0DE2BEA193A: The snapshot info is null. Setting the last applied indexto:(t:0, i:~)
2019-09-24 19:13:39,155 [pool-139-thread-1] INFO  ratis.ContainerStateMachine (ContainerStateMachine.java:loadSnapshot(230)) - group-6C18652232F0: The snapshot info is null. Setting the last applied indexto:(t:0, i:~)
2019-09-24 19:13:39,156 [pool-159-thread-1] INFO  server.RaftServerConfigKeys (ConfUtils.java:logGet(43)) - raft.server.notification.no-leader.timeout = 120s (custom)
2019-09-24 19:13:39,156 [bbf8d920-3eae-4ae7-b977-ade734f62dd2@group-6C026C295987:LeaderElection30] INFO  impl.RaftServerImpl (RaftServerImpl.java:setRole(174)) - bbf8d920-3eae-4ae7-b977-ade734f62dd2@group-6C026C295987: changes role from CANDIDATE to LEADER at term 1 for changeToLeader
2019-09-24 19:13:39,156 [pool-179-thread-1] INFO  ratis.ContainerStateMachine (ContainerStateMachine.java:loadSnapshot(230)) - group-B0DE2BEA193A: The snapshot info is null. Setting the last applied indexto:(t:0, i:~)
2019-09-24 19:13:39,157 [bbf8d920-3eae-4ae7-b977-ade734f62dd2@group-6C026C295987:LeaderElection30] INFO  impl.RaftServerImpl (ServerState.java:setLeader(253)) - bbf8d920-3eae-4ae7-b977-ade734f62dd2@group-6C026C295987: change Leader from null to bbf8d920-3eae-4ae7-b977-ade734f62dd2 at term 1 for becomeLeader, leader elected after 8024ms
2019-09-24 19:13:39,156 [pool-159-thread-1] INFO  server.RaftServerConfigKeys (ConfUtils.java:logGet(43)) - raft.server.log.use.memory = false (default)
2019-09-24 19:13:39,157 [bbf8d920-3eae-4ae7-b977-ade734f62dd2@group-6C026C295987:LeaderElection30] INFO  server.RaftServerConfigKeys (ConfUtils.java:logGet(43)) - raft.server.staging.catchup.gap = 1000 (default)
2019-09-24 19:13:39,156 [pool-139-thread-1] INFO  server.RaftServerConfigKeys (ConfUtils.java:logGet(43)) - raft.server.notification.no-leader.timeout = 120s (custom)
2019-09-24 19:13:39,157 [bbf8d920-3eae-4ae7-b977-ade734f62dd2@group-6C026C295987:LeaderElection30] INFO  server.RaftServerConfigKeys (ConfUtils.java:logGet(43)) - raft.server.rpc.sleep.time = 25ms (default)
2019-09-24 19:13:39,157 [pool-159-thread-1] INFO  server.RaftServerConfigKeys (ConfUtils.java:logGet(43)) - raft.server.log.purge.gap = 1000000 (custom)
2019-09-24 19:13:39,157 [pool-179-thread-1] INFO  server.RaftServerConfigKeys (ConfUtils.java:logGet(43)) - raft.server.notification.no-leader.timeout = 120s (custom)
2019-09-24 19:13:39,158 [pool-159-thread-1] INFO  server.RaftServerConfigKeys (ConfUtils.java:logGet(43)) - raft.server.log.appender.buffer.byte-limit = 33554432 (custom)
2019-09-24 19:13:39,158 [bbf8d920-3eae-4ae7-b977-ade734f62dd2@group-6C026C295987:LeaderElection30] INFO  server.RaftServerConfigKeys (ConfUtils.java:logGet(43)) - raft.server.write.element-limit = 4096 (default)
2019-09-24 19:13:39,157 [pool-139-thread-1] INFO  server.RaftServerConfigKeys (ConfUtils.java:logGet(43)) - raft.server.log.use.memory = false (default)
2019-09-24 19:13:39,159 [bbf8d920-3eae-4ae7-b977-ade734f62dd2@group-6C026C295987:LeaderElection30] INFO  server.RaftServerConfigKeys (ConfUtils.java:logGet(43)) - raft.server.watch.timeout = 10s (default)
2019-09-24 19:13:39,158 [pool-159-thread-1] INFO  server.RaftServerConfigKeys (ConfUtils.java:logGet(43)) - raft.server.log.segment.size.max = 1048576 (custom)
2019-09-24 19:13:39,158 [pool-179-thread-1] INFO  server.RaftServerConfigKeys (ConfUtils.java:logGet(43)) - raft.server.log.use.memory = false (default)
2019-09-24 19:13:39,159 [pool-159-thread-1] INFO  server.RaftServerConfigKeys (ConfUtils.java:logGet(43)) - raft.server.log.segment.cache.num.max = 2 (custom)
2019-09-24 19:13:39,159 [bbf8d920-3eae-4ae7-b977-ade734f62dd2@group-6C026C295987:LeaderElection30] INFO  server.RaftServerConfigKeys (ConfUtils.java:logGet(43)) - raft.server.watch.timeout.denomination = 1s (default)
2019-09-24 19:13:39,159 [pool-139-thread-1] INFO  server.RaftServerConfigKeys (ConfUtils.java:logGet(43)) - raft.server.log.purge.gap = 1000000 (custom)
2019-09-24 19:13:39,160 [bbf8d920-3eae-4ae7-b977-ade734f62dd2@group-6C026C295987:LeaderElection30] INFO  server.RaftServerConfigKeys (ConfUtils.java:logGet(43)) - raft.server.watch.element-limit = 65536 (default)
2019-09-24 19:13:39,159 [pool-159-thread-1] INFO  segmented.SegmentedRaftLogWorker (SegmentedRaftLogWorker.java:<init>(172)) - new 2aad5506-4352-4587-a9d6-f1a315122139@group-B0DE2BEA193A-SegmentedRaftLogWorker for RaftStorage:Storage Directory /workdir/hadoop-ozone/integration-test/target/test-dir/MiniOzoneClusterImpl-927e61bf-33d4-4c72-9c6e-e846b22cd97e/datanode-4/data/ratis/23c4e822-bb11-4f49-8b9e-b0de2bea193a
2019-09-24 19:13:39,159 [pool-179-thread-1] INFO  server.RaftServerConfigKeys (ConfUtils.java:logGet(43)) - raft.server.log.purge.gap = 1000000 (custom)
2019-09-24 19:13:39,160 [pool-139-thread-1] INFO  server.RaftServerConfigKeys (ConfUtils.java:logGet(43)) - raft.server.log.appender.buffer.byte-limit = 33554432 (custom)
2019-09-24 19:13:39,160 [pool-179-thread-1] INFO  server.RaftServerConfigKeys (ConfUtils.java:logGet(43)) - raft.server.log.appender.buffer.byte-limit = 33554432 (custom)
2019-09-24 19:13:39,161 [pool-139-thread-1] INFO  server.RaftServerConfigKeys (ConfUtils.java:logGet(43)) - raft.server.log.segment.size.max = 1048576 (custom)
2019-09-24 19:13:39,161 [pool-179-thread-1] INFO  server.RaftServerConfigKeys (ConfUtils.java:logGet(43)) - raft.server.log.segment.size.max = 1048576 (custom)
2019-09-24 19:13:39,161 [pool-139-thread-1] INFO  server.RaftServerConfigKeys (ConfUtils.java:logGet(43)) - raft.server.log.segment.cache.num.max = 2 (custom)
2019-09-24 19:13:39,161 [pool-179-thread-1] INFO  server.RaftServerConfigKeys (ConfUtils.java:logGet(43)) - raft.server.log.segment.cache.num.max = 2 (custom)
2019-09-24 19:13:39,161 [pool-139-thread-1] INFO  segmented.SegmentedRaftLogWorker (SegmentedRaftLogWorker.java:<init>(172)) - new 4d8f17a5-2079-45c1-8233-e8f9fa301948@group-6C18652232F0-SegmentedRaftLogWorker for RaftStorage:Storage Directory /workdir/hadoop-ozone/integration-test/target/test-dir/MiniOzoneClusterImpl-927e61bf-33d4-4c72-9c6e-e846b22cd97e/datanode-2/data/ratis/fc4d007f-f24a-4da5-a0e5-6c18652232f0
2019-09-24 19:13:39,162 [pool-179-thread-1] INFO  segmented.SegmentedRaftLogWorker (SegmentedRaftLogWorker.java:<init>(172)) - new d65623be-04e3-433c-9af8-6934d2279f6c@group-B0DE2BEA193A-SegmentedRaftLogWorker for RaftStorage:Storage Directory /workdir/hadoop-ozone/integration-test/target/test-dir/MiniOzoneClusterImpl-927e61bf-33d4-4c72-9c6e-e846b22cd97e/datanode-6/data/ratis/23c4e822-bb11-4f49-8b9e-b0de2bea193a
2019-09-24 19:13:39,168 [pool-159-thread-1] INFO  server.RaftServerConfigKeys (ConfUtils.java:logGet(43)) - raft.server.log.queue.byte-limit = 2147483647 (custom)
2019-09-24 19:13:39,168 [pool-159-thread-1] INFO  server.RaftServerConfigKeys (ConfUtils.java:logGet(43)) - raft.server.log.queue.element-limit = 1024 (custom)
2019-09-24 19:13:39,168 [pool-159-thread-1] INFO  server.RaftServerConfigKeys (ConfUtils.java:logGet(43)) - raft.server.log.segment.size.max = 1048576 (custom)
2019-09-24 19:13:39,168 [pool-159-thread-1] INFO  server.RaftServerConfigKeys (ConfUtils.java:logGet(43)) - raft.server.log.preallocated.size = 16384 (custom)
2019-09-24 19:13:39,169 [pool-159-thread-1] INFO  server.RaftServerConfigKeys (ConfUtils.java:logGet(43)) - raft.server.log.write.buffer.size = 33554432 (custom)
2019-09-24 19:13:39,169 [pool-159-thread-1] INFO  server.RaftServerConfigKeys (ConfUtils.java:logGet(43)) - raft.server.log.force.sync.num = 128 (default)
2019-09-24 19:13:39,169 [pool-159-thread-1] INFO  server.RaftServerConfigKeys (ConfUtils.java:logGet(43)) - raft.server.log.statemachine.data.sync = true (default)
2019-09-24 19:13:39,169 [pool-159-thread-1] INFO  server.RaftServerConfigKeys (ConfUtils.java:logGet(43)) - raft.server.log.statemachine.data.sync.timeout = 10s (default)
2019-09-24 19:13:39,169 [bbf8d920-3eae-4ae7-b977-ade734f62dd2@group-6C026C295987:LeaderElection30] INFO  impl.RoleInfo (RoleInfo.java:updateAndGet(143)) - bbf8d920-3eae-4ae7-b977-ade734f62dd2: start LeaderState
2019-09-24 19:13:39,170 [pool-139-thread-1] INFO  server.RaftServerConfigKeys (ConfUtils.java:logGet(43)) - raft.server.log.queue.byte-limit = 2147483647 (custom)
2019-09-24 19:13:39,169 [pool-159-thread-1] INFO  server.RaftServerConfigKeys (ConfUtils.java:logGet(43)) - raft.server.log.statemachine.data.sync.timeout.retry = -1 (default)
2019-09-24 19:13:39,170 [pool-139-thread-1] INFO  server.RaftServerConfigKeys (ConfUtils.java:logGet(43)) - raft.server.log.queue.element-limit = 1024 (custom)
2019-09-24 19:13:39,170 [pool-179-thread-1] INFO  server.RaftServerConfigKeys (ConfUtils.java:logGet(43)) - raft.server.log.queue.byte-limit = 2147483647 (custom)
2019-09-24 19:13:39,170 [pool-159-thread-1] INFO  server.RaftServerConfigKeys (ConfUtils.java:logGet(43)) - raft.server.log.statemachine.data.caching.enabled = true (custom)
2019-09-24 19:13:39,170 [pool-139-thread-1] INFO  server.RaftServerConfigKeys (ConfUtils.java:logGet(43)) - raft.server.log.segment.size.max = 1048576 (custom)
2019-09-24 19:13:39,170 [bbf8d920-3eae-4ae7-b977-ade734f62dd2@group-6C026C295987:LeaderElection30] INFO  segmented.SegmentedRaftLogWorker (SegmentedRaftLogWorker.java:startLogSegment(380)) - bbf8d920-3eae-4ae7-b977-ade734f62dd2@group-6C026C295987-SegmentedRaftLogWorker: Starting segment from index:0
2019-09-24 19:13:39,171 [pool-159-thread-1] INFO  segmented.SegmentedRaftLogWorker (SegmentedRaftLogWorker.java:lambda$new$0(132)) - 2aad5506-4352-4587-a9d6-f1a315122139@group-B0DE2BEA193A-SegmentedRaftLogWorker: flushIndex: setUnconditionally 0 -> -1
2019-09-24 19:13:39,171 [pool-139-thread-1] INFO  server.RaftServerConfigKeys (ConfUtils.java:logGet(43)) - raft.server.log.preallocated.size = 16384 (custom)
2019-09-24 19:13:39,170 [pool-179-thread-1] INFO  server.RaftServerConfigKeys (ConfUtils.java:logGet(43)) - raft.server.log.queue.element-limit = 1024 (custom)
2019-09-24 19:13:39,171 [pool-159-thread-1] INFO  server.RaftServerConfigKeys (ConfUtils.java:logGet(43)) - raft.server.snapshot.auto.trigger.enabled = true (custom)
2019-09-24 19:13:39,171 [pool-139-thread-1] INFO  server.RaftServerConfigKeys (ConfUtils.java:logGet(43)) - raft.server.log.write.buffer.size = 33554432 (custom)
2019-09-24 19:13:39,172 [pool-159-thread-1] INFO  server.RaftServerConfigKeys (ConfUtils.java:logGet(43)) - raft.server.snapshot.auto.trigger.threshold = 10000 (custom)
2019-09-24 19:13:39,172 [pool-179-thread-1] INFO  server.RaftServerConfigKeys (ConfUtils.java:logGet(43)) - raft.server.log.segment.size.max = 1048576 (custom)
2019-09-24 19:13:39,172 [bbf8d920-3eae-4ae7-b977-ade734f62dd2@group-6C026C295987:LeaderElection30] INFO  impl.RaftServerImpl (ServerState.java:setRaftConf(354)) - bbf8d920-3eae-4ae7-b977-ade734f62dd2@group-6C026C295987: set configuration 0: [bbf8d920-3eae-4ae7-b977-ade734f62dd2:192.168.5.148:46157], old=null at 0
2019-09-24 19:13:39,172 [pool-179-thread-1] INFO  server.RaftServerConfigKeys (ConfUtils.java:logGet(43)) - raft.server.log.preallocated.size = 16384 (custom)
2019-09-24 19:13:39,172 [pool-159-thread-1] INFO  server.RaftServerConfigKeys (ConfUtils.java:logGet(43)) - raft.server.snapshot.retention.num.files = 5 (custom)
2019-09-24 19:13:39,172 [pool-139-thread-1] INFO  server.RaftServerConfigKeys (ConfUtils.java:logGet(43)) - raft.server.log.force.sync.num = 128 (default)
2019-09-24 19:13:39,173 [pool-159-thread-1] INFO  server.RaftServerConfigKeys (ConfUtils.java:logGet(43)) - raft.server.retrycache.expirytime = 600000ms (custom)
2019-09-24 19:13:39,173 [pool-179-thread-1] INFO  server.RaftServerConfigKeys (ConfUtils.java:logGet(43)) - raft.server.log.write.buffer.size = 33554432 (custom)
2019-09-24 19:13:39,173 [pool-139-thread-1] INFO  server.RaftServerConfigKeys (ConfUtils.java:logGet(43)) - raft.server.log.statemachine.data.sync = true (default)
2019-09-24 19:13:39,173 [pool-179-thread-1] INFO  server.RaftServerConfigKeys (ConfUtils.java:logGet(43)) - raft.server.log.force.sync.num = 128 (default)
2019-09-24 19:13:39,174 [pool-139-thread-1] INFO  server.RaftServerConfigKeys (ConfUtils.java:logGet(43)) - raft.server.log.statemachine.data.sync.timeout = 10s (default)
2019-09-24 19:13:39,174 [pool-179-thread-1] INFO  server.RaftServerConfigKeys (ConfUtils.java:logGet(43)) - raft.server.log.statemachine.data.sync = true (default)
2019-09-24 19:13:39,174 [pool-139-thread-1] INFO  server.RaftServerConfigKeys (ConfUtils.java:logGet(43)) - raft.server.log.statemachine.data.sync.timeout.retry = -1 (default)
2019-09-24 19:13:39,174 [pool-179-thread-1] INFO  server.RaftServerConfigKeys (ConfUtils.java:logGet(43)) - raft.server.log.statemachine.data.sync.timeout = 10s (default)
2019-09-24 19:13:39,175 [pool-139-thread-1] INFO  server.RaftServerConfigKeys (ConfUtils.java:logGet(43)) - raft.server.log.statemachine.data.caching.enabled = true (custom)
2019-09-24 19:13:39,175 [pool-179-thread-1] INFO  server.RaftServerConfigKeys (ConfUtils.java:logGet(43)) - raft.server.log.statemachine.data.sync.timeout.retry = -1 (default)
2019-09-24 19:13:39,175 [pool-139-thread-1] INFO  segmented.SegmentedRaftLogWorker (SegmentedRaftLogWorker.java:lambda$new$0(132)) - 4d8f17a5-2079-45c1-8233-e8f9fa301948@group-6C18652232F0-SegmentedRaftLogWorker: flushIndex: setUnconditionally 0 -> -1
2019-09-24 19:13:39,175 [pool-179-thread-1] INFO  server.RaftServerConfigKeys (ConfUtils.java:logGet(43)) - raft.server.log.statemachine.data.caching.enabled = true (custom)
2019-09-24 19:13:39,175 [pool-139-thread-1] INFO  server.RaftServerConfigKeys (ConfUtils.java:logGet(43)) - raft.server.snapshot.auto.trigger.enabled = true (custom)
2019-09-24 19:13:39,176 [pool-179-thread-1] INFO  segmented.SegmentedRaftLogWorker (SegmentedRaftLogWorker.java:lambda$new$0(132)) - d65623be-04e3-433c-9af8-6934d2279f6c@group-B0DE2BEA193A-SegmentedRaftLogWorker: flushIndex: setUnconditionally 0 -> -1
2019-09-24 19:13:39,176 [pool-139-thread-1] INFO  server.RaftServerConfigKeys (ConfUtils.java:logGet(43)) - raft.server.snapshot.auto.trigger.threshold = 10000 (custom)
2019-09-24 19:13:39,176 [pool-139-thread-1] INFO  server.RaftServerConfigKeys (ConfUtils.java:logGet(43)) - raft.server.snapshot.retention.num.files = 5 (custom)
2019-09-24 19:13:39,176 [pool-179-thread-1] INFO  server.RaftServerConfigKeys (ConfUtils.java:logGet(43)) - raft.server.snapshot.auto.trigger.enabled = true (custom)
2019-09-24 19:13:39,176 [pool-139-thread-1] INFO  server.RaftServerConfigKeys (ConfUtils.java:logGet(43)) - raft.server.retrycache.expirytime = 600000ms (custom)
2019-09-24 19:13:39,176 [pool-179-thread-1] INFO  server.RaftServerConfigKeys (ConfUtils.java:logGet(43)) - raft.server.snapshot.auto.trigger.threshold = 10000 (custom)
2019-09-24 19:13:39,177 [pool-179-thread-1] INFO  server.RaftServerConfigKeys (ConfUtils.java:logGet(43)) - raft.server.snapshot.retention.num.files = 5 (custom)
2019-09-24 19:13:39,177 [pool-159-thread-1] INFO  impl.RaftServerImpl (RaftServerImpl.java:start(185)) - 2aad5506-4352-4587-a9d6-f1a315122139@group-B0DE2BEA193A: start as a follower, conf=-1: [d65623be-04e3-433c-9af8-6934d2279f6c:192.168.5.148:36478, 2aad5506-4352-4587-a9d6-f1a315122139:192.168.5.148:34412, 4d8f17a5-2079-45c1-8233-e8f9fa301948:192.168.5.148:37579], old=null
2019-09-24 19:13:39,177 [pool-179-thread-1] INFO  server.RaftServerConfigKeys (ConfUtils.java:logGet(43)) - raft.server.retrycache.expirytime = 600000ms (custom)
2019-09-24 19:13:39,177 [pool-159-thread-1] INFO  impl.RaftServerImpl (RaftServerImpl.java:setRole(174)) - 2aad5506-4352-4587-a9d6-f1a315122139@group-B0DE2BEA193A: changes role from      null to FOLLOWER at term 0 for startAsFollower
2019-09-24 19:13:39,177 [pool-159-thread-1] INFO  impl.RoleInfo (RoleInfo.java:updateAndGet(143)) - 2aad5506-4352-4587-a9d6-f1a315122139: start FollowerState
2019-09-24 19:13:39,178 [pool-159-thread-1] INFO  util.JmxRegister (JmxRegister.java:tryRegister(44)) - Successfully registered JMX Bean with object name Ratis:service=RaftServer,group=group-B0DE2BEA193A,id=2aad5506-4352-4587-a9d6-f1a315122139
2019-09-24 19:13:39,181 [pool-179-thread-1] INFO  impl.RaftServerImpl (RaftServerImpl.java:start(185)) - d65623be-04e3-433c-9af8-6934d2279f6c@group-B0DE2BEA193A: start as a follower, conf=-1: [d65623be-04e3-433c-9af8-6934d2279f6c:192.168.5.148:36478, 2aad5506-4352-4587-a9d6-f1a315122139:192.168.5.148:34412, 4d8f17a5-2079-45c1-8233-e8f9fa301948:192.168.5.148:37579], old=null
2019-09-24 19:13:39,181 [pool-179-thread-1] INFO  impl.RaftServerImpl (RaftServerImpl.java:setRole(174)) - d65623be-04e3-433c-9af8-6934d2279f6c@group-B0DE2BEA193A: changes role from      null to FOLLOWER at term 0 for startAsFollower
2019-09-24 19:13:39,181 [pool-179-thread-1] INFO  impl.RoleInfo (RoleInfo.java:updateAndGet(143)) - d65623be-04e3-433c-9af8-6934d2279f6c: start FollowerState
2019-09-24 19:13:39,182 [pool-179-thread-1] INFO  util.JmxRegister (JmxRegister.java:tryRegister(44)) - Successfully registered JMX Bean with object name Ratis:service=RaftServer,group=group-B0DE2BEA193A,id=d65623be-04e3-433c-9af8-6934d2279f6c
2019-09-24 19:13:39,182 [pool-139-thread-1] INFO  impl.RaftServerImpl (RaftServerImpl.java:<init>(95)) - 4d8f17a5-2079-45c1-8233-e8f9fa301948: new RaftServerImpl for group-B0DE2BEA193A:[d65623be-04e3-433c-9af8-6934d2279f6c:192.168.5.148:36478, 2aad5506-4352-4587-a9d6-f1a315122139:192.168.5.148:34412, 4d8f17a5-2079-45c1-8233-e8f9fa301948:192.168.5.148:37579] with ContainerStateMachine:uninitialized
2019-09-24 19:13:39,182 [pool-139-thread-1] INFO  server.RaftServerConfigKeys (ConfUtils.java:logGet(43)) - raft.server.rpc.timeout.min = 5s (custom)
2019-09-24 19:13:39,183 [pool-139-thread-1] INFO  server.RaftServerConfigKeys (ConfUtils.java:logGet(43)) - raft.server.rpc.timeout.max = 5200ms (custom)
2019-09-24 19:13:39,183 [pool-139-thread-1] INFO  server.RaftServerConfigKeys (ConfUtils.java:logGet(43)) - raft.server.rpcslowness.timeout = 120s (custom)
2019-09-24 19:13:39,183 [pool-139-thread-1] INFO  server.RaftServerConfigKeys (ConfUtils.java:logGet(43)) - raft.server.sleep.deviation.threshold = 300 (default)
2019-09-24 19:13:39,183 [pool-139-thread-1] INFO  server.RaftServerConfigKeys (ConfUtils.java:logGet(43)) - raft.server.log.appender.install.snapshot.enabled = false (custom)
2019-09-24 19:13:39,183 [pool-139-thread-1] INFO  impl.RaftServerImpl (ServerState.java:<init>(103)) - 4d8f17a5-2079-45c1-8233-e8f9fa301948@group-B0DE2BEA193A: ConfigurationManager, init=-1: [d65623be-04e3-433c-9af8-6934d2279f6c:192.168.5.148:36478, 2aad5506-4352-4587-a9d6-f1a315122139:192.168.5.148:34412, 4d8f17a5-2079-45c1-8233-e8f9fa301948:192.168.5.148:37579], old=null, confs=<EMPTY_MAP>
2019-09-24 19:13:39,183 [pool-139-thread-1] INFO  server.RaftServerConfigKeys (ConfUtils.java:logGet(43)) - raft.server.storage.dir = [/workdir/hadoop-ozone/integration-test/target/test-dir/MiniOzoneClusterImpl-927e61bf-33d4-4c72-9c6e-e846b22cd97e/datanode-2/data/ratis] (custom)
2019-09-24 19:13:39,184 [pool-139-thread-1] INFO  storage.RaftStorageDirectory (RaftStorageDirectory.java:analyzeStorage(246)) - The storage directory /workdir/hadoop-ozone/integration-test/target/test-dir/MiniOzoneClusterImpl-927e61bf-33d4-4c72-9c6e-e846b22cd97e/datanode-2/data/ratis/23c4e822-bb11-4f49-8b9e-b0de2bea193a does not exist. Creating ...
2019-09-24 19:13:39,209 [pool-139-thread-1] INFO  storage.RaftStorageDirectory (RaftStorageDirectory.java:tryLock(328)) - Lock on /workdir/hadoop-ozone/integration-test/target/test-dir/MiniOzoneClusterImpl-927e61bf-33d4-4c72-9c6e-e846b22cd97e/datanode-2/data/ratis/23c4e822-bb11-4f49-8b9e-b0de2bea193a/in_use.lock acquired by nodename 20442@pr-hdds-2149-fgl4f-1742389470
2019-09-24 19:13:39,235 [pool-139-thread-1] INFO  storage.RaftStorage (RaftStorage.java:format(72)) - Storage directory /workdir/hadoop-ozone/integration-test/target/test-dir/MiniOzoneClusterImpl-927e61bf-33d4-4c72-9c6e-e846b22cd97e/datanode-2/data/ratis/23c4e822-bb11-4f49-8b9e-b0de2bea193a has been successfully formatted.
2019-09-24 19:13:39,235 [bbf8d920-3eae-4ae7-b977-ade734f62dd2@group-6C026C295987-SegmentedRaftLogWorker] INFO  segmented.SegmentedRaftLogWorker (SegmentedRaftLogWorker.java:execute(569)) - bbf8d920-3eae-4ae7-b977-ade734f62dd2@group-6C026C295987-SegmentedRaftLogWorker: created new log segment /workdir/hadoop-ozone/integration-test/target/test-dir/MiniOzoneClusterImpl-927e61bf-33d4-4c72-9c6e-e846b22cd97e/datanode-0/data/ratis/bbf8c7ae-f87a-4729-9506-6c026c295987/current/log_inprogress_0
2019-09-24 19:13:39,236 [pool-139-thread-1] INFO  ratis.ContainerStateMachine (ContainerStateMachine.java:loadSnapshot(230)) - group-B0DE2BEA193A: The snapshot info is null. Setting the last applied indexto:(t:0, i:~)
2019-09-24 19:13:39,236 [pool-139-thread-1] INFO  server.RaftServerConfigKeys (ConfUtils.java:logGet(43)) - raft.server.notification.no-leader.timeout = 120s (custom)
2019-09-24 19:13:39,236 [pool-139-thread-1] INFO  server.RaftServerConfigKeys (ConfUtils.java:logGet(43)) - raft.server.log.use.memory = false (default)
2019-09-24 19:13:39,236 [pool-139-thread-1] INFO  server.RaftServerConfigKeys (ConfUtils.java:logGet(43)) - raft.server.log.purge.gap = 1000000 (custom)
2019-09-24 19:13:39,237 [pool-139-thread-1] INFO  server.RaftServerConfigKeys (ConfUtils.java:logGet(43)) - raft.server.log.appender.buffer.byte-limit = 33554432 (custom)
2019-09-24 19:13:39,237 [pool-139-thread-1] INFO  server.RaftServerConfigKeys (ConfUtils.java:logGet(43)) - raft.server.log.segment.size.max = 1048576 (custom)
2019-09-24 19:13:39,237 [pool-139-thread-1] INFO  server.RaftServerConfigKeys (ConfUtils.java:logGet(43)) - raft.server.log.segment.cache.num.max = 2 (custom)
2019-09-24 19:13:39,237 [pool-139-thread-1] INFO  segmented.SegmentedRaftLogWorker (SegmentedRaftLogWorker.java:<init>(172)) - new 4d8f17a5-2079-45c1-8233-e8f9fa301948@group-B0DE2BEA193A-SegmentedRaftLogWorker for RaftStorage:Storage Directory /workdir/hadoop-ozone/integration-test/target/test-dir/MiniOzoneClusterImpl-927e61bf-33d4-4c72-9c6e-e846b22cd97e/datanode-2/data/ratis/23c4e822-bb11-4f49-8b9e-b0de2bea193a
2019-09-24 19:13:39,237 [pool-139-thread-1] INFO  server.RaftServerConfigKeys (ConfUtils.java:logGet(43)) - raft.server.log.queue.byte-limit = 2147483647 (custom)
2019-09-24 19:13:39,237 [pool-139-thread-1] INFO  server.RaftServerConfigKeys (ConfUtils.java:logGet(43)) - raft.server.log.queue.element-limit = 1024 (custom)
2019-09-24 19:13:39,238 [pool-139-thread-1] INFO  server.RaftServerConfigKeys (ConfUtils.java:logGet(43)) - raft.server.log.segment.size.max = 1048576 (custom)
2019-09-24 19:13:39,238 [pool-139-thread-1] INFO  server.RaftServerConfigKeys (ConfUtils.java:logGet(43)) - raft.server.log.preallocated.size = 16384 (custom)
2019-09-24 19:13:39,238 [pool-139-thread-1] INFO  server.RaftServerConfigKeys (ConfUtils.java:logGet(43)) - raft.server.log.write.buffer.size = 33554432 (custom)
2019-09-24 19:13:39,238 [pool-139-thread-1] INFO  server.RaftServerConfigKeys (ConfUtils.java:logGet(43)) - raft.server.log.force.sync.num = 128 (default)
2019-09-24 19:13:39,238 [pool-139-thread-1] INFO  server.RaftServerConfigKeys (ConfUtils.java:logGet(43)) - raft.server.log.statemachine.data.sync = true (default)
2019-09-24 19:13:39,238 [pool-139-thread-1] INFO  server.RaftServerConfigKeys (ConfUtils.java:logGet(43)) - raft.server.log.statemachine.data.sync.timeout = 10s (default)
2019-09-24 19:13:39,239 [pool-139-thread-1] INFO  server.RaftServerConfigKeys (ConfUtils.java:logGet(43)) - raft.server.log.statemachine.data.sync.timeout.retry = -1 (default)
2019-09-24 19:13:39,239 [pool-139-thread-1] INFO  server.RaftServerConfigKeys (ConfUtils.java:logGet(43)) - raft.server.log.statemachine.data.caching.enabled = true (custom)
2019-09-24 19:13:39,239 [pool-139-thread-1] INFO  segmented.SegmentedRaftLogWorker (SegmentedRaftLogWorker.java:lambda$new$0(132)) - 4d8f17a5-2079-45c1-8233-e8f9fa301948@group-B0DE2BEA193A-SegmentedRaftLogWorker: flushIndex: setUnconditionally 0 -> -1
2019-09-24 19:13:39,240 [pool-139-thread-1] INFO  server.RaftServerConfigKeys (ConfUtils.java:logGet(43)) - raft.server.snapshot.auto.trigger.enabled = true (custom)
2019-09-24 19:13:39,240 [pool-139-thread-1] INFO  server.RaftServerConfigKeys (ConfUtils.java:logGet(43)) - raft.server.snapshot.auto.trigger.threshold = 10000 (custom)
2019-09-24 19:13:39,240 [pool-139-thread-1] INFO  server.RaftServerConfigKeys (ConfUtils.java:logGet(43)) - raft.server.snapshot.retention.num.files = 5 (custom)
2019-09-24 19:13:39,240 [pool-139-thread-1] INFO  server.RaftServerConfigKeys (ConfUtils.java:logGet(43)) - raft.server.retrycache.expirytime = 600000ms (custom)
2019-09-24 19:13:39,244 [pool-139-thread-1] INFO  impl.RaftServerImpl (RaftServerImpl.java:<init>(95)) - 4d8f17a5-2079-45c1-8233-e8f9fa301948: new RaftServerImpl for group-ADF62AE81DD4:[4d8f17a5-2079-45c1-8233-e8f9fa301948:192.168.5.148:37579] with ContainerStateMachine:uninitialized
2019-09-24 19:13:39,245 [pool-139-thread-1] INFO  server.RaftServerConfigKeys (ConfUtils.java:logGet(43)) - raft.server.rpc.timeout.min = 5s (custom)
2019-09-24 19:13:39,245 [pool-139-thread-1] INFO  server.RaftServerConfigKeys (ConfUtils.java:logGet(43)) - raft.server.rpc.timeout.max = 5200ms (custom)
2019-09-24 19:13:39,245 [pool-139-thread-1] INFO  server.RaftServerConfigKeys (ConfUtils.java:logGet(43)) - raft.server.rpcslowness.timeout = 120s (custom)
2019-09-24 19:13:39,245 [pool-139-thread-1] INFO  server.RaftServerConfigKeys (ConfUtils.java:logGet(43)) - raft.server.sleep.deviation.threshold = 300 (default)
2019-09-24 19:13:39,245 [pool-139-thread-1] INFO  server.RaftServerConfigKeys (ConfUtils.java:logGet(43)) - raft.server.log.appender.install.snapshot.enabled = false (custom)
2019-09-24 19:13:39,245 [pool-139-thread-1] INFO  impl.RaftServerImpl (ServerState.java:<init>(103)) - 4d8f17a5-2079-45c1-8233-e8f9fa301948@group-ADF62AE81DD4: ConfigurationManager, init=-1: [4d8f17a5-2079-45c1-8233-e8f9fa301948:192.168.5.148:37579], old=null, confs=<EMPTY_MAP>
2019-09-24 19:13:39,246 [pool-139-thread-1] INFO  server.RaftServerConfigKeys (ConfUtils.java:logGet(43)) - raft.server.storage.dir = [/workdir/hadoop-ozone/integration-test/target/test-dir/MiniOzoneClusterImpl-927e61bf-33d4-4c72-9c6e-e846b22cd97e/datanode-2/data/ratis] (custom)
2019-09-24 19:13:39,246 [pool-139-thread-1] INFO  storage.RaftStorageDirectory (RaftStorageDirectory.java:analyzeStorage(246)) - The storage directory /workdir/hadoop-ozone/integration-test/target/test-dir/MiniOzoneClusterImpl-927e61bf-33d4-4c72-9c6e-e846b22cd97e/datanode-2/data/ratis/d23731f8-29c1-426d-ad88-adf62ae81dd4 does not exist. Creating ...
2019-09-24 19:13:39,275 [pool-139-thread-1] INFO  storage.RaftStorageDirectory (RaftStorageDirectory.java:tryLock(328)) - Lock on /workdir/hadoop-ozone/integration-test/target/test-dir/MiniOzoneClusterImpl-927e61bf-33d4-4c72-9c6e-e846b22cd97e/datanode-2/data/ratis/d23731f8-29c1-426d-ad88-adf62ae81dd4/in_use.lock acquired by nodename 20442@pr-hdds-2149-fgl4f-1742389470
2019-09-24 19:13:39,307 [pool-139-thread-1] INFO  storage.RaftStorage (RaftStorage.java:format(72)) - Storage directory /workdir/hadoop-ozone/integration-test/target/test-dir/MiniOzoneClusterImpl-927e61bf-33d4-4c72-9c6e-e846b22cd97e/datanode-2/data/ratis/d23731f8-29c1-426d-ad88-adf62ae81dd4 has been successfully formatted.
2019-09-24 19:13:39,308 [pool-139-thread-1] INFO  ratis.ContainerStateMachine (ContainerStateMachine.java:loadSnapshot(230)) - group-ADF62AE81DD4: The snapshot info is null. Setting the last applied indexto:(t:0, i:~)
2019-09-24 19:13:39,308 [pool-139-thread-1] INFO  server.RaftServerConfigKeys (ConfUtils.java:logGet(43)) - raft.server.notification.no-leader.timeout = 120s (custom)
2019-09-24 19:13:39,308 [pool-139-thread-1] INFO  server.RaftServerConfigKeys (ConfUtils.java:logGet(43)) - raft.server.log.use.memory = false (default)
2019-09-24 19:13:39,308 [pool-139-thread-1] INFO  server.RaftServerConfigKeys (ConfUtils.java:logGet(43)) - raft.server.log.purge.gap = 1000000 (custom)
2019-09-24 19:13:39,308 [pool-139-thread-1] INFO  server.RaftServerConfigKeys (ConfUtils.java:logGet(43)) - raft.server.log.appender.buffer.byte-limit = 33554432 (custom)
2019-09-24 19:13:39,308 [pool-139-thread-1] INFO  server.RaftServerConfigKeys (ConfUtils.java:logGet(43)) - raft.server.log.segment.size.max = 1048576 (custom)
2019-09-24 19:13:39,308 [pool-139-thread-1] INFO  server.RaftServerConfigKeys (ConfUtils.java:logGet(43)) - raft.server.log.segment.cache.num.max = 2 (custom)
2019-09-24 19:13:39,308 [pool-139-thread-1] INFO  segmented.SegmentedRaftLogWorker (SegmentedRaftLogWorker.java:<init>(172)) - new 4d8f17a5-2079-45c1-8233-e8f9fa301948@group-ADF62AE81DD4-SegmentedRaftLogWorker for RaftStorage:Storage Directory /workdir/hadoop-ozone/integration-test/target/test-dir/MiniOzoneClusterImpl-927e61bf-33d4-4c72-9c6e-e846b22cd97e/datanode-2/data/ratis/d23731f8-29c1-426d-ad88-adf62ae81dd4
2019-09-24 19:13:39,309 [pool-139-thread-1] INFO  server.RaftServerConfigKeys (ConfUtils.java:logGet(43)) - raft.server.log.queue.byte-limit = 2147483647 (custom)
2019-09-24 19:13:39,309 [pool-139-thread-1] INFO  server.RaftServerConfigKeys (ConfUtils.java:logGet(43)) - raft.server.log.queue.element-limit = 1024 (custom)
2019-09-24 19:13:39,309 [pool-139-thread-1] INFO  server.RaftServerConfigKeys (ConfUtils.java:logGet(43)) - raft.server.log.segment.size.max = 1048576 (custom)
2019-09-24 19:13:39,309 [pool-139-thread-1] INFO  server.RaftServerConfigKeys (ConfUtils.java:logGet(43)) - raft.server.log.preallocated.size = 16384 (custom)
2019-09-24 19:13:39,309 [pool-139-thread-1] INFO  server.RaftServerConfigKeys (ConfUtils.java:logGet(43)) - raft.server.log.write.buffer.size = 33554432 (custom)
2019-09-24 19:13:39,309 [pool-139-thread-1] INFO  server.RaftServerConfigKeys (ConfUtils.java:logGet(43)) - raft.server.log.force.sync.num = 128 (default)
2019-09-24 19:13:39,309 [pool-139-thread-1] INFO  server.RaftServerConfigKeys (ConfUtils.java:logGet(43)) - raft.server.log.statemachine.data.sync = true (default)
2019-09-24 19:13:39,309 [pool-139-thread-1] INFO  server.RaftServerConfigKeys (ConfUtils.java:logGet(43)) - raft.server.log.statemachine.data.sync.timeout = 10s (default)
2019-09-24 19:13:39,309 [pool-139-thread-1] INFO  server.RaftServerConfigKeys (ConfUtils.java:logGet(43)) - raft.server.log.statemachine.data.sync.timeout.retry = -1 (default)
2019-09-24 19:13:39,310 [pool-139-thread-1] INFO  server.RaftServerConfigKeys (ConfUtils.java:logGet(43)) - raft.server.log.statemachine.data.caching.enabled = true (custom)
2019-09-24 19:13:39,310 [pool-139-thread-1] INFO  segmented.SegmentedRaftLogWorker (SegmentedRaftLogWorker.java:lambda$new$0(132)) - 4d8f17a5-2079-45c1-8233-e8f9fa301948@group-ADF62AE81DD4-SegmentedRaftLogWorker: flushIndex: setUnconditionally 0 -> -1
2019-09-24 19:13:39,310 [pool-139-thread-1] INFO  server.RaftServerConfigKeys (ConfUtils.java:logGet(43)) - raft.server.snapshot.auto.trigger.enabled = true (custom)
2019-09-24 19:13:39,310 [pool-139-thread-1] INFO  server.RaftServerConfigKeys (ConfUtils.java:logGet(43)) - raft.server.snapshot.auto.trigger.threshold = 10000 (custom)
2019-09-24 19:13:39,310 [pool-139-thread-1] INFO  server.RaftServerConfigKeys (ConfUtils.java:logGet(43)) - raft.server.snapshot.retention.num.files = 5 (custom)
2019-09-24 19:13:39,310 [pool-139-thread-1] INFO  server.RaftServerConfigKeys (ConfUtils.java:logGet(43)) - raft.server.retrycache.expirytime = 600000ms (custom)
2019-09-24 19:13:39,312 [pool-139-thread-1] INFO  impl.RaftServerImpl (RaftServerImpl.java:start(185)) - 4d8f17a5-2079-45c1-8233-e8f9fa301948@group-6C18652232F0: start as a follower, conf=-1: [4d8f17a5-2079-45c1-8233-e8f9fa301948:192.168.5.148:37579], old=null
2019-09-24 19:13:39,312 [pool-139-thread-1] INFO  impl.RaftServerImpl (RaftServerImpl.java:setRole(174)) - 4d8f17a5-2079-45c1-8233-e8f9fa301948@group-6C18652232F0: changes role from      null to FOLLOWER at term 0 for startAsFollower
2019-09-24 19:13:39,312 [pool-139-thread-1] INFO  impl.RoleInfo (RoleInfo.java:updateAndGet(143)) - 4d8f17a5-2079-45c1-8233-e8f9fa301948: start FollowerState
2019-09-24 19:13:39,324 [pool-139-thread-1] INFO  util.JmxRegister (JmxRegister.java:tryRegister(44)) - Successfully registered JMX Bean with object name Ratis:service=RaftServer,group=group-6C18652232F0,id=4d8f17a5-2079-45c1-8233-e8f9fa301948
2019-09-24 19:13:39,330 [pool-139-thread-1] INFO  impl.RaftServerImpl (RaftServerImpl.java:start(185)) - 4d8f17a5-2079-45c1-8233-e8f9fa301948@group-B0DE2BEA193A: start as a follower, conf=-1: [d65623be-04e3-433c-9af8-6934d2279f6c:192.168.5.148:36478, 2aad5506-4352-4587-a9d6-f1a315122139:192.168.5.148:34412, 4d8f17a5-2079-45c1-8233-e8f9fa301948:192.168.5.148:37579], old=null
2019-09-24 19:13:39,330 [pool-139-thread-1] INFO  impl.RaftServerImpl (RaftServerImpl.java:setRole(174)) - 4d8f17a5-2079-45c1-8233-e8f9fa301948@group-B0DE2BEA193A: changes role from      null to FOLLOWER at term 0 for startAsFollower
2019-09-24 19:13:39,331 [pool-139-thread-1] INFO  impl.RoleInfo (RoleInfo.java:updateAndGet(143)) - 4d8f17a5-2079-45c1-8233-e8f9fa301948: start FollowerState
2019-09-24 19:13:39,331 [pool-139-thread-1] INFO  util.JmxRegister (JmxRegister.java:tryRegister(44)) - Successfully registered JMX Bean with object name Ratis:service=RaftServer,group=group-B0DE2BEA193A,id=4d8f17a5-2079-45c1-8233-e8f9fa301948
2019-09-24 19:13:39,331 [pool-139-thread-1] INFO  impl.RaftServerImpl (RaftServerImpl.java:start(185)) - 4d8f17a5-2079-45c1-8233-e8f9fa301948@group-ADF62AE81DD4: start as a follower, conf=-1: [4d8f17a5-2079-45c1-8233-e8f9fa301948:192.168.5.148:37579], old=null
2019-09-24 19:13:39,469 [pool-139-thread-1] INFO  impl.RaftServerImpl (RaftServerImpl.java:setRole(174)) - 4d8f17a5-2079-45c1-8233-e8f9fa301948@group-ADF62AE81DD4: changes role from      null to FOLLOWER at term 0 for startAsFollower
2019-09-24 19:13:39,480 [pool-139-thread-1] INFO  impl.RoleInfo (RoleInfo.java:updateAndGet(143)) - 4d8f17a5-2079-45c1-8233-e8f9fa301948: start FollowerState
2019-09-24 19:13:39,510 [pool-139-thread-1] INFO  util.JmxRegister (JmxRegister.java:tryRegister(44)) - Successfully registered JMX Bean with object name Ratis:service=RaftServer,group=group-ADF62AE81DD4,id=4d8f17a5-2079-45c1-8233-e8f9fa301948
2019-09-24 19:13:39,549 [RatisPipelineUtilsThread] INFO  pipeline.PipelineStateManager (PipelineStateManager.java:addPipeline(56)) - Created pipeline Pipeline[ Id: d23731f8-29c1-426d-ad88-adf62ae81dd4, Nodes: 4d8f17a5-2079-45c1-8233-e8f9fa301948{ip: 192.168.5.148, host: pr-hdds-2149-fgl4f-1742389470, networkLocation: /default-rack, certSerialId: null}, Type:RATIS, Factor:ONE, State:OPEN]
2019-09-24 19:13:39,616 [grpc-default-executor-7] INFO  impl.RaftServerProxy (RaftServerProxy.java:addNew(89)) - 2aad5506-4352-4587-a9d6-f1a315122139: addNew group-5B4A7EBB6977:[2aad5506-4352-4587-a9d6-f1a315122139:192.168.5.148:34412] returns group-5B4A7EBB6977:java.util.concurrent.CompletableFuture@68761511[Not completed]
2019-09-24 19:13:39,618 [pool-159-thread-1] INFO  impl.RaftServerImpl (RaftServerImpl.java:<init>(95)) - 2aad5506-4352-4587-a9d6-f1a315122139: new RaftServerImpl for group-5B4A7EBB6977:[2aad5506-4352-4587-a9d6-f1a315122139:192.168.5.148:34412] with ContainerStateMachine:uninitialized
2019-09-24 19:13:39,618 [pool-159-thread-1] INFO  server.RaftServerConfigKeys (ConfUtils.java:logGet(43)) - raft.server.rpc.timeout.min = 5s (custom)
2019-09-24 19:13:39,619 [pool-159-thread-1] INFO  server.RaftServerConfigKeys (ConfUtils.java:logGet(43)) - raft.server.rpc.timeout.max = 5200ms (custom)
2019-09-24 19:13:39,619 [pool-159-thread-1] INFO  server.RaftServerConfigKeys (ConfUtils.java:logGet(43)) - raft.server.rpcslowness.timeout = 120s (custom)
2019-09-24 19:13:39,619 [pool-159-thread-1] INFO  server.RaftServerConfigKeys (ConfUtils.java:logGet(43)) - raft.server.sleep.deviation.threshold = 300 (default)
2019-09-24 19:13:39,619 [pool-159-thread-1] INFO  server.RaftServerConfigKeys (ConfUtils.java:logGet(43)) - raft.server.log.appender.install.snapshot.enabled = false (custom)
2019-09-24 19:13:39,619 [pool-159-thread-1] INFO  impl.RaftServerImpl (ServerState.java:<init>(103)) - 2aad5506-4352-4587-a9d6-f1a315122139@group-5B4A7EBB6977: ConfigurationManager, init=-1: [2aad5506-4352-4587-a9d6-f1a315122139:192.168.5.148:34412], old=null, confs=<EMPTY_MAP>
2019-09-24 19:13:39,620 [pool-159-thread-1] INFO  server.RaftServerConfigKeys (ConfUtils.java:logGet(43)) - raft.server.storage.dir = [/workdir/hadoop-ozone/integration-test/target/test-dir/MiniOzoneClusterImpl-927e61bf-33d4-4c72-9c6e-e846b22cd97e/datanode-4/data/ratis] (custom)
2019-09-24 19:13:39,620 [pool-159-thread-1] INFO  storage.RaftStorageDirectory (RaftStorageDirectory.java:analyzeStorage(246)) - The storage directory /workdir/hadoop-ozone/integration-test/target/test-dir/MiniOzoneClusterImpl-927e61bf-33d4-4c72-9c6e-e846b22cd97e/datanode-4/data/ratis/e141cd78-f3a3-4194-bf4d-5b4a7ebb6977 does not exist. Creating ...
2019-09-24 19:13:39,645 [pool-159-thread-1] INFO  storage.RaftStorageDirectory (RaftStorageDirectory.java:tryLock(328)) - Lock on /workdir/hadoop-ozone/integration-test/target/test-dir/MiniOzoneClusterImpl-927e61bf-33d4-4c72-9c6e-e846b22cd97e/datanode-4/data/ratis/e141cd78-f3a3-4194-bf4d-5b4a7ebb6977/in_use.lock acquired by nodename 20442@pr-hdds-2149-fgl4f-1742389470
2019-09-24 19:13:42,560 [RATISCREATEPIPELINE1] ERROR pipeline.RatisPipelineProvider (RatisPipelineProvider.java:lambda$null$5(235)) - Failed invoke Ratis rpc org.apache.hadoop.hdds.scm.pipeline.RatisPipelineProvider$$Lambda$210/123891738@125c4bad for 2aad5506-4352-4587-a9d6-f1a315122139
org.apache.ratis.protocol.TimeoutIOException: deadline exceeded after 2999708178ns
	at org.apache.ratis.grpc.GrpcUtil.tryUnwrapException(GrpcUtil.java:82)
	at org.apache.ratis.grpc.GrpcUtil.unwrapException(GrpcUtil.java:75)
	at org.apache.ratis.grpc.client.GrpcClientProtocolClient.blockingCall(GrpcClientProtocolClient.java:178)
	at org.apache.ratis.grpc.client.GrpcClientProtocolClient.groupAdd(GrpcClientProtocolClient.java:147)
	at org.apache.ratis.grpc.client.GrpcClientRpc.sendRequest(GrpcClientRpc.java:94)
	at org.apache.ratis.client.impl.RaftClientImpl.sendRequest(RaftClientImpl.java:278)
	at org.apache.ratis.client.impl.RaftClientImpl.groupAdd(RaftClientImpl.java:205)
	at org.apache.hadoop.hdds.scm.pipeline.RatisPipelineProvider.lambda$initializePipeline$4(RatisPipelineProvider.java:196)
	at org.apache.hadoop.hdds.scm.pipeline.RatisPipelineProvider.lambda$null$5(RatisPipelineProvider.java:231)
	at java.util.stream.ForEachOps$ForEachOp$OfRef.accept(ForEachOps.java:184)
	at java.util.ArrayList$ArrayListSpliterator.forEachRemaining(ArrayList.java:1382)
	at java.util.stream.AbstractPipeline.copyInto(AbstractPipeline.java:482)
	at java.util.stream.ForEachOps$ForEachTask.compute(ForEachOps.java:291)
	at java.util.concurrent.CountedCompleter.exec(CountedCompleter.java:731)
	at java.util.concurrent.ForkJoinTask.doExec(ForkJoinTask.java:289)
	at java.util.concurrent.ForkJoinTask.doInvoke(ForkJoinTask.java:401)
	at java.util.concurrent.ForkJoinTask.invoke(ForkJoinTask.java:734)
	at java.util.stream.ForEachOps$ForEachOp.evaluateParallel(ForEachOps.java:160)
	at java.util.stream.ForEachOps$ForEachOp$OfRef.evaluateParallel(ForEachOps.java:174)
	at java.util.stream.AbstractPipeline.evaluate(AbstractPipeline.java:233)
	at java.util.stream.ReferencePipeline.forEach(ReferencePipeline.java:418)
	at java.util.stream.ReferencePipeline$Head.forEach(ReferencePipeline.java:583)
	at org.apache.hadoop.hdds.scm.pipeline.RatisPipelineProvider.lambda$callRatisRpc$6(RatisPipelineProvider.java:225)
	at java.util.concurrent.ForkJoinTask$AdaptedRunnableAction.exec(ForkJoinTask.java:1386)
	at java.util.concurrent.ForkJoinTask.doExec(ForkJoinTask.java:289)
	at java.util.concurrent.ForkJoinPool$WorkQueue.runTask(ForkJoinPool.java:1056)
	at java.util.concurrent.ForkJoinPool.runWorker(ForkJoinPool.java:1692)
	at java.util.concurrent.ForkJoinWorkerThread.run(ForkJoinWorkerThread.java:157)
Caused by: org.apache.ratis.thirdparty.io.grpc.StatusRuntimeException: DEADLINE_EXCEEDED: deadline exceeded after 2999708178ns
	at org.apache.ratis.thirdparty.io.grpc.stub.ClientCalls.toStatusRuntimeException(ClientCalls.java:233)
	at org.apache.ratis.thirdparty.io.grpc.stub.ClientCalls.getUnchecked(ClientCalls.java:214)
	at org.apache.ratis.thirdparty.io.grpc.stub.ClientCalls.blockingUnaryCall(ClientCalls.java:139)
	at org.apache.ratis.proto.grpc.AdminProtocolServiceGrpc$AdminProtocolServiceBlockingStub.groupManagement(AdminProtocolServiceGrpc.java:274)
	at org.apache.ratis.grpc.client.GrpcClientProtocolClient.lambda$groupAdd$3(GrpcClientProtocolClient.java:149)
	at org.apache.ratis.grpc.client.GrpcClientProtocolClient.blockingCall(GrpcClientProtocolClient.java:176)
	... 25 more
2019-09-24 19:13:42,578 [grpc-default-executor-6] INFO  impl.RaftServerProxy (RaftServerProxy.java:addNew(89)) - d65623be-04e3-433c-9af8-6934d2279f6c: addNew group-E5528CAA5F29:[d65623be-04e3-433c-9af8-6934d2279f6c:192.168.5.148:36478, 2aad5506-4352-4587-a9d6-f1a315122139:192.168.5.148:34412, 4d8f17a5-2079-45c1-8233-e8f9fa301948:192.168.5.148:37579] returns group-E5528CAA5F29:java.util.concurrent.CompletableFuture@d8ae453[Not completed]
2019-09-24 19:13:42,578 [grpc-default-executor-7] INFO  impl.RaftServerProxy (RaftServerProxy.java:addNew(89)) - 2aad5506-4352-4587-a9d6-f1a315122139: addNew group-E5528CAA5F29:[d65623be-04e3-433c-9af8-6934d2279f6c:192.168.5.148:36478, 2aad5506-4352-4587-a9d6-f1a315122139:192.168.5.148:34412, 4d8f17a5-2079-45c1-8233-e8f9fa301948:192.168.5.148:37579] returns group-E5528CAA5F29:java.util.concurrent.CompletableFuture@2dd56a37[Not completed]
2019-09-24 19:13:42,578 [grpc-default-executor-5] INFO  impl.RaftServerProxy (RaftServerProxy.java:addNew(89)) - 4d8f17a5-2079-45c1-8233-e8f9fa301948: addNew group-E5528CAA5F29:[d65623be-04e3-433c-9af8-6934d2279f6c:192.168.5.148:36478, 2aad5506-4352-4587-a9d6-f1a315122139:192.168.5.148:34412, 4d8f17a5-2079-45c1-8233-e8f9fa301948:192.168.5.148:37579] returns group-E5528CAA5F29:java.util.concurrent.CompletableFuture@3c4155e9[Not completed]
2019-09-24 19:13:42,580 [pool-139-thread-1] INFO  impl.RaftServerImpl (RaftServerImpl.java:<init>(95)) - 4d8f17a5-2079-45c1-8233-e8f9fa301948: new RaftServerImpl for group-E5528CAA5F29:[d65623be-04e3-433c-9af8-6934d2279f6c:192.168.5.148:36478, 2aad5506-4352-4587-a9d6-f1a315122139:192.168.5.148:34412, 4d8f17a5-2079-45c1-8233-e8f9fa301948:192.168.5.148:37579] with ContainerStateMachine:uninitialized
2019-09-24 19:13:42,580 [pool-139-thread-1] INFO  server.RaftServerConfigKeys (ConfUtils.java:logGet(43)) - raft.server.rpc.timeout.min = 5s (custom)
2019-09-24 19:13:42,580 [pool-139-thread-1] INFO  server.RaftServerConfigKeys (ConfUtils.java:logGet(43)) - raft.server.rpc.timeout.max = 5200ms (custom)
2019-09-24 19:13:42,580 [pool-139-thread-1] INFO  server.RaftServerConfigKeys (ConfUtils.java:logGet(43)) - raft.server.rpcslowness.timeout = 120s (custom)
2019-09-24 19:13:42,581 [pool-139-thread-1] INFO  server.RaftServerConfigKeys (ConfUtils.java:logGet(43)) - raft.server.sleep.deviation.threshold = 300 (default)
2019-09-24 19:13:42,581 [pool-179-thread-1] INFO  impl.RaftServerImpl (RaftServerImpl.java:<init>(95)) - d65623be-04e3-433c-9af8-6934d2279f6c: new RaftServerImpl for group-E5528CAA5F29:[d65623be-04e3-433c-9af8-6934d2279f6c:192.168.5.148:36478, 2aad5506-4352-4587-a9d6-f1a315122139:192.168.5.148:34412, 4d8f17a5-2079-45c1-8233-e8f9fa301948:192.168.5.148:37579] with ContainerStateMachine:uninitialized
2019-09-24 19:13:42,581 [pool-139-thread-1] INFO  server.RaftServerConfigKeys (ConfUtils.java:logGet(43)) - raft.server.log.appender.install.snapshot.enabled = false (custom)
2019-09-24 19:13:42,581 [pool-179-thread-1] INFO  server.RaftServerConfigKeys (ConfUtils.java:logGet(43)) - raft.server.rpc.timeout.min = 5s (custom)
2019-09-24 19:13:42,581 [pool-139-thread-1] INFO  impl.RaftServerImpl (ServerState.java:<init>(103)) - 4d8f17a5-2079-45c1-8233-e8f9fa301948@group-E5528CAA5F29: ConfigurationManager, init=-1: [d65623be-04e3-433c-9af8-6934d2279f6c:192.168.5.148:36478, 2aad5506-4352-4587-a9d6-f1a315122139:192.168.5.148:34412, 4d8f17a5-2079-45c1-8233-e8f9fa301948:192.168.5.148:37579], old=null, confs=<EMPTY_MAP>
2019-09-24 19:13:42,581 [pool-179-thread-1] INFO  server.RaftServerConfigKeys (ConfUtils.java:logGet(43)) - raft.server.rpc.timeout.max = 5200ms (custom)
2019-09-24 19:13:42,581 [pool-139-thread-1] INFO  server.RaftServerConfigKeys (ConfUtils.java:logGet(43)) - raft.server.storage.dir = [/workdir/hadoop-ozone/integration-test/target/test-dir/MiniOzoneClusterImpl-927e61bf-33d4-4c72-9c6e-e846b22cd97e/datanode-2/data/ratis] (custom)
2019-09-24 19:13:42,582 [pool-179-thread-1] INFO  server.RaftServerConfigKeys (ConfUtils.java:logGet(43)) - raft.server.rpcslowness.timeout = 120s (custom)
2019-09-24 19:13:42,582 [pool-179-thread-1] INFO  server.RaftServerConfigKeys (ConfUtils.java:logGet(43)) - raft.server.sleep.deviation.threshold = 300 (default)
2019-09-24 19:13:42,582 [pool-139-thread-1] INFO  storage.RaftStorageDirectory (RaftStorageDirectory.java:analyzeStorage(246)) - The storage directory /workdir/hadoop-ozone/integration-test/target/test-dir/MiniOzoneClusterImpl-927e61bf-33d4-4c72-9c6e-e846b22cd97e/datanode-2/data/ratis/376c2805-d066-45d6-b61e-e5528caa5f29 does not exist. Creating ...
2019-09-24 19:13:42,582 [pool-179-thread-1] INFO  server.RaftServerConfigKeys (ConfUtils.java:logGet(43)) - raft.server.log.appender.install.snapshot.enabled = false (custom)
2019-09-24 19:13:42,582 [pool-179-thread-1] INFO  impl.RaftServerImpl (ServerState.java:<init>(103)) - d65623be-04e3-433c-9af8-6934d2279f6c@group-E5528CAA5F29: ConfigurationManager, init=-1: [d65623be-04e3-433c-9af8-6934d2279f6c:192.168.5.148:36478, 2aad5506-4352-4587-a9d6-f1a315122139:192.168.5.148:34412, 4d8f17a5-2079-45c1-8233-e8f9fa301948:192.168.5.148:37579], old=null, confs=<EMPTY_MAP>
2019-09-24 19:13:42,583 [pool-179-thread-1] INFO  server.RaftServerConfigKeys (ConfUtils.java:logGet(43)) - raft.server.storage.dir = [/workdir/hadoop-ozone/integration-test/target/test-dir/MiniOzoneClusterImpl-927e61bf-33d4-4c72-9c6e-e846b22cd97e/datanode-6/data/ratis] (custom)
2019-09-24 19:13:42,583 [pool-179-thread-1] INFO  storage.RaftStorageDirectory (RaftStorageDirectory.java:analyzeStorage(246)) - The storage directory /workdir/hadoop-ozone/integration-test/target/test-dir/MiniOzoneClusterImpl-927e61bf-33d4-4c72-9c6e-e846b22cd97e/datanode-6/data/ratis/376c2805-d066-45d6-b61e-e5528caa5f29 does not exist. Creating ...
2019-09-24 19:13:44,308 [Thread-752] INFO  impl.FollowerState (FollowerState.java:run(106)) - 2aad5506-4352-4587-a9d6-f1a315122139:group-B0DE2BEA193A changes to CANDIDATE, lastRpcTime:5130, electionTimeout:5130ms
2019-09-24 19:13:44,308 [Thread-752] INFO  impl.RoleInfo (RoleInfo.java:shutdownFollowerState(121)) - 2aad5506-4352-4587-a9d6-f1a315122139: shutdown FollowerState
2019-09-24 19:13:44,309 [Thread-752] INFO  impl.RaftServerImpl (RaftServerImpl.java:setRole(174)) - 2aad5506-4352-4587-a9d6-f1a315122139@group-B0DE2BEA193A: changes role from  FOLLOWER to CANDIDATE at term 0 for changeToCandidate
2019-09-24 19:13:44,309 [Thread-752] INFO  impl.RoleInfo (RoleInfo.java:updateAndGet(143)) - 2aad5506-4352-4587-a9d6-f1a315122139: start LeaderElection
2019-09-24 19:13:44,320 [Thread-754] INFO  impl.FollowerState (FollowerState.java:run(106)) - d65623be-04e3-433c-9af8-6934d2279f6c:group-B0DE2BEA193A changes to CANDIDATE, lastRpcTime:5138, electionTimeout:5138ms
2019-09-24 19:13:44,320 [Thread-754] INFO  impl.RoleInfo (RoleInfo.java:shutdownFollowerState(121)) - d65623be-04e3-433c-9af8-6934d2279f6c: shutdown FollowerState
2019-09-24 19:13:44,321 [Thread-754] INFO  impl.RaftServerImpl (RaftServerImpl.java:setRole(174)) - d65623be-04e3-433c-9af8-6934d2279f6c@group-B0DE2BEA193A: changes role from  FOLLOWER to CANDIDATE at term 0 for changeToCandidate
2019-09-24 19:13:44,321 [Thread-754] INFO  impl.RoleInfo (RoleInfo.java:updateAndGet(143)) - d65623be-04e3-433c-9af8-6934d2279f6c: start LeaderElection
2019-09-24 19:13:44,387 [Thread-758] INFO  impl.FollowerState (FollowerState.java:run(106)) - 4d8f17a5-2079-45c1-8233-e8f9fa301948:group-6C18652232F0 changes to CANDIDATE, lastRpcTime:5074, electionTimeout:5074ms
2019-09-24 19:13:44,387 [Thread-758] INFO  impl.RoleInfo (RoleInfo.java:shutdownFollowerState(121)) - 4d8f17a5-2079-45c1-8233-e8f9fa301948: shutdown FollowerState
2019-09-24 19:13:44,387 [Thread-758] INFO  impl.RaftServerImpl (RaftServerImpl.java:setRole(174)) - 4d8f17a5-2079-45c1-8233-e8f9fa301948@group-6C18652232F0: changes role from  FOLLOWER to CANDIDATE at term 0 for changeToCandidate
2019-09-24 19:13:44,388 [Thread-758] INFO  impl.RoleInfo (RoleInfo.java:updateAndGet(143)) - 4d8f17a5-2079-45c1-8233-e8f9fa301948: start LeaderElection
2019-09-24 19:13:44,419 [Thread-760] INFO  impl.FollowerState (FollowerState.java:run(106)) - 4d8f17a5-2079-45c1-8233-e8f9fa301948:group-B0DE2BEA193A changes to CANDIDATE, lastRpcTime:5088, electionTimeout:5088ms
2019-09-24 19:13:44,419 [Thread-760] INFO  impl.RoleInfo (RoleInfo.java:shutdownFollowerState(121)) - 4d8f17a5-2079-45c1-8233-e8f9fa301948: shutdown FollowerState
2019-09-24 19:13:44,420 [Thread-760] INFO  impl.RaftServerImpl (RaftServerImpl.java:setRole(174)) - 4d8f17a5-2079-45c1-8233-e8f9fa301948@group-B0DE2BEA193A: changes role from  FOLLOWER to CANDIDATE at term 0 for changeToCandidate
2019-09-24 19:13:44,420 [Thread-760] INFO  impl.RoleInfo (RoleInfo.java:updateAndGet(143)) - 4d8f17a5-2079-45c1-8233-e8f9fa301948: start LeaderElection
2019-09-24 19:13:44,588 [Thread-762] INFO  impl.FollowerState (FollowerState.java:run(106)) - 4d8f17a5-2079-45c1-8233-e8f9fa301948:group-ADF62AE81DD4 changes to CANDIDATE, lastRpcTime:5107, electionTimeout:5052ms
2019-09-24 19:13:44,588 [Thread-762] INFO  impl.RoleInfo (RoleInfo.java:shutdownFollowerState(121)) - 4d8f17a5-2079-45c1-8233-e8f9fa301948: shutdown FollowerState
2019-09-24 19:13:44,588 [Thread-762] INFO  impl.RaftServerImpl (RaftServerImpl.java:setRole(174)) - 4d8f17a5-2079-45c1-8233-e8f9fa301948@group-ADF62AE81DD4: changes role from  FOLLOWER to CANDIDATE at term 0 for changeToCandidate
2019-09-24 19:13:44,589 [Thread-762] INFO  impl.RoleInfo (RoleInfo.java:updateAndGet(143)) - 4d8f17a5-2079-45c1-8233-e8f9fa301948: start LeaderElection
2019-09-24 19:13:45,572 [RATISCREATEPIPELINE1] ERROR pipeline.RatisPipelineProvider (RatisPipelineProvider.java:lambda$null$5(235)) - Failed invoke Ratis rpc org.apache.hadoop.hdds.scm.pipeline.RatisPipelineProvider$$Lambda$210/123891738@142bb4f1 for 2aad5506-4352-4587-a9d6-f1a315122139
org.apache.ratis.protocol.TimeoutIOException: deadline exceeded after 2999719393ns
	at org.apache.ratis.grpc.GrpcUtil.tryUnwrapException(GrpcUtil.java:82)
	at org.apache.ratis.grpc.GrpcUtil.unwrapException(GrpcUtil.java:75)
	at org.apache.ratis.grpc.client.GrpcClientProtocolClient.blockingCall(GrpcClientProtocolClient.java:178)
	at org.apache.ratis.grpc.client.GrpcClientProtocolClient.groupAdd(GrpcClientProtocolClient.java:147)
	at org.apache.ratis.grpc.client.GrpcClientRpc.sendRequest(GrpcClientRpc.java:94)
	at org.apache.ratis.client.impl.RaftClientImpl.sendRequest(RaftClientImpl.java:278)
	at org.apache.ratis.client.impl.RaftClientImpl.groupAdd(RaftClientImpl.java:205)
	at org.apache.hadoop.hdds.scm.pipeline.RatisPipelineProvider.lambda$initializePipeline$4(RatisPipelineProvider.java:196)
	at org.apache.hadoop.hdds.scm.pipeline.RatisPipelineProvider.lambda$null$5(RatisPipelineProvider.java:231)
	at java.util.stream.ForEachOps$ForEachOp$OfRef.accept(ForEachOps.java:184)
	at java.util.ArrayList$ArrayListSpliterator.forEachRemaining(ArrayList.java:1382)
	at java.util.stream.AbstractPipeline.copyInto(AbstractPipeline.java:482)
	at java.util.stream.ForEachOps$ForEachTask.compute(ForEachOps.java:291)
	at java.util.concurrent.CountedCompleter.exec(CountedCompleter.java:731)
	at java.util.concurrent.ForkJoinTask.doExec(ForkJoinTask.java:289)
	at java.util.concurrent.ForkJoinTask.doInvoke(ForkJoinTask.java:401)
	at java.util.concurrent.ForkJoinTask.invoke(ForkJoinTask.java:734)
	at java.util.stream.ForEachOps$ForEachOp.evaluateParallel(ForEachOps.java:160)
	at java.util.stream.ForEachOps$ForEachOp$OfRef.evaluateParallel(ForEachOps.java:174)
	at java.util.stream.AbstractPipeline.evaluate(AbstractPipeline.java:233)
	at java.util.stream.ReferencePipeline.forEach(ReferencePipeline.java:418)
	at java.util.stream.ReferencePipeline$Head.forEach(ReferencePipeline.java:583)
	at org.apache.hadoop.hdds.scm.pipeline.RatisPipelineProvider.lambda$callRatisRpc$6(RatisPipelineProvider.java:225)
	at java.util.concurrent.ForkJoinTask$AdaptedRunnableAction.exec(ForkJoinTask.java:1386)
	at java.util.concurrent.ForkJoinTask.doExec(ForkJoinTask.java:289)
	at java.util.concurrent.ForkJoinPool$WorkQueue.runTask(ForkJoinPool.java:1056)
	at java.util.concurrent.ForkJoinPool.runWorker(ForkJoinPool.java:1692)
	at java.util.concurrent.ForkJoinWorkerThread.run(ForkJoinWorkerThread.java:157)
Caused by: org.apache.ratis.thirdparty.io.grpc.StatusRuntimeException: DEADLINE_EXCEEDED: deadline exceeded after 2999719393ns
	at org.apache.ratis.thirdparty.io.grpc.stub.ClientCalls.toStatusRuntimeException(ClientCalls.java:233)
	at org.apache.ratis.thirdparty.io.grpc.stub.ClientCalls.getUnchecked(ClientCalls.java:214)
	at org.apache.ratis.thirdparty.io.grpc.stub.ClientCalls.blockingUnaryCall(ClientCalls.java:139)
	at org.apache.ratis.proto.grpc.AdminProtocolServiceGrpc$AdminProtocolServiceBlockingStub.groupManagement(AdminProtocolServiceGrpc.java:274)
	at org.apache.ratis.grpc.client.GrpcClientProtocolClient.lambda$groupAdd$3(GrpcClientProtocolClient.java:149)
	at org.apache.ratis.grpc.client.GrpcClientProtocolClient.blockingCall(GrpcClientProtocolClient.java:176)
	... 25 more
2019-09-24 19:13:45,573 [RATISCREATEPIPELINE2] ERROR pipeline.RatisPipelineProvider (RatisPipelineProvider.java:lambda$null$5(235)) - Failed invoke Ratis rpc org.apache.hadoop.hdds.scm.pipeline.RatisPipelineProvider$$Lambda$210/123891738@142bb4f1 for 4d8f17a5-2079-45c1-8233-e8f9fa301948
org.apache.ratis.protocol.TimeoutIOException: deadline exceeded after 2999663898ns
	at org.apache.ratis.grpc.GrpcUtil.tryUnwrapException(GrpcUtil.java:82)
	at org.apache.ratis.grpc.GrpcUtil.unwrapException(GrpcUtil.java:75)
	at org.apache.ratis.grpc.client.GrpcClientProtocolClient.blockingCall(GrpcClientProtocolClient.java:178)
	at org.apache.ratis.grpc.client.GrpcClientProtocolClient.groupAdd(GrpcClientProtocolClient.java:147)
	at org.apache.ratis.grpc.client.GrpcClientRpc.sendRequest(GrpcClientRpc.java:94)
	at org.apache.ratis.client.impl.RaftClientImpl.sendRequest(RaftClientImpl.java:278)
	at org.apache.ratis.client.impl.RaftClientImpl.groupAdd(RaftClientImpl.java:205)
	at org.apache.hadoop.hdds.scm.pipeline.RatisPipelineProvider.lambda$initializePipeline$4(RatisPipelineProvider.java:196)
	at org.apache.hadoop.hdds.scm.pipeline.RatisPipelineProvider.lambda$null$5(RatisPipelineProvider.java:231)
	at java.util.stream.ForEachOps$ForEachOp$OfRef.accept(ForEachOps.java:184)
	at java.util.ArrayList$ArrayListSpliterator.forEachRemaining(ArrayList.java:1382)
	at java.util.stream.AbstractPipeline.copyInto(AbstractPipeline.java:482)
	at java.util.stream.ForEachOps$ForEachTask.compute(ForEachOps.java:291)
	at java.util.concurrent.CountedCompleter.exec(CountedCompleter.java:731)
	at java.util.concurrent.ForkJoinTask.doExec(ForkJoinTask.java:289)
	at java.util.concurrent.ForkJoinPool$WorkQueue.runTask(ForkJoinPool.java:1056)
	at java.util.concurrent.ForkJoinPool.runWorker(ForkJoinPool.java:1692)
	at java.util.concurrent.ForkJoinWorkerThread.run(ForkJoinWorkerThread.java:157)
Caused by: org.apache.ratis.thirdparty.io.grpc.StatusRuntimeException: DEADLINE_EXCEEDED: deadline exceeded after 2999663898ns
	at org.apache.ratis.thirdparty.io.grpc.stub.ClientCalls.toStatusRuntimeException(ClientCalls.java:233)
	at org.apache.ratis.thirdparty.io.grpc.stub.ClientCalls.getUnchecked(ClientCalls.java:214)
	at org.apache.ratis.thirdparty.io.grpc.stub.ClientCalls.blockingUnaryCall(ClientCalls.java:139)
	at org.apache.ratis.proto.grpc.AdminProtocolServiceGrpc$AdminProtocolServiceBlockingStub.groupManagement(AdminProtocolServiceGrpc.java:274)
	at org.apache.ratis.grpc.client.GrpcClientProtocolClient.lambda$groupAdd$3(GrpcClientProtocolClient.java:149)
	at org.apache.ratis.grpc.client.GrpcClientProtocolClient.blockingCall(GrpcClientProtocolClient.java:176)
	... 15 more
2019-09-24 19:13:45,572 [RATISCREATEPIPELINE3] ERROR pipeline.RatisPipelineProvider (RatisPipelineProvider.java:lambda$null$5(235)) - Failed invoke Ratis rpc org.apache.hadoop.hdds.scm.pipeline.RatisPipelineProvider$$Lambda$210/123891738@142bb4f1 for d65623be-04e3-433c-9af8-6934d2279f6c
org.apache.ratis.protocol.TimeoutIOException: deadline exceeded after 2999662801ns
	at org.apache.ratis.grpc.GrpcUtil.tryUnwrapException(GrpcUtil.java:82)
	at org.apache.ratis.grpc.GrpcUtil.unwrapException(GrpcUtil.java:75)
	at org.apache.ratis.grpc.client.GrpcClientProtocolClient.blockingCall(GrpcClientProtocolClient.java:178)
	at org.apache.ratis.grpc.client.GrpcClientProtocolClient.groupAdd(GrpcClientProtocolClient.java:147)
	at org.apache.ratis.grpc.client.GrpcClientRpc.sendRequest(GrpcClientRpc.java:94)
	at org.apache.ratis.client.impl.RaftClientImpl.sendRequest(RaftClientImpl.java:278)
	at org.apache.ratis.client.impl.RaftClientImpl.groupAdd(RaftClientImpl.java:205)
	at org.apache.hadoop.hdds.scm.pipeline.RatisPipelineProvider.lambda$initializePipeline$4(RatisPipelineProvider.java:196)
	at org.apache.hadoop.hdds.scm.pipeline.RatisPipelineProvider.lambda$null$5(RatisPipelineProvider.java:231)
	at java.util.stream.ForEachOps$ForEachOp$OfRef.accept(ForEachOps.java:184)
	at java.util.ArrayList$ArrayListSpliterator.forEachRemaining(ArrayList.java:1382)
	at java.util.stream.AbstractPipeline.copyInto(AbstractPipeline.java:482)
	at java.util.stream.ForEachOps$ForEachTask.compute(ForEachOps.java:291)
	at java.util.concurrent.CountedCompleter.exec(CountedCompleter.java:731)
	at java.util.concurrent.ForkJoinTask.doExec(ForkJoinTask.java:289)
	at java.util.concurrent.ForkJoinPool$WorkQueue.runTask(ForkJoinPool.java:1056)
	at java.util.concurrent.ForkJoinPool.runWorker(ForkJoinPool.java:1692)
	at java.util.concurrent.ForkJoinWorkerThread.run(ForkJoinWorkerThread.java:157)
Caused by: org.apache.ratis.thirdparty.io.grpc.StatusRuntimeException: DEADLINE_EXCEEDED: deadline exceeded after 2999662801ns
	at org.apache.ratis.thirdparty.io.grpc.stub.ClientCalls.toStatusRuntimeException(ClientCalls.java:233)
	at org.apache.ratis.thirdparty.io.grpc.stub.ClientCalls.getUnchecked(ClientCalls.java:214)
	at org.apache.ratis.thirdparty.io.grpc.stub.ClientCalls.blockingUnaryCall(ClientCalls.java:139)
	at org.apache.ratis.proto.grpc.AdminProtocolServiceGrpc$AdminProtocolServiceBlockingStub.groupManagement(AdminProtocolServiceGrpc.java:274)
	at org.apache.ratis.grpc.client.GrpcClientProtocolClient.lambda$groupAdd$3(GrpcClientProtocolClient.java:149)
	at org.apache.ratis.grpc.client.GrpcClientProtocolClient.blockingCall(GrpcClientProtocolClient.java:176)
	... 15 more
2019-09-24 19:13:45,593 [grpc-default-executor-6] INFO  impl.RaftServerProxy (RaftServerProxy.java:addNew(89)) - 4d8f17a5-2079-45c1-8233-e8f9fa301948: addNew group-E41EBB7F3038:[d65623be-04e3-433c-9af8-6934d2279f6c:192.168.5.148:36478, 2aad5506-4352-4587-a9d6-f1a315122139:192.168.5.148:34412, 4d8f17a5-2079-45c1-8233-e8f9fa301948:192.168.5.148:37579] returns group-E41EBB7F3038:java.util.concurrent.CompletableFuture@752e7bf0[Not completed]
2019-09-24 19:13:45,593 [grpc-default-executor-5] INFO  impl.RaftServerProxy (RaftServerProxy.java:addNew(89)) - d65623be-04e3-433c-9af8-6934d2279f6c: addNew group-E41EBB7F3038:[d65623be-04e3-433c-9af8-6934d2279f6c:192.168.5.148:36478, 2aad5506-4352-4587-a9d6-f1a315122139:192.168.5.148:34412, 4d8f17a5-2079-45c1-8233-e8f9fa301948:192.168.5.148:37579] returns group-E41EBB7F3038:java.util.concurrent.CompletableFuture@1a1ed748[Not completed]
2019-09-24 19:13:45,593 [grpc-default-executor-8] INFO  impl.RaftServerProxy (RaftServerProxy.java:addNew(89)) - 2aad5506-4352-4587-a9d6-f1a315122139: addNew group-E41EBB7F3038:[d65623be-04e3-433c-9af8-6934d2279f6c:192.168.5.148:36478, 2aad5506-4352-4587-a9d6-f1a315122139:192.168.5.148:34412, 4d8f17a5-2079-45c1-8233-e8f9fa301948:192.168.5.148:37579] returns group-E41EBB7F3038:java.util.concurrent.CompletableFuture@17d8e1c5[Not completed]
2019-09-24 19:13:47,769 [pool-139-thread-1] INFO  storage.RaftStorageDirectory (RaftStorageDirectory.java:tryLock(328)) - Lock on /workdir/hadoop-ozone/integration-test/target/test-dir/MiniOzoneClusterImpl-927e61bf-33d4-4c72-9c6e-e846b22cd97e/datanode-2/data/ratis/376c2805-d066-45d6-b61e-e5528caa5f29/in_use.lock acquired by nodename 20442@pr-hdds-2149-fgl4f-1742389470
2019-09-24 19:13:47,769 [pool-179-thread-1] INFO  storage.RaftStorageDirectory (RaftStorageDirectory.java:tryLock(328)) - Lock on /workdir/hadoop-ozone/integration-test/target/test-dir/MiniOzoneClusterImpl-927e61bf-33d4-4c72-9c6e-e846b22cd97e/datanode-6/data/ratis/376c2805-d066-45d6-b61e-e5528caa5f29/in_use.lock acquired by nodename 20442@pr-hdds-2149-fgl4f-1742389470
2019-09-24 19:13:47,771 [pool-159-thread-1] INFO  storage.RaftStorage (RaftStorage.java:format(72)) - Storage directory /workdir/hadoop-ozone/integration-test/target/test-dir/MiniOzoneClusterImpl-927e61bf-33d4-4c72-9c6e-e846b22cd97e/datanode-4/data/ratis/e141cd78-f3a3-4194-bf4d-5b4a7ebb6977 has been successfully formatted.
2019-09-24 19:13:47,771 [d65623be-04e3-433c-9af8-6934d2279f6c@group-B0DE2BEA193A:LeaderElection32] INFO  impl.LeaderElection (LeaderElection.java:askForVotes(182)) - d65623be-04e3-433c-9af8-6934d2279f6c@group-B0DE2BEA193A:LeaderElection32: begin an election at term 1 for -1: [d65623be-04e3-433c-9af8-6934d2279f6c:192.168.5.148:36478, 2aad5506-4352-4587-a9d6-f1a315122139:192.168.5.148:34412, 4d8f17a5-2079-45c1-8233-e8f9fa301948:192.168.5.148:37579], old=null
2019-09-24 19:13:47,771 [4d8f17a5-2079-45c1-8233-e8f9fa301948@group-6C18652232F0:LeaderElection33] INFO  impl.LeaderElection (LeaderElection.java:askForVotes(182)) - 4d8f17a5-2079-45c1-8233-e8f9fa301948@group-6C18652232F0:LeaderElection33: begin an election at term 1 for -1: [4d8f17a5-2079-45c1-8233-e8f9fa301948:192.168.5.148:37579], old=null
2019-09-24 19:13:47,771 [2aad5506-4352-4587-a9d6-f1a315122139@group-B0DE2BEA193A:LeaderElection31] INFO  impl.LeaderElection (LeaderElection.java:askForVotes(182)) - 2aad5506-4352-4587-a9d6-f1a315122139@group-B0DE2BEA193A:LeaderElection31: begin an election at term 1 for -1: [d65623be-04e3-433c-9af8-6934d2279f6c:192.168.5.148:36478, 2aad5506-4352-4587-a9d6-f1a315122139:192.168.5.148:34412, 4d8f17a5-2079-45c1-8233-e8f9fa301948:192.168.5.148:37579], old=null
2019-09-24 19:13:47,771 [4d8f17a5-2079-45c1-8233-e8f9fa301948@group-B0DE2BEA193A:LeaderElection34] INFO  impl.LeaderElection (LeaderElection.java:askForVotes(182)) - 4d8f17a5-2079-45c1-8233-e8f9fa301948@group-B0DE2BEA193A:LeaderElection34: begin an election at term 1 for -1: [d65623be-04e3-433c-9af8-6934d2279f6c:192.168.5.148:36478, 2aad5506-4352-4587-a9d6-f1a315122139:192.168.5.148:34412, 4d8f17a5-2079-45c1-8233-e8f9fa301948:192.168.5.148:37579], old=null
2019-09-24 19:13:47,772 [4d8f17a5-2079-45c1-8233-e8f9fa301948@group-6C18652232F0:LeaderElection33] INFO  impl.RoleInfo (RoleInfo.java:shutdownLeaderElection(134)) - 4d8f17a5-2079-45c1-8233-e8f9fa301948: shutdown LeaderElection
2019-09-24 19:13:47,771 [pool-159-thread-1] INFO  ratis.ContainerStateMachine (ContainerStateMachine.java:loadSnapshot(230)) - group-5B4A7EBB6977: The snapshot info is null. Setting the last applied indexto:(t:0, i:~)
2019-09-24 19:13:47,772 [4d8f17a5-2079-45c1-8233-e8f9fa301948@group-6C18652232F0:LeaderElection33] INFO  impl.RaftServerImpl (RaftServerImpl.java:setRole(174)) - 4d8f17a5-2079-45c1-8233-e8f9fa301948@group-6C18652232F0: changes role from CANDIDATE to LEADER at term 1 for changeToLeader
2019-09-24 19:13:47,772 [pool-159-thread-1] INFO  server.RaftServerConfigKeys (ConfUtils.java:logGet(43)) - raft.server.notification.no-leader.timeout = 120s (custom)
2019-09-24 19:13:47,772 [4d8f17a5-2079-45c1-8233-e8f9fa301948@group-6C18652232F0:LeaderElection33] INFO  impl.RaftServerImpl (ServerState.java:setLeader(253)) - 4d8f17a5-2079-45c1-8233-e8f9fa301948@group-6C18652232F0: change Leader from null to 4d8f17a5-2079-45c1-8233-e8f9fa301948 at term 1 for becomeLeader, leader elected after 8616ms
2019-09-24 19:13:47,773 [pool-159-thread-1] INFO  server.RaftServerConfigKeys (ConfUtils.java:logGet(43)) - raft.server.log.use.memory = false (default)
2019-09-24 19:13:47,773 [4d8f17a5-2079-45c1-8233-e8f9fa301948@group-6C18652232F0:LeaderElection33] INFO  server.RaftServerConfigKeys (ConfUtils.java:logGet(43)) - raft.server.staging.catchup.gap = 1000 (default)
2019-09-24 19:13:47,773 [pool-159-thread-1] INFO  server.RaftServerConfigKeys (ConfUtils.java:logGet(43)) - raft.server.log.purge.gap = 1000000 (custom)
2019-09-24 19:13:47,774 [4d8f17a5-2079-45c1-8233-e8f9fa301948@group-6C18652232F0:LeaderElection33] INFO  server.RaftServerConfigKeys (ConfUtils.java:logGet(43)) - raft.server.rpc.sleep.time = 25ms (default)
2019-09-24 19:13:47,774 [pool-159-thread-1] INFO  server.RaftServerConfigKeys (ConfUtils.java:logGet(43)) - raft.server.log.appender.buffer.byte-limit = 33554432 (custom)
2019-09-24 19:13:47,774 [4d8f17a5-2079-45c1-8233-e8f9fa301948@group-6C18652232F0:LeaderElection33] INFO  server.RaftServerConfigKeys (ConfUtils.java:logGet(43)) - raft.server.write.element-limit = 4096 (default)
2019-09-24 19:13:47,775 [pool-159-thread-1] INFO  server.RaftServerConfigKeys (ConfUtils.java:logGet(43)) - raft.server.log.segment.size.max = 1048576 (custom)
2019-09-24 19:13:47,775 [4d8f17a5-2079-45c1-8233-e8f9fa301948@group-6C18652232F0:LeaderElection33] INFO  server.RaftServerConfigKeys (ConfUtils.java:logGet(43)) - raft.server.watch.timeout = 10s (default)
2019-09-24 19:13:47,775 [pool-159-thread-1] INFO  server.RaftServerConfigKeys (ConfUtils.java:logGet(43)) - raft.server.log.segment.cache.num.max = 2 (custom)
2019-09-24 19:13:47,775 [4d8f17a5-2079-45c1-8233-e8f9fa301948@group-6C18652232F0:LeaderElection33] INFO  server.RaftServerConfigKeys (ConfUtils.java:logGet(43)) - raft.server.watch.timeout.denomination = 1s (default)
2019-09-24 19:13:47,775 [pool-159-thread-1] INFO  segmented.SegmentedRaftLogWorker (SegmentedRaftLogWorker.java:<init>(172)) - new 2aad5506-4352-4587-a9d6-f1a315122139@group-5B4A7EBB6977-SegmentedRaftLogWorker for RaftStorage:Storage Directory /workdir/hadoop-ozone/integration-test/target/test-dir/MiniOzoneClusterImpl-927e61bf-33d4-4c72-9c6e-e846b22cd97e/datanode-4/data/ratis/e141cd78-f3a3-4194-bf4d-5b4a7ebb6977
2019-09-24 19:13:47,776 [4d8f17a5-2079-45c1-8233-e8f9fa301948@group-6C18652232F0:LeaderElection33] INFO  server.RaftServerConfigKeys (ConfUtils.java:logGet(43)) - raft.server.watch.element-limit = 65536 (default)
2019-09-24 19:13:47,776 [pool-159-thread-1] INFO  server.RaftServerConfigKeys (ConfUtils.java:logGet(43)) - raft.server.log.queue.byte-limit = 2147483647 (custom)
2019-09-24 19:13:47,776 [pool-159-thread-1] INFO  server.RaftServerConfigKeys (ConfUtils.java:logGet(43)) - raft.server.log.queue.element-limit = 1024 (custom)
2019-09-24 19:13:47,777 [pool-159-thread-1] INFO  server.RaftServerConfigKeys (ConfUtils.java:logGet(43)) - raft.server.log.segment.size.max = 1048576 (custom)
2019-09-24 19:13:47,777 [pool-159-thread-1] INFO  server.RaftServerConfigKeys (ConfUtils.java:logGet(43)) - raft.server.log.preallocated.size = 16384 (custom)
2019-09-24 19:13:47,777 [pool-159-thread-1] INFO  server.RaftServerConfigKeys (ConfUtils.java:logGet(43)) - raft.server.log.write.buffer.size = 33554432 (custom)
2019-09-24 19:13:47,777 [pool-159-thread-1] INFO  server.RaftServerConfigKeys (ConfUtils.java:logGet(43)) - raft.server.log.force.sync.num = 128 (default)
2019-09-24 19:13:47,777 [pool-159-thread-1] INFO  server.RaftServerConfigKeys (ConfUtils.java:logGet(43)) - raft.server.log.statemachine.data.sync = true (default)
2019-09-24 19:13:47,778 [pool-159-thread-1] INFO  server.RaftServerConfigKeys (ConfUtils.java:logGet(43)) - raft.server.log.statemachine.data.sync.timeout = 10s (default)
2019-09-24 19:13:47,778 [pool-159-thread-1] INFO  server.RaftServerConfigKeys (ConfUtils.java:logGet(43)) - raft.server.log.statemachine.data.sync.timeout.retry = -1 (default)
2019-09-24 19:13:47,778 [pool-159-thread-1] INFO  server.RaftServerConfigKeys (ConfUtils.java:logGet(43)) - raft.server.log.statemachine.data.caching.enabled = true (custom)
2019-09-24 19:13:47,779 [pool-159-thread-1] INFO  segmented.SegmentedRaftLogWorker (SegmentedRaftLogWorker.java:lambda$new$0(132)) - 2aad5506-4352-4587-a9d6-f1a315122139@group-5B4A7EBB6977-SegmentedRaftLogWorker: flushIndex: setUnconditionally 0 -> -1
2019-09-24 19:13:47,784 [4d8f17a5-2079-45c1-8233-e8f9fa301948@group-ADF62AE81DD4:LeaderElection35] INFO  impl.LeaderElection (LeaderElection.java:askForVotes(182)) - 4d8f17a5-2079-45c1-8233-e8f9fa301948@group-ADF62AE81DD4:LeaderElection35: begin an election at term 1 for -1: [4d8f17a5-2079-45c1-8233-e8f9fa301948:192.168.5.148:37579], old=null
2019-09-24 19:13:47,784 [4d8f17a5-2079-45c1-8233-e8f9fa301948@group-6C18652232F0:LeaderElection33] INFO  impl.RoleInfo (RoleInfo.java:updateAndGet(143)) - 4d8f17a5-2079-45c1-8233-e8f9fa301948: start LeaderState
2019-09-24 19:13:47,784 [pool-159-thread-1] INFO  server.RaftServerConfigKeys (ConfUtils.java:logGet(43)) - raft.server.snapshot.auto.trigger.enabled = true (custom)
2019-09-24 19:13:47,785 [4d8f17a5-2079-45c1-8233-e8f9fa301948@group-6C18652232F0:LeaderElection33] INFO  segmented.SegmentedRaftLogWorker (SegmentedRaftLogWorker.java:startLogSegment(380)) - 4d8f17a5-2079-45c1-8233-e8f9fa301948@group-6C18652232F0-SegmentedRaftLogWorker: Starting segment from index:0
2019-09-24 19:13:47,784 [4d8f17a5-2079-45c1-8233-e8f9fa301948@group-ADF62AE81DD4:LeaderElection35] INFO  impl.RoleInfo (RoleInfo.java:shutdownLeaderElection(134)) - 4d8f17a5-2079-45c1-8233-e8f9fa301948: shutdown LeaderElection
2019-09-24 19:13:47,785 [pool-159-thread-1] INFO  server.RaftServerConfigKeys (ConfUtils.java:logGet(43)) - raft.server.snapshot.auto.trigger.threshold = 10000 (custom)
2019-09-24 19:13:47,785 [4d8f17a5-2079-45c1-8233-e8f9fa301948@group-ADF62AE81DD4:LeaderElection35] INFO  impl.RaftServerImpl (RaftServerImpl.java:setRole(174)) - 4d8f17a5-2079-45c1-8233-e8f9fa301948@group-ADF62AE81DD4: changes role from CANDIDATE to LEADER at term 1 for changeToLeader
2019-09-24 19:13:47,785 [4d8f17a5-2079-45c1-8233-e8f9fa301948@group-6C18652232F0:LeaderElection33] INFO  impl.RaftServerImpl (ServerState.java:setRaftConf(354)) - 4d8f17a5-2079-45c1-8233-e8f9fa301948@group-6C18652232F0: set configuration 0: [4d8f17a5-2079-45c1-8233-e8f9fa301948:192.168.5.148:37579], old=null at 0
2019-09-24 19:13:47,785 [pool-159-thread-1] INFO  server.RaftServerConfigKeys (ConfUtils.java:logGet(43)) - raft.server.snapshot.retention.num.files = 5 (custom)
2019-09-24 19:13:47,785 [4d8f17a5-2079-45c1-8233-e8f9fa301948@group-ADF62AE81DD4:LeaderElection35] INFO  impl.RaftServerImpl (ServerState.java:setLeader(253)) - 4d8f17a5-2079-45c1-8233-e8f9fa301948@group-ADF62AE81DD4: change Leader from null to 4d8f17a5-2079-45c1-8233-e8f9fa301948 at term 1 for becomeLeader, leader elected after 8477ms
2019-09-24 19:13:47,825 [pool-159-thread-1] INFO  server.RaftServerConfigKeys (ConfUtils.java:logGet(43)) - raft.server.retrycache.expirytime = 600000ms (custom)
2019-09-24 19:13:47,825 [4d8f17a5-2079-45c1-8233-e8f9fa301948@group-ADF62AE81DD4:LeaderElection35] INFO  server.RaftServerConfigKeys (ConfUtils.java:logGet(43)) - raft.server.staging.catchup.gap = 1000 (default)
2019-09-24 19:13:47,826 [4d8f17a5-2079-45c1-8233-e8f9fa301948@group-ADF62AE81DD4:LeaderElection35] INFO  server.RaftServerConfigKeys (ConfUtils.java:logGet(43)) - raft.server.rpc.sleep.time = 25ms (default)
2019-09-24 19:13:47,826 [4d8f17a5-2079-45c1-8233-e8f9fa301948@group-ADF62AE81DD4:LeaderElection35] INFO  server.RaftServerConfigKeys (ConfUtils.java:logGet(43)) - raft.server.write.element-limit = 4096 (default)
2019-09-24 19:13:47,826 [4d8f17a5-2079-45c1-8233-e8f9fa301948@group-ADF62AE81DD4:LeaderElection35] INFO  server.RaftServerConfigKeys (ConfUtils.java:logGet(43)) - raft.server.watch.timeout = 10s (default)
2019-09-24 19:13:47,826 [4d8f17a5-2079-45c1-8233-e8f9fa301948@group-ADF62AE81DD4:LeaderElection35] INFO  server.RaftServerConfigKeys (ConfUtils.java:logGet(43)) - raft.server.watch.timeout.denomination = 1s (default)
2019-09-24 19:13:47,826 [4d8f17a5-2079-45c1-8233-e8f9fa301948@group-ADF62AE81DD4:LeaderElection35] INFO  server.RaftServerConfigKeys (ConfUtils.java:logGet(43)) - raft.server.watch.element-limit = 65536 (default)
2019-09-24 19:13:47,827 [d65623be-04e3-433c-9af8-6934d2279f6c@group-B0DE2BEA193A:LeaderElection32] INFO  impl.LeaderElection (LeaderElection.java:logAndReturn(56)) - d65623be-04e3-433c-9af8-6934d2279f6c@group-B0DE2BEA193A:LeaderElection32: Election REJECTED; received 2 response(s) [d65623be-04e3-433c-9af8-6934d2279f6c<-2aad5506-4352-4587-a9d6-f1a315122139#0:FAIL-t1, d65623be-04e3-433c-9af8-6934d2279f6c<-4d8f17a5-2079-45c1-8233-e8f9fa301948#0:FAIL-t1] and 0 exception(s); d65623be-04e3-433c-9af8-6934d2279f6c@group-B0DE2BEA193A:t1, leader=null, voted=d65623be-04e3-433c-9af8-6934d2279f6c, raftlog=d65623be-04e3-433c-9af8-6934d2279f6c@group-B0DE2BEA193A-SegmentedRaftLog:OPENED:c-1,f-1,i0, conf=-1: [d65623be-04e3-433c-9af8-6934d2279f6c:192.168.5.148:36478, 2aad5506-4352-4587-a9d6-f1a315122139:192.168.5.148:34412, 4d8f17a5-2079-45c1-8233-e8f9fa301948:192.168.5.148:37579], old=null
2019-09-24 19:13:47,828 [d65623be-04e3-433c-9af8-6934d2279f6c@group-B0DE2BEA193A:LeaderElection32] INFO  impl.RaftServerImpl (RaftServerImpl.java:setRole(174)) - d65623be-04e3-433c-9af8-6934d2279f6c@group-B0DE2BEA193A: changes role from CANDIDATE to FOLLOWER at term 1 for DISCOVERED_A_NEW_TERM
2019-09-24 19:13:47,828 [2aad5506-4352-4587-a9d6-f1a315122139@group-B0DE2BEA193A:LeaderElection31] INFO  impl.LeaderElection (LeaderElection.java:logAndReturn(56)) - 2aad5506-4352-4587-a9d6-f1a315122139@group-B0DE2BEA193A:LeaderElection31: Election REJECTED; received 2 response(s) [2aad5506-4352-4587-a9d6-f1a315122139<-d65623be-04e3-433c-9af8-6934d2279f6c#0:FAIL-t1, 2aad5506-4352-4587-a9d6-f1a315122139<-4d8f17a5-2079-45c1-8233-e8f9fa301948#0:FAIL-t1] and 0 exception(s); 2aad5506-4352-4587-a9d6-f1a315122139@group-B0DE2BEA193A:t1, leader=null, voted=2aad5506-4352-4587-a9d6-f1a315122139, raftlog=2aad5506-4352-4587-a9d6-f1a315122139@group-B0DE2BEA193A-SegmentedRaftLog:OPENED:c-1,f-1,i0, conf=-1: [d65623be-04e3-433c-9af8-6934d2279f6c:192.168.5.148:36478, 2aad5506-4352-4587-a9d6-f1a315122139:192.168.5.148:34412, 4d8f17a5-2079-45c1-8233-e8f9fa301948:192.168.5.148:37579], old=null
2019-09-24 19:13:47,830 [d65623be-04e3-433c-9af8-6934d2279f6c@group-B0DE2BEA193A:LeaderElection32] INFO  impl.RoleInfo (RoleInfo.java:shutdownLeaderElection(134)) - d65623be-04e3-433c-9af8-6934d2279f6c: shutdown LeaderElection
2019-09-24 19:13:47,830 [2aad5506-4352-4587-a9d6-f1a315122139@group-B0DE2BEA193A:LeaderElection31] INFO  impl.RaftServerImpl (RaftServerImpl.java:setRole(174)) - 2aad5506-4352-4587-a9d6-f1a315122139@group-B0DE2BEA193A: changes role from CANDIDATE to FOLLOWER at term 1 for DISCOVERED_A_NEW_TERM
2019-09-24 19:13:47,833 [4d8f17a5-2079-45c1-8233-e8f9fa301948@group-B0DE2BEA193A:LeaderElection34] INFO  impl.LeaderElection (LeaderElection.java:logAndReturn(56)) - 4d8f17a5-2079-45c1-8233-e8f9fa301948@group-B0DE2BEA193A:LeaderElection34: Election REJECTED; received 2 response(s) [4d8f17a5-2079-45c1-8233-e8f9fa301948<-d65623be-04e3-433c-9af8-6934d2279f6c#0:FAIL-t1, 4d8f17a5-2079-45c1-8233-e8f9fa301948<-2aad5506-4352-4587-a9d6-f1a315122139#0:FAIL-t1] and 0 exception(s); 4d8f17a5-2079-45c1-8233-e8f9fa301948@group-B0DE2BEA193A:t1, leader=null, voted=4d8f17a5-2079-45c1-8233-e8f9fa301948, raftlog=4d8f17a5-2079-45c1-8233-e8f9fa301948@group-B0DE2BEA193A-SegmentedRaftLog:OPENED:c-1,f-1,i0, conf=-1: [d65623be-04e3-433c-9af8-6934d2279f6c:192.168.5.148:36478, 2aad5506-4352-4587-a9d6-f1a315122139:192.168.5.148:34412, 4d8f17a5-2079-45c1-8233-e8f9fa301948:192.168.5.148:37579], old=null
2019-09-24 19:13:47,833 [d65623be-04e3-433c-9af8-6934d2279f6c@group-B0DE2BEA193A:LeaderElection32] INFO  impl.RoleInfo (RoleInfo.java:updateAndGet(143)) - d65623be-04e3-433c-9af8-6934d2279f6c: start FollowerState
2019-09-24 19:13:47,833 [4d8f17a5-2079-45c1-8233-e8f9fa301948@group-B0DE2BEA193A:LeaderElection34] INFO  impl.RaftServerImpl (RaftServerImpl.java:setRole(174)) - 4d8f17a5-2079-45c1-8233-e8f9fa301948@group-B0DE2BEA193A: changes role from CANDIDATE to FOLLOWER at term 1 for DISCOVERED_A_NEW_TERM
2019-09-24 19:13:47,833 [2aad5506-4352-4587-a9d6-f1a315122139@group-B0DE2BEA193A:LeaderElection31] INFO  impl.RoleInfo (RoleInfo.java:shutdownLeaderElection(134)) - 2aad5506-4352-4587-a9d6-f1a315122139: shutdown LeaderElection
2019-09-24 19:13:47,836 [4d8f17a5-2079-45c1-8233-e8f9fa301948@group-B0DE2BEA193A:LeaderElection34] INFO  impl.RoleInfo (RoleInfo.java:shutdownLeaderElection(134)) - 4d8f17a5-2079-45c1-8233-e8f9fa301948: shutdown LeaderElection
2019-09-24 19:13:47,836 [2aad5506-4352-4587-a9d6-f1a315122139@group-B0DE2BEA193A:LeaderElection31] INFO  impl.RoleInfo (RoleInfo.java:updateAndGet(143)) - 2aad5506-4352-4587-a9d6-f1a315122139: start FollowerState
2019-09-24 19:13:47,836 [4d8f17a5-2079-45c1-8233-e8f9fa301948@group-B0DE2BEA193A:LeaderElection34] INFO  impl.RoleInfo (RoleInfo.java:updateAndGet(143)) - 4d8f17a5-2079-45c1-8233-e8f9fa301948: start FollowerState
2019-09-24 19:13:47,837 [4d8f17a5-2079-45c1-8233-e8f9fa301948@group-ADF62AE81DD4:LeaderElection35] INFO  impl.RoleInfo (RoleInfo.java:updateAndGet(143)) - 4d8f17a5-2079-45c1-8233-e8f9fa301948: start LeaderState
2019-09-24 19:13:47,838 [4d8f17a5-2079-45c1-8233-e8f9fa301948@group-ADF62AE81DD4:LeaderElection35] INFO  segmented.SegmentedRaftLogWorker (SegmentedRaftLogWorker.java:startLogSegment(380)) - 4d8f17a5-2079-45c1-8233-e8f9fa301948@group-ADF62AE81DD4-SegmentedRaftLogWorker: Starting segment from index:0
2019-09-24 19:13:47,838 [4d8f17a5-2079-45c1-8233-e8f9fa301948@group-ADF62AE81DD4:LeaderElection35] INFO  impl.RaftServerImpl (ServerState.java:setRaftConf(354)) - 4d8f17a5-2079-45c1-8233-e8f9fa301948@group-ADF62AE81DD4: set configuration 0: [4d8f17a5-2079-45c1-8233-e8f9fa301948:192.168.5.148:37579], old=null at 0
2019-09-24 19:13:47,877 [pool-159-thread-1] INFO  impl.RaftServerImpl (RaftServerImpl.java:<init>(95)) - 2aad5506-4352-4587-a9d6-f1a315122139: new RaftServerImpl for group-E5528CAA5F29:[d65623be-04e3-433c-9af8-6934d2279f6c:192.168.5.148:36478, 2aad5506-4352-4587-a9d6-f1a315122139:192.168.5.148:34412, 4d8f17a5-2079-45c1-8233-e8f9fa301948:192.168.5.148:37579] with ContainerStateMachine:uninitialized
2019-09-24 19:13:47,877 [pool-159-thread-1] INFO  server.RaftServerConfigKeys (ConfUtils.java:logGet(43)) - raft.server.rpc.timeout.min = 5s (custom)
2019-09-24 19:13:47,877 [pool-159-thread-1] INFO  server.RaftServerConfigKeys (ConfUtils.java:logGet(43)) - raft.server.rpc.timeout.max = 5200ms (custom)
2019-09-24 19:13:47,877 [pool-159-thread-1] INFO  server.RaftServerConfigKeys (ConfUtils.java:logGet(43)) - raft.server.rpcslowness.timeout = 120s (custom)
2019-09-24 19:13:47,878 [pool-159-thread-1] INFO  server.RaftServerConfigKeys (ConfUtils.java:logGet(43)) - raft.server.sleep.deviation.threshold = 300 (default)
2019-09-24 19:13:47,878 [pool-159-thread-1] INFO  server.RaftServerConfigKeys (ConfUtils.java:logGet(43)) - raft.server.log.appender.install.snapshot.enabled = false (custom)
2019-09-24 19:13:47,878 [pool-159-thread-1] INFO  impl.RaftServerImpl (ServerState.java:<init>(103)) - 2aad5506-4352-4587-a9d6-f1a315122139@group-E5528CAA5F29: ConfigurationManager, init=-1: [d65623be-04e3-433c-9af8-6934d2279f6c:192.168.5.148:36478, 2aad5506-4352-4587-a9d6-f1a315122139:192.168.5.148:34412, 4d8f17a5-2079-45c1-8233-e8f9fa301948:192.168.5.148:37579], old=null, confs=<EMPTY_MAP>
2019-09-24 19:13:47,878 [pool-159-thread-1] INFO  server.RaftServerConfigKeys (ConfUtils.java:logGet(43)) - raft.server.storage.dir = [/workdir/hadoop-ozone/integration-test/target/test-dir/MiniOzoneClusterImpl-927e61bf-33d4-4c72-9c6e-e846b22cd97e/datanode-4/data/ratis] (custom)
2019-09-24 19:13:47,879 [pool-159-thread-1] INFO  storage.RaftStorageDirectory (RaftStorageDirectory.java:analyzeStorage(246)) - The storage directory /workdir/hadoop-ozone/integration-test/target/test-dir/MiniOzoneClusterImpl-927e61bf-33d4-4c72-9c6e-e846b22cd97e/datanode-4/data/ratis/376c2805-d066-45d6-b61e-e5528caa5f29 does not exist. Creating ...
2019-09-24 19:13:48,589 [RATISCREATEPIPELINE3] ERROR pipeline.RatisPipelineProvider (RatisPipelineProvider.java:lambda$null$5(235)) - Failed invoke Ratis rpc org.apache.hadoop.hdds.scm.pipeline.RatisPipelineProvider$$Lambda$210/123891738@17e5474e for d65623be-04e3-433c-9af8-6934d2279f6c
org.apache.ratis.protocol.TimeoutIOException: deadline exceeded after 2999813416ns
	at org.apache.ratis.grpc.GrpcUtil.tryUnwrapException(GrpcUtil.java:82)
	at org.apache.ratis.grpc.GrpcUtil.unwrapException(GrpcUtil.java:75)
	at org.apache.ratis.grpc.client.GrpcClientProtocolClient.blockingCall(GrpcClientProtocolClient.java:178)
	at org.apache.ratis.grpc.client.GrpcClientProtocolClient.groupAdd(GrpcClientProtocolClient.java:147)
	at org.apache.ratis.grpc.client.GrpcClientRpc.sendRequest(GrpcClientRpc.java:94)
	at org.apache.ratis.client.impl.RaftClientImpl.sendRequest(RaftClientImpl.java:278)
	at org.apache.ratis.client.impl.RaftClientImpl.groupAdd(RaftClientImpl.java:205)
	at org.apache.hadoop.hdds.scm.pipeline.RatisPipelineProvider.lambda$initializePipeline$4(RatisPipelineProvider.java:196)
	at org.apache.hadoop.hdds.scm.pipeline.RatisPipelineProvider.lambda$null$5(RatisPipelineProvider.java:231)
	at java.util.stream.ForEachOps$ForEachOp$OfRef.accept(ForEachOps.java:184)
	at java.util.ArrayList$ArrayListSpliterator.forEachRemaining(ArrayList.java:1382)
	at java.util.stream.AbstractPipeline.copyInto(AbstractPipeline.java:482)
	at java.util.stream.ForEachOps$ForEachTask.compute(ForEachOps.java:291)
	at java.util.concurrent.CountedCompleter.exec(CountedCompleter.java:731)
	at java.util.concurrent.ForkJoinTask.doExec(ForkJoinTask.java:289)
	at java.util.concurrent.ForkJoinPool$WorkQueue.runTask(ForkJoinPool.java:1056)
	at java.util.concurrent.ForkJoinPool.runWorker(ForkJoinPool.java:1692)
	at java.util.concurrent.ForkJoinWorkerThread.run(ForkJoinWorkerThread.java:157)
Caused by: org.apache.ratis.thirdparty.io.grpc.StatusRuntimeException: DEADLINE_EXCEEDED: deadline exceeded after 2999813416ns
	at org.apache.ratis.thirdparty.io.grpc.stub.ClientCalls.toStatusRuntimeException(ClientCalls.java:233)
	at org.apache.ratis.thirdparty.io.grpc.stub.ClientCalls.getUnchecked(ClientCalls.java:214)
	at org.apache.ratis.thirdparty.io.grpc.stub.ClientCalls.blockingUnaryCall(ClientCalls.java:139)
	at org.apache.ratis.proto.grpc.AdminProtocolServiceGrpc$AdminProtocolServiceBlockingStub.groupManagement(AdminProtocolServiceGrpc.java:274)
	at org.apache.ratis.grpc.client.GrpcClientProtocolClient.lambda$groupAdd$3(GrpcClientProtocolClient.java:149)
	at org.apache.ratis.grpc.client.GrpcClientProtocolClient.blockingCall(GrpcClientProtocolClient.java:176)
	... 15 more
2019-09-24 19:13:48,589 [RATISCREATEPIPELINE1] ERROR pipeline.RatisPipelineProvider (RatisPipelineProvider.java:lambda$null$5(235)) - Failed invoke Ratis rpc org.apache.hadoop.hdds.scm.pipeline.RatisPipelineProvider$$Lambda$210/123891738@17e5474e for 2aad5506-4352-4587-a9d6-f1a315122139
org.apache.ratis.protocol.TimeoutIOException: deadline exceeded after 2999702194ns
	at org.apache.ratis.grpc.GrpcUtil.tryUnwrapException(GrpcUtil.java:82)
	at org.apache.ratis.grpc.GrpcUtil.unwrapException(GrpcUtil.java:75)
	at org.apache.ratis.grpc.client.GrpcClientProtocolClient.blockingCall(GrpcClientProtocolClient.java:178)
	at org.apache.ratis.grpc.client.GrpcClientProtocolClient.groupAdd(GrpcClientProtocolClient.java:147)
	at org.apache.ratis.grpc.client.GrpcClientRpc.sendRequest(GrpcClientRpc.java:94)
	at org.apache.ratis.client.impl.RaftClientImpl.sendRequest(RaftClientImpl.java:278)
	at org.apache.ratis.client.impl.RaftClientImpl.groupAdd(RaftClientImpl.java:205)
	at org.apache.hadoop.hdds.scm.pipeline.RatisPipelineProvider.lambda$initializePipeline$4(RatisPipelineProvider.java:196)
	at org.apache.hadoop.hdds.scm.pipeline.RatisPipelineProvider.lambda$null$5(RatisPipelineProvider.java:231)
	at java.util.stream.ForEachOps$ForEachOp$OfRef.accept(ForEachOps.java:184)
	at java.util.ArrayList$ArrayListSpliterator.forEachRemaining(ArrayList.java:1382)
	at java.util.stream.AbstractPipeline.copyInto(AbstractPipeline.java:482)
	at java.util.stream.ForEachOps$ForEachTask.compute(ForEachOps.java:291)
	at java.util.concurrent.CountedCompleter.exec(CountedCompleter.java:731)
	at java.util.concurrent.ForkJoinTask.doExec(ForkJoinTask.java:289)
	at java.util.concurrent.ForkJoinTask.doInvoke(ForkJoinTask.java:401)
	at java.util.concurrent.ForkJoinTask.invoke(ForkJoinTask.java:734)
	at java.util.stream.ForEachOps$ForEachOp.evaluateParallel(ForEachOps.java:160)
	at java.util.stream.ForEachOps$ForEachOp$OfRef.evaluateParallel(ForEachOps.java:174)
	at java.util.stream.AbstractPipeline.evaluate(AbstractPipeline.java:233)
	at java.util.stream.ReferencePipeline.forEach(ReferencePipeline.java:418)
	at java.util.stream.ReferencePipeline$Head.forEach(ReferencePipeline.java:583)
	at org.apache.hadoop.hdds.scm.pipeline.RatisPipelineProvider.lambda$callRatisRpc$6(RatisPipelineProvider.java:225)
	at java.util.concurrent.ForkJoinTask$AdaptedRunnableAction.exec(ForkJoinTask.java:1386)
	at java.util.concurrent.ForkJoinTask.doExec(ForkJoinTask.java:289)
	at java.util.concurrent.ForkJoinPool$WorkQueue.runTask(ForkJoinPool.java:1056)
	at java.util.concurrent.ForkJoinPool.runWorker(ForkJoinPool.java:1692)
	at java.util.concurrent.ForkJoinWorkerThread.run(ForkJoinWorkerThread.java:157)
Caused by: org.apache.ratis.thirdparty.io.grpc.StatusRuntimeException: DEADLINE_EXCEEDED: deadline exceeded after 2999702194ns
	at org.apache.ratis.thirdparty.io.grpc.stub.ClientCalls.toStatusRuntimeException(ClientCalls.java:233)
	at org.apache.ratis.thirdparty.io.grpc.stub.ClientCalls.getUnchecked(ClientCalls.java:214)
	at org.apache.ratis.thirdparty.io.grpc.stub.ClientCalls.blockingUnaryCall(ClientCalls.java:139)
	at org.apache.ratis.proto.grpc.AdminProtocolServiceGrpc$AdminProtocolServiceBlockingStub.groupManagement(AdminProtocolServiceGrpc.java:274)
	at org.apache.ratis.grpc.client.GrpcClientProtocolClient.lambda$groupAdd$3(GrpcClientProtocolClient.java:149)
	at org.apache.ratis.grpc.client.GrpcClientProtocolClient.blockingCall(GrpcClientProtocolClient.java:176)
	... 25 more
2019-09-24 19:13:48,589 [RATISCREATEPIPELINE2] ERROR pipeline.RatisPipelineProvider (RatisPipelineProvider.java:lambda$null$5(235)) - Failed invoke Ratis rpc org.apache.hadoop.hdds.scm.pipeline.RatisPipelineProvider$$Lambda$210/123891738@17e5474e for 4d8f17a5-2079-45c1-8233-e8f9fa301948
org.apache.ratis.protocol.TimeoutIOException: deadline exceeded after 2999728163ns
	at org.apache.ratis.grpc.GrpcUtil.tryUnwrapException(GrpcUtil.java:82)
	at org.apache.ratis.grpc.GrpcUtil.unwrapException(GrpcUtil.java:75)
	at org.apache.ratis.grpc.client.GrpcClientProtocolClient.blockingCall(GrpcClientProtocolClient.java:178)
	at org.apache.ratis.grpc.client.GrpcClientProtocolClient.groupAdd(GrpcClientProtocolClient.java:147)
	at org.apache.ratis.grpc.client.GrpcClientRpc.sendRequest(GrpcClientRpc.java:94)
	at org.apache.ratis.client.impl.RaftClientImpl.sendRequest(RaftClientImpl.java:278)
	at org.apache.ratis.client.impl.RaftClientImpl.groupAdd(RaftClientImpl.java:205)
	at org.apache.hadoop.hdds.scm.pipeline.RatisPipelineProvider.lambda$initializePipeline$4(RatisPipelineProvider.java:196)
	at org.apache.hadoop.hdds.scm.pipeline.RatisPipelineProvider.lambda$null$5(RatisPipelineProvider.java:231)
	at java.util.stream.ForEachOps$ForEachOp$OfRef.accept(ForEachOps.java:184)
	at java.util.ArrayList$ArrayListSpliterator.forEachRemaining(ArrayList.java:1382)
	at java.util.stream.AbstractPipeline.copyInto(AbstractPipeline.java:482)
	at java.util.stream.ForEachOps$ForEachTask.compute(ForEachOps.java:291)
	at java.util.concurrent.CountedCompleter.exec(CountedCompleter.java:731)
	at java.util.concurrent.ForkJoinTask.doExec(ForkJoinTask.java:289)
	at java.util.concurrent.ForkJoinPool$WorkQueue.runTask(ForkJoinPool.java:1056)
	at java.util.concurrent.ForkJoinPool.runWorker(ForkJoinPool.java:1692)
	at java.util.concurrent.ForkJoinWorkerThread.run(ForkJoinWorkerThread.java:157)
Caused by: org.apache.ratis.thirdparty.io.grpc.StatusRuntimeException: DEADLINE_EXCEEDED: deadline exceeded after 2999728163ns
	at org.apache.ratis.thirdparty.io.grpc.stub.ClientCalls.toStatusRuntimeException(ClientCalls.java:233)
	at org.apache.ratis.thirdparty.io.grpc.stub.ClientCalls.getUnchecked(ClientCalls.java:214)
	at org.apache.ratis.thirdparty.io.grpc.stub.ClientCalls.blockingUnaryCall(ClientCalls.java:139)
	at org.apache.ratis.proto.grpc.AdminProtocolServiceGrpc$AdminProtocolServiceBlockingStub.groupManagement(AdminProtocolServiceGrpc.java:274)
	at org.apache.ratis.grpc.client.GrpcClientProtocolClient.lambda$groupAdd$3(GrpcClientProtocolClient.java:149)
	at org.apache.ratis.grpc.client.GrpcClientProtocolClient.blockingCall(GrpcClientProtocolClient.java:176)
	... 15 more
2019-09-24 19:13:48,595 [IPC Server handler 2 on 35247] WARN  block.BlockManagerImpl (BlockManagerImpl.java:allocateBlock(192)) - Pipeline creation failed for type:RATIS factor:THREE. Retrying get pipelines call once.
org.apache.hadoop.io.MultipleIOException: 3 exceptions [java.io.IOException: Failed invoke Ratis rpc org.apache.hadoop.hdds.scm.pipeline.RatisPipelineProvider$$Lambda$210/123891738@17e5474e for d65623be-04e3-433c-9af8-6934d2279f6c, java.io.IOException: Failed invoke Ratis rpc org.apache.hadoop.hdds.scm.pipeline.RatisPipelineProvider$$Lambda$210/123891738@17e5474e for 2aad5506-4352-4587-a9d6-f1a315122139, java.io.IOException: Failed invoke Ratis rpc org.apache.hadoop.hdds.scm.pipeline.RatisPipelineProvider$$Lambda$210/123891738@17e5474e for 4d8f17a5-2079-45c1-8233-e8f9fa301948]
	at org.apache.hadoop.io.MultipleIOException.createIOException(MultipleIOException.java:53)
	at org.apache.hadoop.hdds.scm.pipeline.RatisPipelineProvider.callRatisRpc(RatisPipelineProvider.java:251)
	at org.apache.hadoop.hdds.scm.pipeline.RatisPipelineProvider.initializePipeline(RatisPipelineProvider.java:194)
	at org.apache.hadoop.hdds.scm.pipeline.RatisPipelineProvider.create(RatisPipelineProvider.java:163)
	at org.apache.hadoop.hdds.scm.pipeline.PipelineFactory.create(PipelineFactory.java:58)
	at org.apache.hadoop.hdds.scm.pipeline.SCMPipelineManager.createPipeline(SCMPipelineManager.java:155)
	at org.apache.hadoop.hdds.scm.block.BlockManagerImpl.allocateBlock(BlockManagerImpl.java:190)
	at org.apache.hadoop.hdds.scm.server.SCMBlockProtocolServer.allocateBlock(SCMBlockProtocolServer.java:182)
	at org.apache.hadoop.ozone.protocolPB.ScmBlockLocationProtocolServerSideTranslatorPB.allocateScmBlock(ScmBlockLocationProtocolServerSideTranslatorPB.java:183)
	at org.apache.hadoop.ozone.protocolPB.ScmBlockLocationProtocolServerSideTranslatorPB.processMessage(ScmBlockLocationProtocolServerSideTranslatorPB.java:141)
	at org.apache.hadoop.ozone.protocolPB.ScmBlockLocationProtocolServerSideTranslatorPB.send(ScmBlockLocationProtocolServerSideTranslatorPB.java:116)
	at org.apache.hadoop.hdds.protocol.proto.ScmBlockLocationProtocolProtos$ScmBlockLocationProtocolService$2.callBlockingMethod(ScmBlockLocationProtocolProtos.java:13157)
	at org.apache.hadoop.ipc.ProtobufRpcEngine$Server$ProtoBufRpcInvoker.call(ProtobufRpcEngine.java:524)
	at org.apache.hadoop.ipc.RPC$Server.call(RPC.java:1025)
	at org.apache.hadoop.ipc.Server$RpcCall.run(Server.java:876)
	at org.apache.hadoop.ipc.Server$RpcCall.run(Server.java:822)
	at java.security.AccessController.doPrivileged(Native Method)
	at javax.security.auth.Subject.doAs(Subject.java:422)
	at org.apache.hadoop.security.UserGroupInformation.doAs(UserGroupInformation.java:1730)
	at org.apache.hadoop.ipc.Server$Handler.run(Server.java:2682)
2019-09-24 19:13:48,596 [IPC Server handler 2 on 35247] INFO  block.BlockManagerImpl (BlockManagerImpl.java:allocateBlock(198)) - Could not find available pipeline of type:RATIS and factor:THREE even after retrying
2019-09-24 19:13:48,596 [IPC Server handler 2 on 35247] ERROR block.BlockManagerImpl (BlockManagerImpl.java:allocateBlock(222)) - Unable to allocate a block for the size: 800, type: RATIS, factor: THREE
2019-09-24 19:13:48,607 [grpc-default-executor-6] INFO  impl.RaftServerProxy (RaftServerProxy.java:addNew(89)) - d65623be-04e3-433c-9af8-6934d2279f6c: addNew group-7A54B0AAA595:[d65623be-04e3-433c-9af8-6934d2279f6c:192.168.5.148:36478, 2aad5506-4352-4587-a9d6-f1a315122139:192.168.5.148:34412, 4d8f17a5-2079-45c1-8233-e8f9fa301948:192.168.5.148:37579] returns group-7A54B0AAA595:java.util.concurrent.CompletableFuture@68ddb56c[Not completed]
2019-09-24 19:13:48,607 [grpc-default-executor-7] INFO  impl.RaftServerProxy (RaftServerProxy.java:addNew(89)) - 2aad5506-4352-4587-a9d6-f1a315122139: addNew group-7A54B0AAA595:[d65623be-04e3-433c-9af8-6934d2279f6c:192.168.5.148:36478, 2aad5506-4352-4587-a9d6-f1a315122139:192.168.5.148:34412, 4d8f17a5-2079-45c1-8233-e8f9fa301948:192.168.5.148:37579] returns group-7A54B0AAA595:java.util.concurrent.CompletableFuture@33d0a4b2[Not completed]
2019-09-24 19:13:48,607 [grpc-default-executor-10] INFO  impl.RaftServerProxy (RaftServerProxy.java:addNew(89)) - 4d8f17a5-2079-45c1-8233-e8f9fa301948: addNew group-7A54B0AAA595:[d65623be-04e3-433c-9af8-6934d2279f6c:192.168.5.148:36478, 2aad5506-4352-4587-a9d6-f1a315122139:192.168.5.148:34412, 4d8f17a5-2079-45c1-8233-e8f9fa301948:192.168.5.148:37579] returns group-7A54B0AAA595:java.util.concurrent.CompletableFuture@23718302[Not completed]
2019-09-24 19:13:51,606 [RATISCREATEPIPELINE3] ERROR pipeline.RatisPipelineProvider (RatisPipelineProvider.java:lambda$null$5(235)) - Failed invoke Ratis rpc org.apache.hadoop.hdds.scm.pipeline.RatisPipelineProvider$$Lambda$210/123891738@4debac6e for d65623be-04e3-433c-9af8-6934d2279f6c
org.apache.ratis.protocol.TimeoutIOException: deadline exceeded after 2999696755ns
	at org.apache.ratis.grpc.GrpcUtil.tryUnwrapException(GrpcUtil.java:82)
	at org.apache.ratis.grpc.GrpcUtil.unwrapException(GrpcUtil.java:75)
	at org.apache.ratis.grpc.client.GrpcClientProtocolClient.blockingCall(GrpcClientProtocolClient.java:178)
	at org.apache.ratis.grpc.client.GrpcClientProtocolClient.groupAdd(GrpcClientProtocolClient.java:147)
	at org.apache.ratis.grpc.client.GrpcClientRpc.sendRequest(GrpcClientRpc.java:94)
	at org.apache.ratis.client.impl.RaftClientImpl.sendRequest(RaftClientImpl.java:278)
	at org.apache.ratis.client.impl.RaftClientImpl.groupAdd(RaftClientImpl.java:205)
	at org.apache.hadoop.hdds.scm.pipeline.RatisPipelineProvider.lambda$initializePipeline$4(RatisPipelineProvider.java:196)
	at org.apache.hadoop.hdds.scm.pipeline.RatisPipelineProvider.lambda$null$5(RatisPipelineProvider.java:231)
	at java.util.stream.ForEachOps$ForEachOp$OfRef.accept(ForEachOps.java:184)
	at java.util.ArrayList$ArrayListSpliterator.forEachRemaining(ArrayList.java:1382)
	at java.util.stream.AbstractPipeline.copyInto(AbstractPipeline.java:482)
	at java.util.stream.ForEachOps$ForEachTask.compute(ForEachOps.java:291)
	at java.util.concurrent.CountedCompleter.exec(CountedCompleter.java:731)
	at java.util.concurrent.ForkJoinTask.doExec(ForkJoinTask.java:289)
	at java.util.concurrent.ForkJoinPool$WorkQueue.runTask(ForkJoinPool.java:1056)
	at java.util.concurrent.ForkJoinPool.runWorker(ForkJoinPool.java:1692)
	at java.util.concurrent.ForkJoinWorkerThread.run(ForkJoinWorkerThread.java:157)
Caused by: org.apache.ratis.thirdparty.io.grpc.StatusRuntimeException: DEADLINE_EXCEEDED: deadline exceeded after 2999696755ns
	at org.apache.ratis.thirdparty.io.grpc.stub.ClientCalls.toStatusRuntimeException(ClientCalls.java:233)
	at org.apache.ratis.thirdparty.io.grpc.stub.ClientCalls.getUnchecked(ClientCalls.java:214)
	at org.apache.ratis.thirdparty.io.grpc.stub.ClientCalls.blockingUnaryCall(ClientCalls.java:139)
	at org.apache.ratis.proto.grpc.AdminProtocolServiceGrpc$AdminProtocolServiceBlockingStub.groupManagement(AdminProtocolServiceGrpc.java:274)
	at org.apache.ratis.grpc.client.GrpcClientProtocolClient.lambda$groupAdd$3(GrpcClientProtocolClient.java:149)
	at org.apache.ratis.grpc.client.GrpcClientProtocolClient.blockingCall(GrpcClientProtocolClient.java:176)
	... 15 more
2019-09-24 19:13:51,606 [RATISCREATEPIPELINE1] ERROR pipeline.RatisPipelineProvider (RatisPipelineProvider.java:lambda$null$5(235)) - Failed invoke Ratis rpc org.apache.hadoop.hdds.scm.pipeline.RatisPipelineProvider$$Lambda$210/123891738@4debac6e for 2aad5506-4352-4587-a9d6-f1a315122139
org.apache.ratis.protocol.TimeoutIOException
	at org.apache.ratis.grpc.GrpcUtil.tryUnwrapException(GrpcUtil.java:82)
	at org.apache.ratis.grpc.GrpcUtil.unwrapException(GrpcUtil.java:75)
	at org.apache.ratis.grpc.client.GrpcClientProtocolClient.blockingCall(GrpcClientProtocolClient.java:178)
	at org.apache.ratis.grpc.client.GrpcClientProtocolClient.groupAdd(GrpcClientProtocolClient.java:147)
	at org.apache.ratis.grpc.client.GrpcClientRpc.sendRequest(GrpcClientRpc.java:94)
	at org.apache.ratis.client.impl.RaftClientImpl.sendRequest(RaftClientImpl.java:278)
	at org.apache.ratis.client.impl.RaftClientImpl.groupAdd(RaftClientImpl.java:205)
	at org.apache.hadoop.hdds.scm.pipeline.RatisPipelineProvider.lambda$initializePipeline$4(RatisPipelineProvider.java:196)
	at org.apache.hadoop.hdds.scm.pipeline.RatisPipelineProvider.lambda$null$5(RatisPipelineProvider.java:231)
	at java.util.stream.ForEachOps$ForEachOp$OfRef.accept(ForEachOps.java:184)
	at java.util.ArrayList$ArrayListSpliterator.forEachRemaining(ArrayList.java:1382)
	at java.util.stream.AbstractPipeline.copyInto(AbstractPipeline.java:482)
	at java.util.stream.ForEachOps$ForEachTask.compute(ForEachOps.java:291)
	at java.util.concurrent.CountedCompleter.exec(CountedCompleter.java:731)
	at java.util.concurrent.ForkJoinTask.doExec(ForkJoinTask.java:289)
	at java.util.concurrent.ForkJoinTask.doInvoke(ForkJoinTask.java:401)
	at java.util.concurrent.ForkJoinTask.invoke(ForkJoinTask.java:734)
	at java.util.stream.ForEachOps$ForEachOp.evaluateParallel(ForEachOps.java:160)
	at java.util.stream.ForEachOps$ForEachOp$OfRef.evaluateParallel(ForEachOps.java:174)
	at java.util.stream.AbstractPipeline.evaluate(AbstractPipeline.java:233)
	at java.util.stream.ReferencePipeline.forEach(ReferencePipeline.java:418)
	at java.util.stream.ReferencePipeline$Head.forEach(ReferencePipeline.java:583)
	at org.apache.hadoop.hdds.scm.pipeline.RatisPipelineProvider.lambda$callRatisRpc$6(RatisPipelineProvider.java:225)
	at java.util.concurrent.ForkJoinTask$AdaptedRunnableAction.exec(ForkJoinTask.java:1386)
	at java.util.concurrent.ForkJoinTask.doExec(ForkJoinTask.java:289)
	at java.util.concurrent.ForkJoinPool$WorkQueue.runTask(ForkJoinPool.java:1056)
	at java.util.concurrent.ForkJoinPool.runWorker(ForkJoinPool.java:1692)
	at java.util.concurrent.ForkJoinWorkerThread.run(ForkJoinWorkerThread.java:157)
Caused by: org.apache.ratis.thirdparty.io.grpc.StatusRuntimeException: DEADLINE_EXCEEDED
	at org.apache.ratis.thirdparty.io.grpc.stub.ClientCalls.toStatusRuntimeException(ClientCalls.java:233)
	at org.apache.ratis.thirdparty.io.grpc.stub.ClientCalls.getUnchecked(ClientCalls.java:214)
	at org.apache.ratis.thirdparty.io.grpc.stub.ClientCalls.blockingUnaryCall(ClientCalls.java:139)
	at org.apache.ratis.proto.grpc.AdminProtocolServiceGrpc$AdminProtocolServiceBlockingStub.groupManagement(AdminProtocolServiceGrpc.java:274)
	at org.apache.ratis.grpc.client.GrpcClientProtocolClient.lambda$groupAdd$3(GrpcClientProtocolClient.java:149)
	at org.apache.ratis.grpc.client.GrpcClientProtocolClient.blockingCall(GrpcClientProtocolClient.java:176)
	... 25 more
2019-09-24 19:13:51,606 [RATISCREATEPIPELINE2] ERROR pipeline.RatisPipelineProvider (RatisPipelineProvider.java:lambda$null$5(235)) - Failed invoke Ratis rpc org.apache.hadoop.hdds.scm.pipeline.RatisPipelineProvider$$Lambda$210/123891738@4debac6e for 4d8f17a5-2079-45c1-8233-e8f9fa301948
org.apache.ratis.protocol.TimeoutIOException: deadline exceeded after 2999633516ns
	at org.apache.ratis.grpc.GrpcUtil.tryUnwrapException(GrpcUtil.java:82)
	at org.apache.ratis.grpc.GrpcUtil.unwrapException(GrpcUtil.java:75)
	at org.apache.ratis.grpc.client.GrpcClientProtocolClient.blockingCall(GrpcClientProtocolClient.java:178)
	at org.apache.ratis.grpc.client.GrpcClientProtocolClient.groupAdd(GrpcClientProtocolClient.java:147)
	at org.apache.ratis.grpc.client.GrpcClientRpc.sendRequest(GrpcClientRpc.java:94)
	at org.apache.ratis.client.impl.RaftClientImpl.sendRequest(RaftClientImpl.java:278)
	at org.apache.ratis.client.impl.RaftClientImpl.groupAdd(RaftClientImpl.java:205)
	at org.apache.hadoop.hdds.scm.pipeline.RatisPipelineProvider.lambda$initializePipeline$4(RatisPipelineProvider.java:196)
	at org.apache.hadoop.hdds.scm.pipeline.RatisPipelineProvider.lambda$null$5(RatisPipelineProvider.java:231)
	at java.util.stream.ForEachOps$ForEachOp$OfRef.accept(ForEachOps.java:184)
	at java.util.ArrayList$ArrayListSpliterator.forEachRemaining(ArrayList.java:1382)
	at java.util.stream.AbstractPipeline.copyInto(AbstractPipeline.java:482)
	at java.util.stream.ForEachOps$ForEachTask.compute(ForEachOps.java:291)
	at java.util.concurrent.CountedCompleter.exec(CountedCompleter.java:731)
	at java.util.concurrent.ForkJoinTask.doExec(ForkJoinTask.java:289)
	at java.util.concurrent.ForkJoinPool$WorkQueue.runTask(ForkJoinPool.java:1056)
	at java.util.concurrent.ForkJoinPool.runWorker(ForkJoinPool.java:1692)
	at java.util.concurrent.ForkJoinWorkerThread.run(ForkJoinWorkerThread.java:157)
Caused by: org.apache.ratis.thirdparty.io.grpc.StatusRuntimeException: DEADLINE_EXCEEDED: deadline exceeded after 2999633516ns
	at org.apache.ratis.thirdparty.io.grpc.stub.ClientCalls.toStatusRuntimeException(ClientCalls.java:233)
	at org.apache.ratis.thirdparty.io.grpc.stub.ClientCalls.getUnchecked(ClientCalls.java:214)
	at org.apache.ratis.thirdparty.io.grpc.stub.ClientCalls.blockingUnaryCall(ClientCalls.java:139)
	at org.apache.ratis.proto.grpc.AdminProtocolServiceGrpc$AdminProtocolServiceBlockingStub.groupManagement(AdminProtocolServiceGrpc.java:274)
	at org.apache.ratis.grpc.client.GrpcClientProtocolClient.lambda$groupAdd$3(GrpcClientProtocolClient.java:149)
	at org.apache.ratis.grpc.client.GrpcClientProtocolClient.blockingCall(GrpcClientProtocolClient.java:176)
	... 15 more
2019-09-24 19:13:51,613 [IPC Server handler 2 on 35247] WARN  block.BlockManagerImpl (BlockManagerImpl.java:allocateBlock(192)) - Pipeline creation failed for type:RATIS factor:THREE. Retrying get pipelines call once.
org.apache.hadoop.io.MultipleIOException: 3 exceptions [java.io.IOException: Failed invoke Ratis rpc org.apache.hadoop.hdds.scm.pipeline.RatisPipelineProvider$$Lambda$210/123891738@4debac6e for d65623be-04e3-433c-9af8-6934d2279f6c, java.io.IOException: Failed invoke Ratis rpc org.apache.hadoop.hdds.scm.pipeline.RatisPipelineProvider$$Lambda$210/123891738@4debac6e for 2aad5506-4352-4587-a9d6-f1a315122139, java.io.IOException: Failed invoke Ratis rpc org.apache.hadoop.hdds.scm.pipeline.RatisPipelineProvider$$Lambda$210/123891738@4debac6e for 4d8f17a5-2079-45c1-8233-e8f9fa301948]
	at org.apache.hadoop.io.MultipleIOException.createIOException(MultipleIOException.java:53)
	at org.apache.hadoop.hdds.scm.pipeline.RatisPipelineProvider.callRatisRpc(RatisPipelineProvider.java:251)
	at org.apache.hadoop.hdds.scm.pipeline.RatisPipelineProvider.initializePipeline(RatisPipelineProvider.java:194)
	at org.apache.hadoop.hdds.scm.pipeline.RatisPipelineProvider.create(RatisPipelineProvider.java:163)
	at org.apache.hadoop.hdds.scm.pipeline.PipelineFactory.create(PipelineFactory.java:58)
	at org.apache.hadoop.hdds.scm.pipeline.SCMPipelineManager.createPipeline(SCMPipelineManager.java:155)
	at org.apache.hadoop.hdds.scm.block.BlockManagerImpl.allocateBlock(BlockManagerImpl.java:190)
	at org.apache.hadoop.hdds.scm.server.SCMBlockProtocolServer.allocateBlock(SCMBlockProtocolServer.java:182)
	at org.apache.hadoop.ozone.protocolPB.ScmBlockLocationProtocolServerSideTranslatorPB.allocateScmBlock(ScmBlockLocationProtocolServerSideTranslatorPB.java:183)
	at org.apache.hadoop.ozone.protocolPB.ScmBlockLocationProtocolServerSideTranslatorPB.processMessage(ScmBlockLocationProtocolServerSideTranslatorPB.java:141)
	at org.apache.hadoop.ozone.protocolPB.ScmBlockLocationProtocolServerSideTranslatorPB.send(ScmBlockLocationProtocolServerSideTranslatorPB.java:116)
	at org.apache.hadoop.hdds.protocol.proto.ScmBlockLocationProtocolProtos$ScmBlockLocationProtocolService$2.callBlockingMethod(ScmBlockLocationProtocolProtos.java:13157)
	at org.apache.hadoop.ipc.ProtobufRpcEngine$Server$ProtoBufRpcInvoker.call(ProtobufRpcEngine.java:524)
	at org.apache.hadoop.ipc.RPC$Server.call(RPC.java:1025)
	at org.apache.hadoop.ipc.Server$RpcCall.run(Server.java:876)
	at org.apache.hadoop.ipc.Server$RpcCall.run(Server.java:822)
	at java.security.AccessController.doPrivileged(Native Method)
	at javax.security.auth.Subject.doAs(Subject.java:422)
	at org.apache.hadoop.security.UserGroupInformation.doAs(UserGroupInformation.java:1730)
	at org.apache.hadoop.ipc.Server$Handler.run(Server.java:2682)
2019-09-24 19:13:51,613 [IPC Server handler 2 on 35247] INFO  block.BlockManagerImpl (BlockManagerImpl.java:allocateBlock(198)) - Could not find available pipeline of type:RATIS and factor:THREE even after retrying
2019-09-24 19:13:51,614 [IPC Server handler 2 on 35247] ERROR block.BlockManagerImpl (BlockManagerImpl.java:allocateBlock(222)) - Unable to allocate a block for the size: 800, type: RATIS, factor: THREE
2019-09-24 19:13:51,624 [grpc-default-executor-6] INFO  impl.RaftServerProxy (RaftServerProxy.java:addNew(89)) - d65623be-04e3-433c-9af8-6934d2279f6c: addNew group-A86B03FCFDE6:[d65623be-04e3-433c-9af8-6934d2279f6c:192.168.5.148:36478, 2aad5506-4352-4587-a9d6-f1a315122139:192.168.5.148:34412, 4d8f17a5-2079-45c1-8233-e8f9fa301948:192.168.5.148:37579] returns group-A86B03FCFDE6:java.util.concurrent.CompletableFuture@60d3d57e[Not completed]
2019-09-24 19:13:51,624 [grpc-default-executor-7] INFO  impl.RaftServerProxy (RaftServerProxy.java:addNew(89)) - 4d8f17a5-2079-45c1-8233-e8f9fa301948: addNew group-A86B03FCFDE6:[d65623be-04e3-433c-9af8-6934d2279f6c:192.168.5.148:36478, 2aad5506-4352-4587-a9d6-f1a315122139:192.168.5.148:34412, 4d8f17a5-2079-45c1-8233-e8f9fa301948:192.168.5.148:37579] returns group-A86B03FCFDE6:java.util.concurrent.CompletableFuture@3c64e4c2[Not completed]
2019-09-24 19:13:51,624 [grpc-default-executor-10] INFO  impl.RaftServerProxy (RaftServerProxy.java:addNew(89)) - 2aad5506-4352-4587-a9d6-f1a315122139: addNew group-A86B03FCFDE6:[d65623be-04e3-433c-9af8-6934d2279f6c:192.168.5.148:36478, 2aad5506-4352-4587-a9d6-f1a315122139:192.168.5.148:34412, 4d8f17a5-2079-45c1-8233-e8f9fa301948:192.168.5.148:37579] returns group-A86B03FCFDE6:java.util.concurrent.CompletableFuture@5fb7cc[Not completed]
2019-09-24 19:13:52,969 [Thread-778] INFO  impl.FollowerState (FollowerState.java:run(106)) - d65623be-04e3-433c-9af8-6934d2279f6c:group-B0DE2BEA193A changes to CANDIDATE, lastRpcTime:5136, electionTimeout:5133ms
2019-09-24 19:13:52,970 [Thread-778] INFO  impl.RoleInfo (RoleInfo.java:shutdownFollowerState(121)) - d65623be-04e3-433c-9af8-6934d2279f6c: shutdown FollowerState
2019-09-24 19:13:52,970 [pool-159-thread-1] INFO  storage.RaftStorageDirectory (RaftStorageDirectory.java:tryLock(328)) - Lock on /workdir/hadoop-ozone/integration-test/target/test-dir/MiniOzoneClusterImpl-927e61bf-33d4-4c72-9c6e-e846b22cd97e/datanode-4/data/ratis/376c2805-d066-45d6-b61e-e5528caa5f29/in_use.lock acquired by nodename 20442@pr-hdds-2149-fgl4f-1742389470
2019-09-24 19:13:52,970 [pool-179-thread-1] INFO  storage.RaftStorage (RaftStorage.java:format(72)) - Storage directory /workdir/hadoop-ozone/integration-test/target/test-dir/MiniOzoneClusterImpl-927e61bf-33d4-4c72-9c6e-e846b22cd97e/datanode-6/data/ratis/376c2805-d066-45d6-b61e-e5528caa5f29 has been successfully formatted.
2019-09-24 19:13:52,970 [pool-139-thread-1] INFO  storage.RaftStorage (RaftStorage.java:format(72)) - Storage directory /workdir/hadoop-ozone/integration-test/target/test-dir/MiniOzoneClusterImpl-927e61bf-33d4-4c72-9c6e-e846b22cd97e/datanode-2/data/ratis/376c2805-d066-45d6-b61e-e5528caa5f29 has been successfully formatted.
2019-09-24 19:13:52,970 [4d8f17a5-2079-45c1-8233-e8f9fa301948@group-ADF62AE81DD4-SegmentedRaftLogWorker] INFO  segmented.SegmentedRaftLogWorker (SegmentedRaftLogWorker.java:execute(569)) - 4d8f17a5-2079-45c1-8233-e8f9fa301948@group-ADF62AE81DD4-SegmentedRaftLogWorker: created new log segment /workdir/hadoop-ozone/integration-test/target/test-dir/MiniOzoneClusterImpl-927e61bf-33d4-4c72-9c6e-e846b22cd97e/datanode-2/data/ratis/d23731f8-29c1-426d-ad88-adf62ae81dd4/current/log_inprogress_0
2019-09-24 19:13:52,970 [Thread-778] INFO  impl.RaftServerImpl (RaftServerImpl.java:setRole(174)) - d65623be-04e3-433c-9af8-6934d2279f6c@group-B0DE2BEA193A: changes role from  FOLLOWER to CANDIDATE at term 1 for changeToCandidate
2019-09-24 19:13:52,970 [4d8f17a5-2079-45c1-8233-e8f9fa301948@group-6C18652232F0-SegmentedRaftLogWorker] INFO  segmented.SegmentedRaftLogWorker (SegmentedRaftLogWorker.java:execute(569)) - 4d8f17a5-2079-45c1-8233-e8f9fa301948@group-6C18652232F0-SegmentedRaftLogWorker: created new log segment /workdir/hadoop-ozone/integration-test/target/test-dir/MiniOzoneClusterImpl-927e61bf-33d4-4c72-9c6e-e846b22cd97e/datanode-2/data/ratis/fc4d007f-f24a-4da5-a0e5-6c18652232f0/current/log_inprogress_0
2019-09-24 19:13:52,971 [Thread-778] INFO  impl.RoleInfo (RoleInfo.java:updateAndGet(143)) - d65623be-04e3-433c-9af8-6934d2279f6c: start LeaderElection
2019-09-24 19:13:52,971 [pool-179-thread-1] INFO  ratis.ContainerStateMachine (ContainerStateMachine.java:loadSnapshot(230)) - group-E5528CAA5F29: The snapshot info is null. Setting the last applied indexto:(t:0, i:~)
2019-09-24 19:13:52,971 [pool-139-thread-1] INFO  ratis.ContainerStateMachine (ContainerStateMachine.java:loadSnapshot(230)) - group-E5528CAA5F29: The snapshot info is null. Setting the last applied indexto:(t:0, i:~)
2019-09-24 19:13:52,976 [pool-179-thread-1] INFO  server.RaftServerConfigKeys (ConfUtils.java:logGet(43)) - raft.server.notification.no-leader.timeout = 120s (custom)
2019-09-24 19:13:52,976 [pool-139-thread-1] INFO  server.RaftServerConfigKeys (ConfUtils.java:logGet(43)) - raft.server.notification.no-leader.timeout = 120s (custom)
2019-09-24 19:13:52,976 [pool-179-thread-1] INFO  server.RaftServerConfigKeys (ConfUtils.java:logGet(43)) - raft.server.log.use.memory = false (default)
2019-09-24 19:13:52,976 [pool-139-thread-1] INFO  server.RaftServerConfigKeys (ConfUtils.java:logGet(43)) - raft.server.log.use.memory = false (default)
2019-09-24 19:13:52,977 [pool-179-thread-1] INFO  server.RaftServerConfigKeys (ConfUtils.java:logGet(43)) - raft.server.log.purge.gap = 1000000 (custom)
2019-09-24 19:13:52,977 [pool-139-thread-1] INFO  server.RaftServerConfigKeys (ConfUtils.java:logGet(43)) - raft.server.log.purge.gap = 1000000 (custom)
2019-09-24 19:13:52,977 [pool-179-thread-1] INFO  server.RaftServerConfigKeys (ConfUtils.java:logGet(43)) - raft.server.log.appender.buffer.byte-limit = 33554432 (custom)
2019-09-24 19:13:52,977 [pool-139-thread-1] INFO  server.RaftServerConfigKeys (ConfUtils.java:logGet(43)) - raft.server.log.appender.buffer.byte-limit = 33554432 (custom)
2019-09-24 19:13:52,977 [pool-179-thread-1] INFO  server.RaftServerConfigKeys (ConfUtils.java:logGet(43)) - raft.server.log.segment.size.max = 1048576 (custom)
2019-09-24 19:13:52,978 [pool-139-thread-1] INFO  server.RaftServerConfigKeys (ConfUtils.java:logGet(43)) - raft.server.log.segment.size.max = 1048576 (custom)
2019-09-24 19:13:52,978 [pool-179-thread-1] INFO  server.RaftServerConfigKeys (ConfUtils.java:logGet(43)) - raft.server.log.segment.cache.num.max = 2 (custom)
2019-09-24 19:13:52,978 [pool-139-thread-1] INFO  server.RaftServerConfigKeys (ConfUtils.java:logGet(43)) - raft.server.log.segment.cache.num.max = 2 (custom)
2019-09-24 19:13:52,978 [pool-179-thread-1] INFO  segmented.SegmentedRaftLogWorker (SegmentedRaftLogWorker.java:<init>(172)) - new d65623be-04e3-433c-9af8-6934d2279f6c@group-E5528CAA5F29-SegmentedRaftLogWorker for RaftStorage:Storage Directory /workdir/hadoop-ozone/integration-test/target/test-dir/MiniOzoneClusterImpl-927e61bf-33d4-4c72-9c6e-e846b22cd97e/datanode-6/data/ratis/376c2805-d066-45d6-b61e-e5528caa5f29
2019-09-24 19:13:52,978 [pool-139-thread-1] INFO  segmented.SegmentedRaftLogWorker (SegmentedRaftLogWorker.java:<init>(172)) - new 4d8f17a5-2079-45c1-8233-e8f9fa301948@group-E5528CAA5F29-SegmentedRaftLogWorker for RaftStorage:Storage Directory /workdir/hadoop-ozone/integration-test/target/test-dir/MiniOzoneClusterImpl-927e61bf-33d4-4c72-9c6e-e846b22cd97e/datanode-2/data/ratis/376c2805-d066-45d6-b61e-e5528caa5f29
2019-09-24 19:13:52,979 [pool-179-thread-1] INFO  server.RaftServerConfigKeys (ConfUtils.java:logGet(43)) - raft.server.log.queue.byte-limit = 2147483647 (custom)
2019-09-24 19:13:52,979 [pool-139-thread-1] INFO  server.RaftServerConfigKeys (ConfUtils.java:logGet(43)) - raft.server.log.queue.byte-limit = 2147483647 (custom)
2019-09-24 19:13:52,979 [pool-179-thread-1] INFO  server.RaftServerConfigKeys (ConfUtils.java:logGet(43)) - raft.server.log.queue.element-limit = 1024 (custom)
2019-09-24 19:13:52,979 [pool-139-thread-1] INFO  server.RaftServerConfigKeys (ConfUtils.java:logGet(43)) - raft.server.log.queue.element-limit = 1024 (custom)
2019-09-24 19:13:52,979 [pool-179-thread-1] INFO  server.RaftServerConfigKeys (ConfUtils.java:logGet(43)) - raft.server.log.segment.size.max = 1048576 (custom)
2019-09-24 19:13:52,980 [pool-139-thread-1] INFO  server.RaftServerConfigKeys (ConfUtils.java:logGet(43)) - raft.server.log.segment.size.max = 1048576 (custom)
2019-09-24 19:13:52,980 [pool-179-thread-1] INFO  server.RaftServerConfigKeys (ConfUtils.java:logGet(43)) - raft.server.log.preallocated.size = 16384 (custom)
2019-09-24 19:13:52,980 [pool-139-thread-1] INFO  server.RaftServerConfigKeys (ConfUtils.java:logGet(43)) - raft.server.log.preallocated.size = 16384 (custom)
2019-09-24 19:13:52,980 [pool-179-thread-1] INFO  server.RaftServerConfigKeys (ConfUtils.java:logGet(43)) - raft.server.log.write.buffer.size = 33554432 (custom)
2019-09-24 19:13:52,980 [pool-139-thread-1] INFO  server.RaftServerConfigKeys (ConfUtils.java:logGet(43)) - raft.server.log.write.buffer.size = 33554432 (custom)
2019-09-24 19:13:52,980 [pool-179-thread-1] INFO  server.RaftServerConfigKeys (ConfUtils.java:logGet(43)) - raft.server.log.force.sync.num = 128 (default)
2019-09-24 19:13:52,981 [pool-139-thread-1] INFO  server.RaftServerConfigKeys (ConfUtils.java:logGet(43)) - raft.server.log.force.sync.num = 128 (default)
2019-09-24 19:13:52,981 [pool-179-thread-1] INFO  server.RaftServerConfigKeys (ConfUtils.java:logGet(43)) - raft.server.log.statemachine.data.sync = true (default)
2019-09-24 19:13:52,981 [pool-139-thread-1] INFO  server.RaftServerConfigKeys (ConfUtils.java:logGet(43)) - raft.server.log.statemachine.data.sync = true (default)
2019-09-24 19:13:52,981 [pool-179-thread-1] INFO  server.RaftServerConfigKeys (ConfUtils.java:logGet(43)) - raft.server.log.statemachine.data.sync.timeout = 10s (default)
2019-09-24 19:13:52,981 [pool-139-thread-1] INFO  server.RaftServerConfigKeys (ConfUtils.java:logGet(43)) - raft.server.log.statemachine.data.sync.timeout = 10s (default)
2019-09-24 19:13:52,982 [pool-179-thread-1] INFO  server.RaftServerConfigKeys (ConfUtils.java:logGet(43)) - raft.server.log.statemachine.data.sync.timeout.retry = -1 (default)
2019-09-24 19:13:52,982 [pool-139-thread-1] INFO  server.RaftServerConfigKeys (ConfUtils.java:logGet(43)) - raft.server.log.statemachine.data.sync.timeout.retry = -1 (default)
2019-09-24 19:13:52,982 [pool-179-thread-1] INFO  server.RaftServerConfigKeys (ConfUtils.java:logGet(43)) - raft.server.log.statemachine.data.caching.enabled = true (custom)
2019-09-24 19:13:52,982 [pool-139-thread-1] INFO  server.RaftServerConfigKeys (ConfUtils.java:logGet(43)) - raft.server.log.statemachine.data.caching.enabled = true (custom)
2019-09-24 19:13:52,983 [pool-179-thread-1] INFO  segmented.SegmentedRaftLogWorker (SegmentedRaftLogWorker.java:lambda$new$0(132)) - d65623be-04e3-433c-9af8-6934d2279f6c@group-E5528CAA5F29-SegmentedRaftLogWorker: flushIndex: setUnconditionally 0 -> -1
2019-09-24 19:13:52,983 [pool-139-thread-1] INFO  segmented.SegmentedRaftLogWorker (SegmentedRaftLogWorker.java:lambda$new$0(132)) - 4d8f17a5-2079-45c1-8233-e8f9fa301948@group-E5528CAA5F29-SegmentedRaftLogWorker: flushIndex: setUnconditionally 0 -> -1
2019-09-24 19:13:52,983 [pool-179-thread-1] INFO  server.RaftServerConfigKeys (ConfUtils.java:logGet(43)) - raft.server.snapshot.auto.trigger.enabled = true (custom)
2019-09-24 19:13:52,983 [pool-139-thread-1] INFO  server.RaftServerConfigKeys (ConfUtils.java:logGet(43)) - raft.server.snapshot.auto.trigger.enabled = true (custom)
2019-09-24 19:13:52,983 [pool-179-thread-1] INFO  server.RaftServerConfigKeys (ConfUtils.java:logGet(43)) - raft.server.snapshot.auto.trigger.threshold = 10000 (custom)
2019-09-24 19:13:52,983 [pool-139-thread-1] INFO  server.RaftServerConfigKeys (ConfUtils.java:logGet(43)) - raft.server.snapshot.auto.trigger.threshold = 10000 (custom)
2019-09-24 19:13:52,984 [pool-179-thread-1] INFO  server.RaftServerConfigKeys (ConfUtils.java:logGet(43)) - raft.server.snapshot.retention.num.files = 5 (custom)
2019-09-24 19:13:52,984 [pool-139-thread-1] INFO  server.RaftServerConfigKeys (ConfUtils.java:logGet(43)) - raft.server.snapshot.retention.num.files = 5 (custom)
2019-09-24 19:13:52,984 [pool-179-thread-1] INFO  server.RaftServerConfigKeys (ConfUtils.java:logGet(43)) - raft.server.retrycache.expirytime = 600000ms (custom)
2019-09-24 19:13:52,984 [pool-139-thread-1] INFO  server.RaftServerConfigKeys (ConfUtils.java:logGet(43)) - raft.server.retrycache.expirytime = 600000ms (custom)
2019-09-24 19:13:52,997 [pool-179-thread-1] INFO  impl.RaftServerImpl (RaftServerImpl.java:<init>(95)) - d65623be-04e3-433c-9af8-6934d2279f6c: new RaftServerImpl for group-E41EBB7F3038:[d65623be-04e3-433c-9af8-6934d2279f6c:192.168.5.148:36478, 2aad5506-4352-4587-a9d6-f1a315122139:192.168.5.148:34412, 4d8f17a5-2079-45c1-8233-e8f9fa301948:192.168.5.148:37579] with ContainerStateMachine:uninitialized
2019-09-24 19:13:52,997 [pool-179-thread-1] INFO  server.RaftServerConfigKeys (ConfUtils.java:logGet(43)) - raft.server.rpc.timeout.min = 5s (custom)
2019-09-24 19:13:52,997 [pool-179-thread-1] INFO  server.RaftServerConfigKeys (ConfUtils.java:logGet(43)) - raft.server.rpc.timeout.max = 5200ms (custom)
2019-09-24 19:13:52,998 [pool-179-thread-1] INFO  server.RaftServerConfigKeys (ConfUtils.java:logGet(43)) - raft.server.rpcslowness.timeout = 120s (custom)
2019-09-24 19:13:52,998 [pool-179-thread-1] INFO  server.RaftServerConfigKeys (ConfUtils.java:logGet(43)) - raft.server.sleep.deviation.threshold = 300 (default)
2019-09-24 19:13:52,998 [pool-179-thread-1] INFO  server.RaftServerConfigKeys (ConfUtils.java:logGet(43)) - raft.server.log.appender.install.snapshot.enabled = false (custom)
2019-09-24 19:13:52,998 [pool-139-thread-1] INFO  impl.RaftServerImpl (RaftServerImpl.java:<init>(95)) - 4d8f17a5-2079-45c1-8233-e8f9fa301948: new RaftServerImpl for group-E41EBB7F3038:[d65623be-04e3-433c-9af8-6934d2279f6c:192.168.5.148:36478, 2aad5506-4352-4587-a9d6-f1a315122139:192.168.5.148:34412, 4d8f17a5-2079-45c1-8233-e8f9fa301948:192.168.5.148:37579] with ContainerStateMachine:uninitialized
2019-09-24 19:13:52,998 [pool-179-thread-1] INFO  impl.RaftServerImpl (ServerState.java:<init>(103)) - d65623be-04e3-433c-9af8-6934d2279f6c@group-E41EBB7F3038: ConfigurationManager, init=-1: [d65623be-04e3-433c-9af8-6934d2279f6c:192.168.5.148:36478, 2aad5506-4352-4587-a9d6-f1a315122139:192.168.5.148:34412, 4d8f17a5-2079-45c1-8233-e8f9fa301948:192.168.5.148:37579], old=null, confs=<EMPTY_MAP>
2019-09-24 19:13:52,998 [pool-139-thread-1] INFO  server.RaftServerConfigKeys (ConfUtils.java:logGet(43)) - raft.server.rpc.timeout.min = 5s (custom)
2019-09-24 19:13:52,999 [pool-179-thread-1] INFO  server.RaftServerConfigKeys (ConfUtils.java:logGet(43)) - raft.server.storage.dir = [/workdir/hadoop-ozone/integration-test/target/test-dir/MiniOzoneClusterImpl-927e61bf-33d4-4c72-9c6e-e846b22cd97e/datanode-6/data/ratis] (custom)
2019-09-24 19:13:52,999 [pool-139-thread-1] INFO  server.RaftServerConfigKeys (ConfUtils.java:logGet(43)) - raft.server.rpc.timeout.max = 5200ms (custom)
2019-09-24 19:13:52,999 [pool-139-thread-1] INFO  server.RaftServerConfigKeys (ConfUtils.java:logGet(43)) - raft.server.rpcslowness.timeout = 120s (custom)
2019-09-24 19:13:52,999 [pool-139-thread-1] INFO  server.RaftServerConfigKeys (ConfUtils.java:logGet(43)) - raft.server.sleep.deviation.threshold = 300 (default)
2019-09-24 19:13:52,999 [pool-179-thread-1] INFO  storage.RaftStorageDirectory (RaftStorageDirectory.java:analyzeStorage(246)) - The storage directory /workdir/hadoop-ozone/integration-test/target/test-dir/MiniOzoneClusterImpl-927e61bf-33d4-4c72-9c6e-e846b22cd97e/datanode-6/data/ratis/17eef34e-4677-4de4-b5c5-e41ebb7f3038 does not exist. Creating ...
2019-09-24 19:13:52,999 [pool-139-thread-1] INFO  server.RaftServerConfigKeys (ConfUtils.java:logGet(43)) - raft.server.log.appender.install.snapshot.enabled = false (custom)
2019-09-24 19:13:53,000 [pool-139-thread-1] INFO  impl.RaftServerImpl (ServerState.java:<init>(103)) - 4d8f17a5-2079-45c1-8233-e8f9fa301948@group-E41EBB7F3038: ConfigurationManager, init=-1: [d65623be-04e3-433c-9af8-6934d2279f6c:192.168.5.148:36478, 2aad5506-4352-4587-a9d6-f1a315122139:192.168.5.148:34412, 4d8f17a5-2079-45c1-8233-e8f9fa301948:192.168.5.148:37579], old=null, confs=<EMPTY_MAP>
2019-09-24 19:13:53,000 [pool-139-thread-1] INFO  server.RaftServerConfigKeys (ConfUtils.java:logGet(43)) - raft.server.storage.dir = [/workdir/hadoop-ozone/integration-test/target/test-dir/MiniOzoneClusterImpl-927e61bf-33d4-4c72-9c6e-e846b22cd97e/datanode-2/data/ratis] (custom)
2019-09-24 19:13:53,001 [pool-139-thread-1] INFO  storage.RaftStorageDirectory (RaftStorageDirectory.java:analyzeStorage(246)) - The storage directory /workdir/hadoop-ozone/integration-test/target/test-dir/MiniOzoneClusterImpl-927e61bf-33d4-4c72-9c6e-e846b22cd97e/datanode-2/data/ratis/17eef34e-4677-4de4-b5c5-e41ebb7f3038 does not exist. Creating ...
2019-09-24 19:13:53,001 [Thread-780] INFO  impl.FollowerState (FollowerState.java:run(106)) - 4d8f17a5-2079-45c1-8233-e8f9fa301948:group-B0DE2BEA193A changes to CANDIDATE, lastRpcTime:5164, electionTimeout:5164ms
2019-09-24 19:13:53,001 [Thread-780] INFO  impl.RoleInfo (RoleInfo.java:shutdownFollowerState(121)) - 4d8f17a5-2079-45c1-8233-e8f9fa301948: shutdown FollowerState
2019-09-24 19:13:53,001 [Thread-780] INFO  impl.RaftServerImpl (RaftServerImpl.java:setRole(174)) - 4d8f17a5-2079-45c1-8233-e8f9fa301948@group-B0DE2BEA193A: changes role from  FOLLOWER to CANDIDATE at term 1 for changeToCandidate
2019-09-24 19:13:53,001 [Thread-780] INFO  impl.RoleInfo (RoleInfo.java:updateAndGet(143)) - 4d8f17a5-2079-45c1-8233-e8f9fa301948: start LeaderElection
2019-09-24 19:13:53,002 [Thread-779] INFO  impl.FollowerState (FollowerState.java:run(106)) - 2aad5506-4352-4587-a9d6-f1a315122139:group-B0DE2BEA193A changes to CANDIDATE, lastRpcTime:5165, electionTimeout:5165ms
2019-09-24 19:13:53,002 [Thread-779] INFO  impl.RoleInfo (RoleInfo.java:shutdownFollowerState(121)) - 2aad5506-4352-4587-a9d6-f1a315122139: shutdown FollowerState
2019-09-24 19:13:53,006 [Thread-779] INFO  impl.RaftServerImpl (RaftServerImpl.java:setRole(174)) - 2aad5506-4352-4587-a9d6-f1a315122139@group-B0DE2BEA193A: changes role from  FOLLOWER to CANDIDATE at term 1 for changeToCandidate
2019-09-24 19:13:53,006 [Thread-779] INFO  impl.RoleInfo (RoleInfo.java:updateAndGet(143)) - 2aad5506-4352-4587-a9d6-f1a315122139: start LeaderElection
2019-09-24 19:13:54,623 [RATISCREATEPIPELINE3] ERROR pipeline.RatisPipelineProvider (RatisPipelineProvider.java:lambda$null$5(235)) - Failed invoke Ratis rpc org.apache.hadoop.hdds.scm.pipeline.RatisPipelineProvider$$Lambda$210/123891738@5f1a07da for d65623be-04e3-433c-9af8-6934d2279f6c
org.apache.ratis.protocol.TimeoutIOException: deadline exceeded after 2999560359ns
	at org.apache.ratis.grpc.GrpcUtil.tryUnwrapException(GrpcUtil.java:82)
	at org.apache.ratis.grpc.GrpcUtil.unwrapException(GrpcUtil.java:75)
	at org.apache.ratis.grpc.client.GrpcClientProtocolClient.blockingCall(GrpcClientProtocolClient.java:178)
	at org.apache.ratis.grpc.client.GrpcClientProtocolClient.groupAdd(GrpcClientProtocolClient.java:147)
	at org.apache.ratis.grpc.client.GrpcClientRpc.sendRequest(GrpcClientRpc.java:94)
	at org.apache.ratis.client.impl.RaftClientImpl.sendRequest(RaftClientImpl.java:278)
	at org.apache.ratis.client.impl.RaftClientImpl.groupAdd(RaftClientImpl.java:205)
	at org.apache.hadoop.hdds.scm.pipeline.RatisPipelineProvider.lambda$initializePipeline$4(RatisPipelineProvider.java:196)
	at org.apache.hadoop.hdds.scm.pipeline.RatisPipelineProvider.lambda$null$5(RatisPipelineProvider.java:231)
	at java.util.stream.ForEachOps$ForEachOp$OfRef.accept(ForEachOps.java:184)
	at java.util.ArrayList$ArrayListSpliterator.forEachRemaining(ArrayList.java:1382)
	at java.util.stream.AbstractPipeline.copyInto(AbstractPipeline.java:482)
	at java.util.stream.ForEachOps$ForEachTask.compute(ForEachOps.java:291)
	at java.util.concurrent.CountedCompleter.exec(CountedCompleter.java:731)
	at java.util.concurrent.ForkJoinTask.doExec(ForkJoinTask.java:289)
	at java.util.concurrent.ForkJoinPool$WorkQueue.runTask(ForkJoinPool.java:1056)
	at java.util.concurrent.ForkJoinPool.runWorker(ForkJoinPool.java:1692)
	at java.util.concurrent.ForkJoinWorkerThread.run(ForkJoinWorkerThread.java:157)
Caused by: org.apache.ratis.thirdparty.io.grpc.StatusRuntimeException: DEADLINE_EXCEEDED: deadline exceeded after 2999560359ns
	at org.apache.ratis.thirdparty.io.grpc.stub.ClientCalls.toStatusRuntimeException(ClientCalls.java:233)
	at org.apache.ratis.thirdparty.io.grpc.stub.ClientCalls.getUnchecked(ClientCalls.java:214)
	at org.apache.ratis.thirdparty.io.grpc.stub.ClientCalls.blockingUnaryCall(ClientCalls.java:139)
	at org.apache.ratis.proto.grpc.AdminProtocolServiceGrpc$AdminProtocolServiceBlockingStub.groupManagement(AdminProtocolServiceGrpc.java:274)
	at org.apache.ratis.grpc.client.GrpcClientProtocolClient.lambda$groupAdd$3(GrpcClientProtocolClient.java:149)
	at org.apache.ratis.grpc.client.GrpcClientProtocolClient.blockingCall(GrpcClientProtocolClient.java:176)
	... 15 more
2019-09-24 19:13:54,623 [RATISCREATEPIPELINE2] ERROR pipeline.RatisPipelineProvider (RatisPipelineProvider.java:lambda$null$5(235)) - Failed invoke Ratis rpc org.apache.hadoop.hdds.scm.pipeline.RatisPipelineProvider$$Lambda$210/123891738@5f1a07da for 4d8f17a5-2079-45c1-8233-e8f9fa301948
org.apache.ratis.protocol.TimeoutIOException: deadline exceeded after 2999525544ns
	at org.apache.ratis.grpc.GrpcUtil.tryUnwrapException(GrpcUtil.java:82)
	at org.apache.ratis.grpc.GrpcUtil.unwrapException(GrpcUtil.java:75)
	at org.apache.ratis.grpc.client.GrpcClientProtocolClient.blockingCall(GrpcClientProtocolClient.java:178)
	at org.apache.ratis.grpc.client.GrpcClientProtocolClient.groupAdd(GrpcClientProtocolClient.java:147)
	at org.apache.ratis.grpc.client.GrpcClientRpc.sendRequest(GrpcClientRpc.java:94)
	at org.apache.ratis.client.impl.RaftClientImpl.sendRequest(RaftClientImpl.java:278)
	at org.apache.ratis.client.impl.RaftClientImpl.groupAdd(RaftClientImpl.java:205)
	at org.apache.hadoop.hdds.scm.pipeline.RatisPipelineProvider.lambda$initializePipeline$4(RatisPipelineProvider.java:196)
	at org.apache.hadoop.hdds.scm.pipeline.RatisPipelineProvider.lambda$null$5(RatisPipelineProvider.java:231)
	at java.util.stream.ForEachOps$ForEachOp$OfRef.accept(ForEachOps.java:184)
	at java.util.ArrayList$ArrayListSpliterator.forEachRemaining(ArrayList.java:1382)
	at java.util.stream.AbstractPipeline.copyInto(AbstractPipeline.java:482)
	at java.util.stream.ForEachOps$ForEachTask.compute(ForEachOps.java:291)
	at java.util.concurrent.CountedCompleter.exec(CountedCompleter.java:731)
	at java.util.concurrent.ForkJoinTask.doExec(ForkJoinTask.java:289)
	at java.util.concurrent.ForkJoinPool$WorkQueue.runTask(ForkJoinPool.java:1056)
	at java.util.concurrent.ForkJoinPool.runWorker(ForkJoinPool.java:1692)
	at java.util.concurrent.ForkJoinWorkerThread.run(ForkJoinWorkerThread.java:157)
Caused by: org.apache.ratis.thirdparty.io.grpc.StatusRuntimeException: DEADLINE_EXCEEDED: deadline exceeded after 2999525544ns
	at org.apache.ratis.thirdparty.io.grpc.stub.ClientCalls.toStatusRuntimeException(ClientCalls.java:233)
	at org.apache.ratis.thirdparty.io.grpc.stub.ClientCalls.getUnchecked(ClientCalls.java:214)
	at org.apache.ratis.thirdparty.io.grpc.stub.ClientCalls.blockingUnaryCall(ClientCalls.java:139)
	at org.apache.ratis.proto.grpc.AdminProtocolServiceGrpc$AdminProtocolServiceBlockingStub.groupManagement(AdminProtocolServiceGrpc.java:274)
	at org.apache.ratis.grpc.client.GrpcClientProtocolClient.lambda$groupAdd$3(GrpcClientProtocolClient.java:149)
	at org.apache.ratis.grpc.client.GrpcClientProtocolClient.blockingCall(GrpcClientProtocolClient.java:176)
	... 15 more
2019-09-24 19:13:54,623 [RATISCREATEPIPELINE1] ERROR pipeline.RatisPipelineProvider (RatisPipelineProvider.java:lambda$null$5(235)) - Failed invoke Ratis rpc org.apache.hadoop.hdds.scm.pipeline.RatisPipelineProvider$$Lambda$210/123891738@5f1a07da for 2aad5506-4352-4587-a9d6-f1a315122139
org.apache.ratis.protocol.TimeoutIOException: deadline exceeded after 2999561312ns
	at org.apache.ratis.grpc.GrpcUtil.tryUnwrapException(GrpcUtil.java:82)
	at org.apache.ratis.grpc.GrpcUtil.unwrapException(GrpcUtil.java:75)
	at org.apache.ratis.grpc.client.GrpcClientProtocolClient.blockingCall(GrpcClientProtocolClient.java:178)
	at org.apache.ratis.grpc.client.GrpcClientProtocolClient.groupAdd(GrpcClientProtocolClient.java:147)
	at org.apache.ratis.grpc.client.GrpcClientRpc.sendRequest(GrpcClientRpc.java:94)
	at org.apache.ratis.client.impl.RaftClientImpl.sendRequest(RaftClientImpl.java:278)
	at org.apache.ratis.client.impl.RaftClientImpl.groupAdd(RaftClientImpl.java:205)
	at org.apache.hadoop.hdds.scm.pipeline.RatisPipelineProvider.lambda$initializePipeline$4(RatisPipelineProvider.java:196)
	at org.apache.hadoop.hdds.scm.pipeline.RatisPipelineProvider.lambda$null$5(RatisPipelineProvider.java:231)
	at java.util.stream.ForEachOps$ForEachOp$OfRef.accept(ForEachOps.java:184)
	at java.util.ArrayList$ArrayListSpliterator.forEachRemaining(ArrayList.java:1382)
	at java.util.stream.AbstractPipeline.copyInto(AbstractPipeline.java:482)
	at java.util.stream.ForEachOps$ForEachTask.compute(ForEachOps.java:291)
	at java.util.concurrent.CountedCompleter.exec(CountedCompleter.java:731)
	at java.util.concurrent.ForkJoinTask.doExec(ForkJoinTask.java:289)
	at java.util.concurrent.ForkJoinTask.doInvoke(ForkJoinTask.java:401)
	at java.util.concurrent.ForkJoinTask.invoke(ForkJoinTask.java:734)
	at java.util.stream.ForEachOps$ForEachOp.evaluateParallel(ForEachOps.java:160)
	at java.util.stream.ForEachOps$ForEachOp$OfRef.evaluateParallel(ForEachOps.java:174)
	at java.util.stream.AbstractPipeline.evaluate(AbstractPipeline.java:233)
	at java.util.stream.ReferencePipeline.forEach(ReferencePipeline.java:418)
	at java.util.stream.ReferencePipeline$Head.forEach(ReferencePipeline.java:583)
	at org.apache.hadoop.hdds.scm.pipeline.RatisPipelineProvider.lambda$callRatisRpc$6(RatisPipelineProvider.java:225)
	at java.util.concurrent.ForkJoinTask$AdaptedRunnableAction.exec(ForkJoinTask.java:1386)
	at java.util.concurrent.ForkJoinTask.doExec(ForkJoinTask.java:289)
	at java.util.concurrent.ForkJoinPool$WorkQueue.runTask(ForkJoinPool.java:1056)
	at java.util.concurrent.ForkJoinPool.runWorker(ForkJoinPool.java:1692)
	at java.util.concurrent.ForkJoinWorkerThread.run(ForkJoinWorkerThread.java:157)
Caused by: org.apache.ratis.thirdparty.io.grpc.StatusRuntimeException: DEADLINE_EXCEEDED: deadline exceeded after 2999561312ns
	at org.apache.ratis.thirdparty.io.grpc.stub.ClientCalls.toStatusRuntimeException(ClientCalls.java:233)
	at org.apache.ratis.thirdparty.io.grpc.stub.ClientCalls.getUnchecked(ClientCalls.java:214)
	at org.apache.ratis.thirdparty.io.grpc.stub.ClientCalls.blockingUnaryCall(ClientCalls.java:139)
	at org.apache.ratis.proto.grpc.AdminProtocolServiceGrpc$AdminProtocolServiceBlockingStub.groupManagement(AdminProtocolServiceGrpc.java:274)
	at org.apache.ratis.grpc.client.GrpcClientProtocolClient.lambda$groupAdd$3(GrpcClientProtocolClient.java:149)
	at org.apache.ratis.grpc.client.GrpcClientProtocolClient.blockingCall(GrpcClientProtocolClient.java:176)
	... 25 more
2019-09-24 19:13:54,646 [IPC Server handler 2 on 35247] WARN  block.BlockManagerImpl (BlockManagerImpl.java:allocateBlock(192)) - Pipeline creation failed for type:RATIS factor:THREE. Retrying get pipelines call once.
org.apache.hadoop.io.MultipleIOException: 3 exceptions [java.io.IOException: Failed invoke Ratis rpc org.apache.hadoop.hdds.scm.pipeline.RatisPipelineProvider$$Lambda$210/123891738@5f1a07da for d65623be-04e3-433c-9af8-6934d2279f6c, java.io.IOException: Failed invoke Ratis rpc org.apache.hadoop.hdds.scm.pipeline.RatisPipelineProvider$$Lambda$210/123891738@5f1a07da for 4d8f17a5-2079-45c1-8233-e8f9fa301948, java.io.IOException: Failed invoke Ratis rpc org.apache.hadoop.hdds.scm.pipeline.RatisPipelineProvider$$Lambda$210/123891738@5f1a07da for 2aad5506-4352-4587-a9d6-f1a315122139]
	at org.apache.hadoop.io.MultipleIOException.createIOException(MultipleIOException.java:53)
	at org.apache.hadoop.hdds.scm.pipeline.RatisPipelineProvider.callRatisRpc(RatisPipelineProvider.java:251)
	at org.apache.hadoop.hdds.scm.pipeline.RatisPipelineProvider.initializePipeline(RatisPipelineProvider.java:194)
	at org.apache.hadoop.hdds.scm.pipeline.RatisPipelineProvider.create(RatisPipelineProvider.java:163)
	at org.apache.hadoop.hdds.scm.pipeline.PipelineFactory.create(PipelineFactory.java:58)
	at org.apache.hadoop.hdds.scm.pipeline.SCMPipelineManager.createPipeline(SCMPipelineManager.java:155)
	at org.apache.hadoop.hdds.scm.block.BlockManagerImpl.allocateBlock(BlockManagerImpl.java:190)
	at org.apache.hadoop.hdds.scm.server.SCMBlockProtocolServer.allocateBlock(SCMBlockProtocolServer.java:182)
	at org.apache.hadoop.ozone.protocolPB.ScmBlockLocationProtocolServerSideTranslatorPB.allocateScmBlock(ScmBlockLocationProtocolServerSideTranslatorPB.java:183)
	at org.apache.hadoop.ozone.protocolPB.ScmBlockLocationProtocolServerSideTranslatorPB.processMessage(ScmBlockLocationProtocolServerSideTranslatorPB.java:141)
	at org.apache.hadoop.ozone.protocolPB.ScmBlockLocationProtocolServerSideTranslatorPB.send(ScmBlockLocationProtocolServerSideTranslatorPB.java:116)
	at org.apache.hadoop.hdds.protocol.proto.ScmBlockLocationProtocolProtos$ScmBlockLocationProtocolService$2.callBlockingMethod(ScmBlockLocationProtocolProtos.java:13157)
	at org.apache.hadoop.ipc.ProtobufRpcEngine$Server$ProtoBufRpcInvoker.call(ProtobufRpcEngine.java:524)
	at org.apache.hadoop.ipc.RPC$Server.call(RPC.java:1025)
	at org.apache.hadoop.ipc.Server$RpcCall.run(Server.java:876)
	at org.apache.hadoop.ipc.Server$RpcCall.run(Server.java:822)
	at java.security.AccessController.doPrivileged(Native Method)
	at javax.security.auth.Subject.doAs(Subject.java:422)
	at org.apache.hadoop.security.UserGroupInformation.doAs(UserGroupInformation.java:1730)
	at org.apache.hadoop.ipc.Server$Handler.run(Server.java:2682)
2019-09-24 19:13:54,646 [IPC Server handler 2 on 35247] INFO  block.BlockManagerImpl (BlockManagerImpl.java:allocateBlock(198)) - Could not find available pipeline of type:RATIS and factor:THREE even after retrying
2019-09-24 19:13:54,647 [IPC Server handler 2 on 35247] ERROR block.BlockManagerImpl (BlockManagerImpl.java:allocateBlock(222)) - Unable to allocate a block for the size: 800, type: RATIS, factor: THREE
2019-09-24 19:13:54,666 [grpc-default-executor-10] INFO  impl.RaftServerProxy (RaftServerProxy.java:addNew(89)) - 4d8f17a5-2079-45c1-8233-e8f9fa301948: addNew group-7A38BE0F8EED:[d65623be-04e3-433c-9af8-6934d2279f6c:192.168.5.148:36478, 2aad5506-4352-4587-a9d6-f1a315122139:192.168.5.148:34412, 4d8f17a5-2079-45c1-8233-e8f9fa301948:192.168.5.148:37579] returns group-7A38BE0F8EED:java.util.concurrent.CompletableFuture@78998b15[Not completed]
2019-09-24 19:13:54,667 [grpc-default-executor-7] INFO  impl.RaftServerProxy (RaftServerProxy.java:addNew(89)) - d65623be-04e3-433c-9af8-6934d2279f6c: addNew group-7A38BE0F8EED:[d65623be-04e3-433c-9af8-6934d2279f6c:192.168.5.148:36478, 2aad5506-4352-4587-a9d6-f1a315122139:192.168.5.148:34412, 4d8f17a5-2079-45c1-8233-e8f9fa301948:192.168.5.148:37579] returns group-7A38BE0F8EED:java.util.concurrent.CompletableFuture@69cad8c8[Not completed]
2019-09-24 19:13:54,667 [grpc-default-executor-6] INFO  impl.RaftServerProxy (RaftServerProxy.java:addNew(89)) - 2aad5506-4352-4587-a9d6-f1a315122139: addNew group-7A38BE0F8EED:[d65623be-04e3-433c-9af8-6934d2279f6c:192.168.5.148:36478, 2aad5506-4352-4587-a9d6-f1a315122139:192.168.5.148:34412, 4d8f17a5-2079-45c1-8233-e8f9fa301948:192.168.5.148:37579] returns group-7A38BE0F8EED:java.util.concurrent.CompletableFuture@27a20bc4[Not completed]
2019-09-24 19:13:57,664 [RATISCREATEPIPELINE3] ERROR pipeline.RatisPipelineProvider (RatisPipelineProvider.java:lambda$null$5(235)) - Failed invoke Ratis rpc org.apache.hadoop.hdds.scm.pipeline.RatisPipelineProvider$$Lambda$210/123891738@5bae99cc for d65623be-04e3-433c-9af8-6934d2279f6c
org.apache.ratis.protocol.TimeoutIOException: deadline exceeded after 2997572416ns
	at org.apache.ratis.grpc.GrpcUtil.tryUnwrapException(GrpcUtil.java:82)
	at org.apache.ratis.grpc.GrpcUtil.unwrapException(GrpcUtil.java:75)
	at org.apache.ratis.grpc.client.GrpcClientProtocolClient.blockingCall(GrpcClientProtocolClient.java:178)
	at org.apache.ratis.grpc.client.GrpcClientProtocolClient.groupAdd(GrpcClientProtocolClient.java:147)
	at org.apache.ratis.grpc.client.GrpcClientRpc.sendRequest(GrpcClientRpc.java:94)
	at org.apache.ratis.client.impl.RaftClientImpl.sendRequest(RaftClientImpl.java:278)
	at org.apache.ratis.client.impl.RaftClientImpl.groupAdd(RaftClientImpl.java:205)
	at org.apache.hadoop.hdds.scm.pipeline.RatisPipelineProvider.lambda$initializePipeline$4(RatisPipelineProvider.java:196)
	at org.apache.hadoop.hdds.scm.pipeline.RatisPipelineProvider.lambda$null$5(RatisPipelineProvider.java:231)
	at java.util.stream.ForEachOps$ForEachOp$OfRef.accept(ForEachOps.java:184)
	at java.util.ArrayList$ArrayListSpliterator.forEachRemaining(ArrayList.java:1382)
	at java.util.stream.AbstractPipeline.copyInto(AbstractPipeline.java:482)
	at java.util.stream.ForEachOps$ForEachTask.compute(ForEachOps.java:291)
	at java.util.concurrent.CountedCompleter.exec(CountedCompleter.java:731)
	at java.util.concurrent.ForkJoinTask.doExec(ForkJoinTask.java:289)
	at java.util.concurrent.ForkJoinPool$WorkQueue.runTask(ForkJoinPool.java:1056)
	at java.util.concurrent.ForkJoinPool.runWorker(ForkJoinPool.java:1692)
	at java.util.concurrent.ForkJoinWorkerThread.run(ForkJoinWorkerThread.java:157)
Caused by: org.apache.ratis.thirdparty.io.grpc.StatusRuntimeException: DEADLINE_EXCEEDED: deadline exceeded after 2997572416ns
	at org.apache.ratis.thirdparty.io.grpc.stub.ClientCalls.toStatusRuntimeException(ClientCalls.java:233)
	at org.apache.ratis.thirdparty.io.grpc.stub.ClientCalls.getUnchecked(ClientCalls.java:214)
	at org.apache.ratis.thirdparty.io.grpc.stub.ClientCalls.blockingUnaryCall(ClientCalls.java:139)
	at org.apache.ratis.proto.grpc.AdminProtocolServiceGrpc$AdminProtocolServiceBlockingStub.groupManagement(AdminProtocolServiceGrpc.java:274)
	at org.apache.ratis.grpc.client.GrpcClientProtocolClient.lambda$groupAdd$3(GrpcClientProtocolClient.java:149)
	at org.apache.ratis.grpc.client.GrpcClientProtocolClient.blockingCall(GrpcClientProtocolClient.java:176)
	... 15 more
2019-09-24 19:13:57,664 [RATISCREATEPIPELINE2] ERROR pipeline.RatisPipelineProvider (RatisPipelineProvider.java:lambda$null$5(235)) - Failed invoke Ratis rpc org.apache.hadoop.hdds.scm.pipeline.RatisPipelineProvider$$Lambda$210/123891738@5bae99cc for 4d8f17a5-2079-45c1-8233-e8f9fa301948
org.apache.ratis.protocol.TimeoutIOException: deadline exceeded after 2999713663ns
	at org.apache.ratis.grpc.GrpcUtil.tryUnwrapException(GrpcUtil.java:82)
	at org.apache.ratis.grpc.GrpcUtil.unwrapException(GrpcUtil.java:75)
	at org.apache.ratis.grpc.client.GrpcClientProtocolClient.blockingCall(GrpcClientProtocolClient.java:178)
	at org.apache.ratis.grpc.client.GrpcClientProtocolClient.groupAdd(GrpcClientProtocolClient.java:147)
	at org.apache.ratis.grpc.client.GrpcClientRpc.sendRequest(GrpcClientRpc.java:94)
	at org.apache.ratis.client.impl.RaftClientImpl.sendRequest(RaftClientImpl.java:278)
	at org.apache.ratis.client.impl.RaftClientImpl.groupAdd(RaftClientImpl.java:205)
	at org.apache.hadoop.hdds.scm.pipeline.RatisPipelineProvider.lambda$initializePipeline$4(RatisPipelineProvider.java:196)
	at org.apache.hadoop.hdds.scm.pipeline.RatisPipelineProvider.lambda$null$5(RatisPipelineProvider.java:231)
	at java.util.stream.ForEachOps$ForEachOp$OfRef.accept(ForEachOps.java:184)
	at java.util.ArrayList$ArrayListSpliterator.forEachRemaining(ArrayList.java:1382)
	at java.util.stream.AbstractPipeline.copyInto(AbstractPipeline.java:482)
	at java.util.stream.ForEachOps$ForEachTask.compute(ForEachOps.java:291)
	at java.util.concurrent.CountedCompleter.exec(CountedCompleter.java:731)
	at java.util.concurrent.ForkJoinTask.doExec(ForkJoinTask.java:289)
	at java.util.concurrent.ForkJoinPool$WorkQueue.runTask(ForkJoinPool.java:1056)
	at java.util.concurrent.ForkJoinPool.runWorker(ForkJoinPool.java:1692)
	at java.util.concurrent.ForkJoinWorkerThread.run(ForkJoinWorkerThread.java:157)
Caused by: org.apache.ratis.thirdparty.io.grpc.StatusRuntimeException: DEADLINE_EXCEEDED: deadline exceeded after 2999713663ns
	at org.apache.ratis.thirdparty.io.grpc.stub.ClientCalls.toStatusRuntimeException(ClientCalls.java:233)
	at org.apache.ratis.thirdparty.io.grpc.stub.ClientCalls.getUnchecked(ClientCalls.java:214)
	at org.apache.ratis.thirdparty.io.grpc.stub.ClientCalls.blockingUnaryCall(ClientCalls.java:139)
	at org.apache.ratis.proto.grpc.AdminProtocolServiceGrpc$AdminProtocolServiceBlockingStub.groupManagement(AdminProtocolServiceGrpc.java:274)
	at org.apache.ratis.grpc.client.GrpcClientProtocolClient.lambda$groupAdd$3(GrpcClientProtocolClient.java:149)
	at org.apache.ratis.grpc.client.GrpcClientProtocolClient.blockingCall(GrpcClientProtocolClient.java:176)
	... 15 more
2019-09-24 19:13:57,664 [RATISCREATEPIPELINE1] ERROR pipeline.RatisPipelineProvider (RatisPipelineProvider.java:lambda$null$5(235)) - Failed invoke Ratis rpc org.apache.hadoop.hdds.scm.pipeline.RatisPipelineProvider$$Lambda$210/123891738@5bae99cc for 2aad5506-4352-4587-a9d6-f1a315122139
org.apache.ratis.protocol.TimeoutIOException: deadline exceeded after 2999757035ns
	at org.apache.ratis.grpc.GrpcUtil.tryUnwrapException(GrpcUtil.java:82)
	at org.apache.ratis.grpc.GrpcUtil.unwrapException(GrpcUtil.java:75)
	at org.apache.ratis.grpc.client.GrpcClientProtocolClient.blockingCall(GrpcClientProtocolClient.java:178)
	at org.apache.ratis.grpc.client.GrpcClientProtocolClient.groupAdd(GrpcClientProtocolClient.java:147)
	at org.apache.ratis.grpc.client.GrpcClientRpc.sendRequest(GrpcClientRpc.java:94)
	at org.apache.ratis.client.impl.RaftClientImpl.sendRequest(RaftClientImpl.java:278)
	at org.apache.ratis.client.impl.RaftClientImpl.groupAdd(RaftClientImpl.java:205)
	at org.apache.hadoop.hdds.scm.pipeline.RatisPipelineProvider.lambda$initializePipeline$4(RatisPipelineProvider.java:196)
	at org.apache.hadoop.hdds.scm.pipeline.RatisPipelineProvider.lambda$null$5(RatisPipelineProvider.java:231)
	at java.util.stream.ForEachOps$ForEachOp$OfRef.accept(ForEachOps.java:184)
	at java.util.ArrayList$ArrayListSpliterator.forEachRemaining(ArrayList.java:1382)
	at java.util.stream.AbstractPipeline.copyInto(AbstractPipeline.java:482)
	at java.util.stream.ForEachOps$ForEachTask.compute(ForEachOps.java:291)
	at java.util.concurrent.CountedCompleter.exec(CountedCompleter.java:731)
	at java.util.concurrent.ForkJoinTask.doExec(ForkJoinTask.java:289)
	at java.util.concurrent.ForkJoinTask.doInvoke(ForkJoinTask.java:401)
	at java.util.concurrent.ForkJoinTask.invoke(ForkJoinTask.java:734)
	at java.util.stream.ForEachOps$ForEachOp.evaluateParallel(ForEachOps.java:160)
	at java.util.stream.ForEachOps$ForEachOp$OfRef.evaluateParallel(ForEachOps.java:174)
	at java.util.stream.AbstractPipeline.evaluate(AbstractPipeline.java:233)
	at java.util.stream.ReferencePipeline.forEach(ReferencePipeline.java:418)
	at java.util.stream.ReferencePipeline$Head.forEach(ReferencePipeline.java:583)
	at org.apache.hadoop.hdds.scm.pipeline.RatisPipelineProvider.lambda$callRatisRpc$6(RatisPipelineProvider.java:225)
	at java.util.concurrent.ForkJoinTask$AdaptedRunnableAction.exec(ForkJoinTask.java:1386)
	at java.util.concurrent.ForkJoinTask.doExec(ForkJoinTask.java:289)
	at java.util.concurrent.ForkJoinPool$WorkQueue.runTask(ForkJoinPool.java:1056)
	at java.util.concurrent.ForkJoinPool.runWorker(ForkJoinPool.java:1692)
	at java.util.concurrent.ForkJoinWorkerThread.run(ForkJoinWorkerThread.java:157)
Caused by: org.apache.ratis.thirdparty.io.grpc.StatusRuntimeException: DEADLINE_EXCEEDED: deadline exceeded after 2999757035ns
	at org.apache.ratis.thirdparty.io.grpc.stub.ClientCalls.toStatusRuntimeException(ClientCalls.java:233)
	at org.apache.ratis.thirdparty.io.grpc.stub.ClientCalls.getUnchecked(ClientCalls.java:214)
	at org.apache.ratis.thirdparty.io.grpc.stub.ClientCalls.blockingUnaryCall(ClientCalls.java:139)
	at org.apache.ratis.proto.grpc.AdminProtocolServiceGrpc$AdminProtocolServiceBlockingStub.groupManagement(AdminProtocolServiceGrpc.java:274)
	at org.apache.ratis.grpc.client.GrpcClientProtocolClient.lambda$groupAdd$3(GrpcClientProtocolClient.java:149)
	at org.apache.ratis.grpc.client.GrpcClientProtocolClient.blockingCall(GrpcClientProtocolClient.java:176)
	... 25 more
2019-09-24 19:13:57,680 [IPC Server handler 2 on 35247] WARN  block.BlockManagerImpl (BlockManagerImpl.java:allocateBlock(192)) - Pipeline creation failed for type:RATIS factor:THREE. Retrying get pipelines call once.
org.apache.hadoop.io.MultipleIOException: 3 exceptions [java.io.IOException: Failed invoke Ratis rpc org.apache.hadoop.hdds.scm.pipeline.RatisPipelineProvider$$Lambda$210/123891738@5bae99cc for d65623be-04e3-433c-9af8-6934d2279f6c, java.io.IOException: Failed invoke Ratis rpc org.apache.hadoop.hdds.scm.pipeline.RatisPipelineProvider$$Lambda$210/123891738@5bae99cc for 4d8f17a5-2079-45c1-8233-e8f9fa301948, java.io.IOException: Failed invoke Ratis rpc org.apache.hadoop.hdds.scm.pipeline.RatisPipelineProvider$$Lambda$210/123891738@5bae99cc for 2aad5506-4352-4587-a9d6-f1a315122139]
	at org.apache.hadoop.io.MultipleIOException.createIOException(MultipleIOException.java:53)
	at org.apache.hadoop.hdds.scm.pipeline.RatisPipelineProvider.callRatisRpc(RatisPipelineProvider.java:251)
	at org.apache.hadoop.hdds.scm.pipeline.RatisPipelineProvider.initializePipeline(RatisPipelineProvider.java:194)
	at org.apache.hadoop.hdds.scm.pipeline.RatisPipelineProvider.create(RatisPipelineProvider.java:163)
	at org.apache.hadoop.hdds.scm.pipeline.PipelineFactory.create(PipelineFactory.java:58)
	at org.apache.hadoop.hdds.scm.pipeline.SCMPipelineManager.createPipeline(SCMPipelineManager.java:155)
	at org.apache.hadoop.hdds.scm.block.BlockManagerImpl.allocateBlock(BlockManagerImpl.java:190)
	at org.apache.hadoop.hdds.scm.server.SCMBlockProtocolServer.allocateBlock(SCMBlockProtocolServer.java:182)
	at org.apache.hadoop.ozone.protocolPB.ScmBlockLocationProtocolServerSideTranslatorPB.allocateScmBlock(ScmBlockLocationProtocolServerSideTranslatorPB.java:183)
	at org.apache.hadoop.ozone.protocolPB.ScmBlockLocationProtocolServerSideTranslatorPB.processMessage(ScmBlockLocationProtocolServerSideTranslatorPB.java:141)
	at org.apache.hadoop.ozone.protocolPB.ScmBlockLocationProtocolServerSideTranslatorPB.send(ScmBlockLocationProtocolServerSideTranslatorPB.java:116)
	at org.apache.hadoop.hdds.protocol.proto.ScmBlockLocationProtocolProtos$ScmBlockLocationProtocolService$2.callBlockingMethod(ScmBlockLocationProtocolProtos.java:13157)
	at org.apache.hadoop.ipc.ProtobufRpcEngine$Server$ProtoBufRpcInvoker.call(ProtobufRpcEngine.java:524)
	at org.apache.hadoop.ipc.RPC$Server.call(RPC.java:1025)
	at org.apache.hadoop.ipc.Server$RpcCall.run(Server.java:876)
	at org.apache.hadoop.ipc.Server$RpcCall.run(Server.java:822)
	at java.security.AccessController.doPrivileged(Native Method)
	at javax.security.auth.Subject.doAs(Subject.java:422)
	at org.apache.hadoop.security.UserGroupInformation.doAs(UserGroupInformation.java:1730)
	at org.apache.hadoop.ipc.Server$Handler.run(Server.java:2682)
2019-09-24 19:13:57,681 [IPC Server handler 2 on 35247] INFO  block.BlockManagerImpl (BlockManagerImpl.java:allocateBlock(198)) - Could not find available pipeline of type:RATIS and factor:THREE even after retrying
2019-09-24 19:13:57,681 [IPC Server handler 2 on 35247] ERROR block.BlockManagerImpl (BlockManagerImpl.java:allocateBlock(222)) - Unable to allocate a block for the size: 800, type: RATIS, factor: THREE
2019-09-24 19:13:57,689 [main] INFO  ozone.MiniOzoneClusterImpl (MiniOzoneClusterImpl.java:shutdown(314)) - Shutting down the Mini Ozone Cluster
2019-09-24 19:13:57,690 [main] INFO  ozone.MiniOzoneClusterImpl (MiniOzoneClusterImpl.java:stop(330)) - Stopping the Mini Ozone Cluster
2019-09-24 19:13:57,690 [main] INFO  ozone.MiniOzoneClusterImpl (MiniOzoneClusterImpl.java:stopOM(400)) - Stopping the OzoneManager
2019-09-24 19:13:57,690 [main] INFO  ipc.Server (Server.java:stop(3082)) - Stopping server on 43251
2019-09-24 19:13:57,702 [IPC Server listener on 43251] INFO  ipc.Server (Server.java:run(1185)) - Stopping IPC Server listener on 43251
2019-09-24 19:13:57,705 [main] INFO  ratis.OzoneManagerDoubleBuffer (OzoneManagerDoubleBuffer.java:stop(248)) - Stopping OMDoubleBuffer flush thread
2019-09-24 19:13:57,708 [IPC Server Responder] INFO  ipc.Server (Server.java:run(1319)) - Stopping IPC Server Responder
2019-09-24 19:13:57,719 [OMDoubleBufferFlushThread] INFO  ratis.OzoneManagerDoubleBuffer (OzoneManagerDoubleBuffer.java:flushTransactions(191)) - OMDoubleBuffer flush thread OMDoubleBufferFlushThread is interrupted and will exit. OMDoubleBufferFlushThread
2019-09-24 19:13:57,719 [main] INFO  utils.BackgroundService (BackgroundService.java:shutdown(148)) - Shutting down service KeyDeletingService
2019-09-24 19:13:57,722 [main] INFO  handler.ContextHandler (ContextHandler.java:doStop(910)) - Stopped o.e.j.w.WebAppContext@54089484{/,null,UNAVAILABLE}{/ozoneManager}
2019-09-24 19:13:57,723 [main] INFO  server.AbstractConnector (AbstractConnector.java:doStop(318)) - Stopped ServerConnector@45adc393{HTTP/1.1,[http/1.1]}{0.0.0.0:0}
2019-09-24 19:13:57,723 [main] INFO  handler.ContextHandler (ContextHandler.java:doStop(910)) - Stopped o.e.j.s.ServletContextHandler@479b5066{/static,file:///workdir/hadoop-ozone/integration-test/target/test-classes/webapps/static,UNAVAILABLE}
2019-09-24 19:13:57,724 [main] INFO  handler.ContextHandler (ContextHandler.java:doStop(910)) - Stopped o.e.j.s.ServletContextHandler@76d72b5b{/logs,file:///workdir/hadoop-ozone/integration-test/target/log,UNAVAILABLE}
2019-09-24 19:13:57,728 [main] INFO  ozone.MiniOzoneClusterImpl (MiniOzoneClusterImpl.java:stopDatanodes(377)) - Stopping the HddsDatanodes
2019-09-24 19:13:57,878 [Datanode State Machine Thread - 0] INFO  statemachine.DatanodeStateMachine (DatanodeStateMachine.java:lambda$startDaemon$0(350)) - Ozone container server started.
2019-09-24 19:13:58,079 [Datanode State Machine Thread - 0] INFO  statemachine.DatanodeStateMachine (DatanodeStateMachine.java:lambda$startDaemon$0(350)) - Ozone container server started.
2019-09-24 19:13:58,085 [pool-159-thread-1] INFO  storage.RaftStorage (RaftStorage.java:format(72)) - Storage directory /workdir/hadoop-ozone/integration-test/target/test-dir/MiniOzoneClusterImpl-927e61bf-33d4-4c72-9c6e-e846b22cd97e/datanode-4/data/ratis/376c2805-d066-45d6-b61e-e5528caa5f29 has been successfully formatted.
2019-09-24 19:13:58,085 [d65623be-04e3-433c-9af8-6934d2279f6c@group-B0DE2BEA193A:LeaderElection36] INFO  impl.LeaderElection (LeaderElection.java:askForVotes(182)) - d65623be-04e3-433c-9af8-6934d2279f6c@group-B0DE2BEA193A:LeaderElection36: begin an election at term 2 for -1: [d65623be-04e3-433c-9af8-6934d2279f6c:192.168.5.148:36478, 2aad5506-4352-4587-a9d6-f1a315122139:192.168.5.148:34412, 4d8f17a5-2079-45c1-8233-e8f9fa301948:192.168.5.148:37579], old=null
2019-09-24 19:13:58,087 [pool-159-thread-1] INFO  ratis.ContainerStateMachine (ContainerStateMachine.java:loadSnapshot(230)) - group-E5528CAA5F29: The snapshot info is null. Setting the last applied indexto:(t:0, i:~)
2019-09-24 19:13:58,087 [pool-159-thread-1] INFO  server.RaftServerConfigKeys (ConfUtils.java:logGet(43)) - raft.server.notification.no-leader.timeout = 120s (custom)
2019-09-24 19:13:58,088 [pool-159-thread-1] INFO  server.RaftServerConfigKeys (ConfUtils.java:logGet(43)) - raft.server.log.use.memory = false (default)
2019-09-24 19:13:58,088 [pool-159-thread-1] INFO  server.RaftServerConfigKeys (ConfUtils.java:logGet(43)) - raft.server.log.purge.gap = 1000000 (custom)
2019-09-24 19:13:58,088 [pool-159-thread-1] INFO  server.RaftServerConfigKeys (ConfUtils.java:logGet(43)) - raft.server.log.appender.buffer.byte-limit = 33554432 (custom)
2019-09-24 19:13:58,089 [pool-159-thread-1] INFO  server.RaftServerConfigKeys (ConfUtils.java:logGet(43)) - raft.server.log.segment.size.max = 1048576 (custom)
2019-09-24 19:13:58,089 [pool-159-thread-1] INFO  server.RaftServerConfigKeys (ConfUtils.java:logGet(43)) - raft.server.log.segment.cache.num.max = 2 (custom)
2019-09-24 19:13:58,089 [pool-159-thread-1] INFO  segmented.SegmentedRaftLogWorker (SegmentedRaftLogWorker.java:<init>(172)) - new 2aad5506-4352-4587-a9d6-f1a315122139@group-E5528CAA5F29-SegmentedRaftLogWorker for RaftStorage:Storage Directory /workdir/hadoop-ozone/integration-test/target/test-dir/MiniOzoneClusterImpl-927e61bf-33d4-4c72-9c6e-e846b22cd97e/datanode-4/data/ratis/376c2805-d066-45d6-b61e-e5528caa5f29
2019-09-24 19:13:58,089 [pool-159-thread-1] INFO  server.RaftServerConfigKeys (ConfUtils.java:logGet(43)) - raft.server.log.queue.byte-limit = 2147483647 (custom)
2019-09-24 19:13:58,090 [pool-159-thread-1] INFO  server.RaftServerConfigKeys (ConfUtils.java:logGet(43)) - raft.server.log.queue.element-limit = 1024 (custom)
2019-09-24 19:13:58,090 [pool-159-thread-1] INFO  server.RaftServerConfigKeys (ConfUtils.java:logGet(43)) - raft.server.log.segment.size.max = 1048576 (custom)
2019-09-24 19:13:58,090 [pool-159-thread-1] INFO  server.RaftServerConfigKeys (ConfUtils.java:logGet(43)) - raft.server.log.preallocated.size = 16384 (custom)
2019-09-24 19:13:58,090 [pool-159-thread-1] INFO  server.RaftServerConfigKeys (ConfUtils.java:logGet(43)) - raft.server.log.write.buffer.size = 33554432 (custom)
2019-09-24 19:13:58,090 [pool-159-thread-1] INFO  server.RaftServerConfigKeys (ConfUtils.java:logGet(43)) - raft.server.log.force.sync.num = 128 (default)
2019-09-24 19:13:58,091 [pool-159-thread-1] INFO  server.RaftServerConfigKeys (ConfUtils.java:logGet(43)) - raft.server.log.statemachine.data.sync = true (default)
2019-09-24 19:13:58,091 [pool-159-thread-1] INFO  server.RaftServerConfigKeys (ConfUtils.java:logGet(43)) - raft.server.log.statemachine.data.sync.timeout = 10s (default)
2019-09-24 19:13:58,091 [pool-159-thread-1] INFO  server.RaftServerConfigKeys (ConfUtils.java:logGet(43)) - raft.server.log.statemachine.data.sync.timeout.retry = -1 (default)
2019-09-24 19:13:58,091 [pool-159-thread-1] INFO  server.RaftServerConfigKeys (ConfUtils.java:logGet(43)) - raft.server.log.statemachine.data.caching.enabled = true (custom)
2019-09-24 19:13:58,092 [pool-159-thread-1] INFO  segmented.SegmentedRaftLogWorker (SegmentedRaftLogWorker.java:lambda$new$0(132)) - 2aad5506-4352-4587-a9d6-f1a315122139@group-E5528CAA5F29-SegmentedRaftLogWorker: flushIndex: setUnconditionally 0 -> -1
2019-09-24 19:13:58,093 [pool-159-thread-1] INFO  server.RaftServerConfigKeys (ConfUtils.java:logGet(43)) - raft.server.snapshot.auto.trigger.enabled = true (custom)
2019-09-24 19:13:58,093 [pool-159-thread-1] INFO  server.RaftServerConfigKeys (ConfUtils.java:logGet(43)) - raft.server.snapshot.auto.trigger.threshold = 10000 (custom)
2019-09-24 19:13:58,093 [pool-159-thread-1] INFO  server.RaftServerConfigKeys (ConfUtils.java:logGet(43)) - raft.server.snapshot.retention.num.files = 5 (custom)
2019-09-24 19:13:58,093 [pool-159-thread-1] INFO  server.RaftServerConfigKeys (ConfUtils.java:logGet(43)) - raft.server.retrycache.expirytime = 600000ms (custom)
2019-09-24 19:13:58,102 [pool-159-thread-1] INFO  impl.RaftServerImpl (RaftServerImpl.java:<init>(95)) - 2aad5506-4352-4587-a9d6-f1a315122139: new RaftServerImpl for group-E41EBB7F3038:[d65623be-04e3-433c-9af8-6934d2279f6c:192.168.5.148:36478, 2aad5506-4352-4587-a9d6-f1a315122139:192.168.5.148:34412, 4d8f17a5-2079-45c1-8233-e8f9fa301948:192.168.5.148:37579] with ContainerStateMachine:uninitialized
2019-09-24 19:13:58,102 [pool-159-thread-1] INFO  server.RaftServerConfigKeys (ConfUtils.java:logGet(43)) - raft.server.rpc.timeout.min = 5s (custom)
2019-09-24 19:13:58,102 [pool-159-thread-1] INFO  server.RaftServerConfigKeys (ConfUtils.java:logGet(43)) - raft.server.rpc.timeout.max = 5200ms (custom)
2019-09-24 19:13:58,103 [pool-159-thread-1] INFO  server.RaftServerConfigKeys (ConfUtils.java:logGet(43)) - raft.server.rpcslowness.timeout = 120s (custom)
2019-09-24 19:13:58,103 [pool-159-thread-1] INFO  server.RaftServerConfigKeys (ConfUtils.java:logGet(43)) - raft.server.sleep.deviation.threshold = 300 (default)
2019-09-24 19:13:58,103 [pool-159-thread-1] INFO  server.RaftServerConfigKeys (ConfUtils.java:logGet(43)) - raft.server.log.appender.install.snapshot.enabled = false (custom)
2019-09-24 19:13:58,103 [pool-159-thread-1] INFO  impl.RaftServerImpl (ServerState.java:<init>(103)) - 2aad5506-4352-4587-a9d6-f1a315122139@group-E41EBB7F3038: ConfigurationManager, init=-1: [d65623be-04e3-433c-9af8-6934d2279f6c:192.168.5.148:36478, 2aad5506-4352-4587-a9d6-f1a315122139:192.168.5.148:34412, 4d8f17a5-2079-45c1-8233-e8f9fa301948:192.168.5.148:37579], old=null, confs=<EMPTY_MAP>
2019-09-24 19:13:58,103 [pool-159-thread-1] INFO  server.RaftServerConfigKeys (ConfUtils.java:logGet(43)) - raft.server.storage.dir = [/workdir/hadoop-ozone/integration-test/target/test-dir/MiniOzoneClusterImpl-927e61bf-33d4-4c72-9c6e-e846b22cd97e/datanode-4/data/ratis] (custom)
2019-09-24 19:13:58,104 [pool-159-thread-1] INFO  storage.RaftStorageDirectory (RaftStorageDirectory.java:analyzeStorage(246)) - The storage directory /workdir/hadoop-ozone/integration-test/target/test-dir/MiniOzoneClusterImpl-927e61bf-33d4-4c72-9c6e-e846b22cd97e/datanode-4/data/ratis/17eef34e-4677-4de4-b5c5-e41ebb7f3038 does not exist. Creating ...
2019-09-24 19:13:58,199 [pool-139-thread-1] INFO  storage.RaftStorageDirectory (RaftStorageDirectory.java:tryLock(328)) - Lock on /workdir/hadoop-ozone/integration-test/target/test-dir/MiniOzoneClusterImpl-927e61bf-33d4-4c72-9c6e-e846b22cd97e/datanode-2/data/ratis/17eef34e-4677-4de4-b5c5-e41ebb7f3038/in_use.lock acquired by nodename 20442@pr-hdds-2149-fgl4f-1742389470
2019-09-24 19:13:58,199 [4d8f17a5-2079-45c1-8233-e8f9fa301948@group-B0DE2BEA193A:LeaderElection37] INFO  impl.LeaderElection (LeaderElection.java:askForVotes(182)) - 4d8f17a5-2079-45c1-8233-e8f9fa301948@group-B0DE2BEA193A:LeaderElection37: begin an election at term 2 for -1: [d65623be-04e3-433c-9af8-6934d2279f6c:192.168.5.148:36478, 2aad5506-4352-4587-a9d6-f1a315122139:192.168.5.148:34412, 4d8f17a5-2079-45c1-8233-e8f9fa301948:192.168.5.148:37579], old=null
2019-09-24 19:13:58,199 [2aad5506-4352-4587-a9d6-f1a315122139@group-B0DE2BEA193A:LeaderElection38] INFO  impl.LeaderElection (LeaderElection.java:askForVotes(182)) - 2aad5506-4352-4587-a9d6-f1a315122139@group-B0DE2BEA193A:LeaderElection38: begin an election at term 2 for -1: [d65623be-04e3-433c-9af8-6934d2279f6c:192.168.5.148:36478, 2aad5506-4352-4587-a9d6-f1a315122139:192.168.5.148:34412, 4d8f17a5-2079-45c1-8233-e8f9fa301948:192.168.5.148:37579], old=null
2019-09-24 19:13:58,199 [pool-179-thread-1] INFO  storage.RaftStorageDirectory (RaftStorageDirectory.java:tryLock(328)) - Lock on /workdir/hadoop-ozone/integration-test/target/test-dir/MiniOzoneClusterImpl-927e61bf-33d4-4c72-9c6e-e846b22cd97e/datanode-6/data/ratis/17eef34e-4677-4de4-b5c5-e41ebb7f3038/in_use.lock acquired by nodename 20442@pr-hdds-2149-fgl4f-1742389470
2019-09-24 19:13:58,202 [d65623be-04e3-433c-9af8-6934d2279f6c@group-B0DE2BEA193A:LeaderElection36] INFO  impl.LeaderElection (LeaderElection.java:logAndReturn(56)) - d65623be-04e3-433c-9af8-6934d2279f6c@group-B0DE2BEA193A:LeaderElection36: Election REJECTED; received 2 response(s) [d65623be-04e3-433c-9af8-6934d2279f6c<-2aad5506-4352-4587-a9d6-f1a315122139#0:FAIL-t2, d65623be-04e3-433c-9af8-6934d2279f6c<-4d8f17a5-2079-45c1-8233-e8f9fa301948#0:FAIL-t2] and 0 exception(s); d65623be-04e3-433c-9af8-6934d2279f6c@group-B0DE2BEA193A:t2, leader=null, voted=d65623be-04e3-433c-9af8-6934d2279f6c, raftlog=d65623be-04e3-433c-9af8-6934d2279f6c@group-B0DE2BEA193A-SegmentedRaftLog:OPENED:c-1,f-1,i0, conf=-1: [d65623be-04e3-433c-9af8-6934d2279f6c:192.168.5.148:36478, 2aad5506-4352-4587-a9d6-f1a315122139:192.168.5.148:34412, 4d8f17a5-2079-45c1-8233-e8f9fa301948:192.168.5.148:37579], old=null
2019-09-24 19:13:58,202 [d65623be-04e3-433c-9af8-6934d2279f6c@group-B0DE2BEA193A:LeaderElection36] INFO  impl.RaftServerImpl (RaftServerImpl.java:setRole(174)) - d65623be-04e3-433c-9af8-6934d2279f6c@group-B0DE2BEA193A: changes role from CANDIDATE to FOLLOWER at term 2 for DISCOVERED_A_NEW_TERM
2019-09-24 19:13:58,203 [d65623be-04e3-433c-9af8-6934d2279f6c@group-B0DE2BEA193A:LeaderElection36] INFO  impl.RoleInfo (RoleInfo.java:shutdownLeaderElection(134)) - d65623be-04e3-433c-9af8-6934d2279f6c: shutdown LeaderElection
2019-09-24 19:13:58,203 [d65623be-04e3-433c-9af8-6934d2279f6c@group-B0DE2BEA193A:LeaderElection36] INFO  impl.RoleInfo (RoleInfo.java:updateAndGet(143)) - d65623be-04e3-433c-9af8-6934d2279f6c: start FollowerState
2019-09-24 19:13:58,205 [4d8f17a5-2079-45c1-8233-e8f9fa301948@group-B0DE2BEA193A:LeaderElection37] INFO  impl.LeaderElection (LeaderElection.java:logAndReturn(56)) - 4d8f17a5-2079-45c1-8233-e8f9fa301948@group-B0DE2BEA193A:LeaderElection37: Election REJECTED; received 2 response(s) [4d8f17a5-2079-45c1-8233-e8f9fa301948<-d65623be-04e3-433c-9af8-6934d2279f6c#0:FAIL-t2, 4d8f17a5-2079-45c1-8233-e8f9fa301948<-2aad5506-4352-4587-a9d6-f1a315122139#0:FAIL-t2] and 0 exception(s); 4d8f17a5-2079-45c1-8233-e8f9fa301948@group-B0DE2BEA193A:t2, leader=null, voted=4d8f17a5-2079-45c1-8233-e8f9fa301948, raftlog=4d8f17a5-2079-45c1-8233-e8f9fa301948@group-B0DE2BEA193A-SegmentedRaftLog:OPENED:c-1,f-1,i0, conf=-1: [d65623be-04e3-433c-9af8-6934d2279f6c:192.168.5.148:36478, 2aad5506-4352-4587-a9d6-f1a315122139:192.168.5.148:34412, 4d8f17a5-2079-45c1-8233-e8f9fa301948:192.168.5.148:37579], old=null
2019-09-24 19:13:58,209 [4d8f17a5-2079-45c1-8233-e8f9fa301948@group-B0DE2BEA193A:LeaderElection37] INFO  impl.RaftServerImpl (RaftServerImpl.java:setRole(174)) - 4d8f17a5-2079-45c1-8233-e8f9fa301948@group-B0DE2BEA193A: changes role from CANDIDATE to FOLLOWER at term 2 for DISCOVERED_A_NEW_TERM
2019-09-24 19:13:58,209 [4d8f17a5-2079-45c1-8233-e8f9fa301948@group-B0DE2BEA193A:LeaderElection37] INFO  impl.RoleInfo (RoleInfo.java:shutdownLeaderElection(134)) - 4d8f17a5-2079-45c1-8233-e8f9fa301948: shutdown LeaderElection
2019-09-24 19:13:58,209 [2aad5506-4352-4587-a9d6-f1a315122139@group-B0DE2BEA193A:LeaderElection38] INFO  impl.LeaderElection (LeaderElection.java:logAndReturn(56)) - 2aad5506-4352-4587-a9d6-f1a315122139@group-B0DE2BEA193A:LeaderElection38: Election REJECTED; received 2 response(s) [2aad5506-4352-4587-a9d6-f1a315122139<-d65623be-04e3-433c-9af8-6934d2279f6c#0:FAIL-t2, 2aad5506-4352-4587-a9d6-f1a315122139<-4d8f17a5-2079-45c1-8233-e8f9fa301948#0:FAIL-t2] and 0 exception(s); 2aad5506-4352-4587-a9d6-f1a315122139@group-B0DE2BEA193A:t2, leader=null, voted=2aad5506-4352-4587-a9d6-f1a315122139, raftlog=2aad5506-4352-4587-a9d6-f1a315122139@group-B0DE2BEA193A-SegmentedRaftLog:OPENED:c-1,f-1,i0, conf=-1: [d65623be-04e3-433c-9af8-6934d2279f6c:192.168.5.148:36478, 2aad5506-4352-4587-a9d6-f1a315122139:192.168.5.148:34412, 4d8f17a5-2079-45c1-8233-e8f9fa301948:192.168.5.148:37579], old=null
2019-09-24 19:13:58,210 [4d8f17a5-2079-45c1-8233-e8f9fa301948@group-B0DE2BEA193A:LeaderElection37] INFO  impl.RoleInfo (RoleInfo.java:updateAndGet(143)) - 4d8f17a5-2079-45c1-8233-e8f9fa301948: start FollowerState
2019-09-24 19:13:58,211 [2aad5506-4352-4587-a9d6-f1a315122139@group-B0DE2BEA193A:LeaderElection38] INFO  impl.RaftServerImpl (RaftServerImpl.java:setRole(174)) - 2aad5506-4352-4587-a9d6-f1a315122139@group-B0DE2BEA193A: changes role from CANDIDATE to FOLLOWER at term 2 for DISCOVERED_A_NEW_TERM
2019-09-24 19:13:58,212 [2aad5506-4352-4587-a9d6-f1a315122139@group-B0DE2BEA193A:LeaderElection38] INFO  impl.RoleInfo (RoleInfo.java:shutdownLeaderElection(134)) - 2aad5506-4352-4587-a9d6-f1a315122139: shutdown LeaderElection
2019-09-24 19:13:58,212 [2aad5506-4352-4587-a9d6-f1a315122139@group-B0DE2BEA193A:LeaderElection38] INFO  impl.RoleInfo (RoleInfo.java:updateAndGet(143)) - 2aad5506-4352-4587-a9d6-f1a315122139: start FollowerState
2019-09-24 19:13:58,489 [pool-159-thread-1] INFO  storage.RaftStorageDirectory (RaftStorageDirectory.java:tryLock(328)) - Lock on /workdir/hadoop-ozone/integration-test/target/test-dir/MiniOzoneClusterImpl-927e61bf-33d4-4c72-9c6e-e846b22cd97e/datanode-4/data/ratis/17eef34e-4677-4de4-b5c5-e41ebb7f3038/in_use.lock acquired by nodename 20442@pr-hdds-2149-fgl4f-1742389470
2019-09-24 19:13:58,489 [pool-179-thread-1] INFO  storage.RaftStorage (RaftStorage.java:format(72)) - Storage directory /workdir/hadoop-ozone/integration-test/target/test-dir/MiniOzoneClusterImpl-927e61bf-33d4-4c72-9c6e-e846b22cd97e/datanode-6/data/ratis/17eef34e-4677-4de4-b5c5-e41ebb7f3038 has been successfully formatted.
2019-09-24 19:13:58,489 [pool-139-thread-1] INFO  storage.RaftStorage (RaftStorage.java:format(72)) - Storage directory /workdir/hadoop-ozone/integration-test/target/test-dir/MiniOzoneClusterImpl-927e61bf-33d4-4c72-9c6e-e846b22cd97e/datanode-2/data/ratis/17eef34e-4677-4de4-b5c5-e41ebb7f3038 has been successfully formatted.
2019-09-24 19:13:58,490 [pool-179-thread-1] INFO  ratis.ContainerStateMachine (ContainerStateMachine.java:loadSnapshot(230)) - group-E41EBB7F3038: The snapshot info is null. Setting the last applied indexto:(t:0, i:~)
2019-09-24 19:13:58,490 [pool-139-thread-1] INFO  ratis.ContainerStateMachine (ContainerStateMachine.java:loadSnapshot(230)) - group-E41EBB7F3038: The snapshot info is null. Setting the last applied indexto:(t:0, i:~)
2019-09-24 19:13:58,490 [pool-179-thread-1] INFO  server.RaftServerConfigKeys (ConfUtils.java:logGet(43)) - raft.server.notification.no-leader.timeout = 120s (custom)
2019-09-24 19:13:58,490 [pool-139-thread-1] INFO  server.RaftServerConfigKeys (ConfUtils.java:logGet(43)) - raft.server.notification.no-leader.timeout = 120s (custom)
2019-09-24 19:13:58,490 [pool-179-thread-1] INFO  server.RaftServerConfigKeys (ConfUtils.java:logGet(43)) - raft.server.log.use.memory = false (default)
2019-09-24 19:13:58,490 [pool-139-thread-1] INFO  server.RaftServerConfigKeys (ConfUtils.java:logGet(43)) - raft.server.log.use.memory = false (default)
2019-09-24 19:13:58,491 [pool-179-thread-1] INFO  server.RaftServerConfigKeys (ConfUtils.java:logGet(43)) - raft.server.log.purge.gap = 1000000 (custom)
2019-09-24 19:13:58,491 [pool-139-thread-1] INFO  server.RaftServerConfigKeys (ConfUtils.java:logGet(43)) - raft.server.log.purge.gap = 1000000 (custom)
2019-09-24 19:13:58,491 [pool-179-thread-1] INFO  server.RaftServerConfigKeys (ConfUtils.java:logGet(43)) - raft.server.log.appender.buffer.byte-limit = 33554432 (custom)
2019-09-24 19:13:58,491 [pool-139-thread-1] INFO  server.RaftServerConfigKeys (ConfUtils.java:logGet(43)) - raft.server.log.appender.buffer.byte-limit = 33554432 (custom)
2019-09-24 19:13:58,491 [pool-179-thread-1] INFO  server.RaftServerConfigKeys (ConfUtils.java:logGet(43)) - raft.server.log.segment.size.max = 1048576 (custom)
2019-09-24 19:13:58,492 [pool-139-thread-1] INFO  server.RaftServerConfigKeys (ConfUtils.java:logGet(43)) - raft.server.log.segment.size.max = 1048576 (custom)
2019-09-24 19:13:58,492 [pool-179-thread-1] INFO  server.RaftServerConfigKeys (ConfUtils.java:logGet(43)) - raft.server.log.segment.cache.num.max = 2 (custom)
2019-09-24 19:13:58,492 [pool-139-thread-1] INFO  server.RaftServerConfigKeys (ConfUtils.java:logGet(43)) - raft.server.log.segment.cache.num.max = 2 (custom)
2019-09-24 19:13:58,492 [pool-179-thread-1] INFO  segmented.SegmentedRaftLogWorker (SegmentedRaftLogWorker.java:<init>(172)) - new d65623be-04e3-433c-9af8-6934d2279f6c@group-E41EBB7F3038-SegmentedRaftLogWorker for RaftStorage:Storage Directory /workdir/hadoop-ozone/integration-test/target/test-dir/MiniOzoneClusterImpl-927e61bf-33d4-4c72-9c6e-e846b22cd97e/datanode-6/data/ratis/17eef34e-4677-4de4-b5c5-e41ebb7f3038
2019-09-24 19:13:58,492 [pool-139-thread-1] INFO  segmented.SegmentedRaftLogWorker (SegmentedRaftLogWorker.java:<init>(172)) - new 4d8f17a5-2079-45c1-8233-e8f9fa301948@group-E41EBB7F3038-SegmentedRaftLogWorker for RaftStorage:Storage Directory /workdir/hadoop-ozone/integration-test/target/test-dir/MiniOzoneClusterImpl-927e61bf-33d4-4c72-9c6e-e846b22cd97e/datanode-2/data/ratis/17eef34e-4677-4de4-b5c5-e41ebb7f3038
2019-09-24 19:13:58,493 [pool-179-thread-1] INFO  server.RaftServerConfigKeys (ConfUtils.java:logGet(43)) - raft.server.log.queue.byte-limit = 2147483647 (custom)
2019-09-24 19:13:58,493 [pool-139-thread-1] INFO  server.RaftServerConfigKeys (ConfUtils.java:logGet(43)) - raft.server.log.queue.byte-limit = 2147483647 (custom)
2019-09-24 19:13:58,493 [pool-179-thread-1] INFO  server.RaftServerConfigKeys (ConfUtils.java:logGet(43)) - raft.server.log.queue.element-limit = 1024 (custom)
2019-09-24 19:13:58,493 [pool-139-thread-1] INFO  server.RaftServerConfigKeys (ConfUtils.java:logGet(43)) - raft.server.log.queue.element-limit = 1024 (custom)
2019-09-24 19:13:58,493 [pool-179-thread-1] INFO  server.RaftServerConfigKeys (ConfUtils.java:logGet(43)) - raft.server.log.segment.size.max = 1048576 (custom)
2019-09-24 19:13:58,494 [pool-139-thread-1] INFO  server.RaftServerConfigKeys (ConfUtils.java:logGet(43)) - raft.server.log.segment.size.max = 1048576 (custom)
2019-09-24 19:13:58,494 [pool-179-thread-1] INFO  server.RaftServerConfigKeys (ConfUtils.java:logGet(43)) - raft.server.log.preallocated.size = 16384 (custom)
2019-09-24 19:13:58,494 [pool-139-thread-1] INFO  server.RaftServerConfigKeys (ConfUtils.java:logGet(43)) - raft.server.log.preallocated.size = 16384 (custom)
2019-09-24 19:13:58,494 [pool-179-thread-1] INFO  server.RaftServerConfigKeys (ConfUtils.java:logGet(43)) - raft.server.log.write.buffer.size = 33554432 (custom)
2019-09-24 19:13:58,494 [pool-139-thread-1] INFO  server.RaftServerConfigKeys (ConfUtils.java:logGet(43)) - raft.server.log.write.buffer.size = 33554432 (custom)
2019-09-24 19:13:58,495 [pool-179-thread-1] INFO  server.RaftServerConfigKeys (ConfUtils.java:logGet(43)) - raft.server.log.force.sync.num = 128 (default)
2019-09-24 19:13:58,495 [pool-139-thread-1] INFO  server.RaftServerConfigKeys (ConfUtils.java:logGet(43)) - raft.server.log.force.sync.num = 128 (default)
2019-09-24 19:13:58,495 [pool-179-thread-1] INFO  server.RaftServerConfigKeys (ConfUtils.java:logGet(43)) - raft.server.log.statemachine.data.sync = true (default)
2019-09-24 19:13:58,495 [pool-139-thread-1] INFO  server.RaftServerConfigKeys (ConfUtils.java:logGet(43)) - raft.server.log.statemachine.data.sync = true (default)
2019-09-24 19:13:58,496 [pool-179-thread-1] INFO  server.RaftServerConfigKeys (ConfUtils.java:logGet(43)) - raft.server.log.statemachine.data.sync.timeout = 10s (default)
2019-09-24 19:13:58,496 [pool-139-thread-1] INFO  server.RaftServerConfigKeys (ConfUtils.java:logGet(43)) - raft.server.log.statemachine.data.sync.timeout = 10s (default)
2019-09-24 19:13:58,496 [pool-179-thread-1] INFO  server.RaftServerConfigKeys (ConfUtils.java:logGet(43)) - raft.server.log.statemachine.data.sync.timeout.retry = -1 (default)
2019-09-24 19:13:58,496 [pool-139-thread-1] INFO  server.RaftServerConfigKeys (ConfUtils.java:logGet(43)) - raft.server.log.statemachine.data.sync.timeout.retry = -1 (default)
2019-09-24 19:13:58,496 [pool-179-thread-1] INFO  server.RaftServerConfigKeys (ConfUtils.java:logGet(43)) - raft.server.log.statemachine.data.caching.enabled = true (custom)
2019-09-24 19:13:58,497 [pool-139-thread-1] INFO  server.RaftServerConfigKeys (ConfUtils.java:logGet(43)) - raft.server.log.statemachine.data.caching.enabled = true (custom)
2019-09-24 19:13:58,497 [pool-179-thread-1] INFO  segmented.SegmentedRaftLogWorker (SegmentedRaftLogWorker.java:lambda$new$0(132)) - d65623be-04e3-433c-9af8-6934d2279f6c@group-E41EBB7F3038-SegmentedRaftLogWorker: flushIndex: setUnconditionally 0 -> -1
2019-09-24 19:13:58,497 [pool-139-thread-1] INFO  segmented.SegmentedRaftLogWorker (SegmentedRaftLogWorker.java:lambda$new$0(132)) - 4d8f17a5-2079-45c1-8233-e8f9fa301948@group-E41EBB7F3038-SegmentedRaftLogWorker: flushIndex: setUnconditionally 0 -> -1
2019-09-24 19:13:58,498 [pool-179-thread-1] INFO  server.RaftServerConfigKeys (ConfUtils.java:logGet(43)) - raft.server.snapshot.auto.trigger.enabled = true (custom)
2019-09-24 19:13:58,498 [pool-139-thread-1] INFO  server.RaftServerConfigKeys (ConfUtils.java:logGet(43)) - raft.server.snapshot.auto.trigger.enabled = true (custom)
2019-09-24 19:13:58,498 [pool-179-thread-1] INFO  server.RaftServerConfigKeys (ConfUtils.java:logGet(43)) - raft.server.snapshot.auto.trigger.threshold = 10000 (custom)
2019-09-24 19:13:58,498 [pool-139-thread-1] INFO  server.RaftServerConfigKeys (ConfUtils.java:logGet(43)) - raft.server.snapshot.auto.trigger.threshold = 10000 (custom)
2019-09-24 19:13:58,498 [pool-179-thread-1] INFO  server.RaftServerConfigKeys (ConfUtils.java:logGet(43)) - raft.server.snapshot.retention.num.files = 5 (custom)
2019-09-24 19:13:58,498 [pool-139-thread-1] INFO  server.RaftServerConfigKeys (ConfUtils.java:logGet(43)) - raft.server.snapshot.retention.num.files = 5 (custom)
2019-09-24 19:13:58,499 [pool-179-thread-1] INFO  server.RaftServerConfigKeys (ConfUtils.java:logGet(43)) - raft.server.retrycache.expirytime = 600000ms (custom)
2019-09-24 19:13:58,499 [pool-139-thread-1] INFO  server.RaftServerConfigKeys (ConfUtils.java:logGet(43)) - raft.server.retrycache.expirytime = 600000ms (custom)
2019-09-24 19:13:58,505 [pool-179-thread-1] INFO  impl.RaftServerImpl (RaftServerImpl.java:<init>(95)) - d65623be-04e3-433c-9af8-6934d2279f6c: new RaftServerImpl for group-7A54B0AAA595:[d65623be-04e3-433c-9af8-6934d2279f6c:192.168.5.148:36478, 2aad5506-4352-4587-a9d6-f1a315122139:192.168.5.148:34412, 4d8f17a5-2079-45c1-8233-e8f9fa301948:192.168.5.148:37579] with ContainerStateMachine:uninitialized
2019-09-24 19:13:58,506 [pool-179-thread-1] INFO  server.RaftServerConfigKeys (ConfUtils.java:logGet(43)) - raft.server.rpc.timeout.min = 5s (custom)
2019-09-24 19:13:58,506 [pool-179-thread-1] INFO  server.RaftServerConfigKeys (ConfUtils.java:logGet(43)) - raft.server.rpc.timeout.max = 5200ms (custom)
2019-09-24 19:13:58,506 [pool-179-thread-1] INFO  server.RaftServerConfigKeys (ConfUtils.java:logGet(43)) - raft.server.rpcslowness.timeout = 120s (custom)
2019-09-24 19:13:58,506 [pool-179-thread-1] INFO  server.RaftServerConfigKeys (ConfUtils.java:logGet(43)) - raft.server.sleep.deviation.threshold = 300 (default)
2019-09-24 19:13:58,507 [pool-179-thread-1] INFO  server.RaftServerConfigKeys (ConfUtils.java:logGet(43)) - raft.server.log.appender.install.snapshot.enabled = false (custom)
2019-09-24 19:13:58,507 [pool-179-thread-1] INFO  impl.RaftServerImpl (ServerState.java:<init>(103)) - d65623be-04e3-433c-9af8-6934d2279f6c@group-7A54B0AAA595: ConfigurationManager, init=-1: [d65623be-04e3-433c-9af8-6934d2279f6c:192.168.5.148:36478, 2aad5506-4352-4587-a9d6-f1a315122139:192.168.5.148:34412, 4d8f17a5-2079-45c1-8233-e8f9fa301948:192.168.5.148:37579], old=null, confs=<EMPTY_MAP>
2019-09-24 19:13:58,507 [pool-139-thread-1] INFO  impl.RaftServerImpl (RaftServerImpl.java:<init>(95)) - 4d8f17a5-2079-45c1-8233-e8f9fa301948: new RaftServerImpl for group-7A54B0AAA595:[d65623be-04e3-433c-9af8-6934d2279f6c:192.168.5.148:36478, 2aad5506-4352-4587-a9d6-f1a315122139:192.168.5.148:34412, 4d8f17a5-2079-45c1-8233-e8f9fa301948:192.168.5.148:37579] with ContainerStateMachine:uninitialized
2019-09-24 19:13:58,507 [pool-179-thread-1] INFO  server.RaftServerConfigKeys (ConfUtils.java:logGet(43)) - raft.server.storage.dir = [/workdir/hadoop-ozone/integration-test/target/test-dir/MiniOzoneClusterImpl-927e61bf-33d4-4c72-9c6e-e846b22cd97e/datanode-6/data/ratis] (custom)
2019-09-24 19:13:58,507 [pool-139-thread-1] INFO  server.RaftServerConfigKeys (ConfUtils.java:logGet(43)) - raft.server.rpc.timeout.min = 5s (custom)
2019-09-24 19:13:58,508 [pool-139-thread-1] INFO  server.RaftServerConfigKeys (ConfUtils.java:logGet(43)) - raft.server.rpc.timeout.max = 5200ms (custom)
2019-09-24 19:13:58,508 [pool-179-thread-1] INFO  storage.RaftStorageDirectory (RaftStorageDirectory.java:analyzeStorage(246)) - The storage directory /workdir/hadoop-ozone/integration-test/target/test-dir/MiniOzoneClusterImpl-927e61bf-33d4-4c72-9c6e-e846b22cd97e/datanode-6/data/ratis/4849e3e7-545e-470c-ad95-7a54b0aaa595 does not exist. Creating ...
2019-09-24 19:13:58,508 [pool-139-thread-1] INFO  server.RaftServerConfigKeys (ConfUtils.java:logGet(43)) - raft.server.rpcslowness.timeout = 120s (custom)
2019-09-24 19:13:58,508 [pool-139-thread-1] INFO  server.RaftServerConfigKeys (ConfUtils.java:logGet(43)) - raft.server.sleep.deviation.threshold = 300 (default)
2019-09-24 19:13:58,508 [pool-139-thread-1] INFO  server.RaftServerConfigKeys (ConfUtils.java:logGet(43)) - raft.server.log.appender.install.snapshot.enabled = false (custom)
2019-09-24 19:13:58,509 [pool-139-thread-1] INFO  impl.RaftServerImpl (ServerState.java:<init>(103)) - 4d8f17a5-2079-45c1-8233-e8f9fa301948@group-7A54B0AAA595: ConfigurationManager, init=-1: [d65623be-04e3-433c-9af8-6934d2279f6c:192.168.5.148:36478, 2aad5506-4352-4587-a9d6-f1a315122139:192.168.5.148:34412, 4d8f17a5-2079-45c1-8233-e8f9fa301948:192.168.5.148:37579], old=null, confs=<EMPTY_MAP>
2019-09-24 19:13:58,509 [pool-139-thread-1] INFO  server.RaftServerConfigKeys (ConfUtils.java:logGet(43)) - raft.server.storage.dir = [/workdir/hadoop-ozone/integration-test/target/test-dir/MiniOzoneClusterImpl-927e61bf-33d4-4c72-9c6e-e846b22cd97e/datanode-2/data/ratis] (custom)
2019-09-24 19:13:58,510 [pool-139-thread-1] INFO  storage.RaftStorageDirectory (RaftStorageDirectory.java:analyzeStorage(246)) - The storage directory /workdir/hadoop-ozone/integration-test/target/test-dir/MiniOzoneClusterImpl-927e61bf-33d4-4c72-9c6e-e846b22cd97e/datanode-2/data/ratis/4849e3e7-545e-470c-ad95-7a54b0aaa595 does not exist. Creating ...
2019-09-24 19:14:02,730 [main] INFO  ozoneimpl.OzoneContainer (OzoneContainer.java:stop(231)) - Attempting to stop container services.
2019-09-24 19:14:02,730 [ForkJoinPool.commonPool-worker-1] INFO  ozoneimpl.OzoneContainer (OzoneContainer.java:stop(231)) - Attempting to stop container services.
2019-09-24 19:14:02,731 [ForkJoinPool.commonPool-worker-1] INFO  impl.RaftServerProxy (RaftServerProxy.java:lambda$close$4(314)) - 22b8b3f1-51bd-4ac5-9663-e1c2442cab02: close
2019-09-24 19:14:02,732 [ForkJoinPool.commonPool-worker-1] INFO  server.GrpcService (GrpcService.java:closeImpl(164)) - 22b8b3f1-51bd-4ac5-9663-e1c2442cab02: shutdown server with port 33770 now
2019-09-24 19:14:02,732 [ForkJoinPool.commonPool-worker-1] INFO  server.GrpcService (GrpcService.java:closeImpl(172)) - 22b8b3f1-51bd-4ac5-9663-e1c2442cab02: shutdown server with port 33770 successfully
2019-09-24 19:14:03,284 [Thread-793] INFO  impl.FollowerState (FollowerState.java:run(106)) - d65623be-04e3-433c-9af8-6934d2279f6c:group-B0DE2BEA193A changes to CANDIDATE, lastRpcTime:5080, electionTimeout:5080ms
2019-09-24 19:14:03,284 [Thread-793] INFO  impl.RoleInfo (RoleInfo.java:shutdownFollowerState(121)) - d65623be-04e3-433c-9af8-6934d2279f6c: shutdown FollowerState
2019-09-24 19:14:03,284 [Thread-793] INFO  impl.RaftServerImpl (RaftServerImpl.java:setRole(174)) - d65623be-04e3-433c-9af8-6934d2279f6c@group-B0DE2BEA193A: changes role from  FOLLOWER to CANDIDATE at term 2 for changeToCandidate
2019-09-24 19:14:03,284 [Thread-793] INFO  impl.RoleInfo (RoleInfo.java:updateAndGet(143)) - d65623be-04e3-433c-9af8-6934d2279f6c: start LeaderElection
2019-09-24 19:14:03,288 [Thread-795] INFO  impl.FollowerState (FollowerState.java:run(106)) - 2aad5506-4352-4587-a9d6-f1a315122139:group-B0DE2BEA193A changes to CANDIDATE, lastRpcTime:5076, electionTimeout:5073ms
2019-09-24 19:14:03,289 [Thread-795] INFO  impl.RoleInfo (RoleInfo.java:shutdownFollowerState(121)) - 2aad5506-4352-4587-a9d6-f1a315122139: shutdown FollowerState
2019-09-24 19:14:03,289 [Thread-795] INFO  impl.RaftServerImpl (RaftServerImpl.java:setRole(174)) - 2aad5506-4352-4587-a9d6-f1a315122139@group-B0DE2BEA193A: changes role from  FOLLOWER to CANDIDATE at term 2 for changeToCandidate
2019-09-24 19:14:03,289 [Thread-795] INFO  impl.RoleInfo (RoleInfo.java:updateAndGet(143)) - 2aad5506-4352-4587-a9d6-f1a315122139: start LeaderElection
2019-09-24 19:14:03,385 [Thread-794] INFO  impl.FollowerState (FollowerState.java:run(106)) - 4d8f17a5-2079-45c1-8233-e8f9fa301948:group-B0DE2BEA193A changes to CANDIDATE, lastRpcTime:5176, electionTimeout:5173ms
2019-09-24 19:14:03,385 [Thread-794] INFO  impl.RoleInfo (RoleInfo.java:shutdownFollowerState(121)) - 4d8f17a5-2079-45c1-8233-e8f9fa301948: shutdown FollowerState
2019-09-24 19:14:03,386 [Thread-794] INFO  impl.RaftServerImpl (RaftServerImpl.java:setRole(174)) - 4d8f17a5-2079-45c1-8233-e8f9fa301948@group-B0DE2BEA193A: changes role from  FOLLOWER to CANDIDATE at term 2 for changeToCandidate
2019-09-24 19:14:03,386 [Thread-794] INFO  impl.RoleInfo (RoleInfo.java:updateAndGet(143)) - 4d8f17a5-2079-45c1-8233-e8f9fa301948: start LeaderElection
2019-09-24 19:14:03,551 [refreshUsed-/workdir/hadoop-ozone/integration-test/target/test-dir/MiniOzoneClusterImpl-927e61bf-33d4-4c72-9c6e-e846b22cd97e/datanode-1/data/containers] WARN  fs.CachingGetSpaceUsed (CachingGetSpaceUsed.java:run(183)) - Thread Interrupted waiting to refresh disk information: sleep interrupted
2019-09-24 19:14:03,569 [pool-139-thread-1] INFO  storage.RaftStorageDirectory (RaftStorageDirectory.java:tryLock(328)) - Lock on /workdir/hadoop-ozone/integration-test/target/test-dir/MiniOzoneClusterImpl-927e61bf-33d4-4c72-9c6e-e846b22cd97e/datanode-2/data/ratis/4849e3e7-545e-470c-ad95-7a54b0aaa595/in_use.lock acquired by nodename 20442@pr-hdds-2149-fgl4f-1742389470
2019-09-24 19:14:03,569 [pool-159-thread-1] INFO  storage.RaftStorage (RaftStorage.java:format(72)) - Storage directory /workdir/hadoop-ozone/integration-test/target/test-dir/MiniOzoneClusterImpl-927e61bf-33d4-4c72-9c6e-e846b22cd97e/datanode-4/data/ratis/17eef34e-4677-4de4-b5c5-e41ebb7f3038 has been successfully formatted.
2019-09-24 19:14:03,569 [pool-179-thread-1] INFO  storage.RaftStorageDirectory (RaftStorageDirectory.java:tryLock(328)) - Lock on /workdir/hadoop-ozone/integration-test/target/test-dir/MiniOzoneClusterImpl-927e61bf-33d4-4c72-9c6e-e846b22cd97e/datanode-6/data/ratis/4849e3e7-545e-470c-ad95-7a54b0aaa595/in_use.lock acquired by nodename 20442@pr-hdds-2149-fgl4f-1742389470
2019-09-24 19:14:03,570 [ForkJoinPool.commonPool-worker-1] INFO  utils.BackgroundService (BackgroundService.java:shutdown(148)) - Shutting down service BlockDeletingService
2019-09-24 19:14:03,570 [pool-159-thread-1] INFO  ratis.ContainerStateMachine (ContainerStateMachine.java:loadSnapshot(230)) - group-E41EBB7F3038: The snapshot info is null. Setting the last applied indexto:(t:0, i:~)
2019-09-24 19:14:03,571 [pool-159-thread-1] INFO  server.RaftServerConfigKeys (ConfUtils.java:logGet(43)) - raft.server.notification.no-leader.timeout = 120s (custom)
2019-09-24 19:14:03,571 [pool-159-thread-1] INFO  server.RaftServerConfigKeys (ConfUtils.java:logGet(43)) - raft.server.log.use.memory = false (default)
2019-09-24 19:14:03,573 [pool-159-thread-1] INFO  server.RaftServerConfigKeys (ConfUtils.java:logGet(43)) - raft.server.log.purge.gap = 1000000 (custom)
2019-09-24 19:14:03,577 [pool-159-thread-1] INFO  server.RaftServerConfigKeys (ConfUtils.java:logGet(43)) - raft.server.log.appender.buffer.byte-limit = 33554432 (custom)
2019-09-24 19:14:03,579 [ForkJoinPool.commonPool-worker-1] INFO  statemachine.DatanodeStateMachine (DatanodeStateMachine.java:stopDaemon(395)) - Ozone container server stopped.
2019-09-24 19:14:03,579 [pool-159-thread-1] INFO  server.RaftServerConfigKeys (ConfUtils.java:logGet(43)) - raft.server.log.segment.size.max = 1048576 (custom)
2019-09-24 19:14:03,581 [pool-159-thread-1] INFO  server.RaftServerConfigKeys (ConfUtils.java:logGet(43)) - raft.server.log.segment.cache.num.max = 2 (custom)
2019-09-24 19:14:03,584 [pool-159-thread-1] INFO  segmented.SegmentedRaftLogWorker (SegmentedRaftLogWorker.java:<init>(172)) - new 2aad5506-4352-4587-a9d6-f1a315122139@group-E41EBB7F3038-SegmentedRaftLogWorker for RaftStorage:Storage Directory /workdir/hadoop-ozone/integration-test/target/test-dir/MiniOzoneClusterImpl-927e61bf-33d4-4c72-9c6e-e846b22cd97e/datanode-4/data/ratis/17eef34e-4677-4de4-b5c5-e41ebb7f3038
2019-09-24 19:14:03,584 [pool-159-thread-1] INFO  server.RaftServerConfigKeys (ConfUtils.java:logGet(43)) - raft.server.log.queue.byte-limit = 2147483647 (custom)
2019-09-24 19:14:03,584 [pool-159-thread-1] INFO  server.RaftServerConfigKeys (ConfUtils.java:logGet(43)) - raft.server.log.queue.element-limit = 1024 (custom)
2019-09-24 19:14:03,584 [pool-159-thread-1] INFO  server.RaftServerConfigKeys (ConfUtils.java:logGet(43)) - raft.server.log.segment.size.max = 1048576 (custom)
2019-09-24 19:14:03,586 [pool-159-thread-1] INFO  server.RaftServerConfigKeys (ConfUtils.java:logGet(43)) - raft.server.log.preallocated.size = 16384 (custom)
2019-09-24 19:14:03,586 [ForkJoinPool.commonPool-worker-1] INFO  handler.ContextHandler (ContextHandler.java:doStop(910)) - Stopped o.e.j.w.WebAppContext@7b61bf11{/,null,UNAVAILABLE}{/hddsDatanode}
2019-09-24 19:14:03,586 [pool-159-thread-1] INFO  server.RaftServerConfigKeys (ConfUtils.java:logGet(43)) - raft.server.log.write.buffer.size = 33554432 (custom)
2019-09-24 19:14:03,587 [pool-159-thread-1] INFO  server.RaftServerConfigKeys (ConfUtils.java:logGet(43)) - raft.server.log.force.sync.num = 128 (default)
2019-09-24 19:14:03,587 [pool-159-thread-1] INFO  server.RaftServerConfigKeys (ConfUtils.java:logGet(43)) - raft.server.log.statemachine.data.sync = true (default)
2019-09-24 19:14:03,587 [pool-159-thread-1] INFO  server.RaftServerConfigKeys (ConfUtils.java:logGet(43)) - raft.server.log.statemachine.data.sync.timeout = 10s (default)
2019-09-24 19:14:03,587 [pool-159-thread-1] INFO  server.RaftServerConfigKeys (ConfUtils.java:logGet(43)) - raft.server.log.statemachine.data.sync.timeout.retry = -1 (default)
2019-09-24 19:14:03,587 [ForkJoinPool.commonPool-worker-1] INFO  server.AbstractConnector (AbstractConnector.java:doStop(318)) - Stopped ServerConnector@40247d48{HTTP/1.1,[http/1.1]}{0.0.0.0:0}
2019-09-24 19:14:03,588 [pool-159-thread-1] INFO  server.RaftServerConfigKeys (ConfUtils.java:logGet(43)) - raft.server.log.statemachine.data.caching.enabled = true (custom)
2019-09-24 19:14:03,590 [ForkJoinPool.commonPool-worker-1] INFO  handler.ContextHandler (ContextHandler.java:doStop(910)) - Stopped o.e.j.s.ServletContextHandler@46911148{/static,jar:file:/home/user/.m2/repository/org/apache/hadoop/hadoop-hdds-container-service/0.5.0-SNAPSHOT/hadoop-hdds-container-service-0.5.0-SNAPSHOT.jar!/webapps/static,UNAVAILABLE}
2019-09-24 19:14:03,590 [pool-159-thread-1] INFO  segmented.SegmentedRaftLogWorker (SegmentedRaftLogWorker.java:lambda$new$0(132)) - 2aad5506-4352-4587-a9d6-f1a315122139@group-E41EBB7F3038-SegmentedRaftLogWorker: flushIndex: setUnconditionally 0 -> -1
2019-09-24 19:14:03,592 [ForkJoinPool.commonPool-worker-1] INFO  handler.ContextHandler (ContextHandler.java:doStop(910)) - Stopped o.e.j.s.ServletContextHandler@65a9ea3c{/logs,file:///workdir/hadoop-ozone/integration-test/target/log,UNAVAILABLE}
2019-09-24 19:14:03,592 [pool-159-thread-1] INFO  server.RaftServerConfigKeys (ConfUtils.java:logGet(43)) - raft.server.snapshot.auto.trigger.enabled = true (custom)
2019-09-24 19:14:03,593 [pool-159-thread-1] INFO  server.RaftServerConfigKeys (ConfUtils.java:logGet(43)) - raft.server.snapshot.auto.trigger.threshold = 10000 (custom)
2019-09-24 19:14:03,593 [pool-159-thread-1] INFO  server.RaftServerConfigKeys (ConfUtils.java:logGet(43)) - raft.server.snapshot.retention.num.files = 5 (custom)
2019-09-24 19:14:03,593 [pool-159-thread-1] INFO  server.RaftServerConfigKeys (ConfUtils.java:logGet(43)) - raft.server.retrycache.expirytime = 600000ms (custom)
2019-09-24 19:14:03,597 [pool-159-thread-1] INFO  impl.RaftServerProxy (RaftServerProxy.java:remove(95)) - 2aad5506-4352-4587-a9d6-f1a315122139: remove      null 2aad5506-4352-4587-a9d6-f1a315122139@group-E41EBB7F3038:t0, leader=null, voted=null, raftlog=2aad5506-4352-4587-a9d6-f1a315122139@group-E41EBB7F3038-SegmentedRaftLog:OPENED:c-1,f-1,i0, conf=-1: [d65623be-04e3-433c-9af8-6934d2279f6c:192.168.5.148:36478, 2aad5506-4352-4587-a9d6-f1a315122139:192.168.5.148:34412, 4d8f17a5-2079-45c1-8233-e8f9fa301948:192.168.5.148:37579], old=null NEW
2019-09-24 19:14:03,597 [pool-159-thread-1] WARN  impl.RaftServerProxy (RaftServerProxy.java:lambda$groupAddAsync$11(388)) - 2aad5506-4352-4587-a9d6-f1a315122139: Failed groupAdd* GroupManagementRequest:client-388EC3B69840->2aad5506-4352-4587-a9d6-f1a315122139@group-E41EBB7F3038, cid=40, seq=0, RW, null, Add:group-E41EBB7F3038:[d65623be-04e3-433c-9af8-6934d2279f6c:192.168.5.148:36478, 2aad5506-4352-4587-a9d6-f1a315122139:192.168.5.148:34412, 4d8f17a5-2079-45c1-8233-e8f9fa301948:192.168.5.148:37579]
java.util.concurrent.CompletionException: java.util.concurrent.RejectedExecutionException: Task java.util.concurrent.CompletableFuture$UniApply@564c2c91 rejected from java.util.concurrent.ThreadPoolExecutor@a0938b5[Shutting down, pool size = 1, active threads = 1, queued tasks = 5, completed tasks = 4]
	at java.util.concurrent.CompletableFuture.encodeThrowable(CompletableFuture.java:273)
	at java.util.concurrent.CompletableFuture.completeThrowable(CompletableFuture.java:280)
	at java.util.concurrent.CompletableFuture.uniApply(CompletableFuture.java:604)
	at java.util.concurrent.CompletableFuture$UniApply.tryFire(CompletableFuture.java:577)
	at java.util.concurrent.CompletableFuture.postComplete(CompletableFuture.java:474)
	at java.util.concurrent.CompletableFuture$AsyncSupply.run(CompletableFuture.java:1595)
	at java.util.concurrent.ThreadPoolExecutor.runWorker(ThreadPoolExecutor.java:1149)
	at java.util.concurrent.ThreadPoolExecutor$Worker.run(ThreadPoolExecutor.java:624)
	at java.lang.Thread.run(Thread.java:748)
Caused by: java.util.concurrent.RejectedExecutionException: Task java.util.concurrent.CompletableFuture$UniApply@564c2c91 rejected from java.util.concurrent.ThreadPoolExecutor@a0938b5[Shutting down, pool size = 1, active threads = 1, queued tasks = 5, completed tasks = 4]
	at java.util.concurrent.ThreadPoolExecutor$AbortPolicy.rejectedExecution(ThreadPoolExecutor.java:2063)
	at java.util.concurrent.ThreadPoolExecutor.reject(ThreadPoolExecutor.java:830)
	at java.util.concurrent.ThreadPoolExecutor.execute(ThreadPoolExecutor.java:1379)
	at java.util.concurrent.Executors$DelegatedExecutorService.execute(Executors.java:668)
	at java.util.concurrent.CompletableFuture$UniCompletion.claim(CompletableFuture.java:529)
	at java.util.concurrent.CompletableFuture.uniApply(CompletableFuture.java:599)
	... 6 more
2019-09-24 19:14:03,598 [pool-159-thread-1] INFO  impl.RaftServerImpl (RaftServerImpl.java:start(185)) - 2aad5506-4352-4587-a9d6-f1a315122139@group-5B4A7EBB6977: start as a follower, conf=-1: [2aad5506-4352-4587-a9d6-f1a315122139:192.168.5.148:34412], old=null
2019-09-24 19:14:03,599 [pool-159-thread-1] INFO  impl.RaftServerImpl (RaftServerImpl.java:setRole(174)) - 2aad5506-4352-4587-a9d6-f1a315122139@group-5B4A7EBB6977: changes role from      null to FOLLOWER at term 0 for startAsFollower
2019-09-24 19:14:03,599 [pool-159-thread-1] INFO  impl.RoleInfo (RoleInfo.java:updateAndGet(143)) - 2aad5506-4352-4587-a9d6-f1a315122139: start FollowerState
2019-09-24 19:14:03,599 [pool-159-thread-1] INFO  util.JmxRegister (JmxRegister.java:tryRegister(44)) - Successfully registered JMX Bean with object name Ratis:service=RaftServer,group=group-5B4A7EBB6977,id=2aad5506-4352-4587-a9d6-f1a315122139
2019-09-24 19:14:03,601 [pool-159-thread-1] INFO  impl.RaftServerImpl (RaftServerImpl.java:<init>(95)) - 2aad5506-4352-4587-a9d6-f1a315122139: new RaftServerImpl for group-7A54B0AAA595:[d65623be-04e3-433c-9af8-6934d2279f6c:192.168.5.148:36478, 2aad5506-4352-4587-a9d6-f1a315122139:192.168.5.148:34412, 4d8f17a5-2079-45c1-8233-e8f9fa301948:192.168.5.148:37579] with ContainerStateMachine:uninitialized
2019-09-24 19:14:03,601 [pool-159-thread-1] INFO  server.RaftServerConfigKeys (ConfUtils.java:logGet(43)) - raft.server.rpc.timeout.min = 5s (custom)
2019-09-24 19:14:03,602 [pool-159-thread-1] INFO  server.RaftServerConfigKeys (ConfUtils.java:logGet(43)) - raft.server.rpc.timeout.max = 5200ms (custom)
2019-09-24 19:14:03,602 [pool-159-thread-1] INFO  server.RaftServerConfigKeys (ConfUtils.java:logGet(43)) - raft.server.rpcslowness.timeout = 120s (custom)
2019-09-24 19:14:03,602 [pool-159-thread-1] INFO  server.RaftServerConfigKeys (ConfUtils.java:logGet(43)) - raft.server.sleep.deviation.threshold = 300 (default)
2019-09-24 19:14:03,602 [pool-159-thread-1] INFO  server.RaftServerConfigKeys (ConfUtils.java:logGet(43)) - raft.server.log.appender.install.snapshot.enabled = false (custom)
2019-09-24 19:14:03,602 [pool-159-thread-1] INFO  impl.RaftServerImpl (ServerState.java:<init>(103)) - 2aad5506-4352-4587-a9d6-f1a315122139@group-7A54B0AAA595: ConfigurationManager, init=-1: [d65623be-04e3-433c-9af8-6934d2279f6c:192.168.5.148:36478, 2aad5506-4352-4587-a9d6-f1a315122139:192.168.5.148:34412, 4d8f17a5-2079-45c1-8233-e8f9fa301948:192.168.5.148:37579], old=null, confs=<EMPTY_MAP>
2019-09-24 19:14:03,603 [pool-159-thread-1] INFO  server.RaftServerConfigKeys (ConfUtils.java:logGet(43)) - raft.server.storage.dir = [/workdir/hadoop-ozone/integration-test/target/test-dir/MiniOzoneClusterImpl-927e61bf-33d4-4c72-9c6e-e846b22cd97e/datanode-4/data/ratis] (custom)
2019-09-24 19:14:03,603 [pool-159-thread-1] INFO  storage.RaftStorageDirectory (RaftStorageDirectory.java:analyzeStorage(246)) - The storage directory /workdir/hadoop-ozone/integration-test/target/test-dir/MiniOzoneClusterImpl-927e61bf-33d4-4c72-9c6e-e846b22cd97e/datanode-4/data/ratis/4849e3e7-545e-470c-ad95-7a54b0aaa595 does not exist. Creating ...
2019-09-24 19:14:03,916 [Datanode State Machine Thread - 0] INFO  statemachine.DatanodeStateMachine (DatanodeStateMachine.java:lambda$startDaemon$0(350)) - Ozone container server started.
2019-09-24 19:14:08,594 [ForkJoinPool.commonPool-worker-1] INFO  ozoneimpl.OzoneContainer (OzoneContainer.java:stop(231)) - Attempting to stop container services.
2019-09-24 19:14:08,687 [pool-159-thread-1] INFO  storage.RaftStorageDirectory (RaftStorageDirectory.java:tryLock(328)) - Lock on /workdir/hadoop-ozone/integration-test/target/test-dir/MiniOzoneClusterImpl-927e61bf-33d4-4c72-9c6e-e846b22cd97e/datanode-4/data/ratis/4849e3e7-545e-470c-ad95-7a54b0aaa595/in_use.lock acquired by nodename 20442@pr-hdds-2149-fgl4f-1742389470
2019-09-24 19:14:08,688 [pool-139-thread-1] INFO  storage.RaftStorage (RaftStorage.java:format(72)) - Storage directory /workdir/hadoop-ozone/integration-test/target/test-dir/MiniOzoneClusterImpl-927e61bf-33d4-4c72-9c6e-e846b22cd97e/datanode-2/data/ratis/4849e3e7-545e-470c-ad95-7a54b0aaa595 has been successfully formatted.
2019-09-24 19:14:08,688 [4d8f17a5-2079-45c1-8233-e8f9fa301948@group-B0DE2BEA193A:LeaderElection41] INFO  impl.LeaderElection (LeaderElection.java:askForVotes(182)) - 4d8f17a5-2079-45c1-8233-e8f9fa301948@group-B0DE2BEA193A:LeaderElection41: begin an election at term 3 for -1: [d65623be-04e3-433c-9af8-6934d2279f6c:192.168.5.148:36478, 2aad5506-4352-4587-a9d6-f1a315122139:192.168.5.148:34412, 4d8f17a5-2079-45c1-8233-e8f9fa301948:192.168.5.148:37579], old=null
2019-09-24 19:14:08,688 [2aad5506-4352-4587-a9d6-f1a315122139@group-B0DE2BEA193A:LeaderElection40] INFO  impl.LeaderElection (LeaderElection.java:askForVotes(182)) - 2aad5506-4352-4587-a9d6-f1a315122139@group-B0DE2BEA193A:LeaderElection40: begin an election at term 3 for -1: [d65623be-04e3-433c-9af8-6934d2279f6c:192.168.5.148:36478, 2aad5506-4352-4587-a9d6-f1a315122139:192.168.5.148:34412, 4d8f17a5-2079-45c1-8233-e8f9fa301948:192.168.5.148:37579], old=null
2019-09-24 19:14:08,688 [pool-139-thread-1] INFO  ratis.ContainerStateMachine (ContainerStateMachine.java:loadSnapshot(230)) - group-7A54B0AAA595: The snapshot info is null. Setting the last applied indexto:(t:0, i:~)
2019-09-24 19:14:08,688 [d65623be-04e3-433c-9af8-6934d2279f6c@group-B0DE2BEA193A:LeaderElection39] INFO  impl.LeaderElection (LeaderElection.java:askForVotes(182)) - d65623be-04e3-433c-9af8-6934d2279f6c@group-B0DE2BEA193A:LeaderElection39: begin an election at term 3 for -1: [d65623be-04e3-433c-9af8-6934d2279f6c:192.168.5.148:36478, 2aad5506-4352-4587-a9d6-f1a315122139:192.168.5.148:34412, 4d8f17a5-2079-45c1-8233-e8f9fa301948:192.168.5.148:37579], old=null
2019-09-24 19:14:08,688 [pool-179-thread-1] INFO  storage.RaftStorage (RaftStorage.java:format(72)) - Storage directory /workdir/hadoop-ozone/integration-test/target/test-dir/MiniOzoneClusterImpl-927e61bf-33d4-4c72-9c6e-e846b22cd97e/datanode-6/data/ratis/4849e3e7-545e-470c-ad95-7a54b0aaa595 has been successfully formatted.
2019-09-24 19:14:08,689 [pool-139-thread-1] INFO  server.RaftServerConfigKeys (ConfUtils.java:logGet(43)) - raft.server.notification.no-leader.timeout = 120s (custom)
2019-09-24 19:14:08,689 [pool-139-thread-1] INFO  server.RaftServerConfigKeys (ConfUtils.java:logGet(43)) - raft.server.log.use.memory = false (default)
2019-09-24 19:14:08,690 [pool-139-thread-1] INFO  server.RaftServerConfigKeys (ConfUtils.java:logGet(43)) - raft.server.log.purge.gap = 1000000 (custom)
2019-09-24 19:14:08,690 [pool-139-thread-1] INFO  server.RaftServerConfigKeys (ConfUtils.java:logGet(43)) - raft.server.log.appender.buffer.byte-limit = 33554432 (custom)
2019-09-24 19:14:08,690 [pool-139-thread-1] INFO  server.RaftServerConfigKeys (ConfUtils.java:logGet(43)) - raft.server.log.segment.size.max = 1048576 (custom)
2019-09-24 19:14:08,690 [pool-179-thread-1] INFO  ratis.ContainerStateMachine (ContainerStateMachine.java:loadSnapshot(230)) - group-7A54B0AAA595: The snapshot info is null. Setting the last applied indexto:(t:0, i:~)
2019-09-24 19:14:08,690 [pool-139-thread-1] INFO  server.RaftServerConfigKeys (ConfUtils.java:logGet(43)) - raft.server.log.segment.cache.num.max = 2 (custom)
2019-09-24 19:14:08,690 [pool-179-thread-1] INFO  server.RaftServerConfigKeys (ConfUtils.java:logGet(43)) - raft.server.notification.no-leader.timeout = 120s (custom)
2019-09-24 19:14:08,691 [pool-139-thread-1] INFO  segmented.SegmentedRaftLogWorker (SegmentedRaftLogWorker.java:<init>(172)) - new 4d8f17a5-2079-45c1-8233-e8f9fa301948@group-7A54B0AAA595-SegmentedRaftLogWorker for RaftStorage:Storage Directory /workdir/hadoop-ozone/integration-test/target/test-dir/MiniOzoneClusterImpl-927e61bf-33d4-4c72-9c6e-e846b22cd97e/datanode-2/data/ratis/4849e3e7-545e-470c-ad95-7a54b0aaa595
2019-09-24 19:14:08,691 [pool-179-thread-1] INFO  server.RaftServerConfigKeys (ConfUtils.java:logGet(43)) - raft.server.log.use.memory = false (default)
2019-09-24 19:14:08,691 [pool-139-thread-1] INFO  server.RaftServerConfigKeys (ConfUtils.java:logGet(43)) - raft.server.log.queue.byte-limit = 2147483647 (custom)
2019-09-24 19:14:08,691 [pool-179-thread-1] INFO  server.RaftServerConfigKeys (ConfUtils.java:logGet(43)) - raft.server.log.purge.gap = 1000000 (custom)
2019-09-24 19:14:08,691 [pool-139-thread-1] INFO  server.RaftServerConfigKeys (ConfUtils.java:logGet(43)) - raft.server.log.queue.element-limit = 1024 (custom)
2019-09-24 19:14:08,691 [pool-179-thread-1] INFO  server.RaftServerConfigKeys (ConfUtils.java:logGet(43)) - raft.server.log.appender.buffer.byte-limit = 33554432 (custom)
2019-09-24 19:14:08,692 [pool-139-thread-1] INFO  server.RaftServerConfigKeys (ConfUtils.java:logGet(43)) - raft.server.log.segment.size.max = 1048576 (custom)
2019-09-24 19:14:08,692 [pool-179-thread-1] INFO  server.RaftServerConfigKeys (ConfUtils.java:logGet(43)) - raft.server.log.segment.size.max = 1048576 (custom)
2019-09-24 19:14:08,692 [pool-139-thread-1] INFO  server.RaftServerConfigKeys (ConfUtils.java:logGet(43)) - raft.server.log.preallocated.size = 16384 (custom)
2019-09-24 19:14:08,692 [pool-179-thread-1] INFO  server.RaftServerConfigKeys (ConfUtils.java:logGet(43)) - raft.server.log.segment.cache.num.max = 2 (custom)
2019-09-24 19:14:08,692 [pool-139-thread-1] INFO  server.RaftServerConfigKeys (ConfUtils.java:logGet(43)) - raft.server.log.write.buffer.size = 33554432 (custom)
2019-09-24 19:14:08,692 [pool-179-thread-1] INFO  segmented.SegmentedRaftLogWorker (SegmentedRaftLogWorker.java:<init>(172)) - new d65623be-04e3-433c-9af8-6934d2279f6c@group-7A54B0AAA595-SegmentedRaftLogWorker for RaftStorage:Storage Directory /workdir/hadoop-ozone/integration-test/target/test-dir/MiniOzoneClusterImpl-927e61bf-33d4-4c72-9c6e-e846b22cd97e/datanode-6/data/ratis/4849e3e7-545e-470c-ad95-7a54b0aaa595
2019-09-24 19:14:08,693 [pool-139-thread-1] INFO  server.RaftServerConfigKeys (ConfUtils.java:logGet(43)) - raft.server.log.force.sync.num = 128 (default)
2019-09-24 19:14:08,693 [pool-179-thread-1] INFO  server.RaftServerConfigKeys (ConfUtils.java:logGet(43)) - raft.server.log.queue.byte-limit = 2147483647 (custom)
2019-09-24 19:14:08,693 [pool-139-thread-1] INFO  server.RaftServerConfigKeys (ConfUtils.java:logGet(43)) - raft.server.log.statemachine.data.sync = true (default)
2019-09-24 19:14:08,693 [pool-179-thread-1] INFO  server.RaftServerConfigKeys (ConfUtils.java:logGet(43)) - raft.server.log.queue.element-limit = 1024 (custom)
2019-09-24 19:14:08,693 [pool-139-thread-1] INFO  server.RaftServerConfigKeys (ConfUtils.java:logGet(43)) - raft.server.log.statemachine.data.sync.timeout = 10s (default)
2019-09-24 19:14:08,693 [pool-179-thread-1] INFO  server.RaftServerConfigKeys (ConfUtils.java:logGet(43)) - raft.server.log.segment.size.max = 1048576 (custom)
2019-09-24 19:14:08,694 [pool-139-thread-1] INFO  server.RaftServerConfigKeys (ConfUtils.java:logGet(43)) - raft.server.log.statemachine.data.sync.timeout.retry = -1 (default)
2019-09-24 19:14:08,694 [pool-179-thread-1] INFO  server.RaftServerConfigKeys (ConfUtils.java:logGet(43)) - raft.server.log.preallocated.size = 16384 (custom)
2019-09-24 19:14:08,694 [pool-139-thread-1] INFO  server.RaftServerConfigKeys (ConfUtils.java:logGet(43)) - raft.server.log.statemachine.data.caching.enabled = true (custom)
2019-09-24 19:14:08,694 [pool-179-thread-1] INFO  server.RaftServerConfigKeys (ConfUtils.java:logGet(43)) - raft.server.log.write.buffer.size = 33554432 (custom)
2019-09-24 19:14:08,694 [pool-179-thread-1] INFO  server.RaftServerConfigKeys (ConfUtils.java:logGet(43)) - raft.server.log.force.sync.num = 128 (default)
2019-09-24 19:14:08,694 [pool-139-thread-1] INFO  segmented.SegmentedRaftLogWorker (SegmentedRaftLogWorker.java:lambda$new$0(132)) - 4d8f17a5-2079-45c1-8233-e8f9fa301948@group-7A54B0AAA595-SegmentedRaftLogWorker: flushIndex: setUnconditionally 0 -> -1
2019-09-24 19:14:08,694 [2aad5506-4352-4587-a9d6-f1a315122139@group-B0DE2BEA193A:LeaderElection40] INFO  impl.LeaderElection (LeaderElection.java:logAndReturn(56)) - 2aad5506-4352-4587-a9d6-f1a315122139@group-B0DE2BEA193A:LeaderElection40: Election REJECTED; received 2 response(s) [2aad5506-4352-4587-a9d6-f1a315122139<-d65623be-04e3-433c-9af8-6934d2279f6c#0:FAIL-t3, 2aad5506-4352-4587-a9d6-f1a315122139<-4d8f17a5-2079-45c1-8233-e8f9fa301948#0:FAIL-t3] and 0 exception(s); 2aad5506-4352-4587-a9d6-f1a315122139@group-B0DE2BEA193A:t3, leader=null, voted=2aad5506-4352-4587-a9d6-f1a315122139, raftlog=2aad5506-4352-4587-a9d6-f1a315122139@group-B0DE2BEA193A-SegmentedRaftLog:OPENED:c-1,f-1,i0, conf=-1: [d65623be-04e3-433c-9af8-6934d2279f6c:192.168.5.148:36478, 2aad5506-4352-4587-a9d6-f1a315122139:192.168.5.148:34412, 4d8f17a5-2079-45c1-8233-e8f9fa301948:192.168.5.148:37579], old=null
2019-09-24 19:14:08,695 [d65623be-04e3-433c-9af8-6934d2279f6c@group-B0DE2BEA193A:LeaderElection39] INFO  impl.LeaderElection (LeaderElection.java:logAndReturn(56)) - d65623be-04e3-433c-9af8-6934d2279f6c@group-B0DE2BEA193A:LeaderElection39: Election REJECTED; received 2 response(s) [d65623be-04e3-433c-9af8-6934d2279f6c<-2aad5506-4352-4587-a9d6-f1a315122139#0:FAIL-t3, d65623be-04e3-433c-9af8-6934d2279f6c<-4d8f17a5-2079-45c1-8233-e8f9fa301948#0:FAIL-t3] and 0 exception(s); d65623be-04e3-433c-9af8-6934d2279f6c@group-B0DE2BEA193A:t3, leader=null, voted=d65623be-04e3-433c-9af8-6934d2279f6c, raftlog=d65623be-04e3-433c-9af8-6934d2279f6c@group-B0DE2BEA193A-SegmentedRaftLog:OPENED:c-1,f-1,i0, conf=-1: [d65623be-04e3-433c-9af8-6934d2279f6c:192.168.5.148:36478, 2aad5506-4352-4587-a9d6-f1a315122139:192.168.5.148:34412, 4d8f17a5-2079-45c1-8233-e8f9fa301948:192.168.5.148:37579], old=null
2019-09-24 19:14:08,695 [pool-179-thread-1] INFO  server.RaftServerConfigKeys (ConfUtils.java:logGet(43)) - raft.server.log.statemachine.data.sync = true (default)
2019-09-24 19:14:08,695 [d65623be-04e3-433c-9af8-6934d2279f6c@group-B0DE2BEA193A:LeaderElection39] INFO  impl.RaftServerImpl (RaftServerImpl.java:setRole(174)) - d65623be-04e3-433c-9af8-6934d2279f6c@group-B0DE2BEA193A: changes role from CANDIDATE to FOLLOWER at term 3 for DISCOVERED_A_NEW_TERM
2019-09-24 19:14:08,701 [d65623be-04e3-433c-9af8-6934d2279f6c@group-B0DE2BEA193A:LeaderElection39] INFO  impl.RoleInfo (RoleInfo.java:shutdownLeaderElection(134)) - d65623be-04e3-433c-9af8-6934d2279f6c: shutdown LeaderElection
2019-09-24 19:14:08,695 [2aad5506-4352-4587-a9d6-f1a315122139@group-B0DE2BEA193A:LeaderElection40] INFO  impl.RaftServerImpl (RaftServerImpl.java:setRole(174)) - 2aad5506-4352-4587-a9d6-f1a315122139@group-B0DE2BEA193A: changes role from CANDIDATE to FOLLOWER at term 3 for DISCOVERED_A_NEW_TERM
2019-09-24 19:14:08,702 [2aad5506-4352-4587-a9d6-f1a315122139@group-B0DE2BEA193A:LeaderElection40] INFO  impl.RoleInfo (RoleInfo.java:shutdownLeaderElection(134)) - 2aad5506-4352-4587-a9d6-f1a315122139: shutdown LeaderElection
2019-09-24 19:14:08,695 [pool-139-thread-1] INFO  server.RaftServerConfigKeys (ConfUtils.java:logGet(43)) - raft.server.snapshot.auto.trigger.enabled = true (custom)
2019-09-24 19:14:08,702 [2aad5506-4352-4587-a9d6-f1a315122139@group-B0DE2BEA193A:LeaderElection40] INFO  impl.RoleInfo (RoleInfo.java:updateAndGet(143)) - 2aad5506-4352-4587-a9d6-f1a315122139: start FollowerState
2019-09-24 19:14:08,701 [d65623be-04e3-433c-9af8-6934d2279f6c@group-B0DE2BEA193A:LeaderElection39] INFO  impl.RoleInfo (RoleInfo.java:updateAndGet(143)) - d65623be-04e3-433c-9af8-6934d2279f6c: start FollowerState
2019-09-24 19:14:08,701 [pool-179-thread-1] INFO  server.RaftServerConfigKeys (ConfUtils.java:logGet(43)) - raft.server.log.statemachine.data.sync.timeout = 10s (default)
2019-09-24 19:14:08,702 [4d8f17a5-2079-45c1-8233-e8f9fa301948@group-B0DE2BEA193A:LeaderElection41] INFO  impl.LeaderElection (LeaderElection.java:logAndReturn(56)) - 4d8f17a5-2079-45c1-8233-e8f9fa301948@group-B0DE2BEA193A:LeaderElection41: Election REJECTED; received 2 response(s) [4d8f17a5-2079-45c1-8233-e8f9fa301948<-d65623be-04e3-433c-9af8-6934d2279f6c#0:FAIL-t3, 4d8f17a5-2079-45c1-8233-e8f9fa301948<-2aad5506-4352-4587-a9d6-f1a315122139#0:FAIL-t3] and 0 exception(s); 4d8f17a5-2079-45c1-8233-e8f9fa301948@group-B0DE2BEA193A:t3, leader=null, voted=4d8f17a5-2079-45c1-8233-e8f9fa301948, raftlog=4d8f17a5-2079-45c1-8233-e8f9fa301948@group-B0DE2BEA193A-SegmentedRaftLog:OPENED:c-1,f-1,i0, conf=-1: [d65623be-04e3-433c-9af8-6934d2279f6c:192.168.5.148:36478, 2aad5506-4352-4587-a9d6-f1a315122139:192.168.5.148:34412, 4d8f17a5-2079-45c1-8233-e8f9fa301948:192.168.5.148:37579], old=null
2019-09-24 19:14:08,702 [pool-139-thread-1] INFO  server.RaftServerConfigKeys (ConfUtils.java:logGet(43)) - raft.server.snapshot.auto.trigger.threshold = 10000 (custom)
2019-09-24 19:14:08,703 [4d8f17a5-2079-45c1-8233-e8f9fa301948@group-B0DE2BEA193A:LeaderElection41] INFO  impl.RaftServerImpl (RaftServerImpl.java:setRole(174)) - 4d8f17a5-2079-45c1-8233-e8f9fa301948@group-B0DE2BEA193A: changes role from CANDIDATE to FOLLOWER at term 3 for DISCOVERED_A_NEW_TERM
2019-09-24 19:14:08,705 [4d8f17a5-2079-45c1-8233-e8f9fa301948@group-B0DE2BEA193A:LeaderElection41] INFO  impl.RoleInfo (RoleInfo.java:shutdownLeaderElection(134)) - 4d8f17a5-2079-45c1-8233-e8f9fa301948: shutdown LeaderElection
2019-09-24 19:14:08,702 [pool-179-thread-1] INFO  server.RaftServerConfigKeys (ConfUtils.java:logGet(43)) - raft.server.log.statemachine.data.sync.timeout.retry = -1 (default)
2019-09-24 19:14:08,705 [4d8f17a5-2079-45c1-8233-e8f9fa301948@group-B0DE2BEA193A:LeaderElection41] INFO  impl.RoleInfo (RoleInfo.java:updateAndGet(143)) - 4d8f17a5-2079-45c1-8233-e8f9fa301948: start FollowerState
2019-09-24 19:14:08,703 [pool-139-thread-1] INFO  server.RaftServerConfigKeys (ConfUtils.java:logGet(43)) - raft.server.snapshot.retention.num.files = 5 (custom)
2019-09-24 19:14:08,705 [pool-179-thread-1] INFO  server.RaftServerConfigKeys (ConfUtils.java:logGet(43)) - raft.server.log.statemachine.data.caching.enabled = true (custom)
2019-09-24 19:14:08,706 [pool-139-thread-1] INFO  server.RaftServerConfigKeys (ConfUtils.java:logGet(43)) - raft.server.retrycache.expirytime = 600000ms (custom)
2019-09-24 19:14:08,706 [pool-179-thread-1] INFO  segmented.SegmentedRaftLogWorker (SegmentedRaftLogWorker.java:lambda$new$0(132)) - d65623be-04e3-433c-9af8-6934d2279f6c@group-7A54B0AAA595-SegmentedRaftLogWorker: flushIndex: setUnconditionally 0 -> -1
2019-09-24 19:14:08,706 [pool-179-thread-1] INFO  server.RaftServerConfigKeys (ConfUtils.java:logGet(43)) - raft.server.snapshot.auto.trigger.enabled = true (custom)
2019-09-24 19:14:08,707 [pool-179-thread-1] INFO  server.RaftServerConfigKeys (ConfUtils.java:logGet(43)) - raft.server.snapshot.auto.trigger.threshold = 10000 (custom)
2019-09-24 19:14:08,707 [pool-179-thread-1] INFO  server.RaftServerConfigKeys (ConfUtils.java:logGet(43)) - raft.server.snapshot.retention.num.files = 5 (custom)
2019-09-24 19:14:08,707 [pool-179-thread-1] INFO  server.RaftServerConfigKeys (ConfUtils.java:logGet(43)) - raft.server.retrycache.expirytime = 600000ms (custom)
2019-09-24 19:14:08,709 [pool-139-thread-1] INFO  impl.RaftServerProxy (RaftServerProxy.java:remove(95)) - 4d8f17a5-2079-45c1-8233-e8f9fa301948: remove      null 4d8f17a5-2079-45c1-8233-e8f9fa301948@group-7A54B0AAA595:t0, leader=null, voted=null, raftlog=4d8f17a5-2079-45c1-8233-e8f9fa301948@group-7A54B0AAA595-SegmentedRaftLog:OPENED:c-1,f-1,i0, conf=-1: [d65623be-04e3-433c-9af8-6934d2279f6c:192.168.5.148:36478, 2aad5506-4352-4587-a9d6-f1a315122139:192.168.5.148:34412, 4d8f17a5-2079-45c1-8233-e8f9fa301948:192.168.5.148:37579], old=null NEW
2019-09-24 19:14:08,710 [pool-139-thread-1] WARN  impl.RaftServerProxy (RaftServerProxy.java:lambda$groupAddAsync$11(388)) - 4d8f17a5-2079-45c1-8233-e8f9fa301948: Failed groupAdd* GroupManagementRequest:client-504EBE49FDB6->4d8f17a5-2079-45c1-8233-e8f9fa301948@group-7A54B0AAA595, cid=42, seq=0, RW, null, Add:group-7A54B0AAA595:[d65623be-04e3-433c-9af8-6934d2279f6c:192.168.5.148:36478, 2aad5506-4352-4587-a9d6-f1a315122139:192.168.5.148:34412, 4d8f17a5-2079-45c1-8233-e8f9fa301948:192.168.5.148:37579]
java.util.concurrent.CompletionException: java.util.concurrent.RejectedExecutionException: Task java.util.concurrent.CompletableFuture$UniApply@259d268f rejected from java.util.concurrent.ThreadPoolExecutor@7feabe3d[Shutting down, pool size = 1, active threads = 1, queued tasks = 4, completed tasks = 8]
	at java.util.concurrent.CompletableFuture.encodeThrowable(CompletableFuture.java:273)
	at java.util.concurrent.CompletableFuture.completeThrowable(CompletableFuture.java:280)
	at java.util.concurrent.CompletableFuture.uniApply(CompletableFuture.java:604)
	at java.util.concurrent.CompletableFuture$UniApply.tryFire(CompletableFuture.java:577)
	at java.util.concurrent.CompletableFuture.postComplete(CompletableFuture.java:474)
	at java.util.concurrent.CompletableFuture$AsyncSupply.run(CompletableFuture.java:1595)
	at java.util.concurrent.ThreadPoolExecutor.runWorker(ThreadPoolExecutor.java:1149)
	at java.util.concurrent.ThreadPoolExecutor$Worker.run(ThreadPoolExecutor.java:624)
	at java.lang.Thread.run(Thread.java:748)
Caused by: java.util.concurrent.RejectedExecutionException: Task java.util.concurrent.CompletableFuture$UniApply@259d268f rejected from java.util.concurrent.ThreadPoolExecutor@7feabe3d[Shutting down, pool size = 1, active threads = 1, queued tasks = 4, completed tasks = 8]
	at java.util.concurrent.ThreadPoolExecutor$AbortPolicy.rejectedExecution(ThreadPoolExecutor.java:2063)
	at java.util.concurrent.ThreadPoolExecutor.reject(ThreadPoolExecutor.java:830)
	at java.util.concurrent.ThreadPoolExecutor.execute(ThreadPoolExecutor.java:1379)
	at java.util.concurrent.Executors$DelegatedExecutorService.execute(Executors.java:668)
	at java.util.concurrent.CompletableFuture$UniCompletion.claim(CompletableFuture.java:529)
	at java.util.concurrent.CompletableFuture.uniApply(CompletableFuture.java:599)
	... 6 more
2019-09-24 19:14:08,712 [pool-179-thread-1] INFO  impl.RaftServerImpl (RaftServerImpl.java:<init>(95)) - d65623be-04e3-433c-9af8-6934d2279f6c: new RaftServerImpl for group-A86B03FCFDE6:[d65623be-04e3-433c-9af8-6934d2279f6c:192.168.5.148:36478, 2aad5506-4352-4587-a9d6-f1a315122139:192.168.5.148:34412, 4d8f17a5-2079-45c1-8233-e8f9fa301948:192.168.5.148:37579] with ContainerStateMachine:uninitialized
2019-09-24 19:14:08,714 [pool-179-thread-1] INFO  server.RaftServerConfigKeys (ConfUtils.java:logGet(43)) - raft.server.rpc.timeout.min = 5s (custom)
2019-09-24 19:14:08,714 [pool-179-thread-1] INFO  server.RaftServerConfigKeys (ConfUtils.java:logGet(43)) - raft.server.rpc.timeout.max = 5200ms (custom)
2019-09-24 19:14:08,714 [pool-179-thread-1] INFO  server.RaftServerConfigKeys (ConfUtils.java:logGet(43)) - raft.server.rpcslowness.timeout = 120s (custom)
2019-09-24 19:14:08,714 [pool-179-thread-1] INFO  server.RaftServerConfigKeys (ConfUtils.java:logGet(43)) - raft.server.sleep.deviation.threshold = 300 (default)
2019-09-24 19:14:08,715 [pool-139-thread-1] INFO  impl.RaftServerImpl (RaftServerImpl.java:<init>(95)) - 4d8f17a5-2079-45c1-8233-e8f9fa301948: new RaftServerImpl for group-A86B03FCFDE6:[d65623be-04e3-433c-9af8-6934d2279f6c:192.168.5.148:36478, 2aad5506-4352-4587-a9d6-f1a315122139:192.168.5.148:34412, 4d8f17a5-2079-45c1-8233-e8f9fa301948:192.168.5.148:37579] with ContainerStateMachine:uninitialized
2019-09-24 19:14:08,715 [pool-179-thread-1] INFO  server.RaftServerConfigKeys (ConfUtils.java:logGet(43)) - raft.server.log.appender.install.snapshot.enabled = false (custom)
2019-09-24 19:14:08,715 [pool-139-thread-1] INFO  server.RaftServerConfigKeys (ConfUtils.java:logGet(43)) - raft.server.rpc.timeout.min = 5s (custom)
2019-09-24 19:14:08,715 [pool-179-thread-1] INFO  impl.RaftServerImpl (ServerState.java:<init>(103)) - d65623be-04e3-433c-9af8-6934d2279f6c@group-A86B03FCFDE6: ConfigurationManager, init=-1: [d65623be-04e3-433c-9af8-6934d2279f6c:192.168.5.148:36478, 2aad5506-4352-4587-a9d6-f1a315122139:192.168.5.148:34412, 4d8f17a5-2079-45c1-8233-e8f9fa301948:192.168.5.148:37579], old=null, confs=<EMPTY_MAP>
2019-09-24 19:14:08,715 [pool-139-thread-1] INFO  server.RaftServerConfigKeys (ConfUtils.java:logGet(43)) - raft.server.rpc.timeout.max = 5200ms (custom)
2019-09-24 19:14:08,715 [pool-179-thread-1] INFO  server.RaftServerConfigKeys (ConfUtils.java:logGet(43)) - raft.server.storage.dir = [/workdir/hadoop-ozone/integration-test/target/test-dir/MiniOzoneClusterImpl-927e61bf-33d4-4c72-9c6e-e846b22cd97e/datanode-6/data/ratis] (custom)
2019-09-24 19:14:08,715 [pool-139-thread-1] INFO  server.RaftServerConfigKeys (ConfUtils.java:logGet(43)) - raft.server.rpcslowness.timeout = 120s (custom)
2019-09-24 19:14:08,716 [pool-139-thread-1] INFO  server.RaftServerConfigKeys (ConfUtils.java:logGet(43)) - raft.server.sleep.deviation.threshold = 300 (default)
2019-09-24 19:14:08,716 [pool-139-thread-1] INFO  server.RaftServerConfigKeys (ConfUtils.java:logGet(43)) - raft.server.log.appender.install.snapshot.enabled = false (custom)
2019-09-24 19:14:08,716 [pool-179-thread-1] INFO  storage.RaftStorageDirectory (RaftStorageDirectory.java:analyzeStorage(246)) - The storage directory /workdir/hadoop-ozone/integration-test/target/test-dir/MiniOzoneClusterImpl-927e61bf-33d4-4c72-9c6e-e846b22cd97e/datanode-6/data/ratis/9054d81c-68fd-40e1-86b6-a86b03fcfde6 does not exist. Creating ...
2019-09-24 19:14:08,716 [pool-139-thread-1] INFO  impl.RaftServerImpl (ServerState.java:<init>(103)) - 4d8f17a5-2079-45c1-8233-e8f9fa301948@group-A86B03FCFDE6: ConfigurationManager, init=-1: [d65623be-04e3-433c-9af8-6934d2279f6c:192.168.5.148:36478, 2aad5506-4352-4587-a9d6-f1a315122139:192.168.5.148:34412, 4d8f17a5-2079-45c1-8233-e8f9fa301948:192.168.5.148:37579], old=null, confs=<EMPTY_MAP>
2019-09-24 19:14:08,716 [pool-139-thread-1] INFO  server.RaftServerConfigKeys (ConfUtils.java:logGet(43)) - raft.server.storage.dir = [/workdir/hadoop-ozone/integration-test/target/test-dir/MiniOzoneClusterImpl-927e61bf-33d4-4c72-9c6e-e846b22cd97e/datanode-2/data/ratis] (custom)
2019-09-24 19:14:08,717 [pool-139-thread-1] INFO  storage.RaftStorageDirectory (RaftStorageDirectory.java:analyzeStorage(246)) - The storage directory /workdir/hadoop-ozone/integration-test/target/test-dir/MiniOzoneClusterImpl-927e61bf-33d4-4c72-9c6e-e846b22cd97e/datanode-2/data/ratis/9054d81c-68fd-40e1-86b6-a86b03fcfde6 does not exist. Creating ...
2019-09-24 19:14:08,725 [Thread-803] INFO  impl.FollowerState (FollowerState.java:run(106)) - 2aad5506-4352-4587-a9d6-f1a315122139:group-5B4A7EBB6977 changes to CANDIDATE, lastRpcTime:5126, electionTimeout:5126ms
2019-09-24 19:14:08,726 [Thread-803] INFO  impl.RoleInfo (RoleInfo.java:shutdownFollowerState(121)) - 2aad5506-4352-4587-a9d6-f1a315122139: shutdown FollowerState
2019-09-24 19:14:08,726 [Thread-803] INFO  impl.RaftServerImpl (RaftServerImpl.java:setRole(174)) - 2aad5506-4352-4587-a9d6-f1a315122139@group-5B4A7EBB6977: changes role from  FOLLOWER to CANDIDATE at term 0 for changeToCandidate
2019-09-24 19:14:08,726 [Thread-803] INFO  impl.RoleInfo (RoleInfo.java:updateAndGet(143)) - 2aad5506-4352-4587-a9d6-f1a315122139: start LeaderElection
2019-09-24 19:14:13,747 [Thread-811] INFO  impl.FollowerState (FollowerState.java:run(106)) - d65623be-04e3-433c-9af8-6934d2279f6c:group-B0DE2BEA193A changes to CANDIDATE, lastRpcTime:5045, electionTimeout:5044ms
2019-09-24 19:14:13,747 [Thread-811] INFO  impl.RoleInfo (RoleInfo.java:shutdownFollowerState(121)) - d65623be-04e3-433c-9af8-6934d2279f6c: shutdown FollowerState
2019-09-24 19:14:13,747 [Thread-811] INFO  impl.RaftServerImpl (RaftServerImpl.java:setRole(174)) - d65623be-04e3-433c-9af8-6934d2279f6c@group-B0DE2BEA193A: changes role from  FOLLOWER to CANDIDATE at term 3 for changeToCandidate
2019-09-24 19:14:13,747 [Thread-811] INFO  impl.RoleInfo (RoleInfo.java:updateAndGet(143)) - d65623be-04e3-433c-9af8-6934d2279f6c: start LeaderElection
2019-09-24 19:14:13,755 [pool-179-thread-1] INFO  storage.RaftStorageDirectory (RaftStorageDirectory.java:tryLock(328)) - Lock on /workdir/hadoop-ozone/integration-test/target/test-dir/MiniOzoneClusterImpl-927e61bf-33d4-4c72-9c6e-e846b22cd97e/datanode-6/data/ratis/9054d81c-68fd-40e1-86b6-a86b03fcfde6/in_use.lock acquired by nodename 20442@pr-hdds-2149-fgl4f-1742389470
2019-09-24 19:14:13,755 [pool-159-thread-1] INFO  storage.RaftStorage (RaftStorage.java:format(72)) - Storage directory /workdir/hadoop-ozone/integration-test/target/test-dir/MiniOzoneClusterImpl-927e61bf-33d4-4c72-9c6e-e846b22cd97e/datanode-4/data/ratis/4849e3e7-545e-470c-ad95-7a54b0aaa595 has been successfully formatted.
2019-09-24 19:14:13,755 [pool-139-thread-1] INFO  storage.RaftStorageDirectory (RaftStorageDirectory.java:tryLock(328)) - Lock on /workdir/hadoop-ozone/integration-test/target/test-dir/MiniOzoneClusterImpl-927e61bf-33d4-4c72-9c6e-e846b22cd97e/datanode-2/data/ratis/9054d81c-68fd-40e1-86b6-a86b03fcfde6/in_use.lock acquired by nodename 20442@pr-hdds-2149-fgl4f-1742389470
2019-09-24 19:14:13,756 [pool-159-thread-1] INFO  ratis.ContainerStateMachine (ContainerStateMachine.java:loadSnapshot(230)) - group-7A54B0AAA595: The snapshot info is null. Setting the last applied indexto:(t:0, i:~)
2019-09-24 19:14:13,756 [pool-159-thread-1] INFO  server.RaftServerConfigKeys (ConfUtils.java:logGet(43)) - raft.server.notification.no-leader.timeout = 120s (custom)
2019-09-24 19:14:13,756 [pool-159-thread-1] INFO  server.RaftServerConfigKeys (ConfUtils.java:logGet(43)) - raft.server.log.use.memory = false (default)
2019-09-24 19:14:13,757 [pool-159-thread-1] INFO  server.RaftServerConfigKeys (ConfUtils.java:logGet(43)) - raft.server.log.purge.gap = 1000000 (custom)
2019-09-24 19:14:13,757 [pool-159-thread-1] INFO  server.RaftServerConfigKeys (ConfUtils.java:logGet(43)) - raft.server.log.appender.buffer.byte-limit = 33554432 (custom)
2019-09-24 19:14:13,757 [pool-159-thread-1] INFO  server.RaftServerConfigKeys (ConfUtils.java:logGet(43)) - raft.server.log.segment.size.max = 1048576 (custom)
2019-09-24 19:14:13,758 [pool-159-thread-1] INFO  server.RaftServerConfigKeys (ConfUtils.java:logGet(43)) - raft.server.log.segment.cache.num.max = 2 (custom)
2019-09-24 19:14:13,758 [pool-159-thread-1] INFO  segmented.SegmentedRaftLogWorker (SegmentedRaftLogWorker.java:<init>(172)) - new 2aad5506-4352-4587-a9d6-f1a315122139@group-7A54B0AAA595-SegmentedRaftLogWorker for RaftStorage:Storage Directory /workdir/hadoop-ozone/integration-test/target/test-dir/MiniOzoneClusterImpl-927e61bf-33d4-4c72-9c6e-e846b22cd97e/datanode-4/data/ratis/4849e3e7-545e-470c-ad95-7a54b0aaa595
2019-09-24 19:14:13,758 [pool-159-thread-1] INFO  server.RaftServerConfigKeys (ConfUtils.java:logGet(43)) - raft.server.log.queue.byte-limit = 2147483647 (custom)
2019-09-24 19:14:13,758 [pool-159-thread-1] INFO  server.RaftServerConfigKeys (ConfUtils.java:logGet(43)) - raft.server.log.queue.element-limit = 1024 (custom)
2019-09-24 19:14:13,759 [pool-159-thread-1] INFO  server.RaftServerConfigKeys (ConfUtils.java:logGet(43)) - raft.server.log.segment.size.max = 1048576 (custom)
2019-09-24 19:14:13,759 [pool-159-thread-1] INFO  server.RaftServerConfigKeys (ConfUtils.java:logGet(43)) - raft.server.log.preallocated.size = 16384 (custom)
2019-09-24 19:14:13,759 [pool-159-thread-1] INFO  server.RaftServerConfigKeys (ConfUtils.java:logGet(43)) - raft.server.log.write.buffer.size = 33554432 (custom)
2019-09-24 19:14:13,759 [pool-159-thread-1] INFO  server.RaftServerConfigKeys (ConfUtils.java:logGet(43)) - raft.server.log.force.sync.num = 128 (default)
2019-09-24 19:14:13,759 [pool-159-thread-1] INFO  server.RaftServerConfigKeys (ConfUtils.java:logGet(43)) - raft.server.log.statemachine.data.sync = true (default)
2019-09-24 19:14:13,760 [pool-159-thread-1] INFO  server.RaftServerConfigKeys (ConfUtils.java:logGet(43)) - raft.server.log.statemachine.data.sync.timeout = 10s (default)
2019-09-24 19:14:13,760 [pool-159-thread-1] INFO  server.RaftServerConfigKeys (ConfUtils.java:logGet(43)) - raft.server.log.statemachine.data.sync.timeout.retry = -1 (default)
2019-09-24 19:14:13,760 [pool-159-thread-1] INFO  server.RaftServerConfigKeys (ConfUtils.java:logGet(43)) - raft.server.log.statemachine.data.caching.enabled = true (custom)
2019-09-24 19:14:13,761 [pool-159-thread-1] INFO  segmented.SegmentedRaftLogWorker (SegmentedRaftLogWorker.java:lambda$new$0(132)) - 2aad5506-4352-4587-a9d6-f1a315122139@group-7A54B0AAA595-SegmentedRaftLogWorker: flushIndex: setUnconditionally 0 -> -1
2019-09-24 19:14:13,761 [pool-159-thread-1] INFO  server.RaftServerConfigKeys (ConfUtils.java:logGet(43)) - raft.server.snapshot.auto.trigger.enabled = true (custom)
2019-09-24 19:14:13,761 [pool-159-thread-1] INFO  server.RaftServerConfigKeys (ConfUtils.java:logGet(43)) - raft.server.snapshot.auto.trigger.threshold = 10000 (custom)
2019-09-24 19:14:13,761 [pool-159-thread-1] INFO  server.RaftServerConfigKeys (ConfUtils.java:logGet(43)) - raft.server.snapshot.retention.num.files = 5 (custom)
2019-09-24 19:14:13,762 [pool-159-thread-1] INFO  server.RaftServerConfigKeys (ConfUtils.java:logGet(43)) - raft.server.retrycache.expirytime = 600000ms (custom)
2019-09-24 19:14:13,766 [pool-159-thread-1] INFO  impl.RaftServerProxy (RaftServerProxy.java:remove(95)) - 2aad5506-4352-4587-a9d6-f1a315122139: remove      null 2aad5506-4352-4587-a9d6-f1a315122139@group-7A54B0AAA595:t0, leader=null, voted=null, raftlog=2aad5506-4352-4587-a9d6-f1a315122139@group-7A54B0AAA595-SegmentedRaftLog:OPENED:c-1,f-1,i0, conf=-1: [d65623be-04e3-433c-9af8-6934d2279f6c:192.168.5.148:36478, 2aad5506-4352-4587-a9d6-f1a315122139:192.168.5.148:34412, 4d8f17a5-2079-45c1-8233-e8f9fa301948:192.168.5.148:37579], old=null NEW
2019-09-24 19:14:13,767 [pool-159-thread-1] WARN  impl.RaftServerProxy (RaftServerProxy.java:lambda$groupAddAsync$11(388)) - 2aad5506-4352-4587-a9d6-f1a315122139: Failed groupAdd* GroupManagementRequest:client-A2D3E461DA1E->2aad5506-4352-4587-a9d6-f1a315122139@group-7A54B0AAA595, cid=44, seq=0, RW, null, Add:group-7A54B0AAA595:[d65623be-04e3-433c-9af8-6934d2279f6c:192.168.5.148:36478, 2aad5506-4352-4587-a9d6-f1a315122139:192.168.5.148:34412, 4d8f17a5-2079-45c1-8233-e8f9fa301948:192.168.5.148:37579]
java.util.concurrent.CompletionException: java.util.concurrent.RejectedExecutionException: Task java.util.concurrent.CompletableFuture$UniApply@71660933 rejected from java.util.concurrent.ThreadPoolExecutor@a0938b5[Shutting down, pool size = 1, active threads = 1, queued tasks = 3, completed tasks = 6]
	at java.util.concurrent.CompletableFuture.encodeThrowable(CompletableFuture.java:273)
	at java.util.concurrent.CompletableFuture.completeThrowable(CompletableFuture.java:280)
	at java.util.concurrent.CompletableFuture.uniApply(CompletableFuture.java:604)
	at java.util.concurrent.CompletableFuture$UniApply.tryFire(CompletableFuture.java:577)
	at java.util.concurrent.CompletableFuture.postComplete(CompletableFuture.java:474)
	at java.util.concurrent.CompletableFuture$AsyncSupply.run(CompletableFuture.java:1595)
	at java.util.concurrent.ThreadPoolExecutor.runWorker(ThreadPoolExecutor.java:1149)
	at java.util.concurrent.ThreadPoolExecutor$Worker.run(ThreadPoolExecutor.java:624)
	at java.lang.Thread.run(Thread.java:748)
Caused by: java.util.concurrent.RejectedExecutionException: Task java.util.concurrent.CompletableFuture$UniApply@71660933 rejected from java.util.concurrent.ThreadPoolExecutor@a0938b5[Shutting down, pool size = 1, active threads = 1, queued tasks = 3, completed tasks = 6]
	at java.util.concurrent.ThreadPoolExecutor$AbortPolicy.rejectedExecution(ThreadPoolExecutor.java:2063)
	at java.util.concurrent.ThreadPoolExecutor.reject(ThreadPoolExecutor.java:830)
	at java.util.concurrent.ThreadPoolExecutor.execute(ThreadPoolExecutor.java:1379)
	at java.util.concurrent.Executors$DelegatedExecutorService.execute(Executors.java:668)
	at java.util.concurrent.CompletableFuture$UniCompletion.claim(CompletableFuture.java:529)
	at java.util.concurrent.CompletableFuture.uniApply(CompletableFuture.java:599)
	... 6 more
2019-09-24 19:14:13,770 [pool-159-thread-1] INFO  impl.RaftServerImpl (RaftServerImpl.java:<init>(95)) - 2aad5506-4352-4587-a9d6-f1a315122139: new RaftServerImpl for group-A86B03FCFDE6:[d65623be-04e3-433c-9af8-6934d2279f6c:192.168.5.148:36478, 2aad5506-4352-4587-a9d6-f1a315122139:192.168.5.148:34412, 4d8f17a5-2079-45c1-8233-e8f9fa301948:192.168.5.148:37579] with ContainerStateMachine:uninitialized
2019-09-24 19:14:13,770 [pool-159-thread-1] INFO  server.RaftServerConfigKeys (ConfUtils.java:logGet(43)) - raft.server.rpc.timeout.min = 5s (custom)
2019-09-24 19:14:13,771 [pool-159-thread-1] INFO  server.RaftServerConfigKeys (ConfUtils.java:logGet(43)) - raft.server.rpc.timeout.max = 5200ms (custom)
2019-09-24 19:14:13,771 [pool-159-thread-1] INFO  server.RaftServerConfigKeys (ConfUtils.java:logGet(43)) - raft.server.rpcslowness.timeout = 120s (custom)
2019-09-24 19:14:13,771 [pool-159-thread-1] INFO  server.RaftServerConfigKeys (ConfUtils.java:logGet(43)) - raft.server.sleep.deviation.threshold = 300 (default)
2019-09-24 19:14:13,771 [pool-159-thread-1] INFO  server.RaftServerConfigKeys (ConfUtils.java:logGet(43)) - raft.server.log.appender.install.snapshot.enabled = false (custom)
2019-09-24 19:14:13,771 [pool-159-thread-1] INFO  impl.RaftServerImpl (ServerState.java:<init>(103)) - 2aad5506-4352-4587-a9d6-f1a315122139@group-A86B03FCFDE6: ConfigurationManager, init=-1: [d65623be-04e3-433c-9af8-6934d2279f6c:192.168.5.148:36478, 2aad5506-4352-4587-a9d6-f1a315122139:192.168.5.148:34412, 4d8f17a5-2079-45c1-8233-e8f9fa301948:192.168.5.148:37579], old=null, confs=<EMPTY_MAP>
2019-09-24 19:14:13,772 [pool-159-thread-1] INFO  server.RaftServerConfigKeys (ConfUtils.java:logGet(43)) - raft.server.storage.dir = [/workdir/hadoop-ozone/integration-test/target/test-dir/MiniOzoneClusterImpl-927e61bf-33d4-4c72-9c6e-e846b22cd97e/datanode-4/data/ratis] (custom)
2019-09-24 19:14:13,773 [pool-159-thread-1] INFO  storage.RaftStorageDirectory (RaftStorageDirectory.java:analyzeStorage(246)) - The storage directory /workdir/hadoop-ozone/integration-test/target/test-dir/MiniOzoneClusterImpl-927e61bf-33d4-4c72-9c6e-e846b22cd97e/datanode-4/data/ratis/9054d81c-68fd-40e1-86b6-a86b03fcfde6 does not exist. Creating ...
2019-09-24 19:14:13,793 [Thread-813] INFO  impl.FollowerState (FollowerState.java:run(106)) - 4d8f17a5-2079-45c1-8233-e8f9fa301948:group-B0DE2BEA193A changes to CANDIDATE, lastRpcTime:5087, electionTimeout:5087ms
2019-09-24 19:14:13,796 [Thread-813] INFO  impl.RoleInfo (RoleInfo.java:shutdownFollowerState(121)) - 4d8f17a5-2079-45c1-8233-e8f9fa301948: shutdown FollowerState
2019-09-24 19:14:13,796 [Thread-813] INFO  impl.RaftServerImpl (RaftServerImpl.java:setRole(174)) - 4d8f17a5-2079-45c1-8233-e8f9fa301948@group-B0DE2BEA193A: changes role from  FOLLOWER to CANDIDATE at term 3 for changeToCandidate
2019-09-24 19:14:13,796 [Thread-813] INFO  impl.RoleInfo (RoleInfo.java:updateAndGet(143)) - 4d8f17a5-2079-45c1-8233-e8f9fa301948: start LeaderElection
2019-09-24 19:14:13,825 [Thread-812] INFO  impl.FollowerState (FollowerState.java:run(106)) - 2aad5506-4352-4587-a9d6-f1a315122139:group-B0DE2BEA193A changes to CANDIDATE, lastRpcTime:5123, electionTimeout:5123ms
2019-09-24 19:14:13,826 [Thread-812] INFO  impl.RoleInfo (RoleInfo.java:shutdownFollowerState(121)) - 2aad5506-4352-4587-a9d6-f1a315122139: shutdown FollowerState
2019-09-24 19:14:13,826 [Thread-812] INFO  impl.RaftServerImpl (RaftServerImpl.java:setRole(174)) - 2aad5506-4352-4587-a9d6-f1a315122139@group-B0DE2BEA193A: changes role from  FOLLOWER to CANDIDATE at term 3 for changeToCandidate
2019-09-24 19:14:13,826 [Thread-812] INFO  impl.RoleInfo (RoleInfo.java:updateAndGet(143)) - 2aad5506-4352-4587-a9d6-f1a315122139: start LeaderElection
2019-09-24 19:14:18,441 [d65623be-04e3-433c-9af8-6934d2279f6c@group-B0DE2BEA193A:LeaderElection43] INFO  impl.LeaderElection (LeaderElection.java:askForVotes(182)) - d65623be-04e3-433c-9af8-6934d2279f6c@group-B0DE2BEA193A:LeaderElection43: begin an election at term 4 for -1: [d65623be-04e3-433c-9af8-6934d2279f6c:192.168.5.148:36478, 2aad5506-4352-4587-a9d6-f1a315122139:192.168.5.148:34412, 4d8f17a5-2079-45c1-8233-e8f9fa301948:192.168.5.148:37579], old=null
2019-09-24 19:14:18,441 [2aad5506-4352-4587-a9d6-f1a315122139@group-5B4A7EBB6977:LeaderElection42] INFO  impl.LeaderElection (LeaderElection.java:askForVotes(182)) - 2aad5506-4352-4587-a9d6-f1a315122139@group-5B4A7EBB6977:LeaderElection42: begin an election at term 1 for -1: [2aad5506-4352-4587-a9d6-f1a315122139:192.168.5.148:34412], old=null
2019-09-24 19:14:18,442 [pool-159-thread-1] INFO  storage.RaftStorageDirectory (RaftStorageDirectory.java:tryLock(328)) - Lock on /workdir/hadoop-ozone/integration-test/target/test-dir/MiniOzoneClusterImpl-927e61bf-33d4-4c72-9c6e-e846b22cd97e/datanode-4/data/ratis/9054d81c-68fd-40e1-86b6-a86b03fcfde6/in_use.lock acquired by nodename 20442@pr-hdds-2149-fgl4f-1742389470
2019-09-24 19:14:18,442 [2aad5506-4352-4587-a9d6-f1a315122139@group-B0DE2BEA193A:LeaderElection45] INFO  impl.LeaderElection (LeaderElection.java:askForVotes(182)) - 2aad5506-4352-4587-a9d6-f1a315122139@group-B0DE2BEA193A:LeaderElection45: begin an election at term 4 for -1: [d65623be-04e3-433c-9af8-6934d2279f6c:192.168.5.148:36478, 2aad5506-4352-4587-a9d6-f1a315122139:192.168.5.148:34412, 4d8f17a5-2079-45c1-8233-e8f9fa301948:192.168.5.148:37579], old=null
2019-09-24 19:14:18,442 [pool-179-thread-1] INFO  storage.RaftStorage (RaftStorage.java:format(72)) - Storage directory /workdir/hadoop-ozone/integration-test/target/test-dir/MiniOzoneClusterImpl-927e61bf-33d4-4c72-9c6e-e846b22cd97e/datanode-6/data/ratis/9054d81c-68fd-40e1-86b6-a86b03fcfde6 has been successfully formatted.
2019-09-24 19:14:18,442 [4d8f17a5-2079-45c1-8233-e8f9fa301948@group-B0DE2BEA193A:LeaderElection44] INFO  impl.LeaderElection (LeaderElection.java:askForVotes(182)) - 4d8f17a5-2079-45c1-8233-e8f9fa301948@group-B0DE2BEA193A:LeaderElection44: begin an election at term 4 for -1: [d65623be-04e3-433c-9af8-6934d2279f6c:192.168.5.148:36478, 2aad5506-4352-4587-a9d6-f1a315122139:192.168.5.148:34412, 4d8f17a5-2079-45c1-8233-e8f9fa301948:192.168.5.148:37579], old=null
2019-09-24 19:14:18,442 [pool-139-thread-1] INFO  storage.RaftStorage (RaftStorage.java:format(72)) - Storage directory /workdir/hadoop-ozone/integration-test/target/test-dir/MiniOzoneClusterImpl-927e61bf-33d4-4c72-9c6e-e846b22cd97e/datanode-2/data/ratis/9054d81c-68fd-40e1-86b6-a86b03fcfde6 has been successfully formatted.
2019-09-24 19:14:18,442 [2aad5506-4352-4587-a9d6-f1a315122139@group-5B4A7EBB6977:LeaderElection42] INFO  impl.RoleInfo (RoleInfo.java:shutdownLeaderElection(134)) - 2aad5506-4352-4587-a9d6-f1a315122139: shutdown LeaderElection
2019-09-24 19:14:18,443 [pool-139-thread-1] INFO  ratis.ContainerStateMachine (ContainerStateMachine.java:loadSnapshot(230)) - group-A86B03FCFDE6: The snapshot info is null. Setting the last applied indexto:(t:0, i:~)
2019-09-24 19:14:18,443 [pool-179-thread-1] INFO  ratis.ContainerStateMachine (ContainerStateMachine.java:loadSnapshot(230)) - group-A86B03FCFDE6: The snapshot info is null. Setting the last applied indexto:(t:0, i:~)
2019-09-24 19:14:18,443 [pool-139-thread-1] INFO  server.RaftServerConfigKeys (ConfUtils.java:logGet(43)) - raft.server.notification.no-leader.timeout = 120s (custom)
2019-09-24 19:14:18,443 [2aad5506-4352-4587-a9d6-f1a315122139@group-5B4A7EBB6977:LeaderElection42] INFO  impl.RaftServerImpl (RaftServerImpl.java:setRole(174)) - 2aad5506-4352-4587-a9d6-f1a315122139@group-5B4A7EBB6977: changes role from CANDIDATE to LEADER at term 1 for changeToLeader
2019-09-24 19:14:18,444 [pool-139-thread-1] INFO  server.RaftServerConfigKeys (ConfUtils.java:logGet(43)) - raft.server.log.use.memory = false (default)
2019-09-24 19:14:18,443 [pool-179-thread-1] INFO  server.RaftServerConfigKeys (ConfUtils.java:logGet(43)) - raft.server.notification.no-leader.timeout = 120s (custom)
2019-09-24 19:14:18,444 [pool-139-thread-1] INFO  server.RaftServerConfigKeys (ConfUtils.java:logGet(43)) - raft.server.log.purge.gap = 1000000 (custom)
2019-09-24 19:14:18,444 [2aad5506-4352-4587-a9d6-f1a315122139@group-5B4A7EBB6977:LeaderElection42] INFO  impl.RaftServerImpl (ServerState.java:setLeader(253)) - 2aad5506-4352-4587-a9d6-f1a315122139@group-5B4A7EBB6977: change Leader from null to 2aad5506-4352-4587-a9d6-f1a315122139 at term 1 for becomeLeader, leader elected after 30671ms
2019-09-24 19:14:18,444 [pool-139-thread-1] INFO  server.RaftServerConfigKeys (ConfUtils.java:logGet(43)) - raft.server.log.appender.buffer.byte-limit = 33554432 (custom)
2019-09-24 19:14:18,444 [pool-179-thread-1] INFO  server.RaftServerConfigKeys (ConfUtils.java:logGet(43)) - raft.server.log.use.memory = false (default)
2019-09-24 19:14:18,445 [pool-139-thread-1] INFO  server.RaftServerConfigKeys (ConfUtils.java:logGet(43)) - raft.server.log.segment.size.max = 1048576 (custom)
2019-09-24 19:14:18,445 [2aad5506-4352-4587-a9d6-f1a315122139@group-5B4A7EBB6977:LeaderElection42] INFO  server.RaftServerConfigKeys (ConfUtils.java:logGet(43)) - raft.server.staging.catchup.gap = 1000 (default)
2019-09-24 19:14:18,445 [pool-139-thread-1] INFO  server.RaftServerConfigKeys (ConfUtils.java:logGet(43)) - raft.server.log.segment.cache.num.max = 2 (custom)
2019-09-24 19:14:18,445 [pool-179-thread-1] INFO  server.RaftServerConfigKeys (ConfUtils.java:logGet(43)) - raft.server.log.purge.gap = 1000000 (custom)
2019-09-24 19:14:18,445 [pool-139-thread-1] INFO  segmented.SegmentedRaftLogWorker (SegmentedRaftLogWorker.java:<init>(172)) - new 4d8f17a5-2079-45c1-8233-e8f9fa301948@group-A86B03FCFDE6-SegmentedRaftLogWorker for RaftStorage:Storage Directory /workdir/hadoop-ozone/integration-test/target/test-dir/MiniOzoneClusterImpl-927e61bf-33d4-4c72-9c6e-e846b22cd97e/datanode-2/data/ratis/9054d81c-68fd-40e1-86b6-a86b03fcfde6
2019-09-24 19:14:18,445 [2aad5506-4352-4587-a9d6-f1a315122139@group-5B4A7EBB6977:LeaderElection42] INFO  server.RaftServerConfigKeys (ConfUtils.java:logGet(43)) - raft.server.rpc.sleep.time = 25ms (default)
2019-09-24 19:14:18,446 [pool-139-thread-1] INFO  server.RaftServerConfigKeys (ConfUtils.java:logGet(43)) - raft.server.log.queue.byte-limit = 2147483647 (custom)
2019-09-24 19:14:18,446 [pool-179-thread-1] INFO  server.RaftServerConfigKeys (ConfUtils.java:logGet(43)) - raft.server.log.appender.buffer.byte-limit = 33554432 (custom)
2019-09-24 19:14:18,446 [pool-139-thread-1] INFO  server.RaftServerConfigKeys (ConfUtils.java:logGet(43)) - raft.server.log.queue.element-limit = 1024 (custom)
2019-09-24 19:14:18,446 [2aad5506-4352-4587-a9d6-f1a315122139@group-5B4A7EBB6977:LeaderElection42] INFO  server.RaftServerConfigKeys (ConfUtils.java:logGet(43)) - raft.server.write.element-limit = 4096 (default)
2019-09-24 19:14:18,447 [pool-139-thread-1] INFO  server.RaftServerConfigKeys (ConfUtils.java:logGet(43)) - raft.server.log.segment.size.max = 1048576 (custom)
2019-09-24 19:14:18,446 [pool-179-thread-1] INFO  server.RaftServerConfigKeys (ConfUtils.java:logGet(43)) - raft.server.log.segment.size.max = 1048576 (custom)
2019-09-24 19:14:18,447 [pool-139-thread-1] INFO  server.RaftServerConfigKeys (ConfUtils.java:logGet(43)) - raft.server.log.preallocated.size = 16384 (custom)
2019-09-24 19:14:18,447 [2aad5506-4352-4587-a9d6-f1a315122139@group-5B4A7EBB6977:LeaderElection42] INFO  server.RaftServerConfigKeys (ConfUtils.java:logGet(43)) - raft.server.watch.timeout = 10s (default)
2019-09-24 19:14:18,447 [pool-139-thread-1] INFO  server.RaftServerConfigKeys (ConfUtils.java:logGet(43)) - raft.server.log.write.buffer.size = 33554432 (custom)
2019-09-24 19:14:18,447 [pool-179-thread-1] INFO  server.RaftServerConfigKeys (ConfUtils.java:logGet(43)) - raft.server.log.segment.cache.num.max = 2 (custom)
2019-09-24 19:14:18,448 [pool-139-thread-1] INFO  server.RaftServerConfigKeys (ConfUtils.java:logGet(43)) - raft.server.log.force.sync.num = 128 (default)
2019-09-24 19:14:18,448 [2aad5506-4352-4587-a9d6-f1a315122139@group-5B4A7EBB6977:LeaderElection42] INFO  server.RaftServerConfigKeys (ConfUtils.java:logGet(43)) - raft.server.watch.timeout.denomination = 1s (default)
2019-09-24 19:14:18,448 [pool-139-thread-1] INFO  server.RaftServerConfigKeys (ConfUtils.java:logGet(43)) - raft.server.log.statemachine.data.sync = true (default)
2019-09-24 19:14:18,448 [pool-179-thread-1] INFO  segmented.SegmentedRaftLogWorker (SegmentedRaftLogWorker.java:<init>(172)) - new d65623be-04e3-433c-9af8-6934d2279f6c@group-A86B03FCFDE6-SegmentedRaftLogWorker for RaftStorage:Storage Directory /workdir/hadoop-ozone/integration-test/target/test-dir/MiniOzoneClusterImpl-927e61bf-33d4-4c72-9c6e-e846b22cd97e/datanode-6/data/ratis/9054d81c-68fd-40e1-86b6-a86b03fcfde6
2019-09-24 19:14:18,449 [pool-139-thread-1] INFO  server.RaftServerConfigKeys (ConfUtils.java:logGet(43)) - raft.server.log.statemachine.data.sync.timeout = 10s (default)
2019-09-24 19:14:18,448 [2aad5506-4352-4587-a9d6-f1a315122139@group-5B4A7EBB6977:LeaderElection42] INFO  server.RaftServerConfigKeys (ConfUtils.java:logGet(43)) - raft.server.watch.element-limit = 65536 (default)
2019-09-24 19:14:18,449 [4d8f17a5-2079-45c1-8233-e8f9fa301948@group-B0DE2BEA193A:LeaderElection44] INFO  impl.LeaderElection (LeaderElection.java:logAndReturn(56)) - 4d8f17a5-2079-45c1-8233-e8f9fa301948@group-B0DE2BEA193A:LeaderElection44: Election REJECTED; received 2 response(s) [4d8f17a5-2079-45c1-8233-e8f9fa301948<-d65623be-04e3-433c-9af8-6934d2279f6c#0:FAIL-t4, 4d8f17a5-2079-45c1-8233-e8f9fa301948<-2aad5506-4352-4587-a9d6-f1a315122139#0:FAIL-t4] and 0 exception(s); 4d8f17a5-2079-45c1-8233-e8f9fa301948@group-B0DE2BEA193A:t4, leader=null, voted=4d8f17a5-2079-45c1-8233-e8f9fa301948, raftlog=4d8f17a5-2079-45c1-8233-e8f9fa301948@group-B0DE2BEA193A-SegmentedRaftLog:OPENED:c-1,f-1,i0, conf=-1: [d65623be-04e3-433c-9af8-6934d2279f6c:192.168.5.148:36478, 2aad5506-4352-4587-a9d6-f1a315122139:192.168.5.148:34412, 4d8f17a5-2079-45c1-8233-e8f9fa301948:192.168.5.148:37579], old=null
2019-09-24 19:14:18,449 [pool-139-thread-1] INFO  server.RaftServerConfigKeys (ConfUtils.java:logGet(43)) - raft.server.log.statemachine.data.sync.timeout.retry = -1 (default)
2019-09-24 19:14:18,449 [pool-179-thread-1] INFO  server.RaftServerConfigKeys (ConfUtils.java:logGet(43)) - raft.server.log.queue.byte-limit = 2147483647 (custom)
2019-09-24 19:14:18,452 [pool-139-thread-1] INFO  server.RaftServerConfigKeys (ConfUtils.java:logGet(43)) - raft.server.log.statemachine.data.caching.enabled = true (custom)
2019-09-24 19:14:18,449 [4d8f17a5-2079-45c1-8233-e8f9fa301948@group-B0DE2BEA193A:LeaderElection44] INFO  impl.RaftServerImpl (RaftServerImpl.java:setRole(174)) - 4d8f17a5-2079-45c1-8233-e8f9fa301948@group-B0DE2BEA193A: changes role from CANDIDATE to FOLLOWER at term 4 for DISCOVERED_A_NEW_TERM
2019-09-24 19:14:18,449 [d65623be-04e3-433c-9af8-6934d2279f6c@group-B0DE2BEA193A:LeaderElection43] INFO  impl.LeaderElection (LeaderElection.java:logAndReturn(56)) - d65623be-04e3-433c-9af8-6934d2279f6c@group-B0DE2BEA193A:LeaderElection43: Election REJECTED; received 2 response(s) [d65623be-04e3-433c-9af8-6934d2279f6c<-2aad5506-4352-4587-a9d6-f1a315122139#0:FAIL-t4, d65623be-04e3-433c-9af8-6934d2279f6c<-4d8f17a5-2079-45c1-8233-e8f9fa301948#0:FAIL-t4] and 0 exception(s); d65623be-04e3-433c-9af8-6934d2279f6c@group-B0DE2BEA193A:t4, leader=null, voted=d65623be-04e3-433c-9af8-6934d2279f6c, raftlog=d65623be-04e3-433c-9af8-6934d2279f6c@group-B0DE2BEA193A-SegmentedRaftLog:OPENED:c-1,f-1,i0, conf=-1: [d65623be-04e3-433c-9af8-6934d2279f6c:192.168.5.148:36478, 2aad5506-4352-4587-a9d6-f1a315122139:192.168.5.148:34412, 4d8f17a5-2079-45c1-8233-e8f9fa301948:192.168.5.148:37579], old=null
2019-09-24 19:14:18,449 [2aad5506-4352-4587-a9d6-f1a315122139@group-B0DE2BEA193A:LeaderElection45] INFO  impl.LeaderElection (LeaderElection.java:logAndReturn(56)) - 2aad5506-4352-4587-a9d6-f1a315122139@group-B0DE2BEA193A:LeaderElection45: Election REJECTED; received 2 response(s) [2aad5506-4352-4587-a9d6-f1a315122139<-d65623be-04e3-433c-9af8-6934d2279f6c#0:FAIL-t4, 2aad5506-4352-4587-a9d6-f1a315122139<-4d8f17a5-2079-45c1-8233-e8f9fa301948#0:FAIL-t4] and 0 exception(s); 2aad5506-4352-4587-a9d6-f1a315122139@group-B0DE2BEA193A:t4, leader=null, voted=2aad5506-4352-4587-a9d6-f1a315122139, raftlog=2aad5506-4352-4587-a9d6-f1a315122139@group-B0DE2BEA193A-SegmentedRaftLog:OPENED:c-1,f-1,i0, conf=-1: [d65623be-04e3-433c-9af8-6934d2279f6c:192.168.5.148:36478, 2aad5506-4352-4587-a9d6-f1a315122139:192.168.5.148:34412, 4d8f17a5-2079-45c1-8233-e8f9fa301948:192.168.5.148:37579], old=null
2019-09-24 19:14:18,453 [d65623be-04e3-433c-9af8-6934d2279f6c@group-B0DE2BEA193A:LeaderElection43] INFO  impl.RaftServerImpl (RaftServerImpl.java:setRole(174)) - d65623be-04e3-433c-9af8-6934d2279f6c@group-B0DE2BEA193A: changes role from CANDIDATE to FOLLOWER at term 4 for DISCOVERED_A_NEW_TERM
2019-09-24 19:14:18,453 [4d8f17a5-2079-45c1-8233-e8f9fa301948@group-B0DE2BEA193A:LeaderElection44] INFO  impl.RoleInfo (RoleInfo.java:shutdownLeaderElection(134)) - 4d8f17a5-2079-45c1-8233-e8f9fa301948: shutdown LeaderElection
2019-09-24 19:14:18,457 [d65623be-04e3-433c-9af8-6934d2279f6c@group-B0DE2BEA193A:LeaderElection43] INFO  impl.RoleInfo (RoleInfo.java:shutdownLeaderElection(134)) - d65623be-04e3-433c-9af8-6934d2279f6c: shutdown LeaderElection
2019-09-24 19:14:18,458 [pool-159-thread-1] INFO  storage.RaftStorage (RaftStorage.java:format(72)) - Storage directory /workdir/hadoop-ozone/integration-test/target/test-dir/MiniOzoneClusterImpl-927e61bf-33d4-4c72-9c6e-e846b22cd97e/datanode-4/data/ratis/9054d81c-68fd-40e1-86b6-a86b03fcfde6 has been successfully formatted.
2019-09-24 19:14:18,453 [pool-179-thread-1] INFO  server.RaftServerConfigKeys (ConfUtils.java:logGet(43)) - raft.server.log.queue.element-limit = 1024 (custom)
2019-09-24 19:14:18,458 [pool-159-thread-1] INFO  ratis.ContainerStateMachine (ContainerStateMachine.java:loadSnapshot(230)) - group-A86B03FCFDE6: The snapshot info is null. Setting the last applied indexto:(t:0, i:~)
2019-09-24 19:14:18,458 [d65623be-04e3-433c-9af8-6934d2279f6c@group-B0DE2BEA193A:LeaderElection43] INFO  impl.RoleInfo (RoleInfo.java:updateAndGet(143)) - d65623be-04e3-433c-9af8-6934d2279f6c: start FollowerState
2019-09-24 19:14:18,458 [4d8f17a5-2079-45c1-8233-e8f9fa301948@group-B0DE2BEA193A:LeaderElection44] INFO  impl.RoleInfo (RoleInfo.java:updateAndGet(143)) - 4d8f17a5-2079-45c1-8233-e8f9fa301948: start FollowerState
2019-09-24 19:14:18,457 [pool-139-thread-1] INFO  segmented.SegmentedRaftLogWorker (SegmentedRaftLogWorker.java:lambda$new$0(132)) - 4d8f17a5-2079-45c1-8233-e8f9fa301948@group-A86B03FCFDE6-SegmentedRaftLogWorker: flushIndex: setUnconditionally 0 -> -1
2019-09-24 19:14:18,455 [2aad5506-4352-4587-a9d6-f1a315122139@group-B0DE2BEA193A:LeaderElection45] INFO  impl.RaftServerImpl (RaftServerImpl.java:setRole(174)) - 2aad5506-4352-4587-a9d6-f1a315122139@group-B0DE2BEA193A: changes role from CANDIDATE to FOLLOWER at term 4 for DISCOVERED_A_NEW_TERM
2019-09-24 19:14:18,458 [pool-159-thread-1] INFO  server.RaftServerConfigKeys (ConfUtils.java:logGet(43)) - raft.server.notification.no-leader.timeout = 120s (custom)
2019-09-24 19:14:18,458 [pool-179-thread-1] INFO  server.RaftServerConfigKeys (ConfUtils.java:logGet(43)) - raft.server.log.segment.size.max = 1048576 (custom)
2019-09-24 19:14:18,459 [pool-159-thread-1] INFO  server.RaftServerConfigKeys (ConfUtils.java:logGet(43)) - raft.server.log.use.memory = false (default)
2019-09-24 19:14:18,459 [pool-139-thread-1] INFO  server.RaftServerConfigKeys (ConfUtils.java:logGet(43)) - raft.server.snapshot.auto.trigger.enabled = true (custom)
2019-09-24 19:14:18,459 [2aad5506-4352-4587-a9d6-f1a315122139@group-B0DE2BEA193A:LeaderElection45] INFO  impl.RoleInfo (RoleInfo.java:shutdownLeaderElection(134)) - 2aad5506-4352-4587-a9d6-f1a315122139: shutdown LeaderElection
2019-09-24 19:14:18,459 [pool-139-thread-1] INFO  server.RaftServerConfigKeys (ConfUtils.java:logGet(43)) - raft.server.snapshot.auto.trigger.threshold = 10000 (custom)
2019-09-24 19:14:18,459 [2aad5506-4352-4587-a9d6-f1a315122139@group-5B4A7EBB6977:LeaderElection42] INFO  impl.RoleInfo (RoleInfo.java:updateAndGet(143)) - 2aad5506-4352-4587-a9d6-f1a315122139: start LeaderState
2019-09-24 19:14:18,459 [pool-159-thread-1] INFO  server.RaftServerConfigKeys (ConfUtils.java:logGet(43)) - raft.server.log.purge.gap = 1000000 (custom)
2019-09-24 19:14:18,460 [2aad5506-4352-4587-a9d6-f1a315122139@group-5B4A7EBB6977:LeaderElection42] INFO  segmented.SegmentedRaftLogWorker (SegmentedRaftLogWorker.java:startLogSegment(380)) - 2aad5506-4352-4587-a9d6-f1a315122139@group-5B4A7EBB6977-SegmentedRaftLogWorker: Starting segment from index:0
2019-09-24 19:14:18,459 [pool-179-thread-1] INFO  server.RaftServerConfigKeys (ConfUtils.java:logGet(43)) - raft.server.log.preallocated.size = 16384 (custom)
2019-09-24 19:14:18,460 [pool-159-thread-1] INFO  server.RaftServerConfigKeys (ConfUtils.java:logGet(43)) - raft.server.log.appender.buffer.byte-limit = 33554432 (custom)
2019-09-24 19:14:18,460 [pool-139-thread-1] INFO  server.RaftServerConfigKeys (ConfUtils.java:logGet(43)) - raft.server.snapshot.retention.num.files = 5 (custom)
2019-09-24 19:14:18,460 [2aad5506-4352-4587-a9d6-f1a315122139@group-B0DE2BEA193A:LeaderElection45] INFO  impl.RoleInfo (RoleInfo.java:updateAndGet(143)) - 2aad5506-4352-4587-a9d6-f1a315122139: start FollowerState
2019-09-24 19:14:18,461 [pool-139-thread-1] INFO  server.RaftServerConfigKeys (ConfUtils.java:logGet(43)) - raft.server.retrycache.expirytime = 600000ms (custom)
2019-09-24 19:14:18,461 [2aad5506-4352-4587-a9d6-f1a315122139@group-5B4A7EBB6977:LeaderElection42] INFO  impl.RaftServerImpl (ServerState.java:setRaftConf(354)) - 2aad5506-4352-4587-a9d6-f1a315122139@group-5B4A7EBB6977: set configuration 0: [2aad5506-4352-4587-a9d6-f1a315122139:192.168.5.148:34412], old=null at 0
2019-09-24 19:14:18,461 [pool-159-thread-1] INFO  server.RaftServerConfigKeys (ConfUtils.java:logGet(43)) - raft.server.log.segment.size.max = 1048576 (custom)
2019-09-24 19:14:18,460 [pool-179-thread-1] INFO  server.RaftServerConfigKeys (ConfUtils.java:logGet(43)) - raft.server.log.write.buffer.size = 33554432 (custom)
2019-09-24 19:14:18,462 [pool-159-thread-1] INFO  server.RaftServerConfigKeys (ConfUtils.java:logGet(43)) - raft.server.log.segment.cache.num.max = 2 (custom)
2019-09-24 19:14:18,462 [pool-179-thread-1] INFO  server.RaftServerConfigKeys (ConfUtils.java:logGet(43)) - raft.server.log.force.sync.num = 128 (default)
2019-09-24 19:14:18,462 [pool-159-thread-1] INFO  segmented.SegmentedRaftLogWorker (SegmentedRaftLogWorker.java:<init>(172)) - new 2aad5506-4352-4587-a9d6-f1a315122139@group-A86B03FCFDE6-SegmentedRaftLogWorker for RaftStorage:Storage Directory /workdir/hadoop-ozone/integration-test/target/test-dir/MiniOzoneClusterImpl-927e61bf-33d4-4c72-9c6e-e846b22cd97e/datanode-4/data/ratis/9054d81c-68fd-40e1-86b6-a86b03fcfde6
2019-09-24 19:14:18,462 [pool-179-thread-1] INFO  server.RaftServerConfigKeys (ConfUtils.java:logGet(43)) - raft.server.log.statemachine.data.sync = true (default)
2019-09-24 19:14:18,462 [pool-159-thread-1] INFO  server.RaftServerConfigKeys (ConfUtils.java:logGet(43)) - raft.server.log.queue.byte-limit = 2147483647 (custom)
2019-09-24 19:14:18,462 [pool-179-thread-1] INFO  server.RaftServerConfigKeys (ConfUtils.java:logGet(43)) - raft.server.log.statemachine.data.sync.timeout = 10s (default)
2019-09-24 19:14:18,462 [pool-159-thread-1] INFO  server.RaftServerConfigKeys (ConfUtils.java:logGet(43)) - raft.server.log.queue.element-limit = 1024 (custom)
2019-09-24 19:14:18,463 [pool-179-thread-1] INFO  server.RaftServerConfigKeys (ConfUtils.java:logGet(43)) - raft.server.log.statemachine.data.sync.timeout.retry = -1 (default)
2019-09-24 19:14:18,463 [pool-159-thread-1] INFO  server.RaftServerConfigKeys (ConfUtils.java:logGet(43)) - raft.server.log.segment.size.max = 1048576 (custom)
2019-09-24 19:14:18,463 [pool-179-thread-1] INFO  server.RaftServerConfigKeys (ConfUtils.java:logGet(43)) - raft.server.log.statemachine.data.caching.enabled = true (custom)
2019-09-24 19:14:18,463 [pool-159-thread-1] INFO  server.RaftServerConfigKeys (ConfUtils.java:logGet(43)) - raft.server.log.preallocated.size = 16384 (custom)
2019-09-24 19:14:18,463 [pool-159-thread-1] INFO  server.RaftServerConfigKeys (ConfUtils.java:logGet(43)) - raft.server.log.write.buffer.size = 33554432 (custom)
2019-09-24 19:14:18,463 [pool-179-thread-1] INFO  segmented.SegmentedRaftLogWorker (SegmentedRaftLogWorker.java:lambda$new$0(132)) - d65623be-04e3-433c-9af8-6934d2279f6c@group-A86B03FCFDE6-SegmentedRaftLogWorker: flushIndex: setUnconditionally 0 -> -1
2019-09-24 19:14:18,463 [pool-159-thread-1] INFO  server.RaftServerConfigKeys (ConfUtils.java:logGet(43)) - raft.server.log.force.sync.num = 128 (default)
2019-09-24 19:14:18,464 [pool-159-thread-1] INFO  server.RaftServerConfigKeys (ConfUtils.java:logGet(43)) - raft.server.log.statemachine.data.sync = true (default)
2019-09-24 19:14:18,464 [pool-179-thread-1] INFO  server.RaftServerConfigKeys (ConfUtils.java:logGet(43)) - raft.server.snapshot.auto.trigger.enabled = true (custom)
2019-09-24 19:14:18,464 [pool-139-thread-1] INFO  impl.RaftServerProxy (RaftServerProxy.java:remove(95)) - 4d8f17a5-2079-45c1-8233-e8f9fa301948: remove      null 4d8f17a5-2079-45c1-8233-e8f9fa301948@group-A86B03FCFDE6:t0, leader=null, voted=null, raftlog=4d8f17a5-2079-45c1-8233-e8f9fa301948@group-A86B03FCFDE6-SegmentedRaftLog:OPENED:c-1,f-1,i0, conf=-1: [d65623be-04e3-433c-9af8-6934d2279f6c:192.168.5.148:36478, 2aad5506-4352-4587-a9d6-f1a315122139:192.168.5.148:34412, 4d8f17a5-2079-45c1-8233-e8f9fa301948:192.168.5.148:37579], old=null NEW
2019-09-24 19:14:18,464 [pool-159-thread-1] INFO  server.RaftServerConfigKeys (ConfUtils.java:logGet(43)) - raft.server.log.statemachine.data.sync.timeout = 10s (default)
2019-09-24 19:14:18,464 [pool-139-thread-1] WARN  impl.RaftServerProxy (RaftServerProxy.java:lambda$groupAddAsync$11(388)) - 4d8f17a5-2079-45c1-8233-e8f9fa301948: Failed groupAdd* GroupManagementRequest:client-22344C7038B9->4d8f17a5-2079-45c1-8233-e8f9fa301948@group-A86B03FCFDE6, cid=46, seq=0, RW, null, Add:group-A86B03FCFDE6:[d65623be-04e3-433c-9af8-6934d2279f6c:192.168.5.148:36478, 2aad5506-4352-4587-a9d6-f1a315122139:192.168.5.148:34412, 4d8f17a5-2079-45c1-8233-e8f9fa301948:192.168.5.148:37579]
java.util.concurrent.CompletionException: java.util.concurrent.RejectedExecutionException: Task java.util.concurrent.CompletableFuture$UniApply@2195e04f rejected from java.util.concurrent.ThreadPoolExecutor@7feabe3d[Shutting down, pool size = 1, active threads = 1, queued tasks = 3, completed tasks = 9]
	at java.util.concurrent.CompletableFuture.encodeThrowable(CompletableFuture.java:273)
	at java.util.concurrent.CompletableFuture.completeThrowable(CompletableFuture.java:280)
	at java.util.concurrent.CompletableFuture.uniApply(CompletableFuture.java:604)
	at java.util.concurrent.CompletableFuture$UniApply.tryFire(CompletableFuture.java:577)
	at java.util.concurrent.CompletableFuture.postComplete(CompletableFuture.java:474)
	at java.util.concurrent.CompletableFuture$AsyncSupply.run(CompletableFuture.java:1595)
	at java.util.concurrent.ThreadPoolExecutor.runWorker(ThreadPoolExecutor.java:1149)
	at java.util.concurrent.ThreadPoolExecutor$Worker.run(ThreadPoolExecutor.java:624)
	at java.lang.Thread.run(Thread.java:748)
Caused by: java.util.concurrent.RejectedExecutionException: Task java.util.concurrent.CompletableFuture$UniApply@2195e04f rejected from java.util.concurrent.ThreadPoolExecutor@7feabe3d[Shutting down, pool size = 1, active threads = 1, queued tasks = 3, completed tasks = 9]
	at java.util.concurrent.ThreadPoolExecutor$AbortPolicy.rejectedExecution(ThreadPoolExecutor.java:2063)
	at java.util.concurrent.ThreadPoolExecutor.reject(ThreadPoolExecutor.java:830)
	at java.util.concurrent.ThreadPoolExecutor.execute(ThreadPoolExecutor.java:1379)
	at java.util.concurrent.Executors$DelegatedExecutorService.execute(Executors.java:668)
	at java.util.concurrent.CompletableFuture$UniCompletion.claim(CompletableFuture.java:529)
	at java.util.concurrent.CompletableFuture.uniApply(CompletableFuture.java:599)
	... 6 more
2019-09-24 19:14:18,464 [pool-179-thread-1] INFO  server.RaftServerConfigKeys (ConfUtils.java:logGet(43)) - raft.server.snapshot.auto.trigger.threshold = 10000 (custom)
2019-09-24 19:14:18,464 [pool-159-thread-1] INFO  server.RaftServerConfigKeys (ConfUtils.java:logGet(43)) - raft.server.log.statemachine.data.sync.timeout.retry = -1 (default)
2019-09-24 19:14:18,496 [pool-179-thread-1] INFO  server.RaftServerConfigKeys (ConfUtils.java:logGet(43)) - raft.server.snapshot.retention.num.files = 5 (custom)
2019-09-24 19:14:18,496 [pool-139-thread-1] INFO  impl.RaftServerImpl (RaftServerImpl.java:start(185)) - 4d8f17a5-2079-45c1-8233-e8f9fa301948@group-E5528CAA5F29: start as a follower, conf=-1: [d65623be-04e3-433c-9af8-6934d2279f6c:192.168.5.148:36478, 2aad5506-4352-4587-a9d6-f1a315122139:192.168.5.148:34412, 4d8f17a5-2079-45c1-8233-e8f9fa301948:192.168.5.148:37579], old=null
2019-09-24 19:14:18,497 [pool-179-thread-1] INFO  server.RaftServerConfigKeys (ConfUtils.java:logGet(43)) - raft.server.retrycache.expirytime = 600000ms (custom)
2019-09-24 19:14:18,497 [pool-159-thread-1] INFO  server.RaftServerConfigKeys (ConfUtils.java:logGet(43)) - raft.server.log.statemachine.data.caching.enabled = true (custom)
2019-09-24 19:14:18,497 [pool-139-thread-1] INFO  impl.RaftServerImpl (RaftServerImpl.java:setRole(174)) - 4d8f17a5-2079-45c1-8233-e8f9fa301948@group-E5528CAA5F29: changes role from      null to FOLLOWER at term 0 for startAsFollower
2019-09-24 19:14:18,497 [pool-139-thread-1] INFO  impl.RoleInfo (RoleInfo.java:updateAndGet(143)) - 4d8f17a5-2079-45c1-8233-e8f9fa301948: start FollowerState
2019-09-24 19:14:18,497 [pool-159-thread-1] INFO  segmented.SegmentedRaftLogWorker (SegmentedRaftLogWorker.java:lambda$new$0(132)) - 2aad5506-4352-4587-a9d6-f1a315122139@group-A86B03FCFDE6-SegmentedRaftLogWorker: flushIndex: setUnconditionally 0 -> -1
2019-09-24 19:14:18,498 [pool-159-thread-1] INFO  server.RaftServerConfigKeys (ConfUtils.java:logGet(43)) - raft.server.snapshot.auto.trigger.enabled = true (custom)
2019-09-24 19:14:18,498 [pool-159-thread-1] INFO  server.RaftServerConfigKeys (ConfUtils.java:logGet(43)) - raft.server.snapshot.auto.trigger.threshold = 10000 (custom)
2019-09-24 19:14:18,498 [pool-139-thread-1] INFO  util.JmxRegister (JmxRegister.java:tryRegister(44)) - Successfully registered JMX Bean with object name Ratis:service=RaftServer,group=group-E5528CAA5F29,id=4d8f17a5-2079-45c1-8233-e8f9fa301948
2019-09-24 19:14:18,498 [pool-159-thread-1] INFO  server.RaftServerConfigKeys (ConfUtils.java:logGet(43)) - raft.server.snapshot.retention.num.files = 5 (custom)
2019-09-24 19:14:18,498 [pool-159-thread-1] INFO  server.RaftServerConfigKeys (ConfUtils.java:logGet(43)) - raft.server.retrycache.expirytime = 600000ms (custom)
2019-09-24 19:14:18,500 [pool-179-thread-1] INFO  impl.RaftServerImpl (RaftServerImpl.java:start(185)) - d65623be-04e3-433c-9af8-6934d2279f6c@group-E5528CAA5F29: start as a follower, conf=-1: [d65623be-04e3-433c-9af8-6934d2279f6c:192.168.5.148:36478, 2aad5506-4352-4587-a9d6-f1a315122139:192.168.5.148:34412, 4d8f17a5-2079-45c1-8233-e8f9fa301948:192.168.5.148:37579], old=null
2019-09-24 19:14:18,500 [pool-179-thread-1] INFO  impl.RaftServerImpl (RaftServerImpl.java:setRole(174)) - d65623be-04e3-433c-9af8-6934d2279f6c@group-E5528CAA5F29: changes role from      null to FOLLOWER at term 0 for startAsFollower
2019-09-24 19:14:18,500 [pool-179-thread-1] INFO  impl.RoleInfo (RoleInfo.java:updateAndGet(143)) - d65623be-04e3-433c-9af8-6934d2279f6c: start FollowerState
2019-09-24 19:14:18,500 [pool-179-thread-1] INFO  util.JmxRegister (JmxRegister.java:tryRegister(44)) - Successfully registered JMX Bean with object name Ratis:service=RaftServer,group=group-E5528CAA5F29,id=d65623be-04e3-433c-9af8-6934d2279f6c
2019-09-24 19:14:18,500 [pool-139-thread-1] INFO  impl.RaftServerImpl (RaftServerImpl.java:<init>(95)) - 4d8f17a5-2079-45c1-8233-e8f9fa301948: new RaftServerImpl for group-7A38BE0F8EED:[d65623be-04e3-433c-9af8-6934d2279f6c:192.168.5.148:36478, 2aad5506-4352-4587-a9d6-f1a315122139:192.168.5.148:34412, 4d8f17a5-2079-45c1-8233-e8f9fa301948:192.168.5.148:37579] with ContainerStateMachine:uninitialized
2019-09-24 19:14:18,501 [pool-139-thread-1] INFO  server.RaftServerConfigKeys (ConfUtils.java:logGet(43)) - raft.server.rpc.timeout.min = 5s (custom)
2019-09-24 19:14:18,501 [pool-159-thread-1] INFO  impl.RaftServerProxy (RaftServerProxy.java:remove(95)) - 2aad5506-4352-4587-a9d6-f1a315122139: remove      null 2aad5506-4352-4587-a9d6-f1a315122139@group-A86B03FCFDE6:t0, leader=null, voted=null, raftlog=2aad5506-4352-4587-a9d6-f1a315122139@group-A86B03FCFDE6-SegmentedRaftLog:OPENED:c-1,f-1,i0, conf=-1: [d65623be-04e3-433c-9af8-6934d2279f6c:192.168.5.148:36478, 2aad5506-4352-4587-a9d6-f1a315122139:192.168.5.148:34412, 4d8f17a5-2079-45c1-8233-e8f9fa301948:192.168.5.148:37579], old=null NEW
2019-09-24 19:14:18,501 [pool-139-thread-1] INFO  server.RaftServerConfigKeys (ConfUtils.java:logGet(43)) - raft.server.rpc.timeout.max = 5200ms (custom)
2019-09-24 19:14:18,501 [pool-159-thread-1] WARN  impl.RaftServerProxy (RaftServerProxy.java:lambda$groupAddAsync$11(388)) - 2aad5506-4352-4587-a9d6-f1a315122139: Failed groupAdd* GroupManagementRequest:client-3B5F76193AB9->2aad5506-4352-4587-a9d6-f1a315122139@group-A86B03FCFDE6, cid=45, seq=0, RW, null, Add:group-A86B03FCFDE6:[d65623be-04e3-433c-9af8-6934d2279f6c:192.168.5.148:36478, 2aad5506-4352-4587-a9d6-f1a315122139:192.168.5.148:34412, 4d8f17a5-2079-45c1-8233-e8f9fa301948:192.168.5.148:37579]
java.util.concurrent.CompletionException: java.util.concurrent.RejectedExecutionException: Task java.util.concurrent.CompletableFuture$UniApply@4b808f7c rejected from java.util.concurrent.ThreadPoolExecutor@a0938b5[Shutting down, pool size = 1, active threads = 1, queued tasks = 2, completed tasks = 7]
	at java.util.concurrent.CompletableFuture.encodeThrowable(CompletableFuture.java:273)
	at java.util.concurrent.CompletableFuture.completeThrowable(CompletableFuture.java:280)
	at java.util.concurrent.CompletableFuture.uniApply(CompletableFuture.java:604)
	at java.util.concurrent.CompletableFuture$UniApply.tryFire(CompletableFuture.java:577)
	at java.util.concurrent.CompletableFuture.postComplete(CompletableFuture.java:474)
	at java.util.concurrent.CompletableFuture$AsyncSupply.run(CompletableFuture.java:1595)
	at java.util.concurrent.ThreadPoolExecutor.runWorker(ThreadPoolExecutor.java:1149)
	at java.util.concurrent.ThreadPoolExecutor$Worker.run(ThreadPoolExecutor.java:624)
	at java.lang.Thread.run(Thread.java:748)
Caused by: java.util.concurrent.RejectedExecutionException: Task java.util.concurrent.CompletableFuture$UniApply@4b808f7c rejected from java.util.concurrent.ThreadPoolExecutor@a0938b5[Shutting down, pool size = 1, active threads = 1, queued tasks = 2, completed tasks = 7]
	at java.util.concurrent.ThreadPoolExecutor$AbortPolicy.rejectedExecution(ThreadPoolExecutor.java:2063)
	at java.util.concurrent.ThreadPoolExecutor.reject(ThreadPoolExecutor.java:830)
	at java.util.concurrent.ThreadPoolExecutor.execute(ThreadPoolExecutor.java:1379)
	at java.util.concurrent.Executors$DelegatedExecutorService.execute(Executors.java:668)
	at java.util.concurrent.CompletableFuture$UniCompletion.claim(CompletableFuture.java:529)
	at java.util.concurrent.CompletableFuture.uniApply(CompletableFuture.java:599)
	... 6 more
2019-09-24 19:14:18,501 [pool-139-thread-1] INFO  server.RaftServerConfigKeys (ConfUtils.java:logGet(43)) - raft.server.rpcslowness.timeout = 120s (custom)
2019-09-24 19:14:18,504 [pool-179-thread-1] INFO  impl.RaftServerImpl (RaftServerImpl.java:<init>(95)) - d65623be-04e3-433c-9af8-6934d2279f6c: new RaftServerImpl for group-7A38BE0F8EED:[d65623be-04e3-433c-9af8-6934d2279f6c:192.168.5.148:36478, 2aad5506-4352-4587-a9d6-f1a315122139:192.168.5.148:34412, 4d8f17a5-2079-45c1-8233-e8f9fa301948:192.168.5.148:37579] with ContainerStateMachine:uninitialized
2019-09-24 19:14:18,504 [pool-139-thread-1] INFO  server.RaftServerConfigKeys (ConfUtils.java:logGet(43)) - raft.server.sleep.deviation.threshold = 300 (default)
2019-09-24 19:14:18,504 [pool-179-thread-1] INFO  server.RaftServerConfigKeys (ConfUtils.java:logGet(43)) - raft.server.rpc.timeout.min = 5s (custom)
2019-09-24 19:14:18,504 [pool-139-thread-1] INFO  server.RaftServerConfigKeys (ConfUtils.java:logGet(43)) - raft.server.log.appender.install.snapshot.enabled = false (custom)
2019-09-24 19:14:18,504 [pool-179-thread-1] INFO  server.RaftServerConfigKeys (ConfUtils.java:logGet(43)) - raft.server.rpc.timeout.max = 5200ms (custom)
2019-09-24 19:14:18,504 [pool-139-thread-1] INFO  impl.RaftServerImpl (ServerState.java:<init>(103)) - 4d8f17a5-2079-45c1-8233-e8f9fa301948@group-7A38BE0F8EED: ConfigurationManager, init=-1: [d65623be-04e3-433c-9af8-6934d2279f6c:192.168.5.148:36478, 2aad5506-4352-4587-a9d6-f1a315122139:192.168.5.148:34412, 4d8f17a5-2079-45c1-8233-e8f9fa301948:192.168.5.148:37579], old=null, confs=<EMPTY_MAP>
2019-09-24 19:14:18,504 [pool-179-thread-1] INFO  server.RaftServerConfigKeys (ConfUtils.java:logGet(43)) - raft.server.rpcslowness.timeout = 120s (custom)
2019-09-24 19:14:18,504 [pool-179-thread-1] INFO  server.RaftServerConfigKeys (ConfUtils.java:logGet(43)) - raft.server.sleep.deviation.threshold = 300 (default)
2019-09-24 19:14:18,504 [pool-139-thread-1] INFO  server.RaftServerConfigKeys (ConfUtils.java:logGet(43)) - raft.server.storage.dir = [/workdir/hadoop-ozone/integration-test/target/test-dir/MiniOzoneClusterImpl-927e61bf-33d4-4c72-9c6e-e846b22cd97e/datanode-2/data/ratis] (custom)
2019-09-24 19:14:18,504 [pool-159-thread-1] INFO  impl.RaftServerImpl (RaftServerImpl.java:<init>(95)) - 2aad5506-4352-4587-a9d6-f1a315122139: new RaftServerImpl for group-7A38BE0F8EED:[d65623be-04e3-433c-9af8-6934d2279f6c:192.168.5.148:36478, 2aad5506-4352-4587-a9d6-f1a315122139:192.168.5.148:34412, 4d8f17a5-2079-45c1-8233-e8f9fa301948:192.168.5.148:37579] with ContainerStateMachine:uninitialized
2019-09-24 19:14:18,505 [pool-179-thread-1] INFO  server.RaftServerConfigKeys (ConfUtils.java:logGet(43)) - raft.server.log.appender.install.snapshot.enabled = false (custom)
2019-09-24 19:14:18,505 [pool-159-thread-1] INFO  server.RaftServerConfigKeys (ConfUtils.java:logGet(43)) - raft.server.rpc.timeout.min = 5s (custom)
2019-09-24 19:14:18,505 [pool-139-thread-1] INFO  storage.RaftStorageDirectory (RaftStorageDirectory.java:analyzeStorage(246)) - The storage directory /workdir/hadoop-ozone/integration-test/target/test-dir/MiniOzoneClusterImpl-927e61bf-33d4-4c72-9c6e-e846b22cd97e/datanode-2/data/ratis/b56c0878-578c-475e-b647-7a38be0f8eed does not exist. Creating ...
2019-09-24 19:14:18,505 [pool-159-thread-1] INFO  server.RaftServerConfigKeys (ConfUtils.java:logGet(43)) - raft.server.rpc.timeout.max = 5200ms (custom)
2019-09-24 19:14:18,505 [pool-179-thread-1] INFO  impl.RaftServerImpl (ServerState.java:<init>(103)) - d65623be-04e3-433c-9af8-6934d2279f6c@group-7A38BE0F8EED: ConfigurationManager, init=-1: [d65623be-04e3-433c-9af8-6934d2279f6c:192.168.5.148:36478, 2aad5506-4352-4587-a9d6-f1a315122139:192.168.5.148:34412, 4d8f17a5-2079-45c1-8233-e8f9fa301948:192.168.5.148:37579], old=null, confs=<EMPTY_MAP>
2019-09-24 19:14:18,505 [pool-159-thread-1] INFO  server.RaftServerConfigKeys (ConfUtils.java:logGet(43)) - raft.server.rpcslowness.timeout = 120s (custom)
2019-09-24 19:14:18,506 [pool-179-thread-1] INFO  server.RaftServerConfigKeys (ConfUtils.java:logGet(43)) - raft.server.storage.dir = [/workdir/hadoop-ozone/integration-test/target/test-dir/MiniOzoneClusterImpl-927e61bf-33d4-4c72-9c6e-e846b22cd97e/datanode-6/data/ratis] (custom)
2019-09-24 19:14:18,506 [pool-159-thread-1] INFO  server.RaftServerConfigKeys (ConfUtils.java:logGet(43)) - raft.server.sleep.deviation.threshold = 300 (default)
2019-09-24 19:14:18,506 [pool-179-thread-1] INFO  storage.RaftStorageDirectory (RaftStorageDirectory.java:analyzeStorage(246)) - The storage directory /workdir/hadoop-ozone/integration-test/target/test-dir/MiniOzoneClusterImpl-927e61bf-33d4-4c72-9c6e-e846b22cd97e/datanode-6/data/ratis/b56c0878-578c-475e-b647-7a38be0f8eed does not exist. Creating ...
2019-09-24 19:14:18,506 [pool-159-thread-1] INFO  server.RaftServerConfigKeys (ConfUtils.java:logGet(43)) - raft.server.log.appender.install.snapshot.enabled = false (custom)
2019-09-24 19:14:18,506 [pool-159-thread-1] INFO  impl.RaftServerImpl (ServerState.java:<init>(103)) - 2aad5506-4352-4587-a9d6-f1a315122139@group-7A38BE0F8EED: ConfigurationManager, init=-1: [d65623be-04e3-433c-9af8-6934d2279f6c:192.168.5.148:36478, 2aad5506-4352-4587-a9d6-f1a315122139:192.168.5.148:34412, 4d8f17a5-2079-45c1-8233-e8f9fa301948:192.168.5.148:37579], old=null, confs=<EMPTY_MAP>
2019-09-24 19:14:18,506 [pool-159-thread-1] INFO  server.RaftServerConfigKeys (ConfUtils.java:logGet(43)) - raft.server.storage.dir = [/workdir/hadoop-ozone/integration-test/target/test-dir/MiniOzoneClusterImpl-927e61bf-33d4-4c72-9c6e-e846b22cd97e/datanode-4/data/ratis] (custom)
2019-09-24 19:14:18,507 [pool-159-thread-1] INFO  storage.RaftStorageDirectory (RaftStorageDirectory.java:analyzeStorage(246)) - The storage directory /workdir/hadoop-ozone/integration-test/target/test-dir/MiniOzoneClusterImpl-927e61bf-33d4-4c72-9c6e-e846b22cd97e/datanode-4/data/ratis/b56c0878-578c-475e-b647-7a38be0f8eed does not exist. Creating ...
2019-09-24 19:14:18,521 [pool-159-thread-1] INFO  storage.RaftStorageDirectory (RaftStorageDirectory.java:tryLock(328)) - Lock on /workdir/hadoop-ozone/integration-test/target/test-dir/MiniOzoneClusterImpl-927e61bf-33d4-4c72-9c6e-e846b22cd97e/datanode-4/data/ratis/b56c0878-578c-475e-b647-7a38be0f8eed/in_use.lock acquired by nodename 20442@pr-hdds-2149-fgl4f-1742389470
2019-09-24 19:14:18,521 [2aad5506-4352-4587-a9d6-f1a315122139@group-5B4A7EBB6977-SegmentedRaftLogWorker] INFO  segmented.SegmentedRaftLogWorker (SegmentedRaftLogWorker.java:execute(569)) - 2aad5506-4352-4587-a9d6-f1a315122139@group-5B4A7EBB6977-SegmentedRaftLogWorker: created new log segment /workdir/hadoop-ozone/integration-test/target/test-dir/MiniOzoneClusterImpl-927e61bf-33d4-4c72-9c6e-e846b22cd97e/datanode-4/data/ratis/e141cd78-f3a3-4194-bf4d-5b4a7ebb6977/current/log_inprogress_0
2019-09-24 19:14:18,521 [pool-179-thread-1] INFO  storage.RaftStorageDirectory (RaftStorageDirectory.java:tryLock(328)) - Lock on /workdir/hadoop-ozone/integration-test/target/test-dir/MiniOzoneClusterImpl-927e61bf-33d4-4c72-9c6e-e846b22cd97e/datanode-6/data/ratis/b56c0878-578c-475e-b647-7a38be0f8eed/in_use.lock acquired by nodename 20442@pr-hdds-2149-fgl4f-1742389470
2019-09-24 19:14:18,521 [pool-139-thread-1] INFO  storage.RaftStorageDirectory (RaftStorageDirectory.java:tryLock(328)) - Lock on /workdir/hadoop-ozone/integration-test/target/test-dir/MiniOzoneClusterImpl-927e61bf-33d4-4c72-9c6e-e846b22cd97e/datanode-2/data/ratis/b56c0878-578c-475e-b647-7a38be0f8eed/in_use.lock acquired by nodename 20442@pr-hdds-2149-fgl4f-1742389470
2019-09-24 19:14:18,548 [pool-159-thread-1] INFO  storage.RaftStorage (RaftStorage.java:format(72)) - Storage directory /workdir/hadoop-ozone/integration-test/target/test-dir/MiniOzoneClusterImpl-927e61bf-33d4-4c72-9c6e-e846b22cd97e/datanode-4/data/ratis/b56c0878-578c-475e-b647-7a38be0f8eed has been successfully formatted.
2019-09-24 19:14:18,548 [pool-179-thread-1] INFO  storage.RaftStorage (RaftStorage.java:format(72)) - Storage directory /workdir/hadoop-ozone/integration-test/target/test-dir/MiniOzoneClusterImpl-927e61bf-33d4-4c72-9c6e-e846b22cd97e/datanode-6/data/ratis/b56c0878-578c-475e-b647-7a38be0f8eed has been successfully formatted.
2019-09-24 19:14:18,548 [pool-139-thread-1] INFO  storage.RaftStorage (RaftStorage.java:format(72)) - Storage directory /workdir/hadoop-ozone/integration-test/target/test-dir/MiniOzoneClusterImpl-927e61bf-33d4-4c72-9c6e-e846b22cd97e/datanode-2/data/ratis/b56c0878-578c-475e-b647-7a38be0f8eed has been successfully formatted.
2019-09-24 19:14:18,549 [pool-159-thread-1] INFO  ratis.ContainerStateMachine (ContainerStateMachine.java:loadSnapshot(230)) - group-7A38BE0F8EED: The snapshot info is null. Setting the last applied indexto:(t:0, i:~)
2019-09-24 19:14:18,549 [pool-179-thread-1] INFO  ratis.ContainerStateMachine (ContainerStateMachine.java:loadSnapshot(230)) - group-7A38BE0F8EED: The snapshot info is null. Setting the last applied indexto:(t:0, i:~)
2019-09-24 19:14:18,549 [pool-159-thread-1] INFO  server.RaftServerConfigKeys (ConfUtils.java:logGet(43)) - raft.server.notification.no-leader.timeout = 120s (custom)
2019-09-24 19:14:18,549 [pool-139-thread-1] INFO  ratis.ContainerStateMachine (ContainerStateMachine.java:loadSnapshot(230)) - group-7A38BE0F8EED: The snapshot info is null. Setting the last applied indexto:(t:0, i:~)
2019-09-24 19:14:18,549 [pool-159-thread-1] INFO  server.RaftServerConfigKeys (ConfUtils.java:logGet(43)) - raft.server.log.use.memory = false (default)
2019-09-24 19:14:18,549 [pool-179-thread-1] INFO  server.RaftServerConfigKeys (ConfUtils.java:logGet(43)) - raft.server.notification.no-leader.timeout = 120s (custom)
2019-09-24 19:14:18,549 [pool-159-thread-1] INFO  server.RaftServerConfigKeys (ConfUtils.java:logGet(43)) - raft.server.log.purge.gap = 1000000 (custom)
2019-09-24 19:14:18,549 [pool-139-thread-1] INFO  server.RaftServerConfigKeys (ConfUtils.java:logGet(43)) - raft.server.notification.no-leader.timeout = 120s (custom)
2019-09-24 19:14:18,550 [pool-159-thread-1] INFO  server.RaftServerConfigKeys (ConfUtils.java:logGet(43)) - raft.server.log.appender.buffer.byte-limit = 33554432 (custom)
2019-09-24 19:14:18,549 [pool-179-thread-1] INFO  server.RaftServerConfigKeys (ConfUtils.java:logGet(43)) - raft.server.log.use.memory = false (default)
2019-09-24 19:14:18,550 [pool-159-thread-1] INFO  server.RaftServerConfigKeys (ConfUtils.java:logGet(43)) - raft.server.log.segment.size.max = 1048576 (custom)
2019-09-24 19:14:18,550 [pool-139-thread-1] INFO  server.RaftServerConfigKeys (ConfUtils.java:logGet(43)) - raft.server.log.use.memory = false (default)
2019-09-24 19:14:18,550 [pool-159-thread-1] INFO  server.RaftServerConfigKeys (ConfUtils.java:logGet(43)) - raft.server.log.segment.cache.num.max = 2 (custom)
2019-09-24 19:14:18,550 [pool-179-thread-1] INFO  server.RaftServerConfigKeys (ConfUtils.java:logGet(43)) - raft.server.log.purge.gap = 1000000 (custom)
2019-09-24 19:14:18,550 [pool-159-thread-1] INFO  segmented.SegmentedRaftLogWorker (SegmentedRaftLogWorker.java:<init>(172)) - new 2aad5506-4352-4587-a9d6-f1a315122139@group-7A38BE0F8EED-SegmentedRaftLogWorker for RaftStorage:Storage Directory /workdir/hadoop-ozone/integration-test/target/test-dir/MiniOzoneClusterImpl-927e61bf-33d4-4c72-9c6e-e846b22cd97e/datanode-4/data/ratis/b56c0878-578c-475e-b647-7a38be0f8eed
2019-09-24 19:14:18,550 [pool-139-thread-1] INFO  server.RaftServerConfigKeys (ConfUtils.java:logGet(43)) - raft.server.log.purge.gap = 1000000 (custom)
2019-09-24 19:14:18,551 [pool-159-thread-1] INFO  server.RaftServerConfigKeys (ConfUtils.java:logGet(43)) - raft.server.log.queue.byte-limit = 2147483647 (custom)
2019-09-24 19:14:18,550 [pool-179-thread-1] INFO  server.RaftServerConfigKeys (ConfUtils.java:logGet(43)) - raft.server.log.appender.buffer.byte-limit = 33554432 (custom)
2019-09-24 19:14:18,551 [pool-159-thread-1] INFO  server.RaftServerConfigKeys (ConfUtils.java:logGet(43)) - raft.server.log.queue.element-limit = 1024 (custom)
2019-09-24 19:14:18,551 [pool-139-thread-1] INFO  server.RaftServerConfigKeys (ConfUtils.java:logGet(43)) - raft.server.log.appender.buffer.byte-limit = 33554432 (custom)
2019-09-24 19:14:18,551 [pool-159-thread-1] INFO  server.RaftServerConfigKeys (ConfUtils.java:logGet(43)) - raft.server.log.segment.size.max = 1048576 (custom)
2019-09-24 19:14:18,551 [pool-159-thread-1] INFO  server.RaftServerConfigKeys (ConfUtils.java:logGet(43)) - raft.server.log.preallocated.size = 16384 (custom)
2019-09-24 19:14:18,551 [pool-179-thread-1] INFO  server.RaftServerConfigKeys (ConfUtils.java:logGet(43)) - raft.server.log.segment.size.max = 1048576 (custom)
2019-09-24 19:14:18,551 [pool-159-thread-1] INFO  server.RaftServerConfigKeys (ConfUtils.java:logGet(43)) - raft.server.log.write.buffer.size = 33554432 (custom)
2019-09-24 19:14:18,551 [pool-139-thread-1] INFO  server.RaftServerConfigKeys (ConfUtils.java:logGet(43)) - raft.server.log.segment.size.max = 1048576 (custom)
2019-09-24 19:14:18,552 [pool-159-thread-1] INFO  server.RaftServerConfigKeys (ConfUtils.java:logGet(43)) - raft.server.log.force.sync.num = 128 (default)
2019-09-24 19:14:18,552 [pool-179-thread-1] INFO  server.RaftServerConfigKeys (ConfUtils.java:logGet(43)) - raft.server.log.segment.cache.num.max = 2 (custom)
2019-09-24 19:14:18,552 [pool-159-thread-1] INFO  server.RaftServerConfigKeys (ConfUtils.java:logGet(43)) - raft.server.log.statemachine.data.sync = true (default)
2019-09-24 19:14:18,552 [pool-159-thread-1] INFO  server.RaftServerConfigKeys (ConfUtils.java:logGet(43)) - raft.server.log.statemachine.data.sync.timeout = 10s (default)
2019-09-24 19:14:18,552 [pool-139-thread-1] INFO  server.RaftServerConfigKeys (ConfUtils.java:logGet(43)) - raft.server.log.segment.cache.num.max = 2 (custom)
2019-09-24 19:14:18,552 [pool-159-thread-1] INFO  server.RaftServerConfigKeys (ConfUtils.java:logGet(43)) - raft.server.log.statemachine.data.sync.timeout.retry = -1 (default)
2019-09-24 19:14:18,552 [pool-179-thread-1] INFO  segmented.SegmentedRaftLogWorker (SegmentedRaftLogWorker.java:<init>(172)) - new d65623be-04e3-433c-9af8-6934d2279f6c@group-7A38BE0F8EED-SegmentedRaftLogWorker for RaftStorage:Storage Directory /workdir/hadoop-ozone/integration-test/target/test-dir/MiniOzoneClusterImpl-927e61bf-33d4-4c72-9c6e-e846b22cd97e/datanode-6/data/ratis/b56c0878-578c-475e-b647-7a38be0f8eed
2019-09-24 19:14:18,553 [pool-159-thread-1] INFO  server.RaftServerConfigKeys (ConfUtils.java:logGet(43)) - raft.server.log.statemachine.data.caching.enabled = true (custom)
2019-09-24 19:14:18,553 [pool-139-thread-1] INFO  segmented.SegmentedRaftLogWorker (SegmentedRaftLogWorker.java:<init>(172)) - new 4d8f17a5-2079-45c1-8233-e8f9fa301948@group-7A38BE0F8EED-SegmentedRaftLogWorker for RaftStorage:Storage Directory /workdir/hadoop-ozone/integration-test/target/test-dir/MiniOzoneClusterImpl-927e61bf-33d4-4c72-9c6e-e846b22cd97e/datanode-2/data/ratis/b56c0878-578c-475e-b647-7a38be0f8eed
2019-09-24 19:14:18,553 [pool-159-thread-1] INFO  segmented.SegmentedRaftLogWorker (SegmentedRaftLogWorker.java:lambda$new$0(132)) - 2aad5506-4352-4587-a9d6-f1a315122139@group-7A38BE0F8EED-SegmentedRaftLogWorker: flushIndex: setUnconditionally 0 -> -1
2019-09-24 19:14:18,553 [pool-179-thread-1] INFO  server.RaftServerConfigKeys (ConfUtils.java:logGet(43)) - raft.server.log.queue.byte-limit = 2147483647 (custom)
2019-09-24 19:14:18,553 [pool-159-thread-1] INFO  server.RaftServerConfigKeys (ConfUtils.java:logGet(43)) - raft.server.snapshot.auto.trigger.enabled = true (custom)
2019-09-24 19:14:18,553 [pool-139-thread-1] INFO  server.RaftServerConfigKeys (ConfUtils.java:logGet(43)) - raft.server.log.queue.byte-limit = 2147483647 (custom)
2019-09-24 19:14:18,553 [pool-159-thread-1] INFO  server.RaftServerConfigKeys (ConfUtils.java:logGet(43)) - raft.server.snapshot.auto.trigger.threshold = 10000 (custom)
2019-09-24 19:14:18,553 [pool-179-thread-1] INFO  server.RaftServerConfigKeys (ConfUtils.java:logGet(43)) - raft.server.log.queue.element-limit = 1024 (custom)
2019-09-24 19:14:18,554 [pool-159-thread-1] INFO  server.RaftServerConfigKeys (ConfUtils.java:logGet(43)) - raft.server.snapshot.retention.num.files = 5 (custom)
2019-09-24 19:14:18,554 [pool-139-thread-1] INFO  server.RaftServerConfigKeys (ConfUtils.java:logGet(43)) - raft.server.log.queue.element-limit = 1024 (custom)
2019-09-24 19:14:18,554 [pool-159-thread-1] INFO  server.RaftServerConfigKeys (ConfUtils.java:logGet(43)) - raft.server.retrycache.expirytime = 600000ms (custom)
2019-09-24 19:14:18,554 [pool-179-thread-1] INFO  server.RaftServerConfigKeys (ConfUtils.java:logGet(43)) - raft.server.log.segment.size.max = 1048576 (custom)
2019-09-24 19:14:18,554 [pool-139-thread-1] INFO  server.RaftServerConfigKeys (ConfUtils.java:logGet(43)) - raft.server.log.segment.size.max = 1048576 (custom)
2019-09-24 19:14:18,554 [pool-179-thread-1] INFO  server.RaftServerConfigKeys (ConfUtils.java:logGet(43)) - raft.server.log.preallocated.size = 16384 (custom)
2019-09-24 19:14:18,554 [pool-139-thread-1] INFO  server.RaftServerConfigKeys (ConfUtils.java:logGet(43)) - raft.server.log.preallocated.size = 16384 (custom)
2019-09-24 19:14:18,555 [pool-179-thread-1] INFO  server.RaftServerConfigKeys (ConfUtils.java:logGet(43)) - raft.server.log.write.buffer.size = 33554432 (custom)
2019-09-24 19:14:18,555 [pool-139-thread-1] INFO  server.RaftServerConfigKeys (ConfUtils.java:logGet(43)) - raft.server.log.write.buffer.size = 33554432 (custom)
2019-09-24 19:14:18,555 [pool-179-thread-1] INFO  server.RaftServerConfigKeys (ConfUtils.java:logGet(43)) - raft.server.log.force.sync.num = 128 (default)
2019-09-24 19:14:18,555 [pool-139-thread-1] INFO  server.RaftServerConfigKeys (ConfUtils.java:logGet(43)) - raft.server.log.force.sync.num = 128 (default)
2019-09-24 19:14:18,555 [pool-179-thread-1] INFO  server.RaftServerConfigKeys (ConfUtils.java:logGet(43)) - raft.server.log.statemachine.data.sync = true (default)
2019-09-24 19:14:18,555 [pool-139-thread-1] INFO  server.RaftServerConfigKeys (ConfUtils.java:logGet(43)) - raft.server.log.statemachine.data.sync = true (default)
2019-09-24 19:14:18,555 [pool-179-thread-1] INFO  server.RaftServerConfigKeys (ConfUtils.java:logGet(43)) - raft.server.log.statemachine.data.sync.timeout = 10s (default)
2019-09-24 19:14:18,556 [pool-139-thread-1] INFO  server.RaftServerConfigKeys (ConfUtils.java:logGet(43)) - raft.server.log.statemachine.data.sync.timeout = 10s (default)
2019-09-24 19:14:18,556 [pool-179-thread-1] INFO  server.RaftServerConfigKeys (ConfUtils.java:logGet(43)) - raft.server.log.statemachine.data.sync.timeout.retry = -1 (default)
2019-09-24 19:14:18,556 [pool-139-thread-1] INFO  server.RaftServerConfigKeys (ConfUtils.java:logGet(43)) - raft.server.log.statemachine.data.sync.timeout.retry = -1 (default)
2019-09-24 19:14:18,556 [pool-159-thread-1] INFO  impl.RaftServerProxy (RaftServerProxy.java:remove(95)) - 2aad5506-4352-4587-a9d6-f1a315122139: remove      null 2aad5506-4352-4587-a9d6-f1a315122139@group-7A38BE0F8EED:t0, leader=null, voted=null, raftlog=2aad5506-4352-4587-a9d6-f1a315122139@group-7A38BE0F8EED-SegmentedRaftLog:OPENED:c-1,f-1,i0, conf=-1: [d65623be-04e3-433c-9af8-6934d2279f6c:192.168.5.148:36478, 2aad5506-4352-4587-a9d6-f1a315122139:192.168.5.148:34412, 4d8f17a5-2079-45c1-8233-e8f9fa301948:192.168.5.148:37579], old=null NEW
2019-09-24 19:14:18,556 [pool-179-thread-1] INFO  server.RaftServerConfigKeys (ConfUtils.java:logGet(43)) - raft.server.log.statemachine.data.caching.enabled = true (custom)
2019-09-24 19:14:18,556 [pool-159-thread-1] WARN  impl.RaftServerProxy (RaftServerProxy.java:lambda$groupAddAsync$11(388)) - 2aad5506-4352-4587-a9d6-f1a315122139: Failed groupAdd* GroupManagementRequest:client-84B3457E6AE8->2aad5506-4352-4587-a9d6-f1a315122139@group-7A38BE0F8EED, cid=49, seq=0, RW, null, Add:group-7A38BE0F8EED:[d65623be-04e3-433c-9af8-6934d2279f6c:192.168.5.148:36478, 2aad5506-4352-4587-a9d6-f1a315122139:192.168.5.148:34412, 4d8f17a5-2079-45c1-8233-e8f9fa301948:192.168.5.148:37579]
java.util.concurrent.CompletionException: java.util.concurrent.RejectedExecutionException: Task java.util.concurrent.CompletableFuture$UniApply@1cd42ff0 rejected from java.util.concurrent.ThreadPoolExecutor@a0938b5[Shutting down, pool size = 1, active threads = 1, queued tasks = 1, completed tasks = 8]
	at java.util.concurrent.CompletableFuture.encodeThrowable(CompletableFuture.java:273)
	at java.util.concurrent.CompletableFuture.completeThrowable(CompletableFuture.java:280)
	at java.util.concurrent.CompletableFuture.uniApply(CompletableFuture.java:604)
	at java.util.concurrent.CompletableFuture$UniApply.tryFire(CompletableFuture.java:577)
	at java.util.concurrent.CompletableFuture.postComplete(CompletableFuture.java:474)
	at java.util.concurrent.CompletableFuture$AsyncSupply.run(CompletableFuture.java:1595)
	at java.util.concurrent.ThreadPoolExecutor.runWorker(ThreadPoolExecutor.java:1149)
	at java.util.concurrent.ThreadPoolExecutor$Worker.run(ThreadPoolExecutor.java:624)
	at java.lang.Thread.run(Thread.java:748)
Caused by: java.util.concurrent.RejectedExecutionException: Task java.util.concurrent.CompletableFuture$UniApply@1cd42ff0 rejected from java.util.concurrent.ThreadPoolExecutor@a0938b5[Shutting down, pool size = 1, active threads = 1, queued tasks = 1, completed tasks = 8]
	at java.util.concurrent.ThreadPoolExecutor$AbortPolicy.rejectedExecution(ThreadPoolExecutor.java:2063)
	at java.util.concurrent.ThreadPoolExecutor.reject(ThreadPoolExecutor.java:830)
	at java.util.concurrent.ThreadPoolExecutor.execute(ThreadPoolExecutor.java:1379)
	at java.util.concurrent.Executors$DelegatedExecutorService.execute(Executors.java:668)
	at java.util.concurrent.CompletableFuture$UniCompletion.claim(CompletableFuture.java:529)
	at java.util.concurrent.CompletableFuture.uniApply(CompletableFuture.java:599)
	... 6 more
2019-09-24 19:14:18,556 [pool-139-thread-1] INFO  server.RaftServerConfigKeys (ConfUtils.java:logGet(43)) - raft.server.log.statemachine.data.caching.enabled = true (custom)
2019-09-24 19:14:18,559 [pool-159-thread-1] INFO  impl.RaftServerImpl (RaftServerImpl.java:start(185)) - 2aad5506-4352-4587-a9d6-f1a315122139@group-E5528CAA5F29: start as a follower, conf=-1: [d65623be-04e3-433c-9af8-6934d2279f6c:192.168.5.148:36478, 2aad5506-4352-4587-a9d6-f1a315122139:192.168.5.148:34412, 4d8f17a5-2079-45c1-8233-e8f9fa301948:192.168.5.148:37579], old=null
2019-09-24 19:14:18,559 [pool-179-thread-1] INFO  segmented.SegmentedRaftLogWorker (SegmentedRaftLogWorker.java:lambda$new$0(132)) - d65623be-04e3-433c-9af8-6934d2279f6c@group-7A38BE0F8EED-SegmentedRaftLogWorker: flushIndex: setUnconditionally 0 -> -1
2019-09-24 19:14:18,559 [pool-139-thread-1] INFO  segmented.SegmentedRaftLogWorker (SegmentedRaftLogWorker.java:lambda$new$0(132)) - 4d8f17a5-2079-45c1-8233-e8f9fa301948@group-7A38BE0F8EED-SegmentedRaftLogWorker: flushIndex: setUnconditionally 0 -> -1
2019-09-24 19:14:18,559 [pool-159-thread-1] INFO  impl.RaftServerImpl (RaftServerImpl.java:setRole(174)) - 2aad5506-4352-4587-a9d6-f1a315122139@group-E5528CAA5F29: changes role from      null to FOLLOWER at term 0 for startAsFollower
2019-09-24 19:14:18,560 [pool-179-thread-1] INFO  server.RaftServerConfigKeys (ConfUtils.java:logGet(43)) - raft.server.snapshot.auto.trigger.enabled = true (custom)
2019-09-24 19:14:18,560 [pool-139-thread-1] INFO  server.RaftServerConfigKeys (ConfUtils.java:logGet(43)) - raft.server.snapshot.auto.trigger.enabled = true (custom)
2019-09-24 19:14:18,560 [pool-159-thread-1] INFO  impl.RoleInfo (RoleInfo.java:updateAndGet(143)) - 2aad5506-4352-4587-a9d6-f1a315122139: start FollowerState
2019-09-24 19:14:18,560 [pool-139-thread-1] INFO  server.RaftServerConfigKeys (ConfUtils.java:logGet(43)) - raft.server.snapshot.auto.trigger.threshold = 10000 (custom)
2019-09-24 19:14:18,560 [pool-179-thread-1] INFO  server.RaftServerConfigKeys (ConfUtils.java:logGet(43)) - raft.server.snapshot.auto.trigger.threshold = 10000 (custom)
2019-09-24 19:14:18,560 [pool-159-thread-1] INFO  util.JmxRegister (JmxRegister.java:tryRegister(44)) - Successfully registered JMX Bean with object name Ratis:service=RaftServer,group=group-E5528CAA5F29,id=2aad5506-4352-4587-a9d6-f1a315122139
2019-09-24 19:14:18,560 [pool-139-thread-1] INFO  server.RaftServerConfigKeys (ConfUtils.java:logGet(43)) - raft.server.snapshot.retention.num.files = 5 (custom)
2019-09-24 19:14:18,560 [pool-179-thread-1] INFO  server.RaftServerConfigKeys (ConfUtils.java:logGet(43)) - raft.server.snapshot.retention.num.files = 5 (custom)
2019-09-24 19:14:18,561 [pool-139-thread-1] INFO  server.RaftServerConfigKeys (ConfUtils.java:logGet(43)) - raft.server.retrycache.expirytime = 600000ms (custom)
2019-09-24 19:14:18,561 [main] INFO  impl.RaftServerProxy (RaftServerProxy.java:lambda$close$4(314)) - 2aad5506-4352-4587-a9d6-f1a315122139: close
2019-09-24 19:14:18,561 [pool-179-thread-1] INFO  server.RaftServerConfigKeys (ConfUtils.java:logGet(43)) - raft.server.retrycache.expirytime = 600000ms (custom)
2019-09-24 19:14:18,561 [main] INFO  impl.RaftServerImpl (RaftServerImpl.java:lambda$shutdown$3(251)) - 2aad5506-4352-4587-a9d6-f1a315122139@group-5B4A7EBB6977: shutdown
2019-09-24 19:14:18,562 [main] INFO  util.JmxRegister (JmxRegister.java:unregister(73)) - Successfully un-registered JMX Bean with object name Ratis:service=RaftServer,group=group-5B4A7EBB6977,id=2aad5506-4352-4587-a9d6-f1a315122139
2019-09-24 19:14:18,562 [main] INFO  impl.RoleInfo (RoleInfo.java:shutdownLeaderState(104)) - 2aad5506-4352-4587-a9d6-f1a315122139: shutdown LeaderState
2019-09-24 19:14:18,563 [main] INFO  impl.PendingRequests (PendingRequests.java:sendNotLeaderResponses(202)) - 2aad5506-4352-4587-a9d6-f1a315122139-PendingRequests: sendNotLeaderResponses
2019-09-24 19:14:18,563 [pool-139-thread-1] INFO  impl.RaftServerProxy (RaftServerProxy.java:remove(95)) - 4d8f17a5-2079-45c1-8233-e8f9fa301948: remove      null 4d8f17a5-2079-45c1-8233-e8f9fa301948@group-7A38BE0F8EED:t0, leader=null, voted=null, raftlog=4d8f17a5-2079-45c1-8233-e8f9fa301948@group-7A38BE0F8EED-SegmentedRaftLog:OPENED:c-1,f-1,i0, conf=-1: [d65623be-04e3-433c-9af8-6934d2279f6c:192.168.5.148:36478, 2aad5506-4352-4587-a9d6-f1a315122139:192.168.5.148:34412, 4d8f17a5-2079-45c1-8233-e8f9fa301948:192.168.5.148:37579], old=null NEW
2019-09-24 19:14:18,563 [main] INFO  impl.StateMachineUpdater (StateMachineUpdater.java:stopAndJoin(125)) - 2aad5506-4352-4587-a9d6-f1a315122139@group-5B4A7EBB6977-StateMachineUpdater: set stopIndex = 0
2019-09-24 19:14:18,564 [pool-139-thread-1] WARN  impl.RaftServerProxy (RaftServerProxy.java:lambda$groupAddAsync$11(388)) - 4d8f17a5-2079-45c1-8233-e8f9fa301948: Failed groupAdd* GroupManagementRequest:client-BAE3DCD5E9B6->4d8f17a5-2079-45c1-8233-e8f9fa301948@group-7A38BE0F8EED, cid=50, seq=0, RW, null, Add:group-7A38BE0F8EED:[d65623be-04e3-433c-9af8-6934d2279f6c:192.168.5.148:36478, 2aad5506-4352-4587-a9d6-f1a315122139:192.168.5.148:34412, 4d8f17a5-2079-45c1-8233-e8f9fa301948:192.168.5.148:37579]
java.util.concurrent.CompletionException: java.util.concurrent.RejectedExecutionException: Task java.util.concurrent.CompletableFuture$UniApply@42021ec4 rejected from java.util.concurrent.ThreadPoolExecutor@7feabe3d[Shutting down, pool size = 1, active threads = 1, queued tasks = 1, completed tasks = 11]
	at java.util.concurrent.CompletableFuture.encodeThrowable(CompletableFuture.java:273)
	at java.util.concurrent.CompletableFuture.completeThrowable(CompletableFuture.java:280)
	at java.util.concurrent.CompletableFuture.uniApply(CompletableFuture.java:604)
	at java.util.concurrent.CompletableFuture$UniApply.tryFire(CompletableFuture.java:577)
	at java.util.concurrent.CompletableFuture.postComplete(CompletableFuture.java:474)
	at java.util.concurrent.CompletableFuture$AsyncSupply.run(CompletableFuture.java:1595)
	at java.util.concurrent.ThreadPoolExecutor.runWorker(ThreadPoolExecutor.java:1149)
	at java.util.concurrent.ThreadPoolExecutor$Worker.run(ThreadPoolExecutor.java:624)
	at java.lang.Thread.run(Thread.java:748)
Caused by: java.util.concurrent.RejectedExecutionException: Task java.util.concurrent.CompletableFuture$UniApply@42021ec4 rejected from java.util.concurrent.ThreadPoolExecutor@7feabe3d[Shutting down, pool size = 1, active threads = 1, queued tasks = 1, completed tasks = 11]
	at java.util.concurrent.ThreadPoolExecutor$AbortPolicy.rejectedExecution(ThreadPoolExecutor.java:2063)
	at java.util.concurrent.ThreadPoolExecutor.reject(ThreadPoolExecutor.java:830)
	at java.util.concurrent.ThreadPoolExecutor.execute(ThreadPoolExecutor.java:1379)
	at java.util.concurrent.Executors$DelegatedExecutorService.execute(Executors.java:668)
	at java.util.concurrent.CompletableFuture$UniCompletion.claim(CompletableFuture.java:529)
	at java.util.concurrent.CompletableFuture.uniApply(CompletableFuture.java:599)
	... 6 more
2019-09-24 19:14:18,573 [pool-179-thread-1] INFO  impl.RaftServerImpl (RaftServerImpl.java:start(185)) - d65623be-04e3-433c-9af8-6934d2279f6c@group-E41EBB7F3038: start as a follower, conf=-1: [d65623be-04e3-433c-9af8-6934d2279f6c:192.168.5.148:36478, 2aad5506-4352-4587-a9d6-f1a315122139:192.168.5.148:34412, 4d8f17a5-2079-45c1-8233-e8f9fa301948:192.168.5.148:37579], old=null
2019-09-24 19:14:18,564 [main] INFO  impl.RaftServerImpl (ServerState.java:close(385)) - 2aad5506-4352-4587-a9d6-f1a315122139@group-5B4A7EBB6977: closes. applyIndex: 0
2019-09-24 19:14:18,575 [pool-179-thread-1] INFO  impl.RaftServerImpl (RaftServerImpl.java:setRole(174)) - d65623be-04e3-433c-9af8-6934d2279f6c@group-E41EBB7F3038: changes role from      null to FOLLOWER at term 0 for startAsFollower
2019-09-24 19:14:18,575 [pool-139-thread-1] INFO  impl.RaftServerImpl (RaftServerImpl.java:start(185)) - 4d8f17a5-2079-45c1-8233-e8f9fa301948@group-E41EBB7F3038: start as a follower, conf=-1: [d65623be-04e3-433c-9af8-6934d2279f6c:192.168.5.148:36478, 2aad5506-4352-4587-a9d6-f1a315122139:192.168.5.148:34412, 4d8f17a5-2079-45c1-8233-e8f9fa301948:192.168.5.148:37579], old=null
2019-09-24 19:14:18,576 [pool-179-thread-1] INFO  impl.RoleInfo (RoleInfo.java:updateAndGet(143)) - d65623be-04e3-433c-9af8-6934d2279f6c: start FollowerState
2019-09-24 19:14:18,576 [2aad5506-4352-4587-a9d6-f1a315122139@group-5B4A7EBB6977-SegmentedRaftLogWorker] INFO  segmented.SegmentedRaftLogWorker (SegmentedRaftLogWorker.java:run(313)) - 2aad5506-4352-4587-a9d6-f1a315122139@group-5B4A7EBB6977-SegmentedRaftLogWorker was interrupted, exiting. There are 0 tasks remaining in the queue.
2019-09-24 19:14:18,576 [pool-139-thread-1] INFO  impl.RaftServerImpl (RaftServerImpl.java:setRole(174)) - 4d8f17a5-2079-45c1-8233-e8f9fa301948@group-E41EBB7F3038: changes role from      null to FOLLOWER at term 0 for startAsFollower
2019-09-24 19:14:18,576 [pool-179-thread-1] INFO  util.JmxRegister (JmxRegister.java:tryRegister(44)) - Successfully registered JMX Bean with object name Ratis:service=RaftServer,group=group-E41EBB7F3038,id=d65623be-04e3-433c-9af8-6934d2279f6c
2019-09-24 19:14:18,578 [main] INFO  segmented.SegmentedRaftLogWorker (SegmentedRaftLogWorker.java:close(228)) - 2aad5506-4352-4587-a9d6-f1a315122139@group-5B4A7EBB6977-SegmentedRaftLogWorker close()
2019-09-24 19:14:18,578 [pool-139-thread-1] INFO  impl.RoleInfo (RoleInfo.java:updateAndGet(143)) - 4d8f17a5-2079-45c1-8233-e8f9fa301948: start FollowerState
2019-09-24 19:14:18,583 [pool-179-thread-1] INFO  impl.RaftServerImpl (RaftServerImpl.java:start(185)) - d65623be-04e3-433c-9af8-6934d2279f6c@group-7A54B0AAA595: start as a follower, conf=-1: [d65623be-04e3-433c-9af8-6934d2279f6c:192.168.5.148:36478, 2aad5506-4352-4587-a9d6-f1a315122139:192.168.5.148:34412, 4d8f17a5-2079-45c1-8233-e8f9fa301948:192.168.5.148:37579], old=null
2019-09-24 19:14:18,583 [main] INFO  impl.RaftServerImpl (RaftServerImpl.java:lambda$shutdown$3(251)) - 2aad5506-4352-4587-a9d6-f1a315122139@group-E5528CAA5F29: shutdown
2019-09-24 19:14:18,583 [pool-139-thread-1] INFO  util.JmxRegister (JmxRegister.java:tryRegister(44)) - Successfully registered JMX Bean with object name Ratis:service=RaftServer,group=group-E41EBB7F3038,id=4d8f17a5-2079-45c1-8233-e8f9fa301948
2019-09-24 19:14:18,583 [pool-179-thread-1] INFO  impl.RaftServerImpl (RaftServerImpl.java:setRole(174)) - d65623be-04e3-433c-9af8-6934d2279f6c@group-7A54B0AAA595: changes role from      null to FOLLOWER at term 0 for startAsFollower
2019-09-24 19:14:18,583 [main] INFO  util.JmxRegister (JmxRegister.java:unregister(73)) - Successfully un-registered JMX Bean with object name Ratis:service=RaftServer,group=group-E5528CAA5F29,id=2aad5506-4352-4587-a9d6-f1a315122139
2019-09-24 19:14:18,584 [ForkJoinPool.commonPool-worker-1] INFO  impl.RaftServerProxy (RaftServerProxy.java:lambda$close$4(314)) - 4d8f17a5-2079-45c1-8233-e8f9fa301948: close
2019-09-24 19:14:18,584 [pool-179-thread-1] INFO  impl.RoleInfo (RoleInfo.java:updateAndGet(143)) - d65623be-04e3-433c-9af8-6934d2279f6c: start FollowerState
2019-09-24 19:14:18,584 [ForkJoinPool.commonPool-worker-1] INFO  impl.RaftServerImpl (RaftServerImpl.java:lambda$shutdown$3(251)) - 4d8f17a5-2079-45c1-8233-e8f9fa301948@group-E5528CAA5F29: shutdown
2019-09-24 19:14:18,584 [main] INFO  impl.RoleInfo (RoleInfo.java:shutdownFollowerState(121)) - 2aad5506-4352-4587-a9d6-f1a315122139: shutdown FollowerState
2019-09-24 19:14:18,585 [ForkJoinPool.commonPool-worker-1] INFO  util.JmxRegister (JmxRegister.java:unregister(73)) - Successfully un-registered JMX Bean with object name Ratis:service=RaftServer,group=group-E5528CAA5F29,id=4d8f17a5-2079-45c1-8233-e8f9fa301948
2019-09-24 19:14:18,585 [ForkJoinPool.commonPool-worker-1] INFO  impl.RoleInfo (RoleInfo.java:shutdownFollowerState(121)) - 4d8f17a5-2079-45c1-8233-e8f9fa301948: shutdown FollowerState
2019-09-24 19:14:18,585 [pool-179-thread-1] INFO  util.JmxRegister (JmxRegister.java:tryRegister(44)) - Successfully registered JMX Bean with object name Ratis:service=RaftServer,group=group-7A54B0AAA595,id=d65623be-04e3-433c-9af8-6934d2279f6c
2019-09-24 19:14:18,586 [Thread-836] INFO  impl.FollowerState (FollowerState.java:run(115)) - 4d8f17a5-2079-45c1-8233-e8f9fa301948: FollowerState was interrupted: java.lang.InterruptedException: sleep interrupted
2019-09-24 19:14:18,585 [ForkJoinPool.commonPool-worker-1] INFO  impl.StateMachineUpdater (StateMachineUpdater.java:stopAndJoin(125)) - 4d8f17a5-2079-45c1-8233-e8f9fa301948@group-E5528CAA5F29-StateMachineUpdater: set stopIndex = -1
2019-09-24 19:14:18,585 [Thread-844] INFO  impl.FollowerState (FollowerState.java:run(115)) - 2aad5506-4352-4587-a9d6-f1a315122139: FollowerState was interrupted: java.lang.InterruptedException: sleep interrupted
2019-09-24 19:14:18,585 [main] INFO  impl.StateMachineUpdater (StateMachineUpdater.java:stopAndJoin(125)) - 2aad5506-4352-4587-a9d6-f1a315122139@group-E5528CAA5F29-StateMachineUpdater: set stopIndex = -1
2019-09-24 19:14:18,590 [main] INFO  impl.RaftServerImpl (ServerState.java:close(385)) - 2aad5506-4352-4587-a9d6-f1a315122139@group-E5528CAA5F29: closes. applyIndex: -1
2019-09-24 19:14:18,588 [ForkJoinPool.commonPool-worker-1] INFO  impl.RaftServerImpl (ServerState.java:close(385)) - 4d8f17a5-2079-45c1-8233-e8f9fa301948@group-E5528CAA5F29: closes. applyIndex: -1
2019-09-24 19:14:18,588 [pool-179-thread-1] INFO  impl.RaftServerImpl (RaftServerImpl.java:start(185)) - d65623be-04e3-433c-9af8-6934d2279f6c@group-A86B03FCFDE6: start as a follower, conf=-1: [d65623be-04e3-433c-9af8-6934d2279f6c:192.168.5.148:36478, 2aad5506-4352-4587-a9d6-f1a315122139:192.168.5.148:34412, 4d8f17a5-2079-45c1-8233-e8f9fa301948:192.168.5.148:37579], old=null
2019-09-24 19:14:18,591 [4d8f17a5-2079-45c1-8233-e8f9fa301948@group-E5528CAA5F29-SegmentedRaftLogWorker] INFO  segmented.SegmentedRaftLogWorker (SegmentedRaftLogWorker.java:run(313)) - 4d8f17a5-2079-45c1-8233-e8f9fa301948@group-E5528CAA5F29-SegmentedRaftLogWorker was interrupted, exiting. There are 0 tasks remaining in the queue.
2019-09-24 19:14:18,591 [2aad5506-4352-4587-a9d6-f1a315122139@group-E5528CAA5F29-SegmentedRaftLogWorker] INFO  segmented.SegmentedRaftLogWorker (SegmentedRaftLogWorker.java:run(313)) - 2aad5506-4352-4587-a9d6-f1a315122139@group-E5528CAA5F29-SegmentedRaftLogWorker was interrupted, exiting. There are 0 tasks remaining in the queue.
2019-09-24 19:14:18,591 [ForkJoinPool.commonPool-worker-1] INFO  segmented.SegmentedRaftLogWorker (SegmentedRaftLogWorker.java:close(228)) - 4d8f17a5-2079-45c1-8233-e8f9fa301948@group-E5528CAA5F29-SegmentedRaftLogWorker close()
2019-09-24 19:14:18,591 [pool-179-thread-1] INFO  impl.RaftServerImpl (RaftServerImpl.java:setRole(174)) - d65623be-04e3-433c-9af8-6934d2279f6c@group-A86B03FCFDE6: changes role from      null to FOLLOWER at term 0 for startAsFollower
2019-09-24 19:14:18,595 [ForkJoinPool.commonPool-worker-1] INFO  impl.RaftServerImpl (RaftServerImpl.java:lambda$shutdown$3(251)) - 4d8f17a5-2079-45c1-8233-e8f9fa301948@group-ADF62AE81DD4: shutdown
2019-09-24 19:14:18,591 [main] INFO  segmented.SegmentedRaftLogWorker (SegmentedRaftLogWorker.java:close(228)) - 2aad5506-4352-4587-a9d6-f1a315122139@group-E5528CAA5F29-SegmentedRaftLogWorker close()
2019-09-24 19:14:18,596 [ForkJoinPool.commonPool-worker-1] INFO  util.JmxRegister (JmxRegister.java:unregister(73)) - Successfully un-registered JMX Bean with object name Ratis:service=RaftServer,group=group-ADF62AE81DD4,id=4d8f17a5-2079-45c1-8233-e8f9fa301948
2019-09-24 19:14:18,595 [pool-179-thread-1] INFO  impl.RoleInfo (RoleInfo.java:updateAndGet(143)) - d65623be-04e3-433c-9af8-6934d2279f6c: start FollowerState
2019-09-24 19:14:18,600 [ForkJoinPool.commonPool-worker-1] INFO  impl.RoleInfo (RoleInfo.java:shutdownLeaderState(104)) - 4d8f17a5-2079-45c1-8233-e8f9fa301948: shutdown LeaderState
2019-09-24 19:14:18,600 [pool-179-thread-1] INFO  util.JmxRegister (JmxRegister.java:tryRegister(44)) - Successfully registered JMX Bean with object name Ratis:service=RaftServer,group=group-A86B03FCFDE6,id=d65623be-04e3-433c-9af8-6934d2279f6c
2019-09-24 19:14:18,600 [main] INFO  impl.RaftServerImpl (RaftServerImpl.java:lambda$shutdown$3(251)) - 2aad5506-4352-4587-a9d6-f1a315122139@group-B0DE2BEA193A: shutdown
2019-09-24 19:14:18,601 [pool-179-thread-1] INFO  impl.RaftServerImpl (RaftServerImpl.java:start(185)) - d65623be-04e3-433c-9af8-6934d2279f6c@group-7A38BE0F8EED: start as a follower, conf=-1: [d65623be-04e3-433c-9af8-6934d2279f6c:192.168.5.148:36478, 2aad5506-4352-4587-a9d6-f1a315122139:192.168.5.148:34412, 4d8f17a5-2079-45c1-8233-e8f9fa301948:192.168.5.148:37579], old=null
2019-09-24 19:14:18,600 [ForkJoinPool.commonPool-worker-1] INFO  impl.PendingRequests (PendingRequests.java:sendNotLeaderResponses(202)) - 4d8f17a5-2079-45c1-8233-e8f9fa301948-PendingRequests: sendNotLeaderResponses
2019-09-24 19:14:18,601 [pool-179-thread-1] INFO  impl.RaftServerImpl (RaftServerImpl.java:setRole(174)) - d65623be-04e3-433c-9af8-6934d2279f6c@group-7A38BE0F8EED: changes role from      null to FOLLOWER at term 0 for startAsFollower
2019-09-24 19:14:18,601 [main] INFO  util.JmxRegister (JmxRegister.java:unregister(73)) - Successfully un-registered JMX Bean with object name Ratis:service=RaftServer,group=group-B0DE2BEA193A,id=2aad5506-4352-4587-a9d6-f1a315122139
2019-09-24 19:14:18,602 [main] INFO  impl.RoleInfo (RoleInfo.java:shutdownFollowerState(121)) - 2aad5506-4352-4587-a9d6-f1a315122139: shutdown FollowerState
2019-09-24 19:14:18,601 [ForkJoinPool.commonPool-worker-1] INFO  impl.StateMachineUpdater (StateMachineUpdater.java:stopAndJoin(125)) - 4d8f17a5-2079-45c1-8233-e8f9fa301948@group-ADF62AE81DD4-StateMachineUpdater: set stopIndex = 0
2019-09-24 19:14:18,602 [ForkJoinPool.commonPool-worker-1] INFO  impl.RaftServerImpl (ServerState.java:close(385)) - 4d8f17a5-2079-45c1-8233-e8f9fa301948@group-ADF62AE81DD4: closes. applyIndex: 0
2019-09-24 19:14:18,601 [pool-179-thread-1] INFO  impl.RoleInfo (RoleInfo.java:updateAndGet(143)) - d65623be-04e3-433c-9af8-6934d2279f6c: start FollowerState
2019-09-24 19:14:18,602 [Thread-832] INFO  impl.FollowerState (FollowerState.java:run(115)) - 2aad5506-4352-4587-a9d6-f1a315122139: FollowerState was interrupted: java.lang.InterruptedException: sleep interrupted
2019-09-24 19:14:18,602 [main] INFO  impl.StateMachineUpdater (StateMachineUpdater.java:stopAndJoin(125)) - 2aad5506-4352-4587-a9d6-f1a315122139@group-B0DE2BEA193A-StateMachineUpdater: set stopIndex = -1
2019-09-24 19:14:18,605 [pool-179-thread-1] INFO  util.JmxRegister (JmxRegister.java:tryRegister(44)) - Successfully registered JMX Bean with object name Ratis:service=RaftServer,group=group-7A38BE0F8EED,id=d65623be-04e3-433c-9af8-6934d2279f6c
2019-09-24 19:14:18,602 [4d8f17a5-2079-45c1-8233-e8f9fa301948@group-ADF62AE81DD4-SegmentedRaftLogWorker] INFO  segmented.SegmentedRaftLogWorker (SegmentedRaftLogWorker.java:run(313)) - 4d8f17a5-2079-45c1-8233-e8f9fa301948@group-ADF62AE81DD4-SegmentedRaftLogWorker was interrupted, exiting. There are 0 tasks remaining in the queue.
2019-09-24 19:14:18,605 [main] INFO  impl.RaftServerImpl (ServerState.java:close(385)) - 2aad5506-4352-4587-a9d6-f1a315122139@group-B0DE2BEA193A: closes. applyIndex: -1
2019-09-24 19:14:18,607 [ForkJoinPool.commonPool-worker-1] INFO  segmented.SegmentedRaftLogWorker (SegmentedRaftLogWorker.java:close(228)) - 4d8f17a5-2079-45c1-8233-e8f9fa301948@group-ADF62AE81DD4-SegmentedRaftLogWorker close()
2019-09-24 19:14:18,608 [2aad5506-4352-4587-a9d6-f1a315122139@group-B0DE2BEA193A-SegmentedRaftLogWorker] INFO  segmented.SegmentedRaftLogWorker (SegmentedRaftLogWorker.java:run(313)) - 2aad5506-4352-4587-a9d6-f1a315122139@group-B0DE2BEA193A-SegmentedRaftLogWorker was interrupted, exiting. There are 0 tasks remaining in the queue.
2019-09-24 19:14:18,616 [ForkJoinPool.commonPool-worker-1] INFO  impl.RaftServerImpl (RaftServerImpl.java:lambda$shutdown$3(251)) - 4d8f17a5-2079-45c1-8233-e8f9fa301948@group-6C18652232F0: shutdown
2019-09-24 19:14:18,616 [main] INFO  segmented.SegmentedRaftLogWorker (SegmentedRaftLogWorker.java:close(228)) - 2aad5506-4352-4587-a9d6-f1a315122139@group-B0DE2BEA193A-SegmentedRaftLogWorker close()
2019-09-24 19:14:18,617 [ForkJoinPool.commonPool-worker-1] INFO  util.JmxRegister (JmxRegister.java:unregister(73)) - Successfully un-registered JMX Bean with object name Ratis:service=RaftServer,group=group-6C18652232F0,id=4d8f17a5-2079-45c1-8233-e8f9fa301948
2019-09-24 19:14:18,619 [main] INFO  server.GrpcService (GrpcService.java:closeImpl(164)) - 2aad5506-4352-4587-a9d6-f1a315122139: shutdown server with port 34412 now
2019-09-24 19:14:18,619 [ForkJoinPool.commonPool-worker-1] INFO  impl.RoleInfo (RoleInfo.java:shutdownLeaderState(104)) - 4d8f17a5-2079-45c1-8233-e8f9fa301948: shutdown LeaderState
2019-09-24 19:14:18,624 [ForkJoinPool.commonPool-worker-1] INFO  impl.PendingRequests (PendingRequests.java:sendNotLeaderResponses(202)) - 4d8f17a5-2079-45c1-8233-e8f9fa301948-PendingRequests: sendNotLeaderResponses
2019-09-24 19:14:18,624 [main] INFO  server.GrpcService (GrpcService.java:closeImpl(172)) - 2aad5506-4352-4587-a9d6-f1a315122139: shutdown server with port 34412 successfully
2019-09-24 19:14:18,624 [ForkJoinPool.commonPool-worker-1] INFO  impl.StateMachineUpdater (StateMachineUpdater.java:stopAndJoin(125)) - 4d8f17a5-2079-45c1-8233-e8f9fa301948@group-6C18652232F0-StateMachineUpdater: set stopIndex = 0
2019-09-24 19:14:18,625 [ForkJoinPool.commonPool-worker-1] INFO  impl.RaftServerImpl (ServerState.java:close(385)) - 4d8f17a5-2079-45c1-8233-e8f9fa301948@group-6C18652232F0: closes. applyIndex: 0
2019-09-24 19:14:18,625 [4d8f17a5-2079-45c1-8233-e8f9fa301948@group-6C18652232F0-SegmentedRaftLogWorker] INFO  segmented.SegmentedRaftLogWorker (SegmentedRaftLogWorker.java:run(313)) - 4d8f17a5-2079-45c1-8233-e8f9fa301948@group-6C18652232F0-SegmentedRaftLogWorker was interrupted, exiting. There are 0 tasks remaining in the queue.
2019-09-24 19:14:18,627 [ForkJoinPool.commonPool-worker-1] INFO  segmented.SegmentedRaftLogWorker (SegmentedRaftLogWorker.java:close(228)) - 4d8f17a5-2079-45c1-8233-e8f9fa301948@group-6C18652232F0-SegmentedRaftLogWorker close()
2019-09-24 19:14:18,629 [ForkJoinPool.commonPool-worker-1] INFO  impl.RaftServerImpl (RaftServerImpl.java:lambda$shutdown$3(251)) - 4d8f17a5-2079-45c1-8233-e8f9fa301948@group-B0DE2BEA193A: shutdown
2019-09-24 19:14:18,630 [ForkJoinPool.commonPool-worker-1] INFO  util.JmxRegister (JmxRegister.java:unregister(73)) - Successfully un-registered JMX Bean with object name Ratis:service=RaftServer,group=group-B0DE2BEA193A,id=4d8f17a5-2079-45c1-8233-e8f9fa301948
2019-09-24 19:14:18,630 [ForkJoinPool.commonPool-worker-1] INFO  impl.RoleInfo (RoleInfo.java:shutdownFollowerState(121)) - 4d8f17a5-2079-45c1-8233-e8f9fa301948: shutdown FollowerState
2019-09-24 19:14:18,630 [refreshUsed-/workdir/hadoop-ozone/integration-test/target/test-dir/MiniOzoneClusterImpl-927e61bf-33d4-4c72-9c6e-e846b22cd97e/datanode-4/data/containers] WARN  fs.CachingGetSpaceUsed (CachingGetSpaceUsed.java:run(183)) - Thread Interrupted waiting to refresh disk information: sleep interrupted
2019-09-24 19:14:18,630 [ForkJoinPool.commonPool-worker-1] INFO  impl.StateMachineUpdater (StateMachineUpdater.java:stopAndJoin(125)) - 4d8f17a5-2079-45c1-8233-e8f9fa301948@group-B0DE2BEA193A-StateMachineUpdater: set stopIndex = -1
2019-09-24 19:14:18,630 [ForkJoinPool.commonPool-worker-1] INFO  impl.RaftServerImpl (ServerState.java:close(385)) - 4d8f17a5-2079-45c1-8233-e8f9fa301948@group-B0DE2BEA193A: closes. applyIndex: -1
2019-09-24 19:14:18,630 [Thread-830] INFO  impl.FollowerState (FollowerState.java:run(115)) - 4d8f17a5-2079-45c1-8233-e8f9fa301948: FollowerState was interrupted: java.lang.InterruptedException: sleep interrupted
2019-09-24 19:14:18,631 [4d8f17a5-2079-45c1-8233-e8f9fa301948@group-B0DE2BEA193A-SegmentedRaftLogWorker] INFO  segmented.SegmentedRaftLogWorker (SegmentedRaftLogWorker.java:run(313)) - 4d8f17a5-2079-45c1-8233-e8f9fa301948@group-B0DE2BEA193A-SegmentedRaftLogWorker was interrupted, exiting. There are 0 tasks remaining in the queue.
2019-09-24 19:14:18,632 [ForkJoinPool.commonPool-worker-1] INFO  segmented.SegmentedRaftLogWorker (SegmentedRaftLogWorker.java:close(228)) - 4d8f17a5-2079-45c1-8233-e8f9fa301948@group-B0DE2BEA193A-SegmentedRaftLogWorker close()
2019-09-24 19:14:18,634 [ForkJoinPool.commonPool-worker-1] INFO  impl.RaftServerImpl (RaftServerImpl.java:lambda$shutdown$3(251)) - 4d8f17a5-2079-45c1-8233-e8f9fa301948@group-E41EBB7F3038: shutdown
2019-09-24 19:14:18,634 [ForkJoinPool.commonPool-worker-1] INFO  util.JmxRegister (JmxRegister.java:unregister(73)) - Successfully un-registered JMX Bean with object name Ratis:service=RaftServer,group=group-E41EBB7F3038,id=4d8f17a5-2079-45c1-8233-e8f9fa301948
2019-09-24 19:14:18,635 [ForkJoinPool.commonPool-worker-1] INFO  impl.RoleInfo (RoleInfo.java:shutdownFollowerState(121)) - 4d8f17a5-2079-45c1-8233-e8f9fa301948: shutdown FollowerState
2019-09-24 19:14:18,635 [ForkJoinPool.commonPool-worker-1] INFO  impl.StateMachineUpdater (StateMachineUpdater.java:stopAndJoin(125)) - 4d8f17a5-2079-45c1-8233-e8f9fa301948@group-E41EBB7F3038-StateMachineUpdater: set stopIndex = -1
2019-09-24 19:14:18,635 [ForkJoinPool.commonPool-worker-1] INFO  impl.RaftServerImpl (ServerState.java:close(385)) - 4d8f17a5-2079-45c1-8233-e8f9fa301948@group-E41EBB7F3038: closes. applyIndex: -1
2019-09-24 19:14:18,635 [Thread-850] INFO  impl.FollowerState (FollowerState.java:run(115)) - 4d8f17a5-2079-45c1-8233-e8f9fa301948: FollowerState was interrupted: java.lang.InterruptedException: sleep interrupted
2019-09-24 19:14:18,635 [4d8f17a5-2079-45c1-8233-e8f9fa301948@group-E41EBB7F3038-SegmentedRaftLogWorker] INFO  segmented.SegmentedRaftLogWorker (SegmentedRaftLogWorker.java:run(313)) - 4d8f17a5-2079-45c1-8233-e8f9fa301948@group-E41EBB7F3038-SegmentedRaftLogWorker was interrupted, exiting. There are 0 tasks remaining in the queue.
2019-09-24 19:14:18,637 [ForkJoinPool.commonPool-worker-1] INFO  segmented.SegmentedRaftLogWorker (SegmentedRaftLogWorker.java:close(228)) - 4d8f17a5-2079-45c1-8233-e8f9fa301948@group-E41EBB7F3038-SegmentedRaftLogWorker close()
2019-09-24 19:14:18,639 [ForkJoinPool.commonPool-worker-1] INFO  server.GrpcService (GrpcService.java:closeImpl(164)) - 4d8f17a5-2079-45c1-8233-e8f9fa301948: shutdown server with port 37579 now
2019-09-24 19:14:18,643 [ForkJoinPool.commonPool-worker-1] INFO  server.GrpcService (GrpcService.java:closeImpl(172)) - 4d8f17a5-2079-45c1-8233-e8f9fa301948: shutdown server with port 37579 successfully
2019-09-24 19:14:18,647 [refreshUsed-/workdir/hadoop-ozone/integration-test/target/test-dir/MiniOzoneClusterImpl-927e61bf-33d4-4c72-9c6e-e846b22cd97e/datanode-2/data/containers] WARN  fs.CachingGetSpaceUsed (CachingGetSpaceUsed.java:run(183)) - Thread Interrupted waiting to refresh disk information: sleep interrupted
2019-09-24 19:14:18,657 [main] INFO  utils.BackgroundService (BackgroundService.java:shutdown(148)) - Shutting down service BlockDeletingService
2019-09-24 19:14:18,661 [main] INFO  statemachine.DatanodeStateMachine (DatanodeStateMachine.java:stopDaemon(395)) - Ozone container server stopped.
2019-09-24 19:14:18,662 [ForkJoinPool.commonPool-worker-1] INFO  utils.BackgroundService (BackgroundService.java:shutdown(148)) - Shutting down service BlockDeletingService
2019-09-24 19:14:18,662 [main] INFO  handler.ContextHandler (ContextHandler.java:doStop(910)) - Stopped o.e.j.w.WebAppContext@2abbd0d9{/,null,UNAVAILABLE}{/hddsDatanode}
2019-09-24 19:14:18,667 [ForkJoinPool.commonPool-worker-1] INFO  statemachine.DatanodeStateMachine (DatanodeStateMachine.java:stopDaemon(395)) - Ozone container server stopped.
2019-09-24 19:14:18,671 [main] INFO  server.AbstractConnector (AbstractConnector.java:doStop(318)) - Stopped ServerConnector@b61edb9{HTTP/1.1,[http/1.1]}{0.0.0.0:0}
2019-09-24 19:14:18,673 [ForkJoinPool.commonPool-worker-1] INFO  handler.ContextHandler (ContextHandler.java:doStop(910)) - Stopped o.e.j.w.WebAppContext@3f6bf8aa{/,null,UNAVAILABLE}{/hddsDatanode}
2019-09-24 19:14:18,673 [main] INFO  handler.ContextHandler (ContextHandler.java:doStop(910)) - Stopped o.e.j.s.ServletContextHandler@27443560{/static,jar:file:/home/user/.m2/repository/org/apache/hadoop/hadoop-hdds-container-service/0.5.0-SNAPSHOT/hadoop-hdds-container-service-0.5.0-SNAPSHOT.jar!/webapps/static,UNAVAILABLE}
2019-09-24 19:14:18,674 [ForkJoinPool.commonPool-worker-1] INFO  server.AbstractConnector (AbstractConnector.java:doStop(318)) - Stopped ServerConnector@13c8ac77{HTTP/1.1,[http/1.1]}{0.0.0.0:0}
2019-09-24 19:14:18,674 [main] INFO  handler.ContextHandler (ContextHandler.java:doStop(910)) - Stopped o.e.j.s.ServletContextHandler@5649d11a{/logs,file:///workdir/hadoop-ozone/integration-test/target/log,UNAVAILABLE}
2019-09-24 19:14:18,676 [ForkJoinPool.commonPool-worker-1] INFO  handler.ContextHandler (ContextHandler.java:doStop(910)) - Stopped o.e.j.s.ServletContextHandler@2f10f633{/static,jar:file:/home/user/.m2/repository/org/apache/hadoop/hadoop-hdds-container-service/0.5.0-SNAPSHOT/hadoop-hdds-container-service-0.5.0-SNAPSHOT.jar!/webapps/static,UNAVAILABLE}
2019-09-24 19:14:18,678 [ForkJoinPool.commonPool-worker-1] INFO  handler.ContextHandler (ContextHandler.java:doStop(910)) - Stopped o.e.j.s.ServletContextHandler@6088451e{/logs,file:///workdir/hadoop-ozone/integration-test/target/log,UNAVAILABLE}
2019-09-24 19:14:18,777 [Datanode State Machine Thread - 0] INFO  statemachine.DatanodeStateMachine (DatanodeStateMachine.java:lambda$startDaemon$0(350)) - Ozone container server started.
2019-09-24 19:14:18,993 [Datanode State Machine Thread - 0] INFO  statemachine.DatanodeStateMachine (DatanodeStateMachine.java:lambda$startDaemon$0(350)) - Ozone container server started.
2019-09-24 19:14:23,467 [Thread-831] INFO  impl.FollowerState (FollowerState.java:run(106)) - d65623be-04e3-433c-9af8-6934d2279f6c:group-B0DE2BEA193A changes to CANDIDATE, lastRpcTime:5008, electionTimeout:5008ms
2019-09-24 19:14:23,467 [Thread-831] INFO  impl.RoleInfo (RoleInfo.java:shutdownFollowerState(121)) - d65623be-04e3-433c-9af8-6934d2279f6c: shutdown FollowerState
2019-09-24 19:14:23,467 [Thread-831] INFO  impl.RaftServerImpl (RaftServerImpl.java:setRole(174)) - d65623be-04e3-433c-9af8-6934d2279f6c@group-B0DE2BEA193A: changes role from  FOLLOWER to CANDIDATE at term 4 for changeToCandidate
2019-09-24 19:14:23,467 [Thread-831] INFO  impl.RoleInfo (RoleInfo.java:updateAndGet(143)) - d65623be-04e3-433c-9af8-6934d2279f6c: start LeaderElection
2019-09-24 19:14:23,497 [d65623be-04e3-433c-9af8-6934d2279f6c@group-B0DE2BEA193A:LeaderElection46] INFO  impl.LeaderElection (LeaderElection.java:askForVotes(182)) - d65623be-04e3-433c-9af8-6934d2279f6c@group-B0DE2BEA193A:LeaderElection46: begin an election at term 5 for -1: [d65623be-04e3-433c-9af8-6934d2279f6c:192.168.5.148:36478, 2aad5506-4352-4587-a9d6-f1a315122139:192.168.5.148:34412, 4d8f17a5-2079-45c1-8233-e8f9fa301948:192.168.5.148:37579], old=null
2019-09-24 19:14:23,501 [d65623be-04e3-433c-9af8-6934d2279f6c@group-B0DE2BEA193A:LeaderElection46] INFO  impl.LeaderElection (LogUtils.java:infoOrTrace(149)) - d65623be-04e3-433c-9af8-6934d2279f6c@group-B0DE2BEA193A:LeaderElection46 got exception when requesting votes: {}
java.util.concurrent.ExecutionException: org.apache.ratis.thirdparty.io.grpc.StatusRuntimeException: UNAVAILABLE: io exception
	at java.util.concurrent.FutureTask.report(FutureTask.java:122)
	at java.util.concurrent.FutureTask.get(FutureTask.java:192)
	at org.apache.ratis.server.impl.LeaderElection.waitForResults(LeaderElection.java:263)
	at org.apache.ratis.server.impl.LeaderElection.askForVotes(LeaderElection.java:201)
	at org.apache.ratis.server.impl.LeaderElection.run(LeaderElection.java:133)
	at java.lang.Thread.run(Thread.java:748)
Caused by: org.apache.ratis.thirdparty.io.grpc.StatusRuntimeException: UNAVAILABLE: io exception
	at org.apache.ratis.thirdparty.io.grpc.stub.ClientCalls.toStatusRuntimeException(ClientCalls.java:233)
	at org.apache.ratis.thirdparty.io.grpc.stub.ClientCalls.getUnchecked(ClientCalls.java:214)
	at org.apache.ratis.thirdparty.io.grpc.stub.ClientCalls.blockingUnaryCall(ClientCalls.java:139)
	at org.apache.ratis.proto.grpc.RaftServerProtocolServiceGrpc$RaftServerProtocolServiceBlockingStub.requestVote(RaftServerProtocolServiceGrpc.java:265)
	at org.apache.ratis.grpc.server.GrpcServerProtocolClient.requestVote(GrpcServerProtocolClient.java:90)
	at org.apache.ratis.grpc.server.GrpcService.requestVote(GrpcService.java:204)
	at org.apache.ratis.server.impl.LeaderElection.lambda$submitRequests$1(LeaderElection.java:238)
	at java.util.concurrent.FutureTask.run(FutureTask.java:266)
	at java.util.concurrent.Executors$RunnableAdapter.call(Executors.java:511)
	at java.util.concurrent.FutureTask.run(FutureTask.java:266)
	at java.util.concurrent.ThreadPoolExecutor.runWorker(ThreadPoolExecutor.java:1149)
	at java.util.concurrent.ThreadPoolExecutor$Worker.run(ThreadPoolExecutor.java:624)
	... 1 more
Caused by: org.apache.ratis.thirdparty.io.netty.channel.AbstractChannel$AnnotatedConnectException: Connection refused: /192.168.5.148:34412
	at sun.nio.ch.SocketChannelImpl.checkConnect(Native Method)
	at sun.nio.ch.SocketChannelImpl.finishConnect(SocketChannelImpl.java:717)
	at org.apache.ratis.thirdparty.io.netty.channel.socket.nio.NioSocketChannel.doFinishConnect(NioSocketChannel.java:327)
	at org.apache.ratis.thirdparty.io.netty.channel.nio.AbstractNioChannel$AbstractNioUnsafe.finishConnect(AbstractNioChannel.java:340)
	at org.apache.ratis.thirdparty.io.netty.channel.nio.NioEventLoop.processSelectedKey(NioEventLoop.java:632)
	at org.apache.ratis.thirdparty.io.netty.channel.nio.NioEventLoop.processSelectedKeysOptimized(NioEventLoop.java:579)
	at org.apache.ratis.thirdparty.io.netty.channel.nio.NioEventLoop.processSelectedKeys(NioEventLoop.java:496)
	at org.apache.ratis.thirdparty.io.netty.channel.nio.NioEventLoop.run(NioEventLoop.java:458)
	at org.apache.ratis.thirdparty.io.netty.util.concurrent.SingleThreadEventExecutor$5.run(SingleThreadEventExecutor.java:897)
	at org.apache.ratis.thirdparty.io.netty.util.concurrent.FastThreadLocalRunnable.run(FastThreadLocalRunnable.java:30)
	... 1 more
Caused by: java.net.ConnectException: Connection refused
	... 11 more
2019-09-24 19:14:23,504 [Thread-839] INFO  impl.FollowerState (FollowerState.java:run(106)) - d65623be-04e3-433c-9af8-6934d2279f6c:group-E5528CAA5F29 changes to CANDIDATE, lastRpcTime:5004, electionTimeout:5004ms
2019-09-24 19:14:23,505 [d65623be-04e3-433c-9af8-6934d2279f6c@group-B0DE2BEA193A:LeaderElection46] INFO  impl.LeaderElection (LogUtils.java:infoOrTrace(149)) - d65623be-04e3-433c-9af8-6934d2279f6c@group-B0DE2BEA193A:LeaderElection46 got exception when requesting votes: {}
java.util.concurrent.ExecutionException: org.apache.ratis.thirdparty.io.grpc.StatusRuntimeException: UNAVAILABLE: io exception
	at java.util.concurrent.FutureTask.report(FutureTask.java:122)
	at java.util.concurrent.FutureTask.get(FutureTask.java:192)
	at org.apache.ratis.server.impl.LeaderElection.waitForResults(LeaderElection.java:263)
	at org.apache.ratis.server.impl.LeaderElection.askForVotes(LeaderElection.java:201)
	at org.apache.ratis.server.impl.LeaderElection.run(LeaderElection.java:133)
	at java.lang.Thread.run(Thread.java:748)
Caused by: org.apache.ratis.thirdparty.io.grpc.StatusRuntimeException: UNAVAILABLE: io exception
	at org.apache.ratis.thirdparty.io.grpc.stub.ClientCalls.toStatusRuntimeException(ClientCalls.java:233)
	at org.apache.ratis.thirdparty.io.grpc.stub.ClientCalls.getUnchecked(ClientCalls.java:214)
	at org.apache.ratis.thirdparty.io.grpc.stub.ClientCalls.blockingUnaryCall(ClientCalls.java:139)
	at org.apache.ratis.proto.grpc.RaftServerProtocolServiceGrpc$RaftServerProtocolServiceBlockingStub.requestVote(RaftServerProtocolServiceGrpc.java:265)
	at org.apache.ratis.grpc.server.GrpcServerProtocolClient.requestVote(GrpcServerProtocolClient.java:90)
	at org.apache.ratis.grpc.server.GrpcService.requestVote(GrpcService.java:204)
	at org.apache.ratis.server.impl.LeaderElection.lambda$submitRequests$1(LeaderElection.java:238)
	at java.util.concurrent.FutureTask.run(FutureTask.java:266)
	at java.util.concurrent.Executors$RunnableAdapter.call(Executors.java:511)
	at java.util.concurrent.FutureTask.run(FutureTask.java:266)
	at java.util.concurrent.ThreadPoolExecutor.runWorker(ThreadPoolExecutor.java:1149)
	at java.util.concurrent.ThreadPoolExecutor$Worker.run(ThreadPoolExecutor.java:624)
	... 1 more
Caused by: org.apache.ratis.thirdparty.io.netty.channel.AbstractChannel$AnnotatedConnectException: Connection refused: /192.168.5.148:37579
	at sun.nio.ch.SocketChannelImpl.checkConnect(Native Method)
	at sun.nio.ch.SocketChannelImpl.finishConnect(SocketChannelImpl.java:717)
	at org.apache.ratis.thirdparty.io.netty.channel.socket.nio.NioSocketChannel.doFinishConnect(NioSocketChannel.java:327)
	at org.apache.ratis.thirdparty.io.netty.channel.nio.AbstractNioChannel$AbstractNioUnsafe.finishConnect(AbstractNioChannel.java:340)
	at org.apache.ratis.thirdparty.io.netty.channel.nio.NioEventLoop.processSelectedKey(NioEventLoop.java:632)
	at org.apache.ratis.thirdparty.io.netty.channel.nio.NioEventLoop.processSelectedKeysOptimized(NioEventLoop.java:579)
	at org.apache.ratis.thirdparty.io.netty.channel.nio.NioEventLoop.processSelectedKeys(NioEventLoop.java:496)
	at org.apache.ratis.thirdparty.io.netty.channel.nio.NioEventLoop.run(NioEventLoop.java:458)
	at org.apache.ratis.thirdparty.io.netty.util.concurrent.SingleThreadEventExecutor$5.run(SingleThreadEventExecutor.java:897)
	at org.apache.ratis.thirdparty.io.netty.util.concurrent.FastThreadLocalRunnable.run(FastThreadLocalRunnable.java:30)
	... 1 more
Caused by: java.net.ConnectException: Connection refused
	... 11 more
2019-09-24 19:14:23,505 [Thread-839] INFO  impl.RoleInfo (RoleInfo.java:shutdownFollowerState(121)) - d65623be-04e3-433c-9af8-6934d2279f6c: shutdown FollowerState
2019-09-24 19:14:23,507 [d65623be-04e3-433c-9af8-6934d2279f6c@group-B0DE2BEA193A:LeaderElection46] INFO  impl.LeaderElection (LeaderElection.java:logAndReturn(56)) - d65623be-04e3-433c-9af8-6934d2279f6c@group-B0DE2BEA193A:LeaderElection46: Election REJECTED; received 0 response(s) [] and 2 exception(s); d65623be-04e3-433c-9af8-6934d2279f6c@group-B0DE2BEA193A:t5, leader=null, voted=d65623be-04e3-433c-9af8-6934d2279f6c, raftlog=d65623be-04e3-433c-9af8-6934d2279f6c@group-B0DE2BEA193A-SegmentedRaftLog:OPENED:c-1,f-1,i0, conf=-1: [d65623be-04e3-433c-9af8-6934d2279f6c:192.168.5.148:36478, 2aad5506-4352-4587-a9d6-f1a315122139:192.168.5.148:34412, 4d8f17a5-2079-45c1-8233-e8f9fa301948:192.168.5.148:37579], old=null
2019-09-24 19:14:23,507 [Thread-839] INFO  impl.RaftServerImpl (RaftServerImpl.java:setRole(174)) - d65623be-04e3-433c-9af8-6934d2279f6c@group-E5528CAA5F29: changes role from  FOLLOWER to CANDIDATE at term 0 for changeToCandidate
2019-09-24 19:14:23,507 [d65623be-04e3-433c-9af8-6934d2279f6c@group-B0DE2BEA193A:LeaderElection46] INFO  impl.LeaderElection (LogUtils.java:infoOrTrace(149)) -   Exception 0: {}
java.util.concurrent.ExecutionException: org.apache.ratis.thirdparty.io.grpc.StatusRuntimeException: UNAVAILABLE: io exception
	at java.util.concurrent.FutureTask.report(FutureTask.java:122)
	at java.util.concurrent.FutureTask.get(FutureTask.java:192)
	at org.apache.ratis.server.impl.LeaderElection.waitForResults(LeaderElection.java:263)
	at org.apache.ratis.server.impl.LeaderElection.askForVotes(LeaderElection.java:201)
	at org.apache.ratis.server.impl.LeaderElection.run(LeaderElection.java:133)
	at java.lang.Thread.run(Thread.java:748)
Caused by: org.apache.ratis.thirdparty.io.grpc.StatusRuntimeException: UNAVAILABLE: io exception
	at org.apache.ratis.thirdparty.io.grpc.stub.ClientCalls.toStatusRuntimeException(ClientCalls.java:233)
	at org.apache.ratis.thirdparty.io.grpc.stub.ClientCalls.getUnchecked(ClientCalls.java:214)
	at org.apache.ratis.thirdparty.io.grpc.stub.ClientCalls.blockingUnaryCall(ClientCalls.java:139)
	at org.apache.ratis.proto.grpc.RaftServerProtocolServiceGrpc$RaftServerProtocolServiceBlockingStub.requestVote(RaftServerProtocolServiceGrpc.java:265)
	at org.apache.ratis.grpc.server.GrpcServerProtocolClient.requestVote(GrpcServerProtocolClient.java:90)
	at org.apache.ratis.grpc.server.GrpcService.requestVote(GrpcService.java:204)
	at org.apache.ratis.server.impl.LeaderElection.lambda$submitRequests$1(LeaderElection.java:238)
	at java.util.concurrent.FutureTask.run(FutureTask.java:266)
	at java.util.concurrent.Executors$RunnableAdapter.call(Executors.java:511)
	at java.util.concurrent.FutureTask.run(FutureTask.java:266)
	at java.util.concurrent.ThreadPoolExecutor.runWorker(ThreadPoolExecutor.java:1149)
	at java.util.concurrent.ThreadPoolExecutor$Worker.run(ThreadPoolExecutor.java:624)
	... 1 more
Caused by: org.apache.ratis.thirdparty.io.netty.channel.AbstractChannel$AnnotatedConnectException: Connection refused: /192.168.5.148:34412
	at sun.nio.ch.SocketChannelImpl.checkConnect(Native Method)
	at sun.nio.ch.SocketChannelImpl.finishConnect(SocketChannelImpl.java:717)
	at org.apache.ratis.thirdparty.io.netty.channel.socket.nio.NioSocketChannel.doFinishConnect(NioSocketChannel.java:327)
	at org.apache.ratis.thirdparty.io.netty.channel.nio.AbstractNioChannel$AbstractNioUnsafe.finishConnect(AbstractNioChannel.java:340)
	at org.apache.ratis.thirdparty.io.netty.channel.nio.NioEventLoop.processSelectedKey(NioEventLoop.java:632)
	at org.apache.ratis.thirdparty.io.netty.channel.nio.NioEventLoop.processSelectedKeysOptimized(NioEventLoop.java:579)
	at org.apache.ratis.thirdparty.io.netty.channel.nio.NioEventLoop.processSelectedKeys(NioEventLoop.java:496)
	at org.apache.ratis.thirdparty.io.netty.channel.nio.NioEventLoop.run(NioEventLoop.java:458)
	at org.apache.ratis.thirdparty.io.netty.util.concurrent.SingleThreadEventExecutor$5.run(SingleThreadEventExecutor.java:897)
	at org.apache.ratis.thirdparty.io.netty.util.concurrent.FastThreadLocalRunnable.run(FastThreadLocalRunnable.java:30)
	... 1 more
Caused by: java.net.ConnectException: Connection refused
	... 11 more
2019-09-24 19:14:23,508 [Thread-839] INFO  impl.RoleInfo (RoleInfo.java:updateAndGet(143)) - d65623be-04e3-433c-9af8-6934d2279f6c: start LeaderElection
2019-09-24 19:14:23,509 [d65623be-04e3-433c-9af8-6934d2279f6c@group-B0DE2BEA193A:LeaderElection46] INFO  impl.LeaderElection (LogUtils.java:infoOrTrace(149)) -   Exception 1: {}
java.util.concurrent.ExecutionException: org.apache.ratis.thirdparty.io.grpc.StatusRuntimeException: UNAVAILABLE: io exception
	at java.util.concurrent.FutureTask.report(FutureTask.java:122)
	at java.util.concurrent.FutureTask.get(FutureTask.java:192)
	at org.apache.ratis.server.impl.LeaderElection.waitForResults(LeaderElection.java:263)
	at org.apache.ratis.server.impl.LeaderElection.askForVotes(LeaderElection.java:201)
	at org.apache.ratis.server.impl.LeaderElection.run(LeaderElection.java:133)
	at java.lang.Thread.run(Thread.java:748)
Caused by: org.apache.ratis.thirdparty.io.grpc.StatusRuntimeException: UNAVAILABLE: io exception
	at org.apache.ratis.thirdparty.io.grpc.stub.ClientCalls.toStatusRuntimeException(ClientCalls.java:233)
	at org.apache.ratis.thirdparty.io.grpc.stub.ClientCalls.getUnchecked(ClientCalls.java:214)
	at org.apache.ratis.thirdparty.io.grpc.stub.ClientCalls.blockingUnaryCall(ClientCalls.java:139)
	at org.apache.ratis.proto.grpc.RaftServerProtocolServiceGrpc$RaftServerProtocolServiceBlockingStub.requestVote(RaftServerProtocolServiceGrpc.java:265)
	at org.apache.ratis.grpc.server.GrpcServerProtocolClient.requestVote(GrpcServerProtocolClient.java:90)
	at org.apache.ratis.grpc.server.GrpcService.requestVote(GrpcService.java:204)
	at org.apache.ratis.server.impl.LeaderElection.lambda$submitRequests$1(LeaderElection.java:238)
	at java.util.concurrent.FutureTask.run(FutureTask.java:266)
	at java.util.concurrent.Executors$RunnableAdapter.call(Executors.java:511)
	at java.util.concurrent.FutureTask.run(FutureTask.java:266)
	at java.util.concurrent.ThreadPoolExecutor.runWorker(ThreadPoolExecutor.java:1149)
	at java.util.concurrent.ThreadPoolExecutor$Worker.run(ThreadPoolExecutor.java:624)
	... 1 more
Caused by: org.apache.ratis.thirdparty.io.netty.channel.AbstractChannel$AnnotatedConnectException: Connection refused: /192.168.5.148:37579
	at sun.nio.ch.SocketChannelImpl.checkConnect(Native Method)
	at sun.nio.ch.SocketChannelImpl.finishConnect(SocketChannelImpl.java:717)
	at org.apache.ratis.thirdparty.io.netty.channel.socket.nio.NioSocketChannel.doFinishConnect(NioSocketChannel.java:327)
	at org.apache.ratis.thirdparty.io.netty.channel.nio.AbstractNioChannel$AbstractNioUnsafe.finishConnect(AbstractNioChannel.java:340)
	at org.apache.ratis.thirdparty.io.netty.channel.nio.NioEventLoop.processSelectedKey(NioEventLoop.java:632)
	at org.apache.ratis.thirdparty.io.netty.channel.nio.NioEventLoop.processSelectedKeysOptimized(NioEventLoop.java:579)
	at org.apache.ratis.thirdparty.io.netty.channel.nio.NioEventLoop.processSelectedKeys(NioEventLoop.java:496)
	at org.apache.ratis.thirdparty.io.netty.channel.nio.NioEventLoop.run(NioEventLoop.java:458)
	at org.apache.ratis.thirdparty.io.netty.util.concurrent.SingleThreadEventExecutor$5.run(SingleThreadEventExecutor.java:897)
	at org.apache.ratis.thirdparty.io.netty.util.concurrent.FastThreadLocalRunnable.run(FastThreadLocalRunnable.java:30)
	... 1 more
Caused by: java.net.ConnectException: Connection refused
	... 11 more
2019-09-24 19:14:23,513 [d65623be-04e3-433c-9af8-6934d2279f6c@group-B0DE2BEA193A:LeaderElection46] INFO  impl.RaftServerImpl (RaftServerImpl.java:setRole(174)) - d65623be-04e3-433c-9af8-6934d2279f6c@group-B0DE2BEA193A: changes role from CANDIDATE to FOLLOWER at term 5 for DISCOVERED_A_NEW_TERM
2019-09-24 19:14:23,513 [d65623be-04e3-433c-9af8-6934d2279f6c@group-B0DE2BEA193A:LeaderElection46] INFO  impl.RoleInfo (RoleInfo.java:shutdownLeaderElection(134)) - d65623be-04e3-433c-9af8-6934d2279f6c: shutdown LeaderElection
2019-09-24 19:14:23,513 [d65623be-04e3-433c-9af8-6934d2279f6c@group-B0DE2BEA193A:LeaderElection46] INFO  impl.RoleInfo (RoleInfo.java:updateAndGet(143)) - d65623be-04e3-433c-9af8-6934d2279f6c: start FollowerState
2019-09-24 19:14:23,534 [d65623be-04e3-433c-9af8-6934d2279f6c@group-E5528CAA5F29:LeaderElection47] INFO  impl.LeaderElection (LeaderElection.java:askForVotes(182)) - d65623be-04e3-433c-9af8-6934d2279f6c@group-E5528CAA5F29:LeaderElection47: begin an election at term 1 for -1: [d65623be-04e3-433c-9af8-6934d2279f6c:192.168.5.148:36478, 2aad5506-4352-4587-a9d6-f1a315122139:192.168.5.148:34412, 4d8f17a5-2079-45c1-8233-e8f9fa301948:192.168.5.148:37579], old=null
2019-09-24 19:14:23,535 [d65623be-04e3-433c-9af8-6934d2279f6c@group-E5528CAA5F29:LeaderElection47] INFO  impl.LeaderElection (LogUtils.java:infoOrTrace(149)) - d65623be-04e3-433c-9af8-6934d2279f6c@group-E5528CAA5F29:LeaderElection47 got exception when requesting votes: {}
java.util.concurrent.ExecutionException: org.apache.ratis.thirdparty.io.grpc.StatusRuntimeException: UNAVAILABLE: io exception
	at java.util.concurrent.FutureTask.report(FutureTask.java:122)
	at java.util.concurrent.FutureTask.get(FutureTask.java:192)
	at org.apache.ratis.server.impl.LeaderElection.waitForResults(LeaderElection.java:263)
	at org.apache.ratis.server.impl.LeaderElection.askForVotes(LeaderElection.java:201)
	at org.apache.ratis.server.impl.LeaderElection.run(LeaderElection.java:133)
	at java.lang.Thread.run(Thread.java:748)
Caused by: org.apache.ratis.thirdparty.io.grpc.StatusRuntimeException: UNAVAILABLE: io exception
	at org.apache.ratis.thirdparty.io.grpc.stub.ClientCalls.toStatusRuntimeException(ClientCalls.java:233)
	at org.apache.ratis.thirdparty.io.grpc.stub.ClientCalls.getUnchecked(ClientCalls.java:214)
	at org.apache.ratis.thirdparty.io.grpc.stub.ClientCalls.blockingUnaryCall(ClientCalls.java:139)
	at org.apache.ratis.proto.grpc.RaftServerProtocolServiceGrpc$RaftServerProtocolServiceBlockingStub.requestVote(RaftServerProtocolServiceGrpc.java:265)
	at org.apache.ratis.grpc.server.GrpcServerProtocolClient.requestVote(GrpcServerProtocolClient.java:90)
	at org.apache.ratis.grpc.server.GrpcService.requestVote(GrpcService.java:204)
	at org.apache.ratis.server.impl.LeaderElection.lambda$submitRequests$1(LeaderElection.java:238)
	at java.util.concurrent.FutureTask.run(FutureTask.java:266)
	at java.util.concurrent.Executors$RunnableAdapter.call(Executors.java:511)
	at java.util.concurrent.FutureTask.run(FutureTask.java:266)
	at java.util.concurrent.ThreadPoolExecutor.runWorker(ThreadPoolExecutor.java:1149)
	at java.util.concurrent.ThreadPoolExecutor$Worker.run(ThreadPoolExecutor.java:624)
	... 1 more
Caused by: org.apache.ratis.thirdparty.io.netty.channel.AbstractChannel$AnnotatedConnectException: Connection refused: /192.168.5.148:37579
	at sun.nio.ch.SocketChannelImpl.checkConnect(Native Method)
	at sun.nio.ch.SocketChannelImpl.finishConnect(SocketChannelImpl.java:717)
	at org.apache.ratis.thirdparty.io.netty.channel.socket.nio.NioSocketChannel.doFinishConnect(NioSocketChannel.java:327)
	at org.apache.ratis.thirdparty.io.netty.channel.nio.AbstractNioChannel$AbstractNioUnsafe.finishConnect(AbstractNioChannel.java:340)
	at org.apache.ratis.thirdparty.io.netty.channel.nio.NioEventLoop.processSelectedKey(NioEventLoop.java:632)
	at org.apache.ratis.thirdparty.io.netty.channel.nio.NioEventLoop.processSelectedKeysOptimized(NioEventLoop.java:579)
	at org.apache.ratis.thirdparty.io.netty.channel.nio.NioEventLoop.processSelectedKeys(NioEventLoop.java:496)
	at org.apache.ratis.thirdparty.io.netty.channel.nio.NioEventLoop.run(NioEventLoop.java:458)
	at org.apache.ratis.thirdparty.io.netty.util.concurrent.SingleThreadEventExecutor$5.run(SingleThreadEventExecutor.java:897)
	at org.apache.ratis.thirdparty.io.netty.util.concurrent.FastThreadLocalRunnable.run(FastThreadLocalRunnable.java:30)
	... 1 more
Caused by: java.net.ConnectException: Connection refused
	... 11 more
2019-09-24 19:14:23,537 [d65623be-04e3-433c-9af8-6934d2279f6c@group-E5528CAA5F29:LeaderElection47] INFO  impl.LeaderElection (LogUtils.java:infoOrTrace(149)) - d65623be-04e3-433c-9af8-6934d2279f6c@group-E5528CAA5F29:LeaderElection47 got exception when requesting votes: {}
java.util.concurrent.ExecutionException: org.apache.ratis.thirdparty.io.grpc.StatusRuntimeException: UNAVAILABLE: io exception
	at java.util.concurrent.FutureTask.report(FutureTask.java:122)
	at java.util.concurrent.FutureTask.get(FutureTask.java:192)
	at org.apache.ratis.server.impl.LeaderElection.waitForResults(LeaderElection.java:263)
	at org.apache.ratis.server.impl.LeaderElection.askForVotes(LeaderElection.java:201)
	at org.apache.ratis.server.impl.LeaderElection.run(LeaderElection.java:133)
	at java.lang.Thread.run(Thread.java:748)
Caused by: org.apache.ratis.thirdparty.io.grpc.StatusRuntimeException: UNAVAILABLE: io exception
	at org.apache.ratis.thirdparty.io.grpc.stub.ClientCalls.toStatusRuntimeException(ClientCalls.java:233)
	at org.apache.ratis.thirdparty.io.grpc.stub.ClientCalls.getUnchecked(ClientCalls.java:214)
	at org.apache.ratis.thirdparty.io.grpc.stub.ClientCalls.blockingUnaryCall(ClientCalls.java:139)
	at org.apache.ratis.proto.grpc.RaftServerProtocolServiceGrpc$RaftServerProtocolServiceBlockingStub.requestVote(RaftServerProtocolServiceGrpc.java:265)
	at org.apache.ratis.grpc.server.GrpcServerProtocolClient.requestVote(GrpcServerProtocolClient.java:90)
	at org.apache.ratis.grpc.server.GrpcService.requestVote(GrpcService.java:204)
	at org.apache.ratis.server.impl.LeaderElection.lambda$submitRequests$1(LeaderElection.java:238)
	at java.util.concurrent.FutureTask.run(FutureTask.java:266)
	at java.util.concurrent.Executors$RunnableAdapter.call(Executors.java:511)
	at java.util.concurrent.FutureTask.run(FutureTask.java:266)
	at java.util.concurrent.ThreadPoolExecutor.runWorker(ThreadPoolExecutor.java:1149)
	at java.util.concurrent.ThreadPoolExecutor$Worker.run(ThreadPoolExecutor.java:624)
	... 1 more
Caused by: org.apache.ratis.thirdparty.io.netty.channel.AbstractChannel$AnnotatedConnectException: Connection refused: /192.168.5.148:34412
	at sun.nio.ch.SocketChannelImpl.checkConnect(Native Method)
	at sun.nio.ch.SocketChannelImpl.finishConnect(SocketChannelImpl.java:717)
	at org.apache.ratis.thirdparty.io.netty.channel.socket.nio.NioSocketChannel.doFinishConnect(NioSocketChannel.java:327)
	at org.apache.ratis.thirdparty.io.netty.channel.nio.AbstractNioChannel$AbstractNioUnsafe.finishConnect(AbstractNioChannel.java:340)
	at org.apache.ratis.thirdparty.io.netty.channel.nio.NioEventLoop.processSelectedKey(NioEventLoop.java:632)
	at org.apache.ratis.thirdparty.io.netty.channel.nio.NioEventLoop.processSelectedKeysOptimized(NioEventLoop.java:579)
	at org.apache.ratis.thirdparty.io.netty.channel.nio.NioEventLoop.processSelectedKeys(NioEventLoop.java:496)
	at org.apache.ratis.thirdparty.io.netty.channel.nio.NioEventLoop.run(NioEventLoop.java:458)
	at org.apache.ratis.thirdparty.io.netty.util.concurrent.SingleThreadEventExecutor$5.run(SingleThreadEventExecutor.java:897)
	at org.apache.ratis.thirdparty.io.netty.util.concurrent.FastThreadLocalRunnable.run(FastThreadLocalRunnable.java:30)
	... 1 more
Caused by: java.net.ConnectException: Connection refused
	... 11 more
2019-09-24 19:14:23,539 [d65623be-04e3-433c-9af8-6934d2279f6c@group-E5528CAA5F29:LeaderElection47] INFO  impl.LeaderElection (LeaderElection.java:logAndReturn(56)) - d65623be-04e3-433c-9af8-6934d2279f6c@group-E5528CAA5F29:LeaderElection47: Election REJECTED; received 0 response(s) [] and 2 exception(s); d65623be-04e3-433c-9af8-6934d2279f6c@group-E5528CAA5F29:t1, leader=null, voted=d65623be-04e3-433c-9af8-6934d2279f6c, raftlog=d65623be-04e3-433c-9af8-6934d2279f6c@group-E5528CAA5F29-SegmentedRaftLog:OPENED:c-1,f-1,i0, conf=-1: [d65623be-04e3-433c-9af8-6934d2279f6c:192.168.5.148:36478, 2aad5506-4352-4587-a9d6-f1a315122139:192.168.5.148:34412, 4d8f17a5-2079-45c1-8233-e8f9fa301948:192.168.5.148:37579], old=null
2019-09-24 19:14:23,540 [d65623be-04e3-433c-9af8-6934d2279f6c@group-E5528CAA5F29:LeaderElection47] INFO  impl.LeaderElection (LogUtils.java:infoOrTrace(149)) -   Exception 0: {}
java.util.concurrent.ExecutionException: org.apache.ratis.thirdparty.io.grpc.StatusRuntimeException: UNAVAILABLE: io exception
	at java.util.concurrent.FutureTask.report(FutureTask.java:122)
	at java.util.concurrent.FutureTask.get(FutureTask.java:192)
	at org.apache.ratis.server.impl.LeaderElection.waitForResults(LeaderElection.java:263)
	at org.apache.ratis.server.impl.LeaderElection.askForVotes(LeaderElection.java:201)
	at org.apache.ratis.server.impl.LeaderElection.run(LeaderElection.java:133)
	at java.lang.Thread.run(Thread.java:748)
Caused by: org.apache.ratis.thirdparty.io.grpc.StatusRuntimeException: UNAVAILABLE: io exception
	at org.apache.ratis.thirdparty.io.grpc.stub.ClientCalls.toStatusRuntimeException(ClientCalls.java:233)
	at org.apache.ratis.thirdparty.io.grpc.stub.ClientCalls.getUnchecked(ClientCalls.java:214)
	at org.apache.ratis.thirdparty.io.grpc.stub.ClientCalls.blockingUnaryCall(ClientCalls.java:139)
	at org.apache.ratis.proto.grpc.RaftServerProtocolServiceGrpc$RaftServerProtocolServiceBlockingStub.requestVote(RaftServerProtocolServiceGrpc.java:265)
	at org.apache.ratis.grpc.server.GrpcServerProtocolClient.requestVote(GrpcServerProtocolClient.java:90)
	at org.apache.ratis.grpc.server.GrpcService.requestVote(GrpcService.java:204)
	at org.apache.ratis.server.impl.LeaderElection.lambda$submitRequests$1(LeaderElection.java:238)
	at java.util.concurrent.FutureTask.run(FutureTask.java:266)
	at java.util.concurrent.Executors$RunnableAdapter.call(Executors.java:511)
	at java.util.concurrent.FutureTask.run(FutureTask.java:266)
	at java.util.concurrent.ThreadPoolExecutor.runWorker(ThreadPoolExecutor.java:1149)
	at java.util.concurrent.ThreadPoolExecutor$Worker.run(ThreadPoolExecutor.java:624)
	... 1 more
Caused by: org.apache.ratis.thirdparty.io.netty.channel.AbstractChannel$AnnotatedConnectException: Connection refused: /192.168.5.148:37579
	at sun.nio.ch.SocketChannelImpl.checkConnect(Native Method)
	at sun.nio.ch.SocketChannelImpl.finishConnect(SocketChannelImpl.java:717)
	at org.apache.ratis.thirdparty.io.netty.channel.socket.nio.NioSocketChannel.doFinishConnect(NioSocketChannel.java:327)
	at org.apache.ratis.thirdparty.io.netty.channel.nio.AbstractNioChannel$AbstractNioUnsafe.finishConnect(AbstractNioChannel.java:340)
	at org.apache.ratis.thirdparty.io.netty.channel.nio.NioEventLoop.processSelectedKey(NioEventLoop.java:632)
	at org.apache.ratis.thirdparty.io.netty.channel.nio.NioEventLoop.processSelectedKeysOptimized(NioEventLoop.java:579)
	at org.apache.ratis.thirdparty.io.netty.channel.nio.NioEventLoop.processSelectedKeys(NioEventLoop.java:496)
	at org.apache.ratis.thirdparty.io.netty.channel.nio.NioEventLoop.run(NioEventLoop.java:458)
	at org.apache.ratis.thirdparty.io.netty.util.concurrent.SingleThreadEventExecutor$5.run(SingleThreadEventExecutor.java:897)
	at org.apache.ratis.thirdparty.io.netty.util.concurrent.FastThreadLocalRunnable.run(FastThreadLocalRunnable.java:30)
	... 1 more
Caused by: java.net.ConnectException: Connection refused
	... 11 more
2019-09-24 19:14:23,540 [d65623be-04e3-433c-9af8-6934d2279f6c@group-E5528CAA5F29:LeaderElection47] INFO  impl.LeaderElection (LogUtils.java:infoOrTrace(149)) -   Exception 1: {}
java.util.concurrent.ExecutionException: org.apache.ratis.thirdparty.io.grpc.StatusRuntimeException: UNAVAILABLE: io exception
	at java.util.concurrent.FutureTask.report(FutureTask.java:122)
	at java.util.concurrent.FutureTask.get(FutureTask.java:192)
	at org.apache.ratis.server.impl.LeaderElection.waitForResults(LeaderElection.java:263)
	at org.apache.ratis.server.impl.LeaderElection.askForVotes(LeaderElection.java:201)
	at org.apache.ratis.server.impl.LeaderElection.run(LeaderElection.java:133)
	at java.lang.Thread.run(Thread.java:748)
Caused by: org.apache.ratis.thirdparty.io.grpc.StatusRuntimeException: UNAVAILABLE: io exception
	at org.apache.ratis.thirdparty.io.grpc.stub.ClientCalls.toStatusRuntimeException(ClientCalls.java:233)
	at org.apache.ratis.thirdparty.io.grpc.stub.ClientCalls.getUnchecked(ClientCalls.java:214)
	at org.apache.ratis.thirdparty.io.grpc.stub.ClientCalls.blockingUnaryCall(ClientCalls.java:139)
	at org.apache.ratis.proto.grpc.RaftServerProtocolServiceGrpc$RaftServerProtocolServiceBlockingStub.requestVote(RaftServerProtocolServiceGrpc.java:265)
	at org.apache.ratis.grpc.server.GrpcServerProtocolClient.requestVote(GrpcServerProtocolClient.java:90)
	at org.apache.ratis.grpc.server.GrpcService.requestVote(GrpcService.java:204)
	at org.apache.ratis.server.impl.LeaderElection.lambda$submitRequests$1(LeaderElection.java:238)
	at java.util.concurrent.FutureTask.run(FutureTask.java:266)
	at java.util.concurrent.Executors$RunnableAdapter.call(Executors.java:511)
	at java.util.concurrent.FutureTask.run(FutureTask.java:266)
	at java.util.concurrent.ThreadPoolExecutor.runWorker(ThreadPoolExecutor.java:1149)
	at java.util.concurrent.ThreadPoolExecutor$Worker.run(ThreadPoolExecutor.java:624)
	... 1 more
Caused by: org.apache.ratis.thirdparty.io.netty.channel.AbstractChannel$AnnotatedConnectException: Connection refused: /192.168.5.148:34412
	at sun.nio.ch.SocketChannelImpl.checkConnect(Native Method)
	at sun.nio.ch.SocketChannelImpl.finishConnect(SocketChannelImpl.java:717)
	at org.apache.ratis.thirdparty.io.netty.channel.socket.nio.NioSocketChannel.doFinishConnect(NioSocketChannel.java:327)
	at org.apache.ratis.thirdparty.io.netty.channel.nio.AbstractNioChannel$AbstractNioUnsafe.finishConnect(AbstractNioChannel.java:340)
	at org.apache.ratis.thirdparty.io.netty.channel.nio.NioEventLoop.processSelectedKey(NioEventLoop.java:632)
	at org.apache.ratis.thirdparty.io.netty.channel.nio.NioEventLoop.processSelectedKeysOptimized(NioEventLoop.java:579)
	at org.apache.ratis.thirdparty.io.netty.channel.nio.NioEventLoop.processSelectedKeys(NioEventLoop.java:496)
	at org.apache.ratis.thirdparty.io.netty.channel.nio.NioEventLoop.run(NioEventLoop.java:458)
	at org.apache.ratis.thirdparty.io.netty.util.concurrent.SingleThreadEventExecutor$5.run(SingleThreadEventExecutor.java:897)
	at org.apache.ratis.thirdparty.io.netty.util.concurrent.FastThreadLocalRunnable.run(FastThreadLocalRunnable.java:30)
	... 1 more
Caused by: java.net.ConnectException: Connection refused
	... 11 more
2019-09-24 19:14:23,541 [d65623be-04e3-433c-9af8-6934d2279f6c@group-E5528CAA5F29:LeaderElection47] INFO  impl.RaftServerImpl (RaftServerImpl.java:setRole(174)) - d65623be-04e3-433c-9af8-6934d2279f6c@group-E5528CAA5F29: changes role from CANDIDATE to FOLLOWER at term 1 for DISCOVERED_A_NEW_TERM
2019-09-24 19:14:23,541 [d65623be-04e3-433c-9af8-6934d2279f6c@group-E5528CAA5F29:LeaderElection47] INFO  impl.RoleInfo (RoleInfo.java:shutdownLeaderElection(134)) - d65623be-04e3-433c-9af8-6934d2279f6c: shutdown LeaderElection
2019-09-24 19:14:23,541 [d65623be-04e3-433c-9af8-6934d2279f6c@group-E5528CAA5F29:LeaderElection47] INFO  impl.RoleInfo (RoleInfo.java:updateAndGet(143)) - d65623be-04e3-433c-9af8-6934d2279f6c: start FollowerState
2019-09-24 19:14:23,595 [Thread-852] INFO  impl.FollowerState (FollowerState.java:run(106)) - d65623be-04e3-433c-9af8-6934d2279f6c:group-7A54B0AAA595 changes to CANDIDATE, lastRpcTime:5011, electionTimeout:5010ms
2019-09-24 19:14:23,597 [Thread-852] INFO  impl.RoleInfo (RoleInfo.java:shutdownFollowerState(121)) - d65623be-04e3-433c-9af8-6934d2279f6c: shutdown FollowerState
2019-09-24 19:14:23,597 [Thread-852] INFO  impl.RaftServerImpl (RaftServerImpl.java:setRole(174)) - d65623be-04e3-433c-9af8-6934d2279f6c@group-7A54B0AAA595: changes role from  FOLLOWER to CANDIDATE at term 0 for changeToCandidate
2019-09-24 19:14:23,597 [Thread-852] INFO  impl.RoleInfo (RoleInfo.java:updateAndGet(143)) - d65623be-04e3-433c-9af8-6934d2279f6c: start LeaderElection
2019-09-24 19:14:23,603 [Thread-855] INFO  impl.FollowerState (FollowerState.java:run(106)) - d65623be-04e3-433c-9af8-6934d2279f6c:group-A86B03FCFDE6 changes to CANDIDATE, lastRpcTime:5007, electionTimeout:5003ms
2019-09-24 19:14:23,604 [Thread-855] INFO  impl.RoleInfo (RoleInfo.java:shutdownFollowerState(121)) - d65623be-04e3-433c-9af8-6934d2279f6c: shutdown FollowerState
2019-09-24 19:14:23,604 [Thread-855] INFO  impl.RaftServerImpl (RaftServerImpl.java:setRole(174)) - d65623be-04e3-433c-9af8-6934d2279f6c@group-A86B03FCFDE6: changes role from  FOLLOWER to CANDIDATE at term 0 for changeToCandidate
2019-09-24 19:14:23,604 [Thread-855] INFO  impl.RoleInfo (RoleInfo.java:updateAndGet(143)) - d65623be-04e3-433c-9af8-6934d2279f6c: start LeaderElection
2019-09-24 19:14:23,621 [Thread-857] INFO  impl.FollowerState (FollowerState.java:run(106)) - d65623be-04e3-433c-9af8-6934d2279f6c:group-7A38BE0F8EED changes to CANDIDATE, lastRpcTime:5019, electionTimeout:5016ms
2019-09-24 19:14:23,621 [Thread-857] INFO  impl.RoleInfo (RoleInfo.java:shutdownFollowerState(121)) - d65623be-04e3-433c-9af8-6934d2279f6c: shutdown FollowerState
2019-09-24 19:14:23,621 [Thread-857] INFO  impl.RaftServerImpl (RaftServerImpl.java:setRole(174)) - d65623be-04e3-433c-9af8-6934d2279f6c@group-7A38BE0F8EED: changes role from  FOLLOWER to CANDIDATE at term 0 for changeToCandidate
2019-09-24 19:14:23,621 [Thread-857] INFO  impl.RoleInfo (RoleInfo.java:updateAndGet(143)) - d65623be-04e3-433c-9af8-6934d2279f6c: start LeaderElection
2019-09-24 19:14:23,625 [d65623be-04e3-433c-9af8-6934d2279f6c@group-7A54B0AAA595:LeaderElection48] INFO  impl.LeaderElection (LeaderElection.java:askForVotes(182)) - d65623be-04e3-433c-9af8-6934d2279f6c@group-7A54B0AAA595:LeaderElection48: begin an election at term 1 for -1: [d65623be-04e3-433c-9af8-6934d2279f6c:192.168.5.148:36478, 2aad5506-4352-4587-a9d6-f1a315122139:192.168.5.148:34412, 4d8f17a5-2079-45c1-8233-e8f9fa301948:192.168.5.148:37579], old=null
2019-09-24 19:14:23,625 [d65623be-04e3-433c-9af8-6934d2279f6c@group-A86B03FCFDE6:LeaderElection49] INFO  impl.LeaderElection (LeaderElection.java:askForVotes(182)) - d65623be-04e3-433c-9af8-6934d2279f6c@group-A86B03FCFDE6:LeaderElection49: begin an election at term 1 for -1: [d65623be-04e3-433c-9af8-6934d2279f6c:192.168.5.148:36478, 2aad5506-4352-4587-a9d6-f1a315122139:192.168.5.148:34412, 4d8f17a5-2079-45c1-8233-e8f9fa301948:192.168.5.148:37579], old=null
2019-09-24 19:14:23,626 [d65623be-04e3-433c-9af8-6934d2279f6c@group-7A54B0AAA595:LeaderElection48] INFO  impl.LeaderElection (LogUtils.java:infoOrTrace(149)) - d65623be-04e3-433c-9af8-6934d2279f6c@group-7A54B0AAA595:LeaderElection48 got exception when requesting votes: {}
java.util.concurrent.ExecutionException: org.apache.ratis.thirdparty.io.grpc.StatusRuntimeException: UNAVAILABLE: io exception
	at java.util.concurrent.FutureTask.report(FutureTask.java:122)
	at java.util.concurrent.FutureTask.get(FutureTask.java:192)
	at org.apache.ratis.server.impl.LeaderElection.waitForResults(LeaderElection.java:263)
	at org.apache.ratis.server.impl.LeaderElection.askForVotes(LeaderElection.java:201)
	at org.apache.ratis.server.impl.LeaderElection.run(LeaderElection.java:133)
	at java.lang.Thread.run(Thread.java:748)
Caused by: org.apache.ratis.thirdparty.io.grpc.StatusRuntimeException: UNAVAILABLE: io exception
	at org.apache.ratis.thirdparty.io.grpc.stub.ClientCalls.toStatusRuntimeException(ClientCalls.java:233)
	at org.apache.ratis.thirdparty.io.grpc.stub.ClientCalls.getUnchecked(ClientCalls.java:214)
	at org.apache.ratis.thirdparty.io.grpc.stub.ClientCalls.blockingUnaryCall(ClientCalls.java:139)
	at org.apache.ratis.proto.grpc.RaftServerProtocolServiceGrpc$RaftServerProtocolServiceBlockingStub.requestVote(RaftServerProtocolServiceGrpc.java:265)
	at org.apache.ratis.grpc.server.GrpcServerProtocolClient.requestVote(GrpcServerProtocolClient.java:90)
	at org.apache.ratis.grpc.server.GrpcService.requestVote(GrpcService.java:204)
	at org.apache.ratis.server.impl.LeaderElection.lambda$submitRequests$1(LeaderElection.java:238)
	at java.util.concurrent.FutureTask.run(FutureTask.java:266)
	at java.util.concurrent.Executors$RunnableAdapter.call(Executors.java:511)
	at java.util.concurrent.FutureTask.run(FutureTask.java:266)
	at java.util.concurrent.ThreadPoolExecutor.runWorker(ThreadPoolExecutor.java:1149)
	at java.util.concurrent.ThreadPoolExecutor$Worker.run(ThreadPoolExecutor.java:624)
	... 1 more
Caused by: org.apache.ratis.thirdparty.io.netty.channel.AbstractChannel$AnnotatedConnectException: Connection refused: /192.168.5.148:34412
	at sun.nio.ch.SocketChannelImpl.checkConnect(Native Method)
	at sun.nio.ch.SocketChannelImpl.finishConnect(SocketChannelImpl.java:717)
	at org.apache.ratis.thirdparty.io.netty.channel.socket.nio.NioSocketChannel.doFinishConnect(NioSocketChannel.java:327)
	at org.apache.ratis.thirdparty.io.netty.channel.nio.AbstractNioChannel$AbstractNioUnsafe.finishConnect(AbstractNioChannel.java:340)
	at org.apache.ratis.thirdparty.io.netty.channel.nio.NioEventLoop.processSelectedKey(NioEventLoop.java:632)
	at org.apache.ratis.thirdparty.io.netty.channel.nio.NioEventLoop.processSelectedKeysOptimized(NioEventLoop.java:579)
	at org.apache.ratis.thirdparty.io.netty.channel.nio.NioEventLoop.processSelectedKeys(NioEventLoop.java:496)
	at org.apache.ratis.thirdparty.io.netty.channel.nio.NioEventLoop.run(NioEventLoop.java:458)
	at org.apache.ratis.thirdparty.io.netty.util.concurrent.SingleThreadEventExecutor$5.run(SingleThreadEventExecutor.java:897)
	at org.apache.ratis.thirdparty.io.netty.util.concurrent.FastThreadLocalRunnable.run(FastThreadLocalRunnable.java:30)
	... 1 more
Caused by: java.net.ConnectException: Connection refused
	... 11 more
2019-09-24 19:14:23,627 [d65623be-04e3-433c-9af8-6934d2279f6c@group-A86B03FCFDE6:LeaderElection49] INFO  impl.LeaderElection (LogUtils.java:infoOrTrace(149)) - d65623be-04e3-433c-9af8-6934d2279f6c@group-A86B03FCFDE6:LeaderElection49 got exception when requesting votes: {}
java.util.concurrent.ExecutionException: org.apache.ratis.thirdparty.io.grpc.StatusRuntimeException: UNAVAILABLE: io exception
	at java.util.concurrent.FutureTask.report(FutureTask.java:122)
	at java.util.concurrent.FutureTask.get(FutureTask.java:192)
	at org.apache.ratis.server.impl.LeaderElection.waitForResults(LeaderElection.java:263)
	at org.apache.ratis.server.impl.LeaderElection.askForVotes(LeaderElection.java:201)
	at org.apache.ratis.server.impl.LeaderElection.run(LeaderElection.java:133)
	at java.lang.Thread.run(Thread.java:748)
Caused by: org.apache.ratis.thirdparty.io.grpc.StatusRuntimeException: UNAVAILABLE: io exception
	at org.apache.ratis.thirdparty.io.grpc.stub.ClientCalls.toStatusRuntimeException(ClientCalls.java:233)
	at org.apache.ratis.thirdparty.io.grpc.stub.ClientCalls.getUnchecked(ClientCalls.java:214)
	at org.apache.ratis.thirdparty.io.grpc.stub.ClientCalls.blockingUnaryCall(ClientCalls.java:139)
	at org.apache.ratis.proto.grpc.RaftServerProtocolServiceGrpc$RaftServerProtocolServiceBlockingStub.requestVote(RaftServerProtocolServiceGrpc.java:265)
	at org.apache.ratis.grpc.server.GrpcServerProtocolClient.requestVote(GrpcServerProtocolClient.java:90)
	at org.apache.ratis.grpc.server.GrpcService.requestVote(GrpcService.java:204)
	at org.apache.ratis.server.impl.LeaderElection.lambda$submitRequests$1(LeaderElection.java:238)
	at java.util.concurrent.FutureTask.run(FutureTask.java:266)
	at java.util.concurrent.Executors$RunnableAdapter.call(Executors.java:511)
	at java.util.concurrent.FutureTask.run(FutureTask.java:266)
	at java.util.concurrent.ThreadPoolExecutor.runWorker(ThreadPoolExecutor.java:1149)
	at java.util.concurrent.ThreadPoolExecutor$Worker.run(ThreadPoolExecutor.java:624)
	... 1 more
Caused by: org.apache.ratis.thirdparty.io.netty.channel.AbstractChannel$AnnotatedConnectException: Connection refused: /192.168.5.148:34412
	at sun.nio.ch.SocketChannelImpl.checkConnect(Native Method)
	at sun.nio.ch.SocketChannelImpl.finishConnect(SocketChannelImpl.java:717)
	at org.apache.ratis.thirdparty.io.netty.channel.socket.nio.NioSocketChannel.doFinishConnect(NioSocketChannel.java:327)
	at org.apache.ratis.thirdparty.io.netty.channel.nio.AbstractNioChannel$AbstractNioUnsafe.finishConnect(AbstractNioChannel.java:340)
	at org.apache.ratis.thirdparty.io.netty.channel.nio.NioEventLoop.processSelectedKey(NioEventLoop.java:632)
	at org.apache.ratis.thirdparty.io.netty.channel.nio.NioEventLoop.processSelectedKeysOptimized(NioEventLoop.java:579)
	at org.apache.ratis.thirdparty.io.netty.channel.nio.NioEventLoop.processSelectedKeys(NioEventLoop.java:496)
	at org.apache.ratis.thirdparty.io.netty.channel.nio.NioEventLoop.run(NioEventLoop.java:458)
	at org.apache.ratis.thirdparty.io.netty.util.concurrent.SingleThreadEventExecutor$5.run(SingleThreadEventExecutor.java:897)
	at org.apache.ratis.thirdparty.io.netty.util.concurrent.FastThreadLocalRunnable.run(FastThreadLocalRunnable.java:30)
	... 1 more
Caused by: java.net.ConnectException: Connection refused
	... 11 more
2019-09-24 19:14:23,629 [d65623be-04e3-433c-9af8-6934d2279f6c@group-7A54B0AAA595:LeaderElection48] INFO  impl.LeaderElection (LogUtils.java:infoOrTrace(149)) - d65623be-04e3-433c-9af8-6934d2279f6c@group-7A54B0AAA595:LeaderElection48 got exception when requesting votes: {}
java.util.concurrent.ExecutionException: org.apache.ratis.thirdparty.io.grpc.StatusRuntimeException: UNAVAILABLE: io exception
	at java.util.concurrent.FutureTask.report(FutureTask.java:122)
	at java.util.concurrent.FutureTask.get(FutureTask.java:192)
	at org.apache.ratis.server.impl.LeaderElection.waitForResults(LeaderElection.java:263)
	at org.apache.ratis.server.impl.LeaderElection.askForVotes(LeaderElection.java:201)
	at org.apache.ratis.server.impl.LeaderElection.run(LeaderElection.java:133)
	at java.lang.Thread.run(Thread.java:748)
Caused by: org.apache.ratis.thirdparty.io.grpc.StatusRuntimeException: UNAVAILABLE: io exception
	at org.apache.ratis.thirdparty.io.grpc.stub.ClientCalls.toStatusRuntimeException(ClientCalls.java:233)
	at org.apache.ratis.thirdparty.io.grpc.stub.ClientCalls.getUnchecked(ClientCalls.java:214)
	at org.apache.ratis.thirdparty.io.grpc.stub.ClientCalls.blockingUnaryCall(ClientCalls.java:139)
	at org.apache.ratis.proto.grpc.RaftServerProtocolServiceGrpc$RaftServerProtocolServiceBlockingStub.requestVote(RaftServerProtocolServiceGrpc.java:265)
	at org.apache.ratis.grpc.server.GrpcServerProtocolClient.requestVote(GrpcServerProtocolClient.java:90)
	at org.apache.ratis.grpc.server.GrpcService.requestVote(GrpcService.java:204)
	at org.apache.ratis.server.impl.LeaderElection.lambda$submitRequests$1(LeaderElection.java:238)
	at java.util.concurrent.FutureTask.run(FutureTask.java:266)
	at java.util.concurrent.Executors$RunnableAdapter.call(Executors.java:511)
	at java.util.concurrent.FutureTask.run(FutureTask.java:266)
	at java.util.concurrent.ThreadPoolExecutor.runWorker(ThreadPoolExecutor.java:1149)
	at java.util.concurrent.ThreadPoolExecutor$Worker.run(ThreadPoolExecutor.java:624)
	... 1 more
Caused by: org.apache.ratis.thirdparty.io.netty.channel.AbstractChannel$AnnotatedConnectException: Connection refused: /192.168.5.148:37579
	at sun.nio.ch.SocketChannelImpl.checkConnect(Native Method)
	at sun.nio.ch.SocketChannelImpl.finishConnect(SocketChannelImpl.java:717)
	at org.apache.ratis.thirdparty.io.netty.channel.socket.nio.NioSocketChannel.doFinishConnect(NioSocketChannel.java:327)
	at org.apache.ratis.thirdparty.io.netty.channel.nio.AbstractNioChannel$AbstractNioUnsafe.finishConnect(AbstractNioChannel.java:340)
	at org.apache.ratis.thirdparty.io.netty.channel.nio.NioEventLoop.processSelectedKey(NioEventLoop.java:632)
	at org.apache.ratis.thirdparty.io.netty.channel.nio.NioEventLoop.processSelectedKeysOptimized(NioEventLoop.java:579)
	at org.apache.ratis.thirdparty.io.netty.channel.nio.NioEventLoop.processSelectedKeys(NioEventLoop.java:496)
	at org.apache.ratis.thirdparty.io.netty.channel.nio.NioEventLoop.run(NioEventLoop.java:458)
	at org.apache.ratis.thirdparty.io.netty.util.concurrent.SingleThreadEventExecutor$5.run(SingleThreadEventExecutor.java:897)
	at org.apache.ratis.thirdparty.io.netty.util.concurrent.FastThreadLocalRunnable.run(FastThreadLocalRunnable.java:30)
	... 1 more
Caused by: java.net.ConnectException: Connection refused
	... 11 more
2019-09-24 19:14:23,631 [d65623be-04e3-433c-9af8-6934d2279f6c@group-A86B03FCFDE6:LeaderElection49] INFO  impl.LeaderElection (LogUtils.java:infoOrTrace(149)) - d65623be-04e3-433c-9af8-6934d2279f6c@group-A86B03FCFDE6:LeaderElection49 got exception when requesting votes: {}
java.util.concurrent.ExecutionException: org.apache.ratis.thirdparty.io.grpc.StatusRuntimeException: UNAVAILABLE: io exception
	at java.util.concurrent.FutureTask.report(FutureTask.java:122)
	at java.util.concurrent.FutureTask.get(FutureTask.java:192)
	at org.apache.ratis.server.impl.LeaderElection.waitForResults(LeaderElection.java:263)
	at org.apache.ratis.server.impl.LeaderElection.askForVotes(LeaderElection.java:201)
	at org.apache.ratis.server.impl.LeaderElection.run(LeaderElection.java:133)
	at java.lang.Thread.run(Thread.java:748)
Caused by: org.apache.ratis.thirdparty.io.grpc.StatusRuntimeException: UNAVAILABLE: io exception
	at org.apache.ratis.thirdparty.io.grpc.stub.ClientCalls.toStatusRuntimeException(ClientCalls.java:233)
	at org.apache.ratis.thirdparty.io.grpc.stub.ClientCalls.getUnchecked(ClientCalls.java:214)
	at org.apache.ratis.thirdparty.io.grpc.stub.ClientCalls.blockingUnaryCall(ClientCalls.java:139)
	at org.apache.ratis.proto.grpc.RaftServerProtocolServiceGrpc$RaftServerProtocolServiceBlockingStub.requestVote(RaftServerProtocolServiceGrpc.java:265)
	at org.apache.ratis.grpc.server.GrpcServerProtocolClient.requestVote(GrpcServerProtocolClient.java:90)
	at org.apache.ratis.grpc.server.GrpcService.requestVote(GrpcService.java:204)
	at org.apache.ratis.server.impl.LeaderElection.lambda$submitRequests$1(LeaderElection.java:238)
	at java.util.concurrent.FutureTask.run(FutureTask.java:266)
	at java.util.concurrent.Executors$RunnableAdapter.call(Executors.java:511)
	at java.util.concurrent.FutureTask.run(FutureTask.java:266)
	at java.util.concurrent.ThreadPoolExecutor.runWorker(ThreadPoolExecutor.java:1149)
	at java.util.concurrent.ThreadPoolExecutor$Worker.run(ThreadPoolExecutor.java:624)
	... 1 more
Caused by: org.apache.ratis.thirdparty.io.netty.channel.AbstractChannel$AnnotatedConnectException: Connection refused: /192.168.5.148:37579
	at sun.nio.ch.SocketChannelImpl.checkConnect(Native Method)
	at sun.nio.ch.SocketChannelImpl.finishConnect(SocketChannelImpl.java:717)
	at org.apache.ratis.thirdparty.io.netty.channel.socket.nio.NioSocketChannel.doFinishConnect(NioSocketChannel.java:327)
	at org.apache.ratis.thirdparty.io.netty.channel.nio.AbstractNioChannel$AbstractNioUnsafe.finishConnect(AbstractNioChannel.java:340)
	at org.apache.ratis.thirdparty.io.netty.channel.nio.NioEventLoop.processSelectedKey(NioEventLoop.java:632)
	at org.apache.ratis.thirdparty.io.netty.channel.nio.NioEventLoop.processSelectedKeysOptimized(NioEventLoop.java:579)
	at org.apache.ratis.thirdparty.io.netty.channel.nio.NioEventLoop.processSelectedKeys(NioEventLoop.java:496)
	at org.apache.ratis.thirdparty.io.netty.channel.nio.NioEventLoop.run(NioEventLoop.java:458)
	at org.apache.ratis.thirdparty.io.netty.util.concurrent.SingleThreadEventExecutor$5.run(SingleThreadEventExecutor.java:897)
	at org.apache.ratis.thirdparty.io.netty.util.concurrent.FastThreadLocalRunnable.run(FastThreadLocalRunnable.java:30)
	... 1 more
Caused by: java.net.ConnectException: Connection refused
	... 11 more
2019-09-24 19:14:23,633 [d65623be-04e3-433c-9af8-6934d2279f6c@group-7A54B0AAA595:LeaderElection48] INFO  impl.LeaderElection (LeaderElection.java:logAndReturn(56)) - d65623be-04e3-433c-9af8-6934d2279f6c@group-7A54B0AAA595:LeaderElection48: Election REJECTED; received 0 response(s) [] and 2 exception(s); d65623be-04e3-433c-9af8-6934d2279f6c@group-7A54B0AAA595:t1, leader=null, voted=d65623be-04e3-433c-9af8-6934d2279f6c, raftlog=d65623be-04e3-433c-9af8-6934d2279f6c@group-7A54B0AAA595-SegmentedRaftLog:OPENED:c-1,f-1,i0, conf=-1: [d65623be-04e3-433c-9af8-6934d2279f6c:192.168.5.148:36478, 2aad5506-4352-4587-a9d6-f1a315122139:192.168.5.148:34412, 4d8f17a5-2079-45c1-8233-e8f9fa301948:192.168.5.148:37579], old=null
2019-09-24 19:14:23,635 [d65623be-04e3-433c-9af8-6934d2279f6c@group-A86B03FCFDE6:LeaderElection49] INFO  impl.LeaderElection (LeaderElection.java:logAndReturn(56)) - d65623be-04e3-433c-9af8-6934d2279f6c@group-A86B03FCFDE6:LeaderElection49: Election REJECTED; received 0 response(s) [] and 2 exception(s); d65623be-04e3-433c-9af8-6934d2279f6c@group-A86B03FCFDE6:t1, leader=null, voted=d65623be-04e3-433c-9af8-6934d2279f6c, raftlog=d65623be-04e3-433c-9af8-6934d2279f6c@group-A86B03FCFDE6-SegmentedRaftLog:OPENED:c-1,f-1,i0, conf=-1: [d65623be-04e3-433c-9af8-6934d2279f6c:192.168.5.148:36478, 2aad5506-4352-4587-a9d6-f1a315122139:192.168.5.148:34412, 4d8f17a5-2079-45c1-8233-e8f9fa301948:192.168.5.148:37579], old=null
2019-09-24 19:14:23,635 [d65623be-04e3-433c-9af8-6934d2279f6c@group-7A54B0AAA595:LeaderElection48] INFO  impl.LeaderElection (LogUtils.java:infoOrTrace(149)) -   Exception 0: {}
java.util.concurrent.ExecutionException: org.apache.ratis.thirdparty.io.grpc.StatusRuntimeException: UNAVAILABLE: io exception
	at java.util.concurrent.FutureTask.report(FutureTask.java:122)
	at java.util.concurrent.FutureTask.get(FutureTask.java:192)
	at org.apache.ratis.server.impl.LeaderElection.waitForResults(LeaderElection.java:263)
	at org.apache.ratis.server.impl.LeaderElection.askForVotes(LeaderElection.java:201)
	at org.apache.ratis.server.impl.LeaderElection.run(LeaderElection.java:133)
	at java.lang.Thread.run(Thread.java:748)
Caused by: org.apache.ratis.thirdparty.io.grpc.StatusRuntimeException: UNAVAILABLE: io exception
	at org.apache.ratis.thirdparty.io.grpc.stub.ClientCalls.toStatusRuntimeException(ClientCalls.java:233)
	at org.apache.ratis.thirdparty.io.grpc.stub.ClientCalls.getUnchecked(ClientCalls.java:214)
	at org.apache.ratis.thirdparty.io.grpc.stub.ClientCalls.blockingUnaryCall(ClientCalls.java:139)
	at org.apache.ratis.proto.grpc.RaftServerProtocolServiceGrpc$RaftServerProtocolServiceBlockingStub.requestVote(RaftServerProtocolServiceGrpc.java:265)
	at org.apache.ratis.grpc.server.GrpcServerProtocolClient.requestVote(GrpcServerProtocolClient.java:90)
	at org.apache.ratis.grpc.server.GrpcService.requestVote(GrpcService.java:204)
	at org.apache.ratis.server.impl.LeaderElection.lambda$submitRequests$1(LeaderElection.java:238)
	at java.util.concurrent.FutureTask.run(FutureTask.java:266)
	at java.util.concurrent.Executors$RunnableAdapter.call(Executors.java:511)
	at java.util.concurrent.FutureTask.run(FutureTask.java:266)
	at java.util.concurrent.ThreadPoolExecutor.runWorker(ThreadPoolExecutor.java:1149)
	at java.util.concurrent.ThreadPoolExecutor$Worker.run(ThreadPoolExecutor.java:624)
	... 1 more
Caused by: org.apache.ratis.thirdparty.io.netty.channel.AbstractChannel$AnnotatedConnectException: Connection refused: /192.168.5.148:34412
	at sun.nio.ch.SocketChannelImpl.checkConnect(Native Method)
	at sun.nio.ch.SocketChannelImpl.finishConnect(SocketChannelImpl.java:717)
	at org.apache.ratis.thirdparty.io.netty.channel.socket.nio.NioSocketChannel.doFinishConnect(NioSocketChannel.java:327)
	at org.apache.ratis.thirdparty.io.netty.channel.nio.AbstractNioChannel$AbstractNioUnsafe.finishConnect(AbstractNioChannel.java:340)
	at org.apache.ratis.thirdparty.io.netty.channel.nio.NioEventLoop.processSelectedKey(NioEventLoop.java:632)
	at org.apache.ratis.thirdparty.io.netty.channel.nio.NioEventLoop.processSelectedKeysOptimized(NioEventLoop.java:579)
	at org.apache.ratis.thirdparty.io.netty.channel.nio.NioEventLoop.processSelectedKeys(NioEventLoop.java:496)
	at org.apache.ratis.thirdparty.io.netty.channel.nio.NioEventLoop.run(NioEventLoop.java:458)
	at org.apache.ratis.thirdparty.io.netty.util.concurrent.SingleThreadEventExecutor$5.run(SingleThreadEventExecutor.java:897)
	at org.apache.ratis.thirdparty.io.netty.util.concurrent.FastThreadLocalRunnable.run(FastThreadLocalRunnable.java:30)
	... 1 more
Caused by: java.net.ConnectException: Connection refused
	... 11 more
2019-09-24 19:14:23,637 [d65623be-04e3-433c-9af8-6934d2279f6c@group-7A54B0AAA595:LeaderElection48] INFO  impl.LeaderElection (LogUtils.java:infoOrTrace(149)) -   Exception 1: {}
java.util.concurrent.ExecutionException: org.apache.ratis.thirdparty.io.grpc.StatusRuntimeException: UNAVAILABLE: io exception
	at java.util.concurrent.FutureTask.report(FutureTask.java:122)
	at java.util.concurrent.FutureTask.get(FutureTask.java:192)
	at org.apache.ratis.server.impl.LeaderElection.waitForResults(LeaderElection.java:263)
	at org.apache.ratis.server.impl.LeaderElection.askForVotes(LeaderElection.java:201)
	at org.apache.ratis.server.impl.LeaderElection.run(LeaderElection.java:133)
	at java.lang.Thread.run(Thread.java:748)
Caused by: org.apache.ratis.thirdparty.io.grpc.StatusRuntimeException: UNAVAILABLE: io exception
	at org.apache.ratis.thirdparty.io.grpc.stub.ClientCalls.toStatusRuntimeException(ClientCalls.java:233)
	at org.apache.ratis.thirdparty.io.grpc.stub.ClientCalls.getUnchecked(ClientCalls.java:214)
	at org.apache.ratis.thirdparty.io.grpc.stub.ClientCalls.blockingUnaryCall(ClientCalls.java:139)
	at org.apache.ratis.proto.grpc.RaftServerProtocolServiceGrpc$RaftServerProtocolServiceBlockingStub.requestVote(RaftServerProtocolServiceGrpc.java:265)
	at org.apache.ratis.grpc.server.GrpcServerProtocolClient.requestVote(GrpcServerProtocolClient.java:90)
	at org.apache.ratis.grpc.server.GrpcService.requestVote(GrpcService.java:204)
	at org.apache.ratis.server.impl.LeaderElection.lambda$submitRequests$1(LeaderElection.java:238)
	at java.util.concurrent.FutureTask.run(FutureTask.java:266)
	at java.util.concurrent.Executors$RunnableAdapter.call(Executors.java:511)
	at java.util.concurrent.FutureTask.run(FutureTask.java:266)
	at java.util.concurrent.ThreadPoolExecutor.runWorker(ThreadPoolExecutor.java:1149)
	at java.util.concurrent.ThreadPoolExecutor$Worker.run(ThreadPoolExecutor.java:624)
	... 1 more
Caused by: org.apache.ratis.thirdparty.io.netty.channel.AbstractChannel$AnnotatedConnectException: Connection refused: /192.168.5.148:37579
	at sun.nio.ch.SocketChannelImpl.checkConnect(Native Method)
	at sun.nio.ch.SocketChannelImpl.finishConnect(SocketChannelImpl.java:717)
	at org.apache.ratis.thirdparty.io.netty.channel.socket.nio.NioSocketChannel.doFinishConnect(NioSocketChannel.java:327)
	at org.apache.ratis.thirdparty.io.netty.channel.nio.AbstractNioChannel$AbstractNioUnsafe.finishConnect(AbstractNioChannel.java:340)
	at org.apache.ratis.thirdparty.io.netty.channel.nio.NioEventLoop.processSelectedKey(NioEventLoop.java:632)
	at org.apache.ratis.thirdparty.io.netty.channel.nio.NioEventLoop.processSelectedKeysOptimized(NioEventLoop.java:579)
	at org.apache.ratis.thirdparty.io.netty.channel.nio.NioEventLoop.processSelectedKeys(NioEventLoop.java:496)
	at org.apache.ratis.thirdparty.io.netty.channel.nio.NioEventLoop.run(NioEventLoop.java:458)
	at org.apache.ratis.thirdparty.io.netty.util.concurrent.SingleThreadEventExecutor$5.run(SingleThreadEventExecutor.java:897)
	at org.apache.ratis.thirdparty.io.netty.util.concurrent.FastThreadLocalRunnable.run(FastThreadLocalRunnable.java:30)
	... 1 more
Caused by: java.net.ConnectException: Connection refused
	... 11 more
2019-09-24 19:14:23,635 [d65623be-04e3-433c-9af8-6934d2279f6c@group-A86B03FCFDE6:LeaderElection49] INFO  impl.LeaderElection (LogUtils.java:infoOrTrace(149)) -   Exception 0: {}
java.util.concurrent.ExecutionException: org.apache.ratis.thirdparty.io.grpc.StatusRuntimeException: UNAVAILABLE: io exception
	at java.util.concurrent.FutureTask.report(FutureTask.java:122)
	at java.util.concurrent.FutureTask.get(FutureTask.java:192)
	at org.apache.ratis.server.impl.LeaderElection.waitForResults(LeaderElection.java:263)
	at org.apache.ratis.server.impl.LeaderElection.askForVotes(LeaderElection.java:201)
	at org.apache.ratis.server.impl.LeaderElection.run(LeaderElection.java:133)
	at java.lang.Thread.run(Thread.java:748)
Caused by: org.apache.ratis.thirdparty.io.grpc.StatusRuntimeException: UNAVAILABLE: io exception
	at org.apache.ratis.thirdparty.io.grpc.stub.ClientCalls.toStatusRuntimeException(ClientCalls.java:233)
	at org.apache.ratis.thirdparty.io.grpc.stub.ClientCalls.getUnchecked(ClientCalls.java:214)
	at org.apache.ratis.thirdparty.io.grpc.stub.ClientCalls.blockingUnaryCall(ClientCalls.java:139)
	at org.apache.ratis.proto.grpc.RaftServerProtocolServiceGrpc$RaftServerProtocolServiceBlockingStub.requestVote(RaftServerProtocolServiceGrpc.java:265)
	at org.apache.ratis.grpc.server.GrpcServerProtocolClient.requestVote(GrpcServerProtocolClient.java:90)
	at org.apache.ratis.grpc.server.GrpcService.requestVote(GrpcService.java:204)
	at org.apache.ratis.server.impl.LeaderElection.lambda$submitRequests$1(LeaderElection.java:238)
	at java.util.concurrent.FutureTask.run(FutureTask.java:266)
	at java.util.concurrent.Executors$RunnableAdapter.call(Executors.java:511)
	at java.util.concurrent.FutureTask.run(FutureTask.java:266)
	at java.util.concurrent.ThreadPoolExecutor.runWorker(ThreadPoolExecutor.java:1149)
	at java.util.concurrent.ThreadPoolExecutor$Worker.run(ThreadPoolExecutor.java:624)
	... 1 more
Caused by: org.apache.ratis.thirdparty.io.netty.channel.AbstractChannel$AnnotatedConnectException: Connection refused: /192.168.5.148:34412
	at sun.nio.ch.SocketChannelImpl.checkConnect(Native Method)
	at sun.nio.ch.SocketChannelImpl.finishConnect(SocketChannelImpl.java:717)
	at org.apache.ratis.thirdparty.io.netty.channel.socket.nio.NioSocketChannel.doFinishConnect(NioSocketChannel.java:327)
	at org.apache.ratis.thirdparty.io.netty.channel.nio.AbstractNioChannel$AbstractNioUnsafe.finishConnect(AbstractNioChannel.java:340)
	at org.apache.ratis.thirdparty.io.netty.channel.nio.NioEventLoop.processSelectedKey(NioEventLoop.java:632)
	at org.apache.ratis.thirdparty.io.netty.channel.nio.NioEventLoop.processSelectedKeysOptimized(NioEventLoop.java:579)
	at org.apache.ratis.thirdparty.io.netty.channel.nio.NioEventLoop.processSelectedKeys(NioEventLoop.java:496)
	at org.apache.ratis.thirdparty.io.netty.channel.nio.NioEventLoop.run(NioEventLoop.java:458)
	at org.apache.ratis.thirdparty.io.netty.util.concurrent.SingleThreadEventExecutor$5.run(SingleThreadEventExecutor.java:897)
	at org.apache.ratis.thirdparty.io.netty.util.concurrent.FastThreadLocalRunnable.run(FastThreadLocalRunnable.java:30)
	... 1 more
Caused by: java.net.ConnectException: Connection refused
	... 11 more
2019-09-24 19:14:23,639 [d65623be-04e3-433c-9af8-6934d2279f6c@group-A86B03FCFDE6:LeaderElection49] INFO  impl.LeaderElection (LogUtils.java:infoOrTrace(149)) -   Exception 1: {}
java.util.concurrent.ExecutionException: org.apache.ratis.thirdparty.io.grpc.StatusRuntimeException: UNAVAILABLE: io exception
	at java.util.concurrent.FutureTask.report(FutureTask.java:122)
	at java.util.concurrent.FutureTask.get(FutureTask.java:192)
	at org.apache.ratis.server.impl.LeaderElection.waitForResults(LeaderElection.java:263)
	at org.apache.ratis.server.impl.LeaderElection.askForVotes(LeaderElection.java:201)
	at org.apache.ratis.server.impl.LeaderElection.run(LeaderElection.java:133)
	at java.lang.Thread.run(Thread.java:748)
Caused by: org.apache.ratis.thirdparty.io.grpc.StatusRuntimeException: UNAVAILABLE: io exception
	at org.apache.ratis.thirdparty.io.grpc.stub.ClientCalls.toStatusRuntimeException(ClientCalls.java:233)
	at org.apache.ratis.thirdparty.io.grpc.stub.ClientCalls.getUnchecked(ClientCalls.java:214)
	at org.apache.ratis.thirdparty.io.grpc.stub.ClientCalls.blockingUnaryCall(ClientCalls.java:139)
	at org.apache.ratis.proto.grpc.RaftServerProtocolServiceGrpc$RaftServerProtocolServiceBlockingStub.requestVote(RaftServerProtocolServiceGrpc.java:265)
	at org.apache.ratis.grpc.server.GrpcServerProtocolClient.requestVote(GrpcServerProtocolClient.java:90)
	at org.apache.ratis.grpc.server.GrpcService.requestVote(GrpcService.java:204)
	at org.apache.ratis.server.impl.LeaderElection.lambda$submitRequests$1(LeaderElection.java:238)
	at java.util.concurrent.FutureTask.run(FutureTask.java:266)
	at java.util.concurrent.Executors$RunnableAdapter.call(Executors.java:511)
	at java.util.concurrent.FutureTask.run(FutureTask.java:266)
	at java.util.concurrent.ThreadPoolExecutor.runWorker(ThreadPoolExecutor.java:1149)
	at java.util.concurrent.ThreadPoolExecutor$Worker.run(ThreadPoolExecutor.java:624)
	... 1 more
Caused by: org.apache.ratis.thirdparty.io.netty.channel.AbstractChannel$AnnotatedConnectException: Connection refused: /192.168.5.148:37579
	at sun.nio.ch.SocketChannelImpl.checkConnect(Native Method)
	at sun.nio.ch.SocketChannelImpl.finishConnect(SocketChannelImpl.java:717)
	at org.apache.ratis.thirdparty.io.netty.channel.socket.nio.NioSocketChannel.doFinishConnect(NioSocketChannel.java:327)
	at org.apache.ratis.thirdparty.io.netty.channel.nio.AbstractNioChannel$AbstractNioUnsafe.finishConnect(AbstractNioChannel.java:340)
	at org.apache.ratis.thirdparty.io.netty.channel.nio.NioEventLoop.processSelectedKey(NioEventLoop.java:632)
	at org.apache.ratis.thirdparty.io.netty.channel.nio.NioEventLoop.processSelectedKeysOptimized(NioEventLoop.java:579)
	at org.apache.ratis.thirdparty.io.netty.channel.nio.NioEventLoop.processSelectedKeys(NioEventLoop.java:496)
	at org.apache.ratis.thirdparty.io.netty.channel.nio.NioEventLoop.run(NioEventLoop.java:458)
	at org.apache.ratis.thirdparty.io.netty.util.concurrent.SingleThreadEventExecutor$5.run(SingleThreadEventExecutor.java:897)
	at org.apache.ratis.thirdparty.io.netty.util.concurrent.FastThreadLocalRunnable.run(FastThreadLocalRunnable.java:30)
	... 1 more
Caused by: java.net.ConnectException: Connection refused
	... 11 more
2019-09-24 19:14:23,638 [d65623be-04e3-433c-9af8-6934d2279f6c@group-7A54B0AAA595:LeaderElection48] INFO  impl.RaftServerImpl (RaftServerImpl.java:setRole(174)) - d65623be-04e3-433c-9af8-6934d2279f6c@group-7A54B0AAA595: changes role from CANDIDATE to FOLLOWER at term 1 for DISCOVERED_A_NEW_TERM
2019-09-24 19:14:23,640 [d65623be-04e3-433c-9af8-6934d2279f6c@group-A86B03FCFDE6:LeaderElection49] INFO  impl.RaftServerImpl (RaftServerImpl.java:setRole(174)) - d65623be-04e3-433c-9af8-6934d2279f6c@group-A86B03FCFDE6: changes role from CANDIDATE to FOLLOWER at term 1 for DISCOVERED_A_NEW_TERM
2019-09-24 19:14:23,640 [d65623be-04e3-433c-9af8-6934d2279f6c@group-7A54B0AAA595:LeaderElection48] INFO  impl.RoleInfo (RoleInfo.java:shutdownLeaderElection(134)) - d65623be-04e3-433c-9af8-6934d2279f6c: shutdown LeaderElection
2019-09-24 19:14:23,640 [d65623be-04e3-433c-9af8-6934d2279f6c@group-A86B03FCFDE6:LeaderElection49] INFO  impl.RoleInfo (RoleInfo.java:shutdownLeaderElection(134)) - d65623be-04e3-433c-9af8-6934d2279f6c: shutdown LeaderElection
2019-09-24 19:14:23,640 [d65623be-04e3-433c-9af8-6934d2279f6c@group-7A54B0AAA595:LeaderElection48] INFO  impl.RoleInfo (RoleInfo.java:updateAndGet(143)) - d65623be-04e3-433c-9af8-6934d2279f6c: start FollowerState
2019-09-24 19:14:23,641 [d65623be-04e3-433c-9af8-6934d2279f6c@group-A86B03FCFDE6:LeaderElection49] INFO  impl.RoleInfo (RoleInfo.java:updateAndGet(143)) - d65623be-04e3-433c-9af8-6934d2279f6c: start FollowerState
2019-09-24 19:14:23,644 [d65623be-04e3-433c-9af8-6934d2279f6c@group-7A38BE0F8EED:LeaderElection50] INFO  impl.LeaderElection (LeaderElection.java:askForVotes(182)) - d65623be-04e3-433c-9af8-6934d2279f6c@group-7A38BE0F8EED:LeaderElection50: begin an election at term 1 for -1: [d65623be-04e3-433c-9af8-6934d2279f6c:192.168.5.148:36478, 2aad5506-4352-4587-a9d6-f1a315122139:192.168.5.148:34412, 4d8f17a5-2079-45c1-8233-e8f9fa301948:192.168.5.148:37579], old=null
2019-09-24 19:14:23,645 [d65623be-04e3-433c-9af8-6934d2279f6c@group-7A38BE0F8EED:LeaderElection50] INFO  impl.LeaderElection (LogUtils.java:infoOrTrace(149)) - d65623be-04e3-433c-9af8-6934d2279f6c@group-7A38BE0F8EED:LeaderElection50 got exception when requesting votes: {}
java.util.concurrent.ExecutionException: org.apache.ratis.thirdparty.io.grpc.StatusRuntimeException: UNAVAILABLE: io exception
	at java.util.concurrent.FutureTask.report(FutureTask.java:122)
	at java.util.concurrent.FutureTask.get(FutureTask.java:192)
	at org.apache.ratis.server.impl.LeaderElection.waitForResults(LeaderElection.java:263)
	at org.apache.ratis.server.impl.LeaderElection.askForVotes(LeaderElection.java:201)
	at org.apache.ratis.server.impl.LeaderElection.run(LeaderElection.java:133)
	at java.lang.Thread.run(Thread.java:748)
Caused by: org.apache.ratis.thirdparty.io.grpc.StatusRuntimeException: UNAVAILABLE: io exception
	at org.apache.ratis.thirdparty.io.grpc.stub.ClientCalls.toStatusRuntimeException(ClientCalls.java:233)
	at org.apache.ratis.thirdparty.io.grpc.stub.ClientCalls.getUnchecked(ClientCalls.java:214)
	at org.apache.ratis.thirdparty.io.grpc.stub.ClientCalls.blockingUnaryCall(ClientCalls.java:139)
	at org.apache.ratis.proto.grpc.RaftServerProtocolServiceGrpc$RaftServerProtocolServiceBlockingStub.requestVote(RaftServerProtocolServiceGrpc.java:265)
	at org.apache.ratis.grpc.server.GrpcServerProtocolClient.requestVote(GrpcServerProtocolClient.java:90)
	at org.apache.ratis.grpc.server.GrpcService.requestVote(GrpcService.java:204)
	at org.apache.ratis.server.impl.LeaderElection.lambda$submitRequests$1(LeaderElection.java:238)
	at java.util.concurrent.FutureTask.run(FutureTask.java:266)
	at java.util.concurrent.Executors$RunnableAdapter.call(Executors.java:511)
	at java.util.concurrent.FutureTask.run(FutureTask.java:266)
	at java.util.concurrent.ThreadPoolExecutor.runWorker(ThreadPoolExecutor.java:1149)
	at java.util.concurrent.ThreadPoolExecutor$Worker.run(ThreadPoolExecutor.java:624)
	... 1 more
Caused by: org.apache.ratis.thirdparty.io.netty.channel.AbstractChannel$AnnotatedConnectException: Connection refused: /192.168.5.148:34412
	at sun.nio.ch.SocketChannelImpl.checkConnect(Native Method)
	at sun.nio.ch.SocketChannelImpl.finishConnect(SocketChannelImpl.java:717)
	at org.apache.ratis.thirdparty.io.netty.channel.socket.nio.NioSocketChannel.doFinishConnect(NioSocketChannel.java:327)
	at org.apache.ratis.thirdparty.io.netty.channel.nio.AbstractNioChannel$AbstractNioUnsafe.finishConnect(AbstractNioChannel.java:340)
	at org.apache.ratis.thirdparty.io.netty.channel.nio.NioEventLoop.processSelectedKey(NioEventLoop.java:632)
	at org.apache.ratis.thirdparty.io.netty.channel.nio.NioEventLoop.processSelectedKeysOptimized(NioEventLoop.java:579)
	at org.apache.ratis.thirdparty.io.netty.channel.nio.NioEventLoop.processSelectedKeys(NioEventLoop.java:496)
	at org.apache.ratis.thirdparty.io.netty.channel.nio.NioEventLoop.run(NioEventLoop.java:458)
	at org.apache.ratis.thirdparty.io.netty.util.concurrent.SingleThreadEventExecutor$5.run(SingleThreadEventExecutor.java:897)
	at org.apache.ratis.thirdparty.io.netty.util.concurrent.FastThreadLocalRunnable.run(FastThreadLocalRunnable.java:30)
	... 1 more
Caused by: java.net.ConnectException: Connection refused
	... 11 more
2019-09-24 19:14:23,647 [d65623be-04e3-433c-9af8-6934d2279f6c@group-7A38BE0F8EED:LeaderElection50] INFO  impl.LeaderElection (LogUtils.java:infoOrTrace(149)) - d65623be-04e3-433c-9af8-6934d2279f6c@group-7A38BE0F8EED:LeaderElection50 got exception when requesting votes: {}
java.util.concurrent.ExecutionException: org.apache.ratis.thirdparty.io.grpc.StatusRuntimeException: UNAVAILABLE: io exception
	at java.util.concurrent.FutureTask.report(FutureTask.java:122)
	at java.util.concurrent.FutureTask.get(FutureTask.java:192)
	at org.apache.ratis.server.impl.LeaderElection.waitForResults(LeaderElection.java:263)
	at org.apache.ratis.server.impl.LeaderElection.askForVotes(LeaderElection.java:201)
	at org.apache.ratis.server.impl.LeaderElection.run(LeaderElection.java:133)
	at java.lang.Thread.run(Thread.java:748)
Caused by: org.apache.ratis.thirdparty.io.grpc.StatusRuntimeException: UNAVAILABLE: io exception
	at org.apache.ratis.thirdparty.io.grpc.stub.ClientCalls.toStatusRuntimeException(ClientCalls.java:233)
	at org.apache.ratis.thirdparty.io.grpc.stub.ClientCalls.getUnchecked(ClientCalls.java:214)
	at org.apache.ratis.thirdparty.io.grpc.stub.ClientCalls.blockingUnaryCall(ClientCalls.java:139)
	at org.apache.ratis.proto.grpc.RaftServerProtocolServiceGrpc$RaftServerProtocolServiceBlockingStub.requestVote(RaftServerProtocolServiceGrpc.java:265)
	at org.apache.ratis.grpc.server.GrpcServerProtocolClient.requestVote(GrpcServerProtocolClient.java:90)
	at org.apache.ratis.grpc.server.GrpcService.requestVote(GrpcService.java:204)
	at org.apache.ratis.server.impl.LeaderElection.lambda$submitRequests$1(LeaderElection.java:238)
	at java.util.concurrent.FutureTask.run(FutureTask.java:266)
	at java.util.concurrent.Executors$RunnableAdapter.call(Executors.java:511)
	at java.util.concurrent.FutureTask.run(FutureTask.java:266)
	at java.util.concurrent.ThreadPoolExecutor.runWorker(ThreadPoolExecutor.java:1149)
	at java.util.concurrent.ThreadPoolExecutor$Worker.run(ThreadPoolExecutor.java:624)
	... 1 more
Caused by: org.apache.ratis.thirdparty.io.netty.channel.AbstractChannel$AnnotatedConnectException: Connection refused: /192.168.5.148:37579
	at sun.nio.ch.SocketChannelImpl.checkConnect(Native Method)
	at sun.nio.ch.SocketChannelImpl.finishConnect(SocketChannelImpl.java:717)
	at org.apache.ratis.thirdparty.io.netty.channel.socket.nio.NioSocketChannel.doFinishConnect(NioSocketChannel.java:327)
	at org.apache.ratis.thirdparty.io.netty.channel.nio.AbstractNioChannel$AbstractNioUnsafe.finishConnect(AbstractNioChannel.java:340)
	at org.apache.ratis.thirdparty.io.netty.channel.nio.NioEventLoop.processSelectedKey(NioEventLoop.java:632)
	at org.apache.ratis.thirdparty.io.netty.channel.nio.NioEventLoop.processSelectedKeysOptimized(NioEventLoop.java:579)
	at org.apache.ratis.thirdparty.io.netty.channel.nio.NioEventLoop.processSelectedKeys(NioEventLoop.java:496)
	at org.apache.ratis.thirdparty.io.netty.channel.nio.NioEventLoop.run(NioEventLoop.java:458)
	at org.apache.ratis.thirdparty.io.netty.util.concurrent.SingleThreadEventExecutor$5.run(SingleThreadEventExecutor.java:897)
	at org.apache.ratis.thirdparty.io.netty.util.concurrent.FastThreadLocalRunnable.run(FastThreadLocalRunnable.java:30)
	... 1 more
Caused by: java.net.ConnectException: Connection refused
	... 11 more
2019-09-24 19:14:23,649 [d65623be-04e3-433c-9af8-6934d2279f6c@group-7A38BE0F8EED:LeaderElection50] INFO  impl.LeaderElection (LeaderElection.java:logAndReturn(56)) - d65623be-04e3-433c-9af8-6934d2279f6c@group-7A38BE0F8EED:LeaderElection50: Election REJECTED; received 0 response(s) [] and 2 exception(s); d65623be-04e3-433c-9af8-6934d2279f6c@group-7A38BE0F8EED:t1, leader=null, voted=d65623be-04e3-433c-9af8-6934d2279f6c, raftlog=d65623be-04e3-433c-9af8-6934d2279f6c@group-7A38BE0F8EED-SegmentedRaftLog:OPENED:c-1,f-1,i0, conf=-1: [d65623be-04e3-433c-9af8-6934d2279f6c:192.168.5.148:36478, 2aad5506-4352-4587-a9d6-f1a315122139:192.168.5.148:34412, 4d8f17a5-2079-45c1-8233-e8f9fa301948:192.168.5.148:37579], old=null
2019-09-24 19:14:23,649 [d65623be-04e3-433c-9af8-6934d2279f6c@group-7A38BE0F8EED:LeaderElection50] INFO  impl.LeaderElection (LogUtils.java:infoOrTrace(149)) -   Exception 0: {}
java.util.concurrent.ExecutionException: org.apache.ratis.thirdparty.io.grpc.StatusRuntimeException: UNAVAILABLE: io exception
	at java.util.concurrent.FutureTask.report(FutureTask.java:122)
	at java.util.concurrent.FutureTask.get(FutureTask.java:192)
	at org.apache.ratis.server.impl.LeaderElection.waitForResults(LeaderElection.java:263)
	at org.apache.ratis.server.impl.LeaderElection.askForVotes(LeaderElection.java:201)
	at org.apache.ratis.server.impl.LeaderElection.run(LeaderElection.java:133)
	at java.lang.Thread.run(Thread.java:748)
Caused by: org.apache.ratis.thirdparty.io.grpc.StatusRuntimeException: UNAVAILABLE: io exception
	at org.apache.ratis.thirdparty.io.grpc.stub.ClientCalls.toStatusRuntimeException(ClientCalls.java:233)
	at org.apache.ratis.thirdparty.io.grpc.stub.ClientCalls.getUnchecked(ClientCalls.java:214)
	at org.apache.ratis.thirdparty.io.grpc.stub.ClientCalls.blockingUnaryCall(ClientCalls.java:139)
	at org.apache.ratis.proto.grpc.RaftServerProtocolServiceGrpc$RaftServerProtocolServiceBlockingStub.requestVote(RaftServerProtocolServiceGrpc.java:265)
	at org.apache.ratis.grpc.server.GrpcServerProtocolClient.requestVote(GrpcServerProtocolClient.java:90)
	at org.apache.ratis.grpc.server.GrpcService.requestVote(GrpcService.java:204)
	at org.apache.ratis.server.impl.LeaderElection.lambda$submitRequests$1(LeaderElection.java:238)
	at java.util.concurrent.FutureTask.run(FutureTask.java:266)
	at java.util.concurrent.Executors$RunnableAdapter.call(Executors.java:511)
	at java.util.concurrent.FutureTask.run(FutureTask.java:266)
	at java.util.concurrent.ThreadPoolExecutor.runWorker(ThreadPoolExecutor.java:1149)
	at java.util.concurrent.ThreadPoolExecutor$Worker.run(ThreadPoolExecutor.java:624)
	... 1 more
Caused by: org.apache.ratis.thirdparty.io.netty.channel.AbstractChannel$AnnotatedConnectException: Connection refused: /192.168.5.148:34412
	at sun.nio.ch.SocketChannelImpl.checkConnect(Native Method)
	at sun.nio.ch.SocketChannelImpl.finishConnect(SocketChannelImpl.java:717)
	at org.apache.ratis.thirdparty.io.netty.channel.socket.nio.NioSocketChannel.doFinishConnect(NioSocketChannel.java:327)
	at org.apache.ratis.thirdparty.io.netty.channel.nio.AbstractNioChannel$AbstractNioUnsafe.finishConnect(AbstractNioChannel.java:340)
	at org.apache.ratis.thirdparty.io.netty.channel.nio.NioEventLoop.processSelectedKey(NioEventLoop.java:632)
	at org.apache.ratis.thirdparty.io.netty.channel.nio.NioEventLoop.processSelectedKeysOptimized(NioEventLoop.java:579)
	at org.apache.ratis.thirdparty.io.netty.channel.nio.NioEventLoop.processSelectedKeys(NioEventLoop.java:496)
	at org.apache.ratis.thirdparty.io.netty.channel.nio.NioEventLoop.run(NioEventLoop.java:458)
	at org.apache.ratis.thirdparty.io.netty.util.concurrent.SingleThreadEventExecutor$5.run(SingleThreadEventExecutor.java:897)
	at org.apache.ratis.thirdparty.io.netty.util.concurrent.FastThreadLocalRunnable.run(FastThreadLocalRunnable.java:30)
	... 1 more
Caused by: java.net.ConnectException: Connection refused
	... 11 more
2019-09-24 19:14:23,650 [d65623be-04e3-433c-9af8-6934d2279f6c@group-7A38BE0F8EED:LeaderElection50] INFO  impl.LeaderElection (LogUtils.java:infoOrTrace(149)) -   Exception 1: {}
java.util.concurrent.ExecutionException: org.apache.ratis.thirdparty.io.grpc.StatusRuntimeException: UNAVAILABLE: io exception
	at java.util.concurrent.FutureTask.report(FutureTask.java:122)
	at java.util.concurrent.FutureTask.get(FutureTask.java:192)
	at org.apache.ratis.server.impl.LeaderElection.waitForResults(LeaderElection.java:263)
	at org.apache.ratis.server.impl.LeaderElection.askForVotes(LeaderElection.java:201)
	at org.apache.ratis.server.impl.LeaderElection.run(LeaderElection.java:133)
	at java.lang.Thread.run(Thread.java:748)
Caused by: org.apache.ratis.thirdparty.io.grpc.StatusRuntimeException: UNAVAILABLE: io exception
	at org.apache.ratis.thirdparty.io.grpc.stub.ClientCalls.toStatusRuntimeException(ClientCalls.java:233)
	at org.apache.ratis.thirdparty.io.grpc.stub.ClientCalls.getUnchecked(ClientCalls.java:214)
	at org.apache.ratis.thirdparty.io.grpc.stub.ClientCalls.blockingUnaryCall(ClientCalls.java:139)
	at org.apache.ratis.proto.grpc.RaftServerProtocolServiceGrpc$RaftServerProtocolServiceBlockingStub.requestVote(RaftServerProtocolServiceGrpc.java:265)
	at org.apache.ratis.grpc.server.GrpcServerProtocolClient.requestVote(GrpcServerProtocolClient.java:90)
	at org.apache.ratis.grpc.server.GrpcService.requestVote(GrpcService.java:204)
	at org.apache.ratis.server.impl.LeaderElection.lambda$submitRequests$1(LeaderElection.java:238)
	at java.util.concurrent.FutureTask.run(FutureTask.java:266)
	at java.util.concurrent.Executors$RunnableAdapter.call(Executors.java:511)
	at java.util.concurrent.FutureTask.run(FutureTask.java:266)
	at java.util.concurrent.ThreadPoolExecutor.runWorker(ThreadPoolExecutor.java:1149)
	at java.util.concurrent.ThreadPoolExecutor$Worker.run(ThreadPoolExecutor.java:624)
	... 1 more
Caused by: org.apache.ratis.thirdparty.io.netty.channel.AbstractChannel$AnnotatedConnectException: Connection refused: /192.168.5.148:37579
	at sun.nio.ch.SocketChannelImpl.checkConnect(Native Method)
	at sun.nio.ch.SocketChannelImpl.finishConnect(SocketChannelImpl.java:717)
	at org.apache.ratis.thirdparty.io.netty.channel.socket.nio.NioSocketChannel.doFinishConnect(NioSocketChannel.java:327)
	at org.apache.ratis.thirdparty.io.netty.channel.nio.AbstractNioChannel$AbstractNioUnsafe.finishConnect(AbstractNioChannel.java:340)
	at org.apache.ratis.thirdparty.io.netty.channel.nio.NioEventLoop.processSelectedKey(NioEventLoop.java:632)
	at org.apache.ratis.thirdparty.io.netty.channel.nio.NioEventLoop.processSelectedKeysOptimized(NioEventLoop.java:579)
	at org.apache.ratis.thirdparty.io.netty.channel.nio.NioEventLoop.processSelectedKeys(NioEventLoop.java:496)
	at org.apache.ratis.thirdparty.io.netty.channel.nio.NioEventLoop.run(NioEventLoop.java:458)
	at org.apache.ratis.thirdparty.io.netty.util.concurrent.SingleThreadEventExecutor$5.run(SingleThreadEventExecutor.java:897)
	at org.apache.ratis.thirdparty.io.netty.util.concurrent.FastThreadLocalRunnable.run(FastThreadLocalRunnable.java:30)
	... 1 more
Caused by: java.net.ConnectException: Connection refused
	... 11 more
2019-09-24 19:14:23,650 [d65623be-04e3-433c-9af8-6934d2279f6c@group-7A38BE0F8EED:LeaderElection50] INFO  impl.RaftServerImpl (RaftServerImpl.java:setRole(174)) - d65623be-04e3-433c-9af8-6934d2279f6c@group-7A38BE0F8EED: changes role from CANDIDATE to FOLLOWER at term 1 for DISCOVERED_A_NEW_TERM
2019-09-24 19:14:23,651 [d65623be-04e3-433c-9af8-6934d2279f6c@group-7A38BE0F8EED:LeaderElection50] INFO  impl.RoleInfo (RoleInfo.java:shutdownLeaderElection(134)) - d65623be-04e3-433c-9af8-6934d2279f6c: shutdown LeaderElection
2019-09-24 19:14:23,651 [d65623be-04e3-433c-9af8-6934d2279f6c@group-7A38BE0F8EED:LeaderElection50] INFO  impl.RoleInfo (RoleInfo.java:updateAndGet(143)) - d65623be-04e3-433c-9af8-6934d2279f6c: start FollowerState
2019-09-24 19:14:23,680 [main] INFO  ozoneimpl.OzoneContainer (OzoneContainer.java:stop(231)) - Attempting to stop container services.
2019-09-24 19:14:23,682 [ForkJoinPool.commonPool-worker-1] INFO  ozoneimpl.OzoneContainer (OzoneContainer.java:stop(231)) - Attempting to stop container services.
2019-09-24 19:14:23,682 [main] INFO  impl.RaftServerProxy (RaftServerProxy.java:lambda$close$4(314)) - c43723af-eff8-4b61-8fe0-e8fff69cc406: close
2019-09-24 19:14:23,682 [ForkJoinPool.commonPool-worker-1] INFO  impl.RaftServerProxy (RaftServerProxy.java:lambda$close$4(314)) - bbf8d920-3eae-4ae7-b977-ade734f62dd2: close
2019-09-24 19:14:23,683 [main] INFO  server.GrpcService (GrpcService.java:closeImpl(164)) - c43723af-eff8-4b61-8fe0-e8fff69cc406: shutdown server with port 41158 now
2019-09-24 19:14:23,683 [ForkJoinPool.commonPool-worker-1] INFO  impl.RaftServerImpl (RaftServerImpl.java:lambda$shutdown$3(251)) - bbf8d920-3eae-4ae7-b977-ade734f62dd2@group-6C026C295987: shutdown
2019-09-24 19:14:23,683 [main] INFO  server.GrpcService (GrpcService.java:closeImpl(172)) - c43723af-eff8-4b61-8fe0-e8fff69cc406: shutdown server with port 41158 successfully
2019-09-24 19:14:23,683 [ForkJoinPool.commonPool-worker-1] INFO  util.JmxRegister (JmxRegister.java:unregister(73)) - Successfully un-registered JMX Bean with object name Ratis:service=RaftServer,group=group-6C026C295987,id=bbf8d920-3eae-4ae7-b977-ade734f62dd2
2019-09-24 19:14:23,684 [ForkJoinPool.commonPool-worker-1] INFO  impl.RoleInfo (RoleInfo.java:shutdownLeaderState(104)) - bbf8d920-3eae-4ae7-b977-ade734f62dd2: shutdown LeaderState
2019-09-24 19:14:23,685 [ForkJoinPool.commonPool-worker-1] INFO  impl.PendingRequests (PendingRequests.java:sendNotLeaderResponses(202)) - bbf8d920-3eae-4ae7-b977-ade734f62dd2-PendingRequests: sendNotLeaderResponses
2019-09-24 19:14:23,685 [ForkJoinPool.commonPool-worker-1] INFO  impl.StateMachineUpdater (StateMachineUpdater.java:stopAndJoin(125)) - bbf8d920-3eae-4ae7-b977-ade734f62dd2@group-6C026C295987-StateMachineUpdater: set stopIndex = 0
2019-09-24 19:14:23,685 [refreshUsed-/workdir/hadoop-ozone/integration-test/target/test-dir/MiniOzoneClusterImpl-927e61bf-33d4-4c72-9c6e-e846b22cd97e/datanode-3/data/containers] WARN  fs.CachingGetSpaceUsed (CachingGetSpaceUsed.java:run(183)) - Thread Interrupted waiting to refresh disk information: sleep interrupted
2019-09-24 19:14:23,686 [ForkJoinPool.commonPool-worker-1] INFO  impl.RaftServerImpl (ServerState.java:close(385)) - bbf8d920-3eae-4ae7-b977-ade734f62dd2@group-6C026C295987: closes. applyIndex: 0
2019-09-24 19:14:23,686 [bbf8d920-3eae-4ae7-b977-ade734f62dd2@group-6C026C295987-SegmentedRaftLogWorker] INFO  segmented.SegmentedRaftLogWorker (SegmentedRaftLogWorker.java:run(313)) - bbf8d920-3eae-4ae7-b977-ade734f62dd2@group-6C026C295987-SegmentedRaftLogWorker was interrupted, exiting. There are 0 tasks remaining in the queue.
2019-09-24 19:14:23,689 [ForkJoinPool.commonPool-worker-1] INFO  segmented.SegmentedRaftLogWorker (SegmentedRaftLogWorker.java:close(228)) - bbf8d920-3eae-4ae7-b977-ade734f62dd2@group-6C026C295987-SegmentedRaftLogWorker close()
2019-09-24 19:14:23,691 [ForkJoinPool.commonPool-worker-1] INFO  server.GrpcService (GrpcService.java:closeImpl(164)) - bbf8d920-3eae-4ae7-b977-ade734f62dd2: shutdown server with port 46157 now
2019-09-24 19:14:23,693 [ForkJoinPool.commonPool-worker-1] INFO  server.GrpcService (GrpcService.java:closeImpl(172)) - bbf8d920-3eae-4ae7-b977-ade734f62dd2: shutdown server with port 46157 successfully
2019-09-24 19:14:23,701 [refreshUsed-/workdir/hadoop-ozone/integration-test/target/test-dir/MiniOzoneClusterImpl-927e61bf-33d4-4c72-9c6e-e846b22cd97e/datanode-0/data/containers] WARN  fs.CachingGetSpaceUsed (CachingGetSpaceUsed.java:run(183)) - Thread Interrupted waiting to refresh disk information: sleep interrupted
2019-09-24 19:14:23,714 [main] INFO  utils.BackgroundService (BackgroundService.java:shutdown(148)) - Shutting down service BlockDeletingService
2019-09-24 19:14:23,719 [main] INFO  statemachine.DatanodeStateMachine (DatanodeStateMachine.java:stopDaemon(395)) - Ozone container server stopped.
2019-09-24 19:14:23,721 [main] INFO  handler.ContextHandler (ContextHandler.java:doStop(910)) - Stopped o.e.j.w.WebAppContext@66a5755{/,null,UNAVAILABLE}{/hddsDatanode}
2019-09-24 19:14:23,722 [main] INFO  server.AbstractConnector (AbstractConnector.java:doStop(318)) - Stopped ServerConnector@771a7d53{HTTP/1.1,[http/1.1]}{0.0.0.0:0}
2019-09-24 19:14:23,722 [main] INFO  handler.ContextHandler (ContextHandler.java:doStop(910)) - Stopped o.e.j.s.ServletContextHandler@4fa4f485{/static,jar:file:/home/user/.m2/repository/org/apache/hadoop/hadoop-hdds-container-service/0.5.0-SNAPSHOT/hadoop-hdds-container-service-0.5.0-SNAPSHOT.jar!/webapps/static,UNAVAILABLE}
2019-09-24 19:14:23,723 [main] INFO  handler.ContextHandler (ContextHandler.java:doStop(910)) - Stopped o.e.j.s.ServletContextHandler@6af90849{/logs,file:///workdir/hadoop-ozone/integration-test/target/log,UNAVAILABLE}
2019-09-24 19:14:23,726 [ForkJoinPool.commonPool-worker-1] INFO  utils.BackgroundService (BackgroundService.java:shutdown(148)) - Shutting down service BlockDeletingService
2019-09-24 19:14:23,730 [ForkJoinPool.commonPool-worker-1] INFO  statemachine.DatanodeStateMachine (DatanodeStateMachine.java:stopDaemon(395)) - Ozone container server stopped.
2019-09-24 19:14:23,735 [ForkJoinPool.commonPool-worker-1] INFO  handler.ContextHandler (ContextHandler.java:doStop(910)) - Stopped o.e.j.w.WebAppContext@1c3259fa{/,null,UNAVAILABLE}{/hddsDatanode}
2019-09-24 19:14:23,736 [ForkJoinPool.commonPool-worker-1] INFO  server.AbstractConnector (AbstractConnector.java:doStop(318)) - Stopped ServerConnector@217bf99e{HTTP/1.1,[http/1.1]}{0.0.0.0:0}
2019-09-24 19:14:23,739 [ForkJoinPool.commonPool-worker-1] INFO  handler.ContextHandler (ContextHandler.java:doStop(910)) - Stopped o.e.j.s.ServletContextHandler@4130955c{/static,jar:file:/home/user/.m2/repository/org/apache/hadoop/hadoop-hdds-container-service/0.5.0-SNAPSHOT/hadoop-hdds-container-service-0.5.0-SNAPSHOT.jar!/webapps/static,UNAVAILABLE}
2019-09-24 19:14:23,739 [Thread-849] INFO  impl.FollowerState (FollowerState.java:run(106)) - d65623be-04e3-433c-9af8-6934d2279f6c:group-E41EBB7F3038 changes to CANDIDATE, lastRpcTime:5163, electionTimeout:5161ms
2019-09-24 19:14:23,741 [ForkJoinPool.commonPool-worker-1] INFO  handler.ContextHandler (ContextHandler.java:doStop(910)) - Stopped o.e.j.s.ServletContextHandler@17e9bc9e{/logs,file:///workdir/hadoop-ozone/integration-test/target/log,UNAVAILABLE}
2019-09-24 19:14:23,741 [Thread-849] INFO  impl.RoleInfo (RoleInfo.java:shutdownFollowerState(121)) - d65623be-04e3-433c-9af8-6934d2279f6c: shutdown FollowerState
2019-09-24 19:14:23,741 [Thread-849] INFO  impl.RaftServerImpl (RaftServerImpl.java:setRole(174)) - d65623be-04e3-433c-9af8-6934d2279f6c@group-E41EBB7F3038: changes role from  FOLLOWER to CANDIDATE at term 0 for changeToCandidate
2019-09-24 19:14:23,742 [Thread-849] INFO  impl.RoleInfo (RoleInfo.java:updateAndGet(143)) - d65623be-04e3-433c-9af8-6934d2279f6c: start LeaderElection
2019-09-24 19:14:23,787 [d65623be-04e3-433c-9af8-6934d2279f6c@group-E41EBB7F3038:LeaderElection51] INFO  impl.LeaderElection (LeaderElection.java:askForVotes(182)) - d65623be-04e3-433c-9af8-6934d2279f6c@group-E41EBB7F3038:LeaderElection51: begin an election at term 1 for -1: [d65623be-04e3-433c-9af8-6934d2279f6c:192.168.5.148:36478, 2aad5506-4352-4587-a9d6-f1a315122139:192.168.5.148:34412, 4d8f17a5-2079-45c1-8233-e8f9fa301948:192.168.5.148:37579], old=null
2019-09-24 19:14:23,788 [d65623be-04e3-433c-9af8-6934d2279f6c@group-E41EBB7F3038:LeaderElection51] INFO  impl.LeaderElection (LogUtils.java:infoOrTrace(149)) - d65623be-04e3-433c-9af8-6934d2279f6c@group-E41EBB7F3038:LeaderElection51 got exception when requesting votes: {}
java.util.concurrent.ExecutionException: org.apache.ratis.thirdparty.io.grpc.StatusRuntimeException: UNAVAILABLE: io exception
	at java.util.concurrent.FutureTask.report(FutureTask.java:122)
	at java.util.concurrent.FutureTask.get(FutureTask.java:192)
	at org.apache.ratis.server.impl.LeaderElection.waitForResults(LeaderElection.java:263)
	at org.apache.ratis.server.impl.LeaderElection.askForVotes(LeaderElection.java:201)
	at org.apache.ratis.server.impl.LeaderElection.run(LeaderElection.java:133)
	at java.lang.Thread.run(Thread.java:748)
Caused by: org.apache.ratis.thirdparty.io.grpc.StatusRuntimeException: UNAVAILABLE: io exception
	at org.apache.ratis.thirdparty.io.grpc.stub.ClientCalls.toStatusRuntimeException(ClientCalls.java:233)
	at org.apache.ratis.thirdparty.io.grpc.stub.ClientCalls.getUnchecked(ClientCalls.java:214)
	at org.apache.ratis.thirdparty.io.grpc.stub.ClientCalls.blockingUnaryCall(ClientCalls.java:139)
	at org.apache.ratis.proto.grpc.RaftServerProtocolServiceGrpc$RaftServerProtocolServiceBlockingStub.requestVote(RaftServerProtocolServiceGrpc.java:265)
	at org.apache.ratis.grpc.server.GrpcServerProtocolClient.requestVote(GrpcServerProtocolClient.java:90)
	at org.apache.ratis.grpc.server.GrpcService.requestVote(GrpcService.java:204)
	at org.apache.ratis.server.impl.LeaderElection.lambda$submitRequests$1(LeaderElection.java:238)
	at java.util.concurrent.FutureTask.run(FutureTask.java:266)
	at java.util.concurrent.Executors$RunnableAdapter.call(Executors.java:511)
	at java.util.concurrent.FutureTask.run(FutureTask.java:266)
	at java.util.concurrent.ThreadPoolExecutor.runWorker(ThreadPoolExecutor.java:1149)
	at java.util.concurrent.ThreadPoolExecutor$Worker.run(ThreadPoolExecutor.java:624)
	... 1 more
Caused by: org.apache.ratis.thirdparty.io.netty.channel.AbstractChannel$AnnotatedConnectException: Connection refused: /192.168.5.148:34412
	at sun.nio.ch.SocketChannelImpl.checkConnect(Native Method)
	at sun.nio.ch.SocketChannelImpl.finishConnect(SocketChannelImpl.java:717)
	at org.apache.ratis.thirdparty.io.netty.channel.socket.nio.NioSocketChannel.doFinishConnect(NioSocketChannel.java:327)
	at org.apache.ratis.thirdparty.io.netty.channel.nio.AbstractNioChannel$AbstractNioUnsafe.finishConnect(AbstractNioChannel.java:340)
	at org.apache.ratis.thirdparty.io.netty.channel.nio.NioEventLoop.processSelectedKey(NioEventLoop.java:632)
	at org.apache.ratis.thirdparty.io.netty.channel.nio.NioEventLoop.processSelectedKeysOptimized(NioEventLoop.java:579)
	at org.apache.ratis.thirdparty.io.netty.channel.nio.NioEventLoop.processSelectedKeys(NioEventLoop.java:496)
	at org.apache.ratis.thirdparty.io.netty.channel.nio.NioEventLoop.run(NioEventLoop.java:458)
	at org.apache.ratis.thirdparty.io.netty.util.concurrent.SingleThreadEventExecutor$5.run(SingleThreadEventExecutor.java:897)
	at org.apache.ratis.thirdparty.io.netty.util.concurrent.FastThreadLocalRunnable.run(FastThreadLocalRunnable.java:30)
	... 1 more
Caused by: java.net.ConnectException: Connection refused
	... 11 more
2019-09-24 19:14:23,791 [d65623be-04e3-433c-9af8-6934d2279f6c@group-E41EBB7F3038:LeaderElection51] INFO  impl.LeaderElection (LogUtils.java:infoOrTrace(149)) - d65623be-04e3-433c-9af8-6934d2279f6c@group-E41EBB7F3038:LeaderElection51 got exception when requesting votes: {}
java.util.concurrent.ExecutionException: org.apache.ratis.thirdparty.io.grpc.StatusRuntimeException: UNAVAILABLE: io exception
	at java.util.concurrent.FutureTask.report(FutureTask.java:122)
	at java.util.concurrent.FutureTask.get(FutureTask.java:192)
	at org.apache.ratis.server.impl.LeaderElection.waitForResults(LeaderElection.java:263)
	at org.apache.ratis.server.impl.LeaderElection.askForVotes(LeaderElection.java:201)
	at org.apache.ratis.server.impl.LeaderElection.run(LeaderElection.java:133)
	at java.lang.Thread.run(Thread.java:748)
Caused by: org.apache.ratis.thirdparty.io.grpc.StatusRuntimeException: UNAVAILABLE: io exception
	at org.apache.ratis.thirdparty.io.grpc.stub.ClientCalls.toStatusRuntimeException(ClientCalls.java:233)
	at org.apache.ratis.thirdparty.io.grpc.stub.ClientCalls.getUnchecked(ClientCalls.java:214)
	at org.apache.ratis.thirdparty.io.grpc.stub.ClientCalls.blockingUnaryCall(ClientCalls.java:139)
	at org.apache.ratis.proto.grpc.RaftServerProtocolServiceGrpc$RaftServerProtocolServiceBlockingStub.requestVote(RaftServerProtocolServiceGrpc.java:265)
	at org.apache.ratis.grpc.server.GrpcServerProtocolClient.requestVote(GrpcServerProtocolClient.java:90)
	at org.apache.ratis.grpc.server.GrpcService.requestVote(GrpcService.java:204)
	at org.apache.ratis.server.impl.LeaderElection.lambda$submitRequests$1(LeaderElection.java:238)
	at java.util.concurrent.FutureTask.run(FutureTask.java:266)
	at java.util.concurrent.Executors$RunnableAdapter.call(Executors.java:511)
	at java.util.concurrent.FutureTask.run(FutureTask.java:266)
	at java.util.concurrent.ThreadPoolExecutor.runWorker(ThreadPoolExecutor.java:1149)
	at java.util.concurrent.ThreadPoolExecutor$Worker.run(ThreadPoolExecutor.java:624)
	... 1 more
Caused by: org.apache.ratis.thirdparty.io.netty.channel.AbstractChannel$AnnotatedConnectException: Connection refused: /192.168.5.148:37579
	at sun.nio.ch.SocketChannelImpl.checkConnect(Native Method)
	at sun.nio.ch.SocketChannelImpl.finishConnect(SocketChannelImpl.java:717)
	at org.apache.ratis.thirdparty.io.netty.channel.socket.nio.NioSocketChannel.doFinishConnect(NioSocketChannel.java:327)
	at org.apache.ratis.thirdparty.io.netty.channel.nio.AbstractNioChannel$AbstractNioUnsafe.finishConnect(AbstractNioChannel.java:340)
	at org.apache.ratis.thirdparty.io.netty.channel.nio.NioEventLoop.processSelectedKey(NioEventLoop.java:632)
	at org.apache.ratis.thirdparty.io.netty.channel.nio.NioEventLoop.processSelectedKeysOptimized(NioEventLoop.java:579)
	at org.apache.ratis.thirdparty.io.netty.channel.nio.NioEventLoop.processSelectedKeys(NioEventLoop.java:496)
	at org.apache.ratis.thirdparty.io.netty.channel.nio.NioEventLoop.run(NioEventLoop.java:458)
	at org.apache.ratis.thirdparty.io.netty.util.concurrent.SingleThreadEventExecutor$5.run(SingleThreadEventExecutor.java:897)
	at org.apache.ratis.thirdparty.io.netty.util.concurrent.FastThreadLocalRunnable.run(FastThreadLocalRunnable.java:30)
	... 1 more
Caused by: java.net.ConnectException: Connection refused
	... 11 more
2019-09-24 19:14:23,793 [d65623be-04e3-433c-9af8-6934d2279f6c@group-E41EBB7F3038:LeaderElection51] INFO  impl.LeaderElection (LeaderElection.java:logAndReturn(56)) - d65623be-04e3-433c-9af8-6934d2279f6c@group-E41EBB7F3038:LeaderElection51: Election REJECTED; received 0 response(s) [] and 2 exception(s); d65623be-04e3-433c-9af8-6934d2279f6c@group-E41EBB7F3038:t1, leader=null, voted=d65623be-04e3-433c-9af8-6934d2279f6c, raftlog=d65623be-04e3-433c-9af8-6934d2279f6c@group-E41EBB7F3038-SegmentedRaftLog:OPENED:c-1,f-1,i0, conf=-1: [d65623be-04e3-433c-9af8-6934d2279f6c:192.168.5.148:36478, 2aad5506-4352-4587-a9d6-f1a315122139:192.168.5.148:34412, 4d8f17a5-2079-45c1-8233-e8f9fa301948:192.168.5.148:37579], old=null
2019-09-24 19:14:23,793 [d65623be-04e3-433c-9af8-6934d2279f6c@group-E41EBB7F3038:LeaderElection51] INFO  impl.LeaderElection (LogUtils.java:infoOrTrace(149)) -   Exception 0: {}
java.util.concurrent.ExecutionException: org.apache.ratis.thirdparty.io.grpc.StatusRuntimeException: UNAVAILABLE: io exception
	at java.util.concurrent.FutureTask.report(FutureTask.java:122)
	at java.util.concurrent.FutureTask.get(FutureTask.java:192)
	at org.apache.ratis.server.impl.LeaderElection.waitForResults(LeaderElection.java:263)
	at org.apache.ratis.server.impl.LeaderElection.askForVotes(LeaderElection.java:201)
	at org.apache.ratis.server.impl.LeaderElection.run(LeaderElection.java:133)
	at java.lang.Thread.run(Thread.java:748)
Caused by: org.apache.ratis.thirdparty.io.grpc.StatusRuntimeException: UNAVAILABLE: io exception
	at org.apache.ratis.thirdparty.io.grpc.stub.ClientCalls.toStatusRuntimeException(ClientCalls.java:233)
	at org.apache.ratis.thirdparty.io.grpc.stub.ClientCalls.getUnchecked(ClientCalls.java:214)
	at org.apache.ratis.thirdparty.io.grpc.stub.ClientCalls.blockingUnaryCall(ClientCalls.java:139)
	at org.apache.ratis.proto.grpc.RaftServerProtocolServiceGrpc$RaftServerProtocolServiceBlockingStub.requestVote(RaftServerProtocolServiceGrpc.java:265)
	at org.apache.ratis.grpc.server.GrpcServerProtocolClient.requestVote(GrpcServerProtocolClient.java:90)
	at org.apache.ratis.grpc.server.GrpcService.requestVote(GrpcService.java:204)
	at org.apache.ratis.server.impl.LeaderElection.lambda$submitRequests$1(LeaderElection.java:238)
	at java.util.concurrent.FutureTask.run(FutureTask.java:266)
	at java.util.concurrent.Executors$RunnableAdapter.call(Executors.java:511)
	at java.util.concurrent.FutureTask.run(FutureTask.java:266)
	at java.util.concurrent.ThreadPoolExecutor.runWorker(ThreadPoolExecutor.java:1149)
	at java.util.concurrent.ThreadPoolExecutor$Worker.run(ThreadPoolExecutor.java:624)
	... 1 more
Caused by: org.apache.ratis.thirdparty.io.netty.channel.AbstractChannel$AnnotatedConnectException: Connection refused: /192.168.5.148:34412
	at sun.nio.ch.SocketChannelImpl.checkConnect(Native Method)
	at sun.nio.ch.SocketChannelImpl.finishConnect(SocketChannelImpl.java:717)
	at org.apache.ratis.thirdparty.io.netty.channel.socket.nio.NioSocketChannel.doFinishConnect(NioSocketChannel.java:327)
	at org.apache.ratis.thirdparty.io.netty.channel.nio.AbstractNioChannel$AbstractNioUnsafe.finishConnect(AbstractNioChannel.java:340)
	at org.apache.ratis.thirdparty.io.netty.channel.nio.NioEventLoop.processSelectedKey(NioEventLoop.java:632)
	at org.apache.ratis.thirdparty.io.netty.channel.nio.NioEventLoop.processSelectedKeysOptimized(NioEventLoop.java:579)
	at org.apache.ratis.thirdparty.io.netty.channel.nio.NioEventLoop.processSelectedKeys(NioEventLoop.java:496)
	at org.apache.ratis.thirdparty.io.netty.channel.nio.NioEventLoop.run(NioEventLoop.java:458)
	at org.apache.ratis.thirdparty.io.netty.util.concurrent.SingleThreadEventExecutor$5.run(SingleThreadEventExecutor.java:897)
	at org.apache.ratis.thirdparty.io.netty.util.concurrent.FastThreadLocalRunnable.run(FastThreadLocalRunnable.java:30)
	... 1 more
Caused by: java.net.ConnectException: Connection refused
	... 11 more
2019-09-24 19:14:23,793 [d65623be-04e3-433c-9af8-6934d2279f6c@group-E41EBB7F3038:LeaderElection51] INFO  impl.LeaderElection (LogUtils.java:infoOrTrace(149)) -   Exception 1: {}
java.util.concurrent.ExecutionException: org.apache.ratis.thirdparty.io.grpc.StatusRuntimeException: UNAVAILABLE: io exception
	at java.util.concurrent.FutureTask.report(FutureTask.java:122)
	at java.util.concurrent.FutureTask.get(FutureTask.java:192)
	at org.apache.ratis.server.impl.LeaderElection.waitForResults(LeaderElection.java:263)
	at org.apache.ratis.server.impl.LeaderElection.askForVotes(LeaderElection.java:201)
	at org.apache.ratis.server.impl.LeaderElection.run(LeaderElection.java:133)
	at java.lang.Thread.run(Thread.java:748)
Caused by: org.apache.ratis.thirdparty.io.grpc.StatusRuntimeException: UNAVAILABLE: io exception
	at org.apache.ratis.thirdparty.io.grpc.stub.ClientCalls.toStatusRuntimeException(ClientCalls.java:233)
	at org.apache.ratis.thirdparty.io.grpc.stub.ClientCalls.getUnchecked(ClientCalls.java:214)
	at org.apache.ratis.thirdparty.io.grpc.stub.ClientCalls.blockingUnaryCall(ClientCalls.java:139)
	at org.apache.ratis.proto.grpc.RaftServerProtocolServiceGrpc$RaftServerProtocolServiceBlockingStub.requestVote(RaftServerProtocolServiceGrpc.java:265)
	at org.apache.ratis.grpc.server.GrpcServerProtocolClient.requestVote(GrpcServerProtocolClient.java:90)
	at org.apache.ratis.grpc.server.GrpcService.requestVote(GrpcService.java:204)
	at org.apache.ratis.server.impl.LeaderElection.lambda$submitRequests$1(LeaderElection.java:238)
	at java.util.concurrent.FutureTask.run(FutureTask.java:266)
	at java.util.concurrent.Executors$RunnableAdapter.call(Executors.java:511)
	at java.util.concurrent.FutureTask.run(FutureTask.java:266)
	at java.util.concurrent.ThreadPoolExecutor.runWorker(ThreadPoolExecutor.java:1149)
	at java.util.concurrent.ThreadPoolExecutor$Worker.run(ThreadPoolExecutor.java:624)
	... 1 more
Caused by: org.apache.ratis.thirdparty.io.netty.channel.AbstractChannel$AnnotatedConnectException: Connection refused: /192.168.5.148:37579
	at sun.nio.ch.SocketChannelImpl.checkConnect(Native Method)
	at sun.nio.ch.SocketChannelImpl.finishConnect(SocketChannelImpl.java:717)
	at org.apache.ratis.thirdparty.io.netty.channel.socket.nio.NioSocketChannel.doFinishConnect(NioSocketChannel.java:327)
	at org.apache.ratis.thirdparty.io.netty.channel.nio.AbstractNioChannel$AbstractNioUnsafe.finishConnect(AbstractNioChannel.java:340)
	at org.apache.ratis.thirdparty.io.netty.channel.nio.NioEventLoop.processSelectedKey(NioEventLoop.java:632)
	at org.apache.ratis.thirdparty.io.netty.channel.nio.NioEventLoop.processSelectedKeysOptimized(NioEventLoop.java:579)
	at org.apache.ratis.thirdparty.io.netty.channel.nio.NioEventLoop.processSelectedKeys(NioEventLoop.java:496)
	at org.apache.ratis.thirdparty.io.netty.channel.nio.NioEventLoop.run(NioEventLoop.java:458)
	at org.apache.ratis.thirdparty.io.netty.util.concurrent.SingleThreadEventExecutor$5.run(SingleThreadEventExecutor.java:897)
	at org.apache.ratis.thirdparty.io.netty.util.concurrent.FastThreadLocalRunnable.run(FastThreadLocalRunnable.java:30)
	... 1 more
Caused by: java.net.ConnectException: Connection refused
	... 11 more
2019-09-24 19:14:23,794 [d65623be-04e3-433c-9af8-6934d2279f6c@group-E41EBB7F3038:LeaderElection51] INFO  impl.RaftServerImpl (RaftServerImpl.java:setRole(174)) - d65623be-04e3-433c-9af8-6934d2279f6c@group-E41EBB7F3038: changes role from CANDIDATE to FOLLOWER at term 1 for DISCOVERED_A_NEW_TERM
2019-09-24 19:14:23,794 [d65623be-04e3-433c-9af8-6934d2279f6c@group-E41EBB7F3038:LeaderElection51] INFO  impl.RoleInfo (RoleInfo.java:shutdownLeaderElection(134)) - d65623be-04e3-433c-9af8-6934d2279f6c: shutdown LeaderElection
2019-09-24 19:14:23,794 [d65623be-04e3-433c-9af8-6934d2279f6c@group-E41EBB7F3038:LeaderElection51] INFO  impl.RoleInfo (RoleInfo.java:updateAndGet(143)) - d65623be-04e3-433c-9af8-6934d2279f6c: start FollowerState
2019-09-24 19:14:24,158 [Datanode State Machine Thread - 0] INFO  statemachine.DatanodeStateMachine (DatanodeStateMachine.java:lambda$startDaemon$0(350)) - Ozone container server started.
2019-09-24 19:14:24,229 [Datanode State Machine Thread - 0] INFO  statemachine.DatanodeStateMachine (DatanodeStateMachine.java:lambda$startDaemon$0(350)) - Ozone container server started.
2019-09-24 19:14:28,638 [Thread-863] INFO  impl.FollowerState (FollowerState.java:run(106)) - d65623be-04e3-433c-9af8-6934d2279f6c:group-B0DE2BEA193A changes to CANDIDATE, lastRpcTime:5124, electionTimeout:5124ms
2019-09-24 19:14:28,638 [Thread-863] INFO  impl.RoleInfo (RoleInfo.java:shutdownFollowerState(121)) - d65623be-04e3-433c-9af8-6934d2279f6c: shutdown FollowerState
2019-09-24 19:14:28,638 [Thread-863] INFO  impl.RaftServerImpl (RaftServerImpl.java:setRole(174)) - d65623be-04e3-433c-9af8-6934d2279f6c@group-B0DE2BEA193A: changes role from  FOLLOWER to CANDIDATE at term 5 for changeToCandidate
2019-09-24 19:14:28,639 [Thread-863] INFO  impl.RoleInfo (RoleInfo.java:updateAndGet(143)) - d65623be-04e3-433c-9af8-6934d2279f6c: start LeaderElection
2019-09-24 19:14:28,650 [Thread-874] INFO  impl.FollowerState (FollowerState.java:run(106)) - d65623be-04e3-433c-9af8-6934d2279f6c:group-7A54B0AAA595 changes to CANDIDATE, lastRpcTime:5009, electionTimeout:5009ms
2019-09-24 19:14:28,650 [Thread-874] INFO  impl.RoleInfo (RoleInfo.java:shutdownFollowerState(121)) - d65623be-04e3-433c-9af8-6934d2279f6c: shutdown FollowerState
2019-09-24 19:14:28,651 [Thread-874] INFO  impl.RaftServerImpl (RaftServerImpl.java:setRole(174)) - d65623be-04e3-433c-9af8-6934d2279f6c@group-7A54B0AAA595: changes role from  FOLLOWER to CANDIDATE at term 1 for changeToCandidate
2019-09-24 19:14:28,651 [Thread-874] INFO  impl.RoleInfo (RoleInfo.java:updateAndGet(143)) - d65623be-04e3-433c-9af8-6934d2279f6c: start LeaderElection
2019-09-24 19:14:28,667 [Thread-878] INFO  impl.FollowerState (FollowerState.java:run(106)) - d65623be-04e3-433c-9af8-6934d2279f6c:group-7A38BE0F8EED changes to CANDIDATE, lastRpcTime:5016, electionTimeout:5016ms
2019-09-24 19:14:28,668 [Thread-878] INFO  impl.RoleInfo (RoleInfo.java:shutdownFollowerState(121)) - d65623be-04e3-433c-9af8-6934d2279f6c: shutdown FollowerState
2019-09-24 19:14:28,668 [Thread-878] INFO  impl.RaftServerImpl (RaftServerImpl.java:setRole(174)) - d65623be-04e3-433c-9af8-6934d2279f6c@group-7A38BE0F8EED: changes role from  FOLLOWER to CANDIDATE at term 1 for changeToCandidate
2019-09-24 19:14:28,668 [Thread-878] INFO  impl.RoleInfo (RoleInfo.java:updateAndGet(143)) - d65623be-04e3-433c-9af8-6934d2279f6c: start LeaderElection
2019-09-24 19:14:28,718 [Thread-866] INFO  impl.FollowerState (FollowerState.java:run(106)) - d65623be-04e3-433c-9af8-6934d2279f6c:group-E5528CAA5F29 changes to CANDIDATE, lastRpcTime:5176, electionTimeout:5176ms
2019-09-24 19:14:28,718 [Thread-866] INFO  impl.RoleInfo (RoleInfo.java:shutdownFollowerState(121)) - d65623be-04e3-433c-9af8-6934d2279f6c: shutdown FollowerState
2019-09-24 19:14:28,718 [Thread-866] INFO  impl.RaftServerImpl (RaftServerImpl.java:setRole(174)) - d65623be-04e3-433c-9af8-6934d2279f6c@group-E5528CAA5F29: changes role from  FOLLOWER to CANDIDATE at term 1 for changeToCandidate
2019-09-24 19:14:28,718 [Thread-866] INFO  impl.RoleInfo (RoleInfo.java:updateAndGet(143)) - d65623be-04e3-433c-9af8-6934d2279f6c: start LeaderElection
2019-09-24 19:14:28,725 [main] INFO  ozoneimpl.OzoneContainer (OzoneContainer.java:stop(231)) - Attempting to stop container services.
2019-09-24 19:14:28,726 [main] INFO  impl.RaftServerProxy (RaftServerProxy.java:lambda$close$4(314)) - d65623be-04e3-433c-9af8-6934d2279f6c: close
2019-09-24 19:14:28,726 [main] INFO  impl.RaftServerImpl (RaftServerImpl.java:lambda$shutdown$3(251)) - d65623be-04e3-433c-9af8-6934d2279f6c@group-E5528CAA5F29: shutdown
2019-09-24 19:14:28,727 [main] INFO  util.JmxRegister (JmxRegister.java:unregister(73)) - Successfully un-registered JMX Bean with object name Ratis:service=RaftServer,group=group-E5528CAA5F29,id=d65623be-04e3-433c-9af8-6934d2279f6c
2019-09-24 19:14:28,727 [main] INFO  impl.RoleInfo (RoleInfo.java:shutdownLeaderElection(134)) - d65623be-04e3-433c-9af8-6934d2279f6c: shutdown LeaderElection
2019-09-24 19:14:28,728 [main] INFO  impl.StateMachineUpdater (StateMachineUpdater.java:stopAndJoin(125)) - d65623be-04e3-433c-9af8-6934d2279f6c@group-E5528CAA5F29-StateMachineUpdater: set stopIndex = -1
2019-09-24 19:14:28,728 [main] INFO  impl.RaftServerImpl (ServerState.java:close(385)) - d65623be-04e3-433c-9af8-6934d2279f6c@group-E5528CAA5F29: closes. applyIndex: -1
2019-09-24 19:14:28,729 [d65623be-04e3-433c-9af8-6934d2279f6c@group-E5528CAA5F29-SegmentedRaftLogWorker] INFO  segmented.SegmentedRaftLogWorker (SegmentedRaftLogWorker.java:run(313)) - d65623be-04e3-433c-9af8-6934d2279f6c@group-E5528CAA5F29-SegmentedRaftLogWorker was interrupted, exiting. There are 0 tasks remaining in the queue.
2019-09-24 19:14:28,729 [main] INFO  segmented.SegmentedRaftLogWorker (SegmentedRaftLogWorker.java:close(228)) - d65623be-04e3-433c-9af8-6934d2279f6c@group-E5528CAA5F29-SegmentedRaftLogWorker close()
2019-09-24 19:14:28,731 [main] INFO  impl.RaftServerImpl (RaftServerImpl.java:lambda$shutdown$3(251)) - d65623be-04e3-433c-9af8-6934d2279f6c@group-7A54B0AAA595: shutdown
2019-09-24 19:14:28,732 [main] INFO  util.JmxRegister (JmxRegister.java:unregister(73)) - Successfully un-registered JMX Bean with object name Ratis:service=RaftServer,group=group-7A54B0AAA595,id=d65623be-04e3-433c-9af8-6934d2279f6c
2019-09-24 19:14:28,732 [main] INFO  impl.RoleInfo (RoleInfo.java:shutdownLeaderElection(134)) - d65623be-04e3-433c-9af8-6934d2279f6c: shutdown LeaderElection
2019-09-24 19:14:28,732 [main] INFO  impl.StateMachineUpdater (StateMachineUpdater.java:stopAndJoin(125)) - d65623be-04e3-433c-9af8-6934d2279f6c@group-7A54B0AAA595-StateMachineUpdater: set stopIndex = -1
2019-09-24 19:14:28,733 [main] INFO  impl.RaftServerImpl (ServerState.java:close(385)) - d65623be-04e3-433c-9af8-6934d2279f6c@group-7A54B0AAA595: closes. applyIndex: -1
2019-09-24 19:14:28,734 [d65623be-04e3-433c-9af8-6934d2279f6c@group-7A54B0AAA595-SegmentedRaftLogWorker] INFO  segmented.SegmentedRaftLogWorker (SegmentedRaftLogWorker.java:run(313)) - d65623be-04e3-433c-9af8-6934d2279f6c@group-7A54B0AAA595-SegmentedRaftLogWorker was interrupted, exiting. There are 0 tasks remaining in the queue.
2019-09-24 19:14:28,734 [main] INFO  segmented.SegmentedRaftLogWorker (SegmentedRaftLogWorker.java:close(228)) - d65623be-04e3-433c-9af8-6934d2279f6c@group-7A54B0AAA595-SegmentedRaftLogWorker close()
2019-09-24 19:14:28,735 [main] INFO  impl.RaftServerImpl (RaftServerImpl.java:lambda$shutdown$3(251)) - d65623be-04e3-433c-9af8-6934d2279f6c@group-A86B03FCFDE6: shutdown
2019-09-24 19:14:28,736 [main] INFO  util.JmxRegister (JmxRegister.java:unregister(73)) - Successfully un-registered JMX Bean with object name Ratis:service=RaftServer,group=group-A86B03FCFDE6,id=d65623be-04e3-433c-9af8-6934d2279f6c
2019-09-24 19:14:28,736 [main] INFO  impl.RoleInfo (RoleInfo.java:shutdownFollowerState(121)) - d65623be-04e3-433c-9af8-6934d2279f6c: shutdown FollowerState
2019-09-24 19:14:28,737 [main] INFO  impl.StateMachineUpdater (StateMachineUpdater.java:stopAndJoin(125)) - d65623be-04e3-433c-9af8-6934d2279f6c@group-A86B03FCFDE6-StateMachineUpdater: set stopIndex = -1
2019-09-24 19:14:28,737 [Thread-875] INFO  impl.FollowerState (FollowerState.java:run(115)) - d65623be-04e3-433c-9af8-6934d2279f6c: FollowerState was interrupted: java.lang.InterruptedException: sleep interrupted
2019-09-24 19:14:28,737 [main] INFO  impl.RaftServerImpl (ServerState.java:close(385)) - d65623be-04e3-433c-9af8-6934d2279f6c@group-A86B03FCFDE6: closes. applyIndex: -1
2019-09-24 19:14:28,739 [d65623be-04e3-433c-9af8-6934d2279f6c@group-A86B03FCFDE6-SegmentedRaftLogWorker] INFO  segmented.SegmentedRaftLogWorker (SegmentedRaftLogWorker.java:run(313)) - d65623be-04e3-433c-9af8-6934d2279f6c@group-A86B03FCFDE6-SegmentedRaftLogWorker was interrupted, exiting. There are 0 tasks remaining in the queue.
2019-09-24 19:14:28,739 [main] INFO  segmented.SegmentedRaftLogWorker (SegmentedRaftLogWorker.java:close(228)) - d65623be-04e3-433c-9af8-6934d2279f6c@group-A86B03FCFDE6-SegmentedRaftLogWorker close()
2019-09-24 19:14:28,741 [main] INFO  impl.RaftServerImpl (RaftServerImpl.java:lambda$shutdown$3(251)) - d65623be-04e3-433c-9af8-6934d2279f6c@group-7A38BE0F8EED: shutdown
2019-09-24 19:14:28,741 [main] INFO  util.JmxRegister (JmxRegister.java:unregister(73)) - Successfully un-registered JMX Bean with object name Ratis:service=RaftServer,group=group-7A38BE0F8EED,id=d65623be-04e3-433c-9af8-6934d2279f6c
2019-09-24 19:14:28,742 [main] INFO  impl.RoleInfo (RoleInfo.java:shutdownLeaderElection(134)) - d65623be-04e3-433c-9af8-6934d2279f6c: shutdown LeaderElection
2019-09-24 19:14:28,742 [main] INFO  impl.StateMachineUpdater (StateMachineUpdater.java:stopAndJoin(125)) - d65623be-04e3-433c-9af8-6934d2279f6c@group-7A38BE0F8EED-StateMachineUpdater: set stopIndex = -1
2019-09-24 19:14:28,743 [main] INFO  impl.RaftServerImpl (ServerState.java:close(385)) - d65623be-04e3-433c-9af8-6934d2279f6c@group-7A38BE0F8EED: closes. applyIndex: -1
2019-09-24 19:14:28,743 [d65623be-04e3-433c-9af8-6934d2279f6c@group-7A38BE0F8EED-SegmentedRaftLogWorker] INFO  segmented.SegmentedRaftLogWorker (SegmentedRaftLogWorker.java:run(313)) - d65623be-04e3-433c-9af8-6934d2279f6c@group-7A38BE0F8EED-SegmentedRaftLogWorker was interrupted, exiting. There are 0 tasks remaining in the queue.
2019-09-24 19:14:28,743 [main] INFO  segmented.SegmentedRaftLogWorker (SegmentedRaftLogWorker.java:close(228)) - d65623be-04e3-433c-9af8-6934d2279f6c@group-7A38BE0F8EED-SegmentedRaftLogWorker close()
2019-09-24 19:14:28,745 [main] INFO  impl.RaftServerImpl (RaftServerImpl.java:lambda$shutdown$3(251)) - d65623be-04e3-433c-9af8-6934d2279f6c@group-B0DE2BEA193A: shutdown
2019-09-24 19:14:28,745 [main] INFO  util.JmxRegister (JmxRegister.java:unregister(73)) - Successfully un-registered JMX Bean with object name Ratis:service=RaftServer,group=group-B0DE2BEA193A,id=d65623be-04e3-433c-9af8-6934d2279f6c
2019-09-24 19:14:28,746 [main] INFO  impl.RoleInfo (RoleInfo.java:shutdownLeaderElection(134)) - d65623be-04e3-433c-9af8-6934d2279f6c: shutdown LeaderElection
2019-09-24 19:14:28,746 [main] INFO  impl.StateMachineUpdater (StateMachineUpdater.java:stopAndJoin(125)) - d65623be-04e3-433c-9af8-6934d2279f6c@group-B0DE2BEA193A-StateMachineUpdater: set stopIndex = -1
2019-09-24 19:14:28,747 [main] INFO  impl.RaftServerImpl (ServerState.java:close(385)) - d65623be-04e3-433c-9af8-6934d2279f6c@group-B0DE2BEA193A: closes. applyIndex: -1
2019-09-24 19:14:28,747 [d65623be-04e3-433c-9af8-6934d2279f6c@group-B0DE2BEA193A-SegmentedRaftLogWorker] INFO  segmented.SegmentedRaftLogWorker (SegmentedRaftLogWorker.java:run(313)) - d65623be-04e3-433c-9af8-6934d2279f6c@group-B0DE2BEA193A-SegmentedRaftLogWorker was interrupted, exiting. There are 0 tasks remaining in the queue.
2019-09-24 19:14:28,747 [main] INFO  segmented.SegmentedRaftLogWorker (SegmentedRaftLogWorker.java:close(228)) - d65623be-04e3-433c-9af8-6934d2279f6c@group-B0DE2BEA193A-SegmentedRaftLogWorker close()
2019-09-24 19:14:28,747 [ForkJoinPool.commonPool-worker-1] INFO  ozoneimpl.OzoneContainer (OzoneContainer.java:stop(231)) - Attempting to stop container services.
2019-09-24 19:14:28,749 [main] INFO  impl.RaftServerImpl (RaftServerImpl.java:lambda$shutdown$3(251)) - d65623be-04e3-433c-9af8-6934d2279f6c@group-E41EBB7F3038: shutdown
2019-09-24 19:14:28,749 [ForkJoinPool.commonPool-worker-1] INFO  impl.RaftServerProxy (RaftServerProxy.java:lambda$close$4(314)) - 6ea95935-ca1a-4a75-a672-ea37e11478e6: close
2019-09-24 19:14:28,750 [main] INFO  util.JmxRegister (JmxRegister.java:unregister(73)) - Successfully un-registered JMX Bean with object name Ratis:service=RaftServer,group=group-E41EBB7F3038,id=d65623be-04e3-433c-9af8-6934d2279f6c
2019-09-24 19:14:28,750 [ForkJoinPool.commonPool-worker-1] INFO  server.GrpcService (GrpcService.java:closeImpl(164)) - 6ea95935-ca1a-4a75-a672-ea37e11478e6: shutdown server with port 38722 now
2019-09-24 19:14:28,750 [main] INFO  impl.RoleInfo (RoleInfo.java:shutdownFollowerState(121)) - d65623be-04e3-433c-9af8-6934d2279f6c: shutdown FollowerState
2019-09-24 19:14:28,751 [ForkJoinPool.commonPool-worker-1] INFO  server.GrpcService (GrpcService.java:closeImpl(172)) - 6ea95935-ca1a-4a75-a672-ea37e11478e6: shutdown server with port 38722 successfully
2019-09-24 19:14:28,751 [Thread-882] INFO  impl.FollowerState (FollowerState.java:run(115)) - d65623be-04e3-433c-9af8-6934d2279f6c: FollowerState was interrupted: java.lang.InterruptedException: sleep interrupted
2019-09-24 19:14:28,751 [main] INFO  impl.StateMachineUpdater (StateMachineUpdater.java:stopAndJoin(125)) - d65623be-04e3-433c-9af8-6934d2279f6c@group-E41EBB7F3038-StateMachineUpdater: set stopIndex = -1
2019-09-24 19:14:28,754 [main] INFO  impl.RaftServerImpl (ServerState.java:close(385)) - d65623be-04e3-433c-9af8-6934d2279f6c@group-E41EBB7F3038: closes. applyIndex: -1
2019-09-24 19:14:28,754 [refreshUsed-/workdir/hadoop-ozone/integration-test/target/test-dir/MiniOzoneClusterImpl-927e61bf-33d4-4c72-9c6e-e846b22cd97e/datanode-5/data/containers] WARN  fs.CachingGetSpaceUsed (CachingGetSpaceUsed.java:run(183)) - Thread Interrupted waiting to refresh disk information: sleep interrupted
2019-09-24 19:14:28,755 [d65623be-04e3-433c-9af8-6934d2279f6c@group-E41EBB7F3038-SegmentedRaftLogWorker] INFO  segmented.SegmentedRaftLogWorker (SegmentedRaftLogWorker.java:run(313)) - d65623be-04e3-433c-9af8-6934d2279f6c@group-E41EBB7F3038-SegmentedRaftLogWorker was interrupted, exiting. There are 0 tasks remaining in the queue.
2019-09-24 19:14:28,755 [main] INFO  segmented.SegmentedRaftLogWorker (SegmentedRaftLogWorker.java:close(228)) - d65623be-04e3-433c-9af8-6934d2279f6c@group-E41EBB7F3038-SegmentedRaftLogWorker close()
2019-09-24 19:14:28,757 [main] INFO  server.GrpcService (GrpcService.java:closeImpl(164)) - d65623be-04e3-433c-9af8-6934d2279f6c: shutdown server with port 36478 now
2019-09-24 19:14:28,760 [main] INFO  server.GrpcService (GrpcService.java:closeImpl(172)) - d65623be-04e3-433c-9af8-6934d2279f6c: shutdown server with port 36478 successfully
2019-09-24 19:14:28,764 [refreshUsed-/workdir/hadoop-ozone/integration-test/target/test-dir/MiniOzoneClusterImpl-927e61bf-33d4-4c72-9c6e-e846b22cd97e/datanode-6/data/containers] WARN  fs.CachingGetSpaceUsed (CachingGetSpaceUsed.java:run(183)) - Thread Interrupted waiting to refresh disk information: sleep interrupted
2019-09-24 19:14:28,785 [ForkJoinPool.commonPool-worker-1] INFO  utils.BackgroundService (BackgroundService.java:shutdown(148)) - Shutting down service BlockDeletingService
2019-09-24 19:14:28,786 [main] INFO  utils.BackgroundService (BackgroundService.java:shutdown(148)) - Shutting down service BlockDeletingService
2019-09-24 19:14:28,788 [ForkJoinPool.commonPool-worker-1] INFO  statemachine.DatanodeStateMachine (DatanodeStateMachine.java:stopDaemon(395)) - Ozone container server stopped.
2019-09-24 19:14:28,792 [main] INFO  statemachine.DatanodeStateMachine (DatanodeStateMachine.java:stopDaemon(395)) - Ozone container server stopped.
2019-09-24 19:14:28,793 [ForkJoinPool.commonPool-worker-1] INFO  handler.ContextHandler (ContextHandler.java:doStop(910)) - Stopped o.e.j.w.WebAppContext@640cc04b{/,null,UNAVAILABLE}{/hddsDatanode}
2019-09-24 19:14:28,793 [main] INFO  handler.ContextHandler (ContextHandler.java:doStop(910)) - Stopped o.e.j.w.WebAppContext@388623ad{/,null,UNAVAILABLE}{/hddsDatanode}
2019-09-24 19:14:28,794 [ForkJoinPool.commonPool-worker-1] INFO  server.AbstractConnector (AbstractConnector.java:doStop(318)) - Stopped ServerConnector@630bf683{HTTP/1.1,[http/1.1]}{0.0.0.0:0}
2019-09-24 19:14:28,794 [main] INFO  server.AbstractConnector (AbstractConnector.java:doStop(318)) - Stopped ServerConnector@91f565d{HTTP/1.1,[http/1.1]}{0.0.0.0:0}
2019-09-24 19:14:28,795 [ForkJoinPool.commonPool-worker-1] INFO  handler.ContextHandler (ContextHandler.java:doStop(910)) - Stopped o.e.j.s.ServletContextHandler@168b4cb0{/static,jar:file:/home/user/.m2/repository/org/apache/hadoop/hadoop-hdds-container-service/0.5.0-SNAPSHOT/hadoop-hdds-container-service-0.5.0-SNAPSHOT.jar!/webapps/static,UNAVAILABLE}
2019-09-24 19:14:28,795 [main] INFO  handler.ContextHandler (ContextHandler.java:doStop(910)) - Stopped o.e.j.s.ServletContextHandler@7237f3c1{/static,jar:file:/home/user/.m2/repository/org/apache/hadoop/hadoop-hdds-container-service/0.5.0-SNAPSHOT/hadoop-hdds-container-service-0.5.0-SNAPSHOT.jar!/webapps/static,UNAVAILABLE}
2019-09-24 19:14:28,796 [ForkJoinPool.commonPool-worker-1] INFO  handler.ContextHandler (ContextHandler.java:doStop(910)) - Stopped o.e.j.s.ServletContextHandler@7f9e8421{/logs,file:///workdir/hadoop-ozone/integration-test/target/log,UNAVAILABLE}
2019-09-24 19:14:28,797 [main] INFO  handler.ContextHandler (ContextHandler.java:doStop(910)) - Stopped o.e.j.s.ServletContextHandler@78ec89a6{/logs,file:///workdir/hadoop-ozone/integration-test/target/log,UNAVAILABLE}
2019-09-24 19:14:28,798 [main] INFO  ozone.MiniOzoneClusterImpl (MiniOzoneClusterImpl.java:stopSCM(392)) - Stopping the StorageContainerManager
2019-09-24 19:14:28,798 [main] INFO  server.StorageContainerManager (StorageContainerManager.java:stop(808)) - Stopping Replication Manager Service.
2019-09-24 19:14:28,798 [main] INFO  container.ReplicationManager (ReplicationManager.java:stop(203)) - Stopping Replication Monitor Thread.
2019-09-24 19:14:28,798 [main] INFO  server.StorageContainerManager (StorageContainerManager.java:stop(815)) - Stopping Lease Manager of the command watchers
2019-09-24 19:14:28,799 [main] INFO  server.StorageContainerManager (StorageContainerManager.java:stop(822)) - Stopping datanode service RPC server
2019-09-24 19:14:28,799 [main] INFO  server.SCMDatanodeProtocolServer (SCMDatanodeProtocolServer.java:stop(367)) - Stopping the RPC server for DataNodes
2019-09-24 19:14:28,799 [main] INFO  ipc.Server (Server.java:stop(3082)) - Stopping server on 45900
2019-09-24 19:14:28,801 [IPC Server listener on 45900] INFO  ipc.Server (Server.java:run(1185)) - Stopping IPC Server listener on 45900
2019-09-24 19:14:28,802 [IPC Server Responder] INFO  ipc.Server (Server.java:run(1319)) - Stopping IPC Server Responder
2019-09-24 19:14:28,816 [SCM Heartbeat Processing Thread - 0] WARN  node.NodeStateManager (NodeStateManager.java:scheduleNextHealthCheck(646)) - Current Thread is interrupted, shutting down HB processing thread for Node Manager.
2019-09-24 19:14:28,817 [main] INFO  server.StorageContainerManager (StorageContainerManager.java:stop(830)) - Stopping block service RPC server
2019-09-24 19:14:28,817 [main] INFO  server.SCMBlockProtocolServer (SCMBlockProtocolServer.java:stop(155)) - Stopping the RPC server for Block Protocol
2019-09-24 19:14:28,817 [main] INFO  ipc.Server (Server.java:stop(3082)) - Stopping server on 35247
2019-09-24 19:14:28,818 [main] INFO  server.StorageContainerManager (StorageContainerManager.java:stop(837)) - Stopping the StorageContainerLocationProtocol RPC server
2019-09-24 19:14:28,819 [IPC Server listener on 35247] INFO  ipc.Server (Server.java:run(1185)) - Stopping IPC Server listener on 35247
2019-09-24 19:14:28,819 [main] INFO  server.SCMClientProtocolServer (SCMClientProtocolServer.java:stop(159)) - Stopping the RPC server for Client Protocol
2019-09-24 19:14:28,819 [IPC Server Responder] INFO  ipc.Server (Server.java:run(1319)) - Stopping IPC Server Responder
2019-09-24 19:14:28,820 [main] INFO  ipc.Server (Server.java:stop(3082)) - Stopping server on 41051
2019-09-24 19:14:28,823 [IPC Server listener on 41051] INFO  ipc.Server (Server.java:run(1185)) - Stopping IPC Server listener on 41051
2019-09-24 19:14:28,823 [main] INFO  server.StorageContainerManager (StorageContainerManager.java:stop(844)) - Stopping Storage Container Manager HTTP server.
2019-09-24 19:14:28,823 [IPC Server Responder] INFO  ipc.Server (Server.java:run(1319)) - Stopping IPC Server Responder
2019-09-24 19:14:28,825 [main] INFO  handler.ContextHandler (ContextHandler.java:doStop(910)) - Stopped o.e.j.w.WebAppContext@2dbfcf7{/,null,UNAVAILABLE}{/scm}
2019-09-24 19:14:28,826 [main] INFO  server.AbstractConnector (AbstractConnector.java:doStop(318)) - Stopped ServerConnector@239f017e{HTTP/1.1,[http/1.1]}{0.0.0.0:0}
2019-09-24 19:14:28,826 [main] INFO  handler.ContextHandler (ContextHandler.java:doStop(910)) - Stopped o.e.j.s.ServletContextHandler@34c70b5e{/static,file:///workdir/hadoop-ozone/integration-test/target/test-classes/webapps/static,UNAVAILABLE}
2019-09-24 19:14:28,826 [main] INFO  handler.ContextHandler (ContextHandler.java:doStop(910)) - Stopped o.e.j.s.ServletContextHandler@bc6288b{/logs,file:///workdir/hadoop-ozone/integration-test/target/log,UNAVAILABLE}
2019-09-24 19:14:28,827 [main] INFO  server.StorageContainerManager (StorageContainerManager.java:stop(855)) - Stopping Block Manager Service.
2019-09-24 19:14:28,828 [main] INFO  utils.BackgroundService (BackgroundService.java:shutdown(148)) - Shutting down service SCMBlockDeletingService
2019-09-24 19:14:28,828 [main] INFO  utils.BackgroundService (BackgroundService.java:shutdown(148)) - Shutting down service SCMBlockDeletingService
2019-09-24 19:14:28,828 [main] INFO  server.StorageContainerManager (StorageContainerManager.java:stop(877)) - Stopping SCM Event Queue.
2019-09-24 19:14:28,844 [main] INFO  impl.MetricsSystemImpl (MetricsSystemImpl.java:stop(210)) - Stopping HddsDatanode metrics system...
2019-09-24 19:14:28,860 [main] INFO  impl.MetricsSystemImpl (MetricsSystemImpl.java:stop(216)) - HddsDatanode metrics system stopped.
]]></system-out>
  </testcase>
</testsuite>