<?xml version="1.0" encoding="UTF-8"?>
<testsuite xmlns:xsi="http://www.w3.org/2001/XMLSchema-instance" xsi:noNamespaceSchemaLocation="https://maven.apache.org/surefire/maven-surefire-plugin/xsd/surefire-test-report.xsd" name="org.apache.hadoop.ozone.scm.TestSCMContainerPlacementPolicyMetrics" time="81.789" tests="1" errors="1" skipped="0" failures="0">
  <properties>
    <property name="awt.toolkit" value="sun.awt.X11.XToolkit"/>
    <property name="file.encoding.pkg" value="sun.io"/>
    <property name="java.specification.version" value="1.8"/>
    <property name="sun.cpu.isalist" value=""/>
    <property name="sun.jnu.encoding" value="UTF-8"/>
    <property name="java.class.path" value="/workdir/hadoop-ozone/integration-test/target/test-classes:/workdir/hadoop-ozone/integration-test/target/classes:/home/user/.m2/repository/org/apache/hadoop/hadoop-ozone-common/0.5.0-SNAPSHOT/hadoop-ozone-common-0.5.0-SNAPSHOT.jar:/home/user/.m2/repository/org/apache/commons/commons-compress/1.4.1/commons-compress-1.4.1.jar:/home/user/.m2/repository/org/tukaani/xz/1.0/xz-1.0.jar:/home/user/.m2/repository/org/apache/hadoop/hadoop-common/3.2.0/hadoop-common-3.2.0.jar:/home/user/.m2/repository/org/apache/hadoop/hadoop-hdfs/3.2.0/hadoop-hdfs-3.2.0.jar:/home/user/.m2/repository/org/apache/hadoop/hadoop-hdfs-client/3.2.0/hadoop-hdfs-client-3.2.0.jar:/home/user/.m2/repository/com/fasterxml/jackson/core/jackson-annotations/2.9.9/jackson-annotations-2.9.9.jar:/home/user/.m2/repository/org/apache/hadoop/hadoop-hdds-common/0.5.0-SNAPSHOT/hadoop-hdds-common-0.5.0-SNAPSHOT.jar:/home/user/.m2/repository/javax/annotation/javax.annotation-api/1.2/javax.annotation-api-1.2.jar:/home/user/.m2/repository/org/apache/ratis/ratis-server/0.4.0/ratis-server-0.4.0.jar:/home/user/.m2/repository/org/apache/ratis/ratis-thirdparty-misc/0.2.0/ratis-thirdparty-misc-0.2.0.jar:/home/user/.m2/repository/org/apache/ratis/ratis-proto/0.4.0/ratis-proto-0.4.0.jar:/home/user/.m2/repository/org/apache/ratis/ratis-common/0.4.0/ratis-common-0.4.0.jar:/home/user/.m2/repository/org/apache/ratis/ratis-client/0.4.0/ratis-client-0.4.0.jar:/home/user/.m2/repository/org/apache/ratis/ratis-metrics/0.4.0/ratis-metrics-0.4.0.jar:/home/user/.m2/repository/com/github/joshelser/dropwizard-metrics-hadoop-metrics2-reporter/0.1.2/dropwizard-metrics-hadoop-metrics2-reporter-0.1.2.jar:/home/user/.m2/repository/io/dropwizard/metrics/metrics-jvm/3.2.5/metrics-jvm-3.2.5.jar:/home/user/.m2/repository/io/dropwizard/metrics/metrics-ganglia/3.2.5/metrics-ganglia-3.2.5.jar:/home/user/.m2/repository/info/ganglia/gmetric4j/gmetric4j/1.0.7/gmetric4j-1.0.7.jar:/home/user/.m2/repository/org/apache/ratis/ratis-netty/0.4.0/ratis-netty-0.4.0.jar:/home/user/.m2/repository/org/apache/ratis/ratis-grpc/0.4.0/ratis-grpc-0.4.0.jar:/home/user/.m2/repository/org/rocksdb/rocksdbjni/6.0.1/rocksdbjni-6.0.1.jar:/home/user/.m2/repository/org/apache/logging/log4j/log4j-api/2.11.0/log4j-api-2.11.0.jar:/home/user/.m2/repository/org/apache/logging/log4j/log4j-core/2.11.0/log4j-core-2.11.0.jar:/home/user/.m2/repository/com/lmax/disruptor/3.4.2/disruptor-3.4.2.jar:/home/user/.m2/repository/org/apache/commons/commons-pool2/2.6.0/commons-pool2-2.6.0.jar:/home/user/.m2/repository/org/bouncycastle/bcpkix-jdk15on/1.60/bcpkix-jdk15on-1.60.jar:/home/user/.m2/repository/commons-validator/commons-validator/1.6/commons-validator-1.6.jar:/home/user/.m2/repository/commons-digester/commons-digester/1.8.1/commons-digester-1.8.1.jar:/home/user/.m2/repository/io/jaegertracing/jaeger-client/0.34.0/jaeger-client-0.34.0.jar:/home/user/.m2/repository/io/jaegertracing/jaeger-thrift/0.34.0/jaeger-thrift-0.34.0.jar:/home/user/.m2/repository/org/apache/thrift/libthrift/0.12.0/libthrift-0.12.0.jar:/home/user/.m2/repository/com/squareup/okhttp3/okhttp/3.9.0/okhttp-3.9.0.jar:/home/user/.m2/repository/com/squareup/okio/okio/1.13.0/okio-1.13.0.jar:/home/user/.m2/repository/io/jaegertracing/jaeger-core/0.34.0/jaeger-core-0.34.0.jar:/home/user/.m2/repository/io/jaegertracing/jaeger-tracerresolver/0.34.0/jaeger-tracerresolver-0.34.0.jar:/home/user/.m2/repository/io/opentracing/contrib/opentracing-tracerresolver/0.1.5/opentracing-tracerresolver-0.1.5.jar:/home/user/.m2/repository/io/opentracing/opentracing-util/0.31.0/opentracing-util-0.31.0.jar:/home/user/.m2/repository/io/opentracing/opentracing-api/0.31.0/opentracing-api-0.31.0.jar:/home/user/.m2/repository/io/opentracing/opentracing-noop/0.31.0/opentracing-noop-0.31.0.jar:/home/user/.m2/repository/org/apache/hadoop/hadoop-hdds-server-framework/0.5.0-SNAPSHOT/hadoop-hdds-server-framework-0.5.0-SNAPSHOT.jar:/home/user/.m2/repository/org/apache/hadoop/hadoop-hdds-container-service/0.5.0-SNAPSHOT/hadoop-hdds-container-service-0.5.0-SNAPSHOT.jar:/home/user/.m2/repository/org/apache/hadoop/hadoop-hdds-client/0.5.0-SNAPSHOT/hadoop-hdds-client-0.5.0-SNAPSHOT.jar:/home/user/.m2/repository/org/apache/hadoop/hadoop-hdds-tools/0.5.0-SNAPSHOT/hadoop-hdds-tools-0.5.0-SNAPSHOT.jar:/home/user/.m2/repository/org/apache/hadoop/hadoop-hdds-server-scm/0.5.0-SNAPSHOT/hadoop-hdds-server-scm-0.5.0-SNAPSHOT.jar:/home/user/.m2/repository/org/apache/hadoop/hadoop-hdds-docs/0.5.0-SNAPSHOT/hadoop-hdds-docs-0.5.0-SNAPSHOT.jar:/home/user/.m2/repository/io/dropwizard/metrics/metrics-core/3.2.4/metrics-core-3.2.4.jar:/home/user/.m2/repository/org/hamcrest/hamcrest-all/1.3/hamcrest-all-1.3.jar:/home/user/.m2/repository/org/bouncycastle/bcprov-jdk15on/1.60/bcprov-jdk15on-1.60.jar:/home/user/.m2/repository/info/picocli/picocli/3.9.6/picocli-3.9.6.jar:/home/user/.m2/repository/com/google/protobuf/protobuf-java/2.5.0/protobuf-java-2.5.0.jar:/home/user/.m2/repository/com/google/guava/guava/11.0.2/guava-11.0.2.jar:/home/user/.m2/repository/org/apache/hadoop/hadoop-ozone-ozone-manager/0.5.0-SNAPSHOT/hadoop-ozone-ozone-manager-0.5.0-SNAPSHOT.jar:/home/user/.m2/repository/org/apache/hadoop/hadoop-minikdc/3.2.0/hadoop-minikdc-3.2.0.jar:/home/user/.m2/repository/commons-io/commons-io/2.5/commons-io-2.5.jar:/home/user/.m2/repository/org/apache/kerby/kerb-simplekdc/1.0.1/kerb-simplekdc-1.0.1.jar:/home/user/.m2/repository/org/apache/kerby/kerb-client/1.0.1/kerb-client-1.0.1.jar:/home/user/.m2/repository/org/apache/kerby/kerby-config/1.0.1/kerby-config-1.0.1.jar:/home/user/.m2/repository/org/apache/kerby/kerb-core/1.0.1/kerb-core-1.0.1.jar:/home/user/.m2/repository/org/apache/kerby/kerby-pkix/1.0.1/kerby-pkix-1.0.1.jar:/home/user/.m2/repository/org/apache/kerby/kerby-asn1/1.0.1/kerby-asn1-1.0.1.jar:/home/user/.m2/repository/org/apache/kerby/kerby-util/1.0.1/kerby-util-1.0.1.jar:/home/user/.m2/repository/org/apache/kerby/kerb-common/1.0.1/kerb-common-1.0.1.jar:/home/user/.m2/repository/org/apache/kerby/kerb-crypto/1.0.1/kerb-crypto-1.0.1.jar:/home/user/.m2/repository/org/apache/kerby/kerb-util/1.0.1/kerb-util-1.0.1.jar:/home/user/.m2/repository/org/apache/kerby/token-provider/1.0.1/token-provider-1.0.1.jar:/home/user/.m2/repository/org/apache/kerby/kerb-admin/1.0.1/kerb-admin-1.0.1.jar:/home/user/.m2/repository/org/apache/kerby/kerb-server/1.0.1/kerb-server-1.0.1.jar:/home/user/.m2/repository/org/apache/kerby/kerb-identity/1.0.1/kerb-identity-1.0.1.jar:/home/user/.m2/repository/org/apache/kerby/kerby-xdr/1.0.1/kerby-xdr-1.0.1.jar:/home/user/.m2/repository/org/slf4j/slf4j-log4j12/1.7.25/slf4j-log4j12-1.7.25.jar:/home/user/.m2/repository/org/apache/hadoop/hadoop-ozone-s3gateway/0.5.0-SNAPSHOT/hadoop-ozone-s3gateway-0.5.0-SNAPSHOT.jar:/home/user/.m2/repository/org/jboss/weld/servlet/weld-servlet/2.4.7.Final/weld-servlet-2.4.7.Final.jar:/home/user/.m2/repository/org/glassfish/jersey/containers/jersey-container-servlet-core/2.27/jersey-container-servlet-core-2.27.jar:/home/user/.m2/repository/org/glassfish/hk2/external/javax.inject/2.5.0-b42/javax.inject-2.5.0-b42.jar:/home/user/.m2/repository/org/glassfish/jersey/core/jersey-common/2.27/jersey-common-2.27.jar:/home/user/.m2/repository/org/glassfish/hk2/osgi-resource-locator/1.0.1/osgi-resource-locator-1.0.1.jar:/home/user/.m2/repository/javax/ws/rs/javax.ws.rs-api/2.1/javax.ws.rs-api-2.1.jar:/home/user/.m2/repository/org/glassfish/jersey/ext/cdi/jersey-cdi1x/2.27/jersey-cdi1x-2.27.jar:/home/user/.m2/repository/org/glassfish/jersey/inject/jersey-hk2/2.27/jersey-hk2-2.27.jar:/home/user/.m2/repository/org/glassfish/hk2/hk2-locator/2.5.0-b42/hk2-locator-2.5.0-b42.jar:/home/user/.m2/repository/org/javassist/javassist/3.22.0-CR2/javassist-3.22.0-CR2.jar:/home/user/.m2/repository/org/glassfish/hk2/hk2-api/2.5.0/hk2-api-2.5.0.jar:/home/user/.m2/repository/org/glassfish/hk2/external/jakarta.inject/2.5.0/jakarta.inject-2.5.0.jar:/home/user/.m2/repository/org/glassfish/hk2/hk2-utils/2.5.0/hk2-utils-2.5.0.jar:/home/user/.m2/repository/jakarta/annotation/jakarta.annotation-api/1.3.4/jakarta.annotation-api-1.3.4.jar:/home/user/.m2/repository/org/glassfish/hk2/external/aopalliance-repackaged/2.5.0/aopalliance-repackaged-2.5.0.jar:/home/user/.m2/repository/com/fasterxml/jackson/dataformat/jackson-dataformat-xml/2.9.0/jackson-dataformat-xml-2.9.0.jar:/home/user/.m2/repository/com/fasterxml/jackson/core/jackson-core/2.9.9/jackson-core-2.9.9.jar:/home/user/.m2/repository/com/fasterxml/jackson/module/jackson-module-jaxb-annotations/2.9.9/jackson-module-jaxb-annotations-2.9.9.jar:/home/user/.m2/repository/javax/enterprise/cdi-api/1.2/cdi-api-1.2.jar:/home/user/.m2/repository/javax/el/javax.el-api/3.0.0/javax.el-api-3.0.0.jar:/home/user/.m2/repository/javax/interceptor/javax.interceptor-api/1.2/javax.interceptor-api-1.2.jar:/home/user/.m2/repository/javax/inject/javax.inject/1/javax.inject-1.jar:/home/user/.m2/repository/com/sun/xml/bind/jaxb-impl/2.3.0.1/jaxb-impl-2.3.0.1.jar:/home/user/.m2/repository/com/sun/xml/bind/jaxb-core/2.3.0.1/jaxb-core-2.3.0.1.jar:/home/user/.m2/repository/javax/xml/bind/jaxb-api/2.3.0/jaxb-api-2.3.0.jar:/home/user/.m2/repository/javax/activation/activation/1.1.1/activation-1.1.1.jar:/home/user/.m2/repository/org/apache/hadoop/hadoop-ozone-csi/0.5.0-SNAPSHOT/hadoop-ozone-csi-0.5.0-SNAPSHOT.jar:/home/user/.m2/repository/com/google/protobuf/protobuf-java-util/3.5.1/protobuf-java-util-3.5.1.jar:/home/user/.m2/repository/org/apache/hadoop/hadoop-hdds-config/0.5.0-SNAPSHOT/hadoop-hdds-config-0.5.0-SNAPSHOT.jar:/home/user/.m2/repository/io/grpc/grpc-netty/1.17.1/grpc-netty-1.17.1.jar:/home/user/.m2/repository/io/grpc/grpc-core/1.17.1/grpc-core-1.17.1.jar:/home/user/.m2/repository/io/grpc/grpc-context/1.17.1/grpc-context-1.17.1.jar:/home/user/.m2/repository/com/google/errorprone/error_prone_annotations/2.2.0/error_prone_annotations-2.2.0.jar:/home/user/.m2/repository/org/codehaus/mojo/animal-sniffer-annotations/1.17/animal-sniffer-annotations-1.17.jar:/home/user/.m2/repository/io/opencensus/opencensus-api/0.17.0/opencensus-api-0.17.0.jar:/home/user/.m2/repository/io/opencensus/opencensus-contrib-grpc-metrics/0.17.0/opencensus-contrib-grpc-metrics-0.17.0.jar:/home/user/.m2/repository/io/netty/netty-codec-http2/4.1.30.Final/netty-codec-http2-4.1.30.Final.jar:/home/user/.m2/repository/io/netty/netty-codec-http/4.1.30.Final/netty-codec-http-4.1.30.Final.jar:/home/user/.m2/repository/io/netty/netty-codec/4.1.30.Final/netty-codec-4.1.30.Final.jar:/home/user/.m2/repository/io/netty/netty-handler/4.1.30.Final/netty-handler-4.1.30.Final.jar:/home/user/.m2/repository/io/netty/netty-handler-proxy/4.1.30.Final/netty-handler-proxy-4.1.30.Final.jar:/home/user/.m2/repository/io/netty/netty-codec-socks/4.1.30.Final/netty-codec-socks-4.1.30.Final.jar:/home/user/.m2/repository/io/netty/netty-transport-native-epoll/4.1.30.Final/netty-transport-native-epoll-4.1.30.Final.jar:/home/user/.m2/repository/io/netty/netty-common/4.1.30.Final/netty-common-4.1.30.Final.jar:/home/user/.m2/repository/io/netty/netty-buffer/4.1.30.Final/netty-buffer-4.1.30.Final.jar:/home/user/.m2/repository/io/netty/netty-transport/4.1.30.Final/netty-transport-4.1.30.Final.jar:/home/user/.m2/repository/io/netty/netty-resolver/4.1.30.Final/netty-resolver-4.1.30.Final.jar:/home/user/.m2/repository/io/netty/netty-transport-native-unix-common/4.1.30.Final/netty-transport-native-unix-common-4.1.30.Final.jar:/home/user/.m2/repository/io/grpc/grpc-protobuf/1.17.1/grpc-protobuf-1.17.1.jar:/home/user/.m2/repository/com/google/api/grpc/proto-google-common-protos/1.0.0/proto-google-common-protos-1.0.0.jar:/home/user/.m2/repository/io/grpc/grpc-protobuf-lite/1.17.1/grpc-protobuf-lite-1.17.1.jar:/home/user/.m2/repository/io/grpc/grpc-stub/1.17.1/grpc-stub-1.17.1.jar:/home/user/.m2/repository/org/apache/hadoop/hadoop-ozone-recon/0.5.0-SNAPSHOT/hadoop-ozone-recon-0.5.0-SNAPSHOT.jar:/home/user/.m2/repository/org/apache/hadoop/hadoop-ozone-reconcodegen/0.5.0-SNAPSHOT/hadoop-ozone-reconcodegen-0.5.0-SNAPSHOT.jar:/home/user/.m2/repository/com/google/inject/extensions/guice-multibindings/4.0/guice-multibindings-4.0.jar:/home/user/.m2/repository/com/google/inject/guice/4.0/guice-4.0.jar:/home/user/.m2/repository/aopalliance/aopalliance/1.0/aopalliance-1.0.jar:/home/user/.m2/repository/com/google/inject/extensions/guice-servlet/4.0/guice-servlet-4.0.jar:/home/user/.m2/repository/org/glassfish/jersey/containers/jersey-container-servlet/2.27/jersey-container-servlet-2.27.jar:/home/user/.m2/repository/org/glassfish/hk2/guice-bridge/2.5.0/guice-bridge-2.5.0.jar:/home/user/.m2/repository/org/glassfish/jersey/core/jersey-server/2.27/jersey-server-2.27.jar:/home/user/.m2/repository/org/glassfish/jersey/core/jersey-client/2.27/jersey-client-2.27.jar:/home/user/.m2/repository/org/glassfish/jersey/media/jersey-media-jaxb/2.27/jersey-media-jaxb-2.27.jar:/home/user/.m2/repository/javax/validation/validation-api/1.1.0.Final/validation-api-1.1.0.Final.jar:/home/user/.m2/repository/org/glassfish/jersey/media/jersey-media-json-jackson/2.27/jersey-media-json-jackson-2.27.jar:/home/user/.m2/repository/org/glassfish/jersey/ext/jersey-entity-filtering/2.27/jersey-entity-filtering-2.27.jar:/home/user/.m2/repository/com/google/inject/extensions/guice-assistedinject/4.0/guice-assistedinject-4.0.jar:/home/user/.m2/repository/org/jooq/jooq/3.11.10/jooq-3.11.10.jar:/home/user/.m2/repository/org/jooq/jooq-meta/3.11.10/jooq-meta-3.11.10.jar:/home/user/.m2/repository/org/jooq/jooq-codegen/3.11.10/jooq-codegen-3.11.10.jar:/home/user/.m2/repository/com/jolbox/bonecp/0.8.0.RELEASE/bonecp-0.8.0.RELEASE.jar:/home/user/.m2/repository/org/xerial/sqlite-jdbc/3.25.2/sqlite-jdbc-3.25.2.jar:/home/user/.m2/repository/org/springframework/spring-jdbc/5.1.3.RELEASE/spring-jdbc-5.1.3.RELEASE.jar:/home/user/.m2/repository/org/springframework/spring-beans/5.1.3.RELEASE/spring-beans-5.1.3.RELEASE.jar:/home/user/.m2/repository/org/springframework/spring-core/5.1.3.RELEASE/spring-core-5.1.3.RELEASE.jar:/home/user/.m2/repository/org/springframework/spring-jcl/5.1.3.RELEASE/spring-jcl-5.1.3.RELEASE.jar:/home/user/.m2/repository/org/springframework/spring-tx/5.1.3.RELEASE/spring-tx-5.1.3.RELEASE.jar:/home/user/.m2/repository/org/apache/hadoop/hadoop-ozone-client/0.5.0-SNAPSHOT/hadoop-ozone-client-0.5.0-SNAPSHOT.jar:/home/user/.m2/repository/commons-lang/commons-lang/2.6/commons-lang-2.6.jar:/home/user/.m2/repository/org/apache/hadoop/hadoop-ozone-ozone-manager/0.5.0-SNAPSHOT/hadoop-ozone-ozone-manager-0.5.0-SNAPSHOT-tests.jar:/home/user/.m2/repository/junit/junit/4.11/junit-4.11.jar:/home/user/.m2/repository/org/hamcrest/hamcrest-core/1.3/hamcrest-core-1.3.jar:/home/user/.m2/repository/org/openjdk/jmh/jmh-core/1.19/jmh-core-1.19.jar:/home/user/.m2/repository/net/sf/jopt-simple/jopt-simple/4.6/jopt-simple-4.6.jar:/home/user/.m2/repository/org/apache/commons/commons-math3/3.1.1/commons-math3-3.1.1.jar:/home/user/.m2/repository/org/openjdk/jmh/jmh-generator-annprocess/1.19/jmh-generator-annprocess-1.19.jar:/home/user/.m2/repository/org/mockito/mockito-all/1.8.5/mockito-all-1.8.5.jar:/home/user/.m2/repository/org/apache/hadoop/hadoop-kms/3.2.0/hadoop-kms-3.2.0.jar:/home/user/.m2/repository/org/apache/hadoop/hadoop-auth/3.2.0/hadoop-auth-3.2.0.jar:/home/user/.m2/repository/com/nimbusds/nimbus-jose-jwt/4.41.1/nimbus-jose-jwt-4.41.1.jar:/home/user/.m2/repository/com/github/stephenc/jcip/jcip-annotations/1.0-1/jcip-annotations-1.0-1.jar:/home/user/.m2/repository/net/minidev/json-smart/2.3/json-smart-2.3.jar:/home/user/.m2/repository/net/minidev/accessors-smart/1.2/accessors-smart-1.2.jar:/home/user/.m2/repository/org/ow2/asm/asm/5.0.4/asm-5.0.4.jar:/home/user/.m2/repository/org/apache/curator/curator-framework/2.12.0/curator-framework-2.12.0.jar:/home/user/.m2/repository/com/sun/jersey/jersey-core/1.19/jersey-core-1.19.jar:/home/user/.m2/repository/javax/ws/rs/jsr311-api/1.1.1/jsr311-api-1.1.1.jar:/home/user/.m2/repository/com/sun/jersey/jersey-server/1.19/jersey-server-1.19.jar:/home/user/.m2/repository/javax/servlet/javax.servlet-api/3.1.0/javax.servlet-api-3.1.0.jar:/home/user/.m2/repository/org/eclipse/jetty/jetty-server/9.3.25.v20180904/jetty-server-9.3.25.v20180904.jar:/home/user/.m2/repository/org/eclipse/jetty/jetty-http/9.3.25.v20180904/jetty-http-9.3.25.v20180904.jar:/home/user/.m2/repository/org/eclipse/jetty/jetty-io/9.3.25.v20180904/jetty-io-9.3.25.v20180904.jar:/home/user/.m2/repository/org/eclipse/jetty/jetty-webapp/9.3.25.v20180904/jetty-webapp-9.3.25.v20180904.jar:/home/user/.m2/repository/org/eclipse/jetty/jetty-xml/9.3.25.v20180904/jetty-xml-9.3.25.v20180904.jar:/home/user/.m2/repository/log4j/log4j/1.2.17/log4j-1.2.17.jar:/home/user/.m2/repository/org/slf4j/slf4j-api/1.7.25/slf4j-api-1.7.25.jar:/home/user/.m2/repository/org/slf4j/jul-to-slf4j/1.7.25/jul-to-slf4j-1.7.25.jar:/home/user/.m2/repository/org/eclipse/jetty/jetty-util/9.3.25.v20180904/jetty-util-9.3.25.v20180904.jar:/home/user/.m2/repository/com/fasterxml/jackson/core/jackson-databind/2.9.9/jackson-databind-2.9.9.jar:/home/user/.m2/repository/org/apache/hadoop/hadoop-kms/3.2.0/hadoop-kms-3.2.0-tests.jar:/home/user/.m2/repository/org/apache/hadoop/hadoop-hdds-server-scm/0.5.0-SNAPSHOT/hadoop-hdds-server-scm-0.5.0-SNAPSHOT-tests.jar:/home/user/.m2/repository/org/apache/hadoop/hadoop-hdds-container-service/0.5.0-SNAPSHOT/hadoop-hdds-container-service-0.5.0-SNAPSHOT-tests.jar:/home/user/.m2/repository/org/yaml/snakeyaml/1.16/snakeyaml-1.16.jar:/home/user/.m2/repository/org/apache/hadoop/hadoop-common/3.2.0/hadoop-common-3.2.0-tests.jar:/home/user/.m2/repository/org/apache/hadoop/hadoop-annotations/3.2.0/hadoop-annotations-3.2.0.jar:/usr/lib/jvm/java-1.8-openjdk/jre/../lib/tools.jar:/home/user/.m2/repository/commons-cli/commons-cli/1.2/commons-cli-1.2.jar:/home/user/.m2/repository/org/apache/httpcomponents/httpclient/4.5.2/httpclient-4.5.2.jar:/home/user/.m2/repository/org/apache/httpcomponents/httpcore/4.4.4/httpcore-4.4.4.jar:/home/user/.m2/repository/commons-codec/commons-codec/1.11/commons-codec-1.11.jar:/home/user/.m2/repository/commons-net/commons-net/3.6/commons-net-3.6.jar:/home/user/.m2/repository/commons-collections/commons-collections/3.2.2/commons-collections-3.2.2.jar:/home/user/.m2/repository/org/eclipse/jetty/jetty-servlet/9.3.25.v20180904/jetty-servlet-9.3.25.v20180904.jar:/home/user/.m2/repository/org/eclipse/jetty/jetty-security/9.3.25.v20180904/jetty-security-9.3.25.v20180904.jar:/home/user/.m2/repository/javax/servlet/jsp/jsp-api/2.1/jsp-api-2.1.jar:/home/user/.m2/repository/com/sun/jersey/jersey-servlet/1.19/jersey-servlet-1.19.jar:/home/user/.m2/repository/com/sun/jersey/jersey-json/1.19/jersey-json-1.19.jar:/home/user/.m2/repository/org/codehaus/jettison/jettison/1.1/jettison-1.1.jar:/home/user/.m2/repository/org/codehaus/jackson/jackson-core-asl/1.9.13/jackson-core-asl-1.9.13.jar:/home/user/.m2/repository/org/codehaus/jackson/jackson-mapper-asl/1.9.13/jackson-mapper-asl-1.9.13.jar:/home/user/.m2/repository/org/codehaus/jackson/jackson-jaxrs/1.9.13/jackson-jaxrs-1.9.13.jar:/home/user/.m2/repository/org/codehaus/jackson/jackson-xc/1.9.13/jackson-xc-1.9.13.jar:/home/user/.m2/repository/commons-logging/commons-logging/1.1.3/commons-logging-1.1.3.jar:/home/user/.m2/repository/commons-beanutils/commons-beanutils/1.9.4/commons-beanutils-1.9.4.jar:/home/user/.m2/repository/org/apache/commons/commons-configuration2/2.1.1/commons-configuration2-2.1.1.jar:/home/user/.m2/repository/org/apache/commons/commons-lang3/3.7/commons-lang3-3.7.jar:/home/user/.m2/repository/org/apache/commons/commons-text/1.4/commons-text-1.4.jar:/home/user/.m2/repository/org/apache/avro/avro/1.7.7/avro-1.7.7.jar:/home/user/.m2/repository/com/thoughtworks/paranamer/paranamer/2.3/paranamer-2.3.jar:/home/user/.m2/repository/org/xerial/snappy/snappy-java/1.0.5/snappy-java-1.0.5.jar:/home/user/.m2/repository/com/google/re2j/re2j/1.1/re2j-1.1.jar:/home/user/.m2/repository/com/google/code/gson/gson/2.2.4/gson-2.2.4.jar:/home/user/.m2/repository/com/jcraft/jsch/0.1.54/jsch-0.1.54.jar:/home/user/.m2/repository/org/apache/curator/curator-client/2.12.0/curator-client-2.12.0.jar:/home/user/.m2/repository/org/apache/curator/curator-recipes/2.12.0/curator-recipes-2.12.0.jar:/home/user/.m2/repository/com/google/code/findbugs/jsr305/3.0.0/jsr305-3.0.0.jar:/home/user/.m2/repository/org/apache/htrace/htrace-core4/4.1.0-incubating/htrace-core4-4.1.0-incubating.jar:/home/user/.m2/repository/org/apache/zookeeper/zookeeper/3.4.13/zookeeper-3.4.13.jar:/home/user/.m2/repository/jline/jline/0.9.94/jline-0.9.94.jar:/home/user/.m2/repository/org/apache/yetus/audience-annotations/0.5.0/audience-annotations-0.5.0.jar:/home/user/.m2/repository/org/codehaus/woodstox/stax2-api/3.1.4/stax2-api-3.1.4.jar:/home/user/.m2/repository/com/fasterxml/woodstox/woodstox-core/5.0.3/woodstox-core-5.0.3.jar:/home/user/.m2/repository/dnsjava/dnsjava/2.1.7/dnsjava-2.1.7.jar:/home/user/.m2/repository/org/apache/hadoop/hadoop-hdfs/3.2.0/hadoop-hdfs-3.2.0-tests.jar:/home/user/.m2/repository/org/eclipse/jetty/jetty-util-ajax/9.3.25.v20180904/jetty-util-ajax-9.3.25.v20180904.jar:/home/user/.m2/repository/commons-daemon/commons-daemon/1.0.13/commons-daemon-1.0.13.jar:/home/user/.m2/repository/io/netty/netty/3.10.5.Final/netty-3.10.5.Final.jar:/home/user/.m2/repository/io/netty/netty-all/4.0.52.Final/netty-all-4.0.52.Final.jar:/home/user/.m2/repository/org/fusesource/leveldbjni/leveldbjni-all/1.8/leveldbjni-all-1.8.jar:"/>
    <property name="java.vm.vendor" value="IcedTea"/>
    <property name="sun.arch.data.model" value="64"/>
    <property name="test.build.dir" value="/workdir/hadoop-ozone/integration-test/target/test-dir"/>
    <property name="test.cache.data" value=""/>
    <property name="java.vendor.url" value="https://icedtea.classpath.org"/>
    <property name="user.timezone" value=""/>
    <property name="java.vm.specification.version" value="1.8"/>
    <property name="os.name" value="Linux"/>
    <property name="test.build.data" value="/workdir/hadoop-ozone/integration-test/target/test-dir"/>
    <property name="user.country" value="US"/>
    <property name="sun.java.launcher" value="SUN_STANDARD"/>
    <property name="sun.boot.library.path" value="/usr/lib/jvm/java-1.8-openjdk/jre/lib/amd64"/>
    <property name="sun.java.command" value="/workdir/hadoop-ozone/integration-test/target/surefire/surefirebooter6750902304732499783.jar /workdir/hadoop-ozone/integration-test/target/surefire 2019-09-24T17-58-35_424-jvmRun1 surefire3280027739095281058tmp surefire_9569545494980834833tmp"/>
    <property name="test" value="!TestMiniChaosOzoneCluster"/>
    <property name="surefire.test.class.path" value="/workdir/hadoop-ozone/integration-test/target/test-classes:/workdir/hadoop-ozone/integration-test/target/classes:/home/user/.m2/repository/org/apache/hadoop/hadoop-ozone-common/0.5.0-SNAPSHOT/hadoop-ozone-common-0.5.0-SNAPSHOT.jar:/home/user/.m2/repository/org/apache/commons/commons-compress/1.4.1/commons-compress-1.4.1.jar:/home/user/.m2/repository/org/tukaani/xz/1.0/xz-1.0.jar:/home/user/.m2/repository/org/apache/hadoop/hadoop-common/3.2.0/hadoop-common-3.2.0.jar:/home/user/.m2/repository/org/apache/hadoop/hadoop-hdfs/3.2.0/hadoop-hdfs-3.2.0.jar:/home/user/.m2/repository/org/apache/hadoop/hadoop-hdfs-client/3.2.0/hadoop-hdfs-client-3.2.0.jar:/home/user/.m2/repository/com/fasterxml/jackson/core/jackson-annotations/2.9.9/jackson-annotations-2.9.9.jar:/home/user/.m2/repository/org/apache/hadoop/hadoop-hdds-common/0.5.0-SNAPSHOT/hadoop-hdds-common-0.5.0-SNAPSHOT.jar:/home/user/.m2/repository/javax/annotation/javax.annotation-api/1.2/javax.annotation-api-1.2.jar:/home/user/.m2/repository/org/apache/ratis/ratis-server/0.4.0/ratis-server-0.4.0.jar:/home/user/.m2/repository/org/apache/ratis/ratis-thirdparty-misc/0.2.0/ratis-thirdparty-misc-0.2.0.jar:/home/user/.m2/repository/org/apache/ratis/ratis-proto/0.4.0/ratis-proto-0.4.0.jar:/home/user/.m2/repository/org/apache/ratis/ratis-common/0.4.0/ratis-common-0.4.0.jar:/home/user/.m2/repository/org/apache/ratis/ratis-client/0.4.0/ratis-client-0.4.0.jar:/home/user/.m2/repository/org/apache/ratis/ratis-metrics/0.4.0/ratis-metrics-0.4.0.jar:/home/user/.m2/repository/com/github/joshelser/dropwizard-metrics-hadoop-metrics2-reporter/0.1.2/dropwizard-metrics-hadoop-metrics2-reporter-0.1.2.jar:/home/user/.m2/repository/io/dropwizard/metrics/metrics-jvm/3.2.5/metrics-jvm-3.2.5.jar:/home/user/.m2/repository/io/dropwizard/metrics/metrics-ganglia/3.2.5/metrics-ganglia-3.2.5.jar:/home/user/.m2/repository/info/ganglia/gmetric4j/gmetric4j/1.0.7/gmetric4j-1.0.7.jar:/home/user/.m2/repository/org/apache/ratis/ratis-netty/0.4.0/ratis-netty-0.4.0.jar:/home/user/.m2/repository/org/apache/ratis/ratis-grpc/0.4.0/ratis-grpc-0.4.0.jar:/home/user/.m2/repository/org/rocksdb/rocksdbjni/6.0.1/rocksdbjni-6.0.1.jar:/home/user/.m2/repository/org/apache/logging/log4j/log4j-api/2.11.0/log4j-api-2.11.0.jar:/home/user/.m2/repository/org/apache/logging/log4j/log4j-core/2.11.0/log4j-core-2.11.0.jar:/home/user/.m2/repository/com/lmax/disruptor/3.4.2/disruptor-3.4.2.jar:/home/user/.m2/repository/org/apache/commons/commons-pool2/2.6.0/commons-pool2-2.6.0.jar:/home/user/.m2/repository/org/bouncycastle/bcpkix-jdk15on/1.60/bcpkix-jdk15on-1.60.jar:/home/user/.m2/repository/commons-validator/commons-validator/1.6/commons-validator-1.6.jar:/home/user/.m2/repository/commons-digester/commons-digester/1.8.1/commons-digester-1.8.1.jar:/home/user/.m2/repository/io/jaegertracing/jaeger-client/0.34.0/jaeger-client-0.34.0.jar:/home/user/.m2/repository/io/jaegertracing/jaeger-thrift/0.34.0/jaeger-thrift-0.34.0.jar:/home/user/.m2/repository/org/apache/thrift/libthrift/0.12.0/libthrift-0.12.0.jar:/home/user/.m2/repository/com/squareup/okhttp3/okhttp/3.9.0/okhttp-3.9.0.jar:/home/user/.m2/repository/com/squareup/okio/okio/1.13.0/okio-1.13.0.jar:/home/user/.m2/repository/io/jaegertracing/jaeger-core/0.34.0/jaeger-core-0.34.0.jar:/home/user/.m2/repository/io/jaegertracing/jaeger-tracerresolver/0.34.0/jaeger-tracerresolver-0.34.0.jar:/home/user/.m2/repository/io/opentracing/contrib/opentracing-tracerresolver/0.1.5/opentracing-tracerresolver-0.1.5.jar:/home/user/.m2/repository/io/opentracing/opentracing-util/0.31.0/opentracing-util-0.31.0.jar:/home/user/.m2/repository/io/opentracing/opentracing-api/0.31.0/opentracing-api-0.31.0.jar:/home/user/.m2/repository/io/opentracing/opentracing-noop/0.31.0/opentracing-noop-0.31.0.jar:/home/user/.m2/repository/org/apache/hadoop/hadoop-hdds-server-framework/0.5.0-SNAPSHOT/hadoop-hdds-server-framework-0.5.0-SNAPSHOT.jar:/home/user/.m2/repository/org/apache/hadoop/hadoop-hdds-container-service/0.5.0-SNAPSHOT/hadoop-hdds-container-service-0.5.0-SNAPSHOT.jar:/home/user/.m2/repository/org/apache/hadoop/hadoop-hdds-client/0.5.0-SNAPSHOT/hadoop-hdds-client-0.5.0-SNAPSHOT.jar:/home/user/.m2/repository/org/apache/hadoop/hadoop-hdds-tools/0.5.0-SNAPSHOT/hadoop-hdds-tools-0.5.0-SNAPSHOT.jar:/home/user/.m2/repository/org/apache/hadoop/hadoop-hdds-server-scm/0.5.0-SNAPSHOT/hadoop-hdds-server-scm-0.5.0-SNAPSHOT.jar:/home/user/.m2/repository/org/apache/hadoop/hadoop-hdds-docs/0.5.0-SNAPSHOT/hadoop-hdds-docs-0.5.0-SNAPSHOT.jar:/home/user/.m2/repository/io/dropwizard/metrics/metrics-core/3.2.4/metrics-core-3.2.4.jar:/home/user/.m2/repository/org/hamcrest/hamcrest-all/1.3/hamcrest-all-1.3.jar:/home/user/.m2/repository/org/bouncycastle/bcprov-jdk15on/1.60/bcprov-jdk15on-1.60.jar:/home/user/.m2/repository/info/picocli/picocli/3.9.6/picocli-3.9.6.jar:/home/user/.m2/repository/com/google/protobuf/protobuf-java/2.5.0/protobuf-java-2.5.0.jar:/home/user/.m2/repository/com/google/guava/guava/11.0.2/guava-11.0.2.jar:/home/user/.m2/repository/org/apache/hadoop/hadoop-ozone-ozone-manager/0.5.0-SNAPSHOT/hadoop-ozone-ozone-manager-0.5.0-SNAPSHOT.jar:/home/user/.m2/repository/org/apache/hadoop/hadoop-minikdc/3.2.0/hadoop-minikdc-3.2.0.jar:/home/user/.m2/repository/commons-io/commons-io/2.5/commons-io-2.5.jar:/home/user/.m2/repository/org/apache/kerby/kerb-simplekdc/1.0.1/kerb-simplekdc-1.0.1.jar:/home/user/.m2/repository/org/apache/kerby/kerb-client/1.0.1/kerb-client-1.0.1.jar:/home/user/.m2/repository/org/apache/kerby/kerby-config/1.0.1/kerby-config-1.0.1.jar:/home/user/.m2/repository/org/apache/kerby/kerb-core/1.0.1/kerb-core-1.0.1.jar:/home/user/.m2/repository/org/apache/kerby/kerby-pkix/1.0.1/kerby-pkix-1.0.1.jar:/home/user/.m2/repository/org/apache/kerby/kerby-asn1/1.0.1/kerby-asn1-1.0.1.jar:/home/user/.m2/repository/org/apache/kerby/kerby-util/1.0.1/kerby-util-1.0.1.jar:/home/user/.m2/repository/org/apache/kerby/kerb-common/1.0.1/kerb-common-1.0.1.jar:/home/user/.m2/repository/org/apache/kerby/kerb-crypto/1.0.1/kerb-crypto-1.0.1.jar:/home/user/.m2/repository/org/apache/kerby/kerb-util/1.0.1/kerb-util-1.0.1.jar:/home/user/.m2/repository/org/apache/kerby/token-provider/1.0.1/token-provider-1.0.1.jar:/home/user/.m2/repository/org/apache/kerby/kerb-admin/1.0.1/kerb-admin-1.0.1.jar:/home/user/.m2/repository/org/apache/kerby/kerb-server/1.0.1/kerb-server-1.0.1.jar:/home/user/.m2/repository/org/apache/kerby/kerb-identity/1.0.1/kerb-identity-1.0.1.jar:/home/user/.m2/repository/org/apache/kerby/kerby-xdr/1.0.1/kerby-xdr-1.0.1.jar:/home/user/.m2/repository/org/slf4j/slf4j-log4j12/1.7.25/slf4j-log4j12-1.7.25.jar:/home/user/.m2/repository/org/apache/hadoop/hadoop-ozone-s3gateway/0.5.0-SNAPSHOT/hadoop-ozone-s3gateway-0.5.0-SNAPSHOT.jar:/home/user/.m2/repository/org/jboss/weld/servlet/weld-servlet/2.4.7.Final/weld-servlet-2.4.7.Final.jar:/home/user/.m2/repository/org/glassfish/jersey/containers/jersey-container-servlet-core/2.27/jersey-container-servlet-core-2.27.jar:/home/user/.m2/repository/org/glassfish/hk2/external/javax.inject/2.5.0-b42/javax.inject-2.5.0-b42.jar:/home/user/.m2/repository/org/glassfish/jersey/core/jersey-common/2.27/jersey-common-2.27.jar:/home/user/.m2/repository/org/glassfish/hk2/osgi-resource-locator/1.0.1/osgi-resource-locator-1.0.1.jar:/home/user/.m2/repository/javax/ws/rs/javax.ws.rs-api/2.1/javax.ws.rs-api-2.1.jar:/home/user/.m2/repository/org/glassfish/jersey/ext/cdi/jersey-cdi1x/2.27/jersey-cdi1x-2.27.jar:/home/user/.m2/repository/org/glassfish/jersey/inject/jersey-hk2/2.27/jersey-hk2-2.27.jar:/home/user/.m2/repository/org/glassfish/hk2/hk2-locator/2.5.0-b42/hk2-locator-2.5.0-b42.jar:/home/user/.m2/repository/org/javassist/javassist/3.22.0-CR2/javassist-3.22.0-CR2.jar:/home/user/.m2/repository/org/glassfish/hk2/hk2-api/2.5.0/hk2-api-2.5.0.jar:/home/user/.m2/repository/org/glassfish/hk2/external/jakarta.inject/2.5.0/jakarta.inject-2.5.0.jar:/home/user/.m2/repository/org/glassfish/hk2/hk2-utils/2.5.0/hk2-utils-2.5.0.jar:/home/user/.m2/repository/jakarta/annotation/jakarta.annotation-api/1.3.4/jakarta.annotation-api-1.3.4.jar:/home/user/.m2/repository/org/glassfish/hk2/external/aopalliance-repackaged/2.5.0/aopalliance-repackaged-2.5.0.jar:/home/user/.m2/repository/com/fasterxml/jackson/dataformat/jackson-dataformat-xml/2.9.0/jackson-dataformat-xml-2.9.0.jar:/home/user/.m2/repository/com/fasterxml/jackson/core/jackson-core/2.9.9/jackson-core-2.9.9.jar:/home/user/.m2/repository/com/fasterxml/jackson/module/jackson-module-jaxb-annotations/2.9.9/jackson-module-jaxb-annotations-2.9.9.jar:/home/user/.m2/repository/javax/enterprise/cdi-api/1.2/cdi-api-1.2.jar:/home/user/.m2/repository/javax/el/javax.el-api/3.0.0/javax.el-api-3.0.0.jar:/home/user/.m2/repository/javax/interceptor/javax.interceptor-api/1.2/javax.interceptor-api-1.2.jar:/home/user/.m2/repository/javax/inject/javax.inject/1/javax.inject-1.jar:/home/user/.m2/repository/com/sun/xml/bind/jaxb-impl/2.3.0.1/jaxb-impl-2.3.0.1.jar:/home/user/.m2/repository/com/sun/xml/bind/jaxb-core/2.3.0.1/jaxb-core-2.3.0.1.jar:/home/user/.m2/repository/javax/xml/bind/jaxb-api/2.3.0/jaxb-api-2.3.0.jar:/home/user/.m2/repository/javax/activation/activation/1.1.1/activation-1.1.1.jar:/home/user/.m2/repository/org/apache/hadoop/hadoop-ozone-csi/0.5.0-SNAPSHOT/hadoop-ozone-csi-0.5.0-SNAPSHOT.jar:/home/user/.m2/repository/com/google/protobuf/protobuf-java-util/3.5.1/protobuf-java-util-3.5.1.jar:/home/user/.m2/repository/org/apache/hadoop/hadoop-hdds-config/0.5.0-SNAPSHOT/hadoop-hdds-config-0.5.0-SNAPSHOT.jar:/home/user/.m2/repository/io/grpc/grpc-netty/1.17.1/grpc-netty-1.17.1.jar:/home/user/.m2/repository/io/grpc/grpc-core/1.17.1/grpc-core-1.17.1.jar:/home/user/.m2/repository/io/grpc/grpc-context/1.17.1/grpc-context-1.17.1.jar:/home/user/.m2/repository/com/google/errorprone/error_prone_annotations/2.2.0/error_prone_annotations-2.2.0.jar:/home/user/.m2/repository/org/codehaus/mojo/animal-sniffer-annotations/1.17/animal-sniffer-annotations-1.17.jar:/home/user/.m2/repository/io/opencensus/opencensus-api/0.17.0/opencensus-api-0.17.0.jar:/home/user/.m2/repository/io/opencensus/opencensus-contrib-grpc-metrics/0.17.0/opencensus-contrib-grpc-metrics-0.17.0.jar:/home/user/.m2/repository/io/netty/netty-codec-http2/4.1.30.Final/netty-codec-http2-4.1.30.Final.jar:/home/user/.m2/repository/io/netty/netty-codec-http/4.1.30.Final/netty-codec-http-4.1.30.Final.jar:/home/user/.m2/repository/io/netty/netty-codec/4.1.30.Final/netty-codec-4.1.30.Final.jar:/home/user/.m2/repository/io/netty/netty-handler/4.1.30.Final/netty-handler-4.1.30.Final.jar:/home/user/.m2/repository/io/netty/netty-handler-proxy/4.1.30.Final/netty-handler-proxy-4.1.30.Final.jar:/home/user/.m2/repository/io/netty/netty-codec-socks/4.1.30.Final/netty-codec-socks-4.1.30.Final.jar:/home/user/.m2/repository/io/netty/netty-transport-native-epoll/4.1.30.Final/netty-transport-native-epoll-4.1.30.Final.jar:/home/user/.m2/repository/io/netty/netty-common/4.1.30.Final/netty-common-4.1.30.Final.jar:/home/user/.m2/repository/io/netty/netty-buffer/4.1.30.Final/netty-buffer-4.1.30.Final.jar:/home/user/.m2/repository/io/netty/netty-transport/4.1.30.Final/netty-transport-4.1.30.Final.jar:/home/user/.m2/repository/io/netty/netty-resolver/4.1.30.Final/netty-resolver-4.1.30.Final.jar:/home/user/.m2/repository/io/netty/netty-transport-native-unix-common/4.1.30.Final/netty-transport-native-unix-common-4.1.30.Final.jar:/home/user/.m2/repository/io/grpc/grpc-protobuf/1.17.1/grpc-protobuf-1.17.1.jar:/home/user/.m2/repository/com/google/api/grpc/proto-google-common-protos/1.0.0/proto-google-common-protos-1.0.0.jar:/home/user/.m2/repository/io/grpc/grpc-protobuf-lite/1.17.1/grpc-protobuf-lite-1.17.1.jar:/home/user/.m2/repository/io/grpc/grpc-stub/1.17.1/grpc-stub-1.17.1.jar:/home/user/.m2/repository/org/apache/hadoop/hadoop-ozone-recon/0.5.0-SNAPSHOT/hadoop-ozone-recon-0.5.0-SNAPSHOT.jar:/home/user/.m2/repository/org/apache/hadoop/hadoop-ozone-reconcodegen/0.5.0-SNAPSHOT/hadoop-ozone-reconcodegen-0.5.0-SNAPSHOT.jar:/home/user/.m2/repository/com/google/inject/extensions/guice-multibindings/4.0/guice-multibindings-4.0.jar:/home/user/.m2/repository/com/google/inject/guice/4.0/guice-4.0.jar:/home/user/.m2/repository/aopalliance/aopalliance/1.0/aopalliance-1.0.jar:/home/user/.m2/repository/com/google/inject/extensions/guice-servlet/4.0/guice-servlet-4.0.jar:/home/user/.m2/repository/org/glassfish/jersey/containers/jersey-container-servlet/2.27/jersey-container-servlet-2.27.jar:/home/user/.m2/repository/org/glassfish/hk2/guice-bridge/2.5.0/guice-bridge-2.5.0.jar:/home/user/.m2/repository/org/glassfish/jersey/core/jersey-server/2.27/jersey-server-2.27.jar:/home/user/.m2/repository/org/glassfish/jersey/core/jersey-client/2.27/jersey-client-2.27.jar:/home/user/.m2/repository/org/glassfish/jersey/media/jersey-media-jaxb/2.27/jersey-media-jaxb-2.27.jar:/home/user/.m2/repository/javax/validation/validation-api/1.1.0.Final/validation-api-1.1.0.Final.jar:/home/user/.m2/repository/org/glassfish/jersey/media/jersey-media-json-jackson/2.27/jersey-media-json-jackson-2.27.jar:/home/user/.m2/repository/org/glassfish/jersey/ext/jersey-entity-filtering/2.27/jersey-entity-filtering-2.27.jar:/home/user/.m2/repository/com/google/inject/extensions/guice-assistedinject/4.0/guice-assistedinject-4.0.jar:/home/user/.m2/repository/org/jooq/jooq/3.11.10/jooq-3.11.10.jar:/home/user/.m2/repository/org/jooq/jooq-meta/3.11.10/jooq-meta-3.11.10.jar:/home/user/.m2/repository/org/jooq/jooq-codegen/3.11.10/jooq-codegen-3.11.10.jar:/home/user/.m2/repository/com/jolbox/bonecp/0.8.0.RELEASE/bonecp-0.8.0.RELEASE.jar:/home/user/.m2/repository/org/xerial/sqlite-jdbc/3.25.2/sqlite-jdbc-3.25.2.jar:/home/user/.m2/repository/org/springframework/spring-jdbc/5.1.3.RELEASE/spring-jdbc-5.1.3.RELEASE.jar:/home/user/.m2/repository/org/springframework/spring-beans/5.1.3.RELEASE/spring-beans-5.1.3.RELEASE.jar:/home/user/.m2/repository/org/springframework/spring-core/5.1.3.RELEASE/spring-core-5.1.3.RELEASE.jar:/home/user/.m2/repository/org/springframework/spring-jcl/5.1.3.RELEASE/spring-jcl-5.1.3.RELEASE.jar:/home/user/.m2/repository/org/springframework/spring-tx/5.1.3.RELEASE/spring-tx-5.1.3.RELEASE.jar:/home/user/.m2/repository/org/apache/hadoop/hadoop-ozone-client/0.5.0-SNAPSHOT/hadoop-ozone-client-0.5.0-SNAPSHOT.jar:/home/user/.m2/repository/commons-lang/commons-lang/2.6/commons-lang-2.6.jar:/home/user/.m2/repository/org/apache/hadoop/hadoop-ozone-ozone-manager/0.5.0-SNAPSHOT/hadoop-ozone-ozone-manager-0.5.0-SNAPSHOT-tests.jar:/home/user/.m2/repository/junit/junit/4.11/junit-4.11.jar:/home/user/.m2/repository/org/hamcrest/hamcrest-core/1.3/hamcrest-core-1.3.jar:/home/user/.m2/repository/org/openjdk/jmh/jmh-core/1.19/jmh-core-1.19.jar:/home/user/.m2/repository/net/sf/jopt-simple/jopt-simple/4.6/jopt-simple-4.6.jar:/home/user/.m2/repository/org/apache/commons/commons-math3/3.1.1/commons-math3-3.1.1.jar:/home/user/.m2/repository/org/openjdk/jmh/jmh-generator-annprocess/1.19/jmh-generator-annprocess-1.19.jar:/home/user/.m2/repository/org/mockito/mockito-all/1.8.5/mockito-all-1.8.5.jar:/home/user/.m2/repository/org/apache/hadoop/hadoop-kms/3.2.0/hadoop-kms-3.2.0.jar:/home/user/.m2/repository/org/apache/hadoop/hadoop-auth/3.2.0/hadoop-auth-3.2.0.jar:/home/user/.m2/repository/com/nimbusds/nimbus-jose-jwt/4.41.1/nimbus-jose-jwt-4.41.1.jar:/home/user/.m2/repository/com/github/stephenc/jcip/jcip-annotations/1.0-1/jcip-annotations-1.0-1.jar:/home/user/.m2/repository/net/minidev/json-smart/2.3/json-smart-2.3.jar:/home/user/.m2/repository/net/minidev/accessors-smart/1.2/accessors-smart-1.2.jar:/home/user/.m2/repository/org/ow2/asm/asm/5.0.4/asm-5.0.4.jar:/home/user/.m2/repository/org/apache/curator/curator-framework/2.12.0/curator-framework-2.12.0.jar:/home/user/.m2/repository/com/sun/jersey/jersey-core/1.19/jersey-core-1.19.jar:/home/user/.m2/repository/javax/ws/rs/jsr311-api/1.1.1/jsr311-api-1.1.1.jar:/home/user/.m2/repository/com/sun/jersey/jersey-server/1.19/jersey-server-1.19.jar:/home/user/.m2/repository/javax/servlet/javax.servlet-api/3.1.0/javax.servlet-api-3.1.0.jar:/home/user/.m2/repository/org/eclipse/jetty/jetty-server/9.3.25.v20180904/jetty-server-9.3.25.v20180904.jar:/home/user/.m2/repository/org/eclipse/jetty/jetty-http/9.3.25.v20180904/jetty-http-9.3.25.v20180904.jar:/home/user/.m2/repository/org/eclipse/jetty/jetty-io/9.3.25.v20180904/jetty-io-9.3.25.v20180904.jar:/home/user/.m2/repository/org/eclipse/jetty/jetty-webapp/9.3.25.v20180904/jetty-webapp-9.3.25.v20180904.jar:/home/user/.m2/repository/org/eclipse/jetty/jetty-xml/9.3.25.v20180904/jetty-xml-9.3.25.v20180904.jar:/home/user/.m2/repository/log4j/log4j/1.2.17/log4j-1.2.17.jar:/home/user/.m2/repository/org/slf4j/slf4j-api/1.7.25/slf4j-api-1.7.25.jar:/home/user/.m2/repository/org/slf4j/jul-to-slf4j/1.7.25/jul-to-slf4j-1.7.25.jar:/home/user/.m2/repository/org/eclipse/jetty/jetty-util/9.3.25.v20180904/jetty-util-9.3.25.v20180904.jar:/home/user/.m2/repository/com/fasterxml/jackson/core/jackson-databind/2.9.9/jackson-databind-2.9.9.jar:/home/user/.m2/repository/org/apache/hadoop/hadoop-kms/3.2.0/hadoop-kms-3.2.0-tests.jar:/home/user/.m2/repository/org/apache/hadoop/hadoop-hdds-server-scm/0.5.0-SNAPSHOT/hadoop-hdds-server-scm-0.5.0-SNAPSHOT-tests.jar:/home/user/.m2/repository/org/apache/hadoop/hadoop-hdds-container-service/0.5.0-SNAPSHOT/hadoop-hdds-container-service-0.5.0-SNAPSHOT-tests.jar:/home/user/.m2/repository/org/yaml/snakeyaml/1.16/snakeyaml-1.16.jar:/home/user/.m2/repository/org/apache/hadoop/hadoop-common/3.2.0/hadoop-common-3.2.0-tests.jar:/home/user/.m2/repository/org/apache/hadoop/hadoop-annotations/3.2.0/hadoop-annotations-3.2.0.jar:/usr/lib/jvm/java-1.8-openjdk/jre/../lib/tools.jar:/home/user/.m2/repository/commons-cli/commons-cli/1.2/commons-cli-1.2.jar:/home/user/.m2/repository/org/apache/httpcomponents/httpclient/4.5.2/httpclient-4.5.2.jar:/home/user/.m2/repository/org/apache/httpcomponents/httpcore/4.4.4/httpcore-4.4.4.jar:/home/user/.m2/repository/commons-codec/commons-codec/1.11/commons-codec-1.11.jar:/home/user/.m2/repository/commons-net/commons-net/3.6/commons-net-3.6.jar:/home/user/.m2/repository/commons-collections/commons-collections/3.2.2/commons-collections-3.2.2.jar:/home/user/.m2/repository/org/eclipse/jetty/jetty-servlet/9.3.25.v20180904/jetty-servlet-9.3.25.v20180904.jar:/home/user/.m2/repository/org/eclipse/jetty/jetty-security/9.3.25.v20180904/jetty-security-9.3.25.v20180904.jar:/home/user/.m2/repository/javax/servlet/jsp/jsp-api/2.1/jsp-api-2.1.jar:/home/user/.m2/repository/com/sun/jersey/jersey-servlet/1.19/jersey-servlet-1.19.jar:/home/user/.m2/repository/com/sun/jersey/jersey-json/1.19/jersey-json-1.19.jar:/home/user/.m2/repository/org/codehaus/jettison/jettison/1.1/jettison-1.1.jar:/home/user/.m2/repository/org/codehaus/jackson/jackson-core-asl/1.9.13/jackson-core-asl-1.9.13.jar:/home/user/.m2/repository/org/codehaus/jackson/jackson-mapper-asl/1.9.13/jackson-mapper-asl-1.9.13.jar:/home/user/.m2/repository/org/codehaus/jackson/jackson-jaxrs/1.9.13/jackson-jaxrs-1.9.13.jar:/home/user/.m2/repository/org/codehaus/jackson/jackson-xc/1.9.13/jackson-xc-1.9.13.jar:/home/user/.m2/repository/commons-logging/commons-logging/1.1.3/commons-logging-1.1.3.jar:/home/user/.m2/repository/commons-beanutils/commons-beanutils/1.9.4/commons-beanutils-1.9.4.jar:/home/user/.m2/repository/org/apache/commons/commons-configuration2/2.1.1/commons-configuration2-2.1.1.jar:/home/user/.m2/repository/org/apache/commons/commons-lang3/3.7/commons-lang3-3.7.jar:/home/user/.m2/repository/org/apache/commons/commons-text/1.4/commons-text-1.4.jar:/home/user/.m2/repository/org/apache/avro/avro/1.7.7/avro-1.7.7.jar:/home/user/.m2/repository/com/thoughtworks/paranamer/paranamer/2.3/paranamer-2.3.jar:/home/user/.m2/repository/org/xerial/snappy/snappy-java/1.0.5/snappy-java-1.0.5.jar:/home/user/.m2/repository/com/google/re2j/re2j/1.1/re2j-1.1.jar:/home/user/.m2/repository/com/google/code/gson/gson/2.2.4/gson-2.2.4.jar:/home/user/.m2/repository/com/jcraft/jsch/0.1.54/jsch-0.1.54.jar:/home/user/.m2/repository/org/apache/curator/curator-client/2.12.0/curator-client-2.12.0.jar:/home/user/.m2/repository/org/apache/curator/curator-recipes/2.12.0/curator-recipes-2.12.0.jar:/home/user/.m2/repository/com/google/code/findbugs/jsr305/3.0.0/jsr305-3.0.0.jar:/home/user/.m2/repository/org/apache/htrace/htrace-core4/4.1.0-incubating/htrace-core4-4.1.0-incubating.jar:/home/user/.m2/repository/org/apache/zookeeper/zookeeper/3.4.13/zookeeper-3.4.13.jar:/home/user/.m2/repository/jline/jline/0.9.94/jline-0.9.94.jar:/home/user/.m2/repository/org/apache/yetus/audience-annotations/0.5.0/audience-annotations-0.5.0.jar:/home/user/.m2/repository/org/codehaus/woodstox/stax2-api/3.1.4/stax2-api-3.1.4.jar:/home/user/.m2/repository/com/fasterxml/woodstox/woodstox-core/5.0.3/woodstox-core-5.0.3.jar:/home/user/.m2/repository/dnsjava/dnsjava/2.1.7/dnsjava-2.1.7.jar:/home/user/.m2/repository/org/apache/hadoop/hadoop-hdfs/3.2.0/hadoop-hdfs-3.2.0-tests.jar:/home/user/.m2/repository/org/eclipse/jetty/jetty-util-ajax/9.3.25.v20180904/jetty-util-ajax-9.3.25.v20180904.jar:/home/user/.m2/repository/commons-daemon/commons-daemon/1.0.13/commons-daemon-1.0.13.jar:/home/user/.m2/repository/io/netty/netty/3.10.5.Final/netty-3.10.5.Final.jar:/home/user/.m2/repository/io/netty/netty-all/4.0.52.Final/netty-all-4.0.52.Final.jar:/home/user/.m2/repository/org/fusesource/leveldbjni/leveldbjni-all/1.8/leveldbjni-all-1.8.jar:"/>
    <property name="sun.cpu.endian" value="little"/>
    <property name="user.home" value="/home/user"/>
    <property name="user.language" value="en"/>
    <property name="java.specification.vendor" value="Oracle Corporation"/>
    <property name="java.home" value="/usr/lib/jvm/java-1.8-openjdk/jre"/>
    <property name="java.security.krb5.conf" value="/workdir/hadoop-ozone/integration-test/target/test-classes/krb5.conf"/>
    <property name="basedir" value="/workdir/hadoop-ozone/integration-test"/>
    <property name="file.separator" value="/"/>
    <property name="line.separator" value="&#10;"/>
    <property name="java.vm.specification.vendor" value="Oracle Corporation"/>
    <property name="java.specification.name" value="Java Platform API Specification"/>
    <property name="java.awt.graphicsenv" value="sun.awt.X11GraphicsEnvironment"/>
    <property name="surefire.real.class.path" value="/workdir/hadoop-ozone/integration-test/target/surefire/surefirebooter6750902304732499783.jar"/>
    <property name="hadoop.log.dir" value="/workdir/hadoop-ozone/integration-test/target/log"/>
    <property name="sun.boot.class.path" value="/usr/lib/jvm/java-1.8-openjdk/jre/lib/resources.jar:/usr/lib/jvm/java-1.8-openjdk/jre/lib/rt.jar:/usr/lib/jvm/java-1.8-openjdk/jre/lib/sunrsasign.jar:/usr/lib/jvm/java-1.8-openjdk/jre/lib/jsse.jar:/usr/lib/jvm/java-1.8-openjdk/jre/lib/jce.jar:/usr/lib/jvm/java-1.8-openjdk/jre/lib/charsets.jar:/usr/lib/jvm/java-1.8-openjdk/jre/lib/jfr.jar:/usr/lib/jvm/java-1.8-openjdk/jre/classes"/>
    <property name="sun.management.compiler" value="HotSpot 64-Bit Tiered Compilers"/>
    <property name="java.runtime.version" value="1.8.0_212-b04"/>
    <property name="java.net.preferIPv4Stack" value="true"/>
    <property name="user.name" value="jenkins1000"/>
    <property name="path.separator" value=":"/>
    <property name="java.security.egd" value="file:///dev/urandom"/>
    <property name="os.version" value="3.10.0-957.12.2.el7.x86_64"/>
    <property name="java.endorsed.dirs" value="/usr/lib/jvm/java-1.8-openjdk/jre/lib/endorsed"/>
    <property name="java.runtime.name" value="OpenJDK Runtime Environment"/>
    <property name="file.encoding" value="UTF-8"/>
    <property name="java.vm.name" value="OpenJDK 64-Bit Server VM"/>
    <property name="test.build.webapps" value=""/>
    <property name="localRepository" value="/home/user/.m2/repository"/>
    <property name="java.vendor.url.bug" value="https://icedtea.classpath.org/bugzilla"/>
    <property name="java.io.tmpdir" value="/tmp"/>
    <property name="require.test.libhadoop" value=""/>
    <property name="java.version" value="1.8.0_212"/>
    <property name="user.dir" value="/workdir/hadoop-ozone/integration-test"/>
    <property name="os.arch" value="amd64"/>
    <property name="java.vm.specification.name" value="Java Virtual Machine Specification"/>
    <property name="test.build.classes" value="/workdir/hadoop-ozone/integration-test/target/test-classes"/>
    <property name="java.awt.printerjob" value="sun.print.PSPrinterJob"/>
    <property name="sun.os.patch.level" value="unknown"/>
    <property name="hadoop.tmp.dir" value="/workdir/hadoop-ozone/integration-test/target/tmp"/>
    <property name="java.library.path" value="/usr/lib/jvm/java-1.8-openjdk/jre/lib/amd64/server:/usr/lib/jvm/java-1.8-openjdk/jre/lib/amd64:/usr/lib/jvm/java-1.8-openjdk/jre/../lib/amd64:/workdir/hadoop-ozone/integration-test/target/native/target/usr/local/lib:/workdir/hadoop-ozone/integration-test/../../hadoop-common-project/hadoop-common/target/native/target/usr/local/lib:/usr/java/packages/lib/amd64:/usr/lib64:/lib64:/lib:/usr/lib"/>
    <property name="java.vm.info" value="mixed mode"/>
    <property name="java.vendor" value="IcedTea"/>
    <property name="java.vm.version" value="25.212-b04"/>
    <property name="java.ext.dirs" value="/usr/lib/jvm/java-1.8-openjdk/jre/lib/ext:/usr/java/packages/lib/ext"/>
    <property name="sun.io.unicode.encoding" value="UnicodeLittle"/>
    <property name="java.class.version" value="52.0"/>
  </properties>
  <testcase name="test" classname="org.apache.hadoop.ozone.scm.TestSCMContainerPlacementPolicyMetrics" time="81.717">
    <error message="test timed out after 60000 milliseconds" type="java.lang.Exception">java.lang.Exception: test timed out after 60000 milliseconds
	at sun.misc.Unsafe.park(Native Method)
	at java.util.concurrent.locks.LockSupport.park(LockSupport.java:175)
	at java.util.concurrent.CompletableFuture$Signaller.block(CompletableFuture.java:1693)
	at java.util.concurrent.ForkJoinPool.managedBlock(ForkJoinPool.java:3323)
	at java.util.concurrent.CompletableFuture.waitingGet(CompletableFuture.java:1729)
	at java.util.concurrent.CompletableFuture.get(CompletableFuture.java:1895)
	at org.apache.hadoop.hdds.scm.storage.BlockOutputStream.waitOnFlushFutures(BlockOutputStream.java:515)
	at org.apache.hadoop.hdds.scm.storage.BlockOutputStream.handleFlush(BlockOutputStream.java:478)
	at org.apache.hadoop.hdds.scm.storage.BlockOutputStream.close(BlockOutputStream.java:493)
	at org.apache.hadoop.ozone.client.io.BlockOutputStreamEntry.close(BlockOutputStreamEntry.java:143)
	at org.apache.hadoop.ozone.client.io.KeyOutputStream.handleFlushOrClose(KeyOutputStream.java:435)
	at org.apache.hadoop.ozone.client.io.KeyOutputStream.close(KeyOutputStream.java:473)
	at org.apache.hadoop.ozone.client.io.OzoneOutputStream.close(OzoneOutputStream.java:60)
	at org.apache.hadoop.ozone.scm.TestSCMContainerPlacementPolicyMetrics.test(TestSCMContainerPlacementPolicyMetrics.java:112)
	at sun.reflect.NativeMethodAccessorImpl.invoke0(Native Method)
	at sun.reflect.NativeMethodAccessorImpl.invoke(NativeMethodAccessorImpl.java:62)
	at sun.reflect.DelegatingMethodAccessorImpl.invoke(DelegatingMethodAccessorImpl.java:43)
	at java.lang.reflect.Method.invoke(Method.java:498)
	at org.junit.runners.model.FrameworkMethod$1.runReflectiveCall(FrameworkMethod.java:47)
	at org.junit.internal.runners.model.ReflectiveCallable.run(ReflectiveCallable.java:12)
	at org.junit.runners.model.FrameworkMethod.invokeExplosively(FrameworkMethod.java:44)
	at org.junit.internal.runners.statements.InvokeMethod.evaluate(InvokeMethod.java:17)
	at org.junit.internal.runners.statements.FailOnTimeout$StatementThread.run(FailOnTimeout.java:74)
</error>
    <system-out><![CDATA[2019-09-24 18:11:13,275 [main] WARN  server.ServerUtils (ServerUtils.java:getScmDbDir(145)) - ozone.scm.db.dirs is not configured. We recommend adding this setting. Falling back to ozone.metadata.dirs instead.
2019-09-24 18:11:13,404 [main] WARN  server.ServerUtils (ServerUtils.java:getScmDbDir(145)) - ozone.scm.db.dirs is not configured. We recommend adding this setting. Falling back to ozone.metadata.dirs instead.
2019-09-24 18:11:13,409 [main] WARN  server.ServerUtils (ServerUtils.java:getScmDbDir(145)) - ozone.scm.db.dirs is not configured. We recommend adding this setting. Falling back to ozone.metadata.dirs instead.
2019-09-24 18:11:13,431 [main] INFO  util.log (Log.java:initialized(192)) - Logging initialized @904ms
2019-09-24 18:11:13,622 [main] INFO  db.DBStoreBuilder (DBStoreBuilder.java:addTable(110)) - using custom profile for table: deletedBlocks
2019-09-24 18:11:13,623 [main] INFO  db.DBStoreBuilder (DBStoreBuilder.java:processTables(161)) - Using default column profile:DBProfile.DISK for Table:deletedBlocks
2019-09-24 18:11:13,624 [main] INFO  db.DBStoreBuilder (DBStoreBuilder.java:addTable(110)) - using custom profile for table: validCerts
2019-09-24 18:11:13,624 [main] INFO  db.DBStoreBuilder (DBStoreBuilder.java:processTables(161)) - Using default column profile:DBProfile.DISK for Table:validCerts
2019-09-24 18:11:13,625 [main] INFO  db.DBStoreBuilder (DBStoreBuilder.java:addTable(110)) - using custom profile for table: revokedCerts
2019-09-24 18:11:13,625 [main] INFO  db.DBStoreBuilder (DBStoreBuilder.java:processTables(161)) - Using default column profile:DBProfile.DISK for Table:revokedCerts
2019-09-24 18:11:13,647 [main] INFO  db.DBStoreBuilder (DBStoreBuilder.java:addTable(110)) - using custom profile for table: default
2019-09-24 18:11:13,648 [main] INFO  db.DBStoreBuilder (DBStoreBuilder.java:processTables(167)) - Using default column profile:DBProfile.DISK for Table:default
2019-09-24 18:11:13,650 [main] INFO  db.DBStoreBuilder (DBStoreBuilder.java:getDbProfile(198)) - Using default options. DBProfile.DISK
2019-09-24 18:11:13,971 [main] INFO  net.NodeSchemaLoader (NodeSchemaLoader.java:loadSchemaFromFile(125)) - Loading file from sun.misc.CompoundEnumeration@33d512c1
2019-09-24 18:11:13,973 [main] INFO  net.NodeSchemaLoader (NodeSchemaLoader.java:loadSchema(171)) - Loading network topology layer schema file
2019-09-24 18:11:14,043 [main] WARN  server.ServerUtils (ServerUtils.java:sanitizeUserArgs(70)) - ozone.scm.stale.node.interval value = 300000 is larger than max = 100000 based on the key value of ozone.scm.heartbeat.thread.interval, reset to the max value 100000.
2019-09-24 18:11:14,045 [main] WARN  server.ServerUtils (ServerUtils.java:sanitizeUserArgs(70)) - ozone.scm.stale.node.interval value = 300000 is larger than max = 100000 based on the key value of ozone.scm.heartbeat.thread.interval, reset to the max value 100000.
2019-09-24 18:11:14,048 [main] INFO  node.SCMNodeManager (SCMNodeManager.java:<init>(114)) - Entering startup safe mode.
2019-09-24 18:11:14,116 [main] INFO  Configuration.deprecation (Configuration.java:logDeprecation(1394)) - hadoop.configured.node.mapping is deprecated. Instead, use net.topology.configured.node.mapping
2019-09-24 18:11:14,121 [main] INFO  algorithms.ContainerPlacementPolicyFactory (ContainerPlacementPolicyFactory.java:getPolicy(57)) - Create container placement policy of type org.apache.hadoop.hdds.scm.container.placement.algorithms.SCMContainerPlacementRackAware
2019-09-24 18:11:14,136 [main] WARN  server.ServerUtils (ServerUtils.java:getScmDbDir(145)) - ozone.scm.db.dirs is not configured. We recommend adding this setting. Falling back to ozone.metadata.dirs instead.
2019-09-24 18:11:14,232 [main] INFO  pipeline.SCMPipelineManager (SCMPipelineManager.java:initializePipelineState(132)) - No pipeline exists in current db
2019-09-24 18:11:14,236 [main] WARN  server.ServerUtils (ServerUtils.java:getScmDbDir(145)) - ozone.scm.db.dirs is not configured. We recommend adding this setting. Falling back to ozone.metadata.dirs instead.
2019-09-24 18:11:14,368 [main] WARN  events.EventQueue (EventQueue.java:fireEvent(183)) - No event handler registered for event TypedEvent{payloadType=SafeModeStatus, name='SafeModeStatus'}
2019-09-24 18:11:14,753 [main] INFO  ipc.CallQueueManager (CallQueueManager.java:<init>(84)) - Using callQueue: class java.util.concurrent.LinkedBlockingQueue, queueCapacity: 2000, scheduler: class org.apache.hadoop.ipc.DefaultRpcScheduler, ipcBackoff: false.
2019-09-24 18:11:14,782 [Socket Reader #1 for port 38397] INFO  ipc.Server (Server.java:run(1074)) - Starting Socket Reader #1 for port 38397
2019-09-24 18:11:14,950 [main] INFO  ipc.CallQueueManager (CallQueueManager.java:<init>(84)) - Using callQueue: class java.util.concurrent.LinkedBlockingQueue, queueCapacity: 2000, scheduler: class org.apache.hadoop.ipc.DefaultRpcScheduler, ipcBackoff: false.
2019-09-24 18:11:14,952 [Socket Reader #1 for port 39586] INFO  ipc.Server (Server.java:run(1074)) - Starting Socket Reader #1 for port 39586
2019-09-24 18:11:14,966 [main] INFO  ipc.CallQueueManager (CallQueueManager.java:<init>(84)) - Using callQueue: class java.util.concurrent.LinkedBlockingQueue, queueCapacity: 2000, scheduler: class org.apache.hadoop.ipc.DefaultRpcScheduler, ipcBackoff: false.
2019-09-24 18:11:14,967 [Socket Reader #1 for port 33791] INFO  ipc.Server (Server.java:run(1074)) - Starting Socket Reader #1 for port 33791
2019-09-24 18:11:14,998 [main] INFO  hdfs.DFSUtil (DFSUtil.java:httpServerTemplateForNNAndJN(1641)) - Starting Web-server for scm at: http://0.0.0.0:0
2019-09-24 18:11:15,156 [main] INFO  server.AuthenticationFilter (AuthenticationFilter.java:constructSecretProvider(240)) - Unable to initialize FileSignerSecretProvider, falling back to use random secrets.
2019-09-24 18:11:15,165 [main] WARN  http.HttpRequestLog (HttpRequestLog.java:getRequestLog(97)) - Jetty request log can only be enabled using Log4j
2019-09-24 18:11:15,174 [main] INFO  http.HttpServer2 (HttpServer2.java:addGlobalFilter(975)) - Added global filter 'safety' (class=org.apache.hadoop.http.HttpServer2$QuotingInputFilter)
2019-09-24 18:11:15,176 [main] INFO  http.HttpServer2 (HttpServer2.java:addFilter(948)) - Added filter static_user_filter (class=org.apache.hadoop.http.lib.StaticUserWebFilter$StaticUserFilter) to context scm
2019-09-24 18:11:15,177 [main] INFO  http.HttpServer2 (HttpServer2.java:addFilter(958)) - Added filter static_user_filter (class=org.apache.hadoop.http.lib.StaticUserWebFilter$StaticUserFilter) to context static
2019-09-24 18:11:15,177 [main] INFO  http.HttpServer2 (HttpServer2.java:addFilter(958)) - Added filter static_user_filter (class=org.apache.hadoop.http.lib.StaticUserWebFilter$StaticUserFilter) to context logs
2019-09-24 18:11:15,214 [main] INFO  server.StorageContainerManager (StorageContainerManager.java:start(770)) - StorageContainerLocationProtocol RPC server is listening at /0.0.0.0:33791
2019-09-24 18:11:15,297 [main] WARN  impl.MetricsConfig (MetricsConfig.java:loadFirst(134)) - Cannot locate configuration: tried hadoop-metrics2-storagecontainermanager.properties,hadoop-metrics2.properties
2019-09-24 18:11:15,313 [main] INFO  impl.MetricsSystemImpl (MetricsSystemImpl.java:startTimer(374)) - Scheduled Metric snapshot period at 10 second(s).
2019-09-24 18:11:15,313 [main] INFO  impl.MetricsSystemImpl (MetricsSystemImpl.java:start(191)) - StorageContainerManager metrics system started
2019-09-24 18:11:15,531 [main] INFO  server.SCMClientProtocolServer (SCMClientProtocolServer.java:start(151)) - RPC server for Client  is listening at /0.0.0.0:33791
2019-09-24 18:11:15,532 [IPC Server Responder] INFO  ipc.Server (Server.java:run(1314)) - IPC Server Responder: starting
2019-09-24 18:11:15,532 [IPC Server listener on 33791] INFO  ipc.Server (Server.java:run(1153)) - IPC Server listener on 33791: starting
2019-09-24 18:11:15,535 [main] INFO  server.StorageContainerManager (StorageContainerManager.java:start(780)) - ScmBlockLocationProtocol RPC server is listening at /0.0.0.0:39586
2019-09-24 18:11:15,536 [main] INFO  server.SCMBlockProtocolServer (SCMBlockProtocolServer.java:start(146)) - RPC server for Block Protocol is listening at /0.0.0.0:39586
2019-09-24 18:11:15,536 [IPC Server Responder] INFO  ipc.Server (Server.java:run(1314)) - IPC Server Responder: starting
2019-09-24 18:11:15,536 [IPC Server listener on 39586] INFO  ipc.Server (Server.java:run(1153)) - IPC Server listener on 39586: starting
2019-09-24 18:11:15,539 [main] INFO  server.StorageContainerManager (StorageContainerManager.java:start(784)) - ScmDatanodeProtocl RPC server is listening at /0.0.0.0:38397
2019-09-24 18:11:15,539 [main] INFO  server.SCMDatanodeProtocolServer (SCMDatanodeProtocolServer.java:start(191)) - RPC server for DataNodes is listening at /0.0.0.0:38397
2019-09-24 18:11:15,539 [IPC Server Responder] INFO  ipc.Server (Server.java:run(1314)) - IPC Server Responder: starting
2019-09-24 18:11:15,539 [IPC Server listener on 38397] INFO  ipc.Server (Server.java:run(1153)) - IPC Server listener on 38397: starting
2019-09-24 18:11:15,543 [main] INFO  http.HttpServer2 (HttpServer2.java:bindListener(1191)) - Jetty bound to port 36328
2019-09-24 18:11:15,545 [main] INFO  server.Server (Server.java:doStart(351)) - jetty-9.3.25.v20180904, build timestamp: 2018-09-04T21:11:46Z, git hash: 3ce520221d0240229c862b122d2b06c12a625732
2019-09-24 18:11:15,579 [main] INFO  handler.ContextHandler (ContextHandler.java:doStart(781)) - Started o.e.j.s.ServletContextHandler@6b00f608{/logs,file:///workdir/hadoop-ozone/integration-test/target/log,AVAILABLE}
2019-09-24 18:11:15,580 [main] INFO  handler.ContextHandler (ContextHandler.java:doStart(781)) - Started o.e.j.s.ServletContextHandler@3e821657{/static,file:///workdir/hadoop-ozone/integration-test/target/test-classes/webapps/static,AVAILABLE}
2019-09-24 18:11:15,632 [main] INFO  handler.ContextHandler (ContextHandler.java:doStart(781)) - Started o.e.j.w.WebAppContext@6928f576{/,file:///workdir/hadoop-ozone/integration-test/target/test-classes/webapps/scm/,AVAILABLE}{/scm}
2019-09-24 18:11:15,640 [main] INFO  server.AbstractConnector (AbstractConnector.java:doStart(278)) - Started ServerConnector@548e76f1{HTTP/1.1,[http/1.1]}{0.0.0.0:36328}
2019-09-24 18:11:15,641 [main] INFO  server.Server (Server.java:doStart(419)) - Started @3114ms
2019-09-24 18:11:15,644 [main] INFO  impl.MetricsSinkAdapter (MetricsSinkAdapter.java:start(204)) - Sink prometheus started
2019-09-24 18:11:15,644 [main] INFO  impl.MetricsSystemImpl (MetricsSystemImpl.java:registerSink(301)) - Registered sink prometheus
2019-09-24 18:11:15,646 [main] INFO  server.BaseHttpServer (BaseHttpServer.java:updateConnectorAddress(215)) - HTTP server of SCM is listening at http://0.0.0.0:36328
2019-09-24 18:11:15,654 [org.apache.hadoop.util.JvmPauseMonitor$Monitor@73511076] INFO  util.JvmPauseMonitor (JvmPauseMonitor.java:run(188)) - Starting JVM pause monitor
2019-09-24 18:11:15,659 [main] WARN  server.ServerUtils (ServerUtils.java:getDBPath(222)) - ozone.om.db.dirs is not configured. We recommend adding this setting. Falling back to ozone.metadata.dirs instead.
2019-09-24 18:11:15,789 [main] WARN  server.ServerUtils (ServerUtils.java:getDBPath(222)) - ozone.om.db.dirs is not configured. We recommend adding this setting. Falling back to ozone.metadata.dirs instead.
2019-09-24 18:11:15,790 [main] WARN  server.ServerUtils (ServerUtils.java:getDBPath(222)) - ozone.om.db.dirs is not configured. We recommend adding this setting. Falling back to ozone.metadata.dirs instead.
2019-09-24 18:11:15,791 [main] INFO  om.OzoneManager (OzoneManager.java:setOMNodeDetails(652)) - OM Service ID is not set. Setting it to the default ID: omServiceIdDefault
2019-09-24 18:11:15,791 [main] INFO  om.OzoneManager (OzoneManager.java:setOMNodeDetails(658)) - OM Node ID is not set. Setting it to the OmStorage's OmID: e2eadf6f-526c-4e33-ad15-efa03a41bdd1
2019-09-24 18:11:15,792 [main] INFO  om.OzoneManager (OzoneManager.java:loadOMHAConfigs(609)) - Found matching OM address with OMServiceId: null, OMNodeId: null, RPC Address: localhost:0 and Ratis port: 9872
2019-09-24 18:11:16,436 [main] WARN  server.ServerUtils (ServerUtils.java:getDBPath(222)) - ozone.om.db.dirs is not configured. We recommend adding this setting. Falling back to ozone.metadata.dirs instead.
2019-09-24 18:11:16,445 [main] INFO  db.DBStoreBuilder (DBStoreBuilder.java:addTable(110)) - using custom profile for table: userTable
2019-09-24 18:11:16,445 [main] INFO  db.DBStoreBuilder (DBStoreBuilder.java:processTables(161)) - Using default column profile:DBProfile.DISK for Table:userTable
2019-09-24 18:11:16,445 [main] INFO  db.DBStoreBuilder (DBStoreBuilder.java:addTable(110)) - using custom profile for table: volumeTable
2019-09-24 18:11:16,445 [main] INFO  db.DBStoreBuilder (DBStoreBuilder.java:processTables(161)) - Using default column profile:DBProfile.DISK for Table:volumeTable
2019-09-24 18:11:16,446 [main] INFO  db.DBStoreBuilder (DBStoreBuilder.java:addTable(110)) - using custom profile for table: bucketTable
2019-09-24 18:11:16,446 [main] INFO  db.DBStoreBuilder (DBStoreBuilder.java:processTables(161)) - Using default column profile:DBProfile.DISK for Table:bucketTable
2019-09-24 18:11:16,446 [main] INFO  db.DBStoreBuilder (DBStoreBuilder.java:addTable(110)) - using custom profile for table: keyTable
2019-09-24 18:11:16,446 [main] INFO  db.DBStoreBuilder (DBStoreBuilder.java:processTables(161)) - Using default column profile:DBProfile.DISK for Table:keyTable
2019-09-24 18:11:16,447 [main] INFO  db.DBStoreBuilder (DBStoreBuilder.java:addTable(110)) - using custom profile for table: deletedTable
2019-09-24 18:11:16,447 [main] INFO  db.DBStoreBuilder (DBStoreBuilder.java:processTables(161)) - Using default column profile:DBProfile.DISK for Table:deletedTable
2019-09-24 18:11:16,447 [main] INFO  db.DBStoreBuilder (DBStoreBuilder.java:addTable(110)) - using custom profile for table: openKeyTable
2019-09-24 18:11:16,447 [main] INFO  db.DBStoreBuilder (DBStoreBuilder.java:processTables(161)) - Using default column profile:DBProfile.DISK for Table:openKeyTable
2019-09-24 18:11:16,448 [main] INFO  db.DBStoreBuilder (DBStoreBuilder.java:addTable(110)) - using custom profile for table: s3Table
2019-09-24 18:11:16,448 [main] INFO  db.DBStoreBuilder (DBStoreBuilder.java:processTables(161)) - Using default column profile:DBProfile.DISK for Table:s3Table
2019-09-24 18:11:16,448 [main] INFO  db.DBStoreBuilder (DBStoreBuilder.java:addTable(110)) - using custom profile for table: multipartInfoTable
2019-09-24 18:11:16,448 [main] INFO  db.DBStoreBuilder (DBStoreBuilder.java:processTables(161)) - Using default column profile:DBProfile.DISK for Table:multipartInfoTable
2019-09-24 18:11:16,449 [main] INFO  db.DBStoreBuilder (DBStoreBuilder.java:addTable(110)) - using custom profile for table: dTokenTable
2019-09-24 18:11:16,449 [main] INFO  db.DBStoreBuilder (DBStoreBuilder.java:processTables(161)) - Using default column profile:DBProfile.DISK for Table:dTokenTable
2019-09-24 18:11:16,449 [main] INFO  db.DBStoreBuilder (DBStoreBuilder.java:addTable(110)) - using custom profile for table: s3SecretTable
2019-09-24 18:11:16,449 [main] INFO  db.DBStoreBuilder (DBStoreBuilder.java:processTables(161)) - Using default column profile:DBProfile.DISK for Table:s3SecretTable
2019-09-24 18:11:16,450 [main] INFO  db.DBStoreBuilder (DBStoreBuilder.java:addTable(110)) - using custom profile for table: prefixTable
2019-09-24 18:11:16,450 [main] INFO  db.DBStoreBuilder (DBStoreBuilder.java:processTables(161)) - Using default column profile:DBProfile.DISK for Table:prefixTable
2019-09-24 18:11:16,450 [main] INFO  db.DBStoreBuilder (DBStoreBuilder.java:addTable(110)) - using custom profile for table: default
2019-09-24 18:11:16,450 [main] INFO  db.DBStoreBuilder (DBStoreBuilder.java:processTables(167)) - Using default column profile:DBProfile.DISK for Table:default
2019-09-24 18:11:16,451 [main] INFO  db.DBStoreBuilder (DBStoreBuilder.java:getDbProfile(198)) - Using default options. DBProfile.DISK
2019-09-24 18:11:17,031 [KeyDeletingService#0] WARN  utils.BackgroundService (BackgroundService.java:lambda$run$0(135)) - Background task fails to execute, retrying in next interval
java.util.concurrent.ExecutionException: java.lang.NullPointerException
	at java.util.concurrent.FutureTask.report(FutureTask.java:122)
	at java.util.concurrent.FutureTask.get(FutureTask.java:206)
	at org.apache.hadoop.hdds.utils.BackgroundService$PeriodicalTask.lambda$run$0(BackgroundService.java:129)
	at java.util.stream.ForEachOps$ForEachOp$OfRef.accept(ForEachOps.java:184)
	at java.util.ArrayList$ArrayListSpliterator.forEachRemaining(ArrayList.java:1382)
	at java.util.stream.AbstractPipeline.copyInto(AbstractPipeline.java:482)
	at java.util.stream.ForEachOps$ForEachTask.compute(ForEachOps.java:291)
	at java.util.concurrent.CountedCompleter.exec(CountedCompleter.java:731)
	at java.util.concurrent.ForkJoinTask.doExec(ForkJoinTask.java:289)
	at java.util.concurrent.ForkJoinTask.doInvoke(ForkJoinTask.java:401)
	at java.util.concurrent.ForkJoinTask.invoke(ForkJoinTask.java:734)
	at java.util.stream.ForEachOps$ForEachOp.evaluateParallel(ForEachOps.java:160)
	at java.util.stream.ForEachOps$ForEachOp$OfRef.evaluateParallel(ForEachOps.java:174)
	at java.util.stream.AbstractPipeline.evaluate(AbstractPipeline.java:233)
	at java.util.stream.ReferencePipeline.forEach(ReferencePipeline.java:418)
	at java.util.stream.ReferencePipeline$Head.forEach(ReferencePipeline.java:583)
	at org.apache.hadoop.hdds.utils.BackgroundService$PeriodicalTask.run(BackgroundService.java:125)
	at java.util.concurrent.Executors$RunnableAdapter.call(Executors.java:511)
	at java.util.concurrent.FutureTask.runAndReset(FutureTask.java:308)
	at java.util.concurrent.ScheduledThreadPoolExecutor$ScheduledFutureTask.access$301(ScheduledThreadPoolExecutor.java:180)
	at java.util.concurrent.ScheduledThreadPoolExecutor$ScheduledFutureTask.run(ScheduledThreadPoolExecutor.java:294)
	at java.util.concurrent.ThreadPoolExecutor.runWorker(ThreadPoolExecutor.java:1149)
	at java.util.concurrent.ThreadPoolExecutor$Worker.run(ThreadPoolExecutor.java:624)
	at java.lang.Thread.run(Thread.java:748)
Caused by: java.lang.NullPointerException
	at org.apache.hadoop.ozone.om.OzoneManager.isLeader(OzoneManager.java:3430)
	at org.apache.hadoop.ozone.om.KeyDeletingService.shouldRun(KeyDeletingService.java:120)
	at org.apache.hadoop.ozone.om.KeyDeletingService.access$100(KeyDeletingService.java:58)
	at org.apache.hadoop.ozone.om.KeyDeletingService$KeyDeletingTask.call(KeyDeletingService.java:149)
	at org.apache.hadoop.ozone.om.KeyDeletingService$KeyDeletingTask.call(KeyDeletingService.java:137)
	at java.util.concurrent.FutureTask.run(FutureTask.java:266)
	at java.util.concurrent.Executors$RunnableAdapter.call(Executors.java:511)
	at java.util.concurrent.FutureTask.run(FutureTask.java:266)
	at java.util.concurrent.Executors$RunnableAdapter.call(Executors.java:511)
	at java.util.concurrent.FutureTask.run(FutureTask.java:266)
	at java.util.concurrent.ScheduledThreadPoolExecutor$ScheduledFutureTask.access$201(ScheduledThreadPoolExecutor.java:180)
	at java.util.concurrent.ScheduledThreadPoolExecutor$ScheduledFutureTask.run(ScheduledThreadPoolExecutor.java:293)
	... 3 more
2019-09-24 18:11:17,060 [main] WARN  scm.HddsServerUtil (HddsServerUtil.java:getDefaultRatisDirectory(354)) - Storage directory for Ratis is not configured. It is a good idea to map this to an SSD disk. Falling back to ozone.metadata.dirs
2019-09-24 18:11:17,084 [main] INFO  ratis.OzoneManagerRatisServer (OzoneManagerRatisServer.java:<init>(241)) - Instantiating OM Ratis server with GroupID: omServiceIdDefault and Raft Peers: localhost:9872
2019-09-24 18:11:17,300 [main] INFO  impl.RaftServerProxy (ConfUtils.java:logGet(43)) - raft.rpc.type = GRPC (default)
2019-09-24 18:11:17,382 [main] INFO  grpc.GrpcFactory (GrpcFactory.java:checkPooledByteBufAllocatorUseCacheForAllThreads(45)) - PERFORMANCE WARNING: useCacheForAllThreads is true that may cause Netty to create a lot garbage objects and, as a result, trigger GC.
	It is recommended to disable useCacheForAllThreads by setting -Dorg.apache.ratis.thirdparty.io.netty.allocator.useCacheForAllThreads=false in command line.
2019-09-24 18:11:17,389 [main] INFO  grpc.GrpcConfigKeys$Server (ConfUtils.java:logGet(43)) - raft.grpc.server.port = 9872 (custom)
2019-09-24 18:11:17,390 [main] INFO  server.GrpcService (ConfUtils.java:logGet(43)) - raft.grpc.message.size.max = 33554432 (custom)
2019-09-24 18:11:17,392 [main] INFO  server.RaftServerConfigKeys (ConfUtils.java:logGet(43)) - raft.server.log.appender.buffer.byte-limit = 33554432 (custom)
2019-09-24 18:11:17,393 [main] INFO  server.GrpcService (ConfUtils.java:logGet(43)) - raft.grpc.flow.control.window = 1MB (=1048576) (default)
2019-09-24 18:11:17,394 [main] INFO  server.RaftServerConfigKeys (ConfUtils.java:logGet(43)) - raft.server.rpc.request.timeout = 3000ms (default)
2019-09-24 18:11:17,558 [main] INFO  server.RaftServerConfigKeys (ConfUtils.java:logGet(43)) - raft.server.storage.dir = [/workdir/hadoop-ozone/integration-test/target/test-dir/MiniOzoneClusterImpl-42bba134-5a67-4562-bb40-e54cb25fe1f1/ozone-meta/ratis] (custom)
2019-09-24 18:11:17,566 [main] INFO  impl.RaftServerProxy (RaftServerProxy.java:addNew(89)) - e2eadf6f-526c-4e33-ad15-efa03a41bdd1: addNew group-C5BA1605619E:[e2eadf6f-526c-4e33-ad15-efa03a41bdd1:localhost:9872] returns group-C5BA1605619E:java.util.concurrent.CompletableFuture@5ae95707[Not completed]
2019-09-24 18:11:17,567 [main] INFO  om.OzoneManager (OzoneManager.java:initializeRatisServer(1389)) - OzoneManager Ratis server initialized at port 9872
2019-09-24 18:11:17,570 [main] WARN  scm.HddsServerUtil (HddsServerUtil.java:getDefaultRatisDirectory(354)) - Storage directory for Ratis is not configured. It is a good idea to map this to an SSD disk. Falling back to ozone.metadata.dirs
2019-09-24 18:11:17,571 [main] WARN  scm.HddsServerUtil (HddsServerUtil.java:getDefaultRatisDirectory(354)) - Storage directory for Ratis is not configured. It is a good idea to map this to an SSD disk. Falling back to ozone.metadata.dirs
2019-09-24 18:11:17,583 [pool-22-thread-1] INFO  impl.RaftServerImpl (RaftServerImpl.java:<init>(95)) - e2eadf6f-526c-4e33-ad15-efa03a41bdd1: new RaftServerImpl for group-C5BA1605619E:[e2eadf6f-526c-4e33-ad15-efa03a41bdd1:localhost:9872] with OzoneManagerStateMachine:uninitialized
2019-09-24 18:11:17,586 [pool-22-thread-1] INFO  server.RaftServerConfigKeys (ConfUtils.java:logGet(43)) - raft.server.rpc.timeout.min = 1s (custom)
2019-09-24 18:11:17,587 [pool-22-thread-1] INFO  server.RaftServerConfigKeys (ConfUtils.java:logGet(43)) - raft.server.rpc.timeout.max = 1200ms (custom)
2019-09-24 18:11:17,587 [pool-22-thread-1] INFO  server.RaftServerConfigKeys (ConfUtils.java:logGet(43)) - raft.server.rpcslowness.timeout = 120s (custom)
2019-09-24 18:11:17,588 [pool-22-thread-1] INFO  server.RaftServerConfigKeys (ConfUtils.java:logGet(43)) - raft.server.sleep.deviation.threshold = 300 (default)
2019-09-24 18:11:17,589 [main] INFO  ipc.CallQueueManager (CallQueueManager.java:<init>(84)) - Using callQueue: class java.util.concurrent.LinkedBlockingQueue, queueCapacity: 2000, scheduler: class org.apache.hadoop.ipc.DefaultRpcScheduler, ipcBackoff: false.
2019-09-24 18:11:17,589 [pool-22-thread-1] INFO  server.RaftServerConfigKeys (ConfUtils.java:logGet(43)) - raft.server.log.appender.install.snapshot.enabled = false (custom)
2019-09-24 18:11:17,590 [Socket Reader #1 for port 44119] INFO  ipc.Server (Server.java:run(1074)) - Starting Socket Reader #1 for port 44119
2019-09-24 18:11:17,599 [pool-22-thread-1] INFO  impl.RaftServerImpl (ServerState.java:<init>(103)) - e2eadf6f-526c-4e33-ad15-efa03a41bdd1@group-C5BA1605619E: ConfigurationManager, init=-1: [e2eadf6f-526c-4e33-ad15-efa03a41bdd1:localhost:9872], old=null, confs=<EMPTY_MAP>
2019-09-24 18:11:17,600 [pool-22-thread-1] INFO  server.RaftServerConfigKeys (ConfUtils.java:logGet(43)) - raft.server.storage.dir = [/workdir/hadoop-ozone/integration-test/target/test-dir/MiniOzoneClusterImpl-42bba134-5a67-4562-bb40-e54cb25fe1f1/ozone-meta/ratis] (custom)
2019-09-24 18:11:17,614 [pool-22-thread-1] INFO  storage.RaftStorageDirectory (RaftStorageDirectory.java:analyzeStorage(246)) - The storage directory /workdir/hadoop-ozone/integration-test/target/test-dir/MiniOzoneClusterImpl-42bba134-5a67-4562-bb40-e54cb25fe1f1/ozone-meta/ratis/bf265839-605b-3f16-9796-c5ba1605619e does not exist. Creating ...
2019-09-24 18:11:17,622 [pool-22-thread-1] INFO  storage.RaftStorageDirectory (RaftStorageDirectory.java:tryLock(328)) - Lock on /workdir/hadoop-ozone/integration-test/target/test-dir/MiniOzoneClusterImpl-42bba134-5a67-4562-bb40-e54cb25fe1f1/ozone-meta/ratis/bf265839-605b-3f16-9796-c5ba1605619e/in_use.lock acquired by nodename 10715@pr-hdds-2149-fgl4f-1742389470
2019-09-24 18:11:17,627 [pool-22-thread-1] INFO  storage.RaftStorage (RaftStorage.java:format(72)) - Storage directory /workdir/hadoop-ozone/integration-test/target/test-dir/MiniOzoneClusterImpl-42bba134-5a67-4562-bb40-e54cb25fe1f1/ozone-meta/ratis/bf265839-605b-3f16-9796-c5ba1605619e has been successfully formatted.
2019-09-24 18:11:17,631 [pool-22-thread-1] INFO  server.RaftServerConfigKeys (ConfUtils.java:logGet(43)) - raft.server.notification.no-leader.timeout = 120s (custom)
2019-09-24 18:11:17,631 [main] INFO  om.OzoneManager (OzoneManager.java:start(1243)) - OzoneManager RPC server is listening at localhost/127.0.0.1:44119
2019-09-24 18:11:17,632 [main] INFO  impl.MetricsSystemImpl (MetricsSystemImpl.java:init(158)) - OzoneManager metrics system started (again)
2019-09-24 18:11:17,633 [main] INFO  ratis.OzoneManagerRatisServer (OzoneManagerRatisServer.java:start(331)) - Starting OzoneManagerRatisServer e2eadf6f-526c-4e33-ad15-efa03a41bdd1 at port 9872
2019-09-24 18:11:17,634 [pool-22-thread-1] INFO  server.RaftServerConfigKeys (ConfUtils.java:logGet(43)) - raft.server.log.use.memory = false (default)
2019-09-24 18:11:17,641 [pool-22-thread-1] INFO  server.RaftServerConfigKeys (ConfUtils.java:logGet(43)) - raft.server.log.purge.gap = 1000000 (custom)
2019-09-24 18:11:17,641 [pool-22-thread-1] INFO  server.RaftServerConfigKeys (ConfUtils.java:logGet(43)) - raft.server.log.appender.buffer.byte-limit = 33554432 (custom)
2019-09-24 18:11:17,644 [pool-22-thread-1] INFO  server.RaftServerConfigKeys (ConfUtils.java:logGet(43)) - raft.server.log.segment.size.max = 16384 (custom)
2019-09-24 18:11:17,648 [pool-22-thread-1] INFO  server.RaftServerConfigKeys (ConfUtils.java:logGet(43)) - raft.server.log.segment.cache.num.max = 2 (custom)
2019-09-24 18:11:17,653 [pool-22-thread-1] INFO  segmented.SegmentedRaftLogWorker (SegmentedRaftLogWorker.java:<init>(172)) - new e2eadf6f-526c-4e33-ad15-efa03a41bdd1@group-C5BA1605619E-SegmentedRaftLogWorker for RaftStorage:Storage Directory /workdir/hadoop-ozone/integration-test/target/test-dir/MiniOzoneClusterImpl-42bba134-5a67-4562-bb40-e54cb25fe1f1/ozone-meta/ratis/bf265839-605b-3f16-9796-c5ba1605619e
2019-09-24 18:11:17,654 [pool-22-thread-1] INFO  impl.MetricsSystemImpl (MetricsSystemImpl.java:init(158)) - ratis metrics system started (again)
2019-09-24 18:11:17,660 [pool-22-thread-1] INFO  metrics.MetricRegistries (MetricRegistriesLoader.java:load(64)) - Loaded MetricRegistries class org.apache.ratis.metrics.impl.MetricRegistriesImpl
2019-09-24 18:11:17,687 [pool-22-thread-1] INFO  server.RaftServerConfigKeys (ConfUtils.java:logGet(43)) - raft.server.log.queue.byte-limit = 64MB (=67108864) (default)
2019-09-24 18:11:17,688 [pool-22-thread-1] INFO  server.RaftServerConfigKeys (ConfUtils.java:logGet(43)) - raft.server.log.queue.element-limit = 4096 (default)
2019-09-24 18:11:17,691 [pool-22-thread-1] INFO  server.RaftServerConfigKeys (ConfUtils.java:logGet(43)) - raft.server.log.segment.size.max = 16384 (custom)
2019-09-24 18:11:17,691 [pool-22-thread-1] INFO  server.RaftServerConfigKeys (ConfUtils.java:logGet(43)) - raft.server.log.preallocated.size = 16384 (custom)
2019-09-24 18:11:17,692 [pool-22-thread-1] INFO  server.RaftServerConfigKeys (ConfUtils.java:logGet(43)) - raft.server.log.write.buffer.size = 64KB (=65536) (default)
2019-09-24 18:11:17,692 [pool-22-thread-1] INFO  server.RaftServerConfigKeys (ConfUtils.java:logGet(43)) - raft.server.log.force.sync.num = 128 (default)
2019-09-24 18:11:17,694 [pool-22-thread-1] INFO  server.RaftServerConfigKeys (ConfUtils.java:logGet(43)) - raft.server.log.statemachine.data.sync = true (default)
2019-09-24 18:11:17,694 [pool-22-thread-1] INFO  server.RaftServerConfigKeys (ConfUtils.java:logGet(43)) - raft.server.log.statemachine.data.sync.timeout = 10s (default)
2019-09-24 18:11:17,694 [pool-22-thread-1] INFO  server.RaftServerConfigKeys (ConfUtils.java:logGet(43)) - raft.server.log.statemachine.data.sync.timeout.retry = -1 (default)
2019-09-24 18:11:17,703 [pool-22-thread-1] INFO  server.RaftServerConfigKeys (ConfUtils.java:logGet(43)) - raft.server.log.statemachine.data.caching.enabled = false (default)
2019-09-24 18:11:17,708 [pool-22-thread-1] INFO  segmented.SegmentedRaftLogWorker (SegmentedRaftLogWorker.java:lambda$new$0(132)) - e2eadf6f-526c-4e33-ad15-efa03a41bdd1@group-C5BA1605619E-SegmentedRaftLogWorker: flushIndex: setUnconditionally 0 -> -1
2019-09-24 18:11:17,714 [pool-22-thread-1] INFO  server.RaftServerConfigKeys (ConfUtils.java:logGet(43)) - raft.server.snapshot.auto.trigger.enabled = true (custom)
2019-09-24 18:11:17,715 [pool-22-thread-1] INFO  server.RaftServerConfigKeys (ConfUtils.java:logGet(43)) - raft.server.snapshot.auto.trigger.threshold = 400000 (default)
2019-09-24 18:11:17,715 [pool-22-thread-1] INFO  server.RaftServerConfigKeys (ConfUtils.java:logGet(43)) - raft.server.snapshot.retention.num.files = -1 (default)
2019-09-24 18:11:17,716 [pool-22-thread-1] INFO  server.RaftServerConfigKeys (ConfUtils.java:logGet(43)) - raft.server.retrycache.expirytime = 600000ms (custom)
2019-09-24 18:11:17,743 [main] INFO  impl.RaftServerImpl (RaftServerImpl.java:start(185)) - e2eadf6f-526c-4e33-ad15-efa03a41bdd1@group-C5BA1605619E: start as a follower, conf=-1: [e2eadf6f-526c-4e33-ad15-efa03a41bdd1:localhost:9872], old=null
2019-09-24 18:11:17,747 [main] INFO  impl.RaftServerImpl (RaftServerImpl.java:setRole(174)) - e2eadf6f-526c-4e33-ad15-efa03a41bdd1@group-C5BA1605619E: changes role from      null to FOLLOWER at term 0 for startAsFollower
2019-09-24 18:11:17,749 [main] INFO  impl.RoleInfo (RoleInfo.java:updateAndGet(143)) - e2eadf6f-526c-4e33-ad15-efa03a41bdd1: start FollowerState
2019-09-24 18:11:17,752 [main] INFO  util.JmxRegister (JmxRegister.java:tryRegister(44)) - Successfully registered JMX Bean with object name Ratis:service=RaftServer,group=group-C5BA1605619E,id=e2eadf6f-526c-4e33-ad15-efa03a41bdd1
2019-09-24 18:11:17,754 [main] INFO  impl.RaftServerProxy (RaftServerProxy.java:lambda$start$3(299)) - e2eadf6f-526c-4e33-ad15-efa03a41bdd1: start RPC server
2019-09-24 18:11:17,887 [main] INFO  server.GrpcService (GrpcService.java:startImpl(158)) - e2eadf6f-526c-4e33-ad15-efa03a41bdd1: GrpcService started, listening on 0.0.0.0/0.0.0.0:9872
2019-09-24 18:11:17,900 [IPC Server Responder] INFO  ipc.Server (Server.java:run(1314)) - IPC Server Responder: starting
2019-09-24 18:11:17,900 [IPC Server listener on 44119] INFO  ipc.Server (Server.java:run(1153)) - IPC Server listener on 44119: starting
2019-09-24 18:11:17,906 [main] INFO  hdfs.DFSUtil (DFSUtil.java:httpServerTemplateForNNAndJN(1641)) - Starting Web-server for ozoneManager at: http://0.0.0.0:0
2019-09-24 18:11:17,909 [main] INFO  server.AuthenticationFilter (AuthenticationFilter.java:constructSecretProvider(240)) - Unable to initialize FileSignerSecretProvider, falling back to use random secrets.
2019-09-24 18:11:17,910 [main] WARN  http.HttpRequestLog (HttpRequestLog.java:getRequestLog(97)) - Jetty request log can only be enabled using Log4j
2019-09-24 18:11:17,913 [main] INFO  http.HttpServer2 (HttpServer2.java:addGlobalFilter(975)) - Added global filter 'safety' (class=org.apache.hadoop.http.HttpServer2$QuotingInputFilter)
2019-09-24 18:11:17,915 [main] INFO  http.HttpServer2 (HttpServer2.java:addFilter(948)) - Added filter static_user_filter (class=org.apache.hadoop.http.lib.StaticUserWebFilter$StaticUserFilter) to context ozoneManager
2019-09-24 18:11:17,916 [main] INFO  http.HttpServer2 (HttpServer2.java:addFilter(958)) - Added filter static_user_filter (class=org.apache.hadoop.http.lib.StaticUserWebFilter$StaticUserFilter) to context logs
2019-09-24 18:11:17,916 [main] INFO  http.HttpServer2 (HttpServer2.java:addFilter(958)) - Added filter static_user_filter (class=org.apache.hadoop.http.lib.StaticUserWebFilter$StaticUserFilter) to context static
2019-09-24 18:11:17,919 [main] INFO  http.HttpServer2 (HttpServer2.java:bindListener(1191)) - Jetty bound to port 45228
2019-09-24 18:11:17,920 [main] INFO  server.Server (Server.java:doStart(351)) - jetty-9.3.25.v20180904, build timestamp: 2018-09-04T21:11:46Z, git hash: 3ce520221d0240229c862b122d2b06c12a625732
2019-09-24 18:11:17,923 [main] INFO  handler.ContextHandler (ContextHandler.java:doStart(781)) - Started o.e.j.s.ServletContextHandler@2d82408{/logs,file:///workdir/hadoop-ozone/integration-test/target/log,AVAILABLE}
2019-09-24 18:11:17,924 [main] INFO  handler.ContextHandler (ContextHandler.java:doStart(781)) - Started o.e.j.s.ServletContextHandler@f679798{/static,file:///workdir/hadoop-ozone/integration-test/target/test-classes/webapps/static,AVAILABLE}
2019-09-24 18:11:17,931 [main] INFO  handler.ContextHandler (ContextHandler.java:doStart(781)) - Started o.e.j.w.WebAppContext@6b8280e6{/,file:///workdir/hadoop-ozone/integration-test/target/test-classes/webapps/ozoneManager/,AVAILABLE}{/ozoneManager}
2019-09-24 18:11:17,932 [main] INFO  server.AbstractConnector (AbstractConnector.java:doStart(278)) - Started ServerConnector@6f139fc9{HTTP/1.1,[http/1.1]}{0.0.0.0:45228}
2019-09-24 18:11:17,933 [main] INFO  server.Server (Server.java:doStart(419)) - Started @5407ms
2019-09-24 18:11:17,933 [main] WARN  impl.MetricsSystemImpl (MetricsSystemImpl.java:register(276)) - Sink prometheus already exists!
2019-09-24 18:11:17,934 [main] INFO  server.BaseHttpServer (BaseHttpServer.java:updateConnectorAddress(215)) - HTTP server of OZONEMANAGER is listening at http://0.0.0.0:45228
2019-09-24 18:11:18,086 [main] INFO  impl.MetricsSystemImpl (MetricsSystemImpl.java:init(158)) - HddsDatanode metrics system started (again)
2019-09-24 18:11:18,131 [main] INFO  ozone.HddsDatanodeService (HddsDatanodeService.java:start(184)) - HddsDatanodeService host:pr-hdds-2149-fgl4f-1742389470 ip:192.168.5.148
2019-09-24 18:11:18,171 [main] INFO  volume.HddsVolume (HddsVolume.java:<init>(176)) - Creating Volume: /workdir/hadoop-ozone/integration-test/target/test-dir/MiniOzoneClusterImpl-42bba134-5a67-4562-bb40-e54cb25fe1f1/datanode-0/data/containers/hdds of  storage type : DISK and capacity : 1482555576320
2019-09-24 18:11:18,174 [main] INFO  volume.VolumeSet (VolumeSet.java:initializeVolumeSet(170)) - Added Volume : /workdir/hadoop-ozone/integration-test/target/test-dir/MiniOzoneClusterImpl-42bba134-5a67-4562-bb40-e54cb25fe1f1/datanode-0/data/containers/hdds to VolumeSet
2019-09-24 18:11:18,178 [main] INFO  volume.ThrottledAsyncChecker (ThrottledAsyncChecker.java:schedule(139)) - Scheduling a check for org.apache.hadoop.ozone.container.common.volume.HddsVolume@77bbadc
2019-09-24 18:11:18,198 [main] INFO  volume.HddsVolumeChecker (HddsVolumeChecker.java:checkAllVolumes(202)) - Scheduled health check for volume org.apache.hadoop.ozone.container.common.volume.HddsVolume@77bbadc
2019-09-24 18:11:18,250 [main] INFO  impl.RaftServerProxy (ConfUtils.java:logGet(43)) - raft.rpc.type = GRPC (default)
2019-09-24 18:11:18,250 [main] INFO  grpc.GrpcFactory (GrpcFactory.java:checkPooledByteBufAllocatorUseCacheForAllThreads(45)) - PERFORMANCE WARNING: useCacheForAllThreads is true that may cause Netty to create a lot garbage objects and, as a result, trigger GC.
	It is recommended to disable useCacheForAllThreads by setting -Dorg.apache.ratis.thirdparty.io.netty.allocator.useCacheForAllThreads=false in command line.
2019-09-24 18:11:18,250 [main] INFO  grpc.GrpcConfigKeys$Server (ConfUtils.java:logGet(43)) - raft.grpc.server.port = 0 (default)
2019-09-24 18:11:18,251 [main] INFO  server.GrpcService (ConfUtils.java:logGet(43)) - raft.grpc.message.size.max = 33570816 (custom)
2019-09-24 18:11:18,251 [main] INFO  server.RaftServerConfigKeys (ConfUtils.java:logGet(43)) - raft.server.log.appender.buffer.byte-limit = 33554432 (custom)
2019-09-24 18:11:18,251 [main] INFO  server.GrpcService (ConfUtils.java:logGet(43)) - raft.grpc.flow.control.window = 1MB (=1048576) (default)
2019-09-24 18:11:18,251 [main] INFO  server.RaftServerConfigKeys (ConfUtils.java:logGet(43)) - raft.server.rpc.request.timeout = 3000ms (default)
2019-09-24 18:11:18,252 [main] INFO  server.RaftServerConfigKeys (ConfUtils.java:logGet(43)) - raft.server.storage.dir = [/workdir/hadoop-ozone/integration-test/target/test-dir/MiniOzoneClusterImpl-42bba134-5a67-4562-bb40-e54cb25fe1f1/datanode-0/data/ratis] (custom)
2019-09-24 18:11:18,302 [main] INFO  hdfs.DFSUtil (DFSUtil.java:httpServerTemplateForNNAndJN(1641)) - Starting Web-server for hddsDatanode at: http://0.0.0.0:0
2019-09-24 18:11:18,303 [main] INFO  server.AuthenticationFilter (AuthenticationFilter.java:constructSecretProvider(240)) - Unable to initialize FileSignerSecretProvider, falling back to use random secrets.
2019-09-24 18:11:18,304 [main] WARN  http.HttpRequestLog (HttpRequestLog.java:getRequestLog(97)) - Jetty request log can only be enabled using Log4j
2019-09-24 18:11:18,306 [main] INFO  http.HttpServer2 (HttpServer2.java:addGlobalFilter(975)) - Added global filter 'safety' (class=org.apache.hadoop.http.HttpServer2$QuotingInputFilter)
2019-09-24 18:11:18,306 [main] INFO  http.HttpServer2 (HttpServer2.java:addFilter(948)) - Added filter static_user_filter (class=org.apache.hadoop.http.lib.StaticUserWebFilter$StaticUserFilter) to context hddsDatanode
2019-09-24 18:11:18,306 [main] INFO  http.HttpServer2 (HttpServer2.java:addFilter(958)) - Added filter static_user_filter (class=org.apache.hadoop.http.lib.StaticUserWebFilter$StaticUserFilter) to context static
2019-09-24 18:11:18,307 [main] INFO  http.HttpServer2 (HttpServer2.java:addFilter(958)) - Added filter static_user_filter (class=org.apache.hadoop.http.lib.StaticUserWebFilter$StaticUserFilter) to context logs
2019-09-24 18:11:18,307 [main] INFO  http.HttpServer2 (HttpServer2.java:bindListener(1191)) - Jetty bound to port 34432
2019-09-24 18:11:18,308 [main] INFO  server.Server (Server.java:doStart(351)) - jetty-9.3.25.v20180904, build timestamp: 2018-09-04T21:11:46Z, git hash: 3ce520221d0240229c862b122d2b06c12a625732
2019-09-24 18:11:18,310 [main] INFO  handler.ContextHandler (ContextHandler.java:doStart(781)) - Started o.e.j.s.ServletContextHandler@6fa0450e{/logs,file:///workdir/hadoop-ozone/integration-test/target/log,AVAILABLE}
2019-09-24 18:11:18,310 [main] INFO  handler.ContextHandler (ContextHandler.java:doStart(781)) - Started o.e.j.s.ServletContextHandler@51ec2856{/static,jar:file:/home/user/.m2/repository/org/apache/hadoop/hadoop-hdds-container-service/0.5.0-SNAPSHOT/hadoop-hdds-container-service-0.5.0-SNAPSHOT.jar!/webapps/static,AVAILABLE}
2019-09-24 18:11:18,407 [main] INFO  handler.ContextHandler (ContextHandler.java:doStart(781)) - Started o.e.j.w.WebAppContext@6192a5d5{/,file:///tmp/jetty-0.0.0.0-34432-hddsDatanode-_-any-1529309090401443624.dir/webapp/,AVAILABLE}{/hddsDatanode}
2019-09-24 18:11:18,408 [main] INFO  server.AbstractConnector (AbstractConnector.java:doStart(278)) - Started ServerConnector@3722c145{HTTP/1.1,[http/1.1]}{0.0.0.0:34432}
2019-09-24 18:11:18,410 [main] INFO  server.Server (Server.java:doStart(419)) - Started @5884ms
2019-09-24 18:11:18,410 [main] WARN  impl.MetricsSystemImpl (MetricsSystemImpl.java:register(276)) - Sink prometheus already exists!
2019-09-24 18:11:18,411 [main] INFO  server.BaseHttpServer (BaseHttpServer.java:updateConnectorAddress(215)) - HTTP server of HDDSDATANODE is listening at http://0.0.0.0:34432
2019-09-24 18:11:18,413 [main] INFO  impl.MetricsSystemImpl (MetricsSystemImpl.java:init(158)) - HddsDatanode metrics system started (again)
2019-09-24 18:11:18,417 [main] INFO  ozone.HddsDatanodeService (HddsDatanodeService.java:start(184)) - HddsDatanodeService host:pr-hdds-2149-fgl4f-1742389470 ip:192.168.5.148
2019-09-24 18:11:18,419 [org.apache.hadoop.util.JvmPauseMonitor$Monitor@5936811c] INFO  util.JvmPauseMonitor (JvmPauseMonitor.java:run(188)) - Starting JVM pause monitor
2019-09-24 18:11:18,426 [main] INFO  volume.HddsVolume (HddsVolume.java:<init>(176)) - Creating Volume: /workdir/hadoop-ozone/integration-test/target/test-dir/MiniOzoneClusterImpl-42bba134-5a67-4562-bb40-e54cb25fe1f1/datanode-1/data/containers/hdds of  storage type : DISK and capacity : 1482555576320
2019-09-24 18:11:18,427 [main] INFO  volume.VolumeSet (VolumeSet.java:initializeVolumeSet(170)) - Added Volume : /workdir/hadoop-ozone/integration-test/target/test-dir/MiniOzoneClusterImpl-42bba134-5a67-4562-bb40-e54cb25fe1f1/datanode-1/data/containers/hdds to VolumeSet
2019-09-24 18:11:18,427 [main] INFO  volume.ThrottledAsyncChecker (ThrottledAsyncChecker.java:schedule(139)) - Scheduling a check for org.apache.hadoop.ozone.container.common.volume.HddsVolume@4c2af006
2019-09-24 18:11:18,428 [main] INFO  volume.HddsVolumeChecker (HddsVolumeChecker.java:checkAllVolumes(202)) - Scheduled health check for volume org.apache.hadoop.ozone.container.common.volume.HddsVolume@4c2af006
2019-09-24 18:11:18,442 [main] INFO  impl.RaftServerProxy (ConfUtils.java:logGet(43)) - raft.rpc.type = GRPC (default)
2019-09-24 18:11:18,442 [main] INFO  grpc.GrpcFactory (GrpcFactory.java:checkPooledByteBufAllocatorUseCacheForAllThreads(45)) - PERFORMANCE WARNING: useCacheForAllThreads is true that may cause Netty to create a lot garbage objects and, as a result, trigger GC.
	It is recommended to disable useCacheForAllThreads by setting -Dorg.apache.ratis.thirdparty.io.netty.allocator.useCacheForAllThreads=false in command line.
2019-09-24 18:11:18,442 [main] INFO  grpc.GrpcConfigKeys$Server (ConfUtils.java:logGet(43)) - raft.grpc.server.port = 0 (default)
2019-09-24 18:11:18,442 [main] INFO  server.GrpcService (ConfUtils.java:logGet(43)) - raft.grpc.message.size.max = 33570816 (custom)
2019-09-24 18:11:18,443 [main] INFO  server.RaftServerConfigKeys (ConfUtils.java:logGet(43)) - raft.server.log.appender.buffer.byte-limit = 33554432 (custom)
2019-09-24 18:11:18,443 [main] INFO  server.GrpcService (ConfUtils.java:logGet(43)) - raft.grpc.flow.control.window = 1MB (=1048576) (default)
2019-09-24 18:11:18,443 [main] INFO  server.RaftServerConfigKeys (ConfUtils.java:logGet(43)) - raft.server.rpc.request.timeout = 3000ms (default)
2019-09-24 18:11:18,444 [main] INFO  server.RaftServerConfigKeys (ConfUtils.java:logGet(43)) - raft.server.storage.dir = [/workdir/hadoop-ozone/integration-test/target/test-dir/MiniOzoneClusterImpl-42bba134-5a67-4562-bb40-e54cb25fe1f1/datanode-1/data/ratis] (custom)
2019-09-24 18:11:18,445 [main] INFO  hdfs.DFSUtil (DFSUtil.java:httpServerTemplateForNNAndJN(1641)) - Starting Web-server for hddsDatanode at: http://0.0.0.0:0
2019-09-24 18:11:18,447 [main] INFO  server.AuthenticationFilter (AuthenticationFilter.java:constructSecretProvider(240)) - Unable to initialize FileSignerSecretProvider, falling back to use random secrets.
2019-09-24 18:11:18,448 [main] WARN  http.HttpRequestLog (HttpRequestLog.java:getRequestLog(97)) - Jetty request log can only be enabled using Log4j
2019-09-24 18:11:18,449 [main] INFO  http.HttpServer2 (HttpServer2.java:addGlobalFilter(975)) - Added global filter 'safety' (class=org.apache.hadoop.http.HttpServer2$QuotingInputFilter)
2019-09-24 18:11:18,450 [main] INFO  http.HttpServer2 (HttpServer2.java:addFilter(948)) - Added filter static_user_filter (class=org.apache.hadoop.http.lib.StaticUserWebFilter$StaticUserFilter) to context hddsDatanode
2019-09-24 18:11:18,450 [main] INFO  http.HttpServer2 (HttpServer2.java:addFilter(958)) - Added filter static_user_filter (class=org.apache.hadoop.http.lib.StaticUserWebFilter$StaticUserFilter) to context logs
2019-09-24 18:11:18,450 [main] INFO  http.HttpServer2 (HttpServer2.java:addFilter(958)) - Added filter static_user_filter (class=org.apache.hadoop.http.lib.StaticUserWebFilter$StaticUserFilter) to context static
2019-09-24 18:11:18,451 [main] INFO  http.HttpServer2 (HttpServer2.java:bindListener(1191)) - Jetty bound to port 34940
2019-09-24 18:11:18,451 [main] INFO  server.Server (Server.java:doStart(351)) - jetty-9.3.25.v20180904, build timestamp: 2018-09-04T21:11:46Z, git hash: 3ce520221d0240229c862b122d2b06c12a625732
2019-09-24 18:11:18,454 [main] INFO  handler.ContextHandler (ContextHandler.java:doStart(781)) - Started o.e.j.s.ServletContextHandler@59bbe88a{/logs,file:///workdir/hadoop-ozone/integration-test/target/log,AVAILABLE}
2019-09-24 18:11:18,455 [main] INFO  handler.ContextHandler (ContextHandler.java:doStart(781)) - Started o.e.j.s.ServletContextHandler@ed91d8d{/static,jar:file:/home/user/.m2/repository/org/apache/hadoop/hadoop-hdds-container-service/0.5.0-SNAPSHOT/hadoop-hdds-container-service-0.5.0-SNAPSHOT.jar!/webapps/static,AVAILABLE}
2019-09-24 18:11:18,485 [main] INFO  handler.ContextHandler (ContextHandler.java:doStart(781)) - Started o.e.j.w.WebAppContext@440e3ce6{/,file:///tmp/jetty-0.0.0.0-34940-hddsDatanode-_-any-7833068162416945914.dir/webapp/,AVAILABLE}{/hddsDatanode}
2019-09-24 18:11:18,486 [main] INFO  server.AbstractConnector (AbstractConnector.java:doStart(278)) - Started ServerConnector@3e67f5f2{HTTP/1.1,[http/1.1]}{0.0.0.0:34940}
2019-09-24 18:11:18,486 [main] INFO  server.Server (Server.java:doStart(419)) - Started @5960ms
2019-09-24 18:11:18,487 [main] WARN  impl.MetricsSystemImpl (MetricsSystemImpl.java:register(276)) - Sink prometheus already exists!
2019-09-24 18:11:18,487 [main] INFO  server.BaseHttpServer (BaseHttpServer.java:updateConnectorAddress(215)) - HTTP server of HDDSDATANODE is listening at http://0.0.0.0:34940
2019-09-24 18:11:18,488 [main] INFO  impl.MetricsSystemImpl (MetricsSystemImpl.java:init(158)) - HddsDatanode metrics system started (again)
2019-09-24 18:11:18,491 [org.apache.hadoop.util.JvmPauseMonitor$Monitor@47b07389] INFO  util.JvmPauseMonitor (JvmPauseMonitor.java:run(188)) - Starting JVM pause monitor
2019-09-24 18:11:18,491 [main] INFO  ozone.HddsDatanodeService (HddsDatanodeService.java:start(184)) - HddsDatanodeService host:pr-hdds-2149-fgl4f-1742389470 ip:192.168.5.148
2019-09-24 18:11:18,500 [main] INFO  volume.HddsVolume (HddsVolume.java:<init>(176)) - Creating Volume: /workdir/hadoop-ozone/integration-test/target/test-dir/MiniOzoneClusterImpl-42bba134-5a67-4562-bb40-e54cb25fe1f1/datanode-2/data/containers/hdds of  storage type : DISK and capacity : 1482555576320
2019-09-24 18:11:18,501 [main] INFO  volume.VolumeSet (VolumeSet.java:initializeVolumeSet(170)) - Added Volume : /workdir/hadoop-ozone/integration-test/target/test-dir/MiniOzoneClusterImpl-42bba134-5a67-4562-bb40-e54cb25fe1f1/datanode-2/data/containers/hdds to VolumeSet
2019-09-24 18:11:18,501 [main] INFO  volume.ThrottledAsyncChecker (ThrottledAsyncChecker.java:schedule(139)) - Scheduling a check for org.apache.hadoop.ozone.container.common.volume.HddsVolume@2d7a9786
2019-09-24 18:11:18,502 [main] INFO  volume.HddsVolumeChecker (HddsVolumeChecker.java:checkAllVolumes(202)) - Scheduled health check for volume org.apache.hadoop.ozone.container.common.volume.HddsVolume@2d7a9786
2019-09-24 18:11:18,518 [main] INFO  impl.RaftServerProxy (ConfUtils.java:logGet(43)) - raft.rpc.type = GRPC (default)
2019-09-24 18:11:18,519 [main] INFO  grpc.GrpcFactory (GrpcFactory.java:checkPooledByteBufAllocatorUseCacheForAllThreads(45)) - PERFORMANCE WARNING: useCacheForAllThreads is true that may cause Netty to create a lot garbage objects and, as a result, trigger GC.
	It is recommended to disable useCacheForAllThreads by setting -Dorg.apache.ratis.thirdparty.io.netty.allocator.useCacheForAllThreads=false in command line.
2019-09-24 18:11:18,519 [main] INFO  grpc.GrpcConfigKeys$Server (ConfUtils.java:logGet(43)) - raft.grpc.server.port = 0 (default)
2019-09-24 18:11:18,519 [main] INFO  server.GrpcService (ConfUtils.java:logGet(43)) - raft.grpc.message.size.max = 33570816 (custom)
2019-09-24 18:11:18,520 [main] INFO  server.RaftServerConfigKeys (ConfUtils.java:logGet(43)) - raft.server.log.appender.buffer.byte-limit = 33554432 (custom)
2019-09-24 18:11:18,520 [main] INFO  server.GrpcService (ConfUtils.java:logGet(43)) - raft.grpc.flow.control.window = 1MB (=1048576) (default)
2019-09-24 18:11:18,520 [main] INFO  server.RaftServerConfigKeys (ConfUtils.java:logGet(43)) - raft.server.rpc.request.timeout = 3000ms (default)
2019-09-24 18:11:18,521 [main] INFO  server.RaftServerConfigKeys (ConfUtils.java:logGet(43)) - raft.server.storage.dir = [/workdir/hadoop-ozone/integration-test/target/test-dir/MiniOzoneClusterImpl-42bba134-5a67-4562-bb40-e54cb25fe1f1/datanode-2/data/ratis] (custom)
2019-09-24 18:11:18,523 [main] INFO  hdfs.DFSUtil (DFSUtil.java:httpServerTemplateForNNAndJN(1641)) - Starting Web-server for hddsDatanode at: http://0.0.0.0:0
2019-09-24 18:11:18,524 [main] INFO  server.AuthenticationFilter (AuthenticationFilter.java:constructSecretProvider(240)) - Unable to initialize FileSignerSecretProvider, falling back to use random secrets.
2019-09-24 18:11:18,525 [main] WARN  http.HttpRequestLog (HttpRequestLog.java:getRequestLog(97)) - Jetty request log can only be enabled using Log4j
2019-09-24 18:11:18,527 [main] INFO  http.HttpServer2 (HttpServer2.java:addGlobalFilter(975)) - Added global filter 'safety' (class=org.apache.hadoop.http.HttpServer2$QuotingInputFilter)
2019-09-24 18:11:18,527 [main] INFO  http.HttpServer2 (HttpServer2.java:addFilter(948)) - Added filter static_user_filter (class=org.apache.hadoop.http.lib.StaticUserWebFilter$StaticUserFilter) to context hddsDatanode
2019-09-24 18:11:18,528 [main] INFO  http.HttpServer2 (HttpServer2.java:addFilter(958)) - Added filter static_user_filter (class=org.apache.hadoop.http.lib.StaticUserWebFilter$StaticUserFilter) to context static
2019-09-24 18:11:18,528 [main] INFO  http.HttpServer2 (HttpServer2.java:addFilter(958)) - Added filter static_user_filter (class=org.apache.hadoop.http.lib.StaticUserWebFilter$StaticUserFilter) to context logs
2019-09-24 18:11:18,529 [main] INFO  http.HttpServer2 (HttpServer2.java:bindListener(1191)) - Jetty bound to port 34047
2019-09-24 18:11:18,529 [main] INFO  server.Server (Server.java:doStart(351)) - jetty-9.3.25.v20180904, build timestamp: 2018-09-04T21:11:46Z, git hash: 3ce520221d0240229c862b122d2b06c12a625732
2019-09-24 18:11:18,531 [main] INFO  handler.ContextHandler (ContextHandler.java:doStart(781)) - Started o.e.j.s.ServletContextHandler@69923ac3{/logs,file:///workdir/hadoop-ozone/integration-test/target/log,AVAILABLE}
2019-09-24 18:11:18,532 [main] INFO  handler.ContextHandler (ContextHandler.java:doStart(781)) - Started o.e.j.s.ServletContextHandler@73d60e76{/static,jar:file:/home/user/.m2/repository/org/apache/hadoop/hadoop-hdds-container-service/0.5.0-SNAPSHOT/hadoop-hdds-container-service-0.5.0-SNAPSHOT.jar!/webapps/static,AVAILABLE}
2019-09-24 18:11:18,562 [Datanode State Machine Thread - 0] INFO  datanode.InitDatanodeState (InitDatanodeState.java:persistContainerDatanodeDetails(140)) - DatanodeDetails is persisted to /workdir/hadoop-ozone/integration-test/target/test-dir/MiniOzoneClusterImpl-42bba134-5a67-4562-bb40-e54cb25fe1f1/datanode-0/meta/datanode.id
2019-09-24 18:11:18,565 [main] INFO  handler.ContextHandler (ContextHandler.java:doStart(781)) - Started o.e.j.w.WebAppContext@2a8a4e0c{/,file:///tmp/jetty-0.0.0.0-34047-hddsDatanode-_-any-4702636819894592397.dir/webapp/,AVAILABLE}{/hddsDatanode}
2019-09-24 18:11:18,566 [main] INFO  server.AbstractConnector (AbstractConnector.java:doStart(278)) - Started ServerConnector@26c89563{HTTP/1.1,[http/1.1]}{0.0.0.0:34047}
2019-09-24 18:11:18,567 [main] INFO  server.Server (Server.java:doStart(419)) - Started @6040ms
2019-09-24 18:11:18,567 [main] WARN  impl.MetricsSystemImpl (MetricsSystemImpl.java:register(276)) - Sink prometheus already exists!
2019-09-24 18:11:18,568 [Datanode State Machine Thread - 0] INFO  datanode.InitDatanodeState (InitDatanodeState.java:persistContainerDatanodeDetails(140)) - DatanodeDetails is persisted to /workdir/hadoop-ozone/integration-test/target/test-dir/MiniOzoneClusterImpl-42bba134-5a67-4562-bb40-e54cb25fe1f1/datanode-1/meta/datanode.id
2019-09-24 18:11:18,568 [main] INFO  server.BaseHttpServer (BaseHttpServer.java:updateConnectorAddress(215)) - HTTP server of HDDSDATANODE is listening at http://0.0.0.0:34047
2019-09-24 18:11:18,569 [main] INFO  impl.MetricsSystemImpl (MetricsSystemImpl.java:init(158)) - HddsDatanode metrics system started (again)
2019-09-24 18:11:18,572 [main] INFO  ozone.HddsDatanodeService (HddsDatanodeService.java:start(184)) - HddsDatanodeService host:pr-hdds-2149-fgl4f-1742389470 ip:192.168.5.148
2019-09-24 18:11:18,572 [org.apache.hadoop.util.JvmPauseMonitor$Monitor@bb5bcf5] INFO  util.JvmPauseMonitor (JvmPauseMonitor.java:run(188)) - Starting JVM pause monitor
2019-09-24 18:11:18,576 [Datanode State Machine Thread - 0] INFO  datanode.InitDatanodeState (InitDatanodeState.java:persistContainerDatanodeDetails(140)) - DatanodeDetails is persisted to /workdir/hadoop-ozone/integration-test/target/test-dir/MiniOzoneClusterImpl-42bba134-5a67-4562-bb40-e54cb25fe1f1/datanode-2/meta/datanode.id
2019-09-24 18:11:18,580 [main] INFO  volume.HddsVolume (HddsVolume.java:<init>(176)) - Creating Volume: /workdir/hadoop-ozone/integration-test/target/test-dir/MiniOzoneClusterImpl-42bba134-5a67-4562-bb40-e54cb25fe1f1/datanode-3/data/containers/hdds of  storage type : DISK and capacity : 1482555576320
2019-09-24 18:11:18,580 [main] INFO  volume.VolumeSet (VolumeSet.java:initializeVolumeSet(170)) - Added Volume : /workdir/hadoop-ozone/integration-test/target/test-dir/MiniOzoneClusterImpl-42bba134-5a67-4562-bb40-e54cb25fe1f1/datanode-3/data/containers/hdds to VolumeSet
2019-09-24 18:11:18,581 [main] INFO  volume.ThrottledAsyncChecker (ThrottledAsyncChecker.java:schedule(139)) - Scheduling a check for org.apache.hadoop.ozone.container.common.volume.HddsVolume@58867cd5
2019-09-24 18:11:18,581 [main] INFO  volume.HddsVolumeChecker (HddsVolumeChecker.java:checkAllVolumes(202)) - Scheduled health check for volume org.apache.hadoop.ozone.container.common.volume.HddsVolume@58867cd5
2019-09-24 18:11:18,601 [main] INFO  impl.RaftServerProxy (ConfUtils.java:logGet(43)) - raft.rpc.type = GRPC (default)
2019-09-24 18:11:18,602 [main] INFO  grpc.GrpcFactory (GrpcFactory.java:checkPooledByteBufAllocatorUseCacheForAllThreads(45)) - PERFORMANCE WARNING: useCacheForAllThreads is true that may cause Netty to create a lot garbage objects and, as a result, trigger GC.
	It is recommended to disable useCacheForAllThreads by setting -Dorg.apache.ratis.thirdparty.io.netty.allocator.useCacheForAllThreads=false in command line.
2019-09-24 18:11:18,602 [main] INFO  grpc.GrpcConfigKeys$Server (ConfUtils.java:logGet(43)) - raft.grpc.server.port = 0 (default)
2019-09-24 18:11:18,602 [main] INFO  server.GrpcService (ConfUtils.java:logGet(43)) - raft.grpc.message.size.max = 33570816 (custom)
2019-09-24 18:11:18,603 [main] INFO  server.RaftServerConfigKeys (ConfUtils.java:logGet(43)) - raft.server.log.appender.buffer.byte-limit = 33554432 (custom)
2019-09-24 18:11:18,603 [main] INFO  server.GrpcService (ConfUtils.java:logGet(43)) - raft.grpc.flow.control.window = 1MB (=1048576) (default)
2019-09-24 18:11:18,603 [main] INFO  server.RaftServerConfigKeys (ConfUtils.java:logGet(43)) - raft.server.rpc.request.timeout = 3000ms (default)
2019-09-24 18:11:18,604 [main] INFO  server.RaftServerConfigKeys (ConfUtils.java:logGet(43)) - raft.server.storage.dir = [/workdir/hadoop-ozone/integration-test/target/test-dir/MiniOzoneClusterImpl-42bba134-5a67-4562-bb40-e54cb25fe1f1/datanode-3/data/ratis] (custom)
2019-09-24 18:11:18,606 [main] INFO  hdfs.DFSUtil (DFSUtil.java:httpServerTemplateForNNAndJN(1641)) - Starting Web-server for hddsDatanode at: http://0.0.0.0:0
2019-09-24 18:11:18,608 [main] INFO  server.AuthenticationFilter (AuthenticationFilter.java:constructSecretProvider(240)) - Unable to initialize FileSignerSecretProvider, falling back to use random secrets.
2019-09-24 18:11:18,608 [main] WARN  http.HttpRequestLog (HttpRequestLog.java:getRequestLog(97)) - Jetty request log can only be enabled using Log4j
2019-09-24 18:11:18,610 [main] INFO  http.HttpServer2 (HttpServer2.java:addGlobalFilter(975)) - Added global filter 'safety' (class=org.apache.hadoop.http.HttpServer2$QuotingInputFilter)
2019-09-24 18:11:18,610 [main] INFO  http.HttpServer2 (HttpServer2.java:addFilter(948)) - Added filter static_user_filter (class=org.apache.hadoop.http.lib.StaticUserWebFilter$StaticUserFilter) to context hddsDatanode
2019-09-24 18:11:18,611 [main] INFO  http.HttpServer2 (HttpServer2.java:addFilter(958)) - Added filter static_user_filter (class=org.apache.hadoop.http.lib.StaticUserWebFilter$StaticUserFilter) to context static
2019-09-24 18:11:18,611 [main] INFO  http.HttpServer2 (HttpServer2.java:addFilter(958)) - Added filter static_user_filter (class=org.apache.hadoop.http.lib.StaticUserWebFilter$StaticUserFilter) to context logs
2019-09-24 18:11:18,612 [main] INFO  http.HttpServer2 (HttpServer2.java:bindListener(1191)) - Jetty bound to port 40535
2019-09-24 18:11:18,612 [main] INFO  server.Server (Server.java:doStart(351)) - jetty-9.3.25.v20180904, build timestamp: 2018-09-04T21:11:46Z, git hash: 3ce520221d0240229c862b122d2b06c12a625732
2019-09-24 18:11:18,616 [main] INFO  handler.ContextHandler (ContextHandler.java:doStart(781)) - Started o.e.j.s.ServletContextHandler@7f6874f2{/logs,file:///workdir/hadoop-ozone/integration-test/target/log,AVAILABLE}
2019-09-24 18:11:18,616 [main] INFO  handler.ContextHandler (ContextHandler.java:doStart(781)) - Started o.e.j.s.ServletContextHandler@697a34af{/static,jar:file:/home/user/.m2/repository/org/apache/hadoop/hadoop-hdds-container-service/0.5.0-SNAPSHOT/hadoop-hdds-container-service-0.5.0-SNAPSHOT.jar!/webapps/static,AVAILABLE}
2019-09-24 18:11:18,653 [main] INFO  handler.ContextHandler (ContextHandler.java:doStart(781)) - Started o.e.j.w.WebAppContext@54402c04{/,file:///tmp/jetty-0.0.0.0-40535-hddsDatanode-_-any-4941112607178351818.dir/webapp/,AVAILABLE}{/hddsDatanode}
2019-09-24 18:11:18,655 [main] INFO  server.AbstractConnector (AbstractConnector.java:doStart(278)) - Started ServerConnector@5b3bb1f7{HTTP/1.1,[http/1.1]}{0.0.0.0:40535}
2019-09-24 18:11:18,656 [main] INFO  server.Server (Server.java:doStart(419)) - Started @6130ms
2019-09-24 18:11:18,657 [main] WARN  impl.MetricsSystemImpl (MetricsSystemImpl.java:register(276)) - Sink prometheus already exists!
2019-09-24 18:11:18,658 [main] INFO  server.BaseHttpServer (BaseHttpServer.java:updateConnectorAddress(215)) - HTTP server of HDDSDATANODE is listening at http://0.0.0.0:40535
2019-09-24 18:11:18,660 [main] INFO  ozone.MiniOzoneClusterImpl (MiniOzoneClusterImpl.java:lambda$waitForClusterToBeReady$0(147)) - Waiting for cluster to be ready. Got 0 of 4 DN Heartbeats.
2019-09-24 18:11:18,661 [org.apache.hadoop.util.JvmPauseMonitor$Monitor@66790f2b] INFO  util.JvmPauseMonitor (JvmPauseMonitor.java:run(188)) - Starting JVM pause monitor
2019-09-24 18:11:18,665 [Datanode State Machine Thread - 0] INFO  datanode.InitDatanodeState (InitDatanodeState.java:persistContainerDatanodeDetails(140)) - DatanodeDetails is persisted to /workdir/hadoop-ozone/integration-test/target/test-dir/MiniOzoneClusterImpl-42bba134-5a67-4562-bb40-e54cb25fe1f1/datanode-3/meta/datanode.id
2019-09-24 18:11:18,782 [Thread-95] INFO  impl.FollowerState (FollowerState.java:run(106)) - e2eadf6f-526c-4e33-ad15-efa03a41bdd1:group-C5BA1605619E changes to CANDIDATE, lastRpcTime:1033, electionTimeout:1032ms
2019-09-24 18:11:18,786 [Thread-95] INFO  impl.RoleInfo (RoleInfo.java:shutdownFollowerState(121)) - e2eadf6f-526c-4e33-ad15-efa03a41bdd1: shutdown FollowerState
2019-09-24 18:11:18,787 [Thread-95] INFO  impl.RaftServerImpl (RaftServerImpl.java:setRole(174)) - e2eadf6f-526c-4e33-ad15-efa03a41bdd1@group-C5BA1605619E: changes role from  FOLLOWER to CANDIDATE at term 0 for changeToCandidate
2019-09-24 18:11:18,791 [Thread-95] INFO  impl.RoleInfo (RoleInfo.java:updateAndGet(143)) - e2eadf6f-526c-4e33-ad15-efa03a41bdd1: start LeaderElection
2019-09-24 18:11:18,810 [e2eadf6f-526c-4e33-ad15-efa03a41bdd1@group-C5BA1605619E:LeaderElection1] INFO  impl.LeaderElection (LeaderElection.java:askForVotes(182)) - e2eadf6f-526c-4e33-ad15-efa03a41bdd1@group-C5BA1605619E:LeaderElection1: begin an election at term 1 for -1: [e2eadf6f-526c-4e33-ad15-efa03a41bdd1:localhost:9872], old=null
2019-09-24 18:11:18,812 [e2eadf6f-526c-4e33-ad15-efa03a41bdd1@group-C5BA1605619E:LeaderElection1] INFO  impl.RoleInfo (RoleInfo.java:shutdownLeaderElection(134)) - e2eadf6f-526c-4e33-ad15-efa03a41bdd1: shutdown LeaderElection
2019-09-24 18:11:18,813 [e2eadf6f-526c-4e33-ad15-efa03a41bdd1@group-C5BA1605619E:LeaderElection1] INFO  impl.RaftServerImpl (RaftServerImpl.java:setRole(174)) - e2eadf6f-526c-4e33-ad15-efa03a41bdd1@group-C5BA1605619E: changes role from CANDIDATE to LEADER at term 1 for changeToLeader
2019-09-24 18:11:18,813 [e2eadf6f-526c-4e33-ad15-efa03a41bdd1@group-C5BA1605619E:LeaderElection1] INFO  impl.RaftServerImpl (ServerState.java:setLeader(253)) - e2eadf6f-526c-4e33-ad15-efa03a41bdd1@group-C5BA1605619E: change Leader from null to e2eadf6f-526c-4e33-ad15-efa03a41bdd1 at term 1 for becomeLeader, leader elected after 1181ms
2019-09-24 18:11:18,822 [e2eadf6f-526c-4e33-ad15-efa03a41bdd1@group-C5BA1605619E:LeaderElection1] INFO  server.RaftServerConfigKeys (ConfUtils.java:logGet(43)) - raft.server.staging.catchup.gap = 1000 (default)
2019-09-24 18:11:18,823 [e2eadf6f-526c-4e33-ad15-efa03a41bdd1@group-C5BA1605619E:LeaderElection1] INFO  server.RaftServerConfigKeys (ConfUtils.java:logGet(43)) - raft.server.rpc.sleep.time = 25ms (default)
2019-09-24 18:11:18,826 [e2eadf6f-526c-4e33-ad15-efa03a41bdd1@group-C5BA1605619E:LeaderElection1] INFO  server.RaftServerConfigKeys (ConfUtils.java:logGet(43)) - raft.server.write.element-limit = 4096 (default)
2019-09-24 18:11:18,830 [e2eadf6f-526c-4e33-ad15-efa03a41bdd1@group-C5BA1605619E:LeaderElection1] INFO  server.RaftServerConfigKeys (ConfUtils.java:logGet(43)) - raft.server.watch.timeout = 10s (default)
2019-09-24 18:11:18,830 [e2eadf6f-526c-4e33-ad15-efa03a41bdd1@group-C5BA1605619E:LeaderElection1] INFO  server.RaftServerConfigKeys (ConfUtils.java:logGet(43)) - raft.server.watch.timeout.denomination = 1s (default)
2019-09-24 18:11:18,831 [e2eadf6f-526c-4e33-ad15-efa03a41bdd1@group-C5BA1605619E:LeaderElection1] INFO  server.RaftServerConfigKeys (ConfUtils.java:logGet(43)) - raft.server.watch.element-limit = 65536 (default)
2019-09-24 18:11:18,880 [e2eadf6f-526c-4e33-ad15-efa03a41bdd1@group-C5BA1605619E:LeaderElection1] INFO  impl.RoleInfo (RoleInfo.java:updateAndGet(143)) - e2eadf6f-526c-4e33-ad15-efa03a41bdd1: start LeaderState
2019-09-24 18:11:18,915 [e2eadf6f-526c-4e33-ad15-efa03a41bdd1@group-C5BA1605619E:LeaderElection1] INFO  segmented.SegmentedRaftLogWorker (SegmentedRaftLogWorker.java:startLogSegment(380)) - e2eadf6f-526c-4e33-ad15-efa03a41bdd1@group-C5BA1605619E-SegmentedRaftLogWorker: Starting segment from index:0
2019-09-24 18:11:18,936 [e2eadf6f-526c-4e33-ad15-efa03a41bdd1@group-C5BA1605619E:LeaderElection1] INFO  impl.RaftServerImpl (ServerState.java:setRaftConf(354)) - e2eadf6f-526c-4e33-ad15-efa03a41bdd1@group-C5BA1605619E: set configuration 0: [e2eadf6f-526c-4e33-ad15-efa03a41bdd1:localhost:9872], old=null at 0
2019-09-24 18:11:19,097 [e2eadf6f-526c-4e33-ad15-efa03a41bdd1@group-C5BA1605619E-SegmentedRaftLogWorker] INFO  segmented.SegmentedRaftLogWorker (SegmentedRaftLogWorker.java:execute(569)) - e2eadf6f-526c-4e33-ad15-efa03a41bdd1@group-C5BA1605619E-SegmentedRaftLogWorker: created new log segment /workdir/hadoop-ozone/integration-test/target/test-dir/MiniOzoneClusterImpl-42bba134-5a67-4562-bb40-e54cb25fe1f1/ozone-meta/ratis/bf265839-605b-3f16-9796-c5ba1605619e/current/log_inprogress_0
2019-09-24 18:11:19,661 [main] INFO  ozone.MiniOzoneClusterImpl (MiniOzoneClusterImpl.java:lambda$waitForClusterToBeReady$0(147)) - Waiting for cluster to be ready. Got 0 of 4 DN Heartbeats.
2019-09-24 18:11:20,485 [Datanode State Machine Thread - 0] INFO  ozoneimpl.OzoneContainer (OzoneContainer.java:start(217)) - Attempting to start container services.
2019-09-24 18:11:20,489 [Datanode State Machine Thread - 0] INFO  ozoneimpl.OzoneContainer (OzoneContainer.java:startContainerScrub(179)) - Background container scanner has been disabled.
2019-09-24 18:11:20,489 [Datanode State Machine Thread - 0] INFO  ratis.XceiverServerRatis (XceiverServerRatis.java:start(411)) - Starting XceiverServerRatis cf5a2f80-f9d1-40e9-9eac-0ab293491c69 at port 0
2019-09-24 18:11:20,501 [Datanode State Machine Thread - 0] INFO  impl.RaftServerProxy (RaftServerProxy.java:lambda$start$3(299)) - cf5a2f80-f9d1-40e9-9eac-0ab293491c69: start RPC server
2019-09-24 18:11:20,506 [Datanode State Machine Thread - 0] INFO  server.GrpcService (GrpcService.java:startImpl(158)) - cf5a2f80-f9d1-40e9-9eac-0ab293491c69: GrpcService started, listening on 0.0.0.0/0.0.0.0:39235
2019-09-24 18:11:20,507 [Datanode State Machine Thread - 0] INFO  ratis.XceiverServerRatis (XceiverServerRatis.java:start(421)) - XceiverServerRatis cf5a2f80-f9d1-40e9-9eac-0ab293491c69 is started using port 39235
2019-09-24 18:11:20,510 [Datanode State Machine Thread - 0] INFO  server.XceiverServerGrpc (XceiverServerGrpc.java:start(149)) - XceiverServerGrpc cf5a2f80-f9d1-40e9-9eac-0ab293491c69 is started using port 33361
2019-09-24 18:11:20,641 [Datanode State Machine Thread - 0] INFO  ozoneimpl.OzoneContainer (OzoneContainer.java:start(217)) - Attempting to start container services.
2019-09-24 18:11:20,641 [Datanode State Machine Thread - 0] INFO  ozoneimpl.OzoneContainer (OzoneContainer.java:start(217)) - Attempting to start container services.
2019-09-24 18:11:20,650 [Datanode State Machine Thread - 0] INFO  ozoneimpl.OzoneContainer (OzoneContainer.java:startContainerScrub(179)) - Background container scanner has been disabled.
2019-09-24 18:11:20,650 [Datanode State Machine Thread - 0] INFO  ozoneimpl.OzoneContainer (OzoneContainer.java:startContainerScrub(179)) - Background container scanner has been disabled.
2019-09-24 18:11:20,650 [Datanode State Machine Thread - 0] INFO  ratis.XceiverServerRatis (XceiverServerRatis.java:start(411)) - Starting XceiverServerRatis 2c7c9e22-26ed-4416-8ebe-07cbe3ead7bd at port 0
2019-09-24 18:11:20,651 [Datanode State Machine Thread - 0] INFO  ratis.XceiverServerRatis (XceiverServerRatis.java:start(411)) - Starting XceiverServerRatis 74676e76-599c-4b85-957c-ba96e045280e at port 0
2019-09-24 18:11:20,661 [main] INFO  ozone.MiniOzoneClusterImpl (MiniOzoneClusterImpl.java:lambda$waitForClusterToBeReady$0(147)) - Waiting for cluster to be ready. Got 0 of 4 DN Heartbeats.
2019-09-24 18:11:20,668 [Datanode State Machine Thread - 0] INFO  impl.RaftServerProxy (RaftServerProxy.java:lambda$start$3(299)) - 74676e76-599c-4b85-957c-ba96e045280e: start RPC server
2019-09-24 18:11:20,668 [Datanode State Machine Thread - 0] INFO  impl.RaftServerProxy (RaftServerProxy.java:lambda$start$3(299)) - 2c7c9e22-26ed-4416-8ebe-07cbe3ead7bd: start RPC server
2019-09-24 18:11:20,673 [Datanode State Machine Thread - 0] INFO  server.GrpcService (GrpcService.java:startImpl(158)) - 74676e76-599c-4b85-957c-ba96e045280e: GrpcService started, listening on 0.0.0.0/0.0.0.0:39518
2019-09-24 18:11:20,673 [Datanode State Machine Thread - 0] INFO  server.GrpcService (GrpcService.java:startImpl(158)) - 2c7c9e22-26ed-4416-8ebe-07cbe3ead7bd: GrpcService started, listening on 0.0.0.0/0.0.0.0:40900
2019-09-24 18:11:20,673 [Datanode State Machine Thread - 0] INFO  ratis.XceiverServerRatis (XceiverServerRatis.java:start(421)) - XceiverServerRatis 74676e76-599c-4b85-957c-ba96e045280e is started using port 39518
2019-09-24 18:11:20,674 [Datanode State Machine Thread - 0] INFO  ratis.XceiverServerRatis (XceiverServerRatis.java:start(421)) - XceiverServerRatis 2c7c9e22-26ed-4416-8ebe-07cbe3ead7bd is started using port 40900
2019-09-24 18:11:20,678 [Datanode State Machine Thread - 0] INFO  server.XceiverServerGrpc (XceiverServerGrpc.java:start(149)) - XceiverServerGrpc 74676e76-599c-4b85-957c-ba96e045280e is started using port 39966
2019-09-24 18:11:20,679 [Datanode State Machine Thread - 0] INFO  server.XceiverServerGrpc (XceiverServerGrpc.java:start(149)) - XceiverServerGrpc 2c7c9e22-26ed-4416-8ebe-07cbe3ead7bd is started using port 46741
2019-09-24 18:11:20,682 [Datanode State Machine Thread - 0] INFO  ozoneimpl.OzoneContainer (OzoneContainer.java:start(217)) - Attempting to start container services.
2019-09-24 18:11:20,684 [Datanode State Machine Thread - 0] INFO  ozoneimpl.OzoneContainer (OzoneContainer.java:startContainerScrub(179)) - Background container scanner has been disabled.
2019-09-24 18:11:20,684 [Datanode State Machine Thread - 0] INFO  ratis.XceiverServerRatis (XceiverServerRatis.java:start(411)) - Starting XceiverServerRatis 165cd824-9508-47b7-9a26-a1da7d8cc554 at port 0
2019-09-24 18:11:20,691 [Datanode State Machine Thread - 0] INFO  impl.RaftServerProxy (RaftServerProxy.java:lambda$start$3(299)) - 165cd824-9508-47b7-9a26-a1da7d8cc554: start RPC server
2019-09-24 18:11:20,694 [Datanode State Machine Thread - 0] INFO  server.GrpcService (GrpcService.java:startImpl(158)) - 165cd824-9508-47b7-9a26-a1da7d8cc554: GrpcService started, listening on 0.0.0.0/0.0.0.0:41649
2019-09-24 18:11:20,694 [Datanode State Machine Thread - 0] INFO  ratis.XceiverServerRatis (XceiverServerRatis.java:start(421)) - XceiverServerRatis 165cd824-9508-47b7-9a26-a1da7d8cc554 is started using port 41649
2019-09-24 18:11:20,697 [Datanode State Machine Thread - 0] INFO  server.XceiverServerGrpc (XceiverServerGrpc.java:start(149)) - XceiverServerGrpc 165cd824-9508-47b7-9a26-a1da7d8cc554 is started using port 38666
2019-09-24 18:11:21,662 [main] INFO  ozone.MiniOzoneClusterImpl (MiniOzoneClusterImpl.java:lambda$waitForClusterToBeReady$0(147)) - Waiting for cluster to be ready. Got 0 of 4 DN Heartbeats.
2019-09-24 18:11:22,462 [IPC Server handler 2 on 38397] INFO  net.NetworkTopology (NetworkTopologyImpl.java:add(111)) - Added a new node: /rack1/cf5a2f80-f9d1-40e9-9eac-0ab293491c69
2019-09-24 18:11:22,464 [IPC Server handler 2 on 38397] INFO  node.SCMNodeManager (SCMNodeManager.java:register(266)) - Registered Data node : cf5a2f80-f9d1-40e9-9eac-0ab293491c69{ip: 192.168.5.148, host: pr-hdds-2149-fgl4f-1742389470, networkLocation: /rack1, certSerialId: null}
2019-09-24 18:11:22,468 [EventQueue-NodeRegistrationContainerReportForDataNodeSafeModeRule] INFO  safemode.SCMSafeModeManager (DataNodeSafeModeRule.java:process(71)) - SCM in safe mode. 1 DataNodes registered, 1 required.
2019-09-24 18:11:22,469 [EventQueue-NodeRegistrationContainerReportForDataNodeSafeModeRule] INFO  safemode.SCMSafeModeManager (SCMSafeModeManager.java:validateSafeModeExitRules(177)) - ScmSafeModeManager, all rules are successfully validated
2019-09-24 18:11:22,469 [EventQueue-NodeRegistrationContainerReportForDataNodeSafeModeRule] INFO  safemode.SCMSafeModeManager (SCMSafeModeManager.java:exitSafeMode(193)) - SCM exiting safe mode.
2019-09-24 18:11:22,498 [IPC Server handler 3 on 38397] INFO  net.NetworkTopology (NetworkTopologyImpl.java:add(111)) - Added a new node: /rack1/2c7c9e22-26ed-4416-8ebe-07cbe3ead7bd
2019-09-24 18:11:22,498 [IPC Server handler 3 on 38397] INFO  node.SCMNodeManager (SCMNodeManager.java:register(266)) - Registered Data node : 2c7c9e22-26ed-4416-8ebe-07cbe3ead7bd{ip: 192.168.5.148, host: pr-hdds-2149-fgl4f-1742389470, networkLocation: /rack1, certSerialId: null}
2019-09-24 18:11:22,576 [IPC Server handler 1 on 38397] INFO  net.NetworkTopology (NetworkTopologyImpl.java:add(111)) - Added a new node: /rack1/74676e76-599c-4b85-957c-ba96e045280e
2019-09-24 18:11:22,576 [IPC Server handler 1 on 38397] INFO  node.SCMNodeManager (SCMNodeManager.java:register(266)) - Registered Data node : 74676e76-599c-4b85-957c-ba96e045280e{ip: 192.168.5.148, host: pr-hdds-2149-fgl4f-1742389470, networkLocation: /rack1, certSerialId: null}
2019-09-24 18:11:22,664 [main] INFO  ozone.MiniOzoneClusterImpl (MiniOzoneClusterImpl.java:lambda$waitForClusterToBeReady$0(147)) - Waiting for cluster to be ready. Got 3 of 4 DN Heartbeats.
2019-09-24 18:11:22,665 [IPC Server handler 2 on 38397] INFO  net.NetworkTopology (NetworkTopologyImpl.java:add(111)) - Added a new node: /rack1/165cd824-9508-47b7-9a26-a1da7d8cc554
2019-09-24 18:11:22,665 [IPC Server handler 2 on 38397] INFO  node.SCMNodeManager (SCMNodeManager.java:register(266)) - Registered Data node : 165cd824-9508-47b7-9a26-a1da7d8cc554{ip: 192.168.5.148, host: pr-hdds-2149-fgl4f-1742389470, networkLocation: /rack1, certSerialId: null}
2019-09-24 18:11:22,946 [grpc-default-executor-0] INFO  impl.RaftServerProxy (RaftServerProxy.java:addNew(89)) - cf5a2f80-f9d1-40e9-9eac-0ab293491c69: addNew group-D330A8C45B4A:[cf5a2f80-f9d1-40e9-9eac-0ab293491c69:192.168.5.148:39235] returns group-D330A8C45B4A:java.util.concurrent.CompletableFuture@78d6a1ef[Not completed]
2019-09-24 18:11:22,958 [pool-32-thread-1] INFO  impl.RaftServerImpl (RaftServerImpl.java:<init>(95)) - cf5a2f80-f9d1-40e9-9eac-0ab293491c69: new RaftServerImpl for group-D330A8C45B4A:[cf5a2f80-f9d1-40e9-9eac-0ab293491c69:192.168.5.148:39235] with ContainerStateMachine:uninitialized
2019-09-24 18:11:22,959 [pool-32-thread-1] INFO  server.RaftServerConfigKeys (ConfUtils.java:logGet(43)) - raft.server.rpc.timeout.min = 5s (custom)
2019-09-24 18:11:22,959 [pool-32-thread-1] INFO  server.RaftServerConfigKeys (ConfUtils.java:logGet(43)) - raft.server.rpc.timeout.max = 5200ms (custom)
2019-09-24 18:11:22,959 [pool-32-thread-1] INFO  server.RaftServerConfigKeys (ConfUtils.java:logGet(43)) - raft.server.rpcslowness.timeout = 120s (custom)
2019-09-24 18:11:22,960 [pool-32-thread-1] INFO  server.RaftServerConfigKeys (ConfUtils.java:logGet(43)) - raft.server.sleep.deviation.threshold = 300 (default)
2019-09-24 18:11:22,960 [pool-32-thread-1] INFO  server.RaftServerConfigKeys (ConfUtils.java:logGet(43)) - raft.server.log.appender.install.snapshot.enabled = false (custom)
2019-09-24 18:11:22,960 [pool-32-thread-1] INFO  impl.RaftServerImpl (ServerState.java:<init>(103)) - cf5a2f80-f9d1-40e9-9eac-0ab293491c69@group-D330A8C45B4A: ConfigurationManager, init=-1: [cf5a2f80-f9d1-40e9-9eac-0ab293491c69:192.168.5.148:39235], old=null, confs=<EMPTY_MAP>
2019-09-24 18:11:22,960 [pool-32-thread-1] INFO  server.RaftServerConfigKeys (ConfUtils.java:logGet(43)) - raft.server.storage.dir = [/workdir/hadoop-ozone/integration-test/target/test-dir/MiniOzoneClusterImpl-42bba134-5a67-4562-bb40-e54cb25fe1f1/datanode-0/data/ratis] (custom)
2019-09-24 18:11:22,961 [pool-32-thread-1] INFO  storage.RaftStorageDirectory (RaftStorageDirectory.java:analyzeStorage(246)) - The storage directory /workdir/hadoop-ozone/integration-test/target/test-dir/MiniOzoneClusterImpl-42bba134-5a67-4562-bb40-e54cb25fe1f1/datanode-0/data/ratis/47713ce3-a7ce-4825-b2d5-d330a8c45b4a does not exist. Creating ...
2019-09-24 18:11:22,987 [pool-32-thread-1] INFO  storage.RaftStorageDirectory (RaftStorageDirectory.java:tryLock(328)) - Lock on /workdir/hadoop-ozone/integration-test/target/test-dir/MiniOzoneClusterImpl-42bba134-5a67-4562-bb40-e54cb25fe1f1/datanode-0/data/ratis/47713ce3-a7ce-4825-b2d5-d330a8c45b4a/in_use.lock acquired by nodename 10715@pr-hdds-2149-fgl4f-1742389470
2019-09-24 18:11:23,001 [pool-32-thread-1] INFO  storage.RaftStorage (RaftStorage.java:format(72)) - Storage directory /workdir/hadoop-ozone/integration-test/target/test-dir/MiniOzoneClusterImpl-42bba134-5a67-4562-bb40-e54cb25fe1f1/datanode-0/data/ratis/47713ce3-a7ce-4825-b2d5-d330a8c45b4a has been successfully formatted.
2019-09-24 18:11:23,003 [pool-32-thread-1] INFO  ratis.ContainerStateMachine (ContainerStateMachine.java:loadSnapshot(230)) - group-D330A8C45B4A: The snapshot info is null. Setting the last applied indexto:(t:0, i:~)
2019-09-24 18:11:23,003 [pool-32-thread-1] INFO  server.RaftServerConfigKeys (ConfUtils.java:logGet(43)) - raft.server.notification.no-leader.timeout = 120s (custom)
2019-09-24 18:11:23,003 [pool-32-thread-1] INFO  server.RaftServerConfigKeys (ConfUtils.java:logGet(43)) - raft.server.log.use.memory = false (default)
2019-09-24 18:11:23,004 [pool-32-thread-1] INFO  server.RaftServerConfigKeys (ConfUtils.java:logGet(43)) - raft.server.log.purge.gap = 1000000 (custom)
2019-09-24 18:11:23,004 [pool-32-thread-1] INFO  server.RaftServerConfigKeys (ConfUtils.java:logGet(43)) - raft.server.log.appender.buffer.byte-limit = 33554432 (custom)
2019-09-24 18:11:23,004 [pool-32-thread-1] INFO  server.RaftServerConfigKeys (ConfUtils.java:logGet(43)) - raft.server.log.segment.size.max = 1048576 (custom)
2019-09-24 18:11:23,004 [pool-32-thread-1] INFO  server.RaftServerConfigKeys (ConfUtils.java:logGet(43)) - raft.server.log.segment.cache.num.max = 2 (custom)
2019-09-24 18:11:23,005 [pool-32-thread-1] INFO  segmented.SegmentedRaftLogWorker (SegmentedRaftLogWorker.java:<init>(172)) - new cf5a2f80-f9d1-40e9-9eac-0ab293491c69@group-D330A8C45B4A-SegmentedRaftLogWorker for RaftStorage:Storage Directory /workdir/hadoop-ozone/integration-test/target/test-dir/MiniOzoneClusterImpl-42bba134-5a67-4562-bb40-e54cb25fe1f1/datanode-0/data/ratis/47713ce3-a7ce-4825-b2d5-d330a8c45b4a
2019-09-24 18:11:23,029 [pool-32-thread-1] INFO  server.RaftServerConfigKeys (ConfUtils.java:logGet(43)) - raft.server.log.queue.byte-limit = 2147483647 (custom)
2019-09-24 18:11:23,029 [pool-32-thread-1] INFO  server.RaftServerConfigKeys (ConfUtils.java:logGet(43)) - raft.server.log.queue.element-limit = 1024 (custom)
2019-09-24 18:11:23,030 [pool-32-thread-1] INFO  server.RaftServerConfigKeys (ConfUtils.java:logGet(43)) - raft.server.log.segment.size.max = 1048576 (custom)
2019-09-24 18:11:23,030 [pool-32-thread-1] INFO  server.RaftServerConfigKeys (ConfUtils.java:logGet(43)) - raft.server.log.preallocated.size = 16384 (custom)
2019-09-24 18:11:23,030 [pool-32-thread-1] INFO  server.RaftServerConfigKeys (ConfUtils.java:logGet(43)) - raft.server.log.write.buffer.size = 33554432 (custom)
2019-09-24 18:11:23,030 [pool-32-thread-1] INFO  server.RaftServerConfigKeys (ConfUtils.java:logGet(43)) - raft.server.log.force.sync.num = 128 (default)
2019-09-24 18:11:23,031 [pool-32-thread-1] INFO  server.RaftServerConfigKeys (ConfUtils.java:logGet(43)) - raft.server.log.statemachine.data.sync = true (default)
2019-09-24 18:11:23,031 [pool-32-thread-1] INFO  server.RaftServerConfigKeys (ConfUtils.java:logGet(43)) - raft.server.log.statemachine.data.sync.timeout = 10s (default)
2019-09-24 18:11:23,031 [pool-32-thread-1] INFO  server.RaftServerConfigKeys (ConfUtils.java:logGet(43)) - raft.server.log.statemachine.data.sync.timeout.retry = -1 (default)
2019-09-24 18:11:23,032 [pool-32-thread-1] INFO  server.RaftServerConfigKeys (ConfUtils.java:logGet(43)) - raft.server.log.statemachine.data.caching.enabled = true (custom)
2019-09-24 18:11:23,032 [pool-32-thread-1] INFO  segmented.SegmentedRaftLogWorker (SegmentedRaftLogWorker.java:lambda$new$0(132)) - cf5a2f80-f9d1-40e9-9eac-0ab293491c69@group-D330A8C45B4A-SegmentedRaftLogWorker: flushIndex: setUnconditionally 0 -> -1
2019-09-24 18:11:23,032 [pool-32-thread-1] INFO  server.RaftServerConfigKeys (ConfUtils.java:logGet(43)) - raft.server.snapshot.auto.trigger.enabled = true (custom)
2019-09-24 18:11:23,033 [pool-32-thread-1] INFO  server.RaftServerConfigKeys (ConfUtils.java:logGet(43)) - raft.server.snapshot.auto.trigger.threshold = 10000 (custom)
2019-09-24 18:11:23,033 [pool-32-thread-1] INFO  server.RaftServerConfigKeys (ConfUtils.java:logGet(43)) - raft.server.snapshot.retention.num.files = 5 (custom)
2019-09-24 18:11:23,033 [pool-32-thread-1] INFO  server.RaftServerConfigKeys (ConfUtils.java:logGet(43)) - raft.server.retrycache.expirytime = 600000ms (custom)
2019-09-24 18:11:23,038 [pool-32-thread-1] INFO  impl.RaftServerImpl (RaftServerImpl.java:start(185)) - cf5a2f80-f9d1-40e9-9eac-0ab293491c69@group-D330A8C45B4A: start as a follower, conf=-1: [cf5a2f80-f9d1-40e9-9eac-0ab293491c69:192.168.5.148:39235], old=null
2019-09-24 18:11:23,038 [pool-32-thread-1] INFO  impl.RaftServerImpl (RaftServerImpl.java:setRole(174)) - cf5a2f80-f9d1-40e9-9eac-0ab293491c69@group-D330A8C45B4A: changes role from      null to FOLLOWER at term 0 for startAsFollower
2019-09-24 18:11:23,039 [pool-32-thread-1] INFO  impl.RoleInfo (RoleInfo.java:updateAndGet(143)) - cf5a2f80-f9d1-40e9-9eac-0ab293491c69: start FollowerState
2019-09-24 18:11:23,039 [pool-32-thread-1] INFO  util.JmxRegister (JmxRegister.java:tryRegister(44)) - Successfully registered JMX Bean with object name Ratis:service=RaftServer,group=group-D330A8C45B4A,id=cf5a2f80-f9d1-40e9-9eac-0ab293491c69
2019-09-24 18:11:23,111 [RatisPipelineUtilsThread] INFO  pipeline.PipelineStateManager (PipelineStateManager.java:addPipeline(56)) - Created pipeline Pipeline[ Id: 47713ce3-a7ce-4825-b2d5-d330a8c45b4a, Nodes: cf5a2f80-f9d1-40e9-9eac-0ab293491c69{ip: 192.168.5.148, host: pr-hdds-2149-fgl4f-1742389470, networkLocation: /rack1, certSerialId: null}, Type:RATIS, Factor:ONE, State:OPEN]
2019-09-24 18:11:23,135 [grpc-default-executor-0] INFO  impl.RaftServerProxy (RaftServerProxy.java:addNew(89)) - 165cd824-9508-47b7-9a26-a1da7d8cc554: addNew group-208AEA19E382:[165cd824-9508-47b7-9a26-a1da7d8cc554:192.168.5.148:41649] returns group-208AEA19E382:java.util.concurrent.CompletableFuture@635981d5[Not completed]
2019-09-24 18:11:23,150 [pool-62-thread-1] INFO  impl.RaftServerImpl (RaftServerImpl.java:<init>(95)) - 165cd824-9508-47b7-9a26-a1da7d8cc554: new RaftServerImpl for group-208AEA19E382:[165cd824-9508-47b7-9a26-a1da7d8cc554:192.168.5.148:41649] with ContainerStateMachine:uninitialized
2019-09-24 18:11:23,154 [pool-62-thread-1] INFO  server.RaftServerConfigKeys (ConfUtils.java:logGet(43)) - raft.server.rpc.timeout.min = 5s (custom)
2019-09-24 18:11:23,154 [pool-62-thread-1] INFO  server.RaftServerConfigKeys (ConfUtils.java:logGet(43)) - raft.server.rpc.timeout.max = 5200ms (custom)
2019-09-24 18:11:23,154 [pool-62-thread-1] INFO  server.RaftServerConfigKeys (ConfUtils.java:logGet(43)) - raft.server.rpcslowness.timeout = 120s (custom)
2019-09-24 18:11:23,154 [pool-62-thread-1] INFO  server.RaftServerConfigKeys (ConfUtils.java:logGet(43)) - raft.server.sleep.deviation.threshold = 300 (default)
2019-09-24 18:11:23,154 [pool-62-thread-1] INFO  server.RaftServerConfigKeys (ConfUtils.java:logGet(43)) - raft.server.log.appender.install.snapshot.enabled = false (custom)
2019-09-24 18:11:23,155 [pool-62-thread-1] INFO  impl.RaftServerImpl (ServerState.java:<init>(103)) - 165cd824-9508-47b7-9a26-a1da7d8cc554@group-208AEA19E382: ConfigurationManager, init=-1: [165cd824-9508-47b7-9a26-a1da7d8cc554:192.168.5.148:41649], old=null, confs=<EMPTY_MAP>
2019-09-24 18:11:23,155 [pool-62-thread-1] INFO  server.RaftServerConfigKeys (ConfUtils.java:logGet(43)) - raft.server.storage.dir = [/workdir/hadoop-ozone/integration-test/target/test-dir/MiniOzoneClusterImpl-42bba134-5a67-4562-bb40-e54cb25fe1f1/datanode-3/data/ratis] (custom)
2019-09-24 18:11:23,155 [pool-62-thread-1] INFO  storage.RaftStorageDirectory (RaftStorageDirectory.java:analyzeStorage(246)) - The storage directory /workdir/hadoop-ozone/integration-test/target/test-dir/MiniOzoneClusterImpl-42bba134-5a67-4562-bb40-e54cb25fe1f1/datanode-3/data/ratis/25cfbb77-c07f-4dc9-8a15-208aea19e382 does not exist. Creating ...
2019-09-24 18:11:23,420 [pool-62-thread-1] INFO  storage.RaftStorageDirectory (RaftStorageDirectory.java:tryLock(328)) - Lock on /workdir/hadoop-ozone/integration-test/target/test-dir/MiniOzoneClusterImpl-42bba134-5a67-4562-bb40-e54cb25fe1f1/datanode-3/data/ratis/25cfbb77-c07f-4dc9-8a15-208aea19e382/in_use.lock acquired by nodename 10715@pr-hdds-2149-fgl4f-1742389470
2019-09-24 18:11:23,434 [pool-62-thread-1] INFO  storage.RaftStorage (RaftStorage.java:format(72)) - Storage directory /workdir/hadoop-ozone/integration-test/target/test-dir/MiniOzoneClusterImpl-42bba134-5a67-4562-bb40-e54cb25fe1f1/datanode-3/data/ratis/25cfbb77-c07f-4dc9-8a15-208aea19e382 has been successfully formatted.
2019-09-24 18:11:23,434 [pool-62-thread-1] INFO  ratis.ContainerStateMachine (ContainerStateMachine.java:loadSnapshot(230)) - group-208AEA19E382: The snapshot info is null. Setting the last applied indexto:(t:0, i:~)
2019-09-24 18:11:23,436 [pool-62-thread-1] INFO  server.RaftServerConfigKeys (ConfUtils.java:logGet(43)) - raft.server.notification.no-leader.timeout = 120s (custom)
2019-09-24 18:11:23,436 [pool-62-thread-1] INFO  server.RaftServerConfigKeys (ConfUtils.java:logGet(43)) - raft.server.log.use.memory = false (default)
2019-09-24 18:11:23,436 [pool-62-thread-1] INFO  server.RaftServerConfigKeys (ConfUtils.java:logGet(43)) - raft.server.log.purge.gap = 1000000 (custom)
2019-09-24 18:11:23,436 [pool-62-thread-1] INFO  server.RaftServerConfigKeys (ConfUtils.java:logGet(43)) - raft.server.log.appender.buffer.byte-limit = 33554432 (custom)
2019-09-24 18:11:23,437 [pool-62-thread-1] INFO  server.RaftServerConfigKeys (ConfUtils.java:logGet(43)) - raft.server.log.segment.size.max = 1048576 (custom)
2019-09-24 18:11:23,437 [pool-62-thread-1] INFO  server.RaftServerConfigKeys (ConfUtils.java:logGet(43)) - raft.server.log.segment.cache.num.max = 2 (custom)
2019-09-24 18:11:23,437 [pool-62-thread-1] INFO  segmented.SegmentedRaftLogWorker (SegmentedRaftLogWorker.java:<init>(172)) - new 165cd824-9508-47b7-9a26-a1da7d8cc554@group-208AEA19E382-SegmentedRaftLogWorker for RaftStorage:Storage Directory /workdir/hadoop-ozone/integration-test/target/test-dir/MiniOzoneClusterImpl-42bba134-5a67-4562-bb40-e54cb25fe1f1/datanode-3/data/ratis/25cfbb77-c07f-4dc9-8a15-208aea19e382
2019-09-24 18:11:23,441 [pool-62-thread-1] INFO  server.RaftServerConfigKeys (ConfUtils.java:logGet(43)) - raft.server.log.queue.byte-limit = 2147483647 (custom)
2019-09-24 18:11:23,442 [pool-62-thread-1] INFO  server.RaftServerConfigKeys (ConfUtils.java:logGet(43)) - raft.server.log.queue.element-limit = 1024 (custom)
2019-09-24 18:11:23,442 [pool-62-thread-1] INFO  server.RaftServerConfigKeys (ConfUtils.java:logGet(43)) - raft.server.log.segment.size.max = 1048576 (custom)
2019-09-24 18:11:23,442 [pool-62-thread-1] INFO  server.RaftServerConfigKeys (ConfUtils.java:logGet(43)) - raft.server.log.preallocated.size = 16384 (custom)
2019-09-24 18:11:23,442 [pool-62-thread-1] INFO  server.RaftServerConfigKeys (ConfUtils.java:logGet(43)) - raft.server.log.write.buffer.size = 33554432 (custom)
2019-09-24 18:11:23,442 [pool-62-thread-1] INFO  server.RaftServerConfigKeys (ConfUtils.java:logGet(43)) - raft.server.log.force.sync.num = 128 (default)
2019-09-24 18:11:23,442 [pool-62-thread-1] INFO  server.RaftServerConfigKeys (ConfUtils.java:logGet(43)) - raft.server.log.statemachine.data.sync = true (default)
2019-09-24 18:11:23,443 [pool-62-thread-1] INFO  server.RaftServerConfigKeys (ConfUtils.java:logGet(43)) - raft.server.log.statemachine.data.sync.timeout = 10s (default)
2019-09-24 18:11:23,443 [pool-62-thread-1] INFO  server.RaftServerConfigKeys (ConfUtils.java:logGet(43)) - raft.server.log.statemachine.data.sync.timeout.retry = -1 (default)
2019-09-24 18:11:23,443 [pool-62-thread-1] INFO  server.RaftServerConfigKeys (ConfUtils.java:logGet(43)) - raft.server.log.statemachine.data.caching.enabled = true (custom)
2019-09-24 18:11:23,443 [pool-62-thread-1] INFO  segmented.SegmentedRaftLogWorker (SegmentedRaftLogWorker.java:lambda$new$0(132)) - 165cd824-9508-47b7-9a26-a1da7d8cc554@group-208AEA19E382-SegmentedRaftLogWorker: flushIndex: setUnconditionally 0 -> -1
2019-09-24 18:11:23,444 [pool-62-thread-1] INFO  server.RaftServerConfigKeys (ConfUtils.java:logGet(43)) - raft.server.snapshot.auto.trigger.enabled = true (custom)
2019-09-24 18:11:23,444 [pool-62-thread-1] INFO  server.RaftServerConfigKeys (ConfUtils.java:logGet(43)) - raft.server.snapshot.auto.trigger.threshold = 10000 (custom)
2019-09-24 18:11:23,444 [pool-62-thread-1] INFO  server.RaftServerConfigKeys (ConfUtils.java:logGet(43)) - raft.server.snapshot.retention.num.files = 5 (custom)
2019-09-24 18:11:23,444 [pool-62-thread-1] INFO  server.RaftServerConfigKeys (ConfUtils.java:logGet(43)) - raft.server.retrycache.expirytime = 600000ms (custom)
2019-09-24 18:11:23,448 [pool-62-thread-1] INFO  impl.RaftServerImpl (RaftServerImpl.java:start(185)) - 165cd824-9508-47b7-9a26-a1da7d8cc554@group-208AEA19E382: start as a follower, conf=-1: [165cd824-9508-47b7-9a26-a1da7d8cc554:192.168.5.148:41649], old=null
2019-09-24 18:11:23,448 [pool-62-thread-1] INFO  impl.RaftServerImpl (RaftServerImpl.java:setRole(174)) - 165cd824-9508-47b7-9a26-a1da7d8cc554@group-208AEA19E382: changes role from      null to FOLLOWER at term 0 for startAsFollower
2019-09-24 18:11:23,449 [pool-62-thread-1] INFO  impl.RoleInfo (RoleInfo.java:updateAndGet(143)) - 165cd824-9508-47b7-9a26-a1da7d8cc554: start FollowerState
2019-09-24 18:11:23,449 [pool-62-thread-1] INFO  util.JmxRegister (JmxRegister.java:tryRegister(44)) - Successfully registered JMX Bean with object name Ratis:service=RaftServer,group=group-208AEA19E382,id=165cd824-9508-47b7-9a26-a1da7d8cc554
2019-09-24 18:11:23,463 [RatisPipelineUtilsThread] INFO  pipeline.PipelineStateManager (PipelineStateManager.java:addPipeline(56)) - Created pipeline Pipeline[ Id: 25cfbb77-c07f-4dc9-8a15-208aea19e382, Nodes: 165cd824-9508-47b7-9a26-a1da7d8cc554{ip: 192.168.5.148, host: pr-hdds-2149-fgl4f-1742389470, networkLocation: /rack1, certSerialId: null}, Type:RATIS, Factor:ONE, State:OPEN]
2019-09-24 18:11:23,489 [grpc-default-executor-0] INFO  impl.RaftServerProxy (RaftServerProxy.java:addNew(89)) - 2c7c9e22-26ed-4416-8ebe-07cbe3ead7bd: addNew group-48AF6D67CAE4:[2c7c9e22-26ed-4416-8ebe-07cbe3ead7bd:192.168.5.148:40900] returns group-48AF6D67CAE4:java.util.concurrent.CompletableFuture@4bb669a9[Not completed]
2019-09-24 18:11:23,491 [pool-42-thread-1] INFO  impl.RaftServerImpl (RaftServerImpl.java:<init>(95)) - 2c7c9e22-26ed-4416-8ebe-07cbe3ead7bd: new RaftServerImpl for group-48AF6D67CAE4:[2c7c9e22-26ed-4416-8ebe-07cbe3ead7bd:192.168.5.148:40900] with ContainerStateMachine:uninitialized
2019-09-24 18:11:23,491 [pool-42-thread-1] INFO  server.RaftServerConfigKeys (ConfUtils.java:logGet(43)) - raft.server.rpc.timeout.min = 5s (custom)
2019-09-24 18:11:23,492 [pool-42-thread-1] INFO  server.RaftServerConfigKeys (ConfUtils.java:logGet(43)) - raft.server.rpc.timeout.max = 5200ms (custom)
2019-09-24 18:11:23,492 [pool-42-thread-1] INFO  server.RaftServerConfigKeys (ConfUtils.java:logGet(43)) - raft.server.rpcslowness.timeout = 120s (custom)
2019-09-24 18:11:23,492 [pool-42-thread-1] INFO  server.RaftServerConfigKeys (ConfUtils.java:logGet(43)) - raft.server.sleep.deviation.threshold = 300 (default)
2019-09-24 18:11:23,492 [pool-42-thread-1] INFO  server.RaftServerConfigKeys (ConfUtils.java:logGet(43)) - raft.server.log.appender.install.snapshot.enabled = false (custom)
2019-09-24 18:11:23,492 [pool-42-thread-1] INFO  impl.RaftServerImpl (ServerState.java:<init>(103)) - 2c7c9e22-26ed-4416-8ebe-07cbe3ead7bd@group-48AF6D67CAE4: ConfigurationManager, init=-1: [2c7c9e22-26ed-4416-8ebe-07cbe3ead7bd:192.168.5.148:40900], old=null, confs=<EMPTY_MAP>
2019-09-24 18:11:23,493 [pool-42-thread-1] INFO  server.RaftServerConfigKeys (ConfUtils.java:logGet(43)) - raft.server.storage.dir = [/workdir/hadoop-ozone/integration-test/target/test-dir/MiniOzoneClusterImpl-42bba134-5a67-4562-bb40-e54cb25fe1f1/datanode-1/data/ratis] (custom)
2019-09-24 18:11:23,493 [pool-42-thread-1] INFO  storage.RaftStorageDirectory (RaftStorageDirectory.java:analyzeStorage(246)) - The storage directory /workdir/hadoop-ozone/integration-test/target/test-dir/MiniOzoneClusterImpl-42bba134-5a67-4562-bb40-e54cb25fe1f1/datanode-1/data/ratis/e0e3f768-099d-479e-b5fd-48af6d67cae4 does not exist. Creating ...
2019-09-24 18:11:23,506 [pool-42-thread-1] INFO  storage.RaftStorageDirectory (RaftStorageDirectory.java:tryLock(328)) - Lock on /workdir/hadoop-ozone/integration-test/target/test-dir/MiniOzoneClusterImpl-42bba134-5a67-4562-bb40-e54cb25fe1f1/datanode-1/data/ratis/e0e3f768-099d-479e-b5fd-48af6d67cae4/in_use.lock acquired by nodename 10715@pr-hdds-2149-fgl4f-1742389470
2019-09-24 18:11:23,519 [pool-42-thread-1] INFO  storage.RaftStorage (RaftStorage.java:format(72)) - Storage directory /workdir/hadoop-ozone/integration-test/target/test-dir/MiniOzoneClusterImpl-42bba134-5a67-4562-bb40-e54cb25fe1f1/datanode-1/data/ratis/e0e3f768-099d-479e-b5fd-48af6d67cae4 has been successfully formatted.
2019-09-24 18:11:23,519 [pool-42-thread-1] INFO  ratis.ContainerStateMachine (ContainerStateMachine.java:loadSnapshot(230)) - group-48AF6D67CAE4: The snapshot info is null. Setting the last applied indexto:(t:0, i:~)
2019-09-24 18:11:23,520 [pool-42-thread-1] INFO  server.RaftServerConfigKeys (ConfUtils.java:logGet(43)) - raft.server.notification.no-leader.timeout = 120s (custom)
2019-09-24 18:11:23,520 [pool-42-thread-1] INFO  server.RaftServerConfigKeys (ConfUtils.java:logGet(43)) - raft.server.log.use.memory = false (default)
2019-09-24 18:11:23,520 [pool-42-thread-1] INFO  server.RaftServerConfigKeys (ConfUtils.java:logGet(43)) - raft.server.log.purge.gap = 1000000 (custom)
2019-09-24 18:11:23,520 [pool-42-thread-1] INFO  server.RaftServerConfigKeys (ConfUtils.java:logGet(43)) - raft.server.log.appender.buffer.byte-limit = 33554432 (custom)
2019-09-24 18:11:23,520 [pool-42-thread-1] INFO  server.RaftServerConfigKeys (ConfUtils.java:logGet(43)) - raft.server.log.segment.size.max = 1048576 (custom)
2019-09-24 18:11:23,520 [pool-42-thread-1] INFO  server.RaftServerConfigKeys (ConfUtils.java:logGet(43)) - raft.server.log.segment.cache.num.max = 2 (custom)
2019-09-24 18:11:23,521 [pool-42-thread-1] INFO  segmented.SegmentedRaftLogWorker (SegmentedRaftLogWorker.java:<init>(172)) - new 2c7c9e22-26ed-4416-8ebe-07cbe3ead7bd@group-48AF6D67CAE4-SegmentedRaftLogWorker for RaftStorage:Storage Directory /workdir/hadoop-ozone/integration-test/target/test-dir/MiniOzoneClusterImpl-42bba134-5a67-4562-bb40-e54cb25fe1f1/datanode-1/data/ratis/e0e3f768-099d-479e-b5fd-48af6d67cae4
2019-09-24 18:11:23,527 [pool-42-thread-1] INFO  server.RaftServerConfigKeys (ConfUtils.java:logGet(43)) - raft.server.log.queue.byte-limit = 2147483647 (custom)
2019-09-24 18:11:23,527 [pool-42-thread-1] INFO  server.RaftServerConfigKeys (ConfUtils.java:logGet(43)) - raft.server.log.queue.element-limit = 1024 (custom)
2019-09-24 18:11:23,527 [pool-42-thread-1] INFO  server.RaftServerConfigKeys (ConfUtils.java:logGet(43)) - raft.server.log.segment.size.max = 1048576 (custom)
2019-09-24 18:11:23,528 [pool-42-thread-1] INFO  server.RaftServerConfigKeys (ConfUtils.java:logGet(43)) - raft.server.log.preallocated.size = 16384 (custom)
2019-09-24 18:11:23,528 [pool-42-thread-1] INFO  server.RaftServerConfigKeys (ConfUtils.java:logGet(43)) - raft.server.log.write.buffer.size = 33554432 (custom)
2019-09-24 18:11:23,528 [pool-42-thread-1] INFO  server.RaftServerConfigKeys (ConfUtils.java:logGet(43)) - raft.server.log.force.sync.num = 128 (default)
2019-09-24 18:11:23,528 [pool-42-thread-1] INFO  server.RaftServerConfigKeys (ConfUtils.java:logGet(43)) - raft.server.log.statemachine.data.sync = true (default)
2019-09-24 18:11:23,528 [pool-42-thread-1] INFO  server.RaftServerConfigKeys (ConfUtils.java:logGet(43)) - raft.server.log.statemachine.data.sync.timeout = 10s (default)
2019-09-24 18:11:23,528 [pool-42-thread-1] INFO  server.RaftServerConfigKeys (ConfUtils.java:logGet(43)) - raft.server.log.statemachine.data.sync.timeout.retry = -1 (default)
2019-09-24 18:11:23,529 [pool-42-thread-1] INFO  server.RaftServerConfigKeys (ConfUtils.java:logGet(43)) - raft.server.log.statemachine.data.caching.enabled = true (custom)
2019-09-24 18:11:23,529 [pool-42-thread-1] INFO  segmented.SegmentedRaftLogWorker (SegmentedRaftLogWorker.java:lambda$new$0(132)) - 2c7c9e22-26ed-4416-8ebe-07cbe3ead7bd@group-48AF6D67CAE4-SegmentedRaftLogWorker: flushIndex: setUnconditionally 0 -> -1
2019-09-24 18:11:23,529 [pool-42-thread-1] INFO  server.RaftServerConfigKeys (ConfUtils.java:logGet(43)) - raft.server.snapshot.auto.trigger.enabled = true (custom)
2019-09-24 18:11:23,529 [pool-42-thread-1] INFO  server.RaftServerConfigKeys (ConfUtils.java:logGet(43)) - raft.server.snapshot.auto.trigger.threshold = 10000 (custom)
2019-09-24 18:11:23,530 [pool-42-thread-1] INFO  server.RaftServerConfigKeys (ConfUtils.java:logGet(43)) - raft.server.snapshot.retention.num.files = 5 (custom)
2019-09-24 18:11:23,530 [pool-42-thread-1] INFO  server.RaftServerConfigKeys (ConfUtils.java:logGet(43)) - raft.server.retrycache.expirytime = 600000ms (custom)
2019-09-24 18:11:23,534 [pool-42-thread-1] INFO  impl.RaftServerImpl (RaftServerImpl.java:start(185)) - 2c7c9e22-26ed-4416-8ebe-07cbe3ead7bd@group-48AF6D67CAE4: start as a follower, conf=-1: [2c7c9e22-26ed-4416-8ebe-07cbe3ead7bd:192.168.5.148:40900], old=null
2019-09-24 18:11:23,534 [pool-42-thread-1] INFO  impl.RaftServerImpl (RaftServerImpl.java:setRole(174)) - 2c7c9e22-26ed-4416-8ebe-07cbe3ead7bd@group-48AF6D67CAE4: changes role from      null to FOLLOWER at term 0 for startAsFollower
2019-09-24 18:11:23,534 [pool-42-thread-1] INFO  impl.RoleInfo (RoleInfo.java:updateAndGet(143)) - 2c7c9e22-26ed-4416-8ebe-07cbe3ead7bd: start FollowerState
2019-09-24 18:11:23,537 [pool-42-thread-1] INFO  util.JmxRegister (JmxRegister.java:tryRegister(44)) - Successfully registered JMX Bean with object name Ratis:service=RaftServer,group=group-48AF6D67CAE4,id=2c7c9e22-26ed-4416-8ebe-07cbe3ead7bd
2019-09-24 18:11:23,548 [RatisPipelineUtilsThread] INFO  pipeline.PipelineStateManager (PipelineStateManager.java:addPipeline(56)) - Created pipeline Pipeline[ Id: e0e3f768-099d-479e-b5fd-48af6d67cae4, Nodes: 2c7c9e22-26ed-4416-8ebe-07cbe3ead7bd{ip: 192.168.5.148, host: pr-hdds-2149-fgl4f-1742389470, networkLocation: /rack1, certSerialId: null}, Type:RATIS, Factor:ONE, State:OPEN]
2019-09-24 18:11:23,573 [grpc-default-executor-0] INFO  impl.RaftServerProxy (RaftServerProxy.java:addNew(89)) - 74676e76-599c-4b85-957c-ba96e045280e: addNew group-B0D874B032BF:[74676e76-599c-4b85-957c-ba96e045280e:192.168.5.148:39518] returns group-B0D874B032BF:java.util.concurrent.CompletableFuture@79bf02fc[Not completed]
2019-09-24 18:11:23,576 [pool-52-thread-1] INFO  impl.RaftServerImpl (RaftServerImpl.java:<init>(95)) - 74676e76-599c-4b85-957c-ba96e045280e: new RaftServerImpl for group-B0D874B032BF:[74676e76-599c-4b85-957c-ba96e045280e:192.168.5.148:39518] with ContainerStateMachine:uninitialized
2019-09-24 18:11:23,576 [pool-52-thread-1] INFO  server.RaftServerConfigKeys (ConfUtils.java:logGet(43)) - raft.server.rpc.timeout.min = 5s (custom)
2019-09-24 18:11:23,576 [pool-52-thread-1] INFO  server.RaftServerConfigKeys (ConfUtils.java:logGet(43)) - raft.server.rpc.timeout.max = 5200ms (custom)
2019-09-24 18:11:23,577 [pool-52-thread-1] INFO  server.RaftServerConfigKeys (ConfUtils.java:logGet(43)) - raft.server.rpcslowness.timeout = 120s (custom)
2019-09-24 18:11:23,577 [pool-52-thread-1] INFO  server.RaftServerConfigKeys (ConfUtils.java:logGet(43)) - raft.server.sleep.deviation.threshold = 300 (default)
2019-09-24 18:11:23,577 [pool-52-thread-1] INFO  server.RaftServerConfigKeys (ConfUtils.java:logGet(43)) - raft.server.log.appender.install.snapshot.enabled = false (custom)
2019-09-24 18:11:23,577 [pool-52-thread-1] INFO  impl.RaftServerImpl (ServerState.java:<init>(103)) - 74676e76-599c-4b85-957c-ba96e045280e@group-B0D874B032BF: ConfigurationManager, init=-1: [74676e76-599c-4b85-957c-ba96e045280e:192.168.5.148:39518], old=null, confs=<EMPTY_MAP>
2019-09-24 18:11:23,577 [pool-52-thread-1] INFO  server.RaftServerConfigKeys (ConfUtils.java:logGet(43)) - raft.server.storage.dir = [/workdir/hadoop-ozone/integration-test/target/test-dir/MiniOzoneClusterImpl-42bba134-5a67-4562-bb40-e54cb25fe1f1/datanode-2/data/ratis] (custom)
2019-09-24 18:11:23,578 [pool-52-thread-1] INFO  storage.RaftStorageDirectory (RaftStorageDirectory.java:analyzeStorage(246)) - The storage directory /workdir/hadoop-ozone/integration-test/target/test-dir/MiniOzoneClusterImpl-42bba134-5a67-4562-bb40-e54cb25fe1f1/datanode-2/data/ratis/d592b3a1-91cf-4e94-a52d-b0d874b032bf does not exist. Creating ...
2019-09-24 18:11:23,591 [pool-52-thread-1] INFO  storage.RaftStorageDirectory (RaftStorageDirectory.java:tryLock(328)) - Lock on /workdir/hadoop-ozone/integration-test/target/test-dir/MiniOzoneClusterImpl-42bba134-5a67-4562-bb40-e54cb25fe1f1/datanode-2/data/ratis/d592b3a1-91cf-4e94-a52d-b0d874b032bf/in_use.lock acquired by nodename 10715@pr-hdds-2149-fgl4f-1742389470
2019-09-24 18:11:23,664 [main] INFO  ozone.MiniOzoneClusterImpl (MiniOzoneClusterImpl.java:lambda$waitForClusterToBeReady$0(147)) - Cluster is ready. Got 4 of 4 DN Heartbeats.
2019-09-24 18:11:23,767 [pool-52-thread-1] INFO  storage.RaftStorage (RaftStorage.java:format(72)) - Storage directory /workdir/hadoop-ozone/integration-test/target/test-dir/MiniOzoneClusterImpl-42bba134-5a67-4562-bb40-e54cb25fe1f1/datanode-2/data/ratis/d592b3a1-91cf-4e94-a52d-b0d874b032bf has been successfully formatted.
2019-09-24 18:11:23,767 [pool-52-thread-1] INFO  ratis.ContainerStateMachine (ContainerStateMachine.java:loadSnapshot(230)) - group-B0D874B032BF: The snapshot info is null. Setting the last applied indexto:(t:0, i:~)
2019-09-24 18:11:23,767 [pool-52-thread-1] INFO  server.RaftServerConfigKeys (ConfUtils.java:logGet(43)) - raft.server.notification.no-leader.timeout = 120s (custom)
2019-09-24 18:11:23,768 [pool-52-thread-1] INFO  server.RaftServerConfigKeys (ConfUtils.java:logGet(43)) - raft.server.log.use.memory = false (default)
2019-09-24 18:11:23,768 [pool-52-thread-1] INFO  server.RaftServerConfigKeys (ConfUtils.java:logGet(43)) - raft.server.log.purge.gap = 1000000 (custom)
2019-09-24 18:11:23,768 [pool-52-thread-1] INFO  server.RaftServerConfigKeys (ConfUtils.java:logGet(43)) - raft.server.log.appender.buffer.byte-limit = 33554432 (custom)
2019-09-24 18:11:23,768 [pool-52-thread-1] INFO  server.RaftServerConfigKeys (ConfUtils.java:logGet(43)) - raft.server.log.segment.size.max = 1048576 (custom)
2019-09-24 18:11:23,768 [pool-52-thread-1] INFO  server.RaftServerConfigKeys (ConfUtils.java:logGet(43)) - raft.server.log.segment.cache.num.max = 2 (custom)
2019-09-24 18:11:23,769 [pool-52-thread-1] INFO  segmented.SegmentedRaftLogWorker (SegmentedRaftLogWorker.java:<init>(172)) - new 74676e76-599c-4b85-957c-ba96e045280e@group-B0D874B032BF-SegmentedRaftLogWorker for RaftStorage:Storage Directory /workdir/hadoop-ozone/integration-test/target/test-dir/MiniOzoneClusterImpl-42bba134-5a67-4562-bb40-e54cb25fe1f1/datanode-2/data/ratis/d592b3a1-91cf-4e94-a52d-b0d874b032bf
2019-09-24 18:11:23,774 [pool-52-thread-1] INFO  server.RaftServerConfigKeys (ConfUtils.java:logGet(43)) - raft.server.log.queue.byte-limit = 2147483647 (custom)
2019-09-24 18:11:23,774 [pool-52-thread-1] INFO  server.RaftServerConfigKeys (ConfUtils.java:logGet(43)) - raft.server.log.queue.element-limit = 1024 (custom)
2019-09-24 18:11:23,774 [pool-52-thread-1] INFO  server.RaftServerConfigKeys (ConfUtils.java:logGet(43)) - raft.server.log.segment.size.max = 1048576 (custom)
2019-09-24 18:11:23,774 [pool-52-thread-1] INFO  server.RaftServerConfigKeys (ConfUtils.java:logGet(43)) - raft.server.log.preallocated.size = 16384 (custom)
2019-09-24 18:11:23,775 [pool-52-thread-1] INFO  server.RaftServerConfigKeys (ConfUtils.java:logGet(43)) - raft.server.log.write.buffer.size = 33554432 (custom)
2019-09-24 18:11:23,775 [pool-52-thread-1] INFO  server.RaftServerConfigKeys (ConfUtils.java:logGet(43)) - raft.server.log.force.sync.num = 128 (default)
2019-09-24 18:11:23,775 [pool-52-thread-1] INFO  server.RaftServerConfigKeys (ConfUtils.java:logGet(43)) - raft.server.log.statemachine.data.sync = true (default)
2019-09-24 18:11:23,775 [pool-52-thread-1] INFO  server.RaftServerConfigKeys (ConfUtils.java:logGet(43)) - raft.server.log.statemachine.data.sync.timeout = 10s (default)
2019-09-24 18:11:23,776 [pool-52-thread-1] INFO  server.RaftServerConfigKeys (ConfUtils.java:logGet(43)) - raft.server.log.statemachine.data.sync.timeout.retry = -1 (default)
2019-09-24 18:11:23,776 [pool-52-thread-1] INFO  server.RaftServerConfigKeys (ConfUtils.java:logGet(43)) - raft.server.log.statemachine.data.caching.enabled = true (custom)
2019-09-24 18:11:23,777 [pool-52-thread-1] INFO  segmented.SegmentedRaftLogWorker (SegmentedRaftLogWorker.java:lambda$new$0(132)) - 74676e76-599c-4b85-957c-ba96e045280e@group-B0D874B032BF-SegmentedRaftLogWorker: flushIndex: setUnconditionally 0 -> -1
2019-09-24 18:11:23,777 [pool-52-thread-1] INFO  server.RaftServerConfigKeys (ConfUtils.java:logGet(43)) - raft.server.snapshot.auto.trigger.enabled = true (custom)
2019-09-24 18:11:23,777 [pool-52-thread-1] INFO  server.RaftServerConfigKeys (ConfUtils.java:logGet(43)) - raft.server.snapshot.auto.trigger.threshold = 10000 (custom)
2019-09-24 18:11:23,778 [pool-52-thread-1] INFO  server.RaftServerConfigKeys (ConfUtils.java:logGet(43)) - raft.server.snapshot.retention.num.files = 5 (custom)
2019-09-24 18:11:23,778 [pool-52-thread-1] INFO  server.RaftServerConfigKeys (ConfUtils.java:logGet(43)) - raft.server.retrycache.expirytime = 600000ms (custom)
2019-09-24 18:11:23,782 [pool-52-thread-1] INFO  impl.RaftServerImpl (RaftServerImpl.java:start(185)) - 74676e76-599c-4b85-957c-ba96e045280e@group-B0D874B032BF: start as a follower, conf=-1: [74676e76-599c-4b85-957c-ba96e045280e:192.168.5.148:39518], old=null
2019-09-24 18:11:23,782 [pool-52-thread-1] INFO  impl.RaftServerImpl (RaftServerImpl.java:setRole(174)) - 74676e76-599c-4b85-957c-ba96e045280e@group-B0D874B032BF: changes role from      null to FOLLOWER at term 0 for startAsFollower
2019-09-24 18:11:23,783 [pool-52-thread-1] INFO  impl.RoleInfo (RoleInfo.java:updateAndGet(143)) - 74676e76-599c-4b85-957c-ba96e045280e: start FollowerState
2019-09-24 18:11:23,783 [pool-52-thread-1] INFO  util.JmxRegister (JmxRegister.java:tryRegister(44)) - Successfully registered JMX Bean with object name Ratis:service=RaftServer,group=group-B0D874B032BF,id=74676e76-599c-4b85-957c-ba96e045280e
2019-09-24 18:11:23,794 [RatisPipelineUtilsThread] INFO  pipeline.PipelineStateManager (PipelineStateManager.java:addPipeline(56)) - Created pipeline Pipeline[ Id: d592b3a1-91cf-4e94-a52d-b0d874b032bf, Nodes: 74676e76-599c-4b85-957c-ba96e045280e{ip: 192.168.5.148, host: pr-hdds-2149-fgl4f-1742389470, networkLocation: /rack1, certSerialId: null}, Type:RATIS, Factor:ONE, State:OPEN]
2019-09-24 18:11:23,829 [grpc-default-executor-1] INFO  impl.RaftServerProxy (RaftServerProxy.java:addNew(89)) - 2c7c9e22-26ed-4416-8ebe-07cbe3ead7bd: addNew group-F0FF8E4ABA79:[165cd824-9508-47b7-9a26-a1da7d8cc554:192.168.5.148:41649, 74676e76-599c-4b85-957c-ba96e045280e:192.168.5.148:39518, 2c7c9e22-26ed-4416-8ebe-07cbe3ead7bd:192.168.5.148:40900] returns group-F0FF8E4ABA79:java.util.concurrent.CompletableFuture@6f12ce08[Not completed]
2019-09-24 18:11:23,830 [grpc-default-executor-2] INFO  impl.RaftServerProxy (RaftServerProxy.java:addNew(89)) - 165cd824-9508-47b7-9a26-a1da7d8cc554: addNew group-F0FF8E4ABA79:[165cd824-9508-47b7-9a26-a1da7d8cc554:192.168.5.148:41649, 74676e76-599c-4b85-957c-ba96e045280e:192.168.5.148:39518, 2c7c9e22-26ed-4416-8ebe-07cbe3ead7bd:192.168.5.148:40900] returns group-F0FF8E4ABA79:java.util.concurrent.CompletableFuture@111ccdd6[Not completed]
2019-09-24 18:11:23,837 [pool-42-thread-1] INFO  impl.RaftServerImpl (RaftServerImpl.java:<init>(95)) - 2c7c9e22-26ed-4416-8ebe-07cbe3ead7bd: new RaftServerImpl for group-F0FF8E4ABA79:[165cd824-9508-47b7-9a26-a1da7d8cc554:192.168.5.148:41649, 74676e76-599c-4b85-957c-ba96e045280e:192.168.5.148:39518, 2c7c9e22-26ed-4416-8ebe-07cbe3ead7bd:192.168.5.148:40900] with ContainerStateMachine:uninitialized
2019-09-24 18:11:23,838 [pool-42-thread-1] INFO  server.RaftServerConfigKeys (ConfUtils.java:logGet(43)) - raft.server.rpc.timeout.min = 5s (custom)
2019-09-24 18:11:23,838 [pool-42-thread-1] INFO  server.RaftServerConfigKeys (ConfUtils.java:logGet(43)) - raft.server.rpc.timeout.max = 5200ms (custom)
2019-09-24 18:11:23,838 [pool-42-thread-1] INFO  server.RaftServerConfigKeys (ConfUtils.java:logGet(43)) - raft.server.rpcslowness.timeout = 120s (custom)
2019-09-24 18:11:23,838 [pool-42-thread-1] INFO  server.RaftServerConfigKeys (ConfUtils.java:logGet(43)) - raft.server.sleep.deviation.threshold = 300 (default)
2019-09-24 18:11:23,838 [grpc-default-executor-2] INFO  impl.RaftServerProxy (RaftServerProxy.java:addNew(89)) - 74676e76-599c-4b85-957c-ba96e045280e: addNew group-F0FF8E4ABA79:[165cd824-9508-47b7-9a26-a1da7d8cc554:192.168.5.148:41649, 74676e76-599c-4b85-957c-ba96e045280e:192.168.5.148:39518, 2c7c9e22-26ed-4416-8ebe-07cbe3ead7bd:192.168.5.148:40900] returns group-F0FF8E4ABA79:java.util.concurrent.CompletableFuture@541e5191[Not completed]
2019-09-24 18:11:23,839 [pool-42-thread-1] INFO  server.RaftServerConfigKeys (ConfUtils.java:logGet(43)) - raft.server.log.appender.install.snapshot.enabled = false (custom)
2019-09-24 18:11:23,839 [pool-42-thread-1] INFO  impl.RaftServerImpl (ServerState.java:<init>(103)) - 2c7c9e22-26ed-4416-8ebe-07cbe3ead7bd@group-F0FF8E4ABA79: ConfigurationManager, init=-1: [165cd824-9508-47b7-9a26-a1da7d8cc554:192.168.5.148:41649, 74676e76-599c-4b85-957c-ba96e045280e:192.168.5.148:39518, 2c7c9e22-26ed-4416-8ebe-07cbe3ead7bd:192.168.5.148:40900], old=null, confs=<EMPTY_MAP>
2019-09-24 18:11:23,839 [pool-42-thread-1] INFO  server.RaftServerConfigKeys (ConfUtils.java:logGet(43)) - raft.server.storage.dir = [/workdir/hadoop-ozone/integration-test/target/test-dir/MiniOzoneClusterImpl-42bba134-5a67-4562-bb40-e54cb25fe1f1/datanode-1/data/ratis] (custom)
2019-09-24 18:11:23,839 [pool-62-thread-1] INFO  impl.RaftServerImpl (RaftServerImpl.java:<init>(95)) - 165cd824-9508-47b7-9a26-a1da7d8cc554: new RaftServerImpl for group-F0FF8E4ABA79:[165cd824-9508-47b7-9a26-a1da7d8cc554:192.168.5.148:41649, 74676e76-599c-4b85-957c-ba96e045280e:192.168.5.148:39518, 2c7c9e22-26ed-4416-8ebe-07cbe3ead7bd:192.168.5.148:40900] with ContainerStateMachine:uninitialized
2019-09-24 18:11:23,840 [pool-42-thread-1] INFO  storage.RaftStorageDirectory (RaftStorageDirectory.java:analyzeStorage(246)) - The storage directory /workdir/hadoop-ozone/integration-test/target/test-dir/MiniOzoneClusterImpl-42bba134-5a67-4562-bb40-e54cb25fe1f1/datanode-1/data/ratis/dd3f463f-c946-4d8f-b848-f0ff8e4aba79 does not exist. Creating ...
2019-09-24 18:11:23,840 [pool-62-thread-1] INFO  server.RaftServerConfigKeys (ConfUtils.java:logGet(43)) - raft.server.rpc.timeout.min = 5s (custom)
2019-09-24 18:11:23,840 [pool-62-thread-1] INFO  server.RaftServerConfigKeys (ConfUtils.java:logGet(43)) - raft.server.rpc.timeout.max = 5200ms (custom)
2019-09-24 18:11:23,840 [pool-52-thread-1] INFO  impl.RaftServerImpl (RaftServerImpl.java:<init>(95)) - 74676e76-599c-4b85-957c-ba96e045280e: new RaftServerImpl for group-F0FF8E4ABA79:[165cd824-9508-47b7-9a26-a1da7d8cc554:192.168.5.148:41649, 74676e76-599c-4b85-957c-ba96e045280e:192.168.5.148:39518, 2c7c9e22-26ed-4416-8ebe-07cbe3ead7bd:192.168.5.148:40900] with ContainerStateMachine:uninitialized
2019-09-24 18:11:23,841 [pool-62-thread-1] INFO  server.RaftServerConfigKeys (ConfUtils.java:logGet(43)) - raft.server.rpcslowness.timeout = 120s (custom)
2019-09-24 18:11:23,841 [pool-52-thread-1] INFO  server.RaftServerConfigKeys (ConfUtils.java:logGet(43)) - raft.server.rpc.timeout.min = 5s (custom)
2019-09-24 18:11:23,841 [pool-62-thread-1] INFO  server.RaftServerConfigKeys (ConfUtils.java:logGet(43)) - raft.server.sleep.deviation.threshold = 300 (default)
2019-09-24 18:11:23,841 [pool-52-thread-1] INFO  server.RaftServerConfigKeys (ConfUtils.java:logGet(43)) - raft.server.rpc.timeout.max = 5200ms (custom)
2019-09-24 18:11:23,841 [pool-62-thread-1] INFO  server.RaftServerConfigKeys (ConfUtils.java:logGet(43)) - raft.server.log.appender.install.snapshot.enabled = false (custom)
2019-09-24 18:11:23,841 [pool-52-thread-1] INFO  server.RaftServerConfigKeys (ConfUtils.java:logGet(43)) - raft.server.rpcslowness.timeout = 120s (custom)
2019-09-24 18:11:23,842 [pool-62-thread-1] INFO  impl.RaftServerImpl (ServerState.java:<init>(103)) - 165cd824-9508-47b7-9a26-a1da7d8cc554@group-F0FF8E4ABA79: ConfigurationManager, init=-1: [165cd824-9508-47b7-9a26-a1da7d8cc554:192.168.5.148:41649, 74676e76-599c-4b85-957c-ba96e045280e:192.168.5.148:39518, 2c7c9e22-26ed-4416-8ebe-07cbe3ead7bd:192.168.5.148:40900], old=null, confs=<EMPTY_MAP>
2019-09-24 18:11:23,842 [pool-52-thread-1] INFO  server.RaftServerConfigKeys (ConfUtils.java:logGet(43)) - raft.server.sleep.deviation.threshold = 300 (default)
2019-09-24 18:11:23,842 [pool-62-thread-1] INFO  server.RaftServerConfigKeys (ConfUtils.java:logGet(43)) - raft.server.storage.dir = [/workdir/hadoop-ozone/integration-test/target/test-dir/MiniOzoneClusterImpl-42bba134-5a67-4562-bb40-e54cb25fe1f1/datanode-3/data/ratis] (custom)
2019-09-24 18:11:23,842 [pool-52-thread-1] INFO  server.RaftServerConfigKeys (ConfUtils.java:logGet(43)) - raft.server.log.appender.install.snapshot.enabled = false (custom)
2019-09-24 18:11:23,842 [pool-52-thread-1] INFO  impl.RaftServerImpl (ServerState.java:<init>(103)) - 74676e76-599c-4b85-957c-ba96e045280e@group-F0FF8E4ABA79: ConfigurationManager, init=-1: [165cd824-9508-47b7-9a26-a1da7d8cc554:192.168.5.148:41649, 74676e76-599c-4b85-957c-ba96e045280e:192.168.5.148:39518, 2c7c9e22-26ed-4416-8ebe-07cbe3ead7bd:192.168.5.148:40900], old=null, confs=<EMPTY_MAP>
2019-09-24 18:11:23,842 [pool-62-thread-1] INFO  storage.RaftStorageDirectory (RaftStorageDirectory.java:analyzeStorage(246)) - The storage directory /workdir/hadoop-ozone/integration-test/target/test-dir/MiniOzoneClusterImpl-42bba134-5a67-4562-bb40-e54cb25fe1f1/datanode-3/data/ratis/dd3f463f-c946-4d8f-b848-f0ff8e4aba79 does not exist. Creating ...
2019-09-24 18:11:23,843 [pool-52-thread-1] INFO  server.RaftServerConfigKeys (ConfUtils.java:logGet(43)) - raft.server.storage.dir = [/workdir/hadoop-ozone/integration-test/target/test-dir/MiniOzoneClusterImpl-42bba134-5a67-4562-bb40-e54cb25fe1f1/datanode-2/data/ratis] (custom)
2019-09-24 18:11:23,843 [pool-52-thread-1] INFO  storage.RaftStorageDirectory (RaftStorageDirectory.java:analyzeStorage(246)) - The storage directory /workdir/hadoop-ozone/integration-test/target/test-dir/MiniOzoneClusterImpl-42bba134-5a67-4562-bb40-e54cb25fe1f1/datanode-2/data/ratis/dd3f463f-c946-4d8f-b848-f0ff8e4aba79 does not exist. Creating ...
2019-09-24 18:11:24,277 [Thread-214] INFO  rpc.RpcClient (RpcClient.java:createVolume(276)) - Creating Volume: 788a272b-3b17-49e5-8f34-43d26835e8e8, with jenkins1000 as owner.
2019-09-24 18:11:25,474 [Thread-198] INFO  container.ReplicationManager (ReplicationManager.java:start(162)) - Starting Replication Monitor Thread.
2019-09-24 18:11:25,476 [ReplicationMonitor] INFO  container.ReplicationManager (ReplicationManager.java:run(225)) - Replication Monitor Thread took 1 milliseconds for processing 0 containers.
2019-09-24 18:11:26,816 [RATISCREATEPIPELINE3] ERROR pipeline.RatisPipelineProvider (RatisPipelineProvider.java:lambda$null$5(235)) - Failed invoke Ratis rpc org.apache.hadoop.hdds.scm.pipeline.RatisPipelineProvider$$Lambda$303/588068655@71745619 for 74676e76-599c-4b85-957c-ba96e045280e
org.apache.ratis.protocol.TimeoutIOException: deadline exceeded after 2997553925ns
	at org.apache.ratis.grpc.GrpcUtil.tryUnwrapException(GrpcUtil.java:82)
	at org.apache.ratis.grpc.GrpcUtil.unwrapException(GrpcUtil.java:75)
	at org.apache.ratis.grpc.client.GrpcClientProtocolClient.blockingCall(GrpcClientProtocolClient.java:178)
	at org.apache.ratis.grpc.client.GrpcClientProtocolClient.groupAdd(GrpcClientProtocolClient.java:147)
	at org.apache.ratis.grpc.client.GrpcClientRpc.sendRequest(GrpcClientRpc.java:94)
	at org.apache.ratis.client.impl.RaftClientImpl.sendRequest(RaftClientImpl.java:278)
	at org.apache.ratis.client.impl.RaftClientImpl.groupAdd(RaftClientImpl.java:205)
	at org.apache.hadoop.hdds.scm.pipeline.RatisPipelineProvider.lambda$initializePipeline$4(RatisPipelineProvider.java:196)
	at org.apache.hadoop.hdds.scm.pipeline.RatisPipelineProvider.lambda$null$5(RatisPipelineProvider.java:231)
	at java.util.stream.ForEachOps$ForEachOp$OfRef.accept(ForEachOps.java:184)
	at java.util.ArrayList$ArrayListSpliterator.forEachRemaining(ArrayList.java:1382)
	at java.util.stream.AbstractPipeline.copyInto(AbstractPipeline.java:482)
	at java.util.stream.ForEachOps$ForEachTask.compute(ForEachOps.java:291)
	at java.util.concurrent.CountedCompleter.exec(CountedCompleter.java:731)
	at java.util.concurrent.ForkJoinTask.doExec(ForkJoinTask.java:289)
	at java.util.concurrent.ForkJoinPool$WorkQueue.runTask(ForkJoinPool.java:1056)
	at java.util.concurrent.ForkJoinPool.runWorker(ForkJoinPool.java:1692)
	at java.util.concurrent.ForkJoinWorkerThread.run(ForkJoinWorkerThread.java:157)
Caused by: org.apache.ratis.thirdparty.io.grpc.StatusRuntimeException: DEADLINE_EXCEEDED: deadline exceeded after 2997553925ns
	at org.apache.ratis.thirdparty.io.grpc.stub.ClientCalls.toStatusRuntimeException(ClientCalls.java:233)
	at org.apache.ratis.thirdparty.io.grpc.stub.ClientCalls.getUnchecked(ClientCalls.java:214)
	at org.apache.ratis.thirdparty.io.grpc.stub.ClientCalls.blockingUnaryCall(ClientCalls.java:139)
	at org.apache.ratis.proto.grpc.AdminProtocolServiceGrpc$AdminProtocolServiceBlockingStub.groupManagement(AdminProtocolServiceGrpc.java:274)
	at org.apache.ratis.grpc.client.GrpcClientProtocolClient.lambda$groupAdd$3(GrpcClientProtocolClient.java:149)
	at org.apache.ratis.grpc.client.GrpcClientProtocolClient.blockingCall(GrpcClientProtocolClient.java:176)
	... 15 more
2019-09-24 18:11:26,816 [RATISCREATEPIPELINE2] ERROR pipeline.RatisPipelineProvider (RatisPipelineProvider.java:lambda$null$5(235)) - Failed invoke Ratis rpc org.apache.hadoop.hdds.scm.pipeline.RatisPipelineProvider$$Lambda$303/588068655@71745619 for 165cd824-9508-47b7-9a26-a1da7d8cc554
org.apache.ratis.protocol.TimeoutIOException: deadline exceeded after 2998499910ns
	at org.apache.ratis.grpc.GrpcUtil.tryUnwrapException(GrpcUtil.java:82)
	at org.apache.ratis.grpc.GrpcUtil.unwrapException(GrpcUtil.java:75)
	at org.apache.ratis.grpc.client.GrpcClientProtocolClient.blockingCall(GrpcClientProtocolClient.java:178)
	at org.apache.ratis.grpc.client.GrpcClientProtocolClient.groupAdd(GrpcClientProtocolClient.java:147)
	at org.apache.ratis.grpc.client.GrpcClientRpc.sendRequest(GrpcClientRpc.java:94)
	at org.apache.ratis.client.impl.RaftClientImpl.sendRequest(RaftClientImpl.java:278)
	at org.apache.ratis.client.impl.RaftClientImpl.groupAdd(RaftClientImpl.java:205)
	at org.apache.hadoop.hdds.scm.pipeline.RatisPipelineProvider.lambda$initializePipeline$4(RatisPipelineProvider.java:196)
	at org.apache.hadoop.hdds.scm.pipeline.RatisPipelineProvider.lambda$null$5(RatisPipelineProvider.java:231)
	at java.util.stream.ForEachOps$ForEachOp$OfRef.accept(ForEachOps.java:184)
	at java.util.ArrayList$ArrayListSpliterator.forEachRemaining(ArrayList.java:1382)
	at java.util.stream.AbstractPipeline.copyInto(AbstractPipeline.java:482)
	at java.util.stream.ForEachOps$ForEachTask.compute(ForEachOps.java:291)
	at java.util.concurrent.CountedCompleter.exec(CountedCompleter.java:731)
	at java.util.concurrent.ForkJoinTask.doExec(ForkJoinTask.java:289)
	at java.util.concurrent.ForkJoinPool$WorkQueue.runTask(ForkJoinPool.java:1056)
	at java.util.concurrent.ForkJoinPool.runWorker(ForkJoinPool.java:1692)
	at java.util.concurrent.ForkJoinWorkerThread.run(ForkJoinWorkerThread.java:157)
Caused by: org.apache.ratis.thirdparty.io.grpc.StatusRuntimeException: DEADLINE_EXCEEDED: deadline exceeded after 2998499910ns
	at org.apache.ratis.thirdparty.io.grpc.stub.ClientCalls.toStatusRuntimeException(ClientCalls.java:233)
	at org.apache.ratis.thirdparty.io.grpc.stub.ClientCalls.getUnchecked(ClientCalls.java:214)
	at org.apache.ratis.thirdparty.io.grpc.stub.ClientCalls.blockingUnaryCall(ClientCalls.java:139)
	at org.apache.ratis.proto.grpc.AdminProtocolServiceGrpc$AdminProtocolServiceBlockingStub.groupManagement(AdminProtocolServiceGrpc.java:274)
	at org.apache.ratis.grpc.client.GrpcClientProtocolClient.lambda$groupAdd$3(GrpcClientProtocolClient.java:149)
	at org.apache.ratis.grpc.client.GrpcClientProtocolClient.blockingCall(GrpcClientProtocolClient.java:176)
	... 15 more
2019-09-24 18:11:26,816 [RATISCREATEPIPELINE1] ERROR pipeline.RatisPipelineProvider (RatisPipelineProvider.java:lambda$null$5(235)) - Failed invoke Ratis rpc org.apache.hadoop.hdds.scm.pipeline.RatisPipelineProvider$$Lambda$303/588068655@71745619 for 2c7c9e22-26ed-4416-8ebe-07cbe3ead7bd
org.apache.ratis.protocol.TimeoutIOException: deadline exceeded after 2998909865ns
	at org.apache.ratis.grpc.GrpcUtil.tryUnwrapException(GrpcUtil.java:82)
	at org.apache.ratis.grpc.GrpcUtil.unwrapException(GrpcUtil.java:75)
	at org.apache.ratis.grpc.client.GrpcClientProtocolClient.blockingCall(GrpcClientProtocolClient.java:178)
	at org.apache.ratis.grpc.client.GrpcClientProtocolClient.groupAdd(GrpcClientProtocolClient.java:147)
	at org.apache.ratis.grpc.client.GrpcClientRpc.sendRequest(GrpcClientRpc.java:94)
	at org.apache.ratis.client.impl.RaftClientImpl.sendRequest(RaftClientImpl.java:278)
	at org.apache.ratis.client.impl.RaftClientImpl.groupAdd(RaftClientImpl.java:205)
	at org.apache.hadoop.hdds.scm.pipeline.RatisPipelineProvider.lambda$initializePipeline$4(RatisPipelineProvider.java:196)
	at org.apache.hadoop.hdds.scm.pipeline.RatisPipelineProvider.lambda$null$5(RatisPipelineProvider.java:231)
	at java.util.stream.ForEachOps$ForEachOp$OfRef.accept(ForEachOps.java:184)
	at java.util.ArrayList$ArrayListSpliterator.forEachRemaining(ArrayList.java:1382)
	at java.util.stream.AbstractPipeline.copyInto(AbstractPipeline.java:482)
	at java.util.stream.ForEachOps$ForEachTask.compute(ForEachOps.java:291)
	at java.util.concurrent.CountedCompleter.exec(CountedCompleter.java:731)
	at java.util.concurrent.ForkJoinTask.doExec(ForkJoinTask.java:289)
	at java.util.concurrent.ForkJoinTask.doInvoke(ForkJoinTask.java:401)
	at java.util.concurrent.ForkJoinTask.invoke(ForkJoinTask.java:734)
	at java.util.stream.ForEachOps$ForEachOp.evaluateParallel(ForEachOps.java:160)
	at java.util.stream.ForEachOps$ForEachOp$OfRef.evaluateParallel(ForEachOps.java:174)
	at java.util.stream.AbstractPipeline.evaluate(AbstractPipeline.java:233)
	at java.util.stream.ReferencePipeline.forEach(ReferencePipeline.java:418)
	at java.util.stream.ReferencePipeline$Head.forEach(ReferencePipeline.java:583)
	at org.apache.hadoop.hdds.scm.pipeline.RatisPipelineProvider.lambda$callRatisRpc$6(RatisPipelineProvider.java:225)
	at java.util.concurrent.ForkJoinTask$AdaptedRunnableAction.exec(ForkJoinTask.java:1386)
	at java.util.concurrent.ForkJoinTask.doExec(ForkJoinTask.java:289)
	at java.util.concurrent.ForkJoinPool$WorkQueue.runTask(ForkJoinPool.java:1056)
	at java.util.concurrent.ForkJoinPool.runWorker(ForkJoinPool.java:1692)
	at java.util.concurrent.ForkJoinWorkerThread.run(ForkJoinWorkerThread.java:157)
Caused by: org.apache.ratis.thirdparty.io.grpc.StatusRuntimeException: DEADLINE_EXCEEDED: deadline exceeded after 2998909865ns
	at org.apache.ratis.thirdparty.io.grpc.stub.ClientCalls.toStatusRuntimeException(ClientCalls.java:233)
	at org.apache.ratis.thirdparty.io.grpc.stub.ClientCalls.getUnchecked(ClientCalls.java:214)
	at org.apache.ratis.thirdparty.io.grpc.stub.ClientCalls.blockingUnaryCall(ClientCalls.java:139)
	at org.apache.ratis.proto.grpc.AdminProtocolServiceGrpc$AdminProtocolServiceBlockingStub.groupManagement(AdminProtocolServiceGrpc.java:274)
	at org.apache.ratis.grpc.client.GrpcClientProtocolClient.lambda$groupAdd$3(GrpcClientProtocolClient.java:149)
	at org.apache.ratis.grpc.client.GrpcClientProtocolClient.blockingCall(GrpcClientProtocolClient.java:176)
	... 25 more
2019-09-24 18:11:26,846 [grpc-default-executor-0] INFO  impl.RaftServerProxy (RaftServerProxy.java:addNew(89)) - 165cd824-9508-47b7-9a26-a1da7d8cc554: addNew group-FE99038DF347:[165cd824-9508-47b7-9a26-a1da7d8cc554:192.168.5.148:41649, 74676e76-599c-4b85-957c-ba96e045280e:192.168.5.148:39518, 2c7c9e22-26ed-4416-8ebe-07cbe3ead7bd:192.168.5.148:40900] returns group-FE99038DF347:java.util.concurrent.CompletableFuture@76e12fee[Not completed]
2019-09-24 18:11:26,849 [grpc-default-executor-0] INFO  impl.RaftServerProxy (RaftServerProxy.java:addNew(89)) - 2c7c9e22-26ed-4416-8ebe-07cbe3ead7bd: addNew group-FE99038DF347:[165cd824-9508-47b7-9a26-a1da7d8cc554:192.168.5.148:41649, 74676e76-599c-4b85-957c-ba96e045280e:192.168.5.148:39518, 2c7c9e22-26ed-4416-8ebe-07cbe3ead7bd:192.168.5.148:40900] returns group-FE99038DF347:java.util.concurrent.CompletableFuture@118068ae[Not completed]
2019-09-24 18:11:26,849 [grpc-default-executor-3] INFO  impl.RaftServerProxy (RaftServerProxy.java:addNew(89)) - 74676e76-599c-4b85-957c-ba96e045280e: addNew group-FE99038DF347:[165cd824-9508-47b7-9a26-a1da7d8cc554:192.168.5.148:41649, 74676e76-599c-4b85-957c-ba96e045280e:192.168.5.148:39518, 2c7c9e22-26ed-4416-8ebe-07cbe3ead7bd:192.168.5.148:40900] returns group-FE99038DF347:java.util.concurrent.CompletableFuture@212a41ef[Not completed]
2019-09-24 18:11:28,048 [Thread-200] INFO  impl.FollowerState (FollowerState.java:run(106)) - cf5a2f80-f9d1-40e9-9eac-0ab293491c69:group-D330A8C45B4A changes to CANDIDATE, lastRpcTime:5009, electionTimeout:5009ms
2019-09-24 18:11:28,050 [Thread-200] INFO  impl.RoleInfo (RoleInfo.java:shutdownFollowerState(121)) - cf5a2f80-f9d1-40e9-9eac-0ab293491c69: shutdown FollowerState
2019-09-24 18:11:28,050 [Thread-200] INFO  impl.RaftServerImpl (RaftServerImpl.java:setRole(174)) - cf5a2f80-f9d1-40e9-9eac-0ab293491c69@group-D330A8C45B4A: changes role from  FOLLOWER to CANDIDATE at term 0 for changeToCandidate
2019-09-24 18:11:28,050 [Thread-200] INFO  impl.RoleInfo (RoleInfo.java:updateAndGet(143)) - cf5a2f80-f9d1-40e9-9eac-0ab293491c69: start LeaderElection
2019-09-24 18:11:28,605 [Thread-203] INFO  impl.FollowerState (FollowerState.java:run(106)) - 165cd824-9508-47b7-9a26-a1da7d8cc554:group-208AEA19E382 changes to CANDIDATE, lastRpcTime:5156, electionTimeout:5156ms
2019-09-24 18:11:28,605 [Thread-203] INFO  impl.RoleInfo (RoleInfo.java:shutdownFollowerState(121)) - 165cd824-9508-47b7-9a26-a1da7d8cc554: shutdown FollowerState
2019-09-24 18:11:28,606 [Thread-203] INFO  impl.RaftServerImpl (RaftServerImpl.java:setRole(174)) - 165cd824-9508-47b7-9a26-a1da7d8cc554@group-208AEA19E382: changes role from  FOLLOWER to CANDIDATE at term 0 for changeToCandidate
2019-09-24 18:11:28,606 [Thread-203] INFO  impl.RoleInfo (RoleInfo.java:updateAndGet(143)) - 165cd824-9508-47b7-9a26-a1da7d8cc554: start LeaderElection
2019-09-24 18:11:28,664 [Thread-206] INFO  impl.FollowerState (FollowerState.java:run(106)) - 2c7c9e22-26ed-4416-8ebe-07cbe3ead7bd:group-48AF6D67CAE4 changes to CANDIDATE, lastRpcTime:5130, electionTimeout:5127ms
2019-09-24 18:11:28,665 [Thread-206] INFO  impl.RoleInfo (RoleInfo.java:shutdownFollowerState(121)) - 2c7c9e22-26ed-4416-8ebe-07cbe3ead7bd: shutdown FollowerState
2019-09-24 18:11:28,665 [Thread-206] INFO  impl.RaftServerImpl (RaftServerImpl.java:setRole(174)) - 2c7c9e22-26ed-4416-8ebe-07cbe3ead7bd@group-48AF6D67CAE4: changes role from  FOLLOWER to CANDIDATE at term 0 for changeToCandidate
2019-09-24 18:11:28,665 [Thread-206] INFO  impl.RoleInfo (RoleInfo.java:updateAndGet(143)) - 2c7c9e22-26ed-4416-8ebe-07cbe3ead7bd: start LeaderElection
2019-09-24 18:11:28,795 [Thread-209] INFO  impl.FollowerState (FollowerState.java:run(106)) - 74676e76-599c-4b85-957c-ba96e045280e:group-B0D874B032BF changes to CANDIDATE, lastRpcTime:5012, electionTimeout:5012ms
2019-09-24 18:11:28,796 [Thread-209] INFO  impl.RoleInfo (RoleInfo.java:shutdownFollowerState(121)) - 74676e76-599c-4b85-957c-ba96e045280e: shutdown FollowerState
2019-09-24 18:11:28,796 [Thread-209] INFO  impl.RaftServerImpl (RaftServerImpl.java:setRole(174)) - 74676e76-599c-4b85-957c-ba96e045280e@group-B0D874B032BF: changes role from  FOLLOWER to CANDIDATE at term 0 for changeToCandidate
2019-09-24 18:11:28,796 [Thread-209] INFO  impl.RoleInfo (RoleInfo.java:updateAndGet(143)) - 74676e76-599c-4b85-957c-ba96e045280e: start LeaderElection
2019-09-24 18:11:28,990 [pool-42-thread-1] INFO  storage.RaftStorageDirectory (RaftStorageDirectory.java:tryLock(328)) - Lock on /workdir/hadoop-ozone/integration-test/target/test-dir/MiniOzoneClusterImpl-42bba134-5a67-4562-bb40-e54cb25fe1f1/datanode-1/data/ratis/dd3f463f-c946-4d8f-b848-f0ff8e4aba79/in_use.lock acquired by nodename 10715@pr-hdds-2149-fgl4f-1742389470
2019-09-24 18:11:28,990 [pool-62-thread-1] INFO  storage.RaftStorageDirectory (RaftStorageDirectory.java:tryLock(328)) - Lock on /workdir/hadoop-ozone/integration-test/target/test-dir/MiniOzoneClusterImpl-42bba134-5a67-4562-bb40-e54cb25fe1f1/datanode-3/data/ratis/dd3f463f-c946-4d8f-b848-f0ff8e4aba79/in_use.lock acquired by nodename 10715@pr-hdds-2149-fgl4f-1742389470
2019-09-24 18:11:28,990 [pool-52-thread-1] INFO  storage.RaftStorageDirectory (RaftStorageDirectory.java:tryLock(328)) - Lock on /workdir/hadoop-ozone/integration-test/target/test-dir/MiniOzoneClusterImpl-42bba134-5a67-4562-bb40-e54cb25fe1f1/datanode-2/data/ratis/dd3f463f-c946-4d8f-b848-f0ff8e4aba79/in_use.lock acquired by nodename 10715@pr-hdds-2149-fgl4f-1742389470
2019-09-24 18:11:28,992 [cf5a2f80-f9d1-40e9-9eac-0ab293491c69@group-D330A8C45B4A:LeaderElection2] INFO  impl.LeaderElection (LeaderElection.java:askForVotes(182)) - cf5a2f80-f9d1-40e9-9eac-0ab293491c69@group-D330A8C45B4A:LeaderElection2: begin an election at term 1 for -1: [cf5a2f80-f9d1-40e9-9eac-0ab293491c69:192.168.5.148:39235], old=null
2019-09-24 18:11:28,992 [74676e76-599c-4b85-957c-ba96e045280e@group-B0D874B032BF:LeaderElection5] INFO  impl.LeaderElection (LeaderElection.java:askForVotes(182)) - 74676e76-599c-4b85-957c-ba96e045280e@group-B0D874B032BF:LeaderElection5: begin an election at term 1 for -1: [74676e76-599c-4b85-957c-ba96e045280e:192.168.5.148:39518], old=null
2019-09-24 18:11:29,000 [cf5a2f80-f9d1-40e9-9eac-0ab293491c69@group-D330A8C45B4A:LeaderElection2] INFO  impl.RoleInfo (RoleInfo.java:shutdownLeaderElection(134)) - cf5a2f80-f9d1-40e9-9eac-0ab293491c69: shutdown LeaderElection
2019-09-24 18:11:28,992 [2c7c9e22-26ed-4416-8ebe-07cbe3ead7bd@group-48AF6D67CAE4:LeaderElection4] INFO  impl.LeaderElection (LeaderElection.java:askForVotes(182)) - 2c7c9e22-26ed-4416-8ebe-07cbe3ead7bd@group-48AF6D67CAE4:LeaderElection4: begin an election at term 1 for -1: [2c7c9e22-26ed-4416-8ebe-07cbe3ead7bd:192.168.5.148:40900], old=null
2019-09-24 18:11:28,992 [165cd824-9508-47b7-9a26-a1da7d8cc554@group-208AEA19E382:LeaderElection3] INFO  impl.LeaderElection (LeaderElection.java:askForVotes(182)) - 165cd824-9508-47b7-9a26-a1da7d8cc554@group-208AEA19E382:LeaderElection3: begin an election at term 1 for -1: [165cd824-9508-47b7-9a26-a1da7d8cc554:192.168.5.148:41649], old=null
2019-09-24 18:11:29,001 [2c7c9e22-26ed-4416-8ebe-07cbe3ead7bd@group-48AF6D67CAE4:LeaderElection4] INFO  impl.RoleInfo (RoleInfo.java:shutdownLeaderElection(134)) - 2c7c9e22-26ed-4416-8ebe-07cbe3ead7bd: shutdown LeaderElection
2019-09-24 18:11:29,001 [cf5a2f80-f9d1-40e9-9eac-0ab293491c69@group-D330A8C45B4A:LeaderElection2] INFO  impl.RaftServerImpl (RaftServerImpl.java:setRole(174)) - cf5a2f80-f9d1-40e9-9eac-0ab293491c69@group-D330A8C45B4A: changes role from CANDIDATE to LEADER at term 1 for changeToLeader
2019-09-24 18:11:29,001 [74676e76-599c-4b85-957c-ba96e045280e@group-B0D874B032BF:LeaderElection5] INFO  impl.RoleInfo (RoleInfo.java:shutdownLeaderElection(134)) - 74676e76-599c-4b85-957c-ba96e045280e: shutdown LeaderElection
2019-09-24 18:11:29,002 [cf5a2f80-f9d1-40e9-9eac-0ab293491c69@group-D330A8C45B4A:LeaderElection2] INFO  impl.RaftServerImpl (ServerState.java:setLeader(253)) - cf5a2f80-f9d1-40e9-9eac-0ab293491c69@group-D330A8C45B4A: change Leader from null to cf5a2f80-f9d1-40e9-9eac-0ab293491c69 at term 1 for becomeLeader, leader elected after 5998ms
2019-09-24 18:11:29,001 [2c7c9e22-26ed-4416-8ebe-07cbe3ead7bd@group-48AF6D67CAE4:LeaderElection4] INFO  impl.RaftServerImpl (RaftServerImpl.java:setRole(174)) - 2c7c9e22-26ed-4416-8ebe-07cbe3ead7bd@group-48AF6D67CAE4: changes role from CANDIDATE to LEADER at term 1 for changeToLeader
2019-09-24 18:11:29,001 [165cd824-9508-47b7-9a26-a1da7d8cc554@group-208AEA19E382:LeaderElection3] INFO  impl.RoleInfo (RoleInfo.java:shutdownLeaderElection(134)) - 165cd824-9508-47b7-9a26-a1da7d8cc554: shutdown LeaderElection
2019-09-24 18:11:29,002 [2c7c9e22-26ed-4416-8ebe-07cbe3ead7bd@group-48AF6D67CAE4:LeaderElection4] INFO  impl.RaftServerImpl (ServerState.java:setLeader(253)) - 2c7c9e22-26ed-4416-8ebe-07cbe3ead7bd@group-48AF6D67CAE4: change Leader from null to 2c7c9e22-26ed-4416-8ebe-07cbe3ead7bd at term 1 for becomeLeader, leader elected after 5482ms
2019-09-24 18:11:29,002 [165cd824-9508-47b7-9a26-a1da7d8cc554@group-208AEA19E382:LeaderElection3] INFO  impl.RaftServerImpl (RaftServerImpl.java:setRole(174)) - 165cd824-9508-47b7-9a26-a1da7d8cc554@group-208AEA19E382: changes role from CANDIDATE to LEADER at term 1 for changeToLeader
2019-09-24 18:11:29,004 [2c7c9e22-26ed-4416-8ebe-07cbe3ead7bd@group-48AF6D67CAE4:LeaderElection4] INFO  server.RaftServerConfigKeys (ConfUtils.java:logGet(43)) - raft.server.staging.catchup.gap = 1000 (default)
2019-09-24 18:11:29,002 [cf5a2f80-f9d1-40e9-9eac-0ab293491c69@group-D330A8C45B4A:LeaderElection2] INFO  server.RaftServerConfigKeys (ConfUtils.java:logGet(43)) - raft.server.staging.catchup.gap = 1000 (default)
2019-09-24 18:11:29,002 [74676e76-599c-4b85-957c-ba96e045280e@group-B0D874B032BF:LeaderElection5] INFO  impl.RaftServerImpl (RaftServerImpl.java:setRole(174)) - 74676e76-599c-4b85-957c-ba96e045280e@group-B0D874B032BF: changes role from CANDIDATE to LEADER at term 1 for changeToLeader
2019-09-24 18:11:29,004 [cf5a2f80-f9d1-40e9-9eac-0ab293491c69@group-D330A8C45B4A:LeaderElection2] INFO  server.RaftServerConfigKeys (ConfUtils.java:logGet(43)) - raft.server.rpc.sleep.time = 25ms (default)
2019-09-24 18:11:29,004 [2c7c9e22-26ed-4416-8ebe-07cbe3ead7bd@group-48AF6D67CAE4:LeaderElection4] INFO  server.RaftServerConfigKeys (ConfUtils.java:logGet(43)) - raft.server.rpc.sleep.time = 25ms (default)
2019-09-24 18:11:29,005 [cf5a2f80-f9d1-40e9-9eac-0ab293491c69@group-D330A8C45B4A:LeaderElection2] INFO  server.RaftServerConfigKeys (ConfUtils.java:logGet(43)) - raft.server.write.element-limit = 4096 (default)
2019-09-24 18:11:29,004 [165cd824-9508-47b7-9a26-a1da7d8cc554@group-208AEA19E382:LeaderElection3] INFO  impl.RaftServerImpl (ServerState.java:setLeader(253)) - 165cd824-9508-47b7-9a26-a1da7d8cc554@group-208AEA19E382: change Leader from null to 165cd824-9508-47b7-9a26-a1da7d8cc554 at term 1 for becomeLeader, leader elected after 5567ms
2019-09-24 18:11:29,005 [cf5a2f80-f9d1-40e9-9eac-0ab293491c69@group-D330A8C45B4A:LeaderElection2] INFO  server.RaftServerConfigKeys (ConfUtils.java:logGet(43)) - raft.server.watch.timeout = 10s (default)
2019-09-24 18:11:29,005 [2c7c9e22-26ed-4416-8ebe-07cbe3ead7bd@group-48AF6D67CAE4:LeaderElection4] INFO  server.RaftServerConfigKeys (ConfUtils.java:logGet(43)) - raft.server.write.element-limit = 4096 (default)
2019-09-24 18:11:29,004 [74676e76-599c-4b85-957c-ba96e045280e@group-B0D874B032BF:LeaderElection5] INFO  impl.RaftServerImpl (ServerState.java:setLeader(253)) - 74676e76-599c-4b85-957c-ba96e045280e@group-B0D874B032BF: change Leader from null to 74676e76-599c-4b85-957c-ba96e045280e at term 1 for becomeLeader, leader elected after 5237ms
2019-09-24 18:11:29,007 [2c7c9e22-26ed-4416-8ebe-07cbe3ead7bd@group-48AF6D67CAE4:LeaderElection4] INFO  server.RaftServerConfigKeys (ConfUtils.java:logGet(43)) - raft.server.watch.timeout = 10s (default)
2019-09-24 18:11:29,006 [cf5a2f80-f9d1-40e9-9eac-0ab293491c69@group-D330A8C45B4A:LeaderElection2] INFO  server.RaftServerConfigKeys (ConfUtils.java:logGet(43)) - raft.server.watch.timeout.denomination = 1s (default)
2019-09-24 18:11:29,006 [165cd824-9508-47b7-9a26-a1da7d8cc554@group-208AEA19E382:LeaderElection3] INFO  server.RaftServerConfigKeys (ConfUtils.java:logGet(43)) - raft.server.staging.catchup.gap = 1000 (default)
2019-09-24 18:11:29,008 [cf5a2f80-f9d1-40e9-9eac-0ab293491c69@group-D330A8C45B4A:LeaderElection2] INFO  server.RaftServerConfigKeys (ConfUtils.java:logGet(43)) - raft.server.watch.element-limit = 65536 (default)
2019-09-24 18:11:29,008 [2c7c9e22-26ed-4416-8ebe-07cbe3ead7bd@group-48AF6D67CAE4:LeaderElection4] INFO  server.RaftServerConfigKeys (ConfUtils.java:logGet(43)) - raft.server.watch.timeout.denomination = 1s (default)
2019-09-24 18:11:29,008 [74676e76-599c-4b85-957c-ba96e045280e@group-B0D874B032BF:LeaderElection5] INFO  server.RaftServerConfigKeys (ConfUtils.java:logGet(43)) - raft.server.staging.catchup.gap = 1000 (default)
2019-09-24 18:11:29,009 [2c7c9e22-26ed-4416-8ebe-07cbe3ead7bd@group-48AF6D67CAE4:LeaderElection4] INFO  server.RaftServerConfigKeys (ConfUtils.java:logGet(43)) - raft.server.watch.element-limit = 65536 (default)
2019-09-24 18:11:29,009 [165cd824-9508-47b7-9a26-a1da7d8cc554@group-208AEA19E382:LeaderElection3] INFO  server.RaftServerConfigKeys (ConfUtils.java:logGet(43)) - raft.server.rpc.sleep.time = 25ms (default)
2019-09-24 18:11:29,009 [74676e76-599c-4b85-957c-ba96e045280e@group-B0D874B032BF:LeaderElection5] INFO  server.RaftServerConfigKeys (ConfUtils.java:logGet(43)) - raft.server.rpc.sleep.time = 25ms (default)
2019-09-24 18:11:29,010 [165cd824-9508-47b7-9a26-a1da7d8cc554@group-208AEA19E382:LeaderElection3] INFO  server.RaftServerConfigKeys (ConfUtils.java:logGet(43)) - raft.server.write.element-limit = 4096 (default)
2019-09-24 18:11:29,010 [74676e76-599c-4b85-957c-ba96e045280e@group-B0D874B032BF:LeaderElection5] INFO  server.RaftServerConfigKeys (ConfUtils.java:logGet(43)) - raft.server.write.element-limit = 4096 (default)
2019-09-24 18:11:29,010 [165cd824-9508-47b7-9a26-a1da7d8cc554@group-208AEA19E382:LeaderElection3] INFO  server.RaftServerConfigKeys (ConfUtils.java:logGet(43)) - raft.server.watch.timeout = 10s (default)
2019-09-24 18:11:29,010 [74676e76-599c-4b85-957c-ba96e045280e@group-B0D874B032BF:LeaderElection5] INFO  server.RaftServerConfigKeys (ConfUtils.java:logGet(43)) - raft.server.watch.timeout = 10s (default)
2019-09-24 18:11:29,010 [165cd824-9508-47b7-9a26-a1da7d8cc554@group-208AEA19E382:LeaderElection3] INFO  server.RaftServerConfigKeys (ConfUtils.java:logGet(43)) - raft.server.watch.timeout.denomination = 1s (default)
2019-09-24 18:11:29,010 [74676e76-599c-4b85-957c-ba96e045280e@group-B0D874B032BF:LeaderElection5] INFO  server.RaftServerConfigKeys (ConfUtils.java:logGet(43)) - raft.server.watch.timeout.denomination = 1s (default)
2019-09-24 18:11:29,010 [165cd824-9508-47b7-9a26-a1da7d8cc554@group-208AEA19E382:LeaderElection3] INFO  server.RaftServerConfigKeys (ConfUtils.java:logGet(43)) - raft.server.watch.element-limit = 65536 (default)
2019-09-24 18:11:29,010 [74676e76-599c-4b85-957c-ba96e045280e@group-B0D874B032BF:LeaderElection5] INFO  server.RaftServerConfigKeys (ConfUtils.java:logGet(43)) - raft.server.watch.element-limit = 65536 (default)
2019-09-24 18:11:29,014 [OM StateMachine ApplyTransaction Thread - 0] INFO  volume.OMVolumeCreateRequest (OMVolumeCreateRequest.java:validateAndUpdateCache(189)) - created volume:788a272b-3b17-49e5-8f34-43d26835e8e8 for user:jenkins1000
2019-09-24 18:11:29,015 [cf5a2f80-f9d1-40e9-9eac-0ab293491c69@group-D330A8C45B4A:LeaderElection2] INFO  impl.RoleInfo (RoleInfo.java:updateAndGet(143)) - cf5a2f80-f9d1-40e9-9eac-0ab293491c69: start LeaderState
2019-09-24 18:11:29,015 [cf5a2f80-f9d1-40e9-9eac-0ab293491c69@group-D330A8C45B4A:LeaderElection2] INFO  segmented.SegmentedRaftLogWorker (SegmentedRaftLogWorker.java:startLogSegment(380)) - cf5a2f80-f9d1-40e9-9eac-0ab293491c69@group-D330A8C45B4A-SegmentedRaftLogWorker: Starting segment from index:0
2019-09-24 18:11:29,017 [cf5a2f80-f9d1-40e9-9eac-0ab293491c69@group-D330A8C45B4A:LeaderElection2] INFO  impl.RaftServerImpl (ServerState.java:setRaftConf(354)) - cf5a2f80-f9d1-40e9-9eac-0ab293491c69@group-D330A8C45B4A: set configuration 0: [cf5a2f80-f9d1-40e9-9eac-0ab293491c69:192.168.5.148:39235], old=null at 0
2019-09-24 18:11:29,056 [2c7c9e22-26ed-4416-8ebe-07cbe3ead7bd@group-48AF6D67CAE4:LeaderElection4] INFO  impl.RoleInfo (RoleInfo.java:updateAndGet(143)) - 2c7c9e22-26ed-4416-8ebe-07cbe3ead7bd: start LeaderState
2019-09-24 18:11:29,056 [165cd824-9508-47b7-9a26-a1da7d8cc554@group-208AEA19E382:LeaderElection3] INFO  impl.RoleInfo (RoleInfo.java:updateAndGet(143)) - 165cd824-9508-47b7-9a26-a1da7d8cc554: start LeaderState
2019-09-24 18:11:29,056 [2c7c9e22-26ed-4416-8ebe-07cbe3ead7bd@group-48AF6D67CAE4:LeaderElection4] INFO  segmented.SegmentedRaftLogWorker (SegmentedRaftLogWorker.java:startLogSegment(380)) - 2c7c9e22-26ed-4416-8ebe-07cbe3ead7bd@group-48AF6D67CAE4-SegmentedRaftLogWorker: Starting segment from index:0
2019-09-24 18:11:29,056 [165cd824-9508-47b7-9a26-a1da7d8cc554@group-208AEA19E382:LeaderElection3] INFO  segmented.SegmentedRaftLogWorker (SegmentedRaftLogWorker.java:startLogSegment(380)) - 165cd824-9508-47b7-9a26-a1da7d8cc554@group-208AEA19E382-SegmentedRaftLogWorker: Starting segment from index:0
2019-09-24 18:11:29,057 [74676e76-599c-4b85-957c-ba96e045280e@group-B0D874B032BF:LeaderElection5] INFO  impl.RoleInfo (RoleInfo.java:updateAndGet(143)) - 74676e76-599c-4b85-957c-ba96e045280e: start LeaderState
2019-09-24 18:11:29,092 [165cd824-9508-47b7-9a26-a1da7d8cc554@group-208AEA19E382:LeaderElection3] INFO  impl.RaftServerImpl (ServerState.java:setRaftConf(354)) - 165cd824-9508-47b7-9a26-a1da7d8cc554@group-208AEA19E382: set configuration 0: [165cd824-9508-47b7-9a26-a1da7d8cc554:192.168.5.148:41649], old=null at 0
2019-09-24 18:11:29,094 [2c7c9e22-26ed-4416-8ebe-07cbe3ead7bd@group-48AF6D67CAE4:LeaderElection4] INFO  impl.RaftServerImpl (ServerState.java:setRaftConf(354)) - 2c7c9e22-26ed-4416-8ebe-07cbe3ead7bd@group-48AF6D67CAE4: set configuration 0: [2c7c9e22-26ed-4416-8ebe-07cbe3ead7bd:192.168.5.148:40900], old=null at 0
2019-09-24 18:11:29,133 [74676e76-599c-4b85-957c-ba96e045280e@group-B0D874B032BF:LeaderElection5] INFO  segmented.SegmentedRaftLogWorker (SegmentedRaftLogWorker.java:startLogSegment(380)) - 74676e76-599c-4b85-957c-ba96e045280e@group-B0D874B032BF-SegmentedRaftLogWorker: Starting segment from index:0
2019-09-24 18:11:29,138 [74676e76-599c-4b85-957c-ba96e045280e@group-B0D874B032BF:LeaderElection5] INFO  impl.RaftServerImpl (ServerState.java:setRaftConf(354)) - 74676e76-599c-4b85-957c-ba96e045280e@group-B0D874B032BF: set configuration 0: [74676e76-599c-4b85-957c-ba96e045280e:192.168.5.148:39518], old=null at 0
2019-09-24 18:11:29,184 [Thread-214] INFO  rpc.RpcClient (RpcClient.java:createBucket(415)) - Creating Bucket: 788a272b-3b17-49e5-8f34-43d26835e8e8/8c8cd1a9-bb5d-49fb-9d00-43b6e7763bbb, with Versioning false and Storage Type set to DISK and Encryption set to false 
2019-09-24 18:11:29,837 [RATISCREATEPIPELINE1] ERROR pipeline.RatisPipelineProvider (RatisPipelineProvider.java:lambda$null$5(235)) - Failed invoke Ratis rpc org.apache.hadoop.hdds.scm.pipeline.RatisPipelineProvider$$Lambda$303/588068655@1aca643c for 2c7c9e22-26ed-4416-8ebe-07cbe3ead7bd
org.apache.ratis.protocol.TimeoutIOException: deadline exceeded after 2999732084ns
	at org.apache.ratis.grpc.GrpcUtil.tryUnwrapException(GrpcUtil.java:82)
	at org.apache.ratis.grpc.GrpcUtil.unwrapException(GrpcUtil.java:75)
	at org.apache.ratis.grpc.client.GrpcClientProtocolClient.blockingCall(GrpcClientProtocolClient.java:178)
	at org.apache.ratis.grpc.client.GrpcClientProtocolClient.groupAdd(GrpcClientProtocolClient.java:147)
	at org.apache.ratis.grpc.client.GrpcClientRpc.sendRequest(GrpcClientRpc.java:94)
	at org.apache.ratis.client.impl.RaftClientImpl.sendRequest(RaftClientImpl.java:278)
	at org.apache.ratis.client.impl.RaftClientImpl.groupAdd(RaftClientImpl.java:205)
	at org.apache.hadoop.hdds.scm.pipeline.RatisPipelineProvider.lambda$initializePipeline$4(RatisPipelineProvider.java:196)
	at org.apache.hadoop.hdds.scm.pipeline.RatisPipelineProvider.lambda$null$5(RatisPipelineProvider.java:231)
	at java.util.stream.ForEachOps$ForEachOp$OfRef.accept(ForEachOps.java:184)
	at java.util.ArrayList$ArrayListSpliterator.forEachRemaining(ArrayList.java:1382)
	at java.util.stream.AbstractPipeline.copyInto(AbstractPipeline.java:482)
	at java.util.stream.ForEachOps$ForEachTask.compute(ForEachOps.java:291)
	at java.util.concurrent.CountedCompleter.exec(CountedCompleter.java:731)
	at java.util.concurrent.ForkJoinTask.doExec(ForkJoinTask.java:289)
	at java.util.concurrent.ForkJoinTask.doInvoke(ForkJoinTask.java:401)
	at java.util.concurrent.ForkJoinTask.invoke(ForkJoinTask.java:734)
	at java.util.stream.ForEachOps$ForEachOp.evaluateParallel(ForEachOps.java:160)
	at java.util.stream.ForEachOps$ForEachOp$OfRef.evaluateParallel(ForEachOps.java:174)
	at java.util.stream.AbstractPipeline.evaluate(AbstractPipeline.java:233)
	at java.util.stream.ReferencePipeline.forEach(ReferencePipeline.java:418)
	at java.util.stream.ReferencePipeline$Head.forEach(ReferencePipeline.java:583)
	at org.apache.hadoop.hdds.scm.pipeline.RatisPipelineProvider.lambda$callRatisRpc$6(RatisPipelineProvider.java:225)
	at java.util.concurrent.ForkJoinTask$AdaptedRunnableAction.exec(ForkJoinTask.java:1386)
	at java.util.concurrent.ForkJoinTask.doExec(ForkJoinTask.java:289)
	at java.util.concurrent.ForkJoinPool$WorkQueue.runTask(ForkJoinPool.java:1056)
	at java.util.concurrent.ForkJoinPool.runWorker(ForkJoinPool.java:1692)
	at java.util.concurrent.ForkJoinWorkerThread.run(ForkJoinWorkerThread.java:157)
Caused by: org.apache.ratis.thirdparty.io.grpc.StatusRuntimeException: DEADLINE_EXCEEDED: deadline exceeded after 2999732084ns
	at org.apache.ratis.thirdparty.io.grpc.stub.ClientCalls.toStatusRuntimeException(ClientCalls.java:233)
	at org.apache.ratis.thirdparty.io.grpc.stub.ClientCalls.getUnchecked(ClientCalls.java:214)
	at org.apache.ratis.thirdparty.io.grpc.stub.ClientCalls.blockingUnaryCall(ClientCalls.java:139)
	at org.apache.ratis.proto.grpc.AdminProtocolServiceGrpc$AdminProtocolServiceBlockingStub.groupManagement(AdminProtocolServiceGrpc.java:274)
	at org.apache.ratis.grpc.client.GrpcClientProtocolClient.lambda$groupAdd$3(GrpcClientProtocolClient.java:149)
	at org.apache.ratis.grpc.client.GrpcClientProtocolClient.blockingCall(GrpcClientProtocolClient.java:176)
	... 25 more
2019-09-24 18:11:29,837 [RATISCREATEPIPELINE3] ERROR pipeline.RatisPipelineProvider (RatisPipelineProvider.java:lambda$null$5(235)) - Failed invoke Ratis rpc org.apache.hadoop.hdds.scm.pipeline.RatisPipelineProvider$$Lambda$303/588068655@1aca643c for 74676e76-599c-4b85-957c-ba96e045280e
org.apache.ratis.protocol.TimeoutIOException: deadline exceeded after 2999709725ns
	at org.apache.ratis.grpc.GrpcUtil.tryUnwrapException(GrpcUtil.java:82)
	at org.apache.ratis.grpc.GrpcUtil.unwrapException(GrpcUtil.java:75)
	at org.apache.ratis.grpc.client.GrpcClientProtocolClient.blockingCall(GrpcClientProtocolClient.java:178)
	at org.apache.ratis.grpc.client.GrpcClientProtocolClient.groupAdd(GrpcClientProtocolClient.java:147)
	at org.apache.ratis.grpc.client.GrpcClientRpc.sendRequest(GrpcClientRpc.java:94)
	at org.apache.ratis.client.impl.RaftClientImpl.sendRequest(RaftClientImpl.java:278)
	at org.apache.ratis.client.impl.RaftClientImpl.groupAdd(RaftClientImpl.java:205)
	at org.apache.hadoop.hdds.scm.pipeline.RatisPipelineProvider.lambda$initializePipeline$4(RatisPipelineProvider.java:196)
	at org.apache.hadoop.hdds.scm.pipeline.RatisPipelineProvider.lambda$null$5(RatisPipelineProvider.java:231)
	at java.util.stream.ForEachOps$ForEachOp$OfRef.accept(ForEachOps.java:184)
	at java.util.ArrayList$ArrayListSpliterator.forEachRemaining(ArrayList.java:1382)
	at java.util.stream.AbstractPipeline.copyInto(AbstractPipeline.java:482)
	at java.util.stream.ForEachOps$ForEachTask.compute(ForEachOps.java:291)
	at java.util.concurrent.CountedCompleter.exec(CountedCompleter.java:731)
	at java.util.concurrent.ForkJoinTask.doExec(ForkJoinTask.java:289)
	at java.util.concurrent.ForkJoinPool$WorkQueue.runTask(ForkJoinPool.java:1056)
	at java.util.concurrent.ForkJoinPool.runWorker(ForkJoinPool.java:1692)
	at java.util.concurrent.ForkJoinWorkerThread.run(ForkJoinWorkerThread.java:157)
Caused by: org.apache.ratis.thirdparty.io.grpc.StatusRuntimeException: DEADLINE_EXCEEDED: deadline exceeded after 2999709725ns
	at org.apache.ratis.thirdparty.io.grpc.stub.ClientCalls.toStatusRuntimeException(ClientCalls.java:233)
	at org.apache.ratis.thirdparty.io.grpc.stub.ClientCalls.getUnchecked(ClientCalls.java:214)
	at org.apache.ratis.thirdparty.io.grpc.stub.ClientCalls.blockingUnaryCall(ClientCalls.java:139)
	at org.apache.ratis.proto.grpc.AdminProtocolServiceGrpc$AdminProtocolServiceBlockingStub.groupManagement(AdminProtocolServiceGrpc.java:274)
	at org.apache.ratis.grpc.client.GrpcClientProtocolClient.lambda$groupAdd$3(GrpcClientProtocolClient.java:149)
	at org.apache.ratis.grpc.client.GrpcClientProtocolClient.blockingCall(GrpcClientProtocolClient.java:176)
	... 15 more
2019-09-24 18:11:29,837 [RATISCREATEPIPELINE2] ERROR pipeline.RatisPipelineProvider (RatisPipelineProvider.java:lambda$null$5(235)) - Failed invoke Ratis rpc org.apache.hadoop.hdds.scm.pipeline.RatisPipelineProvider$$Lambda$303/588068655@1aca643c for 165cd824-9508-47b7-9a26-a1da7d8cc554
org.apache.ratis.protocol.TimeoutIOException: deadline exceeded after 2999745915ns
	at org.apache.ratis.grpc.GrpcUtil.tryUnwrapException(GrpcUtil.java:82)
	at org.apache.ratis.grpc.GrpcUtil.unwrapException(GrpcUtil.java:75)
	at org.apache.ratis.grpc.client.GrpcClientProtocolClient.blockingCall(GrpcClientProtocolClient.java:178)
	at org.apache.ratis.grpc.client.GrpcClientProtocolClient.groupAdd(GrpcClientProtocolClient.java:147)
	at org.apache.ratis.grpc.client.GrpcClientRpc.sendRequest(GrpcClientRpc.java:94)
	at org.apache.ratis.client.impl.RaftClientImpl.sendRequest(RaftClientImpl.java:278)
	at org.apache.ratis.client.impl.RaftClientImpl.groupAdd(RaftClientImpl.java:205)
	at org.apache.hadoop.hdds.scm.pipeline.RatisPipelineProvider.lambda$initializePipeline$4(RatisPipelineProvider.java:196)
	at org.apache.hadoop.hdds.scm.pipeline.RatisPipelineProvider.lambda$null$5(RatisPipelineProvider.java:231)
	at java.util.stream.ForEachOps$ForEachOp$OfRef.accept(ForEachOps.java:184)
	at java.util.ArrayList$ArrayListSpliterator.forEachRemaining(ArrayList.java:1382)
	at java.util.stream.AbstractPipeline.copyInto(AbstractPipeline.java:482)
	at java.util.stream.ForEachOps$ForEachTask.compute(ForEachOps.java:291)
	at java.util.concurrent.CountedCompleter.exec(CountedCompleter.java:731)
	at java.util.concurrent.ForkJoinTask.doExec(ForkJoinTask.java:289)
	at java.util.concurrent.ForkJoinPool$WorkQueue.runTask(ForkJoinPool.java:1056)
	at java.util.concurrent.ForkJoinPool.runWorker(ForkJoinPool.java:1692)
	at java.util.concurrent.ForkJoinWorkerThread.run(ForkJoinWorkerThread.java:157)
Caused by: org.apache.ratis.thirdparty.io.grpc.StatusRuntimeException: DEADLINE_EXCEEDED: deadline exceeded after 2999745915ns
	at org.apache.ratis.thirdparty.io.grpc.stub.ClientCalls.toStatusRuntimeException(ClientCalls.java:233)
	at org.apache.ratis.thirdparty.io.grpc.stub.ClientCalls.getUnchecked(ClientCalls.java:214)
	at org.apache.ratis.thirdparty.io.grpc.stub.ClientCalls.blockingUnaryCall(ClientCalls.java:139)
	at org.apache.ratis.proto.grpc.AdminProtocolServiceGrpc$AdminProtocolServiceBlockingStub.groupManagement(AdminProtocolServiceGrpc.java:274)
	at org.apache.ratis.grpc.client.GrpcClientProtocolClient.lambda$groupAdd$3(GrpcClientProtocolClient.java:149)
	at org.apache.ratis.grpc.client.GrpcClientProtocolClient.blockingCall(GrpcClientProtocolClient.java:176)
	... 15 more
2019-09-24 18:11:31,396 [pool-42-thread-1] INFO  storage.RaftStorage (RaftStorage.java:format(72)) - Storage directory /workdir/hadoop-ozone/integration-test/target/test-dir/MiniOzoneClusterImpl-42bba134-5a67-4562-bb40-e54cb25fe1f1/datanode-1/data/ratis/dd3f463f-c946-4d8f-b848-f0ff8e4aba79 has been successfully formatted.
2019-09-24 18:11:31,396 [pool-62-thread-1] INFO  storage.RaftStorage (RaftStorage.java:format(72)) - Storage directory /workdir/hadoop-ozone/integration-test/target/test-dir/MiniOzoneClusterImpl-42bba134-5a67-4562-bb40-e54cb25fe1f1/datanode-3/data/ratis/dd3f463f-c946-4d8f-b848-f0ff8e4aba79 has been successfully formatted.
2019-09-24 18:11:31,396 [pool-42-thread-1] INFO  ratis.ContainerStateMachine (ContainerStateMachine.java:loadSnapshot(230)) - group-F0FF8E4ABA79: The snapshot info is null. Setting the last applied indexto:(t:0, i:~)
2019-09-24 18:11:31,396 [pool-52-thread-1] INFO  storage.RaftStorage (RaftStorage.java:format(72)) - Storage directory /workdir/hadoop-ozone/integration-test/target/test-dir/MiniOzoneClusterImpl-42bba134-5a67-4562-bb40-e54cb25fe1f1/datanode-2/data/ratis/dd3f463f-c946-4d8f-b848-f0ff8e4aba79 has been successfully formatted.
2019-09-24 18:11:31,396 [pool-42-thread-1] INFO  server.RaftServerConfigKeys (ConfUtils.java:logGet(43)) - raft.server.notification.no-leader.timeout = 120s (custom)
2019-09-24 18:11:31,396 [pool-62-thread-1] INFO  ratis.ContainerStateMachine (ContainerStateMachine.java:loadSnapshot(230)) - group-F0FF8E4ABA79: The snapshot info is null. Setting the last applied indexto:(t:0, i:~)
2019-09-24 18:11:31,397 [pool-52-thread-1] INFO  ratis.ContainerStateMachine (ContainerStateMachine.java:loadSnapshot(230)) - group-F0FF8E4ABA79: The snapshot info is null. Setting the last applied indexto:(t:0, i:~)
2019-09-24 18:11:31,397 [pool-42-thread-1] INFO  server.RaftServerConfigKeys (ConfUtils.java:logGet(43)) - raft.server.log.use.memory = false (default)
2019-09-24 18:11:31,397 [pool-52-thread-1] INFO  server.RaftServerConfigKeys (ConfUtils.java:logGet(43)) - raft.server.notification.no-leader.timeout = 120s (custom)
2019-09-24 18:11:31,397 [165cd824-9508-47b7-9a26-a1da7d8cc554@group-208AEA19E382-SegmentedRaftLogWorker] INFO  segmented.SegmentedRaftLogWorker (SegmentedRaftLogWorker.java:execute(569)) - 165cd824-9508-47b7-9a26-a1da7d8cc554@group-208AEA19E382-SegmentedRaftLogWorker: created new log segment /workdir/hadoop-ozone/integration-test/target/test-dir/MiniOzoneClusterImpl-42bba134-5a67-4562-bb40-e54cb25fe1f1/datanode-3/data/ratis/25cfbb77-c07f-4dc9-8a15-208aea19e382/current/log_inprogress_0
2019-09-24 18:11:31,397 [74676e76-599c-4b85-957c-ba96e045280e@group-B0D874B032BF-SegmentedRaftLogWorker] INFO  segmented.SegmentedRaftLogWorker (SegmentedRaftLogWorker.java:execute(569)) - 74676e76-599c-4b85-957c-ba96e045280e@group-B0D874B032BF-SegmentedRaftLogWorker: created new log segment /workdir/hadoop-ozone/integration-test/target/test-dir/MiniOzoneClusterImpl-42bba134-5a67-4562-bb40-e54cb25fe1f1/datanode-2/data/ratis/d592b3a1-91cf-4e94-a52d-b0d874b032bf/current/log_inprogress_0
2019-09-24 18:11:31,397 [2c7c9e22-26ed-4416-8ebe-07cbe3ead7bd@group-48AF6D67CAE4-SegmentedRaftLogWorker] INFO  segmented.SegmentedRaftLogWorker (SegmentedRaftLogWorker.java:execute(569)) - 2c7c9e22-26ed-4416-8ebe-07cbe3ead7bd@group-48AF6D67CAE4-SegmentedRaftLogWorker: created new log segment /workdir/hadoop-ozone/integration-test/target/test-dir/MiniOzoneClusterImpl-42bba134-5a67-4562-bb40-e54cb25fe1f1/datanode-1/data/ratis/e0e3f768-099d-479e-b5fd-48af6d67cae4/current/log_inprogress_0
2019-09-24 18:11:31,397 [cf5a2f80-f9d1-40e9-9eac-0ab293491c69@group-D330A8C45B4A-SegmentedRaftLogWorker] INFO  segmented.SegmentedRaftLogWorker (SegmentedRaftLogWorker.java:execute(569)) - cf5a2f80-f9d1-40e9-9eac-0ab293491c69@group-D330A8C45B4A-SegmentedRaftLogWorker: created new log segment /workdir/hadoop-ozone/integration-test/target/test-dir/MiniOzoneClusterImpl-42bba134-5a67-4562-bb40-e54cb25fe1f1/datanode-0/data/ratis/47713ce3-a7ce-4825-b2d5-d330a8c45b4a/current/log_inprogress_0
2019-09-24 18:11:31,397 [pool-62-thread-1] INFO  server.RaftServerConfigKeys (ConfUtils.java:logGet(43)) - raft.server.notification.no-leader.timeout = 120s (custom)
2019-09-24 18:11:31,397 [pool-52-thread-1] INFO  server.RaftServerConfigKeys (ConfUtils.java:logGet(43)) - raft.server.log.use.memory = false (default)
2019-09-24 18:11:31,397 [pool-42-thread-1] INFO  server.RaftServerConfigKeys (ConfUtils.java:logGet(43)) - raft.server.log.purge.gap = 1000000 (custom)
2019-09-24 18:11:31,399 [pool-52-thread-1] INFO  server.RaftServerConfigKeys (ConfUtils.java:logGet(43)) - raft.server.log.purge.gap = 1000000 (custom)
2019-09-24 18:11:31,398 [pool-62-thread-1] INFO  server.RaftServerConfigKeys (ConfUtils.java:logGet(43)) - raft.server.log.use.memory = false (default)
2019-09-24 18:11:31,399 [pool-52-thread-1] INFO  server.RaftServerConfigKeys (ConfUtils.java:logGet(43)) - raft.server.log.appender.buffer.byte-limit = 33554432 (custom)
2019-09-24 18:11:31,399 [pool-42-thread-1] INFO  server.RaftServerConfigKeys (ConfUtils.java:logGet(43)) - raft.server.log.appender.buffer.byte-limit = 33554432 (custom)
2019-09-24 18:11:31,399 [pool-52-thread-1] INFO  server.RaftServerConfigKeys (ConfUtils.java:logGet(43)) - raft.server.log.segment.size.max = 1048576 (custom)
2019-09-24 18:11:31,399 [pool-62-thread-1] INFO  server.RaftServerConfigKeys (ConfUtils.java:logGet(43)) - raft.server.log.purge.gap = 1000000 (custom)
2019-09-24 18:11:31,400 [pool-52-thread-1] INFO  server.RaftServerConfigKeys (ConfUtils.java:logGet(43)) - raft.server.log.segment.cache.num.max = 2 (custom)
2019-09-24 18:11:31,400 [pool-42-thread-1] INFO  server.RaftServerConfigKeys (ConfUtils.java:logGet(43)) - raft.server.log.segment.size.max = 1048576 (custom)
2019-09-24 18:11:31,400 [pool-52-thread-1] INFO  segmented.SegmentedRaftLogWorker (SegmentedRaftLogWorker.java:<init>(172)) - new 74676e76-599c-4b85-957c-ba96e045280e@group-F0FF8E4ABA79-SegmentedRaftLogWorker for RaftStorage:Storage Directory /workdir/hadoop-ozone/integration-test/target/test-dir/MiniOzoneClusterImpl-42bba134-5a67-4562-bb40-e54cb25fe1f1/datanode-2/data/ratis/dd3f463f-c946-4d8f-b848-f0ff8e4aba79
2019-09-24 18:11:31,400 [pool-62-thread-1] INFO  server.RaftServerConfigKeys (ConfUtils.java:logGet(43)) - raft.server.log.appender.buffer.byte-limit = 33554432 (custom)
2019-09-24 18:11:31,400 [pool-52-thread-1] INFO  server.RaftServerConfigKeys (ConfUtils.java:logGet(43)) - raft.server.log.queue.byte-limit = 2147483647 (custom)
2019-09-24 18:11:31,400 [pool-42-thread-1] INFO  server.RaftServerConfigKeys (ConfUtils.java:logGet(43)) - raft.server.log.segment.cache.num.max = 2 (custom)
2019-09-24 18:11:31,401 [pool-52-thread-1] INFO  server.RaftServerConfigKeys (ConfUtils.java:logGet(43)) - raft.server.log.queue.element-limit = 1024 (custom)
2019-09-24 18:11:31,400 [pool-62-thread-1] INFO  server.RaftServerConfigKeys (ConfUtils.java:logGet(43)) - raft.server.log.segment.size.max = 1048576 (custom)
2019-09-24 18:11:31,401 [pool-52-thread-1] INFO  server.RaftServerConfigKeys (ConfUtils.java:logGet(43)) - raft.server.log.segment.size.max = 1048576 (custom)
2019-09-24 18:11:31,401 [pool-42-thread-1] INFO  segmented.SegmentedRaftLogWorker (SegmentedRaftLogWorker.java:<init>(172)) - new 2c7c9e22-26ed-4416-8ebe-07cbe3ead7bd@group-F0FF8E4ABA79-SegmentedRaftLogWorker for RaftStorage:Storage Directory /workdir/hadoop-ozone/integration-test/target/test-dir/MiniOzoneClusterImpl-42bba134-5a67-4562-bb40-e54cb25fe1f1/datanode-1/data/ratis/dd3f463f-c946-4d8f-b848-f0ff8e4aba79
2019-09-24 18:11:31,401 [pool-52-thread-1] INFO  server.RaftServerConfigKeys (ConfUtils.java:logGet(43)) - raft.server.log.preallocated.size = 16384 (custom)
2019-09-24 18:11:31,401 [pool-62-thread-1] INFO  server.RaftServerConfigKeys (ConfUtils.java:logGet(43)) - raft.server.log.segment.cache.num.max = 2 (custom)
2019-09-24 18:11:31,402 [pool-52-thread-1] INFO  server.RaftServerConfigKeys (ConfUtils.java:logGet(43)) - raft.server.log.write.buffer.size = 33554432 (custom)
2019-09-24 18:11:31,402 [pool-42-thread-1] INFO  server.RaftServerConfigKeys (ConfUtils.java:logGet(43)) - raft.server.log.queue.byte-limit = 2147483647 (custom)
2019-09-24 18:11:31,402 [pool-52-thread-1] INFO  server.RaftServerConfigKeys (ConfUtils.java:logGet(43)) - raft.server.log.force.sync.num = 128 (default)
2019-09-24 18:11:31,402 [pool-62-thread-1] INFO  segmented.SegmentedRaftLogWorker (SegmentedRaftLogWorker.java:<init>(172)) - new 165cd824-9508-47b7-9a26-a1da7d8cc554@group-F0FF8E4ABA79-SegmentedRaftLogWorker for RaftStorage:Storage Directory /workdir/hadoop-ozone/integration-test/target/test-dir/MiniOzoneClusterImpl-42bba134-5a67-4562-bb40-e54cb25fe1f1/datanode-3/data/ratis/dd3f463f-c946-4d8f-b848-f0ff8e4aba79
2019-09-24 18:11:31,402 [pool-52-thread-1] INFO  server.RaftServerConfigKeys (ConfUtils.java:logGet(43)) - raft.server.log.statemachine.data.sync = true (default)
2019-09-24 18:11:31,402 [pool-42-thread-1] INFO  server.RaftServerConfigKeys (ConfUtils.java:logGet(43)) - raft.server.log.queue.element-limit = 1024 (custom)
2019-09-24 18:11:31,403 [pool-52-thread-1] INFO  server.RaftServerConfigKeys (ConfUtils.java:logGet(43)) - raft.server.log.statemachine.data.sync.timeout = 10s (default)
2019-09-24 18:11:31,402 [pool-62-thread-1] INFO  server.RaftServerConfigKeys (ConfUtils.java:logGet(43)) - raft.server.log.queue.byte-limit = 2147483647 (custom)
2019-09-24 18:11:31,403 [pool-52-thread-1] INFO  server.RaftServerConfigKeys (ConfUtils.java:logGet(43)) - raft.server.log.statemachine.data.sync.timeout.retry = -1 (default)
2019-09-24 18:11:31,403 [pool-42-thread-1] INFO  server.RaftServerConfigKeys (ConfUtils.java:logGet(43)) - raft.server.log.segment.size.max = 1048576 (custom)
2019-09-24 18:11:31,403 [pool-52-thread-1] INFO  server.RaftServerConfigKeys (ConfUtils.java:logGet(43)) - raft.server.log.statemachine.data.caching.enabled = true (custom)
2019-09-24 18:11:31,403 [pool-42-thread-1] INFO  server.RaftServerConfigKeys (ConfUtils.java:logGet(43)) - raft.server.log.preallocated.size = 16384 (custom)
2019-09-24 18:11:31,403 [pool-62-thread-1] INFO  server.RaftServerConfigKeys (ConfUtils.java:logGet(43)) - raft.server.log.queue.element-limit = 1024 (custom)
2019-09-24 18:11:31,404 [pool-52-thread-1] INFO  segmented.SegmentedRaftLogWorker (SegmentedRaftLogWorker.java:lambda$new$0(132)) - 74676e76-599c-4b85-957c-ba96e045280e@group-F0FF8E4ABA79-SegmentedRaftLogWorker: flushIndex: setUnconditionally 0 -> -1
2019-09-24 18:11:31,404 [pool-42-thread-1] INFO  server.RaftServerConfigKeys (ConfUtils.java:logGet(43)) - raft.server.log.write.buffer.size = 33554432 (custom)
2019-09-24 18:11:31,404 [pool-62-thread-1] INFO  server.RaftServerConfigKeys (ConfUtils.java:logGet(43)) - raft.server.log.segment.size.max = 1048576 (custom)
2019-09-24 18:11:31,404 [pool-42-thread-1] INFO  server.RaftServerConfigKeys (ConfUtils.java:logGet(43)) - raft.server.log.force.sync.num = 128 (default)
2019-09-24 18:11:31,404 [pool-52-thread-1] INFO  server.RaftServerConfigKeys (ConfUtils.java:logGet(43)) - raft.server.snapshot.auto.trigger.enabled = true (custom)
2019-09-24 18:11:31,405 [pool-42-thread-1] INFO  server.RaftServerConfigKeys (ConfUtils.java:logGet(43)) - raft.server.log.statemachine.data.sync = true (default)
2019-09-24 18:11:31,404 [pool-62-thread-1] INFO  server.RaftServerConfigKeys (ConfUtils.java:logGet(43)) - raft.server.log.preallocated.size = 16384 (custom)
2019-09-24 18:11:31,405 [pool-42-thread-1] INFO  server.RaftServerConfigKeys (ConfUtils.java:logGet(43)) - raft.server.log.statemachine.data.sync.timeout = 10s (default)
2019-09-24 18:11:31,405 [pool-52-thread-1] INFO  server.RaftServerConfigKeys (ConfUtils.java:logGet(43)) - raft.server.snapshot.auto.trigger.threshold = 10000 (custom)
2019-09-24 18:11:31,405 [pool-42-thread-1] INFO  server.RaftServerConfigKeys (ConfUtils.java:logGet(43)) - raft.server.log.statemachine.data.sync.timeout.retry = -1 (default)
2019-09-24 18:11:31,405 [pool-62-thread-1] INFO  server.RaftServerConfigKeys (ConfUtils.java:logGet(43)) - raft.server.log.write.buffer.size = 33554432 (custom)
2019-09-24 18:11:31,406 [pool-42-thread-1] INFO  server.RaftServerConfigKeys (ConfUtils.java:logGet(43)) - raft.server.log.statemachine.data.caching.enabled = true (custom)
2019-09-24 18:11:31,405 [pool-52-thread-1] INFO  server.RaftServerConfigKeys (ConfUtils.java:logGet(43)) - raft.server.snapshot.retention.num.files = 5 (custom)
2019-09-24 18:11:31,406 [pool-62-thread-1] INFO  server.RaftServerConfigKeys (ConfUtils.java:logGet(43)) - raft.server.log.force.sync.num = 128 (default)
2019-09-24 18:11:31,406 [pool-42-thread-1] INFO  segmented.SegmentedRaftLogWorker (SegmentedRaftLogWorker.java:lambda$new$0(132)) - 2c7c9e22-26ed-4416-8ebe-07cbe3ead7bd@group-F0FF8E4ABA79-SegmentedRaftLogWorker: flushIndex: setUnconditionally 0 -> -1
2019-09-24 18:11:31,406 [pool-62-thread-1] INFO  server.RaftServerConfigKeys (ConfUtils.java:logGet(43)) - raft.server.log.statemachine.data.sync = true (default)
2019-09-24 18:11:31,406 [pool-52-thread-1] INFO  server.RaftServerConfigKeys (ConfUtils.java:logGet(43)) - raft.server.retrycache.expirytime = 600000ms (custom)
2019-09-24 18:11:31,406 [pool-42-thread-1] INFO  server.RaftServerConfigKeys (ConfUtils.java:logGet(43)) - raft.server.snapshot.auto.trigger.enabled = true (custom)
2019-09-24 18:11:31,406 [pool-62-thread-1] INFO  server.RaftServerConfigKeys (ConfUtils.java:logGet(43)) - raft.server.log.statemachine.data.sync.timeout = 10s (default)
2019-09-24 18:11:31,407 [pool-42-thread-1] INFO  server.RaftServerConfigKeys (ConfUtils.java:logGet(43)) - raft.server.snapshot.auto.trigger.threshold = 10000 (custom)
2019-09-24 18:11:31,407 [pool-62-thread-1] INFO  server.RaftServerConfigKeys (ConfUtils.java:logGet(43)) - raft.server.log.statemachine.data.sync.timeout.retry = -1 (default)
2019-09-24 18:11:31,407 [pool-42-thread-1] INFO  server.RaftServerConfigKeys (ConfUtils.java:logGet(43)) - raft.server.snapshot.retention.num.files = 5 (custom)
2019-09-24 18:11:31,407 [pool-62-thread-1] INFO  server.RaftServerConfigKeys (ConfUtils.java:logGet(43)) - raft.server.log.statemachine.data.caching.enabled = true (custom)
2019-09-24 18:11:31,407 [pool-42-thread-1] INFO  server.RaftServerConfigKeys (ConfUtils.java:logGet(43)) - raft.server.retrycache.expirytime = 600000ms (custom)
2019-09-24 18:11:31,407 [pool-62-thread-1] INFO  segmented.SegmentedRaftLogWorker (SegmentedRaftLogWorker.java:lambda$new$0(132)) - 165cd824-9508-47b7-9a26-a1da7d8cc554@group-F0FF8E4ABA79-SegmentedRaftLogWorker: flushIndex: setUnconditionally 0 -> -1
2019-09-24 18:11:31,408 [pool-62-thread-1] INFO  server.RaftServerConfigKeys (ConfUtils.java:logGet(43)) - raft.server.snapshot.auto.trigger.enabled = true (custom)
2019-09-24 18:11:31,408 [pool-62-thread-1] INFO  server.RaftServerConfigKeys (ConfUtils.java:logGet(43)) - raft.server.snapshot.auto.trigger.threshold = 10000 (custom)
2019-09-24 18:11:31,408 [pool-62-thread-1] INFO  server.RaftServerConfigKeys (ConfUtils.java:logGet(43)) - raft.server.snapshot.retention.num.files = 5 (custom)
2019-09-24 18:11:31,408 [pool-62-thread-1] INFO  server.RaftServerConfigKeys (ConfUtils.java:logGet(43)) - raft.server.retrycache.expirytime = 600000ms (custom)
2019-09-24 18:11:31,413 [pool-52-thread-1] INFO  impl.RaftServerImpl (RaftServerImpl.java:<init>(95)) - 74676e76-599c-4b85-957c-ba96e045280e: new RaftServerImpl for group-FE99038DF347:[165cd824-9508-47b7-9a26-a1da7d8cc554:192.168.5.148:41649, 74676e76-599c-4b85-957c-ba96e045280e:192.168.5.148:39518, 2c7c9e22-26ed-4416-8ebe-07cbe3ead7bd:192.168.5.148:40900] with ContainerStateMachine:uninitialized
2019-09-24 18:11:31,413 [pool-52-thread-1] INFO  server.RaftServerConfigKeys (ConfUtils.java:logGet(43)) - raft.server.rpc.timeout.min = 5s (custom)
2019-09-24 18:11:31,414 [pool-52-thread-1] INFO  server.RaftServerConfigKeys (ConfUtils.java:logGet(43)) - raft.server.rpc.timeout.max = 5200ms (custom)
2019-09-24 18:11:31,414 [pool-52-thread-1] INFO  server.RaftServerConfigKeys (ConfUtils.java:logGet(43)) - raft.server.rpcslowness.timeout = 120s (custom)
2019-09-24 18:11:31,414 [pool-52-thread-1] INFO  server.RaftServerConfigKeys (ConfUtils.java:logGet(43)) - raft.server.sleep.deviation.threshold = 300 (default)
2019-09-24 18:11:31,414 [pool-42-thread-1] INFO  impl.RaftServerImpl (RaftServerImpl.java:<init>(95)) - 2c7c9e22-26ed-4416-8ebe-07cbe3ead7bd: new RaftServerImpl for group-FE99038DF347:[165cd824-9508-47b7-9a26-a1da7d8cc554:192.168.5.148:41649, 74676e76-599c-4b85-957c-ba96e045280e:192.168.5.148:39518, 2c7c9e22-26ed-4416-8ebe-07cbe3ead7bd:192.168.5.148:40900] with ContainerStateMachine:uninitialized
2019-09-24 18:11:31,414 [pool-52-thread-1] INFO  server.RaftServerConfigKeys (ConfUtils.java:logGet(43)) - raft.server.log.appender.install.snapshot.enabled = false (custom)
2019-09-24 18:11:31,414 [pool-42-thread-1] INFO  server.RaftServerConfigKeys (ConfUtils.java:logGet(43)) - raft.server.rpc.timeout.min = 5s (custom)
2019-09-24 18:11:31,414 [pool-52-thread-1] INFO  impl.RaftServerImpl (ServerState.java:<init>(103)) - 74676e76-599c-4b85-957c-ba96e045280e@group-FE99038DF347: ConfigurationManager, init=-1: [165cd824-9508-47b7-9a26-a1da7d8cc554:192.168.5.148:41649, 74676e76-599c-4b85-957c-ba96e045280e:192.168.5.148:39518, 2c7c9e22-26ed-4416-8ebe-07cbe3ead7bd:192.168.5.148:40900], old=null, confs=<EMPTY_MAP>
2019-09-24 18:11:31,414 [pool-62-thread-1] INFO  impl.RaftServerImpl (RaftServerImpl.java:<init>(95)) - 165cd824-9508-47b7-9a26-a1da7d8cc554: new RaftServerImpl for group-FE99038DF347:[165cd824-9508-47b7-9a26-a1da7d8cc554:192.168.5.148:41649, 74676e76-599c-4b85-957c-ba96e045280e:192.168.5.148:39518, 2c7c9e22-26ed-4416-8ebe-07cbe3ead7bd:192.168.5.148:40900] with ContainerStateMachine:uninitialized
2019-09-24 18:11:31,415 [pool-42-thread-1] INFO  server.RaftServerConfigKeys (ConfUtils.java:logGet(43)) - raft.server.rpc.timeout.max = 5200ms (custom)
2019-09-24 18:11:31,415 [pool-52-thread-1] INFO  server.RaftServerConfigKeys (ConfUtils.java:logGet(43)) - raft.server.storage.dir = [/workdir/hadoop-ozone/integration-test/target/test-dir/MiniOzoneClusterImpl-42bba134-5a67-4562-bb40-e54cb25fe1f1/datanode-2/data/ratis] (custom)
2019-09-24 18:11:31,415 [pool-62-thread-1] INFO  server.RaftServerConfigKeys (ConfUtils.java:logGet(43)) - raft.server.rpc.timeout.min = 5s (custom)
2019-09-24 18:11:31,415 [pool-42-thread-1] INFO  server.RaftServerConfigKeys (ConfUtils.java:logGet(43)) - raft.server.rpcslowness.timeout = 120s (custom)
2019-09-24 18:11:31,415 [pool-62-thread-1] INFO  server.RaftServerConfigKeys (ConfUtils.java:logGet(43)) - raft.server.rpc.timeout.max = 5200ms (custom)
2019-09-24 18:11:31,415 [pool-42-thread-1] INFO  server.RaftServerConfigKeys (ConfUtils.java:logGet(43)) - raft.server.sleep.deviation.threshold = 300 (default)
2019-09-24 18:11:31,415 [pool-62-thread-1] INFO  server.RaftServerConfigKeys (ConfUtils.java:logGet(43)) - raft.server.rpcslowness.timeout = 120s (custom)
2019-09-24 18:11:31,415 [pool-52-thread-1] INFO  storage.RaftStorageDirectory (RaftStorageDirectory.java:analyzeStorage(246)) - The storage directory /workdir/hadoop-ozone/integration-test/target/test-dir/MiniOzoneClusterImpl-42bba134-5a67-4562-bb40-e54cb25fe1f1/datanode-2/data/ratis/ceef65b9-fe2f-43ea-a25e-fe99038df347 does not exist. Creating ...
2019-09-24 18:11:31,416 [pool-62-thread-1] INFO  server.RaftServerConfigKeys (ConfUtils.java:logGet(43)) - raft.server.sleep.deviation.threshold = 300 (default)
2019-09-24 18:11:31,415 [pool-42-thread-1] INFO  server.RaftServerConfigKeys (ConfUtils.java:logGet(43)) - raft.server.log.appender.install.snapshot.enabled = false (custom)
2019-09-24 18:11:31,416 [pool-62-thread-1] INFO  server.RaftServerConfigKeys (ConfUtils.java:logGet(43)) - raft.server.log.appender.install.snapshot.enabled = false (custom)
2019-09-24 18:11:31,416 [pool-42-thread-1] INFO  impl.RaftServerImpl (ServerState.java:<init>(103)) - 2c7c9e22-26ed-4416-8ebe-07cbe3ead7bd@group-FE99038DF347: ConfigurationManager, init=-1: [165cd824-9508-47b7-9a26-a1da7d8cc554:192.168.5.148:41649, 74676e76-599c-4b85-957c-ba96e045280e:192.168.5.148:39518, 2c7c9e22-26ed-4416-8ebe-07cbe3ead7bd:192.168.5.148:40900], old=null, confs=<EMPTY_MAP>
2019-09-24 18:11:31,416 [pool-62-thread-1] INFO  impl.RaftServerImpl (ServerState.java:<init>(103)) - 165cd824-9508-47b7-9a26-a1da7d8cc554@group-FE99038DF347: ConfigurationManager, init=-1: [165cd824-9508-47b7-9a26-a1da7d8cc554:192.168.5.148:41649, 74676e76-599c-4b85-957c-ba96e045280e:192.168.5.148:39518, 2c7c9e22-26ed-4416-8ebe-07cbe3ead7bd:192.168.5.148:40900], old=null, confs=<EMPTY_MAP>
2019-09-24 18:11:31,416 [pool-62-thread-1] INFO  server.RaftServerConfigKeys (ConfUtils.java:logGet(43)) - raft.server.storage.dir = [/workdir/hadoop-ozone/integration-test/target/test-dir/MiniOzoneClusterImpl-42bba134-5a67-4562-bb40-e54cb25fe1f1/datanode-3/data/ratis] (custom)
2019-09-24 18:11:31,416 [pool-42-thread-1] INFO  server.RaftServerConfigKeys (ConfUtils.java:logGet(43)) - raft.server.storage.dir = [/workdir/hadoop-ozone/integration-test/target/test-dir/MiniOzoneClusterImpl-42bba134-5a67-4562-bb40-e54cb25fe1f1/datanode-1/data/ratis] (custom)
2019-09-24 18:11:31,417 [pool-62-thread-1] INFO  storage.RaftStorageDirectory (RaftStorageDirectory.java:analyzeStorage(246)) - The storage directory /workdir/hadoop-ozone/integration-test/target/test-dir/MiniOzoneClusterImpl-42bba134-5a67-4562-bb40-e54cb25fe1f1/datanode-3/data/ratis/ceef65b9-fe2f-43ea-a25e-fe99038df347 does not exist. Creating ...
2019-09-24 18:11:31,417 [pool-42-thread-1] INFO  storage.RaftStorageDirectory (RaftStorageDirectory.java:analyzeStorage(246)) - The storage directory /workdir/hadoop-ozone/integration-test/target/test-dir/MiniOzoneClusterImpl-42bba134-5a67-4562-bb40-e54cb25fe1f1/datanode-1/data/ratis/ceef65b9-fe2f-43ea-a25e-fe99038df347 does not exist. Creating ...
2019-09-24 18:11:36,404 [pool-62-thread-1] INFO  storage.RaftStorageDirectory (RaftStorageDirectory.java:tryLock(328)) - Lock on /workdir/hadoop-ozone/integration-test/target/test-dir/MiniOzoneClusterImpl-42bba134-5a67-4562-bb40-e54cb25fe1f1/datanode-3/data/ratis/ceef65b9-fe2f-43ea-a25e-fe99038df347/in_use.lock acquired by nodename 10715@pr-hdds-2149-fgl4f-1742389470
2019-09-24 18:11:36,404 [pool-42-thread-1] INFO  storage.RaftStorageDirectory (RaftStorageDirectory.java:tryLock(328)) - Lock on /workdir/hadoop-ozone/integration-test/target/test-dir/MiniOzoneClusterImpl-42bba134-5a67-4562-bb40-e54cb25fe1f1/datanode-1/data/ratis/ceef65b9-fe2f-43ea-a25e-fe99038df347/in_use.lock acquired by nodename 10715@pr-hdds-2149-fgl4f-1742389470
2019-09-24 18:11:36,404 [pool-52-thread-1] INFO  storage.RaftStorageDirectory (RaftStorageDirectory.java:tryLock(328)) - Lock on /workdir/hadoop-ozone/integration-test/target/test-dir/MiniOzoneClusterImpl-42bba134-5a67-4562-bb40-e54cb25fe1f1/datanode-2/data/ratis/ceef65b9-fe2f-43ea-a25e-fe99038df347/in_use.lock acquired by nodename 10715@pr-hdds-2149-fgl4f-1742389470
2019-09-24 18:11:36,475 [pool-52-thread-1] INFO  storage.RaftStorage (RaftStorage.java:format(72)) - Storage directory /workdir/hadoop-ozone/integration-test/target/test-dir/MiniOzoneClusterImpl-42bba134-5a67-4562-bb40-e54cb25fe1f1/datanode-2/data/ratis/ceef65b9-fe2f-43ea-a25e-fe99038df347 has been successfully formatted.
2019-09-24 18:11:36,475 [pool-42-thread-1] INFO  storage.RaftStorage (RaftStorage.java:format(72)) - Storage directory /workdir/hadoop-ozone/integration-test/target/test-dir/MiniOzoneClusterImpl-42bba134-5a67-4562-bb40-e54cb25fe1f1/datanode-1/data/ratis/ceef65b9-fe2f-43ea-a25e-fe99038df347 has been successfully formatted.
2019-09-24 18:11:36,475 [pool-62-thread-1] INFO  storage.RaftStorage (RaftStorage.java:format(72)) - Storage directory /workdir/hadoop-ozone/integration-test/target/test-dir/MiniOzoneClusterImpl-42bba134-5a67-4562-bb40-e54cb25fe1f1/datanode-3/data/ratis/ceef65b9-fe2f-43ea-a25e-fe99038df347 has been successfully formatted.
2019-09-24 18:11:36,476 [pool-52-thread-1] INFO  ratis.ContainerStateMachine (ContainerStateMachine.java:loadSnapshot(230)) - group-FE99038DF347: The snapshot info is null. Setting the last applied indexto:(t:0, i:~)
2019-09-24 18:11:36,476 [pool-42-thread-1] INFO  ratis.ContainerStateMachine (ContainerStateMachine.java:loadSnapshot(230)) - group-FE99038DF347: The snapshot info is null. Setting the last applied indexto:(t:0, i:~)
2019-09-24 18:11:36,476 [pool-52-thread-1] INFO  server.RaftServerConfigKeys (ConfUtils.java:logGet(43)) - raft.server.notification.no-leader.timeout = 120s (custom)
2019-09-24 18:11:36,476 [pool-62-thread-1] INFO  ratis.ContainerStateMachine (ContainerStateMachine.java:loadSnapshot(230)) - group-FE99038DF347: The snapshot info is null. Setting the last applied indexto:(t:0, i:~)
2019-09-24 18:11:36,476 [pool-52-thread-1] INFO  server.RaftServerConfigKeys (ConfUtils.java:logGet(43)) - raft.server.log.use.memory = false (default)
2019-09-24 18:11:36,476 [pool-42-thread-1] INFO  server.RaftServerConfigKeys (ConfUtils.java:logGet(43)) - raft.server.notification.no-leader.timeout = 120s (custom)
2019-09-24 18:11:36,477 [pool-52-thread-1] INFO  server.RaftServerConfigKeys (ConfUtils.java:logGet(43)) - raft.server.log.purge.gap = 1000000 (custom)
2019-09-24 18:11:36,477 [pool-62-thread-1] INFO  server.RaftServerConfigKeys (ConfUtils.java:logGet(43)) - raft.server.notification.no-leader.timeout = 120s (custom)
2019-09-24 18:11:36,477 [pool-52-thread-1] INFO  server.RaftServerConfigKeys (ConfUtils.java:logGet(43)) - raft.server.log.appender.buffer.byte-limit = 33554432 (custom)
2019-09-24 18:11:36,477 [pool-42-thread-1] INFO  server.RaftServerConfigKeys (ConfUtils.java:logGet(43)) - raft.server.log.use.memory = false (default)
2019-09-24 18:11:36,477 [pool-52-thread-1] INFO  server.RaftServerConfigKeys (ConfUtils.java:logGet(43)) - raft.server.log.segment.size.max = 1048576 (custom)
2019-09-24 18:11:36,477 [pool-62-thread-1] INFO  server.RaftServerConfigKeys (ConfUtils.java:logGet(43)) - raft.server.log.use.memory = false (default)
2019-09-24 18:11:36,478 [pool-52-thread-1] INFO  server.RaftServerConfigKeys (ConfUtils.java:logGet(43)) - raft.server.log.segment.cache.num.max = 2 (custom)
2019-09-24 18:11:36,478 [pool-42-thread-1] INFO  server.RaftServerConfigKeys (ConfUtils.java:logGet(43)) - raft.server.log.purge.gap = 1000000 (custom)
2019-09-24 18:11:36,478 [pool-52-thread-1] INFO  segmented.SegmentedRaftLogWorker (SegmentedRaftLogWorker.java:<init>(172)) - new 74676e76-599c-4b85-957c-ba96e045280e@group-FE99038DF347-SegmentedRaftLogWorker for RaftStorage:Storage Directory /workdir/hadoop-ozone/integration-test/target/test-dir/MiniOzoneClusterImpl-42bba134-5a67-4562-bb40-e54cb25fe1f1/datanode-2/data/ratis/ceef65b9-fe2f-43ea-a25e-fe99038df347
2019-09-24 18:11:36,478 [pool-62-thread-1] INFO  server.RaftServerConfigKeys (ConfUtils.java:logGet(43)) - raft.server.log.purge.gap = 1000000 (custom)
2019-09-24 18:11:36,479 [pool-52-thread-1] INFO  server.RaftServerConfigKeys (ConfUtils.java:logGet(43)) - raft.server.log.queue.byte-limit = 2147483647 (custom)
2019-09-24 18:11:36,478 [pool-42-thread-1] INFO  server.RaftServerConfigKeys (ConfUtils.java:logGet(43)) - raft.server.log.appender.buffer.byte-limit = 33554432 (custom)
2019-09-24 18:11:36,479 [pool-52-thread-1] INFO  server.RaftServerConfigKeys (ConfUtils.java:logGet(43)) - raft.server.log.queue.element-limit = 1024 (custom)
2019-09-24 18:11:36,479 [pool-62-thread-1] INFO  server.RaftServerConfigKeys (ConfUtils.java:logGet(43)) - raft.server.log.appender.buffer.byte-limit = 33554432 (custom)
2019-09-24 18:11:36,479 [pool-52-thread-1] INFO  server.RaftServerConfigKeys (ConfUtils.java:logGet(43)) - raft.server.log.segment.size.max = 1048576 (custom)
2019-09-24 18:11:36,479 [pool-42-thread-1] INFO  server.RaftServerConfigKeys (ConfUtils.java:logGet(43)) - raft.server.log.segment.size.max = 1048576 (custom)
2019-09-24 18:11:36,480 [pool-52-thread-1] INFO  server.RaftServerConfigKeys (ConfUtils.java:logGet(43)) - raft.server.log.preallocated.size = 16384 (custom)
2019-09-24 18:11:36,480 [pool-62-thread-1] INFO  server.RaftServerConfigKeys (ConfUtils.java:logGet(43)) - raft.server.log.segment.size.max = 1048576 (custom)
2019-09-24 18:11:36,480 [pool-52-thread-1] INFO  server.RaftServerConfigKeys (ConfUtils.java:logGet(43)) - raft.server.log.write.buffer.size = 33554432 (custom)
2019-09-24 18:11:36,480 [pool-42-thread-1] INFO  server.RaftServerConfigKeys (ConfUtils.java:logGet(43)) - raft.server.log.segment.cache.num.max = 2 (custom)
2019-09-24 18:11:36,481 [pool-52-thread-1] INFO  server.RaftServerConfigKeys (ConfUtils.java:logGet(43)) - raft.server.log.force.sync.num = 128 (default)
2019-09-24 18:11:36,480 [pool-62-thread-1] INFO  server.RaftServerConfigKeys (ConfUtils.java:logGet(43)) - raft.server.log.segment.cache.num.max = 2 (custom)
2019-09-24 18:11:36,481 [pool-52-thread-1] INFO  server.RaftServerConfigKeys (ConfUtils.java:logGet(43)) - raft.server.log.statemachine.data.sync = true (default)
2019-09-24 18:11:36,481 [pool-42-thread-1] INFO  segmented.SegmentedRaftLogWorker (SegmentedRaftLogWorker.java:<init>(172)) - new 2c7c9e22-26ed-4416-8ebe-07cbe3ead7bd@group-FE99038DF347-SegmentedRaftLogWorker for RaftStorage:Storage Directory /workdir/hadoop-ozone/integration-test/target/test-dir/MiniOzoneClusterImpl-42bba134-5a67-4562-bb40-e54cb25fe1f1/datanode-1/data/ratis/ceef65b9-fe2f-43ea-a25e-fe99038df347
2019-09-24 18:11:36,482 [pool-52-thread-1] INFO  server.RaftServerConfigKeys (ConfUtils.java:logGet(43)) - raft.server.log.statemachine.data.sync.timeout = 10s (default)
2019-09-24 18:11:36,481 [pool-62-thread-1] INFO  segmented.SegmentedRaftLogWorker (SegmentedRaftLogWorker.java:<init>(172)) - new 165cd824-9508-47b7-9a26-a1da7d8cc554@group-FE99038DF347-SegmentedRaftLogWorker for RaftStorage:Storage Directory /workdir/hadoop-ozone/integration-test/target/test-dir/MiniOzoneClusterImpl-42bba134-5a67-4562-bb40-e54cb25fe1f1/datanode-3/data/ratis/ceef65b9-fe2f-43ea-a25e-fe99038df347
2019-09-24 18:11:36,482 [pool-52-thread-1] INFO  server.RaftServerConfigKeys (ConfUtils.java:logGet(43)) - raft.server.log.statemachine.data.sync.timeout.retry = -1 (default)
2019-09-24 18:11:36,482 [pool-42-thread-1] INFO  server.RaftServerConfigKeys (ConfUtils.java:logGet(43)) - raft.server.log.queue.byte-limit = 2147483647 (custom)
2019-09-24 18:11:36,482 [pool-52-thread-1] INFO  server.RaftServerConfigKeys (ConfUtils.java:logGet(43)) - raft.server.log.statemachine.data.caching.enabled = true (custom)
2019-09-24 18:11:36,482 [pool-62-thread-1] INFO  server.RaftServerConfigKeys (ConfUtils.java:logGet(43)) - raft.server.log.queue.byte-limit = 2147483647 (custom)
2019-09-24 18:11:36,482 [pool-42-thread-1] INFO  server.RaftServerConfigKeys (ConfUtils.java:logGet(43)) - raft.server.log.queue.element-limit = 1024 (custom)
2019-09-24 18:11:36,483 [pool-52-thread-1] INFO  segmented.SegmentedRaftLogWorker (SegmentedRaftLogWorker.java:lambda$new$0(132)) - 74676e76-599c-4b85-957c-ba96e045280e@group-FE99038DF347-SegmentedRaftLogWorker: flushIndex: setUnconditionally 0 -> -1
2019-09-24 18:11:36,483 [pool-62-thread-1] INFO  server.RaftServerConfigKeys (ConfUtils.java:logGet(43)) - raft.server.log.queue.element-limit = 1024 (custom)
2019-09-24 18:11:36,483 [pool-42-thread-1] INFO  server.RaftServerConfigKeys (ConfUtils.java:logGet(43)) - raft.server.log.segment.size.max = 1048576 (custom)
2019-09-24 18:11:36,484 [pool-62-thread-1] INFO  server.RaftServerConfigKeys (ConfUtils.java:logGet(43)) - raft.server.log.segment.size.max = 1048576 (custom)
2019-09-24 18:11:36,483 [pool-52-thread-1] INFO  server.RaftServerConfigKeys (ConfUtils.java:logGet(43)) - raft.server.snapshot.auto.trigger.enabled = true (custom)
2019-09-24 18:11:36,484 [pool-62-thread-1] INFO  server.RaftServerConfigKeys (ConfUtils.java:logGet(43)) - raft.server.log.preallocated.size = 16384 (custom)
2019-09-24 18:11:36,484 [pool-42-thread-1] INFO  server.RaftServerConfigKeys (ConfUtils.java:logGet(43)) - raft.server.log.preallocated.size = 16384 (custom)
2019-09-24 18:11:36,484 [pool-62-thread-1] INFO  server.RaftServerConfigKeys (ConfUtils.java:logGet(43)) - raft.server.log.write.buffer.size = 33554432 (custom)
2019-09-24 18:11:36,484 [pool-52-thread-1] INFO  server.RaftServerConfigKeys (ConfUtils.java:logGet(43)) - raft.server.snapshot.auto.trigger.threshold = 10000 (custom)
2019-09-24 18:11:36,485 [pool-62-thread-1] INFO  server.RaftServerConfigKeys (ConfUtils.java:logGet(43)) - raft.server.log.force.sync.num = 128 (default)
2019-09-24 18:11:36,484 [pool-42-thread-1] INFO  server.RaftServerConfigKeys (ConfUtils.java:logGet(43)) - raft.server.log.write.buffer.size = 33554432 (custom)
2019-09-24 18:11:36,485 [pool-62-thread-1] INFO  server.RaftServerConfigKeys (ConfUtils.java:logGet(43)) - raft.server.log.statemachine.data.sync = true (default)
2019-09-24 18:11:36,485 [pool-52-thread-1] INFO  server.RaftServerConfigKeys (ConfUtils.java:logGet(43)) - raft.server.snapshot.retention.num.files = 5 (custom)
2019-09-24 18:11:36,485 [pool-62-thread-1] INFO  server.RaftServerConfigKeys (ConfUtils.java:logGet(43)) - raft.server.log.statemachine.data.sync.timeout = 10s (default)
2019-09-24 18:11:36,485 [pool-42-thread-1] INFO  server.RaftServerConfigKeys (ConfUtils.java:logGet(43)) - raft.server.log.force.sync.num = 128 (default)
2019-09-24 18:11:36,486 [pool-62-thread-1] INFO  server.RaftServerConfigKeys (ConfUtils.java:logGet(43)) - raft.server.log.statemachine.data.sync.timeout.retry = -1 (default)
2019-09-24 18:11:36,485 [pool-52-thread-1] INFO  server.RaftServerConfigKeys (ConfUtils.java:logGet(43)) - raft.server.retrycache.expirytime = 600000ms (custom)
2019-09-24 18:11:36,486 [pool-62-thread-1] INFO  server.RaftServerConfigKeys (ConfUtils.java:logGet(43)) - raft.server.log.statemachine.data.caching.enabled = true (custom)
2019-09-24 18:11:36,486 [pool-42-thread-1] INFO  server.RaftServerConfigKeys (ConfUtils.java:logGet(43)) - raft.server.log.statemachine.data.sync = true (default)
2019-09-24 18:11:36,487 [pool-42-thread-1] INFO  server.RaftServerConfigKeys (ConfUtils.java:logGet(43)) - raft.server.log.statemachine.data.sync.timeout = 10s (default)
2019-09-24 18:11:36,487 [pool-62-thread-1] INFO  segmented.SegmentedRaftLogWorker (SegmentedRaftLogWorker.java:lambda$new$0(132)) - 165cd824-9508-47b7-9a26-a1da7d8cc554@group-FE99038DF347-SegmentedRaftLogWorker: flushIndex: setUnconditionally 0 -> -1
2019-09-24 18:11:36,487 [pool-42-thread-1] INFO  server.RaftServerConfigKeys (ConfUtils.java:logGet(43)) - raft.server.log.statemachine.data.sync.timeout.retry = -1 (default)
2019-09-24 18:11:36,487 [pool-62-thread-1] INFO  server.RaftServerConfigKeys (ConfUtils.java:logGet(43)) - raft.server.snapshot.auto.trigger.enabled = true (custom)
2019-09-24 18:11:36,487 [pool-42-thread-1] INFO  server.RaftServerConfigKeys (ConfUtils.java:logGet(43)) - raft.server.log.statemachine.data.caching.enabled = true (custom)
2019-09-24 18:11:36,487 [pool-62-thread-1] INFO  server.RaftServerConfigKeys (ConfUtils.java:logGet(43)) - raft.server.snapshot.auto.trigger.threshold = 10000 (custom)
2019-09-24 18:11:36,487 [pool-62-thread-1] INFO  server.RaftServerConfigKeys (ConfUtils.java:logGet(43)) - raft.server.snapshot.retention.num.files = 5 (custom)
2019-09-24 18:11:36,488 [pool-42-thread-1] INFO  segmented.SegmentedRaftLogWorker (SegmentedRaftLogWorker.java:lambda$new$0(132)) - 2c7c9e22-26ed-4416-8ebe-07cbe3ead7bd@group-FE99038DF347-SegmentedRaftLogWorker: flushIndex: setUnconditionally 0 -> -1
2019-09-24 18:11:36,488 [pool-62-thread-1] INFO  server.RaftServerConfigKeys (ConfUtils.java:logGet(43)) - raft.server.retrycache.expirytime = 600000ms (custom)
2019-09-24 18:11:36,488 [pool-42-thread-1] INFO  server.RaftServerConfigKeys (ConfUtils.java:logGet(43)) - raft.server.snapshot.auto.trigger.enabled = true (custom)
2019-09-24 18:11:36,488 [pool-42-thread-1] INFO  server.RaftServerConfigKeys (ConfUtils.java:logGet(43)) - raft.server.snapshot.auto.trigger.threshold = 10000 (custom)
2019-09-24 18:11:36,488 [pool-42-thread-1] INFO  server.RaftServerConfigKeys (ConfUtils.java:logGet(43)) - raft.server.snapshot.retention.num.files = 5 (custom)
2019-09-24 18:11:36,489 [pool-42-thread-1] INFO  server.RaftServerConfigKeys (ConfUtils.java:logGet(43)) - raft.server.retrycache.expirytime = 600000ms (custom)
2019-09-24 18:11:36,490 [pool-52-thread-1] INFO  impl.RaftServerImpl (RaftServerImpl.java:start(185)) - 74676e76-599c-4b85-957c-ba96e045280e@group-F0FF8E4ABA79: start as a follower, conf=-1: [165cd824-9508-47b7-9a26-a1da7d8cc554:192.168.5.148:41649, 74676e76-599c-4b85-957c-ba96e045280e:192.168.5.148:39518, 2c7c9e22-26ed-4416-8ebe-07cbe3ead7bd:192.168.5.148:40900], old=null
2019-09-24 18:11:36,491 [pool-52-thread-1] INFO  impl.RaftServerImpl (RaftServerImpl.java:setRole(174)) - 74676e76-599c-4b85-957c-ba96e045280e@group-F0FF8E4ABA79: changes role from      null to FOLLOWER at term 0 for startAsFollower
2019-09-24 18:11:36,491 [pool-52-thread-1] INFO  impl.RoleInfo (RoleInfo.java:updateAndGet(143)) - 74676e76-599c-4b85-957c-ba96e045280e: start FollowerState
2019-09-24 18:11:36,492 [pool-52-thread-1] INFO  util.JmxRegister (JmxRegister.java:tryRegister(44)) - Successfully registered JMX Bean with object name Ratis:service=RaftServer,group=group-F0FF8E4ABA79,id=74676e76-599c-4b85-957c-ba96e045280e
2019-09-24 18:11:36,492 [pool-62-thread-1] INFO  impl.RaftServerImpl (RaftServerImpl.java:start(185)) - 165cd824-9508-47b7-9a26-a1da7d8cc554@group-F0FF8E4ABA79: start as a follower, conf=-1: [165cd824-9508-47b7-9a26-a1da7d8cc554:192.168.5.148:41649, 74676e76-599c-4b85-957c-ba96e045280e:192.168.5.148:39518, 2c7c9e22-26ed-4416-8ebe-07cbe3ead7bd:192.168.5.148:40900], old=null
2019-09-24 18:11:36,492 [pool-62-thread-1] INFO  impl.RaftServerImpl (RaftServerImpl.java:setRole(174)) - 165cd824-9508-47b7-9a26-a1da7d8cc554@group-F0FF8E4ABA79: changes role from      null to FOLLOWER at term 0 for startAsFollower
2019-09-24 18:11:36,492 [pool-62-thread-1] INFO  impl.RoleInfo (RoleInfo.java:updateAndGet(143)) - 165cd824-9508-47b7-9a26-a1da7d8cc554: start FollowerState
2019-09-24 18:11:36,492 [pool-52-thread-1] INFO  impl.RaftServerImpl (RaftServerImpl.java:start(185)) - 74676e76-599c-4b85-957c-ba96e045280e@group-FE99038DF347: start as a follower, conf=-1: [165cd824-9508-47b7-9a26-a1da7d8cc554:192.168.5.148:41649, 74676e76-599c-4b85-957c-ba96e045280e:192.168.5.148:39518, 2c7c9e22-26ed-4416-8ebe-07cbe3ead7bd:192.168.5.148:40900], old=null
2019-09-24 18:11:36,492 [pool-42-thread-1] INFO  impl.RaftServerImpl (RaftServerImpl.java:start(185)) - 2c7c9e22-26ed-4416-8ebe-07cbe3ead7bd@group-F0FF8E4ABA79: start as a follower, conf=-1: [165cd824-9508-47b7-9a26-a1da7d8cc554:192.168.5.148:41649, 74676e76-599c-4b85-957c-ba96e045280e:192.168.5.148:39518, 2c7c9e22-26ed-4416-8ebe-07cbe3ead7bd:192.168.5.148:40900], old=null
2019-09-24 18:11:36,493 [pool-52-thread-1] INFO  impl.RaftServerImpl (RaftServerImpl.java:setRole(174)) - 74676e76-599c-4b85-957c-ba96e045280e@group-FE99038DF347: changes role from      null to FOLLOWER at term 0 for startAsFollower
2019-09-24 18:11:36,493 [pool-62-thread-1] INFO  util.JmxRegister (JmxRegister.java:tryRegister(44)) - Successfully registered JMX Bean with object name Ratis:service=RaftServer,group=group-F0FF8E4ABA79,id=165cd824-9508-47b7-9a26-a1da7d8cc554
2019-09-24 18:11:36,493 [pool-42-thread-1] INFO  impl.RaftServerImpl (RaftServerImpl.java:setRole(174)) - 2c7c9e22-26ed-4416-8ebe-07cbe3ead7bd@group-F0FF8E4ABA79: changes role from      null to FOLLOWER at term 0 for startAsFollower
2019-09-24 18:11:36,493 [pool-52-thread-1] INFO  impl.RoleInfo (RoleInfo.java:updateAndGet(143)) - 74676e76-599c-4b85-957c-ba96e045280e: start FollowerState
2019-09-24 18:11:36,493 [pool-42-thread-1] INFO  impl.RoleInfo (RoleInfo.java:updateAndGet(143)) - 2c7c9e22-26ed-4416-8ebe-07cbe3ead7bd: start FollowerState
2019-09-24 18:11:36,493 [pool-62-thread-1] INFO  impl.RaftServerImpl (RaftServerImpl.java:start(185)) - 165cd824-9508-47b7-9a26-a1da7d8cc554@group-FE99038DF347: start as a follower, conf=-1: [165cd824-9508-47b7-9a26-a1da7d8cc554:192.168.5.148:41649, 74676e76-599c-4b85-957c-ba96e045280e:192.168.5.148:39518, 2c7c9e22-26ed-4416-8ebe-07cbe3ead7bd:192.168.5.148:40900], old=null
2019-09-24 18:11:36,494 [pool-62-thread-1] INFO  impl.RaftServerImpl (RaftServerImpl.java:setRole(174)) - 165cd824-9508-47b7-9a26-a1da7d8cc554@group-FE99038DF347: changes role from      null to FOLLOWER at term 0 for startAsFollower
2019-09-24 18:11:36,494 [pool-52-thread-1] INFO  util.JmxRegister (JmxRegister.java:tryRegister(44)) - Successfully registered JMX Bean with object name Ratis:service=RaftServer,group=group-FE99038DF347,id=74676e76-599c-4b85-957c-ba96e045280e
2019-09-24 18:11:36,494 [pool-42-thread-1] INFO  util.JmxRegister (JmxRegister.java:tryRegister(44)) - Successfully registered JMX Bean with object name Ratis:service=RaftServer,group=group-F0FF8E4ABA79,id=2c7c9e22-26ed-4416-8ebe-07cbe3ead7bd
2019-09-24 18:11:36,494 [pool-62-thread-1] INFO  impl.RoleInfo (RoleInfo.java:updateAndGet(143)) - 165cd824-9508-47b7-9a26-a1da7d8cc554: start FollowerState
2019-09-24 18:11:36,495 [pool-62-thread-1] INFO  util.JmxRegister (JmxRegister.java:tryRegister(44)) - Successfully registered JMX Bean with object name Ratis:service=RaftServer,group=group-FE99038DF347,id=165cd824-9508-47b7-9a26-a1da7d8cc554
2019-09-24 18:11:36,495 [pool-42-thread-1] INFO  impl.RaftServerImpl (RaftServerImpl.java:start(185)) - 2c7c9e22-26ed-4416-8ebe-07cbe3ead7bd@group-FE99038DF347: start as a follower, conf=-1: [165cd824-9508-47b7-9a26-a1da7d8cc554:192.168.5.148:41649, 74676e76-599c-4b85-957c-ba96e045280e:192.168.5.148:39518, 2c7c9e22-26ed-4416-8ebe-07cbe3ead7bd:192.168.5.148:40900], old=null
2019-09-24 18:11:36,495 [pool-42-thread-1] INFO  impl.RaftServerImpl (RaftServerImpl.java:setRole(174)) - 2c7c9e22-26ed-4416-8ebe-07cbe3ead7bd@group-FE99038DF347: changes role from      null to FOLLOWER at term 0 for startAsFollower
2019-09-24 18:11:36,495 [pool-42-thread-1] INFO  impl.RoleInfo (RoleInfo.java:updateAndGet(143)) - 2c7c9e22-26ed-4416-8ebe-07cbe3ead7bd: start FollowerState
2019-09-24 18:11:36,496 [pool-42-thread-1] INFO  util.JmxRegister (JmxRegister.java:tryRegister(44)) - Successfully registered JMX Bean with object name Ratis:service=RaftServer,group=group-FE99038DF347,id=2c7c9e22-26ed-4416-8ebe-07cbe3ead7bd
2019-09-24 18:11:36,553 [grpc-default-executor-1] INFO  impl.RaftServerProxy (RaftServerProxy.java:addNew(89)) - 165cd824-9508-47b7-9a26-a1da7d8cc554: addNew group-A95362D803F3:[165cd824-9508-47b7-9a26-a1da7d8cc554:192.168.5.148:41649, 74676e76-599c-4b85-957c-ba96e045280e:192.168.5.148:39518, 2c7c9e22-26ed-4416-8ebe-07cbe3ead7bd:192.168.5.148:40900] returns group-A95362D803F3:java.util.concurrent.CompletableFuture@1bf090c7[Not completed]
2019-09-24 18:11:36,555 [grpc-default-executor-3] INFO  impl.RaftServerProxy (RaftServerProxy.java:addNew(89)) - 2c7c9e22-26ed-4416-8ebe-07cbe3ead7bd: addNew group-A95362D803F3:[165cd824-9508-47b7-9a26-a1da7d8cc554:192.168.5.148:41649, 74676e76-599c-4b85-957c-ba96e045280e:192.168.5.148:39518, 2c7c9e22-26ed-4416-8ebe-07cbe3ead7bd:192.168.5.148:40900] returns group-A95362D803F3:java.util.concurrent.CompletableFuture@60174bd4[Not completed]
2019-09-24 18:11:36,555 [grpc-default-executor-1] INFO  impl.RaftServerProxy (RaftServerProxy.java:addNew(89)) - 74676e76-599c-4b85-957c-ba96e045280e: addNew group-A95362D803F3:[165cd824-9508-47b7-9a26-a1da7d8cc554:192.168.5.148:41649, 74676e76-599c-4b85-957c-ba96e045280e:192.168.5.148:39518, 2c7c9e22-26ed-4416-8ebe-07cbe3ead7bd:192.168.5.148:40900] returns group-A95362D803F3:java.util.concurrent.CompletableFuture@62eb7f3f[Not completed]
2019-09-24 18:11:36,557 [pool-62-thread-1] INFO  impl.RaftServerImpl (RaftServerImpl.java:<init>(95)) - 165cd824-9508-47b7-9a26-a1da7d8cc554: new RaftServerImpl for group-A95362D803F3:[165cd824-9508-47b7-9a26-a1da7d8cc554:192.168.5.148:41649, 74676e76-599c-4b85-957c-ba96e045280e:192.168.5.148:39518, 2c7c9e22-26ed-4416-8ebe-07cbe3ead7bd:192.168.5.148:40900] with ContainerStateMachine:uninitialized
2019-09-24 18:11:36,557 [pool-62-thread-1] INFO  server.RaftServerConfigKeys (ConfUtils.java:logGet(43)) - raft.server.rpc.timeout.min = 5s (custom)
2019-09-24 18:11:36,557 [pool-62-thread-1] INFO  server.RaftServerConfigKeys (ConfUtils.java:logGet(43)) - raft.server.rpc.timeout.max = 5200ms (custom)
2019-09-24 18:11:36,557 [pool-62-thread-1] INFO  server.RaftServerConfigKeys (ConfUtils.java:logGet(43)) - raft.server.rpcslowness.timeout = 120s (custom)
2019-09-24 18:11:36,557 [pool-62-thread-1] INFO  server.RaftServerConfigKeys (ConfUtils.java:logGet(43)) - raft.server.sleep.deviation.threshold = 300 (default)
2019-09-24 18:11:36,558 [pool-62-thread-1] INFO  server.RaftServerConfigKeys (ConfUtils.java:logGet(43)) - raft.server.log.appender.install.snapshot.enabled = false (custom)
2019-09-24 18:11:36,558 [pool-62-thread-1] INFO  impl.RaftServerImpl (ServerState.java:<init>(103)) - 165cd824-9508-47b7-9a26-a1da7d8cc554@group-A95362D803F3: ConfigurationManager, init=-1: [165cd824-9508-47b7-9a26-a1da7d8cc554:192.168.5.148:41649, 74676e76-599c-4b85-957c-ba96e045280e:192.168.5.148:39518, 2c7c9e22-26ed-4416-8ebe-07cbe3ead7bd:192.168.5.148:40900], old=null, confs=<EMPTY_MAP>
2019-09-24 18:11:36,558 [pool-62-thread-1] INFO  server.RaftServerConfigKeys (ConfUtils.java:logGet(43)) - raft.server.storage.dir = [/workdir/hadoop-ozone/integration-test/target/test-dir/MiniOzoneClusterImpl-42bba134-5a67-4562-bb40-e54cb25fe1f1/datanode-3/data/ratis] (custom)
2019-09-24 18:11:36,558 [pool-52-thread-1] INFO  impl.RaftServerImpl (RaftServerImpl.java:<init>(95)) - 74676e76-599c-4b85-957c-ba96e045280e: new RaftServerImpl for group-A95362D803F3:[165cd824-9508-47b7-9a26-a1da7d8cc554:192.168.5.148:41649, 74676e76-599c-4b85-957c-ba96e045280e:192.168.5.148:39518, 2c7c9e22-26ed-4416-8ebe-07cbe3ead7bd:192.168.5.148:40900] with ContainerStateMachine:uninitialized
2019-09-24 18:11:36,558 [pool-62-thread-1] INFO  storage.RaftStorageDirectory (RaftStorageDirectory.java:analyzeStorage(246)) - The storage directory /workdir/hadoop-ozone/integration-test/target/test-dir/MiniOzoneClusterImpl-42bba134-5a67-4562-bb40-e54cb25fe1f1/datanode-3/data/ratis/cbb4b33a-9246-4704-bf14-a95362d803f3 does not exist. Creating ...
2019-09-24 18:11:36,558 [pool-52-thread-1] INFO  server.RaftServerConfigKeys (ConfUtils.java:logGet(43)) - raft.server.rpc.timeout.min = 5s (custom)
2019-09-24 18:11:36,559 [pool-52-thread-1] INFO  server.RaftServerConfigKeys (ConfUtils.java:logGet(43)) - raft.server.rpc.timeout.max = 5200ms (custom)
2019-09-24 18:11:36,559 [pool-52-thread-1] INFO  server.RaftServerConfigKeys (ConfUtils.java:logGet(43)) - raft.server.rpcslowness.timeout = 120s (custom)
2019-09-24 18:11:36,559 [pool-52-thread-1] INFO  server.RaftServerConfigKeys (ConfUtils.java:logGet(43)) - raft.server.sleep.deviation.threshold = 300 (default)
2019-09-24 18:11:36,559 [pool-42-thread-1] INFO  impl.RaftServerImpl (RaftServerImpl.java:<init>(95)) - 2c7c9e22-26ed-4416-8ebe-07cbe3ead7bd: new RaftServerImpl for group-A95362D803F3:[165cd824-9508-47b7-9a26-a1da7d8cc554:192.168.5.148:41649, 74676e76-599c-4b85-957c-ba96e045280e:192.168.5.148:39518, 2c7c9e22-26ed-4416-8ebe-07cbe3ead7bd:192.168.5.148:40900] with ContainerStateMachine:uninitialized
2019-09-24 18:11:36,559 [pool-52-thread-1] INFO  server.RaftServerConfigKeys (ConfUtils.java:logGet(43)) - raft.server.log.appender.install.snapshot.enabled = false (custom)
2019-09-24 18:11:36,559 [pool-42-thread-1] INFO  server.RaftServerConfigKeys (ConfUtils.java:logGet(43)) - raft.server.rpc.timeout.min = 5s (custom)
2019-09-24 18:11:36,560 [pool-52-thread-1] INFO  impl.RaftServerImpl (ServerState.java:<init>(103)) - 74676e76-599c-4b85-957c-ba96e045280e@group-A95362D803F3: ConfigurationManager, init=-1: [165cd824-9508-47b7-9a26-a1da7d8cc554:192.168.5.148:41649, 74676e76-599c-4b85-957c-ba96e045280e:192.168.5.148:39518, 2c7c9e22-26ed-4416-8ebe-07cbe3ead7bd:192.168.5.148:40900], old=null, confs=<EMPTY_MAP>
2019-09-24 18:11:36,560 [pool-42-thread-1] INFO  server.RaftServerConfigKeys (ConfUtils.java:logGet(43)) - raft.server.rpc.timeout.max = 5200ms (custom)
2019-09-24 18:11:36,560 [pool-52-thread-1] INFO  server.RaftServerConfigKeys (ConfUtils.java:logGet(43)) - raft.server.storage.dir = [/workdir/hadoop-ozone/integration-test/target/test-dir/MiniOzoneClusterImpl-42bba134-5a67-4562-bb40-e54cb25fe1f1/datanode-2/data/ratis] (custom)
2019-09-24 18:11:36,560 [pool-42-thread-1] INFO  server.RaftServerConfigKeys (ConfUtils.java:logGet(43)) - raft.server.rpcslowness.timeout = 120s (custom)
2019-09-24 18:11:36,560 [pool-42-thread-1] INFO  server.RaftServerConfigKeys (ConfUtils.java:logGet(43)) - raft.server.sleep.deviation.threshold = 300 (default)
2019-09-24 18:11:36,560 [pool-42-thread-1] INFO  server.RaftServerConfigKeys (ConfUtils.java:logGet(43)) - raft.server.log.appender.install.snapshot.enabled = false (custom)
2019-09-24 18:11:36,560 [pool-52-thread-1] INFO  storage.RaftStorageDirectory (RaftStorageDirectory.java:analyzeStorage(246)) - The storage directory /workdir/hadoop-ozone/integration-test/target/test-dir/MiniOzoneClusterImpl-42bba134-5a67-4562-bb40-e54cb25fe1f1/datanode-2/data/ratis/cbb4b33a-9246-4704-bf14-a95362d803f3 does not exist. Creating ...
2019-09-24 18:11:36,560 [pool-42-thread-1] INFO  impl.RaftServerImpl (ServerState.java:<init>(103)) - 2c7c9e22-26ed-4416-8ebe-07cbe3ead7bd@group-A95362D803F3: ConfigurationManager, init=-1: [165cd824-9508-47b7-9a26-a1da7d8cc554:192.168.5.148:41649, 74676e76-599c-4b85-957c-ba96e045280e:192.168.5.148:39518, 2c7c9e22-26ed-4416-8ebe-07cbe3ead7bd:192.168.5.148:40900], old=null, confs=<EMPTY_MAP>
2019-09-24 18:11:36,561 [pool-42-thread-1] INFO  server.RaftServerConfigKeys (ConfUtils.java:logGet(43)) - raft.server.storage.dir = [/workdir/hadoop-ozone/integration-test/target/test-dir/MiniOzoneClusterImpl-42bba134-5a67-4562-bb40-e54cb25fe1f1/datanode-1/data/ratis] (custom)
2019-09-24 18:11:36,561 [pool-42-thread-1] INFO  storage.RaftStorageDirectory (RaftStorageDirectory.java:analyzeStorage(246)) - The storage directory /workdir/hadoop-ozone/integration-test/target/test-dir/MiniOzoneClusterImpl-42bba134-5a67-4562-bb40-e54cb25fe1f1/datanode-1/data/ratis/cbb4b33a-9246-4704-bf14-a95362d803f3 does not exist. Creating ...
2019-09-24 18:11:36,586 [pool-62-thread-1] INFO  storage.RaftStorageDirectory (RaftStorageDirectory.java:tryLock(328)) - Lock on /workdir/hadoop-ozone/integration-test/target/test-dir/MiniOzoneClusterImpl-42bba134-5a67-4562-bb40-e54cb25fe1f1/datanode-3/data/ratis/cbb4b33a-9246-4704-bf14-a95362d803f3/in_use.lock acquired by nodename 10715@pr-hdds-2149-fgl4f-1742389470
2019-09-24 18:11:36,586 [pool-52-thread-1] INFO  storage.RaftStorageDirectory (RaftStorageDirectory.java:tryLock(328)) - Lock on /workdir/hadoop-ozone/integration-test/target/test-dir/MiniOzoneClusterImpl-42bba134-5a67-4562-bb40-e54cb25fe1f1/datanode-2/data/ratis/cbb4b33a-9246-4704-bf14-a95362d803f3/in_use.lock acquired by nodename 10715@pr-hdds-2149-fgl4f-1742389470
2019-09-24 18:11:36,586 [pool-42-thread-1] INFO  storage.RaftStorageDirectory (RaftStorageDirectory.java:tryLock(328)) - Lock on /workdir/hadoop-ozone/integration-test/target/test-dir/MiniOzoneClusterImpl-42bba134-5a67-4562-bb40-e54cb25fe1f1/datanode-1/data/ratis/cbb4b33a-9246-4704-bf14-a95362d803f3/in_use.lock acquired by nodename 10715@pr-hdds-2149-fgl4f-1742389470
2019-09-24 18:11:36,601 [pool-62-thread-1] INFO  storage.RaftStorage (RaftStorage.java:format(72)) - Storage directory /workdir/hadoop-ozone/integration-test/target/test-dir/MiniOzoneClusterImpl-42bba134-5a67-4562-bb40-e54cb25fe1f1/datanode-3/data/ratis/cbb4b33a-9246-4704-bf14-a95362d803f3 has been successfully formatted.
2019-09-24 18:11:36,601 [pool-52-thread-1] INFO  storage.RaftStorage (RaftStorage.java:format(72)) - Storage directory /workdir/hadoop-ozone/integration-test/target/test-dir/MiniOzoneClusterImpl-42bba134-5a67-4562-bb40-e54cb25fe1f1/datanode-2/data/ratis/cbb4b33a-9246-4704-bf14-a95362d803f3 has been successfully formatted.
2019-09-24 18:11:36,601 [pool-42-thread-1] INFO  storage.RaftStorage (RaftStorage.java:format(72)) - Storage directory /workdir/hadoop-ozone/integration-test/target/test-dir/MiniOzoneClusterImpl-42bba134-5a67-4562-bb40-e54cb25fe1f1/datanode-1/data/ratis/cbb4b33a-9246-4704-bf14-a95362d803f3 has been successfully formatted.
2019-09-24 18:11:36,601 [pool-62-thread-1] INFO  ratis.ContainerStateMachine (ContainerStateMachine.java:loadSnapshot(230)) - group-A95362D803F3: The snapshot info is null. Setting the last applied indexto:(t:0, i:~)
2019-09-24 18:11:36,602 [pool-52-thread-1] INFO  ratis.ContainerStateMachine (ContainerStateMachine.java:loadSnapshot(230)) - group-A95362D803F3: The snapshot info is null. Setting the last applied indexto:(t:0, i:~)
2019-09-24 18:11:36,602 [pool-42-thread-1] INFO  ratis.ContainerStateMachine (ContainerStateMachine.java:loadSnapshot(230)) - group-A95362D803F3: The snapshot info is null. Setting the last applied indexto:(t:0, i:~)
2019-09-24 18:11:36,602 [pool-62-thread-1] INFO  server.RaftServerConfigKeys (ConfUtils.java:logGet(43)) - raft.server.notification.no-leader.timeout = 120s (custom)
2019-09-24 18:11:36,602 [pool-42-thread-1] INFO  server.RaftServerConfigKeys (ConfUtils.java:logGet(43)) - raft.server.notification.no-leader.timeout = 120s (custom)
2019-09-24 18:11:36,602 [pool-52-thread-1] INFO  server.RaftServerConfigKeys (ConfUtils.java:logGet(43)) - raft.server.notification.no-leader.timeout = 120s (custom)
2019-09-24 18:11:36,602 [pool-42-thread-1] INFO  server.RaftServerConfigKeys (ConfUtils.java:logGet(43)) - raft.server.log.use.memory = false (default)
2019-09-24 18:11:36,602 [pool-62-thread-1] INFO  server.RaftServerConfigKeys (ConfUtils.java:logGet(43)) - raft.server.log.use.memory = false (default)
2019-09-24 18:11:36,603 [pool-42-thread-1] INFO  server.RaftServerConfigKeys (ConfUtils.java:logGet(43)) - raft.server.log.purge.gap = 1000000 (custom)
2019-09-24 18:11:36,602 [pool-52-thread-1] INFO  server.RaftServerConfigKeys (ConfUtils.java:logGet(43)) - raft.server.log.use.memory = false (default)
2019-09-24 18:11:36,603 [pool-42-thread-1] INFO  server.RaftServerConfigKeys (ConfUtils.java:logGet(43)) - raft.server.log.appender.buffer.byte-limit = 33554432 (custom)
2019-09-24 18:11:36,603 [pool-62-thread-1] INFO  server.RaftServerConfigKeys (ConfUtils.java:logGet(43)) - raft.server.log.purge.gap = 1000000 (custom)
2019-09-24 18:11:36,603 [pool-42-thread-1] INFO  server.RaftServerConfigKeys (ConfUtils.java:logGet(43)) - raft.server.log.segment.size.max = 1048576 (custom)
2019-09-24 18:11:36,603 [pool-52-thread-1] INFO  server.RaftServerConfigKeys (ConfUtils.java:logGet(43)) - raft.server.log.purge.gap = 1000000 (custom)
2019-09-24 18:11:36,603 [pool-42-thread-1] INFO  server.RaftServerConfigKeys (ConfUtils.java:logGet(43)) - raft.server.log.segment.cache.num.max = 2 (custom)
2019-09-24 18:11:36,603 [pool-62-thread-1] INFO  server.RaftServerConfigKeys (ConfUtils.java:logGet(43)) - raft.server.log.appender.buffer.byte-limit = 33554432 (custom)
2019-09-24 18:11:36,604 [pool-42-thread-1] INFO  segmented.SegmentedRaftLogWorker (SegmentedRaftLogWorker.java:<init>(172)) - new 2c7c9e22-26ed-4416-8ebe-07cbe3ead7bd@group-A95362D803F3-SegmentedRaftLogWorker for RaftStorage:Storage Directory /workdir/hadoop-ozone/integration-test/target/test-dir/MiniOzoneClusterImpl-42bba134-5a67-4562-bb40-e54cb25fe1f1/datanode-1/data/ratis/cbb4b33a-9246-4704-bf14-a95362d803f3
2019-09-24 18:11:36,603 [pool-52-thread-1] INFO  server.RaftServerConfigKeys (ConfUtils.java:logGet(43)) - raft.server.log.appender.buffer.byte-limit = 33554432 (custom)
2019-09-24 18:11:36,604 [pool-42-thread-1] INFO  server.RaftServerConfigKeys (ConfUtils.java:logGet(43)) - raft.server.log.queue.byte-limit = 2147483647 (custom)
2019-09-24 18:11:36,604 [pool-62-thread-1] INFO  server.RaftServerConfigKeys (ConfUtils.java:logGet(43)) - raft.server.log.segment.size.max = 1048576 (custom)
2019-09-24 18:11:36,604 [pool-42-thread-1] INFO  server.RaftServerConfigKeys (ConfUtils.java:logGet(43)) - raft.server.log.queue.element-limit = 1024 (custom)
2019-09-24 18:11:36,604 [pool-52-thread-1] INFO  server.RaftServerConfigKeys (ConfUtils.java:logGet(43)) - raft.server.log.segment.size.max = 1048576 (custom)
2019-09-24 18:11:36,604 [pool-42-thread-1] INFO  server.RaftServerConfigKeys (ConfUtils.java:logGet(43)) - raft.server.log.segment.size.max = 1048576 (custom)
2019-09-24 18:11:36,604 [pool-62-thread-1] INFO  server.RaftServerConfigKeys (ConfUtils.java:logGet(43)) - raft.server.log.segment.cache.num.max = 2 (custom)
2019-09-24 18:11:36,605 [pool-42-thread-1] INFO  server.RaftServerConfigKeys (ConfUtils.java:logGet(43)) - raft.server.log.preallocated.size = 16384 (custom)
2019-09-24 18:11:36,605 [pool-52-thread-1] INFO  server.RaftServerConfigKeys (ConfUtils.java:logGet(43)) - raft.server.log.segment.cache.num.max = 2 (custom)
2019-09-24 18:11:36,605 [pool-42-thread-1] INFO  server.RaftServerConfigKeys (ConfUtils.java:logGet(43)) - raft.server.log.write.buffer.size = 33554432 (custom)
2019-09-24 18:11:36,605 [pool-62-thread-1] INFO  segmented.SegmentedRaftLogWorker (SegmentedRaftLogWorker.java:<init>(172)) - new 165cd824-9508-47b7-9a26-a1da7d8cc554@group-A95362D803F3-SegmentedRaftLogWorker for RaftStorage:Storage Directory /workdir/hadoop-ozone/integration-test/target/test-dir/MiniOzoneClusterImpl-42bba134-5a67-4562-bb40-e54cb25fe1f1/datanode-3/data/ratis/cbb4b33a-9246-4704-bf14-a95362d803f3
2019-09-24 18:11:36,605 [pool-42-thread-1] INFO  server.RaftServerConfigKeys (ConfUtils.java:logGet(43)) - raft.server.log.force.sync.num = 128 (default)
2019-09-24 18:11:36,605 [pool-52-thread-1] INFO  segmented.SegmentedRaftLogWorker (SegmentedRaftLogWorker.java:<init>(172)) - new 74676e76-599c-4b85-957c-ba96e045280e@group-A95362D803F3-SegmentedRaftLogWorker for RaftStorage:Storage Directory /workdir/hadoop-ozone/integration-test/target/test-dir/MiniOzoneClusterImpl-42bba134-5a67-4562-bb40-e54cb25fe1f1/datanode-2/data/ratis/cbb4b33a-9246-4704-bf14-a95362d803f3
2019-09-24 18:11:36,606 [pool-42-thread-1] INFO  server.RaftServerConfigKeys (ConfUtils.java:logGet(43)) - raft.server.log.statemachine.data.sync = true (default)
2019-09-24 18:11:36,605 [pool-62-thread-1] INFO  server.RaftServerConfigKeys (ConfUtils.java:logGet(43)) - raft.server.log.queue.byte-limit = 2147483647 (custom)
2019-09-24 18:11:36,606 [pool-42-thread-1] INFO  server.RaftServerConfigKeys (ConfUtils.java:logGet(43)) - raft.server.log.statemachine.data.sync.timeout = 10s (default)
2019-09-24 18:11:36,606 [pool-52-thread-1] INFO  server.RaftServerConfigKeys (ConfUtils.java:logGet(43)) - raft.server.log.queue.byte-limit = 2147483647 (custom)
2019-09-24 18:11:36,606 [pool-42-thread-1] INFO  server.RaftServerConfigKeys (ConfUtils.java:logGet(43)) - raft.server.log.statemachine.data.sync.timeout.retry = -1 (default)
2019-09-24 18:11:36,606 [pool-62-thread-1] INFO  server.RaftServerConfigKeys (ConfUtils.java:logGet(43)) - raft.server.log.queue.element-limit = 1024 (custom)
2019-09-24 18:11:36,606 [pool-42-thread-1] INFO  server.RaftServerConfigKeys (ConfUtils.java:logGet(43)) - raft.server.log.statemachine.data.caching.enabled = true (custom)
2019-09-24 18:11:36,606 [pool-52-thread-1] INFO  server.RaftServerConfigKeys (ConfUtils.java:logGet(43)) - raft.server.log.queue.element-limit = 1024 (custom)
2019-09-24 18:11:36,607 [pool-62-thread-1] INFO  server.RaftServerConfigKeys (ConfUtils.java:logGet(43)) - raft.server.log.segment.size.max = 1048576 (custom)
2019-09-24 18:11:36,607 [pool-42-thread-1] INFO  segmented.SegmentedRaftLogWorker (SegmentedRaftLogWorker.java:lambda$new$0(132)) - 2c7c9e22-26ed-4416-8ebe-07cbe3ead7bd@group-A95362D803F3-SegmentedRaftLogWorker: flushIndex: setUnconditionally 0 -> -1
2019-09-24 18:11:36,607 [pool-52-thread-1] INFO  server.RaftServerConfigKeys (ConfUtils.java:logGet(43)) - raft.server.log.segment.size.max = 1048576 (custom)
2019-09-24 18:11:36,607 [pool-62-thread-1] INFO  server.RaftServerConfigKeys (ConfUtils.java:logGet(43)) - raft.server.log.preallocated.size = 16384 (custom)
2019-09-24 18:11:36,607 [pool-42-thread-1] INFO  server.RaftServerConfigKeys (ConfUtils.java:logGet(43)) - raft.server.snapshot.auto.trigger.enabled = true (custom)
2019-09-24 18:11:36,607 [pool-52-thread-1] INFO  server.RaftServerConfigKeys (ConfUtils.java:logGet(43)) - raft.server.log.preallocated.size = 16384 (custom)
2019-09-24 18:11:36,607 [pool-42-thread-1] INFO  server.RaftServerConfigKeys (ConfUtils.java:logGet(43)) - raft.server.snapshot.auto.trigger.threshold = 10000 (custom)
2019-09-24 18:11:36,607 [pool-62-thread-1] INFO  server.RaftServerConfigKeys (ConfUtils.java:logGet(43)) - raft.server.log.write.buffer.size = 33554432 (custom)
2019-09-24 18:11:36,608 [pool-42-thread-1] INFO  server.RaftServerConfigKeys (ConfUtils.java:logGet(43)) - raft.server.snapshot.retention.num.files = 5 (custom)
2019-09-24 18:11:36,608 [pool-52-thread-1] INFO  server.RaftServerConfigKeys (ConfUtils.java:logGet(43)) - raft.server.log.write.buffer.size = 33554432 (custom)
2019-09-24 18:11:36,608 [pool-42-thread-1] INFO  server.RaftServerConfigKeys (ConfUtils.java:logGet(43)) - raft.server.retrycache.expirytime = 600000ms (custom)
2019-09-24 18:11:36,608 [pool-62-thread-1] INFO  server.RaftServerConfigKeys (ConfUtils.java:logGet(43)) - raft.server.log.force.sync.num = 128 (default)
2019-09-24 18:11:36,608 [pool-52-thread-1] INFO  server.RaftServerConfigKeys (ConfUtils.java:logGet(43)) - raft.server.log.force.sync.num = 128 (default)
2019-09-24 18:11:36,608 [pool-62-thread-1] INFO  server.RaftServerConfigKeys (ConfUtils.java:logGet(43)) - raft.server.log.statemachine.data.sync = true (default)
2019-09-24 18:11:36,609 [pool-52-thread-1] INFO  server.RaftServerConfigKeys (ConfUtils.java:logGet(43)) - raft.server.log.statemachine.data.sync = true (default)
2019-09-24 18:11:36,609 [pool-62-thread-1] INFO  server.RaftServerConfigKeys (ConfUtils.java:logGet(43)) - raft.server.log.statemachine.data.sync.timeout = 10s (default)
2019-09-24 18:11:36,609 [pool-52-thread-1] INFO  server.RaftServerConfigKeys (ConfUtils.java:logGet(43)) - raft.server.log.statemachine.data.sync.timeout = 10s (default)
2019-09-24 18:11:36,609 [pool-62-thread-1] INFO  server.RaftServerConfigKeys (ConfUtils.java:logGet(43)) - raft.server.log.statemachine.data.sync.timeout.retry = -1 (default)
2019-09-24 18:11:36,609 [pool-52-thread-1] INFO  server.RaftServerConfigKeys (ConfUtils.java:logGet(43)) - raft.server.log.statemachine.data.sync.timeout.retry = -1 (default)
2019-09-24 18:11:36,610 [pool-62-thread-1] INFO  server.RaftServerConfigKeys (ConfUtils.java:logGet(43)) - raft.server.log.statemachine.data.caching.enabled = true (custom)
2019-09-24 18:11:36,610 [pool-52-thread-1] INFO  server.RaftServerConfigKeys (ConfUtils.java:logGet(43)) - raft.server.log.statemachine.data.caching.enabled = true (custom)
2019-09-24 18:11:36,610 [pool-62-thread-1] INFO  segmented.SegmentedRaftLogWorker (SegmentedRaftLogWorker.java:lambda$new$0(132)) - 165cd824-9508-47b7-9a26-a1da7d8cc554@group-A95362D803F3-SegmentedRaftLogWorker: flushIndex: setUnconditionally 0 -> -1
2019-09-24 18:11:36,610 [pool-52-thread-1] INFO  segmented.SegmentedRaftLogWorker (SegmentedRaftLogWorker.java:lambda$new$0(132)) - 74676e76-599c-4b85-957c-ba96e045280e@group-A95362D803F3-SegmentedRaftLogWorker: flushIndex: setUnconditionally 0 -> -1
2019-09-24 18:11:36,610 [pool-62-thread-1] INFO  server.RaftServerConfigKeys (ConfUtils.java:logGet(43)) - raft.server.snapshot.auto.trigger.enabled = true (custom)
2019-09-24 18:11:36,610 [pool-62-thread-1] INFO  server.RaftServerConfigKeys (ConfUtils.java:logGet(43)) - raft.server.snapshot.auto.trigger.threshold = 10000 (custom)
2019-09-24 18:11:36,610 [pool-52-thread-1] INFO  server.RaftServerConfigKeys (ConfUtils.java:logGet(43)) - raft.server.snapshot.auto.trigger.enabled = true (custom)
2019-09-24 18:11:36,611 [pool-62-thread-1] INFO  server.RaftServerConfigKeys (ConfUtils.java:logGet(43)) - raft.server.snapshot.retention.num.files = 5 (custom)
2019-09-24 18:11:36,611 [pool-42-thread-1] INFO  impl.RaftServerImpl (RaftServerImpl.java:start(185)) - 2c7c9e22-26ed-4416-8ebe-07cbe3ead7bd@group-A95362D803F3: start as a follower, conf=-1: [165cd824-9508-47b7-9a26-a1da7d8cc554:192.168.5.148:41649, 74676e76-599c-4b85-957c-ba96e045280e:192.168.5.148:39518, 2c7c9e22-26ed-4416-8ebe-07cbe3ead7bd:192.168.5.148:40900], old=null
2019-09-24 18:11:36,611 [pool-52-thread-1] INFO  server.RaftServerConfigKeys (ConfUtils.java:logGet(43)) - raft.server.snapshot.auto.trigger.threshold = 10000 (custom)
2019-09-24 18:11:36,611 [pool-42-thread-1] INFO  impl.RaftServerImpl (RaftServerImpl.java:setRole(174)) - 2c7c9e22-26ed-4416-8ebe-07cbe3ead7bd@group-A95362D803F3: changes role from      null to FOLLOWER at term 0 for startAsFollower
2019-09-24 18:11:36,611 [pool-62-thread-1] INFO  server.RaftServerConfigKeys (ConfUtils.java:logGet(43)) - raft.server.retrycache.expirytime = 600000ms (custom)
2019-09-24 18:11:36,611 [pool-42-thread-1] INFO  impl.RoleInfo (RoleInfo.java:updateAndGet(143)) - 2c7c9e22-26ed-4416-8ebe-07cbe3ead7bd: start FollowerState
2019-09-24 18:11:36,611 [pool-52-thread-1] INFO  server.RaftServerConfigKeys (ConfUtils.java:logGet(43)) - raft.server.snapshot.retention.num.files = 5 (custom)
2019-09-24 18:11:36,612 [pool-52-thread-1] INFO  server.RaftServerConfigKeys (ConfUtils.java:logGet(43)) - raft.server.retrycache.expirytime = 600000ms (custom)
2019-09-24 18:11:36,612 [pool-42-thread-1] INFO  util.JmxRegister (JmxRegister.java:tryRegister(44)) - Successfully registered JMX Bean with object name Ratis:service=RaftServer,group=group-A95362D803F3,id=2c7c9e22-26ed-4416-8ebe-07cbe3ead7bd
2019-09-24 18:11:36,617 [pool-62-thread-1] INFO  impl.RaftServerImpl (RaftServerImpl.java:start(185)) - 165cd824-9508-47b7-9a26-a1da7d8cc554@group-A95362D803F3: start as a follower, conf=-1: [165cd824-9508-47b7-9a26-a1da7d8cc554:192.168.5.148:41649, 74676e76-599c-4b85-957c-ba96e045280e:192.168.5.148:39518, 2c7c9e22-26ed-4416-8ebe-07cbe3ead7bd:192.168.5.148:40900], old=null
2019-09-24 18:11:36,621 [pool-62-thread-1] INFO  impl.RaftServerImpl (RaftServerImpl.java:setRole(174)) - 165cd824-9508-47b7-9a26-a1da7d8cc554@group-A95362D803F3: changes role from      null to FOLLOWER at term 0 for startAsFollower
2019-09-24 18:11:36,622 [pool-62-thread-1] INFO  impl.RoleInfo (RoleInfo.java:updateAndGet(143)) - 165cd824-9508-47b7-9a26-a1da7d8cc554: start FollowerState
2019-09-24 18:11:36,622 [pool-52-thread-1] INFO  impl.RaftServerImpl (RaftServerImpl.java:start(185)) - 74676e76-599c-4b85-957c-ba96e045280e@group-A95362D803F3: start as a follower, conf=-1: [165cd824-9508-47b7-9a26-a1da7d8cc554:192.168.5.148:41649, 74676e76-599c-4b85-957c-ba96e045280e:192.168.5.148:39518, 2c7c9e22-26ed-4416-8ebe-07cbe3ead7bd:192.168.5.148:40900], old=null
2019-09-24 18:11:36,623 [pool-52-thread-1] INFO  impl.RaftServerImpl (RaftServerImpl.java:setRole(174)) - 74676e76-599c-4b85-957c-ba96e045280e@group-A95362D803F3: changes role from      null to FOLLOWER at term 0 for startAsFollower
2019-09-24 18:11:36,623 [pool-52-thread-1] INFO  impl.RoleInfo (RoleInfo.java:updateAndGet(143)) - 74676e76-599c-4b85-957c-ba96e045280e: start FollowerState
2019-09-24 18:11:36,624 [pool-62-thread-1] INFO  util.JmxRegister (JmxRegister.java:tryRegister(44)) - Successfully registered JMX Bean with object name Ratis:service=RaftServer,group=group-A95362D803F3,id=165cd824-9508-47b7-9a26-a1da7d8cc554
2019-09-24 18:11:36,625 [pool-52-thread-1] INFO  util.JmxRegister (JmxRegister.java:tryRegister(44)) - Successfully registered JMX Bean with object name Ratis:service=RaftServer,group=group-A95362D803F3,id=74676e76-599c-4b85-957c-ba96e045280e
2019-09-24 18:11:36,638 [IPC Server handler 19 on 39586] INFO  pipeline.PipelineStateManager (PipelineStateManager.java:addPipeline(56)) - Created pipeline Pipeline[ Id: cbb4b33a-9246-4704-bf14-a95362d803f3, Nodes: 165cd824-9508-47b7-9a26-a1da7d8cc554{ip: 192.168.5.148, host: pr-hdds-2149-fgl4f-1742389470, networkLocation: /rack1, certSerialId: null}2c7c9e22-26ed-4416-8ebe-07cbe3ead7bd{ip: 192.168.5.148, host: pr-hdds-2149-fgl4f-1742389470, networkLocation: /rack1, certSerialId: null}74676e76-599c-4b85-957c-ba96e045280e{ip: 192.168.5.148, host: pr-hdds-2149-fgl4f-1742389470, networkLocation: /rack1, certSerialId: null}, Type:RATIS, Factor:THREE, State:OPEN]
2019-09-24 18:11:36,820 [Thread-214] INFO  impl.MetricsSystemImpl (MetricsSystemImpl.java:init(158)) - XceiverClientMetrics metrics system started (again)
2019-09-24 18:11:41,509 [Thread-232] INFO  impl.FollowerState (FollowerState.java:run(106)) - 74676e76-599c-4b85-957c-ba96e045280e:group-F0FF8E4ABA79 changes to CANDIDATE, lastRpcTime:5017, electionTimeout:5017ms
2019-09-24 18:11:41,512 [Thread-232] INFO  impl.RoleInfo (RoleInfo.java:shutdownFollowerState(121)) - 74676e76-599c-4b85-957c-ba96e045280e: shutdown FollowerState
2019-09-24 18:11:41,513 [Thread-232] INFO  impl.RaftServerImpl (RaftServerImpl.java:setRole(174)) - 74676e76-599c-4b85-957c-ba96e045280e@group-F0FF8E4ABA79: changes role from  FOLLOWER to CANDIDATE at term 0 for changeToCandidate
2019-09-24 18:11:41,513 [Thread-233] INFO  impl.FollowerState (FollowerState.java:run(106)) - 165cd824-9508-47b7-9a26-a1da7d8cc554:group-F0FF8E4ABA79 changes to CANDIDATE, lastRpcTime:5020, electionTimeout:5020ms
2019-09-24 18:11:41,513 [Thread-232] INFO  impl.RoleInfo (RoleInfo.java:updateAndGet(143)) - 74676e76-599c-4b85-957c-ba96e045280e: start LeaderElection
2019-09-24 18:11:41,513 [Thread-233] INFO  impl.RoleInfo (RoleInfo.java:shutdownFollowerState(121)) - 165cd824-9508-47b7-9a26-a1da7d8cc554: shutdown FollowerState
2019-09-24 18:11:41,514 [Thread-233] INFO  impl.RaftServerImpl (RaftServerImpl.java:setRole(174)) - 165cd824-9508-47b7-9a26-a1da7d8cc554@group-F0FF8E4ABA79: changes role from  FOLLOWER to CANDIDATE at term 0 for changeToCandidate
2019-09-24 18:11:41,515 [Thread-233] INFO  impl.RoleInfo (RoleInfo.java:updateAndGet(143)) - 165cd824-9508-47b7-9a26-a1da7d8cc554: start LeaderElection
2019-09-24 18:11:41,545 [74676e76-599c-4b85-957c-ba96e045280e@group-F0FF8E4ABA79:LeaderElection6] INFO  impl.LeaderElection (LeaderElection.java:askForVotes(182)) - 74676e76-599c-4b85-957c-ba96e045280e@group-F0FF8E4ABA79:LeaderElection6: begin an election at term 1 for -1: [165cd824-9508-47b7-9a26-a1da7d8cc554:192.168.5.148:41649, 74676e76-599c-4b85-957c-ba96e045280e:192.168.5.148:39518, 2c7c9e22-26ed-4416-8ebe-07cbe3ead7bd:192.168.5.148:40900], old=null
2019-09-24 18:11:41,545 [165cd824-9508-47b7-9a26-a1da7d8cc554@group-F0FF8E4ABA79:LeaderElection7] INFO  impl.LeaderElection (LeaderElection.java:askForVotes(182)) - 165cd824-9508-47b7-9a26-a1da7d8cc554@group-F0FF8E4ABA79:LeaderElection7: begin an election at term 1 for -1: [165cd824-9508-47b7-9a26-a1da7d8cc554:192.168.5.148:41649, 74676e76-599c-4b85-957c-ba96e045280e:192.168.5.148:39518, 2c7c9e22-26ed-4416-8ebe-07cbe3ead7bd:192.168.5.148:40900], old=null
2019-09-24 18:11:41,589 [grpc-default-executor-2] INFO  impl.RaftServerImpl (RaftServerImpl.java:setRole(174)) - 2c7c9e22-26ed-4416-8ebe-07cbe3ead7bd@group-F0FF8E4ABA79: changes role from  FOLLOWER to FOLLOWER at term 1 for recognizeCandidate:165cd824-9508-47b7-9a26-a1da7d8cc554
2019-09-24 18:11:41,589 [grpc-default-executor-2] INFO  impl.RoleInfo (RoleInfo.java:shutdownFollowerState(121)) - 2c7c9e22-26ed-4416-8ebe-07cbe3ead7bd: shutdown FollowerState
2019-09-24 18:11:41,589 [grpc-default-executor-2] INFO  impl.RoleInfo (RoleInfo.java:updateAndGet(143)) - 2c7c9e22-26ed-4416-8ebe-07cbe3ead7bd: start FollowerState
2019-09-24 18:11:41,590 [Thread-236] INFO  impl.FollowerState (FollowerState.java:run(115)) - 2c7c9e22-26ed-4416-8ebe-07cbe3ead7bd: FollowerState was interrupted: java.lang.InterruptedException: sleep interrupted
2019-09-24 18:11:41,613 [Thread-235] INFO  impl.FollowerState (FollowerState.java:run(106)) - 74676e76-599c-4b85-957c-ba96e045280e:group-FE99038DF347 changes to CANDIDATE, lastRpcTime:5120, electionTimeout:5119ms
2019-09-24 18:11:41,613 [Thread-235] INFO  impl.RoleInfo (RoleInfo.java:shutdownFollowerState(121)) - 74676e76-599c-4b85-957c-ba96e045280e: shutdown FollowerState
2019-09-24 18:11:41,613 [Thread-235] INFO  impl.RaftServerImpl (RaftServerImpl.java:setRole(174)) - 74676e76-599c-4b85-957c-ba96e045280e@group-FE99038DF347: changes role from  FOLLOWER to CANDIDATE at term 0 for changeToCandidate
2019-09-24 18:11:41,614 [Thread-235] INFO  impl.RoleInfo (RoleInfo.java:updateAndGet(143)) - 74676e76-599c-4b85-957c-ba96e045280e: start LeaderElection
2019-09-24 18:11:41,642 [Thread-238] INFO  impl.FollowerState (FollowerState.java:run(106)) - 165cd824-9508-47b7-9a26-a1da7d8cc554:group-FE99038DF347 changes to CANDIDATE, lastRpcTime:5148, electionTimeout:5147ms
2019-09-24 18:11:41,642 [Thread-238] INFO  impl.RoleInfo (RoleInfo.java:shutdownFollowerState(121)) - 165cd824-9508-47b7-9a26-a1da7d8cc554: shutdown FollowerState
2019-09-24 18:11:41,643 [Thread-238] INFO  impl.RaftServerImpl (RaftServerImpl.java:setRole(174)) - 165cd824-9508-47b7-9a26-a1da7d8cc554@group-FE99038DF347: changes role from  FOLLOWER to CANDIDATE at term 0 for changeToCandidate
2019-09-24 18:11:41,643 [Thread-238] INFO  impl.RoleInfo (RoleInfo.java:updateAndGet(143)) - 165cd824-9508-47b7-9a26-a1da7d8cc554: start LeaderElection
2019-09-24 18:11:41,665 [Thread-242] INFO  impl.FollowerState (FollowerState.java:run(106)) - 2c7c9e22-26ed-4416-8ebe-07cbe3ead7bd:group-FE99038DF347 changes to CANDIDATE, lastRpcTime:5169, electionTimeout:5169ms
2019-09-24 18:11:41,666 [Thread-242] INFO  impl.RoleInfo (RoleInfo.java:shutdownFollowerState(121)) - 2c7c9e22-26ed-4416-8ebe-07cbe3ead7bd: shutdown FollowerState
2019-09-24 18:11:41,666 [Thread-242] INFO  impl.RaftServerImpl (RaftServerImpl.java:setRole(174)) - 2c7c9e22-26ed-4416-8ebe-07cbe3ead7bd@group-FE99038DF347: changes role from  FOLLOWER to CANDIDATE at term 0 for changeToCandidate
2019-09-24 18:11:41,666 [Thread-242] INFO  impl.RoleInfo (RoleInfo.java:updateAndGet(143)) - 2c7c9e22-26ed-4416-8ebe-07cbe3ead7bd: start LeaderElection
2019-09-24 18:11:41,697 [Thread-251] INFO  impl.FollowerState (FollowerState.java:run(106)) - 74676e76-599c-4b85-957c-ba96e045280e:group-A95362D803F3 changes to CANDIDATE, lastRpcTime:5073, electionTimeout:5072ms
2019-09-24 18:11:41,697 [Thread-251] INFO  impl.RoleInfo (RoleInfo.java:shutdownFollowerState(121)) - 74676e76-599c-4b85-957c-ba96e045280e: shutdown FollowerState
2019-09-24 18:11:41,697 [Thread-251] INFO  impl.RaftServerImpl (RaftServerImpl.java:setRole(174)) - 74676e76-599c-4b85-957c-ba96e045280e@group-A95362D803F3: changes role from  FOLLOWER to CANDIDATE at term 0 for changeToCandidate
2019-09-24 18:11:41,698 [Thread-251] INFO  impl.RoleInfo (RoleInfo.java:updateAndGet(143)) - 74676e76-599c-4b85-957c-ba96e045280e: start LeaderElection
2019-09-24 18:11:41,776 [Thread-247] INFO  impl.FollowerState (FollowerState.java:run(106)) - 2c7c9e22-26ed-4416-8ebe-07cbe3ead7bd:group-A95362D803F3 changes to CANDIDATE, lastRpcTime:5164, electionTimeout:5164ms
2019-09-24 18:11:41,776 [Thread-247] INFO  impl.RoleInfo (RoleInfo.java:shutdownFollowerState(121)) - 2c7c9e22-26ed-4416-8ebe-07cbe3ead7bd: shutdown FollowerState
2019-09-24 18:11:41,776 [Thread-247] INFO  impl.RaftServerImpl (RaftServerImpl.java:setRole(174)) - 2c7c9e22-26ed-4416-8ebe-07cbe3ead7bd@group-A95362D803F3: changes role from  FOLLOWER to CANDIDATE at term 0 for changeToCandidate
2019-09-24 18:11:41,777 [Thread-247] INFO  impl.RoleInfo (RoleInfo.java:updateAndGet(143)) - 2c7c9e22-26ed-4416-8ebe-07cbe3ead7bd: start LeaderElection
2019-09-24 18:11:41,792 [Thread-250] INFO  impl.FollowerState (FollowerState.java:run(106)) - 165cd824-9508-47b7-9a26-a1da7d8cc554:group-A95362D803F3 changes to CANDIDATE, lastRpcTime:5170, electionTimeout:5169ms
2019-09-24 18:11:41,792 [Thread-250] INFO  impl.RoleInfo (RoleInfo.java:shutdownFollowerState(121)) - 165cd824-9508-47b7-9a26-a1da7d8cc554: shutdown FollowerState
2019-09-24 18:11:41,793 [Thread-250] INFO  impl.RaftServerImpl (RaftServerImpl.java:setRole(174)) - 165cd824-9508-47b7-9a26-a1da7d8cc554@group-A95362D803F3: changes role from  FOLLOWER to CANDIDATE at term 0 for changeToCandidate
2019-09-24 18:11:41,793 [Thread-250] INFO  impl.RoleInfo (RoleInfo.java:updateAndGet(143)) - 165cd824-9508-47b7-9a26-a1da7d8cc554: start LeaderElection
2019-09-24 18:11:44,565 [74676e76-599c-4b85-957c-ba96e045280e@group-F0FF8E4ABA79:LeaderElection6] INFO  impl.LeaderElection (LogUtils.java:infoOrTrace(149)) - 74676e76-599c-4b85-957c-ba96e045280e@group-F0FF8E4ABA79:LeaderElection6 got exception when requesting votes: {}
java.util.concurrent.ExecutionException: org.apache.ratis.thirdparty.io.grpc.StatusRuntimeException: DEADLINE_EXCEEDED: deadline exceeded after 2989719063ns
	at java.util.concurrent.FutureTask.report(FutureTask.java:122)
	at java.util.concurrent.FutureTask.get(FutureTask.java:192)
	at org.apache.ratis.server.impl.LeaderElection.waitForResults(LeaderElection.java:263)
	at org.apache.ratis.server.impl.LeaderElection.askForVotes(LeaderElection.java:201)
	at org.apache.ratis.server.impl.LeaderElection.run(LeaderElection.java:133)
	at java.lang.Thread.run(Thread.java:748)
Caused by: org.apache.ratis.thirdparty.io.grpc.StatusRuntimeException: DEADLINE_EXCEEDED: deadline exceeded after 2989719063ns
	at org.apache.ratis.thirdparty.io.grpc.stub.ClientCalls.toStatusRuntimeException(ClientCalls.java:233)
	at org.apache.ratis.thirdparty.io.grpc.stub.ClientCalls.getUnchecked(ClientCalls.java:214)
	at org.apache.ratis.thirdparty.io.grpc.stub.ClientCalls.blockingUnaryCall(ClientCalls.java:139)
	at org.apache.ratis.proto.grpc.RaftServerProtocolServiceGrpc$RaftServerProtocolServiceBlockingStub.requestVote(RaftServerProtocolServiceGrpc.java:265)
	at org.apache.ratis.grpc.server.GrpcServerProtocolClient.requestVote(GrpcServerProtocolClient.java:90)
	at org.apache.ratis.grpc.server.GrpcService.requestVote(GrpcService.java:204)
	at org.apache.ratis.server.impl.LeaderElection.lambda$submitRequests$1(LeaderElection.java:238)
	at java.util.concurrent.FutureTask.run(FutureTask.java:266)
	at java.util.concurrent.Executors$RunnableAdapter.call(Executors.java:511)
	at java.util.concurrent.FutureTask.run(FutureTask.java:266)
	at java.util.concurrent.ThreadPoolExecutor.runWorker(ThreadPoolExecutor.java:1149)
	at java.util.concurrent.ThreadPoolExecutor$Worker.run(ThreadPoolExecutor.java:624)
	... 1 more
2019-09-24 18:11:44,565 [165cd824-9508-47b7-9a26-a1da7d8cc554@group-F0FF8E4ABA79:LeaderElection7] INFO  impl.LeaderElection (LogUtils.java:infoOrTrace(149)) - 165cd824-9508-47b7-9a26-a1da7d8cc554@group-F0FF8E4ABA79:LeaderElection7 got exception when requesting votes: {}
java.util.concurrent.ExecutionException: org.apache.ratis.thirdparty.io.grpc.StatusRuntimeException: DEADLINE_EXCEEDED: deadline exceeded after 2989718246ns
	at java.util.concurrent.FutureTask.report(FutureTask.java:122)
	at java.util.concurrent.FutureTask.get(FutureTask.java:192)
	at org.apache.ratis.server.impl.LeaderElection.waitForResults(LeaderElection.java:263)
	at org.apache.ratis.server.impl.LeaderElection.askForVotes(LeaderElection.java:201)
	at org.apache.ratis.server.impl.LeaderElection.run(LeaderElection.java:133)
	at java.lang.Thread.run(Thread.java:748)
Caused by: org.apache.ratis.thirdparty.io.grpc.StatusRuntimeException: DEADLINE_EXCEEDED: deadline exceeded after 2989718246ns
	at org.apache.ratis.thirdparty.io.grpc.stub.ClientCalls.toStatusRuntimeException(ClientCalls.java:233)
	at org.apache.ratis.thirdparty.io.grpc.stub.ClientCalls.getUnchecked(ClientCalls.java:214)
	at org.apache.ratis.thirdparty.io.grpc.stub.ClientCalls.blockingUnaryCall(ClientCalls.java:139)
	at org.apache.ratis.proto.grpc.RaftServerProtocolServiceGrpc$RaftServerProtocolServiceBlockingStub.requestVote(RaftServerProtocolServiceGrpc.java:265)
	at org.apache.ratis.grpc.server.GrpcServerProtocolClient.requestVote(GrpcServerProtocolClient.java:90)
	at org.apache.ratis.grpc.server.GrpcService.requestVote(GrpcService.java:204)
	at org.apache.ratis.server.impl.LeaderElection.lambda$submitRequests$1(LeaderElection.java:238)
	at java.util.concurrent.FutureTask.run(FutureTask.java:266)
	at java.util.concurrent.Executors$RunnableAdapter.call(Executors.java:511)
	at java.util.concurrent.FutureTask.run(FutureTask.java:266)
	at java.util.concurrent.ThreadPoolExecutor.runWorker(ThreadPoolExecutor.java:1149)
	at java.util.concurrent.ThreadPoolExecutor$Worker.run(ThreadPoolExecutor.java:624)
	... 1 more
2019-09-24 18:11:44,571 [74676e76-599c-4b85-957c-ba96e045280e@group-F0FF8E4ABA79:LeaderElection6] INFO  impl.LeaderElection (LeaderElection.java:logAndReturn(56)) - 74676e76-599c-4b85-957c-ba96e045280e@group-F0FF8E4ABA79:LeaderElection6: Election REJECTED; received 1 response(s) [74676e76-599c-4b85-957c-ba96e045280e<-165cd824-9508-47b7-9a26-a1da7d8cc554#0:FAIL-t1] and 1 exception(s); 74676e76-599c-4b85-957c-ba96e045280e@group-F0FF8E4ABA79:t1, leader=null, voted=74676e76-599c-4b85-957c-ba96e045280e, raftlog=74676e76-599c-4b85-957c-ba96e045280e@group-F0FF8E4ABA79-SegmentedRaftLog:OPENED:c-1,f-1,i0, conf=-1: [165cd824-9508-47b7-9a26-a1da7d8cc554:192.168.5.148:41649, 74676e76-599c-4b85-957c-ba96e045280e:192.168.5.148:39518, 2c7c9e22-26ed-4416-8ebe-07cbe3ead7bd:192.168.5.148:40900], old=null
2019-09-24 18:11:44,572 [165cd824-9508-47b7-9a26-a1da7d8cc554@group-F0FF8E4ABA79:LeaderElection7] INFO  impl.LeaderElection (LeaderElection.java:logAndReturn(56)) - 165cd824-9508-47b7-9a26-a1da7d8cc554@group-F0FF8E4ABA79:LeaderElection7: Election REJECTED; received 1 response(s) [165cd824-9508-47b7-9a26-a1da7d8cc554<-74676e76-599c-4b85-957c-ba96e045280e#0:FAIL-t1] and 1 exception(s); 165cd824-9508-47b7-9a26-a1da7d8cc554@group-F0FF8E4ABA79:t1, leader=null, voted=165cd824-9508-47b7-9a26-a1da7d8cc554, raftlog=165cd824-9508-47b7-9a26-a1da7d8cc554@group-F0FF8E4ABA79-SegmentedRaftLog:OPENED:c-1,f-1,i0, conf=-1: [165cd824-9508-47b7-9a26-a1da7d8cc554:192.168.5.148:41649, 74676e76-599c-4b85-957c-ba96e045280e:192.168.5.148:39518, 2c7c9e22-26ed-4416-8ebe-07cbe3ead7bd:192.168.5.148:40900], old=null
2019-09-24 18:11:44,572 [74676e76-599c-4b85-957c-ba96e045280e@group-F0FF8E4ABA79:LeaderElection6] INFO  impl.LeaderElection (LogUtils.java:infoOrTrace(149)) -   Exception 0: {}
java.util.concurrent.ExecutionException: org.apache.ratis.thirdparty.io.grpc.StatusRuntimeException: DEADLINE_EXCEEDED: deadline exceeded after 2989719063ns
	at java.util.concurrent.FutureTask.report(FutureTask.java:122)
	at java.util.concurrent.FutureTask.get(FutureTask.java:192)
	at org.apache.ratis.server.impl.LeaderElection.waitForResults(LeaderElection.java:263)
	at org.apache.ratis.server.impl.LeaderElection.askForVotes(LeaderElection.java:201)
	at org.apache.ratis.server.impl.LeaderElection.run(LeaderElection.java:133)
	at java.lang.Thread.run(Thread.java:748)
Caused by: org.apache.ratis.thirdparty.io.grpc.StatusRuntimeException: DEADLINE_EXCEEDED: deadline exceeded after 2989719063ns
	at org.apache.ratis.thirdparty.io.grpc.stub.ClientCalls.toStatusRuntimeException(ClientCalls.java:233)
	at org.apache.ratis.thirdparty.io.grpc.stub.ClientCalls.getUnchecked(ClientCalls.java:214)
	at org.apache.ratis.thirdparty.io.grpc.stub.ClientCalls.blockingUnaryCall(ClientCalls.java:139)
	at org.apache.ratis.proto.grpc.RaftServerProtocolServiceGrpc$RaftServerProtocolServiceBlockingStub.requestVote(RaftServerProtocolServiceGrpc.java:265)
	at org.apache.ratis.grpc.server.GrpcServerProtocolClient.requestVote(GrpcServerProtocolClient.java:90)
	at org.apache.ratis.grpc.server.GrpcService.requestVote(GrpcService.java:204)
	at org.apache.ratis.server.impl.LeaderElection.lambda$submitRequests$1(LeaderElection.java:238)
	at java.util.concurrent.FutureTask.run(FutureTask.java:266)
	at java.util.concurrent.Executors$RunnableAdapter.call(Executors.java:511)
	at java.util.concurrent.FutureTask.run(FutureTask.java:266)
	at java.util.concurrent.ThreadPoolExecutor.runWorker(ThreadPoolExecutor.java:1149)
	at java.util.concurrent.ThreadPoolExecutor$Worker.run(ThreadPoolExecutor.java:624)
	... 1 more
2019-09-24 18:11:44,573 [165cd824-9508-47b7-9a26-a1da7d8cc554@group-F0FF8E4ABA79:LeaderElection7] INFO  impl.LeaderElection (LogUtils.java:infoOrTrace(149)) -   Exception 0: {}
java.util.concurrent.ExecutionException: org.apache.ratis.thirdparty.io.grpc.StatusRuntimeException: DEADLINE_EXCEEDED: deadline exceeded after 2989718246ns
	at java.util.concurrent.FutureTask.report(FutureTask.java:122)
	at java.util.concurrent.FutureTask.get(FutureTask.java:192)
	at org.apache.ratis.server.impl.LeaderElection.waitForResults(LeaderElection.java:263)
	at org.apache.ratis.server.impl.LeaderElection.askForVotes(LeaderElection.java:201)
	at org.apache.ratis.server.impl.LeaderElection.run(LeaderElection.java:133)
	at java.lang.Thread.run(Thread.java:748)
Caused by: org.apache.ratis.thirdparty.io.grpc.StatusRuntimeException: DEADLINE_EXCEEDED: deadline exceeded after 2989718246ns
	at org.apache.ratis.thirdparty.io.grpc.stub.ClientCalls.toStatusRuntimeException(ClientCalls.java:233)
	at org.apache.ratis.thirdparty.io.grpc.stub.ClientCalls.getUnchecked(ClientCalls.java:214)
	at org.apache.ratis.thirdparty.io.grpc.stub.ClientCalls.blockingUnaryCall(ClientCalls.java:139)
	at org.apache.ratis.proto.grpc.RaftServerProtocolServiceGrpc$RaftServerProtocolServiceBlockingStub.requestVote(RaftServerProtocolServiceGrpc.java:265)
	at org.apache.ratis.grpc.server.GrpcServerProtocolClient.requestVote(GrpcServerProtocolClient.java:90)
	at org.apache.ratis.grpc.server.GrpcService.requestVote(GrpcService.java:204)
	at org.apache.ratis.server.impl.LeaderElection.lambda$submitRequests$1(LeaderElection.java:238)
	at java.util.concurrent.FutureTask.run(FutureTask.java:266)
	at java.util.concurrent.Executors$RunnableAdapter.call(Executors.java:511)
	at java.util.concurrent.FutureTask.run(FutureTask.java:266)
	at java.util.concurrent.ThreadPoolExecutor.runWorker(ThreadPoolExecutor.java:1149)
	at java.util.concurrent.ThreadPoolExecutor$Worker.run(ThreadPoolExecutor.java:624)
	... 1 more
2019-09-24 18:11:44,575 [74676e76-599c-4b85-957c-ba96e045280e@group-F0FF8E4ABA79:LeaderElection6] INFO  impl.RaftServerImpl (RaftServerImpl.java:setRole(174)) - 74676e76-599c-4b85-957c-ba96e045280e@group-F0FF8E4ABA79: changes role from CANDIDATE to FOLLOWER at term 1 for DISCOVERED_A_NEW_TERM
2019-09-24 18:11:44,579 [165cd824-9508-47b7-9a26-a1da7d8cc554@group-F0FF8E4ABA79:LeaderElection7] INFO  impl.RaftServerImpl (RaftServerImpl.java:setRole(174)) - 165cd824-9508-47b7-9a26-a1da7d8cc554@group-F0FF8E4ABA79: changes role from CANDIDATE to FOLLOWER at term 1 for DISCOVERED_A_NEW_TERM
2019-09-24 18:11:44,581 [74676e76-599c-4b85-957c-ba96e045280e@group-F0FF8E4ABA79:LeaderElection6] INFO  impl.RoleInfo (RoleInfo.java:shutdownLeaderElection(134)) - 74676e76-599c-4b85-957c-ba96e045280e: shutdown LeaderElection
2019-09-24 18:11:44,582 [165cd824-9508-47b7-9a26-a1da7d8cc554@group-F0FF8E4ABA79:LeaderElection7] INFO  impl.RoleInfo (RoleInfo.java:shutdownLeaderElection(134)) - 165cd824-9508-47b7-9a26-a1da7d8cc554: shutdown LeaderElection
2019-09-24 18:11:44,582 [74676e76-599c-4b85-957c-ba96e045280e@group-F0FF8E4ABA79:LeaderElection6] INFO  impl.RoleInfo (RoleInfo.java:updateAndGet(143)) - 74676e76-599c-4b85-957c-ba96e045280e: start FollowerState
2019-09-24 18:11:44,582 [165cd824-9508-47b7-9a26-a1da7d8cc554@group-F0FF8E4ABA79:LeaderElection7] INFO  impl.RoleInfo (RoleInfo.java:updateAndGet(143)) - 165cd824-9508-47b7-9a26-a1da7d8cc554: start FollowerState
2019-09-24 18:11:46,731 [74676e76-599c-4b85-957c-ba96e045280e@group-FE99038DF347:LeaderElection8] INFO  impl.LeaderElection (LeaderElection.java:askForVotes(182)) - 74676e76-599c-4b85-957c-ba96e045280e@group-FE99038DF347:LeaderElection8: begin an election at term 1 for -1: [165cd824-9508-47b7-9a26-a1da7d8cc554:192.168.5.148:41649, 74676e76-599c-4b85-957c-ba96e045280e:192.168.5.148:39518, 2c7c9e22-26ed-4416-8ebe-07cbe3ead7bd:192.168.5.148:40900], old=null
2019-09-24 18:11:46,731 [Thread-271] INFO  impl.FollowerState (FollowerState.java:run(106)) - 2c7c9e22-26ed-4416-8ebe-07cbe3ead7bd:group-F0FF8E4ABA79 changes to CANDIDATE, lastRpcTime:5142, electionTimeout:5065ms
2019-09-24 18:11:46,732 [Thread-271] INFO  impl.RoleInfo (RoleInfo.java:shutdownFollowerState(121)) - 2c7c9e22-26ed-4416-8ebe-07cbe3ead7bd: shutdown FollowerState
2019-09-24 18:11:46,733 [Thread-271] INFO  impl.RaftServerImpl (RaftServerImpl.java:setRole(174)) - 2c7c9e22-26ed-4416-8ebe-07cbe3ead7bd@group-F0FF8E4ABA79: changes role from  FOLLOWER to CANDIDATE at term 1 for changeToCandidate
2019-09-24 18:11:46,733 [Thread-271] INFO  impl.RoleInfo (RoleInfo.java:updateAndGet(143)) - 2c7c9e22-26ed-4416-8ebe-07cbe3ead7bd: start LeaderElection
2019-09-24 18:11:46,747 [2c7c9e22-26ed-4416-8ebe-07cbe3ead7bd@group-FE99038DF347:LeaderElection10] INFO  impl.LeaderElection (LeaderElection.java:askForVotes(182)) - 2c7c9e22-26ed-4416-8ebe-07cbe3ead7bd@group-FE99038DF347:LeaderElection10: begin an election at term 1 for -1: [165cd824-9508-47b7-9a26-a1da7d8cc554:192.168.5.148:41649, 74676e76-599c-4b85-957c-ba96e045280e:192.168.5.148:39518, 2c7c9e22-26ed-4416-8ebe-07cbe3ead7bd:192.168.5.148:40900], old=null
2019-09-24 18:11:46,747 [2c7c9e22-26ed-4416-8ebe-07cbe3ead7bd@group-A95362D803F3:LeaderElection12] INFO  impl.LeaderElection (LeaderElection.java:askForVotes(182)) - 2c7c9e22-26ed-4416-8ebe-07cbe3ead7bd@group-A95362D803F3:LeaderElection12: begin an election at term 1 for -1: [165cd824-9508-47b7-9a26-a1da7d8cc554:192.168.5.148:41649, 74676e76-599c-4b85-957c-ba96e045280e:192.168.5.148:39518, 2c7c9e22-26ed-4416-8ebe-07cbe3ead7bd:192.168.5.148:40900], old=null
2019-09-24 18:11:46,747 [74676e76-599c-4b85-957c-ba96e045280e@group-A95362D803F3:LeaderElection11] INFO  impl.LeaderElection (LeaderElection.java:askForVotes(182)) - 74676e76-599c-4b85-957c-ba96e045280e@group-A95362D803F3:LeaderElection11: begin an election at term 1 for -1: [165cd824-9508-47b7-9a26-a1da7d8cc554:192.168.5.148:41649, 74676e76-599c-4b85-957c-ba96e045280e:192.168.5.148:39518, 2c7c9e22-26ed-4416-8ebe-07cbe3ead7bd:192.168.5.148:40900], old=null
2019-09-24 18:11:46,747 [165cd824-9508-47b7-9a26-a1da7d8cc554@group-A95362D803F3:LeaderElection13] INFO  impl.LeaderElection (LeaderElection.java:askForVotes(182)) - 165cd824-9508-47b7-9a26-a1da7d8cc554@group-A95362D803F3:LeaderElection13: begin an election at term 1 for -1: [165cd824-9508-47b7-9a26-a1da7d8cc554:192.168.5.148:41649, 74676e76-599c-4b85-957c-ba96e045280e:192.168.5.148:39518, 2c7c9e22-26ed-4416-8ebe-07cbe3ead7bd:192.168.5.148:40900], old=null
2019-09-24 18:11:46,747 [165cd824-9508-47b7-9a26-a1da7d8cc554@group-FE99038DF347:LeaderElection9] INFO  impl.LeaderElection (LeaderElection.java:askForVotes(182)) - 165cd824-9508-47b7-9a26-a1da7d8cc554@group-FE99038DF347:LeaderElection9: begin an election at term 1 for -1: [165cd824-9508-47b7-9a26-a1da7d8cc554:192.168.5.148:41649, 74676e76-599c-4b85-957c-ba96e045280e:192.168.5.148:39518, 2c7c9e22-26ed-4416-8ebe-07cbe3ead7bd:192.168.5.148:40900], old=null
2019-09-24 18:11:46,750 [2c7c9e22-26ed-4416-8ebe-07cbe3ead7bd@group-F0FF8E4ABA79:LeaderElection14] INFO  impl.LeaderElection (LeaderElection.java:askForVotes(182)) - 2c7c9e22-26ed-4416-8ebe-07cbe3ead7bd@group-F0FF8E4ABA79:LeaderElection14: begin an election at term 2 for -1: [165cd824-9508-47b7-9a26-a1da7d8cc554:192.168.5.148:41649, 74676e76-599c-4b85-957c-ba96e045280e:192.168.5.148:39518, 2c7c9e22-26ed-4416-8ebe-07cbe3ead7bd:192.168.5.148:40900], old=null
2019-09-24 18:11:46,754 [74676e76-599c-4b85-957c-ba96e045280e@group-FE99038DF347:LeaderElection8] INFO  impl.LeaderElection (LeaderElection.java:logAndReturn(56)) - 74676e76-599c-4b85-957c-ba96e045280e@group-FE99038DF347:LeaderElection8: Election REJECTED; received 2 response(s) [74676e76-599c-4b85-957c-ba96e045280e<-165cd824-9508-47b7-9a26-a1da7d8cc554#0:FAIL-t1, 74676e76-599c-4b85-957c-ba96e045280e<-2c7c9e22-26ed-4416-8ebe-07cbe3ead7bd#0:FAIL-t1] and 0 exception(s); 74676e76-599c-4b85-957c-ba96e045280e@group-FE99038DF347:t1, leader=null, voted=74676e76-599c-4b85-957c-ba96e045280e, raftlog=74676e76-599c-4b85-957c-ba96e045280e@group-FE99038DF347-SegmentedRaftLog:OPENED:c-1,f-1,i0, conf=-1: [165cd824-9508-47b7-9a26-a1da7d8cc554:192.168.5.148:41649, 74676e76-599c-4b85-957c-ba96e045280e:192.168.5.148:39518, 2c7c9e22-26ed-4416-8ebe-07cbe3ead7bd:192.168.5.148:40900], old=null
2019-09-24 18:11:46,756 [74676e76-599c-4b85-957c-ba96e045280e@group-FE99038DF347:LeaderElection8] INFO  impl.RaftServerImpl (RaftServerImpl.java:setRole(174)) - 74676e76-599c-4b85-957c-ba96e045280e@group-FE99038DF347: changes role from CANDIDATE to FOLLOWER at term 1 for DISCOVERED_A_NEW_TERM
2019-09-24 18:11:46,758 [74676e76-599c-4b85-957c-ba96e045280e@group-FE99038DF347:LeaderElection8] INFO  impl.RoleInfo (RoleInfo.java:shutdownLeaderElection(134)) - 74676e76-599c-4b85-957c-ba96e045280e: shutdown LeaderElection
2019-09-24 18:11:46,759 [74676e76-599c-4b85-957c-ba96e045280e@group-FE99038DF347:LeaderElection8] INFO  impl.RoleInfo (RoleInfo.java:updateAndGet(143)) - 74676e76-599c-4b85-957c-ba96e045280e: start FollowerState
2019-09-24 18:11:46,774 [74676e76-599c-4b85-957c-ba96e045280e@group-A95362D803F3:LeaderElection11] INFO  impl.LeaderElection (LeaderElection.java:logAndReturn(56)) - 74676e76-599c-4b85-957c-ba96e045280e@group-A95362D803F3:LeaderElection11: Election REJECTED; received 2 response(s) [74676e76-599c-4b85-957c-ba96e045280e<-165cd824-9508-47b7-9a26-a1da7d8cc554#0:FAIL-t1, 74676e76-599c-4b85-957c-ba96e045280e<-2c7c9e22-26ed-4416-8ebe-07cbe3ead7bd#0:FAIL-t1] and 0 exception(s); 74676e76-599c-4b85-957c-ba96e045280e@group-A95362D803F3:t1, leader=null, voted=74676e76-599c-4b85-957c-ba96e045280e, raftlog=74676e76-599c-4b85-957c-ba96e045280e@group-A95362D803F3-SegmentedRaftLog:OPENED:c-1,f-1,i0, conf=-1: [165cd824-9508-47b7-9a26-a1da7d8cc554:192.168.5.148:41649, 74676e76-599c-4b85-957c-ba96e045280e:192.168.5.148:39518, 2c7c9e22-26ed-4416-8ebe-07cbe3ead7bd:192.168.5.148:40900], old=null
2019-09-24 18:11:46,777 [74676e76-599c-4b85-957c-ba96e045280e@group-A95362D803F3:LeaderElection11] INFO  impl.RaftServerImpl (RaftServerImpl.java:setRole(174)) - 74676e76-599c-4b85-957c-ba96e045280e@group-A95362D803F3: changes role from CANDIDATE to FOLLOWER at term 1 for DISCOVERED_A_NEW_TERM
2019-09-24 18:11:46,780 [74676e76-599c-4b85-957c-ba96e045280e@group-A95362D803F3:LeaderElection11] INFO  impl.RoleInfo (RoleInfo.java:shutdownLeaderElection(134)) - 74676e76-599c-4b85-957c-ba96e045280e: shutdown LeaderElection
2019-09-24 18:11:46,780 [74676e76-599c-4b85-957c-ba96e045280e@group-A95362D803F3:LeaderElection11] INFO  impl.RoleInfo (RoleInfo.java:updateAndGet(143)) - 74676e76-599c-4b85-957c-ba96e045280e: start FollowerState
2019-09-24 18:11:46,787 [grpc-default-executor-1] INFO  impl.RaftServerImpl (RaftServerImpl.java:setRole(174)) - 165cd824-9508-47b7-9a26-a1da7d8cc554@group-F0FF8E4ABA79: changes role from  FOLLOWER to FOLLOWER at term 2 for recognizeCandidate:2c7c9e22-26ed-4416-8ebe-07cbe3ead7bd
2019-09-24 18:11:46,789 [grpc-default-executor-1] INFO  impl.RoleInfo (RoleInfo.java:shutdownFollowerState(121)) - 165cd824-9508-47b7-9a26-a1da7d8cc554: shutdown FollowerState
2019-09-24 18:11:46,789 [165cd824-9508-47b7-9a26-a1da7d8cc554@group-FE99038DF347:LeaderElection9] INFO  impl.LeaderElection (LeaderElection.java:logAndReturn(56)) - 165cd824-9508-47b7-9a26-a1da7d8cc554@group-FE99038DF347:LeaderElection9: Election REJECTED; received 2 response(s) [165cd824-9508-47b7-9a26-a1da7d8cc554<-74676e76-599c-4b85-957c-ba96e045280e#0:FAIL-t1, 165cd824-9508-47b7-9a26-a1da7d8cc554<-2c7c9e22-26ed-4416-8ebe-07cbe3ead7bd#0:FAIL-t1] and 0 exception(s); 165cd824-9508-47b7-9a26-a1da7d8cc554@group-FE99038DF347:t1, leader=null, voted=165cd824-9508-47b7-9a26-a1da7d8cc554, raftlog=165cd824-9508-47b7-9a26-a1da7d8cc554@group-FE99038DF347-SegmentedRaftLog:OPENED:c-1,f-1,i0, conf=-1: [165cd824-9508-47b7-9a26-a1da7d8cc554:192.168.5.148:41649, 74676e76-599c-4b85-957c-ba96e045280e:192.168.5.148:39518, 2c7c9e22-26ed-4416-8ebe-07cbe3ead7bd:192.168.5.148:40900], old=null
2019-09-24 18:11:46,790 [165cd824-9508-47b7-9a26-a1da7d8cc554@group-A95362D803F3:LeaderElection13] INFO  impl.LeaderElection (LeaderElection.java:logAndReturn(56)) - 165cd824-9508-47b7-9a26-a1da7d8cc554@group-A95362D803F3:LeaderElection13: Election REJECTED; received 2 response(s) [165cd824-9508-47b7-9a26-a1da7d8cc554<-74676e76-599c-4b85-957c-ba96e045280e#0:FAIL-t1, 165cd824-9508-47b7-9a26-a1da7d8cc554<-2c7c9e22-26ed-4416-8ebe-07cbe3ead7bd#0:FAIL-t1] and 0 exception(s); 165cd824-9508-47b7-9a26-a1da7d8cc554@group-A95362D803F3:t1, leader=null, voted=165cd824-9508-47b7-9a26-a1da7d8cc554, raftlog=165cd824-9508-47b7-9a26-a1da7d8cc554@group-A95362D803F3-SegmentedRaftLog:OPENED:c-1,f-1,i0, conf=-1: [165cd824-9508-47b7-9a26-a1da7d8cc554:192.168.5.148:41649, 74676e76-599c-4b85-957c-ba96e045280e:192.168.5.148:39518, 2c7c9e22-26ed-4416-8ebe-07cbe3ead7bd:192.168.5.148:40900], old=null
2019-09-24 18:11:46,790 [Thread-285] INFO  impl.FollowerState (FollowerState.java:run(115)) - 165cd824-9508-47b7-9a26-a1da7d8cc554: FollowerState was interrupted: java.lang.InterruptedException: sleep interrupted
2019-09-24 18:11:46,789 [grpc-default-executor-1] INFO  impl.RoleInfo (RoleInfo.java:updateAndGet(143)) - 165cd824-9508-47b7-9a26-a1da7d8cc554: start FollowerState
2019-09-24 18:11:46,793 [165cd824-9508-47b7-9a26-a1da7d8cc554@group-A95362D803F3:LeaderElection13] INFO  impl.RaftServerImpl (RaftServerImpl.java:setRole(174)) - 165cd824-9508-47b7-9a26-a1da7d8cc554@group-A95362D803F3: changes role from CANDIDATE to FOLLOWER at term 1 for DISCOVERED_A_NEW_TERM
2019-09-24 18:11:46,790 [165cd824-9508-47b7-9a26-a1da7d8cc554@group-FE99038DF347:LeaderElection9] INFO  impl.RaftServerImpl (RaftServerImpl.java:setRole(174)) - 165cd824-9508-47b7-9a26-a1da7d8cc554@group-FE99038DF347: changes role from CANDIDATE to FOLLOWER at term 1 for DISCOVERED_A_NEW_TERM
2019-09-24 18:11:46,796 [165cd824-9508-47b7-9a26-a1da7d8cc554@group-A95362D803F3:LeaderElection13] INFO  impl.RoleInfo (RoleInfo.java:shutdownLeaderElection(134)) - 165cd824-9508-47b7-9a26-a1da7d8cc554: shutdown LeaderElection
2019-09-24 18:11:46,796 [165cd824-9508-47b7-9a26-a1da7d8cc554@group-FE99038DF347:LeaderElection9] INFO  impl.RoleInfo (RoleInfo.java:shutdownLeaderElection(134)) - 165cd824-9508-47b7-9a26-a1da7d8cc554: shutdown LeaderElection
2019-09-24 18:11:46,796 [165cd824-9508-47b7-9a26-a1da7d8cc554@group-A95362D803F3:LeaderElection13] INFO  impl.RoleInfo (RoleInfo.java:updateAndGet(143)) - 165cd824-9508-47b7-9a26-a1da7d8cc554: start FollowerState
2019-09-24 18:11:46,796 [165cd824-9508-47b7-9a26-a1da7d8cc554@group-FE99038DF347:LeaderElection9] INFO  impl.RoleInfo (RoleInfo.java:updateAndGet(143)) - 165cd824-9508-47b7-9a26-a1da7d8cc554: start FollowerState
2019-09-24 18:11:46,804 [grpc-default-executor-0] INFO  impl.RaftServerImpl (RaftServerImpl.java:setRole(174)) - 74676e76-599c-4b85-957c-ba96e045280e@group-F0FF8E4ABA79: changes role from  FOLLOWER to FOLLOWER at term 2 for recognizeCandidate:2c7c9e22-26ed-4416-8ebe-07cbe3ead7bd
2019-09-24 18:11:46,804 [grpc-default-executor-0] INFO  impl.RoleInfo (RoleInfo.java:shutdownFollowerState(121)) - 74676e76-599c-4b85-957c-ba96e045280e: shutdown FollowerState
2019-09-24 18:11:46,805 [grpc-default-executor-0] INFO  impl.RoleInfo (RoleInfo.java:updateAndGet(143)) - 74676e76-599c-4b85-957c-ba96e045280e: start FollowerState
2019-09-24 18:11:46,805 [Thread-284] INFO  impl.FollowerState (FollowerState.java:run(115)) - 74676e76-599c-4b85-957c-ba96e045280e: FollowerState was interrupted: java.lang.InterruptedException: sleep interrupted
2019-09-24 18:11:46,809 [2c7c9e22-26ed-4416-8ebe-07cbe3ead7bd@group-FE99038DF347:LeaderElection10] INFO  impl.LeaderElection (LeaderElection.java:logAndReturn(56)) - 2c7c9e22-26ed-4416-8ebe-07cbe3ead7bd@group-FE99038DF347:LeaderElection10: Election REJECTED; received 2 response(s) [2c7c9e22-26ed-4416-8ebe-07cbe3ead7bd<-165cd824-9508-47b7-9a26-a1da7d8cc554#0:FAIL-t1, 2c7c9e22-26ed-4416-8ebe-07cbe3ead7bd<-74676e76-599c-4b85-957c-ba96e045280e#0:FAIL-t1] and 0 exception(s); 2c7c9e22-26ed-4416-8ebe-07cbe3ead7bd@group-FE99038DF347:t1, leader=null, voted=2c7c9e22-26ed-4416-8ebe-07cbe3ead7bd, raftlog=2c7c9e22-26ed-4416-8ebe-07cbe3ead7bd@group-FE99038DF347-SegmentedRaftLog:OPENED:c-1,f-1,i0, conf=-1: [165cd824-9508-47b7-9a26-a1da7d8cc554:192.168.5.148:41649, 74676e76-599c-4b85-957c-ba96e045280e:192.168.5.148:39518, 2c7c9e22-26ed-4416-8ebe-07cbe3ead7bd:192.168.5.148:40900], old=null
2019-09-24 18:11:46,809 [2c7c9e22-26ed-4416-8ebe-07cbe3ead7bd@group-A95362D803F3:LeaderElection12] INFO  impl.LeaderElection (LeaderElection.java:logAndReturn(56)) - 2c7c9e22-26ed-4416-8ebe-07cbe3ead7bd@group-A95362D803F3:LeaderElection12: Election REJECTED; received 2 response(s) [2c7c9e22-26ed-4416-8ebe-07cbe3ead7bd<-165cd824-9508-47b7-9a26-a1da7d8cc554#0:FAIL-t1, 2c7c9e22-26ed-4416-8ebe-07cbe3ead7bd<-74676e76-599c-4b85-957c-ba96e045280e#0:FAIL-t1] and 0 exception(s); 2c7c9e22-26ed-4416-8ebe-07cbe3ead7bd@group-A95362D803F3:t1, leader=null, voted=2c7c9e22-26ed-4416-8ebe-07cbe3ead7bd, raftlog=2c7c9e22-26ed-4416-8ebe-07cbe3ead7bd@group-A95362D803F3-SegmentedRaftLog:OPENED:c-1,f-1,i0, conf=-1: [165cd824-9508-47b7-9a26-a1da7d8cc554:192.168.5.148:41649, 74676e76-599c-4b85-957c-ba96e045280e:192.168.5.148:39518, 2c7c9e22-26ed-4416-8ebe-07cbe3ead7bd:192.168.5.148:40900], old=null
2019-09-24 18:11:46,810 [2c7c9e22-26ed-4416-8ebe-07cbe3ead7bd@group-FE99038DF347:LeaderElection10] INFO  impl.RaftServerImpl (RaftServerImpl.java:setRole(174)) - 2c7c9e22-26ed-4416-8ebe-07cbe3ead7bd@group-FE99038DF347: changes role from CANDIDATE to FOLLOWER at term 1 for DISCOVERED_A_NEW_TERM
2019-09-24 18:11:46,812 [2c7c9e22-26ed-4416-8ebe-07cbe3ead7bd@group-A95362D803F3:LeaderElection12] INFO  impl.RaftServerImpl (RaftServerImpl.java:setRole(174)) - 2c7c9e22-26ed-4416-8ebe-07cbe3ead7bd@group-A95362D803F3: changes role from CANDIDATE to FOLLOWER at term 1 for DISCOVERED_A_NEW_TERM
2019-09-24 18:11:46,815 [2c7c9e22-26ed-4416-8ebe-07cbe3ead7bd@group-A95362D803F3:LeaderElection12] INFO  impl.RoleInfo (RoleInfo.java:shutdownLeaderElection(134)) - 2c7c9e22-26ed-4416-8ebe-07cbe3ead7bd: shutdown LeaderElection
2019-09-24 18:11:46,813 [2c7c9e22-26ed-4416-8ebe-07cbe3ead7bd@group-FE99038DF347:LeaderElection10] INFO  impl.RoleInfo (RoleInfo.java:shutdownLeaderElection(134)) - 2c7c9e22-26ed-4416-8ebe-07cbe3ead7bd: shutdown LeaderElection
2019-09-24 18:11:46,815 [2c7c9e22-26ed-4416-8ebe-07cbe3ead7bd@group-A95362D803F3:LeaderElection12] INFO  impl.RoleInfo (RoleInfo.java:updateAndGet(143)) - 2c7c9e22-26ed-4416-8ebe-07cbe3ead7bd: start FollowerState
2019-09-24 18:11:46,816 [2c7c9e22-26ed-4416-8ebe-07cbe3ead7bd@group-FE99038DF347:LeaderElection10] INFO  impl.RoleInfo (RoleInfo.java:updateAndGet(143)) - 2c7c9e22-26ed-4416-8ebe-07cbe3ead7bd: start FollowerState
2019-09-24 18:11:47,022 [2c7c9e22-26ed-4416-8ebe-07cbe3ead7bd@group-F0FF8E4ABA79:LeaderElection14] INFO  impl.LeaderElection (LeaderElection.java:logAndReturn(56)) - 2c7c9e22-26ed-4416-8ebe-07cbe3ead7bd@group-F0FF8E4ABA79:LeaderElection14: Election PASSED; received 1 response(s) [2c7c9e22-26ed-4416-8ebe-07cbe3ead7bd<-165cd824-9508-47b7-9a26-a1da7d8cc554#0:OK-t2] and 0 exception(s); 2c7c9e22-26ed-4416-8ebe-07cbe3ead7bd@group-F0FF8E4ABA79:t2, leader=null, voted=2c7c9e22-26ed-4416-8ebe-07cbe3ead7bd, raftlog=2c7c9e22-26ed-4416-8ebe-07cbe3ead7bd@group-F0FF8E4ABA79-SegmentedRaftLog:OPENED:c-1,f-1,i0, conf=-1: [165cd824-9508-47b7-9a26-a1da7d8cc554:192.168.5.148:41649, 74676e76-599c-4b85-957c-ba96e045280e:192.168.5.148:39518, 2c7c9e22-26ed-4416-8ebe-07cbe3ead7bd:192.168.5.148:40900], old=null
2019-09-24 18:11:47,024 [2c7c9e22-26ed-4416-8ebe-07cbe3ead7bd@group-F0FF8E4ABA79:LeaderElection14] INFO  impl.RoleInfo (RoleInfo.java:shutdownLeaderElection(134)) - 2c7c9e22-26ed-4416-8ebe-07cbe3ead7bd: shutdown LeaderElection
2019-09-24 18:11:47,026 [2c7c9e22-26ed-4416-8ebe-07cbe3ead7bd@group-F0FF8E4ABA79:LeaderElection14] INFO  impl.RaftServerImpl (RaftServerImpl.java:setRole(174)) - 2c7c9e22-26ed-4416-8ebe-07cbe3ead7bd@group-F0FF8E4ABA79: changes role from CANDIDATE to LEADER at term 2 for changeToLeader
2019-09-24 18:11:47,027 [2c7c9e22-26ed-4416-8ebe-07cbe3ead7bd@group-F0FF8E4ABA79:LeaderElection14] INFO  impl.RaftServerImpl (ServerState.java:setLeader(253)) - 2c7c9e22-26ed-4416-8ebe-07cbe3ead7bd@group-F0FF8E4ABA79: change Leader from null to 2c7c9e22-26ed-4416-8ebe-07cbe3ead7bd at term 2 for becomeLeader, leader elected after 15629ms
2019-09-24 18:11:47,028 [2c7c9e22-26ed-4416-8ebe-07cbe3ead7bd@group-F0FF8E4ABA79:LeaderElection14] INFO  server.RaftServerConfigKeys (ConfUtils.java:logGet(43)) - raft.server.staging.catchup.gap = 1000 (default)
2019-09-24 18:11:47,028 [2c7c9e22-26ed-4416-8ebe-07cbe3ead7bd@group-F0FF8E4ABA79:LeaderElection14] INFO  server.RaftServerConfigKeys (ConfUtils.java:logGet(43)) - raft.server.rpc.sleep.time = 25ms (default)
2019-09-24 18:11:47,028 [2c7c9e22-26ed-4416-8ebe-07cbe3ead7bd@group-F0FF8E4ABA79:LeaderElection14] INFO  server.RaftServerConfigKeys (ConfUtils.java:logGet(43)) - raft.server.write.element-limit = 4096 (default)
2019-09-24 18:11:47,029 [2c7c9e22-26ed-4416-8ebe-07cbe3ead7bd@group-F0FF8E4ABA79:LeaderElection14] INFO  server.RaftServerConfigKeys (ConfUtils.java:logGet(43)) - raft.server.watch.timeout = 10s (default)
2019-09-24 18:11:47,029 [2c7c9e22-26ed-4416-8ebe-07cbe3ead7bd@group-F0FF8E4ABA79:LeaderElection14] INFO  server.RaftServerConfigKeys (ConfUtils.java:logGet(43)) - raft.server.watch.timeout.denomination = 1s (default)
2019-09-24 18:11:47,029 [2c7c9e22-26ed-4416-8ebe-07cbe3ead7bd@group-F0FF8E4ABA79:LeaderElection14] INFO  server.RaftServerConfigKeys (ConfUtils.java:logGet(43)) - raft.server.watch.element-limit = 65536 (default)
2019-09-24 18:11:47,037 [2c7c9e22-26ed-4416-8ebe-07cbe3ead7bd@group-F0FF8E4ABA79:LeaderElection14] INFO  server.RaftServerConfigKeys (ConfUtils.java:logGet(43)) - raft.server.log.appender.snapshot.chunk.size.max = 16MB (=16777216) (default)
2019-09-24 18:11:47,037 [2c7c9e22-26ed-4416-8ebe-07cbe3ead7bd@group-F0FF8E4ABA79:LeaderElection14] INFO  server.RaftServerConfigKeys (ConfUtils.java:logGet(43)) - raft.server.log.appender.buffer.byte-limit = 33554432 (custom)
2019-09-24 18:11:47,038 [2c7c9e22-26ed-4416-8ebe-07cbe3ead7bd@group-F0FF8E4ABA79:LeaderElection14] INFO  server.RaftServerConfigKeys (ConfUtils.java:logGet(43)) - raft.server.log.appender.buffer.element-limit = 1 (custom)
2019-09-24 18:11:47,042 [2c7c9e22-26ed-4416-8ebe-07cbe3ead7bd@group-F0FF8E4ABA79:LeaderElection14] INFO  grpc.GrpcConfigKeys$Server (ConfUtils.java:logGet(43)) - raft.grpc.server.leader.outstanding.appends.max = 128 (default)
2019-09-24 18:11:47,043 [2c7c9e22-26ed-4416-8ebe-07cbe3ead7bd@group-F0FF8E4ABA79:LeaderElection14] INFO  server.RaftServerConfigKeys (ConfUtils.java:logGet(43)) - raft.server.rpc.request.timeout = 3000ms (default)
2019-09-24 18:11:47,043 [2c7c9e22-26ed-4416-8ebe-07cbe3ead7bd@group-F0FF8E4ABA79:LeaderElection14] INFO  server.RaftServerConfigKeys (ConfUtils.java:logGet(43)) - raft.server.log.appender.install.snapshot.enabled = false (custom)
2019-09-24 18:11:47,044 [2c7c9e22-26ed-4416-8ebe-07cbe3ead7bd@group-F0FF8E4ABA79:LeaderElection14] INFO  server.RaftServerConfigKeys (ConfUtils.java:logGet(43)) - raft.server.log.appender.snapshot.chunk.size.max = 16MB (=16777216) (default)
2019-09-24 18:11:47,045 [2c7c9e22-26ed-4416-8ebe-07cbe3ead7bd@group-F0FF8E4ABA79:LeaderElection14] INFO  server.RaftServerConfigKeys (ConfUtils.java:logGet(43)) - raft.server.log.appender.buffer.byte-limit = 33554432 (custom)
2019-09-24 18:11:47,045 [2c7c9e22-26ed-4416-8ebe-07cbe3ead7bd@group-F0FF8E4ABA79:LeaderElection14] INFO  server.RaftServerConfigKeys (ConfUtils.java:logGet(43)) - raft.server.log.appender.buffer.element-limit = 1 (custom)
2019-09-24 18:11:47,045 [2c7c9e22-26ed-4416-8ebe-07cbe3ead7bd@group-F0FF8E4ABA79:LeaderElection14] INFO  grpc.GrpcConfigKeys$Server (ConfUtils.java:logGet(43)) - raft.grpc.server.leader.outstanding.appends.max = 128 (default)
2019-09-24 18:11:47,045 [2c7c9e22-26ed-4416-8ebe-07cbe3ead7bd@group-F0FF8E4ABA79:LeaderElection14] INFO  server.RaftServerConfigKeys (ConfUtils.java:logGet(43)) - raft.server.rpc.request.timeout = 3000ms (default)
2019-09-24 18:11:47,045 [2c7c9e22-26ed-4416-8ebe-07cbe3ead7bd@group-F0FF8E4ABA79:LeaderElection14] INFO  server.RaftServerConfigKeys (ConfUtils.java:logGet(43)) - raft.server.log.appender.install.snapshot.enabled = false (custom)
2019-09-24 18:11:47,047 [2c7c9e22-26ed-4416-8ebe-07cbe3ead7bd@group-F0FF8E4ABA79:LeaderElection14] INFO  impl.RoleInfo (RoleInfo.java:updateAndGet(143)) - 2c7c9e22-26ed-4416-8ebe-07cbe3ead7bd: start LeaderState
2019-09-24 18:11:47,048 [2c7c9e22-26ed-4416-8ebe-07cbe3ead7bd@group-F0FF8E4ABA79:LeaderElection14] INFO  segmented.SegmentedRaftLogWorker (SegmentedRaftLogWorker.java:startLogSegment(380)) - 2c7c9e22-26ed-4416-8ebe-07cbe3ead7bd@group-F0FF8E4ABA79-SegmentedRaftLogWorker: Starting segment from index:0
2019-09-24 18:11:47,049 [2c7c9e22-26ed-4416-8ebe-07cbe3ead7bd@group-F0FF8E4ABA79:LeaderElection14] INFO  impl.RaftServerImpl (ServerState.java:setRaftConf(354)) - 2c7c9e22-26ed-4416-8ebe-07cbe3ead7bd@group-F0FF8E4ABA79: set configuration 0: [165cd824-9508-47b7-9a26-a1da7d8cc554:192.168.5.148:41649, 74676e76-599c-4b85-957c-ba96e045280e:192.168.5.148:39518, 2c7c9e22-26ed-4416-8ebe-07cbe3ead7bd:192.168.5.148:40900], old=null at 0
2019-09-24 18:11:47,107 [grpc-default-executor-0] INFO  impl.RaftServerImpl (ServerState.java:setLeader(253)) - 74676e76-599c-4b85-957c-ba96e045280e@group-F0FF8E4ABA79: change Leader from null to 2c7c9e22-26ed-4416-8ebe-07cbe3ead7bd at term 2 for appendEntries, leader elected after 15709ms
2019-09-24 18:11:47,107 [grpc-default-executor-1] INFO  impl.RaftServerImpl (ServerState.java:setLeader(253)) - 165cd824-9508-47b7-9a26-a1da7d8cc554@group-F0FF8E4ABA79: change Leader from null to 2c7c9e22-26ed-4416-8ebe-07cbe3ead7bd at term 2 for appendEntries, leader elected after 15710ms
2019-09-24 18:11:47,143 [grpc-default-executor-0] INFO  impl.RaftServerImpl (ServerState.java:setRaftConf(354)) - 74676e76-599c-4b85-957c-ba96e045280e@group-F0FF8E4ABA79: set configuration 0: [165cd824-9508-47b7-9a26-a1da7d8cc554:192.168.5.148:41649, 74676e76-599c-4b85-957c-ba96e045280e:192.168.5.148:39518, 2c7c9e22-26ed-4416-8ebe-07cbe3ead7bd:192.168.5.148:40900], old=null at 0
2019-09-24 18:11:47,143 [grpc-default-executor-1] INFO  impl.RaftServerImpl (ServerState.java:setRaftConf(354)) - 165cd824-9508-47b7-9a26-a1da7d8cc554@group-F0FF8E4ABA79: set configuration 0: [165cd824-9508-47b7-9a26-a1da7d8cc554:192.168.5.148:41649, 74676e76-599c-4b85-957c-ba96e045280e:192.168.5.148:39518, 2c7c9e22-26ed-4416-8ebe-07cbe3ead7bd:192.168.5.148:40900], old=null at 0
2019-09-24 18:11:47,143 [grpc-default-executor-0] INFO  segmented.SegmentedRaftLogWorker (SegmentedRaftLogWorker.java:startLogSegment(380)) - 74676e76-599c-4b85-957c-ba96e045280e@group-F0FF8E4ABA79-SegmentedRaftLogWorker: Starting segment from index:0
2019-09-24 18:11:47,143 [grpc-default-executor-1] INFO  segmented.SegmentedRaftLogWorker (SegmentedRaftLogWorker.java:startLogSegment(380)) - 165cd824-9508-47b7-9a26-a1da7d8cc554@group-F0FF8E4ABA79-SegmentedRaftLogWorker: Starting segment from index:0
2019-09-24 18:11:50,140 [java.util.concurrent.ThreadPoolExecutor$Worker@4212cd1d[State = -1, empty queue]] WARN  server.GrpcLogAppender (GrpcLogAppender.java:timeoutAppendRequest(200)) - 2c7c9e22-26ed-4416-8ebe-07cbe3ead7bd@group-F0FF8E4ABA79->165cd824-9508-47b7-9a26-a1da7d8cc554-GrpcLogAppender: appendEntries Timeout, request=2c7c9e22-26ed-4416-8ebe-07cbe3ead7bd->165cd824-9508-47b7-9a26-a1da7d8cc554#1-t2, previous=(t:0, i:0), leaderCommit=-1, initializing? false, entries: size=1, first=(t:2, i:0), CONFIGURATIONENTRY
2019-09-24 18:11:50,140 [java.util.concurrent.ThreadPoolExecutor$Worker@4ee64ee7[State = -1, empty queue]] WARN  server.GrpcLogAppender (GrpcLogAppender.java:timeoutAppendRequest(200)) - 2c7c9e22-26ed-4416-8ebe-07cbe3ead7bd@group-F0FF8E4ABA79->74676e76-599c-4b85-957c-ba96e045280e-GrpcLogAppender: appendEntries Timeout, request=2c7c9e22-26ed-4416-8ebe-07cbe3ead7bd->74676e76-599c-4b85-957c-ba96e045280e#1-t2, previous=(t:0, i:0), leaderCommit=-1, initializing? false, entries: size=1, first=(t:2, i:0), CONFIGURATIONENTRY
2019-09-24 18:11:51,812 [Thread-306] INFO  impl.FollowerState (FollowerState.java:run(106)) - 74676e76-599c-4b85-957c-ba96e045280e:group-A95362D803F3 changes to CANDIDATE, lastRpcTime:5031, electionTimeout:5031ms
2019-09-24 18:11:51,815 [Thread-306] INFO  impl.RoleInfo (RoleInfo.java:shutdownFollowerState(121)) - 74676e76-599c-4b85-957c-ba96e045280e: shutdown FollowerState
2019-09-24 18:11:51,816 [Thread-306] INFO  impl.RaftServerImpl (RaftServerImpl.java:setRole(174)) - 74676e76-599c-4b85-957c-ba96e045280e@group-A95362D803F3: changes role from  FOLLOWER to CANDIDATE at term 1 for changeToCandidate
2019-09-24 18:11:51,816 [Thread-306] INFO  impl.RoleInfo (RoleInfo.java:updateAndGet(143)) - 74676e76-599c-4b85-957c-ba96e045280e: start LeaderElection
2019-09-24 18:11:51,829 [Thread-308] INFO  impl.FollowerState (FollowerState.java:run(106)) - 165cd824-9508-47b7-9a26-a1da7d8cc554:group-A95362D803F3 changes to CANDIDATE, lastRpcTime:5033, electionTimeout:5031ms
2019-09-24 18:11:51,831 [Thread-308] INFO  impl.RoleInfo (RoleInfo.java:shutdownFollowerState(121)) - 165cd824-9508-47b7-9a26-a1da7d8cc554: shutdown FollowerState
2019-09-24 18:11:51,831 [Thread-308] INFO  impl.RaftServerImpl (RaftServerImpl.java:setRole(174)) - 165cd824-9508-47b7-9a26-a1da7d8cc554@group-A95362D803F3: changes role from  FOLLOWER to CANDIDATE at term 1 for changeToCandidate
2019-09-24 18:11:51,831 [Thread-308] INFO  impl.RoleInfo (RoleInfo.java:updateAndGet(143)) - 165cd824-9508-47b7-9a26-a1da7d8cc554: start LeaderElection
2019-09-24 18:11:51,865 [Thread-312] INFO  impl.FollowerState (FollowerState.java:run(106)) - 2c7c9e22-26ed-4416-8ebe-07cbe3ead7bd:group-FE99038DF347 changes to CANDIDATE, lastRpcTime:5049, electionTimeout:5049ms
2019-09-24 18:11:51,865 [Thread-312] INFO  impl.RoleInfo (RoleInfo.java:shutdownFollowerState(121)) - 2c7c9e22-26ed-4416-8ebe-07cbe3ead7bd: shutdown FollowerState
2019-09-24 18:11:51,866 [Thread-312] INFO  impl.RaftServerImpl (RaftServerImpl.java:setRole(174)) - 2c7c9e22-26ed-4416-8ebe-07cbe3ead7bd@group-FE99038DF347: changes role from  FOLLOWER to CANDIDATE at term 1 for changeToCandidate
2019-09-24 18:11:51,866 [Thread-312] INFO  impl.RoleInfo (RoleInfo.java:updateAndGet(143)) - 2c7c9e22-26ed-4416-8ebe-07cbe3ead7bd: start LeaderElection
2019-09-24 18:11:51,941 [Thread-305] INFO  impl.FollowerState (FollowerState.java:run(106)) - 74676e76-599c-4b85-957c-ba96e045280e:group-FE99038DF347 changes to CANDIDATE, lastRpcTime:5181, electionTimeout:5180ms
2019-09-24 18:11:51,942 [Thread-305] INFO  impl.RoleInfo (RoleInfo.java:shutdownFollowerState(121)) - 74676e76-599c-4b85-957c-ba96e045280e: shutdown FollowerState
2019-09-24 18:11:51,942 [Thread-305] INFO  impl.RaftServerImpl (RaftServerImpl.java:setRole(174)) - 74676e76-599c-4b85-957c-ba96e045280e@group-FE99038DF347: changes role from  FOLLOWER to CANDIDATE at term 1 for changeToCandidate
2019-09-24 18:11:51,942 [Thread-305] INFO  impl.RoleInfo (RoleInfo.java:updateAndGet(143)) - 74676e76-599c-4b85-957c-ba96e045280e: start LeaderElection
2019-09-24 18:11:51,958 [Thread-309] INFO  impl.FollowerState (FollowerState.java:run(106)) - 165cd824-9508-47b7-9a26-a1da7d8cc554:group-FE99038DF347 changes to CANDIDATE, lastRpcTime:5161, electionTimeout:5159ms
2019-09-24 18:11:51,958 [Thread-309] INFO  impl.RoleInfo (RoleInfo.java:shutdownFollowerState(121)) - 165cd824-9508-47b7-9a26-a1da7d8cc554: shutdown FollowerState
2019-09-24 18:11:51,958 [Thread-309] INFO  impl.RaftServerImpl (RaftServerImpl.java:setRole(174)) - 165cd824-9508-47b7-9a26-a1da7d8cc554@group-FE99038DF347: changes role from  FOLLOWER to CANDIDATE at term 1 for changeToCandidate
2019-09-24 18:11:51,958 [Thread-309] INFO  impl.RoleInfo (RoleInfo.java:updateAndGet(143)) - 165cd824-9508-47b7-9a26-a1da7d8cc554: start LeaderElection
2019-09-24 18:11:52,015 [Thread-311] INFO  impl.FollowerState (FollowerState.java:run(106)) - 2c7c9e22-26ed-4416-8ebe-07cbe3ead7bd:group-A95362D803F3 changes to CANDIDATE, lastRpcTime:5199, electionTimeout:5199ms
2019-09-24 18:11:52,015 [Thread-311] INFO  impl.RoleInfo (RoleInfo.java:shutdownFollowerState(121)) - 2c7c9e22-26ed-4416-8ebe-07cbe3ead7bd: shutdown FollowerState
2019-09-24 18:11:52,016 [Thread-311] INFO  impl.RaftServerImpl (RaftServerImpl.java:setRole(174)) - 2c7c9e22-26ed-4416-8ebe-07cbe3ead7bd@group-A95362D803F3: changes role from  FOLLOWER to CANDIDATE at term 1 for changeToCandidate
2019-09-24 18:11:52,016 [Thread-311] INFO  impl.RoleInfo (RoleInfo.java:updateAndGet(143)) - 2c7c9e22-26ed-4416-8ebe-07cbe3ead7bd: start LeaderElection
2019-09-24 18:11:52,227 [74676e76-599c-4b85-957c-ba96e045280e@group-F0FF8E4ABA79-SegmentedRaftLogWorker] INFO  segmented.SegmentedRaftLogWorker (SegmentedRaftLogWorker.java:execute(569)) - 74676e76-599c-4b85-957c-ba96e045280e@group-F0FF8E4ABA79-SegmentedRaftLogWorker: created new log segment /workdir/hadoop-ozone/integration-test/target/test-dir/MiniOzoneClusterImpl-42bba134-5a67-4562-bb40-e54cb25fe1f1/datanode-2/data/ratis/dd3f463f-c946-4d8f-b848-f0ff8e4aba79/current/log_inprogress_0
2019-09-24 18:11:52,227 [165cd824-9508-47b7-9a26-a1da7d8cc554@group-F0FF8E4ABA79-SegmentedRaftLogWorker] INFO  segmented.SegmentedRaftLogWorker (SegmentedRaftLogWorker.java:execute(569)) - 165cd824-9508-47b7-9a26-a1da7d8cc554@group-F0FF8E4ABA79-SegmentedRaftLogWorker: created new log segment /workdir/hadoop-ozone/integration-test/target/test-dir/MiniOzoneClusterImpl-42bba134-5a67-4562-bb40-e54cb25fe1f1/datanode-3/data/ratis/dd3f463f-c946-4d8f-b848-f0ff8e4aba79/current/log_inprogress_0
2019-09-24 18:11:52,227 [2c7c9e22-26ed-4416-8ebe-07cbe3ead7bd@group-F0FF8E4ABA79-SegmentedRaftLogWorker] INFO  segmented.SegmentedRaftLogWorker (SegmentedRaftLogWorker.java:execute(569)) - 2c7c9e22-26ed-4416-8ebe-07cbe3ead7bd@group-F0FF8E4ABA79-SegmentedRaftLogWorker: created new log segment /workdir/hadoop-ozone/integration-test/target/test-dir/MiniOzoneClusterImpl-42bba134-5a67-4562-bb40-e54cb25fe1f1/datanode-1/data/ratis/dd3f463f-c946-4d8f-b848-f0ff8e4aba79/current/log_inprogress_0
2019-09-24 18:11:52,240 [grpc-default-executor-1] WARN  server.GrpcLogAppender (GrpcLogAppender.java:onNextImpl(251)) - 2c7c9e22-26ed-4416-8ebe-07cbe3ead7bd@group-F0FF8E4ABA79->74676e76-599c-4b85-957c-ba96e045280e-AppendLogResponseHandler: Request not found, ignoring reply: 2c7c9e22-26ed-4416-8ebe-07cbe3ead7bd<-74676e76-599c-4b85-957c-ba96e045280e#1:OK,SUCCESS,nextIndex:1,term:2,followerCommit:-1
2019-09-24 18:11:52,249 [grpc-default-executor-0] WARN  server.GrpcLogAppender (GrpcLogAppender.java:onNextImpl(251)) - 2c7c9e22-26ed-4416-8ebe-07cbe3ead7bd@group-F0FF8E4ABA79->165cd824-9508-47b7-9a26-a1da7d8cc554-AppendLogResponseHandler: Request not found, ignoring reply: 2c7c9e22-26ed-4416-8ebe-07cbe3ead7bd<-165cd824-9508-47b7-9a26-a1da7d8cc554#1:OK,SUCCESS,nextIndex:1,term:2,followerCommit:-1
2019-09-24 18:11:52,252 [165cd824-9508-47b7-9a26-a1da7d8cc554@group-A95362D803F3:LeaderElection16] INFO  impl.LeaderElection (LeaderElection.java:askForVotes(182)) - 165cd824-9508-47b7-9a26-a1da7d8cc554@group-A95362D803F3:LeaderElection16: begin an election at term 2 for -1: [165cd824-9508-47b7-9a26-a1da7d8cc554:192.168.5.148:41649, 74676e76-599c-4b85-957c-ba96e045280e:192.168.5.148:39518, 2c7c9e22-26ed-4416-8ebe-07cbe3ead7bd:192.168.5.148:40900], old=null
2019-09-24 18:11:52,252 [74676e76-599c-4b85-957c-ba96e045280e@group-A95362D803F3:LeaderElection15] INFO  impl.LeaderElection (LeaderElection.java:askForVotes(182)) - 74676e76-599c-4b85-957c-ba96e045280e@group-A95362D803F3:LeaderElection15: begin an election at term 2 for -1: [165cd824-9508-47b7-9a26-a1da7d8cc554:192.168.5.148:41649, 74676e76-599c-4b85-957c-ba96e045280e:192.168.5.148:39518, 2c7c9e22-26ed-4416-8ebe-07cbe3ead7bd:192.168.5.148:40900], old=null
2019-09-24 18:11:52,252 [165cd824-9508-47b7-9a26-a1da7d8cc554@group-FE99038DF347:LeaderElection19] INFO  impl.LeaderElection (LeaderElection.java:askForVotes(182)) - 165cd824-9508-47b7-9a26-a1da7d8cc554@group-FE99038DF347:LeaderElection19: begin an election at term 2 for -1: [165cd824-9508-47b7-9a26-a1da7d8cc554:192.168.5.148:41649, 74676e76-599c-4b85-957c-ba96e045280e:192.168.5.148:39518, 2c7c9e22-26ed-4416-8ebe-07cbe3ead7bd:192.168.5.148:40900], old=null
2019-09-24 18:11:52,252 [2c7c9e22-26ed-4416-8ebe-07cbe3ead7bd@group-A95362D803F3:LeaderElection20] INFO  impl.LeaderElection (LeaderElection.java:askForVotes(182)) - 2c7c9e22-26ed-4416-8ebe-07cbe3ead7bd@group-A95362D803F3:LeaderElection20: begin an election at term 2 for -1: [165cd824-9508-47b7-9a26-a1da7d8cc554:192.168.5.148:41649, 74676e76-599c-4b85-957c-ba96e045280e:192.168.5.148:39518, 2c7c9e22-26ed-4416-8ebe-07cbe3ead7bd:192.168.5.148:40900], old=null
2019-09-24 18:11:52,252 [2c7c9e22-26ed-4416-8ebe-07cbe3ead7bd@group-FE99038DF347:LeaderElection17] INFO  impl.LeaderElection (LeaderElection.java:askForVotes(182)) - 2c7c9e22-26ed-4416-8ebe-07cbe3ead7bd@group-FE99038DF347:LeaderElection17: begin an election at term 2 for -1: [165cd824-9508-47b7-9a26-a1da7d8cc554:192.168.5.148:41649, 74676e76-599c-4b85-957c-ba96e045280e:192.168.5.148:39518, 2c7c9e22-26ed-4416-8ebe-07cbe3ead7bd:192.168.5.148:40900], old=null
2019-09-24 18:11:52,252 [74676e76-599c-4b85-957c-ba96e045280e@group-FE99038DF347:LeaderElection18] INFO  impl.LeaderElection (LeaderElection.java:askForVotes(182)) - 74676e76-599c-4b85-957c-ba96e045280e@group-FE99038DF347:LeaderElection18: begin an election at term 2 for -1: [165cd824-9508-47b7-9a26-a1da7d8cc554:192.168.5.148:41649, 74676e76-599c-4b85-957c-ba96e045280e:192.168.5.148:39518, 2c7c9e22-26ed-4416-8ebe-07cbe3ead7bd:192.168.5.148:40900], old=null
2019-09-24 18:11:52,264 [165cd824-9508-47b7-9a26-a1da7d8cc554@group-A95362D803F3:LeaderElection16] INFO  impl.LeaderElection (LeaderElection.java:logAndReturn(56)) - 165cd824-9508-47b7-9a26-a1da7d8cc554@group-A95362D803F3:LeaderElection16: Election REJECTED; received 2 response(s) [165cd824-9508-47b7-9a26-a1da7d8cc554<-74676e76-599c-4b85-957c-ba96e045280e#0:FAIL-t2, 165cd824-9508-47b7-9a26-a1da7d8cc554<-2c7c9e22-26ed-4416-8ebe-07cbe3ead7bd#0:FAIL-t2] and 0 exception(s); 165cd824-9508-47b7-9a26-a1da7d8cc554@group-A95362D803F3:t2, leader=null, voted=165cd824-9508-47b7-9a26-a1da7d8cc554, raftlog=165cd824-9508-47b7-9a26-a1da7d8cc554@group-A95362D803F3-SegmentedRaftLog:OPENED:c-1,f-1,i0, conf=-1: [165cd824-9508-47b7-9a26-a1da7d8cc554:192.168.5.148:41649, 74676e76-599c-4b85-957c-ba96e045280e:192.168.5.148:39518, 2c7c9e22-26ed-4416-8ebe-07cbe3ead7bd:192.168.5.148:40900], old=null
2019-09-24 18:11:52,264 [165cd824-9508-47b7-9a26-a1da7d8cc554@group-FE99038DF347:LeaderElection19] INFO  impl.LeaderElection (LeaderElection.java:logAndReturn(56)) - 165cd824-9508-47b7-9a26-a1da7d8cc554@group-FE99038DF347:LeaderElection19: Election REJECTED; received 2 response(s) [165cd824-9508-47b7-9a26-a1da7d8cc554<-74676e76-599c-4b85-957c-ba96e045280e#0:FAIL-t2, 165cd824-9508-47b7-9a26-a1da7d8cc554<-2c7c9e22-26ed-4416-8ebe-07cbe3ead7bd#0:FAIL-t2] and 0 exception(s); 165cd824-9508-47b7-9a26-a1da7d8cc554@group-FE99038DF347:t2, leader=null, voted=165cd824-9508-47b7-9a26-a1da7d8cc554, raftlog=165cd824-9508-47b7-9a26-a1da7d8cc554@group-FE99038DF347-SegmentedRaftLog:OPENED:c-1,f-1,i0, conf=-1: [165cd824-9508-47b7-9a26-a1da7d8cc554:192.168.5.148:41649, 74676e76-599c-4b85-957c-ba96e045280e:192.168.5.148:39518, 2c7c9e22-26ed-4416-8ebe-07cbe3ead7bd:192.168.5.148:40900], old=null
2019-09-24 18:11:52,264 [165cd824-9508-47b7-9a26-a1da7d8cc554@group-A95362D803F3:LeaderElection16] INFO  impl.RaftServerImpl (RaftServerImpl.java:setRole(174)) - 165cd824-9508-47b7-9a26-a1da7d8cc554@group-A95362D803F3: changes role from CANDIDATE to FOLLOWER at term 2 for DISCOVERED_A_NEW_TERM
2019-09-24 18:11:52,268 [165cd824-9508-47b7-9a26-a1da7d8cc554@group-FE99038DF347:LeaderElection19] INFO  impl.RaftServerImpl (RaftServerImpl.java:setRole(174)) - 165cd824-9508-47b7-9a26-a1da7d8cc554@group-FE99038DF347: changes role from CANDIDATE to FOLLOWER at term 2 for DISCOVERED_A_NEW_TERM
2019-09-24 18:11:52,270 [165cd824-9508-47b7-9a26-a1da7d8cc554@group-A95362D803F3:LeaderElection16] INFO  impl.RoleInfo (RoleInfo.java:shutdownLeaderElection(134)) - 165cd824-9508-47b7-9a26-a1da7d8cc554: shutdown LeaderElection
2019-09-24 18:11:52,270 [165cd824-9508-47b7-9a26-a1da7d8cc554@group-FE99038DF347:LeaderElection19] INFO  impl.RoleInfo (RoleInfo.java:shutdownLeaderElection(134)) - 165cd824-9508-47b7-9a26-a1da7d8cc554: shutdown LeaderElection
2019-09-24 18:11:52,270 [165cd824-9508-47b7-9a26-a1da7d8cc554@group-A95362D803F3:LeaderElection16] INFO  impl.RoleInfo (RoleInfo.java:updateAndGet(143)) - 165cd824-9508-47b7-9a26-a1da7d8cc554: start FollowerState
2019-09-24 18:11:52,270 [165cd824-9508-47b7-9a26-a1da7d8cc554@group-FE99038DF347:LeaderElection19] INFO  impl.RoleInfo (RoleInfo.java:updateAndGet(143)) - 165cd824-9508-47b7-9a26-a1da7d8cc554: start FollowerState
2019-09-24 18:11:52,271 [2c7c9e22-26ed-4416-8ebe-07cbe3ead7bd@group-A95362D803F3:LeaderElection20] INFO  impl.LeaderElection (LeaderElection.java:logAndReturn(56)) - 2c7c9e22-26ed-4416-8ebe-07cbe3ead7bd@group-A95362D803F3:LeaderElection20: Election REJECTED; received 2 response(s) [2c7c9e22-26ed-4416-8ebe-07cbe3ead7bd<-165cd824-9508-47b7-9a26-a1da7d8cc554#0:FAIL-t2, 2c7c9e22-26ed-4416-8ebe-07cbe3ead7bd<-74676e76-599c-4b85-957c-ba96e045280e#0:FAIL-t2] and 0 exception(s); 2c7c9e22-26ed-4416-8ebe-07cbe3ead7bd@group-A95362D803F3:t2, leader=null, voted=2c7c9e22-26ed-4416-8ebe-07cbe3ead7bd, raftlog=2c7c9e22-26ed-4416-8ebe-07cbe3ead7bd@group-A95362D803F3-SegmentedRaftLog:OPENED:c-1,f-1,i0, conf=-1: [165cd824-9508-47b7-9a26-a1da7d8cc554:192.168.5.148:41649, 74676e76-599c-4b85-957c-ba96e045280e:192.168.5.148:39518, 2c7c9e22-26ed-4416-8ebe-07cbe3ead7bd:192.168.5.148:40900], old=null
2019-09-24 18:11:52,271 [2c7c9e22-26ed-4416-8ebe-07cbe3ead7bd@group-FE99038DF347:LeaderElection17] INFO  impl.LeaderElection (LeaderElection.java:logAndReturn(56)) - 2c7c9e22-26ed-4416-8ebe-07cbe3ead7bd@group-FE99038DF347:LeaderElection17: Election REJECTED; received 2 response(s) [2c7c9e22-26ed-4416-8ebe-07cbe3ead7bd<-165cd824-9508-47b7-9a26-a1da7d8cc554#0:FAIL-t2, 2c7c9e22-26ed-4416-8ebe-07cbe3ead7bd<-74676e76-599c-4b85-957c-ba96e045280e#0:FAIL-t2] and 0 exception(s); 2c7c9e22-26ed-4416-8ebe-07cbe3ead7bd@group-FE99038DF347:t2, leader=null, voted=2c7c9e22-26ed-4416-8ebe-07cbe3ead7bd, raftlog=2c7c9e22-26ed-4416-8ebe-07cbe3ead7bd@group-FE99038DF347-SegmentedRaftLog:OPENED:c-1,f-1,i0, conf=-1: [165cd824-9508-47b7-9a26-a1da7d8cc554:192.168.5.148:41649, 74676e76-599c-4b85-957c-ba96e045280e:192.168.5.148:39518, 2c7c9e22-26ed-4416-8ebe-07cbe3ead7bd:192.168.5.148:40900], old=null
2019-09-24 18:11:52,271 [74676e76-599c-4b85-957c-ba96e045280e@group-A95362D803F3:LeaderElection15] INFO  impl.LeaderElection (LeaderElection.java:logAndReturn(56)) - 74676e76-599c-4b85-957c-ba96e045280e@group-A95362D803F3:LeaderElection15: Election REJECTED; received 2 response(s) [74676e76-599c-4b85-957c-ba96e045280e<-165cd824-9508-47b7-9a26-a1da7d8cc554#0:FAIL-t2, 74676e76-599c-4b85-957c-ba96e045280e<-2c7c9e22-26ed-4416-8ebe-07cbe3ead7bd#0:FAIL-t2] and 0 exception(s); 74676e76-599c-4b85-957c-ba96e045280e@group-A95362D803F3:t2, leader=null, voted=74676e76-599c-4b85-957c-ba96e045280e, raftlog=74676e76-599c-4b85-957c-ba96e045280e@group-A95362D803F3-SegmentedRaftLog:OPENED:c-1,f-1,i0, conf=-1: [165cd824-9508-47b7-9a26-a1da7d8cc554:192.168.5.148:41649, 74676e76-599c-4b85-957c-ba96e045280e:192.168.5.148:39518, 2c7c9e22-26ed-4416-8ebe-07cbe3ead7bd:192.168.5.148:40900], old=null
2019-09-24 18:11:52,273 [2c7c9e22-26ed-4416-8ebe-07cbe3ead7bd@group-FE99038DF347:LeaderElection17] INFO  impl.RaftServerImpl (RaftServerImpl.java:setRole(174)) - 2c7c9e22-26ed-4416-8ebe-07cbe3ead7bd@group-FE99038DF347: changes role from CANDIDATE to FOLLOWER at term 2 for DISCOVERED_A_NEW_TERM
2019-09-24 18:11:52,271 [2c7c9e22-26ed-4416-8ebe-07cbe3ead7bd@group-A95362D803F3:LeaderElection20] INFO  impl.RaftServerImpl (RaftServerImpl.java:setRole(174)) - 2c7c9e22-26ed-4416-8ebe-07cbe3ead7bd@group-A95362D803F3: changes role from CANDIDATE to FOLLOWER at term 2 for DISCOVERED_A_NEW_TERM
2019-09-24 18:11:52,271 [74676e76-599c-4b85-957c-ba96e045280e@group-FE99038DF347:LeaderElection18] INFO  impl.LeaderElection (LeaderElection.java:logAndReturn(56)) - 74676e76-599c-4b85-957c-ba96e045280e@group-FE99038DF347:LeaderElection18: Election REJECTED; received 2 response(s) [74676e76-599c-4b85-957c-ba96e045280e<-165cd824-9508-47b7-9a26-a1da7d8cc554#0:FAIL-t2, 74676e76-599c-4b85-957c-ba96e045280e<-2c7c9e22-26ed-4416-8ebe-07cbe3ead7bd#0:FAIL-t2] and 0 exception(s); 74676e76-599c-4b85-957c-ba96e045280e@group-FE99038DF347:t2, leader=null, voted=74676e76-599c-4b85-957c-ba96e045280e, raftlog=74676e76-599c-4b85-957c-ba96e045280e@group-FE99038DF347-SegmentedRaftLog:OPENED:c-1,f-1,i0, conf=-1: [165cd824-9508-47b7-9a26-a1da7d8cc554:192.168.5.148:41649, 74676e76-599c-4b85-957c-ba96e045280e:192.168.5.148:39518, 2c7c9e22-26ed-4416-8ebe-07cbe3ead7bd:192.168.5.148:40900], old=null
2019-09-24 18:11:52,276 [2c7c9e22-26ed-4416-8ebe-07cbe3ead7bd@group-A95362D803F3:LeaderElection20] INFO  impl.RoleInfo (RoleInfo.java:shutdownLeaderElection(134)) - 2c7c9e22-26ed-4416-8ebe-07cbe3ead7bd: shutdown LeaderElection
2019-09-24 18:11:52,274 [2c7c9e22-26ed-4416-8ebe-07cbe3ead7bd@group-FE99038DF347:LeaderElection17] INFO  impl.RoleInfo (RoleInfo.java:shutdownLeaderElection(134)) - 2c7c9e22-26ed-4416-8ebe-07cbe3ead7bd: shutdown LeaderElection
2019-09-24 18:11:52,274 [74676e76-599c-4b85-957c-ba96e045280e@group-A95362D803F3:LeaderElection15] INFO  impl.RaftServerImpl (RaftServerImpl.java:setRole(174)) - 74676e76-599c-4b85-957c-ba96e045280e@group-A95362D803F3: changes role from CANDIDATE to FOLLOWER at term 2 for DISCOVERED_A_NEW_TERM
2019-09-24 18:11:52,278 [2c7c9e22-26ed-4416-8ebe-07cbe3ead7bd@group-FE99038DF347:LeaderElection17] INFO  impl.RoleInfo (RoleInfo.java:updateAndGet(143)) - 2c7c9e22-26ed-4416-8ebe-07cbe3ead7bd: start FollowerState
2019-09-24 18:11:52,277 [2c7c9e22-26ed-4416-8ebe-07cbe3ead7bd@group-A95362D803F3:LeaderElection20] INFO  impl.RoleInfo (RoleInfo.java:updateAndGet(143)) - 2c7c9e22-26ed-4416-8ebe-07cbe3ead7bd: start FollowerState
2019-09-24 18:11:52,276 [74676e76-599c-4b85-957c-ba96e045280e@group-FE99038DF347:LeaderElection18] INFO  impl.RaftServerImpl (RaftServerImpl.java:setRole(174)) - 74676e76-599c-4b85-957c-ba96e045280e@group-FE99038DF347: changes role from CANDIDATE to FOLLOWER at term 2 for DISCOVERED_A_NEW_TERM
2019-09-24 18:11:52,278 [74676e76-599c-4b85-957c-ba96e045280e@group-A95362D803F3:LeaderElection15] INFO  impl.RoleInfo (RoleInfo.java:shutdownLeaderElection(134)) - 74676e76-599c-4b85-957c-ba96e045280e: shutdown LeaderElection
2019-09-24 18:11:52,278 [74676e76-599c-4b85-957c-ba96e045280e@group-FE99038DF347:LeaderElection18] INFO  impl.RoleInfo (RoleInfo.java:shutdownLeaderElection(134)) - 74676e76-599c-4b85-957c-ba96e045280e: shutdown LeaderElection
2019-09-24 18:11:52,278 [74676e76-599c-4b85-957c-ba96e045280e@group-A95362D803F3:LeaderElection15] INFO  impl.RoleInfo (RoleInfo.java:updateAndGet(143)) - 74676e76-599c-4b85-957c-ba96e045280e: start FollowerState
2019-09-24 18:11:52,279 [74676e76-599c-4b85-957c-ba96e045280e@group-FE99038DF347:LeaderElection18] INFO  impl.RoleInfo (RoleInfo.java:updateAndGet(143)) - 74676e76-599c-4b85-957c-ba96e045280e: start FollowerState
2019-09-24 18:11:57,272 [Thread-356] INFO  impl.FollowerState (FollowerState.java:run(106)) - 165cd824-9508-47b7-9a26-a1da7d8cc554:group-FE99038DF347 changes to CANDIDATE, lastRpcTime:5001, electionTimeout:5001ms
2019-09-24 18:11:57,273 [Thread-356] INFO  impl.RoleInfo (RoleInfo.java:shutdownFollowerState(121)) - 165cd824-9508-47b7-9a26-a1da7d8cc554: shutdown FollowerState
2019-09-24 18:11:57,273 [Thread-356] INFO  impl.RaftServerImpl (RaftServerImpl.java:setRole(174)) - 165cd824-9508-47b7-9a26-a1da7d8cc554@group-FE99038DF347: changes role from  FOLLOWER to CANDIDATE at term 2 for changeToCandidate
2019-09-24 18:11:57,273 [Thread-356] INFO  impl.RoleInfo (RoleInfo.java:updateAndGet(143)) - 165cd824-9508-47b7-9a26-a1da7d8cc554: start LeaderElection
2019-09-24 18:11:57,321 [Thread-355] INFO  impl.FollowerState (FollowerState.java:run(106)) - 165cd824-9508-47b7-9a26-a1da7d8cc554:group-A95362D803F3 changes to CANDIDATE, lastRpcTime:5050, electionTimeout:5050ms
2019-09-24 18:11:57,321 [Thread-355] INFO  impl.RoleInfo (RoleInfo.java:shutdownFollowerState(121)) - 165cd824-9508-47b7-9a26-a1da7d8cc554: shutdown FollowerState
2019-09-24 18:11:57,321 [Thread-355] INFO  impl.RaftServerImpl (RaftServerImpl.java:setRole(174)) - 165cd824-9508-47b7-9a26-a1da7d8cc554@group-A95362D803F3: changes role from  FOLLOWER to CANDIDATE at term 2 for changeToCandidate
2019-09-24 18:11:57,322 [Thread-355] INFO  impl.RoleInfo (RoleInfo.java:updateAndGet(143)) - 165cd824-9508-47b7-9a26-a1da7d8cc554: start LeaderElection
2019-09-24 18:11:57,410 [Thread-359] INFO  impl.FollowerState (FollowerState.java:run(106)) - 74676e76-599c-4b85-957c-ba96e045280e:group-A95362D803F3 changes to CANDIDATE, lastRpcTime:5131, electionTimeout:5131ms
2019-09-24 18:11:57,410 [Thread-359] INFO  impl.RoleInfo (RoleInfo.java:shutdownFollowerState(121)) - 74676e76-599c-4b85-957c-ba96e045280e: shutdown FollowerState
2019-09-24 18:11:57,410 [Thread-359] INFO  impl.RaftServerImpl (RaftServerImpl.java:setRole(174)) - 74676e76-599c-4b85-957c-ba96e045280e@group-A95362D803F3: changes role from  FOLLOWER to CANDIDATE at term 2 for changeToCandidate
2019-09-24 18:11:57,411 [Thread-359] INFO  impl.RoleInfo (RoleInfo.java:updateAndGet(143)) - 74676e76-599c-4b85-957c-ba96e045280e: start LeaderElection
2019-09-24 18:11:57,436 [Thread-360] INFO  impl.FollowerState (FollowerState.java:run(106)) - 74676e76-599c-4b85-957c-ba96e045280e:group-FE99038DF347 changes to CANDIDATE, lastRpcTime:5157, electionTimeout:5155ms
2019-09-24 18:11:57,436 [Thread-360] INFO  impl.RoleInfo (RoleInfo.java:shutdownFollowerState(121)) - 74676e76-599c-4b85-957c-ba96e045280e: shutdown FollowerState
2019-09-24 18:11:57,436 [Thread-360] INFO  impl.RaftServerImpl (RaftServerImpl.java:setRole(174)) - 74676e76-599c-4b85-957c-ba96e045280e@group-FE99038DF347: changes role from  FOLLOWER to CANDIDATE at term 2 for changeToCandidate
2019-09-24 18:11:57,438 [Thread-360] INFO  impl.RoleInfo (RoleInfo.java:updateAndGet(143)) - 74676e76-599c-4b85-957c-ba96e045280e: start LeaderElection
2019-09-24 18:11:57,453 [Thread-357] INFO  impl.FollowerState (FollowerState.java:run(106)) - 2c7c9e22-26ed-4416-8ebe-07cbe3ead7bd:group-A95362D803F3 changes to CANDIDATE, lastRpcTime:5175, electionTimeout:5174ms
2019-09-24 18:11:57,453 [Thread-357] INFO  impl.RoleInfo (RoleInfo.java:shutdownFollowerState(121)) - 2c7c9e22-26ed-4416-8ebe-07cbe3ead7bd: shutdown FollowerState
2019-09-24 18:11:57,453 [Thread-357] INFO  impl.RaftServerImpl (RaftServerImpl.java:setRole(174)) - 2c7c9e22-26ed-4416-8ebe-07cbe3ead7bd@group-A95362D803F3: changes role from  FOLLOWER to CANDIDATE at term 2 for changeToCandidate
2019-09-24 18:11:57,453 [Thread-357] INFO  impl.RoleInfo (RoleInfo.java:updateAndGet(143)) - 2c7c9e22-26ed-4416-8ebe-07cbe3ead7bd: start LeaderElection
2019-09-24 18:11:57,459 [Thread-358] INFO  impl.FollowerState (FollowerState.java:run(106)) - 2c7c9e22-26ed-4416-8ebe-07cbe3ead7bd:group-FE99038DF347 changes to CANDIDATE, lastRpcTime:5181, electionTimeout:5181ms
2019-09-24 18:11:57,459 [Thread-358] INFO  impl.RoleInfo (RoleInfo.java:shutdownFollowerState(121)) - 2c7c9e22-26ed-4416-8ebe-07cbe3ead7bd: shutdown FollowerState
2019-09-24 18:11:57,460 [Thread-358] INFO  impl.RaftServerImpl (RaftServerImpl.java:setRole(174)) - 2c7c9e22-26ed-4416-8ebe-07cbe3ead7bd@group-FE99038DF347: changes role from  FOLLOWER to CANDIDATE at term 2 for changeToCandidate
2019-09-24 18:11:57,460 [Thread-358] INFO  impl.RoleInfo (RoleInfo.java:updateAndGet(143)) - 2c7c9e22-26ed-4416-8ebe-07cbe3ead7bd: start LeaderElection
2019-09-24 18:11:57,572 [2c7c9e22-26ed-4416-8ebe-07cbe3ead7bd@group-A95362D803F3:LeaderElection25] INFO  impl.LeaderElection (LeaderElection.java:askForVotes(182)) - 2c7c9e22-26ed-4416-8ebe-07cbe3ead7bd@group-A95362D803F3:LeaderElection25: begin an election at term 3 for -1: [165cd824-9508-47b7-9a26-a1da7d8cc554:192.168.5.148:41649, 74676e76-599c-4b85-957c-ba96e045280e:192.168.5.148:39518, 2c7c9e22-26ed-4416-8ebe-07cbe3ead7bd:192.168.5.148:40900], old=null
2019-09-24 18:11:57,572 [165cd824-9508-47b7-9a26-a1da7d8cc554@group-A95362D803F3:LeaderElection22] INFO  impl.LeaderElection (LeaderElection.java:askForVotes(182)) - 165cd824-9508-47b7-9a26-a1da7d8cc554@group-A95362D803F3:LeaderElection22: begin an election at term 3 for -1: [165cd824-9508-47b7-9a26-a1da7d8cc554:192.168.5.148:41649, 74676e76-599c-4b85-957c-ba96e045280e:192.168.5.148:39518, 2c7c9e22-26ed-4416-8ebe-07cbe3ead7bd:192.168.5.148:40900], old=null
2019-09-24 18:11:57,572 [74676e76-599c-4b85-957c-ba96e045280e@group-A95362D803F3:LeaderElection23] INFO  impl.LeaderElection (LeaderElection.java:askForVotes(182)) - 74676e76-599c-4b85-957c-ba96e045280e@group-A95362D803F3:LeaderElection23: begin an election at term 3 for -1: [165cd824-9508-47b7-9a26-a1da7d8cc554:192.168.5.148:41649, 74676e76-599c-4b85-957c-ba96e045280e:192.168.5.148:39518, 2c7c9e22-26ed-4416-8ebe-07cbe3ead7bd:192.168.5.148:40900], old=null
2019-09-24 18:11:57,572 [2c7c9e22-26ed-4416-8ebe-07cbe3ead7bd@group-FE99038DF347:LeaderElection26] INFO  impl.LeaderElection (LeaderElection.java:askForVotes(182)) - 2c7c9e22-26ed-4416-8ebe-07cbe3ead7bd@group-FE99038DF347:LeaderElection26: begin an election at term 3 for -1: [165cd824-9508-47b7-9a26-a1da7d8cc554:192.168.5.148:41649, 74676e76-599c-4b85-957c-ba96e045280e:192.168.5.148:39518, 2c7c9e22-26ed-4416-8ebe-07cbe3ead7bd:192.168.5.148:40900], old=null
2019-09-24 18:11:57,572 [165cd824-9508-47b7-9a26-a1da7d8cc554@group-FE99038DF347:LeaderElection21] INFO  impl.LeaderElection (LeaderElection.java:askForVotes(182)) - 165cd824-9508-47b7-9a26-a1da7d8cc554@group-FE99038DF347:LeaderElection21: begin an election at term 3 for -1: [165cd824-9508-47b7-9a26-a1da7d8cc554:192.168.5.148:41649, 74676e76-599c-4b85-957c-ba96e045280e:192.168.5.148:39518, 2c7c9e22-26ed-4416-8ebe-07cbe3ead7bd:192.168.5.148:40900], old=null
2019-09-24 18:11:57,572 [74676e76-599c-4b85-957c-ba96e045280e@group-FE99038DF347:LeaderElection24] INFO  impl.LeaderElection (LeaderElection.java:askForVotes(182)) - 74676e76-599c-4b85-957c-ba96e045280e@group-FE99038DF347:LeaderElection24: begin an election at term 3 for -1: [165cd824-9508-47b7-9a26-a1da7d8cc554:192.168.5.148:41649, 74676e76-599c-4b85-957c-ba96e045280e:192.168.5.148:39518, 2c7c9e22-26ed-4416-8ebe-07cbe3ead7bd:192.168.5.148:40900], old=null
2019-09-24 18:11:57,584 [74676e76-599c-4b85-957c-ba96e045280e@group-FE99038DF347:LeaderElection24] INFO  impl.LeaderElection (LeaderElection.java:logAndReturn(56)) - 74676e76-599c-4b85-957c-ba96e045280e@group-FE99038DF347:LeaderElection24: Election REJECTED; received 2 response(s) [74676e76-599c-4b85-957c-ba96e045280e<-165cd824-9508-47b7-9a26-a1da7d8cc554#0:FAIL-t3, 74676e76-599c-4b85-957c-ba96e045280e<-2c7c9e22-26ed-4416-8ebe-07cbe3ead7bd#0:FAIL-t3] and 0 exception(s); 74676e76-599c-4b85-957c-ba96e045280e@group-FE99038DF347:t3, leader=null, voted=74676e76-599c-4b85-957c-ba96e045280e, raftlog=74676e76-599c-4b85-957c-ba96e045280e@group-FE99038DF347-SegmentedRaftLog:OPENED:c-1,f-1,i0, conf=-1: [165cd824-9508-47b7-9a26-a1da7d8cc554:192.168.5.148:41649, 74676e76-599c-4b85-957c-ba96e045280e:192.168.5.148:39518, 2c7c9e22-26ed-4416-8ebe-07cbe3ead7bd:192.168.5.148:40900], old=null
2019-09-24 18:11:57,584 [2c7c9e22-26ed-4416-8ebe-07cbe3ead7bd@group-A95362D803F3:LeaderElection25] INFO  impl.LeaderElection (LeaderElection.java:logAndReturn(56)) - 2c7c9e22-26ed-4416-8ebe-07cbe3ead7bd@group-A95362D803F3:LeaderElection25: Election REJECTED; received 2 response(s) [2c7c9e22-26ed-4416-8ebe-07cbe3ead7bd<-165cd824-9508-47b7-9a26-a1da7d8cc554#0:FAIL-t3, 2c7c9e22-26ed-4416-8ebe-07cbe3ead7bd<-74676e76-599c-4b85-957c-ba96e045280e#0:FAIL-t3] and 0 exception(s); 2c7c9e22-26ed-4416-8ebe-07cbe3ead7bd@group-A95362D803F3:t3, leader=null, voted=2c7c9e22-26ed-4416-8ebe-07cbe3ead7bd, raftlog=2c7c9e22-26ed-4416-8ebe-07cbe3ead7bd@group-A95362D803F3-SegmentedRaftLog:OPENED:c-1,f-1,i0, conf=-1: [165cd824-9508-47b7-9a26-a1da7d8cc554:192.168.5.148:41649, 74676e76-599c-4b85-957c-ba96e045280e:192.168.5.148:39518, 2c7c9e22-26ed-4416-8ebe-07cbe3ead7bd:192.168.5.148:40900], old=null
2019-09-24 18:11:57,584 [74676e76-599c-4b85-957c-ba96e045280e@group-A95362D803F3:LeaderElection23] INFO  impl.LeaderElection (LeaderElection.java:logAndReturn(56)) - 74676e76-599c-4b85-957c-ba96e045280e@group-A95362D803F3:LeaderElection23: Election REJECTED; received 2 response(s) [74676e76-599c-4b85-957c-ba96e045280e<-165cd824-9508-47b7-9a26-a1da7d8cc554#0:FAIL-t3, 74676e76-599c-4b85-957c-ba96e045280e<-2c7c9e22-26ed-4416-8ebe-07cbe3ead7bd#0:FAIL-t3] and 0 exception(s); 74676e76-599c-4b85-957c-ba96e045280e@group-A95362D803F3:t3, leader=null, voted=74676e76-599c-4b85-957c-ba96e045280e, raftlog=74676e76-599c-4b85-957c-ba96e045280e@group-A95362D803F3-SegmentedRaftLog:OPENED:c-1,f-1,i0, conf=-1: [165cd824-9508-47b7-9a26-a1da7d8cc554:192.168.5.148:41649, 74676e76-599c-4b85-957c-ba96e045280e:192.168.5.148:39518, 2c7c9e22-26ed-4416-8ebe-07cbe3ead7bd:192.168.5.148:40900], old=null
2019-09-24 18:11:57,584 [74676e76-599c-4b85-957c-ba96e045280e@group-FE99038DF347:LeaderElection24] INFO  impl.RaftServerImpl (RaftServerImpl.java:setRole(174)) - 74676e76-599c-4b85-957c-ba96e045280e@group-FE99038DF347: changes role from CANDIDATE to FOLLOWER at term 3 for DISCOVERED_A_NEW_TERM
2019-09-24 18:11:57,584 [2c7c9e22-26ed-4416-8ebe-07cbe3ead7bd@group-FE99038DF347:LeaderElection26] INFO  impl.LeaderElection (LeaderElection.java:logAndReturn(56)) - 2c7c9e22-26ed-4416-8ebe-07cbe3ead7bd@group-FE99038DF347:LeaderElection26: Election REJECTED; received 2 response(s) [2c7c9e22-26ed-4416-8ebe-07cbe3ead7bd<-165cd824-9508-47b7-9a26-a1da7d8cc554#0:FAIL-t3, 2c7c9e22-26ed-4416-8ebe-07cbe3ead7bd<-74676e76-599c-4b85-957c-ba96e045280e#0:FAIL-t3] and 0 exception(s); 2c7c9e22-26ed-4416-8ebe-07cbe3ead7bd@group-FE99038DF347:t3, leader=null, voted=2c7c9e22-26ed-4416-8ebe-07cbe3ead7bd, raftlog=2c7c9e22-26ed-4416-8ebe-07cbe3ead7bd@group-FE99038DF347-SegmentedRaftLog:OPENED:c-1,f-1,i0, conf=-1: [165cd824-9508-47b7-9a26-a1da7d8cc554:192.168.5.148:41649, 74676e76-599c-4b85-957c-ba96e045280e:192.168.5.148:39518, 2c7c9e22-26ed-4416-8ebe-07cbe3ead7bd:192.168.5.148:40900], old=null
2019-09-24 18:11:57,596 [74676e76-599c-4b85-957c-ba96e045280e@group-FE99038DF347:LeaderElection24] INFO  impl.RoleInfo (RoleInfo.java:shutdownLeaderElection(134)) - 74676e76-599c-4b85-957c-ba96e045280e: shutdown LeaderElection
2019-09-24 18:11:57,587 [2c7c9e22-26ed-4416-8ebe-07cbe3ead7bd@group-A95362D803F3:LeaderElection25] INFO  impl.RaftServerImpl (RaftServerImpl.java:setRole(174)) - 2c7c9e22-26ed-4416-8ebe-07cbe3ead7bd@group-A95362D803F3: changes role from CANDIDATE to FOLLOWER at term 3 for DISCOVERED_A_NEW_TERM
2019-09-24 18:11:57,597 [2c7c9e22-26ed-4416-8ebe-07cbe3ead7bd@group-FE99038DF347:LeaderElection26] INFO  impl.RaftServerImpl (RaftServerImpl.java:setRole(174)) - 2c7c9e22-26ed-4416-8ebe-07cbe3ead7bd@group-FE99038DF347: changes role from CANDIDATE to FOLLOWER at term 3 for DISCOVERED_A_NEW_TERM
2019-09-24 18:11:57,598 [2c7c9e22-26ed-4416-8ebe-07cbe3ead7bd@group-A95362D803F3:LeaderElection25] INFO  impl.RoleInfo (RoleInfo.java:shutdownLeaderElection(134)) - 2c7c9e22-26ed-4416-8ebe-07cbe3ead7bd: shutdown LeaderElection
2019-09-24 18:11:57,599 [2c7c9e22-26ed-4416-8ebe-07cbe3ead7bd@group-FE99038DF347:LeaderElection26] INFO  impl.RoleInfo (RoleInfo.java:shutdownLeaderElection(134)) - 2c7c9e22-26ed-4416-8ebe-07cbe3ead7bd: shutdown LeaderElection
2019-09-24 18:11:57,599 [2c7c9e22-26ed-4416-8ebe-07cbe3ead7bd@group-A95362D803F3:LeaderElection25] INFO  impl.RoleInfo (RoleInfo.java:updateAndGet(143)) - 2c7c9e22-26ed-4416-8ebe-07cbe3ead7bd: start FollowerState
2019-09-24 18:11:57,599 [2c7c9e22-26ed-4416-8ebe-07cbe3ead7bd@group-FE99038DF347:LeaderElection26] INFO  impl.RoleInfo (RoleInfo.java:updateAndGet(143)) - 2c7c9e22-26ed-4416-8ebe-07cbe3ead7bd: start FollowerState
2019-09-24 18:11:57,600 [74676e76-599c-4b85-957c-ba96e045280e@group-FE99038DF347:LeaderElection24] INFO  impl.RoleInfo (RoleInfo.java:updateAndGet(143)) - 74676e76-599c-4b85-957c-ba96e045280e: start FollowerState
2019-09-24 18:11:57,600 [165cd824-9508-47b7-9a26-a1da7d8cc554@group-FE99038DF347:LeaderElection21] INFO  impl.LeaderElection (LeaderElection.java:logAndReturn(56)) - 165cd824-9508-47b7-9a26-a1da7d8cc554@group-FE99038DF347:LeaderElection21: Election REJECTED; received 2 response(s) [165cd824-9508-47b7-9a26-a1da7d8cc554<-74676e76-599c-4b85-957c-ba96e045280e#0:FAIL-t3, 165cd824-9508-47b7-9a26-a1da7d8cc554<-2c7c9e22-26ed-4416-8ebe-07cbe3ead7bd#0:FAIL-t3] and 0 exception(s); 165cd824-9508-47b7-9a26-a1da7d8cc554@group-FE99038DF347:t3, leader=null, voted=165cd824-9508-47b7-9a26-a1da7d8cc554, raftlog=165cd824-9508-47b7-9a26-a1da7d8cc554@group-FE99038DF347-SegmentedRaftLog:OPENED:c-1,f-1,i0, conf=-1: [165cd824-9508-47b7-9a26-a1da7d8cc554:192.168.5.148:41649, 74676e76-599c-4b85-957c-ba96e045280e:192.168.5.148:39518, 2c7c9e22-26ed-4416-8ebe-07cbe3ead7bd:192.168.5.148:40900], old=null
2019-09-24 18:11:57,600 [165cd824-9508-47b7-9a26-a1da7d8cc554@group-A95362D803F3:LeaderElection22] INFO  impl.LeaderElection (LeaderElection.java:logAndReturn(56)) - 165cd824-9508-47b7-9a26-a1da7d8cc554@group-A95362D803F3:LeaderElection22: Election REJECTED; received 2 response(s) [165cd824-9508-47b7-9a26-a1da7d8cc554<-74676e76-599c-4b85-957c-ba96e045280e#0:FAIL-t3, 165cd824-9508-47b7-9a26-a1da7d8cc554<-2c7c9e22-26ed-4416-8ebe-07cbe3ead7bd#0:FAIL-t3] and 0 exception(s); 165cd824-9508-47b7-9a26-a1da7d8cc554@group-A95362D803F3:t3, leader=null, voted=165cd824-9508-47b7-9a26-a1da7d8cc554, raftlog=165cd824-9508-47b7-9a26-a1da7d8cc554@group-A95362D803F3-SegmentedRaftLog:OPENED:c-1,f-1,i0, conf=-1: [165cd824-9508-47b7-9a26-a1da7d8cc554:192.168.5.148:41649, 74676e76-599c-4b85-957c-ba96e045280e:192.168.5.148:39518, 2c7c9e22-26ed-4416-8ebe-07cbe3ead7bd:192.168.5.148:40900], old=null
2019-09-24 18:11:57,600 [74676e76-599c-4b85-957c-ba96e045280e@group-A95362D803F3:LeaderElection23] INFO  impl.RaftServerImpl (RaftServerImpl.java:setRole(174)) - 74676e76-599c-4b85-957c-ba96e045280e@group-A95362D803F3: changes role from CANDIDATE to FOLLOWER at term 3 for DISCOVERED_A_NEW_TERM
2019-09-24 18:11:57,601 [165cd824-9508-47b7-9a26-a1da7d8cc554@group-A95362D803F3:LeaderElection22] INFO  impl.RaftServerImpl (RaftServerImpl.java:setRole(174)) - 165cd824-9508-47b7-9a26-a1da7d8cc554@group-A95362D803F3: changes role from CANDIDATE to FOLLOWER at term 3 for DISCOVERED_A_NEW_TERM
2019-09-24 18:11:57,600 [165cd824-9508-47b7-9a26-a1da7d8cc554@group-FE99038DF347:LeaderElection21] INFO  impl.RaftServerImpl (RaftServerImpl.java:setRole(174)) - 165cd824-9508-47b7-9a26-a1da7d8cc554@group-FE99038DF347: changes role from CANDIDATE to FOLLOWER at term 3 for DISCOVERED_A_NEW_TERM
2019-09-24 18:11:57,603 [165cd824-9508-47b7-9a26-a1da7d8cc554@group-A95362D803F3:LeaderElection22] INFO  impl.RoleInfo (RoleInfo.java:shutdownLeaderElection(134)) - 165cd824-9508-47b7-9a26-a1da7d8cc554: shutdown LeaderElection
2019-09-24 18:11:57,601 [74676e76-599c-4b85-957c-ba96e045280e@group-A95362D803F3:LeaderElection23] INFO  impl.RoleInfo (RoleInfo.java:shutdownLeaderElection(134)) - 74676e76-599c-4b85-957c-ba96e045280e: shutdown LeaderElection
2019-09-24 18:11:57,603 [165cd824-9508-47b7-9a26-a1da7d8cc554@group-A95362D803F3:LeaderElection22] INFO  impl.RoleInfo (RoleInfo.java:updateAndGet(143)) - 165cd824-9508-47b7-9a26-a1da7d8cc554: start FollowerState
2019-09-24 18:11:57,603 [165cd824-9508-47b7-9a26-a1da7d8cc554@group-FE99038DF347:LeaderElection21] INFO  impl.RoleInfo (RoleInfo.java:shutdownLeaderElection(134)) - 165cd824-9508-47b7-9a26-a1da7d8cc554: shutdown LeaderElection
2019-09-24 18:11:57,603 [74676e76-599c-4b85-957c-ba96e045280e@group-A95362D803F3:LeaderElection23] INFO  impl.RoleInfo (RoleInfo.java:updateAndGet(143)) - 74676e76-599c-4b85-957c-ba96e045280e: start FollowerState
2019-09-24 18:11:57,603 [165cd824-9508-47b7-9a26-a1da7d8cc554@group-FE99038DF347:LeaderElection21] INFO  impl.RoleInfo (RoleInfo.java:updateAndGet(143)) - 165cd824-9508-47b7-9a26-a1da7d8cc554: start FollowerState
2019-09-24 18:12:02,642 [Thread-395] INFO  impl.FollowerState (FollowerState.java:run(106)) - 2c7c9e22-26ed-4416-8ebe-07cbe3ead7bd:group-A95362D803F3 changes to CANDIDATE, lastRpcTime:5042, electionTimeout:5042ms
2019-09-24 18:12:02,642 [Thread-395] INFO  impl.RoleInfo (RoleInfo.java:shutdownFollowerState(121)) - 2c7c9e22-26ed-4416-8ebe-07cbe3ead7bd: shutdown FollowerState
2019-09-24 18:12:02,642 [Thread-395] INFO  impl.RaftServerImpl (RaftServerImpl.java:setRole(174)) - 2c7c9e22-26ed-4416-8ebe-07cbe3ead7bd@group-A95362D803F3: changes role from  FOLLOWER to CANDIDATE at term 3 for changeToCandidate
2019-09-24 18:12:02,643 [Thread-395] INFO  impl.RoleInfo (RoleInfo.java:updateAndGet(143)) - 2c7c9e22-26ed-4416-8ebe-07cbe3ead7bd: start LeaderElection
2019-09-24 18:12:02,681 [Thread-398] INFO  impl.FollowerState (FollowerState.java:run(106)) - 165cd824-9508-47b7-9a26-a1da7d8cc554:group-A95362D803F3 changes to CANDIDATE, lastRpcTime:5077, electionTimeout:5077ms
2019-09-24 18:12:02,681 [Thread-398] INFO  impl.RoleInfo (RoleInfo.java:shutdownFollowerState(121)) - 165cd824-9508-47b7-9a26-a1da7d8cc554: shutdown FollowerState
2019-09-24 18:12:02,681 [Thread-398] INFO  impl.RaftServerImpl (RaftServerImpl.java:setRole(174)) - 165cd824-9508-47b7-9a26-a1da7d8cc554@group-A95362D803F3: changes role from  FOLLOWER to CANDIDATE at term 3 for changeToCandidate
2019-09-24 18:12:02,681 [Thread-398] INFO  impl.RoleInfo (RoleInfo.java:updateAndGet(143)) - 165cd824-9508-47b7-9a26-a1da7d8cc554: start LeaderElection
2019-09-24 18:12:02,701 [Thread-397] INFO  impl.FollowerState (FollowerState.java:run(106)) - 74676e76-599c-4b85-957c-ba96e045280e:group-FE99038DF347 changes to CANDIDATE, lastRpcTime:5101, electionTimeout:5101ms
2019-09-24 18:12:02,702 [Thread-397] INFO  impl.RoleInfo (RoleInfo.java:shutdownFollowerState(121)) - 74676e76-599c-4b85-957c-ba96e045280e: shutdown FollowerState
2019-09-24 18:12:02,702 [Thread-397] INFO  impl.RaftServerImpl (RaftServerImpl.java:setRole(174)) - 74676e76-599c-4b85-957c-ba96e045280e@group-FE99038DF347: changes role from  FOLLOWER to CANDIDATE at term 3 for changeToCandidate
2019-09-24 18:12:02,702 [Thread-397] INFO  impl.RoleInfo (RoleInfo.java:updateAndGet(143)) - 74676e76-599c-4b85-957c-ba96e045280e: start LeaderElection
2019-09-24 18:12:02,750 [Thread-396] INFO  impl.FollowerState (FollowerState.java:run(106)) - 2c7c9e22-26ed-4416-8ebe-07cbe3ead7bd:group-FE99038DF347 changes to CANDIDATE, lastRpcTime:5150, electionTimeout:5150ms
2019-09-24 18:12:02,750 [Thread-396] INFO  impl.RoleInfo (RoleInfo.java:shutdownFollowerState(121)) - 2c7c9e22-26ed-4416-8ebe-07cbe3ead7bd: shutdown FollowerState
2019-09-24 18:12:02,750 [Thread-396] INFO  impl.RaftServerImpl (RaftServerImpl.java:setRole(174)) - 2c7c9e22-26ed-4416-8ebe-07cbe3ead7bd@group-FE99038DF347: changes role from  FOLLOWER to CANDIDATE at term 3 for changeToCandidate
2019-09-24 18:12:02,750 [Thread-396] INFO  impl.RoleInfo (RoleInfo.java:updateAndGet(143)) - 2c7c9e22-26ed-4416-8ebe-07cbe3ead7bd: start LeaderElection
2019-09-24 18:12:02,752 [Thread-400] INFO  impl.FollowerState (FollowerState.java:run(106)) - 165cd824-9508-47b7-9a26-a1da7d8cc554:group-FE99038DF347 changes to CANDIDATE, lastRpcTime:5149, electionTimeout:5148ms
2019-09-24 18:12:02,753 [Thread-400] INFO  impl.RoleInfo (RoleInfo.java:shutdownFollowerState(121)) - 165cd824-9508-47b7-9a26-a1da7d8cc554: shutdown FollowerState
2019-09-24 18:12:02,753 [Thread-400] INFO  impl.RaftServerImpl (RaftServerImpl.java:setRole(174)) - 165cd824-9508-47b7-9a26-a1da7d8cc554@group-FE99038DF347: changes role from  FOLLOWER to CANDIDATE at term 3 for changeToCandidate
2019-09-24 18:12:02,753 [Thread-400] INFO  impl.RoleInfo (RoleInfo.java:updateAndGet(143)) - 165cd824-9508-47b7-9a26-a1da7d8cc554: start LeaderElection
2019-09-24 18:12:02,795 [Thread-399] INFO  impl.FollowerState (FollowerState.java:run(106)) - 74676e76-599c-4b85-957c-ba96e045280e:group-A95362D803F3 changes to CANDIDATE, lastRpcTime:5191, electionTimeout:5191ms
2019-09-24 18:12:02,795 [Thread-399] INFO  impl.RoleInfo (RoleInfo.java:shutdownFollowerState(121)) - 74676e76-599c-4b85-957c-ba96e045280e: shutdown FollowerState
2019-09-24 18:12:02,795 [Thread-399] INFO  impl.RaftServerImpl (RaftServerImpl.java:setRole(174)) - 74676e76-599c-4b85-957c-ba96e045280e@group-A95362D803F3: changes role from  FOLLOWER to CANDIDATE at term 3 for changeToCandidate
2019-09-24 18:12:02,795 [Thread-399] INFO  impl.RoleInfo (RoleInfo.java:updateAndGet(143)) - 74676e76-599c-4b85-957c-ba96e045280e: start LeaderElection
2019-09-24 18:12:08,186 [2c7c9e22-26ed-4416-8ebe-07cbe3ead7bd@group-A95362D803F3:LeaderElection27] INFO  impl.LeaderElection (LeaderElection.java:askForVotes(182)) - 2c7c9e22-26ed-4416-8ebe-07cbe3ead7bd@group-A95362D803F3:LeaderElection27: begin an election at term 4 for -1: [165cd824-9508-47b7-9a26-a1da7d8cc554:192.168.5.148:41649, 74676e76-599c-4b85-957c-ba96e045280e:192.168.5.148:39518, 2c7c9e22-26ed-4416-8ebe-07cbe3ead7bd:192.168.5.148:40900], old=null
2019-09-24 18:12:08,186 [165cd824-9508-47b7-9a26-a1da7d8cc554@group-A95362D803F3:LeaderElection28] INFO  impl.LeaderElection (LeaderElection.java:askForVotes(182)) - 165cd824-9508-47b7-9a26-a1da7d8cc554@group-A95362D803F3:LeaderElection28: begin an election at term 4 for -1: [165cd824-9508-47b7-9a26-a1da7d8cc554:192.168.5.148:41649, 74676e76-599c-4b85-957c-ba96e045280e:192.168.5.148:39518, 2c7c9e22-26ed-4416-8ebe-07cbe3ead7bd:192.168.5.148:40900], old=null
2019-09-24 18:12:08,186 [74676e76-599c-4b85-957c-ba96e045280e@group-FE99038DF347:LeaderElection29] INFO  impl.LeaderElection (LeaderElection.java:askForVotes(182)) - 74676e76-599c-4b85-957c-ba96e045280e@group-FE99038DF347:LeaderElection29: begin an election at term 4 for -1: [165cd824-9508-47b7-9a26-a1da7d8cc554:192.168.5.148:41649, 74676e76-599c-4b85-957c-ba96e045280e:192.168.5.148:39518, 2c7c9e22-26ed-4416-8ebe-07cbe3ead7bd:192.168.5.148:40900], old=null
2019-09-24 18:12:08,186 [165cd824-9508-47b7-9a26-a1da7d8cc554@group-FE99038DF347:LeaderElection31] INFO  impl.LeaderElection (LeaderElection.java:askForVotes(182)) - 165cd824-9508-47b7-9a26-a1da7d8cc554@group-FE99038DF347:LeaderElection31: begin an election at term 4 for -1: [165cd824-9508-47b7-9a26-a1da7d8cc554:192.168.5.148:41649, 74676e76-599c-4b85-957c-ba96e045280e:192.168.5.148:39518, 2c7c9e22-26ed-4416-8ebe-07cbe3ead7bd:192.168.5.148:40900], old=null
2019-09-24 18:12:08,186 [2c7c9e22-26ed-4416-8ebe-07cbe3ead7bd@group-FE99038DF347:LeaderElection30] INFO  impl.LeaderElection (LeaderElection.java:askForVotes(182)) - 2c7c9e22-26ed-4416-8ebe-07cbe3ead7bd@group-FE99038DF347:LeaderElection30: begin an election at term 4 for -1: [165cd824-9508-47b7-9a26-a1da7d8cc554:192.168.5.148:41649, 74676e76-599c-4b85-957c-ba96e045280e:192.168.5.148:39518, 2c7c9e22-26ed-4416-8ebe-07cbe3ead7bd:192.168.5.148:40900], old=null
2019-09-24 18:12:08,186 [74676e76-599c-4b85-957c-ba96e045280e@group-A95362D803F3:LeaderElection32] INFO  impl.LeaderElection (LeaderElection.java:askForVotes(182)) - 74676e76-599c-4b85-957c-ba96e045280e@group-A95362D803F3:LeaderElection32: begin an election at term 4 for -1: [165cd824-9508-47b7-9a26-a1da7d8cc554:192.168.5.148:41649, 74676e76-599c-4b85-957c-ba96e045280e:192.168.5.148:39518, 2c7c9e22-26ed-4416-8ebe-07cbe3ead7bd:192.168.5.148:40900], old=null
2019-09-24 18:12:08,203 [165cd824-9508-47b7-9a26-a1da7d8cc554@group-FE99038DF347:LeaderElection31] INFO  impl.LeaderElection (LeaderElection.java:logAndReturn(56)) - 165cd824-9508-47b7-9a26-a1da7d8cc554@group-FE99038DF347:LeaderElection31: Election REJECTED; received 2 response(s) [165cd824-9508-47b7-9a26-a1da7d8cc554<-74676e76-599c-4b85-957c-ba96e045280e#0:FAIL-t4, 165cd824-9508-47b7-9a26-a1da7d8cc554<-2c7c9e22-26ed-4416-8ebe-07cbe3ead7bd#0:FAIL-t4] and 0 exception(s); 165cd824-9508-47b7-9a26-a1da7d8cc554@group-FE99038DF347:t4, leader=null, voted=165cd824-9508-47b7-9a26-a1da7d8cc554, raftlog=165cd824-9508-47b7-9a26-a1da7d8cc554@group-FE99038DF347-SegmentedRaftLog:OPENED:c-1,f-1,i0, conf=-1: [165cd824-9508-47b7-9a26-a1da7d8cc554:192.168.5.148:41649, 74676e76-599c-4b85-957c-ba96e045280e:192.168.5.148:39518, 2c7c9e22-26ed-4416-8ebe-07cbe3ead7bd:192.168.5.148:40900], old=null
2019-09-24 18:12:08,203 [2c7c9e22-26ed-4416-8ebe-07cbe3ead7bd@group-FE99038DF347:LeaderElection30] INFO  impl.LeaderElection (LeaderElection.java:logAndReturn(56)) - 2c7c9e22-26ed-4416-8ebe-07cbe3ead7bd@group-FE99038DF347:LeaderElection30: Election REJECTED; received 2 response(s) [2c7c9e22-26ed-4416-8ebe-07cbe3ead7bd<-165cd824-9508-47b7-9a26-a1da7d8cc554#0:FAIL-t4, 2c7c9e22-26ed-4416-8ebe-07cbe3ead7bd<-74676e76-599c-4b85-957c-ba96e045280e#0:FAIL-t4] and 0 exception(s); 2c7c9e22-26ed-4416-8ebe-07cbe3ead7bd@group-FE99038DF347:t4, leader=null, voted=2c7c9e22-26ed-4416-8ebe-07cbe3ead7bd, raftlog=2c7c9e22-26ed-4416-8ebe-07cbe3ead7bd@group-FE99038DF347-SegmentedRaftLog:OPENED:c-1,f-1,i0, conf=-1: [165cd824-9508-47b7-9a26-a1da7d8cc554:192.168.5.148:41649, 74676e76-599c-4b85-957c-ba96e045280e:192.168.5.148:39518, 2c7c9e22-26ed-4416-8ebe-07cbe3ead7bd:192.168.5.148:40900], old=null
2019-09-24 18:12:08,204 [165cd824-9508-47b7-9a26-a1da7d8cc554@group-FE99038DF347:LeaderElection31] INFO  impl.RaftServerImpl (RaftServerImpl.java:setRole(174)) - 165cd824-9508-47b7-9a26-a1da7d8cc554@group-FE99038DF347: changes role from CANDIDATE to FOLLOWER at term 4 for DISCOVERED_A_NEW_TERM
2019-09-24 18:12:08,206 [2c7c9e22-26ed-4416-8ebe-07cbe3ead7bd@group-FE99038DF347:LeaderElection30] INFO  impl.RaftServerImpl (RaftServerImpl.java:setRole(174)) - 2c7c9e22-26ed-4416-8ebe-07cbe3ead7bd@group-FE99038DF347: changes role from CANDIDATE to FOLLOWER at term 4 for DISCOVERED_A_NEW_TERM
2019-09-24 18:12:08,206 [2c7c9e22-26ed-4416-8ebe-07cbe3ead7bd@group-A95362D803F3:LeaderElection27] INFO  impl.LeaderElection (LeaderElection.java:logAndReturn(56)) - 2c7c9e22-26ed-4416-8ebe-07cbe3ead7bd@group-A95362D803F3:LeaderElection27: Election REJECTED; received 2 response(s) [2c7c9e22-26ed-4416-8ebe-07cbe3ead7bd<-165cd824-9508-47b7-9a26-a1da7d8cc554#0:FAIL-t4, 2c7c9e22-26ed-4416-8ebe-07cbe3ead7bd<-74676e76-599c-4b85-957c-ba96e045280e#0:FAIL-t4] and 0 exception(s); 2c7c9e22-26ed-4416-8ebe-07cbe3ead7bd@group-A95362D803F3:t4, leader=null, voted=2c7c9e22-26ed-4416-8ebe-07cbe3ead7bd, raftlog=2c7c9e22-26ed-4416-8ebe-07cbe3ead7bd@group-A95362D803F3-SegmentedRaftLog:OPENED:c-1,f-1,i0, conf=-1: [165cd824-9508-47b7-9a26-a1da7d8cc554:192.168.5.148:41649, 74676e76-599c-4b85-957c-ba96e045280e:192.168.5.148:39518, 2c7c9e22-26ed-4416-8ebe-07cbe3ead7bd:192.168.5.148:40900], old=null
2019-09-24 18:12:08,206 [74676e76-599c-4b85-957c-ba96e045280e@group-A95362D803F3:LeaderElection32] INFO  impl.LeaderElection (LeaderElection.java:logAndReturn(56)) - 74676e76-599c-4b85-957c-ba96e045280e@group-A95362D803F3:LeaderElection32: Election REJECTED; received 2 response(s) [74676e76-599c-4b85-957c-ba96e045280e<-165cd824-9508-47b7-9a26-a1da7d8cc554#0:FAIL-t4, 74676e76-599c-4b85-957c-ba96e045280e<-2c7c9e22-26ed-4416-8ebe-07cbe3ead7bd#0:FAIL-t4] and 0 exception(s); 74676e76-599c-4b85-957c-ba96e045280e@group-A95362D803F3:t4, leader=null, voted=74676e76-599c-4b85-957c-ba96e045280e, raftlog=74676e76-599c-4b85-957c-ba96e045280e@group-A95362D803F3-SegmentedRaftLog:OPENED:c-1,f-1,i0, conf=-1: [165cd824-9508-47b7-9a26-a1da7d8cc554:192.168.5.148:41649, 74676e76-599c-4b85-957c-ba96e045280e:192.168.5.148:39518, 2c7c9e22-26ed-4416-8ebe-07cbe3ead7bd:192.168.5.148:40900], old=null
2019-09-24 18:12:08,206 [74676e76-599c-4b85-957c-ba96e045280e@group-FE99038DF347:LeaderElection29] INFO  impl.LeaderElection (LeaderElection.java:logAndReturn(56)) - 74676e76-599c-4b85-957c-ba96e045280e@group-FE99038DF347:LeaderElection29: Election REJECTED; received 2 response(s) [74676e76-599c-4b85-957c-ba96e045280e<-165cd824-9508-47b7-9a26-a1da7d8cc554#0:FAIL-t4, 74676e76-599c-4b85-957c-ba96e045280e<-2c7c9e22-26ed-4416-8ebe-07cbe3ead7bd#0:FAIL-t4] and 0 exception(s); 74676e76-599c-4b85-957c-ba96e045280e@group-FE99038DF347:t4, leader=null, voted=74676e76-599c-4b85-957c-ba96e045280e, raftlog=74676e76-599c-4b85-957c-ba96e045280e@group-FE99038DF347-SegmentedRaftLog:OPENED:c-1,f-1,i0, conf=-1: [165cd824-9508-47b7-9a26-a1da7d8cc554:192.168.5.148:41649, 74676e76-599c-4b85-957c-ba96e045280e:192.168.5.148:39518, 2c7c9e22-26ed-4416-8ebe-07cbe3ead7bd:192.168.5.148:40900], old=null
2019-09-24 18:12:08,206 [165cd824-9508-47b7-9a26-a1da7d8cc554@group-A95362D803F3:LeaderElection28] INFO  impl.LeaderElection (LeaderElection.java:logAndReturn(56)) - 165cd824-9508-47b7-9a26-a1da7d8cc554@group-A95362D803F3:LeaderElection28: Election REJECTED; received 2 response(s) [165cd824-9508-47b7-9a26-a1da7d8cc554<-74676e76-599c-4b85-957c-ba96e045280e#0:FAIL-t4, 165cd824-9508-47b7-9a26-a1da7d8cc554<-2c7c9e22-26ed-4416-8ebe-07cbe3ead7bd#0:FAIL-t4] and 0 exception(s); 165cd824-9508-47b7-9a26-a1da7d8cc554@group-A95362D803F3:t4, leader=null, voted=165cd824-9508-47b7-9a26-a1da7d8cc554, raftlog=165cd824-9508-47b7-9a26-a1da7d8cc554@group-A95362D803F3-SegmentedRaftLog:OPENED:c-1,f-1,i0, conf=-1: [165cd824-9508-47b7-9a26-a1da7d8cc554:192.168.5.148:41649, 74676e76-599c-4b85-957c-ba96e045280e:192.168.5.148:39518, 2c7c9e22-26ed-4416-8ebe-07cbe3ead7bd:192.168.5.148:40900], old=null
2019-09-24 18:12:08,206 [165cd824-9508-47b7-9a26-a1da7d8cc554@group-FE99038DF347:LeaderElection31] INFO  impl.RoleInfo (RoleInfo.java:shutdownLeaderElection(134)) - 165cd824-9508-47b7-9a26-a1da7d8cc554: shutdown LeaderElection
2019-09-24 18:12:08,212 [74676e76-599c-4b85-957c-ba96e045280e@group-FE99038DF347:LeaderElection29] INFO  impl.RaftServerImpl (RaftServerImpl.java:setRole(174)) - 74676e76-599c-4b85-957c-ba96e045280e@group-FE99038DF347: changes role from CANDIDATE to FOLLOWER at term 4 for DISCOVERED_A_NEW_TERM
2019-09-24 18:12:08,216 [74676e76-599c-4b85-957c-ba96e045280e@group-FE99038DF347:LeaderElection29] INFO  impl.RoleInfo (RoleInfo.java:shutdownLeaderElection(134)) - 74676e76-599c-4b85-957c-ba96e045280e: shutdown LeaderElection
2019-09-24 18:12:08,211 [74676e76-599c-4b85-957c-ba96e045280e@group-A95362D803F3:LeaderElection32] INFO  impl.RaftServerImpl (RaftServerImpl.java:setRole(174)) - 74676e76-599c-4b85-957c-ba96e045280e@group-A95362D803F3: changes role from CANDIDATE to FOLLOWER at term 4 for DISCOVERED_A_NEW_TERM
2019-09-24 18:12:08,209 [2c7c9e22-26ed-4416-8ebe-07cbe3ead7bd@group-A95362D803F3:LeaderElection27] INFO  impl.RaftServerImpl (RaftServerImpl.java:setRole(174)) - 2c7c9e22-26ed-4416-8ebe-07cbe3ead7bd@group-A95362D803F3: changes role from CANDIDATE to FOLLOWER at term 4 for DISCOVERED_A_NEW_TERM
2019-09-24 18:12:08,209 [2c7c9e22-26ed-4416-8ebe-07cbe3ead7bd@group-FE99038DF347:LeaderElection30] INFO  impl.RoleInfo (RoleInfo.java:shutdownLeaderElection(134)) - 2c7c9e22-26ed-4416-8ebe-07cbe3ead7bd: shutdown LeaderElection
2019-09-24 18:12:08,216 [2c7c9e22-26ed-4416-8ebe-07cbe3ead7bd@group-A95362D803F3:LeaderElection27] INFO  impl.RoleInfo (RoleInfo.java:shutdownLeaderElection(134)) - 2c7c9e22-26ed-4416-8ebe-07cbe3ead7bd: shutdown LeaderElection
2019-09-24 18:12:08,216 [74676e76-599c-4b85-957c-ba96e045280e@group-A95362D803F3:LeaderElection32] INFO  impl.RoleInfo (RoleInfo.java:shutdownLeaderElection(134)) - 74676e76-599c-4b85-957c-ba96e045280e: shutdown LeaderElection
2019-09-24 18:12:08,216 [74676e76-599c-4b85-957c-ba96e045280e@group-FE99038DF347:LeaderElection29] INFO  impl.RoleInfo (RoleInfo.java:updateAndGet(143)) - 74676e76-599c-4b85-957c-ba96e045280e: start FollowerState
2019-09-24 18:12:08,216 [165cd824-9508-47b7-9a26-a1da7d8cc554@group-FE99038DF347:LeaderElection31] INFO  impl.RoleInfo (RoleInfo.java:updateAndGet(143)) - 165cd824-9508-47b7-9a26-a1da7d8cc554: start FollowerState
2019-09-24 18:12:08,215 [165cd824-9508-47b7-9a26-a1da7d8cc554@group-A95362D803F3:LeaderElection28] INFO  impl.RaftServerImpl (RaftServerImpl.java:setRole(174)) - 165cd824-9508-47b7-9a26-a1da7d8cc554@group-A95362D803F3: changes role from CANDIDATE to FOLLOWER at term 4 for DISCOVERED_A_NEW_TERM
2019-09-24 18:12:08,217 [74676e76-599c-4b85-957c-ba96e045280e@group-A95362D803F3:LeaderElection32] INFO  impl.RoleInfo (RoleInfo.java:updateAndGet(143)) - 74676e76-599c-4b85-957c-ba96e045280e: start FollowerState
2019-09-24 18:12:08,216 [2c7c9e22-26ed-4416-8ebe-07cbe3ead7bd@group-A95362D803F3:LeaderElection27] INFO  impl.RoleInfo (RoleInfo.java:updateAndGet(143)) - 2c7c9e22-26ed-4416-8ebe-07cbe3ead7bd: start FollowerState
2019-09-24 18:12:08,216 [2c7c9e22-26ed-4416-8ebe-07cbe3ead7bd@group-FE99038DF347:LeaderElection30] INFO  impl.RoleInfo (RoleInfo.java:updateAndGet(143)) - 2c7c9e22-26ed-4416-8ebe-07cbe3ead7bd: start FollowerState
2019-09-24 18:12:08,217 [165cd824-9508-47b7-9a26-a1da7d8cc554@group-A95362D803F3:LeaderElection28] INFO  impl.RoleInfo (RoleInfo.java:shutdownLeaderElection(134)) - 165cd824-9508-47b7-9a26-a1da7d8cc554: shutdown LeaderElection
2019-09-24 18:12:08,218 [165cd824-9508-47b7-9a26-a1da7d8cc554@group-A95362D803F3:LeaderElection28] INFO  impl.RoleInfo (RoleInfo.java:updateAndGet(143)) - 165cd824-9508-47b7-9a26-a1da7d8cc554: start FollowerState
2019-09-24 18:12:13,223 [Thread-452] INFO  impl.FollowerState (FollowerState.java:run(106)) - 74676e76-599c-4b85-957c-ba96e045280e:group-A95362D803F3 changes to CANDIDATE, lastRpcTime:5006, electionTimeout:5005ms
2019-09-24 18:12:13,224 [Thread-452] INFO  impl.RoleInfo (RoleInfo.java:shutdownFollowerState(121)) - 74676e76-599c-4b85-957c-ba96e045280e: shutdown FollowerState
2019-09-24 18:12:13,224 [Thread-452] INFO  impl.RaftServerImpl (RaftServerImpl.java:setRole(174)) - 74676e76-599c-4b85-957c-ba96e045280e@group-A95362D803F3: changes role from  FOLLOWER to CANDIDATE at term 4 for changeToCandidate
2019-09-24 18:12:13,225 [Thread-452] INFO  impl.RoleInfo (RoleInfo.java:updateAndGet(143)) - 74676e76-599c-4b85-957c-ba96e045280e: start LeaderElection
2019-09-24 18:12:13,259 [Thread-449] INFO  impl.FollowerState (FollowerState.java:run(106)) - 74676e76-599c-4b85-957c-ba96e045280e:group-FE99038DF347 changes to CANDIDATE, lastRpcTime:5043, electionTimeout:5042ms
2019-09-24 18:12:13,259 [Thread-449] INFO  impl.RoleInfo (RoleInfo.java:shutdownFollowerState(121)) - 74676e76-599c-4b85-957c-ba96e045280e: shutdown FollowerState
2019-09-24 18:12:13,260 [Thread-449] INFO  impl.RaftServerImpl (RaftServerImpl.java:setRole(174)) - 74676e76-599c-4b85-957c-ba96e045280e@group-FE99038DF347: changes role from  FOLLOWER to CANDIDATE at term 4 for changeToCandidate
2019-09-24 18:12:13,260 [Thread-449] INFO  impl.RoleInfo (RoleInfo.java:updateAndGet(143)) - 74676e76-599c-4b85-957c-ba96e045280e: start LeaderElection
2019-09-24 18:12:13,331 [Thread-448] INFO  impl.FollowerState (FollowerState.java:run(106)) - 165cd824-9508-47b7-9a26-a1da7d8cc554:group-FE99038DF347 changes to CANDIDATE, lastRpcTime:5115, electionTimeout:5113ms
2019-09-24 18:12:13,331 [Thread-448] INFO  impl.RoleInfo (RoleInfo.java:shutdownFollowerState(121)) - 165cd824-9508-47b7-9a26-a1da7d8cc554: shutdown FollowerState
2019-09-24 18:12:13,331 [Thread-448] INFO  impl.RaftServerImpl (RaftServerImpl.java:setRole(174)) - 165cd824-9508-47b7-9a26-a1da7d8cc554@group-FE99038DF347: changes role from  FOLLOWER to CANDIDATE at term 4 for changeToCandidate
2019-09-24 18:12:13,331 [Thread-448] INFO  impl.RoleInfo (RoleInfo.java:updateAndGet(143)) - 165cd824-9508-47b7-9a26-a1da7d8cc554: start LeaderElection
2019-09-24 18:12:13,334 [Thread-451] INFO  impl.FollowerState (FollowerState.java:run(106)) - 2c7c9e22-26ed-4416-8ebe-07cbe3ead7bd:group-A95362D803F3 changes to CANDIDATE, lastRpcTime:5117, electionTimeout:5116ms
2019-09-24 18:12:13,334 [Thread-451] INFO  impl.RoleInfo (RoleInfo.java:shutdownFollowerState(121)) - 2c7c9e22-26ed-4416-8ebe-07cbe3ead7bd: shutdown FollowerState
2019-09-24 18:12:13,335 [Thread-451] INFO  impl.RaftServerImpl (RaftServerImpl.java:setRole(174)) - 2c7c9e22-26ed-4416-8ebe-07cbe3ead7bd@group-A95362D803F3: changes role from  FOLLOWER to CANDIDATE at term 4 for changeToCandidate
2019-09-24 18:12:13,335 [Thread-451] INFO  impl.RoleInfo (RoleInfo.java:updateAndGet(143)) - 2c7c9e22-26ed-4416-8ebe-07cbe3ead7bd: start LeaderElection
2019-09-24 18:12:13,354 [Thread-453] INFO  impl.FollowerState (FollowerState.java:run(106)) - 165cd824-9508-47b7-9a26-a1da7d8cc554:group-A95362D803F3 changes to CANDIDATE, lastRpcTime:5135, electionTimeout:5135ms
2019-09-24 18:12:13,354 [Thread-453] INFO  impl.RoleInfo (RoleInfo.java:shutdownFollowerState(121)) - 165cd824-9508-47b7-9a26-a1da7d8cc554: shutdown FollowerState
2019-09-24 18:12:13,354 [Thread-453] INFO  impl.RaftServerImpl (RaftServerImpl.java:setRole(174)) - 165cd824-9508-47b7-9a26-a1da7d8cc554@group-A95362D803F3: changes role from  FOLLOWER to CANDIDATE at term 4 for changeToCandidate
2019-09-24 18:12:13,354 [Thread-453] INFO  impl.RoleInfo (RoleInfo.java:updateAndGet(143)) - 165cd824-9508-47b7-9a26-a1da7d8cc554: start LeaderElection
2019-09-24 18:12:13,369 [Thread-450] INFO  impl.FollowerState (FollowerState.java:run(106)) - 2c7c9e22-26ed-4416-8ebe-07cbe3ead7bd:group-FE99038DF347 changes to CANDIDATE, lastRpcTime:5152, electionTimeout:5151ms
2019-09-24 18:12:13,369 [Thread-450] INFO  impl.RoleInfo (RoleInfo.java:shutdownFollowerState(121)) - 2c7c9e22-26ed-4416-8ebe-07cbe3ead7bd: shutdown FollowerState
2019-09-24 18:12:13,369 [Thread-450] INFO  impl.RaftServerImpl (RaftServerImpl.java:setRole(174)) - 2c7c9e22-26ed-4416-8ebe-07cbe3ead7bd@group-FE99038DF347: changes role from  FOLLOWER to CANDIDATE at term 4 for changeToCandidate
2019-09-24 18:12:13,370 [Thread-450] INFO  impl.RoleInfo (RoleInfo.java:updateAndGet(143)) - 2c7c9e22-26ed-4416-8ebe-07cbe3ead7bd: start LeaderElection
2019-09-24 18:12:13,746 [2c7c9e22-26ed-4416-8ebe-07cbe3ead7bd@group-A95362D803F3:LeaderElection36] INFO  impl.LeaderElection (LeaderElection.java:askForVotes(182)) - 2c7c9e22-26ed-4416-8ebe-07cbe3ead7bd@group-A95362D803F3:LeaderElection36: begin an election at term 5 for -1: [165cd824-9508-47b7-9a26-a1da7d8cc554:192.168.5.148:41649, 74676e76-599c-4b85-957c-ba96e045280e:192.168.5.148:39518, 2c7c9e22-26ed-4416-8ebe-07cbe3ead7bd:192.168.5.148:40900], old=null
2019-09-24 18:12:13,746 [74676e76-599c-4b85-957c-ba96e045280e@group-FE99038DF347:LeaderElection34] INFO  impl.LeaderElection (LeaderElection.java:askForVotes(182)) - 74676e76-599c-4b85-957c-ba96e045280e@group-FE99038DF347:LeaderElection34: begin an election at term 5 for -1: [165cd824-9508-47b7-9a26-a1da7d8cc554:192.168.5.148:41649, 74676e76-599c-4b85-957c-ba96e045280e:192.168.5.148:39518, 2c7c9e22-26ed-4416-8ebe-07cbe3ead7bd:192.168.5.148:40900], old=null
2019-09-24 18:12:13,746 [165cd824-9508-47b7-9a26-a1da7d8cc554@group-FE99038DF347:LeaderElection35] INFO  impl.LeaderElection (LeaderElection.java:askForVotes(182)) - 165cd824-9508-47b7-9a26-a1da7d8cc554@group-FE99038DF347:LeaderElection35: begin an election at term 5 for -1: [165cd824-9508-47b7-9a26-a1da7d8cc554:192.168.5.148:41649, 74676e76-599c-4b85-957c-ba96e045280e:192.168.5.148:39518, 2c7c9e22-26ed-4416-8ebe-07cbe3ead7bd:192.168.5.148:40900], old=null
2019-09-24 18:12:13,746 [74676e76-599c-4b85-957c-ba96e045280e@group-A95362D803F3:LeaderElection33] INFO  impl.LeaderElection (LeaderElection.java:askForVotes(182)) - 74676e76-599c-4b85-957c-ba96e045280e@group-A95362D803F3:LeaderElection33: begin an election at term 5 for -1: [165cd824-9508-47b7-9a26-a1da7d8cc554:192.168.5.148:41649, 74676e76-599c-4b85-957c-ba96e045280e:192.168.5.148:39518, 2c7c9e22-26ed-4416-8ebe-07cbe3ead7bd:192.168.5.148:40900], old=null
2019-09-24 18:12:13,746 [165cd824-9508-47b7-9a26-a1da7d8cc554@group-A95362D803F3:LeaderElection37] INFO  impl.LeaderElection (LeaderElection.java:askForVotes(182)) - 165cd824-9508-47b7-9a26-a1da7d8cc554@group-A95362D803F3:LeaderElection37: begin an election at term 5 for -1: [165cd824-9508-47b7-9a26-a1da7d8cc554:192.168.5.148:41649, 74676e76-599c-4b85-957c-ba96e045280e:192.168.5.148:39518, 2c7c9e22-26ed-4416-8ebe-07cbe3ead7bd:192.168.5.148:40900], old=null
2019-09-24 18:12:13,746 [2c7c9e22-26ed-4416-8ebe-07cbe3ead7bd@group-FE99038DF347:LeaderElection38] INFO  impl.LeaderElection (LeaderElection.java:askForVotes(182)) - 2c7c9e22-26ed-4416-8ebe-07cbe3ead7bd@group-FE99038DF347:LeaderElection38: begin an election at term 5 for -1: [165cd824-9508-47b7-9a26-a1da7d8cc554:192.168.5.148:41649, 74676e76-599c-4b85-957c-ba96e045280e:192.168.5.148:39518, 2c7c9e22-26ed-4416-8ebe-07cbe3ead7bd:192.168.5.148:40900], old=null
2019-09-24 18:12:13,773 [74676e76-599c-4b85-957c-ba96e045280e@group-FE99038DF347:LeaderElection34] INFO  impl.LeaderElection (LeaderElection.java:logAndReturn(56)) - 74676e76-599c-4b85-957c-ba96e045280e@group-FE99038DF347:LeaderElection34: Election REJECTED; received 2 response(s) [74676e76-599c-4b85-957c-ba96e045280e<-165cd824-9508-47b7-9a26-a1da7d8cc554#0:FAIL-t5, 74676e76-599c-4b85-957c-ba96e045280e<-2c7c9e22-26ed-4416-8ebe-07cbe3ead7bd#0:FAIL-t5] and 0 exception(s); 74676e76-599c-4b85-957c-ba96e045280e@group-FE99038DF347:t5, leader=null, voted=74676e76-599c-4b85-957c-ba96e045280e, raftlog=74676e76-599c-4b85-957c-ba96e045280e@group-FE99038DF347-SegmentedRaftLog:OPENED:c-1,f-1,i0, conf=-1: [165cd824-9508-47b7-9a26-a1da7d8cc554:192.168.5.148:41649, 74676e76-599c-4b85-957c-ba96e045280e:192.168.5.148:39518, 2c7c9e22-26ed-4416-8ebe-07cbe3ead7bd:192.168.5.148:40900], old=null
2019-09-24 18:12:13,773 [74676e76-599c-4b85-957c-ba96e045280e@group-A95362D803F3:LeaderElection33] INFO  impl.LeaderElection (LeaderElection.java:logAndReturn(56)) - 74676e76-599c-4b85-957c-ba96e045280e@group-A95362D803F3:LeaderElection33: Election REJECTED; received 2 response(s) [74676e76-599c-4b85-957c-ba96e045280e<-165cd824-9508-47b7-9a26-a1da7d8cc554#0:FAIL-t5, 74676e76-599c-4b85-957c-ba96e045280e<-2c7c9e22-26ed-4416-8ebe-07cbe3ead7bd#0:FAIL-t5] and 0 exception(s); 74676e76-599c-4b85-957c-ba96e045280e@group-A95362D803F3:t5, leader=null, voted=74676e76-599c-4b85-957c-ba96e045280e, raftlog=74676e76-599c-4b85-957c-ba96e045280e@group-A95362D803F3-SegmentedRaftLog:OPENED:c-1,f-1,i0, conf=-1: [165cd824-9508-47b7-9a26-a1da7d8cc554:192.168.5.148:41649, 74676e76-599c-4b85-957c-ba96e045280e:192.168.5.148:39518, 2c7c9e22-26ed-4416-8ebe-07cbe3ead7bd:192.168.5.148:40900], old=null
2019-09-24 18:12:13,775 [165cd824-9508-47b7-9a26-a1da7d8cc554@group-A95362D803F3:LeaderElection37] INFO  impl.LeaderElection (LeaderElection.java:logAndReturn(56)) - 165cd824-9508-47b7-9a26-a1da7d8cc554@group-A95362D803F3:LeaderElection37: Election REJECTED; received 2 response(s) [165cd824-9508-47b7-9a26-a1da7d8cc554<-74676e76-599c-4b85-957c-ba96e045280e#0:FAIL-t5, 165cd824-9508-47b7-9a26-a1da7d8cc554<-2c7c9e22-26ed-4416-8ebe-07cbe3ead7bd#0:FAIL-t5] and 0 exception(s); 165cd824-9508-47b7-9a26-a1da7d8cc554@group-A95362D803F3:t5, leader=null, voted=165cd824-9508-47b7-9a26-a1da7d8cc554, raftlog=165cd824-9508-47b7-9a26-a1da7d8cc554@group-A95362D803F3-SegmentedRaftLog:OPENED:c-1,f-1,i0, conf=-1: [165cd824-9508-47b7-9a26-a1da7d8cc554:192.168.5.148:41649, 74676e76-599c-4b85-957c-ba96e045280e:192.168.5.148:39518, 2c7c9e22-26ed-4416-8ebe-07cbe3ead7bd:192.168.5.148:40900], old=null
2019-09-24 18:12:13,773 [74676e76-599c-4b85-957c-ba96e045280e@group-FE99038DF347:LeaderElection34] INFO  impl.RaftServerImpl (RaftServerImpl.java:setRole(174)) - 74676e76-599c-4b85-957c-ba96e045280e@group-FE99038DF347: changes role from CANDIDATE to FOLLOWER at term 5 for DISCOVERED_A_NEW_TERM
2019-09-24 18:12:13,778 [165cd824-9508-47b7-9a26-a1da7d8cc554@group-A95362D803F3:LeaderElection37] INFO  impl.RaftServerImpl (RaftServerImpl.java:setRole(174)) - 165cd824-9508-47b7-9a26-a1da7d8cc554@group-A95362D803F3: changes role from CANDIDATE to FOLLOWER at term 5 for DISCOVERED_A_NEW_TERM
2019-09-24 18:12:13,780 [74676e76-599c-4b85-957c-ba96e045280e@group-FE99038DF347:LeaderElection34] INFO  impl.RoleInfo (RoleInfo.java:shutdownLeaderElection(134)) - 74676e76-599c-4b85-957c-ba96e045280e: shutdown LeaderElection
2019-09-24 18:12:13,773 [165cd824-9508-47b7-9a26-a1da7d8cc554@group-FE99038DF347:LeaderElection35] INFO  impl.LeaderElection (LeaderElection.java:logAndReturn(56)) - 165cd824-9508-47b7-9a26-a1da7d8cc554@group-FE99038DF347:LeaderElection35: Election REJECTED; received 2 response(s) [165cd824-9508-47b7-9a26-a1da7d8cc554<-74676e76-599c-4b85-957c-ba96e045280e#0:FAIL-t5, 165cd824-9508-47b7-9a26-a1da7d8cc554<-2c7c9e22-26ed-4416-8ebe-07cbe3ead7bd#0:FAIL-t5] and 0 exception(s); 165cd824-9508-47b7-9a26-a1da7d8cc554@group-FE99038DF347:t5, leader=null, voted=165cd824-9508-47b7-9a26-a1da7d8cc554, raftlog=165cd824-9508-47b7-9a26-a1da7d8cc554@group-FE99038DF347-SegmentedRaftLog:OPENED:c-1,f-1,i0, conf=-1: [165cd824-9508-47b7-9a26-a1da7d8cc554:192.168.5.148:41649, 74676e76-599c-4b85-957c-ba96e045280e:192.168.5.148:39518, 2c7c9e22-26ed-4416-8ebe-07cbe3ead7bd:192.168.5.148:40900], old=null
2019-09-24 18:12:13,780 [74676e76-599c-4b85-957c-ba96e045280e@group-FE99038DF347:LeaderElection34] INFO  impl.RoleInfo (RoleInfo.java:updateAndGet(143)) - 74676e76-599c-4b85-957c-ba96e045280e: start FollowerState
2019-09-24 18:12:13,780 [2c7c9e22-26ed-4416-8ebe-07cbe3ead7bd@group-A95362D803F3:LeaderElection36] INFO  impl.LeaderElection (LeaderElection.java:logAndReturn(56)) - 2c7c9e22-26ed-4416-8ebe-07cbe3ead7bd@group-A95362D803F3:LeaderElection36: Election REJECTED; received 2 response(s) [2c7c9e22-26ed-4416-8ebe-07cbe3ead7bd<-165cd824-9508-47b7-9a26-a1da7d8cc554#0:FAIL-t5, 2c7c9e22-26ed-4416-8ebe-07cbe3ead7bd<-74676e76-599c-4b85-957c-ba96e045280e#0:FAIL-t5] and 0 exception(s); 2c7c9e22-26ed-4416-8ebe-07cbe3ead7bd@group-A95362D803F3:t5, leader=null, voted=2c7c9e22-26ed-4416-8ebe-07cbe3ead7bd, raftlog=2c7c9e22-26ed-4416-8ebe-07cbe3ead7bd@group-A95362D803F3-SegmentedRaftLog:OPENED:c-1,f-1,i0, conf=-1: [165cd824-9508-47b7-9a26-a1da7d8cc554:192.168.5.148:41649, 74676e76-599c-4b85-957c-ba96e045280e:192.168.5.148:39518, 2c7c9e22-26ed-4416-8ebe-07cbe3ead7bd:192.168.5.148:40900], old=null
2019-09-24 18:12:13,780 [2c7c9e22-26ed-4416-8ebe-07cbe3ead7bd@group-FE99038DF347:LeaderElection38] INFO  impl.LeaderElection (LeaderElection.java:logAndReturn(56)) - 2c7c9e22-26ed-4416-8ebe-07cbe3ead7bd@group-FE99038DF347:LeaderElection38: Election REJECTED; received 2 response(s) [2c7c9e22-26ed-4416-8ebe-07cbe3ead7bd<-165cd824-9508-47b7-9a26-a1da7d8cc554#0:FAIL-t5, 2c7c9e22-26ed-4416-8ebe-07cbe3ead7bd<-74676e76-599c-4b85-957c-ba96e045280e#0:FAIL-t5] and 0 exception(s); 2c7c9e22-26ed-4416-8ebe-07cbe3ead7bd@group-FE99038DF347:t5, leader=null, voted=2c7c9e22-26ed-4416-8ebe-07cbe3ead7bd, raftlog=2c7c9e22-26ed-4416-8ebe-07cbe3ead7bd@group-FE99038DF347-SegmentedRaftLog:OPENED:c-1,f-1,i0, conf=-1: [165cd824-9508-47b7-9a26-a1da7d8cc554:192.168.5.148:41649, 74676e76-599c-4b85-957c-ba96e045280e:192.168.5.148:39518, 2c7c9e22-26ed-4416-8ebe-07cbe3ead7bd:192.168.5.148:40900], old=null
2019-09-24 18:12:13,780 [165cd824-9508-47b7-9a26-a1da7d8cc554@group-A95362D803F3:LeaderElection37] INFO  impl.RoleInfo (RoleInfo.java:shutdownLeaderElection(134)) - 165cd824-9508-47b7-9a26-a1da7d8cc554: shutdown LeaderElection
2019-09-24 18:12:13,778 [74676e76-599c-4b85-957c-ba96e045280e@group-A95362D803F3:LeaderElection33] INFO  impl.RaftServerImpl (RaftServerImpl.java:setRole(174)) - 74676e76-599c-4b85-957c-ba96e045280e@group-A95362D803F3: changes role from CANDIDATE to FOLLOWER at term 5 for DISCOVERED_A_NEW_TERM
2019-09-24 18:12:13,785 [165cd824-9508-47b7-9a26-a1da7d8cc554@group-A95362D803F3:LeaderElection37] INFO  impl.RoleInfo (RoleInfo.java:updateAndGet(143)) - 165cd824-9508-47b7-9a26-a1da7d8cc554: start FollowerState
2019-09-24 18:12:13,783 [2c7c9e22-26ed-4416-8ebe-07cbe3ead7bd@group-FE99038DF347:LeaderElection38] INFO  impl.RaftServerImpl (RaftServerImpl.java:setRole(174)) - 2c7c9e22-26ed-4416-8ebe-07cbe3ead7bd@group-FE99038DF347: changes role from CANDIDATE to FOLLOWER at term 5 for DISCOVERED_A_NEW_TERM
2019-09-24 18:12:13,785 [2c7c9e22-26ed-4416-8ebe-07cbe3ead7bd@group-FE99038DF347:LeaderElection38] INFO  impl.RoleInfo (RoleInfo.java:shutdownLeaderElection(134)) - 2c7c9e22-26ed-4416-8ebe-07cbe3ead7bd: shutdown LeaderElection
2019-09-24 18:12:13,782 [2c7c9e22-26ed-4416-8ebe-07cbe3ead7bd@group-A95362D803F3:LeaderElection36] INFO  impl.RaftServerImpl (RaftServerImpl.java:setRole(174)) - 2c7c9e22-26ed-4416-8ebe-07cbe3ead7bd@group-A95362D803F3: changes role from CANDIDATE to FOLLOWER at term 5 for DISCOVERED_A_NEW_TERM
2019-09-24 18:12:13,785 [2c7c9e22-26ed-4416-8ebe-07cbe3ead7bd@group-A95362D803F3:LeaderElection36] INFO  impl.RoleInfo (RoleInfo.java:shutdownLeaderElection(134)) - 2c7c9e22-26ed-4416-8ebe-07cbe3ead7bd: shutdown LeaderElection
2019-09-24 18:12:13,780 [165cd824-9508-47b7-9a26-a1da7d8cc554@group-FE99038DF347:LeaderElection35] INFO  impl.RaftServerImpl (RaftServerImpl.java:setRole(174)) - 165cd824-9508-47b7-9a26-a1da7d8cc554@group-FE99038DF347: changes role from CANDIDATE to FOLLOWER at term 5 for DISCOVERED_A_NEW_TERM
2019-09-24 18:12:13,786 [2c7c9e22-26ed-4416-8ebe-07cbe3ead7bd@group-A95362D803F3:LeaderElection36] INFO  impl.RoleInfo (RoleInfo.java:updateAndGet(143)) - 2c7c9e22-26ed-4416-8ebe-07cbe3ead7bd: start FollowerState
2019-09-24 18:12:13,785 [2c7c9e22-26ed-4416-8ebe-07cbe3ead7bd@group-FE99038DF347:LeaderElection38] INFO  impl.RoleInfo (RoleInfo.java:updateAndGet(143)) - 2c7c9e22-26ed-4416-8ebe-07cbe3ead7bd: start FollowerState
2019-09-24 18:12:13,785 [74676e76-599c-4b85-957c-ba96e045280e@group-A95362D803F3:LeaderElection33] INFO  impl.RoleInfo (RoleInfo.java:shutdownLeaderElection(134)) - 74676e76-599c-4b85-957c-ba96e045280e: shutdown LeaderElection
2019-09-24 18:12:13,786 [165cd824-9508-47b7-9a26-a1da7d8cc554@group-FE99038DF347:LeaderElection35] INFO  impl.RoleInfo (RoleInfo.java:shutdownLeaderElection(134)) - 165cd824-9508-47b7-9a26-a1da7d8cc554: shutdown LeaderElection
2019-09-24 18:12:13,786 [74676e76-599c-4b85-957c-ba96e045280e@group-A95362D803F3:LeaderElection33] INFO  impl.RoleInfo (RoleInfo.java:updateAndGet(143)) - 74676e76-599c-4b85-957c-ba96e045280e: start FollowerState
2019-09-24 18:12:13,787 [165cd824-9508-47b7-9a26-a1da7d8cc554@group-FE99038DF347:LeaderElection35] INFO  impl.RoleInfo (RoleInfo.java:updateAndGet(143)) - 165cd824-9508-47b7-9a26-a1da7d8cc554: start FollowerState
2019-09-24 18:12:18,794 [Thread-488] INFO  impl.FollowerState (FollowerState.java:run(106)) - 74676e76-599c-4b85-957c-ba96e045280e:group-FE99038DF347 changes to CANDIDATE, lastRpcTime:5013, electionTimeout:5012ms
2019-09-24 18:12:18,794 [Thread-488] INFO  impl.RoleInfo (RoleInfo.java:shutdownFollowerState(121)) - 74676e76-599c-4b85-957c-ba96e045280e: shutdown FollowerState
2019-09-24 18:12:18,795 [Thread-488] INFO  impl.RaftServerImpl (RaftServerImpl.java:setRole(174)) - 74676e76-599c-4b85-957c-ba96e045280e@group-FE99038DF347: changes role from  FOLLOWER to CANDIDATE at term 5 for changeToCandidate
2019-09-24 18:12:18,795 [Thread-488] INFO  impl.RoleInfo (RoleInfo.java:updateAndGet(143)) - 74676e76-599c-4b85-957c-ba96e045280e: start LeaderElection
2019-09-24 18:12:18,817 [Thread-489] INFO  impl.FollowerState (FollowerState.java:run(106)) - 165cd824-9508-47b7-9a26-a1da7d8cc554:group-A95362D803F3 changes to CANDIDATE, lastRpcTime:5032, electionTimeout:5032ms
2019-09-24 18:12:18,818 [Thread-489] INFO  impl.RoleInfo (RoleInfo.java:shutdownFollowerState(121)) - 165cd824-9508-47b7-9a26-a1da7d8cc554: shutdown FollowerState
2019-09-24 18:12:18,818 [Thread-489] INFO  impl.RaftServerImpl (RaftServerImpl.java:setRole(174)) - 165cd824-9508-47b7-9a26-a1da7d8cc554@group-A95362D803F3: changes role from  FOLLOWER to CANDIDATE at term 5 for changeToCandidate
2019-09-24 18:12:18,818 [Thread-489] INFO  impl.RoleInfo (RoleInfo.java:updateAndGet(143)) - 165cd824-9508-47b7-9a26-a1da7d8cc554: start LeaderElection
2019-09-24 18:12:18,859 [Thread-490] INFO  impl.FollowerState (FollowerState.java:run(106)) - 2c7c9e22-26ed-4416-8ebe-07cbe3ead7bd:group-FE99038DF347 changes to CANDIDATE, lastRpcTime:5073, electionTimeout:5072ms
2019-09-24 18:12:18,859 [Thread-490] INFO  impl.RoleInfo (RoleInfo.java:shutdownFollowerState(121)) - 2c7c9e22-26ed-4416-8ebe-07cbe3ead7bd: shutdown FollowerState
2019-09-24 18:12:18,859 [Thread-490] INFO  impl.RaftServerImpl (RaftServerImpl.java:setRole(174)) - 2c7c9e22-26ed-4416-8ebe-07cbe3ead7bd@group-FE99038DF347: changes role from  FOLLOWER to CANDIDATE at term 5 for changeToCandidate
2019-09-24 18:12:18,859 [Thread-490] INFO  impl.RoleInfo (RoleInfo.java:updateAndGet(143)) - 2c7c9e22-26ed-4416-8ebe-07cbe3ead7bd: start LeaderElection
2019-09-24 18:12:18,863 [Thread-493] INFO  impl.FollowerState (FollowerState.java:run(106)) - 165cd824-9508-47b7-9a26-a1da7d8cc554:group-FE99038DF347 changes to CANDIDATE, lastRpcTime:5076, electionTimeout:5076ms
2019-09-24 18:12:18,863 [Thread-493] INFO  impl.RoleInfo (RoleInfo.java:shutdownFollowerState(121)) - 165cd824-9508-47b7-9a26-a1da7d8cc554: shutdown FollowerState
2019-09-24 18:12:18,864 [Thread-493] INFO  impl.RaftServerImpl (RaftServerImpl.java:setRole(174)) - 165cd824-9508-47b7-9a26-a1da7d8cc554@group-FE99038DF347: changes role from  FOLLOWER to CANDIDATE at term 5 for changeToCandidate
2019-09-24 18:12:18,864 [Thread-493] INFO  impl.RoleInfo (RoleInfo.java:updateAndGet(143)) - 165cd824-9508-47b7-9a26-a1da7d8cc554: start LeaderElection
2019-09-24 18:12:18,918 [Thread-491] INFO  impl.FollowerState (FollowerState.java:run(106)) - 2c7c9e22-26ed-4416-8ebe-07cbe3ead7bd:group-A95362D803F3 changes to CANDIDATE, lastRpcTime:5132, electionTimeout:5132ms
2019-09-24 18:12:18,919 [Thread-491] INFO  impl.RoleInfo (RoleInfo.java:shutdownFollowerState(121)) - 2c7c9e22-26ed-4416-8ebe-07cbe3ead7bd: shutdown FollowerState
2019-09-24 18:12:18,919 [Thread-491] INFO  impl.RaftServerImpl (RaftServerImpl.java:setRole(174)) - 2c7c9e22-26ed-4416-8ebe-07cbe3ead7bd@group-A95362D803F3: changes role from  FOLLOWER to CANDIDATE at term 5 for changeToCandidate
2019-09-24 18:12:18,919 [Thread-491] INFO  impl.RoleInfo (RoleInfo.java:updateAndGet(143)) - 2c7c9e22-26ed-4416-8ebe-07cbe3ead7bd: start LeaderElection
2019-09-24 18:12:18,961 [Thread-492] INFO  impl.FollowerState (FollowerState.java:run(106)) - 74676e76-599c-4b85-957c-ba96e045280e:group-A95362D803F3 changes to CANDIDATE, lastRpcTime:5174, electionTimeout:5174ms
2019-09-24 18:12:18,962 [Thread-492] INFO  impl.RoleInfo (RoleInfo.java:shutdownFollowerState(121)) - 74676e76-599c-4b85-957c-ba96e045280e: shutdown FollowerState
2019-09-24 18:12:18,962 [Thread-492] INFO  impl.RaftServerImpl (RaftServerImpl.java:setRole(174)) - 74676e76-599c-4b85-957c-ba96e045280e@group-A95362D803F3: changes role from  FOLLOWER to CANDIDATE at term 5 for changeToCandidate
2019-09-24 18:12:18,962 [Thread-492] INFO  impl.RoleInfo (RoleInfo.java:updateAndGet(143)) - 74676e76-599c-4b85-957c-ba96e045280e: start LeaderElection
2019-09-24 18:12:21,410 [74676e76-599c-4b85-957c-ba96e045280e@group-FE99038DF347:LeaderElection39] INFO  impl.LeaderElection (LeaderElection.java:askForVotes(182)) - 74676e76-599c-4b85-957c-ba96e045280e@group-FE99038DF347:LeaderElection39: begin an election at term 6 for -1: [165cd824-9508-47b7-9a26-a1da7d8cc554:192.168.5.148:41649, 74676e76-599c-4b85-957c-ba96e045280e:192.168.5.148:39518, 2c7c9e22-26ed-4416-8ebe-07cbe3ead7bd:192.168.5.148:40900], old=null
2019-09-24 18:12:21,410 [165cd824-9508-47b7-9a26-a1da7d8cc554@group-A95362D803F3:LeaderElection40] INFO  impl.LeaderElection (LeaderElection.java:askForVotes(182)) - 165cd824-9508-47b7-9a26-a1da7d8cc554@group-A95362D803F3:LeaderElection40: begin an election at term 6 for -1: [165cd824-9508-47b7-9a26-a1da7d8cc554:192.168.5.148:41649, 74676e76-599c-4b85-957c-ba96e045280e:192.168.5.148:39518, 2c7c9e22-26ed-4416-8ebe-07cbe3ead7bd:192.168.5.148:40900], old=null
2019-09-24 18:12:21,410 [2c7c9e22-26ed-4416-8ebe-07cbe3ead7bd@group-FE99038DF347:LeaderElection41] INFO  impl.LeaderElection (LeaderElection.java:askForVotes(182)) - 2c7c9e22-26ed-4416-8ebe-07cbe3ead7bd@group-FE99038DF347:LeaderElection41: begin an election at term 6 for -1: [165cd824-9508-47b7-9a26-a1da7d8cc554:192.168.5.148:41649, 74676e76-599c-4b85-957c-ba96e045280e:192.168.5.148:39518, 2c7c9e22-26ed-4416-8ebe-07cbe3ead7bd:192.168.5.148:40900], old=null
2019-09-24 18:12:21,410 [165cd824-9508-47b7-9a26-a1da7d8cc554@group-FE99038DF347:LeaderElection42] INFO  impl.LeaderElection (LeaderElection.java:askForVotes(182)) - 165cd824-9508-47b7-9a26-a1da7d8cc554@group-FE99038DF347:LeaderElection42: begin an election at term 6 for -1: [165cd824-9508-47b7-9a26-a1da7d8cc554:192.168.5.148:41649, 74676e76-599c-4b85-957c-ba96e045280e:192.168.5.148:39518, 2c7c9e22-26ed-4416-8ebe-07cbe3ead7bd:192.168.5.148:40900], old=null
2019-09-24 18:12:21,410 [74676e76-599c-4b85-957c-ba96e045280e@group-A95362D803F3:LeaderElection44] INFO  impl.LeaderElection (LeaderElection.java:askForVotes(182)) - 74676e76-599c-4b85-957c-ba96e045280e@group-A95362D803F3:LeaderElection44: begin an election at term 6 for -1: [165cd824-9508-47b7-9a26-a1da7d8cc554:192.168.5.148:41649, 74676e76-599c-4b85-957c-ba96e045280e:192.168.5.148:39518, 2c7c9e22-26ed-4416-8ebe-07cbe3ead7bd:192.168.5.148:40900], old=null
2019-09-24 18:12:21,410 [2c7c9e22-26ed-4416-8ebe-07cbe3ead7bd@group-A95362D803F3:LeaderElection43] INFO  impl.LeaderElection (LeaderElection.java:askForVotes(182)) - 2c7c9e22-26ed-4416-8ebe-07cbe3ead7bd@group-A95362D803F3:LeaderElection43: begin an election at term 6 for -1: [165cd824-9508-47b7-9a26-a1da7d8cc554:192.168.5.148:41649, 74676e76-599c-4b85-957c-ba96e045280e:192.168.5.148:39518, 2c7c9e22-26ed-4416-8ebe-07cbe3ead7bd:192.168.5.148:40900], old=null
2019-09-24 18:12:21,422 [74676e76-599c-4b85-957c-ba96e045280e@group-FE99038DF347:LeaderElection39] INFO  impl.LeaderElection (LeaderElection.java:logAndReturn(56)) - 74676e76-599c-4b85-957c-ba96e045280e@group-FE99038DF347:LeaderElection39: Election REJECTED; received 2 response(s) [74676e76-599c-4b85-957c-ba96e045280e<-165cd824-9508-47b7-9a26-a1da7d8cc554#0:FAIL-t6, 74676e76-599c-4b85-957c-ba96e045280e<-2c7c9e22-26ed-4416-8ebe-07cbe3ead7bd#0:FAIL-t6] and 0 exception(s); 74676e76-599c-4b85-957c-ba96e045280e@group-FE99038DF347:t6, leader=null, voted=74676e76-599c-4b85-957c-ba96e045280e, raftlog=74676e76-599c-4b85-957c-ba96e045280e@group-FE99038DF347-SegmentedRaftLog:OPENED:c-1,f-1,i0, conf=-1: [165cd824-9508-47b7-9a26-a1da7d8cc554:192.168.5.148:41649, 74676e76-599c-4b85-957c-ba96e045280e:192.168.5.148:39518, 2c7c9e22-26ed-4416-8ebe-07cbe3ead7bd:192.168.5.148:40900], old=null
2019-09-24 18:12:21,422 [74676e76-599c-4b85-957c-ba96e045280e@group-FE99038DF347:LeaderElection39] INFO  impl.RaftServerImpl (RaftServerImpl.java:setRole(174)) - 74676e76-599c-4b85-957c-ba96e045280e@group-FE99038DF347: changes role from CANDIDATE to FOLLOWER at term 6 for DISCOVERED_A_NEW_TERM
2019-09-24 18:12:21,422 [74676e76-599c-4b85-957c-ba96e045280e@group-FE99038DF347:LeaderElection39] INFO  impl.RoleInfo (RoleInfo.java:shutdownLeaderElection(134)) - 74676e76-599c-4b85-957c-ba96e045280e: shutdown LeaderElection
2019-09-24 18:12:21,422 [74676e76-599c-4b85-957c-ba96e045280e@group-FE99038DF347:LeaderElection39] INFO  impl.RoleInfo (RoleInfo.java:updateAndGet(143)) - 74676e76-599c-4b85-957c-ba96e045280e: start FollowerState
2019-09-24 18:12:21,423 [74676e76-599c-4b85-957c-ba96e045280e@group-A95362D803F3:LeaderElection44] INFO  impl.LeaderElection (LeaderElection.java:logAndReturn(56)) - 74676e76-599c-4b85-957c-ba96e045280e@group-A95362D803F3:LeaderElection44: Election REJECTED; received 2 response(s) [74676e76-599c-4b85-957c-ba96e045280e<-165cd824-9508-47b7-9a26-a1da7d8cc554#0:FAIL-t6, 74676e76-599c-4b85-957c-ba96e045280e<-2c7c9e22-26ed-4416-8ebe-07cbe3ead7bd#0:FAIL-t6] and 0 exception(s); 74676e76-599c-4b85-957c-ba96e045280e@group-A95362D803F3:t6, leader=null, voted=74676e76-599c-4b85-957c-ba96e045280e, raftlog=74676e76-599c-4b85-957c-ba96e045280e@group-A95362D803F3-SegmentedRaftLog:OPENED:c-1,f-1,i0, conf=-1: [165cd824-9508-47b7-9a26-a1da7d8cc554:192.168.5.148:41649, 74676e76-599c-4b85-957c-ba96e045280e:192.168.5.148:39518, 2c7c9e22-26ed-4416-8ebe-07cbe3ead7bd:192.168.5.148:40900], old=null
2019-09-24 18:12:21,424 [2c7c9e22-26ed-4416-8ebe-07cbe3ead7bd@group-A95362D803F3:LeaderElection43] INFO  impl.LeaderElection (LeaderElection.java:logAndReturn(56)) - 2c7c9e22-26ed-4416-8ebe-07cbe3ead7bd@group-A95362D803F3:LeaderElection43: Election REJECTED; received 2 response(s) [2c7c9e22-26ed-4416-8ebe-07cbe3ead7bd<-165cd824-9508-47b7-9a26-a1da7d8cc554#0:FAIL-t6, 2c7c9e22-26ed-4416-8ebe-07cbe3ead7bd<-74676e76-599c-4b85-957c-ba96e045280e#0:FAIL-t6] and 0 exception(s); 2c7c9e22-26ed-4416-8ebe-07cbe3ead7bd@group-A95362D803F3:t6, leader=null, voted=2c7c9e22-26ed-4416-8ebe-07cbe3ead7bd, raftlog=2c7c9e22-26ed-4416-8ebe-07cbe3ead7bd@group-A95362D803F3-SegmentedRaftLog:OPENED:c-1,f-1,i0, conf=-1: [165cd824-9508-47b7-9a26-a1da7d8cc554:192.168.5.148:41649, 74676e76-599c-4b85-957c-ba96e045280e:192.168.5.148:39518, 2c7c9e22-26ed-4416-8ebe-07cbe3ead7bd:192.168.5.148:40900], old=null
2019-09-24 18:12:21,425 [74676e76-599c-4b85-957c-ba96e045280e@group-A95362D803F3:LeaderElection44] INFO  impl.RaftServerImpl (RaftServerImpl.java:setRole(174)) - 74676e76-599c-4b85-957c-ba96e045280e@group-A95362D803F3: changes role from CANDIDATE to FOLLOWER at term 6 for DISCOVERED_A_NEW_TERM
2019-09-24 18:12:21,427 [74676e76-599c-4b85-957c-ba96e045280e@group-A95362D803F3:LeaderElection44] INFO  impl.RoleInfo (RoleInfo.java:shutdownLeaderElection(134)) - 74676e76-599c-4b85-957c-ba96e045280e: shutdown LeaderElection
2019-09-24 18:12:21,427 [2c7c9e22-26ed-4416-8ebe-07cbe3ead7bd@group-FE99038DF347:LeaderElection41] INFO  impl.LeaderElection (LeaderElection.java:logAndReturn(56)) - 2c7c9e22-26ed-4416-8ebe-07cbe3ead7bd@group-FE99038DF347:LeaderElection41: Election REJECTED; received 2 response(s) [2c7c9e22-26ed-4416-8ebe-07cbe3ead7bd<-165cd824-9508-47b7-9a26-a1da7d8cc554#0:FAIL-t6, 2c7c9e22-26ed-4416-8ebe-07cbe3ead7bd<-74676e76-599c-4b85-957c-ba96e045280e#0:FAIL-t6] and 0 exception(s); 2c7c9e22-26ed-4416-8ebe-07cbe3ead7bd@group-FE99038DF347:t6, leader=null, voted=2c7c9e22-26ed-4416-8ebe-07cbe3ead7bd, raftlog=2c7c9e22-26ed-4416-8ebe-07cbe3ead7bd@group-FE99038DF347-SegmentedRaftLog:OPENED:c-1,f-1,i0, conf=-1: [165cd824-9508-47b7-9a26-a1da7d8cc554:192.168.5.148:41649, 74676e76-599c-4b85-957c-ba96e045280e:192.168.5.148:39518, 2c7c9e22-26ed-4416-8ebe-07cbe3ead7bd:192.168.5.148:40900], old=null
2019-09-24 18:12:21,427 [2c7c9e22-26ed-4416-8ebe-07cbe3ead7bd@group-A95362D803F3:LeaderElection43] INFO  impl.RaftServerImpl (RaftServerImpl.java:setRole(174)) - 2c7c9e22-26ed-4416-8ebe-07cbe3ead7bd@group-A95362D803F3: changes role from CANDIDATE to FOLLOWER at term 6 for DISCOVERED_A_NEW_TERM
2019-09-24 18:12:21,428 [2c7c9e22-26ed-4416-8ebe-07cbe3ead7bd@group-FE99038DF347:LeaderElection41] INFO  impl.RaftServerImpl (RaftServerImpl.java:setRole(174)) - 2c7c9e22-26ed-4416-8ebe-07cbe3ead7bd@group-FE99038DF347: changes role from CANDIDATE to FOLLOWER at term 6 for DISCOVERED_A_NEW_TERM
2019-09-24 18:12:21,436 [2c7c9e22-26ed-4416-8ebe-07cbe3ead7bd@group-FE99038DF347:LeaderElection41] INFO  impl.RoleInfo (RoleInfo.java:shutdownLeaderElection(134)) - 2c7c9e22-26ed-4416-8ebe-07cbe3ead7bd: shutdown LeaderElection
2019-09-24 18:12:21,428 [74676e76-599c-4b85-957c-ba96e045280e@group-A95362D803F3:LeaderElection44] INFO  impl.RoleInfo (RoleInfo.java:updateAndGet(143)) - 74676e76-599c-4b85-957c-ba96e045280e: start FollowerState
2019-09-24 18:12:21,436 [2c7c9e22-26ed-4416-8ebe-07cbe3ead7bd@group-FE99038DF347:LeaderElection41] INFO  impl.RoleInfo (RoleInfo.java:updateAndGet(143)) - 2c7c9e22-26ed-4416-8ebe-07cbe3ead7bd: start FollowerState
2019-09-24 18:12:21,429 [2c7c9e22-26ed-4416-8ebe-07cbe3ead7bd@group-A95362D803F3:LeaderElection43] INFO  impl.RoleInfo (RoleInfo.java:shutdownLeaderElection(134)) - 2c7c9e22-26ed-4416-8ebe-07cbe3ead7bd: shutdown LeaderElection
2019-09-24 18:12:21,436 [2c7c9e22-26ed-4416-8ebe-07cbe3ead7bd@group-A95362D803F3:LeaderElection43] INFO  impl.RoleInfo (RoleInfo.java:updateAndGet(143)) - 2c7c9e22-26ed-4416-8ebe-07cbe3ead7bd: start FollowerState
2019-09-24 18:12:21,437 [165cd824-9508-47b7-9a26-a1da7d8cc554@group-FE99038DF347:LeaderElection42] INFO  impl.LeaderElection (LeaderElection.java:logAndReturn(56)) - 165cd824-9508-47b7-9a26-a1da7d8cc554@group-FE99038DF347:LeaderElection42: Election REJECTED; received 2 response(s) [165cd824-9508-47b7-9a26-a1da7d8cc554<-74676e76-599c-4b85-957c-ba96e045280e#0:FAIL-t6, 165cd824-9508-47b7-9a26-a1da7d8cc554<-2c7c9e22-26ed-4416-8ebe-07cbe3ead7bd#0:FAIL-t6] and 0 exception(s); 165cd824-9508-47b7-9a26-a1da7d8cc554@group-FE99038DF347:t6, leader=null, voted=165cd824-9508-47b7-9a26-a1da7d8cc554, raftlog=165cd824-9508-47b7-9a26-a1da7d8cc554@group-FE99038DF347-SegmentedRaftLog:OPENED:c-1,f-1,i0, conf=-1: [165cd824-9508-47b7-9a26-a1da7d8cc554:192.168.5.148:41649, 74676e76-599c-4b85-957c-ba96e045280e:192.168.5.148:39518, 2c7c9e22-26ed-4416-8ebe-07cbe3ead7bd:192.168.5.148:40900], old=null
2019-09-24 18:12:21,437 [165cd824-9508-47b7-9a26-a1da7d8cc554@group-FE99038DF347:LeaderElection42] INFO  impl.RaftServerImpl (RaftServerImpl.java:setRole(174)) - 165cd824-9508-47b7-9a26-a1da7d8cc554@group-FE99038DF347: changes role from CANDIDATE to FOLLOWER at term 6 for DISCOVERED_A_NEW_TERM
2019-09-24 18:12:21,437 [165cd824-9508-47b7-9a26-a1da7d8cc554@group-FE99038DF347:LeaderElection42] INFO  impl.RoleInfo (RoleInfo.java:shutdownLeaderElection(134)) - 165cd824-9508-47b7-9a26-a1da7d8cc554: shutdown LeaderElection
2019-09-24 18:12:21,437 [165cd824-9508-47b7-9a26-a1da7d8cc554@group-FE99038DF347:LeaderElection42] INFO  impl.RoleInfo (RoleInfo.java:updateAndGet(143)) - 165cd824-9508-47b7-9a26-a1da7d8cc554: start FollowerState
2019-09-24 18:12:21,438 [165cd824-9508-47b7-9a26-a1da7d8cc554@group-A95362D803F3:LeaderElection40] INFO  impl.LeaderElection (LeaderElection.java:logAndReturn(56)) - 165cd824-9508-47b7-9a26-a1da7d8cc554@group-A95362D803F3:LeaderElection40: Election REJECTED; received 2 response(s) [165cd824-9508-47b7-9a26-a1da7d8cc554<-74676e76-599c-4b85-957c-ba96e045280e#0:FAIL-t6, 165cd824-9508-47b7-9a26-a1da7d8cc554<-2c7c9e22-26ed-4416-8ebe-07cbe3ead7bd#0:FAIL-t6] and 0 exception(s); 165cd824-9508-47b7-9a26-a1da7d8cc554@group-A95362D803F3:t6, leader=null, voted=165cd824-9508-47b7-9a26-a1da7d8cc554, raftlog=165cd824-9508-47b7-9a26-a1da7d8cc554@group-A95362D803F3-SegmentedRaftLog:OPENED:c-1,f-1,i0, conf=-1: [165cd824-9508-47b7-9a26-a1da7d8cc554:192.168.5.148:41649, 74676e76-599c-4b85-957c-ba96e045280e:192.168.5.148:39518, 2c7c9e22-26ed-4416-8ebe-07cbe3ead7bd:192.168.5.148:40900], old=null
2019-09-24 18:12:21,438 [165cd824-9508-47b7-9a26-a1da7d8cc554@group-A95362D803F3:LeaderElection40] INFO  impl.RaftServerImpl (RaftServerImpl.java:setRole(174)) - 165cd824-9508-47b7-9a26-a1da7d8cc554@group-A95362D803F3: changes role from CANDIDATE to FOLLOWER at term 6 for DISCOVERED_A_NEW_TERM
2019-09-24 18:12:21,438 [165cd824-9508-47b7-9a26-a1da7d8cc554@group-A95362D803F3:LeaderElection40] INFO  impl.RoleInfo (RoleInfo.java:shutdownLeaderElection(134)) - 165cd824-9508-47b7-9a26-a1da7d8cc554: shutdown LeaderElection
2019-09-24 18:12:21,438 [165cd824-9508-47b7-9a26-a1da7d8cc554@group-A95362D803F3:LeaderElection40] INFO  impl.RoleInfo (RoleInfo.java:updateAndGet(143)) - 165cd824-9508-47b7-9a26-a1da7d8cc554: start FollowerState
2019-09-24 18:12:24,266 [main] INFO  ozone.MiniOzoneClusterImpl (MiniOzoneClusterImpl.java:shutdown(314)) - Shutting down the Mini Ozone Cluster
2019-09-24 18:12:24,268 [main] INFO  ozone.MiniOzoneClusterImpl (MiniOzoneClusterImpl.java:stop(330)) - Stopping the Mini Ozone Cluster
2019-09-24 18:12:24,269 [main] INFO  ozone.MiniOzoneClusterImpl (MiniOzoneClusterImpl.java:stopOM(400)) - Stopping the OzoneManager
2019-09-24 18:12:24,269 [main] INFO  ipc.Server (Server.java:stop(3082)) - Stopping server on 44119
2019-09-24 18:12:24,284 [IPC Server listener on 44119] INFO  ipc.Server (Server.java:run(1185)) - Stopping IPC Server listener on 44119
2019-09-24 18:12:24,289 [IPC Server Responder] INFO  ipc.Server (Server.java:run(1319)) - Stopping IPC Server Responder
2019-09-24 18:12:24,307 [main] INFO  impl.RaftServerProxy (RaftServerProxy.java:lambda$close$4(314)) - e2eadf6f-526c-4e33-ad15-efa03a41bdd1: close
2019-09-24 18:12:24,309 [main] INFO  impl.RaftServerImpl (RaftServerImpl.java:lambda$shutdown$3(251)) - e2eadf6f-526c-4e33-ad15-efa03a41bdd1@group-C5BA1605619E: shutdown
2019-09-24 18:12:24,310 [main] INFO  util.JmxRegister (JmxRegister.java:unregister(73)) - Successfully un-registered JMX Bean with object name Ratis:service=RaftServer,group=group-C5BA1605619E,id=e2eadf6f-526c-4e33-ad15-efa03a41bdd1
2019-09-24 18:12:24,310 [main] INFO  impl.RoleInfo (RoleInfo.java:shutdownLeaderState(104)) - e2eadf6f-526c-4e33-ad15-efa03a41bdd1: shutdown LeaderState
2019-09-24 18:12:24,311 [main] INFO  impl.PendingRequests (PendingRequests.java:sendNotLeaderResponses(202)) - e2eadf6f-526c-4e33-ad15-efa03a41bdd1-PendingRequests: sendNotLeaderResponses
2019-09-24 18:12:24,317 [main] INFO  impl.StateMachineUpdater (StateMachineUpdater.java:stopAndJoin(125)) - e2eadf6f-526c-4e33-ad15-efa03a41bdd1@group-C5BA1605619E-StateMachineUpdater: set stopIndex = 6
2019-09-24 18:12:24,317 [e2eadf6f-526c-4e33-ad15-efa03a41bdd1@group-C5BA1605619E-StateMachineUpdater] INFO  ratis.OzoneManagerStateMachine (OzoneManagerStateMachine.java:takeSnapshot(254)) - Saving Ratis snapshot on the OM.
2019-09-24 18:12:24,322 [e2eadf6f-526c-4e33-ad15-efa03a41bdd1@group-C5BA1605619E-StateMachineUpdater] INFO  ratis.OMRatisSnapshotInfo (OMRatisSnapshotInfo.java:saveRatisSnapshotToDisk(107)) - Saved Ratis Snapshot on the OM with snapshotIndex 5
2019-09-24 18:12:24,323 [e2eadf6f-526c-4e33-ad15-efa03a41bdd1@group-C5BA1605619E-StateMachineUpdater] INFO  impl.StateMachineUpdater (StateMachineUpdater.java:takeSnapshot(258)) - e2eadf6f-526c-4e33-ad15-efa03a41bdd1@group-C5BA1605619E-StateMachineUpdater: Took a snapshot at index 5
2019-09-24 18:12:24,324 [e2eadf6f-526c-4e33-ad15-efa03a41bdd1@group-C5BA1605619E-StateMachineUpdater] INFO  impl.StateMachineUpdater (StateMachineUpdater.java:lambda$new$0(83)) - e2eadf6f-526c-4e33-ad15-efa03a41bdd1@group-C5BA1605619E-StateMachineUpdater: snapshotIndex: updateIncreasingly -1 -> 5
2019-09-24 18:12:24,327 [e2eadf6f-526c-4e33-ad15-efa03a41bdd1@group-C5BA1605619E-StateMachineUpdater] INFO  ratis.OzoneManagerStateMachine (OzoneManagerStateMachine.java:takeSnapshot(254)) - Saving Ratis snapshot on the OM.
2019-09-24 18:12:24,327 [e2eadf6f-526c-4e33-ad15-efa03a41bdd1@group-C5BA1605619E-StateMachineUpdater] INFO  ratis.OMRatisSnapshotInfo (OMRatisSnapshotInfo.java:saveRatisSnapshotToDisk(107)) - Saved Ratis Snapshot on the OM with snapshotIndex 5
2019-09-24 18:12:24,328 [e2eadf6f-526c-4e33-ad15-efa03a41bdd1@group-C5BA1605619E-StateMachineUpdater] INFO  impl.StateMachineUpdater (StateMachineUpdater.java:takeSnapshot(258)) - e2eadf6f-526c-4e33-ad15-efa03a41bdd1@group-C5BA1605619E-StateMachineUpdater: Took a snapshot at index 5
2019-09-24 18:12:24,328 [e2eadf6f-526c-4e33-ad15-efa03a41bdd1@group-C5BA1605619E-StateMachineUpdater] INFO  impl.StateMachineUpdater (StateMachineUpdater.java:lambda$new$0(83)) - e2eadf6f-526c-4e33-ad15-efa03a41bdd1@group-C5BA1605619E-StateMachineUpdater: snapshotIndex: updateIncreasingly 5 -> 5
2019-09-24 18:12:24,328 [main] INFO  impl.RaftServerImpl (ServerState.java:close(385)) - e2eadf6f-526c-4e33-ad15-efa03a41bdd1@group-C5BA1605619E: closes. applyIndex: 6
2019-09-24 18:12:24,330 [e2eadf6f-526c-4e33-ad15-efa03a41bdd1@group-C5BA1605619E-SegmentedRaftLogWorker] INFO  segmented.SegmentedRaftLogWorker (SegmentedRaftLogWorker.java:run(313)) - e2eadf6f-526c-4e33-ad15-efa03a41bdd1@group-C5BA1605619E-SegmentedRaftLogWorker was interrupted, exiting. There are 0 tasks remaining in the queue.
2019-09-24 18:12:24,331 [main] INFO  segmented.SegmentedRaftLogWorker (SegmentedRaftLogWorker.java:close(228)) - e2eadf6f-526c-4e33-ad15-efa03a41bdd1@group-C5BA1605619E-SegmentedRaftLogWorker close()
2019-09-24 18:12:24,334 [main] INFO  server.GrpcService (GrpcService.java:closeImpl(164)) - e2eadf6f-526c-4e33-ad15-efa03a41bdd1: shutdown server with port 9872 now
2019-09-24 18:12:24,336 [main] INFO  server.GrpcService (GrpcService.java:closeImpl(172)) - e2eadf6f-526c-4e33-ad15-efa03a41bdd1: shutdown server with port 9872 successfully
2019-09-24 18:12:24,336 [main] INFO  ratis.OzoneManagerDoubleBuffer (OzoneManagerDoubleBuffer.java:stop(248)) - Stopping OMDoubleBuffer flush thread
2019-09-24 18:12:24,337 [OMDoubleBufferFlushThread] INFO  ratis.OzoneManagerDoubleBuffer (OzoneManagerDoubleBuffer.java:flushTransactions(191)) - OMDoubleBuffer flush thread OMDoubleBufferFlushThread is interrupted and will exit. OMDoubleBufferFlushThread
2019-09-24 18:12:24,339 [main] INFO  utils.BackgroundService (BackgroundService.java:shutdown(148)) - Shutting down service KeyDeletingService
2019-09-24 18:12:24,342 [main] INFO  handler.ContextHandler (ContextHandler.java:doStop(910)) - Stopped o.e.j.w.WebAppContext@6b8280e6{/,null,UNAVAILABLE}{/ozoneManager}
2019-09-24 18:12:24,347 [main] INFO  server.AbstractConnector (AbstractConnector.java:doStop(318)) - Stopped ServerConnector@6f139fc9{HTTP/1.1,[http/1.1]}{0.0.0.0:0}
2019-09-24 18:12:24,348 [main] INFO  handler.ContextHandler (ContextHandler.java:doStop(910)) - Stopped o.e.j.s.ServletContextHandler@f679798{/static,file:///workdir/hadoop-ozone/integration-test/target/test-classes/webapps/static,UNAVAILABLE}
2019-09-24 18:12:24,348 [main] INFO  handler.ContextHandler (ContextHandler.java:doStop(910)) - Stopped o.e.j.s.ServletContextHandler@2d82408{/logs,file:///workdir/hadoop-ozone/integration-test/target/log,UNAVAILABLE}
2019-09-24 18:12:24,352 [main] INFO  ozone.MiniOzoneClusterImpl (MiniOzoneClusterImpl.java:stopDatanodes(377)) - Stopping the HddsDatanodes
2019-09-24 18:12:24,598 [Datanode State Machine Thread - 0] INFO  statemachine.DatanodeStateMachine (DatanodeStateMachine.java:lambda$startDaemon$0(350)) - Ozone container server started.
2019-09-24 18:12:24,600 [Datanode State Machine Thread - 0] INFO  statemachine.DatanodeStateMachine (DatanodeStateMachine.java:lambda$startDaemon$0(350)) - Ozone container server started.
2019-09-24 18:12:26,447 [Thread-541] INFO  impl.FollowerState (FollowerState.java:run(106)) - 2c7c9e22-26ed-4416-8ebe-07cbe3ead7bd:group-A95362D803F3 changes to CANDIDATE, lastRpcTime:5010, electionTimeout:5010ms
2019-09-24 18:12:26,448 [Thread-541] INFO  impl.RoleInfo (RoleInfo.java:shutdownFollowerState(121)) - 2c7c9e22-26ed-4416-8ebe-07cbe3ead7bd: shutdown FollowerState
2019-09-24 18:12:26,448 [Thread-541] INFO  impl.RaftServerImpl (RaftServerImpl.java:setRole(174)) - 2c7c9e22-26ed-4416-8ebe-07cbe3ead7bd@group-A95362D803F3: changes role from  FOLLOWER to CANDIDATE at term 6 for changeToCandidate
2019-09-24 18:12:26,448 [Thread-541] INFO  impl.RoleInfo (RoleInfo.java:updateAndGet(143)) - 2c7c9e22-26ed-4416-8ebe-07cbe3ead7bd: start LeaderElection
2019-09-24 18:12:26,465 [Thread-540] INFO  impl.FollowerState (FollowerState.java:run(106)) - 2c7c9e22-26ed-4416-8ebe-07cbe3ead7bd:group-FE99038DF347 changes to CANDIDATE, lastRpcTime:5028, electionTimeout:5028ms
2019-09-24 18:12:26,465 [Thread-540] INFO  impl.RoleInfo (RoleInfo.java:shutdownFollowerState(121)) - 2c7c9e22-26ed-4416-8ebe-07cbe3ead7bd: shutdown FollowerState
2019-09-24 18:12:26,466 [Thread-540] INFO  impl.RaftServerImpl (RaftServerImpl.java:setRole(174)) - 2c7c9e22-26ed-4416-8ebe-07cbe3ead7bd@group-FE99038DF347: changes role from  FOLLOWER to CANDIDATE at term 6 for changeToCandidate
2019-09-24 18:12:26,466 [Thread-540] INFO  impl.RoleInfo (RoleInfo.java:updateAndGet(143)) - 2c7c9e22-26ed-4416-8ebe-07cbe3ead7bd: start LeaderElection
2019-09-24 18:12:26,486 [Thread-539] INFO  impl.FollowerState (FollowerState.java:run(106)) - 74676e76-599c-4b85-957c-ba96e045280e:group-A95362D803F3 changes to CANDIDATE, lastRpcTime:5057, electionTimeout:5049ms
2019-09-24 18:12:26,486 [Thread-539] INFO  impl.RoleInfo (RoleInfo.java:shutdownFollowerState(121)) - 74676e76-599c-4b85-957c-ba96e045280e: shutdown FollowerState
2019-09-24 18:12:26,486 [Thread-539] INFO  impl.RaftServerImpl (RaftServerImpl.java:setRole(174)) - 74676e76-599c-4b85-957c-ba96e045280e@group-A95362D803F3: changes role from  FOLLOWER to CANDIDATE at term 6 for changeToCandidate
2019-09-24 18:12:26,486 [Thread-539] INFO  impl.RoleInfo (RoleInfo.java:updateAndGet(143)) - 74676e76-599c-4b85-957c-ba96e045280e: start LeaderElection
2019-09-24 18:12:26,488 [Thread-538] INFO  impl.FollowerState (FollowerState.java:run(106)) - 74676e76-599c-4b85-957c-ba96e045280e:group-FE99038DF347 changes to CANDIDATE, lastRpcTime:5065, electionTimeout:5065ms
2019-09-24 18:12:26,488 [Thread-538] INFO  impl.RoleInfo (RoleInfo.java:shutdownFollowerState(121)) - 74676e76-599c-4b85-957c-ba96e045280e: shutdown FollowerState
2019-09-24 18:12:26,488 [Thread-538] INFO  impl.RaftServerImpl (RaftServerImpl.java:setRole(174)) - 74676e76-599c-4b85-957c-ba96e045280e@group-FE99038DF347: changes role from  FOLLOWER to CANDIDATE at term 6 for changeToCandidate
2019-09-24 18:12:26,489 [Thread-538] INFO  impl.RoleInfo (RoleInfo.java:updateAndGet(143)) - 74676e76-599c-4b85-957c-ba96e045280e: start LeaderElection
2019-09-24 18:12:26,526 [Thread-543] INFO  impl.FollowerState (FollowerState.java:run(106)) - 165cd824-9508-47b7-9a26-a1da7d8cc554:group-A95362D803F3 changes to CANDIDATE, lastRpcTime:5087, electionTimeout:5087ms
2019-09-24 18:12:26,526 [Thread-543] INFO  impl.RoleInfo (RoleInfo.java:shutdownFollowerState(121)) - 165cd824-9508-47b7-9a26-a1da7d8cc554: shutdown FollowerState
2019-09-24 18:12:26,526 [Thread-543] INFO  impl.RaftServerImpl (RaftServerImpl.java:setRole(174)) - 165cd824-9508-47b7-9a26-a1da7d8cc554@group-A95362D803F3: changes role from  FOLLOWER to CANDIDATE at term 6 for changeToCandidate
2019-09-24 18:12:26,527 [Thread-543] INFO  impl.RoleInfo (RoleInfo.java:updateAndGet(143)) - 165cd824-9508-47b7-9a26-a1da7d8cc554: start LeaderElection
2019-09-24 18:12:26,637 [Thread-542] INFO  impl.FollowerState (FollowerState.java:run(106)) - 165cd824-9508-47b7-9a26-a1da7d8cc554:group-FE99038DF347 changes to CANDIDATE, lastRpcTime:5199, electionTimeout:5199ms
2019-09-24 18:12:26,637 [Thread-542] INFO  impl.RoleInfo (RoleInfo.java:shutdownFollowerState(121)) - 165cd824-9508-47b7-9a26-a1da7d8cc554: shutdown FollowerState
2019-09-24 18:12:26,637 [Thread-542] INFO  impl.RaftServerImpl (RaftServerImpl.java:setRole(174)) - 165cd824-9508-47b7-9a26-a1da7d8cc554@group-FE99038DF347: changes role from  FOLLOWER to CANDIDATE at term 6 for changeToCandidate
2019-09-24 18:12:26,637 [Thread-542] INFO  impl.RoleInfo (RoleInfo.java:updateAndGet(143)) - 165cd824-9508-47b7-9a26-a1da7d8cc554: start LeaderElection
2019-09-24 18:12:26,779 [74676e76-599c-4b85-957c-ba96e045280e@group-FE99038DF347:LeaderElection48] INFO  impl.LeaderElection (LeaderElection.java:askForVotes(182)) - 74676e76-599c-4b85-957c-ba96e045280e@group-FE99038DF347:LeaderElection48: begin an election at term 7 for -1: [165cd824-9508-47b7-9a26-a1da7d8cc554:192.168.5.148:41649, 74676e76-599c-4b85-957c-ba96e045280e:192.168.5.148:39518, 2c7c9e22-26ed-4416-8ebe-07cbe3ead7bd:192.168.5.148:40900], old=null
2019-09-24 18:12:26,779 [74676e76-599c-4b85-957c-ba96e045280e@group-A95362D803F3:LeaderElection47] INFO  impl.LeaderElection (LeaderElection.java:askForVotes(182)) - 74676e76-599c-4b85-957c-ba96e045280e@group-A95362D803F3:LeaderElection47: begin an election at term 7 for -1: [165cd824-9508-47b7-9a26-a1da7d8cc554:192.168.5.148:41649, 74676e76-599c-4b85-957c-ba96e045280e:192.168.5.148:39518, 2c7c9e22-26ed-4416-8ebe-07cbe3ead7bd:192.168.5.148:40900], old=null
2019-09-24 18:12:26,779 [165cd824-9508-47b7-9a26-a1da7d8cc554@group-FE99038DF347:LeaderElection50] INFO  impl.LeaderElection (LeaderElection.java:askForVotes(182)) - 165cd824-9508-47b7-9a26-a1da7d8cc554@group-FE99038DF347:LeaderElection50: begin an election at term 7 for -1: [165cd824-9508-47b7-9a26-a1da7d8cc554:192.168.5.148:41649, 74676e76-599c-4b85-957c-ba96e045280e:192.168.5.148:39518, 2c7c9e22-26ed-4416-8ebe-07cbe3ead7bd:192.168.5.148:40900], old=null
2019-09-24 18:12:26,779 [2c7c9e22-26ed-4416-8ebe-07cbe3ead7bd@group-FE99038DF347:LeaderElection46] INFO  impl.LeaderElection (LeaderElection.java:askForVotes(182)) - 2c7c9e22-26ed-4416-8ebe-07cbe3ead7bd@group-FE99038DF347:LeaderElection46: begin an election at term 7 for -1: [165cd824-9508-47b7-9a26-a1da7d8cc554:192.168.5.148:41649, 74676e76-599c-4b85-957c-ba96e045280e:192.168.5.148:39518, 2c7c9e22-26ed-4416-8ebe-07cbe3ead7bd:192.168.5.148:40900], old=null
2019-09-24 18:12:26,779 [2c7c9e22-26ed-4416-8ebe-07cbe3ead7bd@group-A95362D803F3:LeaderElection45] INFO  impl.LeaderElection (LeaderElection.java:askForVotes(182)) - 2c7c9e22-26ed-4416-8ebe-07cbe3ead7bd@group-A95362D803F3:LeaderElection45: begin an election at term 7 for -1: [165cd824-9508-47b7-9a26-a1da7d8cc554:192.168.5.148:41649, 74676e76-599c-4b85-957c-ba96e045280e:192.168.5.148:39518, 2c7c9e22-26ed-4416-8ebe-07cbe3ead7bd:192.168.5.148:40900], old=null
2019-09-24 18:12:26,779 [165cd824-9508-47b7-9a26-a1da7d8cc554@group-A95362D803F3:LeaderElection49] INFO  impl.LeaderElection (LeaderElection.java:askForVotes(182)) - 165cd824-9508-47b7-9a26-a1da7d8cc554@group-A95362D803F3:LeaderElection49: begin an election at term 7 for -1: [165cd824-9508-47b7-9a26-a1da7d8cc554:192.168.5.148:41649, 74676e76-599c-4b85-957c-ba96e045280e:192.168.5.148:39518, 2c7c9e22-26ed-4416-8ebe-07cbe3ead7bd:192.168.5.148:40900], old=null
2019-09-24 18:12:26,795 [2c7c9e22-26ed-4416-8ebe-07cbe3ead7bd@group-FE99038DF347:LeaderElection46] INFO  impl.LeaderElection (LeaderElection.java:logAndReturn(56)) - 2c7c9e22-26ed-4416-8ebe-07cbe3ead7bd@group-FE99038DF347:LeaderElection46: Election REJECTED; received 2 response(s) [2c7c9e22-26ed-4416-8ebe-07cbe3ead7bd<-165cd824-9508-47b7-9a26-a1da7d8cc554#0:FAIL-t7, 2c7c9e22-26ed-4416-8ebe-07cbe3ead7bd<-74676e76-599c-4b85-957c-ba96e045280e#0:FAIL-t7] and 0 exception(s); 2c7c9e22-26ed-4416-8ebe-07cbe3ead7bd@group-FE99038DF347:t7, leader=null, voted=2c7c9e22-26ed-4416-8ebe-07cbe3ead7bd, raftlog=2c7c9e22-26ed-4416-8ebe-07cbe3ead7bd@group-FE99038DF347-SegmentedRaftLog:OPENED:c-1,f-1,i0, conf=-1: [165cd824-9508-47b7-9a26-a1da7d8cc554:192.168.5.148:41649, 74676e76-599c-4b85-957c-ba96e045280e:192.168.5.148:39518, 2c7c9e22-26ed-4416-8ebe-07cbe3ead7bd:192.168.5.148:40900], old=null
2019-09-24 18:12:26,796 [2c7c9e22-26ed-4416-8ebe-07cbe3ead7bd@group-FE99038DF347:LeaderElection46] INFO  impl.RaftServerImpl (RaftServerImpl.java:setRole(174)) - 2c7c9e22-26ed-4416-8ebe-07cbe3ead7bd@group-FE99038DF347: changes role from CANDIDATE to FOLLOWER at term 7 for DISCOVERED_A_NEW_TERM
2019-09-24 18:12:26,796 [165cd824-9508-47b7-9a26-a1da7d8cc554@group-A95362D803F3:LeaderElection49] INFO  impl.LeaderElection (LeaderElection.java:logAndReturn(56)) - 165cd824-9508-47b7-9a26-a1da7d8cc554@group-A95362D803F3:LeaderElection49: Election REJECTED; received 2 response(s) [165cd824-9508-47b7-9a26-a1da7d8cc554<-74676e76-599c-4b85-957c-ba96e045280e#0:FAIL-t7, 165cd824-9508-47b7-9a26-a1da7d8cc554<-2c7c9e22-26ed-4416-8ebe-07cbe3ead7bd#0:FAIL-t7] and 0 exception(s); 165cd824-9508-47b7-9a26-a1da7d8cc554@group-A95362D803F3:t7, leader=null, voted=165cd824-9508-47b7-9a26-a1da7d8cc554, raftlog=165cd824-9508-47b7-9a26-a1da7d8cc554@group-A95362D803F3-SegmentedRaftLog:OPENED:c-1,f-1,i0, conf=-1: [165cd824-9508-47b7-9a26-a1da7d8cc554:192.168.5.148:41649, 74676e76-599c-4b85-957c-ba96e045280e:192.168.5.148:39518, 2c7c9e22-26ed-4416-8ebe-07cbe3ead7bd:192.168.5.148:40900], old=null
2019-09-24 18:12:26,796 [2c7c9e22-26ed-4416-8ebe-07cbe3ead7bd@group-FE99038DF347:LeaderElection46] INFO  impl.RoleInfo (RoleInfo.java:shutdownLeaderElection(134)) - 2c7c9e22-26ed-4416-8ebe-07cbe3ead7bd: shutdown LeaderElection
2019-09-24 18:12:26,796 [165cd824-9508-47b7-9a26-a1da7d8cc554@group-A95362D803F3:LeaderElection49] INFO  impl.RaftServerImpl (RaftServerImpl.java:setRole(174)) - 165cd824-9508-47b7-9a26-a1da7d8cc554@group-A95362D803F3: changes role from CANDIDATE to FOLLOWER at term 7 for DISCOVERED_A_NEW_TERM
2019-09-24 18:12:26,797 [74676e76-599c-4b85-957c-ba96e045280e@group-FE99038DF347:LeaderElection48] INFO  impl.LeaderElection (LeaderElection.java:logAndReturn(56)) - 74676e76-599c-4b85-957c-ba96e045280e@group-FE99038DF347:LeaderElection48: Election REJECTED; received 2 response(s) [74676e76-599c-4b85-957c-ba96e045280e<-165cd824-9508-47b7-9a26-a1da7d8cc554#0:FAIL-t7, 74676e76-599c-4b85-957c-ba96e045280e<-2c7c9e22-26ed-4416-8ebe-07cbe3ead7bd#0:FAIL-t7] and 0 exception(s); 74676e76-599c-4b85-957c-ba96e045280e@group-FE99038DF347:t7, leader=null, voted=74676e76-599c-4b85-957c-ba96e045280e, raftlog=74676e76-599c-4b85-957c-ba96e045280e@group-FE99038DF347-SegmentedRaftLog:OPENED:c-1,f-1,i0, conf=-1: [165cd824-9508-47b7-9a26-a1da7d8cc554:192.168.5.148:41649, 74676e76-599c-4b85-957c-ba96e045280e:192.168.5.148:39518, 2c7c9e22-26ed-4416-8ebe-07cbe3ead7bd:192.168.5.148:40900], old=null
2019-09-24 18:12:26,797 [2c7c9e22-26ed-4416-8ebe-07cbe3ead7bd@group-FE99038DF347:LeaderElection46] INFO  impl.RoleInfo (RoleInfo.java:updateAndGet(143)) - 2c7c9e22-26ed-4416-8ebe-07cbe3ead7bd: start FollowerState
2019-09-24 18:12:26,796 [2c7c9e22-26ed-4416-8ebe-07cbe3ead7bd@group-A95362D803F3:LeaderElection45] INFO  impl.LeaderElection (LeaderElection.java:logAndReturn(56)) - 2c7c9e22-26ed-4416-8ebe-07cbe3ead7bd@group-A95362D803F3:LeaderElection45: Election REJECTED; received 2 response(s) [2c7c9e22-26ed-4416-8ebe-07cbe3ead7bd<-165cd824-9508-47b7-9a26-a1da7d8cc554#0:FAIL-t7, 2c7c9e22-26ed-4416-8ebe-07cbe3ead7bd<-74676e76-599c-4b85-957c-ba96e045280e#0:FAIL-t7] and 0 exception(s); 2c7c9e22-26ed-4416-8ebe-07cbe3ead7bd@group-A95362D803F3:t7, leader=null, voted=2c7c9e22-26ed-4416-8ebe-07cbe3ead7bd, raftlog=2c7c9e22-26ed-4416-8ebe-07cbe3ead7bd@group-A95362D803F3-SegmentedRaftLog:OPENED:c-1,f-1,i0, conf=-1: [165cd824-9508-47b7-9a26-a1da7d8cc554:192.168.5.148:41649, 74676e76-599c-4b85-957c-ba96e045280e:192.168.5.148:39518, 2c7c9e22-26ed-4416-8ebe-07cbe3ead7bd:192.168.5.148:40900], old=null
2019-09-24 18:12:26,797 [74676e76-599c-4b85-957c-ba96e045280e@group-FE99038DF347:LeaderElection48] INFO  impl.RaftServerImpl (RaftServerImpl.java:setRole(174)) - 74676e76-599c-4b85-957c-ba96e045280e@group-FE99038DF347: changes role from CANDIDATE to FOLLOWER at term 7 for DISCOVERED_A_NEW_TERM
2019-09-24 18:12:26,797 [165cd824-9508-47b7-9a26-a1da7d8cc554@group-A95362D803F3:LeaderElection49] INFO  impl.RoleInfo (RoleInfo.java:shutdownLeaderElection(134)) - 165cd824-9508-47b7-9a26-a1da7d8cc554: shutdown LeaderElection
2019-09-24 18:12:26,798 [74676e76-599c-4b85-957c-ba96e045280e@group-FE99038DF347:LeaderElection48] INFO  impl.RoleInfo (RoleInfo.java:shutdownLeaderElection(134)) - 74676e76-599c-4b85-957c-ba96e045280e: shutdown LeaderElection
2019-09-24 18:12:26,797 [2c7c9e22-26ed-4416-8ebe-07cbe3ead7bd@group-A95362D803F3:LeaderElection45] INFO  impl.RaftServerImpl (RaftServerImpl.java:setRole(174)) - 2c7c9e22-26ed-4416-8ebe-07cbe3ead7bd@group-A95362D803F3: changes role from CANDIDATE to FOLLOWER at term 7 for DISCOVERED_A_NEW_TERM
2019-09-24 18:12:26,798 [74676e76-599c-4b85-957c-ba96e045280e@group-FE99038DF347:LeaderElection48] INFO  impl.RoleInfo (RoleInfo.java:updateAndGet(143)) - 74676e76-599c-4b85-957c-ba96e045280e: start FollowerState
2019-09-24 18:12:26,798 [165cd824-9508-47b7-9a26-a1da7d8cc554@group-A95362D803F3:LeaderElection49] INFO  impl.RoleInfo (RoleInfo.java:updateAndGet(143)) - 165cd824-9508-47b7-9a26-a1da7d8cc554: start FollowerState
2019-09-24 18:12:26,798 [74676e76-599c-4b85-957c-ba96e045280e@group-A95362D803F3:LeaderElection47] INFO  impl.LeaderElection (LeaderElection.java:logAndReturn(56)) - 74676e76-599c-4b85-957c-ba96e045280e@group-A95362D803F3:LeaderElection47: Election REJECTED; received 2 response(s) [74676e76-599c-4b85-957c-ba96e045280e<-165cd824-9508-47b7-9a26-a1da7d8cc554#0:FAIL-t7, 74676e76-599c-4b85-957c-ba96e045280e<-2c7c9e22-26ed-4416-8ebe-07cbe3ead7bd#0:FAIL-t7] and 0 exception(s); 74676e76-599c-4b85-957c-ba96e045280e@group-A95362D803F3:t7, leader=null, voted=74676e76-599c-4b85-957c-ba96e045280e, raftlog=74676e76-599c-4b85-957c-ba96e045280e@group-A95362D803F3-SegmentedRaftLog:OPENED:c-1,f-1,i0, conf=-1: [165cd824-9508-47b7-9a26-a1da7d8cc554:192.168.5.148:41649, 74676e76-599c-4b85-957c-ba96e045280e:192.168.5.148:39518, 2c7c9e22-26ed-4416-8ebe-07cbe3ead7bd:192.168.5.148:40900], old=null
2019-09-24 18:12:26,798 [165cd824-9508-47b7-9a26-a1da7d8cc554@group-FE99038DF347:LeaderElection50] INFO  impl.LeaderElection (LeaderElection.java:logAndReturn(56)) - 165cd824-9508-47b7-9a26-a1da7d8cc554@group-FE99038DF347:LeaderElection50: Election REJECTED; received 2 response(s) [165cd824-9508-47b7-9a26-a1da7d8cc554<-74676e76-599c-4b85-957c-ba96e045280e#0:FAIL-t7, 165cd824-9508-47b7-9a26-a1da7d8cc554<-2c7c9e22-26ed-4416-8ebe-07cbe3ead7bd#0:FAIL-t7] and 0 exception(s); 165cd824-9508-47b7-9a26-a1da7d8cc554@group-FE99038DF347:t7, leader=null, voted=165cd824-9508-47b7-9a26-a1da7d8cc554, raftlog=165cd824-9508-47b7-9a26-a1da7d8cc554@group-FE99038DF347-SegmentedRaftLog:OPENED:c-1,f-1,i0, conf=-1: [165cd824-9508-47b7-9a26-a1da7d8cc554:192.168.5.148:41649, 74676e76-599c-4b85-957c-ba96e045280e:192.168.5.148:39518, 2c7c9e22-26ed-4416-8ebe-07cbe3ead7bd:192.168.5.148:40900], old=null
2019-09-24 18:12:26,798 [2c7c9e22-26ed-4416-8ebe-07cbe3ead7bd@group-A95362D803F3:LeaderElection45] INFO  impl.RoleInfo (RoleInfo.java:shutdownLeaderElection(134)) - 2c7c9e22-26ed-4416-8ebe-07cbe3ead7bd: shutdown LeaderElection
2019-09-24 18:12:26,799 [165cd824-9508-47b7-9a26-a1da7d8cc554@group-FE99038DF347:LeaderElection50] INFO  impl.RaftServerImpl (RaftServerImpl.java:setRole(174)) - 165cd824-9508-47b7-9a26-a1da7d8cc554@group-FE99038DF347: changes role from CANDIDATE to FOLLOWER at term 7 for DISCOVERED_A_NEW_TERM
2019-09-24 18:12:26,799 [74676e76-599c-4b85-957c-ba96e045280e@group-A95362D803F3:LeaderElection47] INFO  impl.RaftServerImpl (RaftServerImpl.java:setRole(174)) - 74676e76-599c-4b85-957c-ba96e045280e@group-A95362D803F3: changes role from CANDIDATE to FOLLOWER at term 7 for DISCOVERED_A_NEW_TERM
2019-09-24 18:12:26,800 [165cd824-9508-47b7-9a26-a1da7d8cc554@group-FE99038DF347:LeaderElection50] INFO  impl.RoleInfo (RoleInfo.java:shutdownLeaderElection(134)) - 165cd824-9508-47b7-9a26-a1da7d8cc554: shutdown LeaderElection
2019-09-24 18:12:26,799 [2c7c9e22-26ed-4416-8ebe-07cbe3ead7bd@group-A95362D803F3:LeaderElection45] INFO  impl.RoleInfo (RoleInfo.java:updateAndGet(143)) - 2c7c9e22-26ed-4416-8ebe-07cbe3ead7bd: start FollowerState
2019-09-24 18:12:26,800 [165cd824-9508-47b7-9a26-a1da7d8cc554@group-FE99038DF347:LeaderElection50] INFO  impl.RoleInfo (RoleInfo.java:updateAndGet(143)) - 165cd824-9508-47b7-9a26-a1da7d8cc554: start FollowerState
2019-09-24 18:12:26,800 [74676e76-599c-4b85-957c-ba96e045280e@group-A95362D803F3:LeaderElection47] INFO  impl.RoleInfo (RoleInfo.java:shutdownLeaderElection(134)) - 74676e76-599c-4b85-957c-ba96e045280e: shutdown LeaderElection
2019-09-24 18:12:26,801 [74676e76-599c-4b85-957c-ba96e045280e@group-A95362D803F3:LeaderElection47] INFO  impl.RoleInfo (RoleInfo.java:updateAndGet(143)) - 74676e76-599c-4b85-957c-ba96e045280e: start FollowerState
2019-09-24 18:12:29,356 [ForkJoinPool.commonPool-worker-0] INFO  ozoneimpl.OzoneContainer (OzoneContainer.java:stop(231)) - Attempting to stop container services.
2019-09-24 18:12:29,356 [main] INFO  ozoneimpl.OzoneContainer (OzoneContainer.java:stop(231)) - Attempting to stop container services.
2019-09-24 18:12:29,357 [ForkJoinPool.commonPool-worker-0] INFO  impl.RaftServerProxy (RaftServerProxy.java:lambda$close$4(314)) - 2c7c9e22-26ed-4416-8ebe-07cbe3ead7bd: close
2019-09-24 18:12:29,358 [main] INFO  impl.RaftServerProxy (RaftServerProxy.java:lambda$close$4(314)) - 74676e76-599c-4b85-957c-ba96e045280e: close
2019-09-24 18:12:29,358 [ForkJoinPool.commonPool-worker-0] INFO  impl.RaftServerImpl (RaftServerImpl.java:lambda$shutdown$3(251)) - 2c7c9e22-26ed-4416-8ebe-07cbe3ead7bd@group-A95362D803F3: shutdown
2019-09-24 18:12:29,358 [main] INFO  impl.RaftServerImpl (RaftServerImpl.java:lambda$shutdown$3(251)) - 74676e76-599c-4b85-957c-ba96e045280e@group-A95362D803F3: shutdown
2019-09-24 18:12:29,359 [ForkJoinPool.commonPool-worker-0] INFO  util.JmxRegister (JmxRegister.java:unregister(73)) - Successfully un-registered JMX Bean with object name Ratis:service=RaftServer,group=group-A95362D803F3,id=2c7c9e22-26ed-4416-8ebe-07cbe3ead7bd
2019-09-24 18:12:29,359 [main] INFO  util.JmxRegister (JmxRegister.java:unregister(73)) - Successfully un-registered JMX Bean with object name Ratis:service=RaftServer,group=group-A95362D803F3,id=74676e76-599c-4b85-957c-ba96e045280e
2019-09-24 18:12:29,359 [ForkJoinPool.commonPool-worker-0] INFO  impl.RoleInfo (RoleInfo.java:shutdownFollowerState(121)) - 2c7c9e22-26ed-4416-8ebe-07cbe3ead7bd: shutdown FollowerState
2019-09-24 18:12:29,360 [main] INFO  impl.RoleInfo (RoleInfo.java:shutdownFollowerState(121)) - 74676e76-599c-4b85-957c-ba96e045280e: shutdown FollowerState
2019-09-24 18:12:29,360 [Thread-580] INFO  impl.FollowerState (FollowerState.java:run(115)) - 2c7c9e22-26ed-4416-8ebe-07cbe3ead7bd: FollowerState was interrupted: java.lang.InterruptedException: sleep interrupted
2019-09-24 18:12:29,361 [Thread-582] INFO  impl.FollowerState (FollowerState.java:run(115)) - 74676e76-599c-4b85-957c-ba96e045280e: FollowerState was interrupted: java.lang.InterruptedException: sleep interrupted
2019-09-24 18:12:29,360 [ForkJoinPool.commonPool-worker-0] INFO  impl.StateMachineUpdater (StateMachineUpdater.java:stopAndJoin(125)) - 2c7c9e22-26ed-4416-8ebe-07cbe3ead7bd@group-A95362D803F3-StateMachineUpdater: set stopIndex = -1
2019-09-24 18:12:29,361 [main] INFO  impl.StateMachineUpdater (StateMachineUpdater.java:stopAndJoin(125)) - 74676e76-599c-4b85-957c-ba96e045280e@group-A95362D803F3-StateMachineUpdater: set stopIndex = -1
2019-09-24 18:12:29,366 [main] INFO  impl.RaftServerImpl (ServerState.java:close(385)) - 74676e76-599c-4b85-957c-ba96e045280e@group-A95362D803F3: closes. applyIndex: -1
2019-09-24 18:12:29,365 [ForkJoinPool.commonPool-worker-0] INFO  impl.RaftServerImpl (ServerState.java:close(385)) - 2c7c9e22-26ed-4416-8ebe-07cbe3ead7bd@group-A95362D803F3: closes. applyIndex: -1
2019-09-24 18:12:29,366 [74676e76-599c-4b85-957c-ba96e045280e@group-A95362D803F3-SegmentedRaftLogWorker] INFO  segmented.SegmentedRaftLogWorker (SegmentedRaftLogWorker.java:run(313)) - 74676e76-599c-4b85-957c-ba96e045280e@group-A95362D803F3-SegmentedRaftLogWorker was interrupted, exiting. There are 0 tasks remaining in the queue.
2019-09-24 18:12:29,367 [main] INFO  segmented.SegmentedRaftLogWorker (SegmentedRaftLogWorker.java:close(228)) - 74676e76-599c-4b85-957c-ba96e045280e@group-A95362D803F3-SegmentedRaftLogWorker close()
2019-09-24 18:12:29,367 [2c7c9e22-26ed-4416-8ebe-07cbe3ead7bd@group-A95362D803F3-SegmentedRaftLogWorker] INFO  segmented.SegmentedRaftLogWorker (SegmentedRaftLogWorker.java:run(313)) - 2c7c9e22-26ed-4416-8ebe-07cbe3ead7bd@group-A95362D803F3-SegmentedRaftLogWorker was interrupted, exiting. There are 0 tasks remaining in the queue.
2019-09-24 18:12:29,370 [ForkJoinPool.commonPool-worker-0] INFO  segmented.SegmentedRaftLogWorker (SegmentedRaftLogWorker.java:close(228)) - 2c7c9e22-26ed-4416-8ebe-07cbe3ead7bd@group-A95362D803F3-SegmentedRaftLogWorker close()
2019-09-24 18:12:29,370 [main] INFO  impl.RaftServerImpl (RaftServerImpl.java:lambda$shutdown$3(251)) - 74676e76-599c-4b85-957c-ba96e045280e@group-B0D874B032BF: shutdown
2019-09-24 18:12:29,373 [ForkJoinPool.commonPool-worker-0] INFO  impl.RaftServerImpl (RaftServerImpl.java:lambda$shutdown$3(251)) - 2c7c9e22-26ed-4416-8ebe-07cbe3ead7bd@group-48AF6D67CAE4: shutdown
2019-09-24 18:12:29,373 [main] INFO  util.JmxRegister (JmxRegister.java:unregister(73)) - Successfully un-registered JMX Bean with object name Ratis:service=RaftServer,group=group-B0D874B032BF,id=74676e76-599c-4b85-957c-ba96e045280e
2019-09-24 18:12:29,374 [ForkJoinPool.commonPool-worker-0] INFO  util.JmxRegister (JmxRegister.java:unregister(73)) - Successfully un-registered JMX Bean with object name Ratis:service=RaftServer,group=group-48AF6D67CAE4,id=2c7c9e22-26ed-4416-8ebe-07cbe3ead7bd
2019-09-24 18:12:29,374 [main] INFO  impl.RoleInfo (RoleInfo.java:shutdownLeaderState(104)) - 74676e76-599c-4b85-957c-ba96e045280e: shutdown LeaderState
2019-09-24 18:12:29,374 [ForkJoinPool.commonPool-worker-0] INFO  impl.RoleInfo (RoleInfo.java:shutdownLeaderState(104)) - 2c7c9e22-26ed-4416-8ebe-07cbe3ead7bd: shutdown LeaderState
2019-09-24 18:12:29,375 [main] INFO  impl.PendingRequests (PendingRequests.java:sendNotLeaderResponses(202)) - 74676e76-599c-4b85-957c-ba96e045280e-PendingRequests: sendNotLeaderResponses
2019-09-24 18:12:29,375 [ForkJoinPool.commonPool-worker-0] INFO  impl.PendingRequests (PendingRequests.java:sendNotLeaderResponses(202)) - 2c7c9e22-26ed-4416-8ebe-07cbe3ead7bd-PendingRequests: sendNotLeaderResponses
2019-09-24 18:12:29,377 [main] INFO  impl.StateMachineUpdater (StateMachineUpdater.java:stopAndJoin(125)) - 74676e76-599c-4b85-957c-ba96e045280e@group-B0D874B032BF-StateMachineUpdater: set stopIndex = 0
2019-09-24 18:12:29,377 [ForkJoinPool.commonPool-worker-0] INFO  impl.StateMachineUpdater (StateMachineUpdater.java:stopAndJoin(125)) - 2c7c9e22-26ed-4416-8ebe-07cbe3ead7bd@group-48AF6D67CAE4-StateMachineUpdater: set stopIndex = 0
2019-09-24 18:12:29,378 [main] INFO  impl.RaftServerImpl (ServerState.java:close(385)) - 74676e76-599c-4b85-957c-ba96e045280e@group-B0D874B032BF: closes. applyIndex: 0
2019-09-24 18:12:29,378 [ForkJoinPool.commonPool-worker-0] INFO  impl.RaftServerImpl (ServerState.java:close(385)) - 2c7c9e22-26ed-4416-8ebe-07cbe3ead7bd@group-48AF6D67CAE4: closes. applyIndex: 0
2019-09-24 18:12:29,379 [74676e76-599c-4b85-957c-ba96e045280e@group-B0D874B032BF-SegmentedRaftLogWorker] INFO  segmented.SegmentedRaftLogWorker (SegmentedRaftLogWorker.java:run(313)) - 74676e76-599c-4b85-957c-ba96e045280e@group-B0D874B032BF-SegmentedRaftLogWorker was interrupted, exiting. There are 0 tasks remaining in the queue.
2019-09-24 18:12:29,379 [2c7c9e22-26ed-4416-8ebe-07cbe3ead7bd@group-48AF6D67CAE4-SegmentedRaftLogWorker] INFO  segmented.SegmentedRaftLogWorker (SegmentedRaftLogWorker.java:run(313)) - 2c7c9e22-26ed-4416-8ebe-07cbe3ead7bd@group-48AF6D67CAE4-SegmentedRaftLogWorker was interrupted, exiting. There are 0 tasks remaining in the queue.
2019-09-24 18:12:29,381 [main] INFO  segmented.SegmentedRaftLogWorker (SegmentedRaftLogWorker.java:close(228)) - 74676e76-599c-4b85-957c-ba96e045280e@group-B0D874B032BF-SegmentedRaftLogWorker close()
2019-09-24 18:12:29,382 [ForkJoinPool.commonPool-worker-0] INFO  segmented.SegmentedRaftLogWorker (SegmentedRaftLogWorker.java:close(228)) - 2c7c9e22-26ed-4416-8ebe-07cbe3ead7bd@group-48AF6D67CAE4-SegmentedRaftLogWorker close()
2019-09-24 18:12:29,385 [main] INFO  impl.RaftServerImpl (RaftServerImpl.java:lambda$shutdown$3(251)) - 74676e76-599c-4b85-957c-ba96e045280e@group-F0FF8E4ABA79: shutdown
2019-09-24 18:12:29,387 [ForkJoinPool.commonPool-worker-0] INFO  impl.RaftServerImpl (RaftServerImpl.java:lambda$shutdown$3(251)) - 2c7c9e22-26ed-4416-8ebe-07cbe3ead7bd@group-F0FF8E4ABA79: shutdown
2019-09-24 18:12:29,388 [main] INFO  util.JmxRegister (JmxRegister.java:unregister(73)) - Successfully un-registered JMX Bean with object name Ratis:service=RaftServer,group=group-F0FF8E4ABA79,id=74676e76-599c-4b85-957c-ba96e045280e
2019-09-24 18:12:29,388 [ForkJoinPool.commonPool-worker-0] INFO  util.JmxRegister (JmxRegister.java:unregister(73)) - Successfully un-registered JMX Bean with object name Ratis:service=RaftServer,group=group-F0FF8E4ABA79,id=2c7c9e22-26ed-4416-8ebe-07cbe3ead7bd
2019-09-24 18:12:29,388 [main] INFO  impl.RoleInfo (RoleInfo.java:shutdownFollowerState(121)) - 74676e76-599c-4b85-957c-ba96e045280e: shutdown FollowerState
2019-09-24 18:12:29,389 [ForkJoinPool.commonPool-worker-0] INFO  impl.RoleInfo (RoleInfo.java:shutdownLeaderState(104)) - 2c7c9e22-26ed-4416-8ebe-07cbe3ead7bd: shutdown LeaderState
2019-09-24 18:12:29,389 [Thread-310] INFO  impl.FollowerState (FollowerState.java:run(115)) - 74676e76-599c-4b85-957c-ba96e045280e: FollowerState was interrupted: java.lang.InterruptedException: sleep interrupted
2019-09-24 18:12:29,392 [ForkJoinPool.commonPool-worker-0] INFO  impl.PendingRequests (PendingRequests.java:sendNotLeaderResponses(202)) - 2c7c9e22-26ed-4416-8ebe-07cbe3ead7bd-PendingRequests: sendNotLeaderResponses
2019-09-24 18:12:29,389 [main] INFO  impl.StateMachineUpdater (StateMachineUpdater.java:stopAndJoin(125)) - 74676e76-599c-4b85-957c-ba96e045280e@group-F0FF8E4ABA79-StateMachineUpdater: set stopIndex = 0
2019-09-24 18:12:29,393 [main] INFO  impl.RaftServerImpl (ServerState.java:close(385)) - 74676e76-599c-4b85-957c-ba96e045280e@group-F0FF8E4ABA79: closes. applyIndex: 0
2019-09-24 18:12:29,393 [ForkJoinPool.commonPool-worker-0] INFO  impl.StateMachineUpdater (StateMachineUpdater.java:stopAndJoin(125)) - 2c7c9e22-26ed-4416-8ebe-07cbe3ead7bd@group-F0FF8E4ABA79-StateMachineUpdater: set stopIndex = 0
2019-09-24 18:12:29,392 [org.apache.ratis.server.impl.LogAppender$AppenderDaemon$$Lambda$518/2038484959@64705efc] WARN  server.GrpcLogAppender (GrpcLogAppender.java:mayWait(143)) - 2c7c9e22-26ed-4416-8ebe-07cbe3ead7bd@group-F0FF8E4ABA79->165cd824-9508-47b7-9a26-a1da7d8cc554-GrpcLogAppender: Wait interrupted by java.lang.InterruptedException
2019-09-24 18:12:29,392 [org.apache.ratis.server.impl.LogAppender$AppenderDaemon$$Lambda$518/2038484959@573e99b9] WARN  server.GrpcLogAppender (GrpcLogAppender.java:mayWait(143)) - 2c7c9e22-26ed-4416-8ebe-07cbe3ead7bd@group-F0FF8E4ABA79->74676e76-599c-4b85-957c-ba96e045280e-GrpcLogAppender: Wait interrupted by java.lang.InterruptedException
2019-09-24 18:12:29,394 [ForkJoinPool.commonPool-worker-0] INFO  impl.RaftServerImpl (ServerState.java:close(385)) - 2c7c9e22-26ed-4416-8ebe-07cbe3ead7bd@group-F0FF8E4ABA79: closes. applyIndex: 0
2019-09-24 18:12:29,394 [74676e76-599c-4b85-957c-ba96e045280e@group-F0FF8E4ABA79-SegmentedRaftLogWorker] INFO  segmented.SegmentedRaftLogWorker (SegmentedRaftLogWorker.java:run(313)) - 74676e76-599c-4b85-957c-ba96e045280e@group-F0FF8E4ABA79-SegmentedRaftLogWorker was interrupted, exiting. There are 0 tasks remaining in the queue.
2019-09-24 18:12:29,395 [2c7c9e22-26ed-4416-8ebe-07cbe3ead7bd@group-F0FF8E4ABA79-SegmentedRaftLogWorker] INFO  segmented.SegmentedRaftLogWorker (SegmentedRaftLogWorker.java:run(313)) - 2c7c9e22-26ed-4416-8ebe-07cbe3ead7bd@group-F0FF8E4ABA79-SegmentedRaftLogWorker was interrupted, exiting. There are 0 tasks remaining in the queue.
2019-09-24 18:12:29,396 [main] INFO  segmented.SegmentedRaftLogWorker (SegmentedRaftLogWorker.java:close(228)) - 74676e76-599c-4b85-957c-ba96e045280e@group-F0FF8E4ABA79-SegmentedRaftLogWorker close()
2019-09-24 18:12:29,397 [ForkJoinPool.commonPool-worker-0] INFO  segmented.SegmentedRaftLogWorker (SegmentedRaftLogWorker.java:close(228)) - 2c7c9e22-26ed-4416-8ebe-07cbe3ead7bd@group-F0FF8E4ABA79-SegmentedRaftLogWorker close()
2019-09-24 18:12:29,400 [main] INFO  impl.RaftServerImpl (RaftServerImpl.java:lambda$shutdown$3(251)) - 74676e76-599c-4b85-957c-ba96e045280e@group-FE99038DF347: shutdown
2019-09-24 18:12:29,402 [ForkJoinPool.commonPool-worker-0] INFO  impl.RaftServerImpl (RaftServerImpl.java:lambda$shutdown$3(251)) - 2c7c9e22-26ed-4416-8ebe-07cbe3ead7bd@group-FE99038DF347: shutdown
2019-09-24 18:12:29,403 [main] INFO  util.JmxRegister (JmxRegister.java:unregister(73)) - Successfully un-registered JMX Bean with object name Ratis:service=RaftServer,group=group-FE99038DF347,id=74676e76-599c-4b85-957c-ba96e045280e
2019-09-24 18:12:29,404 [grpc-default-executor-4] INFO  server.GrpcServerProtocolService (GrpcServerProtocolService.java:onCompleted(113)) - 74676e76-599c-4b85-957c-ba96e045280e: Completed APPEND_ENTRIES, lastRequest: 2c7c9e22-26ed-4416-8ebe-07cbe3ead7bd->74676e76-599c-4b85-957c-ba96e045280e#17-t2, previous=(t:2, i:0), leaderCommit=0, initializing? false, entries: <empty>
2019-09-24 18:12:29,404 [grpc-default-executor-1] INFO  server.GrpcServerProtocolService (GrpcServerProtocolService.java:onCompleted(113)) - 165cd824-9508-47b7-9a26-a1da7d8cc554: Completed APPEND_ENTRIES, lastRequest: 2c7c9e22-26ed-4416-8ebe-07cbe3ead7bd->165cd824-9508-47b7-9a26-a1da7d8cc554#17-t2, previous=(t:2, i:0), leaderCommit=0, initializing? false, entries: <empty>
2019-09-24 18:12:29,403 [ForkJoinPool.commonPool-worker-0] INFO  util.JmxRegister (JmxRegister.java:unregister(73)) - Successfully un-registered JMX Bean with object name Ratis:service=RaftServer,group=group-FE99038DF347,id=2c7c9e22-26ed-4416-8ebe-07cbe3ead7bd
2019-09-24 18:12:29,405 [main] INFO  impl.RoleInfo (RoleInfo.java:shutdownFollowerState(121)) - 74676e76-599c-4b85-957c-ba96e045280e: shutdown FollowerState
2019-09-24 18:12:29,406 [grpc-default-executor-4] INFO  server.GrpcLogAppender (GrpcLogAppender.java:onCompleted(293)) - 2c7c9e22-26ed-4416-8ebe-07cbe3ead7bd@group-F0FF8E4ABA79->165cd824-9508-47b7-9a26-a1da7d8cc554-AppendLogResponseHandler: follower responses appendEntries COMPLETED
2019-09-24 18:12:29,406 [grpc-default-executor-1] INFO  server.GrpcLogAppender (GrpcLogAppender.java:onCompleted(293)) - 2c7c9e22-26ed-4416-8ebe-07cbe3ead7bd@group-F0FF8E4ABA79->74676e76-599c-4b85-957c-ba96e045280e-AppendLogResponseHandler: follower responses appendEntries COMPLETED
2019-09-24 18:12:29,406 [ForkJoinPool.commonPool-worker-0] INFO  impl.RoleInfo (RoleInfo.java:shutdownFollowerState(121)) - 2c7c9e22-26ed-4416-8ebe-07cbe3ead7bd: shutdown FollowerState
2019-09-24 18:12:29,406 [Thread-579] INFO  impl.FollowerState (FollowerState.java:run(115)) - 74676e76-599c-4b85-957c-ba96e045280e: FollowerState was interrupted: java.lang.InterruptedException: sleep interrupted
2019-09-24 18:12:29,407 [Thread-577] INFO  impl.FollowerState (FollowerState.java:run(115)) - 2c7c9e22-26ed-4416-8ebe-07cbe3ead7bd: FollowerState was interrupted: java.lang.InterruptedException: sleep interrupted
2019-09-24 18:12:29,406 [main] INFO  impl.StateMachineUpdater (StateMachineUpdater.java:stopAndJoin(125)) - 74676e76-599c-4b85-957c-ba96e045280e@group-FE99038DF347-StateMachineUpdater: set stopIndex = -1
2019-09-24 18:12:29,407 [ForkJoinPool.commonPool-worker-0] INFO  impl.StateMachineUpdater (StateMachineUpdater.java:stopAndJoin(125)) - 2c7c9e22-26ed-4416-8ebe-07cbe3ead7bd@group-FE99038DF347-StateMachineUpdater: set stopIndex = -1
2019-09-24 18:12:29,411 [grpc-default-executor-4] INFO  impl.FollowerInfo (FollowerInfo.java:lambda$new$0(51)) - 2c7c9e22-26ed-4416-8ebe-07cbe3ead7bd@group-F0FF8E4ABA79->165cd824-9508-47b7-9a26-a1da7d8cc554: nextIndex: updateUnconditionally 1 -> 0
2019-09-24 18:12:29,411 [grpc-default-executor-1] INFO  impl.FollowerInfo (FollowerInfo.java:lambda$new$0(51)) - 2c7c9e22-26ed-4416-8ebe-07cbe3ead7bd@group-F0FF8E4ABA79->74676e76-599c-4b85-957c-ba96e045280e: nextIndex: updateUnconditionally 1 -> 0
2019-09-24 18:12:29,411 [main] INFO  impl.RaftServerImpl (ServerState.java:close(385)) - 74676e76-599c-4b85-957c-ba96e045280e@group-FE99038DF347: closes. applyIndex: -1
2019-09-24 18:12:29,412 [ForkJoinPool.commonPool-worker-0] INFO  impl.RaftServerImpl (ServerState.java:close(385)) - 2c7c9e22-26ed-4416-8ebe-07cbe3ead7bd@group-FE99038DF347: closes. applyIndex: -1
2019-09-24 18:12:29,414 [74676e76-599c-4b85-957c-ba96e045280e@group-FE99038DF347-SegmentedRaftLogWorker] INFO  segmented.SegmentedRaftLogWorker (SegmentedRaftLogWorker.java:run(313)) - 74676e76-599c-4b85-957c-ba96e045280e@group-FE99038DF347-SegmentedRaftLogWorker was interrupted, exiting. There are 0 tasks remaining in the queue.
2019-09-24 18:12:29,414 [2c7c9e22-26ed-4416-8ebe-07cbe3ead7bd@group-FE99038DF347-SegmentedRaftLogWorker] INFO  segmented.SegmentedRaftLogWorker (SegmentedRaftLogWorker.java:run(313)) - 2c7c9e22-26ed-4416-8ebe-07cbe3ead7bd@group-FE99038DF347-SegmentedRaftLogWorker was interrupted, exiting. There are 0 tasks remaining in the queue.
2019-09-24 18:12:29,414 [main] INFO  segmented.SegmentedRaftLogWorker (SegmentedRaftLogWorker.java:close(228)) - 74676e76-599c-4b85-957c-ba96e045280e@group-FE99038DF347-SegmentedRaftLogWorker close()
2019-09-24 18:12:29,414 [ForkJoinPool.commonPool-worker-0] INFO  segmented.SegmentedRaftLogWorker (SegmentedRaftLogWorker.java:close(228)) - 2c7c9e22-26ed-4416-8ebe-07cbe3ead7bd@group-FE99038DF347-SegmentedRaftLogWorker close()
2019-09-24 18:12:29,417 [main] INFO  server.GrpcService (GrpcService.java:closeImpl(164)) - 74676e76-599c-4b85-957c-ba96e045280e: shutdown server with port 39518 now
2019-09-24 18:12:29,420 [ForkJoinPool.commonPool-worker-0] INFO  server.GrpcService (GrpcService.java:closeImpl(164)) - 2c7c9e22-26ed-4416-8ebe-07cbe3ead7bd: shutdown server with port 40900 now
2019-09-24 18:12:29,421 [ForkJoinPool.commonPool-worker-0] INFO  server.GrpcService (GrpcService.java:closeImpl(172)) - 2c7c9e22-26ed-4416-8ebe-07cbe3ead7bd: shutdown server with port 40900 successfully
2019-09-24 18:12:29,421 [main] INFO  server.GrpcService (GrpcService.java:closeImpl(172)) - 74676e76-599c-4b85-957c-ba96e045280e: shutdown server with port 39518 successfully
2019-09-24 18:12:29,433 [refreshUsed-/workdir/hadoop-ozone/integration-test/target/test-dir/MiniOzoneClusterImpl-42bba134-5a67-4562-bb40-e54cb25fe1f1/datanode-2/data/containers] WARN  fs.CachingGetSpaceUsed (CachingGetSpaceUsed.java:run(183)) - Thread Interrupted waiting to refresh disk information: sleep interrupted
2019-09-24 18:12:29,436 [refreshUsed-/workdir/hadoop-ozone/integration-test/target/test-dir/MiniOzoneClusterImpl-42bba134-5a67-4562-bb40-e54cb25fe1f1/datanode-1/data/containers] WARN  fs.CachingGetSpaceUsed (CachingGetSpaceUsed.java:run(183)) - Thread Interrupted waiting to refresh disk information: sleep interrupted
2019-09-24 18:12:29,457 [main] INFO  utils.BackgroundService (BackgroundService.java:shutdown(148)) - Shutting down service BlockDeletingService
2019-09-24 18:12:29,461 [main] INFO  statemachine.DatanodeStateMachine (DatanodeStateMachine.java:stopDaemon(395)) - Ozone container server stopped.
2019-09-24 18:12:29,462 [main] INFO  handler.ContextHandler (ContextHandler.java:doStop(910)) - Stopped o.e.j.w.WebAppContext@2a8a4e0c{/,null,UNAVAILABLE}{/hddsDatanode}
2019-09-24 18:12:29,463 [ForkJoinPool.commonPool-worker-0] INFO  utils.BackgroundService (BackgroundService.java:shutdown(148)) - Shutting down service BlockDeletingService
2019-09-24 18:12:29,467 [ForkJoinPool.commonPool-worker-0] INFO  statemachine.DatanodeStateMachine (DatanodeStateMachine.java:stopDaemon(395)) - Ozone container server stopped.
2019-09-24 18:12:29,467 [main] INFO  server.AbstractConnector (AbstractConnector.java:doStop(318)) - Stopped ServerConnector@26c89563{HTTP/1.1,[http/1.1]}{0.0.0.0:0}
2019-09-24 18:12:29,469 [main] INFO  handler.ContextHandler (ContextHandler.java:doStop(910)) - Stopped o.e.j.s.ServletContextHandler@73d60e76{/static,jar:file:/home/user/.m2/repository/org/apache/hadoop/hadoop-hdds-container-service/0.5.0-SNAPSHOT/hadoop-hdds-container-service-0.5.0-SNAPSHOT.jar!/webapps/static,UNAVAILABLE}
2019-09-24 18:12:29,469 [main] INFO  handler.ContextHandler (ContextHandler.java:doStop(910)) - Stopped o.e.j.s.ServletContextHandler@69923ac3{/logs,file:///workdir/hadoop-ozone/integration-test/target/log,UNAVAILABLE}
2019-09-24 18:12:29,471 [ForkJoinPool.commonPool-worker-0] INFO  handler.ContextHandler (ContextHandler.java:doStop(910)) - Stopped o.e.j.w.WebAppContext@440e3ce6{/,null,UNAVAILABLE}{/hddsDatanode}
2019-09-24 18:12:29,472 [ForkJoinPool.commonPool-worker-0] INFO  server.AbstractConnector (AbstractConnector.java:doStop(318)) - Stopped ServerConnector@3e67f5f2{HTTP/1.1,[http/1.1]}{0.0.0.0:0}
2019-09-24 18:12:29,473 [ForkJoinPool.commonPool-worker-0] INFO  handler.ContextHandler (ContextHandler.java:doStop(910)) - Stopped o.e.j.s.ServletContextHandler@ed91d8d{/static,jar:file:/home/user/.m2/repository/org/apache/hadoop/hadoop-hdds-container-service/0.5.0-SNAPSHOT/hadoop-hdds-container-service-0.5.0-SNAPSHOT.jar!/webapps/static,UNAVAILABLE}
2019-09-24 18:12:29,474 [ForkJoinPool.commonPool-worker-0] INFO  handler.ContextHandler (ContextHandler.java:doStop(910)) - Stopped o.e.j.s.ServletContextHandler@59bbe88a{/logs,file:///workdir/hadoop-ozone/integration-test/target/log,UNAVAILABLE}
2019-09-24 18:12:29,608 [Datanode State Machine Thread - 0] INFO  statemachine.DatanodeStateMachine (DatanodeStateMachine.java:lambda$startDaemon$0(350)) - Ozone container server started.
2019-09-24 18:12:29,670 [Datanode State Machine Thread - 0] INFO  statemachine.DatanodeStateMachine (DatanodeStateMachine.java:lambda$startDaemon$0(350)) - Ozone container server started.
2019-09-24 18:12:31,889 [Thread-578] INFO  impl.FollowerState (FollowerState.java:run(106)) - 165cd824-9508-47b7-9a26-a1da7d8cc554:group-A95362D803F3 changes to CANDIDATE, lastRpcTime:5090, electionTimeout:5089ms
2019-09-24 18:12:31,889 [Thread-578] INFO  impl.RoleInfo (RoleInfo.java:shutdownFollowerState(121)) - 165cd824-9508-47b7-9a26-a1da7d8cc554: shutdown FollowerState
2019-09-24 18:12:31,889 [Thread-578] INFO  impl.RaftServerImpl (RaftServerImpl.java:setRole(174)) - 165cd824-9508-47b7-9a26-a1da7d8cc554@group-A95362D803F3: changes role from  FOLLOWER to CANDIDATE at term 7 for changeToCandidate
2019-09-24 18:12:31,889 [Thread-578] INFO  impl.RoleInfo (RoleInfo.java:updateAndGet(143)) - 165cd824-9508-47b7-9a26-a1da7d8cc554: start LeaderElection
2019-09-24 18:12:31,900 [Thread-581] INFO  impl.FollowerState (FollowerState.java:run(106)) - 165cd824-9508-47b7-9a26-a1da7d8cc554:group-FE99038DF347 changes to CANDIDATE, lastRpcTime:5099, electionTimeout:5099ms
2019-09-24 18:12:31,900 [Thread-581] INFO  impl.RoleInfo (RoleInfo.java:shutdownFollowerState(121)) - 165cd824-9508-47b7-9a26-a1da7d8cc554: shutdown FollowerState
2019-09-24 18:12:31,900 [Thread-581] INFO  impl.RaftServerImpl (RaftServerImpl.java:setRole(174)) - 165cd824-9508-47b7-9a26-a1da7d8cc554@group-FE99038DF347: changes role from  FOLLOWER to CANDIDATE at term 7 for changeToCandidate
2019-09-24 18:12:31,900 [Thread-581] INFO  impl.RoleInfo (RoleInfo.java:updateAndGet(143)) - 165cd824-9508-47b7-9a26-a1da7d8cc554: start LeaderElection
2019-09-24 18:12:32,252 [165cd824-9508-47b7-9a26-a1da7d8cc554@group-A95362D803F3:LeaderElection51] INFO  impl.LeaderElection (LeaderElection.java:askForVotes(182)) - 165cd824-9508-47b7-9a26-a1da7d8cc554@group-A95362D803F3:LeaderElection51: begin an election at term 8 for -1: [165cd824-9508-47b7-9a26-a1da7d8cc554:192.168.5.148:41649, 74676e76-599c-4b85-957c-ba96e045280e:192.168.5.148:39518, 2c7c9e22-26ed-4416-8ebe-07cbe3ead7bd:192.168.5.148:40900], old=null
2019-09-24 18:12:32,252 [165cd824-9508-47b7-9a26-a1da7d8cc554@group-FE99038DF347:LeaderElection52] INFO  impl.LeaderElection (LeaderElection.java:askForVotes(182)) - 165cd824-9508-47b7-9a26-a1da7d8cc554@group-FE99038DF347:LeaderElection52: begin an election at term 8 for -1: [165cd824-9508-47b7-9a26-a1da7d8cc554:192.168.5.148:41649, 74676e76-599c-4b85-957c-ba96e045280e:192.168.5.148:39518, 2c7c9e22-26ed-4416-8ebe-07cbe3ead7bd:192.168.5.148:40900], old=null
2019-09-24 18:12:32,255 [165cd824-9508-47b7-9a26-a1da7d8cc554@group-A95362D803F3:LeaderElection51] INFO  impl.LeaderElection (LogUtils.java:infoOrTrace(149)) - 165cd824-9508-47b7-9a26-a1da7d8cc554@group-A95362D803F3:LeaderElection51 got exception when requesting votes: {}
java.util.concurrent.ExecutionException: org.apache.ratis.thirdparty.io.grpc.StatusRuntimeException: UNAVAILABLE: io exception
	at java.util.concurrent.FutureTask.report(FutureTask.java:122)
	at java.util.concurrent.FutureTask.get(FutureTask.java:192)
	at org.apache.ratis.server.impl.LeaderElection.waitForResults(LeaderElection.java:263)
	at org.apache.ratis.server.impl.LeaderElection.askForVotes(LeaderElection.java:201)
	at org.apache.ratis.server.impl.LeaderElection.run(LeaderElection.java:133)
	at java.lang.Thread.run(Thread.java:748)
Caused by: org.apache.ratis.thirdparty.io.grpc.StatusRuntimeException: UNAVAILABLE: io exception
	at org.apache.ratis.thirdparty.io.grpc.stub.ClientCalls.toStatusRuntimeException(ClientCalls.java:233)
	at org.apache.ratis.thirdparty.io.grpc.stub.ClientCalls.getUnchecked(ClientCalls.java:214)
	at org.apache.ratis.thirdparty.io.grpc.stub.ClientCalls.blockingUnaryCall(ClientCalls.java:139)
	at org.apache.ratis.proto.grpc.RaftServerProtocolServiceGrpc$RaftServerProtocolServiceBlockingStub.requestVote(RaftServerProtocolServiceGrpc.java:265)
	at org.apache.ratis.grpc.server.GrpcServerProtocolClient.requestVote(GrpcServerProtocolClient.java:90)
	at org.apache.ratis.grpc.server.GrpcService.requestVote(GrpcService.java:204)
	at org.apache.ratis.server.impl.LeaderElection.lambda$submitRequests$1(LeaderElection.java:238)
	at java.util.concurrent.FutureTask.run(FutureTask.java:266)
	at java.util.concurrent.Executors$RunnableAdapter.call(Executors.java:511)
	at java.util.concurrent.FutureTask.run(FutureTask.java:266)
	at java.util.concurrent.ThreadPoolExecutor.runWorker(ThreadPoolExecutor.java:1149)
	at java.util.concurrent.ThreadPoolExecutor$Worker.run(ThreadPoolExecutor.java:624)
	... 1 more
Caused by: org.apache.ratis.thirdparty.io.netty.channel.AbstractChannel$AnnotatedConnectException: Connection refused: /192.168.5.148:39518
	at sun.nio.ch.SocketChannelImpl.checkConnect(Native Method)
	at sun.nio.ch.SocketChannelImpl.finishConnect(SocketChannelImpl.java:717)
	at org.apache.ratis.thirdparty.io.netty.channel.socket.nio.NioSocketChannel.doFinishConnect(NioSocketChannel.java:327)
	at org.apache.ratis.thirdparty.io.netty.channel.nio.AbstractNioChannel$AbstractNioUnsafe.finishConnect(AbstractNioChannel.java:340)
	at org.apache.ratis.thirdparty.io.netty.channel.nio.NioEventLoop.processSelectedKey(NioEventLoop.java:632)
	at org.apache.ratis.thirdparty.io.netty.channel.nio.NioEventLoop.processSelectedKeysOptimized(NioEventLoop.java:579)
	at org.apache.ratis.thirdparty.io.netty.channel.nio.NioEventLoop.processSelectedKeys(NioEventLoop.java:496)
	at org.apache.ratis.thirdparty.io.netty.channel.nio.NioEventLoop.run(NioEventLoop.java:458)
	at org.apache.ratis.thirdparty.io.netty.util.concurrent.SingleThreadEventExecutor$5.run(SingleThreadEventExecutor.java:897)
	at org.apache.ratis.thirdparty.io.netty.util.concurrent.FastThreadLocalRunnable.run(FastThreadLocalRunnable.java:30)
	... 1 more
Caused by: java.net.ConnectException: Connection refused
	... 11 more
2019-09-24 18:12:32,255 [165cd824-9508-47b7-9a26-a1da7d8cc554@group-FE99038DF347:LeaderElection52] INFO  impl.LeaderElection (LogUtils.java:infoOrTrace(149)) - 165cd824-9508-47b7-9a26-a1da7d8cc554@group-FE99038DF347:LeaderElection52 got exception when requesting votes: {}
java.util.concurrent.ExecutionException: org.apache.ratis.thirdparty.io.grpc.StatusRuntimeException: UNAVAILABLE: io exception
	at java.util.concurrent.FutureTask.report(FutureTask.java:122)
	at java.util.concurrent.FutureTask.get(FutureTask.java:192)
	at org.apache.ratis.server.impl.LeaderElection.waitForResults(LeaderElection.java:263)
	at org.apache.ratis.server.impl.LeaderElection.askForVotes(LeaderElection.java:201)
	at org.apache.ratis.server.impl.LeaderElection.run(LeaderElection.java:133)
	at java.lang.Thread.run(Thread.java:748)
Caused by: org.apache.ratis.thirdparty.io.grpc.StatusRuntimeException: UNAVAILABLE: io exception
	at org.apache.ratis.thirdparty.io.grpc.stub.ClientCalls.toStatusRuntimeException(ClientCalls.java:233)
	at org.apache.ratis.thirdparty.io.grpc.stub.ClientCalls.getUnchecked(ClientCalls.java:214)
	at org.apache.ratis.thirdparty.io.grpc.stub.ClientCalls.blockingUnaryCall(ClientCalls.java:139)
	at org.apache.ratis.proto.grpc.RaftServerProtocolServiceGrpc$RaftServerProtocolServiceBlockingStub.requestVote(RaftServerProtocolServiceGrpc.java:265)
	at org.apache.ratis.grpc.server.GrpcServerProtocolClient.requestVote(GrpcServerProtocolClient.java:90)
	at org.apache.ratis.grpc.server.GrpcService.requestVote(GrpcService.java:204)
	at org.apache.ratis.server.impl.LeaderElection.lambda$submitRequests$1(LeaderElection.java:238)
	at java.util.concurrent.FutureTask.run(FutureTask.java:266)
	at java.util.concurrent.Executors$RunnableAdapter.call(Executors.java:511)
	at java.util.concurrent.FutureTask.run(FutureTask.java:266)
	at java.util.concurrent.ThreadPoolExecutor.runWorker(ThreadPoolExecutor.java:1149)
	at java.util.concurrent.ThreadPoolExecutor$Worker.run(ThreadPoolExecutor.java:624)
	... 1 more
Caused by: org.apache.ratis.thirdparty.io.netty.channel.AbstractChannel$AnnotatedConnectException: Connection refused: /192.168.5.148:39518
	at sun.nio.ch.SocketChannelImpl.checkConnect(Native Method)
	at sun.nio.ch.SocketChannelImpl.finishConnect(SocketChannelImpl.java:717)
	at org.apache.ratis.thirdparty.io.netty.channel.socket.nio.NioSocketChannel.doFinishConnect(NioSocketChannel.java:327)
	at org.apache.ratis.thirdparty.io.netty.channel.nio.AbstractNioChannel$AbstractNioUnsafe.finishConnect(AbstractNioChannel.java:340)
	at org.apache.ratis.thirdparty.io.netty.channel.nio.NioEventLoop.processSelectedKey(NioEventLoop.java:632)
	at org.apache.ratis.thirdparty.io.netty.channel.nio.NioEventLoop.processSelectedKeysOptimized(NioEventLoop.java:579)
	at org.apache.ratis.thirdparty.io.netty.channel.nio.NioEventLoop.processSelectedKeys(NioEventLoop.java:496)
	at org.apache.ratis.thirdparty.io.netty.channel.nio.NioEventLoop.run(NioEventLoop.java:458)
	at org.apache.ratis.thirdparty.io.netty.util.concurrent.SingleThreadEventExecutor$5.run(SingleThreadEventExecutor.java:897)
	at org.apache.ratis.thirdparty.io.netty.util.concurrent.FastThreadLocalRunnable.run(FastThreadLocalRunnable.java:30)
	... 1 more
Caused by: java.net.ConnectException: Connection refused
	... 11 more
2019-09-24 18:12:32,258 [165cd824-9508-47b7-9a26-a1da7d8cc554@group-A95362D803F3:LeaderElection51] INFO  impl.LeaderElection (LogUtils.java:infoOrTrace(149)) - 165cd824-9508-47b7-9a26-a1da7d8cc554@group-A95362D803F3:LeaderElection51 got exception when requesting votes: {}
java.util.concurrent.ExecutionException: org.apache.ratis.thirdparty.io.grpc.StatusRuntimeException: UNAVAILABLE: io exception
	at java.util.concurrent.FutureTask.report(FutureTask.java:122)
	at java.util.concurrent.FutureTask.get(FutureTask.java:192)
	at org.apache.ratis.server.impl.LeaderElection.waitForResults(LeaderElection.java:263)
	at org.apache.ratis.server.impl.LeaderElection.askForVotes(LeaderElection.java:201)
	at org.apache.ratis.server.impl.LeaderElection.run(LeaderElection.java:133)
	at java.lang.Thread.run(Thread.java:748)
Caused by: org.apache.ratis.thirdparty.io.grpc.StatusRuntimeException: UNAVAILABLE: io exception
	at org.apache.ratis.thirdparty.io.grpc.stub.ClientCalls.toStatusRuntimeException(ClientCalls.java:233)
	at org.apache.ratis.thirdparty.io.grpc.stub.ClientCalls.getUnchecked(ClientCalls.java:214)
	at org.apache.ratis.thirdparty.io.grpc.stub.ClientCalls.blockingUnaryCall(ClientCalls.java:139)
	at org.apache.ratis.proto.grpc.RaftServerProtocolServiceGrpc$RaftServerProtocolServiceBlockingStub.requestVote(RaftServerProtocolServiceGrpc.java:265)
	at org.apache.ratis.grpc.server.GrpcServerProtocolClient.requestVote(GrpcServerProtocolClient.java:90)
	at org.apache.ratis.grpc.server.GrpcService.requestVote(GrpcService.java:204)
	at org.apache.ratis.server.impl.LeaderElection.lambda$submitRequests$1(LeaderElection.java:238)
	at java.util.concurrent.FutureTask.run(FutureTask.java:266)
	at java.util.concurrent.Executors$RunnableAdapter.call(Executors.java:511)
	at java.util.concurrent.FutureTask.run(FutureTask.java:266)
	at java.util.concurrent.ThreadPoolExecutor.runWorker(ThreadPoolExecutor.java:1149)
	at java.util.concurrent.ThreadPoolExecutor$Worker.run(ThreadPoolExecutor.java:624)
	... 1 more
Caused by: org.apache.ratis.thirdparty.io.netty.channel.AbstractChannel$AnnotatedConnectException: Connection refused: /192.168.5.148:40900
	at sun.nio.ch.SocketChannelImpl.checkConnect(Native Method)
	at sun.nio.ch.SocketChannelImpl.finishConnect(SocketChannelImpl.java:717)
	at org.apache.ratis.thirdparty.io.netty.channel.socket.nio.NioSocketChannel.doFinishConnect(NioSocketChannel.java:327)
	at org.apache.ratis.thirdparty.io.netty.channel.nio.AbstractNioChannel$AbstractNioUnsafe.finishConnect(AbstractNioChannel.java:340)
	at org.apache.ratis.thirdparty.io.netty.channel.nio.NioEventLoop.processSelectedKey(NioEventLoop.java:632)
	at org.apache.ratis.thirdparty.io.netty.channel.nio.NioEventLoop.processSelectedKeysOptimized(NioEventLoop.java:579)
	at org.apache.ratis.thirdparty.io.netty.channel.nio.NioEventLoop.processSelectedKeys(NioEventLoop.java:496)
	at org.apache.ratis.thirdparty.io.netty.channel.nio.NioEventLoop.run(NioEventLoop.java:458)
	at org.apache.ratis.thirdparty.io.netty.util.concurrent.SingleThreadEventExecutor$5.run(SingleThreadEventExecutor.java:897)
	at org.apache.ratis.thirdparty.io.netty.util.concurrent.FastThreadLocalRunnable.run(FastThreadLocalRunnable.java:30)
	... 1 more
Caused by: java.net.ConnectException: Connection refused
	... 11 more
2019-09-24 18:12:32,260 [165cd824-9508-47b7-9a26-a1da7d8cc554@group-FE99038DF347:LeaderElection52] INFO  impl.LeaderElection (LogUtils.java:infoOrTrace(149)) - 165cd824-9508-47b7-9a26-a1da7d8cc554@group-FE99038DF347:LeaderElection52 got exception when requesting votes: {}
java.util.concurrent.ExecutionException: org.apache.ratis.thirdparty.io.grpc.StatusRuntimeException: UNAVAILABLE: io exception
	at java.util.concurrent.FutureTask.report(FutureTask.java:122)
	at java.util.concurrent.FutureTask.get(FutureTask.java:192)
	at org.apache.ratis.server.impl.LeaderElection.waitForResults(LeaderElection.java:263)
	at org.apache.ratis.server.impl.LeaderElection.askForVotes(LeaderElection.java:201)
	at org.apache.ratis.server.impl.LeaderElection.run(LeaderElection.java:133)
	at java.lang.Thread.run(Thread.java:748)
Caused by: org.apache.ratis.thirdparty.io.grpc.StatusRuntimeException: UNAVAILABLE: io exception
	at org.apache.ratis.thirdparty.io.grpc.stub.ClientCalls.toStatusRuntimeException(ClientCalls.java:233)
	at org.apache.ratis.thirdparty.io.grpc.stub.ClientCalls.getUnchecked(ClientCalls.java:214)
	at org.apache.ratis.thirdparty.io.grpc.stub.ClientCalls.blockingUnaryCall(ClientCalls.java:139)
	at org.apache.ratis.proto.grpc.RaftServerProtocolServiceGrpc$RaftServerProtocolServiceBlockingStub.requestVote(RaftServerProtocolServiceGrpc.java:265)
	at org.apache.ratis.grpc.server.GrpcServerProtocolClient.requestVote(GrpcServerProtocolClient.java:90)
	at org.apache.ratis.grpc.server.GrpcService.requestVote(GrpcService.java:204)
	at org.apache.ratis.server.impl.LeaderElection.lambda$submitRequests$1(LeaderElection.java:238)
	at java.util.concurrent.FutureTask.run(FutureTask.java:266)
	at java.util.concurrent.Executors$RunnableAdapter.call(Executors.java:511)
	at java.util.concurrent.FutureTask.run(FutureTask.java:266)
	at java.util.concurrent.ThreadPoolExecutor.runWorker(ThreadPoolExecutor.java:1149)
	at java.util.concurrent.ThreadPoolExecutor$Worker.run(ThreadPoolExecutor.java:624)
	... 1 more
Caused by: org.apache.ratis.thirdparty.io.netty.channel.AbstractChannel$AnnotatedConnectException: Connection refused: /192.168.5.148:40900
	at sun.nio.ch.SocketChannelImpl.checkConnect(Native Method)
	at sun.nio.ch.SocketChannelImpl.finishConnect(SocketChannelImpl.java:717)
	at org.apache.ratis.thirdparty.io.netty.channel.socket.nio.NioSocketChannel.doFinishConnect(NioSocketChannel.java:327)
	at org.apache.ratis.thirdparty.io.netty.channel.nio.AbstractNioChannel$AbstractNioUnsafe.finishConnect(AbstractNioChannel.java:340)
	at org.apache.ratis.thirdparty.io.netty.channel.nio.NioEventLoop.processSelectedKey(NioEventLoop.java:632)
	at org.apache.ratis.thirdparty.io.netty.channel.nio.NioEventLoop.processSelectedKeysOptimized(NioEventLoop.java:579)
	at org.apache.ratis.thirdparty.io.netty.channel.nio.NioEventLoop.processSelectedKeys(NioEventLoop.java:496)
	at org.apache.ratis.thirdparty.io.netty.channel.nio.NioEventLoop.run(NioEventLoop.java:458)
	at org.apache.ratis.thirdparty.io.netty.util.concurrent.SingleThreadEventExecutor$5.run(SingleThreadEventExecutor.java:897)
	at org.apache.ratis.thirdparty.io.netty.util.concurrent.FastThreadLocalRunnable.run(FastThreadLocalRunnable.java:30)
	... 1 more
Caused by: java.net.ConnectException: Connection refused
	... 11 more
2019-09-24 18:12:32,262 [165cd824-9508-47b7-9a26-a1da7d8cc554@group-A95362D803F3:LeaderElection51] INFO  impl.LeaderElection (LeaderElection.java:logAndReturn(56)) - 165cd824-9508-47b7-9a26-a1da7d8cc554@group-A95362D803F3:LeaderElection51: Election REJECTED; received 0 response(s) [] and 2 exception(s); 165cd824-9508-47b7-9a26-a1da7d8cc554@group-A95362D803F3:t8, leader=null, voted=165cd824-9508-47b7-9a26-a1da7d8cc554, raftlog=165cd824-9508-47b7-9a26-a1da7d8cc554@group-A95362D803F3-SegmentedRaftLog:OPENED:c-1,f-1,i0, conf=-1: [165cd824-9508-47b7-9a26-a1da7d8cc554:192.168.5.148:41649, 74676e76-599c-4b85-957c-ba96e045280e:192.168.5.148:39518, 2c7c9e22-26ed-4416-8ebe-07cbe3ead7bd:192.168.5.148:40900], old=null
2019-09-24 18:12:32,264 [165cd824-9508-47b7-9a26-a1da7d8cc554@group-FE99038DF347:LeaderElection52] INFO  impl.LeaderElection (LeaderElection.java:logAndReturn(56)) - 165cd824-9508-47b7-9a26-a1da7d8cc554@group-FE99038DF347:LeaderElection52: Election REJECTED; received 0 response(s) [] and 2 exception(s); 165cd824-9508-47b7-9a26-a1da7d8cc554@group-FE99038DF347:t8, leader=null, voted=165cd824-9508-47b7-9a26-a1da7d8cc554, raftlog=165cd824-9508-47b7-9a26-a1da7d8cc554@group-FE99038DF347-SegmentedRaftLog:OPENED:c-1,f-1,i0, conf=-1: [165cd824-9508-47b7-9a26-a1da7d8cc554:192.168.5.148:41649, 74676e76-599c-4b85-957c-ba96e045280e:192.168.5.148:39518, 2c7c9e22-26ed-4416-8ebe-07cbe3ead7bd:192.168.5.148:40900], old=null
2019-09-24 18:12:32,264 [165cd824-9508-47b7-9a26-a1da7d8cc554@group-A95362D803F3:LeaderElection51] INFO  impl.LeaderElection (LogUtils.java:infoOrTrace(149)) -   Exception 0: {}
java.util.concurrent.ExecutionException: org.apache.ratis.thirdparty.io.grpc.StatusRuntimeException: UNAVAILABLE: io exception
	at java.util.concurrent.FutureTask.report(FutureTask.java:122)
	at java.util.concurrent.FutureTask.get(FutureTask.java:192)
	at org.apache.ratis.server.impl.LeaderElection.waitForResults(LeaderElection.java:263)
	at org.apache.ratis.server.impl.LeaderElection.askForVotes(LeaderElection.java:201)
	at org.apache.ratis.server.impl.LeaderElection.run(LeaderElection.java:133)
	at java.lang.Thread.run(Thread.java:748)
Caused by: org.apache.ratis.thirdparty.io.grpc.StatusRuntimeException: UNAVAILABLE: io exception
	at org.apache.ratis.thirdparty.io.grpc.stub.ClientCalls.toStatusRuntimeException(ClientCalls.java:233)
	at org.apache.ratis.thirdparty.io.grpc.stub.ClientCalls.getUnchecked(ClientCalls.java:214)
	at org.apache.ratis.thirdparty.io.grpc.stub.ClientCalls.blockingUnaryCall(ClientCalls.java:139)
	at org.apache.ratis.proto.grpc.RaftServerProtocolServiceGrpc$RaftServerProtocolServiceBlockingStub.requestVote(RaftServerProtocolServiceGrpc.java:265)
	at org.apache.ratis.grpc.server.GrpcServerProtocolClient.requestVote(GrpcServerProtocolClient.java:90)
	at org.apache.ratis.grpc.server.GrpcService.requestVote(GrpcService.java:204)
	at org.apache.ratis.server.impl.LeaderElection.lambda$submitRequests$1(LeaderElection.java:238)
	at java.util.concurrent.FutureTask.run(FutureTask.java:266)
	at java.util.concurrent.Executors$RunnableAdapter.call(Executors.java:511)
	at java.util.concurrent.FutureTask.run(FutureTask.java:266)
	at java.util.concurrent.ThreadPoolExecutor.runWorker(ThreadPoolExecutor.java:1149)
	at java.util.concurrent.ThreadPoolExecutor$Worker.run(ThreadPoolExecutor.java:624)
	... 1 more
Caused by: org.apache.ratis.thirdparty.io.netty.channel.AbstractChannel$AnnotatedConnectException: Connection refused: /192.168.5.148:39518
	at sun.nio.ch.SocketChannelImpl.checkConnect(Native Method)
	at sun.nio.ch.SocketChannelImpl.finishConnect(SocketChannelImpl.java:717)
	at org.apache.ratis.thirdparty.io.netty.channel.socket.nio.NioSocketChannel.doFinishConnect(NioSocketChannel.java:327)
	at org.apache.ratis.thirdparty.io.netty.channel.nio.AbstractNioChannel$AbstractNioUnsafe.finishConnect(AbstractNioChannel.java:340)
	at org.apache.ratis.thirdparty.io.netty.channel.nio.NioEventLoop.processSelectedKey(NioEventLoop.java:632)
	at org.apache.ratis.thirdparty.io.netty.channel.nio.NioEventLoop.processSelectedKeysOptimized(NioEventLoop.java:579)
	at org.apache.ratis.thirdparty.io.netty.channel.nio.NioEventLoop.processSelectedKeys(NioEventLoop.java:496)
	at org.apache.ratis.thirdparty.io.netty.channel.nio.NioEventLoop.run(NioEventLoop.java:458)
	at org.apache.ratis.thirdparty.io.netty.util.concurrent.SingleThreadEventExecutor$5.run(SingleThreadEventExecutor.java:897)
	at org.apache.ratis.thirdparty.io.netty.util.concurrent.FastThreadLocalRunnable.run(FastThreadLocalRunnable.java:30)
	... 1 more
Caused by: java.net.ConnectException: Connection refused
	... 11 more
2019-09-24 18:12:32,264 [165cd824-9508-47b7-9a26-a1da7d8cc554@group-FE99038DF347:LeaderElection52] INFO  impl.LeaderElection (LogUtils.java:infoOrTrace(149)) -   Exception 0: {}
java.util.concurrent.ExecutionException: org.apache.ratis.thirdparty.io.grpc.StatusRuntimeException: UNAVAILABLE: io exception
	at java.util.concurrent.FutureTask.report(FutureTask.java:122)
	at java.util.concurrent.FutureTask.get(FutureTask.java:192)
	at org.apache.ratis.server.impl.LeaderElection.waitForResults(LeaderElection.java:263)
	at org.apache.ratis.server.impl.LeaderElection.askForVotes(LeaderElection.java:201)
	at org.apache.ratis.server.impl.LeaderElection.run(LeaderElection.java:133)
	at java.lang.Thread.run(Thread.java:748)
Caused by: org.apache.ratis.thirdparty.io.grpc.StatusRuntimeException: UNAVAILABLE: io exception
	at org.apache.ratis.thirdparty.io.grpc.stub.ClientCalls.toStatusRuntimeException(ClientCalls.java:233)
	at org.apache.ratis.thirdparty.io.grpc.stub.ClientCalls.getUnchecked(ClientCalls.java:214)
	at org.apache.ratis.thirdparty.io.grpc.stub.ClientCalls.blockingUnaryCall(ClientCalls.java:139)
	at org.apache.ratis.proto.grpc.RaftServerProtocolServiceGrpc$RaftServerProtocolServiceBlockingStub.requestVote(RaftServerProtocolServiceGrpc.java:265)
	at org.apache.ratis.grpc.server.GrpcServerProtocolClient.requestVote(GrpcServerProtocolClient.java:90)
	at org.apache.ratis.grpc.server.GrpcService.requestVote(GrpcService.java:204)
	at org.apache.ratis.server.impl.LeaderElection.lambda$submitRequests$1(LeaderElection.java:238)
	at java.util.concurrent.FutureTask.run(FutureTask.java:266)
	at java.util.concurrent.Executors$RunnableAdapter.call(Executors.java:511)
	at java.util.concurrent.FutureTask.run(FutureTask.java:266)
	at java.util.concurrent.ThreadPoolExecutor.runWorker(ThreadPoolExecutor.java:1149)
	at java.util.concurrent.ThreadPoolExecutor$Worker.run(ThreadPoolExecutor.java:624)
	... 1 more
Caused by: org.apache.ratis.thirdparty.io.netty.channel.AbstractChannel$AnnotatedConnectException: Connection refused: /192.168.5.148:39518
	at sun.nio.ch.SocketChannelImpl.checkConnect(Native Method)
	at sun.nio.ch.SocketChannelImpl.finishConnect(SocketChannelImpl.java:717)
	at org.apache.ratis.thirdparty.io.netty.channel.socket.nio.NioSocketChannel.doFinishConnect(NioSocketChannel.java:327)
	at org.apache.ratis.thirdparty.io.netty.channel.nio.AbstractNioChannel$AbstractNioUnsafe.finishConnect(AbstractNioChannel.java:340)
	at org.apache.ratis.thirdparty.io.netty.channel.nio.NioEventLoop.processSelectedKey(NioEventLoop.java:632)
	at org.apache.ratis.thirdparty.io.netty.channel.nio.NioEventLoop.processSelectedKeysOptimized(NioEventLoop.java:579)
	at org.apache.ratis.thirdparty.io.netty.channel.nio.NioEventLoop.processSelectedKeys(NioEventLoop.java:496)
	at org.apache.ratis.thirdparty.io.netty.channel.nio.NioEventLoop.run(NioEventLoop.java:458)
	at org.apache.ratis.thirdparty.io.netty.util.concurrent.SingleThreadEventExecutor$5.run(SingleThreadEventExecutor.java:897)
	at org.apache.ratis.thirdparty.io.netty.util.concurrent.FastThreadLocalRunnable.run(FastThreadLocalRunnable.java:30)
	... 1 more
Caused by: java.net.ConnectException: Connection refused
	... 11 more
2019-09-24 18:12:32,265 [165cd824-9508-47b7-9a26-a1da7d8cc554@group-FE99038DF347:LeaderElection52] INFO  impl.LeaderElection (LogUtils.java:infoOrTrace(149)) -   Exception 1: {}
java.util.concurrent.ExecutionException: org.apache.ratis.thirdparty.io.grpc.StatusRuntimeException: UNAVAILABLE: io exception
	at java.util.concurrent.FutureTask.report(FutureTask.java:122)
	at java.util.concurrent.FutureTask.get(FutureTask.java:192)
	at org.apache.ratis.server.impl.LeaderElection.waitForResults(LeaderElection.java:263)
	at org.apache.ratis.server.impl.LeaderElection.askForVotes(LeaderElection.java:201)
	at org.apache.ratis.server.impl.LeaderElection.run(LeaderElection.java:133)
	at java.lang.Thread.run(Thread.java:748)
Caused by: org.apache.ratis.thirdparty.io.grpc.StatusRuntimeException: UNAVAILABLE: io exception
	at org.apache.ratis.thirdparty.io.grpc.stub.ClientCalls.toStatusRuntimeException(ClientCalls.java:233)
	at org.apache.ratis.thirdparty.io.grpc.stub.ClientCalls.getUnchecked(ClientCalls.java:214)
	at org.apache.ratis.thirdparty.io.grpc.stub.ClientCalls.blockingUnaryCall(ClientCalls.java:139)
	at org.apache.ratis.proto.grpc.RaftServerProtocolServiceGrpc$RaftServerProtocolServiceBlockingStub.requestVote(RaftServerProtocolServiceGrpc.java:265)
	at org.apache.ratis.grpc.server.GrpcServerProtocolClient.requestVote(GrpcServerProtocolClient.java:90)
	at org.apache.ratis.grpc.server.GrpcService.requestVote(GrpcService.java:204)
	at org.apache.ratis.server.impl.LeaderElection.lambda$submitRequests$1(LeaderElection.java:238)
	at java.util.concurrent.FutureTask.run(FutureTask.java:266)
	at java.util.concurrent.Executors$RunnableAdapter.call(Executors.java:511)
	at java.util.concurrent.FutureTask.run(FutureTask.java:266)
	at java.util.concurrent.ThreadPoolExecutor.runWorker(ThreadPoolExecutor.java:1149)
	at java.util.concurrent.ThreadPoolExecutor$Worker.run(ThreadPoolExecutor.java:624)
	... 1 more
Caused by: org.apache.ratis.thirdparty.io.netty.channel.AbstractChannel$AnnotatedConnectException: Connection refused: /192.168.5.148:40900
	at sun.nio.ch.SocketChannelImpl.checkConnect(Native Method)
	at sun.nio.ch.SocketChannelImpl.finishConnect(SocketChannelImpl.java:717)
	at org.apache.ratis.thirdparty.io.netty.channel.socket.nio.NioSocketChannel.doFinishConnect(NioSocketChannel.java:327)
	at org.apache.ratis.thirdparty.io.netty.channel.nio.AbstractNioChannel$AbstractNioUnsafe.finishConnect(AbstractNioChannel.java:340)
	at org.apache.ratis.thirdparty.io.netty.channel.nio.NioEventLoop.processSelectedKey(NioEventLoop.java:632)
	at org.apache.ratis.thirdparty.io.netty.channel.nio.NioEventLoop.processSelectedKeysOptimized(NioEventLoop.java:579)
	at org.apache.ratis.thirdparty.io.netty.channel.nio.NioEventLoop.processSelectedKeys(NioEventLoop.java:496)
	at org.apache.ratis.thirdparty.io.netty.channel.nio.NioEventLoop.run(NioEventLoop.java:458)
	at org.apache.ratis.thirdparty.io.netty.util.concurrent.SingleThreadEventExecutor$5.run(SingleThreadEventExecutor.java:897)
	at org.apache.ratis.thirdparty.io.netty.util.concurrent.FastThreadLocalRunnable.run(FastThreadLocalRunnable.java:30)
	... 1 more
Caused by: java.net.ConnectException: Connection refused
	... 11 more
2019-09-24 18:12:32,265 [165cd824-9508-47b7-9a26-a1da7d8cc554@group-A95362D803F3:LeaderElection51] INFO  impl.LeaderElection (LogUtils.java:infoOrTrace(149)) -   Exception 1: {}
java.util.concurrent.ExecutionException: org.apache.ratis.thirdparty.io.grpc.StatusRuntimeException: UNAVAILABLE: io exception
	at java.util.concurrent.FutureTask.report(FutureTask.java:122)
	at java.util.concurrent.FutureTask.get(FutureTask.java:192)
	at org.apache.ratis.server.impl.LeaderElection.waitForResults(LeaderElection.java:263)
	at org.apache.ratis.server.impl.LeaderElection.askForVotes(LeaderElection.java:201)
	at org.apache.ratis.server.impl.LeaderElection.run(LeaderElection.java:133)
	at java.lang.Thread.run(Thread.java:748)
Caused by: org.apache.ratis.thirdparty.io.grpc.StatusRuntimeException: UNAVAILABLE: io exception
	at org.apache.ratis.thirdparty.io.grpc.stub.ClientCalls.toStatusRuntimeException(ClientCalls.java:233)
	at org.apache.ratis.thirdparty.io.grpc.stub.ClientCalls.getUnchecked(ClientCalls.java:214)
	at org.apache.ratis.thirdparty.io.grpc.stub.ClientCalls.blockingUnaryCall(ClientCalls.java:139)
	at org.apache.ratis.proto.grpc.RaftServerProtocolServiceGrpc$RaftServerProtocolServiceBlockingStub.requestVote(RaftServerProtocolServiceGrpc.java:265)
	at org.apache.ratis.grpc.server.GrpcServerProtocolClient.requestVote(GrpcServerProtocolClient.java:90)
	at org.apache.ratis.grpc.server.GrpcService.requestVote(GrpcService.java:204)
	at org.apache.ratis.server.impl.LeaderElection.lambda$submitRequests$1(LeaderElection.java:238)
	at java.util.concurrent.FutureTask.run(FutureTask.java:266)
	at java.util.concurrent.Executors$RunnableAdapter.call(Executors.java:511)
	at java.util.concurrent.FutureTask.run(FutureTask.java:266)
	at java.util.concurrent.ThreadPoolExecutor.runWorker(ThreadPoolExecutor.java:1149)
	at java.util.concurrent.ThreadPoolExecutor$Worker.run(ThreadPoolExecutor.java:624)
	... 1 more
Caused by: org.apache.ratis.thirdparty.io.netty.channel.AbstractChannel$AnnotatedConnectException: Connection refused: /192.168.5.148:40900
	at sun.nio.ch.SocketChannelImpl.checkConnect(Native Method)
	at sun.nio.ch.SocketChannelImpl.finishConnect(SocketChannelImpl.java:717)
	at org.apache.ratis.thirdparty.io.netty.channel.socket.nio.NioSocketChannel.doFinishConnect(NioSocketChannel.java:327)
	at org.apache.ratis.thirdparty.io.netty.channel.nio.AbstractNioChannel$AbstractNioUnsafe.finishConnect(AbstractNioChannel.java:340)
	at org.apache.ratis.thirdparty.io.netty.channel.nio.NioEventLoop.processSelectedKey(NioEventLoop.java:632)
	at org.apache.ratis.thirdparty.io.netty.channel.nio.NioEventLoop.processSelectedKeysOptimized(NioEventLoop.java:579)
	at org.apache.ratis.thirdparty.io.netty.channel.nio.NioEventLoop.processSelectedKeys(NioEventLoop.java:496)
	at org.apache.ratis.thirdparty.io.netty.channel.nio.NioEventLoop.run(NioEventLoop.java:458)
	at org.apache.ratis.thirdparty.io.netty.util.concurrent.SingleThreadEventExecutor$5.run(SingleThreadEventExecutor.java:897)
	at org.apache.ratis.thirdparty.io.netty.util.concurrent.FastThreadLocalRunnable.run(FastThreadLocalRunnable.java:30)
	... 1 more
Caused by: java.net.ConnectException: Connection refused
	... 11 more
2019-09-24 18:12:32,266 [165cd824-9508-47b7-9a26-a1da7d8cc554@group-FE99038DF347:LeaderElection52] INFO  impl.RaftServerImpl (RaftServerImpl.java:setRole(174)) - 165cd824-9508-47b7-9a26-a1da7d8cc554@group-FE99038DF347: changes role from CANDIDATE to FOLLOWER at term 8 for DISCOVERED_A_NEW_TERM
2019-09-24 18:12:32,267 [165cd824-9508-47b7-9a26-a1da7d8cc554@group-A95362D803F3:LeaderElection51] INFO  impl.RaftServerImpl (RaftServerImpl.java:setRole(174)) - 165cd824-9508-47b7-9a26-a1da7d8cc554@group-A95362D803F3: changes role from CANDIDATE to FOLLOWER at term 8 for DISCOVERED_A_NEW_TERM
2019-09-24 18:12:32,267 [165cd824-9508-47b7-9a26-a1da7d8cc554@group-FE99038DF347:LeaderElection52] INFO  impl.RoleInfo (RoleInfo.java:shutdownLeaderElection(134)) - 165cd824-9508-47b7-9a26-a1da7d8cc554: shutdown LeaderElection
2019-09-24 18:12:32,267 [165cd824-9508-47b7-9a26-a1da7d8cc554@group-A95362D803F3:LeaderElection51] INFO  impl.RoleInfo (RoleInfo.java:shutdownLeaderElection(134)) - 165cd824-9508-47b7-9a26-a1da7d8cc554: shutdown LeaderElection
2019-09-24 18:12:32,268 [165cd824-9508-47b7-9a26-a1da7d8cc554@group-FE99038DF347:LeaderElection52] INFO  impl.RoleInfo (RoleInfo.java:updateAndGet(143)) - 165cd824-9508-47b7-9a26-a1da7d8cc554: start FollowerState
2019-09-24 18:12:32,268 [165cd824-9508-47b7-9a26-a1da7d8cc554@group-A95362D803F3:LeaderElection51] INFO  impl.RoleInfo (RoleInfo.java:updateAndGet(143)) - 165cd824-9508-47b7-9a26-a1da7d8cc554: start FollowerState
2019-09-24 18:12:34,473 [main] INFO  ozoneimpl.OzoneContainer (OzoneContainer.java:stop(231)) - Attempting to stop container services.
2019-09-24 18:12:34,474 [main] INFO  impl.RaftServerProxy (RaftServerProxy.java:lambda$close$4(314)) - 165cd824-9508-47b7-9a26-a1da7d8cc554: close
2019-09-24 18:12:34,475 [main] INFO  impl.RaftServerImpl (RaftServerImpl.java:lambda$shutdown$3(251)) - 165cd824-9508-47b7-9a26-a1da7d8cc554@group-A95362D803F3: shutdown
2019-09-24 18:12:34,476 [main] INFO  util.JmxRegister (JmxRegister.java:unregister(73)) - Successfully un-registered JMX Bean with object name Ratis:service=RaftServer,group=group-A95362D803F3,id=165cd824-9508-47b7-9a26-a1da7d8cc554
2019-09-24 18:12:34,476 [ForkJoinPool.commonPool-worker-0] INFO  ozoneimpl.OzoneContainer (OzoneContainer.java:stop(231)) - Attempting to stop container services.
2019-09-24 18:12:34,476 [main] INFO  impl.RoleInfo (RoleInfo.java:shutdownFollowerState(121)) - 165cd824-9508-47b7-9a26-a1da7d8cc554: shutdown FollowerState
2019-09-24 18:12:34,477 [ForkJoinPool.commonPool-worker-0] INFO  impl.RaftServerProxy (RaftServerProxy.java:lambda$close$4(314)) - cf5a2f80-f9d1-40e9-9eac-0ab293491c69: close
2019-09-24 18:12:34,477 [Thread-602] INFO  impl.FollowerState (FollowerState.java:run(115)) - 165cd824-9508-47b7-9a26-a1da7d8cc554: FollowerState was interrupted: java.lang.InterruptedException: sleep interrupted
2019-09-24 18:12:34,477 [main] INFO  impl.StateMachineUpdater (StateMachineUpdater.java:stopAndJoin(125)) - 165cd824-9508-47b7-9a26-a1da7d8cc554@group-A95362D803F3-StateMachineUpdater: set stopIndex = -1
2019-09-24 18:12:34,477 [ForkJoinPool.commonPool-worker-0] INFO  impl.RaftServerImpl (RaftServerImpl.java:lambda$shutdown$3(251)) - cf5a2f80-f9d1-40e9-9eac-0ab293491c69@group-D330A8C45B4A: shutdown
2019-09-24 18:12:34,480 [main] INFO  impl.RaftServerImpl (ServerState.java:close(385)) - 165cd824-9508-47b7-9a26-a1da7d8cc554@group-A95362D803F3: closes. applyIndex: -1
2019-09-24 18:12:34,480 [ForkJoinPool.commonPool-worker-0] INFO  util.JmxRegister (JmxRegister.java:unregister(73)) - Successfully un-registered JMX Bean with object name Ratis:service=RaftServer,group=group-D330A8C45B4A,id=cf5a2f80-f9d1-40e9-9eac-0ab293491c69
2019-09-24 18:12:34,481 [165cd824-9508-47b7-9a26-a1da7d8cc554@group-A95362D803F3-SegmentedRaftLogWorker] INFO  segmented.SegmentedRaftLogWorker (SegmentedRaftLogWorker.java:run(313)) - 165cd824-9508-47b7-9a26-a1da7d8cc554@group-A95362D803F3-SegmentedRaftLogWorker was interrupted, exiting. There are 0 tasks remaining in the queue.
2019-09-24 18:12:34,481 [ForkJoinPool.commonPool-worker-0] INFO  impl.RoleInfo (RoleInfo.java:shutdownLeaderState(104)) - cf5a2f80-f9d1-40e9-9eac-0ab293491c69: shutdown LeaderState
2019-09-24 18:12:34,481 [main] INFO  segmented.SegmentedRaftLogWorker (SegmentedRaftLogWorker.java:close(228)) - 165cd824-9508-47b7-9a26-a1da7d8cc554@group-A95362D803F3-SegmentedRaftLogWorker close()
2019-09-24 18:12:34,482 [ForkJoinPool.commonPool-worker-0] INFO  impl.PendingRequests (PendingRequests.java:sendNotLeaderResponses(202)) - cf5a2f80-f9d1-40e9-9eac-0ab293491c69-PendingRequests: sendNotLeaderResponses
2019-09-24 18:12:34,484 [main] INFO  impl.RaftServerImpl (RaftServerImpl.java:lambda$shutdown$3(251)) - 165cd824-9508-47b7-9a26-a1da7d8cc554@group-208AEA19E382: shutdown
2019-09-24 18:12:34,484 [ForkJoinPool.commonPool-worker-0] INFO  impl.StateMachineUpdater (StateMachineUpdater.java:stopAndJoin(125)) - cf5a2f80-f9d1-40e9-9eac-0ab293491c69@group-D330A8C45B4A-StateMachineUpdater: set stopIndex = 0
2019-09-24 18:12:34,485 [main] INFO  util.JmxRegister (JmxRegister.java:unregister(73)) - Successfully un-registered JMX Bean with object name Ratis:service=RaftServer,group=group-208AEA19E382,id=165cd824-9508-47b7-9a26-a1da7d8cc554
2019-09-24 18:12:34,485 [ForkJoinPool.commonPool-worker-0] INFO  impl.RaftServerImpl (ServerState.java:close(385)) - cf5a2f80-f9d1-40e9-9eac-0ab293491c69@group-D330A8C45B4A: closes. applyIndex: 0
2019-09-24 18:12:34,485 [main] INFO  impl.RoleInfo (RoleInfo.java:shutdownLeaderState(104)) - 165cd824-9508-47b7-9a26-a1da7d8cc554: shutdown LeaderState
2019-09-24 18:12:34,486 [cf5a2f80-f9d1-40e9-9eac-0ab293491c69@group-D330A8C45B4A-SegmentedRaftLogWorker] INFO  segmented.SegmentedRaftLogWorker (SegmentedRaftLogWorker.java:run(313)) - cf5a2f80-f9d1-40e9-9eac-0ab293491c69@group-D330A8C45B4A-SegmentedRaftLogWorker was interrupted, exiting. There are 0 tasks remaining in the queue.
2019-09-24 18:12:34,486 [main] INFO  impl.PendingRequests (PendingRequests.java:sendNotLeaderResponses(202)) - 165cd824-9508-47b7-9a26-a1da7d8cc554-PendingRequests: sendNotLeaderResponses
2019-09-24 18:12:34,488 [ForkJoinPool.commonPool-worker-0] INFO  segmented.SegmentedRaftLogWorker (SegmentedRaftLogWorker.java:close(228)) - cf5a2f80-f9d1-40e9-9eac-0ab293491c69@group-D330A8C45B4A-SegmentedRaftLogWorker close()
2019-09-24 18:12:34,488 [main] INFO  impl.StateMachineUpdater (StateMachineUpdater.java:stopAndJoin(125)) - 165cd824-9508-47b7-9a26-a1da7d8cc554@group-208AEA19E382-StateMachineUpdater: set stopIndex = 0
2019-09-24 18:12:34,490 [ForkJoinPool.commonPool-worker-0] INFO  server.GrpcService (GrpcService.java:closeImpl(164)) - cf5a2f80-f9d1-40e9-9eac-0ab293491c69: shutdown server with port 39235 now
2019-09-24 18:12:34,491 [main] INFO  impl.RaftServerImpl (ServerState.java:close(385)) - 165cd824-9508-47b7-9a26-a1da7d8cc554@group-208AEA19E382: closes. applyIndex: 0
2019-09-24 18:12:34,492 [165cd824-9508-47b7-9a26-a1da7d8cc554@group-208AEA19E382-SegmentedRaftLogWorker] INFO  segmented.SegmentedRaftLogWorker (SegmentedRaftLogWorker.java:run(313)) - 165cd824-9508-47b7-9a26-a1da7d8cc554@group-208AEA19E382-SegmentedRaftLogWorker was interrupted, exiting. There are 0 tasks remaining in the queue.
2019-09-24 18:12:34,493 [ForkJoinPool.commonPool-worker-0] INFO  server.GrpcService (GrpcService.java:closeImpl(172)) - cf5a2f80-f9d1-40e9-9eac-0ab293491c69: shutdown server with port 39235 successfully
2019-09-24 18:12:34,494 [main] INFO  segmented.SegmentedRaftLogWorker (SegmentedRaftLogWorker.java:close(228)) - 165cd824-9508-47b7-9a26-a1da7d8cc554@group-208AEA19E382-SegmentedRaftLogWorker close()
2019-09-24 18:12:34,496 [main] INFO  impl.RaftServerImpl (RaftServerImpl.java:lambda$shutdown$3(251)) - 165cd824-9508-47b7-9a26-a1da7d8cc554@group-F0FF8E4ABA79: shutdown
2019-09-24 18:12:34,497 [main] INFO  util.JmxRegister (JmxRegister.java:unregister(73)) - Successfully un-registered JMX Bean with object name Ratis:service=RaftServer,group=group-F0FF8E4ABA79,id=165cd824-9508-47b7-9a26-a1da7d8cc554
2019-09-24 18:12:34,498 [main] INFO  impl.RoleInfo (RoleInfo.java:shutdownFollowerState(121)) - 165cd824-9508-47b7-9a26-a1da7d8cc554: shutdown FollowerState
2019-09-24 18:12:34,498 [main] INFO  impl.StateMachineUpdater (StateMachineUpdater.java:stopAndJoin(125)) - 165cd824-9508-47b7-9a26-a1da7d8cc554@group-F0FF8E4ABA79-StateMachineUpdater: set stopIndex = 0
2019-09-24 18:12:34,498 [Thread-307] INFO  impl.FollowerState (FollowerState.java:run(115)) - 165cd824-9508-47b7-9a26-a1da7d8cc554: FollowerState was interrupted: java.lang.InterruptedException: sleep interrupted
2019-09-24 18:12:34,498 [main] INFO  impl.RaftServerImpl (ServerState.java:close(385)) - 165cd824-9508-47b7-9a26-a1da7d8cc554@group-F0FF8E4ABA79: closes. applyIndex: 0
2019-09-24 18:12:34,499 [165cd824-9508-47b7-9a26-a1da7d8cc554@group-F0FF8E4ABA79-SegmentedRaftLogWorker] INFO  segmented.SegmentedRaftLogWorker (SegmentedRaftLogWorker.java:run(313)) - 165cd824-9508-47b7-9a26-a1da7d8cc554@group-F0FF8E4ABA79-SegmentedRaftLogWorker was interrupted, exiting. There are 0 tasks remaining in the queue.
2019-09-24 18:12:34,505 [main] INFO  segmented.SegmentedRaftLogWorker (SegmentedRaftLogWorker.java:close(228)) - 165cd824-9508-47b7-9a26-a1da7d8cc554@group-F0FF8E4ABA79-SegmentedRaftLogWorker close()
2019-09-24 18:12:34,507 [main] INFO  impl.RaftServerImpl (RaftServerImpl.java:lambda$shutdown$3(251)) - 165cd824-9508-47b7-9a26-a1da7d8cc554@group-FE99038DF347: shutdown
2019-09-24 18:12:34,507 [main] INFO  util.JmxRegister (JmxRegister.java:unregister(73)) - Successfully un-registered JMX Bean with object name Ratis:service=RaftServer,group=group-FE99038DF347,id=165cd824-9508-47b7-9a26-a1da7d8cc554
2019-09-24 18:12:34,507 [main] INFO  impl.RoleInfo (RoleInfo.java:shutdownFollowerState(121)) - 165cd824-9508-47b7-9a26-a1da7d8cc554: shutdown FollowerState
2019-09-24 18:12:34,508 [main] INFO  impl.StateMachineUpdater (StateMachineUpdater.java:stopAndJoin(125)) - 165cd824-9508-47b7-9a26-a1da7d8cc554@group-FE99038DF347-StateMachineUpdater: set stopIndex = -1
2019-09-24 18:12:34,508 [Thread-601] INFO  impl.FollowerState (FollowerState.java:run(115)) - 165cd824-9508-47b7-9a26-a1da7d8cc554: FollowerState was interrupted: java.lang.InterruptedException: sleep interrupted
2019-09-24 18:12:34,508 [main] INFO  impl.RaftServerImpl (ServerState.java:close(385)) - 165cd824-9508-47b7-9a26-a1da7d8cc554@group-FE99038DF347: closes. applyIndex: -1
2019-09-24 18:12:34,514 [165cd824-9508-47b7-9a26-a1da7d8cc554@group-FE99038DF347-SegmentedRaftLogWorker] INFO  segmented.SegmentedRaftLogWorker (SegmentedRaftLogWorker.java:run(313)) - 165cd824-9508-47b7-9a26-a1da7d8cc554@group-FE99038DF347-SegmentedRaftLogWorker was interrupted, exiting. There are 0 tasks remaining in the queue.
2019-09-24 18:12:34,514 [main] INFO  segmented.SegmentedRaftLogWorker (SegmentedRaftLogWorker.java:close(228)) - 165cd824-9508-47b7-9a26-a1da7d8cc554@group-FE99038DF347-SegmentedRaftLogWorker close()
2019-09-24 18:12:34,515 [refreshUsed-/workdir/hadoop-ozone/integration-test/target/test-dir/MiniOzoneClusterImpl-42bba134-5a67-4562-bb40-e54cb25fe1f1/datanode-0/data/containers] WARN  fs.CachingGetSpaceUsed (CachingGetSpaceUsed.java:run(183)) - Thread Interrupted waiting to refresh disk information: sleep interrupted
2019-09-24 18:12:34,516 [main] INFO  server.GrpcService (GrpcService.java:closeImpl(164)) - 165cd824-9508-47b7-9a26-a1da7d8cc554: shutdown server with port 41649 now
2019-09-24 18:12:34,517 [main] INFO  server.GrpcService (GrpcService.java:closeImpl(172)) - 165cd824-9508-47b7-9a26-a1da7d8cc554: shutdown server with port 41649 successfully
2019-09-24 18:12:34,522 [refreshUsed-/workdir/hadoop-ozone/integration-test/target/test-dir/MiniOzoneClusterImpl-42bba134-5a67-4562-bb40-e54cb25fe1f1/datanode-3/data/containers] WARN  fs.CachingGetSpaceUsed (CachingGetSpaceUsed.java:run(183)) - Thread Interrupted waiting to refresh disk information: sleep interrupted
2019-09-24 18:12:34,537 [ForkJoinPool.commonPool-worker-0] INFO  utils.BackgroundService (BackgroundService.java:shutdown(148)) - Shutting down service BlockDeletingService
2019-09-24 18:12:34,540 [ForkJoinPool.commonPool-worker-0] INFO  statemachine.DatanodeStateMachine (DatanodeStateMachine.java:stopDaemon(395)) - Ozone container server stopped.
2019-09-24 18:12:34,542 [ForkJoinPool.commonPool-worker-0] INFO  handler.ContextHandler (ContextHandler.java:doStop(910)) - Stopped o.e.j.w.WebAppContext@6192a5d5{/,null,UNAVAILABLE}{/hddsDatanode}
2019-09-24 18:12:34,543 [ForkJoinPool.commonPool-worker-0] INFO  server.AbstractConnector (AbstractConnector.java:doStop(318)) - Stopped ServerConnector@3722c145{HTTP/1.1,[http/1.1]}{0.0.0.0:0}
2019-09-24 18:12:34,544 [main] INFO  utils.BackgroundService (BackgroundService.java:shutdown(148)) - Shutting down service BlockDeletingService
2019-09-24 18:12:34,544 [ForkJoinPool.commonPool-worker-0] INFO  handler.ContextHandler (ContextHandler.java:doStop(910)) - Stopped o.e.j.s.ServletContextHandler@51ec2856{/static,jar:file:/home/user/.m2/repository/org/apache/hadoop/hadoop-hdds-container-service/0.5.0-SNAPSHOT/hadoop-hdds-container-service-0.5.0-SNAPSHOT.jar!/webapps/static,UNAVAILABLE}
2019-09-24 18:12:34,546 [ForkJoinPool.commonPool-worker-0] INFO  handler.ContextHandler (ContextHandler.java:doStop(910)) - Stopped o.e.j.s.ServletContextHandler@6fa0450e{/logs,file:///workdir/hadoop-ozone/integration-test/target/log,UNAVAILABLE}
2019-09-24 18:12:34,548 [main] INFO  statemachine.DatanodeStateMachine (DatanodeStateMachine.java:stopDaemon(395)) - Ozone container server stopped.
2019-09-24 18:12:34,561 [main] INFO  handler.ContextHandler (ContextHandler.java:doStop(910)) - Stopped o.e.j.w.WebAppContext@54402c04{/,null,UNAVAILABLE}{/hddsDatanode}
2019-09-24 18:12:34,562 [main] INFO  server.AbstractConnector (AbstractConnector.java:doStop(318)) - Stopped ServerConnector@5b3bb1f7{HTTP/1.1,[http/1.1]}{0.0.0.0:0}
2019-09-24 18:12:34,562 [main] INFO  handler.ContextHandler (ContextHandler.java:doStop(910)) - Stopped o.e.j.s.ServletContextHandler@697a34af{/static,jar:file:/home/user/.m2/repository/org/apache/hadoop/hadoop-hdds-container-service/0.5.0-SNAPSHOT/hadoop-hdds-container-service-0.5.0-SNAPSHOT.jar!/webapps/static,UNAVAILABLE}
2019-09-24 18:12:34,563 [main] INFO  handler.ContextHandler (ContextHandler.java:doStop(910)) - Stopped o.e.j.s.ServletContextHandler@7f6874f2{/logs,file:///workdir/hadoop-ozone/integration-test/target/log,UNAVAILABLE}
2019-09-24 18:12:34,564 [main] INFO  ozone.MiniOzoneClusterImpl (MiniOzoneClusterImpl.java:stopSCM(392)) - Stopping the StorageContainerManager
2019-09-24 18:12:34,564 [main] INFO  server.StorageContainerManager (StorageContainerManager.java:stop(808)) - Stopping Replication Manager Service.
2019-09-24 18:12:34,565 [main] INFO  container.ReplicationManager (ReplicationManager.java:stop(203)) - Stopping Replication Monitor Thread.
2019-09-24 18:12:34,565 [main] INFO  server.StorageContainerManager (StorageContainerManager.java:stop(815)) - Stopping Lease Manager of the command watchers
2019-09-24 18:12:34,566 [main] INFO  server.StorageContainerManager (StorageContainerManager.java:stop(822)) - Stopping datanode service RPC server
2019-09-24 18:12:34,566 [main] INFO  server.SCMDatanodeProtocolServer (SCMDatanodeProtocolServer.java:stop(367)) - Stopping the RPC server for DataNodes
2019-09-24 18:12:34,566 [main] INFO  ipc.Server (Server.java:stop(3082)) - Stopping server on 38397
2019-09-24 18:12:34,568 [IPC Server listener on 38397] INFO  ipc.Server (Server.java:run(1185)) - Stopping IPC Server listener on 38397
2019-09-24 18:12:34,568 [IPC Server Responder] INFO  ipc.Server (Server.java:run(1319)) - Stopping IPC Server Responder
2019-09-24 18:12:34,582 [SCM Heartbeat Processing Thread - 0] WARN  node.NodeStateManager (NodeStateManager.java:scheduleNextHealthCheck(646)) - Current Thread is interrupted, shutting down HB processing thread for Node Manager.
2019-09-24 18:12:34,582 [main] INFO  server.StorageContainerManager (StorageContainerManager.java:stop(830)) - Stopping block service RPC server
2019-09-24 18:12:34,583 [main] INFO  server.SCMBlockProtocolServer (SCMBlockProtocolServer.java:stop(155)) - Stopping the RPC server for Block Protocol
2019-09-24 18:12:34,583 [main] INFO  ipc.Server (Server.java:stop(3082)) - Stopping server on 39586
2019-09-24 18:12:34,584 [IPC Server listener on 39586] INFO  ipc.Server (Server.java:run(1185)) - Stopping IPC Server listener on 39586
2019-09-24 18:12:34,584 [main] INFO  server.StorageContainerManager (StorageContainerManager.java:stop(837)) - Stopping the StorageContainerLocationProtocol RPC server
2019-09-24 18:12:34,585 [IPC Server Responder] INFO  ipc.Server (Server.java:run(1319)) - Stopping IPC Server Responder
2019-09-24 18:12:34,585 [main] INFO  server.SCMClientProtocolServer (SCMClientProtocolServer.java:stop(159)) - Stopping the RPC server for Client Protocol
2019-09-24 18:12:34,585 [main] INFO  ipc.Server (Server.java:stop(3082)) - Stopping server on 33791
2019-09-24 18:12:34,586 [main] INFO  server.StorageContainerManager (StorageContainerManager.java:stop(844)) - Stopping Storage Container Manager HTTP server.
2019-09-24 18:12:34,587 [IPC Server listener on 33791] INFO  ipc.Server (Server.java:run(1185)) - Stopping IPC Server listener on 33791
2019-09-24 18:12:34,587 [IPC Server Responder] INFO  ipc.Server (Server.java:run(1319)) - Stopping IPC Server Responder
2019-09-24 18:12:34,588 [main] INFO  handler.ContextHandler (ContextHandler.java:doStop(910)) - Stopped o.e.j.w.WebAppContext@6928f576{/,null,UNAVAILABLE}{/scm}
2019-09-24 18:12:34,588 [main] INFO  server.AbstractConnector (AbstractConnector.java:doStop(318)) - Stopped ServerConnector@548e76f1{HTTP/1.1,[http/1.1]}{0.0.0.0:0}
2019-09-24 18:12:34,589 [main] INFO  handler.ContextHandler (ContextHandler.java:doStop(910)) - Stopped o.e.j.s.ServletContextHandler@3e821657{/static,file:///workdir/hadoop-ozone/integration-test/target/test-classes/webapps/static,UNAVAILABLE}
2019-09-24 18:12:34,589 [main] INFO  handler.ContextHandler (ContextHandler.java:doStop(910)) - Stopped o.e.j.s.ServletContextHandler@6b00f608{/logs,file:///workdir/hadoop-ozone/integration-test/target/log,UNAVAILABLE}
2019-09-24 18:12:34,590 [main] INFO  server.StorageContainerManager (StorageContainerManager.java:stop(855)) - Stopping Block Manager Service.
2019-09-24 18:12:34,590 [main] INFO  utils.BackgroundService (BackgroundService.java:shutdown(148)) - Shutting down service SCMBlockDeletingService
2019-09-24 18:12:34,591 [main] INFO  utils.BackgroundService (BackgroundService.java:shutdown(148)) - Shutting down service SCMBlockDeletingService
2019-09-24 18:12:34,591 [main] INFO  server.StorageContainerManager (StorageContainerManager.java:stop(877)) - Stopping SCM Event Queue.
2019-09-24 18:12:34,597 [main] INFO  impl.MetricsSystemImpl (MetricsSystemImpl.java:stop(210)) - Stopping XceiverClientMetrics metrics system...
2019-09-24 18:12:34,604 [prometheus] INFO  impl.MetricsSinkAdapter (MetricsSinkAdapter.java:publishMetricsFromQueue(141)) - prometheus thread interrupted.
2019-09-24 18:12:34,604 [main] INFO  impl.MetricsSystemImpl (MetricsSystemImpl.java:stop(216)) - XceiverClientMetrics metrics system stopped.
]]></system-out>
    <system-err><![CDATA[ERROR StatusLogger No Log4j 2 configuration file found. Using default configuration (logging only errors to the console), or user programmatically provided configurations. Set system property 'log4j2.debug' to show Log4j 2 internal initialization logging. See https://logging.apache.org/log4j/2.x/manual/configuration.html for instructions on how to configure Log4j 2
]]></system-err>
  </testcase>
</testsuite>