<?xml version="1.0" encoding="UTF-8"?>
<testsuite xmlns:xsi="http://www.w3.org/2001/XMLSchema-instance" xsi:noNamespaceSchemaLocation="https://maven.apache.org/surefire/maven-surefire-plugin/xsd/surefire-test-report.xsd" name="org.apache.hadoop.ozone.client.rpc.TestBlockOutputStreamWithFailures" time="684.562" tests="8" errors="0" skipped="0" failures="1">
  <properties>
    <property name="awt.toolkit" value="sun.awt.X11.XToolkit"/>
    <property name="file.encoding.pkg" value="sun.io"/>
    <property name="java.specification.version" value="1.8"/>
    <property name="sun.cpu.isalist" value=""/>
    <property name="sun.jnu.encoding" value="UTF-8"/>
    <property name="java.class.path" value="/workdir/hadoop-ozone/integration-test/target/test-classes:/workdir/hadoop-ozone/integration-test/target/classes:/home/user/.m2/repository/org/apache/hadoop/hadoop-ozone-common/0.5.0-SNAPSHOT/hadoop-ozone-common-0.5.0-SNAPSHOT.jar:/home/user/.m2/repository/org/apache/commons/commons-compress/1.4.1/commons-compress-1.4.1.jar:/home/user/.m2/repository/org/tukaani/xz/1.0/xz-1.0.jar:/home/user/.m2/repository/org/apache/hadoop/hadoop-common/3.2.0/hadoop-common-3.2.0.jar:/home/user/.m2/repository/org/apache/hadoop/hadoop-hdfs/3.2.0/hadoop-hdfs-3.2.0.jar:/home/user/.m2/repository/org/apache/hadoop/hadoop-hdfs-client/3.2.0/hadoop-hdfs-client-3.2.0.jar:/home/user/.m2/repository/com/fasterxml/jackson/core/jackson-annotations/2.9.5/jackson-annotations-2.9.5.jar:/home/user/.m2/repository/org/apache/hadoop/hadoop-hdds-common/0.5.0-SNAPSHOT/hadoop-hdds-common-0.5.0-SNAPSHOT.jar:/home/user/.m2/repository/javax/annotation/javax.annotation-api/1.2/javax.annotation-api-1.2.jar:/home/user/.m2/repository/org/apache/ratis/ratis-server/0.4.0-2337318-SNAPSHOT/ratis-server-0.4.0-2337318-SNAPSHOT.jar:/home/user/.m2/repository/org/apache/ratis/ratis-thirdparty-misc/0.2.0/ratis-thirdparty-misc-0.2.0.jar:/home/user/.m2/repository/org/apache/ratis/ratis-proto/0.4.0-2337318-SNAPSHOT/ratis-proto-0.4.0-2337318-SNAPSHOT.jar:/home/user/.m2/repository/org/apache/ratis/ratis-common/0.4.0-2337318-SNAPSHOT/ratis-common-0.4.0-2337318-SNAPSHOT.jar:/home/user/.m2/repository/org/apache/ratis/ratis-client/0.4.0-2337318-SNAPSHOT/ratis-client-0.4.0-2337318-SNAPSHOT.jar:/home/user/.m2/repository/org/apache/ratis/ratis-metrics/0.4.0-2337318-SNAPSHOT/ratis-metrics-0.4.0-2337318-SNAPSHOT.jar:/home/user/.m2/repository/org/apache/ratis/ratis-netty/0.4.0-2337318-SNAPSHOT/ratis-netty-0.4.0-2337318-SNAPSHOT.jar:/home/user/.m2/repository/org/apache/ratis/ratis-grpc/0.4.0-2337318-SNAPSHOT/ratis-grpc-0.4.0-2337318-SNAPSHOT.jar:/home/user/.m2/repository/org/rocksdb/rocksdbjni/6.0.1/rocksdbjni-6.0.1.jar:/home/user/.m2/repository/org/apache/logging/log4j/log4j-api/2.11.0/log4j-api-2.11.0.jar:/home/user/.m2/repository/org/apache/logging/log4j/log4j-core/2.11.0/log4j-core-2.11.0.jar:/home/user/.m2/repository/com/lmax/disruptor/3.4.2/disruptor-3.4.2.jar:/home/user/.m2/repository/org/apache/commons/commons-pool2/2.6.0/commons-pool2-2.6.0.jar:/home/user/.m2/repository/org/bouncycastle/bcpkix-jdk15on/1.60/bcpkix-jdk15on-1.60.jar:/home/user/.m2/repository/commons-validator/commons-validator/1.6/commons-validator-1.6.jar:/home/user/.m2/repository/commons-digester/commons-digester/1.8.1/commons-digester-1.8.1.jar:/home/user/.m2/repository/io/jaegertracing/jaeger-client/0.33.1/jaeger-client-0.33.1.jar:/home/user/.m2/repository/io/jaegertracing/jaeger-thrift/0.33.1/jaeger-thrift-0.33.1.jar:/home/user/.m2/repository/org/apache/thrift/libthrift/0.11.0/libthrift-0.11.0.jar:/home/user/.m2/repository/com/squareup/okhttp3/okhttp/3.9.0/okhttp-3.9.0.jar:/home/user/.m2/repository/com/squareup/okio/okio/1.13.0/okio-1.13.0.jar:/home/user/.m2/repository/io/jaegertracing/jaeger-core/0.33.1/jaeger-core-0.33.1.jar:/home/user/.m2/repository/io/jaegertracing/jaeger-tracerresolver/0.33.1/jaeger-tracerresolver-0.33.1.jar:/home/user/.m2/repository/io/opentracing/contrib/opentracing-tracerresolver/0.1.5/opentracing-tracerresolver-0.1.5.jar:/home/user/.m2/repository/io/opentracing/opentracing-util/0.31.0/opentracing-util-0.31.0.jar:/home/user/.m2/repository/io/opentracing/opentracing-api/0.31.0/opentracing-api-0.31.0.jar:/home/user/.m2/repository/io/opentracing/opentracing-noop/0.31.0/opentracing-noop-0.31.0.jar:/home/user/.m2/repository/org/apache/hadoop/hadoop-hdds-server-framework/0.5.0-SNAPSHOT/hadoop-hdds-server-framework-0.5.0-SNAPSHOT.jar:/home/user/.m2/repository/org/apache/hadoop/hadoop-hdds-container-service/0.5.0-SNAPSHOT/hadoop-hdds-container-service-0.5.0-SNAPSHOT.jar:/home/user/.m2/repository/org/apache/hadoop/hadoop-hdds-client/0.5.0-SNAPSHOT/hadoop-hdds-client-0.5.0-SNAPSHOT.jar:/home/user/.m2/repository/org/apache/hadoop/hadoop-hdds-tools/0.5.0-SNAPSHOT/hadoop-hdds-tools-0.5.0-SNAPSHOT.jar:/home/user/.m2/repository/org/apache/hadoop/hadoop-hdds-server-scm/0.5.0-SNAPSHOT/hadoop-hdds-server-scm-0.5.0-SNAPSHOT.jar:/home/user/.m2/repository/org/apache/hadoop/hadoop-hdds-docs/0.5.0-SNAPSHOT/hadoop-hdds-docs-0.5.0-SNAPSHOT.jar:/home/user/.m2/repository/io/dropwizard/metrics/metrics-core/3.2.4/metrics-core-3.2.4.jar:/home/user/.m2/repository/org/hamcrest/hamcrest-all/1.3/hamcrest-all-1.3.jar:/home/user/.m2/repository/org/bouncycastle/bcprov-jdk15on/1.60/bcprov-jdk15on-1.60.jar:/home/user/.m2/repository/info/picocli/picocli/3.9.6/picocli-3.9.6.jar:/home/user/.m2/repository/com/google/protobuf/protobuf-java/2.5.0/protobuf-java-2.5.0.jar:/home/user/.m2/repository/com/google/guava/guava/11.0.2/guava-11.0.2.jar:/home/user/.m2/repository/org/apache/hadoop/hadoop-ozone-ozone-manager/0.5.0-SNAPSHOT/hadoop-ozone-ozone-manager-0.5.0-SNAPSHOT.jar:/home/user/.m2/repository/org/apache/hadoop/hadoop-minikdc/3.2.0/hadoop-minikdc-3.2.0.jar:/home/user/.m2/repository/commons-io/commons-io/2.5/commons-io-2.5.jar:/home/user/.m2/repository/org/apache/kerby/kerb-simplekdc/1.0.1/kerb-simplekdc-1.0.1.jar:/home/user/.m2/repository/org/apache/kerby/kerb-client/1.0.1/kerb-client-1.0.1.jar:/home/user/.m2/repository/org/apache/kerby/kerby-config/1.0.1/kerby-config-1.0.1.jar:/home/user/.m2/repository/org/apache/kerby/kerb-core/1.0.1/kerb-core-1.0.1.jar:/home/user/.m2/repository/org/apache/kerby/kerby-pkix/1.0.1/kerby-pkix-1.0.1.jar:/home/user/.m2/repository/org/apache/kerby/kerby-asn1/1.0.1/kerby-asn1-1.0.1.jar:/home/user/.m2/repository/org/apache/kerby/kerby-util/1.0.1/kerby-util-1.0.1.jar:/home/user/.m2/repository/org/apache/kerby/kerb-common/1.0.1/kerb-common-1.0.1.jar:/home/user/.m2/repository/org/apache/kerby/kerb-crypto/1.0.1/kerb-crypto-1.0.1.jar:/home/user/.m2/repository/org/apache/kerby/kerb-util/1.0.1/kerb-util-1.0.1.jar:/home/user/.m2/repository/org/apache/kerby/token-provider/1.0.1/token-provider-1.0.1.jar:/home/user/.m2/repository/org/apache/kerby/kerb-admin/1.0.1/kerb-admin-1.0.1.jar:/home/user/.m2/repository/org/apache/kerby/kerb-server/1.0.1/kerb-server-1.0.1.jar:/home/user/.m2/repository/org/apache/kerby/kerb-identity/1.0.1/kerb-identity-1.0.1.jar:/home/user/.m2/repository/org/apache/kerby/kerby-xdr/1.0.1/kerby-xdr-1.0.1.jar:/home/user/.m2/repository/org/slf4j/slf4j-log4j12/1.7.25/slf4j-log4j12-1.7.25.jar:/home/user/.m2/repository/org/apache/hadoop/hadoop-ozone-objectstore-service/0.5.0-SNAPSHOT/hadoop-ozone-objectstore-service-0.5.0-SNAPSHOT.jar:/home/user/.m2/repository/org/apache/hadoop/hadoop-ozone-s3gateway/0.5.0-SNAPSHOT/hadoop-ozone-s3gateway-0.5.0-SNAPSHOT.jar:/home/user/.m2/repository/org/jboss/weld/servlet/weld-servlet/2.4.7.Final/weld-servlet-2.4.7.Final.jar:/home/user/.m2/repository/org/glassfish/jersey/containers/jersey-container-servlet-core/2.27/jersey-container-servlet-core-2.27.jar:/home/user/.m2/repository/org/glassfish/hk2/external/javax.inject/2.5.0-b42/javax.inject-2.5.0-b42.jar:/home/user/.m2/repository/org/glassfish/jersey/core/jersey-common/2.27/jersey-common-2.27.jar:/home/user/.m2/repository/org/glassfish/hk2/osgi-resource-locator/1.0.1/osgi-resource-locator-1.0.1.jar:/home/user/.m2/repository/javax/ws/rs/javax.ws.rs-api/2.1/javax.ws.rs-api-2.1.jar:/home/user/.m2/repository/org/glassfish/jersey/ext/cdi/jersey-cdi1x/2.27/jersey-cdi1x-2.27.jar:/home/user/.m2/repository/org/glassfish/jersey/inject/jersey-hk2/2.27/jersey-hk2-2.27.jar:/home/user/.m2/repository/org/glassfish/hk2/hk2-locator/2.5.0-b42/hk2-locator-2.5.0-b42.jar:/home/user/.m2/repository/org/javassist/javassist/3.22.0-CR2/javassist-3.22.0-CR2.jar:/home/user/.m2/repository/org/glassfish/hk2/hk2-api/2.5.0/hk2-api-2.5.0.jar:/home/user/.m2/repository/org/glassfish/hk2/external/jakarta.inject/2.5.0/jakarta.inject-2.5.0.jar:/home/user/.m2/repository/org/glassfish/hk2/hk2-utils/2.5.0/hk2-utils-2.5.0.jar:/home/user/.m2/repository/jakarta/annotation/jakarta.annotation-api/1.3.4/jakarta.annotation-api-1.3.4.jar:/home/user/.m2/repository/org/glassfish/hk2/external/aopalliance-repackaged/2.5.0/aopalliance-repackaged-2.5.0.jar:/home/user/.m2/repository/com/fasterxml/jackson/dataformat/jackson-dataformat-xml/2.9.0/jackson-dataformat-xml-2.9.0.jar:/home/user/.m2/repository/com/fasterxml/jackson/core/jackson-core/2.9.5/jackson-core-2.9.5.jar:/home/user/.m2/repository/com/fasterxml/jackson/module/jackson-module-jaxb-annotations/2.9.5/jackson-module-jaxb-annotations-2.9.5.jar:/home/user/.m2/repository/javax/enterprise/cdi-api/1.2/cdi-api-1.2.jar:/home/user/.m2/repository/javax/el/javax.el-api/3.0.0/javax.el-api-3.0.0.jar:/home/user/.m2/repository/javax/interceptor/javax.interceptor-api/1.2/javax.interceptor-api-1.2.jar:/home/user/.m2/repository/javax/inject/javax.inject/1/javax.inject-1.jar:/home/user/.m2/repository/com/sun/xml/bind/jaxb-impl/2.3.0.1/jaxb-impl-2.3.0.1.jar:/home/user/.m2/repository/com/sun/xml/bind/jaxb-core/2.3.0.1/jaxb-core-2.3.0.1.jar:/home/user/.m2/repository/javax/xml/bind/jaxb-api/2.3.0/jaxb-api-2.3.0.jar:/home/user/.m2/repository/javax/activation/activation/1.1.1/activation-1.1.1.jar:/home/user/.m2/repository/org/apache/hadoop/hadoop-ozone-csi/0.5.0-SNAPSHOT/hadoop-ozone-csi-0.5.0-SNAPSHOT.jar:/home/user/.m2/repository/com/google/protobuf/protobuf-java-util/3.5.1/protobuf-java-util-3.5.1.jar:/home/user/.m2/repository/org/apache/hadoop/hadoop-hdds-config/0.5.0-SNAPSHOT/hadoop-hdds-config-0.5.0-SNAPSHOT.jar:/home/user/.m2/repository/io/grpc/grpc-netty/1.17.1/grpc-netty-1.17.1.jar:/home/user/.m2/repository/io/grpc/grpc-core/1.17.1/grpc-core-1.17.1.jar:/home/user/.m2/repository/io/grpc/grpc-context/1.17.1/grpc-context-1.17.1.jar:/home/user/.m2/repository/com/google/errorprone/error_prone_annotations/2.2.0/error_prone_annotations-2.2.0.jar:/home/user/.m2/repository/org/codehaus/mojo/animal-sniffer-annotations/1.17/animal-sniffer-annotations-1.17.jar:/home/user/.m2/repository/io/opencensus/opencensus-api/0.17.0/opencensus-api-0.17.0.jar:/home/user/.m2/repository/io/opencensus/opencensus-contrib-grpc-metrics/0.17.0/opencensus-contrib-grpc-metrics-0.17.0.jar:/home/user/.m2/repository/io/netty/netty-codec-http2/4.1.30.Final/netty-codec-http2-4.1.30.Final.jar:/home/user/.m2/repository/io/netty/netty-codec-http/4.1.30.Final/netty-codec-http-4.1.30.Final.jar:/home/user/.m2/repository/io/netty/netty-codec/4.1.30.Final/netty-codec-4.1.30.Final.jar:/home/user/.m2/repository/io/netty/netty-handler/4.1.30.Final/netty-handler-4.1.30.Final.jar:/home/user/.m2/repository/io/netty/netty-handler-proxy/4.1.30.Final/netty-handler-proxy-4.1.30.Final.jar:/home/user/.m2/repository/io/netty/netty-codec-socks/4.1.30.Final/netty-codec-socks-4.1.30.Final.jar:/home/user/.m2/repository/io/netty/netty-transport-native-epoll/4.1.30.Final/netty-transport-native-epoll-4.1.30.Final.jar:/home/user/.m2/repository/io/netty/netty-common/4.1.30.Final/netty-common-4.1.30.Final.jar:/home/user/.m2/repository/io/netty/netty-buffer/4.1.30.Final/netty-buffer-4.1.30.Final.jar:/home/user/.m2/repository/io/netty/netty-transport/4.1.30.Final/netty-transport-4.1.30.Final.jar:/home/user/.m2/repository/io/netty/netty-resolver/4.1.30.Final/netty-resolver-4.1.30.Final.jar:/home/user/.m2/repository/io/netty/netty-transport-native-unix-common/4.1.30.Final/netty-transport-native-unix-common-4.1.30.Final.jar:/home/user/.m2/repository/io/grpc/grpc-protobuf/1.17.1/grpc-protobuf-1.17.1.jar:/home/user/.m2/repository/com/google/api/grpc/proto-google-common-protos/1.0.0/proto-google-common-protos-1.0.0.jar:/home/user/.m2/repository/io/grpc/grpc-protobuf-lite/1.17.1/grpc-protobuf-lite-1.17.1.jar:/home/user/.m2/repository/io/grpc/grpc-stub/1.17.1/grpc-stub-1.17.1.jar:/home/user/.m2/repository/org/apache/hadoop/hadoop-ozone-recon/0.5.0-SNAPSHOT/hadoop-ozone-recon-0.5.0-SNAPSHOT.jar:/home/user/.m2/repository/org/apache/hadoop/hadoop-ozone-reconcodegen/0.5.0-SNAPSHOT/hadoop-ozone-reconcodegen-0.5.0-SNAPSHOT.jar:/home/user/.m2/repository/com/google/inject/extensions/guice-multibindings/4.0/guice-multibindings-4.0.jar:/home/user/.m2/repository/com/google/inject/guice/4.0/guice-4.0.jar:/home/user/.m2/repository/aopalliance/aopalliance/1.0/aopalliance-1.0.jar:/home/user/.m2/repository/com/google/inject/extensions/guice-servlet/4.0/guice-servlet-4.0.jar:/home/user/.m2/repository/org/glassfish/jersey/containers/jersey-container-servlet/2.27/jersey-container-servlet-2.27.jar:/home/user/.m2/repository/org/glassfish/hk2/guice-bridge/2.5.0/guice-bridge-2.5.0.jar:/home/user/.m2/repository/org/glassfish/jersey/core/jersey-server/2.27/jersey-server-2.27.jar:/home/user/.m2/repository/org/glassfish/jersey/core/jersey-client/2.27/jersey-client-2.27.jar:/home/user/.m2/repository/org/glassfish/jersey/media/jersey-media-jaxb/2.27/jersey-media-jaxb-2.27.jar:/home/user/.m2/repository/javax/validation/validation-api/1.1.0.Final/validation-api-1.1.0.Final.jar:/home/user/.m2/repository/org/glassfish/jersey/media/jersey-media-json-jackson/2.27/jersey-media-json-jackson-2.27.jar:/home/user/.m2/repository/org/glassfish/jersey/ext/jersey-entity-filtering/2.27/jersey-entity-filtering-2.27.jar:/home/user/.m2/repository/com/google/inject/extensions/guice-assistedinject/4.0/guice-assistedinject-4.0.jar:/home/user/.m2/repository/org/jooq/jooq/3.11.10/jooq-3.11.10.jar:/home/user/.m2/repository/org/jooq/jooq-meta/3.11.10/jooq-meta-3.11.10.jar:/home/user/.m2/repository/org/jooq/jooq-codegen/3.11.10/jooq-codegen-3.11.10.jar:/home/user/.m2/repository/com/jolbox/bonecp/0.8.0.RELEASE/bonecp-0.8.0.RELEASE.jar:/home/user/.m2/repository/org/xerial/sqlite-jdbc/3.25.2/sqlite-jdbc-3.25.2.jar:/home/user/.m2/repository/org/springframework/spring-jdbc/5.1.3.RELEASE/spring-jdbc-5.1.3.RELEASE.jar:/home/user/.m2/repository/org/springframework/spring-beans/5.1.3.RELEASE/spring-beans-5.1.3.RELEASE.jar:/home/user/.m2/repository/org/springframework/spring-core/5.1.3.RELEASE/spring-core-5.1.3.RELEASE.jar:/home/user/.m2/repository/org/springframework/spring-jcl/5.1.3.RELEASE/spring-jcl-5.1.3.RELEASE.jar:/home/user/.m2/repository/org/springframework/spring-tx/5.1.3.RELEASE/spring-tx-5.1.3.RELEASE.jar:/home/user/.m2/repository/org/apache/hadoop/hadoop-ozone-client/0.5.0-SNAPSHOT/hadoop-ozone-client-0.5.0-SNAPSHOT.jar:/home/user/.m2/repository/commons-lang/commons-lang/2.6/commons-lang-2.6.jar:/home/user/.m2/repository/org/apache/hadoop/hadoop-ozone-ozone-manager/0.5.0-SNAPSHOT/hadoop-ozone-ozone-manager-0.5.0-SNAPSHOT-tests.jar:/home/user/.m2/repository/junit/junit/4.11/junit-4.11.jar:/home/user/.m2/repository/org/hamcrest/hamcrest-core/1.3/hamcrest-core-1.3.jar:/home/user/.m2/repository/org/openjdk/jmh/jmh-core/1.19/jmh-core-1.19.jar:/home/user/.m2/repository/net/sf/jopt-simple/jopt-simple/4.6/jopt-simple-4.6.jar:/home/user/.m2/repository/org/apache/commons/commons-math3/3.1.1/commons-math3-3.1.1.jar:/home/user/.m2/repository/org/openjdk/jmh/jmh-generator-annprocess/1.19/jmh-generator-annprocess-1.19.jar:/home/user/.m2/repository/org/mockito/mockito-all/1.8.5/mockito-all-1.8.5.jar:/home/user/.m2/repository/org/apache/hadoop/hadoop-kms/3.2.0/hadoop-kms-3.2.0.jar:/home/user/.m2/repository/org/apache/hadoop/hadoop-auth/3.2.0/hadoop-auth-3.2.0.jar:/home/user/.m2/repository/com/nimbusds/nimbus-jose-jwt/4.41.1/nimbus-jose-jwt-4.41.1.jar:/home/user/.m2/repository/com/github/stephenc/jcip/jcip-annotations/1.0-1/jcip-annotations-1.0-1.jar:/home/user/.m2/repository/net/minidev/json-smart/2.3/json-smart-2.3.jar:/home/user/.m2/repository/net/minidev/accessors-smart/1.2/accessors-smart-1.2.jar:/home/user/.m2/repository/org/ow2/asm/asm/5.0.4/asm-5.0.4.jar:/home/user/.m2/repository/org/apache/curator/curator-framework/2.12.0/curator-framework-2.12.0.jar:/home/user/.m2/repository/com/sun/jersey/jersey-core/1.19/jersey-core-1.19.jar:/home/user/.m2/repository/javax/ws/rs/jsr311-api/1.1.1/jsr311-api-1.1.1.jar:/home/user/.m2/repository/com/sun/jersey/jersey-server/1.19/jersey-server-1.19.jar:/home/user/.m2/repository/javax/servlet/javax.servlet-api/3.1.0/javax.servlet-api-3.1.0.jar:/home/user/.m2/repository/org/eclipse/jetty/jetty-server/9.3.24.v20180605/jetty-server-9.3.24.v20180605.jar:/home/user/.m2/repository/org/eclipse/jetty/jetty-http/9.3.24.v20180605/jetty-http-9.3.24.v20180605.jar:/home/user/.m2/repository/org/eclipse/jetty/jetty-io/9.3.24.v20180605/jetty-io-9.3.24.v20180605.jar:/home/user/.m2/repository/org/eclipse/jetty/jetty-webapp/9.3.24.v20180605/jetty-webapp-9.3.24.v20180605.jar:/home/user/.m2/repository/org/eclipse/jetty/jetty-xml/9.3.24.v20180605/jetty-xml-9.3.24.v20180605.jar:/home/user/.m2/repository/log4j/log4j/1.2.17/log4j-1.2.17.jar:/home/user/.m2/repository/org/slf4j/slf4j-api/1.7.25/slf4j-api-1.7.25.jar:/home/user/.m2/repository/org/slf4j/jul-to-slf4j/1.7.25/jul-to-slf4j-1.7.25.jar:/home/user/.m2/repository/org/eclipse/jetty/jetty-util/9.3.24.v20180605/jetty-util-9.3.24.v20180605.jar:/home/user/.m2/repository/com/fasterxml/jackson/core/jackson-databind/2.9.5/jackson-databind-2.9.5.jar:/home/user/.m2/repository/org/apache/hadoop/hadoop-kms/3.2.0/hadoop-kms-3.2.0-tests.jar:/home/user/.m2/repository/org/apache/hadoop/hadoop-hdds-server-scm/0.5.0-SNAPSHOT/hadoop-hdds-server-scm-0.5.0-SNAPSHOT-tests.jar:/home/user/.m2/repository/org/apache/hadoop/hadoop-hdds-container-service/0.5.0-SNAPSHOT/hadoop-hdds-container-service-0.5.0-SNAPSHOT-tests.jar:/home/user/.m2/repository/org/yaml/snakeyaml/1.16/snakeyaml-1.16.jar:/home/user/.m2/repository/org/apache/hadoop/hadoop-common/3.2.0/hadoop-common-3.2.0-tests.jar:/home/user/.m2/repository/org/apache/hadoop/hadoop-annotations/3.2.0/hadoop-annotations-3.2.0.jar:/usr/lib/jvm/java-1.8-openjdk/jre/../lib/tools.jar:/home/user/.m2/repository/commons-cli/commons-cli/1.2/commons-cli-1.2.jar:/home/user/.m2/repository/org/apache/httpcomponents/httpclient/4.5.2/httpclient-4.5.2.jar:/home/user/.m2/repository/org/apache/httpcomponents/httpcore/4.4.4/httpcore-4.4.4.jar:/home/user/.m2/repository/commons-codec/commons-codec/1.11/commons-codec-1.11.jar:/home/user/.m2/repository/commons-net/commons-net/3.6/commons-net-3.6.jar:/home/user/.m2/repository/commons-collections/commons-collections/3.2.2/commons-collections-3.2.2.jar:/home/user/.m2/repository/org/eclipse/jetty/jetty-servlet/9.3.24.v20180605/jetty-servlet-9.3.24.v20180605.jar:/home/user/.m2/repository/org/eclipse/jetty/jetty-security/9.3.24.v20180605/jetty-security-9.3.24.v20180605.jar:/home/user/.m2/repository/javax/servlet/jsp/jsp-api/2.1/jsp-api-2.1.jar:/home/user/.m2/repository/com/sun/jersey/jersey-servlet/1.19/jersey-servlet-1.19.jar:/home/user/.m2/repository/com/sun/jersey/jersey-json/1.19/jersey-json-1.19.jar:/home/user/.m2/repository/org/codehaus/jettison/jettison/1.1/jettison-1.1.jar:/home/user/.m2/repository/org/codehaus/jackson/jackson-core-asl/1.9.13/jackson-core-asl-1.9.13.jar:/home/user/.m2/repository/org/codehaus/jackson/jackson-mapper-asl/1.9.13/jackson-mapper-asl-1.9.13.jar:/home/user/.m2/repository/org/codehaus/jackson/jackson-jaxrs/1.9.13/jackson-jaxrs-1.9.13.jar:/home/user/.m2/repository/org/codehaus/jackson/jackson-xc/1.9.13/jackson-xc-1.9.13.jar:/home/user/.m2/repository/commons-logging/commons-logging/1.1.3/commons-logging-1.1.3.jar:/home/user/.m2/repository/commons-beanutils/commons-beanutils/1.9.3/commons-beanutils-1.9.3.jar:/home/user/.m2/repository/org/apache/commons/commons-configuration2/2.1.1/commons-configuration2-2.1.1.jar:/home/user/.m2/repository/org/apache/commons/commons-lang3/3.7/commons-lang3-3.7.jar:/home/user/.m2/repository/org/apache/commons/commons-text/1.4/commons-text-1.4.jar:/home/user/.m2/repository/org/apache/avro/avro/1.7.7/avro-1.7.7.jar:/home/user/.m2/repository/com/thoughtworks/paranamer/paranamer/2.3/paranamer-2.3.jar:/home/user/.m2/repository/org/xerial/snappy/snappy-java/1.0.5/snappy-java-1.0.5.jar:/home/user/.m2/repository/com/google/re2j/re2j/1.1/re2j-1.1.jar:/home/user/.m2/repository/com/google/code/gson/gson/2.2.4/gson-2.2.4.jar:/home/user/.m2/repository/com/jcraft/jsch/0.1.54/jsch-0.1.54.jar:/home/user/.m2/repository/org/apache/curator/curator-client/2.12.0/curator-client-2.12.0.jar:/home/user/.m2/repository/org/apache/curator/curator-recipes/2.12.0/curator-recipes-2.12.0.jar:/home/user/.m2/repository/com/google/code/findbugs/jsr305/3.0.0/jsr305-3.0.0.jar:/home/user/.m2/repository/org/apache/htrace/htrace-core4/4.1.0-incubating/htrace-core4-4.1.0-incubating.jar:/home/user/.m2/repository/org/apache/zookeeper/zookeeper/3.4.13/zookeeper-3.4.13.jar:/home/user/.m2/repository/org/apache/yetus/audience-annotations/0.5.0/audience-annotations-0.5.0.jar:/home/user/.m2/repository/org/codehaus/woodstox/stax2-api/3.1.4/stax2-api-3.1.4.jar:/home/user/.m2/repository/com/fasterxml/woodstox/woodstox-core/5.0.3/woodstox-core-5.0.3.jar:/home/user/.m2/repository/dnsjava/dnsjava/2.1.7/dnsjava-2.1.7.jar:/home/user/.m2/repository/org/apache/hadoop/hadoop-hdfs/3.2.0/hadoop-hdfs-3.2.0-tests.jar:/home/user/.m2/repository/org/eclipse/jetty/jetty-util-ajax/9.3.24.v20180605/jetty-util-ajax-9.3.24.v20180605.jar:/home/user/.m2/repository/commons-daemon/commons-daemon/1.0.13/commons-daemon-1.0.13.jar:/home/user/.m2/repository/io/netty/netty/3.10.5.Final/netty-3.10.5.Final.jar:/home/user/.m2/repository/io/netty/netty-all/4.0.52.Final/netty-all-4.0.52.Final.jar:/home/user/.m2/repository/org/fusesource/leveldbjni/leveldbjni-all/1.8/leveldbjni-all-1.8.jar:"/>
    <property name="java.vm.vendor" value="IcedTea"/>
    <property name="sun.arch.data.model" value="64"/>
    <property name="test.build.dir" value="/workdir/hadoop-ozone/integration-test/target/test-dir"/>
    <property name="test.cache.data" value=""/>
    <property name="java.vendor.url" value="https://icedtea.classpath.org"/>
    <property name="user.timezone" value=""/>
    <property name="java.vm.specification.version" value="1.8"/>
    <property name="os.name" value="Linux"/>
    <property name="test.build.data" value="/workdir/hadoop-ozone/integration-test/target/test-dir"/>
    <property name="user.country" value="US"/>
    <property name="sun.java.launcher" value="SUN_STANDARD"/>
    <property name="sun.boot.library.path" value="/usr/lib/jvm/java-1.8-openjdk/jre/lib/amd64"/>
    <property name="sun.java.command" value="/workdir/hadoop-ozone/integration-test/target/surefire/surefirebooter6180294993100228154.jar /workdir/hadoop-ozone/integration-test/target/surefire 2019-08-21T13-39-29_758-jvmRun1 surefire2832035237158658380tmp surefire_204654371028773462197tmp"/>
    <property name="test" value="!TestMiniChaosOzoneCluster"/>
    <property name="surefire.test.class.path" value="/workdir/hadoop-ozone/integration-test/target/test-classes:/workdir/hadoop-ozone/integration-test/target/classes:/home/user/.m2/repository/org/apache/hadoop/hadoop-ozone-common/0.5.0-SNAPSHOT/hadoop-ozone-common-0.5.0-SNAPSHOT.jar:/home/user/.m2/repository/org/apache/commons/commons-compress/1.4.1/commons-compress-1.4.1.jar:/home/user/.m2/repository/org/tukaani/xz/1.0/xz-1.0.jar:/home/user/.m2/repository/org/apache/hadoop/hadoop-common/3.2.0/hadoop-common-3.2.0.jar:/home/user/.m2/repository/org/apache/hadoop/hadoop-hdfs/3.2.0/hadoop-hdfs-3.2.0.jar:/home/user/.m2/repository/org/apache/hadoop/hadoop-hdfs-client/3.2.0/hadoop-hdfs-client-3.2.0.jar:/home/user/.m2/repository/com/fasterxml/jackson/core/jackson-annotations/2.9.5/jackson-annotations-2.9.5.jar:/home/user/.m2/repository/org/apache/hadoop/hadoop-hdds-common/0.5.0-SNAPSHOT/hadoop-hdds-common-0.5.0-SNAPSHOT.jar:/home/user/.m2/repository/javax/annotation/javax.annotation-api/1.2/javax.annotation-api-1.2.jar:/home/user/.m2/repository/org/apache/ratis/ratis-server/0.4.0-2337318-SNAPSHOT/ratis-server-0.4.0-2337318-SNAPSHOT.jar:/home/user/.m2/repository/org/apache/ratis/ratis-thirdparty-misc/0.2.0/ratis-thirdparty-misc-0.2.0.jar:/home/user/.m2/repository/org/apache/ratis/ratis-proto/0.4.0-2337318-SNAPSHOT/ratis-proto-0.4.0-2337318-SNAPSHOT.jar:/home/user/.m2/repository/org/apache/ratis/ratis-common/0.4.0-2337318-SNAPSHOT/ratis-common-0.4.0-2337318-SNAPSHOT.jar:/home/user/.m2/repository/org/apache/ratis/ratis-client/0.4.0-2337318-SNAPSHOT/ratis-client-0.4.0-2337318-SNAPSHOT.jar:/home/user/.m2/repository/org/apache/ratis/ratis-metrics/0.4.0-2337318-SNAPSHOT/ratis-metrics-0.4.0-2337318-SNAPSHOT.jar:/home/user/.m2/repository/org/apache/ratis/ratis-netty/0.4.0-2337318-SNAPSHOT/ratis-netty-0.4.0-2337318-SNAPSHOT.jar:/home/user/.m2/repository/org/apache/ratis/ratis-grpc/0.4.0-2337318-SNAPSHOT/ratis-grpc-0.4.0-2337318-SNAPSHOT.jar:/home/user/.m2/repository/org/rocksdb/rocksdbjni/6.0.1/rocksdbjni-6.0.1.jar:/home/user/.m2/repository/org/apache/logging/log4j/log4j-api/2.11.0/log4j-api-2.11.0.jar:/home/user/.m2/repository/org/apache/logging/log4j/log4j-core/2.11.0/log4j-core-2.11.0.jar:/home/user/.m2/repository/com/lmax/disruptor/3.4.2/disruptor-3.4.2.jar:/home/user/.m2/repository/org/apache/commons/commons-pool2/2.6.0/commons-pool2-2.6.0.jar:/home/user/.m2/repository/org/bouncycastle/bcpkix-jdk15on/1.60/bcpkix-jdk15on-1.60.jar:/home/user/.m2/repository/commons-validator/commons-validator/1.6/commons-validator-1.6.jar:/home/user/.m2/repository/commons-digester/commons-digester/1.8.1/commons-digester-1.8.1.jar:/home/user/.m2/repository/io/jaegertracing/jaeger-client/0.33.1/jaeger-client-0.33.1.jar:/home/user/.m2/repository/io/jaegertracing/jaeger-thrift/0.33.1/jaeger-thrift-0.33.1.jar:/home/user/.m2/repository/org/apache/thrift/libthrift/0.11.0/libthrift-0.11.0.jar:/home/user/.m2/repository/com/squareup/okhttp3/okhttp/3.9.0/okhttp-3.9.0.jar:/home/user/.m2/repository/com/squareup/okio/okio/1.13.0/okio-1.13.0.jar:/home/user/.m2/repository/io/jaegertracing/jaeger-core/0.33.1/jaeger-core-0.33.1.jar:/home/user/.m2/repository/io/jaegertracing/jaeger-tracerresolver/0.33.1/jaeger-tracerresolver-0.33.1.jar:/home/user/.m2/repository/io/opentracing/contrib/opentracing-tracerresolver/0.1.5/opentracing-tracerresolver-0.1.5.jar:/home/user/.m2/repository/io/opentracing/opentracing-util/0.31.0/opentracing-util-0.31.0.jar:/home/user/.m2/repository/io/opentracing/opentracing-api/0.31.0/opentracing-api-0.31.0.jar:/home/user/.m2/repository/io/opentracing/opentracing-noop/0.31.0/opentracing-noop-0.31.0.jar:/home/user/.m2/repository/org/apache/hadoop/hadoop-hdds-server-framework/0.5.0-SNAPSHOT/hadoop-hdds-server-framework-0.5.0-SNAPSHOT.jar:/home/user/.m2/repository/org/apache/hadoop/hadoop-hdds-container-service/0.5.0-SNAPSHOT/hadoop-hdds-container-service-0.5.0-SNAPSHOT.jar:/home/user/.m2/repository/org/apache/hadoop/hadoop-hdds-client/0.5.0-SNAPSHOT/hadoop-hdds-client-0.5.0-SNAPSHOT.jar:/home/user/.m2/repository/org/apache/hadoop/hadoop-hdds-tools/0.5.0-SNAPSHOT/hadoop-hdds-tools-0.5.0-SNAPSHOT.jar:/home/user/.m2/repository/org/apache/hadoop/hadoop-hdds-server-scm/0.5.0-SNAPSHOT/hadoop-hdds-server-scm-0.5.0-SNAPSHOT.jar:/home/user/.m2/repository/org/apache/hadoop/hadoop-hdds-docs/0.5.0-SNAPSHOT/hadoop-hdds-docs-0.5.0-SNAPSHOT.jar:/home/user/.m2/repository/io/dropwizard/metrics/metrics-core/3.2.4/metrics-core-3.2.4.jar:/home/user/.m2/repository/org/hamcrest/hamcrest-all/1.3/hamcrest-all-1.3.jar:/home/user/.m2/repository/org/bouncycastle/bcprov-jdk15on/1.60/bcprov-jdk15on-1.60.jar:/home/user/.m2/repository/info/picocli/picocli/3.9.6/picocli-3.9.6.jar:/home/user/.m2/repository/com/google/protobuf/protobuf-java/2.5.0/protobuf-java-2.5.0.jar:/home/user/.m2/repository/com/google/guava/guava/11.0.2/guava-11.0.2.jar:/home/user/.m2/repository/org/apache/hadoop/hadoop-ozone-ozone-manager/0.5.0-SNAPSHOT/hadoop-ozone-ozone-manager-0.5.0-SNAPSHOT.jar:/home/user/.m2/repository/org/apache/hadoop/hadoop-minikdc/3.2.0/hadoop-minikdc-3.2.0.jar:/home/user/.m2/repository/commons-io/commons-io/2.5/commons-io-2.5.jar:/home/user/.m2/repository/org/apache/kerby/kerb-simplekdc/1.0.1/kerb-simplekdc-1.0.1.jar:/home/user/.m2/repository/org/apache/kerby/kerb-client/1.0.1/kerb-client-1.0.1.jar:/home/user/.m2/repository/org/apache/kerby/kerby-config/1.0.1/kerby-config-1.0.1.jar:/home/user/.m2/repository/org/apache/kerby/kerb-core/1.0.1/kerb-core-1.0.1.jar:/home/user/.m2/repository/org/apache/kerby/kerby-pkix/1.0.1/kerby-pkix-1.0.1.jar:/home/user/.m2/repository/org/apache/kerby/kerby-asn1/1.0.1/kerby-asn1-1.0.1.jar:/home/user/.m2/repository/org/apache/kerby/kerby-util/1.0.1/kerby-util-1.0.1.jar:/home/user/.m2/repository/org/apache/kerby/kerb-common/1.0.1/kerb-common-1.0.1.jar:/home/user/.m2/repository/org/apache/kerby/kerb-crypto/1.0.1/kerb-crypto-1.0.1.jar:/home/user/.m2/repository/org/apache/kerby/kerb-util/1.0.1/kerb-util-1.0.1.jar:/home/user/.m2/repository/org/apache/kerby/token-provider/1.0.1/token-provider-1.0.1.jar:/home/user/.m2/repository/org/apache/kerby/kerb-admin/1.0.1/kerb-admin-1.0.1.jar:/home/user/.m2/repository/org/apache/kerby/kerb-server/1.0.1/kerb-server-1.0.1.jar:/home/user/.m2/repository/org/apache/kerby/kerb-identity/1.0.1/kerb-identity-1.0.1.jar:/home/user/.m2/repository/org/apache/kerby/kerby-xdr/1.0.1/kerby-xdr-1.0.1.jar:/home/user/.m2/repository/org/slf4j/slf4j-log4j12/1.7.25/slf4j-log4j12-1.7.25.jar:/home/user/.m2/repository/org/apache/hadoop/hadoop-ozone-objectstore-service/0.5.0-SNAPSHOT/hadoop-ozone-objectstore-service-0.5.0-SNAPSHOT.jar:/home/user/.m2/repository/org/apache/hadoop/hadoop-ozone-s3gateway/0.5.0-SNAPSHOT/hadoop-ozone-s3gateway-0.5.0-SNAPSHOT.jar:/home/user/.m2/repository/org/jboss/weld/servlet/weld-servlet/2.4.7.Final/weld-servlet-2.4.7.Final.jar:/home/user/.m2/repository/org/glassfish/jersey/containers/jersey-container-servlet-core/2.27/jersey-container-servlet-core-2.27.jar:/home/user/.m2/repository/org/glassfish/hk2/external/javax.inject/2.5.0-b42/javax.inject-2.5.0-b42.jar:/home/user/.m2/repository/org/glassfish/jersey/core/jersey-common/2.27/jersey-common-2.27.jar:/home/user/.m2/repository/org/glassfish/hk2/osgi-resource-locator/1.0.1/osgi-resource-locator-1.0.1.jar:/home/user/.m2/repository/javax/ws/rs/javax.ws.rs-api/2.1/javax.ws.rs-api-2.1.jar:/home/user/.m2/repository/org/glassfish/jersey/ext/cdi/jersey-cdi1x/2.27/jersey-cdi1x-2.27.jar:/home/user/.m2/repository/org/glassfish/jersey/inject/jersey-hk2/2.27/jersey-hk2-2.27.jar:/home/user/.m2/repository/org/glassfish/hk2/hk2-locator/2.5.0-b42/hk2-locator-2.5.0-b42.jar:/home/user/.m2/repository/org/javassist/javassist/3.22.0-CR2/javassist-3.22.0-CR2.jar:/home/user/.m2/repository/org/glassfish/hk2/hk2-api/2.5.0/hk2-api-2.5.0.jar:/home/user/.m2/repository/org/glassfish/hk2/external/jakarta.inject/2.5.0/jakarta.inject-2.5.0.jar:/home/user/.m2/repository/org/glassfish/hk2/hk2-utils/2.5.0/hk2-utils-2.5.0.jar:/home/user/.m2/repository/jakarta/annotation/jakarta.annotation-api/1.3.4/jakarta.annotation-api-1.3.4.jar:/home/user/.m2/repository/org/glassfish/hk2/external/aopalliance-repackaged/2.5.0/aopalliance-repackaged-2.5.0.jar:/home/user/.m2/repository/com/fasterxml/jackson/dataformat/jackson-dataformat-xml/2.9.0/jackson-dataformat-xml-2.9.0.jar:/home/user/.m2/repository/com/fasterxml/jackson/core/jackson-core/2.9.5/jackson-core-2.9.5.jar:/home/user/.m2/repository/com/fasterxml/jackson/module/jackson-module-jaxb-annotations/2.9.5/jackson-module-jaxb-annotations-2.9.5.jar:/home/user/.m2/repository/javax/enterprise/cdi-api/1.2/cdi-api-1.2.jar:/home/user/.m2/repository/javax/el/javax.el-api/3.0.0/javax.el-api-3.0.0.jar:/home/user/.m2/repository/javax/interceptor/javax.interceptor-api/1.2/javax.interceptor-api-1.2.jar:/home/user/.m2/repository/javax/inject/javax.inject/1/javax.inject-1.jar:/home/user/.m2/repository/com/sun/xml/bind/jaxb-impl/2.3.0.1/jaxb-impl-2.3.0.1.jar:/home/user/.m2/repository/com/sun/xml/bind/jaxb-core/2.3.0.1/jaxb-core-2.3.0.1.jar:/home/user/.m2/repository/javax/xml/bind/jaxb-api/2.3.0/jaxb-api-2.3.0.jar:/home/user/.m2/repository/javax/activation/activation/1.1.1/activation-1.1.1.jar:/home/user/.m2/repository/org/apache/hadoop/hadoop-ozone-csi/0.5.0-SNAPSHOT/hadoop-ozone-csi-0.5.0-SNAPSHOT.jar:/home/user/.m2/repository/com/google/protobuf/protobuf-java-util/3.5.1/protobuf-java-util-3.5.1.jar:/home/user/.m2/repository/org/apache/hadoop/hadoop-hdds-config/0.5.0-SNAPSHOT/hadoop-hdds-config-0.5.0-SNAPSHOT.jar:/home/user/.m2/repository/io/grpc/grpc-netty/1.17.1/grpc-netty-1.17.1.jar:/home/user/.m2/repository/io/grpc/grpc-core/1.17.1/grpc-core-1.17.1.jar:/home/user/.m2/repository/io/grpc/grpc-context/1.17.1/grpc-context-1.17.1.jar:/home/user/.m2/repository/com/google/errorprone/error_prone_annotations/2.2.0/error_prone_annotations-2.2.0.jar:/home/user/.m2/repository/org/codehaus/mojo/animal-sniffer-annotations/1.17/animal-sniffer-annotations-1.17.jar:/home/user/.m2/repository/io/opencensus/opencensus-api/0.17.0/opencensus-api-0.17.0.jar:/home/user/.m2/repository/io/opencensus/opencensus-contrib-grpc-metrics/0.17.0/opencensus-contrib-grpc-metrics-0.17.0.jar:/home/user/.m2/repository/io/netty/netty-codec-http2/4.1.30.Final/netty-codec-http2-4.1.30.Final.jar:/home/user/.m2/repository/io/netty/netty-codec-http/4.1.30.Final/netty-codec-http-4.1.30.Final.jar:/home/user/.m2/repository/io/netty/netty-codec/4.1.30.Final/netty-codec-4.1.30.Final.jar:/home/user/.m2/repository/io/netty/netty-handler/4.1.30.Final/netty-handler-4.1.30.Final.jar:/home/user/.m2/repository/io/netty/netty-handler-proxy/4.1.30.Final/netty-handler-proxy-4.1.30.Final.jar:/home/user/.m2/repository/io/netty/netty-codec-socks/4.1.30.Final/netty-codec-socks-4.1.30.Final.jar:/home/user/.m2/repository/io/netty/netty-transport-native-epoll/4.1.30.Final/netty-transport-native-epoll-4.1.30.Final.jar:/home/user/.m2/repository/io/netty/netty-common/4.1.30.Final/netty-common-4.1.30.Final.jar:/home/user/.m2/repository/io/netty/netty-buffer/4.1.30.Final/netty-buffer-4.1.30.Final.jar:/home/user/.m2/repository/io/netty/netty-transport/4.1.30.Final/netty-transport-4.1.30.Final.jar:/home/user/.m2/repository/io/netty/netty-resolver/4.1.30.Final/netty-resolver-4.1.30.Final.jar:/home/user/.m2/repository/io/netty/netty-transport-native-unix-common/4.1.30.Final/netty-transport-native-unix-common-4.1.30.Final.jar:/home/user/.m2/repository/io/grpc/grpc-protobuf/1.17.1/grpc-protobuf-1.17.1.jar:/home/user/.m2/repository/com/google/api/grpc/proto-google-common-protos/1.0.0/proto-google-common-protos-1.0.0.jar:/home/user/.m2/repository/io/grpc/grpc-protobuf-lite/1.17.1/grpc-protobuf-lite-1.17.1.jar:/home/user/.m2/repository/io/grpc/grpc-stub/1.17.1/grpc-stub-1.17.1.jar:/home/user/.m2/repository/org/apache/hadoop/hadoop-ozone-recon/0.5.0-SNAPSHOT/hadoop-ozone-recon-0.5.0-SNAPSHOT.jar:/home/user/.m2/repository/org/apache/hadoop/hadoop-ozone-reconcodegen/0.5.0-SNAPSHOT/hadoop-ozone-reconcodegen-0.5.0-SNAPSHOT.jar:/home/user/.m2/repository/com/google/inject/extensions/guice-multibindings/4.0/guice-multibindings-4.0.jar:/home/user/.m2/repository/com/google/inject/guice/4.0/guice-4.0.jar:/home/user/.m2/repository/aopalliance/aopalliance/1.0/aopalliance-1.0.jar:/home/user/.m2/repository/com/google/inject/extensions/guice-servlet/4.0/guice-servlet-4.0.jar:/home/user/.m2/repository/org/glassfish/jersey/containers/jersey-container-servlet/2.27/jersey-container-servlet-2.27.jar:/home/user/.m2/repository/org/glassfish/hk2/guice-bridge/2.5.0/guice-bridge-2.5.0.jar:/home/user/.m2/repository/org/glassfish/jersey/core/jersey-server/2.27/jersey-server-2.27.jar:/home/user/.m2/repository/org/glassfish/jersey/core/jersey-client/2.27/jersey-client-2.27.jar:/home/user/.m2/repository/org/glassfish/jersey/media/jersey-media-jaxb/2.27/jersey-media-jaxb-2.27.jar:/home/user/.m2/repository/javax/validation/validation-api/1.1.0.Final/validation-api-1.1.0.Final.jar:/home/user/.m2/repository/org/glassfish/jersey/media/jersey-media-json-jackson/2.27/jersey-media-json-jackson-2.27.jar:/home/user/.m2/repository/org/glassfish/jersey/ext/jersey-entity-filtering/2.27/jersey-entity-filtering-2.27.jar:/home/user/.m2/repository/com/google/inject/extensions/guice-assistedinject/4.0/guice-assistedinject-4.0.jar:/home/user/.m2/repository/org/jooq/jooq/3.11.10/jooq-3.11.10.jar:/home/user/.m2/repository/org/jooq/jooq-meta/3.11.10/jooq-meta-3.11.10.jar:/home/user/.m2/repository/org/jooq/jooq-codegen/3.11.10/jooq-codegen-3.11.10.jar:/home/user/.m2/repository/com/jolbox/bonecp/0.8.0.RELEASE/bonecp-0.8.0.RELEASE.jar:/home/user/.m2/repository/org/xerial/sqlite-jdbc/3.25.2/sqlite-jdbc-3.25.2.jar:/home/user/.m2/repository/org/springframework/spring-jdbc/5.1.3.RELEASE/spring-jdbc-5.1.3.RELEASE.jar:/home/user/.m2/repository/org/springframework/spring-beans/5.1.3.RELEASE/spring-beans-5.1.3.RELEASE.jar:/home/user/.m2/repository/org/springframework/spring-core/5.1.3.RELEASE/spring-core-5.1.3.RELEASE.jar:/home/user/.m2/repository/org/springframework/spring-jcl/5.1.3.RELEASE/spring-jcl-5.1.3.RELEASE.jar:/home/user/.m2/repository/org/springframework/spring-tx/5.1.3.RELEASE/spring-tx-5.1.3.RELEASE.jar:/home/user/.m2/repository/org/apache/hadoop/hadoop-ozone-client/0.5.0-SNAPSHOT/hadoop-ozone-client-0.5.0-SNAPSHOT.jar:/home/user/.m2/repository/commons-lang/commons-lang/2.6/commons-lang-2.6.jar:/home/user/.m2/repository/org/apache/hadoop/hadoop-ozone-ozone-manager/0.5.0-SNAPSHOT/hadoop-ozone-ozone-manager-0.5.0-SNAPSHOT-tests.jar:/home/user/.m2/repository/junit/junit/4.11/junit-4.11.jar:/home/user/.m2/repository/org/hamcrest/hamcrest-core/1.3/hamcrest-core-1.3.jar:/home/user/.m2/repository/org/openjdk/jmh/jmh-core/1.19/jmh-core-1.19.jar:/home/user/.m2/repository/net/sf/jopt-simple/jopt-simple/4.6/jopt-simple-4.6.jar:/home/user/.m2/repository/org/apache/commons/commons-math3/3.1.1/commons-math3-3.1.1.jar:/home/user/.m2/repository/org/openjdk/jmh/jmh-generator-annprocess/1.19/jmh-generator-annprocess-1.19.jar:/home/user/.m2/repository/org/mockito/mockito-all/1.8.5/mockito-all-1.8.5.jar:/home/user/.m2/repository/org/apache/hadoop/hadoop-kms/3.2.0/hadoop-kms-3.2.0.jar:/home/user/.m2/repository/org/apache/hadoop/hadoop-auth/3.2.0/hadoop-auth-3.2.0.jar:/home/user/.m2/repository/com/nimbusds/nimbus-jose-jwt/4.41.1/nimbus-jose-jwt-4.41.1.jar:/home/user/.m2/repository/com/github/stephenc/jcip/jcip-annotations/1.0-1/jcip-annotations-1.0-1.jar:/home/user/.m2/repository/net/minidev/json-smart/2.3/json-smart-2.3.jar:/home/user/.m2/repository/net/minidev/accessors-smart/1.2/accessors-smart-1.2.jar:/home/user/.m2/repository/org/ow2/asm/asm/5.0.4/asm-5.0.4.jar:/home/user/.m2/repository/org/apache/curator/curator-framework/2.12.0/curator-framework-2.12.0.jar:/home/user/.m2/repository/com/sun/jersey/jersey-core/1.19/jersey-core-1.19.jar:/home/user/.m2/repository/javax/ws/rs/jsr311-api/1.1.1/jsr311-api-1.1.1.jar:/home/user/.m2/repository/com/sun/jersey/jersey-server/1.19/jersey-server-1.19.jar:/home/user/.m2/repository/javax/servlet/javax.servlet-api/3.1.0/javax.servlet-api-3.1.0.jar:/home/user/.m2/repository/org/eclipse/jetty/jetty-server/9.3.24.v20180605/jetty-server-9.3.24.v20180605.jar:/home/user/.m2/repository/org/eclipse/jetty/jetty-http/9.3.24.v20180605/jetty-http-9.3.24.v20180605.jar:/home/user/.m2/repository/org/eclipse/jetty/jetty-io/9.3.24.v20180605/jetty-io-9.3.24.v20180605.jar:/home/user/.m2/repository/org/eclipse/jetty/jetty-webapp/9.3.24.v20180605/jetty-webapp-9.3.24.v20180605.jar:/home/user/.m2/repository/org/eclipse/jetty/jetty-xml/9.3.24.v20180605/jetty-xml-9.3.24.v20180605.jar:/home/user/.m2/repository/log4j/log4j/1.2.17/log4j-1.2.17.jar:/home/user/.m2/repository/org/slf4j/slf4j-api/1.7.25/slf4j-api-1.7.25.jar:/home/user/.m2/repository/org/slf4j/jul-to-slf4j/1.7.25/jul-to-slf4j-1.7.25.jar:/home/user/.m2/repository/org/eclipse/jetty/jetty-util/9.3.24.v20180605/jetty-util-9.3.24.v20180605.jar:/home/user/.m2/repository/com/fasterxml/jackson/core/jackson-databind/2.9.5/jackson-databind-2.9.5.jar:/home/user/.m2/repository/org/apache/hadoop/hadoop-kms/3.2.0/hadoop-kms-3.2.0-tests.jar:/home/user/.m2/repository/org/apache/hadoop/hadoop-hdds-server-scm/0.5.0-SNAPSHOT/hadoop-hdds-server-scm-0.5.0-SNAPSHOT-tests.jar:/home/user/.m2/repository/org/apache/hadoop/hadoop-hdds-container-service/0.5.0-SNAPSHOT/hadoop-hdds-container-service-0.5.0-SNAPSHOT-tests.jar:/home/user/.m2/repository/org/yaml/snakeyaml/1.16/snakeyaml-1.16.jar:/home/user/.m2/repository/org/apache/hadoop/hadoop-common/3.2.0/hadoop-common-3.2.0-tests.jar:/home/user/.m2/repository/org/apache/hadoop/hadoop-annotations/3.2.0/hadoop-annotations-3.2.0.jar:/usr/lib/jvm/java-1.8-openjdk/jre/../lib/tools.jar:/home/user/.m2/repository/commons-cli/commons-cli/1.2/commons-cli-1.2.jar:/home/user/.m2/repository/org/apache/httpcomponents/httpclient/4.5.2/httpclient-4.5.2.jar:/home/user/.m2/repository/org/apache/httpcomponents/httpcore/4.4.4/httpcore-4.4.4.jar:/home/user/.m2/repository/commons-codec/commons-codec/1.11/commons-codec-1.11.jar:/home/user/.m2/repository/commons-net/commons-net/3.6/commons-net-3.6.jar:/home/user/.m2/repository/commons-collections/commons-collections/3.2.2/commons-collections-3.2.2.jar:/home/user/.m2/repository/org/eclipse/jetty/jetty-servlet/9.3.24.v20180605/jetty-servlet-9.3.24.v20180605.jar:/home/user/.m2/repository/org/eclipse/jetty/jetty-security/9.3.24.v20180605/jetty-security-9.3.24.v20180605.jar:/home/user/.m2/repository/javax/servlet/jsp/jsp-api/2.1/jsp-api-2.1.jar:/home/user/.m2/repository/com/sun/jersey/jersey-servlet/1.19/jersey-servlet-1.19.jar:/home/user/.m2/repository/com/sun/jersey/jersey-json/1.19/jersey-json-1.19.jar:/home/user/.m2/repository/org/codehaus/jettison/jettison/1.1/jettison-1.1.jar:/home/user/.m2/repository/org/codehaus/jackson/jackson-core-asl/1.9.13/jackson-core-asl-1.9.13.jar:/home/user/.m2/repository/org/codehaus/jackson/jackson-mapper-asl/1.9.13/jackson-mapper-asl-1.9.13.jar:/home/user/.m2/repository/org/codehaus/jackson/jackson-jaxrs/1.9.13/jackson-jaxrs-1.9.13.jar:/home/user/.m2/repository/org/codehaus/jackson/jackson-xc/1.9.13/jackson-xc-1.9.13.jar:/home/user/.m2/repository/commons-logging/commons-logging/1.1.3/commons-logging-1.1.3.jar:/home/user/.m2/repository/commons-beanutils/commons-beanutils/1.9.3/commons-beanutils-1.9.3.jar:/home/user/.m2/repository/org/apache/commons/commons-configuration2/2.1.1/commons-configuration2-2.1.1.jar:/home/user/.m2/repository/org/apache/commons/commons-lang3/3.7/commons-lang3-3.7.jar:/home/user/.m2/repository/org/apache/commons/commons-text/1.4/commons-text-1.4.jar:/home/user/.m2/repository/org/apache/avro/avro/1.7.7/avro-1.7.7.jar:/home/user/.m2/repository/com/thoughtworks/paranamer/paranamer/2.3/paranamer-2.3.jar:/home/user/.m2/repository/org/xerial/snappy/snappy-java/1.0.5/snappy-java-1.0.5.jar:/home/user/.m2/repository/com/google/re2j/re2j/1.1/re2j-1.1.jar:/home/user/.m2/repository/com/google/code/gson/gson/2.2.4/gson-2.2.4.jar:/home/user/.m2/repository/com/jcraft/jsch/0.1.54/jsch-0.1.54.jar:/home/user/.m2/repository/org/apache/curator/curator-client/2.12.0/curator-client-2.12.0.jar:/home/user/.m2/repository/org/apache/curator/curator-recipes/2.12.0/curator-recipes-2.12.0.jar:/home/user/.m2/repository/com/google/code/findbugs/jsr305/3.0.0/jsr305-3.0.0.jar:/home/user/.m2/repository/org/apache/htrace/htrace-core4/4.1.0-incubating/htrace-core4-4.1.0-incubating.jar:/home/user/.m2/repository/org/apache/zookeeper/zookeeper/3.4.13/zookeeper-3.4.13.jar:/home/user/.m2/repository/org/apache/yetus/audience-annotations/0.5.0/audience-annotations-0.5.0.jar:/home/user/.m2/repository/org/codehaus/woodstox/stax2-api/3.1.4/stax2-api-3.1.4.jar:/home/user/.m2/repository/com/fasterxml/woodstox/woodstox-core/5.0.3/woodstox-core-5.0.3.jar:/home/user/.m2/repository/dnsjava/dnsjava/2.1.7/dnsjava-2.1.7.jar:/home/user/.m2/repository/org/apache/hadoop/hadoop-hdfs/3.2.0/hadoop-hdfs-3.2.0-tests.jar:/home/user/.m2/repository/org/eclipse/jetty/jetty-util-ajax/9.3.24.v20180605/jetty-util-ajax-9.3.24.v20180605.jar:/home/user/.m2/repository/commons-daemon/commons-daemon/1.0.13/commons-daemon-1.0.13.jar:/home/user/.m2/repository/io/netty/netty/3.10.5.Final/netty-3.10.5.Final.jar:/home/user/.m2/repository/io/netty/netty-all/4.0.52.Final/netty-all-4.0.52.Final.jar:/home/user/.m2/repository/org/fusesource/leveldbjni/leveldbjni-all/1.8/leveldbjni-all-1.8.jar:"/>
    <property name="sun.cpu.endian" value="little"/>
    <property name="user.home" value="/home/user"/>
    <property name="user.language" value="en"/>
    <property name="java.specification.vendor" value="Oracle Corporation"/>
    <property name="java.home" value="/usr/lib/jvm/java-1.8-openjdk/jre"/>
    <property name="java.security.krb5.conf" value="/workdir/hadoop-ozone/integration-test/target/test-classes/krb5.conf"/>
    <property name="basedir" value="/workdir/hadoop-ozone/integration-test"/>
    <property name="file.separator" value="/"/>
    <property name="line.separator" value="&#10;"/>
    <property name="java.vm.specification.vendor" value="Oracle Corporation"/>
    <property name="java.specification.name" value="Java Platform API Specification"/>
    <property name="java.awt.graphicsenv" value="sun.awt.X11GraphicsEnvironment"/>
    <property name="surefire.real.class.path" value="/workdir/hadoop-ozone/integration-test/target/surefire/surefirebooter6180294993100228154.jar"/>
    <property name="hadoop.log.dir" value="/workdir/hadoop-ozone/integration-test/target/log"/>
    <property name="sun.boot.class.path" value="/usr/lib/jvm/java-1.8-openjdk/jre/lib/resources.jar:/usr/lib/jvm/java-1.8-openjdk/jre/lib/rt.jar:/usr/lib/jvm/java-1.8-openjdk/jre/lib/sunrsasign.jar:/usr/lib/jvm/java-1.8-openjdk/jre/lib/jsse.jar:/usr/lib/jvm/java-1.8-openjdk/jre/lib/jce.jar:/usr/lib/jvm/java-1.8-openjdk/jre/lib/charsets.jar:/usr/lib/jvm/java-1.8-openjdk/jre/lib/jfr.jar:/usr/lib/jvm/java-1.8-openjdk/jre/classes"/>
    <property name="sun.management.compiler" value="HotSpot 64-Bit Tiered Compilers"/>
    <property name="java.runtime.version" value="1.8.0_212-b04"/>
    <property name="java.net.preferIPv4Stack" value="true"/>
    <property name="user.name" value="jenkins1000"/>
    <property name="path.separator" value=":"/>
    <property name="java.security.egd" value="file:///dev/urandom"/>
    <property name="os.version" value="3.10.0-957.12.2.el7.x86_64"/>
    <property name="java.endorsed.dirs" value="/usr/lib/jvm/java-1.8-openjdk/jre/lib/endorsed"/>
    <property name="java.runtime.name" value="OpenJDK Runtime Environment"/>
    <property name="file.encoding" value="UTF-8"/>
    <property name="java.vm.name" value="OpenJDK 64-Bit Server VM"/>
    <property name="test.build.webapps" value=""/>
    <property name="localRepository" value="/home/user/.m2/repository"/>
    <property name="java.vendor.url.bug" value="https://icedtea.classpath.org/bugzilla"/>
    <property name="java.io.tmpdir" value="/tmp"/>
    <property name="require.test.libhadoop" value=""/>
    <property name="java.version" value="1.8.0_212"/>
    <property name="user.dir" value="/workdir/hadoop-ozone/integration-test"/>
    <property name="os.arch" value="amd64"/>
    <property name="java.vm.specification.name" value="Java Virtual Machine Specification"/>
    <property name="test.build.classes" value="/workdir/hadoop-ozone/integration-test/target/test-classes"/>
    <property name="java.awt.printerjob" value="sun.print.PSPrinterJob"/>
    <property name="sun.os.patch.level" value="unknown"/>
    <property name="hadoop.tmp.dir" value="/workdir/hadoop-ozone/integration-test/target/tmp"/>
    <property name="java.library.path" value="/usr/lib/jvm/java-1.8-openjdk/jre/lib/amd64/server:/usr/lib/jvm/java-1.8-openjdk/jre/lib/amd64:/usr/lib/jvm/java-1.8-openjdk/jre/../lib/amd64:/workdir/hadoop-ozone/integration-test/target/native/target/usr/local/lib:/workdir/hadoop-ozone/integration-test/../../hadoop-common-project/hadoop-common/target/native/target/usr/local/lib:/usr/java/packages/lib/amd64:/usr/lib64:/lib64:/lib:/usr/lib"/>
    <property name="java.vm.info" value="mixed mode"/>
    <property name="java.vendor" value="IcedTea"/>
    <property name="java.vm.version" value="25.212-b04"/>
    <property name="java.ext.dirs" value="/usr/lib/jvm/java-1.8-openjdk/jre/lib/ext:/usr/java/packages/lib/ext"/>
    <property name="sun.io.unicode.encoding" value="UnicodeLittle"/>
    <property name="java.class.version" value="52.0"/>
  </properties>
  <testcase name="test2DatanodesFailure" classname="org.apache.hadoop.ozone.client.rpc.TestBlockOutputStreamWithFailures" time="45.361"/>
  <testcase name="testDatanodeFailureWithPreAllocation" classname="org.apache.hadoop.ozone.client.rpc.TestBlockOutputStreamWithFailures" time="225.46"/>
  <testcase name="testDatanodeFailureWithSingleNodeRatis" classname="org.apache.hadoop.ozone.client.rpc.TestBlockOutputStreamWithFailures" time="225.126"/>
  <testcase name="testWatchForCommitWithSingleNodeRatis" classname="org.apache.hadoop.ozone.client.rpc.TestBlockOutputStreamWithFailures" time="34.841"/>
  <testcase name="testWatchForCommitDatanodeFailure" classname="org.apache.hadoop.ozone.client.rpc.TestBlockOutputStreamWithFailures" time="43.938">
    <failure message="expected:&lt;2&gt; but was:&lt;3&gt;" type="java.lang.AssertionError"><![CDATA[java.lang.AssertionError: expected:<2> but was:<3>
	at org.junit.Assert.fail(Assert.java:88)
	at org.junit.Assert.failNotEquals(Assert.java:743)
	at org.junit.Assert.assertEquals(Assert.java:118)
	at org.junit.Assert.assertEquals(Assert.java:555)
	at org.junit.Assert.assertEquals(Assert.java:542)
	at org.apache.hadoop.ozone.client.rpc.TestBlockOutputStreamWithFailures.testWatchForCommitDatanodeFailure(TestBlockOutputStreamWithFailures.java:366)
	at sun.reflect.NativeMethodAccessorImpl.invoke0(Native Method)
	at sun.reflect.NativeMethodAccessorImpl.invoke(NativeMethodAccessorImpl.java:62)
	at sun.reflect.DelegatingMethodAccessorImpl.invoke(DelegatingMethodAccessorImpl.java:43)
	at java.lang.reflect.Method.invoke(Method.java:498)
	at org.junit.runners.model.FrameworkMethod$1.runReflectiveCall(FrameworkMethod.java:47)
	at org.junit.internal.runners.model.ReflectiveCallable.run(ReflectiveCallable.java:12)
	at org.junit.runners.model.FrameworkMethod.invokeExplosively(FrameworkMethod.java:44)
	at org.junit.internal.runners.statements.InvokeMethod.evaluate(InvokeMethod.java:17)
	at org.junit.internal.runners.statements.RunBefores.evaluate(RunBefores.java:26)
	at org.junit.internal.runners.statements.RunAfters.evaluate(RunAfters.java:27)
	at org.junit.runners.ParentRunner.runLeaf(ParentRunner.java:271)
	at org.junit.runners.BlockJUnit4ClassRunner.runChild(BlockJUnit4ClassRunner.java:70)
	at org.junit.runners.BlockJUnit4ClassRunner.runChild(BlockJUnit4ClassRunner.java:50)
	at org.junit.runners.ParentRunner$3.run(ParentRunner.java:238)
	at org.junit.runners.ParentRunner$1.schedule(ParentRunner.java:63)
	at org.junit.runners.ParentRunner.runChildren(ParentRunner.java:236)
	at org.junit.runners.ParentRunner.access$000(ParentRunner.java:53)
	at org.junit.runners.ParentRunner$2.evaluate(ParentRunner.java:229)
	at org.junit.runners.ParentRunner.run(ParentRunner.java:309)
	at org.apache.maven.surefire.junit4.JUnit4Provider.execute(JUnit4Provider.java:365)
	at org.apache.maven.surefire.junit4.JUnit4Provider.executeWithRerun(JUnit4Provider.java:273)
	at org.apache.maven.surefire.junit4.JUnit4Provider.executeTestSet(JUnit4Provider.java:238)
	at org.apache.maven.surefire.junit4.JUnit4Provider.invoke(JUnit4Provider.java:159)
	at org.apache.maven.surefire.booter.ForkedBooter.invokeProviderInSameClassLoader(ForkedBooter.java:384)
	at org.apache.maven.surefire.booter.ForkedBooter.runSuitesInProcess(ForkedBooter.java:345)
	at org.apache.maven.surefire.booter.ForkedBooter.execute(ForkedBooter.java:126)
	at org.apache.maven.surefire.booter.ForkedBooter.main(ForkedBooter.java:418)
]]></failure>
    <system-out><![CDATA[2019-08-21 14:06:21,895 [main] WARN  server.ServerUtils (ServerUtils.java:getScmDbDir(145)) - ozone.scm.db.dirs is not configured. We recommend adding this setting. Falling back to ozone.metadata.dirs instead.
2019-08-21 14:06:21,909 [main] WARN  server.ServerUtils (ServerUtils.java:getScmDbDir(145)) - ozone.scm.db.dirs is not configured. We recommend adding this setting. Falling back to ozone.metadata.dirs instead.
2019-08-21 14:06:21,909 [main] WARN  server.ServerUtils (ServerUtils.java:getScmDbDir(145)) - ozone.scm.db.dirs is not configured. We recommend adding this setting. Falling back to ozone.metadata.dirs instead.
2019-08-21 14:06:21,910 [main] INFO  db.DBStoreBuilder (DBStoreBuilder.java:addTable(110)) - using custom profile for table: deletedBlocks
2019-08-21 14:06:21,910 [main] INFO  db.DBStoreBuilder (DBStoreBuilder.java:processTables(161)) - Using default column profile:DBProfile.DISK for Table:deletedBlocks
2019-08-21 14:06:21,910 [main] INFO  db.DBStoreBuilder (DBStoreBuilder.java:addTable(110)) - using custom profile for table: validCerts
2019-08-21 14:06:21,910 [main] INFO  db.DBStoreBuilder (DBStoreBuilder.java:processTables(161)) - Using default column profile:DBProfile.DISK for Table:validCerts
2019-08-21 14:06:21,910 [main] INFO  db.DBStoreBuilder (DBStoreBuilder.java:addTable(110)) - using custom profile for table: revokedCerts
2019-08-21 14:06:21,910 [main] INFO  db.DBStoreBuilder (DBStoreBuilder.java:processTables(161)) - Using default column profile:DBProfile.DISK for Table:revokedCerts
2019-08-21 14:06:21,911 [main] INFO  db.DBStoreBuilder (DBStoreBuilder.java:addTable(110)) - using custom profile for table: default
2019-08-21 14:06:21,911 [main] INFO  db.DBStoreBuilder (DBStoreBuilder.java:processTables(167)) - Using default column profile:DBProfile.DISK for Table:default
2019-08-21 14:06:21,911 [main] INFO  db.DBStoreBuilder (DBStoreBuilder.java:getDbProfile(198)) - Using default options. DBProfile.DISK
2019-08-21 14:06:22,077 [main] INFO  net.NodeSchemaLoader (NodeSchemaLoader.java:loadSchemaFromFile(125)) - Loading file from sun.misc.CompoundEnumeration@6d224921
2019-08-21 14:06:22,077 [main] INFO  net.NodeSchemaLoader (NodeSchemaLoader.java:loadSchema(171)) - Loading network topology layer schema file
2019-08-21 14:06:22,083 [main] INFO  node.SCMNodeManager (SCMNodeManager.java:<init>(121)) - Entering startup safe mode.
2019-08-21 14:06:22,084 [main] INFO  algorithms.ContainerPlacementPolicyFactory (ContainerPlacementPolicyFactory.java:getPolicy(55)) - Create container placement policy of type org.apache.hadoop.hdds.scm.container.placement.algorithms.SCMContainerPlacementRandom
2019-08-21 14:06:22,084 [main] WARN  server.ServerUtils (ServerUtils.java:getScmDbDir(145)) - ozone.scm.db.dirs is not configured. We recommend adding this setting. Falling back to ozone.metadata.dirs instead.
2019-08-21 14:06:22,143 [main] INFO  pipeline.SCMPipelineManager (SCMPipelineManager.java:initializePipelineState(126)) - No pipeline exists in current db
2019-08-21 14:06:22,143 [main] WARN  server.ServerUtils (ServerUtils.java:getScmDbDir(145)) - ozone.scm.db.dirs is not configured. We recommend adding this setting. Falling back to ozone.metadata.dirs instead.
2019-08-21 14:06:22,191 [main] WARN  events.EventQueue (EventQueue.java:fireEvent(175)) - No event handler registered for event TypedEvent{payloadType=SafeModeStatus, name='SafeModeStatus'}
2019-08-21 14:06:22,192 [main] INFO  ipc.CallQueueManager (CallQueueManager.java:<init>(84)) - Using callQueue: class java.util.concurrent.LinkedBlockingQueue, queueCapacity: 2000, scheduler: class org.apache.hadoop.ipc.DefaultRpcScheduler, ipcBackoff: false.
2019-08-21 14:06:22,193 [Socket Reader #1 for port 41610] INFO  ipc.Server (Server.java:run(1074)) - Starting Socket Reader #1 for port 41610
2019-08-21 14:06:22,194 [main] INFO  ipc.CallQueueManager (CallQueueManager.java:<init>(84)) - Using callQueue: class java.util.concurrent.LinkedBlockingQueue, queueCapacity: 2000, scheduler: class org.apache.hadoop.ipc.DefaultRpcScheduler, ipcBackoff: false.
2019-08-21 14:06:22,195 [Socket Reader #1 for port 42136] INFO  ipc.Server (Server.java:run(1074)) - Starting Socket Reader #1 for port 42136
2019-08-21 14:06:22,196 [main] INFO  ipc.CallQueueManager (CallQueueManager.java:<init>(84)) - Using callQueue: class java.util.concurrent.LinkedBlockingQueue, queueCapacity: 2000, scheduler: class org.apache.hadoop.ipc.DefaultRpcScheduler, ipcBackoff: false.
2019-08-21 14:06:22,196 [Socket Reader #1 for port 45259] INFO  ipc.Server (Server.java:run(1074)) - Starting Socket Reader #1 for port 45259
2019-08-21 14:06:22,200 [main] INFO  hdfs.DFSUtil (DFSUtil.java:httpServerTemplateForNNAndJN(1641)) - Starting Web-server for scm at: http://0.0.0.0:0
2019-08-21 14:06:22,201 [main] INFO  server.AuthenticationFilter (AuthenticationFilter.java:constructSecretProvider(240)) - Unable to initialize FileSignerSecretProvider, falling back to use random secrets.
2019-08-21 14:06:22,202 [main] WARN  http.HttpRequestLog (HttpRequestLog.java:getRequestLog(97)) - Jetty request log can only be enabled using Log4j
2019-08-21 14:06:22,203 [main] INFO  http.HttpServer2 (HttpServer2.java:addGlobalFilter(975)) - Added global filter 'safety' (class=org.apache.hadoop.http.HttpServer2$QuotingInputFilter)
2019-08-21 14:06:22,204 [main] INFO  http.HttpServer2 (HttpServer2.java:addFilter(948)) - Added filter static_user_filter (class=org.apache.hadoop.http.lib.StaticUserWebFilter$StaticUserFilter) to context scm
2019-08-21 14:06:22,204 [main] INFO  http.HttpServer2 (HttpServer2.java:addFilter(958)) - Added filter static_user_filter (class=org.apache.hadoop.http.lib.StaticUserWebFilter$StaticUserFilter) to context logs
2019-08-21 14:06:22,204 [main] INFO  http.HttpServer2 (HttpServer2.java:addFilter(958)) - Added filter static_user_filter (class=org.apache.hadoop.http.lib.StaticUserWebFilter$StaticUserFilter) to context static
2019-08-21 14:06:22,206 [main] INFO  server.StorageContainerManager (StorageContainerManager.java:start(759)) - StorageContainerLocationProtocol RPC server is listening at /0.0.0.0:45259
2019-08-21 14:06:22,208 [main] WARN  impl.MetricsConfig (MetricsConfig.java:loadFirst(134)) - Cannot locate configuration: tried hadoop-metrics2-storagecontainermanager.properties,hadoop-metrics2.properties
2019-08-21 14:06:22,209 [main] INFO  impl.MetricsSystemImpl (MetricsSystemImpl.java:startTimer(374)) - Scheduled Metric snapshot period at 10 second(s).
2019-08-21 14:06:22,209 [main] INFO  impl.MetricsSystemImpl (MetricsSystemImpl.java:start(191)) - StorageContainerManager metrics system started
2019-08-21 14:06:22,292 [main] INFO  server.SCMClientProtocolServer (SCMClientProtocolServer.java:start(151)) - RPC server for Client  is listening at /0.0.0.0:45259
2019-08-21 14:06:22,293 [IPC Server Responder] INFO  ipc.Server (Server.java:run(1314)) - IPC Server Responder: starting
2019-08-21 14:06:22,293 [IPC Server listener on 45259] INFO  ipc.Server (Server.java:run(1153)) - IPC Server listener on 45259: starting
2019-08-21 14:06:22,296 [main] INFO  server.StorageContainerManager (StorageContainerManager.java:start(769)) - ScmBlockLocationProtocol RPC server is listening at /0.0.0.0:42136
2019-08-21 14:06:22,296 [main] INFO  server.SCMBlockProtocolServer (SCMBlockProtocolServer.java:start(140)) - RPC server for Block Protocol is listening at /0.0.0.0:42136
2019-08-21 14:06:22,297 [IPC Server Responder] INFO  ipc.Server (Server.java:run(1314)) - IPC Server Responder: starting
2019-08-21 14:06:22,297 [IPC Server listener on 42136] INFO  ipc.Server (Server.java:run(1153)) - IPC Server listener on 42136: starting
2019-08-21 14:06:22,299 [main] INFO  server.StorageContainerManager (StorageContainerManager.java:start(773)) - ScmDatanodeProtocl RPC server is listening at /0.0.0.0:41610
2019-08-21 14:06:22,300 [main] INFO  server.SCMDatanodeProtocolServer (SCMDatanodeProtocolServer.java:start(191)) - RPC server for DataNodes is listening at /0.0.0.0:41610
2019-08-21 14:06:22,300 [IPC Server Responder] INFO  ipc.Server (Server.java:run(1314)) - IPC Server Responder: starting
2019-08-21 14:06:22,300 [IPC Server listener on 41610] INFO  ipc.Server (Server.java:run(1153)) - IPC Server listener on 41610: starting
2019-08-21 14:06:22,304 [main] INFO  http.HttpServer2 (HttpServer2.java:bindListener(1191)) - Jetty bound to port 33761
2019-08-21 14:06:22,304 [main] INFO  server.Server (Server.java:doStart(351)) - jetty-9.3.24.v20180605, build timestamp: 2018-06-05T17:11:56Z, git hash: 84205aa28f11a4f31f2a3b86d1bba2cc8ab69827
2019-08-21 14:06:22,306 [main] INFO  handler.ContextHandler (ContextHandler.java:doStart(781)) - Started o.e.j.s.ServletContextHandler@34de8c9f{/logs,file:///workdir/hadoop-ozone/integration-test/target/log,AVAILABLE}
2019-08-21 14:06:22,307 [main] INFO  handler.ContextHandler (ContextHandler.java:doStart(781)) - Started o.e.j.s.ServletContextHandler@5f1bd673{/static,file:///workdir/hadoop-ozone/integration-test/target/test-classes/webapps/static,AVAILABLE}
2019-08-21 14:06:22,311 [main] INFO  handler.ContextHandler (ContextHandler.java:doStart(781)) - Started o.e.j.w.WebAppContext@7c9015c6{/,file:///workdir/hadoop-ozone/integration-test/target/test-classes/webapps/scm/,AVAILABLE}{/scm}
2019-08-21 14:06:22,311 [main] INFO  server.AbstractConnector (AbstractConnector.java:doStart(278)) - Started ServerConnector@36b2b6e6{HTTP/1.1,[http/1.1]}{0.0.0.0:33761}
2019-08-21 14:06:22,312 [main] INFO  server.Server (Server.java:doStart(419)) - Started @531845ms
2019-08-21 14:06:22,313 [main] INFO  server.BaseHttpServer (BaseHttpServer.java:updateConnectorAddress(213)) - HTTP server of SCM is listening at http://0.0.0.0:33761
2019-08-21 14:06:22,314 [main] WARN  server.ServerUtils (ServerUtils.java:getDBPath(222)) - ozone.om.db.dirs is not configured. We recommend adding this setting. Falling back to ozone.metadata.dirs instead.
2019-08-21 14:06:22,314 [org.apache.hadoop.util.JvmPauseMonitor$Monitor@17af9f67] INFO  util.JvmPauseMonitor (JvmPauseMonitor.java:run(188)) - Starting JVM pause monitor
2019-08-21 14:06:22,328 [main] WARN  server.ServerUtils (ServerUtils.java:getDBPath(222)) - ozone.om.db.dirs is not configured. We recommend adding this setting. Falling back to ozone.metadata.dirs instead.
2019-08-21 14:06:22,328 [main] WARN  server.ServerUtils (ServerUtils.java:getDBPath(222)) - ozone.om.db.dirs is not configured. We recommend adding this setting. Falling back to ozone.metadata.dirs instead.
2019-08-21 14:06:22,328 [main] INFO  om.OzoneManager (OzoneManager.java:setOMNodeDetails(648)) - OM Service ID is not set. Setting it to the default ID: omServiceIdDefault
2019-08-21 14:06:22,328 [main] INFO  om.OzoneManager (OzoneManager.java:setOMNodeDetails(654)) - OM Node ID is not set. Setting it to the OmStorage's OmID: 0c3ea84f-0bc5-4801-8f23-c56fc53a3c0d
2019-08-21 14:06:22,329 [main] INFO  om.OzoneManager (OzoneManager.java:loadOMHAConfigs(605)) - Found matching OM address with OMServiceId: null, OMNodeId: null, RPC Address: localhost:0 and Ratis port: 9872
2019-08-21 14:06:22,332 | INFO  | SCMAudit | user=jenkins1000 | ip=192.168.5.153 | op=GET_SCM_INFO null | ret=SUCCESS |  
2019-08-21 14:06:22,334 [main] WARN  server.ServerUtils (ServerUtils.java:getDBPath(222)) - ozone.om.db.dirs is not configured. We recommend adding this setting. Falling back to ozone.metadata.dirs instead.
2019-08-21 14:06:22,334 [main] INFO  db.DBStoreBuilder (DBStoreBuilder.java:addTable(110)) - using custom profile for table: userTable
2019-08-21 14:06:22,334 [main] INFO  db.DBStoreBuilder (DBStoreBuilder.java:processTables(161)) - Using default column profile:DBProfile.DISK for Table:userTable
2019-08-21 14:06:22,334 [main] INFO  db.DBStoreBuilder (DBStoreBuilder.java:addTable(110)) - using custom profile for table: volumeTable
2019-08-21 14:06:22,335 [main] INFO  db.DBStoreBuilder (DBStoreBuilder.java:processTables(161)) - Using default column profile:DBProfile.DISK for Table:volumeTable
2019-08-21 14:06:22,335 [main] INFO  db.DBStoreBuilder (DBStoreBuilder.java:addTable(110)) - using custom profile for table: bucketTable
2019-08-21 14:06:22,335 [main] INFO  db.DBStoreBuilder (DBStoreBuilder.java:processTables(161)) - Using default column profile:DBProfile.DISK for Table:bucketTable
2019-08-21 14:06:22,335 [main] INFO  db.DBStoreBuilder (DBStoreBuilder.java:addTable(110)) - using custom profile for table: keyTable
2019-08-21 14:06:22,335 [main] INFO  db.DBStoreBuilder (DBStoreBuilder.java:processTables(161)) - Using default column profile:DBProfile.DISK for Table:keyTable
2019-08-21 14:06:22,335 [main] INFO  db.DBStoreBuilder (DBStoreBuilder.java:addTable(110)) - using custom profile for table: deletedTable
2019-08-21 14:06:22,336 [main] INFO  db.DBStoreBuilder (DBStoreBuilder.java:processTables(161)) - Using default column profile:DBProfile.DISK for Table:deletedTable
2019-08-21 14:06:22,336 [main] INFO  db.DBStoreBuilder (DBStoreBuilder.java:addTable(110)) - using custom profile for table: openKeyTable
2019-08-21 14:06:22,336 [main] INFO  db.DBStoreBuilder (DBStoreBuilder.java:processTables(161)) - Using default column profile:DBProfile.DISK for Table:openKeyTable
2019-08-21 14:06:22,336 [main] INFO  db.DBStoreBuilder (DBStoreBuilder.java:addTable(110)) - using custom profile for table: s3Table
2019-08-21 14:06:22,336 [main] INFO  db.DBStoreBuilder (DBStoreBuilder.java:processTables(161)) - Using default column profile:DBProfile.DISK for Table:s3Table
2019-08-21 14:06:22,336 [main] INFO  db.DBStoreBuilder (DBStoreBuilder.java:addTable(110)) - using custom profile for table: multipartInfoTable
2019-08-21 14:06:22,337 [main] INFO  db.DBStoreBuilder (DBStoreBuilder.java:processTables(161)) - Using default column profile:DBProfile.DISK for Table:multipartInfoTable
2019-08-21 14:06:22,337 [main] INFO  db.DBStoreBuilder (DBStoreBuilder.java:addTable(110)) - using custom profile for table: dTokenTable
2019-08-21 14:06:22,337 [main] INFO  db.DBStoreBuilder (DBStoreBuilder.java:processTables(161)) - Using default column profile:DBProfile.DISK for Table:dTokenTable
2019-08-21 14:06:22,337 [main] INFO  db.DBStoreBuilder (DBStoreBuilder.java:addTable(110)) - using custom profile for table: s3SecretTable
2019-08-21 14:06:22,337 [main] INFO  db.DBStoreBuilder (DBStoreBuilder.java:processTables(161)) - Using default column profile:DBProfile.DISK for Table:s3SecretTable
2019-08-21 14:06:22,337 [main] INFO  db.DBStoreBuilder (DBStoreBuilder.java:addTable(110)) - using custom profile for table: prefixTable
2019-08-21 14:06:22,337 [main] INFO  db.DBStoreBuilder (DBStoreBuilder.java:processTables(161)) - Using default column profile:DBProfile.DISK for Table:prefixTable
2019-08-21 14:06:22,338 [main] INFO  db.DBStoreBuilder (DBStoreBuilder.java:addTable(110)) - using custom profile for table: default
2019-08-21 14:06:22,338 [main] INFO  db.DBStoreBuilder (DBStoreBuilder.java:processTables(167)) - Using default column profile:DBProfile.DISK for Table:default
2019-08-21 14:06:22,338 [main] INFO  db.DBStoreBuilder (DBStoreBuilder.java:getDbProfile(198)) - Using default options. DBProfile.DISK
2019-08-21 14:06:22,800 [main] INFO  ipc.CallQueueManager (CallQueueManager.java:<init>(84)) - Using callQueue: class java.util.concurrent.LinkedBlockingQueue, queueCapacity: 2000, scheduler: class org.apache.hadoop.ipc.DefaultRpcScheduler, ipcBackoff: false.
2019-08-21 14:06:22,801 [Socket Reader #1 for port 38408] INFO  ipc.Server (Server.java:run(1074)) - Starting Socket Reader #1 for port 38408
2019-08-21 14:06:22,813 [main] INFO  om.OzoneManager (OzoneManager.java:start(1259)) - OzoneManager RPC server is listening at localhost/127.0.0.1:38408
2019-08-21 14:06:22,813 [main] INFO  impl.MetricsSystemImpl (MetricsSystemImpl.java:init(158)) - OzoneManager metrics system started (again)
2019-08-21 14:06:22,814 [IPC Server Responder] INFO  ipc.Server (Server.java:run(1314)) - IPC Server Responder: starting
2019-08-21 14:06:22,814 [IPC Server listener on 38408] INFO  ipc.Server (Server.java:run(1153)) - IPC Server listener on 38408: starting
2019-08-21 14:06:22,818 [main] INFO  hdfs.DFSUtil (DFSUtil.java:httpServerTemplateForNNAndJN(1641)) - Starting Web-server for ozoneManager at: http://0.0.0.0:0
2019-08-21 14:06:22,819 [main] INFO  server.AuthenticationFilter (AuthenticationFilter.java:constructSecretProvider(240)) - Unable to initialize FileSignerSecretProvider, falling back to use random secrets.
2019-08-21 14:06:22,820 [main] WARN  http.HttpRequestLog (HttpRequestLog.java:getRequestLog(97)) - Jetty request log can only be enabled using Log4j
2019-08-21 14:06:22,821 [main] INFO  http.HttpServer2 (HttpServer2.java:addGlobalFilter(975)) - Added global filter 'safety' (class=org.apache.hadoop.http.HttpServer2$QuotingInputFilter)
2019-08-21 14:06:22,822 [main] INFO  http.HttpServer2 (HttpServer2.java:addFilter(948)) - Added filter static_user_filter (class=org.apache.hadoop.http.lib.StaticUserWebFilter$StaticUserFilter) to context ozoneManager
2019-08-21 14:06:22,822 [main] INFO  http.HttpServer2 (HttpServer2.java:addFilter(958)) - Added filter static_user_filter (class=org.apache.hadoop.http.lib.StaticUserWebFilter$StaticUserFilter) to context static
2019-08-21 14:06:22,822 [main] INFO  http.HttpServer2 (HttpServer2.java:addFilter(958)) - Added filter static_user_filter (class=org.apache.hadoop.http.lib.StaticUserWebFilter$StaticUserFilter) to context logs
2019-08-21 14:06:22,823 [main] INFO  http.HttpServer2 (HttpServer2.java:bindListener(1191)) - Jetty bound to port 42133
2019-08-21 14:06:22,823 [main] INFO  server.Server (Server.java:doStart(351)) - jetty-9.3.24.v20180605, build timestamp: 2018-06-05T17:11:56Z, git hash: 84205aa28f11a4f31f2a3b86d1bba2cc8ab69827
2019-08-21 14:06:22,824 [main] INFO  handler.ContextHandler (ContextHandler.java:doStart(781)) - Started o.e.j.s.ServletContextHandler@12ef7db5{/logs,file:///workdir/hadoop-ozone/integration-test/target/log,AVAILABLE}
2019-08-21 14:06:22,825 [main] INFO  handler.ContextHandler (ContextHandler.java:doStart(781)) - Started o.e.j.s.ServletContextHandler@3a8cc099{/static,file:///workdir/hadoop-ozone/integration-test/target/test-classes/webapps/static,AVAILABLE}
2019-08-21 14:06:22,829 [main] INFO  handler.ContextHandler (ContextHandler.java:doStart(781)) - Started o.e.j.w.WebAppContext@2c914364{/,file:///workdir/hadoop-ozone/integration-test/target/test-classes/webapps/ozoneManager/,AVAILABLE}{/ozoneManager}
2019-08-21 14:06:22,830 [main] INFO  server.AbstractConnector (AbstractConnector.java:doStart(278)) - Started ServerConnector@25c756f0{HTTP/1.1,[http/1.1]}{0.0.0.0:42133}
2019-08-21 14:06:22,831 [main] INFO  server.Server (Server.java:doStart(419)) - Started @532363ms
2019-08-21 14:06:22,832 [main] INFO  server.BaseHttpServer (BaseHttpServer.java:updateConnectorAddress(213)) - HTTP server of OZONEMANAGER is listening at http://0.0.0.0:42133
2019-08-21 14:06:22,845 [main] INFO  impl.MetricsSystemImpl (MetricsSystemImpl.java:init(158)) - HddsDatanode metrics system started (again)
2019-08-21 14:06:22,847 [main] INFO  ozone.HddsDatanodeService (HddsDatanodeService.java:start(184)) - HddsDatanodeService host:pr-hdds-1999-4zsjs-3155158423 ip:192.168.5.153
2019-08-21 14:06:22,855 [main] INFO  volume.HddsVolume (HddsVolume.java:<init>(176)) - Creating Volume: /workdir/hadoop-ozone/integration-test/target/test-dir/MiniOzoneClusterImpl-7ea47189-2199-496c-8461-08fb5daa32e9/datanode-0/data/containers/hdds of  storage type : DISK and capacity : 1482555576320
2019-08-21 14:06:22,855 [main] INFO  volume.VolumeSet (VolumeSet.java:initializeVolumeSet(170)) - Added Volume : /workdir/hadoop-ozone/integration-test/target/test-dir/MiniOzoneClusterImpl-7ea47189-2199-496c-8461-08fb5daa32e9/datanode-0/data/containers/hdds to VolumeSet
2019-08-21 14:06:22,855 [main] INFO  volume.ThrottledAsyncChecker (ThrottledAsyncChecker.java:schedule(140)) - Scheduling a check for org.apache.hadoop.ozone.container.common.volume.HddsVolume@6f749a1f
2019-08-21 14:06:22,856 [main] INFO  volume.HddsVolumeChecker (HddsVolumeChecker.java:checkAllVolumes(203)) - Scheduled health check for volume org.apache.hadoop.ozone.container.common.volume.HddsVolume@6f749a1f
2019-08-21 14:06:22,869 [main] INFO  impl.RaftServerProxy (ConfUtils.java:logGet(43)) - raft.rpc.type = GRPC (default)
2019-08-21 14:06:22,869 [main] INFO  grpc.GrpcFactory (GrpcFactory.java:checkPooledByteBufAllocatorUseCacheForAllThreads(45)) - PERFORMANCE WARNING: useCacheForAllThreads is true that may cause Netty to create a lot garbage objects and, as a result, trigger GC.
	It is recommended to disable useCacheForAllThreads by setting -Dorg.apache.ratis.thirdparty.io.netty.allocator.useCacheForAllThreads=false in command line.
2019-08-21 14:06:22,869 [main] INFO  grpc.GrpcConfigKeys$Server (ConfUtils.java:logGet(43)) - raft.grpc.server.port = 0 (default)
2019-08-21 14:06:22,870 [main] INFO  server.GrpcService (ConfUtils.java:logGet(43)) - raft.grpc.message.size.max = 33570816 (custom)
2019-08-21 14:06:22,870 [main] INFO  server.RaftServerConfigKeys (ConfUtils.java:logGet(43)) - raft.server.log.appender.buffer.byte-limit = 33554432 (custom)
2019-08-21 14:06:22,870 [main] INFO  server.GrpcService (ConfUtils.java:logGet(43)) - raft.grpc.flow.control.window = 1MB (=1048576) (default)
2019-08-21 14:06:22,870 [main] INFO  server.RaftServerConfigKeys (ConfUtils.java:logGet(43)) - raft.server.rpc.request.timeout = 3000ms (default)
2019-08-21 14:06:22,871 [main] INFO  server.RaftServerConfigKeys (ConfUtils.java:logGet(43)) - raft.server.storage.dir = [/workdir/hadoop-ozone/integration-test/target/test-dir/MiniOzoneClusterImpl-7ea47189-2199-496c-8461-08fb5daa32e9/datanode-0/data/ratis] (custom)
2019-08-21 14:06:22,871 [main] INFO  replication.SimpleContainerDownloader (SimpleContainerDownloader.java:<init>(72)) - Starting container downloader service to copy containers to replicate.
2019-08-21 14:06:22,872 [main] INFO  hdfs.DFSUtil (DFSUtil.java:httpServerTemplateForNNAndJN(1641)) - Starting Web-server for hddsDatanode at: http://0.0.0.0:0
2019-08-21 14:06:22,873 [main] INFO  server.AuthenticationFilter (AuthenticationFilter.java:constructSecretProvider(240)) - Unable to initialize FileSignerSecretProvider, falling back to use random secrets.
2019-08-21 14:06:22,873 [main] WARN  http.HttpRequestLog (HttpRequestLog.java:getRequestLog(97)) - Jetty request log can only be enabled using Log4j
2019-08-21 14:06:22,875 [main] INFO  http.HttpServer2 (HttpServer2.java:addGlobalFilter(975)) - Added global filter 'safety' (class=org.apache.hadoop.http.HttpServer2$QuotingInputFilter)
2019-08-21 14:06:22,875 [main] INFO  http.HttpServer2 (HttpServer2.java:addFilter(948)) - Added filter static_user_filter (class=org.apache.hadoop.http.lib.StaticUserWebFilter$StaticUserFilter) to context hddsDatanode
2019-08-21 14:06:22,875 [main] INFO  http.HttpServer2 (HttpServer2.java:addFilter(958)) - Added filter static_user_filter (class=org.apache.hadoop.http.lib.StaticUserWebFilter$StaticUserFilter) to context logs
2019-08-21 14:06:22,875 [main] INFO  http.HttpServer2 (HttpServer2.java:addFilter(958)) - Added filter static_user_filter (class=org.apache.hadoop.http.lib.StaticUserWebFilter$StaticUserFilter) to context static
2019-08-21 14:06:22,876 [main] INFO  http.HttpServer2 (HttpServer2.java:bindListener(1191)) - Jetty bound to port 37896
2019-08-21 14:06:22,876 [main] INFO  server.Server (Server.java:doStart(351)) - jetty-9.3.24.v20180605, build timestamp: 2018-06-05T17:11:56Z, git hash: 84205aa28f11a4f31f2a3b86d1bba2cc8ab69827
2019-08-21 14:06:22,878 [main] INFO  handler.ContextHandler (ContextHandler.java:doStart(781)) - Started o.e.j.s.ServletContextHandler@39329d81{/logs,file:///workdir/hadoop-ozone/integration-test/target/log,AVAILABLE}
2019-08-21 14:06:22,878 [main] INFO  handler.ContextHandler (ContextHandler.java:doStart(781)) - Started o.e.j.s.ServletContextHandler@586a9fe1{/static,jar:file:/home/user/.m2/repository/org/apache/hadoop/hadoop-hdds-container-service/0.5.0-SNAPSHOT/hadoop-hdds-container-service-0.5.0-SNAPSHOT.jar!/webapps/static,AVAILABLE}
2019-08-21 14:06:22,905 [main] INFO  handler.ContextHandler (ContextHandler.java:doStart(781)) - Started o.e.j.w.WebAppContext@5c168f98{/,file:///tmp/jetty-0.0.0.0-37896-hddsDatanode-_-any-4848593454206964913.dir/webapp/,AVAILABLE}{/hddsDatanode}
2019-08-21 14:06:22,906 [main] INFO  server.AbstractConnector (AbstractConnector.java:doStart(278)) - Started ServerConnector@2f98859a{HTTP/1.1,[http/1.1]}{0.0.0.0:37896}
2019-08-21 14:06:22,907 [main] INFO  server.Server (Server.java:doStart(419)) - Started @532439ms
2019-08-21 14:06:22,907 [main] INFO  server.BaseHttpServer (BaseHttpServer.java:updateConnectorAddress(213)) - HTTP server of HDDSDATANODE is listening at http://0.0.0.0:37896
2019-08-21 14:06:23,028 | INFO  | ObjectStoreRestHttpServer | Listening HDDS REST traffic on /0.0.0.0:38333 |  
2019-08-21 14:06:23,028 [main] INFO  ozone.HddsDatanodeService (HddsDatanodeService.java:startPlugins(395)) - Started plug-in org.apache.hadoop.ozone.web.OzoneHddsDatanodeService@4bacabc4
2019-08-21 14:06:23,029 [main] INFO  impl.MetricsSystemImpl (MetricsSystemImpl.java:init(158)) - HddsDatanode metrics system started (again)
2019-08-21 14:06:23,031 [org.apache.hadoop.util.JvmPauseMonitor$Monitor@77a9c98b] INFO  util.JvmPauseMonitor (JvmPauseMonitor.java:run(188)) - Starting JVM pause monitor
2019-08-21 14:06:23,031 [main] INFO  ozone.HddsDatanodeService (HddsDatanodeService.java:start(184)) - HddsDatanodeService host:pr-hdds-1999-4zsjs-3155158423 ip:192.168.5.153
2019-08-21 14:06:23,033 [Datanode State Machine Thread - 0] INFO  datanode.InitDatanodeState (InitDatanodeState.java:persistContainerDatanodeDetails(140)) - DatanodeDetails is persisted to /workdir/hadoop-ozone/integration-test/target/test-dir/MiniOzoneClusterImpl-7ea47189-2199-496c-8461-08fb5daa32e9/datanode-0/meta/datanode.id
2019-08-21 14:06:23,040 [main] INFO  volume.HddsVolume (HddsVolume.java:<init>(176)) - Creating Volume: /workdir/hadoop-ozone/integration-test/target/test-dir/MiniOzoneClusterImpl-7ea47189-2199-496c-8461-08fb5daa32e9/datanode-1/data/containers/hdds of  storage type : DISK and capacity : 1482555576320
2019-08-21 14:06:23,040 [main] INFO  volume.VolumeSet (VolumeSet.java:initializeVolumeSet(170)) - Added Volume : /workdir/hadoop-ozone/integration-test/target/test-dir/MiniOzoneClusterImpl-7ea47189-2199-496c-8461-08fb5daa32e9/datanode-1/data/containers/hdds to VolumeSet
2019-08-21 14:06:23,041 [main] INFO  volume.ThrottledAsyncChecker (ThrottledAsyncChecker.java:schedule(140)) - Scheduling a check for org.apache.hadoop.ozone.container.common.volume.HddsVolume@2456716b
2019-08-21 14:06:23,041 [main] INFO  volume.HddsVolumeChecker (HddsVolumeChecker.java:checkAllVolumes(203)) - Scheduled health check for volume org.apache.hadoop.ozone.container.common.volume.HddsVolume@2456716b
2019-08-21 14:06:23,060 [main] INFO  impl.RaftServerProxy (ConfUtils.java:logGet(43)) - raft.rpc.type = GRPC (default)
2019-08-21 14:06:23,060 [main] INFO  grpc.GrpcFactory (GrpcFactory.java:checkPooledByteBufAllocatorUseCacheForAllThreads(45)) - PERFORMANCE WARNING: useCacheForAllThreads is true that may cause Netty to create a lot garbage objects and, as a result, trigger GC.
	It is recommended to disable useCacheForAllThreads by setting -Dorg.apache.ratis.thirdparty.io.netty.allocator.useCacheForAllThreads=false in command line.
2019-08-21 14:06:23,060 [main] INFO  grpc.GrpcConfigKeys$Server (ConfUtils.java:logGet(43)) - raft.grpc.server.port = 0 (default)
2019-08-21 14:06:23,061 [main] INFO  server.GrpcService (ConfUtils.java:logGet(43)) - raft.grpc.message.size.max = 33570816 (custom)
2019-08-21 14:06:23,061 [main] INFO  server.RaftServerConfigKeys (ConfUtils.java:logGet(43)) - raft.server.log.appender.buffer.byte-limit = 33554432 (custom)
2019-08-21 14:06:23,061 [main] INFO  server.GrpcService (ConfUtils.java:logGet(43)) - raft.grpc.flow.control.window = 1MB (=1048576) (default)
2019-08-21 14:06:23,061 [main] INFO  server.RaftServerConfigKeys (ConfUtils.java:logGet(43)) - raft.server.rpc.request.timeout = 3000ms (default)
2019-08-21 14:06:23,062 [main] INFO  server.RaftServerConfigKeys (ConfUtils.java:logGet(43)) - raft.server.storage.dir = [/workdir/hadoop-ozone/integration-test/target/test-dir/MiniOzoneClusterImpl-7ea47189-2199-496c-8461-08fb5daa32e9/datanode-1/data/ratis] (custom)
2019-08-21 14:06:23,062 [main] INFO  replication.SimpleContainerDownloader (SimpleContainerDownloader.java:<init>(72)) - Starting container downloader service to copy containers to replicate.
2019-08-21 14:06:23,063 [main] INFO  hdfs.DFSUtil (DFSUtil.java:httpServerTemplateForNNAndJN(1641)) - Starting Web-server for hddsDatanode at: http://0.0.0.0:0
2019-08-21 14:06:23,064 [main] INFO  server.AuthenticationFilter (AuthenticationFilter.java:constructSecretProvider(240)) - Unable to initialize FileSignerSecretProvider, falling back to use random secrets.
2019-08-21 14:06:23,065 [main] WARN  http.HttpRequestLog (HttpRequestLog.java:getRequestLog(97)) - Jetty request log can only be enabled using Log4j
2019-08-21 14:06:23,066 [main] INFO  http.HttpServer2 (HttpServer2.java:addGlobalFilter(975)) - Added global filter 'safety' (class=org.apache.hadoop.http.HttpServer2$QuotingInputFilter)
2019-08-21 14:06:23,067 [main] INFO  http.HttpServer2 (HttpServer2.java:addFilter(948)) - Added filter static_user_filter (class=org.apache.hadoop.http.lib.StaticUserWebFilter$StaticUserFilter) to context hddsDatanode
2019-08-21 14:06:23,067 [main] INFO  http.HttpServer2 (HttpServer2.java:addFilter(958)) - Added filter static_user_filter (class=org.apache.hadoop.http.lib.StaticUserWebFilter$StaticUserFilter) to context logs
2019-08-21 14:06:23,067 [main] INFO  http.HttpServer2 (HttpServer2.java:addFilter(958)) - Added filter static_user_filter (class=org.apache.hadoop.http.lib.StaticUserWebFilter$StaticUserFilter) to context static
2019-08-21 14:06:23,067 [main] INFO  http.HttpServer2 (HttpServer2.java:bindListener(1191)) - Jetty bound to port 38274
2019-08-21 14:06:23,068 [main] INFO  server.Server (Server.java:doStart(351)) - jetty-9.3.24.v20180605, build timestamp: 2018-06-05T17:11:56Z, git hash: 84205aa28f11a4f31f2a3b86d1bba2cc8ab69827
2019-08-21 14:06:23,069 [main] INFO  handler.ContextHandler (ContextHandler.java:doStart(781)) - Started o.e.j.s.ServletContextHandler@2aaed928{/logs,file:///workdir/hadoop-ozone/integration-test/target/log,AVAILABLE}
2019-08-21 14:06:23,069 [main] INFO  handler.ContextHandler (ContextHandler.java:doStart(781)) - Started o.e.j.s.ServletContextHandler@b7b26c6{/static,jar:file:/home/user/.m2/repository/org/apache/hadoop/hadoop-hdds-container-service/0.5.0-SNAPSHOT/hadoop-hdds-container-service-0.5.0-SNAPSHOT.jar!/webapps/static,AVAILABLE}
2019-08-21 14:06:23,097 [main] INFO  handler.ContextHandler (ContextHandler.java:doStart(781)) - Started o.e.j.w.WebAppContext@7ca0aa55{/,file:///tmp/jetty-0.0.0.0-38274-hddsDatanode-_-any-6831639588237861098.dir/webapp/,AVAILABLE}{/hddsDatanode}
2019-08-21 14:06:23,097 [main] INFO  server.AbstractConnector (AbstractConnector.java:doStart(278)) - Started ServerConnector@51a8aed8{HTTP/1.1,[http/1.1]}{0.0.0.0:38274}
2019-08-21 14:06:23,098 [main] INFO  server.Server (Server.java:doStart(419)) - Started @532630ms
2019-08-21 14:06:23,099 [main] INFO  server.BaseHttpServer (BaseHttpServer.java:updateConnectorAddress(213)) - HTTP server of HDDSDATANODE is listening at http://0.0.0.0:38274
2019-08-21 14:06:23,207 | INFO  | ObjectStoreRestHttpServer | Listening HDDS REST traffic on /0.0.0.0:35852 |  
2019-08-21 14:06:23,207 [main] INFO  ozone.HddsDatanodeService (HddsDatanodeService.java:startPlugins(395)) - Started plug-in org.apache.hadoop.ozone.web.OzoneHddsDatanodeService@4beec7a1
2019-08-21 14:06:23,207 [main] INFO  impl.MetricsSystemImpl (MetricsSystemImpl.java:init(158)) - HddsDatanode metrics system started (again)
2019-08-21 14:06:23,210 [org.apache.hadoop.util.JvmPauseMonitor$Monitor@79b7579e] INFO  util.JvmPauseMonitor (JvmPauseMonitor.java:run(188)) - Starting JVM pause monitor
2019-08-21 14:06:23,210 [main] INFO  ozone.HddsDatanodeService (HddsDatanodeService.java:start(184)) - HddsDatanodeService host:pr-hdds-1999-4zsjs-3155158423 ip:192.168.5.153
2019-08-21 14:06:23,211 [Datanode State Machine Thread - 0] INFO  datanode.InitDatanodeState (InitDatanodeState.java:persistContainerDatanodeDetails(140)) - DatanodeDetails is persisted to /workdir/hadoop-ozone/integration-test/target/test-dir/MiniOzoneClusterImpl-7ea47189-2199-496c-8461-08fb5daa32e9/datanode-1/meta/datanode.id
2019-08-21 14:06:23,217 [main] INFO  volume.HddsVolume (HddsVolume.java:<init>(176)) - Creating Volume: /workdir/hadoop-ozone/integration-test/target/test-dir/MiniOzoneClusterImpl-7ea47189-2199-496c-8461-08fb5daa32e9/datanode-2/data/containers/hdds of  storage type : DISK and capacity : 1482555576320
2019-08-21 14:06:23,217 [main] INFO  volume.VolumeSet (VolumeSet.java:initializeVolumeSet(170)) - Added Volume : /workdir/hadoop-ozone/integration-test/target/test-dir/MiniOzoneClusterImpl-7ea47189-2199-496c-8461-08fb5daa32e9/datanode-2/data/containers/hdds to VolumeSet
2019-08-21 14:06:23,218 [main] INFO  volume.ThrottledAsyncChecker (ThrottledAsyncChecker.java:schedule(140)) - Scheduling a check for org.apache.hadoop.ozone.container.common.volume.HddsVolume@490b8f1e
2019-08-21 14:06:23,218 [main] INFO  volume.HddsVolumeChecker (HddsVolumeChecker.java:checkAllVolumes(203)) - Scheduled health check for volume org.apache.hadoop.ozone.container.common.volume.HddsVolume@490b8f1e
2019-08-21 14:06:23,230 [main] INFO  impl.RaftServerProxy (ConfUtils.java:logGet(43)) - raft.rpc.type = GRPC (default)
2019-08-21 14:06:23,230 [main] INFO  grpc.GrpcFactory (GrpcFactory.java:checkPooledByteBufAllocatorUseCacheForAllThreads(45)) - PERFORMANCE WARNING: useCacheForAllThreads is true that may cause Netty to create a lot garbage objects and, as a result, trigger GC.
	It is recommended to disable useCacheForAllThreads by setting -Dorg.apache.ratis.thirdparty.io.netty.allocator.useCacheForAllThreads=false in command line.
2019-08-21 14:06:23,230 [main] INFO  grpc.GrpcConfigKeys$Server (ConfUtils.java:logGet(43)) - raft.grpc.server.port = 0 (default)
2019-08-21 14:06:23,230 [main] INFO  server.GrpcService (ConfUtils.java:logGet(43)) - raft.grpc.message.size.max = 33570816 (custom)
2019-08-21 14:06:23,231 [main] INFO  server.RaftServerConfigKeys (ConfUtils.java:logGet(43)) - raft.server.log.appender.buffer.byte-limit = 33554432 (custom)
2019-08-21 14:06:23,231 [main] INFO  server.GrpcService (ConfUtils.java:logGet(43)) - raft.grpc.flow.control.window = 1MB (=1048576) (default)
2019-08-21 14:06:23,231 [main] INFO  server.RaftServerConfigKeys (ConfUtils.java:logGet(43)) - raft.server.rpc.request.timeout = 3000ms (default)
2019-08-21 14:06:23,231 [main] INFO  server.RaftServerConfigKeys (ConfUtils.java:logGet(43)) - raft.server.storage.dir = [/workdir/hadoop-ozone/integration-test/target/test-dir/MiniOzoneClusterImpl-7ea47189-2199-496c-8461-08fb5daa32e9/datanode-2/data/ratis] (custom)
2019-08-21 14:06:23,232 [main] INFO  replication.SimpleContainerDownloader (SimpleContainerDownloader.java:<init>(72)) - Starting container downloader service to copy containers to replicate.
2019-08-21 14:06:23,233 [main] INFO  hdfs.DFSUtil (DFSUtil.java:httpServerTemplateForNNAndJN(1641)) - Starting Web-server for hddsDatanode at: http://0.0.0.0:0
2019-08-21 14:06:23,234 [main] INFO  server.AuthenticationFilter (AuthenticationFilter.java:constructSecretProvider(240)) - Unable to initialize FileSignerSecretProvider, falling back to use random secrets.
2019-08-21 14:06:23,234 [main] WARN  http.HttpRequestLog (HttpRequestLog.java:getRequestLog(97)) - Jetty request log can only be enabled using Log4j
2019-08-21 14:06:23,236 [main] INFO  http.HttpServer2 (HttpServer2.java:addGlobalFilter(975)) - Added global filter 'safety' (class=org.apache.hadoop.http.HttpServer2$QuotingInputFilter)
2019-08-21 14:06:23,236 [main] INFO  http.HttpServer2 (HttpServer2.java:addFilter(948)) - Added filter static_user_filter (class=org.apache.hadoop.http.lib.StaticUserWebFilter$StaticUserFilter) to context hddsDatanode
2019-08-21 14:06:23,236 [main] INFO  http.HttpServer2 (HttpServer2.java:addFilter(958)) - Added filter static_user_filter (class=org.apache.hadoop.http.lib.StaticUserWebFilter$StaticUserFilter) to context logs
2019-08-21 14:06:23,236 [main] INFO  http.HttpServer2 (HttpServer2.java:addFilter(958)) - Added filter static_user_filter (class=org.apache.hadoop.http.lib.StaticUserWebFilter$StaticUserFilter) to context static
2019-08-21 14:06:23,237 [main] INFO  http.HttpServer2 (HttpServer2.java:bindListener(1191)) - Jetty bound to port 34076
2019-08-21 14:06:23,237 [main] INFO  server.Server (Server.java:doStart(351)) - jetty-9.3.24.v20180605, build timestamp: 2018-06-05T17:11:56Z, git hash: 84205aa28f11a4f31f2a3b86d1bba2cc8ab69827
2019-08-21 14:06:23,239 [main] INFO  handler.ContextHandler (ContextHandler.java:doStart(781)) - Started o.e.j.s.ServletContextHandler@3723de42{/logs,file:///workdir/hadoop-ozone/integration-test/target/log,AVAILABLE}
2019-08-21 14:06:23,239 [main] INFO  handler.ContextHandler (ContextHandler.java:doStart(781)) - Started o.e.j.s.ServletContextHandler@47b72d3b{/static,jar:file:/home/user/.m2/repository/org/apache/hadoop/hadoop-hdds-container-service/0.5.0-SNAPSHOT/hadoop-hdds-container-service-0.5.0-SNAPSHOT.jar!/webapps/static,AVAILABLE}
2019-08-21 14:06:23,265 [main] INFO  handler.ContextHandler (ContextHandler.java:doStart(781)) - Started o.e.j.w.WebAppContext@6870e039{/,file:///tmp/jetty-0.0.0.0-34076-hddsDatanode-_-any-6145684838756291707.dir/webapp/,AVAILABLE}{/hddsDatanode}
2019-08-21 14:06:23,266 [main] INFO  server.AbstractConnector (AbstractConnector.java:doStart(278)) - Started ServerConnector@42599b84{HTTP/1.1,[http/1.1]}{0.0.0.0:34076}
2019-08-21 14:06:23,267 [main] INFO  server.Server (Server.java:doStart(419)) - Started @532800ms
2019-08-21 14:06:23,268 [main] INFO  server.BaseHttpServer (BaseHttpServer.java:updateConnectorAddress(213)) - HTTP server of HDDSDATANODE is listening at http://0.0.0.0:34076
2019-08-21 14:06:23,374 | INFO  | ObjectStoreRestHttpServer | Listening HDDS REST traffic on /0.0.0.0:41132 |  
2019-08-21 14:06:23,374 [main] INFO  ozone.HddsDatanodeService (HddsDatanodeService.java:startPlugins(395)) - Started plug-in org.apache.hadoop.ozone.web.OzoneHddsDatanodeService@41dcfd0
2019-08-21 14:06:23,374 [main] INFO  impl.MetricsSystemImpl (MetricsSystemImpl.java:init(158)) - HddsDatanode metrics system started (again)
2019-08-21 14:06:23,509 [main] INFO  ozone.HddsDatanodeService (HddsDatanodeService.java:start(184)) - HddsDatanodeService host:pr-hdds-1999-4zsjs-3155158423 ip:192.168.5.153
2019-08-21 14:06:23,555 [org.apache.hadoop.util.JvmPauseMonitor$Monitor@7ed010aa] INFO  util.JvmPauseMonitor (JvmPauseMonitor.java:run(188)) - Starting JVM pause monitor
2019-08-21 14:06:23,557 [main] INFO  volume.HddsVolume (HddsVolume.java:<init>(176)) - Creating Volume: /workdir/hadoop-ozone/integration-test/target/test-dir/MiniOzoneClusterImpl-7ea47189-2199-496c-8461-08fb5daa32e9/datanode-3/data/containers/hdds of  storage type : DISK and capacity : 1482555576320
2019-08-21 14:06:23,557 [main] INFO  volume.VolumeSet (VolumeSet.java:initializeVolumeSet(170)) - Added Volume : /workdir/hadoop-ozone/integration-test/target/test-dir/MiniOzoneClusterImpl-7ea47189-2199-496c-8461-08fb5daa32e9/datanode-3/data/containers/hdds to VolumeSet
2019-08-21 14:06:23,557 [main] INFO  volume.ThrottledAsyncChecker (ThrottledAsyncChecker.java:schedule(140)) - Scheduling a check for org.apache.hadoop.ozone.container.common.volume.HddsVolume@6dcf39c6
2019-08-21 14:06:23,559 [main] INFO  volume.HddsVolumeChecker (HddsVolumeChecker.java:checkAllVolumes(203)) - Scheduled health check for volume org.apache.hadoop.ozone.container.common.volume.HddsVolume@6dcf39c6
2019-08-21 14:06:23,559 [Datanode State Machine Thread - 0] INFO  datanode.InitDatanodeState (InitDatanodeState.java:persistContainerDatanodeDetails(140)) - DatanodeDetails is persisted to /workdir/hadoop-ozone/integration-test/target/test-dir/MiniOzoneClusterImpl-7ea47189-2199-496c-8461-08fb5daa32e9/datanode-2/meta/datanode.id
2019-08-21 14:06:23,580 [main] INFO  impl.RaftServerProxy (ConfUtils.java:logGet(43)) - raft.rpc.type = GRPC (default)
2019-08-21 14:06:23,580 [main] INFO  grpc.GrpcFactory (GrpcFactory.java:checkPooledByteBufAllocatorUseCacheForAllThreads(45)) - PERFORMANCE WARNING: useCacheForAllThreads is true that may cause Netty to create a lot garbage objects and, as a result, trigger GC.
	It is recommended to disable useCacheForAllThreads by setting -Dorg.apache.ratis.thirdparty.io.netty.allocator.useCacheForAllThreads=false in command line.
2019-08-21 14:06:23,581 [main] INFO  grpc.GrpcConfigKeys$Server (ConfUtils.java:logGet(43)) - raft.grpc.server.port = 0 (default)
2019-08-21 14:06:23,581 [main] INFO  server.GrpcService (ConfUtils.java:logGet(43)) - raft.grpc.message.size.max = 33570816 (custom)
2019-08-21 14:06:23,581 [main] INFO  server.RaftServerConfigKeys (ConfUtils.java:logGet(43)) - raft.server.log.appender.buffer.byte-limit = 33554432 (custom)
2019-08-21 14:06:23,581 [main] INFO  server.GrpcService (ConfUtils.java:logGet(43)) - raft.grpc.flow.control.window = 1MB (=1048576) (default)
2019-08-21 14:06:23,581 [main] INFO  server.RaftServerConfigKeys (ConfUtils.java:logGet(43)) - raft.server.rpc.request.timeout = 3000ms (default)
2019-08-21 14:06:23,582 [main] INFO  server.RaftServerConfigKeys (ConfUtils.java:logGet(43)) - raft.server.storage.dir = [/workdir/hadoop-ozone/integration-test/target/test-dir/MiniOzoneClusterImpl-7ea47189-2199-496c-8461-08fb5daa32e9/datanode-3/data/ratis] (custom)
2019-08-21 14:06:23,582 [main] INFO  replication.SimpleContainerDownloader (SimpleContainerDownloader.java:<init>(72)) - Starting container downloader service to copy containers to replicate.
2019-08-21 14:06:23,583 [main] INFO  hdfs.DFSUtil (DFSUtil.java:httpServerTemplateForNNAndJN(1641)) - Starting Web-server for hddsDatanode at: http://0.0.0.0:0
2019-08-21 14:06:23,585 [main] INFO  server.AuthenticationFilter (AuthenticationFilter.java:constructSecretProvider(240)) - Unable to initialize FileSignerSecretProvider, falling back to use random secrets.
2019-08-21 14:06:23,585 [main] WARN  http.HttpRequestLog (HttpRequestLog.java:getRequestLog(97)) - Jetty request log can only be enabled using Log4j
2019-08-21 14:06:23,587 [main] INFO  http.HttpServer2 (HttpServer2.java:addGlobalFilter(975)) - Added global filter 'safety' (class=org.apache.hadoop.http.HttpServer2$QuotingInputFilter)
2019-08-21 14:06:23,587 [main] INFO  http.HttpServer2 (HttpServer2.java:addFilter(948)) - Added filter static_user_filter (class=org.apache.hadoop.http.lib.StaticUserWebFilter$StaticUserFilter) to context hddsDatanode
2019-08-21 14:06:23,587 [main] INFO  http.HttpServer2 (HttpServer2.java:addFilter(958)) - Added filter static_user_filter (class=org.apache.hadoop.http.lib.StaticUserWebFilter$StaticUserFilter) to context logs
2019-08-21 14:06:23,587 [main] INFO  http.HttpServer2 (HttpServer2.java:addFilter(958)) - Added filter static_user_filter (class=org.apache.hadoop.http.lib.StaticUserWebFilter$StaticUserFilter) to context static
2019-08-21 14:06:23,588 [main] INFO  http.HttpServer2 (HttpServer2.java:bindListener(1191)) - Jetty bound to port 36062
2019-08-21 14:06:23,588 [main] INFO  server.Server (Server.java:doStart(351)) - jetty-9.3.24.v20180605, build timestamp: 2018-06-05T17:11:56Z, git hash: 84205aa28f11a4f31f2a3b86d1bba2cc8ab69827
2019-08-21 14:06:23,589 [main] INFO  handler.ContextHandler (ContextHandler.java:doStart(781)) - Started o.e.j.s.ServletContextHandler@7e7ee3b7{/logs,file:///workdir/hadoop-ozone/integration-test/target/log,AVAILABLE}
2019-08-21 14:06:23,590 [main] INFO  handler.ContextHandler (ContextHandler.java:doStart(781)) - Started o.e.j.s.ServletContextHandler@66d9c846{/static,jar:file:/home/user/.m2/repository/org/apache/hadoop/hadoop-hdds-container-service/0.5.0-SNAPSHOT/hadoop-hdds-container-service-0.5.0-SNAPSHOT.jar!/webapps/static,AVAILABLE}
2019-08-21 14:06:23,620 [main] INFO  handler.ContextHandler (ContextHandler.java:doStart(781)) - Started o.e.j.w.WebAppContext@3a4e6da6{/,file:///tmp/jetty-0.0.0.0-36062-hddsDatanode-_-any-1374552510331977772.dir/webapp/,AVAILABLE}{/hddsDatanode}
2019-08-21 14:06:23,620 [main] INFO  server.AbstractConnector (AbstractConnector.java:doStart(278)) - Started ServerConnector@73e0c775{HTTP/1.1,[http/1.1]}{0.0.0.0:36062}
2019-08-21 14:06:23,620 [main] INFO  server.Server (Server.java:doStart(419)) - Started @533153ms
2019-08-21 14:06:23,622 [main] INFO  server.BaseHttpServer (BaseHttpServer.java:updateConnectorAddress(213)) - HTTP server of HDDSDATANODE is listening at http://0.0.0.0:36062
2019-08-21 14:06:23,725 | INFO  | ObjectStoreRestHttpServer | Listening HDDS REST traffic on /0.0.0.0:46669 |  
2019-08-21 14:06:23,725 [main] INFO  ozone.HddsDatanodeService (HddsDatanodeService.java:startPlugins(395)) - Started plug-in org.apache.hadoop.ozone.web.OzoneHddsDatanodeService@387bbd7a
2019-08-21 14:06:23,725 [main] INFO  impl.MetricsSystemImpl (MetricsSystemImpl.java:init(158)) - HddsDatanode metrics system started (again)
2019-08-21 14:06:23,728 [org.apache.hadoop.util.JvmPauseMonitor$Monitor@47125915] INFO  util.JvmPauseMonitor (JvmPauseMonitor.java:run(188)) - Starting JVM pause monitor
2019-08-21 14:06:23,729 [main] INFO  ozone.HddsDatanodeService (HddsDatanodeService.java:start(184)) - HddsDatanodeService host:pr-hdds-1999-4zsjs-3155158423 ip:192.168.5.153
2019-08-21 14:06:23,730 [Datanode State Machine Thread - 0] INFO  datanode.InitDatanodeState (InitDatanodeState.java:persistContainerDatanodeDetails(140)) - DatanodeDetails is persisted to /workdir/hadoop-ozone/integration-test/target/test-dir/MiniOzoneClusterImpl-7ea47189-2199-496c-8461-08fb5daa32e9/datanode-3/meta/datanode.id
2019-08-21 14:06:23,739 [main] INFO  volume.HddsVolume (HddsVolume.java:<init>(176)) - Creating Volume: /workdir/hadoop-ozone/integration-test/target/test-dir/MiniOzoneClusterImpl-7ea47189-2199-496c-8461-08fb5daa32e9/datanode-4/data/containers/hdds of  storage type : DISK and capacity : 1482555576320
2019-08-21 14:06:23,739 [main] INFO  volume.VolumeSet (VolumeSet.java:initializeVolumeSet(170)) - Added Volume : /workdir/hadoop-ozone/integration-test/target/test-dir/MiniOzoneClusterImpl-7ea47189-2199-496c-8461-08fb5daa32e9/datanode-4/data/containers/hdds to VolumeSet
2019-08-21 14:06:23,739 [main] INFO  volume.ThrottledAsyncChecker (ThrottledAsyncChecker.java:schedule(140)) - Scheduling a check for org.apache.hadoop.ozone.container.common.volume.HddsVolume@33e6176b
2019-08-21 14:06:23,740 [main] INFO  volume.HddsVolumeChecker (HddsVolumeChecker.java:checkAllVolumes(203)) - Scheduled health check for volume org.apache.hadoop.ozone.container.common.volume.HddsVolume@33e6176b
2019-08-21 14:06:23,753 [main] INFO  impl.RaftServerProxy (ConfUtils.java:logGet(43)) - raft.rpc.type = GRPC (default)
2019-08-21 14:06:23,754 [main] INFO  grpc.GrpcFactory (GrpcFactory.java:checkPooledByteBufAllocatorUseCacheForAllThreads(45)) - PERFORMANCE WARNING: useCacheForAllThreads is true that may cause Netty to create a lot garbage objects and, as a result, trigger GC.
	It is recommended to disable useCacheForAllThreads by setting -Dorg.apache.ratis.thirdparty.io.netty.allocator.useCacheForAllThreads=false in command line.
2019-08-21 14:06:23,754 [main] INFO  grpc.GrpcConfigKeys$Server (ConfUtils.java:logGet(43)) - raft.grpc.server.port = 0 (default)
2019-08-21 14:06:23,754 [main] INFO  server.GrpcService (ConfUtils.java:logGet(43)) - raft.grpc.message.size.max = 33570816 (custom)
2019-08-21 14:06:23,754 [main] INFO  server.RaftServerConfigKeys (ConfUtils.java:logGet(43)) - raft.server.log.appender.buffer.byte-limit = 33554432 (custom)
2019-08-21 14:06:23,755 [main] INFO  server.GrpcService (ConfUtils.java:logGet(43)) - raft.grpc.flow.control.window = 1MB (=1048576) (default)
2019-08-21 14:06:23,755 [main] INFO  server.RaftServerConfigKeys (ConfUtils.java:logGet(43)) - raft.server.rpc.request.timeout = 3000ms (default)
2019-08-21 14:06:23,755 [main] INFO  server.RaftServerConfigKeys (ConfUtils.java:logGet(43)) - raft.server.storage.dir = [/workdir/hadoop-ozone/integration-test/target/test-dir/MiniOzoneClusterImpl-7ea47189-2199-496c-8461-08fb5daa32e9/datanode-4/data/ratis] (custom)
2019-08-21 14:06:23,756 [main] INFO  replication.SimpleContainerDownloader (SimpleContainerDownloader.java:<init>(72)) - Starting container downloader service to copy containers to replicate.
2019-08-21 14:06:23,757 [main] INFO  hdfs.DFSUtil (DFSUtil.java:httpServerTemplateForNNAndJN(1641)) - Starting Web-server for hddsDatanode at: http://0.0.0.0:0
2019-08-21 14:06:23,758 [main] INFO  server.AuthenticationFilter (AuthenticationFilter.java:constructSecretProvider(240)) - Unable to initialize FileSignerSecretProvider, falling back to use random secrets.
2019-08-21 14:06:23,759 [main] WARN  http.HttpRequestLog (HttpRequestLog.java:getRequestLog(97)) - Jetty request log can only be enabled using Log4j
2019-08-21 14:06:23,760 [main] INFO  http.HttpServer2 (HttpServer2.java:addGlobalFilter(975)) - Added global filter 'safety' (class=org.apache.hadoop.http.HttpServer2$QuotingInputFilter)
2019-08-21 14:06:23,761 [main] INFO  http.HttpServer2 (HttpServer2.java:addFilter(948)) - Added filter static_user_filter (class=org.apache.hadoop.http.lib.StaticUserWebFilter$StaticUserFilter) to context hddsDatanode
2019-08-21 14:06:23,761 [main] INFO  http.HttpServer2 (HttpServer2.java:addFilter(958)) - Added filter static_user_filter (class=org.apache.hadoop.http.lib.StaticUserWebFilter$StaticUserFilter) to context static
2019-08-21 14:06:23,761 [main] INFO  http.HttpServer2 (HttpServer2.java:addFilter(958)) - Added filter static_user_filter (class=org.apache.hadoop.http.lib.StaticUserWebFilter$StaticUserFilter) to context logs
2019-08-21 14:06:23,762 [main] INFO  http.HttpServer2 (HttpServer2.java:bindListener(1191)) - Jetty bound to port 37824
2019-08-21 14:06:23,762 [main] INFO  server.Server (Server.java:doStart(351)) - jetty-9.3.24.v20180605, build timestamp: 2018-06-05T17:11:56Z, git hash: 84205aa28f11a4f31f2a3b86d1bba2cc8ab69827
2019-08-21 14:06:23,764 [main] INFO  handler.ContextHandler (ContextHandler.java:doStart(781)) - Started o.e.j.s.ServletContextHandler@213a2fe3{/logs,file:///workdir/hadoop-ozone/integration-test/target/log,AVAILABLE}
2019-08-21 14:06:23,765 [main] INFO  handler.ContextHandler (ContextHandler.java:doStart(781)) - Started o.e.j.s.ServletContextHandler@29511cf9{/static,jar:file:/home/user/.m2/repository/org/apache/hadoop/hadoop-hdds-container-service/0.5.0-SNAPSHOT/hadoop-hdds-container-service-0.5.0-SNAPSHOT.jar!/webapps/static,AVAILABLE}
2019-08-21 14:06:23,803 [main] INFO  handler.ContextHandler (ContextHandler.java:doStart(781)) - Started o.e.j.w.WebAppContext@7671c02d{/,file:///tmp/jetty-0.0.0.0-37824-hddsDatanode-_-any-4786589738607949391.dir/webapp/,AVAILABLE}{/hddsDatanode}
2019-08-21 14:06:23,804 [main] INFO  server.AbstractConnector (AbstractConnector.java:doStart(278)) - Started ServerConnector@44189797{HTTP/1.1,[http/1.1]}{0.0.0.0:37824}
2019-08-21 14:06:23,805 [main] INFO  server.Server (Server.java:doStart(419)) - Started @533337ms
2019-08-21 14:06:23,806 [main] INFO  server.BaseHttpServer (BaseHttpServer.java:updateConnectorAddress(213)) - HTTP server of HDDSDATANODE is listening at http://0.0.0.0:37824
2019-08-21 14:06:23,900 | INFO  | ObjectStoreRestHttpServer | Listening HDDS REST traffic on /0.0.0.0:44901 |  
2019-08-21 14:06:23,900 [main] INFO  ozone.HddsDatanodeService (HddsDatanodeService.java:startPlugins(395)) - Started plug-in org.apache.hadoop.ozone.web.OzoneHddsDatanodeService@36996b37
2019-08-21 14:06:23,900 [main] INFO  impl.MetricsSystemImpl (MetricsSystemImpl.java:init(158)) - HddsDatanode metrics system started (again)
2019-08-21 14:06:23,904 [org.apache.hadoop.util.JvmPauseMonitor$Monitor@7d2f0571] INFO  util.JvmPauseMonitor (JvmPauseMonitor.java:run(188)) - Starting JVM pause monitor
2019-08-21 14:06:23,904 [main] INFO  ozone.HddsDatanodeService (HddsDatanodeService.java:start(184)) - HddsDatanodeService host:pr-hdds-1999-4zsjs-3155158423 ip:192.168.5.153
2019-08-21 14:06:23,905 [Datanode State Machine Thread - 0] INFO  datanode.InitDatanodeState (InitDatanodeState.java:persistContainerDatanodeDetails(140)) - DatanodeDetails is persisted to /workdir/hadoop-ozone/integration-test/target/test-dir/MiniOzoneClusterImpl-7ea47189-2199-496c-8461-08fb5daa32e9/datanode-4/meta/datanode.id
2019-08-21 14:06:23,913 [main] INFO  volume.HddsVolume (HddsVolume.java:<init>(176)) - Creating Volume: /workdir/hadoop-ozone/integration-test/target/test-dir/MiniOzoneClusterImpl-7ea47189-2199-496c-8461-08fb5daa32e9/datanode-5/data/containers/hdds of  storage type : DISK and capacity : 1482555576320
2019-08-21 14:06:23,913 [main] INFO  volume.VolumeSet (VolumeSet.java:initializeVolumeSet(170)) - Added Volume : /workdir/hadoop-ozone/integration-test/target/test-dir/MiniOzoneClusterImpl-7ea47189-2199-496c-8461-08fb5daa32e9/datanode-5/data/containers/hdds to VolumeSet
2019-08-21 14:06:23,913 [main] INFO  volume.ThrottledAsyncChecker (ThrottledAsyncChecker.java:schedule(140)) - Scheduling a check for org.apache.hadoop.ozone.container.common.volume.HddsVolume@3741a170
2019-08-21 14:06:23,914 [main] INFO  volume.HddsVolumeChecker (HddsVolumeChecker.java:checkAllVolumes(203)) - Scheduled health check for volume org.apache.hadoop.ozone.container.common.volume.HddsVolume@3741a170
2019-08-21 14:06:23,931 [main] INFO  impl.RaftServerProxy (ConfUtils.java:logGet(43)) - raft.rpc.type = GRPC (default)
2019-08-21 14:06:23,931 [main] INFO  grpc.GrpcFactory (GrpcFactory.java:checkPooledByteBufAllocatorUseCacheForAllThreads(45)) - PERFORMANCE WARNING: useCacheForAllThreads is true that may cause Netty to create a lot garbage objects and, as a result, trigger GC.
	It is recommended to disable useCacheForAllThreads by setting -Dorg.apache.ratis.thirdparty.io.netty.allocator.useCacheForAllThreads=false in command line.
2019-08-21 14:06:23,931 [main] INFO  grpc.GrpcConfigKeys$Server (ConfUtils.java:logGet(43)) - raft.grpc.server.port = 0 (default)
2019-08-21 14:06:23,932 [main] INFO  server.GrpcService (ConfUtils.java:logGet(43)) - raft.grpc.message.size.max = 33570816 (custom)
2019-08-21 14:06:23,932 [main] INFO  server.RaftServerConfigKeys (ConfUtils.java:logGet(43)) - raft.server.log.appender.buffer.byte-limit = 33554432 (custom)
2019-08-21 14:06:23,932 [main] INFO  server.GrpcService (ConfUtils.java:logGet(43)) - raft.grpc.flow.control.window = 1MB (=1048576) (default)
2019-08-21 14:06:23,932 [main] INFO  server.RaftServerConfigKeys (ConfUtils.java:logGet(43)) - raft.server.rpc.request.timeout = 3000ms (default)
2019-08-21 14:06:23,933 [main] INFO  server.RaftServerConfigKeys (ConfUtils.java:logGet(43)) - raft.server.storage.dir = [/workdir/hadoop-ozone/integration-test/target/test-dir/MiniOzoneClusterImpl-7ea47189-2199-496c-8461-08fb5daa32e9/datanode-5/data/ratis] (custom)
2019-08-21 14:06:23,933 [main] INFO  replication.SimpleContainerDownloader (SimpleContainerDownloader.java:<init>(72)) - Starting container downloader service to copy containers to replicate.
2019-08-21 14:06:23,934 [main] INFO  hdfs.DFSUtil (DFSUtil.java:httpServerTemplateForNNAndJN(1641)) - Starting Web-server for hddsDatanode at: http://0.0.0.0:0
2019-08-21 14:06:23,935 [main] INFO  server.AuthenticationFilter (AuthenticationFilter.java:constructSecretProvider(240)) - Unable to initialize FileSignerSecretProvider, falling back to use random secrets.
2019-08-21 14:06:23,935 [main] WARN  http.HttpRequestLog (HttpRequestLog.java:getRequestLog(97)) - Jetty request log can only be enabled using Log4j
2019-08-21 14:06:23,936 [main] INFO  http.HttpServer2 (HttpServer2.java:addGlobalFilter(975)) - Added global filter 'safety' (class=org.apache.hadoop.http.HttpServer2$QuotingInputFilter)
2019-08-21 14:06:23,937 [main] INFO  http.HttpServer2 (HttpServer2.java:addFilter(948)) - Added filter static_user_filter (class=org.apache.hadoop.http.lib.StaticUserWebFilter$StaticUserFilter) to context hddsDatanode
2019-08-21 14:06:23,937 [main] INFO  http.HttpServer2 (HttpServer2.java:addFilter(958)) - Added filter static_user_filter (class=org.apache.hadoop.http.lib.StaticUserWebFilter$StaticUserFilter) to context logs
2019-08-21 14:06:23,937 [main] INFO  http.HttpServer2 (HttpServer2.java:addFilter(958)) - Added filter static_user_filter (class=org.apache.hadoop.http.lib.StaticUserWebFilter$StaticUserFilter) to context static
2019-08-21 14:06:23,937 [main] INFO  http.HttpServer2 (HttpServer2.java:bindListener(1191)) - Jetty bound to port 41882
2019-08-21 14:06:23,937 [main] INFO  server.Server (Server.java:doStart(351)) - jetty-9.3.24.v20180605, build timestamp: 2018-06-05T17:11:56Z, git hash: 84205aa28f11a4f31f2a3b86d1bba2cc8ab69827
2019-08-21 14:06:23,939 [main] INFO  handler.ContextHandler (ContextHandler.java:doStart(781)) - Started o.e.j.s.ServletContextHandler@7e3062f0{/logs,file:///workdir/hadoop-ozone/integration-test/target/log,AVAILABLE}
2019-08-21 14:06:23,939 [main] INFO  handler.ContextHandler (ContextHandler.java:doStart(781)) - Started o.e.j.s.ServletContextHandler@309d9033{/static,jar:file:/home/user/.m2/repository/org/apache/hadoop/hadoop-hdds-container-service/0.5.0-SNAPSHOT/hadoop-hdds-container-service-0.5.0-SNAPSHOT.jar!/webapps/static,AVAILABLE}
2019-08-21 14:06:23,963 [main] INFO  handler.ContextHandler (ContextHandler.java:doStart(781)) - Started o.e.j.w.WebAppContext@19b7852b{/,file:///tmp/jetty-0.0.0.0-41882-hddsDatanode-_-any-4207204373215424676.dir/webapp/,AVAILABLE}{/hddsDatanode}
2019-08-21 14:06:23,963 [main] INFO  server.AbstractConnector (AbstractConnector.java:doStart(278)) - Started ServerConnector@24fcfdb{HTTP/1.1,[http/1.1]}{0.0.0.0:41882}
2019-08-21 14:06:23,963 [main] INFO  server.Server (Server.java:doStart(419)) - Started @533496ms
2019-08-21 14:06:23,965 [main] INFO  server.BaseHttpServer (BaseHttpServer.java:updateConnectorAddress(213)) - HTTP server of HDDSDATANODE is listening at http://0.0.0.0:41882
2019-08-21 14:06:24,061 | INFO  | ObjectStoreRestHttpServer | Listening HDDS REST traffic on /0.0.0.0:32993 |  
2019-08-21 14:06:24,061 [main] INFO  ozone.HddsDatanodeService (HddsDatanodeService.java:startPlugins(395)) - Started plug-in org.apache.hadoop.ozone.web.OzoneHddsDatanodeService@363d3958
2019-08-21 14:06:24,062 [main] INFO  impl.MetricsSystemImpl (MetricsSystemImpl.java:init(158)) - HddsDatanode metrics system started (again)
2019-08-21 14:06:24,066 [org.apache.hadoop.util.JvmPauseMonitor$Monitor@13adcdf2] INFO  util.JvmPauseMonitor (JvmPauseMonitor.java:run(188)) - Starting JVM pause monitor
2019-08-21 14:06:24,066 [main] INFO  ozone.HddsDatanodeService (HddsDatanodeService.java:start(184)) - HddsDatanodeService host:pr-hdds-1999-4zsjs-3155158423 ip:192.168.5.153
2019-08-21 14:06:24,067 [Datanode State Machine Thread - 0] INFO  datanode.InitDatanodeState (InitDatanodeState.java:persistContainerDatanodeDetails(140)) - DatanodeDetails is persisted to /workdir/hadoop-ozone/integration-test/target/test-dir/MiniOzoneClusterImpl-7ea47189-2199-496c-8461-08fb5daa32e9/datanode-5/meta/datanode.id
2019-08-21 14:06:24,076 [main] INFO  volume.HddsVolume (HddsVolume.java:<init>(176)) - Creating Volume: /workdir/hadoop-ozone/integration-test/target/test-dir/MiniOzoneClusterImpl-7ea47189-2199-496c-8461-08fb5daa32e9/datanode-6/data/containers/hdds of  storage type : DISK and capacity : 1482555576320
2019-08-21 14:06:24,076 [main] INFO  volume.VolumeSet (VolumeSet.java:initializeVolumeSet(170)) - Added Volume : /workdir/hadoop-ozone/integration-test/target/test-dir/MiniOzoneClusterImpl-7ea47189-2199-496c-8461-08fb5daa32e9/datanode-6/data/containers/hdds to VolumeSet
2019-08-21 14:06:24,076 [main] INFO  volume.ThrottledAsyncChecker (ThrottledAsyncChecker.java:schedule(140)) - Scheduling a check for org.apache.hadoop.ozone.container.common.volume.HddsVolume@3a892b9f
2019-08-21 14:06:24,077 [main] INFO  volume.HddsVolumeChecker (HddsVolumeChecker.java:checkAllVolumes(203)) - Scheduled health check for volume org.apache.hadoop.ozone.container.common.volume.HddsVolume@3a892b9f
2019-08-21 14:06:24,095 [main] INFO  impl.RaftServerProxy (ConfUtils.java:logGet(43)) - raft.rpc.type = GRPC (default)
2019-08-21 14:06:24,095 [main] INFO  grpc.GrpcFactory (GrpcFactory.java:checkPooledByteBufAllocatorUseCacheForAllThreads(45)) - PERFORMANCE WARNING: useCacheForAllThreads is true that may cause Netty to create a lot garbage objects and, as a result, trigger GC.
	It is recommended to disable useCacheForAllThreads by setting -Dorg.apache.ratis.thirdparty.io.netty.allocator.useCacheForAllThreads=false in command line.
2019-08-21 14:06:24,095 [main] INFO  grpc.GrpcConfigKeys$Server (ConfUtils.java:logGet(43)) - raft.grpc.server.port = 0 (default)
2019-08-21 14:06:24,095 [main] INFO  server.GrpcService (ConfUtils.java:logGet(43)) - raft.grpc.message.size.max = 33570816 (custom)
2019-08-21 14:06:24,096 [main] INFO  server.RaftServerConfigKeys (ConfUtils.java:logGet(43)) - raft.server.log.appender.buffer.byte-limit = 33554432 (custom)
2019-08-21 14:06:24,096 [main] INFO  server.GrpcService (ConfUtils.java:logGet(43)) - raft.grpc.flow.control.window = 1MB (=1048576) (default)
2019-08-21 14:06:24,096 [main] INFO  server.RaftServerConfigKeys (ConfUtils.java:logGet(43)) - raft.server.rpc.request.timeout = 3000ms (default)
2019-08-21 14:06:24,097 [main] INFO  server.RaftServerConfigKeys (ConfUtils.java:logGet(43)) - raft.server.storage.dir = [/workdir/hadoop-ozone/integration-test/target/test-dir/MiniOzoneClusterImpl-7ea47189-2199-496c-8461-08fb5daa32e9/datanode-6/data/ratis] (custom)
2019-08-21 14:06:24,097 [main] INFO  replication.SimpleContainerDownloader (SimpleContainerDownloader.java:<init>(72)) - Starting container downloader service to copy containers to replicate.
2019-08-21 14:06:24,098 [main] INFO  hdfs.DFSUtil (DFSUtil.java:httpServerTemplateForNNAndJN(1641)) - Starting Web-server for hddsDatanode at: http://0.0.0.0:0
2019-08-21 14:06:24,100 [main] INFO  server.AuthenticationFilter (AuthenticationFilter.java:constructSecretProvider(240)) - Unable to initialize FileSignerSecretProvider, falling back to use random secrets.
2019-08-21 14:06:24,100 [main] WARN  http.HttpRequestLog (HttpRequestLog.java:getRequestLog(97)) - Jetty request log can only be enabled using Log4j
2019-08-21 14:06:24,101 [main] INFO  http.HttpServer2 (HttpServer2.java:addGlobalFilter(975)) - Added global filter 'safety' (class=org.apache.hadoop.http.HttpServer2$QuotingInputFilter)
2019-08-21 14:06:24,102 [main] INFO  http.HttpServer2 (HttpServer2.java:addFilter(948)) - Added filter static_user_filter (class=org.apache.hadoop.http.lib.StaticUserWebFilter$StaticUserFilter) to context hddsDatanode
2019-08-21 14:06:24,102 [main] INFO  http.HttpServer2 (HttpServer2.java:addFilter(958)) - Added filter static_user_filter (class=org.apache.hadoop.http.lib.StaticUserWebFilter$StaticUserFilter) to context logs
2019-08-21 14:06:24,102 [main] INFO  http.HttpServer2 (HttpServer2.java:addFilter(958)) - Added filter static_user_filter (class=org.apache.hadoop.http.lib.StaticUserWebFilter$StaticUserFilter) to context static
2019-08-21 14:06:24,103 [main] INFO  http.HttpServer2 (HttpServer2.java:bindListener(1191)) - Jetty bound to port 45393
2019-08-21 14:06:24,103 [main] INFO  server.Server (Server.java:doStart(351)) - jetty-9.3.24.v20180605, build timestamp: 2018-06-05T17:11:56Z, git hash: 84205aa28f11a4f31f2a3b86d1bba2cc8ab69827
2019-08-21 14:06:24,104 [main] INFO  handler.ContextHandler (ContextHandler.java:doStart(781)) - Started o.e.j.s.ServletContextHandler@2ab0ca04{/logs,file:///workdir/hadoop-ozone/integration-test/target/log,AVAILABLE}
2019-08-21 14:06:24,104 [main] INFO  handler.ContextHandler (ContextHandler.java:doStart(781)) - Started o.e.j.s.ServletContextHandler@7d569c10{/static,jar:file:/home/user/.m2/repository/org/apache/hadoop/hadoop-hdds-container-service/0.5.0-SNAPSHOT/hadoop-hdds-container-service-0.5.0-SNAPSHOT.jar!/webapps/static,AVAILABLE}
2019-08-21 14:06:24,129 [main] INFO  handler.ContextHandler (ContextHandler.java:doStart(781)) - Started o.e.j.w.WebAppContext@6b174aa3{/,file:///tmp/jetty-0.0.0.0-45393-hddsDatanode-_-any-4045128793381592003.dir/webapp/,AVAILABLE}{/hddsDatanode}
2019-08-21 14:06:24,129 [main] INFO  server.AbstractConnector (AbstractConnector.java:doStart(278)) - Started ServerConnector@3f8961fc{HTTP/1.1,[http/1.1]}{0.0.0.0:45393}
2019-08-21 14:06:24,129 [main] INFO  server.Server (Server.java:doStart(419)) - Started @533662ms
2019-08-21 14:06:24,134 [main] INFO  server.BaseHttpServer (BaseHttpServer.java:updateConnectorAddress(213)) - HTTP server of HDDSDATANODE is listening at http://0.0.0.0:45393
2019-08-21 14:06:24,226 | INFO  | ObjectStoreRestHttpServer | Listening HDDS REST traffic on /0.0.0.0:39109 |  
2019-08-21 14:06:24,226 [main] INFO  ozone.HddsDatanodeService (HddsDatanodeService.java:startPlugins(395)) - Started plug-in org.apache.hadoop.ozone.web.OzoneHddsDatanodeService@5824b485
2019-08-21 14:06:24,227 [main] INFO  ozone.MiniOzoneClusterImpl (MiniOzoneClusterImpl.java:lambda$waitForClusterToBeReady$0(142)) - Waiting for cluster to be ready. Got 0 of 7 DN Heartbeats.
2019-08-21 14:06:24,228 [org.apache.hadoop.util.JvmPauseMonitor$Monitor@700a6380] INFO  util.JvmPauseMonitor (JvmPauseMonitor.java:run(188)) - Starting JVM pause monitor
2019-08-21 14:06:24,229 [Datanode State Machine Thread - 0] INFO  datanode.InitDatanodeState (InitDatanodeState.java:persistContainerDatanodeDetails(140)) - DatanodeDetails is persisted to /workdir/hadoop-ozone/integration-test/target/test-dir/MiniOzoneClusterImpl-7ea47189-2199-496c-8461-08fb5daa32e9/datanode-6/meta/datanode.id
2019-08-21 14:06:25,038 | INFO  | SCMAudit | user=jenkins1000 | ip=192.168.5.153 | op=GET_VERSION null | ret=SUCCESS |  
2019-08-21 14:06:25,055 [Datanode State Machine Thread - 0] INFO  ozoneimpl.OzoneContainer (OzoneContainer.java:start(186)) - Attempting to start container services.
2019-08-21 14:06:25,055 [Datanode State Machine Thread - 0] INFO  ozoneimpl.OzoneContainer (OzoneContainer.java:startContainerScrub(160)) - Background container scrubber has been disabled by hdds.containerscrub.enabled
2019-08-21 14:06:25,056 [Datanode State Machine Thread - 0] INFO  ratis.XceiverServerRatis (XceiverServerRatis.java:start(404)) - Starting XceiverServerRatis 836eae42-3b0d-43f5-9350-38cdf93fb6b1 at port 0
2019-08-21 14:06:25,062 [Datanode State Machine Thread - 0] INFO  impl.RaftServerProxy (RaftServerProxy.java:lambda$start$3(299)) - 836eae42-3b0d-43f5-9350-38cdf93fb6b1: start RPC server
2019-08-21 14:06:25,064 [Datanode State Machine Thread - 0] INFO  server.GrpcService (GrpcService.java:startImpl(149)) - 836eae42-3b0d-43f5-9350-38cdf93fb6b1: GrpcService started, listening on 0.0.0.0/0.0.0.0:41934
2019-08-21 14:06:25,064 [Datanode State Machine Thread - 0] INFO  ratis.XceiverServerRatis (XceiverServerRatis.java:start(414)) - XceiverServerRatis 836eae42-3b0d-43f5-9350-38cdf93fb6b1 is started using port 41934
2019-08-21 14:06:25,071 [Datanode State Machine Thread - 0] INFO  server.XceiverServerGrpc (XceiverServerGrpc.java:start(161)) - XceiverServerGrpc 836eae42-3b0d-43f5-9350-38cdf93fb6b1 is started using port 39035
2019-08-21 14:06:25,210 | INFO  | SCMAudit | user=jenkins1000 | ip=192.168.5.153 | op=GET_VERSION null | ret=SUCCESS |  
2019-08-21 14:06:25,226 [Datanode State Machine Thread - 0] INFO  ozoneimpl.OzoneContainer (OzoneContainer.java:start(186)) - Attempting to start container services.
2019-08-21 14:06:25,226 [Datanode State Machine Thread - 0] INFO  ozoneimpl.OzoneContainer (OzoneContainer.java:startContainerScrub(160)) - Background container scrubber has been disabled by hdds.containerscrub.enabled
2019-08-21 14:06:25,226 [Datanode State Machine Thread - 0] INFO  ratis.XceiverServerRatis (XceiverServerRatis.java:start(404)) - Starting XceiverServerRatis 34e9b401-0a80-48b0-b439-106ab774064b at port 0
2019-08-21 14:06:25,227 [main] INFO  ozone.MiniOzoneClusterImpl (MiniOzoneClusterImpl.java:lambda$waitForClusterToBeReady$0(142)) - Waiting for cluster to be ready. Got 0 of 7 DN Heartbeats.
2019-08-21 14:06:25,234 [Datanode State Machine Thread - 0] INFO  impl.RaftServerProxy (RaftServerProxy.java:lambda$start$3(299)) - 34e9b401-0a80-48b0-b439-106ab774064b: start RPC server
2019-08-21 14:06:25,236 [Datanode State Machine Thread - 0] INFO  server.GrpcService (GrpcService.java:startImpl(149)) - 34e9b401-0a80-48b0-b439-106ab774064b: GrpcService started, listening on 0.0.0.0/0.0.0.0:41483
2019-08-21 14:06:25,236 [Datanode State Machine Thread - 0] INFO  ratis.XceiverServerRatis (XceiverServerRatis.java:start(414)) - XceiverServerRatis 34e9b401-0a80-48b0-b439-106ab774064b is started using port 41483
2019-08-21 14:06:25,237 [Datanode State Machine Thread - 0] INFO  server.XceiverServerGrpc (XceiverServerGrpc.java:start(161)) - XceiverServerGrpc 34e9b401-0a80-48b0-b439-106ab774064b is started using port 41385
2019-08-21 14:06:25,499 | INFO  | SCMAudit | user=jenkins1000 | ip=192.168.5.153 | op=GET_VERSION null | ret=SUCCESS |  
2019-08-21 14:06:25,512 [Datanode State Machine Thread - 0] INFO  ozoneimpl.OzoneContainer (OzoneContainer.java:start(186)) - Attempting to start container services.
2019-08-21 14:06:25,513 [Datanode State Machine Thread - 0] INFO  ozoneimpl.OzoneContainer (OzoneContainer.java:startContainerScrub(160)) - Background container scrubber has been disabled by hdds.containerscrub.enabled
2019-08-21 14:06:25,513 [Datanode State Machine Thread - 0] INFO  ratis.XceiverServerRatis (XceiverServerRatis.java:start(404)) - Starting XceiverServerRatis 44dd15f8-6ed7-4759-a927-399fb365e987 at port 0
2019-08-21 14:06:25,520 [Datanode State Machine Thread - 0] INFO  impl.RaftServerProxy (RaftServerProxy.java:lambda$start$3(299)) - 44dd15f8-6ed7-4759-a927-399fb365e987: start RPC server
2019-08-21 14:06:25,521 [Datanode State Machine Thread - 0] INFO  server.GrpcService (GrpcService.java:startImpl(149)) - 44dd15f8-6ed7-4759-a927-399fb365e987: GrpcService started, listening on 0.0.0.0/0.0.0.0:33977
2019-08-21 14:06:25,522 [Datanode State Machine Thread - 0] INFO  ratis.XceiverServerRatis (XceiverServerRatis.java:start(414)) - XceiverServerRatis 44dd15f8-6ed7-4759-a927-399fb365e987 is started using port 33977
2019-08-21 14:06:25,522 [Datanode State Machine Thread - 0] INFO  server.XceiverServerGrpc (XceiverServerGrpc.java:start(161)) - XceiverServerGrpc 44dd15f8-6ed7-4759-a927-399fb365e987 is started using port 43735
2019-08-21 14:06:25,729 | INFO  | SCMAudit | user=jenkins1000 | ip=192.168.5.153 | op=GET_VERSION null | ret=SUCCESS |  
2019-08-21 14:06:25,751 [Datanode State Machine Thread - 0] INFO  ozoneimpl.OzoneContainer (OzoneContainer.java:start(186)) - Attempting to start container services.
2019-08-21 14:06:25,751 [Datanode State Machine Thread - 0] INFO  ozoneimpl.OzoneContainer (OzoneContainer.java:startContainerScrub(160)) - Background container scrubber has been disabled by hdds.containerscrub.enabled
2019-08-21 14:06:25,751 [Datanode State Machine Thread - 0] INFO  ratis.XceiverServerRatis (XceiverServerRatis.java:start(404)) - Starting XceiverServerRatis ff625bda-bd10-4290-9d5d-b2d4afbb6a9a at port 0
2019-08-21 14:06:25,758 [Datanode State Machine Thread - 0] INFO  impl.RaftServerProxy (RaftServerProxy.java:lambda$start$3(299)) - ff625bda-bd10-4290-9d5d-b2d4afbb6a9a: start RPC server
2019-08-21 14:06:25,762 [Datanode State Machine Thread - 0] INFO  server.GrpcService (GrpcService.java:startImpl(149)) - ff625bda-bd10-4290-9d5d-b2d4afbb6a9a: GrpcService started, listening on 0.0.0.0/0.0.0.0:46213
2019-08-21 14:06:25,762 [Datanode State Machine Thread - 0] INFO  ratis.XceiverServerRatis (XceiverServerRatis.java:start(414)) - XceiverServerRatis ff625bda-bd10-4290-9d5d-b2d4afbb6a9a is started using port 46213
2019-08-21 14:06:25,762 [Datanode State Machine Thread - 0] INFO  server.XceiverServerGrpc (XceiverServerGrpc.java:start(161)) - XceiverServerGrpc ff625bda-bd10-4290-9d5d-b2d4afbb6a9a is started using port 44315
2019-08-21 14:06:25,904 | INFO  | SCMAudit | user=jenkins1000 | ip=192.168.5.153 | op=GET_VERSION null | ret=SUCCESS |  
2019-08-21 14:06:25,917 [Datanode State Machine Thread - 0] INFO  ozoneimpl.OzoneContainer (OzoneContainer.java:start(186)) - Attempting to start container services.
2019-08-21 14:06:25,917 [Datanode State Machine Thread - 0] INFO  ozoneimpl.OzoneContainer (OzoneContainer.java:startContainerScrub(160)) - Background container scrubber has been disabled by hdds.containerscrub.enabled
2019-08-21 14:06:25,917 [Datanode State Machine Thread - 0] INFO  ratis.XceiverServerRatis (XceiverServerRatis.java:start(404)) - Starting XceiverServerRatis 00fcee37-54ab-4c9e-9be2-8b052df77471 at port 0
2019-08-21 14:06:25,924 [Datanode State Machine Thread - 0] INFO  impl.RaftServerProxy (RaftServerProxy.java:lambda$start$3(299)) - 00fcee37-54ab-4c9e-9be2-8b052df77471: start RPC server
2019-08-21 14:06:25,928 [Datanode State Machine Thread - 0] INFO  server.GrpcService (GrpcService.java:startImpl(149)) - 00fcee37-54ab-4c9e-9be2-8b052df77471: GrpcService started, listening on 0.0.0.0/0.0.0.0:42774
2019-08-21 14:06:25,928 [Datanode State Machine Thread - 0] INFO  ratis.XceiverServerRatis (XceiverServerRatis.java:start(414)) - XceiverServerRatis 00fcee37-54ab-4c9e-9be2-8b052df77471 is started using port 42774
2019-08-21 14:06:25,929 [Datanode State Machine Thread - 0] INFO  server.XceiverServerGrpc (XceiverServerGrpc.java:start(161)) - XceiverServerGrpc 00fcee37-54ab-4c9e-9be2-8b052df77471 is started using port 40452
2019-08-21 14:06:26,066 | INFO  | SCMAudit | user=jenkins1000 | ip=192.168.5.153 | op=GET_VERSION null | ret=SUCCESS |  
2019-08-21 14:06:26,091 [Datanode State Machine Thread - 0] INFO  ozoneimpl.OzoneContainer (OzoneContainer.java:start(186)) - Attempting to start container services.
2019-08-21 14:06:26,091 [Datanode State Machine Thread - 0] INFO  ozoneimpl.OzoneContainer (OzoneContainer.java:startContainerScrub(160)) - Background container scrubber has been disabled by hdds.containerscrub.enabled
2019-08-21 14:06:26,091 [Datanode State Machine Thread - 0] INFO  ratis.XceiverServerRatis (XceiverServerRatis.java:start(404)) - Starting XceiverServerRatis e9811297-a3ab-4214-978c-7ba6074934ad at port 0
2019-08-21 14:06:26,099 [Datanode State Machine Thread - 0] INFO  impl.RaftServerProxy (RaftServerProxy.java:lambda$start$3(299)) - e9811297-a3ab-4214-978c-7ba6074934ad: start RPC server
2019-08-21 14:06:26,102 [Datanode State Machine Thread - 0] INFO  server.GrpcService (GrpcService.java:startImpl(149)) - e9811297-a3ab-4214-978c-7ba6074934ad: GrpcService started, listening on 0.0.0.0/0.0.0.0:45003
2019-08-21 14:06:26,102 [Datanode State Machine Thread - 0] INFO  ratis.XceiverServerRatis (XceiverServerRatis.java:start(414)) - XceiverServerRatis e9811297-a3ab-4214-978c-7ba6074934ad is started using port 45003
2019-08-21 14:06:26,102 [Datanode State Machine Thread - 0] INFO  server.XceiverServerGrpc (XceiverServerGrpc.java:start(161)) - XceiverServerGrpc e9811297-a3ab-4214-978c-7ba6074934ad is started using port 43135
2019-08-21 14:06:26,227 [main] INFO  ozone.MiniOzoneClusterImpl (MiniOzoneClusterImpl.java:lambda$waitForClusterToBeReady$0(142)) - Waiting for cluster to be ready. Got 0 of 7 DN Heartbeats.
2019-08-21 14:06:26,229 | INFO  | SCMAudit | user=jenkins1000 | ip=192.168.5.153 | op=GET_VERSION null | ret=SUCCESS |  
2019-08-21 14:06:26,242 [Datanode State Machine Thread - 0] INFO  ozoneimpl.OzoneContainer (OzoneContainer.java:start(186)) - Attempting to start container services.
2019-08-21 14:06:26,243 [Datanode State Machine Thread - 0] INFO  ozoneimpl.OzoneContainer (OzoneContainer.java:startContainerScrub(160)) - Background container scrubber has been disabled by hdds.containerscrub.enabled
2019-08-21 14:06:26,243 [Datanode State Machine Thread - 0] INFO  ratis.XceiverServerRatis (XceiverServerRatis.java:start(404)) - Starting XceiverServerRatis 171bb82a-885e-4b9c-ba33-fe6086da731b at port 0
2019-08-21 14:06:26,250 [Datanode State Machine Thread - 0] INFO  impl.RaftServerProxy (RaftServerProxy.java:lambda$start$3(299)) - 171bb82a-885e-4b9c-ba33-fe6086da731b: start RPC server
2019-08-21 14:06:26,251 [Datanode State Machine Thread - 0] INFO  server.GrpcService (GrpcService.java:startImpl(149)) - 171bb82a-885e-4b9c-ba33-fe6086da731b: GrpcService started, listening on 0.0.0.0/0.0.0.0:37799
2019-08-21 14:06:26,251 [Datanode State Machine Thread - 0] INFO  ratis.XceiverServerRatis (XceiverServerRatis.java:start(414)) - XceiverServerRatis 171bb82a-885e-4b9c-ba33-fe6086da731b is started using port 37799
2019-08-21 14:06:26,251 [Datanode State Machine Thread - 0] INFO  server.XceiverServerGrpc (XceiverServerGrpc.java:start(161)) - XceiverServerGrpc 171bb82a-885e-4b9c-ba33-fe6086da731b is started using port 35178
2019-08-21 14:06:27,038 [IPC Server handler 3 on 41610] INFO  net.NetworkTopology (NetworkTopologyImpl.java:add(110)) - Added a new node: /default-rack/836eae42-3b0d-43f5-9350-38cdf93fb6b1
2019-08-21 14:06:27,041 [IPC Server handler 3 on 41610] INFO  node.SCMNodeManager (SCMNodeManager.java:register(273)) - Registered Data node : 836eae42-3b0d-43f5-9350-38cdf93fb6b1{ip: 192.168.5.153, host: pr-hdds-1999-4zsjs-3155158423, networkLocation: /default-rack, certSerialId: null}
2019-08-21 14:06:27,042 | INFO  | SCMAudit | user=jenkins1000 | ip=192.168.5.153 | op=REGISTER {datanodeDetails=836eae42-3b0d-43f5-9350-38cdf93fb6b1{ip: 192.168.5.153, host: pr-hdds-1999-4zsjs-3155158423, networkLocation: /default-rack, certSerialId: null}} | ret=SUCCESS |  
2019-08-21 14:06:27,042 [EventQueue-NodeRegistrationContainerReportForDataNodeSafeModeRule] INFO  safemode.SCMSafeModeManager (DataNodeSafeModeRule.java:process(71)) - SCM in safe mode. 1 DataNodes registered, 1 required.
2019-08-21 14:06:27,045 [EventQueue-NodeRegistrationContainerReportForDataNodeSafeModeRule] INFO  safemode.SCMSafeModeManager (SCMSafeModeManager.java:validateSafeModeExitRules(177)) - ScmSafeModeManager, all rules are successfully validated
2019-08-21 14:06:27,045 [EventQueue-NodeRegistrationContainerReportForDataNodeSafeModeRule] INFO  safemode.SCMSafeModeManager (SCMSafeModeManager.java:exitSafeMode(193)) - SCM exiting safe mode.
2019-08-21 14:06:27,064 [grpc-default-executor-9] INFO  impl.RaftServerProxy (RaftServerProxy.java:addNew(89)) - 836eae42-3b0d-43f5-9350-38cdf93fb6b1: addNew group-1CCB1D2324C4:[836eae42-3b0d-43f5-9350-38cdf93fb6b1:192.168.5.153:41934] returns group-1CCB1D2324C4:java.util.concurrent.CompletableFuture@776fe6e5[Not completed]
2019-08-21 14:06:27,066 [pool-439-thread-1] INFO  impl.RaftServerImpl (RaftServerImpl.java:<init>(93)) - 836eae42-3b0d-43f5-9350-38cdf93fb6b1: new RaftServerImpl for group-1CCB1D2324C4:[836eae42-3b0d-43f5-9350-38cdf93fb6b1:192.168.5.153:41934] with ContainerStateMachine:uninitialized
2019-08-21 14:06:27,066 [pool-439-thread-1] INFO  server.RaftServerConfigKeys (ConfUtils.java:logGet(43)) - raft.server.rpc.timeout.min = 5s (custom)
2019-08-21 14:06:27,066 [pool-439-thread-1] INFO  server.RaftServerConfigKeys (ConfUtils.java:logGet(43)) - raft.server.rpc.timeout.max = 5200ms (custom)
2019-08-21 14:06:27,066 [pool-439-thread-1] INFO  server.RaftServerConfigKeys (ConfUtils.java:logGet(43)) - raft.server.rpcslowness.timeout = 120s (custom)
2019-08-21 14:06:27,066 [pool-439-thread-1] INFO  server.RaftServerConfigKeys (ConfUtils.java:logGet(43)) - raft.server.sleep.deviation.threshold = 300 (default)
2019-08-21 14:06:27,066 [pool-439-thread-1] INFO  server.RaftServerConfigKeys (ConfUtils.java:logGet(43)) - raft.server.log.appender.install.snapshot.enabled = false (custom)
2019-08-21 14:06:27,066 [pool-439-thread-1] INFO  impl.RaftServerImpl (ServerState.java:<init>(105)) - 836eae42-3b0d-43f5-9350-38cdf93fb6b1:group-1CCB1D2324C4 ConfigurationManager, init=-1: [836eae42-3b0d-43f5-9350-38cdf93fb6b1:192.168.5.153:41934], old=null, confs=<EMPTY_MAP>
2019-08-21 14:06:27,067 [pool-439-thread-1] INFO  server.RaftServerConfigKeys (ConfUtils.java:logGet(43)) - raft.server.storage.dir = [/workdir/hadoop-ozone/integration-test/target/test-dir/MiniOzoneClusterImpl-7ea47189-2199-496c-8461-08fb5daa32e9/datanode-0/data/ratis] (custom)
2019-08-21 14:06:27,067 [pool-439-thread-1] INFO  storage.RaftStorageDirectory (RaftStorageDirectory.java:analyzeStorage(246)) - The storage directory /workdir/hadoop-ozone/integration-test/target/test-dir/MiniOzoneClusterImpl-7ea47189-2199-496c-8461-08fb5daa32e9/datanode-0/data/ratis/42c5efd7-bcd7-4d96-8297-1ccb1d2324c4 does not exist. Creating ...
2019-08-21 14:06:27,092 [pool-439-thread-1] INFO  storage.RaftStorageDirectory (RaftStorageDirectory.java:tryLock(328)) - Lock on /workdir/hadoop-ozone/integration-test/target/test-dir/MiniOzoneClusterImpl-7ea47189-2199-496c-8461-08fb5daa32e9/datanode-0/data/ratis/42c5efd7-bcd7-4d96-8297-1ccb1d2324c4/in_use.lock acquired by nodename 29072@pr-hdds-1999-4zsjs-3155158423
2019-08-21 14:06:27,105 [pool-439-thread-1] INFO  storage.RaftStorage (RaftStorage.java:format(72)) - Storage directory /workdir/hadoop-ozone/integration-test/target/test-dir/MiniOzoneClusterImpl-7ea47189-2199-496c-8461-08fb5daa32e9/datanode-0/data/ratis/42c5efd7-bcd7-4d96-8297-1ccb1d2324c4 has been successfully formatted.
2019-08-21 14:06:27,105 [pool-439-thread-1] INFO  ratis.ContainerStateMachine (ContainerStateMachine.java:loadSnapshot(226)) - group-1CCB1D2324C4: The snapshot info is null. Setting the last applied indexto:(t:0, i:~)
2019-08-21 14:06:27,106 [pool-439-thread-1] INFO  server.RaftServerConfigKeys (ConfUtils.java:logGet(43)) - raft.server.leader.election.timeout = 120s (custom)
2019-08-21 14:06:27,106 [pool-439-thread-1] INFO  server.RaftServerConfigKeys (ConfUtils.java:logGet(43)) - raft.server.log.use.memory = false (default)
2019-08-21 14:06:27,106 [pool-439-thread-1] INFO  server.RaftServerConfigKeys (ConfUtils.java:logGet(43)) - raft.server.log.purge.gap = 1000000 (custom)
2019-08-21 14:06:27,106 [pool-439-thread-1] INFO  server.RaftServerConfigKeys (ConfUtils.java:logGet(43)) - raft.server.log.appender.buffer.byte-limit = 33554432 (custom)
2019-08-21 14:06:27,106 [pool-439-thread-1] INFO  server.RaftServerConfigKeys (ConfUtils.java:logGet(43)) - raft.server.log.segment.size.max = 1048576 (custom)
2019-08-21 14:06:27,106 [pool-439-thread-1] INFO  server.RaftServerConfigKeys (ConfUtils.java:logGet(43)) - raft.server.log.segment.cache.num.max = 2 (custom)
2019-08-21 14:06:27,107 [pool-439-thread-1] INFO  segmented.SegmentedRaftLogWorker (SegmentedRaftLogWorker.java:<init>(172)) - new 836eae42-3b0d-43f5-9350-38cdf93fb6b1-SegmentedRaftLogWorker:Storage Directory /workdir/hadoop-ozone/integration-test/target/test-dir/MiniOzoneClusterImpl-7ea47189-2199-496c-8461-08fb5daa32e9/datanode-0/data/ratis/42c5efd7-bcd7-4d96-8297-1ccb1d2324c4 for RaftStorage:Storage Directory /workdir/hadoop-ozone/integration-test/target/test-dir/MiniOzoneClusterImpl-7ea47189-2199-496c-8461-08fb5daa32e9/datanode-0/data/ratis/42c5efd7-bcd7-4d96-8297-1ccb1d2324c4
2019-08-21 14:06:27,107 [pool-439-thread-1] INFO  server.RaftServerConfigKeys (ConfUtils.java:logGet(43)) - raft.server.log.queue.byte-limit = 2147483647 (custom)
2019-08-21 14:06:27,107 [pool-439-thread-1] INFO  server.RaftServerConfigKeys (ConfUtils.java:logGet(43)) - raft.server.log.queue.element-limit = 1024 (custom)
2019-08-21 14:06:27,107 [pool-439-thread-1] INFO  server.RaftServerConfigKeys (ConfUtils.java:logGet(43)) - raft.server.log.segment.size.max = 1048576 (custom)
2019-08-21 14:06:27,108 [pool-439-thread-1] INFO  server.RaftServerConfigKeys (ConfUtils.java:logGet(43)) - raft.server.log.preallocated.size = 16384 (custom)
2019-08-21 14:06:27,108 [pool-439-thread-1] INFO  server.RaftServerConfigKeys (ConfUtils.java:logGet(43)) - raft.server.log.write.buffer.size = 33554432 (custom)
2019-08-21 14:06:27,108 [pool-439-thread-1] INFO  server.RaftServerConfigKeys (ConfUtils.java:logGet(43)) - raft.server.log.force.sync.num = 128 (default)
2019-08-21 14:06:27,108 [pool-439-thread-1] INFO  server.RaftServerConfigKeys (ConfUtils.java:logGet(43)) - raft.server.log.statemachine.data.sync = true (default)
2019-08-21 14:06:27,108 [pool-439-thread-1] INFO  server.RaftServerConfigKeys (ConfUtils.java:logGet(43)) - raft.server.log.statemachine.data.sync.timeout = 10s (default)
2019-08-21 14:06:27,108 [pool-439-thread-1] INFO  server.RaftServerConfigKeys (ConfUtils.java:logGet(43)) - raft.server.log.statemachine.data.sync.timeout.retry = -1 (default)
2019-08-21 14:06:27,109 [pool-439-thread-1] INFO  server.RaftServerConfigKeys (ConfUtils.java:logGet(43)) - raft.server.log.statemachine.data.caching.enabled = true (custom)
2019-08-21 14:06:27,109 [pool-439-thread-1] INFO  segmented.SegmentedRaftLogWorker (SegmentedRaftLogWorker.java:lambda$new$0(132)) - 836eae42-3b0d-43f5-9350-38cdf93fb6b1-SegmentedRaftLogWorker:Storage Directory /workdir/hadoop-ozone/integration-test/target/test-dir/MiniOzoneClusterImpl-7ea47189-2199-496c-8461-08fb5daa32e9/datanode-0/data/ratis/42c5efd7-bcd7-4d96-8297-1ccb1d2324c4: flushIndex: setUnconditionally 0 -> -1
2019-08-21 14:06:27,109 [pool-439-thread-1] INFO  server.RaftServerConfigKeys (ConfUtils.java:logGet(43)) - raft.server.snapshot.auto.trigger.enabled = true (custom)
2019-08-21 14:06:27,110 [pool-439-thread-1] INFO  server.RaftServerConfigKeys (ConfUtils.java:logGet(43)) - raft.server.snapshot.auto.trigger.threshold = 10000 (custom)
2019-08-21 14:06:27,110 [pool-439-thread-1] INFO  server.RaftServerConfigKeys (ConfUtils.java:logGet(43)) - raft.server.retrycache.expirytime = 600000ms (custom)
2019-08-21 14:06:27,110 [pool-439-thread-1] INFO  impl.RaftServerImpl (RaftServerImpl.java:start(180)) - 836eae42-3b0d-43f5-9350-38cdf93fb6b1: start group-1CCB1D2324C4
2019-08-21 14:06:27,110 [pool-439-thread-1] INFO  impl.RaftServerImpl (RaftServerImpl.java:setRole(171)) - 836eae42-3b0d-43f5-9350-38cdf93fb6b1:group-1CCB1D2324C4 changes role from null to FOLLOWER at term 0 for startAsFollower
2019-08-21 14:06:27,110 [pool-439-thread-1] INFO  impl.RoleInfo (RoleInfo.java:updateAndGet(143)) - 836eae42-3b0d-43f5-9350-38cdf93fb6b1: start FollowerState
2019-08-21 14:06:27,112 [pool-439-thread-1] INFO  util.JmxRegister (JmxRegister.java:tryRegister(44)) - Successfully registered JMX Bean with object name Ratis:service=RaftServer,group=group-1CCB1D2324C4,id=836eae42-3b0d-43f5-9350-38cdf93fb6b1
2019-08-21 14:06:27,116 [RatisPipelineUtilsThread] INFO  pipeline.PipelineStateManager (PipelineStateManager.java:addPipeline(56)) - Created pipeline Pipeline[ Id: 42c5efd7-bcd7-4d96-8297-1ccb1d2324c4, Nodes: 836eae42-3b0d-43f5-9350-38cdf93fb6b1{ip: 192.168.5.153, host: pr-hdds-1999-4zsjs-3155158423, networkLocation: /default-rack, certSerialId: null}, Type:RATIS, Factor:ONE, State:OPEN]
2019-08-21 14:06:27,210 [IPC Server handler 5 on 41610] INFO  net.NetworkTopology (NetworkTopologyImpl.java:add(110)) - Added a new node: /default-rack/34e9b401-0a80-48b0-b439-106ab774064b
2019-08-21 14:06:27,211 [IPC Server handler 5 on 41610] INFO  node.SCMNodeManager (SCMNodeManager.java:register(273)) - Registered Data node : 34e9b401-0a80-48b0-b439-106ab774064b{ip: 192.168.5.153, host: pr-hdds-1999-4zsjs-3155158423, networkLocation: /default-rack, certSerialId: null}
2019-08-21 14:06:27,211 | INFO  | SCMAudit | user=jenkins1000 | ip=192.168.5.153 | op=REGISTER {datanodeDetails=34e9b401-0a80-48b0-b439-106ab774064b{ip: 192.168.5.153, host: pr-hdds-1999-4zsjs-3155158423, networkLocation: /default-rack, certSerialId: null}} | ret=SUCCESS |  
2019-08-21 14:06:27,218 [grpc-default-executor-9] INFO  impl.RaftServerProxy (RaftServerProxy.java:addNew(89)) - 34e9b401-0a80-48b0-b439-106ab774064b: addNew group-175B969277C2:[34e9b401-0a80-48b0-b439-106ab774064b:192.168.5.153:41483] returns group-175B969277C2:java.util.concurrent.CompletableFuture@e121eb4[Not completed]
2019-08-21 14:06:27,219 [pool-450-thread-1] INFO  impl.RaftServerImpl (RaftServerImpl.java:<init>(93)) - 34e9b401-0a80-48b0-b439-106ab774064b: new RaftServerImpl for group-175B969277C2:[34e9b401-0a80-48b0-b439-106ab774064b:192.168.5.153:41483] with ContainerStateMachine:uninitialized
2019-08-21 14:06:27,219 [pool-450-thread-1] INFO  server.RaftServerConfigKeys (ConfUtils.java:logGet(43)) - raft.server.rpc.timeout.min = 5s (custom)
2019-08-21 14:06:27,220 [pool-450-thread-1] INFO  server.RaftServerConfigKeys (ConfUtils.java:logGet(43)) - raft.server.rpc.timeout.max = 5200ms (custom)
2019-08-21 14:06:27,220 [pool-450-thread-1] INFO  server.RaftServerConfigKeys (ConfUtils.java:logGet(43)) - raft.server.rpcslowness.timeout = 120s (custom)
2019-08-21 14:06:27,220 [pool-450-thread-1] INFO  server.RaftServerConfigKeys (ConfUtils.java:logGet(43)) - raft.server.sleep.deviation.threshold = 300 (default)
2019-08-21 14:06:27,220 [pool-450-thread-1] INFO  server.RaftServerConfigKeys (ConfUtils.java:logGet(43)) - raft.server.log.appender.install.snapshot.enabled = false (custom)
2019-08-21 14:06:27,220 [pool-450-thread-1] INFO  impl.RaftServerImpl (ServerState.java:<init>(105)) - 34e9b401-0a80-48b0-b439-106ab774064b:group-175B969277C2 ConfigurationManager, init=-1: [34e9b401-0a80-48b0-b439-106ab774064b:192.168.5.153:41483], old=null, confs=<EMPTY_MAP>
2019-08-21 14:06:27,220 [pool-450-thread-1] INFO  server.RaftServerConfigKeys (ConfUtils.java:logGet(43)) - raft.server.storage.dir = [/workdir/hadoop-ozone/integration-test/target/test-dir/MiniOzoneClusterImpl-7ea47189-2199-496c-8461-08fb5daa32e9/datanode-1/data/ratis] (custom)
2019-08-21 14:06:27,221 [pool-450-thread-1] INFO  storage.RaftStorageDirectory (RaftStorageDirectory.java:analyzeStorage(246)) - The storage directory /workdir/hadoop-ozone/integration-test/target/test-dir/MiniOzoneClusterImpl-7ea47189-2199-496c-8461-08fb5daa32e9/datanode-1/data/ratis/5156a337-3be4-4ea5-ae8b-175b969277c2 does not exist. Creating ...
2019-08-21 14:06:27,228 [main] INFO  ozone.MiniOzoneClusterImpl (MiniOzoneClusterImpl.java:lambda$waitForClusterToBeReady$0(142)) - Waiting for cluster to be ready. Got 2 of 7 DN Heartbeats.
2019-08-21 14:06:27,234 [pool-450-thread-1] INFO  storage.RaftStorageDirectory (RaftStorageDirectory.java:tryLock(328)) - Lock on /workdir/hadoop-ozone/integration-test/target/test-dir/MiniOzoneClusterImpl-7ea47189-2199-496c-8461-08fb5daa32e9/datanode-1/data/ratis/5156a337-3be4-4ea5-ae8b-175b969277c2/in_use.lock acquired by nodename 29072@pr-hdds-1999-4zsjs-3155158423
2019-08-21 14:06:27,247 [pool-450-thread-1] INFO  storage.RaftStorage (RaftStorage.java:format(72)) - Storage directory /workdir/hadoop-ozone/integration-test/target/test-dir/MiniOzoneClusterImpl-7ea47189-2199-496c-8461-08fb5daa32e9/datanode-1/data/ratis/5156a337-3be4-4ea5-ae8b-175b969277c2 has been successfully formatted.
2019-08-21 14:06:27,247 [pool-450-thread-1] INFO  ratis.ContainerStateMachine (ContainerStateMachine.java:loadSnapshot(226)) - group-175B969277C2: The snapshot info is null. Setting the last applied indexto:(t:0, i:~)
2019-08-21 14:06:27,247 [pool-450-thread-1] INFO  server.RaftServerConfigKeys (ConfUtils.java:logGet(43)) - raft.server.leader.election.timeout = 120s (custom)
2019-08-21 14:06:27,247 [pool-450-thread-1] INFO  server.RaftServerConfigKeys (ConfUtils.java:logGet(43)) - raft.server.log.use.memory = false (default)
2019-08-21 14:06:27,247 [pool-450-thread-1] INFO  server.RaftServerConfigKeys (ConfUtils.java:logGet(43)) - raft.server.log.purge.gap = 1000000 (custom)
2019-08-21 14:06:27,247 [pool-450-thread-1] INFO  server.RaftServerConfigKeys (ConfUtils.java:logGet(43)) - raft.server.log.appender.buffer.byte-limit = 33554432 (custom)
2019-08-21 14:06:27,248 [pool-450-thread-1] INFO  server.RaftServerConfigKeys (ConfUtils.java:logGet(43)) - raft.server.log.segment.size.max = 1048576 (custom)
2019-08-21 14:06:27,248 [pool-450-thread-1] INFO  server.RaftServerConfigKeys (ConfUtils.java:logGet(43)) - raft.server.log.segment.cache.num.max = 2 (custom)
2019-08-21 14:06:27,248 [pool-450-thread-1] INFO  segmented.SegmentedRaftLogWorker (SegmentedRaftLogWorker.java:<init>(172)) - new 34e9b401-0a80-48b0-b439-106ab774064b-SegmentedRaftLogWorker:Storage Directory /workdir/hadoop-ozone/integration-test/target/test-dir/MiniOzoneClusterImpl-7ea47189-2199-496c-8461-08fb5daa32e9/datanode-1/data/ratis/5156a337-3be4-4ea5-ae8b-175b969277c2 for RaftStorage:Storage Directory /workdir/hadoop-ozone/integration-test/target/test-dir/MiniOzoneClusterImpl-7ea47189-2199-496c-8461-08fb5daa32e9/datanode-1/data/ratis/5156a337-3be4-4ea5-ae8b-175b969277c2
2019-08-21 14:06:27,248 [pool-450-thread-1] INFO  server.RaftServerConfigKeys (ConfUtils.java:logGet(43)) - raft.server.log.queue.byte-limit = 2147483647 (custom)
2019-08-21 14:06:27,248 [pool-450-thread-1] INFO  server.RaftServerConfigKeys (ConfUtils.java:logGet(43)) - raft.server.log.queue.element-limit = 1024 (custom)
2019-08-21 14:06:27,248 [pool-450-thread-1] INFO  server.RaftServerConfigKeys (ConfUtils.java:logGet(43)) - raft.server.log.segment.size.max = 1048576 (custom)
2019-08-21 14:06:27,249 [pool-450-thread-1] INFO  server.RaftServerConfigKeys (ConfUtils.java:logGet(43)) - raft.server.log.preallocated.size = 16384 (custom)
2019-08-21 14:06:27,249 [pool-450-thread-1] INFO  server.RaftServerConfigKeys (ConfUtils.java:logGet(43)) - raft.server.log.write.buffer.size = 33554432 (custom)
2019-08-21 14:06:27,249 [pool-450-thread-1] INFO  server.RaftServerConfigKeys (ConfUtils.java:logGet(43)) - raft.server.log.force.sync.num = 128 (default)
2019-08-21 14:06:27,249 [pool-450-thread-1] INFO  server.RaftServerConfigKeys (ConfUtils.java:logGet(43)) - raft.server.log.statemachine.data.sync = true (default)
2019-08-21 14:06:27,249 [pool-450-thread-1] INFO  server.RaftServerConfigKeys (ConfUtils.java:logGet(43)) - raft.server.log.statemachine.data.sync.timeout = 10s (default)
2019-08-21 14:06:27,249 [pool-450-thread-1] INFO  server.RaftServerConfigKeys (ConfUtils.java:logGet(43)) - raft.server.log.statemachine.data.sync.timeout.retry = -1 (default)
2019-08-21 14:06:27,250 [pool-450-thread-1] INFO  server.RaftServerConfigKeys (ConfUtils.java:logGet(43)) - raft.server.log.statemachine.data.caching.enabled = true (custom)
2019-08-21 14:06:27,250 [pool-450-thread-1] INFO  segmented.SegmentedRaftLogWorker (SegmentedRaftLogWorker.java:lambda$new$0(132)) - 34e9b401-0a80-48b0-b439-106ab774064b-SegmentedRaftLogWorker:Storage Directory /workdir/hadoop-ozone/integration-test/target/test-dir/MiniOzoneClusterImpl-7ea47189-2199-496c-8461-08fb5daa32e9/datanode-1/data/ratis/5156a337-3be4-4ea5-ae8b-175b969277c2: flushIndex: setUnconditionally 0 -> -1
2019-08-21 14:06:27,250 [pool-450-thread-1] INFO  server.RaftServerConfigKeys (ConfUtils.java:logGet(43)) - raft.server.snapshot.auto.trigger.enabled = true (custom)
2019-08-21 14:06:27,250 [pool-450-thread-1] INFO  server.RaftServerConfigKeys (ConfUtils.java:logGet(43)) - raft.server.snapshot.auto.trigger.threshold = 10000 (custom)
2019-08-21 14:06:27,250 [pool-450-thread-1] INFO  server.RaftServerConfigKeys (ConfUtils.java:logGet(43)) - raft.server.retrycache.expirytime = 600000ms (custom)
2019-08-21 14:06:27,251 [pool-450-thread-1] INFO  impl.RaftServerImpl (RaftServerImpl.java:start(180)) - 34e9b401-0a80-48b0-b439-106ab774064b: start group-175B969277C2
2019-08-21 14:06:27,251 [pool-450-thread-1] INFO  impl.RaftServerImpl (RaftServerImpl.java:setRole(171)) - 34e9b401-0a80-48b0-b439-106ab774064b:group-175B969277C2 changes role from null to FOLLOWER at term 0 for startAsFollower
2019-08-21 14:06:27,251 [pool-450-thread-1] INFO  impl.RoleInfo (RoleInfo.java:updateAndGet(143)) - 34e9b401-0a80-48b0-b439-106ab774064b: start FollowerState
2019-08-21 14:06:27,251 [pool-450-thread-1] INFO  util.JmxRegister (JmxRegister.java:tryRegister(44)) - Successfully registered JMX Bean with object name Ratis:service=RaftServer,group=group-175B969277C2,id=34e9b401-0a80-48b0-b439-106ab774064b
2019-08-21 14:06:27,253 [RatisPipelineUtilsThread] INFO  pipeline.PipelineStateManager (PipelineStateManager.java:addPipeline(56)) - Created pipeline Pipeline[ Id: 5156a337-3be4-4ea5-ae8b-175b969277c2, Nodes: 34e9b401-0a80-48b0-b439-106ab774064b{ip: 192.168.5.153, host: pr-hdds-1999-4zsjs-3155158423, networkLocation: /default-rack, certSerialId: null}, Type:RATIS, Factor:ONE, State:OPEN]
2019-08-21 14:06:27,500 [IPC Server handler 1 on 41610] INFO  net.NetworkTopology (NetworkTopologyImpl.java:add(110)) - Added a new node: /default-rack/44dd15f8-6ed7-4759-a927-399fb365e987
2019-08-21 14:06:27,500 [IPC Server handler 1 on 41610] INFO  node.SCMNodeManager (SCMNodeManager.java:register(273)) - Registered Data node : 44dd15f8-6ed7-4759-a927-399fb365e987{ip: 192.168.5.153, host: pr-hdds-1999-4zsjs-3155158423, networkLocation: /default-rack, certSerialId: null}
2019-08-21 14:06:27,500 | INFO  | SCMAudit | user=jenkins1000 | ip=192.168.5.153 | op=REGISTER {datanodeDetails=44dd15f8-6ed7-4759-a927-399fb365e987{ip: 192.168.5.153, host: pr-hdds-1999-4zsjs-3155158423, networkLocation: /default-rack, certSerialId: null}} | ret=SUCCESS |  
2019-08-21 14:06:27,509 [grpc-default-executor-9] INFO  impl.RaftServerProxy (RaftServerProxy.java:addNew(89)) - 44dd15f8-6ed7-4759-a927-399fb365e987: addNew group-71A265969054:[44dd15f8-6ed7-4759-a927-399fb365e987:192.168.5.153:33977] returns group-71A265969054:java.util.concurrent.CompletableFuture@14253f91[Not completed]
2019-08-21 14:06:27,509 [pool-461-thread-1] INFO  impl.RaftServerImpl (RaftServerImpl.java:<init>(93)) - 44dd15f8-6ed7-4759-a927-399fb365e987: new RaftServerImpl for group-71A265969054:[44dd15f8-6ed7-4759-a927-399fb365e987:192.168.5.153:33977] with ContainerStateMachine:uninitialized
2019-08-21 14:06:27,510 [pool-461-thread-1] INFO  server.RaftServerConfigKeys (ConfUtils.java:logGet(43)) - raft.server.rpc.timeout.min = 5s (custom)
2019-08-21 14:06:27,510 [pool-461-thread-1] INFO  server.RaftServerConfigKeys (ConfUtils.java:logGet(43)) - raft.server.rpc.timeout.max = 5200ms (custom)
2019-08-21 14:06:27,510 [pool-461-thread-1] INFO  server.RaftServerConfigKeys (ConfUtils.java:logGet(43)) - raft.server.rpcslowness.timeout = 120s (custom)
2019-08-21 14:06:27,510 [pool-461-thread-1] INFO  server.RaftServerConfigKeys (ConfUtils.java:logGet(43)) - raft.server.sleep.deviation.threshold = 300 (default)
2019-08-21 14:06:27,510 [pool-461-thread-1] INFO  server.RaftServerConfigKeys (ConfUtils.java:logGet(43)) - raft.server.log.appender.install.snapshot.enabled = false (custom)
2019-08-21 14:06:27,510 [pool-461-thread-1] INFO  impl.RaftServerImpl (ServerState.java:<init>(105)) - 44dd15f8-6ed7-4759-a927-399fb365e987:group-71A265969054 ConfigurationManager, init=-1: [44dd15f8-6ed7-4759-a927-399fb365e987:192.168.5.153:33977], old=null, confs=<EMPTY_MAP>
2019-08-21 14:06:27,510 [pool-461-thread-1] INFO  server.RaftServerConfigKeys (ConfUtils.java:logGet(43)) - raft.server.storage.dir = [/workdir/hadoop-ozone/integration-test/target/test-dir/MiniOzoneClusterImpl-7ea47189-2199-496c-8461-08fb5daa32e9/datanode-2/data/ratis] (custom)
2019-08-21 14:06:27,511 [pool-461-thread-1] INFO  storage.RaftStorageDirectory (RaftStorageDirectory.java:analyzeStorage(246)) - The storage directory /workdir/hadoop-ozone/integration-test/target/test-dir/MiniOzoneClusterImpl-7ea47189-2199-496c-8461-08fb5daa32e9/datanode-2/data/ratis/be320c65-6990-492e-9a95-71a265969054 does not exist. Creating ...
2019-08-21 14:06:27,536 [pool-461-thread-1] INFO  storage.RaftStorageDirectory (RaftStorageDirectory.java:tryLock(328)) - Lock on /workdir/hadoop-ozone/integration-test/target/test-dir/MiniOzoneClusterImpl-7ea47189-2199-496c-8461-08fb5daa32e9/datanode-2/data/ratis/be320c65-6990-492e-9a95-71a265969054/in_use.lock acquired by nodename 29072@pr-hdds-1999-4zsjs-3155158423
2019-08-21 14:06:27,548 [pool-461-thread-1] INFO  storage.RaftStorage (RaftStorage.java:format(72)) - Storage directory /workdir/hadoop-ozone/integration-test/target/test-dir/MiniOzoneClusterImpl-7ea47189-2199-496c-8461-08fb5daa32e9/datanode-2/data/ratis/be320c65-6990-492e-9a95-71a265969054 has been successfully formatted.
2019-08-21 14:06:27,549 [pool-461-thread-1] INFO  ratis.ContainerStateMachine (ContainerStateMachine.java:loadSnapshot(226)) - group-71A265969054: The snapshot info is null. Setting the last applied indexto:(t:0, i:~)
2019-08-21 14:06:27,549 [pool-461-thread-1] INFO  server.RaftServerConfigKeys (ConfUtils.java:logGet(43)) - raft.server.leader.election.timeout = 120s (custom)
2019-08-21 14:06:27,549 [pool-461-thread-1] INFO  server.RaftServerConfigKeys (ConfUtils.java:logGet(43)) - raft.server.log.use.memory = false (default)
2019-08-21 14:06:27,549 [pool-461-thread-1] INFO  server.RaftServerConfigKeys (ConfUtils.java:logGet(43)) - raft.server.log.purge.gap = 1000000 (custom)
2019-08-21 14:06:27,549 [pool-461-thread-1] INFO  server.RaftServerConfigKeys (ConfUtils.java:logGet(43)) - raft.server.log.appender.buffer.byte-limit = 33554432 (custom)
2019-08-21 14:06:27,550 [pool-461-thread-1] INFO  server.RaftServerConfigKeys (ConfUtils.java:logGet(43)) - raft.server.log.segment.size.max = 1048576 (custom)
2019-08-21 14:06:27,550 [pool-461-thread-1] INFO  server.RaftServerConfigKeys (ConfUtils.java:logGet(43)) - raft.server.log.segment.cache.num.max = 2 (custom)
2019-08-21 14:06:27,550 [pool-461-thread-1] INFO  segmented.SegmentedRaftLogWorker (SegmentedRaftLogWorker.java:<init>(172)) - new 44dd15f8-6ed7-4759-a927-399fb365e987-SegmentedRaftLogWorker:Storage Directory /workdir/hadoop-ozone/integration-test/target/test-dir/MiniOzoneClusterImpl-7ea47189-2199-496c-8461-08fb5daa32e9/datanode-2/data/ratis/be320c65-6990-492e-9a95-71a265969054 for RaftStorage:Storage Directory /workdir/hadoop-ozone/integration-test/target/test-dir/MiniOzoneClusterImpl-7ea47189-2199-496c-8461-08fb5daa32e9/datanode-2/data/ratis/be320c65-6990-492e-9a95-71a265969054
2019-08-21 14:06:27,550 [pool-461-thread-1] INFO  server.RaftServerConfigKeys (ConfUtils.java:logGet(43)) - raft.server.log.queue.byte-limit = 2147483647 (custom)
2019-08-21 14:06:27,550 [pool-461-thread-1] INFO  server.RaftServerConfigKeys (ConfUtils.java:logGet(43)) - raft.server.log.queue.element-limit = 1024 (custom)
2019-08-21 14:06:27,551 [pool-461-thread-1] INFO  server.RaftServerConfigKeys (ConfUtils.java:logGet(43)) - raft.server.log.segment.size.max = 1048576 (custom)
2019-08-21 14:06:27,551 [pool-461-thread-1] INFO  server.RaftServerConfigKeys (ConfUtils.java:logGet(43)) - raft.server.log.preallocated.size = 16384 (custom)
2019-08-21 14:06:27,551 [pool-461-thread-1] INFO  server.RaftServerConfigKeys (ConfUtils.java:logGet(43)) - raft.server.log.write.buffer.size = 33554432 (custom)
2019-08-21 14:06:27,551 [pool-461-thread-1] INFO  server.RaftServerConfigKeys (ConfUtils.java:logGet(43)) - raft.server.log.force.sync.num = 128 (default)
2019-08-21 14:06:27,551 [pool-461-thread-1] INFO  server.RaftServerConfigKeys (ConfUtils.java:logGet(43)) - raft.server.log.statemachine.data.sync = true (default)
2019-08-21 14:06:27,551 [pool-461-thread-1] INFO  server.RaftServerConfigKeys (ConfUtils.java:logGet(43)) - raft.server.log.statemachine.data.sync.timeout = 10s (default)
2019-08-21 14:06:27,551 [pool-461-thread-1] INFO  server.RaftServerConfigKeys (ConfUtils.java:logGet(43)) - raft.server.log.statemachine.data.sync.timeout.retry = -1 (default)
2019-08-21 14:06:27,552 [pool-461-thread-1] INFO  server.RaftServerConfigKeys (ConfUtils.java:logGet(43)) - raft.server.log.statemachine.data.caching.enabled = true (custom)
2019-08-21 14:06:27,552 [pool-461-thread-1] INFO  segmented.SegmentedRaftLogWorker (SegmentedRaftLogWorker.java:lambda$new$0(132)) - 44dd15f8-6ed7-4759-a927-399fb365e987-SegmentedRaftLogWorker:Storage Directory /workdir/hadoop-ozone/integration-test/target/test-dir/MiniOzoneClusterImpl-7ea47189-2199-496c-8461-08fb5daa32e9/datanode-2/data/ratis/be320c65-6990-492e-9a95-71a265969054: flushIndex: setUnconditionally 0 -> -1
2019-08-21 14:06:27,552 [pool-461-thread-1] INFO  server.RaftServerConfigKeys (ConfUtils.java:logGet(43)) - raft.server.snapshot.auto.trigger.enabled = true (custom)
2019-08-21 14:06:27,553 [pool-461-thread-1] INFO  server.RaftServerConfigKeys (ConfUtils.java:logGet(43)) - raft.server.snapshot.auto.trigger.threshold = 10000 (custom)
2019-08-21 14:06:27,553 [pool-461-thread-1] INFO  server.RaftServerConfigKeys (ConfUtils.java:logGet(43)) - raft.server.retrycache.expirytime = 600000ms (custom)
2019-08-21 14:06:27,553 [pool-461-thread-1] INFO  impl.RaftServerImpl (RaftServerImpl.java:start(180)) - 44dd15f8-6ed7-4759-a927-399fb365e987: start group-71A265969054
2019-08-21 14:06:27,553 [pool-461-thread-1] INFO  impl.RaftServerImpl (RaftServerImpl.java:setRole(171)) - 44dd15f8-6ed7-4759-a927-399fb365e987:group-71A265969054 changes role from null to FOLLOWER at term 0 for startAsFollower
2019-08-21 14:06:27,553 [pool-461-thread-1] INFO  impl.RoleInfo (RoleInfo.java:updateAndGet(143)) - 44dd15f8-6ed7-4759-a927-399fb365e987: start FollowerState
2019-08-21 14:06:27,554 [pool-461-thread-1] INFO  util.JmxRegister (JmxRegister.java:tryRegister(44)) - Successfully registered JMX Bean with object name Ratis:service=RaftServer,group=group-71A265969054,id=44dd15f8-6ed7-4759-a927-399fb365e987
2019-08-21 14:06:27,556 [RatisPipelineUtilsThread] INFO  pipeline.PipelineStateManager (PipelineStateManager.java:addPipeline(56)) - Created pipeline Pipeline[ Id: be320c65-6990-492e-9a95-71a265969054, Nodes: 44dd15f8-6ed7-4759-a927-399fb365e987{ip: 192.168.5.153, host: pr-hdds-1999-4zsjs-3155158423, networkLocation: /default-rack, certSerialId: null}, Type:RATIS, Factor:ONE, State:OPEN]
2019-08-21 14:06:27,568 [grpc-default-executor-9] INFO  impl.RaftServerProxy (RaftServerProxy.java:addNew(89)) - 44dd15f8-6ed7-4759-a927-399fb365e987: addNew group-AC3146FEDCD2:[44dd15f8-6ed7-4759-a927-399fb365e987:192.168.5.153:33977, 836eae42-3b0d-43f5-9350-38cdf93fb6b1:192.168.5.153:41934, 34e9b401-0a80-48b0-b439-106ab774064b:192.168.5.153:41483] returns group-AC3146FEDCD2:java.util.concurrent.CompletableFuture@322c7b37[Not completed]
2019-08-21 14:06:27,568 [grpc-default-executor-10] INFO  impl.RaftServerProxy (RaftServerProxy.java:addNew(89)) - 836eae42-3b0d-43f5-9350-38cdf93fb6b1: addNew group-AC3146FEDCD2:[44dd15f8-6ed7-4759-a927-399fb365e987:192.168.5.153:33977, 836eae42-3b0d-43f5-9350-38cdf93fb6b1:192.168.5.153:41934, 34e9b401-0a80-48b0-b439-106ab774064b:192.168.5.153:41483] returns group-AC3146FEDCD2:java.util.concurrent.CompletableFuture@3dd3bdb4[Not completed]
2019-08-21 14:06:27,568 [grpc-default-executor-8] INFO  impl.RaftServerProxy (RaftServerProxy.java:addNew(89)) - 34e9b401-0a80-48b0-b439-106ab774064b: addNew group-AC3146FEDCD2:[44dd15f8-6ed7-4759-a927-399fb365e987:192.168.5.153:33977, 836eae42-3b0d-43f5-9350-38cdf93fb6b1:192.168.5.153:41934, 34e9b401-0a80-48b0-b439-106ab774064b:192.168.5.153:41483] returns group-AC3146FEDCD2:java.util.concurrent.CompletableFuture@2222ba4d[Not completed]
2019-08-21 14:06:27,569 [pool-461-thread-1] INFO  impl.RaftServerImpl (RaftServerImpl.java:<init>(93)) - 44dd15f8-6ed7-4759-a927-399fb365e987: new RaftServerImpl for group-AC3146FEDCD2:[44dd15f8-6ed7-4759-a927-399fb365e987:192.168.5.153:33977, 836eae42-3b0d-43f5-9350-38cdf93fb6b1:192.168.5.153:41934, 34e9b401-0a80-48b0-b439-106ab774064b:192.168.5.153:41483] with ContainerStateMachine:uninitialized
2019-08-21 14:06:27,569 [pool-461-thread-1] INFO  server.RaftServerConfigKeys (ConfUtils.java:logGet(43)) - raft.server.rpc.timeout.min = 5s (custom)
2019-08-21 14:06:27,570 [pool-461-thread-1] INFO  server.RaftServerConfigKeys (ConfUtils.java:logGet(43)) - raft.server.rpc.timeout.max = 5200ms (custom)
2019-08-21 14:06:27,570 [pool-461-thread-1] INFO  server.RaftServerConfigKeys (ConfUtils.java:logGet(43)) - raft.server.rpcslowness.timeout = 120s (custom)
2019-08-21 14:06:27,570 [pool-461-thread-1] INFO  server.RaftServerConfigKeys (ConfUtils.java:logGet(43)) - raft.server.sleep.deviation.threshold = 300 (default)
2019-08-21 14:06:27,570 [pool-439-thread-1] INFO  impl.RaftServerImpl (RaftServerImpl.java:<init>(93)) - 836eae42-3b0d-43f5-9350-38cdf93fb6b1: new RaftServerImpl for group-AC3146FEDCD2:[44dd15f8-6ed7-4759-a927-399fb365e987:192.168.5.153:33977, 836eae42-3b0d-43f5-9350-38cdf93fb6b1:192.168.5.153:41934, 34e9b401-0a80-48b0-b439-106ab774064b:192.168.5.153:41483] with ContainerStateMachine:uninitialized
2019-08-21 14:06:27,570 [pool-461-thread-1] INFO  server.RaftServerConfigKeys (ConfUtils.java:logGet(43)) - raft.server.log.appender.install.snapshot.enabled = false (custom)
2019-08-21 14:06:27,570 [pool-439-thread-1] INFO  server.RaftServerConfigKeys (ConfUtils.java:logGet(43)) - raft.server.rpc.timeout.min = 5s (custom)
2019-08-21 14:06:27,570 [pool-450-thread-1] INFO  impl.RaftServerImpl (RaftServerImpl.java:<init>(93)) - 34e9b401-0a80-48b0-b439-106ab774064b: new RaftServerImpl for group-AC3146FEDCD2:[44dd15f8-6ed7-4759-a927-399fb365e987:192.168.5.153:33977, 836eae42-3b0d-43f5-9350-38cdf93fb6b1:192.168.5.153:41934, 34e9b401-0a80-48b0-b439-106ab774064b:192.168.5.153:41483] with ContainerStateMachine:uninitialized
2019-08-21 14:06:27,570 [pool-461-thread-1] INFO  impl.RaftServerImpl (ServerState.java:<init>(105)) - 44dd15f8-6ed7-4759-a927-399fb365e987:group-AC3146FEDCD2 ConfigurationManager, init=-1: [44dd15f8-6ed7-4759-a927-399fb365e987:192.168.5.153:33977, 836eae42-3b0d-43f5-9350-38cdf93fb6b1:192.168.5.153:41934, 34e9b401-0a80-48b0-b439-106ab774064b:192.168.5.153:41483], old=null, confs=<EMPTY_MAP>
2019-08-21 14:06:27,571 [pool-450-thread-1] INFO  server.RaftServerConfigKeys (ConfUtils.java:logGet(43)) - raft.server.rpc.timeout.min = 5s (custom)
2019-08-21 14:06:27,570 [pool-439-thread-1] INFO  server.RaftServerConfigKeys (ConfUtils.java:logGet(43)) - raft.server.rpc.timeout.max = 5200ms (custom)
2019-08-21 14:06:27,571 [pool-450-thread-1] INFO  server.RaftServerConfigKeys (ConfUtils.java:logGet(43)) - raft.server.rpc.timeout.max = 5200ms (custom)
2019-08-21 14:06:27,571 [pool-461-thread-1] INFO  server.RaftServerConfigKeys (ConfUtils.java:logGet(43)) - raft.server.storage.dir = [/workdir/hadoop-ozone/integration-test/target/test-dir/MiniOzoneClusterImpl-7ea47189-2199-496c-8461-08fb5daa32e9/datanode-2/data/ratis] (custom)
2019-08-21 14:06:27,571 [pool-450-thread-1] INFO  server.RaftServerConfigKeys (ConfUtils.java:logGet(43)) - raft.server.rpcslowness.timeout = 120s (custom)
2019-08-21 14:06:27,571 [pool-450-thread-1] INFO  server.RaftServerConfigKeys (ConfUtils.java:logGet(43)) - raft.server.sleep.deviation.threshold = 300 (default)
2019-08-21 14:06:27,571 [pool-439-thread-1] INFO  server.RaftServerConfigKeys (ConfUtils.java:logGet(43)) - raft.server.rpcslowness.timeout = 120s (custom)
2019-08-21 14:06:27,572 [pool-450-thread-1] INFO  server.RaftServerConfigKeys (ConfUtils.java:logGet(43)) - raft.server.log.appender.install.snapshot.enabled = false (custom)
2019-08-21 14:06:27,571 [pool-461-thread-1] INFO  storage.RaftStorageDirectory (RaftStorageDirectory.java:analyzeStorage(246)) - The storage directory /workdir/hadoop-ozone/integration-test/target/test-dir/MiniOzoneClusterImpl-7ea47189-2199-496c-8461-08fb5daa32e9/datanode-2/data/ratis/01a628b8-15ec-4402-ba31-ac3146fedcd2 does not exist. Creating ...
2019-08-21 14:06:27,572 [pool-450-thread-1] INFO  impl.RaftServerImpl (ServerState.java:<init>(105)) - 34e9b401-0a80-48b0-b439-106ab774064b:group-AC3146FEDCD2 ConfigurationManager, init=-1: [44dd15f8-6ed7-4759-a927-399fb365e987:192.168.5.153:33977, 836eae42-3b0d-43f5-9350-38cdf93fb6b1:192.168.5.153:41934, 34e9b401-0a80-48b0-b439-106ab774064b:192.168.5.153:41483], old=null, confs=<EMPTY_MAP>
2019-08-21 14:06:27,572 [pool-439-thread-1] INFO  server.RaftServerConfigKeys (ConfUtils.java:logGet(43)) - raft.server.sleep.deviation.threshold = 300 (default)
2019-08-21 14:06:27,572 [pool-450-thread-1] INFO  server.RaftServerConfigKeys (ConfUtils.java:logGet(43)) - raft.server.storage.dir = [/workdir/hadoop-ozone/integration-test/target/test-dir/MiniOzoneClusterImpl-7ea47189-2199-496c-8461-08fb5daa32e9/datanode-1/data/ratis] (custom)
2019-08-21 14:06:27,572 [pool-439-thread-1] INFO  server.RaftServerConfigKeys (ConfUtils.java:logGet(43)) - raft.server.log.appender.install.snapshot.enabled = false (custom)
2019-08-21 14:06:27,573 [pool-439-thread-1] INFO  impl.RaftServerImpl (ServerState.java:<init>(105)) - 836eae42-3b0d-43f5-9350-38cdf93fb6b1:group-AC3146FEDCD2 ConfigurationManager, init=-1: [44dd15f8-6ed7-4759-a927-399fb365e987:192.168.5.153:33977, 836eae42-3b0d-43f5-9350-38cdf93fb6b1:192.168.5.153:41934, 34e9b401-0a80-48b0-b439-106ab774064b:192.168.5.153:41483], old=null, confs=<EMPTY_MAP>
2019-08-21 14:06:27,573 [pool-450-thread-1] INFO  storage.RaftStorageDirectory (RaftStorageDirectory.java:analyzeStorage(246)) - The storage directory /workdir/hadoop-ozone/integration-test/target/test-dir/MiniOzoneClusterImpl-7ea47189-2199-496c-8461-08fb5daa32e9/datanode-1/data/ratis/01a628b8-15ec-4402-ba31-ac3146fedcd2 does not exist. Creating ...
2019-08-21 14:06:27,573 [pool-439-thread-1] INFO  server.RaftServerConfigKeys (ConfUtils.java:logGet(43)) - raft.server.storage.dir = [/workdir/hadoop-ozone/integration-test/target/test-dir/MiniOzoneClusterImpl-7ea47189-2199-496c-8461-08fb5daa32e9/datanode-0/data/ratis] (custom)
2019-08-21 14:06:27,573 [pool-439-thread-1] INFO  storage.RaftStorageDirectory (RaftStorageDirectory.java:analyzeStorage(246)) - The storage directory /workdir/hadoop-ozone/integration-test/target/test-dir/MiniOzoneClusterImpl-7ea47189-2199-496c-8461-08fb5daa32e9/datanode-0/data/ratis/01a628b8-15ec-4402-ba31-ac3146fedcd2 does not exist. Creating ...
2019-08-21 14:06:27,585 [pool-461-thread-1] INFO  storage.RaftStorageDirectory (RaftStorageDirectory.java:tryLock(328)) - Lock on /workdir/hadoop-ozone/integration-test/target/test-dir/MiniOzoneClusterImpl-7ea47189-2199-496c-8461-08fb5daa32e9/datanode-2/data/ratis/01a628b8-15ec-4402-ba31-ac3146fedcd2/in_use.lock acquired by nodename 29072@pr-hdds-1999-4zsjs-3155158423
2019-08-21 14:06:27,585 [pool-439-thread-1] INFO  storage.RaftStorageDirectory (RaftStorageDirectory.java:tryLock(328)) - Lock on /workdir/hadoop-ozone/integration-test/target/test-dir/MiniOzoneClusterImpl-7ea47189-2199-496c-8461-08fb5daa32e9/datanode-0/data/ratis/01a628b8-15ec-4402-ba31-ac3146fedcd2/in_use.lock acquired by nodename 29072@pr-hdds-1999-4zsjs-3155158423
2019-08-21 14:06:27,585 [pool-450-thread-1] INFO  storage.RaftStorageDirectory (RaftStorageDirectory.java:tryLock(328)) - Lock on /workdir/hadoop-ozone/integration-test/target/test-dir/MiniOzoneClusterImpl-7ea47189-2199-496c-8461-08fb5daa32e9/datanode-1/data/ratis/01a628b8-15ec-4402-ba31-ac3146fedcd2/in_use.lock acquired by nodename 29072@pr-hdds-1999-4zsjs-3155158423
2019-08-21 14:06:27,599 [pool-461-thread-1] INFO  storage.RaftStorage (RaftStorage.java:format(72)) - Storage directory /workdir/hadoop-ozone/integration-test/target/test-dir/MiniOzoneClusterImpl-7ea47189-2199-496c-8461-08fb5daa32e9/datanode-2/data/ratis/01a628b8-15ec-4402-ba31-ac3146fedcd2 has been successfully formatted.
2019-08-21 14:06:27,599 [pool-450-thread-1] INFO  storage.RaftStorage (RaftStorage.java:format(72)) - Storage directory /workdir/hadoop-ozone/integration-test/target/test-dir/MiniOzoneClusterImpl-7ea47189-2199-496c-8461-08fb5daa32e9/datanode-1/data/ratis/01a628b8-15ec-4402-ba31-ac3146fedcd2 has been successfully formatted.
2019-08-21 14:06:27,599 [pool-439-thread-1] INFO  storage.RaftStorage (RaftStorage.java:format(72)) - Storage directory /workdir/hadoop-ozone/integration-test/target/test-dir/MiniOzoneClusterImpl-7ea47189-2199-496c-8461-08fb5daa32e9/datanode-0/data/ratis/01a628b8-15ec-4402-ba31-ac3146fedcd2 has been successfully formatted.
2019-08-21 14:06:27,600 [pool-450-thread-1] INFO  ratis.ContainerStateMachine (ContainerStateMachine.java:loadSnapshot(226)) - group-AC3146FEDCD2: The snapshot info is null. Setting the last applied indexto:(t:0, i:~)
2019-08-21 14:06:27,600 [pool-439-thread-1] INFO  ratis.ContainerStateMachine (ContainerStateMachine.java:loadSnapshot(226)) - group-AC3146FEDCD2: The snapshot info is null. Setting the last applied indexto:(t:0, i:~)
2019-08-21 14:06:27,600 [pool-450-thread-1] INFO  server.RaftServerConfigKeys (ConfUtils.java:logGet(43)) - raft.server.leader.election.timeout = 120s (custom)
2019-08-21 14:06:27,600 [pool-439-thread-1] INFO  server.RaftServerConfigKeys (ConfUtils.java:logGet(43)) - raft.server.leader.election.timeout = 120s (custom)
2019-08-21 14:06:27,600 [pool-450-thread-1] INFO  server.RaftServerConfigKeys (ConfUtils.java:logGet(43)) - raft.server.log.use.memory = false (default)
2019-08-21 14:06:27,600 [pool-461-thread-1] INFO  ratis.ContainerStateMachine (ContainerStateMachine.java:loadSnapshot(226)) - group-AC3146FEDCD2: The snapshot info is null. Setting the last applied indexto:(t:0, i:~)
2019-08-21 14:06:27,601 [pool-450-thread-1] INFO  server.RaftServerConfigKeys (ConfUtils.java:logGet(43)) - raft.server.log.purge.gap = 1000000 (custom)
2019-08-21 14:06:27,601 [pool-450-thread-1] INFO  server.RaftServerConfigKeys (ConfUtils.java:logGet(43)) - raft.server.log.appender.buffer.byte-limit = 33554432 (custom)
2019-08-21 14:06:27,601 [pool-439-thread-1] INFO  server.RaftServerConfigKeys (ConfUtils.java:logGet(43)) - raft.server.log.use.memory = false (default)
2019-08-21 14:06:27,601 [pool-450-thread-1] INFO  server.RaftServerConfigKeys (ConfUtils.java:logGet(43)) - raft.server.log.segment.size.max = 1048576 (custom)
2019-08-21 14:06:27,602 [pool-450-thread-1] INFO  server.RaftServerConfigKeys (ConfUtils.java:logGet(43)) - raft.server.log.segment.cache.num.max = 2 (custom)
2019-08-21 14:06:27,601 [pool-461-thread-1] INFO  server.RaftServerConfigKeys (ConfUtils.java:logGet(43)) - raft.server.leader.election.timeout = 120s (custom)
2019-08-21 14:06:27,602 [pool-450-thread-1] INFO  segmented.SegmentedRaftLogWorker (SegmentedRaftLogWorker.java:<init>(172)) - new 34e9b401-0a80-48b0-b439-106ab774064b-SegmentedRaftLogWorker:Storage Directory /workdir/hadoop-ozone/integration-test/target/test-dir/MiniOzoneClusterImpl-7ea47189-2199-496c-8461-08fb5daa32e9/datanode-1/data/ratis/01a628b8-15ec-4402-ba31-ac3146fedcd2 for RaftStorage:Storage Directory /workdir/hadoop-ozone/integration-test/target/test-dir/MiniOzoneClusterImpl-7ea47189-2199-496c-8461-08fb5daa32e9/datanode-1/data/ratis/01a628b8-15ec-4402-ba31-ac3146fedcd2
2019-08-21 14:06:27,601 [pool-439-thread-1] INFO  server.RaftServerConfigKeys (ConfUtils.java:logGet(43)) - raft.server.log.purge.gap = 1000000 (custom)
2019-08-21 14:06:27,602 [pool-450-thread-1] INFO  server.RaftServerConfigKeys (ConfUtils.java:logGet(43)) - raft.server.log.queue.byte-limit = 2147483647 (custom)
2019-08-21 14:06:27,602 [pool-450-thread-1] INFO  server.RaftServerConfigKeys (ConfUtils.java:logGet(43)) - raft.server.log.queue.element-limit = 1024 (custom)
2019-08-21 14:06:27,602 [pool-461-thread-1] INFO  server.RaftServerConfigKeys (ConfUtils.java:logGet(43)) - raft.server.log.use.memory = false (default)
2019-08-21 14:06:27,603 [pool-450-thread-1] INFO  server.RaftServerConfigKeys (ConfUtils.java:logGet(43)) - raft.server.log.segment.size.max = 1048576 (custom)
2019-08-21 14:06:27,602 [pool-439-thread-1] INFO  server.RaftServerConfigKeys (ConfUtils.java:logGet(43)) - raft.server.log.appender.buffer.byte-limit = 33554432 (custom)
2019-08-21 14:06:27,603 [pool-450-thread-1] INFO  server.RaftServerConfigKeys (ConfUtils.java:logGet(43)) - raft.server.log.preallocated.size = 16384 (custom)
2019-08-21 14:06:27,603 [pool-461-thread-1] INFO  server.RaftServerConfigKeys (ConfUtils.java:logGet(43)) - raft.server.log.purge.gap = 1000000 (custom)
2019-08-21 14:06:27,603 [pool-450-thread-1] INFO  server.RaftServerConfigKeys (ConfUtils.java:logGet(43)) - raft.server.log.write.buffer.size = 33554432 (custom)
2019-08-21 14:06:27,603 [pool-439-thread-1] INFO  server.RaftServerConfigKeys (ConfUtils.java:logGet(43)) - raft.server.log.segment.size.max = 1048576 (custom)
2019-08-21 14:06:27,604 [pool-450-thread-1] INFO  server.RaftServerConfigKeys (ConfUtils.java:logGet(43)) - raft.server.log.force.sync.num = 128 (default)
2019-08-21 14:06:27,604 [pool-450-thread-1] INFO  server.RaftServerConfigKeys (ConfUtils.java:logGet(43)) - raft.server.log.statemachine.data.sync = true (default)
2019-08-21 14:06:27,603 [pool-461-thread-1] INFO  server.RaftServerConfigKeys (ConfUtils.java:logGet(43)) - raft.server.log.appender.buffer.byte-limit = 33554432 (custom)
2019-08-21 14:06:27,604 [pool-450-thread-1] INFO  server.RaftServerConfigKeys (ConfUtils.java:logGet(43)) - raft.server.log.statemachine.data.sync.timeout = 10s (default)
2019-08-21 14:06:27,604 [pool-439-thread-1] INFO  server.RaftServerConfigKeys (ConfUtils.java:logGet(43)) - raft.server.log.segment.cache.num.max = 2 (custom)
2019-08-21 14:06:27,605 [pool-450-thread-1] INFO  server.RaftServerConfigKeys (ConfUtils.java:logGet(43)) - raft.server.log.statemachine.data.sync.timeout.retry = -1 (default)
2019-08-21 14:06:27,604 [pool-461-thread-1] INFO  server.RaftServerConfigKeys (ConfUtils.java:logGet(43)) - raft.server.log.segment.size.max = 1048576 (custom)
2019-08-21 14:06:27,605 [pool-450-thread-1] INFO  server.RaftServerConfigKeys (ConfUtils.java:logGet(43)) - raft.server.log.statemachine.data.caching.enabled = true (custom)
2019-08-21 14:06:27,605 [pool-439-thread-1] INFO  segmented.SegmentedRaftLogWorker (SegmentedRaftLogWorker.java:<init>(172)) - new 836eae42-3b0d-43f5-9350-38cdf93fb6b1-SegmentedRaftLogWorker:Storage Directory /workdir/hadoop-ozone/integration-test/target/test-dir/MiniOzoneClusterImpl-7ea47189-2199-496c-8461-08fb5daa32e9/datanode-0/data/ratis/01a628b8-15ec-4402-ba31-ac3146fedcd2 for RaftStorage:Storage Directory /workdir/hadoop-ozone/integration-test/target/test-dir/MiniOzoneClusterImpl-7ea47189-2199-496c-8461-08fb5daa32e9/datanode-0/data/ratis/01a628b8-15ec-4402-ba31-ac3146fedcd2
2019-08-21 14:06:27,605 [pool-461-thread-1] INFO  server.RaftServerConfigKeys (ConfUtils.java:logGet(43)) - raft.server.log.segment.cache.num.max = 2 (custom)
2019-08-21 14:06:27,605 [pool-450-thread-1] INFO  segmented.SegmentedRaftLogWorker (SegmentedRaftLogWorker.java:lambda$new$0(132)) - 34e9b401-0a80-48b0-b439-106ab774064b-SegmentedRaftLogWorker:Storage Directory /workdir/hadoop-ozone/integration-test/target/test-dir/MiniOzoneClusterImpl-7ea47189-2199-496c-8461-08fb5daa32e9/datanode-1/data/ratis/01a628b8-15ec-4402-ba31-ac3146fedcd2: flushIndex: setUnconditionally 0 -> -1
2019-08-21 14:06:27,605 [pool-439-thread-1] INFO  server.RaftServerConfigKeys (ConfUtils.java:logGet(43)) - raft.server.log.queue.byte-limit = 2147483647 (custom)
2019-08-21 14:06:27,606 [pool-461-thread-1] INFO  segmented.SegmentedRaftLogWorker (SegmentedRaftLogWorker.java:<init>(172)) - new 44dd15f8-6ed7-4759-a927-399fb365e987-SegmentedRaftLogWorker:Storage Directory /workdir/hadoop-ozone/integration-test/target/test-dir/MiniOzoneClusterImpl-7ea47189-2199-496c-8461-08fb5daa32e9/datanode-2/data/ratis/01a628b8-15ec-4402-ba31-ac3146fedcd2 for RaftStorage:Storage Directory /workdir/hadoop-ozone/integration-test/target/test-dir/MiniOzoneClusterImpl-7ea47189-2199-496c-8461-08fb5daa32e9/datanode-2/data/ratis/01a628b8-15ec-4402-ba31-ac3146fedcd2
2019-08-21 14:06:27,606 [pool-450-thread-1] INFO  server.RaftServerConfigKeys (ConfUtils.java:logGet(43)) - raft.server.snapshot.auto.trigger.enabled = true (custom)
2019-08-21 14:06:27,606 [pool-439-thread-1] INFO  server.RaftServerConfigKeys (ConfUtils.java:logGet(43)) - raft.server.log.queue.element-limit = 1024 (custom)
2019-08-21 14:06:27,606 [pool-450-thread-1] INFO  server.RaftServerConfigKeys (ConfUtils.java:logGet(43)) - raft.server.snapshot.auto.trigger.threshold = 10000 (custom)
2019-08-21 14:06:27,606 [pool-461-thread-1] INFO  server.RaftServerConfigKeys (ConfUtils.java:logGet(43)) - raft.server.log.queue.byte-limit = 2147483647 (custom)
2019-08-21 14:06:27,607 [pool-450-thread-1] INFO  server.RaftServerConfigKeys (ConfUtils.java:logGet(43)) - raft.server.retrycache.expirytime = 600000ms (custom)
2019-08-21 14:06:27,607 [pool-439-thread-1] INFO  server.RaftServerConfigKeys (ConfUtils.java:logGet(43)) - raft.server.log.segment.size.max = 1048576 (custom)
2019-08-21 14:06:27,607 [pool-450-thread-1] INFO  impl.RaftServerImpl (RaftServerImpl.java:start(180)) - 34e9b401-0a80-48b0-b439-106ab774064b: start group-AC3146FEDCD2
2019-08-21 14:06:27,607 [pool-461-thread-1] INFO  server.RaftServerConfigKeys (ConfUtils.java:logGet(43)) - raft.server.log.queue.element-limit = 1024 (custom)
2019-08-21 14:06:27,607 [pool-450-thread-1] INFO  impl.RaftServerImpl (RaftServerImpl.java:setRole(171)) - 34e9b401-0a80-48b0-b439-106ab774064b:group-AC3146FEDCD2 changes role from null to FOLLOWER at term 0 for startAsFollower
2019-08-21 14:06:27,607 [pool-439-thread-1] INFO  server.RaftServerConfigKeys (ConfUtils.java:logGet(43)) - raft.server.log.preallocated.size = 16384 (custom)
2019-08-21 14:06:27,608 [pool-450-thread-1] INFO  impl.RoleInfo (RoleInfo.java:updateAndGet(143)) - 34e9b401-0a80-48b0-b439-106ab774064b: start FollowerState
2019-08-21 14:06:27,608 [pool-461-thread-1] INFO  server.RaftServerConfigKeys (ConfUtils.java:logGet(43)) - raft.server.log.segment.size.max = 1048576 (custom)
2019-08-21 14:06:27,608 [pool-439-thread-1] INFO  server.RaftServerConfigKeys (ConfUtils.java:logGet(43)) - raft.server.log.write.buffer.size = 33554432 (custom)
2019-08-21 14:06:27,608 [pool-461-thread-1] INFO  server.RaftServerConfigKeys (ConfUtils.java:logGet(43)) - raft.server.log.preallocated.size = 16384 (custom)
2019-08-21 14:06:27,622 [pool-461-thread-1] INFO  server.RaftServerConfigKeys (ConfUtils.java:logGet(43)) - raft.server.log.write.buffer.size = 33554432 (custom)
2019-08-21 14:06:27,622 [pool-450-thread-1] INFO  util.JmxRegister (JmxRegister.java:tryRegister(44)) - Successfully registered JMX Bean with object name Ratis:service=RaftServer,group=group-AC3146FEDCD2,id=34e9b401-0a80-48b0-b439-106ab774064b
2019-08-21 14:06:27,622 [pool-439-thread-1] INFO  server.RaftServerConfigKeys (ConfUtils.java:logGet(43)) - raft.server.log.force.sync.num = 128 (default)
2019-08-21 14:06:27,623 [pool-439-thread-1] INFO  server.RaftServerConfigKeys (ConfUtils.java:logGet(43)) - raft.server.log.statemachine.data.sync = true (default)
2019-08-21 14:06:27,623 [pool-461-thread-1] INFO  server.RaftServerConfigKeys (ConfUtils.java:logGet(43)) - raft.server.log.force.sync.num = 128 (default)
2019-08-21 14:06:27,623 [pool-439-thread-1] INFO  server.RaftServerConfigKeys (ConfUtils.java:logGet(43)) - raft.server.log.statemachine.data.sync.timeout = 10s (default)
2019-08-21 14:06:27,630 [pool-439-thread-1] INFO  server.RaftServerConfigKeys (ConfUtils.java:logGet(43)) - raft.server.log.statemachine.data.sync.timeout.retry = -1 (default)
2019-08-21 14:06:27,630 [pool-461-thread-1] INFO  server.RaftServerConfigKeys (ConfUtils.java:logGet(43)) - raft.server.log.statemachine.data.sync = true (default)
2019-08-21 14:06:27,631 [pool-439-thread-1] INFO  server.RaftServerConfigKeys (ConfUtils.java:logGet(43)) - raft.server.log.statemachine.data.caching.enabled = true (custom)
2019-08-21 14:06:27,631 [pool-461-thread-1] INFO  server.RaftServerConfigKeys (ConfUtils.java:logGet(43)) - raft.server.log.statemachine.data.sync.timeout = 10s (default)
2019-08-21 14:06:27,631 [pool-461-thread-1] INFO  server.RaftServerConfigKeys (ConfUtils.java:logGet(43)) - raft.server.log.statemachine.data.sync.timeout.retry = -1 (default)
2019-08-21 14:06:27,631 [pool-439-thread-1] INFO  segmented.SegmentedRaftLogWorker (SegmentedRaftLogWorker.java:lambda$new$0(132)) - 836eae42-3b0d-43f5-9350-38cdf93fb6b1-SegmentedRaftLogWorker:Storage Directory /workdir/hadoop-ozone/integration-test/target/test-dir/MiniOzoneClusterImpl-7ea47189-2199-496c-8461-08fb5daa32e9/datanode-0/data/ratis/01a628b8-15ec-4402-ba31-ac3146fedcd2: flushIndex: setUnconditionally 0 -> -1
2019-08-21 14:06:27,631 [pool-461-thread-1] INFO  server.RaftServerConfigKeys (ConfUtils.java:logGet(43)) - raft.server.log.statemachine.data.caching.enabled = true (custom)
2019-08-21 14:06:27,632 [pool-439-thread-1] INFO  server.RaftServerConfigKeys (ConfUtils.java:logGet(43)) - raft.server.snapshot.auto.trigger.enabled = true (custom)
2019-08-21 14:06:27,632 [pool-461-thread-1] INFO  segmented.SegmentedRaftLogWorker (SegmentedRaftLogWorker.java:lambda$new$0(132)) - 44dd15f8-6ed7-4759-a927-399fb365e987-SegmentedRaftLogWorker:Storage Directory /workdir/hadoop-ozone/integration-test/target/test-dir/MiniOzoneClusterImpl-7ea47189-2199-496c-8461-08fb5daa32e9/datanode-2/data/ratis/01a628b8-15ec-4402-ba31-ac3146fedcd2: flushIndex: setUnconditionally 0 -> -1
2019-08-21 14:06:27,632 [pool-439-thread-1] INFO  server.RaftServerConfigKeys (ConfUtils.java:logGet(43)) - raft.server.snapshot.auto.trigger.threshold = 10000 (custom)
2019-08-21 14:06:27,632 [pool-439-thread-1] INFO  server.RaftServerConfigKeys (ConfUtils.java:logGet(43)) - raft.server.retrycache.expirytime = 600000ms (custom)
2019-08-21 14:06:27,632 [pool-461-thread-1] INFO  server.RaftServerConfigKeys (ConfUtils.java:logGet(43)) - raft.server.snapshot.auto.trigger.enabled = true (custom)
2019-08-21 14:06:27,633 [pool-439-thread-1] INFO  impl.RaftServerImpl (RaftServerImpl.java:start(180)) - 836eae42-3b0d-43f5-9350-38cdf93fb6b1: start group-AC3146FEDCD2
2019-08-21 14:06:27,633 [pool-461-thread-1] INFO  server.RaftServerConfigKeys (ConfUtils.java:logGet(43)) - raft.server.snapshot.auto.trigger.threshold = 10000 (custom)
2019-08-21 14:06:27,633 [pool-439-thread-1] INFO  impl.RaftServerImpl (RaftServerImpl.java:setRole(171)) - 836eae42-3b0d-43f5-9350-38cdf93fb6b1:group-AC3146FEDCD2 changes role from null to FOLLOWER at term 0 for startAsFollower
2019-08-21 14:06:27,633 [pool-461-thread-1] INFO  server.RaftServerConfigKeys (ConfUtils.java:logGet(43)) - raft.server.retrycache.expirytime = 600000ms (custom)
2019-08-21 14:06:27,633 [pool-439-thread-1] INFO  impl.RoleInfo (RoleInfo.java:updateAndGet(143)) - 836eae42-3b0d-43f5-9350-38cdf93fb6b1: start FollowerState
2019-08-21 14:06:27,633 [pool-461-thread-1] INFO  impl.RaftServerImpl (RaftServerImpl.java:start(180)) - 44dd15f8-6ed7-4759-a927-399fb365e987: start group-AC3146FEDCD2
2019-08-21 14:06:27,633 [pool-461-thread-1] INFO  impl.RaftServerImpl (RaftServerImpl.java:setRole(171)) - 44dd15f8-6ed7-4759-a927-399fb365e987:group-AC3146FEDCD2 changes role from null to FOLLOWER at term 0 for startAsFollower
2019-08-21 14:06:27,634 [pool-461-thread-1] INFO  impl.RoleInfo (RoleInfo.java:updateAndGet(143)) - 44dd15f8-6ed7-4759-a927-399fb365e987: start FollowerState
2019-08-21 14:06:27,634 [pool-439-thread-1] INFO  util.JmxRegister (JmxRegister.java:tryRegister(44)) - Successfully registered JMX Bean with object name Ratis:service=RaftServer,group=group-AC3146FEDCD2,id=836eae42-3b0d-43f5-9350-38cdf93fb6b1
2019-08-21 14:06:27,634 [pool-461-thread-1] INFO  util.JmxRegister (JmxRegister.java:tryRegister(44)) - Successfully registered JMX Bean with object name Ratis:service=RaftServer,group=group-AC3146FEDCD2,id=44dd15f8-6ed7-4759-a927-399fb365e987
2019-08-21 14:06:27,637 [RatisPipelineUtilsThread] INFO  pipeline.PipelineStateManager (PipelineStateManager.java:addPipeline(56)) - Created pipeline Pipeline[ Id: 01a628b8-15ec-4402-ba31-ac3146fedcd2, Nodes: 44dd15f8-6ed7-4759-a927-399fb365e987{ip: 192.168.5.153, host: pr-hdds-1999-4zsjs-3155158423, networkLocation: /default-rack, certSerialId: null}34e9b401-0a80-48b0-b439-106ab774064b{ip: 192.168.5.153, host: pr-hdds-1999-4zsjs-3155158423, networkLocation: /default-rack, certSerialId: null}836eae42-3b0d-43f5-9350-38cdf93fb6b1{ip: 192.168.5.153, host: pr-hdds-1999-4zsjs-3155158423, networkLocation: /default-rack, certSerialId: null}, Type:RATIS, Factor:THREE, State:OPEN]
2019-08-21 14:06:27,730 [IPC Server handler 2 on 41610] INFO  net.NetworkTopology (NetworkTopologyImpl.java:add(110)) - Added a new node: /default-rack/ff625bda-bd10-4290-9d5d-b2d4afbb6a9a
2019-08-21 14:06:27,730 [IPC Server handler 2 on 41610] INFO  node.SCMNodeManager (SCMNodeManager.java:register(273)) - Registered Data node : ff625bda-bd10-4290-9d5d-b2d4afbb6a9a{ip: 192.168.5.153, host: pr-hdds-1999-4zsjs-3155158423, networkLocation: /default-rack, certSerialId: null}
2019-08-21 14:06:27,731 | INFO  | SCMAudit | user=jenkins1000 | ip=192.168.5.153 | op=REGISTER {datanodeDetails=ff625bda-bd10-4290-9d5d-b2d4afbb6a9a{ip: 192.168.5.153, host: pr-hdds-1999-4zsjs-3155158423, networkLocation: /default-rack, certSerialId: null}} | ret=SUCCESS |  
2019-08-21 14:06:27,738 [grpc-default-executor-8] INFO  impl.RaftServerProxy (RaftServerProxy.java:addNew(89)) - ff625bda-bd10-4290-9d5d-b2d4afbb6a9a: addNew group-6A78A84BB37D:[ff625bda-bd10-4290-9d5d-b2d4afbb6a9a:192.168.5.153:46213] returns group-6A78A84BB37D:java.util.concurrent.CompletableFuture@abbbf29[Not completed]
2019-08-21 14:06:27,739 [pool-472-thread-1] INFO  impl.RaftServerImpl (RaftServerImpl.java:<init>(93)) - ff625bda-bd10-4290-9d5d-b2d4afbb6a9a: new RaftServerImpl for group-6A78A84BB37D:[ff625bda-bd10-4290-9d5d-b2d4afbb6a9a:192.168.5.153:46213] with ContainerStateMachine:uninitialized
2019-08-21 14:06:27,739 [pool-472-thread-1] INFO  server.RaftServerConfigKeys (ConfUtils.java:logGet(43)) - raft.server.rpc.timeout.min = 5s (custom)
2019-08-21 14:06:27,740 [pool-472-thread-1] INFO  server.RaftServerConfigKeys (ConfUtils.java:logGet(43)) - raft.server.rpc.timeout.max = 5200ms (custom)
2019-08-21 14:06:27,740 [pool-472-thread-1] INFO  server.RaftServerConfigKeys (ConfUtils.java:logGet(43)) - raft.server.rpcslowness.timeout = 120s (custom)
2019-08-21 14:06:27,740 [pool-472-thread-1] INFO  server.RaftServerConfigKeys (ConfUtils.java:logGet(43)) - raft.server.sleep.deviation.threshold = 300 (default)
2019-08-21 14:06:27,740 [pool-472-thread-1] INFO  server.RaftServerConfigKeys (ConfUtils.java:logGet(43)) - raft.server.log.appender.install.snapshot.enabled = false (custom)
2019-08-21 14:06:27,740 [pool-472-thread-1] INFO  impl.RaftServerImpl (ServerState.java:<init>(105)) - ff625bda-bd10-4290-9d5d-b2d4afbb6a9a:group-6A78A84BB37D ConfigurationManager, init=-1: [ff625bda-bd10-4290-9d5d-b2d4afbb6a9a:192.168.5.153:46213], old=null, confs=<EMPTY_MAP>
2019-08-21 14:06:27,740 [pool-472-thread-1] INFO  server.RaftServerConfigKeys (ConfUtils.java:logGet(43)) - raft.server.storage.dir = [/workdir/hadoop-ozone/integration-test/target/test-dir/MiniOzoneClusterImpl-7ea47189-2199-496c-8461-08fb5daa32e9/datanode-3/data/ratis] (custom)
2019-08-21 14:06:27,741 [pool-472-thread-1] INFO  storage.RaftStorageDirectory (RaftStorageDirectory.java:analyzeStorage(246)) - The storage directory /workdir/hadoop-ozone/integration-test/target/test-dir/MiniOzoneClusterImpl-7ea47189-2199-496c-8461-08fb5daa32e9/datanode-3/data/ratis/b6e06e3c-d654-4abd-99ae-6a78a84bb37d does not exist. Creating ...
2019-08-21 14:06:27,766 [pool-472-thread-1] INFO  storage.RaftStorageDirectory (RaftStorageDirectory.java:tryLock(328)) - Lock on /workdir/hadoop-ozone/integration-test/target/test-dir/MiniOzoneClusterImpl-7ea47189-2199-496c-8461-08fb5daa32e9/datanode-3/data/ratis/b6e06e3c-d654-4abd-99ae-6a78a84bb37d/in_use.lock acquired by nodename 29072@pr-hdds-1999-4zsjs-3155158423
2019-08-21 14:06:27,778 [pool-472-thread-1] INFO  storage.RaftStorage (RaftStorage.java:format(72)) - Storage directory /workdir/hadoop-ozone/integration-test/target/test-dir/MiniOzoneClusterImpl-7ea47189-2199-496c-8461-08fb5daa32e9/datanode-3/data/ratis/b6e06e3c-d654-4abd-99ae-6a78a84bb37d has been successfully formatted.
2019-08-21 14:06:27,779 [pool-472-thread-1] INFO  ratis.ContainerStateMachine (ContainerStateMachine.java:loadSnapshot(226)) - group-6A78A84BB37D: The snapshot info is null. Setting the last applied indexto:(t:0, i:~)
2019-08-21 14:06:27,779 [pool-472-thread-1] INFO  server.RaftServerConfigKeys (ConfUtils.java:logGet(43)) - raft.server.leader.election.timeout = 120s (custom)
2019-08-21 14:06:27,779 [pool-472-thread-1] INFO  server.RaftServerConfigKeys (ConfUtils.java:logGet(43)) - raft.server.log.use.memory = false (default)
2019-08-21 14:06:27,779 [pool-472-thread-1] INFO  server.RaftServerConfigKeys (ConfUtils.java:logGet(43)) - raft.server.log.purge.gap = 1000000 (custom)
2019-08-21 14:06:27,779 [pool-472-thread-1] INFO  server.RaftServerConfigKeys (ConfUtils.java:logGet(43)) - raft.server.log.appender.buffer.byte-limit = 33554432 (custom)
2019-08-21 14:06:27,779 [pool-472-thread-1] INFO  server.RaftServerConfigKeys (ConfUtils.java:logGet(43)) - raft.server.log.segment.size.max = 1048576 (custom)
2019-08-21 14:06:27,780 [pool-472-thread-1] INFO  server.RaftServerConfigKeys (ConfUtils.java:logGet(43)) - raft.server.log.segment.cache.num.max = 2 (custom)
2019-08-21 14:06:27,780 [pool-472-thread-1] INFO  segmented.SegmentedRaftLogWorker (SegmentedRaftLogWorker.java:<init>(172)) - new ff625bda-bd10-4290-9d5d-b2d4afbb6a9a-SegmentedRaftLogWorker:Storage Directory /workdir/hadoop-ozone/integration-test/target/test-dir/MiniOzoneClusterImpl-7ea47189-2199-496c-8461-08fb5daa32e9/datanode-3/data/ratis/b6e06e3c-d654-4abd-99ae-6a78a84bb37d for RaftStorage:Storage Directory /workdir/hadoop-ozone/integration-test/target/test-dir/MiniOzoneClusterImpl-7ea47189-2199-496c-8461-08fb5daa32e9/datanode-3/data/ratis/b6e06e3c-d654-4abd-99ae-6a78a84bb37d
2019-08-21 14:06:27,780 [pool-472-thread-1] INFO  server.RaftServerConfigKeys (ConfUtils.java:logGet(43)) - raft.server.log.queue.byte-limit = 2147483647 (custom)
2019-08-21 14:06:27,780 [pool-472-thread-1] INFO  server.RaftServerConfigKeys (ConfUtils.java:logGet(43)) - raft.server.log.queue.element-limit = 1024 (custom)
2019-08-21 14:06:27,780 [pool-472-thread-1] INFO  server.RaftServerConfigKeys (ConfUtils.java:logGet(43)) - raft.server.log.segment.size.max = 1048576 (custom)
2019-08-21 14:06:27,781 [pool-472-thread-1] INFO  server.RaftServerConfigKeys (ConfUtils.java:logGet(43)) - raft.server.log.preallocated.size = 16384 (custom)
2019-08-21 14:06:27,781 [pool-472-thread-1] INFO  server.RaftServerConfigKeys (ConfUtils.java:logGet(43)) - raft.server.log.write.buffer.size = 33554432 (custom)
2019-08-21 14:06:27,781 [pool-472-thread-1] INFO  server.RaftServerConfigKeys (ConfUtils.java:logGet(43)) - raft.server.log.force.sync.num = 128 (default)
2019-08-21 14:06:27,781 [pool-472-thread-1] INFO  server.RaftServerConfigKeys (ConfUtils.java:logGet(43)) - raft.server.log.statemachine.data.sync = true (default)
2019-08-21 14:06:27,781 [pool-472-thread-1] INFO  server.RaftServerConfigKeys (ConfUtils.java:logGet(43)) - raft.server.log.statemachine.data.sync.timeout = 10s (default)
2019-08-21 14:06:27,781 [pool-472-thread-1] INFO  server.RaftServerConfigKeys (ConfUtils.java:logGet(43)) - raft.server.log.statemachine.data.sync.timeout.retry = -1 (default)
2019-08-21 14:06:27,782 [pool-472-thread-1] INFO  server.RaftServerConfigKeys (ConfUtils.java:logGet(43)) - raft.server.log.statemachine.data.caching.enabled = true (custom)
2019-08-21 14:06:27,782 [pool-472-thread-1] INFO  segmented.SegmentedRaftLogWorker (SegmentedRaftLogWorker.java:lambda$new$0(132)) - ff625bda-bd10-4290-9d5d-b2d4afbb6a9a-SegmentedRaftLogWorker:Storage Directory /workdir/hadoop-ozone/integration-test/target/test-dir/MiniOzoneClusterImpl-7ea47189-2199-496c-8461-08fb5daa32e9/datanode-3/data/ratis/b6e06e3c-d654-4abd-99ae-6a78a84bb37d: flushIndex: setUnconditionally 0 -> -1
2019-08-21 14:06:27,782 [pool-472-thread-1] INFO  server.RaftServerConfigKeys (ConfUtils.java:logGet(43)) - raft.server.snapshot.auto.trigger.enabled = true (custom)
2019-08-21 14:06:27,783 [pool-472-thread-1] INFO  server.RaftServerConfigKeys (ConfUtils.java:logGet(43)) - raft.server.snapshot.auto.trigger.threshold = 10000 (custom)
2019-08-21 14:06:27,783 [pool-472-thread-1] INFO  server.RaftServerConfigKeys (ConfUtils.java:logGet(43)) - raft.server.retrycache.expirytime = 600000ms (custom)
2019-08-21 14:06:27,783 [pool-472-thread-1] INFO  impl.RaftServerImpl (RaftServerImpl.java:start(180)) - ff625bda-bd10-4290-9d5d-b2d4afbb6a9a: start group-6A78A84BB37D
2019-08-21 14:06:27,783 [pool-472-thread-1] INFO  impl.RaftServerImpl (RaftServerImpl.java:setRole(171)) - ff625bda-bd10-4290-9d5d-b2d4afbb6a9a:group-6A78A84BB37D changes role from null to FOLLOWER at term 0 for startAsFollower
2019-08-21 14:06:27,783 [pool-472-thread-1] INFO  impl.RoleInfo (RoleInfo.java:updateAndGet(143)) - ff625bda-bd10-4290-9d5d-b2d4afbb6a9a: start FollowerState
2019-08-21 14:06:27,784 [pool-472-thread-1] INFO  util.JmxRegister (JmxRegister.java:tryRegister(44)) - Successfully registered JMX Bean with object name Ratis:service=RaftServer,group=group-6A78A84BB37D,id=ff625bda-bd10-4290-9d5d-b2d4afbb6a9a
2019-08-21 14:06:27,786 [RatisPipelineUtilsThread] INFO  pipeline.PipelineStateManager (PipelineStateManager.java:addPipeline(56)) - Created pipeline Pipeline[ Id: b6e06e3c-d654-4abd-99ae-6a78a84bb37d, Nodes: ff625bda-bd10-4290-9d5d-b2d4afbb6a9a{ip: 192.168.5.153, host: pr-hdds-1999-4zsjs-3155158423, networkLocation: /default-rack, certSerialId: null}, Type:RATIS, Factor:ONE, State:OPEN]
2019-08-21 14:06:27,904 [IPC Server handler 3 on 41610] INFO  net.NetworkTopology (NetworkTopologyImpl.java:add(110)) - Added a new node: /default-rack/00fcee37-54ab-4c9e-9be2-8b052df77471
2019-08-21 14:06:27,904 [IPC Server handler 3 on 41610] INFO  node.SCMNodeManager (SCMNodeManager.java:register(273)) - Registered Data node : 00fcee37-54ab-4c9e-9be2-8b052df77471{ip: 192.168.5.153, host: pr-hdds-1999-4zsjs-3155158423, networkLocation: /default-rack, certSerialId: null}
2019-08-21 14:06:27,905 | INFO  | SCMAudit | user=jenkins1000 | ip=192.168.5.153 | op=REGISTER {datanodeDetails=00fcee37-54ab-4c9e-9be2-8b052df77471{ip: 192.168.5.153, host: pr-hdds-1999-4zsjs-3155158423, networkLocation: /default-rack, certSerialId: null}} | ret=SUCCESS |  
2019-08-21 14:06:27,911 [grpc-default-executor-8] INFO  impl.RaftServerProxy (RaftServerProxy.java:addNew(89)) - 00fcee37-54ab-4c9e-9be2-8b052df77471: addNew group-06971E3F7C67:[00fcee37-54ab-4c9e-9be2-8b052df77471:192.168.5.153:42774] returns group-06971E3F7C67:java.util.concurrent.CompletableFuture@5a14d67d[Not completed]
2019-08-21 14:06:27,912 [pool-483-thread-1] INFO  impl.RaftServerImpl (RaftServerImpl.java:<init>(93)) - 00fcee37-54ab-4c9e-9be2-8b052df77471: new RaftServerImpl for group-06971E3F7C67:[00fcee37-54ab-4c9e-9be2-8b052df77471:192.168.5.153:42774] with ContainerStateMachine:uninitialized
2019-08-21 14:06:27,913 [pool-483-thread-1] INFO  server.RaftServerConfigKeys (ConfUtils.java:logGet(43)) - raft.server.rpc.timeout.min = 5s (custom)
2019-08-21 14:06:27,913 [pool-483-thread-1] INFO  server.RaftServerConfigKeys (ConfUtils.java:logGet(43)) - raft.server.rpc.timeout.max = 5200ms (custom)
2019-08-21 14:06:27,913 [pool-483-thread-1] INFO  server.RaftServerConfigKeys (ConfUtils.java:logGet(43)) - raft.server.rpcslowness.timeout = 120s (custom)
2019-08-21 14:06:27,913 [pool-483-thread-1] INFO  server.RaftServerConfigKeys (ConfUtils.java:logGet(43)) - raft.server.sleep.deviation.threshold = 300 (default)
2019-08-21 14:06:27,913 [pool-483-thread-1] INFO  server.RaftServerConfigKeys (ConfUtils.java:logGet(43)) - raft.server.log.appender.install.snapshot.enabled = false (custom)
2019-08-21 14:06:27,913 [pool-483-thread-1] INFO  impl.RaftServerImpl (ServerState.java:<init>(105)) - 00fcee37-54ab-4c9e-9be2-8b052df77471:group-06971E3F7C67 ConfigurationManager, init=-1: [00fcee37-54ab-4c9e-9be2-8b052df77471:192.168.5.153:42774], old=null, confs=<EMPTY_MAP>
2019-08-21 14:06:27,914 [pool-483-thread-1] INFO  server.RaftServerConfigKeys (ConfUtils.java:logGet(43)) - raft.server.storage.dir = [/workdir/hadoop-ozone/integration-test/target/test-dir/MiniOzoneClusterImpl-7ea47189-2199-496c-8461-08fb5daa32e9/datanode-4/data/ratis] (custom)
2019-08-21 14:06:27,914 [pool-483-thread-1] INFO  storage.RaftStorageDirectory (RaftStorageDirectory.java:analyzeStorage(246)) - The storage directory /workdir/hadoop-ozone/integration-test/target/test-dir/MiniOzoneClusterImpl-7ea47189-2199-496c-8461-08fb5daa32e9/datanode-4/data/ratis/cbb845f6-b4c7-4c9a-8fd6-06971e3f7c67 does not exist. Creating ...
2019-08-21 14:06:27,935 [pool-483-thread-1] INFO  storage.RaftStorageDirectory (RaftStorageDirectory.java:tryLock(328)) - Lock on /workdir/hadoop-ozone/integration-test/target/test-dir/MiniOzoneClusterImpl-7ea47189-2199-496c-8461-08fb5daa32e9/datanode-4/data/ratis/cbb845f6-b4c7-4c9a-8fd6-06971e3f7c67/in_use.lock acquired by nodename 29072@pr-hdds-1999-4zsjs-3155158423
2019-08-21 14:06:27,951 [pool-483-thread-1] INFO  storage.RaftStorage (RaftStorage.java:format(72)) - Storage directory /workdir/hadoop-ozone/integration-test/target/test-dir/MiniOzoneClusterImpl-7ea47189-2199-496c-8461-08fb5daa32e9/datanode-4/data/ratis/cbb845f6-b4c7-4c9a-8fd6-06971e3f7c67 has been successfully formatted.
2019-08-21 14:06:27,951 [pool-483-thread-1] INFO  ratis.ContainerStateMachine (ContainerStateMachine.java:loadSnapshot(226)) - group-06971E3F7C67: The snapshot info is null. Setting the last applied indexto:(t:0, i:~)
2019-08-21 14:06:27,952 [pool-483-thread-1] INFO  server.RaftServerConfigKeys (ConfUtils.java:logGet(43)) - raft.server.leader.election.timeout = 120s (custom)
2019-08-21 14:06:27,952 [pool-483-thread-1] INFO  server.RaftServerConfigKeys (ConfUtils.java:logGet(43)) - raft.server.log.use.memory = false (default)
2019-08-21 14:06:27,952 [pool-483-thread-1] INFO  server.RaftServerConfigKeys (ConfUtils.java:logGet(43)) - raft.server.log.purge.gap = 1000000 (custom)
2019-08-21 14:06:27,952 [pool-483-thread-1] INFO  server.RaftServerConfigKeys (ConfUtils.java:logGet(43)) - raft.server.log.appender.buffer.byte-limit = 33554432 (custom)
2019-08-21 14:06:27,952 [pool-483-thread-1] INFO  server.RaftServerConfigKeys (ConfUtils.java:logGet(43)) - raft.server.log.segment.size.max = 1048576 (custom)
2019-08-21 14:06:27,952 [pool-483-thread-1] INFO  server.RaftServerConfigKeys (ConfUtils.java:logGet(43)) - raft.server.log.segment.cache.num.max = 2 (custom)
2019-08-21 14:06:27,953 [pool-483-thread-1] INFO  segmented.SegmentedRaftLogWorker (SegmentedRaftLogWorker.java:<init>(172)) - new 00fcee37-54ab-4c9e-9be2-8b052df77471-SegmentedRaftLogWorker:Storage Directory /workdir/hadoop-ozone/integration-test/target/test-dir/MiniOzoneClusterImpl-7ea47189-2199-496c-8461-08fb5daa32e9/datanode-4/data/ratis/cbb845f6-b4c7-4c9a-8fd6-06971e3f7c67 for RaftStorage:Storage Directory /workdir/hadoop-ozone/integration-test/target/test-dir/MiniOzoneClusterImpl-7ea47189-2199-496c-8461-08fb5daa32e9/datanode-4/data/ratis/cbb845f6-b4c7-4c9a-8fd6-06971e3f7c67
2019-08-21 14:06:27,953 [pool-483-thread-1] INFO  server.RaftServerConfigKeys (ConfUtils.java:logGet(43)) - raft.server.log.queue.byte-limit = 2147483647 (custom)
2019-08-21 14:06:27,953 [pool-483-thread-1] INFO  server.RaftServerConfigKeys (ConfUtils.java:logGet(43)) - raft.server.log.queue.element-limit = 1024 (custom)
2019-08-21 14:06:27,953 [pool-483-thread-1] INFO  server.RaftServerConfigKeys (ConfUtils.java:logGet(43)) - raft.server.log.segment.size.max = 1048576 (custom)
2019-08-21 14:06:27,953 [pool-483-thread-1] INFO  server.RaftServerConfigKeys (ConfUtils.java:logGet(43)) - raft.server.log.preallocated.size = 16384 (custom)
2019-08-21 14:06:27,953 [pool-483-thread-1] INFO  server.RaftServerConfigKeys (ConfUtils.java:logGet(43)) - raft.server.log.write.buffer.size = 33554432 (custom)
2019-08-21 14:06:27,954 [pool-483-thread-1] INFO  server.RaftServerConfigKeys (ConfUtils.java:logGet(43)) - raft.server.log.force.sync.num = 128 (default)
2019-08-21 14:06:27,954 [pool-483-thread-1] INFO  server.RaftServerConfigKeys (ConfUtils.java:logGet(43)) - raft.server.log.statemachine.data.sync = true (default)
2019-08-21 14:06:27,954 [pool-483-thread-1] INFO  server.RaftServerConfigKeys (ConfUtils.java:logGet(43)) - raft.server.log.statemachine.data.sync.timeout = 10s (default)
2019-08-21 14:06:27,954 [pool-483-thread-1] INFO  server.RaftServerConfigKeys (ConfUtils.java:logGet(43)) - raft.server.log.statemachine.data.sync.timeout.retry = -1 (default)
2019-08-21 14:06:27,954 [pool-483-thread-1] INFO  server.RaftServerConfigKeys (ConfUtils.java:logGet(43)) - raft.server.log.statemachine.data.caching.enabled = true (custom)
2019-08-21 14:06:27,955 [pool-483-thread-1] INFO  segmented.SegmentedRaftLogWorker (SegmentedRaftLogWorker.java:lambda$new$0(132)) - 00fcee37-54ab-4c9e-9be2-8b052df77471-SegmentedRaftLogWorker:Storage Directory /workdir/hadoop-ozone/integration-test/target/test-dir/MiniOzoneClusterImpl-7ea47189-2199-496c-8461-08fb5daa32e9/datanode-4/data/ratis/cbb845f6-b4c7-4c9a-8fd6-06971e3f7c67: flushIndex: setUnconditionally 0 -> -1
2019-08-21 14:06:27,955 [pool-483-thread-1] INFO  server.RaftServerConfigKeys (ConfUtils.java:logGet(43)) - raft.server.snapshot.auto.trigger.enabled = true (custom)
2019-08-21 14:06:27,955 [pool-483-thread-1] INFO  server.RaftServerConfigKeys (ConfUtils.java:logGet(43)) - raft.server.snapshot.auto.trigger.threshold = 10000 (custom)
2019-08-21 14:06:27,955 [pool-483-thread-1] INFO  server.RaftServerConfigKeys (ConfUtils.java:logGet(43)) - raft.server.retrycache.expirytime = 600000ms (custom)
2019-08-21 14:06:27,956 [pool-483-thread-1] INFO  impl.RaftServerImpl (RaftServerImpl.java:start(180)) - 00fcee37-54ab-4c9e-9be2-8b052df77471: start group-06971E3F7C67
2019-08-21 14:06:27,956 [pool-483-thread-1] INFO  impl.RaftServerImpl (RaftServerImpl.java:setRole(171)) - 00fcee37-54ab-4c9e-9be2-8b052df77471:group-06971E3F7C67 changes role from null to FOLLOWER at term 0 for startAsFollower
2019-08-21 14:06:27,956 [pool-483-thread-1] INFO  impl.RoleInfo (RoleInfo.java:updateAndGet(143)) - 00fcee37-54ab-4c9e-9be2-8b052df77471: start FollowerState
2019-08-21 14:06:27,956 [pool-483-thread-1] INFO  util.JmxRegister (JmxRegister.java:tryRegister(44)) - Successfully registered JMX Bean with object name Ratis:service=RaftServer,group=group-06971E3F7C67,id=00fcee37-54ab-4c9e-9be2-8b052df77471
2019-08-21 14:06:27,958 [RatisPipelineUtilsThread] INFO  pipeline.PipelineStateManager (PipelineStateManager.java:addPipeline(56)) - Created pipeline Pipeline[ Id: cbb845f6-b4c7-4c9a-8fd6-06971e3f7c67, Nodes: 00fcee37-54ab-4c9e-9be2-8b052df77471{ip: 192.168.5.153, host: pr-hdds-1999-4zsjs-3155158423, networkLocation: /default-rack, certSerialId: null}, Type:RATIS, Factor:ONE, State:OPEN]
2019-08-21 14:06:28,067 [IPC Server handler 5 on 41610] INFO  net.NetworkTopology (NetworkTopologyImpl.java:add(110)) - Added a new node: /default-rack/e9811297-a3ab-4214-978c-7ba6074934ad
2019-08-21 14:06:28,067 [IPC Server handler 5 on 41610] INFO  node.SCMNodeManager (SCMNodeManager.java:register(273)) - Registered Data node : e9811297-a3ab-4214-978c-7ba6074934ad{ip: 192.168.5.153, host: pr-hdds-1999-4zsjs-3155158423, networkLocation: /default-rack, certSerialId: null}
2019-08-21 14:06:28,067 | INFO  | SCMAudit | user=jenkins1000 | ip=192.168.5.153 | op=REGISTER {datanodeDetails=e9811297-a3ab-4214-978c-7ba6074934ad{ip: 192.168.5.153, host: pr-hdds-1999-4zsjs-3155158423, networkLocation: /default-rack, certSerialId: null}} | ret=SUCCESS |  
2019-08-21 14:06:28,074 [grpc-default-executor-8] INFO  impl.RaftServerProxy (RaftServerProxy.java:addNew(89)) - e9811297-a3ab-4214-978c-7ba6074934ad: addNew group-CBED5A2888C8:[e9811297-a3ab-4214-978c-7ba6074934ad:192.168.5.153:45003] returns group-CBED5A2888C8:java.util.concurrent.CompletableFuture@6c7cf722[Not completed]
2019-08-21 14:06:28,075 [pool-494-thread-1] INFO  impl.RaftServerImpl (RaftServerImpl.java:<init>(93)) - e9811297-a3ab-4214-978c-7ba6074934ad: new RaftServerImpl for group-CBED5A2888C8:[e9811297-a3ab-4214-978c-7ba6074934ad:192.168.5.153:45003] with ContainerStateMachine:uninitialized
2019-08-21 14:06:28,075 [pool-494-thread-1] INFO  server.RaftServerConfigKeys (ConfUtils.java:logGet(43)) - raft.server.rpc.timeout.min = 5s (custom)
2019-08-21 14:06:28,075 [pool-494-thread-1] INFO  server.RaftServerConfigKeys (ConfUtils.java:logGet(43)) - raft.server.rpc.timeout.max = 5200ms (custom)
2019-08-21 14:06:28,075 [pool-494-thread-1] INFO  server.RaftServerConfigKeys (ConfUtils.java:logGet(43)) - raft.server.rpcslowness.timeout = 120s (custom)
2019-08-21 14:06:28,076 [pool-494-thread-1] INFO  server.RaftServerConfigKeys (ConfUtils.java:logGet(43)) - raft.server.sleep.deviation.threshold = 300 (default)
2019-08-21 14:06:28,076 [pool-494-thread-1] INFO  server.RaftServerConfigKeys (ConfUtils.java:logGet(43)) - raft.server.log.appender.install.snapshot.enabled = false (custom)
2019-08-21 14:06:28,076 [pool-494-thread-1] INFO  impl.RaftServerImpl (ServerState.java:<init>(105)) - e9811297-a3ab-4214-978c-7ba6074934ad:group-CBED5A2888C8 ConfigurationManager, init=-1: [e9811297-a3ab-4214-978c-7ba6074934ad:192.168.5.153:45003], old=null, confs=<EMPTY_MAP>
2019-08-21 14:06:28,076 [pool-494-thread-1] INFO  server.RaftServerConfigKeys (ConfUtils.java:logGet(43)) - raft.server.storage.dir = [/workdir/hadoop-ozone/integration-test/target/test-dir/MiniOzoneClusterImpl-7ea47189-2199-496c-8461-08fb5daa32e9/datanode-5/data/ratis] (custom)
2019-08-21 14:06:28,077 [pool-494-thread-1] INFO  storage.RaftStorageDirectory (RaftStorageDirectory.java:analyzeStorage(246)) - The storage directory /workdir/hadoop-ozone/integration-test/target/test-dir/MiniOzoneClusterImpl-7ea47189-2199-496c-8461-08fb5daa32e9/datanode-5/data/ratis/1e58b00e-b5a0-4877-998c-cbed5a2888c8 does not exist. Creating ...
2019-08-21 14:06:28,091 [pool-494-thread-1] INFO  storage.RaftStorageDirectory (RaftStorageDirectory.java:tryLock(328)) - Lock on /workdir/hadoop-ozone/integration-test/target/test-dir/MiniOzoneClusterImpl-7ea47189-2199-496c-8461-08fb5daa32e9/datanode-5/data/ratis/1e58b00e-b5a0-4877-998c-cbed5a2888c8/in_use.lock acquired by nodename 29072@pr-hdds-1999-4zsjs-3155158423
2019-08-21 14:06:28,104 [pool-494-thread-1] INFO  storage.RaftStorage (RaftStorage.java:format(72)) - Storage directory /workdir/hadoop-ozone/integration-test/target/test-dir/MiniOzoneClusterImpl-7ea47189-2199-496c-8461-08fb5daa32e9/datanode-5/data/ratis/1e58b00e-b5a0-4877-998c-cbed5a2888c8 has been successfully formatted.
2019-08-21 14:06:28,104 [pool-494-thread-1] INFO  ratis.ContainerStateMachine (ContainerStateMachine.java:loadSnapshot(226)) - group-CBED5A2888C8: The snapshot info is null. Setting the last applied indexto:(t:0, i:~)
2019-08-21 14:06:28,104 [pool-494-thread-1] INFO  server.RaftServerConfigKeys (ConfUtils.java:logGet(43)) - raft.server.leader.election.timeout = 120s (custom)
2019-08-21 14:06:28,104 [pool-494-thread-1] INFO  server.RaftServerConfigKeys (ConfUtils.java:logGet(43)) - raft.server.log.use.memory = false (default)
2019-08-21 14:06:28,104 [pool-494-thread-1] INFO  server.RaftServerConfigKeys (ConfUtils.java:logGet(43)) - raft.server.log.purge.gap = 1000000 (custom)
2019-08-21 14:06:28,105 [pool-494-thread-1] INFO  server.RaftServerConfigKeys (ConfUtils.java:logGet(43)) - raft.server.log.appender.buffer.byte-limit = 33554432 (custom)
2019-08-21 14:06:28,105 [pool-494-thread-1] INFO  server.RaftServerConfigKeys (ConfUtils.java:logGet(43)) - raft.server.log.segment.size.max = 1048576 (custom)
2019-08-21 14:06:28,105 [pool-494-thread-1] INFO  server.RaftServerConfigKeys (ConfUtils.java:logGet(43)) - raft.server.log.segment.cache.num.max = 2 (custom)
2019-08-21 14:06:28,105 [pool-494-thread-1] INFO  segmented.SegmentedRaftLogWorker (SegmentedRaftLogWorker.java:<init>(172)) - new e9811297-a3ab-4214-978c-7ba6074934ad-SegmentedRaftLogWorker:Storage Directory /workdir/hadoop-ozone/integration-test/target/test-dir/MiniOzoneClusterImpl-7ea47189-2199-496c-8461-08fb5daa32e9/datanode-5/data/ratis/1e58b00e-b5a0-4877-998c-cbed5a2888c8 for RaftStorage:Storage Directory /workdir/hadoop-ozone/integration-test/target/test-dir/MiniOzoneClusterImpl-7ea47189-2199-496c-8461-08fb5daa32e9/datanode-5/data/ratis/1e58b00e-b5a0-4877-998c-cbed5a2888c8
2019-08-21 14:06:28,105 [pool-494-thread-1] INFO  server.RaftServerConfigKeys (ConfUtils.java:logGet(43)) - raft.server.log.queue.byte-limit = 2147483647 (custom)
2019-08-21 14:06:28,105 [pool-494-thread-1] INFO  server.RaftServerConfigKeys (ConfUtils.java:logGet(43)) - raft.server.log.queue.element-limit = 1024 (custom)
2019-08-21 14:06:28,106 [pool-494-thread-1] INFO  server.RaftServerConfigKeys (ConfUtils.java:logGet(43)) - raft.server.log.segment.size.max = 1048576 (custom)
2019-08-21 14:06:28,106 [pool-494-thread-1] INFO  server.RaftServerConfigKeys (ConfUtils.java:logGet(43)) - raft.server.log.preallocated.size = 16384 (custom)
2019-08-21 14:06:28,106 [pool-494-thread-1] INFO  server.RaftServerConfigKeys (ConfUtils.java:logGet(43)) - raft.server.log.write.buffer.size = 33554432 (custom)
2019-08-21 14:06:28,106 [pool-494-thread-1] INFO  server.RaftServerConfigKeys (ConfUtils.java:logGet(43)) - raft.server.log.force.sync.num = 128 (default)
2019-08-21 14:06:28,106 [pool-494-thread-1] INFO  server.RaftServerConfigKeys (ConfUtils.java:logGet(43)) - raft.server.log.statemachine.data.sync = true (default)
2019-08-21 14:06:28,106 [pool-494-thread-1] INFO  server.RaftServerConfigKeys (ConfUtils.java:logGet(43)) - raft.server.log.statemachine.data.sync.timeout = 10s (default)
2019-08-21 14:06:28,107 [pool-494-thread-1] INFO  server.RaftServerConfigKeys (ConfUtils.java:logGet(43)) - raft.server.log.statemachine.data.sync.timeout.retry = -1 (default)
2019-08-21 14:06:28,107 [pool-494-thread-1] INFO  server.RaftServerConfigKeys (ConfUtils.java:logGet(43)) - raft.server.log.statemachine.data.caching.enabled = true (custom)
2019-08-21 14:06:28,107 [pool-494-thread-1] INFO  segmented.SegmentedRaftLogWorker (SegmentedRaftLogWorker.java:lambda$new$0(132)) - e9811297-a3ab-4214-978c-7ba6074934ad-SegmentedRaftLogWorker:Storage Directory /workdir/hadoop-ozone/integration-test/target/test-dir/MiniOzoneClusterImpl-7ea47189-2199-496c-8461-08fb5daa32e9/datanode-5/data/ratis/1e58b00e-b5a0-4877-998c-cbed5a2888c8: flushIndex: setUnconditionally 0 -> -1
2019-08-21 14:06:28,108 [pool-494-thread-1] INFO  server.RaftServerConfigKeys (ConfUtils.java:logGet(43)) - raft.server.snapshot.auto.trigger.enabled = true (custom)
2019-08-21 14:06:28,108 [pool-494-thread-1] INFO  server.RaftServerConfigKeys (ConfUtils.java:logGet(43)) - raft.server.snapshot.auto.trigger.threshold = 10000 (custom)
2019-08-21 14:06:28,108 [pool-494-thread-1] INFO  server.RaftServerConfigKeys (ConfUtils.java:logGet(43)) - raft.server.retrycache.expirytime = 600000ms (custom)
2019-08-21 14:06:28,108 [pool-494-thread-1] INFO  impl.RaftServerImpl (RaftServerImpl.java:start(180)) - e9811297-a3ab-4214-978c-7ba6074934ad: start group-CBED5A2888C8
2019-08-21 14:06:28,108 [pool-494-thread-1] INFO  impl.RaftServerImpl (RaftServerImpl.java:setRole(171)) - e9811297-a3ab-4214-978c-7ba6074934ad:group-CBED5A2888C8 changes role from null to FOLLOWER at term 0 for startAsFollower
2019-08-21 14:06:28,108 [pool-494-thread-1] INFO  impl.RoleInfo (RoleInfo.java:updateAndGet(143)) - e9811297-a3ab-4214-978c-7ba6074934ad: start FollowerState
2019-08-21 14:06:28,109 [pool-494-thread-1] INFO  util.JmxRegister (JmxRegister.java:tryRegister(44)) - Successfully registered JMX Bean with object name Ratis:service=RaftServer,group=group-CBED5A2888C8,id=e9811297-a3ab-4214-978c-7ba6074934ad
2019-08-21 14:06:28,111 [RatisPipelineUtilsThread] INFO  pipeline.PipelineStateManager (PipelineStateManager.java:addPipeline(56)) - Created pipeline Pipeline[ Id: 1e58b00e-b5a0-4877-998c-cbed5a2888c8, Nodes: e9811297-a3ab-4214-978c-7ba6074934ad{ip: 192.168.5.153, host: pr-hdds-1999-4zsjs-3155158423, networkLocation: /default-rack, certSerialId: null}, Type:RATIS, Factor:ONE, State:OPEN]
2019-08-21 14:06:28,124 [grpc-default-executor-8] INFO  impl.RaftServerProxy (RaftServerProxy.java:addNew(89)) - 00fcee37-54ab-4c9e-9be2-8b052df77471: addNew group-5C01FB855558:[ff625bda-bd10-4290-9d5d-b2d4afbb6a9a:192.168.5.153:46213, 00fcee37-54ab-4c9e-9be2-8b052df77471:192.168.5.153:42774, e9811297-a3ab-4214-978c-7ba6074934ad:192.168.5.153:45003] returns group-5C01FB855558:java.util.concurrent.CompletableFuture@595a71c5[Not completed]
2019-08-21 14:06:28,124 [grpc-default-executor-10] INFO  impl.RaftServerProxy (RaftServerProxy.java:addNew(89)) - ff625bda-bd10-4290-9d5d-b2d4afbb6a9a: addNew group-5C01FB855558:[ff625bda-bd10-4290-9d5d-b2d4afbb6a9a:192.168.5.153:46213, 00fcee37-54ab-4c9e-9be2-8b052df77471:192.168.5.153:42774, e9811297-a3ab-4214-978c-7ba6074934ad:192.168.5.153:45003] returns group-5C01FB855558:java.util.concurrent.CompletableFuture@11a55042[Not completed]
2019-08-21 14:06:28,124 [grpc-default-executor-9] INFO  impl.RaftServerProxy (RaftServerProxy.java:addNew(89)) - e9811297-a3ab-4214-978c-7ba6074934ad: addNew group-5C01FB855558:[ff625bda-bd10-4290-9d5d-b2d4afbb6a9a:192.168.5.153:46213, 00fcee37-54ab-4c9e-9be2-8b052df77471:192.168.5.153:42774, e9811297-a3ab-4214-978c-7ba6074934ad:192.168.5.153:45003] returns group-5C01FB855558:java.util.concurrent.CompletableFuture@fc81354[Not completed]
2019-08-21 14:06:28,125 [pool-483-thread-1] INFO  impl.RaftServerImpl (RaftServerImpl.java:<init>(93)) - 00fcee37-54ab-4c9e-9be2-8b052df77471: new RaftServerImpl for group-5C01FB855558:[ff625bda-bd10-4290-9d5d-b2d4afbb6a9a:192.168.5.153:46213, 00fcee37-54ab-4c9e-9be2-8b052df77471:192.168.5.153:42774, e9811297-a3ab-4214-978c-7ba6074934ad:192.168.5.153:45003] with ContainerStateMachine:uninitialized
2019-08-21 14:06:28,126 [pool-483-thread-1] INFO  server.RaftServerConfigKeys (ConfUtils.java:logGet(43)) - raft.server.rpc.timeout.min = 5s (custom)
2019-08-21 14:06:28,126 [pool-483-thread-1] INFO  server.RaftServerConfigKeys (ConfUtils.java:logGet(43)) - raft.server.rpc.timeout.max = 5200ms (custom)
2019-08-21 14:06:28,126 [pool-494-thread-1] INFO  impl.RaftServerImpl (RaftServerImpl.java:<init>(93)) - e9811297-a3ab-4214-978c-7ba6074934ad: new RaftServerImpl for group-5C01FB855558:[ff625bda-bd10-4290-9d5d-b2d4afbb6a9a:192.168.5.153:46213, 00fcee37-54ab-4c9e-9be2-8b052df77471:192.168.5.153:42774, e9811297-a3ab-4214-978c-7ba6074934ad:192.168.5.153:45003] with ContainerStateMachine:uninitialized
2019-08-21 14:06:28,126 [pool-483-thread-1] INFO  server.RaftServerConfigKeys (ConfUtils.java:logGet(43)) - raft.server.rpcslowness.timeout = 120s (custom)
2019-08-21 14:06:28,126 [pool-494-thread-1] INFO  server.RaftServerConfigKeys (ConfUtils.java:logGet(43)) - raft.server.rpc.timeout.min = 5s (custom)
2019-08-21 14:06:28,126 [pool-472-thread-1] INFO  impl.RaftServerImpl (RaftServerImpl.java:<init>(93)) - ff625bda-bd10-4290-9d5d-b2d4afbb6a9a: new RaftServerImpl for group-5C01FB855558:[ff625bda-bd10-4290-9d5d-b2d4afbb6a9a:192.168.5.153:46213, 00fcee37-54ab-4c9e-9be2-8b052df77471:192.168.5.153:42774, e9811297-a3ab-4214-978c-7ba6074934ad:192.168.5.153:45003] with ContainerStateMachine:uninitialized
2019-08-21 14:06:28,126 [pool-483-thread-1] INFO  server.RaftServerConfigKeys (ConfUtils.java:logGet(43)) - raft.server.sleep.deviation.threshold = 300 (default)
2019-08-21 14:06:28,126 [pool-472-thread-1] INFO  server.RaftServerConfigKeys (ConfUtils.java:logGet(43)) - raft.server.rpc.timeout.min = 5s (custom)
2019-08-21 14:06:28,126 [pool-494-thread-1] INFO  server.RaftServerConfigKeys (ConfUtils.java:logGet(43)) - raft.server.rpc.timeout.max = 5200ms (custom)
2019-08-21 14:06:28,127 [pool-472-thread-1] INFO  server.RaftServerConfigKeys (ConfUtils.java:logGet(43)) - raft.server.rpc.timeout.max = 5200ms (custom)
2019-08-21 14:06:28,127 [pool-472-thread-1] INFO  server.RaftServerConfigKeys (ConfUtils.java:logGet(43)) - raft.server.rpcslowness.timeout = 120s (custom)
2019-08-21 14:06:28,127 [pool-483-thread-1] INFO  server.RaftServerConfigKeys (ConfUtils.java:logGet(43)) - raft.server.log.appender.install.snapshot.enabled = false (custom)
2019-08-21 14:06:28,127 [pool-472-thread-1] INFO  server.RaftServerConfigKeys (ConfUtils.java:logGet(43)) - raft.server.sleep.deviation.threshold = 300 (default)
2019-08-21 14:06:28,127 [pool-472-thread-1] INFO  server.RaftServerConfigKeys (ConfUtils.java:logGet(43)) - raft.server.log.appender.install.snapshot.enabled = false (custom)
2019-08-21 14:06:28,127 [pool-494-thread-1] INFO  server.RaftServerConfigKeys (ConfUtils.java:logGet(43)) - raft.server.rpcslowness.timeout = 120s (custom)
2019-08-21 14:06:28,128 [pool-472-thread-1] INFO  impl.RaftServerImpl (ServerState.java:<init>(105)) - ff625bda-bd10-4290-9d5d-b2d4afbb6a9a:group-5C01FB855558 ConfigurationManager, init=-1: [ff625bda-bd10-4290-9d5d-b2d4afbb6a9a:192.168.5.153:46213, 00fcee37-54ab-4c9e-9be2-8b052df77471:192.168.5.153:42774, e9811297-a3ab-4214-978c-7ba6074934ad:192.168.5.153:45003], old=null, confs=<EMPTY_MAP>
2019-08-21 14:06:28,127 [pool-483-thread-1] INFO  impl.RaftServerImpl (ServerState.java:<init>(105)) - 00fcee37-54ab-4c9e-9be2-8b052df77471:group-5C01FB855558 ConfigurationManager, init=-1: [ff625bda-bd10-4290-9d5d-b2d4afbb6a9a:192.168.5.153:46213, 00fcee37-54ab-4c9e-9be2-8b052df77471:192.168.5.153:42774, e9811297-a3ab-4214-978c-7ba6074934ad:192.168.5.153:45003], old=null, confs=<EMPTY_MAP>
2019-08-21 14:06:28,128 [pool-472-thread-1] INFO  server.RaftServerConfigKeys (ConfUtils.java:logGet(43)) - raft.server.storage.dir = [/workdir/hadoop-ozone/integration-test/target/test-dir/MiniOzoneClusterImpl-7ea47189-2199-496c-8461-08fb5daa32e9/datanode-3/data/ratis] (custom)
2019-08-21 14:06:28,128 [pool-494-thread-1] INFO  server.RaftServerConfigKeys (ConfUtils.java:logGet(43)) - raft.server.sleep.deviation.threshold = 300 (default)
2019-08-21 14:06:28,128 [pool-483-thread-1] INFO  server.RaftServerConfigKeys (ConfUtils.java:logGet(43)) - raft.server.storage.dir = [/workdir/hadoop-ozone/integration-test/target/test-dir/MiniOzoneClusterImpl-7ea47189-2199-496c-8461-08fb5daa32e9/datanode-4/data/ratis] (custom)
2019-08-21 14:06:28,128 [pool-472-thread-1] INFO  storage.RaftStorageDirectory (RaftStorageDirectory.java:analyzeStorage(246)) - The storage directory /workdir/hadoop-ozone/integration-test/target/test-dir/MiniOzoneClusterImpl-7ea47189-2199-496c-8461-08fb5daa32e9/datanode-3/data/ratis/9bd2788b-671c-45ef-bec3-5c01fb855558 does not exist. Creating ...
2019-08-21 14:06:28,128 [pool-494-thread-1] INFO  server.RaftServerConfigKeys (ConfUtils.java:logGet(43)) - raft.server.log.appender.install.snapshot.enabled = false (custom)
2019-08-21 14:06:28,129 [pool-483-thread-1] INFO  storage.RaftStorageDirectory (RaftStorageDirectory.java:analyzeStorage(246)) - The storage directory /workdir/hadoop-ozone/integration-test/target/test-dir/MiniOzoneClusterImpl-7ea47189-2199-496c-8461-08fb5daa32e9/datanode-4/data/ratis/9bd2788b-671c-45ef-bec3-5c01fb855558 does not exist. Creating ...
2019-08-21 14:06:28,129 [pool-494-thread-1] INFO  impl.RaftServerImpl (ServerState.java:<init>(105)) - e9811297-a3ab-4214-978c-7ba6074934ad:group-5C01FB855558 ConfigurationManager, init=-1: [ff625bda-bd10-4290-9d5d-b2d4afbb6a9a:192.168.5.153:46213, 00fcee37-54ab-4c9e-9be2-8b052df77471:192.168.5.153:42774, e9811297-a3ab-4214-978c-7ba6074934ad:192.168.5.153:45003], old=null, confs=<EMPTY_MAP>
2019-08-21 14:06:28,129 [pool-494-thread-1] INFO  server.RaftServerConfigKeys (ConfUtils.java:logGet(43)) - raft.server.storage.dir = [/workdir/hadoop-ozone/integration-test/target/test-dir/MiniOzoneClusterImpl-7ea47189-2199-496c-8461-08fb5daa32e9/datanode-5/data/ratis] (custom)
2019-08-21 14:06:28,130 [pool-494-thread-1] INFO  storage.RaftStorageDirectory (RaftStorageDirectory.java:analyzeStorage(246)) - The storage directory /workdir/hadoop-ozone/integration-test/target/test-dir/MiniOzoneClusterImpl-7ea47189-2199-496c-8461-08fb5daa32e9/datanode-5/data/ratis/9bd2788b-671c-45ef-bec3-5c01fb855558 does not exist. Creating ...
2019-08-21 14:06:28,155 [pool-483-thread-1] INFO  storage.RaftStorageDirectory (RaftStorageDirectory.java:tryLock(328)) - Lock on /workdir/hadoop-ozone/integration-test/target/test-dir/MiniOzoneClusterImpl-7ea47189-2199-496c-8461-08fb5daa32e9/datanode-4/data/ratis/9bd2788b-671c-45ef-bec3-5c01fb855558/in_use.lock acquired by nodename 29072@pr-hdds-1999-4zsjs-3155158423
2019-08-21 14:06:28,155 [pool-472-thread-1] INFO  storage.RaftStorageDirectory (RaftStorageDirectory.java:tryLock(328)) - Lock on /workdir/hadoop-ozone/integration-test/target/test-dir/MiniOzoneClusterImpl-7ea47189-2199-496c-8461-08fb5daa32e9/datanode-3/data/ratis/9bd2788b-671c-45ef-bec3-5c01fb855558/in_use.lock acquired by nodename 29072@pr-hdds-1999-4zsjs-3155158423
2019-08-21 14:06:28,155 [pool-494-thread-1] INFO  storage.RaftStorageDirectory (RaftStorageDirectory.java:tryLock(328)) - Lock on /workdir/hadoop-ozone/integration-test/target/test-dir/MiniOzoneClusterImpl-7ea47189-2199-496c-8461-08fb5daa32e9/datanode-5/data/ratis/9bd2788b-671c-45ef-bec3-5c01fb855558/in_use.lock acquired by nodename 29072@pr-hdds-1999-4zsjs-3155158423
2019-08-21 14:06:28,194 [pool-494-thread-1] INFO  storage.RaftStorage (RaftStorage.java:format(72)) - Storage directory /workdir/hadoop-ozone/integration-test/target/test-dir/MiniOzoneClusterImpl-7ea47189-2199-496c-8461-08fb5daa32e9/datanode-5/data/ratis/9bd2788b-671c-45ef-bec3-5c01fb855558 has been successfully formatted.
2019-08-21 14:06:28,194 [pool-483-thread-1] INFO  storage.RaftStorage (RaftStorage.java:format(72)) - Storage directory /workdir/hadoop-ozone/integration-test/target/test-dir/MiniOzoneClusterImpl-7ea47189-2199-496c-8461-08fb5daa32e9/datanode-4/data/ratis/9bd2788b-671c-45ef-bec3-5c01fb855558 has been successfully formatted.
2019-08-21 14:06:28,194 [pool-472-thread-1] INFO  storage.RaftStorage (RaftStorage.java:format(72)) - Storage directory /workdir/hadoop-ozone/integration-test/target/test-dir/MiniOzoneClusterImpl-7ea47189-2199-496c-8461-08fb5daa32e9/datanode-3/data/ratis/9bd2788b-671c-45ef-bec3-5c01fb855558 has been successfully formatted.
2019-08-21 14:06:28,195 [pool-483-thread-1] INFO  ratis.ContainerStateMachine (ContainerStateMachine.java:loadSnapshot(226)) - group-5C01FB855558: The snapshot info is null. Setting the last applied indexto:(t:0, i:~)
2019-08-21 14:06:28,195 [pool-483-thread-1] INFO  server.RaftServerConfigKeys (ConfUtils.java:logGet(43)) - raft.server.leader.election.timeout = 120s (custom)
2019-08-21 14:06:28,195 [pool-494-thread-1] INFO  ratis.ContainerStateMachine (ContainerStateMachine.java:loadSnapshot(226)) - group-5C01FB855558: The snapshot info is null. Setting the last applied indexto:(t:0, i:~)
2019-08-21 14:06:28,195 [pool-483-thread-1] INFO  server.RaftServerConfigKeys (ConfUtils.java:logGet(43)) - raft.server.log.use.memory = false (default)
2019-08-21 14:06:28,195 [pool-472-thread-1] INFO  ratis.ContainerStateMachine (ContainerStateMachine.java:loadSnapshot(226)) - group-5C01FB855558: The snapshot info is null. Setting the last applied indexto:(t:0, i:~)
2019-08-21 14:06:28,196 [pool-483-thread-1] INFO  server.RaftServerConfigKeys (ConfUtils.java:logGet(43)) - raft.server.log.purge.gap = 1000000 (custom)
2019-08-21 14:06:28,195 [pool-494-thread-1] INFO  server.RaftServerConfigKeys (ConfUtils.java:logGet(43)) - raft.server.leader.election.timeout = 120s (custom)
2019-08-21 14:06:28,196 [pool-483-thread-1] INFO  server.RaftServerConfigKeys (ConfUtils.java:logGet(43)) - raft.server.log.appender.buffer.byte-limit = 33554432 (custom)
2019-08-21 14:06:28,196 [pool-472-thread-1] INFO  server.RaftServerConfigKeys (ConfUtils.java:logGet(43)) - raft.server.leader.election.timeout = 120s (custom)
2019-08-21 14:06:28,196 [pool-483-thread-1] INFO  server.RaftServerConfigKeys (ConfUtils.java:logGet(43)) - raft.server.log.segment.size.max = 1048576 (custom)
2019-08-21 14:06:28,196 [pool-494-thread-1] INFO  server.RaftServerConfigKeys (ConfUtils.java:logGet(43)) - raft.server.log.use.memory = false (default)
2019-08-21 14:06:28,196 [pool-483-thread-1] INFO  server.RaftServerConfigKeys (ConfUtils.java:logGet(43)) - raft.server.log.segment.cache.num.max = 2 (custom)
2019-08-21 14:06:28,196 [pool-472-thread-1] INFO  server.RaftServerConfigKeys (ConfUtils.java:logGet(43)) - raft.server.log.use.memory = false (default)
2019-08-21 14:06:28,197 [pool-483-thread-1] INFO  segmented.SegmentedRaftLogWorker (SegmentedRaftLogWorker.java:<init>(172)) - new 00fcee37-54ab-4c9e-9be2-8b052df77471-SegmentedRaftLogWorker:Storage Directory /workdir/hadoop-ozone/integration-test/target/test-dir/MiniOzoneClusterImpl-7ea47189-2199-496c-8461-08fb5daa32e9/datanode-4/data/ratis/9bd2788b-671c-45ef-bec3-5c01fb855558 for RaftStorage:Storage Directory /workdir/hadoop-ozone/integration-test/target/test-dir/MiniOzoneClusterImpl-7ea47189-2199-496c-8461-08fb5daa32e9/datanode-4/data/ratis/9bd2788b-671c-45ef-bec3-5c01fb855558
2019-08-21 14:06:28,197 [pool-494-thread-1] INFO  server.RaftServerConfigKeys (ConfUtils.java:logGet(43)) - raft.server.log.purge.gap = 1000000 (custom)
2019-08-21 14:06:28,197 [pool-483-thread-1] INFO  server.RaftServerConfigKeys (ConfUtils.java:logGet(43)) - raft.server.log.queue.byte-limit = 2147483647 (custom)
2019-08-21 14:06:28,197 [pool-483-thread-1] INFO  server.RaftServerConfigKeys (ConfUtils.java:logGet(43)) - raft.server.log.queue.element-limit = 1024 (custom)
2019-08-21 14:06:28,197 [pool-472-thread-1] INFO  server.RaftServerConfigKeys (ConfUtils.java:logGet(43)) - raft.server.log.purge.gap = 1000000 (custom)
2019-08-21 14:06:28,198 [pool-483-thread-1] INFO  server.RaftServerConfigKeys (ConfUtils.java:logGet(43)) - raft.server.log.segment.size.max = 1048576 (custom)
2019-08-21 14:06:28,197 [pool-494-thread-1] INFO  server.RaftServerConfigKeys (ConfUtils.java:logGet(43)) - raft.server.log.appender.buffer.byte-limit = 33554432 (custom)
2019-08-21 14:06:28,198 [pool-483-thread-1] INFO  server.RaftServerConfigKeys (ConfUtils.java:logGet(43)) - raft.server.log.preallocated.size = 16384 (custom)
2019-08-21 14:06:28,198 [pool-472-thread-1] INFO  server.RaftServerConfigKeys (ConfUtils.java:logGet(43)) - raft.server.log.appender.buffer.byte-limit = 33554432 (custom)
2019-08-21 14:06:28,198 [pool-483-thread-1] INFO  server.RaftServerConfigKeys (ConfUtils.java:logGet(43)) - raft.server.log.write.buffer.size = 33554432 (custom)
2019-08-21 14:06:28,198 [pool-494-thread-1] INFO  server.RaftServerConfigKeys (ConfUtils.java:logGet(43)) - raft.server.log.segment.size.max = 1048576 (custom)
2019-08-21 14:06:28,199 [pool-483-thread-1] INFO  server.RaftServerConfigKeys (ConfUtils.java:logGet(43)) - raft.server.log.force.sync.num = 128 (default)
2019-08-21 14:06:28,198 [pool-472-thread-1] INFO  server.RaftServerConfigKeys (ConfUtils.java:logGet(43)) - raft.server.log.segment.size.max = 1048576 (custom)
2019-08-21 14:06:28,199 [pool-483-thread-1] INFO  server.RaftServerConfigKeys (ConfUtils.java:logGet(43)) - raft.server.log.statemachine.data.sync = true (default)
2019-08-21 14:06:28,199 [pool-494-thread-1] INFO  server.RaftServerConfigKeys (ConfUtils.java:logGet(43)) - raft.server.log.segment.cache.num.max = 2 (custom)
2019-08-21 14:06:28,199 [pool-483-thread-1] INFO  server.RaftServerConfigKeys (ConfUtils.java:logGet(43)) - raft.server.log.statemachine.data.sync.timeout = 10s (default)
2019-08-21 14:06:28,200 [pool-483-thread-1] INFO  server.RaftServerConfigKeys (ConfUtils.java:logGet(43)) - raft.server.log.statemachine.data.sync.timeout.retry = -1 (default)
2019-08-21 14:06:28,199 [pool-472-thread-1] INFO  server.RaftServerConfigKeys (ConfUtils.java:logGet(43)) - raft.server.log.segment.cache.num.max = 2 (custom)
2019-08-21 14:06:28,200 [pool-483-thread-1] INFO  server.RaftServerConfigKeys (ConfUtils.java:logGet(43)) - raft.server.log.statemachine.data.caching.enabled = true (custom)
2019-08-21 14:06:28,199 [pool-494-thread-1] INFO  segmented.SegmentedRaftLogWorker (SegmentedRaftLogWorker.java:<init>(172)) - new e9811297-a3ab-4214-978c-7ba6074934ad-SegmentedRaftLogWorker:Storage Directory /workdir/hadoop-ozone/integration-test/target/test-dir/MiniOzoneClusterImpl-7ea47189-2199-496c-8461-08fb5daa32e9/datanode-5/data/ratis/9bd2788b-671c-45ef-bec3-5c01fb855558 for RaftStorage:Storage Directory /workdir/hadoop-ozone/integration-test/target/test-dir/MiniOzoneClusterImpl-7ea47189-2199-496c-8461-08fb5daa32e9/datanode-5/data/ratis/9bd2788b-671c-45ef-bec3-5c01fb855558
2019-08-21 14:06:28,200 [pool-472-thread-1] INFO  segmented.SegmentedRaftLogWorker (SegmentedRaftLogWorker.java:<init>(172)) - new ff625bda-bd10-4290-9d5d-b2d4afbb6a9a-SegmentedRaftLogWorker:Storage Directory /workdir/hadoop-ozone/integration-test/target/test-dir/MiniOzoneClusterImpl-7ea47189-2199-496c-8461-08fb5daa32e9/datanode-3/data/ratis/9bd2788b-671c-45ef-bec3-5c01fb855558 for RaftStorage:Storage Directory /workdir/hadoop-ozone/integration-test/target/test-dir/MiniOzoneClusterImpl-7ea47189-2199-496c-8461-08fb5daa32e9/datanode-3/data/ratis/9bd2788b-671c-45ef-bec3-5c01fb855558
2019-08-21 14:06:28,200 [pool-494-thread-1] INFO  server.RaftServerConfigKeys (ConfUtils.java:logGet(43)) - raft.server.log.queue.byte-limit = 2147483647 (custom)
2019-08-21 14:06:28,200 [pool-483-thread-1] INFO  segmented.SegmentedRaftLogWorker (SegmentedRaftLogWorker.java:lambda$new$0(132)) - 00fcee37-54ab-4c9e-9be2-8b052df77471-SegmentedRaftLogWorker:Storage Directory /workdir/hadoop-ozone/integration-test/target/test-dir/MiniOzoneClusterImpl-7ea47189-2199-496c-8461-08fb5daa32e9/datanode-4/data/ratis/9bd2788b-671c-45ef-bec3-5c01fb855558: flushIndex: setUnconditionally 0 -> -1
2019-08-21 14:06:28,200 [pool-494-thread-1] INFO  server.RaftServerConfigKeys (ConfUtils.java:logGet(43)) - raft.server.log.queue.element-limit = 1024 (custom)
2019-08-21 14:06:28,200 [pool-472-thread-1] INFO  server.RaftServerConfigKeys (ConfUtils.java:logGet(43)) - raft.server.log.queue.byte-limit = 2147483647 (custom)
2019-08-21 14:06:28,201 [pool-494-thread-1] INFO  server.RaftServerConfigKeys (ConfUtils.java:logGet(43)) - raft.server.log.segment.size.max = 1048576 (custom)
2019-08-21 14:06:28,201 [pool-483-thread-1] INFO  server.RaftServerConfigKeys (ConfUtils.java:logGet(43)) - raft.server.snapshot.auto.trigger.enabled = true (custom)
2019-08-21 14:06:28,201 [pool-494-thread-1] INFO  server.RaftServerConfigKeys (ConfUtils.java:logGet(43)) - raft.server.log.preallocated.size = 16384 (custom)
2019-08-21 14:06:28,201 [pool-472-thread-1] INFO  server.RaftServerConfigKeys (ConfUtils.java:logGet(43)) - raft.server.log.queue.element-limit = 1024 (custom)
2019-08-21 14:06:28,201 [pool-494-thread-1] INFO  server.RaftServerConfigKeys (ConfUtils.java:logGet(43)) - raft.server.log.write.buffer.size = 33554432 (custom)
2019-08-21 14:06:28,201 [pool-483-thread-1] INFO  server.RaftServerConfigKeys (ConfUtils.java:logGet(43)) - raft.server.snapshot.auto.trigger.threshold = 10000 (custom)
2019-08-21 14:06:28,202 [pool-494-thread-1] INFO  server.RaftServerConfigKeys (ConfUtils.java:logGet(43)) - raft.server.log.force.sync.num = 128 (default)
2019-08-21 14:06:28,202 [pool-494-thread-1] INFO  server.RaftServerConfigKeys (ConfUtils.java:logGet(43)) - raft.server.log.statemachine.data.sync = true (default)
2019-08-21 14:06:28,202 [pool-472-thread-1] INFO  server.RaftServerConfigKeys (ConfUtils.java:logGet(43)) - raft.server.log.segment.size.max = 1048576 (custom)
2019-08-21 14:06:28,202 [pool-494-thread-1] INFO  server.RaftServerConfigKeys (ConfUtils.java:logGet(43)) - raft.server.log.statemachine.data.sync.timeout = 10s (default)
2019-08-21 14:06:28,202 [pool-483-thread-1] INFO  server.RaftServerConfigKeys (ConfUtils.java:logGet(43)) - raft.server.retrycache.expirytime = 600000ms (custom)
2019-08-21 14:06:28,203 [pool-494-thread-1] INFO  server.RaftServerConfigKeys (ConfUtils.java:logGet(43)) - raft.server.log.statemachine.data.sync.timeout.retry = -1 (default)
2019-08-21 14:06:28,202 [pool-472-thread-1] INFO  server.RaftServerConfigKeys (ConfUtils.java:logGet(43)) - raft.server.log.preallocated.size = 16384 (custom)
2019-08-21 14:06:28,203 [pool-494-thread-1] INFO  server.RaftServerConfigKeys (ConfUtils.java:logGet(43)) - raft.server.log.statemachine.data.caching.enabled = true (custom)
2019-08-21 14:06:28,203 [pool-483-thread-1] INFO  impl.RaftServerImpl (RaftServerImpl.java:start(180)) - 00fcee37-54ab-4c9e-9be2-8b052df77471: start group-5C01FB855558
2019-08-21 14:06:28,203 [pool-472-thread-1] INFO  server.RaftServerConfigKeys (ConfUtils.java:logGet(43)) - raft.server.log.write.buffer.size = 33554432 (custom)
2019-08-21 14:06:28,203 [pool-494-thread-1] INFO  segmented.SegmentedRaftLogWorker (SegmentedRaftLogWorker.java:lambda$new$0(132)) - e9811297-a3ab-4214-978c-7ba6074934ad-SegmentedRaftLogWorker:Storage Directory /workdir/hadoop-ozone/integration-test/target/test-dir/MiniOzoneClusterImpl-7ea47189-2199-496c-8461-08fb5daa32e9/datanode-5/data/ratis/9bd2788b-671c-45ef-bec3-5c01fb855558: flushIndex: setUnconditionally 0 -> -1
2019-08-21 14:06:28,203 [pool-483-thread-1] INFO  impl.RaftServerImpl (RaftServerImpl.java:setRole(171)) - 00fcee37-54ab-4c9e-9be2-8b052df77471:group-5C01FB855558 changes role from null to FOLLOWER at term 0 for startAsFollower
2019-08-21 14:06:28,203 [pool-472-thread-1] INFO  server.RaftServerConfigKeys (ConfUtils.java:logGet(43)) - raft.server.log.force.sync.num = 128 (default)
2019-08-21 14:06:28,204 [pool-494-thread-1] INFO  server.RaftServerConfigKeys (ConfUtils.java:logGet(43)) - raft.server.snapshot.auto.trigger.enabled = true (custom)
2019-08-21 14:06:28,204 [pool-483-thread-1] INFO  impl.RoleInfo (RoleInfo.java:updateAndGet(143)) - 00fcee37-54ab-4c9e-9be2-8b052df77471: start FollowerState
2019-08-21 14:06:28,204 [pool-494-thread-1] INFO  server.RaftServerConfigKeys (ConfUtils.java:logGet(43)) - raft.server.snapshot.auto.trigger.threshold = 10000 (custom)
2019-08-21 14:06:28,204 [pool-472-thread-1] INFO  server.RaftServerConfigKeys (ConfUtils.java:logGet(43)) - raft.server.log.statemachine.data.sync = true (default)
2019-08-21 14:06:28,205 [pool-483-thread-1] INFO  util.JmxRegister (JmxRegister.java:tryRegister(44)) - Successfully registered JMX Bean with object name Ratis:service=RaftServer,group=group-5C01FB855558,id=00fcee37-54ab-4c9e-9be2-8b052df77471
2019-08-21 14:06:28,204 [pool-494-thread-1] INFO  server.RaftServerConfigKeys (ConfUtils.java:logGet(43)) - raft.server.retrycache.expirytime = 600000ms (custom)
2019-08-21 14:06:28,205 [pool-472-thread-1] INFO  server.RaftServerConfigKeys (ConfUtils.java:logGet(43)) - raft.server.log.statemachine.data.sync.timeout = 10s (default)
2019-08-21 14:06:28,205 [pool-494-thread-1] INFO  impl.RaftServerImpl (RaftServerImpl.java:start(180)) - e9811297-a3ab-4214-978c-7ba6074934ad: start group-5C01FB855558
2019-08-21 14:06:28,205 [pool-472-thread-1] INFO  server.RaftServerConfigKeys (ConfUtils.java:logGet(43)) - raft.server.log.statemachine.data.sync.timeout.retry = -1 (default)
2019-08-21 14:06:28,205 [pool-494-thread-1] INFO  impl.RaftServerImpl (RaftServerImpl.java:setRole(171)) - e9811297-a3ab-4214-978c-7ba6074934ad:group-5C01FB855558 changes role from null to FOLLOWER at term 0 for startAsFollower
2019-08-21 14:06:28,205 [pool-472-thread-1] INFO  server.RaftServerConfigKeys (ConfUtils.java:logGet(43)) - raft.server.log.statemachine.data.caching.enabled = true (custom)
2019-08-21 14:06:28,205 [pool-494-thread-1] INFO  impl.RoleInfo (RoleInfo.java:updateAndGet(143)) - e9811297-a3ab-4214-978c-7ba6074934ad: start FollowerState
2019-08-21 14:06:28,206 [pool-472-thread-1] INFO  segmented.SegmentedRaftLogWorker (SegmentedRaftLogWorker.java:lambda$new$0(132)) - ff625bda-bd10-4290-9d5d-b2d4afbb6a9a-SegmentedRaftLogWorker:Storage Directory /workdir/hadoop-ozone/integration-test/target/test-dir/MiniOzoneClusterImpl-7ea47189-2199-496c-8461-08fb5daa32e9/datanode-3/data/ratis/9bd2788b-671c-45ef-bec3-5c01fb855558: flushIndex: setUnconditionally 0 -> -1
2019-08-21 14:06:28,206 [pool-494-thread-1] INFO  util.JmxRegister (JmxRegister.java:tryRegister(44)) - Successfully registered JMX Bean with object name Ratis:service=RaftServer,group=group-5C01FB855558,id=e9811297-a3ab-4214-978c-7ba6074934ad
2019-08-21 14:06:28,206 [pool-472-thread-1] INFO  server.RaftServerConfigKeys (ConfUtils.java:logGet(43)) - raft.server.snapshot.auto.trigger.enabled = true (custom)
2019-08-21 14:06:28,206 [pool-472-thread-1] INFO  server.RaftServerConfigKeys (ConfUtils.java:logGet(43)) - raft.server.snapshot.auto.trigger.threshold = 10000 (custom)
2019-08-21 14:06:28,207 [pool-472-thread-1] INFO  server.RaftServerConfigKeys (ConfUtils.java:logGet(43)) - raft.server.retrycache.expirytime = 600000ms (custom)
2019-08-21 14:06:28,207 [pool-472-thread-1] INFO  impl.RaftServerImpl (RaftServerImpl.java:start(180)) - ff625bda-bd10-4290-9d5d-b2d4afbb6a9a: start group-5C01FB855558
2019-08-21 14:06:28,207 [pool-472-thread-1] INFO  impl.RaftServerImpl (RaftServerImpl.java:setRole(171)) - ff625bda-bd10-4290-9d5d-b2d4afbb6a9a:group-5C01FB855558 changes role from null to FOLLOWER at term 0 for startAsFollower
2019-08-21 14:06:28,207 [pool-472-thread-1] INFO  impl.RoleInfo (RoleInfo.java:updateAndGet(143)) - ff625bda-bd10-4290-9d5d-b2d4afbb6a9a: start FollowerState
2019-08-21 14:06:28,207 [pool-472-thread-1] INFO  util.JmxRegister (JmxRegister.java:tryRegister(44)) - Successfully registered JMX Bean with object name Ratis:service=RaftServer,group=group-5C01FB855558,id=ff625bda-bd10-4290-9d5d-b2d4afbb6a9a
2019-08-21 14:06:28,209 [RatisPipelineUtilsThread] INFO  pipeline.PipelineStateManager (PipelineStateManager.java:addPipeline(56)) - Created pipeline Pipeline[ Id: 9bd2788b-671c-45ef-bec3-5c01fb855558, Nodes: ff625bda-bd10-4290-9d5d-b2d4afbb6a9a{ip: 192.168.5.153, host: pr-hdds-1999-4zsjs-3155158423, networkLocation: /default-rack, certSerialId: null}e9811297-a3ab-4214-978c-7ba6074934ad{ip: 192.168.5.153, host: pr-hdds-1999-4zsjs-3155158423, networkLocation: /default-rack, certSerialId: null}00fcee37-54ab-4c9e-9be2-8b052df77471{ip: 192.168.5.153, host: pr-hdds-1999-4zsjs-3155158423, networkLocation: /default-rack, certSerialId: null}, Type:RATIS, Factor:THREE, State:OPEN]
2019-08-21 14:06:28,228 [main] INFO  ozone.MiniOzoneClusterImpl (MiniOzoneClusterImpl.java:lambda$waitForClusterToBeReady$0(142)) - Waiting for cluster to be ready. Got 6 of 7 DN Heartbeats.
2019-08-21 14:06:28,230 [IPC Server handler 4 on 41610] INFO  net.NetworkTopology (NetworkTopologyImpl.java:add(110)) - Added a new node: /default-rack/171bb82a-885e-4b9c-ba33-fe6086da731b
2019-08-21 14:06:28,230 [IPC Server handler 4 on 41610] INFO  node.SCMNodeManager (SCMNodeManager.java:register(273)) - Registered Data node : 171bb82a-885e-4b9c-ba33-fe6086da731b{ip: 192.168.5.153, host: pr-hdds-1999-4zsjs-3155158423, networkLocation: /default-rack, certSerialId: null}
2019-08-21 14:06:28,231 | INFO  | SCMAudit | user=jenkins1000 | ip=192.168.5.153 | op=REGISTER {datanodeDetails=171bb82a-885e-4b9c-ba33-fe6086da731b{ip: 192.168.5.153, host: pr-hdds-1999-4zsjs-3155158423, networkLocation: /default-rack, certSerialId: null}} | ret=SUCCESS |  
2019-08-21 14:06:28,238 [grpc-default-executor-9] INFO  impl.RaftServerProxy (RaftServerProxy.java:addNew(89)) - 171bb82a-885e-4b9c-ba33-fe6086da731b: addNew group-FC3E19348A3B:[171bb82a-885e-4b9c-ba33-fe6086da731b:192.168.5.153:37799] returns group-FC3E19348A3B:java.util.concurrent.CompletableFuture@1bf0b8ff[Not completed]
2019-08-21 14:06:28,239 [pool-505-thread-1] INFO  impl.RaftServerImpl (RaftServerImpl.java:<init>(93)) - 171bb82a-885e-4b9c-ba33-fe6086da731b: new RaftServerImpl for group-FC3E19348A3B:[171bb82a-885e-4b9c-ba33-fe6086da731b:192.168.5.153:37799] with ContainerStateMachine:uninitialized
2019-08-21 14:06:28,239 [pool-505-thread-1] INFO  server.RaftServerConfigKeys (ConfUtils.java:logGet(43)) - raft.server.rpc.timeout.min = 5s (custom)
2019-08-21 14:06:28,239 [pool-505-thread-1] INFO  server.RaftServerConfigKeys (ConfUtils.java:logGet(43)) - raft.server.rpc.timeout.max = 5200ms (custom)
2019-08-21 14:06:28,239 [pool-505-thread-1] INFO  server.RaftServerConfigKeys (ConfUtils.java:logGet(43)) - raft.server.rpcslowness.timeout = 120s (custom)
2019-08-21 14:06:28,239 [pool-505-thread-1] INFO  server.RaftServerConfigKeys (ConfUtils.java:logGet(43)) - raft.server.sleep.deviation.threshold = 300 (default)
2019-08-21 14:06:28,239 [pool-505-thread-1] INFO  server.RaftServerConfigKeys (ConfUtils.java:logGet(43)) - raft.server.log.appender.install.snapshot.enabled = false (custom)
2019-08-21 14:06:28,239 [pool-505-thread-1] INFO  impl.RaftServerImpl (ServerState.java:<init>(105)) - 171bb82a-885e-4b9c-ba33-fe6086da731b:group-FC3E19348A3B ConfigurationManager, init=-1: [171bb82a-885e-4b9c-ba33-fe6086da731b:192.168.5.153:37799], old=null, confs=<EMPTY_MAP>
2019-08-21 14:06:28,240 [pool-505-thread-1] INFO  server.RaftServerConfigKeys (ConfUtils.java:logGet(43)) - raft.server.storage.dir = [/workdir/hadoop-ozone/integration-test/target/test-dir/MiniOzoneClusterImpl-7ea47189-2199-496c-8461-08fb5daa32e9/datanode-6/data/ratis] (custom)
2019-08-21 14:06:28,240 [pool-505-thread-1] INFO  storage.RaftStorageDirectory (RaftStorageDirectory.java:analyzeStorage(246)) - The storage directory /workdir/hadoop-ozone/integration-test/target/test-dir/MiniOzoneClusterImpl-7ea47189-2199-496c-8461-08fb5daa32e9/datanode-6/data/ratis/2433f2a8-d900-4126-bef7-fc3e19348a3b does not exist. Creating ...
2019-08-21 14:06:28,262 [pool-505-thread-1] INFO  storage.RaftStorageDirectory (RaftStorageDirectory.java:tryLock(328)) - Lock on /workdir/hadoop-ozone/integration-test/target/test-dir/MiniOzoneClusterImpl-7ea47189-2199-496c-8461-08fb5daa32e9/datanode-6/data/ratis/2433f2a8-d900-4126-bef7-fc3e19348a3b/in_use.lock acquired by nodename 29072@pr-hdds-1999-4zsjs-3155158423
2019-08-21 14:06:28,274 [pool-505-thread-1] INFO  storage.RaftStorage (RaftStorage.java:format(72)) - Storage directory /workdir/hadoop-ozone/integration-test/target/test-dir/MiniOzoneClusterImpl-7ea47189-2199-496c-8461-08fb5daa32e9/datanode-6/data/ratis/2433f2a8-d900-4126-bef7-fc3e19348a3b has been successfully formatted.
2019-08-21 14:06:28,275 [pool-505-thread-1] INFO  ratis.ContainerStateMachine (ContainerStateMachine.java:loadSnapshot(226)) - group-FC3E19348A3B: The snapshot info is null. Setting the last applied indexto:(t:0, i:~)
2019-08-21 14:06:28,275 [pool-505-thread-1] INFO  server.RaftServerConfigKeys (ConfUtils.java:logGet(43)) - raft.server.leader.election.timeout = 120s (custom)
2019-08-21 14:06:28,275 [pool-505-thread-1] INFO  server.RaftServerConfigKeys (ConfUtils.java:logGet(43)) - raft.server.log.use.memory = false (default)
2019-08-21 14:06:28,275 [pool-505-thread-1] INFO  server.RaftServerConfigKeys (ConfUtils.java:logGet(43)) - raft.server.log.purge.gap = 1000000 (custom)
2019-08-21 14:06:28,275 [pool-505-thread-1] INFO  server.RaftServerConfigKeys (ConfUtils.java:logGet(43)) - raft.server.log.appender.buffer.byte-limit = 33554432 (custom)
2019-08-21 14:06:28,276 [pool-505-thread-1] INFO  server.RaftServerConfigKeys (ConfUtils.java:logGet(43)) - raft.server.log.segment.size.max = 1048576 (custom)
2019-08-21 14:06:28,276 [pool-505-thread-1] INFO  server.RaftServerConfigKeys (ConfUtils.java:logGet(43)) - raft.server.log.segment.cache.num.max = 2 (custom)
2019-08-21 14:06:28,276 [pool-505-thread-1] INFO  segmented.SegmentedRaftLogWorker (SegmentedRaftLogWorker.java:<init>(172)) - new 171bb82a-885e-4b9c-ba33-fe6086da731b-SegmentedRaftLogWorker:Storage Directory /workdir/hadoop-ozone/integration-test/target/test-dir/MiniOzoneClusterImpl-7ea47189-2199-496c-8461-08fb5daa32e9/datanode-6/data/ratis/2433f2a8-d900-4126-bef7-fc3e19348a3b for RaftStorage:Storage Directory /workdir/hadoop-ozone/integration-test/target/test-dir/MiniOzoneClusterImpl-7ea47189-2199-496c-8461-08fb5daa32e9/datanode-6/data/ratis/2433f2a8-d900-4126-bef7-fc3e19348a3b
2019-08-21 14:06:28,276 [pool-505-thread-1] INFO  server.RaftServerConfigKeys (ConfUtils.java:logGet(43)) - raft.server.log.queue.byte-limit = 2147483647 (custom)
2019-08-21 14:06:28,276 [pool-505-thread-1] INFO  server.RaftServerConfigKeys (ConfUtils.java:logGet(43)) - raft.server.log.queue.element-limit = 1024 (custom)
2019-08-21 14:06:28,277 [pool-505-thread-1] INFO  server.RaftServerConfigKeys (ConfUtils.java:logGet(43)) - raft.server.log.segment.size.max = 1048576 (custom)
2019-08-21 14:06:28,277 [pool-505-thread-1] INFO  server.RaftServerConfigKeys (ConfUtils.java:logGet(43)) - raft.server.log.preallocated.size = 16384 (custom)
2019-08-21 14:06:28,277 [pool-505-thread-1] INFO  server.RaftServerConfigKeys (ConfUtils.java:logGet(43)) - raft.server.log.write.buffer.size = 33554432 (custom)
2019-08-21 14:06:28,277 [pool-505-thread-1] INFO  server.RaftServerConfigKeys (ConfUtils.java:logGet(43)) - raft.server.log.force.sync.num = 128 (default)
2019-08-21 14:06:28,277 [pool-505-thread-1] INFO  server.RaftServerConfigKeys (ConfUtils.java:logGet(43)) - raft.server.log.statemachine.data.sync = true (default)
2019-08-21 14:06:28,277 [pool-505-thread-1] INFO  server.RaftServerConfigKeys (ConfUtils.java:logGet(43)) - raft.server.log.statemachine.data.sync.timeout = 10s (default)
2019-08-21 14:06:28,278 [pool-505-thread-1] INFO  server.RaftServerConfigKeys (ConfUtils.java:logGet(43)) - raft.server.log.statemachine.data.sync.timeout.retry = -1 (default)
2019-08-21 14:06:28,278 [pool-505-thread-1] INFO  server.RaftServerConfigKeys (ConfUtils.java:logGet(43)) - raft.server.log.statemachine.data.caching.enabled = true (custom)
2019-08-21 14:06:28,278 [pool-505-thread-1] INFO  segmented.SegmentedRaftLogWorker (SegmentedRaftLogWorker.java:lambda$new$0(132)) - 171bb82a-885e-4b9c-ba33-fe6086da731b-SegmentedRaftLogWorker:Storage Directory /workdir/hadoop-ozone/integration-test/target/test-dir/MiniOzoneClusterImpl-7ea47189-2199-496c-8461-08fb5daa32e9/datanode-6/data/ratis/2433f2a8-d900-4126-bef7-fc3e19348a3b: flushIndex: setUnconditionally 0 -> -1
2019-08-21 14:06:28,279 [pool-505-thread-1] INFO  server.RaftServerConfigKeys (ConfUtils.java:logGet(43)) - raft.server.snapshot.auto.trigger.enabled = true (custom)
2019-08-21 14:06:28,279 [pool-505-thread-1] INFO  server.RaftServerConfigKeys (ConfUtils.java:logGet(43)) - raft.server.snapshot.auto.trigger.threshold = 10000 (custom)
2019-08-21 14:06:28,279 [pool-505-thread-1] INFO  server.RaftServerConfigKeys (ConfUtils.java:logGet(43)) - raft.server.retrycache.expirytime = 600000ms (custom)
2019-08-21 14:06:28,279 [pool-505-thread-1] INFO  impl.RaftServerImpl (RaftServerImpl.java:start(180)) - 171bb82a-885e-4b9c-ba33-fe6086da731b: start group-FC3E19348A3B
2019-08-21 14:06:28,279 [pool-505-thread-1] INFO  impl.RaftServerImpl (RaftServerImpl.java:setRole(171)) - 171bb82a-885e-4b9c-ba33-fe6086da731b:group-FC3E19348A3B changes role from null to FOLLOWER at term 0 for startAsFollower
2019-08-21 14:06:28,280 [pool-505-thread-1] INFO  impl.RoleInfo (RoleInfo.java:updateAndGet(143)) - 171bb82a-885e-4b9c-ba33-fe6086da731b: start FollowerState
2019-08-21 14:06:28,280 [pool-505-thread-1] INFO  util.JmxRegister (JmxRegister.java:tryRegister(44)) - Successfully registered JMX Bean with object name Ratis:service=RaftServer,group=group-FC3E19348A3B,id=171bb82a-885e-4b9c-ba33-fe6086da731b
2019-08-21 14:06:28,282 [RatisPipelineUtilsThread] INFO  pipeline.PipelineStateManager (PipelineStateManager.java:addPipeline(56)) - Created pipeline Pipeline[ Id: 2433f2a8-d900-4126-bef7-fc3e19348a3b, Nodes: 171bb82a-885e-4b9c-ba33-fe6086da731b{ip: 192.168.5.153, host: pr-hdds-1999-4zsjs-3155158423, networkLocation: /default-rack, certSerialId: null}, Type:RATIS, Factor:ONE, State:OPEN]
2019-08-21 14:06:29,033 | INFO  | SCMAudit | user=jenkins1000 | ip=192.168.5.153 | op=SEND_HEARTBEAT {datanodeUUID=836eae42-3b0d-43f5-9350-38cdf93fb6b1, command=[]} | ret=SUCCESS |  
2019-08-21 14:06:29,210 | INFO  | SCMAudit | user=jenkins1000 | ip=192.168.5.153 | op=SEND_HEARTBEAT {datanodeUUID=34e9b401-0a80-48b0-b439-106ab774064b, command=[]} | ret=SUCCESS |  
2019-08-21 14:06:29,229 [main] INFO  ozone.MiniOzoneClusterImpl (MiniOzoneClusterImpl.java:lambda$waitForClusterToBeReady$0(142)) - Cluster is ready. Got 7 of 7 DN Heartbeats.
2019-08-21 14:06:29,261 [main] INFO  rpc.RpcClient (RpcClient.java:createVolume(292)) - Creating Volume: testblockoutputstream, with jenkins1000 as owner.
2019-08-21 14:06:29,263 | INFO  | OMAudit | user=jenkins1000 | ip=127.0.0.1 | op=CREATE_VOLUME {admin=jenkins1000, owner=jenkins1000, volume=testblockoutputstream, creationTime=1566396389262, quotaInBytes=1152921504606846976} | ret=SUCCESS |  
2019-08-21 14:06:29,280 | INFO  | OMAudit | user=jenkins1000 | ip=127.0.0.1 | op=READ_VOLUME {volume=testblockoutputstream} | ret=SUCCESS |  
2019-08-21 14:06:29,281 [main] INFO  rpc.RpcClient (RpcClient.java:createBucket(431)) - Creating Bucket: testblockoutputstream/testblockoutputstream, with Versioning false and Storage Type set to DISK and Encryption set to false 
2019-08-21 14:06:29,285 | INFO  | OMAudit | user=jenkins1000 | ip=127.0.0.1 | op=CREATE_BUCKET {volume=testblockoutputstream, bucket=testblockoutputstream, acls=[user:jenkins1000:a[ACCESS], group:default:a[ACCESS]], isVersionEnabled=false, storageType=DISK, creationTime=0} | ret=SUCCESS |  
2019-08-21 14:06:29,287 | INFO  | OMAudit | user=jenkins1000 | ip=127.0.0.1 | op=READ_VOLUME {volume=testblockoutputstream} | ret=SUCCESS |  
2019-08-21 14:06:29,289 | INFO  | OMAudit | user=jenkins1000 | ip=127.0.0.1 | op=READ_BUCKET {volume=testblockoutputstream, bucket=testblockoutputstream} | ret=SUCCESS |  
2019-08-21 14:06:29,294 | INFO  | SCMAudit | user=jenkins1000 | ip=192.168.5.153 | op=ALLOCATE_BLOCK {owner=0c3ea84f-0bc5-4801-8f23-c56fc53a3c0d, size=800, type=RATIS, factor=THREE} | ret=SUCCESS |  
2019-08-21 14:06:29,297 | INFO  | OMAudit | user=jenkins1000 | ip=127.0.0.1 | op=ALLOCATE_KEY {volume=testblockoutputstream, bucket=testblockoutputstream, key=428f7d7c-b3b0-4944-b60d-9d77f211fd32, dataSize=0, replicationType=RATIS, replicationFactor=THREE, keyLocationInfo=null} | ret=SUCCESS |  
2019-08-21 14:06:29,317 [grpc-default-executor-9] INFO  client.GrpcClientProtocolClient (GrpcClientProtocolClient.java:onNext(255)) - client-3C8FFBF3EA90->44dd15f8-6ed7-4759-a927-399fb365e987: receive RaftClientReply:client-3C8FFBF3EA90->44dd15f8-6ed7-4759-a927-399fb365e987@group-AC3146FEDCD2, cid=175, FAILED org.apache.ratis.protocol.NotLeaderException: Server 44dd15f8-6ed7-4759-a927-399fb365e987 is not the leader (null). Request must be sent to leader., logIndex=0, commits[44dd15f8-6ed7-4759-a927-399fb365e987:c-1]
2019-08-21 14:06:29,499 | INFO  | SCMAudit | user=jenkins1000 | ip=192.168.5.153 | op=SEND_HEARTBEAT {datanodeUUID=44dd15f8-6ed7-4759-a927-399fb365e987, command=[]} | ret=SUCCESS |  
2019-08-21 14:06:29,730 | INFO  | SCMAudit | user=jenkins1000 | ip=192.168.5.153 | op=SEND_HEARTBEAT {datanodeUUID=ff625bda-bd10-4290-9d5d-b2d4afbb6a9a, command=[]} | ret=SUCCESS |  
2019-08-21 14:06:29,904 | INFO  | SCMAudit | user=jenkins1000 | ip=192.168.5.153 | op=SEND_HEARTBEAT {datanodeUUID=00fcee37-54ab-4c9e-9be2-8b052df77471, command=[]} | ret=SUCCESS |  
2019-08-21 14:06:30,033 | INFO  | SCMAudit | user=jenkins1000 | ip=192.168.5.153 | op=SEND_HEARTBEAT {datanodeUUID=836eae42-3b0d-43f5-9350-38cdf93fb6b1, command=[]} | ret=SUCCESS |  
2019-08-21 14:06:30,046 [Thread-3311] INFO  container.ReplicationManager (ReplicationManager.java:start(152)) - Starting Replication Monitor Thread.
2019-08-21 14:06:30,051 [ReplicationMonitor] INFO  container.ReplicationManager (ReplicationManager.java:run(215)) - Replication Monitor Thread took 1 milliseconds for processing 1 containers.
2019-08-21 14:06:30,067 | INFO  | SCMAudit | user=jenkins1000 | ip=192.168.5.153 | op=SEND_HEARTBEAT {datanodeUUID=e9811297-a3ab-4214-978c-7ba6074934ad, command=[]} | ret=SUCCESS |  
2019-08-21 14:06:30,211 | INFO  | SCMAudit | user=jenkins1000 | ip=192.168.5.153 | op=SEND_HEARTBEAT {datanodeUUID=34e9b401-0a80-48b0-b439-106ab774064b, command=[]} | ret=SUCCESS |  
2019-08-21 14:06:30,230 | INFO  | SCMAudit | user=jenkins1000 | ip=192.168.5.153 | op=SEND_HEARTBEAT {datanodeUUID=171bb82a-885e-4b9c-ba33-fe6086da731b, command=[]} | ret=SUCCESS |  
2019-08-21 14:06:30,330 [grpc-default-executor-9] INFO  client.GrpcClientProtocolClient (GrpcClientProtocolClient.java:onNext(255)) - client-3C8FFBF3EA90->34e9b401-0a80-48b0-b439-106ab774064b: receive RaftClientReply:client-3C8FFBF3EA90->34e9b401-0a80-48b0-b439-106ab774064b@group-AC3146FEDCD2, cid=175, FAILED org.apache.ratis.protocol.NotLeaderException: Server 34e9b401-0a80-48b0-b439-106ab774064b is not the leader (null). Request must be sent to leader., logIndex=0, commits[34e9b401-0a80-48b0-b439-106ab774064b:c-1]
2019-08-21 14:06:30,499 | INFO  | SCMAudit | user=jenkins1000 | ip=192.168.5.153 | op=SEND_HEARTBEAT {datanodeUUID=44dd15f8-6ed7-4759-a927-399fb365e987, command=[]} | ret=SUCCESS |  
2019-08-21 14:06:30,730 | INFO  | SCMAudit | user=jenkins1000 | ip=192.168.5.153 | op=SEND_HEARTBEAT {datanodeUUID=ff625bda-bd10-4290-9d5d-b2d4afbb6a9a, command=[]} | ret=SUCCESS |  
2019-08-21 14:06:30,904 | INFO  | SCMAudit | user=jenkins1000 | ip=192.168.5.153 | op=SEND_HEARTBEAT {datanodeUUID=00fcee37-54ab-4c9e-9be2-8b052df77471, command=[]} | ret=SUCCESS |  
2019-08-21 14:06:31,033 | INFO  | SCMAudit | user=jenkins1000 | ip=192.168.5.153 | op=SEND_HEARTBEAT {datanodeUUID=836eae42-3b0d-43f5-9350-38cdf93fb6b1, command=[]} | ret=SUCCESS |  
2019-08-21 14:06:31,067 | INFO  | SCMAudit | user=jenkins1000 | ip=192.168.5.153 | op=SEND_HEARTBEAT {datanodeUUID=e9811297-a3ab-4214-978c-7ba6074934ad, command=[]} | ret=SUCCESS |  
2019-08-21 14:06:31,211 | INFO  | SCMAudit | user=jenkins1000 | ip=192.168.5.153 | op=SEND_HEARTBEAT {datanodeUUID=34e9b401-0a80-48b0-b439-106ab774064b, command=[]} | ret=SUCCESS |  
2019-08-21 14:06:31,230 | INFO  | SCMAudit | user=jenkins1000 | ip=192.168.5.153 | op=SEND_HEARTBEAT {datanodeUUID=171bb82a-885e-4b9c-ba33-fe6086da731b, command=[]} | ret=SUCCESS |  
2019-08-21 14:06:31,351 [grpc-default-executor-9] INFO  client.GrpcClientProtocolClient (GrpcClientProtocolClient.java:onNext(255)) - client-3C8FFBF3EA90->836eae42-3b0d-43f5-9350-38cdf93fb6b1: receive RaftClientReply:client-3C8FFBF3EA90->836eae42-3b0d-43f5-9350-38cdf93fb6b1@group-AC3146FEDCD2, cid=175, FAILED org.apache.ratis.protocol.NotLeaderException: Server 836eae42-3b0d-43f5-9350-38cdf93fb6b1 is not the leader (null). Request must be sent to leader., logIndex=0, commits[836eae42-3b0d-43f5-9350-38cdf93fb6b1:c-1]
2019-08-21 14:06:31,499 | INFO  | SCMAudit | user=jenkins1000 | ip=192.168.5.153 | op=SEND_HEARTBEAT {datanodeUUID=44dd15f8-6ed7-4759-a927-399fb365e987, command=[]} | ret=SUCCESS |  
2019-08-21 14:06:31,730 | INFO  | SCMAudit | user=jenkins1000 | ip=192.168.5.153 | op=SEND_HEARTBEAT {datanodeUUID=ff625bda-bd10-4290-9d5d-b2d4afbb6a9a, command=[]} | ret=SUCCESS |  
2019-08-21 14:06:31,904 | INFO  | SCMAudit | user=jenkins1000 | ip=192.168.5.153 | op=SEND_HEARTBEAT {datanodeUUID=00fcee37-54ab-4c9e-9be2-8b052df77471, command=[]} | ret=SUCCESS |  
2019-08-21 14:06:32,033 | INFO  | SCMAudit | user=jenkins1000 | ip=192.168.5.153 | op=SEND_HEARTBEAT {datanodeUUID=836eae42-3b0d-43f5-9350-38cdf93fb6b1, command=[]} | ret=SUCCESS |  
2019-08-21 14:06:32,067 | INFO  | SCMAudit | user=jenkins1000 | ip=192.168.5.153 | op=SEND_HEARTBEAT {datanodeUUID=e9811297-a3ab-4214-978c-7ba6074934ad, command=[]} | ret=SUCCESS |  
2019-08-21 14:06:32,211 | INFO  | SCMAudit | user=jenkins1000 | ip=192.168.5.153 | op=SEND_HEARTBEAT {datanodeUUID=34e9b401-0a80-48b0-b439-106ab774064b, command=[]} | ret=SUCCESS |  
2019-08-21 14:06:32,230 | INFO  | SCMAudit | user=jenkins1000 | ip=192.168.5.153 | op=SEND_HEARTBEAT {datanodeUUID=171bb82a-885e-4b9c-ba33-fe6086da731b, command=[]} | ret=SUCCESS |  
2019-08-21 14:06:32,266 [Thread-3313] INFO  impl.FollowerState (FollowerState.java:run(106)) - 836eae42-3b0d-43f5-9350-38cdf93fb6b1:group-1CCB1D2324C4 changes to CANDIDATE, lastRpcTime:5155, electionTimeout:5155ms
2019-08-21 14:06:32,266 [Thread-3313] INFO  impl.RoleInfo (RoleInfo.java:shutdownFollowerState(121)) - 836eae42-3b0d-43f5-9350-38cdf93fb6b1: shutdown FollowerState
2019-08-21 14:06:32,266 [Thread-3313] INFO  impl.RaftServerImpl (RaftServerImpl.java:setRole(171)) - 836eae42-3b0d-43f5-9350-38cdf93fb6b1:group-1CCB1D2324C4 changes role from FOLLOWER to CANDIDATE at term 0 for changeToCandidate
2019-08-21 14:06:32,267 [Thread-3313] INFO  impl.RoleInfo (RoleInfo.java:updateAndGet(143)) - 836eae42-3b0d-43f5-9350-38cdf93fb6b1: start LeaderElection
2019-08-21 14:06:32,300 [836eae42-3b0d-43f5-9350-38cdf93fb6b1:group-1CCB1D2324C4:LeaderElection64] INFO  impl.LeaderElection (LeaderElection.java:askForVotes(181)) - 836eae42-3b0d-43f5-9350-38cdf93fb6b1:group-1CCB1D2324C4:LeaderElection64: begin an election at term 1 for -1: [836eae42-3b0d-43f5-9350-38cdf93fb6b1:192.168.5.153:41934], old=null
2019-08-21 14:06:32,300 [836eae42-3b0d-43f5-9350-38cdf93fb6b1:group-1CCB1D2324C4:LeaderElection64] INFO  impl.RoleInfo (RoleInfo.java:shutdownLeaderElection(134)) - 836eae42-3b0d-43f5-9350-38cdf93fb6b1: shutdown LeaderElection
2019-08-21 14:06:32,300 [836eae42-3b0d-43f5-9350-38cdf93fb6b1:group-1CCB1D2324C4:LeaderElection64] INFO  impl.RaftServerImpl (RaftServerImpl.java:setRole(171)) - 836eae42-3b0d-43f5-9350-38cdf93fb6b1:group-1CCB1D2324C4 changes role from CANDIDATE to LEADER at term 1 for changeToLeader
2019-08-21 14:06:32,300 [836eae42-3b0d-43f5-9350-38cdf93fb6b1:group-1CCB1D2324C4:LeaderElection64] INFO  impl.RaftServerImpl (ServerState.java:setLeader(263)) - 836eae42-3b0d-43f5-9350-38cdf93fb6b1:group-1CCB1D2324C4 change Leader from null to 836eae42-3b0d-43f5-9350-38cdf93fb6b1 at term 1 for becomeLeader, leader elected after 5194ms
2019-08-21 14:06:32,300 [836eae42-3b0d-43f5-9350-38cdf93fb6b1:group-1CCB1D2324C4:LeaderElection64] INFO  server.RaftServerConfigKeys (ConfUtils.java:logGet(43)) - raft.server.staging.catchup.gap = 1000 (default)
2019-08-21 14:06:32,301 [836eae42-3b0d-43f5-9350-38cdf93fb6b1:group-1CCB1D2324C4:LeaderElection64] INFO  server.RaftServerConfigKeys (ConfUtils.java:logGet(43)) - raft.server.rpc.sleep.time = 25ms (default)
2019-08-21 14:06:32,301 [836eae42-3b0d-43f5-9350-38cdf93fb6b1:group-1CCB1D2324C4:LeaderElection64] INFO  server.RaftServerConfigKeys (ConfUtils.java:logGet(43)) - raft.server.write.element-limit = 4096 (default)
2019-08-21 14:06:32,301 [836eae42-3b0d-43f5-9350-38cdf93fb6b1:group-1CCB1D2324C4:LeaderElection64] INFO  server.RaftServerConfigKeys (ConfUtils.java:logGet(43)) - raft.server.watch.timeout = 10s (default)
2019-08-21 14:06:32,301 [836eae42-3b0d-43f5-9350-38cdf93fb6b1:group-1CCB1D2324C4:LeaderElection64] INFO  server.RaftServerConfigKeys (ConfUtils.java:logGet(43)) - raft.server.watch.timeout.denomination = 1s (default)
2019-08-21 14:06:32,301 [836eae42-3b0d-43f5-9350-38cdf93fb6b1:group-1CCB1D2324C4:LeaderElection64] INFO  server.RaftServerConfigKeys (ConfUtils.java:logGet(43)) - raft.server.watch.element-limit = 65536 (default)
2019-08-21 14:06:32,302 [836eae42-3b0d-43f5-9350-38cdf93fb6b1:group-1CCB1D2324C4:LeaderElection64] INFO  impl.RoleInfo (RoleInfo.java:updateAndGet(143)) - 836eae42-3b0d-43f5-9350-38cdf93fb6b1: start LeaderState
2019-08-21 14:06:32,302 [836eae42-3b0d-43f5-9350-38cdf93fb6b1:group-1CCB1D2324C4:LeaderElection64] INFO  segmented.SegmentedRaftLogWorker (SegmentedRaftLogWorker.java:startLogSegment(380)) - 836eae42-3b0d-43f5-9350-38cdf93fb6b1-SegmentedRaftLogWorker:Storage Directory /workdir/hadoop-ozone/integration-test/target/test-dir/MiniOzoneClusterImpl-7ea47189-2199-496c-8461-08fb5daa32e9/datanode-0/data/ratis/42c5efd7-bcd7-4d96-8297-1ccb1d2324c4: Starting segment from index:0
2019-08-21 14:06:32,303 [836eae42-3b0d-43f5-9350-38cdf93fb6b1:group-1CCB1D2324C4:LeaderElection64] INFO  impl.RaftServerImpl (ServerState.java:setRaftConf(361)) - 836eae42-3b0d-43f5-9350-38cdf93fb6b1:group-1CCB1D2324C4 set configuration 0: [836eae42-3b0d-43f5-9350-38cdf93fb6b1:192.168.5.153:41934], old=null at 0
2019-08-21 14:06:32,359 [836eae42-3b0d-43f5-9350-38cdf93fb6b1-SegmentedRaftLogWorker:Storage Directory /workdir/hadoop-ozone/integration-test/target/test-dir/MiniOzoneClusterImpl-7ea47189-2199-496c-8461-08fb5daa32e9/datanode-0/data/ratis/42c5efd7-bcd7-4d96-8297-1ccb1d2324c4] INFO  segmented.SegmentedRaftLogWorker (SegmentedRaftLogWorker.java:execute(569)) - 836eae42-3b0d-43f5-9350-38cdf93fb6b1-SegmentedRaftLogWorker:Storage Directory /workdir/hadoop-ozone/integration-test/target/test-dir/MiniOzoneClusterImpl-7ea47189-2199-496c-8461-08fb5daa32e9/datanode-0/data/ratis/42c5efd7-bcd7-4d96-8297-1ccb1d2324c4: created new log segment /workdir/hadoop-ozone/integration-test/target/test-dir/MiniOzoneClusterImpl-7ea47189-2199-496c-8461-08fb5daa32e9/datanode-0/data/ratis/42c5efd7-bcd7-4d96-8297-1ccb1d2324c4/current/log_inprogress_0
2019-08-21 14:06:32,360 [grpc-default-executor-8] INFO  client.GrpcClientProtocolClient (GrpcClientProtocolClient.java:onNext(255)) - client-3C8FFBF3EA90->34e9b401-0a80-48b0-b439-106ab774064b: receive RaftClientReply:client-3C8FFBF3EA90->34e9b401-0a80-48b0-b439-106ab774064b@group-AC3146FEDCD2, cid=175, FAILED org.apache.ratis.protocol.NotLeaderException: Server 34e9b401-0a80-48b0-b439-106ab774064b is not the leader (null). Request must be sent to leader., logIndex=0, commits[34e9b401-0a80-48b0-b439-106ab774064b:c-1]
2019-08-21 14:06:32,373 [Thread-3316] INFO  impl.FollowerState (FollowerState.java:run(106)) - 34e9b401-0a80-48b0-b439-106ab774064b:group-175B969277C2 changes to CANDIDATE, lastRpcTime:5122, electionTimeout:5122ms
2019-08-21 14:06:32,374 [Thread-3316] INFO  impl.RoleInfo (RoleInfo.java:shutdownFollowerState(121)) - 34e9b401-0a80-48b0-b439-106ab774064b: shutdown FollowerState
2019-08-21 14:06:32,374 [Thread-3316] INFO  impl.RaftServerImpl (RaftServerImpl.java:setRole(171)) - 34e9b401-0a80-48b0-b439-106ab774064b:group-175B969277C2 changes role from FOLLOWER to CANDIDATE at term 0 for changeToCandidate
2019-08-21 14:06:32,374 [Thread-3316] INFO  impl.RoleInfo (RoleInfo.java:updateAndGet(143)) - 34e9b401-0a80-48b0-b439-106ab774064b: start LeaderElection
2019-08-21 14:06:32,392 [34e9b401-0a80-48b0-b439-106ab774064b:group-175B969277C2:LeaderElection65] INFO  impl.LeaderElection (LeaderElection.java:askForVotes(181)) - 34e9b401-0a80-48b0-b439-106ab774064b:group-175B969277C2:LeaderElection65: begin an election at term 1 for -1: [34e9b401-0a80-48b0-b439-106ab774064b:192.168.5.153:41483], old=null
2019-08-21 14:06:32,393 [34e9b401-0a80-48b0-b439-106ab774064b:group-175B969277C2:LeaderElection65] INFO  impl.RoleInfo (RoleInfo.java:shutdownLeaderElection(134)) - 34e9b401-0a80-48b0-b439-106ab774064b: shutdown LeaderElection
2019-08-21 14:06:32,393 [34e9b401-0a80-48b0-b439-106ab774064b:group-175B969277C2:LeaderElection65] INFO  impl.RaftServerImpl (RaftServerImpl.java:setRole(171)) - 34e9b401-0a80-48b0-b439-106ab774064b:group-175B969277C2 changes role from CANDIDATE to LEADER at term 1 for changeToLeader
2019-08-21 14:06:32,393 [34e9b401-0a80-48b0-b439-106ab774064b:group-175B969277C2:LeaderElection65] INFO  impl.RaftServerImpl (ServerState.java:setLeader(263)) - 34e9b401-0a80-48b0-b439-106ab774064b:group-175B969277C2 change Leader from null to 34e9b401-0a80-48b0-b439-106ab774064b at term 1 for becomeLeader, leader elected after 5145ms
2019-08-21 14:06:32,393 [34e9b401-0a80-48b0-b439-106ab774064b:group-175B969277C2:LeaderElection65] INFO  server.RaftServerConfigKeys (ConfUtils.java:logGet(43)) - raft.server.staging.catchup.gap = 1000 (default)
2019-08-21 14:06:32,393 [34e9b401-0a80-48b0-b439-106ab774064b:group-175B969277C2:LeaderElection65] INFO  server.RaftServerConfigKeys (ConfUtils.java:logGet(43)) - raft.server.rpc.sleep.time = 25ms (default)
2019-08-21 14:06:32,393 [34e9b401-0a80-48b0-b439-106ab774064b:group-175B969277C2:LeaderElection65] INFO  server.RaftServerConfigKeys (ConfUtils.java:logGet(43)) - raft.server.write.element-limit = 4096 (default)
2019-08-21 14:06:32,394 [34e9b401-0a80-48b0-b439-106ab774064b:group-175B969277C2:LeaderElection65] INFO  server.RaftServerConfigKeys (ConfUtils.java:logGet(43)) - raft.server.watch.timeout = 10s (default)
2019-08-21 14:06:32,394 [34e9b401-0a80-48b0-b439-106ab774064b:group-175B969277C2:LeaderElection65] INFO  server.RaftServerConfigKeys (ConfUtils.java:logGet(43)) - raft.server.watch.timeout.denomination = 1s (default)
2019-08-21 14:06:32,394 [34e9b401-0a80-48b0-b439-106ab774064b:group-175B969277C2:LeaderElection65] INFO  server.RaftServerConfigKeys (ConfUtils.java:logGet(43)) - raft.server.watch.element-limit = 65536 (default)
2019-08-21 14:06:32,394 [34e9b401-0a80-48b0-b439-106ab774064b:group-175B969277C2:LeaderElection65] INFO  impl.RoleInfo (RoleInfo.java:updateAndGet(143)) - 34e9b401-0a80-48b0-b439-106ab774064b: start LeaderState
2019-08-21 14:06:32,394 [34e9b401-0a80-48b0-b439-106ab774064b:group-175B969277C2:LeaderElection65] INFO  segmented.SegmentedRaftLogWorker (SegmentedRaftLogWorker.java:startLogSegment(380)) - 34e9b401-0a80-48b0-b439-106ab774064b-SegmentedRaftLogWorker:Storage Directory /workdir/hadoop-ozone/integration-test/target/test-dir/MiniOzoneClusterImpl-7ea47189-2199-496c-8461-08fb5daa32e9/datanode-1/data/ratis/5156a337-3be4-4ea5-ae8b-175b969277c2: Starting segment from index:0
2019-08-21 14:06:32,395 [34e9b401-0a80-48b0-b439-106ab774064b:group-175B969277C2:LeaderElection65] INFO  impl.RaftServerImpl (ServerState.java:setRaftConf(361)) - 34e9b401-0a80-48b0-b439-106ab774064b:group-175B969277C2 set configuration 0: [34e9b401-0a80-48b0-b439-106ab774064b:192.168.5.153:41483], old=null at 0
2019-08-21 14:06:32,447 [34e9b401-0a80-48b0-b439-106ab774064b-SegmentedRaftLogWorker:Storage Directory /workdir/hadoop-ozone/integration-test/target/test-dir/MiniOzoneClusterImpl-7ea47189-2199-496c-8461-08fb5daa32e9/datanode-1/data/ratis/5156a337-3be4-4ea5-ae8b-175b969277c2] INFO  segmented.SegmentedRaftLogWorker (SegmentedRaftLogWorker.java:execute(569)) - 34e9b401-0a80-48b0-b439-106ab774064b-SegmentedRaftLogWorker:Storage Directory /workdir/hadoop-ozone/integration-test/target/test-dir/MiniOzoneClusterImpl-7ea47189-2199-496c-8461-08fb5daa32e9/datanode-1/data/ratis/5156a337-3be4-4ea5-ae8b-175b969277c2: created new log segment /workdir/hadoop-ozone/integration-test/target/test-dir/MiniOzoneClusterImpl-7ea47189-2199-496c-8461-08fb5daa32e9/datanode-1/data/ratis/5156a337-3be4-4ea5-ae8b-175b969277c2/current/log_inprogress_0
2019-08-21 14:06:32,500 | INFO  | SCMAudit | user=jenkins1000 | ip=192.168.5.153 | op=SEND_HEARTBEAT {datanodeUUID=44dd15f8-6ed7-4759-a927-399fb365e987, command=[]} | ret=SUCCESS |  
2019-08-21 14:06:32,649 [Thread-3327] INFO  impl.FollowerState (FollowerState.java:run(106)) - 44dd15f8-6ed7-4759-a927-399fb365e987:group-AC3146FEDCD2 changes to CANDIDATE, lastRpcTime:5015, electionTimeout:5015ms
2019-08-21 14:06:32,649 [Thread-3327] INFO  impl.RoleInfo (RoleInfo.java:shutdownFollowerState(121)) - 44dd15f8-6ed7-4759-a927-399fb365e987: shutdown FollowerState
2019-08-21 14:06:32,650 [Thread-3327] INFO  impl.RaftServerImpl (RaftServerImpl.java:setRole(171)) - 44dd15f8-6ed7-4759-a927-399fb365e987:group-AC3146FEDCD2 changes role from FOLLOWER to CANDIDATE at term 0 for changeToCandidate
2019-08-21 14:06:32,650 [Thread-3327] INFO  impl.RoleInfo (RoleInfo.java:updateAndGet(143)) - 44dd15f8-6ed7-4759-a927-399fb365e987: start LeaderElection
2019-08-21 14:06:32,657 [Thread-3319] INFO  impl.FollowerState (FollowerState.java:run(106)) - 44dd15f8-6ed7-4759-a927-399fb365e987:group-71A265969054 changes to CANDIDATE, lastRpcTime:5103, electionTimeout:5103ms
2019-08-21 14:06:32,657 [Thread-3319] INFO  impl.RoleInfo (RoleInfo.java:shutdownFollowerState(121)) - 44dd15f8-6ed7-4759-a927-399fb365e987: shutdown FollowerState
2019-08-21 14:06:32,657 [Thread-3319] INFO  impl.RaftServerImpl (RaftServerImpl.java:setRole(171)) - 44dd15f8-6ed7-4759-a927-399fb365e987:group-71A265969054 changes role from FOLLOWER to CANDIDATE at term 0 for changeToCandidate
2019-08-21 14:06:32,657 [Thread-3319] INFO  impl.RoleInfo (RoleInfo.java:updateAndGet(143)) - 44dd15f8-6ed7-4759-a927-399fb365e987: start LeaderElection
2019-08-21 14:06:32,669 [44dd15f8-6ed7-4759-a927-399fb365e987:group-71A265969054:LeaderElection67] INFO  impl.LeaderElection (LeaderElection.java:askForVotes(181)) - 44dd15f8-6ed7-4759-a927-399fb365e987:group-71A265969054:LeaderElection67: begin an election at term 1 for -1: [44dd15f8-6ed7-4759-a927-399fb365e987:192.168.5.153:33977], old=null
2019-08-21 14:06:32,669 [44dd15f8-6ed7-4759-a927-399fb365e987:group-AC3146FEDCD2:LeaderElection66] INFO  impl.LeaderElection (LeaderElection.java:askForVotes(181)) - 44dd15f8-6ed7-4759-a927-399fb365e987:group-AC3146FEDCD2:LeaderElection66: begin an election at term 1 for -1: [44dd15f8-6ed7-4759-a927-399fb365e987:192.168.5.153:33977, 836eae42-3b0d-43f5-9350-38cdf93fb6b1:192.168.5.153:41934, 34e9b401-0a80-48b0-b439-106ab774064b:192.168.5.153:41483], old=null
2019-08-21 14:06:32,669 [44dd15f8-6ed7-4759-a927-399fb365e987:group-71A265969054:LeaderElection67] INFO  impl.RoleInfo (RoleInfo.java:shutdownLeaderElection(134)) - 44dd15f8-6ed7-4759-a927-399fb365e987: shutdown LeaderElection
2019-08-21 14:06:32,670 [44dd15f8-6ed7-4759-a927-399fb365e987:group-71A265969054:LeaderElection67] INFO  impl.RaftServerImpl (RaftServerImpl.java:setRole(171)) - 44dd15f8-6ed7-4759-a927-399fb365e987:group-71A265969054 changes role from CANDIDATE to LEADER at term 1 for changeToLeader
2019-08-21 14:06:32,670 [44dd15f8-6ed7-4759-a927-399fb365e987:group-71A265969054:LeaderElection67] INFO  impl.RaftServerImpl (ServerState.java:setLeader(263)) - 44dd15f8-6ed7-4759-a927-399fb365e987:group-71A265969054 change Leader from null to 44dd15f8-6ed7-4759-a927-399fb365e987 at term 1 for becomeLeader, leader elected after 5120ms
2019-08-21 14:06:32,670 [44dd15f8-6ed7-4759-a927-399fb365e987:group-71A265969054:LeaderElection67] INFO  server.RaftServerConfigKeys (ConfUtils.java:logGet(43)) - raft.server.staging.catchup.gap = 1000 (default)
2019-08-21 14:06:32,670 [44dd15f8-6ed7-4759-a927-399fb365e987:group-71A265969054:LeaderElection67] INFO  server.RaftServerConfigKeys (ConfUtils.java:logGet(43)) - raft.server.rpc.sleep.time = 25ms (default)
2019-08-21 14:06:32,670 [44dd15f8-6ed7-4759-a927-399fb365e987:group-71A265969054:LeaderElection67] INFO  server.RaftServerConfigKeys (ConfUtils.java:logGet(43)) - raft.server.write.element-limit = 4096 (default)
2019-08-21 14:06:32,670 [44dd15f8-6ed7-4759-a927-399fb365e987:group-71A265969054:LeaderElection67] INFO  server.RaftServerConfigKeys (ConfUtils.java:logGet(43)) - raft.server.watch.timeout = 10s (default)
2019-08-21 14:06:32,671 [44dd15f8-6ed7-4759-a927-399fb365e987:group-71A265969054:LeaderElection67] INFO  server.RaftServerConfigKeys (ConfUtils.java:logGet(43)) - raft.server.watch.timeout.denomination = 1s (default)
2019-08-21 14:06:32,671 [44dd15f8-6ed7-4759-a927-399fb365e987:group-71A265969054:LeaderElection67] INFO  server.RaftServerConfigKeys (ConfUtils.java:logGet(43)) - raft.server.watch.element-limit = 65536 (default)
2019-08-21 14:06:32,671 [44dd15f8-6ed7-4759-a927-399fb365e987:group-71A265969054:LeaderElection67] INFO  impl.RoleInfo (RoleInfo.java:updateAndGet(143)) - 44dd15f8-6ed7-4759-a927-399fb365e987: start LeaderState
2019-08-21 14:06:32,671 [44dd15f8-6ed7-4759-a927-399fb365e987:group-71A265969054:LeaderElection67] INFO  segmented.SegmentedRaftLogWorker (SegmentedRaftLogWorker.java:startLogSegment(380)) - 44dd15f8-6ed7-4759-a927-399fb365e987-SegmentedRaftLogWorker:Storage Directory /workdir/hadoop-ozone/integration-test/target/test-dir/MiniOzoneClusterImpl-7ea47189-2199-496c-8461-08fb5daa32e9/datanode-2/data/ratis/be320c65-6990-492e-9a95-71a265969054: Starting segment from index:0
2019-08-21 14:06:32,674 [44dd15f8-6ed7-4759-a927-399fb365e987:group-71A265969054:LeaderElection67] INFO  impl.RaftServerImpl (ServerState.java:setRaftConf(361)) - 44dd15f8-6ed7-4759-a927-399fb365e987:group-71A265969054 set configuration 0: [44dd15f8-6ed7-4759-a927-399fb365e987:192.168.5.153:33977], old=null at 0
2019-08-21 14:06:32,712 [Thread-3322] INFO  impl.FollowerState (FollowerState.java:run(106)) - 34e9b401-0a80-48b0-b439-106ab774064b:group-AC3146FEDCD2 changes to CANDIDATE, lastRpcTime:5104, electionTimeout:5102ms
2019-08-21 14:06:32,712 [Thread-3322] INFO  impl.RoleInfo (RoleInfo.java:shutdownFollowerState(121)) - 34e9b401-0a80-48b0-b439-106ab774064b: shutdown FollowerState
2019-08-21 14:06:32,712 [Thread-3322] INFO  impl.RaftServerImpl (RaftServerImpl.java:setRole(171)) - 34e9b401-0a80-48b0-b439-106ab774064b:group-AC3146FEDCD2 changes role from FOLLOWER to CANDIDATE at term 0 for changeToCandidate
2019-08-21 14:06:32,712 [Thread-3322] INFO  impl.RoleInfo (RoleInfo.java:updateAndGet(143)) - 34e9b401-0a80-48b0-b439-106ab774064b: start LeaderElection
2019-08-21 14:06:32,719 [grpc-default-executor-9] INFO  impl.RaftServerImpl (RaftServerImpl.java:setRole(171)) - 836eae42-3b0d-43f5-9350-38cdf93fb6b1:group-AC3146FEDCD2 changes role from FOLLOWER to FOLLOWER at term 1 for recognizeCandidate:44dd15f8-6ed7-4759-a927-399fb365e987
2019-08-21 14:06:32,719 [grpc-default-executor-9] INFO  impl.RoleInfo (RoleInfo.java:shutdownFollowerState(121)) - 836eae42-3b0d-43f5-9350-38cdf93fb6b1: shutdown FollowerState
2019-08-21 14:06:32,719 [grpc-default-executor-9] INFO  impl.RoleInfo (RoleInfo.java:updateAndGet(143)) - 836eae42-3b0d-43f5-9350-38cdf93fb6b1: start FollowerState
2019-08-21 14:06:32,719 [Thread-3326] INFO  impl.FollowerState (FollowerState.java:run(114)) - 836eae42-3b0d-43f5-9350-38cdf93fb6b1: FollowerState was interrupted: java.lang.InterruptedException: sleep interrupted
2019-08-21 14:06:32,725 [44dd15f8-6ed7-4759-a927-399fb365e987-SegmentedRaftLogWorker:Storage Directory /workdir/hadoop-ozone/integration-test/target/test-dir/MiniOzoneClusterImpl-7ea47189-2199-496c-8461-08fb5daa32e9/datanode-2/data/ratis/be320c65-6990-492e-9a95-71a265969054] INFO  segmented.SegmentedRaftLogWorker (SegmentedRaftLogWorker.java:execute(569)) - 44dd15f8-6ed7-4759-a927-399fb365e987-SegmentedRaftLogWorker:Storage Directory /workdir/hadoop-ozone/integration-test/target/test-dir/MiniOzoneClusterImpl-7ea47189-2199-496c-8461-08fb5daa32e9/datanode-2/data/ratis/be320c65-6990-492e-9a95-71a265969054: created new log segment /workdir/hadoop-ozone/integration-test/target/test-dir/MiniOzoneClusterImpl-7ea47189-2199-496c-8461-08fb5daa32e9/datanode-2/data/ratis/be320c65-6990-492e-9a95-71a265969054/current/log_inprogress_0
2019-08-21 14:06:32,725 [34e9b401-0a80-48b0-b439-106ab774064b:group-AC3146FEDCD2:LeaderElection68] INFO  impl.LeaderElection (LeaderElection.java:askForVotes(181)) - 34e9b401-0a80-48b0-b439-106ab774064b:group-AC3146FEDCD2:LeaderElection68: begin an election at term 1 for -1: [44dd15f8-6ed7-4759-a927-399fb365e987:192.168.5.153:33977, 836eae42-3b0d-43f5-9350-38cdf93fb6b1:192.168.5.153:41934, 34e9b401-0a80-48b0-b439-106ab774064b:192.168.5.153:41483], old=null
2019-08-21 14:06:32,726 [44dd15f8-6ed7-4759-a927-399fb365e987:group-AC3146FEDCD2:LeaderElection66] INFO  impl.LeaderElection (LeaderElection.java:logAndReturn(56)) - 44dd15f8-6ed7-4759-a927-399fb365e987:group-AC3146FEDCD2:LeaderElection66: Election PASSED; received 1 response(s) [44dd15f8-6ed7-4759-a927-399fb365e987<-836eae42-3b0d-43f5-9350-38cdf93fb6b1#0:OK-t1] and 0 exception(s); 44dd15f8-6ed7-4759-a927-399fb365e987:t1, leader=null, voted=44dd15f8-6ed7-4759-a927-399fb365e987, raftlog=44dd15f8-6ed7-4759-a927-399fb365e987-SegmentedRaftLog:OPENED:c-1,f-1,i0, conf=-1: [44dd15f8-6ed7-4759-a927-399fb365e987:192.168.5.153:33977, 836eae42-3b0d-43f5-9350-38cdf93fb6b1:192.168.5.153:41934, 34e9b401-0a80-48b0-b439-106ab774064b:192.168.5.153:41483], old=null
2019-08-21 14:06:32,726 [44dd15f8-6ed7-4759-a927-399fb365e987:group-AC3146FEDCD2:LeaderElection66] INFO  impl.RoleInfo (RoleInfo.java:shutdownLeaderElection(134)) - 44dd15f8-6ed7-4759-a927-399fb365e987: shutdown LeaderElection
2019-08-21 14:06:32,727 [44dd15f8-6ed7-4759-a927-399fb365e987:group-AC3146FEDCD2:LeaderElection66] INFO  impl.RaftServerImpl (RaftServerImpl.java:setRole(171)) - 44dd15f8-6ed7-4759-a927-399fb365e987:group-AC3146FEDCD2 changes role from CANDIDATE to LEADER at term 1 for changeToLeader
2019-08-21 14:06:32,727 [44dd15f8-6ed7-4759-a927-399fb365e987:group-AC3146FEDCD2:LeaderElection66] INFO  impl.RaftServerImpl (ServerState.java:setLeader(263)) - 44dd15f8-6ed7-4759-a927-399fb365e987:group-AC3146FEDCD2 change Leader from null to 44dd15f8-6ed7-4759-a927-399fb365e987 at term 1 for becomeLeader, leader elected after 5125ms
2019-08-21 14:06:32,727 [44dd15f8-6ed7-4759-a927-399fb365e987:group-AC3146FEDCD2:LeaderElection66] INFO  server.RaftServerConfigKeys (ConfUtils.java:logGet(43)) - raft.server.staging.catchup.gap = 1000 (default)
2019-08-21 14:06:32,727 [44dd15f8-6ed7-4759-a927-399fb365e987:group-AC3146FEDCD2:LeaderElection66] INFO  server.RaftServerConfigKeys (ConfUtils.java:logGet(43)) - raft.server.rpc.sleep.time = 25ms (default)
2019-08-21 14:06:32,727 [44dd15f8-6ed7-4759-a927-399fb365e987:group-AC3146FEDCD2:LeaderElection66] INFO  server.RaftServerConfigKeys (ConfUtils.java:logGet(43)) - raft.server.write.element-limit = 4096 (default)
2019-08-21 14:06:32,728 [44dd15f8-6ed7-4759-a927-399fb365e987:group-AC3146FEDCD2:LeaderElection66] INFO  server.RaftServerConfigKeys (ConfUtils.java:logGet(43)) - raft.server.watch.timeout = 10s (default)
2019-08-21 14:06:32,728 [44dd15f8-6ed7-4759-a927-399fb365e987:group-AC3146FEDCD2:LeaderElection66] INFO  server.RaftServerConfigKeys (ConfUtils.java:logGet(43)) - raft.server.watch.timeout.denomination = 1s (default)
2019-08-21 14:06:32,728 [44dd15f8-6ed7-4759-a927-399fb365e987:group-AC3146FEDCD2:LeaderElection66] INFO  server.RaftServerConfigKeys (ConfUtils.java:logGet(43)) - raft.server.watch.element-limit = 65536 (default)
2019-08-21 14:06:32,728 [44dd15f8-6ed7-4759-a927-399fb365e987:group-AC3146FEDCD2:LeaderElection66] INFO  server.RaftServerConfigKeys (ConfUtils.java:logGet(43)) - raft.server.log.appender.snapshot.chunk.size.max = 16MB (=16777216) (default)
2019-08-21 14:06:32,729 [44dd15f8-6ed7-4759-a927-399fb365e987:group-AC3146FEDCD2:LeaderElection66] INFO  server.RaftServerConfigKeys (ConfUtils.java:logGet(43)) - raft.server.log.appender.buffer.byte-limit = 33554432 (custom)
2019-08-21 14:06:32,729 [44dd15f8-6ed7-4759-a927-399fb365e987:group-AC3146FEDCD2:LeaderElection66] INFO  server.RaftServerConfigKeys (ConfUtils.java:logGet(43)) - raft.server.log.appender.buffer.element-limit = 1 (custom)
2019-08-21 14:06:32,729 [44dd15f8-6ed7-4759-a927-399fb365e987:group-AC3146FEDCD2:LeaderElection66] INFO  grpc.GrpcConfigKeys$Server (ConfUtils.java:logGet(43)) - raft.grpc.server.leader.outstanding.appends.max = 128 (default)
2019-08-21 14:06:32,730 [44dd15f8-6ed7-4759-a927-399fb365e987:group-AC3146FEDCD2:LeaderElection66] INFO  server.RaftServerConfigKeys (ConfUtils.java:logGet(43)) - raft.server.rpc.request.timeout = 3000ms (default)
2019-08-21 14:06:32,730 [44dd15f8-6ed7-4759-a927-399fb365e987:group-AC3146FEDCD2:LeaderElection66] INFO  server.RaftServerConfigKeys (ConfUtils.java:logGet(43)) - raft.server.log.appender.install.snapshot.enabled = false (custom)
2019-08-21 14:06:32,739 [44dd15f8-6ed7-4759-a927-399fb365e987:group-AC3146FEDCD2:LeaderElection66] INFO  server.RaftServerConfigKeys (ConfUtils.java:logGet(43)) - raft.server.log.appender.snapshot.chunk.size.max = 16MB (=16777216) (default)
2019-08-21 14:06:32,740 [44dd15f8-6ed7-4759-a927-399fb365e987:group-AC3146FEDCD2:LeaderElection66] INFO  server.RaftServerConfigKeys (ConfUtils.java:logGet(43)) - raft.server.log.appender.buffer.byte-limit = 33554432 (custom)
2019-08-21 14:06:32,740 | INFO  | SCMAudit | user=jenkins1000 | ip=192.168.5.153 | op=SEND_HEARTBEAT {datanodeUUID=ff625bda-bd10-4290-9d5d-b2d4afbb6a9a, command=[]} | ret=SUCCESS |  
2019-08-21 14:06:32,740 [44dd15f8-6ed7-4759-a927-399fb365e987:group-AC3146FEDCD2:LeaderElection66] INFO  server.RaftServerConfigKeys (ConfUtils.java:logGet(43)) - raft.server.log.appender.buffer.element-limit = 1 (custom)
2019-08-21 14:06:32,740 [44dd15f8-6ed7-4759-a927-399fb365e987:group-AC3146FEDCD2:LeaderElection66] INFO  grpc.GrpcConfigKeys$Server (ConfUtils.java:logGet(43)) - raft.grpc.server.leader.outstanding.appends.max = 128 (default)
2019-08-21 14:06:32,740 [44dd15f8-6ed7-4759-a927-399fb365e987:group-AC3146FEDCD2:LeaderElection66] INFO  server.RaftServerConfigKeys (ConfUtils.java:logGet(43)) - raft.server.rpc.request.timeout = 3000ms (default)
2019-08-21 14:06:32,740 [44dd15f8-6ed7-4759-a927-399fb365e987:group-AC3146FEDCD2:LeaderElection66] INFO  server.RaftServerConfigKeys (ConfUtils.java:logGet(43)) - raft.server.log.appender.install.snapshot.enabled = false (custom)
2019-08-21 14:06:32,741 [44dd15f8-6ed7-4759-a927-399fb365e987:group-AC3146FEDCD2:LeaderElection66] INFO  impl.RoleInfo (RoleInfo.java:updateAndGet(143)) - 44dd15f8-6ed7-4759-a927-399fb365e987: start LeaderState
2019-08-21 14:06:32,741 [44dd15f8-6ed7-4759-a927-399fb365e987:group-AC3146FEDCD2:LeaderElection66] INFO  segmented.SegmentedRaftLogWorker (SegmentedRaftLogWorker.java:startLogSegment(380)) - 44dd15f8-6ed7-4759-a927-399fb365e987-SegmentedRaftLogWorker:Storage Directory /workdir/hadoop-ozone/integration-test/target/test-dir/MiniOzoneClusterImpl-7ea47189-2199-496c-8461-08fb5daa32e9/datanode-2/data/ratis/01a628b8-15ec-4402-ba31-ac3146fedcd2: Starting segment from index:0
2019-08-21 14:06:32,778 [44dd15f8-6ed7-4759-a927-399fb365e987:group-AC3146FEDCD2:LeaderElection66] INFO  impl.RaftServerImpl (ServerState.java:setRaftConf(361)) - 44dd15f8-6ed7-4759-a927-399fb365e987:group-AC3146FEDCD2 set configuration 0: [44dd15f8-6ed7-4759-a927-399fb365e987:192.168.5.153:33977, 836eae42-3b0d-43f5-9350-38cdf93fb6b1:192.168.5.153:41934, 34e9b401-0a80-48b0-b439-106ab774064b:192.168.5.153:41483], old=null at 0
2019-08-21 14:06:32,778 [grpc-default-executor-9] INFO  impl.RaftServerImpl (RaftServerImpl.java:requestVote(754)) - 44dd15f8-6ed7-4759-a927-399fb365e987-LEADER: Withhold vote from candidate 34e9b401-0a80-48b0-b439-106ab774064b with term 1. State: leader=44dd15f8-6ed7-4759-a927-399fb365e987, term=1, lastRpcElapsed=null
2019-08-21 14:06:32,779 [grpc-default-executor-8] INFO  impl.RaftServerImpl (ServerState.java:setLeader(263)) - 836eae42-3b0d-43f5-9350-38cdf93fb6b1:group-AC3146FEDCD2 change Leader from null to 44dd15f8-6ed7-4759-a927-399fb365e987 at term 1 for appendEntries, leader elected after 5178ms
2019-08-21 14:06:32,782 [grpc-default-executor-8] INFO  impl.RaftServerImpl (RaftServerImpl.java:setRole(171)) - 34e9b401-0a80-48b0-b439-106ab774064b:group-AC3146FEDCD2 changes role from CANDIDATE to FOLLOWER at term 1 for appendEntries
2019-08-21 14:06:32,782 [34e9b401-0a80-48b0-b439-106ab774064b:group-AC3146FEDCD2:LeaderElection68] INFO  impl.LeaderElection (LeaderElection.java:logAndReturn(56)) - 34e9b401-0a80-48b0-b439-106ab774064b:group-AC3146FEDCD2:LeaderElection68: Election REJECTED; received 2 response(s) [34e9b401-0a80-48b0-b439-106ab774064b<-836eae42-3b0d-43f5-9350-38cdf93fb6b1#0:FAIL-t1, 34e9b401-0a80-48b0-b439-106ab774064b<-44dd15f8-6ed7-4759-a927-399fb365e987#0:FAIL-t1] and 0 exception(s); 34e9b401-0a80-48b0-b439-106ab774064b:t1, leader=null, voted=34e9b401-0a80-48b0-b439-106ab774064b, raftlog=34e9b401-0a80-48b0-b439-106ab774064b-SegmentedRaftLog:OPENED:c-1,f-1,i0, conf=-1: [44dd15f8-6ed7-4759-a927-399fb365e987:192.168.5.153:33977, 836eae42-3b0d-43f5-9350-38cdf93fb6b1:192.168.5.153:41934, 34e9b401-0a80-48b0-b439-106ab774064b:192.168.5.153:41483], old=null
2019-08-21 14:06:32,782 [grpc-default-executor-8] INFO  impl.RoleInfo (RoleInfo.java:shutdownLeaderElection(134)) - 34e9b401-0a80-48b0-b439-106ab774064b: shutdown LeaderElection
2019-08-21 14:06:32,783 [grpc-default-executor-8] INFO  impl.RoleInfo (RoleInfo.java:updateAndGet(143)) - 34e9b401-0a80-48b0-b439-106ab774064b: start FollowerState
2019-08-21 14:06:32,783 [grpc-default-executor-8] INFO  impl.RaftServerImpl (ServerState.java:setLeader(263)) - 34e9b401-0a80-48b0-b439-106ab774064b:group-AC3146FEDCD2 change Leader from null to 44dd15f8-6ed7-4759-a927-399fb365e987 at term 1 for appendEntries, leader elected after 5183ms
2019-08-21 14:06:32,784 [grpc-default-executor-8] INFO  impl.RaftServerImpl (ServerState.java:setRaftConf(361)) - 836eae42-3b0d-43f5-9350-38cdf93fb6b1:group-AC3146FEDCD2 set configuration 0: [44dd15f8-6ed7-4759-a927-399fb365e987:192.168.5.153:33977, 836eae42-3b0d-43f5-9350-38cdf93fb6b1:192.168.5.153:41934, 34e9b401-0a80-48b0-b439-106ab774064b:192.168.5.153:41483], old=null at 0
2019-08-21 14:06:32,785 [grpc-default-executor-8] INFO  segmented.SegmentedRaftLogWorker (SegmentedRaftLogWorker.java:startLogSegment(380)) - 836eae42-3b0d-43f5-9350-38cdf93fb6b1-SegmentedRaftLogWorker:Storage Directory /workdir/hadoop-ozone/integration-test/target/test-dir/MiniOzoneClusterImpl-7ea47189-2199-496c-8461-08fb5daa32e9/datanode-0/data/ratis/01a628b8-15ec-4402-ba31-ac3146fedcd2: Starting segment from index:0
2019-08-21 14:06:32,785 [grpc-default-executor-8] INFO  impl.RaftServerImpl (ServerState.java:setRaftConf(361)) - 34e9b401-0a80-48b0-b439-106ab774064b:group-AC3146FEDCD2 set configuration 0: [44dd15f8-6ed7-4759-a927-399fb365e987:192.168.5.153:33977, 836eae42-3b0d-43f5-9350-38cdf93fb6b1:192.168.5.153:41934, 34e9b401-0a80-48b0-b439-106ab774064b:192.168.5.153:41483], old=null at 0
2019-08-21 14:06:32,786 [grpc-default-executor-8] INFO  segmented.SegmentedRaftLogWorker (SegmentedRaftLogWorker.java:startLogSegment(380)) - 34e9b401-0a80-48b0-b439-106ab774064b-SegmentedRaftLogWorker:Storage Directory /workdir/hadoop-ozone/integration-test/target/test-dir/MiniOzoneClusterImpl-7ea47189-2199-496c-8461-08fb5daa32e9/datanode-1/data/ratis/01a628b8-15ec-4402-ba31-ac3146fedcd2: Starting segment from index:0
2019-08-21 14:06:32,790 [44dd15f8-6ed7-4759-a927-399fb365e987-SegmentedRaftLogWorker:Storage Directory /workdir/hadoop-ozone/integration-test/target/test-dir/MiniOzoneClusterImpl-7ea47189-2199-496c-8461-08fb5daa32e9/datanode-2/data/ratis/01a628b8-15ec-4402-ba31-ac3146fedcd2] INFO  segmented.SegmentedRaftLogWorker (SegmentedRaftLogWorker.java:execute(569)) - 44dd15f8-6ed7-4759-a927-399fb365e987-SegmentedRaftLogWorker:Storage Directory /workdir/hadoop-ozone/integration-test/target/test-dir/MiniOzoneClusterImpl-7ea47189-2199-496c-8461-08fb5daa32e9/datanode-2/data/ratis/01a628b8-15ec-4402-ba31-ac3146fedcd2: created new log segment /workdir/hadoop-ozone/integration-test/target/test-dir/MiniOzoneClusterImpl-7ea47189-2199-496c-8461-08fb5daa32e9/datanode-2/data/ratis/01a628b8-15ec-4402-ba31-ac3146fedcd2/current/log_inprogress_0
2019-08-21 14:06:32,827 [836eae42-3b0d-43f5-9350-38cdf93fb6b1-SegmentedRaftLogWorker:Storage Directory /workdir/hadoop-ozone/integration-test/target/test-dir/MiniOzoneClusterImpl-7ea47189-2199-496c-8461-08fb5daa32e9/datanode-0/data/ratis/01a628b8-15ec-4402-ba31-ac3146fedcd2] INFO  segmented.SegmentedRaftLogWorker (SegmentedRaftLogWorker.java:execute(569)) - 836eae42-3b0d-43f5-9350-38cdf93fb6b1-SegmentedRaftLogWorker:Storage Directory /workdir/hadoop-ozone/integration-test/target/test-dir/MiniOzoneClusterImpl-7ea47189-2199-496c-8461-08fb5daa32e9/datanode-0/data/ratis/01a628b8-15ec-4402-ba31-ac3146fedcd2: created new log segment /workdir/hadoop-ozone/integration-test/target/test-dir/MiniOzoneClusterImpl-7ea47189-2199-496c-8461-08fb5daa32e9/datanode-0/data/ratis/01a628b8-15ec-4402-ba31-ac3146fedcd2/current/log_inprogress_0
2019-08-21 14:06:32,827 [34e9b401-0a80-48b0-b439-106ab774064b-SegmentedRaftLogWorker:Storage Directory /workdir/hadoop-ozone/integration-test/target/test-dir/MiniOzoneClusterImpl-7ea47189-2199-496c-8461-08fb5daa32e9/datanode-1/data/ratis/01a628b8-15ec-4402-ba31-ac3146fedcd2] INFO  segmented.SegmentedRaftLogWorker (SegmentedRaftLogWorker.java:execute(569)) - 34e9b401-0a80-48b0-b439-106ab774064b-SegmentedRaftLogWorker:Storage Directory /workdir/hadoop-ozone/integration-test/target/test-dir/MiniOzoneClusterImpl-7ea47189-2199-496c-8461-08fb5daa32e9/datanode-1/data/ratis/01a628b8-15ec-4402-ba31-ac3146fedcd2: created new log segment /workdir/hadoop-ozone/integration-test/target/test-dir/MiniOzoneClusterImpl-7ea47189-2199-496c-8461-08fb5daa32e9/datanode-1/data/ratis/01a628b8-15ec-4402-ba31-ac3146fedcd2/current/log_inprogress_0
2019-08-21 14:06:32,888 [Thread-3331] INFO  impl.FollowerState (FollowerState.java:run(106)) - ff625bda-bd10-4290-9d5d-b2d4afbb6a9a:group-6A78A84BB37D changes to CANDIDATE, lastRpcTime:5104, electionTimeout:5104ms
2019-08-21 14:06:32,888 [Thread-3331] INFO  impl.RoleInfo (RoleInfo.java:shutdownFollowerState(121)) - ff625bda-bd10-4290-9d5d-b2d4afbb6a9a: shutdown FollowerState
2019-08-21 14:06:32,888 [Thread-3331] INFO  impl.RaftServerImpl (RaftServerImpl.java:setRole(171)) - ff625bda-bd10-4290-9d5d-b2d4afbb6a9a:group-6A78A84BB37D changes role from FOLLOWER to CANDIDATE at term 0 for changeToCandidate
2019-08-21 14:06:32,888 [Thread-3331] INFO  impl.RoleInfo (RoleInfo.java:updateAndGet(143)) - ff625bda-bd10-4290-9d5d-b2d4afbb6a9a: start LeaderElection
2019-08-21 14:06:32,904 | INFO  | SCMAudit | user=jenkins1000 | ip=192.168.5.153 | op=SEND_HEARTBEAT {datanodeUUID=00fcee37-54ab-4c9e-9be2-8b052df77471, command=[]} | ret=SUCCESS |  
2019-08-21 14:06:32,908 [ff625bda-bd10-4290-9d5d-b2d4afbb6a9a:group-6A78A84BB37D:LeaderElection69] INFO  impl.LeaderElection (LeaderElection.java:askForVotes(181)) - ff625bda-bd10-4290-9d5d-b2d4afbb6a9a:group-6A78A84BB37D:LeaderElection69: begin an election at term 1 for -1: [ff625bda-bd10-4290-9d5d-b2d4afbb6a9a:192.168.5.153:46213], old=null
2019-08-21 14:06:32,908 [ff625bda-bd10-4290-9d5d-b2d4afbb6a9a:group-6A78A84BB37D:LeaderElection69] INFO  impl.RoleInfo (RoleInfo.java:shutdownLeaderElection(134)) - ff625bda-bd10-4290-9d5d-b2d4afbb6a9a: shutdown LeaderElection
2019-08-21 14:06:32,908 [ff625bda-bd10-4290-9d5d-b2d4afbb6a9a:group-6A78A84BB37D:LeaderElection69] INFO  impl.RaftServerImpl (RaftServerImpl.java:setRole(171)) - ff625bda-bd10-4290-9d5d-b2d4afbb6a9a:group-6A78A84BB37D changes role from CANDIDATE to LEADER at term 1 for changeToLeader
2019-08-21 14:06:32,908 [ff625bda-bd10-4290-9d5d-b2d4afbb6a9a:group-6A78A84BB37D:LeaderElection69] INFO  impl.RaftServerImpl (ServerState.java:setLeader(263)) - ff625bda-bd10-4290-9d5d-b2d4afbb6a9a:group-6A78A84BB37D change Leader from null to ff625bda-bd10-4290-9d5d-b2d4afbb6a9a at term 1 for becomeLeader, leader elected after 5129ms
2019-08-21 14:06:32,908 [ff625bda-bd10-4290-9d5d-b2d4afbb6a9a:group-6A78A84BB37D:LeaderElection69] INFO  server.RaftServerConfigKeys (ConfUtils.java:logGet(43)) - raft.server.staging.catchup.gap = 1000 (default)
2019-08-21 14:06:32,909 [ff625bda-bd10-4290-9d5d-b2d4afbb6a9a:group-6A78A84BB37D:LeaderElection69] INFO  server.RaftServerConfigKeys (ConfUtils.java:logGet(43)) - raft.server.rpc.sleep.time = 25ms (default)
2019-08-21 14:06:32,909 [ff625bda-bd10-4290-9d5d-b2d4afbb6a9a:group-6A78A84BB37D:LeaderElection69] INFO  server.RaftServerConfigKeys (ConfUtils.java:logGet(43)) - raft.server.write.element-limit = 4096 (default)
2019-08-21 14:06:32,909 [ff625bda-bd10-4290-9d5d-b2d4afbb6a9a:group-6A78A84BB37D:LeaderElection69] INFO  server.RaftServerConfigKeys (ConfUtils.java:logGet(43)) - raft.server.watch.timeout = 10s (default)
2019-08-21 14:06:32,909 [ff625bda-bd10-4290-9d5d-b2d4afbb6a9a:group-6A78A84BB37D:LeaderElection69] INFO  server.RaftServerConfigKeys (ConfUtils.java:logGet(43)) - raft.server.watch.timeout.denomination = 1s (default)
2019-08-21 14:06:32,909 [ff625bda-bd10-4290-9d5d-b2d4afbb6a9a:group-6A78A84BB37D:LeaderElection69] INFO  server.RaftServerConfigKeys (ConfUtils.java:logGet(43)) - raft.server.watch.element-limit = 65536 (default)
2019-08-21 14:06:32,910 [ff625bda-bd10-4290-9d5d-b2d4afbb6a9a:group-6A78A84BB37D:LeaderElection69] INFO  impl.RoleInfo (RoleInfo.java:updateAndGet(143)) - ff625bda-bd10-4290-9d5d-b2d4afbb6a9a: start LeaderState
2019-08-21 14:06:32,910 [ff625bda-bd10-4290-9d5d-b2d4afbb6a9a:group-6A78A84BB37D:LeaderElection69] INFO  segmented.SegmentedRaftLogWorker (SegmentedRaftLogWorker.java:startLogSegment(380)) - ff625bda-bd10-4290-9d5d-b2d4afbb6a9a-SegmentedRaftLogWorker:Storage Directory /workdir/hadoop-ozone/integration-test/target/test-dir/MiniOzoneClusterImpl-7ea47189-2199-496c-8461-08fb5daa32e9/datanode-3/data/ratis/b6e06e3c-d654-4abd-99ae-6a78a84bb37d: Starting segment from index:0
2019-08-21 14:06:32,910 [ff625bda-bd10-4290-9d5d-b2d4afbb6a9a:group-6A78A84BB37D:LeaderElection69] INFO  impl.RaftServerImpl (ServerState.java:setRaftConf(361)) - ff625bda-bd10-4290-9d5d-b2d4afbb6a9a:group-6A78A84BB37D set configuration 0: [ff625bda-bd10-4290-9d5d-b2d4afbb6a9a:192.168.5.153:46213], old=null at 0
2019-08-21 14:06:32,966 [ff625bda-bd10-4290-9d5d-b2d4afbb6a9a-SegmentedRaftLogWorker:Storage Directory /workdir/hadoop-ozone/integration-test/target/test-dir/MiniOzoneClusterImpl-7ea47189-2199-496c-8461-08fb5daa32e9/datanode-3/data/ratis/b6e06e3c-d654-4abd-99ae-6a78a84bb37d] INFO  segmented.SegmentedRaftLogWorker (SegmentedRaftLogWorker.java:execute(569)) - ff625bda-bd10-4290-9d5d-b2d4afbb6a9a-SegmentedRaftLogWorker:Storage Directory /workdir/hadoop-ozone/integration-test/target/test-dir/MiniOzoneClusterImpl-7ea47189-2199-496c-8461-08fb5daa32e9/datanode-3/data/ratis/b6e06e3c-d654-4abd-99ae-6a78a84bb37d: created new log segment /workdir/hadoop-ozone/integration-test/target/test-dir/MiniOzoneClusterImpl-7ea47189-2199-496c-8461-08fb5daa32e9/datanode-3/data/ratis/b6e06e3c-d654-4abd-99ae-6a78a84bb37d/current/log_inprogress_0
2019-08-21 14:06:32,994 [Thread-3334] INFO  impl.FollowerState (FollowerState.java:run(106)) - 00fcee37-54ab-4c9e-9be2-8b052df77471:group-06971E3F7C67 changes to CANDIDATE, lastRpcTime:5037, electionTimeout:5037ms
2019-08-21 14:06:32,994 [Thread-3334] INFO  impl.RoleInfo (RoleInfo.java:shutdownFollowerState(121)) - 00fcee37-54ab-4c9e-9be2-8b052df77471: shutdown FollowerState
2019-08-21 14:06:32,994 [Thread-3334] INFO  impl.RaftServerImpl (RaftServerImpl.java:setRole(171)) - 00fcee37-54ab-4c9e-9be2-8b052df77471:group-06971E3F7C67 changes role from FOLLOWER to CANDIDATE at term 0 for changeToCandidate
2019-08-21 14:06:32,994 [Thread-3334] INFO  impl.RoleInfo (RoleInfo.java:updateAndGet(143)) - 00fcee37-54ab-4c9e-9be2-8b052df77471: start LeaderElection
2019-08-21 14:06:33,012 [00fcee37-54ab-4c9e-9be2-8b052df77471:group-06971E3F7C67:LeaderElection70] INFO  impl.LeaderElection (LeaderElection.java:askForVotes(181)) - 00fcee37-54ab-4c9e-9be2-8b052df77471:group-06971E3F7C67:LeaderElection70: begin an election at term 1 for -1: [00fcee37-54ab-4c9e-9be2-8b052df77471:192.168.5.153:42774], old=null
2019-08-21 14:06:33,012 [00fcee37-54ab-4c9e-9be2-8b052df77471:group-06971E3F7C67:LeaderElection70] INFO  impl.RoleInfo (RoleInfo.java:shutdownLeaderElection(134)) - 00fcee37-54ab-4c9e-9be2-8b052df77471: shutdown LeaderElection
2019-08-21 14:06:33,012 [00fcee37-54ab-4c9e-9be2-8b052df77471:group-06971E3F7C67:LeaderElection70] INFO  impl.RaftServerImpl (RaftServerImpl.java:setRole(171)) - 00fcee37-54ab-4c9e-9be2-8b052df77471:group-06971E3F7C67 changes role from CANDIDATE to LEADER at term 1 for changeToLeader
2019-08-21 14:06:33,013 [00fcee37-54ab-4c9e-9be2-8b052df77471:group-06971E3F7C67:LeaderElection70] INFO  impl.RaftServerImpl (ServerState.java:setLeader(263)) - 00fcee37-54ab-4c9e-9be2-8b052df77471:group-06971E3F7C67 change Leader from null to 00fcee37-54ab-4c9e-9be2-8b052df77471 at term 1 for becomeLeader, leader elected after 5061ms
2019-08-21 14:06:33,013 [00fcee37-54ab-4c9e-9be2-8b052df77471:group-06971E3F7C67:LeaderElection70] INFO  server.RaftServerConfigKeys (ConfUtils.java:logGet(43)) - raft.server.staging.catchup.gap = 1000 (default)
2019-08-21 14:06:33,013 [00fcee37-54ab-4c9e-9be2-8b052df77471:group-06971E3F7C67:LeaderElection70] INFO  server.RaftServerConfigKeys (ConfUtils.java:logGet(43)) - raft.server.rpc.sleep.time = 25ms (default)
2019-08-21 14:06:33,013 [00fcee37-54ab-4c9e-9be2-8b052df77471:group-06971E3F7C67:LeaderElection70] INFO  server.RaftServerConfigKeys (ConfUtils.java:logGet(43)) - raft.server.write.element-limit = 4096 (default)
2019-08-21 14:06:33,013 [00fcee37-54ab-4c9e-9be2-8b052df77471:group-06971E3F7C67:LeaderElection70] INFO  server.RaftServerConfigKeys (ConfUtils.java:logGet(43)) - raft.server.watch.timeout = 10s (default)
2019-08-21 14:06:33,013 [00fcee37-54ab-4c9e-9be2-8b052df77471:group-06971E3F7C67:LeaderElection70] INFO  server.RaftServerConfigKeys (ConfUtils.java:logGet(43)) - raft.server.watch.timeout.denomination = 1s (default)
2019-08-21 14:06:33,014 [00fcee37-54ab-4c9e-9be2-8b052df77471:group-06971E3F7C67:LeaderElection70] INFO  server.RaftServerConfigKeys (ConfUtils.java:logGet(43)) - raft.server.watch.element-limit = 65536 (default)
2019-08-21 14:06:33,014 [00fcee37-54ab-4c9e-9be2-8b052df77471:group-06971E3F7C67:LeaderElection70] INFO  impl.RoleInfo (RoleInfo.java:updateAndGet(143)) - 00fcee37-54ab-4c9e-9be2-8b052df77471: start LeaderState
2019-08-21 14:06:33,014 [00fcee37-54ab-4c9e-9be2-8b052df77471:group-06971E3F7C67:LeaderElection70] INFO  segmented.SegmentedRaftLogWorker (SegmentedRaftLogWorker.java:startLogSegment(380)) - 00fcee37-54ab-4c9e-9be2-8b052df77471-SegmentedRaftLogWorker:Storage Directory /workdir/hadoop-ozone/integration-test/target/test-dir/MiniOzoneClusterImpl-7ea47189-2199-496c-8461-08fb5daa32e9/datanode-4/data/ratis/cbb845f6-b4c7-4c9a-8fd6-06971e3f7c67: Starting segment from index:0
2019-08-21 14:06:33,015 [00fcee37-54ab-4c9e-9be2-8b052df77471:group-06971E3F7C67:LeaderElection70] INFO  impl.RaftServerImpl (ServerState.java:setRaftConf(361)) - 00fcee37-54ab-4c9e-9be2-8b052df77471:group-06971E3F7C67 set configuration 0: [00fcee37-54ab-4c9e-9be2-8b052df77471:192.168.5.153:42774], old=null at 0
2019-08-21 14:06:33,059 | INFO  | SCMAudit | user=jenkins1000 | ip=192.168.5.153 | op=SEND_HEARTBEAT {datanodeUUID=836eae42-3b0d-43f5-9350-38cdf93fb6b1, command=[]} | ret=SUCCESS |  
2019-08-21 14:06:33,067 | INFO  | SCMAudit | user=jenkins1000 | ip=192.168.5.153 | op=SEND_HEARTBEAT {datanodeUUID=e9811297-a3ab-4214-978c-7ba6074934ad, command=[]} | ret=SUCCESS |  
2019-08-21 14:06:33,070 [00fcee37-54ab-4c9e-9be2-8b052df77471-SegmentedRaftLogWorker:Storage Directory /workdir/hadoop-ozone/integration-test/target/test-dir/MiniOzoneClusterImpl-7ea47189-2199-496c-8461-08fb5daa32e9/datanode-4/data/ratis/cbb845f6-b4c7-4c9a-8fd6-06971e3f7c67] INFO  segmented.SegmentedRaftLogWorker (SegmentedRaftLogWorker.java:execute(569)) - 00fcee37-54ab-4c9e-9be2-8b052df77471-SegmentedRaftLogWorker:Storage Directory /workdir/hadoop-ozone/integration-test/target/test-dir/MiniOzoneClusterImpl-7ea47189-2199-496c-8461-08fb5daa32e9/datanode-4/data/ratis/cbb845f6-b4c7-4c9a-8fd6-06971e3f7c67: created new log segment /workdir/hadoop-ozone/integration-test/target/test-dir/MiniOzoneClusterImpl-7ea47189-2199-496c-8461-08fb5daa32e9/datanode-4/data/ratis/cbb845f6-b4c7-4c9a-8fd6-06971e3f7c67/current/log_inprogress_0
2019-08-21 14:06:33,211 | INFO  | SCMAudit | user=jenkins1000 | ip=192.168.5.153 | op=SEND_HEARTBEAT {datanodeUUID=34e9b401-0a80-48b0-b439-106ab774064b, command=[]} | ret=SUCCESS |  
2019-08-21 14:06:33,215 [Thread-3337] INFO  impl.FollowerState (FollowerState.java:run(106)) - e9811297-a3ab-4214-978c-7ba6074934ad:group-CBED5A2888C8 changes to CANDIDATE, lastRpcTime:5106, electionTimeout:5106ms
2019-08-21 14:06:33,215 [Thread-3337] INFO  impl.RoleInfo (RoleInfo.java:shutdownFollowerState(121)) - e9811297-a3ab-4214-978c-7ba6074934ad: shutdown FollowerState
2019-08-21 14:06:33,215 [Thread-3337] INFO  impl.RaftServerImpl (RaftServerImpl.java:setRole(171)) - e9811297-a3ab-4214-978c-7ba6074934ad:group-CBED5A2888C8 changes role from FOLLOWER to CANDIDATE at term 0 for changeToCandidate
2019-08-21 14:06:33,215 [Thread-3337] INFO  impl.RoleInfo (RoleInfo.java:updateAndGet(143)) - e9811297-a3ab-4214-978c-7ba6074934ad: start LeaderElection
2019-08-21 14:06:33,230 | INFO  | SCMAudit | user=jenkins1000 | ip=192.168.5.153 | op=SEND_HEARTBEAT {datanodeUUID=171bb82a-885e-4b9c-ba33-fe6086da731b, command=[]} | ret=SUCCESS |  
2019-08-21 14:06:33,246 [e9811297-a3ab-4214-978c-7ba6074934ad:group-CBED5A2888C8:LeaderElection71] INFO  impl.LeaderElection (LeaderElection.java:askForVotes(181)) - e9811297-a3ab-4214-978c-7ba6074934ad:group-CBED5A2888C8:LeaderElection71: begin an election at term 1 for -1: [e9811297-a3ab-4214-978c-7ba6074934ad:192.168.5.153:45003], old=null
2019-08-21 14:06:33,246 [e9811297-a3ab-4214-978c-7ba6074934ad:group-CBED5A2888C8:LeaderElection71] INFO  impl.RoleInfo (RoleInfo.java:shutdownLeaderElection(134)) - e9811297-a3ab-4214-978c-7ba6074934ad: shutdown LeaderElection
2019-08-21 14:06:33,246 [e9811297-a3ab-4214-978c-7ba6074934ad:group-CBED5A2888C8:LeaderElection71] INFO  impl.RaftServerImpl (RaftServerImpl.java:setRole(171)) - e9811297-a3ab-4214-978c-7ba6074934ad:group-CBED5A2888C8 changes role from CANDIDATE to LEADER at term 1 for changeToLeader
2019-08-21 14:06:33,246 [e9811297-a3ab-4214-978c-7ba6074934ad:group-CBED5A2888C8:LeaderElection71] INFO  impl.RaftServerImpl (ServerState.java:setLeader(263)) - e9811297-a3ab-4214-978c-7ba6074934ad:group-CBED5A2888C8 change Leader from null to e9811297-a3ab-4214-978c-7ba6074934ad at term 1 for becomeLeader, leader elected after 5142ms
2019-08-21 14:06:33,246 [e9811297-a3ab-4214-978c-7ba6074934ad:group-CBED5A2888C8:LeaderElection71] INFO  server.RaftServerConfigKeys (ConfUtils.java:logGet(43)) - raft.server.staging.catchup.gap = 1000 (default)
2019-08-21 14:06:33,247 [e9811297-a3ab-4214-978c-7ba6074934ad:group-CBED5A2888C8:LeaderElection71] INFO  server.RaftServerConfigKeys (ConfUtils.java:logGet(43)) - raft.server.rpc.sleep.time = 25ms (default)
2019-08-21 14:06:33,247 [e9811297-a3ab-4214-978c-7ba6074934ad:group-CBED5A2888C8:LeaderElection71] INFO  server.RaftServerConfigKeys (ConfUtils.java:logGet(43)) - raft.server.write.element-limit = 4096 (default)
2019-08-21 14:06:33,247 [e9811297-a3ab-4214-978c-7ba6074934ad:group-CBED5A2888C8:LeaderElection71] INFO  server.RaftServerConfigKeys (ConfUtils.java:logGet(43)) - raft.server.watch.timeout = 10s (default)
2019-08-21 14:06:33,247 [e9811297-a3ab-4214-978c-7ba6074934ad:group-CBED5A2888C8:LeaderElection71] INFO  server.RaftServerConfigKeys (ConfUtils.java:logGet(43)) - raft.server.watch.timeout.denomination = 1s (default)
2019-08-21 14:06:33,247 [e9811297-a3ab-4214-978c-7ba6074934ad:group-CBED5A2888C8:LeaderElection71] INFO  server.RaftServerConfigKeys (ConfUtils.java:logGet(43)) - raft.server.watch.element-limit = 65536 (default)
2019-08-21 14:06:33,248 [e9811297-a3ab-4214-978c-7ba6074934ad:group-CBED5A2888C8:LeaderElection71] INFO  impl.RoleInfo (RoleInfo.java:updateAndGet(143)) - e9811297-a3ab-4214-978c-7ba6074934ad: start LeaderState
2019-08-21 14:06:33,248 [e9811297-a3ab-4214-978c-7ba6074934ad:group-CBED5A2888C8:LeaderElection71] INFO  segmented.SegmentedRaftLogWorker (SegmentedRaftLogWorker.java:startLogSegment(380)) - e9811297-a3ab-4214-978c-7ba6074934ad-SegmentedRaftLogWorker:Storage Directory /workdir/hadoop-ozone/integration-test/target/test-dir/MiniOzoneClusterImpl-7ea47189-2199-496c-8461-08fb5daa32e9/datanode-5/data/ratis/1e58b00e-b5a0-4877-998c-cbed5a2888c8: Starting segment from index:0
2019-08-21 14:06:33,248 [e9811297-a3ab-4214-978c-7ba6074934ad:group-CBED5A2888C8:LeaderElection71] INFO  impl.RaftServerImpl (ServerState.java:setRaftConf(361)) - e9811297-a3ab-4214-978c-7ba6074934ad:group-CBED5A2888C8 set configuration 0: [e9811297-a3ab-4214-978c-7ba6074934ad:192.168.5.153:45003], old=null at 0
2019-08-21 14:06:33,290 [Thread-3346] INFO  impl.FollowerState (FollowerState.java:run(106)) - ff625bda-bd10-4290-9d5d-b2d4afbb6a9a:group-5C01FB855558 changes to CANDIDATE, lastRpcTime:5082, electionTimeout:5045ms
2019-08-21 14:06:33,290 [Thread-3346] INFO  impl.RoleInfo (RoleInfo.java:shutdownFollowerState(121)) - ff625bda-bd10-4290-9d5d-b2d4afbb6a9a: shutdown FollowerState
2019-08-21 14:06:33,290 [Thread-3346] INFO  impl.RaftServerImpl (RaftServerImpl.java:setRole(171)) - ff625bda-bd10-4290-9d5d-b2d4afbb6a9a:group-5C01FB855558 changes role from FOLLOWER to CANDIDATE at term 0 for changeToCandidate
2019-08-21 14:06:33,290 [Thread-3346] INFO  impl.RoleInfo (RoleInfo.java:updateAndGet(143)) - ff625bda-bd10-4290-9d5d-b2d4afbb6a9a: start LeaderElection
2019-08-21 14:06:33,302 [e9811297-a3ab-4214-978c-7ba6074934ad-SegmentedRaftLogWorker:Storage Directory /workdir/hadoop-ozone/integration-test/target/test-dir/MiniOzoneClusterImpl-7ea47189-2199-496c-8461-08fb5daa32e9/datanode-5/data/ratis/1e58b00e-b5a0-4877-998c-cbed5a2888c8] INFO  segmented.SegmentedRaftLogWorker (SegmentedRaftLogWorker.java:execute(569)) - e9811297-a3ab-4214-978c-7ba6074934ad-SegmentedRaftLogWorker:Storage Directory /workdir/hadoop-ozone/integration-test/target/test-dir/MiniOzoneClusterImpl-7ea47189-2199-496c-8461-08fb5daa32e9/datanode-5/data/ratis/1e58b00e-b5a0-4877-998c-cbed5a2888c8: created new log segment /workdir/hadoop-ozone/integration-test/target/test-dir/MiniOzoneClusterImpl-7ea47189-2199-496c-8461-08fb5daa32e9/datanode-5/data/ratis/1e58b00e-b5a0-4877-998c-cbed5a2888c8/current/log_inprogress_0
2019-08-21 14:06:33,302 [ff625bda-bd10-4290-9d5d-b2d4afbb6a9a:group-5C01FB855558:LeaderElection72] INFO  impl.LeaderElection (LeaderElection.java:askForVotes(181)) - ff625bda-bd10-4290-9d5d-b2d4afbb6a9a:group-5C01FB855558:LeaderElection72: begin an election at term 1 for -1: [ff625bda-bd10-4290-9d5d-b2d4afbb6a9a:192.168.5.153:46213, 00fcee37-54ab-4c9e-9be2-8b052df77471:192.168.5.153:42774, e9811297-a3ab-4214-978c-7ba6074934ad:192.168.5.153:45003], old=null
2019-08-21 14:06:33,307 [grpc-default-executor-8] INFO  impl.RaftServerImpl (RaftServerImpl.java:setRole(171)) - 00fcee37-54ab-4c9e-9be2-8b052df77471:group-5C01FB855558 changes role from FOLLOWER to FOLLOWER at term 1 for recognizeCandidate:ff625bda-bd10-4290-9d5d-b2d4afbb6a9a
2019-08-21 14:06:33,307 [grpc-default-executor-8] INFO  impl.RoleInfo (RoleInfo.java:shutdownFollowerState(121)) - 00fcee37-54ab-4c9e-9be2-8b052df77471: shutdown FollowerState
2019-08-21 14:06:33,307 [grpc-default-executor-9] INFO  impl.RaftServerImpl (RaftServerImpl.java:setRole(171)) - e9811297-a3ab-4214-978c-7ba6074934ad:group-5C01FB855558 changes role from FOLLOWER to FOLLOWER at term 1 for recognizeCandidate:ff625bda-bd10-4290-9d5d-b2d4afbb6a9a
2019-08-21 14:06:33,308 [Thread-3340] INFO  impl.FollowerState (FollowerState.java:run(114)) - 00fcee37-54ab-4c9e-9be2-8b052df77471: FollowerState was interrupted: java.lang.InterruptedException: sleep interrupted
2019-08-21 14:06:33,308 [grpc-default-executor-8] INFO  impl.RoleInfo (RoleInfo.java:updateAndGet(143)) - 00fcee37-54ab-4c9e-9be2-8b052df77471: start FollowerState
2019-08-21 14:06:33,308 [grpc-default-executor-9] INFO  impl.RoleInfo (RoleInfo.java:shutdownFollowerState(121)) - e9811297-a3ab-4214-978c-7ba6074934ad: shutdown FollowerState
2019-08-21 14:06:33,311 [grpc-default-executor-9] INFO  impl.RoleInfo (RoleInfo.java:updateAndGet(143)) - e9811297-a3ab-4214-978c-7ba6074934ad: start FollowerState
2019-08-21 14:06:33,311 [Thread-3343] INFO  impl.FollowerState (FollowerState.java:run(114)) - e9811297-a3ab-4214-978c-7ba6074934ad: FollowerState was interrupted: java.lang.InterruptedException: sleep interrupted
2019-08-21 14:06:33,328 [ff625bda-bd10-4290-9d5d-b2d4afbb6a9a:group-5C01FB855558:LeaderElection72] INFO  impl.LeaderElection (LeaderElection.java:logAndReturn(56)) - ff625bda-bd10-4290-9d5d-b2d4afbb6a9a:group-5C01FB855558:LeaderElection72: Election PASSED; received 1 response(s) [ff625bda-bd10-4290-9d5d-b2d4afbb6a9a<-00fcee37-54ab-4c9e-9be2-8b052df77471#0:OK-t1] and 0 exception(s); ff625bda-bd10-4290-9d5d-b2d4afbb6a9a:t1, leader=null, voted=ff625bda-bd10-4290-9d5d-b2d4afbb6a9a, raftlog=ff625bda-bd10-4290-9d5d-b2d4afbb6a9a-SegmentedRaftLog:OPENED:c-1,f-1,i0, conf=-1: [ff625bda-bd10-4290-9d5d-b2d4afbb6a9a:192.168.5.153:46213, 00fcee37-54ab-4c9e-9be2-8b052df77471:192.168.5.153:42774, e9811297-a3ab-4214-978c-7ba6074934ad:192.168.5.153:45003], old=null
2019-08-21 14:06:33,328 [ff625bda-bd10-4290-9d5d-b2d4afbb6a9a:group-5C01FB855558:LeaderElection72] INFO  impl.RoleInfo (RoleInfo.java:shutdownLeaderElection(134)) - ff625bda-bd10-4290-9d5d-b2d4afbb6a9a: shutdown LeaderElection
2019-08-21 14:06:33,328 [ff625bda-bd10-4290-9d5d-b2d4afbb6a9a:group-5C01FB855558:LeaderElection72] INFO  impl.RaftServerImpl (RaftServerImpl.java:setRole(171)) - ff625bda-bd10-4290-9d5d-b2d4afbb6a9a:group-5C01FB855558 changes role from CANDIDATE to LEADER at term 1 for changeToLeader
2019-08-21 14:06:33,329 [ff625bda-bd10-4290-9d5d-b2d4afbb6a9a:group-5C01FB855558:LeaderElection72] INFO  impl.RaftServerImpl (ServerState.java:setLeader(263)) - ff625bda-bd10-4290-9d5d-b2d4afbb6a9a:group-5C01FB855558 change Leader from null to ff625bda-bd10-4290-9d5d-b2d4afbb6a9a at term 1 for becomeLeader, leader elected after 5132ms
2019-08-21 14:06:33,329 [ff625bda-bd10-4290-9d5d-b2d4afbb6a9a:group-5C01FB855558:LeaderElection72] INFO  server.RaftServerConfigKeys (ConfUtils.java:logGet(43)) - raft.server.staging.catchup.gap = 1000 (default)
2019-08-21 14:06:33,329 [ff625bda-bd10-4290-9d5d-b2d4afbb6a9a:group-5C01FB855558:LeaderElection72] INFO  server.RaftServerConfigKeys (ConfUtils.java:logGet(43)) - raft.server.rpc.sleep.time = 25ms (default)
2019-08-21 14:06:33,329 [ff625bda-bd10-4290-9d5d-b2d4afbb6a9a:group-5C01FB855558:LeaderElection72] INFO  server.RaftServerConfigKeys (ConfUtils.java:logGet(43)) - raft.server.write.element-limit = 4096 (default)
2019-08-21 14:06:33,329 [ff625bda-bd10-4290-9d5d-b2d4afbb6a9a:group-5C01FB855558:LeaderElection72] INFO  server.RaftServerConfigKeys (ConfUtils.java:logGet(43)) - raft.server.watch.timeout = 10s (default)
2019-08-21 14:06:33,329 [ff625bda-bd10-4290-9d5d-b2d4afbb6a9a:group-5C01FB855558:LeaderElection72] INFO  server.RaftServerConfigKeys (ConfUtils.java:logGet(43)) - raft.server.watch.timeout.denomination = 1s (default)
2019-08-21 14:06:33,330 [ff625bda-bd10-4290-9d5d-b2d4afbb6a9a:group-5C01FB855558:LeaderElection72] INFO  server.RaftServerConfigKeys (ConfUtils.java:logGet(43)) - raft.server.watch.element-limit = 65536 (default)
2019-08-21 14:06:33,330 [ff625bda-bd10-4290-9d5d-b2d4afbb6a9a:group-5C01FB855558:LeaderElection72] INFO  server.RaftServerConfigKeys (ConfUtils.java:logGet(43)) - raft.server.log.appender.snapshot.chunk.size.max = 16MB (=16777216) (default)
2019-08-21 14:06:33,330 [ff625bda-bd10-4290-9d5d-b2d4afbb6a9a:group-5C01FB855558:LeaderElection72] INFO  server.RaftServerConfigKeys (ConfUtils.java:logGet(43)) - raft.server.log.appender.buffer.byte-limit = 33554432 (custom)
2019-08-21 14:06:33,330 [ff625bda-bd10-4290-9d5d-b2d4afbb6a9a:group-5C01FB855558:LeaderElection72] INFO  server.RaftServerConfigKeys (ConfUtils.java:logGet(43)) - raft.server.log.appender.buffer.element-limit = 1 (custom)
2019-08-21 14:06:33,331 [ff625bda-bd10-4290-9d5d-b2d4afbb6a9a:group-5C01FB855558:LeaderElection72] INFO  grpc.GrpcConfigKeys$Server (ConfUtils.java:logGet(43)) - raft.grpc.server.leader.outstanding.appends.max = 128 (default)
2019-08-21 14:06:33,331 [ff625bda-bd10-4290-9d5d-b2d4afbb6a9a:group-5C01FB855558:LeaderElection72] INFO  server.RaftServerConfigKeys (ConfUtils.java:logGet(43)) - raft.server.rpc.request.timeout = 3000ms (default)
2019-08-21 14:06:33,331 [ff625bda-bd10-4290-9d5d-b2d4afbb6a9a:group-5C01FB855558:LeaderElection72] INFO  server.RaftServerConfigKeys (ConfUtils.java:logGet(43)) - raft.server.log.appender.install.snapshot.enabled = false (custom)
2019-08-21 14:06:33,331 [ff625bda-bd10-4290-9d5d-b2d4afbb6a9a:group-5C01FB855558:LeaderElection72] INFO  server.RaftServerConfigKeys (ConfUtils.java:logGet(43)) - raft.server.log.appender.snapshot.chunk.size.max = 16MB (=16777216) (default)
2019-08-21 14:06:33,331 [ff625bda-bd10-4290-9d5d-b2d4afbb6a9a:group-5C01FB855558:LeaderElection72] INFO  server.RaftServerConfigKeys (ConfUtils.java:logGet(43)) - raft.server.log.appender.buffer.byte-limit = 33554432 (custom)
2019-08-21 14:06:33,332 [ff625bda-bd10-4290-9d5d-b2d4afbb6a9a:group-5C01FB855558:LeaderElection72] INFO  server.RaftServerConfigKeys (ConfUtils.java:logGet(43)) - raft.server.log.appender.buffer.element-limit = 1 (custom)
2019-08-21 14:06:33,332 [ff625bda-bd10-4290-9d5d-b2d4afbb6a9a:group-5C01FB855558:LeaderElection72] INFO  grpc.GrpcConfigKeys$Server (ConfUtils.java:logGet(43)) - raft.grpc.server.leader.outstanding.appends.max = 128 (default)
2019-08-21 14:06:33,332 [ff625bda-bd10-4290-9d5d-b2d4afbb6a9a:group-5C01FB855558:LeaderElection72] INFO  server.RaftServerConfigKeys (ConfUtils.java:logGet(43)) - raft.server.rpc.request.timeout = 3000ms (default)
2019-08-21 14:06:33,332 [ff625bda-bd10-4290-9d5d-b2d4afbb6a9a:group-5C01FB855558:LeaderElection72] INFO  server.RaftServerConfigKeys (ConfUtils.java:logGet(43)) - raft.server.log.appender.install.snapshot.enabled = false (custom)
2019-08-21 14:06:33,333 [ff625bda-bd10-4290-9d5d-b2d4afbb6a9a:group-5C01FB855558:LeaderElection72] INFO  impl.RoleInfo (RoleInfo.java:updateAndGet(143)) - ff625bda-bd10-4290-9d5d-b2d4afbb6a9a: start LeaderState
2019-08-21 14:06:33,333 [ff625bda-bd10-4290-9d5d-b2d4afbb6a9a:group-5C01FB855558:LeaderElection72] INFO  segmented.SegmentedRaftLogWorker (SegmentedRaftLogWorker.java:startLogSegment(380)) - ff625bda-bd10-4290-9d5d-b2d4afbb6a9a-SegmentedRaftLogWorker:Storage Directory /workdir/hadoop-ozone/integration-test/target/test-dir/MiniOzoneClusterImpl-7ea47189-2199-496c-8461-08fb5daa32e9/datanode-3/data/ratis/9bd2788b-671c-45ef-bec3-5c01fb855558: Starting segment from index:0
2019-08-21 14:06:33,334 [ff625bda-bd10-4290-9d5d-b2d4afbb6a9a:group-5C01FB855558:LeaderElection72] INFO  impl.RaftServerImpl (ServerState.java:setRaftConf(361)) - ff625bda-bd10-4290-9d5d-b2d4afbb6a9a:group-5C01FB855558 set configuration 0: [ff625bda-bd10-4290-9d5d-b2d4afbb6a9a:192.168.5.153:46213, 00fcee37-54ab-4c9e-9be2-8b052df77471:192.168.5.153:42774, e9811297-a3ab-4214-978c-7ba6074934ad:192.168.5.153:45003], old=null at 0
2019-08-21 14:06:33,377 [grpc-default-executor-9] INFO  impl.RaftServerImpl (ServerState.java:setLeader(263)) - 00fcee37-54ab-4c9e-9be2-8b052df77471:group-5C01FB855558 change Leader from null to ff625bda-bd10-4290-9d5d-b2d4afbb6a9a at term 1 for appendEntries, leader elected after 5181ms
2019-08-21 14:06:33,379 [grpc-default-executor-10] INFO  impl.RaftServerImpl (ServerState.java:setLeader(263)) - e9811297-a3ab-4214-978c-7ba6074934ad:group-5C01FB855558 change Leader from null to ff625bda-bd10-4290-9d5d-b2d4afbb6a9a at term 1 for appendEntries, leader elected after 5183ms
2019-08-21 14:06:33,385 [ff625bda-bd10-4290-9d5d-b2d4afbb6a9a-SegmentedRaftLogWorker:Storage Directory /workdir/hadoop-ozone/integration-test/target/test-dir/MiniOzoneClusterImpl-7ea47189-2199-496c-8461-08fb5daa32e9/datanode-3/data/ratis/9bd2788b-671c-45ef-bec3-5c01fb855558] INFO  segmented.SegmentedRaftLogWorker (SegmentedRaftLogWorker.java:execute(569)) - ff625bda-bd10-4290-9d5d-b2d4afbb6a9a-SegmentedRaftLogWorker:Storage Directory /workdir/hadoop-ozone/integration-test/target/test-dir/MiniOzoneClusterImpl-7ea47189-2199-496c-8461-08fb5daa32e9/datanode-3/data/ratis/9bd2788b-671c-45ef-bec3-5c01fb855558: created new log segment /workdir/hadoop-ozone/integration-test/target/test-dir/MiniOzoneClusterImpl-7ea47189-2199-496c-8461-08fb5daa32e9/datanode-3/data/ratis/9bd2788b-671c-45ef-bec3-5c01fb855558/current/log_inprogress_0
2019-08-21 14:06:33,385 [grpc-default-executor-10] INFO  impl.RaftServerImpl (ServerState.java:setRaftConf(361)) - 00fcee37-54ab-4c9e-9be2-8b052df77471:group-5C01FB855558 set configuration 0: [ff625bda-bd10-4290-9d5d-b2d4afbb6a9a:192.168.5.153:46213, 00fcee37-54ab-4c9e-9be2-8b052df77471:192.168.5.153:42774, e9811297-a3ab-4214-978c-7ba6074934ad:192.168.5.153:45003], old=null at 0
2019-08-21 14:06:33,386 [grpc-default-executor-10] INFO  segmented.SegmentedRaftLogWorker (SegmentedRaftLogWorker.java:startLogSegment(380)) - 00fcee37-54ab-4c9e-9be2-8b052df77471-SegmentedRaftLogWorker:Storage Directory /workdir/hadoop-ozone/integration-test/target/test-dir/MiniOzoneClusterImpl-7ea47189-2199-496c-8461-08fb5daa32e9/datanode-4/data/ratis/9bd2788b-671c-45ef-bec3-5c01fb855558: Starting segment from index:0
2019-08-21 14:06:33,388 [grpc-default-executor-8] INFO  impl.RaftServerImpl (ServerState.java:setRaftConf(361)) - e9811297-a3ab-4214-978c-7ba6074934ad:group-5C01FB855558 set configuration 0: [ff625bda-bd10-4290-9d5d-b2d4afbb6a9a:192.168.5.153:46213, 00fcee37-54ab-4c9e-9be2-8b052df77471:192.168.5.153:42774, e9811297-a3ab-4214-978c-7ba6074934ad:192.168.5.153:45003], old=null at 0
2019-08-21 14:06:33,389 [grpc-default-executor-8] INFO  segmented.SegmentedRaftLogWorker (SegmentedRaftLogWorker.java:startLogSegment(380)) - e9811297-a3ab-4214-978c-7ba6074934ad-SegmentedRaftLogWorker:Storage Directory /workdir/hadoop-ozone/integration-test/target/test-dir/MiniOzoneClusterImpl-7ea47189-2199-496c-8461-08fb5daa32e9/datanode-5/data/ratis/9bd2788b-671c-45ef-bec3-5c01fb855558: Starting segment from index:0
2019-08-21 14:06:33,454 [e9811297-a3ab-4214-978c-7ba6074934ad-SegmentedRaftLogWorker:Storage Directory /workdir/hadoop-ozone/integration-test/target/test-dir/MiniOzoneClusterImpl-7ea47189-2199-496c-8461-08fb5daa32e9/datanode-5/data/ratis/9bd2788b-671c-45ef-bec3-5c01fb855558] INFO  segmented.SegmentedRaftLogWorker (SegmentedRaftLogWorker.java:execute(569)) - e9811297-a3ab-4214-978c-7ba6074934ad-SegmentedRaftLogWorker:Storage Directory /workdir/hadoop-ozone/integration-test/target/test-dir/MiniOzoneClusterImpl-7ea47189-2199-496c-8461-08fb5daa32e9/datanode-5/data/ratis/9bd2788b-671c-45ef-bec3-5c01fb855558: created new log segment /workdir/hadoop-ozone/integration-test/target/test-dir/MiniOzoneClusterImpl-7ea47189-2199-496c-8461-08fb5daa32e9/datanode-5/data/ratis/9bd2788b-671c-45ef-bec3-5c01fb855558/current/log_inprogress_0
2019-08-21 14:06:33,454 [00fcee37-54ab-4c9e-9be2-8b052df77471-SegmentedRaftLogWorker:Storage Directory /workdir/hadoop-ozone/integration-test/target/test-dir/MiniOzoneClusterImpl-7ea47189-2199-496c-8461-08fb5daa32e9/datanode-4/data/ratis/9bd2788b-671c-45ef-bec3-5c01fb855558] INFO  segmented.SegmentedRaftLogWorker (SegmentedRaftLogWorker.java:execute(569)) - 00fcee37-54ab-4c9e-9be2-8b052df77471-SegmentedRaftLogWorker:Storage Directory /workdir/hadoop-ozone/integration-test/target/test-dir/MiniOzoneClusterImpl-7ea47189-2199-496c-8461-08fb5daa32e9/datanode-4/data/ratis/9bd2788b-671c-45ef-bec3-5c01fb855558: created new log segment /workdir/hadoop-ozone/integration-test/target/test-dir/MiniOzoneClusterImpl-7ea47189-2199-496c-8461-08fb5daa32e9/datanode-4/data/ratis/9bd2788b-671c-45ef-bec3-5c01fb855558/current/log_inprogress_0
2019-08-21 14:06:33,476 [Thread-3349] INFO  impl.FollowerState (FollowerState.java:run(106)) - 171bb82a-885e-4b9c-ba33-fe6086da731b:group-FC3E19348A3B changes to CANDIDATE, lastRpcTime:5196, electionTimeout:5196ms
2019-08-21 14:06:33,476 [Thread-3349] INFO  impl.RoleInfo (RoleInfo.java:shutdownFollowerState(121)) - 171bb82a-885e-4b9c-ba33-fe6086da731b: shutdown FollowerState
2019-08-21 14:06:33,476 [Thread-3349] INFO  impl.RaftServerImpl (RaftServerImpl.java:setRole(171)) - 171bb82a-885e-4b9c-ba33-fe6086da731b:group-FC3E19348A3B changes role from FOLLOWER to CANDIDATE at term 0 for changeToCandidate
2019-08-21 14:06:33,477 [Thread-3349] INFO  impl.RoleInfo (RoleInfo.java:updateAndGet(143)) - 171bb82a-885e-4b9c-ba33-fe6086da731b: start LeaderElection
2019-08-21 14:06:33,498 [171bb82a-885e-4b9c-ba33-fe6086da731b:group-FC3E19348A3B:LeaderElection73] INFO  impl.LeaderElection (LeaderElection.java:askForVotes(181)) - 171bb82a-885e-4b9c-ba33-fe6086da731b:group-FC3E19348A3B:LeaderElection73: begin an election at term 1 for -1: [171bb82a-885e-4b9c-ba33-fe6086da731b:192.168.5.153:37799], old=null
2019-08-21 14:06:33,501 [171bb82a-885e-4b9c-ba33-fe6086da731b:group-FC3E19348A3B:LeaderElection73] INFO  impl.RoleInfo (RoleInfo.java:shutdownLeaderElection(134)) - 171bb82a-885e-4b9c-ba33-fe6086da731b: shutdown LeaderElection
2019-08-21 14:06:33,501 [171bb82a-885e-4b9c-ba33-fe6086da731b:group-FC3E19348A3B:LeaderElection73] INFO  impl.RaftServerImpl (RaftServerImpl.java:setRole(171)) - 171bb82a-885e-4b9c-ba33-fe6086da731b:group-FC3E19348A3B changes role from CANDIDATE to LEADER at term 1 for changeToLeader
2019-08-21 14:06:33,501 [171bb82a-885e-4b9c-ba33-fe6086da731b:group-FC3E19348A3B:LeaderElection73] INFO  impl.RaftServerImpl (ServerState.java:setLeader(263)) - 171bb82a-885e-4b9c-ba33-fe6086da731b:group-FC3E19348A3B change Leader from null to 171bb82a-885e-4b9c-ba33-fe6086da731b at term 1 for becomeLeader, leader elected after 5226ms
2019-08-21 14:06:33,501 | INFO  | DNAudit | user=null | ip=null | op=WRITE_CHUNK {blockData=conID: 1 locID: 102655353768706062 bcsId: 0} | ret=SUCCESS |  
2019-08-21 14:06:33,501 | INFO  | DNAudit | user=null | ip=null | op=WRITE_CHUNK {blockData=conID: 1 locID: 102655353768706062 bcsId: 0} | ret=SUCCESS |  
2019-08-21 14:06:33,501 [171bb82a-885e-4b9c-ba33-fe6086da731b:group-FC3E19348A3B:LeaderElection73] INFO  server.RaftServerConfigKeys (ConfUtils.java:logGet(43)) - raft.server.staging.catchup.gap = 1000 (default)
2019-08-21 14:06:33,501 | INFO  | DNAudit | user=null | ip=null | op=WRITE_CHUNK {blockData=conID: 1 locID: 102655353768706062 bcsId: 0} | ret=SUCCESS |  
2019-08-21 14:06:33,502 [171bb82a-885e-4b9c-ba33-fe6086da731b:group-FC3E19348A3B:LeaderElection73] INFO  server.RaftServerConfigKeys (ConfUtils.java:logGet(43)) - raft.server.rpc.sleep.time = 25ms (default)
2019-08-21 14:06:33,502 [171bb82a-885e-4b9c-ba33-fe6086da731b:group-FC3E19348A3B:LeaderElection73] INFO  server.RaftServerConfigKeys (ConfUtils.java:logGet(43)) - raft.server.write.element-limit = 4096 (default)
2019-08-21 14:06:33,502 | INFO  | SCMAudit | user=jenkins1000 | ip=192.168.5.153 | op=SEND_HEARTBEAT {datanodeUUID=34e9b401-0a80-48b0-b439-106ab774064b, command=[]} | ret=SUCCESS |  
2019-08-21 14:06:33,502 | INFO  | SCMAudit | user=jenkins1000 | ip=192.168.5.153 | op=SEND_HEARTBEAT {datanodeUUID=44dd15f8-6ed7-4759-a927-399fb365e987, command=[]} | ret=SUCCESS |  
2019-08-21 14:06:33,502 [171bb82a-885e-4b9c-ba33-fe6086da731b:group-FC3E19348A3B:LeaderElection73] INFO  server.RaftServerConfigKeys (ConfUtils.java:logGet(43)) - raft.server.watch.timeout = 10s (default)
2019-08-21 14:06:33,502 [171bb82a-885e-4b9c-ba33-fe6086da731b:group-FC3E19348A3B:LeaderElection73] INFO  server.RaftServerConfigKeys (ConfUtils.java:logGet(43)) - raft.server.watch.timeout.denomination = 1s (default)
2019-08-21 14:06:33,502 | INFO  | SCMAudit | user=jenkins1000 | ip=192.168.5.153 | op=SEND_HEARTBEAT {datanodeUUID=836eae42-3b0d-43f5-9350-38cdf93fb6b1, command=[]} | ret=SUCCESS |  
2019-08-21 14:06:33,502 [171bb82a-885e-4b9c-ba33-fe6086da731b:group-FC3E19348A3B:LeaderElection73] INFO  server.RaftServerConfigKeys (ConfUtils.java:logGet(43)) - raft.server.watch.element-limit = 65536 (default)
2019-08-21 14:06:33,507 [171bb82a-885e-4b9c-ba33-fe6086da731b:group-FC3E19348A3B:LeaderElection73] INFO  impl.RoleInfo (RoleInfo.java:updateAndGet(143)) - 171bb82a-885e-4b9c-ba33-fe6086da731b: start LeaderState
2019-08-21 14:06:33,508 | INFO  | SCMAudit | user=jenkins1000 | ip=192.168.5.153 | op=SEND_HEARTBEAT {datanodeUUID=44dd15f8-6ed7-4759-a927-399fb365e987, command=[]} | ret=SUCCESS |  
2019-08-21 14:06:33,508 [171bb82a-885e-4b9c-ba33-fe6086da731b:group-FC3E19348A3B:LeaderElection73] INFO  segmented.SegmentedRaftLogWorker (SegmentedRaftLogWorker.java:startLogSegment(380)) - 171bb82a-885e-4b9c-ba33-fe6086da731b-SegmentedRaftLogWorker:Storage Directory /workdir/hadoop-ozone/integration-test/target/test-dir/MiniOzoneClusterImpl-7ea47189-2199-496c-8461-08fb5daa32e9/datanode-6/data/ratis/2433f2a8-d900-4126-bef7-fc3e19348a3b: Starting segment from index:0
2019-08-21 14:06:33,509 [171bb82a-885e-4b9c-ba33-fe6086da731b:group-FC3E19348A3B:LeaderElection73] INFO  impl.RaftServerImpl (ServerState.java:setRaftConf(361)) - 171bb82a-885e-4b9c-ba33-fe6086da731b:group-FC3E19348A3B set configuration 0: [171bb82a-885e-4b9c-ba33-fe6086da731b:192.168.5.153:37799], old=null at 0
2019-08-21 14:06:33,549 | INFO  | DNAudit | user=null | ip=null | op=WRITE_CHUNK {blockData=conID: 1 locID: 102655353768706062 bcsId: 0} | ret=SUCCESS |  
2019-08-21 14:06:33,553 [grpc-default-executor-11] INFO  client.GrpcClientProtocolClient (GrpcClientProtocolClient.java:onNext(255)) - client-3C8FFBF3EA90->44dd15f8-6ed7-4759-a927-399fb365e987: receive RaftClientReply:client-3C8FFBF3EA90->44dd15f8-6ed7-4759-a927-399fb365e987@group-AC3146FEDCD2, cid=175, SUCCESS, logIndex=1, commits[44dd15f8-6ed7-4759-a927-399fb365e987:c1, 836eae42-3b0d-43f5-9350-38cdf93fb6b1:c0, 34e9b401-0a80-48b0-b439-106ab774064b:c0]
2019-08-21 14:06:33,559 [171bb82a-885e-4b9c-ba33-fe6086da731b-SegmentedRaftLogWorker:Storage Directory /workdir/hadoop-ozone/integration-test/target/test-dir/MiniOzoneClusterImpl-7ea47189-2199-496c-8461-08fb5daa32e9/datanode-6/data/ratis/2433f2a8-d900-4126-bef7-fc3e19348a3b] INFO  segmented.SegmentedRaftLogWorker (SegmentedRaftLogWorker.java:execute(569)) - 171bb82a-885e-4b9c-ba33-fe6086da731b-SegmentedRaftLogWorker:Storage Directory /workdir/hadoop-ozone/integration-test/target/test-dir/MiniOzoneClusterImpl-7ea47189-2199-496c-8461-08fb5daa32e9/datanode-6/data/ratis/2433f2a8-d900-4126-bef7-fc3e19348a3b: created new log segment /workdir/hadoop-ozone/integration-test/target/test-dir/MiniOzoneClusterImpl-7ea47189-2199-496c-8461-08fb5daa32e9/datanode-6/data/ratis/2433f2a8-d900-4126-bef7-fc3e19348a3b/current/log_inprogress_0
2019-08-21 14:06:33,560 | INFO  | DNAudit | user=null | ip=null | op=WRITE_CHUNK {blockData=conID: 1 locID: 102655353768706062 bcsId: 0} | ret=SUCCESS |  
2019-08-21 14:06:33,560 | INFO  | DNAudit | user=null | ip=null | op=WRITE_CHUNK {blockData=conID: 1 locID: 102655353768706062 bcsId: 0} | ret=SUCCESS |  
2019-08-21 14:06:33,560 | INFO  | DNAudit | user=null | ip=null | op=WRITE_CHUNK {blockData=conID: 1 locID: 102655353768706062 bcsId: 0} | ret=SUCCESS |  
2019-08-21 14:06:33,561 | INFO  | DNAudit | user=null | ip=null | op=WRITE_CHUNK {blockData=conID: 1 locID: 102655353768706062 bcsId: 0} | ret=SUCCESS |  
2019-08-21 14:06:33,561 | INFO  | DNAudit | user=null | ip=null | op=WRITE_CHUNK {blockData=conID: 1 locID: 102655353768706062 bcsId: 0} | ret=SUCCESS |  
2019-08-21 14:06:33,561 | INFO  | DNAudit | user=null | ip=null | op=WRITE_CHUNK {blockData=conID: 1 locID: 102655353768706062 bcsId: 0} | ret=SUCCESS |  
2019-08-21 14:06:33,562 | INFO  | DNAudit | user=null | ip=null | op=WRITE_CHUNK {blockData=conID: 1 locID: 102655353768706062 bcsId: 0} | ret=SUCCESS |  
2019-08-21 14:06:33,562 | INFO  | DNAudit | user=null | ip=null | op=WRITE_CHUNK {blockData=conID: 1 locID: 102655353768706062 bcsId: 0} | ret=SUCCESS |  
2019-08-21 14:06:33,562 | INFO  | DNAudit | user=null | ip=null | op=WRITE_CHUNK {blockData=conID: 1 locID: 102655353768706062 bcsId: 0} | ret=SUCCESS |  
2019-08-21 14:06:33,563 | INFO  | DNAudit | user=null | ip=null | op=WRITE_CHUNK {blockData=conID: 1 locID: 102655353768706062 bcsId: 0} | ret=SUCCESS |  
2019-08-21 14:06:33,563 | INFO  | DNAudit | user=null | ip=null | op=WRITE_CHUNK {blockData=conID: 1 locID: 102655353768706062 bcsId: 0} | ret=SUCCESS |  
2019-08-21 14:06:33,573 | INFO  | DNAudit | user=null | ip=null | op=WRITE_CHUNK {blockData=conID: 1 locID: 102655353768706062 bcsId: 0} | ret=SUCCESS |  
2019-08-21 14:06:33,578 | INFO  | DNAudit | user=null | ip=null | op=WRITE_CHUNK {blockData=conID: 1 locID: 102655353768706062 bcsId: 0} | ret=SUCCESS |  
2019-08-21 14:06:33,581 [grpc-default-executor-8] INFO  client.GrpcClientProtocolClient (GrpcClientProtocolClient.java:onNext(255)) - client-3C8FFBF3EA90->44dd15f8-6ed7-4759-a927-399fb365e987: receive RaftClientReply:client-3C8FFBF3EA90->44dd15f8-6ed7-4759-a927-399fb365e987@group-AC3146FEDCD2, cid=176, SUCCESS, logIndex=3, commits[44dd15f8-6ed7-4759-a927-399fb365e987:c4, 836eae42-3b0d-43f5-9350-38cdf93fb6b1:c1, 34e9b401-0a80-48b0-b439-106ab774064b:c1]
2019-08-21 14:06:33,584 | INFO  | DNAudit | user=null | ip=null | op=WRITE_CHUNK {blockData=conID: 1 locID: 102655353768706062 bcsId: 0} | ret=SUCCESS |  
2019-08-21 14:06:33,623 | INFO  | DNAudit | user=null | ip=null | op=PUT_BLOCK {blockData=[blockId=conID: 1 locID: 102655353768706062 bcsId: 0,size=200]} | ret=SUCCESS |  
2019-08-21 14:06:33,623 | INFO  | DNAudit | user=null | ip=null | op=WRITE_CHUNK {blockData=conID: 1 locID: 102655353768706062 bcsId: 0} | ret=SUCCESS |  
2019-08-21 14:06:33,624 | INFO  | DNAudit | user=null | ip=null | op=WRITE_CHUNK {blockData=conID: 1 locID: 102655353768706062 bcsId: 0} | ret=SUCCESS |  
2019-08-21 14:06:33,624 [grpc-default-executor-10] INFO  client.GrpcClientProtocolClient (GrpcClientProtocolClient.java:onNext(255)) - client-3C8FFBF3EA90->44dd15f8-6ed7-4759-a927-399fb365e987: receive RaftClientReply:client-3C8FFBF3EA90->44dd15f8-6ed7-4759-a927-399fb365e987@group-AC3146FEDCD2, cid=177, SUCCESS, logIndex=4, commits[44dd15f8-6ed7-4759-a927-399fb365e987:c11, 836eae42-3b0d-43f5-9350-38cdf93fb6b1:c7, 34e9b401-0a80-48b0-b439-106ab774064b:c7]
2019-08-21 14:06:33,626 [grpc-default-executor-10] INFO  client.GrpcClientProtocolClient (GrpcClientProtocolClient.java:onNext(255)) - client-3C8FFBF3EA90->44dd15f8-6ed7-4759-a927-399fb365e987: receive RaftClientReply:client-3C8FFBF3EA90->44dd15f8-6ed7-4759-a927-399fb365e987@group-AC3146FEDCD2, cid=178, SUCCESS, logIndex=5, commits[44dd15f8-6ed7-4759-a927-399fb365e987:c11, 836eae42-3b0d-43f5-9350-38cdf93fb6b1:c7, 34e9b401-0a80-48b0-b439-106ab774064b:c7]
2019-08-21 14:06:33,627 [grpc-default-executor-10] INFO  client.GrpcClientProtocolClient (GrpcClientProtocolClient.java:onNext(255)) - client-3C8FFBF3EA90->44dd15f8-6ed7-4759-a927-399fb365e987: receive RaftClientReply:client-3C8FFBF3EA90->44dd15f8-6ed7-4759-a927-399fb365e987@group-AC3146FEDCD2, cid=179, SUCCESS, logIndex=6, commits[44dd15f8-6ed7-4759-a927-399fb365e987:c11, 836eae42-3b0d-43f5-9350-38cdf93fb6b1:c7, 34e9b401-0a80-48b0-b439-106ab774064b:c7]
2019-08-21 14:06:33,679 | INFO  | DNAudit | user=null | ip=null | op=PUT_BLOCK {blockData=[blockId=conID: 1 locID: 102655353768706062 bcsId: 0,size=200]} | ret=SUCCESS |  
2019-08-21 14:06:33,680 | INFO  | DNAudit | user=null | ip=null | op=WRITE_CHUNK {blockData=conID: 1 locID: 102655353768706062 bcsId: 0} | ret=SUCCESS |  
2019-08-21 14:06:33,680 | INFO  | DNAudit | user=null | ip=null | op=WRITE_CHUNK {blockData=conID: 1 locID: 102655353768706062 bcsId: 0} | ret=SUCCESS |  
2019-08-21 14:06:33,731 | INFO  | SCMAudit | user=jenkins1000 | ip=192.168.5.153 | op=SEND_HEARTBEAT {datanodeUUID=ff625bda-bd10-4290-9d5d-b2d4afbb6a9a, command=[]} | ret=SUCCESS |  
2019-08-21 14:06:33,742 | INFO  | DNAudit | user=null | ip=null | op=PUT_BLOCK {blockData=[blockId=conID: 1 locID: 102655353768706062 bcsId: 0,size=200]} | ret=SUCCESS |  
2019-08-21 14:06:33,743 | INFO  | DNAudit | user=null | ip=null | op=WRITE_CHUNK {blockData=conID: 1 locID: 102655353768706062 bcsId: 0} | ret=SUCCESS |  
2019-08-21 14:06:33,744 | INFO  | DNAudit | user=null | ip=null | op=WRITE_CHUNK {blockData=conID: 1 locID: 102655353768706062 bcsId: 0} | ret=SUCCESS |  
2019-08-21 14:06:33,745 | INFO  | DNAudit | user=null | ip=null | op=PUT_BLOCK {blockData=[blockId=conID: 1 locID: 102655353768706062 bcsId: 0,size=400]} | ret=SUCCESS |  
2019-08-21 14:06:33,745 | INFO  | DNAudit | user=null | ip=null | op=PUT_BLOCK {blockData=[blockId=conID: 1 locID: 102655353768706062 bcsId: 0,size=400]} | ret=SUCCESS |  
2019-08-21 14:06:33,746 | INFO  | DNAudit | user=null | ip=null | op=PUT_BLOCK {blockData=[blockId=conID: 1 locID: 102655353768706062 bcsId: 0,size=400]} | ret=SUCCESS |  
2019-08-21 14:06:33,747 [grpc-default-executor-10] INFO  client.GrpcClientProtocolClient (GrpcClientProtocolClient.java:onNext(255)) - client-3C8FFBF3EA90->44dd15f8-6ed7-4759-a927-399fb365e987: receive RaftClientReply:client-3C8FFBF3EA90->44dd15f8-6ed7-4759-a927-399fb365e987@group-AC3146FEDCD2, cid=180, SUCCESS, logIndex=7, commits[44dd15f8-6ed7-4759-a927-399fb365e987:c11, 836eae42-3b0d-43f5-9350-38cdf93fb6b1:c7, 34e9b401-0a80-48b0-b439-106ab774064b:c7]
2019-08-21 14:06:33,752 | INFO  | DNAudit | user=null | ip=null | op=WRITE_CHUNK {blockData=conID: 1 locID: 102655353768706062 bcsId: 7} | ret=SUCCESS |  
2019-08-21 14:06:33,753 | INFO  | DNAudit | user=null | ip=null | op=WRITE_CHUNK {blockData=conID: 1 locID: 102655353768706062 bcsId: 7} | ret=SUCCESS |  
2019-08-21 14:06:33,753 | INFO  | DNAudit | user=null | ip=null | op=WRITE_CHUNK {blockData=conID: 1 locID: 102655353768706062 bcsId: 7} | ret=SUCCESS |  
2019-08-21 14:06:33,766 | INFO  | DNAudit | user=null | ip=null | op=WRITE_CHUNK {blockData=conID: 1 locID: 102655353768706062 bcsId: 7} | ret=SUCCESS |  
2019-08-21 14:06:33,767 [grpc-default-executor-10] INFO  client.GrpcClientProtocolClient (GrpcClientProtocolClient.java:onNext(255)) - client-3C8FFBF3EA90->44dd15f8-6ed7-4759-a927-399fb365e987: receive RaftClientReply:client-3C8FFBF3EA90->44dd15f8-6ed7-4759-a927-399fb365e987@group-AC3146FEDCD2, cid=181, SUCCESS, logIndex=12, commits[44dd15f8-6ed7-4759-a927-399fb365e987:c13, 836eae42-3b0d-43f5-9350-38cdf93fb6b1:c11, 34e9b401-0a80-48b0-b439-106ab774064b:c11]
2019-08-21 14:06:33,768 | INFO  | DNAudit | user=null | ip=null | op=PUT_BLOCK {blockData=[blockId=conID: 1 locID: 102655353768706062 bcsId: 0,size=450]} | ret=SUCCESS |  
2019-08-21 14:06:33,769 [grpc-default-executor-10] INFO  client.GrpcClientProtocolClient (GrpcClientProtocolClient.java:onNext(255)) - client-3C8FFBF3EA90->44dd15f8-6ed7-4759-a927-399fb365e987: receive RaftClientReply:client-3C8FFBF3EA90->44dd15f8-6ed7-4759-a927-399fb365e987@group-AC3146FEDCD2, cid=182, SUCCESS, logIndex=13, commits[44dd15f8-6ed7-4759-a927-399fb365e987:c13, 836eae42-3b0d-43f5-9350-38cdf93fb6b1:c11, 34e9b401-0a80-48b0-b439-106ab774064b:c11]
2019-08-21 14:06:33,778 | INFO  | DNAudit | user=null | ip=null | op=WRITE_CHUNK {blockData=conID: 1 locID: 102655353768706062 bcsId: 7} | ret=SUCCESS |  
2019-08-21 14:06:33,778 | INFO  | DNAudit | user=null | ip=null | op=WRITE_CHUNK {blockData=conID: 1 locID: 102655353768706062 bcsId: 7} | ret=SUCCESS |  
2019-08-21 14:06:33,779 | INFO  | DNAudit | user=null | ip=null | op=PUT_BLOCK {blockData=[blockId=conID: 1 locID: 102655353768706062 bcsId: 0,size=450]} | ret=SUCCESS |  
2019-08-21 14:06:33,779 | INFO  | DNAudit | user=null | ip=null | op=PUT_BLOCK {blockData=[blockId=conID: 1 locID: 102655353768706062 bcsId: 0,size=450]} | ret=SUCCESS |  
2019-08-21 14:06:33,784 [grpc-default-executor-10] INFO  client.GrpcClientProtocolClient (GrpcClientProtocolClient.java:onNext(255)) - client-3C8FFBF3EA90->44dd15f8-6ed7-4759-a927-399fb365e987: receive RaftClientReply:client-3C8FFBF3EA90->44dd15f8-6ed7-4759-a927-399fb365e987@group-AC3146FEDCD2, cid=183, SUCCESS, logIndex=0, commits[44dd15f8-6ed7-4759-a927-399fb365e987:c14, 836eae42-3b0d-43f5-9350-38cdf93fb6b1:c13, 34e9b401-0a80-48b0-b439-106ab774064b:c13]
2019-08-21 14:06:33,785 [main] INFO  datanode.ObjectStoreHandler (ObjectStoreHandler.java:close(155)) - Closing ObjectStoreHandler.
2019-08-21 14:06:33,785 [main] INFO  ozone.HddsDatanodeService (HddsDatanodeService.java:stop(451)) - Stopped plug-in org.apache.hadoop.ozone.web.OzoneHddsDatanodeService@41dcfd0
2019-08-21 14:06:33,905 | INFO  | SCMAudit | user=jenkins1000 | ip=192.168.5.153 | op=SEND_HEARTBEAT {datanodeUUID=00fcee37-54ab-4c9e-9be2-8b052df77471, command=[]} | ret=SUCCESS |  
2019-08-21 14:06:34,067 | INFO  | SCMAudit | user=jenkins1000 | ip=192.168.5.153 | op=SEND_HEARTBEAT {datanodeUUID=e9811297-a3ab-4214-978c-7ba6074934ad, command=[]} | ret=SUCCESS |  
2019-08-21 14:06:34,230 | INFO  | SCMAudit | user=jenkins1000 | ip=192.168.5.153 | op=SEND_HEARTBEAT {datanodeUUID=171bb82a-885e-4b9c-ba33-fe6086da731b, command=[]} | ret=SUCCESS |  
2019-08-21 14:06:34,500 [Datanode State Machine Thread - 0] INFO  statemachine.DatanodeStateMachine (DatanodeStateMachine.java:lambda$startDaemon$0(350)) - Ozone container server started.
2019-08-21 14:06:34,502 | INFO  | SCMAudit | user=jenkins1000 | ip=192.168.5.153 | op=SEND_HEARTBEAT {datanodeUUID=836eae42-3b0d-43f5-9350-38cdf93fb6b1, command=[]} | ret=SUCCESS |  
2019-08-21 14:06:34,502 | INFO  | SCMAudit | user=jenkins1000 | ip=192.168.5.153 | op=SEND_HEARTBEAT {datanodeUUID=34e9b401-0a80-48b0-b439-106ab774064b, command=[]} | ret=SUCCESS |  
2019-08-21 14:06:34,731 | INFO  | SCMAudit | user=jenkins1000 | ip=192.168.5.153 | op=SEND_HEARTBEAT {datanodeUUID=ff625bda-bd10-4290-9d5d-b2d4afbb6a9a, command=[]} | ret=SUCCESS |  
2019-08-21 14:06:34,904 | INFO  | SCMAudit | user=jenkins1000 | ip=192.168.5.153 | op=SEND_HEARTBEAT {datanodeUUID=00fcee37-54ab-4c9e-9be2-8b052df77471, command=[]} | ret=SUCCESS |  
2019-08-21 14:06:35,068 | INFO  | SCMAudit | user=jenkins1000 | ip=192.168.5.153 | op=SEND_HEARTBEAT {datanodeUUID=e9811297-a3ab-4214-978c-7ba6074934ad, command=[]} | ret=SUCCESS |  
2019-08-21 14:06:35,230 | INFO  | SCMAudit | user=jenkins1000 | ip=192.168.5.153 | op=SEND_HEARTBEAT {datanodeUUID=171bb82a-885e-4b9c-ba33-fe6086da731b, command=[]} | ret=SUCCESS |  
2019-08-21 14:06:35,501 | INFO  | SCMAudit | user=jenkins1000 | ip=192.168.5.153 | op=SEND_HEARTBEAT {datanodeUUID=836eae42-3b0d-43f5-9350-38cdf93fb6b1, command=[]} | ret=SUCCESS |  
2019-08-21 14:06:35,501 | INFO  | SCMAudit | user=jenkins1000 | ip=192.168.5.153 | op=SEND_HEARTBEAT {datanodeUUID=34e9b401-0a80-48b0-b439-106ab774064b, command=[]} | ret=SUCCESS |  
2019-08-21 14:06:35,731 | INFO  | SCMAudit | user=jenkins1000 | ip=192.168.5.153 | op=SEND_HEARTBEAT {datanodeUUID=ff625bda-bd10-4290-9d5d-b2d4afbb6a9a, command=[]} | ret=SUCCESS |  
2019-08-21 14:06:35,904 | INFO  | SCMAudit | user=jenkins1000 | ip=192.168.5.153 | op=SEND_HEARTBEAT {datanodeUUID=00fcee37-54ab-4c9e-9be2-8b052df77471, command=[]} | ret=SUCCESS |  
2019-08-21 14:06:36,067 | INFO  | SCMAudit | user=jenkins1000 | ip=192.168.5.153 | op=SEND_HEARTBEAT {datanodeUUID=e9811297-a3ab-4214-978c-7ba6074934ad, command=[]} | ret=SUCCESS |  
2019-08-21 14:06:36,230 | INFO  | SCMAudit | user=jenkins1000 | ip=192.168.5.153 | op=SEND_HEARTBEAT {datanodeUUID=171bb82a-885e-4b9c-ba33-fe6086da731b, command=[]} | ret=SUCCESS |  
2019-08-21 14:06:36,502 | INFO  | SCMAudit | user=jenkins1000 | ip=192.168.5.153 | op=SEND_HEARTBEAT {datanodeUUID=836eae42-3b0d-43f5-9350-38cdf93fb6b1, command=[]} | ret=SUCCESS |  
2019-08-21 14:06:36,502 | INFO  | SCMAudit | user=jenkins1000 | ip=192.168.5.153 | op=SEND_HEARTBEAT {datanodeUUID=34e9b401-0a80-48b0-b439-106ab774064b, command=[]} | ret=SUCCESS |  
2019-08-21 14:06:36,732 | INFO  | SCMAudit | user=jenkins1000 | ip=192.168.5.153 | op=SEND_HEARTBEAT {datanodeUUID=ff625bda-bd10-4290-9d5d-b2d4afbb6a9a, command=[]} | ret=SUCCESS |  
2019-08-21 14:06:36,904 | INFO  | SCMAudit | user=jenkins1000 | ip=192.168.5.153 | op=SEND_HEARTBEAT {datanodeUUID=00fcee37-54ab-4c9e-9be2-8b052df77471, command=[]} | ret=SUCCESS |  
2019-08-21 14:06:37,067 | INFO  | SCMAudit | user=jenkins1000 | ip=192.168.5.153 | op=SEND_HEARTBEAT {datanodeUUID=e9811297-a3ab-4214-978c-7ba6074934ad, command=[]} | ret=SUCCESS |  
2019-08-21 14:06:37,230 | INFO  | SCMAudit | user=jenkins1000 | ip=192.168.5.153 | op=SEND_HEARTBEAT {datanodeUUID=171bb82a-885e-4b9c-ba33-fe6086da731b, command=[]} | ret=SUCCESS |  
2019-08-21 14:06:37,501 | INFO  | SCMAudit | user=jenkins1000 | ip=192.168.5.153 | op=SEND_HEARTBEAT {datanodeUUID=836eae42-3b0d-43f5-9350-38cdf93fb6b1, command=[]} | ret=SUCCESS |  
2019-08-21 14:06:37,501 | INFO  | SCMAudit | user=jenkins1000 | ip=192.168.5.153 | op=SEND_HEARTBEAT {datanodeUUID=34e9b401-0a80-48b0-b439-106ab774064b, command=[]} | ret=SUCCESS |  
2019-08-21 14:06:37,732 | INFO  | SCMAudit | user=jenkins1000 | ip=192.168.5.153 | op=SEND_HEARTBEAT {datanodeUUID=ff625bda-bd10-4290-9d5d-b2d4afbb6a9a, command=[]} | ret=SUCCESS |  
2019-08-21 14:06:37,904 | INFO  | SCMAudit | user=jenkins1000 | ip=192.168.5.153 | op=SEND_HEARTBEAT {datanodeUUID=00fcee37-54ab-4c9e-9be2-8b052df77471, command=[]} | ret=SUCCESS |  
2019-08-21 14:06:38,067 | INFO  | SCMAudit | user=jenkins1000 | ip=192.168.5.153 | op=SEND_HEARTBEAT {datanodeUUID=e9811297-a3ab-4214-978c-7ba6074934ad, command=[]} | ret=SUCCESS |  
2019-08-21 14:06:38,230 | INFO  | SCMAudit | user=jenkins1000 | ip=192.168.5.153 | op=SEND_HEARTBEAT {datanodeUUID=171bb82a-885e-4b9c-ba33-fe6086da731b, command=[]} | ret=SUCCESS |  
2019-08-21 14:06:38,501 | INFO  | SCMAudit | user=jenkins1000 | ip=192.168.5.153 | op=SEND_HEARTBEAT {datanodeUUID=34e9b401-0a80-48b0-b439-106ab774064b, command=[]} | ret=SUCCESS |  
2019-08-21 14:06:38,501 | INFO  | SCMAudit | user=jenkins1000 | ip=192.168.5.153 | op=SEND_HEARTBEAT {datanodeUUID=836eae42-3b0d-43f5-9350-38cdf93fb6b1, command=[]} | ret=SUCCESS |  
2019-08-21 14:06:38,597 [EventQueue-StaleNodeForStaleNodeHandler] INFO  node.StaleNodeHandler (StaleNodeHandler.java:onMessage(58)) - Datanode 44dd15f8-6ed7-4759-a927-399fb365e987{ip: 192.168.5.153, host: pr-hdds-1999-4zsjs-3155158423, networkLocation: /default-rack, certSerialId: null} moved to stale state. Finalizing its pipelines [PipelineID=be320c65-6990-492e-9a95-71a265969054, PipelineID=01a628b8-15ec-4402-ba31-ac3146fedcd2]
2019-08-21 14:06:38,597 [EventQueue-StaleNodeForStaleNodeHandler] INFO  pipeline.SCMPipelineManager (SCMPipelineManager.java:finalizeAndDestroyPipeline(309)) - destroying pipeline:Pipeline[ Id: be320c65-6990-492e-9a95-71a265969054, Nodes: 44dd15f8-6ed7-4759-a927-399fb365e987{ip: 192.168.5.153, host: pr-hdds-1999-4zsjs-3155158423, networkLocation: /default-rack, certSerialId: null}, Type:RATIS, Factor:ONE, State:OPEN]
2019-08-21 14:06:38,597 [EventQueue-StaleNodeForStaleNodeHandler] INFO  pipeline.PipelineStateManager (PipelineStateManager.java:finalizePipeline(123)) - Pipeline Pipeline[ Id: be320c65-6990-492e-9a95-71a265969054, Nodes: 44dd15f8-6ed7-4759-a927-399fb365e987{ip: 192.168.5.153, host: pr-hdds-1999-4zsjs-3155158423, networkLocation: /default-rack, certSerialId: null}, Type:RATIS, Factor:ONE, State:CLOSED] moved to CLOSED state
2019-08-21 14:06:38,598 [EventQueue-StaleNodeForStaleNodeHandler] INFO  pipeline.SCMPipelineManager (SCMPipelineManager.java:finalizeAndDestroyPipeline(309)) - destroying pipeline:Pipeline[ Id: 01a628b8-15ec-4402-ba31-ac3146fedcd2, Nodes: 44dd15f8-6ed7-4759-a927-399fb365e987{ip: 192.168.5.153, host: pr-hdds-1999-4zsjs-3155158423, networkLocation: /default-rack, certSerialId: null}34e9b401-0a80-48b0-b439-106ab774064b{ip: 192.168.5.153, host: pr-hdds-1999-4zsjs-3155158423, networkLocation: /default-rack, certSerialId: null}836eae42-3b0d-43f5-9350-38cdf93fb6b1{ip: 192.168.5.153, host: pr-hdds-1999-4zsjs-3155158423, networkLocation: /default-rack, certSerialId: null}, Type:RATIS, Factor:THREE, State:OPEN]
2019-08-21 14:06:38,598 [EventQueue-StaleNodeForStaleNodeHandler] INFO  pipeline.PipelineStateManager (PipelineStateManager.java:finalizePipeline(123)) - Pipeline Pipeline[ Id: 01a628b8-15ec-4402-ba31-ac3146fedcd2, Nodes: 44dd15f8-6ed7-4759-a927-399fb365e987{ip: 192.168.5.153, host: pr-hdds-1999-4zsjs-3155158423, networkLocation: /default-rack, certSerialId: null}34e9b401-0a80-48b0-b439-106ab774064b{ip: 192.168.5.153, host: pr-hdds-1999-4zsjs-3155158423, networkLocation: /default-rack, certSerialId: null}836eae42-3b0d-43f5-9350-38cdf93fb6b1{ip: 192.168.5.153, host: pr-hdds-1999-4zsjs-3155158423, networkLocation: /default-rack, certSerialId: null}, Type:RATIS, Factor:THREE, State:CLOSED] moved to CLOSED state
2019-08-21 14:06:38,598 [EventQueue-CloseContainerForCloseContainerEventHandler] INFO  container.CloseContainerEventHandler (CloseContainerEventHandler.java:onMessage(61)) - Close container Event triggered for container : #1
2019-08-21 14:06:38,732 | INFO  | SCMAudit | user=jenkins1000 | ip=192.168.5.153 | op=SEND_HEARTBEAT {datanodeUUID=ff625bda-bd10-4290-9d5d-b2d4afbb6a9a, command=[]} | ret=SUCCESS |  
2019-08-21 14:06:38,787 [main] INFO  ozoneimpl.OzoneContainer (OzoneContainer.java:stop(199)) - Attempting to stop container services.
2019-08-21 14:06:38,793 [main] INFO  impl.RaftServerProxy (RaftServerProxy.java:lambda$close$4(314)) - 44dd15f8-6ed7-4759-a927-399fb365e987: close
2019-08-21 14:06:38,795 [main] INFO  impl.RaftServerImpl (RaftServerImpl.java:lambda$shutdown$3(245)) - 44dd15f8-6ed7-4759-a927-399fb365e987: shutdown group-71A265969054
2019-08-21 14:06:38,795 [main] INFO  util.JmxRegister (JmxRegister.java:unregister(73)) - Successfully un-registered JMX Bean with object name Ratis:service=RaftServer,group=group-71A265969054,id=44dd15f8-6ed7-4759-a927-399fb365e987
2019-08-21 14:06:38,796 [main] INFO  impl.RoleInfo (RoleInfo.java:shutdownLeaderState(104)) - 44dd15f8-6ed7-4759-a927-399fb365e987: shutdown LeaderState
2019-08-21 14:06:38,796 [main] INFO  impl.PendingRequests (PendingRequests.java:sendNotLeaderResponses(202)) - 44dd15f8-6ed7-4759-a927-399fb365e987-PendingRequests: sendNotLeaderResponses
2019-08-21 14:06:38,797 [main] INFO  impl.StateMachineUpdater (StateMachineUpdater.java:stopAndJoin(115)) - StateMachineUpdater:44dd15f8-6ed7-4759-a927-399fb365e987:group-71A265969054: set stopIndex = 0
2019-08-21 14:06:38,797 [main] INFO  impl.RaftServerImpl (ServerState.java:close(394)) - 44dd15f8-6ed7-4759-a927-399fb365e987:group-71A265969054 closes. The last applied log index is 0
2019-08-21 14:06:38,798 [44dd15f8-6ed7-4759-a927-399fb365e987-SegmentedRaftLogWorker:Storage Directory /workdir/hadoop-ozone/integration-test/target/test-dir/MiniOzoneClusterImpl-7ea47189-2199-496c-8461-08fb5daa32e9/datanode-2/data/ratis/be320c65-6990-492e-9a95-71a265969054] INFO  segmented.SegmentedRaftLogWorker (SegmentedRaftLogWorker.java:run(313)) - 44dd15f8-6ed7-4759-a927-399fb365e987-SegmentedRaftLogWorker:Storage Directory /workdir/hadoop-ozone/integration-test/target/test-dir/MiniOzoneClusterImpl-7ea47189-2199-496c-8461-08fb5daa32e9/datanode-2/data/ratis/be320c65-6990-492e-9a95-71a265969054 was interrupted, exiting. There are 0 tasks remaining in the queue.
2019-08-21 14:06:38,807 [main] INFO  segmented.SegmentedRaftLogWorker (SegmentedRaftLogWorker.java:close(228)) - 44dd15f8-6ed7-4759-a927-399fb365e987-SegmentedRaftLogWorker:Storage Directory /workdir/hadoop-ozone/integration-test/target/test-dir/MiniOzoneClusterImpl-7ea47189-2199-496c-8461-08fb5daa32e9/datanode-2/data/ratis/be320c65-6990-492e-9a95-71a265969054 close()
2019-08-21 14:06:38,812 [main] INFO  impl.RaftServerImpl (RaftServerImpl.java:lambda$shutdown$3(245)) - 44dd15f8-6ed7-4759-a927-399fb365e987: shutdown group-AC3146FEDCD2
2019-08-21 14:06:38,812 [main] INFO  util.JmxRegister (JmxRegister.java:unregister(73)) - Successfully un-registered JMX Bean with object name Ratis:service=RaftServer,group=group-AC3146FEDCD2,id=44dd15f8-6ed7-4759-a927-399fb365e987
2019-08-21 14:06:38,813 [main] INFO  impl.RoleInfo (RoleInfo.java:shutdownLeaderState(104)) - 44dd15f8-6ed7-4759-a927-399fb365e987: shutdown LeaderState
2019-08-21 14:06:38,817 [main] INFO  impl.PendingRequests (PendingRequests.java:sendNotLeaderResponses(202)) - 44dd15f8-6ed7-4759-a927-399fb365e987-PendingRequests: sendNotLeaderResponses
2019-08-21 14:06:38,817 [org.apache.ratis.server.impl.LogAppender$AppenderDaemon$$Lambda$497/1064551127@66be318c] WARN  server.GrpcLogAppender (GrpcLogAppender.java:mayWait(143)) - GrpcLogAppender(44dd15f8-6ed7-4759-a927-399fb365e987->34e9b401-0a80-48b0-b439-106ab774064b): Wait interrupted by java.lang.InterruptedException
2019-08-21 14:06:38,840 [main] INFO  impl.StateMachineUpdater (StateMachineUpdater.java:stopAndJoin(115)) - StateMachineUpdater:44dd15f8-6ed7-4759-a927-399fb365e987:group-AC3146FEDCD2: set stopIndex = 15
2019-08-21 14:06:38,817 [org.apache.ratis.server.impl.LogAppender$AppenderDaemon$$Lambda$497/1064551127@23bcbb9f] WARN  server.GrpcLogAppender (GrpcLogAppender.java:mayWait(143)) - GrpcLogAppender(44dd15f8-6ed7-4759-a927-399fb365e987->836eae42-3b0d-43f5-9350-38cdf93fb6b1): Wait interrupted by java.lang.InterruptedException
2019-08-21 14:06:38,840 [grpc-default-executor-11] INFO  server.GrpcServerProtocolService (GrpcServerProtocolService.java:onCompleted(104)) - 34e9b401-0a80-48b0-b439-106ab774064b: appendEntries completed
2019-08-21 14:06:38,840 [StateMachineUpdater:44dd15f8-6ed7-4759-a927-399fb365e987:group-AC3146FEDCD2] INFO  ratis.ContainerStateMachine (ContainerStateMachine.java:takeSnapshot(283)) - group-AC3146FEDCD2: Taking a snapshot at:(t:1, i:13) file /workdir/hadoop-ozone/integration-test/target/test-dir/MiniOzoneClusterImpl-7ea47189-2199-496c-8461-08fb5daa32e9/datanode-2/data/ratis/01a628b8-15ec-4402-ba31-ac3146fedcd2/sm/snapshot.1_13
2019-08-21 14:06:38,841 [grpc-default-executor-10] INFO  server.GrpcServerProtocolService (GrpcServerProtocolService.java:onCompleted(104)) - 836eae42-3b0d-43f5-9350-38cdf93fb6b1: appendEntries completed
2019-08-21 14:06:38,841 [grpc-default-executor-11] INFO  server.GrpcLogAppender (GrpcLogAppender.java:onCompleted(292)) - 44dd15f8-6ed7-4759-a927-399fb365e987->34e9b401-0a80-48b0-b439-106ab774064b: follower responses appendEntries COMPLETED
2019-08-21 14:06:38,842 [grpc-default-executor-8] INFO  server.GrpcLogAppender (GrpcLogAppender.java:onCompleted(292)) - 44dd15f8-6ed7-4759-a927-399fb365e987->836eae42-3b0d-43f5-9350-38cdf93fb6b1: follower responses appendEntries COMPLETED
2019-08-21 14:06:38,842 [grpc-default-executor-11] INFO  impl.FollowerInfo (FollowerInfo.java:lambda$new$0(50)) - 44dd15f8-6ed7-4759-a927-399fb365e987->34e9b401-0a80-48b0-b439-106ab774064b: nextIndex: updateUnconditionally 16 -> 15
2019-08-21 14:06:38,842 [grpc-default-executor-8] INFO  impl.FollowerInfo (FollowerInfo.java:lambda$new$0(50)) - 44dd15f8-6ed7-4759-a927-399fb365e987->836eae42-3b0d-43f5-9350-38cdf93fb6b1: nextIndex: updateUnconditionally 16 -> 15
2019-08-21 14:06:38,854 [StateMachineUpdater:44dd15f8-6ed7-4759-a927-399fb365e987:group-AC3146FEDCD2] INFO  ratis.ContainerStateMachine (ContainerStateMachine.java:takeSnapshot(294)) - group-AC3146FEDCD2: Finished taking a snapshot at:(t:1, i:13) file:/workdir/hadoop-ozone/integration-test/target/test-dir/MiniOzoneClusterImpl-7ea47189-2199-496c-8461-08fb5daa32e9/datanode-2/data/ratis/01a628b8-15ec-4402-ba31-ac3146fedcd2/sm/snapshot.1_13 time:14
2019-08-21 14:06:38,854 [StateMachineUpdater:44dd15f8-6ed7-4759-a927-399fb365e987:group-AC3146FEDCD2] INFO  impl.StateMachineUpdater (StateMachineUpdater.java:takeSnapshot(242)) - StateMachineUpdater:44dd15f8-6ed7-4759-a927-399fb365e987:group-AC3146FEDCD2: Took a snapshot at index 13
2019-08-21 14:06:38,854 [StateMachineUpdater:44dd15f8-6ed7-4759-a927-399fb365e987:group-AC3146FEDCD2] INFO  impl.StateMachineUpdater (StateMachineUpdater.java:lambda$new$0(80)) - StateMachineUpdater:44dd15f8-6ed7-4759-a927-399fb365e987:group-AC3146FEDCD2: snapshotIndex: updateIncreasingly -1 -> 13
2019-08-21 14:06:38,854 [main] INFO  impl.RaftServerImpl (ServerState.java:close(394)) - 44dd15f8-6ed7-4759-a927-399fb365e987:group-AC3146FEDCD2 closes. The last applied log index is 15
2019-08-21 14:06:38,855 [44dd15f8-6ed7-4759-a927-399fb365e987-SegmentedRaftLogWorker:Storage Directory /workdir/hadoop-ozone/integration-test/target/test-dir/MiniOzoneClusterImpl-7ea47189-2199-496c-8461-08fb5daa32e9/datanode-2/data/ratis/01a628b8-15ec-4402-ba31-ac3146fedcd2] INFO  segmented.SegmentedRaftLogWorker (SegmentedRaftLogWorker.java:run(313)) - 44dd15f8-6ed7-4759-a927-399fb365e987-SegmentedRaftLogWorker:Storage Directory /workdir/hadoop-ozone/integration-test/target/test-dir/MiniOzoneClusterImpl-7ea47189-2199-496c-8461-08fb5daa32e9/datanode-2/data/ratis/01a628b8-15ec-4402-ba31-ac3146fedcd2 was interrupted, exiting. There are 0 tasks remaining in the queue.
2019-08-21 14:06:38,858 [main] INFO  segmented.SegmentedRaftLogWorker (SegmentedRaftLogWorker.java:close(228)) - 44dd15f8-6ed7-4759-a927-399fb365e987-SegmentedRaftLogWorker:Storage Directory /workdir/hadoop-ozone/integration-test/target/test-dir/MiniOzoneClusterImpl-7ea47189-2199-496c-8461-08fb5daa32e9/datanode-2/data/ratis/01a628b8-15ec-4402-ba31-ac3146fedcd2 close()
2019-08-21 14:06:38,861 [main] INFO  server.GrpcService (GrpcService.java:closeImpl(155)) - 44dd15f8-6ed7-4759-a927-399fb365e987: shutdown server with port 33977 now
2019-08-21 14:06:38,862 [grpc-default-executor-11] WARN  client.GrpcClientProtocolService (LogUtils.java:warn(134)) - 2-UnorderedRequestStreamObserver2: onError: org.apache.ratis.thirdparty.io.grpc.StatusRuntimeException: CANCELLED: cancelled before receiving half close
2019-08-21 14:06:38,862 [main] INFO  server.GrpcService (GrpcService.java:closeImpl(163)) - 44dd15f8-6ed7-4759-a927-399fb365e987: shutdown server with port 33977 successfully
2019-08-21 14:06:38,864 [main] INFO  utils.BackgroundService (BackgroundService.java:shutdown(148)) - Shutting down service BlockDeletingService
2019-08-21 14:06:38,867 [refreshUsed-/workdir/hadoop-ozone/integration-test/target/test-dir/MiniOzoneClusterImpl-7ea47189-2199-496c-8461-08fb5daa32e9/datanode-2/data/containers] WARN  fs.CachingGetSpaceUsed (CachingGetSpaceUsed.java:run(183)) - Thread Interrupted waiting to refresh disk information: sleep interrupted
2019-08-21 14:06:38,890 [main] INFO  statemachine.DatanodeStateMachine (DatanodeStateMachine.java:stopDaemon(395)) - Ozone container server stopped.
2019-08-21 14:06:38,892 [main] INFO  handler.ContextHandler (ContextHandler.java:doStop(910)) - Stopped o.e.j.w.WebAppContext@6870e039{/,null,UNAVAILABLE}{/hddsDatanode}
2019-08-21 14:06:38,892 [main] INFO  server.AbstractConnector (AbstractConnector.java:doStop(318)) - Stopped ServerConnector@42599b84{HTTP/1.1,[http/1.1]}{0.0.0.0:0}
2019-08-21 14:06:38,893 [main] INFO  handler.ContextHandler (ContextHandler.java:doStop(910)) - Stopped o.e.j.s.ServletContextHandler@47b72d3b{/static,jar:file:/home/user/.m2/repository/org/apache/hadoop/hadoop-hdds-container-service/0.5.0-SNAPSHOT/hadoop-hdds-container-service-0.5.0-SNAPSHOT.jar!/webapps/static,UNAVAILABLE}
2019-08-21 14:06:38,893 [main] INFO  handler.ContextHandler (ContextHandler.java:doStop(910)) - Stopped o.e.j.s.ServletContextHandler@3723de42{/logs,file:///workdir/hadoop-ozone/integration-test/target/log,UNAVAILABLE}
2019-08-21 14:06:38,905 | INFO  | SCMAudit | user=jenkins1000 | ip=192.168.5.153 | op=SEND_HEARTBEAT {datanodeUUID=00fcee37-54ab-4c9e-9be2-8b052df77471, command=[]} | ret=SUCCESS |  
2019-08-21 14:06:39,067 | INFO  | SCMAudit | user=jenkins1000 | ip=192.168.5.153 | op=SEND_HEARTBEAT {datanodeUUID=e9811297-a3ab-4214-978c-7ba6074934ad, command=[]} | ret=SUCCESS |  
2019-08-21 14:06:39,230 | INFO  | SCMAudit | user=jenkins1000 | ip=192.168.5.153 | op=SEND_HEARTBEAT {datanodeUUID=171bb82a-885e-4b9c-ba33-fe6086da731b, command=[]} | ret=SUCCESS |  
2019-08-21 14:06:39,502 | INFO  | SCMAudit | user=jenkins1000 | ip=192.168.5.153 | op=SEND_HEARTBEAT {datanodeUUID=34e9b401-0a80-48b0-b439-106ab774064b, command=[commandType: closeContainerCommand closeContainerCommandProto { containerID: 1 pipelineID { id: "01a628b8-15ec-4402-ba31-ac3146fedcd2" } cmdId: 1 force: false } ]} | ret=SUCCESS |  
2019-08-21 14:06:39,502 | INFO  | SCMAudit | user=jenkins1000 | ip=192.168.5.153 | op=SEND_HEARTBEAT {datanodeUUID=836eae42-3b0d-43f5-9350-38cdf93fb6b1, command=[commandType: closeContainerCommand closeContainerCommandProto { containerID: 1 pipelineID { id: "01a628b8-15ec-4402-ba31-ac3146fedcd2" } cmdId: 1 force: false } ]} | ret=SUCCESS |  
2019-08-21 14:06:39,732 | INFO  | SCMAudit | user=jenkins1000 | ip=192.168.5.153 | op=SEND_HEARTBEAT {datanodeUUID=ff625bda-bd10-4290-9d5d-b2d4afbb6a9a, command=[]} | ret=SUCCESS |  
2019-08-21 14:06:39,905 | INFO  | SCMAudit | user=jenkins1000 | ip=192.168.5.153 | op=SEND_HEARTBEAT {datanodeUUID=00fcee37-54ab-4c9e-9be2-8b052df77471, command=[]} | ret=SUCCESS |  
2019-08-21 14:06:40,067 | INFO  | SCMAudit | user=jenkins1000 | ip=192.168.5.153 | op=SEND_HEARTBEAT {datanodeUUID=e9811297-a3ab-4214-978c-7ba6074934ad, command=[]} | ret=SUCCESS |  
2019-08-21 14:06:40,230 | INFO  | SCMAudit | user=jenkins1000 | ip=192.168.5.153 | op=SEND_HEARTBEAT {datanodeUUID=171bb82a-885e-4b9c-ba33-fe6086da731b, command=[]} | ret=SUCCESS |  
2019-08-21 14:06:40,501 | INFO  | SCMAudit | user=jenkins1000 | ip=192.168.5.153 | op=SEND_HEARTBEAT {datanodeUUID=836eae42-3b0d-43f5-9350-38cdf93fb6b1, command=[]} | ret=SUCCESS |  
2019-08-21 14:06:40,502 | INFO  | SCMAudit | user=jenkins1000 | ip=192.168.5.153 | op=SEND_HEARTBEAT {datanodeUUID=34e9b401-0a80-48b0-b439-106ab774064b, command=[]} | ret=SUCCESS |  
2019-08-21 14:06:40,732 | INFO  | SCMAudit | user=jenkins1000 | ip=192.168.5.153 | op=SEND_HEARTBEAT {datanodeUUID=ff625bda-bd10-4290-9d5d-b2d4afbb6a9a, command=[]} | ret=SUCCESS |  
2019-08-21 14:06:40,907 | INFO  | SCMAudit | user=jenkins1000 | ip=192.168.5.153 | op=SEND_HEARTBEAT {datanodeUUID=00fcee37-54ab-4c9e-9be2-8b052df77471, command=[]} | ret=SUCCESS |  
2019-08-21 14:06:40,908 [grpc-default-executor-8] INFO  client.GrpcClientProtocolClient (GrpcClientProtocolClient.java:onNext(255)) - client-3C8FFBF3EA90->34e9b401-0a80-48b0-b439-106ab774064b: receive RaftClientReply:client-3C8FFBF3EA90->34e9b401-0a80-48b0-b439-106ab774064b@group-AC3146FEDCD2, cid=184, FAILED org.apache.ratis.protocol.NotLeaderException: Server 34e9b401-0a80-48b0-b439-106ab774064b is not the leader (44dd15f8-6ed7-4759-a927-399fb365e987:192.168.5.153:33977). Request must be sent to leader., logIndex=0, commits[34e9b401-0a80-48b0-b439-106ab774064b:c15, 44dd15f8-6ed7-4759-a927-399fb365e987:c15, 836eae42-3b0d-43f5-9350-38cdf93fb6b1:c15]
2019-08-21 14:06:41,067 | INFO  | SCMAudit | user=jenkins1000 | ip=192.168.5.153 | op=SEND_HEARTBEAT {datanodeUUID=e9811297-a3ab-4214-978c-7ba6074934ad, command=[]} | ret=SUCCESS |  
2019-08-21 14:06:41,230 | INFO  | SCMAudit | user=jenkins1000 | ip=192.168.5.153 | op=SEND_HEARTBEAT {datanodeUUID=171bb82a-885e-4b9c-ba33-fe6086da731b, command=[]} | ret=SUCCESS |  
2019-08-21 14:06:41,501 | INFO  | SCMAudit | user=jenkins1000 | ip=192.168.5.153 | op=SEND_HEARTBEAT {datanodeUUID=836eae42-3b0d-43f5-9350-38cdf93fb6b1, command=[]} | ret=SUCCESS |  
2019-08-21 14:06:41,502 | INFO  | SCMAudit | user=jenkins1000 | ip=192.168.5.153 | op=SEND_HEARTBEAT {datanodeUUID=34e9b401-0a80-48b0-b439-106ab774064b, command=[]} | ret=SUCCESS |  
2019-08-21 14:06:41,528 | INFO  | SCMAudit | user=jenkins1000 | ip=192.168.5.153 | op=SEND_HEARTBEAT {datanodeUUID=34e9b401-0a80-48b0-b439-106ab774064b, command=[]} | ret=SUCCESS |  
2019-08-21 14:06:41,528 | INFO  | SCMAudit | user=jenkins1000 | ip=192.168.5.153 | op=SEND_HEARTBEAT {datanodeUUID=836eae42-3b0d-43f5-9350-38cdf93fb6b1, command=[]} | ret=SUCCESS |  
2019-08-21 14:06:41,732 | INFO  | SCMAudit | user=jenkins1000 | ip=192.168.5.153 | op=SEND_HEARTBEAT {datanodeUUID=ff625bda-bd10-4290-9d5d-b2d4afbb6a9a, command=[]} | ret=SUCCESS |  
2019-08-21 14:06:41,907 | INFO  | SCMAudit | user=jenkins1000 | ip=192.168.5.153 | op=SEND_HEARTBEAT {datanodeUUID=00fcee37-54ab-4c9e-9be2-8b052df77471, command=[]} | ret=SUCCESS |  
2019-08-21 14:06:41,927 [grpc-default-executor-11] INFO  client.GrpcClientProtocolClient (GrpcClientProtocolClient.java:onNext(255)) - client-3C8FFBF3EA90->836eae42-3b0d-43f5-9350-38cdf93fb6b1: receive RaftClientReply:client-3C8FFBF3EA90->836eae42-3b0d-43f5-9350-38cdf93fb6b1@group-AC3146FEDCD2, cid=184, FAILED org.apache.ratis.protocol.NotLeaderException: Server 836eae42-3b0d-43f5-9350-38cdf93fb6b1 is not the leader (44dd15f8-6ed7-4759-a927-399fb365e987:192.168.5.153:33977). Request must be sent to leader., logIndex=0, commits[836eae42-3b0d-43f5-9350-38cdf93fb6b1:c15, 44dd15f8-6ed7-4759-a927-399fb365e987:c15, 34e9b401-0a80-48b0-b439-106ab774064b:c15]
2019-08-21 14:06:42,067 | INFO  | SCMAudit | user=jenkins1000 | ip=192.168.5.153 | op=SEND_HEARTBEAT {datanodeUUID=e9811297-a3ab-4214-978c-7ba6074934ad, command=[]} | ret=SUCCESS |  
2019-08-21 14:06:42,230 | INFO  | SCMAudit | user=jenkins1000 | ip=192.168.5.153 | op=SEND_HEARTBEAT {datanodeUUID=171bb82a-885e-4b9c-ba33-fe6086da731b, command=[]} | ret=SUCCESS |  
2019-08-21 14:06:42,528 | INFO  | SCMAudit | user=jenkins1000 | ip=192.168.5.153 | op=SEND_HEARTBEAT {datanodeUUID=836eae42-3b0d-43f5-9350-38cdf93fb6b1, command=[]} | ret=SUCCESS |  
2019-08-21 14:06:42,528 | INFO  | SCMAudit | user=jenkins1000 | ip=192.168.5.153 | op=SEND_HEARTBEAT {datanodeUUID=34e9b401-0a80-48b0-b439-106ab774064b, command=[]} | ret=SUCCESS |  
2019-08-21 14:06:42,732 | INFO  | SCMAudit | user=jenkins1000 | ip=192.168.5.153 | op=SEND_HEARTBEAT {datanodeUUID=ff625bda-bd10-4290-9d5d-b2d4afbb6a9a, command=[]} | ret=SUCCESS |  
2019-08-21 14:06:42,908 | INFO  | SCMAudit | user=jenkins1000 | ip=192.168.5.153 | op=SEND_HEARTBEAT {datanodeUUID=00fcee37-54ab-4c9e-9be2-8b052df77471, command=[]} | ret=SUCCESS |  
2019-08-21 14:06:42,941 [grpc-default-executor-8] INFO  client.GrpcClientProtocolClient (GrpcClientProtocolClient.java:onNext(255)) - client-3C8FFBF3EA90->836eae42-3b0d-43f5-9350-38cdf93fb6b1: receive RaftClientReply:client-3C8FFBF3EA90->836eae42-3b0d-43f5-9350-38cdf93fb6b1@group-AC3146FEDCD2, cid=184, FAILED org.apache.ratis.protocol.NotLeaderException: Server 836eae42-3b0d-43f5-9350-38cdf93fb6b1 is not the leader (44dd15f8-6ed7-4759-a927-399fb365e987:192.168.5.153:33977). Request must be sent to leader., logIndex=0, commits[836eae42-3b0d-43f5-9350-38cdf93fb6b1:c15, 44dd15f8-6ed7-4759-a927-399fb365e987:c15, 34e9b401-0a80-48b0-b439-106ab774064b:c15]
2019-08-21 14:06:43,067 | INFO  | SCMAudit | user=jenkins1000 | ip=192.168.5.153 | op=SEND_HEARTBEAT {datanodeUUID=e9811297-a3ab-4214-978c-7ba6074934ad, command=[]} | ret=SUCCESS |  
2019-08-21 14:06:43,230 | INFO  | SCMAudit | user=jenkins1000 | ip=192.168.5.153 | op=SEND_HEARTBEAT {datanodeUUID=171bb82a-885e-4b9c-ba33-fe6086da731b, command=[]} | ret=SUCCESS |  
2019-08-21 14:06:43,528 | INFO  | SCMAudit | user=jenkins1000 | ip=192.168.5.153 | op=SEND_HEARTBEAT {datanodeUUID=836eae42-3b0d-43f5-9350-38cdf93fb6b1, command=[]} | ret=SUCCESS |  
2019-08-21 14:06:43,529 | INFO  | SCMAudit | user=jenkins1000 | ip=192.168.5.153 | op=SEND_HEARTBEAT {datanodeUUID=34e9b401-0a80-48b0-b439-106ab774064b, command=[]} | ret=SUCCESS |  
2019-08-21 14:06:43,732 | INFO  | SCMAudit | user=jenkins1000 | ip=192.168.5.153 | op=SEND_HEARTBEAT {datanodeUUID=ff625bda-bd10-4290-9d5d-b2d4afbb6a9a, command=[]} | ret=SUCCESS |  
2019-08-21 14:06:43,908 | INFO  | SCMAudit | user=jenkins1000 | ip=192.168.5.153 | op=SEND_HEARTBEAT {datanodeUUID=00fcee37-54ab-4c9e-9be2-8b052df77471, command=[]} | ret=SUCCESS |  
2019-08-21 14:06:43,955 [grpc-default-executor-11] INFO  client.GrpcClientProtocolClient (GrpcClientProtocolClient.java:onNext(255)) - client-3C8FFBF3EA90->34e9b401-0a80-48b0-b439-106ab774064b: receive RaftClientReply:client-3C8FFBF3EA90->34e9b401-0a80-48b0-b439-106ab774064b@group-AC3146FEDCD2, cid=184, FAILED org.apache.ratis.protocol.NotLeaderException: Server 34e9b401-0a80-48b0-b439-106ab774064b is not the leader (44dd15f8-6ed7-4759-a927-399fb365e987:192.168.5.153:33977). Request must be sent to leader., logIndex=0, commits[34e9b401-0a80-48b0-b439-106ab774064b:c15, 44dd15f8-6ed7-4759-a927-399fb365e987:c15, 836eae42-3b0d-43f5-9350-38cdf93fb6b1:c15]
2019-08-21 14:06:44,067 | INFO  | SCMAudit | user=jenkins1000 | ip=192.168.5.153 | op=SEND_HEARTBEAT {datanodeUUID=e9811297-a3ab-4214-978c-7ba6074934ad, command=[]} | ret=SUCCESS |  
2019-08-21 14:06:44,230 | INFO  | SCMAudit | user=jenkins1000 | ip=192.168.5.153 | op=SEND_HEARTBEAT {datanodeUUID=171bb82a-885e-4b9c-ba33-fe6086da731b, command=[]} | ret=SUCCESS |  
2019-08-21 14:06:44,529 | INFO  | SCMAudit | user=jenkins1000 | ip=192.168.5.153 | op=SEND_HEARTBEAT {datanodeUUID=836eae42-3b0d-43f5-9350-38cdf93fb6b1, command=[]} | ret=SUCCESS |  
2019-08-21 14:06:44,529 | INFO  | SCMAudit | user=jenkins1000 | ip=192.168.5.153 | op=SEND_HEARTBEAT {datanodeUUID=34e9b401-0a80-48b0-b439-106ab774064b, command=[]} | ret=SUCCESS |  
2019-08-21 14:06:44,732 | INFO  | SCMAudit | user=jenkins1000 | ip=192.168.5.153 | op=SEND_HEARTBEAT {datanodeUUID=ff625bda-bd10-4290-9d5d-b2d4afbb6a9a, command=[]} | ret=SUCCESS |  
2019-08-21 14:06:44,909 | INFO  | SCMAudit | user=jenkins1000 | ip=192.168.5.153 | op=SEND_HEARTBEAT {datanodeUUID=00fcee37-54ab-4c9e-9be2-8b052df77471, command=[]} | ret=SUCCESS |  
2019-08-21 14:06:44,968 [grpc-default-executor-8] INFO  client.GrpcClientProtocolClient (GrpcClientProtocolClient.java:onNext(255)) - client-3C8FFBF3EA90->836eae42-3b0d-43f5-9350-38cdf93fb6b1: receive RaftClientReply:client-3C8FFBF3EA90->836eae42-3b0d-43f5-9350-38cdf93fb6b1@group-AC3146FEDCD2, cid=184, FAILED org.apache.ratis.protocol.NotLeaderException: Server 836eae42-3b0d-43f5-9350-38cdf93fb6b1 is not the leader (44dd15f8-6ed7-4759-a927-399fb365e987:192.168.5.153:33977). Request must be sent to leader., logIndex=0, commits[836eae42-3b0d-43f5-9350-38cdf93fb6b1:c15, 44dd15f8-6ed7-4759-a927-399fb365e987:c15, 34e9b401-0a80-48b0-b439-106ab774064b:c15]
2019-08-21 14:06:45,067 | INFO  | SCMAudit | user=jenkins1000 | ip=192.168.5.153 | op=SEND_HEARTBEAT {datanodeUUID=e9811297-a3ab-4214-978c-7ba6074934ad, command=[]} | ret=SUCCESS |  
2019-08-21 14:06:45,230 | INFO  | SCMAudit | user=jenkins1000 | ip=192.168.5.153 | op=SEND_HEARTBEAT {datanodeUUID=171bb82a-885e-4b9c-ba33-fe6086da731b, command=[]} | ret=SUCCESS |  
2019-08-21 14:06:45,528 | INFO  | SCMAudit | user=jenkins1000 | ip=192.168.5.153 | op=SEND_HEARTBEAT {datanodeUUID=836eae42-3b0d-43f5-9350-38cdf93fb6b1, command=[]} | ret=SUCCESS |  
2019-08-21 14:06:45,529 | INFO  | SCMAudit | user=jenkins1000 | ip=192.168.5.153 | op=SEND_HEARTBEAT {datanodeUUID=34e9b401-0a80-48b0-b439-106ab774064b, command=[]} | ret=SUCCESS |  
2019-08-21 14:06:45,732 | INFO  | SCMAudit | user=jenkins1000 | ip=192.168.5.153 | op=SEND_HEARTBEAT {datanodeUUID=ff625bda-bd10-4290-9d5d-b2d4afbb6a9a, command=[]} | ret=SUCCESS |  
2019-08-21 14:06:45,908 | INFO  | SCMAudit | user=jenkins1000 | ip=192.168.5.153 | op=SEND_HEARTBEAT {datanodeUUID=00fcee37-54ab-4c9e-9be2-8b052df77471, command=[]} | ret=SUCCESS |  
2019-08-21 14:06:45,982 [grpc-default-executor-8] INFO  client.GrpcClientProtocolClient (GrpcClientProtocolClient.java:onNext(255)) - client-3C8FFBF3EA90->34e9b401-0a80-48b0-b439-106ab774064b: receive RaftClientReply:client-3C8FFBF3EA90->34e9b401-0a80-48b0-b439-106ab774064b@group-AC3146FEDCD2, cid=184, FAILED org.apache.ratis.protocol.NotLeaderException: Server 34e9b401-0a80-48b0-b439-106ab774064b is not the leader (44dd15f8-6ed7-4759-a927-399fb365e987:192.168.5.153:33977). Request must be sent to leader., logIndex=0, commits[34e9b401-0a80-48b0-b439-106ab774064b:c15, 44dd15f8-6ed7-4759-a927-399fb365e987:c15, 836eae42-3b0d-43f5-9350-38cdf93fb6b1:c15]
2019-08-21 14:06:46,067 | INFO  | SCMAudit | user=jenkins1000 | ip=192.168.5.153 | op=SEND_HEARTBEAT {datanodeUUID=e9811297-a3ab-4214-978c-7ba6074934ad, command=[]} | ret=SUCCESS |  
2019-08-21 14:06:46,230 | INFO  | SCMAudit | user=jenkins1000 | ip=192.168.5.153 | op=SEND_HEARTBEAT {datanodeUUID=171bb82a-885e-4b9c-ba33-fe6086da731b, command=[]} | ret=SUCCESS |  
2019-08-21 14:06:46,528 | INFO  | SCMAudit | user=jenkins1000 | ip=192.168.5.153 | op=SEND_HEARTBEAT {datanodeUUID=836eae42-3b0d-43f5-9350-38cdf93fb6b1, command=[]} | ret=SUCCESS |  
2019-08-21 14:06:46,529 | INFO  | SCMAudit | user=jenkins1000 | ip=192.168.5.153 | op=SEND_HEARTBEAT {datanodeUUID=34e9b401-0a80-48b0-b439-106ab774064b, command=[]} | ret=SUCCESS |  
2019-08-21 14:06:46,732 | INFO  | SCMAudit | user=jenkins1000 | ip=192.168.5.153 | op=SEND_HEARTBEAT {datanodeUUID=ff625bda-bd10-4290-9d5d-b2d4afbb6a9a, command=[]} | ret=SUCCESS |  
2019-08-21 14:06:46,908 | INFO  | SCMAudit | user=jenkins1000 | ip=192.168.5.153 | op=SEND_HEARTBEAT {datanodeUUID=00fcee37-54ab-4c9e-9be2-8b052df77471, command=[]} | ret=SUCCESS |  
2019-08-21 14:06:46,993 [grpc-default-executor-11] INFO  client.GrpcClientProtocolClient (GrpcClientProtocolClient.java:onNext(255)) - client-3C8FFBF3EA90->34e9b401-0a80-48b0-b439-106ab774064b: receive RaftClientReply:client-3C8FFBF3EA90->34e9b401-0a80-48b0-b439-106ab774064b@group-AC3146FEDCD2, cid=184, FAILED org.apache.ratis.protocol.NotLeaderException: Server 34e9b401-0a80-48b0-b439-106ab774064b is not the leader (44dd15f8-6ed7-4759-a927-399fb365e987:192.168.5.153:33977). Request must be sent to leader., logIndex=0, commits[34e9b401-0a80-48b0-b439-106ab774064b:c15, 44dd15f8-6ed7-4759-a927-399fb365e987:c15, 836eae42-3b0d-43f5-9350-38cdf93fb6b1:c15]
2019-08-21 14:06:47,067 | INFO  | SCMAudit | user=jenkins1000 | ip=192.168.5.153 | op=SEND_HEARTBEAT {datanodeUUID=e9811297-a3ab-4214-978c-7ba6074934ad, command=[]} | ret=SUCCESS |  
2019-08-21 14:06:47,230 | INFO  | SCMAudit | user=jenkins1000 | ip=192.168.5.153 | op=SEND_HEARTBEAT {datanodeUUID=171bb82a-885e-4b9c-ba33-fe6086da731b, command=[]} | ret=SUCCESS |  
2019-08-21 14:06:47,529 | INFO  | SCMAudit | user=jenkins1000 | ip=192.168.5.153 | op=SEND_HEARTBEAT {datanodeUUID=34e9b401-0a80-48b0-b439-106ab774064b, command=[]} | ret=SUCCESS |  
2019-08-21 14:06:47,529 | INFO  | SCMAudit | user=jenkins1000 | ip=192.168.5.153 | op=SEND_HEARTBEAT {datanodeUUID=836eae42-3b0d-43f5-9350-38cdf93fb6b1, command=[]} | ret=SUCCESS |  
2019-08-21 14:06:47,732 | INFO  | SCMAudit | user=jenkins1000 | ip=192.168.5.153 | op=SEND_HEARTBEAT {datanodeUUID=ff625bda-bd10-4290-9d5d-b2d4afbb6a9a, command=[]} | ret=SUCCESS |  
2019-08-21 14:06:47,908 | INFO  | SCMAudit | user=jenkins1000 | ip=192.168.5.153 | op=SEND_HEARTBEAT {datanodeUUID=00fcee37-54ab-4c9e-9be2-8b052df77471, command=[]} | ret=SUCCESS |  
2019-08-21 14:06:47,927 [Thread-3376] INFO  impl.FollowerState (FollowerState.java:run(106)) - 836eae42-3b0d-43f5-9350-38cdf93fb6b1:group-AC3146FEDCD2 changes to CANDIDATE, lastRpcTime:9138, electionTimeout:5055ms
2019-08-21 14:06:47,927 [Thread-3376] INFO  impl.RoleInfo (RoleInfo.java:shutdownFollowerState(121)) - 836eae42-3b0d-43f5-9350-38cdf93fb6b1: shutdown FollowerState
2019-08-21 14:06:47,927 [Thread-3376] INFO  impl.RaftServerImpl (RaftServerImpl.java:setRole(171)) - 836eae42-3b0d-43f5-9350-38cdf93fb6b1:group-AC3146FEDCD2 changes role from FOLLOWER to CANDIDATE at term 1 for changeToCandidate
2019-08-21 14:06:47,927 [Thread-3376] INFO  impl.RoleInfo (RoleInfo.java:updateAndGet(143)) - 836eae42-3b0d-43f5-9350-38cdf93fb6b1: start LeaderElection
2019-08-21 14:06:47,931 [836eae42-3b0d-43f5-9350-38cdf93fb6b1:group-AC3146FEDCD2:LeaderElection74] INFO  impl.RaftServerImpl (ServerState.java:setLeader(263)) - 836eae42-3b0d-43f5-9350-38cdf93fb6b1:group-AC3146FEDCD2 change Leader from 44dd15f8-6ed7-4759-a927-399fb365e987 to null at term 1 for initElection
2019-08-21 14:06:47,944 [836eae42-3b0d-43f5-9350-38cdf93fb6b1:group-AC3146FEDCD2:LeaderElection74] INFO  impl.LeaderElection (LeaderElection.java:askForVotes(181)) - 836eae42-3b0d-43f5-9350-38cdf93fb6b1:group-AC3146FEDCD2:LeaderElection74: begin an election at term 2 for 0: [44dd15f8-6ed7-4759-a927-399fb365e987:192.168.5.153:33977, 836eae42-3b0d-43f5-9350-38cdf93fb6b1:192.168.5.153:41934, 34e9b401-0a80-48b0-b439-106ab774064b:192.168.5.153:41483], old=null
2019-08-21 14:06:47,947 [836eae42-3b0d-43f5-9350-38cdf93fb6b1:group-AC3146FEDCD2:LeaderElection74] INFO  impl.LeaderElection (LogUtils.java:infoOrTrace(149)) - 836eae42-3b0d-43f5-9350-38cdf93fb6b1:group-AC3146FEDCD2:LeaderElection74 got exception when requesting votes: {}
java.util.concurrent.ExecutionException: org.apache.ratis.thirdparty.io.grpc.StatusRuntimeException: UNAVAILABLE: io exception
	at java.util.concurrent.FutureTask.report(FutureTask.java:122)
	at java.util.concurrent.FutureTask.get(FutureTask.java:192)
	at org.apache.ratis.server.impl.LeaderElection.waitForResults(LeaderElection.java:262)
	at org.apache.ratis.server.impl.LeaderElection.askForVotes(LeaderElection.java:200)
	at org.apache.ratis.server.impl.LeaderElection.run(LeaderElection.java:130)
	at java.lang.Thread.run(Thread.java:748)
Caused by: org.apache.ratis.thirdparty.io.grpc.StatusRuntimeException: UNAVAILABLE: io exception
	at org.apache.ratis.thirdparty.io.grpc.stub.ClientCalls.toStatusRuntimeException(ClientCalls.java:233)
	at org.apache.ratis.thirdparty.io.grpc.stub.ClientCalls.getUnchecked(ClientCalls.java:214)
	at org.apache.ratis.thirdparty.io.grpc.stub.ClientCalls.blockingUnaryCall(ClientCalls.java:139)
	at org.apache.ratis.proto.grpc.RaftServerProtocolServiceGrpc$RaftServerProtocolServiceBlockingStub.requestVote(RaftServerProtocolServiceGrpc.java:265)
	at org.apache.ratis.grpc.server.GrpcServerProtocolClient.requestVote(GrpcServerProtocolClient.java:83)
	at org.apache.ratis.grpc.server.GrpcService.requestVote(GrpcService.java:195)
	at org.apache.ratis.server.impl.LeaderElection.lambda$submitRequests$1(LeaderElection.java:237)
	at java.util.concurrent.FutureTask.run(FutureTask.java:266)
	at java.util.concurrent.Executors$RunnableAdapter.call(Executors.java:511)
	at java.util.concurrent.FutureTask.run(FutureTask.java:266)
	at java.util.concurrent.ThreadPoolExecutor.runWorker(ThreadPoolExecutor.java:1149)
	at java.util.concurrent.ThreadPoolExecutor$Worker.run(ThreadPoolExecutor.java:624)
	... 1 more
Caused by: org.apache.ratis.thirdparty.io.netty.channel.AbstractChannel$AnnotatedConnectException: Connection refused: /192.168.5.153:33977
	at sun.nio.ch.SocketChannelImpl.checkConnect(Native Method)
	at sun.nio.ch.SocketChannelImpl.finishConnect(SocketChannelImpl.java:717)
	at org.apache.ratis.thirdparty.io.netty.channel.socket.nio.NioSocketChannel.doFinishConnect(NioSocketChannel.java:327)
	at org.apache.ratis.thirdparty.io.netty.channel.nio.AbstractNioChannel$AbstractNioUnsafe.finishConnect(AbstractNioChannel.java:340)
	at org.apache.ratis.thirdparty.io.netty.channel.nio.NioEventLoop.processSelectedKey(NioEventLoop.java:632)
	at org.apache.ratis.thirdparty.io.netty.channel.nio.NioEventLoop.processSelectedKeysOptimized(NioEventLoop.java:579)
	at org.apache.ratis.thirdparty.io.netty.channel.nio.NioEventLoop.processSelectedKeys(NioEventLoop.java:496)
	at org.apache.ratis.thirdparty.io.netty.channel.nio.NioEventLoop.run(NioEventLoop.java:458)
	at org.apache.ratis.thirdparty.io.netty.util.concurrent.SingleThreadEventExecutor$5.run(SingleThreadEventExecutor.java:897)
	at org.apache.ratis.thirdparty.io.netty.util.concurrent.FastThreadLocalRunnable.run(FastThreadLocalRunnable.java:30)
	... 1 more
Caused by: java.net.ConnectException: Connection refused
	... 11 more
2019-08-21 14:06:47,953 [grpc-default-executor-8] INFO  impl.RaftServerImpl (ServerState.java:setLeader(263)) - 34e9b401-0a80-48b0-b439-106ab774064b:group-AC3146FEDCD2 change Leader from 44dd15f8-6ed7-4759-a927-399fb365e987 to null at term 2 for updateCurrentTerm
2019-08-21 14:06:47,953 [grpc-default-executor-8] INFO  impl.RaftServerImpl (RaftServerImpl.java:setRole(171)) - 34e9b401-0a80-48b0-b439-106ab774064b:group-AC3146FEDCD2 changes role from FOLLOWER to FOLLOWER at term 2 for recognizeCandidate:836eae42-3b0d-43f5-9350-38cdf93fb6b1
2019-08-21 14:06:47,954 [grpc-default-executor-8] INFO  impl.RoleInfo (RoleInfo.java:shutdownFollowerState(121)) - 34e9b401-0a80-48b0-b439-106ab774064b: shutdown FollowerState
2019-08-21 14:06:47,954 [grpc-default-executor-8] INFO  impl.RoleInfo (RoleInfo.java:updateAndGet(143)) - 34e9b401-0a80-48b0-b439-106ab774064b: start FollowerState
2019-08-21 14:06:47,954 [Thread-3385] INFO  impl.FollowerState (FollowerState.java:run(114)) - 34e9b401-0a80-48b0-b439-106ab774064b: FollowerState was interrupted: java.lang.InterruptedException: sleep interrupted
2019-08-21 14:06:47,970 [836eae42-3b0d-43f5-9350-38cdf93fb6b1:group-AC3146FEDCD2:LeaderElection74] INFO  impl.LeaderElection (LeaderElection.java:logAndReturn(56)) - 836eae42-3b0d-43f5-9350-38cdf93fb6b1:group-AC3146FEDCD2:LeaderElection74: Election PASSED; received 1 response(s) [836eae42-3b0d-43f5-9350-38cdf93fb6b1<-34e9b401-0a80-48b0-b439-106ab774064b#0:OK-t2] and 1 exception(s); 836eae42-3b0d-43f5-9350-38cdf93fb6b1:t2, leader=null, voted=836eae42-3b0d-43f5-9350-38cdf93fb6b1, raftlog=836eae42-3b0d-43f5-9350-38cdf93fb6b1-SegmentedRaftLog:OPENED:c15,f15,i15, conf=0: [44dd15f8-6ed7-4759-a927-399fb365e987:192.168.5.153:33977, 836eae42-3b0d-43f5-9350-38cdf93fb6b1:192.168.5.153:41934, 34e9b401-0a80-48b0-b439-106ab774064b:192.168.5.153:41483], old=null
2019-08-21 14:06:47,971 [836eae42-3b0d-43f5-9350-38cdf93fb6b1:group-AC3146FEDCD2:LeaderElection74] INFO  impl.LeaderElection (LogUtils.java:infoOrTrace(149)) -   Exception 0: {}
java.util.concurrent.ExecutionException: org.apache.ratis.thirdparty.io.grpc.StatusRuntimeException: UNAVAILABLE: io exception
	at java.util.concurrent.FutureTask.report(FutureTask.java:122)
	at java.util.concurrent.FutureTask.get(FutureTask.java:192)
	at org.apache.ratis.server.impl.LeaderElection.waitForResults(LeaderElection.java:262)
	at org.apache.ratis.server.impl.LeaderElection.askForVotes(LeaderElection.java:200)
	at org.apache.ratis.server.impl.LeaderElection.run(LeaderElection.java:130)
	at java.lang.Thread.run(Thread.java:748)
Caused by: org.apache.ratis.thirdparty.io.grpc.StatusRuntimeException: UNAVAILABLE: io exception
	at org.apache.ratis.thirdparty.io.grpc.stub.ClientCalls.toStatusRuntimeException(ClientCalls.java:233)
	at org.apache.ratis.thirdparty.io.grpc.stub.ClientCalls.getUnchecked(ClientCalls.java:214)
	at org.apache.ratis.thirdparty.io.grpc.stub.ClientCalls.blockingUnaryCall(ClientCalls.java:139)
	at org.apache.ratis.proto.grpc.RaftServerProtocolServiceGrpc$RaftServerProtocolServiceBlockingStub.requestVote(RaftServerProtocolServiceGrpc.java:265)
	at org.apache.ratis.grpc.server.GrpcServerProtocolClient.requestVote(GrpcServerProtocolClient.java:83)
	at org.apache.ratis.grpc.server.GrpcService.requestVote(GrpcService.java:195)
	at org.apache.ratis.server.impl.LeaderElection.lambda$submitRequests$1(LeaderElection.java:237)
	at java.util.concurrent.FutureTask.run(FutureTask.java:266)
	at java.util.concurrent.Executors$RunnableAdapter.call(Executors.java:511)
	at java.util.concurrent.FutureTask.run(FutureTask.java:266)
	at java.util.concurrent.ThreadPoolExecutor.runWorker(ThreadPoolExecutor.java:1149)
	at java.util.concurrent.ThreadPoolExecutor$Worker.run(ThreadPoolExecutor.java:624)
	... 1 more
Caused by: org.apache.ratis.thirdparty.io.netty.channel.AbstractChannel$AnnotatedConnectException: Connection refused: /192.168.5.153:33977
	at sun.nio.ch.SocketChannelImpl.checkConnect(Native Method)
	at sun.nio.ch.SocketChannelImpl.finishConnect(SocketChannelImpl.java:717)
	at org.apache.ratis.thirdparty.io.netty.channel.socket.nio.NioSocketChannel.doFinishConnect(NioSocketChannel.java:327)
	at org.apache.ratis.thirdparty.io.netty.channel.nio.AbstractNioChannel$AbstractNioUnsafe.finishConnect(AbstractNioChannel.java:340)
	at org.apache.ratis.thirdparty.io.netty.channel.nio.NioEventLoop.processSelectedKey(NioEventLoop.java:632)
	at org.apache.ratis.thirdparty.io.netty.channel.nio.NioEventLoop.processSelectedKeysOptimized(NioEventLoop.java:579)
	at org.apache.ratis.thirdparty.io.netty.channel.nio.NioEventLoop.processSelectedKeys(NioEventLoop.java:496)
	at org.apache.ratis.thirdparty.io.netty.channel.nio.NioEventLoop.run(NioEventLoop.java:458)
	at org.apache.ratis.thirdparty.io.netty.util.concurrent.SingleThreadEventExecutor$5.run(SingleThreadEventExecutor.java:897)
	at org.apache.ratis.thirdparty.io.netty.util.concurrent.FastThreadLocalRunnable.run(FastThreadLocalRunnable.java:30)
	... 1 more
Caused by: java.net.ConnectException: Connection refused
	... 11 more
2019-08-21 14:06:47,971 [836eae42-3b0d-43f5-9350-38cdf93fb6b1:group-AC3146FEDCD2:LeaderElection74] INFO  impl.RoleInfo (RoleInfo.java:shutdownLeaderElection(134)) - 836eae42-3b0d-43f5-9350-38cdf93fb6b1: shutdown LeaderElection
2019-08-21 14:06:47,971 [836eae42-3b0d-43f5-9350-38cdf93fb6b1:group-AC3146FEDCD2:LeaderElection74] INFO  impl.RaftServerImpl (RaftServerImpl.java:setRole(171)) - 836eae42-3b0d-43f5-9350-38cdf93fb6b1:group-AC3146FEDCD2 changes role from CANDIDATE to LEADER at term 2 for changeToLeader
2019-08-21 14:06:47,971 [836eae42-3b0d-43f5-9350-38cdf93fb6b1:group-AC3146FEDCD2:LeaderElection74] INFO  impl.RaftServerImpl (ServerState.java:setLeader(263)) - 836eae42-3b0d-43f5-9350-38cdf93fb6b1:group-AC3146FEDCD2 change Leader from null to 836eae42-3b0d-43f5-9350-38cdf93fb6b1 at term 2 for becomeLeader, leader elected after 40ms
2019-08-21 14:06:47,972 [836eae42-3b0d-43f5-9350-38cdf93fb6b1:group-AC3146FEDCD2:LeaderElection74] INFO  server.RaftServerConfigKeys (ConfUtils.java:logGet(43)) - raft.server.staging.catchup.gap = 1000 (default)
2019-08-21 14:06:47,972 [836eae42-3b0d-43f5-9350-38cdf93fb6b1:group-AC3146FEDCD2:LeaderElection74] INFO  server.RaftServerConfigKeys (ConfUtils.java:logGet(43)) - raft.server.rpc.sleep.time = 25ms (default)
2019-08-21 14:06:47,972 [836eae42-3b0d-43f5-9350-38cdf93fb6b1:group-AC3146FEDCD2:LeaderElection74] INFO  server.RaftServerConfigKeys (ConfUtils.java:logGet(43)) - raft.server.write.element-limit = 4096 (default)
2019-08-21 14:06:47,972 [836eae42-3b0d-43f5-9350-38cdf93fb6b1:group-AC3146FEDCD2:LeaderElection74] INFO  server.RaftServerConfigKeys (ConfUtils.java:logGet(43)) - raft.server.watch.timeout = 10s (default)
2019-08-21 14:06:47,972 [836eae42-3b0d-43f5-9350-38cdf93fb6b1:group-AC3146FEDCD2:LeaderElection74] INFO  server.RaftServerConfigKeys (ConfUtils.java:logGet(43)) - raft.server.watch.timeout.denomination = 1s (default)
2019-08-21 14:06:47,972 [836eae42-3b0d-43f5-9350-38cdf93fb6b1:group-AC3146FEDCD2:LeaderElection74] INFO  server.RaftServerConfigKeys (ConfUtils.java:logGet(43)) - raft.server.watch.element-limit = 65536 (default)
2019-08-21 14:06:47,973 [836eae42-3b0d-43f5-9350-38cdf93fb6b1:group-AC3146FEDCD2:LeaderElection74] INFO  server.RaftServerConfigKeys (ConfUtils.java:logGet(43)) - raft.server.log.appender.snapshot.chunk.size.max = 16MB (=16777216) (default)
2019-08-21 14:06:47,973 [836eae42-3b0d-43f5-9350-38cdf93fb6b1:group-AC3146FEDCD2:LeaderElection74] INFO  server.RaftServerConfigKeys (ConfUtils.java:logGet(43)) - raft.server.log.appender.buffer.byte-limit = 33554432 (custom)
2019-08-21 14:06:47,973 [836eae42-3b0d-43f5-9350-38cdf93fb6b1:group-AC3146FEDCD2:LeaderElection74] INFO  server.RaftServerConfigKeys (ConfUtils.java:logGet(43)) - raft.server.log.appender.buffer.element-limit = 1 (custom)
2019-08-21 14:06:47,973 [836eae42-3b0d-43f5-9350-38cdf93fb6b1:group-AC3146FEDCD2:LeaderElection74] INFO  grpc.GrpcConfigKeys$Server (ConfUtils.java:logGet(43)) - raft.grpc.server.leader.outstanding.appends.max = 128 (default)
2019-08-21 14:06:47,973 [836eae42-3b0d-43f5-9350-38cdf93fb6b1:group-AC3146FEDCD2:LeaderElection74] INFO  server.RaftServerConfigKeys (ConfUtils.java:logGet(43)) - raft.server.rpc.request.timeout = 3000ms (default)
2019-08-21 14:06:47,974 [836eae42-3b0d-43f5-9350-38cdf93fb6b1:group-AC3146FEDCD2:LeaderElection74] INFO  server.RaftServerConfigKeys (ConfUtils.java:logGet(43)) - raft.server.log.appender.install.snapshot.enabled = false (custom)
2019-08-21 14:06:47,974 [836eae42-3b0d-43f5-9350-38cdf93fb6b1:group-AC3146FEDCD2:LeaderElection74] INFO  server.RaftServerConfigKeys (ConfUtils.java:logGet(43)) - raft.server.log.appender.snapshot.chunk.size.max = 16MB (=16777216) (default)
2019-08-21 14:06:47,974 [836eae42-3b0d-43f5-9350-38cdf93fb6b1:group-AC3146FEDCD2:LeaderElection74] INFO  server.RaftServerConfigKeys (ConfUtils.java:logGet(43)) - raft.server.log.appender.buffer.byte-limit = 33554432 (custom)
2019-08-21 14:06:47,974 [836eae42-3b0d-43f5-9350-38cdf93fb6b1:group-AC3146FEDCD2:LeaderElection74] INFO  server.RaftServerConfigKeys (ConfUtils.java:logGet(43)) - raft.server.log.appender.buffer.element-limit = 1 (custom)
2019-08-21 14:06:47,974 [836eae42-3b0d-43f5-9350-38cdf93fb6b1:group-AC3146FEDCD2:LeaderElection74] INFO  grpc.GrpcConfigKeys$Server (ConfUtils.java:logGet(43)) - raft.grpc.server.leader.outstanding.appends.max = 128 (default)
2019-08-21 14:06:47,974 [836eae42-3b0d-43f5-9350-38cdf93fb6b1:group-AC3146FEDCD2:LeaderElection74] INFO  server.RaftServerConfigKeys (ConfUtils.java:logGet(43)) - raft.server.rpc.request.timeout = 3000ms (default)
2019-08-21 14:06:47,974 [836eae42-3b0d-43f5-9350-38cdf93fb6b1:group-AC3146FEDCD2:LeaderElection74] INFO  server.RaftServerConfigKeys (ConfUtils.java:logGet(43)) - raft.server.log.appender.install.snapshot.enabled = false (custom)
2019-08-21 14:06:47,975 [836eae42-3b0d-43f5-9350-38cdf93fb6b1:group-AC3146FEDCD2:LeaderElection74] INFO  impl.RoleInfo (RoleInfo.java:updateAndGet(143)) - 836eae42-3b0d-43f5-9350-38cdf93fb6b1: start LeaderState
2019-08-21 14:06:47,975 [836eae42-3b0d-43f5-9350-38cdf93fb6b1:group-AC3146FEDCD2:LeaderElection74] INFO  segmented.SegmentedRaftLogWorker (SegmentedRaftLogWorker.java:rollLogSegment(385)) - 836eae42-3b0d-43f5-9350-38cdf93fb6b1-SegmentedRaftLogWorker:Storage Directory /workdir/hadoop-ozone/integration-test/target/test-dir/MiniOzoneClusterImpl-7ea47189-2199-496c-8461-08fb5daa32e9/datanode-0/data/ratis/01a628b8-15ec-4402-ba31-ac3146fedcd2: Rolling segment log-0_15 to index:15
2019-08-21 14:06:47,976 [836eae42-3b0d-43f5-9350-38cdf93fb6b1-SegmentedRaftLogWorker:Storage Directory /workdir/hadoop-ozone/integration-test/target/test-dir/MiniOzoneClusterImpl-7ea47189-2199-496c-8461-08fb5daa32e9/datanode-0/data/ratis/01a628b8-15ec-4402-ba31-ac3146fedcd2] INFO  segmented.SegmentedRaftLogWorker (SegmentedRaftLogWorker.java:execute(526)) - 836eae42-3b0d-43f5-9350-38cdf93fb6b1-SegmentedRaftLogWorker:Storage Directory /workdir/hadoop-ozone/integration-test/target/test-dir/MiniOzoneClusterImpl-7ea47189-2199-496c-8461-08fb5daa32e9/datanode-0/data/ratis/01a628b8-15ec-4402-ba31-ac3146fedcd2: Rolled log segment from /workdir/hadoop-ozone/integration-test/target/test-dir/MiniOzoneClusterImpl-7ea47189-2199-496c-8461-08fb5daa32e9/datanode-0/data/ratis/01a628b8-15ec-4402-ba31-ac3146fedcd2/current/log_inprogress_0 to /workdir/hadoop-ozone/integration-test/target/test-dir/MiniOzoneClusterImpl-7ea47189-2199-496c-8461-08fb5daa32e9/datanode-0/data/ratis/01a628b8-15ec-4402-ba31-ac3146fedcd2/current/log_0-15
2019-08-21 14:06:47,976 [836eae42-3b0d-43f5-9350-38cdf93fb6b1:group-AC3146FEDCD2:LeaderElection74] INFO  impl.RaftServerImpl (ServerState.java:setRaftConf(361)) - 836eae42-3b0d-43f5-9350-38cdf93fb6b1:group-AC3146FEDCD2 set configuration 16: [44dd15f8-6ed7-4759-a927-399fb365e987:192.168.5.153:33977, 836eae42-3b0d-43f5-9350-38cdf93fb6b1:192.168.5.153:41934, 34e9b401-0a80-48b0-b439-106ab774064b:192.168.5.153:41483], old=null at 16
2019-08-21 14:06:47,976 [grpc-default-executor-8] WARN  server.GrpcLogAppender (LogUtils.java:warn(134)) - 836eae42-3b0d-43f5-9350-38cdf93fb6b1->44dd15f8-6ed7-4759-a927-399fb365e987: Failed appendEntries: org.apache.ratis.thirdparty.io.grpc.StatusRuntimeException: UNAVAILABLE: io exception
2019-08-21 14:06:47,977 [grpc-default-executor-8] INFO  impl.FollowerInfo (FollowerInfo.java:lambda$new$0(50)) - 836eae42-3b0d-43f5-9350-38cdf93fb6b1->44dd15f8-6ed7-4759-a927-399fb365e987: nextIndex: updateUnconditionally 16 -> 1
2019-08-21 14:06:47,977 [grpc-default-executor-10] INFO  impl.RaftServerImpl (ServerState.java:setLeader(263)) - 34e9b401-0a80-48b0-b439-106ab774064b:group-AC3146FEDCD2 change Leader from null to 836eae42-3b0d-43f5-9350-38cdf93fb6b1 at term 2 for appendEntries, leader elected after 24ms
2019-08-21 14:06:47,980 [grpc-default-executor-10] INFO  impl.RaftServerImpl (ServerState.java:setRaftConf(361)) - 34e9b401-0a80-48b0-b439-106ab774064b:group-AC3146FEDCD2 set configuration 16: [44dd15f8-6ed7-4759-a927-399fb365e987:192.168.5.153:33977, 836eae42-3b0d-43f5-9350-38cdf93fb6b1:192.168.5.153:41934, 34e9b401-0a80-48b0-b439-106ab774064b:192.168.5.153:41483], old=null at 16
2019-08-21 14:06:47,980 [grpc-default-executor-10] INFO  segmented.SegmentedRaftLogWorker (SegmentedRaftLogWorker.java:rollLogSegment(385)) - 34e9b401-0a80-48b0-b439-106ab774064b-SegmentedRaftLogWorker:Storage Directory /workdir/hadoop-ozone/integration-test/target/test-dir/MiniOzoneClusterImpl-7ea47189-2199-496c-8461-08fb5daa32e9/datanode-1/data/ratis/01a628b8-15ec-4402-ba31-ac3146fedcd2: Rolling segment log-0_15 to index:15
2019-08-21 14:06:47,981 [34e9b401-0a80-48b0-b439-106ab774064b-SegmentedRaftLogWorker:Storage Directory /workdir/hadoop-ozone/integration-test/target/test-dir/MiniOzoneClusterImpl-7ea47189-2199-496c-8461-08fb5daa32e9/datanode-1/data/ratis/01a628b8-15ec-4402-ba31-ac3146fedcd2] INFO  segmented.SegmentedRaftLogWorker (SegmentedRaftLogWorker.java:execute(526)) - 34e9b401-0a80-48b0-b439-106ab774064b-SegmentedRaftLogWorker:Storage Directory /workdir/hadoop-ozone/integration-test/target/test-dir/MiniOzoneClusterImpl-7ea47189-2199-496c-8461-08fb5daa32e9/datanode-1/data/ratis/01a628b8-15ec-4402-ba31-ac3146fedcd2: Rolled log segment from /workdir/hadoop-ozone/integration-test/target/test-dir/MiniOzoneClusterImpl-7ea47189-2199-496c-8461-08fb5daa32e9/datanode-1/data/ratis/01a628b8-15ec-4402-ba31-ac3146fedcd2/current/log_inprogress_0 to /workdir/hadoop-ozone/integration-test/target/test-dir/MiniOzoneClusterImpl-7ea47189-2199-496c-8461-08fb5daa32e9/datanode-1/data/ratis/01a628b8-15ec-4402-ba31-ac3146fedcd2/current/log_0-15
2019-08-21 14:06:48,021 [grpc-default-executor-8] INFO  client.GrpcClientProtocolClient (GrpcClientProtocolClient.java:onNext(255)) - client-3C8FFBF3EA90->34e9b401-0a80-48b0-b439-106ab774064b: receive RaftClientReply:client-3C8FFBF3EA90->34e9b401-0a80-48b0-b439-106ab774064b@group-AC3146FEDCD2, cid=184, FAILED org.apache.ratis.protocol.NotLeaderException: Server 34e9b401-0a80-48b0-b439-106ab774064b is not the leader (836eae42-3b0d-43f5-9350-38cdf93fb6b1:192.168.5.153:41934). Request must be sent to leader., logIndex=0, commits[34e9b401-0a80-48b0-b439-106ab774064b:c15, 44dd15f8-6ed7-4759-a927-399fb365e987:c15, 836eae42-3b0d-43f5-9350-38cdf93fb6b1:c15]
2019-08-21 14:06:48,036 [grpc-default-executor-11] INFO  client.GrpcClientProtocolClient (GrpcClientProtocolClient.java:onNext(255)) - client-3C8FFBF3EA90->836eae42-3b0d-43f5-9350-38cdf93fb6b1: receive RaftClientReply:client-3C8FFBF3EA90->836eae42-3b0d-43f5-9350-38cdf93fb6b1@group-AC3146FEDCD2, cid=184, FAILED org.apache.ratis.protocol.LeaderNotReadyException: 836eae42-3b0d-43f5-9350-38cdf93fb6b1 is in LEADER state but not ready yet., logIndex=0, commits[836eae42-3b0d-43f5-9350-38cdf93fb6b1:c15, 44dd15f8-6ed7-4759-a927-399fb365e987:c15, 34e9b401-0a80-48b0-b439-106ab774064b:c15]
2019-08-21 14:06:48,044 [836eae42-3b0d-43f5-9350-38cdf93fb6b1-SegmentedRaftLogWorker:Storage Directory /workdir/hadoop-ozone/integration-test/target/test-dir/MiniOzoneClusterImpl-7ea47189-2199-496c-8461-08fb5daa32e9/datanode-0/data/ratis/01a628b8-15ec-4402-ba31-ac3146fedcd2] INFO  segmented.SegmentedRaftLogWorker (SegmentedRaftLogWorker.java:execute(569)) - 836eae42-3b0d-43f5-9350-38cdf93fb6b1-SegmentedRaftLogWorker:Storage Directory /workdir/hadoop-ozone/integration-test/target/test-dir/MiniOzoneClusterImpl-7ea47189-2199-496c-8461-08fb5daa32e9/datanode-0/data/ratis/01a628b8-15ec-4402-ba31-ac3146fedcd2: created new log segment /workdir/hadoop-ozone/integration-test/target/test-dir/MiniOzoneClusterImpl-7ea47189-2199-496c-8461-08fb5daa32e9/datanode-0/data/ratis/01a628b8-15ec-4402-ba31-ac3146fedcd2/current/log_inprogress_16
2019-08-21 14:06:48,044 [34e9b401-0a80-48b0-b439-106ab774064b-SegmentedRaftLogWorker:Storage Directory /workdir/hadoop-ozone/integration-test/target/test-dir/MiniOzoneClusterImpl-7ea47189-2199-496c-8461-08fb5daa32e9/datanode-1/data/ratis/01a628b8-15ec-4402-ba31-ac3146fedcd2] INFO  segmented.SegmentedRaftLogWorker (SegmentedRaftLogWorker.java:execute(569)) - 34e9b401-0a80-48b0-b439-106ab774064b-SegmentedRaftLogWorker:Storage Directory /workdir/hadoop-ozone/integration-test/target/test-dir/MiniOzoneClusterImpl-7ea47189-2199-496c-8461-08fb5daa32e9/datanode-1/data/ratis/01a628b8-15ec-4402-ba31-ac3146fedcd2: created new log segment /workdir/hadoop-ozone/integration-test/target/test-dir/MiniOzoneClusterImpl-7ea47189-2199-496c-8461-08fb5daa32e9/datanode-1/data/ratis/01a628b8-15ec-4402-ba31-ac3146fedcd2/current/log_inprogress_16
2019-08-21 14:06:48,070 | INFO  | DNAudit | user=null | ip=null | op=READ_CHUNK {blockData=conID: 1 locID: 102655353768706062 bcsId: 0} | ret=SUCCESS |  
2019-08-21 14:06:48,070 | INFO  | SCMAudit | user=jenkins1000 | ip=192.168.5.153 | op=SEND_HEARTBEAT {datanodeUUID=e9811297-a3ab-4214-978c-7ba6074934ad, command=[]} | ret=SUCCESS |  
2019-08-21 14:06:48,075 [grpc-default-executor-10] WARN  server.GrpcLogAppender (LogUtils.java:warn(134)) - 836eae42-3b0d-43f5-9350-38cdf93fb6b1->44dd15f8-6ed7-4759-a927-399fb365e987: Failed appendEntries: org.apache.ratis.thirdparty.io.grpc.StatusRuntimeException: UNAVAILABLE: io exception
2019-08-21 14:06:48,076 [grpc-default-executor-10] INFO  impl.FollowerInfo (FollowerInfo.java:lambda$new$0(50)) - 836eae42-3b0d-43f5-9350-38cdf93fb6b1->44dd15f8-6ed7-4759-a927-399fb365e987: nextIndex: updateUnconditionally 2 -> 1
2019-08-21 14:06:48,230 | INFO  | SCMAudit | user=jenkins1000 | ip=192.168.5.153 | op=SEND_HEARTBEAT {datanodeUUID=171bb82a-885e-4b9c-ba33-fe6086da731b, command=[]} | ret=SUCCESS |  
2019-08-21 14:06:48,529 | INFO  | SCMAudit | user=jenkins1000 | ip=192.168.5.153 | op=SEND_HEARTBEAT {datanodeUUID=836eae42-3b0d-43f5-9350-38cdf93fb6b1, command=[]} | ret=SUCCESS |  
2019-08-21 14:06:48,529 | INFO  | SCMAudit | user=jenkins1000 | ip=192.168.5.153 | op=SEND_HEARTBEAT {datanodeUUID=34e9b401-0a80-48b0-b439-106ab774064b, command=[]} | ret=SUCCESS |  
2019-08-21 14:06:48,732 | INFO  | SCMAudit | user=jenkins1000 | ip=192.168.5.153 | op=SEND_HEARTBEAT {datanodeUUID=ff625bda-bd10-4290-9d5d-b2d4afbb6a9a, command=[]} | ret=SUCCESS |  
2019-08-21 14:06:48,909 | INFO  | SCMAudit | user=jenkins1000 | ip=192.168.5.153 | op=SEND_HEARTBEAT {datanodeUUID=00fcee37-54ab-4c9e-9be2-8b052df77471, command=[]} | ret=SUCCESS |  
2019-08-21 14:06:49,068 | INFO  | SCMAudit | user=jenkins1000 | ip=192.168.5.153 | op=SEND_HEARTBEAT {datanodeUUID=e9811297-a3ab-4214-978c-7ba6074934ad, command=[]} | ret=SUCCESS |  
2019-08-21 14:06:49,230 | INFO  | SCMAudit | user=jenkins1000 | ip=192.168.5.153 | op=SEND_HEARTBEAT {datanodeUUID=171bb82a-885e-4b9c-ba33-fe6086da731b, command=[]} | ret=SUCCESS |  
2019-08-21 14:06:49,529 | INFO  | SCMAudit | user=jenkins1000 | ip=192.168.5.153 | op=SEND_HEARTBEAT {datanodeUUID=836eae42-3b0d-43f5-9350-38cdf93fb6b1, command=[]} | ret=SUCCESS |  
2019-08-21 14:06:49,529 | INFO  | SCMAudit | user=jenkins1000 | ip=192.168.5.153 | op=SEND_HEARTBEAT {datanodeUUID=34e9b401-0a80-48b0-b439-106ab774064b, command=[]} | ret=SUCCESS |  
2019-08-21 14:06:49,732 | INFO  | SCMAudit | user=jenkins1000 | ip=192.168.5.153 | op=SEND_HEARTBEAT {datanodeUUID=ff625bda-bd10-4290-9d5d-b2d4afbb6a9a, command=[]} | ret=SUCCESS |  
2019-08-21 14:06:49,908 | INFO  | SCMAudit | user=jenkins1000 | ip=192.168.5.153 | op=SEND_HEARTBEAT {datanodeUUID=00fcee37-54ab-4c9e-9be2-8b052df77471, command=[]} | ret=SUCCESS |  
2019-08-21 14:06:50,041 | ERROR | DNAudit | user=null | ip=null | op=WRITE_CHUNK {blockData=conID: 1 locID: 102655353768706062 bcsId: 13} | ret=FAILURE | org.apache.hadoop.hdds.scm.container.common.helpers.ContainerNotOpenException: Container 1 in CLOSING state
	at org.apache.hadoop.ozone.container.common.impl.HddsDispatcher.validateContainerCommand(HddsDispatcher.java:408)
	at org.apache.hadoop.ozone.container.common.transport.server.ratis.ContainerStateMachine.startTransaction(ContainerStateMachine.java:309) 
2019-08-21 14:06:50,049 [grpc-default-executor-11] INFO  client.GrpcClientProtocolClient (GrpcClientProtocolClient.java:onNext(255)) - client-3C8FFBF3EA90->836eae42-3b0d-43f5-9350-38cdf93fb6b1: receive RaftClientReply:client-3C8FFBF3EA90->836eae42-3b0d-43f5-9350-38cdf93fb6b1@group-AC3146FEDCD2, cid=184, FAILED org.apache.ratis.protocol.StateMachineException: org.apache.hadoop.hdds.scm.container.common.helpers.ContainerNotOpenException from Server 836eae42-3b0d-43f5-9350-38cdf93fb6b1: Container 1 in CLOSING state, logIndex=0, commits[836eae42-3b0d-43f5-9350-38cdf93fb6b1:c17, 44dd15f8-6ed7-4759-a927-399fb365e987:c15, 34e9b401-0a80-48b0-b439-106ab774064b:c16]
2019-08-21 14:06:50,051 | ERROR | DNAudit | user=null | ip=null | op=WRITE_CHUNK {blockData=conID: 1 locID: 102655353768706062 bcsId: 13} | ret=FAILURE | org.apache.hadoop.hdds.scm.container.common.helpers.ContainerNotOpenException: Container 1 in CLOSING state
	at org.apache.hadoop.ozone.container.common.impl.HddsDispatcher.validateContainerCommand(HddsDispatcher.java:408)
	at org.apache.hadoop.ozone.container.common.transport.server.ratis.ContainerStateMachine.startTransaction(ContainerStateMachine.java:309) 
2019-08-21 14:06:50,052 | ERROR | DNAudit | user=null | ip=null | op=PUT_BLOCK {blockData=[blockId=conID: 1 locID: 102655353768706062 bcsId: 0,size=650]} | ret=FAILURE | org.apache.hadoop.hdds.scm.container.common.helpers.ContainerNotOpenException: Container 1 in CLOSING state
	at org.apache.hadoop.ozone.container.common.impl.HddsDispatcher.validateContainerCommand(HddsDispatcher.java:408)
	at org.apache.hadoop.ozone.container.common.transport.server.ratis.ContainerStateMachine.startTransaction(ContainerStateMachine.java:309) 
2019-08-21 14:06:50,056 | ERROR | DNAudit | user=null | ip=null | op=WRITE_CHUNK {blockData=conID: 1 locID: 102655353768706062 bcsId: 13} | ret=FAILURE | org.apache.hadoop.hdds.scm.container.common.helpers.ContainerNotOpenException: Container 1 in CLOSING state
	at org.apache.hadoop.ozone.container.common.impl.HddsDispatcher.validateContainerCommand(HddsDispatcher.java:408)
	at org.apache.hadoop.ozone.container.common.transport.server.ratis.ContainerStateMachine.startTransaction(ContainerStateMachine.java:309) 
2019-08-21 14:06:50,060 [grpc-default-executor-11] INFO  client.GrpcClientProtocolClient (GrpcClientProtocolClient.java:onNext(255)) - client-3C8FFBF3EA90->836eae42-3b0d-43f5-9350-38cdf93fb6b1: receive RaftClientReply:client-3C8FFBF3EA90->836eae42-3b0d-43f5-9350-38cdf93fb6b1@group-AC3146FEDCD2, cid=185, FAILED org.apache.ratis.protocol.StateMachineException: org.apache.hadoop.hdds.scm.container.common.helpers.ContainerNotOpenException from Server 836eae42-3b0d-43f5-9350-38cdf93fb6b1: Container 1 in CLOSING state, logIndex=0, commits[836eae42-3b0d-43f5-9350-38cdf93fb6b1:c17, 44dd15f8-6ed7-4759-a927-399fb365e987:c15, 34e9b401-0a80-48b0-b439-106ab774064b:c16]
2019-08-21 14:06:50,061 | ERROR | DNAudit | user=null | ip=null | op=WRITE_CHUNK {blockData=conID: 1 locID: 102655353768706062 bcsId: 13} | ret=FAILURE | org.apache.hadoop.hdds.scm.container.common.helpers.ContainerNotOpenException: Container 1 in CLOSING state
	at org.apache.hadoop.ozone.container.common.impl.HddsDispatcher.validateContainerCommand(HddsDispatcher.java:408)
	at org.apache.hadoop.ozone.container.common.transport.server.ratis.ContainerStateMachine.startTransaction(ContainerStateMachine.java:309) 
2019-08-21 14:06:50,064 [grpc-default-executor-11] INFO  client.GrpcClientProtocolClient (GrpcClientProtocolClient.java:onNext(255)) - client-3C8FFBF3EA90->836eae42-3b0d-43f5-9350-38cdf93fb6b1: receive RaftClientReply:client-3C8FFBF3EA90->836eae42-3b0d-43f5-9350-38cdf93fb6b1@group-AC3146FEDCD2, cid=186, FAILED org.apache.ratis.protocol.StateMachineException: org.apache.hadoop.hdds.scm.container.common.helpers.ContainerNotOpenException from Server 836eae42-3b0d-43f5-9350-38cdf93fb6b1: Container 1 in CLOSING state, logIndex=0, commits[836eae42-3b0d-43f5-9350-38cdf93fb6b1:c17, 44dd15f8-6ed7-4759-a927-399fb365e987:c15, 34e9b401-0a80-48b0-b439-106ab774064b:c16]
2019-08-21 14:06:50,067 | ERROR | DNAudit | user=null | ip=null | op=PUT_BLOCK {blockData=[blockId=conID: 1 locID: 102655353768706062 bcsId: 0,size=800]} | ret=FAILURE | org.apache.hadoop.hdds.scm.container.common.helpers.ContainerNotOpenException: Container 1 in CLOSING state
	at org.apache.hadoop.ozone.container.common.impl.HddsDispatcher.validateContainerCommand(HddsDispatcher.java:408)
	at org.apache.hadoop.ozone.container.common.transport.server.ratis.ContainerStateMachine.startTransaction(ContainerStateMachine.java:309) 
2019-08-21 14:06:50,068 | INFO  | SCMAudit | user=jenkins1000 | ip=192.168.5.153 | op=SEND_HEARTBEAT {datanodeUUID=e9811297-a3ab-4214-978c-7ba6074934ad, command=[]} | ret=SUCCESS |  
2019-08-21 14:06:50,078 [grpc-default-executor-11] INFO  client.GrpcClientProtocolClient (GrpcClientProtocolClient.java:onNext(255)) - client-3C8FFBF3EA90->836eae42-3b0d-43f5-9350-38cdf93fb6b1: receive RaftClientReply:client-3C8FFBF3EA90->836eae42-3b0d-43f5-9350-38cdf93fb6b1@group-AC3146FEDCD2, cid=187, FAILED org.apache.ratis.protocol.StateMachineException: org.apache.hadoop.hdds.scm.container.common.helpers.ContainerNotOpenException from Server 836eae42-3b0d-43f5-9350-38cdf93fb6b1: Container 1 in CLOSING state, logIndex=0, commits[836eae42-3b0d-43f5-9350-38cdf93fb6b1:c17, 44dd15f8-6ed7-4759-a927-399fb365e987:c15, 34e9b401-0a80-48b0-b439-106ab774064b:c16]
2019-08-21 14:06:50,080 [grpc-default-executor-11] INFO  client.GrpcClientProtocolClient (GrpcClientProtocolClient.java:onNext(255)) - client-3C8FFBF3EA90->836eae42-3b0d-43f5-9350-38cdf93fb6b1: receive RaftClientReply:client-3C8FFBF3EA90->836eae42-3b0d-43f5-9350-38cdf93fb6b1@group-AC3146FEDCD2, cid=188, FAILED org.apache.ratis.protocol.StateMachineException: org.apache.hadoop.hdds.scm.container.common.helpers.ContainerNotOpenException from Server 836eae42-3b0d-43f5-9350-38cdf93fb6b1: Container 1 in CLOSING state, logIndex=0, commits[836eae42-3b0d-43f5-9350-38cdf93fb6b1:c17, 44dd15f8-6ed7-4759-a927-399fb365e987:c15, 34e9b401-0a80-48b0-b439-106ab774064b:c16]
2019-08-21 14:06:50,081 [grpc-default-executor-11] INFO  client.GrpcClientProtocolClient (GrpcClientProtocolClient.java:onNext(255)) - client-3C8FFBF3EA90->836eae42-3b0d-43f5-9350-38cdf93fb6b1: receive RaftClientReply:client-3C8FFBF3EA90->836eae42-3b0d-43f5-9350-38cdf93fb6b1@group-AC3146FEDCD2, cid=189, FAILED org.apache.ratis.protocol.StateMachineException: org.apache.hadoop.hdds.scm.container.common.helpers.ContainerNotOpenException from Server 836eae42-3b0d-43f5-9350-38cdf93fb6b1: Container 1 in CLOSING state, logIndex=0, commits[836eae42-3b0d-43f5-9350-38cdf93fb6b1:c17, 44dd15f8-6ed7-4759-a927-399fb365e987:c15, 34e9b401-0a80-48b0-b439-106ab774064b:c16]
2019-08-21 14:06:50,113 | INFO  | SCMAudit | user=jenkins1000 | ip=192.168.5.153 | op=ALLOCATE_BLOCK {owner=0c3ea84f-0bc5-4801-8f23-c56fc53a3c0d, size=800, type=RATIS, factor=THREE} | ret=SUCCESS |  
2019-08-21 14:06:50,115 | INFO  | OMAudit | user=jenkins1000 | ip=127.0.0.1 | op=ALLOCATE_BLOCK {volume=testblockoutputstream, bucket=testblockoutputstream, key=428f7d7c-b3b0-4944-b60d-9d77f211fd32, dataSize=0, replicationType=null, replicationFactor=null, keyLocationInfo=null, clientID=102655353768574989} | ret=SUCCESS |  
2019-08-21 14:06:50,230 | INFO  | SCMAudit | user=jenkins1000 | ip=192.168.5.153 | op=SEND_HEARTBEAT {datanodeUUID=171bb82a-885e-4b9c-ba33-fe6086da731b, command=[]} | ret=SUCCESS |  
2019-08-21 14:06:50,244 | INFO  | DNAudit | user=null | ip=null | op=WRITE_CHUNK {blockData=conID: 2 locID: 102655355133165583 bcsId: 0} | ret=SUCCESS |  
2019-08-21 14:06:50,244 | INFO  | DNAudit | user=null | ip=null | op=WRITE_CHUNK {blockData=conID: 2 locID: 102655355133165583 bcsId: 0} | ret=SUCCESS |  
2019-08-21 14:06:50,244 | INFO  | SCMAudit | user=jenkins1000 | ip=192.168.5.153 | op=SEND_HEARTBEAT {datanodeUUID=00fcee37-54ab-4c9e-9be2-8b052df77471, command=[]} | ret=SUCCESS |  
2019-08-21 14:06:50,244 | INFO  | SCMAudit | user=jenkins1000 | ip=192.168.5.153 | op=SEND_HEARTBEAT {datanodeUUID=e9811297-a3ab-4214-978c-7ba6074934ad, command=[]} | ret=SUCCESS |  
2019-08-21 14:06:50,244 | INFO  | DNAudit | user=null | ip=null | op=WRITE_CHUNK {blockData=conID: 2 locID: 102655355133165583 bcsId: 0} | ret=SUCCESS |  
2019-08-21 14:06:50,244 | INFO  | SCMAudit | user=jenkins1000 | ip=192.168.5.153 | op=SEND_HEARTBEAT {datanodeUUID=ff625bda-bd10-4290-9d5d-b2d4afbb6a9a, command=[]} | ret=SUCCESS |  
2019-08-21 14:06:50,259 | INFO  | DNAudit | user=null | ip=null | op=WRITE_CHUNK {blockData=conID: 2 locID: 102655355133165583 bcsId: 0} | ret=SUCCESS |  
2019-08-21 14:06:50,263 [grpc-default-executor-11] INFO  client.GrpcClientProtocolClient (GrpcClientProtocolClient.java:onNext(255)) - client-A6D88681D296->ff625bda-bd10-4290-9d5d-b2d4afbb6a9a: receive RaftClientReply:client-A6D88681D296->ff625bda-bd10-4290-9d5d-b2d4afbb6a9a@group-5C01FB855558, cid=190, SUCCESS, logIndex=1, commits[ff625bda-bd10-4290-9d5d-b2d4afbb6a9a:c1, 00fcee37-54ab-4c9e-9be2-8b052df77471:c0, e9811297-a3ab-4214-978c-7ba6074934ad:c0]
2019-08-21 14:06:50,268 | INFO  | DNAudit | user=null | ip=null | op=WRITE_CHUNK {blockData=conID: 2 locID: 102655355133165583 bcsId: 0} | ret=SUCCESS |  
2019-08-21 14:06:50,269 | INFO  | DNAudit | user=null | ip=null | op=WRITE_CHUNK {blockData=conID: 2 locID: 102655355133165583 bcsId: 0} | ret=SUCCESS |  
2019-08-21 14:06:50,269 | INFO  | DNAudit | user=null | ip=null | op=WRITE_CHUNK {blockData=conID: 2 locID: 102655355133165583 bcsId: 0} | ret=SUCCESS |  
2019-08-21 14:06:50,269 | INFO  | DNAudit | user=null | ip=null | op=WRITE_CHUNK {blockData=conID: 2 locID: 102655355133165583 bcsId: 0} | ret=SUCCESS |  
2019-08-21 14:06:50,270 | INFO  | DNAudit | user=null | ip=null | op=WRITE_CHUNK {blockData=conID: 2 locID: 102655355133165583 bcsId: 0} | ret=SUCCESS |  
2019-08-21 14:06:50,271 | INFO  | DNAudit | user=null | ip=null | op=WRITE_CHUNK {blockData=conID: 2 locID: 102655355133165583 bcsId: 0} | ret=SUCCESS |  
2019-08-21 14:06:50,271 | INFO  | DNAudit | user=null | ip=null | op=WRITE_CHUNK {blockData=conID: 2 locID: 102655355133165583 bcsId: 0} | ret=SUCCESS |  
2019-08-21 14:06:50,271 | INFO  | DNAudit | user=null | ip=null | op=WRITE_CHUNK {blockData=conID: 2 locID: 102655355133165583 bcsId: 0} | ret=SUCCESS |  
2019-08-21 14:06:50,271 | INFO  | DNAudit | user=null | ip=null | op=WRITE_CHUNK {blockData=conID: 2 locID: 102655355133165583 bcsId: 0} | ret=SUCCESS |  
2019-08-21 14:06:50,272 | INFO  | DNAudit | user=null | ip=null | op=WRITE_CHUNK {blockData=conID: 2 locID: 102655355133165583 bcsId: 0} | ret=SUCCESS |  
2019-08-21 14:06:50,272 | INFO  | DNAudit | user=null | ip=null | op=WRITE_CHUNK {blockData=conID: 2 locID: 102655355133165583 bcsId: 0} | ret=SUCCESS |  
2019-08-21 14:06:50,274 | INFO  | DNAudit | user=null | ip=null | op=WRITE_CHUNK {blockData=conID: 2 locID: 102655355133165583 bcsId: 0} | ret=SUCCESS |  
2019-08-21 14:06:50,277 [grpc-default-executor-10] INFO  client.GrpcClientProtocolClient (GrpcClientProtocolClient.java:onNext(255)) - client-A6D88681D296->ff625bda-bd10-4290-9d5d-b2d4afbb6a9a: receive RaftClientReply:client-A6D88681D296->ff625bda-bd10-4290-9d5d-b2d4afbb6a9a@group-5C01FB855558, cid=191, SUCCESS, logIndex=3, commits[ff625bda-bd10-4290-9d5d-b2d4afbb6a9a:c4, 00fcee37-54ab-4c9e-9be2-8b052df77471:c1, e9811297-a3ab-4214-978c-7ba6074934ad:c1]
2019-08-21 14:06:50,288 | INFO  | DNAudit | user=null | ip=null | op=WRITE_CHUNK {blockData=conID: 2 locID: 102655355133165583 bcsId: 0} | ret=SUCCESS |  
2019-08-21 14:06:50,288 | INFO  | DNAudit | user=null | ip=null | op=WRITE_CHUNK {blockData=conID: 2 locID: 102655355133165583 bcsId: 0} | ret=SUCCESS |  
2019-08-21 14:06:50,305 | INFO  | DNAudit | user=null | ip=null | op=PUT_BLOCK {blockData=[blockId=conID: 2 locID: 102655355133165583 bcsId: 0,size=200]} | ret=SUCCESS |  
2019-08-21 14:06:50,306 | INFO  | DNAudit | user=null | ip=null | op=WRITE_CHUNK {blockData=conID: 2 locID: 102655355133165583 bcsId: 0} | ret=SUCCESS |  
2019-08-21 14:06:50,306 | INFO  | DNAudit | user=null | ip=null | op=WRITE_CHUNK {blockData=conID: 2 locID: 102655355133165583 bcsId: 0} | ret=SUCCESS |  
2019-08-21 14:06:50,307 [grpc-default-executor-9] INFO  client.GrpcClientProtocolClient (GrpcClientProtocolClient.java:onNext(255)) - client-A6D88681D296->ff625bda-bd10-4290-9d5d-b2d4afbb6a9a: receive RaftClientReply:client-A6D88681D296->ff625bda-bd10-4290-9d5d-b2d4afbb6a9a@group-5C01FB855558, cid=192, SUCCESS, logIndex=4, commits[ff625bda-bd10-4290-9d5d-b2d4afbb6a9a:c12, 00fcee37-54ab-4c9e-9be2-8b052df77471:c7, e9811297-a3ab-4214-978c-7ba6074934ad:c7]
2019-08-21 14:06:50,307 [grpc-default-executor-9] INFO  client.GrpcClientProtocolClient (GrpcClientProtocolClient.java:onNext(255)) - client-A6D88681D296->ff625bda-bd10-4290-9d5d-b2d4afbb6a9a: receive RaftClientReply:client-A6D88681D296->ff625bda-bd10-4290-9d5d-b2d4afbb6a9a@group-5C01FB855558, cid=193, SUCCESS, logIndex=5, commits[ff625bda-bd10-4290-9d5d-b2d4afbb6a9a:c12, 00fcee37-54ab-4c9e-9be2-8b052df77471:c7, e9811297-a3ab-4214-978c-7ba6074934ad:c7]
2019-08-21 14:06:50,308 [grpc-default-executor-9] INFO  client.GrpcClientProtocolClient (GrpcClientProtocolClient.java:onNext(255)) - client-A6D88681D296->ff625bda-bd10-4290-9d5d-b2d4afbb6a9a: receive RaftClientReply:client-A6D88681D296->ff625bda-bd10-4290-9d5d-b2d4afbb6a9a@group-5C01FB855558, cid=194, SUCCESS, logIndex=6, commits[ff625bda-bd10-4290-9d5d-b2d4afbb6a9a:c12, 00fcee37-54ab-4c9e-9be2-8b052df77471:c7, e9811297-a3ab-4214-978c-7ba6074934ad:c7]
2019-08-21 14:06:50,332 | INFO  | DNAudit | user=null | ip=null | op=PUT_BLOCK {blockData=[blockId=conID: 2 locID: 102655355133165583 bcsId: 0,size=200]} | ret=SUCCESS |  
2019-08-21 14:06:50,332 | INFO  | DNAudit | user=null | ip=null | op=WRITE_CHUNK {blockData=conID: 2 locID: 102655355133165583 bcsId: 0} | ret=SUCCESS |  
2019-08-21 14:06:50,333 | INFO  | DNAudit | user=null | ip=null | op=WRITE_CHUNK {blockData=conID: 2 locID: 102655355133165583 bcsId: 0} | ret=SUCCESS |  
2019-08-21 14:06:50,353 | INFO  | DNAudit | user=null | ip=null | op=PUT_BLOCK {blockData=[blockId=conID: 2 locID: 102655355133165583 bcsId: 0,size=400]} | ret=SUCCESS |  
2019-08-21 14:06:50,354 | INFO  | DNAudit | user=null | ip=null | op=PUT_BLOCK {blockData=[blockId=conID: 2 locID: 102655355133165583 bcsId: 0,size=200]} | ret=SUCCESS |  
2019-08-21 14:06:50,354 | INFO  | DNAudit | user=null | ip=null | op=PUT_BLOCK {blockData=[blockId=conID: 2 locID: 102655355133165583 bcsId: 0,size=400]} | ret=SUCCESS |  
2019-08-21 14:06:50,354 | INFO  | DNAudit | user=null | ip=null | op=WRITE_CHUNK {blockData=conID: 2 locID: 102655355133165583 bcsId: 0} | ret=SUCCESS |  
2019-08-21 14:06:50,354 | INFO  | DNAudit | user=null | ip=null | op=WRITE_CHUNK {blockData=conID: 2 locID: 102655355133165583 bcsId: 0} | ret=SUCCESS |  
2019-08-21 14:06:50,355 [grpc-default-executor-9] INFO  client.GrpcClientProtocolClient (GrpcClientProtocolClient.java:onNext(255)) - client-A6D88681D296->ff625bda-bd10-4290-9d5d-b2d4afbb6a9a: receive RaftClientReply:client-A6D88681D296->ff625bda-bd10-4290-9d5d-b2d4afbb6a9a@group-5C01FB855558, cid=195, SUCCESS, logIndex=7, commits[ff625bda-bd10-4290-9d5d-b2d4afbb6a9a:c12, 00fcee37-54ab-4c9e-9be2-8b052df77471:c7, e9811297-a3ab-4214-978c-7ba6074934ad:c7]
2019-08-21 14:06:50,355 | INFO  | DNAudit | user=null | ip=null | op=PUT_BLOCK {blockData=[blockId=conID: 2 locID: 102655355133165583 bcsId: 0,size=400]} | ret=SUCCESS |  
2019-08-21 14:06:50,357 | INFO  | DNAudit | user=null | ip=null | op=WRITE_CHUNK {blockData=conID: 2 locID: 102655355133165583 bcsId: 7} | ret=SUCCESS |  
2019-08-21 14:06:50,358 | INFO  | DNAudit | user=null | ip=null | op=WRITE_CHUNK {blockData=conID: 2 locID: 102655355133165583 bcsId: 7} | ret=SUCCESS |  
2019-08-21 14:06:50,358 | INFO  | DNAudit | user=null | ip=null | op=WRITE_CHUNK {blockData=conID: 2 locID: 102655355133165583 bcsId: 7} | ret=SUCCESS |  
2019-08-21 14:06:50,369 | INFO  | DNAudit | user=null | ip=null | op=WRITE_CHUNK {blockData=conID: 2 locID: 102655355133165583 bcsId: 7} | ret=SUCCESS |  
2019-08-21 14:06:50,370 | INFO  | DNAudit | user=null | ip=null | op=PUT_BLOCK {blockData=[blockId=conID: 2 locID: 102655355133165583 bcsId: 0,size=450]} | ret=SUCCESS |  
2019-08-21 14:06:50,370 [grpc-default-executor-11] INFO  client.GrpcClientProtocolClient (GrpcClientProtocolClient.java:onNext(255)) - client-A6D88681D296->ff625bda-bd10-4290-9d5d-b2d4afbb6a9a: receive RaftClientReply:client-A6D88681D296->ff625bda-bd10-4290-9d5d-b2d4afbb6a9a@group-5C01FB855558, cid=196, SUCCESS, logIndex=13, commits[ff625bda-bd10-4290-9d5d-b2d4afbb6a9a:c14, 00fcee37-54ab-4c9e-9be2-8b052df77471:c12, e9811297-a3ab-4214-978c-7ba6074934ad:c12]
2019-08-21 14:06:50,370 [grpc-default-executor-11] INFO  client.GrpcClientProtocolClient (GrpcClientProtocolClient.java:onNext(255)) - client-A6D88681D296->ff625bda-bd10-4290-9d5d-b2d4afbb6a9a: receive RaftClientReply:client-A6D88681D296->ff625bda-bd10-4290-9d5d-b2d4afbb6a9a@group-5C01FB855558, cid=197, SUCCESS, logIndex=14, commits[ff625bda-bd10-4290-9d5d-b2d4afbb6a9a:c14, 00fcee37-54ab-4c9e-9be2-8b052df77471:c12, e9811297-a3ab-4214-978c-7ba6074934ad:c12]
2019-08-21 14:06:50,371 | INFO  | DNAudit | user=null | ip=null | op=WRITE_CHUNK {blockData=conID: 2 locID: 102655355133165583 bcsId: 7} | ret=SUCCESS |  
2019-08-21 14:06:50,371 | INFO  | DNAudit | user=null | ip=null | op=WRITE_CHUNK {blockData=conID: 2 locID: 102655355133165583 bcsId: 7} | ret=SUCCESS |  
2019-08-21 14:06:50,371 | INFO  | DNAudit | user=null | ip=null | op=PUT_BLOCK {blockData=[blockId=conID: 2 locID: 102655355133165583 bcsId: 0,size=450]} | ret=SUCCESS |  
2019-08-21 14:06:50,371 | INFO  | DNAudit | user=null | ip=null | op=PUT_BLOCK {blockData=[blockId=conID: 2 locID: 102655355133165583 bcsId: 0,size=450]} | ret=SUCCESS |  
2019-08-21 14:06:50,376 [grpc-default-executor-11] INFO  client.GrpcClientProtocolClient (GrpcClientProtocolClient.java:onNext(255)) - client-A6D88681D296->ff625bda-bd10-4290-9d5d-b2d4afbb6a9a: receive RaftClientReply:client-A6D88681D296->ff625bda-bd10-4290-9d5d-b2d4afbb6a9a@group-5C01FB855558, cid=198, SUCCESS, logIndex=0, commits[ff625bda-bd10-4290-9d5d-b2d4afbb6a9a:c15, 00fcee37-54ab-4c9e-9be2-8b052df77471:c14, e9811297-a3ab-4214-978c-7ba6074934ad:c14]
2019-08-21 14:06:50,377 [main] INFO  ozone.MiniOzoneClusterImpl (MiniOzoneClusterImpl.java:shutdown(321)) - Shutting down the Mini Ozone Cluster
2019-08-21 14:06:50,377 | INFO  | SCMAudit | user=null | ip=null | op=GET_SCM_INFO null | ret=SUCCESS |  
2019-08-21 14:06:50,377 [main] INFO  ozone.MiniOzoneClusterImpl (MiniOzoneClusterImpl.java:stop(336)) - Stopping the Mini Ozone Cluster
2019-08-21 14:06:50,377 [main] INFO  ozone.MiniOzoneClusterImpl (MiniOzoneClusterImpl.java:stop(338)) - Stopping the OzoneManager
2019-08-21 14:06:50,377 [main] INFO  ipc.Server (Server.java:stop(3082)) - Stopping server on 38408
2019-08-21 14:06:50,391 [IPC Server listener on 38408] INFO  ipc.Server (Server.java:run(1185)) - Stopping IPC Server listener on 38408
2019-08-21 14:06:50,392 [main] INFO  ratis.OzoneManagerDoubleBuffer (OzoneManagerDoubleBuffer.java:stop(248)) - Stopping OMDoubleBuffer flush thread
2019-08-21 14:06:50,392 [IPC Server Responder] INFO  ipc.Server (Server.java:run(1319)) - Stopping IPC Server Responder
2019-08-21 14:06:50,405 [OMDoubleBufferFlushThread] INFO  ratis.OzoneManagerDoubleBuffer (OzoneManagerDoubleBuffer.java:flushTransactions(191)) - OMDoubleBuffer flush thread OMDoubleBufferFlushThread is interrupted and will exit. OMDoubleBufferFlushThread
2019-08-21 14:06:50,405 [main] INFO  utils.BackgroundService (BackgroundService.java:shutdown(148)) - Shutting down service KeyDeletingService
2019-08-21 14:06:50,407 [main] INFO  handler.ContextHandler (ContextHandler.java:doStop(910)) - Stopped o.e.j.w.WebAppContext@2c914364{/,null,UNAVAILABLE}{/ozoneManager}
2019-08-21 14:06:50,407 [main] INFO  server.AbstractConnector (AbstractConnector.java:doStop(318)) - Stopped ServerConnector@25c756f0{HTTP/1.1,[http/1.1]}{0.0.0.0:0}
2019-08-21 14:06:50,408 [main] INFO  handler.ContextHandler (ContextHandler.java:doStop(910)) - Stopped o.e.j.s.ServletContextHandler@3a8cc099{/static,file:///workdir/hadoop-ozone/integration-test/target/test-classes/webapps/static,UNAVAILABLE}
2019-08-21 14:06:50,408 [main] INFO  handler.ContextHandler (ContextHandler.java:doStop(910)) - Stopped o.e.j.s.ServletContextHandler@12ef7db5{/logs,file:///workdir/hadoop-ozone/integration-test/target/log,UNAVAILABLE}
2019-08-21 14:06:50,410 [main] INFO  ozone.MiniOzoneClusterImpl (MiniOzoneClusterImpl.java:stop(344)) - Shutting the HddsDatanodes
2019-08-21 14:06:50,411 [main] INFO  datanode.ObjectStoreHandler (ObjectStoreHandler.java:close(155)) - Closing ObjectStoreHandler.
2019-08-21 14:06:50,411 [ForkJoinPool.commonPool-worker-1] INFO  datanode.ObjectStoreHandler (ObjectStoreHandler.java:close(155)) - Closing ObjectStoreHandler.
2019-08-21 14:06:50,411 [main] INFO  ozone.HddsDatanodeService (HddsDatanodeService.java:stop(451)) - Stopped plug-in org.apache.hadoop.ozone.web.OzoneHddsDatanodeService@36996b37
2019-08-21 14:06:50,411 [ForkJoinPool.commonPool-worker-1] INFO  ozone.HddsDatanodeService (HddsDatanodeService.java:stop(451)) - Stopped plug-in org.apache.hadoop.ozone.web.OzoneHddsDatanodeService@4beec7a1
2019-08-21 14:06:50,529 [Datanode State Machine Thread - 0] INFO  statemachine.DatanodeStateMachine (DatanodeStateMachine.java:lambda$startDaemon$0(350)) - Ozone container server started.
2019-08-21 14:06:50,529 | INFO  | SCMAudit | user=jenkins1000 | ip=192.168.5.153 | op=SEND_HEARTBEAT {datanodeUUID=836eae42-3b0d-43f5-9350-38cdf93fb6b1, command=[]} | ret=SUCCESS |  
2019-08-21 14:06:50,577 [grpc-default-executor-10] WARN  server.GrpcLogAppender (LogUtils.java:warn(134)) - 836eae42-3b0d-43f5-9350-38cdf93fb6b1->44dd15f8-6ed7-4759-a927-399fb365e987: Failed appendEntries: org.apache.ratis.thirdparty.io.grpc.StatusRuntimeException: UNAVAILABLE: io exception
2019-08-21 14:06:50,578 [grpc-default-executor-10] INFO  impl.FollowerInfo (FollowerInfo.java:lambda$new$0(50)) - 836eae42-3b0d-43f5-9350-38cdf93fb6b1->44dd15f8-6ed7-4759-a927-399fb365e987: nextIndex: updateUnconditionally 1 -> 0
2019-08-21 14:06:51,230 | INFO  | SCMAudit | user=jenkins1000 | ip=192.168.5.153 | op=SEND_HEARTBEAT {datanodeUUID=171bb82a-885e-4b9c-ba33-fe6086da731b, command=[]} | ret=SUCCESS |  
2019-08-21 14:06:51,243 | INFO  | SCMAudit | user=jenkins1000 | ip=192.168.5.153 | op=SEND_HEARTBEAT {datanodeUUID=e9811297-a3ab-4214-978c-7ba6074934ad, command=[]} | ret=SUCCESS |  
2019-08-21 14:06:51,244 [Datanode State Machine Thread - 0] INFO  statemachine.DatanodeStateMachine (DatanodeStateMachine.java:lambda$startDaemon$0(350)) - Ozone container server started.
2019-08-21 14:06:51,244 | INFO  | SCMAudit | user=jenkins1000 | ip=192.168.5.153 | op=SEND_HEARTBEAT {datanodeUUID=ff625bda-bd10-4290-9d5d-b2d4afbb6a9a, command=[]} | ret=SUCCESS |  
2019-08-21 14:06:51,530 | INFO  | SCMAudit | user=jenkins1000 | ip=192.168.5.153 | op=SEND_HEARTBEAT {datanodeUUID=836eae42-3b0d-43f5-9350-38cdf93fb6b1, command=[]} | ret=SUCCESS |  
2019-08-21 14:06:52,230 | INFO  | SCMAudit | user=jenkins1000 | ip=192.168.5.153 | op=SEND_HEARTBEAT {datanodeUUID=171bb82a-885e-4b9c-ba33-fe6086da731b, command=[]} | ret=SUCCESS |  
2019-08-21 14:06:52,244 | INFO  | SCMAudit | user=jenkins1000 | ip=192.168.5.153 | op=SEND_HEARTBEAT {datanodeUUID=e9811297-a3ab-4214-978c-7ba6074934ad, command=[]} | ret=SUCCESS |  
2019-08-21 14:06:52,245 | INFO  | SCMAudit | user=jenkins1000 | ip=192.168.5.153 | op=SEND_HEARTBEAT {datanodeUUID=ff625bda-bd10-4290-9d5d-b2d4afbb6a9a, command=[]} | ret=SUCCESS |  
2019-08-21 14:06:52,530 | INFO  | SCMAudit | user=jenkins1000 | ip=192.168.5.153 | op=SEND_HEARTBEAT {datanodeUUID=836eae42-3b0d-43f5-9350-38cdf93fb6b1, command=[]} | ret=SUCCESS |  
2019-08-21 14:06:53,077 [grpc-default-executor-10] WARN  server.GrpcLogAppender (LogUtils.java:warn(134)) - 836eae42-3b0d-43f5-9350-38cdf93fb6b1->44dd15f8-6ed7-4759-a927-399fb365e987: Failed appendEntries: org.apache.ratis.thirdparty.io.grpc.StatusRuntimeException: UNAVAILABLE: io exception
2019-08-21 14:06:53,078 [grpc-default-executor-10] INFO  impl.FollowerInfo (FollowerInfo.java:lambda$new$0(50)) - 836eae42-3b0d-43f5-9350-38cdf93fb6b1->44dd15f8-6ed7-4759-a927-399fb365e987: nextIndex: updateUnconditionally 0 -> 0
2019-08-21 14:06:53,230 | INFO  | SCMAudit | user=jenkins1000 | ip=192.168.5.153 | op=SEND_HEARTBEAT {datanodeUUID=171bb82a-885e-4b9c-ba33-fe6086da731b, command=[]} | ret=SUCCESS |  
2019-08-21 14:06:53,245 | INFO  | SCMAudit | user=jenkins1000 | ip=192.168.5.153 | op=SEND_HEARTBEAT {datanodeUUID=e9811297-a3ab-4214-978c-7ba6074934ad, command=[]} | ret=SUCCESS |  
2019-08-21 14:06:53,245 | INFO  | SCMAudit | user=jenkins1000 | ip=192.168.5.153 | op=SEND_HEARTBEAT {datanodeUUID=ff625bda-bd10-4290-9d5d-b2d4afbb6a9a, command=[]} | ret=SUCCESS |  
2019-08-21 14:06:53,530 | INFO  | SCMAudit | user=jenkins1000 | ip=192.168.5.153 | op=SEND_HEARTBEAT {datanodeUUID=836eae42-3b0d-43f5-9350-38cdf93fb6b1, command=[]} | ret=SUCCESS |  
2019-08-21 14:06:54,230 | INFO  | SCMAudit | user=jenkins1000 | ip=192.168.5.153 | op=SEND_HEARTBEAT {datanodeUUID=171bb82a-885e-4b9c-ba33-fe6086da731b, command=[]} | ret=SUCCESS |  
2019-08-21 14:06:54,245 | INFO  | SCMAudit | user=jenkins1000 | ip=192.168.5.153 | op=SEND_HEARTBEAT {datanodeUUID=ff625bda-bd10-4290-9d5d-b2d4afbb6a9a, command=[]} | ret=SUCCESS |  
2019-08-21 14:06:54,246 | INFO  | SCMAudit | user=jenkins1000 | ip=192.168.5.153 | op=SEND_HEARTBEAT {datanodeUUID=e9811297-a3ab-4214-978c-7ba6074934ad, command=[]} | ret=SUCCESS |  
2019-08-21 14:06:54,531 | INFO  | SCMAudit | user=jenkins1000 | ip=192.168.5.153 | op=SEND_HEARTBEAT {datanodeUUID=836eae42-3b0d-43f5-9350-38cdf93fb6b1, command=[]} | ret=SUCCESS |  
2019-08-21 14:06:54,627 [EventQueue-StaleNodeForStaleNodeHandler] INFO  node.StaleNodeHandler (StaleNodeHandler.java:onMessage(58)) - Datanode 34e9b401-0a80-48b0-b439-106ab774064b{ip: 192.168.5.153, host: pr-hdds-1999-4zsjs-3155158423, networkLocation: /default-rack, certSerialId: null} moved to stale state. Finalizing its pipelines [PipelineID=5156a337-3be4-4ea5-ae8b-175b969277c2, PipelineID=01a628b8-15ec-4402-ba31-ac3146fedcd2]
2019-08-21 14:06:54,627 [EventQueue-StaleNodeForStaleNodeHandler] INFO  pipeline.SCMPipelineManager (SCMPipelineManager.java:finalizeAndDestroyPipeline(309)) - destroying pipeline:Pipeline[ Id: 5156a337-3be4-4ea5-ae8b-175b969277c2, Nodes: 34e9b401-0a80-48b0-b439-106ab774064b{ip: 192.168.5.153, host: pr-hdds-1999-4zsjs-3155158423, networkLocation: /default-rack, certSerialId: null}, Type:RATIS, Factor:ONE, State:OPEN]
2019-08-21 14:06:54,628 [EventQueue-StaleNodeForStaleNodeHandler] INFO  pipeline.PipelineStateManager (PipelineStateManager.java:finalizePipeline(123)) - Pipeline Pipeline[ Id: 5156a337-3be4-4ea5-ae8b-175b969277c2, Nodes: 34e9b401-0a80-48b0-b439-106ab774064b{ip: 192.168.5.153, host: pr-hdds-1999-4zsjs-3155158423, networkLocation: /default-rack, certSerialId: null}, Type:RATIS, Factor:ONE, State:CLOSED] moved to CLOSED state
2019-08-21 14:06:54,628 [EventQueue-StaleNodeForStaleNodeHandler] INFO  pipeline.SCMPipelineManager (SCMPipelineManager.java:finalizeAndDestroyPipeline(309)) - destroying pipeline:Pipeline[ Id: 01a628b8-15ec-4402-ba31-ac3146fedcd2, Nodes: 44dd15f8-6ed7-4759-a927-399fb365e987{ip: 192.168.5.153, host: pr-hdds-1999-4zsjs-3155158423, networkLocation: /default-rack, certSerialId: null}34e9b401-0a80-48b0-b439-106ab774064b{ip: 192.168.5.153, host: pr-hdds-1999-4zsjs-3155158423, networkLocation: /default-rack, certSerialId: null}836eae42-3b0d-43f5-9350-38cdf93fb6b1{ip: 192.168.5.153, host: pr-hdds-1999-4zsjs-3155158423, networkLocation: /default-rack, certSerialId: null}, Type:RATIS, Factor:THREE, State:CLOSED]
2019-08-21 14:06:55,231 | INFO  | SCMAudit | user=jenkins1000 | ip=192.168.5.153 | op=SEND_HEARTBEAT {datanodeUUID=171bb82a-885e-4b9c-ba33-fe6086da731b, command=[]} | ret=SUCCESS |  
2019-08-21 14:06:55,246 | INFO  | SCMAudit | user=jenkins1000 | ip=192.168.5.153 | op=SEND_HEARTBEAT {datanodeUUID=e9811297-a3ab-4214-978c-7ba6074934ad, command=[]} | ret=SUCCESS |  
2019-08-21 14:06:55,246 | INFO  | SCMAudit | user=jenkins1000 | ip=192.168.5.153 | op=SEND_HEARTBEAT {datanodeUUID=ff625bda-bd10-4290-9d5d-b2d4afbb6a9a, command=[]} | ret=SUCCESS |  
2019-08-21 14:06:55,328 [EventQueue-StaleNodeForStaleNodeHandler] INFO  node.StaleNodeHandler (StaleNodeHandler.java:onMessage(58)) - Datanode 00fcee37-54ab-4c9e-9be2-8b052df77471{ip: 192.168.5.153, host: pr-hdds-1999-4zsjs-3155158423, networkLocation: /default-rack, certSerialId: null} moved to stale state. Finalizing its pipelines [PipelineID=9bd2788b-671c-45ef-bec3-5c01fb855558, PipelineID=cbb845f6-b4c7-4c9a-8fd6-06971e3f7c67]
2019-08-21 14:06:55,328 [EventQueue-StaleNodeForStaleNodeHandler] INFO  pipeline.SCMPipelineManager (SCMPipelineManager.java:finalizeAndDestroyPipeline(309)) - destroying pipeline:Pipeline[ Id: 9bd2788b-671c-45ef-bec3-5c01fb855558, Nodes: ff625bda-bd10-4290-9d5d-b2d4afbb6a9a{ip: 192.168.5.153, host: pr-hdds-1999-4zsjs-3155158423, networkLocation: /default-rack, certSerialId: null}e9811297-a3ab-4214-978c-7ba6074934ad{ip: 192.168.5.153, host: pr-hdds-1999-4zsjs-3155158423, networkLocation: /default-rack, certSerialId: null}00fcee37-54ab-4c9e-9be2-8b052df77471{ip: 192.168.5.153, host: pr-hdds-1999-4zsjs-3155158423, networkLocation: /default-rack, certSerialId: null}, Type:RATIS, Factor:THREE, State:OPEN]
2019-08-21 14:06:55,328 [EventQueue-StaleNodeForStaleNodeHandler] INFO  pipeline.PipelineStateManager (PipelineStateManager.java:finalizePipeline(123)) - Pipeline Pipeline[ Id: 9bd2788b-671c-45ef-bec3-5c01fb855558, Nodes: ff625bda-bd10-4290-9d5d-b2d4afbb6a9a{ip: 192.168.5.153, host: pr-hdds-1999-4zsjs-3155158423, networkLocation: /default-rack, certSerialId: null}e9811297-a3ab-4214-978c-7ba6074934ad{ip: 192.168.5.153, host: pr-hdds-1999-4zsjs-3155158423, networkLocation: /default-rack, certSerialId: null}00fcee37-54ab-4c9e-9be2-8b052df77471{ip: 192.168.5.153, host: pr-hdds-1999-4zsjs-3155158423, networkLocation: /default-rack, certSerialId: null}, Type:RATIS, Factor:THREE, State:CLOSED] moved to CLOSED state
2019-08-21 14:06:55,329 [EventQueue-StaleNodeForStaleNodeHandler] INFO  pipeline.SCMPipelineManager (SCMPipelineManager.java:finalizeAndDestroyPipeline(309)) - destroying pipeline:Pipeline[ Id: cbb845f6-b4c7-4c9a-8fd6-06971e3f7c67, Nodes: 00fcee37-54ab-4c9e-9be2-8b052df77471{ip: 192.168.5.153, host: pr-hdds-1999-4zsjs-3155158423, networkLocation: /default-rack, certSerialId: null}, Type:RATIS, Factor:ONE, State:OPEN]
2019-08-21 14:06:55,329 [EventQueue-CloseContainerForCloseContainerEventHandler] INFO  container.CloseContainerEventHandler (CloseContainerEventHandler.java:onMessage(61)) - Close container Event triggered for container : #2
2019-08-21 14:06:55,329 [EventQueue-StaleNodeForStaleNodeHandler] INFO  pipeline.PipelineStateManager (PipelineStateManager.java:finalizePipeline(123)) - Pipeline Pipeline[ Id: cbb845f6-b4c7-4c9a-8fd6-06971e3f7c67, Nodes: 00fcee37-54ab-4c9e-9be2-8b052df77471{ip: 192.168.5.153, host: pr-hdds-1999-4zsjs-3155158423, networkLocation: /default-rack, certSerialId: null}, Type:RATIS, Factor:ONE, State:CLOSED] moved to CLOSED state
2019-08-21 14:06:55,412 [main] INFO  ozoneimpl.OzoneContainer (OzoneContainer.java:stop(199)) - Attempting to stop container services.
2019-08-21 14:06:55,412 [ForkJoinPool.commonPool-worker-1] INFO  ozoneimpl.OzoneContainer (OzoneContainer.java:stop(199)) - Attempting to stop container services.
2019-08-21 14:06:55,413 [main] INFO  impl.RaftServerProxy (RaftServerProxy.java:lambda$close$4(314)) - 00fcee37-54ab-4c9e-9be2-8b052df77471: close
2019-08-21 14:06:55,413 [ForkJoinPool.commonPool-worker-1] INFO  impl.RaftServerProxy (RaftServerProxy.java:lambda$close$4(314)) - 34e9b401-0a80-48b0-b439-106ab774064b: close
2019-08-21 14:06:55,413 [main] INFO  impl.RaftServerImpl (RaftServerImpl.java:lambda$shutdown$3(245)) - 00fcee37-54ab-4c9e-9be2-8b052df77471: shutdown group-5C01FB855558
2019-08-21 14:06:55,414 [ForkJoinPool.commonPool-worker-1] INFO  impl.RaftServerImpl (RaftServerImpl.java:lambda$shutdown$3(245)) - 34e9b401-0a80-48b0-b439-106ab774064b: shutdown group-175B969277C2
2019-08-21 14:06:55,414 [main] INFO  util.JmxRegister (JmxRegister.java:unregister(73)) - Successfully un-registered JMX Bean with object name Ratis:service=RaftServer,group=group-5C01FB855558,id=00fcee37-54ab-4c9e-9be2-8b052df77471
2019-08-21 14:06:55,414 [ForkJoinPool.commonPool-worker-1] INFO  util.JmxRegister (JmxRegister.java:unregister(73)) - Successfully un-registered JMX Bean with object name Ratis:service=RaftServer,group=group-175B969277C2,id=34e9b401-0a80-48b0-b439-106ab774064b
2019-08-21 14:06:55,415 [main] INFO  impl.RoleInfo (RoleInfo.java:shutdownFollowerState(121)) - 00fcee37-54ab-4c9e-9be2-8b052df77471: shutdown FollowerState
2019-08-21 14:06:55,415 [ForkJoinPool.commonPool-worker-1] INFO  impl.RoleInfo (RoleInfo.java:shutdownLeaderState(104)) - 34e9b401-0a80-48b0-b439-106ab774064b: shutdown LeaderState
2019-08-21 14:06:55,416 [StateMachineUpdater:00fcee37-54ab-4c9e-9be2-8b052df77471:group-5C01FB855558] INFO  ratis.ContainerStateMachine (ContainerStateMachine.java:takeSnapshot(283)) - group-5C01FB855558: Taking a snapshot at:(t:1, i:14) file /workdir/hadoop-ozone/integration-test/target/test-dir/MiniOzoneClusterImpl-7ea47189-2199-496c-8461-08fb5daa32e9/datanode-4/data/ratis/9bd2788b-671c-45ef-bec3-5c01fb855558/sm/snapshot.1_14
2019-08-21 14:06:55,416 [Thread-3398] INFO  impl.FollowerState (FollowerState.java:run(114)) - 00fcee37-54ab-4c9e-9be2-8b052df77471: FollowerState was interrupted: java.lang.InterruptedException: sleep interrupted
2019-08-21 14:06:55,415 [main] INFO  impl.StateMachineUpdater (StateMachineUpdater.java:stopAndJoin(115)) - StateMachineUpdater:00fcee37-54ab-4c9e-9be2-8b052df77471:group-5C01FB855558: set stopIndex = 16
2019-08-21 14:06:55,416 [ForkJoinPool.commonPool-worker-1] INFO  impl.PendingRequests (PendingRequests.java:sendNotLeaderResponses(202)) - 34e9b401-0a80-48b0-b439-106ab774064b-PendingRequests: sendNotLeaderResponses
2019-08-21 14:06:55,422 [ForkJoinPool.commonPool-worker-1] INFO  impl.StateMachineUpdater (StateMachineUpdater.java:stopAndJoin(115)) - StateMachineUpdater:34e9b401-0a80-48b0-b439-106ab774064b:group-175B969277C2: set stopIndex = 0
2019-08-21 14:06:55,422 [ForkJoinPool.commonPool-worker-1] INFO  impl.RaftServerImpl (ServerState.java:close(394)) - 34e9b401-0a80-48b0-b439-106ab774064b:group-175B969277C2 closes. The last applied log index is 0
2019-08-21 14:06:55,423 [34e9b401-0a80-48b0-b439-106ab774064b-SegmentedRaftLogWorker:Storage Directory /workdir/hadoop-ozone/integration-test/target/test-dir/MiniOzoneClusterImpl-7ea47189-2199-496c-8461-08fb5daa32e9/datanode-1/data/ratis/5156a337-3be4-4ea5-ae8b-175b969277c2] INFO  segmented.SegmentedRaftLogWorker (SegmentedRaftLogWorker.java:run(313)) - 34e9b401-0a80-48b0-b439-106ab774064b-SegmentedRaftLogWorker:Storage Directory /workdir/hadoop-ozone/integration-test/target/test-dir/MiniOzoneClusterImpl-7ea47189-2199-496c-8461-08fb5daa32e9/datanode-1/data/ratis/5156a337-3be4-4ea5-ae8b-175b969277c2 was interrupted, exiting. There are 0 tasks remaining in the queue.
2019-08-21 14:06:55,425 [ForkJoinPool.commonPool-worker-1] INFO  segmented.SegmentedRaftLogWorker (SegmentedRaftLogWorker.java:close(228)) - 34e9b401-0a80-48b0-b439-106ab774064b-SegmentedRaftLogWorker:Storage Directory /workdir/hadoop-ozone/integration-test/target/test-dir/MiniOzoneClusterImpl-7ea47189-2199-496c-8461-08fb5daa32e9/datanode-1/data/ratis/5156a337-3be4-4ea5-ae8b-175b969277c2 close()
2019-08-21 14:06:55,429 [ForkJoinPool.commonPool-worker-1] INFO  impl.RaftServerImpl (RaftServerImpl.java:lambda$shutdown$3(245)) - 34e9b401-0a80-48b0-b439-106ab774064b: shutdown group-AC3146FEDCD2
2019-08-21 14:06:55,429 [ForkJoinPool.commonPool-worker-1] INFO  util.JmxRegister (JmxRegister.java:unregister(73)) - Successfully un-registered JMX Bean with object name Ratis:service=RaftServer,group=group-AC3146FEDCD2,id=34e9b401-0a80-48b0-b439-106ab774064b
2019-08-21 14:06:55,430 [ForkJoinPool.commonPool-worker-1] INFO  impl.RoleInfo (RoleInfo.java:shutdownFollowerState(121)) - 34e9b401-0a80-48b0-b439-106ab774064b: shutdown FollowerState
2019-08-21 14:06:55,430 [ForkJoinPool.commonPool-worker-1] INFO  impl.StateMachineUpdater (StateMachineUpdater.java:stopAndJoin(115)) - StateMachineUpdater:34e9b401-0a80-48b0-b439-106ab774064b:group-AC3146FEDCD2: set stopIndex = 17
2019-08-21 14:06:55,430 [StateMachineUpdater:34e9b401-0a80-48b0-b439-106ab774064b:group-AC3146FEDCD2] INFO  ratis.ContainerStateMachine (ContainerStateMachine.java:takeSnapshot(283)) - group-AC3146FEDCD2: Taking a snapshot at:(t:1, i:13) file /workdir/hadoop-ozone/integration-test/target/test-dir/MiniOzoneClusterImpl-7ea47189-2199-496c-8461-08fb5daa32e9/datanode-1/data/ratis/01a628b8-15ec-4402-ba31-ac3146fedcd2/sm/snapshot.1_13
2019-08-21 14:06:55,430 [Thread-3514] INFO  impl.FollowerState (FollowerState.java:run(114)) - 34e9b401-0a80-48b0-b439-106ab774064b: FollowerState was interrupted: java.lang.InterruptedException: sleep interrupted
2019-08-21 14:06:55,434 [StateMachineUpdater:00fcee37-54ab-4c9e-9be2-8b052df77471:group-5C01FB855558] INFO  ratis.ContainerStateMachine (ContainerStateMachine.java:takeSnapshot(294)) - group-5C01FB855558: Finished taking a snapshot at:(t:1, i:14) file:/workdir/hadoop-ozone/integration-test/target/test-dir/MiniOzoneClusterImpl-7ea47189-2199-496c-8461-08fb5daa32e9/datanode-4/data/ratis/9bd2788b-671c-45ef-bec3-5c01fb855558/sm/snapshot.1_14 time:19
2019-08-21 14:06:55,434 [StateMachineUpdater:00fcee37-54ab-4c9e-9be2-8b052df77471:group-5C01FB855558] INFO  impl.StateMachineUpdater (StateMachineUpdater.java:takeSnapshot(242)) - StateMachineUpdater:00fcee37-54ab-4c9e-9be2-8b052df77471:group-5C01FB855558: Took a snapshot at index 14
2019-08-21 14:06:55,434 [StateMachineUpdater:00fcee37-54ab-4c9e-9be2-8b052df77471:group-5C01FB855558] INFO  impl.StateMachineUpdater (StateMachineUpdater.java:lambda$new$0(80)) - StateMachineUpdater:00fcee37-54ab-4c9e-9be2-8b052df77471:group-5C01FB855558: snapshotIndex: updateIncreasingly -1 -> 14
2019-08-21 14:06:55,435 [main] INFO  impl.RaftServerImpl (ServerState.java:close(394)) - 00fcee37-54ab-4c9e-9be2-8b052df77471:group-5C01FB855558 closes. The last applied log index is 16
2019-08-21 14:06:55,435 [StateMachineUpdater:34e9b401-0a80-48b0-b439-106ab774064b:group-AC3146FEDCD2] INFO  ratis.ContainerStateMachine (ContainerStateMachine.java:takeSnapshot(294)) - group-AC3146FEDCD2: Finished taking a snapshot at:(t:1, i:13) file:/workdir/hadoop-ozone/integration-test/target/test-dir/MiniOzoneClusterImpl-7ea47189-2199-496c-8461-08fb5daa32e9/datanode-1/data/ratis/01a628b8-15ec-4402-ba31-ac3146fedcd2/sm/snapshot.1_13 time:5
2019-08-21 14:06:55,435 [00fcee37-54ab-4c9e-9be2-8b052df77471-SegmentedRaftLogWorker:Storage Directory /workdir/hadoop-ozone/integration-test/target/test-dir/MiniOzoneClusterImpl-7ea47189-2199-496c-8461-08fb5daa32e9/datanode-4/data/ratis/9bd2788b-671c-45ef-bec3-5c01fb855558] INFO  segmented.SegmentedRaftLogWorker (SegmentedRaftLogWorker.java:run(313)) - 00fcee37-54ab-4c9e-9be2-8b052df77471-SegmentedRaftLogWorker:Storage Directory /workdir/hadoop-ozone/integration-test/target/test-dir/MiniOzoneClusterImpl-7ea47189-2199-496c-8461-08fb5daa32e9/datanode-4/data/ratis/9bd2788b-671c-45ef-bec3-5c01fb855558 was interrupted, exiting. There are 0 tasks remaining in the queue.
2019-08-21 14:06:55,435 [StateMachineUpdater:34e9b401-0a80-48b0-b439-106ab774064b:group-AC3146FEDCD2] INFO  impl.StateMachineUpdater (StateMachineUpdater.java:takeSnapshot(242)) - StateMachineUpdater:34e9b401-0a80-48b0-b439-106ab774064b:group-AC3146FEDCD2: Took a snapshot at index 13
2019-08-21 14:06:55,438 [StateMachineUpdater:34e9b401-0a80-48b0-b439-106ab774064b:group-AC3146FEDCD2] INFO  impl.StateMachineUpdater (StateMachineUpdater.java:lambda$new$0(80)) - StateMachineUpdater:34e9b401-0a80-48b0-b439-106ab774064b:group-AC3146FEDCD2: snapshotIndex: updateIncreasingly -1 -> 13
2019-08-21 14:06:55,438 [main] INFO  segmented.SegmentedRaftLogWorker (SegmentedRaftLogWorker.java:close(228)) - 00fcee37-54ab-4c9e-9be2-8b052df77471-SegmentedRaftLogWorker:Storage Directory /workdir/hadoop-ozone/integration-test/target/test-dir/MiniOzoneClusterImpl-7ea47189-2199-496c-8461-08fb5daa32e9/datanode-4/data/ratis/9bd2788b-671c-45ef-bec3-5c01fb855558 close()
2019-08-21 14:06:55,438 [ForkJoinPool.commonPool-worker-1] INFO  impl.RaftServerImpl (ServerState.java:close(394)) - 34e9b401-0a80-48b0-b439-106ab774064b:group-AC3146FEDCD2 closes. The last applied log index is 17
2019-08-21 14:06:55,441 [main] INFO  impl.RaftServerImpl (RaftServerImpl.java:lambda$shutdown$3(245)) - 00fcee37-54ab-4c9e-9be2-8b052df77471: shutdown group-06971E3F7C67
2019-08-21 14:06:55,442 [34e9b401-0a80-48b0-b439-106ab774064b-SegmentedRaftLogWorker:Storage Directory /workdir/hadoop-ozone/integration-test/target/test-dir/MiniOzoneClusterImpl-7ea47189-2199-496c-8461-08fb5daa32e9/datanode-1/data/ratis/01a628b8-15ec-4402-ba31-ac3146fedcd2] INFO  segmented.SegmentedRaftLogWorker (SegmentedRaftLogWorker.java:run(313)) - 34e9b401-0a80-48b0-b439-106ab774064b-SegmentedRaftLogWorker:Storage Directory /workdir/hadoop-ozone/integration-test/target/test-dir/MiniOzoneClusterImpl-7ea47189-2199-496c-8461-08fb5daa32e9/datanode-1/data/ratis/01a628b8-15ec-4402-ba31-ac3146fedcd2 was interrupted, exiting. There are 0 tasks remaining in the queue.
2019-08-21 14:06:55,442 [main] INFO  util.JmxRegister (JmxRegister.java:unregister(73)) - Successfully un-registered JMX Bean with object name Ratis:service=RaftServer,group=group-06971E3F7C67,id=00fcee37-54ab-4c9e-9be2-8b052df77471
2019-08-21 14:06:55,444 [ForkJoinPool.commonPool-worker-1] INFO  segmented.SegmentedRaftLogWorker (SegmentedRaftLogWorker.java:close(228)) - 34e9b401-0a80-48b0-b439-106ab774064b-SegmentedRaftLogWorker:Storage Directory /workdir/hadoop-ozone/integration-test/target/test-dir/MiniOzoneClusterImpl-7ea47189-2199-496c-8461-08fb5daa32e9/datanode-1/data/ratis/01a628b8-15ec-4402-ba31-ac3146fedcd2 close()
2019-08-21 14:06:55,444 [main] INFO  impl.RoleInfo (RoleInfo.java:shutdownLeaderState(104)) - 00fcee37-54ab-4c9e-9be2-8b052df77471: shutdown LeaderState
2019-08-21 14:06:55,448 [ForkJoinPool.commonPool-worker-1] INFO  server.GrpcService (GrpcService.java:closeImpl(155)) - 34e9b401-0a80-48b0-b439-106ab774064b: shutdown server with port 41483 now
2019-08-21 14:06:55,449 [main] INFO  impl.PendingRequests (PendingRequests.java:sendNotLeaderResponses(202)) - 00fcee37-54ab-4c9e-9be2-8b052df77471-PendingRequests: sendNotLeaderResponses
2019-08-21 14:06:55,449 [main] INFO  impl.StateMachineUpdater (StateMachineUpdater.java:stopAndJoin(115)) - StateMachineUpdater:00fcee37-54ab-4c9e-9be2-8b052df77471:group-06971E3F7C67: set stopIndex = 0
2019-08-21 14:06:55,450 [grpc-default-executor-10] WARN  server.GrpcServerProtocolService (LogUtils.java:warn(134)) - 34e9b401-0a80-48b0-b439-106ab774064b: appendEntries onError: org.apache.ratis.thirdparty.io.grpc.StatusRuntimeException: CANCELLED: cancelled before receiving half close
2019-08-21 14:06:55,450 [grpc-default-executor-11] WARN  server.GrpcLogAppender (LogUtils.java:warn(134)) - 836eae42-3b0d-43f5-9350-38cdf93fb6b1->34e9b401-0a80-48b0-b439-106ab774064b: Failed appendEntries: org.apache.ratis.thirdparty.io.grpc.StatusRuntimeException: CANCELLED: HTTP/2 error code: CANCEL
Received Rst Stream
2019-08-21 14:06:55,450 [ForkJoinPool.commonPool-worker-1] INFO  server.GrpcService (GrpcService.java:closeImpl(163)) - 34e9b401-0a80-48b0-b439-106ab774064b: shutdown server with port 41483 successfully
2019-08-21 14:06:55,450 [main] INFO  impl.RaftServerImpl (ServerState.java:close(394)) - 00fcee37-54ab-4c9e-9be2-8b052df77471:group-06971E3F7C67 closes. The last applied log index is 0
2019-08-21 14:06:55,450 [grpc-default-executor-11] INFO  impl.FollowerInfo (FollowerInfo.java:lambda$new$0(50)) - 836eae42-3b0d-43f5-9350-38cdf93fb6b1->34e9b401-0a80-48b0-b439-106ab774064b: nextIndex: updateUnconditionally 18 -> 17
2019-08-21 14:06:55,451 [00fcee37-54ab-4c9e-9be2-8b052df77471-SegmentedRaftLogWorker:Storage Directory /workdir/hadoop-ozone/integration-test/target/test-dir/MiniOzoneClusterImpl-7ea47189-2199-496c-8461-08fb5daa32e9/datanode-4/data/ratis/cbb845f6-b4c7-4c9a-8fd6-06971e3f7c67] INFO  segmented.SegmentedRaftLogWorker (SegmentedRaftLogWorker.java:run(313)) - 00fcee37-54ab-4c9e-9be2-8b052df77471-SegmentedRaftLogWorker:Storage Directory /workdir/hadoop-ozone/integration-test/target/test-dir/MiniOzoneClusterImpl-7ea47189-2199-496c-8461-08fb5daa32e9/datanode-4/data/ratis/cbb845f6-b4c7-4c9a-8fd6-06971e3f7c67 was interrupted, exiting. There are 0 tasks remaining in the queue.
2019-08-21 14:06:55,454 [ForkJoinPool.commonPool-worker-1] INFO  utils.BackgroundService (BackgroundService.java:shutdown(148)) - Shutting down service BlockDeletingService
2019-08-21 14:06:55,454 [main] INFO  segmented.SegmentedRaftLogWorker (SegmentedRaftLogWorker.java:close(228)) - 00fcee37-54ab-4c9e-9be2-8b052df77471-SegmentedRaftLogWorker:Storage Directory /workdir/hadoop-ozone/integration-test/target/test-dir/MiniOzoneClusterImpl-7ea47189-2199-496c-8461-08fb5daa32e9/datanode-4/data/ratis/cbb845f6-b4c7-4c9a-8fd6-06971e3f7c67 close()
2019-08-21 14:06:55,459 [main] INFO  server.GrpcService (GrpcService.java:closeImpl(155)) - 00fcee37-54ab-4c9e-9be2-8b052df77471: shutdown server with port 42774 now
2019-08-21 14:06:55,460 [grpc-default-executor-10] WARN  server.GrpcServerProtocolService (LogUtils.java:warn(134)) - 00fcee37-54ab-4c9e-9be2-8b052df77471: appendEntries onError: org.apache.ratis.thirdparty.io.grpc.StatusRuntimeException: CANCELLED: cancelled before receiving half close
2019-08-21 14:06:55,460 [grpc-default-executor-11] WARN  server.GrpcLogAppender (LogUtils.java:warn(134)) - ff625bda-bd10-4290-9d5d-b2d4afbb6a9a->00fcee37-54ab-4c9e-9be2-8b052df77471: Failed appendEntries: org.apache.ratis.thirdparty.io.grpc.StatusRuntimeException: CANCELLED: HTTP/2 error code: CANCEL
Received Rst Stream
2019-08-21 14:06:55,460 [refreshUsed-/workdir/hadoop-ozone/integration-test/target/test-dir/MiniOzoneClusterImpl-7ea47189-2199-496c-8461-08fb5daa32e9/datanode-1/data/containers] WARN  fs.CachingGetSpaceUsed (CachingGetSpaceUsed.java:run(183)) - Thread Interrupted waiting to refresh disk information: sleep interrupted
2019-08-21 14:06:55,460 [main] INFO  server.GrpcService (GrpcService.java:closeImpl(163)) - 00fcee37-54ab-4c9e-9be2-8b052df77471: shutdown server with port 42774 successfully
2019-08-21 14:06:55,460 [grpc-default-executor-11] INFO  impl.FollowerInfo (FollowerInfo.java:lambda$new$0(50)) - ff625bda-bd10-4290-9d5d-b2d4afbb6a9a->00fcee37-54ab-4c9e-9be2-8b052df77471: nextIndex: updateUnconditionally 17 -> 16
2019-08-21 14:06:55,464 [main] INFO  utils.BackgroundService (BackgroundService.java:shutdown(148)) - Shutting down service BlockDeletingService
2019-08-21 14:06:55,469 [refreshUsed-/workdir/hadoop-ozone/integration-test/target/test-dir/MiniOzoneClusterImpl-7ea47189-2199-496c-8461-08fb5daa32e9/datanode-4/data/containers] WARN  fs.CachingGetSpaceUsed (CachingGetSpaceUsed.java:run(183)) - Thread Interrupted waiting to refresh disk information: sleep interrupted
2019-08-21 14:06:55,488 [ForkJoinPool.commonPool-worker-1] INFO  statemachine.DatanodeStateMachine (DatanodeStateMachine.java:stopDaemon(395)) - Ozone container server stopped.
2019-08-21 14:06:55,494 [ForkJoinPool.commonPool-worker-1] INFO  handler.ContextHandler (ContextHandler.java:doStop(910)) - Stopped o.e.j.w.WebAppContext@7ca0aa55{/,null,UNAVAILABLE}{/hddsDatanode}
2019-08-21 14:06:55,495 [ForkJoinPool.commonPool-worker-1] INFO  server.AbstractConnector (AbstractConnector.java:doStop(318)) - Stopped ServerConnector@51a8aed8{HTTP/1.1,[http/1.1]}{0.0.0.0:0}
2019-08-21 14:06:55,497 [ForkJoinPool.commonPool-worker-1] INFO  handler.ContextHandler (ContextHandler.java:doStop(910)) - Stopped o.e.j.s.ServletContextHandler@b7b26c6{/static,jar:file:/home/user/.m2/repository/org/apache/hadoop/hadoop-hdds-container-service/0.5.0-SNAPSHOT/hadoop-hdds-container-service-0.5.0-SNAPSHOT.jar!/webapps/static,UNAVAILABLE}
2019-08-21 14:06:55,499 [ForkJoinPool.commonPool-worker-1] INFO  handler.ContextHandler (ContextHandler.java:doStop(910)) - Stopped o.e.j.s.ServletContextHandler@2aaed928{/logs,file:///workdir/hadoop-ozone/integration-test/target/log,UNAVAILABLE}
2019-08-21 14:06:55,504 [main] INFO  statemachine.DatanodeStateMachine (DatanodeStateMachine.java:stopDaemon(395)) - Ozone container server stopped.
2019-08-21 14:06:55,504 [ForkJoinPool.commonPool-worker-1] INFO  datanode.ObjectStoreHandler (ObjectStoreHandler.java:close(155)) - Closing ObjectStoreHandler.
2019-08-21 14:06:55,505 [ForkJoinPool.commonPool-worker-1] INFO  ozone.HddsDatanodeService (HddsDatanodeService.java:stop(451)) - Stopped plug-in org.apache.hadoop.ozone.web.OzoneHddsDatanodeService@4bacabc4
2019-08-21 14:06:55,505 [main] INFO  handler.ContextHandler (ContextHandler.java:doStop(910)) - Stopped o.e.j.w.WebAppContext@7671c02d{/,null,UNAVAILABLE}{/hddsDatanode}
2019-08-21 14:06:55,506 [main] INFO  server.AbstractConnector (AbstractConnector.java:doStop(318)) - Stopped ServerConnector@44189797{HTTP/1.1,[http/1.1]}{0.0.0.0:0}
2019-08-21 14:06:55,506 [main] INFO  handler.ContextHandler (ContextHandler.java:doStop(910)) - Stopped o.e.j.s.ServletContextHandler@29511cf9{/static,jar:file:/home/user/.m2/repository/org/apache/hadoop/hadoop-hdds-container-service/0.5.0-SNAPSHOT/hadoop-hdds-container-service-0.5.0-SNAPSHOT.jar!/webapps/static,UNAVAILABLE}
2019-08-21 14:06:55,507 [main] INFO  handler.ContextHandler (ContextHandler.java:doStop(910)) - Stopped o.e.j.s.ServletContextHandler@213a2fe3{/logs,file:///workdir/hadoop-ozone/integration-test/target/log,UNAVAILABLE}
2019-08-21 14:06:55,508 [main] INFO  datanode.ObjectStoreHandler (ObjectStoreHandler.java:close(155)) - Closing ObjectStoreHandler.
2019-08-21 14:06:55,508 [main] INFO  ozone.HddsDatanodeService (HddsDatanodeService.java:stop(451)) - Stopped plug-in org.apache.hadoop.ozone.web.OzoneHddsDatanodeService@387bbd7a
2019-08-21 14:06:55,530 [Datanode State Machine Thread - 0] INFO  statemachine.DatanodeStateMachine (DatanodeStateMachine.java:lambda$startDaemon$0(350)) - Ozone container server started.
2019-08-21 14:06:55,578 [grpc-default-executor-11] WARN  server.GrpcLogAppender (LogUtils.java:warn(134)) - 836eae42-3b0d-43f5-9350-38cdf93fb6b1->44dd15f8-6ed7-4759-a927-399fb365e987: Failed appendEntries: org.apache.ratis.thirdparty.io.grpc.StatusRuntimeException: UNAVAILABLE: io exception
2019-08-21 14:06:55,579 [grpc-default-executor-11] INFO  impl.FollowerInfo (FollowerInfo.java:lambda$new$0(50)) - 836eae42-3b0d-43f5-9350-38cdf93fb6b1->44dd15f8-6ed7-4759-a927-399fb365e987: nextIndex: updateUnconditionally 0 -> 0
2019-08-21 14:06:55,579 [grpc-default-executor-8] WARN  server.GrpcLogAppender (LogUtils.java:warn(134)) - 836eae42-3b0d-43f5-9350-38cdf93fb6b1->34e9b401-0a80-48b0-b439-106ab774064b: Failed appendEntries: org.apache.ratis.thirdparty.io.grpc.StatusRuntimeException: UNAVAILABLE: io exception
2019-08-21 14:06:55,579 [grpc-default-executor-8] INFO  impl.FollowerInfo (FollowerInfo.java:lambda$new$0(50)) - 836eae42-3b0d-43f5-9350-38cdf93fb6b1->34e9b401-0a80-48b0-b439-106ab774064b: nextIndex: updateUnconditionally 17 -> 16
2019-08-21 14:06:56,230 | INFO  | SCMAudit | user=jenkins1000 | ip=192.168.5.153 | op=SEND_HEARTBEAT {datanodeUUID=171bb82a-885e-4b9c-ba33-fe6086da731b, command=[]} | ret=SUCCESS |  
2019-08-21 14:06:56,246 [Datanode State Machine Thread - 0] INFO  statemachine.DatanodeStateMachine (DatanodeStateMachine.java:lambda$startDaemon$0(350)) - Ozone container server started.
2019-08-21 14:06:56,247 | INFO  | SCMAudit | user=jenkins1000 | ip=192.168.5.153 | op=SEND_HEARTBEAT {datanodeUUID=e9811297-a3ab-4214-978c-7ba6074934ad, command=[commandType: closeContainerCommand closeContainerCommandProto { containerID: 2 pipelineID { id: "9bd2788b-671c-45ef-bec3-5c01fb855558" } cmdId: 2 force: false } ]} | ret=SUCCESS |  
2019-08-21 14:06:57,233 | INFO  | SCMAudit | user=jenkins1000 | ip=192.168.5.153 | op=SEND_HEARTBEAT {datanodeUUID=171bb82a-885e-4b9c-ba33-fe6086da731b, command=[]} | ret=SUCCESS |  
2019-08-21 14:06:57,247 | INFO  | SCMAudit | user=jenkins1000 | ip=192.168.5.153 | op=SEND_HEARTBEAT {datanodeUUID=e9811297-a3ab-4214-978c-7ba6074934ad, command=[]} | ret=SUCCESS |  
2019-08-21 14:06:57,266 | INFO  | SCMAudit | user=jenkins1000 | ip=192.168.5.153 | op=SEND_HEARTBEAT {datanodeUUID=e9811297-a3ab-4214-978c-7ba6074934ad, command=[]} | ret=SUCCESS |  
2019-08-21 14:06:57,886 [grpc-default-executor-10] WARN  server.GrpcLogAppender (LogUtils.java:warn(134)) - ff625bda-bd10-4290-9d5d-b2d4afbb6a9a->00fcee37-54ab-4c9e-9be2-8b052df77471: Failed appendEntries: org.apache.ratis.thirdparty.io.grpc.StatusRuntimeException: UNAVAILABLE: io exception
2019-08-21 14:06:57,887 [grpc-default-executor-10] INFO  impl.FollowerInfo (FollowerInfo.java:lambda$new$0(50)) - ff625bda-bd10-4290-9d5d-b2d4afbb6a9a->00fcee37-54ab-4c9e-9be2-8b052df77471: nextIndex: updateUnconditionally 16 -> 15
2019-08-21 14:06:58,079 [grpc-default-executor-10] WARN  server.GrpcLogAppender (LogUtils.java:warn(134)) - 836eae42-3b0d-43f5-9350-38cdf93fb6b1->44dd15f8-6ed7-4759-a927-399fb365e987: Failed appendEntries: org.apache.ratis.thirdparty.io.grpc.StatusRuntimeException: UNAVAILABLE: io exception
2019-08-21 14:06:58,079 [grpc-default-executor-10] INFO  impl.FollowerInfo (FollowerInfo.java:lambda$new$0(50)) - 836eae42-3b0d-43f5-9350-38cdf93fb6b1->44dd15f8-6ed7-4759-a927-399fb365e987: nextIndex: updateUnconditionally 0 -> 0
2019-08-21 14:06:58,079 [grpc-default-executor-10] WARN  server.GrpcLogAppender (LogUtils.java:warn(134)) - 836eae42-3b0d-43f5-9350-38cdf93fb6b1->34e9b401-0a80-48b0-b439-106ab774064b: Failed appendEntries: org.apache.ratis.thirdparty.io.grpc.StatusRuntimeException: UNAVAILABLE: io exception
2019-08-21 14:06:58,080 [grpc-default-executor-10] INFO  impl.FollowerInfo (FollowerInfo.java:lambda$new$0(50)) - 836eae42-3b0d-43f5-9350-38cdf93fb6b1->34e9b401-0a80-48b0-b439-106ab774064b: nextIndex: updateUnconditionally 16 -> 15
2019-08-21 14:06:58,230 | INFO  | SCMAudit | user=jenkins1000 | ip=192.168.5.153 | op=SEND_HEARTBEAT {datanodeUUID=171bb82a-885e-4b9c-ba33-fe6086da731b, command=[]} | ret=SUCCESS |  
2019-08-21 14:06:58,266 | INFO  | SCMAudit | user=jenkins1000 | ip=192.168.5.153 | op=SEND_HEARTBEAT {datanodeUUID=e9811297-a3ab-4214-978c-7ba6074934ad, command=[]} | ret=SUCCESS |  
2019-08-21 14:06:59,231 | INFO  | SCMAudit | user=jenkins1000 | ip=192.168.5.153 | op=SEND_HEARTBEAT {datanodeUUID=171bb82a-885e-4b9c-ba33-fe6086da731b, command=[]} | ret=SUCCESS |  
2019-08-21 14:06:59,266 | INFO  | SCMAudit | user=jenkins1000 | ip=192.168.5.153 | op=SEND_HEARTBEAT {datanodeUUID=e9811297-a3ab-4214-978c-7ba6074934ad, command=[]} | ret=SUCCESS |  
2019-08-21 14:06:59,534 [EventQueue-StaleNodeForStaleNodeHandler] INFO  node.StaleNodeHandler (StaleNodeHandler.java:onMessage(58)) - Datanode 836eae42-3b0d-43f5-9350-38cdf93fb6b1{ip: 192.168.5.153, host: pr-hdds-1999-4zsjs-3155158423, networkLocation: /default-rack, certSerialId: null} moved to stale state. Finalizing its pipelines [PipelineID=42c5efd7-bcd7-4d96-8297-1ccb1d2324c4, PipelineID=01a628b8-15ec-4402-ba31-ac3146fedcd2]
2019-08-21 14:06:59,535 [EventQueue-StaleNodeForStaleNodeHandler] INFO  pipeline.SCMPipelineManager (SCMPipelineManager.java:finalizeAndDestroyPipeline(309)) - destroying pipeline:Pipeline[ Id: 42c5efd7-bcd7-4d96-8297-1ccb1d2324c4, Nodes: 836eae42-3b0d-43f5-9350-38cdf93fb6b1{ip: 192.168.5.153, host: pr-hdds-1999-4zsjs-3155158423, networkLocation: /default-rack, certSerialId: null}, Type:RATIS, Factor:ONE, State:OPEN]
2019-08-21 14:06:59,535 [EventQueue-StaleNodeForStaleNodeHandler] INFO  pipeline.PipelineStateManager (PipelineStateManager.java:finalizePipeline(123)) - Pipeline Pipeline[ Id: 42c5efd7-bcd7-4d96-8297-1ccb1d2324c4, Nodes: 836eae42-3b0d-43f5-9350-38cdf93fb6b1{ip: 192.168.5.153, host: pr-hdds-1999-4zsjs-3155158423, networkLocation: /default-rack, certSerialId: null}, Type:RATIS, Factor:ONE, State:CLOSED] moved to CLOSED state
2019-08-21 14:06:59,536 [EventQueue-StaleNodeForStaleNodeHandler] INFO  pipeline.SCMPipelineManager (SCMPipelineManager.java:finalizeAndDestroyPipeline(309)) - destroying pipeline:Pipeline[ Id: 01a628b8-15ec-4402-ba31-ac3146fedcd2, Nodes: 44dd15f8-6ed7-4759-a927-399fb365e987{ip: 192.168.5.153, host: pr-hdds-1999-4zsjs-3155158423, networkLocation: /default-rack, certSerialId: null}34e9b401-0a80-48b0-b439-106ab774064b{ip: 192.168.5.153, host: pr-hdds-1999-4zsjs-3155158423, networkLocation: /default-rack, certSerialId: null}836eae42-3b0d-43f5-9350-38cdf93fb6b1{ip: 192.168.5.153, host: pr-hdds-1999-4zsjs-3155158423, networkLocation: /default-rack, certSerialId: null}, Type:RATIS, Factor:THREE, State:CLOSED]
2019-08-21 14:07:00,231 | INFO  | SCMAudit | user=jenkins1000 | ip=192.168.5.153 | op=SEND_HEARTBEAT {datanodeUUID=171bb82a-885e-4b9c-ba33-fe6086da731b, command=[]} | ret=SUCCESS |  
2019-08-21 14:07:00,266 | INFO  | SCMAudit | user=jenkins1000 | ip=192.168.5.153 | op=SEND_HEARTBEAT {datanodeUUID=e9811297-a3ab-4214-978c-7ba6074934ad, command=[]} | ret=SUCCESS |  
2019-08-21 14:07:00,335 [EventQueue-StaleNodeForStaleNodeHandler] INFO  node.StaleNodeHandler (StaleNodeHandler.java:onMessage(58)) - Datanode ff625bda-bd10-4290-9d5d-b2d4afbb6a9a{ip: 192.168.5.153, host: pr-hdds-1999-4zsjs-3155158423, networkLocation: /default-rack, certSerialId: null} moved to stale state. Finalizing its pipelines [PipelineID=b6e06e3c-d654-4abd-99ae-6a78a84bb37d, PipelineID=9bd2788b-671c-45ef-bec3-5c01fb855558]
2019-08-21 14:07:00,336 [EventQueue-StaleNodeForStaleNodeHandler] INFO  pipeline.SCMPipelineManager (SCMPipelineManager.java:finalizeAndDestroyPipeline(309)) - destroying pipeline:Pipeline[ Id: b6e06e3c-d654-4abd-99ae-6a78a84bb37d, Nodes: ff625bda-bd10-4290-9d5d-b2d4afbb6a9a{ip: 192.168.5.153, host: pr-hdds-1999-4zsjs-3155158423, networkLocation: /default-rack, certSerialId: null}, Type:RATIS, Factor:ONE, State:OPEN]
2019-08-21 14:07:00,336 [EventQueue-StaleNodeForStaleNodeHandler] INFO  pipeline.PipelineStateManager (PipelineStateManager.java:finalizePipeline(123)) - Pipeline Pipeline[ Id: b6e06e3c-d654-4abd-99ae-6a78a84bb37d, Nodes: ff625bda-bd10-4290-9d5d-b2d4afbb6a9a{ip: 192.168.5.153, host: pr-hdds-1999-4zsjs-3155158423, networkLocation: /default-rack, certSerialId: null}, Type:RATIS, Factor:ONE, State:CLOSED] moved to CLOSED state
2019-08-21 14:07:00,336 [EventQueue-StaleNodeForStaleNodeHandler] INFO  pipeline.SCMPipelineManager (SCMPipelineManager.java:finalizeAndDestroyPipeline(309)) - destroying pipeline:Pipeline[ Id: 9bd2788b-671c-45ef-bec3-5c01fb855558, Nodes: ff625bda-bd10-4290-9d5d-b2d4afbb6a9a{ip: 192.168.5.153, host: pr-hdds-1999-4zsjs-3155158423, networkLocation: /default-rack, certSerialId: null}e9811297-a3ab-4214-978c-7ba6074934ad{ip: 192.168.5.153, host: pr-hdds-1999-4zsjs-3155158423, networkLocation: /default-rack, certSerialId: null}00fcee37-54ab-4c9e-9be2-8b052df77471{ip: 192.168.5.153, host: pr-hdds-1999-4zsjs-3155158423, networkLocation: /default-rack, certSerialId: null}, Type:RATIS, Factor:THREE, State:CLOSED]
2019-08-21 14:07:00,385 [grpc-default-executor-8] WARN  server.GrpcLogAppender (LogUtils.java:warn(134)) - ff625bda-bd10-4290-9d5d-b2d4afbb6a9a->00fcee37-54ab-4c9e-9be2-8b052df77471: Failed appendEntries: org.apache.ratis.thirdparty.io.grpc.StatusRuntimeException: UNAVAILABLE: io exception
2019-08-21 14:07:00,386 [grpc-default-executor-8] INFO  impl.FollowerInfo (FollowerInfo.java:lambda$new$0(50)) - ff625bda-bd10-4290-9d5d-b2d4afbb6a9a->00fcee37-54ab-4c9e-9be2-8b052df77471: nextIndex: updateUnconditionally 15 -> 14
2019-08-21 14:07:00,506 [ForkJoinPool.commonPool-worker-1] INFO  ozoneimpl.OzoneContainer (OzoneContainer.java:stop(199)) - Attempting to stop container services.
2019-08-21 14:07:00,506 [ForkJoinPool.commonPool-worker-1] INFO  impl.RaftServerProxy (RaftServerProxy.java:lambda$close$4(314)) - 836eae42-3b0d-43f5-9350-38cdf93fb6b1: close
2019-08-21 14:07:00,506 [ForkJoinPool.commonPool-worker-1] INFO  impl.RaftServerImpl (RaftServerImpl.java:lambda$shutdown$3(245)) - 836eae42-3b0d-43f5-9350-38cdf93fb6b1: shutdown group-1CCB1D2324C4
2019-08-21 14:07:00,507 [ForkJoinPool.commonPool-worker-1] INFO  util.JmxRegister (JmxRegister.java:unregister(73)) - Successfully un-registered JMX Bean with object name Ratis:service=RaftServer,group=group-1CCB1D2324C4,id=836eae42-3b0d-43f5-9350-38cdf93fb6b1
2019-08-21 14:07:00,507 [ForkJoinPool.commonPool-worker-1] INFO  impl.RoleInfo (RoleInfo.java:shutdownLeaderState(104)) - 836eae42-3b0d-43f5-9350-38cdf93fb6b1: shutdown LeaderState
2019-08-21 14:07:00,507 [ForkJoinPool.commonPool-worker-1] INFO  impl.PendingRequests (PendingRequests.java:sendNotLeaderResponses(202)) - 836eae42-3b0d-43f5-9350-38cdf93fb6b1-PendingRequests: sendNotLeaderResponses
2019-08-21 14:07:00,508 [ForkJoinPool.commonPool-worker-1] INFO  impl.StateMachineUpdater (StateMachineUpdater.java:stopAndJoin(115)) - StateMachineUpdater:836eae42-3b0d-43f5-9350-38cdf93fb6b1:group-1CCB1D2324C4: set stopIndex = 0
2019-08-21 14:07:00,508 [ForkJoinPool.commonPool-worker-1] INFO  impl.RaftServerImpl (ServerState.java:close(394)) - 836eae42-3b0d-43f5-9350-38cdf93fb6b1:group-1CCB1D2324C4 closes. The last applied log index is 0
2019-08-21 14:07:00,508 [836eae42-3b0d-43f5-9350-38cdf93fb6b1-SegmentedRaftLogWorker:Storage Directory /workdir/hadoop-ozone/integration-test/target/test-dir/MiniOzoneClusterImpl-7ea47189-2199-496c-8461-08fb5daa32e9/datanode-0/data/ratis/42c5efd7-bcd7-4d96-8297-1ccb1d2324c4] INFO  segmented.SegmentedRaftLogWorker (SegmentedRaftLogWorker.java:run(313)) - 836eae42-3b0d-43f5-9350-38cdf93fb6b1-SegmentedRaftLogWorker:Storage Directory /workdir/hadoop-ozone/integration-test/target/test-dir/MiniOzoneClusterImpl-7ea47189-2199-496c-8461-08fb5daa32e9/datanode-0/data/ratis/42c5efd7-bcd7-4d96-8297-1ccb1d2324c4 was interrupted, exiting. There are 0 tasks remaining in the queue.
2019-08-21 14:07:00,511 [ForkJoinPool.commonPool-worker-1] INFO  segmented.SegmentedRaftLogWorker (SegmentedRaftLogWorker.java:close(228)) - 836eae42-3b0d-43f5-9350-38cdf93fb6b1-SegmentedRaftLogWorker:Storage Directory /workdir/hadoop-ozone/integration-test/target/test-dir/MiniOzoneClusterImpl-7ea47189-2199-496c-8461-08fb5daa32e9/datanode-0/data/ratis/42c5efd7-bcd7-4d96-8297-1ccb1d2324c4 close()
2019-08-21 14:07:00,511 [main] INFO  ozoneimpl.OzoneContainer (OzoneContainer.java:stop(199)) - Attempting to stop container services.
2019-08-21 14:07:00,514 [ForkJoinPool.commonPool-worker-1] INFO  impl.RaftServerImpl (RaftServerImpl.java:lambda$shutdown$3(245)) - 836eae42-3b0d-43f5-9350-38cdf93fb6b1: shutdown group-AC3146FEDCD2
2019-08-21 14:07:00,515 [main] INFO  impl.RaftServerProxy (RaftServerProxy.java:lambda$close$4(314)) - ff625bda-bd10-4290-9d5d-b2d4afbb6a9a: close
2019-08-21 14:07:00,515 [ForkJoinPool.commonPool-worker-1] INFO  util.JmxRegister (JmxRegister.java:unregister(73)) - Successfully un-registered JMX Bean with object name Ratis:service=RaftServer,group=group-AC3146FEDCD2,id=836eae42-3b0d-43f5-9350-38cdf93fb6b1
2019-08-21 14:07:00,515 [main] INFO  impl.RaftServerImpl (RaftServerImpl.java:lambda$shutdown$3(245)) - ff625bda-bd10-4290-9d5d-b2d4afbb6a9a: shutdown group-6A78A84BB37D
2019-08-21 14:07:00,516 [ForkJoinPool.commonPool-worker-1] INFO  impl.RoleInfo (RoleInfo.java:shutdownLeaderState(104)) - 836eae42-3b0d-43f5-9350-38cdf93fb6b1: shutdown LeaderState
2019-08-21 14:07:00,516 [main] INFO  util.JmxRegister (JmxRegister.java:unregister(73)) - Successfully un-registered JMX Bean with object name Ratis:service=RaftServer,group=group-6A78A84BB37D,id=ff625bda-bd10-4290-9d5d-b2d4afbb6a9a
2019-08-21 14:07:00,519 [org.apache.ratis.server.impl.LogAppender$AppenderDaemon$$Lambda$497/1064551127@fdde7d0] WARN  server.GrpcLogAppender (GrpcLogAppender.java:mayWait(143)) - GrpcLogAppender(836eae42-3b0d-43f5-9350-38cdf93fb6b1->44dd15f8-6ed7-4759-a927-399fb365e987): Wait interrupted by java.lang.InterruptedException
2019-08-21 14:07:00,520 [org.apache.ratis.server.impl.LogAppender$AppenderDaemon$$Lambda$497/1064551127@3be22764] WARN  server.GrpcLogAppender (GrpcLogAppender.java:mayWait(143)) - GrpcLogAppender(836eae42-3b0d-43f5-9350-38cdf93fb6b1->34e9b401-0a80-48b0-b439-106ab774064b): Wait interrupted by java.lang.InterruptedException
2019-08-21 14:07:00,519 [ForkJoinPool.commonPool-worker-1] INFO  impl.PendingRequests (PendingRequests.java:sendNotLeaderResponses(202)) - 836eae42-3b0d-43f5-9350-38cdf93fb6b1-PendingRequests: sendNotLeaderResponses
2019-08-21 14:07:00,520 [main] INFO  impl.RoleInfo (RoleInfo.java:shutdownLeaderState(104)) - ff625bda-bd10-4290-9d5d-b2d4afbb6a9a: shutdown LeaderState
2019-08-21 14:07:00,521 [StateMachineUpdater:836eae42-3b0d-43f5-9350-38cdf93fb6b1:group-AC3146FEDCD2] INFO  ratis.ContainerStateMachine (ContainerStateMachine.java:takeSnapshot(283)) - group-AC3146FEDCD2: Taking a snapshot at:(t:1, i:13) file /workdir/hadoop-ozone/integration-test/target/test-dir/MiniOzoneClusterImpl-7ea47189-2199-496c-8461-08fb5daa32e9/datanode-0/data/ratis/01a628b8-15ec-4402-ba31-ac3146fedcd2/sm/snapshot.1_13
2019-08-21 14:07:00,521 [ForkJoinPool.commonPool-worker-1] INFO  impl.StateMachineUpdater (StateMachineUpdater.java:stopAndJoin(115)) - StateMachineUpdater:836eae42-3b0d-43f5-9350-38cdf93fb6b1:group-AC3146FEDCD2: set stopIndex = 17
2019-08-21 14:07:00,521 [main] INFO  impl.PendingRequests (PendingRequests.java:sendNotLeaderResponses(202)) - ff625bda-bd10-4290-9d5d-b2d4afbb6a9a-PendingRequests: sendNotLeaderResponses
2019-08-21 14:07:00,522 [main] INFO  impl.StateMachineUpdater (StateMachineUpdater.java:stopAndJoin(115)) - StateMachineUpdater:ff625bda-bd10-4290-9d5d-b2d4afbb6a9a:group-6A78A84BB37D: set stopIndex = 0
2019-08-21 14:07:00,522 [main] INFO  impl.RaftServerImpl (ServerState.java:close(394)) - ff625bda-bd10-4290-9d5d-b2d4afbb6a9a:group-6A78A84BB37D closes. The last applied log index is 0
2019-08-21 14:07:00,523 [ff625bda-bd10-4290-9d5d-b2d4afbb6a9a-SegmentedRaftLogWorker:Storage Directory /workdir/hadoop-ozone/integration-test/target/test-dir/MiniOzoneClusterImpl-7ea47189-2199-496c-8461-08fb5daa32e9/datanode-3/data/ratis/b6e06e3c-d654-4abd-99ae-6a78a84bb37d] INFO  segmented.SegmentedRaftLogWorker (SegmentedRaftLogWorker.java:run(313)) - ff625bda-bd10-4290-9d5d-b2d4afbb6a9a-SegmentedRaftLogWorker:Storage Directory /workdir/hadoop-ozone/integration-test/target/test-dir/MiniOzoneClusterImpl-7ea47189-2199-496c-8461-08fb5daa32e9/datanode-3/data/ratis/b6e06e3c-d654-4abd-99ae-6a78a84bb37d was interrupted, exiting. There are 0 tasks remaining in the queue.
2019-08-21 14:07:00,525 [main] INFO  segmented.SegmentedRaftLogWorker (SegmentedRaftLogWorker.java:close(228)) - ff625bda-bd10-4290-9d5d-b2d4afbb6a9a-SegmentedRaftLogWorker:Storage Directory /workdir/hadoop-ozone/integration-test/target/test-dir/MiniOzoneClusterImpl-7ea47189-2199-496c-8461-08fb5daa32e9/datanode-3/data/ratis/b6e06e3c-d654-4abd-99ae-6a78a84bb37d close()
2019-08-21 14:07:00,528 [main] INFO  impl.RaftServerImpl (RaftServerImpl.java:lambda$shutdown$3(245)) - ff625bda-bd10-4290-9d5d-b2d4afbb6a9a: shutdown group-5C01FB855558
2019-08-21 14:07:00,529 [main] INFO  util.JmxRegister (JmxRegister.java:unregister(73)) - Successfully un-registered JMX Bean with object name Ratis:service=RaftServer,group=group-5C01FB855558,id=ff625bda-bd10-4290-9d5d-b2d4afbb6a9a
2019-08-21 14:07:00,529 [main] INFO  impl.RoleInfo (RoleInfo.java:shutdownLeaderState(104)) - ff625bda-bd10-4290-9d5d-b2d4afbb6a9a: shutdown LeaderState
2019-08-21 14:07:00,533 [main] INFO  impl.PendingRequests (PendingRequests.java:sendNotLeaderResponses(202)) - ff625bda-bd10-4290-9d5d-b2d4afbb6a9a-PendingRequests: sendNotLeaderResponses
2019-08-21 14:07:00,533 [org.apache.ratis.server.impl.LogAppender$AppenderDaemon$$Lambda$497/1064551127@20079861] WARN  server.GrpcLogAppender (GrpcLogAppender.java:mayWait(143)) - GrpcLogAppender(ff625bda-bd10-4290-9d5d-b2d4afbb6a9a->e9811297-a3ab-4214-978c-7ba6074934ad): Wait interrupted by java.lang.InterruptedException
2019-08-21 14:07:00,533 [org.apache.ratis.server.impl.LogAppender$AppenderDaemon$$Lambda$497/1064551127@65051aa5] WARN  server.GrpcLogAppender (GrpcLogAppender.java:mayWait(143)) - GrpcLogAppender(ff625bda-bd10-4290-9d5d-b2d4afbb6a9a->00fcee37-54ab-4c9e-9be2-8b052df77471): Wait interrupted by java.lang.InterruptedException
2019-08-21 14:07:00,536 [main] INFO  impl.StateMachineUpdater (StateMachineUpdater.java:stopAndJoin(115)) - StateMachineUpdater:ff625bda-bd10-4290-9d5d-b2d4afbb6a9a:group-5C01FB855558: set stopIndex = 16
2019-08-21 14:07:00,537 [grpc-default-executor-8] INFO  server.GrpcServerProtocolService (GrpcServerProtocolService.java:onCompleted(104)) - e9811297-a3ab-4214-978c-7ba6074934ad: appendEntries completed
2019-08-21 14:07:00,536 [StateMachineUpdater:ff625bda-bd10-4290-9d5d-b2d4afbb6a9a:group-5C01FB855558] INFO  ratis.ContainerStateMachine (ContainerStateMachine.java:takeSnapshot(283)) - group-5C01FB855558: Taking a snapshot at:(t:1, i:14) file /workdir/hadoop-ozone/integration-test/target/test-dir/MiniOzoneClusterImpl-7ea47189-2199-496c-8461-08fb5daa32e9/datanode-3/data/ratis/9bd2788b-671c-45ef-bec3-5c01fb855558/sm/snapshot.1_14
2019-08-21 14:07:00,537 [grpc-default-executor-10] INFO  server.GrpcLogAppender (GrpcLogAppender.java:onCompleted(292)) - ff625bda-bd10-4290-9d5d-b2d4afbb6a9a->e9811297-a3ab-4214-978c-7ba6074934ad: follower responses appendEntries COMPLETED
2019-08-21 14:07:00,538 [grpc-default-executor-10] INFO  impl.FollowerInfo (FollowerInfo.java:lambda$new$0(50)) - ff625bda-bd10-4290-9d5d-b2d4afbb6a9a->e9811297-a3ab-4214-978c-7ba6074934ad: nextIndex: updateUnconditionally 17 -> 16
2019-08-21 14:07:00,546 [StateMachineUpdater:836eae42-3b0d-43f5-9350-38cdf93fb6b1:group-AC3146FEDCD2] INFO  ratis.ContainerStateMachine (ContainerStateMachine.java:takeSnapshot(294)) - group-AC3146FEDCD2: Finished taking a snapshot at:(t:1, i:13) file:/workdir/hadoop-ozone/integration-test/target/test-dir/MiniOzoneClusterImpl-7ea47189-2199-496c-8461-08fb5daa32e9/datanode-0/data/ratis/01a628b8-15ec-4402-ba31-ac3146fedcd2/sm/snapshot.1_13 time:26
2019-08-21 14:07:00,546 [StateMachineUpdater:836eae42-3b0d-43f5-9350-38cdf93fb6b1:group-AC3146FEDCD2] INFO  impl.StateMachineUpdater (StateMachineUpdater.java:takeSnapshot(242)) - StateMachineUpdater:836eae42-3b0d-43f5-9350-38cdf93fb6b1:group-AC3146FEDCD2: Took a snapshot at index 13
2019-08-21 14:07:00,546 [StateMachineUpdater:836eae42-3b0d-43f5-9350-38cdf93fb6b1:group-AC3146FEDCD2] INFO  impl.StateMachineUpdater (StateMachineUpdater.java:lambda$new$0(80)) - StateMachineUpdater:836eae42-3b0d-43f5-9350-38cdf93fb6b1:group-AC3146FEDCD2: snapshotIndex: updateIncreasingly -1 -> 13
2019-08-21 14:07:00,547 [ForkJoinPool.commonPool-worker-1] INFO  impl.RaftServerImpl (ServerState.java:close(394)) - 836eae42-3b0d-43f5-9350-38cdf93fb6b1:group-AC3146FEDCD2 closes. The last applied log index is 17
2019-08-21 14:07:00,547 [836eae42-3b0d-43f5-9350-38cdf93fb6b1-SegmentedRaftLogWorker:Storage Directory /workdir/hadoop-ozone/integration-test/target/test-dir/MiniOzoneClusterImpl-7ea47189-2199-496c-8461-08fb5daa32e9/datanode-0/data/ratis/01a628b8-15ec-4402-ba31-ac3146fedcd2] INFO  segmented.SegmentedRaftLogWorker (SegmentedRaftLogWorker.java:run(313)) - 836eae42-3b0d-43f5-9350-38cdf93fb6b1-SegmentedRaftLogWorker:Storage Directory /workdir/hadoop-ozone/integration-test/target/test-dir/MiniOzoneClusterImpl-7ea47189-2199-496c-8461-08fb5daa32e9/datanode-0/data/ratis/01a628b8-15ec-4402-ba31-ac3146fedcd2 was interrupted, exiting. There are 0 tasks remaining in the queue.
2019-08-21 14:07:00,550 [StateMachineUpdater:ff625bda-bd10-4290-9d5d-b2d4afbb6a9a:group-5C01FB855558] INFO  ratis.ContainerStateMachine (ContainerStateMachine.java:takeSnapshot(294)) - group-5C01FB855558: Finished taking a snapshot at:(t:1, i:14) file:/workdir/hadoop-ozone/integration-test/target/test-dir/MiniOzoneClusterImpl-7ea47189-2199-496c-8461-08fb5daa32e9/datanode-3/data/ratis/9bd2788b-671c-45ef-bec3-5c01fb855558/sm/snapshot.1_14 time:14
2019-08-21 14:07:00,550 [ForkJoinPool.commonPool-worker-1] INFO  segmented.SegmentedRaftLogWorker (SegmentedRaftLogWorker.java:close(228)) - 836eae42-3b0d-43f5-9350-38cdf93fb6b1-SegmentedRaftLogWorker:Storage Directory /workdir/hadoop-ozone/integration-test/target/test-dir/MiniOzoneClusterImpl-7ea47189-2199-496c-8461-08fb5daa32e9/datanode-0/data/ratis/01a628b8-15ec-4402-ba31-ac3146fedcd2 close()
2019-08-21 14:07:00,550 [StateMachineUpdater:ff625bda-bd10-4290-9d5d-b2d4afbb6a9a:group-5C01FB855558] INFO  impl.StateMachineUpdater (StateMachineUpdater.java:takeSnapshot(242)) - StateMachineUpdater:ff625bda-bd10-4290-9d5d-b2d4afbb6a9a:group-5C01FB855558: Took a snapshot at index 14
2019-08-21 14:07:00,554 [StateMachineUpdater:ff625bda-bd10-4290-9d5d-b2d4afbb6a9a:group-5C01FB855558] INFO  impl.StateMachineUpdater (StateMachineUpdater.java:lambda$new$0(80)) - StateMachineUpdater:ff625bda-bd10-4290-9d5d-b2d4afbb6a9a:group-5C01FB855558: snapshotIndex: updateIncreasingly -1 -> 14
2019-08-21 14:07:00,554 [ForkJoinPool.commonPool-worker-1] INFO  server.GrpcService (GrpcService.java:closeImpl(155)) - 836eae42-3b0d-43f5-9350-38cdf93fb6b1: shutdown server with port 41934 now
2019-08-21 14:07:00,554 [main] INFO  impl.RaftServerImpl (ServerState.java:close(394)) - ff625bda-bd10-4290-9d5d-b2d4afbb6a9a:group-5C01FB855558 closes. The last applied log index is 16
2019-08-21 14:07:00,555 [ForkJoinPool.commonPool-worker-1] INFO  server.GrpcService (GrpcService.java:closeImpl(163)) - 836eae42-3b0d-43f5-9350-38cdf93fb6b1: shutdown server with port 41934 successfully
2019-08-21 14:07:00,555 [ff625bda-bd10-4290-9d5d-b2d4afbb6a9a-SegmentedRaftLogWorker:Storage Directory /workdir/hadoop-ozone/integration-test/target/test-dir/MiniOzoneClusterImpl-7ea47189-2199-496c-8461-08fb5daa32e9/datanode-3/data/ratis/9bd2788b-671c-45ef-bec3-5c01fb855558] INFO  segmented.SegmentedRaftLogWorker (SegmentedRaftLogWorker.java:run(313)) - ff625bda-bd10-4290-9d5d-b2d4afbb6a9a-SegmentedRaftLogWorker:Storage Directory /workdir/hadoop-ozone/integration-test/target/test-dir/MiniOzoneClusterImpl-7ea47189-2199-496c-8461-08fb5daa32e9/datanode-3/data/ratis/9bd2788b-671c-45ef-bec3-5c01fb855558 was interrupted, exiting. There are 0 tasks remaining in the queue.
2019-08-21 14:07:00,564 [main] INFO  segmented.SegmentedRaftLogWorker (SegmentedRaftLogWorker.java:close(228)) - ff625bda-bd10-4290-9d5d-b2d4afbb6a9a-SegmentedRaftLogWorker:Storage Directory /workdir/hadoop-ozone/integration-test/target/test-dir/MiniOzoneClusterImpl-7ea47189-2199-496c-8461-08fb5daa32e9/datanode-3/data/ratis/9bd2788b-671c-45ef-bec3-5c01fb855558 close()
2019-08-21 14:07:00,567 [main] INFO  server.GrpcService (GrpcService.java:closeImpl(155)) - ff625bda-bd10-4290-9d5d-b2d4afbb6a9a: shutdown server with port 46213 now
2019-08-21 14:07:00,567 [ForkJoinPool.commonPool-worker-1] INFO  utils.BackgroundService (BackgroundService.java:shutdown(148)) - Shutting down service BlockDeletingService
2019-08-21 14:07:00,569 [grpc-default-executor-8] WARN  client.GrpcClientProtocolService (LogUtils.java:warn(134)) - 1-UnorderedRequestStreamObserver1: onError: org.apache.ratis.thirdparty.io.grpc.StatusRuntimeException: CANCELLED: cancelled before receiving half close
2019-08-21 14:07:00,569 [main] INFO  server.GrpcService (GrpcService.java:closeImpl(163)) - ff625bda-bd10-4290-9d5d-b2d4afbb6a9a: shutdown server with port 46213 successfully
2019-08-21 14:07:00,571 [refreshUsed-/workdir/hadoop-ozone/integration-test/target/test-dir/MiniOzoneClusterImpl-7ea47189-2199-496c-8461-08fb5daa32e9/datanode-0/data/containers] WARN  fs.CachingGetSpaceUsed (CachingGetSpaceUsed.java:run(183)) - Thread Interrupted waiting to refresh disk information: sleep interrupted
2019-08-21 14:07:00,573 [main] INFO  utils.BackgroundService (BackgroundService.java:shutdown(148)) - Shutting down service BlockDeletingService
2019-08-21 14:07:00,579 [refreshUsed-/workdir/hadoop-ozone/integration-test/target/test-dir/MiniOzoneClusterImpl-7ea47189-2199-496c-8461-08fb5daa32e9/datanode-3/data/containers] WARN  fs.CachingGetSpaceUsed (CachingGetSpaceUsed.java:run(183)) - Thread Interrupted waiting to refresh disk information: sleep interrupted
2019-08-21 14:07:00,597 [main] INFO  statemachine.DatanodeStateMachine (DatanodeStateMachine.java:stopDaemon(395)) - Ozone container server stopped.
2019-08-21 14:07:00,599 [main] INFO  handler.ContextHandler (ContextHandler.java:doStop(910)) - Stopped o.e.j.w.WebAppContext@3a4e6da6{/,null,UNAVAILABLE}{/hddsDatanode}
2019-08-21 14:07:00,602 [ForkJoinPool.commonPool-worker-1] INFO  statemachine.DatanodeStateMachine (DatanodeStateMachine.java:stopDaemon(395)) - Ozone container server stopped.
2019-08-21 14:07:00,605 [main] INFO  server.AbstractConnector (AbstractConnector.java:doStop(318)) - Stopped ServerConnector@73e0c775{HTTP/1.1,[http/1.1]}{0.0.0.0:0}
2019-08-21 14:07:00,607 [ForkJoinPool.commonPool-worker-1] INFO  handler.ContextHandler (ContextHandler.java:doStop(910)) - Stopped o.e.j.w.WebAppContext@5c168f98{/,null,UNAVAILABLE}{/hddsDatanode}
2019-08-21 14:07:00,607 [main] INFO  handler.ContextHandler (ContextHandler.java:doStop(910)) - Stopped o.e.j.s.ServletContextHandler@66d9c846{/static,jar:file:/home/user/.m2/repository/org/apache/hadoop/hadoop-hdds-container-service/0.5.0-SNAPSHOT/hadoop-hdds-container-service-0.5.0-SNAPSHOT.jar!/webapps/static,UNAVAILABLE}
2019-08-21 14:07:00,608 [main] INFO  handler.ContextHandler (ContextHandler.java:doStop(910)) - Stopped o.e.j.s.ServletContextHandler@7e7ee3b7{/logs,file:///workdir/hadoop-ozone/integration-test/target/log,UNAVAILABLE}
2019-08-21 14:07:00,608 [ForkJoinPool.commonPool-worker-1] INFO  server.AbstractConnector (AbstractConnector.java:doStop(318)) - Stopped ServerConnector@2f98859a{HTTP/1.1,[http/1.1]}{0.0.0.0:0}
2019-08-21 14:07:00,610 [ForkJoinPool.commonPool-worker-1] INFO  handler.ContextHandler (ContextHandler.java:doStop(910)) - Stopped o.e.j.s.ServletContextHandler@586a9fe1{/static,jar:file:/home/user/.m2/repository/org/apache/hadoop/hadoop-hdds-container-service/0.5.0-SNAPSHOT/hadoop-hdds-container-service-0.5.0-SNAPSHOT.jar!/webapps/static,UNAVAILABLE}
2019-08-21 14:07:00,611 [ForkJoinPool.commonPool-worker-1] INFO  handler.ContextHandler (ContextHandler.java:doStop(910)) - Stopped o.e.j.s.ServletContextHandler@39329d81{/logs,file:///workdir/hadoop-ozone/integration-test/target/log,UNAVAILABLE}
2019-08-21 14:07:00,612 [main] INFO  datanode.ObjectStoreHandler (ObjectStoreHandler.java:close(155)) - Closing ObjectStoreHandler.
2019-08-21 14:07:00,613 [ForkJoinPool.commonPool-worker-1] INFO  datanode.ObjectStoreHandler (ObjectStoreHandler.java:close(155)) - Closing ObjectStoreHandler.
2019-08-21 14:07:00,613 [main] INFO  ozone.HddsDatanodeService (HddsDatanodeService.java:stop(451)) - Stopped plug-in org.apache.hadoop.ozone.web.OzoneHddsDatanodeService@5824b485
2019-08-21 14:07:00,613 [ForkJoinPool.commonPool-worker-1] INFO  ozone.HddsDatanodeService (HddsDatanodeService.java:stop(451)) - Stopped plug-in org.apache.hadoop.ozone.web.OzoneHddsDatanodeService@363d3958
2019-08-21 14:07:01,230 [Datanode State Machine Thread - 0] INFO  statemachine.DatanodeStateMachine (DatanodeStateMachine.java:lambda$startDaemon$0(350)) - Ozone container server started.
2019-08-21 14:07:01,265 [Datanode State Machine Thread - 0] INFO  statemachine.DatanodeStateMachine (DatanodeStateMachine.java:lambda$startDaemon$0(350)) - Ozone container server started.
2019-08-21 14:07:05,242 [EventQueue-StaleNodeForStaleNodeHandler] INFO  node.StaleNodeHandler (StaleNodeHandler.java:onMessage(58)) - Datanode 171bb82a-885e-4b9c-ba33-fe6086da731b{ip: 192.168.5.153, host: pr-hdds-1999-4zsjs-3155158423, networkLocation: /default-rack, certSerialId: null} moved to stale state. Finalizing its pipelines [PipelineID=2433f2a8-d900-4126-bef7-fc3e19348a3b]
2019-08-21 14:07:05,243 [EventQueue-StaleNodeForStaleNodeHandler] INFO  pipeline.SCMPipelineManager (SCMPipelineManager.java:finalizeAndDestroyPipeline(309)) - destroying pipeline:Pipeline[ Id: 2433f2a8-d900-4126-bef7-fc3e19348a3b, Nodes: 171bb82a-885e-4b9c-ba33-fe6086da731b{ip: 192.168.5.153, host: pr-hdds-1999-4zsjs-3155158423, networkLocation: /default-rack, certSerialId: null}, Type:RATIS, Factor:ONE, State:OPEN]
2019-08-21 14:07:05,243 [EventQueue-StaleNodeForStaleNodeHandler] INFO  pipeline.PipelineStateManager (PipelineStateManager.java:finalizePipeline(123)) - Pipeline Pipeline[ Id: 2433f2a8-d900-4126-bef7-fc3e19348a3b, Nodes: 171bb82a-885e-4b9c-ba33-fe6086da731b{ip: 192.168.5.153, host: pr-hdds-1999-4zsjs-3155158423, networkLocation: /default-rack, certSerialId: null}, Type:RATIS, Factor:ONE, State:CLOSED] moved to CLOSED state
2019-08-21 14:07:05,343 [EventQueue-StaleNodeForStaleNodeHandler] INFO  node.StaleNodeHandler (StaleNodeHandler.java:onMessage(58)) - Datanode e9811297-a3ab-4214-978c-7ba6074934ad{ip: 192.168.5.153, host: pr-hdds-1999-4zsjs-3155158423, networkLocation: /default-rack, certSerialId: null} moved to stale state. Finalizing its pipelines [PipelineID=1e58b00e-b5a0-4877-998c-cbed5a2888c8, PipelineID=9bd2788b-671c-45ef-bec3-5c01fb855558]
2019-08-21 14:07:05,343 [EventQueue-StaleNodeForStaleNodeHandler] INFO  pipeline.SCMPipelineManager (SCMPipelineManager.java:finalizeAndDestroyPipeline(309)) - destroying pipeline:Pipeline[ Id: 1e58b00e-b5a0-4877-998c-cbed5a2888c8, Nodes: e9811297-a3ab-4214-978c-7ba6074934ad{ip: 192.168.5.153, host: pr-hdds-1999-4zsjs-3155158423, networkLocation: /default-rack, certSerialId: null}, Type:RATIS, Factor:ONE, State:OPEN]
2019-08-21 14:07:05,343 [EventQueue-StaleNodeForStaleNodeHandler] INFO  pipeline.PipelineStateManager (PipelineStateManager.java:finalizePipeline(123)) - Pipeline Pipeline[ Id: 1e58b00e-b5a0-4877-998c-cbed5a2888c8, Nodes: e9811297-a3ab-4214-978c-7ba6074934ad{ip: 192.168.5.153, host: pr-hdds-1999-4zsjs-3155158423, networkLocation: /default-rack, certSerialId: null}, Type:RATIS, Factor:ONE, State:CLOSED] moved to CLOSED state
2019-08-21 14:07:05,343 [EventQueue-StaleNodeForStaleNodeHandler] INFO  pipeline.SCMPipelineManager (SCMPipelineManager.java:finalizeAndDestroyPipeline(309)) - destroying pipeline:Pipeline[ Id: 9bd2788b-671c-45ef-bec3-5c01fb855558, Nodes: ff625bda-bd10-4290-9d5d-b2d4afbb6a9a{ip: 192.168.5.153, host: pr-hdds-1999-4zsjs-3155158423, networkLocation: /default-rack, certSerialId: null}e9811297-a3ab-4214-978c-7ba6074934ad{ip: 192.168.5.153, host: pr-hdds-1999-4zsjs-3155158423, networkLocation: /default-rack, certSerialId: null}00fcee37-54ab-4c9e-9be2-8b052df77471{ip: 192.168.5.153, host: pr-hdds-1999-4zsjs-3155158423, networkLocation: /default-rack, certSerialId: null}, Type:RATIS, Factor:THREE, State:CLOSED]
2019-08-21 14:07:05,614 [main] INFO  ozoneimpl.OzoneContainer (OzoneContainer.java:stop(199)) - Attempting to stop container services.
2019-08-21 14:07:05,614 [ForkJoinPool.commonPool-worker-1] INFO  ozoneimpl.OzoneContainer (OzoneContainer.java:stop(199)) - Attempting to stop container services.
2019-08-21 14:07:05,615 [main] INFO  impl.RaftServerProxy (RaftServerProxy.java:lambda$close$4(314)) - 171bb82a-885e-4b9c-ba33-fe6086da731b: close
2019-08-21 14:07:05,615 [ForkJoinPool.commonPool-worker-1] INFO  impl.RaftServerProxy (RaftServerProxy.java:lambda$close$4(314)) - e9811297-a3ab-4214-978c-7ba6074934ad: close
2019-08-21 14:07:05,615 [main] INFO  impl.RaftServerImpl (RaftServerImpl.java:lambda$shutdown$3(245)) - 171bb82a-885e-4b9c-ba33-fe6086da731b: shutdown group-FC3E19348A3B
2019-08-21 14:07:05,615 [ForkJoinPool.commonPool-worker-1] INFO  impl.RaftServerImpl (RaftServerImpl.java:lambda$shutdown$3(245)) - e9811297-a3ab-4214-978c-7ba6074934ad: shutdown group-CBED5A2888C8
2019-08-21 14:07:05,616 [main] INFO  util.JmxRegister (JmxRegister.java:unregister(73)) - Successfully un-registered JMX Bean with object name Ratis:service=RaftServer,group=group-FC3E19348A3B,id=171bb82a-885e-4b9c-ba33-fe6086da731b
2019-08-21 14:07:05,617 [main] INFO  impl.RoleInfo (RoleInfo.java:shutdownLeaderState(104)) - 171bb82a-885e-4b9c-ba33-fe6086da731b: shutdown LeaderState
2019-08-21 14:07:05,616 [ForkJoinPool.commonPool-worker-1] INFO  util.JmxRegister (JmxRegister.java:unregister(73)) - Successfully un-registered JMX Bean with object name Ratis:service=RaftServer,group=group-CBED5A2888C8,id=e9811297-a3ab-4214-978c-7ba6074934ad
2019-08-21 14:07:05,617 [main] INFO  impl.PendingRequests (PendingRequests.java:sendNotLeaderResponses(202)) - 171bb82a-885e-4b9c-ba33-fe6086da731b-PendingRequests: sendNotLeaderResponses
2019-08-21 14:07:05,617 [ForkJoinPool.commonPool-worker-1] INFO  impl.RoleInfo (RoleInfo.java:shutdownLeaderState(104)) - e9811297-a3ab-4214-978c-7ba6074934ad: shutdown LeaderState
2019-08-21 14:07:05,618 [main] INFO  impl.StateMachineUpdater (StateMachineUpdater.java:stopAndJoin(115)) - StateMachineUpdater:171bb82a-885e-4b9c-ba33-fe6086da731b:group-FC3E19348A3B: set stopIndex = 0
2019-08-21 14:07:05,619 [main] INFO  impl.RaftServerImpl (ServerState.java:close(394)) - 171bb82a-885e-4b9c-ba33-fe6086da731b:group-FC3E19348A3B closes. The last applied log index is 0
2019-08-21 14:07:05,618 [ForkJoinPool.commonPool-worker-1] INFO  impl.PendingRequests (PendingRequests.java:sendNotLeaderResponses(202)) - e9811297-a3ab-4214-978c-7ba6074934ad-PendingRequests: sendNotLeaderResponses
2019-08-21 14:07:05,619 [171bb82a-885e-4b9c-ba33-fe6086da731b-SegmentedRaftLogWorker:Storage Directory /workdir/hadoop-ozone/integration-test/target/test-dir/MiniOzoneClusterImpl-7ea47189-2199-496c-8461-08fb5daa32e9/datanode-6/data/ratis/2433f2a8-d900-4126-bef7-fc3e19348a3b] INFO  segmented.SegmentedRaftLogWorker (SegmentedRaftLogWorker.java:run(313)) - 171bb82a-885e-4b9c-ba33-fe6086da731b-SegmentedRaftLogWorker:Storage Directory /workdir/hadoop-ozone/integration-test/target/test-dir/MiniOzoneClusterImpl-7ea47189-2199-496c-8461-08fb5daa32e9/datanode-6/data/ratis/2433f2a8-d900-4126-bef7-fc3e19348a3b was interrupted, exiting. There are 0 tasks remaining in the queue.
2019-08-21 14:07:05,619 [ForkJoinPool.commonPool-worker-1] INFO  impl.StateMachineUpdater (StateMachineUpdater.java:stopAndJoin(115)) - StateMachineUpdater:e9811297-a3ab-4214-978c-7ba6074934ad:group-CBED5A2888C8: set stopIndex = 0
2019-08-21 14:07:05,620 [main] INFO  segmented.SegmentedRaftLogWorker (SegmentedRaftLogWorker.java:close(228)) - 171bb82a-885e-4b9c-ba33-fe6086da731b-SegmentedRaftLogWorker:Storage Directory /workdir/hadoop-ozone/integration-test/target/test-dir/MiniOzoneClusterImpl-7ea47189-2199-496c-8461-08fb5daa32e9/datanode-6/data/ratis/2433f2a8-d900-4126-bef7-fc3e19348a3b close()
2019-08-21 14:07:05,620 [ForkJoinPool.commonPool-worker-1] INFO  impl.RaftServerImpl (ServerState.java:close(394)) - e9811297-a3ab-4214-978c-7ba6074934ad:group-CBED5A2888C8 closes. The last applied log index is 0
2019-08-21 14:07:05,622 [main] INFO  server.GrpcService (GrpcService.java:closeImpl(155)) - 171bb82a-885e-4b9c-ba33-fe6086da731b: shutdown server with port 37799 now
2019-08-21 14:07:05,623 [e9811297-a3ab-4214-978c-7ba6074934ad-SegmentedRaftLogWorker:Storage Directory /workdir/hadoop-ozone/integration-test/target/test-dir/MiniOzoneClusterImpl-7ea47189-2199-496c-8461-08fb5daa32e9/datanode-5/data/ratis/1e58b00e-b5a0-4877-998c-cbed5a2888c8] INFO  segmented.SegmentedRaftLogWorker (SegmentedRaftLogWorker.java:run(313)) - e9811297-a3ab-4214-978c-7ba6074934ad-SegmentedRaftLogWorker:Storage Directory /workdir/hadoop-ozone/integration-test/target/test-dir/MiniOzoneClusterImpl-7ea47189-2199-496c-8461-08fb5daa32e9/datanode-5/data/ratis/1e58b00e-b5a0-4877-998c-cbed5a2888c8 was interrupted, exiting. There are 0 tasks remaining in the queue.
2019-08-21 14:07:05,623 [main] INFO  server.GrpcService (GrpcService.java:closeImpl(163)) - 171bb82a-885e-4b9c-ba33-fe6086da731b: shutdown server with port 37799 successfully
2019-08-21 14:07:05,623 [ForkJoinPool.commonPool-worker-1] INFO  segmented.SegmentedRaftLogWorker (SegmentedRaftLogWorker.java:close(228)) - e9811297-a3ab-4214-978c-7ba6074934ad-SegmentedRaftLogWorker:Storage Directory /workdir/hadoop-ozone/integration-test/target/test-dir/MiniOzoneClusterImpl-7ea47189-2199-496c-8461-08fb5daa32e9/datanode-5/data/ratis/1e58b00e-b5a0-4877-998c-cbed5a2888c8 close()
2019-08-21 14:07:05,626 [ForkJoinPool.commonPool-worker-1] INFO  impl.RaftServerImpl (RaftServerImpl.java:lambda$shutdown$3(245)) - e9811297-a3ab-4214-978c-7ba6074934ad: shutdown group-5C01FB855558
2019-08-21 14:07:05,627 [main] INFO  utils.BackgroundService (BackgroundService.java:shutdown(148)) - Shutting down service BlockDeletingService
2019-08-21 14:07:05,627 [ForkJoinPool.commonPool-worker-1] INFO  util.JmxRegister (JmxRegister.java:unregister(73)) - Successfully un-registered JMX Bean with object name Ratis:service=RaftServer,group=group-5C01FB855558,id=e9811297-a3ab-4214-978c-7ba6074934ad
2019-08-21 14:07:05,628 [ForkJoinPool.commonPool-worker-1] INFO  impl.RoleInfo (RoleInfo.java:shutdownFollowerState(121)) - e9811297-a3ab-4214-978c-7ba6074934ad: shutdown FollowerState
2019-08-21 14:07:05,628 [ForkJoinPool.commonPool-worker-1] INFO  impl.StateMachineUpdater (StateMachineUpdater.java:stopAndJoin(115)) - StateMachineUpdater:e9811297-a3ab-4214-978c-7ba6074934ad:group-5C01FB855558: set stopIndex = 16
2019-08-21 14:07:05,628 [StateMachineUpdater:e9811297-a3ab-4214-978c-7ba6074934ad:group-5C01FB855558] INFO  ratis.ContainerStateMachine (ContainerStateMachine.java:takeSnapshot(283)) - group-5C01FB855558: Taking a snapshot at:(t:1, i:14) file /workdir/hadoop-ozone/integration-test/target/test-dir/MiniOzoneClusterImpl-7ea47189-2199-496c-8461-08fb5daa32e9/datanode-5/data/ratis/9bd2788b-671c-45ef-bec3-5c01fb855558/sm/snapshot.1_14
2019-08-21 14:07:05,628 [Thread-3399] INFO  impl.FollowerState (FollowerState.java:run(114)) - e9811297-a3ab-4214-978c-7ba6074934ad: FollowerState was interrupted: java.lang.InterruptedException: sleep interrupted
2019-08-21 14:07:05,632 [refreshUsed-/workdir/hadoop-ozone/integration-test/target/test-dir/MiniOzoneClusterImpl-7ea47189-2199-496c-8461-08fb5daa32e9/datanode-6/data/containers] WARN  fs.CachingGetSpaceUsed (CachingGetSpaceUsed.java:run(183)) - Thread Interrupted waiting to refresh disk information: sleep interrupted
2019-08-21 14:07:05,635 [StateMachineUpdater:e9811297-a3ab-4214-978c-7ba6074934ad:group-5C01FB855558] INFO  ratis.ContainerStateMachine (ContainerStateMachine.java:takeSnapshot(294)) - group-5C01FB855558: Finished taking a snapshot at:(t:1, i:14) file:/workdir/hadoop-ozone/integration-test/target/test-dir/MiniOzoneClusterImpl-7ea47189-2199-496c-8461-08fb5daa32e9/datanode-5/data/ratis/9bd2788b-671c-45ef-bec3-5c01fb855558/sm/snapshot.1_14 time:7
2019-08-21 14:07:05,636 [StateMachineUpdater:e9811297-a3ab-4214-978c-7ba6074934ad:group-5C01FB855558] INFO  impl.StateMachineUpdater (StateMachineUpdater.java:takeSnapshot(242)) - StateMachineUpdater:e9811297-a3ab-4214-978c-7ba6074934ad:group-5C01FB855558: Took a snapshot at index 14
2019-08-21 14:07:05,636 [StateMachineUpdater:e9811297-a3ab-4214-978c-7ba6074934ad:group-5C01FB855558] INFO  impl.StateMachineUpdater (StateMachineUpdater.java:lambda$new$0(80)) - StateMachineUpdater:e9811297-a3ab-4214-978c-7ba6074934ad:group-5C01FB855558: snapshotIndex: updateIncreasingly -1 -> 14
2019-08-21 14:07:05,636 [ForkJoinPool.commonPool-worker-1] INFO  impl.RaftServerImpl (ServerState.java:close(394)) - e9811297-a3ab-4214-978c-7ba6074934ad:group-5C01FB855558 closes. The last applied log index is 16
2019-08-21 14:07:05,637 [e9811297-a3ab-4214-978c-7ba6074934ad-SegmentedRaftLogWorker:Storage Directory /workdir/hadoop-ozone/integration-test/target/test-dir/MiniOzoneClusterImpl-7ea47189-2199-496c-8461-08fb5daa32e9/datanode-5/data/ratis/9bd2788b-671c-45ef-bec3-5c01fb855558] INFO  segmented.SegmentedRaftLogWorker (SegmentedRaftLogWorker.java:run(313)) - e9811297-a3ab-4214-978c-7ba6074934ad-SegmentedRaftLogWorker:Storage Directory /workdir/hadoop-ozone/integration-test/target/test-dir/MiniOzoneClusterImpl-7ea47189-2199-496c-8461-08fb5daa32e9/datanode-5/data/ratis/9bd2788b-671c-45ef-bec3-5c01fb855558 was interrupted, exiting. There are 0 tasks remaining in the queue.
2019-08-21 14:07:05,637 [ForkJoinPool.commonPool-worker-1] INFO  segmented.SegmentedRaftLogWorker (SegmentedRaftLogWorker.java:close(228)) - e9811297-a3ab-4214-978c-7ba6074934ad-SegmentedRaftLogWorker:Storage Directory /workdir/hadoop-ozone/integration-test/target/test-dir/MiniOzoneClusterImpl-7ea47189-2199-496c-8461-08fb5daa32e9/datanode-5/data/ratis/9bd2788b-671c-45ef-bec3-5c01fb855558 close()
2019-08-21 14:07:05,638 [ForkJoinPool.commonPool-worker-1] INFO  server.GrpcService (GrpcService.java:closeImpl(155)) - e9811297-a3ab-4214-978c-7ba6074934ad: shutdown server with port 45003 now
2019-08-21 14:07:05,639 [ForkJoinPool.commonPool-worker-1] INFO  server.GrpcService (GrpcService.java:closeImpl(163)) - e9811297-a3ab-4214-978c-7ba6074934ad: shutdown server with port 45003 successfully
2019-08-21 14:07:05,641 [ForkJoinPool.commonPool-worker-1] INFO  utils.BackgroundService (BackgroundService.java:shutdown(148)) - Shutting down service BlockDeletingService
2019-08-21 14:07:05,644 [refreshUsed-/workdir/hadoop-ozone/integration-test/target/test-dir/MiniOzoneClusterImpl-7ea47189-2199-496c-8461-08fb5daa32e9/datanode-5/data/containers] WARN  fs.CachingGetSpaceUsed (CachingGetSpaceUsed.java:run(183)) - Thread Interrupted waiting to refresh disk information: sleep interrupted
2019-08-21 14:07:05,658 [main] INFO  statemachine.DatanodeStateMachine (DatanodeStateMachine.java:stopDaemon(395)) - Ozone container server stopped.
2019-08-21 14:07:05,659 [main] INFO  handler.ContextHandler (ContextHandler.java:doStop(910)) - Stopped o.e.j.w.WebAppContext@6b174aa3{/,null,UNAVAILABLE}{/hddsDatanode}
2019-08-21 14:07:05,660 [main] INFO  server.AbstractConnector (AbstractConnector.java:doStop(318)) - Stopped ServerConnector@3f8961fc{HTTP/1.1,[http/1.1]}{0.0.0.0:0}
2019-08-21 14:07:05,661 [main] INFO  handler.ContextHandler (ContextHandler.java:doStop(910)) - Stopped o.e.j.s.ServletContextHandler@7d569c10{/static,jar:file:/home/user/.m2/repository/org/apache/hadoop/hadoop-hdds-container-service/0.5.0-SNAPSHOT/hadoop-hdds-container-service-0.5.0-SNAPSHOT.jar!/webapps/static,UNAVAILABLE}
2019-08-21 14:07:05,661 [main] INFO  handler.ContextHandler (ContextHandler.java:doStop(910)) - Stopped o.e.j.s.ServletContextHandler@2ab0ca04{/logs,file:///workdir/hadoop-ozone/integration-test/target/log,UNAVAILABLE}
2019-08-21 14:07:05,668 [ForkJoinPool.commonPool-worker-1] INFO  statemachine.DatanodeStateMachine (DatanodeStateMachine.java:stopDaemon(395)) - Ozone container server stopped.
2019-08-21 14:07:05,672 [ForkJoinPool.commonPool-worker-1] INFO  handler.ContextHandler (ContextHandler.java:doStop(910)) - Stopped o.e.j.w.WebAppContext@19b7852b{/,null,UNAVAILABLE}{/hddsDatanode}
2019-08-21 14:07:05,673 [ForkJoinPool.commonPool-worker-1] INFO  server.AbstractConnector (AbstractConnector.java:doStop(318)) - Stopped ServerConnector@24fcfdb{HTTP/1.1,[http/1.1]}{0.0.0.0:0}
2019-08-21 14:07:05,674 [ForkJoinPool.commonPool-worker-1] INFO  handler.ContextHandler (ContextHandler.java:doStop(910)) - Stopped o.e.j.s.ServletContextHandler@309d9033{/static,jar:file:/home/user/.m2/repository/org/apache/hadoop/hadoop-hdds-container-service/0.5.0-SNAPSHOT/hadoop-hdds-container-service-0.5.0-SNAPSHOT.jar!/webapps/static,UNAVAILABLE}
2019-08-21 14:07:05,675 [ForkJoinPool.commonPool-worker-1] INFO  handler.ContextHandler (ContextHandler.java:doStop(910)) - Stopped o.e.j.s.ServletContextHandler@7e3062f0{/logs,file:///workdir/hadoop-ozone/integration-test/target/log,UNAVAILABLE}
2019-08-21 14:07:05,676 [main] INFO  ozone.MiniOzoneClusterImpl (MiniOzoneClusterImpl.java:stop(353)) - Stopping the StorageContainerManager
2019-08-21 14:07:05,676 [main] INFO  server.StorageContainerManager (StorageContainerManager.java:stop(797)) - Stopping Replication Manager Service.
2019-08-21 14:07:05,676 [main] INFO  container.ReplicationManager (ReplicationManager.java:stop(193)) - Stopping Replication Monitor Thread.
2019-08-21 14:07:05,676 [main] INFO  server.StorageContainerManager (StorageContainerManager.java:stop(804)) - Stopping Lease Manager of the command watchers
2019-08-21 14:07:05,676 [main] INFO  server.StorageContainerManager (StorageContainerManager.java:stop(811)) - Stopping datanode service RPC server
2019-08-21 14:07:05,677 [main] INFO  server.SCMDatanodeProtocolServer (SCMDatanodeProtocolServer.java:stop(367)) - Stopping the RPC server for DataNodes
2019-08-21 14:07:05,677 [main] INFO  ipc.Server (Server.java:stop(3082)) - Stopping server on 41610
2019-08-21 14:07:05,680 [IPC Server listener on 41610] INFO  ipc.Server (Server.java:run(1185)) - Stopping IPC Server listener on 41610
2019-08-21 14:07:05,680 [IPC Server Responder] INFO  ipc.Server (Server.java:run(1319)) - Stopping IPC Server Responder
2019-08-21 14:07:05,743 [SCM Heartbeat Processing Thread - 0] WARN  node.NodeStateManager (NodeStateManager.java:scheduleNextHealthCheck(646)) - Current Thread is interrupted, shutting down HB processing thread for Node Manager.
2019-08-21 14:07:05,743 [main] INFO  server.StorageContainerManager (StorageContainerManager.java:stop(819)) - Stopping block service RPC server
2019-08-21 14:07:05,743 [main] INFO  server.SCMBlockProtocolServer (SCMBlockProtocolServer.java:stop(148)) - Stopping the RPC server for Block Protocol
2019-08-21 14:07:05,744 [main] INFO  ipc.Server (Server.java:stop(3082)) - Stopping server on 42136
2019-08-21 14:07:05,746 [main] INFO  server.StorageContainerManager (StorageContainerManager.java:stop(826)) - Stopping the StorageContainerLocationProtocol RPC server
2019-08-21 14:07:05,747 [main] INFO  server.SCMClientProtocolServer (SCMClientProtocolServer.java:stop(159)) - Stopping the RPC server for Client Protocol
2019-08-21 14:07:05,747 [main] INFO  ipc.Server (Server.java:stop(3082)) - Stopping server on 45259
2019-08-21 14:07:05,747 [IPC Server Responder] INFO  ipc.Server (Server.java:run(1319)) - Stopping IPC Server Responder
2019-08-21 14:07:05,747 [IPC Server listener on 42136] INFO  ipc.Server (Server.java:run(1185)) - Stopping IPC Server listener on 42136
2019-08-21 14:07:05,751 [IPC Server listener on 45259] INFO  ipc.Server (Server.java:run(1185)) - Stopping IPC Server listener on 45259
2019-08-21 14:07:05,751 [main] INFO  server.StorageContainerManager (StorageContainerManager.java:stop(833)) - Stopping Storage Container Manager HTTP server.
2019-08-21 14:07:05,752 [IPC Server Responder] INFO  ipc.Server (Server.java:run(1319)) - Stopping IPC Server Responder
2019-08-21 14:07:05,753 [main] INFO  handler.ContextHandler (ContextHandler.java:doStop(910)) - Stopped o.e.j.w.WebAppContext@7c9015c6{/,null,UNAVAILABLE}{/scm}
2019-08-21 14:07:05,754 [main] INFO  server.AbstractConnector (AbstractConnector.java:doStop(318)) - Stopped ServerConnector@36b2b6e6{HTTP/1.1,[http/1.1]}{0.0.0.0:0}
2019-08-21 14:07:05,755 [main] INFO  handler.ContextHandler (ContextHandler.java:doStop(910)) - Stopped o.e.j.s.ServletContextHandler@5f1bd673{/static,file:///workdir/hadoop-ozone/integration-test/target/test-classes/webapps/static,UNAVAILABLE}
2019-08-21 14:07:05,755 [main] INFO  handler.ContextHandler (ContextHandler.java:doStop(910)) - Stopped o.e.j.s.ServletContextHandler@34de8c9f{/logs,file:///workdir/hadoop-ozone/integration-test/target/log,UNAVAILABLE}
2019-08-21 14:07:05,756 [main] INFO  server.StorageContainerManager (StorageContainerManager.java:stop(844)) - Stopping Block Manager Service.
2019-08-21 14:07:05,756 [main] INFO  utils.BackgroundService (BackgroundService.java:shutdown(148)) - Shutting down service SCMBlockDeletingService
2019-08-21 14:07:05,757 [main] INFO  utils.BackgroundService (BackgroundService.java:shutdown(148)) - Shutting down service SCMBlockDeletingService
2019-08-21 14:07:05,757 [main] INFO  server.StorageContainerManager (StorageContainerManager.java:stop(866)) - Stopping SCM Event Queue.
2019-08-21 14:07:05,762 [main] INFO  impl.MetricsSystemImpl (MetricsSystemImpl.java:stop(210)) - Stopping HddsDatanode metrics system...
2019-08-21 14:07:05,773 [main] INFO  impl.MetricsSystemImpl (MetricsSystemImpl.java:stop(216)) - HddsDatanode metrics system stopped.
]]></system-out>
    <system-err><![CDATA[Aug 21, 2019 2:06:22 PM com.sun.jersey.server.impl.application.WebApplicationImpl _initiate
INFO: Initiating Jersey application, version 'Jersey: 1.19 02/11/2015 03:25 AM'
Aug 21, 2019 2:06:23 PM com.sun.jersey.server.impl.application.WebApplicationImpl _initiate
INFO: Initiating Jersey application, version 'Jersey: 1.19 02/11/2015 03:25 AM'
Aug 21, 2019 2:06:23 PM com.sun.jersey.server.impl.application.WebApplicationImpl _initiate
INFO: Initiating Jersey application, version 'Jersey: 1.19 02/11/2015 03:25 AM'
Aug 21, 2019 2:06:23 PM com.sun.jersey.server.impl.application.WebApplicationImpl _initiate
INFO: Initiating Jersey application, version 'Jersey: 1.19 02/11/2015 03:25 AM'
Aug 21, 2019 2:06:23 PM com.sun.jersey.server.impl.application.WebApplicationImpl _initiate
INFO: Initiating Jersey application, version 'Jersey: 1.19 02/11/2015 03:25 AM'
Aug 21, 2019 2:06:23 PM com.sun.jersey.server.impl.application.WebApplicationImpl _initiate
INFO: Initiating Jersey application, version 'Jersey: 1.19 02/11/2015 03:25 AM'
Aug 21, 2019 2:06:24 PM com.sun.jersey.server.impl.application.WebApplicationImpl _initiate
INFO: Initiating Jersey application, version 'Jersey: 1.19 02/11/2015 03:25 AM'
Aug 21, 2019 2:06:27 PM org.apache.ratis.thirdparty.io.grpc.internal.ManagedChannelOrphanWrapper$ManagedChannelReference cleanQueue
SEVERE: *~*~*~ Channel ManagedChannelImpl{logId=2670, target=192.168.5.153:39048} was not shutdown properly!!! ~*~*~*
    Make sure to call shutdown()/shutdownNow() and wait until awaitTermination() returns true.
java.lang.RuntimeException: ManagedChannel allocation site
	at org.apache.ratis.thirdparty.io.grpc.internal.ManagedChannelOrphanWrapper$ManagedChannelReference.<init>(ManagedChannelOrphanWrapper.java:103)
	at org.apache.ratis.thirdparty.io.grpc.internal.ManagedChannelOrphanWrapper.<init>(ManagedChannelOrphanWrapper.java:53)
	at org.apache.ratis.thirdparty.io.grpc.internal.ManagedChannelOrphanWrapper.<init>(ManagedChannelOrphanWrapper.java:44)
	at org.apache.ratis.thirdparty.io.grpc.internal.AbstractManagedChannelImplBuilder.build(AbstractManagedChannelImplBuilder.java:411)
	at org.apache.hadoop.hdds.scm.XceiverClientGrpc.connectToDatanode(XceiverClientGrpc.java:174)
	at org.apache.hadoop.hdds.scm.XceiverClientGrpc.reconnect(XceiverClientGrpc.java:422)
	at org.apache.hadoop.hdds.scm.XceiverClientGrpc.sendCommandAsync(XceiverClientGrpc.java:371)
	at org.apache.hadoop.hdds.scm.XceiverClientGrpc.sendCommandWithRetry(XceiverClientGrpc.java:284)
	at org.apache.hadoop.hdds.scm.XceiverClientGrpc.sendCommandWithTraceIDAndRetry(XceiverClientGrpc.java:250)
	at org.apache.hadoop.hdds.scm.XceiverClientGrpc.sendCommand(XceiverClientGrpc.java:233)
	at org.apache.hadoop.hdds.scm.storage.ContainerProtocolCalls.getBlock(ContainerProtocolCalls.java:118)
	at org.apache.hadoop.hdds.scm.storage.BlockInputStream.getChunkInfos(BlockInputStream.java:167)
	at org.apache.hadoop.hdds.scm.storage.BlockInputStream.initialize(BlockInputStream.java:118)
	at org.apache.hadoop.hdds.scm.storage.BlockInputStream.read(BlockInputStream.java:222)
	at org.apache.hadoop.ozone.client.io.KeyInputStream.read(KeyInputStream.java:171)
	at org.apache.hadoop.ozone.client.io.OzoneInputStream.read(OzoneInputStream.java:47)
	at java.io.InputStream.read(InputStream.java:101)
	at org.apache.hadoop.ozone.container.ContainerTestHelper.validateData(ContainerTestHelper.java:713)
	at org.apache.hadoop.ozone.client.rpc.TestBlockOutputStreamWithFailures.validateData(TestBlockOutputStreamWithFailures.java:1216)
	at org.apache.hadoop.ozone.client.rpc.TestBlockOutputStreamWithFailures.testWatchForCommitWithSingleNodeRatis(TestBlockOutputStreamWithFailures.java:918)
	at sun.reflect.NativeMethodAccessorImpl.invoke0(Native Method)
	at sun.reflect.NativeMethodAccessorImpl.invoke(NativeMethodAccessorImpl.java:62)
	at sun.reflect.DelegatingMethodAccessorImpl.invoke(DelegatingMethodAccessorImpl.java:43)
	at java.lang.reflect.Method.invoke(Method.java:498)
	at org.junit.runners.model.FrameworkMethod$1.runReflectiveCall(FrameworkMethod.java:47)
	at org.junit.internal.runners.model.ReflectiveCallable.run(ReflectiveCallable.java:12)
	at org.junit.runners.model.FrameworkMethod.invokeExplosively(FrameworkMethod.java:44)
	at org.junit.internal.runners.statements.InvokeMethod.evaluate(InvokeMethod.java:17)
	at org.junit.internal.runners.statements.RunBefores.evaluate(RunBefores.java:26)
	at org.junit.internal.runners.statements.RunAfters.evaluate(RunAfters.java:27)
	at org.junit.runners.ParentRunner.runLeaf(ParentRunner.java:271)
	at org.junit.runners.BlockJUnit4ClassRunner.runChild(BlockJUnit4ClassRunner.java:70)
	at org.junit.runners.BlockJUnit4ClassRunner.runChild(BlockJUnit4ClassRunner.java:50)
	at org.junit.runners.ParentRunner$3.run(ParentRunner.java:238)
	at org.junit.runners.ParentRunner$1.schedule(ParentRunner.java:63)
	at org.junit.runners.ParentRunner.runChildren(ParentRunner.java:236)
	at org.junit.runners.ParentRunner.access$000(ParentRunner.java:53)
	at org.junit.runners.ParentRunner$2.evaluate(ParentRunner.java:229)
	at org.junit.runners.ParentRunner.run(ParentRunner.java:309)
	at org.apache.maven.surefire.junit4.JUnit4Provider.execute(JUnit4Provider.java:365)
	at org.apache.maven.surefire.junit4.JUnit4Provider.executeWithRerun(JUnit4Provider.java:273)
	at org.apache.maven.surefire.junit4.JUnit4Provider.executeTestSet(JUnit4Provider.java:238)
	at org.apache.maven.surefire.junit4.JUnit4Provider.invoke(JUnit4Provider.java:159)
	at org.apache.maven.surefire.booter.ForkedBooter.invokeProviderInSameClassLoader(ForkedBooter.java:384)
	at org.apache.maven.surefire.booter.ForkedBooter.runSuitesInProcess(ForkedBooter.java:345)
	at org.apache.maven.surefire.booter.ForkedBooter.execute(ForkedBooter.java:126)
	at org.apache.maven.surefire.booter.ForkedBooter.main(ForkedBooter.java:418)

Aug 21, 2019 2:06:27 PM org.apache.ratis.thirdparty.io.grpc.internal.ManagedChannelOrphanWrapper$ManagedChannelReference cleanQueue
SEVERE: *~*~*~ Channel ManagedChannelImpl{logId=2660, target=192.168.5.153:41406} was not shutdown properly!!! ~*~*~*
    Make sure to call shutdown()/shutdownNow() and wait until awaitTermination() returns true.
java.lang.RuntimeException: ManagedChannel allocation site
	at org.apache.ratis.thirdparty.io.grpc.internal.ManagedChannelOrphanWrapper$ManagedChannelReference.<init>(ManagedChannelOrphanWrapper.java:103)
	at org.apache.ratis.thirdparty.io.grpc.internal.ManagedChannelOrphanWrapper.<init>(ManagedChannelOrphanWrapper.java:53)
	at org.apache.ratis.thirdparty.io.grpc.internal.ManagedChannelOrphanWrapper.<init>(ManagedChannelOrphanWrapper.java:44)
	at org.apache.ratis.thirdparty.io.grpc.internal.AbstractManagedChannelImplBuilder.build(AbstractManagedChannelImplBuilder.java:411)
	at org.apache.ratis.grpc.client.GrpcClientProtocolClient.<init>(GrpcClientProtocolClient.java:119)
	at org.apache.ratis.grpc.client.GrpcClientRpc.lambda$new$0(GrpcClientRpc.java:55)
	at org.apache.ratis.util.PeerProxyMap$PeerAndProxy.lambda$getProxy$0(PeerProxyMap.java:61)
	at org.apache.ratis.util.LifeCycle.startAndTransition(LifeCycle.java:202)
	at org.apache.ratis.util.PeerProxyMap$PeerAndProxy.getProxy(PeerProxyMap.java:60)
	at org.apache.ratis.util.PeerProxyMap.getProxy(PeerProxyMap.java:107)
	at org.apache.ratis.grpc.client.GrpcClientRpc.sendRequestAsync(GrpcClientRpc.java:66)
	at org.apache.ratis.client.impl.OrderedAsync.sendRequest(OrderedAsync.java:208)
	at org.apache.ratis.client.impl.OrderedAsync.sendRequestWithRetry(OrderedAsync.java:169)
	at org.apache.ratis.util.SlidingWindow$Client.sendOrDelayRequest(SlidingWindow.java:278)
	at org.apache.ratis.util.SlidingWindow$Client.retry(SlidingWindow.java:294)
	at org.apache.ratis.client.impl.OrderedAsync.lambda$scheduleWithTimeout$7(OrderedAsync.java:195)
	at org.apache.ratis.util.TimeoutScheduler.lambda$onTimeout$0(TimeoutScheduler.java:85)
	at org.apache.ratis.util.TimeoutScheduler.lambda$onTimeout$1(TimeoutScheduler.java:104)
	at org.apache.ratis.util.LogUtils.runAndLog(LogUtils.java:50)
	at org.apache.ratis.util.LogUtils$1.run(LogUtils.java:91)
	at java.util.concurrent.Executors$RunnableAdapter.call(Executors.java:511)
	at java.util.concurrent.FutureTask.run(FutureTask.java:266)
	at java.util.concurrent.ScheduledThreadPoolExecutor$ScheduledFutureTask.access$201(ScheduledThreadPoolExecutor.java:180)
	at java.util.concurrent.ScheduledThreadPoolExecutor$ScheduledFutureTask.run(ScheduledThreadPoolExecutor.java:293)
	at java.util.concurrent.ThreadPoolExecutor.runWorker(ThreadPoolExecutor.java:1149)
	at java.util.concurrent.ThreadPoolExecutor$Worker.run(ThreadPoolExecutor.java:624)
	at java.lang.Thread.run(Thread.java:748)

Aug 21, 2019 2:06:27 PM org.apache.ratis.thirdparty.io.grpc.internal.ManagedChannelOrphanWrapper$ManagedChannelReference cleanQueue
SEVERE: *~*~*~ Channel ManagedChannelImpl{logId=2675, target=192.168.5.153:38074} was not shutdown properly!!! ~*~*~*
    Make sure to call shutdown()/shutdownNow() and wait until awaitTermination() returns true.
java.lang.RuntimeException: ManagedChannel allocation site
	at org.apache.ratis.thirdparty.io.grpc.internal.ManagedChannelOrphanWrapper$ManagedChannelReference.<init>(ManagedChannelOrphanWrapper.java:103)
	at org.apache.ratis.thirdparty.io.grpc.internal.ManagedChannelOrphanWrapper.<init>(ManagedChannelOrphanWrapper.java:53)
	at org.apache.ratis.thirdparty.io.grpc.internal.ManagedChannelOrphanWrapper.<init>(ManagedChannelOrphanWrapper.java:44)
	at org.apache.ratis.thirdparty.io.grpc.internal.AbstractManagedChannelImplBuilder.build(AbstractManagedChannelImplBuilder.java:411)
	at org.apache.hadoop.hdds.scm.XceiverClientGrpc.connectToDatanode(XceiverClientGrpc.java:174)
	at org.apache.hadoop.hdds.scm.XceiverClientGrpc.reconnect(XceiverClientGrpc.java:422)
	at org.apache.hadoop.hdds.scm.XceiverClientGrpc.sendCommandAsync(XceiverClientGrpc.java:371)
	at org.apache.hadoop.hdds.scm.XceiverClientGrpc.sendCommandWithRetry(XceiverClientGrpc.java:284)
	at org.apache.hadoop.hdds.scm.XceiverClientGrpc.sendCommandWithTraceIDAndRetry(XceiverClientGrpc.java:250)
	at org.apache.hadoop.hdds.scm.XceiverClientGrpc.sendCommand(XceiverClientGrpc.java:233)
	at org.apache.hadoop.hdds.scm.storage.ContainerProtocolCalls.getBlock(ContainerProtocolCalls.java:118)
	at org.apache.hadoop.hdds.scm.storage.BlockInputStream.getChunkInfos(BlockInputStream.java:167)
	at org.apache.hadoop.hdds.scm.storage.BlockInputStream.initialize(BlockInputStream.java:118)
	at org.apache.hadoop.hdds.scm.storage.BlockInputStream.read(BlockInputStream.java:222)
	at org.apache.hadoop.ozone.client.io.KeyInputStream.read(KeyInputStream.java:171)
	at org.apache.hadoop.ozone.client.io.OzoneInputStream.read(OzoneInputStream.java:47)
	at java.io.InputStream.read(InputStream.java:101)
	at org.apache.hadoop.ozone.container.ContainerTestHelper.validateData(ContainerTestHelper.java:713)
	at org.apache.hadoop.ozone.client.rpc.TestBlockOutputStreamWithFailures.validateData(TestBlockOutputStreamWithFailures.java:1216)
	at org.apache.hadoop.ozone.client.rpc.TestBlockOutputStreamWithFailures.testWatchForCommitWithSingleNodeRatis(TestBlockOutputStreamWithFailures.java:918)
	at sun.reflect.NativeMethodAccessorImpl.invoke0(Native Method)
	at sun.reflect.NativeMethodAccessorImpl.invoke(NativeMethodAccessorImpl.java:62)
	at sun.reflect.DelegatingMethodAccessorImpl.invoke(DelegatingMethodAccessorImpl.java:43)
	at java.lang.reflect.Method.invoke(Method.java:498)
	at org.junit.runners.model.FrameworkMethod$1.runReflectiveCall(FrameworkMethod.java:47)
	at org.junit.internal.runners.model.ReflectiveCallable.run(ReflectiveCallable.java:12)
	at org.junit.runners.model.FrameworkMethod.invokeExplosively(FrameworkMethod.java:44)
	at org.junit.internal.runners.statements.InvokeMethod.evaluate(InvokeMethod.java:17)
	at org.junit.internal.runners.statements.RunBefores.evaluate(RunBefores.java:26)
	at org.junit.internal.runners.statements.RunAfters.evaluate(RunAfters.java:27)
	at org.junit.runners.ParentRunner.runLeaf(ParentRunner.java:271)
	at org.junit.runners.BlockJUnit4ClassRunner.runChild(BlockJUnit4ClassRunner.java:70)
	at org.junit.runners.BlockJUnit4ClassRunner.runChild(BlockJUnit4ClassRunner.java:50)
	at org.junit.runners.ParentRunner$3.run(ParentRunner.java:238)
	at org.junit.runners.ParentRunner$1.schedule(ParentRunner.java:63)
	at org.junit.runners.ParentRunner.runChildren(ParentRunner.java:236)
	at org.junit.runners.ParentRunner.access$000(ParentRunner.java:53)
	at org.junit.runners.ParentRunner$2.evaluate(ParentRunner.java:229)
	at org.junit.runners.ParentRunner.run(ParentRunner.java:309)
	at org.apache.maven.surefire.junit4.JUnit4Provider.execute(JUnit4Provider.java:365)
	at org.apache.maven.surefire.junit4.JUnit4Provider.executeWithRerun(JUnit4Provider.java:273)
	at org.apache.maven.surefire.junit4.JUnit4Provider.executeTestSet(JUnit4Provider.java:238)
	at org.apache.maven.surefire.junit4.JUnit4Provider.invoke(JUnit4Provider.java:159)
	at org.apache.maven.surefire.booter.ForkedBooter.invokeProviderInSameClassLoader(ForkedBooter.java:384)
	at org.apache.maven.surefire.booter.ForkedBooter.runSuitesInProcess(ForkedBooter.java:345)
	at org.apache.maven.surefire.booter.ForkedBooter.execute(ForkedBooter.java:126)
	at org.apache.maven.surefire.booter.ForkedBooter.main(ForkedBooter.java:418)

Aug 21, 2019 2:06:27 PM org.apache.ratis.thirdparty.io.grpc.internal.ManagedChannelOrphanWrapper$ManagedChannelReference cleanQueue
SEVERE: *~*~*~ Channel ManagedChannelImpl{logId=2665, target=192.168.5.153:33416} was not shutdown properly!!! ~*~*~*
    Make sure to call shutdown()/shutdownNow() and wait until awaitTermination() returns true.
java.lang.RuntimeException: ManagedChannel allocation site
	at org.apache.ratis.thirdparty.io.grpc.internal.ManagedChannelOrphanWrapper$ManagedChannelReference.<init>(ManagedChannelOrphanWrapper.java:103)
	at org.apache.ratis.thirdparty.io.grpc.internal.ManagedChannelOrphanWrapper.<init>(ManagedChannelOrphanWrapper.java:53)
	at org.apache.ratis.thirdparty.io.grpc.internal.ManagedChannelOrphanWrapper.<init>(ManagedChannelOrphanWrapper.java:44)
	at org.apache.ratis.thirdparty.io.grpc.internal.AbstractManagedChannelImplBuilder.build(AbstractManagedChannelImplBuilder.java:411)
	at org.apache.ratis.grpc.client.GrpcClientProtocolClient.<init>(GrpcClientProtocolClient.java:119)
	at org.apache.ratis.grpc.client.GrpcClientRpc.lambda$new$0(GrpcClientRpc.java:55)
	at org.apache.ratis.util.PeerProxyMap$PeerAndProxy.lambda$getProxy$0(PeerProxyMap.java:61)
	at org.apache.ratis.util.LifeCycle.startAndTransition(LifeCycle.java:202)
	at org.apache.ratis.util.PeerProxyMap$PeerAndProxy.getProxy(PeerProxyMap.java:60)
	at org.apache.ratis.util.PeerProxyMap.getProxy(PeerProxyMap.java:107)
	at org.apache.ratis.grpc.client.GrpcClientRpc.sendRequestAsync(GrpcClientRpc.java:66)
	at org.apache.ratis.client.impl.OrderedAsync.sendRequest(OrderedAsync.java:208)
	at org.apache.ratis.client.impl.OrderedAsync.sendRequestWithRetry(OrderedAsync.java:169)
	at org.apache.ratis.util.SlidingWindow$Client.sendOrDelayRequest(SlidingWindow.java:278)
	at org.apache.ratis.util.SlidingWindow$Client.submitNewRequest(SlidingWindow.java:257)
	at org.apache.ratis.client.impl.OrderedAsync.send(OrderedAsync.java:155)
	at org.apache.ratis.client.impl.RaftClientImpl.sendAsync(RaftClientImpl.java:145)
	at org.apache.ratis.client.impl.RaftClientImpl.sendAsync(RaftClientImpl.java:125)
	at org.apache.hadoop.hdds.scm.XceiverClientRatis.sendRequestAsync(XceiverClientRatis.java:224)
	at org.apache.hadoop.hdds.scm.XceiverClientRatis.sendCommandAsync(XceiverClientRatis.java:302)
	at org.apache.hadoop.hdds.scm.storage.ContainerProtocolCalls.writeChunkAsync(ContainerProtocolCalls.java:310)
	at org.apache.hadoop.hdds.scm.storage.BlockOutputStream.writeChunkToContainer(BlockOutputStream.java:601)
	at org.apache.hadoop.hdds.scm.storage.BlockOutputStream.writeChunk(BlockOutputStream.java:459)
	at org.apache.hadoop.hdds.scm.storage.BlockOutputStream.writeOnRetry(BlockOutputStream.java:285)
	at org.apache.hadoop.ozone.client.io.BlockOutputStreamEntry.writeOnRetry(BlockOutputStreamEntry.java:200)
	at org.apache.hadoop.ozone.client.io.KeyOutputStream.handleWrite(KeyOutputStream.java:209)
	at org.apache.hadoop.ozone.client.io.KeyOutputStream.handleRetry(KeyOutputStream.java:376)
	at org.apache.hadoop.ozone.client.io.KeyOutputStream.handleException(KeyOutputStream.java:325)
	at org.apache.hadoop.ozone.client.io.KeyOutputStream.handleFlushOrClose(KeyOutputStream.java:448)
	at org.apache.hadoop.ozone.client.io.KeyOutputStream.handleWrite(KeyOutputStream.java:235)
	at org.apache.hadoop.ozone.client.io.KeyOutputStream.write(KeyOutputStream.java:193)
	at org.apache.hadoop.ozone.client.io.OzoneOutputStream.write(OzoneOutputStream.java:49)
	at java.io.OutputStream.write(OutputStream.java:75)
	at org.apache.hadoop.ozone.client.rpc.TestBlockOutputStreamWithFailures.testWatchForCommitWithSingleNodeRatis(TestBlockOutputStreamWithFailures.java:885)
	at sun.reflect.NativeMethodAccessorImpl.invoke0(Native Method)
	at sun.reflect.NativeMethodAccessorImpl.invoke(NativeMethodAccessorImpl.java:62)
	at sun.reflect.DelegatingMethodAccessorImpl.invoke(DelegatingMethodAccessorImpl.java:43)
	at java.lang.reflect.Method.invoke(Method.java:498)
	at org.junit.runners.model.FrameworkMethod$1.runReflectiveCall(FrameworkMethod.java:47)
	at org.junit.internal.runners.model.ReflectiveCallable.run(ReflectiveCallable.java:12)
	at org.junit.runners.model.FrameworkMethod.invokeExplosively(FrameworkMethod.java:44)
	at org.junit.internal.runners.statements.InvokeMethod.evaluate(InvokeMethod.java:17)
	at org.junit.internal.runners.statements.RunBefores.evaluate(RunBefores.java:26)
	at org.junit.internal.runners.statements.RunAfters.evaluate(RunAfters.java:27)
	at org.junit.runners.ParentRunner.runLeaf(ParentRunner.java:271)
	at org.junit.runners.BlockJUnit4ClassRunner.runChild(BlockJUnit4ClassRunner.java:70)
	at org.junit.runners.BlockJUnit4ClassRunner.runChild(BlockJUnit4ClassRunner.java:50)
	at org.junit.runners.ParentRunner$3.run(ParentRunner.java:238)
	at org.junit.runners.ParentRunner$1.schedule(ParentRunner.java:63)
	at org.junit.runners.ParentRunner.runChildren(ParentRunner.java:236)
	at org.junit.runners.ParentRunner.access$000(ParentRunner.java:53)
	at org.junit.runners.ParentRunner$2.evaluate(ParentRunner.java:229)
	at org.junit.runners.ParentRunner.run(ParentRunner.java:309)
	at org.apache.maven.surefire.junit4.JUnit4Provider.execute(JUnit4Provider.java:365)
	at org.apache.maven.surefire.junit4.JUnit4Provider.executeWithRerun(JUnit4Provider.java:273)
	at org.apache.maven.surefire.junit4.JUnit4Provider.executeTestSet(JUnit4Provider.java:238)
	at org.apache.maven.surefire.junit4.JUnit4Provider.invoke(JUnit4Provider.java:159)
	at org.apache.maven.surefire.booter.ForkedBooter.invokeProviderInSameClassLoader(ForkedBooter.java:384)
	at org.apache.maven.surefire.booter.ForkedBooter.runSuitesInProcess(ForkedBooter.java:345)
	at org.apache.maven.surefire.booter.ForkedBooter.execute(ForkedBooter.java:126)
	at org.apache.maven.surefire.booter.ForkedBooter.main(ForkedBooter.java:418)

]]></system-err>
  </testcase>
  <testcase name="testFailureWithPrimeSizedData" classname="org.apache.hadoop.ozone.client.rpc.TestBlockOutputStreamWithFailures" time="40.632"/>
  <testcase name="testWatchForCommitWithCloseContainerException" classname="org.apache.hadoop.ozone.client.rpc.TestBlockOutputStreamWithFailures" time="35.35"/>
  <testcase name="testExceptionDuringClose" classname="org.apache.hadoop.ozone.client.rpc.TestBlockOutputStreamWithFailures" time="33.579"/>
</testsuite>