<?xml version="1.0" encoding="UTF-8"?>
<testsuite xmlns:xsi="http://www.w3.org/2001/XMLSchema-instance" xsi:noNamespaceSchemaLocation="https://maven.apache.org/surefire/maven-surefire-plugin/xsd/surefire-test-report.xsd" name="org.apache.hadoop.ozone.client.rpc.TestBlockOutputStreamWithFailures" time="761.141" tests="8" errors="0" skipped="0" failures="2">
  <properties>
    <property name="awt.toolkit" value="sun.awt.X11.XToolkit"/>
    <property name="file.encoding.pkg" value="sun.io"/>
    <property name="java.specification.version" value="1.8"/>
    <property name="sun.cpu.isalist" value=""/>
    <property name="sun.jnu.encoding" value="UTF-8"/>
    <property name="java.class.path" value="/workdir/hadoop-ozone/integration-test/target/test-classes:/workdir/hadoop-ozone/integration-test/target/classes:/home/user/.m2/repository/org/apache/hadoop/hadoop-ozone-common/0.5.0-SNAPSHOT/hadoop-ozone-common-0.5.0-SNAPSHOT.jar:/home/user/.m2/repository/org/apache/commons/commons-compress/1.4.1/commons-compress-1.4.1.jar:/home/user/.m2/repository/org/tukaani/xz/1.0/xz-1.0.jar:/home/user/.m2/repository/org/apache/hadoop/hadoop-common/3.2.0/hadoop-common-3.2.0.jar:/home/user/.m2/repository/org/apache/hadoop/hadoop-hdfs/3.2.0/hadoop-hdfs-3.2.0.jar:/home/user/.m2/repository/org/apache/hadoop/hadoop-hdfs-client/3.2.0/hadoop-hdfs-client-3.2.0.jar:/home/user/.m2/repository/com/fasterxml/jackson/core/jackson-annotations/2.9.5/jackson-annotations-2.9.5.jar:/home/user/.m2/repository/org/apache/hadoop/hadoop-hdds-common/0.5.0-SNAPSHOT/hadoop-hdds-common-0.5.0-SNAPSHOT.jar:/home/user/.m2/repository/javax/annotation/javax.annotation-api/1.2/javax.annotation-api-1.2.jar:/home/user/.m2/repository/org/apache/ratis/ratis-server/0.4.0-2337318-SNAPSHOT/ratis-server-0.4.0-2337318-SNAPSHOT.jar:/home/user/.m2/repository/org/apache/ratis/ratis-thirdparty-misc/0.2.0/ratis-thirdparty-misc-0.2.0.jar:/home/user/.m2/repository/org/apache/ratis/ratis-proto/0.4.0-2337318-SNAPSHOT/ratis-proto-0.4.0-2337318-SNAPSHOT.jar:/home/user/.m2/repository/org/apache/ratis/ratis-common/0.4.0-2337318-SNAPSHOT/ratis-common-0.4.0-2337318-SNAPSHOT.jar:/home/user/.m2/repository/org/apache/ratis/ratis-client/0.4.0-2337318-SNAPSHOT/ratis-client-0.4.0-2337318-SNAPSHOT.jar:/home/user/.m2/repository/org/apache/ratis/ratis-metrics/0.4.0-2337318-SNAPSHOT/ratis-metrics-0.4.0-2337318-SNAPSHOT.jar:/home/user/.m2/repository/org/apache/ratis/ratis-netty/0.4.0-2337318-SNAPSHOT/ratis-netty-0.4.0-2337318-SNAPSHOT.jar:/home/user/.m2/repository/org/apache/ratis/ratis-grpc/0.4.0-2337318-SNAPSHOT/ratis-grpc-0.4.0-2337318-SNAPSHOT.jar:/home/user/.m2/repository/org/rocksdb/rocksdbjni/6.0.1/rocksdbjni-6.0.1.jar:/home/user/.m2/repository/org/apache/logging/log4j/log4j-api/2.11.0/log4j-api-2.11.0.jar:/home/user/.m2/repository/org/apache/logging/log4j/log4j-core/2.11.0/log4j-core-2.11.0.jar:/home/user/.m2/repository/com/lmax/disruptor/3.4.2/disruptor-3.4.2.jar:/home/user/.m2/repository/org/apache/commons/commons-pool2/2.6.0/commons-pool2-2.6.0.jar:/home/user/.m2/repository/org/bouncycastle/bcpkix-jdk15on/1.60/bcpkix-jdk15on-1.60.jar:/home/user/.m2/repository/commons-validator/commons-validator/1.6/commons-validator-1.6.jar:/home/user/.m2/repository/commons-digester/commons-digester/1.8.1/commons-digester-1.8.1.jar:/home/user/.m2/repository/io/jaegertracing/jaeger-client/0.33.1/jaeger-client-0.33.1.jar:/home/user/.m2/repository/io/jaegertracing/jaeger-thrift/0.33.1/jaeger-thrift-0.33.1.jar:/home/user/.m2/repository/org/apache/thrift/libthrift/0.11.0/libthrift-0.11.0.jar:/home/user/.m2/repository/com/squareup/okhttp3/okhttp/3.9.0/okhttp-3.9.0.jar:/home/user/.m2/repository/com/squareup/okio/okio/1.13.0/okio-1.13.0.jar:/home/user/.m2/repository/io/jaegertracing/jaeger-core/0.33.1/jaeger-core-0.33.1.jar:/home/user/.m2/repository/io/jaegertracing/jaeger-tracerresolver/0.33.1/jaeger-tracerresolver-0.33.1.jar:/home/user/.m2/repository/io/opentracing/contrib/opentracing-tracerresolver/0.1.5/opentracing-tracerresolver-0.1.5.jar:/home/user/.m2/repository/io/opentracing/opentracing-util/0.31.0/opentracing-util-0.31.0.jar:/home/user/.m2/repository/io/opentracing/opentracing-api/0.31.0/opentracing-api-0.31.0.jar:/home/user/.m2/repository/io/opentracing/opentracing-noop/0.31.0/opentracing-noop-0.31.0.jar:/home/user/.m2/repository/org/apache/hadoop/hadoop-hdds-server-framework/0.5.0-SNAPSHOT/hadoop-hdds-server-framework-0.5.0-SNAPSHOT.jar:/home/user/.m2/repository/org/apache/hadoop/hadoop-hdds-container-service/0.5.0-SNAPSHOT/hadoop-hdds-container-service-0.5.0-SNAPSHOT.jar:/home/user/.m2/repository/org/apache/hadoop/hadoop-hdds-client/0.5.0-SNAPSHOT/hadoop-hdds-client-0.5.0-SNAPSHOT.jar:/home/user/.m2/repository/org/apache/hadoop/hadoop-hdds-tools/0.5.0-SNAPSHOT/hadoop-hdds-tools-0.5.0-SNAPSHOT.jar:/home/user/.m2/repository/org/apache/hadoop/hadoop-hdds-server-scm/0.5.0-SNAPSHOT/hadoop-hdds-server-scm-0.5.0-SNAPSHOT.jar:/home/user/.m2/repository/org/apache/hadoop/hadoop-hdds-docs/0.5.0-SNAPSHOT/hadoop-hdds-docs-0.5.0-SNAPSHOT.jar:/home/user/.m2/repository/io/dropwizard/metrics/metrics-core/3.2.4/metrics-core-3.2.4.jar:/home/user/.m2/repository/org/hamcrest/hamcrest-all/1.3/hamcrest-all-1.3.jar:/home/user/.m2/repository/org/bouncycastle/bcprov-jdk15on/1.60/bcprov-jdk15on-1.60.jar:/home/user/.m2/repository/info/picocli/picocli/3.9.6/picocli-3.9.6.jar:/home/user/.m2/repository/com/google/protobuf/protobuf-java/2.5.0/protobuf-java-2.5.0.jar:/home/user/.m2/repository/com/google/guava/guava/11.0.2/guava-11.0.2.jar:/home/user/.m2/repository/org/apache/hadoop/hadoop-ozone-ozone-manager/0.5.0-SNAPSHOT/hadoop-ozone-ozone-manager-0.5.0-SNAPSHOT.jar:/home/user/.m2/repository/org/apache/hadoop/hadoop-minikdc/3.2.0/hadoop-minikdc-3.2.0.jar:/home/user/.m2/repository/commons-io/commons-io/2.5/commons-io-2.5.jar:/home/user/.m2/repository/org/apache/kerby/kerb-simplekdc/1.0.1/kerb-simplekdc-1.0.1.jar:/home/user/.m2/repository/org/apache/kerby/kerb-client/1.0.1/kerb-client-1.0.1.jar:/home/user/.m2/repository/org/apache/kerby/kerby-config/1.0.1/kerby-config-1.0.1.jar:/home/user/.m2/repository/org/apache/kerby/kerb-core/1.0.1/kerb-core-1.0.1.jar:/home/user/.m2/repository/org/apache/kerby/kerby-pkix/1.0.1/kerby-pkix-1.0.1.jar:/home/user/.m2/repository/org/apache/kerby/kerby-asn1/1.0.1/kerby-asn1-1.0.1.jar:/home/user/.m2/repository/org/apache/kerby/kerby-util/1.0.1/kerby-util-1.0.1.jar:/home/user/.m2/repository/org/apache/kerby/kerb-common/1.0.1/kerb-common-1.0.1.jar:/home/user/.m2/repository/org/apache/kerby/kerb-crypto/1.0.1/kerb-crypto-1.0.1.jar:/home/user/.m2/repository/org/apache/kerby/kerb-util/1.0.1/kerb-util-1.0.1.jar:/home/user/.m2/repository/org/apache/kerby/token-provider/1.0.1/token-provider-1.0.1.jar:/home/user/.m2/repository/org/apache/kerby/kerb-admin/1.0.1/kerb-admin-1.0.1.jar:/home/user/.m2/repository/org/apache/kerby/kerb-server/1.0.1/kerb-server-1.0.1.jar:/home/user/.m2/repository/org/apache/kerby/kerb-identity/1.0.1/kerb-identity-1.0.1.jar:/home/user/.m2/repository/org/apache/kerby/kerby-xdr/1.0.1/kerby-xdr-1.0.1.jar:/home/user/.m2/repository/org/slf4j/slf4j-log4j12/1.7.25/slf4j-log4j12-1.7.25.jar:/home/user/.m2/repository/org/apache/hadoop/hadoop-ozone-objectstore-service/0.5.0-SNAPSHOT/hadoop-ozone-objectstore-service-0.5.0-SNAPSHOT.jar:/home/user/.m2/repository/org/apache/hadoop/hadoop-ozone-s3gateway/0.5.0-SNAPSHOT/hadoop-ozone-s3gateway-0.5.0-SNAPSHOT.jar:/home/user/.m2/repository/org/jboss/weld/servlet/weld-servlet/2.4.7.Final/weld-servlet-2.4.7.Final.jar:/home/user/.m2/repository/org/glassfish/jersey/containers/jersey-container-servlet-core/2.27/jersey-container-servlet-core-2.27.jar:/home/user/.m2/repository/org/glassfish/hk2/external/javax.inject/2.5.0-b42/javax.inject-2.5.0-b42.jar:/home/user/.m2/repository/org/glassfish/jersey/core/jersey-common/2.27/jersey-common-2.27.jar:/home/user/.m2/repository/org/glassfish/hk2/osgi-resource-locator/1.0.1/osgi-resource-locator-1.0.1.jar:/home/user/.m2/repository/javax/ws/rs/javax.ws.rs-api/2.1/javax.ws.rs-api-2.1.jar:/home/user/.m2/repository/org/glassfish/jersey/ext/cdi/jersey-cdi1x/2.27/jersey-cdi1x-2.27.jar:/home/user/.m2/repository/org/glassfish/jersey/inject/jersey-hk2/2.27/jersey-hk2-2.27.jar:/home/user/.m2/repository/org/glassfish/hk2/hk2-locator/2.5.0-b42/hk2-locator-2.5.0-b42.jar:/home/user/.m2/repository/org/javassist/javassist/3.22.0-CR2/javassist-3.22.0-CR2.jar:/home/user/.m2/repository/org/glassfish/hk2/hk2-api/2.5.0/hk2-api-2.5.0.jar:/home/user/.m2/repository/org/glassfish/hk2/external/jakarta.inject/2.5.0/jakarta.inject-2.5.0.jar:/home/user/.m2/repository/org/glassfish/hk2/hk2-utils/2.5.0/hk2-utils-2.5.0.jar:/home/user/.m2/repository/jakarta/annotation/jakarta.annotation-api/1.3.4/jakarta.annotation-api-1.3.4.jar:/home/user/.m2/repository/org/glassfish/hk2/external/aopalliance-repackaged/2.5.0/aopalliance-repackaged-2.5.0.jar:/home/user/.m2/repository/com/fasterxml/jackson/dataformat/jackson-dataformat-xml/2.9.0/jackson-dataformat-xml-2.9.0.jar:/home/user/.m2/repository/com/fasterxml/jackson/core/jackson-core/2.9.5/jackson-core-2.9.5.jar:/home/user/.m2/repository/com/fasterxml/jackson/module/jackson-module-jaxb-annotations/2.9.5/jackson-module-jaxb-annotations-2.9.5.jar:/home/user/.m2/repository/javax/enterprise/cdi-api/1.2/cdi-api-1.2.jar:/home/user/.m2/repository/javax/el/javax.el-api/3.0.0/javax.el-api-3.0.0.jar:/home/user/.m2/repository/javax/interceptor/javax.interceptor-api/1.2/javax.interceptor-api-1.2.jar:/home/user/.m2/repository/javax/inject/javax.inject/1/javax.inject-1.jar:/home/user/.m2/repository/com/sun/xml/bind/jaxb-impl/2.3.0.1/jaxb-impl-2.3.0.1.jar:/home/user/.m2/repository/com/sun/xml/bind/jaxb-core/2.3.0.1/jaxb-core-2.3.0.1.jar:/home/user/.m2/repository/javax/xml/bind/jaxb-api/2.3.0/jaxb-api-2.3.0.jar:/home/user/.m2/repository/javax/activation/activation/1.1.1/activation-1.1.1.jar:/home/user/.m2/repository/org/apache/hadoop/hadoop-ozone-csi/0.5.0-SNAPSHOT/hadoop-ozone-csi-0.5.0-SNAPSHOT.jar:/home/user/.m2/repository/com/google/protobuf/protobuf-java-util/3.5.1/protobuf-java-util-3.5.1.jar:/home/user/.m2/repository/org/apache/hadoop/hadoop-hdds-config/0.5.0-SNAPSHOT/hadoop-hdds-config-0.5.0-SNAPSHOT.jar:/home/user/.m2/repository/io/grpc/grpc-netty/1.17.1/grpc-netty-1.17.1.jar:/home/user/.m2/repository/io/grpc/grpc-core/1.17.1/grpc-core-1.17.1.jar:/home/user/.m2/repository/io/grpc/grpc-context/1.17.1/grpc-context-1.17.1.jar:/home/user/.m2/repository/com/google/errorprone/error_prone_annotations/2.2.0/error_prone_annotations-2.2.0.jar:/home/user/.m2/repository/org/codehaus/mojo/animal-sniffer-annotations/1.17/animal-sniffer-annotations-1.17.jar:/home/user/.m2/repository/io/opencensus/opencensus-api/0.17.0/opencensus-api-0.17.0.jar:/home/user/.m2/repository/io/opencensus/opencensus-contrib-grpc-metrics/0.17.0/opencensus-contrib-grpc-metrics-0.17.0.jar:/home/user/.m2/repository/io/netty/netty-codec-http2/4.1.30.Final/netty-codec-http2-4.1.30.Final.jar:/home/user/.m2/repository/io/netty/netty-codec-http/4.1.30.Final/netty-codec-http-4.1.30.Final.jar:/home/user/.m2/repository/io/netty/netty-codec/4.1.30.Final/netty-codec-4.1.30.Final.jar:/home/user/.m2/repository/io/netty/netty-handler/4.1.30.Final/netty-handler-4.1.30.Final.jar:/home/user/.m2/repository/io/netty/netty-handler-proxy/4.1.30.Final/netty-handler-proxy-4.1.30.Final.jar:/home/user/.m2/repository/io/netty/netty-codec-socks/4.1.30.Final/netty-codec-socks-4.1.30.Final.jar:/home/user/.m2/repository/io/netty/netty-transport-native-epoll/4.1.30.Final/netty-transport-native-epoll-4.1.30.Final.jar:/home/user/.m2/repository/io/netty/netty-common/4.1.30.Final/netty-common-4.1.30.Final.jar:/home/user/.m2/repository/io/netty/netty-buffer/4.1.30.Final/netty-buffer-4.1.30.Final.jar:/home/user/.m2/repository/io/netty/netty-transport/4.1.30.Final/netty-transport-4.1.30.Final.jar:/home/user/.m2/repository/io/netty/netty-resolver/4.1.30.Final/netty-resolver-4.1.30.Final.jar:/home/user/.m2/repository/io/netty/netty-transport-native-unix-common/4.1.30.Final/netty-transport-native-unix-common-4.1.30.Final.jar:/home/user/.m2/repository/io/grpc/grpc-protobuf/1.17.1/grpc-protobuf-1.17.1.jar:/home/user/.m2/repository/com/google/api/grpc/proto-google-common-protos/1.0.0/proto-google-common-protos-1.0.0.jar:/home/user/.m2/repository/io/grpc/grpc-protobuf-lite/1.17.1/grpc-protobuf-lite-1.17.1.jar:/home/user/.m2/repository/io/grpc/grpc-stub/1.17.1/grpc-stub-1.17.1.jar:/home/user/.m2/repository/org/apache/hadoop/hadoop-ozone-recon/0.5.0-SNAPSHOT/hadoop-ozone-recon-0.5.0-SNAPSHOT.jar:/home/user/.m2/repository/org/apache/hadoop/hadoop-ozone-reconcodegen/0.5.0-SNAPSHOT/hadoop-ozone-reconcodegen-0.5.0-SNAPSHOT.jar:/home/user/.m2/repository/com/google/inject/extensions/guice-multibindings/4.0/guice-multibindings-4.0.jar:/home/user/.m2/repository/com/google/inject/guice/4.0/guice-4.0.jar:/home/user/.m2/repository/aopalliance/aopalliance/1.0/aopalliance-1.0.jar:/home/user/.m2/repository/com/google/inject/extensions/guice-servlet/4.0/guice-servlet-4.0.jar:/home/user/.m2/repository/org/glassfish/jersey/containers/jersey-container-servlet/2.27/jersey-container-servlet-2.27.jar:/home/user/.m2/repository/org/glassfish/hk2/guice-bridge/2.5.0/guice-bridge-2.5.0.jar:/home/user/.m2/repository/org/glassfish/jersey/core/jersey-server/2.27/jersey-server-2.27.jar:/home/user/.m2/repository/org/glassfish/jersey/core/jersey-client/2.27/jersey-client-2.27.jar:/home/user/.m2/repository/org/glassfish/jersey/media/jersey-media-jaxb/2.27/jersey-media-jaxb-2.27.jar:/home/user/.m2/repository/javax/validation/validation-api/1.1.0.Final/validation-api-1.1.0.Final.jar:/home/user/.m2/repository/org/glassfish/jersey/media/jersey-media-json-jackson/2.27/jersey-media-json-jackson-2.27.jar:/home/user/.m2/repository/org/glassfish/jersey/ext/jersey-entity-filtering/2.27/jersey-entity-filtering-2.27.jar:/home/user/.m2/repository/com/google/inject/extensions/guice-assistedinject/4.0/guice-assistedinject-4.0.jar:/home/user/.m2/repository/org/jooq/jooq/3.11.10/jooq-3.11.10.jar:/home/user/.m2/repository/org/jooq/jooq-meta/3.11.10/jooq-meta-3.11.10.jar:/home/user/.m2/repository/org/jooq/jooq-codegen/3.11.10/jooq-codegen-3.11.10.jar:/home/user/.m2/repository/com/jolbox/bonecp/0.8.0.RELEASE/bonecp-0.8.0.RELEASE.jar:/home/user/.m2/repository/org/xerial/sqlite-jdbc/3.25.2/sqlite-jdbc-3.25.2.jar:/home/user/.m2/repository/org/springframework/spring-jdbc/5.1.3.RELEASE/spring-jdbc-5.1.3.RELEASE.jar:/home/user/.m2/repository/org/springframework/spring-beans/5.1.3.RELEASE/spring-beans-5.1.3.RELEASE.jar:/home/user/.m2/repository/org/springframework/spring-core/5.1.3.RELEASE/spring-core-5.1.3.RELEASE.jar:/home/user/.m2/repository/org/springframework/spring-jcl/5.1.3.RELEASE/spring-jcl-5.1.3.RELEASE.jar:/home/user/.m2/repository/org/springframework/spring-tx/5.1.3.RELEASE/spring-tx-5.1.3.RELEASE.jar:/home/user/.m2/repository/org/apache/hadoop/hadoop-ozone-client/0.5.0-SNAPSHOT/hadoop-ozone-client-0.5.0-SNAPSHOT.jar:/home/user/.m2/repository/commons-lang/commons-lang/2.6/commons-lang-2.6.jar:/home/user/.m2/repository/org/apache/hadoop/hadoop-ozone-ozone-manager/0.5.0-SNAPSHOT/hadoop-ozone-ozone-manager-0.5.0-SNAPSHOT-tests.jar:/home/user/.m2/repository/junit/junit/4.11/junit-4.11.jar:/home/user/.m2/repository/org/hamcrest/hamcrest-core/1.3/hamcrest-core-1.3.jar:/home/user/.m2/repository/org/openjdk/jmh/jmh-core/1.19/jmh-core-1.19.jar:/home/user/.m2/repository/net/sf/jopt-simple/jopt-simple/4.6/jopt-simple-4.6.jar:/home/user/.m2/repository/org/apache/commons/commons-math3/3.1.1/commons-math3-3.1.1.jar:/home/user/.m2/repository/org/openjdk/jmh/jmh-generator-annprocess/1.19/jmh-generator-annprocess-1.19.jar:/home/user/.m2/repository/org/mockito/mockito-all/1.8.5/mockito-all-1.8.5.jar:/home/user/.m2/repository/org/apache/hadoop/hadoop-kms/3.2.0/hadoop-kms-3.2.0.jar:/home/user/.m2/repository/org/apache/hadoop/hadoop-auth/3.2.0/hadoop-auth-3.2.0.jar:/home/user/.m2/repository/com/nimbusds/nimbus-jose-jwt/4.41.1/nimbus-jose-jwt-4.41.1.jar:/home/user/.m2/repository/com/github/stephenc/jcip/jcip-annotations/1.0-1/jcip-annotations-1.0-1.jar:/home/user/.m2/repository/net/minidev/json-smart/2.3/json-smart-2.3.jar:/home/user/.m2/repository/net/minidev/accessors-smart/1.2/accessors-smart-1.2.jar:/home/user/.m2/repository/org/ow2/asm/asm/5.0.4/asm-5.0.4.jar:/home/user/.m2/repository/org/apache/curator/curator-framework/2.12.0/curator-framework-2.12.0.jar:/home/user/.m2/repository/com/sun/jersey/jersey-core/1.19/jersey-core-1.19.jar:/home/user/.m2/repository/javax/ws/rs/jsr311-api/1.1.1/jsr311-api-1.1.1.jar:/home/user/.m2/repository/com/sun/jersey/jersey-server/1.19/jersey-server-1.19.jar:/home/user/.m2/repository/javax/servlet/javax.servlet-api/3.1.0/javax.servlet-api-3.1.0.jar:/home/user/.m2/repository/org/eclipse/jetty/jetty-server/9.3.24.v20180605/jetty-server-9.3.24.v20180605.jar:/home/user/.m2/repository/org/eclipse/jetty/jetty-http/9.3.24.v20180605/jetty-http-9.3.24.v20180605.jar:/home/user/.m2/repository/org/eclipse/jetty/jetty-io/9.3.24.v20180605/jetty-io-9.3.24.v20180605.jar:/home/user/.m2/repository/org/eclipse/jetty/jetty-webapp/9.3.24.v20180605/jetty-webapp-9.3.24.v20180605.jar:/home/user/.m2/repository/org/eclipse/jetty/jetty-xml/9.3.24.v20180605/jetty-xml-9.3.24.v20180605.jar:/home/user/.m2/repository/log4j/log4j/1.2.17/log4j-1.2.17.jar:/home/user/.m2/repository/org/slf4j/slf4j-api/1.7.25/slf4j-api-1.7.25.jar:/home/user/.m2/repository/org/slf4j/jul-to-slf4j/1.7.25/jul-to-slf4j-1.7.25.jar:/home/user/.m2/repository/org/eclipse/jetty/jetty-util/9.3.24.v20180605/jetty-util-9.3.24.v20180605.jar:/home/user/.m2/repository/com/fasterxml/jackson/core/jackson-databind/2.9.5/jackson-databind-2.9.5.jar:/home/user/.m2/repository/org/apache/hadoop/hadoop-kms/3.2.0/hadoop-kms-3.2.0-tests.jar:/home/user/.m2/repository/org/apache/hadoop/hadoop-hdds-server-scm/0.5.0-SNAPSHOT/hadoop-hdds-server-scm-0.5.0-SNAPSHOT-tests.jar:/home/user/.m2/repository/org/apache/hadoop/hadoop-hdds-container-service/0.5.0-SNAPSHOT/hadoop-hdds-container-service-0.5.0-SNAPSHOT-tests.jar:/home/user/.m2/repository/org/yaml/snakeyaml/1.16/snakeyaml-1.16.jar:/home/user/.m2/repository/org/apache/hadoop/hadoop-common/3.2.0/hadoop-common-3.2.0-tests.jar:/home/user/.m2/repository/org/apache/hadoop/hadoop-annotations/3.2.0/hadoop-annotations-3.2.0.jar:/usr/lib/jvm/java-1.8-openjdk/jre/../lib/tools.jar:/home/user/.m2/repository/commons-cli/commons-cli/1.2/commons-cli-1.2.jar:/home/user/.m2/repository/org/apache/httpcomponents/httpclient/4.5.2/httpclient-4.5.2.jar:/home/user/.m2/repository/org/apache/httpcomponents/httpcore/4.4.4/httpcore-4.4.4.jar:/home/user/.m2/repository/commons-codec/commons-codec/1.11/commons-codec-1.11.jar:/home/user/.m2/repository/commons-net/commons-net/3.6/commons-net-3.6.jar:/home/user/.m2/repository/commons-collections/commons-collections/3.2.2/commons-collections-3.2.2.jar:/home/user/.m2/repository/org/eclipse/jetty/jetty-servlet/9.3.24.v20180605/jetty-servlet-9.3.24.v20180605.jar:/home/user/.m2/repository/org/eclipse/jetty/jetty-security/9.3.24.v20180605/jetty-security-9.3.24.v20180605.jar:/home/user/.m2/repository/javax/servlet/jsp/jsp-api/2.1/jsp-api-2.1.jar:/home/user/.m2/repository/com/sun/jersey/jersey-servlet/1.19/jersey-servlet-1.19.jar:/home/user/.m2/repository/com/sun/jersey/jersey-json/1.19/jersey-json-1.19.jar:/home/user/.m2/repository/org/codehaus/jettison/jettison/1.1/jettison-1.1.jar:/home/user/.m2/repository/org/codehaus/jackson/jackson-core-asl/1.9.13/jackson-core-asl-1.9.13.jar:/home/user/.m2/repository/org/codehaus/jackson/jackson-mapper-asl/1.9.13/jackson-mapper-asl-1.9.13.jar:/home/user/.m2/repository/org/codehaus/jackson/jackson-jaxrs/1.9.13/jackson-jaxrs-1.9.13.jar:/home/user/.m2/repository/org/codehaus/jackson/jackson-xc/1.9.13/jackson-xc-1.9.13.jar:/home/user/.m2/repository/commons-logging/commons-logging/1.1.3/commons-logging-1.1.3.jar:/home/user/.m2/repository/commons-beanutils/commons-beanutils/1.9.3/commons-beanutils-1.9.3.jar:/home/user/.m2/repository/org/apache/commons/commons-configuration2/2.1.1/commons-configuration2-2.1.1.jar:/home/user/.m2/repository/org/apache/commons/commons-lang3/3.7/commons-lang3-3.7.jar:/home/user/.m2/repository/org/apache/commons/commons-text/1.4/commons-text-1.4.jar:/home/user/.m2/repository/org/apache/avro/avro/1.7.7/avro-1.7.7.jar:/home/user/.m2/repository/com/thoughtworks/paranamer/paranamer/2.3/paranamer-2.3.jar:/home/user/.m2/repository/org/xerial/snappy/snappy-java/1.0.5/snappy-java-1.0.5.jar:/home/user/.m2/repository/com/google/re2j/re2j/1.1/re2j-1.1.jar:/home/user/.m2/repository/com/google/code/gson/gson/2.2.4/gson-2.2.4.jar:/home/user/.m2/repository/com/jcraft/jsch/0.1.54/jsch-0.1.54.jar:/home/user/.m2/repository/org/apache/curator/curator-client/2.12.0/curator-client-2.12.0.jar:/home/user/.m2/repository/org/apache/curator/curator-recipes/2.12.0/curator-recipes-2.12.0.jar:/home/user/.m2/repository/com/google/code/findbugs/jsr305/3.0.0/jsr305-3.0.0.jar:/home/user/.m2/repository/org/apache/htrace/htrace-core4/4.1.0-incubating/htrace-core4-4.1.0-incubating.jar:/home/user/.m2/repository/org/apache/zookeeper/zookeeper/3.4.13/zookeeper-3.4.13.jar:/home/user/.m2/repository/org/apache/yetus/audience-annotations/0.5.0/audience-annotations-0.5.0.jar:/home/user/.m2/repository/org/codehaus/woodstox/stax2-api/3.1.4/stax2-api-3.1.4.jar:/home/user/.m2/repository/com/fasterxml/woodstox/woodstox-core/5.0.3/woodstox-core-5.0.3.jar:/home/user/.m2/repository/dnsjava/dnsjava/2.1.7/dnsjava-2.1.7.jar:/home/user/.m2/repository/org/apache/hadoop/hadoop-hdfs/3.2.0/hadoop-hdfs-3.2.0-tests.jar:/home/user/.m2/repository/org/eclipse/jetty/jetty-util-ajax/9.3.24.v20180605/jetty-util-ajax-9.3.24.v20180605.jar:/home/user/.m2/repository/commons-daemon/commons-daemon/1.0.13/commons-daemon-1.0.13.jar:/home/user/.m2/repository/io/netty/netty/3.10.5.Final/netty-3.10.5.Final.jar:/home/user/.m2/repository/io/netty/netty-all/4.0.52.Final/netty-all-4.0.52.Final.jar:/home/user/.m2/repository/org/fusesource/leveldbjni/leveldbjni-all/1.8/leveldbjni-all-1.8.jar:"/>
    <property name="java.vm.vendor" value="IcedTea"/>
    <property name="sun.arch.data.model" value="64"/>
    <property name="test.build.dir" value="/workdir/hadoop-ozone/integration-test/target/test-dir"/>
    <property name="test.cache.data" value=""/>
    <property name="java.vendor.url" value="https://icedtea.classpath.org"/>
    <property name="user.timezone" value=""/>
    <property name="java.vm.specification.version" value="1.8"/>
    <property name="os.name" value="Linux"/>
    <property name="test.build.data" value="/workdir/hadoop-ozone/integration-test/target/test-dir"/>
    <property name="user.country" value="US"/>
    <property name="sun.java.launcher" value="SUN_STANDARD"/>
    <property name="sun.boot.library.path" value="/usr/lib/jvm/java-1.8-openjdk/jre/lib/amd64"/>
    <property name="sun.java.command" value="/workdir/hadoop-ozone/integration-test/target/surefire/surefirebooter8592023594882228667.jar /workdir/hadoop-ozone/integration-test/target/surefire 2019-08-22T09-05-11_403-jvmRun1 surefire9029654724750676445tmp surefire_161174096201136092089tmp"/>
    <property name="test" value="!TestMiniChaosOzoneCluster"/>
    <property name="surefire.test.class.path" value="/workdir/hadoop-ozone/integration-test/target/test-classes:/workdir/hadoop-ozone/integration-test/target/classes:/home/user/.m2/repository/org/apache/hadoop/hadoop-ozone-common/0.5.0-SNAPSHOT/hadoop-ozone-common-0.5.0-SNAPSHOT.jar:/home/user/.m2/repository/org/apache/commons/commons-compress/1.4.1/commons-compress-1.4.1.jar:/home/user/.m2/repository/org/tukaani/xz/1.0/xz-1.0.jar:/home/user/.m2/repository/org/apache/hadoop/hadoop-common/3.2.0/hadoop-common-3.2.0.jar:/home/user/.m2/repository/org/apache/hadoop/hadoop-hdfs/3.2.0/hadoop-hdfs-3.2.0.jar:/home/user/.m2/repository/org/apache/hadoop/hadoop-hdfs-client/3.2.0/hadoop-hdfs-client-3.2.0.jar:/home/user/.m2/repository/com/fasterxml/jackson/core/jackson-annotations/2.9.5/jackson-annotations-2.9.5.jar:/home/user/.m2/repository/org/apache/hadoop/hadoop-hdds-common/0.5.0-SNAPSHOT/hadoop-hdds-common-0.5.0-SNAPSHOT.jar:/home/user/.m2/repository/javax/annotation/javax.annotation-api/1.2/javax.annotation-api-1.2.jar:/home/user/.m2/repository/org/apache/ratis/ratis-server/0.4.0-2337318-SNAPSHOT/ratis-server-0.4.0-2337318-SNAPSHOT.jar:/home/user/.m2/repository/org/apache/ratis/ratis-thirdparty-misc/0.2.0/ratis-thirdparty-misc-0.2.0.jar:/home/user/.m2/repository/org/apache/ratis/ratis-proto/0.4.0-2337318-SNAPSHOT/ratis-proto-0.4.0-2337318-SNAPSHOT.jar:/home/user/.m2/repository/org/apache/ratis/ratis-common/0.4.0-2337318-SNAPSHOT/ratis-common-0.4.0-2337318-SNAPSHOT.jar:/home/user/.m2/repository/org/apache/ratis/ratis-client/0.4.0-2337318-SNAPSHOT/ratis-client-0.4.0-2337318-SNAPSHOT.jar:/home/user/.m2/repository/org/apache/ratis/ratis-metrics/0.4.0-2337318-SNAPSHOT/ratis-metrics-0.4.0-2337318-SNAPSHOT.jar:/home/user/.m2/repository/org/apache/ratis/ratis-netty/0.4.0-2337318-SNAPSHOT/ratis-netty-0.4.0-2337318-SNAPSHOT.jar:/home/user/.m2/repository/org/apache/ratis/ratis-grpc/0.4.0-2337318-SNAPSHOT/ratis-grpc-0.4.0-2337318-SNAPSHOT.jar:/home/user/.m2/repository/org/rocksdb/rocksdbjni/6.0.1/rocksdbjni-6.0.1.jar:/home/user/.m2/repository/org/apache/logging/log4j/log4j-api/2.11.0/log4j-api-2.11.0.jar:/home/user/.m2/repository/org/apache/logging/log4j/log4j-core/2.11.0/log4j-core-2.11.0.jar:/home/user/.m2/repository/com/lmax/disruptor/3.4.2/disruptor-3.4.2.jar:/home/user/.m2/repository/org/apache/commons/commons-pool2/2.6.0/commons-pool2-2.6.0.jar:/home/user/.m2/repository/org/bouncycastle/bcpkix-jdk15on/1.60/bcpkix-jdk15on-1.60.jar:/home/user/.m2/repository/commons-validator/commons-validator/1.6/commons-validator-1.6.jar:/home/user/.m2/repository/commons-digester/commons-digester/1.8.1/commons-digester-1.8.1.jar:/home/user/.m2/repository/io/jaegertracing/jaeger-client/0.33.1/jaeger-client-0.33.1.jar:/home/user/.m2/repository/io/jaegertracing/jaeger-thrift/0.33.1/jaeger-thrift-0.33.1.jar:/home/user/.m2/repository/org/apache/thrift/libthrift/0.11.0/libthrift-0.11.0.jar:/home/user/.m2/repository/com/squareup/okhttp3/okhttp/3.9.0/okhttp-3.9.0.jar:/home/user/.m2/repository/com/squareup/okio/okio/1.13.0/okio-1.13.0.jar:/home/user/.m2/repository/io/jaegertracing/jaeger-core/0.33.1/jaeger-core-0.33.1.jar:/home/user/.m2/repository/io/jaegertracing/jaeger-tracerresolver/0.33.1/jaeger-tracerresolver-0.33.1.jar:/home/user/.m2/repository/io/opentracing/contrib/opentracing-tracerresolver/0.1.5/opentracing-tracerresolver-0.1.5.jar:/home/user/.m2/repository/io/opentracing/opentracing-util/0.31.0/opentracing-util-0.31.0.jar:/home/user/.m2/repository/io/opentracing/opentracing-api/0.31.0/opentracing-api-0.31.0.jar:/home/user/.m2/repository/io/opentracing/opentracing-noop/0.31.0/opentracing-noop-0.31.0.jar:/home/user/.m2/repository/org/apache/hadoop/hadoop-hdds-server-framework/0.5.0-SNAPSHOT/hadoop-hdds-server-framework-0.5.0-SNAPSHOT.jar:/home/user/.m2/repository/org/apache/hadoop/hadoop-hdds-container-service/0.5.0-SNAPSHOT/hadoop-hdds-container-service-0.5.0-SNAPSHOT.jar:/home/user/.m2/repository/org/apache/hadoop/hadoop-hdds-client/0.5.0-SNAPSHOT/hadoop-hdds-client-0.5.0-SNAPSHOT.jar:/home/user/.m2/repository/org/apache/hadoop/hadoop-hdds-tools/0.5.0-SNAPSHOT/hadoop-hdds-tools-0.5.0-SNAPSHOT.jar:/home/user/.m2/repository/org/apache/hadoop/hadoop-hdds-server-scm/0.5.0-SNAPSHOT/hadoop-hdds-server-scm-0.5.0-SNAPSHOT.jar:/home/user/.m2/repository/org/apache/hadoop/hadoop-hdds-docs/0.5.0-SNAPSHOT/hadoop-hdds-docs-0.5.0-SNAPSHOT.jar:/home/user/.m2/repository/io/dropwizard/metrics/metrics-core/3.2.4/metrics-core-3.2.4.jar:/home/user/.m2/repository/org/hamcrest/hamcrest-all/1.3/hamcrest-all-1.3.jar:/home/user/.m2/repository/org/bouncycastle/bcprov-jdk15on/1.60/bcprov-jdk15on-1.60.jar:/home/user/.m2/repository/info/picocli/picocli/3.9.6/picocli-3.9.6.jar:/home/user/.m2/repository/com/google/protobuf/protobuf-java/2.5.0/protobuf-java-2.5.0.jar:/home/user/.m2/repository/com/google/guava/guava/11.0.2/guava-11.0.2.jar:/home/user/.m2/repository/org/apache/hadoop/hadoop-ozone-ozone-manager/0.5.0-SNAPSHOT/hadoop-ozone-ozone-manager-0.5.0-SNAPSHOT.jar:/home/user/.m2/repository/org/apache/hadoop/hadoop-minikdc/3.2.0/hadoop-minikdc-3.2.0.jar:/home/user/.m2/repository/commons-io/commons-io/2.5/commons-io-2.5.jar:/home/user/.m2/repository/org/apache/kerby/kerb-simplekdc/1.0.1/kerb-simplekdc-1.0.1.jar:/home/user/.m2/repository/org/apache/kerby/kerb-client/1.0.1/kerb-client-1.0.1.jar:/home/user/.m2/repository/org/apache/kerby/kerby-config/1.0.1/kerby-config-1.0.1.jar:/home/user/.m2/repository/org/apache/kerby/kerb-core/1.0.1/kerb-core-1.0.1.jar:/home/user/.m2/repository/org/apache/kerby/kerby-pkix/1.0.1/kerby-pkix-1.0.1.jar:/home/user/.m2/repository/org/apache/kerby/kerby-asn1/1.0.1/kerby-asn1-1.0.1.jar:/home/user/.m2/repository/org/apache/kerby/kerby-util/1.0.1/kerby-util-1.0.1.jar:/home/user/.m2/repository/org/apache/kerby/kerb-common/1.0.1/kerb-common-1.0.1.jar:/home/user/.m2/repository/org/apache/kerby/kerb-crypto/1.0.1/kerb-crypto-1.0.1.jar:/home/user/.m2/repository/org/apache/kerby/kerb-util/1.0.1/kerb-util-1.0.1.jar:/home/user/.m2/repository/org/apache/kerby/token-provider/1.0.1/token-provider-1.0.1.jar:/home/user/.m2/repository/org/apache/kerby/kerb-admin/1.0.1/kerb-admin-1.0.1.jar:/home/user/.m2/repository/org/apache/kerby/kerb-server/1.0.1/kerb-server-1.0.1.jar:/home/user/.m2/repository/org/apache/kerby/kerb-identity/1.0.1/kerb-identity-1.0.1.jar:/home/user/.m2/repository/org/apache/kerby/kerby-xdr/1.0.1/kerby-xdr-1.0.1.jar:/home/user/.m2/repository/org/slf4j/slf4j-log4j12/1.7.25/slf4j-log4j12-1.7.25.jar:/home/user/.m2/repository/org/apache/hadoop/hadoop-ozone-objectstore-service/0.5.0-SNAPSHOT/hadoop-ozone-objectstore-service-0.5.0-SNAPSHOT.jar:/home/user/.m2/repository/org/apache/hadoop/hadoop-ozone-s3gateway/0.5.0-SNAPSHOT/hadoop-ozone-s3gateway-0.5.0-SNAPSHOT.jar:/home/user/.m2/repository/org/jboss/weld/servlet/weld-servlet/2.4.7.Final/weld-servlet-2.4.7.Final.jar:/home/user/.m2/repository/org/glassfish/jersey/containers/jersey-container-servlet-core/2.27/jersey-container-servlet-core-2.27.jar:/home/user/.m2/repository/org/glassfish/hk2/external/javax.inject/2.5.0-b42/javax.inject-2.5.0-b42.jar:/home/user/.m2/repository/org/glassfish/jersey/core/jersey-common/2.27/jersey-common-2.27.jar:/home/user/.m2/repository/org/glassfish/hk2/osgi-resource-locator/1.0.1/osgi-resource-locator-1.0.1.jar:/home/user/.m2/repository/javax/ws/rs/javax.ws.rs-api/2.1/javax.ws.rs-api-2.1.jar:/home/user/.m2/repository/org/glassfish/jersey/ext/cdi/jersey-cdi1x/2.27/jersey-cdi1x-2.27.jar:/home/user/.m2/repository/org/glassfish/jersey/inject/jersey-hk2/2.27/jersey-hk2-2.27.jar:/home/user/.m2/repository/org/glassfish/hk2/hk2-locator/2.5.0-b42/hk2-locator-2.5.0-b42.jar:/home/user/.m2/repository/org/javassist/javassist/3.22.0-CR2/javassist-3.22.0-CR2.jar:/home/user/.m2/repository/org/glassfish/hk2/hk2-api/2.5.0/hk2-api-2.5.0.jar:/home/user/.m2/repository/org/glassfish/hk2/external/jakarta.inject/2.5.0/jakarta.inject-2.5.0.jar:/home/user/.m2/repository/org/glassfish/hk2/hk2-utils/2.5.0/hk2-utils-2.5.0.jar:/home/user/.m2/repository/jakarta/annotation/jakarta.annotation-api/1.3.4/jakarta.annotation-api-1.3.4.jar:/home/user/.m2/repository/org/glassfish/hk2/external/aopalliance-repackaged/2.5.0/aopalliance-repackaged-2.5.0.jar:/home/user/.m2/repository/com/fasterxml/jackson/dataformat/jackson-dataformat-xml/2.9.0/jackson-dataformat-xml-2.9.0.jar:/home/user/.m2/repository/com/fasterxml/jackson/core/jackson-core/2.9.5/jackson-core-2.9.5.jar:/home/user/.m2/repository/com/fasterxml/jackson/module/jackson-module-jaxb-annotations/2.9.5/jackson-module-jaxb-annotations-2.9.5.jar:/home/user/.m2/repository/javax/enterprise/cdi-api/1.2/cdi-api-1.2.jar:/home/user/.m2/repository/javax/el/javax.el-api/3.0.0/javax.el-api-3.0.0.jar:/home/user/.m2/repository/javax/interceptor/javax.interceptor-api/1.2/javax.interceptor-api-1.2.jar:/home/user/.m2/repository/javax/inject/javax.inject/1/javax.inject-1.jar:/home/user/.m2/repository/com/sun/xml/bind/jaxb-impl/2.3.0.1/jaxb-impl-2.3.0.1.jar:/home/user/.m2/repository/com/sun/xml/bind/jaxb-core/2.3.0.1/jaxb-core-2.3.0.1.jar:/home/user/.m2/repository/javax/xml/bind/jaxb-api/2.3.0/jaxb-api-2.3.0.jar:/home/user/.m2/repository/javax/activation/activation/1.1.1/activation-1.1.1.jar:/home/user/.m2/repository/org/apache/hadoop/hadoop-ozone-csi/0.5.0-SNAPSHOT/hadoop-ozone-csi-0.5.0-SNAPSHOT.jar:/home/user/.m2/repository/com/google/protobuf/protobuf-java-util/3.5.1/protobuf-java-util-3.5.1.jar:/home/user/.m2/repository/org/apache/hadoop/hadoop-hdds-config/0.5.0-SNAPSHOT/hadoop-hdds-config-0.5.0-SNAPSHOT.jar:/home/user/.m2/repository/io/grpc/grpc-netty/1.17.1/grpc-netty-1.17.1.jar:/home/user/.m2/repository/io/grpc/grpc-core/1.17.1/grpc-core-1.17.1.jar:/home/user/.m2/repository/io/grpc/grpc-context/1.17.1/grpc-context-1.17.1.jar:/home/user/.m2/repository/com/google/errorprone/error_prone_annotations/2.2.0/error_prone_annotations-2.2.0.jar:/home/user/.m2/repository/org/codehaus/mojo/animal-sniffer-annotations/1.17/animal-sniffer-annotations-1.17.jar:/home/user/.m2/repository/io/opencensus/opencensus-api/0.17.0/opencensus-api-0.17.0.jar:/home/user/.m2/repository/io/opencensus/opencensus-contrib-grpc-metrics/0.17.0/opencensus-contrib-grpc-metrics-0.17.0.jar:/home/user/.m2/repository/io/netty/netty-codec-http2/4.1.30.Final/netty-codec-http2-4.1.30.Final.jar:/home/user/.m2/repository/io/netty/netty-codec-http/4.1.30.Final/netty-codec-http-4.1.30.Final.jar:/home/user/.m2/repository/io/netty/netty-codec/4.1.30.Final/netty-codec-4.1.30.Final.jar:/home/user/.m2/repository/io/netty/netty-handler/4.1.30.Final/netty-handler-4.1.30.Final.jar:/home/user/.m2/repository/io/netty/netty-handler-proxy/4.1.30.Final/netty-handler-proxy-4.1.30.Final.jar:/home/user/.m2/repository/io/netty/netty-codec-socks/4.1.30.Final/netty-codec-socks-4.1.30.Final.jar:/home/user/.m2/repository/io/netty/netty-transport-native-epoll/4.1.30.Final/netty-transport-native-epoll-4.1.30.Final.jar:/home/user/.m2/repository/io/netty/netty-common/4.1.30.Final/netty-common-4.1.30.Final.jar:/home/user/.m2/repository/io/netty/netty-buffer/4.1.30.Final/netty-buffer-4.1.30.Final.jar:/home/user/.m2/repository/io/netty/netty-transport/4.1.30.Final/netty-transport-4.1.30.Final.jar:/home/user/.m2/repository/io/netty/netty-resolver/4.1.30.Final/netty-resolver-4.1.30.Final.jar:/home/user/.m2/repository/io/netty/netty-transport-native-unix-common/4.1.30.Final/netty-transport-native-unix-common-4.1.30.Final.jar:/home/user/.m2/repository/io/grpc/grpc-protobuf/1.17.1/grpc-protobuf-1.17.1.jar:/home/user/.m2/repository/com/google/api/grpc/proto-google-common-protos/1.0.0/proto-google-common-protos-1.0.0.jar:/home/user/.m2/repository/io/grpc/grpc-protobuf-lite/1.17.1/grpc-protobuf-lite-1.17.1.jar:/home/user/.m2/repository/io/grpc/grpc-stub/1.17.1/grpc-stub-1.17.1.jar:/home/user/.m2/repository/org/apache/hadoop/hadoop-ozone-recon/0.5.0-SNAPSHOT/hadoop-ozone-recon-0.5.0-SNAPSHOT.jar:/home/user/.m2/repository/org/apache/hadoop/hadoop-ozone-reconcodegen/0.5.0-SNAPSHOT/hadoop-ozone-reconcodegen-0.5.0-SNAPSHOT.jar:/home/user/.m2/repository/com/google/inject/extensions/guice-multibindings/4.0/guice-multibindings-4.0.jar:/home/user/.m2/repository/com/google/inject/guice/4.0/guice-4.0.jar:/home/user/.m2/repository/aopalliance/aopalliance/1.0/aopalliance-1.0.jar:/home/user/.m2/repository/com/google/inject/extensions/guice-servlet/4.0/guice-servlet-4.0.jar:/home/user/.m2/repository/org/glassfish/jersey/containers/jersey-container-servlet/2.27/jersey-container-servlet-2.27.jar:/home/user/.m2/repository/org/glassfish/hk2/guice-bridge/2.5.0/guice-bridge-2.5.0.jar:/home/user/.m2/repository/org/glassfish/jersey/core/jersey-server/2.27/jersey-server-2.27.jar:/home/user/.m2/repository/org/glassfish/jersey/core/jersey-client/2.27/jersey-client-2.27.jar:/home/user/.m2/repository/org/glassfish/jersey/media/jersey-media-jaxb/2.27/jersey-media-jaxb-2.27.jar:/home/user/.m2/repository/javax/validation/validation-api/1.1.0.Final/validation-api-1.1.0.Final.jar:/home/user/.m2/repository/org/glassfish/jersey/media/jersey-media-json-jackson/2.27/jersey-media-json-jackson-2.27.jar:/home/user/.m2/repository/org/glassfish/jersey/ext/jersey-entity-filtering/2.27/jersey-entity-filtering-2.27.jar:/home/user/.m2/repository/com/google/inject/extensions/guice-assistedinject/4.0/guice-assistedinject-4.0.jar:/home/user/.m2/repository/org/jooq/jooq/3.11.10/jooq-3.11.10.jar:/home/user/.m2/repository/org/jooq/jooq-meta/3.11.10/jooq-meta-3.11.10.jar:/home/user/.m2/repository/org/jooq/jooq-codegen/3.11.10/jooq-codegen-3.11.10.jar:/home/user/.m2/repository/com/jolbox/bonecp/0.8.0.RELEASE/bonecp-0.8.0.RELEASE.jar:/home/user/.m2/repository/org/xerial/sqlite-jdbc/3.25.2/sqlite-jdbc-3.25.2.jar:/home/user/.m2/repository/org/springframework/spring-jdbc/5.1.3.RELEASE/spring-jdbc-5.1.3.RELEASE.jar:/home/user/.m2/repository/org/springframework/spring-beans/5.1.3.RELEASE/spring-beans-5.1.3.RELEASE.jar:/home/user/.m2/repository/org/springframework/spring-core/5.1.3.RELEASE/spring-core-5.1.3.RELEASE.jar:/home/user/.m2/repository/org/springframework/spring-jcl/5.1.3.RELEASE/spring-jcl-5.1.3.RELEASE.jar:/home/user/.m2/repository/org/springframework/spring-tx/5.1.3.RELEASE/spring-tx-5.1.3.RELEASE.jar:/home/user/.m2/repository/org/apache/hadoop/hadoop-ozone-client/0.5.0-SNAPSHOT/hadoop-ozone-client-0.5.0-SNAPSHOT.jar:/home/user/.m2/repository/commons-lang/commons-lang/2.6/commons-lang-2.6.jar:/home/user/.m2/repository/org/apache/hadoop/hadoop-ozone-ozone-manager/0.5.0-SNAPSHOT/hadoop-ozone-ozone-manager-0.5.0-SNAPSHOT-tests.jar:/home/user/.m2/repository/junit/junit/4.11/junit-4.11.jar:/home/user/.m2/repository/org/hamcrest/hamcrest-core/1.3/hamcrest-core-1.3.jar:/home/user/.m2/repository/org/openjdk/jmh/jmh-core/1.19/jmh-core-1.19.jar:/home/user/.m2/repository/net/sf/jopt-simple/jopt-simple/4.6/jopt-simple-4.6.jar:/home/user/.m2/repository/org/apache/commons/commons-math3/3.1.1/commons-math3-3.1.1.jar:/home/user/.m2/repository/org/openjdk/jmh/jmh-generator-annprocess/1.19/jmh-generator-annprocess-1.19.jar:/home/user/.m2/repository/org/mockito/mockito-all/1.8.5/mockito-all-1.8.5.jar:/home/user/.m2/repository/org/apache/hadoop/hadoop-kms/3.2.0/hadoop-kms-3.2.0.jar:/home/user/.m2/repository/org/apache/hadoop/hadoop-auth/3.2.0/hadoop-auth-3.2.0.jar:/home/user/.m2/repository/com/nimbusds/nimbus-jose-jwt/4.41.1/nimbus-jose-jwt-4.41.1.jar:/home/user/.m2/repository/com/github/stephenc/jcip/jcip-annotations/1.0-1/jcip-annotations-1.0-1.jar:/home/user/.m2/repository/net/minidev/json-smart/2.3/json-smart-2.3.jar:/home/user/.m2/repository/net/minidev/accessors-smart/1.2/accessors-smart-1.2.jar:/home/user/.m2/repository/org/ow2/asm/asm/5.0.4/asm-5.0.4.jar:/home/user/.m2/repository/org/apache/curator/curator-framework/2.12.0/curator-framework-2.12.0.jar:/home/user/.m2/repository/com/sun/jersey/jersey-core/1.19/jersey-core-1.19.jar:/home/user/.m2/repository/javax/ws/rs/jsr311-api/1.1.1/jsr311-api-1.1.1.jar:/home/user/.m2/repository/com/sun/jersey/jersey-server/1.19/jersey-server-1.19.jar:/home/user/.m2/repository/javax/servlet/javax.servlet-api/3.1.0/javax.servlet-api-3.1.0.jar:/home/user/.m2/repository/org/eclipse/jetty/jetty-server/9.3.24.v20180605/jetty-server-9.3.24.v20180605.jar:/home/user/.m2/repository/org/eclipse/jetty/jetty-http/9.3.24.v20180605/jetty-http-9.3.24.v20180605.jar:/home/user/.m2/repository/org/eclipse/jetty/jetty-io/9.3.24.v20180605/jetty-io-9.3.24.v20180605.jar:/home/user/.m2/repository/org/eclipse/jetty/jetty-webapp/9.3.24.v20180605/jetty-webapp-9.3.24.v20180605.jar:/home/user/.m2/repository/org/eclipse/jetty/jetty-xml/9.3.24.v20180605/jetty-xml-9.3.24.v20180605.jar:/home/user/.m2/repository/log4j/log4j/1.2.17/log4j-1.2.17.jar:/home/user/.m2/repository/org/slf4j/slf4j-api/1.7.25/slf4j-api-1.7.25.jar:/home/user/.m2/repository/org/slf4j/jul-to-slf4j/1.7.25/jul-to-slf4j-1.7.25.jar:/home/user/.m2/repository/org/eclipse/jetty/jetty-util/9.3.24.v20180605/jetty-util-9.3.24.v20180605.jar:/home/user/.m2/repository/com/fasterxml/jackson/core/jackson-databind/2.9.5/jackson-databind-2.9.5.jar:/home/user/.m2/repository/org/apache/hadoop/hadoop-kms/3.2.0/hadoop-kms-3.2.0-tests.jar:/home/user/.m2/repository/org/apache/hadoop/hadoop-hdds-server-scm/0.5.0-SNAPSHOT/hadoop-hdds-server-scm-0.5.0-SNAPSHOT-tests.jar:/home/user/.m2/repository/org/apache/hadoop/hadoop-hdds-container-service/0.5.0-SNAPSHOT/hadoop-hdds-container-service-0.5.0-SNAPSHOT-tests.jar:/home/user/.m2/repository/org/yaml/snakeyaml/1.16/snakeyaml-1.16.jar:/home/user/.m2/repository/org/apache/hadoop/hadoop-common/3.2.0/hadoop-common-3.2.0-tests.jar:/home/user/.m2/repository/org/apache/hadoop/hadoop-annotations/3.2.0/hadoop-annotations-3.2.0.jar:/usr/lib/jvm/java-1.8-openjdk/jre/../lib/tools.jar:/home/user/.m2/repository/commons-cli/commons-cli/1.2/commons-cli-1.2.jar:/home/user/.m2/repository/org/apache/httpcomponents/httpclient/4.5.2/httpclient-4.5.2.jar:/home/user/.m2/repository/org/apache/httpcomponents/httpcore/4.4.4/httpcore-4.4.4.jar:/home/user/.m2/repository/commons-codec/commons-codec/1.11/commons-codec-1.11.jar:/home/user/.m2/repository/commons-net/commons-net/3.6/commons-net-3.6.jar:/home/user/.m2/repository/commons-collections/commons-collections/3.2.2/commons-collections-3.2.2.jar:/home/user/.m2/repository/org/eclipse/jetty/jetty-servlet/9.3.24.v20180605/jetty-servlet-9.3.24.v20180605.jar:/home/user/.m2/repository/org/eclipse/jetty/jetty-security/9.3.24.v20180605/jetty-security-9.3.24.v20180605.jar:/home/user/.m2/repository/javax/servlet/jsp/jsp-api/2.1/jsp-api-2.1.jar:/home/user/.m2/repository/com/sun/jersey/jersey-servlet/1.19/jersey-servlet-1.19.jar:/home/user/.m2/repository/com/sun/jersey/jersey-json/1.19/jersey-json-1.19.jar:/home/user/.m2/repository/org/codehaus/jettison/jettison/1.1/jettison-1.1.jar:/home/user/.m2/repository/org/codehaus/jackson/jackson-core-asl/1.9.13/jackson-core-asl-1.9.13.jar:/home/user/.m2/repository/org/codehaus/jackson/jackson-mapper-asl/1.9.13/jackson-mapper-asl-1.9.13.jar:/home/user/.m2/repository/org/codehaus/jackson/jackson-jaxrs/1.9.13/jackson-jaxrs-1.9.13.jar:/home/user/.m2/repository/org/codehaus/jackson/jackson-xc/1.9.13/jackson-xc-1.9.13.jar:/home/user/.m2/repository/commons-logging/commons-logging/1.1.3/commons-logging-1.1.3.jar:/home/user/.m2/repository/commons-beanutils/commons-beanutils/1.9.3/commons-beanutils-1.9.3.jar:/home/user/.m2/repository/org/apache/commons/commons-configuration2/2.1.1/commons-configuration2-2.1.1.jar:/home/user/.m2/repository/org/apache/commons/commons-lang3/3.7/commons-lang3-3.7.jar:/home/user/.m2/repository/org/apache/commons/commons-text/1.4/commons-text-1.4.jar:/home/user/.m2/repository/org/apache/avro/avro/1.7.7/avro-1.7.7.jar:/home/user/.m2/repository/com/thoughtworks/paranamer/paranamer/2.3/paranamer-2.3.jar:/home/user/.m2/repository/org/xerial/snappy/snappy-java/1.0.5/snappy-java-1.0.5.jar:/home/user/.m2/repository/com/google/re2j/re2j/1.1/re2j-1.1.jar:/home/user/.m2/repository/com/google/code/gson/gson/2.2.4/gson-2.2.4.jar:/home/user/.m2/repository/com/jcraft/jsch/0.1.54/jsch-0.1.54.jar:/home/user/.m2/repository/org/apache/curator/curator-client/2.12.0/curator-client-2.12.0.jar:/home/user/.m2/repository/org/apache/curator/curator-recipes/2.12.0/curator-recipes-2.12.0.jar:/home/user/.m2/repository/com/google/code/findbugs/jsr305/3.0.0/jsr305-3.0.0.jar:/home/user/.m2/repository/org/apache/htrace/htrace-core4/4.1.0-incubating/htrace-core4-4.1.0-incubating.jar:/home/user/.m2/repository/org/apache/zookeeper/zookeeper/3.4.13/zookeeper-3.4.13.jar:/home/user/.m2/repository/org/apache/yetus/audience-annotations/0.5.0/audience-annotations-0.5.0.jar:/home/user/.m2/repository/org/codehaus/woodstox/stax2-api/3.1.4/stax2-api-3.1.4.jar:/home/user/.m2/repository/com/fasterxml/woodstox/woodstox-core/5.0.3/woodstox-core-5.0.3.jar:/home/user/.m2/repository/dnsjava/dnsjava/2.1.7/dnsjava-2.1.7.jar:/home/user/.m2/repository/org/apache/hadoop/hadoop-hdfs/3.2.0/hadoop-hdfs-3.2.0-tests.jar:/home/user/.m2/repository/org/eclipse/jetty/jetty-util-ajax/9.3.24.v20180605/jetty-util-ajax-9.3.24.v20180605.jar:/home/user/.m2/repository/commons-daemon/commons-daemon/1.0.13/commons-daemon-1.0.13.jar:/home/user/.m2/repository/io/netty/netty/3.10.5.Final/netty-3.10.5.Final.jar:/home/user/.m2/repository/io/netty/netty-all/4.0.52.Final/netty-all-4.0.52.Final.jar:/home/user/.m2/repository/org/fusesource/leveldbjni/leveldbjni-all/1.8/leveldbjni-all-1.8.jar:"/>
    <property name="sun.cpu.endian" value="little"/>
    <property name="user.home" value="/home/user"/>
    <property name="user.language" value="en"/>
    <property name="java.specification.vendor" value="Oracle Corporation"/>
    <property name="java.home" value="/usr/lib/jvm/java-1.8-openjdk/jre"/>
    <property name="java.security.krb5.conf" value="/workdir/hadoop-ozone/integration-test/target/test-classes/krb5.conf"/>
    <property name="basedir" value="/workdir/hadoop-ozone/integration-test"/>
    <property name="file.separator" value="/"/>
    <property name="line.separator" value="&#10;"/>
    <property name="java.vm.specification.vendor" value="Oracle Corporation"/>
    <property name="java.specification.name" value="Java Platform API Specification"/>
    <property name="java.awt.graphicsenv" value="sun.awt.X11GraphicsEnvironment"/>
    <property name="surefire.real.class.path" value="/workdir/hadoop-ozone/integration-test/target/surefire/surefirebooter8592023594882228667.jar"/>
    <property name="hadoop.log.dir" value="/workdir/hadoop-ozone/integration-test/target/log"/>
    <property name="sun.boot.class.path" value="/usr/lib/jvm/java-1.8-openjdk/jre/lib/resources.jar:/usr/lib/jvm/java-1.8-openjdk/jre/lib/rt.jar:/usr/lib/jvm/java-1.8-openjdk/jre/lib/sunrsasign.jar:/usr/lib/jvm/java-1.8-openjdk/jre/lib/jsse.jar:/usr/lib/jvm/java-1.8-openjdk/jre/lib/jce.jar:/usr/lib/jvm/java-1.8-openjdk/jre/lib/charsets.jar:/usr/lib/jvm/java-1.8-openjdk/jre/lib/jfr.jar:/usr/lib/jvm/java-1.8-openjdk/jre/classes"/>
    <property name="sun.management.compiler" value="HotSpot 64-Bit Tiered Compilers"/>
    <property name="java.runtime.version" value="1.8.0_212-b04"/>
    <property name="java.net.preferIPv4Stack" value="true"/>
    <property name="user.name" value="jenkins1000"/>
    <property name="path.separator" value=":"/>
    <property name="java.security.egd" value="file:///dev/urandom"/>
    <property name="os.version" value="3.10.0-957.12.2.el7.x86_64"/>
    <property name="java.endorsed.dirs" value="/usr/lib/jvm/java-1.8-openjdk/jre/lib/endorsed"/>
    <property name="java.runtime.name" value="OpenJDK Runtime Environment"/>
    <property name="file.encoding" value="UTF-8"/>
    <property name="java.vm.name" value="OpenJDK 64-Bit Server VM"/>
    <property name="test.build.webapps" value=""/>
    <property name="localRepository" value="/home/user/.m2/repository"/>
    <property name="java.vendor.url.bug" value="https://icedtea.classpath.org/bugzilla"/>
    <property name="java.io.tmpdir" value="/tmp"/>
    <property name="require.test.libhadoop" value=""/>
    <property name="java.version" value="1.8.0_212"/>
    <property name="user.dir" value="/workdir/hadoop-ozone/integration-test"/>
    <property name="os.arch" value="amd64"/>
    <property name="java.vm.specification.name" value="Java Virtual Machine Specification"/>
    <property name="test.build.classes" value="/workdir/hadoop-ozone/integration-test/target/test-classes"/>
    <property name="java.awt.printerjob" value="sun.print.PSPrinterJob"/>
    <property name="sun.os.patch.level" value="unknown"/>
    <property name="hadoop.tmp.dir" value="/workdir/hadoop-ozone/integration-test/target/tmp"/>
    <property name="java.library.path" value="/usr/lib/jvm/java-1.8-openjdk/jre/lib/amd64/server:/usr/lib/jvm/java-1.8-openjdk/jre/lib/amd64:/usr/lib/jvm/java-1.8-openjdk/jre/../lib/amd64:/workdir/hadoop-ozone/integration-test/target/native/target/usr/local/lib:/workdir/hadoop-ozone/integration-test/../../hadoop-common-project/hadoop-common/target/native/target/usr/local/lib:/usr/java/packages/lib/amd64:/usr/lib64:/lib64:/lib:/usr/lib"/>
    <property name="java.vm.info" value="mixed mode"/>
    <property name="java.vendor" value="IcedTea"/>
    <property name="java.vm.version" value="25.212-b04"/>
    <property name="java.ext.dirs" value="/usr/lib/jvm/java-1.8-openjdk/jre/lib/ext:/usr/java/packages/lib/ext"/>
    <property name="sun.io.unicode.encoding" value="UnicodeLittle"/>
    <property name="java.class.version" value="52.0"/>
  </properties>
  <testcase name="test2DatanodesFailure" classname="org.apache.hadoop.ozone.client.rpc.TestBlockOutputStreamWithFailures" time="52.534">
    <failure message="expected:&lt;5&gt; but was:&lt;6&gt;" type="java.lang.AssertionError"><![CDATA[java.lang.AssertionError: expected:<5> but was:<6>
	at org.junit.Assert.fail(Assert.java:88)
	at org.junit.Assert.failNotEquals(Assert.java:743)
	at org.junit.Assert.assertEquals(Assert.java:118)
	at org.junit.Assert.assertEquals(Assert.java:555)
	at org.junit.Assert.assertEquals(Assert.java:542)
	at org.apache.hadoop.ozone.client.rpc.TestBlockOutputStreamWithFailures.test2DatanodesFailure(TestBlockOutputStreamWithFailures.java:467)
	at sun.reflect.NativeMethodAccessorImpl.invoke0(Native Method)
	at sun.reflect.NativeMethodAccessorImpl.invoke(NativeMethodAccessorImpl.java:62)
	at sun.reflect.DelegatingMethodAccessorImpl.invoke(DelegatingMethodAccessorImpl.java:43)
	at java.lang.reflect.Method.invoke(Method.java:498)
	at org.junit.runners.model.FrameworkMethod$1.runReflectiveCall(FrameworkMethod.java:47)
	at org.junit.internal.runners.model.ReflectiveCallable.run(ReflectiveCallable.java:12)
	at org.junit.runners.model.FrameworkMethod.invokeExplosively(FrameworkMethod.java:44)
	at org.junit.internal.runners.statements.InvokeMethod.evaluate(InvokeMethod.java:17)
	at org.junit.internal.runners.statements.RunBefores.evaluate(RunBefores.java:26)
	at org.junit.internal.runners.statements.RunAfters.evaluate(RunAfters.java:27)
	at org.junit.runners.ParentRunner.runLeaf(ParentRunner.java:271)
	at org.junit.runners.BlockJUnit4ClassRunner.runChild(BlockJUnit4ClassRunner.java:70)
	at org.junit.runners.BlockJUnit4ClassRunner.runChild(BlockJUnit4ClassRunner.java:50)
	at org.junit.runners.ParentRunner$3.run(ParentRunner.java:238)
	at org.junit.runners.ParentRunner$1.schedule(ParentRunner.java:63)
	at org.junit.runners.ParentRunner.runChildren(ParentRunner.java:236)
	at org.junit.runners.ParentRunner.access$000(ParentRunner.java:53)
	at org.junit.runners.ParentRunner$2.evaluate(ParentRunner.java:229)
	at org.junit.runners.ParentRunner.run(ParentRunner.java:309)
	at org.apache.maven.surefire.junit4.JUnit4Provider.execute(JUnit4Provider.java:365)
	at org.apache.maven.surefire.junit4.JUnit4Provider.executeWithRerun(JUnit4Provider.java:273)
	at org.apache.maven.surefire.junit4.JUnit4Provider.executeTestSet(JUnit4Provider.java:238)
	at org.apache.maven.surefire.junit4.JUnit4Provider.invoke(JUnit4Provider.java:159)
	at org.apache.maven.surefire.booter.ForkedBooter.invokeProviderInSameClassLoader(ForkedBooter.java:384)
	at org.apache.maven.surefire.booter.ForkedBooter.runSuitesInProcess(ForkedBooter.java:345)
	at org.apache.maven.surefire.booter.ForkedBooter.execute(ForkedBooter.java:126)
	at org.apache.maven.surefire.booter.ForkedBooter.main(ForkedBooter.java:418)
]]></failure>
    <system-out><![CDATA[2019-08-22 09:18:19,679 [main] WARN  server.ServerUtils (ServerUtils.java:getScmDbDir(145)) - ozone.scm.db.dirs is not configured. We recommend adding this setting. Falling back to ozone.metadata.dirs instead.
2019-08-22 09:18:19,803 [main] WARN  server.ServerUtils (ServerUtils.java:getScmDbDir(145)) - ozone.scm.db.dirs is not configured. We recommend adding this setting. Falling back to ozone.metadata.dirs instead.
2019-08-22 09:18:19,806 [main] WARN  server.ServerUtils (ServerUtils.java:getScmDbDir(145)) - ozone.scm.db.dirs is not configured. We recommend adding this setting. Falling back to ozone.metadata.dirs instead.
2019-08-22 09:18:19,825 [main] INFO  util.log (Log.java:initialized(192)) - Logging initialized @905ms
2019-08-22 09:18:19,927 [main] INFO  db.DBStoreBuilder (DBStoreBuilder.java:addTable(110)) - using custom profile for table: deletedBlocks
2019-08-22 09:18:19,928 [main] INFO  db.DBStoreBuilder (DBStoreBuilder.java:processTables(161)) - Using default column profile:DBProfile.DISK for Table:deletedBlocks
2019-08-22 09:18:19,928 [main] INFO  db.DBStoreBuilder (DBStoreBuilder.java:addTable(110)) - using custom profile for table: validCerts
2019-08-22 09:18:19,928 [main] INFO  db.DBStoreBuilder (DBStoreBuilder.java:processTables(161)) - Using default column profile:DBProfile.DISK for Table:validCerts
2019-08-22 09:18:19,929 [main] INFO  db.DBStoreBuilder (DBStoreBuilder.java:addTable(110)) - using custom profile for table: revokedCerts
2019-08-22 09:18:19,929 [main] INFO  db.DBStoreBuilder (DBStoreBuilder.java:processTables(161)) - Using default column profile:DBProfile.DISK for Table:revokedCerts
2019-08-22 09:18:19,941 [main] INFO  db.DBStoreBuilder (DBStoreBuilder.java:addTable(110)) - using custom profile for table: default
2019-08-22 09:18:19,942 [main] INFO  db.DBStoreBuilder (DBStoreBuilder.java:processTables(167)) - Using default column profile:DBProfile.DISK for Table:default
2019-08-22 09:18:19,943 [main] INFO  db.DBStoreBuilder (DBStoreBuilder.java:getDbProfile(198)) - Using default options. DBProfile.DISK
2019-08-22 09:18:20,188 [main] INFO  net.NodeSchemaLoader (NodeSchemaLoader.java:loadSchemaFromFile(125)) - Loading file from sun.misc.CompoundEnumeration@5f058f00
2019-08-22 09:18:20,191 [main] INFO  net.NodeSchemaLoader (NodeSchemaLoader.java:loadSchema(171)) - Loading network topology layer schema file
2019-08-22 09:18:20,296 [main] INFO  node.SCMNodeManager (SCMNodeManager.java:<init>(121)) - Entering startup safe mode.
2019-08-22 09:18:20,376 [main] INFO  algorithms.ContainerPlacementPolicyFactory (ContainerPlacementPolicyFactory.java:getPolicy(55)) - Create container placement policy of type org.apache.hadoop.hdds.scm.container.placement.algorithms.SCMContainerPlacementRandom
2019-08-22 09:18:20,391 [main] WARN  server.ServerUtils (ServerUtils.java:getScmDbDir(145)) - ozone.scm.db.dirs is not configured. We recommend adding this setting. Falling back to ozone.metadata.dirs instead.
2019-08-22 09:18:20,504 [main] INFO  pipeline.SCMPipelineManager (SCMPipelineManager.java:initializePipelineState(126)) - No pipeline exists in current db
2019-08-22 09:18:20,508 [main] WARN  server.ServerUtils (ServerUtils.java:getScmDbDir(145)) - ozone.scm.db.dirs is not configured. We recommend adding this setting. Falling back to ozone.metadata.dirs instead.
2019-08-22 09:18:20,685 [main] WARN  events.EventQueue (EventQueue.java:fireEvent(175)) - No event handler registered for event TypedEvent{payloadType=SafeModeStatus, name='SafeModeStatus'}
2019-08-22 09:18:21,218 [main] INFO  ipc.CallQueueManager (CallQueueManager.java:<init>(84)) - Using callQueue: class java.util.concurrent.LinkedBlockingQueue, queueCapacity: 2000, scheduler: class org.apache.hadoop.ipc.DefaultRpcScheduler, ipcBackoff: false.
2019-08-22 09:18:21,606 [Socket Reader #1 for port 34427] INFO  ipc.Server (Server.java:run(1074)) - Starting Socket Reader #1 for port 34427
2019-08-22 09:18:21,640 [main] INFO  ipc.CallQueueManager (CallQueueManager.java:<init>(84)) - Using callQueue: class java.util.concurrent.LinkedBlockingQueue, queueCapacity: 2000, scheduler: class org.apache.hadoop.ipc.DefaultRpcScheduler, ipcBackoff: false.
2019-08-22 09:18:21,641 [Socket Reader #1 for port 33579] INFO  ipc.Server (Server.java:run(1074)) - Starting Socket Reader #1 for port 33579
2019-08-22 09:18:21,650 [main] INFO  ipc.CallQueueManager (CallQueueManager.java:<init>(84)) - Using callQueue: class java.util.concurrent.LinkedBlockingQueue, queueCapacity: 2000, scheduler: class org.apache.hadoop.ipc.DefaultRpcScheduler, ipcBackoff: false.
2019-08-22 09:18:21,651 [Socket Reader #1 for port 33033] INFO  ipc.Server (Server.java:run(1074)) - Starting Socket Reader #1 for port 33033
2019-08-22 09:18:21,675 [main] INFO  hdfs.DFSUtil (DFSUtil.java:httpServerTemplateForNNAndJN(1641)) - Starting Web-server for scm at: http://0.0.0.0:0
2019-08-22 09:18:21,817 [main] INFO  server.AuthenticationFilter (AuthenticationFilter.java:constructSecretProvider(240)) - Unable to initialize FileSignerSecretProvider, falling back to use random secrets.
2019-08-22 09:18:21,826 [main] WARN  http.HttpRequestLog (HttpRequestLog.java:getRequestLog(97)) - Jetty request log can only be enabled using Log4j
2019-08-22 09:18:21,834 [main] INFO  http.HttpServer2 (HttpServer2.java:addGlobalFilter(975)) - Added global filter 'safety' (class=org.apache.hadoop.http.HttpServer2$QuotingInputFilter)
2019-08-22 09:18:21,837 [main] INFO  http.HttpServer2 (HttpServer2.java:addFilter(948)) - Added filter static_user_filter (class=org.apache.hadoop.http.lib.StaticUserWebFilter$StaticUserFilter) to context scm
2019-08-22 09:18:21,837 [main] INFO  http.HttpServer2 (HttpServer2.java:addFilter(958)) - Added filter static_user_filter (class=org.apache.hadoop.http.lib.StaticUserWebFilter$StaticUserFilter) to context logs
2019-08-22 09:18:21,837 [main] INFO  http.HttpServer2 (HttpServer2.java:addFilter(958)) - Added filter static_user_filter (class=org.apache.hadoop.http.lib.StaticUserWebFilter$StaticUserFilter) to context static
2019-08-22 09:18:21,866 [main] INFO  server.StorageContainerManager (StorageContainerManager.java:start(759)) - StorageContainerLocationProtocol RPC server is listening at /0.0.0.0:33033
2019-08-22 09:18:21,932 [main] WARN  impl.MetricsConfig (MetricsConfig.java:loadFirst(134)) - Cannot locate configuration: tried hadoop-metrics2-storagecontainermanager.properties,hadoop-metrics2.properties
2019-08-22 09:18:21,945 [main] INFO  impl.MetricsSystemImpl (MetricsSystemImpl.java:startTimer(374)) - Scheduled Metric snapshot period at 10 second(s).
2019-08-22 09:18:21,945 [main] INFO  impl.MetricsSystemImpl (MetricsSystemImpl.java:start(191)) - StorageContainerManager metrics system started
2019-08-22 09:18:22,195 [main] INFO  server.SCMClientProtocolServer (SCMClientProtocolServer.java:start(151)) - RPC server for Client  is listening at /0.0.0.0:33033
2019-08-22 09:18:22,195 [IPC Server Responder] INFO  ipc.Server (Server.java:run(1314)) - IPC Server Responder: starting
2019-08-22 09:18:22,195 [IPC Server listener on 33033] INFO  ipc.Server (Server.java:run(1153)) - IPC Server listener on 33033: starting
2019-08-22 09:18:22,199 [main] INFO  server.StorageContainerManager (StorageContainerManager.java:start(769)) - ScmBlockLocationProtocol RPC server is listening at /0.0.0.0:33579
2019-08-22 09:18:22,199 [main] INFO  server.SCMBlockProtocolServer (SCMBlockProtocolServer.java:start(140)) - RPC server for Block Protocol is listening at /0.0.0.0:33579
2019-08-22 09:18:22,199 [IPC Server Responder] INFO  ipc.Server (Server.java:run(1314)) - IPC Server Responder: starting
2019-08-22 09:18:22,199 [IPC Server listener on 33579] INFO  ipc.Server (Server.java:run(1153)) - IPC Server listener on 33579: starting
2019-08-22 09:18:22,202 [main] INFO  server.StorageContainerManager (StorageContainerManager.java:start(773)) - ScmDatanodeProtocl RPC server is listening at /0.0.0.0:34427
2019-08-22 09:18:22,202 [main] INFO  server.SCMDatanodeProtocolServer (SCMDatanodeProtocolServer.java:start(191)) - RPC server for DataNodes is listening at /0.0.0.0:34427
2019-08-22 09:18:22,202 [IPC Server Responder] INFO  ipc.Server (Server.java:run(1314)) - IPC Server Responder: starting
2019-08-22 09:18:22,202 [IPC Server listener on 34427] INFO  ipc.Server (Server.java:run(1153)) - IPC Server listener on 34427: starting
2019-08-22 09:18:22,206 [main] INFO  http.HttpServer2 (HttpServer2.java:bindListener(1191)) - Jetty bound to port 45601
2019-08-22 09:18:22,208 [main] INFO  server.Server (Server.java:doStart(351)) - jetty-9.3.24.v20180605, build timestamp: 2018-06-05T17:11:56Z, git hash: 84205aa28f11a4f31f2a3b86d1bba2cc8ab69827
2019-08-22 09:18:22,246 [main] INFO  handler.ContextHandler (ContextHandler.java:doStart(781)) - Started o.e.j.s.ServletContextHandler@5286c33a{/logs,file:///workdir/hadoop-ozone/integration-test/target/log,AVAILABLE}
2019-08-22 09:18:22,247 [main] INFO  handler.ContextHandler (ContextHandler.java:doStart(781)) - Started o.e.j.s.ServletContextHandler@5c530d1e{/static,file:///workdir/hadoop-ozone/integration-test/target/test-classes/webapps/static,AVAILABLE}
2019-08-22 09:18:22,282 [main] INFO  handler.ContextHandler (ContextHandler.java:doStart(781)) - Started o.e.j.w.WebAppContext@48f5bde6{/,file:///workdir/hadoop-ozone/integration-test/target/test-classes/webapps/scm/,AVAILABLE}{/scm}
2019-08-22 09:18:22,287 [main] INFO  server.AbstractConnector (AbstractConnector.java:doStart(278)) - Started ServerConnector@6d511b5f{HTTP/1.1,[http/1.1]}{0.0.0.0:45601}
2019-08-22 09:18:22,288 [main] INFO  server.Server (Server.java:doStart(419)) - Started @3368ms
2019-08-22 09:18:22,290 [main] INFO  server.BaseHttpServer (BaseHttpServer.java:updateConnectorAddress(213)) - HTTP server of SCM is listening at http://0.0.0.0:45601
2019-08-22 09:18:22,295 [org.apache.hadoop.util.JvmPauseMonitor$Monitor@3b1bb3ab] INFO  util.JvmPauseMonitor (JvmPauseMonitor.java:run(188)) - Starting JVM pause monitor
2019-08-22 09:18:22,297 [main] WARN  server.ServerUtils (ServerUtils.java:getDBPath(222)) - ozone.om.db.dirs is not configured. We recommend adding this setting. Falling back to ozone.metadata.dirs instead.
2019-08-22 09:18:22,415 [main] WARN  server.ServerUtils (ServerUtils.java:getDBPath(222)) - ozone.om.db.dirs is not configured. We recommend adding this setting. Falling back to ozone.metadata.dirs instead.
2019-08-22 09:18:22,416 [main] WARN  server.ServerUtils (ServerUtils.java:getDBPath(222)) - ozone.om.db.dirs is not configured. We recommend adding this setting. Falling back to ozone.metadata.dirs instead.
2019-08-22 09:18:22,417 [main] INFO  om.OzoneManager (OzoneManager.java:setOMNodeDetails(648)) - OM Service ID is not set. Setting it to the default ID: omServiceIdDefault
2019-08-22 09:18:22,417 [main] INFO  om.OzoneManager (OzoneManager.java:setOMNodeDetails(654)) - OM Node ID is not set. Setting it to the OmStorage's OmID: 19639913-64eb-417a-8652-d3f6c533baf3
2019-08-22 09:18:22,418 [main] INFO  om.OzoneManager (OzoneManager.java:loadOMHAConfigs(605)) - Found matching OM address with OMServiceId: null, OMNodeId: null, RPC Address: localhost:0 and Ratis port: 9872
2019-08-22 09:18:22,701 | INFO  | SCMAudit | user=jenkins1000 | ip=192.168.36.85 | op=GET_SCM_INFO null | ret=SUCCESS |  
2019-08-22 09:18:23,185 [main] WARN  server.ServerUtils (ServerUtils.java:getDBPath(222)) - ozone.om.db.dirs is not configured. We recommend adding this setting. Falling back to ozone.metadata.dirs instead.
2019-08-22 09:18:23,192 [main] INFO  db.DBStoreBuilder (DBStoreBuilder.java:addTable(110)) - using custom profile for table: userTable
2019-08-22 09:18:23,193 [main] INFO  db.DBStoreBuilder (DBStoreBuilder.java:processTables(161)) - Using default column profile:DBProfile.DISK for Table:userTable
2019-08-22 09:18:23,193 [main] INFO  db.DBStoreBuilder (DBStoreBuilder.java:addTable(110)) - using custom profile for table: volumeTable
2019-08-22 09:18:23,193 [main] INFO  db.DBStoreBuilder (DBStoreBuilder.java:processTables(161)) - Using default column profile:DBProfile.DISK for Table:volumeTable
2019-08-22 09:18:23,194 [main] INFO  db.DBStoreBuilder (DBStoreBuilder.java:addTable(110)) - using custom profile for table: bucketTable
2019-08-22 09:18:23,194 [main] INFO  db.DBStoreBuilder (DBStoreBuilder.java:processTables(161)) - Using default column profile:DBProfile.DISK for Table:bucketTable
2019-08-22 09:18:23,194 [main] INFO  db.DBStoreBuilder (DBStoreBuilder.java:addTable(110)) - using custom profile for table: keyTable
2019-08-22 09:18:23,194 [main] INFO  db.DBStoreBuilder (DBStoreBuilder.java:processTables(161)) - Using default column profile:DBProfile.DISK for Table:keyTable
2019-08-22 09:18:23,195 [main] INFO  db.DBStoreBuilder (DBStoreBuilder.java:addTable(110)) - using custom profile for table: deletedTable
2019-08-22 09:18:23,195 [main] INFO  db.DBStoreBuilder (DBStoreBuilder.java:processTables(161)) - Using default column profile:DBProfile.DISK for Table:deletedTable
2019-08-22 09:18:23,195 [main] INFO  db.DBStoreBuilder (DBStoreBuilder.java:addTable(110)) - using custom profile for table: openKeyTable
2019-08-22 09:18:23,195 [main] INFO  db.DBStoreBuilder (DBStoreBuilder.java:processTables(161)) - Using default column profile:DBProfile.DISK for Table:openKeyTable
2019-08-22 09:18:23,196 [main] INFO  db.DBStoreBuilder (DBStoreBuilder.java:addTable(110)) - using custom profile for table: s3Table
2019-08-22 09:18:23,196 [main] INFO  db.DBStoreBuilder (DBStoreBuilder.java:processTables(161)) - Using default column profile:DBProfile.DISK for Table:s3Table
2019-08-22 09:18:23,196 [main] INFO  db.DBStoreBuilder (DBStoreBuilder.java:addTable(110)) - using custom profile for table: multipartInfoTable
2019-08-22 09:18:23,196 [main] INFO  db.DBStoreBuilder (DBStoreBuilder.java:processTables(161)) - Using default column profile:DBProfile.DISK for Table:multipartInfoTable
2019-08-22 09:18:23,197 [main] INFO  db.DBStoreBuilder (DBStoreBuilder.java:addTable(110)) - using custom profile for table: dTokenTable
2019-08-22 09:18:23,197 [main] INFO  db.DBStoreBuilder (DBStoreBuilder.java:processTables(161)) - Using default column profile:DBProfile.DISK for Table:dTokenTable
2019-08-22 09:18:23,197 [main] INFO  db.DBStoreBuilder (DBStoreBuilder.java:addTable(110)) - using custom profile for table: s3SecretTable
2019-08-22 09:18:23,197 [main] INFO  db.DBStoreBuilder (DBStoreBuilder.java:processTables(161)) - Using default column profile:DBProfile.DISK for Table:s3SecretTable
2019-08-22 09:18:23,198 [main] INFO  db.DBStoreBuilder (DBStoreBuilder.java:addTable(110)) - using custom profile for table: prefixTable
2019-08-22 09:18:23,198 [main] INFO  db.DBStoreBuilder (DBStoreBuilder.java:processTables(161)) - Using default column profile:DBProfile.DISK for Table:prefixTable
2019-08-22 09:18:23,198 [main] INFO  db.DBStoreBuilder (DBStoreBuilder.java:addTable(110)) - using custom profile for table: default
2019-08-22 09:18:23,199 [main] INFO  db.DBStoreBuilder (DBStoreBuilder.java:processTables(167)) - Using default column profile:DBProfile.DISK for Table:default
2019-08-22 09:18:23,199 [main] INFO  db.DBStoreBuilder (DBStoreBuilder.java:getDbProfile(198)) - Using default options. DBProfile.DISK
2019-08-22 09:18:23,859 [main] INFO  ipc.CallQueueManager (CallQueueManager.java:<init>(84)) - Using callQueue: class java.util.concurrent.LinkedBlockingQueue, queueCapacity: 2000, scheduler: class org.apache.hadoop.ipc.DefaultRpcScheduler, ipcBackoff: false.
2019-08-22 09:18:23,860 [Socket Reader #1 for port 36369] INFO  ipc.Server (Server.java:run(1074)) - Starting Socket Reader #1 for port 36369
2019-08-22 09:18:23,883 [main] INFO  om.OzoneManager (OzoneManager.java:start(1259)) - OzoneManager RPC server is listening at localhost/127.0.0.1:36369
2019-08-22 09:18:23,883 [main] INFO  impl.MetricsSystemImpl (MetricsSystemImpl.java:init(158)) - OzoneManager metrics system started (again)
2019-08-22 09:18:23,885 [IPC Server Responder] INFO  ipc.Server (Server.java:run(1314)) - IPC Server Responder: starting
2019-08-22 09:18:23,886 [IPC Server listener on 36369] INFO  ipc.Server (Server.java:run(1153)) - IPC Server listener on 36369: starting
2019-08-22 09:18:23,891 [main] INFO  hdfs.DFSUtil (DFSUtil.java:httpServerTemplateForNNAndJN(1641)) - Starting Web-server for ozoneManager at: http://0.0.0.0:0
2019-08-22 09:18:23,893 [main] INFO  server.AuthenticationFilter (AuthenticationFilter.java:constructSecretProvider(240)) - Unable to initialize FileSignerSecretProvider, falling back to use random secrets.
2019-08-22 09:18:23,894 [main] WARN  http.HttpRequestLog (HttpRequestLog.java:getRequestLog(97)) - Jetty request log can only be enabled using Log4j
2019-08-22 09:18:23,906 [main] INFO  http.HttpServer2 (HttpServer2.java:addGlobalFilter(975)) - Added global filter 'safety' (class=org.apache.hadoop.http.HttpServer2$QuotingInputFilter)
2019-08-22 09:18:23,908 [main] INFO  http.HttpServer2 (HttpServer2.java:addFilter(948)) - Added filter static_user_filter (class=org.apache.hadoop.http.lib.StaticUserWebFilter$StaticUserFilter) to context ozoneManager
2019-08-22 09:18:23,909 [main] INFO  http.HttpServer2 (HttpServer2.java:addFilter(958)) - Added filter static_user_filter (class=org.apache.hadoop.http.lib.StaticUserWebFilter$StaticUserFilter) to context logs
2019-08-22 09:18:23,909 [main] INFO  http.HttpServer2 (HttpServer2.java:addFilter(958)) - Added filter static_user_filter (class=org.apache.hadoop.http.lib.StaticUserWebFilter$StaticUserFilter) to context static
2019-08-22 09:18:24,167 [main] INFO  http.HttpServer2 (HttpServer2.java:bindListener(1191)) - Jetty bound to port 37522
2019-08-22 09:18:24,167 [main] INFO  server.Server (Server.java:doStart(351)) - jetty-9.3.24.v20180605, build timestamp: 2018-06-05T17:11:56Z, git hash: 84205aa28f11a4f31f2a3b86d1bba2cc8ab69827
2019-08-22 09:18:24,171 [main] INFO  handler.ContextHandler (ContextHandler.java:doStart(781)) - Started o.e.j.s.ServletContextHandler@15fa55a6{/logs,file:///workdir/hadoop-ozone/integration-test/target/log,AVAILABLE}
2019-08-22 09:18:24,172 [main] INFO  handler.ContextHandler (ContextHandler.java:doStart(781)) - Started o.e.j.s.ServletContextHandler@7fab4be7{/static,file:///workdir/hadoop-ozone/integration-test/target/test-classes/webapps/static,AVAILABLE}
2019-08-22 09:18:24,182 [main] INFO  handler.ContextHandler (ContextHandler.java:doStart(781)) - Started o.e.j.w.WebAppContext@432034a{/,file:///workdir/hadoop-ozone/integration-test/target/test-classes/webapps/ozoneManager/,AVAILABLE}{/ozoneManager}
2019-08-22 09:18:24,183 [main] INFO  server.AbstractConnector (AbstractConnector.java:doStart(278)) - Started ServerConnector@78de58ea{HTTP/1.1,[http/1.1]}{0.0.0.0:37522}
2019-08-22 09:18:24,184 [main] INFO  server.Server (Server.java:doStart(419)) - Started @5264ms
2019-08-22 09:18:24,185 [main] INFO  server.BaseHttpServer (BaseHttpServer.java:updateConnectorAddress(213)) - HTTP server of OZONEMANAGER is listening at http://0.0.0.0:37522
2019-08-22 09:18:24,407 [main] INFO  impl.MetricsSystemImpl (MetricsSystemImpl.java:init(158)) - HddsDatanode metrics system started (again)
2019-08-22 09:18:24,505 [main] INFO  ozone.HddsDatanodeService (HddsDatanodeService.java:start(184)) - HddsDatanodeService host:pr-hdds-1898-9jx57-4170240974 ip:192.168.36.85
2019-08-22 09:18:24,542 [main] INFO  volume.HddsVolume (HddsVolume.java:<init>(176)) - Creating Volume: /workdir/hadoop-ozone/integration-test/target/test-dir/MiniOzoneClusterImpl-cf4d0e4d-ce27-4b81-b116-ed410f7e9b07/datanode-0/data/containers/hdds of  storage type : DISK and capacity : 1482555576320
2019-08-22 09:18:24,545 [main] INFO  volume.VolumeSet (VolumeSet.java:initializeVolumeSet(170)) - Added Volume : /workdir/hadoop-ozone/integration-test/target/test-dir/MiniOzoneClusterImpl-cf4d0e4d-ce27-4b81-b116-ed410f7e9b07/datanode-0/data/containers/hdds to VolumeSet
2019-08-22 09:18:24,549 [main] INFO  volume.ThrottledAsyncChecker (ThrottledAsyncChecker.java:schedule(140)) - Scheduling a check for org.apache.hadoop.ozone.container.common.volume.HddsVolume@3f49e266
2019-08-22 09:18:24,571 [main] INFO  volume.HddsVolumeChecker (HddsVolumeChecker.java:checkAllVolumes(203)) - Scheduled health check for volume org.apache.hadoop.ozone.container.common.volume.HddsVolume@3f49e266
2019-08-22 09:18:24,682 [main] INFO  impl.RaftServerProxy (ConfUtils.java:logGet(43)) - raft.rpc.type = GRPC (default)
2019-08-22 09:18:24,767 [main] INFO  grpc.GrpcFactory (GrpcFactory.java:checkPooledByteBufAllocatorUseCacheForAllThreads(45)) - PERFORMANCE WARNING: useCacheForAllThreads is true that may cause Netty to create a lot garbage objects and, as a result, trigger GC.
	It is recommended to disable useCacheForAllThreads by setting -Dorg.apache.ratis.thirdparty.io.netty.allocator.useCacheForAllThreads=false in command line.
2019-08-22 09:18:24,774 [main] INFO  grpc.GrpcConfigKeys$Server (ConfUtils.java:logGet(43)) - raft.grpc.server.port = 0 (default)
2019-08-22 09:18:24,775 [main] INFO  server.GrpcService (ConfUtils.java:logGet(43)) - raft.grpc.message.size.max = 33570816 (custom)
2019-08-22 09:18:24,778 [main] INFO  server.RaftServerConfigKeys (ConfUtils.java:logGet(43)) - raft.server.log.appender.buffer.byte-limit = 33554432 (custom)
2019-08-22 09:18:24,779 [main] INFO  server.GrpcService (ConfUtils.java:logGet(43)) - raft.grpc.flow.control.window = 1MB (=1048576) (default)
2019-08-22 09:18:24,780 [main] INFO  server.RaftServerConfigKeys (ConfUtils.java:logGet(43)) - raft.server.rpc.request.timeout = 3000ms (default)
2019-08-22 09:18:24,991 [main] INFO  server.RaftServerConfigKeys (ConfUtils.java:logGet(43)) - raft.server.storage.dir = [/workdir/hadoop-ozone/integration-test/target/test-dir/MiniOzoneClusterImpl-cf4d0e4d-ce27-4b81-b116-ed410f7e9b07/datanode-0/data/ratis] (custom)
2019-08-22 09:18:25,029 [main] INFO  replication.SimpleContainerDownloader (SimpleContainerDownloader.java:<init>(72)) - Starting container downloader service to copy containers to replicate.
2019-08-22 09:18:25,042 [main] INFO  hdfs.DFSUtil (DFSUtil.java:httpServerTemplateForNNAndJN(1641)) - Starting Web-server for hddsDatanode at: http://0.0.0.0:0
2019-08-22 09:18:25,046 [main] INFO  server.AuthenticationFilter (AuthenticationFilter.java:constructSecretProvider(240)) - Unable to initialize FileSignerSecretProvider, falling back to use random secrets.
2019-08-22 09:18:25,047 [main] WARN  http.HttpRequestLog (HttpRequestLog.java:getRequestLog(97)) - Jetty request log can only be enabled using Log4j
2019-08-22 09:18:25,051 [main] INFO  http.HttpServer2 (HttpServer2.java:addGlobalFilter(975)) - Added global filter 'safety' (class=org.apache.hadoop.http.HttpServer2$QuotingInputFilter)
2019-08-22 09:18:25,052 [main] INFO  http.HttpServer2 (HttpServer2.java:addFilter(948)) - Added filter static_user_filter (class=org.apache.hadoop.http.lib.StaticUserWebFilter$StaticUserFilter) to context hddsDatanode
2019-08-22 09:18:25,053 [main] INFO  http.HttpServer2 (HttpServer2.java:addFilter(958)) - Added filter static_user_filter (class=org.apache.hadoop.http.lib.StaticUserWebFilter$StaticUserFilter) to context static
2019-08-22 09:18:25,053 [main] INFO  http.HttpServer2 (HttpServer2.java:addFilter(958)) - Added filter static_user_filter (class=org.apache.hadoop.http.lib.StaticUserWebFilter$StaticUserFilter) to context logs
2019-08-22 09:18:25,054 [main] INFO  http.HttpServer2 (HttpServer2.java:bindListener(1191)) - Jetty bound to port 38335
2019-08-22 09:18:25,055 [main] INFO  server.Server (Server.java:doStart(351)) - jetty-9.3.24.v20180605, build timestamp: 2018-06-05T17:11:56Z, git hash: 84205aa28f11a4f31f2a3b86d1bba2cc8ab69827
2019-08-22 09:18:25,058 [main] INFO  handler.ContextHandler (ContextHandler.java:doStart(781)) - Started o.e.j.s.ServletContextHandler@6a1d3225{/logs,file:///workdir/hadoop-ozone/integration-test/target/log,AVAILABLE}
2019-08-22 09:18:25,059 [main] INFO  handler.ContextHandler (ContextHandler.java:doStart(781)) - Started o.e.j.s.ServletContextHandler@50fb33a{/static,jar:file:/home/user/.m2/repository/org/apache/hadoop/hadoop-hdds-container-service/0.5.0-SNAPSHOT/hadoop-hdds-container-service-0.5.0-SNAPSHOT.jar!/webapps/static,AVAILABLE}
2019-08-22 09:18:25,102 [main] INFO  handler.ContextHandler (ContextHandler.java:doStart(781)) - Started o.e.j.w.WebAppContext@4c58255{/,file:///tmp/jetty-0.0.0.0-38335-hddsDatanode-_-any-340819593106227460.dir/webapp/,AVAILABLE}{/hddsDatanode}
2019-08-22 09:18:25,103 [main] INFO  server.AbstractConnector (AbstractConnector.java:doStart(278)) - Started ServerConnector@eac3a26{HTTP/1.1,[http/1.1]}{0.0.0.0:38335}
2019-08-22 09:18:25,104 [main] INFO  server.Server (Server.java:doStart(419)) - Started @6185ms
2019-08-22 09:18:25,105 [main] INFO  server.BaseHttpServer (BaseHttpServer.java:updateConnectorAddress(213)) - HTTP server of HDDSDATANODE is listening at http://0.0.0.0:38335
2019-08-22 09:18:26,345 | INFO  | ObjectStoreRestHttpServer | Listening HDDS REST traffic on /0.0.0.0:34601 |  
2019-08-22 09:18:26,346 [main] INFO  ozone.HddsDatanodeService (HddsDatanodeService.java:startPlugins(395)) - Started plug-in org.apache.hadoop.ozone.web.OzoneHddsDatanodeService@377949f1
2019-08-22 09:18:26,348 [main] INFO  impl.MetricsSystemImpl (MetricsSystemImpl.java:init(158)) - HddsDatanode metrics system started (again)
2019-08-22 09:18:26,351 [main] INFO  ozone.HddsDatanodeService (HddsDatanodeService.java:start(184)) - HddsDatanodeService host:pr-hdds-1898-9jx57-4170240974 ip:192.168.36.85
2019-08-22 09:18:26,354 [org.apache.hadoop.util.JvmPauseMonitor$Monitor@5971cf9] INFO  util.JvmPauseMonitor (JvmPauseMonitor.java:run(188)) - Starting JVM pause monitor
2019-08-22 09:18:26,360 [main] INFO  volume.HddsVolume (HddsVolume.java:<init>(176)) - Creating Volume: /workdir/hadoop-ozone/integration-test/target/test-dir/MiniOzoneClusterImpl-cf4d0e4d-ce27-4b81-b116-ed410f7e9b07/datanode-1/data/containers/hdds of  storage type : DISK and capacity : 1482555576320
2019-08-22 09:18:26,361 [main] INFO  volume.VolumeSet (VolumeSet.java:initializeVolumeSet(170)) - Added Volume : /workdir/hadoop-ozone/integration-test/target/test-dir/MiniOzoneClusterImpl-cf4d0e4d-ce27-4b81-b116-ed410f7e9b07/datanode-1/data/containers/hdds to VolumeSet
2019-08-22 09:18:26,361 [main] INFO  volume.ThrottledAsyncChecker (ThrottledAsyncChecker.java:schedule(140)) - Scheduling a check for org.apache.hadoop.ozone.container.common.volume.HddsVolume@6e8fdd19
2019-08-22 09:18:26,363 [main] INFO  volume.HddsVolumeChecker (HddsVolumeChecker.java:checkAllVolumes(203)) - Scheduled health check for volume org.apache.hadoop.ozone.container.common.volume.HddsVolume@6e8fdd19
2019-08-22 09:18:26,380 [main] INFO  impl.RaftServerProxy (ConfUtils.java:logGet(43)) - raft.rpc.type = GRPC (default)
2019-08-22 09:18:26,380 [main] INFO  grpc.GrpcFactory (GrpcFactory.java:checkPooledByteBufAllocatorUseCacheForAllThreads(45)) - PERFORMANCE WARNING: useCacheForAllThreads is true that may cause Netty to create a lot garbage objects and, as a result, trigger GC.
	It is recommended to disable useCacheForAllThreads by setting -Dorg.apache.ratis.thirdparty.io.netty.allocator.useCacheForAllThreads=false in command line.
2019-08-22 09:18:26,380 [main] INFO  grpc.GrpcConfigKeys$Server (ConfUtils.java:logGet(43)) - raft.grpc.server.port = 0 (default)
2019-08-22 09:18:26,381 [main] INFO  server.GrpcService (ConfUtils.java:logGet(43)) - raft.grpc.message.size.max = 33570816 (custom)
2019-08-22 09:18:26,381 [main] INFO  server.RaftServerConfigKeys (ConfUtils.java:logGet(43)) - raft.server.log.appender.buffer.byte-limit = 33554432 (custom)
2019-08-22 09:18:26,381 [main] INFO  server.GrpcService (ConfUtils.java:logGet(43)) - raft.grpc.flow.control.window = 1MB (=1048576) (default)
2019-08-22 09:18:26,381 [main] INFO  server.RaftServerConfigKeys (ConfUtils.java:logGet(43)) - raft.server.rpc.request.timeout = 3000ms (default)
2019-08-22 09:18:26,382 [main] INFO  server.RaftServerConfigKeys (ConfUtils.java:logGet(43)) - raft.server.storage.dir = [/workdir/hadoop-ozone/integration-test/target/test-dir/MiniOzoneClusterImpl-cf4d0e4d-ce27-4b81-b116-ed410f7e9b07/datanode-1/data/ratis] (custom)
2019-08-22 09:18:26,382 [main] INFO  replication.SimpleContainerDownloader (SimpleContainerDownloader.java:<init>(72)) - Starting container downloader service to copy containers to replicate.
2019-08-22 09:18:26,384 [main] INFO  hdfs.DFSUtil (DFSUtil.java:httpServerTemplateForNNAndJN(1641)) - Starting Web-server for hddsDatanode at: http://0.0.0.0:0
2019-08-22 09:18:26,385 [main] INFO  server.AuthenticationFilter (AuthenticationFilter.java:constructSecretProvider(240)) - Unable to initialize FileSignerSecretProvider, falling back to use random secrets.
2019-08-22 09:18:26,386 [main] WARN  http.HttpRequestLog (HttpRequestLog.java:getRequestLog(97)) - Jetty request log can only be enabled using Log4j
2019-08-22 09:18:26,388 [main] INFO  http.HttpServer2 (HttpServer2.java:addGlobalFilter(975)) - Added global filter 'safety' (class=org.apache.hadoop.http.HttpServer2$QuotingInputFilter)
2019-08-22 09:18:26,389 [main] INFO  http.HttpServer2 (HttpServer2.java:addFilter(948)) - Added filter static_user_filter (class=org.apache.hadoop.http.lib.StaticUserWebFilter$StaticUserFilter) to context hddsDatanode
2019-08-22 09:18:26,389 [main] INFO  http.HttpServer2 (HttpServer2.java:addFilter(958)) - Added filter static_user_filter (class=org.apache.hadoop.http.lib.StaticUserWebFilter$StaticUserFilter) to context logs
2019-08-22 09:18:26,390 [main] INFO  http.HttpServer2 (HttpServer2.java:addFilter(958)) - Added filter static_user_filter (class=org.apache.hadoop.http.lib.StaticUserWebFilter$StaticUserFilter) to context static
2019-08-22 09:18:26,390 [main] INFO  http.HttpServer2 (HttpServer2.java:bindListener(1191)) - Jetty bound to port 41584
2019-08-22 09:18:26,391 [main] INFO  server.Server (Server.java:doStart(351)) - jetty-9.3.24.v20180605, build timestamp: 2018-06-05T17:11:56Z, git hash: 84205aa28f11a4f31f2a3b86d1bba2cc8ab69827
2019-08-22 09:18:26,394 [main] INFO  handler.ContextHandler (ContextHandler.java:doStart(781)) - Started o.e.j.s.ServletContextHandler@565aa4ac{/logs,file:///workdir/hadoop-ozone/integration-test/target/log,AVAILABLE}
2019-08-22 09:18:26,395 [main] INFO  handler.ContextHandler (ContextHandler.java:doStart(781)) - Started o.e.j.s.ServletContextHandler@528c8c1{/static,jar:file:/home/user/.m2/repository/org/apache/hadoop/hadoop-hdds-container-service/0.5.0-SNAPSHOT/hadoop-hdds-container-service-0.5.0-SNAPSHOT.jar!/webapps/static,AVAILABLE}
2019-08-22 09:18:26,425 [main] INFO  handler.ContextHandler (ContextHandler.java:doStart(781)) - Started o.e.j.w.WebAppContext@43d65a81{/,file:///tmp/jetty-0.0.0.0-41584-hddsDatanode-_-any-8760297933605687067.dir/webapp/,AVAILABLE}{/hddsDatanode}
2019-08-22 09:18:26,426 [main] INFO  server.AbstractConnector (AbstractConnector.java:doStart(278)) - Started ServerConnector@9cfc77{HTTP/1.1,[http/1.1]}{0.0.0.0:41584}
2019-08-22 09:18:26,427 [main] INFO  server.Server (Server.java:doStart(419)) - Started @7507ms
2019-08-22 09:18:26,428 [main] INFO  server.BaseHttpServer (BaseHttpServer.java:updateConnectorAddress(213)) - HTTP server of HDDSDATANODE is listening at http://0.0.0.0:41584
2019-08-22 09:18:26,479 [Datanode State Machine Thread - 0] INFO  datanode.InitDatanodeState (InitDatanodeState.java:persistContainerDatanodeDetails(140)) - DatanodeDetails is persisted to /workdir/hadoop-ozone/integration-test/target/test-dir/MiniOzoneClusterImpl-cf4d0e4d-ce27-4b81-b116-ed410f7e9b07/datanode-0/meta/datanode.id
2019-08-22 09:18:26,581 | INFO  | ObjectStoreRestHttpServer | Listening HDDS REST traffic on /0.0.0.0:38826 |  
2019-08-22 09:18:26,581 [main] INFO  ozone.HddsDatanodeService (HddsDatanodeService.java:startPlugins(395)) - Started plug-in org.apache.hadoop.ozone.web.OzoneHddsDatanodeService@361cd35c
2019-08-22 09:18:26,582 [main] INFO  impl.MetricsSystemImpl (MetricsSystemImpl.java:init(158)) - HddsDatanode metrics system started (again)
2019-08-22 09:18:26,585 [org.apache.hadoop.util.JvmPauseMonitor$Monitor@1bc01dba] INFO  util.JvmPauseMonitor (JvmPauseMonitor.java:run(188)) - Starting JVM pause monitor
2019-08-22 09:18:26,585 [main] INFO  ozone.HddsDatanodeService (HddsDatanodeService.java:start(184)) - HddsDatanodeService host:pr-hdds-1898-9jx57-4170240974 ip:192.168.36.85
2019-08-22 09:18:26,588 [Datanode State Machine Thread - 0] INFO  datanode.InitDatanodeState (InitDatanodeState.java:persistContainerDatanodeDetails(140)) - DatanodeDetails is persisted to /workdir/hadoop-ozone/integration-test/target/test-dir/MiniOzoneClusterImpl-cf4d0e4d-ce27-4b81-b116-ed410f7e9b07/datanode-1/meta/datanode.id
2019-08-22 09:18:26,594 [main] INFO  volume.HddsVolume (HddsVolume.java:<init>(176)) - Creating Volume: /workdir/hadoop-ozone/integration-test/target/test-dir/MiniOzoneClusterImpl-cf4d0e4d-ce27-4b81-b116-ed410f7e9b07/datanode-2/data/containers/hdds of  storage type : DISK and capacity : 1482555576320
2019-08-22 09:18:26,594 [main] INFO  volume.VolumeSet (VolumeSet.java:initializeVolumeSet(170)) - Added Volume : /workdir/hadoop-ozone/integration-test/target/test-dir/MiniOzoneClusterImpl-cf4d0e4d-ce27-4b81-b116-ed410f7e9b07/datanode-2/data/containers/hdds to VolumeSet
2019-08-22 09:18:26,594 [main] INFO  volume.ThrottledAsyncChecker (ThrottledAsyncChecker.java:schedule(140)) - Scheduling a check for org.apache.hadoop.ozone.container.common.volume.HddsVolume@46a123e4
2019-08-22 09:18:26,595 [main] INFO  volume.HddsVolumeChecker (HddsVolumeChecker.java:checkAllVolumes(203)) - Scheduled health check for volume org.apache.hadoop.ozone.container.common.volume.HddsVolume@46a123e4
2019-08-22 09:18:26,618 [main] INFO  impl.RaftServerProxy (ConfUtils.java:logGet(43)) - raft.rpc.type = GRPC (default)
2019-08-22 09:18:26,619 [main] INFO  grpc.GrpcFactory (GrpcFactory.java:checkPooledByteBufAllocatorUseCacheForAllThreads(45)) - PERFORMANCE WARNING: useCacheForAllThreads is true that may cause Netty to create a lot garbage objects and, as a result, trigger GC.
	It is recommended to disable useCacheForAllThreads by setting -Dorg.apache.ratis.thirdparty.io.netty.allocator.useCacheForAllThreads=false in command line.
2019-08-22 09:18:26,619 [main] INFO  grpc.GrpcConfigKeys$Server (ConfUtils.java:logGet(43)) - raft.grpc.server.port = 0 (default)
2019-08-22 09:18:26,619 [main] INFO  server.GrpcService (ConfUtils.java:logGet(43)) - raft.grpc.message.size.max = 33570816 (custom)
2019-08-22 09:18:26,620 [main] INFO  server.RaftServerConfigKeys (ConfUtils.java:logGet(43)) - raft.server.log.appender.buffer.byte-limit = 33554432 (custom)
2019-08-22 09:18:26,620 [main] INFO  server.GrpcService (ConfUtils.java:logGet(43)) - raft.grpc.flow.control.window = 1MB (=1048576) (default)
2019-08-22 09:18:26,620 [main] INFO  server.RaftServerConfigKeys (ConfUtils.java:logGet(43)) - raft.server.rpc.request.timeout = 3000ms (default)
2019-08-22 09:18:26,621 [main] INFO  server.RaftServerConfigKeys (ConfUtils.java:logGet(43)) - raft.server.storage.dir = [/workdir/hadoop-ozone/integration-test/target/test-dir/MiniOzoneClusterImpl-cf4d0e4d-ce27-4b81-b116-ed410f7e9b07/datanode-2/data/ratis] (custom)
2019-08-22 09:18:26,622 [main] INFO  replication.SimpleContainerDownloader (SimpleContainerDownloader.java:<init>(72)) - Starting container downloader service to copy containers to replicate.
2019-08-22 09:18:26,623 [main] INFO  hdfs.DFSUtil (DFSUtil.java:httpServerTemplateForNNAndJN(1641)) - Starting Web-server for hddsDatanode at: http://0.0.0.0:0
2019-08-22 09:18:26,624 [main] INFO  server.AuthenticationFilter (AuthenticationFilter.java:constructSecretProvider(240)) - Unable to initialize FileSignerSecretProvider, falling back to use random secrets.
2019-08-22 09:18:26,625 [main] WARN  http.HttpRequestLog (HttpRequestLog.java:getRequestLog(97)) - Jetty request log can only be enabled using Log4j
2019-08-22 09:18:26,626 [main] INFO  http.HttpServer2 (HttpServer2.java:addGlobalFilter(975)) - Added global filter 'safety' (class=org.apache.hadoop.http.HttpServer2$QuotingInputFilter)
2019-08-22 09:18:26,627 [main] INFO  http.HttpServer2 (HttpServer2.java:addFilter(948)) - Added filter static_user_filter (class=org.apache.hadoop.http.lib.StaticUserWebFilter$StaticUserFilter) to context hddsDatanode
2019-08-22 09:18:26,627 [main] INFO  http.HttpServer2 (HttpServer2.java:addFilter(958)) - Added filter static_user_filter (class=org.apache.hadoop.http.lib.StaticUserWebFilter$StaticUserFilter) to context static
2019-08-22 09:18:26,627 [main] INFO  http.HttpServer2 (HttpServer2.java:addFilter(958)) - Added filter static_user_filter (class=org.apache.hadoop.http.lib.StaticUserWebFilter$StaticUserFilter) to context logs
2019-08-22 09:18:26,628 [main] INFO  http.HttpServer2 (HttpServer2.java:bindListener(1191)) - Jetty bound to port 45429
2019-08-22 09:18:26,628 [main] INFO  server.Server (Server.java:doStart(351)) - jetty-9.3.24.v20180605, build timestamp: 2018-06-05T17:11:56Z, git hash: 84205aa28f11a4f31f2a3b86d1bba2cc8ab69827
2019-08-22 09:18:26,630 [main] INFO  handler.ContextHandler (ContextHandler.java:doStart(781)) - Started o.e.j.s.ServletContextHandler@26e0d39c{/logs,file:///workdir/hadoop-ozone/integration-test/target/log,AVAILABLE}
2019-08-22 09:18:26,631 [main] INFO  handler.ContextHandler (ContextHandler.java:doStart(781)) - Started o.e.j.s.ServletContextHandler@3c7279a5{/static,jar:file:/home/user/.m2/repository/org/apache/hadoop/hadoop-hdds-container-service/0.5.0-SNAPSHOT/hadoop-hdds-container-service-0.5.0-SNAPSHOT.jar!/webapps/static,AVAILABLE}
2019-08-22 09:18:26,659 [main] INFO  handler.ContextHandler (ContextHandler.java:doStart(781)) - Started o.e.j.w.WebAppContext@7abeabe9{/,file:///tmp/jetty-0.0.0.0-45429-hddsDatanode-_-any-7262191000208681556.dir/webapp/,AVAILABLE}{/hddsDatanode}
2019-08-22 09:18:26,660 [main] INFO  server.AbstractConnector (AbstractConnector.java:doStart(278)) - Started ServerConnector@5a05dd30{HTTP/1.1,[http/1.1]}{0.0.0.0:45429}
2019-08-22 09:18:26,661 [main] INFO  server.Server (Server.java:doStart(419)) - Started @7741ms
2019-08-22 09:18:26,661 [main] INFO  server.BaseHttpServer (BaseHttpServer.java:updateConnectorAddress(213)) - HTTP server of HDDSDATANODE is listening at http://0.0.0.0:45429
2019-08-22 09:18:26,814 | INFO  | ObjectStoreRestHttpServer | Listening HDDS REST traffic on /0.0.0.0:44385 |  
2019-08-22 09:18:26,814 [main] INFO  ozone.HddsDatanodeService (HddsDatanodeService.java:startPlugins(395)) - Started plug-in org.apache.hadoop.ozone.web.OzoneHddsDatanodeService@3caee3a8
2019-08-22 09:18:26,815 [main] INFO  impl.MetricsSystemImpl (MetricsSystemImpl.java:init(158)) - HddsDatanode metrics system started (again)
2019-08-22 09:18:26,817 [org.apache.hadoop.util.JvmPauseMonitor$Monitor@4a810009] INFO  util.JvmPauseMonitor (JvmPauseMonitor.java:run(188)) - Starting JVM pause monitor
2019-08-22 09:18:26,818 [main] INFO  ozone.HddsDatanodeService (HddsDatanodeService.java:start(184)) - HddsDatanodeService host:pr-hdds-1898-9jx57-4170240974 ip:192.168.36.85
2019-08-22 09:18:26,819 [Datanode State Machine Thread - 0] INFO  datanode.InitDatanodeState (InitDatanodeState.java:persistContainerDatanodeDetails(140)) - DatanodeDetails is persisted to /workdir/hadoop-ozone/integration-test/target/test-dir/MiniOzoneClusterImpl-cf4d0e4d-ce27-4b81-b116-ed410f7e9b07/datanode-2/meta/datanode.id
2019-08-22 09:18:26,824 [main] INFO  volume.HddsVolume (HddsVolume.java:<init>(176)) - Creating Volume: /workdir/hadoop-ozone/integration-test/target/test-dir/MiniOzoneClusterImpl-cf4d0e4d-ce27-4b81-b116-ed410f7e9b07/datanode-3/data/containers/hdds of  storage type : DISK and capacity : 1482555576320
2019-08-22 09:18:26,824 [main] INFO  volume.VolumeSet (VolumeSet.java:initializeVolumeSet(170)) - Added Volume : /workdir/hadoop-ozone/integration-test/target/test-dir/MiniOzoneClusterImpl-cf4d0e4d-ce27-4b81-b116-ed410f7e9b07/datanode-3/data/containers/hdds to VolumeSet
2019-08-22 09:18:26,824 [main] INFO  volume.ThrottledAsyncChecker (ThrottledAsyncChecker.java:schedule(140)) - Scheduling a check for org.apache.hadoop.ozone.container.common.volume.HddsVolume@50bc3219
2019-08-22 09:18:26,825 [main] INFO  volume.HddsVolumeChecker (HddsVolumeChecker.java:checkAllVolumes(203)) - Scheduled health check for volume org.apache.hadoop.ozone.container.common.volume.HddsVolume@50bc3219
2019-08-22 09:18:26,840 [main] INFO  impl.RaftServerProxy (ConfUtils.java:logGet(43)) - raft.rpc.type = GRPC (default)
2019-08-22 09:18:26,841 [main] INFO  grpc.GrpcFactory (GrpcFactory.java:checkPooledByteBufAllocatorUseCacheForAllThreads(45)) - PERFORMANCE WARNING: useCacheForAllThreads is true that may cause Netty to create a lot garbage objects and, as a result, trigger GC.
	It is recommended to disable useCacheForAllThreads by setting -Dorg.apache.ratis.thirdparty.io.netty.allocator.useCacheForAllThreads=false in command line.
2019-08-22 09:18:26,841 [main] INFO  grpc.GrpcConfigKeys$Server (ConfUtils.java:logGet(43)) - raft.grpc.server.port = 0 (default)
2019-08-22 09:18:26,841 [main] INFO  server.GrpcService (ConfUtils.java:logGet(43)) - raft.grpc.message.size.max = 33570816 (custom)
2019-08-22 09:18:26,841 [main] INFO  server.RaftServerConfigKeys (ConfUtils.java:logGet(43)) - raft.server.log.appender.buffer.byte-limit = 33554432 (custom)
2019-08-22 09:18:26,842 [main] INFO  server.GrpcService (ConfUtils.java:logGet(43)) - raft.grpc.flow.control.window = 1MB (=1048576) (default)
2019-08-22 09:18:26,842 [main] INFO  server.RaftServerConfigKeys (ConfUtils.java:logGet(43)) - raft.server.rpc.request.timeout = 3000ms (default)
2019-08-22 09:18:26,843 [main] INFO  server.RaftServerConfigKeys (ConfUtils.java:logGet(43)) - raft.server.storage.dir = [/workdir/hadoop-ozone/integration-test/target/test-dir/MiniOzoneClusterImpl-cf4d0e4d-ce27-4b81-b116-ed410f7e9b07/datanode-3/data/ratis] (custom)
2019-08-22 09:18:26,843 [main] INFO  replication.SimpleContainerDownloader (SimpleContainerDownloader.java:<init>(72)) - Starting container downloader service to copy containers to replicate.
2019-08-22 09:18:26,844 [main] INFO  hdfs.DFSUtil (DFSUtil.java:httpServerTemplateForNNAndJN(1641)) - Starting Web-server for hddsDatanode at: http://0.0.0.0:0
2019-08-22 09:18:26,846 [main] INFO  server.AuthenticationFilter (AuthenticationFilter.java:constructSecretProvider(240)) - Unable to initialize FileSignerSecretProvider, falling back to use random secrets.
2019-08-22 09:18:26,847 [main] WARN  http.HttpRequestLog (HttpRequestLog.java:getRequestLog(97)) - Jetty request log can only be enabled using Log4j
2019-08-22 09:18:26,849 [main] INFO  http.HttpServer2 (HttpServer2.java:addGlobalFilter(975)) - Added global filter 'safety' (class=org.apache.hadoop.http.HttpServer2$QuotingInputFilter)
2019-08-22 09:18:26,850 [main] INFO  http.HttpServer2 (HttpServer2.java:addFilter(948)) - Added filter static_user_filter (class=org.apache.hadoop.http.lib.StaticUserWebFilter$StaticUserFilter) to context hddsDatanode
2019-08-22 09:18:26,850 [main] INFO  http.HttpServer2 (HttpServer2.java:addFilter(958)) - Added filter static_user_filter (class=org.apache.hadoop.http.lib.StaticUserWebFilter$StaticUserFilter) to context logs
2019-08-22 09:18:26,850 [main] INFO  http.HttpServer2 (HttpServer2.java:addFilter(958)) - Added filter static_user_filter (class=org.apache.hadoop.http.lib.StaticUserWebFilter$StaticUserFilter) to context static
2019-08-22 09:18:26,851 [main] INFO  http.HttpServer2 (HttpServer2.java:bindListener(1191)) - Jetty bound to port 41511
2019-08-22 09:18:26,851 [main] INFO  server.Server (Server.java:doStart(351)) - jetty-9.3.24.v20180605, build timestamp: 2018-06-05T17:11:56Z, git hash: 84205aa28f11a4f31f2a3b86d1bba2cc8ab69827
2019-08-22 09:18:26,855 [main] INFO  handler.ContextHandler (ContextHandler.java:doStart(781)) - Started o.e.j.s.ServletContextHandler@350323a0{/logs,file:///workdir/hadoop-ozone/integration-test/target/log,AVAILABLE}
2019-08-22 09:18:26,856 [main] INFO  handler.ContextHandler (ContextHandler.java:doStart(781)) - Started o.e.j.s.ServletContextHandler@5d7dd549{/static,jar:file:/home/user/.m2/repository/org/apache/hadoop/hadoop-hdds-container-service/0.5.0-SNAPSHOT/hadoop-hdds-container-service-0.5.0-SNAPSHOT.jar!/webapps/static,AVAILABLE}
2019-08-22 09:18:26,890 [main] INFO  handler.ContextHandler (ContextHandler.java:doStart(781)) - Started o.e.j.w.WebAppContext@5a2ae1ab{/,file:///tmp/jetty-0.0.0.0-41511-hddsDatanode-_-any-8555240501974140822.dir/webapp/,AVAILABLE}{/hddsDatanode}
2019-08-22 09:18:26,891 [main] INFO  server.AbstractConnector (AbstractConnector.java:doStart(278)) - Started ServerConnector@2bec068b{HTTP/1.1,[http/1.1]}{0.0.0.0:41511}
2019-08-22 09:18:26,892 [main] INFO  server.Server (Server.java:doStart(419)) - Started @7972ms
2019-08-22 09:18:26,893 [main] INFO  server.BaseHttpServer (BaseHttpServer.java:updateConnectorAddress(213)) - HTTP server of HDDSDATANODE is listening at http://0.0.0.0:41511
2019-08-22 09:18:27,037 | INFO  | ObjectStoreRestHttpServer | Listening HDDS REST traffic on /0.0.0.0:45480 |  
2019-08-22 09:18:27,037 [main] INFO  ozone.HddsDatanodeService (HddsDatanodeService.java:startPlugins(395)) - Started plug-in org.apache.hadoop.ozone.web.OzoneHddsDatanodeService@87f501f
2019-08-22 09:18:27,038 [main] INFO  impl.MetricsSystemImpl (MetricsSystemImpl.java:init(158)) - HddsDatanode metrics system started (again)
2019-08-22 09:18:27,041 [org.apache.hadoop.util.JvmPauseMonitor$Monitor@1354604e] INFO  util.JvmPauseMonitor (JvmPauseMonitor.java:run(188)) - Starting JVM pause monitor
2019-08-22 09:18:27,041 [main] INFO  ozone.HddsDatanodeService (HddsDatanodeService.java:start(184)) - HddsDatanodeService host:pr-hdds-1898-9jx57-4170240974 ip:192.168.36.85
2019-08-22 09:18:27,043 [Datanode State Machine Thread - 0] INFO  datanode.InitDatanodeState (InitDatanodeState.java:persistContainerDatanodeDetails(140)) - DatanodeDetails is persisted to /workdir/hadoop-ozone/integration-test/target/test-dir/MiniOzoneClusterImpl-cf4d0e4d-ce27-4b81-b116-ed410f7e9b07/datanode-3/meta/datanode.id
2019-08-22 09:18:27,047 [main] INFO  volume.HddsVolume (HddsVolume.java:<init>(176)) - Creating Volume: /workdir/hadoop-ozone/integration-test/target/test-dir/MiniOzoneClusterImpl-cf4d0e4d-ce27-4b81-b116-ed410f7e9b07/datanode-4/data/containers/hdds of  storage type : DISK and capacity : 1482555576320
2019-08-22 09:18:27,048 [main] INFO  volume.VolumeSet (VolumeSet.java:initializeVolumeSet(170)) - Added Volume : /workdir/hadoop-ozone/integration-test/target/test-dir/MiniOzoneClusterImpl-cf4d0e4d-ce27-4b81-b116-ed410f7e9b07/datanode-4/data/containers/hdds to VolumeSet
2019-08-22 09:18:27,048 [main] INFO  volume.ThrottledAsyncChecker (ThrottledAsyncChecker.java:schedule(140)) - Scheduling a check for org.apache.hadoop.ozone.container.common.volume.HddsVolume@1ecf0ac6
2019-08-22 09:18:27,048 [main] INFO  volume.HddsVolumeChecker (HddsVolumeChecker.java:checkAllVolumes(203)) - Scheduled health check for volume org.apache.hadoop.ozone.container.common.volume.HddsVolume@1ecf0ac6
2019-08-22 09:18:27,064 [main] INFO  impl.RaftServerProxy (ConfUtils.java:logGet(43)) - raft.rpc.type = GRPC (default)
2019-08-22 09:18:27,064 [main] INFO  grpc.GrpcFactory (GrpcFactory.java:checkPooledByteBufAllocatorUseCacheForAllThreads(45)) - PERFORMANCE WARNING: useCacheForAllThreads is true that may cause Netty to create a lot garbage objects and, as a result, trigger GC.
	It is recommended to disable useCacheForAllThreads by setting -Dorg.apache.ratis.thirdparty.io.netty.allocator.useCacheForAllThreads=false in command line.
2019-08-22 09:18:27,065 [main] INFO  grpc.GrpcConfigKeys$Server (ConfUtils.java:logGet(43)) - raft.grpc.server.port = 0 (default)
2019-08-22 09:18:27,065 [main] INFO  server.GrpcService (ConfUtils.java:logGet(43)) - raft.grpc.message.size.max = 33570816 (custom)
2019-08-22 09:18:27,065 [main] INFO  server.RaftServerConfigKeys (ConfUtils.java:logGet(43)) - raft.server.log.appender.buffer.byte-limit = 33554432 (custom)
2019-08-22 09:18:27,065 [main] INFO  server.GrpcService (ConfUtils.java:logGet(43)) - raft.grpc.flow.control.window = 1MB (=1048576) (default)
2019-08-22 09:18:27,066 [main] INFO  server.RaftServerConfigKeys (ConfUtils.java:logGet(43)) - raft.server.rpc.request.timeout = 3000ms (default)
2019-08-22 09:18:27,066 [main] INFO  server.RaftServerConfigKeys (ConfUtils.java:logGet(43)) - raft.server.storage.dir = [/workdir/hadoop-ozone/integration-test/target/test-dir/MiniOzoneClusterImpl-cf4d0e4d-ce27-4b81-b116-ed410f7e9b07/datanode-4/data/ratis] (custom)
2019-08-22 09:18:27,067 [main] INFO  replication.SimpleContainerDownloader (SimpleContainerDownloader.java:<init>(72)) - Starting container downloader service to copy containers to replicate.
2019-08-22 09:18:27,068 [main] INFO  hdfs.DFSUtil (DFSUtil.java:httpServerTemplateForNNAndJN(1641)) - Starting Web-server for hddsDatanode at: http://0.0.0.0:0
2019-08-22 09:18:27,069 [main] INFO  server.AuthenticationFilter (AuthenticationFilter.java:constructSecretProvider(240)) - Unable to initialize FileSignerSecretProvider, falling back to use random secrets.
2019-08-22 09:18:27,069 [main] WARN  http.HttpRequestLog (HttpRequestLog.java:getRequestLog(97)) - Jetty request log can only be enabled using Log4j
2019-08-22 09:18:27,071 [main] INFO  http.HttpServer2 (HttpServer2.java:addGlobalFilter(975)) - Added global filter 'safety' (class=org.apache.hadoop.http.HttpServer2$QuotingInputFilter)
2019-08-22 09:18:27,072 [main] INFO  http.HttpServer2 (HttpServer2.java:addFilter(948)) - Added filter static_user_filter (class=org.apache.hadoop.http.lib.StaticUserWebFilter$StaticUserFilter) to context hddsDatanode
2019-08-22 09:18:27,072 [main] INFO  http.HttpServer2 (HttpServer2.java:addFilter(958)) - Added filter static_user_filter (class=org.apache.hadoop.http.lib.StaticUserWebFilter$StaticUserFilter) to context static
2019-08-22 09:18:27,072 [main] INFO  http.HttpServer2 (HttpServer2.java:addFilter(958)) - Added filter static_user_filter (class=org.apache.hadoop.http.lib.StaticUserWebFilter$StaticUserFilter) to context logs
2019-08-22 09:18:27,073 [main] INFO  http.HttpServer2 (HttpServer2.java:bindListener(1191)) - Jetty bound to port 33269
2019-08-22 09:18:27,073 [main] INFO  server.Server (Server.java:doStart(351)) - jetty-9.3.24.v20180605, build timestamp: 2018-06-05T17:11:56Z, git hash: 84205aa28f11a4f31f2a3b86d1bba2cc8ab69827
2019-08-22 09:18:27,075 [main] INFO  handler.ContextHandler (ContextHandler.java:doStart(781)) - Started o.e.j.s.ServletContextHandler@1bee0085{/logs,file:///workdir/hadoop-ozone/integration-test/target/log,AVAILABLE}
2019-08-22 09:18:27,075 [main] INFO  handler.ContextHandler (ContextHandler.java:doStart(781)) - Started o.e.j.s.ServletContextHandler@13f40d71{/static,jar:file:/home/user/.m2/repository/org/apache/hadoop/hadoop-hdds-container-service/0.5.0-SNAPSHOT/hadoop-hdds-container-service-0.5.0-SNAPSHOT.jar!/webapps/static,AVAILABLE}
2019-08-22 09:18:27,104 [main] INFO  handler.ContextHandler (ContextHandler.java:doStart(781)) - Started o.e.j.w.WebAppContext@154b8cb6{/,file:///tmp/jetty-0.0.0.0-33269-hddsDatanode-_-any-8224419336813805840.dir/webapp/,AVAILABLE}{/hddsDatanode}
2019-08-22 09:18:27,105 [main] INFO  server.AbstractConnector (AbstractConnector.java:doStart(278)) - Started ServerConnector@7b297740{HTTP/1.1,[http/1.1]}{0.0.0.0:33269}
2019-08-22 09:18:27,106 [main] INFO  server.Server (Server.java:doStart(419)) - Started @8186ms
2019-08-22 09:18:27,106 [main] INFO  server.BaseHttpServer (BaseHttpServer.java:updateConnectorAddress(213)) - HTTP server of HDDSDATANODE is listening at http://0.0.0.0:33269
2019-08-22 09:18:27,250 | INFO  | ObjectStoreRestHttpServer | Listening HDDS REST traffic on /0.0.0.0:39104 |  
2019-08-22 09:18:27,250 [main] INFO  ozone.HddsDatanodeService (HddsDatanodeService.java:startPlugins(395)) - Started plug-in org.apache.hadoop.ozone.web.OzoneHddsDatanodeService@8f2e3e6
2019-08-22 09:18:27,251 [main] INFO  impl.MetricsSystemImpl (MetricsSystemImpl.java:init(158)) - HddsDatanode metrics system started (again)
2019-08-22 09:18:27,254 [org.apache.hadoop.util.JvmPauseMonitor$Monitor@45179230] INFO  util.JvmPauseMonitor (JvmPauseMonitor.java:run(188)) - Starting JVM pause monitor
2019-08-22 09:18:27,255 [main] INFO  ozone.HddsDatanodeService (HddsDatanodeService.java:start(184)) - HddsDatanodeService host:pr-hdds-1898-9jx57-4170240974 ip:192.168.36.85
2019-08-22 09:18:27,256 [Datanode State Machine Thread - 0] INFO  datanode.InitDatanodeState (InitDatanodeState.java:persistContainerDatanodeDetails(140)) - DatanodeDetails is persisted to /workdir/hadoop-ozone/integration-test/target/test-dir/MiniOzoneClusterImpl-cf4d0e4d-ce27-4b81-b116-ed410f7e9b07/datanode-4/meta/datanode.id
2019-08-22 09:18:27,263 [main] INFO  volume.HddsVolume (HddsVolume.java:<init>(176)) - Creating Volume: /workdir/hadoop-ozone/integration-test/target/test-dir/MiniOzoneClusterImpl-cf4d0e4d-ce27-4b81-b116-ed410f7e9b07/datanode-5/data/containers/hdds of  storage type : DISK and capacity : 1482555576320
2019-08-22 09:18:27,264 [main] INFO  volume.VolumeSet (VolumeSet.java:initializeVolumeSet(170)) - Added Volume : /workdir/hadoop-ozone/integration-test/target/test-dir/MiniOzoneClusterImpl-cf4d0e4d-ce27-4b81-b116-ed410f7e9b07/datanode-5/data/containers/hdds to VolumeSet
2019-08-22 09:18:27,264 [main] INFO  volume.ThrottledAsyncChecker (ThrottledAsyncChecker.java:schedule(140)) - Scheduling a check for org.apache.hadoop.ozone.container.common.volume.HddsVolume@78b0ec3a
2019-08-22 09:18:27,265 [main] INFO  volume.HddsVolumeChecker (HddsVolumeChecker.java:checkAllVolumes(203)) - Scheduled health check for volume org.apache.hadoop.ozone.container.common.volume.HddsVolume@78b0ec3a
2019-08-22 09:18:27,286 [main] INFO  impl.RaftServerProxy (ConfUtils.java:logGet(43)) - raft.rpc.type = GRPC (default)
2019-08-22 09:18:27,287 [main] INFO  grpc.GrpcFactory (GrpcFactory.java:checkPooledByteBufAllocatorUseCacheForAllThreads(45)) - PERFORMANCE WARNING: useCacheForAllThreads is true that may cause Netty to create a lot garbage objects and, as a result, trigger GC.
	It is recommended to disable useCacheForAllThreads by setting -Dorg.apache.ratis.thirdparty.io.netty.allocator.useCacheForAllThreads=false in command line.
2019-08-22 09:18:27,287 [main] INFO  grpc.GrpcConfigKeys$Server (ConfUtils.java:logGet(43)) - raft.grpc.server.port = 0 (default)
2019-08-22 09:18:27,287 [main] INFO  server.GrpcService (ConfUtils.java:logGet(43)) - raft.grpc.message.size.max = 33570816 (custom)
2019-08-22 09:18:27,288 [main] INFO  server.RaftServerConfigKeys (ConfUtils.java:logGet(43)) - raft.server.log.appender.buffer.byte-limit = 33554432 (custom)
2019-08-22 09:18:27,288 [main] INFO  server.GrpcService (ConfUtils.java:logGet(43)) - raft.grpc.flow.control.window = 1MB (=1048576) (default)
2019-08-22 09:18:27,288 [main] INFO  server.RaftServerConfigKeys (ConfUtils.java:logGet(43)) - raft.server.rpc.request.timeout = 3000ms (default)
2019-08-22 09:18:27,289 [main] INFO  server.RaftServerConfigKeys (ConfUtils.java:logGet(43)) - raft.server.storage.dir = [/workdir/hadoop-ozone/integration-test/target/test-dir/MiniOzoneClusterImpl-cf4d0e4d-ce27-4b81-b116-ed410f7e9b07/datanode-5/data/ratis] (custom)
2019-08-22 09:18:27,289 [main] INFO  replication.SimpleContainerDownloader (SimpleContainerDownloader.java:<init>(72)) - Starting container downloader service to copy containers to replicate.
2019-08-22 09:18:27,291 [main] INFO  hdfs.DFSUtil (DFSUtil.java:httpServerTemplateForNNAndJN(1641)) - Starting Web-server for hddsDatanode at: http://0.0.0.0:0
2019-08-22 09:18:27,293 [main] INFO  server.AuthenticationFilter (AuthenticationFilter.java:constructSecretProvider(240)) - Unable to initialize FileSignerSecretProvider, falling back to use random secrets.
2019-08-22 09:18:27,293 [main] WARN  http.HttpRequestLog (HttpRequestLog.java:getRequestLog(97)) - Jetty request log can only be enabled using Log4j
2019-08-22 09:18:27,359 [main] INFO  http.HttpServer2 (HttpServer2.java:addGlobalFilter(975)) - Added global filter 'safety' (class=org.apache.hadoop.http.HttpServer2$QuotingInputFilter)
2019-08-22 09:18:27,362 [main] INFO  http.HttpServer2 (HttpServer2.java:addFilter(948)) - Added filter static_user_filter (class=org.apache.hadoop.http.lib.StaticUserWebFilter$StaticUserFilter) to context hddsDatanode
2019-08-22 09:18:27,362 [main] INFO  http.HttpServer2 (HttpServer2.java:addFilter(958)) - Added filter static_user_filter (class=org.apache.hadoop.http.lib.StaticUserWebFilter$StaticUserFilter) to context logs
2019-08-22 09:18:27,363 [main] INFO  http.HttpServer2 (HttpServer2.java:addFilter(958)) - Added filter static_user_filter (class=org.apache.hadoop.http.lib.StaticUserWebFilter$StaticUserFilter) to context static
2019-08-22 09:18:27,364 [main] INFO  http.HttpServer2 (HttpServer2.java:bindListener(1191)) - Jetty bound to port 35105
2019-08-22 09:18:27,364 [main] INFO  server.Server (Server.java:doStart(351)) - jetty-9.3.24.v20180605, build timestamp: 2018-06-05T17:11:56Z, git hash: 84205aa28f11a4f31f2a3b86d1bba2cc8ab69827
2019-08-22 09:18:27,376 [main] INFO  handler.ContextHandler (ContextHandler.java:doStart(781)) - Started o.e.j.s.ServletContextHandler@7af1d072{/logs,file:///workdir/hadoop-ozone/integration-test/target/log,AVAILABLE}
2019-08-22 09:18:27,377 [main] INFO  handler.ContextHandler (ContextHandler.java:doStart(781)) - Started o.e.j.s.ServletContextHandler@642c6461{/static,jar:file:/home/user/.m2/repository/org/apache/hadoop/hadoop-hdds-container-service/0.5.0-SNAPSHOT/hadoop-hdds-container-service-0.5.0-SNAPSHOT.jar!/webapps/static,AVAILABLE}
2019-08-22 09:18:27,414 [main] INFO  handler.ContextHandler (ContextHandler.java:doStart(781)) - Started o.e.j.w.WebAppContext@7caf1e5{/,file:///tmp/jetty-0.0.0.0-35105-hddsDatanode-_-any-4368581750074674247.dir/webapp/,AVAILABLE}{/hddsDatanode}
2019-08-22 09:18:27,416 [main] INFO  server.AbstractConnector (AbstractConnector.java:doStart(278)) - Started ServerConnector@5c234920{HTTP/1.1,[http/1.1]}{0.0.0.0:35105}
2019-08-22 09:18:27,416 [main] INFO  server.Server (Server.java:doStart(419)) - Started @8496ms
2019-08-22 09:18:27,416 [main] INFO  server.BaseHttpServer (BaseHttpServer.java:updateConnectorAddress(213)) - HTTP server of HDDSDATANODE is listening at http://0.0.0.0:35105
2019-08-22 09:18:27,564 | INFO  | ObjectStoreRestHttpServer | Listening HDDS REST traffic on /0.0.0.0:39296 |  
2019-08-22 09:18:27,565 [main] INFO  ozone.HddsDatanodeService (HddsDatanodeService.java:startPlugins(395)) - Started plug-in org.apache.hadoop.ozone.web.OzoneHddsDatanodeService@d9f5fce
2019-08-22 09:18:27,565 [main] INFO  impl.MetricsSystemImpl (MetricsSystemImpl.java:init(158)) - HddsDatanode metrics system started (again)
2019-08-22 09:18:27,569 [org.apache.hadoop.util.JvmPauseMonitor$Monitor@27d28c08] INFO  util.JvmPauseMonitor (JvmPauseMonitor.java:run(188)) - Starting JVM pause monitor
2019-08-22 09:18:27,569 [main] INFO  ozone.HddsDatanodeService (HddsDatanodeService.java:start(184)) - HddsDatanodeService host:pr-hdds-1898-9jx57-4170240974 ip:192.168.36.85
2019-08-22 09:18:27,570 [Datanode State Machine Thread - 0] INFO  datanode.InitDatanodeState (InitDatanodeState.java:persistContainerDatanodeDetails(140)) - DatanodeDetails is persisted to /workdir/hadoop-ozone/integration-test/target/test-dir/MiniOzoneClusterImpl-cf4d0e4d-ce27-4b81-b116-ed410f7e9b07/datanode-5/meta/datanode.id
2019-08-22 09:18:27,577 [main] INFO  volume.HddsVolume (HddsVolume.java:<init>(176)) - Creating Volume: /workdir/hadoop-ozone/integration-test/target/test-dir/MiniOzoneClusterImpl-cf4d0e4d-ce27-4b81-b116-ed410f7e9b07/datanode-6/data/containers/hdds of  storage type : DISK and capacity : 1482555576320
2019-08-22 09:18:27,578 [main] INFO  volume.VolumeSet (VolumeSet.java:initializeVolumeSet(170)) - Added Volume : /workdir/hadoop-ozone/integration-test/target/test-dir/MiniOzoneClusterImpl-cf4d0e4d-ce27-4b81-b116-ed410f7e9b07/datanode-6/data/containers/hdds to VolumeSet
2019-08-22 09:18:27,578 [main] INFO  volume.ThrottledAsyncChecker (ThrottledAsyncChecker.java:schedule(140)) - Scheduling a check for org.apache.hadoop.ozone.container.common.volume.HddsVolume@6e0d16a4
2019-08-22 09:18:27,579 [main] INFO  volume.HddsVolumeChecker (HddsVolumeChecker.java:checkAllVolumes(203)) - Scheduled health check for volume org.apache.hadoop.ozone.container.common.volume.HddsVolume@6e0d16a4
2019-08-22 09:18:27,598 [main] INFO  impl.RaftServerProxy (ConfUtils.java:logGet(43)) - raft.rpc.type = GRPC (default)
2019-08-22 09:18:27,598 [main] INFO  grpc.GrpcFactory (GrpcFactory.java:checkPooledByteBufAllocatorUseCacheForAllThreads(45)) - PERFORMANCE WARNING: useCacheForAllThreads is true that may cause Netty to create a lot garbage objects and, as a result, trigger GC.
	It is recommended to disable useCacheForAllThreads by setting -Dorg.apache.ratis.thirdparty.io.netty.allocator.useCacheForAllThreads=false in command line.
2019-08-22 09:18:27,598 [main] INFO  grpc.GrpcConfigKeys$Server (ConfUtils.java:logGet(43)) - raft.grpc.server.port = 0 (default)
2019-08-22 09:18:27,598 [main] INFO  server.GrpcService (ConfUtils.java:logGet(43)) - raft.grpc.message.size.max = 33570816 (custom)
2019-08-22 09:18:27,599 [main] INFO  server.RaftServerConfigKeys (ConfUtils.java:logGet(43)) - raft.server.log.appender.buffer.byte-limit = 33554432 (custom)
2019-08-22 09:18:27,599 [main] INFO  server.GrpcService (ConfUtils.java:logGet(43)) - raft.grpc.flow.control.window = 1MB (=1048576) (default)
2019-08-22 09:18:27,599 [main] INFO  server.RaftServerConfigKeys (ConfUtils.java:logGet(43)) - raft.server.rpc.request.timeout = 3000ms (default)
2019-08-22 09:18:27,600 [main] INFO  server.RaftServerConfigKeys (ConfUtils.java:logGet(43)) - raft.server.storage.dir = [/workdir/hadoop-ozone/integration-test/target/test-dir/MiniOzoneClusterImpl-cf4d0e4d-ce27-4b81-b116-ed410f7e9b07/datanode-6/data/ratis] (custom)
2019-08-22 09:18:27,600 [main] INFO  replication.SimpleContainerDownloader (SimpleContainerDownloader.java:<init>(72)) - Starting container downloader service to copy containers to replicate.
2019-08-22 09:18:27,601 [main] INFO  hdfs.DFSUtil (DFSUtil.java:httpServerTemplateForNNAndJN(1641)) - Starting Web-server for hddsDatanode at: http://0.0.0.0:0
2019-08-22 09:18:27,602 [main] INFO  server.AuthenticationFilter (AuthenticationFilter.java:constructSecretProvider(240)) - Unable to initialize FileSignerSecretProvider, falling back to use random secrets.
2019-08-22 09:18:27,603 [main] WARN  http.HttpRequestLog (HttpRequestLog.java:getRequestLog(97)) - Jetty request log can only be enabled using Log4j
2019-08-22 09:18:27,604 [main] INFO  http.HttpServer2 (HttpServer2.java:addGlobalFilter(975)) - Added global filter 'safety' (class=org.apache.hadoop.http.HttpServer2$QuotingInputFilter)
2019-08-22 09:18:27,605 [main] INFO  http.HttpServer2 (HttpServer2.java:addFilter(948)) - Added filter static_user_filter (class=org.apache.hadoop.http.lib.StaticUserWebFilter$StaticUserFilter) to context hddsDatanode
2019-08-22 09:18:27,605 [main] INFO  http.HttpServer2 (HttpServer2.java:addFilter(958)) - Added filter static_user_filter (class=org.apache.hadoop.http.lib.StaticUserWebFilter$StaticUserFilter) to context static
2019-08-22 09:18:27,605 [main] INFO  http.HttpServer2 (HttpServer2.java:addFilter(958)) - Added filter static_user_filter (class=org.apache.hadoop.http.lib.StaticUserWebFilter$StaticUserFilter) to context logs
2019-08-22 09:18:27,606 [main] INFO  http.HttpServer2 (HttpServer2.java:bindListener(1191)) - Jetty bound to port 39348
2019-08-22 09:18:27,606 [main] INFO  server.Server (Server.java:doStart(351)) - jetty-9.3.24.v20180605, build timestamp: 2018-06-05T17:11:56Z, git hash: 84205aa28f11a4f31f2a3b86d1bba2cc8ab69827
2019-08-22 09:18:27,607 [main] INFO  handler.ContextHandler (ContextHandler.java:doStart(781)) - Started o.e.j.s.ServletContextHandler@582dcd35{/logs,file:///workdir/hadoop-ozone/integration-test/target/log,AVAILABLE}
2019-08-22 09:18:27,608 [main] INFO  handler.ContextHandler (ContextHandler.java:doStart(781)) - Started o.e.j.s.ServletContextHandler@394a6d2b{/static,jar:file:/home/user/.m2/repository/org/apache/hadoop/hadoop-hdds-container-service/0.5.0-SNAPSHOT/hadoop-hdds-container-service-0.5.0-SNAPSHOT.jar!/webapps/static,AVAILABLE}
2019-08-22 09:18:27,638 [main] INFO  handler.ContextHandler (ContextHandler.java:doStart(781)) - Started o.e.j.w.WebAppContext@1c6e3ff9{/,file:///tmp/jetty-0.0.0.0-39348-hddsDatanode-_-any-4826173037095407258.dir/webapp/,AVAILABLE}{/hddsDatanode}
2019-08-22 09:18:27,639 [main] INFO  server.AbstractConnector (AbstractConnector.java:doStart(278)) - Started ServerConnector@76e6c070{HTTP/1.1,[http/1.1]}{0.0.0.0:39348}
2019-08-22 09:18:27,640 [main] INFO  server.Server (Server.java:doStart(419)) - Started @8720ms
2019-08-22 09:18:27,641 [main] INFO  server.BaseHttpServer (BaseHttpServer.java:updateConnectorAddress(213)) - HTTP server of HDDSDATANODE is listening at http://0.0.0.0:39348
2019-08-22 09:18:27,773 | INFO  | ObjectStoreRestHttpServer | Listening HDDS REST traffic on /0.0.0.0:45097 |  
2019-08-22 09:18:27,773 [main] INFO  ozone.HddsDatanodeService (HddsDatanodeService.java:startPlugins(395)) - Started plug-in org.apache.hadoop.ozone.web.OzoneHddsDatanodeService@3e2d44f3
2019-08-22 09:18:27,776 [main] INFO  ozone.MiniOzoneClusterImpl (MiniOzoneClusterImpl.java:lambda$waitForClusterToBeReady$0(142)) - Waiting for cluster to be ready. Got 0 of 7 DN Heartbeats.
2019-08-22 09:18:27,777 [org.apache.hadoop.util.JvmPauseMonitor$Monitor@6b7b7044] INFO  util.JvmPauseMonitor (JvmPauseMonitor.java:run(188)) - Starting JVM pause monitor
2019-08-22 09:18:27,779 [Datanode State Machine Thread - 0] INFO  datanode.InitDatanodeState (InitDatanodeState.java:persistContainerDatanodeDetails(140)) - DatanodeDetails is persisted to /workdir/hadoop-ozone/integration-test/target/test-dir/MiniOzoneClusterImpl-cf4d0e4d-ce27-4b81-b116-ed410f7e9b07/datanode-6/meta/datanode.id
2019-08-22 09:18:28,382 | INFO  | SCMAudit | user=jenkins1000 | ip=192.168.36.85 | op=GET_VERSION null | ret=SUCCESS |  
2019-08-22 09:18:28,424 [Datanode State Machine Thread - 0] INFO  ozoneimpl.OzoneContainer (OzoneContainer.java:start(186)) - Attempting to start container services.
2019-08-22 09:18:28,427 [Datanode State Machine Thread - 0] INFO  ozoneimpl.OzoneContainer (OzoneContainer.java:startContainerScrub(160)) - Background container scrubber has been disabled by hdds.containerscrub.enabled
2019-08-22 09:18:28,427 [Datanode State Machine Thread - 0] INFO  ratis.XceiverServerRatis (XceiverServerRatis.java:start(404)) - Starting XceiverServerRatis 12a3f542-eaa3-41f8-9242-653e2388110a at port 0
2019-08-22 09:18:28,443 [Datanode State Machine Thread - 0] INFO  impl.RaftServerProxy (RaftServerProxy.java:lambda$start$3(299)) - 12a3f542-eaa3-41f8-9242-653e2388110a: start RPC server
2019-08-22 09:18:28,558 [Datanode State Machine Thread - 0] INFO  server.GrpcService (GrpcService.java:startImpl(149)) - 12a3f542-eaa3-41f8-9242-653e2388110a: GrpcService started, listening on 0.0.0.0/0.0.0.0:36496
2019-08-22 09:18:28,559 [Datanode State Machine Thread - 0] INFO  ratis.XceiverServerRatis (XceiverServerRatis.java:start(414)) - XceiverServerRatis 12a3f542-eaa3-41f8-9242-653e2388110a is started using port 36496
2019-08-22 09:18:28,561 [Datanode State Machine Thread - 0] INFO  server.XceiverServerGrpc (XceiverServerGrpc.java:start(161)) - XceiverServerGrpc 12a3f542-eaa3-41f8-9242-653e2388110a is started using port 37719
2019-08-22 09:18:28,587 | INFO  | SCMAudit | user=jenkins1000 | ip=192.168.36.85 | op=GET_VERSION null | ret=SUCCESS |  
2019-08-22 09:18:28,612 [Datanode State Machine Thread - 0] INFO  ozoneimpl.OzoneContainer (OzoneContainer.java:start(186)) - Attempting to start container services.
2019-08-22 09:18:28,616 [Datanode State Machine Thread - 0] INFO  ozoneimpl.OzoneContainer (OzoneContainer.java:startContainerScrub(160)) - Background container scrubber has been disabled by hdds.containerscrub.enabled
2019-08-22 09:18:28,616 [Datanode State Machine Thread - 0] INFO  ratis.XceiverServerRatis (XceiverServerRatis.java:start(404)) - Starting XceiverServerRatis 70168daa-7dae-4fec-be11-36b8f7c0b13e at port 0
2019-08-22 09:18:28,623 [Datanode State Machine Thread - 0] INFO  impl.RaftServerProxy (RaftServerProxy.java:lambda$start$3(299)) - 70168daa-7dae-4fec-be11-36b8f7c0b13e: start RPC server
2019-08-22 09:18:28,626 [Datanode State Machine Thread - 0] INFO  server.GrpcService (GrpcService.java:startImpl(149)) - 70168daa-7dae-4fec-be11-36b8f7c0b13e: GrpcService started, listening on 0.0.0.0/0.0.0.0:46549
2019-08-22 09:18:28,626 [Datanode State Machine Thread - 0] INFO  ratis.XceiverServerRatis (XceiverServerRatis.java:start(414)) - XceiverServerRatis 70168daa-7dae-4fec-be11-36b8f7c0b13e is started using port 46549
2019-08-22 09:18:28,628 [Datanode State Machine Thread - 0] INFO  server.XceiverServerGrpc (XceiverServerGrpc.java:start(161)) - XceiverServerGrpc 70168daa-7dae-4fec-be11-36b8f7c0b13e is started using port 36893
2019-08-22 09:18:28,777 [main] INFO  ozone.MiniOzoneClusterImpl (MiniOzoneClusterImpl.java:lambda$waitForClusterToBeReady$0(142)) - Waiting for cluster to be ready. Got 0 of 7 DN Heartbeats.
2019-08-22 09:18:28,821 | INFO  | SCMAudit | user=jenkins1000 | ip=192.168.36.85 | op=GET_VERSION null | ret=SUCCESS |  
2019-08-22 09:18:28,836 [Datanode State Machine Thread - 0] INFO  ozoneimpl.OzoneContainer (OzoneContainer.java:start(186)) - Attempting to start container services.
2019-08-22 09:18:28,840 [Datanode State Machine Thread - 0] INFO  ozoneimpl.OzoneContainer (OzoneContainer.java:startContainerScrub(160)) - Background container scrubber has been disabled by hdds.containerscrub.enabled
2019-08-22 09:18:28,840 [Datanode State Machine Thread - 0] INFO  ratis.XceiverServerRatis (XceiverServerRatis.java:start(404)) - Starting XceiverServerRatis ba917a70-9edc-40fd-8c87-6f988a09c858 at port 0
2019-08-22 09:18:28,848 [Datanode State Machine Thread - 0] INFO  impl.RaftServerProxy (RaftServerProxy.java:lambda$start$3(299)) - ba917a70-9edc-40fd-8c87-6f988a09c858: start RPC server
2019-08-22 09:18:28,850 [Datanode State Machine Thread - 0] INFO  server.GrpcService (GrpcService.java:startImpl(149)) - ba917a70-9edc-40fd-8c87-6f988a09c858: GrpcService started, listening on 0.0.0.0/0.0.0.0:41864
2019-08-22 09:18:28,850 [Datanode State Machine Thread - 0] INFO  ratis.XceiverServerRatis (XceiverServerRatis.java:start(414)) - XceiverServerRatis ba917a70-9edc-40fd-8c87-6f988a09c858 is started using port 41864
2019-08-22 09:18:28,852 [Datanode State Machine Thread - 0] INFO  server.XceiverServerGrpc (XceiverServerGrpc.java:start(161)) - XceiverServerGrpc ba917a70-9edc-40fd-8c87-6f988a09c858 is started using port 43682
2019-08-22 09:18:29,044 | INFO  | SCMAudit | user=jenkins1000 | ip=192.168.36.85 | op=GET_VERSION null | ret=SUCCESS |  
2019-08-22 09:18:29,069 [Datanode State Machine Thread - 0] INFO  ozoneimpl.OzoneContainer (OzoneContainer.java:start(186)) - Attempting to start container services.
2019-08-22 09:18:29,069 [Datanode State Machine Thread - 0] INFO  ozoneimpl.OzoneContainer (OzoneContainer.java:startContainerScrub(160)) - Background container scrubber has been disabled by hdds.containerscrub.enabled
2019-08-22 09:18:29,069 [Datanode State Machine Thread - 0] INFO  ratis.XceiverServerRatis (XceiverServerRatis.java:start(404)) - Starting XceiverServerRatis 2e502478-34c1-4a4b-9702-a9321f11dbb4 at port 0
2019-08-22 09:18:29,076 [Datanode State Machine Thread - 0] INFO  impl.RaftServerProxy (RaftServerProxy.java:lambda$start$3(299)) - 2e502478-34c1-4a4b-9702-a9321f11dbb4: start RPC server
2019-08-22 09:18:29,081 [Datanode State Machine Thread - 0] INFO  server.GrpcService (GrpcService.java:startImpl(149)) - 2e502478-34c1-4a4b-9702-a9321f11dbb4: GrpcService started, listening on 0.0.0.0/0.0.0.0:32975
2019-08-22 09:18:29,081 [Datanode State Machine Thread - 0] INFO  ratis.XceiverServerRatis (XceiverServerRatis.java:start(414)) - XceiverServerRatis 2e502478-34c1-4a4b-9702-a9321f11dbb4 is started using port 32975
2019-08-22 09:18:29,084 [Datanode State Machine Thread - 0] INFO  server.XceiverServerGrpc (XceiverServerGrpc.java:start(161)) - XceiverServerGrpc 2e502478-34c1-4a4b-9702-a9321f11dbb4 is started using port 45260
2019-08-22 09:18:29,258 | INFO  | SCMAudit | user=jenkins1000 | ip=192.168.36.85 | op=GET_VERSION null | ret=SUCCESS |  
2019-08-22 09:18:29,274 [Datanode State Machine Thread - 0] INFO  ozoneimpl.OzoneContainer (OzoneContainer.java:start(186)) - Attempting to start container services.
2019-08-22 09:18:29,274 [Datanode State Machine Thread - 0] INFO  ozoneimpl.OzoneContainer (OzoneContainer.java:startContainerScrub(160)) - Background container scrubber has been disabled by hdds.containerscrub.enabled
2019-08-22 09:18:29,274 [Datanode State Machine Thread - 0] INFO  ratis.XceiverServerRatis (XceiverServerRatis.java:start(404)) - Starting XceiverServerRatis 4b6d0314-6f83-4f2a-b37f-5169ffd221d4 at port 0
2019-08-22 09:18:29,283 [Datanode State Machine Thread - 0] INFO  impl.RaftServerProxy (RaftServerProxy.java:lambda$start$3(299)) - 4b6d0314-6f83-4f2a-b37f-5169ffd221d4: start RPC server
2019-08-22 09:18:29,289 [Datanode State Machine Thread - 0] INFO  server.GrpcService (GrpcService.java:startImpl(149)) - 4b6d0314-6f83-4f2a-b37f-5169ffd221d4: GrpcService started, listening on 0.0.0.0/0.0.0.0:44123
2019-08-22 09:18:29,289 [Datanode State Machine Thread - 0] INFO  ratis.XceiverServerRatis (XceiverServerRatis.java:start(414)) - XceiverServerRatis 4b6d0314-6f83-4f2a-b37f-5169ffd221d4 is started using port 44123
2019-08-22 09:18:29,292 [Datanode State Machine Thread - 0] INFO  server.XceiverServerGrpc (XceiverServerGrpc.java:start(161)) - XceiverServerGrpc 4b6d0314-6f83-4f2a-b37f-5169ffd221d4 is started using port 35733
2019-08-22 09:18:29,573 | INFO  | SCMAudit | user=jenkins1000 | ip=192.168.36.85 | op=GET_VERSION null | ret=SUCCESS |  
2019-08-22 09:18:29,588 [Datanode State Machine Thread - 0] INFO  ozoneimpl.OzoneContainer (OzoneContainer.java:start(186)) - Attempting to start container services.
2019-08-22 09:18:29,588 [Datanode State Machine Thread - 0] INFO  ozoneimpl.OzoneContainer (OzoneContainer.java:startContainerScrub(160)) - Background container scrubber has been disabled by hdds.containerscrub.enabled
2019-08-22 09:18:29,588 [Datanode State Machine Thread - 0] INFO  ratis.XceiverServerRatis (XceiverServerRatis.java:start(404)) - Starting XceiverServerRatis 2657734f-6a71-4b27-b9ea-baa03e97c1c3 at port 0
2019-08-22 09:18:29,596 [Datanode State Machine Thread - 0] INFO  impl.RaftServerProxy (RaftServerProxy.java:lambda$start$3(299)) - 2657734f-6a71-4b27-b9ea-baa03e97c1c3: start RPC server
2019-08-22 09:18:29,600 [Datanode State Machine Thread - 0] INFO  server.GrpcService (GrpcService.java:startImpl(149)) - 2657734f-6a71-4b27-b9ea-baa03e97c1c3: GrpcService started, listening on 0.0.0.0/0.0.0.0:36700
2019-08-22 09:18:29,601 [Datanode State Machine Thread - 0] INFO  ratis.XceiverServerRatis (XceiverServerRatis.java:start(414)) - XceiverServerRatis 2657734f-6a71-4b27-b9ea-baa03e97c1c3 is started using port 36700
2019-08-22 09:18:29,604 [Datanode State Machine Thread - 0] INFO  server.XceiverServerGrpc (XceiverServerGrpc.java:start(161)) - XceiverServerGrpc 2657734f-6a71-4b27-b9ea-baa03e97c1c3 is started using port 42899
2019-08-22 09:18:29,777 [main] INFO  ozone.MiniOzoneClusterImpl (MiniOzoneClusterImpl.java:lambda$waitForClusterToBeReady$0(142)) - Waiting for cluster to be ready. Got 0 of 7 DN Heartbeats.
2019-08-22 09:18:29,781 | INFO  | SCMAudit | user=jenkins1000 | ip=192.168.36.85 | op=GET_VERSION null | ret=SUCCESS |  
2019-08-22 09:18:29,806 [Datanode State Machine Thread - 0] INFO  ozoneimpl.OzoneContainer (OzoneContainer.java:start(186)) - Attempting to start container services.
2019-08-22 09:18:29,806 [Datanode State Machine Thread - 0] INFO  ozoneimpl.OzoneContainer (OzoneContainer.java:startContainerScrub(160)) - Background container scrubber has been disabled by hdds.containerscrub.enabled
2019-08-22 09:18:29,806 [Datanode State Machine Thread - 0] INFO  ratis.XceiverServerRatis (XceiverServerRatis.java:start(404)) - Starting XceiverServerRatis b97a343a-dda1-4b47-81df-1468ac752697 at port 0
2019-08-22 09:18:29,816 [Datanode State Machine Thread - 0] INFO  impl.RaftServerProxy (RaftServerProxy.java:lambda$start$3(299)) - b97a343a-dda1-4b47-81df-1468ac752697: start RPC server
2019-08-22 09:18:29,821 [Datanode State Machine Thread - 0] INFO  server.GrpcService (GrpcService.java:startImpl(149)) - b97a343a-dda1-4b47-81df-1468ac752697: GrpcService started, listening on 0.0.0.0/0.0.0.0:41515
2019-08-22 09:18:29,821 [Datanode State Machine Thread - 0] INFO  ratis.XceiverServerRatis (XceiverServerRatis.java:start(414)) - XceiverServerRatis b97a343a-dda1-4b47-81df-1468ac752697 is started using port 41515
2019-08-22 09:18:29,825 [Datanode State Machine Thread - 0] INFO  server.XceiverServerGrpc (XceiverServerGrpc.java:start(161)) - XceiverServerGrpc b97a343a-dda1-4b47-81df-1468ac752697 is started using port 38278
2019-08-22 09:18:30,397 [IPC Server handler 0 on 34427] INFO  net.NetworkTopology (NetworkTopologyImpl.java:add(110)) - Added a new node: /default-rack/12a3f542-eaa3-41f8-9242-653e2388110a
2019-08-22 09:18:30,398 [IPC Server handler 0 on 34427] INFO  node.SCMNodeManager (SCMNodeManager.java:register(273)) - Registered Data node : 12a3f542-eaa3-41f8-9242-653e2388110a{ip: 192.168.36.85, host: pr-hdds-1898-9jx57-4170240974, networkLocation: /default-rack, certSerialId: null}
2019-08-22 09:18:30,401 [EventQueue-NodeRegistrationContainerReportForDataNodeSafeModeRule] INFO  safemode.SCMSafeModeManager (DataNodeSafeModeRule.java:process(71)) - SCM in safe mode. 1 DataNodes registered, 1 required.
2019-08-22 09:18:30,402 [EventQueue-NodeRegistrationContainerReportForContainerSafeModeRule] INFO  safemode.SCMSafeModeManager (SCMSafeModeManager.java:validateSafeModeExitRules(177)) - ScmSafeModeManager, all rules are successfully validated
2019-08-22 09:18:30,404 [EventQueue-NodeRegistrationContainerReportForContainerSafeModeRule] INFO  safemode.SCMSafeModeManager (SCMSafeModeManager.java:exitSafeMode(193)) - SCM exiting safe mode.
2019-08-22 09:18:30,410 | INFO  | SCMAudit | user=jenkins1000 | ip=192.168.36.85 | op=REGISTER {datanodeDetails=12a3f542-eaa3-41f8-9242-653e2388110a{ip: 192.168.36.85, host: pr-hdds-1898-9jx57-4170240974, networkLocation: /default-rack, certSerialId: null}} | ret=SUCCESS |  
2019-08-22 09:18:30,588 [IPC Server handler 3 on 34427] INFO  net.NetworkTopology (NetworkTopologyImpl.java:add(110)) - Added a new node: /default-rack/70168daa-7dae-4fec-be11-36b8f7c0b13e
2019-08-22 09:18:30,589 [IPC Server handler 3 on 34427] INFO  node.SCMNodeManager (SCMNodeManager.java:register(273)) - Registered Data node : 70168daa-7dae-4fec-be11-36b8f7c0b13e{ip: 192.168.36.85, host: pr-hdds-1898-9jx57-4170240974, networkLocation: /default-rack, certSerialId: null}
2019-08-22 09:18:30,589 | INFO  | SCMAudit | user=jenkins1000 | ip=192.168.36.85 | op=REGISTER {datanodeDetails=70168daa-7dae-4fec-be11-36b8f7c0b13e{ip: 192.168.36.85, host: pr-hdds-1898-9jx57-4170240974, networkLocation: /default-rack, certSerialId: null}} | ret=SUCCESS |  
2019-08-22 09:18:31,108 [main] INFO  ozone.MiniOzoneClusterImpl (MiniOzoneClusterImpl.java:lambda$waitForClusterToBeReady$0(142)) - Waiting for cluster to be ready. Got 2 of 7 DN Heartbeats.
2019-08-22 09:18:31,113 [IPC Server handler 6 on 34427] INFO  net.NetworkTopology (NetworkTopologyImpl.java:add(110)) - Added a new node: /default-rack/ba917a70-9edc-40fd-8c87-6f988a09c858
2019-08-22 09:18:31,113 [IPC Server handler 6 on 34427] INFO  node.SCMNodeManager (SCMNodeManager.java:register(273)) - Registered Data node : ba917a70-9edc-40fd-8c87-6f988a09c858{ip: 192.168.36.85, host: pr-hdds-1898-9jx57-4170240974, networkLocation: /default-rack, certSerialId: null}
2019-08-22 09:18:31,113 [IPC Server handler 4 on 34427] INFO  net.NetworkTopology (NetworkTopologyImpl.java:add(110)) - Added a new node: /default-rack/2e502478-34c1-4a4b-9702-a9321f11dbb4
2019-08-22 09:18:31,119 [IPC Server handler 4 on 34427] INFO  node.SCMNodeManager (SCMNodeManager.java:register(273)) - Registered Data node : 2e502478-34c1-4a4b-9702-a9321f11dbb4{ip: 192.168.36.85, host: pr-hdds-1898-9jx57-4170240974, networkLocation: /default-rack, certSerialId: null}
2019-08-22 09:18:31,119 | INFO  | SCMAudit | user=jenkins1000 | ip=192.168.36.85 | op=REGISTER {datanodeDetails=ba917a70-9edc-40fd-8c87-6f988a09c858{ip: 192.168.36.85, host: pr-hdds-1898-9jx57-4170240974, networkLocation: /default-rack, certSerialId: null}} | ret=SUCCESS |  
2019-08-22 09:18:31,119 | INFO  | SCMAudit | user=jenkins1000 | ip=192.168.36.85 | op=REGISTER {datanodeDetails=2e502478-34c1-4a4b-9702-a9321f11dbb4{ip: 192.168.36.85, host: pr-hdds-1898-9jx57-4170240974, networkLocation: /default-rack, certSerialId: null}} | ret=SUCCESS |  
2019-08-22 09:18:31,259 [IPC Server handler 1 on 34427] INFO  net.NetworkTopology (NetworkTopologyImpl.java:add(110)) - Added a new node: /default-rack/4b6d0314-6f83-4f2a-b37f-5169ffd221d4
2019-08-22 09:18:31,259 [IPC Server handler 1 on 34427] INFO  node.SCMNodeManager (SCMNodeManager.java:register(273)) - Registered Data node : 4b6d0314-6f83-4f2a-b37f-5169ffd221d4{ip: 192.168.36.85, host: pr-hdds-1898-9jx57-4170240974, networkLocation: /default-rack, certSerialId: null}
2019-08-22 09:18:31,260 | INFO  | SCMAudit | user=jenkins1000 | ip=192.168.36.85 | op=REGISTER {datanodeDetails=4b6d0314-6f83-4f2a-b37f-5169ffd221d4{ip: 192.168.36.85, host: pr-hdds-1898-9jx57-4170240974, networkLocation: /default-rack, certSerialId: null}} | ret=SUCCESS |  
2019-08-22 09:18:31,327 [grpc-default-executor-0] INFO  impl.RaftServerProxy (RaftServerProxy.java:addNew(89)) - 12a3f542-eaa3-41f8-9242-653e2388110a: addNew group-DE83A1DF5CF5:[12a3f542-eaa3-41f8-9242-653e2388110a:192.168.36.85:36496] returns group-DE83A1DF5CF5:java.util.concurrent.CompletableFuture@7b6870af[Not completed]
2019-08-22 09:18:31,349 [pool-27-thread-1] INFO  impl.RaftServerImpl (RaftServerImpl.java:<init>(93)) - 12a3f542-eaa3-41f8-9242-653e2388110a: new RaftServerImpl for group-DE83A1DF5CF5:[12a3f542-eaa3-41f8-9242-653e2388110a:192.168.36.85:36496] with ContainerStateMachine:uninitialized
2019-08-22 09:18:31,351 [pool-27-thread-1] INFO  server.RaftServerConfigKeys (ConfUtils.java:logGet(43)) - raft.server.rpc.timeout.min = 5s (custom)
2019-08-22 09:18:31,353 [pool-27-thread-1] INFO  server.RaftServerConfigKeys (ConfUtils.java:logGet(43)) - raft.server.rpc.timeout.max = 5200ms (custom)
2019-08-22 09:18:31,353 [pool-27-thread-1] INFO  server.RaftServerConfigKeys (ConfUtils.java:logGet(43)) - raft.server.rpcslowness.timeout = 120s (custom)
2019-08-22 09:18:31,353 [pool-27-thread-1] INFO  server.RaftServerConfigKeys (ConfUtils.java:logGet(43)) - raft.server.sleep.deviation.threshold = 300 (default)
2019-08-22 09:18:31,354 [pool-27-thread-1] INFO  server.RaftServerConfigKeys (ConfUtils.java:logGet(43)) - raft.server.log.appender.install.snapshot.enabled = false (custom)
2019-08-22 09:18:31,361 [pool-27-thread-1] INFO  impl.RaftServerImpl (ServerState.java:<init>(105)) - 12a3f542-eaa3-41f8-9242-653e2388110a:group-DE83A1DF5CF5 ConfigurationManager, init=-1: [12a3f542-eaa3-41f8-9242-653e2388110a:192.168.36.85:36496], old=null, confs=<EMPTY_MAP>
2019-08-22 09:18:31,361 [pool-27-thread-1] INFO  server.RaftServerConfigKeys (ConfUtils.java:logGet(43)) - raft.server.storage.dir = [/workdir/hadoop-ozone/integration-test/target/test-dir/MiniOzoneClusterImpl-cf4d0e4d-ce27-4b81-b116-ed410f7e9b07/datanode-0/data/ratis] (custom)
2019-08-22 09:18:31,368 [pool-27-thread-1] INFO  storage.RaftStorageDirectory (RaftStorageDirectory.java:analyzeStorage(246)) - The storage directory /workdir/hadoop-ozone/integration-test/target/test-dir/MiniOzoneClusterImpl-cf4d0e4d-ce27-4b81-b116-ed410f7e9b07/datanode-0/data/ratis/cede34e8-5593-4838-bccc-de83a1df5cf5 does not exist. Creating ...
2019-08-22 09:18:31,391 [pool-27-thread-1] INFO  storage.RaftStorageDirectory (RaftStorageDirectory.java:tryLock(328)) - Lock on /workdir/hadoop-ozone/integration-test/target/test-dir/MiniOzoneClusterImpl-cf4d0e4d-ce27-4b81-b116-ed410f7e9b07/datanode-0/data/ratis/cede34e8-5593-4838-bccc-de83a1df5cf5/in_use.lock acquired by nodename 23417@pr-hdds-1898-9jx57-4170240974
2019-08-22 09:18:31,408 [pool-27-thread-1] INFO  storage.RaftStorage (RaftStorage.java:format(72)) - Storage directory /workdir/hadoop-ozone/integration-test/target/test-dir/MiniOzoneClusterImpl-cf4d0e4d-ce27-4b81-b116-ed410f7e9b07/datanode-0/data/ratis/cede34e8-5593-4838-bccc-de83a1df5cf5 has been successfully formatted.
2019-08-22 09:18:31,411 [pool-27-thread-1] INFO  ratis.ContainerStateMachine (ContainerStateMachine.java:loadSnapshot(226)) - group-DE83A1DF5CF5: The snapshot info is null. Setting the last applied indexto:(t:0, i:~)
2019-08-22 09:18:31,411 [pool-27-thread-1] INFO  server.RaftServerConfigKeys (ConfUtils.java:logGet(43)) - raft.server.leader.election.timeout = 120s (custom)
2019-08-22 09:18:31,413 [pool-27-thread-1] INFO  server.RaftServerConfigKeys (ConfUtils.java:logGet(43)) - raft.server.log.use.memory = false (default)
2019-08-22 09:18:31,418 [pool-27-thread-1] INFO  server.RaftServerConfigKeys (ConfUtils.java:logGet(43)) - raft.server.log.purge.gap = 1000000 (custom)
2019-08-22 09:18:31,418 [pool-27-thread-1] INFO  server.RaftServerConfigKeys (ConfUtils.java:logGet(43)) - raft.server.log.appender.buffer.byte-limit = 33554432 (custom)
2019-08-22 09:18:31,420 [pool-27-thread-1] INFO  server.RaftServerConfigKeys (ConfUtils.java:logGet(43)) - raft.server.log.segment.size.max = 1048576 (custom)
2019-08-22 09:18:31,424 [pool-27-thread-1] INFO  server.RaftServerConfigKeys (ConfUtils.java:logGet(43)) - raft.server.log.segment.cache.num.max = 2 (custom)
2019-08-22 09:18:31,429 [pool-27-thread-1] INFO  segmented.SegmentedRaftLogWorker (SegmentedRaftLogWorker.java:<init>(172)) - new 12a3f542-eaa3-41f8-9242-653e2388110a-SegmentedRaftLogWorker:Storage Directory /workdir/hadoop-ozone/integration-test/target/test-dir/MiniOzoneClusterImpl-cf4d0e4d-ce27-4b81-b116-ed410f7e9b07/datanode-0/data/ratis/cede34e8-5593-4838-bccc-de83a1df5cf5 for RaftStorage:Storage Directory /workdir/hadoop-ozone/integration-test/target/test-dir/MiniOzoneClusterImpl-cf4d0e4d-ce27-4b81-b116-ed410f7e9b07/datanode-0/data/ratis/cede34e8-5593-4838-bccc-de83a1df5cf5
2019-08-22 09:18:31,440 [pool-27-thread-1] INFO  server.RaftServerConfigKeys (ConfUtils.java:logGet(43)) - raft.server.log.queue.byte-limit = 2147483647 (custom)
2019-08-22 09:18:31,440 [pool-27-thread-1] INFO  server.RaftServerConfigKeys (ConfUtils.java:logGet(43)) - raft.server.log.queue.element-limit = 1024 (custom)
2019-08-22 09:18:31,444 [pool-27-thread-1] INFO  server.RaftServerConfigKeys (ConfUtils.java:logGet(43)) - raft.server.log.segment.size.max = 1048576 (custom)
2019-08-22 09:18:31,445 [pool-27-thread-1] INFO  server.RaftServerConfigKeys (ConfUtils.java:logGet(43)) - raft.server.log.preallocated.size = 16384 (custom)
2019-08-22 09:18:31,445 [pool-27-thread-1] INFO  server.RaftServerConfigKeys (ConfUtils.java:logGet(43)) - raft.server.log.write.buffer.size = 33554432 (custom)
2019-08-22 09:18:31,446 [pool-27-thread-1] INFO  server.RaftServerConfigKeys (ConfUtils.java:logGet(43)) - raft.server.log.force.sync.num = 128 (default)
2019-08-22 09:18:31,446 [pool-27-thread-1] INFO  server.RaftServerConfigKeys (ConfUtils.java:logGet(43)) - raft.server.log.statemachine.data.sync = true (default)
2019-08-22 09:18:31,446 [pool-27-thread-1] INFO  server.RaftServerConfigKeys (ConfUtils.java:logGet(43)) - raft.server.log.statemachine.data.sync.timeout = 10s (default)
2019-08-22 09:18:31,447 [pool-27-thread-1] INFO  server.RaftServerConfigKeys (ConfUtils.java:logGet(43)) - raft.server.log.statemachine.data.sync.timeout.retry = -1 (default)
2019-08-22 09:18:31,455 [pool-27-thread-1] INFO  server.RaftServerConfigKeys (ConfUtils.java:logGet(43)) - raft.server.log.statemachine.data.caching.enabled = true (custom)
2019-08-22 09:18:31,459 [pool-27-thread-1] INFO  segmented.SegmentedRaftLogWorker (SegmentedRaftLogWorker.java:lambda$new$0(132)) - 12a3f542-eaa3-41f8-9242-653e2388110a-SegmentedRaftLogWorker:Storage Directory /workdir/hadoop-ozone/integration-test/target/test-dir/MiniOzoneClusterImpl-cf4d0e4d-ce27-4b81-b116-ed410f7e9b07/datanode-0/data/ratis/cede34e8-5593-4838-bccc-de83a1df5cf5: flushIndex: setUnconditionally 0 -> -1
2019-08-22 09:18:31,464 [pool-27-thread-1] INFO  server.RaftServerConfigKeys (ConfUtils.java:logGet(43)) - raft.server.snapshot.auto.trigger.enabled = true (custom)
2019-08-22 09:18:31,465 [pool-27-thread-1] INFO  server.RaftServerConfigKeys (ConfUtils.java:logGet(43)) - raft.server.snapshot.auto.trigger.threshold = 10000 (custom)
2019-08-22 09:18:31,465 [pool-27-thread-1] INFO  server.RaftServerConfigKeys (ConfUtils.java:logGet(43)) - raft.server.retrycache.expirytime = 600000ms (custom)
2019-08-22 09:18:31,486 [pool-27-thread-1] INFO  impl.RaftServerImpl (RaftServerImpl.java:start(180)) - 12a3f542-eaa3-41f8-9242-653e2388110a: start group-DE83A1DF5CF5
2019-08-22 09:18:31,487 [pool-27-thread-1] INFO  impl.RaftServerImpl (RaftServerImpl.java:setRole(171)) - 12a3f542-eaa3-41f8-9242-653e2388110a:group-DE83A1DF5CF5 changes role from null to FOLLOWER at term 0 for startAsFollower
2019-08-22 09:18:31,488 [pool-27-thread-1] INFO  impl.RoleInfo (RoleInfo.java:updateAndGet(143)) - 12a3f542-eaa3-41f8-9242-653e2388110a: start FollowerState
2019-08-22 09:18:31,490 [pool-27-thread-1] INFO  util.JmxRegister (JmxRegister.java:tryRegister(44)) - Successfully registered JMX Bean with object name Ratis:service=RaftServer,group=group-DE83A1DF5CF5,id=12a3f542-eaa3-41f8-9242-653e2388110a
2019-08-22 09:18:31,542 [RatisPipelineUtilsThread] INFO  pipeline.PipelineStateManager (PipelineStateManager.java:addPipeline(56)) - Created pipeline Pipeline[ Id: cede34e8-5593-4838-bccc-de83a1df5cf5, Nodes: 12a3f542-eaa3-41f8-9242-653e2388110a{ip: 192.168.36.85, host: pr-hdds-1898-9jx57-4170240974, networkLocation: /default-rack, certSerialId: null}, Type:RATIS, Factor:ONE, State:OPEN]
2019-08-22 09:18:31,570 [grpc-default-executor-0] INFO  impl.RaftServerProxy (RaftServerProxy.java:addNew(89)) - 4b6d0314-6f83-4f2a-b37f-5169ffd221d4: addNew group-EA01E9C0F49C:[4b6d0314-6f83-4f2a-b37f-5169ffd221d4:192.168.36.85:44123] returns group-EA01E9C0F49C:java.util.concurrent.CompletableFuture@10bf1255[Not completed]
2019-08-22 09:18:31,577 [IPC Server handler 3 on 34427] INFO  net.NetworkTopology (NetworkTopologyImpl.java:add(110)) - Added a new node: /default-rack/2657734f-6a71-4b27-b9ea-baa03e97c1c3
2019-08-22 09:18:31,584 [IPC Server handler 3 on 34427] INFO  node.SCMNodeManager (SCMNodeManager.java:register(273)) - Registered Data node : 2657734f-6a71-4b27-b9ea-baa03e97c1c3{ip: 192.168.36.85, host: pr-hdds-1898-9jx57-4170240974, networkLocation: /default-rack, certSerialId: null}
2019-08-22 09:18:31,602 | INFO  | SCMAudit | user=jenkins1000 | ip=192.168.36.85 | op=REGISTER {datanodeDetails=2657734f-6a71-4b27-b9ea-baa03e97c1c3{ip: 192.168.36.85, host: pr-hdds-1898-9jx57-4170240974, networkLocation: /default-rack, certSerialId: null}} | ret=SUCCESS |  
2019-08-22 09:18:31,624 [pool-71-thread-1] INFO  impl.RaftServerImpl (RaftServerImpl.java:<init>(93)) - 4b6d0314-6f83-4f2a-b37f-5169ffd221d4: new RaftServerImpl for group-EA01E9C0F49C:[4b6d0314-6f83-4f2a-b37f-5169ffd221d4:192.168.36.85:44123] with ContainerStateMachine:uninitialized
2019-08-22 09:18:31,625 [pool-71-thread-1] INFO  server.RaftServerConfigKeys (ConfUtils.java:logGet(43)) - raft.server.rpc.timeout.min = 5s (custom)
2019-08-22 09:18:31,626 [pool-71-thread-1] INFO  server.RaftServerConfigKeys (ConfUtils.java:logGet(43)) - raft.server.rpc.timeout.max = 5200ms (custom)
2019-08-22 09:18:31,626 [pool-71-thread-1] INFO  server.RaftServerConfigKeys (ConfUtils.java:logGet(43)) - raft.server.rpcslowness.timeout = 120s (custom)
2019-08-22 09:18:31,626 [pool-71-thread-1] INFO  server.RaftServerConfigKeys (ConfUtils.java:logGet(43)) - raft.server.sleep.deviation.threshold = 300 (default)
2019-08-22 09:18:31,626 [pool-71-thread-1] INFO  server.RaftServerConfigKeys (ConfUtils.java:logGet(43)) - raft.server.log.appender.install.snapshot.enabled = false (custom)
2019-08-22 09:18:31,626 [pool-71-thread-1] INFO  impl.RaftServerImpl (ServerState.java:<init>(105)) - 4b6d0314-6f83-4f2a-b37f-5169ffd221d4:group-EA01E9C0F49C ConfigurationManager, init=-1: [4b6d0314-6f83-4f2a-b37f-5169ffd221d4:192.168.36.85:44123], old=null, confs=<EMPTY_MAP>
2019-08-22 09:18:31,627 [pool-71-thread-1] INFO  server.RaftServerConfigKeys (ConfUtils.java:logGet(43)) - raft.server.storage.dir = [/workdir/hadoop-ozone/integration-test/target/test-dir/MiniOzoneClusterImpl-cf4d0e4d-ce27-4b81-b116-ed410f7e9b07/datanode-4/data/ratis] (custom)
2019-08-22 09:18:31,627 [pool-71-thread-1] INFO  storage.RaftStorageDirectory (RaftStorageDirectory.java:analyzeStorage(246)) - The storage directory /workdir/hadoop-ozone/integration-test/target/test-dir/MiniOzoneClusterImpl-cf4d0e4d-ce27-4b81-b116-ed410f7e9b07/datanode-4/data/ratis/335e68b3-8868-45e2-aa62-ea01e9c0f49c does not exist. Creating ...
2019-08-22 09:18:31,650 [pool-71-thread-1] INFO  storage.RaftStorageDirectory (RaftStorageDirectory.java:tryLock(328)) - Lock on /workdir/hadoop-ozone/integration-test/target/test-dir/MiniOzoneClusterImpl-cf4d0e4d-ce27-4b81-b116-ed410f7e9b07/datanode-4/data/ratis/335e68b3-8868-45e2-aa62-ea01e9c0f49c/in_use.lock acquired by nodename 23417@pr-hdds-1898-9jx57-4170240974
2019-08-22 09:18:31,676 [pool-71-thread-1] INFO  storage.RaftStorage (RaftStorage.java:format(72)) - Storage directory /workdir/hadoop-ozone/integration-test/target/test-dir/MiniOzoneClusterImpl-cf4d0e4d-ce27-4b81-b116-ed410f7e9b07/datanode-4/data/ratis/335e68b3-8868-45e2-aa62-ea01e9c0f49c has been successfully formatted.
2019-08-22 09:18:31,678 [pool-71-thread-1] INFO  ratis.ContainerStateMachine (ContainerStateMachine.java:loadSnapshot(226)) - group-EA01E9C0F49C: The snapshot info is null. Setting the last applied indexto:(t:0, i:~)
2019-08-22 09:18:31,684 [pool-71-thread-1] INFO  server.RaftServerConfigKeys (ConfUtils.java:logGet(43)) - raft.server.leader.election.timeout = 120s (custom)
2019-08-22 09:18:31,684 [pool-71-thread-1] INFO  server.RaftServerConfigKeys (ConfUtils.java:logGet(43)) - raft.server.log.use.memory = false (default)
2019-08-22 09:18:31,685 [pool-71-thread-1] INFO  server.RaftServerConfigKeys (ConfUtils.java:logGet(43)) - raft.server.log.purge.gap = 1000000 (custom)
2019-08-22 09:18:31,685 [pool-71-thread-1] INFO  server.RaftServerConfigKeys (ConfUtils.java:logGet(43)) - raft.server.log.appender.buffer.byte-limit = 33554432 (custom)
2019-08-22 09:18:31,685 [pool-71-thread-1] INFO  server.RaftServerConfigKeys (ConfUtils.java:logGet(43)) - raft.server.log.segment.size.max = 1048576 (custom)
2019-08-22 09:18:31,685 [pool-71-thread-1] INFO  server.RaftServerConfigKeys (ConfUtils.java:logGet(43)) - raft.server.log.segment.cache.num.max = 2 (custom)
2019-08-22 09:18:31,685 [pool-71-thread-1] INFO  segmented.SegmentedRaftLogWorker (SegmentedRaftLogWorker.java:<init>(172)) - new 4b6d0314-6f83-4f2a-b37f-5169ffd221d4-SegmentedRaftLogWorker:Storage Directory /workdir/hadoop-ozone/integration-test/target/test-dir/MiniOzoneClusterImpl-cf4d0e4d-ce27-4b81-b116-ed410f7e9b07/datanode-4/data/ratis/335e68b3-8868-45e2-aa62-ea01e9c0f49c for RaftStorage:Storage Directory /workdir/hadoop-ozone/integration-test/target/test-dir/MiniOzoneClusterImpl-cf4d0e4d-ce27-4b81-b116-ed410f7e9b07/datanode-4/data/ratis/335e68b3-8868-45e2-aa62-ea01e9c0f49c
2019-08-22 09:18:31,686 [pool-71-thread-1] INFO  server.RaftServerConfigKeys (ConfUtils.java:logGet(43)) - raft.server.log.queue.byte-limit = 2147483647 (custom)
2019-08-22 09:18:31,686 [pool-71-thread-1] INFO  server.RaftServerConfigKeys (ConfUtils.java:logGet(43)) - raft.server.log.queue.element-limit = 1024 (custom)
2019-08-22 09:18:31,687 [pool-71-thread-1] INFO  server.RaftServerConfigKeys (ConfUtils.java:logGet(43)) - raft.server.log.segment.size.max = 1048576 (custom)
2019-08-22 09:18:31,687 [pool-71-thread-1] INFO  server.RaftServerConfigKeys (ConfUtils.java:logGet(43)) - raft.server.log.preallocated.size = 16384 (custom)
2019-08-22 09:18:31,687 [pool-71-thread-1] INFO  server.RaftServerConfigKeys (ConfUtils.java:logGet(43)) - raft.server.log.write.buffer.size = 33554432 (custom)
2019-08-22 09:18:31,687 [pool-71-thread-1] INFO  server.RaftServerConfigKeys (ConfUtils.java:logGet(43)) - raft.server.log.force.sync.num = 128 (default)
2019-08-22 09:18:31,687 [pool-71-thread-1] INFO  server.RaftServerConfigKeys (ConfUtils.java:logGet(43)) - raft.server.log.statemachine.data.sync = true (default)
2019-08-22 09:18:31,687 [pool-71-thread-1] INFO  server.RaftServerConfigKeys (ConfUtils.java:logGet(43)) - raft.server.log.statemachine.data.sync.timeout = 10s (default)
2019-08-22 09:18:31,688 [pool-71-thread-1] INFO  server.RaftServerConfigKeys (ConfUtils.java:logGet(43)) - raft.server.log.statemachine.data.sync.timeout.retry = -1 (default)
2019-08-22 09:18:31,688 [pool-71-thread-1] INFO  server.RaftServerConfigKeys (ConfUtils.java:logGet(43)) - raft.server.log.statemachine.data.caching.enabled = true (custom)
2019-08-22 09:18:31,688 [pool-71-thread-1] INFO  segmented.SegmentedRaftLogWorker (SegmentedRaftLogWorker.java:lambda$new$0(132)) - 4b6d0314-6f83-4f2a-b37f-5169ffd221d4-SegmentedRaftLogWorker:Storage Directory /workdir/hadoop-ozone/integration-test/target/test-dir/MiniOzoneClusterImpl-cf4d0e4d-ce27-4b81-b116-ed410f7e9b07/datanode-4/data/ratis/335e68b3-8868-45e2-aa62-ea01e9c0f49c: flushIndex: setUnconditionally 0 -> -1
2019-08-22 09:18:31,688 [pool-71-thread-1] INFO  server.RaftServerConfigKeys (ConfUtils.java:logGet(43)) - raft.server.snapshot.auto.trigger.enabled = true (custom)
2019-08-22 09:18:31,689 [pool-71-thread-1] INFO  server.RaftServerConfigKeys (ConfUtils.java:logGet(43)) - raft.server.snapshot.auto.trigger.threshold = 10000 (custom)
2019-08-22 09:18:31,689 [pool-71-thread-1] INFO  server.RaftServerConfigKeys (ConfUtils.java:logGet(43)) - raft.server.retrycache.expirytime = 600000ms (custom)
2019-08-22 09:18:31,689 [pool-71-thread-1] INFO  impl.RaftServerImpl (RaftServerImpl.java:start(180)) - 4b6d0314-6f83-4f2a-b37f-5169ffd221d4: start group-EA01E9C0F49C
2019-08-22 09:18:31,689 [pool-71-thread-1] INFO  impl.RaftServerImpl (RaftServerImpl.java:setRole(171)) - 4b6d0314-6f83-4f2a-b37f-5169ffd221d4:group-EA01E9C0F49C changes role from null to FOLLOWER at term 0 for startAsFollower
2019-08-22 09:18:31,689 [pool-71-thread-1] INFO  impl.RoleInfo (RoleInfo.java:updateAndGet(143)) - 4b6d0314-6f83-4f2a-b37f-5169ffd221d4: start FollowerState
2019-08-22 09:18:31,691 [pool-71-thread-1] INFO  util.JmxRegister (JmxRegister.java:tryRegister(44)) - Successfully registered JMX Bean with object name Ratis:service=RaftServer,group=group-EA01E9C0F49C,id=4b6d0314-6f83-4f2a-b37f-5169ffd221d4
2019-08-22 09:18:31,706 [RatisPipelineUtilsThread] INFO  pipeline.PipelineStateManager (PipelineStateManager.java:addPipeline(56)) - Created pipeline Pipeline[ Id: 335e68b3-8868-45e2-aa62-ea01e9c0f49c, Nodes: 4b6d0314-6f83-4f2a-b37f-5169ffd221d4{ip: 192.168.36.85, host: pr-hdds-1898-9jx57-4170240974, networkLocation: /default-rack, certSerialId: null}, Type:RATIS, Factor:ONE, State:OPEN]
2019-08-22 09:18:31,731 [grpc-default-executor-0] INFO  impl.RaftServerProxy (RaftServerProxy.java:addNew(89)) - 2657734f-6a71-4b27-b9ea-baa03e97c1c3: addNew group-DFBE700A134D:[2657734f-6a71-4b27-b9ea-baa03e97c1c3:192.168.36.85:36700] returns group-DFBE700A134D:java.util.concurrent.CompletableFuture@194cd940[Not completed]
2019-08-22 09:18:31,746 [pool-82-thread-1] INFO  impl.RaftServerImpl (RaftServerImpl.java:<init>(93)) - 2657734f-6a71-4b27-b9ea-baa03e97c1c3: new RaftServerImpl for group-DFBE700A134D:[2657734f-6a71-4b27-b9ea-baa03e97c1c3:192.168.36.85:36700] with ContainerStateMachine:uninitialized
2019-08-22 09:18:31,747 [pool-82-thread-1] INFO  server.RaftServerConfigKeys (ConfUtils.java:logGet(43)) - raft.server.rpc.timeout.min = 5s (custom)
2019-08-22 09:18:31,747 [pool-82-thread-1] INFO  server.RaftServerConfigKeys (ConfUtils.java:logGet(43)) - raft.server.rpc.timeout.max = 5200ms (custom)
2019-08-22 09:18:31,747 [pool-82-thread-1] INFO  server.RaftServerConfigKeys (ConfUtils.java:logGet(43)) - raft.server.rpcslowness.timeout = 120s (custom)
2019-08-22 09:18:31,747 [pool-82-thread-1] INFO  server.RaftServerConfigKeys (ConfUtils.java:logGet(43)) - raft.server.sleep.deviation.threshold = 300 (default)
2019-08-22 09:18:31,747 [pool-82-thread-1] INFO  server.RaftServerConfigKeys (ConfUtils.java:logGet(43)) - raft.server.log.appender.install.snapshot.enabled = false (custom)
2019-08-22 09:18:31,747 [pool-82-thread-1] INFO  impl.RaftServerImpl (ServerState.java:<init>(105)) - 2657734f-6a71-4b27-b9ea-baa03e97c1c3:group-DFBE700A134D ConfigurationManager, init=-1: [2657734f-6a71-4b27-b9ea-baa03e97c1c3:192.168.36.85:36700], old=null, confs=<EMPTY_MAP>
2019-08-22 09:18:31,748 [pool-82-thread-1] INFO  server.RaftServerConfigKeys (ConfUtils.java:logGet(43)) - raft.server.storage.dir = [/workdir/hadoop-ozone/integration-test/target/test-dir/MiniOzoneClusterImpl-cf4d0e4d-ce27-4b81-b116-ed410f7e9b07/datanode-5/data/ratis] (custom)
2019-08-22 09:18:31,748 [pool-82-thread-1] INFO  storage.RaftStorageDirectory (RaftStorageDirectory.java:analyzeStorage(246)) - The storage directory /workdir/hadoop-ozone/integration-test/target/test-dir/MiniOzoneClusterImpl-cf4d0e4d-ce27-4b81-b116-ed410f7e9b07/datanode-5/data/ratis/f6806577-2591-4568-8b90-dfbe700a134d does not exist. Creating ...
2019-08-22 09:18:31,776 [pool-82-thread-1] INFO  storage.RaftStorageDirectory (RaftStorageDirectory.java:tryLock(328)) - Lock on /workdir/hadoop-ozone/integration-test/target/test-dir/MiniOzoneClusterImpl-cf4d0e4d-ce27-4b81-b116-ed410f7e9b07/datanode-5/data/ratis/f6806577-2591-4568-8b90-dfbe700a134d/in_use.lock acquired by nodename 23417@pr-hdds-1898-9jx57-4170240974
2019-08-22 09:18:31,781 [IPC Server handler 2 on 34427] INFO  net.NetworkTopology (NetworkTopologyImpl.java:add(110)) - Added a new node: /default-rack/b97a343a-dda1-4b47-81df-1468ac752697
2019-08-22 09:18:31,781 [IPC Server handler 2 on 34427] INFO  node.SCMNodeManager (SCMNodeManager.java:register(273)) - Registered Data node : b97a343a-dda1-4b47-81df-1468ac752697{ip: 192.168.36.85, host: pr-hdds-1898-9jx57-4170240974, networkLocation: /default-rack, certSerialId: null}
2019-08-22 09:18:31,782 | INFO  | SCMAudit | user=jenkins1000 | ip=192.168.36.85 | op=REGISTER {datanodeDetails=b97a343a-dda1-4b47-81df-1468ac752697{ip: 192.168.36.85, host: pr-hdds-1898-9jx57-4170240974, networkLocation: /default-rack, certSerialId: null}} | ret=SUCCESS |  
2019-08-22 09:18:31,802 [pool-82-thread-1] INFO  storage.RaftStorage (RaftStorage.java:format(72)) - Storage directory /workdir/hadoop-ozone/integration-test/target/test-dir/MiniOzoneClusterImpl-cf4d0e4d-ce27-4b81-b116-ed410f7e9b07/datanode-5/data/ratis/f6806577-2591-4568-8b90-dfbe700a134d has been successfully formatted.
2019-08-22 09:18:31,802 [pool-82-thread-1] INFO  ratis.ContainerStateMachine (ContainerStateMachine.java:loadSnapshot(226)) - group-DFBE700A134D: The snapshot info is null. Setting the last applied indexto:(t:0, i:~)
2019-08-22 09:18:31,802 [pool-82-thread-1] INFO  server.RaftServerConfigKeys (ConfUtils.java:logGet(43)) - raft.server.leader.election.timeout = 120s (custom)
2019-08-22 09:18:31,802 [pool-82-thread-1] INFO  server.RaftServerConfigKeys (ConfUtils.java:logGet(43)) - raft.server.log.use.memory = false (default)
2019-08-22 09:18:31,803 [pool-82-thread-1] INFO  server.RaftServerConfigKeys (ConfUtils.java:logGet(43)) - raft.server.log.purge.gap = 1000000 (custom)
2019-08-22 09:18:31,803 [pool-82-thread-1] INFO  server.RaftServerConfigKeys (ConfUtils.java:logGet(43)) - raft.server.log.appender.buffer.byte-limit = 33554432 (custom)
2019-08-22 09:18:31,803 [pool-82-thread-1] INFO  server.RaftServerConfigKeys (ConfUtils.java:logGet(43)) - raft.server.log.segment.size.max = 1048576 (custom)
2019-08-22 09:18:31,803 [pool-82-thread-1] INFO  server.RaftServerConfigKeys (ConfUtils.java:logGet(43)) - raft.server.log.segment.cache.num.max = 2 (custom)
2019-08-22 09:18:31,803 [pool-82-thread-1] INFO  segmented.SegmentedRaftLogWorker (SegmentedRaftLogWorker.java:<init>(172)) - new 2657734f-6a71-4b27-b9ea-baa03e97c1c3-SegmentedRaftLogWorker:Storage Directory /workdir/hadoop-ozone/integration-test/target/test-dir/MiniOzoneClusterImpl-cf4d0e4d-ce27-4b81-b116-ed410f7e9b07/datanode-5/data/ratis/f6806577-2591-4568-8b90-dfbe700a134d for RaftStorage:Storage Directory /workdir/hadoop-ozone/integration-test/target/test-dir/MiniOzoneClusterImpl-cf4d0e4d-ce27-4b81-b116-ed410f7e9b07/datanode-5/data/ratis/f6806577-2591-4568-8b90-dfbe700a134d
2019-08-22 09:18:31,803 [pool-82-thread-1] INFO  server.RaftServerConfigKeys (ConfUtils.java:logGet(43)) - raft.server.log.queue.byte-limit = 2147483647 (custom)
2019-08-22 09:18:31,804 [pool-82-thread-1] INFO  server.RaftServerConfigKeys (ConfUtils.java:logGet(43)) - raft.server.log.queue.element-limit = 1024 (custom)
2019-08-22 09:18:31,804 [pool-82-thread-1] INFO  server.RaftServerConfigKeys (ConfUtils.java:logGet(43)) - raft.server.log.segment.size.max = 1048576 (custom)
2019-08-22 09:18:31,804 [pool-82-thread-1] INFO  server.RaftServerConfigKeys (ConfUtils.java:logGet(43)) - raft.server.log.preallocated.size = 16384 (custom)
2019-08-22 09:18:31,804 [pool-82-thread-1] INFO  server.RaftServerConfigKeys (ConfUtils.java:logGet(43)) - raft.server.log.write.buffer.size = 33554432 (custom)
2019-08-22 09:18:31,804 [pool-82-thread-1] INFO  server.RaftServerConfigKeys (ConfUtils.java:logGet(43)) - raft.server.log.force.sync.num = 128 (default)
2019-08-22 09:18:31,804 [pool-82-thread-1] INFO  server.RaftServerConfigKeys (ConfUtils.java:logGet(43)) - raft.server.log.statemachine.data.sync = true (default)
2019-08-22 09:18:31,805 [pool-82-thread-1] INFO  server.RaftServerConfigKeys (ConfUtils.java:logGet(43)) - raft.server.log.statemachine.data.sync.timeout = 10s (default)
2019-08-22 09:18:31,805 [pool-82-thread-1] INFO  server.RaftServerConfigKeys (ConfUtils.java:logGet(43)) - raft.server.log.statemachine.data.sync.timeout.retry = -1 (default)
2019-08-22 09:18:31,805 [pool-82-thread-1] INFO  server.RaftServerConfigKeys (ConfUtils.java:logGet(43)) - raft.server.log.statemachine.data.caching.enabled = true (custom)
2019-08-22 09:18:31,806 [pool-82-thread-1] INFO  segmented.SegmentedRaftLogWorker (SegmentedRaftLogWorker.java:lambda$new$0(132)) - 2657734f-6a71-4b27-b9ea-baa03e97c1c3-SegmentedRaftLogWorker:Storage Directory /workdir/hadoop-ozone/integration-test/target/test-dir/MiniOzoneClusterImpl-cf4d0e4d-ce27-4b81-b116-ed410f7e9b07/datanode-5/data/ratis/f6806577-2591-4568-8b90-dfbe700a134d: flushIndex: setUnconditionally 0 -> -1
2019-08-22 09:18:31,806 [pool-82-thread-1] INFO  server.RaftServerConfigKeys (ConfUtils.java:logGet(43)) - raft.server.snapshot.auto.trigger.enabled = true (custom)
2019-08-22 09:18:31,806 [pool-82-thread-1] INFO  server.RaftServerConfigKeys (ConfUtils.java:logGet(43)) - raft.server.snapshot.auto.trigger.threshold = 10000 (custom)
2019-08-22 09:18:31,806 [pool-82-thread-1] INFO  server.RaftServerConfigKeys (ConfUtils.java:logGet(43)) - raft.server.retrycache.expirytime = 600000ms (custom)
2019-08-22 09:18:31,807 [pool-82-thread-1] INFO  impl.RaftServerImpl (RaftServerImpl.java:start(180)) - 2657734f-6a71-4b27-b9ea-baa03e97c1c3: start group-DFBE700A134D
2019-08-22 09:18:31,807 [pool-82-thread-1] INFO  impl.RaftServerImpl (RaftServerImpl.java:setRole(171)) - 2657734f-6a71-4b27-b9ea-baa03e97c1c3:group-DFBE700A134D changes role from null to FOLLOWER at term 0 for startAsFollower
2019-08-22 09:18:31,807 [pool-82-thread-1] INFO  impl.RoleInfo (RoleInfo.java:updateAndGet(143)) - 2657734f-6a71-4b27-b9ea-baa03e97c1c3: start FollowerState
2019-08-22 09:18:31,807 [pool-82-thread-1] INFO  util.JmxRegister (JmxRegister.java:tryRegister(44)) - Successfully registered JMX Bean with object name Ratis:service=RaftServer,group=group-DFBE700A134D,id=2657734f-6a71-4b27-b9ea-baa03e97c1c3
2019-08-22 09:18:31,819 [RatisPipelineUtilsThread] INFO  pipeline.PipelineStateManager (PipelineStateManager.java:addPipeline(56)) - Created pipeline Pipeline[ Id: f6806577-2591-4568-8b90-dfbe700a134d, Nodes: 2657734f-6a71-4b27-b9ea-baa03e97c1c3{ip: 192.168.36.85, host: pr-hdds-1898-9jx57-4170240974, networkLocation: /default-rack, certSerialId: null}, Type:RATIS, Factor:ONE, State:OPEN]
2019-08-22 09:18:31,840 [grpc-default-executor-0] INFO  impl.RaftServerProxy (RaftServerProxy.java:addNew(89)) - b97a343a-dda1-4b47-81df-1468ac752697: addNew group-CA15AB69A4C6:[b97a343a-dda1-4b47-81df-1468ac752697:192.168.36.85:41515] returns group-CA15AB69A4C6:java.util.concurrent.CompletableFuture@60acdbfa[Not completed]
2019-08-22 09:18:31,844 [pool-93-thread-1] INFO  impl.RaftServerImpl (RaftServerImpl.java:<init>(93)) - b97a343a-dda1-4b47-81df-1468ac752697: new RaftServerImpl for group-CA15AB69A4C6:[b97a343a-dda1-4b47-81df-1468ac752697:192.168.36.85:41515] with ContainerStateMachine:uninitialized
2019-08-22 09:18:31,844 [pool-93-thread-1] INFO  server.RaftServerConfigKeys (ConfUtils.java:logGet(43)) - raft.server.rpc.timeout.min = 5s (custom)
2019-08-22 09:18:31,845 [pool-93-thread-1] INFO  server.RaftServerConfigKeys (ConfUtils.java:logGet(43)) - raft.server.rpc.timeout.max = 5200ms (custom)
2019-08-22 09:18:31,845 [pool-93-thread-1] INFO  server.RaftServerConfigKeys (ConfUtils.java:logGet(43)) - raft.server.rpcslowness.timeout = 120s (custom)
2019-08-22 09:18:31,845 [pool-93-thread-1] INFO  server.RaftServerConfigKeys (ConfUtils.java:logGet(43)) - raft.server.sleep.deviation.threshold = 300 (default)
2019-08-22 09:18:31,845 [pool-93-thread-1] INFO  server.RaftServerConfigKeys (ConfUtils.java:logGet(43)) - raft.server.log.appender.install.snapshot.enabled = false (custom)
2019-08-22 09:18:31,845 [pool-93-thread-1] INFO  impl.RaftServerImpl (ServerState.java:<init>(105)) - b97a343a-dda1-4b47-81df-1468ac752697:group-CA15AB69A4C6 ConfigurationManager, init=-1: [b97a343a-dda1-4b47-81df-1468ac752697:192.168.36.85:41515], old=null, confs=<EMPTY_MAP>
2019-08-22 09:18:31,845 [pool-93-thread-1] INFO  server.RaftServerConfigKeys (ConfUtils.java:logGet(43)) - raft.server.storage.dir = [/workdir/hadoop-ozone/integration-test/target/test-dir/MiniOzoneClusterImpl-cf4d0e4d-ce27-4b81-b116-ed410f7e9b07/datanode-6/data/ratis] (custom)
2019-08-22 09:18:31,846 [pool-93-thread-1] INFO  storage.RaftStorageDirectory (RaftStorageDirectory.java:analyzeStorage(246)) - The storage directory /workdir/hadoop-ozone/integration-test/target/test-dir/MiniOzoneClusterImpl-cf4d0e4d-ce27-4b81-b116-ed410f7e9b07/datanode-6/data/ratis/f0c507c8-50d8-44ec-85ac-ca15ab69a4c6 does not exist. Creating ...
2019-08-22 09:18:31,869 [pool-93-thread-1] INFO  storage.RaftStorageDirectory (RaftStorageDirectory.java:tryLock(328)) - Lock on /workdir/hadoop-ozone/integration-test/target/test-dir/MiniOzoneClusterImpl-cf4d0e4d-ce27-4b81-b116-ed410f7e9b07/datanode-6/data/ratis/f0c507c8-50d8-44ec-85ac-ca15ab69a4c6/in_use.lock acquired by nodename 23417@pr-hdds-1898-9jx57-4170240974
2019-08-22 09:18:31,886 [pool-93-thread-1] INFO  storage.RaftStorage (RaftStorage.java:format(72)) - Storage directory /workdir/hadoop-ozone/integration-test/target/test-dir/MiniOzoneClusterImpl-cf4d0e4d-ce27-4b81-b116-ed410f7e9b07/datanode-6/data/ratis/f0c507c8-50d8-44ec-85ac-ca15ab69a4c6 has been successfully formatted.
2019-08-22 09:18:31,886 [pool-93-thread-1] INFO  ratis.ContainerStateMachine (ContainerStateMachine.java:loadSnapshot(226)) - group-CA15AB69A4C6: The snapshot info is null. Setting the last applied indexto:(t:0, i:~)
2019-08-22 09:18:31,886 [pool-93-thread-1] INFO  server.RaftServerConfigKeys (ConfUtils.java:logGet(43)) - raft.server.leader.election.timeout = 120s (custom)
2019-08-22 09:18:31,887 [pool-93-thread-1] INFO  server.RaftServerConfigKeys (ConfUtils.java:logGet(43)) - raft.server.log.use.memory = false (default)
2019-08-22 09:18:31,887 [pool-93-thread-1] INFO  server.RaftServerConfigKeys (ConfUtils.java:logGet(43)) - raft.server.log.purge.gap = 1000000 (custom)
2019-08-22 09:18:31,887 [pool-93-thread-1] INFO  server.RaftServerConfigKeys (ConfUtils.java:logGet(43)) - raft.server.log.appender.buffer.byte-limit = 33554432 (custom)
2019-08-22 09:18:31,887 [pool-93-thread-1] INFO  server.RaftServerConfigKeys (ConfUtils.java:logGet(43)) - raft.server.log.segment.size.max = 1048576 (custom)
2019-08-22 09:18:31,887 [pool-93-thread-1] INFO  server.RaftServerConfigKeys (ConfUtils.java:logGet(43)) - raft.server.log.segment.cache.num.max = 2 (custom)
2019-08-22 09:18:31,887 [pool-93-thread-1] INFO  segmented.SegmentedRaftLogWorker (SegmentedRaftLogWorker.java:<init>(172)) - new b97a343a-dda1-4b47-81df-1468ac752697-SegmentedRaftLogWorker:Storage Directory /workdir/hadoop-ozone/integration-test/target/test-dir/MiniOzoneClusterImpl-cf4d0e4d-ce27-4b81-b116-ed410f7e9b07/datanode-6/data/ratis/f0c507c8-50d8-44ec-85ac-ca15ab69a4c6 for RaftStorage:Storage Directory /workdir/hadoop-ozone/integration-test/target/test-dir/MiniOzoneClusterImpl-cf4d0e4d-ce27-4b81-b116-ed410f7e9b07/datanode-6/data/ratis/f0c507c8-50d8-44ec-85ac-ca15ab69a4c6
2019-08-22 09:18:31,887 [pool-93-thread-1] INFO  server.RaftServerConfigKeys (ConfUtils.java:logGet(43)) - raft.server.log.queue.byte-limit = 2147483647 (custom)
2019-08-22 09:18:31,888 [pool-93-thread-1] INFO  server.RaftServerConfigKeys (ConfUtils.java:logGet(43)) - raft.server.log.queue.element-limit = 1024 (custom)
2019-08-22 09:18:31,888 [pool-93-thread-1] INFO  server.RaftServerConfigKeys (ConfUtils.java:logGet(43)) - raft.server.log.segment.size.max = 1048576 (custom)
2019-08-22 09:18:31,888 [pool-93-thread-1] INFO  server.RaftServerConfigKeys (ConfUtils.java:logGet(43)) - raft.server.log.preallocated.size = 16384 (custom)
2019-08-22 09:18:31,888 [pool-93-thread-1] INFO  server.RaftServerConfigKeys (ConfUtils.java:logGet(43)) - raft.server.log.write.buffer.size = 33554432 (custom)
2019-08-22 09:18:31,888 [pool-93-thread-1] INFO  server.RaftServerConfigKeys (ConfUtils.java:logGet(43)) - raft.server.log.force.sync.num = 128 (default)
2019-08-22 09:18:31,888 [pool-93-thread-1] INFO  server.RaftServerConfigKeys (ConfUtils.java:logGet(43)) - raft.server.log.statemachine.data.sync = true (default)
2019-08-22 09:18:31,889 [pool-93-thread-1] INFO  server.RaftServerConfigKeys (ConfUtils.java:logGet(43)) - raft.server.log.statemachine.data.sync.timeout = 10s (default)
2019-08-22 09:18:31,889 [pool-93-thread-1] INFO  server.RaftServerConfigKeys (ConfUtils.java:logGet(43)) - raft.server.log.statemachine.data.sync.timeout.retry = -1 (default)
2019-08-22 09:18:31,889 [pool-93-thread-1] INFO  server.RaftServerConfigKeys (ConfUtils.java:logGet(43)) - raft.server.log.statemachine.data.caching.enabled = true (custom)
2019-08-22 09:18:31,889 [pool-93-thread-1] INFO  segmented.SegmentedRaftLogWorker (SegmentedRaftLogWorker.java:lambda$new$0(132)) - b97a343a-dda1-4b47-81df-1468ac752697-SegmentedRaftLogWorker:Storage Directory /workdir/hadoop-ozone/integration-test/target/test-dir/MiniOzoneClusterImpl-cf4d0e4d-ce27-4b81-b116-ed410f7e9b07/datanode-6/data/ratis/f0c507c8-50d8-44ec-85ac-ca15ab69a4c6: flushIndex: setUnconditionally 0 -> -1
2019-08-22 09:18:31,890 [pool-93-thread-1] INFO  server.RaftServerConfigKeys (ConfUtils.java:logGet(43)) - raft.server.snapshot.auto.trigger.enabled = true (custom)
2019-08-22 09:18:31,890 [pool-93-thread-1] INFO  server.RaftServerConfigKeys (ConfUtils.java:logGet(43)) - raft.server.snapshot.auto.trigger.threshold = 10000 (custom)
2019-08-22 09:18:31,890 [pool-93-thread-1] INFO  server.RaftServerConfigKeys (ConfUtils.java:logGet(43)) - raft.server.retrycache.expirytime = 600000ms (custom)
2019-08-22 09:18:31,890 [pool-93-thread-1] INFO  impl.RaftServerImpl (RaftServerImpl.java:start(180)) - b97a343a-dda1-4b47-81df-1468ac752697: start group-CA15AB69A4C6
2019-08-22 09:18:31,890 [pool-93-thread-1] INFO  impl.RaftServerImpl (RaftServerImpl.java:setRole(171)) - b97a343a-dda1-4b47-81df-1468ac752697:group-CA15AB69A4C6 changes role from null to FOLLOWER at term 0 for startAsFollower
2019-08-22 09:18:31,891 [pool-93-thread-1] INFO  impl.RoleInfo (RoleInfo.java:updateAndGet(143)) - b97a343a-dda1-4b47-81df-1468ac752697: start FollowerState
2019-08-22 09:18:31,891 [pool-93-thread-1] INFO  util.JmxRegister (JmxRegister.java:tryRegister(44)) - Successfully registered JMX Bean with object name Ratis:service=RaftServer,group=group-CA15AB69A4C6,id=b97a343a-dda1-4b47-81df-1468ac752697
2019-08-22 09:18:31,904 [RatisPipelineUtilsThread] INFO  pipeline.PipelineStateManager (PipelineStateManager.java:addPipeline(56)) - Created pipeline Pipeline[ Id: f0c507c8-50d8-44ec-85ac-ca15ab69a4c6, Nodes: b97a343a-dda1-4b47-81df-1468ac752697{ip: 192.168.36.85, host: pr-hdds-1898-9jx57-4170240974, networkLocation: /default-rack, certSerialId: null}, Type:RATIS, Factor:ONE, State:OPEN]
2019-08-22 09:18:31,923 [grpc-default-executor-0] INFO  impl.RaftServerProxy (RaftServerProxy.java:addNew(89)) - 2e502478-34c1-4a4b-9702-a9321f11dbb4: addNew group-2D4E1BB8DBD6:[2e502478-34c1-4a4b-9702-a9321f11dbb4:192.168.36.85:32975] returns group-2D4E1BB8DBD6:java.util.concurrent.CompletableFuture@348710c6[Not completed]
2019-08-22 09:18:31,927 [pool-60-thread-1] INFO  impl.RaftServerImpl (RaftServerImpl.java:<init>(93)) - 2e502478-34c1-4a4b-9702-a9321f11dbb4: new RaftServerImpl for group-2D4E1BB8DBD6:[2e502478-34c1-4a4b-9702-a9321f11dbb4:192.168.36.85:32975] with ContainerStateMachine:uninitialized
2019-08-22 09:18:31,927 [pool-60-thread-1] INFO  server.RaftServerConfigKeys (ConfUtils.java:logGet(43)) - raft.server.rpc.timeout.min = 5s (custom)
2019-08-22 09:18:31,927 [pool-60-thread-1] INFO  server.RaftServerConfigKeys (ConfUtils.java:logGet(43)) - raft.server.rpc.timeout.max = 5200ms (custom)
2019-08-22 09:18:31,927 [pool-60-thread-1] INFO  server.RaftServerConfigKeys (ConfUtils.java:logGet(43)) - raft.server.rpcslowness.timeout = 120s (custom)
2019-08-22 09:18:31,927 [pool-60-thread-1] INFO  server.RaftServerConfigKeys (ConfUtils.java:logGet(43)) - raft.server.sleep.deviation.threshold = 300 (default)
2019-08-22 09:18:31,927 [pool-60-thread-1] INFO  server.RaftServerConfigKeys (ConfUtils.java:logGet(43)) - raft.server.log.appender.install.snapshot.enabled = false (custom)
2019-08-22 09:18:31,928 [pool-60-thread-1] INFO  impl.RaftServerImpl (ServerState.java:<init>(105)) - 2e502478-34c1-4a4b-9702-a9321f11dbb4:group-2D4E1BB8DBD6 ConfigurationManager, init=-1: [2e502478-34c1-4a4b-9702-a9321f11dbb4:192.168.36.85:32975], old=null, confs=<EMPTY_MAP>
2019-08-22 09:18:31,928 [pool-60-thread-1] INFO  server.RaftServerConfigKeys (ConfUtils.java:logGet(43)) - raft.server.storage.dir = [/workdir/hadoop-ozone/integration-test/target/test-dir/MiniOzoneClusterImpl-cf4d0e4d-ce27-4b81-b116-ed410f7e9b07/datanode-3/data/ratis] (custom)
2019-08-22 09:18:31,928 [pool-60-thread-1] INFO  storage.RaftStorageDirectory (RaftStorageDirectory.java:analyzeStorage(246)) - The storage directory /workdir/hadoop-ozone/integration-test/target/test-dir/MiniOzoneClusterImpl-cf4d0e4d-ce27-4b81-b116-ed410f7e9b07/datanode-3/data/ratis/fb756665-3428-4f54-a00e-2d4e1bb8dbd6 does not exist. Creating ...
2019-08-22 09:18:31,953 [pool-60-thread-1] INFO  storage.RaftStorageDirectory (RaftStorageDirectory.java:tryLock(328)) - Lock on /workdir/hadoop-ozone/integration-test/target/test-dir/MiniOzoneClusterImpl-cf4d0e4d-ce27-4b81-b116-ed410f7e9b07/datanode-3/data/ratis/fb756665-3428-4f54-a00e-2d4e1bb8dbd6/in_use.lock acquired by nodename 23417@pr-hdds-1898-9jx57-4170240974
2019-08-22 09:18:31,978 [pool-60-thread-1] INFO  storage.RaftStorage (RaftStorage.java:format(72)) - Storage directory /workdir/hadoop-ozone/integration-test/target/test-dir/MiniOzoneClusterImpl-cf4d0e4d-ce27-4b81-b116-ed410f7e9b07/datanode-3/data/ratis/fb756665-3428-4f54-a00e-2d4e1bb8dbd6 has been successfully formatted.
2019-08-22 09:18:31,979 [pool-60-thread-1] INFO  ratis.ContainerStateMachine (ContainerStateMachine.java:loadSnapshot(226)) - group-2D4E1BB8DBD6: The snapshot info is null. Setting the last applied indexto:(t:0, i:~)
2019-08-22 09:18:31,979 [pool-60-thread-1] INFO  server.RaftServerConfigKeys (ConfUtils.java:logGet(43)) - raft.server.leader.election.timeout = 120s (custom)
2019-08-22 09:18:31,979 [pool-60-thread-1] INFO  server.RaftServerConfigKeys (ConfUtils.java:logGet(43)) - raft.server.log.use.memory = false (default)
2019-08-22 09:18:31,979 [pool-60-thread-1] INFO  server.RaftServerConfigKeys (ConfUtils.java:logGet(43)) - raft.server.log.purge.gap = 1000000 (custom)
2019-08-22 09:18:31,979 [pool-60-thread-1] INFO  server.RaftServerConfigKeys (ConfUtils.java:logGet(43)) - raft.server.log.appender.buffer.byte-limit = 33554432 (custom)
2019-08-22 09:18:31,979 [pool-60-thread-1] INFO  server.RaftServerConfigKeys (ConfUtils.java:logGet(43)) - raft.server.log.segment.size.max = 1048576 (custom)
2019-08-22 09:18:31,980 [pool-60-thread-1] INFO  server.RaftServerConfigKeys (ConfUtils.java:logGet(43)) - raft.server.log.segment.cache.num.max = 2 (custom)
2019-08-22 09:18:31,980 [pool-60-thread-1] INFO  segmented.SegmentedRaftLogWorker (SegmentedRaftLogWorker.java:<init>(172)) - new 2e502478-34c1-4a4b-9702-a9321f11dbb4-SegmentedRaftLogWorker:Storage Directory /workdir/hadoop-ozone/integration-test/target/test-dir/MiniOzoneClusterImpl-cf4d0e4d-ce27-4b81-b116-ed410f7e9b07/datanode-3/data/ratis/fb756665-3428-4f54-a00e-2d4e1bb8dbd6 for RaftStorage:Storage Directory /workdir/hadoop-ozone/integration-test/target/test-dir/MiniOzoneClusterImpl-cf4d0e4d-ce27-4b81-b116-ed410f7e9b07/datanode-3/data/ratis/fb756665-3428-4f54-a00e-2d4e1bb8dbd6
2019-08-22 09:18:31,980 [pool-60-thread-1] INFO  server.RaftServerConfigKeys (ConfUtils.java:logGet(43)) - raft.server.log.queue.byte-limit = 2147483647 (custom)
2019-08-22 09:18:31,980 [pool-60-thread-1] INFO  server.RaftServerConfigKeys (ConfUtils.java:logGet(43)) - raft.server.log.queue.element-limit = 1024 (custom)
2019-08-22 09:18:31,980 [pool-60-thread-1] INFO  server.RaftServerConfigKeys (ConfUtils.java:logGet(43)) - raft.server.log.segment.size.max = 1048576 (custom)
2019-08-22 09:18:31,981 [pool-60-thread-1] INFO  server.RaftServerConfigKeys (ConfUtils.java:logGet(43)) - raft.server.log.preallocated.size = 16384 (custom)
2019-08-22 09:18:31,981 [pool-60-thread-1] INFO  server.RaftServerConfigKeys (ConfUtils.java:logGet(43)) - raft.server.log.write.buffer.size = 33554432 (custom)
2019-08-22 09:18:31,981 [pool-60-thread-1] INFO  server.RaftServerConfigKeys (ConfUtils.java:logGet(43)) - raft.server.log.force.sync.num = 128 (default)
2019-08-22 09:18:31,981 [pool-60-thread-1] INFO  server.RaftServerConfigKeys (ConfUtils.java:logGet(43)) - raft.server.log.statemachine.data.sync = true (default)
2019-08-22 09:18:31,981 [pool-60-thread-1] INFO  server.RaftServerConfigKeys (ConfUtils.java:logGet(43)) - raft.server.log.statemachine.data.sync.timeout = 10s (default)
2019-08-22 09:18:31,981 [pool-60-thread-1] INFO  server.RaftServerConfigKeys (ConfUtils.java:logGet(43)) - raft.server.log.statemachine.data.sync.timeout.retry = -1 (default)
2019-08-22 09:18:31,982 [pool-60-thread-1] INFO  server.RaftServerConfigKeys (ConfUtils.java:logGet(43)) - raft.server.log.statemachine.data.caching.enabled = true (custom)
2019-08-22 09:18:31,982 [pool-60-thread-1] INFO  segmented.SegmentedRaftLogWorker (SegmentedRaftLogWorker.java:lambda$new$0(132)) - 2e502478-34c1-4a4b-9702-a9321f11dbb4-SegmentedRaftLogWorker:Storage Directory /workdir/hadoop-ozone/integration-test/target/test-dir/MiniOzoneClusterImpl-cf4d0e4d-ce27-4b81-b116-ed410f7e9b07/datanode-3/data/ratis/fb756665-3428-4f54-a00e-2d4e1bb8dbd6: flushIndex: setUnconditionally 0 -> -1
2019-08-22 09:18:31,982 [pool-60-thread-1] INFO  server.RaftServerConfigKeys (ConfUtils.java:logGet(43)) - raft.server.snapshot.auto.trigger.enabled = true (custom)
2019-08-22 09:18:31,982 [pool-60-thread-1] INFO  server.RaftServerConfigKeys (ConfUtils.java:logGet(43)) - raft.server.snapshot.auto.trigger.threshold = 10000 (custom)
2019-08-22 09:18:31,983 [pool-60-thread-1] INFO  server.RaftServerConfigKeys (ConfUtils.java:logGet(43)) - raft.server.retrycache.expirytime = 600000ms (custom)
2019-08-22 09:18:31,983 [pool-60-thread-1] INFO  impl.RaftServerImpl (RaftServerImpl.java:start(180)) - 2e502478-34c1-4a4b-9702-a9321f11dbb4: start group-2D4E1BB8DBD6
2019-08-22 09:18:31,983 [pool-60-thread-1] INFO  impl.RaftServerImpl (RaftServerImpl.java:setRole(171)) - 2e502478-34c1-4a4b-9702-a9321f11dbb4:group-2D4E1BB8DBD6 changes role from null to FOLLOWER at term 0 for startAsFollower
2019-08-22 09:18:31,983 [pool-60-thread-1] INFO  impl.RoleInfo (RoleInfo.java:updateAndGet(143)) - 2e502478-34c1-4a4b-9702-a9321f11dbb4: start FollowerState
2019-08-22 09:18:31,983 [pool-60-thread-1] INFO  util.JmxRegister (JmxRegister.java:tryRegister(44)) - Successfully registered JMX Bean with object name Ratis:service=RaftServer,group=group-2D4E1BB8DBD6,id=2e502478-34c1-4a4b-9702-a9321f11dbb4
2019-08-22 09:18:31,995 [RatisPipelineUtilsThread] INFO  pipeline.PipelineStateManager (PipelineStateManager.java:addPipeline(56)) - Created pipeline Pipeline[ Id: fb756665-3428-4f54-a00e-2d4e1bb8dbd6, Nodes: 2e502478-34c1-4a4b-9702-a9321f11dbb4{ip: 192.168.36.85, host: pr-hdds-1898-9jx57-4170240974, networkLocation: /default-rack, certSerialId: null}, Type:RATIS, Factor:ONE, State:OPEN]
2019-08-22 09:18:32,016 [grpc-default-executor-0] INFO  impl.RaftServerProxy (RaftServerProxy.java:addNew(89)) - 70168daa-7dae-4fec-be11-36b8f7c0b13e: addNew group-81C612701CEE:[70168daa-7dae-4fec-be11-36b8f7c0b13e:192.168.36.85:46549] returns group-81C612701CEE:java.util.concurrent.CompletableFuture@79bf7d51[Not completed]
2019-08-22 09:18:32,019 [pool-38-thread-1] INFO  impl.RaftServerImpl (RaftServerImpl.java:<init>(93)) - 70168daa-7dae-4fec-be11-36b8f7c0b13e: new RaftServerImpl for group-81C612701CEE:[70168daa-7dae-4fec-be11-36b8f7c0b13e:192.168.36.85:46549] with ContainerStateMachine:uninitialized
2019-08-22 09:18:32,019 [pool-38-thread-1] INFO  server.RaftServerConfigKeys (ConfUtils.java:logGet(43)) - raft.server.rpc.timeout.min = 5s (custom)
2019-08-22 09:18:32,019 [pool-38-thread-1] INFO  server.RaftServerConfigKeys (ConfUtils.java:logGet(43)) - raft.server.rpc.timeout.max = 5200ms (custom)
2019-08-22 09:18:32,019 [pool-38-thread-1] INFO  server.RaftServerConfigKeys (ConfUtils.java:logGet(43)) - raft.server.rpcslowness.timeout = 120s (custom)
2019-08-22 09:18:32,019 [pool-38-thread-1] INFO  server.RaftServerConfigKeys (ConfUtils.java:logGet(43)) - raft.server.sleep.deviation.threshold = 300 (default)
2019-08-22 09:18:32,019 [pool-38-thread-1] INFO  server.RaftServerConfigKeys (ConfUtils.java:logGet(43)) - raft.server.log.appender.install.snapshot.enabled = false (custom)
2019-08-22 09:18:32,019 [pool-38-thread-1] INFO  impl.RaftServerImpl (ServerState.java:<init>(105)) - 70168daa-7dae-4fec-be11-36b8f7c0b13e:group-81C612701CEE ConfigurationManager, init=-1: [70168daa-7dae-4fec-be11-36b8f7c0b13e:192.168.36.85:46549], old=null, confs=<EMPTY_MAP>
2019-08-22 09:18:32,020 [pool-38-thread-1] INFO  server.RaftServerConfigKeys (ConfUtils.java:logGet(43)) - raft.server.storage.dir = [/workdir/hadoop-ozone/integration-test/target/test-dir/MiniOzoneClusterImpl-cf4d0e4d-ce27-4b81-b116-ed410f7e9b07/datanode-1/data/ratis] (custom)
2019-08-22 09:18:32,020 [pool-38-thread-1] INFO  storage.RaftStorageDirectory (RaftStorageDirectory.java:analyzeStorage(246)) - The storage directory /workdir/hadoop-ozone/integration-test/target/test-dir/MiniOzoneClusterImpl-cf4d0e4d-ce27-4b81-b116-ed410f7e9b07/datanode-1/data/ratis/bef158b0-f366-4a71-87ae-81c612701cee does not exist. Creating ...
2019-08-22 09:18:32,045 [pool-38-thread-1] INFO  storage.RaftStorageDirectory (RaftStorageDirectory.java:tryLock(328)) - Lock on /workdir/hadoop-ozone/integration-test/target/test-dir/MiniOzoneClusterImpl-cf4d0e4d-ce27-4b81-b116-ed410f7e9b07/datanode-1/data/ratis/bef158b0-f366-4a71-87ae-81c612701cee/in_use.lock acquired by nodename 23417@pr-hdds-1898-9jx57-4170240974
2019-08-22 09:18:32,071 [pool-38-thread-1] INFO  storage.RaftStorage (RaftStorage.java:format(72)) - Storage directory /workdir/hadoop-ozone/integration-test/target/test-dir/MiniOzoneClusterImpl-cf4d0e4d-ce27-4b81-b116-ed410f7e9b07/datanode-1/data/ratis/bef158b0-f366-4a71-87ae-81c612701cee has been successfully formatted.
2019-08-22 09:18:32,071 [pool-38-thread-1] INFO  ratis.ContainerStateMachine (ContainerStateMachine.java:loadSnapshot(226)) - group-81C612701CEE: The snapshot info is null. Setting the last applied indexto:(t:0, i:~)
2019-08-22 09:18:32,071 [pool-38-thread-1] INFO  server.RaftServerConfigKeys (ConfUtils.java:logGet(43)) - raft.server.leader.election.timeout = 120s (custom)
2019-08-22 09:18:32,071 [pool-38-thread-1] INFO  server.RaftServerConfigKeys (ConfUtils.java:logGet(43)) - raft.server.log.use.memory = false (default)
2019-08-22 09:18:32,072 [pool-38-thread-1] INFO  server.RaftServerConfigKeys (ConfUtils.java:logGet(43)) - raft.server.log.purge.gap = 1000000 (custom)
2019-08-22 09:18:32,072 [pool-38-thread-1] INFO  server.RaftServerConfigKeys (ConfUtils.java:logGet(43)) - raft.server.log.appender.buffer.byte-limit = 33554432 (custom)
2019-08-22 09:18:32,072 [pool-38-thread-1] INFO  server.RaftServerConfigKeys (ConfUtils.java:logGet(43)) - raft.server.log.segment.size.max = 1048576 (custom)
2019-08-22 09:18:32,072 [pool-38-thread-1] INFO  server.RaftServerConfigKeys (ConfUtils.java:logGet(43)) - raft.server.log.segment.cache.num.max = 2 (custom)
2019-08-22 09:18:32,072 [pool-38-thread-1] INFO  segmented.SegmentedRaftLogWorker (SegmentedRaftLogWorker.java:<init>(172)) - new 70168daa-7dae-4fec-be11-36b8f7c0b13e-SegmentedRaftLogWorker:Storage Directory /workdir/hadoop-ozone/integration-test/target/test-dir/MiniOzoneClusterImpl-cf4d0e4d-ce27-4b81-b116-ed410f7e9b07/datanode-1/data/ratis/bef158b0-f366-4a71-87ae-81c612701cee for RaftStorage:Storage Directory /workdir/hadoop-ozone/integration-test/target/test-dir/MiniOzoneClusterImpl-cf4d0e4d-ce27-4b81-b116-ed410f7e9b07/datanode-1/data/ratis/bef158b0-f366-4a71-87ae-81c612701cee
2019-08-22 09:18:32,073 [pool-38-thread-1] INFO  server.RaftServerConfigKeys (ConfUtils.java:logGet(43)) - raft.server.log.queue.byte-limit = 2147483647 (custom)
2019-08-22 09:18:32,073 [pool-38-thread-1] INFO  server.RaftServerConfigKeys (ConfUtils.java:logGet(43)) - raft.server.log.queue.element-limit = 1024 (custom)
2019-08-22 09:18:32,073 [pool-38-thread-1] INFO  server.RaftServerConfigKeys (ConfUtils.java:logGet(43)) - raft.server.log.segment.size.max = 1048576 (custom)
2019-08-22 09:18:32,073 [pool-38-thread-1] INFO  server.RaftServerConfigKeys (ConfUtils.java:logGet(43)) - raft.server.log.preallocated.size = 16384 (custom)
2019-08-22 09:18:32,074 [pool-38-thread-1] INFO  server.RaftServerConfigKeys (ConfUtils.java:logGet(43)) - raft.server.log.write.buffer.size = 33554432 (custom)
2019-08-22 09:18:32,074 [pool-38-thread-1] INFO  server.RaftServerConfigKeys (ConfUtils.java:logGet(43)) - raft.server.log.force.sync.num = 128 (default)
2019-08-22 09:18:32,074 [pool-38-thread-1] INFO  server.RaftServerConfigKeys (ConfUtils.java:logGet(43)) - raft.server.log.statemachine.data.sync = true (default)
2019-08-22 09:18:32,074 [pool-38-thread-1] INFO  server.RaftServerConfigKeys (ConfUtils.java:logGet(43)) - raft.server.log.statemachine.data.sync.timeout = 10s (default)
2019-08-22 09:18:32,074 [pool-38-thread-1] INFO  server.RaftServerConfigKeys (ConfUtils.java:logGet(43)) - raft.server.log.statemachine.data.sync.timeout.retry = -1 (default)
2019-08-22 09:18:32,075 [pool-38-thread-1] INFO  server.RaftServerConfigKeys (ConfUtils.java:logGet(43)) - raft.server.log.statemachine.data.caching.enabled = true (custom)
2019-08-22 09:18:32,075 [pool-38-thread-1] INFO  segmented.SegmentedRaftLogWorker (SegmentedRaftLogWorker.java:lambda$new$0(132)) - 70168daa-7dae-4fec-be11-36b8f7c0b13e-SegmentedRaftLogWorker:Storage Directory /workdir/hadoop-ozone/integration-test/target/test-dir/MiniOzoneClusterImpl-cf4d0e4d-ce27-4b81-b116-ed410f7e9b07/datanode-1/data/ratis/bef158b0-f366-4a71-87ae-81c612701cee: flushIndex: setUnconditionally 0 -> -1
2019-08-22 09:18:32,076 [pool-38-thread-1] INFO  server.RaftServerConfigKeys (ConfUtils.java:logGet(43)) - raft.server.snapshot.auto.trigger.enabled = true (custom)
2019-08-22 09:18:32,076 [pool-38-thread-1] INFO  server.RaftServerConfigKeys (ConfUtils.java:logGet(43)) - raft.server.snapshot.auto.trigger.threshold = 10000 (custom)
2019-08-22 09:18:32,076 [pool-38-thread-1] INFO  server.RaftServerConfigKeys (ConfUtils.java:logGet(43)) - raft.server.retrycache.expirytime = 600000ms (custom)
2019-08-22 09:18:32,076 [pool-38-thread-1] INFO  impl.RaftServerImpl (RaftServerImpl.java:start(180)) - 70168daa-7dae-4fec-be11-36b8f7c0b13e: start group-81C612701CEE
2019-08-22 09:18:32,077 [pool-38-thread-1] INFO  impl.RaftServerImpl (RaftServerImpl.java:setRole(171)) - 70168daa-7dae-4fec-be11-36b8f7c0b13e:group-81C612701CEE changes role from null to FOLLOWER at term 0 for startAsFollower
2019-08-22 09:18:32,077 [pool-38-thread-1] INFO  impl.RoleInfo (RoleInfo.java:updateAndGet(143)) - 70168daa-7dae-4fec-be11-36b8f7c0b13e: start FollowerState
2019-08-22 09:18:32,077 [pool-38-thread-1] INFO  util.JmxRegister (JmxRegister.java:tryRegister(44)) - Successfully registered JMX Bean with object name Ratis:service=RaftServer,group=group-81C612701CEE,id=70168daa-7dae-4fec-be11-36b8f7c0b13e
2019-08-22 09:18:32,091 [RatisPipelineUtilsThread] INFO  pipeline.PipelineStateManager (PipelineStateManager.java:addPipeline(56)) - Created pipeline Pipeline[ Id: bef158b0-f366-4a71-87ae-81c612701cee, Nodes: 70168daa-7dae-4fec-be11-36b8f7c0b13e{ip: 192.168.36.85, host: pr-hdds-1898-9jx57-4170240974, networkLocation: /default-rack, certSerialId: null}, Type:RATIS, Factor:ONE, State:OPEN]
2019-08-22 09:18:32,111 [grpc-default-executor-0] INFO  impl.RaftServerProxy (RaftServerProxy.java:addNew(89)) - ba917a70-9edc-40fd-8c87-6f988a09c858: addNew group-17DD89482A82:[ba917a70-9edc-40fd-8c87-6f988a09c858:192.168.36.85:41864] returns group-17DD89482A82:java.util.concurrent.CompletableFuture@6b499a9c[Not completed]
2019-08-22 09:18:32,112 [main] INFO  ozone.MiniOzoneClusterImpl (MiniOzoneClusterImpl.java:lambda$waitForClusterToBeReady$0(142)) - Cluster is ready. Got 7 of 7 DN Heartbeats.
2019-08-22 09:18:32,115 [pool-49-thread-1] INFO  impl.RaftServerImpl (RaftServerImpl.java:<init>(93)) - ba917a70-9edc-40fd-8c87-6f988a09c858: new RaftServerImpl for group-17DD89482A82:[ba917a70-9edc-40fd-8c87-6f988a09c858:192.168.36.85:41864] with ContainerStateMachine:uninitialized
2019-08-22 09:18:32,115 [pool-49-thread-1] INFO  server.RaftServerConfigKeys (ConfUtils.java:logGet(43)) - raft.server.rpc.timeout.min = 5s (custom)
2019-08-22 09:18:32,115 [pool-49-thread-1] INFO  server.RaftServerConfigKeys (ConfUtils.java:logGet(43)) - raft.server.rpc.timeout.max = 5200ms (custom)
2019-08-22 09:18:32,115 [pool-49-thread-1] INFO  server.RaftServerConfigKeys (ConfUtils.java:logGet(43)) - raft.server.rpcslowness.timeout = 120s (custom)
2019-08-22 09:18:32,115 [pool-49-thread-1] INFO  server.RaftServerConfigKeys (ConfUtils.java:logGet(43)) - raft.server.sleep.deviation.threshold = 300 (default)
2019-08-22 09:18:32,115 [pool-49-thread-1] INFO  server.RaftServerConfigKeys (ConfUtils.java:logGet(43)) - raft.server.log.appender.install.snapshot.enabled = false (custom)
2019-08-22 09:18:32,116 [pool-49-thread-1] INFO  impl.RaftServerImpl (ServerState.java:<init>(105)) - ba917a70-9edc-40fd-8c87-6f988a09c858:group-17DD89482A82 ConfigurationManager, init=-1: [ba917a70-9edc-40fd-8c87-6f988a09c858:192.168.36.85:41864], old=null, confs=<EMPTY_MAP>
2019-08-22 09:18:32,116 [pool-49-thread-1] INFO  server.RaftServerConfigKeys (ConfUtils.java:logGet(43)) - raft.server.storage.dir = [/workdir/hadoop-ozone/integration-test/target/test-dir/MiniOzoneClusterImpl-cf4d0e4d-ce27-4b81-b116-ed410f7e9b07/datanode-2/data/ratis] (custom)
2019-08-22 09:18:32,116 [pool-49-thread-1] INFO  storage.RaftStorageDirectory (RaftStorageDirectory.java:analyzeStorage(246)) - The storage directory /workdir/hadoop-ozone/integration-test/target/test-dir/MiniOzoneClusterImpl-cf4d0e4d-ce27-4b81-b116-ed410f7e9b07/datanode-2/data/ratis/81afc899-e917-4883-9c7b-17dd89482a82 does not exist. Creating ...
2019-08-22 09:18:32,138 [pool-49-thread-1] INFO  storage.RaftStorageDirectory (RaftStorageDirectory.java:tryLock(328)) - Lock on /workdir/hadoop-ozone/integration-test/target/test-dir/MiniOzoneClusterImpl-cf4d0e4d-ce27-4b81-b116-ed410f7e9b07/datanode-2/data/ratis/81afc899-e917-4883-9c7b-17dd89482a82/in_use.lock acquired by nodename 23417@pr-hdds-1898-9jx57-4170240974
2019-08-22 09:18:32,163 [pool-49-thread-1] INFO  storage.RaftStorage (RaftStorage.java:format(72)) - Storage directory /workdir/hadoop-ozone/integration-test/target/test-dir/MiniOzoneClusterImpl-cf4d0e4d-ce27-4b81-b116-ed410f7e9b07/datanode-2/data/ratis/81afc899-e917-4883-9c7b-17dd89482a82 has been successfully formatted.
2019-08-22 09:18:32,163 [pool-49-thread-1] INFO  ratis.ContainerStateMachine (ContainerStateMachine.java:loadSnapshot(226)) - group-17DD89482A82: The snapshot info is null. Setting the last applied indexto:(t:0, i:~)
2019-08-22 09:18:32,164 [pool-49-thread-1] INFO  server.RaftServerConfigKeys (ConfUtils.java:logGet(43)) - raft.server.leader.election.timeout = 120s (custom)
2019-08-22 09:18:32,164 [pool-49-thread-1] INFO  server.RaftServerConfigKeys (ConfUtils.java:logGet(43)) - raft.server.log.use.memory = false (default)
2019-08-22 09:18:32,164 [pool-49-thread-1] INFO  server.RaftServerConfigKeys (ConfUtils.java:logGet(43)) - raft.server.log.purge.gap = 1000000 (custom)
2019-08-22 09:18:32,164 [pool-49-thread-1] INFO  server.RaftServerConfigKeys (ConfUtils.java:logGet(43)) - raft.server.log.appender.buffer.byte-limit = 33554432 (custom)
2019-08-22 09:18:32,164 [pool-49-thread-1] INFO  server.RaftServerConfigKeys (ConfUtils.java:logGet(43)) - raft.server.log.segment.size.max = 1048576 (custom)
2019-08-22 09:18:32,164 [pool-49-thread-1] INFO  server.RaftServerConfigKeys (ConfUtils.java:logGet(43)) - raft.server.log.segment.cache.num.max = 2 (custom)
2019-08-22 09:18:32,165 [pool-49-thread-1] INFO  segmented.SegmentedRaftLogWorker (SegmentedRaftLogWorker.java:<init>(172)) - new ba917a70-9edc-40fd-8c87-6f988a09c858-SegmentedRaftLogWorker:Storage Directory /workdir/hadoop-ozone/integration-test/target/test-dir/MiniOzoneClusterImpl-cf4d0e4d-ce27-4b81-b116-ed410f7e9b07/datanode-2/data/ratis/81afc899-e917-4883-9c7b-17dd89482a82 for RaftStorage:Storage Directory /workdir/hadoop-ozone/integration-test/target/test-dir/MiniOzoneClusterImpl-cf4d0e4d-ce27-4b81-b116-ed410f7e9b07/datanode-2/data/ratis/81afc899-e917-4883-9c7b-17dd89482a82
2019-08-22 09:18:32,165 [pool-49-thread-1] INFO  server.RaftServerConfigKeys (ConfUtils.java:logGet(43)) - raft.server.log.queue.byte-limit = 2147483647 (custom)
2019-08-22 09:18:32,165 [pool-49-thread-1] INFO  server.RaftServerConfigKeys (ConfUtils.java:logGet(43)) - raft.server.log.queue.element-limit = 1024 (custom)
2019-08-22 09:18:32,165 [pool-49-thread-1] INFO  server.RaftServerConfigKeys (ConfUtils.java:logGet(43)) - raft.server.log.segment.size.max = 1048576 (custom)
2019-08-22 09:18:32,166 [pool-49-thread-1] INFO  server.RaftServerConfigKeys (ConfUtils.java:logGet(43)) - raft.server.log.preallocated.size = 16384 (custom)
2019-08-22 09:18:32,166 [pool-49-thread-1] INFO  server.RaftServerConfigKeys (ConfUtils.java:logGet(43)) - raft.server.log.write.buffer.size = 33554432 (custom)
2019-08-22 09:18:32,166 [pool-49-thread-1] INFO  server.RaftServerConfigKeys (ConfUtils.java:logGet(43)) - raft.server.log.force.sync.num = 128 (default)
2019-08-22 09:18:32,166 [pool-49-thread-1] INFO  server.RaftServerConfigKeys (ConfUtils.java:logGet(43)) - raft.server.log.statemachine.data.sync = true (default)
2019-08-22 09:18:32,166 [pool-49-thread-1] INFO  server.RaftServerConfigKeys (ConfUtils.java:logGet(43)) - raft.server.log.statemachine.data.sync.timeout = 10s (default)
2019-08-22 09:18:32,166 [pool-49-thread-1] INFO  server.RaftServerConfigKeys (ConfUtils.java:logGet(43)) - raft.server.log.statemachine.data.sync.timeout.retry = -1 (default)
2019-08-22 09:18:32,167 [pool-49-thread-1] INFO  server.RaftServerConfigKeys (ConfUtils.java:logGet(43)) - raft.server.log.statemachine.data.caching.enabled = true (custom)
2019-08-22 09:18:32,167 [pool-49-thread-1] INFO  segmented.SegmentedRaftLogWorker (SegmentedRaftLogWorker.java:lambda$new$0(132)) - ba917a70-9edc-40fd-8c87-6f988a09c858-SegmentedRaftLogWorker:Storage Directory /workdir/hadoop-ozone/integration-test/target/test-dir/MiniOzoneClusterImpl-cf4d0e4d-ce27-4b81-b116-ed410f7e9b07/datanode-2/data/ratis/81afc899-e917-4883-9c7b-17dd89482a82: flushIndex: setUnconditionally 0 -> -1
2019-08-22 09:18:32,167 [pool-49-thread-1] INFO  server.RaftServerConfigKeys (ConfUtils.java:logGet(43)) - raft.server.snapshot.auto.trigger.enabled = true (custom)
2019-08-22 09:18:32,168 [pool-49-thread-1] INFO  server.RaftServerConfigKeys (ConfUtils.java:logGet(43)) - raft.server.snapshot.auto.trigger.threshold = 10000 (custom)
2019-08-22 09:18:32,168 [pool-49-thread-1] INFO  server.RaftServerConfigKeys (ConfUtils.java:logGet(43)) - raft.server.retrycache.expirytime = 600000ms (custom)
2019-08-22 09:18:32,168 [pool-49-thread-1] INFO  impl.RaftServerImpl (RaftServerImpl.java:start(180)) - ba917a70-9edc-40fd-8c87-6f988a09c858: start group-17DD89482A82
2019-08-22 09:18:32,168 [pool-49-thread-1] INFO  impl.RaftServerImpl (RaftServerImpl.java:setRole(171)) - ba917a70-9edc-40fd-8c87-6f988a09c858:group-17DD89482A82 changes role from null to FOLLOWER at term 0 for startAsFollower
2019-08-22 09:18:32,168 [pool-49-thread-1] INFO  impl.RoleInfo (RoleInfo.java:updateAndGet(143)) - ba917a70-9edc-40fd-8c87-6f988a09c858: start FollowerState
2019-08-22 09:18:32,169 [pool-49-thread-1] INFO  util.JmxRegister (JmxRegister.java:tryRegister(44)) - Successfully registered JMX Bean with object name Ratis:service=RaftServer,group=group-17DD89482A82,id=ba917a70-9edc-40fd-8c87-6f988a09c858
2019-08-22 09:18:32,185 [RatisPipelineUtilsThread] INFO  pipeline.PipelineStateManager (PipelineStateManager.java:addPipeline(56)) - Created pipeline Pipeline[ Id: 81afc899-e917-4883-9c7b-17dd89482a82, Nodes: ba917a70-9edc-40fd-8c87-6f988a09c858{ip: 192.168.36.85, host: pr-hdds-1898-9jx57-4170240974, networkLocation: /default-rack, certSerialId: null}, Type:RATIS, Factor:ONE, State:OPEN]
2019-08-22 09:18:32,214 [grpc-default-executor-1] INFO  impl.RaftServerProxy (RaftServerProxy.java:addNew(89)) - 4b6d0314-6f83-4f2a-b37f-5169ffd221d4: addNew group-CE15BE703714:[2657734f-6a71-4b27-b9ea-baa03e97c1c3:192.168.36.85:36700, 4b6d0314-6f83-4f2a-b37f-5169ffd221d4:192.168.36.85:44123, b97a343a-dda1-4b47-81df-1468ac752697:192.168.36.85:41515] returns group-CE15BE703714:java.util.concurrent.CompletableFuture@79c67de7[Not completed]
2019-08-22 09:18:32,214 [grpc-default-executor-2] INFO  impl.RaftServerProxy (RaftServerProxy.java:addNew(89)) - b97a343a-dda1-4b47-81df-1468ac752697: addNew group-CE15BE703714:[2657734f-6a71-4b27-b9ea-baa03e97c1c3:192.168.36.85:36700, 4b6d0314-6f83-4f2a-b37f-5169ffd221d4:192.168.36.85:44123, b97a343a-dda1-4b47-81df-1468ac752697:192.168.36.85:41515] returns group-CE15BE703714:java.util.concurrent.CompletableFuture@7d4b37c3[Not completed]
2019-08-22 09:18:32,214 [grpc-default-executor-0] INFO  impl.RaftServerProxy (RaftServerProxy.java:addNew(89)) - 2657734f-6a71-4b27-b9ea-baa03e97c1c3: addNew group-CE15BE703714:[2657734f-6a71-4b27-b9ea-baa03e97c1c3:192.168.36.85:36700, 4b6d0314-6f83-4f2a-b37f-5169ffd221d4:192.168.36.85:44123, b97a343a-dda1-4b47-81df-1468ac752697:192.168.36.85:41515] returns group-CE15BE703714:java.util.concurrent.CompletableFuture@ed7d7b1[Not completed]
2019-08-22 09:18:32,215 [pool-93-thread-1] INFO  impl.RaftServerImpl (RaftServerImpl.java:<init>(93)) - b97a343a-dda1-4b47-81df-1468ac752697: new RaftServerImpl for group-CE15BE703714:[2657734f-6a71-4b27-b9ea-baa03e97c1c3:192.168.36.85:36700, 4b6d0314-6f83-4f2a-b37f-5169ffd221d4:192.168.36.85:44123, b97a343a-dda1-4b47-81df-1468ac752697:192.168.36.85:41515] with ContainerStateMachine:uninitialized
2019-08-22 09:18:32,216 [pool-93-thread-1] INFO  server.RaftServerConfigKeys (ConfUtils.java:logGet(43)) - raft.server.rpc.timeout.min = 5s (custom)
2019-08-22 09:18:32,216 [pool-93-thread-1] INFO  server.RaftServerConfigKeys (ConfUtils.java:logGet(43)) - raft.server.rpc.timeout.max = 5200ms (custom)
2019-08-22 09:18:32,216 [pool-93-thread-1] INFO  server.RaftServerConfigKeys (ConfUtils.java:logGet(43)) - raft.server.rpcslowness.timeout = 120s (custom)
2019-08-22 09:18:32,216 [pool-93-thread-1] INFO  server.RaftServerConfigKeys (ConfUtils.java:logGet(43)) - raft.server.sleep.deviation.threshold = 300 (default)
2019-08-22 09:18:32,216 [pool-93-thread-1] INFO  server.RaftServerConfigKeys (ConfUtils.java:logGet(43)) - raft.server.log.appender.install.snapshot.enabled = false (custom)
2019-08-22 09:18:32,216 [pool-93-thread-1] INFO  impl.RaftServerImpl (ServerState.java:<init>(105)) - b97a343a-dda1-4b47-81df-1468ac752697:group-CE15BE703714 ConfigurationManager, init=-1: [2657734f-6a71-4b27-b9ea-baa03e97c1c3:192.168.36.85:36700, 4b6d0314-6f83-4f2a-b37f-5169ffd221d4:192.168.36.85:44123, b97a343a-dda1-4b47-81df-1468ac752697:192.168.36.85:41515], old=null, confs=<EMPTY_MAP>
2019-08-22 09:18:32,218 [pool-93-thread-1] INFO  server.RaftServerConfigKeys (ConfUtils.java:logGet(43)) - raft.server.storage.dir = [/workdir/hadoop-ozone/integration-test/target/test-dir/MiniOzoneClusterImpl-cf4d0e4d-ce27-4b81-b116-ed410f7e9b07/datanode-6/data/ratis] (custom)
2019-08-22 09:18:32,218 [pool-93-thread-1] INFO  storage.RaftStorageDirectory (RaftStorageDirectory.java:analyzeStorage(246)) - The storage directory /workdir/hadoop-ozone/integration-test/target/test-dir/MiniOzoneClusterImpl-cf4d0e4d-ce27-4b81-b116-ed410f7e9b07/datanode-6/data/ratis/8334ae7b-6a16-4957-860f-ce15be703714 does not exist. Creating ...
2019-08-22 09:18:32,219 [pool-71-thread-1] INFO  impl.RaftServerImpl (RaftServerImpl.java:<init>(93)) - 4b6d0314-6f83-4f2a-b37f-5169ffd221d4: new RaftServerImpl for group-CE15BE703714:[2657734f-6a71-4b27-b9ea-baa03e97c1c3:192.168.36.85:36700, 4b6d0314-6f83-4f2a-b37f-5169ffd221d4:192.168.36.85:44123, b97a343a-dda1-4b47-81df-1468ac752697:192.168.36.85:41515] with ContainerStateMachine:uninitialized
2019-08-22 09:18:32,219 [pool-71-thread-1] INFO  server.RaftServerConfigKeys (ConfUtils.java:logGet(43)) - raft.server.rpc.timeout.min = 5s (custom)
2019-08-22 09:18:32,219 [pool-82-thread-1] INFO  impl.RaftServerImpl (RaftServerImpl.java:<init>(93)) - 2657734f-6a71-4b27-b9ea-baa03e97c1c3: new RaftServerImpl for group-CE15BE703714:[2657734f-6a71-4b27-b9ea-baa03e97c1c3:192.168.36.85:36700, 4b6d0314-6f83-4f2a-b37f-5169ffd221d4:192.168.36.85:44123, b97a343a-dda1-4b47-81df-1468ac752697:192.168.36.85:41515] with ContainerStateMachine:uninitialized
2019-08-22 09:18:32,219 [pool-71-thread-1] INFO  server.RaftServerConfigKeys (ConfUtils.java:logGet(43)) - raft.server.rpc.timeout.max = 5200ms (custom)
2019-08-22 09:18:32,219 [pool-82-thread-1] INFO  server.RaftServerConfigKeys (ConfUtils.java:logGet(43)) - raft.server.rpc.timeout.min = 5s (custom)
2019-08-22 09:18:32,219 [pool-71-thread-1] INFO  server.RaftServerConfigKeys (ConfUtils.java:logGet(43)) - raft.server.rpcslowness.timeout = 120s (custom)
2019-08-22 09:18:32,220 [pool-82-thread-1] INFO  server.RaftServerConfigKeys (ConfUtils.java:logGet(43)) - raft.server.rpc.timeout.max = 5200ms (custom)
2019-08-22 09:18:32,220 [pool-71-thread-1] INFO  server.RaftServerConfigKeys (ConfUtils.java:logGet(43)) - raft.server.sleep.deviation.threshold = 300 (default)
2019-08-22 09:18:32,220 [pool-82-thread-1] INFO  server.RaftServerConfigKeys (ConfUtils.java:logGet(43)) - raft.server.rpcslowness.timeout = 120s (custom)
2019-08-22 09:18:32,220 [pool-71-thread-1] INFO  server.RaftServerConfigKeys (ConfUtils.java:logGet(43)) - raft.server.log.appender.install.snapshot.enabled = false (custom)
2019-08-22 09:18:32,220 [pool-82-thread-1] INFO  server.RaftServerConfigKeys (ConfUtils.java:logGet(43)) - raft.server.sleep.deviation.threshold = 300 (default)
2019-08-22 09:18:32,220 [pool-82-thread-1] INFO  server.RaftServerConfigKeys (ConfUtils.java:logGet(43)) - raft.server.log.appender.install.snapshot.enabled = false (custom)
2019-08-22 09:18:32,220 [pool-71-thread-1] INFO  impl.RaftServerImpl (ServerState.java:<init>(105)) - 4b6d0314-6f83-4f2a-b37f-5169ffd221d4:group-CE15BE703714 ConfigurationManager, init=-1: [2657734f-6a71-4b27-b9ea-baa03e97c1c3:192.168.36.85:36700, 4b6d0314-6f83-4f2a-b37f-5169ffd221d4:192.168.36.85:44123, b97a343a-dda1-4b47-81df-1468ac752697:192.168.36.85:41515], old=null, confs=<EMPTY_MAP>
2019-08-22 09:18:32,221 [pool-82-thread-1] INFO  impl.RaftServerImpl (ServerState.java:<init>(105)) - 2657734f-6a71-4b27-b9ea-baa03e97c1c3:group-CE15BE703714 ConfigurationManager, init=-1: [2657734f-6a71-4b27-b9ea-baa03e97c1c3:192.168.36.85:36700, 4b6d0314-6f83-4f2a-b37f-5169ffd221d4:192.168.36.85:44123, b97a343a-dda1-4b47-81df-1468ac752697:192.168.36.85:41515], old=null, confs=<EMPTY_MAP>
2019-08-22 09:18:32,221 [pool-82-thread-1] INFO  server.RaftServerConfigKeys (ConfUtils.java:logGet(43)) - raft.server.storage.dir = [/workdir/hadoop-ozone/integration-test/target/test-dir/MiniOzoneClusterImpl-cf4d0e4d-ce27-4b81-b116-ed410f7e9b07/datanode-5/data/ratis] (custom)
2019-08-22 09:18:32,221 [pool-71-thread-1] INFO  server.RaftServerConfigKeys (ConfUtils.java:logGet(43)) - raft.server.storage.dir = [/workdir/hadoop-ozone/integration-test/target/test-dir/MiniOzoneClusterImpl-cf4d0e4d-ce27-4b81-b116-ed410f7e9b07/datanode-4/data/ratis] (custom)
2019-08-22 09:18:32,221 [pool-82-thread-1] INFO  storage.RaftStorageDirectory (RaftStorageDirectory.java:analyzeStorage(246)) - The storage directory /workdir/hadoop-ozone/integration-test/target/test-dir/MiniOzoneClusterImpl-cf4d0e4d-ce27-4b81-b116-ed410f7e9b07/datanode-5/data/ratis/8334ae7b-6a16-4957-860f-ce15be703714 does not exist. Creating ...
2019-08-22 09:18:32,221 [pool-71-thread-1] INFO  storage.RaftStorageDirectory (RaftStorageDirectory.java:analyzeStorage(246)) - The storage directory /workdir/hadoop-ozone/integration-test/target/test-dir/MiniOzoneClusterImpl-cf4d0e4d-ce27-4b81-b116-ed410f7e9b07/datanode-4/data/ratis/8334ae7b-6a16-4957-860f-ce15be703714 does not exist. Creating ...
2019-08-22 09:18:32,238 [pool-82-thread-1] INFO  storage.RaftStorageDirectory (RaftStorageDirectory.java:tryLock(328)) - Lock on /workdir/hadoop-ozone/integration-test/target/test-dir/MiniOzoneClusterImpl-cf4d0e4d-ce27-4b81-b116-ed410f7e9b07/datanode-5/data/ratis/8334ae7b-6a16-4957-860f-ce15be703714/in_use.lock acquired by nodename 23417@pr-hdds-1898-9jx57-4170240974
2019-08-22 09:18:32,238 [pool-71-thread-1] INFO  storage.RaftStorageDirectory (RaftStorageDirectory.java:tryLock(328)) - Lock on /workdir/hadoop-ozone/integration-test/target/test-dir/MiniOzoneClusterImpl-cf4d0e4d-ce27-4b81-b116-ed410f7e9b07/datanode-4/data/ratis/8334ae7b-6a16-4957-860f-ce15be703714/in_use.lock acquired by nodename 23417@pr-hdds-1898-9jx57-4170240974
2019-08-22 09:18:32,238 [pool-93-thread-1] INFO  storage.RaftStorageDirectory (RaftStorageDirectory.java:tryLock(328)) - Lock on /workdir/hadoop-ozone/integration-test/target/test-dir/MiniOzoneClusterImpl-cf4d0e4d-ce27-4b81-b116-ed410f7e9b07/datanode-6/data/ratis/8334ae7b-6a16-4957-860f-ce15be703714/in_use.lock acquired by nodename 23417@pr-hdds-1898-9jx57-4170240974
2019-08-22 09:18:32,264 [pool-93-thread-1] INFO  storage.RaftStorage (RaftStorage.java:format(72)) - Storage directory /workdir/hadoop-ozone/integration-test/target/test-dir/MiniOzoneClusterImpl-cf4d0e4d-ce27-4b81-b116-ed410f7e9b07/datanode-6/data/ratis/8334ae7b-6a16-4957-860f-ce15be703714 has been successfully formatted.
2019-08-22 09:18:32,264 [pool-71-thread-1] INFO  storage.RaftStorage (RaftStorage.java:format(72)) - Storage directory /workdir/hadoop-ozone/integration-test/target/test-dir/MiniOzoneClusterImpl-cf4d0e4d-ce27-4b81-b116-ed410f7e9b07/datanode-4/data/ratis/8334ae7b-6a16-4957-860f-ce15be703714 has been successfully formatted.
2019-08-22 09:18:32,264 [pool-82-thread-1] INFO  storage.RaftStorage (RaftStorage.java:format(72)) - Storage directory /workdir/hadoop-ozone/integration-test/target/test-dir/MiniOzoneClusterImpl-cf4d0e4d-ce27-4b81-b116-ed410f7e9b07/datanode-5/data/ratis/8334ae7b-6a16-4957-860f-ce15be703714 has been successfully formatted.
2019-08-22 09:18:32,265 [pool-93-thread-1] INFO  ratis.ContainerStateMachine (ContainerStateMachine.java:loadSnapshot(226)) - group-CE15BE703714: The snapshot info is null. Setting the last applied indexto:(t:0, i:~)
2019-08-22 09:18:32,265 [pool-71-thread-1] INFO  ratis.ContainerStateMachine (ContainerStateMachine.java:loadSnapshot(226)) - group-CE15BE703714: The snapshot info is null. Setting the last applied indexto:(t:0, i:~)
2019-08-22 09:18:32,265 [pool-93-thread-1] INFO  server.RaftServerConfigKeys (ConfUtils.java:logGet(43)) - raft.server.leader.election.timeout = 120s (custom)
2019-08-22 09:18:32,265 [pool-82-thread-1] INFO  ratis.ContainerStateMachine (ContainerStateMachine.java:loadSnapshot(226)) - group-CE15BE703714: The snapshot info is null. Setting the last applied indexto:(t:0, i:~)
2019-08-22 09:18:32,265 [pool-93-thread-1] INFO  server.RaftServerConfigKeys (ConfUtils.java:logGet(43)) - raft.server.log.use.memory = false (default)
2019-08-22 09:18:32,265 [pool-71-thread-1] INFO  server.RaftServerConfigKeys (ConfUtils.java:logGet(43)) - raft.server.leader.election.timeout = 120s (custom)
2019-08-22 09:18:32,265 [pool-93-thread-1] INFO  server.RaftServerConfigKeys (ConfUtils.java:logGet(43)) - raft.server.log.purge.gap = 1000000 (custom)
2019-08-22 09:18:32,265 [pool-82-thread-1] INFO  server.RaftServerConfigKeys (ConfUtils.java:logGet(43)) - raft.server.leader.election.timeout = 120s (custom)
2019-08-22 09:18:32,266 [pool-93-thread-1] INFO  server.RaftServerConfigKeys (ConfUtils.java:logGet(43)) - raft.server.log.appender.buffer.byte-limit = 33554432 (custom)
2019-08-22 09:18:32,266 [pool-71-thread-1] INFO  server.RaftServerConfigKeys (ConfUtils.java:logGet(43)) - raft.server.log.use.memory = false (default)
2019-08-22 09:18:32,266 [pool-93-thread-1] INFO  server.RaftServerConfigKeys (ConfUtils.java:logGet(43)) - raft.server.log.segment.size.max = 1048576 (custom)
2019-08-22 09:18:32,266 [pool-82-thread-1] INFO  server.RaftServerConfigKeys (ConfUtils.java:logGet(43)) - raft.server.log.use.memory = false (default)
2019-08-22 09:18:32,266 [pool-93-thread-1] INFO  server.RaftServerConfigKeys (ConfUtils.java:logGet(43)) - raft.server.log.segment.cache.num.max = 2 (custom)
2019-08-22 09:18:32,266 [pool-71-thread-1] INFO  server.RaftServerConfigKeys (ConfUtils.java:logGet(43)) - raft.server.log.purge.gap = 1000000 (custom)
2019-08-22 09:18:32,266 [pool-93-thread-1] INFO  segmented.SegmentedRaftLogWorker (SegmentedRaftLogWorker.java:<init>(172)) - new b97a343a-dda1-4b47-81df-1468ac752697-SegmentedRaftLogWorker:Storage Directory /workdir/hadoop-ozone/integration-test/target/test-dir/MiniOzoneClusterImpl-cf4d0e4d-ce27-4b81-b116-ed410f7e9b07/datanode-6/data/ratis/8334ae7b-6a16-4957-860f-ce15be703714 for RaftStorage:Storage Directory /workdir/hadoop-ozone/integration-test/target/test-dir/MiniOzoneClusterImpl-cf4d0e4d-ce27-4b81-b116-ed410f7e9b07/datanode-6/data/ratis/8334ae7b-6a16-4957-860f-ce15be703714
2019-08-22 09:18:32,266 [pool-82-thread-1] INFO  server.RaftServerConfigKeys (ConfUtils.java:logGet(43)) - raft.server.log.purge.gap = 1000000 (custom)
2019-08-22 09:18:32,267 [pool-93-thread-1] INFO  server.RaftServerConfigKeys (ConfUtils.java:logGet(43)) - raft.server.log.queue.byte-limit = 2147483647 (custom)
2019-08-22 09:18:32,266 [pool-71-thread-1] INFO  server.RaftServerConfigKeys (ConfUtils.java:logGet(43)) - raft.server.log.appender.buffer.byte-limit = 33554432 (custom)
2019-08-22 09:18:32,269 [pool-93-thread-1] INFO  server.RaftServerConfigKeys (ConfUtils.java:logGet(43)) - raft.server.log.queue.element-limit = 1024 (custom)
2019-08-22 09:18:32,267 [pool-82-thread-1] INFO  server.RaftServerConfigKeys (ConfUtils.java:logGet(43)) - raft.server.log.appender.buffer.byte-limit = 33554432 (custom)
2019-08-22 09:18:32,269 [pool-93-thread-1] INFO  server.RaftServerConfigKeys (ConfUtils.java:logGet(43)) - raft.server.log.segment.size.max = 1048576 (custom)
2019-08-22 09:18:32,269 [pool-71-thread-1] INFO  server.RaftServerConfigKeys (ConfUtils.java:logGet(43)) - raft.server.log.segment.size.max = 1048576 (custom)
2019-08-22 09:18:32,270 [pool-93-thread-1] INFO  server.RaftServerConfigKeys (ConfUtils.java:logGet(43)) - raft.server.log.preallocated.size = 16384 (custom)
2019-08-22 09:18:32,270 [pool-82-thread-1] INFO  server.RaftServerConfigKeys (ConfUtils.java:logGet(43)) - raft.server.log.segment.size.max = 1048576 (custom)
2019-08-22 09:18:32,270 [pool-93-thread-1] INFO  server.RaftServerConfigKeys (ConfUtils.java:logGet(43)) - raft.server.log.write.buffer.size = 33554432 (custom)
2019-08-22 09:18:32,270 [pool-71-thread-1] INFO  server.RaftServerConfigKeys (ConfUtils.java:logGet(43)) - raft.server.log.segment.cache.num.max = 2 (custom)
2019-08-22 09:18:32,270 [pool-93-thread-1] INFO  server.RaftServerConfigKeys (ConfUtils.java:logGet(43)) - raft.server.log.force.sync.num = 128 (default)
2019-08-22 09:18:32,270 [pool-82-thread-1] INFO  server.RaftServerConfigKeys (ConfUtils.java:logGet(43)) - raft.server.log.segment.cache.num.max = 2 (custom)
2019-08-22 09:18:32,270 [pool-93-thread-1] INFO  server.RaftServerConfigKeys (ConfUtils.java:logGet(43)) - raft.server.log.statemachine.data.sync = true (default)
2019-08-22 09:18:32,270 [pool-71-thread-1] INFO  segmented.SegmentedRaftLogWorker (SegmentedRaftLogWorker.java:<init>(172)) - new 4b6d0314-6f83-4f2a-b37f-5169ffd221d4-SegmentedRaftLogWorker:Storage Directory /workdir/hadoop-ozone/integration-test/target/test-dir/MiniOzoneClusterImpl-cf4d0e4d-ce27-4b81-b116-ed410f7e9b07/datanode-4/data/ratis/8334ae7b-6a16-4957-860f-ce15be703714 for RaftStorage:Storage Directory /workdir/hadoop-ozone/integration-test/target/test-dir/MiniOzoneClusterImpl-cf4d0e4d-ce27-4b81-b116-ed410f7e9b07/datanode-4/data/ratis/8334ae7b-6a16-4957-860f-ce15be703714
2019-08-22 09:18:32,271 [pool-93-thread-1] INFO  server.RaftServerConfigKeys (ConfUtils.java:logGet(43)) - raft.server.log.statemachine.data.sync.timeout = 10s (default)
2019-08-22 09:18:32,270 [pool-82-thread-1] INFO  segmented.SegmentedRaftLogWorker (SegmentedRaftLogWorker.java:<init>(172)) - new 2657734f-6a71-4b27-b9ea-baa03e97c1c3-SegmentedRaftLogWorker:Storage Directory /workdir/hadoop-ozone/integration-test/target/test-dir/MiniOzoneClusterImpl-cf4d0e4d-ce27-4b81-b116-ed410f7e9b07/datanode-5/data/ratis/8334ae7b-6a16-4957-860f-ce15be703714 for RaftStorage:Storage Directory /workdir/hadoop-ozone/integration-test/target/test-dir/MiniOzoneClusterImpl-cf4d0e4d-ce27-4b81-b116-ed410f7e9b07/datanode-5/data/ratis/8334ae7b-6a16-4957-860f-ce15be703714
2019-08-22 09:18:32,271 [pool-93-thread-1] INFO  server.RaftServerConfigKeys (ConfUtils.java:logGet(43)) - raft.server.log.statemachine.data.sync.timeout.retry = -1 (default)
2019-08-22 09:18:32,271 [pool-71-thread-1] INFO  server.RaftServerConfigKeys (ConfUtils.java:logGet(43)) - raft.server.log.queue.byte-limit = 2147483647 (custom)
2019-08-22 09:18:32,275 [pool-93-thread-1] INFO  server.RaftServerConfigKeys (ConfUtils.java:logGet(43)) - raft.server.log.statemachine.data.caching.enabled = true (custom)
2019-08-22 09:18:32,273 [pool-82-thread-1] INFO  server.RaftServerConfigKeys (ConfUtils.java:logGet(43)) - raft.server.log.queue.byte-limit = 2147483647 (custom)
2019-08-22 09:18:32,275 [pool-71-thread-1] INFO  server.RaftServerConfigKeys (ConfUtils.java:logGet(43)) - raft.server.log.queue.element-limit = 1024 (custom)
2019-08-22 09:18:32,275 [pool-82-thread-1] INFO  server.RaftServerConfigKeys (ConfUtils.java:logGet(43)) - raft.server.log.queue.element-limit = 1024 (custom)
2019-08-22 09:18:32,275 [pool-71-thread-1] INFO  server.RaftServerConfigKeys (ConfUtils.java:logGet(43)) - raft.server.log.segment.size.max = 1048576 (custom)
2019-08-22 09:18:32,275 [pool-93-thread-1] INFO  segmented.SegmentedRaftLogWorker (SegmentedRaftLogWorker.java:lambda$new$0(132)) - b97a343a-dda1-4b47-81df-1468ac752697-SegmentedRaftLogWorker:Storage Directory /workdir/hadoop-ozone/integration-test/target/test-dir/MiniOzoneClusterImpl-cf4d0e4d-ce27-4b81-b116-ed410f7e9b07/datanode-6/data/ratis/8334ae7b-6a16-4957-860f-ce15be703714: flushIndex: setUnconditionally 0 -> -1
2019-08-22 09:18:32,276 [pool-71-thread-1] INFO  server.RaftServerConfigKeys (ConfUtils.java:logGet(43)) - raft.server.log.preallocated.size = 16384 (custom)
2019-08-22 09:18:32,276 [pool-93-thread-1] INFO  server.RaftServerConfigKeys (ConfUtils.java:logGet(43)) - raft.server.snapshot.auto.trigger.enabled = true (custom)
2019-08-22 09:18:32,275 [pool-82-thread-1] INFO  server.RaftServerConfigKeys (ConfUtils.java:logGet(43)) - raft.server.log.segment.size.max = 1048576 (custom)
2019-08-22 09:18:32,276 [pool-93-thread-1] INFO  server.RaftServerConfigKeys (ConfUtils.java:logGet(43)) - raft.server.snapshot.auto.trigger.threshold = 10000 (custom)
2019-08-22 09:18:32,276 [pool-71-thread-1] INFO  server.RaftServerConfigKeys (ConfUtils.java:logGet(43)) - raft.server.log.write.buffer.size = 33554432 (custom)
2019-08-22 09:18:32,276 [pool-93-thread-1] INFO  server.RaftServerConfigKeys (ConfUtils.java:logGet(43)) - raft.server.retrycache.expirytime = 600000ms (custom)
2019-08-22 09:18:32,276 [pool-82-thread-1] INFO  server.RaftServerConfigKeys (ConfUtils.java:logGet(43)) - raft.server.log.preallocated.size = 16384 (custom)
2019-08-22 09:18:32,277 [pool-93-thread-1] INFO  impl.RaftServerImpl (RaftServerImpl.java:start(180)) - b97a343a-dda1-4b47-81df-1468ac752697: start group-CE15BE703714
2019-08-22 09:18:32,276 [pool-71-thread-1] INFO  server.RaftServerConfigKeys (ConfUtils.java:logGet(43)) - raft.server.log.force.sync.num = 128 (default)
2019-08-22 09:18:32,277 [pool-93-thread-1] INFO  impl.RaftServerImpl (RaftServerImpl.java:setRole(171)) - b97a343a-dda1-4b47-81df-1468ac752697:group-CE15BE703714 changes role from null to FOLLOWER at term 0 for startAsFollower
2019-08-22 09:18:32,277 [pool-82-thread-1] INFO  server.RaftServerConfigKeys (ConfUtils.java:logGet(43)) - raft.server.log.write.buffer.size = 33554432 (custom)
2019-08-22 09:18:32,277 [pool-93-thread-1] INFO  impl.RoleInfo (RoleInfo.java:updateAndGet(143)) - b97a343a-dda1-4b47-81df-1468ac752697: start FollowerState
2019-08-22 09:18:32,277 [pool-71-thread-1] INFO  server.RaftServerConfigKeys (ConfUtils.java:logGet(43)) - raft.server.log.statemachine.data.sync = true (default)
2019-08-22 09:18:32,277 [pool-82-thread-1] INFO  server.RaftServerConfigKeys (ConfUtils.java:logGet(43)) - raft.server.log.force.sync.num = 128 (default)
2019-08-22 09:18:32,278 [pool-71-thread-1] INFO  server.RaftServerConfigKeys (ConfUtils.java:logGet(43)) - raft.server.log.statemachine.data.sync.timeout = 10s (default)
2019-08-22 09:18:32,278 [pool-93-thread-1] INFO  util.JmxRegister (JmxRegister.java:tryRegister(44)) - Successfully registered JMX Bean with object name Ratis:service=RaftServer,group=group-CE15BE703714,id=b97a343a-dda1-4b47-81df-1468ac752697
2019-08-22 09:18:32,278 [pool-71-thread-1] INFO  server.RaftServerConfigKeys (ConfUtils.java:logGet(43)) - raft.server.log.statemachine.data.sync.timeout.retry = -1 (default)
2019-08-22 09:18:32,278 [pool-82-thread-1] INFO  server.RaftServerConfigKeys (ConfUtils.java:logGet(43)) - raft.server.log.statemachine.data.sync = true (default)
2019-08-22 09:18:32,278 [pool-71-thread-1] INFO  server.RaftServerConfigKeys (ConfUtils.java:logGet(43)) - raft.server.log.statemachine.data.caching.enabled = true (custom)
2019-08-22 09:18:32,278 [pool-82-thread-1] INFO  server.RaftServerConfigKeys (ConfUtils.java:logGet(43)) - raft.server.log.statemachine.data.sync.timeout = 10s (default)
2019-08-22 09:18:32,279 [pool-82-thread-1] INFO  server.RaftServerConfigKeys (ConfUtils.java:logGet(43)) - raft.server.log.statemachine.data.sync.timeout.retry = -1 (default)
2019-08-22 09:18:32,279 [pool-71-thread-1] INFO  segmented.SegmentedRaftLogWorker (SegmentedRaftLogWorker.java:lambda$new$0(132)) - 4b6d0314-6f83-4f2a-b37f-5169ffd221d4-SegmentedRaftLogWorker:Storage Directory /workdir/hadoop-ozone/integration-test/target/test-dir/MiniOzoneClusterImpl-cf4d0e4d-ce27-4b81-b116-ed410f7e9b07/datanode-4/data/ratis/8334ae7b-6a16-4957-860f-ce15be703714: flushIndex: setUnconditionally 0 -> -1
2019-08-22 09:18:32,279 [pool-82-thread-1] INFO  server.RaftServerConfigKeys (ConfUtils.java:logGet(43)) - raft.server.log.statemachine.data.caching.enabled = true (custom)
2019-08-22 09:18:32,279 [pool-71-thread-1] INFO  server.RaftServerConfigKeys (ConfUtils.java:logGet(43)) - raft.server.snapshot.auto.trigger.enabled = true (custom)
2019-08-22 09:18:32,279 [pool-82-thread-1] INFO  segmented.SegmentedRaftLogWorker (SegmentedRaftLogWorker.java:lambda$new$0(132)) - 2657734f-6a71-4b27-b9ea-baa03e97c1c3-SegmentedRaftLogWorker:Storage Directory /workdir/hadoop-ozone/integration-test/target/test-dir/MiniOzoneClusterImpl-cf4d0e4d-ce27-4b81-b116-ed410f7e9b07/datanode-5/data/ratis/8334ae7b-6a16-4957-860f-ce15be703714: flushIndex: setUnconditionally 0 -> -1
2019-08-22 09:18:32,279 [pool-71-thread-1] INFO  server.RaftServerConfigKeys (ConfUtils.java:logGet(43)) - raft.server.snapshot.auto.trigger.threshold = 10000 (custom)
2019-08-22 09:18:32,279 [pool-82-thread-1] INFO  server.RaftServerConfigKeys (ConfUtils.java:logGet(43)) - raft.server.snapshot.auto.trigger.enabled = true (custom)
2019-08-22 09:18:32,280 [pool-71-thread-1] INFO  server.RaftServerConfigKeys (ConfUtils.java:logGet(43)) - raft.server.retrycache.expirytime = 600000ms (custom)
2019-08-22 09:18:32,280 [pool-82-thread-1] INFO  server.RaftServerConfigKeys (ConfUtils.java:logGet(43)) - raft.server.snapshot.auto.trigger.threshold = 10000 (custom)
2019-08-22 09:18:32,280 [pool-71-thread-1] INFO  impl.RaftServerImpl (RaftServerImpl.java:start(180)) - 4b6d0314-6f83-4f2a-b37f-5169ffd221d4: start group-CE15BE703714
2019-08-22 09:18:32,280 [pool-82-thread-1] INFO  server.RaftServerConfigKeys (ConfUtils.java:logGet(43)) - raft.server.retrycache.expirytime = 600000ms (custom)
2019-08-22 09:18:32,280 [pool-71-thread-1] INFO  impl.RaftServerImpl (RaftServerImpl.java:setRole(171)) - 4b6d0314-6f83-4f2a-b37f-5169ffd221d4:group-CE15BE703714 changes role from null to FOLLOWER at term 0 for startAsFollower
2019-08-22 09:18:32,280 [pool-82-thread-1] INFO  impl.RaftServerImpl (RaftServerImpl.java:start(180)) - 2657734f-6a71-4b27-b9ea-baa03e97c1c3: start group-CE15BE703714
2019-08-22 09:18:32,280 [pool-71-thread-1] INFO  impl.RoleInfo (RoleInfo.java:updateAndGet(143)) - 4b6d0314-6f83-4f2a-b37f-5169ffd221d4: start FollowerState
2019-08-22 09:18:32,280 [pool-82-thread-1] INFO  impl.RaftServerImpl (RaftServerImpl.java:setRole(171)) - 2657734f-6a71-4b27-b9ea-baa03e97c1c3:group-CE15BE703714 changes role from null to FOLLOWER at term 0 for startAsFollower
2019-08-22 09:18:32,282 [pool-82-thread-1] INFO  impl.RoleInfo (RoleInfo.java:updateAndGet(143)) - 2657734f-6a71-4b27-b9ea-baa03e97c1c3: start FollowerState
2019-08-22 09:18:32,283 [pool-71-thread-1] INFO  util.JmxRegister (JmxRegister.java:tryRegister(44)) - Successfully registered JMX Bean with object name Ratis:service=RaftServer,group=group-CE15BE703714,id=4b6d0314-6f83-4f2a-b37f-5169ffd221d4
2019-08-22 09:18:32,287 [pool-82-thread-1] INFO  util.JmxRegister (JmxRegister.java:tryRegister(44)) - Successfully registered JMX Bean with object name Ratis:service=RaftServer,group=group-CE15BE703714,id=2657734f-6a71-4b27-b9ea-baa03e97c1c3
2019-08-22 09:18:32,301 [RatisPipelineUtilsThread] INFO  pipeline.PipelineStateManager (PipelineStateManager.java:addPipeline(56)) - Created pipeline Pipeline[ Id: 8334ae7b-6a16-4957-860f-ce15be703714, Nodes: 4b6d0314-6f83-4f2a-b37f-5169ffd221d4{ip: 192.168.36.85, host: pr-hdds-1898-9jx57-4170240974, networkLocation: /default-rack, certSerialId: null}2657734f-6a71-4b27-b9ea-baa03e97c1c3{ip: 192.168.36.85, host: pr-hdds-1898-9jx57-4170240974, networkLocation: /default-rack, certSerialId: null}b97a343a-dda1-4b47-81df-1468ac752697{ip: 192.168.36.85, host: pr-hdds-1898-9jx57-4170240974, networkLocation: /default-rack, certSerialId: null}, Type:RATIS, Factor:THREE, State:OPEN]
2019-08-22 09:18:32,326 [grpc-default-executor-2] INFO  impl.RaftServerProxy (RaftServerProxy.java:addNew(89)) - 70168daa-7dae-4fec-be11-36b8f7c0b13e: addNew group-00599D447303:[2e502478-34c1-4a4b-9702-a9321f11dbb4:192.168.36.85:32975, 12a3f542-eaa3-41f8-9242-653e2388110a:192.168.36.85:36496, 70168daa-7dae-4fec-be11-36b8f7c0b13e:192.168.36.85:46549] returns group-00599D447303:java.util.concurrent.CompletableFuture@55722370[Not completed]
2019-08-22 09:18:32,326 [grpc-default-executor-0] INFO  impl.RaftServerProxy (RaftServerProxy.java:addNew(89)) - 12a3f542-eaa3-41f8-9242-653e2388110a: addNew group-00599D447303:[2e502478-34c1-4a4b-9702-a9321f11dbb4:192.168.36.85:32975, 12a3f542-eaa3-41f8-9242-653e2388110a:192.168.36.85:36496, 70168daa-7dae-4fec-be11-36b8f7c0b13e:192.168.36.85:46549] returns group-00599D447303:java.util.concurrent.CompletableFuture@59ef6824[Not completed]
2019-08-22 09:18:32,326 [grpc-default-executor-1] INFO  impl.RaftServerProxy (RaftServerProxy.java:addNew(89)) - 2e502478-34c1-4a4b-9702-a9321f11dbb4: addNew group-00599D447303:[2e502478-34c1-4a4b-9702-a9321f11dbb4:192.168.36.85:32975, 12a3f542-eaa3-41f8-9242-653e2388110a:192.168.36.85:36496, 70168daa-7dae-4fec-be11-36b8f7c0b13e:192.168.36.85:46549] returns group-00599D447303:java.util.concurrent.CompletableFuture@3fcddf1a[Not completed]
2019-08-22 09:18:32,329 [pool-38-thread-1] INFO  impl.RaftServerImpl (RaftServerImpl.java:<init>(93)) - 70168daa-7dae-4fec-be11-36b8f7c0b13e: new RaftServerImpl for group-00599D447303:[2e502478-34c1-4a4b-9702-a9321f11dbb4:192.168.36.85:32975, 12a3f542-eaa3-41f8-9242-653e2388110a:192.168.36.85:36496, 70168daa-7dae-4fec-be11-36b8f7c0b13e:192.168.36.85:46549] with ContainerStateMachine:uninitialized
2019-08-22 09:18:32,329 [pool-38-thread-1] INFO  server.RaftServerConfigKeys (ConfUtils.java:logGet(43)) - raft.server.rpc.timeout.min = 5s (custom)
2019-08-22 09:18:32,329 [pool-38-thread-1] INFO  server.RaftServerConfigKeys (ConfUtils.java:logGet(43)) - raft.server.rpc.timeout.max = 5200ms (custom)
2019-08-22 09:18:32,330 [pool-38-thread-1] INFO  server.RaftServerConfigKeys (ConfUtils.java:logGet(43)) - raft.server.rpcslowness.timeout = 120s (custom)
2019-08-22 09:18:32,330 [pool-38-thread-1] INFO  server.RaftServerConfigKeys (ConfUtils.java:logGet(43)) - raft.server.sleep.deviation.threshold = 300 (default)
2019-08-22 09:18:32,330 [pool-38-thread-1] INFO  server.RaftServerConfigKeys (ConfUtils.java:logGet(43)) - raft.server.log.appender.install.snapshot.enabled = false (custom)
2019-08-22 09:18:32,330 [pool-38-thread-1] INFO  impl.RaftServerImpl (ServerState.java:<init>(105)) - 70168daa-7dae-4fec-be11-36b8f7c0b13e:group-00599D447303 ConfigurationManager, init=-1: [2e502478-34c1-4a4b-9702-a9321f11dbb4:192.168.36.85:32975, 12a3f542-eaa3-41f8-9242-653e2388110a:192.168.36.85:36496, 70168daa-7dae-4fec-be11-36b8f7c0b13e:192.168.36.85:46549], old=null, confs=<EMPTY_MAP>
2019-08-22 09:18:32,330 [pool-27-thread-1] INFO  impl.RaftServerImpl (RaftServerImpl.java:<init>(93)) - 12a3f542-eaa3-41f8-9242-653e2388110a: new RaftServerImpl for group-00599D447303:[2e502478-34c1-4a4b-9702-a9321f11dbb4:192.168.36.85:32975, 12a3f542-eaa3-41f8-9242-653e2388110a:192.168.36.85:36496, 70168daa-7dae-4fec-be11-36b8f7c0b13e:192.168.36.85:46549] with ContainerStateMachine:uninitialized
2019-08-22 09:18:32,330 [pool-38-thread-1] INFO  server.RaftServerConfigKeys (ConfUtils.java:logGet(43)) - raft.server.storage.dir = [/workdir/hadoop-ozone/integration-test/target/test-dir/MiniOzoneClusterImpl-cf4d0e4d-ce27-4b81-b116-ed410f7e9b07/datanode-1/data/ratis] (custom)
2019-08-22 09:18:32,330 [pool-27-thread-1] INFO  server.RaftServerConfigKeys (ConfUtils.java:logGet(43)) - raft.server.rpc.timeout.min = 5s (custom)
2019-08-22 09:18:32,331 [pool-27-thread-1] INFO  server.RaftServerConfigKeys (ConfUtils.java:logGet(43)) - raft.server.rpc.timeout.max = 5200ms (custom)
2019-08-22 09:18:32,331 [pool-38-thread-1] INFO  storage.RaftStorageDirectory (RaftStorageDirectory.java:analyzeStorage(246)) - The storage directory /workdir/hadoop-ozone/integration-test/target/test-dir/MiniOzoneClusterImpl-cf4d0e4d-ce27-4b81-b116-ed410f7e9b07/datanode-1/data/ratis/2a907c44-29b3-4828-bb09-00599d447303 does not exist. Creating ...
2019-08-22 09:18:32,331 [pool-60-thread-1] INFO  impl.RaftServerImpl (RaftServerImpl.java:<init>(93)) - 2e502478-34c1-4a4b-9702-a9321f11dbb4: new RaftServerImpl for group-00599D447303:[2e502478-34c1-4a4b-9702-a9321f11dbb4:192.168.36.85:32975, 12a3f542-eaa3-41f8-9242-653e2388110a:192.168.36.85:36496, 70168daa-7dae-4fec-be11-36b8f7c0b13e:192.168.36.85:46549] with ContainerStateMachine:uninitialized
2019-08-22 09:18:32,331 [pool-27-thread-1] INFO  server.RaftServerConfigKeys (ConfUtils.java:logGet(43)) - raft.server.rpcslowness.timeout = 120s (custom)
2019-08-22 09:18:32,331 [pool-60-thread-1] INFO  server.RaftServerConfigKeys (ConfUtils.java:logGet(43)) - raft.server.rpc.timeout.min = 5s (custom)
2019-08-22 09:18:32,331 [pool-27-thread-1] INFO  server.RaftServerConfigKeys (ConfUtils.java:logGet(43)) - raft.server.sleep.deviation.threshold = 300 (default)
2019-08-22 09:18:32,331 [pool-60-thread-1] INFO  server.RaftServerConfigKeys (ConfUtils.java:logGet(43)) - raft.server.rpc.timeout.max = 5200ms (custom)
2019-08-22 09:18:32,331 [pool-27-thread-1] INFO  server.RaftServerConfigKeys (ConfUtils.java:logGet(43)) - raft.server.log.appender.install.snapshot.enabled = false (custom)
2019-08-22 09:18:32,331 [pool-60-thread-1] INFO  server.RaftServerConfigKeys (ConfUtils.java:logGet(43)) - raft.server.rpcslowness.timeout = 120s (custom)
2019-08-22 09:18:32,331 [pool-27-thread-1] INFO  impl.RaftServerImpl (ServerState.java:<init>(105)) - 12a3f542-eaa3-41f8-9242-653e2388110a:group-00599D447303 ConfigurationManager, init=-1: [2e502478-34c1-4a4b-9702-a9321f11dbb4:192.168.36.85:32975, 12a3f542-eaa3-41f8-9242-653e2388110a:192.168.36.85:36496, 70168daa-7dae-4fec-be11-36b8f7c0b13e:192.168.36.85:46549], old=null, confs=<EMPTY_MAP>
2019-08-22 09:18:32,331 [pool-60-thread-1] INFO  server.RaftServerConfigKeys (ConfUtils.java:logGet(43)) - raft.server.sleep.deviation.threshold = 300 (default)
2019-08-22 09:18:32,332 [pool-27-thread-1] INFO  server.RaftServerConfigKeys (ConfUtils.java:logGet(43)) - raft.server.storage.dir = [/workdir/hadoop-ozone/integration-test/target/test-dir/MiniOzoneClusterImpl-cf4d0e4d-ce27-4b81-b116-ed410f7e9b07/datanode-0/data/ratis] (custom)
2019-08-22 09:18:32,332 [pool-60-thread-1] INFO  server.RaftServerConfigKeys (ConfUtils.java:logGet(43)) - raft.server.log.appender.install.snapshot.enabled = false (custom)
2019-08-22 09:18:32,332 [pool-60-thread-1] INFO  impl.RaftServerImpl (ServerState.java:<init>(105)) - 2e502478-34c1-4a4b-9702-a9321f11dbb4:group-00599D447303 ConfigurationManager, init=-1: [2e502478-34c1-4a4b-9702-a9321f11dbb4:192.168.36.85:32975, 12a3f542-eaa3-41f8-9242-653e2388110a:192.168.36.85:36496, 70168daa-7dae-4fec-be11-36b8f7c0b13e:192.168.36.85:46549], old=null, confs=<EMPTY_MAP>
2019-08-22 09:18:32,332 [pool-27-thread-1] INFO  storage.RaftStorageDirectory (RaftStorageDirectory.java:analyzeStorage(246)) - The storage directory /workdir/hadoop-ozone/integration-test/target/test-dir/MiniOzoneClusterImpl-cf4d0e4d-ce27-4b81-b116-ed410f7e9b07/datanode-0/data/ratis/2a907c44-29b3-4828-bb09-00599d447303 does not exist. Creating ...
2019-08-22 09:18:32,332 [pool-60-thread-1] INFO  server.RaftServerConfigKeys (ConfUtils.java:logGet(43)) - raft.server.storage.dir = [/workdir/hadoop-ozone/integration-test/target/test-dir/MiniOzoneClusterImpl-cf4d0e4d-ce27-4b81-b116-ed410f7e9b07/datanode-3/data/ratis] (custom)
2019-08-22 09:18:32,332 [pool-60-thread-1] INFO  storage.RaftStorageDirectory (RaftStorageDirectory.java:analyzeStorage(246)) - The storage directory /workdir/hadoop-ozone/integration-test/target/test-dir/MiniOzoneClusterImpl-cf4d0e4d-ce27-4b81-b116-ed410f7e9b07/datanode-3/data/ratis/2a907c44-29b3-4828-bb09-00599d447303 does not exist. Creating ...
2019-08-22 09:18:32,356 [pool-60-thread-1] INFO  storage.RaftStorageDirectory (RaftStorageDirectory.java:tryLock(328)) - Lock on /workdir/hadoop-ozone/integration-test/target/test-dir/MiniOzoneClusterImpl-cf4d0e4d-ce27-4b81-b116-ed410f7e9b07/datanode-3/data/ratis/2a907c44-29b3-4828-bb09-00599d447303/in_use.lock acquired by nodename 23417@pr-hdds-1898-9jx57-4170240974
2019-08-22 09:18:32,357 [pool-27-thread-1] INFO  storage.RaftStorageDirectory (RaftStorageDirectory.java:tryLock(328)) - Lock on /workdir/hadoop-ozone/integration-test/target/test-dir/MiniOzoneClusterImpl-cf4d0e4d-ce27-4b81-b116-ed410f7e9b07/datanode-0/data/ratis/2a907c44-29b3-4828-bb09-00599d447303/in_use.lock acquired by nodename 23417@pr-hdds-1898-9jx57-4170240974
2019-08-22 09:18:32,356 [pool-38-thread-1] INFO  storage.RaftStorageDirectory (RaftStorageDirectory.java:tryLock(328)) - Lock on /workdir/hadoop-ozone/integration-test/target/test-dir/MiniOzoneClusterImpl-cf4d0e4d-ce27-4b81-b116-ed410f7e9b07/datanode-1/data/ratis/2a907c44-29b3-4828-bb09-00599d447303/in_use.lock acquired by nodename 23417@pr-hdds-1898-9jx57-4170240974
2019-08-22 09:18:32,366 [pool-38-thread-1] INFO  storage.RaftStorage (RaftStorage.java:format(72)) - Storage directory /workdir/hadoop-ozone/integration-test/target/test-dir/MiniOzoneClusterImpl-cf4d0e4d-ce27-4b81-b116-ed410f7e9b07/datanode-1/data/ratis/2a907c44-29b3-4828-bb09-00599d447303 has been successfully formatted.
2019-08-22 09:18:32,366 [pool-27-thread-1] INFO  storage.RaftStorage (RaftStorage.java:format(72)) - Storage directory /workdir/hadoop-ozone/integration-test/target/test-dir/MiniOzoneClusterImpl-cf4d0e4d-ce27-4b81-b116-ed410f7e9b07/datanode-0/data/ratis/2a907c44-29b3-4828-bb09-00599d447303 has been successfully formatted.
2019-08-22 09:18:32,367 [pool-38-thread-1] INFO  ratis.ContainerStateMachine (ContainerStateMachine.java:loadSnapshot(226)) - group-00599D447303: The snapshot info is null. Setting the last applied indexto:(t:0, i:~)
2019-08-22 09:18:32,366 [pool-60-thread-1] INFO  storage.RaftStorage (RaftStorage.java:format(72)) - Storage directory /workdir/hadoop-ozone/integration-test/target/test-dir/MiniOzoneClusterImpl-cf4d0e4d-ce27-4b81-b116-ed410f7e9b07/datanode-3/data/ratis/2a907c44-29b3-4828-bb09-00599d447303 has been successfully formatted.
2019-08-22 09:18:32,367 [pool-27-thread-1] INFO  ratis.ContainerStateMachine (ContainerStateMachine.java:loadSnapshot(226)) - group-00599D447303: The snapshot info is null. Setting the last applied indexto:(t:0, i:~)
2019-08-22 09:18:32,367 [pool-38-thread-1] INFO  server.RaftServerConfigKeys (ConfUtils.java:logGet(43)) - raft.server.leader.election.timeout = 120s (custom)
2019-08-22 09:18:32,367 [pool-27-thread-1] INFO  server.RaftServerConfigKeys (ConfUtils.java:logGet(43)) - raft.server.leader.election.timeout = 120s (custom)
2019-08-22 09:18:32,367 | INFO  | SCMAudit | user=jenkins1000 | ip=192.168.36.85 | op=SEND_HEARTBEAT {datanodeUUID=12a3f542-eaa3-41f8-9242-653e2388110a, command=[]} | ret=SUCCESS |  
2019-08-22 09:18:32,367 [pool-60-thread-1] INFO  ratis.ContainerStateMachine (ContainerStateMachine.java:loadSnapshot(226)) - group-00599D447303: The snapshot info is null. Setting the last applied indexto:(t:0, i:~)
2019-08-22 09:18:32,367 [pool-27-thread-1] INFO  server.RaftServerConfigKeys (ConfUtils.java:logGet(43)) - raft.server.log.use.memory = false (default)
2019-08-22 09:18:32,367 [pool-38-thread-1] INFO  server.RaftServerConfigKeys (ConfUtils.java:logGet(43)) - raft.server.log.use.memory = false (default)
2019-08-22 09:18:32,368 [pool-27-thread-1] INFO  server.RaftServerConfigKeys (ConfUtils.java:logGet(43)) - raft.server.log.purge.gap = 1000000 (custom)
2019-08-22 09:18:32,367 [pool-60-thread-1] INFO  server.RaftServerConfigKeys (ConfUtils.java:logGet(43)) - raft.server.leader.election.timeout = 120s (custom)
2019-08-22 09:18:32,368 [pool-27-thread-1] INFO  server.RaftServerConfigKeys (ConfUtils.java:logGet(43)) - raft.server.log.appender.buffer.byte-limit = 33554432 (custom)
2019-08-22 09:18:32,368 [pool-38-thread-1] INFO  server.RaftServerConfigKeys (ConfUtils.java:logGet(43)) - raft.server.log.purge.gap = 1000000 (custom)
2019-08-22 09:18:32,368 [pool-27-thread-1] INFO  server.RaftServerConfigKeys (ConfUtils.java:logGet(43)) - raft.server.log.segment.size.max = 1048576 (custom)
2019-08-22 09:18:32,368 [pool-60-thread-1] INFO  server.RaftServerConfigKeys (ConfUtils.java:logGet(43)) - raft.server.log.use.memory = false (default)
2019-08-22 09:18:32,368 [pool-27-thread-1] INFO  server.RaftServerConfigKeys (ConfUtils.java:logGet(43)) - raft.server.log.segment.cache.num.max = 2 (custom)
2019-08-22 09:18:32,368 [pool-38-thread-1] INFO  server.RaftServerConfigKeys (ConfUtils.java:logGet(43)) - raft.server.log.appender.buffer.byte-limit = 33554432 (custom)
2019-08-22 09:18:32,369 [pool-27-thread-1] INFO  segmented.SegmentedRaftLogWorker (SegmentedRaftLogWorker.java:<init>(172)) - new 12a3f542-eaa3-41f8-9242-653e2388110a-SegmentedRaftLogWorker:Storage Directory /workdir/hadoop-ozone/integration-test/target/test-dir/MiniOzoneClusterImpl-cf4d0e4d-ce27-4b81-b116-ed410f7e9b07/datanode-0/data/ratis/2a907c44-29b3-4828-bb09-00599d447303 for RaftStorage:Storage Directory /workdir/hadoop-ozone/integration-test/target/test-dir/MiniOzoneClusterImpl-cf4d0e4d-ce27-4b81-b116-ed410f7e9b07/datanode-0/data/ratis/2a907c44-29b3-4828-bb09-00599d447303
2019-08-22 09:18:32,368 [pool-60-thread-1] INFO  server.RaftServerConfigKeys (ConfUtils.java:logGet(43)) - raft.server.log.purge.gap = 1000000 (custom)
2019-08-22 09:18:32,369 [pool-27-thread-1] INFO  server.RaftServerConfigKeys (ConfUtils.java:logGet(43)) - raft.server.log.queue.byte-limit = 2147483647 (custom)
2019-08-22 09:18:32,369 [pool-38-thread-1] INFO  server.RaftServerConfigKeys (ConfUtils.java:logGet(43)) - raft.server.log.segment.size.max = 1048576 (custom)
2019-08-22 09:18:32,370 [pool-27-thread-1] INFO  server.RaftServerConfigKeys (ConfUtils.java:logGet(43)) - raft.server.log.queue.element-limit = 1024 (custom)
2019-08-22 09:18:32,369 [pool-60-thread-1] INFO  server.RaftServerConfigKeys (ConfUtils.java:logGet(43)) - raft.server.log.appender.buffer.byte-limit = 33554432 (custom)
2019-08-22 09:18:32,371 [pool-27-thread-1] INFO  server.RaftServerConfigKeys (ConfUtils.java:logGet(43)) - raft.server.log.segment.size.max = 1048576 (custom)
2019-08-22 09:18:32,371 [pool-38-thread-1] INFO  server.RaftServerConfigKeys (ConfUtils.java:logGet(43)) - raft.server.log.segment.cache.num.max = 2 (custom)
2019-08-22 09:18:32,371 [pool-27-thread-1] INFO  server.RaftServerConfigKeys (ConfUtils.java:logGet(43)) - raft.server.log.preallocated.size = 16384 (custom)
2019-08-22 09:18:32,371 [pool-27-thread-1] INFO  server.RaftServerConfigKeys (ConfUtils.java:logGet(43)) - raft.server.log.write.buffer.size = 33554432 (custom)
2019-08-22 09:18:32,371 [pool-60-thread-1] INFO  server.RaftServerConfigKeys (ConfUtils.java:logGet(43)) - raft.server.log.segment.size.max = 1048576 (custom)
2019-08-22 09:18:32,371 [pool-27-thread-1] INFO  server.RaftServerConfigKeys (ConfUtils.java:logGet(43)) - raft.server.log.force.sync.num = 128 (default)
2019-08-22 09:18:32,371 [pool-38-thread-1] INFO  segmented.SegmentedRaftLogWorker (SegmentedRaftLogWorker.java:<init>(172)) - new 70168daa-7dae-4fec-be11-36b8f7c0b13e-SegmentedRaftLogWorker:Storage Directory /workdir/hadoop-ozone/integration-test/target/test-dir/MiniOzoneClusterImpl-cf4d0e4d-ce27-4b81-b116-ed410f7e9b07/datanode-1/data/ratis/2a907c44-29b3-4828-bb09-00599d447303 for RaftStorage:Storage Directory /workdir/hadoop-ozone/integration-test/target/test-dir/MiniOzoneClusterImpl-cf4d0e4d-ce27-4b81-b116-ed410f7e9b07/datanode-1/data/ratis/2a907c44-29b3-4828-bb09-00599d447303
2019-08-22 09:18:32,371 [pool-27-thread-1] INFO  server.RaftServerConfigKeys (ConfUtils.java:logGet(43)) - raft.server.log.statemachine.data.sync = true (default)
2019-08-22 09:18:32,371 [pool-60-thread-1] INFO  server.RaftServerConfigKeys (ConfUtils.java:logGet(43)) - raft.server.log.segment.cache.num.max = 2 (custom)
2019-08-22 09:18:32,373 [pool-27-thread-1] INFO  server.RaftServerConfigKeys (ConfUtils.java:logGet(43)) - raft.server.log.statemachine.data.sync.timeout = 10s (default)
2019-08-22 09:18:32,372 [pool-38-thread-1] INFO  server.RaftServerConfigKeys (ConfUtils.java:logGet(43)) - raft.server.log.queue.byte-limit = 2147483647 (custom)
2019-08-22 09:18:32,373 [pool-27-thread-1] INFO  server.RaftServerConfigKeys (ConfUtils.java:logGet(43)) - raft.server.log.statemachine.data.sync.timeout.retry = -1 (default)
2019-08-22 09:18:32,373 [pool-60-thread-1] INFO  segmented.SegmentedRaftLogWorker (SegmentedRaftLogWorker.java:<init>(172)) - new 2e502478-34c1-4a4b-9702-a9321f11dbb4-SegmentedRaftLogWorker:Storage Directory /workdir/hadoop-ozone/integration-test/target/test-dir/MiniOzoneClusterImpl-cf4d0e4d-ce27-4b81-b116-ed410f7e9b07/datanode-3/data/ratis/2a907c44-29b3-4828-bb09-00599d447303 for RaftStorage:Storage Directory /workdir/hadoop-ozone/integration-test/target/test-dir/MiniOzoneClusterImpl-cf4d0e4d-ce27-4b81-b116-ed410f7e9b07/datanode-3/data/ratis/2a907c44-29b3-4828-bb09-00599d447303
2019-08-22 09:18:32,373 [pool-38-thread-1] INFO  server.RaftServerConfigKeys (ConfUtils.java:logGet(43)) - raft.server.log.queue.element-limit = 1024 (custom)
2019-08-22 09:18:32,373 [pool-60-thread-1] INFO  server.RaftServerConfigKeys (ConfUtils.java:logGet(43)) - raft.server.log.queue.byte-limit = 2147483647 (custom)
2019-08-22 09:18:32,373 [pool-27-thread-1] INFO  server.RaftServerConfigKeys (ConfUtils.java:logGet(43)) - raft.server.log.statemachine.data.caching.enabled = true (custom)
2019-08-22 09:18:32,375 [pool-60-thread-1] INFO  server.RaftServerConfigKeys (ConfUtils.java:logGet(43)) - raft.server.log.queue.element-limit = 1024 (custom)
2019-08-22 09:18:32,375 [pool-38-thread-1] INFO  server.RaftServerConfigKeys (ConfUtils.java:logGet(43)) - raft.server.log.segment.size.max = 1048576 (custom)
2019-08-22 09:18:32,375 [pool-27-thread-1] INFO  segmented.SegmentedRaftLogWorker (SegmentedRaftLogWorker.java:lambda$new$0(132)) - 12a3f542-eaa3-41f8-9242-653e2388110a-SegmentedRaftLogWorker:Storage Directory /workdir/hadoop-ozone/integration-test/target/test-dir/MiniOzoneClusterImpl-cf4d0e4d-ce27-4b81-b116-ed410f7e9b07/datanode-0/data/ratis/2a907c44-29b3-4828-bb09-00599d447303: flushIndex: setUnconditionally 0 -> -1
2019-08-22 09:18:32,375 [pool-60-thread-1] INFO  server.RaftServerConfigKeys (ConfUtils.java:logGet(43)) - raft.server.log.segment.size.max = 1048576 (custom)
2019-08-22 09:18:32,375 [pool-38-thread-1] INFO  server.RaftServerConfigKeys (ConfUtils.java:logGet(43)) - raft.server.log.preallocated.size = 16384 (custom)
2019-08-22 09:18:32,375 [pool-27-thread-1] INFO  server.RaftServerConfigKeys (ConfUtils.java:logGet(43)) - raft.server.snapshot.auto.trigger.enabled = true (custom)
2019-08-22 09:18:32,375 [pool-60-thread-1] INFO  server.RaftServerConfigKeys (ConfUtils.java:logGet(43)) - raft.server.log.preallocated.size = 16384 (custom)
2019-08-22 09:18:32,375 [pool-27-thread-1] INFO  server.RaftServerConfigKeys (ConfUtils.java:logGet(43)) - raft.server.snapshot.auto.trigger.threshold = 10000 (custom)
2019-08-22 09:18:32,375 [pool-38-thread-1] INFO  server.RaftServerConfigKeys (ConfUtils.java:logGet(43)) - raft.server.log.write.buffer.size = 33554432 (custom)
2019-08-22 09:18:32,376 [pool-27-thread-1] INFO  server.RaftServerConfigKeys (ConfUtils.java:logGet(43)) - raft.server.retrycache.expirytime = 600000ms (custom)
2019-08-22 09:18:32,375 [pool-60-thread-1] INFO  server.RaftServerConfigKeys (ConfUtils.java:logGet(43)) - raft.server.log.write.buffer.size = 33554432 (custom)
2019-08-22 09:18:32,376 [pool-27-thread-1] INFO  impl.RaftServerImpl (RaftServerImpl.java:start(180)) - 12a3f542-eaa3-41f8-9242-653e2388110a: start group-00599D447303
2019-08-22 09:18:32,376 [pool-38-thread-1] INFO  server.RaftServerConfigKeys (ConfUtils.java:logGet(43)) - raft.server.log.force.sync.num = 128 (default)
2019-08-22 09:18:32,376 [pool-27-thread-1] INFO  impl.RaftServerImpl (RaftServerImpl.java:setRole(171)) - 12a3f542-eaa3-41f8-9242-653e2388110a:group-00599D447303 changes role from null to FOLLOWER at term 0 for startAsFollower
2019-08-22 09:18:32,376 [pool-60-thread-1] INFO  server.RaftServerConfigKeys (ConfUtils.java:logGet(43)) - raft.server.log.force.sync.num = 128 (default)
2019-08-22 09:18:32,376 [pool-27-thread-1] INFO  impl.RoleInfo (RoleInfo.java:updateAndGet(143)) - 12a3f542-eaa3-41f8-9242-653e2388110a: start FollowerState
2019-08-22 09:18:32,376 [pool-38-thread-1] INFO  server.RaftServerConfigKeys (ConfUtils.java:logGet(43)) - raft.server.log.statemachine.data.sync = true (default)
2019-08-22 09:18:32,376 [pool-60-thread-1] INFO  server.RaftServerConfigKeys (ConfUtils.java:logGet(43)) - raft.server.log.statemachine.data.sync = true (default)
2019-08-22 09:18:32,377 [pool-38-thread-1] INFO  server.RaftServerConfigKeys (ConfUtils.java:logGet(43)) - raft.server.log.statemachine.data.sync.timeout = 10s (default)
2019-08-22 09:18:32,377 [pool-27-thread-1] INFO  util.JmxRegister (JmxRegister.java:tryRegister(44)) - Successfully registered JMX Bean with object name Ratis:service=RaftServer,group=group-00599D447303,id=12a3f542-eaa3-41f8-9242-653e2388110a
2019-08-22 09:18:32,377 [pool-60-thread-1] INFO  server.RaftServerConfigKeys (ConfUtils.java:logGet(43)) - raft.server.log.statemachine.data.sync.timeout = 10s (default)
2019-08-22 09:18:32,377 [pool-38-thread-1] INFO  server.RaftServerConfigKeys (ConfUtils.java:logGet(43)) - raft.server.log.statemachine.data.sync.timeout.retry = -1 (default)
2019-08-22 09:18:32,377 [pool-60-thread-1] INFO  server.RaftServerConfigKeys (ConfUtils.java:logGet(43)) - raft.server.log.statemachine.data.sync.timeout.retry = -1 (default)
2019-08-22 09:18:32,377 [pool-38-thread-1] INFO  server.RaftServerConfigKeys (ConfUtils.java:logGet(43)) - raft.server.log.statemachine.data.caching.enabled = true (custom)
2019-08-22 09:18:32,377 [pool-60-thread-1] INFO  server.RaftServerConfigKeys (ConfUtils.java:logGet(43)) - raft.server.log.statemachine.data.caching.enabled = true (custom)
2019-08-22 09:18:32,377 [pool-38-thread-1] INFO  segmented.SegmentedRaftLogWorker (SegmentedRaftLogWorker.java:lambda$new$0(132)) - 70168daa-7dae-4fec-be11-36b8f7c0b13e-SegmentedRaftLogWorker:Storage Directory /workdir/hadoop-ozone/integration-test/target/test-dir/MiniOzoneClusterImpl-cf4d0e4d-ce27-4b81-b116-ed410f7e9b07/datanode-1/data/ratis/2a907c44-29b3-4828-bb09-00599d447303: flushIndex: setUnconditionally 0 -> -1
2019-08-22 09:18:32,378 [pool-60-thread-1] INFO  segmented.SegmentedRaftLogWorker (SegmentedRaftLogWorker.java:lambda$new$0(132)) - 2e502478-34c1-4a4b-9702-a9321f11dbb4-SegmentedRaftLogWorker:Storage Directory /workdir/hadoop-ozone/integration-test/target/test-dir/MiniOzoneClusterImpl-cf4d0e4d-ce27-4b81-b116-ed410f7e9b07/datanode-3/data/ratis/2a907c44-29b3-4828-bb09-00599d447303: flushIndex: setUnconditionally 0 -> -1
2019-08-22 09:18:32,378 [pool-38-thread-1] INFO  server.RaftServerConfigKeys (ConfUtils.java:logGet(43)) - raft.server.snapshot.auto.trigger.enabled = true (custom)
2019-08-22 09:18:32,378 [pool-38-thread-1] INFO  server.RaftServerConfigKeys (ConfUtils.java:logGet(43)) - raft.server.snapshot.auto.trigger.threshold = 10000 (custom)
2019-08-22 09:18:32,378 [pool-60-thread-1] INFO  server.RaftServerConfigKeys (ConfUtils.java:logGet(43)) - raft.server.snapshot.auto.trigger.enabled = true (custom)
2019-08-22 09:18:32,378 [pool-38-thread-1] INFO  server.RaftServerConfigKeys (ConfUtils.java:logGet(43)) - raft.server.retrycache.expirytime = 600000ms (custom)
2019-08-22 09:18:32,378 [pool-60-thread-1] INFO  server.RaftServerConfigKeys (ConfUtils.java:logGet(43)) - raft.server.snapshot.auto.trigger.threshold = 10000 (custom)
2019-08-22 09:18:32,378 [pool-38-thread-1] INFO  impl.RaftServerImpl (RaftServerImpl.java:start(180)) - 70168daa-7dae-4fec-be11-36b8f7c0b13e: start group-00599D447303
2019-08-22 09:18:32,378 [pool-60-thread-1] INFO  server.RaftServerConfigKeys (ConfUtils.java:logGet(43)) - raft.server.retrycache.expirytime = 600000ms (custom)
2019-08-22 09:18:32,378 [pool-38-thread-1] INFO  impl.RaftServerImpl (RaftServerImpl.java:setRole(171)) - 70168daa-7dae-4fec-be11-36b8f7c0b13e:group-00599D447303 changes role from null to FOLLOWER at term 0 for startAsFollower
2019-08-22 09:18:32,378 [pool-60-thread-1] INFO  impl.RaftServerImpl (RaftServerImpl.java:start(180)) - 2e502478-34c1-4a4b-9702-a9321f11dbb4: start group-00599D447303
2019-08-22 09:18:32,380 [pool-38-thread-1] INFO  impl.RoleInfo (RoleInfo.java:updateAndGet(143)) - 70168daa-7dae-4fec-be11-36b8f7c0b13e: start FollowerState
2019-08-22 09:18:32,380 [pool-60-thread-1] INFO  impl.RaftServerImpl (RaftServerImpl.java:setRole(171)) - 2e502478-34c1-4a4b-9702-a9321f11dbb4:group-00599D447303 changes role from null to FOLLOWER at term 0 for startAsFollower
2019-08-22 09:18:32,381 [pool-60-thread-1] INFO  impl.RoleInfo (RoleInfo.java:updateAndGet(143)) - 2e502478-34c1-4a4b-9702-a9321f11dbb4: start FollowerState
2019-08-22 09:18:32,381 [pool-38-thread-1] INFO  util.JmxRegister (JmxRegister.java:tryRegister(44)) - Successfully registered JMX Bean with object name Ratis:service=RaftServer,group=group-00599D447303,id=70168daa-7dae-4fec-be11-36b8f7c0b13e
2019-08-22 09:18:32,381 [pool-60-thread-1] INFO  util.JmxRegister (JmxRegister.java:tryRegister(44)) - Successfully registered JMX Bean with object name Ratis:service=RaftServer,group=group-00599D447303,id=2e502478-34c1-4a4b-9702-a9321f11dbb4
2019-08-22 09:18:32,400 [RatisPipelineUtilsThread] INFO  pipeline.PipelineStateManager (PipelineStateManager.java:addPipeline(56)) - Created pipeline Pipeline[ Id: 2a907c44-29b3-4828-bb09-00599d447303, Nodes: 12a3f542-eaa3-41f8-9242-653e2388110a{ip: 192.168.36.85, host: pr-hdds-1898-9jx57-4170240974, networkLocation: /default-rack, certSerialId: null}2e502478-34c1-4a4b-9702-a9321f11dbb4{ip: 192.168.36.85, host: pr-hdds-1898-9jx57-4170240974, networkLocation: /default-rack, certSerialId: null}70168daa-7dae-4fec-be11-36b8f7c0b13e{ip: 192.168.36.85, host: pr-hdds-1898-9jx57-4170240974, networkLocation: /default-rack, certSerialId: null}, Type:RATIS, Factor:THREE, State:OPEN]
2019-08-22 09:18:32,491 [main] INFO  rpc.RpcClient (RpcClient.java:createVolume(292)) - Creating Volume: testblockoutputstream, with jenkins1000 as owner.
2019-08-22 09:18:32,516 | INFO  | OMAudit | user=jenkins1000 | ip=127.0.0.1 | op=CREATE_VOLUME {admin=jenkins1000, owner=jenkins1000, volume=testblockoutputstream, creationTime=1566465512511, quotaInBytes=1152921504606846976} | ret=SUCCESS |  
2019-08-22 09:18:32,531 | INFO  | OMAudit | user=jenkins1000 | ip=127.0.0.1 | op=READ_VOLUME {volume=testblockoutputstream} | ret=SUCCESS |  
2019-08-22 09:18:32,535 [main] INFO  rpc.RpcClient (RpcClient.java:createBucket(431)) - Creating Bucket: testblockoutputstream/testblockoutputstream, with Versioning false and Storage Type set to DISK and Encryption set to false 
2019-08-22 09:18:32,560 | INFO  | OMAudit | user=jenkins1000 | ip=127.0.0.1 | op=CREATE_BUCKET {volume=testblockoutputstream, bucket=testblockoutputstream, acls=[user:jenkins1000:a[ACCESS], group:default:a[ACCESS]], isVersionEnabled=false, storageType=DISK, creationTime=0} | ret=SUCCESS |  
2019-08-22 09:18:32,562 [main] INFO  impl.MetricsSystemImpl (MetricsSystemImpl.java:init(158)) - XceiverClientMetrics metrics system started (again)
2019-08-22 09:18:32,571 | INFO  | OMAudit | user=jenkins1000 | ip=127.0.0.1 | op=READ_VOLUME {volume=testblockoutputstream} | ret=SUCCESS |  
2019-08-22 09:18:32,579 | INFO  | OMAudit | user=jenkins1000 | ip=127.0.0.1 | op=READ_BUCKET {volume=testblockoutputstream, bucket=testblockoutputstream} | ret=SUCCESS |  
2019-08-22 09:18:32,590 | INFO  | SCMAudit | user=jenkins1000 | ip=192.168.36.85 | op=SEND_HEARTBEAT {datanodeUUID=70168daa-7dae-4fec-be11-36b8f7c0b13e, command=[]} | ret=SUCCESS |  
2019-08-22 09:18:32,637 | INFO  | SCMAudit | user=jenkins1000 | ip=192.168.36.85 | op=ALLOCATE_BLOCK {owner=19639913-64eb-417a-8652-d3f6c533baf3, size=800, type=RATIS, factor=THREE} | ret=SUCCESS |  
2019-08-22 09:18:32,668 | INFO  | OMAudit | user=jenkins1000 | ip=127.0.0.1 | op=ALLOCATE_KEY {volume=testblockoutputstream, bucket=testblockoutputstream, key=27fecd6d-c334-4285-8074-a97b0c0d45bd, dataSize=0, replicationType=RATIS, replicationFactor=THREE, keyLocationInfo=null} | ret=SUCCESS |  
2019-08-22 09:18:32,798 [grpc-default-executor-1] INFO  client.GrpcClientProtocolClient (GrpcClientProtocolClient.java:onNext(255)) - client-CA7308E68E1F->12a3f542-eaa3-41f8-9242-653e2388110a: receive RaftClientReply:client-CA7308E68E1F->12a3f542-eaa3-41f8-9242-653e2388110a@group-00599D447303, cid=13, FAILED org.apache.ratis.protocol.NotLeaderException: Server 12a3f542-eaa3-41f8-9242-653e2388110a is not the leader (null). Request must be sent to leader., logIndex=0, commits[12a3f542-eaa3-41f8-9242-653e2388110a:c-1]
2019-08-22 09:18:33,112 | INFO  | SCMAudit | user=jenkins1000 | ip=192.168.36.85 | op=SEND_HEARTBEAT {datanodeUUID=2e502478-34c1-4a4b-9702-a9321f11dbb4, command=[]} | ret=SUCCESS |  
2019-08-22 09:18:33,115 | INFO  | SCMAudit | user=jenkins1000 | ip=192.168.36.85 | op=SEND_HEARTBEAT {datanodeUUID=ba917a70-9edc-40fd-8c87-6f988a09c858, command=[]} | ret=SUCCESS |  
2019-08-22 09:18:33,258 | INFO  | SCMAudit | user=jenkins1000 | ip=192.168.36.85 | op=SEND_HEARTBEAT {datanodeUUID=4b6d0314-6f83-4f2a-b37f-5169ffd221d4, command=[]} | ret=SUCCESS |  
2019-08-22 09:18:33,358 | INFO  | SCMAudit | user=jenkins1000 | ip=192.168.36.85 | op=SEND_HEARTBEAT {datanodeUUID=12a3f542-eaa3-41f8-9242-653e2388110a, command=[]} | ret=SUCCESS |  
2019-08-22 09:18:33,405 [Thread-237] INFO  container.ReplicationManager (ReplicationManager.java:start(152)) - Starting Replication Monitor Thread.
2019-08-22 09:18:33,413 [ReplicationMonitor] INFO  container.ReplicationManager (ReplicationManager.java:run(215)) - Replication Monitor Thread took 5 milliseconds for processing 1 containers.
2019-08-22 09:18:33,574 | INFO  | SCMAudit | user=jenkins1000 | ip=192.168.36.85 | op=SEND_HEARTBEAT {datanodeUUID=2657734f-6a71-4b27-b9ea-baa03e97c1c3, command=[]} | ret=SUCCESS |  
2019-08-22 09:18:33,588 | INFO  | SCMAudit | user=jenkins1000 | ip=192.168.36.85 | op=SEND_HEARTBEAT {datanodeUUID=70168daa-7dae-4fec-be11-36b8f7c0b13e, command=[]} | ret=SUCCESS |  
2019-08-22 09:18:33,780 | INFO  | SCMAudit | user=jenkins1000 | ip=192.168.36.85 | op=SEND_HEARTBEAT {datanodeUUID=b97a343a-dda1-4b47-81df-1468ac752697, command=[]} | ret=SUCCESS |  
2019-08-22 09:18:33,838 [grpc-default-executor-0] INFO  client.GrpcClientProtocolClient (GrpcClientProtocolClient.java:onNext(255)) - client-CA7308E68E1F->70168daa-7dae-4fec-be11-36b8f7c0b13e: receive RaftClientReply:client-CA7308E68E1F->70168daa-7dae-4fec-be11-36b8f7c0b13e@group-00599D447303, cid=13, FAILED org.apache.ratis.protocol.NotLeaderException: Server 70168daa-7dae-4fec-be11-36b8f7c0b13e is not the leader (null). Request must be sent to leader., logIndex=0, commits[70168daa-7dae-4fec-be11-36b8f7c0b13e:c-1]
2019-08-22 09:18:34,114 | INFO  | SCMAudit | user=jenkins1000 | ip=192.168.36.85 | op=SEND_HEARTBEAT {datanodeUUID=2e502478-34c1-4a4b-9702-a9321f11dbb4, command=[]} | ret=SUCCESS |  
2019-08-22 09:18:34,114 | INFO  | SCMAudit | user=jenkins1000 | ip=192.168.36.85 | op=SEND_HEARTBEAT {datanodeUUID=ba917a70-9edc-40fd-8c87-6f988a09c858, command=[]} | ret=SUCCESS |  
2019-08-22 09:18:34,257 | INFO  | SCMAudit | user=jenkins1000 | ip=192.168.36.85 | op=SEND_HEARTBEAT {datanodeUUID=4b6d0314-6f83-4f2a-b37f-5169ffd221d4, command=[]} | ret=SUCCESS |  
2019-08-22 09:18:34,358 | INFO  | SCMAudit | user=jenkins1000 | ip=192.168.36.85 | op=SEND_HEARTBEAT {datanodeUUID=12a3f542-eaa3-41f8-9242-653e2388110a, command=[]} | ret=SUCCESS |  
2019-08-22 09:18:34,574 | INFO  | SCMAudit | user=jenkins1000 | ip=192.168.36.85 | op=SEND_HEARTBEAT {datanodeUUID=2657734f-6a71-4b27-b9ea-baa03e97c1c3, command=[]} | ret=SUCCESS |  
2019-08-22 09:18:34,590 | INFO  | SCMAudit | user=jenkins1000 | ip=192.168.36.85 | op=SEND_HEARTBEAT {datanodeUUID=70168daa-7dae-4fec-be11-36b8f7c0b13e, command=[]} | ret=SUCCESS |  
2019-08-22 09:18:34,781 | INFO  | SCMAudit | user=jenkins1000 | ip=192.168.36.85 | op=SEND_HEARTBEAT {datanodeUUID=b97a343a-dda1-4b47-81df-1468ac752697, command=[]} | ret=SUCCESS |  
2019-08-22 09:18:34,863 [grpc-default-executor-1] INFO  client.GrpcClientProtocolClient (GrpcClientProtocolClient.java:onNext(255)) - client-CA7308E68E1F->2e502478-34c1-4a4b-9702-a9321f11dbb4: receive RaftClientReply:client-CA7308E68E1F->2e502478-34c1-4a4b-9702-a9321f11dbb4@group-00599D447303, cid=13, FAILED org.apache.ratis.protocol.NotLeaderException: Server 2e502478-34c1-4a4b-9702-a9321f11dbb4 is not the leader (null). Request must be sent to leader., logIndex=0, commits[2e502478-34c1-4a4b-9702-a9321f11dbb4:c-1]
2019-08-22 09:18:35,125 | INFO  | SCMAudit | user=jenkins1000 | ip=192.168.36.85 | op=SEND_HEARTBEAT {datanodeUUID=2e502478-34c1-4a4b-9702-a9321f11dbb4, command=[]} | ret=SUCCESS |  
2019-08-22 09:18:35,125 | INFO  | SCMAudit | user=jenkins1000 | ip=192.168.36.85 | op=SEND_HEARTBEAT {datanodeUUID=ba917a70-9edc-40fd-8c87-6f988a09c858, command=[]} | ret=SUCCESS |  
2019-08-22 09:18:35,256 | INFO  | SCMAudit | user=jenkins1000 | ip=192.168.36.85 | op=SEND_HEARTBEAT {datanodeUUID=4b6d0314-6f83-4f2a-b37f-5169ffd221d4, command=[]} | ret=SUCCESS |  
2019-08-22 09:18:35,356 | INFO  | SCMAudit | user=jenkins1000 | ip=192.168.36.85 | op=SEND_HEARTBEAT {datanodeUUID=12a3f542-eaa3-41f8-9242-653e2388110a, command=[]} | ret=SUCCESS |  
2019-08-22 09:18:35,571 | INFO  | SCMAudit | user=jenkins1000 | ip=192.168.36.85 | op=SEND_HEARTBEAT {datanodeUUID=2657734f-6a71-4b27-b9ea-baa03e97c1c3, command=[]} | ret=SUCCESS |  
2019-08-22 09:18:35,587 | INFO  | SCMAudit | user=jenkins1000 | ip=192.168.36.85 | op=SEND_HEARTBEAT {datanodeUUID=70168daa-7dae-4fec-be11-36b8f7c0b13e, command=[]} | ret=SUCCESS |  
2019-08-22 09:18:35,778 | INFO  | SCMAudit | user=jenkins1000 | ip=192.168.36.85 | op=SEND_HEARTBEAT {datanodeUUID=b97a343a-dda1-4b47-81df-1468ac752697, command=[]} | ret=SUCCESS |  
2019-08-22 09:18:35,882 [grpc-default-executor-0] INFO  client.GrpcClientProtocolClient (GrpcClientProtocolClient.java:onNext(255)) - client-CA7308E68E1F->70168daa-7dae-4fec-be11-36b8f7c0b13e: receive RaftClientReply:client-CA7308E68E1F->70168daa-7dae-4fec-be11-36b8f7c0b13e@group-00599D447303, cid=13, FAILED org.apache.ratis.protocol.NotLeaderException: Server 70168daa-7dae-4fec-be11-36b8f7c0b13e is not the leader (null). Request must be sent to leader., logIndex=0, commits[70168daa-7dae-4fec-be11-36b8f7c0b13e:c-1]
2019-08-22 09:18:36,108 | INFO  | SCMAudit | user=jenkins1000 | ip=192.168.36.85 | op=SEND_HEARTBEAT {datanodeUUID=2e502478-34c1-4a4b-9702-a9321f11dbb4, command=[]} | ret=SUCCESS |  
2019-08-22 09:18:36,125 | INFO  | SCMAudit | user=jenkins1000 | ip=192.168.36.85 | op=SEND_HEARTBEAT {datanodeUUID=ba917a70-9edc-40fd-8c87-6f988a09c858, command=[]} | ret=SUCCESS |  
2019-08-22 09:18:36,256 | INFO  | SCMAudit | user=jenkins1000 | ip=192.168.36.85 | op=SEND_HEARTBEAT {datanodeUUID=4b6d0314-6f83-4f2a-b37f-5169ffd221d4, command=[]} | ret=SUCCESS |  
2019-08-22 09:18:36,356 | INFO  | SCMAudit | user=jenkins1000 | ip=192.168.36.85 | op=SEND_HEARTBEAT {datanodeUUID=12a3f542-eaa3-41f8-9242-653e2388110a, command=[]} | ret=SUCCESS |  
2019-08-22 09:18:36,556 [Thread-239] INFO  impl.FollowerState (FollowerState.java:run(106)) - 12a3f542-eaa3-41f8-9242-653e2388110a:group-DE83A1DF5CF5 changes to CANDIDATE, lastRpcTime:5067, electionTimeout:5066ms
2019-08-22 09:18:36,568 [Thread-239] INFO  impl.RoleInfo (RoleInfo.java:shutdownFollowerState(121)) - 12a3f542-eaa3-41f8-9242-653e2388110a: shutdown FollowerState
2019-08-22 09:18:36,569 [Thread-239] INFO  impl.RaftServerImpl (RaftServerImpl.java:setRole(171)) - 12a3f542-eaa3-41f8-9242-653e2388110a:group-DE83A1DF5CF5 changes role from FOLLOWER to CANDIDATE at term 0 for changeToCandidate
2019-08-22 09:18:36,573 | INFO  | SCMAudit | user=jenkins1000 | ip=192.168.36.85 | op=SEND_HEARTBEAT {datanodeUUID=2657734f-6a71-4b27-b9ea-baa03e97c1c3, command=[]} | ret=SUCCESS |  
2019-08-22 09:18:36,582 [Thread-239] INFO  impl.RoleInfo (RoleInfo.java:updateAndGet(143)) - 12a3f542-eaa3-41f8-9242-653e2388110a: start LeaderElection
2019-08-22 09:18:36,591 | INFO  | SCMAudit | user=jenkins1000 | ip=192.168.36.85 | op=SEND_HEARTBEAT {datanodeUUID=70168daa-7dae-4fec-be11-36b8f7c0b13e, command=[]} | ret=SUCCESS |  
2019-08-22 09:18:36,626 [12a3f542-eaa3-41f8-9242-653e2388110a:group-DE83A1DF5CF5:LeaderElection1] INFO  impl.LeaderElection (LeaderElection.java:askForVotes(181)) - 12a3f542-eaa3-41f8-9242-653e2388110a:group-DE83A1DF5CF5:LeaderElection1: begin an election at term 1 for -1: [12a3f542-eaa3-41f8-9242-653e2388110a:192.168.36.85:36496], old=null
2019-08-22 09:18:36,631 [12a3f542-eaa3-41f8-9242-653e2388110a:group-DE83A1DF5CF5:LeaderElection1] INFO  impl.RoleInfo (RoleInfo.java:shutdownLeaderElection(134)) - 12a3f542-eaa3-41f8-9242-653e2388110a: shutdown LeaderElection
2019-08-22 09:18:36,632 [12a3f542-eaa3-41f8-9242-653e2388110a:group-DE83A1DF5CF5:LeaderElection1] INFO  impl.RaftServerImpl (RaftServerImpl.java:setRole(171)) - 12a3f542-eaa3-41f8-9242-653e2388110a:group-DE83A1DF5CF5 changes role from CANDIDATE to LEADER at term 1 for changeToLeader
2019-08-22 09:18:36,633 [12a3f542-eaa3-41f8-9242-653e2388110a:group-DE83A1DF5CF5:LeaderElection1] INFO  impl.RaftServerImpl (ServerState.java:setLeader(263)) - 12a3f542-eaa3-41f8-9242-653e2388110a:group-DE83A1DF5CF5 change Leader from null to 12a3f542-eaa3-41f8-9242-653e2388110a at term 1 for becomeLeader, leader elected after 5221ms
2019-08-22 09:18:36,646 [12a3f542-eaa3-41f8-9242-653e2388110a:group-DE83A1DF5CF5:LeaderElection1] INFO  server.RaftServerConfigKeys (ConfUtils.java:logGet(43)) - raft.server.staging.catchup.gap = 1000 (default)
2019-08-22 09:18:36,646 [12a3f542-eaa3-41f8-9242-653e2388110a:group-DE83A1DF5CF5:LeaderElection1] INFO  server.RaftServerConfigKeys (ConfUtils.java:logGet(43)) - raft.server.rpc.sleep.time = 25ms (default)
2019-08-22 09:18:36,650 [12a3f542-eaa3-41f8-9242-653e2388110a:group-DE83A1DF5CF5:LeaderElection1] INFO  server.RaftServerConfigKeys (ConfUtils.java:logGet(43)) - raft.server.write.element-limit = 4096 (default)
2019-08-22 09:18:36,654 [12a3f542-eaa3-41f8-9242-653e2388110a:group-DE83A1DF5CF5:LeaderElection1] INFO  server.RaftServerConfigKeys (ConfUtils.java:logGet(43)) - raft.server.watch.timeout = 10s (default)
2019-08-22 09:18:36,654 [12a3f542-eaa3-41f8-9242-653e2388110a:group-DE83A1DF5CF5:LeaderElection1] INFO  server.RaftServerConfigKeys (ConfUtils.java:logGet(43)) - raft.server.watch.timeout.denomination = 1s (default)
2019-08-22 09:18:36,657 [12a3f542-eaa3-41f8-9242-653e2388110a:group-DE83A1DF5CF5:LeaderElection1] INFO  server.RaftServerConfigKeys (ConfUtils.java:logGet(43)) - raft.server.watch.element-limit = 65536 (default)
2019-08-22 09:18:36,669 [12a3f542-eaa3-41f8-9242-653e2388110a:group-DE83A1DF5CF5:LeaderElection1] INFO  impl.RoleInfo (RoleInfo.java:updateAndGet(143)) - 12a3f542-eaa3-41f8-9242-653e2388110a: start LeaderState
2019-08-22 09:18:36,700 [12a3f542-eaa3-41f8-9242-653e2388110a:group-DE83A1DF5CF5:LeaderElection1] INFO  segmented.SegmentedRaftLogWorker (SegmentedRaftLogWorker.java:startLogSegment(380)) - 12a3f542-eaa3-41f8-9242-653e2388110a-SegmentedRaftLogWorker:Storage Directory /workdir/hadoop-ozone/integration-test/target/test-dir/MiniOzoneClusterImpl-cf4d0e4d-ce27-4b81-b116-ed410f7e9b07/datanode-0/data/ratis/cede34e8-5593-4838-bccc-de83a1df5cf5: Starting segment from index:0
2019-08-22 09:18:36,711 [12a3f542-eaa3-41f8-9242-653e2388110a:group-DE83A1DF5CF5:LeaderElection1] INFO  impl.RaftServerImpl (ServerState.java:setRaftConf(361)) - 12a3f542-eaa3-41f8-9242-653e2388110a:group-DE83A1DF5CF5 set configuration 0: [12a3f542-eaa3-41f8-9242-653e2388110a:192.168.36.85:36496], old=null at 0
2019-08-22 09:18:36,779 | INFO  | SCMAudit | user=jenkins1000 | ip=192.168.36.85 | op=SEND_HEARTBEAT {datanodeUUID=b97a343a-dda1-4b47-81df-1468ac752697, command=[]} | ret=SUCCESS |  
2019-08-22 09:18:36,851 [Thread-242] INFO  impl.FollowerState (FollowerState.java:run(106)) - 4b6d0314-6f83-4f2a-b37f-5169ffd221d4:group-EA01E9C0F49C changes to CANDIDATE, lastRpcTime:5161, electionTimeout:5160ms
2019-08-22 09:18:36,854 [Thread-245] INFO  impl.FollowerState (FollowerState.java:run(106)) - 2657734f-6a71-4b27-b9ea-baa03e97c1c3:group-DFBE700A134D changes to CANDIDATE, lastRpcTime:5046, electionTimeout:5046ms
2019-08-22 09:18:36,854 [Thread-242] INFO  impl.RoleInfo (RoleInfo.java:shutdownFollowerState(121)) - 4b6d0314-6f83-4f2a-b37f-5169ffd221d4: shutdown FollowerState
2019-08-22 09:18:36,854 [Thread-245] INFO  impl.RoleInfo (RoleInfo.java:shutdownFollowerState(121)) - 2657734f-6a71-4b27-b9ea-baa03e97c1c3: shutdown FollowerState
2019-08-22 09:18:36,854 [Thread-242] INFO  impl.RaftServerImpl (RaftServerImpl.java:setRole(171)) - 4b6d0314-6f83-4f2a-b37f-5169ffd221d4:group-EA01E9C0F49C changes role from FOLLOWER to CANDIDATE at term 0 for changeToCandidate
2019-08-22 09:18:36,854 [Thread-245] INFO  impl.RaftServerImpl (RaftServerImpl.java:setRole(171)) - 2657734f-6a71-4b27-b9ea-baa03e97c1c3:group-DFBE700A134D changes role from FOLLOWER to CANDIDATE at term 0 for changeToCandidate
2019-08-22 09:18:36,854 [Thread-242] INFO  impl.RoleInfo (RoleInfo.java:updateAndGet(143)) - 4b6d0314-6f83-4f2a-b37f-5169ffd221d4: start LeaderElection
2019-08-22 09:18:36,854 [Thread-245] INFO  impl.RoleInfo (RoleInfo.java:updateAndGet(143)) - 2657734f-6a71-4b27-b9ea-baa03e97c1c3: start LeaderElection
2019-08-22 09:18:36,876 [2657734f-6a71-4b27-b9ea-baa03e97c1c3:group-DFBE700A134D:LeaderElection3] INFO  impl.LeaderElection (LeaderElection.java:askForVotes(181)) - 2657734f-6a71-4b27-b9ea-baa03e97c1c3:group-DFBE700A134D:LeaderElection3: begin an election at term 1 for -1: [2657734f-6a71-4b27-b9ea-baa03e97c1c3:192.168.36.85:36700], old=null
2019-08-22 09:18:36,876 [4b6d0314-6f83-4f2a-b37f-5169ffd221d4:group-EA01E9C0F49C:LeaderElection2] INFO  impl.LeaderElection (LeaderElection.java:askForVotes(181)) - 4b6d0314-6f83-4f2a-b37f-5169ffd221d4:group-EA01E9C0F49C:LeaderElection2: begin an election at term 1 for -1: [4b6d0314-6f83-4f2a-b37f-5169ffd221d4:192.168.36.85:44123], old=null
2019-08-22 09:18:36,879 [2657734f-6a71-4b27-b9ea-baa03e97c1c3:group-DFBE700A134D:LeaderElection3] INFO  impl.RoleInfo (RoleInfo.java:shutdownLeaderElection(134)) - 2657734f-6a71-4b27-b9ea-baa03e97c1c3: shutdown LeaderElection
2019-08-22 09:18:36,879 [4b6d0314-6f83-4f2a-b37f-5169ffd221d4:group-EA01E9C0F49C:LeaderElection2] INFO  impl.RoleInfo (RoleInfo.java:shutdownLeaderElection(134)) - 4b6d0314-6f83-4f2a-b37f-5169ffd221d4: shutdown LeaderElection
2019-08-22 09:18:36,879 [2657734f-6a71-4b27-b9ea-baa03e97c1c3:group-DFBE700A134D:LeaderElection3] INFO  impl.RaftServerImpl (RaftServerImpl.java:setRole(171)) - 2657734f-6a71-4b27-b9ea-baa03e97c1c3:group-DFBE700A134D changes role from CANDIDATE to LEADER at term 1 for changeToLeader
2019-08-22 09:18:36,879 [4b6d0314-6f83-4f2a-b37f-5169ffd221d4:group-EA01E9C0F49C:LeaderElection2] INFO  impl.RaftServerImpl (RaftServerImpl.java:setRole(171)) - 4b6d0314-6f83-4f2a-b37f-5169ffd221d4:group-EA01E9C0F49C changes role from CANDIDATE to LEADER at term 1 for changeToLeader
2019-08-22 09:18:36,879 [2657734f-6a71-4b27-b9ea-baa03e97c1c3:group-DFBE700A134D:LeaderElection3] INFO  impl.RaftServerImpl (ServerState.java:setLeader(263)) - 2657734f-6a71-4b27-b9ea-baa03e97c1c3:group-DFBE700A134D change Leader from null to 2657734f-6a71-4b27-b9ea-baa03e97c1c3 at term 1 for becomeLeader, leader elected after 5076ms
2019-08-22 09:18:36,879 [4b6d0314-6f83-4f2a-b37f-5169ffd221d4:group-EA01E9C0F49C:LeaderElection2] INFO  impl.RaftServerImpl (ServerState.java:setLeader(263)) - 4b6d0314-6f83-4f2a-b37f-5169ffd221d4:group-EA01E9C0F49C change Leader from null to 4b6d0314-6f83-4f2a-b37f-5169ffd221d4 at term 1 for becomeLeader, leader elected after 5195ms
2019-08-22 09:18:36,882 [4b6d0314-6f83-4f2a-b37f-5169ffd221d4:group-EA01E9C0F49C:LeaderElection2] INFO  server.RaftServerConfigKeys (ConfUtils.java:logGet(43)) - raft.server.staging.catchup.gap = 1000 (default)
2019-08-22 09:18:36,882 [2657734f-6a71-4b27-b9ea-baa03e97c1c3:group-DFBE700A134D:LeaderElection3] INFO  server.RaftServerConfigKeys (ConfUtils.java:logGet(43)) - raft.server.staging.catchup.gap = 1000 (default)
2019-08-22 09:18:36,882 [4b6d0314-6f83-4f2a-b37f-5169ffd221d4:group-EA01E9C0F49C:LeaderElection2] INFO  server.RaftServerConfigKeys (ConfUtils.java:logGet(43)) - raft.server.rpc.sleep.time = 25ms (default)
2019-08-22 09:18:36,883 [2657734f-6a71-4b27-b9ea-baa03e97c1c3:group-DFBE700A134D:LeaderElection3] INFO  server.RaftServerConfigKeys (ConfUtils.java:logGet(43)) - raft.server.rpc.sleep.time = 25ms (default)
2019-08-22 09:18:36,883 [4b6d0314-6f83-4f2a-b37f-5169ffd221d4:group-EA01E9C0F49C:LeaderElection2] INFO  server.RaftServerConfigKeys (ConfUtils.java:logGet(43)) - raft.server.write.element-limit = 4096 (default)
2019-08-22 09:18:36,883 [2657734f-6a71-4b27-b9ea-baa03e97c1c3:group-DFBE700A134D:LeaderElection3] INFO  server.RaftServerConfigKeys (ConfUtils.java:logGet(43)) - raft.server.write.element-limit = 4096 (default)
2019-08-22 09:18:36,883 [4b6d0314-6f83-4f2a-b37f-5169ffd221d4:group-EA01E9C0F49C:LeaderElection2] INFO  server.RaftServerConfigKeys (ConfUtils.java:logGet(43)) - raft.server.watch.timeout = 10s (default)
2019-08-22 09:18:36,883 [2657734f-6a71-4b27-b9ea-baa03e97c1c3:group-DFBE700A134D:LeaderElection3] INFO  server.RaftServerConfigKeys (ConfUtils.java:logGet(43)) - raft.server.watch.timeout = 10s (default)
2019-08-22 09:18:36,883 [4b6d0314-6f83-4f2a-b37f-5169ffd221d4:group-EA01E9C0F49C:LeaderElection2] INFO  server.RaftServerConfigKeys (ConfUtils.java:logGet(43)) - raft.server.watch.timeout.denomination = 1s (default)
2019-08-22 09:18:36,883 [2657734f-6a71-4b27-b9ea-baa03e97c1c3:group-DFBE700A134D:LeaderElection3] INFO  server.RaftServerConfigKeys (ConfUtils.java:logGet(43)) - raft.server.watch.timeout.denomination = 1s (default)
2019-08-22 09:18:36,884 [4b6d0314-6f83-4f2a-b37f-5169ffd221d4:group-EA01E9C0F49C:LeaderElection2] INFO  server.RaftServerConfigKeys (ConfUtils.java:logGet(43)) - raft.server.watch.element-limit = 65536 (default)
2019-08-22 09:18:36,884 [2657734f-6a71-4b27-b9ea-baa03e97c1c3:group-DFBE700A134D:LeaderElection3] INFO  server.RaftServerConfigKeys (ConfUtils.java:logGet(43)) - raft.server.watch.element-limit = 65536 (default)
2019-08-22 09:18:36,884 [4b6d0314-6f83-4f2a-b37f-5169ffd221d4:group-EA01E9C0F49C:LeaderElection2] INFO  impl.RoleInfo (RoleInfo.java:updateAndGet(143)) - 4b6d0314-6f83-4f2a-b37f-5169ffd221d4: start LeaderState
2019-08-22 09:18:36,884 [2657734f-6a71-4b27-b9ea-baa03e97c1c3:group-DFBE700A134D:LeaderElection3] INFO  impl.RoleInfo (RoleInfo.java:updateAndGet(143)) - 2657734f-6a71-4b27-b9ea-baa03e97c1c3: start LeaderState
2019-08-22 09:18:36,885 [4b6d0314-6f83-4f2a-b37f-5169ffd221d4:group-EA01E9C0F49C:LeaderElection2] INFO  segmented.SegmentedRaftLogWorker (SegmentedRaftLogWorker.java:startLogSegment(380)) - 4b6d0314-6f83-4f2a-b37f-5169ffd221d4-SegmentedRaftLogWorker:Storage Directory /workdir/hadoop-ozone/integration-test/target/test-dir/MiniOzoneClusterImpl-cf4d0e4d-ce27-4b81-b116-ed410f7e9b07/datanode-4/data/ratis/335e68b3-8868-45e2-aa62-ea01e9c0f49c: Starting segment from index:0
2019-08-22 09:18:36,885 [2657734f-6a71-4b27-b9ea-baa03e97c1c3:group-DFBE700A134D:LeaderElection3] INFO  segmented.SegmentedRaftLogWorker (SegmentedRaftLogWorker.java:startLogSegment(380)) - 2657734f-6a71-4b27-b9ea-baa03e97c1c3-SegmentedRaftLogWorker:Storage Directory /workdir/hadoop-ozone/integration-test/target/test-dir/MiniOzoneClusterImpl-cf4d0e4d-ce27-4b81-b116-ed410f7e9b07/datanode-5/data/ratis/f6806577-2591-4568-8b90-dfbe700a134d: Starting segment from index:0
2019-08-22 09:18:36,885 [4b6d0314-6f83-4f2a-b37f-5169ffd221d4:group-EA01E9C0F49C:LeaderElection2] INFO  impl.RaftServerImpl (ServerState.java:setRaftConf(361)) - 4b6d0314-6f83-4f2a-b37f-5169ffd221d4:group-EA01E9C0F49C set configuration 0: [4b6d0314-6f83-4f2a-b37f-5169ffd221d4:192.168.36.85:44123], old=null at 0
2019-08-22 09:18:36,887 [2657734f-6a71-4b27-b9ea-baa03e97c1c3:group-DFBE700A134D:LeaderElection3] INFO  impl.RaftServerImpl (ServerState.java:setRaftConf(361)) - 2657734f-6a71-4b27-b9ea-baa03e97c1c3:group-DFBE700A134D set configuration 0: [2657734f-6a71-4b27-b9ea-baa03e97c1c3:192.168.36.85:36700], old=null at 0
2019-08-22 09:18:36,911 [grpc-default-executor-0] INFO  client.GrpcClientProtocolClient (GrpcClientProtocolClient.java:onNext(255)) - client-CA7308E68E1F->12a3f542-eaa3-41f8-9242-653e2388110a: receive RaftClientReply:client-CA7308E68E1F->12a3f542-eaa3-41f8-9242-653e2388110a@group-00599D447303, cid=13, FAILED org.apache.ratis.protocol.NotLeaderException: Server 12a3f542-eaa3-41f8-9242-653e2388110a is not the leader (null). Request must be sent to leader., logIndex=0, commits[12a3f542-eaa3-41f8-9242-653e2388110a:c-1]
2019-08-22 09:18:36,915 [Thread-248] INFO  impl.FollowerState (FollowerState.java:run(106)) - b97a343a-dda1-4b47-81df-1468ac752697:group-CA15AB69A4C6 changes to CANDIDATE, lastRpcTime:5024, electionTimeout:5022ms
2019-08-22 09:18:36,916 [Thread-248] INFO  impl.RoleInfo (RoleInfo.java:shutdownFollowerState(121)) - b97a343a-dda1-4b47-81df-1468ac752697: shutdown FollowerState
2019-08-22 09:18:36,917 [Thread-248] INFO  impl.RaftServerImpl (RaftServerImpl.java:setRole(171)) - b97a343a-dda1-4b47-81df-1468ac752697:group-CA15AB69A4C6 changes role from FOLLOWER to CANDIDATE at term 0 for changeToCandidate
2019-08-22 09:18:36,917 [Thread-248] INFO  impl.RoleInfo (RoleInfo.java:updateAndGet(143)) - b97a343a-dda1-4b47-81df-1468ac752697: start LeaderElection
2019-08-22 09:18:36,952 [b97a343a-dda1-4b47-81df-1468ac752697:group-CA15AB69A4C6:LeaderElection4] INFO  impl.LeaderElection (LeaderElection.java:askForVotes(181)) - b97a343a-dda1-4b47-81df-1468ac752697:group-CA15AB69A4C6:LeaderElection4: begin an election at term 1 for -1: [b97a343a-dda1-4b47-81df-1468ac752697:192.168.36.85:41515], old=null
2019-08-22 09:18:36,994 [b97a343a-dda1-4b47-81df-1468ac752697:group-CA15AB69A4C6:LeaderElection4] INFO  impl.RoleInfo (RoleInfo.java:shutdownLeaderElection(134)) - b97a343a-dda1-4b47-81df-1468ac752697: shutdown LeaderElection
2019-08-22 09:18:36,994 [b97a343a-dda1-4b47-81df-1468ac752697:group-CA15AB69A4C6:LeaderElection4] INFO  impl.RaftServerImpl (RaftServerImpl.java:setRole(171)) - b97a343a-dda1-4b47-81df-1468ac752697:group-CA15AB69A4C6 changes role from CANDIDATE to LEADER at term 1 for changeToLeader
2019-08-22 09:18:36,994 [b97a343a-dda1-4b47-81df-1468ac752697:group-CA15AB69A4C6:LeaderElection4] INFO  impl.RaftServerImpl (ServerState.java:setLeader(263)) - b97a343a-dda1-4b47-81df-1468ac752697:group-CA15AB69A4C6 change Leader from null to b97a343a-dda1-4b47-81df-1468ac752697 at term 1 for becomeLeader, leader elected after 5107ms
2019-08-22 09:18:36,996 [b97a343a-dda1-4b47-81df-1468ac752697:group-CA15AB69A4C6:LeaderElection4] INFO  server.RaftServerConfigKeys (ConfUtils.java:logGet(43)) - raft.server.staging.catchup.gap = 1000 (default)
2019-08-22 09:18:36,996 [b97a343a-dda1-4b47-81df-1468ac752697:group-CA15AB69A4C6:LeaderElection4] INFO  server.RaftServerConfigKeys (ConfUtils.java:logGet(43)) - raft.server.rpc.sleep.time = 25ms (default)
2019-08-22 09:18:36,996 [b97a343a-dda1-4b47-81df-1468ac752697:group-CA15AB69A4C6:LeaderElection4] INFO  server.RaftServerConfigKeys (ConfUtils.java:logGet(43)) - raft.server.write.element-limit = 4096 (default)
2019-08-22 09:18:36,996 [b97a343a-dda1-4b47-81df-1468ac752697:group-CA15AB69A4C6:LeaderElection4] INFO  server.RaftServerConfigKeys (ConfUtils.java:logGet(43)) - raft.server.watch.timeout = 10s (default)
2019-08-22 09:18:36,997 [b97a343a-dda1-4b47-81df-1468ac752697:group-CA15AB69A4C6:LeaderElection4] INFO  server.RaftServerConfigKeys (ConfUtils.java:logGet(43)) - raft.server.watch.timeout.denomination = 1s (default)
2019-08-22 09:18:36,997 [b97a343a-dda1-4b47-81df-1468ac752697:group-CA15AB69A4C6:LeaderElection4] INFO  server.RaftServerConfigKeys (ConfUtils.java:logGet(43)) - raft.server.watch.element-limit = 65536 (default)
2019-08-22 09:18:36,997 [b97a343a-dda1-4b47-81df-1468ac752697:group-CA15AB69A4C6:LeaderElection4] INFO  impl.RoleInfo (RoleInfo.java:updateAndGet(143)) - b97a343a-dda1-4b47-81df-1468ac752697: start LeaderState
2019-08-22 09:18:36,997 [b97a343a-dda1-4b47-81df-1468ac752697:group-CA15AB69A4C6:LeaderElection4] INFO  segmented.SegmentedRaftLogWorker (SegmentedRaftLogWorker.java:startLogSegment(380)) - b97a343a-dda1-4b47-81df-1468ac752697-SegmentedRaftLogWorker:Storage Directory /workdir/hadoop-ozone/integration-test/target/test-dir/MiniOzoneClusterImpl-cf4d0e4d-ce27-4b81-b116-ed410f7e9b07/datanode-6/data/ratis/f0c507c8-50d8-44ec-85ac-ca15ab69a4c6: Starting segment from index:0
2019-08-22 09:18:36,998 [b97a343a-dda1-4b47-81df-1468ac752697:group-CA15AB69A4C6:LeaderElection4] INFO  impl.RaftServerImpl (ServerState.java:setRaftConf(361)) - b97a343a-dda1-4b47-81df-1468ac752697:group-CA15AB69A4C6 set configuration 0: [b97a343a-dda1-4b47-81df-1468ac752697:192.168.36.85:41515], old=null at 0
2019-08-22 09:18:37,052 [b97a343a-dda1-4b47-81df-1468ac752697-SegmentedRaftLogWorker:Storage Directory /workdir/hadoop-ozone/integration-test/target/test-dir/MiniOzoneClusterImpl-cf4d0e4d-ce27-4b81-b116-ed410f7e9b07/datanode-6/data/ratis/f0c507c8-50d8-44ec-85ac-ca15ab69a4c6] INFO  segmented.SegmentedRaftLogWorker (SegmentedRaftLogWorker.java:execute(569)) - b97a343a-dda1-4b47-81df-1468ac752697-SegmentedRaftLogWorker:Storage Directory /workdir/hadoop-ozone/integration-test/target/test-dir/MiniOzoneClusterImpl-cf4d0e4d-ce27-4b81-b116-ed410f7e9b07/datanode-6/data/ratis/f0c507c8-50d8-44ec-85ac-ca15ab69a4c6: created new log segment /workdir/hadoop-ozone/integration-test/target/test-dir/MiniOzoneClusterImpl-cf4d0e4d-ce27-4b81-b116-ed410f7e9b07/datanode-6/data/ratis/f0c507c8-50d8-44ec-85ac-ca15ab69a4c6/current/log_inprogress_0
2019-08-22 09:18:37,052 [4b6d0314-6f83-4f2a-b37f-5169ffd221d4-SegmentedRaftLogWorker:Storage Directory /workdir/hadoop-ozone/integration-test/target/test-dir/MiniOzoneClusterImpl-cf4d0e4d-ce27-4b81-b116-ed410f7e9b07/datanode-4/data/ratis/335e68b3-8868-45e2-aa62-ea01e9c0f49c] INFO  segmented.SegmentedRaftLogWorker (SegmentedRaftLogWorker.java:execute(569)) - 4b6d0314-6f83-4f2a-b37f-5169ffd221d4-SegmentedRaftLogWorker:Storage Directory /workdir/hadoop-ozone/integration-test/target/test-dir/MiniOzoneClusterImpl-cf4d0e4d-ce27-4b81-b116-ed410f7e9b07/datanode-4/data/ratis/335e68b3-8868-45e2-aa62-ea01e9c0f49c: created new log segment /workdir/hadoop-ozone/integration-test/target/test-dir/MiniOzoneClusterImpl-cf4d0e4d-ce27-4b81-b116-ed410f7e9b07/datanode-4/data/ratis/335e68b3-8868-45e2-aa62-ea01e9c0f49c/current/log_inprogress_0
2019-08-22 09:18:37,052 [12a3f542-eaa3-41f8-9242-653e2388110a-SegmentedRaftLogWorker:Storage Directory /workdir/hadoop-ozone/integration-test/target/test-dir/MiniOzoneClusterImpl-cf4d0e4d-ce27-4b81-b116-ed410f7e9b07/datanode-0/data/ratis/cede34e8-5593-4838-bccc-de83a1df5cf5] INFO  segmented.SegmentedRaftLogWorker (SegmentedRaftLogWorker.java:execute(569)) - 12a3f542-eaa3-41f8-9242-653e2388110a-SegmentedRaftLogWorker:Storage Directory /workdir/hadoop-ozone/integration-test/target/test-dir/MiniOzoneClusterImpl-cf4d0e4d-ce27-4b81-b116-ed410f7e9b07/datanode-0/data/ratis/cede34e8-5593-4838-bccc-de83a1df5cf5: created new log segment /workdir/hadoop-ozone/integration-test/target/test-dir/MiniOzoneClusterImpl-cf4d0e4d-ce27-4b81-b116-ed410f7e9b07/datanode-0/data/ratis/cede34e8-5593-4838-bccc-de83a1df5cf5/current/log_inprogress_0
2019-08-22 09:18:37,052 [2657734f-6a71-4b27-b9ea-baa03e97c1c3-SegmentedRaftLogWorker:Storage Directory /workdir/hadoop-ozone/integration-test/target/test-dir/MiniOzoneClusterImpl-cf4d0e4d-ce27-4b81-b116-ed410f7e9b07/datanode-5/data/ratis/f6806577-2591-4568-8b90-dfbe700a134d] INFO  segmented.SegmentedRaftLogWorker (SegmentedRaftLogWorker.java:execute(569)) - 2657734f-6a71-4b27-b9ea-baa03e97c1c3-SegmentedRaftLogWorker:Storage Directory /workdir/hadoop-ozone/integration-test/target/test-dir/MiniOzoneClusterImpl-cf4d0e4d-ce27-4b81-b116-ed410f7e9b07/datanode-5/data/ratis/f6806577-2591-4568-8b90-dfbe700a134d: created new log segment /workdir/hadoop-ozone/integration-test/target/test-dir/MiniOzoneClusterImpl-cf4d0e4d-ce27-4b81-b116-ed410f7e9b07/datanode-5/data/ratis/f6806577-2591-4568-8b90-dfbe700a134d/current/log_inprogress_0
2019-08-22 09:18:37,057 [Thread-251] INFO  impl.FollowerState (FollowerState.java:run(106)) - 2e502478-34c1-4a4b-9702-a9321f11dbb4:group-2D4E1BB8DBD6 changes to CANDIDATE, lastRpcTime:5073, electionTimeout:5073ms
2019-08-22 09:18:37,058 [Thread-251] INFO  impl.RoleInfo (RoleInfo.java:shutdownFollowerState(121)) - 2e502478-34c1-4a4b-9702-a9321f11dbb4: shutdown FollowerState
2019-08-22 09:18:37,059 [Thread-251] INFO  impl.RaftServerImpl (RaftServerImpl.java:setRole(171)) - 2e502478-34c1-4a4b-9702-a9321f11dbb4:group-2D4E1BB8DBD6 changes role from FOLLOWER to CANDIDATE at term 0 for changeToCandidate
2019-08-22 09:18:37,059 [Thread-251] INFO  impl.RoleInfo (RoleInfo.java:updateAndGet(143)) - 2e502478-34c1-4a4b-9702-a9321f11dbb4: start LeaderElection
2019-08-22 09:18:37,086 [2e502478-34c1-4a4b-9702-a9321f11dbb4:group-2D4E1BB8DBD6:LeaderElection5] INFO  impl.LeaderElection (LeaderElection.java:askForVotes(181)) - 2e502478-34c1-4a4b-9702-a9321f11dbb4:group-2D4E1BB8DBD6:LeaderElection5: begin an election at term 1 for -1: [2e502478-34c1-4a4b-9702-a9321f11dbb4:192.168.36.85:32975], old=null
2019-08-22 09:18:37,088 [2e502478-34c1-4a4b-9702-a9321f11dbb4:group-2D4E1BB8DBD6:LeaderElection5] INFO  impl.RoleInfo (RoleInfo.java:shutdownLeaderElection(134)) - 2e502478-34c1-4a4b-9702-a9321f11dbb4: shutdown LeaderElection
2019-08-22 09:18:37,089 [2e502478-34c1-4a4b-9702-a9321f11dbb4:group-2D4E1BB8DBD6:LeaderElection5] INFO  impl.RaftServerImpl (RaftServerImpl.java:setRole(171)) - 2e502478-34c1-4a4b-9702-a9321f11dbb4:group-2D4E1BB8DBD6 changes role from CANDIDATE to LEADER at term 1 for changeToLeader
2019-08-22 09:18:37,089 [2e502478-34c1-4a4b-9702-a9321f11dbb4:group-2D4E1BB8DBD6:LeaderElection5] INFO  impl.RaftServerImpl (ServerState.java:setLeader(263)) - 2e502478-34c1-4a4b-9702-a9321f11dbb4:group-2D4E1BB8DBD6 change Leader from null to 2e502478-34c1-4a4b-9702-a9321f11dbb4 at term 1 for becomeLeader, leader elected after 5109ms
2019-08-22 09:18:37,090 [2e502478-34c1-4a4b-9702-a9321f11dbb4:group-2D4E1BB8DBD6:LeaderElection5] INFO  server.RaftServerConfigKeys (ConfUtils.java:logGet(43)) - raft.server.staging.catchup.gap = 1000 (default)
2019-08-22 09:18:37,090 [2e502478-34c1-4a4b-9702-a9321f11dbb4:group-2D4E1BB8DBD6:LeaderElection5] INFO  server.RaftServerConfigKeys (ConfUtils.java:logGet(43)) - raft.server.rpc.sleep.time = 25ms (default)
2019-08-22 09:18:37,090 [2e502478-34c1-4a4b-9702-a9321f11dbb4:group-2D4E1BB8DBD6:LeaderElection5] INFO  server.RaftServerConfigKeys (ConfUtils.java:logGet(43)) - raft.server.write.element-limit = 4096 (default)
2019-08-22 09:18:37,090 [2e502478-34c1-4a4b-9702-a9321f11dbb4:group-2D4E1BB8DBD6:LeaderElection5] INFO  server.RaftServerConfigKeys (ConfUtils.java:logGet(43)) - raft.server.watch.timeout = 10s (default)
2019-08-22 09:18:37,090 [2e502478-34c1-4a4b-9702-a9321f11dbb4:group-2D4E1BB8DBD6:LeaderElection5] INFO  server.RaftServerConfigKeys (ConfUtils.java:logGet(43)) - raft.server.watch.timeout.denomination = 1s (default)
2019-08-22 09:18:37,091 [2e502478-34c1-4a4b-9702-a9321f11dbb4:group-2D4E1BB8DBD6:LeaderElection5] INFO  server.RaftServerConfigKeys (ConfUtils.java:logGet(43)) - raft.server.watch.element-limit = 65536 (default)
2019-08-22 09:18:37,091 [2e502478-34c1-4a4b-9702-a9321f11dbb4:group-2D4E1BB8DBD6:LeaderElection5] INFO  impl.RoleInfo (RoleInfo.java:updateAndGet(143)) - 2e502478-34c1-4a4b-9702-a9321f11dbb4: start LeaderState
2019-08-22 09:18:37,091 [2e502478-34c1-4a4b-9702-a9321f11dbb4:group-2D4E1BB8DBD6:LeaderElection5] INFO  segmented.SegmentedRaftLogWorker (SegmentedRaftLogWorker.java:startLogSegment(380)) - 2e502478-34c1-4a4b-9702-a9321f11dbb4-SegmentedRaftLogWorker:Storage Directory /workdir/hadoop-ozone/integration-test/target/test-dir/MiniOzoneClusterImpl-cf4d0e4d-ce27-4b81-b116-ed410f7e9b07/datanode-3/data/ratis/fb756665-3428-4f54-a00e-2d4e1bb8dbd6: Starting segment from index:0
2019-08-22 09:18:37,092 [2e502478-34c1-4a4b-9702-a9321f11dbb4:group-2D4E1BB8DBD6:LeaderElection5] INFO  impl.RaftServerImpl (ServerState.java:setRaftConf(361)) - 2e502478-34c1-4a4b-9702-a9321f11dbb4:group-2D4E1BB8DBD6 set configuration 0: [2e502478-34c1-4a4b-9702-a9321f11dbb4:192.168.36.85:32975], old=null at 0
2019-08-22 09:18:37,130 | INFO  | SCMAudit | user=jenkins1000 | ip=192.168.36.85 | op=SEND_HEARTBEAT {datanodeUUID=2e502478-34c1-4a4b-9702-a9321f11dbb4, command=[]} | ret=SUCCESS |  
2019-08-22 09:18:37,130 | INFO  | SCMAudit | user=jenkins1000 | ip=192.168.36.85 | op=SEND_HEARTBEAT {datanodeUUID=ba917a70-9edc-40fd-8c87-6f988a09c858, command=[]} | ret=SUCCESS |  
2019-08-22 09:18:37,145 [2e502478-34c1-4a4b-9702-a9321f11dbb4-SegmentedRaftLogWorker:Storage Directory /workdir/hadoop-ozone/integration-test/target/test-dir/MiniOzoneClusterImpl-cf4d0e4d-ce27-4b81-b116-ed410f7e9b07/datanode-3/data/ratis/fb756665-3428-4f54-a00e-2d4e1bb8dbd6] INFO  segmented.SegmentedRaftLogWorker (SegmentedRaftLogWorker.java:execute(569)) - 2e502478-34c1-4a4b-9702-a9321f11dbb4-SegmentedRaftLogWorker:Storage Directory /workdir/hadoop-ozone/integration-test/target/test-dir/MiniOzoneClusterImpl-cf4d0e4d-ce27-4b81-b116-ed410f7e9b07/datanode-3/data/ratis/fb756665-3428-4f54-a00e-2d4e1bb8dbd6: created new log segment /workdir/hadoop-ozone/integration-test/target/test-dir/MiniOzoneClusterImpl-cf4d0e4d-ce27-4b81-b116-ed410f7e9b07/datanode-3/data/ratis/fb756665-3428-4f54-a00e-2d4e1bb8dbd6/current/log_inprogress_0
2019-08-22 09:18:37,204 [Thread-254] INFO  impl.FollowerState (FollowerState.java:run(106)) - 70168daa-7dae-4fec-be11-36b8f7c0b13e:group-81C612701CEE changes to CANDIDATE, lastRpcTime:5127, electionTimeout:5127ms
2019-08-22 09:18:37,205 [Thread-254] INFO  impl.RoleInfo (RoleInfo.java:shutdownFollowerState(121)) - 70168daa-7dae-4fec-be11-36b8f7c0b13e: shutdown FollowerState
2019-08-22 09:18:37,205 [Thread-254] INFO  impl.RaftServerImpl (RaftServerImpl.java:setRole(171)) - 70168daa-7dae-4fec-be11-36b8f7c0b13e:group-81C612701CEE changes role from FOLLOWER to CANDIDATE at term 0 for changeToCandidate
2019-08-22 09:18:37,205 [Thread-254] INFO  impl.RoleInfo (RoleInfo.java:updateAndGet(143)) - 70168daa-7dae-4fec-be11-36b8f7c0b13e: start LeaderElection
2019-08-22 09:18:37,228 [70168daa-7dae-4fec-be11-36b8f7c0b13e:group-81C612701CEE:LeaderElection6] INFO  impl.LeaderElection (LeaderElection.java:askForVotes(181)) - 70168daa-7dae-4fec-be11-36b8f7c0b13e:group-81C612701CEE:LeaderElection6: begin an election at term 1 for -1: [70168daa-7dae-4fec-be11-36b8f7c0b13e:192.168.36.85:46549], old=null
2019-08-22 09:18:37,232 [70168daa-7dae-4fec-be11-36b8f7c0b13e:group-81C612701CEE:LeaderElection6] INFO  impl.RoleInfo (RoleInfo.java:shutdownLeaderElection(134)) - 70168daa-7dae-4fec-be11-36b8f7c0b13e: shutdown LeaderElection
2019-08-22 09:18:37,232 [70168daa-7dae-4fec-be11-36b8f7c0b13e:group-81C612701CEE:LeaderElection6] INFO  impl.RaftServerImpl (RaftServerImpl.java:setRole(171)) - 70168daa-7dae-4fec-be11-36b8f7c0b13e:group-81C612701CEE changes role from CANDIDATE to LEADER at term 1 for changeToLeader
2019-08-22 09:18:37,232 [70168daa-7dae-4fec-be11-36b8f7c0b13e:group-81C612701CEE:LeaderElection6] INFO  impl.RaftServerImpl (ServerState.java:setLeader(263)) - 70168daa-7dae-4fec-be11-36b8f7c0b13e:group-81C612701CEE change Leader from null to 70168daa-7dae-4fec-be11-36b8f7c0b13e at term 1 for becomeLeader, leader elected after 5160ms
2019-08-22 09:18:37,235 [70168daa-7dae-4fec-be11-36b8f7c0b13e:group-81C612701CEE:LeaderElection6] INFO  server.RaftServerConfigKeys (ConfUtils.java:logGet(43)) - raft.server.staging.catchup.gap = 1000 (default)
2019-08-22 09:18:37,235 [70168daa-7dae-4fec-be11-36b8f7c0b13e:group-81C612701CEE:LeaderElection6] INFO  server.RaftServerConfigKeys (ConfUtils.java:logGet(43)) - raft.server.rpc.sleep.time = 25ms (default)
2019-08-22 09:18:37,235 [70168daa-7dae-4fec-be11-36b8f7c0b13e:group-81C612701CEE:LeaderElection6] INFO  server.RaftServerConfigKeys (ConfUtils.java:logGet(43)) - raft.server.write.element-limit = 4096 (default)
2019-08-22 09:18:37,235 [70168daa-7dae-4fec-be11-36b8f7c0b13e:group-81C612701CEE:LeaderElection6] INFO  server.RaftServerConfigKeys (ConfUtils.java:logGet(43)) - raft.server.watch.timeout = 10s (default)
2019-08-22 09:18:37,236 [70168daa-7dae-4fec-be11-36b8f7c0b13e:group-81C612701CEE:LeaderElection6] INFO  server.RaftServerConfigKeys (ConfUtils.java:logGet(43)) - raft.server.watch.timeout.denomination = 1s (default)
2019-08-22 09:18:37,236 [70168daa-7dae-4fec-be11-36b8f7c0b13e:group-81C612701CEE:LeaderElection6] INFO  server.RaftServerConfigKeys (ConfUtils.java:logGet(43)) - raft.server.watch.element-limit = 65536 (default)
2019-08-22 09:18:37,236 [70168daa-7dae-4fec-be11-36b8f7c0b13e:group-81C612701CEE:LeaderElection6] INFO  impl.RoleInfo (RoleInfo.java:updateAndGet(143)) - 70168daa-7dae-4fec-be11-36b8f7c0b13e: start LeaderState
2019-08-22 09:18:37,236 [70168daa-7dae-4fec-be11-36b8f7c0b13e:group-81C612701CEE:LeaderElection6] INFO  segmented.SegmentedRaftLogWorker (SegmentedRaftLogWorker.java:startLogSegment(380)) - 70168daa-7dae-4fec-be11-36b8f7c0b13e-SegmentedRaftLogWorker:Storage Directory /workdir/hadoop-ozone/integration-test/target/test-dir/MiniOzoneClusterImpl-cf4d0e4d-ce27-4b81-b116-ed410f7e9b07/datanode-1/data/ratis/bef158b0-f366-4a71-87ae-81c612701cee: Starting segment from index:0
2019-08-22 09:18:37,237 [70168daa-7dae-4fec-be11-36b8f7c0b13e:group-81C612701CEE:LeaderElection6] INFO  impl.RaftServerImpl (ServerState.java:setRaftConf(361)) - 70168daa-7dae-4fec-be11-36b8f7c0b13e:group-81C612701CEE set configuration 0: [70168daa-7dae-4fec-be11-36b8f7c0b13e:192.168.36.85:46549], old=null at 0
2019-08-22 09:18:37,270 | INFO  | SCMAudit | user=jenkins1000 | ip=192.168.36.85 | op=SEND_HEARTBEAT {datanodeUUID=4b6d0314-6f83-4f2a-b37f-5169ffd221d4, command=[]} | ret=SUCCESS |  
2019-08-22 09:18:37,295 [70168daa-7dae-4fec-be11-36b8f7c0b13e-SegmentedRaftLogWorker:Storage Directory /workdir/hadoop-ozone/integration-test/target/test-dir/MiniOzoneClusterImpl-cf4d0e4d-ce27-4b81-b116-ed410f7e9b07/datanode-1/data/ratis/bef158b0-f366-4a71-87ae-81c612701cee] INFO  segmented.SegmentedRaftLogWorker (SegmentedRaftLogWorker.java:execute(569)) - 70168daa-7dae-4fec-be11-36b8f7c0b13e-SegmentedRaftLogWorker:Storage Directory /workdir/hadoop-ozone/integration-test/target/test-dir/MiniOzoneClusterImpl-cf4d0e4d-ce27-4b81-b116-ed410f7e9b07/datanode-1/data/ratis/bef158b0-f366-4a71-87ae-81c612701cee: created new log segment /workdir/hadoop-ozone/integration-test/target/test-dir/MiniOzoneClusterImpl-cf4d0e4d-ce27-4b81-b116-ed410f7e9b07/datanode-1/data/ratis/bef158b0-f366-4a71-87ae-81c612701cee/current/log_inprogress_0
2019-08-22 09:18:37,340 [Thread-265] INFO  impl.FollowerState (FollowerState.java:run(106)) - 4b6d0314-6f83-4f2a-b37f-5169ffd221d4:group-CE15BE703714 changes to CANDIDATE, lastRpcTime:5059, electionTimeout:5057ms
2019-08-22 09:18:37,340 [Thread-265] INFO  impl.RoleInfo (RoleInfo.java:shutdownFollowerState(121)) - 4b6d0314-6f83-4f2a-b37f-5169ffd221d4: shutdown FollowerState
2019-08-22 09:18:37,340 [Thread-265] INFO  impl.RaftServerImpl (RaftServerImpl.java:setRole(171)) - 4b6d0314-6f83-4f2a-b37f-5169ffd221d4:group-CE15BE703714 changes role from FOLLOWER to CANDIDATE at term 0 for changeToCandidate
2019-08-22 09:18:37,340 [Thread-266] INFO  impl.FollowerState (FollowerState.java:run(106)) - 2657734f-6a71-4b27-b9ea-baa03e97c1c3:group-CE15BE703714 changes to CANDIDATE, lastRpcTime:5057, electionTimeout:5055ms
2019-08-22 09:18:37,343 [Thread-265] INFO  impl.RoleInfo (RoleInfo.java:updateAndGet(143)) - 4b6d0314-6f83-4f2a-b37f-5169ffd221d4: start LeaderElection
2019-08-22 09:18:37,343 [Thread-258] INFO  impl.FollowerState (FollowerState.java:run(106)) - ba917a70-9edc-40fd-8c87-6f988a09c858:group-17DD89482A82 changes to CANDIDATE, lastRpcTime:5174, electionTimeout:5172ms
2019-08-22 09:18:37,343 [Thread-266] INFO  impl.RoleInfo (RoleInfo.java:shutdownFollowerState(121)) - 2657734f-6a71-4b27-b9ea-baa03e97c1c3: shutdown FollowerState
2019-08-22 09:18:37,343 [Thread-258] INFO  impl.RoleInfo (RoleInfo.java:shutdownFollowerState(121)) - ba917a70-9edc-40fd-8c87-6f988a09c858: shutdown FollowerState
2019-08-22 09:18:37,346 [Thread-266] INFO  impl.RaftServerImpl (RaftServerImpl.java:setRole(171)) - 2657734f-6a71-4b27-b9ea-baa03e97c1c3:group-CE15BE703714 changes role from FOLLOWER to CANDIDATE at term 0 for changeToCandidate
2019-08-22 09:18:37,346 [Thread-258] INFO  impl.RaftServerImpl (RaftServerImpl.java:setRole(171)) - ba917a70-9edc-40fd-8c87-6f988a09c858:group-17DD89482A82 changes role from FOLLOWER to CANDIDATE at term 0 for changeToCandidate
2019-08-22 09:18:37,346 [Thread-266] INFO  impl.RoleInfo (RoleInfo.java:updateAndGet(143)) - 2657734f-6a71-4b27-b9ea-baa03e97c1c3: start LeaderElection
2019-08-22 09:18:37,347 [Thread-258] INFO  impl.RoleInfo (RoleInfo.java:updateAndGet(143)) - ba917a70-9edc-40fd-8c87-6f988a09c858: start LeaderElection
2019-08-22 09:18:37,355 | INFO  | SCMAudit | user=jenkins1000 | ip=192.168.36.85 | op=SEND_HEARTBEAT {datanodeUUID=12a3f542-eaa3-41f8-9242-653e2388110a, command=[]} | ret=SUCCESS |  
2019-08-22 09:18:37,360 [Thread-261] INFO  impl.FollowerState (FollowerState.java:run(106)) - b97a343a-dda1-4b47-81df-1468ac752697:group-CE15BE703714 changes to CANDIDATE, lastRpcTime:5082, electionTimeout:5082ms
2019-08-22 09:18:37,360 [Thread-261] INFO  impl.RoleInfo (RoleInfo.java:shutdownFollowerState(121)) - b97a343a-dda1-4b47-81df-1468ac752697: shutdown FollowerState
2019-08-22 09:18:37,360 [Thread-261] INFO  impl.RaftServerImpl (RaftServerImpl.java:setRole(171)) - b97a343a-dda1-4b47-81df-1468ac752697:group-CE15BE703714 changes role from FOLLOWER to CANDIDATE at term 0 for changeToCandidate
2019-08-22 09:18:37,360 [Thread-261] INFO  impl.RoleInfo (RoleInfo.java:updateAndGet(143)) - b97a343a-dda1-4b47-81df-1468ac752697: start LeaderElection
2019-08-22 09:18:37,371 [4b6d0314-6f83-4f2a-b37f-5169ffd221d4:group-CE15BE703714:LeaderElection7] INFO  impl.LeaderElection (LeaderElection.java:askForVotes(181)) - 4b6d0314-6f83-4f2a-b37f-5169ffd221d4:group-CE15BE703714:LeaderElection7: begin an election at term 1 for -1: [2657734f-6a71-4b27-b9ea-baa03e97c1c3:192.168.36.85:36700, 4b6d0314-6f83-4f2a-b37f-5169ffd221d4:192.168.36.85:44123, b97a343a-dda1-4b47-81df-1468ac752697:192.168.36.85:41515], old=null
2019-08-22 09:18:37,388 [Thread-270] INFO  impl.FollowerState (FollowerState.java:run(106)) - 12a3f542-eaa3-41f8-9242-653e2388110a:group-00599D447303 changes to CANDIDATE, lastRpcTime:5012, electionTimeout:5007ms
2019-08-22 09:18:37,388 [Thread-270] INFO  impl.RoleInfo (RoleInfo.java:shutdownFollowerState(121)) - 12a3f542-eaa3-41f8-9242-653e2388110a: shutdown FollowerState
2019-08-22 09:18:37,388 [Thread-270] INFO  impl.RaftServerImpl (RaftServerImpl.java:setRole(171)) - 12a3f542-eaa3-41f8-9242-653e2388110a:group-00599D447303 changes role from FOLLOWER to CANDIDATE at term 0 for changeToCandidate
2019-08-22 09:18:37,389 [Thread-270] INFO  impl.RoleInfo (RoleInfo.java:updateAndGet(143)) - 12a3f542-eaa3-41f8-9242-653e2388110a: start LeaderElection
2019-08-22 09:18:37,405 [2657734f-6a71-4b27-b9ea-baa03e97c1c3:group-CE15BE703714:LeaderElection8] INFO  impl.LeaderElection (LeaderElection.java:askForVotes(181)) - 2657734f-6a71-4b27-b9ea-baa03e97c1c3:group-CE15BE703714:LeaderElection8: begin an election at term 1 for -1: [2657734f-6a71-4b27-b9ea-baa03e97c1c3:192.168.36.85:36700, 4b6d0314-6f83-4f2a-b37f-5169ffd221d4:192.168.36.85:44123, b97a343a-dda1-4b47-81df-1468ac752697:192.168.36.85:41515], old=null
2019-08-22 09:18:37,405 [ba917a70-9edc-40fd-8c87-6f988a09c858:group-17DD89482A82:LeaderElection9] INFO  impl.LeaderElection (LeaderElection.java:askForVotes(181)) - ba917a70-9edc-40fd-8c87-6f988a09c858:group-17DD89482A82:LeaderElection9: begin an election at term 1 for -1: [ba917a70-9edc-40fd-8c87-6f988a09c858:192.168.36.85:41864], old=null
2019-08-22 09:18:37,405 [b97a343a-dda1-4b47-81df-1468ac752697:group-CE15BE703714:LeaderElection10] INFO  impl.LeaderElection (LeaderElection.java:askForVotes(181)) - b97a343a-dda1-4b47-81df-1468ac752697:group-CE15BE703714:LeaderElection10: begin an election at term 1 for -1: [2657734f-6a71-4b27-b9ea-baa03e97c1c3:192.168.36.85:36700, 4b6d0314-6f83-4f2a-b37f-5169ffd221d4:192.168.36.85:44123, b97a343a-dda1-4b47-81df-1468ac752697:192.168.36.85:41515], old=null
2019-08-22 09:18:37,406 [ba917a70-9edc-40fd-8c87-6f988a09c858:group-17DD89482A82:LeaderElection9] INFO  impl.RoleInfo (RoleInfo.java:shutdownLeaderElection(134)) - ba917a70-9edc-40fd-8c87-6f988a09c858: shutdown LeaderElection
2019-08-22 09:18:37,406 [ba917a70-9edc-40fd-8c87-6f988a09c858:group-17DD89482A82:LeaderElection9] INFO  impl.RaftServerImpl (RaftServerImpl.java:setRole(171)) - ba917a70-9edc-40fd-8c87-6f988a09c858:group-17DD89482A82 changes role from CANDIDATE to LEADER at term 1 for changeToLeader
2019-08-22 09:18:37,406 [ba917a70-9edc-40fd-8c87-6f988a09c858:group-17DD89482A82:LeaderElection9] INFO  impl.RaftServerImpl (ServerState.java:setLeader(263)) - ba917a70-9edc-40fd-8c87-6f988a09c858:group-17DD89482A82 change Leader from null to ba917a70-9edc-40fd-8c87-6f988a09c858 at term 1 for becomeLeader, leader elected after 5242ms
2019-08-22 09:18:37,408 [ba917a70-9edc-40fd-8c87-6f988a09c858:group-17DD89482A82:LeaderElection9] INFO  server.RaftServerConfigKeys (ConfUtils.java:logGet(43)) - raft.server.staging.catchup.gap = 1000 (default)
2019-08-22 09:18:37,408 [ba917a70-9edc-40fd-8c87-6f988a09c858:group-17DD89482A82:LeaderElection9] INFO  server.RaftServerConfigKeys (ConfUtils.java:logGet(43)) - raft.server.rpc.sleep.time = 25ms (default)
2019-08-22 09:18:37,408 [ba917a70-9edc-40fd-8c87-6f988a09c858:group-17DD89482A82:LeaderElection9] INFO  server.RaftServerConfigKeys (ConfUtils.java:logGet(43)) - raft.server.write.element-limit = 4096 (default)
2019-08-22 09:18:37,408 [ba917a70-9edc-40fd-8c87-6f988a09c858:group-17DD89482A82:LeaderElection9] INFO  server.RaftServerConfigKeys (ConfUtils.java:logGet(43)) - raft.server.watch.timeout = 10s (default)
2019-08-22 09:18:37,409 [ba917a70-9edc-40fd-8c87-6f988a09c858:group-17DD89482A82:LeaderElection9] INFO  server.RaftServerConfigKeys (ConfUtils.java:logGet(43)) - raft.server.watch.timeout.denomination = 1s (default)
2019-08-22 09:18:37,409 [ba917a70-9edc-40fd-8c87-6f988a09c858:group-17DD89482A82:LeaderElection9] INFO  server.RaftServerConfigKeys (ConfUtils.java:logGet(43)) - raft.server.watch.element-limit = 65536 (default)
2019-08-22 09:18:37,414 [12a3f542-eaa3-41f8-9242-653e2388110a:group-00599D447303:LeaderElection11] INFO  impl.LeaderElection (LeaderElection.java:askForVotes(181)) - 12a3f542-eaa3-41f8-9242-653e2388110a:group-00599D447303:LeaderElection11: begin an election at term 1 for -1: [2e502478-34c1-4a4b-9702-a9321f11dbb4:192.168.36.85:32975, 12a3f542-eaa3-41f8-9242-653e2388110a:192.168.36.85:36496, 70168daa-7dae-4fec-be11-36b8f7c0b13e:192.168.36.85:46549], old=null
2019-08-22 09:18:37,414 [ba917a70-9edc-40fd-8c87-6f988a09c858:group-17DD89482A82:LeaderElection9] INFO  impl.RoleInfo (RoleInfo.java:updateAndGet(143)) - ba917a70-9edc-40fd-8c87-6f988a09c858: start LeaderState
2019-08-22 09:18:37,415 [ba917a70-9edc-40fd-8c87-6f988a09c858:group-17DD89482A82:LeaderElection9] INFO  segmented.SegmentedRaftLogWorker (SegmentedRaftLogWorker.java:startLogSegment(380)) - ba917a70-9edc-40fd-8c87-6f988a09c858-SegmentedRaftLogWorker:Storage Directory /workdir/hadoop-ozone/integration-test/target/test-dir/MiniOzoneClusterImpl-cf4d0e4d-ce27-4b81-b116-ed410f7e9b07/datanode-2/data/ratis/81afc899-e917-4883-9c7b-17dd89482a82: Starting segment from index:0
2019-08-22 09:18:37,442 [ba917a70-9edc-40fd-8c87-6f988a09c858:group-17DD89482A82:LeaderElection9] INFO  impl.RaftServerImpl (ServerState.java:setRaftConf(361)) - ba917a70-9edc-40fd-8c87-6f988a09c858:group-17DD89482A82 set configuration 0: [ba917a70-9edc-40fd-8c87-6f988a09c858:192.168.36.85:41864], old=null at 0
2019-08-22 09:18:37,466 [ba917a70-9edc-40fd-8c87-6f988a09c858-SegmentedRaftLogWorker:Storage Directory /workdir/hadoop-ozone/integration-test/target/test-dir/MiniOzoneClusterImpl-cf4d0e4d-ce27-4b81-b116-ed410f7e9b07/datanode-2/data/ratis/81afc899-e917-4883-9c7b-17dd89482a82] INFO  segmented.SegmentedRaftLogWorker (SegmentedRaftLogWorker.java:execute(569)) - ba917a70-9edc-40fd-8c87-6f988a09c858-SegmentedRaftLogWorker:Storage Directory /workdir/hadoop-ozone/integration-test/target/test-dir/MiniOzoneClusterImpl-cf4d0e4d-ce27-4b81-b116-ed410f7e9b07/datanode-2/data/ratis/81afc899-e917-4883-9c7b-17dd89482a82: created new log segment /workdir/hadoop-ozone/integration-test/target/test-dir/MiniOzoneClusterImpl-cf4d0e4d-ce27-4b81-b116-ed410f7e9b07/datanode-2/data/ratis/81afc899-e917-4883-9c7b-17dd89482a82/current/log_inprogress_0
2019-08-22 09:18:37,473 [Thread-274] INFO  impl.FollowerState (FollowerState.java:run(106)) - 70168daa-7dae-4fec-be11-36b8f7c0b13e:group-00599D447303 changes to CANDIDATE, lastRpcTime:5093, electionTimeout:5090ms
2019-08-22 09:18:37,473 [Thread-274] INFO  impl.RoleInfo (RoleInfo.java:shutdownFollowerState(121)) - 70168daa-7dae-4fec-be11-36b8f7c0b13e: shutdown FollowerState
2019-08-22 09:18:37,473 [Thread-274] INFO  impl.RaftServerImpl (RaftServerImpl.java:setRole(171)) - 70168daa-7dae-4fec-be11-36b8f7c0b13e:group-00599D447303 changes role from FOLLOWER to CANDIDATE at term 0 for changeToCandidate
2019-08-22 09:18:37,473 [4b6d0314-6f83-4f2a-b37f-5169ffd221d4:group-CE15BE703714:LeaderElection7] INFO  impl.LeaderElection (LeaderElection.java:logAndReturn(56)) - 4b6d0314-6f83-4f2a-b37f-5169ffd221d4:group-CE15BE703714:LeaderElection7: Election REJECTED; received 2 response(s) [4b6d0314-6f83-4f2a-b37f-5169ffd221d4<-2657734f-6a71-4b27-b9ea-baa03e97c1c3#0:FAIL-t1, 4b6d0314-6f83-4f2a-b37f-5169ffd221d4<-b97a343a-dda1-4b47-81df-1468ac752697#0:FAIL-t1] and 0 exception(s); 4b6d0314-6f83-4f2a-b37f-5169ffd221d4:t1, leader=null, voted=4b6d0314-6f83-4f2a-b37f-5169ffd221d4, raftlog=4b6d0314-6f83-4f2a-b37f-5169ffd221d4-SegmentedRaftLog:OPENED:c-1,f-1,i0, conf=-1: [2657734f-6a71-4b27-b9ea-baa03e97c1c3:192.168.36.85:36700, 4b6d0314-6f83-4f2a-b37f-5169ffd221d4:192.168.36.85:44123, b97a343a-dda1-4b47-81df-1468ac752697:192.168.36.85:41515], old=null
2019-08-22 09:18:37,475 [Thread-274] INFO  impl.RoleInfo (RoleInfo.java:updateAndGet(143)) - 70168daa-7dae-4fec-be11-36b8f7c0b13e: start LeaderElection
2019-08-22 09:18:37,478 [4b6d0314-6f83-4f2a-b37f-5169ffd221d4:group-CE15BE703714:LeaderElection7] INFO  impl.RaftServerImpl (RaftServerImpl.java:setRole(171)) - 4b6d0314-6f83-4f2a-b37f-5169ffd221d4:group-CE15BE703714 changes role from CANDIDATE to FOLLOWER at term 1 for DISCOVERED_A_NEW_TERM
2019-08-22 09:18:37,480 [4b6d0314-6f83-4f2a-b37f-5169ffd221d4:group-CE15BE703714:LeaderElection7] INFO  impl.RoleInfo (RoleInfo.java:shutdownLeaderElection(134)) - 4b6d0314-6f83-4f2a-b37f-5169ffd221d4: shutdown LeaderElection
2019-08-22 09:18:37,485 [4b6d0314-6f83-4f2a-b37f-5169ffd221d4:group-CE15BE703714:LeaderElection7] INFO  impl.RoleInfo (RoleInfo.java:updateAndGet(143)) - 4b6d0314-6f83-4f2a-b37f-5169ffd221d4: start FollowerState
2019-08-22 09:18:37,485 [grpc-default-executor-5] INFO  impl.RaftServerImpl (RaftServerImpl.java:setRole(171)) - 2e502478-34c1-4a4b-9702-a9321f11dbb4:group-00599D447303 changes role from FOLLOWER to FOLLOWER at term 1 for recognizeCandidate:12a3f542-eaa3-41f8-9242-653e2388110a
2019-08-22 09:18:37,486 [grpc-default-executor-5] INFO  impl.RoleInfo (RoleInfo.java:shutdownFollowerState(121)) - 2e502478-34c1-4a4b-9702-a9321f11dbb4: shutdown FollowerState
2019-08-22 09:18:37,488 [grpc-default-executor-5] INFO  impl.RoleInfo (RoleInfo.java:updateAndGet(143)) - 2e502478-34c1-4a4b-9702-a9321f11dbb4: start FollowerState
2019-08-22 09:18:37,488 [Thread-275] INFO  impl.FollowerState (FollowerState.java:run(114)) - 2e502478-34c1-4a4b-9702-a9321f11dbb4: FollowerState was interrupted: java.lang.InterruptedException: sleep interrupted
2019-08-22 09:18:37,497 [b97a343a-dda1-4b47-81df-1468ac752697:group-CE15BE703714:LeaderElection10] INFO  impl.LeaderElection (LeaderElection.java:logAndReturn(56)) - b97a343a-dda1-4b47-81df-1468ac752697:group-CE15BE703714:LeaderElection10: Election REJECTED; received 2 response(s) [b97a343a-dda1-4b47-81df-1468ac752697<-2657734f-6a71-4b27-b9ea-baa03e97c1c3#0:FAIL-t1, b97a343a-dda1-4b47-81df-1468ac752697<-4b6d0314-6f83-4f2a-b37f-5169ffd221d4#0:FAIL-t1] and 0 exception(s); b97a343a-dda1-4b47-81df-1468ac752697:t1, leader=null, voted=b97a343a-dda1-4b47-81df-1468ac752697, raftlog=b97a343a-dda1-4b47-81df-1468ac752697-SegmentedRaftLog:OPENED:c-1,f-1,i0, conf=-1: [2657734f-6a71-4b27-b9ea-baa03e97c1c3:192.168.36.85:36700, 4b6d0314-6f83-4f2a-b37f-5169ffd221d4:192.168.36.85:44123, b97a343a-dda1-4b47-81df-1468ac752697:192.168.36.85:41515], old=null
2019-08-22 09:18:37,497 [2657734f-6a71-4b27-b9ea-baa03e97c1c3:group-CE15BE703714:LeaderElection8] INFO  impl.LeaderElection (LeaderElection.java:logAndReturn(56)) - 2657734f-6a71-4b27-b9ea-baa03e97c1c3:group-CE15BE703714:LeaderElection8: Election REJECTED; received 2 response(s) [2657734f-6a71-4b27-b9ea-baa03e97c1c3<-4b6d0314-6f83-4f2a-b37f-5169ffd221d4#0:FAIL-t1, 2657734f-6a71-4b27-b9ea-baa03e97c1c3<-b97a343a-dda1-4b47-81df-1468ac752697#0:FAIL-t1] and 0 exception(s); 2657734f-6a71-4b27-b9ea-baa03e97c1c3:t1, leader=null, voted=2657734f-6a71-4b27-b9ea-baa03e97c1c3, raftlog=2657734f-6a71-4b27-b9ea-baa03e97c1c3-SegmentedRaftLog:OPENED:c-1,f-1,i0, conf=-1: [2657734f-6a71-4b27-b9ea-baa03e97c1c3:192.168.36.85:36700, 4b6d0314-6f83-4f2a-b37f-5169ffd221d4:192.168.36.85:44123, b97a343a-dda1-4b47-81df-1468ac752697:192.168.36.85:41515], old=null
2019-08-22 09:18:37,497 [b97a343a-dda1-4b47-81df-1468ac752697:group-CE15BE703714:LeaderElection10] INFO  impl.RaftServerImpl (RaftServerImpl.java:setRole(171)) - b97a343a-dda1-4b47-81df-1468ac752697:group-CE15BE703714 changes role from CANDIDATE to FOLLOWER at term 1 for DISCOVERED_A_NEW_TERM
2019-08-22 09:18:37,502 [b97a343a-dda1-4b47-81df-1468ac752697:group-CE15BE703714:LeaderElection10] INFO  impl.RoleInfo (RoleInfo.java:shutdownLeaderElection(134)) - b97a343a-dda1-4b47-81df-1468ac752697: shutdown LeaderElection
2019-08-22 09:18:37,504 [2657734f-6a71-4b27-b9ea-baa03e97c1c3:group-CE15BE703714:LeaderElection8] INFO  impl.RaftServerImpl (RaftServerImpl.java:setRole(171)) - 2657734f-6a71-4b27-b9ea-baa03e97c1c3:group-CE15BE703714 changes role from CANDIDATE to FOLLOWER at term 1 for DISCOVERED_A_NEW_TERM
2019-08-22 09:18:37,505 [b97a343a-dda1-4b47-81df-1468ac752697:group-CE15BE703714:LeaderElection10] INFO  impl.RoleInfo (RoleInfo.java:updateAndGet(143)) - b97a343a-dda1-4b47-81df-1468ac752697: start FollowerState
2019-08-22 09:18:37,505 [2657734f-6a71-4b27-b9ea-baa03e97c1c3:group-CE15BE703714:LeaderElection8] INFO  impl.RoleInfo (RoleInfo.java:shutdownLeaderElection(134)) - 2657734f-6a71-4b27-b9ea-baa03e97c1c3: shutdown LeaderElection
2019-08-22 09:18:37,505 [2657734f-6a71-4b27-b9ea-baa03e97c1c3:group-CE15BE703714:LeaderElection8] INFO  impl.RoleInfo (RoleInfo.java:updateAndGet(143)) - 2657734f-6a71-4b27-b9ea-baa03e97c1c3: start FollowerState
2019-08-22 09:18:37,506 [70168daa-7dae-4fec-be11-36b8f7c0b13e:group-00599D447303:LeaderElection12] INFO  impl.LeaderElection (LeaderElection.java:askForVotes(181)) - 70168daa-7dae-4fec-be11-36b8f7c0b13e:group-00599D447303:LeaderElection12: begin an election at term 1 for -1: [2e502478-34c1-4a4b-9702-a9321f11dbb4:192.168.36.85:32975, 12a3f542-eaa3-41f8-9242-653e2388110a:192.168.36.85:36496, 70168daa-7dae-4fec-be11-36b8f7c0b13e:192.168.36.85:46549], old=null
2019-08-22 09:18:37,526 [12a3f542-eaa3-41f8-9242-653e2388110a:group-00599D447303:LeaderElection11] INFO  impl.LeaderElection (LeaderElection.java:logAndReturn(56)) - 12a3f542-eaa3-41f8-9242-653e2388110a:group-00599D447303:LeaderElection11: Election PASSED; received 2 response(s) [12a3f542-eaa3-41f8-9242-653e2388110a<-2e502478-34c1-4a4b-9702-a9321f11dbb4#0:OK-t1, 12a3f542-eaa3-41f8-9242-653e2388110a<-70168daa-7dae-4fec-be11-36b8f7c0b13e#0:FAIL-t1] and 0 exception(s); 12a3f542-eaa3-41f8-9242-653e2388110a:t1, leader=null, voted=12a3f542-eaa3-41f8-9242-653e2388110a, raftlog=12a3f542-eaa3-41f8-9242-653e2388110a-SegmentedRaftLog:OPENED:c-1,f-1,i0, conf=-1: [2e502478-34c1-4a4b-9702-a9321f11dbb4:192.168.36.85:32975, 12a3f542-eaa3-41f8-9242-653e2388110a:192.168.36.85:36496, 70168daa-7dae-4fec-be11-36b8f7c0b13e:192.168.36.85:46549], old=null
2019-08-22 09:18:37,526 [12a3f542-eaa3-41f8-9242-653e2388110a:group-00599D447303:LeaderElection11] INFO  impl.RoleInfo (RoleInfo.java:shutdownLeaderElection(134)) - 12a3f542-eaa3-41f8-9242-653e2388110a: shutdown LeaderElection
2019-08-22 09:18:37,527 [12a3f542-eaa3-41f8-9242-653e2388110a:group-00599D447303:LeaderElection11] INFO  impl.RaftServerImpl (RaftServerImpl.java:setRole(171)) - 12a3f542-eaa3-41f8-9242-653e2388110a:group-00599D447303 changes role from CANDIDATE to LEADER at term 1 for changeToLeader
2019-08-22 09:18:37,529 [12a3f542-eaa3-41f8-9242-653e2388110a:group-00599D447303:LeaderElection11] INFO  impl.RaftServerImpl (ServerState.java:setLeader(263)) - 12a3f542-eaa3-41f8-9242-653e2388110a:group-00599D447303 change Leader from null to 12a3f542-eaa3-41f8-9242-653e2388110a at term 1 for becomeLeader, leader elected after 5161ms
2019-08-22 09:18:37,529 [12a3f542-eaa3-41f8-9242-653e2388110a:group-00599D447303:LeaderElection11] INFO  server.RaftServerConfigKeys (ConfUtils.java:logGet(43)) - raft.server.staging.catchup.gap = 1000 (default)
2019-08-22 09:18:37,529 [12a3f542-eaa3-41f8-9242-653e2388110a:group-00599D447303:LeaderElection11] INFO  server.RaftServerConfigKeys (ConfUtils.java:logGet(43)) - raft.server.rpc.sleep.time = 25ms (default)
2019-08-22 09:18:37,529 [12a3f542-eaa3-41f8-9242-653e2388110a:group-00599D447303:LeaderElection11] INFO  server.RaftServerConfigKeys (ConfUtils.java:logGet(43)) - raft.server.write.element-limit = 4096 (default)
2019-08-22 09:18:37,529 [70168daa-7dae-4fec-be11-36b8f7c0b13e:group-00599D447303:LeaderElection12] INFO  impl.LeaderElection (LeaderElection.java:logAndReturn(56)) - 70168daa-7dae-4fec-be11-36b8f7c0b13e:group-00599D447303:LeaderElection12: Election REJECTED; received 2 response(s) [70168daa-7dae-4fec-be11-36b8f7c0b13e<-2e502478-34c1-4a4b-9702-a9321f11dbb4#0:FAIL-t1, 70168daa-7dae-4fec-be11-36b8f7c0b13e<-12a3f542-eaa3-41f8-9242-653e2388110a#0:FAIL-t1] and 0 exception(s); 70168daa-7dae-4fec-be11-36b8f7c0b13e:t1, leader=null, voted=70168daa-7dae-4fec-be11-36b8f7c0b13e, raftlog=70168daa-7dae-4fec-be11-36b8f7c0b13e-SegmentedRaftLog:OPENED:c-1,f-1,i0, conf=-1: [2e502478-34c1-4a4b-9702-a9321f11dbb4:192.168.36.85:32975, 12a3f542-eaa3-41f8-9242-653e2388110a:192.168.36.85:36496, 70168daa-7dae-4fec-be11-36b8f7c0b13e:192.168.36.85:46549], old=null
2019-08-22 09:18:37,530 [12a3f542-eaa3-41f8-9242-653e2388110a:group-00599D447303:LeaderElection11] INFO  server.RaftServerConfigKeys (ConfUtils.java:logGet(43)) - raft.server.watch.timeout = 10s (default)
2019-08-22 09:18:37,530 [70168daa-7dae-4fec-be11-36b8f7c0b13e:group-00599D447303:LeaderElection12] INFO  impl.RaftServerImpl (RaftServerImpl.java:setRole(171)) - 70168daa-7dae-4fec-be11-36b8f7c0b13e:group-00599D447303 changes role from CANDIDATE to FOLLOWER at term 1 for DISCOVERED_A_NEW_TERM
2019-08-22 09:18:37,531 [12a3f542-eaa3-41f8-9242-653e2388110a:group-00599D447303:LeaderElection11] INFO  server.RaftServerConfigKeys (ConfUtils.java:logGet(43)) - raft.server.watch.timeout.denomination = 1s (default)
2019-08-22 09:18:37,539 [70168daa-7dae-4fec-be11-36b8f7c0b13e:group-00599D447303:LeaderElection12] INFO  impl.RoleInfo (RoleInfo.java:shutdownLeaderElection(134)) - 70168daa-7dae-4fec-be11-36b8f7c0b13e: shutdown LeaderElection
2019-08-22 09:18:37,539 [12a3f542-eaa3-41f8-9242-653e2388110a:group-00599D447303:LeaderElection11] INFO  server.RaftServerConfigKeys (ConfUtils.java:logGet(43)) - raft.server.watch.element-limit = 65536 (default)
2019-08-22 09:18:37,539 [70168daa-7dae-4fec-be11-36b8f7c0b13e:group-00599D447303:LeaderElection12] INFO  impl.RoleInfo (RoleInfo.java:updateAndGet(143)) - 70168daa-7dae-4fec-be11-36b8f7c0b13e: start FollowerState
2019-08-22 09:18:37,542 [12a3f542-eaa3-41f8-9242-653e2388110a:group-00599D447303:LeaderElection11] INFO  server.RaftServerConfigKeys (ConfUtils.java:logGet(43)) - raft.server.log.appender.snapshot.chunk.size.max = 16MB (=16777216) (default)
2019-08-22 09:18:37,542 [12a3f542-eaa3-41f8-9242-653e2388110a:group-00599D447303:LeaderElection11] INFO  server.RaftServerConfigKeys (ConfUtils.java:logGet(43)) - raft.server.log.appender.buffer.byte-limit = 33554432 (custom)
2019-08-22 09:18:37,543 [12a3f542-eaa3-41f8-9242-653e2388110a:group-00599D447303:LeaderElection11] INFO  server.RaftServerConfigKeys (ConfUtils.java:logGet(43)) - raft.server.log.appender.buffer.element-limit = 1 (custom)
2019-08-22 09:18:37,545 [12a3f542-eaa3-41f8-9242-653e2388110a:group-00599D447303:LeaderElection11] INFO  grpc.GrpcConfigKeys$Server (ConfUtils.java:logGet(43)) - raft.grpc.server.leader.outstanding.appends.max = 128 (default)
2019-08-22 09:18:37,547 [12a3f542-eaa3-41f8-9242-653e2388110a:group-00599D447303:LeaderElection11] INFO  server.RaftServerConfigKeys (ConfUtils.java:logGet(43)) - raft.server.rpc.request.timeout = 3000ms (default)
2019-08-22 09:18:37,547 [12a3f542-eaa3-41f8-9242-653e2388110a:group-00599D447303:LeaderElection11] INFO  server.RaftServerConfigKeys (ConfUtils.java:logGet(43)) - raft.server.log.appender.install.snapshot.enabled = false (custom)
2019-08-22 09:18:37,547 [12a3f542-eaa3-41f8-9242-653e2388110a:group-00599D447303:LeaderElection11] INFO  server.RaftServerConfigKeys (ConfUtils.java:logGet(43)) - raft.server.log.appender.snapshot.chunk.size.max = 16MB (=16777216) (default)
2019-08-22 09:18:37,547 [12a3f542-eaa3-41f8-9242-653e2388110a:group-00599D447303:LeaderElection11] INFO  server.RaftServerConfigKeys (ConfUtils.java:logGet(43)) - raft.server.log.appender.buffer.byte-limit = 33554432 (custom)
2019-08-22 09:18:37,547 [12a3f542-eaa3-41f8-9242-653e2388110a:group-00599D447303:LeaderElection11] INFO  server.RaftServerConfigKeys (ConfUtils.java:logGet(43)) - raft.server.log.appender.buffer.element-limit = 1 (custom)
2019-08-22 09:18:37,547 [12a3f542-eaa3-41f8-9242-653e2388110a:group-00599D447303:LeaderElection11] INFO  grpc.GrpcConfigKeys$Server (ConfUtils.java:logGet(43)) - raft.grpc.server.leader.outstanding.appends.max = 128 (default)
2019-08-22 09:18:37,548 [12a3f542-eaa3-41f8-9242-653e2388110a:group-00599D447303:LeaderElection11] INFO  server.RaftServerConfigKeys (ConfUtils.java:logGet(43)) - raft.server.rpc.request.timeout = 3000ms (default)
2019-08-22 09:18:37,548 [12a3f542-eaa3-41f8-9242-653e2388110a:group-00599D447303:LeaderElection11] INFO  server.RaftServerConfigKeys (ConfUtils.java:logGet(43)) - raft.server.log.appender.install.snapshot.enabled = false (custom)
2019-08-22 09:18:37,549 [12a3f542-eaa3-41f8-9242-653e2388110a:group-00599D447303:LeaderElection11] INFO  impl.RoleInfo (RoleInfo.java:updateAndGet(143)) - 12a3f542-eaa3-41f8-9242-653e2388110a: start LeaderState
2019-08-22 09:18:37,549 [12a3f542-eaa3-41f8-9242-653e2388110a:group-00599D447303:LeaderElection11] INFO  segmented.SegmentedRaftLogWorker (SegmentedRaftLogWorker.java:startLogSegment(380)) - 12a3f542-eaa3-41f8-9242-653e2388110a-SegmentedRaftLogWorker:Storage Directory /workdir/hadoop-ozone/integration-test/target/test-dir/MiniOzoneClusterImpl-cf4d0e4d-ce27-4b81-b116-ed410f7e9b07/datanode-0/data/ratis/2a907c44-29b3-4828-bb09-00599d447303: Starting segment from index:0
2019-08-22 09:18:37,550 [12a3f542-eaa3-41f8-9242-653e2388110a:group-00599D447303:LeaderElection11] INFO  impl.RaftServerImpl (ServerState.java:setRaftConf(361)) - 12a3f542-eaa3-41f8-9242-653e2388110a:group-00599D447303 set configuration 0: [2e502478-34c1-4a4b-9702-a9321f11dbb4:192.168.36.85:32975, 12a3f542-eaa3-41f8-9242-653e2388110a:192.168.36.85:36496, 70168daa-7dae-4fec-be11-36b8f7c0b13e:192.168.36.85:46549], old=null at 0
2019-08-22 09:18:37,578 | INFO  | SCMAudit | user=jenkins1000 | ip=192.168.36.85 | op=SEND_HEARTBEAT {datanodeUUID=2657734f-6a71-4b27-b9ea-baa03e97c1c3, command=[]} | ret=SUCCESS |  
2019-08-22 09:18:37,582 [grpc-default-executor-5] INFO  impl.RaftServerImpl (ServerState.java:setLeader(263)) - 2e502478-34c1-4a4b-9702-a9321f11dbb4:group-00599D447303 change Leader from null to 12a3f542-eaa3-41f8-9242-653e2388110a at term 1 for appendEntries, leader elected after 5214ms
2019-08-22 09:18:37,582 [grpc-default-executor-2] INFO  impl.RaftServerImpl (ServerState.java:setLeader(263)) - 70168daa-7dae-4fec-be11-36b8f7c0b13e:group-00599D447303 change Leader from null to 12a3f542-eaa3-41f8-9242-653e2388110a at term 1 for appendEntries, leader elected after 5215ms
2019-08-22 09:18:37,588 | INFO  | SCMAudit | user=jenkins1000 | ip=192.168.36.85 | op=SEND_HEARTBEAT {datanodeUUID=70168daa-7dae-4fec-be11-36b8f7c0b13e, command=[]} | ret=SUCCESS |  
2019-08-22 09:18:37,610 [grpc-default-executor-2] INFO  impl.RaftServerImpl (ServerState.java:setRaftConf(361)) - 2e502478-34c1-4a4b-9702-a9321f11dbb4:group-00599D447303 set configuration 0: [2e502478-34c1-4a4b-9702-a9321f11dbb4:192.168.36.85:32975, 12a3f542-eaa3-41f8-9242-653e2388110a:192.168.36.85:36496, 70168daa-7dae-4fec-be11-36b8f7c0b13e:192.168.36.85:46549], old=null at 0
2019-08-22 09:18:37,610 [grpc-default-executor-5] INFO  impl.RaftServerImpl (ServerState.java:setRaftConf(361)) - 70168daa-7dae-4fec-be11-36b8f7c0b13e:group-00599D447303 set configuration 0: [2e502478-34c1-4a4b-9702-a9321f11dbb4:192.168.36.85:32975, 12a3f542-eaa3-41f8-9242-653e2388110a:192.168.36.85:36496, 70168daa-7dae-4fec-be11-36b8f7c0b13e:192.168.36.85:46549], old=null at 0
2019-08-22 09:18:37,610 [grpc-default-executor-2] INFO  segmented.SegmentedRaftLogWorker (SegmentedRaftLogWorker.java:startLogSegment(380)) - 2e502478-34c1-4a4b-9702-a9321f11dbb4-SegmentedRaftLogWorker:Storage Directory /workdir/hadoop-ozone/integration-test/target/test-dir/MiniOzoneClusterImpl-cf4d0e4d-ce27-4b81-b116-ed410f7e9b07/datanode-3/data/ratis/2a907c44-29b3-4828-bb09-00599d447303: Starting segment from index:0
2019-08-22 09:18:37,611 [grpc-default-executor-5] INFO  segmented.SegmentedRaftLogWorker (SegmentedRaftLogWorker.java:startLogSegment(380)) - 70168daa-7dae-4fec-be11-36b8f7c0b13e-SegmentedRaftLogWorker:Storage Directory /workdir/hadoop-ozone/integration-test/target/test-dir/MiniOzoneClusterImpl-cf4d0e4d-ce27-4b81-b116-ed410f7e9b07/datanode-1/data/ratis/2a907c44-29b3-4828-bb09-00599d447303: Starting segment from index:0
2019-08-22 09:18:37,615 [12a3f542-eaa3-41f8-9242-653e2388110a-SegmentedRaftLogWorker:Storage Directory /workdir/hadoop-ozone/integration-test/target/test-dir/MiniOzoneClusterImpl-cf4d0e4d-ce27-4b81-b116-ed410f7e9b07/datanode-0/data/ratis/2a907c44-29b3-4828-bb09-00599d447303] INFO  segmented.SegmentedRaftLogWorker (SegmentedRaftLogWorker.java:execute(569)) - 12a3f542-eaa3-41f8-9242-653e2388110a-SegmentedRaftLogWorker:Storage Directory /workdir/hadoop-ozone/integration-test/target/test-dir/MiniOzoneClusterImpl-cf4d0e4d-ce27-4b81-b116-ed410f7e9b07/datanode-0/data/ratis/2a907c44-29b3-4828-bb09-00599d447303: created new log segment /workdir/hadoop-ozone/integration-test/target/test-dir/MiniOzoneClusterImpl-cf4d0e4d-ce27-4b81-b116-ed410f7e9b07/datanode-0/data/ratis/2a907c44-29b3-4828-bb09-00599d447303/current/log_inprogress_0
2019-08-22 09:18:37,673 [70168daa-7dae-4fec-be11-36b8f7c0b13e-SegmentedRaftLogWorker:Storage Directory /workdir/hadoop-ozone/integration-test/target/test-dir/MiniOzoneClusterImpl-cf4d0e4d-ce27-4b81-b116-ed410f7e9b07/datanode-1/data/ratis/2a907c44-29b3-4828-bb09-00599d447303] INFO  segmented.SegmentedRaftLogWorker (SegmentedRaftLogWorker.java:execute(569)) - 70168daa-7dae-4fec-be11-36b8f7c0b13e-SegmentedRaftLogWorker:Storage Directory /workdir/hadoop-ozone/integration-test/target/test-dir/MiniOzoneClusterImpl-cf4d0e4d-ce27-4b81-b116-ed410f7e9b07/datanode-1/data/ratis/2a907c44-29b3-4828-bb09-00599d447303: created new log segment /workdir/hadoop-ozone/integration-test/target/test-dir/MiniOzoneClusterImpl-cf4d0e4d-ce27-4b81-b116-ed410f7e9b07/datanode-1/data/ratis/2a907c44-29b3-4828-bb09-00599d447303/current/log_inprogress_0
2019-08-22 09:18:37,673 [2e502478-34c1-4a4b-9702-a9321f11dbb4-SegmentedRaftLogWorker:Storage Directory /workdir/hadoop-ozone/integration-test/target/test-dir/MiniOzoneClusterImpl-cf4d0e4d-ce27-4b81-b116-ed410f7e9b07/datanode-3/data/ratis/2a907c44-29b3-4828-bb09-00599d447303] INFO  segmented.SegmentedRaftLogWorker (SegmentedRaftLogWorker.java:execute(569)) - 2e502478-34c1-4a4b-9702-a9321f11dbb4-SegmentedRaftLogWorker:Storage Directory /workdir/hadoop-ozone/integration-test/target/test-dir/MiniOzoneClusterImpl-cf4d0e4d-ce27-4b81-b116-ed410f7e9b07/datanode-3/data/ratis/2a907c44-29b3-4828-bb09-00599d447303: created new log segment /workdir/hadoop-ozone/integration-test/target/test-dir/MiniOzoneClusterImpl-cf4d0e4d-ce27-4b81-b116-ed410f7e9b07/datanode-3/data/ratis/2a907c44-29b3-4828-bb09-00599d447303/current/log_inprogress_0
2019-08-22 09:18:37,779 | INFO  | SCMAudit | user=jenkins1000 | ip=192.168.36.85 | op=SEND_HEARTBEAT {datanodeUUID=b97a343a-dda1-4b47-81df-1468ac752697, command=[]} | ret=SUCCESS |  
2019-08-22 09:18:37,933 [grpc-default-executor-2] INFO  client.GrpcClientProtocolClient (GrpcClientProtocolClient.java:onNext(255)) - client-CA7308E68E1F->70168daa-7dae-4fec-be11-36b8f7c0b13e: receive RaftClientReply:client-CA7308E68E1F->70168daa-7dae-4fec-be11-36b8f7c0b13e@group-00599D447303, cid=13, FAILED org.apache.ratis.protocol.NotLeaderException: Server 70168daa-7dae-4fec-be11-36b8f7c0b13e is not the leader (12a3f542-eaa3-41f8-9242-653e2388110a:192.168.36.85:36496). Request must be sent to leader., logIndex=0, commits[70168daa-7dae-4fec-be11-36b8f7c0b13e:c-1, 2e502478-34c1-4a4b-9702-a9321f11dbb4:c-1, 12a3f542-eaa3-41f8-9242-653e2388110a:c-1]
2019-08-22 09:18:38,129 | INFO  | SCMAudit | user=jenkins1000 | ip=192.168.36.85 | op=SEND_HEARTBEAT {datanodeUUID=ba917a70-9edc-40fd-8c87-6f988a09c858, command=[]} | ret=SUCCESS |  
2019-08-22 09:18:38,130 | INFO  | SCMAudit | user=jenkins1000 | ip=192.168.36.85 | op=SEND_HEARTBEAT {datanodeUUID=2e502478-34c1-4a4b-9702-a9321f11dbb4, command=[]} | ret=SUCCESS |  
2019-08-22 09:18:38,173 | INFO  | SCMAudit | user=jenkins1000 | ip=192.168.36.85 | op=SEND_HEARTBEAT {datanodeUUID=12a3f542-eaa3-41f8-9242-653e2388110a, command=[]} | ret=SUCCESS |  
2019-08-22 09:18:38,191 | INFO  | DNAudit | user=null | ip=null | op=WRITE_CHUNK {blockData=conID: 1 locID: 102659883836047361 bcsId: 0} | ret=SUCCESS |  
2019-08-22 09:18:38,197 | INFO  | DNAudit | user=null | ip=null | op=WRITE_CHUNK {blockData=conID: 1 locID: 102659883836047361 bcsId: 0} | ret=SUCCESS |  
2019-08-22 09:18:38,197 | INFO  | DNAudit | user=null | ip=null | op=WRITE_CHUNK {blockData=conID: 1 locID: 102659883836047361 bcsId: 0} | ret=SUCCESS |  
2019-08-22 09:18:38,198 | INFO  | SCMAudit | user=jenkins1000 | ip=192.168.36.85 | op=SEND_HEARTBEAT {datanodeUUID=70168daa-7dae-4fec-be11-36b8f7c0b13e, command=[]} | ret=SUCCESS |  
2019-08-22 09:18:38,198 | INFO  | SCMAudit | user=jenkins1000 | ip=192.168.36.85 | op=SEND_HEARTBEAT {datanodeUUID=2e502478-34c1-4a4b-9702-a9321f11dbb4, command=[]} | ret=SUCCESS |  
2019-08-22 09:18:38,212 | INFO  | DNAudit | user=null | ip=null | op=WRITE_CHUNK {blockData=conID: 1 locID: 102659883836047361 bcsId: 0} | ret=SUCCESS |  
2019-08-22 09:18:38,227 | INFO  | DNAudit | user=null | ip=null | op=WRITE_CHUNK {blockData=conID: 1 locID: 102659883836047361 bcsId: 0} | ret=SUCCESS |  
2019-08-22 09:18:38,227 [grpc-default-executor-5] INFO  client.GrpcClientProtocolClient (GrpcClientProtocolClient.java:onNext(255)) - client-CA7308E68E1F->12a3f542-eaa3-41f8-9242-653e2388110a: receive RaftClientReply:client-CA7308E68E1F->12a3f542-eaa3-41f8-9242-653e2388110a@group-00599D447303, cid=13, SUCCESS, logIndex=1, commits[12a3f542-eaa3-41f8-9242-653e2388110a:c1, 2e502478-34c1-4a4b-9702-a9321f11dbb4:c0, 70168daa-7dae-4fec-be11-36b8f7c0b13e:c0]
2019-08-22 09:18:38,229 | INFO  | DNAudit | user=null | ip=null | op=WRITE_CHUNK {blockData=conID: 1 locID: 102659883836047361 bcsId: 0} | ret=SUCCESS |  
2019-08-22 09:18:38,239 | INFO  | DNAudit | user=null | ip=null | op=WRITE_CHUNK {blockData=conID: 1 locID: 102659883836047361 bcsId: 0} | ret=SUCCESS |  
2019-08-22 09:18:38,241 | INFO  | DNAudit | user=null | ip=null | op=WRITE_CHUNK {blockData=conID: 1 locID: 102659883836047361 bcsId: 0} | ret=SUCCESS |  
2019-08-22 09:18:38,241 | INFO  | DNAudit | user=null | ip=null | op=WRITE_CHUNK {blockData=conID: 1 locID: 102659883836047361 bcsId: 0} | ret=SUCCESS |  
2019-08-22 09:18:38,247 | INFO  | DNAudit | user=null | ip=null | op=WRITE_CHUNK {blockData=conID: 1 locID: 102659883836047361 bcsId: 0} | ret=SUCCESS |  
2019-08-22 09:18:38,253 [grpc-default-executor-1] INFO  client.GrpcClientProtocolClient (GrpcClientProtocolClient.java:onNext(255)) - client-CA7308E68E1F->12a3f542-eaa3-41f8-9242-653e2388110a: receive RaftClientReply:client-CA7308E68E1F->12a3f542-eaa3-41f8-9242-653e2388110a@group-00599D447303, cid=14, SUCCESS, logIndex=3, commits[12a3f542-eaa3-41f8-9242-653e2388110a:c3, 2e502478-34c1-4a4b-9702-a9321f11dbb4:c2, 70168daa-7dae-4fec-be11-36b8f7c0b13e:c2]
2019-08-22 09:18:38,256 | INFO  | DNAudit | user=null | ip=null | op=WRITE_CHUNK {blockData=conID: 1 locID: 102659883836047361 bcsId: 0} | ret=SUCCESS |  
2019-08-22 09:18:38,257 | INFO  | DNAudit | user=null | ip=null | op=WRITE_CHUNK {blockData=conID: 1 locID: 102659883836047361 bcsId: 0} | ret=SUCCESS |  
2019-08-22 09:18:38,260 | INFO  | DNAudit | user=null | ip=null | op=WRITE_CHUNK {blockData=conID: 1 locID: 102659883836047361 bcsId: 0} | ret=SUCCESS |  
2019-08-22 09:18:38,260 | INFO  | DNAudit | user=null | ip=null | op=WRITE_CHUNK {blockData=conID: 1 locID: 102659883836047361 bcsId: 0} | ret=SUCCESS |  
2019-08-22 09:18:38,263 | INFO  | DNAudit | user=null | ip=null | op=WRITE_CHUNK {blockData=conID: 1 locID: 102659883836047361 bcsId: 0} | ret=SUCCESS |  
2019-08-22 09:18:38,263 | INFO  | DNAudit | user=null | ip=null | op=WRITE_CHUNK {blockData=conID: 1 locID: 102659883836047361 bcsId: 0} | ret=SUCCESS |  
2019-08-22 09:18:38,263 | INFO  | DNAudit | user=null | ip=null | op=WRITE_CHUNK {blockData=conID: 1 locID: 102659883836047361 bcsId: 0} | ret=SUCCESS |  
2019-08-22 09:18:38,264 | INFO  | DNAudit | user=null | ip=null | op=WRITE_CHUNK {blockData=conID: 1 locID: 102659883836047361 bcsId: 0} | ret=SUCCESS |  
2019-08-22 09:18:38,269 | INFO  | SCMAudit | user=jenkins1000 | ip=192.168.36.85 | op=SEND_HEARTBEAT {datanodeUUID=4b6d0314-6f83-4f2a-b37f-5169ffd221d4, command=[]} | ret=SUCCESS |  
2019-08-22 09:18:38,412 | INFO  | DNAudit | user=null | ip=null | op=PUT_BLOCK {blockData=[blockId=conID: 1 locID: 102659883836047361 bcsId: 0,size=200]} | ret=SUCCESS |  
2019-08-22 09:18:38,413 | INFO  | DNAudit | user=null | ip=null | op=WRITE_CHUNK {blockData=conID: 1 locID: 102659883836047361 bcsId: 0} | ret=SUCCESS |  
2019-08-22 09:18:38,413 | INFO  | DNAudit | user=null | ip=null | op=WRITE_CHUNK {blockData=conID: 1 locID: 102659883836047361 bcsId: 0} | ret=SUCCESS |  
2019-08-22 09:18:38,439 | INFO  | DNAudit | user=null | ip=null | op=PUT_BLOCK {blockData=[blockId=conID: 1 locID: 102659883836047361 bcsId: 0,size=200]} | ret=SUCCESS |  
2019-08-22 09:18:38,440 | INFO  | DNAudit | user=null | ip=null | op=WRITE_CHUNK {blockData=conID: 1 locID: 102659883836047361 bcsId: 0} | ret=SUCCESS |  
2019-08-22 09:18:38,440 | INFO  | DNAudit | user=null | ip=null | op=WRITE_CHUNK {blockData=conID: 1 locID: 102659883836047361 bcsId: 0} | ret=SUCCESS |  
2019-08-22 09:18:38,485 | INFO  | DNAudit | user=null | ip=null | op=PUT_BLOCK {blockData=[blockId=conID: 1 locID: 102659883836047361 bcsId: 0,size=200]} | ret=SUCCESS |  
2019-08-22 09:18:38,485 | INFO  | DNAudit | user=null | ip=null | op=PUT_BLOCK {blockData=[blockId=conID: 1 locID: 102659883836047361 bcsId: 0,size=400]} | ret=SUCCESS |  
2019-08-22 09:18:38,485 | INFO  | DNAudit | user=null | ip=null | op=PUT_BLOCK {blockData=[blockId=conID: 1 locID: 102659883836047361 bcsId: 0,size=400]} | ret=SUCCESS |  
2019-08-22 09:18:38,488 | INFO  | DNAudit | user=null | ip=null | op=WRITE_CHUNK {blockData=conID: 1 locID: 102659883836047361 bcsId: 0} | ret=SUCCESS |  
2019-08-22 09:18:38,488 | INFO  | DNAudit | user=null | ip=null | op=WRITE_CHUNK {blockData=conID: 1 locID: 102659883836047361 bcsId: 0} | ret=SUCCESS |  
2019-08-22 09:18:38,489 | INFO  | DNAudit | user=null | ip=null | op=PUT_BLOCK {blockData=[blockId=conID: 1 locID: 102659883836047361 bcsId: 0,size=400]} | ret=SUCCESS |  
2019-08-22 09:18:38,490 [grpc-default-executor-0] INFO  client.GrpcClientProtocolClient (GrpcClientProtocolClient.java:onNext(255)) - client-CA7308E68E1F->12a3f542-eaa3-41f8-9242-653e2388110a: receive RaftClientReply:client-CA7308E68E1F->12a3f542-eaa3-41f8-9242-653e2388110a@group-00599D447303, cid=15, SUCCESS, logIndex=5, commits[12a3f542-eaa3-41f8-9242-653e2388110a:c12, 2e502478-34c1-4a4b-9702-a9321f11dbb4:c9, 70168daa-7dae-4fec-be11-36b8f7c0b13e:c9]
2019-08-22 09:18:38,493 [grpc-default-executor-0] INFO  client.GrpcClientProtocolClient (GrpcClientProtocolClient.java:onNext(255)) - client-CA7308E68E1F->12a3f542-eaa3-41f8-9242-653e2388110a: receive RaftClientReply:client-CA7308E68E1F->12a3f542-eaa3-41f8-9242-653e2388110a@group-00599D447303, cid=16, SUCCESS, logIndex=6, commits[12a3f542-eaa3-41f8-9242-653e2388110a:c12, 2e502478-34c1-4a4b-9702-a9321f11dbb4:c9, 70168daa-7dae-4fec-be11-36b8f7c0b13e:c9]
2019-08-22 09:18:38,494 [grpc-default-executor-0] INFO  client.GrpcClientProtocolClient (GrpcClientProtocolClient.java:onNext(255)) - client-CA7308E68E1F->12a3f542-eaa3-41f8-9242-653e2388110a: receive RaftClientReply:client-CA7308E68E1F->12a3f542-eaa3-41f8-9242-653e2388110a@group-00599D447303, cid=17, SUCCESS, logIndex=7, commits[12a3f542-eaa3-41f8-9242-653e2388110a:c12, 2e502478-34c1-4a4b-9702-a9321f11dbb4:c9, 70168daa-7dae-4fec-be11-36b8f7c0b13e:c9]
2019-08-22 09:18:38,494 [grpc-default-executor-0] INFO  client.GrpcClientProtocolClient (GrpcClientProtocolClient.java:onNext(255)) - client-CA7308E68E1F->12a3f542-eaa3-41f8-9242-653e2388110a: receive RaftClientReply:client-CA7308E68E1F->12a3f542-eaa3-41f8-9242-653e2388110a@group-00599D447303, cid=18, SUCCESS, logIndex=8, commits[12a3f542-eaa3-41f8-9242-653e2388110a:c12, 2e502478-34c1-4a4b-9702-a9321f11dbb4:c9, 70168daa-7dae-4fec-be11-36b8f7c0b13e:c9]
2019-08-22 09:18:38,505 | INFO  | DNAudit | user=null | ip=null | op=WRITE_CHUNK {blockData=conID: 1 locID: 102659883836047361 bcsId: 8} | ret=SUCCESS |  
2019-08-22 09:18:38,510 | INFO  | DNAudit | user=null | ip=null | op=WRITE_CHUNK {blockData=conID: 1 locID: 102659883836047361 bcsId: 8} | ret=SUCCESS |  
2019-08-22 09:18:38,510 | INFO  | DNAudit | user=null | ip=null | op=WRITE_CHUNK {blockData=conID: 1 locID: 102659883836047361 bcsId: 8} | ret=SUCCESS |  
2019-08-22 09:18:38,578 | INFO  | SCMAudit | user=jenkins1000 | ip=192.168.36.85 | op=SEND_HEARTBEAT {datanodeUUID=2657734f-6a71-4b27-b9ea-baa03e97c1c3, command=[]} | ret=SUCCESS |  
2019-08-22 09:18:38,632 | INFO  | DNAudit | user=null | ip=null | op=WRITE_CHUNK {blockData=conID: 1 locID: 102659883836047361 bcsId: 8} | ret=SUCCESS |  
2019-08-22 09:18:38,634 | INFO  | DNAudit | user=null | ip=null | op=PUT_BLOCK {blockData=[blockId=conID: 1 locID: 102659883836047361 bcsId: 0,size=450]} | ret=SUCCESS |  
2019-08-22 09:18:38,635 [grpc-default-executor-0] INFO  client.GrpcClientProtocolClient (GrpcClientProtocolClient.java:onNext(255)) - client-CA7308E68E1F->12a3f542-eaa3-41f8-9242-653e2388110a: receive RaftClientReply:client-CA7308E68E1F->12a3f542-eaa3-41f8-9242-653e2388110a@group-00599D447303, cid=19, SUCCESS, logIndex=13, commits[12a3f542-eaa3-41f8-9242-653e2388110a:c14, 2e502478-34c1-4a4b-9702-a9321f11dbb4:c12, 70168daa-7dae-4fec-be11-36b8f7c0b13e:c12]
2019-08-22 09:18:38,636 [grpc-default-executor-0] INFO  client.GrpcClientProtocolClient (GrpcClientProtocolClient.java:onNext(255)) - client-CA7308E68E1F->12a3f542-eaa3-41f8-9242-653e2388110a: receive RaftClientReply:client-CA7308E68E1F->12a3f542-eaa3-41f8-9242-653e2388110a@group-00599D447303, cid=20, SUCCESS, logIndex=14, commits[12a3f542-eaa3-41f8-9242-653e2388110a:c14, 2e502478-34c1-4a4b-9702-a9321f11dbb4:c12, 70168daa-7dae-4fec-be11-36b8f7c0b13e:c12]
2019-08-22 09:18:38,780 | INFO  | SCMAudit | user=jenkins1000 | ip=192.168.36.85 | op=SEND_HEARTBEAT {datanodeUUID=b97a343a-dda1-4b47-81df-1468ac752697, command=[]} | ret=SUCCESS |  
2019-08-22 09:18:39,130 | INFO  | SCMAudit | user=jenkins1000 | ip=192.168.36.85 | op=SEND_HEARTBEAT {datanodeUUID=ba917a70-9edc-40fd-8c87-6f988a09c858, command=[]} | ret=SUCCESS |  
2019-08-22 09:18:39,159 | INFO  | SCMAudit | user=jenkins1000 | ip=192.168.36.85 | op=SEND_HEARTBEAT {datanodeUUID=12a3f542-eaa3-41f8-9242-653e2388110a, command=[]} | ret=SUCCESS |  
2019-08-22 09:18:39,197 | INFO  | SCMAudit | user=jenkins1000 | ip=192.168.36.85 | op=SEND_HEARTBEAT {datanodeUUID=2e502478-34c1-4a4b-9702-a9321f11dbb4, command=[]} | ret=SUCCESS |  
2019-08-22 09:18:39,197 | INFO  | SCMAudit | user=jenkins1000 | ip=192.168.36.85 | op=SEND_HEARTBEAT {datanodeUUID=70168daa-7dae-4fec-be11-36b8f7c0b13e, command=[]} | ret=SUCCESS |  
2019-08-22 09:18:39,270 | INFO  | SCMAudit | user=jenkins1000 | ip=192.168.36.85 | op=SEND_HEARTBEAT {datanodeUUID=4b6d0314-6f83-4f2a-b37f-5169ffd221d4, command=[]} | ret=SUCCESS |  
2019-08-22 09:18:39,578 | INFO  | SCMAudit | user=jenkins1000 | ip=192.168.36.85 | op=SEND_HEARTBEAT {datanodeUUID=2657734f-6a71-4b27-b9ea-baa03e97c1c3, command=[]} | ret=SUCCESS |  
2019-08-22 09:18:39,650 [main] WARN  scm.XceiverClientRatis (XceiverClientRatis.java:watchForCommit(262)) - 3 way commit failed on pipeline Pipeline[ Id: 2a907c44-29b3-4828-bb09-00599d447303, Nodes: 12a3f542-eaa3-41f8-9242-653e2388110a{ip: 192.168.36.85, host: pr-hdds-1898-9jx57-4170240974, networkLocation: /default-rack, certSerialId: null}2e502478-34c1-4a4b-9702-a9321f11dbb4{ip: 192.168.36.85, host: pr-hdds-1898-9jx57-4170240974, networkLocation: /default-rack, certSerialId: null}70168daa-7dae-4fec-be11-36b8f7c0b13e{ip: 192.168.36.85, host: pr-hdds-1898-9jx57-4170240974, networkLocation: /default-rack, certSerialId: null}, Type:RATIS, Factor:THREE, State:OPEN]
java.util.concurrent.TimeoutException
	at java.util.concurrent.CompletableFuture.timedGet(CompletableFuture.java:1771)
	at java.util.concurrent.CompletableFuture.get(CompletableFuture.java:1915)
	at org.apache.hadoop.hdds.scm.XceiverClientRatis.watchForCommit(XceiverClientRatis.java:259)
	at org.apache.hadoop.hdds.scm.storage.CommitWatcher.watchForCommit(CommitWatcher.java:194)
	at org.apache.hadoop.hdds.scm.storage.CommitWatcher.watchOnLastIndex(CommitWatcher.java:157)
	at org.apache.hadoop.hdds.scm.storage.BlockOutputStream.watchForCommit(BlockOutputStream.java:347)
	at org.apache.hadoop.hdds.scm.storage.BlockOutputStream.handleFlush(BlockOutputStream.java:479)
	at org.apache.hadoop.hdds.scm.storage.BlockOutputStream.flush(BlockOutputStream.java:428)
	at org.apache.hadoop.ozone.client.io.BlockOutputStreamEntry.flush(BlockOutputStreamEntry.java:136)
	at org.apache.hadoop.ozone.client.io.KeyOutputStream.handleFlushOrClose(KeyOutputStream.java:442)
	at org.apache.hadoop.ozone.client.io.KeyOutputStream.flush(KeyOutputStream.java:396)
	at org.apache.hadoop.ozone.client.io.OzoneOutputStream.flush(OzoneOutputStream.java:54)
	at org.apache.hadoop.ozone.client.rpc.TestBlockOutputStreamWithFailures.test2DatanodesFailure(TestBlockOutputStreamWithFailures.java:461)
	at sun.reflect.NativeMethodAccessorImpl.invoke0(Native Method)
	at sun.reflect.NativeMethodAccessorImpl.invoke(NativeMethodAccessorImpl.java:62)
	at sun.reflect.DelegatingMethodAccessorImpl.invoke(DelegatingMethodAccessorImpl.java:43)
	at java.lang.reflect.Method.invoke(Method.java:498)
	at org.junit.runners.model.FrameworkMethod$1.runReflectiveCall(FrameworkMethod.java:47)
	at org.junit.internal.runners.model.ReflectiveCallable.run(ReflectiveCallable.java:12)
	at org.junit.runners.model.FrameworkMethod.invokeExplosively(FrameworkMethod.java:44)
	at org.junit.internal.runners.statements.InvokeMethod.evaluate(InvokeMethod.java:17)
	at org.junit.internal.runners.statements.RunBefores.evaluate(RunBefores.java:26)
	at org.junit.internal.runners.statements.RunAfters.evaluate(RunAfters.java:27)
	at org.junit.runners.ParentRunner.runLeaf(ParentRunner.java:271)
	at org.junit.runners.BlockJUnit4ClassRunner.runChild(BlockJUnit4ClassRunner.java:70)
	at org.junit.runners.BlockJUnit4ClassRunner.runChild(BlockJUnit4ClassRunner.java:50)
	at org.junit.runners.ParentRunner$3.run(ParentRunner.java:238)
	at org.junit.runners.ParentRunner$1.schedule(ParentRunner.java:63)
	at org.junit.runners.ParentRunner.runChildren(ParentRunner.java:236)
	at org.junit.runners.ParentRunner.access$000(ParentRunner.java:53)
	at org.junit.runners.ParentRunner$2.evaluate(ParentRunner.java:229)
	at org.junit.runners.ParentRunner.run(ParentRunner.java:309)
	at org.apache.maven.surefire.junit4.JUnit4Provider.execute(JUnit4Provider.java:365)
	at org.apache.maven.surefire.junit4.JUnit4Provider.executeWithRerun(JUnit4Provider.java:273)
	at org.apache.maven.surefire.junit4.JUnit4Provider.executeTestSet(JUnit4Provider.java:238)
	at org.apache.maven.surefire.junit4.JUnit4Provider.invoke(JUnit4Provider.java:159)
	at org.apache.maven.surefire.booter.ForkedBooter.invokeProviderInSameClassLoader(ForkedBooter.java:384)
	at org.apache.maven.surefire.booter.ForkedBooter.runSuitesInProcess(ForkedBooter.java:345)
	at org.apache.maven.surefire.booter.ForkedBooter.execute(ForkedBooter.java:126)
	at org.apache.maven.surefire.booter.ForkedBooter.main(ForkedBooter.java:418)
2019-08-22 09:18:39,781 | INFO  | SCMAudit | user=jenkins1000 | ip=192.168.36.85 | op=SEND_HEARTBEAT {datanodeUUID=b97a343a-dda1-4b47-81df-1468ac752697, command=[]} | ret=SUCCESS |  
2019-08-22 09:18:40,130 | INFO  | SCMAudit | user=jenkins1000 | ip=192.168.36.85 | op=SEND_HEARTBEAT {datanodeUUID=ba917a70-9edc-40fd-8c87-6f988a09c858, command=[]} | ret=SUCCESS |  
2019-08-22 09:18:40,159 | INFO  | SCMAudit | user=jenkins1000 | ip=192.168.36.85 | op=SEND_HEARTBEAT {datanodeUUID=12a3f542-eaa3-41f8-9242-653e2388110a, command=[]} | ret=SUCCESS |  
2019-08-22 09:18:40,197 | INFO  | SCMAudit | user=jenkins1000 | ip=192.168.36.85 | op=SEND_HEARTBEAT {datanodeUUID=70168daa-7dae-4fec-be11-36b8f7c0b13e, command=[]} | ret=SUCCESS |  
2019-08-22 09:18:40,197 | INFO  | SCMAudit | user=jenkins1000 | ip=192.168.36.85 | op=SEND_HEARTBEAT {datanodeUUID=2e502478-34c1-4a4b-9702-a9321f11dbb4, command=[]} | ret=SUCCESS |  
2019-08-22 09:18:40,270 | INFO  | SCMAudit | user=jenkins1000 | ip=192.168.36.85 | op=SEND_HEARTBEAT {datanodeUUID=4b6d0314-6f83-4f2a-b37f-5169ffd221d4, command=[]} | ret=SUCCESS |  
2019-08-22 09:18:40,578 | INFO  | SCMAudit | user=jenkins1000 | ip=192.168.36.85 | op=SEND_HEARTBEAT {datanodeUUID=2657734f-6a71-4b27-b9ea-baa03e97c1c3, command=[]} | ret=SUCCESS |  
2019-08-22 09:18:40,655 [main] WARN  storage.CommitWatcher (CommitWatcher.java:watchForCommit(203)) - watchForCommit failed for index 14
java.util.concurrent.TimeoutException
	at java.util.concurrent.CompletableFuture.timedGet(CompletableFuture.java:1771)
	at java.util.concurrent.CompletableFuture.get(CompletableFuture.java:1915)
	at org.apache.hadoop.hdds.scm.XceiverClientRatis.watchForCommit(XceiverClientRatis.java:268)
	at org.apache.hadoop.hdds.scm.storage.CommitWatcher.watchForCommit(CommitWatcher.java:194)
	at org.apache.hadoop.hdds.scm.storage.CommitWatcher.watchOnLastIndex(CommitWatcher.java:157)
	at org.apache.hadoop.hdds.scm.storage.BlockOutputStream.watchForCommit(BlockOutputStream.java:347)
	at org.apache.hadoop.hdds.scm.storage.BlockOutputStream.handleFlush(BlockOutputStream.java:479)
	at org.apache.hadoop.hdds.scm.storage.BlockOutputStream.flush(BlockOutputStream.java:428)
	at org.apache.hadoop.ozone.client.io.BlockOutputStreamEntry.flush(BlockOutputStreamEntry.java:136)
	at org.apache.hadoop.ozone.client.io.KeyOutputStream.handleFlushOrClose(KeyOutputStream.java:442)
	at org.apache.hadoop.ozone.client.io.KeyOutputStream.flush(KeyOutputStream.java:396)
	at org.apache.hadoop.ozone.client.io.OzoneOutputStream.flush(OzoneOutputStream.java:54)
	at org.apache.hadoop.ozone.client.rpc.TestBlockOutputStreamWithFailures.test2DatanodesFailure(TestBlockOutputStreamWithFailures.java:461)
	at sun.reflect.NativeMethodAccessorImpl.invoke0(Native Method)
	at sun.reflect.NativeMethodAccessorImpl.invoke(NativeMethodAccessorImpl.java:62)
	at sun.reflect.DelegatingMethodAccessorImpl.invoke(DelegatingMethodAccessorImpl.java:43)
	at java.lang.reflect.Method.invoke(Method.java:498)
	at org.junit.runners.model.FrameworkMethod$1.runReflectiveCall(FrameworkMethod.java:47)
	at org.junit.internal.runners.model.ReflectiveCallable.run(ReflectiveCallable.java:12)
	at org.junit.runners.model.FrameworkMethod.invokeExplosively(FrameworkMethod.java:44)
	at org.junit.internal.runners.statements.InvokeMethod.evaluate(InvokeMethod.java:17)
	at org.junit.internal.runners.statements.RunBefores.evaluate(RunBefores.java:26)
	at org.junit.internal.runners.statements.RunAfters.evaluate(RunAfters.java:27)
	at org.junit.runners.ParentRunner.runLeaf(ParentRunner.java:271)
	at org.junit.runners.BlockJUnit4ClassRunner.runChild(BlockJUnit4ClassRunner.java:70)
	at org.junit.runners.BlockJUnit4ClassRunner.runChild(BlockJUnit4ClassRunner.java:50)
	at org.junit.runners.ParentRunner$3.run(ParentRunner.java:238)
	at org.junit.runners.ParentRunner$1.schedule(ParentRunner.java:63)
	at org.junit.runners.ParentRunner.runChildren(ParentRunner.java:236)
	at org.junit.runners.ParentRunner.access$000(ParentRunner.java:53)
	at org.junit.runners.ParentRunner$2.evaluate(ParentRunner.java:229)
	at org.junit.runners.ParentRunner.run(ParentRunner.java:309)
	at org.apache.maven.surefire.junit4.JUnit4Provider.execute(JUnit4Provider.java:365)
	at org.apache.maven.surefire.junit4.JUnit4Provider.executeWithRerun(JUnit4Provider.java:273)
	at org.apache.maven.surefire.junit4.JUnit4Provider.executeTestSet(JUnit4Provider.java:238)
	at org.apache.maven.surefire.junit4.JUnit4Provider.invoke(JUnit4Provider.java:159)
	at org.apache.maven.surefire.booter.ForkedBooter.invokeProviderInSameClassLoader(ForkedBooter.java:384)
	at org.apache.maven.surefire.booter.ForkedBooter.runSuitesInProcess(ForkedBooter.java:345)
	at org.apache.maven.surefire.booter.ForkedBooter.execute(ForkedBooter.java:126)
	at org.apache.maven.surefire.booter.ForkedBooter.main(ForkedBooter.java:418)
2019-08-22 09:18:40,658 [main] WARN  io.KeyOutputStream (KeyOutputStream.java:handleException(276)) - Encountered exception java.io.IOException: Unexpected Storage Container Exception: java.io.IOException: Unexpected Storage Container Exception: java.util.concurrent.TimeoutException on the pipeline Pipeline[ Id: 2a907c44-29b3-4828-bb09-00599d447303, Nodes: 12a3f542-eaa3-41f8-9242-653e2388110a{ip: 192.168.36.85, host: pr-hdds-1898-9jx57-4170240974, networkLocation: /default-rack, certSerialId: null}2e502478-34c1-4a4b-9702-a9321f11dbb4{ip: 192.168.36.85, host: pr-hdds-1898-9jx57-4170240974, networkLocation: /default-rack, certSerialId: null}70168daa-7dae-4fec-be11-36b8f7c0b13e{ip: 192.168.36.85, host: pr-hdds-1898-9jx57-4170240974, networkLocation: /default-rack, certSerialId: null}, Type:RATIS, Factor:THREE, State:OPEN]. The last committed block length is 400, uncommitted data length is 50 retry count 0
2019-08-22 09:18:40,678 | INFO  | SCMAudit | user=jenkins1000 | ip=192.168.36.85 | op=ALLOCATE_BLOCK {owner=19639913-64eb-417a-8652-d3f6c533baf3, size=800, type=RATIS, factor=THREE} | ret=SUCCESS |  
2019-08-22 09:18:40,683 | INFO  | OMAudit | user=jenkins1000 | ip=127.0.0.1 | op=ALLOCATE_BLOCK {volume=testblockoutputstream, bucket=testblockoutputstream, key=27fecd6d-c334-4285-8074-a97b0c0d45bd, dataSize=0, replicationType=null, replicationFactor=null, keyLocationInfo=null, clientID=102659883833491456} | ret=SUCCESS |  
2019-08-22 09:18:40,704 [grpc-default-executor-0] INFO  client.GrpcClientProtocolClient (GrpcClientProtocolClient.java:onNext(255)) - client-94AA44AA0228->4b6d0314-6f83-4f2a-b37f-5169ffd221d4: receive RaftClientReply:client-94AA44AA0228->4b6d0314-6f83-4f2a-b37f-5169ffd221d4@group-CE15BE703714, cid=23, FAILED org.apache.ratis.protocol.NotLeaderException: Server 4b6d0314-6f83-4f2a-b37f-5169ffd221d4 is not the leader (null). Request must be sent to leader., logIndex=0, commits[4b6d0314-6f83-4f2a-b37f-5169ffd221d4:c-1]
2019-08-22 09:18:40,780 | INFO  | SCMAudit | user=jenkins1000 | ip=192.168.36.85 | op=SEND_HEARTBEAT {datanodeUUID=b97a343a-dda1-4b47-81df-1468ac752697, command=[]} | ret=SUCCESS |  
2019-08-22 09:18:41,130 | INFO  | SCMAudit | user=jenkins1000 | ip=192.168.36.85 | op=SEND_HEARTBEAT {datanodeUUID=ba917a70-9edc-40fd-8c87-6f988a09c858, command=[]} | ret=SUCCESS |  
2019-08-22 09:18:41,137 | INFO  | DNAudit | user=null | ip=null | op=WRITE_CHUNK {blockData=conID: 1 locID: 102659883836047361 bcsId: 8} | ret=SUCCESS |  
2019-08-22 09:18:41,137 | INFO  | DNAudit | user=null | ip=null | op=WRITE_CHUNK {blockData=conID: 1 locID: 102659883836047361 bcsId: 8} | ret=SUCCESS |  
2019-08-22 09:18:41,158 | INFO  | DNAudit | user=null | ip=null | op=PUT_BLOCK {blockData=[blockId=conID: 1 locID: 102659883836047361 bcsId: 0,size=450]} | ret=SUCCESS |  
2019-08-22 09:18:41,158 | INFO  | DNAudit | user=null | ip=null | op=PUT_BLOCK {blockData=[blockId=conID: 1 locID: 102659883836047361 bcsId: 0,size=450]} | ret=SUCCESS |  
2019-08-22 09:18:41,159 | INFO  | SCMAudit | user=jenkins1000 | ip=192.168.36.85 | op=SEND_HEARTBEAT {datanodeUUID=12a3f542-eaa3-41f8-9242-653e2388110a, command=[]} | ret=SUCCESS |  
2019-08-22 09:18:41,197 | INFO  | SCMAudit | user=jenkins1000 | ip=192.168.36.85 | op=SEND_HEARTBEAT {datanodeUUID=70168daa-7dae-4fec-be11-36b8f7c0b13e, command=[]} | ret=SUCCESS |  
2019-08-22 09:18:41,197 | INFO  | SCMAudit | user=jenkins1000 | ip=192.168.36.85 | op=SEND_HEARTBEAT {datanodeUUID=2e502478-34c1-4a4b-9702-a9321f11dbb4, command=[]} | ret=SUCCESS |  
2019-08-22 09:18:41,271 | INFO  | SCMAudit | user=jenkins1000 | ip=192.168.36.85 | op=SEND_HEARTBEAT {datanodeUUID=4b6d0314-6f83-4f2a-b37f-5169ffd221d4, command=[]} | ret=SUCCESS |  
2019-08-22 09:18:41,579 | INFO  | SCMAudit | user=jenkins1000 | ip=192.168.36.85 | op=SEND_HEARTBEAT {datanodeUUID=2657734f-6a71-4b27-b9ea-baa03e97c1c3, command=[]} | ret=SUCCESS |  
2019-08-22 09:18:41,633 [java.util.concurrent.ThreadPoolExecutor$Worker@38856abe[State = -1, empty queue]] WARN  server.GrpcLogAppender (GrpcLogAppender.java:timeoutAppendRequest(200)) - GrpcLogAppender(12a3f542-eaa3-41f8-9242-653e2388110a->2e502478-34c1-4a4b-9702-a9321f11dbb4): appendEntries Timeout, request=12a3f542-eaa3-41f8-9242-653e2388110a->2e502478-34c1-4a4b-9702-a9321f11dbb4#16-t1, previous=(t:1, i:14), leaderCommit=14, initializing? false, entries: size=1, first=(t:1, i:15), METADATAENTRY(c13)
2019-08-22 09:18:41,633 [java.util.concurrent.ThreadPoolExecutor$Worker@ad57bea[State = -1, empty queue]] WARN  server.GrpcLogAppender (GrpcLogAppender.java:timeoutAppendRequest(200)) - GrpcLogAppender(12a3f542-eaa3-41f8-9242-653e2388110a->70168daa-7dae-4fec-be11-36b8f7c0b13e): appendEntries Timeout, request=12a3f542-eaa3-41f8-9242-653e2388110a->70168daa-7dae-4fec-be11-36b8f7c0b13e#16-t1, previous=(t:1, i:14), leaderCommit=14, initializing? false, entries: size=1, first=(t:1, i:15), METADATAENTRY(c13)
2019-08-22 09:18:41,650 [java.util.concurrent.ThreadPoolExecutor$Worker@38856abe[State = -1, empty queue]] WARN  server.GrpcLogAppender (GrpcLogAppender.java:timeoutAppendRequest(200)) - GrpcLogAppender(12a3f542-eaa3-41f8-9242-653e2388110a->2e502478-34c1-4a4b-9702-a9321f11dbb4): appendEntries Timeout, request=12a3f542-eaa3-41f8-9242-653e2388110a->2e502478-34c1-4a4b-9702-a9321f11dbb4#17-t1, previous=(t:1, i:15), leaderCommit=14, initializing? false, entries: size=1, first=(t:1, i:16), METADATAENTRY(c14)
2019-08-22 09:18:41,653 [java.util.concurrent.ThreadPoolExecutor$Worker@ad57bea[State = -1, empty queue]] WARN  server.GrpcLogAppender (GrpcLogAppender.java:timeoutAppendRequest(200)) - GrpcLogAppender(12a3f542-eaa3-41f8-9242-653e2388110a->70168daa-7dae-4fec-be11-36b8f7c0b13e): appendEntries Timeout, request=12a3f542-eaa3-41f8-9242-653e2388110a->70168daa-7dae-4fec-be11-36b8f7c0b13e#17-t1, previous=(t:1, i:15), leaderCommit=14, initializing? false, entries: size=1, first=(t:1, i:16), METADATAENTRY(c14)
2019-08-22 09:18:41,738 [grpc-default-executor-0] INFO  client.GrpcClientProtocolClient (GrpcClientProtocolClient.java:onNext(255)) - client-94AA44AA0228->b97a343a-dda1-4b47-81df-1468ac752697: receive RaftClientReply:client-94AA44AA0228->b97a343a-dda1-4b47-81df-1468ac752697@group-CE15BE703714, cid=23, FAILED org.apache.ratis.protocol.NotLeaderException: Server b97a343a-dda1-4b47-81df-1468ac752697 is not the leader (null). Request must be sent to leader., logIndex=0, commits[b97a343a-dda1-4b47-81df-1468ac752697:c-1]
2019-08-22 09:18:41,780 | INFO  | SCMAudit | user=jenkins1000 | ip=192.168.36.85 | op=SEND_HEARTBEAT {datanodeUUID=b97a343a-dda1-4b47-81df-1468ac752697, command=[]} | ret=SUCCESS |  
2019-08-22 09:18:42,132 | INFO  | SCMAudit | user=jenkins1000 | ip=192.168.36.85 | op=SEND_HEARTBEAT {datanodeUUID=ba917a70-9edc-40fd-8c87-6f988a09c858, command=[]} | ret=SUCCESS |  
2019-08-22 09:18:42,160 | INFO  | SCMAudit | user=jenkins1000 | ip=192.168.36.85 | op=SEND_HEARTBEAT {datanodeUUID=12a3f542-eaa3-41f8-9242-653e2388110a, command=[]} | ret=SUCCESS |  
2019-08-22 09:18:42,197 | INFO  | SCMAudit | user=jenkins1000 | ip=192.168.36.85 | op=SEND_HEARTBEAT {datanodeUUID=70168daa-7dae-4fec-be11-36b8f7c0b13e, command=[]} | ret=SUCCESS |  
2019-08-22 09:18:42,197 | INFO  | SCMAudit | user=jenkins1000 | ip=192.168.36.85 | op=SEND_HEARTBEAT {datanodeUUID=2e502478-34c1-4a4b-9702-a9321f11dbb4, command=[]} | ret=SUCCESS |  
2019-08-22 09:18:42,270 | INFO  | SCMAudit | user=jenkins1000 | ip=192.168.36.85 | op=SEND_HEARTBEAT {datanodeUUID=4b6d0314-6f83-4f2a-b37f-5169ffd221d4, command=[]} | ret=SUCCESS |  
2019-08-22 09:18:42,580 | INFO  | SCMAudit | user=jenkins1000 | ip=192.168.36.85 | op=SEND_HEARTBEAT {datanodeUUID=2657734f-6a71-4b27-b9ea-baa03e97c1c3, command=[]} | ret=SUCCESS |  
2019-08-22 09:18:42,588 [Thread-324] INFO  impl.FollowerState (FollowerState.java:run(106)) - 4b6d0314-6f83-4f2a-b37f-5169ffd221d4:group-CE15BE703714 changes to CANDIDATE, lastRpcTime:5102, electionTimeout:5101ms
2019-08-22 09:18:42,588 [Thread-324] INFO  impl.RoleInfo (RoleInfo.java:shutdownFollowerState(121)) - 4b6d0314-6f83-4f2a-b37f-5169ffd221d4: shutdown FollowerState
2019-08-22 09:18:42,588 [Thread-324] INFO  impl.RaftServerImpl (RaftServerImpl.java:setRole(171)) - 4b6d0314-6f83-4f2a-b37f-5169ffd221d4:group-CE15BE703714 changes role from FOLLOWER to CANDIDATE at term 1 for changeToCandidate
2019-08-22 09:18:42,589 [Thread-324] INFO  impl.RoleInfo (RoleInfo.java:updateAndGet(143)) - 4b6d0314-6f83-4f2a-b37f-5169ffd221d4: start LeaderElection
2019-08-22 09:18:42,610 [Thread-327] INFO  impl.FollowerState (FollowerState.java:run(106)) - 2657734f-6a71-4b27-b9ea-baa03e97c1c3:group-CE15BE703714 changes to CANDIDATE, lastRpcTime:5104, electionTimeout:5102ms
2019-08-22 09:18:42,610 [Thread-327] INFO  impl.RoleInfo (RoleInfo.java:shutdownFollowerState(121)) - 2657734f-6a71-4b27-b9ea-baa03e97c1c3: shutdown FollowerState
2019-08-22 09:18:42,610 [Thread-327] INFO  impl.RaftServerImpl (RaftServerImpl.java:setRole(171)) - 2657734f-6a71-4b27-b9ea-baa03e97c1c3:group-CE15BE703714 changes role from FOLLOWER to CANDIDATE at term 1 for changeToCandidate
2019-08-22 09:18:42,610 [Thread-327] INFO  impl.RoleInfo (RoleInfo.java:updateAndGet(143)) - 2657734f-6a71-4b27-b9ea-baa03e97c1c3: start LeaderElection
2019-08-22 09:18:42,658 [Thread-326] INFO  impl.FollowerState (FollowerState.java:run(106)) - b97a343a-dda1-4b47-81df-1468ac752697:group-CE15BE703714 changes to CANDIDATE, lastRpcTime:5153, electionTimeout:5151ms
2019-08-22 09:18:42,659 [Thread-326] INFO  impl.RoleInfo (RoleInfo.java:shutdownFollowerState(121)) - b97a343a-dda1-4b47-81df-1468ac752697: shutdown FollowerState
2019-08-22 09:18:42,659 [Thread-326] INFO  impl.RaftServerImpl (RaftServerImpl.java:setRole(171)) - b97a343a-dda1-4b47-81df-1468ac752697:group-CE15BE703714 changes role from FOLLOWER to CANDIDATE at term 1 for changeToCandidate
2019-08-22 09:18:42,661 [Thread-326] INFO  impl.RoleInfo (RoleInfo.java:updateAndGet(143)) - b97a343a-dda1-4b47-81df-1468ac752697: start LeaderElection
2019-08-22 09:18:42,763 [grpc-default-executor-1] INFO  client.GrpcClientProtocolClient (GrpcClientProtocolClient.java:onNext(255)) - client-94AA44AA0228->2657734f-6a71-4b27-b9ea-baa03e97c1c3: receive RaftClientReply:client-94AA44AA0228->2657734f-6a71-4b27-b9ea-baa03e97c1c3@group-CE15BE703714, cid=23, FAILED org.apache.ratis.protocol.NotLeaderException: Server 2657734f-6a71-4b27-b9ea-baa03e97c1c3 is not the leader (null). Request must be sent to leader., logIndex=0, commits[2657734f-6a71-4b27-b9ea-baa03e97c1c3:c-1]
2019-08-22 09:18:42,781 | INFO  | SCMAudit | user=jenkins1000 | ip=192.168.36.85 | op=SEND_HEARTBEAT {datanodeUUID=b97a343a-dda1-4b47-81df-1468ac752697, command=[]} | ret=SUCCESS |  
2019-08-22 09:18:43,131 | INFO  | SCMAudit | user=jenkins1000 | ip=192.168.36.85 | op=SEND_HEARTBEAT {datanodeUUID=ba917a70-9edc-40fd-8c87-6f988a09c858, command=[]} | ret=SUCCESS |  
2019-08-22 09:18:43,162 | INFO  | SCMAudit | user=jenkins1000 | ip=192.168.36.85 | op=SEND_HEARTBEAT {datanodeUUID=12a3f542-eaa3-41f8-9242-653e2388110a, command=[]} | ret=SUCCESS |  
2019-08-22 09:18:43,197 | INFO  | SCMAudit | user=jenkins1000 | ip=192.168.36.85 | op=SEND_HEARTBEAT {datanodeUUID=70168daa-7dae-4fec-be11-36b8f7c0b13e, command=[]} | ret=SUCCESS |  
2019-08-22 09:18:43,197 | INFO  | SCMAudit | user=jenkins1000 | ip=192.168.36.85 | op=SEND_HEARTBEAT {datanodeUUID=2e502478-34c1-4a4b-9702-a9321f11dbb4, command=[]} | ret=SUCCESS |  
2019-08-22 09:18:43,270 | INFO  | SCMAudit | user=jenkins1000 | ip=192.168.36.85 | op=SEND_HEARTBEAT {datanodeUUID=4b6d0314-6f83-4f2a-b37f-5169ffd221d4, command=[]} | ret=SUCCESS |  
2019-08-22 09:18:43,579 | INFO  | SCMAudit | user=jenkins1000 | ip=192.168.36.85 | op=SEND_HEARTBEAT {datanodeUUID=2657734f-6a71-4b27-b9ea-baa03e97c1c3, command=[]} | ret=SUCCESS |  
2019-08-22 09:18:43,757 [grpc-default-executor-0] WARN  server.GrpcLogAppender (GrpcLogAppender.java:onNextImpl(250)) - org.apache.ratis.grpc.server.GrpcLogAppender$AppendLogResponseHandler@4ec36279: Request not found, ignoring reply: 12a3f542-eaa3-41f8-9242-653e2388110a<-2e502478-34c1-4a4b-9702-a9321f11dbb4#16:OK,SUCCESS,nextIndex:16,term:1,followerCommit:14
2019-08-22 09:18:43,782 | INFO  | SCMAudit | user=jenkins1000 | ip=192.168.36.85 | op=SEND_HEARTBEAT {datanodeUUID=b97a343a-dda1-4b47-81df-1468ac752697, command=[]} | ret=SUCCESS |  
2019-08-22 09:18:43,785 [grpc-default-executor-0] INFO  client.GrpcClientProtocolClient (GrpcClientProtocolClient.java:onNext(255)) - client-94AA44AA0228->b97a343a-dda1-4b47-81df-1468ac752697: receive RaftClientReply:client-94AA44AA0228->b97a343a-dda1-4b47-81df-1468ac752697@group-CE15BE703714, cid=23, FAILED org.apache.ratis.protocol.NotLeaderException: Server b97a343a-dda1-4b47-81df-1468ac752697 is not the leader (null). Request must be sent to leader., logIndex=0, commits[b97a343a-dda1-4b47-81df-1468ac752697:c-1]
2019-08-22 09:18:43,824 [grpc-default-executor-0] WARN  server.GrpcLogAppender (GrpcLogAppender.java:onNextImpl(250)) - org.apache.ratis.grpc.server.GrpcLogAppender$AppendLogResponseHandler@29300cc8: Request not found, ignoring reply: 12a3f542-eaa3-41f8-9242-653e2388110a<-70168daa-7dae-4fec-be11-36b8f7c0b13e#16:OK,SUCCESS,nextIndex:16,term:1,followerCommit:14
2019-08-22 09:18:44,131 | INFO  | SCMAudit | user=jenkins1000 | ip=192.168.36.85 | op=SEND_HEARTBEAT {datanodeUUID=ba917a70-9edc-40fd-8c87-6f988a09c858, command=[]} | ret=SUCCESS |  
2019-08-22 09:18:44,133 [java.util.concurrent.ThreadPoolExecutor$Worker@38856abe[State = -1, empty queue]] WARN  server.GrpcLogAppender (GrpcLogAppender.java:timeoutAppendRequest(200)) - GrpcLogAppender(12a3f542-eaa3-41f8-9242-653e2388110a->2e502478-34c1-4a4b-9702-a9321f11dbb4): appendEntries Timeout, request=12a3f542-eaa3-41f8-9242-653e2388110a->2e502478-34c1-4a4b-9702-a9321f11dbb4#18-t1, previous=(t:1, i:16), leaderCommit=14, initializing? false, entries: <empty>
2019-08-22 09:18:44,133 [java.util.concurrent.ThreadPoolExecutor$Worker@ad57bea[State = -1, empty queue]] WARN  server.GrpcLogAppender (GrpcLogAppender.java:timeoutAppendRequest(200)) - GrpcLogAppender(12a3f542-eaa3-41f8-9242-653e2388110a->70168daa-7dae-4fec-be11-36b8f7c0b13e): appendEntries Timeout, request=12a3f542-eaa3-41f8-9242-653e2388110a->70168daa-7dae-4fec-be11-36b8f7c0b13e#18-t1, previous=(t:1, i:16), leaderCommit=14, initializing? false, entries: <empty>
2019-08-22 09:18:44,160 | INFO  | SCMAudit | user=jenkins1000 | ip=192.168.36.85 | op=SEND_HEARTBEAT {datanodeUUID=12a3f542-eaa3-41f8-9242-653e2388110a, command=[]} | ret=SUCCESS |  
2019-08-22 09:18:44,197 | INFO  | SCMAudit | user=jenkins1000 | ip=192.168.36.85 | op=SEND_HEARTBEAT {datanodeUUID=2e502478-34c1-4a4b-9702-a9321f11dbb4, command=[]} | ret=SUCCESS |  
2019-08-22 09:18:44,197 | INFO  | SCMAudit | user=jenkins1000 | ip=192.168.36.85 | op=SEND_HEARTBEAT {datanodeUUID=70168daa-7dae-4fec-be11-36b8f7c0b13e, command=[]} | ret=SUCCESS |  
2019-08-22 09:18:44,270 | INFO  | SCMAudit | user=jenkins1000 | ip=192.168.36.85 | op=SEND_HEARTBEAT {datanodeUUID=4b6d0314-6f83-4f2a-b37f-5169ffd221d4, command=[]} | ret=SUCCESS |  
2019-08-22 09:18:44,579 | INFO  | SCMAudit | user=jenkins1000 | ip=192.168.36.85 | op=SEND_HEARTBEAT {datanodeUUID=2657734f-6a71-4b27-b9ea-baa03e97c1c3, command=[]} | ret=SUCCESS |  
2019-08-22 09:18:44,780 | INFO  | SCMAudit | user=jenkins1000 | ip=192.168.36.85 | op=SEND_HEARTBEAT {datanodeUUID=b97a343a-dda1-4b47-81df-1468ac752697, command=[]} | ret=SUCCESS |  
2019-08-22 09:18:44,809 [grpc-default-executor-0] INFO  client.GrpcClientProtocolClient (GrpcClientProtocolClient.java:onNext(255)) - client-94AA44AA0228->4b6d0314-6f83-4f2a-b37f-5169ffd221d4: receive RaftClientReply:client-94AA44AA0228->4b6d0314-6f83-4f2a-b37f-5169ffd221d4@group-CE15BE703714, cid=23, FAILED org.apache.ratis.protocol.NotLeaderException: Server 4b6d0314-6f83-4f2a-b37f-5169ffd221d4 is not the leader (null). Request must be sent to leader., logIndex=0, commits[4b6d0314-6f83-4f2a-b37f-5169ffd221d4:c-1]
2019-08-22 09:18:45,131 | INFO  | SCMAudit | user=jenkins1000 | ip=192.168.36.85 | op=SEND_HEARTBEAT {datanodeUUID=ba917a70-9edc-40fd-8c87-6f988a09c858, command=[]} | ret=SUCCESS |  
2019-08-22 09:18:45,160 | INFO  | SCMAudit | user=jenkins1000 | ip=192.168.36.85 | op=SEND_HEARTBEAT {datanodeUUID=12a3f542-eaa3-41f8-9242-653e2388110a, command=[]} | ret=SUCCESS |  
2019-08-22 09:18:45,197 | INFO  | SCMAudit | user=jenkins1000 | ip=192.168.36.85 | op=SEND_HEARTBEAT {datanodeUUID=2e502478-34c1-4a4b-9702-a9321f11dbb4, command=[]} | ret=SUCCESS |  
2019-08-22 09:18:45,198 | INFO  | SCMAudit | user=jenkins1000 | ip=192.168.36.85 | op=SEND_HEARTBEAT {datanodeUUID=70168daa-7dae-4fec-be11-36b8f7c0b13e, command=[]} | ret=SUCCESS |  
2019-08-22 09:18:45,270 | INFO  | SCMAudit | user=jenkins1000 | ip=192.168.36.85 | op=SEND_HEARTBEAT {datanodeUUID=4b6d0314-6f83-4f2a-b37f-5169ffd221d4, command=[]} | ret=SUCCESS |  
2019-08-22 09:18:45,468 [grpc-default-executor-1] WARN  server.GrpcLogAppender (GrpcLogAppender.java:onNextImpl(250)) - org.apache.ratis.grpc.server.GrpcLogAppender$AppendLogResponseHandler@4ec36279: Request not found, ignoring reply: 12a3f542-eaa3-41f8-9242-653e2388110a<-2e502478-34c1-4a4b-9702-a9321f11dbb4#17:OK,SUCCESS,nextIndex:17,term:1,followerCommit:14
2019-08-22 09:18:45,468 [grpc-default-executor-0] WARN  server.GrpcLogAppender (GrpcLogAppender.java:onNextImpl(250)) - org.apache.ratis.grpc.server.GrpcLogAppender$AppendLogResponseHandler@29300cc8: Request not found, ignoring reply: 12a3f542-eaa3-41f8-9242-653e2388110a<-70168daa-7dae-4fec-be11-36b8f7c0b13e#17:OK,SUCCESS,nextIndex:17,term:1,followerCommit:14
2019-08-22 09:18:45,468 [grpc-default-executor-1] WARN  server.GrpcLogAppender (GrpcLogAppender.java:onNextImpl(250)) - org.apache.ratis.grpc.server.GrpcLogAppender$AppendLogResponseHandler@4ec36279: Request not found, ignoring reply: 12a3f542-eaa3-41f8-9242-653e2388110a<-2e502478-34c1-4a4b-9702-a9321f11dbb4#18:OK,SUCCESS,nextIndex:17,term:1,followerCommit:14
2019-08-22 09:18:45,469 [grpc-default-executor-0] WARN  server.GrpcLogAppender (GrpcLogAppender.java:onNextImpl(250)) - org.apache.ratis.grpc.server.GrpcLogAppender$AppendLogResponseHandler@29300cc8: Request not found, ignoring reply: 12a3f542-eaa3-41f8-9242-653e2388110a<-70168daa-7dae-4fec-be11-36b8f7c0b13e#18:OK,SUCCESS,nextIndex:17,term:1,followerCommit:14
2019-08-22 09:18:45,473 [grpc-default-executor-0] INFO  client.GrpcClientProtocolClient (GrpcClientProtocolClient.java:onNext(255)) - client-CA7308E68E1F->12a3f542-eaa3-41f8-9242-653e2388110a: receive RaftClientReply:client-CA7308E68E1F->12a3f542-eaa3-41f8-9242-653e2388110a@group-00599D447303, cid=21, SUCCESS, logIndex=0, commits[12a3f542-eaa3-41f8-9242-653e2388110a:c14, 2e502478-34c1-4a4b-9702-a9321f11dbb4:c14, 70168daa-7dae-4fec-be11-36b8f7c0b13e:c14]
2019-08-22 09:18:45,474 [b97a343a-dda1-4b47-81df-1468ac752697:group-CE15BE703714:LeaderElection15] INFO  impl.LeaderElection (LeaderElection.java:askForVotes(181)) - b97a343a-dda1-4b47-81df-1468ac752697:group-CE15BE703714:LeaderElection15: begin an election at term 2 for -1: [2657734f-6a71-4b27-b9ea-baa03e97c1c3:192.168.36.85:36700, 4b6d0314-6f83-4f2a-b37f-5169ffd221d4:192.168.36.85:44123, b97a343a-dda1-4b47-81df-1468ac752697:192.168.36.85:41515], old=null
2019-08-22 09:18:45,474 [4b6d0314-6f83-4f2a-b37f-5169ffd221d4:group-CE15BE703714:LeaderElection13] INFO  impl.LeaderElection (LeaderElection.java:askForVotes(181)) - 4b6d0314-6f83-4f2a-b37f-5169ffd221d4:group-CE15BE703714:LeaderElection13: begin an election at term 2 for -1: [2657734f-6a71-4b27-b9ea-baa03e97c1c3:192.168.36.85:36700, 4b6d0314-6f83-4f2a-b37f-5169ffd221d4:192.168.36.85:44123, b97a343a-dda1-4b47-81df-1468ac752697:192.168.36.85:41515], old=null
2019-08-22 09:18:45,474 [2657734f-6a71-4b27-b9ea-baa03e97c1c3:group-CE15BE703714:LeaderElection14] INFO  impl.LeaderElection (LeaderElection.java:askForVotes(181)) - 2657734f-6a71-4b27-b9ea-baa03e97c1c3:group-CE15BE703714:LeaderElection14: begin an election at term 2 for -1: [2657734f-6a71-4b27-b9ea-baa03e97c1c3:192.168.36.85:36700, 4b6d0314-6f83-4f2a-b37f-5169ffd221d4:192.168.36.85:44123, b97a343a-dda1-4b47-81df-1468ac752697:192.168.36.85:41515], old=null
2019-08-22 09:18:45,474 [grpc-default-executor-0] INFO  client.GrpcClientProtocolClient (GrpcClientProtocolClient.java:onNext(255)) - client-CA7308E68E1F->12a3f542-eaa3-41f8-9242-653e2388110a: receive RaftClientReply:client-CA7308E68E1F->12a3f542-eaa3-41f8-9242-653e2388110a@group-00599D447303, cid=22, SUCCESS, logIndex=0, commits[12a3f542-eaa3-41f8-9242-653e2388110a:c14, 2e502478-34c1-4a4b-9702-a9321f11dbb4:c14, 70168daa-7dae-4fec-be11-36b8f7c0b13e:c14]
2019-08-22 09:18:45,477 [grpc-default-executor-0] INFO  client.GrpcClientProtocolClient (GrpcClientProtocolClient.java:onNext(255)) - client-CA7308E68E1F->12a3f542-eaa3-41f8-9242-653e2388110a: receive RaftClientReply:client-CA7308E68E1F->12a3f542-eaa3-41f8-9242-653e2388110a@group-00599D447303, cid=21, SUCCESS, logIndex=0, commits[12a3f542-eaa3-41f8-9242-653e2388110a:c14, 2e502478-34c1-4a4b-9702-a9321f11dbb4:c14, 70168daa-7dae-4fec-be11-36b8f7c0b13e:c14]
2019-08-22 09:18:45,478 [grpc-default-executor-0] INFO  client.GrpcClientProtocolClient (GrpcClientProtocolClient.java:onNext(255)) - client-CA7308E68E1F->12a3f542-eaa3-41f8-9242-653e2388110a: receive RaftClientReply:client-CA7308E68E1F->12a3f542-eaa3-41f8-9242-653e2388110a@group-00599D447303, cid=22, SUCCESS, logIndex=0, commits[12a3f542-eaa3-41f8-9242-653e2388110a:c14, 2e502478-34c1-4a4b-9702-a9321f11dbb4:c14, 70168daa-7dae-4fec-be11-36b8f7c0b13e:c14]
2019-08-22 09:18:45,501 [b97a343a-dda1-4b47-81df-1468ac752697:group-CE15BE703714:LeaderElection15] INFO  impl.LeaderElection (LeaderElection.java:logAndReturn(56)) - b97a343a-dda1-4b47-81df-1468ac752697:group-CE15BE703714:LeaderElection15: Election REJECTED; received 2 response(s) [b97a343a-dda1-4b47-81df-1468ac752697<-2657734f-6a71-4b27-b9ea-baa03e97c1c3#0:FAIL-t2, b97a343a-dda1-4b47-81df-1468ac752697<-4b6d0314-6f83-4f2a-b37f-5169ffd221d4#0:FAIL-t2] and 0 exception(s); b97a343a-dda1-4b47-81df-1468ac752697:t2, leader=null, voted=b97a343a-dda1-4b47-81df-1468ac752697, raftlog=b97a343a-dda1-4b47-81df-1468ac752697-SegmentedRaftLog:OPENED:c-1,f-1,i0, conf=-1: [2657734f-6a71-4b27-b9ea-baa03e97c1c3:192.168.36.85:36700, 4b6d0314-6f83-4f2a-b37f-5169ffd221d4:192.168.36.85:44123, b97a343a-dda1-4b47-81df-1468ac752697:192.168.36.85:41515], old=null
2019-08-22 09:18:45,501 [4b6d0314-6f83-4f2a-b37f-5169ffd221d4:group-CE15BE703714:LeaderElection13] INFO  impl.LeaderElection (LeaderElection.java:logAndReturn(56)) - 4b6d0314-6f83-4f2a-b37f-5169ffd221d4:group-CE15BE703714:LeaderElection13: Election REJECTED; received 2 response(s) [4b6d0314-6f83-4f2a-b37f-5169ffd221d4<-2657734f-6a71-4b27-b9ea-baa03e97c1c3#0:FAIL-t2, 4b6d0314-6f83-4f2a-b37f-5169ffd221d4<-b97a343a-dda1-4b47-81df-1468ac752697#0:FAIL-t2] and 0 exception(s); 4b6d0314-6f83-4f2a-b37f-5169ffd221d4:t2, leader=null, voted=4b6d0314-6f83-4f2a-b37f-5169ffd221d4, raftlog=4b6d0314-6f83-4f2a-b37f-5169ffd221d4-SegmentedRaftLog:OPENED:c-1,f-1,i0, conf=-1: [2657734f-6a71-4b27-b9ea-baa03e97c1c3:192.168.36.85:36700, 4b6d0314-6f83-4f2a-b37f-5169ffd221d4:192.168.36.85:44123, b97a343a-dda1-4b47-81df-1468ac752697:192.168.36.85:41515], old=null
2019-08-22 09:18:45,502 [b97a343a-dda1-4b47-81df-1468ac752697:group-CE15BE703714:LeaderElection15] INFO  impl.RaftServerImpl (RaftServerImpl.java:setRole(171)) - b97a343a-dda1-4b47-81df-1468ac752697:group-CE15BE703714 changes role from CANDIDATE to FOLLOWER at term 2 for DISCOVERED_A_NEW_TERM
2019-08-22 09:18:45,502 [2657734f-6a71-4b27-b9ea-baa03e97c1c3:group-CE15BE703714:LeaderElection14] INFO  impl.LeaderElection (LeaderElection.java:logAndReturn(56)) - 2657734f-6a71-4b27-b9ea-baa03e97c1c3:group-CE15BE703714:LeaderElection14: Election REJECTED; received 2 response(s) [2657734f-6a71-4b27-b9ea-baa03e97c1c3<-4b6d0314-6f83-4f2a-b37f-5169ffd221d4#0:FAIL-t2, 2657734f-6a71-4b27-b9ea-baa03e97c1c3<-b97a343a-dda1-4b47-81df-1468ac752697#0:FAIL-t2] and 0 exception(s); 2657734f-6a71-4b27-b9ea-baa03e97c1c3:t2, leader=null, voted=2657734f-6a71-4b27-b9ea-baa03e97c1c3, raftlog=2657734f-6a71-4b27-b9ea-baa03e97c1c3-SegmentedRaftLog:OPENED:c-1,f-1,i0, conf=-1: [2657734f-6a71-4b27-b9ea-baa03e97c1c3:192.168.36.85:36700, 4b6d0314-6f83-4f2a-b37f-5169ffd221d4:192.168.36.85:44123, b97a343a-dda1-4b47-81df-1468ac752697:192.168.36.85:41515], old=null
2019-08-22 09:18:45,508 [b97a343a-dda1-4b47-81df-1468ac752697:group-CE15BE703714:LeaderElection15] INFO  impl.RoleInfo (RoleInfo.java:shutdownLeaderElection(134)) - b97a343a-dda1-4b47-81df-1468ac752697: shutdown LeaderElection
2019-08-22 09:18:45,504 [4b6d0314-6f83-4f2a-b37f-5169ffd221d4:group-CE15BE703714:LeaderElection13] INFO  impl.RaftServerImpl (RaftServerImpl.java:setRole(171)) - 4b6d0314-6f83-4f2a-b37f-5169ffd221d4:group-CE15BE703714 changes role from CANDIDATE to FOLLOWER at term 2 for DISCOVERED_A_NEW_TERM
2019-08-22 09:18:45,512 [4b6d0314-6f83-4f2a-b37f-5169ffd221d4:group-CE15BE703714:LeaderElection13] INFO  impl.RoleInfo (RoleInfo.java:shutdownLeaderElection(134)) - 4b6d0314-6f83-4f2a-b37f-5169ffd221d4: shutdown LeaderElection
2019-08-22 09:18:45,513 [b97a343a-dda1-4b47-81df-1468ac752697:group-CE15BE703714:LeaderElection15] INFO  impl.RoleInfo (RoleInfo.java:updateAndGet(143)) - b97a343a-dda1-4b47-81df-1468ac752697: start FollowerState
2019-08-22 09:18:45,513 [4b6d0314-6f83-4f2a-b37f-5169ffd221d4:group-CE15BE703714:LeaderElection13] INFO  impl.RoleInfo (RoleInfo.java:updateAndGet(143)) - 4b6d0314-6f83-4f2a-b37f-5169ffd221d4: start FollowerState
2019-08-22 09:18:45,508 [2657734f-6a71-4b27-b9ea-baa03e97c1c3:group-CE15BE703714:LeaderElection14] INFO  impl.RaftServerImpl (RaftServerImpl.java:setRole(171)) - 2657734f-6a71-4b27-b9ea-baa03e97c1c3:group-CE15BE703714 changes role from CANDIDATE to FOLLOWER at term 2 for DISCOVERED_A_NEW_TERM
2019-08-22 09:18:45,517 [2657734f-6a71-4b27-b9ea-baa03e97c1c3:group-CE15BE703714:LeaderElection14] INFO  impl.RoleInfo (RoleInfo.java:shutdownLeaderElection(134)) - 2657734f-6a71-4b27-b9ea-baa03e97c1c3: shutdown LeaderElection
2019-08-22 09:18:45,518 [2657734f-6a71-4b27-b9ea-baa03e97c1c3:group-CE15BE703714:LeaderElection14] INFO  impl.RoleInfo (RoleInfo.java:updateAndGet(143)) - 2657734f-6a71-4b27-b9ea-baa03e97c1c3: start FollowerState
2019-08-22 09:18:45,582 | INFO  | SCMAudit | user=jenkins1000 | ip=192.168.36.85 | op=SEND_HEARTBEAT {datanodeUUID=2657734f-6a71-4b27-b9ea-baa03e97c1c3, command=[]} | ret=SUCCESS |  
2019-08-22 09:18:45,780 | INFO  | SCMAudit | user=jenkins1000 | ip=192.168.36.85 | op=SEND_HEARTBEAT {datanodeUUID=b97a343a-dda1-4b47-81df-1468ac752697, command=[]} | ret=SUCCESS |  
2019-08-22 09:18:45,833 [grpc-default-executor-2] INFO  client.GrpcClientProtocolClient (GrpcClientProtocolClient.java:onNext(255)) - client-94AA44AA0228->2657734f-6a71-4b27-b9ea-baa03e97c1c3: receive RaftClientReply:client-94AA44AA0228->2657734f-6a71-4b27-b9ea-baa03e97c1c3@group-CE15BE703714, cid=23, FAILED org.apache.ratis.protocol.NotLeaderException: Server 2657734f-6a71-4b27-b9ea-baa03e97c1c3 is not the leader (null). Request must be sent to leader., logIndex=0, commits[2657734f-6a71-4b27-b9ea-baa03e97c1c3:c-1]
2019-08-22 09:18:46,130 | INFO  | SCMAudit | user=jenkins1000 | ip=192.168.36.85 | op=SEND_HEARTBEAT {datanodeUUID=ba917a70-9edc-40fd-8c87-6f988a09c858, command=[]} | ret=SUCCESS |  
2019-08-22 09:18:46,160 | INFO  | SCMAudit | user=jenkins1000 | ip=192.168.36.85 | op=SEND_HEARTBEAT {datanodeUUID=12a3f542-eaa3-41f8-9242-653e2388110a, command=[]} | ret=SUCCESS |  
2019-08-22 09:18:46,197 | INFO  | SCMAudit | user=jenkins1000 | ip=192.168.36.85 | op=SEND_HEARTBEAT {datanodeUUID=70168daa-7dae-4fec-be11-36b8f7c0b13e, command=[]} | ret=SUCCESS |  
2019-08-22 09:18:46,197 | INFO  | SCMAudit | user=jenkins1000 | ip=192.168.36.85 | op=SEND_HEARTBEAT {datanodeUUID=2e502478-34c1-4a4b-9702-a9321f11dbb4, command=[]} | ret=SUCCESS |  
2019-08-22 09:18:46,270 | INFO  | SCMAudit | user=jenkins1000 | ip=192.168.36.85 | op=SEND_HEARTBEAT {datanodeUUID=4b6d0314-6f83-4f2a-b37f-5169ffd221d4, command=[]} | ret=SUCCESS |  
2019-08-22 09:18:46,580 | INFO  | SCMAudit | user=jenkins1000 | ip=192.168.36.85 | op=SEND_HEARTBEAT {datanodeUUID=2657734f-6a71-4b27-b9ea-baa03e97c1c3, command=[]} | ret=SUCCESS |  
2019-08-22 09:18:46,781 | INFO  | SCMAudit | user=jenkins1000 | ip=192.168.36.85 | op=SEND_HEARTBEAT {datanodeUUID=b97a343a-dda1-4b47-81df-1468ac752697, command=[]} | ret=SUCCESS |  
2019-08-22 09:18:46,859 [grpc-default-executor-0] INFO  client.GrpcClientProtocolClient (GrpcClientProtocolClient.java:onNext(255)) - client-94AA44AA0228->b97a343a-dda1-4b47-81df-1468ac752697: receive RaftClientReply:client-94AA44AA0228->b97a343a-dda1-4b47-81df-1468ac752697@group-CE15BE703714, cid=23, FAILED org.apache.ratis.protocol.NotLeaderException: Server b97a343a-dda1-4b47-81df-1468ac752697 is not the leader (null). Request must be sent to leader., logIndex=0, commits[b97a343a-dda1-4b47-81df-1468ac752697:c-1]
2019-08-22 09:18:46,874 [grpc-default-worker-ELG-3-4] WARN  nio.NioEventLoop (NioEventLoop.java:select(786)) - Selector.select() returned prematurely {} times in a row; rebuilding Selector {}.
2019-08-22 09:18:46,875 [grpc-default-worker-ELG-3-4] INFO  nio.NioEventLoop (NioEventLoop.java:rebuildSelector0(396)) - Migrated 5 channel(s) to the new Selector.
2019-08-22 09:18:47,132 | INFO  | SCMAudit | user=jenkins1000 | ip=192.168.36.85 | op=SEND_HEARTBEAT {datanodeUUID=ba917a70-9edc-40fd-8c87-6f988a09c858, command=[]} | ret=SUCCESS |  
2019-08-22 09:18:47,161 | INFO  | SCMAudit | user=jenkins1000 | ip=192.168.36.85 | op=SEND_HEARTBEAT {datanodeUUID=12a3f542-eaa3-41f8-9242-653e2388110a, command=[]} | ret=SUCCESS |  
2019-08-22 09:18:47,197 | INFO  | SCMAudit | user=jenkins1000 | ip=192.168.36.85 | op=SEND_HEARTBEAT {datanodeUUID=2e502478-34c1-4a4b-9702-a9321f11dbb4, command=[]} | ret=SUCCESS |  
2019-08-22 09:18:47,197 | INFO  | SCMAudit | user=jenkins1000 | ip=192.168.36.85 | op=SEND_HEARTBEAT {datanodeUUID=70168daa-7dae-4fec-be11-36b8f7c0b13e, command=[]} | ret=SUCCESS |  
2019-08-22 09:18:47,270 | INFO  | SCMAudit | user=jenkins1000 | ip=192.168.36.85 | op=SEND_HEARTBEAT {datanodeUUID=4b6d0314-6f83-4f2a-b37f-5169ffd221d4, command=[]} | ret=SUCCESS |  
2019-08-22 09:18:47,579 | INFO  | SCMAudit | user=jenkins1000 | ip=192.168.36.85 | op=SEND_HEARTBEAT {datanodeUUID=2657734f-6a71-4b27-b9ea-baa03e97c1c3, command=[]} | ret=SUCCESS |  
2019-08-22 09:18:47,781 | INFO  | SCMAudit | user=jenkins1000 | ip=192.168.36.85 | op=SEND_HEARTBEAT {datanodeUUID=b97a343a-dda1-4b47-81df-1468ac752697, command=[]} | ret=SUCCESS |  
2019-08-22 09:18:47,885 [grpc-default-executor-2] INFO  client.GrpcClientProtocolClient (GrpcClientProtocolClient.java:onNext(255)) - client-94AA44AA0228->4b6d0314-6f83-4f2a-b37f-5169ffd221d4: receive RaftClientReply:client-94AA44AA0228->4b6d0314-6f83-4f2a-b37f-5169ffd221d4@group-CE15BE703714, cid=23, FAILED org.apache.ratis.protocol.NotLeaderException: Server 4b6d0314-6f83-4f2a-b37f-5169ffd221d4 is not the leader (null). Request must be sent to leader., logIndex=0, commits[4b6d0314-6f83-4f2a-b37f-5169ffd221d4:c-1]
2019-08-22 09:18:48,131 | INFO  | SCMAudit | user=jenkins1000 | ip=192.168.36.85 | op=SEND_HEARTBEAT {datanodeUUID=ba917a70-9edc-40fd-8c87-6f988a09c858, command=[]} | ret=SUCCESS |  
2019-08-22 09:18:48,160 | INFO  | SCMAudit | user=jenkins1000 | ip=192.168.36.85 | op=SEND_HEARTBEAT {datanodeUUID=12a3f542-eaa3-41f8-9242-653e2388110a, command=[]} | ret=SUCCESS |  
2019-08-22 09:18:48,197 | INFO  | SCMAudit | user=jenkins1000 | ip=192.168.36.85 | op=SEND_HEARTBEAT {datanodeUUID=2e502478-34c1-4a4b-9702-a9321f11dbb4, command=[]} | ret=SUCCESS |  
2019-08-22 09:18:48,197 | INFO  | SCMAudit | user=jenkins1000 | ip=192.168.36.85 | op=SEND_HEARTBEAT {datanodeUUID=70168daa-7dae-4fec-be11-36b8f7c0b13e, command=[]} | ret=SUCCESS |  
2019-08-22 09:18:48,270 | INFO  | SCMAudit | user=jenkins1000 | ip=192.168.36.85 | op=SEND_HEARTBEAT {datanodeUUID=4b6d0314-6f83-4f2a-b37f-5169ffd221d4, command=[]} | ret=SUCCESS |  
2019-08-22 09:18:48,580 | INFO  | SCMAudit | user=jenkins1000 | ip=192.168.36.85 | op=SEND_HEARTBEAT {datanodeUUID=2657734f-6a71-4b27-b9ea-baa03e97c1c3, command=[]} | ret=SUCCESS |  
2019-08-22 09:18:48,780 | INFO  | SCMAudit | user=jenkins1000 | ip=192.168.36.85 | op=SEND_HEARTBEAT {datanodeUUID=b97a343a-dda1-4b47-81df-1468ac752697, command=[]} | ret=SUCCESS |  
2019-08-22 09:18:48,908 [grpc-default-executor-2] INFO  client.GrpcClientProtocolClient (GrpcClientProtocolClient.java:onNext(255)) - client-94AA44AA0228->2657734f-6a71-4b27-b9ea-baa03e97c1c3: receive RaftClientReply:client-94AA44AA0228->2657734f-6a71-4b27-b9ea-baa03e97c1c3@group-CE15BE703714, cid=23, FAILED org.apache.ratis.protocol.NotLeaderException: Server 2657734f-6a71-4b27-b9ea-baa03e97c1c3 is not the leader (null). Request must be sent to leader., logIndex=0, commits[2657734f-6a71-4b27-b9ea-baa03e97c1c3:c-1]
2019-08-22 09:18:49,132 | INFO  | SCMAudit | user=jenkins1000 | ip=192.168.36.85 | op=SEND_HEARTBEAT {datanodeUUID=ba917a70-9edc-40fd-8c87-6f988a09c858, command=[]} | ret=SUCCESS |  
2019-08-22 09:18:49,160 | INFO  | SCMAudit | user=jenkins1000 | ip=192.168.36.85 | op=SEND_HEARTBEAT {datanodeUUID=12a3f542-eaa3-41f8-9242-653e2388110a, command=[]} | ret=SUCCESS |  
2019-08-22 09:18:49,197 | INFO  | SCMAudit | user=jenkins1000 | ip=192.168.36.85 | op=SEND_HEARTBEAT {datanodeUUID=2e502478-34c1-4a4b-9702-a9321f11dbb4, command=[]} | ret=SUCCESS |  
2019-08-22 09:18:49,197 | INFO  | SCMAudit | user=jenkins1000 | ip=192.168.36.85 | op=SEND_HEARTBEAT {datanodeUUID=70168daa-7dae-4fec-be11-36b8f7c0b13e, command=[]} | ret=SUCCESS |  
2019-08-22 09:18:49,270 | INFO  | SCMAudit | user=jenkins1000 | ip=192.168.36.85 | op=SEND_HEARTBEAT {datanodeUUID=4b6d0314-6f83-4f2a-b37f-5169ffd221d4, command=[]} | ret=SUCCESS |  
2019-08-22 09:18:49,580 | INFO  | SCMAudit | user=jenkins1000 | ip=192.168.36.85 | op=SEND_HEARTBEAT {datanodeUUID=2657734f-6a71-4b27-b9ea-baa03e97c1c3, command=[]} | ret=SUCCESS |  
2019-08-22 09:18:49,781 | INFO  | SCMAudit | user=jenkins1000 | ip=192.168.36.85 | op=SEND_HEARTBEAT {datanodeUUID=b97a343a-dda1-4b47-81df-1468ac752697, command=[]} | ret=SUCCESS |  
2019-08-22 09:18:49,949 [grpc-default-executor-0] INFO  client.GrpcClientProtocolClient (GrpcClientProtocolClient.java:onNext(255)) - client-94AA44AA0228->b97a343a-dda1-4b47-81df-1468ac752697: receive RaftClientReply:client-94AA44AA0228->b97a343a-dda1-4b47-81df-1468ac752697@group-CE15BE703714, cid=23, FAILED org.apache.ratis.protocol.NotLeaderException: Server b97a343a-dda1-4b47-81df-1468ac752697 is not the leader (null). Request must be sent to leader., logIndex=0, commits[b97a343a-dda1-4b47-81df-1468ac752697:c-1]
2019-08-22 09:18:50,131 | INFO  | SCMAudit | user=jenkins1000 | ip=192.168.36.85 | op=SEND_HEARTBEAT {datanodeUUID=ba917a70-9edc-40fd-8c87-6f988a09c858, command=[]} | ret=SUCCESS |  
2019-08-22 09:18:50,160 | INFO  | SCMAudit | user=jenkins1000 | ip=192.168.36.85 | op=SEND_HEARTBEAT {datanodeUUID=12a3f542-eaa3-41f8-9242-653e2388110a, command=[]} | ret=SUCCESS |  
2019-08-22 09:18:50,197 | INFO  | SCMAudit | user=jenkins1000 | ip=192.168.36.85 | op=SEND_HEARTBEAT {datanodeUUID=2e502478-34c1-4a4b-9702-a9321f11dbb4, command=[]} | ret=SUCCESS |  
2019-08-22 09:18:50,198 | INFO  | SCMAudit | user=jenkins1000 | ip=192.168.36.85 | op=SEND_HEARTBEAT {datanodeUUID=70168daa-7dae-4fec-be11-36b8f7c0b13e, command=[]} | ret=SUCCESS |  
2019-08-22 09:18:50,270 | INFO  | SCMAudit | user=jenkins1000 | ip=192.168.36.85 | op=SEND_HEARTBEAT {datanodeUUID=4b6d0314-6f83-4f2a-b37f-5169ffd221d4, command=[]} | ret=SUCCESS |  
2019-08-22 09:18:50,554 [Thread-432] INFO  impl.FollowerState (FollowerState.java:run(106)) - 4b6d0314-6f83-4f2a-b37f-5169ffd221d4:group-CE15BE703714 changes to CANDIDATE, lastRpcTime:5040, electionTimeout:5036ms
2019-08-22 09:18:50,554 [Thread-432] INFO  impl.RoleInfo (RoleInfo.java:shutdownFollowerState(121)) - 4b6d0314-6f83-4f2a-b37f-5169ffd221d4: shutdown FollowerState
2019-08-22 09:18:50,554 [Thread-432] INFO  impl.RaftServerImpl (RaftServerImpl.java:setRole(171)) - 4b6d0314-6f83-4f2a-b37f-5169ffd221d4:group-CE15BE703714 changes role from FOLLOWER to CANDIDATE at term 2 for changeToCandidate
2019-08-22 09:18:50,554 [Thread-432] INFO  impl.RoleInfo (RoleInfo.java:updateAndGet(143)) - 4b6d0314-6f83-4f2a-b37f-5169ffd221d4: start LeaderElection
2019-08-22 09:18:50,579 | INFO  | SCMAudit | user=jenkins1000 | ip=192.168.36.85 | op=SEND_HEARTBEAT {datanodeUUID=2657734f-6a71-4b27-b9ea-baa03e97c1c3, command=[]} | ret=SUCCESS |  
2019-08-22 09:18:50,580 [Thread-431] INFO  impl.FollowerState (FollowerState.java:run(106)) - b97a343a-dda1-4b47-81df-1468ac752697:group-CE15BE703714 changes to CANDIDATE, lastRpcTime:5067, electionTimeout:5065ms
2019-08-22 09:18:50,581 [Thread-431] INFO  impl.RoleInfo (RoleInfo.java:shutdownFollowerState(121)) - b97a343a-dda1-4b47-81df-1468ac752697: shutdown FollowerState
2019-08-22 09:18:50,581 [Thread-431] INFO  impl.RaftServerImpl (RaftServerImpl.java:setRole(171)) - b97a343a-dda1-4b47-81df-1468ac752697:group-CE15BE703714 changes role from FOLLOWER to CANDIDATE at term 2 for changeToCandidate
2019-08-22 09:18:50,581 [Thread-431] INFO  impl.RoleInfo (RoleInfo.java:updateAndGet(143)) - b97a343a-dda1-4b47-81df-1468ac752697: start LeaderElection
2019-08-22 09:18:50,584 [4b6d0314-6f83-4f2a-b37f-5169ffd221d4:group-CE15BE703714:LeaderElection16] INFO  impl.LeaderElection (LeaderElection.java:askForVotes(181)) - 4b6d0314-6f83-4f2a-b37f-5169ffd221d4:group-CE15BE703714:LeaderElection16: begin an election at term 3 for -1: [2657734f-6a71-4b27-b9ea-baa03e97c1c3:192.168.36.85:36700, 4b6d0314-6f83-4f2a-b37f-5169ffd221d4:192.168.36.85:44123, b97a343a-dda1-4b47-81df-1468ac752697:192.168.36.85:41515], old=null
2019-08-22 09:18:50,589 [grpc-default-executor-0] INFO  impl.RaftServerImpl (RaftServerImpl.java:setRole(171)) - 2657734f-6a71-4b27-b9ea-baa03e97c1c3:group-CE15BE703714 changes role from FOLLOWER to FOLLOWER at term 3 for recognizeCandidate:4b6d0314-6f83-4f2a-b37f-5169ffd221d4
2019-08-22 09:18:50,590 [grpc-default-executor-0] INFO  impl.RoleInfo (RoleInfo.java:shutdownFollowerState(121)) - 2657734f-6a71-4b27-b9ea-baa03e97c1c3: shutdown FollowerState
2019-08-22 09:18:50,590 [grpc-default-executor-0] INFO  impl.RoleInfo (RoleInfo.java:updateAndGet(143)) - 2657734f-6a71-4b27-b9ea-baa03e97c1c3: start FollowerState
2019-08-22 09:18:50,590 [Thread-433] INFO  impl.FollowerState (FollowerState.java:run(114)) - 2657734f-6a71-4b27-b9ea-baa03e97c1c3: FollowerState was interrupted: java.lang.InterruptedException: sleep interrupted
2019-08-22 09:18:50,608 [b97a343a-dda1-4b47-81df-1468ac752697:group-CE15BE703714:LeaderElection17] INFO  impl.LeaderElection (LeaderElection.java:askForVotes(181)) - b97a343a-dda1-4b47-81df-1468ac752697:group-CE15BE703714:LeaderElection17: begin an election at term 3 for -1: [2657734f-6a71-4b27-b9ea-baa03e97c1c3:192.168.36.85:36700, 4b6d0314-6f83-4f2a-b37f-5169ffd221d4:192.168.36.85:44123, b97a343a-dda1-4b47-81df-1468ac752697:192.168.36.85:41515], old=null
2019-08-22 09:18:50,610 [4b6d0314-6f83-4f2a-b37f-5169ffd221d4:group-CE15BE703714:LeaderElection16] INFO  impl.LeaderElection (LeaderElection.java:logAndReturn(56)) - 4b6d0314-6f83-4f2a-b37f-5169ffd221d4:group-CE15BE703714:LeaderElection16: Election PASSED; received 1 response(s) [4b6d0314-6f83-4f2a-b37f-5169ffd221d4<-2657734f-6a71-4b27-b9ea-baa03e97c1c3#0:OK-t3] and 0 exception(s); 4b6d0314-6f83-4f2a-b37f-5169ffd221d4:t3, leader=null, voted=4b6d0314-6f83-4f2a-b37f-5169ffd221d4, raftlog=4b6d0314-6f83-4f2a-b37f-5169ffd221d4-SegmentedRaftLog:OPENED:c-1,f-1,i0, conf=-1: [2657734f-6a71-4b27-b9ea-baa03e97c1c3:192.168.36.85:36700, 4b6d0314-6f83-4f2a-b37f-5169ffd221d4:192.168.36.85:44123, b97a343a-dda1-4b47-81df-1468ac752697:192.168.36.85:41515], old=null
2019-08-22 09:18:50,610 [4b6d0314-6f83-4f2a-b37f-5169ffd221d4:group-CE15BE703714:LeaderElection16] INFO  impl.RoleInfo (RoleInfo.java:shutdownLeaderElection(134)) - 4b6d0314-6f83-4f2a-b37f-5169ffd221d4: shutdown LeaderElection
2019-08-22 09:18:50,615 [4b6d0314-6f83-4f2a-b37f-5169ffd221d4:group-CE15BE703714:LeaderElection16] INFO  impl.RaftServerImpl (RaftServerImpl.java:setRole(171)) - 4b6d0314-6f83-4f2a-b37f-5169ffd221d4:group-CE15BE703714 changes role from CANDIDATE to LEADER at term 3 for changeToLeader
2019-08-22 09:18:50,615 [4b6d0314-6f83-4f2a-b37f-5169ffd221d4:group-CE15BE703714:LeaderElection16] INFO  impl.RaftServerImpl (ServerState.java:setLeader(263)) - 4b6d0314-6f83-4f2a-b37f-5169ffd221d4:group-CE15BE703714 change Leader from null to 4b6d0314-6f83-4f2a-b37f-5169ffd221d4 at term 3 for becomeLeader, leader elected after 18350ms
2019-08-22 09:18:50,616 [4b6d0314-6f83-4f2a-b37f-5169ffd221d4:group-CE15BE703714:LeaderElection16] INFO  server.RaftServerConfigKeys (ConfUtils.java:logGet(43)) - raft.server.staging.catchup.gap = 1000 (default)
2019-08-22 09:18:50,616 [4b6d0314-6f83-4f2a-b37f-5169ffd221d4:group-CE15BE703714:LeaderElection16] INFO  server.RaftServerConfigKeys (ConfUtils.java:logGet(43)) - raft.server.rpc.sleep.time = 25ms (default)
2019-08-22 09:18:50,616 [4b6d0314-6f83-4f2a-b37f-5169ffd221d4:group-CE15BE703714:LeaderElection16] INFO  server.RaftServerConfigKeys (ConfUtils.java:logGet(43)) - raft.server.write.element-limit = 4096 (default)
2019-08-22 09:18:50,617 [4b6d0314-6f83-4f2a-b37f-5169ffd221d4:group-CE15BE703714:LeaderElection16] INFO  server.RaftServerConfigKeys (ConfUtils.java:logGet(43)) - raft.server.watch.timeout = 10s (default)
2019-08-22 09:18:50,617 [4b6d0314-6f83-4f2a-b37f-5169ffd221d4:group-CE15BE703714:LeaderElection16] INFO  server.RaftServerConfigKeys (ConfUtils.java:logGet(43)) - raft.server.watch.timeout.denomination = 1s (default)
2019-08-22 09:18:50,617 [4b6d0314-6f83-4f2a-b37f-5169ffd221d4:group-CE15BE703714:LeaderElection16] INFO  server.RaftServerConfigKeys (ConfUtils.java:logGet(43)) - raft.server.watch.element-limit = 65536 (default)
2019-08-22 09:18:50,617 [4b6d0314-6f83-4f2a-b37f-5169ffd221d4:group-CE15BE703714:LeaderElection16] INFO  server.RaftServerConfigKeys (ConfUtils.java:logGet(43)) - raft.server.log.appender.snapshot.chunk.size.max = 16MB (=16777216) (default)
2019-08-22 09:18:50,618 [4b6d0314-6f83-4f2a-b37f-5169ffd221d4:group-CE15BE703714:LeaderElection16] INFO  server.RaftServerConfigKeys (ConfUtils.java:logGet(43)) - raft.server.log.appender.buffer.byte-limit = 33554432 (custom)
2019-08-22 09:18:50,618 [4b6d0314-6f83-4f2a-b37f-5169ffd221d4:group-CE15BE703714:LeaderElection16] INFO  server.RaftServerConfigKeys (ConfUtils.java:logGet(43)) - raft.server.log.appender.buffer.element-limit = 1 (custom)
2019-08-22 09:18:50,618 [4b6d0314-6f83-4f2a-b37f-5169ffd221d4:group-CE15BE703714:LeaderElection16] INFO  grpc.GrpcConfigKeys$Server (ConfUtils.java:logGet(43)) - raft.grpc.server.leader.outstanding.appends.max = 128 (default)
2019-08-22 09:18:50,619 [4b6d0314-6f83-4f2a-b37f-5169ffd221d4:group-CE15BE703714:LeaderElection16] INFO  server.RaftServerConfigKeys (ConfUtils.java:logGet(43)) - raft.server.rpc.request.timeout = 3000ms (default)
2019-08-22 09:18:50,619 [4b6d0314-6f83-4f2a-b37f-5169ffd221d4:group-CE15BE703714:LeaderElection16] INFO  server.RaftServerConfigKeys (ConfUtils.java:logGet(43)) - raft.server.log.appender.install.snapshot.enabled = false (custom)
2019-08-22 09:18:50,619 [4b6d0314-6f83-4f2a-b37f-5169ffd221d4:group-CE15BE703714:LeaderElection16] INFO  server.RaftServerConfigKeys (ConfUtils.java:logGet(43)) - raft.server.log.appender.snapshot.chunk.size.max = 16MB (=16777216) (default)
2019-08-22 09:18:50,619 [4b6d0314-6f83-4f2a-b37f-5169ffd221d4:group-CE15BE703714:LeaderElection16] INFO  server.RaftServerConfigKeys (ConfUtils.java:logGet(43)) - raft.server.log.appender.buffer.byte-limit = 33554432 (custom)
2019-08-22 09:18:50,620 [4b6d0314-6f83-4f2a-b37f-5169ffd221d4:group-CE15BE703714:LeaderElection16] INFO  server.RaftServerConfigKeys (ConfUtils.java:logGet(43)) - raft.server.log.appender.buffer.element-limit = 1 (custom)
2019-08-22 09:18:50,620 [4b6d0314-6f83-4f2a-b37f-5169ffd221d4:group-CE15BE703714:LeaderElection16] INFO  grpc.GrpcConfigKeys$Server (ConfUtils.java:logGet(43)) - raft.grpc.server.leader.outstanding.appends.max = 128 (default)
2019-08-22 09:18:50,620 [4b6d0314-6f83-4f2a-b37f-5169ffd221d4:group-CE15BE703714:LeaderElection16] INFO  server.RaftServerConfigKeys (ConfUtils.java:logGet(43)) - raft.server.rpc.request.timeout = 3000ms (default)
2019-08-22 09:18:50,620 [4b6d0314-6f83-4f2a-b37f-5169ffd221d4:group-CE15BE703714:LeaderElection16] INFO  server.RaftServerConfigKeys (ConfUtils.java:logGet(43)) - raft.server.log.appender.install.snapshot.enabled = false (custom)
2019-08-22 09:18:50,620 [4b6d0314-6f83-4f2a-b37f-5169ffd221d4:group-CE15BE703714:LeaderElection16] INFO  impl.RoleInfo (RoleInfo.java:updateAndGet(143)) - 4b6d0314-6f83-4f2a-b37f-5169ffd221d4: start LeaderState
2019-08-22 09:18:50,621 [4b6d0314-6f83-4f2a-b37f-5169ffd221d4:group-CE15BE703714:LeaderElection16] INFO  segmented.SegmentedRaftLogWorker (SegmentedRaftLogWorker.java:startLogSegment(380)) - 4b6d0314-6f83-4f2a-b37f-5169ffd221d4-SegmentedRaftLogWorker:Storage Directory /workdir/hadoop-ozone/integration-test/target/test-dir/MiniOzoneClusterImpl-cf4d0e4d-ce27-4b81-b116-ed410f7e9b07/datanode-4/data/ratis/8334ae7b-6a16-4957-860f-ce15be703714: Starting segment from index:0
2019-08-22 09:18:50,622 [4b6d0314-6f83-4f2a-b37f-5169ffd221d4:group-CE15BE703714:LeaderElection16] INFO  impl.RaftServerImpl (ServerState.java:setRaftConf(361)) - 4b6d0314-6f83-4f2a-b37f-5169ffd221d4:group-CE15BE703714 set configuration 0: [2657734f-6a71-4b27-b9ea-baa03e97c1c3:192.168.36.85:36700, 4b6d0314-6f83-4f2a-b37f-5169ffd221d4:192.168.36.85:44123, b97a343a-dda1-4b47-81df-1468ac752697:192.168.36.85:41515], old=null at 0
2019-08-22 09:18:50,663 [grpc-default-executor-2] INFO  impl.RaftServerImpl (RaftServerImpl.java:requestVote(754)) - 4b6d0314-6f83-4f2a-b37f-5169ffd221d4-LEADER: Withhold vote from candidate b97a343a-dda1-4b47-81df-1468ac752697 with term 3. State: leader=4b6d0314-6f83-4f2a-b37f-5169ffd221d4, term=3, lastRpcElapsed=null
2019-08-22 09:18:50,665 [b97a343a-dda1-4b47-81df-1468ac752697:group-CE15BE703714:LeaderElection17] INFO  impl.LeaderElection (LeaderElection.java:logAndReturn(56)) - b97a343a-dda1-4b47-81df-1468ac752697:group-CE15BE703714:LeaderElection17: Election REJECTED; received 2 response(s) [b97a343a-dda1-4b47-81df-1468ac752697<-2657734f-6a71-4b27-b9ea-baa03e97c1c3#0:FAIL-t3, b97a343a-dda1-4b47-81df-1468ac752697<-4b6d0314-6f83-4f2a-b37f-5169ffd221d4#0:FAIL-t3] and 0 exception(s); b97a343a-dda1-4b47-81df-1468ac752697:t3, leader=null, voted=b97a343a-dda1-4b47-81df-1468ac752697, raftlog=b97a343a-dda1-4b47-81df-1468ac752697-SegmentedRaftLog:OPENED:c-1,f-1,i0, conf=-1: [2657734f-6a71-4b27-b9ea-baa03e97c1c3:192.168.36.85:36700, 4b6d0314-6f83-4f2a-b37f-5169ffd221d4:192.168.36.85:44123, b97a343a-dda1-4b47-81df-1468ac752697:192.168.36.85:41515], old=null
2019-08-22 09:18:50,665 [grpc-default-executor-2] INFO  impl.RaftServerImpl (RaftServerImpl.java:setRole(171)) - b97a343a-dda1-4b47-81df-1468ac752697:group-CE15BE703714 changes role from CANDIDATE to FOLLOWER at term 3 for appendEntries
2019-08-22 09:18:50,668 [grpc-default-executor-0] INFO  impl.RaftServerImpl (ServerState.java:setLeader(263)) - 2657734f-6a71-4b27-b9ea-baa03e97c1c3:group-CE15BE703714 change Leader from null to 4b6d0314-6f83-4f2a-b37f-5169ffd221d4 at term 3 for appendEntries, leader elected after 18402ms
2019-08-22 09:18:50,668 [grpc-default-executor-2] INFO  impl.RoleInfo (RoleInfo.java:shutdownLeaderElection(134)) - b97a343a-dda1-4b47-81df-1468ac752697: shutdown LeaderElection
2019-08-22 09:18:50,669 [grpc-default-executor-2] INFO  impl.RoleInfo (RoleInfo.java:updateAndGet(143)) - b97a343a-dda1-4b47-81df-1468ac752697: start FollowerState
2019-08-22 09:18:50,669 [grpc-default-executor-2] INFO  impl.RaftServerImpl (ServerState.java:setLeader(263)) - b97a343a-dda1-4b47-81df-1468ac752697:group-CE15BE703714 change Leader from null to 4b6d0314-6f83-4f2a-b37f-5169ffd221d4 at term 3 for appendEntries, leader elected after 18404ms
2019-08-22 09:18:50,675 [grpc-default-executor-2] INFO  impl.RaftServerImpl (ServerState.java:setRaftConf(361)) - 2657734f-6a71-4b27-b9ea-baa03e97c1c3:group-CE15BE703714 set configuration 0: [2657734f-6a71-4b27-b9ea-baa03e97c1c3:192.168.36.85:36700, 4b6d0314-6f83-4f2a-b37f-5169ffd221d4:192.168.36.85:44123, b97a343a-dda1-4b47-81df-1468ac752697:192.168.36.85:41515], old=null at 0
2019-08-22 09:18:50,675 [grpc-default-executor-2] INFO  segmented.SegmentedRaftLogWorker (SegmentedRaftLogWorker.java:startLogSegment(380)) - 2657734f-6a71-4b27-b9ea-baa03e97c1c3-SegmentedRaftLogWorker:Storage Directory /workdir/hadoop-ozone/integration-test/target/test-dir/MiniOzoneClusterImpl-cf4d0e4d-ce27-4b81-b116-ed410f7e9b07/datanode-5/data/ratis/8334ae7b-6a16-4957-860f-ce15be703714: Starting segment from index:0
2019-08-22 09:18:50,676 [grpc-default-executor-2] INFO  impl.RaftServerImpl (ServerState.java:setRaftConf(361)) - b97a343a-dda1-4b47-81df-1468ac752697:group-CE15BE703714 set configuration 0: [2657734f-6a71-4b27-b9ea-baa03e97c1c3:192.168.36.85:36700, 4b6d0314-6f83-4f2a-b37f-5169ffd221d4:192.168.36.85:44123, b97a343a-dda1-4b47-81df-1468ac752697:192.168.36.85:41515], old=null at 0
2019-08-22 09:18:50,676 [grpc-default-executor-2] INFO  segmented.SegmentedRaftLogWorker (SegmentedRaftLogWorker.java:startLogSegment(380)) - b97a343a-dda1-4b47-81df-1468ac752697-SegmentedRaftLogWorker:Storage Directory /workdir/hadoop-ozone/integration-test/target/test-dir/MiniOzoneClusterImpl-cf4d0e4d-ce27-4b81-b116-ed410f7e9b07/datanode-6/data/ratis/8334ae7b-6a16-4957-860f-ce15be703714: Starting segment from index:0
2019-08-22 09:18:50,685 [4b6d0314-6f83-4f2a-b37f-5169ffd221d4-SegmentedRaftLogWorker:Storage Directory /workdir/hadoop-ozone/integration-test/target/test-dir/MiniOzoneClusterImpl-cf4d0e4d-ce27-4b81-b116-ed410f7e9b07/datanode-4/data/ratis/8334ae7b-6a16-4957-860f-ce15be703714] INFO  segmented.SegmentedRaftLogWorker (SegmentedRaftLogWorker.java:execute(569)) - 4b6d0314-6f83-4f2a-b37f-5169ffd221d4-SegmentedRaftLogWorker:Storage Directory /workdir/hadoop-ozone/integration-test/target/test-dir/MiniOzoneClusterImpl-cf4d0e4d-ce27-4b81-b116-ed410f7e9b07/datanode-4/data/ratis/8334ae7b-6a16-4957-860f-ce15be703714: created new log segment /workdir/hadoop-ozone/integration-test/target/test-dir/MiniOzoneClusterImpl-cf4d0e4d-ce27-4b81-b116-ed410f7e9b07/datanode-4/data/ratis/8334ae7b-6a16-4957-860f-ce15be703714/current/log_inprogress_0
2019-08-22 09:18:50,736 [2657734f-6a71-4b27-b9ea-baa03e97c1c3-SegmentedRaftLogWorker:Storage Directory /workdir/hadoop-ozone/integration-test/target/test-dir/MiniOzoneClusterImpl-cf4d0e4d-ce27-4b81-b116-ed410f7e9b07/datanode-5/data/ratis/8334ae7b-6a16-4957-860f-ce15be703714] INFO  segmented.SegmentedRaftLogWorker (SegmentedRaftLogWorker.java:execute(569)) - 2657734f-6a71-4b27-b9ea-baa03e97c1c3-SegmentedRaftLogWorker:Storage Directory /workdir/hadoop-ozone/integration-test/target/test-dir/MiniOzoneClusterImpl-cf4d0e4d-ce27-4b81-b116-ed410f7e9b07/datanode-5/data/ratis/8334ae7b-6a16-4957-860f-ce15be703714: created new log segment /workdir/hadoop-ozone/integration-test/target/test-dir/MiniOzoneClusterImpl-cf4d0e4d-ce27-4b81-b116-ed410f7e9b07/datanode-5/data/ratis/8334ae7b-6a16-4957-860f-ce15be703714/current/log_inprogress_0
2019-08-22 09:18:50,736 [b97a343a-dda1-4b47-81df-1468ac752697-SegmentedRaftLogWorker:Storage Directory /workdir/hadoop-ozone/integration-test/target/test-dir/MiniOzoneClusterImpl-cf4d0e4d-ce27-4b81-b116-ed410f7e9b07/datanode-6/data/ratis/8334ae7b-6a16-4957-860f-ce15be703714] INFO  segmented.SegmentedRaftLogWorker (SegmentedRaftLogWorker.java:execute(569)) - b97a343a-dda1-4b47-81df-1468ac752697-SegmentedRaftLogWorker:Storage Directory /workdir/hadoop-ozone/integration-test/target/test-dir/MiniOzoneClusterImpl-cf4d0e4d-ce27-4b81-b116-ed410f7e9b07/datanode-6/data/ratis/8334ae7b-6a16-4957-860f-ce15be703714: created new log segment /workdir/hadoop-ozone/integration-test/target/test-dir/MiniOzoneClusterImpl-cf4d0e4d-ce27-4b81-b116-ed410f7e9b07/datanode-6/data/ratis/8334ae7b-6a16-4957-860f-ce15be703714/current/log_inprogress_0
2019-08-22 09:18:50,782 | INFO  | SCMAudit | user=jenkins1000 | ip=192.168.36.85 | op=SEND_HEARTBEAT {datanodeUUID=b97a343a-dda1-4b47-81df-1468ac752697, command=[]} | ret=SUCCESS |  
2019-08-22 09:18:50,974 [grpc-default-executor-0] INFO  client.GrpcClientProtocolClient (GrpcClientProtocolClient.java:onNext(255)) - client-94AA44AA0228->2657734f-6a71-4b27-b9ea-baa03e97c1c3: receive RaftClientReply:client-94AA44AA0228->2657734f-6a71-4b27-b9ea-baa03e97c1c3@group-CE15BE703714, cid=23, FAILED org.apache.ratis.protocol.NotLeaderException: Server 2657734f-6a71-4b27-b9ea-baa03e97c1c3 is not the leader (4b6d0314-6f83-4f2a-b37f-5169ffd221d4:192.168.36.85:44123). Request must be sent to leader., logIndex=0, commits[2657734f-6a71-4b27-b9ea-baa03e97c1c3:c-1, 4b6d0314-6f83-4f2a-b37f-5169ffd221d4:c-1, b97a343a-dda1-4b47-81df-1468ac752697:c-1]
2019-08-22 09:18:51,132 | INFO  | SCMAudit | user=jenkins1000 | ip=192.168.36.85 | op=SEND_HEARTBEAT {datanodeUUID=ba917a70-9edc-40fd-8c87-6f988a09c858, command=[]} | ret=SUCCESS |  
2019-08-22 09:18:51,160 | INFO  | SCMAudit | user=jenkins1000 | ip=192.168.36.85 | op=SEND_HEARTBEAT {datanodeUUID=12a3f542-eaa3-41f8-9242-653e2388110a, command=[]} | ret=SUCCESS |  
2019-08-22 09:18:51,199 | INFO  | DNAudit | user=null | ip=null | op=WRITE_CHUNK {blockData=conID: 2 locID: 102659884363153410 bcsId: 0} | ret=SUCCESS |  
2019-08-22 09:18:51,198 | INFO  | DNAudit | user=null | ip=null | op=WRITE_CHUNK {blockData=conID: 2 locID: 102659884363153410 bcsId: 0} | ret=SUCCESS |  
2019-08-22 09:18:51,196 | INFO  | DNAudit | user=null | ip=null | op=WRITE_CHUNK {blockData=conID: 2 locID: 102659884363153410 bcsId: 0} | ret=SUCCESS |  
2019-08-22 09:18:51,199 | INFO  | SCMAudit | user=jenkins1000 | ip=192.168.36.85 | op=SEND_HEARTBEAT {datanodeUUID=4b6d0314-6f83-4f2a-b37f-5169ffd221d4, command=[]} | ret=SUCCESS |  
2019-08-22 09:18:51,199 | INFO  | SCMAudit | user=jenkins1000 | ip=192.168.36.85 | op=SEND_HEARTBEAT {datanodeUUID=2657734f-6a71-4b27-b9ea-baa03e97c1c3, command=[]} | ret=SUCCESS |  
2019-08-22 09:18:51,199 | INFO  | SCMAudit | user=jenkins1000 | ip=192.168.36.85 | op=SEND_HEARTBEAT {datanodeUUID=b97a343a-dda1-4b47-81df-1468ac752697, command=[]} | ret=SUCCESS |  
2019-08-22 09:18:51,200 | INFO  | SCMAudit | user=jenkins1000 | ip=192.168.36.85 | op=SEND_HEARTBEAT {datanodeUUID=2e502478-34c1-4a4b-9702-a9321f11dbb4, command=[]} | ret=SUCCESS |  
2019-08-22 09:18:51,200 | INFO  | SCMAudit | user=jenkins1000 | ip=192.168.36.85 | op=SEND_HEARTBEAT {datanodeUUID=70168daa-7dae-4fec-be11-36b8f7c0b13e, command=[]} | ret=SUCCESS |  
2019-08-22 09:18:51,215 | INFO  | DNAudit | user=null | ip=null | op=WRITE_CHUNK {blockData=conID: 2 locID: 102659884363153410 bcsId: 0} | ret=SUCCESS |  
2019-08-22 09:18:51,226 [grpc-default-executor-2] INFO  client.GrpcClientProtocolClient (GrpcClientProtocolClient.java:onNext(255)) - client-94AA44AA0228->4b6d0314-6f83-4f2a-b37f-5169ffd221d4: receive RaftClientReply:client-94AA44AA0228->4b6d0314-6f83-4f2a-b37f-5169ffd221d4@group-CE15BE703714, cid=23, SUCCESS, logIndex=1, commits[4b6d0314-6f83-4f2a-b37f-5169ffd221d4:c1, 2657734f-6a71-4b27-b9ea-baa03e97c1c3:c0, b97a343a-dda1-4b47-81df-1468ac752697:c0]
2019-08-22 09:18:51,247 | INFO  | DNAudit | user=null | ip=null | op=WRITE_CHUNK {blockData=conID: 2 locID: 102659884363153410 bcsId: 0} | ret=SUCCESS |  
2019-08-22 09:18:51,247 | INFO  | DNAudit | user=null | ip=null | op=WRITE_CHUNK {blockData=conID: 2 locID: 102659884363153410 bcsId: 0} | ret=SUCCESS |  
2019-08-22 09:18:51,340 | INFO  | DNAudit | user=null | ip=null | op=PUT_BLOCK {blockData=[blockId=conID: 2 locID: 102659884363153410 bcsId: 0,size=50]} | ret=SUCCESS |  
2019-08-22 09:18:51,354 [grpc-default-executor-1] INFO  client.GrpcClientProtocolClient (GrpcClientProtocolClient.java:onNext(255)) - client-94AA44AA0228->4b6d0314-6f83-4f2a-b37f-5169ffd221d4: receive RaftClientReply:client-94AA44AA0228->4b6d0314-6f83-4f2a-b37f-5169ffd221d4@group-CE15BE703714, cid=24, SUCCESS, logIndex=3, commits[4b6d0314-6f83-4f2a-b37f-5169ffd221d4:c4, 2657734f-6a71-4b27-b9ea-baa03e97c1c3:c3, b97a343a-dda1-4b47-81df-1468ac752697:c3]
2019-08-22 09:18:51,356 [main] INFO  ozone.MiniOzoneClusterImpl (MiniOzoneClusterImpl.java:shutdown(321)) - Shutting down the Mini Ozone Cluster
2019-08-22 09:18:51,357 | INFO  | SCMAudit | user=null | ip=null | op=GET_SCM_INFO null | ret=SUCCESS |  
2019-08-22 09:18:51,357 [main] INFO  ozone.MiniOzoneClusterImpl (MiniOzoneClusterImpl.java:stop(336)) - Stopping the Mini Ozone Cluster
2019-08-22 09:18:51,357 [main] INFO  ozone.MiniOzoneClusterImpl (MiniOzoneClusterImpl.java:stop(338)) - Stopping the OzoneManager
2019-08-22 09:18:51,357 [main] INFO  ipc.Server (Server.java:stop(3082)) - Stopping server on 36369
2019-08-22 09:18:51,361 [IPC Server listener on 36369] INFO  ipc.Server (Server.java:run(1185)) - Stopping IPC Server listener on 36369
2019-08-22 09:18:51,364 [main] INFO  ratis.OzoneManagerDoubleBuffer (OzoneManagerDoubleBuffer.java:stop(248)) - Stopping OMDoubleBuffer flush thread
2019-08-22 09:18:51,369 [IPC Server Responder] INFO  ipc.Server (Server.java:run(1319)) - Stopping IPC Server Responder
2019-08-22 09:18:51,387 [OMDoubleBufferFlushThread] INFO  ratis.OzoneManagerDoubleBuffer (OzoneManagerDoubleBuffer.java:flushTransactions(191)) - OMDoubleBuffer flush thread OMDoubleBufferFlushThread is interrupted and will exit. OMDoubleBufferFlushThread
2019-08-22 09:18:51,394 [main] INFO  utils.BackgroundService (BackgroundService.java:shutdown(148)) - Shutting down service KeyDeletingService
2019-08-22 09:18:51,400 [main] INFO  handler.ContextHandler (ContextHandler.java:doStop(910)) - Stopped o.e.j.w.WebAppContext@432034a{/,null,UNAVAILABLE}{/ozoneManager}
2019-08-22 09:18:51,406 [main] INFO  server.AbstractConnector (AbstractConnector.java:doStop(318)) - Stopped ServerConnector@78de58ea{HTTP/1.1,[http/1.1]}{0.0.0.0:0}
2019-08-22 09:18:51,407 [main] INFO  handler.ContextHandler (ContextHandler.java:doStop(910)) - Stopped o.e.j.s.ServletContextHandler@7fab4be7{/static,file:///workdir/hadoop-ozone/integration-test/target/test-classes/webapps/static,UNAVAILABLE}
2019-08-22 09:18:51,407 [main] INFO  handler.ContextHandler (ContextHandler.java:doStop(910)) - Stopped o.e.j.s.ServletContextHandler@15fa55a6{/logs,file:///workdir/hadoop-ozone/integration-test/target/log,UNAVAILABLE}
2019-08-22 09:18:51,408 | INFO  | DNAudit | user=null | ip=null | op=PUT_BLOCK {blockData=[blockId=conID: 2 locID: 102659884363153410 bcsId: 0,size=50]} | ret=SUCCESS |  
2019-08-22 09:18:51,412 [main] INFO  ozone.MiniOzoneClusterImpl (MiniOzoneClusterImpl.java:stop(344)) - Shutting the HddsDatanodes
2019-08-22 09:18:51,413 [main] INFO  datanode.ObjectStoreHandler (ObjectStoreHandler.java:close(155)) - Closing ObjectStoreHandler.
2019-08-22 09:18:51,413 [ForkJoinPool.commonPool-worker-0] INFO  datanode.ObjectStoreHandler (ObjectStoreHandler.java:close(155)) - Closing ObjectStoreHandler.
2019-08-22 09:18:51,416 [main] INFO  ozone.HddsDatanodeService (HddsDatanodeService.java:stop(451)) - Stopped plug-in org.apache.hadoop.ozone.web.OzoneHddsDatanodeService@8f2e3e6
2019-08-22 09:18:51,416 [ForkJoinPool.commonPool-worker-0] INFO  ozone.HddsDatanodeService (HddsDatanodeService.java:stop(451)) - Stopped plug-in org.apache.hadoop.ozone.web.OzoneHddsDatanodeService@361cd35c
2019-08-22 09:18:51,507 | INFO  | DNAudit | user=null | ip=null | op=PUT_BLOCK {blockData=[blockId=conID: 2 locID: 102659884363153410 bcsId: 0,size=50]} | ret=SUCCESS |  
2019-08-22 09:18:52,131 | INFO  | SCMAudit | user=jenkins1000 | ip=192.168.36.85 | op=SEND_HEARTBEAT {datanodeUUID=ba917a70-9edc-40fd-8c87-6f988a09c858, command=[]} | ret=SUCCESS |  
2019-08-22 09:18:52,160 | INFO  | SCMAudit | user=jenkins1000 | ip=192.168.36.85 | op=SEND_HEARTBEAT {datanodeUUID=12a3f542-eaa3-41f8-9242-653e2388110a, command=[]} | ret=SUCCESS |  
2019-08-22 09:18:52,193 [Datanode State Machine Thread - 0] INFO  statemachine.DatanodeStateMachine (DatanodeStateMachine.java:lambda$startDaemon$0(350)) - Ozone container server started.
2019-08-22 09:18:52,194 | INFO  | SCMAudit | user=jenkins1000 | ip=192.168.36.85 | op=SEND_HEARTBEAT {datanodeUUID=b97a343a-dda1-4b47-81df-1468ac752697, command=[]} | ret=SUCCESS |  
2019-08-22 09:18:52,194 | INFO  | SCMAudit | user=jenkins1000 | ip=192.168.36.85 | op=SEND_HEARTBEAT {datanodeUUID=2657734f-6a71-4b27-b9ea-baa03e97c1c3, command=[]} | ret=SUCCESS |  
2019-08-22 09:18:52,196 | INFO  | SCMAudit | user=jenkins1000 | ip=192.168.36.85 | op=SEND_HEARTBEAT {datanodeUUID=2e502478-34c1-4a4b-9702-a9321f11dbb4, command=[]} | ret=SUCCESS |  
2019-08-22 09:18:52,199 [Datanode State Machine Thread - 0] INFO  statemachine.DatanodeStateMachine (DatanodeStateMachine.java:lambda$startDaemon$0(350)) - Ozone container server started.
2019-08-22 09:18:53,131 | INFO  | SCMAudit | user=jenkins1000 | ip=192.168.36.85 | op=SEND_HEARTBEAT {datanodeUUID=ba917a70-9edc-40fd-8c87-6f988a09c858, command=[]} | ret=SUCCESS |  
2019-08-22 09:18:53,160 | INFO  | SCMAudit | user=jenkins1000 | ip=192.168.36.85 | op=SEND_HEARTBEAT {datanodeUUID=12a3f542-eaa3-41f8-9242-653e2388110a, command=[]} | ret=SUCCESS |  
2019-08-22 09:18:53,194 | INFO  | SCMAudit | user=jenkins1000 | ip=192.168.36.85 | op=SEND_HEARTBEAT {datanodeUUID=2657734f-6a71-4b27-b9ea-baa03e97c1c3, command=[]} | ret=SUCCESS |  
2019-08-22 09:18:53,194 | INFO  | SCMAudit | user=jenkins1000 | ip=192.168.36.85 | op=SEND_HEARTBEAT {datanodeUUID=b97a343a-dda1-4b47-81df-1468ac752697, command=[]} | ret=SUCCESS |  
2019-08-22 09:18:53,197 | INFO  | SCMAudit | user=jenkins1000 | ip=192.168.36.85 | op=SEND_HEARTBEAT {datanodeUUID=2e502478-34c1-4a4b-9702-a9321f11dbb4, command=[]} | ret=SUCCESS |  
2019-08-22 09:18:54,132 | INFO  | SCMAudit | user=jenkins1000 | ip=192.168.36.85 | op=SEND_HEARTBEAT {datanodeUUID=ba917a70-9edc-40fd-8c87-6f988a09c858, command=[]} | ret=SUCCESS |  
2019-08-22 09:18:54,160 | INFO  | SCMAudit | user=jenkins1000 | ip=192.168.36.85 | op=SEND_HEARTBEAT {datanodeUUID=12a3f542-eaa3-41f8-9242-653e2388110a, command=[]} | ret=SUCCESS |  
2019-08-22 09:18:54,194 | INFO  | SCMAudit | user=jenkins1000 | ip=192.168.36.85 | op=SEND_HEARTBEAT {datanodeUUID=b97a343a-dda1-4b47-81df-1468ac752697, command=[]} | ret=SUCCESS |  
2019-08-22 09:18:54,194 | INFO  | SCMAudit | user=jenkins1000 | ip=192.168.36.85 | op=SEND_HEARTBEAT {datanodeUUID=2657734f-6a71-4b27-b9ea-baa03e97c1c3, command=[]} | ret=SUCCESS |  
2019-08-22 09:18:54,196 | INFO  | SCMAudit | user=jenkins1000 | ip=192.168.36.85 | op=SEND_HEARTBEAT {datanodeUUID=2e502478-34c1-4a4b-9702-a9321f11dbb4, command=[]} | ret=SUCCESS |  
2019-08-22 09:18:55,131 | INFO  | SCMAudit | user=jenkins1000 | ip=192.168.36.85 | op=SEND_HEARTBEAT {datanodeUUID=ba917a70-9edc-40fd-8c87-6f988a09c858, command=[]} | ret=SUCCESS |  
2019-08-22 09:18:55,160 | INFO  | SCMAudit | user=jenkins1000 | ip=192.168.36.85 | op=SEND_HEARTBEAT {datanodeUUID=12a3f542-eaa3-41f8-9242-653e2388110a, command=[]} | ret=SUCCESS |  
2019-08-22 09:18:55,194 | INFO  | SCMAudit | user=jenkins1000 | ip=192.168.36.85 | op=SEND_HEARTBEAT {datanodeUUID=2657734f-6a71-4b27-b9ea-baa03e97c1c3, command=[]} | ret=SUCCESS |  
2019-08-22 09:18:55,194 | INFO  | SCMAudit | user=jenkins1000 | ip=192.168.36.85 | op=SEND_HEARTBEAT {datanodeUUID=b97a343a-dda1-4b47-81df-1468ac752697, command=[]} | ret=SUCCESS |  
2019-08-22 09:18:55,197 | INFO  | SCMAudit | user=jenkins1000 | ip=192.168.36.85 | op=SEND_HEARTBEAT {datanodeUUID=2e502478-34c1-4a4b-9702-a9321f11dbb4, command=[]} | ret=SUCCESS |  
2019-08-22 09:18:56,132 | INFO  | SCMAudit | user=jenkins1000 | ip=192.168.36.85 | op=SEND_HEARTBEAT {datanodeUUID=ba917a70-9edc-40fd-8c87-6f988a09c858, command=[]} | ret=SUCCESS |  
2019-08-22 09:18:56,160 | INFO  | SCMAudit | user=jenkins1000 | ip=192.168.36.85 | op=SEND_HEARTBEAT {datanodeUUID=12a3f542-eaa3-41f8-9242-653e2388110a, command=[]} | ret=SUCCESS |  
2019-08-22 09:18:56,194 | INFO  | SCMAudit | user=jenkins1000 | ip=192.168.36.85 | op=SEND_HEARTBEAT {datanodeUUID=b97a343a-dda1-4b47-81df-1468ac752697, command=[]} | ret=SUCCESS |  
2019-08-22 09:18:56,195 | INFO  | SCMAudit | user=jenkins1000 | ip=192.168.36.85 | op=SEND_HEARTBEAT {datanodeUUID=2657734f-6a71-4b27-b9ea-baa03e97c1c3, command=[]} | ret=SUCCESS |  
2019-08-22 09:18:56,197 | INFO  | SCMAudit | user=jenkins1000 | ip=192.168.36.85 | op=SEND_HEARTBEAT {datanodeUUID=2e502478-34c1-4a4b-9702-a9321f11dbb4, command=[]} | ret=SUCCESS |  
2019-08-22 09:18:56,216 [EventQueue-StaleNodeForStaleNodeHandler] INFO  node.StaleNodeHandler (StaleNodeHandler.java:onMessage(58)) - Datanode 4b6d0314-6f83-4f2a-b37f-5169ffd221d4{ip: 192.168.36.85, host: pr-hdds-1898-9jx57-4170240974, networkLocation: /default-rack, certSerialId: null} moved to stale state. Finalizing its pipelines [PipelineID=8334ae7b-6a16-4957-860f-ce15be703714, PipelineID=335e68b3-8868-45e2-aa62-ea01e9c0f49c]
2019-08-22 09:18:56,217 [EventQueue-StaleNodeForStaleNodeHandler] INFO  pipeline.SCMPipelineManager (SCMPipelineManager.java:finalizeAndDestroyPipeline(309)) - destroying pipeline:Pipeline[ Id: 8334ae7b-6a16-4957-860f-ce15be703714, Nodes: 4b6d0314-6f83-4f2a-b37f-5169ffd221d4{ip: 192.168.36.85, host: pr-hdds-1898-9jx57-4170240974, networkLocation: /default-rack, certSerialId: null}2657734f-6a71-4b27-b9ea-baa03e97c1c3{ip: 192.168.36.85, host: pr-hdds-1898-9jx57-4170240974, networkLocation: /default-rack, certSerialId: null}b97a343a-dda1-4b47-81df-1468ac752697{ip: 192.168.36.85, host: pr-hdds-1898-9jx57-4170240974, networkLocation: /default-rack, certSerialId: null}, Type:RATIS, Factor:THREE, State:OPEN]
2019-08-22 09:18:56,218 [EventQueue-StaleNodeForStaleNodeHandler] INFO  pipeline.PipelineStateManager (PipelineStateManager.java:finalizePipeline(123)) - Pipeline Pipeline[ Id: 8334ae7b-6a16-4957-860f-ce15be703714, Nodes: 4b6d0314-6f83-4f2a-b37f-5169ffd221d4{ip: 192.168.36.85, host: pr-hdds-1898-9jx57-4170240974, networkLocation: /default-rack, certSerialId: null}2657734f-6a71-4b27-b9ea-baa03e97c1c3{ip: 192.168.36.85, host: pr-hdds-1898-9jx57-4170240974, networkLocation: /default-rack, certSerialId: null}b97a343a-dda1-4b47-81df-1468ac752697{ip: 192.168.36.85, host: pr-hdds-1898-9jx57-4170240974, networkLocation: /default-rack, certSerialId: null}, Type:RATIS, Factor:THREE, State:CLOSED] moved to CLOSED state
2019-08-22 09:18:56,219 [EventQueue-CloseContainerForCloseContainerEventHandler] INFO  container.CloseContainerEventHandler (CloseContainerEventHandler.java:onMessage(61)) - Close container Event triggered for container : #2
2019-08-22 09:18:56,221 [EventQueue-StaleNodeForStaleNodeHandler] INFO  pipeline.SCMPipelineManager (SCMPipelineManager.java:finalizeAndDestroyPipeline(309)) - destroying pipeline:Pipeline[ Id: 335e68b3-8868-45e2-aa62-ea01e9c0f49c, Nodes: 4b6d0314-6f83-4f2a-b37f-5169ffd221d4{ip: 192.168.36.85, host: pr-hdds-1898-9jx57-4170240974, networkLocation: /default-rack, certSerialId: null}, Type:RATIS, Factor:ONE, State:OPEN]
2019-08-22 09:18:56,221 [EventQueue-StaleNodeForStaleNodeHandler] INFO  pipeline.PipelineStateManager (PipelineStateManager.java:finalizePipeline(123)) - Pipeline Pipeline[ Id: 335e68b3-8868-45e2-aa62-ea01e9c0f49c, Nodes: 4b6d0314-6f83-4f2a-b37f-5169ffd221d4{ip: 192.168.36.85, host: pr-hdds-1898-9jx57-4170240974, networkLocation: /default-rack, certSerialId: null}, Type:RATIS, Factor:ONE, State:CLOSED] moved to CLOSED state
2019-08-22 09:18:56,222 [EventQueue-StaleNodeForStaleNodeHandler] INFO  node.StaleNodeHandler (StaleNodeHandler.java:onMessage(58)) - Datanode 70168daa-7dae-4fec-be11-36b8f7c0b13e{ip: 192.168.36.85, host: pr-hdds-1898-9jx57-4170240974, networkLocation: /default-rack, certSerialId: null} moved to stale state. Finalizing its pipelines [PipelineID=bef158b0-f366-4a71-87ae-81c612701cee, PipelineID=2a907c44-29b3-4828-bb09-00599d447303]
2019-08-22 09:18:56,222 [EventQueue-StaleNodeForStaleNodeHandler] INFO  pipeline.SCMPipelineManager (SCMPipelineManager.java:finalizeAndDestroyPipeline(309)) - destroying pipeline:Pipeline[ Id: bef158b0-f366-4a71-87ae-81c612701cee, Nodes: 70168daa-7dae-4fec-be11-36b8f7c0b13e{ip: 192.168.36.85, host: pr-hdds-1898-9jx57-4170240974, networkLocation: /default-rack, certSerialId: null}, Type:RATIS, Factor:ONE, State:OPEN]
2019-08-22 09:18:56,222 [EventQueue-StaleNodeForStaleNodeHandler] INFO  pipeline.PipelineStateManager (PipelineStateManager.java:finalizePipeline(123)) - Pipeline Pipeline[ Id: bef158b0-f366-4a71-87ae-81c612701cee, Nodes: 70168daa-7dae-4fec-be11-36b8f7c0b13e{ip: 192.168.36.85, host: pr-hdds-1898-9jx57-4170240974, networkLocation: /default-rack, certSerialId: null}, Type:RATIS, Factor:ONE, State:CLOSED] moved to CLOSED state
2019-08-22 09:18:56,223 [EventQueue-StaleNodeForStaleNodeHandler] INFO  pipeline.SCMPipelineManager (SCMPipelineManager.java:finalizeAndDestroyPipeline(309)) - destroying pipeline:Pipeline[ Id: 2a907c44-29b3-4828-bb09-00599d447303, Nodes: 12a3f542-eaa3-41f8-9242-653e2388110a{ip: 192.168.36.85, host: pr-hdds-1898-9jx57-4170240974, networkLocation: /default-rack, certSerialId: null}2e502478-34c1-4a4b-9702-a9321f11dbb4{ip: 192.168.36.85, host: pr-hdds-1898-9jx57-4170240974, networkLocation: /default-rack, certSerialId: null}70168daa-7dae-4fec-be11-36b8f7c0b13e{ip: 192.168.36.85, host: pr-hdds-1898-9jx57-4170240974, networkLocation: /default-rack, certSerialId: null}, Type:RATIS, Factor:THREE, State:OPEN]
2019-08-22 09:18:56,223 [EventQueue-StaleNodeForStaleNodeHandler] INFO  pipeline.PipelineStateManager (PipelineStateManager.java:finalizePipeline(123)) - Pipeline Pipeline[ Id: 2a907c44-29b3-4828-bb09-00599d447303, Nodes: 12a3f542-eaa3-41f8-9242-653e2388110a{ip: 192.168.36.85, host: pr-hdds-1898-9jx57-4170240974, networkLocation: /default-rack, certSerialId: null}2e502478-34c1-4a4b-9702-a9321f11dbb4{ip: 192.168.36.85, host: pr-hdds-1898-9jx57-4170240974, networkLocation: /default-rack, certSerialId: null}70168daa-7dae-4fec-be11-36b8f7c0b13e{ip: 192.168.36.85, host: pr-hdds-1898-9jx57-4170240974, networkLocation: /default-rack, certSerialId: null}, Type:RATIS, Factor:THREE, State:CLOSED] moved to CLOSED state
2019-08-22 09:18:56,225 [EventQueue-CloseContainerForCloseContainerEventHandler] INFO  container.CloseContainerEventHandler (CloseContainerEventHandler.java:onMessage(61)) - Close container Event triggered for container : #1
2019-08-22 09:18:56,419 [ForkJoinPool.commonPool-worker-0] INFO  ozoneimpl.OzoneContainer (OzoneContainer.java:stop(199)) - Attempting to stop container services.
2019-08-22 09:18:56,419 [main] INFO  ozoneimpl.OzoneContainer (OzoneContainer.java:stop(199)) - Attempting to stop container services.
2019-08-22 09:18:56,420 [ForkJoinPool.commonPool-worker-0] INFO  impl.RaftServerProxy (RaftServerProxy.java:lambda$close$4(314)) - 70168daa-7dae-4fec-be11-36b8f7c0b13e: close
2019-08-22 09:18:56,420 [main] INFO  impl.RaftServerProxy (RaftServerProxy.java:lambda$close$4(314)) - 4b6d0314-6f83-4f2a-b37f-5169ffd221d4: close
2019-08-22 09:18:56,422 [ForkJoinPool.commonPool-worker-0] INFO  impl.RaftServerImpl (RaftServerImpl.java:lambda$shutdown$3(245)) - 70168daa-7dae-4fec-be11-36b8f7c0b13e: shutdown group-81C612701CEE
2019-08-22 09:18:56,422 [main] INFO  impl.RaftServerImpl (RaftServerImpl.java:lambda$shutdown$3(245)) - 4b6d0314-6f83-4f2a-b37f-5169ffd221d4: shutdown group-CE15BE703714
2019-08-22 09:18:56,422 [ForkJoinPool.commonPool-worker-0] INFO  util.JmxRegister (JmxRegister.java:unregister(73)) - Successfully un-registered JMX Bean with object name Ratis:service=RaftServer,group=group-81C612701CEE,id=70168daa-7dae-4fec-be11-36b8f7c0b13e
2019-08-22 09:18:56,422 [main] INFO  util.JmxRegister (JmxRegister.java:unregister(73)) - Successfully un-registered JMX Bean with object name Ratis:service=RaftServer,group=group-CE15BE703714,id=4b6d0314-6f83-4f2a-b37f-5169ffd221d4
2019-08-22 09:18:56,423 [main] INFO  impl.RoleInfo (RoleInfo.java:shutdownLeaderState(104)) - 4b6d0314-6f83-4f2a-b37f-5169ffd221d4: shutdown LeaderState
2019-08-22 09:18:56,423 [ForkJoinPool.commonPool-worker-0] INFO  impl.RoleInfo (RoleInfo.java:shutdownLeaderState(104)) - 70168daa-7dae-4fec-be11-36b8f7c0b13e: shutdown LeaderState
2019-08-22 09:18:56,429 [org.apache.ratis.server.impl.LogAppender$AppenderDaemon$$Lambda$520/880152856@79dd1de4] WARN  server.GrpcLogAppender (GrpcLogAppender.java:mayWait(143)) - GrpcLogAppender(4b6d0314-6f83-4f2a-b37f-5169ffd221d4->b97a343a-dda1-4b47-81df-1468ac752697): Wait interrupted by java.lang.InterruptedException
2019-08-22 09:18:56,429 [ForkJoinPool.commonPool-worker-0] INFO  impl.PendingRequests (PendingRequests.java:sendNotLeaderResponses(202)) - 70168daa-7dae-4fec-be11-36b8f7c0b13e-PendingRequests: sendNotLeaderResponses
2019-08-22 09:18:56,429 [main] INFO  impl.PendingRequests (PendingRequests.java:sendNotLeaderResponses(202)) - 4b6d0314-6f83-4f2a-b37f-5169ffd221d4-PendingRequests: sendNotLeaderResponses
2019-08-22 09:18:56,429 [org.apache.ratis.server.impl.LogAppender$AppenderDaemon$$Lambda$520/880152856@3cdf941b] WARN  server.GrpcLogAppender (GrpcLogAppender.java:mayWait(143)) - GrpcLogAppender(4b6d0314-6f83-4f2a-b37f-5169ffd221d4->2657734f-6a71-4b27-b9ea-baa03e97c1c3): Wait interrupted by java.lang.InterruptedException
2019-08-22 09:18:56,437 [grpc-default-executor-1] INFO  server.GrpcServerProtocolService (GrpcServerProtocolService.java:onCompleted(104)) - b97a343a-dda1-4b47-81df-1468ac752697: appendEntries completed
2019-08-22 09:18:56,437 [grpc-default-executor-2] INFO  server.GrpcServerProtocolService (GrpcServerProtocolService.java:onCompleted(104)) - 2657734f-6a71-4b27-b9ea-baa03e97c1c3: appendEntries completed
2019-08-22 09:18:56,440 [ForkJoinPool.commonPool-worker-0] INFO  impl.StateMachineUpdater (StateMachineUpdater.java:stopAndJoin(115)) - StateMachineUpdater:70168daa-7dae-4fec-be11-36b8f7c0b13e:group-81C612701CEE: set stopIndex = 0
2019-08-22 09:18:56,440 [ForkJoinPool.commonPool-worker-0] INFO  impl.RaftServerImpl (ServerState.java:close(394)) - 70168daa-7dae-4fec-be11-36b8f7c0b13e:group-81C612701CEE closes. The last applied log index is 0
2019-08-22 09:18:56,440 [grpc-default-executor-1] INFO  server.GrpcLogAppender (GrpcLogAppender.java:onCompleted(292)) - 4b6d0314-6f83-4f2a-b37f-5169ffd221d4->b97a343a-dda1-4b47-81df-1468ac752697: follower responses appendEntries COMPLETED
2019-08-22 09:18:56,440 [grpc-default-executor-2] INFO  server.GrpcLogAppender (GrpcLogAppender.java:onCompleted(292)) - 4b6d0314-6f83-4f2a-b37f-5169ffd221d4->2657734f-6a71-4b27-b9ea-baa03e97c1c3: follower responses appendEntries COMPLETED
2019-08-22 09:18:56,454 [grpc-default-executor-2] INFO  impl.FollowerInfo (FollowerInfo.java:lambda$new$0(50)) - 4b6d0314-6f83-4f2a-b37f-5169ffd221d4->2657734f-6a71-4b27-b9ea-baa03e97c1c3: nextIndex: updateUnconditionally 5 -> 4
2019-08-22 09:18:56,454 [grpc-default-executor-1] INFO  impl.FollowerInfo (FollowerInfo.java:lambda$new$0(50)) - 4b6d0314-6f83-4f2a-b37f-5169ffd221d4->b97a343a-dda1-4b47-81df-1468ac752697: nextIndex: updateUnconditionally 5 -> 4
2019-08-22 09:18:56,456 [main] INFO  impl.StateMachineUpdater (StateMachineUpdater.java:stopAndJoin(115)) - StateMachineUpdater:4b6d0314-6f83-4f2a-b37f-5169ffd221d4:group-CE15BE703714: set stopIndex = 4
2019-08-22 09:18:56,456 [70168daa-7dae-4fec-be11-36b8f7c0b13e-SegmentedRaftLogWorker:Storage Directory /workdir/hadoop-ozone/integration-test/target/test-dir/MiniOzoneClusterImpl-cf4d0e4d-ce27-4b81-b116-ed410f7e9b07/datanode-1/data/ratis/bef158b0-f366-4a71-87ae-81c612701cee] INFO  segmented.SegmentedRaftLogWorker (SegmentedRaftLogWorker.java:run(313)) - 70168daa-7dae-4fec-be11-36b8f7c0b13e-SegmentedRaftLogWorker:Storage Directory /workdir/hadoop-ozone/integration-test/target/test-dir/MiniOzoneClusterImpl-cf4d0e4d-ce27-4b81-b116-ed410f7e9b07/datanode-1/data/ratis/bef158b0-f366-4a71-87ae-81c612701cee was interrupted, exiting. There are 0 tasks remaining in the queue.
2019-08-22 09:18:56,458 [StateMachineUpdater:4b6d0314-6f83-4f2a-b37f-5169ffd221d4:group-CE15BE703714] INFO  ratis.ContainerStateMachine (ContainerStateMachine.java:takeSnapshot(283)) - group-CE15BE703714: Taking a snapshot at:(t:3, i:4) file /workdir/hadoop-ozone/integration-test/target/test-dir/MiniOzoneClusterImpl-cf4d0e4d-ce27-4b81-b116-ed410f7e9b07/datanode-4/data/ratis/8334ae7b-6a16-4957-860f-ce15be703714/sm/snapshot.3_4
2019-08-22 09:18:56,463 [ForkJoinPool.commonPool-worker-0] INFO  segmented.SegmentedRaftLogWorker (SegmentedRaftLogWorker.java:close(228)) - 70168daa-7dae-4fec-be11-36b8f7c0b13e-SegmentedRaftLogWorker:Storage Directory /workdir/hadoop-ozone/integration-test/target/test-dir/MiniOzoneClusterImpl-cf4d0e4d-ce27-4b81-b116-ed410f7e9b07/datanode-1/data/ratis/bef158b0-f366-4a71-87ae-81c612701cee close()
2019-08-22 09:18:56,467 [ForkJoinPool.commonPool-worker-0] INFO  impl.RaftServerImpl (RaftServerImpl.java:lambda$shutdown$3(245)) - 70168daa-7dae-4fec-be11-36b8f7c0b13e: shutdown group-00599D447303
2019-08-22 09:18:56,468 [ForkJoinPool.commonPool-worker-0] INFO  util.JmxRegister (JmxRegister.java:unregister(73)) - Successfully un-registered JMX Bean with object name Ratis:service=RaftServer,group=group-00599D447303,id=70168daa-7dae-4fec-be11-36b8f7c0b13e
2019-08-22 09:18:56,468 [ForkJoinPool.commonPool-worker-0] INFO  impl.RoleInfo (RoleInfo.java:shutdownFollowerState(121)) - 70168daa-7dae-4fec-be11-36b8f7c0b13e: shutdown FollowerState
2019-08-22 09:18:56,468 [ForkJoinPool.commonPool-worker-0] INFO  impl.StateMachineUpdater (StateMachineUpdater.java:stopAndJoin(115)) - StateMachineUpdater:70168daa-7dae-4fec-be11-36b8f7c0b13e:group-00599D447303: set stopIndex = 16
2019-08-22 09:18:56,468 [Thread-331] INFO  impl.FollowerState (FollowerState.java:run(114)) - 70168daa-7dae-4fec-be11-36b8f7c0b13e: FollowerState was interrupted: java.lang.InterruptedException: sleep interrupted
2019-08-22 09:18:56,468 [StateMachineUpdater:70168daa-7dae-4fec-be11-36b8f7c0b13e:group-00599D447303] INFO  ratis.ContainerStateMachine (ContainerStateMachine.java:takeSnapshot(283)) - group-00599D447303: Taking a snapshot at:(t:1, i:14) file /workdir/hadoop-ozone/integration-test/target/test-dir/MiniOzoneClusterImpl-cf4d0e4d-ce27-4b81-b116-ed410f7e9b07/datanode-1/data/ratis/2a907c44-29b3-4828-bb09-00599d447303/sm/snapshot.1_14
2019-08-22 09:18:56,502 [StateMachineUpdater:70168daa-7dae-4fec-be11-36b8f7c0b13e:group-00599D447303] INFO  ratis.ContainerStateMachine (ContainerStateMachine.java:takeSnapshot(294)) - group-00599D447303: Finished taking a snapshot at:(t:1, i:14) file:/workdir/hadoop-ozone/integration-test/target/test-dir/MiniOzoneClusterImpl-cf4d0e4d-ce27-4b81-b116-ed410f7e9b07/datanode-1/data/ratis/2a907c44-29b3-4828-bb09-00599d447303/sm/snapshot.1_14 time:34
2019-08-22 09:18:56,502 [StateMachineUpdater:4b6d0314-6f83-4f2a-b37f-5169ffd221d4:group-CE15BE703714] INFO  ratis.ContainerStateMachine (ContainerStateMachine.java:takeSnapshot(294)) - group-CE15BE703714: Finished taking a snapshot at:(t:3, i:4) file:/workdir/hadoop-ozone/integration-test/target/test-dir/MiniOzoneClusterImpl-cf4d0e4d-ce27-4b81-b116-ed410f7e9b07/datanode-4/data/ratis/8334ae7b-6a16-4957-860f-ce15be703714/sm/snapshot.3_4 time:44
2019-08-22 09:18:56,502 [StateMachineUpdater:70168daa-7dae-4fec-be11-36b8f7c0b13e:group-00599D447303] INFO  impl.StateMachineUpdater (StateMachineUpdater.java:takeSnapshot(242)) - StateMachineUpdater:70168daa-7dae-4fec-be11-36b8f7c0b13e:group-00599D447303: Took a snapshot at index 14
2019-08-22 09:18:56,502 [StateMachineUpdater:4b6d0314-6f83-4f2a-b37f-5169ffd221d4:group-CE15BE703714] INFO  impl.StateMachineUpdater (StateMachineUpdater.java:takeSnapshot(242)) - StateMachineUpdater:4b6d0314-6f83-4f2a-b37f-5169ffd221d4:group-CE15BE703714: Took a snapshot at index 4
2019-08-22 09:18:56,502 [StateMachineUpdater:70168daa-7dae-4fec-be11-36b8f7c0b13e:group-00599D447303] INFO  impl.StateMachineUpdater (StateMachineUpdater.java:lambda$new$0(80)) - StateMachineUpdater:70168daa-7dae-4fec-be11-36b8f7c0b13e:group-00599D447303: snapshotIndex: updateIncreasingly -1 -> 14
2019-08-22 09:18:56,502 [StateMachineUpdater:4b6d0314-6f83-4f2a-b37f-5169ffd221d4:group-CE15BE703714] INFO  impl.StateMachineUpdater (StateMachineUpdater.java:lambda$new$0(80)) - StateMachineUpdater:4b6d0314-6f83-4f2a-b37f-5169ffd221d4:group-CE15BE703714: snapshotIndex: updateIncreasingly -1 -> 4
2019-08-22 09:18:56,509 [main] INFO  impl.RaftServerImpl (ServerState.java:close(394)) - 4b6d0314-6f83-4f2a-b37f-5169ffd221d4:group-CE15BE703714 closes. The last applied log index is 4
2019-08-22 09:18:56,509 [ForkJoinPool.commonPool-worker-0] INFO  impl.RaftServerImpl (ServerState.java:close(394)) - 70168daa-7dae-4fec-be11-36b8f7c0b13e:group-00599D447303 closes. The last applied log index is 16
2019-08-22 09:18:56,510 [4b6d0314-6f83-4f2a-b37f-5169ffd221d4-SegmentedRaftLogWorker:Storage Directory /workdir/hadoop-ozone/integration-test/target/test-dir/MiniOzoneClusterImpl-cf4d0e4d-ce27-4b81-b116-ed410f7e9b07/datanode-4/data/ratis/8334ae7b-6a16-4957-860f-ce15be703714] INFO  segmented.SegmentedRaftLogWorker (SegmentedRaftLogWorker.java:run(313)) - 4b6d0314-6f83-4f2a-b37f-5169ffd221d4-SegmentedRaftLogWorker:Storage Directory /workdir/hadoop-ozone/integration-test/target/test-dir/MiniOzoneClusterImpl-cf4d0e4d-ce27-4b81-b116-ed410f7e9b07/datanode-4/data/ratis/8334ae7b-6a16-4957-860f-ce15be703714 was interrupted, exiting. There are 0 tasks remaining in the queue.
2019-08-22 09:18:56,510 [70168daa-7dae-4fec-be11-36b8f7c0b13e-SegmentedRaftLogWorker:Storage Directory /workdir/hadoop-ozone/integration-test/target/test-dir/MiniOzoneClusterImpl-cf4d0e4d-ce27-4b81-b116-ed410f7e9b07/datanode-1/data/ratis/2a907c44-29b3-4828-bb09-00599d447303] INFO  segmented.SegmentedRaftLogWorker (SegmentedRaftLogWorker.java:run(313)) - 70168daa-7dae-4fec-be11-36b8f7c0b13e-SegmentedRaftLogWorker:Storage Directory /workdir/hadoop-ozone/integration-test/target/test-dir/MiniOzoneClusterImpl-cf4d0e4d-ce27-4b81-b116-ed410f7e9b07/datanode-1/data/ratis/2a907c44-29b3-4828-bb09-00599d447303 was interrupted, exiting. There are 0 tasks remaining in the queue.
2019-08-22 09:18:56,514 [main] INFO  segmented.SegmentedRaftLogWorker (SegmentedRaftLogWorker.java:close(228)) - 4b6d0314-6f83-4f2a-b37f-5169ffd221d4-SegmentedRaftLogWorker:Storage Directory /workdir/hadoop-ozone/integration-test/target/test-dir/MiniOzoneClusterImpl-cf4d0e4d-ce27-4b81-b116-ed410f7e9b07/datanode-4/data/ratis/8334ae7b-6a16-4957-860f-ce15be703714 close()
2019-08-22 09:18:56,514 [ForkJoinPool.commonPool-worker-0] INFO  segmented.SegmentedRaftLogWorker (SegmentedRaftLogWorker.java:close(228)) - 70168daa-7dae-4fec-be11-36b8f7c0b13e-SegmentedRaftLogWorker:Storage Directory /workdir/hadoop-ozone/integration-test/target/test-dir/MiniOzoneClusterImpl-cf4d0e4d-ce27-4b81-b116-ed410f7e9b07/datanode-1/data/ratis/2a907c44-29b3-4828-bb09-00599d447303 close()
2019-08-22 09:18:56,517 [main] INFO  impl.RaftServerImpl (RaftServerImpl.java:lambda$shutdown$3(245)) - 4b6d0314-6f83-4f2a-b37f-5169ffd221d4: shutdown group-EA01E9C0F49C
2019-08-22 09:18:56,521 [ForkJoinPool.commonPool-worker-0] INFO  server.GrpcService (GrpcService.java:closeImpl(155)) - 70168daa-7dae-4fec-be11-36b8f7c0b13e: shutdown server with port 46549 now
2019-08-22 09:18:56,521 [main] INFO  util.JmxRegister (JmxRegister.java:unregister(73)) - Successfully un-registered JMX Bean with object name Ratis:service=RaftServer,group=group-EA01E9C0F49C,id=4b6d0314-6f83-4f2a-b37f-5169ffd221d4
2019-08-22 09:18:56,521 [main] INFO  impl.RoleInfo (RoleInfo.java:shutdownLeaderState(104)) - 4b6d0314-6f83-4f2a-b37f-5169ffd221d4: shutdown LeaderState
2019-08-22 09:18:56,522 [main] INFO  impl.PendingRequests (PendingRequests.java:sendNotLeaderResponses(202)) - 4b6d0314-6f83-4f2a-b37f-5169ffd221d4-PendingRequests: sendNotLeaderResponses
2019-08-22 09:18:56,529 [main] INFO  impl.StateMachineUpdater (StateMachineUpdater.java:stopAndJoin(115)) - StateMachineUpdater:4b6d0314-6f83-4f2a-b37f-5169ffd221d4:group-EA01E9C0F49C: set stopIndex = 0
2019-08-22 09:18:56,529 [main] INFO  impl.RaftServerImpl (ServerState.java:close(394)) - 4b6d0314-6f83-4f2a-b37f-5169ffd221d4:group-EA01E9C0F49C closes. The last applied log index is 0
2019-08-22 09:18:56,530 [4b6d0314-6f83-4f2a-b37f-5169ffd221d4-SegmentedRaftLogWorker:Storage Directory /workdir/hadoop-ozone/integration-test/target/test-dir/MiniOzoneClusterImpl-cf4d0e4d-ce27-4b81-b116-ed410f7e9b07/datanode-4/data/ratis/335e68b3-8868-45e2-aa62-ea01e9c0f49c] INFO  segmented.SegmentedRaftLogWorker (SegmentedRaftLogWorker.java:run(313)) - 4b6d0314-6f83-4f2a-b37f-5169ffd221d4-SegmentedRaftLogWorker:Storage Directory /workdir/hadoop-ozone/integration-test/target/test-dir/MiniOzoneClusterImpl-cf4d0e4d-ce27-4b81-b116-ed410f7e9b07/datanode-4/data/ratis/335e68b3-8868-45e2-aa62-ea01e9c0f49c was interrupted, exiting. There are 0 tasks remaining in the queue.
2019-08-22 09:18:56,532 [main] INFO  segmented.SegmentedRaftLogWorker (SegmentedRaftLogWorker.java:close(228)) - 4b6d0314-6f83-4f2a-b37f-5169ffd221d4-SegmentedRaftLogWorker:Storage Directory /workdir/hadoop-ozone/integration-test/target/test-dir/MiniOzoneClusterImpl-cf4d0e4d-ce27-4b81-b116-ed410f7e9b07/datanode-4/data/ratis/335e68b3-8868-45e2-aa62-ea01e9c0f49c close()
2019-08-22 09:18:56,535 [main] INFO  server.GrpcService (GrpcService.java:closeImpl(155)) - 4b6d0314-6f83-4f2a-b37f-5169ffd221d4: shutdown server with port 44123 now
2019-08-22 09:18:56,535 [ForkJoinPool.commonPool-worker-0] INFO  server.GrpcService (GrpcService.java:closeImpl(163)) - 70168daa-7dae-4fec-be11-36b8f7c0b13e: shutdown server with port 46549 successfully
2019-08-22 09:18:56,536 [grpc-default-executor-2] WARN  server.GrpcServerProtocolService (LogUtils.java:warn(134)) - 70168daa-7dae-4fec-be11-36b8f7c0b13e: appendEntries onError: org.apache.ratis.thirdparty.io.grpc.StatusRuntimeException: CANCELLED: cancelled before receiving half close
2019-08-22 09:18:56,537 [main] INFO  server.GrpcService (GrpcService.java:closeImpl(163)) - 4b6d0314-6f83-4f2a-b37f-5169ffd221d4: shutdown server with port 44123 successfully
2019-08-22 09:18:56,538 [ForkJoinPool.commonPool-worker-0] INFO  utils.BackgroundService (BackgroundService.java:shutdown(148)) - Shutting down service BlockDeletingService
2019-08-22 09:18:56,539 [grpc-default-executor-1] WARN  server.GrpcLogAppender (LogUtils.java:warn(134)) - 12a3f542-eaa3-41f8-9242-653e2388110a->70168daa-7dae-4fec-be11-36b8f7c0b13e: Failed appendEntries: org.apache.ratis.thirdparty.io.grpc.StatusRuntimeException: CANCELLED: HTTP/2 error code: CANCEL
Received Rst Stream
2019-08-22 09:18:56,540 [grpc-default-executor-1] INFO  impl.FollowerInfo (FollowerInfo.java:lambda$new$0(50)) - 12a3f542-eaa3-41f8-9242-653e2388110a->70168daa-7dae-4fec-be11-36b8f7c0b13e: nextIndex: updateUnconditionally 17 -> 16
2019-08-22 09:18:56,540 [main] INFO  utils.BackgroundService (BackgroundService.java:shutdown(148)) - Shutting down service BlockDeletingService
2019-08-22 09:18:56,541 [refreshUsed-/workdir/hadoop-ozone/integration-test/target/test-dir/MiniOzoneClusterImpl-cf4d0e4d-ce27-4b81-b116-ed410f7e9b07/datanode-1/data/containers] WARN  fs.CachingGetSpaceUsed (CachingGetSpaceUsed.java:run(183)) - Thread Interrupted waiting to refresh disk information: sleep interrupted
2019-08-22 09:18:56,541 [refreshUsed-/workdir/hadoop-ozone/integration-test/target/test-dir/MiniOzoneClusterImpl-cf4d0e4d-ce27-4b81-b116-ed410f7e9b07/datanode-4/data/containers] WARN  fs.CachingGetSpaceUsed (CachingGetSpaceUsed.java:run(183)) - Thread Interrupted waiting to refresh disk information: sleep interrupted
2019-08-22 09:18:56,573 [ForkJoinPool.commonPool-worker-0] INFO  statemachine.DatanodeStateMachine (DatanodeStateMachine.java:stopDaemon(395)) - Ozone container server stopped.
2019-08-22 09:18:56,579 [main] INFO  statemachine.DatanodeStateMachine (DatanodeStateMachine.java:stopDaemon(395)) - Ozone container server stopped.
2019-08-22 09:18:56,580 [ForkJoinPool.commonPool-worker-0] INFO  handler.ContextHandler (ContextHandler.java:doStop(910)) - Stopped o.e.j.w.WebAppContext@43d65a81{/,null,UNAVAILABLE}{/hddsDatanode}
2019-08-22 09:18:56,581 [ForkJoinPool.commonPool-worker-0] INFO  server.AbstractConnector (AbstractConnector.java:doStop(318)) - Stopped ServerConnector@9cfc77{HTTP/1.1,[http/1.1]}{0.0.0.0:0}
2019-08-22 09:18:56,581 [main] INFO  handler.ContextHandler (ContextHandler.java:doStop(910)) - Stopped o.e.j.w.WebAppContext@154b8cb6{/,null,UNAVAILABLE}{/hddsDatanode}
2019-08-22 09:18:56,582 [ForkJoinPool.commonPool-worker-0] INFO  handler.ContextHandler (ContextHandler.java:doStop(910)) - Stopped o.e.j.s.ServletContextHandler@528c8c1{/static,jar:file:/home/user/.m2/repository/org/apache/hadoop/hadoop-hdds-container-service/0.5.0-SNAPSHOT/hadoop-hdds-container-service-0.5.0-SNAPSHOT.jar!/webapps/static,UNAVAILABLE}
2019-08-22 09:18:56,584 [ForkJoinPool.commonPool-worker-0] INFO  handler.ContextHandler (ContextHandler.java:doStop(910)) - Stopped o.e.j.s.ServletContextHandler@565aa4ac{/logs,file:///workdir/hadoop-ozone/integration-test/target/log,UNAVAILABLE}
2019-08-22 09:18:56,584 [main] INFO  server.AbstractConnector (AbstractConnector.java:doStop(318)) - Stopped ServerConnector@7b297740{HTTP/1.1,[http/1.1]}{0.0.0.0:0}
2019-08-22 09:18:56,585 [main] INFO  handler.ContextHandler (ContextHandler.java:doStop(910)) - Stopped o.e.j.s.ServletContextHandler@13f40d71{/static,jar:file:/home/user/.m2/repository/org/apache/hadoop/hadoop-hdds-container-service/0.5.0-SNAPSHOT/hadoop-hdds-container-service-0.5.0-SNAPSHOT.jar!/webapps/static,UNAVAILABLE}
2019-08-22 09:18:56,585 [ForkJoinPool.commonPool-worker-0] INFO  datanode.ObjectStoreHandler (ObjectStoreHandler.java:close(155)) - Closing ObjectStoreHandler.
2019-08-22 09:18:56,586 [main] INFO  handler.ContextHandler (ContextHandler.java:doStop(910)) - Stopped o.e.j.s.ServletContextHandler@1bee0085{/logs,file:///workdir/hadoop-ozone/integration-test/target/log,UNAVAILABLE}
2019-08-22 09:18:56,586 [ForkJoinPool.commonPool-worker-0] INFO  ozone.HddsDatanodeService (HddsDatanodeService.java:stop(451)) - Stopped plug-in org.apache.hadoop.ozone.web.OzoneHddsDatanodeService@3caee3a8
2019-08-22 09:18:56,587 [main] INFO  datanode.ObjectStoreHandler (ObjectStoreHandler.java:close(155)) - Closing ObjectStoreHandler.
2019-08-22 09:18:56,588 [main] INFO  ozone.HddsDatanodeService (HddsDatanodeService.java:stop(451)) - Stopped plug-in org.apache.hadoop.ozone.web.OzoneHddsDatanodeService@87f501f
2019-08-22 09:18:57,130 [Datanode State Machine Thread - 0] INFO  statemachine.DatanodeStateMachine (DatanodeStateMachine.java:lambda$startDaemon$0(350)) - Ozone container server started.
2019-08-22 09:18:57,193 | INFO  | SCMAudit | user=jenkins1000 | ip=192.168.36.85 | op=SEND_HEARTBEAT {datanodeUUID=12a3f542-eaa3-41f8-9242-653e2388110a, command=[commandType: closeContainerCommand closeContainerCommandProto { containerID: 1 pipelineID { id: "2a907c44-29b3-4828-bb09-00599d447303" } cmdId: 1 force: false } ]} | ret=SUCCESS |  
2019-08-22 09:18:57,195 | INFO  | SCMAudit | user=jenkins1000 | ip=192.168.36.85 | op=SEND_HEARTBEAT {datanodeUUID=b97a343a-dda1-4b47-81df-1468ac752697, command=[commandType: closeContainerCommand closeContainerCommandProto { containerID: 2 pipelineID { id: "8334ae7b-6a16-4957-860f-ce15be703714" } cmdId: 2 force: false } ]} | ret=SUCCESS |  
2019-08-22 09:18:57,195 | INFO  | SCMAudit | user=jenkins1000 | ip=192.168.36.85 | op=SEND_HEARTBEAT {datanodeUUID=2657734f-6a71-4b27-b9ea-baa03e97c1c3, command=[commandType: closeContainerCommand closeContainerCommandProto { containerID: 2 pipelineID { id: "8334ae7b-6a16-4957-860f-ce15be703714" } cmdId: 2 force: false } ]} | ret=SUCCESS |  
2019-08-22 09:18:57,196 [Datanode State Machine Thread - 0] INFO  statemachine.DatanodeStateMachine (DatanodeStateMachine.java:lambda$startDaemon$0(350)) - Ozone container server started.
2019-08-22 09:18:58,018 [grpc-default-executor-1] WARN  server.GrpcLogAppender (LogUtils.java:warn(134)) - 12a3f542-eaa3-41f8-9242-653e2388110a->70168daa-7dae-4fec-be11-36b8f7c0b13e: Failed appendEntries: org.apache.ratis.thirdparty.io.grpc.StatusRuntimeException: UNAVAILABLE: io exception
2019-08-22 09:18:58,021 [grpc-default-executor-1] INFO  impl.FollowerInfo (FollowerInfo.java:lambda$new$0(50)) - 12a3f542-eaa3-41f8-9242-653e2388110a->70168daa-7dae-4fec-be11-36b8f7c0b13e: nextIndex: updateUnconditionally 16 -> 15
2019-08-22 09:18:58,161 | INFO  | SCMAudit | user=jenkins1000 | ip=192.168.36.85 | op=SEND_HEARTBEAT {datanodeUUID=12a3f542-eaa3-41f8-9242-653e2388110a, command=[]} | ret=SUCCESS |  
2019-08-22 09:18:58,194 | INFO  | SCMAudit | user=jenkins1000 | ip=192.168.36.85 | op=SEND_HEARTBEAT {datanodeUUID=b97a343a-dda1-4b47-81df-1468ac752697, command=[]} | ret=SUCCESS |  
2019-08-22 09:18:58,195 | INFO  | SCMAudit | user=jenkins1000 | ip=192.168.36.85 | op=SEND_HEARTBEAT {datanodeUUID=2657734f-6a71-4b27-b9ea-baa03e97c1c3, command=[]} | ret=SUCCESS |  
2019-08-22 09:18:59,160 | INFO  | SCMAudit | user=jenkins1000 | ip=192.168.36.85 | op=SEND_HEARTBEAT {datanodeUUID=12a3f542-eaa3-41f8-9242-653e2388110a, command=[]} | ret=SUCCESS |  
2019-08-22 09:18:59,190 | INFO  | SCMAudit | user=jenkins1000 | ip=192.168.36.85 | op=SEND_HEARTBEAT {datanodeUUID=12a3f542-eaa3-41f8-9242-653e2388110a, command=[]} | ret=SUCCESS |  
2019-08-22 09:18:59,194 | INFO  | SCMAudit | user=jenkins1000 | ip=192.168.36.85 | op=SEND_HEARTBEAT {datanodeUUID=b97a343a-dda1-4b47-81df-1468ac752697, command=[]} | ret=SUCCESS |  
2019-08-22 09:18:59,195 | INFO  | SCMAudit | user=jenkins1000 | ip=192.168.36.85 | op=SEND_HEARTBEAT {datanodeUUID=2657734f-6a71-4b27-b9ea-baa03e97c1c3, command=[]} | ret=SUCCESS |  
2019-08-22 09:18:59,197 [grpc-default-executor-2] WARN  server.GrpcLogAppender (LogUtils.java:warn(134)) - 12a3f542-eaa3-41f8-9242-653e2388110a->70168daa-7dae-4fec-be11-36b8f7c0b13e: Failed appendEntries: org.apache.ratis.thirdparty.io.grpc.StatusRuntimeException: UNAVAILABLE: io exception
2019-08-22 09:18:59,200 [grpc-default-executor-2] INFO  impl.FollowerInfo (FollowerInfo.java:lambda$new$0(50)) - 12a3f542-eaa3-41f8-9242-653e2388110a->70168daa-7dae-4fec-be11-36b8f7c0b13e: nextIndex: updateUnconditionally 16 -> 15
2019-08-22 09:18:59,209 [grpc-default-executor-0] WARN  server.GrpcLogAppender (LogUtils.java:warn(134)) - 12a3f542-eaa3-41f8-9242-653e2388110a->70168daa-7dae-4fec-be11-36b8f7c0b13e: Failed appendEntries: org.apache.ratis.thirdparty.io.grpc.StatusRuntimeException: UNAVAILABLE: io exception
2019-08-22 09:18:59,212 [grpc-default-executor-0] INFO  impl.FollowerInfo (FollowerInfo.java:lambda$new$0(50)) - 12a3f542-eaa3-41f8-9242-653e2388110a->70168daa-7dae-4fec-be11-36b8f7c0b13e: nextIndex: updateUnconditionally 16 -> 15
2019-08-22 09:18:59,217 | INFO  | SCMAudit | user=jenkins1000 | ip=192.168.36.85 | op=SEND_HEARTBEAT {datanodeUUID=b97a343a-dda1-4b47-81df-1468ac752697, command=[]} | ret=SUCCESS |  
2019-08-22 09:18:59,217 | INFO  | SCMAudit | user=jenkins1000 | ip=192.168.36.85 | op=SEND_HEARTBEAT {datanodeUUID=2657734f-6a71-4b27-b9ea-baa03e97c1c3, command=[]} | ret=SUCCESS |  
2019-08-22 09:18:59,231 [grpc-default-executor-1] WARN  server.GrpcLogAppender (LogUtils.java:warn(134)) - 12a3f542-eaa3-41f8-9242-653e2388110a->70168daa-7dae-4fec-be11-36b8f7c0b13e: Failed appendEntries: org.apache.ratis.thirdparty.io.grpc.StatusRuntimeException: UNAVAILABLE: io exception
2019-08-22 09:18:59,233 [grpc-default-executor-1] INFO  impl.FollowerInfo (FollowerInfo.java:lambda$new$0(50)) - 12a3f542-eaa3-41f8-9242-653e2388110a->70168daa-7dae-4fec-be11-36b8f7c0b13e: nextIndex: updateUnconditionally 16 -> 15
2019-08-22 09:18:59,290 [RatisApplyTransactionExecutor 1] INFO  interfaces.Container (KeyValueContainer.java:close(321)) - Container 1 is closed with bcsId 14.
2019-08-22 09:18:59,291 | INFO  | DNAudit | user=null | ip=null | op=CLOSE_CONTAINER {containerID=1} | ret=SUCCESS |  
2019-08-22 09:18:59,292 | INFO  | SCMAudit | user=jenkins1000 | ip=192.168.36.85 | op=SEND_HEARTBEAT {datanodeUUID=12a3f542-eaa3-41f8-9242-653e2388110a, command=[]} | ret=SUCCESS |  
2019-08-22 09:18:59,292 [EventQueue-IncrementalContainerReportForIncrementalContainerReportHandler] INFO  container.IncrementalContainerReportHandler (AbstractContainerReportHandler.java:updateContainerState(176)) - Moving container #1 to CLOSED state, datanode 12a3f542-eaa3-41f8-9242-653e2388110a{ip: 192.168.36.85, host: pr-hdds-1898-9jx57-4170240974, networkLocation: /default-rack, certSerialId: null} reported CLOSED replica.
2019-08-22 09:18:59,340 [RatisApplyTransactionExecutor 1] INFO  interfaces.Container (KeyValueContainer.java:close(321)) - Container 1 is closed with bcsId 14.
2019-08-22 09:18:59,343 | INFO  | DNAudit | user=null | ip=null | op=CLOSE_CONTAINER {containerID=1} | ret=SUCCESS |  
2019-08-22 09:19:00,218 | INFO  | SCMAudit | user=jenkins1000 | ip=192.168.36.85 | op=SEND_HEARTBEAT {datanodeUUID=b97a343a-dda1-4b47-81df-1468ac752697, command=[]} | ret=SUCCESS |  
2019-08-22 09:19:00,218 | INFO  | SCMAudit | user=jenkins1000 | ip=192.168.36.85 | op=SEND_HEARTBEAT {datanodeUUID=2657734f-6a71-4b27-b9ea-baa03e97c1c3, command=[]} | ret=SUCCESS |  
2019-08-22 09:19:00,292 | INFO  | SCMAudit | user=jenkins1000 | ip=192.168.36.85 | op=SEND_HEARTBEAT {datanodeUUID=12a3f542-eaa3-41f8-9242-653e2388110a, command=[]} | ret=SUCCESS |  
2019-08-22 09:19:01,218 | INFO  | SCMAudit | user=jenkins1000 | ip=192.168.36.85 | op=SEND_HEARTBEAT {datanodeUUID=2657734f-6a71-4b27-b9ea-baa03e97c1c3, command=[]} | ret=SUCCESS |  
2019-08-22 09:19:01,218 | INFO  | SCMAudit | user=jenkins1000 | ip=192.168.36.85 | op=SEND_HEARTBEAT {datanodeUUID=b97a343a-dda1-4b47-81df-1468ac752697, command=[]} | ret=SUCCESS |  
2019-08-22 09:19:01,227 [EventQueue-StaleNodeForStaleNodeHandler] INFO  node.StaleNodeHandler (StaleNodeHandler.java:onMessage(58)) - Datanode 2e502478-34c1-4a4b-9702-a9321f11dbb4{ip: 192.168.36.85, host: pr-hdds-1898-9jx57-4170240974, networkLocation: /default-rack, certSerialId: null} moved to stale state. Finalizing its pipelines [PipelineID=fb756665-3428-4f54-a00e-2d4e1bb8dbd6, PipelineID=2a907c44-29b3-4828-bb09-00599d447303]
2019-08-22 09:19:01,227 [EventQueue-StaleNodeForStaleNodeHandler] INFO  pipeline.SCMPipelineManager (SCMPipelineManager.java:finalizeAndDestroyPipeline(309)) - destroying pipeline:Pipeline[ Id: fb756665-3428-4f54-a00e-2d4e1bb8dbd6, Nodes: 2e502478-34c1-4a4b-9702-a9321f11dbb4{ip: 192.168.36.85, host: pr-hdds-1898-9jx57-4170240974, networkLocation: /default-rack, certSerialId: null}, Type:RATIS, Factor:ONE, State:OPEN]
2019-08-22 09:19:01,228 [EventQueue-StaleNodeForStaleNodeHandler] INFO  pipeline.PipelineStateManager (PipelineStateManager.java:finalizePipeline(123)) - Pipeline Pipeline[ Id: fb756665-3428-4f54-a00e-2d4e1bb8dbd6, Nodes: 2e502478-34c1-4a4b-9702-a9321f11dbb4{ip: 192.168.36.85, host: pr-hdds-1898-9jx57-4170240974, networkLocation: /default-rack, certSerialId: null}, Type:RATIS, Factor:ONE, State:CLOSED] moved to CLOSED state
2019-08-22 09:19:01,228 [EventQueue-StaleNodeForStaleNodeHandler] INFO  pipeline.SCMPipelineManager (SCMPipelineManager.java:finalizeAndDestroyPipeline(309)) - destroying pipeline:Pipeline[ Id: 2a907c44-29b3-4828-bb09-00599d447303, Nodes: 12a3f542-eaa3-41f8-9242-653e2388110a{ip: 192.168.36.85, host: pr-hdds-1898-9jx57-4170240974, networkLocation: /default-rack, certSerialId: null}2e502478-34c1-4a4b-9702-a9321f11dbb4{ip: 192.168.36.85, host: pr-hdds-1898-9jx57-4170240974, networkLocation: /default-rack, certSerialId: null}70168daa-7dae-4fec-be11-36b8f7c0b13e{ip: 192.168.36.85, host: pr-hdds-1898-9jx57-4170240974, networkLocation: /default-rack, certSerialId: null}, Type:RATIS, Factor:THREE, State:CLOSED]
2019-08-22 09:19:01,229 [EventQueue-StaleNodeForStaleNodeHandler] INFO  node.StaleNodeHandler (StaleNodeHandler.java:onMessage(58)) - Datanode ba917a70-9edc-40fd-8c87-6f988a09c858{ip: 192.168.36.85, host: pr-hdds-1898-9jx57-4170240974, networkLocation: /default-rack, certSerialId: null} moved to stale state. Finalizing its pipelines [PipelineID=81afc899-e917-4883-9c7b-17dd89482a82]
2019-08-22 09:19:01,229 [EventQueue-StaleNodeForStaleNodeHandler] INFO  pipeline.SCMPipelineManager (SCMPipelineManager.java:finalizeAndDestroyPipeline(309)) - destroying pipeline:Pipeline[ Id: 81afc899-e917-4883-9c7b-17dd89482a82, Nodes: ba917a70-9edc-40fd-8c87-6f988a09c858{ip: 192.168.36.85, host: pr-hdds-1898-9jx57-4170240974, networkLocation: /default-rack, certSerialId: null}, Type:RATIS, Factor:ONE, State:OPEN]
2019-08-22 09:19:01,230 [EventQueue-StaleNodeForStaleNodeHandler] INFO  pipeline.PipelineStateManager (PipelineStateManager.java:finalizePipeline(123)) - Pipeline Pipeline[ Id: 81afc899-e917-4883-9c7b-17dd89482a82, Nodes: ba917a70-9edc-40fd-8c87-6f988a09c858{ip: 192.168.36.85, host: pr-hdds-1898-9jx57-4170240974, networkLocation: /default-rack, certSerialId: null}, Type:RATIS, Factor:ONE, State:CLOSED] moved to CLOSED state
2019-08-22 09:19:01,292 | INFO  | SCMAudit | user=jenkins1000 | ip=192.168.36.85 | op=SEND_HEARTBEAT {datanodeUUID=12a3f542-eaa3-41f8-9242-653e2388110a, command=[]} | ret=SUCCESS |  
2019-08-22 09:19:01,588 [ForkJoinPool.commonPool-worker-0] INFO  ozoneimpl.OzoneContainer (OzoneContainer.java:stop(199)) - Attempting to stop container services.
2019-08-22 09:19:01,589 [ForkJoinPool.commonPool-worker-0] INFO  impl.RaftServerProxy (RaftServerProxy.java:lambda$close$4(314)) - ba917a70-9edc-40fd-8c87-6f988a09c858: close
2019-08-22 09:19:01,589 [main] INFO  ozoneimpl.OzoneContainer (OzoneContainer.java:stop(199)) - Attempting to stop container services.
2019-08-22 09:19:01,589 [ForkJoinPool.commonPool-worker-0] INFO  impl.RaftServerImpl (RaftServerImpl.java:lambda$shutdown$3(245)) - ba917a70-9edc-40fd-8c87-6f988a09c858: shutdown group-17DD89482A82
2019-08-22 09:19:01,590 [main] INFO  impl.RaftServerProxy (RaftServerProxy.java:lambda$close$4(314)) - 2e502478-34c1-4a4b-9702-a9321f11dbb4: close
2019-08-22 09:19:01,590 [ForkJoinPool.commonPool-worker-0] INFO  util.JmxRegister (JmxRegister.java:unregister(73)) - Successfully un-registered JMX Bean with object name Ratis:service=RaftServer,group=group-17DD89482A82,id=ba917a70-9edc-40fd-8c87-6f988a09c858
2019-08-22 09:19:01,590 [main] INFO  impl.RaftServerImpl (RaftServerImpl.java:lambda$shutdown$3(245)) - 2e502478-34c1-4a4b-9702-a9321f11dbb4: shutdown group-2D4E1BB8DBD6
2019-08-22 09:19:01,591 [ForkJoinPool.commonPool-worker-0] INFO  impl.RoleInfo (RoleInfo.java:shutdownLeaderState(104)) - ba917a70-9edc-40fd-8c87-6f988a09c858: shutdown LeaderState
2019-08-22 09:19:01,591 [main] INFO  util.JmxRegister (JmxRegister.java:unregister(73)) - Successfully un-registered JMX Bean with object name Ratis:service=RaftServer,group=group-2D4E1BB8DBD6,id=2e502478-34c1-4a4b-9702-a9321f11dbb4
2019-08-22 09:19:01,592 [ForkJoinPool.commonPool-worker-0] INFO  impl.PendingRequests (PendingRequests.java:sendNotLeaderResponses(202)) - ba917a70-9edc-40fd-8c87-6f988a09c858-PendingRequests: sendNotLeaderResponses
2019-08-22 09:19:01,592 [main] INFO  impl.RoleInfo (RoleInfo.java:shutdownLeaderState(104)) - 2e502478-34c1-4a4b-9702-a9321f11dbb4: shutdown LeaderState
2019-08-22 09:19:01,593 [ForkJoinPool.commonPool-worker-0] INFO  impl.StateMachineUpdater (StateMachineUpdater.java:stopAndJoin(115)) - StateMachineUpdater:ba917a70-9edc-40fd-8c87-6f988a09c858:group-17DD89482A82: set stopIndex = 0
2019-08-22 09:19:01,593 [main] INFO  impl.PendingRequests (PendingRequests.java:sendNotLeaderResponses(202)) - 2e502478-34c1-4a4b-9702-a9321f11dbb4-PendingRequests: sendNotLeaderResponses
2019-08-22 09:19:01,593 [ForkJoinPool.commonPool-worker-0] INFO  impl.RaftServerImpl (ServerState.java:close(394)) - ba917a70-9edc-40fd-8c87-6f988a09c858:group-17DD89482A82 closes. The last applied log index is 0
2019-08-22 09:19:01,594 [main] INFO  impl.StateMachineUpdater (StateMachineUpdater.java:stopAndJoin(115)) - StateMachineUpdater:2e502478-34c1-4a4b-9702-a9321f11dbb4:group-2D4E1BB8DBD6: set stopIndex = 0
2019-08-22 09:19:01,594 [ba917a70-9edc-40fd-8c87-6f988a09c858-SegmentedRaftLogWorker:Storage Directory /workdir/hadoop-ozone/integration-test/target/test-dir/MiniOzoneClusterImpl-cf4d0e4d-ce27-4b81-b116-ed410f7e9b07/datanode-2/data/ratis/81afc899-e917-4883-9c7b-17dd89482a82] INFO  segmented.SegmentedRaftLogWorker (SegmentedRaftLogWorker.java:run(313)) - ba917a70-9edc-40fd-8c87-6f988a09c858-SegmentedRaftLogWorker:Storage Directory /workdir/hadoop-ozone/integration-test/target/test-dir/MiniOzoneClusterImpl-cf4d0e4d-ce27-4b81-b116-ed410f7e9b07/datanode-2/data/ratis/81afc899-e917-4883-9c7b-17dd89482a82 was interrupted, exiting. There are 0 tasks remaining in the queue.
2019-08-22 09:19:01,595 [main] INFO  impl.RaftServerImpl (ServerState.java:close(394)) - 2e502478-34c1-4a4b-9702-a9321f11dbb4:group-2D4E1BB8DBD6 closes. The last applied log index is 0
2019-08-22 09:19:01,598 [ForkJoinPool.commonPool-worker-0] INFO  segmented.SegmentedRaftLogWorker (SegmentedRaftLogWorker.java:close(228)) - ba917a70-9edc-40fd-8c87-6f988a09c858-SegmentedRaftLogWorker:Storage Directory /workdir/hadoop-ozone/integration-test/target/test-dir/MiniOzoneClusterImpl-cf4d0e4d-ce27-4b81-b116-ed410f7e9b07/datanode-2/data/ratis/81afc899-e917-4883-9c7b-17dd89482a82 close()
2019-08-22 09:19:01,598 [2e502478-34c1-4a4b-9702-a9321f11dbb4-SegmentedRaftLogWorker:Storage Directory /workdir/hadoop-ozone/integration-test/target/test-dir/MiniOzoneClusterImpl-cf4d0e4d-ce27-4b81-b116-ed410f7e9b07/datanode-3/data/ratis/fb756665-3428-4f54-a00e-2d4e1bb8dbd6] INFO  segmented.SegmentedRaftLogWorker (SegmentedRaftLogWorker.java:run(313)) - 2e502478-34c1-4a4b-9702-a9321f11dbb4-SegmentedRaftLogWorker:Storage Directory /workdir/hadoop-ozone/integration-test/target/test-dir/MiniOzoneClusterImpl-cf4d0e4d-ce27-4b81-b116-ed410f7e9b07/datanode-3/data/ratis/fb756665-3428-4f54-a00e-2d4e1bb8dbd6 was interrupted, exiting. There are 0 tasks remaining in the queue.
2019-08-22 09:19:01,602 [ForkJoinPool.commonPool-worker-0] INFO  server.GrpcService (GrpcService.java:closeImpl(155)) - ba917a70-9edc-40fd-8c87-6f988a09c858: shutdown server with port 41864 now
2019-08-22 09:19:01,604 [main] INFO  segmented.SegmentedRaftLogWorker (SegmentedRaftLogWorker.java:close(228)) - 2e502478-34c1-4a4b-9702-a9321f11dbb4-SegmentedRaftLogWorker:Storage Directory /workdir/hadoop-ozone/integration-test/target/test-dir/MiniOzoneClusterImpl-cf4d0e4d-ce27-4b81-b116-ed410f7e9b07/datanode-3/data/ratis/fb756665-3428-4f54-a00e-2d4e1bb8dbd6 close()
2019-08-22 09:19:01,606 [ForkJoinPool.commonPool-worker-0] INFO  server.GrpcService (GrpcService.java:closeImpl(163)) - ba917a70-9edc-40fd-8c87-6f988a09c858: shutdown server with port 41864 successfully
2019-08-22 09:19:01,610 [main] INFO  impl.RaftServerImpl (RaftServerImpl.java:lambda$shutdown$3(245)) - 2e502478-34c1-4a4b-9702-a9321f11dbb4: shutdown group-00599D447303
2019-08-22 09:19:01,610 [main] INFO  util.JmxRegister (JmxRegister.java:unregister(73)) - Successfully un-registered JMX Bean with object name Ratis:service=RaftServer,group=group-00599D447303,id=2e502478-34c1-4a4b-9702-a9321f11dbb4
2019-08-22 09:19:01,611 [main] INFO  impl.RoleInfo (RoleInfo.java:shutdownFollowerState(121)) - 2e502478-34c1-4a4b-9702-a9321f11dbb4: shutdown FollowerState
2019-08-22 09:19:01,612 [main] INFO  impl.StateMachineUpdater (StateMachineUpdater.java:stopAndJoin(115)) - StateMachineUpdater:2e502478-34c1-4a4b-9702-a9321f11dbb4:group-00599D447303: set stopIndex = 17
2019-08-22 09:19:01,612 [Thread-325] INFO  impl.FollowerState (FollowerState.java:run(114)) - 2e502478-34c1-4a4b-9702-a9321f11dbb4: FollowerState was interrupted: java.lang.InterruptedException: sleep interrupted
2019-08-22 09:19:01,612 [StateMachineUpdater:2e502478-34c1-4a4b-9702-a9321f11dbb4:group-00599D447303] INFO  ratis.ContainerStateMachine (ContainerStateMachine.java:takeSnapshot(283)) - group-00599D447303: Taking a snapshot at:(t:1, i:17) file /workdir/hadoop-ozone/integration-test/target/test-dir/MiniOzoneClusterImpl-cf4d0e4d-ce27-4b81-b116-ed410f7e9b07/datanode-3/data/ratis/2a907c44-29b3-4828-bb09-00599d447303/sm/snapshot.1_17
2019-08-22 09:19:01,632 [ForkJoinPool.commonPool-worker-0] INFO  utils.BackgroundService (BackgroundService.java:shutdown(148)) - Shutting down service BlockDeletingService
2019-08-22 09:19:01,638 [refreshUsed-/workdir/hadoop-ozone/integration-test/target/test-dir/MiniOzoneClusterImpl-cf4d0e4d-ce27-4b81-b116-ed410f7e9b07/datanode-2/data/containers] WARN  fs.CachingGetSpaceUsed (CachingGetSpaceUsed.java:run(183)) - Thread Interrupted waiting to refresh disk information: sleep interrupted
2019-08-22 09:19:01,638 [StateMachineUpdater:2e502478-34c1-4a4b-9702-a9321f11dbb4:group-00599D447303] INFO  ratis.ContainerStateMachine (ContainerStateMachine.java:takeSnapshot(294)) - group-00599D447303: Finished taking a snapshot at:(t:1, i:17) file:/workdir/hadoop-ozone/integration-test/target/test-dir/MiniOzoneClusterImpl-cf4d0e4d-ce27-4b81-b116-ed410f7e9b07/datanode-3/data/ratis/2a907c44-29b3-4828-bb09-00599d447303/sm/snapshot.1_17 time:26
2019-08-22 09:19:01,638 [StateMachineUpdater:2e502478-34c1-4a4b-9702-a9321f11dbb4:group-00599D447303] INFO  impl.StateMachineUpdater (StateMachineUpdater.java:takeSnapshot(242)) - StateMachineUpdater:2e502478-34c1-4a4b-9702-a9321f11dbb4:group-00599D447303: Took a snapshot at index 17
2019-08-22 09:19:01,638 [StateMachineUpdater:2e502478-34c1-4a4b-9702-a9321f11dbb4:group-00599D447303] INFO  impl.StateMachineUpdater (StateMachineUpdater.java:lambda$new$0(80)) - StateMachineUpdater:2e502478-34c1-4a4b-9702-a9321f11dbb4:group-00599D447303: snapshotIndex: updateIncreasingly -1 -> 17
2019-08-22 09:19:01,639 [main] INFO  impl.RaftServerImpl (ServerState.java:close(394)) - 2e502478-34c1-4a4b-9702-a9321f11dbb4:group-00599D447303 closes. The last applied log index is 17
2019-08-22 09:19:01,639 [2e502478-34c1-4a4b-9702-a9321f11dbb4-SegmentedRaftLogWorker:Storage Directory /workdir/hadoop-ozone/integration-test/target/test-dir/MiniOzoneClusterImpl-cf4d0e4d-ce27-4b81-b116-ed410f7e9b07/datanode-3/data/ratis/2a907c44-29b3-4828-bb09-00599d447303] INFO  segmented.SegmentedRaftLogWorker (SegmentedRaftLogWorker.java:run(313)) - 2e502478-34c1-4a4b-9702-a9321f11dbb4-SegmentedRaftLogWorker:Storage Directory /workdir/hadoop-ozone/integration-test/target/test-dir/MiniOzoneClusterImpl-cf4d0e4d-ce27-4b81-b116-ed410f7e9b07/datanode-3/data/ratis/2a907c44-29b3-4828-bb09-00599d447303 was interrupted, exiting. There are 0 tasks remaining in the queue.
2019-08-22 09:19:01,641 [main] INFO  segmented.SegmentedRaftLogWorker (SegmentedRaftLogWorker.java:close(228)) - 2e502478-34c1-4a4b-9702-a9321f11dbb4-SegmentedRaftLogWorker:Storage Directory /workdir/hadoop-ozone/integration-test/target/test-dir/MiniOzoneClusterImpl-cf4d0e4d-ce27-4b81-b116-ed410f7e9b07/datanode-3/data/ratis/2a907c44-29b3-4828-bb09-00599d447303 close()
2019-08-22 09:19:01,644 [main] INFO  server.GrpcService (GrpcService.java:closeImpl(155)) - 2e502478-34c1-4a4b-9702-a9321f11dbb4: shutdown server with port 32975 now
2019-08-22 09:19:01,646 [grpc-default-executor-0] WARN  server.GrpcServerProtocolService (LogUtils.java:warn(134)) - 2e502478-34c1-4a4b-9702-a9321f11dbb4: appendEntries onError: org.apache.ratis.thirdparty.io.grpc.StatusRuntimeException: CANCELLED: cancelled before receiving half close
2019-08-22 09:19:01,646 [main] INFO  server.GrpcService (GrpcService.java:closeImpl(163)) - 2e502478-34c1-4a4b-9702-a9321f11dbb4: shutdown server with port 32975 successfully
2019-08-22 09:19:01,646 [grpc-default-executor-0] WARN  server.GrpcLogAppender (LogUtils.java:warn(134)) - 12a3f542-eaa3-41f8-9242-653e2388110a->2e502478-34c1-4a4b-9702-a9321f11dbb4: Failed appendEntries: org.apache.ratis.thirdparty.io.grpc.StatusRuntimeException: CANCELLED: HTTP/2 error code: CANCEL
Received Rst Stream
2019-08-22 09:19:01,647 [grpc-default-executor-0] INFO  impl.FollowerInfo (FollowerInfo.java:lambda$new$0(50)) - 12a3f542-eaa3-41f8-9242-653e2388110a->2e502478-34c1-4a4b-9702-a9321f11dbb4: nextIndex: updateUnconditionally 19 -> 18
2019-08-22 09:19:01,658 [main] INFO  utils.BackgroundService (BackgroundService.java:shutdown(148)) - Shutting down service BlockDeletingService
2019-08-22 09:19:01,663 [refreshUsed-/workdir/hadoop-ozone/integration-test/target/test-dir/MiniOzoneClusterImpl-cf4d0e4d-ce27-4b81-b116-ed410f7e9b07/datanode-3/data/containers] WARN  fs.CachingGetSpaceUsed (CachingGetSpaceUsed.java:run(183)) - Thread Interrupted waiting to refresh disk information: sleep interrupted
2019-08-22 09:19:01,673 [ForkJoinPool.commonPool-worker-0] INFO  statemachine.DatanodeStateMachine (DatanodeStateMachine.java:stopDaemon(395)) - Ozone container server stopped.
2019-08-22 09:19:01,677 [ForkJoinPool.commonPool-worker-0] INFO  handler.ContextHandler (ContextHandler.java:doStop(910)) - Stopped o.e.j.w.WebAppContext@7abeabe9{/,null,UNAVAILABLE}{/hddsDatanode}
2019-08-22 09:19:01,678 [ForkJoinPool.commonPool-worker-0] INFO  server.AbstractConnector (AbstractConnector.java:doStop(318)) - Stopped ServerConnector@5a05dd30{HTTP/1.1,[http/1.1]}{0.0.0.0:0}
2019-08-22 09:19:01,679 [ForkJoinPool.commonPool-worker-0] INFO  handler.ContextHandler (ContextHandler.java:doStop(910)) - Stopped o.e.j.s.ServletContextHandler@3c7279a5{/static,jar:file:/home/user/.m2/repository/org/apache/hadoop/hadoop-hdds-container-service/0.5.0-SNAPSHOT/hadoop-hdds-container-service-0.5.0-SNAPSHOT.jar!/webapps/static,UNAVAILABLE}
2019-08-22 09:19:01,681 [ForkJoinPool.commonPool-worker-0] INFO  handler.ContextHandler (ContextHandler.java:doStop(910)) - Stopped o.e.j.s.ServletContextHandler@26e0d39c{/logs,file:///workdir/hadoop-ozone/integration-test/target/log,UNAVAILABLE}
2019-08-22 09:19:01,682 [ForkJoinPool.commonPool-worker-0] INFO  datanode.ObjectStoreHandler (ObjectStoreHandler.java:close(155)) - Closing ObjectStoreHandler.
2019-08-22 09:19:01,683 [ForkJoinPool.commonPool-worker-0] INFO  ozone.HddsDatanodeService (HddsDatanodeService.java:stop(451)) - Stopped plug-in org.apache.hadoop.ozone.web.OzoneHddsDatanodeService@377949f1
2019-08-22 09:19:01,689 [main] INFO  statemachine.DatanodeStateMachine (DatanodeStateMachine.java:stopDaemon(395)) - Ozone container server stopped.
2019-08-22 09:19:01,691 [main] INFO  handler.ContextHandler (ContextHandler.java:doStop(910)) - Stopped o.e.j.w.WebAppContext@5a2ae1ab{/,null,UNAVAILABLE}{/hddsDatanode}
2019-08-22 09:19:01,691 [main] INFO  server.AbstractConnector (AbstractConnector.java:doStop(318)) - Stopped ServerConnector@2bec068b{HTTP/1.1,[http/1.1]}{0.0.0.0:0}
2019-08-22 09:19:01,692 [main] INFO  handler.ContextHandler (ContextHandler.java:doStop(910)) - Stopped o.e.j.s.ServletContextHandler@5d7dd549{/static,jar:file:/home/user/.m2/repository/org/apache/hadoop/hadoop-hdds-container-service/0.5.0-SNAPSHOT/hadoop-hdds-container-service-0.5.0-SNAPSHOT.jar!/webapps/static,UNAVAILABLE}
2019-08-22 09:19:01,692 [main] INFO  handler.ContextHandler (ContextHandler.java:doStop(910)) - Stopped o.e.j.s.ServletContextHandler@350323a0{/logs,file:///workdir/hadoop-ozone/integration-test/target/log,UNAVAILABLE}
2019-08-22 09:19:01,694 [main] INFO  datanode.ObjectStoreHandler (ObjectStoreHandler.java:close(155)) - Closing ObjectStoreHandler.
2019-08-22 09:19:01,694 [main] INFO  ozone.HddsDatanodeService (HddsDatanodeService.java:stop(451)) - Stopped plug-in org.apache.hadoop.ozone.web.OzoneHddsDatanodeService@3e2d44f3
2019-08-22 09:19:01,732 [grpc-default-executor-1] WARN  server.GrpcLogAppender (LogUtils.java:warn(134)) - 12a3f542-eaa3-41f8-9242-653e2388110a->70168daa-7dae-4fec-be11-36b8f7c0b13e: Failed appendEntries: org.apache.ratis.thirdparty.io.grpc.StatusRuntimeException: UNAVAILABLE: io exception
2019-08-22 09:19:01,732 [grpc-default-executor-2] WARN  server.GrpcLogAppender (LogUtils.java:warn(134)) - 12a3f542-eaa3-41f8-9242-653e2388110a->2e502478-34c1-4a4b-9702-a9321f11dbb4: Failed appendEntries: org.apache.ratis.thirdparty.io.grpc.StatusRuntimeException: UNAVAILABLE: io exception
2019-08-22 09:19:01,734 [grpc-default-executor-1] INFO  impl.FollowerInfo (FollowerInfo.java:lambda$new$0(50)) - 12a3f542-eaa3-41f8-9242-653e2388110a->70168daa-7dae-4fec-be11-36b8f7c0b13e: nextIndex: updateUnconditionally 15 -> 14
2019-08-22 09:19:01,735 [grpc-default-executor-2] INFO  impl.FollowerInfo (FollowerInfo.java:lambda$new$0(50)) - 12a3f542-eaa3-41f8-9242-653e2388110a->2e502478-34c1-4a4b-9702-a9321f11dbb4: nextIndex: updateUnconditionally 18 -> 17
2019-08-22 09:19:02,217 [Datanode State Machine Thread - 0] INFO  statemachine.DatanodeStateMachine (DatanodeStateMachine.java:lambda$startDaemon$0(350)) - Ozone container server started.
2019-08-22 09:19:02,218 | INFO  | SCMAudit | user=jenkins1000 | ip=192.168.36.85 | op=SEND_HEARTBEAT {datanodeUUID=2657734f-6a71-4b27-b9ea-baa03e97c1c3, command=[]} | ret=SUCCESS |  
2019-08-22 09:19:02,291 [Datanode State Machine Thread - 0] INFO  statemachine.DatanodeStateMachine (DatanodeStateMachine.java:lambda$startDaemon$0(350)) - Ozone container server started.
2019-08-22 09:19:03,218 | INFO  | SCMAudit | user=jenkins1000 | ip=192.168.36.85 | op=SEND_HEARTBEAT {datanodeUUID=2657734f-6a71-4b27-b9ea-baa03e97c1c3, command=[]} | ret=SUCCESS |  
2019-08-22 09:19:04,218 | INFO  | SCMAudit | user=jenkins1000 | ip=192.168.36.85 | op=SEND_HEARTBEAT {datanodeUUID=2657734f-6a71-4b27-b9ea-baa03e97c1c3, command=[]} | ret=SUCCESS |  
2019-08-22 09:19:04,233 [grpc-default-executor-5] WARN  server.GrpcLogAppender (LogUtils.java:warn(134)) - 12a3f542-eaa3-41f8-9242-653e2388110a->70168daa-7dae-4fec-be11-36b8f7c0b13e: Failed appendEntries: org.apache.ratis.thirdparty.io.grpc.StatusRuntimeException: UNAVAILABLE: io exception
2019-08-22 09:19:04,233 [grpc-default-executor-0] WARN  server.GrpcLogAppender (LogUtils.java:warn(134)) - 12a3f542-eaa3-41f8-9242-653e2388110a->2e502478-34c1-4a4b-9702-a9321f11dbb4: Failed appendEntries: org.apache.ratis.thirdparty.io.grpc.StatusRuntimeException: UNAVAILABLE: io exception
2019-08-22 09:19:04,235 [grpc-default-executor-5] INFO  impl.FollowerInfo (FollowerInfo.java:lambda$new$0(50)) - 12a3f542-eaa3-41f8-9242-653e2388110a->70168daa-7dae-4fec-be11-36b8f7c0b13e: nextIndex: updateUnconditionally 14 -> 13
2019-08-22 09:19:04,237 [grpc-default-executor-0] INFO  impl.FollowerInfo (FollowerInfo.java:lambda$new$0(50)) - 12a3f542-eaa3-41f8-9242-653e2388110a->2e502478-34c1-4a4b-9702-a9321f11dbb4: nextIndex: updateUnconditionally 17 -> 16
2019-08-22 09:19:05,218 | INFO  | SCMAudit | user=jenkins1000 | ip=192.168.36.85 | op=SEND_HEARTBEAT {datanodeUUID=2657734f-6a71-4b27-b9ea-baa03e97c1c3, command=[]} | ret=SUCCESS |  
2019-08-22 09:19:05,702 [Thread-457] INFO  impl.FollowerState (FollowerState.java:run(106)) - 2657734f-6a71-4b27-b9ea-baa03e97c1c3:group-CE15BE703714 changes to CANDIDATE, lastRpcTime:9412, electionTimeout:5046ms
2019-08-22 09:19:05,703 [Thread-457] INFO  impl.RoleInfo (RoleInfo.java:shutdownFollowerState(121)) - 2657734f-6a71-4b27-b9ea-baa03e97c1c3: shutdown FollowerState
2019-08-22 09:19:05,703 [Thread-457] INFO  impl.RaftServerImpl (RaftServerImpl.java:setRole(171)) - 2657734f-6a71-4b27-b9ea-baa03e97c1c3:group-CE15BE703714 changes role from FOLLOWER to CANDIDATE at term 3 for changeToCandidate
2019-08-22 09:19:05,703 [Thread-457] INFO  impl.RoleInfo (RoleInfo.java:updateAndGet(143)) - 2657734f-6a71-4b27-b9ea-baa03e97c1c3: start LeaderElection
2019-08-22 09:19:05,703 [2657734f-6a71-4b27-b9ea-baa03e97c1c3:group-CE15BE703714:LeaderElection18] INFO  impl.RaftServerImpl (ServerState.java:setLeader(263)) - 2657734f-6a71-4b27-b9ea-baa03e97c1c3:group-CE15BE703714 change Leader from 4b6d0314-6f83-4f2a-b37f-5169ffd221d4 to null at term 3 for initElection
2019-08-22 09:19:05,723 [2657734f-6a71-4b27-b9ea-baa03e97c1c3:group-CE15BE703714:LeaderElection18] INFO  impl.LeaderElection (LeaderElection.java:askForVotes(181)) - 2657734f-6a71-4b27-b9ea-baa03e97c1c3:group-CE15BE703714:LeaderElection18: begin an election at term 4 for 0: [2657734f-6a71-4b27-b9ea-baa03e97c1c3:192.168.36.85:36700, 4b6d0314-6f83-4f2a-b37f-5169ffd221d4:192.168.36.85:44123, b97a343a-dda1-4b47-81df-1468ac752697:192.168.36.85:41515], old=null
2019-08-22 09:19:05,727 [grpc-default-executor-0] INFO  impl.RaftServerImpl (ServerState.java:setLeader(263)) - b97a343a-dda1-4b47-81df-1468ac752697:group-CE15BE703714 change Leader from 4b6d0314-6f83-4f2a-b37f-5169ffd221d4 to null at term 4 for updateCurrentTerm
2019-08-22 09:19:05,728 [grpc-default-executor-0] INFO  impl.RaftServerImpl (RaftServerImpl.java:setRole(171)) - b97a343a-dda1-4b47-81df-1468ac752697:group-CE15BE703714 changes role from FOLLOWER to FOLLOWER at term 4 for recognizeCandidate:2657734f-6a71-4b27-b9ea-baa03e97c1c3
2019-08-22 09:19:05,728 [grpc-default-executor-0] INFO  impl.RoleInfo (RoleInfo.java:shutdownFollowerState(121)) - b97a343a-dda1-4b47-81df-1468ac752697: shutdown FollowerState
2019-08-22 09:19:05,728 [grpc-default-executor-0] INFO  impl.RoleInfo (RoleInfo.java:updateAndGet(143)) - b97a343a-dda1-4b47-81df-1468ac752697: start FollowerState
2019-08-22 09:19:05,728 [Thread-466] INFO  impl.FollowerState (FollowerState.java:run(114)) - b97a343a-dda1-4b47-81df-1468ac752697: FollowerState was interrupted: java.lang.InterruptedException: sleep interrupted
2019-08-22 09:19:05,728 [2657734f-6a71-4b27-b9ea-baa03e97c1c3:group-CE15BE703714:LeaderElection18] INFO  impl.LeaderElection (LogUtils.java:infoOrTrace(149)) - 2657734f-6a71-4b27-b9ea-baa03e97c1c3:group-CE15BE703714:LeaderElection18 got exception when requesting votes: {}
java.util.concurrent.ExecutionException: org.apache.ratis.thirdparty.io.grpc.StatusRuntimeException: UNAVAILABLE: io exception
	at java.util.concurrent.FutureTask.report(FutureTask.java:122)
	at java.util.concurrent.FutureTask.get(FutureTask.java:192)
	at org.apache.ratis.server.impl.LeaderElection.waitForResults(LeaderElection.java:262)
	at org.apache.ratis.server.impl.LeaderElection.askForVotes(LeaderElection.java:200)
	at org.apache.ratis.server.impl.LeaderElection.run(LeaderElection.java:130)
	at java.lang.Thread.run(Thread.java:748)
Caused by: org.apache.ratis.thirdparty.io.grpc.StatusRuntimeException: UNAVAILABLE: io exception
	at org.apache.ratis.thirdparty.io.grpc.stub.ClientCalls.toStatusRuntimeException(ClientCalls.java:233)
	at org.apache.ratis.thirdparty.io.grpc.stub.ClientCalls.getUnchecked(ClientCalls.java:214)
	at org.apache.ratis.thirdparty.io.grpc.stub.ClientCalls.blockingUnaryCall(ClientCalls.java:139)
	at org.apache.ratis.proto.grpc.RaftServerProtocolServiceGrpc$RaftServerProtocolServiceBlockingStub.requestVote(RaftServerProtocolServiceGrpc.java:265)
	at org.apache.ratis.grpc.server.GrpcServerProtocolClient.requestVote(GrpcServerProtocolClient.java:83)
	at org.apache.ratis.grpc.server.GrpcService.requestVote(GrpcService.java:195)
	at org.apache.ratis.server.impl.LeaderElection.lambda$submitRequests$1(LeaderElection.java:237)
	at java.util.concurrent.FutureTask.run(FutureTask.java:266)
	at java.util.concurrent.Executors$RunnableAdapter.call(Executors.java:511)
	at java.util.concurrent.FutureTask.run(FutureTask.java:266)
	at java.util.concurrent.ThreadPoolExecutor.runWorker(ThreadPoolExecutor.java:1149)
	at java.util.concurrent.ThreadPoolExecutor$Worker.run(ThreadPoolExecutor.java:624)
	... 1 more
Caused by: org.apache.ratis.thirdparty.io.netty.channel.AbstractChannel$AnnotatedConnectException: Connection refused: /192.168.36.85:44123
	at sun.nio.ch.SocketChannelImpl.checkConnect(Native Method)
	at sun.nio.ch.SocketChannelImpl.finishConnect(SocketChannelImpl.java:717)
	at org.apache.ratis.thirdparty.io.netty.channel.socket.nio.NioSocketChannel.doFinishConnect(NioSocketChannel.java:327)
	at org.apache.ratis.thirdparty.io.netty.channel.nio.AbstractNioChannel$AbstractNioUnsafe.finishConnect(AbstractNioChannel.java:340)
	at org.apache.ratis.thirdparty.io.netty.channel.nio.NioEventLoop.processSelectedKey(NioEventLoop.java:632)
	at org.apache.ratis.thirdparty.io.netty.channel.nio.NioEventLoop.processSelectedKeysOptimized(NioEventLoop.java:579)
	at org.apache.ratis.thirdparty.io.netty.channel.nio.NioEventLoop.processSelectedKeys(NioEventLoop.java:496)
	at org.apache.ratis.thirdparty.io.netty.channel.nio.NioEventLoop.run(NioEventLoop.java:458)
	at org.apache.ratis.thirdparty.io.netty.util.concurrent.SingleThreadEventExecutor$5.run(SingleThreadEventExecutor.java:897)
	at org.apache.ratis.thirdparty.io.netty.util.concurrent.FastThreadLocalRunnable.run(FastThreadLocalRunnable.java:30)
	... 1 more
Caused by: java.net.ConnectException: Connection refused
	... 11 more
2019-08-22 09:19:05,752 [2657734f-6a71-4b27-b9ea-baa03e97c1c3:group-CE15BE703714:LeaderElection18] INFO  impl.LeaderElection (LeaderElection.java:logAndReturn(56)) - 2657734f-6a71-4b27-b9ea-baa03e97c1c3:group-CE15BE703714:LeaderElection18: Election PASSED; received 1 response(s) [2657734f-6a71-4b27-b9ea-baa03e97c1c3<-b97a343a-dda1-4b47-81df-1468ac752697#0:OK-t4] and 1 exception(s); 2657734f-6a71-4b27-b9ea-baa03e97c1c3:t4, leader=null, voted=2657734f-6a71-4b27-b9ea-baa03e97c1c3, raftlog=2657734f-6a71-4b27-b9ea-baa03e97c1c3-SegmentedRaftLog:OPENED:c4,f4,i4, conf=0: [2657734f-6a71-4b27-b9ea-baa03e97c1c3:192.168.36.85:36700, 4b6d0314-6f83-4f2a-b37f-5169ffd221d4:192.168.36.85:44123, b97a343a-dda1-4b47-81df-1468ac752697:192.168.36.85:41515], old=null
2019-08-22 09:19:05,753 [2657734f-6a71-4b27-b9ea-baa03e97c1c3:group-CE15BE703714:LeaderElection18] INFO  impl.LeaderElection (LogUtils.java:infoOrTrace(149)) -   Exception 0: {}
java.util.concurrent.ExecutionException: org.apache.ratis.thirdparty.io.grpc.StatusRuntimeException: UNAVAILABLE: io exception
	at java.util.concurrent.FutureTask.report(FutureTask.java:122)
	at java.util.concurrent.FutureTask.get(FutureTask.java:192)
	at org.apache.ratis.server.impl.LeaderElection.waitForResults(LeaderElection.java:262)
	at org.apache.ratis.server.impl.LeaderElection.askForVotes(LeaderElection.java:200)
	at org.apache.ratis.server.impl.LeaderElection.run(LeaderElection.java:130)
	at java.lang.Thread.run(Thread.java:748)
Caused by: org.apache.ratis.thirdparty.io.grpc.StatusRuntimeException: UNAVAILABLE: io exception
	at org.apache.ratis.thirdparty.io.grpc.stub.ClientCalls.toStatusRuntimeException(ClientCalls.java:233)
	at org.apache.ratis.thirdparty.io.grpc.stub.ClientCalls.getUnchecked(ClientCalls.java:214)
	at org.apache.ratis.thirdparty.io.grpc.stub.ClientCalls.blockingUnaryCall(ClientCalls.java:139)
	at org.apache.ratis.proto.grpc.RaftServerProtocolServiceGrpc$RaftServerProtocolServiceBlockingStub.requestVote(RaftServerProtocolServiceGrpc.java:265)
	at org.apache.ratis.grpc.server.GrpcServerProtocolClient.requestVote(GrpcServerProtocolClient.java:83)
	at org.apache.ratis.grpc.server.GrpcService.requestVote(GrpcService.java:195)
	at org.apache.ratis.server.impl.LeaderElection.lambda$submitRequests$1(LeaderElection.java:237)
	at java.util.concurrent.FutureTask.run(FutureTask.java:266)
	at java.util.concurrent.Executors$RunnableAdapter.call(Executors.java:511)
	at java.util.concurrent.FutureTask.run(FutureTask.java:266)
	at java.util.concurrent.ThreadPoolExecutor.runWorker(ThreadPoolExecutor.java:1149)
	at java.util.concurrent.ThreadPoolExecutor$Worker.run(ThreadPoolExecutor.java:624)
	... 1 more
Caused by: org.apache.ratis.thirdparty.io.netty.channel.AbstractChannel$AnnotatedConnectException: Connection refused: /192.168.36.85:44123
	at sun.nio.ch.SocketChannelImpl.checkConnect(Native Method)
	at sun.nio.ch.SocketChannelImpl.finishConnect(SocketChannelImpl.java:717)
	at org.apache.ratis.thirdparty.io.netty.channel.socket.nio.NioSocketChannel.doFinishConnect(NioSocketChannel.java:327)
	at org.apache.ratis.thirdparty.io.netty.channel.nio.AbstractNioChannel$AbstractNioUnsafe.finishConnect(AbstractNioChannel.java:340)
	at org.apache.ratis.thirdparty.io.netty.channel.nio.NioEventLoop.processSelectedKey(NioEventLoop.java:632)
	at org.apache.ratis.thirdparty.io.netty.channel.nio.NioEventLoop.processSelectedKeysOptimized(NioEventLoop.java:579)
	at org.apache.ratis.thirdparty.io.netty.channel.nio.NioEventLoop.processSelectedKeys(NioEventLoop.java:496)
	at org.apache.ratis.thirdparty.io.netty.channel.nio.NioEventLoop.run(NioEventLoop.java:458)
	at org.apache.ratis.thirdparty.io.netty.util.concurrent.SingleThreadEventExecutor$5.run(SingleThreadEventExecutor.java:897)
	at org.apache.ratis.thirdparty.io.netty.util.concurrent.FastThreadLocalRunnable.run(FastThreadLocalRunnable.java:30)
	... 1 more
Caused by: java.net.ConnectException: Connection refused
	... 11 more
2019-08-22 09:19:05,756 [2657734f-6a71-4b27-b9ea-baa03e97c1c3:group-CE15BE703714:LeaderElection18] INFO  impl.RoleInfo (RoleInfo.java:shutdownLeaderElection(134)) - 2657734f-6a71-4b27-b9ea-baa03e97c1c3: shutdown LeaderElection
2019-08-22 09:19:05,756 [2657734f-6a71-4b27-b9ea-baa03e97c1c3:group-CE15BE703714:LeaderElection18] INFO  impl.RaftServerImpl (RaftServerImpl.java:setRole(171)) - 2657734f-6a71-4b27-b9ea-baa03e97c1c3:group-CE15BE703714 changes role from CANDIDATE to LEADER at term 4 for changeToLeader
2019-08-22 09:19:05,756 [2657734f-6a71-4b27-b9ea-baa03e97c1c3:group-CE15BE703714:LeaderElection18] INFO  impl.RaftServerImpl (ServerState.java:setLeader(263)) - 2657734f-6a71-4b27-b9ea-baa03e97c1c3:group-CE15BE703714 change Leader from null to 2657734f-6a71-4b27-b9ea-baa03e97c1c3 at term 4 for becomeLeader, leader elected after 52ms
2019-08-22 09:19:05,756 [2657734f-6a71-4b27-b9ea-baa03e97c1c3:group-CE15BE703714:LeaderElection18] INFO  server.RaftServerConfigKeys (ConfUtils.java:logGet(43)) - raft.server.staging.catchup.gap = 1000 (default)
2019-08-22 09:19:05,757 [2657734f-6a71-4b27-b9ea-baa03e97c1c3:group-CE15BE703714:LeaderElection18] INFO  server.RaftServerConfigKeys (ConfUtils.java:logGet(43)) - raft.server.rpc.sleep.time = 25ms (default)
2019-08-22 09:19:05,757 [2657734f-6a71-4b27-b9ea-baa03e97c1c3:group-CE15BE703714:LeaderElection18] INFO  server.RaftServerConfigKeys (ConfUtils.java:logGet(43)) - raft.server.write.element-limit = 4096 (default)
2019-08-22 09:19:05,757 [2657734f-6a71-4b27-b9ea-baa03e97c1c3:group-CE15BE703714:LeaderElection18] INFO  server.RaftServerConfigKeys (ConfUtils.java:logGet(43)) - raft.server.watch.timeout = 10s (default)
2019-08-22 09:19:05,757 [2657734f-6a71-4b27-b9ea-baa03e97c1c3:group-CE15BE703714:LeaderElection18] INFO  server.RaftServerConfigKeys (ConfUtils.java:logGet(43)) - raft.server.watch.timeout.denomination = 1s (default)
2019-08-22 09:19:05,757 [2657734f-6a71-4b27-b9ea-baa03e97c1c3:group-CE15BE703714:LeaderElection18] INFO  server.RaftServerConfigKeys (ConfUtils.java:logGet(43)) - raft.server.watch.element-limit = 65536 (default)
2019-08-22 09:19:05,758 [2657734f-6a71-4b27-b9ea-baa03e97c1c3:group-CE15BE703714:LeaderElection18] INFO  server.RaftServerConfigKeys (ConfUtils.java:logGet(43)) - raft.server.log.appender.snapshot.chunk.size.max = 16MB (=16777216) (default)
2019-08-22 09:19:05,758 [2657734f-6a71-4b27-b9ea-baa03e97c1c3:group-CE15BE703714:LeaderElection18] INFO  server.RaftServerConfigKeys (ConfUtils.java:logGet(43)) - raft.server.log.appender.buffer.byte-limit = 33554432 (custom)
2019-08-22 09:19:05,758 [2657734f-6a71-4b27-b9ea-baa03e97c1c3:group-CE15BE703714:LeaderElection18] INFO  server.RaftServerConfigKeys (ConfUtils.java:logGet(43)) - raft.server.log.appender.buffer.element-limit = 1 (custom)
2019-08-22 09:19:05,758 [2657734f-6a71-4b27-b9ea-baa03e97c1c3:group-CE15BE703714:LeaderElection18] INFO  grpc.GrpcConfigKeys$Server (ConfUtils.java:logGet(43)) - raft.grpc.server.leader.outstanding.appends.max = 128 (default)
2019-08-22 09:19:05,759 [2657734f-6a71-4b27-b9ea-baa03e97c1c3:group-CE15BE703714:LeaderElection18] INFO  server.RaftServerConfigKeys (ConfUtils.java:logGet(43)) - raft.server.rpc.request.timeout = 3000ms (default)
2019-08-22 09:19:05,759 [2657734f-6a71-4b27-b9ea-baa03e97c1c3:group-CE15BE703714:LeaderElection18] INFO  server.RaftServerConfigKeys (ConfUtils.java:logGet(43)) - raft.server.log.appender.install.snapshot.enabled = false (custom)
2019-08-22 09:19:05,759 [2657734f-6a71-4b27-b9ea-baa03e97c1c3:group-CE15BE703714:LeaderElection18] INFO  server.RaftServerConfigKeys (ConfUtils.java:logGet(43)) - raft.server.log.appender.snapshot.chunk.size.max = 16MB (=16777216) (default)
2019-08-22 09:19:05,759 [2657734f-6a71-4b27-b9ea-baa03e97c1c3:group-CE15BE703714:LeaderElection18] INFO  server.RaftServerConfigKeys (ConfUtils.java:logGet(43)) - raft.server.log.appender.buffer.byte-limit = 33554432 (custom)
2019-08-22 09:19:05,759 [2657734f-6a71-4b27-b9ea-baa03e97c1c3:group-CE15BE703714:LeaderElection18] INFO  server.RaftServerConfigKeys (ConfUtils.java:logGet(43)) - raft.server.log.appender.buffer.element-limit = 1 (custom)
2019-08-22 09:19:05,760 [2657734f-6a71-4b27-b9ea-baa03e97c1c3:group-CE15BE703714:LeaderElection18] INFO  grpc.GrpcConfigKeys$Server (ConfUtils.java:logGet(43)) - raft.grpc.server.leader.outstanding.appends.max = 128 (default)
2019-08-22 09:19:05,760 [2657734f-6a71-4b27-b9ea-baa03e97c1c3:group-CE15BE703714:LeaderElection18] INFO  server.RaftServerConfigKeys (ConfUtils.java:logGet(43)) - raft.server.rpc.request.timeout = 3000ms (default)
2019-08-22 09:19:05,760 [2657734f-6a71-4b27-b9ea-baa03e97c1c3:group-CE15BE703714:LeaderElection18] INFO  server.RaftServerConfigKeys (ConfUtils.java:logGet(43)) - raft.server.log.appender.install.snapshot.enabled = false (custom)
2019-08-22 09:19:05,760 [2657734f-6a71-4b27-b9ea-baa03e97c1c3:group-CE15BE703714:LeaderElection18] INFO  impl.RoleInfo (RoleInfo.java:updateAndGet(143)) - 2657734f-6a71-4b27-b9ea-baa03e97c1c3: start LeaderState
2019-08-22 09:19:05,761 [2657734f-6a71-4b27-b9ea-baa03e97c1c3:group-CE15BE703714:LeaderElection18] INFO  segmented.SegmentedRaftLogWorker (SegmentedRaftLogWorker.java:rollLogSegment(385)) - 2657734f-6a71-4b27-b9ea-baa03e97c1c3-SegmentedRaftLogWorker:Storage Directory /workdir/hadoop-ozone/integration-test/target/test-dir/MiniOzoneClusterImpl-cf4d0e4d-ce27-4b81-b116-ed410f7e9b07/datanode-5/data/ratis/8334ae7b-6a16-4957-860f-ce15be703714: Rolling segment log-0_4 to index:4
2019-08-22 09:19:05,763 [2657734f-6a71-4b27-b9ea-baa03e97c1c3:group-CE15BE703714:LeaderElection18] INFO  impl.RaftServerImpl (ServerState.java:setRaftConf(361)) - 2657734f-6a71-4b27-b9ea-baa03e97c1c3:group-CE15BE703714 set configuration 5: [2657734f-6a71-4b27-b9ea-baa03e97c1c3:192.168.36.85:36700, 4b6d0314-6f83-4f2a-b37f-5169ffd221d4:192.168.36.85:44123, b97a343a-dda1-4b47-81df-1468ac752697:192.168.36.85:41515], old=null at 5
2019-08-22 09:19:05,763 [2657734f-6a71-4b27-b9ea-baa03e97c1c3-SegmentedRaftLogWorker:Storage Directory /workdir/hadoop-ozone/integration-test/target/test-dir/MiniOzoneClusterImpl-cf4d0e4d-ce27-4b81-b116-ed410f7e9b07/datanode-5/data/ratis/8334ae7b-6a16-4957-860f-ce15be703714] INFO  segmented.SegmentedRaftLogWorker (SegmentedRaftLogWorker.java:execute(526)) - 2657734f-6a71-4b27-b9ea-baa03e97c1c3-SegmentedRaftLogWorker:Storage Directory /workdir/hadoop-ozone/integration-test/target/test-dir/MiniOzoneClusterImpl-cf4d0e4d-ce27-4b81-b116-ed410f7e9b07/datanode-5/data/ratis/8334ae7b-6a16-4957-860f-ce15be703714: Rolled log segment from /workdir/hadoop-ozone/integration-test/target/test-dir/MiniOzoneClusterImpl-cf4d0e4d-ce27-4b81-b116-ed410f7e9b07/datanode-5/data/ratis/8334ae7b-6a16-4957-860f-ce15be703714/current/log_inprogress_0 to /workdir/hadoop-ozone/integration-test/target/test-dir/MiniOzoneClusterImpl-cf4d0e4d-ce27-4b81-b116-ed410f7e9b07/datanode-5/data/ratis/8334ae7b-6a16-4957-860f-ce15be703714/current/log_0-4
2019-08-22 09:19:05,764 [grpc-default-executor-0] WARN  server.GrpcLogAppender (LogUtils.java:warn(134)) - 2657734f-6a71-4b27-b9ea-baa03e97c1c3->4b6d0314-6f83-4f2a-b37f-5169ffd221d4: Failed appendEntries: org.apache.ratis.thirdparty.io.grpc.StatusRuntimeException: UNAVAILABLE: io exception
2019-08-22 09:19:05,764 [grpc-default-executor-0] INFO  impl.FollowerInfo (FollowerInfo.java:lambda$new$0(50)) - 2657734f-6a71-4b27-b9ea-baa03e97c1c3->4b6d0314-6f83-4f2a-b37f-5169ffd221d4: nextIndex: updateUnconditionally 5 -> 1
2019-08-22 09:19:05,766 [grpc-default-executor-0] INFO  impl.RaftServerImpl (ServerState.java:setLeader(263)) - b97a343a-dda1-4b47-81df-1468ac752697:group-CE15BE703714 change Leader from null to 2657734f-6a71-4b27-b9ea-baa03e97c1c3 at term 4 for appendEntries, leader elected after 38ms
2019-08-22 09:19:05,768 [grpc-default-executor-0] INFO  impl.RaftServerImpl (ServerState.java:setRaftConf(361)) - b97a343a-dda1-4b47-81df-1468ac752697:group-CE15BE703714 set configuration 5: [2657734f-6a71-4b27-b9ea-baa03e97c1c3:192.168.36.85:36700, 4b6d0314-6f83-4f2a-b37f-5169ffd221d4:192.168.36.85:44123, b97a343a-dda1-4b47-81df-1468ac752697:192.168.36.85:41515], old=null at 5
2019-08-22 09:19:05,769 [grpc-default-executor-0] INFO  segmented.SegmentedRaftLogWorker (SegmentedRaftLogWorker.java:rollLogSegment(385)) - b97a343a-dda1-4b47-81df-1468ac752697-SegmentedRaftLogWorker:Storage Directory /workdir/hadoop-ozone/integration-test/target/test-dir/MiniOzoneClusterImpl-cf4d0e4d-ce27-4b81-b116-ed410f7e9b07/datanode-6/data/ratis/8334ae7b-6a16-4957-860f-ce15be703714: Rolling segment log-0_4 to index:4
2019-08-22 09:19:05,769 [b97a343a-dda1-4b47-81df-1468ac752697-SegmentedRaftLogWorker:Storage Directory /workdir/hadoop-ozone/integration-test/target/test-dir/MiniOzoneClusterImpl-cf4d0e4d-ce27-4b81-b116-ed410f7e9b07/datanode-6/data/ratis/8334ae7b-6a16-4957-860f-ce15be703714] INFO  segmented.SegmentedRaftLogWorker (SegmentedRaftLogWorker.java:execute(526)) - b97a343a-dda1-4b47-81df-1468ac752697-SegmentedRaftLogWorker:Storage Directory /workdir/hadoop-ozone/integration-test/target/test-dir/MiniOzoneClusterImpl-cf4d0e4d-ce27-4b81-b116-ed410f7e9b07/datanode-6/data/ratis/8334ae7b-6a16-4957-860f-ce15be703714: Rolled log segment from /workdir/hadoop-ozone/integration-test/target/test-dir/MiniOzoneClusterImpl-cf4d0e4d-ce27-4b81-b116-ed410f7e9b07/datanode-6/data/ratis/8334ae7b-6a16-4957-860f-ce15be703714/current/log_inprogress_0 to /workdir/hadoop-ozone/integration-test/target/test-dir/MiniOzoneClusterImpl-cf4d0e4d-ce27-4b81-b116-ed410f7e9b07/datanode-6/data/ratis/8334ae7b-6a16-4957-860f-ce15be703714/current/log_0-4
2019-08-22 09:19:05,818 [2657734f-6a71-4b27-b9ea-baa03e97c1c3-SegmentedRaftLogWorker:Storage Directory /workdir/hadoop-ozone/integration-test/target/test-dir/MiniOzoneClusterImpl-cf4d0e4d-ce27-4b81-b116-ed410f7e9b07/datanode-5/data/ratis/8334ae7b-6a16-4957-860f-ce15be703714] INFO  segmented.SegmentedRaftLogWorker (SegmentedRaftLogWorker.java:execute(569)) - 2657734f-6a71-4b27-b9ea-baa03e97c1c3-SegmentedRaftLogWorker:Storage Directory /workdir/hadoop-ozone/integration-test/target/test-dir/MiniOzoneClusterImpl-cf4d0e4d-ce27-4b81-b116-ed410f7e9b07/datanode-5/data/ratis/8334ae7b-6a16-4957-860f-ce15be703714: created new log segment /workdir/hadoop-ozone/integration-test/target/test-dir/MiniOzoneClusterImpl-cf4d0e4d-ce27-4b81-b116-ed410f7e9b07/datanode-5/data/ratis/8334ae7b-6a16-4957-860f-ce15be703714/current/log_inprogress_5
2019-08-22 09:19:05,818 [b97a343a-dda1-4b47-81df-1468ac752697-SegmentedRaftLogWorker:Storage Directory /workdir/hadoop-ozone/integration-test/target/test-dir/MiniOzoneClusterImpl-cf4d0e4d-ce27-4b81-b116-ed410f7e9b07/datanode-6/data/ratis/8334ae7b-6a16-4957-860f-ce15be703714] INFO  segmented.SegmentedRaftLogWorker (SegmentedRaftLogWorker.java:execute(569)) - b97a343a-dda1-4b47-81df-1468ac752697-SegmentedRaftLogWorker:Storage Directory /workdir/hadoop-ozone/integration-test/target/test-dir/MiniOzoneClusterImpl-cf4d0e4d-ce27-4b81-b116-ed410f7e9b07/datanode-6/data/ratis/8334ae7b-6a16-4957-860f-ce15be703714: created new log segment /workdir/hadoop-ozone/integration-test/target/test-dir/MiniOzoneClusterImpl-cf4d0e4d-ce27-4b81-b116-ed410f7e9b07/datanode-6/data/ratis/8334ae7b-6a16-4957-860f-ce15be703714/current/log_inprogress_5
2019-08-22 09:19:05,842 | INFO  | DNAudit | user=null | ip=null | op=READ_CHUNK {blockData=conID: 2 locID: 102659884363153410 bcsId: 0} | ret=SUCCESS |  
2019-08-22 09:19:05,851 [grpc-default-executor-0] WARN  server.GrpcLogAppender (LogUtils.java:warn(134)) - 2657734f-6a71-4b27-b9ea-baa03e97c1c3->4b6d0314-6f83-4f2a-b37f-5169ffd221d4: Failed appendEntries: org.apache.ratis.thirdparty.io.grpc.StatusRuntimeException: UNAVAILABLE: io exception
2019-08-22 09:19:05,853 [grpc-default-executor-0] INFO  impl.FollowerInfo (FollowerInfo.java:lambda$new$0(50)) - 2657734f-6a71-4b27-b9ea-baa03e97c1c3->4b6d0314-6f83-4f2a-b37f-5169ffd221d4: nextIndex: updateUnconditionally 2 -> 1
2019-08-22 09:19:06,218 | INFO  | SCMAudit | user=jenkins1000 | ip=192.168.36.85 | op=SEND_HEARTBEAT {datanodeUUID=2657734f-6a71-4b27-b9ea-baa03e97c1c3, command=[]} | ret=SUCCESS |  
2019-08-22 09:19:06,237 [EventQueue-StaleNodeForStaleNodeHandler] INFO  node.StaleNodeHandler (StaleNodeHandler.java:onMessage(58)) - Datanode b97a343a-dda1-4b47-81df-1468ac752697{ip: 192.168.36.85, host: pr-hdds-1898-9jx57-4170240974, networkLocation: /default-rack, certSerialId: null} moved to stale state. Finalizing its pipelines [PipelineID=8334ae7b-6a16-4957-860f-ce15be703714, PipelineID=f0c507c8-50d8-44ec-85ac-ca15ab69a4c6]
2019-08-22 09:19:06,237 [EventQueue-StaleNodeForStaleNodeHandler] INFO  pipeline.SCMPipelineManager (SCMPipelineManager.java:finalizeAndDestroyPipeline(309)) - destroying pipeline:Pipeline[ Id: 8334ae7b-6a16-4957-860f-ce15be703714, Nodes: 4b6d0314-6f83-4f2a-b37f-5169ffd221d4{ip: 192.168.36.85, host: pr-hdds-1898-9jx57-4170240974, networkLocation: /default-rack, certSerialId: null}2657734f-6a71-4b27-b9ea-baa03e97c1c3{ip: 192.168.36.85, host: pr-hdds-1898-9jx57-4170240974, networkLocation: /default-rack, certSerialId: null}b97a343a-dda1-4b47-81df-1468ac752697{ip: 192.168.36.85, host: pr-hdds-1898-9jx57-4170240974, networkLocation: /default-rack, certSerialId: null}, Type:RATIS, Factor:THREE, State:CLOSED]
2019-08-22 09:19:06,237 [EventQueue-StaleNodeForStaleNodeHandler] INFO  pipeline.SCMPipelineManager (SCMPipelineManager.java:finalizeAndDestroyPipeline(309)) - destroying pipeline:Pipeline[ Id: f0c507c8-50d8-44ec-85ac-ca15ab69a4c6, Nodes: b97a343a-dda1-4b47-81df-1468ac752697{ip: 192.168.36.85, host: pr-hdds-1898-9jx57-4170240974, networkLocation: /default-rack, certSerialId: null}, Type:RATIS, Factor:ONE, State:OPEN]
2019-08-22 09:19:06,237 [EventQueue-StaleNodeForStaleNodeHandler] INFO  pipeline.PipelineStateManager (PipelineStateManager.java:finalizePipeline(123)) - Pipeline Pipeline[ Id: f0c507c8-50d8-44ec-85ac-ca15ab69a4c6, Nodes: b97a343a-dda1-4b47-81df-1468ac752697{ip: 192.168.36.85, host: pr-hdds-1898-9jx57-4170240974, networkLocation: /default-rack, certSerialId: null}, Type:RATIS, Factor:ONE, State:CLOSED] moved to CLOSED state
2019-08-22 09:19:06,337 [EventQueue-StaleNodeForStaleNodeHandler] INFO  node.StaleNodeHandler (StaleNodeHandler.java:onMessage(58)) - Datanode 12a3f542-eaa3-41f8-9242-653e2388110a{ip: 192.168.36.85, host: pr-hdds-1898-9jx57-4170240974, networkLocation: /default-rack, certSerialId: null} moved to stale state. Finalizing its pipelines [PipelineID=cede34e8-5593-4838-bccc-de83a1df5cf5, PipelineID=2a907c44-29b3-4828-bb09-00599d447303]
2019-08-22 09:19:06,337 [EventQueue-StaleNodeForStaleNodeHandler] INFO  pipeline.SCMPipelineManager (SCMPipelineManager.java:finalizeAndDestroyPipeline(309)) - destroying pipeline:Pipeline[ Id: cede34e8-5593-4838-bccc-de83a1df5cf5, Nodes: 12a3f542-eaa3-41f8-9242-653e2388110a{ip: 192.168.36.85, host: pr-hdds-1898-9jx57-4170240974, networkLocation: /default-rack, certSerialId: null}, Type:RATIS, Factor:ONE, State:OPEN]
2019-08-22 09:19:06,337 [EventQueue-StaleNodeForStaleNodeHandler] INFO  pipeline.PipelineStateManager (PipelineStateManager.java:finalizePipeline(123)) - Pipeline Pipeline[ Id: cede34e8-5593-4838-bccc-de83a1df5cf5, Nodes: 12a3f542-eaa3-41f8-9242-653e2388110a{ip: 192.168.36.85, host: pr-hdds-1898-9jx57-4170240974, networkLocation: /default-rack, certSerialId: null}, Type:RATIS, Factor:ONE, State:CLOSED] moved to CLOSED state
2019-08-22 09:19:06,338 [EventQueue-StaleNodeForStaleNodeHandler] INFO  pipeline.SCMPipelineManager (SCMPipelineManager.java:finalizeAndDestroyPipeline(309)) - destroying pipeline:Pipeline[ Id: 2a907c44-29b3-4828-bb09-00599d447303, Nodes: 12a3f542-eaa3-41f8-9242-653e2388110a{ip: 192.168.36.85, host: pr-hdds-1898-9jx57-4170240974, networkLocation: /default-rack, certSerialId: null}2e502478-34c1-4a4b-9702-a9321f11dbb4{ip: 192.168.36.85, host: pr-hdds-1898-9jx57-4170240974, networkLocation: /default-rack, certSerialId: null}70168daa-7dae-4fec-be11-36b8f7c0b13e{ip: 192.168.36.85, host: pr-hdds-1898-9jx57-4170240974, networkLocation: /default-rack, certSerialId: null}, Type:RATIS, Factor:THREE, State:CLOSED]
2019-08-22 09:19:06,684 [ForkJoinPool.commonPool-worker-0] INFO  ozoneimpl.OzoneContainer (OzoneContainer.java:stop(199)) - Attempting to stop container services.
2019-08-22 09:19:06,684 [ForkJoinPool.commonPool-worker-0] INFO  impl.RaftServerProxy (RaftServerProxy.java:lambda$close$4(314)) - 12a3f542-eaa3-41f8-9242-653e2388110a: close
2019-08-22 09:19:06,685 [ForkJoinPool.commonPool-worker-0] INFO  impl.RaftServerImpl (RaftServerImpl.java:lambda$shutdown$3(245)) - 12a3f542-eaa3-41f8-9242-653e2388110a: shutdown group-DE83A1DF5CF5
2019-08-22 09:19:06,685 [ForkJoinPool.commonPool-worker-0] INFO  util.JmxRegister (JmxRegister.java:unregister(73)) - Successfully un-registered JMX Bean with object name Ratis:service=RaftServer,group=group-DE83A1DF5CF5,id=12a3f542-eaa3-41f8-9242-653e2388110a
2019-08-22 09:19:06,686 [ForkJoinPool.commonPool-worker-0] INFO  impl.RoleInfo (RoleInfo.java:shutdownLeaderState(104)) - 12a3f542-eaa3-41f8-9242-653e2388110a: shutdown LeaderState
2019-08-22 09:19:06,686 [ForkJoinPool.commonPool-worker-0] INFO  impl.PendingRequests (PendingRequests.java:sendNotLeaderResponses(202)) - 12a3f542-eaa3-41f8-9242-653e2388110a-PendingRequests: sendNotLeaderResponses
2019-08-22 09:19:06,686 [ForkJoinPool.commonPool-worker-0] INFO  impl.StateMachineUpdater (StateMachineUpdater.java:stopAndJoin(115)) - StateMachineUpdater:12a3f542-eaa3-41f8-9242-653e2388110a:group-DE83A1DF5CF5: set stopIndex = 0
2019-08-22 09:19:06,687 [ForkJoinPool.commonPool-worker-0] INFO  impl.RaftServerImpl (ServerState.java:close(394)) - 12a3f542-eaa3-41f8-9242-653e2388110a:group-DE83A1DF5CF5 closes. The last applied log index is 0
2019-08-22 09:19:06,687 [12a3f542-eaa3-41f8-9242-653e2388110a-SegmentedRaftLogWorker:Storage Directory /workdir/hadoop-ozone/integration-test/target/test-dir/MiniOzoneClusterImpl-cf4d0e4d-ce27-4b81-b116-ed410f7e9b07/datanode-0/data/ratis/cede34e8-5593-4838-bccc-de83a1df5cf5] INFO  segmented.SegmentedRaftLogWorker (SegmentedRaftLogWorker.java:run(313)) - 12a3f542-eaa3-41f8-9242-653e2388110a-SegmentedRaftLogWorker:Storage Directory /workdir/hadoop-ozone/integration-test/target/test-dir/MiniOzoneClusterImpl-cf4d0e4d-ce27-4b81-b116-ed410f7e9b07/datanode-0/data/ratis/cede34e8-5593-4838-bccc-de83a1df5cf5 was interrupted, exiting. There are 0 tasks remaining in the queue.
2019-08-22 09:19:06,689 [ForkJoinPool.commonPool-worker-0] INFO  segmented.SegmentedRaftLogWorker (SegmentedRaftLogWorker.java:close(228)) - 12a3f542-eaa3-41f8-9242-653e2388110a-SegmentedRaftLogWorker:Storage Directory /workdir/hadoop-ozone/integration-test/target/test-dir/MiniOzoneClusterImpl-cf4d0e4d-ce27-4b81-b116-ed410f7e9b07/datanode-0/data/ratis/cede34e8-5593-4838-bccc-de83a1df5cf5 close()
2019-08-22 09:19:06,692 [ForkJoinPool.commonPool-worker-0] INFO  impl.RaftServerImpl (RaftServerImpl.java:lambda$shutdown$3(245)) - 12a3f542-eaa3-41f8-9242-653e2388110a: shutdown group-00599D447303
2019-08-22 09:19:06,692 [ForkJoinPool.commonPool-worker-0] INFO  util.JmxRegister (JmxRegister.java:unregister(73)) - Successfully un-registered JMX Bean with object name Ratis:service=RaftServer,group=group-00599D447303,id=12a3f542-eaa3-41f8-9242-653e2388110a
2019-08-22 09:19:06,692 [ForkJoinPool.commonPool-worker-0] INFO  impl.RoleInfo (RoleInfo.java:shutdownLeaderState(104)) - 12a3f542-eaa3-41f8-9242-653e2388110a: shutdown LeaderState
2019-08-22 09:19:06,695 [org.apache.ratis.server.impl.LogAppender$AppenderDaemon$$Lambda$520/880152856@6166ef68] WARN  server.GrpcLogAppender (GrpcLogAppender.java:mayWait(143)) - GrpcLogAppender(12a3f542-eaa3-41f8-9242-653e2388110a->2e502478-34c1-4a4b-9702-a9321f11dbb4): Wait interrupted by java.lang.InterruptedException
2019-08-22 09:19:06,695 [org.apache.ratis.server.impl.LogAppender$AppenderDaemon$$Lambda$520/880152856@28345a0d] WARN  server.GrpcLogAppender (GrpcLogAppender.java:mayWait(143)) - GrpcLogAppender(12a3f542-eaa3-41f8-9242-653e2388110a->70168daa-7dae-4fec-be11-36b8f7c0b13e): Wait interrupted by java.lang.InterruptedException
2019-08-22 09:19:06,695 [main] INFO  ozoneimpl.OzoneContainer (OzoneContainer.java:stop(199)) - Attempting to stop container services.
2019-08-22 09:19:06,695 [ForkJoinPool.commonPool-worker-0] INFO  impl.PendingRequests (PendingRequests.java:sendNotLeaderResponses(202)) - 12a3f542-eaa3-41f8-9242-653e2388110a-PendingRequests: sendNotLeaderResponses
2019-08-22 09:19:06,696 [main] INFO  impl.RaftServerProxy (RaftServerProxy.java:lambda$close$4(314)) - b97a343a-dda1-4b47-81df-1468ac752697: close
2019-08-22 09:19:06,698 [main] INFO  impl.RaftServerImpl (RaftServerImpl.java:lambda$shutdown$3(245)) - b97a343a-dda1-4b47-81df-1468ac752697: shutdown group-CE15BE703714
2019-08-22 09:19:06,698 [ForkJoinPool.commonPool-worker-0] INFO  impl.StateMachineUpdater (StateMachineUpdater.java:stopAndJoin(115)) - StateMachineUpdater:12a3f542-eaa3-41f8-9242-653e2388110a:group-00599D447303: set stopIndex = 18
2019-08-22 09:19:06,699 [StateMachineUpdater:12a3f542-eaa3-41f8-9242-653e2388110a:group-00599D447303] INFO  ratis.ContainerStateMachine (ContainerStateMachine.java:takeSnapshot(283)) - group-00599D447303: Taking a snapshot at:(t:1, i:18) file /workdir/hadoop-ozone/integration-test/target/test-dir/MiniOzoneClusterImpl-cf4d0e4d-ce27-4b81-b116-ed410f7e9b07/datanode-0/data/ratis/2a907c44-29b3-4828-bb09-00599d447303/sm/snapshot.1_18
2019-08-22 09:19:06,699 [main] INFO  util.JmxRegister (JmxRegister.java:unregister(73)) - Successfully un-registered JMX Bean with object name Ratis:service=RaftServer,group=group-CE15BE703714,id=b97a343a-dda1-4b47-81df-1468ac752697
2019-08-22 09:19:06,699 [main] INFO  impl.RoleInfo (RoleInfo.java:shutdownFollowerState(121)) - b97a343a-dda1-4b47-81df-1468ac752697: shutdown FollowerState
2019-08-22 09:19:06,700 [main] INFO  impl.StateMachineUpdater (StateMachineUpdater.java:stopAndJoin(115)) - StateMachineUpdater:b97a343a-dda1-4b47-81df-1468ac752697:group-CE15BE703714: set stopIndex = 5
2019-08-22 09:19:06,700 [StateMachineUpdater:b97a343a-dda1-4b47-81df-1468ac752697:group-CE15BE703714] INFO  ratis.ContainerStateMachine (ContainerStateMachine.java:takeSnapshot(283)) - group-CE15BE703714: Taking a snapshot at:(t:3, i:3) file /workdir/hadoop-ozone/integration-test/target/test-dir/MiniOzoneClusterImpl-cf4d0e4d-ce27-4b81-b116-ed410f7e9b07/datanode-6/data/ratis/8334ae7b-6a16-4957-860f-ce15be703714/sm/snapshot.3_3
2019-08-22 09:19:06,700 [Thread-509] INFO  impl.FollowerState (FollowerState.java:run(114)) - b97a343a-dda1-4b47-81df-1468ac752697: FollowerState was interrupted: java.lang.InterruptedException: sleep interrupted
2019-08-22 09:19:06,713 [StateMachineUpdater:b97a343a-dda1-4b47-81df-1468ac752697:group-CE15BE703714] INFO  ratis.ContainerStateMachine (ContainerStateMachine.java:takeSnapshot(294)) - group-CE15BE703714: Finished taking a snapshot at:(t:3, i:3) file:/workdir/hadoop-ozone/integration-test/target/test-dir/MiniOzoneClusterImpl-cf4d0e4d-ce27-4b81-b116-ed410f7e9b07/datanode-6/data/ratis/8334ae7b-6a16-4957-860f-ce15be703714/sm/snapshot.3_3 time:13
2019-08-22 09:19:06,713 [StateMachineUpdater:12a3f542-eaa3-41f8-9242-653e2388110a:group-00599D447303] INFO  ratis.ContainerStateMachine (ContainerStateMachine.java:takeSnapshot(294)) - group-00599D447303: Finished taking a snapshot at:(t:1, i:18) file:/workdir/hadoop-ozone/integration-test/target/test-dir/MiniOzoneClusterImpl-cf4d0e4d-ce27-4b81-b116-ed410f7e9b07/datanode-0/data/ratis/2a907c44-29b3-4828-bb09-00599d447303/sm/snapshot.1_18 time:14
2019-08-22 09:19:06,713 [StateMachineUpdater:b97a343a-dda1-4b47-81df-1468ac752697:group-CE15BE703714] INFO  impl.StateMachineUpdater (StateMachineUpdater.java:takeSnapshot(242)) - StateMachineUpdater:b97a343a-dda1-4b47-81df-1468ac752697:group-CE15BE703714: Took a snapshot at index 3
2019-08-22 09:19:06,713 [StateMachineUpdater:12a3f542-eaa3-41f8-9242-653e2388110a:group-00599D447303] INFO  impl.StateMachineUpdater (StateMachineUpdater.java:takeSnapshot(242)) - StateMachineUpdater:12a3f542-eaa3-41f8-9242-653e2388110a:group-00599D447303: Took a snapshot at index 18
2019-08-22 09:19:06,713 [StateMachineUpdater:b97a343a-dda1-4b47-81df-1468ac752697:group-CE15BE703714] INFO  impl.StateMachineUpdater (StateMachineUpdater.java:lambda$new$0(80)) - StateMachineUpdater:b97a343a-dda1-4b47-81df-1468ac752697:group-CE15BE703714: snapshotIndex: updateIncreasingly -1 -> 3
2019-08-22 09:19:06,713 [StateMachineUpdater:12a3f542-eaa3-41f8-9242-653e2388110a:group-00599D447303] INFO  impl.StateMachineUpdater (StateMachineUpdater.java:lambda$new$0(80)) - StateMachineUpdater:12a3f542-eaa3-41f8-9242-653e2388110a:group-00599D447303: snapshotIndex: updateIncreasingly -1 -> 18
2019-08-22 09:19:06,714 [main] INFO  impl.RaftServerImpl (ServerState.java:close(394)) - b97a343a-dda1-4b47-81df-1468ac752697:group-CE15BE703714 closes. The last applied log index is 5
2019-08-22 09:19:06,714 [ForkJoinPool.commonPool-worker-0] INFO  impl.RaftServerImpl (ServerState.java:close(394)) - 12a3f542-eaa3-41f8-9242-653e2388110a:group-00599D447303 closes. The last applied log index is 18
2019-08-22 09:19:06,715 [b97a343a-dda1-4b47-81df-1468ac752697-SegmentedRaftLogWorker:Storage Directory /workdir/hadoop-ozone/integration-test/target/test-dir/MiniOzoneClusterImpl-cf4d0e4d-ce27-4b81-b116-ed410f7e9b07/datanode-6/data/ratis/8334ae7b-6a16-4957-860f-ce15be703714] INFO  segmented.SegmentedRaftLogWorker (SegmentedRaftLogWorker.java:run(313)) - b97a343a-dda1-4b47-81df-1468ac752697-SegmentedRaftLogWorker:Storage Directory /workdir/hadoop-ozone/integration-test/target/test-dir/MiniOzoneClusterImpl-cf4d0e4d-ce27-4b81-b116-ed410f7e9b07/datanode-6/data/ratis/8334ae7b-6a16-4957-860f-ce15be703714 was interrupted, exiting. There are 0 tasks remaining in the queue.
2019-08-22 09:19:06,715 [12a3f542-eaa3-41f8-9242-653e2388110a-SegmentedRaftLogWorker:Storage Directory /workdir/hadoop-ozone/integration-test/target/test-dir/MiniOzoneClusterImpl-cf4d0e4d-ce27-4b81-b116-ed410f7e9b07/datanode-0/data/ratis/2a907c44-29b3-4828-bb09-00599d447303] INFO  segmented.SegmentedRaftLogWorker (SegmentedRaftLogWorker.java:run(313)) - 12a3f542-eaa3-41f8-9242-653e2388110a-SegmentedRaftLogWorker:Storage Directory /workdir/hadoop-ozone/integration-test/target/test-dir/MiniOzoneClusterImpl-cf4d0e4d-ce27-4b81-b116-ed410f7e9b07/datanode-0/data/ratis/2a907c44-29b3-4828-bb09-00599d447303 was interrupted, exiting. There are 0 tasks remaining in the queue.
2019-08-22 09:19:06,718 [main] INFO  segmented.SegmentedRaftLogWorker (SegmentedRaftLogWorker.java:close(228)) - b97a343a-dda1-4b47-81df-1468ac752697-SegmentedRaftLogWorker:Storage Directory /workdir/hadoop-ozone/integration-test/target/test-dir/MiniOzoneClusterImpl-cf4d0e4d-ce27-4b81-b116-ed410f7e9b07/datanode-6/data/ratis/8334ae7b-6a16-4957-860f-ce15be703714 close()
2019-08-22 09:19:06,718 [ForkJoinPool.commonPool-worker-0] INFO  segmented.SegmentedRaftLogWorker (SegmentedRaftLogWorker.java:close(228)) - 12a3f542-eaa3-41f8-9242-653e2388110a-SegmentedRaftLogWorker:Storage Directory /workdir/hadoop-ozone/integration-test/target/test-dir/MiniOzoneClusterImpl-cf4d0e4d-ce27-4b81-b116-ed410f7e9b07/datanode-0/data/ratis/2a907c44-29b3-4828-bb09-00599d447303 close()
2019-08-22 09:19:06,726 [main] INFO  impl.RaftServerImpl (RaftServerImpl.java:lambda$shutdown$3(245)) - b97a343a-dda1-4b47-81df-1468ac752697: shutdown group-CA15AB69A4C6
2019-08-22 09:19:06,727 [ForkJoinPool.commonPool-worker-0] INFO  server.GrpcService (GrpcService.java:closeImpl(155)) - 12a3f542-eaa3-41f8-9242-653e2388110a: shutdown server with port 36496 now
2019-08-22 09:19:06,728 [main] INFO  util.JmxRegister (JmxRegister.java:unregister(73)) - Successfully un-registered JMX Bean with object name Ratis:service=RaftServer,group=group-CA15AB69A4C6,id=b97a343a-dda1-4b47-81df-1468ac752697
2019-08-22 09:19:06,728 [main] INFO  impl.RoleInfo (RoleInfo.java:shutdownLeaderState(104)) - b97a343a-dda1-4b47-81df-1468ac752697: shutdown LeaderState
2019-08-22 09:19:06,729 [main] INFO  impl.PendingRequests (PendingRequests.java:sendNotLeaderResponses(202)) - b97a343a-dda1-4b47-81df-1468ac752697-PendingRequests: sendNotLeaderResponses
2019-08-22 09:19:06,729 [ForkJoinPool.commonPool-worker-0] INFO  server.GrpcService (GrpcService.java:closeImpl(163)) - 12a3f542-eaa3-41f8-9242-653e2388110a: shutdown server with port 36496 successfully
2019-08-22 09:19:06,729 [grpc-default-executor-5] WARN  client.GrpcClientProtocolService (LogUtils.java:warn(134)) - 3-UnorderedRequestStreamObserver3: onError: org.apache.ratis.thirdparty.io.grpc.StatusRuntimeException: CANCELLED: cancelled before receiving half close
2019-08-22 09:19:06,730 [main] INFO  impl.StateMachineUpdater (StateMachineUpdater.java:stopAndJoin(115)) - StateMachineUpdater:b97a343a-dda1-4b47-81df-1468ac752697:group-CA15AB69A4C6: set stopIndex = 0
2019-08-22 09:19:06,731 [main] INFO  impl.RaftServerImpl (ServerState.java:close(394)) - b97a343a-dda1-4b47-81df-1468ac752697:group-CA15AB69A4C6 closes. The last applied log index is 0
2019-08-22 09:19:06,731 [b97a343a-dda1-4b47-81df-1468ac752697-SegmentedRaftLogWorker:Storage Directory /workdir/hadoop-ozone/integration-test/target/test-dir/MiniOzoneClusterImpl-cf4d0e4d-ce27-4b81-b116-ed410f7e9b07/datanode-6/data/ratis/f0c507c8-50d8-44ec-85ac-ca15ab69a4c6] INFO  segmented.SegmentedRaftLogWorker (SegmentedRaftLogWorker.java:run(313)) - b97a343a-dda1-4b47-81df-1468ac752697-SegmentedRaftLogWorker:Storage Directory /workdir/hadoop-ozone/integration-test/target/test-dir/MiniOzoneClusterImpl-cf4d0e4d-ce27-4b81-b116-ed410f7e9b07/datanode-6/data/ratis/f0c507c8-50d8-44ec-85ac-ca15ab69a4c6 was interrupted, exiting. There are 0 tasks remaining in the queue.
2019-08-22 09:19:06,732 [main] INFO  segmented.SegmentedRaftLogWorker (SegmentedRaftLogWorker.java:close(228)) - b97a343a-dda1-4b47-81df-1468ac752697-SegmentedRaftLogWorker:Storage Directory /workdir/hadoop-ozone/integration-test/target/test-dir/MiniOzoneClusterImpl-cf4d0e4d-ce27-4b81-b116-ed410f7e9b07/datanode-6/data/ratis/f0c507c8-50d8-44ec-85ac-ca15ab69a4c6 close()
2019-08-22 09:19:06,734 [main] INFO  server.GrpcService (GrpcService.java:closeImpl(155)) - b97a343a-dda1-4b47-81df-1468ac752697: shutdown server with port 41515 now
2019-08-22 09:19:06,736 [grpc-default-executor-0] WARN  server.GrpcServerProtocolService (LogUtils.java:warn(134)) - b97a343a-dda1-4b47-81df-1468ac752697: appendEntries onError: org.apache.ratis.thirdparty.io.grpc.StatusRuntimeException: CANCELLED: cancelled before receiving half close
2019-08-22 09:19:06,736 [main] INFO  server.GrpcService (GrpcService.java:closeImpl(163)) - b97a343a-dda1-4b47-81df-1468ac752697: shutdown server with port 41515 successfully
2019-08-22 09:19:06,736 [grpc-default-executor-0] WARN  server.GrpcLogAppender (LogUtils.java:warn(134)) - 2657734f-6a71-4b27-b9ea-baa03e97c1c3->b97a343a-dda1-4b47-81df-1468ac752697: Failed appendEntries: org.apache.ratis.thirdparty.io.grpc.StatusRuntimeException: CANCELLED: HTTP/2 error code: CANCEL
Received Rst Stream
2019-08-22 09:19:06,737 [grpc-default-executor-0] INFO  impl.FollowerInfo (FollowerInfo.java:lambda$new$0(50)) - 2657734f-6a71-4b27-b9ea-baa03e97c1c3->b97a343a-dda1-4b47-81df-1468ac752697: nextIndex: updateUnconditionally 7 -> 6
2019-08-22 09:19:06,738 [main] INFO  utils.BackgroundService (BackgroundService.java:shutdown(148)) - Shutting down service BlockDeletingService
2019-08-22 09:19:06,739 [refreshUsed-/workdir/hadoop-ozone/integration-test/target/test-dir/MiniOzoneClusterImpl-cf4d0e4d-ce27-4b81-b116-ed410f7e9b07/datanode-6/data/containers] WARN  fs.CachingGetSpaceUsed (CachingGetSpaceUsed.java:run(183)) - Thread Interrupted waiting to refresh disk information: sleep interrupted
2019-08-22 09:19:06,741 [ForkJoinPool.commonPool-worker-0] INFO  utils.BackgroundService (BackgroundService.java:shutdown(148)) - Shutting down service BlockDeletingService
2019-08-22 09:19:06,745 [refreshUsed-/workdir/hadoop-ozone/integration-test/target/test-dir/MiniOzoneClusterImpl-cf4d0e4d-ce27-4b81-b116-ed410f7e9b07/datanode-0/data/containers] WARN  fs.CachingGetSpaceUsed (CachingGetSpaceUsed.java:run(183)) - Thread Interrupted waiting to refresh disk information: sleep interrupted
2019-08-22 09:19:06,767 [main] INFO  statemachine.DatanodeStateMachine (DatanodeStateMachine.java:stopDaemon(395)) - Ozone container server stopped.
2019-08-22 09:19:06,768 [main] INFO  handler.ContextHandler (ContextHandler.java:doStop(910)) - Stopped o.e.j.w.WebAppContext@1c6e3ff9{/,null,UNAVAILABLE}{/hddsDatanode}
2019-08-22 09:19:06,769 [main] INFO  server.AbstractConnector (AbstractConnector.java:doStop(318)) - Stopped ServerConnector@76e6c070{HTTP/1.1,[http/1.1]}{0.0.0.0:0}
2019-08-22 09:19:06,770 [main] INFO  handler.ContextHandler (ContextHandler.java:doStop(910)) - Stopped o.e.j.s.ServletContextHandler@394a6d2b{/static,jar:file:/home/user/.m2/repository/org/apache/hadoop/hadoop-hdds-container-service/0.5.0-SNAPSHOT/hadoop-hdds-container-service-0.5.0-SNAPSHOT.jar!/webapps/static,UNAVAILABLE}
2019-08-22 09:19:06,770 [main] INFO  handler.ContextHandler (ContextHandler.java:doStop(910)) - Stopped o.e.j.s.ServletContextHandler@582dcd35{/logs,file:///workdir/hadoop-ozone/integration-test/target/log,UNAVAILABLE}
2019-08-22 09:19:06,773 [ForkJoinPool.commonPool-worker-0] INFO  statemachine.DatanodeStateMachine (DatanodeStateMachine.java:stopDaemon(395)) - Ozone container server stopped.
2019-08-22 09:19:06,773 [main] INFO  datanode.ObjectStoreHandler (ObjectStoreHandler.java:close(155)) - Closing ObjectStoreHandler.
2019-08-22 09:19:06,776 [main] INFO  ozone.HddsDatanodeService (HddsDatanodeService.java:stop(451)) - Stopped plug-in org.apache.hadoop.ozone.web.OzoneHddsDatanodeService@d9f5fce
2019-08-22 09:19:06,777 [ForkJoinPool.commonPool-worker-0] INFO  handler.ContextHandler (ContextHandler.java:doStop(910)) - Stopped o.e.j.w.WebAppContext@4c58255{/,null,UNAVAILABLE}{/hddsDatanode}
2019-08-22 09:19:06,778 [ForkJoinPool.commonPool-worker-0] INFO  server.AbstractConnector (AbstractConnector.java:doStop(318)) - Stopped ServerConnector@eac3a26{HTTP/1.1,[http/1.1]}{0.0.0.0:0}
2019-08-22 09:19:06,779 [ForkJoinPool.commonPool-worker-0] INFO  handler.ContextHandler (ContextHandler.java:doStop(910)) - Stopped o.e.j.s.ServletContextHandler@50fb33a{/static,jar:file:/home/user/.m2/repository/org/apache/hadoop/hadoop-hdds-container-service/0.5.0-SNAPSHOT/hadoop-hdds-container-service-0.5.0-SNAPSHOT.jar!/webapps/static,UNAVAILABLE}
2019-08-22 09:19:06,780 [ForkJoinPool.commonPool-worker-0] INFO  handler.ContextHandler (ContextHandler.java:doStop(910)) - Stopped o.e.j.s.ServletContextHandler@6a1d3225{/logs,file:///workdir/hadoop-ozone/integration-test/target/log,UNAVAILABLE}
2019-08-22 09:19:07,217 [Datanode State Machine Thread - 0] INFO  statemachine.DatanodeStateMachine (DatanodeStateMachine.java:lambda$startDaemon$0(350)) - Ozone container server started.
2019-08-22 09:19:08,333 [grpc-default-executor-1] WARN  server.GrpcLogAppender (LogUtils.java:warn(134)) - 2657734f-6a71-4b27-b9ea-baa03e97c1c3->b97a343a-dda1-4b47-81df-1468ac752697: Failed appendEntries: org.apache.ratis.thirdparty.io.grpc.StatusRuntimeException: UNAVAILABLE: io exception
2019-08-22 09:19:08,335 [grpc-default-executor-1] INFO  impl.FollowerInfo (FollowerInfo.java:lambda$new$0(50)) - 2657734f-6a71-4b27-b9ea-baa03e97c1c3->b97a343a-dda1-4b47-81df-1468ac752697: nextIndex: updateUnconditionally 6 -> 5
2019-08-22 09:19:08,353 [grpc-default-executor-5] WARN  server.GrpcLogAppender (LogUtils.java:warn(134)) - 2657734f-6a71-4b27-b9ea-baa03e97c1c3->4b6d0314-6f83-4f2a-b37f-5169ffd221d4: Failed appendEntries: org.apache.ratis.thirdparty.io.grpc.StatusRuntimeException: UNAVAILABLE: io exception
2019-08-22 09:19:08,354 [grpc-default-executor-5] INFO  impl.FollowerInfo (FollowerInfo.java:lambda$new$0(50)) - 2657734f-6a71-4b27-b9ea-baa03e97c1c3->4b6d0314-6f83-4f2a-b37f-5169ffd221d4: nextIndex: updateUnconditionally 1 -> 0
2019-08-22 09:19:10,836 [grpc-default-executor-0] WARN  server.GrpcLogAppender (LogUtils.java:warn(134)) - 2657734f-6a71-4b27-b9ea-baa03e97c1c3->b97a343a-dda1-4b47-81df-1468ac752697: Failed appendEntries: org.apache.ratis.thirdparty.io.grpc.StatusRuntimeException: UNAVAILABLE: io exception
2019-08-22 09:19:10,837 [grpc-default-executor-0] INFO  impl.FollowerInfo (FollowerInfo.java:lambda$new$0(50)) - 2657734f-6a71-4b27-b9ea-baa03e97c1c3->b97a343a-dda1-4b47-81df-1468ac752697: nextIndex: updateUnconditionally 5 -> 4
2019-08-22 09:19:10,853 [grpc-default-executor-1] WARN  server.GrpcLogAppender (LogUtils.java:warn(134)) - 2657734f-6a71-4b27-b9ea-baa03e97c1c3->4b6d0314-6f83-4f2a-b37f-5169ffd221d4: Failed appendEntries: org.apache.ratis.thirdparty.io.grpc.StatusRuntimeException: UNAVAILABLE: io exception
2019-08-22 09:19:10,855 [grpc-default-executor-1] INFO  impl.FollowerInfo (FollowerInfo.java:lambda$new$0(50)) - 2657734f-6a71-4b27-b9ea-baa03e97c1c3->4b6d0314-6f83-4f2a-b37f-5169ffd221d4: nextIndex: updateUnconditionally 0 -> 0
2019-08-22 09:19:11,245 [EventQueue-StaleNodeForStaleNodeHandler] INFO  node.StaleNodeHandler (StaleNodeHandler.java:onMessage(58)) - Datanode 2657734f-6a71-4b27-b9ea-baa03e97c1c3{ip: 192.168.36.85, host: pr-hdds-1898-9jx57-4170240974, networkLocation: /default-rack, certSerialId: null} moved to stale state. Finalizing its pipelines [PipelineID=8334ae7b-6a16-4957-860f-ce15be703714, PipelineID=f6806577-2591-4568-8b90-dfbe700a134d]
2019-08-22 09:19:11,246 [EventQueue-StaleNodeForStaleNodeHandler] INFO  pipeline.SCMPipelineManager (SCMPipelineManager.java:finalizeAndDestroyPipeline(309)) - destroying pipeline:Pipeline[ Id: 8334ae7b-6a16-4957-860f-ce15be703714, Nodes: 4b6d0314-6f83-4f2a-b37f-5169ffd221d4{ip: 192.168.36.85, host: pr-hdds-1898-9jx57-4170240974, networkLocation: /default-rack, certSerialId: null}2657734f-6a71-4b27-b9ea-baa03e97c1c3{ip: 192.168.36.85, host: pr-hdds-1898-9jx57-4170240974, networkLocation: /default-rack, certSerialId: null}b97a343a-dda1-4b47-81df-1468ac752697{ip: 192.168.36.85, host: pr-hdds-1898-9jx57-4170240974, networkLocation: /default-rack, certSerialId: null}, Type:RATIS, Factor:THREE, State:CLOSED]
2019-08-22 09:19:11,246 [EventQueue-StaleNodeForStaleNodeHandler] INFO  pipeline.SCMPipelineManager (SCMPipelineManager.java:finalizeAndDestroyPipeline(309)) - destroying pipeline:Pipeline[ Id: f6806577-2591-4568-8b90-dfbe700a134d, Nodes: 2657734f-6a71-4b27-b9ea-baa03e97c1c3{ip: 192.168.36.85, host: pr-hdds-1898-9jx57-4170240974, networkLocation: /default-rack, certSerialId: null}, Type:RATIS, Factor:ONE, State:OPEN]
2019-08-22 09:19:11,246 [EventQueue-StaleNodeForStaleNodeHandler] INFO  pipeline.PipelineStateManager (PipelineStateManager.java:finalizePipeline(123)) - Pipeline Pipeline[ Id: f6806577-2591-4568-8b90-dfbe700a134d, Nodes: 2657734f-6a71-4b27-b9ea-baa03e97c1c3{ip: 192.168.36.85, host: pr-hdds-1898-9jx57-4170240974, networkLocation: /default-rack, certSerialId: null}, Type:RATIS, Factor:ONE, State:CLOSED] moved to CLOSED state
2019-08-22 09:19:11,776 [main] INFO  ozoneimpl.OzoneContainer (OzoneContainer.java:stop(199)) - Attempting to stop container services.
2019-08-22 09:19:11,777 [main] INFO  impl.RaftServerProxy (RaftServerProxy.java:lambda$close$4(314)) - 2657734f-6a71-4b27-b9ea-baa03e97c1c3: close
2019-08-22 09:19:11,778 [main] INFO  impl.RaftServerImpl (RaftServerImpl.java:lambda$shutdown$3(245)) - 2657734f-6a71-4b27-b9ea-baa03e97c1c3: shutdown group-CE15BE703714
2019-08-22 09:19:11,779 [main] INFO  util.JmxRegister (JmxRegister.java:unregister(73)) - Successfully un-registered JMX Bean with object name Ratis:service=RaftServer,group=group-CE15BE703714,id=2657734f-6a71-4b27-b9ea-baa03e97c1c3
2019-08-22 09:19:11,779 [main] INFO  impl.RoleInfo (RoleInfo.java:shutdownLeaderState(104)) - 2657734f-6a71-4b27-b9ea-baa03e97c1c3: shutdown LeaderState
2019-08-22 09:19:11,781 [main] INFO  impl.PendingRequests (PendingRequests.java:sendNotLeaderResponses(202)) - 2657734f-6a71-4b27-b9ea-baa03e97c1c3-PendingRequests: sendNotLeaderResponses
2019-08-22 09:19:11,781 [org.apache.ratis.server.impl.LogAppender$AppenderDaemon$$Lambda$520/880152856@beb5448] WARN  server.GrpcLogAppender (GrpcLogAppender.java:mayWait(143)) - GrpcLogAppender(2657734f-6a71-4b27-b9ea-baa03e97c1c3->4b6d0314-6f83-4f2a-b37f-5169ffd221d4): Wait interrupted by java.lang.InterruptedException
2019-08-22 09:19:11,781 [org.apache.ratis.server.impl.LogAppender$AppenderDaemon$$Lambda$520/880152856@184285af] WARN  server.GrpcLogAppender (GrpcLogAppender.java:mayWait(143)) - GrpcLogAppender(2657734f-6a71-4b27-b9ea-baa03e97c1c3->b97a343a-dda1-4b47-81df-1468ac752697): Wait interrupted by java.lang.InterruptedException
2019-08-22 09:19:11,783 [main] INFO  impl.StateMachineUpdater (StateMachineUpdater.java:stopAndJoin(115)) - StateMachineUpdater:2657734f-6a71-4b27-b9ea-baa03e97c1c3:group-CE15BE703714: set stopIndex = 6
2019-08-22 09:19:11,783 [StateMachineUpdater:2657734f-6a71-4b27-b9ea-baa03e97c1c3:group-CE15BE703714] INFO  ratis.ContainerStateMachine (ContainerStateMachine.java:takeSnapshot(283)) - group-CE15BE703714: Taking a snapshot at:(t:3, i:3) file /workdir/hadoop-ozone/integration-test/target/test-dir/MiniOzoneClusterImpl-cf4d0e4d-ce27-4b81-b116-ed410f7e9b07/datanode-5/data/ratis/8334ae7b-6a16-4957-860f-ce15be703714/sm/snapshot.3_3
2019-08-22 09:19:11,814 [StateMachineUpdater:2657734f-6a71-4b27-b9ea-baa03e97c1c3:group-CE15BE703714] INFO  ratis.ContainerStateMachine (ContainerStateMachine.java:takeSnapshot(294)) - group-CE15BE703714: Finished taking a snapshot at:(t:3, i:3) file:/workdir/hadoop-ozone/integration-test/target/test-dir/MiniOzoneClusterImpl-cf4d0e4d-ce27-4b81-b116-ed410f7e9b07/datanode-5/data/ratis/8334ae7b-6a16-4957-860f-ce15be703714/sm/snapshot.3_3 time:32
2019-08-22 09:19:11,815 [StateMachineUpdater:2657734f-6a71-4b27-b9ea-baa03e97c1c3:group-CE15BE703714] INFO  impl.StateMachineUpdater (StateMachineUpdater.java:takeSnapshot(242)) - StateMachineUpdater:2657734f-6a71-4b27-b9ea-baa03e97c1c3:group-CE15BE703714: Took a snapshot at index 3
2019-08-22 09:19:11,815 [StateMachineUpdater:2657734f-6a71-4b27-b9ea-baa03e97c1c3:group-CE15BE703714] INFO  impl.StateMachineUpdater (StateMachineUpdater.java:lambda$new$0(80)) - StateMachineUpdater:2657734f-6a71-4b27-b9ea-baa03e97c1c3:group-CE15BE703714: snapshotIndex: updateIncreasingly -1 -> 3
2019-08-22 09:19:11,815 [main] INFO  impl.RaftServerImpl (ServerState.java:close(394)) - 2657734f-6a71-4b27-b9ea-baa03e97c1c3:group-CE15BE703714 closes. The last applied log index is 6
2019-08-22 09:19:11,816 [2657734f-6a71-4b27-b9ea-baa03e97c1c3-SegmentedRaftLogWorker:Storage Directory /workdir/hadoop-ozone/integration-test/target/test-dir/MiniOzoneClusterImpl-cf4d0e4d-ce27-4b81-b116-ed410f7e9b07/datanode-5/data/ratis/8334ae7b-6a16-4957-860f-ce15be703714] INFO  segmented.SegmentedRaftLogWorker (SegmentedRaftLogWorker.java:run(313)) - 2657734f-6a71-4b27-b9ea-baa03e97c1c3-SegmentedRaftLogWorker:Storage Directory /workdir/hadoop-ozone/integration-test/target/test-dir/MiniOzoneClusterImpl-cf4d0e4d-ce27-4b81-b116-ed410f7e9b07/datanode-5/data/ratis/8334ae7b-6a16-4957-860f-ce15be703714 was interrupted, exiting. There are 0 tasks remaining in the queue.
2019-08-22 09:19:11,817 [main] INFO  segmented.SegmentedRaftLogWorker (SegmentedRaftLogWorker.java:close(228)) - 2657734f-6a71-4b27-b9ea-baa03e97c1c3-SegmentedRaftLogWorker:Storage Directory /workdir/hadoop-ozone/integration-test/target/test-dir/MiniOzoneClusterImpl-cf4d0e4d-ce27-4b81-b116-ed410f7e9b07/datanode-5/data/ratis/8334ae7b-6a16-4957-860f-ce15be703714 close()
2019-08-22 09:19:11,818 [main] INFO  impl.RaftServerImpl (RaftServerImpl.java:lambda$shutdown$3(245)) - 2657734f-6a71-4b27-b9ea-baa03e97c1c3: shutdown group-DFBE700A134D
2019-08-22 09:19:11,819 [main] INFO  util.JmxRegister (JmxRegister.java:unregister(73)) - Successfully un-registered JMX Bean with object name Ratis:service=RaftServer,group=group-DFBE700A134D,id=2657734f-6a71-4b27-b9ea-baa03e97c1c3
2019-08-22 09:19:11,819 [main] INFO  impl.RoleInfo (RoleInfo.java:shutdownLeaderState(104)) - 2657734f-6a71-4b27-b9ea-baa03e97c1c3: shutdown LeaderState
2019-08-22 09:19:11,819 [main] INFO  impl.PendingRequests (PendingRequests.java:sendNotLeaderResponses(202)) - 2657734f-6a71-4b27-b9ea-baa03e97c1c3-PendingRequests: sendNotLeaderResponses
2019-08-22 09:19:11,819 [main] INFO  impl.StateMachineUpdater (StateMachineUpdater.java:stopAndJoin(115)) - StateMachineUpdater:2657734f-6a71-4b27-b9ea-baa03e97c1c3:group-DFBE700A134D: set stopIndex = 0
2019-08-22 09:19:11,820 [main] INFO  impl.RaftServerImpl (ServerState.java:close(394)) - 2657734f-6a71-4b27-b9ea-baa03e97c1c3:group-DFBE700A134D closes. The last applied log index is 0
2019-08-22 09:19:11,820 [2657734f-6a71-4b27-b9ea-baa03e97c1c3-SegmentedRaftLogWorker:Storage Directory /workdir/hadoop-ozone/integration-test/target/test-dir/MiniOzoneClusterImpl-cf4d0e4d-ce27-4b81-b116-ed410f7e9b07/datanode-5/data/ratis/f6806577-2591-4568-8b90-dfbe700a134d] INFO  segmented.SegmentedRaftLogWorker (SegmentedRaftLogWorker.java:run(313)) - 2657734f-6a71-4b27-b9ea-baa03e97c1c3-SegmentedRaftLogWorker:Storage Directory /workdir/hadoop-ozone/integration-test/target/test-dir/MiniOzoneClusterImpl-cf4d0e4d-ce27-4b81-b116-ed410f7e9b07/datanode-5/data/ratis/f6806577-2591-4568-8b90-dfbe700a134d was interrupted, exiting. There are 0 tasks remaining in the queue.
2019-08-22 09:19:11,820 [main] INFO  segmented.SegmentedRaftLogWorker (SegmentedRaftLogWorker.java:close(228)) - 2657734f-6a71-4b27-b9ea-baa03e97c1c3-SegmentedRaftLogWorker:Storage Directory /workdir/hadoop-ozone/integration-test/target/test-dir/MiniOzoneClusterImpl-cf4d0e4d-ce27-4b81-b116-ed410f7e9b07/datanode-5/data/ratis/f6806577-2591-4568-8b90-dfbe700a134d close()
2019-08-22 09:19:11,822 [main] INFO  server.GrpcService (GrpcService.java:closeImpl(155)) - 2657734f-6a71-4b27-b9ea-baa03e97c1c3: shutdown server with port 36700 now
2019-08-22 09:19:11,822 [main] INFO  server.GrpcService (GrpcService.java:closeImpl(163)) - 2657734f-6a71-4b27-b9ea-baa03e97c1c3: shutdown server with port 36700 successfully
2019-08-22 09:19:11,823 [main] INFO  utils.BackgroundService (BackgroundService.java:shutdown(148)) - Shutting down service BlockDeletingService
2019-08-22 09:19:11,824 [refreshUsed-/workdir/hadoop-ozone/integration-test/target/test-dir/MiniOzoneClusterImpl-cf4d0e4d-ce27-4b81-b116-ed410f7e9b07/datanode-5/data/containers] WARN  fs.CachingGetSpaceUsed (CachingGetSpaceUsed.java:run(183)) - Thread Interrupted waiting to refresh disk information: sleep interrupted
2019-08-22 09:19:11,844 [main] INFO  statemachine.DatanodeStateMachine (DatanodeStateMachine.java:stopDaemon(395)) - Ozone container server stopped.
2019-08-22 09:19:11,845 [main] INFO  handler.ContextHandler (ContextHandler.java:doStop(910)) - Stopped o.e.j.w.WebAppContext@7caf1e5{/,null,UNAVAILABLE}{/hddsDatanode}
2019-08-22 09:19:11,846 [main] INFO  server.AbstractConnector (AbstractConnector.java:doStop(318)) - Stopped ServerConnector@5c234920{HTTP/1.1,[http/1.1]}{0.0.0.0:0}
2019-08-22 09:19:11,846 [main] INFO  handler.ContextHandler (ContextHandler.java:doStop(910)) - Stopped o.e.j.s.ServletContextHandler@642c6461{/static,jar:file:/home/user/.m2/repository/org/apache/hadoop/hadoop-hdds-container-service/0.5.0-SNAPSHOT/hadoop-hdds-container-service-0.5.0-SNAPSHOT.jar!/webapps/static,UNAVAILABLE}
2019-08-22 09:19:11,847 [main] INFO  handler.ContextHandler (ContextHandler.java:doStop(910)) - Stopped o.e.j.s.ServletContextHandler@7af1d072{/logs,file:///workdir/hadoop-ozone/integration-test/target/log,UNAVAILABLE}
2019-08-22 09:19:11,848 [main] INFO  ozone.MiniOzoneClusterImpl (MiniOzoneClusterImpl.java:stop(353)) - Stopping the StorageContainerManager
2019-08-22 09:19:11,848 [main] INFO  server.StorageContainerManager (StorageContainerManager.java:stop(797)) - Stopping Replication Manager Service.
2019-08-22 09:19:11,848 [main] INFO  container.ReplicationManager (ReplicationManager.java:stop(193)) - Stopping Replication Monitor Thread.
2019-08-22 09:19:11,849 [main] INFO  server.StorageContainerManager (StorageContainerManager.java:stop(804)) - Stopping Lease Manager of the command watchers
2019-08-22 09:19:11,849 [main] INFO  server.StorageContainerManager (StorageContainerManager.java:stop(811)) - Stopping datanode service RPC server
2019-08-22 09:19:11,849 [main] INFO  server.SCMDatanodeProtocolServer (SCMDatanodeProtocolServer.java:stop(367)) - Stopping the RPC server for DataNodes
2019-08-22 09:19:11,849 [main] INFO  ipc.Server (Server.java:stop(3082)) - Stopping server on 34427
2019-08-22 09:19:11,851 [IPC Server listener on 34427] INFO  ipc.Server (Server.java:run(1185)) - Stopping IPC Server listener on 34427
2019-08-22 09:19:11,851 [IPC Server Responder] INFO  ipc.Server (Server.java:run(1319)) - Stopping IPC Server Responder
2019-08-22 09:19:11,947 [SCM Heartbeat Processing Thread - 0] WARN  node.NodeStateManager (NodeStateManager.java:scheduleNextHealthCheck(646)) - Current Thread is interrupted, shutting down HB processing thread for Node Manager.
2019-08-22 09:19:11,947 [main] INFO  server.StorageContainerManager (StorageContainerManager.java:stop(819)) - Stopping block service RPC server
2019-08-22 09:19:11,947 [main] INFO  server.SCMBlockProtocolServer (SCMBlockProtocolServer.java:stop(148)) - Stopping the RPC server for Block Protocol
2019-08-22 09:19:11,948 [main] INFO  ipc.Server (Server.java:stop(3082)) - Stopping server on 33579
2019-08-22 09:19:11,949 [main] INFO  server.StorageContainerManager (StorageContainerManager.java:stop(826)) - Stopping the StorageContainerLocationProtocol RPC server
2019-08-22 09:19:11,950 [IPC Server Responder] INFO  ipc.Server (Server.java:run(1319)) - Stopping IPC Server Responder
2019-08-22 09:19:11,950 [IPC Server listener on 33579] INFO  ipc.Server (Server.java:run(1185)) - Stopping IPC Server listener on 33579
2019-08-22 09:19:11,950 [main] INFO  server.SCMClientProtocolServer (SCMClientProtocolServer.java:stop(159)) - Stopping the RPC server for Client Protocol
2019-08-22 09:19:11,950 [main] INFO  ipc.Server (Server.java:stop(3082)) - Stopping server on 33033
2019-08-22 09:19:11,952 [main] INFO  server.StorageContainerManager (StorageContainerManager.java:stop(833)) - Stopping Storage Container Manager HTTP server.
2019-08-22 09:19:11,952 [IPC Server listener on 33033] INFO  ipc.Server (Server.java:run(1185)) - Stopping IPC Server listener on 33033
2019-08-22 09:19:11,952 [IPC Server Responder] INFO  ipc.Server (Server.java:run(1319)) - Stopping IPC Server Responder
2019-08-22 09:19:11,954 [main] INFO  handler.ContextHandler (ContextHandler.java:doStop(910)) - Stopped o.e.j.w.WebAppContext@48f5bde6{/,null,UNAVAILABLE}{/scm}
2019-08-22 09:19:11,954 [main] INFO  server.AbstractConnector (AbstractConnector.java:doStop(318)) - Stopped ServerConnector@6d511b5f{HTTP/1.1,[http/1.1]}{0.0.0.0:0}
2019-08-22 09:19:11,955 [main] INFO  handler.ContextHandler (ContextHandler.java:doStop(910)) - Stopped o.e.j.s.ServletContextHandler@5c530d1e{/static,file:///workdir/hadoop-ozone/integration-test/target/test-classes/webapps/static,UNAVAILABLE}
2019-08-22 09:19:11,955 [main] INFO  handler.ContextHandler (ContextHandler.java:doStop(910)) - Stopped o.e.j.s.ServletContextHandler@5286c33a{/logs,file:///workdir/hadoop-ozone/integration-test/target/log,UNAVAILABLE}
2019-08-22 09:19:11,957 [main] INFO  server.StorageContainerManager (StorageContainerManager.java:stop(844)) - Stopping Block Manager Service.
2019-08-22 09:19:11,957 [main] INFO  utils.BackgroundService (BackgroundService.java:shutdown(148)) - Shutting down service SCMBlockDeletingService
2019-08-22 09:19:11,958 [main] INFO  utils.BackgroundService (BackgroundService.java:shutdown(148)) - Shutting down service SCMBlockDeletingService
2019-08-22 09:19:11,958 [main] INFO  server.StorageContainerManager (StorageContainerManager.java:stop(866)) - Stopping SCM Event Queue.
2019-08-22 09:19:11,965 [main] INFO  impl.MetricsSystemImpl (MetricsSystemImpl.java:stop(210)) - Stopping XceiverClientMetrics metrics system...
2019-08-22 09:19:11,972 [main] INFO  impl.MetricsSystemImpl (MetricsSystemImpl.java:stop(216)) - XceiverClientMetrics metrics system stopped.
]]></system-out>
    <system-err><![CDATA[Aug 22, 2019 9:18:25 AM com.sun.jersey.server.impl.application.WebApplicationImpl _initiate
INFO: Initiating Jersey application, version 'Jersey: 1.19 02/11/2015 03:25 AM'
Aug 22, 2019 9:18:26 AM com.sun.jersey.server.impl.application.WebApplicationImpl _initiate
INFO: Initiating Jersey application, version 'Jersey: 1.19 02/11/2015 03:25 AM'
Aug 22, 2019 9:18:26 AM com.sun.jersey.server.impl.application.WebApplicationImpl _initiate
INFO: Initiating Jersey application, version 'Jersey: 1.19 02/11/2015 03:25 AM'
Aug 22, 2019 9:18:26 AM com.sun.jersey.server.impl.application.WebApplicationImpl _initiate
INFO: Initiating Jersey application, version 'Jersey: 1.19 02/11/2015 03:25 AM'
Aug 22, 2019 9:18:27 AM com.sun.jersey.server.impl.application.WebApplicationImpl _initiate
INFO: Initiating Jersey application, version 'Jersey: 1.19 02/11/2015 03:25 AM'
Aug 22, 2019 9:18:27 AM com.sun.jersey.server.impl.application.WebApplicationImpl _initiate
INFO: Initiating Jersey application, version 'Jersey: 1.19 02/11/2015 03:25 AM'
Aug 22, 2019 9:18:27 AM com.sun.jersey.server.impl.application.WebApplicationImpl _initiate
INFO: Initiating Jersey application, version 'Jersey: 1.19 02/11/2015 03:25 AM'
]]></system-err>
  </testcase>
  <testcase name="testDatanodeFailureWithPreAllocation" classname="org.apache.hadoop.ozone.client.rpc.TestBlockOutputStreamWithFailures" time="233.846"/>
  <testcase name="testDatanodeFailureWithSingleNodeRatis" classname="org.apache.hadoop.ozone.client.rpc.TestBlockOutputStreamWithFailures" time="229.735"/>
  <testcase name="testWatchForCommitWithSingleNodeRatis" classname="org.apache.hadoop.ozone.client.rpc.TestBlockOutputStreamWithFailures" time="39.713"/>
  <testcase name="testWatchForCommitDatanodeFailure" classname="org.apache.hadoop.ozone.client.rpc.TestBlockOutputStreamWithFailures" time="72.748">
    <failure message="expected:&lt;2&gt; but was:&lt;3&gt;" type="java.lang.AssertionError"><![CDATA[java.lang.AssertionError: expected:<2> but was:<3>
	at org.junit.Assert.fail(Assert.java:88)
	at org.junit.Assert.failNotEquals(Assert.java:743)
	at org.junit.Assert.assertEquals(Assert.java:118)
	at org.junit.Assert.assertEquals(Assert.java:555)
	at org.junit.Assert.assertEquals(Assert.java:542)
	at org.apache.hadoop.ozone.client.rpc.TestBlockOutputStreamWithFailures.testWatchForCommitDatanodeFailure(TestBlockOutputStreamWithFailures.java:366)
	at sun.reflect.NativeMethodAccessorImpl.invoke0(Native Method)
	at sun.reflect.NativeMethodAccessorImpl.invoke(NativeMethodAccessorImpl.java:62)
	at sun.reflect.DelegatingMethodAccessorImpl.invoke(DelegatingMethodAccessorImpl.java:43)
	at java.lang.reflect.Method.invoke(Method.java:498)
	at org.junit.runners.model.FrameworkMethod$1.runReflectiveCall(FrameworkMethod.java:47)
	at org.junit.internal.runners.model.ReflectiveCallable.run(ReflectiveCallable.java:12)
	at org.junit.runners.model.FrameworkMethod.invokeExplosively(FrameworkMethod.java:44)
	at org.junit.internal.runners.statements.InvokeMethod.evaluate(InvokeMethod.java:17)
	at org.junit.internal.runners.statements.RunBefores.evaluate(RunBefores.java:26)
	at org.junit.internal.runners.statements.RunAfters.evaluate(RunAfters.java:27)
	at org.junit.runners.ParentRunner.runLeaf(ParentRunner.java:271)
	at org.junit.runners.BlockJUnit4ClassRunner.runChild(BlockJUnit4ClassRunner.java:70)
	at org.junit.runners.BlockJUnit4ClassRunner.runChild(BlockJUnit4ClassRunner.java:50)
	at org.junit.runners.ParentRunner$3.run(ParentRunner.java:238)
	at org.junit.runners.ParentRunner$1.schedule(ParentRunner.java:63)
	at org.junit.runners.ParentRunner.runChildren(ParentRunner.java:236)
	at org.junit.runners.ParentRunner.access$000(ParentRunner.java:53)
	at org.junit.runners.ParentRunner$2.evaluate(ParentRunner.java:229)
	at org.junit.runners.ParentRunner.run(ParentRunner.java:309)
	at org.apache.maven.surefire.junit4.JUnit4Provider.execute(JUnit4Provider.java:365)
	at org.apache.maven.surefire.junit4.JUnit4Provider.executeWithRerun(JUnit4Provider.java:273)
	at org.apache.maven.surefire.junit4.JUnit4Provider.executeTestSet(JUnit4Provider.java:238)
	at org.apache.maven.surefire.junit4.JUnit4Provider.invoke(JUnit4Provider.java:159)
	at org.apache.maven.surefire.booter.ForkedBooter.invokeProviderInSameClassLoader(ForkedBooter.java:384)
	at org.apache.maven.surefire.booter.ForkedBooter.runSuitesInProcess(ForkedBooter.java:345)
	at org.apache.maven.surefire.booter.ForkedBooter.execute(ForkedBooter.java:126)
	at org.apache.maven.surefire.booter.ForkedBooter.main(ForkedBooter.java:418)
]]></failure>
    <system-out><![CDATA[2019-08-22 09:27:35,345 [main] WARN  server.ServerUtils (ServerUtils.java:getScmDbDir(145)) - ozone.scm.db.dirs is not configured. We recommend adding this setting. Falling back to ozone.metadata.dirs instead.
2019-08-22 09:27:35,369 [main] WARN  server.ServerUtils (ServerUtils.java:getScmDbDir(145)) - ozone.scm.db.dirs is not configured. We recommend adding this setting. Falling back to ozone.metadata.dirs instead.
2019-08-22 09:27:35,370 [main] WARN  server.ServerUtils (ServerUtils.java:getScmDbDir(145)) - ozone.scm.db.dirs is not configured. We recommend adding this setting. Falling back to ozone.metadata.dirs instead.
2019-08-22 09:27:35,370 [main] INFO  db.DBStoreBuilder (DBStoreBuilder.java:addTable(110)) - using custom profile for table: deletedBlocks
2019-08-22 09:27:35,371 [main] INFO  db.DBStoreBuilder (DBStoreBuilder.java:processTables(161)) - Using default column profile:DBProfile.DISK for Table:deletedBlocks
2019-08-22 09:27:35,371 [main] INFO  db.DBStoreBuilder (DBStoreBuilder.java:addTable(110)) - using custom profile for table: validCerts
2019-08-22 09:27:35,371 [main] INFO  db.DBStoreBuilder (DBStoreBuilder.java:processTables(161)) - Using default column profile:DBProfile.DISK for Table:validCerts
2019-08-22 09:27:35,372 [main] INFO  db.DBStoreBuilder (DBStoreBuilder.java:addTable(110)) - using custom profile for table: revokedCerts
2019-08-22 09:27:35,372 [main] INFO  db.DBStoreBuilder (DBStoreBuilder.java:processTables(161)) - Using default column profile:DBProfile.DISK for Table:revokedCerts
2019-08-22 09:27:35,372 [main] INFO  db.DBStoreBuilder (DBStoreBuilder.java:addTable(110)) - using custom profile for table: default
2019-08-22 09:27:35,373 [main] INFO  db.DBStoreBuilder (DBStoreBuilder.java:processTables(167)) - Using default column profile:DBProfile.DISK for Table:default
2019-08-22 09:27:35,373 [main] INFO  db.DBStoreBuilder (DBStoreBuilder.java:getDbProfile(198)) - Using default options. DBProfile.DISK
2019-08-22 09:27:35,667 [main] INFO  net.NodeSchemaLoader (NodeSchemaLoader.java:loadSchemaFromFile(125)) - Loading file from sun.misc.CompoundEnumeration@45398bb0
2019-08-22 09:27:35,667 [main] INFO  net.NodeSchemaLoader (NodeSchemaLoader.java:loadSchema(171)) - Loading network topology layer schema file
2019-08-22 09:27:35,674 [main] INFO  node.SCMNodeManager (SCMNodeManager.java:<init>(121)) - Entering startup safe mode.
2019-08-22 09:27:35,675 [main] INFO  algorithms.ContainerPlacementPolicyFactory (ContainerPlacementPolicyFactory.java:getPolicy(55)) - Create container placement policy of type org.apache.hadoop.hdds.scm.container.placement.algorithms.SCMContainerPlacementRandom
2019-08-22 09:27:35,676 [main] WARN  server.ServerUtils (ServerUtils.java:getScmDbDir(145)) - ozone.scm.db.dirs is not configured. We recommend adding this setting. Falling back to ozone.metadata.dirs instead.
2019-08-22 09:27:35,804 [main] INFO  pipeline.SCMPipelineManager (SCMPipelineManager.java:initializePipelineState(126)) - No pipeline exists in current db
2019-08-22 09:27:35,805 [main] WARN  server.ServerUtils (ServerUtils.java:getScmDbDir(145)) - ozone.scm.db.dirs is not configured. We recommend adding this setting. Falling back to ozone.metadata.dirs instead.
2019-08-22 09:27:35,910 [main] WARN  events.EventQueue (EventQueue.java:fireEvent(175)) - No event handler registered for event TypedEvent{payloadType=SafeModeStatus, name='SafeModeStatus'}
2019-08-22 09:27:35,911 [main] INFO  ipc.CallQueueManager (CallQueueManager.java:<init>(84)) - Using callQueue: class java.util.concurrent.LinkedBlockingQueue, queueCapacity: 2000, scheduler: class org.apache.hadoop.ipc.DefaultRpcScheduler, ipcBackoff: false.
2019-08-22 09:27:35,913 [Socket Reader #1 for port 44903] INFO  ipc.Server (Server.java:run(1074)) - Starting Socket Reader #1 for port 44903
2019-08-22 09:27:35,915 [main] INFO  ipc.CallQueueManager (CallQueueManager.java:<init>(84)) - Using callQueue: class java.util.concurrent.LinkedBlockingQueue, queueCapacity: 2000, scheduler: class org.apache.hadoop.ipc.DefaultRpcScheduler, ipcBackoff: false.
2019-08-22 09:27:35,916 [Socket Reader #1 for port 33852] INFO  ipc.Server (Server.java:run(1074)) - Starting Socket Reader #1 for port 33852
2019-08-22 09:27:35,918 [main] INFO  ipc.CallQueueManager (CallQueueManager.java:<init>(84)) - Using callQueue: class java.util.concurrent.LinkedBlockingQueue, queueCapacity: 2000, scheduler: class org.apache.hadoop.ipc.DefaultRpcScheduler, ipcBackoff: false.
2019-08-22 09:27:35,919 [Socket Reader #1 for port 38984] INFO  ipc.Server (Server.java:run(1074)) - Starting Socket Reader #1 for port 38984
2019-08-22 09:27:35,922 [main] INFO  hdfs.DFSUtil (DFSUtil.java:httpServerTemplateForNNAndJN(1641)) - Starting Web-server for scm at: http://0.0.0.0:0
2019-08-22 09:27:35,925 [main] INFO  server.AuthenticationFilter (AuthenticationFilter.java:constructSecretProvider(240)) - Unable to initialize FileSignerSecretProvider, falling back to use random secrets.
2019-08-22 09:27:35,926 [main] WARN  http.HttpRequestLog (HttpRequestLog.java:getRequestLog(97)) - Jetty request log can only be enabled using Log4j
2019-08-22 09:27:35,929 [main] INFO  http.HttpServer2 (HttpServer2.java:addGlobalFilter(975)) - Added global filter 'safety' (class=org.apache.hadoop.http.HttpServer2$QuotingInputFilter)
2019-08-22 09:27:35,930 [main] INFO  http.HttpServer2 (HttpServer2.java:addFilter(948)) - Added filter static_user_filter (class=org.apache.hadoop.http.lib.StaticUserWebFilter$StaticUserFilter) to context scm
2019-08-22 09:27:35,930 [main] INFO  http.HttpServer2 (HttpServer2.java:addFilter(958)) - Added filter static_user_filter (class=org.apache.hadoop.http.lib.StaticUserWebFilter$StaticUserFilter) to context logs
2019-08-22 09:27:35,930 [main] INFO  http.HttpServer2 (HttpServer2.java:addFilter(958)) - Added filter static_user_filter (class=org.apache.hadoop.http.lib.StaticUserWebFilter$StaticUserFilter) to context static
2019-08-22 09:27:35,933 [main] INFO  server.StorageContainerManager (StorageContainerManager.java:start(759)) - StorageContainerLocationProtocol RPC server is listening at /0.0.0.0:38984
2019-08-22 09:27:35,936 [main] WARN  impl.MetricsConfig (MetricsConfig.java:loadFirst(134)) - Cannot locate configuration: tried hadoop-metrics2-storagecontainermanager.properties,hadoop-metrics2.properties
2019-08-22 09:27:35,937 [main] INFO  impl.MetricsSystemImpl (MetricsSystemImpl.java:startTimer(374)) - Scheduled Metric snapshot period at 10 second(s).
2019-08-22 09:27:35,938 [main] INFO  impl.MetricsSystemImpl (MetricsSystemImpl.java:start(191)) - StorageContainerManager metrics system started
2019-08-22 09:27:36,022 [main] INFO  server.SCMClientProtocolServer (SCMClientProtocolServer.java:start(151)) - RPC server for Client  is listening at /0.0.0.0:38984
2019-08-22 09:27:36,022 [IPC Server Responder] INFO  ipc.Server (Server.java:run(1314)) - IPC Server Responder: starting
2019-08-22 09:27:36,023 [IPC Server listener on 38984] INFO  ipc.Server (Server.java:run(1153)) - IPC Server listener on 38984: starting
2019-08-22 09:27:36,027 [main] INFO  server.StorageContainerManager (StorageContainerManager.java:start(769)) - ScmBlockLocationProtocol RPC server is listening at /0.0.0.0:33852
2019-08-22 09:27:36,027 [main] INFO  server.SCMBlockProtocolServer (SCMBlockProtocolServer.java:start(140)) - RPC server for Block Protocol is listening at /0.0.0.0:33852
2019-08-22 09:27:36,028 [IPC Server Responder] INFO  ipc.Server (Server.java:run(1314)) - IPC Server Responder: starting
2019-08-22 09:27:36,028 [IPC Server listener on 33852] INFO  ipc.Server (Server.java:run(1153)) - IPC Server listener on 33852: starting
2019-08-22 09:27:36,032 [main] INFO  server.StorageContainerManager (StorageContainerManager.java:start(773)) - ScmDatanodeProtocl RPC server is listening at /0.0.0.0:44903
2019-08-22 09:27:36,032 [main] INFO  server.SCMDatanodeProtocolServer (SCMDatanodeProtocolServer.java:start(191)) - RPC server for DataNodes is listening at /0.0.0.0:44903
2019-08-22 09:27:36,032 [IPC Server Responder] INFO  ipc.Server (Server.java:run(1314)) - IPC Server Responder: starting
2019-08-22 09:27:36,032 [IPC Server listener on 44903] INFO  ipc.Server (Server.java:run(1153)) - IPC Server listener on 44903: starting
2019-08-22 09:27:36,036 [main] INFO  http.HttpServer2 (HttpServer2.java:bindListener(1191)) - Jetty bound to port 41005
2019-08-22 09:27:36,037 [main] INFO  server.Server (Server.java:doStart(351)) - jetty-9.3.24.v20180605, build timestamp: 2018-06-05T17:11:56Z, git hash: 84205aa28f11a4f31f2a3b86d1bba2cc8ab69827
2019-08-22 09:27:36,038 [main] INFO  handler.ContextHandler (ContextHandler.java:doStart(781)) - Started o.e.j.s.ServletContextHandler@17e2ad13{/logs,file:///workdir/hadoop-ozone/integration-test/target/log,AVAILABLE}
2019-08-22 09:27:36,039 [main] INFO  handler.ContextHandler (ContextHandler.java:doStart(781)) - Started o.e.j.s.ServletContextHandler@5f4f198c{/static,file:///workdir/hadoop-ozone/integration-test/target/test-classes/webapps/static,AVAILABLE}
2019-08-22 09:27:36,043 [main] INFO  handler.ContextHandler (ContextHandler.java:doStart(781)) - Started o.e.j.w.WebAppContext@2db0dd19{/,file:///workdir/hadoop-ozone/integration-test/target/test-classes/webapps/scm/,AVAILABLE}{/scm}
2019-08-22 09:27:36,044 [main] INFO  server.AbstractConnector (AbstractConnector.java:doStart(278)) - Started ServerConnector@354ff4f6{HTTP/1.1,[http/1.1]}{0.0.0.0:41005}
2019-08-22 09:27:36,045 [main] INFO  server.Server (Server.java:doStart(419)) - Started @557125ms
2019-08-22 09:27:36,046 [main] INFO  server.BaseHttpServer (BaseHttpServer.java:updateConnectorAddress(213)) - HTTP server of SCM is listening at http://0.0.0.0:41005
2019-08-22 09:27:36,048 [main] WARN  server.ServerUtils (ServerUtils.java:getDBPath(222)) - ozone.om.db.dirs is not configured. We recommend adding this setting. Falling back to ozone.metadata.dirs instead.
2019-08-22 09:27:36,048 [org.apache.hadoop.util.JvmPauseMonitor$Monitor@57e35236] INFO  util.JvmPauseMonitor (JvmPauseMonitor.java:run(188)) - Starting JVM pause monitor
2019-08-22 09:27:36,072 [main] WARN  server.ServerUtils (ServerUtils.java:getDBPath(222)) - ozone.om.db.dirs is not configured. We recommend adding this setting. Falling back to ozone.metadata.dirs instead.
2019-08-22 09:27:36,073 [main] WARN  server.ServerUtils (ServerUtils.java:getDBPath(222)) - ozone.om.db.dirs is not configured. We recommend adding this setting. Falling back to ozone.metadata.dirs instead.
2019-08-22 09:27:36,073 [main] INFO  om.OzoneManager (OzoneManager.java:setOMNodeDetails(648)) - OM Service ID is not set. Setting it to the default ID: omServiceIdDefault
2019-08-22 09:27:36,073 [main] INFO  om.OzoneManager (OzoneManager.java:setOMNodeDetails(654)) - OM Node ID is not set. Setting it to the OmStorage's OmID: 2b236993-b729-4887-bb21-8ad9d9c13022
2019-08-22 09:27:36,073 [main] INFO  om.OzoneManager (OzoneManager.java:loadOMHAConfigs(605)) - Found matching OM address with OMServiceId: null, OMNodeId: null, RPC Address: localhost:0 and Ratis port: 9872
2019-08-22 09:27:36,078 | INFO  | SCMAudit | user=jenkins1000 | ip=192.168.36.85 | op=GET_SCM_INFO null | ret=SUCCESS |  
2019-08-22 09:27:36,080 [main] WARN  server.ServerUtils (ServerUtils.java:getDBPath(222)) - ozone.om.db.dirs is not configured. We recommend adding this setting. Falling back to ozone.metadata.dirs instead.
2019-08-22 09:27:36,081 [main] INFO  db.DBStoreBuilder (DBStoreBuilder.java:addTable(110)) - using custom profile for table: userTable
2019-08-22 09:27:36,081 [main] INFO  db.DBStoreBuilder (DBStoreBuilder.java:processTables(161)) - Using default column profile:DBProfile.DISK for Table:userTable
2019-08-22 09:27:36,081 [main] INFO  db.DBStoreBuilder (DBStoreBuilder.java:addTable(110)) - using custom profile for table: volumeTable
2019-08-22 09:27:36,081 [main] INFO  db.DBStoreBuilder (DBStoreBuilder.java:processTables(161)) - Using default column profile:DBProfile.DISK for Table:volumeTable
2019-08-22 09:27:36,081 [main] INFO  db.DBStoreBuilder (DBStoreBuilder.java:addTable(110)) - using custom profile for table: bucketTable
2019-08-22 09:27:36,081 [main] INFO  db.DBStoreBuilder (DBStoreBuilder.java:processTables(161)) - Using default column profile:DBProfile.DISK for Table:bucketTable
2019-08-22 09:27:36,082 [main] INFO  db.DBStoreBuilder (DBStoreBuilder.java:addTable(110)) - using custom profile for table: keyTable
2019-08-22 09:27:36,082 [main] INFO  db.DBStoreBuilder (DBStoreBuilder.java:processTables(161)) - Using default column profile:DBProfile.DISK for Table:keyTable
2019-08-22 09:27:36,082 [main] INFO  db.DBStoreBuilder (DBStoreBuilder.java:addTable(110)) - using custom profile for table: deletedTable
2019-08-22 09:27:36,082 [main] INFO  db.DBStoreBuilder (DBStoreBuilder.java:processTables(161)) - Using default column profile:DBProfile.DISK for Table:deletedTable
2019-08-22 09:27:36,082 [main] INFO  db.DBStoreBuilder (DBStoreBuilder.java:addTable(110)) - using custom profile for table: openKeyTable
2019-08-22 09:27:36,082 [main] INFO  db.DBStoreBuilder (DBStoreBuilder.java:processTables(161)) - Using default column profile:DBProfile.DISK for Table:openKeyTable
2019-08-22 09:27:36,083 [main] INFO  db.DBStoreBuilder (DBStoreBuilder.java:addTable(110)) - using custom profile for table: s3Table
2019-08-22 09:27:36,083 [main] INFO  db.DBStoreBuilder (DBStoreBuilder.java:processTables(161)) - Using default column profile:DBProfile.DISK for Table:s3Table
2019-08-22 09:27:36,083 [main] INFO  db.DBStoreBuilder (DBStoreBuilder.java:addTable(110)) - using custom profile for table: multipartInfoTable
2019-08-22 09:27:36,083 [main] INFO  db.DBStoreBuilder (DBStoreBuilder.java:processTables(161)) - Using default column profile:DBProfile.DISK for Table:multipartInfoTable
2019-08-22 09:27:36,083 [main] INFO  db.DBStoreBuilder (DBStoreBuilder.java:addTable(110)) - using custom profile for table: dTokenTable
2019-08-22 09:27:36,083 [main] INFO  db.DBStoreBuilder (DBStoreBuilder.java:processTables(161)) - Using default column profile:DBProfile.DISK for Table:dTokenTable
2019-08-22 09:27:36,084 [main] INFO  db.DBStoreBuilder (DBStoreBuilder.java:addTable(110)) - using custom profile for table: s3SecretTable
2019-08-22 09:27:36,084 [main] INFO  db.DBStoreBuilder (DBStoreBuilder.java:processTables(161)) - Using default column profile:DBProfile.DISK for Table:s3SecretTable
2019-08-22 09:27:36,084 [main] INFO  db.DBStoreBuilder (DBStoreBuilder.java:addTable(110)) - using custom profile for table: prefixTable
2019-08-22 09:27:36,084 [main] INFO  db.DBStoreBuilder (DBStoreBuilder.java:processTables(161)) - Using default column profile:DBProfile.DISK for Table:prefixTable
2019-08-22 09:27:36,084 [main] INFO  db.DBStoreBuilder (DBStoreBuilder.java:addTable(110)) - using custom profile for table: default
2019-08-22 09:27:36,085 [main] INFO  db.DBStoreBuilder (DBStoreBuilder.java:processTables(167)) - Using default column profile:DBProfile.DISK for Table:default
2019-08-22 09:27:36,085 [main] INFO  db.DBStoreBuilder (DBStoreBuilder.java:getDbProfile(198)) - Using default options. DBProfile.DISK
2019-08-22 09:27:36,827 [main] INFO  ipc.CallQueueManager (CallQueueManager.java:<init>(84)) - Using callQueue: class java.util.concurrent.LinkedBlockingQueue, queueCapacity: 2000, scheduler: class org.apache.hadoop.ipc.DefaultRpcScheduler, ipcBackoff: false.
2019-08-22 09:27:36,828 [Socket Reader #1 for port 33380] INFO  ipc.Server (Server.java:run(1074)) - Starting Socket Reader #1 for port 33380
2019-08-22 09:27:36,846 [main] INFO  om.OzoneManager (OzoneManager.java:start(1259)) - OzoneManager RPC server is listening at localhost/127.0.0.1:33380
2019-08-22 09:27:36,846 [main] INFO  impl.MetricsSystemImpl (MetricsSystemImpl.java:init(158)) - OzoneManager metrics system started (again)
2019-08-22 09:27:36,847 [IPC Server listener on 33380] INFO  ipc.Server (Server.java:run(1153)) - IPC Server listener on 33380: starting
2019-08-22 09:27:36,847 [IPC Server Responder] INFO  ipc.Server (Server.java:run(1314)) - IPC Server Responder: starting
2019-08-22 09:27:36,852 [main] INFO  hdfs.DFSUtil (DFSUtil.java:httpServerTemplateForNNAndJN(1641)) - Starting Web-server for ozoneManager at: http://0.0.0.0:0
2019-08-22 09:27:36,855 [main] INFO  server.AuthenticationFilter (AuthenticationFilter.java:constructSecretProvider(240)) - Unable to initialize FileSignerSecretProvider, falling back to use random secrets.
2019-08-22 09:27:36,856 [main] WARN  http.HttpRequestLog (HttpRequestLog.java:getRequestLog(97)) - Jetty request log can only be enabled using Log4j
2019-08-22 09:27:36,858 [main] INFO  http.HttpServer2 (HttpServer2.java:addGlobalFilter(975)) - Added global filter 'safety' (class=org.apache.hadoop.http.HttpServer2$QuotingInputFilter)
2019-08-22 09:27:36,859 [main] INFO  http.HttpServer2 (HttpServer2.java:addFilter(948)) - Added filter static_user_filter (class=org.apache.hadoop.http.lib.StaticUserWebFilter$StaticUserFilter) to context ozoneManager
2019-08-22 09:27:36,859 [main] INFO  http.HttpServer2 (HttpServer2.java:addFilter(958)) - Added filter static_user_filter (class=org.apache.hadoop.http.lib.StaticUserWebFilter$StaticUserFilter) to context static
2019-08-22 09:27:36,859 [main] INFO  http.HttpServer2 (HttpServer2.java:addFilter(958)) - Added filter static_user_filter (class=org.apache.hadoop.http.lib.StaticUserWebFilter$StaticUserFilter) to context logs
2019-08-22 09:27:36,860 [main] INFO  http.HttpServer2 (HttpServer2.java:bindListener(1191)) - Jetty bound to port 41051
2019-08-22 09:27:36,860 [main] INFO  server.Server (Server.java:doStart(351)) - jetty-9.3.24.v20180605, build timestamp: 2018-06-05T17:11:56Z, git hash: 84205aa28f11a4f31f2a3b86d1bba2cc8ab69827
2019-08-22 09:27:36,863 [main] INFO  handler.ContextHandler (ContextHandler.java:doStart(781)) - Started o.e.j.s.ServletContextHandler@54626326{/logs,file:///workdir/hadoop-ozone/integration-test/target/log,AVAILABLE}
2019-08-22 09:27:36,863 [main] INFO  handler.ContextHandler (ContextHandler.java:doStart(781)) - Started o.e.j.s.ServletContextHandler@7ea91c39{/static,file:///workdir/hadoop-ozone/integration-test/target/test-classes/webapps/static,AVAILABLE}
2019-08-22 09:27:36,869 [main] INFO  handler.ContextHandler (ContextHandler.java:doStart(781)) - Started o.e.j.w.WebAppContext@74727e41{/,file:///workdir/hadoop-ozone/integration-test/target/test-classes/webapps/ozoneManager/,AVAILABLE}{/ozoneManager}
2019-08-22 09:27:36,869 [main] INFO  server.AbstractConnector (AbstractConnector.java:doStart(278)) - Started ServerConnector@16117d9{HTTP/1.1,[http/1.1]}{0.0.0.0:41051}
2019-08-22 09:27:36,871 [main] INFO  server.Server (Server.java:doStart(419)) - Started @557951ms
2019-08-22 09:27:36,871 [main] INFO  server.BaseHttpServer (BaseHttpServer.java:updateConnectorAddress(213)) - HTTP server of OZONEMANAGER is listening at http://0.0.0.0:41051
2019-08-22 09:27:36,890 [main] INFO  impl.MetricsSystemImpl (MetricsSystemImpl.java:init(158)) - HddsDatanode metrics system started (again)
2019-08-22 09:27:36,893 [main] INFO  ozone.HddsDatanodeService (HddsDatanodeService.java:start(184)) - HddsDatanodeService host:pr-hdds-1898-9jx57-4170240974 ip:192.168.36.85
2019-08-22 09:27:36,905 [main] INFO  volume.HddsVolume (HddsVolume.java:<init>(176)) - Creating Volume: /workdir/hadoop-ozone/integration-test/target/test-dir/MiniOzoneClusterImpl-2e6e0ec1-3320-47b2-b0b8-5188264ac38e/datanode-0/data/containers/hdds of  storage type : DISK and capacity : 1482555576320
2019-08-22 09:27:36,905 [main] INFO  volume.VolumeSet (VolumeSet.java:initializeVolumeSet(170)) - Added Volume : /workdir/hadoop-ozone/integration-test/target/test-dir/MiniOzoneClusterImpl-2e6e0ec1-3320-47b2-b0b8-5188264ac38e/datanode-0/data/containers/hdds to VolumeSet
2019-08-22 09:27:36,906 [main] INFO  volume.ThrottledAsyncChecker (ThrottledAsyncChecker.java:schedule(140)) - Scheduling a check for org.apache.hadoop.ozone.container.common.volume.HddsVolume@27558dee
2019-08-22 09:27:36,906 [main] INFO  volume.HddsVolumeChecker (HddsVolumeChecker.java:checkAllVolumes(203)) - Scheduled health check for volume org.apache.hadoop.ozone.container.common.volume.HddsVolume@27558dee
2019-08-22 09:27:36,924 [main] INFO  impl.RaftServerProxy (ConfUtils.java:logGet(43)) - raft.rpc.type = GRPC (default)
2019-08-22 09:27:36,925 [main] INFO  grpc.GrpcFactory (GrpcFactory.java:checkPooledByteBufAllocatorUseCacheForAllThreads(45)) - PERFORMANCE WARNING: useCacheForAllThreads is true that may cause Netty to create a lot garbage objects and, as a result, trigger GC.
	It is recommended to disable useCacheForAllThreads by setting -Dorg.apache.ratis.thirdparty.io.netty.allocator.useCacheForAllThreads=false in command line.
2019-08-22 09:27:36,925 [main] INFO  grpc.GrpcConfigKeys$Server (ConfUtils.java:logGet(43)) - raft.grpc.server.port = 0 (default)
2019-08-22 09:27:36,925 [main] INFO  server.GrpcService (ConfUtils.java:logGet(43)) - raft.grpc.message.size.max = 33570816 (custom)
2019-08-22 09:27:36,926 [main] INFO  server.RaftServerConfigKeys (ConfUtils.java:logGet(43)) - raft.server.log.appender.buffer.byte-limit = 33554432 (custom)
2019-08-22 09:27:36,926 [main] INFO  server.GrpcService (ConfUtils.java:logGet(43)) - raft.grpc.flow.control.window = 1MB (=1048576) (default)
2019-08-22 09:27:36,926 [main] INFO  server.RaftServerConfigKeys (ConfUtils.java:logGet(43)) - raft.server.rpc.request.timeout = 3000ms (default)
2019-08-22 09:27:36,927 [main] INFO  server.RaftServerConfigKeys (ConfUtils.java:logGet(43)) - raft.server.storage.dir = [/workdir/hadoop-ozone/integration-test/target/test-dir/MiniOzoneClusterImpl-2e6e0ec1-3320-47b2-b0b8-5188264ac38e/datanode-0/data/ratis] (custom)
2019-08-22 09:27:36,927 [main] INFO  replication.SimpleContainerDownloader (SimpleContainerDownloader.java:<init>(72)) - Starting container downloader service to copy containers to replicate.
2019-08-22 09:27:36,928 [main] INFO  hdfs.DFSUtil (DFSUtil.java:httpServerTemplateForNNAndJN(1641)) - Starting Web-server for hddsDatanode at: http://0.0.0.0:0
2019-08-22 09:27:36,930 [main] INFO  server.AuthenticationFilter (AuthenticationFilter.java:constructSecretProvider(240)) - Unable to initialize FileSignerSecretProvider, falling back to use random secrets.
2019-08-22 09:27:36,930 [main] WARN  http.HttpRequestLog (HttpRequestLog.java:getRequestLog(97)) - Jetty request log can only be enabled using Log4j
2019-08-22 09:27:36,932 [main] INFO  http.HttpServer2 (HttpServer2.java:addGlobalFilter(975)) - Added global filter 'safety' (class=org.apache.hadoop.http.HttpServer2$QuotingInputFilter)
2019-08-22 09:27:36,933 [main] INFO  http.HttpServer2 (HttpServer2.java:addFilter(948)) - Added filter static_user_filter (class=org.apache.hadoop.http.lib.StaticUserWebFilter$StaticUserFilter) to context hddsDatanode
2019-08-22 09:27:36,933 [main] INFO  http.HttpServer2 (HttpServer2.java:addFilter(958)) - Added filter static_user_filter (class=org.apache.hadoop.http.lib.StaticUserWebFilter$StaticUserFilter) to context static
2019-08-22 09:27:36,933 [main] INFO  http.HttpServer2 (HttpServer2.java:addFilter(958)) - Added filter static_user_filter (class=org.apache.hadoop.http.lib.StaticUserWebFilter$StaticUserFilter) to context logs
2019-08-22 09:27:36,934 [main] INFO  http.HttpServer2 (HttpServer2.java:bindListener(1191)) - Jetty bound to port 42031
2019-08-22 09:27:36,934 [main] INFO  server.Server (Server.java:doStart(351)) - jetty-9.3.24.v20180605, build timestamp: 2018-06-05T17:11:56Z, git hash: 84205aa28f11a4f31f2a3b86d1bba2cc8ab69827
2019-08-22 09:27:36,936 [main] INFO  handler.ContextHandler (ContextHandler.java:doStart(781)) - Started o.e.j.s.ServletContextHandler@64547a83{/logs,file:///workdir/hadoop-ozone/integration-test/target/log,AVAILABLE}
2019-08-22 09:27:36,936 [main] INFO  handler.ContextHandler (ContextHandler.java:doStart(781)) - Started o.e.j.s.ServletContextHandler@487f025{/static,jar:file:/home/user/.m2/repository/org/apache/hadoop/hadoop-hdds-container-service/0.5.0-SNAPSHOT/hadoop-hdds-container-service-0.5.0-SNAPSHOT.jar!/webapps/static,AVAILABLE}
2019-08-22 09:27:36,967 [main] INFO  handler.ContextHandler (ContextHandler.java:doStart(781)) - Started o.e.j.w.WebAppContext@73624529{/,file:///tmp/jetty-0.0.0.0-42031-hddsDatanode-_-any-1035159136085961133.dir/webapp/,AVAILABLE}{/hddsDatanode}
2019-08-22 09:27:36,968 [main] INFO  server.AbstractConnector (AbstractConnector.java:doStart(278)) - Started ServerConnector@31e1c7c{HTTP/1.1,[http/1.1]}{0.0.0.0:42031}
2019-08-22 09:27:36,969 [main] INFO  server.Server (Server.java:doStart(419)) - Started @558049ms
2019-08-22 09:27:36,970 [main] INFO  server.BaseHttpServer (BaseHttpServer.java:updateConnectorAddress(213)) - HTTP server of HDDSDATANODE is listening at http://0.0.0.0:42031
2019-08-22 09:27:37,093 | INFO  | ObjectStoreRestHttpServer | Listening HDDS REST traffic on /0.0.0.0:43059 |  
2019-08-22 09:27:37,093 [main] INFO  ozone.HddsDatanodeService (HddsDatanodeService.java:startPlugins(395)) - Started plug-in org.apache.hadoop.ozone.web.OzoneHddsDatanodeService@1b5df8b7
2019-08-22 09:27:37,093 [main] INFO  impl.MetricsSystemImpl (MetricsSystemImpl.java:init(158)) - HddsDatanode metrics system started (again)
2019-08-22 09:27:37,096 [main] INFO  ozone.HddsDatanodeService (HddsDatanodeService.java:start(184)) - HddsDatanodeService host:pr-hdds-1898-9jx57-4170240974 ip:192.168.36.85
2019-08-22 09:27:37,096 [org.apache.hadoop.util.JvmPauseMonitor$Monitor@77a9c98b] INFO  util.JvmPauseMonitor (JvmPauseMonitor.java:run(188)) - Starting JVM pause monitor
2019-08-22 09:27:37,098 [Datanode State Machine Thread - 0] INFO  datanode.InitDatanodeState (InitDatanodeState.java:persistContainerDatanodeDetails(140)) - DatanodeDetails is persisted to /workdir/hadoop-ozone/integration-test/target/test-dir/MiniOzoneClusterImpl-2e6e0ec1-3320-47b2-b0b8-5188264ac38e/datanode-0/meta/datanode.id
2019-08-22 09:27:37,107 [main] INFO  volume.HddsVolume (HddsVolume.java:<init>(176)) - Creating Volume: /workdir/hadoop-ozone/integration-test/target/test-dir/MiniOzoneClusterImpl-2e6e0ec1-3320-47b2-b0b8-5188264ac38e/datanode-1/data/containers/hdds of  storage type : DISK and capacity : 1482555576320
2019-08-22 09:27:37,107 [main] INFO  volume.VolumeSet (VolumeSet.java:initializeVolumeSet(170)) - Added Volume : /workdir/hadoop-ozone/integration-test/target/test-dir/MiniOzoneClusterImpl-2e6e0ec1-3320-47b2-b0b8-5188264ac38e/datanode-1/data/containers/hdds to VolumeSet
2019-08-22 09:27:37,107 [main] INFO  volume.ThrottledAsyncChecker (ThrottledAsyncChecker.java:schedule(140)) - Scheduling a check for org.apache.hadoop.ozone.container.common.volume.HddsVolume@26401eda
2019-08-22 09:27:37,108 [main] INFO  volume.HddsVolumeChecker (HddsVolumeChecker.java:checkAllVolumes(203)) - Scheduled health check for volume org.apache.hadoop.ozone.container.common.volume.HddsVolume@26401eda
2019-08-22 09:27:37,121 [main] INFO  impl.RaftServerProxy (ConfUtils.java:logGet(43)) - raft.rpc.type = GRPC (default)
2019-08-22 09:27:37,122 [main] INFO  grpc.GrpcFactory (GrpcFactory.java:checkPooledByteBufAllocatorUseCacheForAllThreads(45)) - PERFORMANCE WARNING: useCacheForAllThreads is true that may cause Netty to create a lot garbage objects and, as a result, trigger GC.
	It is recommended to disable useCacheForAllThreads by setting -Dorg.apache.ratis.thirdparty.io.netty.allocator.useCacheForAllThreads=false in command line.
2019-08-22 09:27:37,122 [main] INFO  grpc.GrpcConfigKeys$Server (ConfUtils.java:logGet(43)) - raft.grpc.server.port = 0 (default)
2019-08-22 09:27:37,122 [main] INFO  server.GrpcService (ConfUtils.java:logGet(43)) - raft.grpc.message.size.max = 33570816 (custom)
2019-08-22 09:27:37,122 [main] INFO  server.RaftServerConfigKeys (ConfUtils.java:logGet(43)) - raft.server.log.appender.buffer.byte-limit = 33554432 (custom)
2019-08-22 09:27:37,122 [main] INFO  server.GrpcService (ConfUtils.java:logGet(43)) - raft.grpc.flow.control.window = 1MB (=1048576) (default)
2019-08-22 09:27:37,122 [main] INFO  server.RaftServerConfigKeys (ConfUtils.java:logGet(43)) - raft.server.rpc.request.timeout = 3000ms (default)
2019-08-22 09:27:37,123 [main] INFO  server.RaftServerConfigKeys (ConfUtils.java:logGet(43)) - raft.server.storage.dir = [/workdir/hadoop-ozone/integration-test/target/test-dir/MiniOzoneClusterImpl-2e6e0ec1-3320-47b2-b0b8-5188264ac38e/datanode-1/data/ratis] (custom)
2019-08-22 09:27:37,123 [main] INFO  replication.SimpleContainerDownloader (SimpleContainerDownloader.java:<init>(72)) - Starting container downloader service to copy containers to replicate.
2019-08-22 09:27:37,124 [main] INFO  hdfs.DFSUtil (DFSUtil.java:httpServerTemplateForNNAndJN(1641)) - Starting Web-server for hddsDatanode at: http://0.0.0.0:0
2019-08-22 09:27:37,125 [main] INFO  server.AuthenticationFilter (AuthenticationFilter.java:constructSecretProvider(240)) - Unable to initialize FileSignerSecretProvider, falling back to use random secrets.
2019-08-22 09:27:37,126 [main] WARN  http.HttpRequestLog (HttpRequestLog.java:getRequestLog(97)) - Jetty request log can only be enabled using Log4j
2019-08-22 09:27:37,127 [main] INFO  http.HttpServer2 (HttpServer2.java:addGlobalFilter(975)) - Added global filter 'safety' (class=org.apache.hadoop.http.HttpServer2$QuotingInputFilter)
2019-08-22 09:27:37,127 [main] INFO  http.HttpServer2 (HttpServer2.java:addFilter(948)) - Added filter static_user_filter (class=org.apache.hadoop.http.lib.StaticUserWebFilter$StaticUserFilter) to context hddsDatanode
2019-08-22 09:27:37,128 [main] INFO  http.HttpServer2 (HttpServer2.java:addFilter(958)) - Added filter static_user_filter (class=org.apache.hadoop.http.lib.StaticUserWebFilter$StaticUserFilter) to context static
2019-08-22 09:27:37,128 [main] INFO  http.HttpServer2 (HttpServer2.java:addFilter(958)) - Added filter static_user_filter (class=org.apache.hadoop.http.lib.StaticUserWebFilter$StaticUserFilter) to context logs
2019-08-22 09:27:37,128 [main] INFO  http.HttpServer2 (HttpServer2.java:bindListener(1191)) - Jetty bound to port 42052
2019-08-22 09:27:37,128 [main] INFO  server.Server (Server.java:doStart(351)) - jetty-9.3.24.v20180605, build timestamp: 2018-06-05T17:11:56Z, git hash: 84205aa28f11a4f31f2a3b86d1bba2cc8ab69827
2019-08-22 09:27:37,130 [main] INFO  handler.ContextHandler (ContextHandler.java:doStart(781)) - Started o.e.j.s.ServletContextHandler@308498a8{/logs,file:///workdir/hadoop-ozone/integration-test/target/log,AVAILABLE}
2019-08-22 09:27:37,130 [main] INFO  handler.ContextHandler (ContextHandler.java:doStart(781)) - Started o.e.j.s.ServletContextHandler@6cca70e3{/static,jar:file:/home/user/.m2/repository/org/apache/hadoop/hadoop-hdds-container-service/0.5.0-SNAPSHOT/hadoop-hdds-container-service-0.5.0-SNAPSHOT.jar!/webapps/static,AVAILABLE}
2019-08-22 09:27:37,157 [main] INFO  handler.ContextHandler (ContextHandler.java:doStart(781)) - Started o.e.j.w.WebAppContext@6be865c1{/,file:///tmp/jetty-0.0.0.0-42052-hddsDatanode-_-any-8841238853692400040.dir/webapp/,AVAILABLE}{/hddsDatanode}
2019-08-22 09:27:37,157 [main] INFO  server.AbstractConnector (AbstractConnector.java:doStart(278)) - Started ServerConnector@4c140b12{HTTP/1.1,[http/1.1]}{0.0.0.0:42052}
2019-08-22 09:27:37,158 [main] INFO  server.Server (Server.java:doStart(419)) - Started @558239ms
2019-08-22 09:27:37,159 [main] INFO  server.BaseHttpServer (BaseHttpServer.java:updateConnectorAddress(213)) - HTTP server of HDDSDATANODE is listening at http://0.0.0.0:42052
2019-08-22 09:27:37,303 | INFO  | ObjectStoreRestHttpServer | Listening HDDS REST traffic on /0.0.0.0:36392 |  
2019-08-22 09:27:37,303 [main] INFO  ozone.HddsDatanodeService (HddsDatanodeService.java:startPlugins(395)) - Started plug-in org.apache.hadoop.ozone.web.OzoneHddsDatanodeService@3e7935f1
2019-08-22 09:27:37,303 [main] INFO  impl.MetricsSystemImpl (MetricsSystemImpl.java:init(158)) - HddsDatanode metrics system started (again)
2019-08-22 09:27:37,306 [main] INFO  ozone.HddsDatanodeService (HddsDatanodeService.java:start(184)) - HddsDatanodeService host:pr-hdds-1898-9jx57-4170240974 ip:192.168.36.85
2019-08-22 09:27:37,306 [org.apache.hadoop.util.JvmPauseMonitor$Monitor@781f4d96] INFO  util.JvmPauseMonitor (JvmPauseMonitor.java:run(188)) - Starting JVM pause monitor
2019-08-22 09:27:37,307 [Datanode State Machine Thread - 0] INFO  datanode.InitDatanodeState (InitDatanodeState.java:persistContainerDatanodeDetails(140)) - DatanodeDetails is persisted to /workdir/hadoop-ozone/integration-test/target/test-dir/MiniOzoneClusterImpl-2e6e0ec1-3320-47b2-b0b8-5188264ac38e/datanode-1/meta/datanode.id
2019-08-22 09:27:37,315 [main] INFO  volume.HddsVolume (HddsVolume.java:<init>(176)) - Creating Volume: /workdir/hadoop-ozone/integration-test/target/test-dir/MiniOzoneClusterImpl-2e6e0ec1-3320-47b2-b0b8-5188264ac38e/datanode-2/data/containers/hdds of  storage type : DISK and capacity : 1482555576320
2019-08-22 09:27:37,315 [main] INFO  volume.VolumeSet (VolumeSet.java:initializeVolumeSet(170)) - Added Volume : /workdir/hadoop-ozone/integration-test/target/test-dir/MiniOzoneClusterImpl-2e6e0ec1-3320-47b2-b0b8-5188264ac38e/datanode-2/data/containers/hdds to VolumeSet
2019-08-22 09:27:37,315 [main] INFO  volume.ThrottledAsyncChecker (ThrottledAsyncChecker.java:schedule(140)) - Scheduling a check for org.apache.hadoop.ozone.container.common.volume.HddsVolume@3e92bded
2019-08-22 09:27:37,316 [main] INFO  volume.HddsVolumeChecker (HddsVolumeChecker.java:checkAllVolumes(203)) - Scheduled health check for volume org.apache.hadoop.ozone.container.common.volume.HddsVolume@3e92bded
2019-08-22 09:27:37,330 [main] INFO  impl.RaftServerProxy (ConfUtils.java:logGet(43)) - raft.rpc.type = GRPC (default)
2019-08-22 09:27:37,330 [main] INFO  grpc.GrpcFactory (GrpcFactory.java:checkPooledByteBufAllocatorUseCacheForAllThreads(45)) - PERFORMANCE WARNING: useCacheForAllThreads is true that may cause Netty to create a lot garbage objects and, as a result, trigger GC.
	It is recommended to disable useCacheForAllThreads by setting -Dorg.apache.ratis.thirdparty.io.netty.allocator.useCacheForAllThreads=false in command line.
2019-08-22 09:27:37,330 [main] INFO  grpc.GrpcConfigKeys$Server (ConfUtils.java:logGet(43)) - raft.grpc.server.port = 0 (default)
2019-08-22 09:27:37,330 [main] INFO  server.GrpcService (ConfUtils.java:logGet(43)) - raft.grpc.message.size.max = 33570816 (custom)
2019-08-22 09:27:37,331 [main] INFO  server.RaftServerConfigKeys (ConfUtils.java:logGet(43)) - raft.server.log.appender.buffer.byte-limit = 33554432 (custom)
2019-08-22 09:27:37,331 [main] INFO  server.GrpcService (ConfUtils.java:logGet(43)) - raft.grpc.flow.control.window = 1MB (=1048576) (default)
2019-08-22 09:27:37,331 [main] INFO  server.RaftServerConfigKeys (ConfUtils.java:logGet(43)) - raft.server.rpc.request.timeout = 3000ms (default)
2019-08-22 09:27:37,331 [main] INFO  server.RaftServerConfigKeys (ConfUtils.java:logGet(43)) - raft.server.storage.dir = [/workdir/hadoop-ozone/integration-test/target/test-dir/MiniOzoneClusterImpl-2e6e0ec1-3320-47b2-b0b8-5188264ac38e/datanode-2/data/ratis] (custom)
2019-08-22 09:27:37,332 [main] INFO  replication.SimpleContainerDownloader (SimpleContainerDownloader.java:<init>(72)) - Starting container downloader service to copy containers to replicate.
2019-08-22 09:27:37,333 [main] INFO  hdfs.DFSUtil (DFSUtil.java:httpServerTemplateForNNAndJN(1641)) - Starting Web-server for hddsDatanode at: http://0.0.0.0:0
2019-08-22 09:27:37,334 [main] INFO  server.AuthenticationFilter (AuthenticationFilter.java:constructSecretProvider(240)) - Unable to initialize FileSignerSecretProvider, falling back to use random secrets.
2019-08-22 09:27:37,334 [main] WARN  http.HttpRequestLog (HttpRequestLog.java:getRequestLog(97)) - Jetty request log can only be enabled using Log4j
2019-08-22 09:27:37,336 [main] INFO  http.HttpServer2 (HttpServer2.java:addGlobalFilter(975)) - Added global filter 'safety' (class=org.apache.hadoop.http.HttpServer2$QuotingInputFilter)
2019-08-22 09:27:37,336 [main] INFO  http.HttpServer2 (HttpServer2.java:addFilter(948)) - Added filter static_user_filter (class=org.apache.hadoop.http.lib.StaticUserWebFilter$StaticUserFilter) to context hddsDatanode
2019-08-22 09:27:37,336 [main] INFO  http.HttpServer2 (HttpServer2.java:addFilter(958)) - Added filter static_user_filter (class=org.apache.hadoop.http.lib.StaticUserWebFilter$StaticUserFilter) to context static
2019-08-22 09:27:37,336 [main] INFO  http.HttpServer2 (HttpServer2.java:addFilter(958)) - Added filter static_user_filter (class=org.apache.hadoop.http.lib.StaticUserWebFilter$StaticUserFilter) to context logs
2019-08-22 09:27:37,337 [main] INFO  http.HttpServer2 (HttpServer2.java:bindListener(1191)) - Jetty bound to port 41527
2019-08-22 09:27:37,337 [main] INFO  server.Server (Server.java:doStart(351)) - jetty-9.3.24.v20180605, build timestamp: 2018-06-05T17:11:56Z, git hash: 84205aa28f11a4f31f2a3b86d1bba2cc8ab69827
2019-08-22 09:27:37,338 [main] INFO  handler.ContextHandler (ContextHandler.java:doStart(781)) - Started o.e.j.s.ServletContextHandler@6d8cbd1a{/logs,file:///workdir/hadoop-ozone/integration-test/target/log,AVAILABLE}
2019-08-22 09:27:37,339 [main] INFO  handler.ContextHandler (ContextHandler.java:doStart(781)) - Started o.e.j.s.ServletContextHandler@6860c000{/static,jar:file:/home/user/.m2/repository/org/apache/hadoop/hadoop-hdds-container-service/0.5.0-SNAPSHOT/hadoop-hdds-container-service-0.5.0-SNAPSHOT.jar!/webapps/static,AVAILABLE}
2019-08-22 09:27:37,366 [main] INFO  handler.ContextHandler (ContextHandler.java:doStart(781)) - Started o.e.j.w.WebAppContext@6971c6b7{/,file:///tmp/jetty-0.0.0.0-41527-hddsDatanode-_-any-3889393694679289263.dir/webapp/,AVAILABLE}{/hddsDatanode}
2019-08-22 09:27:37,367 [main] INFO  server.AbstractConnector (AbstractConnector.java:doStart(278)) - Started ServerConnector@402d45c6{HTTP/1.1,[http/1.1]}{0.0.0.0:41527}
2019-08-22 09:27:37,368 [main] INFO  server.Server (Server.java:doStart(419)) - Started @558448ms
2019-08-22 09:27:37,369 [main] INFO  server.BaseHttpServer (BaseHttpServer.java:updateConnectorAddress(213)) - HTTP server of HDDSDATANODE is listening at http://0.0.0.0:41527
2019-08-22 09:27:37,509 | INFO  | ObjectStoreRestHttpServer | Listening HDDS REST traffic on /0.0.0.0:43109 |  
2019-08-22 09:27:37,509 [main] INFO  ozone.HddsDatanodeService (HddsDatanodeService.java:startPlugins(395)) - Started plug-in org.apache.hadoop.ozone.web.OzoneHddsDatanodeService@48971262
2019-08-22 09:27:37,510 [main] INFO  impl.MetricsSystemImpl (MetricsSystemImpl.java:init(158)) - HddsDatanode metrics system started (again)
2019-08-22 09:27:37,512 [org.apache.hadoop.util.JvmPauseMonitor$Monitor@8ef7ce0] INFO  util.JvmPauseMonitor (JvmPauseMonitor.java:run(188)) - Starting JVM pause monitor
2019-08-22 09:27:37,515 [main] INFO  ozone.HddsDatanodeService (HddsDatanodeService.java:start(184)) - HddsDatanodeService host:pr-hdds-1898-9jx57-4170240974 ip:192.168.36.85
2019-08-22 09:27:37,516 [Datanode State Machine Thread - 0] INFO  datanode.InitDatanodeState (InitDatanodeState.java:persistContainerDatanodeDetails(140)) - DatanodeDetails is persisted to /workdir/hadoop-ozone/integration-test/target/test-dir/MiniOzoneClusterImpl-2e6e0ec1-3320-47b2-b0b8-5188264ac38e/datanode-2/meta/datanode.id
2019-08-22 09:27:37,524 [main] INFO  volume.HddsVolume (HddsVolume.java:<init>(176)) - Creating Volume: /workdir/hadoop-ozone/integration-test/target/test-dir/MiniOzoneClusterImpl-2e6e0ec1-3320-47b2-b0b8-5188264ac38e/datanode-3/data/containers/hdds of  storage type : DISK and capacity : 1482555576320
2019-08-22 09:27:37,524 [main] INFO  volume.VolumeSet (VolumeSet.java:initializeVolumeSet(170)) - Added Volume : /workdir/hadoop-ozone/integration-test/target/test-dir/MiniOzoneClusterImpl-2e6e0ec1-3320-47b2-b0b8-5188264ac38e/datanode-3/data/containers/hdds to VolumeSet
2019-08-22 09:27:37,525 [main] INFO  volume.ThrottledAsyncChecker (ThrottledAsyncChecker.java:schedule(140)) - Scheduling a check for org.apache.hadoop.ozone.container.common.volume.HddsVolume@db610c3
2019-08-22 09:27:37,525 [main] INFO  volume.HddsVolumeChecker (HddsVolumeChecker.java:checkAllVolumes(203)) - Scheduled health check for volume org.apache.hadoop.ozone.container.common.volume.HddsVolume@db610c3
2019-08-22 09:27:37,540 [main] INFO  impl.RaftServerProxy (ConfUtils.java:logGet(43)) - raft.rpc.type = GRPC (default)
2019-08-22 09:27:37,540 [main] INFO  grpc.GrpcFactory (GrpcFactory.java:checkPooledByteBufAllocatorUseCacheForAllThreads(45)) - PERFORMANCE WARNING: useCacheForAllThreads is true that may cause Netty to create a lot garbage objects and, as a result, trigger GC.
	It is recommended to disable useCacheForAllThreads by setting -Dorg.apache.ratis.thirdparty.io.netty.allocator.useCacheForAllThreads=false in command line.
2019-08-22 09:27:37,540 [main] INFO  grpc.GrpcConfigKeys$Server (ConfUtils.java:logGet(43)) - raft.grpc.server.port = 0 (default)
2019-08-22 09:27:37,540 [main] INFO  server.GrpcService (ConfUtils.java:logGet(43)) - raft.grpc.message.size.max = 33570816 (custom)
2019-08-22 09:27:37,541 [main] INFO  server.RaftServerConfigKeys (ConfUtils.java:logGet(43)) - raft.server.log.appender.buffer.byte-limit = 33554432 (custom)
2019-08-22 09:27:37,541 [main] INFO  server.GrpcService (ConfUtils.java:logGet(43)) - raft.grpc.flow.control.window = 1MB (=1048576) (default)
2019-08-22 09:27:37,541 [main] INFO  server.RaftServerConfigKeys (ConfUtils.java:logGet(43)) - raft.server.rpc.request.timeout = 3000ms (default)
2019-08-22 09:27:37,542 [main] INFO  server.RaftServerConfigKeys (ConfUtils.java:logGet(43)) - raft.server.storage.dir = [/workdir/hadoop-ozone/integration-test/target/test-dir/MiniOzoneClusterImpl-2e6e0ec1-3320-47b2-b0b8-5188264ac38e/datanode-3/data/ratis] (custom)
2019-08-22 09:27:37,542 [main] INFO  replication.SimpleContainerDownloader (SimpleContainerDownloader.java:<init>(72)) - Starting container downloader service to copy containers to replicate.
2019-08-22 09:27:37,543 [main] INFO  hdfs.DFSUtil (DFSUtil.java:httpServerTemplateForNNAndJN(1641)) - Starting Web-server for hddsDatanode at: http://0.0.0.0:0
2019-08-22 09:27:37,545 [main] INFO  server.AuthenticationFilter (AuthenticationFilter.java:constructSecretProvider(240)) - Unable to initialize FileSignerSecretProvider, falling back to use random secrets.
2019-08-22 09:27:37,546 [main] WARN  http.HttpRequestLog (HttpRequestLog.java:getRequestLog(97)) - Jetty request log can only be enabled using Log4j
2019-08-22 09:27:37,547 [main] INFO  http.HttpServer2 (HttpServer2.java:addGlobalFilter(975)) - Added global filter 'safety' (class=org.apache.hadoop.http.HttpServer2$QuotingInputFilter)
2019-08-22 09:27:37,548 [main] INFO  http.HttpServer2 (HttpServer2.java:addFilter(948)) - Added filter static_user_filter (class=org.apache.hadoop.http.lib.StaticUserWebFilter$StaticUserFilter) to context hddsDatanode
2019-08-22 09:27:37,548 [main] INFO  http.HttpServer2 (HttpServer2.java:addFilter(958)) - Added filter static_user_filter (class=org.apache.hadoop.http.lib.StaticUserWebFilter$StaticUserFilter) to context static
2019-08-22 09:27:37,548 [main] INFO  http.HttpServer2 (HttpServer2.java:addFilter(958)) - Added filter static_user_filter (class=org.apache.hadoop.http.lib.StaticUserWebFilter$StaticUserFilter) to context logs
2019-08-22 09:27:37,548 [main] INFO  http.HttpServer2 (HttpServer2.java:bindListener(1191)) - Jetty bound to port 45034
2019-08-22 09:27:37,549 [main] INFO  server.Server (Server.java:doStart(351)) - jetty-9.3.24.v20180605, build timestamp: 2018-06-05T17:11:56Z, git hash: 84205aa28f11a4f31f2a3b86d1bba2cc8ab69827
2019-08-22 09:27:37,550 [main] INFO  handler.ContextHandler (ContextHandler.java:doStart(781)) - Started o.e.j.s.ServletContextHandler@415c5469{/logs,file:///workdir/hadoop-ozone/integration-test/target/log,AVAILABLE}
2019-08-22 09:27:37,551 [main] INFO  handler.ContextHandler (ContextHandler.java:doStart(781)) - Started o.e.j.s.ServletContextHandler@19544627{/static,jar:file:/home/user/.m2/repository/org/apache/hadoop/hadoop-hdds-container-service/0.5.0-SNAPSHOT/hadoop-hdds-container-service-0.5.0-SNAPSHOT.jar!/webapps/static,AVAILABLE}
2019-08-22 09:27:37,580 [main] INFO  handler.ContextHandler (ContextHandler.java:doStart(781)) - Started o.e.j.w.WebAppContext@2b08f55a{/,file:///tmp/jetty-0.0.0.0-45034-hddsDatanode-_-any-4446340983479235716.dir/webapp/,AVAILABLE}{/hddsDatanode}
2019-08-22 09:27:37,580 [main] INFO  server.AbstractConnector (AbstractConnector.java:doStart(278)) - Started ServerConnector@67b5da40{HTTP/1.1,[http/1.1]}{0.0.0.0:45034}
2019-08-22 09:27:37,582 [main] INFO  server.Server (Server.java:doStart(419)) - Started @558662ms
2019-08-22 09:27:37,582 [main] INFO  server.BaseHttpServer (BaseHttpServer.java:updateConnectorAddress(213)) - HTTP server of HDDSDATANODE is listening at http://0.0.0.0:45034
2019-08-22 09:27:38,031 | INFO  | ObjectStoreRestHttpServer | Listening HDDS REST traffic on /0.0.0.0:43299 |  
2019-08-22 09:27:38,031 [main] INFO  ozone.HddsDatanodeService (HddsDatanodeService.java:startPlugins(395)) - Started plug-in org.apache.hadoop.ozone.web.OzoneHddsDatanodeService@5da08e9a
2019-08-22 09:27:38,032 [main] INFO  impl.MetricsSystemImpl (MetricsSystemImpl.java:init(158)) - HddsDatanode metrics system started (again)
2019-08-22 09:27:38,035 [org.apache.hadoop.util.JvmPauseMonitor$Monitor@1e36986a] INFO  util.JvmPauseMonitor (JvmPauseMonitor.java:run(188)) - Starting JVM pause monitor
2019-08-22 09:27:38,035 [main] INFO  ozone.HddsDatanodeService (HddsDatanodeService.java:start(184)) - HddsDatanodeService host:pr-hdds-1898-9jx57-4170240974 ip:192.168.36.85
2019-08-22 09:27:38,036 [Datanode State Machine Thread - 0] INFO  datanode.InitDatanodeState (InitDatanodeState.java:persistContainerDatanodeDetails(140)) - DatanodeDetails is persisted to /workdir/hadoop-ozone/integration-test/target/test-dir/MiniOzoneClusterImpl-2e6e0ec1-3320-47b2-b0b8-5188264ac38e/datanode-3/meta/datanode.id
2019-08-22 09:27:38,047 [main] INFO  volume.HddsVolume (HddsVolume.java:<init>(176)) - Creating Volume: /workdir/hadoop-ozone/integration-test/target/test-dir/MiniOzoneClusterImpl-2e6e0ec1-3320-47b2-b0b8-5188264ac38e/datanode-4/data/containers/hdds of  storage type : DISK and capacity : 1482555576320
2019-08-22 09:27:38,047 [main] INFO  volume.VolumeSet (VolumeSet.java:initializeVolumeSet(170)) - Added Volume : /workdir/hadoop-ozone/integration-test/target/test-dir/MiniOzoneClusterImpl-2e6e0ec1-3320-47b2-b0b8-5188264ac38e/datanode-4/data/containers/hdds to VolumeSet
2019-08-22 09:27:38,047 [main] INFO  volume.ThrottledAsyncChecker (ThrottledAsyncChecker.java:schedule(140)) - Scheduling a check for org.apache.hadoop.ozone.container.common.volume.HddsVolume@664c411d
2019-08-22 09:27:38,048 [main] INFO  volume.HddsVolumeChecker (HddsVolumeChecker.java:checkAllVolumes(203)) - Scheduled health check for volume org.apache.hadoop.ozone.container.common.volume.HddsVolume@664c411d
2019-08-22 09:27:38,062 [main] INFO  impl.RaftServerProxy (ConfUtils.java:logGet(43)) - raft.rpc.type = GRPC (default)
2019-08-22 09:27:38,063 [main] INFO  grpc.GrpcFactory (GrpcFactory.java:checkPooledByteBufAllocatorUseCacheForAllThreads(45)) - PERFORMANCE WARNING: useCacheForAllThreads is true that may cause Netty to create a lot garbage objects and, as a result, trigger GC.
	It is recommended to disable useCacheForAllThreads by setting -Dorg.apache.ratis.thirdparty.io.netty.allocator.useCacheForAllThreads=false in command line.
2019-08-22 09:27:38,063 [main] INFO  grpc.GrpcConfigKeys$Server (ConfUtils.java:logGet(43)) - raft.grpc.server.port = 0 (default)
2019-08-22 09:27:38,063 [main] INFO  server.GrpcService (ConfUtils.java:logGet(43)) - raft.grpc.message.size.max = 33570816 (custom)
2019-08-22 09:27:38,064 [main] INFO  server.RaftServerConfigKeys (ConfUtils.java:logGet(43)) - raft.server.log.appender.buffer.byte-limit = 33554432 (custom)
2019-08-22 09:27:38,064 [main] INFO  server.GrpcService (ConfUtils.java:logGet(43)) - raft.grpc.flow.control.window = 1MB (=1048576) (default)
2019-08-22 09:27:38,064 [main] INFO  server.RaftServerConfigKeys (ConfUtils.java:logGet(43)) - raft.server.rpc.request.timeout = 3000ms (default)
2019-08-22 09:27:38,065 [main] INFO  server.RaftServerConfigKeys (ConfUtils.java:logGet(43)) - raft.server.storage.dir = [/workdir/hadoop-ozone/integration-test/target/test-dir/MiniOzoneClusterImpl-2e6e0ec1-3320-47b2-b0b8-5188264ac38e/datanode-4/data/ratis] (custom)
2019-08-22 09:27:38,065 [main] INFO  replication.SimpleContainerDownloader (SimpleContainerDownloader.java:<init>(72)) - Starting container downloader service to copy containers to replicate.
2019-08-22 09:27:38,067 [main] INFO  hdfs.DFSUtil (DFSUtil.java:httpServerTemplateForNNAndJN(1641)) - Starting Web-server for hddsDatanode at: http://0.0.0.0:0
2019-08-22 09:27:38,068 [main] INFO  server.AuthenticationFilter (AuthenticationFilter.java:constructSecretProvider(240)) - Unable to initialize FileSignerSecretProvider, falling back to use random secrets.
2019-08-22 09:27:38,069 [main] WARN  http.HttpRequestLog (HttpRequestLog.java:getRequestLog(97)) - Jetty request log can only be enabled using Log4j
2019-08-22 09:27:38,071 [main] INFO  http.HttpServer2 (HttpServer2.java:addGlobalFilter(975)) - Added global filter 'safety' (class=org.apache.hadoop.http.HttpServer2$QuotingInputFilter)
2019-08-22 09:27:38,072 [main] INFO  http.HttpServer2 (HttpServer2.java:addFilter(948)) - Added filter static_user_filter (class=org.apache.hadoop.http.lib.StaticUserWebFilter$StaticUserFilter) to context hddsDatanode
2019-08-22 09:27:38,072 [main] INFO  http.HttpServer2 (HttpServer2.java:addFilter(958)) - Added filter static_user_filter (class=org.apache.hadoop.http.lib.StaticUserWebFilter$StaticUserFilter) to context logs
2019-08-22 09:27:38,072 [main] INFO  http.HttpServer2 (HttpServer2.java:addFilter(958)) - Added filter static_user_filter (class=org.apache.hadoop.http.lib.StaticUserWebFilter$StaticUserFilter) to context static
2019-08-22 09:27:38,073 [main] INFO  http.HttpServer2 (HttpServer2.java:bindListener(1191)) - Jetty bound to port 33542
2019-08-22 09:27:38,073 [main] INFO  server.Server (Server.java:doStart(351)) - jetty-9.3.24.v20180605, build timestamp: 2018-06-05T17:11:56Z, git hash: 84205aa28f11a4f31f2a3b86d1bba2cc8ab69827
2019-08-22 09:27:38,075 [main] INFO  handler.ContextHandler (ContextHandler.java:doStart(781)) - Started o.e.j.s.ServletContextHandler@30ae6721{/logs,file:///workdir/hadoop-ozone/integration-test/target/log,AVAILABLE}
2019-08-22 09:27:38,076 [main] INFO  handler.ContextHandler (ContextHandler.java:doStart(781)) - Started o.e.j.s.ServletContextHandler@d35d84a{/static,jar:file:/home/user/.m2/repository/org/apache/hadoop/hadoop-hdds-container-service/0.5.0-SNAPSHOT/hadoop-hdds-container-service-0.5.0-SNAPSHOT.jar!/webapps/static,AVAILABLE}
2019-08-22 09:27:38,113 [main] INFO  handler.ContextHandler (ContextHandler.java:doStart(781)) - Started o.e.j.w.WebAppContext@17c0d43c{/,file:///tmp/jetty-0.0.0.0-33542-hddsDatanode-_-any-3140671457120506242.dir/webapp/,AVAILABLE}{/hddsDatanode}
2019-08-22 09:27:38,114 [main] INFO  server.AbstractConnector (AbstractConnector.java:doStart(278)) - Started ServerConnector@77c8b276{HTTP/1.1,[http/1.1]}{0.0.0.0:33542}
2019-08-22 09:27:38,114 [main] INFO  server.Server (Server.java:doStart(419)) - Started @559194ms
2019-08-22 09:27:38,116 [main] INFO  server.BaseHttpServer (BaseHttpServer.java:updateConnectorAddress(213)) - HTTP server of HDDSDATANODE is listening at http://0.0.0.0:33542
2019-08-22 09:27:38,278 | INFO  | ObjectStoreRestHttpServer | Listening HDDS REST traffic on /0.0.0.0:45993 |  
2019-08-22 09:27:38,278 [main] INFO  ozone.HddsDatanodeService (HddsDatanodeService.java:startPlugins(395)) - Started plug-in org.apache.hadoop.ozone.web.OzoneHddsDatanodeService@66859669
2019-08-22 09:27:38,278 [main] INFO  impl.MetricsSystemImpl (MetricsSystemImpl.java:init(158)) - HddsDatanode metrics system started (again)
2019-08-22 09:27:38,283 [main] INFO  ozone.HddsDatanodeService (HddsDatanodeService.java:start(184)) - HddsDatanodeService host:pr-hdds-1898-9jx57-4170240974 ip:192.168.36.85
2019-08-22 09:27:38,283 [org.apache.hadoop.util.JvmPauseMonitor$Monitor@1bbeaa7] INFO  util.JvmPauseMonitor (JvmPauseMonitor.java:run(188)) - Starting JVM pause monitor
2019-08-22 09:27:38,284 [Datanode State Machine Thread - 0] INFO  datanode.InitDatanodeState (InitDatanodeState.java:persistContainerDatanodeDetails(140)) - DatanodeDetails is persisted to /workdir/hadoop-ozone/integration-test/target/test-dir/MiniOzoneClusterImpl-2e6e0ec1-3320-47b2-b0b8-5188264ac38e/datanode-4/meta/datanode.id
2019-08-22 09:27:38,294 [main] INFO  volume.HddsVolume (HddsVolume.java:<init>(176)) - Creating Volume: /workdir/hadoop-ozone/integration-test/target/test-dir/MiniOzoneClusterImpl-2e6e0ec1-3320-47b2-b0b8-5188264ac38e/datanode-5/data/containers/hdds of  storage type : DISK and capacity : 1482555576320
2019-08-22 09:27:38,294 [main] INFO  volume.VolumeSet (VolumeSet.java:initializeVolumeSet(170)) - Added Volume : /workdir/hadoop-ozone/integration-test/target/test-dir/MiniOzoneClusterImpl-2e6e0ec1-3320-47b2-b0b8-5188264ac38e/datanode-5/data/containers/hdds to VolumeSet
2019-08-22 09:27:38,294 [main] INFO  volume.ThrottledAsyncChecker (ThrottledAsyncChecker.java:schedule(140)) - Scheduling a check for org.apache.hadoop.ozone.container.common.volume.HddsVolume@709c41da
2019-08-22 09:27:38,295 [main] INFO  volume.HddsVolumeChecker (HddsVolumeChecker.java:checkAllVolumes(203)) - Scheduled health check for volume org.apache.hadoop.ozone.container.common.volume.HddsVolume@709c41da
2019-08-22 09:27:38,315 [main] INFO  impl.RaftServerProxy (ConfUtils.java:logGet(43)) - raft.rpc.type = GRPC (default)
2019-08-22 09:27:38,315 [main] INFO  grpc.GrpcFactory (GrpcFactory.java:checkPooledByteBufAllocatorUseCacheForAllThreads(45)) - PERFORMANCE WARNING: useCacheForAllThreads is true that may cause Netty to create a lot garbage objects and, as a result, trigger GC.
	It is recommended to disable useCacheForAllThreads by setting -Dorg.apache.ratis.thirdparty.io.netty.allocator.useCacheForAllThreads=false in command line.
2019-08-22 09:27:38,316 [main] INFO  grpc.GrpcConfigKeys$Server (ConfUtils.java:logGet(43)) - raft.grpc.server.port = 0 (default)
2019-08-22 09:27:38,316 [main] INFO  server.GrpcService (ConfUtils.java:logGet(43)) - raft.grpc.message.size.max = 33570816 (custom)
2019-08-22 09:27:38,316 [main] INFO  server.RaftServerConfigKeys (ConfUtils.java:logGet(43)) - raft.server.log.appender.buffer.byte-limit = 33554432 (custom)
2019-08-22 09:27:38,316 [main] INFO  server.GrpcService (ConfUtils.java:logGet(43)) - raft.grpc.flow.control.window = 1MB (=1048576) (default)
2019-08-22 09:27:38,317 [main] INFO  server.RaftServerConfigKeys (ConfUtils.java:logGet(43)) - raft.server.rpc.request.timeout = 3000ms (default)
2019-08-22 09:27:38,317 [main] INFO  server.RaftServerConfigKeys (ConfUtils.java:logGet(43)) - raft.server.storage.dir = [/workdir/hadoop-ozone/integration-test/target/test-dir/MiniOzoneClusterImpl-2e6e0ec1-3320-47b2-b0b8-5188264ac38e/datanode-5/data/ratis] (custom)
2019-08-22 09:27:38,318 [main] INFO  replication.SimpleContainerDownloader (SimpleContainerDownloader.java:<init>(72)) - Starting container downloader service to copy containers to replicate.
2019-08-22 09:27:38,319 [main] INFO  hdfs.DFSUtil (DFSUtil.java:httpServerTemplateForNNAndJN(1641)) - Starting Web-server for hddsDatanode at: http://0.0.0.0:0
2019-08-22 09:27:38,320 [main] INFO  server.AuthenticationFilter (AuthenticationFilter.java:constructSecretProvider(240)) - Unable to initialize FileSignerSecretProvider, falling back to use random secrets.
2019-08-22 09:27:38,321 [main] WARN  http.HttpRequestLog (HttpRequestLog.java:getRequestLog(97)) - Jetty request log can only be enabled using Log4j
2019-08-22 09:27:38,323 [main] INFO  http.HttpServer2 (HttpServer2.java:addGlobalFilter(975)) - Added global filter 'safety' (class=org.apache.hadoop.http.HttpServer2$QuotingInputFilter)
2019-08-22 09:27:38,323 [main] INFO  http.HttpServer2 (HttpServer2.java:addFilter(948)) - Added filter static_user_filter (class=org.apache.hadoop.http.lib.StaticUserWebFilter$StaticUserFilter) to context hddsDatanode
2019-08-22 09:27:38,323 [main] INFO  http.HttpServer2 (HttpServer2.java:addFilter(958)) - Added filter static_user_filter (class=org.apache.hadoop.http.lib.StaticUserWebFilter$StaticUserFilter) to context logs
2019-08-22 09:27:38,324 [main] INFO  http.HttpServer2 (HttpServer2.java:addFilter(958)) - Added filter static_user_filter (class=org.apache.hadoop.http.lib.StaticUserWebFilter$StaticUserFilter) to context static
2019-08-22 09:27:38,324 [main] INFO  http.HttpServer2 (HttpServer2.java:bindListener(1191)) - Jetty bound to port 39129
2019-08-22 09:27:38,325 [main] INFO  server.Server (Server.java:doStart(351)) - jetty-9.3.24.v20180605, build timestamp: 2018-06-05T17:11:56Z, git hash: 84205aa28f11a4f31f2a3b86d1bba2cc8ab69827
2019-08-22 09:27:38,326 [main] INFO  handler.ContextHandler (ContextHandler.java:doStart(781)) - Started o.e.j.s.ServletContextHandler@465eb466{/logs,file:///workdir/hadoop-ozone/integration-test/target/log,AVAILABLE}
2019-08-22 09:27:38,327 [main] INFO  handler.ContextHandler (ContextHandler.java:doStart(781)) - Started o.e.j.s.ServletContextHandler@1c8e4810{/static,jar:file:/home/user/.m2/repository/org/apache/hadoop/hadoop-hdds-container-service/0.5.0-SNAPSHOT/hadoop-hdds-container-service-0.5.0-SNAPSHOT.jar!/webapps/static,AVAILABLE}
2019-08-22 09:27:38,362 [main] INFO  handler.ContextHandler (ContextHandler.java:doStart(781)) - Started o.e.j.w.WebAppContext@19305a7c{/,file:///tmp/jetty-0.0.0.0-39129-hddsDatanode-_-any-7367032680211497686.dir/webapp/,AVAILABLE}{/hddsDatanode}
2019-08-22 09:27:38,362 [main] INFO  server.AbstractConnector (AbstractConnector.java:doStart(278)) - Started ServerConnector@7e0fc5d0{HTTP/1.1,[http/1.1]}{0.0.0.0:39129}
2019-08-22 09:27:38,364 [main] INFO  server.Server (Server.java:doStart(419)) - Started @559443ms
2019-08-22 09:27:38,364 [main] INFO  server.BaseHttpServer (BaseHttpServer.java:updateConnectorAddress(213)) - HTTP server of HDDSDATANODE is listening at http://0.0.0.0:39129
2019-08-22 09:27:38,468 | INFO  | ObjectStoreRestHttpServer | Listening HDDS REST traffic on /0.0.0.0:40541 |  
2019-08-22 09:27:38,468 [main] INFO  ozone.HddsDatanodeService (HddsDatanodeService.java:startPlugins(395)) - Started plug-in org.apache.hadoop.ozone.web.OzoneHddsDatanodeService@7b6d88d1
2019-08-22 09:27:38,468 [main] INFO  impl.MetricsSystemImpl (MetricsSystemImpl.java:init(158)) - HddsDatanode metrics system started (again)
2019-08-22 09:27:38,472 [main] INFO  ozone.HddsDatanodeService (HddsDatanodeService.java:start(184)) - HddsDatanodeService host:pr-hdds-1898-9jx57-4170240974 ip:192.168.36.85
2019-08-22 09:27:38,472 [org.apache.hadoop.util.JvmPauseMonitor$Monitor@1833b64d] INFO  util.JvmPauseMonitor (JvmPauseMonitor.java:run(188)) - Starting JVM pause monitor
2019-08-22 09:27:38,473 [Datanode State Machine Thread - 0] INFO  datanode.InitDatanodeState (InitDatanodeState.java:persistContainerDatanodeDetails(140)) - DatanodeDetails is persisted to /workdir/hadoop-ozone/integration-test/target/test-dir/MiniOzoneClusterImpl-2e6e0ec1-3320-47b2-b0b8-5188264ac38e/datanode-5/meta/datanode.id
2019-08-22 09:27:38,481 [main] INFO  volume.HddsVolume (HddsVolume.java:<init>(176)) - Creating Volume: /workdir/hadoop-ozone/integration-test/target/test-dir/MiniOzoneClusterImpl-2e6e0ec1-3320-47b2-b0b8-5188264ac38e/datanode-6/data/containers/hdds of  storage type : DISK and capacity : 1482555576320
2019-08-22 09:27:38,481 [main] INFO  volume.VolumeSet (VolumeSet.java:initializeVolumeSet(170)) - Added Volume : /workdir/hadoop-ozone/integration-test/target/test-dir/MiniOzoneClusterImpl-2e6e0ec1-3320-47b2-b0b8-5188264ac38e/datanode-6/data/containers/hdds to VolumeSet
2019-08-22 09:27:38,481 [main] INFO  volume.ThrottledAsyncChecker (ThrottledAsyncChecker.java:schedule(140)) - Scheduling a check for org.apache.hadoop.ozone.container.common.volume.HddsVolume@60eacbbf
2019-08-22 09:27:38,482 [main] INFO  volume.HddsVolumeChecker (HddsVolumeChecker.java:checkAllVolumes(203)) - Scheduled health check for volume org.apache.hadoop.ozone.container.common.volume.HddsVolume@60eacbbf
2019-08-22 09:27:38,495 [main] INFO  impl.RaftServerProxy (ConfUtils.java:logGet(43)) - raft.rpc.type = GRPC (default)
2019-08-22 09:27:38,495 [main] INFO  grpc.GrpcFactory (GrpcFactory.java:checkPooledByteBufAllocatorUseCacheForAllThreads(45)) - PERFORMANCE WARNING: useCacheForAllThreads is true that may cause Netty to create a lot garbage objects and, as a result, trigger GC.
	It is recommended to disable useCacheForAllThreads by setting -Dorg.apache.ratis.thirdparty.io.netty.allocator.useCacheForAllThreads=false in command line.
2019-08-22 09:27:38,496 [main] INFO  grpc.GrpcConfigKeys$Server (ConfUtils.java:logGet(43)) - raft.grpc.server.port = 0 (default)
2019-08-22 09:27:38,496 [main] INFO  server.GrpcService (ConfUtils.java:logGet(43)) - raft.grpc.message.size.max = 33570816 (custom)
2019-08-22 09:27:38,496 [main] INFO  server.RaftServerConfigKeys (ConfUtils.java:logGet(43)) - raft.server.log.appender.buffer.byte-limit = 33554432 (custom)
2019-08-22 09:27:38,496 [main] INFO  server.GrpcService (ConfUtils.java:logGet(43)) - raft.grpc.flow.control.window = 1MB (=1048576) (default)
2019-08-22 09:27:38,496 [main] INFO  server.RaftServerConfigKeys (ConfUtils.java:logGet(43)) - raft.server.rpc.request.timeout = 3000ms (default)
2019-08-22 09:27:38,497 [main] INFO  server.RaftServerConfigKeys (ConfUtils.java:logGet(43)) - raft.server.storage.dir = [/workdir/hadoop-ozone/integration-test/target/test-dir/MiniOzoneClusterImpl-2e6e0ec1-3320-47b2-b0b8-5188264ac38e/datanode-6/data/ratis] (custom)
2019-08-22 09:27:38,497 [main] INFO  replication.SimpleContainerDownloader (SimpleContainerDownloader.java:<init>(72)) - Starting container downloader service to copy containers to replicate.
2019-08-22 09:27:38,498 [main] INFO  hdfs.DFSUtil (DFSUtil.java:httpServerTemplateForNNAndJN(1641)) - Starting Web-server for hddsDatanode at: http://0.0.0.0:0
2019-08-22 09:27:38,499 [main] INFO  server.AuthenticationFilter (AuthenticationFilter.java:constructSecretProvider(240)) - Unable to initialize FileSignerSecretProvider, falling back to use random secrets.
2019-08-22 09:27:38,500 [main] WARN  http.HttpRequestLog (HttpRequestLog.java:getRequestLog(97)) - Jetty request log can only be enabled using Log4j
2019-08-22 09:27:38,501 [main] INFO  http.HttpServer2 (HttpServer2.java:addGlobalFilter(975)) - Added global filter 'safety' (class=org.apache.hadoop.http.HttpServer2$QuotingInputFilter)
2019-08-22 09:27:38,501 [main] INFO  http.HttpServer2 (HttpServer2.java:addFilter(948)) - Added filter static_user_filter (class=org.apache.hadoop.http.lib.StaticUserWebFilter$StaticUserFilter) to context hddsDatanode
2019-08-22 09:27:38,501 [main] INFO  http.HttpServer2 (HttpServer2.java:addFilter(958)) - Added filter static_user_filter (class=org.apache.hadoop.http.lib.StaticUserWebFilter$StaticUserFilter) to context logs
2019-08-22 09:27:38,501 [main] INFO  http.HttpServer2 (HttpServer2.java:addFilter(958)) - Added filter static_user_filter (class=org.apache.hadoop.http.lib.StaticUserWebFilter$StaticUserFilter) to context static
2019-08-22 09:27:38,502 [main] INFO  http.HttpServer2 (HttpServer2.java:bindListener(1191)) - Jetty bound to port 36581
2019-08-22 09:27:38,502 [main] INFO  server.Server (Server.java:doStart(351)) - jetty-9.3.24.v20180605, build timestamp: 2018-06-05T17:11:56Z, git hash: 84205aa28f11a4f31f2a3b86d1bba2cc8ab69827
2019-08-22 09:27:38,503 [main] INFO  handler.ContextHandler (ContextHandler.java:doStart(781)) - Started o.e.j.s.ServletContextHandler@d3e9629{/logs,file:///workdir/hadoop-ozone/integration-test/target/log,AVAILABLE}
2019-08-22 09:27:38,504 [main] INFO  handler.ContextHandler (ContextHandler.java:doStart(781)) - Started o.e.j.s.ServletContextHandler@49825659{/static,jar:file:/home/user/.m2/repository/org/apache/hadoop/hadoop-hdds-container-service/0.5.0-SNAPSHOT/hadoop-hdds-container-service-0.5.0-SNAPSHOT.jar!/webapps/static,AVAILABLE}
2019-08-22 09:27:38,530 [main] INFO  handler.ContextHandler (ContextHandler.java:doStart(781)) - Started o.e.j.w.WebAppContext@1368e451{/,file:///tmp/jetty-0.0.0.0-36581-hddsDatanode-_-any-2097223056656443819.dir/webapp/,AVAILABLE}{/hddsDatanode}
2019-08-22 09:27:38,531 [main] INFO  server.AbstractConnector (AbstractConnector.java:doStart(278)) - Started ServerConnector@6ce365b7{HTTP/1.1,[http/1.1]}{0.0.0.0:36581}
2019-08-22 09:27:38,535 [main] INFO  server.Server (Server.java:doStart(419)) - Started @559616ms
2019-08-22 09:27:38,536 [main] INFO  server.BaseHttpServer (BaseHttpServer.java:updateConnectorAddress(213)) - HTTP server of HDDSDATANODE is listening at http://0.0.0.0:36581
2019-08-22 09:27:38,637 | INFO  | ObjectStoreRestHttpServer | Listening HDDS REST traffic on /0.0.0.0:32875 |  
2019-08-22 09:27:38,637 [main] INFO  ozone.HddsDatanodeService (HddsDatanodeService.java:startPlugins(395)) - Started plug-in org.apache.hadoop.ozone.web.OzoneHddsDatanodeService@1a91d15f
2019-08-22 09:27:38,638 [main] INFO  ozone.MiniOzoneClusterImpl (MiniOzoneClusterImpl.java:lambda$waitForClusterToBeReady$0(142)) - Waiting for cluster to be ready. Got 0 of 7 DN Heartbeats.
2019-08-22 09:27:38,639 [org.apache.hadoop.util.JvmPauseMonitor$Monitor@192c3318] INFO  util.JvmPauseMonitor (JvmPauseMonitor.java:run(188)) - Starting JVM pause monitor
2019-08-22 09:27:38,640 [Datanode State Machine Thread - 0] INFO  datanode.InitDatanodeState (InitDatanodeState.java:persistContainerDatanodeDetails(140)) - DatanodeDetails is persisted to /workdir/hadoop-ozone/integration-test/target/test-dir/MiniOzoneClusterImpl-2e6e0ec1-3320-47b2-b0b8-5188264ac38e/datanode-6/meta/datanode.id
2019-08-22 09:27:39,101 | INFO  | SCMAudit | user=jenkins1000 | ip=192.168.36.85 | op=GET_VERSION null | ret=SUCCESS |  
2019-08-22 09:27:39,128 [Datanode State Machine Thread - 0] INFO  ozoneimpl.OzoneContainer (OzoneContainer.java:start(186)) - Attempting to start container services.
2019-08-22 09:27:39,128 [Datanode State Machine Thread - 0] INFO  ozoneimpl.OzoneContainer (OzoneContainer.java:startContainerScrub(160)) - Background container scrubber has been disabled by hdds.containerscrub.enabled
2019-08-22 09:27:39,128 [Datanode State Machine Thread - 0] INFO  ratis.XceiverServerRatis (XceiverServerRatis.java:start(404)) - Starting XceiverServerRatis f1e02cbd-f391-4fd8-b388-c076d48374d7 at port 0
2019-08-22 09:27:39,135 [Datanode State Machine Thread - 0] INFO  impl.RaftServerProxy (RaftServerProxy.java:lambda$start$3(299)) - f1e02cbd-f391-4fd8-b388-c076d48374d7: start RPC server
2019-08-22 09:27:39,137 [Datanode State Machine Thread - 0] INFO  server.GrpcService (GrpcService.java:startImpl(149)) - f1e02cbd-f391-4fd8-b388-c076d48374d7: GrpcService started, listening on 0.0.0.0/0.0.0.0:38589
2019-08-22 09:27:39,137 [Datanode State Machine Thread - 0] INFO  ratis.XceiverServerRatis (XceiverServerRatis.java:start(414)) - XceiverServerRatis f1e02cbd-f391-4fd8-b388-c076d48374d7 is started using port 38589
2019-08-22 09:27:39,138 [Datanode State Machine Thread - 0] INFO  server.XceiverServerGrpc (XceiverServerGrpc.java:start(161)) - XceiverServerGrpc f1e02cbd-f391-4fd8-b388-c076d48374d7 is started using port 41508
2019-08-22 09:27:39,307 | INFO  | SCMAudit | user=jenkins1000 | ip=192.168.36.85 | op=GET_VERSION null | ret=SUCCESS |  
2019-08-22 09:27:39,342 [Datanode State Machine Thread - 0] INFO  ozoneimpl.OzoneContainer (OzoneContainer.java:start(186)) - Attempting to start container services.
2019-08-22 09:27:39,342 [Datanode State Machine Thread - 0] INFO  ozoneimpl.OzoneContainer (OzoneContainer.java:startContainerScrub(160)) - Background container scrubber has been disabled by hdds.containerscrub.enabled
2019-08-22 09:27:39,342 [Datanode State Machine Thread - 0] INFO  ratis.XceiverServerRatis (XceiverServerRatis.java:start(404)) - Starting XceiverServerRatis 928f26db-de41-4c85-b3d0-1197049d8d00 at port 0
2019-08-22 09:27:39,350 [Datanode State Machine Thread - 0] INFO  impl.RaftServerProxy (RaftServerProxy.java:lambda$start$3(299)) - 928f26db-de41-4c85-b3d0-1197049d8d00: start RPC server
2019-08-22 09:27:39,352 [Datanode State Machine Thread - 0] INFO  server.GrpcService (GrpcService.java:startImpl(149)) - 928f26db-de41-4c85-b3d0-1197049d8d00: GrpcService started, listening on 0.0.0.0/0.0.0.0:34973
2019-08-22 09:27:39,352 [Datanode State Machine Thread - 0] INFO  ratis.XceiverServerRatis (XceiverServerRatis.java:start(414)) - XceiverServerRatis 928f26db-de41-4c85-b3d0-1197049d8d00 is started using port 34973
2019-08-22 09:27:39,354 [Datanode State Machine Thread - 0] INFO  server.XceiverServerGrpc (XceiverServerGrpc.java:start(161)) - XceiverServerGrpc 928f26db-de41-4c85-b3d0-1197049d8d00 is started using port 42771
2019-08-22 09:27:39,513 | INFO  | SCMAudit | user=jenkins1000 | ip=192.168.36.85 | op=GET_VERSION null | ret=SUCCESS |  
2019-08-22 09:27:39,549 [Datanode State Machine Thread - 0] INFO  ozoneimpl.OzoneContainer (OzoneContainer.java:start(186)) - Attempting to start container services.
2019-08-22 09:27:39,549 [Datanode State Machine Thread - 0] INFO  ozoneimpl.OzoneContainer (OzoneContainer.java:startContainerScrub(160)) - Background container scrubber has been disabled by hdds.containerscrub.enabled
2019-08-22 09:27:39,549 [Datanode State Machine Thread - 0] INFO  ratis.XceiverServerRatis (XceiverServerRatis.java:start(404)) - Starting XceiverServerRatis d8e1cfc5-e249-437a-bc24-3d460aa72825 at port 0
2019-08-22 09:27:39,557 [Datanode State Machine Thread - 0] INFO  impl.RaftServerProxy (RaftServerProxy.java:lambda$start$3(299)) - d8e1cfc5-e249-437a-bc24-3d460aa72825: start RPC server
2019-08-22 09:27:39,557 [Datanode State Machine Thread - 0] INFO  server.GrpcService (GrpcService.java:startImpl(149)) - d8e1cfc5-e249-437a-bc24-3d460aa72825: GrpcService started, listening on 0.0.0.0/0.0.0.0:41695
2019-08-22 09:27:39,558 [Datanode State Machine Thread - 0] INFO  ratis.XceiverServerRatis (XceiverServerRatis.java:start(414)) - XceiverServerRatis d8e1cfc5-e249-437a-bc24-3d460aa72825 is started using port 41695
2019-08-22 09:27:39,558 [Datanode State Machine Thread - 0] INFO  server.XceiverServerGrpc (XceiverServerGrpc.java:start(161)) - XceiverServerGrpc d8e1cfc5-e249-437a-bc24-3d460aa72825 is started using port 33711
2019-08-22 09:27:39,638 [main] INFO  ozone.MiniOzoneClusterImpl (MiniOzoneClusterImpl.java:lambda$waitForClusterToBeReady$0(142)) - Waiting for cluster to be ready. Got 0 of 7 DN Heartbeats.
2019-08-22 09:27:40,036 | INFO  | SCMAudit | user=jenkins1000 | ip=192.168.36.85 | op=GET_VERSION null | ret=SUCCESS |  
2019-08-22 09:27:40,066 [Datanode State Machine Thread - 0] INFO  ozoneimpl.OzoneContainer (OzoneContainer.java:start(186)) - Attempting to start container services.
2019-08-22 09:27:40,066 [Datanode State Machine Thread - 0] INFO  ozoneimpl.OzoneContainer (OzoneContainer.java:startContainerScrub(160)) - Background container scrubber has been disabled by hdds.containerscrub.enabled
2019-08-22 09:27:40,066 [Datanode State Machine Thread - 0] INFO  ratis.XceiverServerRatis (XceiverServerRatis.java:start(404)) - Starting XceiverServerRatis 909bb822-8e17-41f4-9059-fc5d171ea46d at port 0
2019-08-22 09:27:40,075 [Datanode State Machine Thread - 0] INFO  impl.RaftServerProxy (RaftServerProxy.java:lambda$start$3(299)) - 909bb822-8e17-41f4-9059-fc5d171ea46d: start RPC server
2019-08-22 09:27:40,075 [Datanode State Machine Thread - 0] INFO  server.GrpcService (GrpcService.java:startImpl(149)) - 909bb822-8e17-41f4-9059-fc5d171ea46d: GrpcService started, listening on 0.0.0.0/0.0.0.0:38020
2019-08-22 09:27:40,076 [Datanode State Machine Thread - 0] INFO  ratis.XceiverServerRatis (XceiverServerRatis.java:start(414)) - XceiverServerRatis 909bb822-8e17-41f4-9059-fc5d171ea46d is started using port 38020
2019-08-22 09:27:40,076 [Datanode State Machine Thread - 0] INFO  server.XceiverServerGrpc (XceiverServerGrpc.java:start(161)) - XceiverServerGrpc 909bb822-8e17-41f4-9059-fc5d171ea46d is started using port 44555
2019-08-22 09:27:40,283 | INFO  | SCMAudit | user=jenkins1000 | ip=192.168.36.85 | op=GET_VERSION null | ret=SUCCESS |  
2019-08-22 09:27:40,308 [Datanode State Machine Thread - 0] INFO  ozoneimpl.OzoneContainer (OzoneContainer.java:start(186)) - Attempting to start container services.
2019-08-22 09:27:40,308 [Datanode State Machine Thread - 0] INFO  ozoneimpl.OzoneContainer (OzoneContainer.java:startContainerScrub(160)) - Background container scrubber has been disabled by hdds.containerscrub.enabled
2019-08-22 09:27:40,308 [Datanode State Machine Thread - 0] INFO  ratis.XceiverServerRatis (XceiverServerRatis.java:start(404)) - Starting XceiverServerRatis 95ce97c6-e6af-4640-b6f2-079eca5e157b at port 0
2019-08-22 09:27:40,316 [Datanode State Machine Thread - 0] INFO  impl.RaftServerProxy (RaftServerProxy.java:lambda$start$3(299)) - 95ce97c6-e6af-4640-b6f2-079eca5e157b: start RPC server
2019-08-22 09:27:40,320 [Datanode State Machine Thread - 0] INFO  server.GrpcService (GrpcService.java:startImpl(149)) - 95ce97c6-e6af-4640-b6f2-079eca5e157b: GrpcService started, listening on 0.0.0.0/0.0.0.0:44677
2019-08-22 09:27:40,320 [Datanode State Machine Thread - 0] INFO  ratis.XceiverServerRatis (XceiverServerRatis.java:start(414)) - XceiverServerRatis 95ce97c6-e6af-4640-b6f2-079eca5e157b is started using port 44677
2019-08-22 09:27:40,321 [Datanode State Machine Thread - 0] INFO  server.XceiverServerGrpc (XceiverServerGrpc.java:start(161)) - XceiverServerGrpc 95ce97c6-e6af-4640-b6f2-079eca5e157b is started using port 35199
2019-08-22 09:27:40,472 | INFO  | SCMAudit | user=jenkins1000 | ip=192.168.36.85 | op=GET_VERSION null | ret=SUCCESS |  
2019-08-22 09:27:40,500 [Datanode State Machine Thread - 0] INFO  ozoneimpl.OzoneContainer (OzoneContainer.java:start(186)) - Attempting to start container services.
2019-08-22 09:27:40,500 [Datanode State Machine Thread - 0] INFO  ozoneimpl.OzoneContainer (OzoneContainer.java:startContainerScrub(160)) - Background container scrubber has been disabled by hdds.containerscrub.enabled
2019-08-22 09:27:40,500 [Datanode State Machine Thread - 0] INFO  ratis.XceiverServerRatis (XceiverServerRatis.java:start(404)) - Starting XceiverServerRatis c63d63f4-e4a3-48b0-8e66-cfae5c1ce3a1 at port 0
2019-08-22 09:27:40,507 [Datanode State Machine Thread - 0] INFO  impl.RaftServerProxy (RaftServerProxy.java:lambda$start$3(299)) - c63d63f4-e4a3-48b0-8e66-cfae5c1ce3a1: start RPC server
2019-08-22 09:27:40,512 [Datanode State Machine Thread - 0] INFO  server.GrpcService (GrpcService.java:startImpl(149)) - c63d63f4-e4a3-48b0-8e66-cfae5c1ce3a1: GrpcService started, listening on 0.0.0.0/0.0.0.0:38743
2019-08-22 09:27:40,512 [Datanode State Machine Thread - 0] INFO  ratis.XceiverServerRatis (XceiverServerRatis.java:start(414)) - XceiverServerRatis c63d63f4-e4a3-48b0-8e66-cfae5c1ce3a1 is started using port 38743
2019-08-22 09:27:40,514 [Datanode State Machine Thread - 0] INFO  server.XceiverServerGrpc (XceiverServerGrpc.java:start(161)) - XceiverServerGrpc c63d63f4-e4a3-48b0-8e66-cfae5c1ce3a1 is started using port 39855
2019-08-22 09:27:40,639 [main] INFO  ozone.MiniOzoneClusterImpl (MiniOzoneClusterImpl.java:lambda$waitForClusterToBeReady$0(142)) - Waiting for cluster to be ready. Got 0 of 7 DN Heartbeats.
2019-08-22 09:27:40,640 | INFO  | SCMAudit | user=jenkins1000 | ip=192.168.36.85 | op=GET_VERSION null | ret=SUCCESS |  
2019-08-22 09:27:40,664 [Datanode State Machine Thread - 0] INFO  ozoneimpl.OzoneContainer (OzoneContainer.java:start(186)) - Attempting to start container services.
2019-08-22 09:27:40,665 [Datanode State Machine Thread - 0] INFO  ozoneimpl.OzoneContainer (OzoneContainer.java:startContainerScrub(160)) - Background container scrubber has been disabled by hdds.containerscrub.enabled
2019-08-22 09:27:40,665 [Datanode State Machine Thread - 0] INFO  ratis.XceiverServerRatis (XceiverServerRatis.java:start(404)) - Starting XceiverServerRatis 75d72393-3020-4de0-a4ea-5e88f0c8cd61 at port 0
2019-08-22 09:27:40,673 [Datanode State Machine Thread - 0] INFO  impl.RaftServerProxy (RaftServerProxy.java:lambda$start$3(299)) - 75d72393-3020-4de0-a4ea-5e88f0c8cd61: start RPC server
2019-08-22 09:27:40,677 [Datanode State Machine Thread - 0] INFO  server.GrpcService (GrpcService.java:startImpl(149)) - 75d72393-3020-4de0-a4ea-5e88f0c8cd61: GrpcService started, listening on 0.0.0.0/0.0.0.0:42083
2019-08-22 09:27:40,677 [Datanode State Machine Thread - 0] INFO  ratis.XceiverServerRatis (XceiverServerRatis.java:start(414)) - XceiverServerRatis 75d72393-3020-4de0-a4ea-5e88f0c8cd61 is started using port 42083
2019-08-22 09:27:40,691 [Datanode State Machine Thread - 0] INFO  server.XceiverServerGrpc (XceiverServerGrpc.java:start(161)) - XceiverServerGrpc 75d72393-3020-4de0-a4ea-5e88f0c8cd61 is started using port 35756
2019-08-22 09:27:41,102 [IPC Server handler 0 on 44903] INFO  net.NetworkTopology (NetworkTopologyImpl.java:add(110)) - Added a new node: /default-rack/f1e02cbd-f391-4fd8-b388-c076d48374d7
2019-08-22 09:27:41,106 [IPC Server handler 0 on 44903] INFO  node.SCMNodeManager (SCMNodeManager.java:register(273)) - Registered Data node : f1e02cbd-f391-4fd8-b388-c076d48374d7{ip: 192.168.36.85, host: pr-hdds-1898-9jx57-4170240974, networkLocation: /default-rack, certSerialId: null}
2019-08-22 09:27:41,107 [EventQueue-NodeRegistrationContainerReportForDataNodeSafeModeRule] INFO  safemode.SCMSafeModeManager (DataNodeSafeModeRule.java:process(71)) - SCM in safe mode. 1 DataNodes registered, 1 required.
2019-08-22 09:27:41,107 | INFO  | SCMAudit | user=jenkins1000 | ip=192.168.36.85 | op=REGISTER {datanodeDetails=f1e02cbd-f391-4fd8-b388-c076d48374d7{ip: 192.168.36.85, host: pr-hdds-1898-9jx57-4170240974, networkLocation: /default-rack, certSerialId: null}} | ret=SUCCESS |  
2019-08-22 09:27:41,109 [EventQueue-NodeRegistrationContainerReportForDataNodeSafeModeRule] INFO  safemode.SCMSafeModeManager (SCMSafeModeManager.java:validateSafeModeExitRules(177)) - ScmSafeModeManager, all rules are successfully validated
2019-08-22 09:27:41,109 [EventQueue-NodeRegistrationContainerReportForDataNodeSafeModeRule] INFO  safemode.SCMSafeModeManager (SCMSafeModeManager.java:exitSafeMode(193)) - SCM exiting safe mode.
2019-08-22 09:27:41,141 [grpc-default-executor-11] INFO  impl.RaftServerProxy (RaftServerProxy.java:addNew(89)) - f1e02cbd-f391-4fd8-b388-c076d48374d7: addNew group-E29B846A43AF:[f1e02cbd-f391-4fd8-b388-c076d48374d7:192.168.36.85:38589] returns group-E29B846A43AF:java.util.concurrent.CompletableFuture@6990f851[Not completed]
2019-08-22 09:27:41,143 [pool-439-thread-1] INFO  impl.RaftServerImpl (RaftServerImpl.java:<init>(93)) - f1e02cbd-f391-4fd8-b388-c076d48374d7: new RaftServerImpl for group-E29B846A43AF:[f1e02cbd-f391-4fd8-b388-c076d48374d7:192.168.36.85:38589] with ContainerStateMachine:uninitialized
2019-08-22 09:27:41,143 [pool-439-thread-1] INFO  server.RaftServerConfigKeys (ConfUtils.java:logGet(43)) - raft.server.rpc.timeout.min = 5s (custom)
2019-08-22 09:27:41,143 [pool-439-thread-1] INFO  server.RaftServerConfigKeys (ConfUtils.java:logGet(43)) - raft.server.rpc.timeout.max = 5200ms (custom)
2019-08-22 09:27:41,143 [pool-439-thread-1] INFO  server.RaftServerConfigKeys (ConfUtils.java:logGet(43)) - raft.server.rpcslowness.timeout = 120s (custom)
2019-08-22 09:27:41,143 [pool-439-thread-1] INFO  server.RaftServerConfigKeys (ConfUtils.java:logGet(43)) - raft.server.sleep.deviation.threshold = 300 (default)
2019-08-22 09:27:41,143 [pool-439-thread-1] INFO  server.RaftServerConfigKeys (ConfUtils.java:logGet(43)) - raft.server.log.appender.install.snapshot.enabled = false (custom)
2019-08-22 09:27:41,144 [pool-439-thread-1] INFO  impl.RaftServerImpl (ServerState.java:<init>(105)) - f1e02cbd-f391-4fd8-b388-c076d48374d7:group-E29B846A43AF ConfigurationManager, init=-1: [f1e02cbd-f391-4fd8-b388-c076d48374d7:192.168.36.85:38589], old=null, confs=<EMPTY_MAP>
2019-08-22 09:27:41,144 [pool-439-thread-1] INFO  server.RaftServerConfigKeys (ConfUtils.java:logGet(43)) - raft.server.storage.dir = [/workdir/hadoop-ozone/integration-test/target/test-dir/MiniOzoneClusterImpl-2e6e0ec1-3320-47b2-b0b8-5188264ac38e/datanode-0/data/ratis] (custom)
2019-08-22 09:27:41,145 [pool-439-thread-1] INFO  storage.RaftStorageDirectory (RaftStorageDirectory.java:analyzeStorage(246)) - The storage directory /workdir/hadoop-ozone/integration-test/target/test-dir/MiniOzoneClusterImpl-2e6e0ec1-3320-47b2-b0b8-5188264ac38e/datanode-0/data/ratis/c975f72c-b35f-4f0f-aec9-e29b846a43af does not exist. Creating ...
2019-08-22 09:27:41,163 [pool-439-thread-1] INFO  storage.RaftStorageDirectory (RaftStorageDirectory.java:tryLock(328)) - Lock on /workdir/hadoop-ozone/integration-test/target/test-dir/MiniOzoneClusterImpl-2e6e0ec1-3320-47b2-b0b8-5188264ac38e/datanode-0/data/ratis/c975f72c-b35f-4f0f-aec9-e29b846a43af/in_use.lock acquired by nodename 23417@pr-hdds-1898-9jx57-4170240974
2019-08-22 09:27:41,186 [pool-439-thread-1] INFO  storage.RaftStorage (RaftStorage.java:format(72)) - Storage directory /workdir/hadoop-ozone/integration-test/target/test-dir/MiniOzoneClusterImpl-2e6e0ec1-3320-47b2-b0b8-5188264ac38e/datanode-0/data/ratis/c975f72c-b35f-4f0f-aec9-e29b846a43af has been successfully formatted.
2019-08-22 09:27:41,187 [pool-439-thread-1] INFO  ratis.ContainerStateMachine (ContainerStateMachine.java:loadSnapshot(226)) - group-E29B846A43AF: The snapshot info is null. Setting the last applied indexto:(t:0, i:~)
2019-08-22 09:27:41,187 [pool-439-thread-1] INFO  server.RaftServerConfigKeys (ConfUtils.java:logGet(43)) - raft.server.leader.election.timeout = 120s (custom)
2019-08-22 09:27:41,187 [pool-439-thread-1] INFO  server.RaftServerConfigKeys (ConfUtils.java:logGet(43)) - raft.server.log.use.memory = false (default)
2019-08-22 09:27:41,187 [pool-439-thread-1] INFO  server.RaftServerConfigKeys (ConfUtils.java:logGet(43)) - raft.server.log.purge.gap = 1000000 (custom)
2019-08-22 09:27:41,188 [pool-439-thread-1] INFO  server.RaftServerConfigKeys (ConfUtils.java:logGet(43)) - raft.server.log.appender.buffer.byte-limit = 33554432 (custom)
2019-08-22 09:27:41,188 [pool-439-thread-1] INFO  server.RaftServerConfigKeys (ConfUtils.java:logGet(43)) - raft.server.log.segment.size.max = 1048576 (custom)
2019-08-22 09:27:41,188 [pool-439-thread-1] INFO  server.RaftServerConfigKeys (ConfUtils.java:logGet(43)) - raft.server.log.segment.cache.num.max = 2 (custom)
2019-08-22 09:27:41,188 [pool-439-thread-1] INFO  segmented.SegmentedRaftLogWorker (SegmentedRaftLogWorker.java:<init>(172)) - new f1e02cbd-f391-4fd8-b388-c076d48374d7-SegmentedRaftLogWorker:Storage Directory /workdir/hadoop-ozone/integration-test/target/test-dir/MiniOzoneClusterImpl-2e6e0ec1-3320-47b2-b0b8-5188264ac38e/datanode-0/data/ratis/c975f72c-b35f-4f0f-aec9-e29b846a43af for RaftStorage:Storage Directory /workdir/hadoop-ozone/integration-test/target/test-dir/MiniOzoneClusterImpl-2e6e0ec1-3320-47b2-b0b8-5188264ac38e/datanode-0/data/ratis/c975f72c-b35f-4f0f-aec9-e29b846a43af
2019-08-22 09:27:41,188 [pool-439-thread-1] INFO  server.RaftServerConfigKeys (ConfUtils.java:logGet(43)) - raft.server.log.queue.byte-limit = 2147483647 (custom)
2019-08-22 09:27:41,189 [pool-439-thread-1] INFO  server.RaftServerConfigKeys (ConfUtils.java:logGet(43)) - raft.server.log.queue.element-limit = 1024 (custom)
2019-08-22 09:27:41,189 [pool-439-thread-1] INFO  server.RaftServerConfigKeys (ConfUtils.java:logGet(43)) - raft.server.log.segment.size.max = 1048576 (custom)
2019-08-22 09:27:41,189 [pool-439-thread-1] INFO  server.RaftServerConfigKeys (ConfUtils.java:logGet(43)) - raft.server.log.preallocated.size = 16384 (custom)
2019-08-22 09:27:41,189 [pool-439-thread-1] INFO  server.RaftServerConfigKeys (ConfUtils.java:logGet(43)) - raft.server.log.write.buffer.size = 33554432 (custom)
2019-08-22 09:27:41,189 [pool-439-thread-1] INFO  server.RaftServerConfigKeys (ConfUtils.java:logGet(43)) - raft.server.log.force.sync.num = 128 (default)
2019-08-22 09:27:41,190 [pool-439-thread-1] INFO  server.RaftServerConfigKeys (ConfUtils.java:logGet(43)) - raft.server.log.statemachine.data.sync = true (default)
2019-08-22 09:27:41,190 [pool-439-thread-1] INFO  server.RaftServerConfigKeys (ConfUtils.java:logGet(43)) - raft.server.log.statemachine.data.sync.timeout = 10s (default)
2019-08-22 09:27:41,190 [pool-439-thread-1] INFO  server.RaftServerConfigKeys (ConfUtils.java:logGet(43)) - raft.server.log.statemachine.data.sync.timeout.retry = -1 (default)
2019-08-22 09:27:41,190 [pool-439-thread-1] INFO  server.RaftServerConfigKeys (ConfUtils.java:logGet(43)) - raft.server.log.statemachine.data.caching.enabled = true (custom)
2019-08-22 09:27:41,191 [pool-439-thread-1] INFO  segmented.SegmentedRaftLogWorker (SegmentedRaftLogWorker.java:lambda$new$0(132)) - f1e02cbd-f391-4fd8-b388-c076d48374d7-SegmentedRaftLogWorker:Storage Directory /workdir/hadoop-ozone/integration-test/target/test-dir/MiniOzoneClusterImpl-2e6e0ec1-3320-47b2-b0b8-5188264ac38e/datanode-0/data/ratis/c975f72c-b35f-4f0f-aec9-e29b846a43af: flushIndex: setUnconditionally 0 -> -1
2019-08-22 09:27:41,191 [pool-439-thread-1] INFO  server.RaftServerConfigKeys (ConfUtils.java:logGet(43)) - raft.server.snapshot.auto.trigger.enabled = true (custom)
2019-08-22 09:27:41,191 [pool-439-thread-1] INFO  server.RaftServerConfigKeys (ConfUtils.java:logGet(43)) - raft.server.snapshot.auto.trigger.threshold = 10000 (custom)
2019-08-22 09:27:41,192 [pool-439-thread-1] INFO  server.RaftServerConfigKeys (ConfUtils.java:logGet(43)) - raft.server.retrycache.expirytime = 600000ms (custom)
2019-08-22 09:27:41,192 [pool-439-thread-1] INFO  impl.RaftServerImpl (RaftServerImpl.java:start(180)) - f1e02cbd-f391-4fd8-b388-c076d48374d7: start group-E29B846A43AF
2019-08-22 09:27:41,192 [pool-439-thread-1] INFO  impl.RaftServerImpl (RaftServerImpl.java:setRole(171)) - f1e02cbd-f391-4fd8-b388-c076d48374d7:group-E29B846A43AF changes role from null to FOLLOWER at term 0 for startAsFollower
2019-08-22 09:27:41,192 [pool-439-thread-1] INFO  impl.RoleInfo (RoleInfo.java:updateAndGet(143)) - f1e02cbd-f391-4fd8-b388-c076d48374d7: start FollowerState
2019-08-22 09:27:41,194 [pool-439-thread-1] INFO  util.JmxRegister (JmxRegister.java:tryRegister(44)) - Successfully registered JMX Bean with object name Ratis:service=RaftServer,group=group-E29B846A43AF,id=f1e02cbd-f391-4fd8-b388-c076d48374d7
2019-08-22 09:27:41,199 [RatisPipelineUtilsThread] INFO  pipeline.PipelineStateManager (PipelineStateManager.java:addPipeline(56)) - Created pipeline Pipeline[ Id: c975f72c-b35f-4f0f-aec9-e29b846a43af, Nodes: f1e02cbd-f391-4fd8-b388-c076d48374d7{ip: 192.168.36.85, host: pr-hdds-1898-9jx57-4170240974, networkLocation: /default-rack, certSerialId: null}, Type:RATIS, Factor:ONE, State:OPEN]
2019-08-22 09:27:41,309 [IPC Server handler 2 on 44903] INFO  net.NetworkTopology (NetworkTopologyImpl.java:add(110)) - Added a new node: /default-rack/928f26db-de41-4c85-b3d0-1197049d8d00
2019-08-22 09:27:41,309 [IPC Server handler 2 on 44903] INFO  node.SCMNodeManager (SCMNodeManager.java:register(273)) - Registered Data node : 928f26db-de41-4c85-b3d0-1197049d8d00{ip: 192.168.36.85, host: pr-hdds-1898-9jx57-4170240974, networkLocation: /default-rack, certSerialId: null}
2019-08-22 09:27:41,309 | INFO  | SCMAudit | user=jenkins1000 | ip=192.168.36.85 | op=REGISTER {datanodeDetails=928f26db-de41-4c85-b3d0-1197049d8d00{ip: 192.168.36.85, host: pr-hdds-1898-9jx57-4170240974, networkLocation: /default-rack, certSerialId: null}} | ret=SUCCESS |  
2019-08-22 09:27:41,316 [grpc-default-executor-11] INFO  impl.RaftServerProxy (RaftServerProxy.java:addNew(89)) - 928f26db-de41-4c85-b3d0-1197049d8d00: addNew group-837FAECAE1E1:[928f26db-de41-4c85-b3d0-1197049d8d00:192.168.36.85:34973] returns group-837FAECAE1E1:java.util.concurrent.CompletableFuture@1df4b2fa[Not completed]
2019-08-22 09:27:41,317 [pool-450-thread-1] INFO  impl.RaftServerImpl (RaftServerImpl.java:<init>(93)) - 928f26db-de41-4c85-b3d0-1197049d8d00: new RaftServerImpl for group-837FAECAE1E1:[928f26db-de41-4c85-b3d0-1197049d8d00:192.168.36.85:34973] with ContainerStateMachine:uninitialized
2019-08-22 09:27:41,317 [pool-450-thread-1] INFO  server.RaftServerConfigKeys (ConfUtils.java:logGet(43)) - raft.server.rpc.timeout.min = 5s (custom)
2019-08-22 09:27:41,318 [pool-450-thread-1] INFO  server.RaftServerConfigKeys (ConfUtils.java:logGet(43)) - raft.server.rpc.timeout.max = 5200ms (custom)
2019-08-22 09:27:41,318 [pool-450-thread-1] INFO  server.RaftServerConfigKeys (ConfUtils.java:logGet(43)) - raft.server.rpcslowness.timeout = 120s (custom)
2019-08-22 09:27:41,318 [pool-450-thread-1] INFO  server.RaftServerConfigKeys (ConfUtils.java:logGet(43)) - raft.server.sleep.deviation.threshold = 300 (default)
2019-08-22 09:27:41,318 [pool-450-thread-1] INFO  server.RaftServerConfigKeys (ConfUtils.java:logGet(43)) - raft.server.log.appender.install.snapshot.enabled = false (custom)
2019-08-22 09:27:41,318 [pool-450-thread-1] INFO  impl.RaftServerImpl (ServerState.java:<init>(105)) - 928f26db-de41-4c85-b3d0-1197049d8d00:group-837FAECAE1E1 ConfigurationManager, init=-1: [928f26db-de41-4c85-b3d0-1197049d8d00:192.168.36.85:34973], old=null, confs=<EMPTY_MAP>
2019-08-22 09:27:41,318 [pool-450-thread-1] INFO  server.RaftServerConfigKeys (ConfUtils.java:logGet(43)) - raft.server.storage.dir = [/workdir/hadoop-ozone/integration-test/target/test-dir/MiniOzoneClusterImpl-2e6e0ec1-3320-47b2-b0b8-5188264ac38e/datanode-1/data/ratis] (custom)
2019-08-22 09:27:41,319 [pool-450-thread-1] INFO  storage.RaftStorageDirectory (RaftStorageDirectory.java:analyzeStorage(246)) - The storage directory /workdir/hadoop-ozone/integration-test/target/test-dir/MiniOzoneClusterImpl-2e6e0ec1-3320-47b2-b0b8-5188264ac38e/datanode-1/data/ratis/82f7ced3-763a-4a4b-83ad-837faecae1e1 does not exist. Creating ...
2019-08-22 09:27:41,341 [pool-450-thread-1] INFO  storage.RaftStorageDirectory (RaftStorageDirectory.java:tryLock(328)) - Lock on /workdir/hadoop-ozone/integration-test/target/test-dir/MiniOzoneClusterImpl-2e6e0ec1-3320-47b2-b0b8-5188264ac38e/datanode-1/data/ratis/82f7ced3-763a-4a4b-83ad-837faecae1e1/in_use.lock acquired by nodename 23417@pr-hdds-1898-9jx57-4170240974
2019-08-22 09:27:41,367 [pool-450-thread-1] INFO  storage.RaftStorage (RaftStorage.java:format(72)) - Storage directory /workdir/hadoop-ozone/integration-test/target/test-dir/MiniOzoneClusterImpl-2e6e0ec1-3320-47b2-b0b8-5188264ac38e/datanode-1/data/ratis/82f7ced3-763a-4a4b-83ad-837faecae1e1 has been successfully formatted.
2019-08-22 09:27:41,367 [pool-450-thread-1] INFO  ratis.ContainerStateMachine (ContainerStateMachine.java:loadSnapshot(226)) - group-837FAECAE1E1: The snapshot info is null. Setting the last applied indexto:(t:0, i:~)
2019-08-22 09:27:41,368 [pool-450-thread-1] INFO  server.RaftServerConfigKeys (ConfUtils.java:logGet(43)) - raft.server.leader.election.timeout = 120s (custom)
2019-08-22 09:27:41,368 [pool-450-thread-1] INFO  server.RaftServerConfigKeys (ConfUtils.java:logGet(43)) - raft.server.log.use.memory = false (default)
2019-08-22 09:27:41,368 [pool-450-thread-1] INFO  server.RaftServerConfigKeys (ConfUtils.java:logGet(43)) - raft.server.log.purge.gap = 1000000 (custom)
2019-08-22 09:27:41,368 [pool-450-thread-1] INFO  server.RaftServerConfigKeys (ConfUtils.java:logGet(43)) - raft.server.log.appender.buffer.byte-limit = 33554432 (custom)
2019-08-22 09:27:41,368 [pool-450-thread-1] INFO  server.RaftServerConfigKeys (ConfUtils.java:logGet(43)) - raft.server.log.segment.size.max = 1048576 (custom)
2019-08-22 09:27:41,368 [pool-450-thread-1] INFO  server.RaftServerConfigKeys (ConfUtils.java:logGet(43)) - raft.server.log.segment.cache.num.max = 2 (custom)
2019-08-22 09:27:41,369 [pool-450-thread-1] INFO  segmented.SegmentedRaftLogWorker (SegmentedRaftLogWorker.java:<init>(172)) - new 928f26db-de41-4c85-b3d0-1197049d8d00-SegmentedRaftLogWorker:Storage Directory /workdir/hadoop-ozone/integration-test/target/test-dir/MiniOzoneClusterImpl-2e6e0ec1-3320-47b2-b0b8-5188264ac38e/datanode-1/data/ratis/82f7ced3-763a-4a4b-83ad-837faecae1e1 for RaftStorage:Storage Directory /workdir/hadoop-ozone/integration-test/target/test-dir/MiniOzoneClusterImpl-2e6e0ec1-3320-47b2-b0b8-5188264ac38e/datanode-1/data/ratis/82f7ced3-763a-4a4b-83ad-837faecae1e1
2019-08-22 09:27:41,369 [pool-450-thread-1] INFO  server.RaftServerConfigKeys (ConfUtils.java:logGet(43)) - raft.server.log.queue.byte-limit = 2147483647 (custom)
2019-08-22 09:27:41,369 [pool-450-thread-1] INFO  server.RaftServerConfigKeys (ConfUtils.java:logGet(43)) - raft.server.log.queue.element-limit = 1024 (custom)
2019-08-22 09:27:41,369 [pool-450-thread-1] INFO  server.RaftServerConfigKeys (ConfUtils.java:logGet(43)) - raft.server.log.segment.size.max = 1048576 (custom)
2019-08-22 09:27:41,369 [pool-450-thread-1] INFO  server.RaftServerConfigKeys (ConfUtils.java:logGet(43)) - raft.server.log.preallocated.size = 16384 (custom)
2019-08-22 09:27:41,369 [pool-450-thread-1] INFO  server.RaftServerConfigKeys (ConfUtils.java:logGet(43)) - raft.server.log.write.buffer.size = 33554432 (custom)
2019-08-22 09:27:41,370 [pool-450-thread-1] INFO  server.RaftServerConfigKeys (ConfUtils.java:logGet(43)) - raft.server.log.force.sync.num = 128 (default)
2019-08-22 09:27:41,370 [pool-450-thread-1] INFO  server.RaftServerConfigKeys (ConfUtils.java:logGet(43)) - raft.server.log.statemachine.data.sync = true (default)
2019-08-22 09:27:41,370 [pool-450-thread-1] INFO  server.RaftServerConfigKeys (ConfUtils.java:logGet(43)) - raft.server.log.statemachine.data.sync.timeout = 10s (default)
2019-08-22 09:27:41,370 [pool-450-thread-1] INFO  server.RaftServerConfigKeys (ConfUtils.java:logGet(43)) - raft.server.log.statemachine.data.sync.timeout.retry = -1 (default)
2019-08-22 09:27:41,370 [pool-450-thread-1] INFO  server.RaftServerConfigKeys (ConfUtils.java:logGet(43)) - raft.server.log.statemachine.data.caching.enabled = true (custom)
2019-08-22 09:27:41,370 [pool-450-thread-1] INFO  segmented.SegmentedRaftLogWorker (SegmentedRaftLogWorker.java:lambda$new$0(132)) - 928f26db-de41-4c85-b3d0-1197049d8d00-SegmentedRaftLogWorker:Storage Directory /workdir/hadoop-ozone/integration-test/target/test-dir/MiniOzoneClusterImpl-2e6e0ec1-3320-47b2-b0b8-5188264ac38e/datanode-1/data/ratis/82f7ced3-763a-4a4b-83ad-837faecae1e1: flushIndex: setUnconditionally 0 -> -1
2019-08-22 09:27:41,371 [pool-450-thread-1] INFO  server.RaftServerConfigKeys (ConfUtils.java:logGet(43)) - raft.server.snapshot.auto.trigger.enabled = true (custom)
2019-08-22 09:27:41,371 [pool-450-thread-1] INFO  server.RaftServerConfigKeys (ConfUtils.java:logGet(43)) - raft.server.snapshot.auto.trigger.threshold = 10000 (custom)
2019-08-22 09:27:41,371 [pool-450-thread-1] INFO  server.RaftServerConfigKeys (ConfUtils.java:logGet(43)) - raft.server.retrycache.expirytime = 600000ms (custom)
2019-08-22 09:27:41,371 [pool-450-thread-1] INFO  impl.RaftServerImpl (RaftServerImpl.java:start(180)) - 928f26db-de41-4c85-b3d0-1197049d8d00: start group-837FAECAE1E1
2019-08-22 09:27:41,371 [pool-450-thread-1] INFO  impl.RaftServerImpl (RaftServerImpl.java:setRole(171)) - 928f26db-de41-4c85-b3d0-1197049d8d00:group-837FAECAE1E1 changes role from null to FOLLOWER at term 0 for startAsFollower
2019-08-22 09:27:41,372 [pool-450-thread-1] INFO  impl.RoleInfo (RoleInfo.java:updateAndGet(143)) - 928f26db-de41-4c85-b3d0-1197049d8d00: start FollowerState
2019-08-22 09:27:41,372 [pool-450-thread-1] INFO  util.JmxRegister (JmxRegister.java:tryRegister(44)) - Successfully registered JMX Bean with object name Ratis:service=RaftServer,group=group-837FAECAE1E1,id=928f26db-de41-4c85-b3d0-1197049d8d00
2019-08-22 09:27:41,377 [RatisPipelineUtilsThread] INFO  pipeline.PipelineStateManager (PipelineStateManager.java:addPipeline(56)) - Created pipeline Pipeline[ Id: 82f7ced3-763a-4a4b-83ad-837faecae1e1, Nodes: 928f26db-de41-4c85-b3d0-1197049d8d00{ip: 192.168.36.85, host: pr-hdds-1898-9jx57-4170240974, networkLocation: /default-rack, certSerialId: null}, Type:RATIS, Factor:ONE, State:OPEN]
2019-08-22 09:27:41,513 [IPC Server handler 3 on 44903] INFO  net.NetworkTopology (NetworkTopologyImpl.java:add(110)) - Added a new node: /default-rack/d8e1cfc5-e249-437a-bc24-3d460aa72825
2019-08-22 09:27:41,513 [IPC Server handler 3 on 44903] INFO  node.SCMNodeManager (SCMNodeManager.java:register(273)) - Registered Data node : d8e1cfc5-e249-437a-bc24-3d460aa72825{ip: 192.168.36.85, host: pr-hdds-1898-9jx57-4170240974, networkLocation: /default-rack, certSerialId: null}
2019-08-22 09:27:41,519 | INFO  | SCMAudit | user=jenkins1000 | ip=192.168.36.85 | op=REGISTER {datanodeDetails=d8e1cfc5-e249-437a-bc24-3d460aa72825{ip: 192.168.36.85, host: pr-hdds-1898-9jx57-4170240974, networkLocation: /default-rack, certSerialId: null}} | ret=SUCCESS |  
2019-08-22 09:27:41,526 [grpc-default-executor-11] INFO  impl.RaftServerProxy (RaftServerProxy.java:addNew(89)) - d8e1cfc5-e249-437a-bc24-3d460aa72825: addNew group-093A10B4245C:[d8e1cfc5-e249-437a-bc24-3d460aa72825:192.168.36.85:41695] returns group-093A10B4245C:java.util.concurrent.CompletableFuture@6773949c[Not completed]
2019-08-22 09:27:41,527 [pool-461-thread-1] INFO  impl.RaftServerImpl (RaftServerImpl.java:<init>(93)) - d8e1cfc5-e249-437a-bc24-3d460aa72825: new RaftServerImpl for group-093A10B4245C:[d8e1cfc5-e249-437a-bc24-3d460aa72825:192.168.36.85:41695] with ContainerStateMachine:uninitialized
2019-08-22 09:27:41,528 [pool-461-thread-1] INFO  server.RaftServerConfigKeys (ConfUtils.java:logGet(43)) - raft.server.rpc.timeout.min = 5s (custom)
2019-08-22 09:27:41,528 [pool-461-thread-1] INFO  server.RaftServerConfigKeys (ConfUtils.java:logGet(43)) - raft.server.rpc.timeout.max = 5200ms (custom)
2019-08-22 09:27:41,528 [pool-461-thread-1] INFO  server.RaftServerConfigKeys (ConfUtils.java:logGet(43)) - raft.server.rpcslowness.timeout = 120s (custom)
2019-08-22 09:27:41,528 [pool-461-thread-1] INFO  server.RaftServerConfigKeys (ConfUtils.java:logGet(43)) - raft.server.sleep.deviation.threshold = 300 (default)
2019-08-22 09:27:41,528 [pool-461-thread-1] INFO  server.RaftServerConfigKeys (ConfUtils.java:logGet(43)) - raft.server.log.appender.install.snapshot.enabled = false (custom)
2019-08-22 09:27:41,528 [pool-461-thread-1] INFO  impl.RaftServerImpl (ServerState.java:<init>(105)) - d8e1cfc5-e249-437a-bc24-3d460aa72825:group-093A10B4245C ConfigurationManager, init=-1: [d8e1cfc5-e249-437a-bc24-3d460aa72825:192.168.36.85:41695], old=null, confs=<EMPTY_MAP>
2019-08-22 09:27:41,529 [pool-461-thread-1] INFO  server.RaftServerConfigKeys (ConfUtils.java:logGet(43)) - raft.server.storage.dir = [/workdir/hadoop-ozone/integration-test/target/test-dir/MiniOzoneClusterImpl-2e6e0ec1-3320-47b2-b0b8-5188264ac38e/datanode-2/data/ratis] (custom)
2019-08-22 09:27:41,529 [pool-461-thread-1] INFO  storage.RaftStorageDirectory (RaftStorageDirectory.java:analyzeStorage(246)) - The storage directory /workdir/hadoop-ozone/integration-test/target/test-dir/MiniOzoneClusterImpl-2e6e0ec1-3320-47b2-b0b8-5188264ac38e/datanode-2/data/ratis/79225b58-e793-4bd9-895b-093a10b4245c does not exist. Creating ...
2019-08-22 09:27:41,552 [pool-461-thread-1] INFO  storage.RaftStorageDirectory (RaftStorageDirectory.java:tryLock(328)) - Lock on /workdir/hadoop-ozone/integration-test/target/test-dir/MiniOzoneClusterImpl-2e6e0ec1-3320-47b2-b0b8-5188264ac38e/datanode-2/data/ratis/79225b58-e793-4bd9-895b-093a10b4245c/in_use.lock acquired by nodename 23417@pr-hdds-1898-9jx57-4170240974
2019-08-22 09:27:41,575 [pool-461-thread-1] INFO  storage.RaftStorage (RaftStorage.java:format(72)) - Storage directory /workdir/hadoop-ozone/integration-test/target/test-dir/MiniOzoneClusterImpl-2e6e0ec1-3320-47b2-b0b8-5188264ac38e/datanode-2/data/ratis/79225b58-e793-4bd9-895b-093a10b4245c has been successfully formatted.
2019-08-22 09:27:41,576 [pool-461-thread-1] INFO  ratis.ContainerStateMachine (ContainerStateMachine.java:loadSnapshot(226)) - group-093A10B4245C: The snapshot info is null. Setting the last applied indexto:(t:0, i:~)
2019-08-22 09:27:41,576 [pool-461-thread-1] INFO  server.RaftServerConfigKeys (ConfUtils.java:logGet(43)) - raft.server.leader.election.timeout = 120s (custom)
2019-08-22 09:27:41,576 [pool-461-thread-1] INFO  server.RaftServerConfigKeys (ConfUtils.java:logGet(43)) - raft.server.log.use.memory = false (default)
2019-08-22 09:27:41,576 [pool-461-thread-1] INFO  server.RaftServerConfigKeys (ConfUtils.java:logGet(43)) - raft.server.log.purge.gap = 1000000 (custom)
2019-08-22 09:27:41,576 [pool-461-thread-1] INFO  server.RaftServerConfigKeys (ConfUtils.java:logGet(43)) - raft.server.log.appender.buffer.byte-limit = 33554432 (custom)
2019-08-22 09:27:41,577 [pool-461-thread-1] INFO  server.RaftServerConfigKeys (ConfUtils.java:logGet(43)) - raft.server.log.segment.size.max = 1048576 (custom)
2019-08-22 09:27:41,577 [pool-461-thread-1] INFO  server.RaftServerConfigKeys (ConfUtils.java:logGet(43)) - raft.server.log.segment.cache.num.max = 2 (custom)
2019-08-22 09:27:41,577 [pool-461-thread-1] INFO  segmented.SegmentedRaftLogWorker (SegmentedRaftLogWorker.java:<init>(172)) - new d8e1cfc5-e249-437a-bc24-3d460aa72825-SegmentedRaftLogWorker:Storage Directory /workdir/hadoop-ozone/integration-test/target/test-dir/MiniOzoneClusterImpl-2e6e0ec1-3320-47b2-b0b8-5188264ac38e/datanode-2/data/ratis/79225b58-e793-4bd9-895b-093a10b4245c for RaftStorage:Storage Directory /workdir/hadoop-ozone/integration-test/target/test-dir/MiniOzoneClusterImpl-2e6e0ec1-3320-47b2-b0b8-5188264ac38e/datanode-2/data/ratis/79225b58-e793-4bd9-895b-093a10b4245c
2019-08-22 09:27:41,577 [pool-461-thread-1] INFO  server.RaftServerConfigKeys (ConfUtils.java:logGet(43)) - raft.server.log.queue.byte-limit = 2147483647 (custom)
2019-08-22 09:27:41,577 [pool-461-thread-1] INFO  server.RaftServerConfigKeys (ConfUtils.java:logGet(43)) - raft.server.log.queue.element-limit = 1024 (custom)
2019-08-22 09:27:41,578 [pool-461-thread-1] INFO  server.RaftServerConfigKeys (ConfUtils.java:logGet(43)) - raft.server.log.segment.size.max = 1048576 (custom)
2019-08-22 09:27:41,578 [pool-461-thread-1] INFO  server.RaftServerConfigKeys (ConfUtils.java:logGet(43)) - raft.server.log.preallocated.size = 16384 (custom)
2019-08-22 09:27:41,578 [pool-461-thread-1] INFO  server.RaftServerConfigKeys (ConfUtils.java:logGet(43)) - raft.server.log.write.buffer.size = 33554432 (custom)
2019-08-22 09:27:41,578 [pool-461-thread-1] INFO  server.RaftServerConfigKeys (ConfUtils.java:logGet(43)) - raft.server.log.force.sync.num = 128 (default)
2019-08-22 09:27:41,578 [pool-461-thread-1] INFO  server.RaftServerConfigKeys (ConfUtils.java:logGet(43)) - raft.server.log.statemachine.data.sync = true (default)
2019-08-22 09:27:41,578 [pool-461-thread-1] INFO  server.RaftServerConfigKeys (ConfUtils.java:logGet(43)) - raft.server.log.statemachine.data.sync.timeout = 10s (default)
2019-08-22 09:27:41,578 [pool-461-thread-1] INFO  server.RaftServerConfigKeys (ConfUtils.java:logGet(43)) - raft.server.log.statemachine.data.sync.timeout.retry = -1 (default)
2019-08-22 09:27:41,579 [pool-461-thread-1] INFO  server.RaftServerConfigKeys (ConfUtils.java:logGet(43)) - raft.server.log.statemachine.data.caching.enabled = true (custom)
2019-08-22 09:27:41,579 [pool-461-thread-1] INFO  segmented.SegmentedRaftLogWorker (SegmentedRaftLogWorker.java:lambda$new$0(132)) - d8e1cfc5-e249-437a-bc24-3d460aa72825-SegmentedRaftLogWorker:Storage Directory /workdir/hadoop-ozone/integration-test/target/test-dir/MiniOzoneClusterImpl-2e6e0ec1-3320-47b2-b0b8-5188264ac38e/datanode-2/data/ratis/79225b58-e793-4bd9-895b-093a10b4245c: flushIndex: setUnconditionally 0 -> -1
2019-08-22 09:27:41,580 [pool-461-thread-1] INFO  server.RaftServerConfigKeys (ConfUtils.java:logGet(43)) - raft.server.snapshot.auto.trigger.enabled = true (custom)
2019-08-22 09:27:41,580 [pool-461-thread-1] INFO  server.RaftServerConfigKeys (ConfUtils.java:logGet(43)) - raft.server.snapshot.auto.trigger.threshold = 10000 (custom)
2019-08-22 09:27:41,580 [pool-461-thread-1] INFO  server.RaftServerConfigKeys (ConfUtils.java:logGet(43)) - raft.server.retrycache.expirytime = 600000ms (custom)
2019-08-22 09:27:41,580 [pool-461-thread-1] INFO  impl.RaftServerImpl (RaftServerImpl.java:start(180)) - d8e1cfc5-e249-437a-bc24-3d460aa72825: start group-093A10B4245C
2019-08-22 09:27:41,580 [pool-461-thread-1] INFO  impl.RaftServerImpl (RaftServerImpl.java:setRole(171)) - d8e1cfc5-e249-437a-bc24-3d460aa72825:group-093A10B4245C changes role from null to FOLLOWER at term 0 for startAsFollower
2019-08-22 09:27:41,580 [pool-461-thread-1] INFO  impl.RoleInfo (RoleInfo.java:updateAndGet(143)) - d8e1cfc5-e249-437a-bc24-3d460aa72825: start FollowerState
2019-08-22 09:27:41,581 [pool-461-thread-1] INFO  util.JmxRegister (JmxRegister.java:tryRegister(44)) - Successfully registered JMX Bean with object name Ratis:service=RaftServer,group=group-093A10B4245C,id=d8e1cfc5-e249-437a-bc24-3d460aa72825
2019-08-22 09:27:41,585 [RatisPipelineUtilsThread] INFO  pipeline.PipelineStateManager (PipelineStateManager.java:addPipeline(56)) - Created pipeline Pipeline[ Id: 79225b58-e793-4bd9-895b-093a10b4245c, Nodes: d8e1cfc5-e249-437a-bc24-3d460aa72825{ip: 192.168.36.85, host: pr-hdds-1898-9jx57-4170240974, networkLocation: /default-rack, certSerialId: null}, Type:RATIS, Factor:ONE, State:OPEN]
2019-08-22 09:27:41,599 [grpc-default-executor-11] INFO  impl.RaftServerProxy (RaftServerProxy.java:addNew(89)) - 928f26db-de41-4c85-b3d0-1197049d8d00: addNew group-987FF9BACDAF:[f1e02cbd-f391-4fd8-b388-c076d48374d7:192.168.36.85:38589, d8e1cfc5-e249-437a-bc24-3d460aa72825:192.168.36.85:41695, 928f26db-de41-4c85-b3d0-1197049d8d00:192.168.36.85:34973] returns group-987FF9BACDAF:java.util.concurrent.CompletableFuture@684c6ac1[Not completed]
2019-08-22 09:27:41,599 [grpc-default-executor-9] INFO  impl.RaftServerProxy (RaftServerProxy.java:addNew(89)) - d8e1cfc5-e249-437a-bc24-3d460aa72825: addNew group-987FF9BACDAF:[f1e02cbd-f391-4fd8-b388-c076d48374d7:192.168.36.85:38589, d8e1cfc5-e249-437a-bc24-3d460aa72825:192.168.36.85:41695, 928f26db-de41-4c85-b3d0-1197049d8d00:192.168.36.85:34973] returns group-987FF9BACDAF:java.util.concurrent.CompletableFuture@772bcdf[Not completed]
2019-08-22 09:27:41,599 [grpc-default-executor-10] INFO  impl.RaftServerProxy (RaftServerProxy.java:addNew(89)) - f1e02cbd-f391-4fd8-b388-c076d48374d7: addNew group-987FF9BACDAF:[f1e02cbd-f391-4fd8-b388-c076d48374d7:192.168.36.85:38589, d8e1cfc5-e249-437a-bc24-3d460aa72825:192.168.36.85:41695, 928f26db-de41-4c85-b3d0-1197049d8d00:192.168.36.85:34973] returns group-987FF9BACDAF:java.util.concurrent.CompletableFuture@1bd5e7fa[Not completed]
2019-08-22 09:27:41,601 [pool-461-thread-1] INFO  impl.RaftServerImpl (RaftServerImpl.java:<init>(93)) - d8e1cfc5-e249-437a-bc24-3d460aa72825: new RaftServerImpl for group-987FF9BACDAF:[f1e02cbd-f391-4fd8-b388-c076d48374d7:192.168.36.85:38589, d8e1cfc5-e249-437a-bc24-3d460aa72825:192.168.36.85:41695, 928f26db-de41-4c85-b3d0-1197049d8d00:192.168.36.85:34973] with ContainerStateMachine:uninitialized
2019-08-22 09:27:41,601 [pool-461-thread-1] INFO  server.RaftServerConfigKeys (ConfUtils.java:logGet(43)) - raft.server.rpc.timeout.min = 5s (custom)
2019-08-22 09:27:41,601 [pool-461-thread-1] INFO  server.RaftServerConfigKeys (ConfUtils.java:logGet(43)) - raft.server.rpc.timeout.max = 5200ms (custom)
2019-08-22 09:27:41,601 [pool-461-thread-1] INFO  server.RaftServerConfigKeys (ConfUtils.java:logGet(43)) - raft.server.rpcslowness.timeout = 120s (custom)
2019-08-22 09:27:41,601 [pool-450-thread-1] INFO  impl.RaftServerImpl (RaftServerImpl.java:<init>(93)) - 928f26db-de41-4c85-b3d0-1197049d8d00: new RaftServerImpl for group-987FF9BACDAF:[f1e02cbd-f391-4fd8-b388-c076d48374d7:192.168.36.85:38589, d8e1cfc5-e249-437a-bc24-3d460aa72825:192.168.36.85:41695, 928f26db-de41-4c85-b3d0-1197049d8d00:192.168.36.85:34973] with ContainerStateMachine:uninitialized
2019-08-22 09:27:41,601 [pool-461-thread-1] INFO  server.RaftServerConfigKeys (ConfUtils.java:logGet(43)) - raft.server.sleep.deviation.threshold = 300 (default)
2019-08-22 09:27:41,601 [pool-450-thread-1] INFO  server.RaftServerConfigKeys (ConfUtils.java:logGet(43)) - raft.server.rpc.timeout.min = 5s (custom)
2019-08-22 09:27:41,601 [pool-439-thread-1] INFO  impl.RaftServerImpl (RaftServerImpl.java:<init>(93)) - f1e02cbd-f391-4fd8-b388-c076d48374d7: new RaftServerImpl for group-987FF9BACDAF:[f1e02cbd-f391-4fd8-b388-c076d48374d7:192.168.36.85:38589, d8e1cfc5-e249-437a-bc24-3d460aa72825:192.168.36.85:41695, 928f26db-de41-4c85-b3d0-1197049d8d00:192.168.36.85:34973] with ContainerStateMachine:uninitialized
2019-08-22 09:27:41,601 [pool-461-thread-1] INFO  server.RaftServerConfigKeys (ConfUtils.java:logGet(43)) - raft.server.log.appender.install.snapshot.enabled = false (custom)
2019-08-22 09:27:41,602 [pool-439-thread-1] INFO  server.RaftServerConfigKeys (ConfUtils.java:logGet(43)) - raft.server.rpc.timeout.min = 5s (custom)
2019-08-22 09:27:41,602 [pool-450-thread-1] INFO  server.RaftServerConfigKeys (ConfUtils.java:logGet(43)) - raft.server.rpc.timeout.max = 5200ms (custom)
2019-08-22 09:27:41,602 [pool-439-thread-1] INFO  server.RaftServerConfigKeys (ConfUtils.java:logGet(43)) - raft.server.rpc.timeout.max = 5200ms (custom)
2019-08-22 09:27:41,602 [pool-439-thread-1] INFO  server.RaftServerConfigKeys (ConfUtils.java:logGet(43)) - raft.server.rpcslowness.timeout = 120s (custom)
2019-08-22 09:27:41,602 [pool-461-thread-1] INFO  impl.RaftServerImpl (ServerState.java:<init>(105)) - d8e1cfc5-e249-437a-bc24-3d460aa72825:group-987FF9BACDAF ConfigurationManager, init=-1: [f1e02cbd-f391-4fd8-b388-c076d48374d7:192.168.36.85:38589, d8e1cfc5-e249-437a-bc24-3d460aa72825:192.168.36.85:41695, 928f26db-de41-4c85-b3d0-1197049d8d00:192.168.36.85:34973], old=null, confs=<EMPTY_MAP>
2019-08-22 09:27:41,602 [pool-439-thread-1] INFO  server.RaftServerConfigKeys (ConfUtils.java:logGet(43)) - raft.server.sleep.deviation.threshold = 300 (default)
2019-08-22 09:27:41,603 [pool-461-thread-1] INFO  server.RaftServerConfigKeys (ConfUtils.java:logGet(43)) - raft.server.storage.dir = [/workdir/hadoop-ozone/integration-test/target/test-dir/MiniOzoneClusterImpl-2e6e0ec1-3320-47b2-b0b8-5188264ac38e/datanode-2/data/ratis] (custom)
2019-08-22 09:27:41,602 [pool-450-thread-1] INFO  server.RaftServerConfigKeys (ConfUtils.java:logGet(43)) - raft.server.rpcslowness.timeout = 120s (custom)
2019-08-22 09:27:41,603 [pool-439-thread-1] INFO  server.RaftServerConfigKeys (ConfUtils.java:logGet(43)) - raft.server.log.appender.install.snapshot.enabled = false (custom)
2019-08-22 09:27:41,603 [pool-450-thread-1] INFO  server.RaftServerConfigKeys (ConfUtils.java:logGet(43)) - raft.server.sleep.deviation.threshold = 300 (default)
2019-08-22 09:27:41,603 [pool-439-thread-1] INFO  impl.RaftServerImpl (ServerState.java:<init>(105)) - f1e02cbd-f391-4fd8-b388-c076d48374d7:group-987FF9BACDAF ConfigurationManager, init=-1: [f1e02cbd-f391-4fd8-b388-c076d48374d7:192.168.36.85:38589, d8e1cfc5-e249-437a-bc24-3d460aa72825:192.168.36.85:41695, 928f26db-de41-4c85-b3d0-1197049d8d00:192.168.36.85:34973], old=null, confs=<EMPTY_MAP>
2019-08-22 09:27:41,603 [pool-461-thread-1] INFO  storage.RaftStorageDirectory (RaftStorageDirectory.java:analyzeStorage(246)) - The storage directory /workdir/hadoop-ozone/integration-test/target/test-dir/MiniOzoneClusterImpl-2e6e0ec1-3320-47b2-b0b8-5188264ac38e/datanode-2/data/ratis/9d64e6f2-dc3c-46ab-a93b-987ff9bacdaf does not exist. Creating ...
2019-08-22 09:27:41,603 [pool-439-thread-1] INFO  server.RaftServerConfigKeys (ConfUtils.java:logGet(43)) - raft.server.storage.dir = [/workdir/hadoop-ozone/integration-test/target/test-dir/MiniOzoneClusterImpl-2e6e0ec1-3320-47b2-b0b8-5188264ac38e/datanode-0/data/ratis] (custom)
2019-08-22 09:27:41,603 [pool-450-thread-1] INFO  server.RaftServerConfigKeys (ConfUtils.java:logGet(43)) - raft.server.log.appender.install.snapshot.enabled = false (custom)
2019-08-22 09:27:41,604 [pool-450-thread-1] INFO  impl.RaftServerImpl (ServerState.java:<init>(105)) - 928f26db-de41-4c85-b3d0-1197049d8d00:group-987FF9BACDAF ConfigurationManager, init=-1: [f1e02cbd-f391-4fd8-b388-c076d48374d7:192.168.36.85:38589, d8e1cfc5-e249-437a-bc24-3d460aa72825:192.168.36.85:41695, 928f26db-de41-4c85-b3d0-1197049d8d00:192.168.36.85:34973], old=null, confs=<EMPTY_MAP>
2019-08-22 09:27:41,604 [pool-439-thread-1] INFO  storage.RaftStorageDirectory (RaftStorageDirectory.java:analyzeStorage(246)) - The storage directory /workdir/hadoop-ozone/integration-test/target/test-dir/MiniOzoneClusterImpl-2e6e0ec1-3320-47b2-b0b8-5188264ac38e/datanode-0/data/ratis/9d64e6f2-dc3c-46ab-a93b-987ff9bacdaf does not exist. Creating ...
2019-08-22 09:27:41,604 [pool-450-thread-1] INFO  server.RaftServerConfigKeys (ConfUtils.java:logGet(43)) - raft.server.storage.dir = [/workdir/hadoop-ozone/integration-test/target/test-dir/MiniOzoneClusterImpl-2e6e0ec1-3320-47b2-b0b8-5188264ac38e/datanode-1/data/ratis] (custom)
2019-08-22 09:27:41,604 [pool-450-thread-1] INFO  storage.RaftStorageDirectory (RaftStorageDirectory.java:analyzeStorage(246)) - The storage directory /workdir/hadoop-ozone/integration-test/target/test-dir/MiniOzoneClusterImpl-2e6e0ec1-3320-47b2-b0b8-5188264ac38e/datanode-1/data/ratis/9d64e6f2-dc3c-46ab-a93b-987ff9bacdaf does not exist. Creating ...
2019-08-22 09:27:41,639 [main] INFO  ozone.MiniOzoneClusterImpl (MiniOzoneClusterImpl.java:lambda$waitForClusterToBeReady$0(142)) - Waiting for cluster to be ready. Got 3 of 7 DN Heartbeats.
2019-08-22 09:27:41,646 [pool-450-thread-1] INFO  storage.RaftStorageDirectory (RaftStorageDirectory.java:tryLock(328)) - Lock on /workdir/hadoop-ozone/integration-test/target/test-dir/MiniOzoneClusterImpl-2e6e0ec1-3320-47b2-b0b8-5188264ac38e/datanode-1/data/ratis/9d64e6f2-dc3c-46ab-a93b-987ff9bacdaf/in_use.lock acquired by nodename 23417@pr-hdds-1898-9jx57-4170240974
2019-08-22 09:27:41,646 [pool-461-thread-1] INFO  storage.RaftStorageDirectory (RaftStorageDirectory.java:tryLock(328)) - Lock on /workdir/hadoop-ozone/integration-test/target/test-dir/MiniOzoneClusterImpl-2e6e0ec1-3320-47b2-b0b8-5188264ac38e/datanode-2/data/ratis/9d64e6f2-dc3c-46ab-a93b-987ff9bacdaf/in_use.lock acquired by nodename 23417@pr-hdds-1898-9jx57-4170240974
2019-08-22 09:27:41,646 [pool-439-thread-1] INFO  storage.RaftStorageDirectory (RaftStorageDirectory.java:tryLock(328)) - Lock on /workdir/hadoop-ozone/integration-test/target/test-dir/MiniOzoneClusterImpl-2e6e0ec1-3320-47b2-b0b8-5188264ac38e/datanode-0/data/ratis/9d64e6f2-dc3c-46ab-a93b-987ff9bacdaf/in_use.lock acquired by nodename 23417@pr-hdds-1898-9jx57-4170240974
2019-08-22 09:27:41,671 [pool-450-thread-1] INFO  storage.RaftStorage (RaftStorage.java:format(72)) - Storage directory /workdir/hadoop-ozone/integration-test/target/test-dir/MiniOzoneClusterImpl-2e6e0ec1-3320-47b2-b0b8-5188264ac38e/datanode-1/data/ratis/9d64e6f2-dc3c-46ab-a93b-987ff9bacdaf has been successfully formatted.
2019-08-22 09:27:41,671 [pool-461-thread-1] INFO  storage.RaftStorage (RaftStorage.java:format(72)) - Storage directory /workdir/hadoop-ozone/integration-test/target/test-dir/MiniOzoneClusterImpl-2e6e0ec1-3320-47b2-b0b8-5188264ac38e/datanode-2/data/ratis/9d64e6f2-dc3c-46ab-a93b-987ff9bacdaf has been successfully formatted.
2019-08-22 09:27:41,671 [pool-439-thread-1] INFO  storage.RaftStorage (RaftStorage.java:format(72)) - Storage directory /workdir/hadoop-ozone/integration-test/target/test-dir/MiniOzoneClusterImpl-2e6e0ec1-3320-47b2-b0b8-5188264ac38e/datanode-0/data/ratis/9d64e6f2-dc3c-46ab-a93b-987ff9bacdaf has been successfully formatted.
2019-08-22 09:27:41,672 [pool-461-thread-1] INFO  ratis.ContainerStateMachine (ContainerStateMachine.java:loadSnapshot(226)) - group-987FF9BACDAF: The snapshot info is null. Setting the last applied indexto:(t:0, i:~)
2019-08-22 09:27:41,672 [pool-450-thread-1] INFO  ratis.ContainerStateMachine (ContainerStateMachine.java:loadSnapshot(226)) - group-987FF9BACDAF: The snapshot info is null. Setting the last applied indexto:(t:0, i:~)
2019-08-22 09:27:41,672 [pool-461-thread-1] INFO  server.RaftServerConfigKeys (ConfUtils.java:logGet(43)) - raft.server.leader.election.timeout = 120s (custom)
2019-08-22 09:27:41,672 [pool-439-thread-1] INFO  ratis.ContainerStateMachine (ContainerStateMachine.java:loadSnapshot(226)) - group-987FF9BACDAF: The snapshot info is null. Setting the last applied indexto:(t:0, i:~)
2019-08-22 09:27:41,672 [pool-461-thread-1] INFO  server.RaftServerConfigKeys (ConfUtils.java:logGet(43)) - raft.server.log.use.memory = false (default)
2019-08-22 09:27:41,672 [pool-450-thread-1] INFO  server.RaftServerConfigKeys (ConfUtils.java:logGet(43)) - raft.server.leader.election.timeout = 120s (custom)
2019-08-22 09:27:41,672 [pool-461-thread-1] INFO  server.RaftServerConfigKeys (ConfUtils.java:logGet(43)) - raft.server.log.purge.gap = 1000000 (custom)
2019-08-22 09:27:41,672 [pool-439-thread-1] INFO  server.RaftServerConfigKeys (ConfUtils.java:logGet(43)) - raft.server.leader.election.timeout = 120s (custom)
2019-08-22 09:27:41,673 [pool-461-thread-1] INFO  server.RaftServerConfigKeys (ConfUtils.java:logGet(43)) - raft.server.log.appender.buffer.byte-limit = 33554432 (custom)
2019-08-22 09:27:41,673 [pool-450-thread-1] INFO  server.RaftServerConfigKeys (ConfUtils.java:logGet(43)) - raft.server.log.use.memory = false (default)
2019-08-22 09:27:41,673 [pool-461-thread-1] INFO  server.RaftServerConfigKeys (ConfUtils.java:logGet(43)) - raft.server.log.segment.size.max = 1048576 (custom)
2019-08-22 09:27:41,673 [pool-439-thread-1] INFO  server.RaftServerConfigKeys (ConfUtils.java:logGet(43)) - raft.server.log.use.memory = false (default)
2019-08-22 09:27:41,673 [pool-461-thread-1] INFO  server.RaftServerConfigKeys (ConfUtils.java:logGet(43)) - raft.server.log.segment.cache.num.max = 2 (custom)
2019-08-22 09:27:41,673 [pool-450-thread-1] INFO  server.RaftServerConfigKeys (ConfUtils.java:logGet(43)) - raft.server.log.purge.gap = 1000000 (custom)
2019-08-22 09:27:41,674 [pool-461-thread-1] INFO  segmented.SegmentedRaftLogWorker (SegmentedRaftLogWorker.java:<init>(172)) - new d8e1cfc5-e249-437a-bc24-3d460aa72825-SegmentedRaftLogWorker:Storage Directory /workdir/hadoop-ozone/integration-test/target/test-dir/MiniOzoneClusterImpl-2e6e0ec1-3320-47b2-b0b8-5188264ac38e/datanode-2/data/ratis/9d64e6f2-dc3c-46ab-a93b-987ff9bacdaf for RaftStorage:Storage Directory /workdir/hadoop-ozone/integration-test/target/test-dir/MiniOzoneClusterImpl-2e6e0ec1-3320-47b2-b0b8-5188264ac38e/datanode-2/data/ratis/9d64e6f2-dc3c-46ab-a93b-987ff9bacdaf
2019-08-22 09:27:41,673 [pool-439-thread-1] INFO  server.RaftServerConfigKeys (ConfUtils.java:logGet(43)) - raft.server.log.purge.gap = 1000000 (custom)
2019-08-22 09:27:41,674 [pool-461-thread-1] INFO  server.RaftServerConfigKeys (ConfUtils.java:logGet(43)) - raft.server.log.queue.byte-limit = 2147483647 (custom)
2019-08-22 09:27:41,674 [pool-450-thread-1] INFO  server.RaftServerConfigKeys (ConfUtils.java:logGet(43)) - raft.server.log.appender.buffer.byte-limit = 33554432 (custom)
2019-08-22 09:27:41,674 [pool-461-thread-1] INFO  server.RaftServerConfigKeys (ConfUtils.java:logGet(43)) - raft.server.log.queue.element-limit = 1024 (custom)
2019-08-22 09:27:41,674 [pool-439-thread-1] INFO  server.RaftServerConfigKeys (ConfUtils.java:logGet(43)) - raft.server.log.appender.buffer.byte-limit = 33554432 (custom)
2019-08-22 09:27:41,675 [pool-461-thread-1] INFO  server.RaftServerConfigKeys (ConfUtils.java:logGet(43)) - raft.server.log.segment.size.max = 1048576 (custom)
2019-08-22 09:27:41,675 [pool-461-thread-1] INFO  server.RaftServerConfigKeys (ConfUtils.java:logGet(43)) - raft.server.log.preallocated.size = 16384 (custom)
2019-08-22 09:27:41,674 [pool-450-thread-1] INFO  server.RaftServerConfigKeys (ConfUtils.java:logGet(43)) - raft.server.log.segment.size.max = 1048576 (custom)
2019-08-22 09:27:41,675 [pool-461-thread-1] INFO  server.RaftServerConfigKeys (ConfUtils.java:logGet(43)) - raft.server.log.write.buffer.size = 33554432 (custom)
2019-08-22 09:27:41,675 [pool-439-thread-1] INFO  server.RaftServerConfigKeys (ConfUtils.java:logGet(43)) - raft.server.log.segment.size.max = 1048576 (custom)
2019-08-22 09:27:41,675 [pool-461-thread-1] INFO  server.RaftServerConfigKeys (ConfUtils.java:logGet(43)) - raft.server.log.force.sync.num = 128 (default)
2019-08-22 09:27:41,675 [pool-450-thread-1] INFO  server.RaftServerConfigKeys (ConfUtils.java:logGet(43)) - raft.server.log.segment.cache.num.max = 2 (custom)
2019-08-22 09:27:41,676 [pool-461-thread-1] INFO  server.RaftServerConfigKeys (ConfUtils.java:logGet(43)) - raft.server.log.statemachine.data.sync = true (default)
2019-08-22 09:27:41,676 [pool-439-thread-1] INFO  server.RaftServerConfigKeys (ConfUtils.java:logGet(43)) - raft.server.log.segment.cache.num.max = 2 (custom)
2019-08-22 09:27:41,676 [pool-461-thread-1] INFO  server.RaftServerConfigKeys (ConfUtils.java:logGet(43)) - raft.server.log.statemachine.data.sync.timeout = 10s (default)
2019-08-22 09:27:41,676 [pool-450-thread-1] INFO  segmented.SegmentedRaftLogWorker (SegmentedRaftLogWorker.java:<init>(172)) - new 928f26db-de41-4c85-b3d0-1197049d8d00-SegmentedRaftLogWorker:Storage Directory /workdir/hadoop-ozone/integration-test/target/test-dir/MiniOzoneClusterImpl-2e6e0ec1-3320-47b2-b0b8-5188264ac38e/datanode-1/data/ratis/9d64e6f2-dc3c-46ab-a93b-987ff9bacdaf for RaftStorage:Storage Directory /workdir/hadoop-ozone/integration-test/target/test-dir/MiniOzoneClusterImpl-2e6e0ec1-3320-47b2-b0b8-5188264ac38e/datanode-1/data/ratis/9d64e6f2-dc3c-46ab-a93b-987ff9bacdaf
2019-08-22 09:27:41,676 [pool-461-thread-1] INFO  server.RaftServerConfigKeys (ConfUtils.java:logGet(43)) - raft.server.log.statemachine.data.sync.timeout.retry = -1 (default)
2019-08-22 09:27:41,676 [pool-439-thread-1] INFO  segmented.SegmentedRaftLogWorker (SegmentedRaftLogWorker.java:<init>(172)) - new f1e02cbd-f391-4fd8-b388-c076d48374d7-SegmentedRaftLogWorker:Storage Directory /workdir/hadoop-ozone/integration-test/target/test-dir/MiniOzoneClusterImpl-2e6e0ec1-3320-47b2-b0b8-5188264ac38e/datanode-0/data/ratis/9d64e6f2-dc3c-46ab-a93b-987ff9bacdaf for RaftStorage:Storage Directory /workdir/hadoop-ozone/integration-test/target/test-dir/MiniOzoneClusterImpl-2e6e0ec1-3320-47b2-b0b8-5188264ac38e/datanode-0/data/ratis/9d64e6f2-dc3c-46ab-a93b-987ff9bacdaf
2019-08-22 09:27:41,677 [pool-461-thread-1] INFO  server.RaftServerConfigKeys (ConfUtils.java:logGet(43)) - raft.server.log.statemachine.data.caching.enabled = true (custom)
2019-08-22 09:27:41,677 [pool-450-thread-1] INFO  server.RaftServerConfigKeys (ConfUtils.java:logGet(43)) - raft.server.log.queue.byte-limit = 2147483647 (custom)
2019-08-22 09:27:41,677 [pool-439-thread-1] INFO  server.RaftServerConfigKeys (ConfUtils.java:logGet(43)) - raft.server.log.queue.byte-limit = 2147483647 (custom)
2019-08-22 09:27:41,677 [pool-461-thread-1] INFO  segmented.SegmentedRaftLogWorker (SegmentedRaftLogWorker.java:lambda$new$0(132)) - d8e1cfc5-e249-437a-bc24-3d460aa72825-SegmentedRaftLogWorker:Storage Directory /workdir/hadoop-ozone/integration-test/target/test-dir/MiniOzoneClusterImpl-2e6e0ec1-3320-47b2-b0b8-5188264ac38e/datanode-2/data/ratis/9d64e6f2-dc3c-46ab-a93b-987ff9bacdaf: flushIndex: setUnconditionally 0 -> -1
2019-08-22 09:27:41,677 [pool-450-thread-1] INFO  server.RaftServerConfigKeys (ConfUtils.java:logGet(43)) - raft.server.log.queue.element-limit = 1024 (custom)
2019-08-22 09:27:41,678 [pool-461-thread-1] INFO  server.RaftServerConfigKeys (ConfUtils.java:logGet(43)) - raft.server.snapshot.auto.trigger.enabled = true (custom)
2019-08-22 09:27:41,677 [pool-439-thread-1] INFO  server.RaftServerConfigKeys (ConfUtils.java:logGet(43)) - raft.server.log.queue.element-limit = 1024 (custom)
2019-08-22 09:27:41,678 [pool-461-thread-1] INFO  server.RaftServerConfigKeys (ConfUtils.java:logGet(43)) - raft.server.snapshot.auto.trigger.threshold = 10000 (custom)
2019-08-22 09:27:41,678 [pool-450-thread-1] INFO  server.RaftServerConfigKeys (ConfUtils.java:logGet(43)) - raft.server.log.segment.size.max = 1048576 (custom)
2019-08-22 09:27:41,678 [pool-461-thread-1] INFO  server.RaftServerConfigKeys (ConfUtils.java:logGet(43)) - raft.server.retrycache.expirytime = 600000ms (custom)
2019-08-22 09:27:41,678 [pool-439-thread-1] INFO  server.RaftServerConfigKeys (ConfUtils.java:logGet(43)) - raft.server.log.segment.size.max = 1048576 (custom)
2019-08-22 09:27:41,679 [pool-461-thread-1] INFO  impl.RaftServerImpl (RaftServerImpl.java:start(180)) - d8e1cfc5-e249-437a-bc24-3d460aa72825: start group-987FF9BACDAF
2019-08-22 09:27:41,679 [pool-439-thread-1] INFO  server.RaftServerConfigKeys (ConfUtils.java:logGet(43)) - raft.server.log.preallocated.size = 16384 (custom)
2019-08-22 09:27:41,678 [pool-450-thread-1] INFO  server.RaftServerConfigKeys (ConfUtils.java:logGet(43)) - raft.server.log.preallocated.size = 16384 (custom)
2019-08-22 09:27:41,679 [pool-439-thread-1] INFO  server.RaftServerConfigKeys (ConfUtils.java:logGet(43)) - raft.server.log.write.buffer.size = 33554432 (custom)
2019-08-22 09:27:41,679 [pool-461-thread-1] INFO  impl.RaftServerImpl (RaftServerImpl.java:setRole(171)) - d8e1cfc5-e249-437a-bc24-3d460aa72825:group-987FF9BACDAF changes role from null to FOLLOWER at term 0 for startAsFollower
2019-08-22 09:27:41,679 [pool-439-thread-1] INFO  server.RaftServerConfigKeys (ConfUtils.java:logGet(43)) - raft.server.log.force.sync.num = 128 (default)
2019-08-22 09:27:41,679 [pool-450-thread-1] INFO  server.RaftServerConfigKeys (ConfUtils.java:logGet(43)) - raft.server.log.write.buffer.size = 33554432 (custom)
2019-08-22 09:27:41,679 [pool-439-thread-1] INFO  server.RaftServerConfigKeys (ConfUtils.java:logGet(43)) - raft.server.log.statemachine.data.sync = true (default)
2019-08-22 09:27:41,679 [pool-461-thread-1] INFO  impl.RoleInfo (RoleInfo.java:updateAndGet(143)) - d8e1cfc5-e249-437a-bc24-3d460aa72825: start FollowerState
2019-08-22 09:27:41,680 [pool-439-thread-1] INFO  server.RaftServerConfigKeys (ConfUtils.java:logGet(43)) - raft.server.log.statemachine.data.sync.timeout = 10s (default)
2019-08-22 09:27:41,680 [pool-450-thread-1] INFO  server.RaftServerConfigKeys (ConfUtils.java:logGet(43)) - raft.server.log.force.sync.num = 128 (default)
2019-08-22 09:27:41,680 [pool-439-thread-1] INFO  server.RaftServerConfigKeys (ConfUtils.java:logGet(43)) - raft.server.log.statemachine.data.sync.timeout.retry = -1 (default)
2019-08-22 09:27:41,680 [pool-450-thread-1] INFO  server.RaftServerConfigKeys (ConfUtils.java:logGet(43)) - raft.server.log.statemachine.data.sync = true (default)
2019-08-22 09:27:41,680 [pool-461-thread-1] INFO  util.JmxRegister (JmxRegister.java:tryRegister(44)) - Successfully registered JMX Bean with object name Ratis:service=RaftServer,group=group-987FF9BACDAF,id=d8e1cfc5-e249-437a-bc24-3d460aa72825
2019-08-22 09:27:41,681 [pool-450-thread-1] INFO  server.RaftServerConfigKeys (ConfUtils.java:logGet(43)) - raft.server.log.statemachine.data.sync.timeout = 10s (default)
2019-08-22 09:27:41,680 [pool-439-thread-1] INFO  server.RaftServerConfigKeys (ConfUtils.java:logGet(43)) - raft.server.log.statemachine.data.caching.enabled = true (custom)
2019-08-22 09:27:41,681 [pool-450-thread-1] INFO  server.RaftServerConfigKeys (ConfUtils.java:logGet(43)) - raft.server.log.statemachine.data.sync.timeout.retry = -1 (default)
2019-08-22 09:27:41,681 [pool-439-thread-1] INFO  segmented.SegmentedRaftLogWorker (SegmentedRaftLogWorker.java:lambda$new$0(132)) - f1e02cbd-f391-4fd8-b388-c076d48374d7-SegmentedRaftLogWorker:Storage Directory /workdir/hadoop-ozone/integration-test/target/test-dir/MiniOzoneClusterImpl-2e6e0ec1-3320-47b2-b0b8-5188264ac38e/datanode-0/data/ratis/9d64e6f2-dc3c-46ab-a93b-987ff9bacdaf: flushIndex: setUnconditionally 0 -> -1
2019-08-22 09:27:41,681 [pool-450-thread-1] INFO  server.RaftServerConfigKeys (ConfUtils.java:logGet(43)) - raft.server.log.statemachine.data.caching.enabled = true (custom)
2019-08-22 09:27:41,681 [pool-439-thread-1] INFO  server.RaftServerConfigKeys (ConfUtils.java:logGet(43)) - raft.server.snapshot.auto.trigger.enabled = true (custom)
2019-08-22 09:27:41,682 [pool-450-thread-1] INFO  segmented.SegmentedRaftLogWorker (SegmentedRaftLogWorker.java:lambda$new$0(132)) - 928f26db-de41-4c85-b3d0-1197049d8d00-SegmentedRaftLogWorker:Storage Directory /workdir/hadoop-ozone/integration-test/target/test-dir/MiniOzoneClusterImpl-2e6e0ec1-3320-47b2-b0b8-5188264ac38e/datanode-1/data/ratis/9d64e6f2-dc3c-46ab-a93b-987ff9bacdaf: flushIndex: setUnconditionally 0 -> -1
2019-08-22 09:27:41,682 [pool-439-thread-1] INFO  server.RaftServerConfigKeys (ConfUtils.java:logGet(43)) - raft.server.snapshot.auto.trigger.threshold = 10000 (custom)
2019-08-22 09:27:41,685 [pool-439-thread-1] INFO  server.RaftServerConfigKeys (ConfUtils.java:logGet(43)) - raft.server.retrycache.expirytime = 600000ms (custom)
2019-08-22 09:27:41,685 [pool-450-thread-1] INFO  server.RaftServerConfigKeys (ConfUtils.java:logGet(43)) - raft.server.snapshot.auto.trigger.enabled = true (custom)
2019-08-22 09:27:41,685 [pool-439-thread-1] INFO  impl.RaftServerImpl (RaftServerImpl.java:start(180)) - f1e02cbd-f391-4fd8-b388-c076d48374d7: start group-987FF9BACDAF
2019-08-22 09:27:41,685 [pool-450-thread-1] INFO  server.RaftServerConfigKeys (ConfUtils.java:logGet(43)) - raft.server.snapshot.auto.trigger.threshold = 10000 (custom)
2019-08-22 09:27:41,685 [pool-439-thread-1] INFO  impl.RaftServerImpl (RaftServerImpl.java:setRole(171)) - f1e02cbd-f391-4fd8-b388-c076d48374d7:group-987FF9BACDAF changes role from null to FOLLOWER at term 0 for startAsFollower
2019-08-22 09:27:41,686 [pool-450-thread-1] INFO  server.RaftServerConfigKeys (ConfUtils.java:logGet(43)) - raft.server.retrycache.expirytime = 600000ms (custom)
2019-08-22 09:27:41,686 [pool-439-thread-1] INFO  impl.RoleInfo (RoleInfo.java:updateAndGet(143)) - f1e02cbd-f391-4fd8-b388-c076d48374d7: start FollowerState
2019-08-22 09:27:41,686 [pool-450-thread-1] INFO  impl.RaftServerImpl (RaftServerImpl.java:start(180)) - 928f26db-de41-4c85-b3d0-1197049d8d00: start group-987FF9BACDAF
2019-08-22 09:27:41,686 [pool-450-thread-1] INFO  impl.RaftServerImpl (RaftServerImpl.java:setRole(171)) - 928f26db-de41-4c85-b3d0-1197049d8d00:group-987FF9BACDAF changes role from null to FOLLOWER at term 0 for startAsFollower
2019-08-22 09:27:41,686 [pool-450-thread-1] INFO  impl.RoleInfo (RoleInfo.java:updateAndGet(143)) - 928f26db-de41-4c85-b3d0-1197049d8d00: start FollowerState
2019-08-22 09:27:41,686 [pool-439-thread-1] INFO  util.JmxRegister (JmxRegister.java:tryRegister(44)) - Successfully registered JMX Bean with object name Ratis:service=RaftServer,group=group-987FF9BACDAF,id=f1e02cbd-f391-4fd8-b388-c076d48374d7
2019-08-22 09:27:41,687 [pool-450-thread-1] INFO  util.JmxRegister (JmxRegister.java:tryRegister(44)) - Successfully registered JMX Bean with object name Ratis:service=RaftServer,group=group-987FF9BACDAF,id=928f26db-de41-4c85-b3d0-1197049d8d00
2019-08-22 09:27:41,694 [RatisPipelineUtilsThread] INFO  pipeline.PipelineStateManager (PipelineStateManager.java:addPipeline(56)) - Created pipeline Pipeline[ Id: 9d64e6f2-dc3c-46ab-a93b-987ff9bacdaf, Nodes: d8e1cfc5-e249-437a-bc24-3d460aa72825{ip: 192.168.36.85, host: pr-hdds-1898-9jx57-4170240974, networkLocation: /default-rack, certSerialId: null}928f26db-de41-4c85-b3d0-1197049d8d00{ip: 192.168.36.85, host: pr-hdds-1898-9jx57-4170240974, networkLocation: /default-rack, certSerialId: null}f1e02cbd-f391-4fd8-b388-c076d48374d7{ip: 192.168.36.85, host: pr-hdds-1898-9jx57-4170240974, networkLocation: /default-rack, certSerialId: null}, Type:RATIS, Factor:THREE, State:OPEN]
2019-08-22 09:27:42,037 [IPC Server handler 16 on 44903] INFO  net.NetworkTopology (NetworkTopologyImpl.java:add(110)) - Added a new node: /default-rack/909bb822-8e17-41f4-9059-fc5d171ea46d
2019-08-22 09:27:42,037 [IPC Server handler 16 on 44903] INFO  node.SCMNodeManager (SCMNodeManager.java:register(273)) - Registered Data node : 909bb822-8e17-41f4-9059-fc5d171ea46d{ip: 192.168.36.85, host: pr-hdds-1898-9jx57-4170240974, networkLocation: /default-rack, certSerialId: null}
2019-08-22 09:27:42,038 | INFO  | SCMAudit | user=jenkins1000 | ip=192.168.36.85 | op=REGISTER {datanodeDetails=909bb822-8e17-41f4-9059-fc5d171ea46d{ip: 192.168.36.85, host: pr-hdds-1898-9jx57-4170240974, networkLocation: /default-rack, certSerialId: null}} | ret=SUCCESS |  
2019-08-22 09:27:42,046 [grpc-default-executor-10] INFO  impl.RaftServerProxy (RaftServerProxy.java:addNew(89)) - 909bb822-8e17-41f4-9059-fc5d171ea46d: addNew group-18348F805356:[909bb822-8e17-41f4-9059-fc5d171ea46d:192.168.36.85:38020] returns group-18348F805356:java.util.concurrent.CompletableFuture@3b491284[Not completed]
2019-08-22 09:27:42,047 [pool-472-thread-1] INFO  impl.RaftServerImpl (RaftServerImpl.java:<init>(93)) - 909bb822-8e17-41f4-9059-fc5d171ea46d: new RaftServerImpl for group-18348F805356:[909bb822-8e17-41f4-9059-fc5d171ea46d:192.168.36.85:38020] with ContainerStateMachine:uninitialized
2019-08-22 09:27:42,047 [pool-472-thread-1] INFO  server.RaftServerConfigKeys (ConfUtils.java:logGet(43)) - raft.server.rpc.timeout.min = 5s (custom)
2019-08-22 09:27:42,047 [pool-472-thread-1] INFO  server.RaftServerConfigKeys (ConfUtils.java:logGet(43)) - raft.server.rpc.timeout.max = 5200ms (custom)
2019-08-22 09:27:42,048 [pool-472-thread-1] INFO  server.RaftServerConfigKeys (ConfUtils.java:logGet(43)) - raft.server.rpcslowness.timeout = 120s (custom)
2019-08-22 09:27:42,048 [pool-472-thread-1] INFO  server.RaftServerConfigKeys (ConfUtils.java:logGet(43)) - raft.server.sleep.deviation.threshold = 300 (default)
2019-08-22 09:27:42,048 [pool-472-thread-1] INFO  server.RaftServerConfigKeys (ConfUtils.java:logGet(43)) - raft.server.log.appender.install.snapshot.enabled = false (custom)
2019-08-22 09:27:42,048 [pool-472-thread-1] INFO  impl.RaftServerImpl (ServerState.java:<init>(105)) - 909bb822-8e17-41f4-9059-fc5d171ea46d:group-18348F805356 ConfigurationManager, init=-1: [909bb822-8e17-41f4-9059-fc5d171ea46d:192.168.36.85:38020], old=null, confs=<EMPTY_MAP>
2019-08-22 09:27:42,048 [pool-472-thread-1] INFO  server.RaftServerConfigKeys (ConfUtils.java:logGet(43)) - raft.server.storage.dir = [/workdir/hadoop-ozone/integration-test/target/test-dir/MiniOzoneClusterImpl-2e6e0ec1-3320-47b2-b0b8-5188264ac38e/datanode-3/data/ratis] (custom)
2019-08-22 09:27:42,049 [pool-472-thread-1] INFO  storage.RaftStorageDirectory (RaftStorageDirectory.java:analyzeStorage(246)) - The storage directory /workdir/hadoop-ozone/integration-test/target/test-dir/MiniOzoneClusterImpl-2e6e0ec1-3320-47b2-b0b8-5188264ac38e/datanode-3/data/ratis/717ab6b3-ea83-49c7-bef8-18348f805356 does not exist. Creating ...
2019-08-22 09:27:42,097 [pool-472-thread-1] INFO  storage.RaftStorageDirectory (RaftStorageDirectory.java:tryLock(328)) - Lock on /workdir/hadoop-ozone/integration-test/target/test-dir/MiniOzoneClusterImpl-2e6e0ec1-3320-47b2-b0b8-5188264ac38e/datanode-3/data/ratis/717ab6b3-ea83-49c7-bef8-18348f805356/in_use.lock acquired by nodename 23417@pr-hdds-1898-9jx57-4170240974
2019-08-22 09:27:42,122 [pool-472-thread-1] INFO  storage.RaftStorage (RaftStorage.java:format(72)) - Storage directory /workdir/hadoop-ozone/integration-test/target/test-dir/MiniOzoneClusterImpl-2e6e0ec1-3320-47b2-b0b8-5188264ac38e/datanode-3/data/ratis/717ab6b3-ea83-49c7-bef8-18348f805356 has been successfully formatted.
2019-08-22 09:27:42,123 [pool-472-thread-1] INFO  ratis.ContainerStateMachine (ContainerStateMachine.java:loadSnapshot(226)) - group-18348F805356: The snapshot info is null. Setting the last applied indexto:(t:0, i:~)
2019-08-22 09:27:42,123 [pool-472-thread-1] INFO  server.RaftServerConfigKeys (ConfUtils.java:logGet(43)) - raft.server.leader.election.timeout = 120s (custom)
2019-08-22 09:27:42,123 [pool-472-thread-1] INFO  server.RaftServerConfigKeys (ConfUtils.java:logGet(43)) - raft.server.log.use.memory = false (default)
2019-08-22 09:27:42,123 [pool-472-thread-1] INFO  server.RaftServerConfigKeys (ConfUtils.java:logGet(43)) - raft.server.log.purge.gap = 1000000 (custom)
2019-08-22 09:27:42,123 [pool-472-thread-1] INFO  server.RaftServerConfigKeys (ConfUtils.java:logGet(43)) - raft.server.log.appender.buffer.byte-limit = 33554432 (custom)
2019-08-22 09:27:42,123 [pool-472-thread-1] INFO  server.RaftServerConfigKeys (ConfUtils.java:logGet(43)) - raft.server.log.segment.size.max = 1048576 (custom)
2019-08-22 09:27:42,124 [pool-472-thread-1] INFO  server.RaftServerConfigKeys (ConfUtils.java:logGet(43)) - raft.server.log.segment.cache.num.max = 2 (custom)
2019-08-22 09:27:42,124 [pool-472-thread-1] INFO  segmented.SegmentedRaftLogWorker (SegmentedRaftLogWorker.java:<init>(172)) - new 909bb822-8e17-41f4-9059-fc5d171ea46d-SegmentedRaftLogWorker:Storage Directory /workdir/hadoop-ozone/integration-test/target/test-dir/MiniOzoneClusterImpl-2e6e0ec1-3320-47b2-b0b8-5188264ac38e/datanode-3/data/ratis/717ab6b3-ea83-49c7-bef8-18348f805356 for RaftStorage:Storage Directory /workdir/hadoop-ozone/integration-test/target/test-dir/MiniOzoneClusterImpl-2e6e0ec1-3320-47b2-b0b8-5188264ac38e/datanode-3/data/ratis/717ab6b3-ea83-49c7-bef8-18348f805356
2019-08-22 09:27:42,124 [pool-472-thread-1] INFO  server.RaftServerConfigKeys (ConfUtils.java:logGet(43)) - raft.server.log.queue.byte-limit = 2147483647 (custom)
2019-08-22 09:27:42,124 [pool-472-thread-1] INFO  server.RaftServerConfigKeys (ConfUtils.java:logGet(43)) - raft.server.log.queue.element-limit = 1024 (custom)
2019-08-22 09:27:42,124 [pool-472-thread-1] INFO  server.RaftServerConfigKeys (ConfUtils.java:logGet(43)) - raft.server.log.segment.size.max = 1048576 (custom)
2019-08-22 09:27:42,124 [pool-472-thread-1] INFO  server.RaftServerConfigKeys (ConfUtils.java:logGet(43)) - raft.server.log.preallocated.size = 16384 (custom)
2019-08-22 09:27:42,125 [pool-472-thread-1] INFO  server.RaftServerConfigKeys (ConfUtils.java:logGet(43)) - raft.server.log.write.buffer.size = 33554432 (custom)
2019-08-22 09:27:42,125 [pool-472-thread-1] INFO  server.RaftServerConfigKeys (ConfUtils.java:logGet(43)) - raft.server.log.force.sync.num = 128 (default)
2019-08-22 09:27:42,125 [pool-472-thread-1] INFO  server.RaftServerConfigKeys (ConfUtils.java:logGet(43)) - raft.server.log.statemachine.data.sync = true (default)
2019-08-22 09:27:42,125 [pool-472-thread-1] INFO  server.RaftServerConfigKeys (ConfUtils.java:logGet(43)) - raft.server.log.statemachine.data.sync.timeout = 10s (default)
2019-08-22 09:27:42,125 [pool-472-thread-1] INFO  server.RaftServerConfigKeys (ConfUtils.java:logGet(43)) - raft.server.log.statemachine.data.sync.timeout.retry = -1 (default)
2019-08-22 09:27:42,126 [pool-472-thread-1] INFO  server.RaftServerConfigKeys (ConfUtils.java:logGet(43)) - raft.server.log.statemachine.data.caching.enabled = true (custom)
2019-08-22 09:27:42,126 [pool-472-thread-1] INFO  segmented.SegmentedRaftLogWorker (SegmentedRaftLogWorker.java:lambda$new$0(132)) - 909bb822-8e17-41f4-9059-fc5d171ea46d-SegmentedRaftLogWorker:Storage Directory /workdir/hadoop-ozone/integration-test/target/test-dir/MiniOzoneClusterImpl-2e6e0ec1-3320-47b2-b0b8-5188264ac38e/datanode-3/data/ratis/717ab6b3-ea83-49c7-bef8-18348f805356: flushIndex: setUnconditionally 0 -> -1
2019-08-22 09:27:42,126 [pool-472-thread-1] INFO  server.RaftServerConfigKeys (ConfUtils.java:logGet(43)) - raft.server.snapshot.auto.trigger.enabled = true (custom)
2019-08-22 09:27:42,126 [pool-472-thread-1] INFO  server.RaftServerConfigKeys (ConfUtils.java:logGet(43)) - raft.server.snapshot.auto.trigger.threshold = 10000 (custom)
2019-08-22 09:27:42,126 [pool-472-thread-1] INFO  server.RaftServerConfigKeys (ConfUtils.java:logGet(43)) - raft.server.retrycache.expirytime = 600000ms (custom)
2019-08-22 09:27:42,127 [pool-472-thread-1] INFO  impl.RaftServerImpl (RaftServerImpl.java:start(180)) - 909bb822-8e17-41f4-9059-fc5d171ea46d: start group-18348F805356
2019-08-22 09:27:42,127 [pool-472-thread-1] INFO  impl.RaftServerImpl (RaftServerImpl.java:setRole(171)) - 909bb822-8e17-41f4-9059-fc5d171ea46d:group-18348F805356 changes role from null to FOLLOWER at term 0 for startAsFollower
2019-08-22 09:27:42,127 [pool-472-thread-1] INFO  impl.RoleInfo (RoleInfo.java:updateAndGet(143)) - 909bb822-8e17-41f4-9059-fc5d171ea46d: start FollowerState
2019-08-22 09:27:42,136 [pool-472-thread-1] INFO  util.JmxRegister (JmxRegister.java:tryRegister(44)) - Successfully registered JMX Bean with object name Ratis:service=RaftServer,group=group-18348F805356,id=909bb822-8e17-41f4-9059-fc5d171ea46d
2019-08-22 09:27:42,148 [RatisPipelineUtilsThread] INFO  pipeline.PipelineStateManager (PipelineStateManager.java:addPipeline(56)) - Created pipeline Pipeline[ Id: 717ab6b3-ea83-49c7-bef8-18348f805356, Nodes: 909bb822-8e17-41f4-9059-fc5d171ea46d{ip: 192.168.36.85, host: pr-hdds-1898-9jx57-4170240974, networkLocation: /default-rack, certSerialId: null}, Type:RATIS, Factor:ONE, State:OPEN]
2019-08-22 09:27:42,284 [IPC Server handler 2 on 44903] INFO  net.NetworkTopology (NetworkTopologyImpl.java:add(110)) - Added a new node: /default-rack/95ce97c6-e6af-4640-b6f2-079eca5e157b
2019-08-22 09:27:42,285 [IPC Server handler 2 on 44903] INFO  node.SCMNodeManager (SCMNodeManager.java:register(273)) - Registered Data node : 95ce97c6-e6af-4640-b6f2-079eca5e157b{ip: 192.168.36.85, host: pr-hdds-1898-9jx57-4170240974, networkLocation: /default-rack, certSerialId: null}
2019-08-22 09:27:42,288 | INFO  | SCMAudit | user=jenkins1000 | ip=192.168.36.85 | op=REGISTER {datanodeDetails=95ce97c6-e6af-4640-b6f2-079eca5e157b{ip: 192.168.36.85, host: pr-hdds-1898-9jx57-4170240974, networkLocation: /default-rack, certSerialId: null}} | ret=SUCCESS |  
2019-08-22 09:27:42,295 [grpc-default-executor-10] INFO  impl.RaftServerProxy (RaftServerProxy.java:addNew(89)) - 95ce97c6-e6af-4640-b6f2-079eca5e157b: addNew group-EC8378861AC9:[95ce97c6-e6af-4640-b6f2-079eca5e157b:192.168.36.85:44677] returns group-EC8378861AC9:java.util.concurrent.CompletableFuture@4f83db87[Not completed]
2019-08-22 09:27:42,298 [pool-483-thread-1] INFO  impl.RaftServerImpl (RaftServerImpl.java:<init>(93)) - 95ce97c6-e6af-4640-b6f2-079eca5e157b: new RaftServerImpl for group-EC8378861AC9:[95ce97c6-e6af-4640-b6f2-079eca5e157b:192.168.36.85:44677] with ContainerStateMachine:uninitialized
2019-08-22 09:27:42,298 [pool-483-thread-1] INFO  server.RaftServerConfigKeys (ConfUtils.java:logGet(43)) - raft.server.rpc.timeout.min = 5s (custom)
2019-08-22 09:27:42,298 [pool-483-thread-1] INFO  server.RaftServerConfigKeys (ConfUtils.java:logGet(43)) - raft.server.rpc.timeout.max = 5200ms (custom)
2019-08-22 09:27:42,299 [pool-483-thread-1] INFO  server.RaftServerConfigKeys (ConfUtils.java:logGet(43)) - raft.server.rpcslowness.timeout = 120s (custom)
2019-08-22 09:27:42,299 [pool-483-thread-1] INFO  server.RaftServerConfigKeys (ConfUtils.java:logGet(43)) - raft.server.sleep.deviation.threshold = 300 (default)
2019-08-22 09:27:42,299 [pool-483-thread-1] INFO  server.RaftServerConfigKeys (ConfUtils.java:logGet(43)) - raft.server.log.appender.install.snapshot.enabled = false (custom)
2019-08-22 09:27:42,299 [pool-483-thread-1] INFO  impl.RaftServerImpl (ServerState.java:<init>(105)) - 95ce97c6-e6af-4640-b6f2-079eca5e157b:group-EC8378861AC9 ConfigurationManager, init=-1: [95ce97c6-e6af-4640-b6f2-079eca5e157b:192.168.36.85:44677], old=null, confs=<EMPTY_MAP>
2019-08-22 09:27:42,299 [pool-483-thread-1] INFO  server.RaftServerConfigKeys (ConfUtils.java:logGet(43)) - raft.server.storage.dir = [/workdir/hadoop-ozone/integration-test/target/test-dir/MiniOzoneClusterImpl-2e6e0ec1-3320-47b2-b0b8-5188264ac38e/datanode-4/data/ratis] (custom)
2019-08-22 09:27:42,300 [pool-483-thread-1] INFO  storage.RaftStorageDirectory (RaftStorageDirectory.java:analyzeStorage(246)) - The storage directory /workdir/hadoop-ozone/integration-test/target/test-dir/MiniOzoneClusterImpl-2e6e0ec1-3320-47b2-b0b8-5188264ac38e/datanode-4/data/ratis/bb0e424c-c75e-41d6-825e-ec8378861ac9 does not exist. Creating ...
2019-08-22 09:27:42,331 [pool-483-thread-1] INFO  storage.RaftStorageDirectory (RaftStorageDirectory.java:tryLock(328)) - Lock on /workdir/hadoop-ozone/integration-test/target/test-dir/MiniOzoneClusterImpl-2e6e0ec1-3320-47b2-b0b8-5188264ac38e/datanode-4/data/ratis/bb0e424c-c75e-41d6-825e-ec8378861ac9/in_use.lock acquired by nodename 23417@pr-hdds-1898-9jx57-4170240974
2019-08-22 09:27:42,356 [pool-483-thread-1] INFO  storage.RaftStorage (RaftStorage.java:format(72)) - Storage directory /workdir/hadoop-ozone/integration-test/target/test-dir/MiniOzoneClusterImpl-2e6e0ec1-3320-47b2-b0b8-5188264ac38e/datanode-4/data/ratis/bb0e424c-c75e-41d6-825e-ec8378861ac9 has been successfully formatted.
2019-08-22 09:27:42,357 [pool-483-thread-1] INFO  ratis.ContainerStateMachine (ContainerStateMachine.java:loadSnapshot(226)) - group-EC8378861AC9: The snapshot info is null. Setting the last applied indexto:(t:0, i:~)
2019-08-22 09:27:42,357 [pool-483-thread-1] INFO  server.RaftServerConfigKeys (ConfUtils.java:logGet(43)) - raft.server.leader.election.timeout = 120s (custom)
2019-08-22 09:27:42,357 [pool-483-thread-1] INFO  server.RaftServerConfigKeys (ConfUtils.java:logGet(43)) - raft.server.log.use.memory = false (default)
2019-08-22 09:27:42,357 [pool-483-thread-1] INFO  server.RaftServerConfigKeys (ConfUtils.java:logGet(43)) - raft.server.log.purge.gap = 1000000 (custom)
2019-08-22 09:27:42,357 [pool-483-thread-1] INFO  server.RaftServerConfigKeys (ConfUtils.java:logGet(43)) - raft.server.log.appender.buffer.byte-limit = 33554432 (custom)
2019-08-22 09:27:42,358 [pool-483-thread-1] INFO  server.RaftServerConfigKeys (ConfUtils.java:logGet(43)) - raft.server.log.segment.size.max = 1048576 (custom)
2019-08-22 09:27:42,358 [pool-483-thread-1] INFO  server.RaftServerConfigKeys (ConfUtils.java:logGet(43)) - raft.server.log.segment.cache.num.max = 2 (custom)
2019-08-22 09:27:42,358 [pool-483-thread-1] INFO  segmented.SegmentedRaftLogWorker (SegmentedRaftLogWorker.java:<init>(172)) - new 95ce97c6-e6af-4640-b6f2-079eca5e157b-SegmentedRaftLogWorker:Storage Directory /workdir/hadoop-ozone/integration-test/target/test-dir/MiniOzoneClusterImpl-2e6e0ec1-3320-47b2-b0b8-5188264ac38e/datanode-4/data/ratis/bb0e424c-c75e-41d6-825e-ec8378861ac9 for RaftStorage:Storage Directory /workdir/hadoop-ozone/integration-test/target/test-dir/MiniOzoneClusterImpl-2e6e0ec1-3320-47b2-b0b8-5188264ac38e/datanode-4/data/ratis/bb0e424c-c75e-41d6-825e-ec8378861ac9
2019-08-22 09:27:42,358 [pool-483-thread-1] INFO  server.RaftServerConfigKeys (ConfUtils.java:logGet(43)) - raft.server.log.queue.byte-limit = 2147483647 (custom)
2019-08-22 09:27:42,358 [pool-483-thread-1] INFO  server.RaftServerConfigKeys (ConfUtils.java:logGet(43)) - raft.server.log.queue.element-limit = 1024 (custom)
2019-08-22 09:27:42,359 [pool-483-thread-1] INFO  server.RaftServerConfigKeys (ConfUtils.java:logGet(43)) - raft.server.log.segment.size.max = 1048576 (custom)
2019-08-22 09:27:42,359 [pool-483-thread-1] INFO  server.RaftServerConfigKeys (ConfUtils.java:logGet(43)) - raft.server.log.preallocated.size = 16384 (custom)
2019-08-22 09:27:42,359 [pool-483-thread-1] INFO  server.RaftServerConfigKeys (ConfUtils.java:logGet(43)) - raft.server.log.write.buffer.size = 33554432 (custom)
2019-08-22 09:27:42,359 [pool-483-thread-1] INFO  server.RaftServerConfigKeys (ConfUtils.java:logGet(43)) - raft.server.log.force.sync.num = 128 (default)
2019-08-22 09:27:42,359 [pool-483-thread-1] INFO  server.RaftServerConfigKeys (ConfUtils.java:logGet(43)) - raft.server.log.statemachine.data.sync = true (default)
2019-08-22 09:27:42,359 [pool-483-thread-1] INFO  server.RaftServerConfigKeys (ConfUtils.java:logGet(43)) - raft.server.log.statemachine.data.sync.timeout = 10s (default)
2019-08-22 09:27:42,359 [pool-483-thread-1] INFO  server.RaftServerConfigKeys (ConfUtils.java:logGet(43)) - raft.server.log.statemachine.data.sync.timeout.retry = -1 (default)
2019-08-22 09:27:42,360 [pool-483-thread-1] INFO  server.RaftServerConfigKeys (ConfUtils.java:logGet(43)) - raft.server.log.statemachine.data.caching.enabled = true (custom)
2019-08-22 09:27:42,360 [pool-483-thread-1] INFO  segmented.SegmentedRaftLogWorker (SegmentedRaftLogWorker.java:lambda$new$0(132)) - 95ce97c6-e6af-4640-b6f2-079eca5e157b-SegmentedRaftLogWorker:Storage Directory /workdir/hadoop-ozone/integration-test/target/test-dir/MiniOzoneClusterImpl-2e6e0ec1-3320-47b2-b0b8-5188264ac38e/datanode-4/data/ratis/bb0e424c-c75e-41d6-825e-ec8378861ac9: flushIndex: setUnconditionally 0 -> -1
2019-08-22 09:27:42,360 [pool-483-thread-1] INFO  server.RaftServerConfigKeys (ConfUtils.java:logGet(43)) - raft.server.snapshot.auto.trigger.enabled = true (custom)
2019-08-22 09:27:42,361 [pool-483-thread-1] INFO  server.RaftServerConfigKeys (ConfUtils.java:logGet(43)) - raft.server.snapshot.auto.trigger.threshold = 10000 (custom)
2019-08-22 09:27:42,361 [pool-483-thread-1] INFO  server.RaftServerConfigKeys (ConfUtils.java:logGet(43)) - raft.server.retrycache.expirytime = 600000ms (custom)
2019-08-22 09:27:42,361 [pool-483-thread-1] INFO  impl.RaftServerImpl (RaftServerImpl.java:start(180)) - 95ce97c6-e6af-4640-b6f2-079eca5e157b: start group-EC8378861AC9
2019-08-22 09:27:42,361 [pool-483-thread-1] INFO  impl.RaftServerImpl (RaftServerImpl.java:setRole(171)) - 95ce97c6-e6af-4640-b6f2-079eca5e157b:group-EC8378861AC9 changes role from null to FOLLOWER at term 0 for startAsFollower
2019-08-22 09:27:42,361 [pool-483-thread-1] INFO  impl.RoleInfo (RoleInfo.java:updateAndGet(143)) - 95ce97c6-e6af-4640-b6f2-079eca5e157b: start FollowerState
2019-08-22 09:27:42,362 [pool-483-thread-1] INFO  util.JmxRegister (JmxRegister.java:tryRegister(44)) - Successfully registered JMX Bean with object name Ratis:service=RaftServer,group=group-EC8378861AC9,id=95ce97c6-e6af-4640-b6f2-079eca5e157b
2019-08-22 09:27:42,366 [RatisPipelineUtilsThread] INFO  pipeline.PipelineStateManager (PipelineStateManager.java:addPipeline(56)) - Created pipeline Pipeline[ Id: bb0e424c-c75e-41d6-825e-ec8378861ac9, Nodes: 95ce97c6-e6af-4640-b6f2-079eca5e157b{ip: 192.168.36.85, host: pr-hdds-1898-9jx57-4170240974, networkLocation: /default-rack, certSerialId: null}, Type:RATIS, Factor:ONE, State:OPEN]
2019-08-22 09:27:42,473 [IPC Server handler 3 on 44903] INFO  net.NetworkTopology (NetworkTopologyImpl.java:add(110)) - Added a new node: /default-rack/c63d63f4-e4a3-48b0-8e66-cfae5c1ce3a1
2019-08-22 09:27:42,473 [IPC Server handler 3 on 44903] INFO  node.SCMNodeManager (SCMNodeManager.java:register(273)) - Registered Data node : c63d63f4-e4a3-48b0-8e66-cfae5c1ce3a1{ip: 192.168.36.85, host: pr-hdds-1898-9jx57-4170240974, networkLocation: /default-rack, certSerialId: null}
2019-08-22 09:27:42,473 | INFO  | SCMAudit | user=jenkins1000 | ip=192.168.36.85 | op=REGISTER {datanodeDetails=c63d63f4-e4a3-48b0-8e66-cfae5c1ce3a1{ip: 192.168.36.85, host: pr-hdds-1898-9jx57-4170240974, networkLocation: /default-rack, certSerialId: null}} | ret=SUCCESS |  
2019-08-22 09:27:42,481 [grpc-default-executor-10] INFO  impl.RaftServerProxy (RaftServerProxy.java:addNew(89)) - c63d63f4-e4a3-48b0-8e66-cfae5c1ce3a1: addNew group-A4ECBBEBFC31:[c63d63f4-e4a3-48b0-8e66-cfae5c1ce3a1:192.168.36.85:38743] returns group-A4ECBBEBFC31:java.util.concurrent.CompletableFuture@2b0757ea[Not completed]
2019-08-22 09:27:42,482 [pool-494-thread-1] INFO  impl.RaftServerImpl (RaftServerImpl.java:<init>(93)) - c63d63f4-e4a3-48b0-8e66-cfae5c1ce3a1: new RaftServerImpl for group-A4ECBBEBFC31:[c63d63f4-e4a3-48b0-8e66-cfae5c1ce3a1:192.168.36.85:38743] with ContainerStateMachine:uninitialized
2019-08-22 09:27:42,483 [pool-494-thread-1] INFO  server.RaftServerConfigKeys (ConfUtils.java:logGet(43)) - raft.server.rpc.timeout.min = 5s (custom)
2019-08-22 09:27:42,483 [pool-494-thread-1] INFO  server.RaftServerConfigKeys (ConfUtils.java:logGet(43)) - raft.server.rpc.timeout.max = 5200ms (custom)
2019-08-22 09:27:42,483 [pool-494-thread-1] INFO  server.RaftServerConfigKeys (ConfUtils.java:logGet(43)) - raft.server.rpcslowness.timeout = 120s (custom)
2019-08-22 09:27:42,483 [pool-494-thread-1] INFO  server.RaftServerConfigKeys (ConfUtils.java:logGet(43)) - raft.server.sleep.deviation.threshold = 300 (default)
2019-08-22 09:27:42,483 [pool-494-thread-1] INFO  server.RaftServerConfigKeys (ConfUtils.java:logGet(43)) - raft.server.log.appender.install.snapshot.enabled = false (custom)
2019-08-22 09:27:42,483 [pool-494-thread-1] INFO  impl.RaftServerImpl (ServerState.java:<init>(105)) - c63d63f4-e4a3-48b0-8e66-cfae5c1ce3a1:group-A4ECBBEBFC31 ConfigurationManager, init=-1: [c63d63f4-e4a3-48b0-8e66-cfae5c1ce3a1:192.168.36.85:38743], old=null, confs=<EMPTY_MAP>
2019-08-22 09:27:42,484 [pool-494-thread-1] INFO  server.RaftServerConfigKeys (ConfUtils.java:logGet(43)) - raft.server.storage.dir = [/workdir/hadoop-ozone/integration-test/target/test-dir/MiniOzoneClusterImpl-2e6e0ec1-3320-47b2-b0b8-5188264ac38e/datanode-5/data/ratis] (custom)
2019-08-22 09:27:42,484 [pool-494-thread-1] INFO  storage.RaftStorageDirectory (RaftStorageDirectory.java:analyzeStorage(246)) - The storage directory /workdir/hadoop-ozone/integration-test/target/test-dir/MiniOzoneClusterImpl-2e6e0ec1-3320-47b2-b0b8-5188264ac38e/datanode-5/data/ratis/ea95797e-9a91-4dc8-9ed4-a4ecbbebfc31 does not exist. Creating ...
2019-08-22 09:27:42,515 [pool-494-thread-1] INFO  storage.RaftStorageDirectory (RaftStorageDirectory.java:tryLock(328)) - Lock on /workdir/hadoop-ozone/integration-test/target/test-dir/MiniOzoneClusterImpl-2e6e0ec1-3320-47b2-b0b8-5188264ac38e/datanode-5/data/ratis/ea95797e-9a91-4dc8-9ed4-a4ecbbebfc31/in_use.lock acquired by nodename 23417@pr-hdds-1898-9jx57-4170240974
2019-08-22 09:27:42,540 [pool-494-thread-1] INFO  storage.RaftStorage (RaftStorage.java:format(72)) - Storage directory /workdir/hadoop-ozone/integration-test/target/test-dir/MiniOzoneClusterImpl-2e6e0ec1-3320-47b2-b0b8-5188264ac38e/datanode-5/data/ratis/ea95797e-9a91-4dc8-9ed4-a4ecbbebfc31 has been successfully formatted.
2019-08-22 09:27:42,541 [pool-494-thread-1] INFO  ratis.ContainerStateMachine (ContainerStateMachine.java:loadSnapshot(226)) - group-A4ECBBEBFC31: The snapshot info is null. Setting the last applied indexto:(t:0, i:~)
2019-08-22 09:27:42,541 [pool-494-thread-1] INFO  server.RaftServerConfigKeys (ConfUtils.java:logGet(43)) - raft.server.leader.election.timeout = 120s (custom)
2019-08-22 09:27:42,541 [pool-494-thread-1] INFO  server.RaftServerConfigKeys (ConfUtils.java:logGet(43)) - raft.server.log.use.memory = false (default)
2019-08-22 09:27:42,541 [pool-494-thread-1] INFO  server.RaftServerConfigKeys (ConfUtils.java:logGet(43)) - raft.server.log.purge.gap = 1000000 (custom)
2019-08-22 09:27:42,542 [pool-494-thread-1] INFO  server.RaftServerConfigKeys (ConfUtils.java:logGet(43)) - raft.server.log.appender.buffer.byte-limit = 33554432 (custom)
2019-08-22 09:27:42,542 [pool-494-thread-1] INFO  server.RaftServerConfigKeys (ConfUtils.java:logGet(43)) - raft.server.log.segment.size.max = 1048576 (custom)
2019-08-22 09:27:42,542 [pool-494-thread-1] INFO  server.RaftServerConfigKeys (ConfUtils.java:logGet(43)) - raft.server.log.segment.cache.num.max = 2 (custom)
2019-08-22 09:27:42,542 [pool-494-thread-1] INFO  segmented.SegmentedRaftLogWorker (SegmentedRaftLogWorker.java:<init>(172)) - new c63d63f4-e4a3-48b0-8e66-cfae5c1ce3a1-SegmentedRaftLogWorker:Storage Directory /workdir/hadoop-ozone/integration-test/target/test-dir/MiniOzoneClusterImpl-2e6e0ec1-3320-47b2-b0b8-5188264ac38e/datanode-5/data/ratis/ea95797e-9a91-4dc8-9ed4-a4ecbbebfc31 for RaftStorage:Storage Directory /workdir/hadoop-ozone/integration-test/target/test-dir/MiniOzoneClusterImpl-2e6e0ec1-3320-47b2-b0b8-5188264ac38e/datanode-5/data/ratis/ea95797e-9a91-4dc8-9ed4-a4ecbbebfc31
2019-08-22 09:27:42,542 [pool-494-thread-1] INFO  server.RaftServerConfigKeys (ConfUtils.java:logGet(43)) - raft.server.log.queue.byte-limit = 2147483647 (custom)
2019-08-22 09:27:42,542 [pool-494-thread-1] INFO  server.RaftServerConfigKeys (ConfUtils.java:logGet(43)) - raft.server.log.queue.element-limit = 1024 (custom)
2019-08-22 09:27:42,543 [pool-494-thread-1] INFO  server.RaftServerConfigKeys (ConfUtils.java:logGet(43)) - raft.server.log.segment.size.max = 1048576 (custom)
2019-08-22 09:27:42,543 [pool-494-thread-1] INFO  server.RaftServerConfigKeys (ConfUtils.java:logGet(43)) - raft.server.log.preallocated.size = 16384 (custom)
2019-08-22 09:27:42,543 [pool-494-thread-1] INFO  server.RaftServerConfigKeys (ConfUtils.java:logGet(43)) - raft.server.log.write.buffer.size = 33554432 (custom)
2019-08-22 09:27:42,543 [pool-494-thread-1] INFO  server.RaftServerConfigKeys (ConfUtils.java:logGet(43)) - raft.server.log.force.sync.num = 128 (default)
2019-08-22 09:27:42,543 [pool-494-thread-1] INFO  server.RaftServerConfigKeys (ConfUtils.java:logGet(43)) - raft.server.log.statemachine.data.sync = true (default)
2019-08-22 09:27:42,544 [pool-494-thread-1] INFO  server.RaftServerConfigKeys (ConfUtils.java:logGet(43)) - raft.server.log.statemachine.data.sync.timeout = 10s (default)
2019-08-22 09:27:42,544 [pool-494-thread-1] INFO  server.RaftServerConfigKeys (ConfUtils.java:logGet(43)) - raft.server.log.statemachine.data.sync.timeout.retry = -1 (default)
2019-08-22 09:27:42,544 [pool-494-thread-1] INFO  server.RaftServerConfigKeys (ConfUtils.java:logGet(43)) - raft.server.log.statemachine.data.caching.enabled = true (custom)
2019-08-22 09:27:42,545 [pool-494-thread-1] INFO  segmented.SegmentedRaftLogWorker (SegmentedRaftLogWorker.java:lambda$new$0(132)) - c63d63f4-e4a3-48b0-8e66-cfae5c1ce3a1-SegmentedRaftLogWorker:Storage Directory /workdir/hadoop-ozone/integration-test/target/test-dir/MiniOzoneClusterImpl-2e6e0ec1-3320-47b2-b0b8-5188264ac38e/datanode-5/data/ratis/ea95797e-9a91-4dc8-9ed4-a4ecbbebfc31: flushIndex: setUnconditionally 0 -> -1
2019-08-22 09:27:42,545 [pool-494-thread-1] INFO  server.RaftServerConfigKeys (ConfUtils.java:logGet(43)) - raft.server.snapshot.auto.trigger.enabled = true (custom)
2019-08-22 09:27:42,545 [pool-494-thread-1] INFO  server.RaftServerConfigKeys (ConfUtils.java:logGet(43)) - raft.server.snapshot.auto.trigger.threshold = 10000 (custom)
2019-08-22 09:27:42,545 [pool-494-thread-1] INFO  server.RaftServerConfigKeys (ConfUtils.java:logGet(43)) - raft.server.retrycache.expirytime = 600000ms (custom)
2019-08-22 09:27:42,546 [pool-494-thread-1] INFO  impl.RaftServerImpl (RaftServerImpl.java:start(180)) - c63d63f4-e4a3-48b0-8e66-cfae5c1ce3a1: start group-A4ECBBEBFC31
2019-08-22 09:27:42,546 [pool-494-thread-1] INFO  impl.RaftServerImpl (RaftServerImpl.java:setRole(171)) - c63d63f4-e4a3-48b0-8e66-cfae5c1ce3a1:group-A4ECBBEBFC31 changes role from null to FOLLOWER at term 0 for startAsFollower
2019-08-22 09:27:42,546 [pool-494-thread-1] INFO  impl.RoleInfo (RoleInfo.java:updateAndGet(143)) - c63d63f4-e4a3-48b0-8e66-cfae5c1ce3a1: start FollowerState
2019-08-22 09:27:42,546 [pool-494-thread-1] INFO  util.JmxRegister (JmxRegister.java:tryRegister(44)) - Successfully registered JMX Bean with object name Ratis:service=RaftServer,group=group-A4ECBBEBFC31,id=c63d63f4-e4a3-48b0-8e66-cfae5c1ce3a1
2019-08-22 09:27:42,551 [RatisPipelineUtilsThread] INFO  pipeline.PipelineStateManager (PipelineStateManager.java:addPipeline(56)) - Created pipeline Pipeline[ Id: ea95797e-9a91-4dc8-9ed4-a4ecbbebfc31, Nodes: c63d63f4-e4a3-48b0-8e66-cfae5c1ce3a1{ip: 192.168.36.85, host: pr-hdds-1898-9jx57-4170240974, networkLocation: /default-rack, certSerialId: null}, Type:RATIS, Factor:ONE, State:OPEN]
2019-08-22 09:27:42,565 [grpc-default-executor-9] INFO  impl.RaftServerProxy (RaftServerProxy.java:addNew(89)) - 909bb822-8e17-41f4-9059-fc5d171ea46d: addNew group-713CD145619D:[909bb822-8e17-41f4-9059-fc5d171ea46d:192.168.36.85:38020, c63d63f4-e4a3-48b0-8e66-cfae5c1ce3a1:192.168.36.85:38743, 95ce97c6-e6af-4640-b6f2-079eca5e157b:192.168.36.85:44677] returns group-713CD145619D:java.util.concurrent.CompletableFuture@152b367b[Not completed]
2019-08-22 09:27:42,566 [grpc-default-executor-11] INFO  impl.RaftServerProxy (RaftServerProxy.java:addNew(89)) - c63d63f4-e4a3-48b0-8e66-cfae5c1ce3a1: addNew group-713CD145619D:[909bb822-8e17-41f4-9059-fc5d171ea46d:192.168.36.85:38020, c63d63f4-e4a3-48b0-8e66-cfae5c1ce3a1:192.168.36.85:38743, 95ce97c6-e6af-4640-b6f2-079eca5e157b:192.168.36.85:44677] returns group-713CD145619D:java.util.concurrent.CompletableFuture@33df96b2[Not completed]
2019-08-22 09:27:42,565 [grpc-default-executor-10] INFO  impl.RaftServerProxy (RaftServerProxy.java:addNew(89)) - 95ce97c6-e6af-4640-b6f2-079eca5e157b: addNew group-713CD145619D:[909bb822-8e17-41f4-9059-fc5d171ea46d:192.168.36.85:38020, c63d63f4-e4a3-48b0-8e66-cfae5c1ce3a1:192.168.36.85:38743, 95ce97c6-e6af-4640-b6f2-079eca5e157b:192.168.36.85:44677] returns group-713CD145619D:java.util.concurrent.CompletableFuture@2f9f975b[Not completed]
2019-08-22 09:27:42,567 [pool-494-thread-1] INFO  impl.RaftServerImpl (RaftServerImpl.java:<init>(93)) - c63d63f4-e4a3-48b0-8e66-cfae5c1ce3a1: new RaftServerImpl for group-713CD145619D:[909bb822-8e17-41f4-9059-fc5d171ea46d:192.168.36.85:38020, c63d63f4-e4a3-48b0-8e66-cfae5c1ce3a1:192.168.36.85:38743, 95ce97c6-e6af-4640-b6f2-079eca5e157b:192.168.36.85:44677] with ContainerStateMachine:uninitialized
2019-08-22 09:27:42,567 [pool-494-thread-1] INFO  server.RaftServerConfigKeys (ConfUtils.java:logGet(43)) - raft.server.rpc.timeout.min = 5s (custom)
2019-08-22 09:27:42,568 [pool-494-thread-1] INFO  server.RaftServerConfigKeys (ConfUtils.java:logGet(43)) - raft.server.rpc.timeout.max = 5200ms (custom)
2019-08-22 09:27:42,568 [pool-494-thread-1] INFO  server.RaftServerConfigKeys (ConfUtils.java:logGet(43)) - raft.server.rpcslowness.timeout = 120s (custom)
2019-08-22 09:27:42,568 [pool-494-thread-1] INFO  server.RaftServerConfigKeys (ConfUtils.java:logGet(43)) - raft.server.sleep.deviation.threshold = 300 (default)
2019-08-22 09:27:42,568 [pool-483-thread-1] INFO  impl.RaftServerImpl (RaftServerImpl.java:<init>(93)) - 95ce97c6-e6af-4640-b6f2-079eca5e157b: new RaftServerImpl for group-713CD145619D:[909bb822-8e17-41f4-9059-fc5d171ea46d:192.168.36.85:38020, c63d63f4-e4a3-48b0-8e66-cfae5c1ce3a1:192.168.36.85:38743, 95ce97c6-e6af-4640-b6f2-079eca5e157b:192.168.36.85:44677] with ContainerStateMachine:uninitialized
2019-08-22 09:27:42,568 [pool-494-thread-1] INFO  server.RaftServerConfigKeys (ConfUtils.java:logGet(43)) - raft.server.log.appender.install.snapshot.enabled = false (custom)
2019-08-22 09:27:42,568 [pool-472-thread-1] INFO  impl.RaftServerImpl (RaftServerImpl.java:<init>(93)) - 909bb822-8e17-41f4-9059-fc5d171ea46d: new RaftServerImpl for group-713CD145619D:[909bb822-8e17-41f4-9059-fc5d171ea46d:192.168.36.85:38020, c63d63f4-e4a3-48b0-8e66-cfae5c1ce3a1:192.168.36.85:38743, 95ce97c6-e6af-4640-b6f2-079eca5e157b:192.168.36.85:44677] with ContainerStateMachine:uninitialized
2019-08-22 09:27:42,568 [pool-483-thread-1] INFO  server.RaftServerConfigKeys (ConfUtils.java:logGet(43)) - raft.server.rpc.timeout.min = 5s (custom)
2019-08-22 09:27:42,568 [pool-472-thread-1] INFO  server.RaftServerConfigKeys (ConfUtils.java:logGet(43)) - raft.server.rpc.timeout.min = 5s (custom)
2019-08-22 09:27:42,569 [pool-472-thread-1] INFO  server.RaftServerConfigKeys (ConfUtils.java:logGet(43)) - raft.server.rpc.timeout.max = 5200ms (custom)
2019-08-22 09:27:42,568 [pool-494-thread-1] INFO  impl.RaftServerImpl (ServerState.java:<init>(105)) - c63d63f4-e4a3-48b0-8e66-cfae5c1ce3a1:group-713CD145619D ConfigurationManager, init=-1: [909bb822-8e17-41f4-9059-fc5d171ea46d:192.168.36.85:38020, c63d63f4-e4a3-48b0-8e66-cfae5c1ce3a1:192.168.36.85:38743, 95ce97c6-e6af-4640-b6f2-079eca5e157b:192.168.36.85:44677], old=null, confs=<EMPTY_MAP>
2019-08-22 09:27:42,569 [pool-472-thread-1] INFO  server.RaftServerConfigKeys (ConfUtils.java:logGet(43)) - raft.server.rpcslowness.timeout = 120s (custom)
2019-08-22 09:27:42,569 [pool-472-thread-1] INFO  server.RaftServerConfigKeys (ConfUtils.java:logGet(43)) - raft.server.sleep.deviation.threshold = 300 (default)
2019-08-22 09:27:42,569 [pool-483-thread-1] INFO  server.RaftServerConfigKeys (ConfUtils.java:logGet(43)) - raft.server.rpc.timeout.max = 5200ms (custom)
2019-08-22 09:27:42,569 [pool-472-thread-1] INFO  server.RaftServerConfigKeys (ConfUtils.java:logGet(43)) - raft.server.log.appender.install.snapshot.enabled = false (custom)
2019-08-22 09:27:42,569 [pool-494-thread-1] INFO  server.RaftServerConfigKeys (ConfUtils.java:logGet(43)) - raft.server.storage.dir = [/workdir/hadoop-ozone/integration-test/target/test-dir/MiniOzoneClusterImpl-2e6e0ec1-3320-47b2-b0b8-5188264ac38e/datanode-5/data/ratis] (custom)
2019-08-22 09:27:42,570 [pool-472-thread-1] INFO  impl.RaftServerImpl (ServerState.java:<init>(105)) - 909bb822-8e17-41f4-9059-fc5d171ea46d:group-713CD145619D ConfigurationManager, init=-1: [909bb822-8e17-41f4-9059-fc5d171ea46d:192.168.36.85:38020, c63d63f4-e4a3-48b0-8e66-cfae5c1ce3a1:192.168.36.85:38743, 95ce97c6-e6af-4640-b6f2-079eca5e157b:192.168.36.85:44677], old=null, confs=<EMPTY_MAP>
2019-08-22 09:27:42,570 [pool-483-thread-1] INFO  server.RaftServerConfigKeys (ConfUtils.java:logGet(43)) - raft.server.rpcslowness.timeout = 120s (custom)
2019-08-22 09:27:42,570 [pool-494-thread-1] INFO  storage.RaftStorageDirectory (RaftStorageDirectory.java:analyzeStorage(246)) - The storage directory /workdir/hadoop-ozone/integration-test/target/test-dir/MiniOzoneClusterImpl-2e6e0ec1-3320-47b2-b0b8-5188264ac38e/datanode-5/data/ratis/5e53caaf-fbcb-4322-ac80-713cd145619d does not exist. Creating ...
2019-08-22 09:27:42,570 [pool-472-thread-1] INFO  server.RaftServerConfigKeys (ConfUtils.java:logGet(43)) - raft.server.storage.dir = [/workdir/hadoop-ozone/integration-test/target/test-dir/MiniOzoneClusterImpl-2e6e0ec1-3320-47b2-b0b8-5188264ac38e/datanode-3/data/ratis] (custom)
2019-08-22 09:27:42,570 [pool-483-thread-1] INFO  server.RaftServerConfigKeys (ConfUtils.java:logGet(43)) - raft.server.sleep.deviation.threshold = 300 (default)
2019-08-22 09:27:42,571 [pool-483-thread-1] INFO  server.RaftServerConfigKeys (ConfUtils.java:logGet(43)) - raft.server.log.appender.install.snapshot.enabled = false (custom)
2019-08-22 09:27:42,571 [pool-483-thread-1] INFO  impl.RaftServerImpl (ServerState.java:<init>(105)) - 95ce97c6-e6af-4640-b6f2-079eca5e157b:group-713CD145619D ConfigurationManager, init=-1: [909bb822-8e17-41f4-9059-fc5d171ea46d:192.168.36.85:38020, c63d63f4-e4a3-48b0-8e66-cfae5c1ce3a1:192.168.36.85:38743, 95ce97c6-e6af-4640-b6f2-079eca5e157b:192.168.36.85:44677], old=null, confs=<EMPTY_MAP>
2019-08-22 09:27:42,571 [pool-472-thread-1] INFO  storage.RaftStorageDirectory (RaftStorageDirectory.java:analyzeStorage(246)) - The storage directory /workdir/hadoop-ozone/integration-test/target/test-dir/MiniOzoneClusterImpl-2e6e0ec1-3320-47b2-b0b8-5188264ac38e/datanode-3/data/ratis/5e53caaf-fbcb-4322-ac80-713cd145619d does not exist. Creating ...
2019-08-22 09:27:42,571 [pool-483-thread-1] INFO  server.RaftServerConfigKeys (ConfUtils.java:logGet(43)) - raft.server.storage.dir = [/workdir/hadoop-ozone/integration-test/target/test-dir/MiniOzoneClusterImpl-2e6e0ec1-3320-47b2-b0b8-5188264ac38e/datanode-4/data/ratis] (custom)
2019-08-22 09:27:42,571 [pool-483-thread-1] INFO  storage.RaftStorageDirectory (RaftStorageDirectory.java:analyzeStorage(246)) - The storage directory /workdir/hadoop-ozone/integration-test/target/test-dir/MiniOzoneClusterImpl-2e6e0ec1-3320-47b2-b0b8-5188264ac38e/datanode-4/data/ratis/5e53caaf-fbcb-4322-ac80-713cd145619d does not exist. Creating ...
2019-08-22 09:27:42,599 [pool-472-thread-1] INFO  storage.RaftStorageDirectory (RaftStorageDirectory.java:tryLock(328)) - Lock on /workdir/hadoop-ozone/integration-test/target/test-dir/MiniOzoneClusterImpl-2e6e0ec1-3320-47b2-b0b8-5188264ac38e/datanode-3/data/ratis/5e53caaf-fbcb-4322-ac80-713cd145619d/in_use.lock acquired by nodename 23417@pr-hdds-1898-9jx57-4170240974
2019-08-22 09:27:42,599 [pool-494-thread-1] INFO  storage.RaftStorageDirectory (RaftStorageDirectory.java:tryLock(328)) - Lock on /workdir/hadoop-ozone/integration-test/target/test-dir/MiniOzoneClusterImpl-2e6e0ec1-3320-47b2-b0b8-5188264ac38e/datanode-5/data/ratis/5e53caaf-fbcb-4322-ac80-713cd145619d/in_use.lock acquired by nodename 23417@pr-hdds-1898-9jx57-4170240974
2019-08-22 09:27:42,599 [pool-483-thread-1] INFO  storage.RaftStorageDirectory (RaftStorageDirectory.java:tryLock(328)) - Lock on /workdir/hadoop-ozone/integration-test/target/test-dir/MiniOzoneClusterImpl-2e6e0ec1-3320-47b2-b0b8-5188264ac38e/datanode-4/data/ratis/5e53caaf-fbcb-4322-ac80-713cd145619d/in_use.lock acquired by nodename 23417@pr-hdds-1898-9jx57-4170240974
2019-08-22 09:27:42,625 [pool-472-thread-1] INFO  storage.RaftStorage (RaftStorage.java:format(72)) - Storage directory /workdir/hadoop-ozone/integration-test/target/test-dir/MiniOzoneClusterImpl-2e6e0ec1-3320-47b2-b0b8-5188264ac38e/datanode-3/data/ratis/5e53caaf-fbcb-4322-ac80-713cd145619d has been successfully formatted.
2019-08-22 09:27:42,625 [pool-494-thread-1] INFO  storage.RaftStorage (RaftStorage.java:format(72)) - Storage directory /workdir/hadoop-ozone/integration-test/target/test-dir/MiniOzoneClusterImpl-2e6e0ec1-3320-47b2-b0b8-5188264ac38e/datanode-5/data/ratis/5e53caaf-fbcb-4322-ac80-713cd145619d has been successfully formatted.
2019-08-22 09:27:42,625 [pool-483-thread-1] INFO  storage.RaftStorage (RaftStorage.java:format(72)) - Storage directory /workdir/hadoop-ozone/integration-test/target/test-dir/MiniOzoneClusterImpl-2e6e0ec1-3320-47b2-b0b8-5188264ac38e/datanode-4/data/ratis/5e53caaf-fbcb-4322-ac80-713cd145619d has been successfully formatted.
2019-08-22 09:27:42,626 [pool-494-thread-1] INFO  ratis.ContainerStateMachine (ContainerStateMachine.java:loadSnapshot(226)) - group-713CD145619D: The snapshot info is null. Setting the last applied indexto:(t:0, i:~)
2019-08-22 09:27:42,626 [pool-494-thread-1] INFO  server.RaftServerConfigKeys (ConfUtils.java:logGet(43)) - raft.server.leader.election.timeout = 120s (custom)
2019-08-22 09:27:42,625 [pool-472-thread-1] INFO  ratis.ContainerStateMachine (ContainerStateMachine.java:loadSnapshot(226)) - group-713CD145619D: The snapshot info is null. Setting the last applied indexto:(t:0, i:~)
2019-08-22 09:27:42,626 [pool-494-thread-1] INFO  server.RaftServerConfigKeys (ConfUtils.java:logGet(43)) - raft.server.log.use.memory = false (default)
2019-08-22 09:27:42,626 [pool-483-thread-1] INFO  ratis.ContainerStateMachine (ContainerStateMachine.java:loadSnapshot(226)) - group-713CD145619D: The snapshot info is null. Setting the last applied indexto:(t:0, i:~)
2019-08-22 09:27:42,626 [pool-494-thread-1] INFO  server.RaftServerConfigKeys (ConfUtils.java:logGet(43)) - raft.server.log.purge.gap = 1000000 (custom)
2019-08-22 09:27:42,626 [pool-472-thread-1] INFO  server.RaftServerConfigKeys (ConfUtils.java:logGet(43)) - raft.server.leader.election.timeout = 120s (custom)
2019-08-22 09:27:42,627 [pool-472-thread-1] INFO  server.RaftServerConfigKeys (ConfUtils.java:logGet(43)) - raft.server.log.use.memory = false (default)
2019-08-22 09:27:42,627 [pool-472-thread-1] INFO  server.RaftServerConfigKeys (ConfUtils.java:logGet(43)) - raft.server.log.purge.gap = 1000000 (custom)
2019-08-22 09:27:42,627 [pool-472-thread-1] INFO  server.RaftServerConfigKeys (ConfUtils.java:logGet(43)) - raft.server.log.appender.buffer.byte-limit = 33554432 (custom)
2019-08-22 09:27:42,627 [pool-472-thread-1] INFO  server.RaftServerConfigKeys (ConfUtils.java:logGet(43)) - raft.server.log.segment.size.max = 1048576 (custom)
2019-08-22 09:27:42,628 [pool-472-thread-1] INFO  server.RaftServerConfigKeys (ConfUtils.java:logGet(43)) - raft.server.log.segment.cache.num.max = 2 (custom)
2019-08-22 09:27:42,628 [pool-472-thread-1] INFO  segmented.SegmentedRaftLogWorker (SegmentedRaftLogWorker.java:<init>(172)) - new 909bb822-8e17-41f4-9059-fc5d171ea46d-SegmentedRaftLogWorker:Storage Directory /workdir/hadoop-ozone/integration-test/target/test-dir/MiniOzoneClusterImpl-2e6e0ec1-3320-47b2-b0b8-5188264ac38e/datanode-3/data/ratis/5e53caaf-fbcb-4322-ac80-713cd145619d for RaftStorage:Storage Directory /workdir/hadoop-ozone/integration-test/target/test-dir/MiniOzoneClusterImpl-2e6e0ec1-3320-47b2-b0b8-5188264ac38e/datanode-3/data/ratis/5e53caaf-fbcb-4322-ac80-713cd145619d
2019-08-22 09:27:42,628 [pool-472-thread-1] INFO  server.RaftServerConfigKeys (ConfUtils.java:logGet(43)) - raft.server.log.queue.byte-limit = 2147483647 (custom)
2019-08-22 09:27:42,628 [pool-472-thread-1] INFO  server.RaftServerConfigKeys (ConfUtils.java:logGet(43)) - raft.server.log.queue.element-limit = 1024 (custom)
2019-08-22 09:27:42,627 [pool-494-thread-1] INFO  server.RaftServerConfigKeys (ConfUtils.java:logGet(43)) - raft.server.log.appender.buffer.byte-limit = 33554432 (custom)
2019-08-22 09:27:42,627 [pool-483-thread-1] INFO  server.RaftServerConfigKeys (ConfUtils.java:logGet(43)) - raft.server.leader.election.timeout = 120s (custom)
2019-08-22 09:27:42,629 [pool-494-thread-1] INFO  server.RaftServerConfigKeys (ConfUtils.java:logGet(43)) - raft.server.log.segment.size.max = 1048576 (custom)
2019-08-22 09:27:42,628 [pool-472-thread-1] INFO  server.RaftServerConfigKeys (ConfUtils.java:logGet(43)) - raft.server.log.segment.size.max = 1048576 (custom)
2019-08-22 09:27:42,629 [pool-494-thread-1] INFO  server.RaftServerConfigKeys (ConfUtils.java:logGet(43)) - raft.server.log.segment.cache.num.max = 2 (custom)
2019-08-22 09:27:42,629 [pool-483-thread-1] INFO  server.RaftServerConfigKeys (ConfUtils.java:logGet(43)) - raft.server.log.use.memory = false (default)
2019-08-22 09:27:42,629 [pool-494-thread-1] INFO  segmented.SegmentedRaftLogWorker (SegmentedRaftLogWorker.java:<init>(172)) - new c63d63f4-e4a3-48b0-8e66-cfae5c1ce3a1-SegmentedRaftLogWorker:Storage Directory /workdir/hadoop-ozone/integration-test/target/test-dir/MiniOzoneClusterImpl-2e6e0ec1-3320-47b2-b0b8-5188264ac38e/datanode-5/data/ratis/5e53caaf-fbcb-4322-ac80-713cd145619d for RaftStorage:Storage Directory /workdir/hadoop-ozone/integration-test/target/test-dir/MiniOzoneClusterImpl-2e6e0ec1-3320-47b2-b0b8-5188264ac38e/datanode-5/data/ratis/5e53caaf-fbcb-4322-ac80-713cd145619d
2019-08-22 09:27:42,629 [pool-472-thread-1] INFO  server.RaftServerConfigKeys (ConfUtils.java:logGet(43)) - raft.server.log.preallocated.size = 16384 (custom)
2019-08-22 09:27:42,630 [pool-494-thread-1] INFO  server.RaftServerConfigKeys (ConfUtils.java:logGet(43)) - raft.server.log.queue.byte-limit = 2147483647 (custom)
2019-08-22 09:27:42,629 [pool-483-thread-1] INFO  server.RaftServerConfigKeys (ConfUtils.java:logGet(43)) - raft.server.log.purge.gap = 1000000 (custom)
2019-08-22 09:27:42,630 [pool-494-thread-1] INFO  server.RaftServerConfigKeys (ConfUtils.java:logGet(43)) - raft.server.log.queue.element-limit = 1024 (custom)
2019-08-22 09:27:42,630 [pool-472-thread-1] INFO  server.RaftServerConfigKeys (ConfUtils.java:logGet(43)) - raft.server.log.write.buffer.size = 33554432 (custom)
2019-08-22 09:27:42,630 [pool-494-thread-1] INFO  server.RaftServerConfigKeys (ConfUtils.java:logGet(43)) - raft.server.log.segment.size.max = 1048576 (custom)
2019-08-22 09:27:42,630 [pool-483-thread-1] INFO  server.RaftServerConfigKeys (ConfUtils.java:logGet(43)) - raft.server.log.appender.buffer.byte-limit = 33554432 (custom)
2019-08-22 09:27:42,631 [pool-494-thread-1] INFO  server.RaftServerConfigKeys (ConfUtils.java:logGet(43)) - raft.server.log.preallocated.size = 16384 (custom)
2019-08-22 09:27:42,631 [pool-472-thread-1] INFO  server.RaftServerConfigKeys (ConfUtils.java:logGet(43)) - raft.server.log.force.sync.num = 128 (default)
2019-08-22 09:27:42,631 [pool-494-thread-1] INFO  server.RaftServerConfigKeys (ConfUtils.java:logGet(43)) - raft.server.log.write.buffer.size = 33554432 (custom)
2019-08-22 09:27:42,631 [pool-483-thread-1] INFO  server.RaftServerConfigKeys (ConfUtils.java:logGet(43)) - raft.server.log.segment.size.max = 1048576 (custom)
2019-08-22 09:27:42,632 [pool-494-thread-1] INFO  server.RaftServerConfigKeys (ConfUtils.java:logGet(43)) - raft.server.log.force.sync.num = 128 (default)
2019-08-22 09:27:42,631 [pool-472-thread-1] INFO  server.RaftServerConfigKeys (ConfUtils.java:logGet(43)) - raft.server.log.statemachine.data.sync = true (default)
2019-08-22 09:27:42,632 [pool-494-thread-1] INFO  server.RaftServerConfigKeys (ConfUtils.java:logGet(43)) - raft.server.log.statemachine.data.sync = true (default)
2019-08-22 09:27:42,632 [pool-483-thread-1] INFO  server.RaftServerConfigKeys (ConfUtils.java:logGet(43)) - raft.server.log.segment.cache.num.max = 2 (custom)
2019-08-22 09:27:42,632 [pool-494-thread-1] INFO  server.RaftServerConfigKeys (ConfUtils.java:logGet(43)) - raft.server.log.statemachine.data.sync.timeout = 10s (default)
2019-08-22 09:27:42,632 [pool-472-thread-1] INFO  server.RaftServerConfigKeys (ConfUtils.java:logGet(43)) - raft.server.log.statemachine.data.sync.timeout = 10s (default)
2019-08-22 09:27:42,633 [pool-494-thread-1] INFO  server.RaftServerConfigKeys (ConfUtils.java:logGet(43)) - raft.server.log.statemachine.data.sync.timeout.retry = -1 (default)
2019-08-22 09:27:42,633 [pool-483-thread-1] INFO  segmented.SegmentedRaftLogWorker (SegmentedRaftLogWorker.java:<init>(172)) - new 95ce97c6-e6af-4640-b6f2-079eca5e157b-SegmentedRaftLogWorker:Storage Directory /workdir/hadoop-ozone/integration-test/target/test-dir/MiniOzoneClusterImpl-2e6e0ec1-3320-47b2-b0b8-5188264ac38e/datanode-4/data/ratis/5e53caaf-fbcb-4322-ac80-713cd145619d for RaftStorage:Storage Directory /workdir/hadoop-ozone/integration-test/target/test-dir/MiniOzoneClusterImpl-2e6e0ec1-3320-47b2-b0b8-5188264ac38e/datanode-4/data/ratis/5e53caaf-fbcb-4322-ac80-713cd145619d
2019-08-22 09:27:42,633 [pool-494-thread-1] INFO  server.RaftServerConfigKeys (ConfUtils.java:logGet(43)) - raft.server.log.statemachine.data.caching.enabled = true (custom)
2019-08-22 09:27:42,633 [pool-472-thread-1] INFO  server.RaftServerConfigKeys (ConfUtils.java:logGet(43)) - raft.server.log.statemachine.data.sync.timeout.retry = -1 (default)
2019-08-22 09:27:42,633 [pool-483-thread-1] INFO  server.RaftServerConfigKeys (ConfUtils.java:logGet(43)) - raft.server.log.queue.byte-limit = 2147483647 (custom)
2019-08-22 09:27:42,634 [pool-472-thread-1] INFO  server.RaftServerConfigKeys (ConfUtils.java:logGet(43)) - raft.server.log.statemachine.data.caching.enabled = true (custom)
2019-08-22 09:27:42,634 [pool-494-thread-1] INFO  segmented.SegmentedRaftLogWorker (SegmentedRaftLogWorker.java:lambda$new$0(132)) - c63d63f4-e4a3-48b0-8e66-cfae5c1ce3a1-SegmentedRaftLogWorker:Storage Directory /workdir/hadoop-ozone/integration-test/target/test-dir/MiniOzoneClusterImpl-2e6e0ec1-3320-47b2-b0b8-5188264ac38e/datanode-5/data/ratis/5e53caaf-fbcb-4322-ac80-713cd145619d: flushIndex: setUnconditionally 0 -> -1
2019-08-22 09:27:42,634 [pool-483-thread-1] INFO  server.RaftServerConfigKeys (ConfUtils.java:logGet(43)) - raft.server.log.queue.element-limit = 1024 (custom)
2019-08-22 09:27:42,634 [pool-472-thread-1] INFO  segmented.SegmentedRaftLogWorker (SegmentedRaftLogWorker.java:lambda$new$0(132)) - 909bb822-8e17-41f4-9059-fc5d171ea46d-SegmentedRaftLogWorker:Storage Directory /workdir/hadoop-ozone/integration-test/target/test-dir/MiniOzoneClusterImpl-2e6e0ec1-3320-47b2-b0b8-5188264ac38e/datanode-3/data/ratis/5e53caaf-fbcb-4322-ac80-713cd145619d: flushIndex: setUnconditionally 0 -> -1
2019-08-22 09:27:42,634 [pool-494-thread-1] INFO  server.RaftServerConfigKeys (ConfUtils.java:logGet(43)) - raft.server.snapshot.auto.trigger.enabled = true (custom)
2019-08-22 09:27:42,634 [pool-483-thread-1] INFO  server.RaftServerConfigKeys (ConfUtils.java:logGet(43)) - raft.server.log.segment.size.max = 1048576 (custom)
2019-08-22 09:27:42,635 [pool-472-thread-1] INFO  server.RaftServerConfigKeys (ConfUtils.java:logGet(43)) - raft.server.snapshot.auto.trigger.enabled = true (custom)
2019-08-22 09:27:42,635 [pool-494-thread-1] INFO  server.RaftServerConfigKeys (ConfUtils.java:logGet(43)) - raft.server.snapshot.auto.trigger.threshold = 10000 (custom)
2019-08-22 09:27:42,635 [pool-472-thread-1] INFO  server.RaftServerConfigKeys (ConfUtils.java:logGet(43)) - raft.server.snapshot.auto.trigger.threshold = 10000 (custom)
2019-08-22 09:27:42,635 [pool-483-thread-1] INFO  server.RaftServerConfigKeys (ConfUtils.java:logGet(43)) - raft.server.log.preallocated.size = 16384 (custom)
2019-08-22 09:27:42,635 [pool-472-thread-1] INFO  server.RaftServerConfigKeys (ConfUtils.java:logGet(43)) - raft.server.retrycache.expirytime = 600000ms (custom)
2019-08-22 09:27:42,635 [pool-494-thread-1] INFO  server.RaftServerConfigKeys (ConfUtils.java:logGet(43)) - raft.server.retrycache.expirytime = 600000ms (custom)
2019-08-22 09:27:42,636 [pool-472-thread-1] INFO  impl.RaftServerImpl (RaftServerImpl.java:start(180)) - 909bb822-8e17-41f4-9059-fc5d171ea46d: start group-713CD145619D
2019-08-22 09:27:42,635 [pool-483-thread-1] INFO  server.RaftServerConfigKeys (ConfUtils.java:logGet(43)) - raft.server.log.write.buffer.size = 33554432 (custom)
2019-08-22 09:27:42,636 [pool-472-thread-1] INFO  impl.RaftServerImpl (RaftServerImpl.java:setRole(171)) - 909bb822-8e17-41f4-9059-fc5d171ea46d:group-713CD145619D changes role from null to FOLLOWER at term 0 for startAsFollower
2019-08-22 09:27:42,636 [pool-494-thread-1] INFO  impl.RaftServerImpl (RaftServerImpl.java:start(180)) - c63d63f4-e4a3-48b0-8e66-cfae5c1ce3a1: start group-713CD145619D
2019-08-22 09:27:42,636 [pool-472-thread-1] INFO  impl.RoleInfo (RoleInfo.java:updateAndGet(143)) - 909bb822-8e17-41f4-9059-fc5d171ea46d: start FollowerState
2019-08-22 09:27:42,636 [pool-483-thread-1] INFO  server.RaftServerConfigKeys (ConfUtils.java:logGet(43)) - raft.server.log.force.sync.num = 128 (default)
2019-08-22 09:27:42,636 [pool-483-thread-1] INFO  server.RaftServerConfigKeys (ConfUtils.java:logGet(43)) - raft.server.log.statemachine.data.sync = true (default)
2019-08-22 09:27:42,636 [pool-494-thread-1] INFO  impl.RaftServerImpl (RaftServerImpl.java:setRole(171)) - c63d63f4-e4a3-48b0-8e66-cfae5c1ce3a1:group-713CD145619D changes role from null to FOLLOWER at term 0 for startAsFollower
2019-08-22 09:27:42,637 [pool-472-thread-1] INFO  util.JmxRegister (JmxRegister.java:tryRegister(44)) - Successfully registered JMX Bean with object name Ratis:service=RaftServer,group=group-713CD145619D,id=909bb822-8e17-41f4-9059-fc5d171ea46d
2019-08-22 09:27:42,637 [pool-483-thread-1] INFO  server.RaftServerConfigKeys (ConfUtils.java:logGet(43)) - raft.server.log.statemachine.data.sync.timeout = 10s (default)
2019-08-22 09:27:42,637 [pool-494-thread-1] INFO  impl.RoleInfo (RoleInfo.java:updateAndGet(143)) - c63d63f4-e4a3-48b0-8e66-cfae5c1ce3a1: start FollowerState
2019-08-22 09:27:42,637 [pool-483-thread-1] INFO  server.RaftServerConfigKeys (ConfUtils.java:logGet(43)) - raft.server.log.statemachine.data.sync.timeout.retry = -1 (default)
2019-08-22 09:27:42,637 [pool-483-thread-1] INFO  server.RaftServerConfigKeys (ConfUtils.java:logGet(43)) - raft.server.log.statemachine.data.caching.enabled = true (custom)
2019-08-22 09:27:42,638 [pool-494-thread-1] INFO  util.JmxRegister (JmxRegister.java:tryRegister(44)) - Successfully registered JMX Bean with object name Ratis:service=RaftServer,group=group-713CD145619D,id=c63d63f4-e4a3-48b0-8e66-cfae5c1ce3a1
2019-08-22 09:27:42,638 [pool-483-thread-1] INFO  segmented.SegmentedRaftLogWorker (SegmentedRaftLogWorker.java:lambda$new$0(132)) - 95ce97c6-e6af-4640-b6f2-079eca5e157b-SegmentedRaftLogWorker:Storage Directory /workdir/hadoop-ozone/integration-test/target/test-dir/MiniOzoneClusterImpl-2e6e0ec1-3320-47b2-b0b8-5188264ac38e/datanode-4/data/ratis/5e53caaf-fbcb-4322-ac80-713cd145619d: flushIndex: setUnconditionally 0 -> -1
2019-08-22 09:27:42,638 [pool-483-thread-1] INFO  server.RaftServerConfigKeys (ConfUtils.java:logGet(43)) - raft.server.snapshot.auto.trigger.enabled = true (custom)
2019-08-22 09:27:42,638 [pool-483-thread-1] INFO  server.RaftServerConfigKeys (ConfUtils.java:logGet(43)) - raft.server.snapshot.auto.trigger.threshold = 10000 (custom)
2019-08-22 09:27:42,641 [main] INFO  ozone.MiniOzoneClusterImpl (MiniOzoneClusterImpl.java:lambda$waitForClusterToBeReady$0(142)) - Waiting for cluster to be ready. Got 6 of 7 DN Heartbeats.
2019-08-22 09:27:42,642 [pool-483-thread-1] INFO  server.RaftServerConfigKeys (ConfUtils.java:logGet(43)) - raft.server.retrycache.expirytime = 600000ms (custom)
2019-08-22 09:27:42,642 [pool-483-thread-1] INFO  impl.RaftServerImpl (RaftServerImpl.java:start(180)) - 95ce97c6-e6af-4640-b6f2-079eca5e157b: start group-713CD145619D
2019-08-22 09:27:42,645 [pool-483-thread-1] INFO  impl.RaftServerImpl (RaftServerImpl.java:setRole(171)) - 95ce97c6-e6af-4640-b6f2-079eca5e157b:group-713CD145619D changes role from null to FOLLOWER at term 0 for startAsFollower
2019-08-22 09:27:42,645 [pool-483-thread-1] INFO  impl.RoleInfo (RoleInfo.java:updateAndGet(143)) - 95ce97c6-e6af-4640-b6f2-079eca5e157b: start FollowerState
2019-08-22 09:27:42,645 [pool-483-thread-1] INFO  util.JmxRegister (JmxRegister.java:tryRegister(44)) - Successfully registered JMX Bean with object name Ratis:service=RaftServer,group=group-713CD145619D,id=95ce97c6-e6af-4640-b6f2-079eca5e157b
2019-08-22 09:27:42,646 [IPC Server handler 6 on 44903] INFO  net.NetworkTopology (NetworkTopologyImpl.java:add(110)) - Added a new node: /default-rack/75d72393-3020-4de0-a4ea-5e88f0c8cd61
2019-08-22 09:27:42,646 [IPC Server handler 6 on 44903] INFO  node.SCMNodeManager (SCMNodeManager.java:register(273)) - Registered Data node : 75d72393-3020-4de0-a4ea-5e88f0c8cd61{ip: 192.168.36.85, host: pr-hdds-1898-9jx57-4170240974, networkLocation: /default-rack, certSerialId: null}
2019-08-22 09:27:42,646 | INFO  | SCMAudit | user=jenkins1000 | ip=192.168.36.85 | op=REGISTER {datanodeDetails=75d72393-3020-4de0-a4ea-5e88f0c8cd61{ip: 192.168.36.85, host: pr-hdds-1898-9jx57-4170240974, networkLocation: /default-rack, certSerialId: null}} | ret=SUCCESS |  
2019-08-22 09:27:42,650 [RatisPipelineUtilsThread] INFO  pipeline.PipelineStateManager (PipelineStateManager.java:addPipeline(56)) - Created pipeline Pipeline[ Id: 5e53caaf-fbcb-4322-ac80-713cd145619d, Nodes: 909bb822-8e17-41f4-9059-fc5d171ea46d{ip: 192.168.36.85, host: pr-hdds-1898-9jx57-4170240974, networkLocation: /default-rack, certSerialId: null}95ce97c6-e6af-4640-b6f2-079eca5e157b{ip: 192.168.36.85, host: pr-hdds-1898-9jx57-4170240974, networkLocation: /default-rack, certSerialId: null}c63d63f4-e4a3-48b0-8e66-cfae5c1ce3a1{ip: 192.168.36.85, host: pr-hdds-1898-9jx57-4170240974, networkLocation: /default-rack, certSerialId: null}, Type:RATIS, Factor:THREE, State:OPEN]
2019-08-22 09:27:43,097 | INFO  | SCMAudit | user=jenkins1000 | ip=192.168.36.85 | op=SEND_HEARTBEAT {datanodeUUID=f1e02cbd-f391-4fd8-b388-c076d48374d7, command=[]} | ret=SUCCESS |  
2019-08-22 09:27:43,308 | INFO  | SCMAudit | user=jenkins1000 | ip=192.168.36.85 | op=SEND_HEARTBEAT {datanodeUUID=928f26db-de41-4c85-b3d0-1197049d8d00, command=[]} | ret=SUCCESS |  
2019-08-22 09:27:43,512 | INFO  | SCMAudit | user=jenkins1000 | ip=192.168.36.85 | op=SEND_HEARTBEAT {datanodeUUID=d8e1cfc5-e249-437a-bc24-3d460aa72825, command=[]} | ret=SUCCESS |  
2019-08-22 09:27:43,642 [main] INFO  ozone.MiniOzoneClusterImpl (MiniOzoneClusterImpl.java:lambda$waitForClusterToBeReady$0(142)) - Cluster is ready. Got 7 of 7 DN Heartbeats.
2019-08-22 09:27:43,677 [main] INFO  rpc.RpcClient (RpcClient.java:createVolume(292)) - Creating Volume: testblockoutputstream, with jenkins1000 as owner.
2019-08-22 09:27:43,680 | INFO  | OMAudit | user=jenkins1000 | ip=127.0.0.1 | op=CREATE_VOLUME {admin=jenkins1000, owner=jenkins1000, volume=testblockoutputstream, creationTime=1566466063679, quotaInBytes=1152921504606846976} | ret=SUCCESS |  
2019-08-22 09:27:43,691 | INFO  | OMAudit | user=jenkins1000 | ip=127.0.0.1 | op=READ_VOLUME {volume=testblockoutputstream} | ret=SUCCESS |  
2019-08-22 09:27:43,692 [main] INFO  rpc.RpcClient (RpcClient.java:createBucket(431)) - Creating Bucket: testblockoutputstream/testblockoutputstream, with Versioning false and Storage Type set to DISK and Encryption set to false 
2019-08-22 09:27:43,696 | INFO  | OMAudit | user=jenkins1000 | ip=127.0.0.1 | op=CREATE_BUCKET {volume=testblockoutputstream, bucket=testblockoutputstream, acls=[user:jenkins1000:a[ACCESS], group:default:a[ACCESS]], isVersionEnabled=false, storageType=DISK, creationTime=0} | ret=SUCCESS |  
2019-08-22 09:27:43,698 | INFO  | OMAudit | user=jenkins1000 | ip=127.0.0.1 | op=READ_VOLUME {volume=testblockoutputstream} | ret=SUCCESS |  
2019-08-22 09:27:43,700 | INFO  | OMAudit | user=jenkins1000 | ip=127.0.0.1 | op=READ_BUCKET {volume=testblockoutputstream, bucket=testblockoutputstream} | ret=SUCCESS |  
2019-08-22 09:27:43,704 | INFO  | SCMAudit | user=jenkins1000 | ip=192.168.36.85 | op=ALLOCATE_BLOCK {owner=2b236993-b729-4887-bb21-8ad9d9c13022, size=800, type=RATIS, factor=THREE} | ret=SUCCESS |  
2019-08-22 09:27:43,708 | INFO  | OMAudit | user=jenkins1000 | ip=127.0.0.1 | op=ALLOCATE_KEY {volume=testblockoutputstream, bucket=testblockoutputstream, key=1d379937-f4f7-4b73-aa74-f4d851023dde, dataSize=0, replicationType=RATIS, replicationFactor=THREE, keyLocationInfo=null} | ret=SUCCESS |  
2019-08-22 09:27:43,722 [grpc-default-executor-10] INFO  client.GrpcClientProtocolClient (GrpcClientProtocolClient.java:onNext(255)) - client-47AEE83A0C30->d8e1cfc5-e249-437a-bc24-3d460aa72825: receive RaftClientReply:client-47AEE83A0C30->d8e1cfc5-e249-437a-bc24-3d460aa72825@group-987FF9BACDAF, cid=155, FAILED org.apache.ratis.protocol.NotLeaderException: Server d8e1cfc5-e249-437a-bc24-3d460aa72825 is not the leader (null). Request must be sent to leader., logIndex=0, commits[d8e1cfc5-e249-437a-bc24-3d460aa72825:c-1]
2019-08-22 09:27:44,037 | INFO  | SCMAudit | user=jenkins1000 | ip=192.168.36.85 | op=SEND_HEARTBEAT {datanodeUUID=909bb822-8e17-41f4-9059-fc5d171ea46d, command=[]} | ret=SUCCESS |  
2019-08-22 09:27:44,096 | INFO  | SCMAudit | user=jenkins1000 | ip=192.168.36.85 | op=SEND_HEARTBEAT {datanodeUUID=f1e02cbd-f391-4fd8-b388-c076d48374d7, command=[]} | ret=SUCCESS |  
2019-08-22 09:27:44,121 [Thread-3343] INFO  container.ReplicationManager (ReplicationManager.java:start(152)) - Starting Replication Monitor Thread.
2019-08-22 09:27:44,125 [ReplicationMonitor] INFO  container.ReplicationManager (ReplicationManager.java:run(215)) - Replication Monitor Thread took 0 milliseconds for processing 1 containers.
2019-08-22 09:27:44,285 | INFO  | SCMAudit | user=jenkins1000 | ip=192.168.36.85 | op=SEND_HEARTBEAT {datanodeUUID=95ce97c6-e6af-4640-b6f2-079eca5e157b, command=[]} | ret=SUCCESS |  
2019-08-22 09:27:44,308 | INFO  | SCMAudit | user=jenkins1000 | ip=192.168.36.85 | op=SEND_HEARTBEAT {datanodeUUID=928f26db-de41-4c85-b3d0-1197049d8d00, command=[]} | ret=SUCCESS |  
2019-08-22 09:27:44,473 | INFO  | SCMAudit | user=jenkins1000 | ip=192.168.36.85 | op=SEND_HEARTBEAT {datanodeUUID=c63d63f4-e4a3-48b0-8e66-cfae5c1ce3a1, command=[]} | ret=SUCCESS |  
2019-08-22 09:27:44,513 | INFO  | SCMAudit | user=jenkins1000 | ip=192.168.36.85 | op=SEND_HEARTBEAT {datanodeUUID=d8e1cfc5-e249-437a-bc24-3d460aa72825, command=[]} | ret=SUCCESS |  
2019-08-22 09:27:44,643 | INFO  | SCMAudit | user=jenkins1000 | ip=192.168.36.85 | op=SEND_HEARTBEAT {datanodeUUID=75d72393-3020-4de0-a4ea-5e88f0c8cd61, command=[]} | ret=SUCCESS |  
2019-08-22 09:27:44,740 [grpc-default-executor-10] INFO  client.GrpcClientProtocolClient (GrpcClientProtocolClient.java:onNext(255)) - client-47AEE83A0C30->928f26db-de41-4c85-b3d0-1197049d8d00: receive RaftClientReply:client-47AEE83A0C30->928f26db-de41-4c85-b3d0-1197049d8d00@group-987FF9BACDAF, cid=155, FAILED org.apache.ratis.protocol.NotLeaderException: Server 928f26db-de41-4c85-b3d0-1197049d8d00 is not the leader (null). Request must be sent to leader., logIndex=0, commits[928f26db-de41-4c85-b3d0-1197049d8d00:c-1]
2019-08-22 09:27:45,037 | INFO  | SCMAudit | user=jenkins1000 | ip=192.168.36.85 | op=SEND_HEARTBEAT {datanodeUUID=909bb822-8e17-41f4-9059-fc5d171ea46d, command=[]} | ret=SUCCESS |  
2019-08-22 09:27:45,096 | INFO  | SCMAudit | user=jenkins1000 | ip=192.168.36.85 | op=SEND_HEARTBEAT {datanodeUUID=f1e02cbd-f391-4fd8-b388-c076d48374d7, command=[]} | ret=SUCCESS |  
2019-08-22 09:27:45,284 | INFO  | SCMAudit | user=jenkins1000 | ip=192.168.36.85 | op=SEND_HEARTBEAT {datanodeUUID=95ce97c6-e6af-4640-b6f2-079eca5e157b, command=[]} | ret=SUCCESS |  
2019-08-22 09:27:45,308 | INFO  | SCMAudit | user=jenkins1000 | ip=192.168.36.85 | op=SEND_HEARTBEAT {datanodeUUID=928f26db-de41-4c85-b3d0-1197049d8d00, command=[]} | ret=SUCCESS |  
2019-08-22 09:27:45,472 | INFO  | SCMAudit | user=jenkins1000 | ip=192.168.36.85 | op=SEND_HEARTBEAT {datanodeUUID=c63d63f4-e4a3-48b0-8e66-cfae5c1ce3a1, command=[]} | ret=SUCCESS |  
2019-08-22 09:27:45,513 | INFO  | SCMAudit | user=jenkins1000 | ip=192.168.36.85 | op=SEND_HEARTBEAT {datanodeUUID=d8e1cfc5-e249-437a-bc24-3d460aa72825, command=[]} | ret=SUCCESS |  
2019-08-22 09:27:45,643 | INFO  | SCMAudit | user=jenkins1000 | ip=192.168.36.85 | op=SEND_HEARTBEAT {datanodeUUID=75d72393-3020-4de0-a4ea-5e88f0c8cd61, command=[]} | ret=SUCCESS |  
2019-08-22 09:27:45,758 [grpc-default-executor-10] INFO  client.GrpcClientProtocolClient (GrpcClientProtocolClient.java:onNext(255)) - client-47AEE83A0C30->f1e02cbd-f391-4fd8-b388-c076d48374d7: receive RaftClientReply:client-47AEE83A0C30->f1e02cbd-f391-4fd8-b388-c076d48374d7@group-987FF9BACDAF, cid=155, FAILED org.apache.ratis.protocol.NotLeaderException: Server f1e02cbd-f391-4fd8-b388-c076d48374d7 is not the leader (null). Request must be sent to leader., logIndex=0, commits[f1e02cbd-f391-4fd8-b388-c076d48374d7:c-1]
2019-08-22 09:27:46,038 | INFO  | SCMAudit | user=jenkins1000 | ip=192.168.36.85 | op=SEND_HEARTBEAT {datanodeUUID=909bb822-8e17-41f4-9059-fc5d171ea46d, command=[]} | ret=SUCCESS |  
2019-08-22 09:27:46,097 | INFO  | SCMAudit | user=jenkins1000 | ip=192.168.36.85 | op=SEND_HEARTBEAT {datanodeUUID=f1e02cbd-f391-4fd8-b388-c076d48374d7, command=[]} | ret=SUCCESS |  
2019-08-22 09:27:46,283 [Thread-3345] INFO  impl.FollowerState (FollowerState.java:run(106)) - f1e02cbd-f391-4fd8-b388-c076d48374d7:group-E29B846A43AF changes to CANDIDATE, lastRpcTime:5090, electionTimeout:5090ms
2019-08-22 09:27:46,283 [Thread-3345] INFO  impl.RoleInfo (RoleInfo.java:shutdownFollowerState(121)) - f1e02cbd-f391-4fd8-b388-c076d48374d7: shutdown FollowerState
2019-08-22 09:27:46,283 [Thread-3345] INFO  impl.RaftServerImpl (RaftServerImpl.java:setRole(171)) - f1e02cbd-f391-4fd8-b388-c076d48374d7:group-E29B846A43AF changes role from FOLLOWER to CANDIDATE at term 0 for changeToCandidate
2019-08-22 09:27:46,284 [Thread-3345] INFO  impl.RoleInfo (RoleInfo.java:updateAndGet(143)) - f1e02cbd-f391-4fd8-b388-c076d48374d7: start LeaderElection
2019-08-22 09:27:46,294 | INFO  | SCMAudit | user=jenkins1000 | ip=192.168.36.85 | op=SEND_HEARTBEAT {datanodeUUID=95ce97c6-e6af-4640-b6f2-079eca5e157b, command=[]} | ret=SUCCESS |  
2019-08-22 09:27:46,307 | INFO  | SCMAudit | user=jenkins1000 | ip=192.168.36.85 | op=SEND_HEARTBEAT {datanodeUUID=928f26db-de41-4c85-b3d0-1197049d8d00, command=[]} | ret=SUCCESS |  
2019-08-22 09:27:46,317 [f1e02cbd-f391-4fd8-b388-c076d48374d7:group-E29B846A43AF:LeaderElection68] INFO  impl.LeaderElection (LeaderElection.java:askForVotes(181)) - f1e02cbd-f391-4fd8-b388-c076d48374d7:group-E29B846A43AF:LeaderElection68: begin an election at term 1 for -1: [f1e02cbd-f391-4fd8-b388-c076d48374d7:192.168.36.85:38589], old=null
2019-08-22 09:27:46,318 [f1e02cbd-f391-4fd8-b388-c076d48374d7:group-E29B846A43AF:LeaderElection68] INFO  impl.RoleInfo (RoleInfo.java:shutdownLeaderElection(134)) - f1e02cbd-f391-4fd8-b388-c076d48374d7: shutdown LeaderElection
2019-08-22 09:27:46,318 [f1e02cbd-f391-4fd8-b388-c076d48374d7:group-E29B846A43AF:LeaderElection68] INFO  impl.RaftServerImpl (RaftServerImpl.java:setRole(171)) - f1e02cbd-f391-4fd8-b388-c076d48374d7:group-E29B846A43AF changes role from CANDIDATE to LEADER at term 1 for changeToLeader
2019-08-22 09:27:46,318 [f1e02cbd-f391-4fd8-b388-c076d48374d7:group-E29B846A43AF:LeaderElection68] INFO  impl.RaftServerImpl (ServerState.java:setLeader(263)) - f1e02cbd-f391-4fd8-b388-c076d48374d7:group-E29B846A43AF change Leader from null to f1e02cbd-f391-4fd8-b388-c076d48374d7 at term 1 for becomeLeader, leader elected after 5130ms
2019-08-22 09:27:46,318 [f1e02cbd-f391-4fd8-b388-c076d48374d7:group-E29B846A43AF:LeaderElection68] INFO  server.RaftServerConfigKeys (ConfUtils.java:logGet(43)) - raft.server.staging.catchup.gap = 1000 (default)
2019-08-22 09:27:46,318 [f1e02cbd-f391-4fd8-b388-c076d48374d7:group-E29B846A43AF:LeaderElection68] INFO  server.RaftServerConfigKeys (ConfUtils.java:logGet(43)) - raft.server.rpc.sleep.time = 25ms (default)
2019-08-22 09:27:46,318 [f1e02cbd-f391-4fd8-b388-c076d48374d7:group-E29B846A43AF:LeaderElection68] INFO  server.RaftServerConfigKeys (ConfUtils.java:logGet(43)) - raft.server.write.element-limit = 4096 (default)
2019-08-22 09:27:46,319 [f1e02cbd-f391-4fd8-b388-c076d48374d7:group-E29B846A43AF:LeaderElection68] INFO  server.RaftServerConfigKeys (ConfUtils.java:logGet(43)) - raft.server.watch.timeout = 10s (default)
2019-08-22 09:27:46,319 [f1e02cbd-f391-4fd8-b388-c076d48374d7:group-E29B846A43AF:LeaderElection68] INFO  server.RaftServerConfigKeys (ConfUtils.java:logGet(43)) - raft.server.watch.timeout.denomination = 1s (default)
2019-08-22 09:27:46,319 [f1e02cbd-f391-4fd8-b388-c076d48374d7:group-E29B846A43AF:LeaderElection68] INFO  server.RaftServerConfigKeys (ConfUtils.java:logGet(43)) - raft.server.watch.element-limit = 65536 (default)
2019-08-22 09:27:46,319 [f1e02cbd-f391-4fd8-b388-c076d48374d7:group-E29B846A43AF:LeaderElection68] INFO  impl.RoleInfo (RoleInfo.java:updateAndGet(143)) - f1e02cbd-f391-4fd8-b388-c076d48374d7: start LeaderState
2019-08-22 09:27:46,319 [f1e02cbd-f391-4fd8-b388-c076d48374d7:group-E29B846A43AF:LeaderElection68] INFO  segmented.SegmentedRaftLogWorker (SegmentedRaftLogWorker.java:startLogSegment(380)) - f1e02cbd-f391-4fd8-b388-c076d48374d7-SegmentedRaftLogWorker:Storage Directory /workdir/hadoop-ozone/integration-test/target/test-dir/MiniOzoneClusterImpl-2e6e0ec1-3320-47b2-b0b8-5188264ac38e/datanode-0/data/ratis/c975f72c-b35f-4f0f-aec9-e29b846a43af: Starting segment from index:0
2019-08-22 09:27:46,320 [f1e02cbd-f391-4fd8-b388-c076d48374d7:group-E29B846A43AF:LeaderElection68] INFO  impl.RaftServerImpl (ServerState.java:setRaftConf(361)) - f1e02cbd-f391-4fd8-b388-c076d48374d7:group-E29B846A43AF set configuration 0: [f1e02cbd-f391-4fd8-b388-c076d48374d7:192.168.36.85:38589], old=null at 0
2019-08-22 09:27:46,378 [f1e02cbd-f391-4fd8-b388-c076d48374d7-SegmentedRaftLogWorker:Storage Directory /workdir/hadoop-ozone/integration-test/target/test-dir/MiniOzoneClusterImpl-2e6e0ec1-3320-47b2-b0b8-5188264ac38e/datanode-0/data/ratis/c975f72c-b35f-4f0f-aec9-e29b846a43af] INFO  segmented.SegmentedRaftLogWorker (SegmentedRaftLogWorker.java:execute(569)) - f1e02cbd-f391-4fd8-b388-c076d48374d7-SegmentedRaftLogWorker:Storage Directory /workdir/hadoop-ozone/integration-test/target/test-dir/MiniOzoneClusterImpl-2e6e0ec1-3320-47b2-b0b8-5188264ac38e/datanode-0/data/ratis/c975f72c-b35f-4f0f-aec9-e29b846a43af: created new log segment /workdir/hadoop-ozone/integration-test/target/test-dir/MiniOzoneClusterImpl-2e6e0ec1-3320-47b2-b0b8-5188264ac38e/datanode-0/data/ratis/c975f72c-b35f-4f0f-aec9-e29b846a43af/current/log_inprogress_0
2019-08-22 09:27:46,414 [Thread-3348] INFO  impl.FollowerState (FollowerState.java:run(106)) - 928f26db-de41-4c85-b3d0-1197049d8d00:group-837FAECAE1E1 changes to CANDIDATE, lastRpcTime:5042, electionTimeout:5042ms
2019-08-22 09:27:46,414 [Thread-3348] INFO  impl.RoleInfo (RoleInfo.java:shutdownFollowerState(121)) - 928f26db-de41-4c85-b3d0-1197049d8d00: shutdown FollowerState
2019-08-22 09:27:46,414 [Thread-3348] INFO  impl.RaftServerImpl (RaftServerImpl.java:setRole(171)) - 928f26db-de41-4c85-b3d0-1197049d8d00:group-837FAECAE1E1 changes role from FOLLOWER to CANDIDATE at term 0 for changeToCandidate
2019-08-22 09:27:46,415 [Thread-3348] INFO  impl.RoleInfo (RoleInfo.java:updateAndGet(143)) - 928f26db-de41-4c85-b3d0-1197049d8d00: start LeaderElection
2019-08-22 09:27:46,447 [928f26db-de41-4c85-b3d0-1197049d8d00:group-837FAECAE1E1:LeaderElection69] INFO  impl.LeaderElection (LeaderElection.java:askForVotes(181)) - 928f26db-de41-4c85-b3d0-1197049d8d00:group-837FAECAE1E1:LeaderElection69: begin an election at term 1 for -1: [928f26db-de41-4c85-b3d0-1197049d8d00:192.168.36.85:34973], old=null
2019-08-22 09:27:46,447 [928f26db-de41-4c85-b3d0-1197049d8d00:group-837FAECAE1E1:LeaderElection69] INFO  impl.RoleInfo (RoleInfo.java:shutdownLeaderElection(134)) - 928f26db-de41-4c85-b3d0-1197049d8d00: shutdown LeaderElection
2019-08-22 09:27:46,447 [928f26db-de41-4c85-b3d0-1197049d8d00:group-837FAECAE1E1:LeaderElection69] INFO  impl.RaftServerImpl (RaftServerImpl.java:setRole(171)) - 928f26db-de41-4c85-b3d0-1197049d8d00:group-837FAECAE1E1 changes role from CANDIDATE to LEADER at term 1 for changeToLeader
2019-08-22 09:27:46,447 [928f26db-de41-4c85-b3d0-1197049d8d00:group-837FAECAE1E1:LeaderElection69] INFO  impl.RaftServerImpl (ServerState.java:setLeader(263)) - 928f26db-de41-4c85-b3d0-1197049d8d00:group-837FAECAE1E1 change Leader from null to 928f26db-de41-4c85-b3d0-1197049d8d00 at term 1 for becomeLeader, leader elected after 5079ms
2019-08-22 09:27:46,447 [928f26db-de41-4c85-b3d0-1197049d8d00:group-837FAECAE1E1:LeaderElection69] INFO  server.RaftServerConfigKeys (ConfUtils.java:logGet(43)) - raft.server.staging.catchup.gap = 1000 (default)
2019-08-22 09:27:46,448 [928f26db-de41-4c85-b3d0-1197049d8d00:group-837FAECAE1E1:LeaderElection69] INFO  server.RaftServerConfigKeys (ConfUtils.java:logGet(43)) - raft.server.rpc.sleep.time = 25ms (default)
2019-08-22 09:27:46,448 [928f26db-de41-4c85-b3d0-1197049d8d00:group-837FAECAE1E1:LeaderElection69] INFO  server.RaftServerConfigKeys (ConfUtils.java:logGet(43)) - raft.server.write.element-limit = 4096 (default)
2019-08-22 09:27:46,448 [928f26db-de41-4c85-b3d0-1197049d8d00:group-837FAECAE1E1:LeaderElection69] INFO  server.RaftServerConfigKeys (ConfUtils.java:logGet(43)) - raft.server.watch.timeout = 10s (default)
2019-08-22 09:27:46,448 [928f26db-de41-4c85-b3d0-1197049d8d00:group-837FAECAE1E1:LeaderElection69] INFO  server.RaftServerConfigKeys (ConfUtils.java:logGet(43)) - raft.server.watch.timeout.denomination = 1s (default)
2019-08-22 09:27:46,448 [928f26db-de41-4c85-b3d0-1197049d8d00:group-837FAECAE1E1:LeaderElection69] INFO  server.RaftServerConfigKeys (ConfUtils.java:logGet(43)) - raft.server.watch.element-limit = 65536 (default)
2019-08-22 09:27:46,448 [928f26db-de41-4c85-b3d0-1197049d8d00:group-837FAECAE1E1:LeaderElection69] INFO  impl.RoleInfo (RoleInfo.java:updateAndGet(143)) - 928f26db-de41-4c85-b3d0-1197049d8d00: start LeaderState
2019-08-22 09:27:46,449 [928f26db-de41-4c85-b3d0-1197049d8d00:group-837FAECAE1E1:LeaderElection69] INFO  segmented.SegmentedRaftLogWorker (SegmentedRaftLogWorker.java:startLogSegment(380)) - 928f26db-de41-4c85-b3d0-1197049d8d00-SegmentedRaftLogWorker:Storage Directory /workdir/hadoop-ozone/integration-test/target/test-dir/MiniOzoneClusterImpl-2e6e0ec1-3320-47b2-b0b8-5188264ac38e/datanode-1/data/ratis/82f7ced3-763a-4a4b-83ad-837faecae1e1: Starting segment from index:0
2019-08-22 09:27:46,449 [928f26db-de41-4c85-b3d0-1197049d8d00:group-837FAECAE1E1:LeaderElection69] INFO  impl.RaftServerImpl (ServerState.java:setRaftConf(361)) - 928f26db-de41-4c85-b3d0-1197049d8d00:group-837FAECAE1E1 set configuration 0: [928f26db-de41-4c85-b3d0-1197049d8d00:192.168.36.85:34973], old=null at 0
2019-08-22 09:27:46,473 | INFO  | SCMAudit | user=jenkins1000 | ip=192.168.36.85 | op=SEND_HEARTBEAT {datanodeUUID=c63d63f4-e4a3-48b0-8e66-cfae5c1ce3a1, command=[]} | ret=SUCCESS |  
2019-08-22 09:27:46,511 [928f26db-de41-4c85-b3d0-1197049d8d00-SegmentedRaftLogWorker:Storage Directory /workdir/hadoop-ozone/integration-test/target/test-dir/MiniOzoneClusterImpl-2e6e0ec1-3320-47b2-b0b8-5188264ac38e/datanode-1/data/ratis/82f7ced3-763a-4a4b-83ad-837faecae1e1] INFO  segmented.SegmentedRaftLogWorker (SegmentedRaftLogWorker.java:execute(569)) - 928f26db-de41-4c85-b3d0-1197049d8d00-SegmentedRaftLogWorker:Storage Directory /workdir/hadoop-ozone/integration-test/target/test-dir/MiniOzoneClusterImpl-2e6e0ec1-3320-47b2-b0b8-5188264ac38e/datanode-1/data/ratis/82f7ced3-763a-4a4b-83ad-837faecae1e1: created new log segment /workdir/hadoop-ozone/integration-test/target/test-dir/MiniOzoneClusterImpl-2e6e0ec1-3320-47b2-b0b8-5188264ac38e/datanode-1/data/ratis/82f7ced3-763a-4a4b-83ad-837faecae1e1/current/log_inprogress_0
2019-08-22 09:27:46,513 | INFO  | SCMAudit | user=jenkins1000 | ip=192.168.36.85 | op=SEND_HEARTBEAT {datanodeUUID=d8e1cfc5-e249-437a-bc24-3d460aa72825, command=[]} | ret=SUCCESS |  
2019-08-22 09:27:46,643 | INFO  | SCMAudit | user=jenkins1000 | ip=192.168.36.85 | op=SEND_HEARTBEAT {datanodeUUID=75d72393-3020-4de0-a4ea-5e88f0c8cd61, command=[]} | ret=SUCCESS |  
2019-08-22 09:27:46,726 [Thread-3358] INFO  impl.FollowerState (FollowerState.java:run(106)) - f1e02cbd-f391-4fd8-b388-c076d48374d7:group-987FF9BACDAF changes to CANDIDATE, lastRpcTime:5040, electionTimeout:5040ms
2019-08-22 09:27:46,727 [Thread-3358] INFO  impl.RoleInfo (RoleInfo.java:shutdownFollowerState(121)) - f1e02cbd-f391-4fd8-b388-c076d48374d7: shutdown FollowerState
2019-08-22 09:27:46,727 [Thread-3358] INFO  impl.RaftServerImpl (RaftServerImpl.java:setRole(171)) - f1e02cbd-f391-4fd8-b388-c076d48374d7:group-987FF9BACDAF changes role from FOLLOWER to CANDIDATE at term 0 for changeToCandidate
2019-08-22 09:27:46,727 [Thread-3358] INFO  impl.RoleInfo (RoleInfo.java:updateAndGet(143)) - f1e02cbd-f391-4fd8-b388-c076d48374d7: start LeaderElection
2019-08-22 09:27:46,731 [Thread-3359] INFO  impl.FollowerState (FollowerState.java:run(106)) - 928f26db-de41-4c85-b3d0-1197049d8d00:group-987FF9BACDAF changes to CANDIDATE, lastRpcTime:5044, electionTimeout:5041ms
2019-08-22 09:27:46,731 [Thread-3359] INFO  impl.RoleInfo (RoleInfo.java:shutdownFollowerState(121)) - 928f26db-de41-4c85-b3d0-1197049d8d00: shutdown FollowerState
2019-08-22 09:27:46,734 [Thread-3359] INFO  impl.RaftServerImpl (RaftServerImpl.java:setRole(171)) - 928f26db-de41-4c85-b3d0-1197049d8d00:group-987FF9BACDAF changes role from FOLLOWER to CANDIDATE at term 0 for changeToCandidate
2019-08-22 09:27:46,734 [Thread-3359] INFO  impl.RoleInfo (RoleInfo.java:updateAndGet(143)) - 928f26db-de41-4c85-b3d0-1197049d8d00: start LeaderElection
2019-08-22 09:27:46,760 [Thread-3354] INFO  impl.FollowerState (FollowerState.java:run(106)) - d8e1cfc5-e249-437a-bc24-3d460aa72825:group-987FF9BACDAF changes to CANDIDATE, lastRpcTime:5080, electionTimeout:5080ms
2019-08-22 09:27:46,760 [Thread-3354] INFO  impl.RoleInfo (RoleInfo.java:shutdownFollowerState(121)) - d8e1cfc5-e249-437a-bc24-3d460aa72825: shutdown FollowerState
2019-08-22 09:27:46,760 [Thread-3354] INFO  impl.RaftServerImpl (RaftServerImpl.java:setRole(171)) - d8e1cfc5-e249-437a-bc24-3d460aa72825:group-987FF9BACDAF changes role from FOLLOWER to CANDIDATE at term 0 for changeToCandidate
2019-08-22 09:27:46,761 [Thread-3354] INFO  impl.RoleInfo (RoleInfo.java:updateAndGet(143)) - d8e1cfc5-e249-437a-bc24-3d460aa72825: start LeaderElection
2019-08-22 09:27:46,766 [928f26db-de41-4c85-b3d0-1197049d8d00:group-987FF9BACDAF:LeaderElection71] INFO  impl.LeaderElection (LeaderElection.java:askForVotes(181)) - 928f26db-de41-4c85-b3d0-1197049d8d00:group-987FF9BACDAF:LeaderElection71: begin an election at term 1 for -1: [f1e02cbd-f391-4fd8-b388-c076d48374d7:192.168.36.85:38589, d8e1cfc5-e249-437a-bc24-3d460aa72825:192.168.36.85:41695, 928f26db-de41-4c85-b3d0-1197049d8d00:192.168.36.85:34973], old=null
2019-08-22 09:27:46,766 [f1e02cbd-f391-4fd8-b388-c076d48374d7:group-987FF9BACDAF:LeaderElection70] INFO  impl.LeaderElection (LeaderElection.java:askForVotes(181)) - f1e02cbd-f391-4fd8-b388-c076d48374d7:group-987FF9BACDAF:LeaderElection70: begin an election at term 1 for -1: [f1e02cbd-f391-4fd8-b388-c076d48374d7:192.168.36.85:38589, d8e1cfc5-e249-437a-bc24-3d460aa72825:192.168.36.85:41695, 928f26db-de41-4c85-b3d0-1197049d8d00:192.168.36.85:34973], old=null
2019-08-22 09:27:46,768 [Thread-3351] INFO  impl.FollowerState (FollowerState.java:run(106)) - d8e1cfc5-e249-437a-bc24-3d460aa72825:group-093A10B4245C changes to CANDIDATE, lastRpcTime:5187, electionTimeout:5187ms
2019-08-22 09:27:46,768 [Thread-3351] INFO  impl.RoleInfo (RoleInfo.java:shutdownFollowerState(121)) - d8e1cfc5-e249-437a-bc24-3d460aa72825: shutdown FollowerState
2019-08-22 09:27:46,768 [Thread-3351] INFO  impl.RaftServerImpl (RaftServerImpl.java:setRole(171)) - d8e1cfc5-e249-437a-bc24-3d460aa72825:group-093A10B4245C changes role from FOLLOWER to CANDIDATE at term 0 for changeToCandidate
2019-08-22 09:27:46,771 [Thread-3351] INFO  impl.RoleInfo (RoleInfo.java:updateAndGet(143)) - d8e1cfc5-e249-437a-bc24-3d460aa72825: start LeaderElection
2019-08-22 09:27:46,781 [grpc-default-executor-11] INFO  client.GrpcClientProtocolClient (GrpcClientProtocolClient.java:onNext(255)) - client-47AEE83A0C30->d8e1cfc5-e249-437a-bc24-3d460aa72825: receive RaftClientReply:client-47AEE83A0C30->d8e1cfc5-e249-437a-bc24-3d460aa72825@group-987FF9BACDAF, cid=155, FAILED org.apache.ratis.protocol.NotLeaderException: Server d8e1cfc5-e249-437a-bc24-3d460aa72825 is not the leader (null). Request must be sent to leader., logIndex=0, commits[d8e1cfc5-e249-437a-bc24-3d460aa72825:c-1]
2019-08-22 09:27:46,789 [d8e1cfc5-e249-437a-bc24-3d460aa72825:group-987FF9BACDAF:LeaderElection72] INFO  impl.LeaderElection (LeaderElection.java:askForVotes(181)) - d8e1cfc5-e249-437a-bc24-3d460aa72825:group-987FF9BACDAF:LeaderElection72: begin an election at term 1 for -1: [f1e02cbd-f391-4fd8-b388-c076d48374d7:192.168.36.85:38589, d8e1cfc5-e249-437a-bc24-3d460aa72825:192.168.36.85:41695, 928f26db-de41-4c85-b3d0-1197049d8d00:192.168.36.85:34973], old=null
2019-08-22 09:27:46,806 [928f26db-de41-4c85-b3d0-1197049d8d00:group-987FF9BACDAF:LeaderElection71] INFO  impl.LeaderElection (LeaderElection.java:logAndReturn(56)) - 928f26db-de41-4c85-b3d0-1197049d8d00:group-987FF9BACDAF:LeaderElection71: Election REJECTED; received 2 response(s) [928f26db-de41-4c85-b3d0-1197049d8d00<-f1e02cbd-f391-4fd8-b388-c076d48374d7#0:FAIL-t1, 928f26db-de41-4c85-b3d0-1197049d8d00<-d8e1cfc5-e249-437a-bc24-3d460aa72825#0:FAIL-t1] and 0 exception(s); 928f26db-de41-4c85-b3d0-1197049d8d00:t1, leader=null, voted=928f26db-de41-4c85-b3d0-1197049d8d00, raftlog=928f26db-de41-4c85-b3d0-1197049d8d00-SegmentedRaftLog:OPENED:c-1,f-1,i0, conf=-1: [f1e02cbd-f391-4fd8-b388-c076d48374d7:192.168.36.85:38589, d8e1cfc5-e249-437a-bc24-3d460aa72825:192.168.36.85:41695, 928f26db-de41-4c85-b3d0-1197049d8d00:192.168.36.85:34973], old=null
2019-08-22 09:27:46,806 [f1e02cbd-f391-4fd8-b388-c076d48374d7:group-987FF9BACDAF:LeaderElection70] INFO  impl.LeaderElection (LeaderElection.java:logAndReturn(56)) - f1e02cbd-f391-4fd8-b388-c076d48374d7:group-987FF9BACDAF:LeaderElection70: Election REJECTED; received 2 response(s) [f1e02cbd-f391-4fd8-b388-c076d48374d7<-d8e1cfc5-e249-437a-bc24-3d460aa72825#0:FAIL-t1, f1e02cbd-f391-4fd8-b388-c076d48374d7<-928f26db-de41-4c85-b3d0-1197049d8d00#0:FAIL-t1] and 0 exception(s); f1e02cbd-f391-4fd8-b388-c076d48374d7:t1, leader=null, voted=f1e02cbd-f391-4fd8-b388-c076d48374d7, raftlog=f1e02cbd-f391-4fd8-b388-c076d48374d7-SegmentedRaftLog:OPENED:c-1,f-1,i0, conf=-1: [f1e02cbd-f391-4fd8-b388-c076d48374d7:192.168.36.85:38589, d8e1cfc5-e249-437a-bc24-3d460aa72825:192.168.36.85:41695, 928f26db-de41-4c85-b3d0-1197049d8d00:192.168.36.85:34973], old=null
2019-08-22 09:27:46,806 [928f26db-de41-4c85-b3d0-1197049d8d00:group-987FF9BACDAF:LeaderElection71] INFO  impl.RaftServerImpl (RaftServerImpl.java:setRole(171)) - 928f26db-de41-4c85-b3d0-1197049d8d00:group-987FF9BACDAF changes role from CANDIDATE to FOLLOWER at term 1 for DISCOVERED_A_NEW_TERM
2019-08-22 09:27:46,806 [f1e02cbd-f391-4fd8-b388-c076d48374d7:group-987FF9BACDAF:LeaderElection70] INFO  impl.RaftServerImpl (RaftServerImpl.java:setRole(171)) - f1e02cbd-f391-4fd8-b388-c076d48374d7:group-987FF9BACDAF changes role from CANDIDATE to FOLLOWER at term 1 for DISCOVERED_A_NEW_TERM
2019-08-22 09:27:46,806 [928f26db-de41-4c85-b3d0-1197049d8d00:group-987FF9BACDAF:LeaderElection71] INFO  impl.RoleInfo (RoleInfo.java:shutdownLeaderElection(134)) - 928f26db-de41-4c85-b3d0-1197049d8d00: shutdown LeaderElection
2019-08-22 09:27:46,807 [f1e02cbd-f391-4fd8-b388-c076d48374d7:group-987FF9BACDAF:LeaderElection70] INFO  impl.RoleInfo (RoleInfo.java:shutdownLeaderElection(134)) - f1e02cbd-f391-4fd8-b388-c076d48374d7: shutdown LeaderElection
2019-08-22 09:27:46,807 [928f26db-de41-4c85-b3d0-1197049d8d00:group-987FF9BACDAF:LeaderElection71] INFO  impl.RoleInfo (RoleInfo.java:updateAndGet(143)) - 928f26db-de41-4c85-b3d0-1197049d8d00: start FollowerState
2019-08-22 09:27:46,807 [f1e02cbd-f391-4fd8-b388-c076d48374d7:group-987FF9BACDAF:LeaderElection70] INFO  impl.RoleInfo (RoleInfo.java:updateAndGet(143)) - f1e02cbd-f391-4fd8-b388-c076d48374d7: start FollowerState
2019-08-22 09:27:46,813 [d8e1cfc5-e249-437a-bc24-3d460aa72825:group-093A10B4245C:LeaderElection73] INFO  impl.LeaderElection (LeaderElection.java:askForVotes(181)) - d8e1cfc5-e249-437a-bc24-3d460aa72825:group-093A10B4245C:LeaderElection73: begin an election at term 1 for -1: [d8e1cfc5-e249-437a-bc24-3d460aa72825:192.168.36.85:41695], old=null
2019-08-22 09:27:46,813 [d8e1cfc5-e249-437a-bc24-3d460aa72825:group-987FF9BACDAF:LeaderElection72] INFO  impl.LeaderElection (LeaderElection.java:logAndReturn(56)) - d8e1cfc5-e249-437a-bc24-3d460aa72825:group-987FF9BACDAF:LeaderElection72: Election REJECTED; received 2 response(s) [d8e1cfc5-e249-437a-bc24-3d460aa72825<-f1e02cbd-f391-4fd8-b388-c076d48374d7#0:FAIL-t1, d8e1cfc5-e249-437a-bc24-3d460aa72825<-928f26db-de41-4c85-b3d0-1197049d8d00#0:FAIL-t1] and 0 exception(s); d8e1cfc5-e249-437a-bc24-3d460aa72825:t1, leader=null, voted=d8e1cfc5-e249-437a-bc24-3d460aa72825, raftlog=d8e1cfc5-e249-437a-bc24-3d460aa72825-SegmentedRaftLog:OPENED:c-1,f-1,i0, conf=-1: [f1e02cbd-f391-4fd8-b388-c076d48374d7:192.168.36.85:38589, d8e1cfc5-e249-437a-bc24-3d460aa72825:192.168.36.85:41695, 928f26db-de41-4c85-b3d0-1197049d8d00:192.168.36.85:34973], old=null
2019-08-22 09:27:46,813 [d8e1cfc5-e249-437a-bc24-3d460aa72825:group-093A10B4245C:LeaderElection73] INFO  impl.RoleInfo (RoleInfo.java:shutdownLeaderElection(134)) - d8e1cfc5-e249-437a-bc24-3d460aa72825: shutdown LeaderElection
2019-08-22 09:27:46,813 [d8e1cfc5-e249-437a-bc24-3d460aa72825:group-987FF9BACDAF:LeaderElection72] INFO  impl.RaftServerImpl (RaftServerImpl.java:setRole(171)) - d8e1cfc5-e249-437a-bc24-3d460aa72825:group-987FF9BACDAF changes role from CANDIDATE to FOLLOWER at term 1 for DISCOVERED_A_NEW_TERM
2019-08-22 09:27:46,814 [d8e1cfc5-e249-437a-bc24-3d460aa72825:group-093A10B4245C:LeaderElection73] INFO  impl.RaftServerImpl (RaftServerImpl.java:setRole(171)) - d8e1cfc5-e249-437a-bc24-3d460aa72825:group-093A10B4245C changes role from CANDIDATE to LEADER at term 1 for changeToLeader
2019-08-22 09:27:46,814 [d8e1cfc5-e249-437a-bc24-3d460aa72825:group-987FF9BACDAF:LeaderElection72] INFO  impl.RoleInfo (RoleInfo.java:shutdownLeaderElection(134)) - d8e1cfc5-e249-437a-bc24-3d460aa72825: shutdown LeaderElection
2019-08-22 09:27:46,814 [d8e1cfc5-e249-437a-bc24-3d460aa72825:group-093A10B4245C:LeaderElection73] INFO  impl.RaftServerImpl (ServerState.java:setLeader(263)) - d8e1cfc5-e249-437a-bc24-3d460aa72825:group-093A10B4245C change Leader from null to d8e1cfc5-e249-437a-bc24-3d460aa72825 at term 1 for becomeLeader, leader elected after 5237ms
2019-08-22 09:27:46,814 [d8e1cfc5-e249-437a-bc24-3d460aa72825:group-987FF9BACDAF:LeaderElection72] INFO  impl.RoleInfo (RoleInfo.java:updateAndGet(143)) - d8e1cfc5-e249-437a-bc24-3d460aa72825: start FollowerState
2019-08-22 09:27:46,814 [d8e1cfc5-e249-437a-bc24-3d460aa72825:group-093A10B4245C:LeaderElection73] INFO  server.RaftServerConfigKeys (ConfUtils.java:logGet(43)) - raft.server.staging.catchup.gap = 1000 (default)
2019-08-22 09:27:46,814 [d8e1cfc5-e249-437a-bc24-3d460aa72825:group-093A10B4245C:LeaderElection73] INFO  server.RaftServerConfigKeys (ConfUtils.java:logGet(43)) - raft.server.rpc.sleep.time = 25ms (default)
2019-08-22 09:27:46,814 [d8e1cfc5-e249-437a-bc24-3d460aa72825:group-093A10B4245C:LeaderElection73] INFO  server.RaftServerConfigKeys (ConfUtils.java:logGet(43)) - raft.server.write.element-limit = 4096 (default)
2019-08-22 09:27:46,815 [d8e1cfc5-e249-437a-bc24-3d460aa72825:group-093A10B4245C:LeaderElection73] INFO  server.RaftServerConfigKeys (ConfUtils.java:logGet(43)) - raft.server.watch.timeout = 10s (default)
2019-08-22 09:27:46,815 [d8e1cfc5-e249-437a-bc24-3d460aa72825:group-093A10B4245C:LeaderElection73] INFO  server.RaftServerConfigKeys (ConfUtils.java:logGet(43)) - raft.server.watch.timeout.denomination = 1s (default)
2019-08-22 09:27:46,815 [d8e1cfc5-e249-437a-bc24-3d460aa72825:group-093A10B4245C:LeaderElection73] INFO  server.RaftServerConfigKeys (ConfUtils.java:logGet(43)) - raft.server.watch.element-limit = 65536 (default)
2019-08-22 09:27:46,815 [d8e1cfc5-e249-437a-bc24-3d460aa72825:group-093A10B4245C:LeaderElection73] INFO  impl.RoleInfo (RoleInfo.java:updateAndGet(143)) - d8e1cfc5-e249-437a-bc24-3d460aa72825: start LeaderState
2019-08-22 09:27:46,815 [d8e1cfc5-e249-437a-bc24-3d460aa72825:group-093A10B4245C:LeaderElection73] INFO  segmented.SegmentedRaftLogWorker (SegmentedRaftLogWorker.java:startLogSegment(380)) - d8e1cfc5-e249-437a-bc24-3d460aa72825-SegmentedRaftLogWorker:Storage Directory /workdir/hadoop-ozone/integration-test/target/test-dir/MiniOzoneClusterImpl-2e6e0ec1-3320-47b2-b0b8-5188264ac38e/datanode-2/data/ratis/79225b58-e793-4bd9-895b-093a10b4245c: Starting segment from index:0
2019-08-22 09:27:46,816 [d8e1cfc5-e249-437a-bc24-3d460aa72825:group-093A10B4245C:LeaderElection73] INFO  impl.RaftServerImpl (ServerState.java:setRaftConf(361)) - d8e1cfc5-e249-437a-bc24-3d460aa72825:group-093A10B4245C set configuration 0: [d8e1cfc5-e249-437a-bc24-3d460aa72825:192.168.36.85:41695], old=null at 0
2019-08-22 09:27:46,888 [d8e1cfc5-e249-437a-bc24-3d460aa72825-SegmentedRaftLogWorker:Storage Directory /workdir/hadoop-ozone/integration-test/target/test-dir/MiniOzoneClusterImpl-2e6e0ec1-3320-47b2-b0b8-5188264ac38e/datanode-2/data/ratis/79225b58-e793-4bd9-895b-093a10b4245c] INFO  segmented.SegmentedRaftLogWorker (SegmentedRaftLogWorker.java:execute(569)) - d8e1cfc5-e249-437a-bc24-3d460aa72825-SegmentedRaftLogWorker:Storage Directory /workdir/hadoop-ozone/integration-test/target/test-dir/MiniOzoneClusterImpl-2e6e0ec1-3320-47b2-b0b8-5188264ac38e/datanode-2/data/ratis/79225b58-e793-4bd9-895b-093a10b4245c: created new log segment /workdir/hadoop-ozone/integration-test/target/test-dir/MiniOzoneClusterImpl-2e6e0ec1-3320-47b2-b0b8-5188264ac38e/datanode-2/data/ratis/79225b58-e793-4bd9-895b-093a10b4245c/current/log_inprogress_0
2019-08-22 09:27:47,037 | INFO  | SCMAudit | user=jenkins1000 | ip=192.168.36.85 | op=SEND_HEARTBEAT {datanodeUUID=909bb822-8e17-41f4-9059-fc5d171ea46d, command=[]} | ret=SUCCESS |  
2019-08-22 09:27:47,097 | INFO  | SCMAudit | user=jenkins1000 | ip=192.168.36.85 | op=SEND_HEARTBEAT {datanodeUUID=f1e02cbd-f391-4fd8-b388-c076d48374d7, command=[]} | ret=SUCCESS |  
2019-08-22 09:27:47,152 [Thread-3363] INFO  impl.FollowerState (FollowerState.java:run(106)) - 909bb822-8e17-41f4-9059-fc5d171ea46d:group-18348F805356 changes to CANDIDATE, lastRpcTime:5024, electionTimeout:5024ms
2019-08-22 09:27:47,152 [Thread-3363] INFO  impl.RoleInfo (RoleInfo.java:shutdownFollowerState(121)) - 909bb822-8e17-41f4-9059-fc5d171ea46d: shutdown FollowerState
2019-08-22 09:27:47,152 [Thread-3363] INFO  impl.RaftServerImpl (RaftServerImpl.java:setRole(171)) - 909bb822-8e17-41f4-9059-fc5d171ea46d:group-18348F805356 changes role from FOLLOWER to CANDIDATE at term 0 for changeToCandidate
2019-08-22 09:27:47,152 [Thread-3363] INFO  impl.RoleInfo (RoleInfo.java:updateAndGet(143)) - 909bb822-8e17-41f4-9059-fc5d171ea46d: start LeaderElection
2019-08-22 09:27:47,196 [909bb822-8e17-41f4-9059-fc5d171ea46d:group-18348F805356:LeaderElection74] INFO  impl.LeaderElection (LeaderElection.java:askForVotes(181)) - 909bb822-8e17-41f4-9059-fc5d171ea46d:group-18348F805356:LeaderElection74: begin an election at term 1 for -1: [909bb822-8e17-41f4-9059-fc5d171ea46d:192.168.36.85:38020], old=null
2019-08-22 09:27:47,197 [909bb822-8e17-41f4-9059-fc5d171ea46d:group-18348F805356:LeaderElection74] INFO  impl.RoleInfo (RoleInfo.java:shutdownLeaderElection(134)) - 909bb822-8e17-41f4-9059-fc5d171ea46d: shutdown LeaderElection
2019-08-22 09:27:47,197 [909bb822-8e17-41f4-9059-fc5d171ea46d:group-18348F805356:LeaderElection74] INFO  impl.RaftServerImpl (RaftServerImpl.java:setRole(171)) - 909bb822-8e17-41f4-9059-fc5d171ea46d:group-18348F805356 changes role from CANDIDATE to LEADER at term 1 for changeToLeader
2019-08-22 09:27:47,197 [909bb822-8e17-41f4-9059-fc5d171ea46d:group-18348F805356:LeaderElection74] INFO  impl.RaftServerImpl (ServerState.java:setLeader(263)) - 909bb822-8e17-41f4-9059-fc5d171ea46d:group-18348F805356 change Leader from null to 909bb822-8e17-41f4-9059-fc5d171ea46d at term 1 for becomeLeader, leader elected after 5074ms
2019-08-22 09:27:47,197 [909bb822-8e17-41f4-9059-fc5d171ea46d:group-18348F805356:LeaderElection74] INFO  server.RaftServerConfigKeys (ConfUtils.java:logGet(43)) - raft.server.staging.catchup.gap = 1000 (default)
2019-08-22 09:27:47,197 [909bb822-8e17-41f4-9059-fc5d171ea46d:group-18348F805356:LeaderElection74] INFO  server.RaftServerConfigKeys (ConfUtils.java:logGet(43)) - raft.server.rpc.sleep.time = 25ms (default)
2019-08-22 09:27:47,198 [909bb822-8e17-41f4-9059-fc5d171ea46d:group-18348F805356:LeaderElection74] INFO  server.RaftServerConfigKeys (ConfUtils.java:logGet(43)) - raft.server.write.element-limit = 4096 (default)
2019-08-22 09:27:47,198 [909bb822-8e17-41f4-9059-fc5d171ea46d:group-18348F805356:LeaderElection74] INFO  server.RaftServerConfigKeys (ConfUtils.java:logGet(43)) - raft.server.watch.timeout = 10s (default)
2019-08-22 09:27:47,198 [909bb822-8e17-41f4-9059-fc5d171ea46d:group-18348F805356:LeaderElection74] INFO  server.RaftServerConfigKeys (ConfUtils.java:logGet(43)) - raft.server.watch.timeout.denomination = 1s (default)
2019-08-22 09:27:47,198 [909bb822-8e17-41f4-9059-fc5d171ea46d:group-18348F805356:LeaderElection74] INFO  server.RaftServerConfigKeys (ConfUtils.java:logGet(43)) - raft.server.watch.element-limit = 65536 (default)
2019-08-22 09:27:47,198 [909bb822-8e17-41f4-9059-fc5d171ea46d:group-18348F805356:LeaderElection74] INFO  impl.RoleInfo (RoleInfo.java:updateAndGet(143)) - 909bb822-8e17-41f4-9059-fc5d171ea46d: start LeaderState
2019-08-22 09:27:47,199 [909bb822-8e17-41f4-9059-fc5d171ea46d:group-18348F805356:LeaderElection74] INFO  segmented.SegmentedRaftLogWorker (SegmentedRaftLogWorker.java:startLogSegment(380)) - 909bb822-8e17-41f4-9059-fc5d171ea46d-SegmentedRaftLogWorker:Storage Directory /workdir/hadoop-ozone/integration-test/target/test-dir/MiniOzoneClusterImpl-2e6e0ec1-3320-47b2-b0b8-5188264ac38e/datanode-3/data/ratis/717ab6b3-ea83-49c7-bef8-18348f805356: Starting segment from index:0
2019-08-22 09:27:47,199 [909bb822-8e17-41f4-9059-fc5d171ea46d:group-18348F805356:LeaderElection74] INFO  impl.RaftServerImpl (ServerState.java:setRaftConf(361)) - 909bb822-8e17-41f4-9059-fc5d171ea46d:group-18348F805356 set configuration 0: [909bb822-8e17-41f4-9059-fc5d171ea46d:192.168.36.85:38020], old=null at 0
2019-08-22 09:27:47,263 [909bb822-8e17-41f4-9059-fc5d171ea46d-SegmentedRaftLogWorker:Storage Directory /workdir/hadoop-ozone/integration-test/target/test-dir/MiniOzoneClusterImpl-2e6e0ec1-3320-47b2-b0b8-5188264ac38e/datanode-3/data/ratis/717ab6b3-ea83-49c7-bef8-18348f805356] INFO  segmented.SegmentedRaftLogWorker (SegmentedRaftLogWorker.java:execute(569)) - 909bb822-8e17-41f4-9059-fc5d171ea46d-SegmentedRaftLogWorker:Storage Directory /workdir/hadoop-ozone/integration-test/target/test-dir/MiniOzoneClusterImpl-2e6e0ec1-3320-47b2-b0b8-5188264ac38e/datanode-3/data/ratis/717ab6b3-ea83-49c7-bef8-18348f805356: created new log segment /workdir/hadoop-ozone/integration-test/target/test-dir/MiniOzoneClusterImpl-2e6e0ec1-3320-47b2-b0b8-5188264ac38e/datanode-3/data/ratis/717ab6b3-ea83-49c7-bef8-18348f805356/current/log_inprogress_0
2019-08-22 09:27:47,284 | INFO  | SCMAudit | user=jenkins1000 | ip=192.168.36.85 | op=SEND_HEARTBEAT {datanodeUUID=95ce97c6-e6af-4640-b6f2-079eca5e157b, command=[]} | ret=SUCCESS |  
2019-08-22 09:27:47,308 | INFO  | SCMAudit | user=jenkins1000 | ip=192.168.36.85 | op=SEND_HEARTBEAT {datanodeUUID=928f26db-de41-4c85-b3d0-1197049d8d00, command=[]} | ret=SUCCESS |  
2019-08-22 09:27:47,404 [Thread-3366] INFO  impl.FollowerState (FollowerState.java:run(106)) - 95ce97c6-e6af-4640-b6f2-079eca5e157b:group-EC8378861AC9 changes to CANDIDATE, lastRpcTime:5042, electionTimeout:5042ms
2019-08-22 09:27:47,404 [Thread-3366] INFO  impl.RoleInfo (RoleInfo.java:shutdownFollowerState(121)) - 95ce97c6-e6af-4640-b6f2-079eca5e157b: shutdown FollowerState
2019-08-22 09:27:47,404 [Thread-3366] INFO  impl.RaftServerImpl (RaftServerImpl.java:setRole(171)) - 95ce97c6-e6af-4640-b6f2-079eca5e157b:group-EC8378861AC9 changes role from FOLLOWER to CANDIDATE at term 0 for changeToCandidate
2019-08-22 09:27:47,404 [Thread-3366] INFO  impl.RoleInfo (RoleInfo.java:updateAndGet(143)) - 95ce97c6-e6af-4640-b6f2-079eca5e157b: start LeaderElection
2019-08-22 09:27:47,439 [95ce97c6-e6af-4640-b6f2-079eca5e157b:group-EC8378861AC9:LeaderElection75] INFO  impl.LeaderElection (LeaderElection.java:askForVotes(181)) - 95ce97c6-e6af-4640-b6f2-079eca5e157b:group-EC8378861AC9:LeaderElection75: begin an election at term 1 for -1: [95ce97c6-e6af-4640-b6f2-079eca5e157b:192.168.36.85:44677], old=null
2019-08-22 09:27:47,439 [95ce97c6-e6af-4640-b6f2-079eca5e157b:group-EC8378861AC9:LeaderElection75] INFO  impl.RoleInfo (RoleInfo.java:shutdownLeaderElection(134)) - 95ce97c6-e6af-4640-b6f2-079eca5e157b: shutdown LeaderElection
2019-08-22 09:27:47,439 [95ce97c6-e6af-4640-b6f2-079eca5e157b:group-EC8378861AC9:LeaderElection75] INFO  impl.RaftServerImpl (RaftServerImpl.java:setRole(171)) - 95ce97c6-e6af-4640-b6f2-079eca5e157b:group-EC8378861AC9 changes role from CANDIDATE to LEADER at term 1 for changeToLeader
2019-08-22 09:27:47,439 [95ce97c6-e6af-4640-b6f2-079eca5e157b:group-EC8378861AC9:LeaderElection75] INFO  impl.RaftServerImpl (ServerState.java:setLeader(263)) - 95ce97c6-e6af-4640-b6f2-079eca5e157b:group-EC8378861AC9 change Leader from null to 95ce97c6-e6af-4640-b6f2-079eca5e157b at term 1 for becomeLeader, leader elected after 5082ms
2019-08-22 09:27:47,439 [95ce97c6-e6af-4640-b6f2-079eca5e157b:group-EC8378861AC9:LeaderElection75] INFO  server.RaftServerConfigKeys (ConfUtils.java:logGet(43)) - raft.server.staging.catchup.gap = 1000 (default)
2019-08-22 09:27:47,440 [95ce97c6-e6af-4640-b6f2-079eca5e157b:group-EC8378861AC9:LeaderElection75] INFO  server.RaftServerConfigKeys (ConfUtils.java:logGet(43)) - raft.server.rpc.sleep.time = 25ms (default)
2019-08-22 09:27:47,440 [95ce97c6-e6af-4640-b6f2-079eca5e157b:group-EC8378861AC9:LeaderElection75] INFO  server.RaftServerConfigKeys (ConfUtils.java:logGet(43)) - raft.server.write.element-limit = 4096 (default)
2019-08-22 09:27:47,440 [95ce97c6-e6af-4640-b6f2-079eca5e157b:group-EC8378861AC9:LeaderElection75] INFO  server.RaftServerConfigKeys (ConfUtils.java:logGet(43)) - raft.server.watch.timeout = 10s (default)
2019-08-22 09:27:47,440 [95ce97c6-e6af-4640-b6f2-079eca5e157b:group-EC8378861AC9:LeaderElection75] INFO  server.RaftServerConfigKeys (ConfUtils.java:logGet(43)) - raft.server.watch.timeout.denomination = 1s (default)
2019-08-22 09:27:47,440 [95ce97c6-e6af-4640-b6f2-079eca5e157b:group-EC8378861AC9:LeaderElection75] INFO  server.RaftServerConfigKeys (ConfUtils.java:logGet(43)) - raft.server.watch.element-limit = 65536 (default)
2019-08-22 09:27:47,440 [95ce97c6-e6af-4640-b6f2-079eca5e157b:group-EC8378861AC9:LeaderElection75] INFO  impl.RoleInfo (RoleInfo.java:updateAndGet(143)) - 95ce97c6-e6af-4640-b6f2-079eca5e157b: start LeaderState
2019-08-22 09:27:47,441 [95ce97c6-e6af-4640-b6f2-079eca5e157b:group-EC8378861AC9:LeaderElection75] INFO  segmented.SegmentedRaftLogWorker (SegmentedRaftLogWorker.java:startLogSegment(380)) - 95ce97c6-e6af-4640-b6f2-079eca5e157b-SegmentedRaftLogWorker:Storage Directory /workdir/hadoop-ozone/integration-test/target/test-dir/MiniOzoneClusterImpl-2e6e0ec1-3320-47b2-b0b8-5188264ac38e/datanode-4/data/ratis/bb0e424c-c75e-41d6-825e-ec8378861ac9: Starting segment from index:0
2019-08-22 09:27:47,441 [95ce97c6-e6af-4640-b6f2-079eca5e157b:group-EC8378861AC9:LeaderElection75] INFO  impl.RaftServerImpl (ServerState.java:setRaftConf(361)) - 95ce97c6-e6af-4640-b6f2-079eca5e157b:group-EC8378861AC9 set configuration 0: [95ce97c6-e6af-4640-b6f2-079eca5e157b:192.168.36.85:44677], old=null at 0
2019-08-22 09:27:47,477 | INFO  | SCMAudit | user=jenkins1000 | ip=192.168.36.85 | op=SEND_HEARTBEAT {datanodeUUID=c63d63f4-e4a3-48b0-8e66-cfae5c1ce3a1, command=[]} | ret=SUCCESS |  
2019-08-22 09:27:47,497 [95ce97c6-e6af-4640-b6f2-079eca5e157b-SegmentedRaftLogWorker:Storage Directory /workdir/hadoop-ozone/integration-test/target/test-dir/MiniOzoneClusterImpl-2e6e0ec1-3320-47b2-b0b8-5188264ac38e/datanode-4/data/ratis/bb0e424c-c75e-41d6-825e-ec8378861ac9] INFO  segmented.SegmentedRaftLogWorker (SegmentedRaftLogWorker.java:execute(569)) - 95ce97c6-e6af-4640-b6f2-079eca5e157b-SegmentedRaftLogWorker:Storage Directory /workdir/hadoop-ozone/integration-test/target/test-dir/MiniOzoneClusterImpl-2e6e0ec1-3320-47b2-b0b8-5188264ac38e/datanode-4/data/ratis/bb0e424c-c75e-41d6-825e-ec8378861ac9: created new log segment /workdir/hadoop-ozone/integration-test/target/test-dir/MiniOzoneClusterImpl-2e6e0ec1-3320-47b2-b0b8-5188264ac38e/datanode-4/data/ratis/bb0e424c-c75e-41d6-825e-ec8378861ac9/current/log_inprogress_0
2019-08-22 09:27:47,514 | INFO  | SCMAudit | user=jenkins1000 | ip=192.168.36.85 | op=SEND_HEARTBEAT {datanodeUUID=d8e1cfc5-e249-437a-bc24-3d460aa72825, command=[]} | ret=SUCCESS |  
2019-08-22 09:27:47,576 [Thread-3369] INFO  impl.FollowerState (FollowerState.java:run(106)) - c63d63f4-e4a3-48b0-8e66-cfae5c1ce3a1:group-A4ECBBEBFC31 changes to CANDIDATE, lastRpcTime:5029, electionTimeout:5029ms
2019-08-22 09:27:47,576 [Thread-3369] INFO  impl.RoleInfo (RoleInfo.java:shutdownFollowerState(121)) - c63d63f4-e4a3-48b0-8e66-cfae5c1ce3a1: shutdown FollowerState
2019-08-22 09:27:47,576 [Thread-3369] INFO  impl.RaftServerImpl (RaftServerImpl.java:setRole(171)) - c63d63f4-e4a3-48b0-8e66-cfae5c1ce3a1:group-A4ECBBEBFC31 changes role from FOLLOWER to CANDIDATE at term 0 for changeToCandidate
2019-08-22 09:27:47,576 [Thread-3369] INFO  impl.RoleInfo (RoleInfo.java:updateAndGet(143)) - c63d63f4-e4a3-48b0-8e66-cfae5c1ce3a1: start LeaderElection
2019-08-22 09:27:47,606 [c63d63f4-e4a3-48b0-8e66-cfae5c1ce3a1:group-A4ECBBEBFC31:LeaderElection76] INFO  impl.LeaderElection (LeaderElection.java:askForVotes(181)) - c63d63f4-e4a3-48b0-8e66-cfae5c1ce3a1:group-A4ECBBEBFC31:LeaderElection76: begin an election at term 1 for -1: [c63d63f4-e4a3-48b0-8e66-cfae5c1ce3a1:192.168.36.85:38743], old=null
2019-08-22 09:27:47,606 [c63d63f4-e4a3-48b0-8e66-cfae5c1ce3a1:group-A4ECBBEBFC31:LeaderElection76] INFO  impl.RoleInfo (RoleInfo.java:shutdownLeaderElection(134)) - c63d63f4-e4a3-48b0-8e66-cfae5c1ce3a1: shutdown LeaderElection
2019-08-22 09:27:47,606 [c63d63f4-e4a3-48b0-8e66-cfae5c1ce3a1:group-A4ECBBEBFC31:LeaderElection76] INFO  impl.RaftServerImpl (RaftServerImpl.java:setRole(171)) - c63d63f4-e4a3-48b0-8e66-cfae5c1ce3a1:group-A4ECBBEBFC31 changes role from CANDIDATE to LEADER at term 1 for changeToLeader
2019-08-22 09:27:47,606 [c63d63f4-e4a3-48b0-8e66-cfae5c1ce3a1:group-A4ECBBEBFC31:LeaderElection76] INFO  impl.RaftServerImpl (ServerState.java:setLeader(263)) - c63d63f4-e4a3-48b0-8e66-cfae5c1ce3a1:group-A4ECBBEBFC31 change Leader from null to c63d63f4-e4a3-48b0-8e66-cfae5c1ce3a1 at term 1 for becomeLeader, leader elected after 5065ms
2019-08-22 09:27:47,607 [c63d63f4-e4a3-48b0-8e66-cfae5c1ce3a1:group-A4ECBBEBFC31:LeaderElection76] INFO  server.RaftServerConfigKeys (ConfUtils.java:logGet(43)) - raft.server.staging.catchup.gap = 1000 (default)
2019-08-22 09:27:47,607 [c63d63f4-e4a3-48b0-8e66-cfae5c1ce3a1:group-A4ECBBEBFC31:LeaderElection76] INFO  server.RaftServerConfigKeys (ConfUtils.java:logGet(43)) - raft.server.rpc.sleep.time = 25ms (default)
2019-08-22 09:27:47,607 [c63d63f4-e4a3-48b0-8e66-cfae5c1ce3a1:group-A4ECBBEBFC31:LeaderElection76] INFO  server.RaftServerConfigKeys (ConfUtils.java:logGet(43)) - raft.server.write.element-limit = 4096 (default)
2019-08-22 09:27:47,607 [c63d63f4-e4a3-48b0-8e66-cfae5c1ce3a1:group-A4ECBBEBFC31:LeaderElection76] INFO  server.RaftServerConfigKeys (ConfUtils.java:logGet(43)) - raft.server.watch.timeout = 10s (default)
2019-08-22 09:27:47,607 [c63d63f4-e4a3-48b0-8e66-cfae5c1ce3a1:group-A4ECBBEBFC31:LeaderElection76] INFO  server.RaftServerConfigKeys (ConfUtils.java:logGet(43)) - raft.server.watch.timeout.denomination = 1s (default)
2019-08-22 09:27:47,607 [c63d63f4-e4a3-48b0-8e66-cfae5c1ce3a1:group-A4ECBBEBFC31:LeaderElection76] INFO  server.RaftServerConfigKeys (ConfUtils.java:logGet(43)) - raft.server.watch.element-limit = 65536 (default)
2019-08-22 09:27:47,607 [c63d63f4-e4a3-48b0-8e66-cfae5c1ce3a1:group-A4ECBBEBFC31:LeaderElection76] INFO  impl.RoleInfo (RoleInfo.java:updateAndGet(143)) - c63d63f4-e4a3-48b0-8e66-cfae5c1ce3a1: start LeaderState
2019-08-22 09:27:47,608 [c63d63f4-e4a3-48b0-8e66-cfae5c1ce3a1:group-A4ECBBEBFC31:LeaderElection76] INFO  segmented.SegmentedRaftLogWorker (SegmentedRaftLogWorker.java:startLogSegment(380)) - c63d63f4-e4a3-48b0-8e66-cfae5c1ce3a1-SegmentedRaftLogWorker:Storage Directory /workdir/hadoop-ozone/integration-test/target/test-dir/MiniOzoneClusterImpl-2e6e0ec1-3320-47b2-b0b8-5188264ac38e/datanode-5/data/ratis/ea95797e-9a91-4dc8-9ed4-a4ecbbebfc31: Starting segment from index:0
2019-08-22 09:27:47,608 [c63d63f4-e4a3-48b0-8e66-cfae5c1ce3a1:group-A4ECBBEBFC31:LeaderElection76] INFO  impl.RaftServerImpl (ServerState.java:setRaftConf(361)) - c63d63f4-e4a3-48b0-8e66-cfae5c1ce3a1:group-A4ECBBEBFC31 set configuration 0: [c63d63f4-e4a3-48b0-8e66-cfae5c1ce3a1:192.168.36.85:38743], old=null at 0
2019-08-22 09:27:47,644 | INFO  | SCMAudit | user=jenkins1000 | ip=192.168.36.85 | op=SEND_HEARTBEAT {datanodeUUID=75d72393-3020-4de0-a4ea-5e88f0c8cd61, command=[]} | ret=SUCCESS |  
2019-08-22 09:27:47,665 [c63d63f4-e4a3-48b0-8e66-cfae5c1ce3a1-SegmentedRaftLogWorker:Storage Directory /workdir/hadoop-ozone/integration-test/target/test-dir/MiniOzoneClusterImpl-2e6e0ec1-3320-47b2-b0b8-5188264ac38e/datanode-5/data/ratis/ea95797e-9a91-4dc8-9ed4-a4ecbbebfc31] INFO  segmented.SegmentedRaftLogWorker (SegmentedRaftLogWorker.java:execute(569)) - c63d63f4-e4a3-48b0-8e66-cfae5c1ce3a1-SegmentedRaftLogWorker:Storage Directory /workdir/hadoop-ozone/integration-test/target/test-dir/MiniOzoneClusterImpl-2e6e0ec1-3320-47b2-b0b8-5188264ac38e/datanode-5/data/ratis/ea95797e-9a91-4dc8-9ed4-a4ecbbebfc31: created new log segment /workdir/hadoop-ozone/integration-test/target/test-dir/MiniOzoneClusterImpl-2e6e0ec1-3320-47b2-b0b8-5188264ac38e/datanode-5/data/ratis/ea95797e-9a91-4dc8-9ed4-a4ecbbebfc31/current/log_inprogress_0
2019-08-22 09:27:47,708 [Thread-3378] INFO  impl.FollowerState (FollowerState.java:run(106)) - 95ce97c6-e6af-4640-b6f2-079eca5e157b:group-713CD145619D changes to CANDIDATE, lastRpcTime:5062, electionTimeout:5062ms
2019-08-22 09:27:47,708 [Thread-3378] INFO  impl.RoleInfo (RoleInfo.java:shutdownFollowerState(121)) - 95ce97c6-e6af-4640-b6f2-079eca5e157b: shutdown FollowerState
2019-08-22 09:27:47,708 [Thread-3378] INFO  impl.RaftServerImpl (RaftServerImpl.java:setRole(171)) - 95ce97c6-e6af-4640-b6f2-079eca5e157b:group-713CD145619D changes role from FOLLOWER to CANDIDATE at term 0 for changeToCandidate
2019-08-22 09:27:47,708 [Thread-3378] INFO  impl.RoleInfo (RoleInfo.java:updateAndGet(143)) - 95ce97c6-e6af-4640-b6f2-079eca5e157b: start LeaderElection
2019-08-22 09:27:47,740 [95ce97c6-e6af-4640-b6f2-079eca5e157b:group-713CD145619D:LeaderElection77] INFO  impl.LeaderElection (LeaderElection.java:askForVotes(181)) - 95ce97c6-e6af-4640-b6f2-079eca5e157b:group-713CD145619D:LeaderElection77: begin an election at term 1 for -1: [909bb822-8e17-41f4-9059-fc5d171ea46d:192.168.36.85:38020, c63d63f4-e4a3-48b0-8e66-cfae5c1ce3a1:192.168.36.85:38743, 95ce97c6-e6af-4640-b6f2-079eca5e157b:192.168.36.85:44677], old=null
2019-08-22 09:27:47,745 [grpc-default-executor-11] INFO  impl.RaftServerImpl (RaftServerImpl.java:setRole(171)) - c63d63f4-e4a3-48b0-8e66-cfae5c1ce3a1:group-713CD145619D changes role from FOLLOWER to FOLLOWER at term 1 for recognizeCandidate:95ce97c6-e6af-4640-b6f2-079eca5e157b
2019-08-22 09:27:47,745 [grpc-default-executor-10] INFO  impl.RaftServerImpl (RaftServerImpl.java:setRole(171)) - 909bb822-8e17-41f4-9059-fc5d171ea46d:group-713CD145619D changes role from FOLLOWER to FOLLOWER at term 1 for recognizeCandidate:95ce97c6-e6af-4640-b6f2-079eca5e157b
2019-08-22 09:27:47,745 [grpc-default-executor-11] INFO  impl.RoleInfo (RoleInfo.java:shutdownFollowerState(121)) - c63d63f4-e4a3-48b0-8e66-cfae5c1ce3a1: shutdown FollowerState
2019-08-22 09:27:47,745 [grpc-default-executor-10] INFO  impl.RoleInfo (RoleInfo.java:shutdownFollowerState(121)) - 909bb822-8e17-41f4-9059-fc5d171ea46d: shutdown FollowerState
2019-08-22 09:27:47,746 [Thread-3374] INFO  impl.FollowerState (FollowerState.java:run(114)) - c63d63f4-e4a3-48b0-8e66-cfae5c1ce3a1: FollowerState was interrupted: java.lang.InterruptedException: sleep interrupted
2019-08-22 09:27:47,746 [grpc-default-executor-11] INFO  impl.RoleInfo (RoleInfo.java:updateAndGet(143)) - c63d63f4-e4a3-48b0-8e66-cfae5c1ce3a1: start FollowerState
2019-08-22 09:27:47,746 [Thread-3373] INFO  impl.FollowerState (FollowerState.java:run(114)) - 909bb822-8e17-41f4-9059-fc5d171ea46d: FollowerState was interrupted: java.lang.InterruptedException: sleep interrupted
2019-08-22 09:27:47,746 [grpc-default-executor-10] INFO  impl.RoleInfo (RoleInfo.java:updateAndGet(143)) - 909bb822-8e17-41f4-9059-fc5d171ea46d: start FollowerState
2019-08-22 09:27:47,778 [95ce97c6-e6af-4640-b6f2-079eca5e157b:group-713CD145619D:LeaderElection77] INFO  impl.LeaderElection (LeaderElection.java:logAndReturn(56)) - 95ce97c6-e6af-4640-b6f2-079eca5e157b:group-713CD145619D:LeaderElection77: Election PASSED; received 1 response(s) [95ce97c6-e6af-4640-b6f2-079eca5e157b<-c63d63f4-e4a3-48b0-8e66-cfae5c1ce3a1#0:OK-t1] and 0 exception(s); 95ce97c6-e6af-4640-b6f2-079eca5e157b:t1, leader=null, voted=95ce97c6-e6af-4640-b6f2-079eca5e157b, raftlog=95ce97c6-e6af-4640-b6f2-079eca5e157b-SegmentedRaftLog:OPENED:c-1,f-1,i0, conf=-1: [909bb822-8e17-41f4-9059-fc5d171ea46d:192.168.36.85:38020, c63d63f4-e4a3-48b0-8e66-cfae5c1ce3a1:192.168.36.85:38743, 95ce97c6-e6af-4640-b6f2-079eca5e157b:192.168.36.85:44677], old=null
2019-08-22 09:27:47,778 [95ce97c6-e6af-4640-b6f2-079eca5e157b:group-713CD145619D:LeaderElection77] INFO  impl.RoleInfo (RoleInfo.java:shutdownLeaderElection(134)) - 95ce97c6-e6af-4640-b6f2-079eca5e157b: shutdown LeaderElection
2019-08-22 09:27:47,778 [95ce97c6-e6af-4640-b6f2-079eca5e157b:group-713CD145619D:LeaderElection77] INFO  impl.RaftServerImpl (RaftServerImpl.java:setRole(171)) - 95ce97c6-e6af-4640-b6f2-079eca5e157b:group-713CD145619D changes role from CANDIDATE to LEADER at term 1 for changeToLeader
2019-08-22 09:27:47,778 [95ce97c6-e6af-4640-b6f2-079eca5e157b:group-713CD145619D:LeaderElection77] INFO  impl.RaftServerImpl (ServerState.java:setLeader(263)) - 95ce97c6-e6af-4640-b6f2-079eca5e157b:group-713CD145619D change Leader from null to 95ce97c6-e6af-4640-b6f2-079eca5e157b at term 1 for becomeLeader, leader elected after 5151ms
2019-08-22 09:27:47,778 [95ce97c6-e6af-4640-b6f2-079eca5e157b:group-713CD145619D:LeaderElection77] INFO  server.RaftServerConfigKeys (ConfUtils.java:logGet(43)) - raft.server.staging.catchup.gap = 1000 (default)
2019-08-22 09:27:47,778 [95ce97c6-e6af-4640-b6f2-079eca5e157b:group-713CD145619D:LeaderElection77] INFO  server.RaftServerConfigKeys (ConfUtils.java:logGet(43)) - raft.server.rpc.sleep.time = 25ms (default)
2019-08-22 09:27:47,778 [95ce97c6-e6af-4640-b6f2-079eca5e157b:group-713CD145619D:LeaderElection77] INFO  server.RaftServerConfigKeys (ConfUtils.java:logGet(43)) - raft.server.write.element-limit = 4096 (default)
2019-08-22 09:27:47,779 [95ce97c6-e6af-4640-b6f2-079eca5e157b:group-713CD145619D:LeaderElection77] INFO  server.RaftServerConfigKeys (ConfUtils.java:logGet(43)) - raft.server.watch.timeout = 10s (default)
2019-08-22 09:27:47,779 [95ce97c6-e6af-4640-b6f2-079eca5e157b:group-713CD145619D:LeaderElection77] INFO  server.RaftServerConfigKeys (ConfUtils.java:logGet(43)) - raft.server.watch.timeout.denomination = 1s (default)
2019-08-22 09:27:47,779 [95ce97c6-e6af-4640-b6f2-079eca5e157b:group-713CD145619D:LeaderElection77] INFO  server.RaftServerConfigKeys (ConfUtils.java:logGet(43)) - raft.server.watch.element-limit = 65536 (default)
2019-08-22 09:27:47,779 [95ce97c6-e6af-4640-b6f2-079eca5e157b:group-713CD145619D:LeaderElection77] INFO  server.RaftServerConfigKeys (ConfUtils.java:logGet(43)) - raft.server.log.appender.snapshot.chunk.size.max = 16MB (=16777216) (default)
2019-08-22 09:27:47,779 [95ce97c6-e6af-4640-b6f2-079eca5e157b:group-713CD145619D:LeaderElection77] INFO  server.RaftServerConfigKeys (ConfUtils.java:logGet(43)) - raft.server.log.appender.buffer.byte-limit = 33554432 (custom)
2019-08-22 09:27:47,779 [95ce97c6-e6af-4640-b6f2-079eca5e157b:group-713CD145619D:LeaderElection77] INFO  server.RaftServerConfigKeys (ConfUtils.java:logGet(43)) - raft.server.log.appender.buffer.element-limit = 1 (custom)
2019-08-22 09:27:47,780 [95ce97c6-e6af-4640-b6f2-079eca5e157b:group-713CD145619D:LeaderElection77] INFO  grpc.GrpcConfigKeys$Server (ConfUtils.java:logGet(43)) - raft.grpc.server.leader.outstanding.appends.max = 128 (default)
2019-08-22 09:27:47,780 [95ce97c6-e6af-4640-b6f2-079eca5e157b:group-713CD145619D:LeaderElection77] INFO  server.RaftServerConfigKeys (ConfUtils.java:logGet(43)) - raft.server.rpc.request.timeout = 3000ms (default)
2019-08-22 09:27:47,780 [95ce97c6-e6af-4640-b6f2-079eca5e157b:group-713CD145619D:LeaderElection77] INFO  server.RaftServerConfigKeys (ConfUtils.java:logGet(43)) - raft.server.log.appender.install.snapshot.enabled = false (custom)
2019-08-22 09:27:47,780 [95ce97c6-e6af-4640-b6f2-079eca5e157b:group-713CD145619D:LeaderElection77] INFO  server.RaftServerConfigKeys (ConfUtils.java:logGet(43)) - raft.server.log.appender.snapshot.chunk.size.max = 16MB (=16777216) (default)
2019-08-22 09:27:47,780 [95ce97c6-e6af-4640-b6f2-079eca5e157b:group-713CD145619D:LeaderElection77] INFO  server.RaftServerConfigKeys (ConfUtils.java:logGet(43)) - raft.server.log.appender.buffer.byte-limit = 33554432 (custom)
2019-08-22 09:27:47,781 [95ce97c6-e6af-4640-b6f2-079eca5e157b:group-713CD145619D:LeaderElection77] INFO  server.RaftServerConfigKeys (ConfUtils.java:logGet(43)) - raft.server.log.appender.buffer.element-limit = 1 (custom)
2019-08-22 09:27:47,781 [95ce97c6-e6af-4640-b6f2-079eca5e157b:group-713CD145619D:LeaderElection77] INFO  grpc.GrpcConfigKeys$Server (ConfUtils.java:logGet(43)) - raft.grpc.server.leader.outstanding.appends.max = 128 (default)
2019-08-22 09:27:47,781 [95ce97c6-e6af-4640-b6f2-079eca5e157b:group-713CD145619D:LeaderElection77] INFO  server.RaftServerConfigKeys (ConfUtils.java:logGet(43)) - raft.server.rpc.request.timeout = 3000ms (default)
2019-08-22 09:27:47,781 [95ce97c6-e6af-4640-b6f2-079eca5e157b:group-713CD145619D:LeaderElection77] INFO  server.RaftServerConfigKeys (ConfUtils.java:logGet(43)) - raft.server.log.appender.install.snapshot.enabled = false (custom)
2019-08-22 09:27:47,781 [95ce97c6-e6af-4640-b6f2-079eca5e157b:group-713CD145619D:LeaderElection77] INFO  impl.RoleInfo (RoleInfo.java:updateAndGet(143)) - 95ce97c6-e6af-4640-b6f2-079eca5e157b: start LeaderState
2019-08-22 09:27:47,782 [95ce97c6-e6af-4640-b6f2-079eca5e157b:group-713CD145619D:LeaderElection77] INFO  segmented.SegmentedRaftLogWorker (SegmentedRaftLogWorker.java:startLogSegment(380)) - 95ce97c6-e6af-4640-b6f2-079eca5e157b-SegmentedRaftLogWorker:Storage Directory /workdir/hadoop-ozone/integration-test/target/test-dir/MiniOzoneClusterImpl-2e6e0ec1-3320-47b2-b0b8-5188264ac38e/datanode-4/data/ratis/5e53caaf-fbcb-4322-ac80-713cd145619d: Starting segment from index:0
2019-08-22 09:27:47,783 [95ce97c6-e6af-4640-b6f2-079eca5e157b:group-713CD145619D:LeaderElection77] INFO  impl.RaftServerImpl (ServerState.java:setRaftConf(361)) - 95ce97c6-e6af-4640-b6f2-079eca5e157b:group-713CD145619D set configuration 0: [909bb822-8e17-41f4-9059-fc5d171ea46d:192.168.36.85:38020, c63d63f4-e4a3-48b0-8e66-cfae5c1ce3a1:192.168.36.85:38743, 95ce97c6-e6af-4640-b6f2-079eca5e157b:192.168.36.85:44677], old=null at 0
2019-08-22 09:27:47,822 [grpc-default-executor-11] INFO  impl.RaftServerImpl (ServerState.java:setLeader(263)) - 909bb822-8e17-41f4-9059-fc5d171ea46d:group-713CD145619D change Leader from null to 95ce97c6-e6af-4640-b6f2-079eca5e157b at term 1 for appendEntries, leader elected after 5195ms
2019-08-22 09:27:47,824 [grpc-default-executor-10] INFO  impl.RaftServerImpl (ServerState.java:setLeader(263)) - c63d63f4-e4a3-48b0-8e66-cfae5c1ce3a1:group-713CD145619D change Leader from null to 95ce97c6-e6af-4640-b6f2-079eca5e157b at term 1 for appendEntries, leader elected after 5198ms
2019-08-22 09:27:47,829 [grpc-default-executor-11] INFO  impl.RaftServerImpl (ServerState.java:setRaftConf(361)) - 909bb822-8e17-41f4-9059-fc5d171ea46d:group-713CD145619D set configuration 0: [909bb822-8e17-41f4-9059-fc5d171ea46d:192.168.36.85:38020, c63d63f4-e4a3-48b0-8e66-cfae5c1ce3a1:192.168.36.85:38743, 95ce97c6-e6af-4640-b6f2-079eca5e157b:192.168.36.85:44677], old=null at 0
2019-08-22 09:27:47,830 [grpc-default-executor-10] INFO  client.GrpcClientProtocolClient (GrpcClientProtocolClient.java:onNext(255)) - client-47AEE83A0C30->928f26db-de41-4c85-b3d0-1197049d8d00: receive RaftClientReply:client-47AEE83A0C30->928f26db-de41-4c85-b3d0-1197049d8d00@group-987FF9BACDAF, cid=155, FAILED org.apache.ratis.protocol.NotLeaderException: Server 928f26db-de41-4c85-b3d0-1197049d8d00 is not the leader (null). Request must be sent to leader., logIndex=0, commits[928f26db-de41-4c85-b3d0-1197049d8d00:c-1]
2019-08-22 09:27:47,830 [grpc-default-executor-11] INFO  segmented.SegmentedRaftLogWorker (SegmentedRaftLogWorker.java:startLogSegment(380)) - 909bb822-8e17-41f4-9059-fc5d171ea46d-SegmentedRaftLogWorker:Storage Directory /workdir/hadoop-ozone/integration-test/target/test-dir/MiniOzoneClusterImpl-2e6e0ec1-3320-47b2-b0b8-5188264ac38e/datanode-3/data/ratis/5e53caaf-fbcb-4322-ac80-713cd145619d: Starting segment from index:0
2019-08-22 09:27:47,833 [grpc-default-executor-6] INFO  impl.RaftServerImpl (ServerState.java:setRaftConf(361)) - c63d63f4-e4a3-48b0-8e66-cfae5c1ce3a1:group-713CD145619D set configuration 0: [909bb822-8e17-41f4-9059-fc5d171ea46d:192.168.36.85:38020, c63d63f4-e4a3-48b0-8e66-cfae5c1ce3a1:192.168.36.85:38743, 95ce97c6-e6af-4640-b6f2-079eca5e157b:192.168.36.85:44677], old=null at 0
2019-08-22 09:27:47,836 [grpc-default-executor-6] INFO  segmented.SegmentedRaftLogWorker (SegmentedRaftLogWorker.java:startLogSegment(380)) - c63d63f4-e4a3-48b0-8e66-cfae5c1ce3a1-SegmentedRaftLogWorker:Storage Directory /workdir/hadoop-ozone/integration-test/target/test-dir/MiniOzoneClusterImpl-2e6e0ec1-3320-47b2-b0b8-5188264ac38e/datanode-5/data/ratis/5e53caaf-fbcb-4322-ac80-713cd145619d: Starting segment from index:0
2019-08-22 09:27:47,841 [95ce97c6-e6af-4640-b6f2-079eca5e157b-SegmentedRaftLogWorker:Storage Directory /workdir/hadoop-ozone/integration-test/target/test-dir/MiniOzoneClusterImpl-2e6e0ec1-3320-47b2-b0b8-5188264ac38e/datanode-4/data/ratis/5e53caaf-fbcb-4322-ac80-713cd145619d] INFO  segmented.SegmentedRaftLogWorker (SegmentedRaftLogWorker.java:execute(569)) - 95ce97c6-e6af-4640-b6f2-079eca5e157b-SegmentedRaftLogWorker:Storage Directory /workdir/hadoop-ozone/integration-test/target/test-dir/MiniOzoneClusterImpl-2e6e0ec1-3320-47b2-b0b8-5188264ac38e/datanode-4/data/ratis/5e53caaf-fbcb-4322-ac80-713cd145619d: created new log segment /workdir/hadoop-ozone/integration-test/target/test-dir/MiniOzoneClusterImpl-2e6e0ec1-3320-47b2-b0b8-5188264ac38e/datanode-4/data/ratis/5e53caaf-fbcb-4322-ac80-713cd145619d/current/log_inprogress_0
2019-08-22 09:27:47,900 [909bb822-8e17-41f4-9059-fc5d171ea46d-SegmentedRaftLogWorker:Storage Directory /workdir/hadoop-ozone/integration-test/target/test-dir/MiniOzoneClusterImpl-2e6e0ec1-3320-47b2-b0b8-5188264ac38e/datanode-3/data/ratis/5e53caaf-fbcb-4322-ac80-713cd145619d] INFO  segmented.SegmentedRaftLogWorker (SegmentedRaftLogWorker.java:execute(569)) - 909bb822-8e17-41f4-9059-fc5d171ea46d-SegmentedRaftLogWorker:Storage Directory /workdir/hadoop-ozone/integration-test/target/test-dir/MiniOzoneClusterImpl-2e6e0ec1-3320-47b2-b0b8-5188264ac38e/datanode-3/data/ratis/5e53caaf-fbcb-4322-ac80-713cd145619d: created new log segment /workdir/hadoop-ozone/integration-test/target/test-dir/MiniOzoneClusterImpl-2e6e0ec1-3320-47b2-b0b8-5188264ac38e/datanode-3/data/ratis/5e53caaf-fbcb-4322-ac80-713cd145619d/current/log_inprogress_0
2019-08-22 09:27:47,900 [c63d63f4-e4a3-48b0-8e66-cfae5c1ce3a1-SegmentedRaftLogWorker:Storage Directory /workdir/hadoop-ozone/integration-test/target/test-dir/MiniOzoneClusterImpl-2e6e0ec1-3320-47b2-b0b8-5188264ac38e/datanode-5/data/ratis/5e53caaf-fbcb-4322-ac80-713cd145619d] INFO  segmented.SegmentedRaftLogWorker (SegmentedRaftLogWorker.java:execute(569)) - c63d63f4-e4a3-48b0-8e66-cfae5c1ce3a1-SegmentedRaftLogWorker:Storage Directory /workdir/hadoop-ozone/integration-test/target/test-dir/MiniOzoneClusterImpl-2e6e0ec1-3320-47b2-b0b8-5188264ac38e/datanode-5/data/ratis/5e53caaf-fbcb-4322-ac80-713cd145619d: created new log segment /workdir/hadoop-ozone/integration-test/target/test-dir/MiniOzoneClusterImpl-2e6e0ec1-3320-47b2-b0b8-5188264ac38e/datanode-5/data/ratis/5e53caaf-fbcb-4322-ac80-713cd145619d/current/log_inprogress_0
2019-08-22 09:27:48,038 | INFO  | SCMAudit | user=jenkins1000 | ip=192.168.36.85 | op=SEND_HEARTBEAT {datanodeUUID=909bb822-8e17-41f4-9059-fc5d171ea46d, command=[]} | ret=SUCCESS |  
2019-08-22 09:27:48,097 | INFO  | SCMAudit | user=jenkins1000 | ip=192.168.36.85 | op=SEND_HEARTBEAT {datanodeUUID=f1e02cbd-f391-4fd8-b388-c076d48374d7, command=[]} | ret=SUCCESS |  
2019-08-22 09:27:48,285 | INFO  | SCMAudit | user=jenkins1000 | ip=192.168.36.85 | op=SEND_HEARTBEAT {datanodeUUID=95ce97c6-e6af-4640-b6f2-079eca5e157b, command=[]} | ret=SUCCESS |  
2019-08-22 09:27:48,308 | INFO  | SCMAudit | user=jenkins1000 | ip=192.168.36.85 | op=SEND_HEARTBEAT {datanodeUUID=928f26db-de41-4c85-b3d0-1197049d8d00, command=[]} | ret=SUCCESS |  
2019-08-22 09:27:48,477 | INFO  | SCMAudit | user=jenkins1000 | ip=192.168.36.85 | op=SEND_HEARTBEAT {datanodeUUID=c63d63f4-e4a3-48b0-8e66-cfae5c1ce3a1, command=[]} | ret=SUCCESS |  
2019-08-22 09:27:48,514 | INFO  | SCMAudit | user=jenkins1000 | ip=192.168.36.85 | op=SEND_HEARTBEAT {datanodeUUID=d8e1cfc5-e249-437a-bc24-3d460aa72825, command=[]} | ret=SUCCESS |  
2019-08-22 09:27:48,643 | INFO  | SCMAudit | user=jenkins1000 | ip=192.168.36.85 | op=SEND_HEARTBEAT {datanodeUUID=75d72393-3020-4de0-a4ea-5e88f0c8cd61, command=[]} | ret=SUCCESS |  
2019-08-22 09:27:48,846 [grpc-default-executor-6] INFO  client.GrpcClientProtocolClient (GrpcClientProtocolClient.java:onNext(255)) - client-47AEE83A0C30->f1e02cbd-f391-4fd8-b388-c076d48374d7: receive RaftClientReply:client-47AEE83A0C30->f1e02cbd-f391-4fd8-b388-c076d48374d7@group-987FF9BACDAF, cid=155, FAILED org.apache.ratis.protocol.NotLeaderException: Server f1e02cbd-f391-4fd8-b388-c076d48374d7 is not the leader (null). Request must be sent to leader., logIndex=0, commits[f1e02cbd-f391-4fd8-b388-c076d48374d7:c-1]
2019-08-22 09:27:49,038 | INFO  | SCMAudit | user=jenkins1000 | ip=192.168.36.85 | op=SEND_HEARTBEAT {datanodeUUID=909bb822-8e17-41f4-9059-fc5d171ea46d, command=[]} | ret=SUCCESS |  
2019-08-22 09:27:49,097 | INFO  | SCMAudit | user=jenkins1000 | ip=192.168.36.85 | op=SEND_HEARTBEAT {datanodeUUID=f1e02cbd-f391-4fd8-b388-c076d48374d7, command=[]} | ret=SUCCESS |  
2019-08-22 09:27:49,285 | INFO  | SCMAudit | user=jenkins1000 | ip=192.168.36.85 | op=SEND_HEARTBEAT {datanodeUUID=95ce97c6-e6af-4640-b6f2-079eca5e157b, command=[]} | ret=SUCCESS |  
2019-08-22 09:27:49,308 | INFO  | SCMAudit | user=jenkins1000 | ip=192.168.36.85 | op=SEND_HEARTBEAT {datanodeUUID=928f26db-de41-4c85-b3d0-1197049d8d00, command=[]} | ret=SUCCESS |  
2019-08-22 09:27:49,476 | INFO  | SCMAudit | user=jenkins1000 | ip=192.168.36.85 | op=SEND_HEARTBEAT {datanodeUUID=c63d63f4-e4a3-48b0-8e66-cfae5c1ce3a1, command=[]} | ret=SUCCESS |  
2019-08-22 09:27:49,514 | INFO  | SCMAudit | user=jenkins1000 | ip=192.168.36.85 | op=SEND_HEARTBEAT {datanodeUUID=d8e1cfc5-e249-437a-bc24-3d460aa72825, command=[]} | ret=SUCCESS |  
2019-08-22 09:27:49,643 | INFO  | SCMAudit | user=jenkins1000 | ip=192.168.36.85 | op=SEND_HEARTBEAT {datanodeUUID=75d72393-3020-4de0-a4ea-5e88f0c8cd61, command=[]} | ret=SUCCESS |  
2019-08-22 09:27:49,861 [grpc-default-executor-11] INFO  client.GrpcClientProtocolClient (GrpcClientProtocolClient.java:onNext(255)) - client-47AEE83A0C30->928f26db-de41-4c85-b3d0-1197049d8d00: receive RaftClientReply:client-47AEE83A0C30->928f26db-de41-4c85-b3d0-1197049d8d00@group-987FF9BACDAF, cid=155, FAILED org.apache.ratis.protocol.NotLeaderException: Server 928f26db-de41-4c85-b3d0-1197049d8d00 is not the leader (null). Request must be sent to leader., logIndex=0, commits[928f26db-de41-4c85-b3d0-1197049d8d00:c-1]
2019-08-22 09:27:50,037 | INFO  | SCMAudit | user=jenkins1000 | ip=192.168.36.85 | op=SEND_HEARTBEAT {datanodeUUID=909bb822-8e17-41f4-9059-fc5d171ea46d, command=[]} | ret=SUCCESS |  
2019-08-22 09:27:50,097 | INFO  | SCMAudit | user=jenkins1000 | ip=192.168.36.85 | op=SEND_HEARTBEAT {datanodeUUID=f1e02cbd-f391-4fd8-b388-c076d48374d7, command=[]} | ret=SUCCESS |  
2019-08-22 09:27:50,285 | INFO  | SCMAudit | user=jenkins1000 | ip=192.168.36.85 | op=SEND_HEARTBEAT {datanodeUUID=95ce97c6-e6af-4640-b6f2-079eca5e157b, command=[]} | ret=SUCCESS |  
2019-08-22 09:27:50,308 | INFO  | SCMAudit | user=jenkins1000 | ip=192.168.36.85 | op=SEND_HEARTBEAT {datanodeUUID=928f26db-de41-4c85-b3d0-1197049d8d00, command=[]} | ret=SUCCESS |  
2019-08-22 09:27:50,476 | INFO  | SCMAudit | user=jenkins1000 | ip=192.168.36.85 | op=SEND_HEARTBEAT {datanodeUUID=c63d63f4-e4a3-48b0-8e66-cfae5c1ce3a1, command=[]} | ret=SUCCESS |  
2019-08-22 09:27:50,514 | INFO  | SCMAudit | user=jenkins1000 | ip=192.168.36.85 | op=SEND_HEARTBEAT {datanodeUUID=d8e1cfc5-e249-437a-bc24-3d460aa72825, command=[]} | ret=SUCCESS |  
2019-08-22 09:27:50,643 | INFO  | SCMAudit | user=jenkins1000 | ip=192.168.36.85 | op=SEND_HEARTBEAT {datanodeUUID=75d72393-3020-4de0-a4ea-5e88f0c8cd61, command=[]} | ret=SUCCESS |  
2019-08-22 09:27:50,876 [grpc-default-executor-6] INFO  client.GrpcClientProtocolClient (GrpcClientProtocolClient.java:onNext(255)) - client-47AEE83A0C30->d8e1cfc5-e249-437a-bc24-3d460aa72825: receive RaftClientReply:client-47AEE83A0C30->d8e1cfc5-e249-437a-bc24-3d460aa72825@group-987FF9BACDAF, cid=155, FAILED org.apache.ratis.protocol.NotLeaderException: Server d8e1cfc5-e249-437a-bc24-3d460aa72825 is not the leader (null). Request must be sent to leader., logIndex=0, commits[d8e1cfc5-e249-437a-bc24-3d460aa72825:c-1]
2019-08-22 09:27:51,038 | INFO  | SCMAudit | user=jenkins1000 | ip=192.168.36.85 | op=SEND_HEARTBEAT {datanodeUUID=909bb822-8e17-41f4-9059-fc5d171ea46d, command=[]} | ret=SUCCESS |  
2019-08-22 09:27:51,098 | INFO  | SCMAudit | user=jenkins1000 | ip=192.168.36.85 | op=SEND_HEARTBEAT {datanodeUUID=f1e02cbd-f391-4fd8-b388-c076d48374d7, command=[]} | ret=SUCCESS |  
2019-08-22 09:27:51,285 | INFO  | SCMAudit | user=jenkins1000 | ip=192.168.36.85 | op=SEND_HEARTBEAT {datanodeUUID=95ce97c6-e6af-4640-b6f2-079eca5e157b, command=[]} | ret=SUCCESS |  
2019-08-22 09:27:51,308 | INFO  | SCMAudit | user=jenkins1000 | ip=192.168.36.85 | op=SEND_HEARTBEAT {datanodeUUID=928f26db-de41-4c85-b3d0-1197049d8d00, command=[]} | ret=SUCCESS |  
2019-08-22 09:27:51,476 | INFO  | SCMAudit | user=jenkins1000 | ip=192.168.36.85 | op=SEND_HEARTBEAT {datanodeUUID=c63d63f4-e4a3-48b0-8e66-cfae5c1ce3a1, command=[]} | ret=SUCCESS |  
2019-08-22 09:27:51,514 | INFO  | SCMAudit | user=jenkins1000 | ip=192.168.36.85 | op=SEND_HEARTBEAT {datanodeUUID=d8e1cfc5-e249-437a-bc24-3d460aa72825, command=[]} | ret=SUCCESS |  
2019-08-22 09:27:51,643 | INFO  | SCMAudit | user=jenkins1000 | ip=192.168.36.85 | op=SEND_HEARTBEAT {datanodeUUID=75d72393-3020-4de0-a4ea-5e88f0c8cd61, command=[]} | ret=SUCCESS |  
2019-08-22 09:27:51,823 [Thread-3411] INFO  impl.FollowerState (FollowerState.java:run(106)) - d8e1cfc5-e249-437a-bc24-3d460aa72825:group-987FF9BACDAF changes to CANDIDATE, lastRpcTime:5008, electionTimeout:5008ms
2019-08-22 09:27:51,823 [Thread-3411] INFO  impl.RoleInfo (RoleInfo.java:shutdownFollowerState(121)) - d8e1cfc5-e249-437a-bc24-3d460aa72825: shutdown FollowerState
2019-08-22 09:27:51,823 [Thread-3411] INFO  impl.RaftServerImpl (RaftServerImpl.java:setRole(171)) - d8e1cfc5-e249-437a-bc24-3d460aa72825:group-987FF9BACDAF changes role from FOLLOWER to CANDIDATE at term 1 for changeToCandidate
2019-08-22 09:27:51,823 [Thread-3411] INFO  impl.RoleInfo (RoleInfo.java:updateAndGet(143)) - d8e1cfc5-e249-437a-bc24-3d460aa72825: start LeaderElection
2019-08-22 09:27:51,859 [d8e1cfc5-e249-437a-bc24-3d460aa72825:group-987FF9BACDAF:LeaderElection78] INFO  impl.LeaderElection (LeaderElection.java:askForVotes(181)) - d8e1cfc5-e249-437a-bc24-3d460aa72825:group-987FF9BACDAF:LeaderElection78: begin an election at term 2 for -1: [f1e02cbd-f391-4fd8-b388-c076d48374d7:192.168.36.85:38589, d8e1cfc5-e249-437a-bc24-3d460aa72825:192.168.36.85:41695, 928f26db-de41-4c85-b3d0-1197049d8d00:192.168.36.85:34973], old=null
2019-08-22 09:27:51,862 [grpc-default-executor-6] INFO  impl.RaftServerImpl (RaftServerImpl.java:setRole(171)) - 928f26db-de41-4c85-b3d0-1197049d8d00:group-987FF9BACDAF changes role from FOLLOWER to FOLLOWER at term 2 for recognizeCandidate:d8e1cfc5-e249-437a-bc24-3d460aa72825
2019-08-22 09:27:51,862 [grpc-default-executor-11] INFO  impl.RaftServerImpl (RaftServerImpl.java:setRole(171)) - f1e02cbd-f391-4fd8-b388-c076d48374d7:group-987FF9BACDAF changes role from FOLLOWER to FOLLOWER at term 2 for recognizeCandidate:d8e1cfc5-e249-437a-bc24-3d460aa72825
2019-08-22 09:27:51,862 [grpc-default-executor-6] INFO  impl.RoleInfo (RoleInfo.java:shutdownFollowerState(121)) - 928f26db-de41-4c85-b3d0-1197049d8d00: shutdown FollowerState
2019-08-22 09:27:51,862 [grpc-default-executor-11] INFO  impl.RoleInfo (RoleInfo.java:shutdownFollowerState(121)) - f1e02cbd-f391-4fd8-b388-c076d48374d7: shutdown FollowerState
2019-08-22 09:27:51,863 [Thread-3409] INFO  impl.FollowerState (FollowerState.java:run(114)) - 928f26db-de41-4c85-b3d0-1197049d8d00: FollowerState was interrupted: java.lang.InterruptedException: sleep interrupted
2019-08-22 09:27:51,863 [Thread-3410] INFO  impl.FollowerState (FollowerState.java:run(114)) - f1e02cbd-f391-4fd8-b388-c076d48374d7: FollowerState was interrupted: java.lang.InterruptedException: sleep interrupted
2019-08-22 09:27:51,862 [grpc-default-executor-6] INFO  impl.RoleInfo (RoleInfo.java:updateAndGet(143)) - 928f26db-de41-4c85-b3d0-1197049d8d00: start FollowerState
2019-08-22 09:27:51,863 [grpc-default-executor-11] INFO  impl.RoleInfo (RoleInfo.java:updateAndGet(143)) - f1e02cbd-f391-4fd8-b388-c076d48374d7: start FollowerState
2019-08-22 09:27:51,886 [grpc-default-executor-10] INFO  client.GrpcClientProtocolClient (GrpcClientProtocolClient.java:onNext(255)) - client-47AEE83A0C30->928f26db-de41-4c85-b3d0-1197049d8d00: receive RaftClientReply:client-47AEE83A0C30->928f26db-de41-4c85-b3d0-1197049d8d00@group-987FF9BACDAF, cid=155, FAILED org.apache.ratis.protocol.NotLeaderException: Server 928f26db-de41-4c85-b3d0-1197049d8d00 is not the leader (null). Request must be sent to leader., logIndex=0, commits[928f26db-de41-4c85-b3d0-1197049d8d00:c-1]
2019-08-22 09:27:51,893 [d8e1cfc5-e249-437a-bc24-3d460aa72825:group-987FF9BACDAF:LeaderElection78] INFO  impl.LeaderElection (LeaderElection.java:logAndReturn(56)) - d8e1cfc5-e249-437a-bc24-3d460aa72825:group-987FF9BACDAF:LeaderElection78: Election PASSED; received 1 response(s) [d8e1cfc5-e249-437a-bc24-3d460aa72825<-928f26db-de41-4c85-b3d0-1197049d8d00#0:OK-t2] and 0 exception(s); d8e1cfc5-e249-437a-bc24-3d460aa72825:t2, leader=null, voted=d8e1cfc5-e249-437a-bc24-3d460aa72825, raftlog=d8e1cfc5-e249-437a-bc24-3d460aa72825-SegmentedRaftLog:OPENED:c-1,f-1,i0, conf=-1: [f1e02cbd-f391-4fd8-b388-c076d48374d7:192.168.36.85:38589, d8e1cfc5-e249-437a-bc24-3d460aa72825:192.168.36.85:41695, 928f26db-de41-4c85-b3d0-1197049d8d00:192.168.36.85:34973], old=null
2019-08-22 09:27:51,893 [d8e1cfc5-e249-437a-bc24-3d460aa72825:group-987FF9BACDAF:LeaderElection78] INFO  impl.RoleInfo (RoleInfo.java:shutdownLeaderElection(134)) - d8e1cfc5-e249-437a-bc24-3d460aa72825: shutdown LeaderElection
2019-08-22 09:27:51,894 [d8e1cfc5-e249-437a-bc24-3d460aa72825:group-987FF9BACDAF:LeaderElection78] INFO  impl.RaftServerImpl (RaftServerImpl.java:setRole(171)) - d8e1cfc5-e249-437a-bc24-3d460aa72825:group-987FF9BACDAF changes role from CANDIDATE to LEADER at term 2 for changeToLeader
2019-08-22 09:27:51,894 [d8e1cfc5-e249-437a-bc24-3d460aa72825:group-987FF9BACDAF:LeaderElection78] INFO  impl.RaftServerImpl (ServerState.java:setLeader(263)) - d8e1cfc5-e249-437a-bc24-3d460aa72825:group-987FF9BACDAF change Leader from null to d8e1cfc5-e249-437a-bc24-3d460aa72825 at term 2 for becomeLeader, leader elected after 10221ms
2019-08-22 09:27:51,894 [d8e1cfc5-e249-437a-bc24-3d460aa72825:group-987FF9BACDAF:LeaderElection78] INFO  server.RaftServerConfigKeys (ConfUtils.java:logGet(43)) - raft.server.staging.catchup.gap = 1000 (default)
2019-08-22 09:27:51,894 [d8e1cfc5-e249-437a-bc24-3d460aa72825:group-987FF9BACDAF:LeaderElection78] INFO  server.RaftServerConfigKeys (ConfUtils.java:logGet(43)) - raft.server.rpc.sleep.time = 25ms (default)
2019-08-22 09:27:51,894 [d8e1cfc5-e249-437a-bc24-3d460aa72825:group-987FF9BACDAF:LeaderElection78] INFO  server.RaftServerConfigKeys (ConfUtils.java:logGet(43)) - raft.server.write.element-limit = 4096 (default)
2019-08-22 09:27:51,894 [d8e1cfc5-e249-437a-bc24-3d460aa72825:group-987FF9BACDAF:LeaderElection78] INFO  server.RaftServerConfigKeys (ConfUtils.java:logGet(43)) - raft.server.watch.timeout = 10s (default)
2019-08-22 09:27:51,895 [d8e1cfc5-e249-437a-bc24-3d460aa72825:group-987FF9BACDAF:LeaderElection78] INFO  server.RaftServerConfigKeys (ConfUtils.java:logGet(43)) - raft.server.watch.timeout.denomination = 1s (default)
2019-08-22 09:27:51,895 [d8e1cfc5-e249-437a-bc24-3d460aa72825:group-987FF9BACDAF:LeaderElection78] INFO  server.RaftServerConfigKeys (ConfUtils.java:logGet(43)) - raft.server.watch.element-limit = 65536 (default)
2019-08-22 09:27:51,895 [d8e1cfc5-e249-437a-bc24-3d460aa72825:group-987FF9BACDAF:LeaderElection78] INFO  server.RaftServerConfigKeys (ConfUtils.java:logGet(43)) - raft.server.log.appender.snapshot.chunk.size.max = 16MB (=16777216) (default)
2019-08-22 09:27:51,895 [d8e1cfc5-e249-437a-bc24-3d460aa72825:group-987FF9BACDAF:LeaderElection78] INFO  server.RaftServerConfigKeys (ConfUtils.java:logGet(43)) - raft.server.log.appender.buffer.byte-limit = 33554432 (custom)
2019-08-22 09:27:51,895 [d8e1cfc5-e249-437a-bc24-3d460aa72825:group-987FF9BACDAF:LeaderElection78] INFO  server.RaftServerConfigKeys (ConfUtils.java:logGet(43)) - raft.server.log.appender.buffer.element-limit = 1 (custom)
2019-08-22 09:27:51,895 [d8e1cfc5-e249-437a-bc24-3d460aa72825:group-987FF9BACDAF:LeaderElection78] INFO  grpc.GrpcConfigKeys$Server (ConfUtils.java:logGet(43)) - raft.grpc.server.leader.outstanding.appends.max = 128 (default)
2019-08-22 09:27:51,896 [d8e1cfc5-e249-437a-bc24-3d460aa72825:group-987FF9BACDAF:LeaderElection78] INFO  server.RaftServerConfigKeys (ConfUtils.java:logGet(43)) - raft.server.rpc.request.timeout = 3000ms (default)
2019-08-22 09:27:51,896 [d8e1cfc5-e249-437a-bc24-3d460aa72825:group-987FF9BACDAF:LeaderElection78] INFO  server.RaftServerConfigKeys (ConfUtils.java:logGet(43)) - raft.server.log.appender.install.snapshot.enabled = false (custom)
2019-08-22 09:27:51,896 [d8e1cfc5-e249-437a-bc24-3d460aa72825:group-987FF9BACDAF:LeaderElection78] INFO  server.RaftServerConfigKeys (ConfUtils.java:logGet(43)) - raft.server.log.appender.snapshot.chunk.size.max = 16MB (=16777216) (default)
2019-08-22 09:27:51,896 [d8e1cfc5-e249-437a-bc24-3d460aa72825:group-987FF9BACDAF:LeaderElection78] INFO  server.RaftServerConfigKeys (ConfUtils.java:logGet(43)) - raft.server.log.appender.buffer.byte-limit = 33554432 (custom)
2019-08-22 09:27:51,896 [d8e1cfc5-e249-437a-bc24-3d460aa72825:group-987FF9BACDAF:LeaderElection78] INFO  server.RaftServerConfigKeys (ConfUtils.java:logGet(43)) - raft.server.log.appender.buffer.element-limit = 1 (custom)
2019-08-22 09:27:51,897 [d8e1cfc5-e249-437a-bc24-3d460aa72825:group-987FF9BACDAF:LeaderElection78] INFO  grpc.GrpcConfigKeys$Server (ConfUtils.java:logGet(43)) - raft.grpc.server.leader.outstanding.appends.max = 128 (default)
2019-08-22 09:27:51,897 [d8e1cfc5-e249-437a-bc24-3d460aa72825:group-987FF9BACDAF:LeaderElection78] INFO  server.RaftServerConfigKeys (ConfUtils.java:logGet(43)) - raft.server.rpc.request.timeout = 3000ms (default)
2019-08-22 09:27:51,897 [d8e1cfc5-e249-437a-bc24-3d460aa72825:group-987FF9BACDAF:LeaderElection78] INFO  server.RaftServerConfigKeys (ConfUtils.java:logGet(43)) - raft.server.log.appender.install.snapshot.enabled = false (custom)
2019-08-22 09:27:51,897 [d8e1cfc5-e249-437a-bc24-3d460aa72825:group-987FF9BACDAF:LeaderElection78] INFO  impl.RoleInfo (RoleInfo.java:updateAndGet(143)) - d8e1cfc5-e249-437a-bc24-3d460aa72825: start LeaderState
2019-08-22 09:27:51,897 [d8e1cfc5-e249-437a-bc24-3d460aa72825:group-987FF9BACDAF:LeaderElection78] INFO  segmented.SegmentedRaftLogWorker (SegmentedRaftLogWorker.java:startLogSegment(380)) - d8e1cfc5-e249-437a-bc24-3d460aa72825-SegmentedRaftLogWorker:Storage Directory /workdir/hadoop-ozone/integration-test/target/test-dir/MiniOzoneClusterImpl-2e6e0ec1-3320-47b2-b0b8-5188264ac38e/datanode-2/data/ratis/9d64e6f2-dc3c-46ab-a93b-987ff9bacdaf: Starting segment from index:0
2019-08-22 09:27:51,898 [d8e1cfc5-e249-437a-bc24-3d460aa72825:group-987FF9BACDAF:LeaderElection78] INFO  impl.RaftServerImpl (ServerState.java:setRaftConf(361)) - d8e1cfc5-e249-437a-bc24-3d460aa72825:group-987FF9BACDAF set configuration 0: [f1e02cbd-f391-4fd8-b388-c076d48374d7:192.168.36.85:38589, d8e1cfc5-e249-437a-bc24-3d460aa72825:192.168.36.85:41695, 928f26db-de41-4c85-b3d0-1197049d8d00:192.168.36.85:34973], old=null at 0
2019-08-22 09:27:51,899 [grpc-default-executor-6] INFO  impl.RaftServerImpl (ServerState.java:setLeader(263)) - f1e02cbd-f391-4fd8-b388-c076d48374d7:group-987FF9BACDAF change Leader from null to d8e1cfc5-e249-437a-bc24-3d460aa72825 at term 2 for appendEntries, leader elected after 10227ms
2019-08-22 09:27:51,900 [grpc-default-executor-11] INFO  impl.RaftServerImpl (ServerState.java:setLeader(263)) - 928f26db-de41-4c85-b3d0-1197049d8d00:group-987FF9BACDAF change Leader from null to d8e1cfc5-e249-437a-bc24-3d460aa72825 at term 2 for appendEntries, leader elected after 10227ms
2019-08-22 09:27:51,902 [grpc-default-executor-6] INFO  impl.RaftServerImpl (ServerState.java:setRaftConf(361)) - f1e02cbd-f391-4fd8-b388-c076d48374d7:group-987FF9BACDAF set configuration 0: [f1e02cbd-f391-4fd8-b388-c076d48374d7:192.168.36.85:38589, d8e1cfc5-e249-437a-bc24-3d460aa72825:192.168.36.85:41695, 928f26db-de41-4c85-b3d0-1197049d8d00:192.168.36.85:34973], old=null at 0
2019-08-22 09:27:51,902 [grpc-default-executor-11] INFO  impl.RaftServerImpl (ServerState.java:setRaftConf(361)) - 928f26db-de41-4c85-b3d0-1197049d8d00:group-987FF9BACDAF set configuration 0: [f1e02cbd-f391-4fd8-b388-c076d48374d7:192.168.36.85:38589, d8e1cfc5-e249-437a-bc24-3d460aa72825:192.168.36.85:41695, 928f26db-de41-4c85-b3d0-1197049d8d00:192.168.36.85:34973], old=null at 0
2019-08-22 09:27:51,902 [grpc-default-executor-6] INFO  segmented.SegmentedRaftLogWorker (SegmentedRaftLogWorker.java:startLogSegment(380)) - f1e02cbd-f391-4fd8-b388-c076d48374d7-SegmentedRaftLogWorker:Storage Directory /workdir/hadoop-ozone/integration-test/target/test-dir/MiniOzoneClusterImpl-2e6e0ec1-3320-47b2-b0b8-5188264ac38e/datanode-0/data/ratis/9d64e6f2-dc3c-46ab-a93b-987ff9bacdaf: Starting segment from index:0
2019-08-22 09:27:51,902 [grpc-default-executor-11] INFO  segmented.SegmentedRaftLogWorker (SegmentedRaftLogWorker.java:startLogSegment(380)) - 928f26db-de41-4c85-b3d0-1197049d8d00-SegmentedRaftLogWorker:Storage Directory /workdir/hadoop-ozone/integration-test/target/test-dir/MiniOzoneClusterImpl-2e6e0ec1-3320-47b2-b0b8-5188264ac38e/datanode-1/data/ratis/9d64e6f2-dc3c-46ab-a93b-987ff9bacdaf: Starting segment from index:0
2019-08-22 09:27:51,959 [928f26db-de41-4c85-b3d0-1197049d8d00-SegmentedRaftLogWorker:Storage Directory /workdir/hadoop-ozone/integration-test/target/test-dir/MiniOzoneClusterImpl-2e6e0ec1-3320-47b2-b0b8-5188264ac38e/datanode-1/data/ratis/9d64e6f2-dc3c-46ab-a93b-987ff9bacdaf] INFO  segmented.SegmentedRaftLogWorker (SegmentedRaftLogWorker.java:execute(569)) - 928f26db-de41-4c85-b3d0-1197049d8d00-SegmentedRaftLogWorker:Storage Directory /workdir/hadoop-ozone/integration-test/target/test-dir/MiniOzoneClusterImpl-2e6e0ec1-3320-47b2-b0b8-5188264ac38e/datanode-1/data/ratis/9d64e6f2-dc3c-46ab-a93b-987ff9bacdaf: created new log segment /workdir/hadoop-ozone/integration-test/target/test-dir/MiniOzoneClusterImpl-2e6e0ec1-3320-47b2-b0b8-5188264ac38e/datanode-1/data/ratis/9d64e6f2-dc3c-46ab-a93b-987ff9bacdaf/current/log_inprogress_0
2019-08-22 09:27:51,959 [f1e02cbd-f391-4fd8-b388-c076d48374d7-SegmentedRaftLogWorker:Storage Directory /workdir/hadoop-ozone/integration-test/target/test-dir/MiniOzoneClusterImpl-2e6e0ec1-3320-47b2-b0b8-5188264ac38e/datanode-0/data/ratis/9d64e6f2-dc3c-46ab-a93b-987ff9bacdaf] INFO  segmented.SegmentedRaftLogWorker (SegmentedRaftLogWorker.java:execute(569)) - f1e02cbd-f391-4fd8-b388-c076d48374d7-SegmentedRaftLogWorker:Storage Directory /workdir/hadoop-ozone/integration-test/target/test-dir/MiniOzoneClusterImpl-2e6e0ec1-3320-47b2-b0b8-5188264ac38e/datanode-0/data/ratis/9d64e6f2-dc3c-46ab-a93b-987ff9bacdaf: created new log segment /workdir/hadoop-ozone/integration-test/target/test-dir/MiniOzoneClusterImpl-2e6e0ec1-3320-47b2-b0b8-5188264ac38e/datanode-0/data/ratis/9d64e6f2-dc3c-46ab-a93b-987ff9bacdaf/current/log_inprogress_0
2019-08-22 09:27:51,959 [d8e1cfc5-e249-437a-bc24-3d460aa72825-SegmentedRaftLogWorker:Storage Directory /workdir/hadoop-ozone/integration-test/target/test-dir/MiniOzoneClusterImpl-2e6e0ec1-3320-47b2-b0b8-5188264ac38e/datanode-2/data/ratis/9d64e6f2-dc3c-46ab-a93b-987ff9bacdaf] INFO  segmented.SegmentedRaftLogWorker (SegmentedRaftLogWorker.java:execute(569)) - d8e1cfc5-e249-437a-bc24-3d460aa72825-SegmentedRaftLogWorker:Storage Directory /workdir/hadoop-ozone/integration-test/target/test-dir/MiniOzoneClusterImpl-2e6e0ec1-3320-47b2-b0b8-5188264ac38e/datanode-2/data/ratis/9d64e6f2-dc3c-46ab-a93b-987ff9bacdaf: created new log segment /workdir/hadoop-ozone/integration-test/target/test-dir/MiniOzoneClusterImpl-2e6e0ec1-3320-47b2-b0b8-5188264ac38e/datanode-2/data/ratis/9d64e6f2-dc3c-46ab-a93b-987ff9bacdaf/current/log_inprogress_0
2019-08-22 09:27:52,038 | INFO  | SCMAudit | user=jenkins1000 | ip=192.168.36.85 | op=SEND_HEARTBEAT {datanodeUUID=909bb822-8e17-41f4-9059-fc5d171ea46d, command=[]} | ret=SUCCESS |  
2019-08-22 09:27:52,098 | INFO  | SCMAudit | user=jenkins1000 | ip=192.168.36.85 | op=SEND_HEARTBEAT {datanodeUUID=f1e02cbd-f391-4fd8-b388-c076d48374d7, command=[]} | ret=SUCCESS |  
2019-08-22 09:27:52,286 | INFO  | SCMAudit | user=jenkins1000 | ip=192.168.36.85 | op=SEND_HEARTBEAT {datanodeUUID=95ce97c6-e6af-4640-b6f2-079eca5e157b, command=[]} | ret=SUCCESS |  
2019-08-22 09:27:52,308 | INFO  | SCMAudit | user=jenkins1000 | ip=192.168.36.85 | op=SEND_HEARTBEAT {datanodeUUID=928f26db-de41-4c85-b3d0-1197049d8d00, command=[]} | ret=SUCCESS |  
2019-08-22 09:27:52,477 | INFO  | SCMAudit | user=jenkins1000 | ip=192.168.36.85 | op=SEND_HEARTBEAT {datanodeUUID=c63d63f4-e4a3-48b0-8e66-cfae5c1ce3a1, command=[]} | ret=SUCCESS |  
2019-08-22 09:27:52,515 | INFO  | SCMAudit | user=jenkins1000 | ip=192.168.36.85 | op=SEND_HEARTBEAT {datanodeUUID=d8e1cfc5-e249-437a-bc24-3d460aa72825, command=[]} | ret=SUCCESS |  
2019-08-22 09:27:52,643 | INFO  | SCMAudit | user=jenkins1000 | ip=192.168.36.85 | op=SEND_HEARTBEAT {datanodeUUID=75d72393-3020-4de0-a4ea-5e88f0c8cd61, command=[]} | ret=SUCCESS |  
2019-08-22 09:27:52,915 [grpc-default-executor-9] INFO  client.GrpcClientProtocolClient (GrpcClientProtocolClient.java:onNext(255)) - client-47AEE83A0C30->f1e02cbd-f391-4fd8-b388-c076d48374d7: receive RaftClientReply:client-47AEE83A0C30->f1e02cbd-f391-4fd8-b388-c076d48374d7@group-987FF9BACDAF, cid=155, FAILED org.apache.ratis.protocol.NotLeaderException: Server f1e02cbd-f391-4fd8-b388-c076d48374d7 is not the leader (d8e1cfc5-e249-437a-bc24-3d460aa72825:192.168.36.85:41695). Request must be sent to leader., logIndex=0, commits[f1e02cbd-f391-4fd8-b388-c076d48374d7:c-1, d8e1cfc5-e249-437a-bc24-3d460aa72825:c-1, 928f26db-de41-4c85-b3d0-1197049d8d00:c-1]
2019-08-22 09:27:53,039 | INFO  | SCMAudit | user=jenkins1000 | ip=192.168.36.85 | op=SEND_HEARTBEAT {datanodeUUID=909bb822-8e17-41f4-9059-fc5d171ea46d, command=[]} | ret=SUCCESS |  
2019-08-22 09:27:53,092 | INFO  | DNAudit | user=null | ip=null | op=WRITE_CHUNK {blockData=conID: 1 locID: 102659919950905358 bcsId: 0} | ret=SUCCESS |  
2019-08-22 09:27:53,092 | INFO  | DNAudit | user=null | ip=null | op=WRITE_CHUNK {blockData=conID: 1 locID: 102659919950905358 bcsId: 0} | ret=SUCCESS |  
2019-08-22 09:27:53,092 | INFO  | DNAudit | user=null | ip=null | op=WRITE_CHUNK {blockData=conID: 1 locID: 102659919950905358 bcsId: 0} | ret=SUCCESS |  
2019-08-22 09:27:53,092 | INFO  | SCMAudit | user=jenkins1000 | ip=192.168.36.85 | op=SEND_HEARTBEAT {datanodeUUID=d8e1cfc5-e249-437a-bc24-3d460aa72825, command=[]} | ret=SUCCESS |  
2019-08-22 09:27:53,092 | INFO  | SCMAudit | user=jenkins1000 | ip=192.168.36.85 | op=SEND_HEARTBEAT {datanodeUUID=f1e02cbd-f391-4fd8-b388-c076d48374d7, command=[]} | ret=SUCCESS |  
2019-08-22 09:27:53,092 | INFO  | SCMAudit | user=jenkins1000 | ip=192.168.36.85 | op=SEND_HEARTBEAT {datanodeUUID=928f26db-de41-4c85-b3d0-1197049d8d00, command=[]} | ret=SUCCESS |  
2019-08-22 09:27:53,106 | INFO  | DNAudit | user=null | ip=null | op=WRITE_CHUNK {blockData=conID: 1 locID: 102659919950905358 bcsId: 0} | ret=SUCCESS |  
2019-08-22 09:27:53,111 [grpc-default-executor-6] INFO  client.GrpcClientProtocolClient (GrpcClientProtocolClient.java:onNext(255)) - client-47AEE83A0C30->d8e1cfc5-e249-437a-bc24-3d460aa72825: receive RaftClientReply:client-47AEE83A0C30->d8e1cfc5-e249-437a-bc24-3d460aa72825@group-987FF9BACDAF, cid=155, SUCCESS, logIndex=1, commits[d8e1cfc5-e249-437a-bc24-3d460aa72825:c1, f1e02cbd-f391-4fd8-b388-c076d48374d7:c0, 928f26db-de41-4c85-b3d0-1197049d8d00:c0]
2019-08-22 09:27:53,115 | INFO  | DNAudit | user=null | ip=null | op=WRITE_CHUNK {blockData=conID: 1 locID: 102659919950905358 bcsId: 0} | ret=SUCCESS |  
2019-08-22 09:27:53,116 | INFO  | DNAudit | user=null | ip=null | op=WRITE_CHUNK {blockData=conID: 1 locID: 102659919950905358 bcsId: 0} | ret=SUCCESS |  
2019-08-22 09:27:53,117 | INFO  | DNAudit | user=null | ip=null | op=WRITE_CHUNK {blockData=conID: 1 locID: 102659919950905358 bcsId: 0} | ret=SUCCESS |  
2019-08-22 09:27:53,117 | INFO  | DNAudit | user=null | ip=null | op=WRITE_CHUNK {blockData=conID: 1 locID: 102659919950905358 bcsId: 0} | ret=SUCCESS |  
2019-08-22 09:27:53,118 | INFO  | DNAudit | user=null | ip=null | op=WRITE_CHUNK {blockData=conID: 1 locID: 102659919950905358 bcsId: 0} | ret=SUCCESS |  
2019-08-22 09:27:53,118 | INFO  | DNAudit | user=null | ip=null | op=WRITE_CHUNK {blockData=conID: 1 locID: 102659919950905358 bcsId: 0} | ret=SUCCESS |  
2019-08-22 09:27:53,118 | INFO  | DNAudit | user=null | ip=null | op=WRITE_CHUNK {blockData=conID: 1 locID: 102659919950905358 bcsId: 0} | ret=SUCCESS |  
2019-08-22 09:27:53,119 | INFO  | DNAudit | user=null | ip=null | op=WRITE_CHUNK {blockData=conID: 1 locID: 102659919950905358 bcsId: 0} | ret=SUCCESS |  
2019-08-22 09:27:53,119 | INFO  | DNAudit | user=null | ip=null | op=WRITE_CHUNK {blockData=conID: 1 locID: 102659919950905358 bcsId: 0} | ret=SUCCESS |  
2019-08-22 09:27:53,120 | INFO  | DNAudit | user=null | ip=null | op=WRITE_CHUNK {blockData=conID: 1 locID: 102659919950905358 bcsId: 0} | ret=SUCCESS |  
2019-08-22 09:27:53,120 | INFO  | DNAudit | user=null | ip=null | op=WRITE_CHUNK {blockData=conID: 1 locID: 102659919950905358 bcsId: 0} | ret=SUCCESS |  
2019-08-22 09:27:53,120 | INFO  | DNAudit | user=null | ip=null | op=WRITE_CHUNK {blockData=conID: 1 locID: 102659919950905358 bcsId: 0} | ret=SUCCESS |  
2019-08-22 09:27:53,126 | INFO  | DNAudit | user=null | ip=null | op=WRITE_CHUNK {blockData=conID: 1 locID: 102659919950905358 bcsId: 0} | ret=SUCCESS |  
2019-08-22 09:27:53,126 [grpc-default-executor-11] INFO  client.GrpcClientProtocolClient (GrpcClientProtocolClient.java:onNext(255)) - client-47AEE83A0C30->d8e1cfc5-e249-437a-bc24-3d460aa72825: receive RaftClientReply:client-47AEE83A0C30->d8e1cfc5-e249-437a-bc24-3d460aa72825@group-987FF9BACDAF, cid=156, SUCCESS, logIndex=3, commits[d8e1cfc5-e249-437a-bc24-3d460aa72825:c4, f1e02cbd-f391-4fd8-b388-c076d48374d7:c1, 928f26db-de41-4c85-b3d0-1197049d8d00:c1]
2019-08-22 09:27:53,135 | INFO  | DNAudit | user=null | ip=null | op=WRITE_CHUNK {blockData=conID: 1 locID: 102659919950905358 bcsId: 0} | ret=SUCCESS |  
2019-08-22 09:27:53,202 | INFO  | DNAudit | user=null | ip=null | op=PUT_BLOCK {blockData=[blockId=conID: 1 locID: 102659919950905358 bcsId: 0,size=200]} | ret=SUCCESS |  
2019-08-22 09:27:53,203 | INFO  | DNAudit | user=null | ip=null | op=WRITE_CHUNK {blockData=conID: 1 locID: 102659919950905358 bcsId: 0} | ret=SUCCESS |  
2019-08-22 09:27:53,203 | INFO  | DNAudit | user=null | ip=null | op=WRITE_CHUNK {blockData=conID: 1 locID: 102659919950905358 bcsId: 0} | ret=SUCCESS |  
2019-08-22 09:27:53,204 [grpc-default-executor-11] INFO  client.GrpcClientProtocolClient (GrpcClientProtocolClient.java:onNext(255)) - client-47AEE83A0C30->d8e1cfc5-e249-437a-bc24-3d460aa72825: receive RaftClientReply:client-47AEE83A0C30->d8e1cfc5-e249-437a-bc24-3d460aa72825@group-987FF9BACDAF, cid=157, SUCCESS, logIndex=4, commits[d8e1cfc5-e249-437a-bc24-3d460aa72825:c12, f1e02cbd-f391-4fd8-b388-c076d48374d7:c7, 928f26db-de41-4c85-b3d0-1197049d8d00:c8]
2019-08-22 09:27:53,205 [grpc-default-executor-11] INFO  client.GrpcClientProtocolClient (GrpcClientProtocolClient.java:onNext(255)) - client-47AEE83A0C30->d8e1cfc5-e249-437a-bc24-3d460aa72825: receive RaftClientReply:client-47AEE83A0C30->d8e1cfc5-e249-437a-bc24-3d460aa72825@group-987FF9BACDAF, cid=158, SUCCESS, logIndex=5, commits[d8e1cfc5-e249-437a-bc24-3d460aa72825:c12, f1e02cbd-f391-4fd8-b388-c076d48374d7:c7, 928f26db-de41-4c85-b3d0-1197049d8d00:c8]
2019-08-22 09:27:53,206 [grpc-default-executor-11] INFO  client.GrpcClientProtocolClient (GrpcClientProtocolClient.java:onNext(255)) - client-47AEE83A0C30->d8e1cfc5-e249-437a-bc24-3d460aa72825: receive RaftClientReply:client-47AEE83A0C30->d8e1cfc5-e249-437a-bc24-3d460aa72825@group-987FF9BACDAF, cid=159, SUCCESS, logIndex=6, commits[d8e1cfc5-e249-437a-bc24-3d460aa72825:c12, f1e02cbd-f391-4fd8-b388-c076d48374d7:c7, 928f26db-de41-4c85-b3d0-1197049d8d00:c8]
2019-08-22 09:27:53,284 | INFO  | DNAudit | user=null | ip=null | op=PUT_BLOCK {blockData=[blockId=conID: 1 locID: 102659919950905358 bcsId: 0,size=200]} | ret=SUCCESS |  
2019-08-22 09:27:53,284 | INFO  | DNAudit | user=null | ip=null | op=WRITE_CHUNK {blockData=conID: 1 locID: 102659919950905358 bcsId: 0} | ret=SUCCESS |  
2019-08-22 09:27:53,285 | INFO  | DNAudit | user=null | ip=null | op=WRITE_CHUNK {blockData=conID: 1 locID: 102659919950905358 bcsId: 0} | ret=SUCCESS |  
2019-08-22 09:27:53,286 | INFO  | SCMAudit | user=jenkins1000 | ip=192.168.36.85 | op=SEND_HEARTBEAT {datanodeUUID=95ce97c6-e6af-4640-b6f2-079eca5e157b, command=[]} | ret=SUCCESS |  
2019-08-22 09:27:53,356 | INFO  | DNAudit | user=null | ip=null | op=PUT_BLOCK {blockData=[blockId=conID: 1 locID: 102659919950905358 bcsId: 0,size=400]} | ret=SUCCESS |  
2019-08-22 09:27:53,356 | INFO  | DNAudit | user=null | ip=null | op=PUT_BLOCK {blockData=[blockId=conID: 1 locID: 102659919950905358 bcsId: 0,size=200]} | ret=SUCCESS |  
2019-08-22 09:27:53,356 | INFO  | DNAudit | user=null | ip=null | op=PUT_BLOCK {blockData=[blockId=conID: 1 locID: 102659919950905358 bcsId: 0,size=400]} | ret=SUCCESS |  
2019-08-22 09:27:53,357 | INFO  | DNAudit | user=null | ip=null | op=WRITE_CHUNK {blockData=conID: 1 locID: 102659919950905358 bcsId: 0} | ret=SUCCESS |  
2019-08-22 09:27:53,358 | INFO  | DNAudit | user=null | ip=null | op=WRITE_CHUNK {blockData=conID: 1 locID: 102659919950905358 bcsId: 0} | ret=SUCCESS |  
2019-08-22 09:27:53,359 | INFO  | DNAudit | user=null | ip=null | op=PUT_BLOCK {blockData=[blockId=conID: 1 locID: 102659919950905358 bcsId: 0,size=400]} | ret=SUCCESS |  
2019-08-22 09:27:53,359 [grpc-default-executor-11] INFO  client.GrpcClientProtocolClient (GrpcClientProtocolClient.java:onNext(255)) - client-47AEE83A0C30->d8e1cfc5-e249-437a-bc24-3d460aa72825: receive RaftClientReply:client-47AEE83A0C30->d8e1cfc5-e249-437a-bc24-3d460aa72825@group-987FF9BACDAF, cid=160, SUCCESS, logIndex=7, commits[d8e1cfc5-e249-437a-bc24-3d460aa72825:c12, f1e02cbd-f391-4fd8-b388-c076d48374d7:c7, 928f26db-de41-4c85-b3d0-1197049d8d00:c8]
2019-08-22 09:27:53,363 | INFO  | DNAudit | user=null | ip=null | op=WRITE_CHUNK {blockData=conID: 1 locID: 102659919950905358 bcsId: 7} | ret=SUCCESS |  
2019-08-22 09:27:53,365 | INFO  | DNAudit | user=null | ip=null | op=WRITE_CHUNK {blockData=conID: 1 locID: 102659919950905358 bcsId: 7} | ret=SUCCESS |  
2019-08-22 09:27:53,365 | INFO  | DNAudit | user=null | ip=null | op=WRITE_CHUNK {blockData=conID: 1 locID: 102659919950905358 bcsId: 7} | ret=SUCCESS |  
2019-08-22 09:27:53,377 | INFO  | DNAudit | user=null | ip=null | op=WRITE_CHUNK {blockData=conID: 1 locID: 102659919950905358 bcsId: 7} | ret=SUCCESS |  
2019-08-22 09:27:53,384 | INFO  | DNAudit | user=null | ip=null | op=PUT_BLOCK {blockData=[blockId=conID: 1 locID: 102659919950905358 bcsId: 0,size=450]} | ret=SUCCESS |  
2019-08-22 09:27:53,384 [grpc-default-executor-11] INFO  client.GrpcClientProtocolClient (GrpcClientProtocolClient.java:onNext(255)) - client-47AEE83A0C30->d8e1cfc5-e249-437a-bc24-3d460aa72825: receive RaftClientReply:client-47AEE83A0C30->d8e1cfc5-e249-437a-bc24-3d460aa72825@group-987FF9BACDAF, cid=161, SUCCESS, logIndex=13, commits[d8e1cfc5-e249-437a-bc24-3d460aa72825:c14, f1e02cbd-f391-4fd8-b388-c076d48374d7:c12, 928f26db-de41-4c85-b3d0-1197049d8d00:c12]
2019-08-22 09:27:53,385 [grpc-default-executor-11] INFO  client.GrpcClientProtocolClient (GrpcClientProtocolClient.java:onNext(255)) - client-47AEE83A0C30->d8e1cfc5-e249-437a-bc24-3d460aa72825: receive RaftClientReply:client-47AEE83A0C30->d8e1cfc5-e249-437a-bc24-3d460aa72825@group-987FF9BACDAF, cid=162, SUCCESS, logIndex=14, commits[d8e1cfc5-e249-437a-bc24-3d460aa72825:c14, f1e02cbd-f391-4fd8-b388-c076d48374d7:c12, 928f26db-de41-4c85-b3d0-1197049d8d00:c12]
2019-08-22 09:27:53,389 | INFO  | DNAudit | user=null | ip=null | op=WRITE_CHUNK {blockData=conID: 1 locID: 102659919950905358 bcsId: 7} | ret=SUCCESS |  
2019-08-22 09:27:53,389 | INFO  | DNAudit | user=null | ip=null | op=WRITE_CHUNK {blockData=conID: 1 locID: 102659919950905358 bcsId: 7} | ret=SUCCESS |  
2019-08-22 09:27:53,394 | INFO  | DNAudit | user=null | ip=null | op=PUT_BLOCK {blockData=[blockId=conID: 1 locID: 102659919950905358 bcsId: 0,size=450]} | ret=SUCCESS |  
2019-08-22 09:27:53,394 | INFO  | DNAudit | user=null | ip=null | op=PUT_BLOCK {blockData=[blockId=conID: 1 locID: 102659919950905358 bcsId: 0,size=450]} | ret=SUCCESS |  
2019-08-22 09:27:53,395 [grpc-default-executor-6] INFO  client.GrpcClientProtocolClient (GrpcClientProtocolClient.java:onNext(255)) - client-47AEE83A0C30->d8e1cfc5-e249-437a-bc24-3d460aa72825: receive RaftClientReply:client-47AEE83A0C30->d8e1cfc5-e249-437a-bc24-3d460aa72825@group-987FF9BACDAF, cid=163, SUCCESS, logIndex=0, commits[d8e1cfc5-e249-437a-bc24-3d460aa72825:c15, f1e02cbd-f391-4fd8-b388-c076d48374d7:c14, 928f26db-de41-4c85-b3d0-1197049d8d00:c14]
2019-08-22 09:27:53,396 [main] INFO  datanode.ObjectStoreHandler (ObjectStoreHandler.java:close(155)) - Closing ObjectStoreHandler.
2019-08-22 09:27:53,396 [main] INFO  ozone.HddsDatanodeService (HddsDatanodeService.java:stop(451)) - Stopped plug-in org.apache.hadoop.ozone.web.OzoneHddsDatanodeService@48971262
2019-08-22 09:27:53,477 | INFO  | SCMAudit | user=jenkins1000 | ip=192.168.36.85 | op=SEND_HEARTBEAT {datanodeUUID=c63d63f4-e4a3-48b0-8e66-cfae5c1ce3a1, command=[]} | ret=SUCCESS |  
2019-08-22 09:27:53,644 | INFO  | SCMAudit | user=jenkins1000 | ip=192.168.36.85 | op=SEND_HEARTBEAT {datanodeUUID=75d72393-3020-4de0-a4ea-5e88f0c8cd61, command=[]} | ret=SUCCESS |  
2019-08-22 09:27:54,039 | INFO  | SCMAudit | user=jenkins1000 | ip=192.168.36.85 | op=SEND_HEARTBEAT {datanodeUUID=909bb822-8e17-41f4-9059-fc5d171ea46d, command=[]} | ret=SUCCESS |  
2019-08-22 09:27:54,091 | INFO  | SCMAudit | user=jenkins1000 | ip=192.168.36.85 | op=SEND_HEARTBEAT {datanodeUUID=f1e02cbd-f391-4fd8-b388-c076d48374d7, command=[]} | ret=SUCCESS |  
2019-08-22 09:27:54,091 | INFO  | SCMAudit | user=jenkins1000 | ip=192.168.36.85 | op=SEND_HEARTBEAT {datanodeUUID=928f26db-de41-4c85-b3d0-1197049d8d00, command=[]} | ret=SUCCESS |  
2019-08-22 09:27:54,091 [Datanode State Machine Thread - 0] INFO  statemachine.DatanodeStateMachine (DatanodeStateMachine.java:lambda$startDaemon$0(350)) - Ozone container server started.
2019-08-22 09:27:54,287 | INFO  | SCMAudit | user=jenkins1000 | ip=192.168.36.85 | op=SEND_HEARTBEAT {datanodeUUID=95ce97c6-e6af-4640-b6f2-079eca5e157b, command=[]} | ret=SUCCESS |  
2019-08-22 09:27:54,476 | INFO  | SCMAudit | user=jenkins1000 | ip=192.168.36.85 | op=SEND_HEARTBEAT {datanodeUUID=c63d63f4-e4a3-48b0-8e66-cfae5c1ce3a1, command=[]} | ret=SUCCESS |  
2019-08-22 09:27:54,644 | INFO  | SCMAudit | user=jenkins1000 | ip=192.168.36.85 | op=SEND_HEARTBEAT {datanodeUUID=75d72393-3020-4de0-a4ea-5e88f0c8cd61, command=[]} | ret=SUCCESS |  
2019-08-22 09:27:55,039 | INFO  | SCMAudit | user=jenkins1000 | ip=192.168.36.85 | op=SEND_HEARTBEAT {datanodeUUID=909bb822-8e17-41f4-9059-fc5d171ea46d, command=[]} | ret=SUCCESS |  
2019-08-22 09:27:55,091 | INFO  | SCMAudit | user=jenkins1000 | ip=192.168.36.85 | op=SEND_HEARTBEAT {datanodeUUID=f1e02cbd-f391-4fd8-b388-c076d48374d7, command=[]} | ret=SUCCESS |  
2019-08-22 09:27:55,091 | INFO  | SCMAudit | user=jenkins1000 | ip=192.168.36.85 | op=SEND_HEARTBEAT {datanodeUUID=928f26db-de41-4c85-b3d0-1197049d8d00, command=[]} | ret=SUCCESS |  
2019-08-22 09:27:55,287 | INFO  | SCMAudit | user=jenkins1000 | ip=192.168.36.85 | op=SEND_HEARTBEAT {datanodeUUID=95ce97c6-e6af-4640-b6f2-079eca5e157b, command=[]} | ret=SUCCESS |  
2019-08-22 09:27:55,477 | INFO  | SCMAudit | user=jenkins1000 | ip=192.168.36.85 | op=SEND_HEARTBEAT {datanodeUUID=c63d63f4-e4a3-48b0-8e66-cfae5c1ce3a1, command=[]} | ret=SUCCESS |  
2019-08-22 09:27:55,643 | INFO  | SCMAudit | user=jenkins1000 | ip=192.168.36.85 | op=SEND_HEARTBEAT {datanodeUUID=75d72393-3020-4de0-a4ea-5e88f0c8cd61, command=[]} | ret=SUCCESS |  
2019-08-22 09:27:56,039 | INFO  | SCMAudit | user=jenkins1000 | ip=192.168.36.85 | op=SEND_HEARTBEAT {datanodeUUID=909bb822-8e17-41f4-9059-fc5d171ea46d, command=[]} | ret=SUCCESS |  
2019-08-22 09:27:56,091 | INFO  | SCMAudit | user=jenkins1000 | ip=192.168.36.85 | op=SEND_HEARTBEAT {datanodeUUID=928f26db-de41-4c85-b3d0-1197049d8d00, command=[]} | ret=SUCCESS |  
2019-08-22 09:27:56,091 | INFO  | SCMAudit | user=jenkins1000 | ip=192.168.36.85 | op=SEND_HEARTBEAT {datanodeUUID=f1e02cbd-f391-4fd8-b388-c076d48374d7, command=[]} | ret=SUCCESS |  
2019-08-22 09:27:56,287 | INFO  | SCMAudit | user=jenkins1000 | ip=192.168.36.85 | op=SEND_HEARTBEAT {datanodeUUID=95ce97c6-e6af-4640-b6f2-079eca5e157b, command=[]} | ret=SUCCESS |  
2019-08-22 09:27:56,477 | INFO  | SCMAudit | user=jenkins1000 | ip=192.168.36.85 | op=SEND_HEARTBEAT {datanodeUUID=c63d63f4-e4a3-48b0-8e66-cfae5c1ce3a1, command=[]} | ret=SUCCESS |  
2019-08-22 09:27:56,644 | INFO  | SCMAudit | user=jenkins1000 | ip=192.168.36.85 | op=SEND_HEARTBEAT {datanodeUUID=75d72393-3020-4de0-a4ea-5e88f0c8cd61, command=[]} | ret=SUCCESS |  
2019-08-22 09:27:57,039 | INFO  | SCMAudit | user=jenkins1000 | ip=192.168.36.85 | op=SEND_HEARTBEAT {datanodeUUID=909bb822-8e17-41f4-9059-fc5d171ea46d, command=[]} | ret=SUCCESS |  
2019-08-22 09:27:57,092 | INFO  | SCMAudit | user=jenkins1000 | ip=192.168.36.85 | op=SEND_HEARTBEAT {datanodeUUID=f1e02cbd-f391-4fd8-b388-c076d48374d7, command=[]} | ret=SUCCESS |  
2019-08-22 09:27:57,092 | INFO  | SCMAudit | user=jenkins1000 | ip=192.168.36.85 | op=SEND_HEARTBEAT {datanodeUUID=928f26db-de41-4c85-b3d0-1197049d8d00, command=[]} | ret=SUCCESS |  
2019-08-22 09:27:57,287 | INFO  | SCMAudit | user=jenkins1000 | ip=192.168.36.85 | op=SEND_HEARTBEAT {datanodeUUID=95ce97c6-e6af-4640-b6f2-079eca5e157b, command=[]} | ret=SUCCESS |  
2019-08-22 09:27:57,477 | INFO  | SCMAudit | user=jenkins1000 | ip=192.168.36.85 | op=SEND_HEARTBEAT {datanodeUUID=c63d63f4-e4a3-48b0-8e66-cfae5c1ce3a1, command=[]} | ret=SUCCESS |  
2019-08-22 09:27:57,644 | INFO  | SCMAudit | user=jenkins1000 | ip=192.168.36.85 | op=SEND_HEARTBEAT {datanodeUUID=75d72393-3020-4de0-a4ea-5e88f0c8cd61, command=[]} | ret=SUCCESS |  
2019-08-22 09:27:58,039 | INFO  | SCMAudit | user=jenkins1000 | ip=192.168.36.85 | op=SEND_HEARTBEAT {datanodeUUID=909bb822-8e17-41f4-9059-fc5d171ea46d, command=[]} | ret=SUCCESS |  
2019-08-22 09:27:58,092 | INFO  | SCMAudit | user=jenkins1000 | ip=192.168.36.85 | op=SEND_HEARTBEAT {datanodeUUID=f1e02cbd-f391-4fd8-b388-c076d48374d7, command=[]} | ret=SUCCESS |  
2019-08-22 09:27:58,092 | INFO  | SCMAudit | user=jenkins1000 | ip=192.168.36.85 | op=SEND_HEARTBEAT {datanodeUUID=928f26db-de41-4c85-b3d0-1197049d8d00, command=[]} | ret=SUCCESS |  
2019-08-22 09:27:58,191 [EventQueue-StaleNodeForStaleNodeHandler] INFO  node.StaleNodeHandler (StaleNodeHandler.java:onMessage(58)) - Datanode d8e1cfc5-e249-437a-bc24-3d460aa72825{ip: 192.168.36.85, host: pr-hdds-1898-9jx57-4170240974, networkLocation: /default-rack, certSerialId: null} moved to stale state. Finalizing its pipelines [PipelineID=9d64e6f2-dc3c-46ab-a93b-987ff9bacdaf, PipelineID=79225b58-e793-4bd9-895b-093a10b4245c]
2019-08-22 09:27:58,192 [EventQueue-StaleNodeForStaleNodeHandler] INFO  pipeline.SCMPipelineManager (SCMPipelineManager.java:finalizeAndDestroyPipeline(309)) - destroying pipeline:Pipeline[ Id: 9d64e6f2-dc3c-46ab-a93b-987ff9bacdaf, Nodes: d8e1cfc5-e249-437a-bc24-3d460aa72825{ip: 192.168.36.85, host: pr-hdds-1898-9jx57-4170240974, networkLocation: /default-rack, certSerialId: null}928f26db-de41-4c85-b3d0-1197049d8d00{ip: 192.168.36.85, host: pr-hdds-1898-9jx57-4170240974, networkLocation: /default-rack, certSerialId: null}f1e02cbd-f391-4fd8-b388-c076d48374d7{ip: 192.168.36.85, host: pr-hdds-1898-9jx57-4170240974, networkLocation: /default-rack, certSerialId: null}, Type:RATIS, Factor:THREE, State:OPEN]
2019-08-22 09:27:58,192 [EventQueue-StaleNodeForStaleNodeHandler] INFO  pipeline.PipelineStateManager (PipelineStateManager.java:finalizePipeline(123)) - Pipeline Pipeline[ Id: 9d64e6f2-dc3c-46ab-a93b-987ff9bacdaf, Nodes: d8e1cfc5-e249-437a-bc24-3d460aa72825{ip: 192.168.36.85, host: pr-hdds-1898-9jx57-4170240974, networkLocation: /default-rack, certSerialId: null}928f26db-de41-4c85-b3d0-1197049d8d00{ip: 192.168.36.85, host: pr-hdds-1898-9jx57-4170240974, networkLocation: /default-rack, certSerialId: null}f1e02cbd-f391-4fd8-b388-c076d48374d7{ip: 192.168.36.85, host: pr-hdds-1898-9jx57-4170240974, networkLocation: /default-rack, certSerialId: null}, Type:RATIS, Factor:THREE, State:CLOSED] moved to CLOSED state
2019-08-22 09:27:58,192 [EventQueue-CloseContainerForCloseContainerEventHandler] INFO  container.CloseContainerEventHandler (CloseContainerEventHandler.java:onMessage(61)) - Close container Event triggered for container : #1
2019-08-22 09:27:58,192 [EventQueue-StaleNodeForStaleNodeHandler] INFO  pipeline.SCMPipelineManager (SCMPipelineManager.java:finalizeAndDestroyPipeline(309)) - destroying pipeline:Pipeline[ Id: 79225b58-e793-4bd9-895b-093a10b4245c, Nodes: d8e1cfc5-e249-437a-bc24-3d460aa72825{ip: 192.168.36.85, host: pr-hdds-1898-9jx57-4170240974, networkLocation: /default-rack, certSerialId: null}, Type:RATIS, Factor:ONE, State:OPEN]
2019-08-22 09:27:58,192 [EventQueue-StaleNodeForStaleNodeHandler] INFO  pipeline.PipelineStateManager (PipelineStateManager.java:finalizePipeline(123)) - Pipeline Pipeline[ Id: 79225b58-e793-4bd9-895b-093a10b4245c, Nodes: d8e1cfc5-e249-437a-bc24-3d460aa72825{ip: 192.168.36.85, host: pr-hdds-1898-9jx57-4170240974, networkLocation: /default-rack, certSerialId: null}, Type:RATIS, Factor:ONE, State:CLOSED] moved to CLOSED state
2019-08-22 09:27:58,288 | INFO  | SCMAudit | user=jenkins1000 | ip=192.168.36.85 | op=SEND_HEARTBEAT {datanodeUUID=95ce97c6-e6af-4640-b6f2-079eca5e157b, command=[]} | ret=SUCCESS |  
2019-08-22 09:27:58,397 [main] INFO  ozoneimpl.OzoneContainer (OzoneContainer.java:stop(199)) - Attempting to stop container services.
2019-08-22 09:27:58,397 [main] INFO  impl.RaftServerProxy (RaftServerProxy.java:lambda$close$4(314)) - d8e1cfc5-e249-437a-bc24-3d460aa72825: close
2019-08-22 09:27:58,398 [main] INFO  impl.RaftServerImpl (RaftServerImpl.java:lambda$shutdown$3(245)) - d8e1cfc5-e249-437a-bc24-3d460aa72825: shutdown group-987FF9BACDAF
2019-08-22 09:27:58,398 [ForkJoinPool.commonPool-worker-1] INFO  impl.RaftServerImpl (RaftServerImpl.java:lambda$shutdown$3(245)) - d8e1cfc5-e249-437a-bc24-3d460aa72825: shutdown group-093A10B4245C
2019-08-22 09:27:58,399 [main] INFO  util.JmxRegister (JmxRegister.java:unregister(73)) - Successfully un-registered JMX Bean with object name Ratis:service=RaftServer,group=group-987FF9BACDAF,id=d8e1cfc5-e249-437a-bc24-3d460aa72825
2019-08-22 09:27:58,399 [ForkJoinPool.commonPool-worker-1] INFO  util.JmxRegister (JmxRegister.java:unregister(73)) - Successfully un-registered JMX Bean with object name Ratis:service=RaftServer,group=group-093A10B4245C,id=d8e1cfc5-e249-437a-bc24-3d460aa72825
2019-08-22 09:27:58,399 [main] INFO  impl.RoleInfo (RoleInfo.java:shutdownLeaderState(104)) - d8e1cfc5-e249-437a-bc24-3d460aa72825: shutdown LeaderState
2019-08-22 09:27:58,399 [ForkJoinPool.commonPool-worker-1] INFO  impl.RoleInfo (RoleInfo.java:shutdownLeaderState(104)) - d8e1cfc5-e249-437a-bc24-3d460aa72825: shutdown LeaderState
2019-08-22 09:27:58,406 [org.apache.ratis.server.impl.LogAppender$AppenderDaemon$$Lambda$520/880152856@3e912757] WARN  server.GrpcLogAppender (GrpcLogAppender.java:mayWait(143)) - GrpcLogAppender(d8e1cfc5-e249-437a-bc24-3d460aa72825->f1e02cbd-f391-4fd8-b388-c076d48374d7): Wait interrupted by java.lang.InterruptedException
2019-08-22 09:27:58,406 [main] INFO  impl.PendingRequests (PendingRequests.java:sendNotLeaderResponses(202)) - d8e1cfc5-e249-437a-bc24-3d460aa72825-PendingRequests: sendNotLeaderResponses
2019-08-22 09:27:58,406 [grpc-default-executor-11] INFO  server.GrpcServerProtocolService (GrpcServerProtocolService.java:onCompleted(104)) - f1e02cbd-f391-4fd8-b388-c076d48374d7: appendEntries completed
2019-08-22 09:27:58,406 [org.apache.ratis.server.impl.LogAppender$AppenderDaemon$$Lambda$520/880152856@7b93bee1] WARN  server.GrpcLogAppender (GrpcLogAppender.java:mayWait(143)) - GrpcLogAppender(d8e1cfc5-e249-437a-bc24-3d460aa72825->928f26db-de41-4c85-b3d0-1197049d8d00): Wait interrupted by java.lang.InterruptedException
2019-08-22 09:27:58,406 [ForkJoinPool.commonPool-worker-1] INFO  impl.PendingRequests (PendingRequests.java:sendNotLeaderResponses(202)) - d8e1cfc5-e249-437a-bc24-3d460aa72825-PendingRequests: sendNotLeaderResponses
2019-08-22 09:27:58,411 [main] INFO  impl.StateMachineUpdater (StateMachineUpdater.java:stopAndJoin(115)) - StateMachineUpdater:d8e1cfc5-e249-437a-bc24-3d460aa72825:group-987FF9BACDAF: set stopIndex = 16
2019-08-22 09:27:58,411 [grpc-default-executor-6] INFO  server.GrpcLogAppender (GrpcLogAppender.java:onCompleted(292)) - d8e1cfc5-e249-437a-bc24-3d460aa72825->f1e02cbd-f391-4fd8-b388-c076d48374d7: follower responses appendEntries COMPLETED
2019-08-22 09:27:58,411 [grpc-default-executor-11] INFO  server.GrpcServerProtocolService (GrpcServerProtocolService.java:onCompleted(104)) - 928f26db-de41-4c85-b3d0-1197049d8d00: appendEntries completed
2019-08-22 09:27:58,411 [ForkJoinPool.commonPool-worker-1] INFO  impl.StateMachineUpdater (StateMachineUpdater.java:stopAndJoin(115)) - StateMachineUpdater:d8e1cfc5-e249-437a-bc24-3d460aa72825:group-093A10B4245C: set stopIndex = 0
2019-08-22 09:27:58,411 [StateMachineUpdater:d8e1cfc5-e249-437a-bc24-3d460aa72825:group-987FF9BACDAF] INFO  ratis.ContainerStateMachine (ContainerStateMachine.java:takeSnapshot(283)) - group-987FF9BACDAF: Taking a snapshot at:(t:2, i:14) file /workdir/hadoop-ozone/integration-test/target/test-dir/MiniOzoneClusterImpl-2e6e0ec1-3320-47b2-b0b8-5188264ac38e/datanode-2/data/ratis/9d64e6f2-dc3c-46ab-a93b-987ff9bacdaf/sm/snapshot.2_14
2019-08-22 09:27:58,412 [grpc-default-executor-11] INFO  server.GrpcLogAppender (GrpcLogAppender.java:onCompleted(292)) - d8e1cfc5-e249-437a-bc24-3d460aa72825->928f26db-de41-4c85-b3d0-1197049d8d00: follower responses appendEntries COMPLETED
2019-08-22 09:27:58,412 [ForkJoinPool.commonPool-worker-1] INFO  impl.RaftServerImpl (ServerState.java:close(394)) - d8e1cfc5-e249-437a-bc24-3d460aa72825:group-093A10B4245C closes. The last applied log index is 0
2019-08-22 09:27:58,412 [grpc-default-executor-6] INFO  impl.FollowerInfo (FollowerInfo.java:lambda$new$0(50)) - d8e1cfc5-e249-437a-bc24-3d460aa72825->f1e02cbd-f391-4fd8-b388-c076d48374d7: nextIndex: updateUnconditionally 17 -> 16
2019-08-22 09:27:58,412 [d8e1cfc5-e249-437a-bc24-3d460aa72825-SegmentedRaftLogWorker:Storage Directory /workdir/hadoop-ozone/integration-test/target/test-dir/MiniOzoneClusterImpl-2e6e0ec1-3320-47b2-b0b8-5188264ac38e/datanode-2/data/ratis/79225b58-e793-4bd9-895b-093a10b4245c] INFO  segmented.SegmentedRaftLogWorker (SegmentedRaftLogWorker.java:run(313)) - d8e1cfc5-e249-437a-bc24-3d460aa72825-SegmentedRaftLogWorker:Storage Directory /workdir/hadoop-ozone/integration-test/target/test-dir/MiniOzoneClusterImpl-2e6e0ec1-3320-47b2-b0b8-5188264ac38e/datanode-2/data/ratis/79225b58-e793-4bd9-895b-093a10b4245c was interrupted, exiting. There are 0 tasks remaining in the queue.
2019-08-22 09:27:58,412 [grpc-default-executor-11] INFO  impl.FollowerInfo (FollowerInfo.java:lambda$new$0(50)) - d8e1cfc5-e249-437a-bc24-3d460aa72825->928f26db-de41-4c85-b3d0-1197049d8d00: nextIndex: updateUnconditionally 17 -> 16
2019-08-22 09:27:58,415 [ForkJoinPool.commonPool-worker-1] INFO  segmented.SegmentedRaftLogWorker (SegmentedRaftLogWorker.java:close(228)) - d8e1cfc5-e249-437a-bc24-3d460aa72825-SegmentedRaftLogWorker:Storage Directory /workdir/hadoop-ozone/integration-test/target/test-dir/MiniOzoneClusterImpl-2e6e0ec1-3320-47b2-b0b8-5188264ac38e/datanode-2/data/ratis/79225b58-e793-4bd9-895b-093a10b4245c close()
2019-08-22 09:27:58,425 [StateMachineUpdater:d8e1cfc5-e249-437a-bc24-3d460aa72825:group-987FF9BACDAF] INFO  ratis.ContainerStateMachine (ContainerStateMachine.java:takeSnapshot(294)) - group-987FF9BACDAF: Finished taking a snapshot at:(t:2, i:14) file:/workdir/hadoop-ozone/integration-test/target/test-dir/MiniOzoneClusterImpl-2e6e0ec1-3320-47b2-b0b8-5188264ac38e/datanode-2/data/ratis/9d64e6f2-dc3c-46ab-a93b-987ff9bacdaf/sm/snapshot.2_14 time:14
2019-08-22 09:27:58,425 [StateMachineUpdater:d8e1cfc5-e249-437a-bc24-3d460aa72825:group-987FF9BACDAF] INFO  impl.StateMachineUpdater (StateMachineUpdater.java:takeSnapshot(242)) - StateMachineUpdater:d8e1cfc5-e249-437a-bc24-3d460aa72825:group-987FF9BACDAF: Took a snapshot at index 14
2019-08-22 09:27:58,425 [StateMachineUpdater:d8e1cfc5-e249-437a-bc24-3d460aa72825:group-987FF9BACDAF] INFO  impl.StateMachineUpdater (StateMachineUpdater.java:lambda$new$0(80)) - StateMachineUpdater:d8e1cfc5-e249-437a-bc24-3d460aa72825:group-987FF9BACDAF: snapshotIndex: updateIncreasingly -1 -> 14
2019-08-22 09:27:58,425 [main] INFO  impl.RaftServerImpl (ServerState.java:close(394)) - d8e1cfc5-e249-437a-bc24-3d460aa72825:group-987FF9BACDAF closes. The last applied log index is 16
2019-08-22 09:27:58,426 [d8e1cfc5-e249-437a-bc24-3d460aa72825-SegmentedRaftLogWorker:Storage Directory /workdir/hadoop-ozone/integration-test/target/test-dir/MiniOzoneClusterImpl-2e6e0ec1-3320-47b2-b0b8-5188264ac38e/datanode-2/data/ratis/9d64e6f2-dc3c-46ab-a93b-987ff9bacdaf] INFO  segmented.SegmentedRaftLogWorker (SegmentedRaftLogWorker.java:run(313)) - d8e1cfc5-e249-437a-bc24-3d460aa72825-SegmentedRaftLogWorker:Storage Directory /workdir/hadoop-ozone/integration-test/target/test-dir/MiniOzoneClusterImpl-2e6e0ec1-3320-47b2-b0b8-5188264ac38e/datanode-2/data/ratis/9d64e6f2-dc3c-46ab-a93b-987ff9bacdaf was interrupted, exiting. There are 0 tasks remaining in the queue.
2019-08-22 09:27:58,427 [main] INFO  segmented.SegmentedRaftLogWorker (SegmentedRaftLogWorker.java:close(228)) - d8e1cfc5-e249-437a-bc24-3d460aa72825-SegmentedRaftLogWorker:Storage Directory /workdir/hadoop-ozone/integration-test/target/test-dir/MiniOzoneClusterImpl-2e6e0ec1-3320-47b2-b0b8-5188264ac38e/datanode-2/data/ratis/9d64e6f2-dc3c-46ab-a93b-987ff9bacdaf close()
2019-08-22 09:27:58,430 [main] INFO  server.GrpcService (GrpcService.java:closeImpl(155)) - d8e1cfc5-e249-437a-bc24-3d460aa72825: shutdown server with port 41695 now
2019-08-22 09:27:58,431 [grpc-default-executor-6] WARN  client.GrpcClientProtocolService (LogUtils.java:warn(134)) - 4-UnorderedRequestStreamObserver4: onError: org.apache.ratis.thirdparty.io.grpc.StatusRuntimeException: CANCELLED: cancelled before receiving half close
2019-08-22 09:27:58,432 [main] INFO  server.GrpcService (GrpcService.java:closeImpl(163)) - d8e1cfc5-e249-437a-bc24-3d460aa72825: shutdown server with port 41695 successfully
2019-08-22 09:27:58,433 [main] INFO  utils.BackgroundService (BackgroundService.java:shutdown(148)) - Shutting down service BlockDeletingService
2019-08-22 09:27:58,434 [refreshUsed-/workdir/hadoop-ozone/integration-test/target/test-dir/MiniOzoneClusterImpl-2e6e0ec1-3320-47b2-b0b8-5188264ac38e/datanode-2/data/containers] WARN  fs.CachingGetSpaceUsed (CachingGetSpaceUsed.java:run(183)) - Thread Interrupted waiting to refresh disk information: sleep interrupted
2019-08-22 09:27:58,450 [main] INFO  statemachine.DatanodeStateMachine (DatanodeStateMachine.java:stopDaemon(395)) - Ozone container server stopped.
2019-08-22 09:27:58,451 [main] INFO  handler.ContextHandler (ContextHandler.java:doStop(910)) - Stopped o.e.j.w.WebAppContext@6971c6b7{/,null,UNAVAILABLE}{/hddsDatanode}
2019-08-22 09:27:58,451 [main] INFO  server.AbstractConnector (AbstractConnector.java:doStop(318)) - Stopped ServerConnector@402d45c6{HTTP/1.1,[http/1.1]}{0.0.0.0:0}
2019-08-22 09:27:58,451 [main] INFO  handler.ContextHandler (ContextHandler.java:doStop(910)) - Stopped o.e.j.s.ServletContextHandler@6860c000{/static,jar:file:/home/user/.m2/repository/org/apache/hadoop/hadoop-hdds-container-service/0.5.0-SNAPSHOT/hadoop-hdds-container-service-0.5.0-SNAPSHOT.jar!/webapps/static,UNAVAILABLE}
2019-08-22 09:27:58,452 [main] INFO  handler.ContextHandler (ContextHandler.java:doStop(910)) - Stopped o.e.j.s.ServletContextHandler@6d8cbd1a{/logs,file:///workdir/hadoop-ozone/integration-test/target/log,UNAVAILABLE}
2019-08-22 09:27:58,478 | INFO  | SCMAudit | user=jenkins1000 | ip=192.168.36.85 | op=SEND_HEARTBEAT {datanodeUUID=c63d63f4-e4a3-48b0-8e66-cfae5c1ce3a1, command=[]} | ret=SUCCESS |  
2019-08-22 09:27:58,643 | INFO  | SCMAudit | user=jenkins1000 | ip=192.168.36.85 | op=SEND_HEARTBEAT {datanodeUUID=75d72393-3020-4de0-a4ea-5e88f0c8cd61, command=[]} | ret=SUCCESS |  
2019-08-22 09:27:59,039 | INFO  | SCMAudit | user=jenkins1000 | ip=192.168.36.85 | op=SEND_HEARTBEAT {datanodeUUID=909bb822-8e17-41f4-9059-fc5d171ea46d, command=[]} | ret=SUCCESS |  
2019-08-22 09:27:59,093 | INFO  | SCMAudit | user=jenkins1000 | ip=192.168.36.85 | op=SEND_HEARTBEAT {datanodeUUID=f1e02cbd-f391-4fd8-b388-c076d48374d7, command=[commandType: closeContainerCommand closeContainerCommandProto { containerID: 1 pipelineID { id: "9d64e6f2-dc3c-46ab-a93b-987ff9bacdaf" } cmdId: 1 force: false } ]} | ret=SUCCESS |  
2019-08-22 09:27:59,093 | INFO  | SCMAudit | user=jenkins1000 | ip=192.168.36.85 | op=SEND_HEARTBEAT {datanodeUUID=928f26db-de41-4c85-b3d0-1197049d8d00, command=[commandType: closeContainerCommand closeContainerCommandProto { containerID: 1 pipelineID { id: "9d64e6f2-dc3c-46ab-a93b-987ff9bacdaf" } cmdId: 1 force: false } ]} | ret=SUCCESS |  
2019-08-22 09:27:59,288 | INFO  | SCMAudit | user=jenkins1000 | ip=192.168.36.85 | op=SEND_HEARTBEAT {datanodeUUID=95ce97c6-e6af-4640-b6f2-079eca5e157b, command=[]} | ret=SUCCESS |  
2019-08-22 09:27:59,478 | INFO  | SCMAudit | user=jenkins1000 | ip=192.168.36.85 | op=SEND_HEARTBEAT {datanodeUUID=c63d63f4-e4a3-48b0-8e66-cfae5c1ce3a1, command=[]} | ret=SUCCESS |  
2019-08-22 09:27:59,644 | INFO  | SCMAudit | user=jenkins1000 | ip=192.168.36.85 | op=SEND_HEARTBEAT {datanodeUUID=75d72393-3020-4de0-a4ea-5e88f0c8cd61, command=[]} | ret=SUCCESS |  
2019-08-22 09:28:00,040 | INFO  | SCMAudit | user=jenkins1000 | ip=192.168.36.85 | op=SEND_HEARTBEAT {datanodeUUID=909bb822-8e17-41f4-9059-fc5d171ea46d, command=[]} | ret=SUCCESS |  
2019-08-22 09:28:00,093 | INFO  | SCMAudit | user=jenkins1000 | ip=192.168.36.85 | op=SEND_HEARTBEAT {datanodeUUID=928f26db-de41-4c85-b3d0-1197049d8d00, command=[]} | ret=SUCCESS |  
2019-08-22 09:28:00,093 | INFO  | SCMAudit | user=jenkins1000 | ip=192.168.36.85 | op=SEND_HEARTBEAT {datanodeUUID=f1e02cbd-f391-4fd8-b388-c076d48374d7, command=[]} | ret=SUCCESS |  
2019-08-22 09:28:00,249 | INFO  | SCMAudit | user=jenkins1000 | ip=192.168.36.85 | op=SEND_HEARTBEAT {datanodeUUID=928f26db-de41-4c85-b3d0-1197049d8d00, command=[]} | ret=SUCCESS |  
2019-08-22 09:28:00,288 | INFO  | SCMAudit | user=jenkins1000 | ip=192.168.36.85 | op=SEND_HEARTBEAT {datanodeUUID=95ce97c6-e6af-4640-b6f2-079eca5e157b, command=[]} | ret=SUCCESS |  
2019-08-22 09:28:00,465 [grpc-default-executor-10] INFO  client.GrpcClientProtocolClient (GrpcClientProtocolClient.java:onNext(255)) - client-47AEE83A0C30->f1e02cbd-f391-4fd8-b388-c076d48374d7: receive RaftClientReply:client-47AEE83A0C30->f1e02cbd-f391-4fd8-b388-c076d48374d7@group-987FF9BACDAF, cid=164, FAILED org.apache.ratis.protocol.NotLeaderException: Server f1e02cbd-f391-4fd8-b388-c076d48374d7 is not the leader (d8e1cfc5-e249-437a-bc24-3d460aa72825:192.168.36.85:41695). Request must be sent to leader., logIndex=0, commits[f1e02cbd-f391-4fd8-b388-c076d48374d7:c16, d8e1cfc5-e249-437a-bc24-3d460aa72825:c16, 928f26db-de41-4c85-b3d0-1197049d8d00:c16]
2019-08-22 09:28:00,478 | INFO  | SCMAudit | user=jenkins1000 | ip=192.168.36.85 | op=SEND_HEARTBEAT {datanodeUUID=c63d63f4-e4a3-48b0-8e66-cfae5c1ce3a1, command=[]} | ret=SUCCESS |  
2019-08-22 09:28:00,644 | INFO  | SCMAudit | user=jenkins1000 | ip=192.168.36.85 | op=SEND_HEARTBEAT {datanodeUUID=75d72393-3020-4de0-a4ea-5e88f0c8cd61, command=[]} | ret=SUCCESS |  
2019-08-22 09:28:01,040 | INFO  | SCMAudit | user=jenkins1000 | ip=192.168.36.85 | op=SEND_HEARTBEAT {datanodeUUID=909bb822-8e17-41f4-9059-fc5d171ea46d, command=[]} | ret=SUCCESS |  
2019-08-22 09:28:01,093 | INFO  | SCMAudit | user=jenkins1000 | ip=192.168.36.85 | op=SEND_HEARTBEAT {datanodeUUID=f1e02cbd-f391-4fd8-b388-c076d48374d7, command=[]} | ret=SUCCESS |  
2019-08-22 09:28:01,213 | INFO  | SCMAudit | user=jenkins1000 | ip=192.168.36.85 | op=SEND_HEARTBEAT {datanodeUUID=f1e02cbd-f391-4fd8-b388-c076d48374d7, command=[]} | ret=SUCCESS |  
2019-08-22 09:28:01,248 | INFO  | SCMAudit | user=jenkins1000 | ip=192.168.36.85 | op=SEND_HEARTBEAT {datanodeUUID=928f26db-de41-4c85-b3d0-1197049d8d00, command=[]} | ret=SUCCESS |  
2019-08-22 09:28:01,288 | INFO  | SCMAudit | user=jenkins1000 | ip=192.168.36.85 | op=SEND_HEARTBEAT {datanodeUUID=95ce97c6-e6af-4640-b6f2-079eca5e157b, command=[]} | ret=SUCCESS |  
2019-08-22 09:28:01,480 | INFO  | SCMAudit | user=jenkins1000 | ip=192.168.36.85 | op=SEND_HEARTBEAT {datanodeUUID=c63d63f4-e4a3-48b0-8e66-cfae5c1ce3a1, command=[]} | ret=SUCCESS |  
2019-08-22 09:28:01,481 [grpc-default-executor-10] INFO  client.GrpcClientProtocolClient (GrpcClientProtocolClient.java:onNext(255)) - client-47AEE83A0C30->f1e02cbd-f391-4fd8-b388-c076d48374d7: receive RaftClientReply:client-47AEE83A0C30->f1e02cbd-f391-4fd8-b388-c076d48374d7@group-987FF9BACDAF, cid=164, FAILED org.apache.ratis.protocol.NotLeaderException: Server f1e02cbd-f391-4fd8-b388-c076d48374d7 is not the leader (d8e1cfc5-e249-437a-bc24-3d460aa72825:192.168.36.85:41695). Request must be sent to leader., logIndex=0, commits[f1e02cbd-f391-4fd8-b388-c076d48374d7:c16, d8e1cfc5-e249-437a-bc24-3d460aa72825:c16, 928f26db-de41-4c85-b3d0-1197049d8d00:c16]
2019-08-22 09:28:01,644 | INFO  | SCMAudit | user=jenkins1000 | ip=192.168.36.85 | op=SEND_HEARTBEAT {datanodeUUID=75d72393-3020-4de0-a4ea-5e88f0c8cd61, command=[]} | ret=SUCCESS |  
2019-08-22 09:28:02,041 | INFO  | SCMAudit | user=jenkins1000 | ip=192.168.36.85 | op=SEND_HEARTBEAT {datanodeUUID=909bb822-8e17-41f4-9059-fc5d171ea46d, command=[]} | ret=SUCCESS |  
2019-08-22 09:28:02,212 | INFO  | SCMAudit | user=jenkins1000 | ip=192.168.36.85 | op=SEND_HEARTBEAT {datanodeUUID=f1e02cbd-f391-4fd8-b388-c076d48374d7, command=[]} | ret=SUCCESS |  
2019-08-22 09:28:02,249 | INFO  | SCMAudit | user=jenkins1000 | ip=192.168.36.85 | op=SEND_HEARTBEAT {datanodeUUID=928f26db-de41-4c85-b3d0-1197049d8d00, command=[]} | ret=SUCCESS |  
2019-08-22 09:28:02,287 | INFO  | SCMAudit | user=jenkins1000 | ip=192.168.36.85 | op=SEND_HEARTBEAT {datanodeUUID=95ce97c6-e6af-4640-b6f2-079eca5e157b, command=[]} | ret=SUCCESS |  
2019-08-22 09:28:02,478 | INFO  | SCMAudit | user=jenkins1000 | ip=192.168.36.85 | op=SEND_HEARTBEAT {datanodeUUID=c63d63f4-e4a3-48b0-8e66-cfae5c1ce3a1, command=[]} | ret=SUCCESS |  
2019-08-22 09:28:02,498 [grpc-default-executor-9] INFO  client.GrpcClientProtocolClient (GrpcClientProtocolClient.java:onNext(255)) - client-47AEE83A0C30->f1e02cbd-f391-4fd8-b388-c076d48374d7: receive RaftClientReply:client-47AEE83A0C30->f1e02cbd-f391-4fd8-b388-c076d48374d7@group-987FF9BACDAF, cid=164, FAILED org.apache.ratis.protocol.NotLeaderException: Server f1e02cbd-f391-4fd8-b388-c076d48374d7 is not the leader (d8e1cfc5-e249-437a-bc24-3d460aa72825:192.168.36.85:41695). Request must be sent to leader., logIndex=0, commits[f1e02cbd-f391-4fd8-b388-c076d48374d7:c16, d8e1cfc5-e249-437a-bc24-3d460aa72825:c16, 928f26db-de41-4c85-b3d0-1197049d8d00:c16]
2019-08-22 09:28:02,644 | INFO  | SCMAudit | user=jenkins1000 | ip=192.168.36.85 | op=SEND_HEARTBEAT {datanodeUUID=75d72393-3020-4de0-a4ea-5e88f0c8cd61, command=[]} | ret=SUCCESS |  
2019-08-22 09:28:03,041 | INFO  | SCMAudit | user=jenkins1000 | ip=192.168.36.85 | op=SEND_HEARTBEAT {datanodeUUID=909bb822-8e17-41f4-9059-fc5d171ea46d, command=[]} | ret=SUCCESS |  
2019-08-22 09:28:03,213 | INFO  | SCMAudit | user=jenkins1000 | ip=192.168.36.85 | op=SEND_HEARTBEAT {datanodeUUID=f1e02cbd-f391-4fd8-b388-c076d48374d7, command=[]} | ret=SUCCESS |  
2019-08-22 09:28:03,249 | INFO  | SCMAudit | user=jenkins1000 | ip=192.168.36.85 | op=SEND_HEARTBEAT {datanodeUUID=928f26db-de41-4c85-b3d0-1197049d8d00, command=[]} | ret=SUCCESS |  
2019-08-22 09:28:03,287 | INFO  | SCMAudit | user=jenkins1000 | ip=192.168.36.85 | op=SEND_HEARTBEAT {datanodeUUID=95ce97c6-e6af-4640-b6f2-079eca5e157b, command=[]} | ret=SUCCESS |  
2019-08-22 09:28:03,478 | INFO  | SCMAudit | user=jenkins1000 | ip=192.168.36.85 | op=SEND_HEARTBEAT {datanodeUUID=c63d63f4-e4a3-48b0-8e66-cfae5c1ce3a1, command=[]} | ret=SUCCESS |  
2019-08-22 09:28:03,528 [grpc-default-executor-11] INFO  client.GrpcClientProtocolClient (GrpcClientProtocolClient.java:onNext(255)) - client-47AEE83A0C30->f1e02cbd-f391-4fd8-b388-c076d48374d7: receive RaftClientReply:client-47AEE83A0C30->f1e02cbd-f391-4fd8-b388-c076d48374d7@group-987FF9BACDAF, cid=164, FAILED org.apache.ratis.protocol.NotLeaderException: Server f1e02cbd-f391-4fd8-b388-c076d48374d7 is not the leader (d8e1cfc5-e249-437a-bc24-3d460aa72825:192.168.36.85:41695). Request must be sent to leader., logIndex=0, commits[f1e02cbd-f391-4fd8-b388-c076d48374d7:c16, d8e1cfc5-e249-437a-bc24-3d460aa72825:c16, 928f26db-de41-4c85-b3d0-1197049d8d00:c16]
2019-08-22 09:28:03,644 | INFO  | SCMAudit | user=jenkins1000 | ip=192.168.36.85 | op=SEND_HEARTBEAT {datanodeUUID=75d72393-3020-4de0-a4ea-5e88f0c8cd61, command=[]} | ret=SUCCESS |  
2019-08-22 09:28:04,040 | INFO  | SCMAudit | user=jenkins1000 | ip=192.168.36.85 | op=SEND_HEARTBEAT {datanodeUUID=909bb822-8e17-41f4-9059-fc5d171ea46d, command=[]} | ret=SUCCESS |  
2019-08-22 09:28:04,213 | INFO  | SCMAudit | user=jenkins1000 | ip=192.168.36.85 | op=SEND_HEARTBEAT {datanodeUUID=f1e02cbd-f391-4fd8-b388-c076d48374d7, command=[]} | ret=SUCCESS |  
2019-08-22 09:28:04,249 | INFO  | SCMAudit | user=jenkins1000 | ip=192.168.36.85 | op=SEND_HEARTBEAT {datanodeUUID=928f26db-de41-4c85-b3d0-1197049d8d00, command=[]} | ret=SUCCESS |  
2019-08-22 09:28:04,287 | INFO  | SCMAudit | user=jenkins1000 | ip=192.168.36.85 | op=SEND_HEARTBEAT {datanodeUUID=95ce97c6-e6af-4640-b6f2-079eca5e157b, command=[]} | ret=SUCCESS |  
2019-08-22 09:28:04,477 | INFO  | SCMAudit | user=jenkins1000 | ip=192.168.36.85 | op=SEND_HEARTBEAT {datanodeUUID=c63d63f4-e4a3-48b0-8e66-cfae5c1ce3a1, command=[]} | ret=SUCCESS |  
2019-08-22 09:28:04,542 [grpc-default-executor-11] INFO  client.GrpcClientProtocolClient (GrpcClientProtocolClient.java:onNext(255)) - client-47AEE83A0C30->928f26db-de41-4c85-b3d0-1197049d8d00: receive RaftClientReply:client-47AEE83A0C30->928f26db-de41-4c85-b3d0-1197049d8d00@group-987FF9BACDAF, cid=164, FAILED org.apache.ratis.protocol.NotLeaderException: Server 928f26db-de41-4c85-b3d0-1197049d8d00 is not the leader (d8e1cfc5-e249-437a-bc24-3d460aa72825:192.168.36.85:41695). Request must be sent to leader., logIndex=0, commits[928f26db-de41-4c85-b3d0-1197049d8d00:c16, f1e02cbd-f391-4fd8-b388-c076d48374d7:c16, d8e1cfc5-e249-437a-bc24-3d460aa72825:c16]
2019-08-22 09:28:04,645 | INFO  | SCMAudit | user=jenkins1000 | ip=192.168.36.85 | op=SEND_HEARTBEAT {datanodeUUID=75d72393-3020-4de0-a4ea-5e88f0c8cd61, command=[]} | ret=SUCCESS |  
2019-08-22 09:28:05,041 | INFO  | SCMAudit | user=jenkins1000 | ip=192.168.36.85 | op=SEND_HEARTBEAT {datanodeUUID=909bb822-8e17-41f4-9059-fc5d171ea46d, command=[]} | ret=SUCCESS |  
2019-08-22 09:28:05,212 | INFO  | SCMAudit | user=jenkins1000 | ip=192.168.36.85 | op=SEND_HEARTBEAT {datanodeUUID=f1e02cbd-f391-4fd8-b388-c076d48374d7, command=[]} | ret=SUCCESS |  
2019-08-22 09:28:05,250 | INFO  | SCMAudit | user=jenkins1000 | ip=192.168.36.85 | op=SEND_HEARTBEAT {datanodeUUID=928f26db-de41-4c85-b3d0-1197049d8d00, command=[]} | ret=SUCCESS |  
2019-08-22 09:28:05,288 | INFO  | SCMAudit | user=jenkins1000 | ip=192.168.36.85 | op=SEND_HEARTBEAT {datanodeUUID=95ce97c6-e6af-4640-b6f2-079eca5e157b, command=[]} | ret=SUCCESS |  
2019-08-22 09:28:05,477 | INFO  | SCMAudit | user=jenkins1000 | ip=192.168.36.85 | op=SEND_HEARTBEAT {datanodeUUID=c63d63f4-e4a3-48b0-8e66-cfae5c1ce3a1, command=[]} | ret=SUCCESS |  
2019-08-22 09:28:05,559 [grpc-default-executor-10] INFO  client.GrpcClientProtocolClient (GrpcClientProtocolClient.java:onNext(255)) - client-47AEE83A0C30->f1e02cbd-f391-4fd8-b388-c076d48374d7: receive RaftClientReply:client-47AEE83A0C30->f1e02cbd-f391-4fd8-b388-c076d48374d7@group-987FF9BACDAF, cid=164, FAILED org.apache.ratis.protocol.NotLeaderException: Server f1e02cbd-f391-4fd8-b388-c076d48374d7 is not the leader (d8e1cfc5-e249-437a-bc24-3d460aa72825:192.168.36.85:41695). Request must be sent to leader., logIndex=0, commits[f1e02cbd-f391-4fd8-b388-c076d48374d7:c16, d8e1cfc5-e249-437a-bc24-3d460aa72825:c16, 928f26db-de41-4c85-b3d0-1197049d8d00:c16]
2019-08-22 09:28:05,674 | INFO  | SCMAudit | user=jenkins1000 | ip=192.168.36.85 | op=SEND_HEARTBEAT {datanodeUUID=75d72393-3020-4de0-a4ea-5e88f0c8cd61, command=[]} | ret=SUCCESS |  
2019-08-22 09:28:06,041 | INFO  | SCMAudit | user=jenkins1000 | ip=192.168.36.85 | op=SEND_HEARTBEAT {datanodeUUID=909bb822-8e17-41f4-9059-fc5d171ea46d, command=[]} | ret=SUCCESS |  
2019-08-22 09:28:06,213 | INFO  | SCMAudit | user=jenkins1000 | ip=192.168.36.85 | op=SEND_HEARTBEAT {datanodeUUID=f1e02cbd-f391-4fd8-b388-c076d48374d7, command=[]} | ret=SUCCESS |  
2019-08-22 09:28:06,250 | INFO  | SCMAudit | user=jenkins1000 | ip=192.168.36.85 | op=SEND_HEARTBEAT {datanodeUUID=928f26db-de41-4c85-b3d0-1197049d8d00, command=[]} | ret=SUCCESS |  
2019-08-22 09:28:06,288 | INFO  | SCMAudit | user=jenkins1000 | ip=192.168.36.85 | op=SEND_HEARTBEAT {datanodeUUID=95ce97c6-e6af-4640-b6f2-079eca5e157b, command=[]} | ret=SUCCESS |  
2019-08-22 09:28:06,477 | INFO  | SCMAudit | user=jenkins1000 | ip=192.168.36.85 | op=SEND_HEARTBEAT {datanodeUUID=c63d63f4-e4a3-48b0-8e66-cfae5c1ce3a1, command=[]} | ret=SUCCESS |  
2019-08-22 09:28:06,576 [grpc-default-executor-10] INFO  client.GrpcClientProtocolClient (GrpcClientProtocolClient.java:onNext(255)) - client-47AEE83A0C30->928f26db-de41-4c85-b3d0-1197049d8d00: receive RaftClientReply:client-47AEE83A0C30->928f26db-de41-4c85-b3d0-1197049d8d00@group-987FF9BACDAF, cid=164, FAILED org.apache.ratis.protocol.NotLeaderException: Server 928f26db-de41-4c85-b3d0-1197049d8d00 is not the leader (d8e1cfc5-e249-437a-bc24-3d460aa72825:192.168.36.85:41695). Request must be sent to leader., logIndex=0, commits[928f26db-de41-4c85-b3d0-1197049d8d00:c16, f1e02cbd-f391-4fd8-b388-c076d48374d7:c16, d8e1cfc5-e249-437a-bc24-3d460aa72825:c16]
2019-08-22 09:28:06,644 | INFO  | SCMAudit | user=jenkins1000 | ip=192.168.36.85 | op=SEND_HEARTBEAT {datanodeUUID=75d72393-3020-4de0-a4ea-5e88f0c8cd61, command=[]} | ret=SUCCESS |  
2019-08-22 09:28:07,041 | INFO  | SCMAudit | user=jenkins1000 | ip=192.168.36.85 | op=SEND_HEARTBEAT {datanodeUUID=909bb822-8e17-41f4-9059-fc5d171ea46d, command=[]} | ret=SUCCESS |  
2019-08-22 09:28:07,213 | INFO  | SCMAudit | user=jenkins1000 | ip=192.168.36.85 | op=SEND_HEARTBEAT {datanodeUUID=f1e02cbd-f391-4fd8-b388-c076d48374d7, command=[]} | ret=SUCCESS |  
2019-08-22 09:28:07,250 | INFO  | SCMAudit | user=jenkins1000 | ip=192.168.36.85 | op=SEND_HEARTBEAT {datanodeUUID=928f26db-de41-4c85-b3d0-1197049d8d00, command=[]} | ret=SUCCESS |  
2019-08-22 09:28:07,279 [Thread-3452] INFO  impl.FollowerState (FollowerState.java:run(106)) - f1e02cbd-f391-4fd8-b388-c076d48374d7:group-987FF9BACDAF changes to CANDIDATE, lastRpcTime:8879, electionTimeout:5159ms
2019-08-22 09:28:07,279 [Thread-3452] INFO  impl.RoleInfo (RoleInfo.java:shutdownFollowerState(121)) - f1e02cbd-f391-4fd8-b388-c076d48374d7: shutdown FollowerState
2019-08-22 09:28:07,279 [Thread-3452] INFO  impl.RaftServerImpl (RaftServerImpl.java:setRole(171)) - f1e02cbd-f391-4fd8-b388-c076d48374d7:group-987FF9BACDAF changes role from FOLLOWER to CANDIDATE at term 2 for changeToCandidate
2019-08-22 09:28:07,279 [Thread-3452] INFO  impl.RoleInfo (RoleInfo.java:updateAndGet(143)) - f1e02cbd-f391-4fd8-b388-c076d48374d7: start LeaderElection
2019-08-22 09:28:07,283 [f1e02cbd-f391-4fd8-b388-c076d48374d7:group-987FF9BACDAF:LeaderElection79] INFO  impl.RaftServerImpl (ServerState.java:setLeader(263)) - f1e02cbd-f391-4fd8-b388-c076d48374d7:group-987FF9BACDAF change Leader from d8e1cfc5-e249-437a-bc24-3d460aa72825 to null at term 2 for initElection
2019-08-22 09:28:07,287 | INFO  | SCMAudit | user=jenkins1000 | ip=192.168.36.85 | op=SEND_HEARTBEAT {datanodeUUID=95ce97c6-e6af-4640-b6f2-079eca5e157b, command=[]} | ret=SUCCESS |  
2019-08-22 09:28:07,370 [Thread-3451] INFO  impl.FollowerState (FollowerState.java:run(106)) - 928f26db-de41-4c85-b3d0-1197049d8d00:group-987FF9BACDAF changes to CANDIDATE, lastRpcTime:8971, electionTimeout:5187ms
2019-08-22 09:28:07,370 [Thread-3451] INFO  impl.RoleInfo (RoleInfo.java:shutdownFollowerState(121)) - 928f26db-de41-4c85-b3d0-1197049d8d00: shutdown FollowerState
2019-08-22 09:28:07,371 [Thread-3451] INFO  impl.RaftServerImpl (RaftServerImpl.java:setRole(171)) - 928f26db-de41-4c85-b3d0-1197049d8d00:group-987FF9BACDAF changes role from FOLLOWER to CANDIDATE at term 2 for changeToCandidate
2019-08-22 09:28:07,371 [Thread-3451] INFO  impl.RoleInfo (RoleInfo.java:updateAndGet(143)) - 928f26db-de41-4c85-b3d0-1197049d8d00: start LeaderElection
2019-08-22 09:28:07,375 [928f26db-de41-4c85-b3d0-1197049d8d00:group-987FF9BACDAF:LeaderElection80] INFO  impl.RaftServerImpl (ServerState.java:setLeader(263)) - 928f26db-de41-4c85-b3d0-1197049d8d00:group-987FF9BACDAF change Leader from d8e1cfc5-e249-437a-bc24-3d460aa72825 to null at term 2 for initElection
2019-08-22 09:28:07,478 | INFO  | SCMAudit | user=jenkins1000 | ip=192.168.36.85 | op=SEND_HEARTBEAT {datanodeUUID=c63d63f4-e4a3-48b0-8e66-cfae5c1ce3a1, command=[]} | ret=SUCCESS |  
2019-08-22 09:28:07,593 [grpc-default-executor-11] INFO  client.GrpcClientProtocolClient (GrpcClientProtocolClient.java:onNext(255)) - client-47AEE83A0C30->928f26db-de41-4c85-b3d0-1197049d8d00: receive RaftClientReply:client-47AEE83A0C30->928f26db-de41-4c85-b3d0-1197049d8d00@group-987FF9BACDAF, cid=164, FAILED org.apache.ratis.protocol.NotLeaderException: Server 928f26db-de41-4c85-b3d0-1197049d8d00 is not the leader (null). Request must be sent to leader., logIndex=0, commits[928f26db-de41-4c85-b3d0-1197049d8d00:c16, f1e02cbd-f391-4fd8-b388-c076d48374d7:c16, d8e1cfc5-e249-437a-bc24-3d460aa72825:c16]
2019-08-22 09:28:07,645 | INFO  | SCMAudit | user=jenkins1000 | ip=192.168.36.85 | op=SEND_HEARTBEAT {datanodeUUID=75d72393-3020-4de0-a4ea-5e88f0c8cd61, command=[]} | ret=SUCCESS |  
2019-08-22 09:28:08,040 | INFO  | SCMAudit | user=jenkins1000 | ip=192.168.36.85 | op=SEND_HEARTBEAT {datanodeUUID=909bb822-8e17-41f4-9059-fc5d171ea46d, command=[]} | ret=SUCCESS |  
2019-08-22 09:28:08,212 | INFO  | SCMAudit | user=jenkins1000 | ip=192.168.36.85 | op=SEND_HEARTBEAT {datanodeUUID=f1e02cbd-f391-4fd8-b388-c076d48374d7, command=[]} | ret=SUCCESS |  
2019-08-22 09:28:08,250 | INFO  | SCMAudit | user=jenkins1000 | ip=192.168.36.85 | op=SEND_HEARTBEAT {datanodeUUID=928f26db-de41-4c85-b3d0-1197049d8d00, command=[]} | ret=SUCCESS |  
2019-08-22 09:28:08,287 | INFO  | SCMAudit | user=jenkins1000 | ip=192.168.36.85 | op=SEND_HEARTBEAT {datanodeUUID=95ce97c6-e6af-4640-b6f2-079eca5e157b, command=[]} | ret=SUCCESS |  
2019-08-22 09:28:08,478 | INFO  | SCMAudit | user=jenkins1000 | ip=192.168.36.85 | op=SEND_HEARTBEAT {datanodeUUID=c63d63f4-e4a3-48b0-8e66-cfae5c1ce3a1, command=[]} | ret=SUCCESS |  
2019-08-22 09:28:08,645 | INFO  | SCMAudit | user=jenkins1000 | ip=192.168.36.85 | op=SEND_HEARTBEAT {datanodeUUID=75d72393-3020-4de0-a4ea-5e88f0c8cd61, command=[]} | ret=SUCCESS |  
2019-08-22 09:28:09,041 | INFO  | SCMAudit | user=jenkins1000 | ip=192.168.36.85 | op=SEND_HEARTBEAT {datanodeUUID=909bb822-8e17-41f4-9059-fc5d171ea46d, command=[]} | ret=SUCCESS |  
2019-08-22 09:28:09,213 | INFO  | SCMAudit | user=jenkins1000 | ip=192.168.36.85 | op=SEND_HEARTBEAT {datanodeUUID=f1e02cbd-f391-4fd8-b388-c076d48374d7, command=[]} | ret=SUCCESS |  
2019-08-22 09:28:09,250 | INFO  | SCMAudit | user=jenkins1000 | ip=192.168.36.85 | op=SEND_HEARTBEAT {datanodeUUID=928f26db-de41-4c85-b3d0-1197049d8d00, command=[]} | ret=SUCCESS |  
2019-08-22 09:28:09,287 | INFO  | SCMAudit | user=jenkins1000 | ip=192.168.36.85 | op=SEND_HEARTBEAT {datanodeUUID=95ce97c6-e6af-4640-b6f2-079eca5e157b, command=[]} | ret=SUCCESS |  
2019-08-22 09:28:09,478 | INFO  | SCMAudit | user=jenkins1000 | ip=192.168.36.85 | op=SEND_HEARTBEAT {datanodeUUID=c63d63f4-e4a3-48b0-8e66-cfae5c1ce3a1, command=[]} | ret=SUCCESS |  
2019-08-22 09:28:09,619 [grpc-default-executor-10] INFO  client.GrpcClientProtocolClient (GrpcClientProtocolClient.java:onNext(255)) - client-47AEE83A0C30->f1e02cbd-f391-4fd8-b388-c076d48374d7: receive RaftClientReply:client-47AEE83A0C30->f1e02cbd-f391-4fd8-b388-c076d48374d7@group-987FF9BACDAF, cid=164, FAILED org.apache.ratis.protocol.NotLeaderException: Server f1e02cbd-f391-4fd8-b388-c076d48374d7 is not the leader (null). Request must be sent to leader., logIndex=0, commits[f1e02cbd-f391-4fd8-b388-c076d48374d7:c16, d8e1cfc5-e249-437a-bc24-3d460aa72825:c16, 928f26db-de41-4c85-b3d0-1197049d8d00:c16]
2019-08-22 09:28:09,645 | INFO  | SCMAudit | user=jenkins1000 | ip=192.168.36.85 | op=SEND_HEARTBEAT {datanodeUUID=75d72393-3020-4de0-a4ea-5e88f0c8cd61, command=[]} | ret=SUCCESS |  
2019-08-22 09:28:10,041 | INFO  | SCMAudit | user=jenkins1000 | ip=192.168.36.85 | op=SEND_HEARTBEAT {datanodeUUID=909bb822-8e17-41f4-9059-fc5d171ea46d, command=[]} | ret=SUCCESS |  
2019-08-22 09:28:10,213 | INFO  | SCMAudit | user=jenkins1000 | ip=192.168.36.85 | op=SEND_HEARTBEAT {datanodeUUID=f1e02cbd-f391-4fd8-b388-c076d48374d7, command=[]} | ret=SUCCESS |  
2019-08-22 09:28:10,250 | INFO  | SCMAudit | user=jenkins1000 | ip=192.168.36.85 | op=SEND_HEARTBEAT {datanodeUUID=928f26db-de41-4c85-b3d0-1197049d8d00, command=[]} | ret=SUCCESS |  
2019-08-22 09:28:10,288 | INFO  | SCMAudit | user=jenkins1000 | ip=192.168.36.85 | op=SEND_HEARTBEAT {datanodeUUID=95ce97c6-e6af-4640-b6f2-079eca5e157b, command=[]} | ret=SUCCESS |  
2019-08-22 09:28:10,478 | INFO  | SCMAudit | user=jenkins1000 | ip=192.168.36.85 | op=SEND_HEARTBEAT {datanodeUUID=c63d63f4-e4a3-48b0-8e66-cfae5c1ce3a1, command=[]} | ret=SUCCESS |  
2019-08-22 09:28:10,645 | INFO  | SCMAudit | user=jenkins1000 | ip=192.168.36.85 | op=SEND_HEARTBEAT {datanodeUUID=75d72393-3020-4de0-a4ea-5e88f0c8cd61, command=[]} | ret=SUCCESS |  
2019-08-22 09:28:11,042 | INFO  | SCMAudit | user=jenkins1000 | ip=192.168.36.85 | op=SEND_HEARTBEAT {datanodeUUID=909bb822-8e17-41f4-9059-fc5d171ea46d, command=[]} | ret=SUCCESS |  
2019-08-22 09:28:11,214 | INFO  | SCMAudit | user=jenkins1000 | ip=192.168.36.85 | op=SEND_HEARTBEAT {datanodeUUID=f1e02cbd-f391-4fd8-b388-c076d48374d7, command=[]} | ret=SUCCESS |  
2019-08-22 09:28:11,250 | INFO  | SCMAudit | user=jenkins1000 | ip=192.168.36.85 | op=SEND_HEARTBEAT {datanodeUUID=928f26db-de41-4c85-b3d0-1197049d8d00, command=[]} | ret=SUCCESS |  
2019-08-22 09:28:11,288 | INFO  | SCMAudit | user=jenkins1000 | ip=192.168.36.85 | op=SEND_HEARTBEAT {datanodeUUID=95ce97c6-e6af-4640-b6f2-079eca5e157b, command=[]} | ret=SUCCESS |  
2019-08-22 09:28:11,399 [928f26db-de41-4c85-b3d0-1197049d8d00:group-987FF9BACDAF:LeaderElection80] INFO  impl.LeaderElection (LeaderElection.java:askForVotes(181)) - 928f26db-de41-4c85-b3d0-1197049d8d00:group-987FF9BACDAF:LeaderElection80: begin an election at term 3 for 0: [f1e02cbd-f391-4fd8-b388-c076d48374d7:192.168.36.85:38589, d8e1cfc5-e249-437a-bc24-3d460aa72825:192.168.36.85:41695, 928f26db-de41-4c85-b3d0-1197049d8d00:192.168.36.85:34973], old=null
2019-08-22 09:28:11,399 [f1e02cbd-f391-4fd8-b388-c076d48374d7:group-987FF9BACDAF:LeaderElection79] INFO  impl.LeaderElection (LeaderElection.java:askForVotes(181)) - f1e02cbd-f391-4fd8-b388-c076d48374d7:group-987FF9BACDAF:LeaderElection79: begin an election at term 3 for 0: [f1e02cbd-f391-4fd8-b388-c076d48374d7:192.168.36.85:38589, d8e1cfc5-e249-437a-bc24-3d460aa72825:192.168.36.85:41695, 928f26db-de41-4c85-b3d0-1197049d8d00:192.168.36.85:34973], old=null
2019-08-22 09:28:11,402 [f1e02cbd-f391-4fd8-b388-c076d48374d7:group-987FF9BACDAF:LeaderElection79] INFO  impl.LeaderElection (LogUtils.java:infoOrTrace(149)) - f1e02cbd-f391-4fd8-b388-c076d48374d7:group-987FF9BACDAF:LeaderElection79 got exception when requesting votes: {}
java.util.concurrent.ExecutionException: org.apache.ratis.thirdparty.io.grpc.StatusRuntimeException: UNAVAILABLE: io exception
	at java.util.concurrent.FutureTask.report(FutureTask.java:122)
	at java.util.concurrent.FutureTask.get(FutureTask.java:192)
	at org.apache.ratis.server.impl.LeaderElection.waitForResults(LeaderElection.java:262)
	at org.apache.ratis.server.impl.LeaderElection.askForVotes(LeaderElection.java:200)
	at org.apache.ratis.server.impl.LeaderElection.run(LeaderElection.java:130)
	at java.lang.Thread.run(Thread.java:748)
Caused by: org.apache.ratis.thirdparty.io.grpc.StatusRuntimeException: UNAVAILABLE: io exception
	at org.apache.ratis.thirdparty.io.grpc.stub.ClientCalls.toStatusRuntimeException(ClientCalls.java:233)
	at org.apache.ratis.thirdparty.io.grpc.stub.ClientCalls.getUnchecked(ClientCalls.java:214)
	at org.apache.ratis.thirdparty.io.grpc.stub.ClientCalls.blockingUnaryCall(ClientCalls.java:139)
	at org.apache.ratis.proto.grpc.RaftServerProtocolServiceGrpc$RaftServerProtocolServiceBlockingStub.requestVote(RaftServerProtocolServiceGrpc.java:265)
	at org.apache.ratis.grpc.server.GrpcServerProtocolClient.requestVote(GrpcServerProtocolClient.java:83)
	at org.apache.ratis.grpc.server.GrpcService.requestVote(GrpcService.java:195)
	at org.apache.ratis.server.impl.LeaderElection.lambda$submitRequests$1(LeaderElection.java:237)
	at java.util.concurrent.FutureTask.run(FutureTask.java:266)
	at java.util.concurrent.Executors$RunnableAdapter.call(Executors.java:511)
	at java.util.concurrent.FutureTask.run(FutureTask.java:266)
	at java.util.concurrent.ThreadPoolExecutor.runWorker(ThreadPoolExecutor.java:1149)
	at java.util.concurrent.ThreadPoolExecutor$Worker.run(ThreadPoolExecutor.java:624)
	... 1 more
Caused by: org.apache.ratis.thirdparty.io.netty.channel.AbstractChannel$AnnotatedConnectException: Connection refused: /192.168.36.85:41695
	at sun.nio.ch.SocketChannelImpl.checkConnect(Native Method)
	at sun.nio.ch.SocketChannelImpl.finishConnect(SocketChannelImpl.java:717)
	at org.apache.ratis.thirdparty.io.netty.channel.socket.nio.NioSocketChannel.doFinishConnect(NioSocketChannel.java:327)
	at org.apache.ratis.thirdparty.io.netty.channel.nio.AbstractNioChannel$AbstractNioUnsafe.finishConnect(AbstractNioChannel.java:340)
	at org.apache.ratis.thirdparty.io.netty.channel.nio.NioEventLoop.processSelectedKey(NioEventLoop.java:632)
	at org.apache.ratis.thirdparty.io.netty.channel.nio.NioEventLoop.processSelectedKeysOptimized(NioEventLoop.java:579)
	at org.apache.ratis.thirdparty.io.netty.channel.nio.NioEventLoop.processSelectedKeys(NioEventLoop.java:496)
	at org.apache.ratis.thirdparty.io.netty.channel.nio.NioEventLoop.run(NioEventLoop.java:458)
	at org.apache.ratis.thirdparty.io.netty.util.concurrent.SingleThreadEventExecutor$5.run(SingleThreadEventExecutor.java:897)
	at org.apache.ratis.thirdparty.io.netty.util.concurrent.FastThreadLocalRunnable.run(FastThreadLocalRunnable.java:30)
	... 1 more
Caused by: java.net.ConnectException: Connection refused
	... 11 more
2019-08-22 09:28:11,402 [928f26db-de41-4c85-b3d0-1197049d8d00:group-987FF9BACDAF:LeaderElection80] INFO  impl.LeaderElection (LogUtils.java:infoOrTrace(149)) - 928f26db-de41-4c85-b3d0-1197049d8d00:group-987FF9BACDAF:LeaderElection80 got exception when requesting votes: {}
java.util.concurrent.ExecutionException: org.apache.ratis.thirdparty.io.grpc.StatusRuntimeException: UNAVAILABLE: io exception
	at java.util.concurrent.FutureTask.report(FutureTask.java:122)
	at java.util.concurrent.FutureTask.get(FutureTask.java:192)
	at org.apache.ratis.server.impl.LeaderElection.waitForResults(LeaderElection.java:262)
	at org.apache.ratis.server.impl.LeaderElection.askForVotes(LeaderElection.java:200)
	at org.apache.ratis.server.impl.LeaderElection.run(LeaderElection.java:130)
	at java.lang.Thread.run(Thread.java:748)
Caused by: org.apache.ratis.thirdparty.io.grpc.StatusRuntimeException: UNAVAILABLE: io exception
	at org.apache.ratis.thirdparty.io.grpc.stub.ClientCalls.toStatusRuntimeException(ClientCalls.java:233)
	at org.apache.ratis.thirdparty.io.grpc.stub.ClientCalls.getUnchecked(ClientCalls.java:214)
	at org.apache.ratis.thirdparty.io.grpc.stub.ClientCalls.blockingUnaryCall(ClientCalls.java:139)
	at org.apache.ratis.proto.grpc.RaftServerProtocolServiceGrpc$RaftServerProtocolServiceBlockingStub.requestVote(RaftServerProtocolServiceGrpc.java:265)
	at org.apache.ratis.grpc.server.GrpcServerProtocolClient.requestVote(GrpcServerProtocolClient.java:83)
	at org.apache.ratis.grpc.server.GrpcService.requestVote(GrpcService.java:195)
	at org.apache.ratis.server.impl.LeaderElection.lambda$submitRequests$1(LeaderElection.java:237)
	at java.util.concurrent.FutureTask.run(FutureTask.java:266)
	at java.util.concurrent.Executors$RunnableAdapter.call(Executors.java:511)
	at java.util.concurrent.FutureTask.run(FutureTask.java:266)
	at java.util.concurrent.ThreadPoolExecutor.runWorker(ThreadPoolExecutor.java:1149)
	at java.util.concurrent.ThreadPoolExecutor$Worker.run(ThreadPoolExecutor.java:624)
	... 1 more
Caused by: org.apache.ratis.thirdparty.io.netty.channel.AbstractChannel$AnnotatedConnectException: Connection refused: /192.168.36.85:41695
	at sun.nio.ch.SocketChannelImpl.checkConnect(Native Method)
	at sun.nio.ch.SocketChannelImpl.finishConnect(SocketChannelImpl.java:717)
	at org.apache.ratis.thirdparty.io.netty.channel.socket.nio.NioSocketChannel.doFinishConnect(NioSocketChannel.java:327)
	at org.apache.ratis.thirdparty.io.netty.channel.nio.AbstractNioChannel$AbstractNioUnsafe.finishConnect(AbstractNioChannel.java:340)
	at org.apache.ratis.thirdparty.io.netty.channel.nio.NioEventLoop.processSelectedKey(NioEventLoop.java:632)
	at org.apache.ratis.thirdparty.io.netty.channel.nio.NioEventLoop.processSelectedKeysOptimized(NioEventLoop.java:579)
	at org.apache.ratis.thirdparty.io.netty.channel.nio.NioEventLoop.processSelectedKeys(NioEventLoop.java:496)
	at org.apache.ratis.thirdparty.io.netty.channel.nio.NioEventLoop.run(NioEventLoop.java:458)
	at org.apache.ratis.thirdparty.io.netty.util.concurrent.SingleThreadEventExecutor$5.run(SingleThreadEventExecutor.java:897)
	at org.apache.ratis.thirdparty.io.netty.util.concurrent.FastThreadLocalRunnable.run(FastThreadLocalRunnable.java:30)
	... 1 more
Caused by: java.net.ConnectException: Connection refused
	... 11 more
2019-08-22 09:28:11,410 [928f26db-de41-4c85-b3d0-1197049d8d00:group-987FF9BACDAF:LeaderElection80] INFO  impl.LeaderElection (LeaderElection.java:logAndReturn(56)) - 928f26db-de41-4c85-b3d0-1197049d8d00:group-987FF9BACDAF:LeaderElection80: Election REJECTED; received 1 response(s) [928f26db-de41-4c85-b3d0-1197049d8d00<-f1e02cbd-f391-4fd8-b388-c076d48374d7#0:FAIL-t3] and 1 exception(s); 928f26db-de41-4c85-b3d0-1197049d8d00:t3, leader=null, voted=928f26db-de41-4c85-b3d0-1197049d8d00, raftlog=928f26db-de41-4c85-b3d0-1197049d8d00-SegmentedRaftLog:OPENED:c16,f16,i16, conf=0: [f1e02cbd-f391-4fd8-b388-c076d48374d7:192.168.36.85:38589, d8e1cfc5-e249-437a-bc24-3d460aa72825:192.168.36.85:41695, 928f26db-de41-4c85-b3d0-1197049d8d00:192.168.36.85:34973], old=null
2019-08-22 09:28:11,410 [f1e02cbd-f391-4fd8-b388-c076d48374d7:group-987FF9BACDAF:LeaderElection79] INFO  impl.LeaderElection (LeaderElection.java:logAndReturn(56)) - f1e02cbd-f391-4fd8-b388-c076d48374d7:group-987FF9BACDAF:LeaderElection79: Election REJECTED; received 1 response(s) [f1e02cbd-f391-4fd8-b388-c076d48374d7<-928f26db-de41-4c85-b3d0-1197049d8d00#0:FAIL-t3] and 1 exception(s); f1e02cbd-f391-4fd8-b388-c076d48374d7:t3, leader=null, voted=f1e02cbd-f391-4fd8-b388-c076d48374d7, raftlog=f1e02cbd-f391-4fd8-b388-c076d48374d7-SegmentedRaftLog:OPENED:c16,f16,i16, conf=0: [f1e02cbd-f391-4fd8-b388-c076d48374d7:192.168.36.85:38589, d8e1cfc5-e249-437a-bc24-3d460aa72825:192.168.36.85:41695, 928f26db-de41-4c85-b3d0-1197049d8d00:192.168.36.85:34973], old=null
2019-08-22 09:28:11,410 [928f26db-de41-4c85-b3d0-1197049d8d00:group-987FF9BACDAF:LeaderElection80] INFO  impl.LeaderElection (LogUtils.java:infoOrTrace(149)) -   Exception 0: {}
java.util.concurrent.ExecutionException: org.apache.ratis.thirdparty.io.grpc.StatusRuntimeException: UNAVAILABLE: io exception
	at java.util.concurrent.FutureTask.report(FutureTask.java:122)
	at java.util.concurrent.FutureTask.get(FutureTask.java:192)
	at org.apache.ratis.server.impl.LeaderElection.waitForResults(LeaderElection.java:262)
	at org.apache.ratis.server.impl.LeaderElection.askForVotes(LeaderElection.java:200)
	at org.apache.ratis.server.impl.LeaderElection.run(LeaderElection.java:130)
	at java.lang.Thread.run(Thread.java:748)
Caused by: org.apache.ratis.thirdparty.io.grpc.StatusRuntimeException: UNAVAILABLE: io exception
	at org.apache.ratis.thirdparty.io.grpc.stub.ClientCalls.toStatusRuntimeException(ClientCalls.java:233)
	at org.apache.ratis.thirdparty.io.grpc.stub.ClientCalls.getUnchecked(ClientCalls.java:214)
	at org.apache.ratis.thirdparty.io.grpc.stub.ClientCalls.blockingUnaryCall(ClientCalls.java:139)
	at org.apache.ratis.proto.grpc.RaftServerProtocolServiceGrpc$RaftServerProtocolServiceBlockingStub.requestVote(RaftServerProtocolServiceGrpc.java:265)
	at org.apache.ratis.grpc.server.GrpcServerProtocolClient.requestVote(GrpcServerProtocolClient.java:83)
	at org.apache.ratis.grpc.server.GrpcService.requestVote(GrpcService.java:195)
	at org.apache.ratis.server.impl.LeaderElection.lambda$submitRequests$1(LeaderElection.java:237)
	at java.util.concurrent.FutureTask.run(FutureTask.java:266)
	at java.util.concurrent.Executors$RunnableAdapter.call(Executors.java:511)
	at java.util.concurrent.FutureTask.run(FutureTask.java:266)
	at java.util.concurrent.ThreadPoolExecutor.runWorker(ThreadPoolExecutor.java:1149)
	at java.util.concurrent.ThreadPoolExecutor$Worker.run(ThreadPoolExecutor.java:624)
	... 1 more
Caused by: org.apache.ratis.thirdparty.io.netty.channel.AbstractChannel$AnnotatedConnectException: Connection refused: /192.168.36.85:41695
	at sun.nio.ch.SocketChannelImpl.checkConnect(Native Method)
	at sun.nio.ch.SocketChannelImpl.finishConnect(SocketChannelImpl.java:717)
	at org.apache.ratis.thirdparty.io.netty.channel.socket.nio.NioSocketChannel.doFinishConnect(NioSocketChannel.java:327)
	at org.apache.ratis.thirdparty.io.netty.channel.nio.AbstractNioChannel$AbstractNioUnsafe.finishConnect(AbstractNioChannel.java:340)
	at org.apache.ratis.thirdparty.io.netty.channel.nio.NioEventLoop.processSelectedKey(NioEventLoop.java:632)
	at org.apache.ratis.thirdparty.io.netty.channel.nio.NioEventLoop.processSelectedKeysOptimized(NioEventLoop.java:579)
	at org.apache.ratis.thirdparty.io.netty.channel.nio.NioEventLoop.processSelectedKeys(NioEventLoop.java:496)
	at org.apache.ratis.thirdparty.io.netty.channel.nio.NioEventLoop.run(NioEventLoop.java:458)
	at org.apache.ratis.thirdparty.io.netty.util.concurrent.SingleThreadEventExecutor$5.run(SingleThreadEventExecutor.java:897)
	at org.apache.ratis.thirdparty.io.netty.util.concurrent.FastThreadLocalRunnable.run(FastThreadLocalRunnable.java:30)
	... 1 more
Caused by: java.net.ConnectException: Connection refused
	... 11 more
2019-08-22 09:28:11,410 [f1e02cbd-f391-4fd8-b388-c076d48374d7:group-987FF9BACDAF:LeaderElection79] INFO  impl.LeaderElection (LogUtils.java:infoOrTrace(149)) -   Exception 0: {}
java.util.concurrent.ExecutionException: org.apache.ratis.thirdparty.io.grpc.StatusRuntimeException: UNAVAILABLE: io exception
	at java.util.concurrent.FutureTask.report(FutureTask.java:122)
	at java.util.concurrent.FutureTask.get(FutureTask.java:192)
	at org.apache.ratis.server.impl.LeaderElection.waitForResults(LeaderElection.java:262)
	at org.apache.ratis.server.impl.LeaderElection.askForVotes(LeaderElection.java:200)
	at org.apache.ratis.server.impl.LeaderElection.run(LeaderElection.java:130)
	at java.lang.Thread.run(Thread.java:748)
Caused by: org.apache.ratis.thirdparty.io.grpc.StatusRuntimeException: UNAVAILABLE: io exception
	at org.apache.ratis.thirdparty.io.grpc.stub.ClientCalls.toStatusRuntimeException(ClientCalls.java:233)
	at org.apache.ratis.thirdparty.io.grpc.stub.ClientCalls.getUnchecked(ClientCalls.java:214)
	at org.apache.ratis.thirdparty.io.grpc.stub.ClientCalls.blockingUnaryCall(ClientCalls.java:139)
	at org.apache.ratis.proto.grpc.RaftServerProtocolServiceGrpc$RaftServerProtocolServiceBlockingStub.requestVote(RaftServerProtocolServiceGrpc.java:265)
	at org.apache.ratis.grpc.server.GrpcServerProtocolClient.requestVote(GrpcServerProtocolClient.java:83)
	at org.apache.ratis.grpc.server.GrpcService.requestVote(GrpcService.java:195)
	at org.apache.ratis.server.impl.LeaderElection.lambda$submitRequests$1(LeaderElection.java:237)
	at java.util.concurrent.FutureTask.run(FutureTask.java:266)
	at java.util.concurrent.Executors$RunnableAdapter.call(Executors.java:511)
	at java.util.concurrent.FutureTask.run(FutureTask.java:266)
	at java.util.concurrent.ThreadPoolExecutor.runWorker(ThreadPoolExecutor.java:1149)
	at java.util.concurrent.ThreadPoolExecutor$Worker.run(ThreadPoolExecutor.java:624)
	... 1 more
Caused by: org.apache.ratis.thirdparty.io.netty.channel.AbstractChannel$AnnotatedConnectException: Connection refused: /192.168.36.85:41695
	at sun.nio.ch.SocketChannelImpl.checkConnect(Native Method)
	at sun.nio.ch.SocketChannelImpl.finishConnect(SocketChannelImpl.java:717)
	at org.apache.ratis.thirdparty.io.netty.channel.socket.nio.NioSocketChannel.doFinishConnect(NioSocketChannel.java:327)
	at org.apache.ratis.thirdparty.io.netty.channel.nio.AbstractNioChannel$AbstractNioUnsafe.finishConnect(AbstractNioChannel.java:340)
	at org.apache.ratis.thirdparty.io.netty.channel.nio.NioEventLoop.processSelectedKey(NioEventLoop.java:632)
	at org.apache.ratis.thirdparty.io.netty.channel.nio.NioEventLoop.processSelectedKeysOptimized(NioEventLoop.java:579)
	at org.apache.ratis.thirdparty.io.netty.channel.nio.NioEventLoop.processSelectedKeys(NioEventLoop.java:496)
	at org.apache.ratis.thirdparty.io.netty.channel.nio.NioEventLoop.run(NioEventLoop.java:458)
	at org.apache.ratis.thirdparty.io.netty.util.concurrent.SingleThreadEventExecutor$5.run(SingleThreadEventExecutor.java:897)
	at org.apache.ratis.thirdparty.io.netty.util.concurrent.FastThreadLocalRunnable.run(FastThreadLocalRunnable.java:30)
	... 1 more
Caused by: java.net.ConnectException: Connection refused
	... 11 more
2019-08-22 09:28:11,411 [928f26db-de41-4c85-b3d0-1197049d8d00:group-987FF9BACDAF:LeaderElection80] INFO  impl.RaftServerImpl (RaftServerImpl.java:setRole(171)) - 928f26db-de41-4c85-b3d0-1197049d8d00:group-987FF9BACDAF changes role from CANDIDATE to FOLLOWER at term 3 for DISCOVERED_A_NEW_TERM
2019-08-22 09:28:11,411 [f1e02cbd-f391-4fd8-b388-c076d48374d7:group-987FF9BACDAF:LeaderElection79] INFO  impl.RaftServerImpl (RaftServerImpl.java:setRole(171)) - f1e02cbd-f391-4fd8-b388-c076d48374d7:group-987FF9BACDAF changes role from CANDIDATE to FOLLOWER at term 3 for DISCOVERED_A_NEW_TERM
2019-08-22 09:28:11,411 [928f26db-de41-4c85-b3d0-1197049d8d00:group-987FF9BACDAF:LeaderElection80] INFO  impl.RoleInfo (RoleInfo.java:shutdownLeaderElection(134)) - 928f26db-de41-4c85-b3d0-1197049d8d00: shutdown LeaderElection
2019-08-22 09:28:11,412 [f1e02cbd-f391-4fd8-b388-c076d48374d7:group-987FF9BACDAF:LeaderElection79] INFO  impl.RoleInfo (RoleInfo.java:shutdownLeaderElection(134)) - f1e02cbd-f391-4fd8-b388-c076d48374d7: shutdown LeaderElection
2019-08-22 09:28:11,412 [928f26db-de41-4c85-b3d0-1197049d8d00:group-987FF9BACDAF:LeaderElection80] INFO  impl.RoleInfo (RoleInfo.java:updateAndGet(143)) - 928f26db-de41-4c85-b3d0-1197049d8d00: start FollowerState
2019-08-22 09:28:11,412 [f1e02cbd-f391-4fd8-b388-c076d48374d7:group-987FF9BACDAF:LeaderElection79] INFO  impl.RoleInfo (RoleInfo.java:updateAndGet(143)) - f1e02cbd-f391-4fd8-b388-c076d48374d7: start FollowerState
2019-08-22 09:28:11,478 | INFO  | SCMAudit | user=jenkins1000 | ip=192.168.36.85 | op=SEND_HEARTBEAT {datanodeUUID=c63d63f4-e4a3-48b0-8e66-cfae5c1ce3a1, command=[]} | ret=SUCCESS |  
2019-08-22 09:28:11,630 [grpc-default-executor-9] INFO  client.GrpcClientProtocolClient (GrpcClientProtocolClient.java:onNext(255)) - client-47AEE83A0C30->928f26db-de41-4c85-b3d0-1197049d8d00: receive RaftClientReply:client-47AEE83A0C30->928f26db-de41-4c85-b3d0-1197049d8d00@group-987FF9BACDAF, cid=164, FAILED org.apache.ratis.protocol.NotLeaderException: Server 928f26db-de41-4c85-b3d0-1197049d8d00 is not the leader (null). Request must be sent to leader., logIndex=0, commits[928f26db-de41-4c85-b3d0-1197049d8d00:c16, f1e02cbd-f391-4fd8-b388-c076d48374d7:c16, d8e1cfc5-e249-437a-bc24-3d460aa72825:c16]
2019-08-22 09:28:11,646 | INFO  | SCMAudit | user=jenkins1000 | ip=192.168.36.85 | op=SEND_HEARTBEAT {datanodeUUID=75d72393-3020-4de0-a4ea-5e88f0c8cd61, command=[]} | ret=SUCCESS |  
2019-08-22 09:28:12,042 | INFO  | SCMAudit | user=jenkins1000 | ip=192.168.36.85 | op=SEND_HEARTBEAT {datanodeUUID=909bb822-8e17-41f4-9059-fc5d171ea46d, command=[]} | ret=SUCCESS |  
2019-08-22 09:28:12,214 | INFO  | SCMAudit | user=jenkins1000 | ip=192.168.36.85 | op=SEND_HEARTBEAT {datanodeUUID=f1e02cbd-f391-4fd8-b388-c076d48374d7, command=[]} | ret=SUCCESS |  
2019-08-22 09:28:12,250 | INFO  | SCMAudit | user=jenkins1000 | ip=192.168.36.85 | op=SEND_HEARTBEAT {datanodeUUID=928f26db-de41-4c85-b3d0-1197049d8d00, command=[]} | ret=SUCCESS |  
2019-08-22 09:28:12,288 | INFO  | SCMAudit | user=jenkins1000 | ip=192.168.36.85 | op=SEND_HEARTBEAT {datanodeUUID=95ce97c6-e6af-4640-b6f2-079eca5e157b, command=[]} | ret=SUCCESS |  
2019-08-22 09:28:12,478 | INFO  | SCMAudit | user=jenkins1000 | ip=192.168.36.85 | op=SEND_HEARTBEAT {datanodeUUID=c63d63f4-e4a3-48b0-8e66-cfae5c1ce3a1, command=[]} | ret=SUCCESS |  
2019-08-22 09:28:12,642 [grpc-default-executor-9] INFO  client.GrpcClientProtocolClient (GrpcClientProtocolClient.java:onNext(255)) - client-47AEE83A0C30->f1e02cbd-f391-4fd8-b388-c076d48374d7: receive RaftClientReply:client-47AEE83A0C30->f1e02cbd-f391-4fd8-b388-c076d48374d7@group-987FF9BACDAF, cid=164, FAILED org.apache.ratis.protocol.NotLeaderException: Server f1e02cbd-f391-4fd8-b388-c076d48374d7 is not the leader (null). Request must be sent to leader., logIndex=0, commits[f1e02cbd-f391-4fd8-b388-c076d48374d7:c16, d8e1cfc5-e249-437a-bc24-3d460aa72825:c16, 928f26db-de41-4c85-b3d0-1197049d8d00:c16]
2019-08-22 09:28:12,646 | INFO  | SCMAudit | user=jenkins1000 | ip=192.168.36.85 | op=SEND_HEARTBEAT {datanodeUUID=75d72393-3020-4de0-a4ea-5e88f0c8cd61, command=[]} | ret=SUCCESS |  
2019-08-22 09:28:13,041 | INFO  | SCMAudit | user=jenkins1000 | ip=192.168.36.85 | op=SEND_HEARTBEAT {datanodeUUID=909bb822-8e17-41f4-9059-fc5d171ea46d, command=[]} | ret=SUCCESS |  
2019-08-22 09:28:13,215 | INFO  | SCMAudit | user=jenkins1000 | ip=192.168.36.85 | op=SEND_HEARTBEAT {datanodeUUID=f1e02cbd-f391-4fd8-b388-c076d48374d7, command=[]} | ret=SUCCESS |  
2019-08-22 09:28:13,250 | INFO  | SCMAudit | user=jenkins1000 | ip=192.168.36.85 | op=SEND_HEARTBEAT {datanodeUUID=928f26db-de41-4c85-b3d0-1197049d8d00, command=[]} | ret=SUCCESS |  
2019-08-22 09:28:13,288 | INFO  | SCMAudit | user=jenkins1000 | ip=192.168.36.85 | op=SEND_HEARTBEAT {datanodeUUID=95ce97c6-e6af-4640-b6f2-079eca5e157b, command=[]} | ret=SUCCESS |  
2019-08-22 09:28:13,479 | INFO  | SCMAudit | user=jenkins1000 | ip=192.168.36.85 | op=SEND_HEARTBEAT {datanodeUUID=c63d63f4-e4a3-48b0-8e66-cfae5c1ce3a1, command=[]} | ret=SUCCESS |  
2019-08-22 09:28:13,649 | INFO  | SCMAudit | user=jenkins1000 | ip=192.168.36.85 | op=SEND_HEARTBEAT {datanodeUUID=75d72393-3020-4de0-a4ea-5e88f0c8cd61, command=[]} | ret=SUCCESS |  
2019-08-22 09:28:13,654 [grpc-default-executor-11] INFO  client.GrpcClientProtocolClient (GrpcClientProtocolClient.java:onNext(255)) - client-47AEE83A0C30->928f26db-de41-4c85-b3d0-1197049d8d00: receive RaftClientReply:client-47AEE83A0C30->928f26db-de41-4c85-b3d0-1197049d8d00@group-987FF9BACDAF, cid=164, FAILED org.apache.ratis.protocol.NotLeaderException: Server 928f26db-de41-4c85-b3d0-1197049d8d00 is not the leader (null). Request must be sent to leader., logIndex=0, commits[928f26db-de41-4c85-b3d0-1197049d8d00:c16, f1e02cbd-f391-4fd8-b388-c076d48374d7:c16, d8e1cfc5-e249-437a-bc24-3d460aa72825:c16]
2019-08-22 09:28:14,042 | INFO  | SCMAudit | user=jenkins1000 | ip=192.168.36.85 | op=SEND_HEARTBEAT {datanodeUUID=909bb822-8e17-41f4-9059-fc5d171ea46d, command=[]} | ret=SUCCESS |  
2019-08-22 09:28:14,215 | INFO  | SCMAudit | user=jenkins1000 | ip=192.168.36.85 | op=SEND_HEARTBEAT {datanodeUUID=f1e02cbd-f391-4fd8-b388-c076d48374d7, command=[]} | ret=SUCCESS |  
2019-08-22 09:28:14,250 | INFO  | SCMAudit | user=jenkins1000 | ip=192.168.36.85 | op=SEND_HEARTBEAT {datanodeUUID=928f26db-de41-4c85-b3d0-1197049d8d00, command=[]} | ret=SUCCESS |  
2019-08-22 09:28:14,288 | INFO  | SCMAudit | user=jenkins1000 | ip=192.168.36.85 | op=SEND_HEARTBEAT {datanodeUUID=95ce97c6-e6af-4640-b6f2-079eca5e157b, command=[]} | ret=SUCCESS |  
2019-08-22 09:28:14,479 | INFO  | SCMAudit | user=jenkins1000 | ip=192.168.36.85 | op=SEND_HEARTBEAT {datanodeUUID=c63d63f4-e4a3-48b0-8e66-cfae5c1ce3a1, command=[]} | ret=SUCCESS |  
2019-08-22 09:28:14,648 | INFO  | SCMAudit | user=jenkins1000 | ip=192.168.36.85 | op=SEND_HEARTBEAT {datanodeUUID=75d72393-3020-4de0-a4ea-5e88f0c8cd61, command=[]} | ret=SUCCESS |  
2019-08-22 09:28:14,666 [grpc-default-executor-11] INFO  client.GrpcClientProtocolClient (GrpcClientProtocolClient.java:onNext(255)) - client-47AEE83A0C30->f1e02cbd-f391-4fd8-b388-c076d48374d7: receive RaftClientReply:client-47AEE83A0C30->f1e02cbd-f391-4fd8-b388-c076d48374d7@group-987FF9BACDAF, cid=164, FAILED org.apache.ratis.protocol.NotLeaderException: Server f1e02cbd-f391-4fd8-b388-c076d48374d7 is not the leader (null). Request must be sent to leader., logIndex=0, commits[f1e02cbd-f391-4fd8-b388-c076d48374d7:c16, d8e1cfc5-e249-437a-bc24-3d460aa72825:c16, 928f26db-de41-4c85-b3d0-1197049d8d00:c16]
2019-08-22 09:28:15,043 | INFO  | SCMAudit | user=jenkins1000 | ip=192.168.36.85 | op=SEND_HEARTBEAT {datanodeUUID=909bb822-8e17-41f4-9059-fc5d171ea46d, command=[]} | ret=SUCCESS |  
2019-08-22 09:28:15,214 | INFO  | SCMAudit | user=jenkins1000 | ip=192.168.36.85 | op=SEND_HEARTBEAT {datanodeUUID=f1e02cbd-f391-4fd8-b388-c076d48374d7, command=[]} | ret=SUCCESS |  
2019-08-22 09:28:15,251 | INFO  | SCMAudit | user=jenkins1000 | ip=192.168.36.85 | op=SEND_HEARTBEAT {datanodeUUID=928f26db-de41-4c85-b3d0-1197049d8d00, command=[]} | ret=SUCCESS |  
2019-08-22 09:28:15,288 | INFO  | SCMAudit | user=jenkins1000 | ip=192.168.36.85 | op=SEND_HEARTBEAT {datanodeUUID=95ce97c6-e6af-4640-b6f2-079eca5e157b, command=[]} | ret=SUCCESS |  
2019-08-22 09:28:15,478 | INFO  | SCMAudit | user=jenkins1000 | ip=192.168.36.85 | op=SEND_HEARTBEAT {datanodeUUID=c63d63f4-e4a3-48b0-8e66-cfae5c1ce3a1, command=[]} | ret=SUCCESS |  
2019-08-22 09:28:15,648 | INFO  | SCMAudit | user=jenkins1000 | ip=192.168.36.85 | op=SEND_HEARTBEAT {datanodeUUID=75d72393-3020-4de0-a4ea-5e88f0c8cd61, command=[]} | ret=SUCCESS |  
2019-08-22 09:28:15,676 [grpc-default-executor-9] INFO  client.GrpcClientProtocolClient (GrpcClientProtocolClient.java:onNext(255)) - client-47AEE83A0C30->928f26db-de41-4c85-b3d0-1197049d8d00: receive RaftClientReply:client-47AEE83A0C30->928f26db-de41-4c85-b3d0-1197049d8d00@group-987FF9BACDAF, cid=164, FAILED org.apache.ratis.protocol.NotLeaderException: Server 928f26db-de41-4c85-b3d0-1197049d8d00 is not the leader (null). Request must be sent to leader., logIndex=0, commits[928f26db-de41-4c85-b3d0-1197049d8d00:c16, f1e02cbd-f391-4fd8-b388-c076d48374d7:c16, d8e1cfc5-e249-437a-bc24-3d460aa72825:c16]
2019-08-22 09:28:16,042 | INFO  | SCMAudit | user=jenkins1000 | ip=192.168.36.85 | op=SEND_HEARTBEAT {datanodeUUID=909bb822-8e17-41f4-9059-fc5d171ea46d, command=[]} | ret=SUCCESS |  
2019-08-22 09:28:16,215 | INFO  | SCMAudit | user=jenkins1000 | ip=192.168.36.85 | op=SEND_HEARTBEAT {datanodeUUID=f1e02cbd-f391-4fd8-b388-c076d48374d7, command=[]} | ret=SUCCESS |  
2019-08-22 09:28:16,251 | INFO  | SCMAudit | user=jenkins1000 | ip=192.168.36.85 | op=SEND_HEARTBEAT {datanodeUUID=928f26db-de41-4c85-b3d0-1197049d8d00, command=[]} | ret=SUCCESS |  
2019-08-22 09:28:16,288 | INFO  | SCMAudit | user=jenkins1000 | ip=192.168.36.85 | op=SEND_HEARTBEAT {datanodeUUID=95ce97c6-e6af-4640-b6f2-079eca5e157b, command=[]} | ret=SUCCESS |  
2019-08-22 09:28:16,460 [Thread-3594] INFO  impl.FollowerState (FollowerState.java:run(106)) - 928f26db-de41-4c85-b3d0-1197049d8d00:group-987FF9BACDAF changes to CANDIDATE, lastRpcTime:5048, electionTimeout:5048ms
2019-08-22 09:28:16,461 [Thread-3594] INFO  impl.RoleInfo (RoleInfo.java:shutdownFollowerState(121)) - 928f26db-de41-4c85-b3d0-1197049d8d00: shutdown FollowerState
2019-08-22 09:28:16,461 [Thread-3594] INFO  impl.RaftServerImpl (RaftServerImpl.java:setRole(171)) - 928f26db-de41-4c85-b3d0-1197049d8d00:group-987FF9BACDAF changes role from FOLLOWER to CANDIDATE at term 3 for changeToCandidate
2019-08-22 09:28:16,461 [Thread-3594] INFO  impl.RoleInfo (RoleInfo.java:updateAndGet(143)) - 928f26db-de41-4c85-b3d0-1197049d8d00: start LeaderElection
2019-08-22 09:28:16,478 | INFO  | SCMAudit | user=jenkins1000 | ip=192.168.36.85 | op=SEND_HEARTBEAT {datanodeUUID=c63d63f4-e4a3-48b0-8e66-cfae5c1ce3a1, command=[]} | ret=SUCCESS |  
2019-08-22 09:28:16,489 [928f26db-de41-4c85-b3d0-1197049d8d00:group-987FF9BACDAF:LeaderElection81] INFO  impl.LeaderElection (LeaderElection.java:askForVotes(181)) - 928f26db-de41-4c85-b3d0-1197049d8d00:group-987FF9BACDAF:LeaderElection81: begin an election at term 4 for 0: [f1e02cbd-f391-4fd8-b388-c076d48374d7:192.168.36.85:38589, d8e1cfc5-e249-437a-bc24-3d460aa72825:192.168.36.85:41695, 928f26db-de41-4c85-b3d0-1197049d8d00:192.168.36.85:34973], old=null
2019-08-22 09:28:16,491 [928f26db-de41-4c85-b3d0-1197049d8d00:group-987FF9BACDAF:LeaderElection81] INFO  impl.LeaderElection (LogUtils.java:infoOrTrace(149)) - 928f26db-de41-4c85-b3d0-1197049d8d00:group-987FF9BACDAF:LeaderElection81 got exception when requesting votes: {}
java.util.concurrent.ExecutionException: org.apache.ratis.thirdparty.io.grpc.StatusRuntimeException: UNAVAILABLE: io exception
	at java.util.concurrent.FutureTask.report(FutureTask.java:122)
	at java.util.concurrent.FutureTask.get(FutureTask.java:192)
	at org.apache.ratis.server.impl.LeaderElection.waitForResults(LeaderElection.java:262)
	at org.apache.ratis.server.impl.LeaderElection.askForVotes(LeaderElection.java:200)
	at org.apache.ratis.server.impl.LeaderElection.run(LeaderElection.java:130)
	at java.lang.Thread.run(Thread.java:748)
Caused by: org.apache.ratis.thirdparty.io.grpc.StatusRuntimeException: UNAVAILABLE: io exception
	at org.apache.ratis.thirdparty.io.grpc.stub.ClientCalls.toStatusRuntimeException(ClientCalls.java:233)
	at org.apache.ratis.thirdparty.io.grpc.stub.ClientCalls.getUnchecked(ClientCalls.java:214)
	at org.apache.ratis.thirdparty.io.grpc.stub.ClientCalls.blockingUnaryCall(ClientCalls.java:139)
	at org.apache.ratis.proto.grpc.RaftServerProtocolServiceGrpc$RaftServerProtocolServiceBlockingStub.requestVote(RaftServerProtocolServiceGrpc.java:265)
	at org.apache.ratis.grpc.server.GrpcServerProtocolClient.requestVote(GrpcServerProtocolClient.java:83)
	at org.apache.ratis.grpc.server.GrpcService.requestVote(GrpcService.java:195)
	at org.apache.ratis.server.impl.LeaderElection.lambda$submitRequests$1(LeaderElection.java:237)
	at java.util.concurrent.FutureTask.run(FutureTask.java:266)
	at java.util.concurrent.Executors$RunnableAdapter.call(Executors.java:511)
	at java.util.concurrent.FutureTask.run(FutureTask.java:266)
	at java.util.concurrent.ThreadPoolExecutor.runWorker(ThreadPoolExecutor.java:1149)
	at java.util.concurrent.ThreadPoolExecutor$Worker.run(ThreadPoolExecutor.java:624)
	... 1 more
Caused by: org.apache.ratis.thirdparty.io.netty.channel.AbstractChannel$AnnotatedConnectException: Connection refused: /192.168.36.85:41695
	at sun.nio.ch.SocketChannelImpl.checkConnect(Native Method)
	at sun.nio.ch.SocketChannelImpl.finishConnect(SocketChannelImpl.java:717)
	at org.apache.ratis.thirdparty.io.netty.channel.socket.nio.NioSocketChannel.doFinishConnect(NioSocketChannel.java:327)
	at org.apache.ratis.thirdparty.io.netty.channel.nio.AbstractNioChannel$AbstractNioUnsafe.finishConnect(AbstractNioChannel.java:340)
	at org.apache.ratis.thirdparty.io.netty.channel.nio.NioEventLoop.processSelectedKey(NioEventLoop.java:632)
	at org.apache.ratis.thirdparty.io.netty.channel.nio.NioEventLoop.processSelectedKeysOptimized(NioEventLoop.java:579)
	at org.apache.ratis.thirdparty.io.netty.channel.nio.NioEventLoop.processSelectedKeys(NioEventLoop.java:496)
	at org.apache.ratis.thirdparty.io.netty.channel.nio.NioEventLoop.run(NioEventLoop.java:458)
	at org.apache.ratis.thirdparty.io.netty.util.concurrent.SingleThreadEventExecutor$5.run(SingleThreadEventExecutor.java:897)
	at org.apache.ratis.thirdparty.io.netty.util.concurrent.FastThreadLocalRunnable.run(FastThreadLocalRunnable.java:30)
	... 1 more
Caused by: java.net.ConnectException: Connection refused
	... 11 more
2019-08-22 09:28:16,495 [grpc-default-executor-9] INFO  impl.RaftServerImpl (RaftServerImpl.java:setRole(171)) - f1e02cbd-f391-4fd8-b388-c076d48374d7:group-987FF9BACDAF changes role from FOLLOWER to FOLLOWER at term 4 for recognizeCandidate:928f26db-de41-4c85-b3d0-1197049d8d00
2019-08-22 09:28:16,495 [grpc-default-executor-9] INFO  impl.RoleInfo (RoleInfo.java:shutdownFollowerState(121)) - f1e02cbd-f391-4fd8-b388-c076d48374d7: shutdown FollowerState
2019-08-22 09:28:16,495 [grpc-default-executor-9] INFO  impl.RoleInfo (RoleInfo.java:updateAndGet(143)) - f1e02cbd-f391-4fd8-b388-c076d48374d7: start FollowerState
2019-08-22 09:28:16,495 [Thread-3595] INFO  impl.FollowerState (FollowerState.java:run(114)) - f1e02cbd-f391-4fd8-b388-c076d48374d7: FollowerState was interrupted: java.lang.InterruptedException: sleep interrupted
2019-08-22 09:28:16,523 [928f26db-de41-4c85-b3d0-1197049d8d00:group-987FF9BACDAF:LeaderElection81] INFO  impl.LeaderElection (LeaderElection.java:logAndReturn(56)) - 928f26db-de41-4c85-b3d0-1197049d8d00:group-987FF9BACDAF:LeaderElection81: Election PASSED; received 1 response(s) [928f26db-de41-4c85-b3d0-1197049d8d00<-f1e02cbd-f391-4fd8-b388-c076d48374d7#0:OK-t4] and 1 exception(s); 928f26db-de41-4c85-b3d0-1197049d8d00:t4, leader=null, voted=928f26db-de41-4c85-b3d0-1197049d8d00, raftlog=928f26db-de41-4c85-b3d0-1197049d8d00-SegmentedRaftLog:OPENED:c16,f16,i16, conf=0: [f1e02cbd-f391-4fd8-b388-c076d48374d7:192.168.36.85:38589, d8e1cfc5-e249-437a-bc24-3d460aa72825:192.168.36.85:41695, 928f26db-de41-4c85-b3d0-1197049d8d00:192.168.36.85:34973], old=null
2019-08-22 09:28:16,523 [928f26db-de41-4c85-b3d0-1197049d8d00:group-987FF9BACDAF:LeaderElection81] INFO  impl.LeaderElection (LogUtils.java:infoOrTrace(149)) -   Exception 0: {}
java.util.concurrent.ExecutionException: org.apache.ratis.thirdparty.io.grpc.StatusRuntimeException: UNAVAILABLE: io exception
	at java.util.concurrent.FutureTask.report(FutureTask.java:122)
	at java.util.concurrent.FutureTask.get(FutureTask.java:192)
	at org.apache.ratis.server.impl.LeaderElection.waitForResults(LeaderElection.java:262)
	at org.apache.ratis.server.impl.LeaderElection.askForVotes(LeaderElection.java:200)
	at org.apache.ratis.server.impl.LeaderElection.run(LeaderElection.java:130)
	at java.lang.Thread.run(Thread.java:748)
Caused by: org.apache.ratis.thirdparty.io.grpc.StatusRuntimeException: UNAVAILABLE: io exception
	at org.apache.ratis.thirdparty.io.grpc.stub.ClientCalls.toStatusRuntimeException(ClientCalls.java:233)
	at org.apache.ratis.thirdparty.io.grpc.stub.ClientCalls.getUnchecked(ClientCalls.java:214)
	at org.apache.ratis.thirdparty.io.grpc.stub.ClientCalls.blockingUnaryCall(ClientCalls.java:139)
	at org.apache.ratis.proto.grpc.RaftServerProtocolServiceGrpc$RaftServerProtocolServiceBlockingStub.requestVote(RaftServerProtocolServiceGrpc.java:265)
	at org.apache.ratis.grpc.server.GrpcServerProtocolClient.requestVote(GrpcServerProtocolClient.java:83)
	at org.apache.ratis.grpc.server.GrpcService.requestVote(GrpcService.java:195)
	at org.apache.ratis.server.impl.LeaderElection.lambda$submitRequests$1(LeaderElection.java:237)
	at java.util.concurrent.FutureTask.run(FutureTask.java:266)
	at java.util.concurrent.Executors$RunnableAdapter.call(Executors.java:511)
	at java.util.concurrent.FutureTask.run(FutureTask.java:266)
	at java.util.concurrent.ThreadPoolExecutor.runWorker(ThreadPoolExecutor.java:1149)
	at java.util.concurrent.ThreadPoolExecutor$Worker.run(ThreadPoolExecutor.java:624)
	... 1 more
Caused by: org.apache.ratis.thirdparty.io.netty.channel.AbstractChannel$AnnotatedConnectException: Connection refused: /192.168.36.85:41695
	at sun.nio.ch.SocketChannelImpl.checkConnect(Native Method)
	at sun.nio.ch.SocketChannelImpl.finishConnect(SocketChannelImpl.java:717)
	at org.apache.ratis.thirdparty.io.netty.channel.socket.nio.NioSocketChannel.doFinishConnect(NioSocketChannel.java:327)
	at org.apache.ratis.thirdparty.io.netty.channel.nio.AbstractNioChannel$AbstractNioUnsafe.finishConnect(AbstractNioChannel.java:340)
	at org.apache.ratis.thirdparty.io.netty.channel.nio.NioEventLoop.processSelectedKey(NioEventLoop.java:632)
	at org.apache.ratis.thirdparty.io.netty.channel.nio.NioEventLoop.processSelectedKeysOptimized(NioEventLoop.java:579)
	at org.apache.ratis.thirdparty.io.netty.channel.nio.NioEventLoop.processSelectedKeys(NioEventLoop.java:496)
	at org.apache.ratis.thirdparty.io.netty.channel.nio.NioEventLoop.run(NioEventLoop.java:458)
	at org.apache.ratis.thirdparty.io.netty.util.concurrent.SingleThreadEventExecutor$5.run(SingleThreadEventExecutor.java:897)
	at org.apache.ratis.thirdparty.io.netty.util.concurrent.FastThreadLocalRunnable.run(FastThreadLocalRunnable.java:30)
	... 1 more
Caused by: java.net.ConnectException: Connection refused
	... 11 more
2019-08-22 09:28:16,523 [928f26db-de41-4c85-b3d0-1197049d8d00:group-987FF9BACDAF:LeaderElection81] INFO  impl.RoleInfo (RoleInfo.java:shutdownLeaderElection(134)) - 928f26db-de41-4c85-b3d0-1197049d8d00: shutdown LeaderElection
2019-08-22 09:28:16,523 [928f26db-de41-4c85-b3d0-1197049d8d00:group-987FF9BACDAF:LeaderElection81] INFO  impl.RaftServerImpl (RaftServerImpl.java:setRole(171)) - 928f26db-de41-4c85-b3d0-1197049d8d00:group-987FF9BACDAF changes role from CANDIDATE to LEADER at term 4 for changeToLeader
2019-08-22 09:28:16,524 [928f26db-de41-4c85-b3d0-1197049d8d00:group-987FF9BACDAF:LeaderElection81] INFO  impl.RaftServerImpl (ServerState.java:setLeader(263)) - 928f26db-de41-4c85-b3d0-1197049d8d00:group-987FF9BACDAF change Leader from null to 928f26db-de41-4c85-b3d0-1197049d8d00 at term 4 for becomeLeader, leader elected after 9148ms
2019-08-22 09:28:16,524 [928f26db-de41-4c85-b3d0-1197049d8d00:group-987FF9BACDAF:LeaderElection81] INFO  server.RaftServerConfigKeys (ConfUtils.java:logGet(43)) - raft.server.staging.catchup.gap = 1000 (default)
2019-08-22 09:28:16,524 [928f26db-de41-4c85-b3d0-1197049d8d00:group-987FF9BACDAF:LeaderElection81] INFO  server.RaftServerConfigKeys (ConfUtils.java:logGet(43)) - raft.server.rpc.sleep.time = 25ms (default)
2019-08-22 09:28:16,524 [928f26db-de41-4c85-b3d0-1197049d8d00:group-987FF9BACDAF:LeaderElection81] INFO  server.RaftServerConfigKeys (ConfUtils.java:logGet(43)) - raft.server.write.element-limit = 4096 (default)
2019-08-22 09:28:16,525 [928f26db-de41-4c85-b3d0-1197049d8d00:group-987FF9BACDAF:LeaderElection81] INFO  server.RaftServerConfigKeys (ConfUtils.java:logGet(43)) - raft.server.watch.timeout = 10s (default)
2019-08-22 09:28:16,525 [928f26db-de41-4c85-b3d0-1197049d8d00:group-987FF9BACDAF:LeaderElection81] INFO  server.RaftServerConfigKeys (ConfUtils.java:logGet(43)) - raft.server.watch.timeout.denomination = 1s (default)
2019-08-22 09:28:16,525 [928f26db-de41-4c85-b3d0-1197049d8d00:group-987FF9BACDAF:LeaderElection81] INFO  server.RaftServerConfigKeys (ConfUtils.java:logGet(43)) - raft.server.watch.element-limit = 65536 (default)
2019-08-22 09:28:16,525 [928f26db-de41-4c85-b3d0-1197049d8d00:group-987FF9BACDAF:LeaderElection81] INFO  server.RaftServerConfigKeys (ConfUtils.java:logGet(43)) - raft.server.log.appender.snapshot.chunk.size.max = 16MB (=16777216) (default)
2019-08-22 09:28:16,526 [928f26db-de41-4c85-b3d0-1197049d8d00:group-987FF9BACDAF:LeaderElection81] INFO  server.RaftServerConfigKeys (ConfUtils.java:logGet(43)) - raft.server.log.appender.buffer.byte-limit = 33554432 (custom)
2019-08-22 09:28:16,526 [928f26db-de41-4c85-b3d0-1197049d8d00:group-987FF9BACDAF:LeaderElection81] INFO  server.RaftServerConfigKeys (ConfUtils.java:logGet(43)) - raft.server.log.appender.buffer.element-limit = 1 (custom)
2019-08-22 09:28:16,526 [928f26db-de41-4c85-b3d0-1197049d8d00:group-987FF9BACDAF:LeaderElection81] INFO  grpc.GrpcConfigKeys$Server (ConfUtils.java:logGet(43)) - raft.grpc.server.leader.outstanding.appends.max = 128 (default)
2019-08-22 09:28:16,526 [928f26db-de41-4c85-b3d0-1197049d8d00:group-987FF9BACDAF:LeaderElection81] INFO  server.RaftServerConfigKeys (ConfUtils.java:logGet(43)) - raft.server.rpc.request.timeout = 3000ms (default)
2019-08-22 09:28:16,527 [928f26db-de41-4c85-b3d0-1197049d8d00:group-987FF9BACDAF:LeaderElection81] INFO  server.RaftServerConfigKeys (ConfUtils.java:logGet(43)) - raft.server.log.appender.install.snapshot.enabled = false (custom)
2019-08-22 09:28:16,527 [928f26db-de41-4c85-b3d0-1197049d8d00:group-987FF9BACDAF:LeaderElection81] INFO  server.RaftServerConfigKeys (ConfUtils.java:logGet(43)) - raft.server.log.appender.snapshot.chunk.size.max = 16MB (=16777216) (default)
2019-08-22 09:28:16,527 [928f26db-de41-4c85-b3d0-1197049d8d00:group-987FF9BACDAF:LeaderElection81] INFO  server.RaftServerConfigKeys (ConfUtils.java:logGet(43)) - raft.server.log.appender.buffer.byte-limit = 33554432 (custom)
2019-08-22 09:28:16,527 [928f26db-de41-4c85-b3d0-1197049d8d00:group-987FF9BACDAF:LeaderElection81] INFO  server.RaftServerConfigKeys (ConfUtils.java:logGet(43)) - raft.server.log.appender.buffer.element-limit = 1 (custom)
2019-08-22 09:28:16,527 [928f26db-de41-4c85-b3d0-1197049d8d00:group-987FF9BACDAF:LeaderElection81] INFO  grpc.GrpcConfigKeys$Server (ConfUtils.java:logGet(43)) - raft.grpc.server.leader.outstanding.appends.max = 128 (default)
2019-08-22 09:28:16,528 [928f26db-de41-4c85-b3d0-1197049d8d00:group-987FF9BACDAF:LeaderElection81] INFO  server.RaftServerConfigKeys (ConfUtils.java:logGet(43)) - raft.server.rpc.request.timeout = 3000ms (default)
2019-08-22 09:28:16,528 [928f26db-de41-4c85-b3d0-1197049d8d00:group-987FF9BACDAF:LeaderElection81] INFO  server.RaftServerConfigKeys (ConfUtils.java:logGet(43)) - raft.server.log.appender.install.snapshot.enabled = false (custom)
2019-08-22 09:28:16,528 [928f26db-de41-4c85-b3d0-1197049d8d00:group-987FF9BACDAF:LeaderElection81] INFO  impl.RoleInfo (RoleInfo.java:updateAndGet(143)) - 928f26db-de41-4c85-b3d0-1197049d8d00: start LeaderState
2019-08-22 09:28:16,529 [928f26db-de41-4c85-b3d0-1197049d8d00:group-987FF9BACDAF:LeaderElection81] INFO  segmented.SegmentedRaftLogWorker (SegmentedRaftLogWorker.java:rollLogSegment(385)) - 928f26db-de41-4c85-b3d0-1197049d8d00-SegmentedRaftLogWorker:Storage Directory /workdir/hadoop-ozone/integration-test/target/test-dir/MiniOzoneClusterImpl-2e6e0ec1-3320-47b2-b0b8-5188264ac38e/datanode-1/data/ratis/9d64e6f2-dc3c-46ab-a93b-987ff9bacdaf: Rolling segment log-0_16 to index:16
2019-08-22 09:28:16,530 [928f26db-de41-4c85-b3d0-1197049d8d00-SegmentedRaftLogWorker:Storage Directory /workdir/hadoop-ozone/integration-test/target/test-dir/MiniOzoneClusterImpl-2e6e0ec1-3320-47b2-b0b8-5188264ac38e/datanode-1/data/ratis/9d64e6f2-dc3c-46ab-a93b-987ff9bacdaf] INFO  segmented.SegmentedRaftLogWorker (SegmentedRaftLogWorker.java:execute(526)) - 928f26db-de41-4c85-b3d0-1197049d8d00-SegmentedRaftLogWorker:Storage Directory /workdir/hadoop-ozone/integration-test/target/test-dir/MiniOzoneClusterImpl-2e6e0ec1-3320-47b2-b0b8-5188264ac38e/datanode-1/data/ratis/9d64e6f2-dc3c-46ab-a93b-987ff9bacdaf: Rolled log segment from /workdir/hadoop-ozone/integration-test/target/test-dir/MiniOzoneClusterImpl-2e6e0ec1-3320-47b2-b0b8-5188264ac38e/datanode-1/data/ratis/9d64e6f2-dc3c-46ab-a93b-987ff9bacdaf/current/log_inprogress_0 to /workdir/hadoop-ozone/integration-test/target/test-dir/MiniOzoneClusterImpl-2e6e0ec1-3320-47b2-b0b8-5188264ac38e/datanode-1/data/ratis/9d64e6f2-dc3c-46ab-a93b-987ff9bacdaf/current/log_0-16
2019-08-22 09:28:16,530 [928f26db-de41-4c85-b3d0-1197049d8d00:group-987FF9BACDAF:LeaderElection81] INFO  impl.RaftServerImpl (ServerState.java:setRaftConf(361)) - 928f26db-de41-4c85-b3d0-1197049d8d00:group-987FF9BACDAF set configuration 17: [f1e02cbd-f391-4fd8-b388-c076d48374d7:192.168.36.85:38589, d8e1cfc5-e249-437a-bc24-3d460aa72825:192.168.36.85:41695, 928f26db-de41-4c85-b3d0-1197049d8d00:192.168.36.85:34973], old=null at 17
2019-08-22 09:28:16,530 [grpc-default-executor-9] WARN  server.GrpcLogAppender (LogUtils.java:warn(134)) - 928f26db-de41-4c85-b3d0-1197049d8d00->d8e1cfc5-e249-437a-bc24-3d460aa72825: Failed appendEntries: org.apache.ratis.thirdparty.io.grpc.StatusRuntimeException: UNAVAILABLE: io exception
2019-08-22 09:28:16,531 [grpc-default-executor-9] INFO  impl.FollowerInfo (FollowerInfo.java:lambda$new$0(50)) - 928f26db-de41-4c85-b3d0-1197049d8d00->d8e1cfc5-e249-437a-bc24-3d460aa72825: nextIndex: updateUnconditionally 17 -> 1
2019-08-22 09:28:16,531 [grpc-default-executor-11] INFO  impl.RaftServerImpl (ServerState.java:setLeader(263)) - f1e02cbd-f391-4fd8-b388-c076d48374d7:group-987FF9BACDAF change Leader from null to 928f26db-de41-4c85-b3d0-1197049d8d00 at term 4 for appendEntries, leader elected after 9248ms
2019-08-22 09:28:16,534 [grpc-default-executor-11] INFO  impl.RaftServerImpl (ServerState.java:setRaftConf(361)) - f1e02cbd-f391-4fd8-b388-c076d48374d7:group-987FF9BACDAF set configuration 17: [f1e02cbd-f391-4fd8-b388-c076d48374d7:192.168.36.85:38589, d8e1cfc5-e249-437a-bc24-3d460aa72825:192.168.36.85:41695, 928f26db-de41-4c85-b3d0-1197049d8d00:192.168.36.85:34973], old=null at 17
2019-08-22 09:28:16,535 [grpc-default-executor-11] INFO  segmented.SegmentedRaftLogWorker (SegmentedRaftLogWorker.java:rollLogSegment(385)) - f1e02cbd-f391-4fd8-b388-c076d48374d7-SegmentedRaftLogWorker:Storage Directory /workdir/hadoop-ozone/integration-test/target/test-dir/MiniOzoneClusterImpl-2e6e0ec1-3320-47b2-b0b8-5188264ac38e/datanode-0/data/ratis/9d64e6f2-dc3c-46ab-a93b-987ff9bacdaf: Rolling segment log-0_16 to index:16
2019-08-22 09:28:16,535 [f1e02cbd-f391-4fd8-b388-c076d48374d7-SegmentedRaftLogWorker:Storage Directory /workdir/hadoop-ozone/integration-test/target/test-dir/MiniOzoneClusterImpl-2e6e0ec1-3320-47b2-b0b8-5188264ac38e/datanode-0/data/ratis/9d64e6f2-dc3c-46ab-a93b-987ff9bacdaf] INFO  segmented.SegmentedRaftLogWorker (SegmentedRaftLogWorker.java:execute(526)) - f1e02cbd-f391-4fd8-b388-c076d48374d7-SegmentedRaftLogWorker:Storage Directory /workdir/hadoop-ozone/integration-test/target/test-dir/MiniOzoneClusterImpl-2e6e0ec1-3320-47b2-b0b8-5188264ac38e/datanode-0/data/ratis/9d64e6f2-dc3c-46ab-a93b-987ff9bacdaf: Rolled log segment from /workdir/hadoop-ozone/integration-test/target/test-dir/MiniOzoneClusterImpl-2e6e0ec1-3320-47b2-b0b8-5188264ac38e/datanode-0/data/ratis/9d64e6f2-dc3c-46ab-a93b-987ff9bacdaf/current/log_inprogress_0 to /workdir/hadoop-ozone/integration-test/target/test-dir/MiniOzoneClusterImpl-2e6e0ec1-3320-47b2-b0b8-5188264ac38e/datanode-0/data/ratis/9d64e6f2-dc3c-46ab-a93b-987ff9bacdaf/current/log_0-16
2019-08-22 09:28:16,595 [f1e02cbd-f391-4fd8-b388-c076d48374d7-SegmentedRaftLogWorker:Storage Directory /workdir/hadoop-ozone/integration-test/target/test-dir/MiniOzoneClusterImpl-2e6e0ec1-3320-47b2-b0b8-5188264ac38e/datanode-0/data/ratis/9d64e6f2-dc3c-46ab-a93b-987ff9bacdaf] INFO  segmented.SegmentedRaftLogWorker (SegmentedRaftLogWorker.java:execute(569)) - f1e02cbd-f391-4fd8-b388-c076d48374d7-SegmentedRaftLogWorker:Storage Directory /workdir/hadoop-ozone/integration-test/target/test-dir/MiniOzoneClusterImpl-2e6e0ec1-3320-47b2-b0b8-5188264ac38e/datanode-0/data/ratis/9d64e6f2-dc3c-46ab-a93b-987ff9bacdaf: created new log segment /workdir/hadoop-ozone/integration-test/target/test-dir/MiniOzoneClusterImpl-2e6e0ec1-3320-47b2-b0b8-5188264ac38e/datanode-0/data/ratis/9d64e6f2-dc3c-46ab-a93b-987ff9bacdaf/current/log_inprogress_17
2019-08-22 09:28:16,595 [928f26db-de41-4c85-b3d0-1197049d8d00-SegmentedRaftLogWorker:Storage Directory /workdir/hadoop-ozone/integration-test/target/test-dir/MiniOzoneClusterImpl-2e6e0ec1-3320-47b2-b0b8-5188264ac38e/datanode-1/data/ratis/9d64e6f2-dc3c-46ab-a93b-987ff9bacdaf] INFO  segmented.SegmentedRaftLogWorker (SegmentedRaftLogWorker.java:execute(569)) - 928f26db-de41-4c85-b3d0-1197049d8d00-SegmentedRaftLogWorker:Storage Directory /workdir/hadoop-ozone/integration-test/target/test-dir/MiniOzoneClusterImpl-2e6e0ec1-3320-47b2-b0b8-5188264ac38e/datanode-1/data/ratis/9d64e6f2-dc3c-46ab-a93b-987ff9bacdaf: created new log segment /workdir/hadoop-ozone/integration-test/target/test-dir/MiniOzoneClusterImpl-2e6e0ec1-3320-47b2-b0b8-5188264ac38e/datanode-1/data/ratis/9d64e6f2-dc3c-46ab-a93b-987ff9bacdaf/current/log_inprogress_17
2019-08-22 09:28:16,622 | INFO  | DNAudit | user=null | ip=null | op=READ_CHUNK {blockData=conID: 1 locID: 102659919950905358 bcsId: 0} | ret=SUCCESS |  
2019-08-22 09:28:16,625 [grpc-default-executor-10] WARN  server.GrpcLogAppender (LogUtils.java:warn(134)) - 928f26db-de41-4c85-b3d0-1197049d8d00->d8e1cfc5-e249-437a-bc24-3d460aa72825: Failed appendEntries: org.apache.ratis.thirdparty.io.grpc.StatusRuntimeException: UNAVAILABLE: io exception
2019-08-22 09:28:16,626 [grpc-default-executor-10] INFO  impl.FollowerInfo (FollowerInfo.java:lambda$new$0(50)) - 928f26db-de41-4c85-b3d0-1197049d8d00->d8e1cfc5-e249-437a-bc24-3d460aa72825: nextIndex: updateUnconditionally 2 -> 1
2019-08-22 09:28:16,649 | INFO  | SCMAudit | user=jenkins1000 | ip=192.168.36.85 | op=SEND_HEARTBEAT {datanodeUUID=75d72393-3020-4de0-a4ea-5e88f0c8cd61, command=[]} | ret=SUCCESS |  
2019-08-22 09:28:17,042 | INFO  | SCMAudit | user=jenkins1000 | ip=192.168.36.85 | op=SEND_HEARTBEAT {datanodeUUID=909bb822-8e17-41f4-9059-fc5d171ea46d, command=[]} | ret=SUCCESS |  
2019-08-22 09:28:17,215 | INFO  | SCMAudit | user=jenkins1000 | ip=192.168.36.85 | op=SEND_HEARTBEAT {datanodeUUID=f1e02cbd-f391-4fd8-b388-c076d48374d7, command=[]} | ret=SUCCESS |  
2019-08-22 09:28:17,251 | INFO  | SCMAudit | user=jenkins1000 | ip=192.168.36.85 | op=SEND_HEARTBEAT {datanodeUUID=928f26db-de41-4c85-b3d0-1197049d8d00, command=[]} | ret=SUCCESS |  
2019-08-22 09:28:17,289 | INFO  | SCMAudit | user=jenkins1000 | ip=192.168.36.85 | op=SEND_HEARTBEAT {datanodeUUID=95ce97c6-e6af-4640-b6f2-079eca5e157b, command=[]} | ret=SUCCESS |  
2019-08-22 09:28:17,478 | INFO  | SCMAudit | user=jenkins1000 | ip=192.168.36.85 | op=SEND_HEARTBEAT {datanodeUUID=c63d63f4-e4a3-48b0-8e66-cfae5c1ce3a1, command=[]} | ret=SUCCESS |  
2019-08-22 09:28:17,649 | INFO  | SCMAudit | user=jenkins1000 | ip=192.168.36.85 | op=SEND_HEARTBEAT {datanodeUUID=75d72393-3020-4de0-a4ea-5e88f0c8cd61, command=[]} | ret=SUCCESS |  
2019-08-22 09:28:17,683 | ERROR | DNAudit | user=null | ip=null | op=WRITE_CHUNK {blockData=conID: 1 locID: 102659919950905358 bcsId: 14} | ret=FAILURE | org.apache.hadoop.hdds.scm.container.common.helpers.ContainerNotOpenException: Container 1 in CLOSING state
	at org.apache.hadoop.ozone.container.common.impl.HddsDispatcher.validateContainerCommand(HddsDispatcher.java:408)
	at org.apache.hadoop.ozone.container.common.transport.server.ratis.ContainerStateMachine.startTransaction(ContainerStateMachine.java:309) 
2019-08-22 09:28:17,693 [grpc-default-executor-10] INFO  client.GrpcClientProtocolClient (GrpcClientProtocolClient.java:onNext(255)) - client-47AEE83A0C30->928f26db-de41-4c85-b3d0-1197049d8d00: receive RaftClientReply:client-47AEE83A0C30->928f26db-de41-4c85-b3d0-1197049d8d00@group-987FF9BACDAF, cid=164, FAILED org.apache.ratis.protocol.StateMachineException: org.apache.hadoop.hdds.scm.container.common.helpers.ContainerNotOpenException from Server 928f26db-de41-4c85-b3d0-1197049d8d00: Container 1 in CLOSING state, logIndex=0, commits[928f26db-de41-4c85-b3d0-1197049d8d00:c18, f1e02cbd-f391-4fd8-b388-c076d48374d7:c17, d8e1cfc5-e249-437a-bc24-3d460aa72825:c16]
2019-08-22 09:28:17,695 | ERROR | DNAudit | user=null | ip=null | op=WRITE_CHUNK {blockData=conID: 1 locID: 102659919950905358 bcsId: 14} | ret=FAILURE | org.apache.hadoop.hdds.scm.container.common.helpers.ContainerNotOpenException: Container 1 in CLOSING state
	at org.apache.hadoop.ozone.container.common.impl.HddsDispatcher.validateContainerCommand(HddsDispatcher.java:408)
	at org.apache.hadoop.ozone.container.common.transport.server.ratis.ContainerStateMachine.startTransaction(ContainerStateMachine.java:309) 
2019-08-22 09:28:17,701 | ERROR | DNAudit | user=null | ip=null | op=PUT_BLOCK {blockData=[blockId=conID: 1 locID: 102659919950905358 bcsId: 0,size=650]} | ret=FAILURE | org.apache.hadoop.hdds.scm.container.common.helpers.ContainerNotOpenException: Container 1 in CLOSING state
	at org.apache.hadoop.ozone.container.common.impl.HddsDispatcher.validateContainerCommand(HddsDispatcher.java:408)
	at org.apache.hadoop.ozone.container.common.transport.server.ratis.ContainerStateMachine.startTransaction(ContainerStateMachine.java:309) 
2019-08-22 09:28:17,702 | ERROR | DNAudit | user=null | ip=null | op=WRITE_CHUNK {blockData=conID: 1 locID: 102659919950905358 bcsId: 14} | ret=FAILURE | org.apache.hadoop.hdds.scm.container.common.helpers.ContainerNotOpenException: Container 1 in CLOSING state
	at org.apache.hadoop.ozone.container.common.impl.HddsDispatcher.validateContainerCommand(HddsDispatcher.java:408)
	at org.apache.hadoop.ozone.container.common.transport.server.ratis.ContainerStateMachine.startTransaction(ContainerStateMachine.java:309) 
2019-08-22 09:28:17,702 [grpc-default-executor-10] INFO  client.GrpcClientProtocolClient (GrpcClientProtocolClient.java:onNext(255)) - client-47AEE83A0C30->928f26db-de41-4c85-b3d0-1197049d8d00: receive RaftClientReply:client-47AEE83A0C30->928f26db-de41-4c85-b3d0-1197049d8d00@group-987FF9BACDAF, cid=165, FAILED org.apache.ratis.protocol.StateMachineException: org.apache.hadoop.hdds.scm.container.common.helpers.ContainerNotOpenException from Server 928f26db-de41-4c85-b3d0-1197049d8d00: Container 1 in CLOSING state, logIndex=0, commits[928f26db-de41-4c85-b3d0-1197049d8d00:c18, f1e02cbd-f391-4fd8-b388-c076d48374d7:c17, d8e1cfc5-e249-437a-bc24-3d460aa72825:c16]
2019-08-22 09:28:17,706 | ERROR | DNAudit | user=null | ip=null | op=WRITE_CHUNK {blockData=conID: 1 locID: 102659919950905358 bcsId: 14} | ret=FAILURE | org.apache.hadoop.hdds.scm.container.common.helpers.ContainerNotOpenException: Container 1 in CLOSING state
	at org.apache.hadoop.ozone.container.common.impl.HddsDispatcher.validateContainerCommand(HddsDispatcher.java:408)
	at org.apache.hadoop.ozone.container.common.transport.server.ratis.ContainerStateMachine.startTransaction(ContainerStateMachine.java:309) 
2019-08-22 09:28:17,709 [grpc-default-executor-10] INFO  client.GrpcClientProtocolClient (GrpcClientProtocolClient.java:onNext(255)) - client-47AEE83A0C30->928f26db-de41-4c85-b3d0-1197049d8d00: receive RaftClientReply:client-47AEE83A0C30->928f26db-de41-4c85-b3d0-1197049d8d00@group-987FF9BACDAF, cid=166, FAILED org.apache.ratis.protocol.StateMachineException: org.apache.hadoop.hdds.scm.container.common.helpers.ContainerNotOpenException from Server 928f26db-de41-4c85-b3d0-1197049d8d00: Container 1 in CLOSING state, logIndex=0, commits[928f26db-de41-4c85-b3d0-1197049d8d00:c18, f1e02cbd-f391-4fd8-b388-c076d48374d7:c17, d8e1cfc5-e249-437a-bc24-3d460aa72825:c16]
2019-08-22 09:28:17,711 | ERROR | DNAudit | user=null | ip=null | op=PUT_BLOCK {blockData=[blockId=conID: 1 locID: 102659919950905358 bcsId: 0,size=800]} | ret=FAILURE | org.apache.hadoop.hdds.scm.container.common.helpers.ContainerNotOpenException: Container 1 in CLOSING state
	at org.apache.hadoop.ozone.container.common.impl.HddsDispatcher.validateContainerCommand(HddsDispatcher.java:408)
	at org.apache.hadoop.ozone.container.common.transport.server.ratis.ContainerStateMachine.startTransaction(ContainerStateMachine.java:309) 
2019-08-22 09:28:17,716 [grpc-default-executor-10] INFO  client.GrpcClientProtocolClient (GrpcClientProtocolClient.java:onNext(255)) - client-47AEE83A0C30->928f26db-de41-4c85-b3d0-1197049d8d00: receive RaftClientReply:client-47AEE83A0C30->928f26db-de41-4c85-b3d0-1197049d8d00@group-987FF9BACDAF, cid=167, FAILED org.apache.ratis.protocol.StateMachineException: org.apache.hadoop.hdds.scm.container.common.helpers.ContainerNotOpenException from Server 928f26db-de41-4c85-b3d0-1197049d8d00: Container 1 in CLOSING state, logIndex=0, commits[928f26db-de41-4c85-b3d0-1197049d8d00:c18, f1e02cbd-f391-4fd8-b388-c076d48374d7:c17, d8e1cfc5-e249-437a-bc24-3d460aa72825:c16]
2019-08-22 09:28:17,718 [grpc-default-executor-10] INFO  client.GrpcClientProtocolClient (GrpcClientProtocolClient.java:onNext(255)) - client-47AEE83A0C30->928f26db-de41-4c85-b3d0-1197049d8d00: receive RaftClientReply:client-47AEE83A0C30->928f26db-de41-4c85-b3d0-1197049d8d00@group-987FF9BACDAF, cid=168, FAILED org.apache.ratis.protocol.StateMachineException: org.apache.hadoop.hdds.scm.container.common.helpers.ContainerNotOpenException from Server 928f26db-de41-4c85-b3d0-1197049d8d00: Container 1 in CLOSING state, logIndex=0, commits[928f26db-de41-4c85-b3d0-1197049d8d00:c18, f1e02cbd-f391-4fd8-b388-c076d48374d7:c17, d8e1cfc5-e249-437a-bc24-3d460aa72825:c16]
2019-08-22 09:28:17,719 [grpc-default-executor-10] INFO  client.GrpcClientProtocolClient (GrpcClientProtocolClient.java:onNext(255)) - client-47AEE83A0C30->928f26db-de41-4c85-b3d0-1197049d8d00: receive RaftClientReply:client-47AEE83A0C30->928f26db-de41-4c85-b3d0-1197049d8d00@group-987FF9BACDAF, cid=169, FAILED org.apache.ratis.protocol.StateMachineException: org.apache.hadoop.hdds.scm.container.common.helpers.ContainerNotOpenException from Server 928f26db-de41-4c85-b3d0-1197049d8d00: Container 1 in CLOSING state, logIndex=0, commits[928f26db-de41-4c85-b3d0-1197049d8d00:c18, f1e02cbd-f391-4fd8-b388-c076d48374d7:c17, d8e1cfc5-e249-437a-bc24-3d460aa72825:c16]
2019-08-22 09:28:17,748 | INFO  | SCMAudit | user=jenkins1000 | ip=192.168.36.85 | op=ALLOCATE_BLOCK {owner=2b236993-b729-4887-bb21-8ad9d9c13022, size=800, type=RATIS, factor=THREE} | ret=SUCCESS |  
2019-08-22 09:28:17,749 | INFO  | OMAudit | user=jenkins1000 | ip=127.0.0.1 | op=ALLOCATE_BLOCK {volume=testblockoutputstream, bucket=testblockoutputstream, key=1d379937-f4f7-4b73-aa74-f4d851023dde, dataSize=0, replicationType=null, replicationFactor=null, keyLocationInfo=null, clientID=102659919950774285} | ret=SUCCESS |  
2019-08-22 09:28:17,757 [grpc-default-executor-10] INFO  client.GrpcClientProtocolClient (GrpcClientProtocolClient.java:onNext(255)) - client-42B7ADC820FA->909bb822-8e17-41f4-9059-fc5d171ea46d: receive RaftClientReply:client-42B7ADC820FA->909bb822-8e17-41f4-9059-fc5d171ea46d@group-713CD145619D, cid=170, FAILED org.apache.ratis.protocol.NotLeaderException: Server 909bb822-8e17-41f4-9059-fc5d171ea46d is not the leader (95ce97c6-e6af-4640-b6f2-079eca5e157b:192.168.36.85:44677). Request must be sent to leader., logIndex=0, commits[909bb822-8e17-41f4-9059-fc5d171ea46d:c0, c63d63f4-e4a3-48b0-8e66-cfae5c1ce3a1:c0, 95ce97c6-e6af-4640-b6f2-079eca5e157b:c0]
2019-08-22 09:28:17,950 | INFO  | DNAudit | user=null | ip=null | op=WRITE_CHUNK {blockData=conID: 2 locID: 102659922182012943 bcsId: 0} | ret=SUCCESS |  
2019-08-22 09:28:17,950 | INFO  | DNAudit | user=null | ip=null | op=WRITE_CHUNK {blockData=conID: 2 locID: 102659922182012943 bcsId: 0} | ret=SUCCESS |  
2019-08-22 09:28:17,951 | INFO  | DNAudit | user=null | ip=null | op=WRITE_CHUNK {blockData=conID: 2 locID: 102659922182012943 bcsId: 0} | ret=SUCCESS |  
2019-08-22 09:28:17,951 | INFO  | SCMAudit | user=jenkins1000 | ip=192.168.36.85 | op=SEND_HEARTBEAT {datanodeUUID=909bb822-8e17-41f4-9059-fc5d171ea46d, command=[]} | ret=SUCCESS |  
2019-08-22 09:28:17,951 | INFO  | SCMAudit | user=jenkins1000 | ip=192.168.36.85 | op=SEND_HEARTBEAT {datanodeUUID=c63d63f4-e4a3-48b0-8e66-cfae5c1ce3a1, command=[]} | ret=SUCCESS |  
2019-08-22 09:28:17,951 | INFO  | SCMAudit | user=jenkins1000 | ip=192.168.36.85 | op=SEND_HEARTBEAT {datanodeUUID=95ce97c6-e6af-4640-b6f2-079eca5e157b, command=[]} | ret=SUCCESS |  
2019-08-22 09:28:17,965 | INFO  | DNAudit | user=null | ip=null | op=WRITE_CHUNK {blockData=conID: 2 locID: 102659922182012943 bcsId: 0} | ret=SUCCESS |  
2019-08-22 09:28:17,969 [grpc-default-executor-10] INFO  client.GrpcClientProtocolClient (GrpcClientProtocolClient.java:onNext(255)) - client-42B7ADC820FA->95ce97c6-e6af-4640-b6f2-079eca5e157b: receive RaftClientReply:client-42B7ADC820FA->95ce97c6-e6af-4640-b6f2-079eca5e157b@group-713CD145619D, cid=170, SUCCESS, logIndex=1, commits[95ce97c6-e6af-4640-b6f2-079eca5e157b:c1, 909bb822-8e17-41f4-9059-fc5d171ea46d:c0, c63d63f4-e4a3-48b0-8e66-cfae5c1ce3a1:c0]
2019-08-22 09:28:17,974 | INFO  | DNAudit | user=null | ip=null | op=WRITE_CHUNK {blockData=conID: 2 locID: 102659922182012943 bcsId: 0} | ret=SUCCESS |  
2019-08-22 09:28:17,976 | INFO  | DNAudit | user=null | ip=null | op=WRITE_CHUNK {blockData=conID: 2 locID: 102659922182012943 bcsId: 0} | ret=SUCCESS |  
2019-08-22 09:28:17,976 | INFO  | DNAudit | user=null | ip=null | op=WRITE_CHUNK {blockData=conID: 2 locID: 102659922182012943 bcsId: 0} | ret=SUCCESS |  
2019-08-22 09:28:17,976 | INFO  | DNAudit | user=null | ip=null | op=WRITE_CHUNK {blockData=conID: 2 locID: 102659922182012943 bcsId: 0} | ret=SUCCESS |  
2019-08-22 09:28:17,977 | INFO  | DNAudit | user=null | ip=null | op=WRITE_CHUNK {blockData=conID: 2 locID: 102659922182012943 bcsId: 0} | ret=SUCCESS |  
2019-08-22 09:28:17,981 | INFO  | DNAudit | user=null | ip=null | op=WRITE_CHUNK {blockData=conID: 2 locID: 102659922182012943 bcsId: 0} | ret=SUCCESS |  
2019-08-22 09:28:17,981 | INFO  | DNAudit | user=null | ip=null | op=WRITE_CHUNK {blockData=conID: 2 locID: 102659922182012943 bcsId: 0} | ret=SUCCESS |  
2019-08-22 09:28:17,981 | INFO  | DNAudit | user=null | ip=null | op=WRITE_CHUNK {blockData=conID: 2 locID: 102659922182012943 bcsId: 0} | ret=SUCCESS |  
2019-08-22 09:28:17,981 | INFO  | DNAudit | user=null | ip=null | op=WRITE_CHUNK {blockData=conID: 2 locID: 102659922182012943 bcsId: 0} | ret=SUCCESS |  
2019-08-22 09:28:17,982 | INFO  | DNAudit | user=null | ip=null | op=WRITE_CHUNK {blockData=conID: 2 locID: 102659922182012943 bcsId: 0} | ret=SUCCESS |  
2019-08-22 09:28:17,982 | INFO  | DNAudit | user=null | ip=null | op=WRITE_CHUNK {blockData=conID: 2 locID: 102659922182012943 bcsId: 0} | ret=SUCCESS |  
2019-08-22 09:28:17,983 | INFO  | DNAudit | user=null | ip=null | op=WRITE_CHUNK {blockData=conID: 2 locID: 102659922182012943 bcsId: 0} | ret=SUCCESS |  
2019-08-22 09:28:17,991 [grpc-default-executor-9] INFO  client.GrpcClientProtocolClient (GrpcClientProtocolClient.java:onNext(255)) - client-42B7ADC820FA->95ce97c6-e6af-4640-b6f2-079eca5e157b: receive RaftClientReply:client-42B7ADC820FA->95ce97c6-e6af-4640-b6f2-079eca5e157b@group-713CD145619D, cid=171, SUCCESS, logIndex=3, commits[95ce97c6-e6af-4640-b6f2-079eca5e157b:c4, 909bb822-8e17-41f4-9059-fc5d171ea46d:c1, c63d63f4-e4a3-48b0-8e66-cfae5c1ce3a1:c1]
2019-08-22 09:28:17,991 | INFO  | DNAudit | user=null | ip=null | op=WRITE_CHUNK {blockData=conID: 2 locID: 102659922182012943 bcsId: 0} | ret=SUCCESS |  
2019-08-22 09:28:17,994 | INFO  | DNAudit | user=null | ip=null | op=WRITE_CHUNK {blockData=conID: 2 locID: 102659922182012943 bcsId: 0} | ret=SUCCESS |  
2019-08-22 09:28:18,050 | INFO  | DNAudit | user=null | ip=null | op=PUT_BLOCK {blockData=[blockId=conID: 2 locID: 102659922182012943 bcsId: 0,size=200]} | ret=SUCCESS |  
2019-08-22 09:28:18,050 | INFO  | DNAudit | user=null | ip=null | op=WRITE_CHUNK {blockData=conID: 2 locID: 102659922182012943 bcsId: 0} | ret=SUCCESS |  
2019-08-22 09:28:18,051 | INFO  | DNAudit | user=null | ip=null | op=WRITE_CHUNK {blockData=conID: 2 locID: 102659922182012943 bcsId: 0} | ret=SUCCESS |  
2019-08-22 09:28:18,051 [grpc-default-executor-11] INFO  client.GrpcClientProtocolClient (GrpcClientProtocolClient.java:onNext(255)) - client-42B7ADC820FA->95ce97c6-e6af-4640-b6f2-079eca5e157b: receive RaftClientReply:client-42B7ADC820FA->95ce97c6-e6af-4640-b6f2-079eca5e157b@group-713CD145619D, cid=172, SUCCESS, logIndex=4, commits[95ce97c6-e6af-4640-b6f2-079eca5e157b:c12, 909bb822-8e17-41f4-9059-fc5d171ea46d:c7, c63d63f4-e4a3-48b0-8e66-cfae5c1ce3a1:c7]
2019-08-22 09:28:18,052 [grpc-default-executor-11] INFO  client.GrpcClientProtocolClient (GrpcClientProtocolClient.java:onNext(255)) - client-42B7ADC820FA->95ce97c6-e6af-4640-b6f2-079eca5e157b: receive RaftClientReply:client-42B7ADC820FA->95ce97c6-e6af-4640-b6f2-079eca5e157b@group-713CD145619D, cid=173, SUCCESS, logIndex=5, commits[95ce97c6-e6af-4640-b6f2-079eca5e157b:c12, 909bb822-8e17-41f4-9059-fc5d171ea46d:c7, c63d63f4-e4a3-48b0-8e66-cfae5c1ce3a1:c7]
2019-08-22 09:28:18,053 [grpc-default-executor-11] INFO  client.GrpcClientProtocolClient (GrpcClientProtocolClient.java:onNext(255)) - client-42B7ADC820FA->95ce97c6-e6af-4640-b6f2-079eca5e157b: receive RaftClientReply:client-42B7ADC820FA->95ce97c6-e6af-4640-b6f2-079eca5e157b@group-713CD145619D, cid=174, SUCCESS, logIndex=6, commits[95ce97c6-e6af-4640-b6f2-079eca5e157b:c12, 909bb822-8e17-41f4-9059-fc5d171ea46d:c7, c63d63f4-e4a3-48b0-8e66-cfae5c1ce3a1:c7]
2019-08-22 09:28:18,117 | INFO  | DNAudit | user=null | ip=null | op=PUT_BLOCK {blockData=[blockId=conID: 2 locID: 102659922182012943 bcsId: 0,size=200]} | ret=SUCCESS |  
2019-08-22 09:28:18,118 | INFO  | DNAudit | user=null | ip=null | op=WRITE_CHUNK {blockData=conID: 2 locID: 102659922182012943 bcsId: 0} | ret=SUCCESS |  
2019-08-22 09:28:18,119 | INFO  | DNAudit | user=null | ip=null | op=WRITE_CHUNK {blockData=conID: 2 locID: 102659922182012943 bcsId: 0} | ret=SUCCESS |  
2019-08-22 09:28:18,194 | INFO  | DNAudit | user=null | ip=null | op=PUT_BLOCK {blockData=[blockId=conID: 2 locID: 102659922182012943 bcsId: 0,size=400]} | ret=SUCCESS |  
2019-08-22 09:28:18,194 | INFO  | DNAudit | user=null | ip=null | op=PUT_BLOCK {blockData=[blockId=conID: 2 locID: 102659922182012943 bcsId: 0,size=400]} | ret=SUCCESS |  
2019-08-22 09:28:18,194 | INFO  | DNAudit | user=null | ip=null | op=PUT_BLOCK {blockData=[blockId=conID: 2 locID: 102659922182012943 bcsId: 0,size=200]} | ret=SUCCESS |  
2019-08-22 09:28:18,195 | INFO  | DNAudit | user=null | ip=null | op=WRITE_CHUNK {blockData=conID: 2 locID: 102659922182012943 bcsId: 0} | ret=SUCCESS |  
2019-08-22 09:28:18,196 | INFO  | DNAudit | user=null | ip=null | op=WRITE_CHUNK {blockData=conID: 2 locID: 102659922182012943 bcsId: 0} | ret=SUCCESS |  
2019-08-22 09:28:18,196 | INFO  | DNAudit | user=null | ip=null | op=PUT_BLOCK {blockData=[blockId=conID: 2 locID: 102659922182012943 bcsId: 0,size=400]} | ret=SUCCESS |  
2019-08-22 09:28:18,196 [grpc-default-executor-11] INFO  client.GrpcClientProtocolClient (GrpcClientProtocolClient.java:onNext(255)) - client-42B7ADC820FA->95ce97c6-e6af-4640-b6f2-079eca5e157b: receive RaftClientReply:client-42B7ADC820FA->95ce97c6-e6af-4640-b6f2-079eca5e157b@group-713CD145619D, cid=175, SUCCESS, logIndex=7, commits[95ce97c6-e6af-4640-b6f2-079eca5e157b:c12, 909bb822-8e17-41f4-9059-fc5d171ea46d:c7, c63d63f4-e4a3-48b0-8e66-cfae5c1ce3a1:c7]
2019-08-22 09:28:18,200 | INFO  | DNAudit | user=null | ip=null | op=WRITE_CHUNK {blockData=conID: 2 locID: 102659922182012943 bcsId: 7} | ret=SUCCESS |  
2019-08-22 09:28:18,202 | INFO  | DNAudit | user=null | ip=null | op=WRITE_CHUNK {blockData=conID: 2 locID: 102659922182012943 bcsId: 7} | ret=SUCCESS |  
2019-08-22 09:28:18,202 | INFO  | DNAudit | user=null | ip=null | op=WRITE_CHUNK {blockData=conID: 2 locID: 102659922182012943 bcsId: 7} | ret=SUCCESS |  
2019-08-22 09:28:18,215 | INFO  | SCMAudit | user=jenkins1000 | ip=192.168.36.85 | op=SEND_HEARTBEAT {datanodeUUID=f1e02cbd-f391-4fd8-b388-c076d48374d7, command=[]} | ret=SUCCESS |  
2019-08-22 09:28:18,216 | INFO  | DNAudit | user=null | ip=null | op=WRITE_CHUNK {blockData=conID: 2 locID: 102659922182012943 bcsId: 7} | ret=SUCCESS |  
2019-08-22 09:28:18,218 [grpc-default-executor-11] INFO  client.GrpcClientProtocolClient (GrpcClientProtocolClient.java:onNext(255)) - client-42B7ADC820FA->95ce97c6-e6af-4640-b6f2-079eca5e157b: receive RaftClientReply:client-42B7ADC820FA->95ce97c6-e6af-4640-b6f2-079eca5e157b@group-713CD145619D, cid=176, SUCCESS, logIndex=13, commits[95ce97c6-e6af-4640-b6f2-079eca5e157b:c13, 909bb822-8e17-41f4-9059-fc5d171ea46d:c12, c63d63f4-e4a3-48b0-8e66-cfae5c1ce3a1:c12]
2019-08-22 09:28:18,228 | INFO  | DNAudit | user=null | ip=null | op=WRITE_CHUNK {blockData=conID: 2 locID: 102659922182012943 bcsId: 7} | ret=SUCCESS |  
2019-08-22 09:28:18,228 | INFO  | DNAudit | user=null | ip=null | op=PUT_BLOCK {blockData=[blockId=conID: 2 locID: 102659922182012943 bcsId: 0,size=450]} | ret=SUCCESS |  
2019-08-22 09:28:18,228 | INFO  | DNAudit | user=null | ip=null | op=WRITE_CHUNK {blockData=conID: 2 locID: 102659922182012943 bcsId: 7} | ret=SUCCESS |  
2019-08-22 09:28:18,230 [grpc-default-executor-11] INFO  client.GrpcClientProtocolClient (GrpcClientProtocolClient.java:onNext(255)) - client-42B7ADC820FA->95ce97c6-e6af-4640-b6f2-079eca5e157b: receive RaftClientReply:client-42B7ADC820FA->95ce97c6-e6af-4640-b6f2-079eca5e157b@group-713CD145619D, cid=177, SUCCESS, logIndex=14, commits[95ce97c6-e6af-4640-b6f2-079eca5e157b:c15, 909bb822-8e17-41f4-9059-fc5d171ea46d:c13, c63d63f4-e4a3-48b0-8e66-cfae5c1ce3a1:c13]
2019-08-22 09:28:18,251 | INFO  | SCMAudit | user=jenkins1000 | ip=192.168.36.85 | op=SEND_HEARTBEAT {datanodeUUID=928f26db-de41-4c85-b3d0-1197049d8d00, command=[]} | ret=SUCCESS |  
2019-08-22 09:28:18,649 | INFO  | SCMAudit | user=jenkins1000 | ip=192.168.36.85 | op=SEND_HEARTBEAT {datanodeUUID=75d72393-3020-4de0-a4ea-5e88f0c8cd61, command=[]} | ret=SUCCESS |  
2019-08-22 09:28:18,947 | INFO  | SCMAudit | user=jenkins1000 | ip=192.168.36.85 | op=SEND_HEARTBEAT {datanodeUUID=c63d63f4-e4a3-48b0-8e66-cfae5c1ce3a1, command=[]} | ret=SUCCESS |  
2019-08-22 09:28:18,947 | INFO  | SCMAudit | user=jenkins1000 | ip=192.168.36.85 | op=SEND_HEARTBEAT {datanodeUUID=909bb822-8e17-41f4-9059-fc5d171ea46d, command=[]} | ret=SUCCESS |  
2019-08-22 09:28:18,947 | INFO  | SCMAudit | user=jenkins1000 | ip=192.168.36.85 | op=SEND_HEARTBEAT {datanodeUUID=95ce97c6-e6af-4640-b6f2-079eca5e157b, command=[]} | ret=SUCCESS |  
2019-08-22 09:28:19,129 [grpc-default-executor-11] WARN  server.GrpcLogAppender (LogUtils.java:warn(134)) - 928f26db-de41-4c85-b3d0-1197049d8d00->d8e1cfc5-e249-437a-bc24-3d460aa72825: Failed appendEntries: org.apache.ratis.thirdparty.io.grpc.StatusRuntimeException: UNAVAILABLE: io exception
2019-08-22 09:28:19,130 [grpc-default-executor-11] INFO  impl.FollowerInfo (FollowerInfo.java:lambda$new$0(50)) - 928f26db-de41-4c85-b3d0-1197049d8d00->d8e1cfc5-e249-437a-bc24-3d460aa72825: nextIndex: updateUnconditionally 1 -> 0
2019-08-22 09:28:19,215 | INFO  | SCMAudit | user=jenkins1000 | ip=192.168.36.85 | op=SEND_HEARTBEAT {datanodeUUID=f1e02cbd-f391-4fd8-b388-c076d48374d7, command=[]} | ret=SUCCESS |  
2019-08-22 09:28:19,237 [main] WARN  scm.XceiverClientRatis (XceiverClientRatis.java:watchForCommit(262)) - 3 way commit failed on pipeline Pipeline[ Id: 5e53caaf-fbcb-4322-ac80-713cd145619d, Nodes: 909bb822-8e17-41f4-9059-fc5d171ea46d{ip: 192.168.36.85, host: pr-hdds-1898-9jx57-4170240974, networkLocation: /default-rack, certSerialId: null}95ce97c6-e6af-4640-b6f2-079eca5e157b{ip: 192.168.36.85, host: pr-hdds-1898-9jx57-4170240974, networkLocation: /default-rack, certSerialId: null}c63d63f4-e4a3-48b0-8e66-cfae5c1ce3a1{ip: 192.168.36.85, host: pr-hdds-1898-9jx57-4170240974, networkLocation: /default-rack, certSerialId: null}, Type:RATIS, Factor:THREE, State:OPEN]
java.util.concurrent.TimeoutException
	at java.util.concurrent.CompletableFuture.timedGet(CompletableFuture.java:1771)
	at java.util.concurrent.CompletableFuture.get(CompletableFuture.java:1915)
	at org.apache.hadoop.hdds.scm.XceiverClientRatis.watchForCommit(XceiverClientRatis.java:259)
	at org.apache.hadoop.hdds.scm.storage.CommitWatcher.watchForCommit(CommitWatcher.java:194)
	at org.apache.hadoop.hdds.scm.storage.CommitWatcher.watchOnLastIndex(CommitWatcher.java:157)
	at org.apache.hadoop.hdds.scm.storage.BlockOutputStream.watchForCommit(BlockOutputStream.java:347)
	at org.apache.hadoop.hdds.scm.storage.BlockOutputStream.handleFlush(BlockOutputStream.java:479)
	at org.apache.hadoop.hdds.scm.storage.BlockOutputStream.flush(BlockOutputStream.java:428)
	at org.apache.hadoop.ozone.client.io.BlockOutputStreamEntry.flush(BlockOutputStreamEntry.java:136)
	at org.apache.hadoop.ozone.client.io.KeyOutputStream.handleFlushOrClose(KeyOutputStream.java:442)
	at org.apache.hadoop.ozone.client.io.KeyOutputStream.flush(KeyOutputStream.java:396)
	at org.apache.hadoop.ozone.client.io.OzoneOutputStream.flush(OzoneOutputStream.java:54)
	at org.apache.hadoop.ozone.client.rpc.TestBlockOutputStreamWithFailures.testWatchForCommitDatanodeFailure(TestBlockOutputStreamWithFailures.java:365)
	at sun.reflect.NativeMethodAccessorImpl.invoke0(Native Method)
	at sun.reflect.NativeMethodAccessorImpl.invoke(NativeMethodAccessorImpl.java:62)
	at sun.reflect.DelegatingMethodAccessorImpl.invoke(DelegatingMethodAccessorImpl.java:43)
	at java.lang.reflect.Method.invoke(Method.java:498)
	at org.junit.runners.model.FrameworkMethod$1.runReflectiveCall(FrameworkMethod.java:47)
	at org.junit.internal.runners.model.ReflectiveCallable.run(ReflectiveCallable.java:12)
	at org.junit.runners.model.FrameworkMethod.invokeExplosively(FrameworkMethod.java:44)
	at org.junit.internal.runners.statements.InvokeMethod.evaluate(InvokeMethod.java:17)
	at org.junit.internal.runners.statements.RunBefores.evaluate(RunBefores.java:26)
	at org.junit.internal.runners.statements.RunAfters.evaluate(RunAfters.java:27)
	at org.junit.runners.ParentRunner.runLeaf(ParentRunner.java:271)
	at org.junit.runners.BlockJUnit4ClassRunner.runChild(BlockJUnit4ClassRunner.java:70)
	at org.junit.runners.BlockJUnit4ClassRunner.runChild(BlockJUnit4ClassRunner.java:50)
	at org.junit.runners.ParentRunner$3.run(ParentRunner.java:238)
	at org.junit.runners.ParentRunner$1.schedule(ParentRunner.java:63)
	at org.junit.runners.ParentRunner.runChildren(ParentRunner.java:236)
	at org.junit.runners.ParentRunner.access$000(ParentRunner.java:53)
	at org.junit.runners.ParentRunner$2.evaluate(ParentRunner.java:229)
	at org.junit.runners.ParentRunner.run(ParentRunner.java:309)
	at org.apache.maven.surefire.junit4.JUnit4Provider.execute(JUnit4Provider.java:365)
	at org.apache.maven.surefire.junit4.JUnit4Provider.executeWithRerun(JUnit4Provider.java:273)
	at org.apache.maven.surefire.junit4.JUnit4Provider.executeTestSet(JUnit4Provider.java:238)
	at org.apache.maven.surefire.junit4.JUnit4Provider.invoke(JUnit4Provider.java:159)
	at org.apache.maven.surefire.booter.ForkedBooter.invokeProviderInSameClassLoader(ForkedBooter.java:384)
	at org.apache.maven.surefire.booter.ForkedBooter.runSuitesInProcess(ForkedBooter.java:345)
	at org.apache.maven.surefire.booter.ForkedBooter.execute(ForkedBooter.java:126)
	at org.apache.maven.surefire.booter.ForkedBooter.main(ForkedBooter.java:418)
2019-08-22 09:28:19,251 | INFO  | SCMAudit | user=jenkins1000 | ip=192.168.36.85 | op=SEND_HEARTBEAT {datanodeUUID=928f26db-de41-4c85-b3d0-1197049d8d00, command=[]} | ret=SUCCESS |  
2019-08-22 09:28:19,650 | INFO  | SCMAudit | user=jenkins1000 | ip=192.168.36.85 | op=SEND_HEARTBEAT {datanodeUUID=75d72393-3020-4de0-a4ea-5e88f0c8cd61, command=[]} | ret=SUCCESS |  
2019-08-22 09:28:19,948 | INFO  | SCMAudit | user=jenkins1000 | ip=192.168.36.85 | op=SEND_HEARTBEAT {datanodeUUID=909bb822-8e17-41f4-9059-fc5d171ea46d, command=[]} | ret=SUCCESS |  
2019-08-22 09:28:19,948 | INFO  | SCMAudit | user=jenkins1000 | ip=192.168.36.85 | op=SEND_HEARTBEAT {datanodeUUID=c63d63f4-e4a3-48b0-8e66-cfae5c1ce3a1, command=[]} | ret=SUCCESS |  
2019-08-22 09:28:19,948 | INFO  | SCMAudit | user=jenkins1000 | ip=192.168.36.85 | op=SEND_HEARTBEAT {datanodeUUID=95ce97c6-e6af-4640-b6f2-079eca5e157b, command=[]} | ret=SUCCESS |  
2019-08-22 09:28:20,216 | INFO  | SCMAudit | user=jenkins1000 | ip=192.168.36.85 | op=SEND_HEARTBEAT {datanodeUUID=f1e02cbd-f391-4fd8-b388-c076d48374d7, command=[]} | ret=SUCCESS |  
2019-08-22 09:28:20,238 [main] WARN  storage.CommitWatcher (CommitWatcher.java:watchForCommit(203)) - watchForCommit failed for index 14
java.util.concurrent.TimeoutException
	at java.util.concurrent.CompletableFuture.timedGet(CompletableFuture.java:1771)
	at java.util.concurrent.CompletableFuture.get(CompletableFuture.java:1915)
	at org.apache.hadoop.hdds.scm.XceiverClientRatis.watchForCommit(XceiverClientRatis.java:268)
	at org.apache.hadoop.hdds.scm.storage.CommitWatcher.watchForCommit(CommitWatcher.java:194)
	at org.apache.hadoop.hdds.scm.storage.CommitWatcher.watchOnLastIndex(CommitWatcher.java:157)
	at org.apache.hadoop.hdds.scm.storage.BlockOutputStream.watchForCommit(BlockOutputStream.java:347)
	at org.apache.hadoop.hdds.scm.storage.BlockOutputStream.handleFlush(BlockOutputStream.java:479)
	at org.apache.hadoop.hdds.scm.storage.BlockOutputStream.flush(BlockOutputStream.java:428)
	at org.apache.hadoop.ozone.client.io.BlockOutputStreamEntry.flush(BlockOutputStreamEntry.java:136)
	at org.apache.hadoop.ozone.client.io.KeyOutputStream.handleFlushOrClose(KeyOutputStream.java:442)
	at org.apache.hadoop.ozone.client.io.KeyOutputStream.flush(KeyOutputStream.java:396)
	at org.apache.hadoop.ozone.client.io.OzoneOutputStream.flush(OzoneOutputStream.java:54)
	at org.apache.hadoop.ozone.client.rpc.TestBlockOutputStreamWithFailures.testWatchForCommitDatanodeFailure(TestBlockOutputStreamWithFailures.java:365)
	at sun.reflect.NativeMethodAccessorImpl.invoke0(Native Method)
	at sun.reflect.NativeMethodAccessorImpl.invoke(NativeMethodAccessorImpl.java:62)
	at sun.reflect.DelegatingMethodAccessorImpl.invoke(DelegatingMethodAccessorImpl.java:43)
	at java.lang.reflect.Method.invoke(Method.java:498)
	at org.junit.runners.model.FrameworkMethod$1.runReflectiveCall(FrameworkMethod.java:47)
	at org.junit.internal.runners.model.ReflectiveCallable.run(ReflectiveCallable.java:12)
	at org.junit.runners.model.FrameworkMethod.invokeExplosively(FrameworkMethod.java:44)
	at org.junit.internal.runners.statements.InvokeMethod.evaluate(InvokeMethod.java:17)
	at org.junit.internal.runners.statements.RunBefores.evaluate(RunBefores.java:26)
	at org.junit.internal.runners.statements.RunAfters.evaluate(RunAfters.java:27)
	at org.junit.runners.ParentRunner.runLeaf(ParentRunner.java:271)
	at org.junit.runners.BlockJUnit4ClassRunner.runChild(BlockJUnit4ClassRunner.java:70)
	at org.junit.runners.BlockJUnit4ClassRunner.runChild(BlockJUnit4ClassRunner.java:50)
	at org.junit.runners.ParentRunner$3.run(ParentRunner.java:238)
	at org.junit.runners.ParentRunner$1.schedule(ParentRunner.java:63)
	at org.junit.runners.ParentRunner.runChildren(ParentRunner.java:236)
	at org.junit.runners.ParentRunner.access$000(ParentRunner.java:53)
	at org.junit.runners.ParentRunner$2.evaluate(ParentRunner.java:229)
	at org.junit.runners.ParentRunner.run(ParentRunner.java:309)
	at org.apache.maven.surefire.junit4.JUnit4Provider.execute(JUnit4Provider.java:365)
	at org.apache.maven.surefire.junit4.JUnit4Provider.executeWithRerun(JUnit4Provider.java:273)
	at org.apache.maven.surefire.junit4.JUnit4Provider.executeTestSet(JUnit4Provider.java:238)
	at org.apache.maven.surefire.junit4.JUnit4Provider.invoke(JUnit4Provider.java:159)
	at org.apache.maven.surefire.booter.ForkedBooter.invokeProviderInSameClassLoader(ForkedBooter.java:384)
	at org.apache.maven.surefire.booter.ForkedBooter.runSuitesInProcess(ForkedBooter.java:345)
	at org.apache.maven.surefire.booter.ForkedBooter.execute(ForkedBooter.java:126)
	at org.apache.maven.surefire.booter.ForkedBooter.main(ForkedBooter.java:418)
2019-08-22 09:28:20,240 [main] WARN  io.KeyOutputStream (KeyOutputStream.java:handleException(276)) - Encountered exception java.io.IOException: Unexpected Storage Container Exception: java.io.IOException: Unexpected Storage Container Exception: java.util.concurrent.TimeoutException on the pipeline Pipeline[ Id: 5e53caaf-fbcb-4322-ac80-713cd145619d, Nodes: 909bb822-8e17-41f4-9059-fc5d171ea46d{ip: 192.168.36.85, host: pr-hdds-1898-9jx57-4170240974, networkLocation: /default-rack, certSerialId: null}95ce97c6-e6af-4640-b6f2-079eca5e157b{ip: 192.168.36.85, host: pr-hdds-1898-9jx57-4170240974, networkLocation: /default-rack, certSerialId: null}c63d63f4-e4a3-48b0-8e66-cfae5c1ce3a1{ip: 192.168.36.85, host: pr-hdds-1898-9jx57-4170240974, networkLocation: /default-rack, certSerialId: null}, Type:RATIS, Factor:THREE, State:OPEN]. The last committed block length is 400, uncommitted data length is 50 retry count 0
2019-08-22 09:28:20,253 | INFO  | SCMAudit | user=jenkins1000 | ip=192.168.36.85 | op=SEND_HEARTBEAT {datanodeUUID=928f26db-de41-4c85-b3d0-1197049d8d00, command=[]} | ret=SUCCESS |  
2019-08-22 09:28:20,262 [grpc-default-executor-7] INFO  impl.RaftServerProxy (RaftServerProxy.java:addNew(89)) - f1e02cbd-f391-4fd8-b388-c076d48374d7: addNew group-B474A246811F:[f1e02cbd-f391-4fd8-b388-c076d48374d7:192.168.36.85:38589, 75d72393-3020-4de0-a4ea-5e88f0c8cd61:192.168.36.85:42083, 928f26db-de41-4c85-b3d0-1197049d8d00:192.168.36.85:34973] returns group-B474A246811F:java.util.concurrent.CompletableFuture@34302dcc[Not completed]
2019-08-22 09:28:20,263 [grpc-default-executor-6] INFO  impl.RaftServerProxy (RaftServerProxy.java:addNew(89)) - 928f26db-de41-4c85-b3d0-1197049d8d00: addNew group-B474A246811F:[f1e02cbd-f391-4fd8-b388-c076d48374d7:192.168.36.85:38589, 75d72393-3020-4de0-a4ea-5e88f0c8cd61:192.168.36.85:42083, 928f26db-de41-4c85-b3d0-1197049d8d00:192.168.36.85:34973] returns group-B474A246811F:java.util.concurrent.CompletableFuture@6ebf3a7f[Not completed]
2019-08-22 09:28:20,266 [grpc-default-executor-11] INFO  impl.RaftServerProxy (RaftServerProxy.java:addNew(89)) - 75d72393-3020-4de0-a4ea-5e88f0c8cd61: addNew group-B474A246811F:[f1e02cbd-f391-4fd8-b388-c076d48374d7:192.168.36.85:38589, 75d72393-3020-4de0-a4ea-5e88f0c8cd61:192.168.36.85:42083, 928f26db-de41-4c85-b3d0-1197049d8d00:192.168.36.85:34973] returns group-B474A246811F:java.util.concurrent.CompletableFuture@232babbc[Not completed]
2019-08-22 09:28:20,267 [pool-450-thread-1] INFO  impl.RaftServerImpl (RaftServerImpl.java:<init>(93)) - 928f26db-de41-4c85-b3d0-1197049d8d00: new RaftServerImpl for group-B474A246811F:[f1e02cbd-f391-4fd8-b388-c076d48374d7:192.168.36.85:38589, 75d72393-3020-4de0-a4ea-5e88f0c8cd61:192.168.36.85:42083, 928f26db-de41-4c85-b3d0-1197049d8d00:192.168.36.85:34973] with ContainerStateMachine:uninitialized
2019-08-22 09:28:20,267 [pool-450-thread-1] INFO  server.RaftServerConfigKeys (ConfUtils.java:logGet(43)) - raft.server.rpc.timeout.min = 5s (custom)
2019-08-22 09:28:20,267 [pool-450-thread-1] INFO  server.RaftServerConfigKeys (ConfUtils.java:logGet(43)) - raft.server.rpc.timeout.max = 5200ms (custom)
2019-08-22 09:28:20,267 [pool-450-thread-1] INFO  server.RaftServerConfigKeys (ConfUtils.java:logGet(43)) - raft.server.rpcslowness.timeout = 120s (custom)
2019-08-22 09:28:20,267 [pool-450-thread-1] INFO  server.RaftServerConfigKeys (ConfUtils.java:logGet(43)) - raft.server.sleep.deviation.threshold = 300 (default)
2019-08-22 09:28:20,268 [pool-450-thread-1] INFO  server.RaftServerConfigKeys (ConfUtils.java:logGet(43)) - raft.server.log.appender.install.snapshot.enabled = false (custom)
2019-08-22 09:28:20,268 [pool-505-thread-1] INFO  impl.RaftServerImpl (RaftServerImpl.java:<init>(93)) - 75d72393-3020-4de0-a4ea-5e88f0c8cd61: new RaftServerImpl for group-B474A246811F:[f1e02cbd-f391-4fd8-b388-c076d48374d7:192.168.36.85:38589, 75d72393-3020-4de0-a4ea-5e88f0c8cd61:192.168.36.85:42083, 928f26db-de41-4c85-b3d0-1197049d8d00:192.168.36.85:34973] with ContainerStateMachine:uninitialized
2019-08-22 09:28:20,268 [pool-450-thread-1] INFO  impl.RaftServerImpl (ServerState.java:<init>(105)) - 928f26db-de41-4c85-b3d0-1197049d8d00:group-B474A246811F ConfigurationManager, init=-1: [f1e02cbd-f391-4fd8-b388-c076d48374d7:192.168.36.85:38589, 75d72393-3020-4de0-a4ea-5e88f0c8cd61:192.168.36.85:42083, 928f26db-de41-4c85-b3d0-1197049d8d00:192.168.36.85:34973], old=null, confs=<EMPTY_MAP>
2019-08-22 09:28:20,268 [pool-505-thread-1] INFO  server.RaftServerConfigKeys (ConfUtils.java:logGet(43)) - raft.server.rpc.timeout.min = 5s (custom)
2019-08-22 09:28:20,268 [pool-439-thread-1] INFO  impl.RaftServerImpl (RaftServerImpl.java:<init>(93)) - f1e02cbd-f391-4fd8-b388-c076d48374d7: new RaftServerImpl for group-B474A246811F:[f1e02cbd-f391-4fd8-b388-c076d48374d7:192.168.36.85:38589, 75d72393-3020-4de0-a4ea-5e88f0c8cd61:192.168.36.85:42083, 928f26db-de41-4c85-b3d0-1197049d8d00:192.168.36.85:34973] with ContainerStateMachine:uninitialized
2019-08-22 09:28:20,268 [pool-450-thread-1] INFO  server.RaftServerConfigKeys (ConfUtils.java:logGet(43)) - raft.server.storage.dir = [/workdir/hadoop-ozone/integration-test/target/test-dir/MiniOzoneClusterImpl-2e6e0ec1-3320-47b2-b0b8-5188264ac38e/datanode-1/data/ratis] (custom)
2019-08-22 09:28:20,268 [pool-505-thread-1] INFO  server.RaftServerConfigKeys (ConfUtils.java:logGet(43)) - raft.server.rpc.timeout.max = 5200ms (custom)
2019-08-22 09:28:20,268 [pool-439-thread-1] INFO  server.RaftServerConfigKeys (ConfUtils.java:logGet(43)) - raft.server.rpc.timeout.min = 5s (custom)
2019-08-22 09:28:20,269 [pool-505-thread-1] INFO  server.RaftServerConfigKeys (ConfUtils.java:logGet(43)) - raft.server.rpcslowness.timeout = 120s (custom)
2019-08-22 09:28:20,269 [pool-450-thread-1] INFO  storage.RaftStorageDirectory (RaftStorageDirectory.java:analyzeStorage(246)) - The storage directory /workdir/hadoop-ozone/integration-test/target/test-dir/MiniOzoneClusterImpl-2e6e0ec1-3320-47b2-b0b8-5188264ac38e/datanode-1/data/ratis/6d5aee19-2f0d-4fb5-83f7-b474a246811f does not exist. Creating ...
2019-08-22 09:28:20,269 [pool-439-thread-1] INFO  server.RaftServerConfigKeys (ConfUtils.java:logGet(43)) - raft.server.rpc.timeout.max = 5200ms (custom)
2019-08-22 09:28:20,269 [pool-505-thread-1] INFO  server.RaftServerConfigKeys (ConfUtils.java:logGet(43)) - raft.server.sleep.deviation.threshold = 300 (default)
2019-08-22 09:28:20,269 [pool-439-thread-1] INFO  server.RaftServerConfigKeys (ConfUtils.java:logGet(43)) - raft.server.rpcslowness.timeout = 120s (custom)
2019-08-22 09:28:20,269 [pool-505-thread-1] INFO  server.RaftServerConfigKeys (ConfUtils.java:logGet(43)) - raft.server.log.appender.install.snapshot.enabled = false (custom)
2019-08-22 09:28:20,270 [pool-439-thread-1] INFO  server.RaftServerConfigKeys (ConfUtils.java:logGet(43)) - raft.server.sleep.deviation.threshold = 300 (default)
2019-08-22 09:28:20,270 [pool-505-thread-1] INFO  impl.RaftServerImpl (ServerState.java:<init>(105)) - 75d72393-3020-4de0-a4ea-5e88f0c8cd61:group-B474A246811F ConfigurationManager, init=-1: [f1e02cbd-f391-4fd8-b388-c076d48374d7:192.168.36.85:38589, 75d72393-3020-4de0-a4ea-5e88f0c8cd61:192.168.36.85:42083, 928f26db-de41-4c85-b3d0-1197049d8d00:192.168.36.85:34973], old=null, confs=<EMPTY_MAP>
2019-08-22 09:28:20,270 [pool-439-thread-1] INFO  server.RaftServerConfigKeys (ConfUtils.java:logGet(43)) - raft.server.log.appender.install.snapshot.enabled = false (custom)
2019-08-22 09:28:20,270 [pool-505-thread-1] INFO  server.RaftServerConfigKeys (ConfUtils.java:logGet(43)) - raft.server.storage.dir = [/workdir/hadoop-ozone/integration-test/target/test-dir/MiniOzoneClusterImpl-2e6e0ec1-3320-47b2-b0b8-5188264ac38e/datanode-6/data/ratis] (custom)
2019-08-22 09:28:20,270 [pool-439-thread-1] INFO  impl.RaftServerImpl (ServerState.java:<init>(105)) - f1e02cbd-f391-4fd8-b388-c076d48374d7:group-B474A246811F ConfigurationManager, init=-1: [f1e02cbd-f391-4fd8-b388-c076d48374d7:192.168.36.85:38589, 75d72393-3020-4de0-a4ea-5e88f0c8cd61:192.168.36.85:42083, 928f26db-de41-4c85-b3d0-1197049d8d00:192.168.36.85:34973], old=null, confs=<EMPTY_MAP>
2019-08-22 09:28:20,271 [pool-439-thread-1] INFO  server.RaftServerConfigKeys (ConfUtils.java:logGet(43)) - raft.server.storage.dir = [/workdir/hadoop-ozone/integration-test/target/test-dir/MiniOzoneClusterImpl-2e6e0ec1-3320-47b2-b0b8-5188264ac38e/datanode-0/data/ratis] (custom)
2019-08-22 09:28:20,271 [pool-505-thread-1] INFO  storage.RaftStorageDirectory (RaftStorageDirectory.java:analyzeStorage(246)) - The storage directory /workdir/hadoop-ozone/integration-test/target/test-dir/MiniOzoneClusterImpl-2e6e0ec1-3320-47b2-b0b8-5188264ac38e/datanode-6/data/ratis/6d5aee19-2f0d-4fb5-83f7-b474a246811f does not exist. Creating ...
2019-08-22 09:28:20,271 [pool-439-thread-1] INFO  storage.RaftStorageDirectory (RaftStorageDirectory.java:analyzeStorage(246)) - The storage directory /workdir/hadoop-ozone/integration-test/target/test-dir/MiniOzoneClusterImpl-2e6e0ec1-3320-47b2-b0b8-5188264ac38e/datanode-0/data/ratis/6d5aee19-2f0d-4fb5-83f7-b474a246811f does not exist. Creating ...
2019-08-22 09:28:20,293 [pool-439-thread-1] INFO  storage.RaftStorageDirectory (RaftStorageDirectory.java:tryLock(328)) - Lock on /workdir/hadoop-ozone/integration-test/target/test-dir/MiniOzoneClusterImpl-2e6e0ec1-3320-47b2-b0b8-5188264ac38e/datanode-0/data/ratis/6d5aee19-2f0d-4fb5-83f7-b474a246811f/in_use.lock acquired by nodename 23417@pr-hdds-1898-9jx57-4170240974
2019-08-22 09:28:20,293 [pool-450-thread-1] INFO  storage.RaftStorageDirectory (RaftStorageDirectory.java:tryLock(328)) - Lock on /workdir/hadoop-ozone/integration-test/target/test-dir/MiniOzoneClusterImpl-2e6e0ec1-3320-47b2-b0b8-5188264ac38e/datanode-1/data/ratis/6d5aee19-2f0d-4fb5-83f7-b474a246811f/in_use.lock acquired by nodename 23417@pr-hdds-1898-9jx57-4170240974
2019-08-22 09:28:20,293 [pool-505-thread-1] INFO  storage.RaftStorageDirectory (RaftStorageDirectory.java:tryLock(328)) - Lock on /workdir/hadoop-ozone/integration-test/target/test-dir/MiniOzoneClusterImpl-2e6e0ec1-3320-47b2-b0b8-5188264ac38e/datanode-6/data/ratis/6d5aee19-2f0d-4fb5-83f7-b474a246811f/in_use.lock acquired by nodename 23417@pr-hdds-1898-9jx57-4170240974
2019-08-22 09:28:20,311 [pool-450-thread-1] INFO  storage.RaftStorage (RaftStorage.java:format(72)) - Storage directory /workdir/hadoop-ozone/integration-test/target/test-dir/MiniOzoneClusterImpl-2e6e0ec1-3320-47b2-b0b8-5188264ac38e/datanode-1/data/ratis/6d5aee19-2f0d-4fb5-83f7-b474a246811f has been successfully formatted.
2019-08-22 09:28:20,311 [pool-505-thread-1] INFO  storage.RaftStorage (RaftStorage.java:format(72)) - Storage directory /workdir/hadoop-ozone/integration-test/target/test-dir/MiniOzoneClusterImpl-2e6e0ec1-3320-47b2-b0b8-5188264ac38e/datanode-6/data/ratis/6d5aee19-2f0d-4fb5-83f7-b474a246811f has been successfully formatted.
2019-08-22 09:28:20,311 [pool-439-thread-1] INFO  storage.RaftStorage (RaftStorage.java:format(72)) - Storage directory /workdir/hadoop-ozone/integration-test/target/test-dir/MiniOzoneClusterImpl-2e6e0ec1-3320-47b2-b0b8-5188264ac38e/datanode-0/data/ratis/6d5aee19-2f0d-4fb5-83f7-b474a246811f has been successfully formatted.
2019-08-22 09:28:20,312 [pool-505-thread-1] INFO  ratis.ContainerStateMachine (ContainerStateMachine.java:loadSnapshot(226)) - group-B474A246811F: The snapshot info is null. Setting the last applied indexto:(t:0, i:~)
2019-08-22 09:28:20,312 [pool-450-thread-1] INFO  ratis.ContainerStateMachine (ContainerStateMachine.java:loadSnapshot(226)) - group-B474A246811F: The snapshot info is null. Setting the last applied indexto:(t:0, i:~)
2019-08-22 09:28:20,312 [pool-505-thread-1] INFO  server.RaftServerConfigKeys (ConfUtils.java:logGet(43)) - raft.server.leader.election.timeout = 120s (custom)
2019-08-22 09:28:20,312 [pool-439-thread-1] INFO  ratis.ContainerStateMachine (ContainerStateMachine.java:loadSnapshot(226)) - group-B474A246811F: The snapshot info is null. Setting the last applied indexto:(t:0, i:~)
2019-08-22 09:28:20,312 [pool-505-thread-1] INFO  server.RaftServerConfigKeys (ConfUtils.java:logGet(43)) - raft.server.log.use.memory = false (default)
2019-08-22 09:28:20,312 [pool-450-thread-1] INFO  server.RaftServerConfigKeys (ConfUtils.java:logGet(43)) - raft.server.leader.election.timeout = 120s (custom)
2019-08-22 09:28:20,313 [pool-505-thread-1] INFO  server.RaftServerConfigKeys (ConfUtils.java:logGet(43)) - raft.server.log.purge.gap = 1000000 (custom)
2019-08-22 09:28:20,313 [pool-439-thread-1] INFO  server.RaftServerConfigKeys (ConfUtils.java:logGet(43)) - raft.server.leader.election.timeout = 120s (custom)
2019-08-22 09:28:20,313 [pool-505-thread-1] INFO  server.RaftServerConfigKeys (ConfUtils.java:logGet(43)) - raft.server.log.appender.buffer.byte-limit = 33554432 (custom)
2019-08-22 09:28:20,314 [pool-505-thread-1] INFO  server.RaftServerConfigKeys (ConfUtils.java:logGet(43)) - raft.server.log.segment.size.max = 1048576 (custom)
2019-08-22 09:28:20,313 [pool-450-thread-1] INFO  server.RaftServerConfigKeys (ConfUtils.java:logGet(43)) - raft.server.log.use.memory = false (default)
2019-08-22 09:28:20,314 [pool-505-thread-1] INFO  server.RaftServerConfigKeys (ConfUtils.java:logGet(43)) - raft.server.log.segment.cache.num.max = 2 (custom)
2019-08-22 09:28:20,313 [pool-439-thread-1] INFO  server.RaftServerConfigKeys (ConfUtils.java:logGet(43)) - raft.server.log.use.memory = false (default)
2019-08-22 09:28:20,314 [pool-505-thread-1] INFO  segmented.SegmentedRaftLogWorker (SegmentedRaftLogWorker.java:<init>(172)) - new 75d72393-3020-4de0-a4ea-5e88f0c8cd61-SegmentedRaftLogWorker:Storage Directory /workdir/hadoop-ozone/integration-test/target/test-dir/MiniOzoneClusterImpl-2e6e0ec1-3320-47b2-b0b8-5188264ac38e/datanode-6/data/ratis/6d5aee19-2f0d-4fb5-83f7-b474a246811f for RaftStorage:Storage Directory /workdir/hadoop-ozone/integration-test/target/test-dir/MiniOzoneClusterImpl-2e6e0ec1-3320-47b2-b0b8-5188264ac38e/datanode-6/data/ratis/6d5aee19-2f0d-4fb5-83f7-b474a246811f
2019-08-22 09:28:20,314 [pool-450-thread-1] INFO  server.RaftServerConfigKeys (ConfUtils.java:logGet(43)) - raft.server.log.purge.gap = 1000000 (custom)
2019-08-22 09:28:20,315 [pool-505-thread-1] INFO  server.RaftServerConfigKeys (ConfUtils.java:logGet(43)) - raft.server.log.queue.byte-limit = 2147483647 (custom)
2019-08-22 09:28:20,314 [pool-439-thread-1] INFO  server.RaftServerConfigKeys (ConfUtils.java:logGet(43)) - raft.server.log.purge.gap = 1000000 (custom)
2019-08-22 09:28:20,315 [pool-505-thread-1] INFO  server.RaftServerConfigKeys (ConfUtils.java:logGet(43)) - raft.server.log.queue.element-limit = 1024 (custom)
2019-08-22 09:28:20,315 [pool-450-thread-1] INFO  server.RaftServerConfigKeys (ConfUtils.java:logGet(43)) - raft.server.log.appender.buffer.byte-limit = 33554432 (custom)
2019-08-22 09:28:20,315 [pool-439-thread-1] INFO  server.RaftServerConfigKeys (ConfUtils.java:logGet(43)) - raft.server.log.appender.buffer.byte-limit = 33554432 (custom)
2019-08-22 09:28:20,315 [pool-450-thread-1] INFO  server.RaftServerConfigKeys (ConfUtils.java:logGet(43)) - raft.server.log.segment.size.max = 1048576 (custom)
2019-08-22 09:28:20,315 [pool-505-thread-1] INFO  server.RaftServerConfigKeys (ConfUtils.java:logGet(43)) - raft.server.log.segment.size.max = 1048576 (custom)
2019-08-22 09:28:20,316 [pool-450-thread-1] INFO  server.RaftServerConfigKeys (ConfUtils.java:logGet(43)) - raft.server.log.segment.cache.num.max = 2 (custom)
2019-08-22 09:28:20,316 [pool-439-thread-1] INFO  server.RaftServerConfigKeys (ConfUtils.java:logGet(43)) - raft.server.log.segment.size.max = 1048576 (custom)
2019-08-22 09:28:20,316 [pool-450-thread-1] INFO  segmented.SegmentedRaftLogWorker (SegmentedRaftLogWorker.java:<init>(172)) - new 928f26db-de41-4c85-b3d0-1197049d8d00-SegmentedRaftLogWorker:Storage Directory /workdir/hadoop-ozone/integration-test/target/test-dir/MiniOzoneClusterImpl-2e6e0ec1-3320-47b2-b0b8-5188264ac38e/datanode-1/data/ratis/6d5aee19-2f0d-4fb5-83f7-b474a246811f for RaftStorage:Storage Directory /workdir/hadoop-ozone/integration-test/target/test-dir/MiniOzoneClusterImpl-2e6e0ec1-3320-47b2-b0b8-5188264ac38e/datanode-1/data/ratis/6d5aee19-2f0d-4fb5-83f7-b474a246811f
2019-08-22 09:28:20,316 [pool-505-thread-1] INFO  server.RaftServerConfigKeys (ConfUtils.java:logGet(43)) - raft.server.log.preallocated.size = 16384 (custom)
2019-08-22 09:28:20,316 [pool-450-thread-1] INFO  server.RaftServerConfigKeys (ConfUtils.java:logGet(43)) - raft.server.log.queue.byte-limit = 2147483647 (custom)
2019-08-22 09:28:20,316 [pool-439-thread-1] INFO  server.RaftServerConfigKeys (ConfUtils.java:logGet(43)) - raft.server.log.segment.cache.num.max = 2 (custom)
2019-08-22 09:28:20,317 [pool-450-thread-1] INFO  server.RaftServerConfigKeys (ConfUtils.java:logGet(43)) - raft.server.log.queue.element-limit = 1024 (custom)
2019-08-22 09:28:20,317 [pool-505-thread-1] INFO  server.RaftServerConfigKeys (ConfUtils.java:logGet(43)) - raft.server.log.write.buffer.size = 33554432 (custom)
2019-08-22 09:28:20,317 [pool-450-thread-1] INFO  server.RaftServerConfigKeys (ConfUtils.java:logGet(43)) - raft.server.log.segment.size.max = 1048576 (custom)
2019-08-22 09:28:20,318 [pool-450-thread-1] INFO  server.RaftServerConfigKeys (ConfUtils.java:logGet(43)) - raft.server.log.preallocated.size = 16384 (custom)
2019-08-22 09:28:20,317 [pool-439-thread-1] INFO  segmented.SegmentedRaftLogWorker (SegmentedRaftLogWorker.java:<init>(172)) - new f1e02cbd-f391-4fd8-b388-c076d48374d7-SegmentedRaftLogWorker:Storage Directory /workdir/hadoop-ozone/integration-test/target/test-dir/MiniOzoneClusterImpl-2e6e0ec1-3320-47b2-b0b8-5188264ac38e/datanode-0/data/ratis/6d5aee19-2f0d-4fb5-83f7-b474a246811f for RaftStorage:Storage Directory /workdir/hadoop-ozone/integration-test/target/test-dir/MiniOzoneClusterImpl-2e6e0ec1-3320-47b2-b0b8-5188264ac38e/datanode-0/data/ratis/6d5aee19-2f0d-4fb5-83f7-b474a246811f
2019-08-22 09:28:20,318 [pool-450-thread-1] INFO  server.RaftServerConfigKeys (ConfUtils.java:logGet(43)) - raft.server.log.write.buffer.size = 33554432 (custom)
2019-08-22 09:28:20,317 [pool-505-thread-1] INFO  server.RaftServerConfigKeys (ConfUtils.java:logGet(43)) - raft.server.log.force.sync.num = 128 (default)
2019-08-22 09:28:20,318 [pool-450-thread-1] INFO  server.RaftServerConfigKeys (ConfUtils.java:logGet(43)) - raft.server.log.force.sync.num = 128 (default)
2019-08-22 09:28:20,318 [pool-439-thread-1] INFO  server.RaftServerConfigKeys (ConfUtils.java:logGet(43)) - raft.server.log.queue.byte-limit = 2147483647 (custom)
2019-08-22 09:28:20,318 [pool-450-thread-1] INFO  server.RaftServerConfigKeys (ConfUtils.java:logGet(43)) - raft.server.log.statemachine.data.sync = true (default)
2019-08-22 09:28:20,318 [pool-505-thread-1] INFO  server.RaftServerConfigKeys (ConfUtils.java:logGet(43)) - raft.server.log.statemachine.data.sync = true (default)
2019-08-22 09:28:20,319 [pool-450-thread-1] INFO  server.RaftServerConfigKeys (ConfUtils.java:logGet(43)) - raft.server.log.statemachine.data.sync.timeout = 10s (default)
2019-08-22 09:28:20,319 [pool-439-thread-1] INFO  server.RaftServerConfigKeys (ConfUtils.java:logGet(43)) - raft.server.log.queue.element-limit = 1024 (custom)
2019-08-22 09:28:20,319 [pool-450-thread-1] INFO  server.RaftServerConfigKeys (ConfUtils.java:logGet(43)) - raft.server.log.statemachine.data.sync.timeout.retry = -1 (default)
2019-08-22 09:28:20,319 [pool-505-thread-1] INFO  server.RaftServerConfigKeys (ConfUtils.java:logGet(43)) - raft.server.log.statemachine.data.sync.timeout = 10s (default)
2019-08-22 09:28:20,319 [pool-450-thread-1] INFO  server.RaftServerConfigKeys (ConfUtils.java:logGet(43)) - raft.server.log.statemachine.data.caching.enabled = true (custom)
2019-08-22 09:28:20,319 [pool-439-thread-1] INFO  server.RaftServerConfigKeys (ConfUtils.java:logGet(43)) - raft.server.log.segment.size.max = 1048576 (custom)
2019-08-22 09:28:20,320 [pool-439-thread-1] INFO  server.RaftServerConfigKeys (ConfUtils.java:logGet(43)) - raft.server.log.preallocated.size = 16384 (custom)
2019-08-22 09:28:20,320 [pool-505-thread-1] INFO  server.RaftServerConfigKeys (ConfUtils.java:logGet(43)) - raft.server.log.statemachine.data.sync.timeout.retry = -1 (default)
2019-08-22 09:28:20,320 [pool-439-thread-1] INFO  server.RaftServerConfigKeys (ConfUtils.java:logGet(43)) - raft.server.log.write.buffer.size = 33554432 (custom)
2019-08-22 09:28:20,320 [pool-450-thread-1] INFO  segmented.SegmentedRaftLogWorker (SegmentedRaftLogWorker.java:lambda$new$0(132)) - 928f26db-de41-4c85-b3d0-1197049d8d00-SegmentedRaftLogWorker:Storage Directory /workdir/hadoop-ozone/integration-test/target/test-dir/MiniOzoneClusterImpl-2e6e0ec1-3320-47b2-b0b8-5188264ac38e/datanode-1/data/ratis/6d5aee19-2f0d-4fb5-83f7-b474a246811f: flushIndex: setUnconditionally 0 -> -1
2019-08-22 09:28:20,321 [pool-505-thread-1] INFO  server.RaftServerConfigKeys (ConfUtils.java:logGet(43)) - raft.server.log.statemachine.data.caching.enabled = true (custom)
2019-08-22 09:28:20,320 [pool-439-thread-1] INFO  server.RaftServerConfigKeys (ConfUtils.java:logGet(43)) - raft.server.log.force.sync.num = 128 (default)
2019-08-22 09:28:20,321 [pool-450-thread-1] INFO  server.RaftServerConfigKeys (ConfUtils.java:logGet(43)) - raft.server.snapshot.auto.trigger.enabled = true (custom)
2019-08-22 09:28:20,321 [pool-505-thread-1] INFO  segmented.SegmentedRaftLogWorker (SegmentedRaftLogWorker.java:lambda$new$0(132)) - 75d72393-3020-4de0-a4ea-5e88f0c8cd61-SegmentedRaftLogWorker:Storage Directory /workdir/hadoop-ozone/integration-test/target/test-dir/MiniOzoneClusterImpl-2e6e0ec1-3320-47b2-b0b8-5188264ac38e/datanode-6/data/ratis/6d5aee19-2f0d-4fb5-83f7-b474a246811f: flushIndex: setUnconditionally 0 -> -1
2019-08-22 09:28:20,321 [pool-439-thread-1] INFO  server.RaftServerConfigKeys (ConfUtils.java:logGet(43)) - raft.server.log.statemachine.data.sync = true (default)
2019-08-22 09:28:20,321 [pool-450-thread-1] INFO  server.RaftServerConfigKeys (ConfUtils.java:logGet(43)) - raft.server.snapshot.auto.trigger.threshold = 10000 (custom)
2019-08-22 09:28:20,322 [pool-505-thread-1] INFO  server.RaftServerConfigKeys (ConfUtils.java:logGet(43)) - raft.server.snapshot.auto.trigger.enabled = true (custom)
2019-08-22 09:28:20,322 [pool-439-thread-1] INFO  server.RaftServerConfigKeys (ConfUtils.java:logGet(43)) - raft.server.log.statemachine.data.sync.timeout = 10s (default)
2019-08-22 09:28:20,322 [pool-505-thread-1] INFO  server.RaftServerConfigKeys (ConfUtils.java:logGet(43)) - raft.server.snapshot.auto.trigger.threshold = 10000 (custom)
2019-08-22 09:28:20,322 [pool-450-thread-1] INFO  server.RaftServerConfigKeys (ConfUtils.java:logGet(43)) - raft.server.retrycache.expirytime = 600000ms (custom)
2019-08-22 09:28:20,322 [pool-505-thread-1] INFO  server.RaftServerConfigKeys (ConfUtils.java:logGet(43)) - raft.server.retrycache.expirytime = 600000ms (custom)
2019-08-22 09:28:20,322 [pool-439-thread-1] INFO  server.RaftServerConfigKeys (ConfUtils.java:logGet(43)) - raft.server.log.statemachine.data.sync.timeout.retry = -1 (default)
2019-08-22 09:28:20,323 [pool-505-thread-1] INFO  impl.RaftServerImpl (RaftServerImpl.java:start(180)) - 75d72393-3020-4de0-a4ea-5e88f0c8cd61: start group-B474A246811F
2019-08-22 09:28:20,322 [pool-450-thread-1] INFO  impl.RaftServerImpl (RaftServerImpl.java:start(180)) - 928f26db-de41-4c85-b3d0-1197049d8d00: start group-B474A246811F
2019-08-22 09:28:20,323 [pool-505-thread-1] INFO  impl.RaftServerImpl (RaftServerImpl.java:setRole(171)) - 75d72393-3020-4de0-a4ea-5e88f0c8cd61:group-B474A246811F changes role from null to FOLLOWER at term 0 for startAsFollower
2019-08-22 09:28:20,323 [pool-439-thread-1] INFO  server.RaftServerConfigKeys (ConfUtils.java:logGet(43)) - raft.server.log.statemachine.data.caching.enabled = true (custom)
2019-08-22 09:28:20,323 [pool-505-thread-1] INFO  impl.RoleInfo (RoleInfo.java:updateAndGet(143)) - 75d72393-3020-4de0-a4ea-5e88f0c8cd61: start FollowerState
2019-08-22 09:28:20,323 [pool-450-thread-1] INFO  impl.RaftServerImpl (RaftServerImpl.java:setRole(171)) - 928f26db-de41-4c85-b3d0-1197049d8d00:group-B474A246811F changes role from null to FOLLOWER at term 0 for startAsFollower
2019-08-22 09:28:20,324 [pool-439-thread-1] INFO  segmented.SegmentedRaftLogWorker (SegmentedRaftLogWorker.java:lambda$new$0(132)) - f1e02cbd-f391-4fd8-b388-c076d48374d7-SegmentedRaftLogWorker:Storage Directory /workdir/hadoop-ozone/integration-test/target/test-dir/MiniOzoneClusterImpl-2e6e0ec1-3320-47b2-b0b8-5188264ac38e/datanode-0/data/ratis/6d5aee19-2f0d-4fb5-83f7-b474a246811f: flushIndex: setUnconditionally 0 -> -1
2019-08-22 09:28:20,324 [pool-450-thread-1] INFO  impl.RoleInfo (RoleInfo.java:updateAndGet(143)) - 928f26db-de41-4c85-b3d0-1197049d8d00: start FollowerState
2019-08-22 09:28:20,324 [pool-505-thread-1] INFO  util.JmxRegister (JmxRegister.java:tryRegister(44)) - Successfully registered JMX Bean with object name Ratis:service=RaftServer,group=group-B474A246811F,id=75d72393-3020-4de0-a4ea-5e88f0c8cd61
2019-08-22 09:28:20,324 [pool-439-thread-1] INFO  server.RaftServerConfigKeys (ConfUtils.java:logGet(43)) - raft.server.snapshot.auto.trigger.enabled = true (custom)
2019-08-22 09:28:20,324 [pool-439-thread-1] INFO  server.RaftServerConfigKeys (ConfUtils.java:logGet(43)) - raft.server.snapshot.auto.trigger.threshold = 10000 (custom)
2019-08-22 09:28:20,325 [pool-450-thread-1] INFO  util.JmxRegister (JmxRegister.java:tryRegister(44)) - Successfully registered JMX Bean with object name Ratis:service=RaftServer,group=group-B474A246811F,id=928f26db-de41-4c85-b3d0-1197049d8d00
2019-08-22 09:28:20,325 [pool-439-thread-1] INFO  server.RaftServerConfigKeys (ConfUtils.java:logGet(43)) - raft.server.retrycache.expirytime = 600000ms (custom)
2019-08-22 09:28:20,325 [pool-439-thread-1] INFO  impl.RaftServerImpl (RaftServerImpl.java:start(180)) - f1e02cbd-f391-4fd8-b388-c076d48374d7: start group-B474A246811F
2019-08-22 09:28:20,326 [pool-439-thread-1] INFO  impl.RaftServerImpl (RaftServerImpl.java:setRole(171)) - f1e02cbd-f391-4fd8-b388-c076d48374d7:group-B474A246811F changes role from null to FOLLOWER at term 0 for startAsFollower
2019-08-22 09:28:20,326 [pool-439-thread-1] INFO  impl.RoleInfo (RoleInfo.java:updateAndGet(143)) - f1e02cbd-f391-4fd8-b388-c076d48374d7: start FollowerState
2019-08-22 09:28:20,326 [pool-439-thread-1] INFO  util.JmxRegister (JmxRegister.java:tryRegister(44)) - Successfully registered JMX Bean with object name Ratis:service=RaftServer,group=group-B474A246811F,id=f1e02cbd-f391-4fd8-b388-c076d48374d7
2019-08-22 09:28:20,329 [IPC Server handler 1 on 33852] INFO  pipeline.PipelineStateManager (PipelineStateManager.java:addPipeline(56)) - Created pipeline Pipeline[ Id: 6d5aee19-2f0d-4fb5-83f7-b474a246811f, Nodes: 928f26db-de41-4c85-b3d0-1197049d8d00{ip: 192.168.36.85, host: pr-hdds-1898-9jx57-4170240974, networkLocation: /default-rack, certSerialId: null}f1e02cbd-f391-4fd8-b388-c076d48374d7{ip: 192.168.36.85, host: pr-hdds-1898-9jx57-4170240974, networkLocation: /default-rack, certSerialId: null}75d72393-3020-4de0-a4ea-5e88f0c8cd61{ip: 192.168.36.85, host: pr-hdds-1898-9jx57-4170240974, networkLocation: /default-rack, certSerialId: null}, Type:RATIS, Factor:THREE, State:OPEN]
2019-08-22 09:28:20,332 | INFO  | SCMAudit | user=jenkins1000 | ip=192.168.36.85 | op=ALLOCATE_BLOCK {owner=2b236993-b729-4887-bb21-8ad9d9c13022, size=800, type=RATIS, factor=THREE} | ret=SUCCESS |  
2019-08-22 09:28:20,334 | INFO  | OMAudit | user=jenkins1000 | ip=127.0.0.1 | op=ALLOCATE_BLOCK {volume=testblockoutputstream, bucket=testblockoutputstream, key=1d379937-f4f7-4b73-aa74-f4d851023dde, dataSize=0, replicationType=null, replicationFactor=null, keyLocationInfo=null, clientID=102659919950774285} | ret=SUCCESS |  
2019-08-22 09:28:20,347 [grpc-default-executor-11] INFO  client.GrpcClientProtocolClient (GrpcClientProtocolClient.java:onNext(255)) - client-56E4B74C4131->928f26db-de41-4c85-b3d0-1197049d8d00: receive RaftClientReply:client-56E4B74C4131->928f26db-de41-4c85-b3d0-1197049d8d00@group-B474A246811F, cid=183, FAILED org.apache.ratis.protocol.NotLeaderException: Server 928f26db-de41-4c85-b3d0-1197049d8d00 is not the leader (null). Request must be sent to leader., logIndex=0, commits[928f26db-de41-4c85-b3d0-1197049d8d00:c-1]
2019-08-22 09:28:20,649 | INFO  | SCMAudit | user=jenkins1000 | ip=192.168.36.85 | op=SEND_HEARTBEAT {datanodeUUID=75d72393-3020-4de0-a4ea-5e88f0c8cd61, command=[]} | ret=SUCCESS |  
2019-08-22 09:28:20,751 | INFO  | DNAudit | user=null | ip=null | op=PUT_BLOCK {blockData=[blockId=conID: 2 locID: 102659922182012943 bcsId: 0,size=450]} | ret=SUCCESS |  
2019-08-22 09:28:20,751 | INFO  | DNAudit | user=null | ip=null | op=PUT_BLOCK {blockData=[blockId=conID: 2 locID: 102659922182012943 bcsId: 0,size=450]} | ret=SUCCESS |  
2019-08-22 09:28:20,755 [grpc-default-executor-11] INFO  client.GrpcClientProtocolClient (GrpcClientProtocolClient.java:onNext(255)) - client-42B7ADC820FA->95ce97c6-e6af-4640-b6f2-079eca5e157b: receive RaftClientReply:client-42B7ADC820FA->95ce97c6-e6af-4640-b6f2-079eca5e157b@group-713CD145619D, cid=179, SUCCESS, logIndex=0, commits[95ce97c6-e6af-4640-b6f2-079eca5e157b:c16, 909bb822-8e17-41f4-9059-fc5d171ea46d:c16, c63d63f4-e4a3-48b0-8e66-cfae5c1ce3a1:c13]
2019-08-22 09:28:20,756 [grpc-default-executor-11] INFO  client.GrpcClientProtocolClient (GrpcClientProtocolClient.java:onNext(255)) - client-42B7ADC820FA->95ce97c6-e6af-4640-b6f2-079eca5e157b: receive RaftClientReply:client-42B7ADC820FA->95ce97c6-e6af-4640-b6f2-079eca5e157b@group-713CD145619D, cid=178, SUCCESS, logIndex=0, commits[95ce97c6-e6af-4640-b6f2-079eca5e157b:c16, 909bb822-8e17-41f4-9059-fc5d171ea46d:c16, c63d63f4-e4a3-48b0-8e66-cfae5c1ce3a1:c16]
2019-08-22 09:28:20,947 | INFO  | SCMAudit | user=jenkins1000 | ip=192.168.36.85 | op=SEND_HEARTBEAT {datanodeUUID=95ce97c6-e6af-4640-b6f2-079eca5e157b, command=[]} | ret=SUCCESS |  
2019-08-22 09:28:20,947 | INFO  | SCMAudit | user=jenkins1000 | ip=192.168.36.85 | op=SEND_HEARTBEAT {datanodeUUID=c63d63f4-e4a3-48b0-8e66-cfae5c1ce3a1, command=[]} | ret=SUCCESS |  
2019-08-22 09:28:20,947 | INFO  | SCMAudit | user=jenkins1000 | ip=192.168.36.85 | op=SEND_HEARTBEAT {datanodeUUID=909bb822-8e17-41f4-9059-fc5d171ea46d, command=[]} | ret=SUCCESS |  
2019-08-22 09:28:21,216 | INFO  | SCMAudit | user=jenkins1000 | ip=192.168.36.85 | op=SEND_HEARTBEAT {datanodeUUID=f1e02cbd-f391-4fd8-b388-c076d48374d7, command=[]} | ret=SUCCESS |  
2019-08-22 09:28:21,253 | INFO  | SCMAudit | user=jenkins1000 | ip=192.168.36.85 | op=SEND_HEARTBEAT {datanodeUUID=928f26db-de41-4c85-b3d0-1197049d8d00, command=[]} | ret=SUCCESS |  
2019-08-22 09:28:21,363 [grpc-default-executor-11] INFO  client.GrpcClientProtocolClient (GrpcClientProtocolClient.java:onNext(255)) - client-56E4B74C4131->f1e02cbd-f391-4fd8-b388-c076d48374d7: receive RaftClientReply:client-56E4B74C4131->f1e02cbd-f391-4fd8-b388-c076d48374d7@group-B474A246811F, cid=183, FAILED org.apache.ratis.protocol.NotLeaderException: Server f1e02cbd-f391-4fd8-b388-c076d48374d7 is not the leader (null). Request must be sent to leader., logIndex=0, commits[f1e02cbd-f391-4fd8-b388-c076d48374d7:c-1]
2019-08-22 09:28:21,628 [grpc-default-executor-7] WARN  server.GrpcLogAppender (LogUtils.java:warn(134)) - 928f26db-de41-4c85-b3d0-1197049d8d00->d8e1cfc5-e249-437a-bc24-3d460aa72825: Failed appendEntries: org.apache.ratis.thirdparty.io.grpc.StatusRuntimeException: UNAVAILABLE: io exception
2019-08-22 09:28:21,629 [grpc-default-executor-7] INFO  impl.FollowerInfo (FollowerInfo.java:lambda$new$0(50)) - 928f26db-de41-4c85-b3d0-1197049d8d00->d8e1cfc5-e249-437a-bc24-3d460aa72825: nextIndex: updateUnconditionally 0 -> 0
2019-08-22 09:28:21,650 | INFO  | SCMAudit | user=jenkins1000 | ip=192.168.36.85 | op=SEND_HEARTBEAT {datanodeUUID=75d72393-3020-4de0-a4ea-5e88f0c8cd61, command=[]} | ret=SUCCESS |  
2019-08-22 09:28:21,948 | INFO  | SCMAudit | user=jenkins1000 | ip=192.168.36.85 | op=SEND_HEARTBEAT {datanodeUUID=95ce97c6-e6af-4640-b6f2-079eca5e157b, command=[]} | ret=SUCCESS |  
2019-08-22 09:28:21,948 | INFO  | SCMAudit | user=jenkins1000 | ip=192.168.36.85 | op=SEND_HEARTBEAT {datanodeUUID=909bb822-8e17-41f4-9059-fc5d171ea46d, command=[]} | ret=SUCCESS |  
2019-08-22 09:28:21,948 | INFO  | SCMAudit | user=jenkins1000 | ip=192.168.36.85 | op=SEND_HEARTBEAT {datanodeUUID=c63d63f4-e4a3-48b0-8e66-cfae5c1ce3a1, command=[]} | ret=SUCCESS |  
2019-08-22 09:28:22,216 | INFO  | SCMAudit | user=jenkins1000 | ip=192.168.36.85 | op=SEND_HEARTBEAT {datanodeUUID=f1e02cbd-f391-4fd8-b388-c076d48374d7, command=[]} | ret=SUCCESS |  
2019-08-22 09:28:22,253 | INFO  | SCMAudit | user=jenkins1000 | ip=192.168.36.85 | op=SEND_HEARTBEAT {datanodeUUID=928f26db-de41-4c85-b3d0-1197049d8d00, command=[]} | ret=SUCCESS |  
2019-08-22 09:28:22,372 [grpc-default-executor-11] INFO  client.GrpcClientProtocolClient (GrpcClientProtocolClient.java:onNext(255)) - client-56E4B74C4131->928f26db-de41-4c85-b3d0-1197049d8d00: receive RaftClientReply:client-56E4B74C4131->928f26db-de41-4c85-b3d0-1197049d8d00@group-B474A246811F, cid=183, FAILED org.apache.ratis.protocol.NotLeaderException: Server 928f26db-de41-4c85-b3d0-1197049d8d00 is not the leader (null). Request must be sent to leader., logIndex=0, commits[928f26db-de41-4c85-b3d0-1197049d8d00:c-1]
2019-08-22 09:28:22,651 | INFO  | SCMAudit | user=jenkins1000 | ip=192.168.36.85 | op=SEND_HEARTBEAT {datanodeUUID=75d72393-3020-4de0-a4ea-5e88f0c8cd61, command=[]} | ret=SUCCESS |  
2019-08-22 09:28:22,948 | INFO  | SCMAudit | user=jenkins1000 | ip=192.168.36.85 | op=SEND_HEARTBEAT {datanodeUUID=909bb822-8e17-41f4-9059-fc5d171ea46d, command=[]} | ret=SUCCESS |  
2019-08-22 09:28:22,948 | INFO  | SCMAudit | user=jenkins1000 | ip=192.168.36.85 | op=SEND_HEARTBEAT {datanodeUUID=95ce97c6-e6af-4640-b6f2-079eca5e157b, command=[]} | ret=SUCCESS |  
2019-08-22 09:28:22,948 | INFO  | SCMAudit | user=jenkins1000 | ip=192.168.36.85 | op=SEND_HEARTBEAT {datanodeUUID=c63d63f4-e4a3-48b0-8e66-cfae5c1ce3a1, command=[]} | ret=SUCCESS |  
2019-08-22 09:28:23,218 | INFO  | SCMAudit | user=jenkins1000 | ip=192.168.36.85 | op=SEND_HEARTBEAT {datanodeUUID=f1e02cbd-f391-4fd8-b388-c076d48374d7, command=[]} | ret=SUCCESS |  
2019-08-22 09:28:23,253 | INFO  | SCMAudit | user=jenkins1000 | ip=192.168.36.85 | op=SEND_HEARTBEAT {datanodeUUID=928f26db-de41-4c85-b3d0-1197049d8d00, command=[]} | ret=SUCCESS |  
2019-08-22 09:28:23,383 [grpc-default-executor-11] INFO  client.GrpcClientProtocolClient (GrpcClientProtocolClient.java:onNext(255)) - client-56E4B74C4131->f1e02cbd-f391-4fd8-b388-c076d48374d7: receive RaftClientReply:client-56E4B74C4131->f1e02cbd-f391-4fd8-b388-c076d48374d7@group-B474A246811F, cid=183, FAILED org.apache.ratis.protocol.NotLeaderException: Server f1e02cbd-f391-4fd8-b388-c076d48374d7 is not the leader (null). Request must be sent to leader., logIndex=0, commits[f1e02cbd-f391-4fd8-b388-c076d48374d7:c-1]
2019-08-22 09:28:23,650 | INFO  | SCMAudit | user=jenkins1000 | ip=192.168.36.85 | op=SEND_HEARTBEAT {datanodeUUID=75d72393-3020-4de0-a4ea-5e88f0c8cd61, command=[]} | ret=SUCCESS |  
2019-08-22 09:28:23,947 | INFO  | SCMAudit | user=jenkins1000 | ip=192.168.36.85 | op=SEND_HEARTBEAT {datanodeUUID=95ce97c6-e6af-4640-b6f2-079eca5e157b, command=[]} | ret=SUCCESS |  
2019-08-22 09:28:23,948 | INFO  | SCMAudit | user=jenkins1000 | ip=192.168.36.85 | op=SEND_HEARTBEAT {datanodeUUID=909bb822-8e17-41f4-9059-fc5d171ea46d, command=[]} | ret=SUCCESS |  
2019-08-22 09:28:23,948 | INFO  | SCMAudit | user=jenkins1000 | ip=192.168.36.85 | op=SEND_HEARTBEAT {datanodeUUID=c63d63f4-e4a3-48b0-8e66-cfae5c1ce3a1, command=[]} | ret=SUCCESS |  
2019-08-22 09:28:24,129 [grpc-default-executor-7] WARN  server.GrpcLogAppender (LogUtils.java:warn(134)) - 928f26db-de41-4c85-b3d0-1197049d8d00->d8e1cfc5-e249-437a-bc24-3d460aa72825: Failed appendEntries: org.apache.ratis.thirdparty.io.grpc.StatusRuntimeException: UNAVAILABLE: io exception
2019-08-22 09:28:24,130 [grpc-default-executor-7] INFO  impl.FollowerInfo (FollowerInfo.java:lambda$new$0(50)) - 928f26db-de41-4c85-b3d0-1197049d8d00->d8e1cfc5-e249-437a-bc24-3d460aa72825: nextIndex: updateUnconditionally 0 -> 0
2019-08-22 09:28:24,217 | INFO  | SCMAudit | user=jenkins1000 | ip=192.168.36.85 | op=SEND_HEARTBEAT {datanodeUUID=f1e02cbd-f391-4fd8-b388-c076d48374d7, command=[]} | ret=SUCCESS |  
2019-08-22 09:28:24,253 | INFO  | SCMAudit | user=jenkins1000 | ip=192.168.36.85 | op=SEND_HEARTBEAT {datanodeUUID=928f26db-de41-4c85-b3d0-1197049d8d00, command=[]} | ret=SUCCESS |  
2019-08-22 09:28:24,396 [grpc-default-executor-7] INFO  client.GrpcClientProtocolClient (GrpcClientProtocolClient.java:onNext(255)) - client-56E4B74C4131->928f26db-de41-4c85-b3d0-1197049d8d00: receive RaftClientReply:client-56E4B74C4131->928f26db-de41-4c85-b3d0-1197049d8d00@group-B474A246811F, cid=183, FAILED org.apache.ratis.protocol.NotLeaderException: Server 928f26db-de41-4c85-b3d0-1197049d8d00 is not the leader (null). Request must be sent to leader., logIndex=0, commits[928f26db-de41-4c85-b3d0-1197049d8d00:c-1]
2019-08-22 09:28:24,651 | INFO  | SCMAudit | user=jenkins1000 | ip=192.168.36.85 | op=SEND_HEARTBEAT {datanodeUUID=75d72393-3020-4de0-a4ea-5e88f0c8cd61, command=[]} | ret=SUCCESS |  
2019-08-22 09:28:24,948 | INFO  | SCMAudit | user=jenkins1000 | ip=192.168.36.85 | op=SEND_HEARTBEAT {datanodeUUID=95ce97c6-e6af-4640-b6f2-079eca5e157b, command=[]} | ret=SUCCESS |  
2019-08-22 09:28:24,948 | INFO  | SCMAudit | user=jenkins1000 | ip=192.168.36.85 | op=SEND_HEARTBEAT {datanodeUUID=c63d63f4-e4a3-48b0-8e66-cfae5c1ce3a1, command=[]} | ret=SUCCESS |  
2019-08-22 09:28:24,948 | INFO  | SCMAudit | user=jenkins1000 | ip=192.168.36.85 | op=SEND_HEARTBEAT {datanodeUUID=909bb822-8e17-41f4-9059-fc5d171ea46d, command=[]} | ret=SUCCESS |  
2019-08-22 09:28:25,217 | INFO  | SCMAudit | user=jenkins1000 | ip=192.168.36.85 | op=SEND_HEARTBEAT {datanodeUUID=f1e02cbd-f391-4fd8-b388-c076d48374d7, command=[]} | ret=SUCCESS |  
2019-08-22 09:28:25,253 | INFO  | SCMAudit | user=jenkins1000 | ip=192.168.36.85 | op=SEND_HEARTBEAT {datanodeUUID=928f26db-de41-4c85-b3d0-1197049d8d00, command=[]} | ret=SUCCESS |  
2019-08-22 09:28:25,410 [grpc-default-executor-11] INFO  client.GrpcClientProtocolClient (GrpcClientProtocolClient.java:onNext(255)) - client-56E4B74C4131->f1e02cbd-f391-4fd8-b388-c076d48374d7: receive RaftClientReply:client-56E4B74C4131->f1e02cbd-f391-4fd8-b388-c076d48374d7@group-B474A246811F, cid=183, FAILED org.apache.ratis.protocol.NotLeaderException: Server f1e02cbd-f391-4fd8-b388-c076d48374d7 is not the leader (null). Request must be sent to leader., logIndex=0, commits[f1e02cbd-f391-4fd8-b388-c076d48374d7:c-1]
2019-08-22 09:28:25,465 [Thread-3704] INFO  impl.FollowerState (FollowerState.java:run(106)) - f1e02cbd-f391-4fd8-b388-c076d48374d7:group-B474A246811F changes to CANDIDATE, lastRpcTime:5139, electionTimeout:5139ms
2019-08-22 09:28:25,465 [Thread-3704] INFO  impl.RoleInfo (RoleInfo.java:shutdownFollowerState(121)) - f1e02cbd-f391-4fd8-b388-c076d48374d7: shutdown FollowerState
2019-08-22 09:28:25,466 [Thread-3704] INFO  impl.RaftServerImpl (RaftServerImpl.java:setRole(171)) - f1e02cbd-f391-4fd8-b388-c076d48374d7:group-B474A246811F changes role from FOLLOWER to CANDIDATE at term 0 for changeToCandidate
2019-08-22 09:28:25,466 [Thread-3704] INFO  impl.RoleInfo (RoleInfo.java:updateAndGet(143)) - f1e02cbd-f391-4fd8-b388-c076d48374d7: start LeaderElection
2019-08-22 09:28:25,482 [Thread-3699] INFO  impl.FollowerState (FollowerState.java:run(106)) - 75d72393-3020-4de0-a4ea-5e88f0c8cd61:group-B474A246811F changes to CANDIDATE, lastRpcTime:5158, electionTimeout:5144ms
2019-08-22 09:28:25,484 [Thread-3699] INFO  impl.RoleInfo (RoleInfo.java:shutdownFollowerState(121)) - 75d72393-3020-4de0-a4ea-5e88f0c8cd61: shutdown FollowerState
2019-08-22 09:28:25,484 [Thread-3699] INFO  impl.RaftServerImpl (RaftServerImpl.java:setRole(171)) - 75d72393-3020-4de0-a4ea-5e88f0c8cd61:group-B474A246811F changes role from FOLLOWER to CANDIDATE at term 0 for changeToCandidate
2019-08-22 09:28:25,484 [Thread-3699] INFO  impl.RoleInfo (RoleInfo.java:updateAndGet(143)) - 75d72393-3020-4de0-a4ea-5e88f0c8cd61: start LeaderElection
2019-08-22 09:28:25,508 [Thread-3700] INFO  impl.FollowerState (FollowerState.java:run(106)) - 928f26db-de41-4c85-b3d0-1197049d8d00:group-B474A246811F changes to CANDIDATE, lastRpcTime:5183, electionTimeout:5183ms
2019-08-22 09:28:25,508 [Thread-3700] INFO  impl.RoleInfo (RoleInfo.java:shutdownFollowerState(121)) - 928f26db-de41-4c85-b3d0-1197049d8d00: shutdown FollowerState
2019-08-22 09:28:25,508 [Thread-3700] INFO  impl.RaftServerImpl (RaftServerImpl.java:setRole(171)) - 928f26db-de41-4c85-b3d0-1197049d8d00:group-B474A246811F changes role from FOLLOWER to CANDIDATE at term 0 for changeToCandidate
2019-08-22 09:28:25,508 [Thread-3700] INFO  impl.RoleInfo (RoleInfo.java:updateAndGet(143)) - 928f26db-de41-4c85-b3d0-1197049d8d00: start LeaderElection
2019-08-22 09:28:25,536 [75d72393-3020-4de0-a4ea-5e88f0c8cd61:group-B474A246811F:LeaderElection83] INFO  impl.LeaderElection (LeaderElection.java:askForVotes(181)) - 75d72393-3020-4de0-a4ea-5e88f0c8cd61:group-B474A246811F:LeaderElection83: begin an election at term 1 for -1: [f1e02cbd-f391-4fd8-b388-c076d48374d7:192.168.36.85:38589, 75d72393-3020-4de0-a4ea-5e88f0c8cd61:192.168.36.85:42083, 928f26db-de41-4c85-b3d0-1197049d8d00:192.168.36.85:34973], old=null
2019-08-22 09:28:25,536 [f1e02cbd-f391-4fd8-b388-c076d48374d7:group-B474A246811F:LeaderElection82] INFO  impl.LeaderElection (LeaderElection.java:askForVotes(181)) - f1e02cbd-f391-4fd8-b388-c076d48374d7:group-B474A246811F:LeaderElection82: begin an election at term 1 for -1: [f1e02cbd-f391-4fd8-b388-c076d48374d7:192.168.36.85:38589, 75d72393-3020-4de0-a4ea-5e88f0c8cd61:192.168.36.85:42083, 928f26db-de41-4c85-b3d0-1197049d8d00:192.168.36.85:34973], old=null
2019-08-22 09:28:25,553 [928f26db-de41-4c85-b3d0-1197049d8d00:group-B474A246811F:LeaderElection84] INFO  impl.LeaderElection (LeaderElection.java:askForVotes(181)) - 928f26db-de41-4c85-b3d0-1197049d8d00:group-B474A246811F:LeaderElection84: begin an election at term 1 for -1: [f1e02cbd-f391-4fd8-b388-c076d48374d7:192.168.36.85:38589, 75d72393-3020-4de0-a4ea-5e88f0c8cd61:192.168.36.85:42083, 928f26db-de41-4c85-b3d0-1197049d8d00:192.168.36.85:34973], old=null
2019-08-22 09:28:25,554 [f1e02cbd-f391-4fd8-b388-c076d48374d7:group-B474A246811F:LeaderElection82] INFO  impl.LeaderElection (LeaderElection.java:logAndReturn(56)) - f1e02cbd-f391-4fd8-b388-c076d48374d7:group-B474A246811F:LeaderElection82: Election REJECTED; received 2 response(s) [f1e02cbd-f391-4fd8-b388-c076d48374d7<-75d72393-3020-4de0-a4ea-5e88f0c8cd61#0:FAIL-t1, f1e02cbd-f391-4fd8-b388-c076d48374d7<-928f26db-de41-4c85-b3d0-1197049d8d00#0:FAIL-t1] and 0 exception(s); f1e02cbd-f391-4fd8-b388-c076d48374d7:t1, leader=null, voted=f1e02cbd-f391-4fd8-b388-c076d48374d7, raftlog=f1e02cbd-f391-4fd8-b388-c076d48374d7-SegmentedRaftLog:OPENED:c-1,f-1,i0, conf=-1: [f1e02cbd-f391-4fd8-b388-c076d48374d7:192.168.36.85:38589, 75d72393-3020-4de0-a4ea-5e88f0c8cd61:192.168.36.85:42083, 928f26db-de41-4c85-b3d0-1197049d8d00:192.168.36.85:34973], old=null
2019-08-22 09:28:25,554 [75d72393-3020-4de0-a4ea-5e88f0c8cd61:group-B474A246811F:LeaderElection83] INFO  impl.LeaderElection (LeaderElection.java:logAndReturn(56)) - 75d72393-3020-4de0-a4ea-5e88f0c8cd61:group-B474A246811F:LeaderElection83: Election REJECTED; received 2 response(s) [75d72393-3020-4de0-a4ea-5e88f0c8cd61<-f1e02cbd-f391-4fd8-b388-c076d48374d7#0:FAIL-t1, 75d72393-3020-4de0-a4ea-5e88f0c8cd61<-928f26db-de41-4c85-b3d0-1197049d8d00#0:FAIL-t1] and 0 exception(s); 75d72393-3020-4de0-a4ea-5e88f0c8cd61:t1, leader=null, voted=75d72393-3020-4de0-a4ea-5e88f0c8cd61, raftlog=75d72393-3020-4de0-a4ea-5e88f0c8cd61-SegmentedRaftLog:OPENED:c-1,f-1,i0, conf=-1: [f1e02cbd-f391-4fd8-b388-c076d48374d7:192.168.36.85:38589, 75d72393-3020-4de0-a4ea-5e88f0c8cd61:192.168.36.85:42083, 928f26db-de41-4c85-b3d0-1197049d8d00:192.168.36.85:34973], old=null
2019-08-22 09:28:25,554 [f1e02cbd-f391-4fd8-b388-c076d48374d7:group-B474A246811F:LeaderElection82] INFO  impl.RaftServerImpl (RaftServerImpl.java:setRole(171)) - f1e02cbd-f391-4fd8-b388-c076d48374d7:group-B474A246811F changes role from CANDIDATE to FOLLOWER at term 1 for DISCOVERED_A_NEW_TERM
2019-08-22 09:28:25,555 [75d72393-3020-4de0-a4ea-5e88f0c8cd61:group-B474A246811F:LeaderElection83] INFO  impl.RaftServerImpl (RaftServerImpl.java:setRole(171)) - 75d72393-3020-4de0-a4ea-5e88f0c8cd61:group-B474A246811F changes role from CANDIDATE to FOLLOWER at term 1 for DISCOVERED_A_NEW_TERM
2019-08-22 09:28:25,555 [f1e02cbd-f391-4fd8-b388-c076d48374d7:group-B474A246811F:LeaderElection82] INFO  impl.RoleInfo (RoleInfo.java:shutdownLeaderElection(134)) - f1e02cbd-f391-4fd8-b388-c076d48374d7: shutdown LeaderElection
2019-08-22 09:28:25,555 [75d72393-3020-4de0-a4ea-5e88f0c8cd61:group-B474A246811F:LeaderElection83] INFO  impl.RoleInfo (RoleInfo.java:shutdownLeaderElection(134)) - 75d72393-3020-4de0-a4ea-5e88f0c8cd61: shutdown LeaderElection
2019-08-22 09:28:25,566 [f1e02cbd-f391-4fd8-b388-c076d48374d7:group-B474A246811F:LeaderElection82] INFO  impl.RoleInfo (RoleInfo.java:updateAndGet(143)) - f1e02cbd-f391-4fd8-b388-c076d48374d7: start FollowerState
2019-08-22 09:28:25,566 [75d72393-3020-4de0-a4ea-5e88f0c8cd61:group-B474A246811F:LeaderElection83] INFO  impl.RoleInfo (RoleInfo.java:updateAndGet(143)) - 75d72393-3020-4de0-a4ea-5e88f0c8cd61: start FollowerState
2019-08-22 09:28:25,569 [928f26db-de41-4c85-b3d0-1197049d8d00:group-B474A246811F:LeaderElection84] INFO  impl.LeaderElection (LeaderElection.java:logAndReturn(56)) - 928f26db-de41-4c85-b3d0-1197049d8d00:group-B474A246811F:LeaderElection84: Election REJECTED; received 2 response(s) [928f26db-de41-4c85-b3d0-1197049d8d00<-f1e02cbd-f391-4fd8-b388-c076d48374d7#0:FAIL-t1, 928f26db-de41-4c85-b3d0-1197049d8d00<-75d72393-3020-4de0-a4ea-5e88f0c8cd61#0:FAIL-t1] and 0 exception(s); 928f26db-de41-4c85-b3d0-1197049d8d00:t1, leader=null, voted=928f26db-de41-4c85-b3d0-1197049d8d00, raftlog=928f26db-de41-4c85-b3d0-1197049d8d00-SegmentedRaftLog:OPENED:c-1,f-1,i0, conf=-1: [f1e02cbd-f391-4fd8-b388-c076d48374d7:192.168.36.85:38589, 75d72393-3020-4de0-a4ea-5e88f0c8cd61:192.168.36.85:42083, 928f26db-de41-4c85-b3d0-1197049d8d00:192.168.36.85:34973], old=null
2019-08-22 09:28:25,570 [928f26db-de41-4c85-b3d0-1197049d8d00:group-B474A246811F:LeaderElection84] INFO  impl.RaftServerImpl (RaftServerImpl.java:setRole(171)) - 928f26db-de41-4c85-b3d0-1197049d8d00:group-B474A246811F changes role from CANDIDATE to FOLLOWER at term 1 for DISCOVERED_A_NEW_TERM
2019-08-22 09:28:25,570 [928f26db-de41-4c85-b3d0-1197049d8d00:group-B474A246811F:LeaderElection84] INFO  impl.RoleInfo (RoleInfo.java:shutdownLeaderElection(134)) - 928f26db-de41-4c85-b3d0-1197049d8d00: shutdown LeaderElection
2019-08-22 09:28:25,570 [928f26db-de41-4c85-b3d0-1197049d8d00:group-B474A246811F:LeaderElection84] INFO  impl.RoleInfo (RoleInfo.java:updateAndGet(143)) - 928f26db-de41-4c85-b3d0-1197049d8d00: start FollowerState
2019-08-22 09:28:25,651 | INFO  | SCMAudit | user=jenkins1000 | ip=192.168.36.85 | op=SEND_HEARTBEAT {datanodeUUID=75d72393-3020-4de0-a4ea-5e88f0c8cd61, command=[]} | ret=SUCCESS |  
2019-08-22 09:28:25,947 | INFO  | SCMAudit | user=jenkins1000 | ip=192.168.36.85 | op=SEND_HEARTBEAT {datanodeUUID=95ce97c6-e6af-4640-b6f2-079eca5e157b, command=[]} | ret=SUCCESS |  
2019-08-22 09:28:25,948 | INFO  | SCMAudit | user=jenkins1000 | ip=192.168.36.85 | op=SEND_HEARTBEAT {datanodeUUID=909bb822-8e17-41f4-9059-fc5d171ea46d, command=[]} | ret=SUCCESS |  
2019-08-22 09:28:25,948 | INFO  | SCMAudit | user=jenkins1000 | ip=192.168.36.85 | op=SEND_HEARTBEAT {datanodeUUID=c63d63f4-e4a3-48b0-8e66-cfae5c1ce3a1, command=[]} | ret=SUCCESS |  
2019-08-22 09:28:26,216 | INFO  | SCMAudit | user=jenkins1000 | ip=192.168.36.85 | op=SEND_HEARTBEAT {datanodeUUID=f1e02cbd-f391-4fd8-b388-c076d48374d7, command=[]} | ret=SUCCESS |  
2019-08-22 09:28:26,254 | INFO  | SCMAudit | user=jenkins1000 | ip=192.168.36.85 | op=SEND_HEARTBEAT {datanodeUUID=928f26db-de41-4c85-b3d0-1197049d8d00, command=[]} | ret=SUCCESS |  
2019-08-22 09:28:26,421 [grpc-default-executor-7] INFO  client.GrpcClientProtocolClient (GrpcClientProtocolClient.java:onNext(255)) - client-56E4B74C4131->928f26db-de41-4c85-b3d0-1197049d8d00: receive RaftClientReply:client-56E4B74C4131->928f26db-de41-4c85-b3d0-1197049d8d00@group-B474A246811F, cid=183, FAILED org.apache.ratis.protocol.NotLeaderException: Server 928f26db-de41-4c85-b3d0-1197049d8d00 is not the leader (null). Request must be sent to leader., logIndex=0, commits[928f26db-de41-4c85-b3d0-1197049d8d00:c-1]
2019-08-22 09:28:26,629 [grpc-default-executor-7] WARN  server.GrpcLogAppender (LogUtils.java:warn(134)) - 928f26db-de41-4c85-b3d0-1197049d8d00->d8e1cfc5-e249-437a-bc24-3d460aa72825: Failed appendEntries: org.apache.ratis.thirdparty.io.grpc.StatusRuntimeException: UNAVAILABLE: io exception
2019-08-22 09:28:26,630 [grpc-default-executor-7] INFO  impl.FollowerInfo (FollowerInfo.java:lambda$new$0(50)) - 928f26db-de41-4c85-b3d0-1197049d8d00->d8e1cfc5-e249-437a-bc24-3d460aa72825: nextIndex: updateUnconditionally 0 -> 0
2019-08-22 09:28:26,650 | INFO  | SCMAudit | user=jenkins1000 | ip=192.168.36.85 | op=SEND_HEARTBEAT {datanodeUUID=75d72393-3020-4de0-a4ea-5e88f0c8cd61, command=[]} | ret=SUCCESS |  
2019-08-22 09:28:26,948 | INFO  | SCMAudit | user=jenkins1000 | ip=192.168.36.85 | op=SEND_HEARTBEAT {datanodeUUID=95ce97c6-e6af-4640-b6f2-079eca5e157b, command=[]} | ret=SUCCESS |  
2019-08-22 09:28:26,948 | INFO  | SCMAudit | user=jenkins1000 | ip=192.168.36.85 | op=SEND_HEARTBEAT {datanodeUUID=c63d63f4-e4a3-48b0-8e66-cfae5c1ce3a1, command=[]} | ret=SUCCESS |  
2019-08-22 09:28:26,949 | INFO  | SCMAudit | user=jenkins1000 | ip=192.168.36.85 | op=SEND_HEARTBEAT {datanodeUUID=909bb822-8e17-41f4-9059-fc5d171ea46d, command=[]} | ret=SUCCESS |  
2019-08-22 09:28:27,217 | INFO  | SCMAudit | user=jenkins1000 | ip=192.168.36.85 | op=SEND_HEARTBEAT {datanodeUUID=f1e02cbd-f391-4fd8-b388-c076d48374d7, command=[]} | ret=SUCCESS |  
2019-08-22 09:28:27,254 | INFO  | SCMAudit | user=jenkins1000 | ip=192.168.36.85 | op=SEND_HEARTBEAT {datanodeUUID=928f26db-de41-4c85-b3d0-1197049d8d00, command=[]} | ret=SUCCESS |  
2019-08-22 09:28:27,435 [grpc-default-executor-7] INFO  client.GrpcClientProtocolClient (GrpcClientProtocolClient.java:onNext(255)) - client-56E4B74C4131->75d72393-3020-4de0-a4ea-5e88f0c8cd61: receive RaftClientReply:client-56E4B74C4131->75d72393-3020-4de0-a4ea-5e88f0c8cd61@group-B474A246811F, cid=183, FAILED org.apache.ratis.protocol.NotLeaderException: Server 75d72393-3020-4de0-a4ea-5e88f0c8cd61 is not the leader (null). Request must be sent to leader., logIndex=0, commits[75d72393-3020-4de0-a4ea-5e88f0c8cd61:c-1]
2019-08-22 09:28:27,650 | INFO  | SCMAudit | user=jenkins1000 | ip=192.168.36.85 | op=SEND_HEARTBEAT {datanodeUUID=75d72393-3020-4de0-a4ea-5e88f0c8cd61, command=[]} | ret=SUCCESS |  
2019-08-22 09:28:27,948 | INFO  | SCMAudit | user=jenkins1000 | ip=192.168.36.85 | op=SEND_HEARTBEAT {datanodeUUID=95ce97c6-e6af-4640-b6f2-079eca5e157b, command=[]} | ret=SUCCESS |  
2019-08-22 09:28:27,949 | INFO  | SCMAudit | user=jenkins1000 | ip=192.168.36.85 | op=SEND_HEARTBEAT {datanodeUUID=c63d63f4-e4a3-48b0-8e66-cfae5c1ce3a1, command=[]} | ret=SUCCESS |  
2019-08-22 09:28:27,949 | INFO  | SCMAudit | user=jenkins1000 | ip=192.168.36.85 | op=SEND_HEARTBEAT {datanodeUUID=909bb822-8e17-41f4-9059-fc5d171ea46d, command=[]} | ret=SUCCESS |  
2019-08-22 09:28:28,217 | INFO  | SCMAudit | user=jenkins1000 | ip=192.168.36.85 | op=SEND_HEARTBEAT {datanodeUUID=f1e02cbd-f391-4fd8-b388-c076d48374d7, command=[]} | ret=SUCCESS |  
2019-08-22 09:28:28,254 | INFO  | SCMAudit | user=jenkins1000 | ip=192.168.36.85 | op=SEND_HEARTBEAT {datanodeUUID=928f26db-de41-4c85-b3d0-1197049d8d00, command=[]} | ret=SUCCESS |  
2019-08-22 09:28:28,445 [grpc-default-executor-7] INFO  client.GrpcClientProtocolClient (GrpcClientProtocolClient.java:onNext(255)) - client-56E4B74C4131->928f26db-de41-4c85-b3d0-1197049d8d00: receive RaftClientReply:client-56E4B74C4131->928f26db-de41-4c85-b3d0-1197049d8d00@group-B474A246811F, cid=183, FAILED org.apache.ratis.protocol.NotLeaderException: Server 928f26db-de41-4c85-b3d0-1197049d8d00 is not the leader (null). Request must be sent to leader., logIndex=0, commits[928f26db-de41-4c85-b3d0-1197049d8d00:c-1]
2019-08-22 09:28:28,651 | INFO  | SCMAudit | user=jenkins1000 | ip=192.168.36.85 | op=SEND_HEARTBEAT {datanodeUUID=75d72393-3020-4de0-a4ea-5e88f0c8cd61, command=[]} | ret=SUCCESS |  
2019-08-22 09:28:28,948 | INFO  | SCMAudit | user=jenkins1000 | ip=192.168.36.85 | op=SEND_HEARTBEAT {datanodeUUID=95ce97c6-e6af-4640-b6f2-079eca5e157b, command=[]} | ret=SUCCESS |  
2019-08-22 09:28:28,949 | INFO  | SCMAudit | user=jenkins1000 | ip=192.168.36.85 | op=SEND_HEARTBEAT {datanodeUUID=c63d63f4-e4a3-48b0-8e66-cfae5c1ce3a1, command=[]} | ret=SUCCESS |  
2019-08-22 09:28:28,949 | INFO  | SCMAudit | user=jenkins1000 | ip=192.168.36.85 | op=SEND_HEARTBEAT {datanodeUUID=909bb822-8e17-41f4-9059-fc5d171ea46d, command=[]} | ret=SUCCESS |  
2019-08-22 09:28:29,130 [grpc-default-executor-6] WARN  server.GrpcLogAppender (LogUtils.java:warn(134)) - 928f26db-de41-4c85-b3d0-1197049d8d00->d8e1cfc5-e249-437a-bc24-3d460aa72825: Failed appendEntries: org.apache.ratis.thirdparty.io.grpc.StatusRuntimeException: UNAVAILABLE: io exception
2019-08-22 09:28:29,131 [grpc-default-executor-6] INFO  impl.FollowerInfo (FollowerInfo.java:lambda$new$0(50)) - 928f26db-de41-4c85-b3d0-1197049d8d00->d8e1cfc5-e249-437a-bc24-3d460aa72825: nextIndex: updateUnconditionally 0 -> 0
2019-08-22 09:28:29,217 | INFO  | SCMAudit | user=jenkins1000 | ip=192.168.36.85 | op=SEND_HEARTBEAT {datanodeUUID=f1e02cbd-f391-4fd8-b388-c076d48374d7, command=[]} | ret=SUCCESS |  
2019-08-22 09:28:29,254 | INFO  | SCMAudit | user=jenkins1000 | ip=192.168.36.85 | op=SEND_HEARTBEAT {datanodeUUID=928f26db-de41-4c85-b3d0-1197049d8d00, command=[]} | ret=SUCCESS |  
2019-08-22 09:28:29,455 [grpc-default-executor-6] INFO  client.GrpcClientProtocolClient (GrpcClientProtocolClient.java:onNext(255)) - client-56E4B74C4131->f1e02cbd-f391-4fd8-b388-c076d48374d7: receive RaftClientReply:client-56E4B74C4131->f1e02cbd-f391-4fd8-b388-c076d48374d7@group-B474A246811F, cid=183, FAILED org.apache.ratis.protocol.NotLeaderException: Server f1e02cbd-f391-4fd8-b388-c076d48374d7 is not the leader (null). Request must be sent to leader., logIndex=0, commits[f1e02cbd-f391-4fd8-b388-c076d48374d7:c-1]
2019-08-22 09:28:29,650 | INFO  | SCMAudit | user=jenkins1000 | ip=192.168.36.85 | op=SEND_HEARTBEAT {datanodeUUID=75d72393-3020-4de0-a4ea-5e88f0c8cd61, command=[]} | ret=SUCCESS |  
2019-08-22 09:28:29,948 | INFO  | SCMAudit | user=jenkins1000 | ip=192.168.36.85 | op=SEND_HEARTBEAT {datanodeUUID=95ce97c6-e6af-4640-b6f2-079eca5e157b, command=[]} | ret=SUCCESS |  
2019-08-22 09:28:29,949 | INFO  | SCMAudit | user=jenkins1000 | ip=192.168.36.85 | op=SEND_HEARTBEAT {datanodeUUID=c63d63f4-e4a3-48b0-8e66-cfae5c1ce3a1, command=[]} | ret=SUCCESS |  
2019-08-22 09:28:29,949 | INFO  | SCMAudit | user=jenkins1000 | ip=192.168.36.85 | op=SEND_HEARTBEAT {datanodeUUID=909bb822-8e17-41f4-9059-fc5d171ea46d, command=[]} | ret=SUCCESS |  
2019-08-22 09:28:30,217 | INFO  | SCMAudit | user=jenkins1000 | ip=192.168.36.85 | op=SEND_HEARTBEAT {datanodeUUID=f1e02cbd-f391-4fd8-b388-c076d48374d7, command=[]} | ret=SUCCESS |  
2019-08-22 09:28:30,254 | INFO  | SCMAudit | user=jenkins1000 | ip=192.168.36.85 | op=SEND_HEARTBEAT {datanodeUUID=928f26db-de41-4c85-b3d0-1197049d8d00, command=[]} | ret=SUCCESS |  
2019-08-22 09:28:30,466 [grpc-default-executor-7] INFO  client.GrpcClientProtocolClient (GrpcClientProtocolClient.java:onNext(255)) - client-56E4B74C4131->75d72393-3020-4de0-a4ea-5e88f0c8cd61: receive RaftClientReply:client-56E4B74C4131->75d72393-3020-4de0-a4ea-5e88f0c8cd61@group-B474A246811F, cid=183, FAILED org.apache.ratis.protocol.NotLeaderException: Server 75d72393-3020-4de0-a4ea-5e88f0c8cd61 is not the leader (null). Request must be sent to leader., logIndex=0, commits[75d72393-3020-4de0-a4ea-5e88f0c8cd61:c-1]
2019-08-22 09:28:30,651 | INFO  | SCMAudit | user=jenkins1000 | ip=192.168.36.85 | op=SEND_HEARTBEAT {datanodeUUID=75d72393-3020-4de0-a4ea-5e88f0c8cd61, command=[]} | ret=SUCCESS |  
2019-08-22 09:28:30,667 [Thread-3746] INFO  impl.FollowerState (FollowerState.java:run(106)) - 928f26db-de41-4c85-b3d0-1197049d8d00:group-B474A246811F changes to CANDIDATE, lastRpcTime:5096, electionTimeout:5096ms
2019-08-22 09:28:30,667 [Thread-3746] INFO  impl.RoleInfo (RoleInfo.java:shutdownFollowerState(121)) - 928f26db-de41-4c85-b3d0-1197049d8d00: shutdown FollowerState
2019-08-22 09:28:30,667 [Thread-3746] INFO  impl.RaftServerImpl (RaftServerImpl.java:setRole(171)) - 928f26db-de41-4c85-b3d0-1197049d8d00:group-B474A246811F changes role from FOLLOWER to CANDIDATE at term 1 for changeToCandidate
2019-08-22 09:28:30,667 [Thread-3746] INFO  impl.RoleInfo (RoleInfo.java:updateAndGet(143)) - 928f26db-de41-4c85-b3d0-1197049d8d00: start LeaderElection
2019-08-22 09:28:30,705 [928f26db-de41-4c85-b3d0-1197049d8d00:group-B474A246811F:LeaderElection85] INFO  impl.LeaderElection (LeaderElection.java:askForVotes(181)) - 928f26db-de41-4c85-b3d0-1197049d8d00:group-B474A246811F:LeaderElection85: begin an election at term 2 for -1: [f1e02cbd-f391-4fd8-b388-c076d48374d7:192.168.36.85:38589, 75d72393-3020-4de0-a4ea-5e88f0c8cd61:192.168.36.85:42083, 928f26db-de41-4c85-b3d0-1197049d8d00:192.168.36.85:34973], old=null
2019-08-22 09:28:30,705 [Thread-3745] INFO  impl.FollowerState (FollowerState.java:run(106)) - 75d72393-3020-4de0-a4ea-5e88f0c8cd61:group-B474A246811F changes to CANDIDATE, lastRpcTime:5138, electionTimeout:5138ms
2019-08-22 09:28:30,705 [Thread-3745] INFO  impl.RoleInfo (RoleInfo.java:shutdownFollowerState(121)) - 75d72393-3020-4de0-a4ea-5e88f0c8cd61: shutdown FollowerState
2019-08-22 09:28:30,705 [Thread-3745] INFO  impl.RaftServerImpl (RaftServerImpl.java:setRole(171)) - 75d72393-3020-4de0-a4ea-5e88f0c8cd61:group-B474A246811F changes role from FOLLOWER to CANDIDATE at term 1 for changeToCandidate
2019-08-22 09:28:30,705 [Thread-3745] INFO  impl.RoleInfo (RoleInfo.java:updateAndGet(143)) - 75d72393-3020-4de0-a4ea-5e88f0c8cd61: start LeaderElection
2019-08-22 09:28:30,711 [grpc-default-executor-6] INFO  impl.RaftServerImpl (RaftServerImpl.java:setRole(171)) - f1e02cbd-f391-4fd8-b388-c076d48374d7:group-B474A246811F changes role from FOLLOWER to FOLLOWER at term 2 for recognizeCandidate:928f26db-de41-4c85-b3d0-1197049d8d00
2019-08-22 09:28:30,711 [grpc-default-executor-6] INFO  impl.RoleInfo (RoleInfo.java:shutdownFollowerState(121)) - f1e02cbd-f391-4fd8-b388-c076d48374d7: shutdown FollowerState
2019-08-22 09:28:30,711 [grpc-default-executor-6] INFO  impl.RoleInfo (RoleInfo.java:updateAndGet(143)) - f1e02cbd-f391-4fd8-b388-c076d48374d7: start FollowerState
2019-08-22 09:28:30,711 [Thread-3744] INFO  impl.FollowerState (FollowerState.java:run(114)) - f1e02cbd-f391-4fd8-b388-c076d48374d7: FollowerState was interrupted: java.lang.InterruptedException: sleep interrupted
2019-08-22 09:28:30,733 [75d72393-3020-4de0-a4ea-5e88f0c8cd61:group-B474A246811F:LeaderElection86] INFO  impl.LeaderElection (LeaderElection.java:askForVotes(181)) - 75d72393-3020-4de0-a4ea-5e88f0c8cd61:group-B474A246811F:LeaderElection86: begin an election at term 2 for -1: [f1e02cbd-f391-4fd8-b388-c076d48374d7:192.168.36.85:38589, 75d72393-3020-4de0-a4ea-5e88f0c8cd61:192.168.36.85:42083, 928f26db-de41-4c85-b3d0-1197049d8d00:192.168.36.85:34973], old=null
2019-08-22 09:28:30,734 [928f26db-de41-4c85-b3d0-1197049d8d00:group-B474A246811F:LeaderElection85] INFO  impl.LeaderElection (LeaderElection.java:logAndReturn(56)) - 928f26db-de41-4c85-b3d0-1197049d8d00:group-B474A246811F:LeaderElection85: Election PASSED; received 1 response(s) [928f26db-de41-4c85-b3d0-1197049d8d00<-f1e02cbd-f391-4fd8-b388-c076d48374d7#0:OK-t2] and 0 exception(s); 928f26db-de41-4c85-b3d0-1197049d8d00:t2, leader=null, voted=928f26db-de41-4c85-b3d0-1197049d8d00, raftlog=928f26db-de41-4c85-b3d0-1197049d8d00-SegmentedRaftLog:OPENED:c-1,f-1,i0, conf=-1: [f1e02cbd-f391-4fd8-b388-c076d48374d7:192.168.36.85:38589, 75d72393-3020-4de0-a4ea-5e88f0c8cd61:192.168.36.85:42083, 928f26db-de41-4c85-b3d0-1197049d8d00:192.168.36.85:34973], old=null
2019-08-22 09:28:30,734 [928f26db-de41-4c85-b3d0-1197049d8d00:group-B474A246811F:LeaderElection85] INFO  impl.RoleInfo (RoleInfo.java:shutdownLeaderElection(134)) - 928f26db-de41-4c85-b3d0-1197049d8d00: shutdown LeaderElection
2019-08-22 09:28:30,734 [928f26db-de41-4c85-b3d0-1197049d8d00:group-B474A246811F:LeaderElection85] INFO  impl.RaftServerImpl (RaftServerImpl.java:setRole(171)) - 928f26db-de41-4c85-b3d0-1197049d8d00:group-B474A246811F changes role from CANDIDATE to LEADER at term 2 for changeToLeader
2019-08-22 09:28:30,734 [928f26db-de41-4c85-b3d0-1197049d8d00:group-B474A246811F:LeaderElection85] INFO  impl.RaftServerImpl (ServerState.java:setLeader(263)) - 928f26db-de41-4c85-b3d0-1197049d8d00:group-B474A246811F change Leader from null to 928f26db-de41-4c85-b3d0-1197049d8d00 at term 2 for becomeLeader, leader elected after 10422ms
2019-08-22 09:28:30,735 [928f26db-de41-4c85-b3d0-1197049d8d00:group-B474A246811F:LeaderElection85] INFO  server.RaftServerConfigKeys (ConfUtils.java:logGet(43)) - raft.server.staging.catchup.gap = 1000 (default)
2019-08-22 09:28:30,735 [928f26db-de41-4c85-b3d0-1197049d8d00:group-B474A246811F:LeaderElection85] INFO  server.RaftServerConfigKeys (ConfUtils.java:logGet(43)) - raft.server.rpc.sleep.time = 25ms (default)
2019-08-22 09:28:30,735 [928f26db-de41-4c85-b3d0-1197049d8d00:group-B474A246811F:LeaderElection85] INFO  server.RaftServerConfigKeys (ConfUtils.java:logGet(43)) - raft.server.write.element-limit = 4096 (default)
2019-08-22 09:28:30,736 [928f26db-de41-4c85-b3d0-1197049d8d00:group-B474A246811F:LeaderElection85] INFO  server.RaftServerConfigKeys (ConfUtils.java:logGet(43)) - raft.server.watch.timeout = 10s (default)
2019-08-22 09:28:30,736 [928f26db-de41-4c85-b3d0-1197049d8d00:group-B474A246811F:LeaderElection85] INFO  server.RaftServerConfigKeys (ConfUtils.java:logGet(43)) - raft.server.watch.timeout.denomination = 1s (default)
2019-08-22 09:28:30,736 [928f26db-de41-4c85-b3d0-1197049d8d00:group-B474A246811F:LeaderElection85] INFO  server.RaftServerConfigKeys (ConfUtils.java:logGet(43)) - raft.server.watch.element-limit = 65536 (default)
2019-08-22 09:28:30,736 [928f26db-de41-4c85-b3d0-1197049d8d00:group-B474A246811F:LeaderElection85] INFO  server.RaftServerConfigKeys (ConfUtils.java:logGet(43)) - raft.server.log.appender.snapshot.chunk.size.max = 16MB (=16777216) (default)
2019-08-22 09:28:30,737 [928f26db-de41-4c85-b3d0-1197049d8d00:group-B474A246811F:LeaderElection85] INFO  server.RaftServerConfigKeys (ConfUtils.java:logGet(43)) - raft.server.log.appender.buffer.byte-limit = 33554432 (custom)
2019-08-22 09:28:30,737 [928f26db-de41-4c85-b3d0-1197049d8d00:group-B474A246811F:LeaderElection85] INFO  server.RaftServerConfigKeys (ConfUtils.java:logGet(43)) - raft.server.log.appender.buffer.element-limit = 1 (custom)
2019-08-22 09:28:30,737 [928f26db-de41-4c85-b3d0-1197049d8d00:group-B474A246811F:LeaderElection85] INFO  grpc.GrpcConfigKeys$Server (ConfUtils.java:logGet(43)) - raft.grpc.server.leader.outstanding.appends.max = 128 (default)
2019-08-22 09:28:30,737 [928f26db-de41-4c85-b3d0-1197049d8d00:group-B474A246811F:LeaderElection85] INFO  server.RaftServerConfigKeys (ConfUtils.java:logGet(43)) - raft.server.rpc.request.timeout = 3000ms (default)
2019-08-22 09:28:30,738 [928f26db-de41-4c85-b3d0-1197049d8d00:group-B474A246811F:LeaderElection85] INFO  server.RaftServerConfigKeys (ConfUtils.java:logGet(43)) - raft.server.log.appender.install.snapshot.enabled = false (custom)
2019-08-22 09:28:30,738 [928f26db-de41-4c85-b3d0-1197049d8d00:group-B474A246811F:LeaderElection85] INFO  server.RaftServerConfigKeys (ConfUtils.java:logGet(43)) - raft.server.log.appender.snapshot.chunk.size.max = 16MB (=16777216) (default)
2019-08-22 09:28:30,738 [928f26db-de41-4c85-b3d0-1197049d8d00:group-B474A246811F:LeaderElection85] INFO  server.RaftServerConfigKeys (ConfUtils.java:logGet(43)) - raft.server.log.appender.buffer.byte-limit = 33554432 (custom)
2019-08-22 09:28:30,738 [928f26db-de41-4c85-b3d0-1197049d8d00:group-B474A246811F:LeaderElection85] INFO  server.RaftServerConfigKeys (ConfUtils.java:logGet(43)) - raft.server.log.appender.buffer.element-limit = 1 (custom)
2019-08-22 09:28:30,738 [928f26db-de41-4c85-b3d0-1197049d8d00:group-B474A246811F:LeaderElection85] INFO  grpc.GrpcConfigKeys$Server (ConfUtils.java:logGet(43)) - raft.grpc.server.leader.outstanding.appends.max = 128 (default)
2019-08-22 09:28:30,739 [928f26db-de41-4c85-b3d0-1197049d8d00:group-B474A246811F:LeaderElection85] INFO  server.RaftServerConfigKeys (ConfUtils.java:logGet(43)) - raft.server.rpc.request.timeout = 3000ms (default)
2019-08-22 09:28:30,739 [928f26db-de41-4c85-b3d0-1197049d8d00:group-B474A246811F:LeaderElection85] INFO  server.RaftServerConfigKeys (ConfUtils.java:logGet(43)) - raft.server.log.appender.install.snapshot.enabled = false (custom)
2019-08-22 09:28:30,739 [928f26db-de41-4c85-b3d0-1197049d8d00:group-B474A246811F:LeaderElection85] INFO  impl.RoleInfo (RoleInfo.java:updateAndGet(143)) - 928f26db-de41-4c85-b3d0-1197049d8d00: start LeaderState
2019-08-22 09:28:30,740 [928f26db-de41-4c85-b3d0-1197049d8d00:group-B474A246811F:LeaderElection85] INFO  segmented.SegmentedRaftLogWorker (SegmentedRaftLogWorker.java:startLogSegment(380)) - 928f26db-de41-4c85-b3d0-1197049d8d00-SegmentedRaftLogWorker:Storage Directory /workdir/hadoop-ozone/integration-test/target/test-dir/MiniOzoneClusterImpl-2e6e0ec1-3320-47b2-b0b8-5188264ac38e/datanode-1/data/ratis/6d5aee19-2f0d-4fb5-83f7-b474a246811f: Starting segment from index:0
2019-08-22 09:28:30,741 [928f26db-de41-4c85-b3d0-1197049d8d00:group-B474A246811F:LeaderElection85] INFO  impl.RaftServerImpl (ServerState.java:setRaftConf(361)) - 928f26db-de41-4c85-b3d0-1197049d8d00:group-B474A246811F set configuration 0: [f1e02cbd-f391-4fd8-b388-c076d48374d7:192.168.36.85:38589, 75d72393-3020-4de0-a4ea-5e88f0c8cd61:192.168.36.85:42083, 928f26db-de41-4c85-b3d0-1197049d8d00:192.168.36.85:34973], old=null at 0
2019-08-22 09:28:30,741 [grpc-default-executor-7] INFO  impl.RaftServerImpl (RaftServerImpl.java:requestVote(754)) - 928f26db-de41-4c85-b3d0-1197049d8d00-LEADER: Withhold vote from candidate 75d72393-3020-4de0-a4ea-5e88f0c8cd61 with term 2. State: leader=928f26db-de41-4c85-b3d0-1197049d8d00, term=2, lastRpcElapsed=null
2019-08-22 09:28:30,743 [75d72393-3020-4de0-a4ea-5e88f0c8cd61:group-B474A246811F:LeaderElection86] INFO  impl.LeaderElection (LeaderElection.java:logAndReturn(56)) - 75d72393-3020-4de0-a4ea-5e88f0c8cd61:group-B474A246811F:LeaderElection86: Election REJECTED; received 2 response(s) [75d72393-3020-4de0-a4ea-5e88f0c8cd61<-f1e02cbd-f391-4fd8-b388-c076d48374d7#0:FAIL-t2, 75d72393-3020-4de0-a4ea-5e88f0c8cd61<-928f26db-de41-4c85-b3d0-1197049d8d00#0:FAIL-t2] and 0 exception(s); 75d72393-3020-4de0-a4ea-5e88f0c8cd61:t2, leader=null, voted=75d72393-3020-4de0-a4ea-5e88f0c8cd61, raftlog=75d72393-3020-4de0-a4ea-5e88f0c8cd61-SegmentedRaftLog:OPENED:c-1,f-1,i0, conf=-1: [f1e02cbd-f391-4fd8-b388-c076d48374d7:192.168.36.85:38589, 75d72393-3020-4de0-a4ea-5e88f0c8cd61:192.168.36.85:42083, 928f26db-de41-4c85-b3d0-1197049d8d00:192.168.36.85:34973], old=null
2019-08-22 09:28:30,743 [grpc-default-executor-7] INFO  impl.RaftServerImpl (ServerState.java:setLeader(263)) - f1e02cbd-f391-4fd8-b388-c076d48374d7:group-B474A246811F change Leader from null to 928f26db-de41-4c85-b3d0-1197049d8d00 at term 2 for appendEntries, leader elected after 10430ms
2019-08-22 09:28:30,743 [75d72393-3020-4de0-a4ea-5e88f0c8cd61:group-B474A246811F:LeaderElection86] INFO  impl.RaftServerImpl (RaftServerImpl.java:setRole(171)) - 75d72393-3020-4de0-a4ea-5e88f0c8cd61:group-B474A246811F changes role from CANDIDATE to FOLLOWER at term 2 for DISCOVERED_A_NEW_TERM
2019-08-22 09:28:30,744 [75d72393-3020-4de0-a4ea-5e88f0c8cd61:group-B474A246811F:LeaderElection86] INFO  impl.RoleInfo (RoleInfo.java:shutdownLeaderElection(134)) - 75d72393-3020-4de0-a4ea-5e88f0c8cd61: shutdown LeaderElection
2019-08-22 09:28:30,744 [75d72393-3020-4de0-a4ea-5e88f0c8cd61:group-B474A246811F:LeaderElection86] INFO  impl.RoleInfo (RoleInfo.java:updateAndGet(143)) - 75d72393-3020-4de0-a4ea-5e88f0c8cd61: start FollowerState
2019-08-22 09:28:30,744 [grpc-default-executor-6] INFO  impl.RaftServerImpl (ServerState.java:setLeader(263)) - 75d72393-3020-4de0-a4ea-5e88f0c8cd61:group-B474A246811F change Leader from null to 928f26db-de41-4c85-b3d0-1197049d8d00 at term 2 for appendEntries, leader elected after 10432ms
2019-08-22 09:28:30,746 [grpc-default-executor-7] INFO  impl.RaftServerImpl (ServerState.java:setRaftConf(361)) - f1e02cbd-f391-4fd8-b388-c076d48374d7:group-B474A246811F set configuration 0: [f1e02cbd-f391-4fd8-b388-c076d48374d7:192.168.36.85:38589, 75d72393-3020-4de0-a4ea-5e88f0c8cd61:192.168.36.85:42083, 928f26db-de41-4c85-b3d0-1197049d8d00:192.168.36.85:34973], old=null at 0
2019-08-22 09:28:30,747 [grpc-default-executor-7] INFO  segmented.SegmentedRaftLogWorker (SegmentedRaftLogWorker.java:startLogSegment(380)) - f1e02cbd-f391-4fd8-b388-c076d48374d7-SegmentedRaftLogWorker:Storage Directory /workdir/hadoop-ozone/integration-test/target/test-dir/MiniOzoneClusterImpl-2e6e0ec1-3320-47b2-b0b8-5188264ac38e/datanode-0/data/ratis/6d5aee19-2f0d-4fb5-83f7-b474a246811f: Starting segment from index:0
2019-08-22 09:28:30,747 [grpc-default-executor-6] INFO  impl.RaftServerImpl (ServerState.java:setRaftConf(361)) - 75d72393-3020-4de0-a4ea-5e88f0c8cd61:group-B474A246811F set configuration 0: [f1e02cbd-f391-4fd8-b388-c076d48374d7:192.168.36.85:38589, 75d72393-3020-4de0-a4ea-5e88f0c8cd61:192.168.36.85:42083, 928f26db-de41-4c85-b3d0-1197049d8d00:192.168.36.85:34973], old=null at 0
2019-08-22 09:28:30,747 [grpc-default-executor-6] INFO  segmented.SegmentedRaftLogWorker (SegmentedRaftLogWorker.java:startLogSegment(380)) - 75d72393-3020-4de0-a4ea-5e88f0c8cd61-SegmentedRaftLogWorker:Storage Directory /workdir/hadoop-ozone/integration-test/target/test-dir/MiniOzoneClusterImpl-2e6e0ec1-3320-47b2-b0b8-5188264ac38e/datanode-6/data/ratis/6d5aee19-2f0d-4fb5-83f7-b474a246811f: Starting segment from index:0
2019-08-22 09:28:30,804 [f1e02cbd-f391-4fd8-b388-c076d48374d7-SegmentedRaftLogWorker:Storage Directory /workdir/hadoop-ozone/integration-test/target/test-dir/MiniOzoneClusterImpl-2e6e0ec1-3320-47b2-b0b8-5188264ac38e/datanode-0/data/ratis/6d5aee19-2f0d-4fb5-83f7-b474a246811f] INFO  segmented.SegmentedRaftLogWorker (SegmentedRaftLogWorker.java:execute(569)) - f1e02cbd-f391-4fd8-b388-c076d48374d7-SegmentedRaftLogWorker:Storage Directory /workdir/hadoop-ozone/integration-test/target/test-dir/MiniOzoneClusterImpl-2e6e0ec1-3320-47b2-b0b8-5188264ac38e/datanode-0/data/ratis/6d5aee19-2f0d-4fb5-83f7-b474a246811f: created new log segment /workdir/hadoop-ozone/integration-test/target/test-dir/MiniOzoneClusterImpl-2e6e0ec1-3320-47b2-b0b8-5188264ac38e/datanode-0/data/ratis/6d5aee19-2f0d-4fb5-83f7-b474a246811f/current/log_inprogress_0
2019-08-22 09:28:30,804 [928f26db-de41-4c85-b3d0-1197049d8d00-SegmentedRaftLogWorker:Storage Directory /workdir/hadoop-ozone/integration-test/target/test-dir/MiniOzoneClusterImpl-2e6e0ec1-3320-47b2-b0b8-5188264ac38e/datanode-1/data/ratis/6d5aee19-2f0d-4fb5-83f7-b474a246811f] INFO  segmented.SegmentedRaftLogWorker (SegmentedRaftLogWorker.java:execute(569)) - 928f26db-de41-4c85-b3d0-1197049d8d00-SegmentedRaftLogWorker:Storage Directory /workdir/hadoop-ozone/integration-test/target/test-dir/MiniOzoneClusterImpl-2e6e0ec1-3320-47b2-b0b8-5188264ac38e/datanode-1/data/ratis/6d5aee19-2f0d-4fb5-83f7-b474a246811f: created new log segment /workdir/hadoop-ozone/integration-test/target/test-dir/MiniOzoneClusterImpl-2e6e0ec1-3320-47b2-b0b8-5188264ac38e/datanode-1/data/ratis/6d5aee19-2f0d-4fb5-83f7-b474a246811f/current/log_inprogress_0
2019-08-22 09:28:30,804 [75d72393-3020-4de0-a4ea-5e88f0c8cd61-SegmentedRaftLogWorker:Storage Directory /workdir/hadoop-ozone/integration-test/target/test-dir/MiniOzoneClusterImpl-2e6e0ec1-3320-47b2-b0b8-5188264ac38e/datanode-6/data/ratis/6d5aee19-2f0d-4fb5-83f7-b474a246811f] INFO  segmented.SegmentedRaftLogWorker (SegmentedRaftLogWorker.java:execute(569)) - 75d72393-3020-4de0-a4ea-5e88f0c8cd61-SegmentedRaftLogWorker:Storage Directory /workdir/hadoop-ozone/integration-test/target/test-dir/MiniOzoneClusterImpl-2e6e0ec1-3320-47b2-b0b8-5188264ac38e/datanode-6/data/ratis/6d5aee19-2f0d-4fb5-83f7-b474a246811f: created new log segment /workdir/hadoop-ozone/integration-test/target/test-dir/MiniOzoneClusterImpl-2e6e0ec1-3320-47b2-b0b8-5188264ac38e/datanode-6/data/ratis/6d5aee19-2f0d-4fb5-83f7-b474a246811f/current/log_inprogress_0
2019-08-22 09:28:30,947 | INFO  | SCMAudit | user=jenkins1000 | ip=192.168.36.85 | op=SEND_HEARTBEAT {datanodeUUID=95ce97c6-e6af-4640-b6f2-079eca5e157b, command=[]} | ret=SUCCESS |  
2019-08-22 09:28:30,949 | INFO  | SCMAudit | user=jenkins1000 | ip=192.168.36.85 | op=SEND_HEARTBEAT {datanodeUUID=909bb822-8e17-41f4-9059-fc5d171ea46d, command=[]} | ret=SUCCESS |  
2019-08-22 09:28:30,949 | INFO  | SCMAudit | user=jenkins1000 | ip=192.168.36.85 | op=SEND_HEARTBEAT {datanodeUUID=c63d63f4-e4a3-48b0-8e66-cfae5c1ce3a1, command=[]} | ret=SUCCESS |  
2019-08-22 09:28:31,216 | INFO  | SCMAudit | user=jenkins1000 | ip=192.168.36.85 | op=SEND_HEARTBEAT {datanodeUUID=f1e02cbd-f391-4fd8-b388-c076d48374d7, command=[]} | ret=SUCCESS |  
2019-08-22 09:28:31,254 | INFO  | SCMAudit | user=jenkins1000 | ip=192.168.36.85 | op=SEND_HEARTBEAT {datanodeUUID=928f26db-de41-4c85-b3d0-1197049d8d00, command=[]} | ret=SUCCESS |  
2019-08-22 09:28:31,477 [grpc-default-executor-7] INFO  client.GrpcClientProtocolClient (GrpcClientProtocolClient.java:onNext(255)) - client-56E4B74C4131->f1e02cbd-f391-4fd8-b388-c076d48374d7: receive RaftClientReply:client-56E4B74C4131->f1e02cbd-f391-4fd8-b388-c076d48374d7@group-B474A246811F, cid=183, FAILED org.apache.ratis.protocol.NotLeaderException: Server f1e02cbd-f391-4fd8-b388-c076d48374d7 is not the leader (928f26db-de41-4c85-b3d0-1197049d8d00:192.168.36.85:34973). Request must be sent to leader., logIndex=0, commits[f1e02cbd-f391-4fd8-b388-c076d48374d7:c-1, 75d72393-3020-4de0-a4ea-5e88f0c8cd61:c-1, 928f26db-de41-4c85-b3d0-1197049d8d00:c-1]
2019-08-22 09:28:31,631 [grpc-default-executor-11] WARN  server.GrpcLogAppender (LogUtils.java:warn(134)) - 928f26db-de41-4c85-b3d0-1197049d8d00->d8e1cfc5-e249-437a-bc24-3d460aa72825: Failed appendEntries: org.apache.ratis.thirdparty.io.grpc.StatusRuntimeException: UNAVAILABLE: io exception
2019-08-22 09:28:31,631 [grpc-default-executor-11] INFO  impl.FollowerInfo (FollowerInfo.java:lambda$new$0(50)) - 928f26db-de41-4c85-b3d0-1197049d8d00->d8e1cfc5-e249-437a-bc24-3d460aa72825: nextIndex: updateUnconditionally 0 -> 0
2019-08-22 09:28:31,651 | INFO  | SCMAudit | user=jenkins1000 | ip=192.168.36.85 | op=SEND_HEARTBEAT {datanodeUUID=75d72393-3020-4de0-a4ea-5e88f0c8cd61, command=[]} | ret=SUCCESS |  
2019-08-22 09:28:31,948 | INFO  | SCMAudit | user=jenkins1000 | ip=192.168.36.85 | op=SEND_HEARTBEAT {datanodeUUID=95ce97c6-e6af-4640-b6f2-079eca5e157b, command=[]} | ret=SUCCESS |  
2019-08-22 09:28:31,949 | INFO  | SCMAudit | user=jenkins1000 | ip=192.168.36.85 | op=SEND_HEARTBEAT {datanodeUUID=c63d63f4-e4a3-48b0-8e66-cfae5c1ce3a1, command=[]} | ret=SUCCESS |  
2019-08-22 09:28:31,949 | INFO  | SCMAudit | user=jenkins1000 | ip=192.168.36.85 | op=SEND_HEARTBEAT {datanodeUUID=909bb822-8e17-41f4-9059-fc5d171ea46d, command=[]} | ret=SUCCESS |  
2019-08-22 09:28:32,217 | INFO  | SCMAudit | user=jenkins1000 | ip=192.168.36.85 | op=SEND_HEARTBEAT {datanodeUUID=f1e02cbd-f391-4fd8-b388-c076d48374d7, command=[]} | ret=SUCCESS |  
2019-08-22 09:28:32,253 | INFO  | SCMAudit | user=jenkins1000 | ip=192.168.36.85 | op=SEND_HEARTBEAT {datanodeUUID=928f26db-de41-4c85-b3d0-1197049d8d00, command=[]} | ret=SUCCESS |  
2019-08-22 09:28:32,421 | INFO  | DNAudit | user=null | ip=null | op=WRITE_CHUNK {blockData=conID: 3 locID: 102659922351357968 bcsId: 0} | ret=SUCCESS |  
2019-08-22 09:28:32,421 | INFO  | DNAudit | user=null | ip=null | op=WRITE_CHUNK {blockData=conID: 3 locID: 102659922351357968 bcsId: 0} | ret=SUCCESS |  
2019-08-22 09:28:32,421 | INFO  | DNAudit | user=null | ip=null | op=WRITE_CHUNK {blockData=conID: 3 locID: 102659922351357968 bcsId: 0} | ret=SUCCESS |  
2019-08-22 09:28:32,422 | INFO  | SCMAudit | user=jenkins1000 | ip=192.168.36.85 | op=SEND_HEARTBEAT {datanodeUUID=f1e02cbd-f391-4fd8-b388-c076d48374d7, command=[]} | ret=SUCCESS |  
2019-08-22 09:28:32,422 | INFO  | SCMAudit | user=jenkins1000 | ip=192.168.36.85 | op=SEND_HEARTBEAT {datanodeUUID=928f26db-de41-4c85-b3d0-1197049d8d00, command=[]} | ret=SUCCESS |  
2019-08-22 09:28:32,422 | INFO  | SCMAudit | user=jenkins1000 | ip=192.168.36.85 | op=SEND_HEARTBEAT {datanodeUUID=75d72393-3020-4de0-a4ea-5e88f0c8cd61, command=[]} | ret=SUCCESS |  
2019-08-22 09:28:32,429 | INFO  | DNAudit | user=null | ip=null | op=WRITE_CHUNK {blockData=conID: 3 locID: 102659922351357968 bcsId: 0} | ret=SUCCESS |  
2019-08-22 09:28:32,434 [grpc-default-executor-6] INFO  client.GrpcClientProtocolClient (GrpcClientProtocolClient.java:onNext(255)) - client-56E4B74C4131->928f26db-de41-4c85-b3d0-1197049d8d00: receive RaftClientReply:client-56E4B74C4131->928f26db-de41-4c85-b3d0-1197049d8d00@group-B474A246811F, cid=183, SUCCESS, logIndex=1, commits[928f26db-de41-4c85-b3d0-1197049d8d00:c1, f1e02cbd-f391-4fd8-b388-c076d48374d7:c0, 75d72393-3020-4de0-a4ea-5e88f0c8cd61:c0]
2019-08-22 09:28:32,458 | INFO  | DNAudit | user=null | ip=null | op=WRITE_CHUNK {blockData=conID: 3 locID: 102659922351357968 bcsId: 0} | ret=SUCCESS |  
2019-08-22 09:28:32,458 | INFO  | DNAudit | user=null | ip=null | op=WRITE_CHUNK {blockData=conID: 3 locID: 102659922351357968 bcsId: 0} | ret=SUCCESS |  
2019-08-22 09:28:32,544 | INFO  | DNAudit | user=null | ip=null | op=PUT_BLOCK {blockData=[blockId=conID: 3 locID: 102659922351357968 bcsId: 0,size=50]} | ret=SUCCESS |  
2019-08-22 09:28:32,549 [grpc-default-executor-6] INFO  client.GrpcClientProtocolClient (GrpcClientProtocolClient.java:onNext(255)) - client-56E4B74C4131->928f26db-de41-4c85-b3d0-1197049d8d00: receive RaftClientReply:client-56E4B74C4131->928f26db-de41-4c85-b3d0-1197049d8d00@group-B474A246811F, cid=184, SUCCESS, logIndex=3, commits[928f26db-de41-4c85-b3d0-1197049d8d00:c4, f1e02cbd-f391-4fd8-b388-c076d48374d7:c3, 75d72393-3020-4de0-a4ea-5e88f0c8cd61:c3]
2019-08-22 09:28:32,550 [main] INFO  ozone.MiniOzoneClusterImpl (MiniOzoneClusterImpl.java:shutdown(321)) - Shutting down the Mini Ozone Cluster
2019-08-22 09:28:32,551 | INFO  | SCMAudit | user=null | ip=null | op=GET_SCM_INFO null | ret=SUCCESS |  
2019-08-22 09:28:32,551 [main] INFO  ozone.MiniOzoneClusterImpl (MiniOzoneClusterImpl.java:stop(336)) - Stopping the Mini Ozone Cluster
2019-08-22 09:28:32,551 [main] INFO  ozone.MiniOzoneClusterImpl (MiniOzoneClusterImpl.java:stop(338)) - Stopping the OzoneManager
2019-08-22 09:28:32,551 [main] INFO  ipc.Server (Server.java:stop(3082)) - Stopping server on 33380
2019-08-22 09:28:32,561 [IPC Server listener on 33380] INFO  ipc.Server (Server.java:run(1185)) - Stopping IPC Server listener on 33380
2019-08-22 09:28:32,561 [IPC Server Responder] INFO  ipc.Server (Server.java:run(1319)) - Stopping IPC Server Responder
2019-08-22 09:28:32,561 [main] INFO  ratis.OzoneManagerDoubleBuffer (OzoneManagerDoubleBuffer.java:stop(248)) - Stopping OMDoubleBuffer flush thread
2019-08-22 09:28:32,576 [OMDoubleBufferFlushThread] INFO  ratis.OzoneManagerDoubleBuffer (OzoneManagerDoubleBuffer.java:flushTransactions(191)) - OMDoubleBuffer flush thread OMDoubleBufferFlushThread is interrupted and will exit. OMDoubleBufferFlushThread
2019-08-22 09:28:32,593 [main] INFO  utils.BackgroundService (BackgroundService.java:shutdown(148)) - Shutting down service KeyDeletingService
2019-08-22 09:28:32,595 [main] INFO  handler.ContextHandler (ContextHandler.java:doStop(910)) - Stopped o.e.j.w.WebAppContext@74727e41{/,null,UNAVAILABLE}{/ozoneManager}
2019-08-22 09:28:32,595 [main] INFO  server.AbstractConnector (AbstractConnector.java:doStop(318)) - Stopped ServerConnector@16117d9{HTTP/1.1,[http/1.1]}{0.0.0.0:0}
2019-08-22 09:28:32,596 [main] INFO  handler.ContextHandler (ContextHandler.java:doStop(910)) - Stopped o.e.j.s.ServletContextHandler@7ea91c39{/static,file:///workdir/hadoop-ozone/integration-test/target/test-classes/webapps/static,UNAVAILABLE}
2019-08-22 09:28:32,596 [main] INFO  handler.ContextHandler (ContextHandler.java:doStop(910)) - Stopped o.e.j.s.ServletContextHandler@54626326{/logs,file:///workdir/hadoop-ozone/integration-test/target/log,UNAVAILABLE}
2019-08-22 09:28:32,600 [main] INFO  ozone.MiniOzoneClusterImpl (MiniOzoneClusterImpl.java:stop(344)) - Shutting the HddsDatanodes
2019-08-22 09:28:32,600 [main] INFO  datanode.ObjectStoreHandler (ObjectStoreHandler.java:close(155)) - Closing ObjectStoreHandler.
2019-08-22 09:28:32,600 [ForkJoinPool.commonPool-worker-0] INFO  datanode.ObjectStoreHandler (ObjectStoreHandler.java:close(155)) - Closing ObjectStoreHandler.
2019-08-22 09:28:32,601 [main] INFO  ozone.HddsDatanodeService (HddsDatanodeService.java:stop(451)) - Stopped plug-in org.apache.hadoop.ozone.web.OzoneHddsDatanodeService@66859669
2019-08-22 09:28:32,601 [ForkJoinPool.commonPool-worker-0] INFO  ozone.HddsDatanodeService (HddsDatanodeService.java:stop(451)) - Stopped plug-in org.apache.hadoop.ozone.web.OzoneHddsDatanodeService@3e7935f1
2019-08-22 09:28:32,637 | INFO  | DNAudit | user=null | ip=null | op=PUT_BLOCK {blockData=[blockId=conID: 3 locID: 102659922351357968 bcsId: 0,size=50]} | ret=SUCCESS |  
2019-08-22 09:28:32,713 | INFO  | DNAudit | user=null | ip=null | op=PUT_BLOCK {blockData=[blockId=conID: 3 locID: 102659922351357968 bcsId: 0,size=50]} | ret=SUCCESS |  
2019-08-22 09:28:32,947 [Datanode State Machine Thread - 0] INFO  statemachine.DatanodeStateMachine (DatanodeStateMachine.java:lambda$startDaemon$0(350)) - Ozone container server started.
2019-08-22 09:28:32,949 | INFO  | SCMAudit | user=jenkins1000 | ip=192.168.36.85 | op=SEND_HEARTBEAT {datanodeUUID=c63d63f4-e4a3-48b0-8e66-cfae5c1ce3a1, command=[]} | ret=SUCCESS |  
2019-08-22 09:28:32,949 | INFO  | SCMAudit | user=jenkins1000 | ip=192.168.36.85 | op=SEND_HEARTBEAT {datanodeUUID=909bb822-8e17-41f4-9059-fc5d171ea46d, command=[]} | ret=SUCCESS |  
2019-08-22 09:28:33,421 [Datanode State Machine Thread - 0] INFO  statemachine.DatanodeStateMachine (DatanodeStateMachine.java:lambda$startDaemon$0(350)) - Ozone container server started.
2019-08-22 09:28:33,422 | INFO  | SCMAudit | user=jenkins1000 | ip=192.168.36.85 | op=SEND_HEARTBEAT {datanodeUUID=75d72393-3020-4de0-a4ea-5e88f0c8cd61, command=[]} | ret=SUCCESS |  
2019-08-22 09:28:33,422 | INFO  | SCMAudit | user=jenkins1000 | ip=192.168.36.85 | op=SEND_HEARTBEAT {datanodeUUID=f1e02cbd-f391-4fd8-b388-c076d48374d7, command=[]} | ret=SUCCESS |  
2019-08-22 09:28:33,950 | INFO  | SCMAudit | user=jenkins1000 | ip=192.168.36.85 | op=SEND_HEARTBEAT {datanodeUUID=909bb822-8e17-41f4-9059-fc5d171ea46d, command=[]} | ret=SUCCESS |  
2019-08-22 09:28:33,950 | INFO  | SCMAudit | user=jenkins1000 | ip=192.168.36.85 | op=SEND_HEARTBEAT {datanodeUUID=c63d63f4-e4a3-48b0-8e66-cfae5c1ce3a1, command=[]} | ret=SUCCESS |  
2019-08-22 09:28:34,132 [grpc-default-executor-11] WARN  server.GrpcLogAppender (LogUtils.java:warn(134)) - 928f26db-de41-4c85-b3d0-1197049d8d00->d8e1cfc5-e249-437a-bc24-3d460aa72825: Failed appendEntries: org.apache.ratis.thirdparty.io.grpc.StatusRuntimeException: UNAVAILABLE: io exception
2019-08-22 09:28:34,132 [grpc-default-executor-11] INFO  impl.FollowerInfo (FollowerInfo.java:lambda$new$0(50)) - 928f26db-de41-4c85-b3d0-1197049d8d00->d8e1cfc5-e249-437a-bc24-3d460aa72825: nextIndex: updateUnconditionally 0 -> 0
2019-08-22 09:28:34,421 | INFO  | SCMAudit | user=jenkins1000 | ip=192.168.36.85 | op=SEND_HEARTBEAT {datanodeUUID=f1e02cbd-f391-4fd8-b388-c076d48374d7, command=[]} | ret=SUCCESS |  
2019-08-22 09:28:34,421 | INFO  | SCMAudit | user=jenkins1000 | ip=192.168.36.85 | op=SEND_HEARTBEAT {datanodeUUID=75d72393-3020-4de0-a4ea-5e88f0c8cd61, command=[]} | ret=SUCCESS |  
2019-08-22 09:28:34,950 | INFO  | SCMAudit | user=jenkins1000 | ip=192.168.36.85 | op=SEND_HEARTBEAT {datanodeUUID=c63d63f4-e4a3-48b0-8e66-cfae5c1ce3a1, command=[]} | ret=SUCCESS |  
2019-08-22 09:28:34,950 | INFO  | SCMAudit | user=jenkins1000 | ip=192.168.36.85 | op=SEND_HEARTBEAT {datanodeUUID=909bb822-8e17-41f4-9059-fc5d171ea46d, command=[]} | ret=SUCCESS |  
2019-08-22 09:28:35,422 | INFO  | SCMAudit | user=jenkins1000 | ip=192.168.36.85 | op=SEND_HEARTBEAT {datanodeUUID=f1e02cbd-f391-4fd8-b388-c076d48374d7, command=[]} | ret=SUCCESS |  
2019-08-22 09:28:35,422 | INFO  | SCMAudit | user=jenkins1000 | ip=192.168.36.85 | op=SEND_HEARTBEAT {datanodeUUID=75d72393-3020-4de0-a4ea-5e88f0c8cd61, command=[]} | ret=SUCCESS |  
2019-08-22 09:28:35,950 | INFO  | SCMAudit | user=jenkins1000 | ip=192.168.36.85 | op=SEND_HEARTBEAT {datanodeUUID=909bb822-8e17-41f4-9059-fc5d171ea46d, command=[]} | ret=SUCCESS |  
2019-08-22 09:28:35,950 | INFO  | SCMAudit | user=jenkins1000 | ip=192.168.36.85 | op=SEND_HEARTBEAT {datanodeUUID=c63d63f4-e4a3-48b0-8e66-cfae5c1ce3a1, command=[]} | ret=SUCCESS |  
2019-08-22 09:28:36,422 | INFO  | SCMAudit | user=jenkins1000 | ip=192.168.36.85 | op=SEND_HEARTBEAT {datanodeUUID=f1e02cbd-f391-4fd8-b388-c076d48374d7, command=[]} | ret=SUCCESS |  
2019-08-22 09:28:36,422 | INFO  | SCMAudit | user=jenkins1000 | ip=192.168.36.85 | op=SEND_HEARTBEAT {datanodeUUID=75d72393-3020-4de0-a4ea-5e88f0c8cd61, command=[]} | ret=SUCCESS |  
2019-08-22 09:28:36,632 [grpc-default-executor-7] WARN  server.GrpcLogAppender (LogUtils.java:warn(134)) - 928f26db-de41-4c85-b3d0-1197049d8d00->d8e1cfc5-e249-437a-bc24-3d460aa72825: Failed appendEntries: org.apache.ratis.thirdparty.io.grpc.StatusRuntimeException: UNAVAILABLE: io exception
2019-08-22 09:28:36,632 [grpc-default-executor-7] INFO  impl.FollowerInfo (FollowerInfo.java:lambda$new$0(50)) - 928f26db-de41-4c85-b3d0-1197049d8d00->d8e1cfc5-e249-437a-bc24-3d460aa72825: nextIndex: updateUnconditionally 0 -> 0
2019-08-22 09:28:36,949 | INFO  | SCMAudit | user=jenkins1000 | ip=192.168.36.85 | op=SEND_HEARTBEAT {datanodeUUID=c63d63f4-e4a3-48b0-8e66-cfae5c1ce3a1, command=[]} | ret=SUCCESS |  
2019-08-22 09:28:36,949 | INFO  | SCMAudit | user=jenkins1000 | ip=192.168.36.85 | op=SEND_HEARTBEAT {datanodeUUID=909bb822-8e17-41f4-9059-fc5d171ea46d, command=[]} | ret=SUCCESS |  
2019-08-22 09:28:36,982 [EventQueue-StaleNodeForStaleNodeHandler] INFO  node.StaleNodeHandler (StaleNodeHandler.java:onMessage(58)) - Datanode 95ce97c6-e6af-4640-b6f2-079eca5e157b{ip: 192.168.36.85, host: pr-hdds-1898-9jx57-4170240974, networkLocation: /default-rack, certSerialId: null} moved to stale state. Finalizing its pipelines [PipelineID=5e53caaf-fbcb-4322-ac80-713cd145619d, PipelineID=bb0e424c-c75e-41d6-825e-ec8378861ac9]
2019-08-22 09:28:36,982 [EventQueue-StaleNodeForStaleNodeHandler] INFO  pipeline.SCMPipelineManager (SCMPipelineManager.java:finalizeAndDestroyPipeline(309)) - destroying pipeline:Pipeline[ Id: 5e53caaf-fbcb-4322-ac80-713cd145619d, Nodes: 909bb822-8e17-41f4-9059-fc5d171ea46d{ip: 192.168.36.85, host: pr-hdds-1898-9jx57-4170240974, networkLocation: /default-rack, certSerialId: null}95ce97c6-e6af-4640-b6f2-079eca5e157b{ip: 192.168.36.85, host: pr-hdds-1898-9jx57-4170240974, networkLocation: /default-rack, certSerialId: null}c63d63f4-e4a3-48b0-8e66-cfae5c1ce3a1{ip: 192.168.36.85, host: pr-hdds-1898-9jx57-4170240974, networkLocation: /default-rack, certSerialId: null}, Type:RATIS, Factor:THREE, State:OPEN]
2019-08-22 09:28:36,983 [EventQueue-StaleNodeForStaleNodeHandler] INFO  pipeline.PipelineStateManager (PipelineStateManager.java:finalizePipeline(123)) - Pipeline Pipeline[ Id: 5e53caaf-fbcb-4322-ac80-713cd145619d, Nodes: 909bb822-8e17-41f4-9059-fc5d171ea46d{ip: 192.168.36.85, host: pr-hdds-1898-9jx57-4170240974, networkLocation: /default-rack, certSerialId: null}95ce97c6-e6af-4640-b6f2-079eca5e157b{ip: 192.168.36.85, host: pr-hdds-1898-9jx57-4170240974, networkLocation: /default-rack, certSerialId: null}c63d63f4-e4a3-48b0-8e66-cfae5c1ce3a1{ip: 192.168.36.85, host: pr-hdds-1898-9jx57-4170240974, networkLocation: /default-rack, certSerialId: null}, Type:RATIS, Factor:THREE, State:CLOSED] moved to CLOSED state
2019-08-22 09:28:36,983 [EventQueue-CloseContainerForCloseContainerEventHandler] INFO  container.CloseContainerEventHandler (CloseContainerEventHandler.java:onMessage(61)) - Close container Event triggered for container : #2
2019-08-22 09:28:36,983 [EventQueue-StaleNodeForStaleNodeHandler] INFO  pipeline.SCMPipelineManager (SCMPipelineManager.java:finalizeAndDestroyPipeline(309)) - destroying pipeline:Pipeline[ Id: bb0e424c-c75e-41d6-825e-ec8378861ac9, Nodes: 95ce97c6-e6af-4640-b6f2-079eca5e157b{ip: 192.168.36.85, host: pr-hdds-1898-9jx57-4170240974, networkLocation: /default-rack, certSerialId: null}, Type:RATIS, Factor:ONE, State:OPEN]
2019-08-22 09:28:36,983 [EventQueue-StaleNodeForStaleNodeHandler] INFO  pipeline.PipelineStateManager (PipelineStateManager.java:finalizePipeline(123)) - Pipeline Pipeline[ Id: bb0e424c-c75e-41d6-825e-ec8378861ac9, Nodes: 95ce97c6-e6af-4640-b6f2-079eca5e157b{ip: 192.168.36.85, host: pr-hdds-1898-9jx57-4170240974, networkLocation: /default-rack, certSerialId: null}, Type:RATIS, Factor:ONE, State:CLOSED] moved to CLOSED state
2019-08-22 09:28:37,422 | INFO  | SCMAudit | user=jenkins1000 | ip=192.168.36.85 | op=SEND_HEARTBEAT {datanodeUUID=75d72393-3020-4de0-a4ea-5e88f0c8cd61, command=[]} | ret=SUCCESS |  
2019-08-22 09:28:37,422 | INFO  | SCMAudit | user=jenkins1000 | ip=192.168.36.85 | op=SEND_HEARTBEAT {datanodeUUID=f1e02cbd-f391-4fd8-b388-c076d48374d7, command=[]} | ret=SUCCESS |  
2019-08-22 09:28:37,483 [EventQueue-StaleNodeForStaleNodeHandler] INFO  node.StaleNodeHandler (StaleNodeHandler.java:onMessage(58)) - Datanode 928f26db-de41-4c85-b3d0-1197049d8d00{ip: 192.168.36.85, host: pr-hdds-1898-9jx57-4170240974, networkLocation: /default-rack, certSerialId: null} moved to stale state. Finalizing its pipelines [PipelineID=9d64e6f2-dc3c-46ab-a93b-987ff9bacdaf, PipelineID=6d5aee19-2f0d-4fb5-83f7-b474a246811f, PipelineID=82f7ced3-763a-4a4b-83ad-837faecae1e1]
2019-08-22 09:28:37,483 [EventQueue-StaleNodeForStaleNodeHandler] INFO  pipeline.SCMPipelineManager (SCMPipelineManager.java:finalizeAndDestroyPipeline(309)) - destroying pipeline:Pipeline[ Id: 9d64e6f2-dc3c-46ab-a93b-987ff9bacdaf, Nodes: d8e1cfc5-e249-437a-bc24-3d460aa72825{ip: 192.168.36.85, host: pr-hdds-1898-9jx57-4170240974, networkLocation: /default-rack, certSerialId: null}928f26db-de41-4c85-b3d0-1197049d8d00{ip: 192.168.36.85, host: pr-hdds-1898-9jx57-4170240974, networkLocation: /default-rack, certSerialId: null}f1e02cbd-f391-4fd8-b388-c076d48374d7{ip: 192.168.36.85, host: pr-hdds-1898-9jx57-4170240974, networkLocation: /default-rack, certSerialId: null}, Type:RATIS, Factor:THREE, State:CLOSED]
2019-08-22 09:28:37,483 [EventQueue-StaleNodeForStaleNodeHandler] INFO  pipeline.SCMPipelineManager (SCMPipelineManager.java:finalizeAndDestroyPipeline(309)) - destroying pipeline:Pipeline[ Id: 6d5aee19-2f0d-4fb5-83f7-b474a246811f, Nodes: 928f26db-de41-4c85-b3d0-1197049d8d00{ip: 192.168.36.85, host: pr-hdds-1898-9jx57-4170240974, networkLocation: /default-rack, certSerialId: null}f1e02cbd-f391-4fd8-b388-c076d48374d7{ip: 192.168.36.85, host: pr-hdds-1898-9jx57-4170240974, networkLocation: /default-rack, certSerialId: null}75d72393-3020-4de0-a4ea-5e88f0c8cd61{ip: 192.168.36.85, host: pr-hdds-1898-9jx57-4170240974, networkLocation: /default-rack, certSerialId: null}, Type:RATIS, Factor:THREE, State:OPEN]
2019-08-22 09:28:37,484 [EventQueue-StaleNodeForStaleNodeHandler] INFO  pipeline.PipelineStateManager (PipelineStateManager.java:finalizePipeline(123)) - Pipeline Pipeline[ Id: 6d5aee19-2f0d-4fb5-83f7-b474a246811f, Nodes: 928f26db-de41-4c85-b3d0-1197049d8d00{ip: 192.168.36.85, host: pr-hdds-1898-9jx57-4170240974, networkLocation: /default-rack, certSerialId: null}f1e02cbd-f391-4fd8-b388-c076d48374d7{ip: 192.168.36.85, host: pr-hdds-1898-9jx57-4170240974, networkLocation: /default-rack, certSerialId: null}75d72393-3020-4de0-a4ea-5e88f0c8cd61{ip: 192.168.36.85, host: pr-hdds-1898-9jx57-4170240974, networkLocation: /default-rack, certSerialId: null}, Type:RATIS, Factor:THREE, State:CLOSED] moved to CLOSED state
2019-08-22 09:28:37,484 [EventQueue-CloseContainerForCloseContainerEventHandler] INFO  container.CloseContainerEventHandler (CloseContainerEventHandler.java:onMessage(61)) - Close container Event triggered for container : #3
2019-08-22 09:28:37,484 [EventQueue-StaleNodeForStaleNodeHandler] INFO  pipeline.SCMPipelineManager (SCMPipelineManager.java:finalizeAndDestroyPipeline(309)) - destroying pipeline:Pipeline[ Id: 82f7ced3-763a-4a4b-83ad-837faecae1e1, Nodes: 928f26db-de41-4c85-b3d0-1197049d8d00{ip: 192.168.36.85, host: pr-hdds-1898-9jx57-4170240974, networkLocation: /default-rack, certSerialId: null}, Type:RATIS, Factor:ONE, State:OPEN]
2019-08-22 09:28:37,484 [EventQueue-StaleNodeForStaleNodeHandler] INFO  pipeline.PipelineStateManager (PipelineStateManager.java:finalizePipeline(123)) - Pipeline Pipeline[ Id: 82f7ced3-763a-4a4b-83ad-837faecae1e1, Nodes: 928f26db-de41-4c85-b3d0-1197049d8d00{ip: 192.168.36.85, host: pr-hdds-1898-9jx57-4170240974, networkLocation: /default-rack, certSerialId: null}, Type:RATIS, Factor:ONE, State:CLOSED] moved to CLOSED state
2019-08-22 09:28:37,602 [main] INFO  ozoneimpl.OzoneContainer (OzoneContainer.java:stop(199)) - Attempting to stop container services.
2019-08-22 09:28:37,602 [ForkJoinPool.commonPool-worker-0] INFO  ozoneimpl.OzoneContainer (OzoneContainer.java:stop(199)) - Attempting to stop container services.
2019-08-22 09:28:37,602 [main] INFO  impl.RaftServerProxy (RaftServerProxy.java:lambda$close$4(314)) - 95ce97c6-e6af-4640-b6f2-079eca5e157b: close
2019-08-22 09:28:37,602 [ForkJoinPool.commonPool-worker-0] INFO  impl.RaftServerProxy (RaftServerProxy.java:lambda$close$4(314)) - 928f26db-de41-4c85-b3d0-1197049d8d00: close
2019-08-22 09:28:37,603 [main] INFO  impl.RaftServerImpl (RaftServerImpl.java:lambda$shutdown$3(245)) - 95ce97c6-e6af-4640-b6f2-079eca5e157b: shutdown group-713CD145619D
2019-08-22 09:28:37,603 [ForkJoinPool.commonPool-worker-0] INFO  impl.RaftServerImpl (RaftServerImpl.java:lambda$shutdown$3(245)) - 928f26db-de41-4c85-b3d0-1197049d8d00: shutdown group-987FF9BACDAF
2019-08-22 09:28:37,603 [main] INFO  util.JmxRegister (JmxRegister.java:unregister(73)) - Successfully un-registered JMX Bean with object name Ratis:service=RaftServer,group=group-713CD145619D,id=95ce97c6-e6af-4640-b6f2-079eca5e157b
2019-08-22 09:28:37,603 [ForkJoinPool.commonPool-worker-0] INFO  util.JmxRegister (JmxRegister.java:unregister(73)) - Successfully un-registered JMX Bean with object name Ratis:service=RaftServer,group=group-987FF9BACDAF,id=928f26db-de41-4c85-b3d0-1197049d8d00
2019-08-22 09:28:37,603 [ForkJoinPool.commonPool-worker-0] INFO  impl.RoleInfo (RoleInfo.java:shutdownLeaderState(104)) - 928f26db-de41-4c85-b3d0-1197049d8d00: shutdown LeaderState
2019-08-22 09:28:37,603 [main] INFO  impl.RoleInfo (RoleInfo.java:shutdownLeaderState(104)) - 95ce97c6-e6af-4640-b6f2-079eca5e157b: shutdown LeaderState
2019-08-22 09:28:37,607 [org.apache.ratis.server.impl.LogAppender$AppenderDaemon$$Lambda$520/880152856@6d0ecc95] WARN  server.GrpcLogAppender (GrpcLogAppender.java:mayWait(143)) - GrpcLogAppender(928f26db-de41-4c85-b3d0-1197049d8d00->f1e02cbd-f391-4fd8-b388-c076d48374d7): Wait interrupted by java.lang.InterruptedException
2019-08-22 09:28:37,610 [org.apache.ratis.server.impl.LogAppender$AppenderDaemon$$Lambda$520/880152856@12df5dca] WARN  server.GrpcLogAppender (GrpcLogAppender.java:mayWait(143)) - GrpcLogAppender(95ce97c6-e6af-4640-b6f2-079eca5e157b->c63d63f4-e4a3-48b0-8e66-cfae5c1ce3a1): Wait interrupted by java.lang.InterruptedException
2019-08-22 09:28:37,610 [main] INFO  impl.PendingRequests (PendingRequests.java:sendNotLeaderResponses(202)) - 95ce97c6-e6af-4640-b6f2-079eca5e157b-PendingRequests: sendNotLeaderResponses
2019-08-22 09:28:37,610 [ForkJoinPool.commonPool-worker-0] INFO  impl.PendingRequests (PendingRequests.java:sendNotLeaderResponses(202)) - 928f26db-de41-4c85-b3d0-1197049d8d00-PendingRequests: sendNotLeaderResponses
2019-08-22 09:28:37,607 [org.apache.ratis.server.impl.LogAppender$AppenderDaemon$$Lambda$520/880152856@65e07bc5] WARN  server.GrpcLogAppender (GrpcLogAppender.java:mayWait(143)) - GrpcLogAppender(928f26db-de41-4c85-b3d0-1197049d8d00->d8e1cfc5-e249-437a-bc24-3d460aa72825): Wait interrupted by java.lang.InterruptedException
2019-08-22 09:28:37,614 [StateMachineUpdater:95ce97c6-e6af-4640-b6f2-079eca5e157b:group-713CD145619D] INFO  ratis.ContainerStateMachine (ContainerStateMachine.java:takeSnapshot(283)) - group-713CD145619D: Taking a snapshot at:(t:1, i:15) file /workdir/hadoop-ozone/integration-test/target/test-dir/MiniOzoneClusterImpl-2e6e0ec1-3320-47b2-b0b8-5188264ac38e/datanode-4/data/ratis/5e53caaf-fbcb-4322-ac80-713cd145619d/sm/snapshot.1_15
2019-08-22 09:28:37,613 [main] INFO  impl.StateMachineUpdater (StateMachineUpdater.java:stopAndJoin(115)) - StateMachineUpdater:95ce97c6-e6af-4640-b6f2-079eca5e157b:group-713CD145619D: set stopIndex = 16
2019-08-22 09:28:37,611 [grpc-default-executor-6] INFO  server.GrpcServerProtocolService (GrpcServerProtocolService.java:onCompleted(104)) - c63d63f4-e4a3-48b0-8e66-cfae5c1ce3a1: appendEntries completed
2019-08-22 09:28:37,611 [grpc-default-executor-7] INFO  server.GrpcServerProtocolService (GrpcServerProtocolService.java:onCompleted(104)) - f1e02cbd-f391-4fd8-b388-c076d48374d7: appendEntries completed
2019-08-22 09:28:37,610 [org.apache.ratis.server.impl.LogAppender$AppenderDaemon$$Lambda$520/880152856@57ddd955] WARN  server.GrpcLogAppender (GrpcLogAppender.java:mayWait(143)) - GrpcLogAppender(95ce97c6-e6af-4640-b6f2-079eca5e157b->909bb822-8e17-41f4-9059-fc5d171ea46d): Wait interrupted by java.lang.InterruptedException
2019-08-22 09:28:37,616 [StateMachineUpdater:928f26db-de41-4c85-b3d0-1197049d8d00:group-987FF9BACDAF] INFO  ratis.ContainerStateMachine (ContainerStateMachine.java:takeSnapshot(283)) - group-987FF9BACDAF: Taking a snapshot at:(t:2, i:14) file /workdir/hadoop-ozone/integration-test/target/test-dir/MiniOzoneClusterImpl-2e6e0ec1-3320-47b2-b0b8-5188264ac38e/datanode-1/data/ratis/9d64e6f2-dc3c-46ab-a93b-987ff9bacdaf/sm/snapshot.2_14
2019-08-22 09:28:37,616 [ForkJoinPool.commonPool-worker-0] INFO  impl.StateMachineUpdater (StateMachineUpdater.java:stopAndJoin(115)) - StateMachineUpdater:928f26db-de41-4c85-b3d0-1197049d8d00:group-987FF9BACDAF: set stopIndex = 18
2019-08-22 09:28:37,617 [grpc-default-executor-7] INFO  server.GrpcLogAppender (GrpcLogAppender.java:onCompleted(292)) - 928f26db-de41-4c85-b3d0-1197049d8d00->f1e02cbd-f391-4fd8-b388-c076d48374d7: follower responses appendEntries COMPLETED
2019-08-22 09:28:37,617 [grpc-default-executor-6] INFO  server.GrpcLogAppender (GrpcLogAppender.java:onCompleted(292)) - 95ce97c6-e6af-4640-b6f2-079eca5e157b->c63d63f4-e4a3-48b0-8e66-cfae5c1ce3a1: follower responses appendEntries COMPLETED
2019-08-22 09:28:37,617 [grpc-default-executor-10] INFO  server.GrpcServerProtocolService (GrpcServerProtocolService.java:onCompleted(104)) - 909bb822-8e17-41f4-9059-fc5d171ea46d: appendEntries completed
2019-08-22 09:28:37,617 [grpc-default-executor-7] INFO  impl.FollowerInfo (FollowerInfo.java:lambda$new$0(50)) - 928f26db-de41-4c85-b3d0-1197049d8d00->f1e02cbd-f391-4fd8-b388-c076d48374d7: nextIndex: updateUnconditionally 19 -> 18
2019-08-22 09:28:37,617 [grpc-default-executor-6] INFO  impl.FollowerInfo (FollowerInfo.java:lambda$new$0(50)) - 95ce97c6-e6af-4640-b6f2-079eca5e157b->c63d63f4-e4a3-48b0-8e66-cfae5c1ce3a1: nextIndex: updateUnconditionally 17 -> 16
2019-08-22 09:28:37,617 [grpc-default-executor-11] WARN  server.GrpcLogAppender (LogUtils.java:warn(134)) - 928f26db-de41-4c85-b3d0-1197049d8d00->f1e02cbd-f391-4fd8-b388-c076d48374d7: Failed appendEntries: org.apache.ratis.thirdparty.io.grpc.StatusRuntimeException: UNAVAILABLE: Channel shutdownNow invoked
2019-08-22 09:28:37,618 [grpc-default-executor-10] WARN  server.GrpcServerProtocolService (LogUtils.java:warn(134)) - f1e02cbd-f391-4fd8-b388-c076d48374d7: appendEntries onError: org.apache.ratis.thirdparty.io.grpc.StatusRuntimeException: CANCELLED: cancelled before receiving half close
2019-08-22 09:28:37,618 [grpc-default-executor-6] INFO  server.GrpcLogAppender (GrpcLogAppender.java:onCompleted(292)) - 95ce97c6-e6af-4640-b6f2-079eca5e157b->909bb822-8e17-41f4-9059-fc5d171ea46d: follower responses appendEntries COMPLETED
2019-08-22 09:28:37,618 [grpc-default-executor-11] INFO  impl.FollowerInfo (FollowerInfo.java:lambda$new$0(50)) - 928f26db-de41-4c85-b3d0-1197049d8d00->f1e02cbd-f391-4fd8-b388-c076d48374d7: nextIndex: updateUnconditionally 5 -> 4
2019-08-22 09:28:37,618 [grpc-default-executor-6] INFO  impl.FollowerInfo (FollowerInfo.java:lambda$new$0(50)) - 95ce97c6-e6af-4640-b6f2-079eca5e157b->909bb822-8e17-41f4-9059-fc5d171ea46d: nextIndex: updateUnconditionally 17 -> 16
2019-08-22 09:28:37,630 [StateMachineUpdater:95ce97c6-e6af-4640-b6f2-079eca5e157b:group-713CD145619D] INFO  ratis.ContainerStateMachine (ContainerStateMachine.java:takeSnapshot(294)) - group-713CD145619D: Finished taking a snapshot at:(t:1, i:15) file:/workdir/hadoop-ozone/integration-test/target/test-dir/MiniOzoneClusterImpl-2e6e0ec1-3320-47b2-b0b8-5188264ac38e/datanode-4/data/ratis/5e53caaf-fbcb-4322-ac80-713cd145619d/sm/snapshot.1_15 time:16
2019-08-22 09:28:37,630 [StateMachineUpdater:928f26db-de41-4c85-b3d0-1197049d8d00:group-987FF9BACDAF] INFO  ratis.ContainerStateMachine (ContainerStateMachine.java:takeSnapshot(294)) - group-987FF9BACDAF: Finished taking a snapshot at:(t:2, i:14) file:/workdir/hadoop-ozone/integration-test/target/test-dir/MiniOzoneClusterImpl-2e6e0ec1-3320-47b2-b0b8-5188264ac38e/datanode-1/data/ratis/9d64e6f2-dc3c-46ab-a93b-987ff9bacdaf/sm/snapshot.2_14 time:14
2019-08-22 09:28:37,630 [StateMachineUpdater:95ce97c6-e6af-4640-b6f2-079eca5e157b:group-713CD145619D] INFO  impl.StateMachineUpdater (StateMachineUpdater.java:takeSnapshot(242)) - StateMachineUpdater:95ce97c6-e6af-4640-b6f2-079eca5e157b:group-713CD145619D: Took a snapshot at index 15
2019-08-22 09:28:37,630 [StateMachineUpdater:928f26db-de41-4c85-b3d0-1197049d8d00:group-987FF9BACDAF] INFO  impl.StateMachineUpdater (StateMachineUpdater.java:takeSnapshot(242)) - StateMachineUpdater:928f26db-de41-4c85-b3d0-1197049d8d00:group-987FF9BACDAF: Took a snapshot at index 14
2019-08-22 09:28:37,630 [StateMachineUpdater:95ce97c6-e6af-4640-b6f2-079eca5e157b:group-713CD145619D] INFO  impl.StateMachineUpdater (StateMachineUpdater.java:lambda$new$0(80)) - StateMachineUpdater:95ce97c6-e6af-4640-b6f2-079eca5e157b:group-713CD145619D: snapshotIndex: updateIncreasingly -1 -> 15
2019-08-22 09:28:37,630 [StateMachineUpdater:928f26db-de41-4c85-b3d0-1197049d8d00:group-987FF9BACDAF] INFO  impl.StateMachineUpdater (StateMachineUpdater.java:lambda$new$0(80)) - StateMachineUpdater:928f26db-de41-4c85-b3d0-1197049d8d00:group-987FF9BACDAF: snapshotIndex: updateIncreasingly -1 -> 14
2019-08-22 09:28:37,630 [main] INFO  impl.RaftServerImpl (ServerState.java:close(394)) - 95ce97c6-e6af-4640-b6f2-079eca5e157b:group-713CD145619D closes. The last applied log index is 16
2019-08-22 09:28:37,630 [ForkJoinPool.commonPool-worker-0] INFO  impl.RaftServerImpl (ServerState.java:close(394)) - 928f26db-de41-4c85-b3d0-1197049d8d00:group-987FF9BACDAF closes. The last applied log index is 18
2019-08-22 09:28:37,631 [95ce97c6-e6af-4640-b6f2-079eca5e157b-SegmentedRaftLogWorker:Storage Directory /workdir/hadoop-ozone/integration-test/target/test-dir/MiniOzoneClusterImpl-2e6e0ec1-3320-47b2-b0b8-5188264ac38e/datanode-4/data/ratis/5e53caaf-fbcb-4322-ac80-713cd145619d] INFO  segmented.SegmentedRaftLogWorker (SegmentedRaftLogWorker.java:run(313)) - 95ce97c6-e6af-4640-b6f2-079eca5e157b-SegmentedRaftLogWorker:Storage Directory /workdir/hadoop-ozone/integration-test/target/test-dir/MiniOzoneClusterImpl-2e6e0ec1-3320-47b2-b0b8-5188264ac38e/datanode-4/data/ratis/5e53caaf-fbcb-4322-ac80-713cd145619d was interrupted, exiting. There are 0 tasks remaining in the queue.
2019-08-22 09:28:37,631 [928f26db-de41-4c85-b3d0-1197049d8d00-SegmentedRaftLogWorker:Storage Directory /workdir/hadoop-ozone/integration-test/target/test-dir/MiniOzoneClusterImpl-2e6e0ec1-3320-47b2-b0b8-5188264ac38e/datanode-1/data/ratis/9d64e6f2-dc3c-46ab-a93b-987ff9bacdaf] INFO  segmented.SegmentedRaftLogWorker (SegmentedRaftLogWorker.java:run(313)) - 928f26db-de41-4c85-b3d0-1197049d8d00-SegmentedRaftLogWorker:Storage Directory /workdir/hadoop-ozone/integration-test/target/test-dir/MiniOzoneClusterImpl-2e6e0ec1-3320-47b2-b0b8-5188264ac38e/datanode-1/data/ratis/9d64e6f2-dc3c-46ab-a93b-987ff9bacdaf was interrupted, exiting. There are 0 tasks remaining in the queue.
2019-08-22 09:28:37,634 [main] INFO  segmented.SegmentedRaftLogWorker (SegmentedRaftLogWorker.java:close(228)) - 95ce97c6-e6af-4640-b6f2-079eca5e157b-SegmentedRaftLogWorker:Storage Directory /workdir/hadoop-ozone/integration-test/target/test-dir/MiniOzoneClusterImpl-2e6e0ec1-3320-47b2-b0b8-5188264ac38e/datanode-4/data/ratis/5e53caaf-fbcb-4322-ac80-713cd145619d close()
2019-08-22 09:28:37,635 [ForkJoinPool.commonPool-worker-0] INFO  segmented.SegmentedRaftLogWorker (SegmentedRaftLogWorker.java:close(228)) - 928f26db-de41-4c85-b3d0-1197049d8d00-SegmentedRaftLogWorker:Storage Directory /workdir/hadoop-ozone/integration-test/target/test-dir/MiniOzoneClusterImpl-2e6e0ec1-3320-47b2-b0b8-5188264ac38e/datanode-1/data/ratis/9d64e6f2-dc3c-46ab-a93b-987ff9bacdaf close()
2019-08-22 09:28:37,638 [main] INFO  impl.RaftServerImpl (RaftServerImpl.java:lambda$shutdown$3(245)) - 95ce97c6-e6af-4640-b6f2-079eca5e157b: shutdown group-EC8378861AC9
2019-08-22 09:28:37,640 [ForkJoinPool.commonPool-worker-0] INFO  impl.RaftServerImpl (RaftServerImpl.java:lambda$shutdown$3(245)) - 928f26db-de41-4c85-b3d0-1197049d8d00: shutdown group-B474A246811F
2019-08-22 09:28:37,641 [main] INFO  util.JmxRegister (JmxRegister.java:unregister(73)) - Successfully un-registered JMX Bean with object name Ratis:service=RaftServer,group=group-EC8378861AC9,id=95ce97c6-e6af-4640-b6f2-079eca5e157b
2019-08-22 09:28:37,641 [ForkJoinPool.commonPool-worker-0] INFO  util.JmxRegister (JmxRegister.java:unregister(73)) - Successfully un-registered JMX Bean with object name Ratis:service=RaftServer,group=group-B474A246811F,id=928f26db-de41-4c85-b3d0-1197049d8d00
2019-08-22 09:28:37,641 [main] INFO  impl.RoleInfo (RoleInfo.java:shutdownLeaderState(104)) - 95ce97c6-e6af-4640-b6f2-079eca5e157b: shutdown LeaderState
2019-08-22 09:28:37,641 [ForkJoinPool.commonPool-worker-0] INFO  impl.RoleInfo (RoleInfo.java:shutdownLeaderState(104)) - 928f26db-de41-4c85-b3d0-1197049d8d00: shutdown LeaderState
2019-08-22 09:28:37,642 [main] INFO  impl.PendingRequests (PendingRequests.java:sendNotLeaderResponses(202)) - 95ce97c6-e6af-4640-b6f2-079eca5e157b-PendingRequests: sendNotLeaderResponses
2019-08-22 09:28:37,645 [org.apache.ratis.server.impl.LogAppender$AppenderDaemon$$Lambda$520/880152856@4a34cfad] WARN  server.GrpcLogAppender (GrpcLogAppender.java:mayWait(143)) - GrpcLogAppender(928f26db-de41-4c85-b3d0-1197049d8d00->f1e02cbd-f391-4fd8-b388-c076d48374d7): Wait interrupted by java.lang.InterruptedException
2019-08-22 09:28:37,644 [org.apache.ratis.server.impl.LogAppender$AppenderDaemon$$Lambda$520/880152856@f36488f] WARN  server.GrpcLogAppender (GrpcLogAppender.java:mayWait(143)) - GrpcLogAppender(928f26db-de41-4c85-b3d0-1197049d8d00->75d72393-3020-4de0-a4ea-5e88f0c8cd61): Wait interrupted by java.lang.InterruptedException
2019-08-22 09:28:37,644 [ForkJoinPool.commonPool-worker-0] INFO  impl.PendingRequests (PendingRequests.java:sendNotLeaderResponses(202)) - 928f26db-de41-4c85-b3d0-1197049d8d00-PendingRequests: sendNotLeaderResponses
2019-08-22 09:28:37,645 [main] INFO  impl.StateMachineUpdater (StateMachineUpdater.java:stopAndJoin(115)) - StateMachineUpdater:95ce97c6-e6af-4640-b6f2-079eca5e157b:group-EC8378861AC9: set stopIndex = 0
2019-08-22 09:28:37,647 [ForkJoinPool.commonPool-worker-0] INFO  impl.StateMachineUpdater (StateMachineUpdater.java:stopAndJoin(115)) - StateMachineUpdater:928f26db-de41-4c85-b3d0-1197049d8d00:group-B474A246811F: set stopIndex = 4
2019-08-22 09:28:37,645 [grpc-default-executor-6] INFO  server.GrpcServerProtocolService (GrpcServerProtocolService.java:onCompleted(104)) - 75d72393-3020-4de0-a4ea-5e88f0c8cd61: appendEntries completed
2019-08-22 09:28:37,647 [StateMachineUpdater:928f26db-de41-4c85-b3d0-1197049d8d00:group-B474A246811F] INFO  ratis.ContainerStateMachine (ContainerStateMachine.java:takeSnapshot(283)) - group-B474A246811F: Taking a snapshot at:(t:2, i:4) file /workdir/hadoop-ozone/integration-test/target/test-dir/MiniOzoneClusterImpl-2e6e0ec1-3320-47b2-b0b8-5188264ac38e/datanode-1/data/ratis/6d5aee19-2f0d-4fb5-83f7-b474a246811f/sm/snapshot.2_4
2019-08-22 09:28:37,647 [main] INFO  impl.RaftServerImpl (ServerState.java:close(394)) - 95ce97c6-e6af-4640-b6f2-079eca5e157b:group-EC8378861AC9 closes. The last applied log index is 0
2019-08-22 09:28:37,648 [grpc-default-executor-6] INFO  server.GrpcLogAppender (GrpcLogAppender.java:onCompleted(292)) - 928f26db-de41-4c85-b3d0-1197049d8d00->75d72393-3020-4de0-a4ea-5e88f0c8cd61: follower responses appendEntries COMPLETED
2019-08-22 09:28:37,648 [95ce97c6-e6af-4640-b6f2-079eca5e157b-SegmentedRaftLogWorker:Storage Directory /workdir/hadoop-ozone/integration-test/target/test-dir/MiniOzoneClusterImpl-2e6e0ec1-3320-47b2-b0b8-5188264ac38e/datanode-4/data/ratis/bb0e424c-c75e-41d6-825e-ec8378861ac9] INFO  segmented.SegmentedRaftLogWorker (SegmentedRaftLogWorker.java:run(313)) - 95ce97c6-e6af-4640-b6f2-079eca5e157b-SegmentedRaftLogWorker:Storage Directory /workdir/hadoop-ozone/integration-test/target/test-dir/MiniOzoneClusterImpl-2e6e0ec1-3320-47b2-b0b8-5188264ac38e/datanode-4/data/ratis/bb0e424c-c75e-41d6-825e-ec8378861ac9 was interrupted, exiting. There are 0 tasks remaining in the queue.
2019-08-22 09:28:37,648 [grpc-default-executor-6] INFO  impl.FollowerInfo (FollowerInfo.java:lambda$new$0(50)) - 928f26db-de41-4c85-b3d0-1197049d8d00->75d72393-3020-4de0-a4ea-5e88f0c8cd61: nextIndex: updateUnconditionally 5 -> 4
2019-08-22 09:28:37,660 [main] INFO  segmented.SegmentedRaftLogWorker (SegmentedRaftLogWorker.java:close(228)) - 95ce97c6-e6af-4640-b6f2-079eca5e157b-SegmentedRaftLogWorker:Storage Directory /workdir/hadoop-ozone/integration-test/target/test-dir/MiniOzoneClusterImpl-2e6e0ec1-3320-47b2-b0b8-5188264ac38e/datanode-4/data/ratis/bb0e424c-c75e-41d6-825e-ec8378861ac9 close()
2019-08-22 09:28:37,664 [StateMachineUpdater:928f26db-de41-4c85-b3d0-1197049d8d00:group-B474A246811F] INFO  ratis.ContainerStateMachine (ContainerStateMachine.java:takeSnapshot(294)) - group-B474A246811F: Finished taking a snapshot at:(t:2, i:4) file:/workdir/hadoop-ozone/integration-test/target/test-dir/MiniOzoneClusterImpl-2e6e0ec1-3320-47b2-b0b8-5188264ac38e/datanode-1/data/ratis/6d5aee19-2f0d-4fb5-83f7-b474a246811f/sm/snapshot.2_4 time:17
2019-08-22 09:28:37,664 [main] INFO  server.GrpcService (GrpcService.java:closeImpl(155)) - 95ce97c6-e6af-4640-b6f2-079eca5e157b: shutdown server with port 44677 now
2019-08-22 09:28:37,664 [StateMachineUpdater:928f26db-de41-4c85-b3d0-1197049d8d00:group-B474A246811F] INFO  impl.StateMachineUpdater (StateMachineUpdater.java:takeSnapshot(242)) - StateMachineUpdater:928f26db-de41-4c85-b3d0-1197049d8d00:group-B474A246811F: Took a snapshot at index 4
2019-08-22 09:28:37,664 [StateMachineUpdater:928f26db-de41-4c85-b3d0-1197049d8d00:group-B474A246811F] INFO  impl.StateMachineUpdater (StateMachineUpdater.java:lambda$new$0(80)) - StateMachineUpdater:928f26db-de41-4c85-b3d0-1197049d8d00:group-B474A246811F: snapshotIndex: updateIncreasingly -1 -> 4
2019-08-22 09:28:37,665 [ForkJoinPool.commonPool-worker-0] INFO  impl.RaftServerImpl (ServerState.java:close(394)) - 928f26db-de41-4c85-b3d0-1197049d8d00:group-B474A246811F closes. The last applied log index is 4
2019-08-22 09:28:37,665 [main] INFO  server.GrpcService (GrpcService.java:closeImpl(163)) - 95ce97c6-e6af-4640-b6f2-079eca5e157b: shutdown server with port 44677 successfully
2019-08-22 09:28:37,665 [grpc-default-executor-11] WARN  client.GrpcClientProtocolService (LogUtils.java:warn(134)) - 1-UnorderedRequestStreamObserver1: onError: org.apache.ratis.thirdparty.io.grpc.StatusRuntimeException: CANCELLED: cancelled before receiving half close
2019-08-22 09:28:37,665 [928f26db-de41-4c85-b3d0-1197049d8d00-SegmentedRaftLogWorker:Storage Directory /workdir/hadoop-ozone/integration-test/target/test-dir/MiniOzoneClusterImpl-2e6e0ec1-3320-47b2-b0b8-5188264ac38e/datanode-1/data/ratis/6d5aee19-2f0d-4fb5-83f7-b474a246811f] INFO  segmented.SegmentedRaftLogWorker (SegmentedRaftLogWorker.java:run(313)) - 928f26db-de41-4c85-b3d0-1197049d8d00-SegmentedRaftLogWorker:Storage Directory /workdir/hadoop-ozone/integration-test/target/test-dir/MiniOzoneClusterImpl-2e6e0ec1-3320-47b2-b0b8-5188264ac38e/datanode-1/data/ratis/6d5aee19-2f0d-4fb5-83f7-b474a246811f was interrupted, exiting. There are 0 tasks remaining in the queue.
2019-08-22 09:28:37,667 [ForkJoinPool.commonPool-worker-0] INFO  segmented.SegmentedRaftLogWorker (SegmentedRaftLogWorker.java:close(228)) - 928f26db-de41-4c85-b3d0-1197049d8d00-SegmentedRaftLogWorker:Storage Directory /workdir/hadoop-ozone/integration-test/target/test-dir/MiniOzoneClusterImpl-2e6e0ec1-3320-47b2-b0b8-5188264ac38e/datanode-1/data/ratis/6d5aee19-2f0d-4fb5-83f7-b474a246811f close()
2019-08-22 09:28:37,670 [ForkJoinPool.commonPool-worker-0] INFO  impl.RaftServerImpl (RaftServerImpl.java:lambda$shutdown$3(245)) - 928f26db-de41-4c85-b3d0-1197049d8d00: shutdown group-837FAECAE1E1
2019-08-22 09:28:37,670 [ForkJoinPool.commonPool-worker-0] INFO  util.JmxRegister (JmxRegister.java:unregister(73)) - Successfully un-registered JMX Bean with object name Ratis:service=RaftServer,group=group-837FAECAE1E1,id=928f26db-de41-4c85-b3d0-1197049d8d00
2019-08-22 09:28:37,671 [ForkJoinPool.commonPool-worker-0] INFO  impl.RoleInfo (RoleInfo.java:shutdownLeaderState(104)) - 928f26db-de41-4c85-b3d0-1197049d8d00: shutdown LeaderState
2019-08-22 09:28:37,671 [ForkJoinPool.commonPool-worker-0] INFO  impl.PendingRequests (PendingRequests.java:sendNotLeaderResponses(202)) - 928f26db-de41-4c85-b3d0-1197049d8d00-PendingRequests: sendNotLeaderResponses
2019-08-22 09:28:37,671 [ForkJoinPool.commonPool-worker-0] INFO  impl.StateMachineUpdater (StateMachineUpdater.java:stopAndJoin(115)) - StateMachineUpdater:928f26db-de41-4c85-b3d0-1197049d8d00:group-837FAECAE1E1: set stopIndex = 0
2019-08-22 09:28:37,671 [ForkJoinPool.commonPool-worker-0] INFO  impl.RaftServerImpl (ServerState.java:close(394)) - 928f26db-de41-4c85-b3d0-1197049d8d00:group-837FAECAE1E1 closes. The last applied log index is 0
2019-08-22 09:28:37,672 [928f26db-de41-4c85-b3d0-1197049d8d00-SegmentedRaftLogWorker:Storage Directory /workdir/hadoop-ozone/integration-test/target/test-dir/MiniOzoneClusterImpl-2e6e0ec1-3320-47b2-b0b8-5188264ac38e/datanode-1/data/ratis/82f7ced3-763a-4a4b-83ad-837faecae1e1] INFO  segmented.SegmentedRaftLogWorker (SegmentedRaftLogWorker.java:run(313)) - 928f26db-de41-4c85-b3d0-1197049d8d00-SegmentedRaftLogWorker:Storage Directory /workdir/hadoop-ozone/integration-test/target/test-dir/MiniOzoneClusterImpl-2e6e0ec1-3320-47b2-b0b8-5188264ac38e/datanode-1/data/ratis/82f7ced3-763a-4a4b-83ad-837faecae1e1 was interrupted, exiting. There are 0 tasks remaining in the queue.
2019-08-22 09:28:37,673 [main] INFO  utils.BackgroundService (BackgroundService.java:shutdown(148)) - Shutting down service BlockDeletingService
2019-08-22 09:28:37,675 [ForkJoinPool.commonPool-worker-0] INFO  segmented.SegmentedRaftLogWorker (SegmentedRaftLogWorker.java:close(228)) - 928f26db-de41-4c85-b3d0-1197049d8d00-SegmentedRaftLogWorker:Storage Directory /workdir/hadoop-ozone/integration-test/target/test-dir/MiniOzoneClusterImpl-2e6e0ec1-3320-47b2-b0b8-5188264ac38e/datanode-1/data/ratis/82f7ced3-763a-4a4b-83ad-837faecae1e1 close()
2019-08-22 09:28:37,677 [ForkJoinPool.commonPool-worker-0] INFO  server.GrpcService (GrpcService.java:closeImpl(155)) - 928f26db-de41-4c85-b3d0-1197049d8d00: shutdown server with port 34973 now
2019-08-22 09:28:37,678 [refreshUsed-/workdir/hadoop-ozone/integration-test/target/test-dir/MiniOzoneClusterImpl-2e6e0ec1-3320-47b2-b0b8-5188264ac38e/datanode-4/data/containers] WARN  fs.CachingGetSpaceUsed (CachingGetSpaceUsed.java:run(183)) - Thread Interrupted waiting to refresh disk information: sleep interrupted
2019-08-22 09:28:37,678 [ForkJoinPool.commonPool-worker-0] INFO  server.GrpcService (GrpcService.java:closeImpl(163)) - 928f26db-de41-4c85-b3d0-1197049d8d00: shutdown server with port 34973 successfully
2019-08-22 09:28:37,680 [ForkJoinPool.commonPool-worker-0] INFO  utils.BackgroundService (BackgroundService.java:shutdown(148)) - Shutting down service BlockDeletingService
2019-08-22 09:28:37,681 [refreshUsed-/workdir/hadoop-ozone/integration-test/target/test-dir/MiniOzoneClusterImpl-2e6e0ec1-3320-47b2-b0b8-5188264ac38e/datanode-1/data/containers] WARN  fs.CachingGetSpaceUsed (CachingGetSpaceUsed.java:run(183)) - Thread Interrupted waiting to refresh disk information: sleep interrupted
2019-08-22 09:28:37,701 [ForkJoinPool.commonPool-worker-0] INFO  statemachine.DatanodeStateMachine (DatanodeStateMachine.java:stopDaemon(395)) - Ozone container server stopped.
2019-08-22 09:28:37,708 [ForkJoinPool.commonPool-worker-0] INFO  handler.ContextHandler (ContextHandler.java:doStop(910)) - Stopped o.e.j.w.WebAppContext@6be865c1{/,null,UNAVAILABLE}{/hddsDatanode}
2019-08-22 09:28:37,709 [main] INFO  statemachine.DatanodeStateMachine (DatanodeStateMachine.java:stopDaemon(395)) - Ozone container server stopped.
2019-08-22 09:28:37,710 [ForkJoinPool.commonPool-worker-0] INFO  server.AbstractConnector (AbstractConnector.java:doStop(318)) - Stopped ServerConnector@4c140b12{HTTP/1.1,[http/1.1]}{0.0.0.0:0}
2019-08-22 09:28:37,711 [ForkJoinPool.commonPool-worker-0] INFO  handler.ContextHandler (ContextHandler.java:doStop(910)) - Stopped o.e.j.s.ServletContextHandler@6cca70e3{/static,jar:file:/home/user/.m2/repository/org/apache/hadoop/hadoop-hdds-container-service/0.5.0-SNAPSHOT/hadoop-hdds-container-service-0.5.0-SNAPSHOT.jar!/webapps/static,UNAVAILABLE}
2019-08-22 09:28:37,713 [main] INFO  handler.ContextHandler (ContextHandler.java:doStop(910)) - Stopped o.e.j.w.WebAppContext@17c0d43c{/,null,UNAVAILABLE}{/hddsDatanode}
2019-08-22 09:28:37,713 [ForkJoinPool.commonPool-worker-0] INFO  handler.ContextHandler (ContextHandler.java:doStop(910)) - Stopped o.e.j.s.ServletContextHandler@308498a8{/logs,file:///workdir/hadoop-ozone/integration-test/target/log,UNAVAILABLE}
2019-08-22 09:28:37,713 [main] INFO  server.AbstractConnector (AbstractConnector.java:doStop(318)) - Stopped ServerConnector@77c8b276{HTTP/1.1,[http/1.1]}{0.0.0.0:0}
2019-08-22 09:28:37,713 [ForkJoinPool.commonPool-worker-0] INFO  datanode.ObjectStoreHandler (ObjectStoreHandler.java:close(155)) - Closing ObjectStoreHandler.
2019-08-22 09:28:37,714 [main] INFO  handler.ContextHandler (ContextHandler.java:doStop(910)) - Stopped o.e.j.s.ServletContextHandler@d35d84a{/static,jar:file:/home/user/.m2/repository/org/apache/hadoop/hadoop-hdds-container-service/0.5.0-SNAPSHOT/hadoop-hdds-container-service-0.5.0-SNAPSHOT.jar!/webapps/static,UNAVAILABLE}
2019-08-22 09:28:37,714 [main] INFO  handler.ContextHandler (ContextHandler.java:doStop(910)) - Stopped o.e.j.s.ServletContextHandler@30ae6721{/logs,file:///workdir/hadoop-ozone/integration-test/target/log,UNAVAILABLE}
2019-08-22 09:28:37,714 [ForkJoinPool.commonPool-worker-0] INFO  ozone.HddsDatanodeService (HddsDatanodeService.java:stop(451)) - Stopped plug-in org.apache.hadoop.ozone.web.OzoneHddsDatanodeService@1b5df8b7
2019-08-22 09:28:37,715 [main] INFO  datanode.ObjectStoreHandler (ObjectStoreHandler.java:close(155)) - Closing ObjectStoreHandler.
2019-08-22 09:28:37,715 [main] INFO  ozone.HddsDatanodeService (HddsDatanodeService.java:stop(451)) - Stopped plug-in org.apache.hadoop.ozone.web.OzoneHddsDatanodeService@5da08e9a
2019-08-22 09:28:37,949 [Datanode State Machine Thread - 0] INFO  statemachine.DatanodeStateMachine (DatanodeStateMachine.java:lambda$startDaemon$0(350)) - Ozone container server started.
2019-08-22 09:28:37,950 | INFO  | SCMAudit | user=jenkins1000 | ip=192.168.36.85 | op=SEND_HEARTBEAT {datanodeUUID=c63d63f4-e4a3-48b0-8e66-cfae5c1ce3a1, command=[commandType: closeContainerCommand closeContainerCommandProto { containerID: 2 pipelineID { id: "5e53caaf-fbcb-4322-ac80-713cd145619d" } cmdId: 2 force: false } ]} | ret=SUCCESS |  
2019-08-22 09:28:38,421 [Datanode State Machine Thread - 0] INFO  statemachine.DatanodeStateMachine (DatanodeStateMachine.java:lambda$startDaemon$0(350)) - Ozone container server started.
2019-08-22 09:28:38,423 | INFO  | SCMAudit | user=jenkins1000 | ip=192.168.36.85 | op=SEND_HEARTBEAT {datanodeUUID=75d72393-3020-4de0-a4ea-5e88f0c8cd61, command=[commandType: closeContainerCommand closeContainerCommandProto { containerID: 3 pipelineID { id: "6d5aee19-2f0d-4fb5-83f7-b474a246811f" } cmdId: 3 force: false } ]} | ret=SUCCESS |  
2019-08-22 09:28:38,950 | INFO  | SCMAudit | user=jenkins1000 | ip=192.168.36.85 | op=SEND_HEARTBEAT {datanodeUUID=c63d63f4-e4a3-48b0-8e66-cfae5c1ce3a1, command=[]} | ret=SUCCESS |  
2019-08-22 09:28:38,976 | INFO  | SCMAudit | user=jenkins1000 | ip=192.168.36.85 | op=SEND_HEARTBEAT {datanodeUUID=c63d63f4-e4a3-48b0-8e66-cfae5c1ce3a1, command=[]} | ret=SUCCESS |  
2019-08-22 09:28:39,424 | INFO  | SCMAudit | user=jenkins1000 | ip=192.168.36.85 | op=SEND_HEARTBEAT {datanodeUUID=75d72393-3020-4de0-a4ea-5e88f0c8cd61, command=[]} | ret=SUCCESS |  
2019-08-22 09:28:39,978 | INFO  | SCMAudit | user=jenkins1000 | ip=192.168.36.85 | op=SEND_HEARTBEAT {datanodeUUID=c63d63f4-e4a3-48b0-8e66-cfae5c1ce3a1, command=[]} | ret=SUCCESS |  
2019-08-22 09:28:40,424 | INFO  | SCMAudit | user=jenkins1000 | ip=192.168.36.85 | op=SEND_HEARTBEAT {datanodeUUID=75d72393-3020-4de0-a4ea-5e88f0c8cd61, command=[]} | ret=SUCCESS |  
2019-08-22 09:28:40,451 | INFO  | SCMAudit | user=jenkins1000 | ip=192.168.36.85 | op=SEND_HEARTBEAT {datanodeUUID=75d72393-3020-4de0-a4ea-5e88f0c8cd61, command=[]} | ret=SUCCESS |  
2019-08-22 09:28:40,977 | INFO  | SCMAudit | user=jenkins1000 | ip=192.168.36.85 | op=SEND_HEARTBEAT {datanodeUUID=c63d63f4-e4a3-48b0-8e66-cfae5c1ce3a1, command=[]} | ret=SUCCESS |  
2019-08-22 09:28:41,451 | INFO  | SCMAudit | user=jenkins1000 | ip=192.168.36.85 | op=SEND_HEARTBEAT {datanodeUUID=75d72393-3020-4de0-a4ea-5e88f0c8cd61, command=[]} | ret=SUCCESS |  
2019-08-22 09:28:41,978 | INFO  | SCMAudit | user=jenkins1000 | ip=192.168.36.85 | op=SEND_HEARTBEAT {datanodeUUID=c63d63f4-e4a3-48b0-8e66-cfae5c1ce3a1, command=[]} | ret=SUCCESS |  
2019-08-22 09:28:41,989 [EventQueue-StaleNodeForStaleNodeHandler] INFO  node.StaleNodeHandler (StaleNodeHandler.java:onMessage(58)) - Datanode 909bb822-8e17-41f4-9059-fc5d171ea46d{ip: 192.168.36.85, host: pr-hdds-1898-9jx57-4170240974, networkLocation: /default-rack, certSerialId: null} moved to stale state. Finalizing its pipelines [PipelineID=5e53caaf-fbcb-4322-ac80-713cd145619d, PipelineID=717ab6b3-ea83-49c7-bef8-18348f805356]
2019-08-22 09:28:41,989 [EventQueue-StaleNodeForStaleNodeHandler] INFO  pipeline.SCMPipelineManager (SCMPipelineManager.java:finalizeAndDestroyPipeline(309)) - destroying pipeline:Pipeline[ Id: 5e53caaf-fbcb-4322-ac80-713cd145619d, Nodes: 909bb822-8e17-41f4-9059-fc5d171ea46d{ip: 192.168.36.85, host: pr-hdds-1898-9jx57-4170240974, networkLocation: /default-rack, certSerialId: null}95ce97c6-e6af-4640-b6f2-079eca5e157b{ip: 192.168.36.85, host: pr-hdds-1898-9jx57-4170240974, networkLocation: /default-rack, certSerialId: null}c63d63f4-e4a3-48b0-8e66-cfae5c1ce3a1{ip: 192.168.36.85, host: pr-hdds-1898-9jx57-4170240974, networkLocation: /default-rack, certSerialId: null}, Type:RATIS, Factor:THREE, State:CLOSED]
2019-08-22 09:28:41,990 [EventQueue-StaleNodeForStaleNodeHandler] INFO  pipeline.SCMPipelineManager (SCMPipelineManager.java:finalizeAndDestroyPipeline(309)) - destroying pipeline:Pipeline[ Id: 717ab6b3-ea83-49c7-bef8-18348f805356, Nodes: 909bb822-8e17-41f4-9059-fc5d171ea46d{ip: 192.168.36.85, host: pr-hdds-1898-9jx57-4170240974, networkLocation: /default-rack, certSerialId: null}, Type:RATIS, Factor:ONE, State:OPEN]
2019-08-22 09:28:41,990 [EventQueue-StaleNodeForStaleNodeHandler] INFO  pipeline.PipelineStateManager (PipelineStateManager.java:finalizePipeline(123)) - Pipeline Pipeline[ Id: 717ab6b3-ea83-49c7-bef8-18348f805356, Nodes: 909bb822-8e17-41f4-9059-fc5d171ea46d{ip: 192.168.36.85, host: pr-hdds-1898-9jx57-4170240974, networkLocation: /default-rack, certSerialId: null}, Type:RATIS, Factor:ONE, State:CLOSED] moved to CLOSED state
2019-08-22 09:28:42,006 [Thread-3618] INFO  impl.FollowerState (FollowerState.java:run(106)) - f1e02cbd-f391-4fd8-b388-c076d48374d7:group-987FF9BACDAF changes to CANDIDATE, lastRpcTime:5363, electionTimeout:5025ms
2019-08-22 09:28:42,006 [Thread-3618] INFO  impl.RoleInfo (RoleInfo.java:shutdownFollowerState(121)) - f1e02cbd-f391-4fd8-b388-c076d48374d7: shutdown FollowerState
2019-08-22 09:28:42,006 [Thread-3618] INFO  impl.RaftServerImpl (RaftServerImpl.java:setRole(171)) - f1e02cbd-f391-4fd8-b388-c076d48374d7:group-987FF9BACDAF changes role from FOLLOWER to CANDIDATE at term 4 for changeToCandidate
2019-08-22 09:28:42,006 [Thread-3618] INFO  impl.RoleInfo (RoleInfo.java:updateAndGet(143)) - f1e02cbd-f391-4fd8-b388-c076d48374d7: start LeaderElection
2019-08-22 09:28:42,007 [f1e02cbd-f391-4fd8-b388-c076d48374d7:group-987FF9BACDAF:LeaderElection87] INFO  impl.RaftServerImpl (ServerState.java:setLeader(263)) - f1e02cbd-f391-4fd8-b388-c076d48374d7:group-987FF9BACDAF change Leader from 928f26db-de41-4c85-b3d0-1197049d8d00 to null at term 4 for initElection
2019-08-22 09:28:42,032 [f1e02cbd-f391-4fd8-b388-c076d48374d7:group-987FF9BACDAF:LeaderElection87] INFO  impl.LeaderElection (LeaderElection.java:askForVotes(181)) - f1e02cbd-f391-4fd8-b388-c076d48374d7:group-987FF9BACDAF:LeaderElection87: begin an election at term 5 for 17: [f1e02cbd-f391-4fd8-b388-c076d48374d7:192.168.36.85:38589, d8e1cfc5-e249-437a-bc24-3d460aa72825:192.168.36.85:41695, 928f26db-de41-4c85-b3d0-1197049d8d00:192.168.36.85:34973], old=null
2019-08-22 09:28:42,033 [f1e02cbd-f391-4fd8-b388-c076d48374d7:group-987FF9BACDAF:LeaderElection87] INFO  impl.LeaderElection (LogUtils.java:infoOrTrace(149)) - f1e02cbd-f391-4fd8-b388-c076d48374d7:group-987FF9BACDAF:LeaderElection87 got exception when requesting votes: {}
java.util.concurrent.ExecutionException: org.apache.ratis.thirdparty.io.grpc.StatusRuntimeException: UNAVAILABLE: io exception
	at java.util.concurrent.FutureTask.report(FutureTask.java:122)
	at java.util.concurrent.FutureTask.get(FutureTask.java:192)
	at org.apache.ratis.server.impl.LeaderElection.waitForResults(LeaderElection.java:262)
	at org.apache.ratis.server.impl.LeaderElection.askForVotes(LeaderElection.java:200)
	at org.apache.ratis.server.impl.LeaderElection.run(LeaderElection.java:130)
	at java.lang.Thread.run(Thread.java:748)
Caused by: org.apache.ratis.thirdparty.io.grpc.StatusRuntimeException: UNAVAILABLE: io exception
	at org.apache.ratis.thirdparty.io.grpc.stub.ClientCalls.toStatusRuntimeException(ClientCalls.java:233)
	at org.apache.ratis.thirdparty.io.grpc.stub.ClientCalls.getUnchecked(ClientCalls.java:214)
	at org.apache.ratis.thirdparty.io.grpc.stub.ClientCalls.blockingUnaryCall(ClientCalls.java:139)
	at org.apache.ratis.proto.grpc.RaftServerProtocolServiceGrpc$RaftServerProtocolServiceBlockingStub.requestVote(RaftServerProtocolServiceGrpc.java:265)
	at org.apache.ratis.grpc.server.GrpcServerProtocolClient.requestVote(GrpcServerProtocolClient.java:83)
	at org.apache.ratis.grpc.server.GrpcService.requestVote(GrpcService.java:195)
	at org.apache.ratis.server.impl.LeaderElection.lambda$submitRequests$1(LeaderElection.java:237)
	at java.util.concurrent.FutureTask.run(FutureTask.java:266)
	at java.util.concurrent.Executors$RunnableAdapter.call(Executors.java:511)
	at java.util.concurrent.FutureTask.run(FutureTask.java:266)
	at java.util.concurrent.ThreadPoolExecutor.runWorker(ThreadPoolExecutor.java:1149)
	at java.util.concurrent.ThreadPoolExecutor$Worker.run(ThreadPoolExecutor.java:624)
	... 1 more
Caused by: org.apache.ratis.thirdparty.io.netty.channel.AbstractChannel$AnnotatedConnectException: Connection refused: /192.168.36.85:41695
	at sun.nio.ch.SocketChannelImpl.checkConnect(Native Method)
	at sun.nio.ch.SocketChannelImpl.finishConnect(SocketChannelImpl.java:717)
	at org.apache.ratis.thirdparty.io.netty.channel.socket.nio.NioSocketChannel.doFinishConnect(NioSocketChannel.java:327)
	at org.apache.ratis.thirdparty.io.netty.channel.nio.AbstractNioChannel$AbstractNioUnsafe.finishConnect(AbstractNioChannel.java:340)
	at org.apache.ratis.thirdparty.io.netty.channel.nio.NioEventLoop.processSelectedKey(NioEventLoop.java:632)
	at org.apache.ratis.thirdparty.io.netty.channel.nio.NioEventLoop.processSelectedKeysOptimized(NioEventLoop.java:579)
	at org.apache.ratis.thirdparty.io.netty.channel.nio.NioEventLoop.processSelectedKeys(NioEventLoop.java:496)
	at org.apache.ratis.thirdparty.io.netty.channel.nio.NioEventLoop.run(NioEventLoop.java:458)
	at org.apache.ratis.thirdparty.io.netty.util.concurrent.SingleThreadEventExecutor$5.run(SingleThreadEventExecutor.java:897)
	at org.apache.ratis.thirdparty.io.netty.util.concurrent.FastThreadLocalRunnable.run(FastThreadLocalRunnable.java:30)
	... 1 more
Caused by: java.net.ConnectException: Connection refused
	... 11 more
2019-08-22 09:28:42,038 [f1e02cbd-f391-4fd8-b388-c076d48374d7:group-987FF9BACDAF:LeaderElection87] INFO  impl.LeaderElection (LogUtils.java:infoOrTrace(149)) - f1e02cbd-f391-4fd8-b388-c076d48374d7:group-987FF9BACDAF:LeaderElection87 got exception when requesting votes: {}
java.util.concurrent.ExecutionException: org.apache.ratis.thirdparty.io.grpc.StatusRuntimeException: UNAVAILABLE: io exception
	at java.util.concurrent.FutureTask.report(FutureTask.java:122)
	at java.util.concurrent.FutureTask.get(FutureTask.java:192)
	at org.apache.ratis.server.impl.LeaderElection.waitForResults(LeaderElection.java:262)
	at org.apache.ratis.server.impl.LeaderElection.askForVotes(LeaderElection.java:200)
	at org.apache.ratis.server.impl.LeaderElection.run(LeaderElection.java:130)
	at java.lang.Thread.run(Thread.java:748)
Caused by: org.apache.ratis.thirdparty.io.grpc.StatusRuntimeException: UNAVAILABLE: io exception
	at org.apache.ratis.thirdparty.io.grpc.stub.ClientCalls.toStatusRuntimeException(ClientCalls.java:233)
	at org.apache.ratis.thirdparty.io.grpc.stub.ClientCalls.getUnchecked(ClientCalls.java:214)
	at org.apache.ratis.thirdparty.io.grpc.stub.ClientCalls.blockingUnaryCall(ClientCalls.java:139)
	at org.apache.ratis.proto.grpc.RaftServerProtocolServiceGrpc$RaftServerProtocolServiceBlockingStub.requestVote(RaftServerProtocolServiceGrpc.java:265)
	at org.apache.ratis.grpc.server.GrpcServerProtocolClient.requestVote(GrpcServerProtocolClient.java:83)
	at org.apache.ratis.grpc.server.GrpcService.requestVote(GrpcService.java:195)
	at org.apache.ratis.server.impl.LeaderElection.lambda$submitRequests$1(LeaderElection.java:237)
	at java.util.concurrent.FutureTask.run(FutureTask.java:266)
	at java.util.concurrent.Executors$RunnableAdapter.call(Executors.java:511)
	at java.util.concurrent.FutureTask.run(FutureTask.java:266)
	at java.util.concurrent.ThreadPoolExecutor.runWorker(ThreadPoolExecutor.java:1149)
	at java.util.concurrent.ThreadPoolExecutor$Worker.run(ThreadPoolExecutor.java:624)
	... 1 more
Caused by: org.apache.ratis.thirdparty.io.netty.channel.AbstractChannel$AnnotatedConnectException: Connection refused: /192.168.36.85:34973
	at sun.nio.ch.SocketChannelImpl.checkConnect(Native Method)
	at sun.nio.ch.SocketChannelImpl.finishConnect(SocketChannelImpl.java:717)
	at org.apache.ratis.thirdparty.io.netty.channel.socket.nio.NioSocketChannel.doFinishConnect(NioSocketChannel.java:327)
	at org.apache.ratis.thirdparty.io.netty.channel.nio.AbstractNioChannel$AbstractNioUnsafe.finishConnect(AbstractNioChannel.java:340)
	at org.apache.ratis.thirdparty.io.netty.channel.nio.NioEventLoop.processSelectedKey(NioEventLoop.java:632)
	at org.apache.ratis.thirdparty.io.netty.channel.nio.NioEventLoop.processSelectedKeysOptimized(NioEventLoop.java:579)
	at org.apache.ratis.thirdparty.io.netty.channel.nio.NioEventLoop.processSelectedKeys(NioEventLoop.java:496)
	at org.apache.ratis.thirdparty.io.netty.channel.nio.NioEventLoop.run(NioEventLoop.java:458)
	at org.apache.ratis.thirdparty.io.netty.util.concurrent.SingleThreadEventExecutor$5.run(SingleThreadEventExecutor.java:897)
	at org.apache.ratis.thirdparty.io.netty.util.concurrent.FastThreadLocalRunnable.run(FastThreadLocalRunnable.java:30)
	... 1 more
Caused by: java.net.ConnectException: Connection refused
	... 11 more
2019-08-22 09:28:42,041 [f1e02cbd-f391-4fd8-b388-c076d48374d7:group-987FF9BACDAF:LeaderElection87] INFO  impl.LeaderElection (LeaderElection.java:logAndReturn(56)) - f1e02cbd-f391-4fd8-b388-c076d48374d7:group-987FF9BACDAF:LeaderElection87: Election REJECTED; received 0 response(s) [] and 2 exception(s); f1e02cbd-f391-4fd8-b388-c076d48374d7:t5, leader=null, voted=f1e02cbd-f391-4fd8-b388-c076d48374d7, raftlog=f1e02cbd-f391-4fd8-b388-c076d48374d7-SegmentedRaftLog:OPENED:c18,f18,i18, conf=17: [f1e02cbd-f391-4fd8-b388-c076d48374d7:192.168.36.85:38589, d8e1cfc5-e249-437a-bc24-3d460aa72825:192.168.36.85:41695, 928f26db-de41-4c85-b3d0-1197049d8d00:192.168.36.85:34973], old=null
2019-08-22 09:28:42,041 [f1e02cbd-f391-4fd8-b388-c076d48374d7:group-987FF9BACDAF:LeaderElection87] INFO  impl.LeaderElection (LogUtils.java:infoOrTrace(149)) -   Exception 0: {}
java.util.concurrent.ExecutionException: org.apache.ratis.thirdparty.io.grpc.StatusRuntimeException: UNAVAILABLE: io exception
	at java.util.concurrent.FutureTask.report(FutureTask.java:122)
	at java.util.concurrent.FutureTask.get(FutureTask.java:192)
	at org.apache.ratis.server.impl.LeaderElection.waitForResults(LeaderElection.java:262)
	at org.apache.ratis.server.impl.LeaderElection.askForVotes(LeaderElection.java:200)
	at org.apache.ratis.server.impl.LeaderElection.run(LeaderElection.java:130)
	at java.lang.Thread.run(Thread.java:748)
Caused by: org.apache.ratis.thirdparty.io.grpc.StatusRuntimeException: UNAVAILABLE: io exception
	at org.apache.ratis.thirdparty.io.grpc.stub.ClientCalls.toStatusRuntimeException(ClientCalls.java:233)
	at org.apache.ratis.thirdparty.io.grpc.stub.ClientCalls.getUnchecked(ClientCalls.java:214)
	at org.apache.ratis.thirdparty.io.grpc.stub.ClientCalls.blockingUnaryCall(ClientCalls.java:139)
	at org.apache.ratis.proto.grpc.RaftServerProtocolServiceGrpc$RaftServerProtocolServiceBlockingStub.requestVote(RaftServerProtocolServiceGrpc.java:265)
	at org.apache.ratis.grpc.server.GrpcServerProtocolClient.requestVote(GrpcServerProtocolClient.java:83)
	at org.apache.ratis.grpc.server.GrpcService.requestVote(GrpcService.java:195)
	at org.apache.ratis.server.impl.LeaderElection.lambda$submitRequests$1(LeaderElection.java:237)
	at java.util.concurrent.FutureTask.run(FutureTask.java:266)
	at java.util.concurrent.Executors$RunnableAdapter.call(Executors.java:511)
	at java.util.concurrent.FutureTask.run(FutureTask.java:266)
	at java.util.concurrent.ThreadPoolExecutor.runWorker(ThreadPoolExecutor.java:1149)
	at java.util.concurrent.ThreadPoolExecutor$Worker.run(ThreadPoolExecutor.java:624)
	... 1 more
Caused by: org.apache.ratis.thirdparty.io.netty.channel.AbstractChannel$AnnotatedConnectException: Connection refused: /192.168.36.85:41695
	at sun.nio.ch.SocketChannelImpl.checkConnect(Native Method)
	at sun.nio.ch.SocketChannelImpl.finishConnect(SocketChannelImpl.java:717)
	at org.apache.ratis.thirdparty.io.netty.channel.socket.nio.NioSocketChannel.doFinishConnect(NioSocketChannel.java:327)
	at org.apache.ratis.thirdparty.io.netty.channel.nio.AbstractNioChannel$AbstractNioUnsafe.finishConnect(AbstractNioChannel.java:340)
	at org.apache.ratis.thirdparty.io.netty.channel.nio.NioEventLoop.processSelectedKey(NioEventLoop.java:632)
	at org.apache.ratis.thirdparty.io.netty.channel.nio.NioEventLoop.processSelectedKeysOptimized(NioEventLoop.java:579)
	at org.apache.ratis.thirdparty.io.netty.channel.nio.NioEventLoop.processSelectedKeys(NioEventLoop.java:496)
	at org.apache.ratis.thirdparty.io.netty.channel.nio.NioEventLoop.run(NioEventLoop.java:458)
	at org.apache.ratis.thirdparty.io.netty.util.concurrent.SingleThreadEventExecutor$5.run(SingleThreadEventExecutor.java:897)
	at org.apache.ratis.thirdparty.io.netty.util.concurrent.FastThreadLocalRunnable.run(FastThreadLocalRunnable.java:30)
	... 1 more
Caused by: java.net.ConnectException: Connection refused
	... 11 more
2019-08-22 09:28:42,042 [f1e02cbd-f391-4fd8-b388-c076d48374d7:group-987FF9BACDAF:LeaderElection87] INFO  impl.LeaderElection (LogUtils.java:infoOrTrace(149)) -   Exception 1: {}
java.util.concurrent.ExecutionException: org.apache.ratis.thirdparty.io.grpc.StatusRuntimeException: UNAVAILABLE: io exception
	at java.util.concurrent.FutureTask.report(FutureTask.java:122)
	at java.util.concurrent.FutureTask.get(FutureTask.java:192)
	at org.apache.ratis.server.impl.LeaderElection.waitForResults(LeaderElection.java:262)
	at org.apache.ratis.server.impl.LeaderElection.askForVotes(LeaderElection.java:200)
	at org.apache.ratis.server.impl.LeaderElection.run(LeaderElection.java:130)
	at java.lang.Thread.run(Thread.java:748)
Caused by: org.apache.ratis.thirdparty.io.grpc.StatusRuntimeException: UNAVAILABLE: io exception
	at org.apache.ratis.thirdparty.io.grpc.stub.ClientCalls.toStatusRuntimeException(ClientCalls.java:233)
	at org.apache.ratis.thirdparty.io.grpc.stub.ClientCalls.getUnchecked(ClientCalls.java:214)
	at org.apache.ratis.thirdparty.io.grpc.stub.ClientCalls.blockingUnaryCall(ClientCalls.java:139)
	at org.apache.ratis.proto.grpc.RaftServerProtocolServiceGrpc$RaftServerProtocolServiceBlockingStub.requestVote(RaftServerProtocolServiceGrpc.java:265)
	at org.apache.ratis.grpc.server.GrpcServerProtocolClient.requestVote(GrpcServerProtocolClient.java:83)
	at org.apache.ratis.grpc.server.GrpcService.requestVote(GrpcService.java:195)
	at org.apache.ratis.server.impl.LeaderElection.lambda$submitRequests$1(LeaderElection.java:237)
	at java.util.concurrent.FutureTask.run(FutureTask.java:266)
	at java.util.concurrent.Executors$RunnableAdapter.call(Executors.java:511)
	at java.util.concurrent.FutureTask.run(FutureTask.java:266)
	at java.util.concurrent.ThreadPoolExecutor.runWorker(ThreadPoolExecutor.java:1149)
	at java.util.concurrent.ThreadPoolExecutor$Worker.run(ThreadPoolExecutor.java:624)
	... 1 more
Caused by: org.apache.ratis.thirdparty.io.netty.channel.AbstractChannel$AnnotatedConnectException: Connection refused: /192.168.36.85:34973
	at sun.nio.ch.SocketChannelImpl.checkConnect(Native Method)
	at sun.nio.ch.SocketChannelImpl.finishConnect(SocketChannelImpl.java:717)
	at org.apache.ratis.thirdparty.io.netty.channel.socket.nio.NioSocketChannel.doFinishConnect(NioSocketChannel.java:327)
	at org.apache.ratis.thirdparty.io.netty.channel.nio.AbstractNioChannel$AbstractNioUnsafe.finishConnect(AbstractNioChannel.java:340)
	at org.apache.ratis.thirdparty.io.netty.channel.nio.NioEventLoop.processSelectedKey(NioEventLoop.java:632)
	at org.apache.ratis.thirdparty.io.netty.channel.nio.NioEventLoop.processSelectedKeysOptimized(NioEventLoop.java:579)
	at org.apache.ratis.thirdparty.io.netty.channel.nio.NioEventLoop.processSelectedKeys(NioEventLoop.java:496)
	at org.apache.ratis.thirdparty.io.netty.channel.nio.NioEventLoop.run(NioEventLoop.java:458)
	at org.apache.ratis.thirdparty.io.netty.util.concurrent.SingleThreadEventExecutor$5.run(SingleThreadEventExecutor.java:897)
	at org.apache.ratis.thirdparty.io.netty.util.concurrent.FastThreadLocalRunnable.run(FastThreadLocalRunnable.java:30)
	... 1 more
Caused by: java.net.ConnectException: Connection refused
	... 11 more
2019-08-22 09:28:42,042 [f1e02cbd-f391-4fd8-b388-c076d48374d7:group-987FF9BACDAF:LeaderElection87] INFO  impl.RaftServerImpl (RaftServerImpl.java:setRole(171)) - f1e02cbd-f391-4fd8-b388-c076d48374d7:group-987FF9BACDAF changes role from CANDIDATE to FOLLOWER at term 5 for DISCOVERED_A_NEW_TERM
2019-08-22 09:28:42,042 [f1e02cbd-f391-4fd8-b388-c076d48374d7:group-987FF9BACDAF:LeaderElection87] INFO  impl.RoleInfo (RoleInfo.java:shutdownLeaderElection(134)) - f1e02cbd-f391-4fd8-b388-c076d48374d7: shutdown LeaderElection
2019-08-22 09:28:42,042 [f1e02cbd-f391-4fd8-b388-c076d48374d7:group-987FF9BACDAF:LeaderElection87] INFO  impl.RoleInfo (RoleInfo.java:updateAndGet(143)) - f1e02cbd-f391-4fd8-b388-c076d48374d7: start FollowerState
2019-08-22 09:28:42,451 | INFO  | SCMAudit | user=jenkins1000 | ip=192.168.36.85 | op=SEND_HEARTBEAT {datanodeUUID=75d72393-3020-4de0-a4ea-5e88f0c8cd61, command=[]} | ret=SUCCESS |  
2019-08-22 09:28:42,489 [EventQueue-StaleNodeForStaleNodeHandler] INFO  node.StaleNodeHandler (StaleNodeHandler.java:onMessage(58)) - Datanode f1e02cbd-f391-4fd8-b388-c076d48374d7{ip: 192.168.36.85, host: pr-hdds-1898-9jx57-4170240974, networkLocation: /default-rack, certSerialId: null} moved to stale state. Finalizing its pipelines [PipelineID=9d64e6f2-dc3c-46ab-a93b-987ff9bacdaf, PipelineID=6d5aee19-2f0d-4fb5-83f7-b474a246811f, PipelineID=c975f72c-b35f-4f0f-aec9-e29b846a43af]
2019-08-22 09:28:42,490 [EventQueue-StaleNodeForStaleNodeHandler] INFO  pipeline.SCMPipelineManager (SCMPipelineManager.java:finalizeAndDestroyPipeline(309)) - destroying pipeline:Pipeline[ Id: 9d64e6f2-dc3c-46ab-a93b-987ff9bacdaf, Nodes: d8e1cfc5-e249-437a-bc24-3d460aa72825{ip: 192.168.36.85, host: pr-hdds-1898-9jx57-4170240974, networkLocation: /default-rack, certSerialId: null}928f26db-de41-4c85-b3d0-1197049d8d00{ip: 192.168.36.85, host: pr-hdds-1898-9jx57-4170240974, networkLocation: /default-rack, certSerialId: null}f1e02cbd-f391-4fd8-b388-c076d48374d7{ip: 192.168.36.85, host: pr-hdds-1898-9jx57-4170240974, networkLocation: /default-rack, certSerialId: null}, Type:RATIS, Factor:THREE, State:CLOSED]
2019-08-22 09:28:42,490 [EventQueue-StaleNodeForStaleNodeHandler] INFO  pipeline.SCMPipelineManager (SCMPipelineManager.java:finalizeAndDestroyPipeline(309)) - destroying pipeline:Pipeline[ Id: 6d5aee19-2f0d-4fb5-83f7-b474a246811f, Nodes: 928f26db-de41-4c85-b3d0-1197049d8d00{ip: 192.168.36.85, host: pr-hdds-1898-9jx57-4170240974, networkLocation: /default-rack, certSerialId: null}f1e02cbd-f391-4fd8-b388-c076d48374d7{ip: 192.168.36.85, host: pr-hdds-1898-9jx57-4170240974, networkLocation: /default-rack, certSerialId: null}75d72393-3020-4de0-a4ea-5e88f0c8cd61{ip: 192.168.36.85, host: pr-hdds-1898-9jx57-4170240974, networkLocation: /default-rack, certSerialId: null}, Type:RATIS, Factor:THREE, State:CLOSED]
2019-08-22 09:28:42,490 [EventQueue-StaleNodeForStaleNodeHandler] INFO  pipeline.SCMPipelineManager (SCMPipelineManager.java:finalizeAndDestroyPipeline(309)) - destroying pipeline:Pipeline[ Id: c975f72c-b35f-4f0f-aec9-e29b846a43af, Nodes: f1e02cbd-f391-4fd8-b388-c076d48374d7{ip: 192.168.36.85, host: pr-hdds-1898-9jx57-4170240974, networkLocation: /default-rack, certSerialId: null}, Type:RATIS, Factor:ONE, State:OPEN]
2019-08-22 09:28:42,491 [EventQueue-StaleNodeForStaleNodeHandler] INFO  pipeline.PipelineStateManager (PipelineStateManager.java:finalizePipeline(123)) - Pipeline Pipeline[ Id: c975f72c-b35f-4f0f-aec9-e29b846a43af, Nodes: f1e02cbd-f391-4fd8-b388-c076d48374d7{ip: 192.168.36.85, host: pr-hdds-1898-9jx57-4170240974, networkLocation: /default-rack, certSerialId: null}, Type:RATIS, Factor:ONE, State:CLOSED] moved to CLOSED state
2019-08-22 09:28:42,715 [ForkJoinPool.commonPool-worker-0] INFO  ozoneimpl.OzoneContainer (OzoneContainer.java:stop(199)) - Attempting to stop container services.
2019-08-22 09:28:42,716 [main] INFO  ozoneimpl.OzoneContainer (OzoneContainer.java:stop(199)) - Attempting to stop container services.
2019-08-22 09:28:42,716 [ForkJoinPool.commonPool-worker-0] INFO  impl.RaftServerProxy (RaftServerProxy.java:lambda$close$4(314)) - f1e02cbd-f391-4fd8-b388-c076d48374d7: close
2019-08-22 09:28:42,717 [main] INFO  impl.RaftServerProxy (RaftServerProxy.java:lambda$close$4(314)) - 909bb822-8e17-41f4-9059-fc5d171ea46d: close
2019-08-22 09:28:42,717 [ForkJoinPool.commonPool-worker-0] INFO  impl.RaftServerImpl (RaftServerImpl.java:lambda$shutdown$3(245)) - f1e02cbd-f391-4fd8-b388-c076d48374d7: shutdown group-987FF9BACDAF
2019-08-22 09:28:42,717 [main] INFO  impl.RaftServerImpl (RaftServerImpl.java:lambda$shutdown$3(245)) - 909bb822-8e17-41f4-9059-fc5d171ea46d: shutdown group-713CD145619D
2019-08-22 09:28:42,718 [ForkJoinPool.commonPool-worker-0] INFO  util.JmxRegister (JmxRegister.java:unregister(73)) - Successfully un-registered JMX Bean with object name Ratis:service=RaftServer,group=group-987FF9BACDAF,id=f1e02cbd-f391-4fd8-b388-c076d48374d7
2019-08-22 09:28:42,718 [main] INFO  util.JmxRegister (JmxRegister.java:unregister(73)) - Successfully un-registered JMX Bean with object name Ratis:service=RaftServer,group=group-713CD145619D,id=909bb822-8e17-41f4-9059-fc5d171ea46d
2019-08-22 09:28:42,719 [ForkJoinPool.commonPool-worker-0] INFO  impl.RoleInfo (RoleInfo.java:shutdownFollowerState(121)) - f1e02cbd-f391-4fd8-b388-c076d48374d7: shutdown FollowerState
2019-08-22 09:28:42,719 [main] INFO  impl.RoleInfo (RoleInfo.java:shutdownFollowerState(121)) - 909bb822-8e17-41f4-9059-fc5d171ea46d: shutdown FollowerState
2019-08-22 09:28:42,720 [StateMachineUpdater:f1e02cbd-f391-4fd8-b388-c076d48374d7:group-987FF9BACDAF] INFO  ratis.ContainerStateMachine (ContainerStateMachine.java:takeSnapshot(283)) - group-987FF9BACDAF: Taking a snapshot at:(t:2, i:14) file /workdir/hadoop-ozone/integration-test/target/test-dir/MiniOzoneClusterImpl-2e6e0ec1-3320-47b2-b0b8-5188264ac38e/datanode-0/data/ratis/9d64e6f2-dc3c-46ab-a93b-987ff9bacdaf/sm/snapshot.2_14
2019-08-22 09:28:42,720 [Thread-3424] INFO  impl.FollowerState (FollowerState.java:run(114)) - 909bb822-8e17-41f4-9059-fc5d171ea46d: FollowerState was interrupted: java.lang.InterruptedException: sleep interrupted
2019-08-22 09:28:42,720 [Thread-3829] INFO  impl.FollowerState (FollowerState.java:run(114)) - f1e02cbd-f391-4fd8-b388-c076d48374d7: FollowerState was interrupted: java.lang.InterruptedException: sleep interrupted
2019-08-22 09:28:42,720 [ForkJoinPool.commonPool-worker-0] INFO  impl.StateMachineUpdater (StateMachineUpdater.java:stopAndJoin(115)) - StateMachineUpdater:f1e02cbd-f391-4fd8-b388-c076d48374d7:group-987FF9BACDAF: set stopIndex = 18
2019-08-22 09:28:42,720 [StateMachineUpdater:909bb822-8e17-41f4-9059-fc5d171ea46d:group-713CD145619D] INFO  ratis.ContainerStateMachine (ContainerStateMachine.java:takeSnapshot(283)) - group-713CD145619D: Taking a snapshot at:(t:1, i:16) file /workdir/hadoop-ozone/integration-test/target/test-dir/MiniOzoneClusterImpl-2e6e0ec1-3320-47b2-b0b8-5188264ac38e/datanode-3/data/ratis/5e53caaf-fbcb-4322-ac80-713cd145619d/sm/snapshot.1_16
2019-08-22 09:28:42,720 [main] INFO  impl.StateMachineUpdater (StateMachineUpdater.java:stopAndJoin(115)) - StateMachineUpdater:909bb822-8e17-41f4-9059-fc5d171ea46d:group-713CD145619D: set stopIndex = 16
2019-08-22 09:28:42,744 [StateMachineUpdater:909bb822-8e17-41f4-9059-fc5d171ea46d:group-713CD145619D] INFO  ratis.ContainerStateMachine (ContainerStateMachine.java:takeSnapshot(294)) - group-713CD145619D: Finished taking a snapshot at:(t:1, i:16) file:/workdir/hadoop-ozone/integration-test/target/test-dir/MiniOzoneClusterImpl-2e6e0ec1-3320-47b2-b0b8-5188264ac38e/datanode-3/data/ratis/5e53caaf-fbcb-4322-ac80-713cd145619d/sm/snapshot.1_16 time:24
2019-08-22 09:28:42,744 [StateMachineUpdater:909bb822-8e17-41f4-9059-fc5d171ea46d:group-713CD145619D] INFO  impl.StateMachineUpdater (StateMachineUpdater.java:takeSnapshot(242)) - StateMachineUpdater:909bb822-8e17-41f4-9059-fc5d171ea46d:group-713CD145619D: Took a snapshot at index 16
2019-08-22 09:28:42,744 [StateMachineUpdater:f1e02cbd-f391-4fd8-b388-c076d48374d7:group-987FF9BACDAF] INFO  ratis.ContainerStateMachine (ContainerStateMachine.java:takeSnapshot(294)) - group-987FF9BACDAF: Finished taking a snapshot at:(t:2, i:14) file:/workdir/hadoop-ozone/integration-test/target/test-dir/MiniOzoneClusterImpl-2e6e0ec1-3320-47b2-b0b8-5188264ac38e/datanode-0/data/ratis/9d64e6f2-dc3c-46ab-a93b-987ff9bacdaf/sm/snapshot.2_14 time:24
2019-08-22 09:28:42,744 [StateMachineUpdater:909bb822-8e17-41f4-9059-fc5d171ea46d:group-713CD145619D] INFO  impl.StateMachineUpdater (StateMachineUpdater.java:lambda$new$0(80)) - StateMachineUpdater:909bb822-8e17-41f4-9059-fc5d171ea46d:group-713CD145619D: snapshotIndex: updateIncreasingly -1 -> 16
2019-08-22 09:28:42,744 [StateMachineUpdater:f1e02cbd-f391-4fd8-b388-c076d48374d7:group-987FF9BACDAF] INFO  impl.StateMachineUpdater (StateMachineUpdater.java:takeSnapshot(242)) - StateMachineUpdater:f1e02cbd-f391-4fd8-b388-c076d48374d7:group-987FF9BACDAF: Took a snapshot at index 14
2019-08-22 09:28:42,744 [StateMachineUpdater:f1e02cbd-f391-4fd8-b388-c076d48374d7:group-987FF9BACDAF] INFO  impl.StateMachineUpdater (StateMachineUpdater.java:lambda$new$0(80)) - StateMachineUpdater:f1e02cbd-f391-4fd8-b388-c076d48374d7:group-987FF9BACDAF: snapshotIndex: updateIncreasingly -1 -> 14
2019-08-22 09:28:42,745 [main] INFO  impl.RaftServerImpl (ServerState.java:close(394)) - 909bb822-8e17-41f4-9059-fc5d171ea46d:group-713CD145619D closes. The last applied log index is 16
2019-08-22 09:28:42,745 [ForkJoinPool.commonPool-worker-0] INFO  impl.RaftServerImpl (ServerState.java:close(394)) - f1e02cbd-f391-4fd8-b388-c076d48374d7:group-987FF9BACDAF closes. The last applied log index is 18
2019-08-22 09:28:42,746 [909bb822-8e17-41f4-9059-fc5d171ea46d-SegmentedRaftLogWorker:Storage Directory /workdir/hadoop-ozone/integration-test/target/test-dir/MiniOzoneClusterImpl-2e6e0ec1-3320-47b2-b0b8-5188264ac38e/datanode-3/data/ratis/5e53caaf-fbcb-4322-ac80-713cd145619d] INFO  segmented.SegmentedRaftLogWorker (SegmentedRaftLogWorker.java:run(313)) - 909bb822-8e17-41f4-9059-fc5d171ea46d-SegmentedRaftLogWorker:Storage Directory /workdir/hadoop-ozone/integration-test/target/test-dir/MiniOzoneClusterImpl-2e6e0ec1-3320-47b2-b0b8-5188264ac38e/datanode-3/data/ratis/5e53caaf-fbcb-4322-ac80-713cd145619d was interrupted, exiting. There are 0 tasks remaining in the queue.
2019-08-22 09:28:42,746 [f1e02cbd-f391-4fd8-b388-c076d48374d7-SegmentedRaftLogWorker:Storage Directory /workdir/hadoop-ozone/integration-test/target/test-dir/MiniOzoneClusterImpl-2e6e0ec1-3320-47b2-b0b8-5188264ac38e/datanode-0/data/ratis/9d64e6f2-dc3c-46ab-a93b-987ff9bacdaf] INFO  segmented.SegmentedRaftLogWorker (SegmentedRaftLogWorker.java:run(313)) - f1e02cbd-f391-4fd8-b388-c076d48374d7-SegmentedRaftLogWorker:Storage Directory /workdir/hadoop-ozone/integration-test/target/test-dir/MiniOzoneClusterImpl-2e6e0ec1-3320-47b2-b0b8-5188264ac38e/datanode-0/data/ratis/9d64e6f2-dc3c-46ab-a93b-987ff9bacdaf was interrupted, exiting. There are 0 tasks remaining in the queue.
2019-08-22 09:28:42,750 [main] INFO  segmented.SegmentedRaftLogWorker (SegmentedRaftLogWorker.java:close(228)) - 909bb822-8e17-41f4-9059-fc5d171ea46d-SegmentedRaftLogWorker:Storage Directory /workdir/hadoop-ozone/integration-test/target/test-dir/MiniOzoneClusterImpl-2e6e0ec1-3320-47b2-b0b8-5188264ac38e/datanode-3/data/ratis/5e53caaf-fbcb-4322-ac80-713cd145619d close()
2019-08-22 09:28:42,750 [ForkJoinPool.commonPool-worker-0] INFO  segmented.SegmentedRaftLogWorker (SegmentedRaftLogWorker.java:close(228)) - f1e02cbd-f391-4fd8-b388-c076d48374d7-SegmentedRaftLogWorker:Storage Directory /workdir/hadoop-ozone/integration-test/target/test-dir/MiniOzoneClusterImpl-2e6e0ec1-3320-47b2-b0b8-5188264ac38e/datanode-0/data/ratis/9d64e6f2-dc3c-46ab-a93b-987ff9bacdaf close()
2019-08-22 09:28:42,755 [main] INFO  impl.RaftServerImpl (RaftServerImpl.java:lambda$shutdown$3(245)) - 909bb822-8e17-41f4-9059-fc5d171ea46d: shutdown group-18348F805356
2019-08-22 09:28:42,759 [ForkJoinPool.commonPool-worker-0] INFO  impl.RaftServerImpl (RaftServerImpl.java:lambda$shutdown$3(245)) - f1e02cbd-f391-4fd8-b388-c076d48374d7: shutdown group-B474A246811F
2019-08-22 09:28:42,759 [main] INFO  util.JmxRegister (JmxRegister.java:unregister(73)) - Successfully un-registered JMX Bean with object name Ratis:service=RaftServer,group=group-18348F805356,id=909bb822-8e17-41f4-9059-fc5d171ea46d
2019-08-22 09:28:42,759 [ForkJoinPool.commonPool-worker-0] INFO  util.JmxRegister (JmxRegister.java:unregister(73)) - Successfully un-registered JMX Bean with object name Ratis:service=RaftServer,group=group-B474A246811F,id=f1e02cbd-f391-4fd8-b388-c076d48374d7
2019-08-22 09:28:42,760 [main] INFO  impl.RoleInfo (RoleInfo.java:shutdownLeaderState(104)) - 909bb822-8e17-41f4-9059-fc5d171ea46d: shutdown LeaderState
2019-08-22 09:28:42,760 [ForkJoinPool.commonPool-worker-0] INFO  impl.RoleInfo (RoleInfo.java:shutdownFollowerState(121)) - f1e02cbd-f391-4fd8-b388-c076d48374d7: shutdown FollowerState
2019-08-22 09:28:42,761 [main] INFO  impl.PendingRequests (PendingRequests.java:sendNotLeaderResponses(202)) - 909bb822-8e17-41f4-9059-fc5d171ea46d-PendingRequests: sendNotLeaderResponses
2019-08-22 09:28:42,761 [Thread-3772] INFO  impl.FollowerState (FollowerState.java:run(114)) - f1e02cbd-f391-4fd8-b388-c076d48374d7: FollowerState was interrupted: java.lang.InterruptedException: sleep interrupted
2019-08-22 09:28:42,761 [StateMachineUpdater:f1e02cbd-f391-4fd8-b388-c076d48374d7:group-B474A246811F] INFO  ratis.ContainerStateMachine (ContainerStateMachine.java:takeSnapshot(283)) - group-B474A246811F: Taking a snapshot at:(t:2, i:3) file /workdir/hadoop-ozone/integration-test/target/test-dir/MiniOzoneClusterImpl-2e6e0ec1-3320-47b2-b0b8-5188264ac38e/datanode-0/data/ratis/6d5aee19-2f0d-4fb5-83f7-b474a246811f/sm/snapshot.2_3
2019-08-22 09:28:42,761 [ForkJoinPool.commonPool-worker-0] INFO  impl.StateMachineUpdater (StateMachineUpdater.java:stopAndJoin(115)) - StateMachineUpdater:f1e02cbd-f391-4fd8-b388-c076d48374d7:group-B474A246811F: set stopIndex = 4
2019-08-22 09:28:42,762 [main] INFO  impl.StateMachineUpdater (StateMachineUpdater.java:stopAndJoin(115)) - StateMachineUpdater:909bb822-8e17-41f4-9059-fc5d171ea46d:group-18348F805356: set stopIndex = 0
2019-08-22 09:28:42,765 [main] INFO  impl.RaftServerImpl (ServerState.java:close(394)) - 909bb822-8e17-41f4-9059-fc5d171ea46d:group-18348F805356 closes. The last applied log index is 0
2019-08-22 09:28:42,765 [909bb822-8e17-41f4-9059-fc5d171ea46d-SegmentedRaftLogWorker:Storage Directory /workdir/hadoop-ozone/integration-test/target/test-dir/MiniOzoneClusterImpl-2e6e0ec1-3320-47b2-b0b8-5188264ac38e/datanode-3/data/ratis/717ab6b3-ea83-49c7-bef8-18348f805356] INFO  segmented.SegmentedRaftLogWorker (SegmentedRaftLogWorker.java:run(313)) - 909bb822-8e17-41f4-9059-fc5d171ea46d-SegmentedRaftLogWorker:Storage Directory /workdir/hadoop-ozone/integration-test/target/test-dir/MiniOzoneClusterImpl-2e6e0ec1-3320-47b2-b0b8-5188264ac38e/datanode-3/data/ratis/717ab6b3-ea83-49c7-bef8-18348f805356 was interrupted, exiting. There are 0 tasks remaining in the queue.
2019-08-22 09:28:42,786 [main] INFO  segmented.SegmentedRaftLogWorker (SegmentedRaftLogWorker.java:close(228)) - 909bb822-8e17-41f4-9059-fc5d171ea46d-SegmentedRaftLogWorker:Storage Directory /workdir/hadoop-ozone/integration-test/target/test-dir/MiniOzoneClusterImpl-2e6e0ec1-3320-47b2-b0b8-5188264ac38e/datanode-3/data/ratis/717ab6b3-ea83-49c7-bef8-18348f805356 close()
2019-08-22 09:28:42,787 [StateMachineUpdater:f1e02cbd-f391-4fd8-b388-c076d48374d7:group-B474A246811F] INFO  ratis.ContainerStateMachine (ContainerStateMachine.java:takeSnapshot(294)) - group-B474A246811F: Finished taking a snapshot at:(t:2, i:3) file:/workdir/hadoop-ozone/integration-test/target/test-dir/MiniOzoneClusterImpl-2e6e0ec1-3320-47b2-b0b8-5188264ac38e/datanode-0/data/ratis/6d5aee19-2f0d-4fb5-83f7-b474a246811f/sm/snapshot.2_3 time:26
2019-08-22 09:28:42,791 [StateMachineUpdater:f1e02cbd-f391-4fd8-b388-c076d48374d7:group-B474A246811F] INFO  impl.StateMachineUpdater (StateMachineUpdater.java:takeSnapshot(242)) - StateMachineUpdater:f1e02cbd-f391-4fd8-b388-c076d48374d7:group-B474A246811F: Took a snapshot at index 3
2019-08-22 09:28:42,792 [main] INFO  server.GrpcService (GrpcService.java:closeImpl(155)) - 909bb822-8e17-41f4-9059-fc5d171ea46d: shutdown server with port 38020 now
2019-08-22 09:28:42,792 [StateMachineUpdater:f1e02cbd-f391-4fd8-b388-c076d48374d7:group-B474A246811F] INFO  impl.StateMachineUpdater (StateMachineUpdater.java:lambda$new$0(80)) - StateMachineUpdater:f1e02cbd-f391-4fd8-b388-c076d48374d7:group-B474A246811F: snapshotIndex: updateIncreasingly -1 -> 3
2019-08-22 09:28:42,793 [main] INFO  server.GrpcService (GrpcService.java:closeImpl(163)) - 909bb822-8e17-41f4-9059-fc5d171ea46d: shutdown server with port 38020 successfully
2019-08-22 09:28:42,793 [ForkJoinPool.commonPool-worker-0] INFO  impl.RaftServerImpl (ServerState.java:close(394)) - f1e02cbd-f391-4fd8-b388-c076d48374d7:group-B474A246811F closes. The last applied log index is 4
2019-08-22 09:28:42,794 [f1e02cbd-f391-4fd8-b388-c076d48374d7-SegmentedRaftLogWorker:Storage Directory /workdir/hadoop-ozone/integration-test/target/test-dir/MiniOzoneClusterImpl-2e6e0ec1-3320-47b2-b0b8-5188264ac38e/datanode-0/data/ratis/6d5aee19-2f0d-4fb5-83f7-b474a246811f] INFO  segmented.SegmentedRaftLogWorker (SegmentedRaftLogWorker.java:run(313)) - f1e02cbd-f391-4fd8-b388-c076d48374d7-SegmentedRaftLogWorker:Storage Directory /workdir/hadoop-ozone/integration-test/target/test-dir/MiniOzoneClusterImpl-2e6e0ec1-3320-47b2-b0b8-5188264ac38e/datanode-0/data/ratis/6d5aee19-2f0d-4fb5-83f7-b474a246811f was interrupted, exiting. There are 0 tasks remaining in the queue.
2019-08-22 09:28:42,794 [ForkJoinPool.commonPool-worker-0] INFO  segmented.SegmentedRaftLogWorker (SegmentedRaftLogWorker.java:close(228)) - f1e02cbd-f391-4fd8-b388-c076d48374d7-SegmentedRaftLogWorker:Storage Directory /workdir/hadoop-ozone/integration-test/target/test-dir/MiniOzoneClusterImpl-2e6e0ec1-3320-47b2-b0b8-5188264ac38e/datanode-0/data/ratis/6d5aee19-2f0d-4fb5-83f7-b474a246811f close()
2019-08-22 09:28:42,797 [main] INFO  utils.BackgroundService (BackgroundService.java:shutdown(148)) - Shutting down service BlockDeletingService
2019-08-22 09:28:42,797 [ForkJoinPool.commonPool-worker-0] INFO  impl.RaftServerImpl (RaftServerImpl.java:lambda$shutdown$3(245)) - f1e02cbd-f391-4fd8-b388-c076d48374d7: shutdown group-E29B846A43AF
2019-08-22 09:28:42,801 [ForkJoinPool.commonPool-worker-0] INFO  util.JmxRegister (JmxRegister.java:unregister(73)) - Successfully un-registered JMX Bean with object name Ratis:service=RaftServer,group=group-E29B846A43AF,id=f1e02cbd-f391-4fd8-b388-c076d48374d7
2019-08-22 09:28:42,801 [ForkJoinPool.commonPool-worker-0] INFO  impl.RoleInfo (RoleInfo.java:shutdownLeaderState(104)) - f1e02cbd-f391-4fd8-b388-c076d48374d7: shutdown LeaderState
2019-08-22 09:28:42,802 [refreshUsed-/workdir/hadoop-ozone/integration-test/target/test-dir/MiniOzoneClusterImpl-2e6e0ec1-3320-47b2-b0b8-5188264ac38e/datanode-3/data/containers] WARN  fs.CachingGetSpaceUsed (CachingGetSpaceUsed.java:run(183)) - Thread Interrupted waiting to refresh disk information: sleep interrupted
2019-08-22 09:28:42,802 [ForkJoinPool.commonPool-worker-0] INFO  impl.PendingRequests (PendingRequests.java:sendNotLeaderResponses(202)) - f1e02cbd-f391-4fd8-b388-c076d48374d7-PendingRequests: sendNotLeaderResponses
2019-08-22 09:28:42,803 [ForkJoinPool.commonPool-worker-0] INFO  impl.StateMachineUpdater (StateMachineUpdater.java:stopAndJoin(115)) - StateMachineUpdater:f1e02cbd-f391-4fd8-b388-c076d48374d7:group-E29B846A43AF: set stopIndex = 0
2019-08-22 09:28:42,803 [ForkJoinPool.commonPool-worker-0] INFO  impl.RaftServerImpl (ServerState.java:close(394)) - f1e02cbd-f391-4fd8-b388-c076d48374d7:group-E29B846A43AF closes. The last applied log index is 0
2019-08-22 09:28:42,803 [f1e02cbd-f391-4fd8-b388-c076d48374d7-SegmentedRaftLogWorker:Storage Directory /workdir/hadoop-ozone/integration-test/target/test-dir/MiniOzoneClusterImpl-2e6e0ec1-3320-47b2-b0b8-5188264ac38e/datanode-0/data/ratis/c975f72c-b35f-4f0f-aec9-e29b846a43af] INFO  segmented.SegmentedRaftLogWorker (SegmentedRaftLogWorker.java:run(313)) - f1e02cbd-f391-4fd8-b388-c076d48374d7-SegmentedRaftLogWorker:Storage Directory /workdir/hadoop-ozone/integration-test/target/test-dir/MiniOzoneClusterImpl-2e6e0ec1-3320-47b2-b0b8-5188264ac38e/datanode-0/data/ratis/c975f72c-b35f-4f0f-aec9-e29b846a43af was interrupted, exiting. There are 0 tasks remaining in the queue.
2019-08-22 09:28:42,804 [ForkJoinPool.commonPool-worker-0] INFO  segmented.SegmentedRaftLogWorker (SegmentedRaftLogWorker.java:close(228)) - f1e02cbd-f391-4fd8-b388-c076d48374d7-SegmentedRaftLogWorker:Storage Directory /workdir/hadoop-ozone/integration-test/target/test-dir/MiniOzoneClusterImpl-2e6e0ec1-3320-47b2-b0b8-5188264ac38e/datanode-0/data/ratis/c975f72c-b35f-4f0f-aec9-e29b846a43af close()
2019-08-22 09:28:42,806 [ForkJoinPool.commonPool-worker-0] INFO  server.GrpcService (GrpcService.java:closeImpl(155)) - f1e02cbd-f391-4fd8-b388-c076d48374d7: shutdown server with port 38589 now
2019-08-22 09:28:42,807 [ForkJoinPool.commonPool-worker-0] INFO  server.GrpcService (GrpcService.java:closeImpl(163)) - f1e02cbd-f391-4fd8-b388-c076d48374d7: shutdown server with port 38589 successfully
2019-08-22 09:28:42,811 [ForkJoinPool.commonPool-worker-0] INFO  utils.BackgroundService (BackgroundService.java:shutdown(148)) - Shutting down service BlockDeletingService
2019-08-22 09:28:42,813 [refreshUsed-/workdir/hadoop-ozone/integration-test/target/test-dir/MiniOzoneClusterImpl-2e6e0ec1-3320-47b2-b0b8-5188264ac38e/datanode-0/data/containers] WARN  fs.CachingGetSpaceUsed (CachingGetSpaceUsed.java:run(183)) - Thread Interrupted waiting to refresh disk information: sleep interrupted
2019-08-22 09:28:42,829 [main] INFO  statemachine.DatanodeStateMachine (DatanodeStateMachine.java:stopDaemon(395)) - Ozone container server stopped.
2019-08-22 09:28:42,831 [main] INFO  handler.ContextHandler (ContextHandler.java:doStop(910)) - Stopped o.e.j.w.WebAppContext@2b08f55a{/,null,UNAVAILABLE}{/hddsDatanode}
2019-08-22 09:28:42,837 [ForkJoinPool.commonPool-worker-0] INFO  statemachine.DatanodeStateMachine (DatanodeStateMachine.java:stopDaemon(395)) - Ozone container server stopped.
2019-08-22 09:28:42,837 [main] INFO  server.AbstractConnector (AbstractConnector.java:doStop(318)) - Stopped ServerConnector@67b5da40{HTTP/1.1,[http/1.1]}{0.0.0.0:0}
2019-08-22 09:28:42,840 [main] INFO  handler.ContextHandler (ContextHandler.java:doStop(910)) - Stopped o.e.j.s.ServletContextHandler@19544627{/static,jar:file:/home/user/.m2/repository/org/apache/hadoop/hadoop-hdds-container-service/0.5.0-SNAPSHOT/hadoop-hdds-container-service-0.5.0-SNAPSHOT.jar!/webapps/static,UNAVAILABLE}
2019-08-22 09:28:42,842 [ForkJoinPool.commonPool-worker-0] INFO  handler.ContextHandler (ContextHandler.java:doStop(910)) - Stopped o.e.j.w.WebAppContext@73624529{/,null,UNAVAILABLE}{/hddsDatanode}
2019-08-22 09:28:42,843 [main] INFO  handler.ContextHandler (ContextHandler.java:doStop(910)) - Stopped o.e.j.s.ServletContextHandler@415c5469{/logs,file:///workdir/hadoop-ozone/integration-test/target/log,UNAVAILABLE}
2019-08-22 09:28:42,843 [ForkJoinPool.commonPool-worker-0] INFO  server.AbstractConnector (AbstractConnector.java:doStop(318)) - Stopped ServerConnector@31e1c7c{HTTP/1.1,[http/1.1]}{0.0.0.0:0}
2019-08-22 09:28:42,846 [ForkJoinPool.commonPool-worker-0] INFO  handler.ContextHandler (ContextHandler.java:doStop(910)) - Stopped o.e.j.s.ServletContextHandler@487f025{/static,jar:file:/home/user/.m2/repository/org/apache/hadoop/hadoop-hdds-container-service/0.5.0-SNAPSHOT/hadoop-hdds-container-service-0.5.0-SNAPSHOT.jar!/webapps/static,UNAVAILABLE}
2019-08-22 09:28:42,846 [main] INFO  datanode.ObjectStoreHandler (ObjectStoreHandler.java:close(155)) - Closing ObjectStoreHandler.
2019-08-22 09:28:42,848 [ForkJoinPool.commonPool-worker-0] INFO  handler.ContextHandler (ContextHandler.java:doStop(910)) - Stopped o.e.j.s.ServletContextHandler@64547a83{/logs,file:///workdir/hadoop-ozone/integration-test/target/log,UNAVAILABLE}
2019-08-22 09:28:42,849 [main] INFO  ozone.HddsDatanodeService (HddsDatanodeService.java:stop(451)) - Stopped plug-in org.apache.hadoop.ozone.web.OzoneHddsDatanodeService@1a91d15f
2019-08-22 09:28:42,849 [ForkJoinPool.commonPool-worker-0] INFO  datanode.ObjectStoreHandler (ObjectStoreHandler.java:close(155)) - Closing ObjectStoreHandler.
2019-08-22 09:28:42,850 [ForkJoinPool.commonPool-worker-0] INFO  ozone.HddsDatanodeService (HddsDatanodeService.java:stop(451)) - Stopped plug-in org.apache.hadoop.ozone.web.OzoneHddsDatanodeService@7b6d88d1
2019-08-22 09:28:42,977 [Datanode State Machine Thread - 0] INFO  statemachine.DatanodeStateMachine (DatanodeStateMachine.java:lambda$startDaemon$0(350)) - Ozone container server started.
2019-08-22 09:28:43,450 [Datanode State Machine Thread - 0] INFO  statemachine.DatanodeStateMachine (DatanodeStateMachine.java:lambda$startDaemon$0(350)) - Ozone container server started.
2019-08-22 09:28:43,616 [Thread-3423] INFO  impl.FollowerState (FollowerState.java:run(106)) - c63d63f4-e4a3-48b0-8e66-cfae5c1ce3a1:group-713CD145619D changes to CANDIDATE, lastRpcTime:7850, electionTimeout:5027ms
2019-08-22 09:28:43,617 [Thread-3423] INFO  impl.RoleInfo (RoleInfo.java:shutdownFollowerState(121)) - c63d63f4-e4a3-48b0-8e66-cfae5c1ce3a1: shutdown FollowerState
2019-08-22 09:28:43,617 [Thread-3423] INFO  impl.RaftServerImpl (RaftServerImpl.java:setRole(171)) - c63d63f4-e4a3-48b0-8e66-cfae5c1ce3a1:group-713CD145619D changes role from FOLLOWER to CANDIDATE at term 1 for changeToCandidate
2019-08-22 09:28:43,617 [Thread-3423] INFO  impl.RoleInfo (RoleInfo.java:updateAndGet(143)) - c63d63f4-e4a3-48b0-8e66-cfae5c1ce3a1: start LeaderElection
2019-08-22 09:28:43,618 [c63d63f4-e4a3-48b0-8e66-cfae5c1ce3a1:group-713CD145619D:LeaderElection88] INFO  impl.RaftServerImpl (ServerState.java:setLeader(263)) - c63d63f4-e4a3-48b0-8e66-cfae5c1ce3a1:group-713CD145619D change Leader from 95ce97c6-e6af-4640-b6f2-079eca5e157b to null at term 1 for initElection
2019-08-22 09:28:43,642 [c63d63f4-e4a3-48b0-8e66-cfae5c1ce3a1:group-713CD145619D:LeaderElection88] INFO  impl.LeaderElection (LeaderElection.java:askForVotes(181)) - c63d63f4-e4a3-48b0-8e66-cfae5c1ce3a1:group-713CD145619D:LeaderElection88: begin an election at term 2 for 0: [909bb822-8e17-41f4-9059-fc5d171ea46d:192.168.36.85:38020, c63d63f4-e4a3-48b0-8e66-cfae5c1ce3a1:192.168.36.85:38743, 95ce97c6-e6af-4640-b6f2-079eca5e157b:192.168.36.85:44677], old=null
2019-08-22 09:28:43,647 [c63d63f4-e4a3-48b0-8e66-cfae5c1ce3a1:group-713CD145619D:LeaderElection88] INFO  impl.LeaderElection (LogUtils.java:infoOrTrace(149)) - c63d63f4-e4a3-48b0-8e66-cfae5c1ce3a1:group-713CD145619D:LeaderElection88 got exception when requesting votes: {}
java.util.concurrent.ExecutionException: org.apache.ratis.thirdparty.io.grpc.StatusRuntimeException: UNAVAILABLE: io exception
	at java.util.concurrent.FutureTask.report(FutureTask.java:122)
	at java.util.concurrent.FutureTask.get(FutureTask.java:192)
	at org.apache.ratis.server.impl.LeaderElection.waitForResults(LeaderElection.java:262)
	at org.apache.ratis.server.impl.LeaderElection.askForVotes(LeaderElection.java:200)
	at org.apache.ratis.server.impl.LeaderElection.run(LeaderElection.java:130)
	at java.lang.Thread.run(Thread.java:748)
Caused by: org.apache.ratis.thirdparty.io.grpc.StatusRuntimeException: UNAVAILABLE: io exception
	at org.apache.ratis.thirdparty.io.grpc.stub.ClientCalls.toStatusRuntimeException(ClientCalls.java:233)
	at org.apache.ratis.thirdparty.io.grpc.stub.ClientCalls.getUnchecked(ClientCalls.java:214)
	at org.apache.ratis.thirdparty.io.grpc.stub.ClientCalls.blockingUnaryCall(ClientCalls.java:139)
	at org.apache.ratis.proto.grpc.RaftServerProtocolServiceGrpc$RaftServerProtocolServiceBlockingStub.requestVote(RaftServerProtocolServiceGrpc.java:265)
	at org.apache.ratis.grpc.server.GrpcServerProtocolClient.requestVote(GrpcServerProtocolClient.java:83)
	at org.apache.ratis.grpc.server.GrpcService.requestVote(GrpcService.java:195)
	at org.apache.ratis.server.impl.LeaderElection.lambda$submitRequests$1(LeaderElection.java:237)
	at java.util.concurrent.FutureTask.run(FutureTask.java:266)
	at java.util.concurrent.Executors$RunnableAdapter.call(Executors.java:511)
	at java.util.concurrent.FutureTask.run(FutureTask.java:266)
	at java.util.concurrent.ThreadPoolExecutor.runWorker(ThreadPoolExecutor.java:1149)
	at java.util.concurrent.ThreadPoolExecutor$Worker.run(ThreadPoolExecutor.java:624)
	... 1 more
Caused by: org.apache.ratis.thirdparty.io.netty.channel.AbstractChannel$AnnotatedConnectException: Connection refused: /192.168.36.85:44677
	at sun.nio.ch.SocketChannelImpl.checkConnect(Native Method)
	at sun.nio.ch.SocketChannelImpl.finishConnect(SocketChannelImpl.java:717)
	at org.apache.ratis.thirdparty.io.netty.channel.socket.nio.NioSocketChannel.doFinishConnect(NioSocketChannel.java:327)
	at org.apache.ratis.thirdparty.io.netty.channel.nio.AbstractNioChannel$AbstractNioUnsafe.finishConnect(AbstractNioChannel.java:340)
	at org.apache.ratis.thirdparty.io.netty.channel.nio.NioEventLoop.processSelectedKey(NioEventLoop.java:632)
	at org.apache.ratis.thirdparty.io.netty.channel.nio.NioEventLoop.processSelectedKeysOptimized(NioEventLoop.java:579)
	at org.apache.ratis.thirdparty.io.netty.channel.nio.NioEventLoop.processSelectedKeys(NioEventLoop.java:496)
	at org.apache.ratis.thirdparty.io.netty.channel.nio.NioEventLoop.run(NioEventLoop.java:458)
	at org.apache.ratis.thirdparty.io.netty.util.concurrent.SingleThreadEventExecutor$5.run(SingleThreadEventExecutor.java:897)
	at org.apache.ratis.thirdparty.io.netty.util.concurrent.FastThreadLocalRunnable.run(FastThreadLocalRunnable.java:30)
	... 1 more
Caused by: java.net.ConnectException: Connection refused
	... 11 more
2019-08-22 09:28:43,651 [c63d63f4-e4a3-48b0-8e66-cfae5c1ce3a1:group-713CD145619D:LeaderElection88] INFO  impl.LeaderElection (LogUtils.java:infoOrTrace(149)) - c63d63f4-e4a3-48b0-8e66-cfae5c1ce3a1:group-713CD145619D:LeaderElection88 got exception when requesting votes: {}
java.util.concurrent.ExecutionException: org.apache.ratis.thirdparty.io.grpc.StatusRuntimeException: UNAVAILABLE: io exception
	at java.util.concurrent.FutureTask.report(FutureTask.java:122)
	at java.util.concurrent.FutureTask.get(FutureTask.java:192)
	at org.apache.ratis.server.impl.LeaderElection.waitForResults(LeaderElection.java:262)
	at org.apache.ratis.server.impl.LeaderElection.askForVotes(LeaderElection.java:200)
	at org.apache.ratis.server.impl.LeaderElection.run(LeaderElection.java:130)
	at java.lang.Thread.run(Thread.java:748)
Caused by: org.apache.ratis.thirdparty.io.grpc.StatusRuntimeException: UNAVAILABLE: io exception
	at org.apache.ratis.thirdparty.io.grpc.stub.ClientCalls.toStatusRuntimeException(ClientCalls.java:233)
	at org.apache.ratis.thirdparty.io.grpc.stub.ClientCalls.getUnchecked(ClientCalls.java:214)
	at org.apache.ratis.thirdparty.io.grpc.stub.ClientCalls.blockingUnaryCall(ClientCalls.java:139)
	at org.apache.ratis.proto.grpc.RaftServerProtocolServiceGrpc$RaftServerProtocolServiceBlockingStub.requestVote(RaftServerProtocolServiceGrpc.java:265)
	at org.apache.ratis.grpc.server.GrpcServerProtocolClient.requestVote(GrpcServerProtocolClient.java:83)
	at org.apache.ratis.grpc.server.GrpcService.requestVote(GrpcService.java:195)
	at org.apache.ratis.server.impl.LeaderElection.lambda$submitRequests$1(LeaderElection.java:237)
	at java.util.concurrent.FutureTask.run(FutureTask.java:266)
	at java.util.concurrent.Executors$RunnableAdapter.call(Executors.java:511)
	at java.util.concurrent.FutureTask.run(FutureTask.java:266)
	at java.util.concurrent.ThreadPoolExecutor.runWorker(ThreadPoolExecutor.java:1149)
	at java.util.concurrent.ThreadPoolExecutor$Worker.run(ThreadPoolExecutor.java:624)
	... 1 more
Caused by: org.apache.ratis.thirdparty.io.netty.channel.AbstractChannel$AnnotatedConnectException: Connection refused: /192.168.36.85:38020
	at sun.nio.ch.SocketChannelImpl.checkConnect(Native Method)
	at sun.nio.ch.SocketChannelImpl.finishConnect(SocketChannelImpl.java:717)
	at org.apache.ratis.thirdparty.io.netty.channel.socket.nio.NioSocketChannel.doFinishConnect(NioSocketChannel.java:327)
	at org.apache.ratis.thirdparty.io.netty.channel.nio.AbstractNioChannel$AbstractNioUnsafe.finishConnect(AbstractNioChannel.java:340)
	at org.apache.ratis.thirdparty.io.netty.channel.nio.NioEventLoop.processSelectedKey(NioEventLoop.java:632)
	at org.apache.ratis.thirdparty.io.netty.channel.nio.NioEventLoop.processSelectedKeysOptimized(NioEventLoop.java:579)
	at org.apache.ratis.thirdparty.io.netty.channel.nio.NioEventLoop.processSelectedKeys(NioEventLoop.java:496)
	at org.apache.ratis.thirdparty.io.netty.channel.nio.NioEventLoop.run(NioEventLoop.java:458)
	at org.apache.ratis.thirdparty.io.netty.util.concurrent.SingleThreadEventExecutor$5.run(SingleThreadEventExecutor.java:897)
	at org.apache.ratis.thirdparty.io.netty.util.concurrent.FastThreadLocalRunnable.run(FastThreadLocalRunnable.java:30)
	... 1 more
Caused by: java.net.ConnectException: Connection refused
	... 11 more
2019-08-22 09:28:43,653 [c63d63f4-e4a3-48b0-8e66-cfae5c1ce3a1:group-713CD145619D:LeaderElection88] INFO  impl.LeaderElection (LeaderElection.java:logAndReturn(56)) - c63d63f4-e4a3-48b0-8e66-cfae5c1ce3a1:group-713CD145619D:LeaderElection88: Election REJECTED; received 0 response(s) [] and 2 exception(s); c63d63f4-e4a3-48b0-8e66-cfae5c1ce3a1:t2, leader=null, voted=c63d63f4-e4a3-48b0-8e66-cfae5c1ce3a1, raftlog=c63d63f4-e4a3-48b0-8e66-cfae5c1ce3a1-SegmentedRaftLog:OPENED:c16,f16,i16, conf=0: [909bb822-8e17-41f4-9059-fc5d171ea46d:192.168.36.85:38020, c63d63f4-e4a3-48b0-8e66-cfae5c1ce3a1:192.168.36.85:38743, 95ce97c6-e6af-4640-b6f2-079eca5e157b:192.168.36.85:44677], old=null
2019-08-22 09:28:43,653 [c63d63f4-e4a3-48b0-8e66-cfae5c1ce3a1:group-713CD145619D:LeaderElection88] INFO  impl.LeaderElection (LogUtils.java:infoOrTrace(149)) -   Exception 0: {}
java.util.concurrent.ExecutionException: org.apache.ratis.thirdparty.io.grpc.StatusRuntimeException: UNAVAILABLE: io exception
	at java.util.concurrent.FutureTask.report(FutureTask.java:122)
	at java.util.concurrent.FutureTask.get(FutureTask.java:192)
	at org.apache.ratis.server.impl.LeaderElection.waitForResults(LeaderElection.java:262)
	at org.apache.ratis.server.impl.LeaderElection.askForVotes(LeaderElection.java:200)
	at org.apache.ratis.server.impl.LeaderElection.run(LeaderElection.java:130)
	at java.lang.Thread.run(Thread.java:748)
Caused by: org.apache.ratis.thirdparty.io.grpc.StatusRuntimeException: UNAVAILABLE: io exception
	at org.apache.ratis.thirdparty.io.grpc.stub.ClientCalls.toStatusRuntimeException(ClientCalls.java:233)
	at org.apache.ratis.thirdparty.io.grpc.stub.ClientCalls.getUnchecked(ClientCalls.java:214)
	at org.apache.ratis.thirdparty.io.grpc.stub.ClientCalls.blockingUnaryCall(ClientCalls.java:139)
	at org.apache.ratis.proto.grpc.RaftServerProtocolServiceGrpc$RaftServerProtocolServiceBlockingStub.requestVote(RaftServerProtocolServiceGrpc.java:265)
	at org.apache.ratis.grpc.server.GrpcServerProtocolClient.requestVote(GrpcServerProtocolClient.java:83)
	at org.apache.ratis.grpc.server.GrpcService.requestVote(GrpcService.java:195)
	at org.apache.ratis.server.impl.LeaderElection.lambda$submitRequests$1(LeaderElection.java:237)
	at java.util.concurrent.FutureTask.run(FutureTask.java:266)
	at java.util.concurrent.Executors$RunnableAdapter.call(Executors.java:511)
	at java.util.concurrent.FutureTask.run(FutureTask.java:266)
	at java.util.concurrent.ThreadPoolExecutor.runWorker(ThreadPoolExecutor.java:1149)
	at java.util.concurrent.ThreadPoolExecutor$Worker.run(ThreadPoolExecutor.java:624)
	... 1 more
Caused by: org.apache.ratis.thirdparty.io.netty.channel.AbstractChannel$AnnotatedConnectException: Connection refused: /192.168.36.85:44677
	at sun.nio.ch.SocketChannelImpl.checkConnect(Native Method)
	at sun.nio.ch.SocketChannelImpl.finishConnect(SocketChannelImpl.java:717)
	at org.apache.ratis.thirdparty.io.netty.channel.socket.nio.NioSocketChannel.doFinishConnect(NioSocketChannel.java:327)
	at org.apache.ratis.thirdparty.io.netty.channel.nio.AbstractNioChannel$AbstractNioUnsafe.finishConnect(AbstractNioChannel.java:340)
	at org.apache.ratis.thirdparty.io.netty.channel.nio.NioEventLoop.processSelectedKey(NioEventLoop.java:632)
	at org.apache.ratis.thirdparty.io.netty.channel.nio.NioEventLoop.processSelectedKeysOptimized(NioEventLoop.java:579)
	at org.apache.ratis.thirdparty.io.netty.channel.nio.NioEventLoop.processSelectedKeys(NioEventLoop.java:496)
	at org.apache.ratis.thirdparty.io.netty.channel.nio.NioEventLoop.run(NioEventLoop.java:458)
	at org.apache.ratis.thirdparty.io.netty.util.concurrent.SingleThreadEventExecutor$5.run(SingleThreadEventExecutor.java:897)
	at org.apache.ratis.thirdparty.io.netty.util.concurrent.FastThreadLocalRunnable.run(FastThreadLocalRunnable.java:30)
	... 1 more
Caused by: java.net.ConnectException: Connection refused
	... 11 more
2019-08-22 09:28:43,654 [c63d63f4-e4a3-48b0-8e66-cfae5c1ce3a1:group-713CD145619D:LeaderElection88] INFO  impl.LeaderElection (LogUtils.java:infoOrTrace(149)) -   Exception 1: {}
java.util.concurrent.ExecutionException: org.apache.ratis.thirdparty.io.grpc.StatusRuntimeException: UNAVAILABLE: io exception
	at java.util.concurrent.FutureTask.report(FutureTask.java:122)
	at java.util.concurrent.FutureTask.get(FutureTask.java:192)
	at org.apache.ratis.server.impl.LeaderElection.waitForResults(LeaderElection.java:262)
	at org.apache.ratis.server.impl.LeaderElection.askForVotes(LeaderElection.java:200)
	at org.apache.ratis.server.impl.LeaderElection.run(LeaderElection.java:130)
	at java.lang.Thread.run(Thread.java:748)
Caused by: org.apache.ratis.thirdparty.io.grpc.StatusRuntimeException: UNAVAILABLE: io exception
	at org.apache.ratis.thirdparty.io.grpc.stub.ClientCalls.toStatusRuntimeException(ClientCalls.java:233)
	at org.apache.ratis.thirdparty.io.grpc.stub.ClientCalls.getUnchecked(ClientCalls.java:214)
	at org.apache.ratis.thirdparty.io.grpc.stub.ClientCalls.blockingUnaryCall(ClientCalls.java:139)
	at org.apache.ratis.proto.grpc.RaftServerProtocolServiceGrpc$RaftServerProtocolServiceBlockingStub.requestVote(RaftServerProtocolServiceGrpc.java:265)
	at org.apache.ratis.grpc.server.GrpcServerProtocolClient.requestVote(GrpcServerProtocolClient.java:83)
	at org.apache.ratis.grpc.server.GrpcService.requestVote(GrpcService.java:195)
	at org.apache.ratis.server.impl.LeaderElection.lambda$submitRequests$1(LeaderElection.java:237)
	at java.util.concurrent.FutureTask.run(FutureTask.java:266)
	at java.util.concurrent.Executors$RunnableAdapter.call(Executors.java:511)
	at java.util.concurrent.FutureTask.run(FutureTask.java:266)
	at java.util.concurrent.ThreadPoolExecutor.runWorker(ThreadPoolExecutor.java:1149)
	at java.util.concurrent.ThreadPoolExecutor$Worker.run(ThreadPoolExecutor.java:624)
	... 1 more
Caused by: org.apache.ratis.thirdparty.io.netty.channel.AbstractChannel$AnnotatedConnectException: Connection refused: /192.168.36.85:38020
	at sun.nio.ch.SocketChannelImpl.checkConnect(Native Method)
	at sun.nio.ch.SocketChannelImpl.finishConnect(SocketChannelImpl.java:717)
	at org.apache.ratis.thirdparty.io.netty.channel.socket.nio.NioSocketChannel.doFinishConnect(NioSocketChannel.java:327)
	at org.apache.ratis.thirdparty.io.netty.channel.nio.AbstractNioChannel$AbstractNioUnsafe.finishConnect(AbstractNioChannel.java:340)
	at org.apache.ratis.thirdparty.io.netty.channel.nio.NioEventLoop.processSelectedKey(NioEventLoop.java:632)
	at org.apache.ratis.thirdparty.io.netty.channel.nio.NioEventLoop.processSelectedKeysOptimized(NioEventLoop.java:579)
	at org.apache.ratis.thirdparty.io.netty.channel.nio.NioEventLoop.processSelectedKeys(NioEventLoop.java:496)
	at org.apache.ratis.thirdparty.io.netty.channel.nio.NioEventLoop.run(NioEventLoop.java:458)
	at org.apache.ratis.thirdparty.io.netty.util.concurrent.SingleThreadEventExecutor$5.run(SingleThreadEventExecutor.java:897)
	at org.apache.ratis.thirdparty.io.netty.util.concurrent.FastThreadLocalRunnable.run(FastThreadLocalRunnable.java:30)
	... 1 more
Caused by: java.net.ConnectException: Connection refused
	... 11 more
2019-08-22 09:28:43,654 [c63d63f4-e4a3-48b0-8e66-cfae5c1ce3a1:group-713CD145619D:LeaderElection88] INFO  impl.RaftServerImpl (RaftServerImpl.java:setRole(171)) - c63d63f4-e4a3-48b0-8e66-cfae5c1ce3a1:group-713CD145619D changes role from CANDIDATE to FOLLOWER at term 2 for DISCOVERED_A_NEW_TERM
2019-08-22 09:28:43,654 [c63d63f4-e4a3-48b0-8e66-cfae5c1ce3a1:group-713CD145619D:LeaderElection88] INFO  impl.RoleInfo (RoleInfo.java:shutdownLeaderElection(134)) - c63d63f4-e4a3-48b0-8e66-cfae5c1ce3a1: shutdown LeaderElection
2019-08-22 09:28:43,654 [c63d63f4-e4a3-48b0-8e66-cfae5c1ce3a1:group-713CD145619D:LeaderElection88] INFO  impl.RoleInfo (RoleInfo.java:updateAndGet(143)) - c63d63f4-e4a3-48b0-8e66-cfae5c1ce3a1: start FollowerState
2019-08-22 09:28:46,241 [Thread-3781] INFO  impl.FollowerState (FollowerState.java:run(106)) - 75d72393-3020-4de0-a4ea-5e88f0c8cd61:group-B474A246811F changes to CANDIDATE, lastRpcTime:8752, electionTimeout:5140ms
2019-08-22 09:28:46,241 [Thread-3781] INFO  impl.RoleInfo (RoleInfo.java:shutdownFollowerState(121)) - 75d72393-3020-4de0-a4ea-5e88f0c8cd61: shutdown FollowerState
2019-08-22 09:28:46,241 [Thread-3781] INFO  impl.RaftServerImpl (RaftServerImpl.java:setRole(171)) - 75d72393-3020-4de0-a4ea-5e88f0c8cd61:group-B474A246811F changes role from FOLLOWER to CANDIDATE at term 2 for changeToCandidate
2019-08-22 09:28:46,241 [Thread-3781] INFO  impl.RoleInfo (RoleInfo.java:updateAndGet(143)) - 75d72393-3020-4de0-a4ea-5e88f0c8cd61: start LeaderElection
2019-08-22 09:28:46,244 [75d72393-3020-4de0-a4ea-5e88f0c8cd61:group-B474A246811F:LeaderElection89] INFO  impl.RaftServerImpl (ServerState.java:setLeader(263)) - 75d72393-3020-4de0-a4ea-5e88f0c8cd61:group-B474A246811F change Leader from 928f26db-de41-4c85-b3d0-1197049d8d00 to null at term 2 for initElection
2019-08-22 09:28:46,268 [75d72393-3020-4de0-a4ea-5e88f0c8cd61:group-B474A246811F:LeaderElection89] INFO  impl.LeaderElection (LeaderElection.java:askForVotes(181)) - 75d72393-3020-4de0-a4ea-5e88f0c8cd61:group-B474A246811F:LeaderElection89: begin an election at term 3 for 0: [f1e02cbd-f391-4fd8-b388-c076d48374d7:192.168.36.85:38589, 75d72393-3020-4de0-a4ea-5e88f0c8cd61:192.168.36.85:42083, 928f26db-de41-4c85-b3d0-1197049d8d00:192.168.36.85:34973], old=null
2019-08-22 09:28:46,270 [75d72393-3020-4de0-a4ea-5e88f0c8cd61:group-B474A246811F:LeaderElection89] INFO  impl.LeaderElection (LogUtils.java:infoOrTrace(149)) - 75d72393-3020-4de0-a4ea-5e88f0c8cd61:group-B474A246811F:LeaderElection89 got exception when requesting votes: {}
java.util.concurrent.ExecutionException: org.apache.ratis.thirdparty.io.grpc.StatusRuntimeException: UNAVAILABLE: io exception
	at java.util.concurrent.FutureTask.report(FutureTask.java:122)
	at java.util.concurrent.FutureTask.get(FutureTask.java:192)
	at org.apache.ratis.server.impl.LeaderElection.waitForResults(LeaderElection.java:262)
	at org.apache.ratis.server.impl.LeaderElection.askForVotes(LeaderElection.java:200)
	at org.apache.ratis.server.impl.LeaderElection.run(LeaderElection.java:130)
	at java.lang.Thread.run(Thread.java:748)
Caused by: org.apache.ratis.thirdparty.io.grpc.StatusRuntimeException: UNAVAILABLE: io exception
	at org.apache.ratis.thirdparty.io.grpc.stub.ClientCalls.toStatusRuntimeException(ClientCalls.java:233)
	at org.apache.ratis.thirdparty.io.grpc.stub.ClientCalls.getUnchecked(ClientCalls.java:214)
	at org.apache.ratis.thirdparty.io.grpc.stub.ClientCalls.blockingUnaryCall(ClientCalls.java:139)
	at org.apache.ratis.proto.grpc.RaftServerProtocolServiceGrpc$RaftServerProtocolServiceBlockingStub.requestVote(RaftServerProtocolServiceGrpc.java:265)
	at org.apache.ratis.grpc.server.GrpcServerProtocolClient.requestVote(GrpcServerProtocolClient.java:83)
	at org.apache.ratis.grpc.server.GrpcService.requestVote(GrpcService.java:195)
	at org.apache.ratis.server.impl.LeaderElection.lambda$submitRequests$1(LeaderElection.java:237)
	at java.util.concurrent.FutureTask.run(FutureTask.java:266)
	at java.util.concurrent.Executors$RunnableAdapter.call(Executors.java:511)
	at java.util.concurrent.FutureTask.run(FutureTask.java:266)
	at java.util.concurrent.ThreadPoolExecutor.runWorker(ThreadPoolExecutor.java:1149)
	at java.util.concurrent.ThreadPoolExecutor$Worker.run(ThreadPoolExecutor.java:624)
	... 1 more
Caused by: org.apache.ratis.thirdparty.io.netty.channel.AbstractChannel$AnnotatedConnectException: Connection refused: /192.168.36.85:38589
	at sun.nio.ch.SocketChannelImpl.checkConnect(Native Method)
	at sun.nio.ch.SocketChannelImpl.finishConnect(SocketChannelImpl.java:717)
	at org.apache.ratis.thirdparty.io.netty.channel.socket.nio.NioSocketChannel.doFinishConnect(NioSocketChannel.java:327)
	at org.apache.ratis.thirdparty.io.netty.channel.nio.AbstractNioChannel$AbstractNioUnsafe.finishConnect(AbstractNioChannel.java:340)
	at org.apache.ratis.thirdparty.io.netty.channel.nio.NioEventLoop.processSelectedKey(NioEventLoop.java:632)
	at org.apache.ratis.thirdparty.io.netty.channel.nio.NioEventLoop.processSelectedKeysOptimized(NioEventLoop.java:579)
	at org.apache.ratis.thirdparty.io.netty.channel.nio.NioEventLoop.processSelectedKeys(NioEventLoop.java:496)
	at org.apache.ratis.thirdparty.io.netty.channel.nio.NioEventLoop.run(NioEventLoop.java:458)
	at org.apache.ratis.thirdparty.io.netty.util.concurrent.SingleThreadEventExecutor$5.run(SingleThreadEventExecutor.java:897)
	at org.apache.ratis.thirdparty.io.netty.util.concurrent.FastThreadLocalRunnable.run(FastThreadLocalRunnable.java:30)
	... 1 more
Caused by: java.net.ConnectException: Connection refused
	... 11 more
2019-08-22 09:28:46,272 [75d72393-3020-4de0-a4ea-5e88f0c8cd61:group-B474A246811F:LeaderElection89] INFO  impl.LeaderElection (LogUtils.java:infoOrTrace(149)) - 75d72393-3020-4de0-a4ea-5e88f0c8cd61:group-B474A246811F:LeaderElection89 got exception when requesting votes: {}
java.util.concurrent.ExecutionException: org.apache.ratis.thirdparty.io.grpc.StatusRuntimeException: UNAVAILABLE: io exception
	at java.util.concurrent.FutureTask.report(FutureTask.java:122)
	at java.util.concurrent.FutureTask.get(FutureTask.java:192)
	at org.apache.ratis.server.impl.LeaderElection.waitForResults(LeaderElection.java:262)
	at org.apache.ratis.server.impl.LeaderElection.askForVotes(LeaderElection.java:200)
	at org.apache.ratis.server.impl.LeaderElection.run(LeaderElection.java:130)
	at java.lang.Thread.run(Thread.java:748)
Caused by: org.apache.ratis.thirdparty.io.grpc.StatusRuntimeException: UNAVAILABLE: io exception
	at org.apache.ratis.thirdparty.io.grpc.stub.ClientCalls.toStatusRuntimeException(ClientCalls.java:233)
	at org.apache.ratis.thirdparty.io.grpc.stub.ClientCalls.getUnchecked(ClientCalls.java:214)
	at org.apache.ratis.thirdparty.io.grpc.stub.ClientCalls.blockingUnaryCall(ClientCalls.java:139)
	at org.apache.ratis.proto.grpc.RaftServerProtocolServiceGrpc$RaftServerProtocolServiceBlockingStub.requestVote(RaftServerProtocolServiceGrpc.java:265)
	at org.apache.ratis.grpc.server.GrpcServerProtocolClient.requestVote(GrpcServerProtocolClient.java:83)
	at org.apache.ratis.grpc.server.GrpcService.requestVote(GrpcService.java:195)
	at org.apache.ratis.server.impl.LeaderElection.lambda$submitRequests$1(LeaderElection.java:237)
	at java.util.concurrent.FutureTask.run(FutureTask.java:266)
	at java.util.concurrent.Executors$RunnableAdapter.call(Executors.java:511)
	at java.util.concurrent.FutureTask.run(FutureTask.java:266)
	at java.util.concurrent.ThreadPoolExecutor.runWorker(ThreadPoolExecutor.java:1149)
	at java.util.concurrent.ThreadPoolExecutor$Worker.run(ThreadPoolExecutor.java:624)
	... 1 more
Caused by: org.apache.ratis.thirdparty.io.netty.channel.AbstractChannel$AnnotatedConnectException: Connection refused: /192.168.36.85:34973
	at sun.nio.ch.SocketChannelImpl.checkConnect(Native Method)
	at sun.nio.ch.SocketChannelImpl.finishConnect(SocketChannelImpl.java:717)
	at org.apache.ratis.thirdparty.io.netty.channel.socket.nio.NioSocketChannel.doFinishConnect(NioSocketChannel.java:327)
	at org.apache.ratis.thirdparty.io.netty.channel.nio.AbstractNioChannel$AbstractNioUnsafe.finishConnect(AbstractNioChannel.java:340)
	at org.apache.ratis.thirdparty.io.netty.channel.nio.NioEventLoop.processSelectedKey(NioEventLoop.java:632)
	at org.apache.ratis.thirdparty.io.netty.channel.nio.NioEventLoop.processSelectedKeysOptimized(NioEventLoop.java:579)
	at org.apache.ratis.thirdparty.io.netty.channel.nio.NioEventLoop.processSelectedKeys(NioEventLoop.java:496)
	at org.apache.ratis.thirdparty.io.netty.channel.nio.NioEventLoop.run(NioEventLoop.java:458)
	at org.apache.ratis.thirdparty.io.netty.util.concurrent.SingleThreadEventExecutor$5.run(SingleThreadEventExecutor.java:897)
	at org.apache.ratis.thirdparty.io.netty.util.concurrent.FastThreadLocalRunnable.run(FastThreadLocalRunnable.java:30)
	... 1 more
Caused by: java.net.ConnectException: Connection refused
	... 11 more
2019-08-22 09:28:46,274 [75d72393-3020-4de0-a4ea-5e88f0c8cd61:group-B474A246811F:LeaderElection89] INFO  impl.LeaderElection (LeaderElection.java:logAndReturn(56)) - 75d72393-3020-4de0-a4ea-5e88f0c8cd61:group-B474A246811F:LeaderElection89: Election REJECTED; received 0 response(s) [] and 2 exception(s); 75d72393-3020-4de0-a4ea-5e88f0c8cd61:t3, leader=null, voted=75d72393-3020-4de0-a4ea-5e88f0c8cd61, raftlog=75d72393-3020-4de0-a4ea-5e88f0c8cd61-SegmentedRaftLog:OPENED:c4,f4,i4, conf=0: [f1e02cbd-f391-4fd8-b388-c076d48374d7:192.168.36.85:38589, 75d72393-3020-4de0-a4ea-5e88f0c8cd61:192.168.36.85:42083, 928f26db-de41-4c85-b3d0-1197049d8d00:192.168.36.85:34973], old=null
2019-08-22 09:28:46,275 [75d72393-3020-4de0-a4ea-5e88f0c8cd61:group-B474A246811F:LeaderElection89] INFO  impl.LeaderElection (LogUtils.java:infoOrTrace(149)) -   Exception 0: {}
java.util.concurrent.ExecutionException: org.apache.ratis.thirdparty.io.grpc.StatusRuntimeException: UNAVAILABLE: io exception
	at java.util.concurrent.FutureTask.report(FutureTask.java:122)
	at java.util.concurrent.FutureTask.get(FutureTask.java:192)
	at org.apache.ratis.server.impl.LeaderElection.waitForResults(LeaderElection.java:262)
	at org.apache.ratis.server.impl.LeaderElection.askForVotes(LeaderElection.java:200)
	at org.apache.ratis.server.impl.LeaderElection.run(LeaderElection.java:130)
	at java.lang.Thread.run(Thread.java:748)
Caused by: org.apache.ratis.thirdparty.io.grpc.StatusRuntimeException: UNAVAILABLE: io exception
	at org.apache.ratis.thirdparty.io.grpc.stub.ClientCalls.toStatusRuntimeException(ClientCalls.java:233)
	at org.apache.ratis.thirdparty.io.grpc.stub.ClientCalls.getUnchecked(ClientCalls.java:214)
	at org.apache.ratis.thirdparty.io.grpc.stub.ClientCalls.blockingUnaryCall(ClientCalls.java:139)
	at org.apache.ratis.proto.grpc.RaftServerProtocolServiceGrpc$RaftServerProtocolServiceBlockingStub.requestVote(RaftServerProtocolServiceGrpc.java:265)
	at org.apache.ratis.grpc.server.GrpcServerProtocolClient.requestVote(GrpcServerProtocolClient.java:83)
	at org.apache.ratis.grpc.server.GrpcService.requestVote(GrpcService.java:195)
	at org.apache.ratis.server.impl.LeaderElection.lambda$submitRequests$1(LeaderElection.java:237)
	at java.util.concurrent.FutureTask.run(FutureTask.java:266)
	at java.util.concurrent.Executors$RunnableAdapter.call(Executors.java:511)
	at java.util.concurrent.FutureTask.run(FutureTask.java:266)
	at java.util.concurrent.ThreadPoolExecutor.runWorker(ThreadPoolExecutor.java:1149)
	at java.util.concurrent.ThreadPoolExecutor$Worker.run(ThreadPoolExecutor.java:624)
	... 1 more
Caused by: org.apache.ratis.thirdparty.io.netty.channel.AbstractChannel$AnnotatedConnectException: Connection refused: /192.168.36.85:38589
	at sun.nio.ch.SocketChannelImpl.checkConnect(Native Method)
	at sun.nio.ch.SocketChannelImpl.finishConnect(SocketChannelImpl.java:717)
	at org.apache.ratis.thirdparty.io.netty.channel.socket.nio.NioSocketChannel.doFinishConnect(NioSocketChannel.java:327)
	at org.apache.ratis.thirdparty.io.netty.channel.nio.AbstractNioChannel$AbstractNioUnsafe.finishConnect(AbstractNioChannel.java:340)
	at org.apache.ratis.thirdparty.io.netty.channel.nio.NioEventLoop.processSelectedKey(NioEventLoop.java:632)
	at org.apache.ratis.thirdparty.io.netty.channel.nio.NioEventLoop.processSelectedKeysOptimized(NioEventLoop.java:579)
	at org.apache.ratis.thirdparty.io.netty.channel.nio.NioEventLoop.processSelectedKeys(NioEventLoop.java:496)
	at org.apache.ratis.thirdparty.io.netty.channel.nio.NioEventLoop.run(NioEventLoop.java:458)
	at org.apache.ratis.thirdparty.io.netty.util.concurrent.SingleThreadEventExecutor$5.run(SingleThreadEventExecutor.java:897)
	at org.apache.ratis.thirdparty.io.netty.util.concurrent.FastThreadLocalRunnable.run(FastThreadLocalRunnable.java:30)
	... 1 more
Caused by: java.net.ConnectException: Connection refused
	... 11 more
2019-08-22 09:28:46,275 [75d72393-3020-4de0-a4ea-5e88f0c8cd61:group-B474A246811F:LeaderElection89] INFO  impl.LeaderElection (LogUtils.java:infoOrTrace(149)) -   Exception 1: {}
java.util.concurrent.ExecutionException: org.apache.ratis.thirdparty.io.grpc.StatusRuntimeException: UNAVAILABLE: io exception
	at java.util.concurrent.FutureTask.report(FutureTask.java:122)
	at java.util.concurrent.FutureTask.get(FutureTask.java:192)
	at org.apache.ratis.server.impl.LeaderElection.waitForResults(LeaderElection.java:262)
	at org.apache.ratis.server.impl.LeaderElection.askForVotes(LeaderElection.java:200)
	at org.apache.ratis.server.impl.LeaderElection.run(LeaderElection.java:130)
	at java.lang.Thread.run(Thread.java:748)
Caused by: org.apache.ratis.thirdparty.io.grpc.StatusRuntimeException: UNAVAILABLE: io exception
	at org.apache.ratis.thirdparty.io.grpc.stub.ClientCalls.toStatusRuntimeException(ClientCalls.java:233)
	at org.apache.ratis.thirdparty.io.grpc.stub.ClientCalls.getUnchecked(ClientCalls.java:214)
	at org.apache.ratis.thirdparty.io.grpc.stub.ClientCalls.blockingUnaryCall(ClientCalls.java:139)
	at org.apache.ratis.proto.grpc.RaftServerProtocolServiceGrpc$RaftServerProtocolServiceBlockingStub.requestVote(RaftServerProtocolServiceGrpc.java:265)
	at org.apache.ratis.grpc.server.GrpcServerProtocolClient.requestVote(GrpcServerProtocolClient.java:83)
	at org.apache.ratis.grpc.server.GrpcService.requestVote(GrpcService.java:195)
	at org.apache.ratis.server.impl.LeaderElection.lambda$submitRequests$1(LeaderElection.java:237)
	at java.util.concurrent.FutureTask.run(FutureTask.java:266)
	at java.util.concurrent.Executors$RunnableAdapter.call(Executors.java:511)
	at java.util.concurrent.FutureTask.run(FutureTask.java:266)
	at java.util.concurrent.ThreadPoolExecutor.runWorker(ThreadPoolExecutor.java:1149)
	at java.util.concurrent.ThreadPoolExecutor$Worker.run(ThreadPoolExecutor.java:624)
	... 1 more
Caused by: org.apache.ratis.thirdparty.io.netty.channel.AbstractChannel$AnnotatedConnectException: Connection refused: /192.168.36.85:34973
	at sun.nio.ch.SocketChannelImpl.checkConnect(Native Method)
	at sun.nio.ch.SocketChannelImpl.finishConnect(SocketChannelImpl.java:717)
	at org.apache.ratis.thirdparty.io.netty.channel.socket.nio.NioSocketChannel.doFinishConnect(NioSocketChannel.java:327)
	at org.apache.ratis.thirdparty.io.netty.channel.nio.AbstractNioChannel$AbstractNioUnsafe.finishConnect(AbstractNioChannel.java:340)
	at org.apache.ratis.thirdparty.io.netty.channel.nio.NioEventLoop.processSelectedKey(NioEventLoop.java:632)
	at org.apache.ratis.thirdparty.io.netty.channel.nio.NioEventLoop.processSelectedKeysOptimized(NioEventLoop.java:579)
	at org.apache.ratis.thirdparty.io.netty.channel.nio.NioEventLoop.processSelectedKeys(NioEventLoop.java:496)
	at org.apache.ratis.thirdparty.io.netty.channel.nio.NioEventLoop.run(NioEventLoop.java:458)
	at org.apache.ratis.thirdparty.io.netty.util.concurrent.SingleThreadEventExecutor$5.run(SingleThreadEventExecutor.java:897)
	at org.apache.ratis.thirdparty.io.netty.util.concurrent.FastThreadLocalRunnable.run(FastThreadLocalRunnable.java:30)
	... 1 more
Caused by: java.net.ConnectException: Connection refused
	... 11 more
2019-08-22 09:28:46,275 [75d72393-3020-4de0-a4ea-5e88f0c8cd61:group-B474A246811F:LeaderElection89] INFO  impl.RaftServerImpl (RaftServerImpl.java:setRole(171)) - 75d72393-3020-4de0-a4ea-5e88f0c8cd61:group-B474A246811F changes role from CANDIDATE to FOLLOWER at term 3 for DISCOVERED_A_NEW_TERM
2019-08-22 09:28:46,276 [75d72393-3020-4de0-a4ea-5e88f0c8cd61:group-B474A246811F:LeaderElection89] INFO  impl.RoleInfo (RoleInfo.java:shutdownLeaderElection(134)) - 75d72393-3020-4de0-a4ea-5e88f0c8cd61: shutdown LeaderElection
2019-08-22 09:28:46,276 [75d72393-3020-4de0-a4ea-5e88f0c8cd61:group-B474A246811F:LeaderElection89] INFO  impl.RoleInfo (RoleInfo.java:updateAndGet(143)) - 75d72393-3020-4de0-a4ea-5e88f0c8cd61: start FollowerState
2019-08-22 09:28:46,998 [EventQueue-StaleNodeForStaleNodeHandler] INFO  node.StaleNodeHandler (StaleNodeHandler.java:onMessage(58)) - Datanode c63d63f4-e4a3-48b0-8e66-cfae5c1ce3a1{ip: 192.168.36.85, host: pr-hdds-1898-9jx57-4170240974, networkLocation: /default-rack, certSerialId: null} moved to stale state. Finalizing its pipelines [PipelineID=ea95797e-9a91-4dc8-9ed4-a4ecbbebfc31, PipelineID=5e53caaf-fbcb-4322-ac80-713cd145619d]
2019-08-22 09:28:46,999 [EventQueue-StaleNodeForStaleNodeHandler] INFO  pipeline.SCMPipelineManager (SCMPipelineManager.java:finalizeAndDestroyPipeline(309)) - destroying pipeline:Pipeline[ Id: ea95797e-9a91-4dc8-9ed4-a4ecbbebfc31, Nodes: c63d63f4-e4a3-48b0-8e66-cfae5c1ce3a1{ip: 192.168.36.85, host: pr-hdds-1898-9jx57-4170240974, networkLocation: /default-rack, certSerialId: null}, Type:RATIS, Factor:ONE, State:OPEN]
2019-08-22 09:28:46,999 [EventQueue-StaleNodeForStaleNodeHandler] INFO  pipeline.PipelineStateManager (PipelineStateManager.java:finalizePipeline(123)) - Pipeline Pipeline[ Id: ea95797e-9a91-4dc8-9ed4-a4ecbbebfc31, Nodes: c63d63f4-e4a3-48b0-8e66-cfae5c1ce3a1{ip: 192.168.36.85, host: pr-hdds-1898-9jx57-4170240974, networkLocation: /default-rack, certSerialId: null}, Type:RATIS, Factor:ONE, State:CLOSED] moved to CLOSED state
2019-08-22 09:28:47,000 [EventQueue-StaleNodeForStaleNodeHandler] INFO  pipeline.SCMPipelineManager (SCMPipelineManager.java:finalizeAndDestroyPipeline(309)) - destroying pipeline:Pipeline[ Id: 5e53caaf-fbcb-4322-ac80-713cd145619d, Nodes: 909bb822-8e17-41f4-9059-fc5d171ea46d{ip: 192.168.36.85, host: pr-hdds-1898-9jx57-4170240974, networkLocation: /default-rack, certSerialId: null}95ce97c6-e6af-4640-b6f2-079eca5e157b{ip: 192.168.36.85, host: pr-hdds-1898-9jx57-4170240974, networkLocation: /default-rack, certSerialId: null}c63d63f4-e4a3-48b0-8e66-cfae5c1ce3a1{ip: 192.168.36.85, host: pr-hdds-1898-9jx57-4170240974, networkLocation: /default-rack, certSerialId: null}, Type:RATIS, Factor:THREE, State:CLOSED]
2019-08-22 09:28:47,498 [EventQueue-StaleNodeForStaleNodeHandler] INFO  node.StaleNodeHandler (StaleNodeHandler.java:onMessage(58)) - Datanode 75d72393-3020-4de0-a4ea-5e88f0c8cd61{ip: 192.168.36.85, host: pr-hdds-1898-9jx57-4170240974, networkLocation: /default-rack, certSerialId: null} moved to stale state. Finalizing its pipelines [PipelineID=6d5aee19-2f0d-4fb5-83f7-b474a246811f]
2019-08-22 09:28:47,499 [EventQueue-StaleNodeForStaleNodeHandler] INFO  pipeline.SCMPipelineManager (SCMPipelineManager.java:finalizeAndDestroyPipeline(309)) - destroying pipeline:Pipeline[ Id: 6d5aee19-2f0d-4fb5-83f7-b474a246811f, Nodes: 928f26db-de41-4c85-b3d0-1197049d8d00{ip: 192.168.36.85, host: pr-hdds-1898-9jx57-4170240974, networkLocation: /default-rack, certSerialId: null}f1e02cbd-f391-4fd8-b388-c076d48374d7{ip: 192.168.36.85, host: pr-hdds-1898-9jx57-4170240974, networkLocation: /default-rack, certSerialId: null}75d72393-3020-4de0-a4ea-5e88f0c8cd61{ip: 192.168.36.85, host: pr-hdds-1898-9jx57-4170240974, networkLocation: /default-rack, certSerialId: null}, Type:RATIS, Factor:THREE, State:CLOSED]
2019-08-22 09:28:47,850 [main] INFO  ozoneimpl.OzoneContainer (OzoneContainer.java:stop(199)) - Attempting to stop container services.
2019-08-22 09:28:47,851 [ForkJoinPool.commonPool-worker-0] INFO  ozoneimpl.OzoneContainer (OzoneContainer.java:stop(199)) - Attempting to stop container services.
2019-08-22 09:28:47,851 [main] INFO  impl.RaftServerProxy (RaftServerProxy.java:lambda$close$4(314)) - 75d72393-3020-4de0-a4ea-5e88f0c8cd61: close
2019-08-22 09:28:47,851 [ForkJoinPool.commonPool-worker-0] INFO  impl.RaftServerProxy (RaftServerProxy.java:lambda$close$4(314)) - c63d63f4-e4a3-48b0-8e66-cfae5c1ce3a1: close
2019-08-22 09:28:47,852 [main] INFO  impl.RaftServerImpl (RaftServerImpl.java:lambda$shutdown$3(245)) - 75d72393-3020-4de0-a4ea-5e88f0c8cd61: shutdown group-B474A246811F
2019-08-22 09:28:47,852 [ForkJoinPool.commonPool-worker-0] INFO  impl.RaftServerImpl (RaftServerImpl.java:lambda$shutdown$3(245)) - c63d63f4-e4a3-48b0-8e66-cfae5c1ce3a1: shutdown group-A4ECBBEBFC31
2019-08-22 09:28:47,852 [main] INFO  util.JmxRegister (JmxRegister.java:unregister(73)) - Successfully un-registered JMX Bean with object name Ratis:service=RaftServer,group=group-B474A246811F,id=75d72393-3020-4de0-a4ea-5e88f0c8cd61
2019-08-22 09:28:47,853 [main] INFO  impl.RoleInfo (RoleInfo.java:shutdownFollowerState(121)) - 75d72393-3020-4de0-a4ea-5e88f0c8cd61: shutdown FollowerState
2019-08-22 09:28:47,853 [ForkJoinPool.commonPool-worker-0] INFO  util.JmxRegister (JmxRegister.java:unregister(73)) - Successfully un-registered JMX Bean with object name Ratis:service=RaftServer,group=group-A4ECBBEBFC31,id=c63d63f4-e4a3-48b0-8e66-cfae5c1ce3a1
2019-08-22 09:28:47,854 [StateMachineUpdater:75d72393-3020-4de0-a4ea-5e88f0c8cd61:group-B474A246811F] INFO  ratis.ContainerStateMachine (ContainerStateMachine.java:takeSnapshot(283)) - group-B474A246811F: Taking a snapshot at:(t:2, i:3) file /workdir/hadoop-ozone/integration-test/target/test-dir/MiniOzoneClusterImpl-2e6e0ec1-3320-47b2-b0b8-5188264ac38e/datanode-6/data/ratis/6d5aee19-2f0d-4fb5-83f7-b474a246811f/sm/snapshot.2_3
2019-08-22 09:28:47,854 [Thread-3837] INFO  impl.FollowerState (FollowerState.java:run(114)) - 75d72393-3020-4de0-a4ea-5e88f0c8cd61: FollowerState was interrupted: java.lang.InterruptedException: sleep interrupted
2019-08-22 09:28:47,854 [main] INFO  impl.StateMachineUpdater (StateMachineUpdater.java:stopAndJoin(115)) - StateMachineUpdater:75d72393-3020-4de0-a4ea-5e88f0c8cd61:group-B474A246811F: set stopIndex = 4
2019-08-22 09:28:47,854 [ForkJoinPool.commonPool-worker-0] INFO  impl.RoleInfo (RoleInfo.java:shutdownLeaderState(104)) - c63d63f4-e4a3-48b0-8e66-cfae5c1ce3a1: shutdown LeaderState
2019-08-22 09:28:47,858 [ForkJoinPool.commonPool-worker-0] INFO  impl.PendingRequests (PendingRequests.java:sendNotLeaderResponses(202)) - c63d63f4-e4a3-48b0-8e66-cfae5c1ce3a1-PendingRequests: sendNotLeaderResponses
2019-08-22 09:28:47,858 [ForkJoinPool.commonPool-worker-0] INFO  impl.StateMachineUpdater (StateMachineUpdater.java:stopAndJoin(115)) - StateMachineUpdater:c63d63f4-e4a3-48b0-8e66-cfae5c1ce3a1:group-A4ECBBEBFC31: set stopIndex = 0
2019-08-22 09:28:47,859 [ForkJoinPool.commonPool-worker-0] INFO  impl.RaftServerImpl (ServerState.java:close(394)) - c63d63f4-e4a3-48b0-8e66-cfae5c1ce3a1:group-A4ECBBEBFC31 closes. The last applied log index is 0
2019-08-22 09:28:47,859 [c63d63f4-e4a3-48b0-8e66-cfae5c1ce3a1-SegmentedRaftLogWorker:Storage Directory /workdir/hadoop-ozone/integration-test/target/test-dir/MiniOzoneClusterImpl-2e6e0ec1-3320-47b2-b0b8-5188264ac38e/datanode-5/data/ratis/ea95797e-9a91-4dc8-9ed4-a4ecbbebfc31] INFO  segmented.SegmentedRaftLogWorker (SegmentedRaftLogWorker.java:run(313)) - c63d63f4-e4a3-48b0-8e66-cfae5c1ce3a1-SegmentedRaftLogWorker:Storage Directory /workdir/hadoop-ozone/integration-test/target/test-dir/MiniOzoneClusterImpl-2e6e0ec1-3320-47b2-b0b8-5188264ac38e/datanode-5/data/ratis/ea95797e-9a91-4dc8-9ed4-a4ecbbebfc31 was interrupted, exiting. There are 0 tasks remaining in the queue.
2019-08-22 09:28:47,859 [ForkJoinPool.commonPool-worker-0] INFO  segmented.SegmentedRaftLogWorker (SegmentedRaftLogWorker.java:close(228)) - c63d63f4-e4a3-48b0-8e66-cfae5c1ce3a1-SegmentedRaftLogWorker:Storage Directory /workdir/hadoop-ozone/integration-test/target/test-dir/MiniOzoneClusterImpl-2e6e0ec1-3320-47b2-b0b8-5188264ac38e/datanode-5/data/ratis/ea95797e-9a91-4dc8-9ed4-a4ecbbebfc31 close()
2019-08-22 09:28:47,861 [ForkJoinPool.commonPool-worker-0] INFO  impl.RaftServerImpl (RaftServerImpl.java:lambda$shutdown$3(245)) - c63d63f4-e4a3-48b0-8e66-cfae5c1ce3a1: shutdown group-713CD145619D
2019-08-22 09:28:47,862 [ForkJoinPool.commonPool-worker-0] INFO  util.JmxRegister (JmxRegister.java:unregister(73)) - Successfully un-registered JMX Bean with object name Ratis:service=RaftServer,group=group-713CD145619D,id=c63d63f4-e4a3-48b0-8e66-cfae5c1ce3a1
2019-08-22 09:28:47,862 [ForkJoinPool.commonPool-worker-0] INFO  impl.RoleInfo (RoleInfo.java:shutdownFollowerState(121)) - c63d63f4-e4a3-48b0-8e66-cfae5c1ce3a1: shutdown FollowerState
2019-08-22 09:28:47,862 [ForkJoinPool.commonPool-worker-0] INFO  impl.StateMachineUpdater (StateMachineUpdater.java:stopAndJoin(115)) - StateMachineUpdater:c63d63f4-e4a3-48b0-8e66-cfae5c1ce3a1:group-713CD145619D: set stopIndex = 16
2019-08-22 09:28:47,862 [StateMachineUpdater:c63d63f4-e4a3-48b0-8e66-cfae5c1ce3a1:group-713CD145619D] INFO  ratis.ContainerStateMachine (ContainerStateMachine.java:takeSnapshot(283)) - group-713CD145619D: Taking a snapshot at:(t:1, i:16) file /workdir/hadoop-ozone/integration-test/target/test-dir/MiniOzoneClusterImpl-2e6e0ec1-3320-47b2-b0b8-5188264ac38e/datanode-5/data/ratis/5e53caaf-fbcb-4322-ac80-713cd145619d/sm/snapshot.1_16
2019-08-22 09:28:47,862 [Thread-3833] INFO  impl.FollowerState (FollowerState.java:run(114)) - c63d63f4-e4a3-48b0-8e66-cfae5c1ce3a1: FollowerState was interrupted: java.lang.InterruptedException: sleep interrupted
2019-08-22 09:28:47,881 [StateMachineUpdater:c63d63f4-e4a3-48b0-8e66-cfae5c1ce3a1:group-713CD145619D] INFO  ratis.ContainerStateMachine (ContainerStateMachine.java:takeSnapshot(294)) - group-713CD145619D: Finished taking a snapshot at:(t:1, i:16) file:/workdir/hadoop-ozone/integration-test/target/test-dir/MiniOzoneClusterImpl-2e6e0ec1-3320-47b2-b0b8-5188264ac38e/datanode-5/data/ratis/5e53caaf-fbcb-4322-ac80-713cd145619d/sm/snapshot.1_16 time:19
2019-08-22 09:28:47,881 [StateMachineUpdater:75d72393-3020-4de0-a4ea-5e88f0c8cd61:group-B474A246811F] INFO  ratis.ContainerStateMachine (ContainerStateMachine.java:takeSnapshot(294)) - group-B474A246811F: Finished taking a snapshot at:(t:2, i:3) file:/workdir/hadoop-ozone/integration-test/target/test-dir/MiniOzoneClusterImpl-2e6e0ec1-3320-47b2-b0b8-5188264ac38e/datanode-6/data/ratis/6d5aee19-2f0d-4fb5-83f7-b474a246811f/sm/snapshot.2_3 time:28
2019-08-22 09:28:47,882 [StateMachineUpdater:c63d63f4-e4a3-48b0-8e66-cfae5c1ce3a1:group-713CD145619D] INFO  impl.StateMachineUpdater (StateMachineUpdater.java:takeSnapshot(242)) - StateMachineUpdater:c63d63f4-e4a3-48b0-8e66-cfae5c1ce3a1:group-713CD145619D: Took a snapshot at index 16
2019-08-22 09:28:47,882 [StateMachineUpdater:75d72393-3020-4de0-a4ea-5e88f0c8cd61:group-B474A246811F] INFO  impl.StateMachineUpdater (StateMachineUpdater.java:takeSnapshot(242)) - StateMachineUpdater:75d72393-3020-4de0-a4ea-5e88f0c8cd61:group-B474A246811F: Took a snapshot at index 3
2019-08-22 09:28:47,882 [StateMachineUpdater:c63d63f4-e4a3-48b0-8e66-cfae5c1ce3a1:group-713CD145619D] INFO  impl.StateMachineUpdater (StateMachineUpdater.java:lambda$new$0(80)) - StateMachineUpdater:c63d63f4-e4a3-48b0-8e66-cfae5c1ce3a1:group-713CD145619D: snapshotIndex: updateIncreasingly -1 -> 16
2019-08-22 09:28:47,882 [StateMachineUpdater:75d72393-3020-4de0-a4ea-5e88f0c8cd61:group-B474A246811F] INFO  impl.StateMachineUpdater (StateMachineUpdater.java:lambda$new$0(80)) - StateMachineUpdater:75d72393-3020-4de0-a4ea-5e88f0c8cd61:group-B474A246811F: snapshotIndex: updateIncreasingly -1 -> 3
2019-08-22 09:28:47,882 [ForkJoinPool.commonPool-worker-0] INFO  impl.RaftServerImpl (ServerState.java:close(394)) - c63d63f4-e4a3-48b0-8e66-cfae5c1ce3a1:group-713CD145619D closes. The last applied log index is 16
2019-08-22 09:28:47,883 [main] INFO  impl.RaftServerImpl (ServerState.java:close(394)) - 75d72393-3020-4de0-a4ea-5e88f0c8cd61:group-B474A246811F closes. The last applied log index is 4
2019-08-22 09:28:47,883 [c63d63f4-e4a3-48b0-8e66-cfae5c1ce3a1-SegmentedRaftLogWorker:Storage Directory /workdir/hadoop-ozone/integration-test/target/test-dir/MiniOzoneClusterImpl-2e6e0ec1-3320-47b2-b0b8-5188264ac38e/datanode-5/data/ratis/5e53caaf-fbcb-4322-ac80-713cd145619d] INFO  segmented.SegmentedRaftLogWorker (SegmentedRaftLogWorker.java:run(313)) - c63d63f4-e4a3-48b0-8e66-cfae5c1ce3a1-SegmentedRaftLogWorker:Storage Directory /workdir/hadoop-ozone/integration-test/target/test-dir/MiniOzoneClusterImpl-2e6e0ec1-3320-47b2-b0b8-5188264ac38e/datanode-5/data/ratis/5e53caaf-fbcb-4322-ac80-713cd145619d was interrupted, exiting. There are 0 tasks remaining in the queue.
2019-08-22 09:28:47,884 [75d72393-3020-4de0-a4ea-5e88f0c8cd61-SegmentedRaftLogWorker:Storage Directory /workdir/hadoop-ozone/integration-test/target/test-dir/MiniOzoneClusterImpl-2e6e0ec1-3320-47b2-b0b8-5188264ac38e/datanode-6/data/ratis/6d5aee19-2f0d-4fb5-83f7-b474a246811f] INFO  segmented.SegmentedRaftLogWorker (SegmentedRaftLogWorker.java:run(313)) - 75d72393-3020-4de0-a4ea-5e88f0c8cd61-SegmentedRaftLogWorker:Storage Directory /workdir/hadoop-ozone/integration-test/target/test-dir/MiniOzoneClusterImpl-2e6e0ec1-3320-47b2-b0b8-5188264ac38e/datanode-6/data/ratis/6d5aee19-2f0d-4fb5-83f7-b474a246811f was interrupted, exiting. There are 0 tasks remaining in the queue.
2019-08-22 09:28:47,884 [ForkJoinPool.commonPool-worker-0] INFO  segmented.SegmentedRaftLogWorker (SegmentedRaftLogWorker.java:close(228)) - c63d63f4-e4a3-48b0-8e66-cfae5c1ce3a1-SegmentedRaftLogWorker:Storage Directory /workdir/hadoop-ozone/integration-test/target/test-dir/MiniOzoneClusterImpl-2e6e0ec1-3320-47b2-b0b8-5188264ac38e/datanode-5/data/ratis/5e53caaf-fbcb-4322-ac80-713cd145619d close()
2019-08-22 09:28:47,884 [main] INFO  segmented.SegmentedRaftLogWorker (SegmentedRaftLogWorker.java:close(228)) - 75d72393-3020-4de0-a4ea-5e88f0c8cd61-SegmentedRaftLogWorker:Storage Directory /workdir/hadoop-ozone/integration-test/target/test-dir/MiniOzoneClusterImpl-2e6e0ec1-3320-47b2-b0b8-5188264ac38e/datanode-6/data/ratis/6d5aee19-2f0d-4fb5-83f7-b474a246811f close()
2019-08-22 09:28:47,886 [ForkJoinPool.commonPool-worker-0] INFO  server.GrpcService (GrpcService.java:closeImpl(155)) - c63d63f4-e4a3-48b0-8e66-cfae5c1ce3a1: shutdown server with port 38743 now
2019-08-22 09:28:47,888 [main] INFO  server.GrpcService (GrpcService.java:closeImpl(155)) - 75d72393-3020-4de0-a4ea-5e88f0c8cd61: shutdown server with port 42083 now
2019-08-22 09:28:47,888 [ForkJoinPool.commonPool-worker-0] INFO  server.GrpcService (GrpcService.java:closeImpl(163)) - c63d63f4-e4a3-48b0-8e66-cfae5c1ce3a1: shutdown server with port 38743 successfully
2019-08-22 09:28:47,889 [main] INFO  server.GrpcService (GrpcService.java:closeImpl(163)) - 75d72393-3020-4de0-a4ea-5e88f0c8cd61: shutdown server with port 42083 successfully
2019-08-22 09:28:47,890 [ForkJoinPool.commonPool-worker-0] INFO  utils.BackgroundService (BackgroundService.java:shutdown(148)) - Shutting down service BlockDeletingService
2019-08-22 09:28:47,895 [refreshUsed-/workdir/hadoop-ozone/integration-test/target/test-dir/MiniOzoneClusterImpl-2e6e0ec1-3320-47b2-b0b8-5188264ac38e/datanode-5/data/containers] WARN  fs.CachingGetSpaceUsed (CachingGetSpaceUsed.java:run(183)) - Thread Interrupted waiting to refresh disk information: sleep interrupted
2019-08-22 09:28:47,896 [main] INFO  utils.BackgroundService (BackgroundService.java:shutdown(148)) - Shutting down service BlockDeletingService
2019-08-22 09:28:47,901 [refreshUsed-/workdir/hadoop-ozone/integration-test/target/test-dir/MiniOzoneClusterImpl-2e6e0ec1-3320-47b2-b0b8-5188264ac38e/datanode-6/data/containers] WARN  fs.CachingGetSpaceUsed (CachingGetSpaceUsed.java:run(183)) - Thread Interrupted waiting to refresh disk information: sleep interrupted
2019-08-22 09:28:47,920 [ForkJoinPool.commonPool-worker-0] INFO  statemachine.DatanodeStateMachine (DatanodeStateMachine.java:stopDaemon(395)) - Ozone container server stopped.
2019-08-22 09:28:47,924 [ForkJoinPool.commonPool-worker-0] INFO  handler.ContextHandler (ContextHandler.java:doStop(910)) - Stopped o.e.j.w.WebAppContext@19305a7c{/,null,UNAVAILABLE}{/hddsDatanode}
2019-08-22 09:28:47,927 [ForkJoinPool.commonPool-worker-0] INFO  server.AbstractConnector (AbstractConnector.java:doStop(318)) - Stopped ServerConnector@7e0fc5d0{HTTP/1.1,[http/1.1]}{0.0.0.0:0}
2019-08-22 09:28:47,928 [main] INFO  statemachine.DatanodeStateMachine (DatanodeStateMachine.java:stopDaemon(395)) - Ozone container server stopped.
2019-08-22 09:28:47,933 [ForkJoinPool.commonPool-worker-0] INFO  handler.ContextHandler (ContextHandler.java:doStop(910)) - Stopped o.e.j.s.ServletContextHandler@1c8e4810{/static,jar:file:/home/user/.m2/repository/org/apache/hadoop/hadoop-hdds-container-service/0.5.0-SNAPSHOT/hadoop-hdds-container-service-0.5.0-SNAPSHOT.jar!/webapps/static,UNAVAILABLE}
2019-08-22 09:28:47,933 [ForkJoinPool.commonPool-worker-0] INFO  handler.ContextHandler (ContextHandler.java:doStop(910)) - Stopped o.e.j.s.ServletContextHandler@465eb466{/logs,file:///workdir/hadoop-ozone/integration-test/target/log,UNAVAILABLE}
2019-08-22 09:28:47,934 [main] INFO  handler.ContextHandler (ContextHandler.java:doStop(910)) - Stopped o.e.j.w.WebAppContext@1368e451{/,null,UNAVAILABLE}{/hddsDatanode}
2019-08-22 09:28:47,936 [main] INFO  server.AbstractConnector (AbstractConnector.java:doStop(318)) - Stopped ServerConnector@6ce365b7{HTTP/1.1,[http/1.1]}{0.0.0.0:0}
2019-08-22 09:28:47,936 [main] INFO  handler.ContextHandler (ContextHandler.java:doStop(910)) - Stopped o.e.j.s.ServletContextHandler@49825659{/static,jar:file:/home/user/.m2/repository/org/apache/hadoop/hadoop-hdds-container-service/0.5.0-SNAPSHOT/hadoop-hdds-container-service-0.5.0-SNAPSHOT.jar!/webapps/static,UNAVAILABLE}
2019-08-22 09:28:47,937 [main] INFO  handler.ContextHandler (ContextHandler.java:doStop(910)) - Stopped o.e.j.s.ServletContextHandler@d3e9629{/logs,file:///workdir/hadoop-ozone/integration-test/target/log,UNAVAILABLE}
2019-08-22 09:28:47,938 [main] INFO  ozone.MiniOzoneClusterImpl (MiniOzoneClusterImpl.java:stop(353)) - Stopping the StorageContainerManager
2019-08-22 09:28:47,938 [main] INFO  server.StorageContainerManager (StorageContainerManager.java:stop(797)) - Stopping Replication Manager Service.
2019-08-22 09:28:47,938 [main] INFO  container.ReplicationManager (ReplicationManager.java:stop(193)) - Stopping Replication Monitor Thread.
2019-08-22 09:28:47,939 [main] INFO  server.StorageContainerManager (StorageContainerManager.java:stop(804)) - Stopping Lease Manager of the command watchers
2019-08-22 09:28:47,939 [main] INFO  server.StorageContainerManager (StorageContainerManager.java:stop(811)) - Stopping datanode service RPC server
2019-08-22 09:28:47,939 [main] INFO  server.SCMDatanodeProtocolServer (SCMDatanodeProtocolServer.java:stop(367)) - Stopping the RPC server for DataNodes
2019-08-22 09:28:47,939 [main] INFO  ipc.Server (Server.java:stop(3082)) - Stopping server on 44903
2019-08-22 09:28:47,943 [IPC Server listener on 44903] INFO  ipc.Server (Server.java:run(1185)) - Stopping IPC Server listener on 44903
2019-08-22 09:28:47,943 [IPC Server Responder] INFO  ipc.Server (Server.java:run(1319)) - Stopping IPC Server Responder
2019-08-22 09:28:47,999 [SCM Heartbeat Processing Thread - 0] WARN  node.NodeStateManager (NodeStateManager.java:scheduleNextHealthCheck(646)) - Current Thread is interrupted, shutting down HB processing thread for Node Manager.
2019-08-22 09:28:47,999 [main] INFO  server.StorageContainerManager (StorageContainerManager.java:stop(819)) - Stopping block service RPC server
2019-08-22 09:28:47,999 [main] INFO  server.SCMBlockProtocolServer (SCMBlockProtocolServer.java:stop(148)) - Stopping the RPC server for Block Protocol
2019-08-22 09:28:48,000 [main] INFO  ipc.Server (Server.java:stop(3082)) - Stopping server on 33852
2019-08-22 09:28:48,002 [IPC Server listener on 33852] INFO  ipc.Server (Server.java:run(1185)) - Stopping IPC Server listener on 33852
2019-08-22 09:28:48,003 [main] INFO  server.StorageContainerManager (StorageContainerManager.java:stop(826)) - Stopping the StorageContainerLocationProtocol RPC server
2019-08-22 09:28:48,004 [IPC Server Responder] INFO  ipc.Server (Server.java:run(1319)) - Stopping IPC Server Responder
2019-08-22 09:28:48,005 [main] INFO  server.SCMClientProtocolServer (SCMClientProtocolServer.java:stop(159)) - Stopping the RPC server for Client Protocol
2019-08-22 09:28:48,005 [main] INFO  ipc.Server (Server.java:stop(3082)) - Stopping server on 38984
2019-08-22 09:28:48,007 [IPC Server listener on 38984] INFO  ipc.Server (Server.java:run(1185)) - Stopping IPC Server listener on 38984
2019-08-22 09:28:48,007 [main] INFO  server.StorageContainerManager (StorageContainerManager.java:stop(833)) - Stopping Storage Container Manager HTTP server.
2019-08-22 09:28:48,009 [IPC Server Responder] INFO  ipc.Server (Server.java:run(1319)) - Stopping IPC Server Responder
2019-08-22 09:28:48,010 [main] INFO  handler.ContextHandler (ContextHandler.java:doStop(910)) - Stopped o.e.j.w.WebAppContext@2db0dd19{/,null,UNAVAILABLE}{/scm}
2019-08-22 09:28:48,011 [main] INFO  server.AbstractConnector (AbstractConnector.java:doStop(318)) - Stopped ServerConnector@354ff4f6{HTTP/1.1,[http/1.1]}{0.0.0.0:0}
2019-08-22 09:28:48,011 [main] INFO  handler.ContextHandler (ContextHandler.java:doStop(910)) - Stopped o.e.j.s.ServletContextHandler@5f4f198c{/static,file:///workdir/hadoop-ozone/integration-test/target/test-classes/webapps/static,UNAVAILABLE}
2019-08-22 09:28:48,012 [main] INFO  handler.ContextHandler (ContextHandler.java:doStop(910)) - Stopped o.e.j.s.ServletContextHandler@17e2ad13{/logs,file:///workdir/hadoop-ozone/integration-test/target/log,UNAVAILABLE}
2019-08-22 09:28:48,013 [main] INFO  server.StorageContainerManager (StorageContainerManager.java:stop(844)) - Stopping Block Manager Service.
2019-08-22 09:28:48,013 [main] INFO  utils.BackgroundService (BackgroundService.java:shutdown(148)) - Shutting down service SCMBlockDeletingService
2019-08-22 09:28:48,014 [main] INFO  utils.BackgroundService (BackgroundService.java:shutdown(148)) - Shutting down service SCMBlockDeletingService
2019-08-22 09:28:48,014 [main] INFO  server.StorageContainerManager (StorageContainerManager.java:stop(866)) - Stopping SCM Event Queue.
2019-08-22 09:28:48,020 [main] INFO  impl.MetricsSystemImpl (MetricsSystemImpl.java:stop(210)) - Stopping HddsDatanode metrics system...
2019-08-22 09:28:48,035 [main] INFO  impl.MetricsSystemImpl (MetricsSystemImpl.java:stop(216)) - HddsDatanode metrics system stopped.
]]></system-out>
    <system-err><![CDATA[Aug 22, 2019 9:27:36 AM com.sun.jersey.server.impl.application.WebApplicationImpl _initiate
INFO: Initiating Jersey application, version 'Jersey: 1.19 02/11/2015 03:25 AM'
Aug 22, 2019 9:27:37 AM com.sun.jersey.server.impl.application.WebApplicationImpl _initiate
INFO: Initiating Jersey application, version 'Jersey: 1.19 02/11/2015 03:25 AM'
Aug 22, 2019 9:27:37 AM com.sun.jersey.server.impl.application.WebApplicationImpl _initiate
INFO: Initiating Jersey application, version 'Jersey: 1.19 02/11/2015 03:25 AM'
Aug 22, 2019 9:27:37 AM com.sun.jersey.server.impl.application.WebApplicationImpl _initiate
INFO: Initiating Jersey application, version 'Jersey: 1.19 02/11/2015 03:25 AM'
Aug 22, 2019 9:27:38 AM com.sun.jersey.server.impl.application.WebApplicationImpl _initiate
INFO: Initiating Jersey application, version 'Jersey: 1.19 02/11/2015 03:25 AM'
Aug 22, 2019 9:27:38 AM com.sun.jersey.server.impl.application.WebApplicationImpl _initiate
INFO: Initiating Jersey application, version 'Jersey: 1.19 02/11/2015 03:25 AM'
Aug 22, 2019 9:27:38 AM com.sun.jersey.server.impl.application.WebApplicationImpl _initiate
INFO: Initiating Jersey application, version 'Jersey: 1.19 02/11/2015 03:25 AM'
Aug 22, 2019 9:27:41 AM org.apache.ratis.thirdparty.io.grpc.internal.ManagedChannelOrphanWrapper$ManagedChannelReference cleanQueue
SEVERE: *~*~*~ Channel ManagedChannelImpl{logId=2599, target=192.168.36.85:43012} was not shutdown properly!!! ~*~*~*
    Make sure to call shutdown()/shutdownNow() and wait until awaitTermination() returns true.
java.lang.RuntimeException: ManagedChannel allocation site
	at org.apache.ratis.thirdparty.io.grpc.internal.ManagedChannelOrphanWrapper$ManagedChannelReference.<init>(ManagedChannelOrphanWrapper.java:103)
	at org.apache.ratis.thirdparty.io.grpc.internal.ManagedChannelOrphanWrapper.<init>(ManagedChannelOrphanWrapper.java:53)
	at org.apache.ratis.thirdparty.io.grpc.internal.ManagedChannelOrphanWrapper.<init>(ManagedChannelOrphanWrapper.java:44)
	at org.apache.ratis.thirdparty.io.grpc.internal.AbstractManagedChannelImplBuilder.build(AbstractManagedChannelImplBuilder.java:411)
	at org.apache.hadoop.hdds.scm.XceiverClientGrpc.connectToDatanode(XceiverClientGrpc.java:174)
	at org.apache.hadoop.hdds.scm.XceiverClientGrpc.reconnect(XceiverClientGrpc.java:422)
	at org.apache.hadoop.hdds.scm.XceiverClientGrpc.sendCommandAsync(XceiverClientGrpc.java:371)
	at org.apache.hadoop.hdds.scm.XceiverClientGrpc.sendCommandWithRetry(XceiverClientGrpc.java:284)
	at org.apache.hadoop.hdds.scm.XceiverClientGrpc.sendCommandWithTraceIDAndRetry(XceiverClientGrpc.java:250)
	at org.apache.hadoop.hdds.scm.XceiverClientGrpc.sendCommand(XceiverClientGrpc.java:233)
	at org.apache.hadoop.hdds.scm.storage.ContainerProtocolCalls.getBlock(ContainerProtocolCalls.java:118)
	at org.apache.hadoop.hdds.scm.storage.BlockInputStream.getChunkInfos(BlockInputStream.java:167)
	at org.apache.hadoop.hdds.scm.storage.BlockInputStream.initialize(BlockInputStream.java:118)
	at org.apache.hadoop.hdds.scm.storage.BlockInputStream.read(BlockInputStream.java:222)
	at org.apache.hadoop.ozone.client.io.KeyInputStream.read(KeyInputStream.java:171)
	at org.apache.hadoop.ozone.client.io.OzoneInputStream.read(OzoneInputStream.java:47)
	at java.io.InputStream.read(InputStream.java:101)
	at org.apache.hadoop.ozone.container.ContainerTestHelper.validateData(ContainerTestHelper.java:713)
	at org.apache.hadoop.ozone.client.rpc.TestBlockOutputStreamWithFailures.validateData(TestBlockOutputStreamWithFailures.java:1216)
	at org.apache.hadoop.ozone.client.rpc.TestBlockOutputStreamWithFailures.testWatchForCommitWithSingleNodeRatis(TestBlockOutputStreamWithFailures.java:918)
	at sun.reflect.NativeMethodAccessorImpl.invoke0(Native Method)
	at sun.reflect.NativeMethodAccessorImpl.invoke(NativeMethodAccessorImpl.java:62)
	at sun.reflect.DelegatingMethodAccessorImpl.invoke(DelegatingMethodAccessorImpl.java:43)
	at java.lang.reflect.Method.invoke(Method.java:498)
	at org.junit.runners.model.FrameworkMethod$1.runReflectiveCall(FrameworkMethod.java:47)
	at org.junit.internal.runners.model.ReflectiveCallable.run(ReflectiveCallable.java:12)
	at org.junit.runners.model.FrameworkMethod.invokeExplosively(FrameworkMethod.java:44)
	at org.junit.internal.runners.statements.InvokeMethod.evaluate(InvokeMethod.java:17)
	at org.junit.internal.runners.statements.RunBefores.evaluate(RunBefores.java:26)
	at org.junit.internal.runners.statements.RunAfters.evaluate(RunAfters.java:27)
	at org.junit.runners.ParentRunner.runLeaf(ParentRunner.java:271)
	at org.junit.runners.BlockJUnit4ClassRunner.runChild(BlockJUnit4ClassRunner.java:70)
	at org.junit.runners.BlockJUnit4ClassRunner.runChild(BlockJUnit4ClassRunner.java:50)
	at org.junit.runners.ParentRunner$3.run(ParentRunner.java:238)
	at org.junit.runners.ParentRunner$1.schedule(ParentRunner.java:63)
	at org.junit.runners.ParentRunner.runChildren(ParentRunner.java:236)
	at org.junit.runners.ParentRunner.access$000(ParentRunner.java:53)
	at org.junit.runners.ParentRunner$2.evaluate(ParentRunner.java:229)
	at org.junit.runners.ParentRunner.run(ParentRunner.java:309)
	at org.apache.maven.surefire.junit4.JUnit4Provider.execute(JUnit4Provider.java:365)
	at org.apache.maven.surefire.junit4.JUnit4Provider.executeWithRerun(JUnit4Provider.java:273)
	at org.apache.maven.surefire.junit4.JUnit4Provider.executeTestSet(JUnit4Provider.java:238)
	at org.apache.maven.surefire.junit4.JUnit4Provider.invoke(JUnit4Provider.java:159)
	at org.apache.maven.surefire.booter.ForkedBooter.invokeProviderInSameClassLoader(ForkedBooter.java:384)
	at org.apache.maven.surefire.booter.ForkedBooter.runSuitesInProcess(ForkedBooter.java:345)
	at org.apache.maven.surefire.booter.ForkedBooter.execute(ForkedBooter.java:126)
	at org.apache.maven.surefire.booter.ForkedBooter.main(ForkedBooter.java:418)

Aug 22, 2019 9:27:41 AM org.apache.ratis.thirdparty.io.grpc.internal.ManagedChannelOrphanWrapper$ManagedChannelReference cleanQueue
SEVERE: *~*~*~ Channel ManagedChannelImpl{logId=2594, target=192.168.36.85:40891} was not shutdown properly!!! ~*~*~*
    Make sure to call shutdown()/shutdownNow() and wait until awaitTermination() returns true.
java.lang.RuntimeException: ManagedChannel allocation site
	at org.apache.ratis.thirdparty.io.grpc.internal.ManagedChannelOrphanWrapper$ManagedChannelReference.<init>(ManagedChannelOrphanWrapper.java:103)
	at org.apache.ratis.thirdparty.io.grpc.internal.ManagedChannelOrphanWrapper.<init>(ManagedChannelOrphanWrapper.java:53)
	at org.apache.ratis.thirdparty.io.grpc.internal.ManagedChannelOrphanWrapper.<init>(ManagedChannelOrphanWrapper.java:44)
	at org.apache.ratis.thirdparty.io.grpc.internal.AbstractManagedChannelImplBuilder.build(AbstractManagedChannelImplBuilder.java:411)
	at org.apache.hadoop.hdds.scm.XceiverClientGrpc.connectToDatanode(XceiverClientGrpc.java:174)
	at org.apache.hadoop.hdds.scm.XceiverClientGrpc.reconnect(XceiverClientGrpc.java:422)
	at org.apache.hadoop.hdds.scm.XceiverClientGrpc.sendCommandAsync(XceiverClientGrpc.java:371)
	at org.apache.hadoop.hdds.scm.XceiverClientGrpc.sendCommandWithRetry(XceiverClientGrpc.java:284)
	at org.apache.hadoop.hdds.scm.XceiverClientGrpc.sendCommandWithTraceIDAndRetry(XceiverClientGrpc.java:250)
	at org.apache.hadoop.hdds.scm.XceiverClientGrpc.sendCommand(XceiverClientGrpc.java:233)
	at org.apache.hadoop.hdds.scm.storage.ContainerProtocolCalls.getBlock(ContainerProtocolCalls.java:118)
	at org.apache.hadoop.hdds.scm.storage.BlockInputStream.getChunkInfos(BlockInputStream.java:167)
	at org.apache.hadoop.hdds.scm.storage.BlockInputStream.initialize(BlockInputStream.java:118)
	at org.apache.hadoop.hdds.scm.storage.BlockInputStream.read(BlockInputStream.java:222)
	at org.apache.hadoop.ozone.client.io.KeyInputStream.read(KeyInputStream.java:171)
	at org.apache.hadoop.ozone.client.io.OzoneInputStream.read(OzoneInputStream.java:47)
	at java.io.InputStream.read(InputStream.java:101)
	at org.apache.hadoop.ozone.container.ContainerTestHelper.validateData(ContainerTestHelper.java:713)
	at org.apache.hadoop.ozone.client.rpc.TestBlockOutputStreamWithFailures.validateData(TestBlockOutputStreamWithFailures.java:1216)
	at org.apache.hadoop.ozone.client.rpc.TestBlockOutputStreamWithFailures.testWatchForCommitWithSingleNodeRatis(TestBlockOutputStreamWithFailures.java:918)
	at sun.reflect.NativeMethodAccessorImpl.invoke0(Native Method)
	at sun.reflect.NativeMethodAccessorImpl.invoke(NativeMethodAccessorImpl.java:62)
	at sun.reflect.DelegatingMethodAccessorImpl.invoke(DelegatingMethodAccessorImpl.java:43)
	at java.lang.reflect.Method.invoke(Method.java:498)
	at org.junit.runners.model.FrameworkMethod$1.runReflectiveCall(FrameworkMethod.java:47)
	at org.junit.internal.runners.model.ReflectiveCallable.run(ReflectiveCallable.java:12)
	at org.junit.runners.model.FrameworkMethod.invokeExplosively(FrameworkMethod.java:44)
	at org.junit.internal.runners.statements.InvokeMethod.evaluate(InvokeMethod.java:17)
	at org.junit.internal.runners.statements.RunBefores.evaluate(RunBefores.java:26)
	at org.junit.internal.runners.statements.RunAfters.evaluate(RunAfters.java:27)
	at org.junit.runners.ParentRunner.runLeaf(ParentRunner.java:271)
	at org.junit.runners.BlockJUnit4ClassRunner.runChild(BlockJUnit4ClassRunner.java:70)
	at org.junit.runners.BlockJUnit4ClassRunner.runChild(BlockJUnit4ClassRunner.java:50)
	at org.junit.runners.ParentRunner$3.run(ParentRunner.java:238)
	at org.junit.runners.ParentRunner$1.schedule(ParentRunner.java:63)
	at org.junit.runners.ParentRunner.runChildren(ParentRunner.java:236)
	at org.junit.runners.ParentRunner.access$000(ParentRunner.java:53)
	at org.junit.runners.ParentRunner$2.evaluate(ParentRunner.java:229)
	at org.junit.runners.ParentRunner.run(ParentRunner.java:309)
	at org.apache.maven.surefire.junit4.JUnit4Provider.execute(JUnit4Provider.java:365)
	at org.apache.maven.surefire.junit4.JUnit4Provider.executeWithRerun(JUnit4Provider.java:273)
	at org.apache.maven.surefire.junit4.JUnit4Provider.executeTestSet(JUnit4Provider.java:238)
	at org.apache.maven.surefire.junit4.JUnit4Provider.invoke(JUnit4Provider.java:159)
	at org.apache.maven.surefire.booter.ForkedBooter.invokeProviderInSameClassLoader(ForkedBooter.java:384)
	at org.apache.maven.surefire.booter.ForkedBooter.runSuitesInProcess(ForkedBooter.java:345)
	at org.apache.maven.surefire.booter.ForkedBooter.execute(ForkedBooter.java:126)
	at org.apache.maven.surefire.booter.ForkedBooter.main(ForkedBooter.java:418)

Aug 22, 2019 9:27:41 AM org.apache.ratis.thirdparty.io.grpc.internal.ManagedChannelOrphanWrapper$ManagedChannelReference cleanQueue
SEVERE: *~*~*~ Channel ManagedChannelImpl{logId=2589, target=192.168.36.85:37860} was not shutdown properly!!! ~*~*~*
    Make sure to call shutdown()/shutdownNow() and wait until awaitTermination() returns true.
java.lang.RuntimeException: ManagedChannel allocation site
	at org.apache.ratis.thirdparty.io.grpc.internal.ManagedChannelOrphanWrapper$ManagedChannelReference.<init>(ManagedChannelOrphanWrapper.java:103)
	at org.apache.ratis.thirdparty.io.grpc.internal.ManagedChannelOrphanWrapper.<init>(ManagedChannelOrphanWrapper.java:53)
	at org.apache.ratis.thirdparty.io.grpc.internal.ManagedChannelOrphanWrapper.<init>(ManagedChannelOrphanWrapper.java:44)
	at org.apache.ratis.thirdparty.io.grpc.internal.AbstractManagedChannelImplBuilder.build(AbstractManagedChannelImplBuilder.java:411)
	at org.apache.ratis.grpc.client.GrpcClientProtocolClient.<init>(GrpcClientProtocolClient.java:119)
	at org.apache.ratis.grpc.client.GrpcClientRpc.lambda$new$0(GrpcClientRpc.java:55)
	at org.apache.ratis.util.PeerProxyMap$PeerAndProxy.lambda$getProxy$0(PeerProxyMap.java:61)
	at org.apache.ratis.util.LifeCycle.startAndTransition(LifeCycle.java:202)
	at org.apache.ratis.util.PeerProxyMap$PeerAndProxy.getProxy(PeerProxyMap.java:60)
	at org.apache.ratis.util.PeerProxyMap.getProxy(PeerProxyMap.java:107)
	at org.apache.ratis.grpc.client.GrpcClientRpc.sendRequestAsync(GrpcClientRpc.java:66)
	at org.apache.ratis.client.impl.OrderedAsync.sendRequest(OrderedAsync.java:208)
	at org.apache.ratis.client.impl.OrderedAsync.sendRequestWithRetry(OrderedAsync.java:169)
	at org.apache.ratis.util.SlidingWindow$Client.sendOrDelayRequest(SlidingWindow.java:278)
	at org.apache.ratis.util.SlidingWindow$Client.submitNewRequest(SlidingWindow.java:257)
	at org.apache.ratis.client.impl.OrderedAsync.send(OrderedAsync.java:155)
	at org.apache.ratis.client.impl.RaftClientImpl.sendAsync(RaftClientImpl.java:145)
	at org.apache.ratis.client.impl.RaftClientImpl.sendAsync(RaftClientImpl.java:125)
	at org.apache.hadoop.hdds.scm.XceiverClientRatis.sendRequestAsync(XceiverClientRatis.java:224)
	at org.apache.hadoop.hdds.scm.XceiverClientRatis.sendCommandAsync(XceiverClientRatis.java:302)
	at org.apache.hadoop.hdds.scm.storage.ContainerProtocolCalls.writeChunkAsync(ContainerProtocolCalls.java:310)
	at org.apache.hadoop.hdds.scm.storage.BlockOutputStream.writeChunkToContainer(BlockOutputStream.java:601)
	at org.apache.hadoop.hdds.scm.storage.BlockOutputStream.writeChunk(BlockOutputStream.java:459)
	at org.apache.hadoop.hdds.scm.storage.BlockOutputStream.writeOnRetry(BlockOutputStream.java:285)
	at org.apache.hadoop.ozone.client.io.BlockOutputStreamEntry.writeOnRetry(BlockOutputStreamEntry.java:200)
	at org.apache.hadoop.ozone.client.io.KeyOutputStream.handleWrite(KeyOutputStream.java:209)
	at org.apache.hadoop.ozone.client.io.KeyOutputStream.handleRetry(KeyOutputStream.java:376)
	at org.apache.hadoop.ozone.client.io.KeyOutputStream.handleException(KeyOutputStream.java:325)
	at org.apache.hadoop.ozone.client.io.KeyOutputStream.handleFlushOrClose(KeyOutputStream.java:448)
	at org.apache.hadoop.ozone.client.io.KeyOutputStream.handleWrite(KeyOutputStream.java:235)
	at org.apache.hadoop.ozone.client.io.KeyOutputStream.write(KeyOutputStream.java:193)
	at org.apache.hadoop.ozone.client.io.OzoneOutputStream.write(OzoneOutputStream.java:49)
	at java.io.OutputStream.write(OutputStream.java:75)
	at org.apache.hadoop.ozone.client.rpc.TestBlockOutputStreamWithFailures.testWatchForCommitWithSingleNodeRatis(TestBlockOutputStreamWithFailures.java:885)
	at sun.reflect.NativeMethodAccessorImpl.invoke0(Native Method)
	at sun.reflect.NativeMethodAccessorImpl.invoke(NativeMethodAccessorImpl.java:62)
	at sun.reflect.DelegatingMethodAccessorImpl.invoke(DelegatingMethodAccessorImpl.java:43)
	at java.lang.reflect.Method.invoke(Method.java:498)
	at org.junit.runners.model.FrameworkMethod$1.runReflectiveCall(FrameworkMethod.java:47)
	at org.junit.internal.runners.model.ReflectiveCallable.run(ReflectiveCallable.java:12)
	at org.junit.runners.model.FrameworkMethod.invokeExplosively(FrameworkMethod.java:44)
	at org.junit.internal.runners.statements.InvokeMethod.evaluate(InvokeMethod.java:17)
	at org.junit.internal.runners.statements.RunBefores.evaluate(RunBefores.java:26)
	at org.junit.internal.runners.statements.RunAfters.evaluate(RunAfters.java:27)
	at org.junit.runners.ParentRunner.runLeaf(ParentRunner.java:271)
	at org.junit.runners.BlockJUnit4ClassRunner.runChild(BlockJUnit4ClassRunner.java:70)
	at org.junit.runners.BlockJUnit4ClassRunner.runChild(BlockJUnit4ClassRunner.java:50)
	at org.junit.runners.ParentRunner$3.run(ParentRunner.java:238)
	at org.junit.runners.ParentRunner$1.schedule(ParentRunner.java:63)
	at org.junit.runners.ParentRunner.runChildren(ParentRunner.java:236)
	at org.junit.runners.ParentRunner.access$000(ParentRunner.java:53)
	at org.junit.runners.ParentRunner$2.evaluate(ParentRunner.java:229)
	at org.junit.runners.ParentRunner.run(ParentRunner.java:309)
	at org.apache.maven.surefire.junit4.JUnit4Provider.execute(JUnit4Provider.java:365)
	at org.apache.maven.surefire.junit4.JUnit4Provider.executeWithRerun(JUnit4Provider.java:273)
	at org.apache.maven.surefire.junit4.JUnit4Provider.executeTestSet(JUnit4Provider.java:238)
	at org.apache.maven.surefire.junit4.JUnit4Provider.invoke(JUnit4Provider.java:159)
	at org.apache.maven.surefire.booter.ForkedBooter.invokeProviderInSameClassLoader(ForkedBooter.java:384)
	at org.apache.maven.surefire.booter.ForkedBooter.runSuitesInProcess(ForkedBooter.java:345)
	at org.apache.maven.surefire.booter.ForkedBooter.execute(ForkedBooter.java:126)
	at org.apache.maven.surefire.booter.ForkedBooter.main(ForkedBooter.java:418)

Aug 22, 2019 9:27:41 AM org.apache.ratis.thirdparty.io.grpc.internal.ManagedChannelOrphanWrapper$ManagedChannelReference cleanQueue
SEVERE: *~*~*~ Channel ManagedChannelImpl{logId=2584, target=192.168.36.85:34319} was not shutdown properly!!! ~*~*~*
    Make sure to call shutdown()/shutdownNow() and wait until awaitTermination() returns true.
java.lang.RuntimeException: ManagedChannel allocation site
	at org.apache.ratis.thirdparty.io.grpc.internal.ManagedChannelOrphanWrapper$ManagedChannelReference.<init>(ManagedChannelOrphanWrapper.java:103)
	at org.apache.ratis.thirdparty.io.grpc.internal.ManagedChannelOrphanWrapper.<init>(ManagedChannelOrphanWrapper.java:53)
	at org.apache.ratis.thirdparty.io.grpc.internal.ManagedChannelOrphanWrapper.<init>(ManagedChannelOrphanWrapper.java:44)
	at org.apache.ratis.thirdparty.io.grpc.internal.AbstractManagedChannelImplBuilder.build(AbstractManagedChannelImplBuilder.java:411)
	at org.apache.ratis.grpc.client.GrpcClientProtocolClient.<init>(GrpcClientProtocolClient.java:119)
	at org.apache.ratis.grpc.client.GrpcClientRpc.lambda$new$0(GrpcClientRpc.java:55)
	at org.apache.ratis.util.PeerProxyMap$PeerAndProxy.lambda$getProxy$0(PeerProxyMap.java:61)
	at org.apache.ratis.util.LifeCycle.startAndTransition(LifeCycle.java:202)
	at org.apache.ratis.util.PeerProxyMap$PeerAndProxy.getProxy(PeerProxyMap.java:60)
	at org.apache.ratis.util.PeerProxyMap.getProxy(PeerProxyMap.java:107)
	at org.apache.ratis.grpc.client.GrpcClientRpc.sendRequestAsync(GrpcClientRpc.java:66)
	at org.apache.ratis.client.impl.OrderedAsync.sendRequest(OrderedAsync.java:208)
	at org.apache.ratis.client.impl.OrderedAsync.sendRequestWithRetry(OrderedAsync.java:169)
	at org.apache.ratis.util.SlidingWindow$Client.sendOrDelayRequest(SlidingWindow.java:278)
	at org.apache.ratis.util.SlidingWindow$Client.retry(SlidingWindow.java:294)
	at org.apache.ratis.client.impl.OrderedAsync.lambda$scheduleWithTimeout$7(OrderedAsync.java:195)
	at org.apache.ratis.util.TimeoutScheduler.lambda$onTimeout$0(TimeoutScheduler.java:85)
	at org.apache.ratis.util.TimeoutScheduler.lambda$onTimeout$1(TimeoutScheduler.java:104)
	at org.apache.ratis.util.LogUtils.runAndLog(LogUtils.java:50)
	at org.apache.ratis.util.LogUtils$1.run(LogUtils.java:91)
	at java.util.concurrent.Executors$RunnableAdapter.call(Executors.java:511)
	at java.util.concurrent.FutureTask.run(FutureTask.java:266)
	at java.util.concurrent.ScheduledThreadPoolExecutor$ScheduledFutureTask.access$201(ScheduledThreadPoolExecutor.java:180)
	at java.util.concurrent.ScheduledThreadPoolExecutor$ScheduledFutureTask.run(ScheduledThreadPoolExecutor.java:293)
	at java.util.concurrent.ThreadPoolExecutor.runWorker(ThreadPoolExecutor.java:1149)
	at java.util.concurrent.ThreadPoolExecutor$Worker.run(ThreadPoolExecutor.java:624)
	at java.lang.Thread.run(Thread.java:748)

]]></system-err>
  </testcase>
  <testcase name="testFailureWithPrimeSizedData" classname="org.apache.hadoop.ozone.client.rpc.TestBlockOutputStreamWithFailures" time="55.881"/>
  <testcase name="testWatchForCommitWithCloseContainerException" classname="org.apache.hadoop.ozone.client.rpc.TestBlockOutputStreamWithFailures" time="39.652"/>
  <testcase name="testExceptionDuringClose" classname="org.apache.hadoop.ozone.client.rpc.TestBlockOutputStreamWithFailures" time="36.789"/>
</testsuite>