<?xml version="1.0" encoding="UTF-8"?>
<testsuite xmlns:xsi="http://www.w3.org/2001/XMLSchema-instance" xsi:noNamespaceSchemaLocation="https://maven.apache.org/surefire/maven-surefire-plugin/xsd/surefire-test-report.xsd" name="org.apache.hadoop.hdds.scm.pipeline.TestRatisPipelineCreateAndDestory" time="70.358" tests="2" errors="1" skipped="0" failures="0">
  <properties>
    <property name="awt.toolkit" value="sun.awt.X11.XToolkit"/>
    <property name="file.encoding.pkg" value="sun.io"/>
    <property name="java.specification.version" value="1.8"/>
    <property name="sun.cpu.isalist" value=""/>
    <property name="sun.jnu.encoding" value="UTF-8"/>
    <property name="java.class.path" value="/workdir/hadoop-ozone/integration-test/target/test-classes:/workdir/hadoop-ozone/integration-test/target/classes:/home/user/.m2/repository/org/apache/hadoop/hadoop-ozone-common/0.5.0-SNAPSHOT/hadoop-ozone-common-0.5.0-SNAPSHOT.jar:/home/user/.m2/repository/org/apache/commons/commons-compress/1.4.1/commons-compress-1.4.1.jar:/home/user/.m2/repository/org/tukaani/xz/1.0/xz-1.0.jar:/home/user/.m2/repository/org/apache/hadoop/hadoop-common/3.2.0/hadoop-common-3.2.0.jar:/home/user/.m2/repository/org/apache/hadoop/hadoop-hdfs/3.2.0/hadoop-hdfs-3.2.0.jar:/home/user/.m2/repository/org/apache/hadoop/hadoop-hdfs-client/3.2.0/hadoop-hdfs-client-3.2.0.jar:/home/user/.m2/repository/com/fasterxml/jackson/core/jackson-annotations/2.9.5/jackson-annotations-2.9.5.jar:/home/user/.m2/repository/org/apache/hadoop/hadoop-hdds-common/0.5.0-SNAPSHOT/hadoop-hdds-common-0.5.0-SNAPSHOT.jar:/home/user/.m2/repository/javax/annotation/javax.annotation-api/1.2/javax.annotation-api-1.2.jar:/home/user/.m2/repository/org/apache/ratis/ratis-server/0.4.0-2337318-SNAPSHOT/ratis-server-0.4.0-2337318-SNAPSHOT.jar:/home/user/.m2/repository/org/apache/ratis/ratis-thirdparty-misc/0.2.0/ratis-thirdparty-misc-0.2.0.jar:/home/user/.m2/repository/org/apache/ratis/ratis-proto/0.4.0-2337318-SNAPSHOT/ratis-proto-0.4.0-2337318-SNAPSHOT.jar:/home/user/.m2/repository/org/apache/ratis/ratis-common/0.4.0-2337318-SNAPSHOT/ratis-common-0.4.0-2337318-SNAPSHOT.jar:/home/user/.m2/repository/org/apache/ratis/ratis-client/0.4.0-2337318-SNAPSHOT/ratis-client-0.4.0-2337318-SNAPSHOT.jar:/home/user/.m2/repository/org/apache/ratis/ratis-metrics/0.4.0-2337318-SNAPSHOT/ratis-metrics-0.4.0-2337318-SNAPSHOT.jar:/home/user/.m2/repository/org/apache/ratis/ratis-netty/0.4.0-2337318-SNAPSHOT/ratis-netty-0.4.0-2337318-SNAPSHOT.jar:/home/user/.m2/repository/org/apache/ratis/ratis-grpc/0.4.0-2337318-SNAPSHOT/ratis-grpc-0.4.0-2337318-SNAPSHOT.jar:/home/user/.m2/repository/org/rocksdb/rocksdbjni/6.0.1/rocksdbjni-6.0.1.jar:/home/user/.m2/repository/org/apache/logging/log4j/log4j-api/2.11.0/log4j-api-2.11.0.jar:/home/user/.m2/repository/org/apache/logging/log4j/log4j-core/2.11.0/log4j-core-2.11.0.jar:/home/user/.m2/repository/com/lmax/disruptor/3.4.2/disruptor-3.4.2.jar:/home/user/.m2/repository/org/apache/commons/commons-pool2/2.6.0/commons-pool2-2.6.0.jar:/home/user/.m2/repository/org/bouncycastle/bcpkix-jdk15on/1.60/bcpkix-jdk15on-1.60.jar:/home/user/.m2/repository/commons-validator/commons-validator/1.6/commons-validator-1.6.jar:/home/user/.m2/repository/commons-digester/commons-digester/1.8.1/commons-digester-1.8.1.jar:/home/user/.m2/repository/io/jaegertracing/jaeger-client/0.33.1/jaeger-client-0.33.1.jar:/home/user/.m2/repository/io/jaegertracing/jaeger-thrift/0.33.1/jaeger-thrift-0.33.1.jar:/home/user/.m2/repository/org/apache/thrift/libthrift/0.11.0/libthrift-0.11.0.jar:/home/user/.m2/repository/com/squareup/okhttp3/okhttp/3.9.0/okhttp-3.9.0.jar:/home/user/.m2/repository/com/squareup/okio/okio/1.13.0/okio-1.13.0.jar:/home/user/.m2/repository/io/jaegertracing/jaeger-core/0.33.1/jaeger-core-0.33.1.jar:/home/user/.m2/repository/io/jaegertracing/jaeger-tracerresolver/0.33.1/jaeger-tracerresolver-0.33.1.jar:/home/user/.m2/repository/io/opentracing/contrib/opentracing-tracerresolver/0.1.5/opentracing-tracerresolver-0.1.5.jar:/home/user/.m2/repository/io/opentracing/opentracing-util/0.31.0/opentracing-util-0.31.0.jar:/home/user/.m2/repository/io/opentracing/opentracing-api/0.31.0/opentracing-api-0.31.0.jar:/home/user/.m2/repository/io/opentracing/opentracing-noop/0.31.0/opentracing-noop-0.31.0.jar:/home/user/.m2/repository/org/apache/hadoop/hadoop-hdds-server-framework/0.5.0-SNAPSHOT/hadoop-hdds-server-framework-0.5.0-SNAPSHOT.jar:/home/user/.m2/repository/org/apache/hadoop/hadoop-hdds-container-service/0.5.0-SNAPSHOT/hadoop-hdds-container-service-0.5.0-SNAPSHOT.jar:/home/user/.m2/repository/org/apache/hadoop/hadoop-hdds-client/0.5.0-SNAPSHOT/hadoop-hdds-client-0.5.0-SNAPSHOT.jar:/home/user/.m2/repository/org/apache/hadoop/hadoop-hdds-tools/0.5.0-SNAPSHOT/hadoop-hdds-tools-0.5.0-SNAPSHOT.jar:/home/user/.m2/repository/org/apache/hadoop/hadoop-hdds-server-scm/0.5.0-SNAPSHOT/hadoop-hdds-server-scm-0.5.0-SNAPSHOT.jar:/home/user/.m2/repository/org/apache/hadoop/hadoop-hdds-docs/0.5.0-SNAPSHOT/hadoop-hdds-docs-0.5.0-SNAPSHOT.jar:/home/user/.m2/repository/io/dropwizard/metrics/metrics-core/3.2.4/metrics-core-3.2.4.jar:/home/user/.m2/repository/org/hamcrest/hamcrest-all/1.3/hamcrest-all-1.3.jar:/home/user/.m2/repository/org/bouncycastle/bcprov-jdk15on/1.60/bcprov-jdk15on-1.60.jar:/home/user/.m2/repository/info/picocli/picocli/3.9.6/picocli-3.9.6.jar:/home/user/.m2/repository/com/google/protobuf/protobuf-java/2.5.0/protobuf-java-2.5.0.jar:/home/user/.m2/repository/com/google/guava/guava/11.0.2/guava-11.0.2.jar:/home/user/.m2/repository/org/apache/hadoop/hadoop-ozone-ozone-manager/0.5.0-SNAPSHOT/hadoop-ozone-ozone-manager-0.5.0-SNAPSHOT.jar:/home/user/.m2/repository/org/apache/hadoop/hadoop-minikdc/3.2.0/hadoop-minikdc-3.2.0.jar:/home/user/.m2/repository/commons-io/commons-io/2.5/commons-io-2.5.jar:/home/user/.m2/repository/org/apache/kerby/kerb-simplekdc/1.0.1/kerb-simplekdc-1.0.1.jar:/home/user/.m2/repository/org/apache/kerby/kerb-client/1.0.1/kerb-client-1.0.1.jar:/home/user/.m2/repository/org/apache/kerby/kerby-config/1.0.1/kerby-config-1.0.1.jar:/home/user/.m2/repository/org/apache/kerby/kerb-core/1.0.1/kerb-core-1.0.1.jar:/home/user/.m2/repository/org/apache/kerby/kerby-pkix/1.0.1/kerby-pkix-1.0.1.jar:/home/user/.m2/repository/org/apache/kerby/kerby-asn1/1.0.1/kerby-asn1-1.0.1.jar:/home/user/.m2/repository/org/apache/kerby/kerby-util/1.0.1/kerby-util-1.0.1.jar:/home/user/.m2/repository/org/apache/kerby/kerb-common/1.0.1/kerb-common-1.0.1.jar:/home/user/.m2/repository/org/apache/kerby/kerb-crypto/1.0.1/kerb-crypto-1.0.1.jar:/home/user/.m2/repository/org/apache/kerby/kerb-util/1.0.1/kerb-util-1.0.1.jar:/home/user/.m2/repository/org/apache/kerby/token-provider/1.0.1/token-provider-1.0.1.jar:/home/user/.m2/repository/org/apache/kerby/kerb-admin/1.0.1/kerb-admin-1.0.1.jar:/home/user/.m2/repository/org/apache/kerby/kerb-server/1.0.1/kerb-server-1.0.1.jar:/home/user/.m2/repository/org/apache/kerby/kerb-identity/1.0.1/kerb-identity-1.0.1.jar:/home/user/.m2/repository/org/apache/kerby/kerby-xdr/1.0.1/kerby-xdr-1.0.1.jar:/home/user/.m2/repository/org/slf4j/slf4j-log4j12/1.7.25/slf4j-log4j12-1.7.25.jar:/home/user/.m2/repository/org/apache/hadoop/hadoop-ozone-objectstore-service/0.5.0-SNAPSHOT/hadoop-ozone-objectstore-service-0.5.0-SNAPSHOT.jar:/home/user/.m2/repository/org/apache/hadoop/hadoop-ozone-s3gateway/0.5.0-SNAPSHOT/hadoop-ozone-s3gateway-0.5.0-SNAPSHOT.jar:/home/user/.m2/repository/org/jboss/weld/servlet/weld-servlet/2.4.7.Final/weld-servlet-2.4.7.Final.jar:/home/user/.m2/repository/org/glassfish/jersey/containers/jersey-container-servlet-core/2.27/jersey-container-servlet-core-2.27.jar:/home/user/.m2/repository/org/glassfish/hk2/external/javax.inject/2.5.0-b42/javax.inject-2.5.0-b42.jar:/home/user/.m2/repository/org/glassfish/jersey/core/jersey-common/2.27/jersey-common-2.27.jar:/home/user/.m2/repository/org/glassfish/hk2/osgi-resource-locator/1.0.1/osgi-resource-locator-1.0.1.jar:/home/user/.m2/repository/javax/ws/rs/javax.ws.rs-api/2.1/javax.ws.rs-api-2.1.jar:/home/user/.m2/repository/org/glassfish/jersey/ext/cdi/jersey-cdi1x/2.27/jersey-cdi1x-2.27.jar:/home/user/.m2/repository/org/glassfish/jersey/inject/jersey-hk2/2.27/jersey-hk2-2.27.jar:/home/user/.m2/repository/org/glassfish/hk2/hk2-locator/2.5.0-b42/hk2-locator-2.5.0-b42.jar:/home/user/.m2/repository/org/javassist/javassist/3.22.0-CR2/javassist-3.22.0-CR2.jar:/home/user/.m2/repository/org/glassfish/hk2/hk2-api/2.5.0/hk2-api-2.5.0.jar:/home/user/.m2/repository/org/glassfish/hk2/external/jakarta.inject/2.5.0/jakarta.inject-2.5.0.jar:/home/user/.m2/repository/org/glassfish/hk2/hk2-utils/2.5.0/hk2-utils-2.5.0.jar:/home/user/.m2/repository/jakarta/annotation/jakarta.annotation-api/1.3.4/jakarta.annotation-api-1.3.4.jar:/home/user/.m2/repository/org/glassfish/hk2/external/aopalliance-repackaged/2.5.0/aopalliance-repackaged-2.5.0.jar:/home/user/.m2/repository/com/fasterxml/jackson/dataformat/jackson-dataformat-xml/2.9.0/jackson-dataformat-xml-2.9.0.jar:/home/user/.m2/repository/com/fasterxml/jackson/core/jackson-core/2.9.5/jackson-core-2.9.5.jar:/home/user/.m2/repository/com/fasterxml/jackson/module/jackson-module-jaxb-annotations/2.9.5/jackson-module-jaxb-annotations-2.9.5.jar:/home/user/.m2/repository/javax/enterprise/cdi-api/1.2/cdi-api-1.2.jar:/home/user/.m2/repository/javax/el/javax.el-api/3.0.0/javax.el-api-3.0.0.jar:/home/user/.m2/repository/javax/interceptor/javax.interceptor-api/1.2/javax.interceptor-api-1.2.jar:/home/user/.m2/repository/javax/inject/javax.inject/1/javax.inject-1.jar:/home/user/.m2/repository/com/sun/xml/bind/jaxb-impl/2.3.0.1/jaxb-impl-2.3.0.1.jar:/home/user/.m2/repository/com/sun/xml/bind/jaxb-core/2.3.0.1/jaxb-core-2.3.0.1.jar:/home/user/.m2/repository/javax/xml/bind/jaxb-api/2.3.0/jaxb-api-2.3.0.jar:/home/user/.m2/repository/javax/activation/activation/1.1.1/activation-1.1.1.jar:/home/user/.m2/repository/org/apache/hadoop/hadoop-ozone-csi/0.5.0-SNAPSHOT/hadoop-ozone-csi-0.5.0-SNAPSHOT.jar:/home/user/.m2/repository/com/google/protobuf/protobuf-java-util/3.5.1/protobuf-java-util-3.5.1.jar:/home/user/.m2/repository/org/apache/hadoop/hadoop-hdds-config/0.5.0-SNAPSHOT/hadoop-hdds-config-0.5.0-SNAPSHOT.jar:/home/user/.m2/repository/io/grpc/grpc-netty/1.17.1/grpc-netty-1.17.1.jar:/home/user/.m2/repository/io/grpc/grpc-core/1.17.1/grpc-core-1.17.1.jar:/home/user/.m2/repository/io/grpc/grpc-context/1.17.1/grpc-context-1.17.1.jar:/home/user/.m2/repository/com/google/errorprone/error_prone_annotations/2.2.0/error_prone_annotations-2.2.0.jar:/home/user/.m2/repository/org/codehaus/mojo/animal-sniffer-annotations/1.17/animal-sniffer-annotations-1.17.jar:/home/user/.m2/repository/io/opencensus/opencensus-api/0.17.0/opencensus-api-0.17.0.jar:/home/user/.m2/repository/io/opencensus/opencensus-contrib-grpc-metrics/0.17.0/opencensus-contrib-grpc-metrics-0.17.0.jar:/home/user/.m2/repository/io/netty/netty-codec-http2/4.1.30.Final/netty-codec-http2-4.1.30.Final.jar:/home/user/.m2/repository/io/netty/netty-codec-http/4.1.30.Final/netty-codec-http-4.1.30.Final.jar:/home/user/.m2/repository/io/netty/netty-codec/4.1.30.Final/netty-codec-4.1.30.Final.jar:/home/user/.m2/repository/io/netty/netty-handler/4.1.30.Final/netty-handler-4.1.30.Final.jar:/home/user/.m2/repository/io/netty/netty-handler-proxy/4.1.30.Final/netty-handler-proxy-4.1.30.Final.jar:/home/user/.m2/repository/io/netty/netty-codec-socks/4.1.30.Final/netty-codec-socks-4.1.30.Final.jar:/home/user/.m2/repository/io/netty/netty-transport-native-epoll/4.1.30.Final/netty-transport-native-epoll-4.1.30.Final.jar:/home/user/.m2/repository/io/netty/netty-common/4.1.30.Final/netty-common-4.1.30.Final.jar:/home/user/.m2/repository/io/netty/netty-buffer/4.1.30.Final/netty-buffer-4.1.30.Final.jar:/home/user/.m2/repository/io/netty/netty-transport/4.1.30.Final/netty-transport-4.1.30.Final.jar:/home/user/.m2/repository/io/netty/netty-resolver/4.1.30.Final/netty-resolver-4.1.30.Final.jar:/home/user/.m2/repository/io/netty/netty-transport-native-unix-common/4.1.30.Final/netty-transport-native-unix-common-4.1.30.Final.jar:/home/user/.m2/repository/io/grpc/grpc-protobuf/1.17.1/grpc-protobuf-1.17.1.jar:/home/user/.m2/repository/com/google/api/grpc/proto-google-common-protos/1.0.0/proto-google-common-protos-1.0.0.jar:/home/user/.m2/repository/io/grpc/grpc-protobuf-lite/1.17.1/grpc-protobuf-lite-1.17.1.jar:/home/user/.m2/repository/io/grpc/grpc-stub/1.17.1/grpc-stub-1.17.1.jar:/home/user/.m2/repository/org/apache/hadoop/hadoop-ozone-recon/0.5.0-SNAPSHOT/hadoop-ozone-recon-0.5.0-SNAPSHOT.jar:/home/user/.m2/repository/org/apache/hadoop/hadoop-ozone-reconcodegen/0.5.0-SNAPSHOT/hadoop-ozone-reconcodegen-0.5.0-SNAPSHOT.jar:/home/user/.m2/repository/com/google/inject/extensions/guice-multibindings/4.0/guice-multibindings-4.0.jar:/home/user/.m2/repository/com/google/inject/guice/4.0/guice-4.0.jar:/home/user/.m2/repository/aopalliance/aopalliance/1.0/aopalliance-1.0.jar:/home/user/.m2/repository/com/google/inject/extensions/guice-servlet/4.0/guice-servlet-4.0.jar:/home/user/.m2/repository/org/glassfish/jersey/containers/jersey-container-servlet/2.27/jersey-container-servlet-2.27.jar:/home/user/.m2/repository/org/glassfish/hk2/guice-bridge/2.5.0/guice-bridge-2.5.0.jar:/home/user/.m2/repository/org/glassfish/jersey/core/jersey-server/2.27/jersey-server-2.27.jar:/home/user/.m2/repository/org/glassfish/jersey/core/jersey-client/2.27/jersey-client-2.27.jar:/home/user/.m2/repository/org/glassfish/jersey/media/jersey-media-jaxb/2.27/jersey-media-jaxb-2.27.jar:/home/user/.m2/repository/javax/validation/validation-api/1.1.0.Final/validation-api-1.1.0.Final.jar:/home/user/.m2/repository/org/glassfish/jersey/media/jersey-media-json-jackson/2.27/jersey-media-json-jackson-2.27.jar:/home/user/.m2/repository/org/glassfish/jersey/ext/jersey-entity-filtering/2.27/jersey-entity-filtering-2.27.jar:/home/user/.m2/repository/com/google/inject/extensions/guice-assistedinject/4.0/guice-assistedinject-4.0.jar:/home/user/.m2/repository/org/jooq/jooq/3.11.10/jooq-3.11.10.jar:/home/user/.m2/repository/org/jooq/jooq-meta/3.11.10/jooq-meta-3.11.10.jar:/home/user/.m2/repository/org/jooq/jooq-codegen/3.11.10/jooq-codegen-3.11.10.jar:/home/user/.m2/repository/com/jolbox/bonecp/0.8.0.RELEASE/bonecp-0.8.0.RELEASE.jar:/home/user/.m2/repository/org/xerial/sqlite-jdbc/3.25.2/sqlite-jdbc-3.25.2.jar:/home/user/.m2/repository/org/springframework/spring-jdbc/5.1.3.RELEASE/spring-jdbc-5.1.3.RELEASE.jar:/home/user/.m2/repository/org/springframework/spring-beans/5.1.3.RELEASE/spring-beans-5.1.3.RELEASE.jar:/home/user/.m2/repository/org/springframework/spring-core/5.1.3.RELEASE/spring-core-5.1.3.RELEASE.jar:/home/user/.m2/repository/org/springframework/spring-jcl/5.1.3.RELEASE/spring-jcl-5.1.3.RELEASE.jar:/home/user/.m2/repository/org/springframework/spring-tx/5.1.3.RELEASE/spring-tx-5.1.3.RELEASE.jar:/home/user/.m2/repository/org/apache/hadoop/hadoop-ozone-client/0.5.0-SNAPSHOT/hadoop-ozone-client-0.5.0-SNAPSHOT.jar:/home/user/.m2/repository/commons-lang/commons-lang/2.6/commons-lang-2.6.jar:/home/user/.m2/repository/org/apache/hadoop/hadoop-ozone-ozone-manager/0.5.0-SNAPSHOT/hadoop-ozone-ozone-manager-0.5.0-SNAPSHOT-tests.jar:/home/user/.m2/repository/junit/junit/4.11/junit-4.11.jar:/home/user/.m2/repository/org/hamcrest/hamcrest-core/1.3/hamcrest-core-1.3.jar:/home/user/.m2/repository/org/openjdk/jmh/jmh-core/1.19/jmh-core-1.19.jar:/home/user/.m2/repository/net/sf/jopt-simple/jopt-simple/4.6/jopt-simple-4.6.jar:/home/user/.m2/repository/org/apache/commons/commons-math3/3.1.1/commons-math3-3.1.1.jar:/home/user/.m2/repository/org/openjdk/jmh/jmh-generator-annprocess/1.19/jmh-generator-annprocess-1.19.jar:/home/user/.m2/repository/org/mockito/mockito-all/1.8.5/mockito-all-1.8.5.jar:/home/user/.m2/repository/org/apache/hadoop/hadoop-kms/3.2.0/hadoop-kms-3.2.0.jar:/home/user/.m2/repository/org/apache/hadoop/hadoop-auth/3.2.0/hadoop-auth-3.2.0.jar:/home/user/.m2/repository/com/nimbusds/nimbus-jose-jwt/4.41.1/nimbus-jose-jwt-4.41.1.jar:/home/user/.m2/repository/com/github/stephenc/jcip/jcip-annotations/1.0-1/jcip-annotations-1.0-1.jar:/home/user/.m2/repository/net/minidev/json-smart/2.3/json-smart-2.3.jar:/home/user/.m2/repository/net/minidev/accessors-smart/1.2/accessors-smart-1.2.jar:/home/user/.m2/repository/org/ow2/asm/asm/5.0.4/asm-5.0.4.jar:/home/user/.m2/repository/org/apache/curator/curator-framework/2.12.0/curator-framework-2.12.0.jar:/home/user/.m2/repository/com/sun/jersey/jersey-core/1.19/jersey-core-1.19.jar:/home/user/.m2/repository/javax/ws/rs/jsr311-api/1.1.1/jsr311-api-1.1.1.jar:/home/user/.m2/repository/com/sun/jersey/jersey-server/1.19/jersey-server-1.19.jar:/home/user/.m2/repository/javax/servlet/javax.servlet-api/3.1.0/javax.servlet-api-3.1.0.jar:/home/user/.m2/repository/org/eclipse/jetty/jetty-server/9.3.24.v20180605/jetty-server-9.3.24.v20180605.jar:/home/user/.m2/repository/org/eclipse/jetty/jetty-http/9.3.24.v20180605/jetty-http-9.3.24.v20180605.jar:/home/user/.m2/repository/org/eclipse/jetty/jetty-io/9.3.24.v20180605/jetty-io-9.3.24.v20180605.jar:/home/user/.m2/repository/org/eclipse/jetty/jetty-webapp/9.3.24.v20180605/jetty-webapp-9.3.24.v20180605.jar:/home/user/.m2/repository/org/eclipse/jetty/jetty-xml/9.3.24.v20180605/jetty-xml-9.3.24.v20180605.jar:/home/user/.m2/repository/log4j/log4j/1.2.17/log4j-1.2.17.jar:/home/user/.m2/repository/org/slf4j/slf4j-api/1.7.25/slf4j-api-1.7.25.jar:/home/user/.m2/repository/org/slf4j/jul-to-slf4j/1.7.25/jul-to-slf4j-1.7.25.jar:/home/user/.m2/repository/org/eclipse/jetty/jetty-util/9.3.24.v20180605/jetty-util-9.3.24.v20180605.jar:/home/user/.m2/repository/com/fasterxml/jackson/core/jackson-databind/2.9.5/jackson-databind-2.9.5.jar:/home/user/.m2/repository/org/apache/hadoop/hadoop-kms/3.2.0/hadoop-kms-3.2.0-tests.jar:/home/user/.m2/repository/org/apache/hadoop/hadoop-hdds-server-scm/0.5.0-SNAPSHOT/hadoop-hdds-server-scm-0.5.0-SNAPSHOT-tests.jar:/home/user/.m2/repository/org/apache/hadoop/hadoop-hdds-container-service/0.5.0-SNAPSHOT/hadoop-hdds-container-service-0.5.0-SNAPSHOT-tests.jar:/home/user/.m2/repository/org/yaml/snakeyaml/1.16/snakeyaml-1.16.jar:/home/user/.m2/repository/org/apache/hadoop/hadoop-common/3.2.0/hadoop-common-3.2.0-tests.jar:/home/user/.m2/repository/org/apache/hadoop/hadoop-annotations/3.2.0/hadoop-annotations-3.2.0.jar:/usr/lib/jvm/java-1.8-openjdk/jre/../lib/tools.jar:/home/user/.m2/repository/commons-cli/commons-cli/1.2/commons-cli-1.2.jar:/home/user/.m2/repository/org/apache/httpcomponents/httpclient/4.5.2/httpclient-4.5.2.jar:/home/user/.m2/repository/org/apache/httpcomponents/httpcore/4.4.4/httpcore-4.4.4.jar:/home/user/.m2/repository/commons-codec/commons-codec/1.11/commons-codec-1.11.jar:/home/user/.m2/repository/commons-net/commons-net/3.6/commons-net-3.6.jar:/home/user/.m2/repository/commons-collections/commons-collections/3.2.2/commons-collections-3.2.2.jar:/home/user/.m2/repository/org/eclipse/jetty/jetty-servlet/9.3.24.v20180605/jetty-servlet-9.3.24.v20180605.jar:/home/user/.m2/repository/org/eclipse/jetty/jetty-security/9.3.24.v20180605/jetty-security-9.3.24.v20180605.jar:/home/user/.m2/repository/javax/servlet/jsp/jsp-api/2.1/jsp-api-2.1.jar:/home/user/.m2/repository/com/sun/jersey/jersey-servlet/1.19/jersey-servlet-1.19.jar:/home/user/.m2/repository/com/sun/jersey/jersey-json/1.19/jersey-json-1.19.jar:/home/user/.m2/repository/org/codehaus/jettison/jettison/1.1/jettison-1.1.jar:/home/user/.m2/repository/org/codehaus/jackson/jackson-core-asl/1.9.13/jackson-core-asl-1.9.13.jar:/home/user/.m2/repository/org/codehaus/jackson/jackson-mapper-asl/1.9.13/jackson-mapper-asl-1.9.13.jar:/home/user/.m2/repository/org/codehaus/jackson/jackson-jaxrs/1.9.13/jackson-jaxrs-1.9.13.jar:/home/user/.m2/repository/org/codehaus/jackson/jackson-xc/1.9.13/jackson-xc-1.9.13.jar:/home/user/.m2/repository/commons-logging/commons-logging/1.1.3/commons-logging-1.1.3.jar:/home/user/.m2/repository/commons-beanutils/commons-beanutils/1.9.3/commons-beanutils-1.9.3.jar:/home/user/.m2/repository/org/apache/commons/commons-configuration2/2.1.1/commons-configuration2-2.1.1.jar:/home/user/.m2/repository/org/apache/commons/commons-lang3/3.7/commons-lang3-3.7.jar:/home/user/.m2/repository/org/apache/commons/commons-text/1.4/commons-text-1.4.jar:/home/user/.m2/repository/org/apache/avro/avro/1.7.7/avro-1.7.7.jar:/home/user/.m2/repository/com/thoughtworks/paranamer/paranamer/2.3/paranamer-2.3.jar:/home/user/.m2/repository/org/xerial/snappy/snappy-java/1.0.5/snappy-java-1.0.5.jar:/home/user/.m2/repository/com/google/re2j/re2j/1.1/re2j-1.1.jar:/home/user/.m2/repository/com/google/code/gson/gson/2.2.4/gson-2.2.4.jar:/home/user/.m2/repository/com/jcraft/jsch/0.1.54/jsch-0.1.54.jar:/home/user/.m2/repository/org/apache/curator/curator-client/2.12.0/curator-client-2.12.0.jar:/home/user/.m2/repository/org/apache/curator/curator-recipes/2.12.0/curator-recipes-2.12.0.jar:/home/user/.m2/repository/com/google/code/findbugs/jsr305/3.0.0/jsr305-3.0.0.jar:/home/user/.m2/repository/org/apache/htrace/htrace-core4/4.1.0-incubating/htrace-core4-4.1.0-incubating.jar:/home/user/.m2/repository/org/apache/zookeeper/zookeeper/3.4.13/zookeeper-3.4.13.jar:/home/user/.m2/repository/org/apache/yetus/audience-annotations/0.5.0/audience-annotations-0.5.0.jar:/home/user/.m2/repository/org/codehaus/woodstox/stax2-api/3.1.4/stax2-api-3.1.4.jar:/home/user/.m2/repository/com/fasterxml/woodstox/woodstox-core/5.0.3/woodstox-core-5.0.3.jar:/home/user/.m2/repository/dnsjava/dnsjava/2.1.7/dnsjava-2.1.7.jar:/home/user/.m2/repository/org/apache/hadoop/hadoop-hdfs/3.2.0/hadoop-hdfs-3.2.0-tests.jar:/home/user/.m2/repository/org/eclipse/jetty/jetty-util-ajax/9.3.24.v20180605/jetty-util-ajax-9.3.24.v20180605.jar:/home/user/.m2/repository/commons-daemon/commons-daemon/1.0.13/commons-daemon-1.0.13.jar:/home/user/.m2/repository/io/netty/netty/3.10.5.Final/netty-3.10.5.Final.jar:/home/user/.m2/repository/io/netty/netty-all/4.0.52.Final/netty-all-4.0.52.Final.jar:/home/user/.m2/repository/org/fusesource/leveldbjni/leveldbjni-all/1.8/leveldbjni-all-1.8.jar:"/>
    <property name="java.vm.vendor" value="IcedTea"/>
    <property name="sun.arch.data.model" value="64"/>
    <property name="test.build.dir" value="/workdir/hadoop-ozone/integration-test/target/test-dir"/>
    <property name="test.cache.data" value=""/>
    <property name="java.vendor.url" value="https://icedtea.classpath.org"/>
    <property name="user.timezone" value=""/>
    <property name="java.vm.specification.version" value="1.8"/>
    <property name="os.name" value="Linux"/>
    <property name="test.build.data" value="/workdir/hadoop-ozone/integration-test/target/test-dir"/>
    <property name="user.country" value="US"/>
    <property name="sun.java.launcher" value="SUN_STANDARD"/>
    <property name="sun.boot.library.path" value="/usr/lib/jvm/java-1.8-openjdk/jre/lib/amd64"/>
    <property name="sun.java.command" value="/workdir/hadoop-ozone/integration-test/target/surefire/surefirebooter3546932966825338780.jar /workdir/hadoop-ozone/integration-test/target/surefire 2019-08-22T09-05-11_403-jvmRun1 surefire4579969236848271209tmp surefire_4425222310681774121tmp"/>
    <property name="test" value="!TestMiniChaosOzoneCluster"/>
    <property name="surefire.test.class.path" value="/workdir/hadoop-ozone/integration-test/target/test-classes:/workdir/hadoop-ozone/integration-test/target/classes:/home/user/.m2/repository/org/apache/hadoop/hadoop-ozone-common/0.5.0-SNAPSHOT/hadoop-ozone-common-0.5.0-SNAPSHOT.jar:/home/user/.m2/repository/org/apache/commons/commons-compress/1.4.1/commons-compress-1.4.1.jar:/home/user/.m2/repository/org/tukaani/xz/1.0/xz-1.0.jar:/home/user/.m2/repository/org/apache/hadoop/hadoop-common/3.2.0/hadoop-common-3.2.0.jar:/home/user/.m2/repository/org/apache/hadoop/hadoop-hdfs/3.2.0/hadoop-hdfs-3.2.0.jar:/home/user/.m2/repository/org/apache/hadoop/hadoop-hdfs-client/3.2.0/hadoop-hdfs-client-3.2.0.jar:/home/user/.m2/repository/com/fasterxml/jackson/core/jackson-annotations/2.9.5/jackson-annotations-2.9.5.jar:/home/user/.m2/repository/org/apache/hadoop/hadoop-hdds-common/0.5.0-SNAPSHOT/hadoop-hdds-common-0.5.0-SNAPSHOT.jar:/home/user/.m2/repository/javax/annotation/javax.annotation-api/1.2/javax.annotation-api-1.2.jar:/home/user/.m2/repository/org/apache/ratis/ratis-server/0.4.0-2337318-SNAPSHOT/ratis-server-0.4.0-2337318-SNAPSHOT.jar:/home/user/.m2/repository/org/apache/ratis/ratis-thirdparty-misc/0.2.0/ratis-thirdparty-misc-0.2.0.jar:/home/user/.m2/repository/org/apache/ratis/ratis-proto/0.4.0-2337318-SNAPSHOT/ratis-proto-0.4.0-2337318-SNAPSHOT.jar:/home/user/.m2/repository/org/apache/ratis/ratis-common/0.4.0-2337318-SNAPSHOT/ratis-common-0.4.0-2337318-SNAPSHOT.jar:/home/user/.m2/repository/org/apache/ratis/ratis-client/0.4.0-2337318-SNAPSHOT/ratis-client-0.4.0-2337318-SNAPSHOT.jar:/home/user/.m2/repository/org/apache/ratis/ratis-metrics/0.4.0-2337318-SNAPSHOT/ratis-metrics-0.4.0-2337318-SNAPSHOT.jar:/home/user/.m2/repository/org/apache/ratis/ratis-netty/0.4.0-2337318-SNAPSHOT/ratis-netty-0.4.0-2337318-SNAPSHOT.jar:/home/user/.m2/repository/org/apache/ratis/ratis-grpc/0.4.0-2337318-SNAPSHOT/ratis-grpc-0.4.0-2337318-SNAPSHOT.jar:/home/user/.m2/repository/org/rocksdb/rocksdbjni/6.0.1/rocksdbjni-6.0.1.jar:/home/user/.m2/repository/org/apache/logging/log4j/log4j-api/2.11.0/log4j-api-2.11.0.jar:/home/user/.m2/repository/org/apache/logging/log4j/log4j-core/2.11.0/log4j-core-2.11.0.jar:/home/user/.m2/repository/com/lmax/disruptor/3.4.2/disruptor-3.4.2.jar:/home/user/.m2/repository/org/apache/commons/commons-pool2/2.6.0/commons-pool2-2.6.0.jar:/home/user/.m2/repository/org/bouncycastle/bcpkix-jdk15on/1.60/bcpkix-jdk15on-1.60.jar:/home/user/.m2/repository/commons-validator/commons-validator/1.6/commons-validator-1.6.jar:/home/user/.m2/repository/commons-digester/commons-digester/1.8.1/commons-digester-1.8.1.jar:/home/user/.m2/repository/io/jaegertracing/jaeger-client/0.33.1/jaeger-client-0.33.1.jar:/home/user/.m2/repository/io/jaegertracing/jaeger-thrift/0.33.1/jaeger-thrift-0.33.1.jar:/home/user/.m2/repository/org/apache/thrift/libthrift/0.11.0/libthrift-0.11.0.jar:/home/user/.m2/repository/com/squareup/okhttp3/okhttp/3.9.0/okhttp-3.9.0.jar:/home/user/.m2/repository/com/squareup/okio/okio/1.13.0/okio-1.13.0.jar:/home/user/.m2/repository/io/jaegertracing/jaeger-core/0.33.1/jaeger-core-0.33.1.jar:/home/user/.m2/repository/io/jaegertracing/jaeger-tracerresolver/0.33.1/jaeger-tracerresolver-0.33.1.jar:/home/user/.m2/repository/io/opentracing/contrib/opentracing-tracerresolver/0.1.5/opentracing-tracerresolver-0.1.5.jar:/home/user/.m2/repository/io/opentracing/opentracing-util/0.31.0/opentracing-util-0.31.0.jar:/home/user/.m2/repository/io/opentracing/opentracing-api/0.31.0/opentracing-api-0.31.0.jar:/home/user/.m2/repository/io/opentracing/opentracing-noop/0.31.0/opentracing-noop-0.31.0.jar:/home/user/.m2/repository/org/apache/hadoop/hadoop-hdds-server-framework/0.5.0-SNAPSHOT/hadoop-hdds-server-framework-0.5.0-SNAPSHOT.jar:/home/user/.m2/repository/org/apache/hadoop/hadoop-hdds-container-service/0.5.0-SNAPSHOT/hadoop-hdds-container-service-0.5.0-SNAPSHOT.jar:/home/user/.m2/repository/org/apache/hadoop/hadoop-hdds-client/0.5.0-SNAPSHOT/hadoop-hdds-client-0.5.0-SNAPSHOT.jar:/home/user/.m2/repository/org/apache/hadoop/hadoop-hdds-tools/0.5.0-SNAPSHOT/hadoop-hdds-tools-0.5.0-SNAPSHOT.jar:/home/user/.m2/repository/org/apache/hadoop/hadoop-hdds-server-scm/0.5.0-SNAPSHOT/hadoop-hdds-server-scm-0.5.0-SNAPSHOT.jar:/home/user/.m2/repository/org/apache/hadoop/hadoop-hdds-docs/0.5.0-SNAPSHOT/hadoop-hdds-docs-0.5.0-SNAPSHOT.jar:/home/user/.m2/repository/io/dropwizard/metrics/metrics-core/3.2.4/metrics-core-3.2.4.jar:/home/user/.m2/repository/org/hamcrest/hamcrest-all/1.3/hamcrest-all-1.3.jar:/home/user/.m2/repository/org/bouncycastle/bcprov-jdk15on/1.60/bcprov-jdk15on-1.60.jar:/home/user/.m2/repository/info/picocli/picocli/3.9.6/picocli-3.9.6.jar:/home/user/.m2/repository/com/google/protobuf/protobuf-java/2.5.0/protobuf-java-2.5.0.jar:/home/user/.m2/repository/com/google/guava/guava/11.0.2/guava-11.0.2.jar:/home/user/.m2/repository/org/apache/hadoop/hadoop-ozone-ozone-manager/0.5.0-SNAPSHOT/hadoop-ozone-ozone-manager-0.5.0-SNAPSHOT.jar:/home/user/.m2/repository/org/apache/hadoop/hadoop-minikdc/3.2.0/hadoop-minikdc-3.2.0.jar:/home/user/.m2/repository/commons-io/commons-io/2.5/commons-io-2.5.jar:/home/user/.m2/repository/org/apache/kerby/kerb-simplekdc/1.0.1/kerb-simplekdc-1.0.1.jar:/home/user/.m2/repository/org/apache/kerby/kerb-client/1.0.1/kerb-client-1.0.1.jar:/home/user/.m2/repository/org/apache/kerby/kerby-config/1.0.1/kerby-config-1.0.1.jar:/home/user/.m2/repository/org/apache/kerby/kerb-core/1.0.1/kerb-core-1.0.1.jar:/home/user/.m2/repository/org/apache/kerby/kerby-pkix/1.0.1/kerby-pkix-1.0.1.jar:/home/user/.m2/repository/org/apache/kerby/kerby-asn1/1.0.1/kerby-asn1-1.0.1.jar:/home/user/.m2/repository/org/apache/kerby/kerby-util/1.0.1/kerby-util-1.0.1.jar:/home/user/.m2/repository/org/apache/kerby/kerb-common/1.0.1/kerb-common-1.0.1.jar:/home/user/.m2/repository/org/apache/kerby/kerb-crypto/1.0.1/kerb-crypto-1.0.1.jar:/home/user/.m2/repository/org/apache/kerby/kerb-util/1.0.1/kerb-util-1.0.1.jar:/home/user/.m2/repository/org/apache/kerby/token-provider/1.0.1/token-provider-1.0.1.jar:/home/user/.m2/repository/org/apache/kerby/kerb-admin/1.0.1/kerb-admin-1.0.1.jar:/home/user/.m2/repository/org/apache/kerby/kerb-server/1.0.1/kerb-server-1.0.1.jar:/home/user/.m2/repository/org/apache/kerby/kerb-identity/1.0.1/kerb-identity-1.0.1.jar:/home/user/.m2/repository/org/apache/kerby/kerby-xdr/1.0.1/kerby-xdr-1.0.1.jar:/home/user/.m2/repository/org/slf4j/slf4j-log4j12/1.7.25/slf4j-log4j12-1.7.25.jar:/home/user/.m2/repository/org/apache/hadoop/hadoop-ozone-objectstore-service/0.5.0-SNAPSHOT/hadoop-ozone-objectstore-service-0.5.0-SNAPSHOT.jar:/home/user/.m2/repository/org/apache/hadoop/hadoop-ozone-s3gateway/0.5.0-SNAPSHOT/hadoop-ozone-s3gateway-0.5.0-SNAPSHOT.jar:/home/user/.m2/repository/org/jboss/weld/servlet/weld-servlet/2.4.7.Final/weld-servlet-2.4.7.Final.jar:/home/user/.m2/repository/org/glassfish/jersey/containers/jersey-container-servlet-core/2.27/jersey-container-servlet-core-2.27.jar:/home/user/.m2/repository/org/glassfish/hk2/external/javax.inject/2.5.0-b42/javax.inject-2.5.0-b42.jar:/home/user/.m2/repository/org/glassfish/jersey/core/jersey-common/2.27/jersey-common-2.27.jar:/home/user/.m2/repository/org/glassfish/hk2/osgi-resource-locator/1.0.1/osgi-resource-locator-1.0.1.jar:/home/user/.m2/repository/javax/ws/rs/javax.ws.rs-api/2.1/javax.ws.rs-api-2.1.jar:/home/user/.m2/repository/org/glassfish/jersey/ext/cdi/jersey-cdi1x/2.27/jersey-cdi1x-2.27.jar:/home/user/.m2/repository/org/glassfish/jersey/inject/jersey-hk2/2.27/jersey-hk2-2.27.jar:/home/user/.m2/repository/org/glassfish/hk2/hk2-locator/2.5.0-b42/hk2-locator-2.5.0-b42.jar:/home/user/.m2/repository/org/javassist/javassist/3.22.0-CR2/javassist-3.22.0-CR2.jar:/home/user/.m2/repository/org/glassfish/hk2/hk2-api/2.5.0/hk2-api-2.5.0.jar:/home/user/.m2/repository/org/glassfish/hk2/external/jakarta.inject/2.5.0/jakarta.inject-2.5.0.jar:/home/user/.m2/repository/org/glassfish/hk2/hk2-utils/2.5.0/hk2-utils-2.5.0.jar:/home/user/.m2/repository/jakarta/annotation/jakarta.annotation-api/1.3.4/jakarta.annotation-api-1.3.4.jar:/home/user/.m2/repository/org/glassfish/hk2/external/aopalliance-repackaged/2.5.0/aopalliance-repackaged-2.5.0.jar:/home/user/.m2/repository/com/fasterxml/jackson/dataformat/jackson-dataformat-xml/2.9.0/jackson-dataformat-xml-2.9.0.jar:/home/user/.m2/repository/com/fasterxml/jackson/core/jackson-core/2.9.5/jackson-core-2.9.5.jar:/home/user/.m2/repository/com/fasterxml/jackson/module/jackson-module-jaxb-annotations/2.9.5/jackson-module-jaxb-annotations-2.9.5.jar:/home/user/.m2/repository/javax/enterprise/cdi-api/1.2/cdi-api-1.2.jar:/home/user/.m2/repository/javax/el/javax.el-api/3.0.0/javax.el-api-3.0.0.jar:/home/user/.m2/repository/javax/interceptor/javax.interceptor-api/1.2/javax.interceptor-api-1.2.jar:/home/user/.m2/repository/javax/inject/javax.inject/1/javax.inject-1.jar:/home/user/.m2/repository/com/sun/xml/bind/jaxb-impl/2.3.0.1/jaxb-impl-2.3.0.1.jar:/home/user/.m2/repository/com/sun/xml/bind/jaxb-core/2.3.0.1/jaxb-core-2.3.0.1.jar:/home/user/.m2/repository/javax/xml/bind/jaxb-api/2.3.0/jaxb-api-2.3.0.jar:/home/user/.m2/repository/javax/activation/activation/1.1.1/activation-1.1.1.jar:/home/user/.m2/repository/org/apache/hadoop/hadoop-ozone-csi/0.5.0-SNAPSHOT/hadoop-ozone-csi-0.5.0-SNAPSHOT.jar:/home/user/.m2/repository/com/google/protobuf/protobuf-java-util/3.5.1/protobuf-java-util-3.5.1.jar:/home/user/.m2/repository/org/apache/hadoop/hadoop-hdds-config/0.5.0-SNAPSHOT/hadoop-hdds-config-0.5.0-SNAPSHOT.jar:/home/user/.m2/repository/io/grpc/grpc-netty/1.17.1/grpc-netty-1.17.1.jar:/home/user/.m2/repository/io/grpc/grpc-core/1.17.1/grpc-core-1.17.1.jar:/home/user/.m2/repository/io/grpc/grpc-context/1.17.1/grpc-context-1.17.1.jar:/home/user/.m2/repository/com/google/errorprone/error_prone_annotations/2.2.0/error_prone_annotations-2.2.0.jar:/home/user/.m2/repository/org/codehaus/mojo/animal-sniffer-annotations/1.17/animal-sniffer-annotations-1.17.jar:/home/user/.m2/repository/io/opencensus/opencensus-api/0.17.0/opencensus-api-0.17.0.jar:/home/user/.m2/repository/io/opencensus/opencensus-contrib-grpc-metrics/0.17.0/opencensus-contrib-grpc-metrics-0.17.0.jar:/home/user/.m2/repository/io/netty/netty-codec-http2/4.1.30.Final/netty-codec-http2-4.1.30.Final.jar:/home/user/.m2/repository/io/netty/netty-codec-http/4.1.30.Final/netty-codec-http-4.1.30.Final.jar:/home/user/.m2/repository/io/netty/netty-codec/4.1.30.Final/netty-codec-4.1.30.Final.jar:/home/user/.m2/repository/io/netty/netty-handler/4.1.30.Final/netty-handler-4.1.30.Final.jar:/home/user/.m2/repository/io/netty/netty-handler-proxy/4.1.30.Final/netty-handler-proxy-4.1.30.Final.jar:/home/user/.m2/repository/io/netty/netty-codec-socks/4.1.30.Final/netty-codec-socks-4.1.30.Final.jar:/home/user/.m2/repository/io/netty/netty-transport-native-epoll/4.1.30.Final/netty-transport-native-epoll-4.1.30.Final.jar:/home/user/.m2/repository/io/netty/netty-common/4.1.30.Final/netty-common-4.1.30.Final.jar:/home/user/.m2/repository/io/netty/netty-buffer/4.1.30.Final/netty-buffer-4.1.30.Final.jar:/home/user/.m2/repository/io/netty/netty-transport/4.1.30.Final/netty-transport-4.1.30.Final.jar:/home/user/.m2/repository/io/netty/netty-resolver/4.1.30.Final/netty-resolver-4.1.30.Final.jar:/home/user/.m2/repository/io/netty/netty-transport-native-unix-common/4.1.30.Final/netty-transport-native-unix-common-4.1.30.Final.jar:/home/user/.m2/repository/io/grpc/grpc-protobuf/1.17.1/grpc-protobuf-1.17.1.jar:/home/user/.m2/repository/com/google/api/grpc/proto-google-common-protos/1.0.0/proto-google-common-protos-1.0.0.jar:/home/user/.m2/repository/io/grpc/grpc-protobuf-lite/1.17.1/grpc-protobuf-lite-1.17.1.jar:/home/user/.m2/repository/io/grpc/grpc-stub/1.17.1/grpc-stub-1.17.1.jar:/home/user/.m2/repository/org/apache/hadoop/hadoop-ozone-recon/0.5.0-SNAPSHOT/hadoop-ozone-recon-0.5.0-SNAPSHOT.jar:/home/user/.m2/repository/org/apache/hadoop/hadoop-ozone-reconcodegen/0.5.0-SNAPSHOT/hadoop-ozone-reconcodegen-0.5.0-SNAPSHOT.jar:/home/user/.m2/repository/com/google/inject/extensions/guice-multibindings/4.0/guice-multibindings-4.0.jar:/home/user/.m2/repository/com/google/inject/guice/4.0/guice-4.0.jar:/home/user/.m2/repository/aopalliance/aopalliance/1.0/aopalliance-1.0.jar:/home/user/.m2/repository/com/google/inject/extensions/guice-servlet/4.0/guice-servlet-4.0.jar:/home/user/.m2/repository/org/glassfish/jersey/containers/jersey-container-servlet/2.27/jersey-container-servlet-2.27.jar:/home/user/.m2/repository/org/glassfish/hk2/guice-bridge/2.5.0/guice-bridge-2.5.0.jar:/home/user/.m2/repository/org/glassfish/jersey/core/jersey-server/2.27/jersey-server-2.27.jar:/home/user/.m2/repository/org/glassfish/jersey/core/jersey-client/2.27/jersey-client-2.27.jar:/home/user/.m2/repository/org/glassfish/jersey/media/jersey-media-jaxb/2.27/jersey-media-jaxb-2.27.jar:/home/user/.m2/repository/javax/validation/validation-api/1.1.0.Final/validation-api-1.1.0.Final.jar:/home/user/.m2/repository/org/glassfish/jersey/media/jersey-media-json-jackson/2.27/jersey-media-json-jackson-2.27.jar:/home/user/.m2/repository/org/glassfish/jersey/ext/jersey-entity-filtering/2.27/jersey-entity-filtering-2.27.jar:/home/user/.m2/repository/com/google/inject/extensions/guice-assistedinject/4.0/guice-assistedinject-4.0.jar:/home/user/.m2/repository/org/jooq/jooq/3.11.10/jooq-3.11.10.jar:/home/user/.m2/repository/org/jooq/jooq-meta/3.11.10/jooq-meta-3.11.10.jar:/home/user/.m2/repository/org/jooq/jooq-codegen/3.11.10/jooq-codegen-3.11.10.jar:/home/user/.m2/repository/com/jolbox/bonecp/0.8.0.RELEASE/bonecp-0.8.0.RELEASE.jar:/home/user/.m2/repository/org/xerial/sqlite-jdbc/3.25.2/sqlite-jdbc-3.25.2.jar:/home/user/.m2/repository/org/springframework/spring-jdbc/5.1.3.RELEASE/spring-jdbc-5.1.3.RELEASE.jar:/home/user/.m2/repository/org/springframework/spring-beans/5.1.3.RELEASE/spring-beans-5.1.3.RELEASE.jar:/home/user/.m2/repository/org/springframework/spring-core/5.1.3.RELEASE/spring-core-5.1.3.RELEASE.jar:/home/user/.m2/repository/org/springframework/spring-jcl/5.1.3.RELEASE/spring-jcl-5.1.3.RELEASE.jar:/home/user/.m2/repository/org/springframework/spring-tx/5.1.3.RELEASE/spring-tx-5.1.3.RELEASE.jar:/home/user/.m2/repository/org/apache/hadoop/hadoop-ozone-client/0.5.0-SNAPSHOT/hadoop-ozone-client-0.5.0-SNAPSHOT.jar:/home/user/.m2/repository/commons-lang/commons-lang/2.6/commons-lang-2.6.jar:/home/user/.m2/repository/org/apache/hadoop/hadoop-ozone-ozone-manager/0.5.0-SNAPSHOT/hadoop-ozone-ozone-manager-0.5.0-SNAPSHOT-tests.jar:/home/user/.m2/repository/junit/junit/4.11/junit-4.11.jar:/home/user/.m2/repository/org/hamcrest/hamcrest-core/1.3/hamcrest-core-1.3.jar:/home/user/.m2/repository/org/openjdk/jmh/jmh-core/1.19/jmh-core-1.19.jar:/home/user/.m2/repository/net/sf/jopt-simple/jopt-simple/4.6/jopt-simple-4.6.jar:/home/user/.m2/repository/org/apache/commons/commons-math3/3.1.1/commons-math3-3.1.1.jar:/home/user/.m2/repository/org/openjdk/jmh/jmh-generator-annprocess/1.19/jmh-generator-annprocess-1.19.jar:/home/user/.m2/repository/org/mockito/mockito-all/1.8.5/mockito-all-1.8.5.jar:/home/user/.m2/repository/org/apache/hadoop/hadoop-kms/3.2.0/hadoop-kms-3.2.0.jar:/home/user/.m2/repository/org/apache/hadoop/hadoop-auth/3.2.0/hadoop-auth-3.2.0.jar:/home/user/.m2/repository/com/nimbusds/nimbus-jose-jwt/4.41.1/nimbus-jose-jwt-4.41.1.jar:/home/user/.m2/repository/com/github/stephenc/jcip/jcip-annotations/1.0-1/jcip-annotations-1.0-1.jar:/home/user/.m2/repository/net/minidev/json-smart/2.3/json-smart-2.3.jar:/home/user/.m2/repository/net/minidev/accessors-smart/1.2/accessors-smart-1.2.jar:/home/user/.m2/repository/org/ow2/asm/asm/5.0.4/asm-5.0.4.jar:/home/user/.m2/repository/org/apache/curator/curator-framework/2.12.0/curator-framework-2.12.0.jar:/home/user/.m2/repository/com/sun/jersey/jersey-core/1.19/jersey-core-1.19.jar:/home/user/.m2/repository/javax/ws/rs/jsr311-api/1.1.1/jsr311-api-1.1.1.jar:/home/user/.m2/repository/com/sun/jersey/jersey-server/1.19/jersey-server-1.19.jar:/home/user/.m2/repository/javax/servlet/javax.servlet-api/3.1.0/javax.servlet-api-3.1.0.jar:/home/user/.m2/repository/org/eclipse/jetty/jetty-server/9.3.24.v20180605/jetty-server-9.3.24.v20180605.jar:/home/user/.m2/repository/org/eclipse/jetty/jetty-http/9.3.24.v20180605/jetty-http-9.3.24.v20180605.jar:/home/user/.m2/repository/org/eclipse/jetty/jetty-io/9.3.24.v20180605/jetty-io-9.3.24.v20180605.jar:/home/user/.m2/repository/org/eclipse/jetty/jetty-webapp/9.3.24.v20180605/jetty-webapp-9.3.24.v20180605.jar:/home/user/.m2/repository/org/eclipse/jetty/jetty-xml/9.3.24.v20180605/jetty-xml-9.3.24.v20180605.jar:/home/user/.m2/repository/log4j/log4j/1.2.17/log4j-1.2.17.jar:/home/user/.m2/repository/org/slf4j/slf4j-api/1.7.25/slf4j-api-1.7.25.jar:/home/user/.m2/repository/org/slf4j/jul-to-slf4j/1.7.25/jul-to-slf4j-1.7.25.jar:/home/user/.m2/repository/org/eclipse/jetty/jetty-util/9.3.24.v20180605/jetty-util-9.3.24.v20180605.jar:/home/user/.m2/repository/com/fasterxml/jackson/core/jackson-databind/2.9.5/jackson-databind-2.9.5.jar:/home/user/.m2/repository/org/apache/hadoop/hadoop-kms/3.2.0/hadoop-kms-3.2.0-tests.jar:/home/user/.m2/repository/org/apache/hadoop/hadoop-hdds-server-scm/0.5.0-SNAPSHOT/hadoop-hdds-server-scm-0.5.0-SNAPSHOT-tests.jar:/home/user/.m2/repository/org/apache/hadoop/hadoop-hdds-container-service/0.5.0-SNAPSHOT/hadoop-hdds-container-service-0.5.0-SNAPSHOT-tests.jar:/home/user/.m2/repository/org/yaml/snakeyaml/1.16/snakeyaml-1.16.jar:/home/user/.m2/repository/org/apache/hadoop/hadoop-common/3.2.0/hadoop-common-3.2.0-tests.jar:/home/user/.m2/repository/org/apache/hadoop/hadoop-annotations/3.2.0/hadoop-annotations-3.2.0.jar:/usr/lib/jvm/java-1.8-openjdk/jre/../lib/tools.jar:/home/user/.m2/repository/commons-cli/commons-cli/1.2/commons-cli-1.2.jar:/home/user/.m2/repository/org/apache/httpcomponents/httpclient/4.5.2/httpclient-4.5.2.jar:/home/user/.m2/repository/org/apache/httpcomponents/httpcore/4.4.4/httpcore-4.4.4.jar:/home/user/.m2/repository/commons-codec/commons-codec/1.11/commons-codec-1.11.jar:/home/user/.m2/repository/commons-net/commons-net/3.6/commons-net-3.6.jar:/home/user/.m2/repository/commons-collections/commons-collections/3.2.2/commons-collections-3.2.2.jar:/home/user/.m2/repository/org/eclipse/jetty/jetty-servlet/9.3.24.v20180605/jetty-servlet-9.3.24.v20180605.jar:/home/user/.m2/repository/org/eclipse/jetty/jetty-security/9.3.24.v20180605/jetty-security-9.3.24.v20180605.jar:/home/user/.m2/repository/javax/servlet/jsp/jsp-api/2.1/jsp-api-2.1.jar:/home/user/.m2/repository/com/sun/jersey/jersey-servlet/1.19/jersey-servlet-1.19.jar:/home/user/.m2/repository/com/sun/jersey/jersey-json/1.19/jersey-json-1.19.jar:/home/user/.m2/repository/org/codehaus/jettison/jettison/1.1/jettison-1.1.jar:/home/user/.m2/repository/org/codehaus/jackson/jackson-core-asl/1.9.13/jackson-core-asl-1.9.13.jar:/home/user/.m2/repository/org/codehaus/jackson/jackson-mapper-asl/1.9.13/jackson-mapper-asl-1.9.13.jar:/home/user/.m2/repository/org/codehaus/jackson/jackson-jaxrs/1.9.13/jackson-jaxrs-1.9.13.jar:/home/user/.m2/repository/org/codehaus/jackson/jackson-xc/1.9.13/jackson-xc-1.9.13.jar:/home/user/.m2/repository/commons-logging/commons-logging/1.1.3/commons-logging-1.1.3.jar:/home/user/.m2/repository/commons-beanutils/commons-beanutils/1.9.3/commons-beanutils-1.9.3.jar:/home/user/.m2/repository/org/apache/commons/commons-configuration2/2.1.1/commons-configuration2-2.1.1.jar:/home/user/.m2/repository/org/apache/commons/commons-lang3/3.7/commons-lang3-3.7.jar:/home/user/.m2/repository/org/apache/commons/commons-text/1.4/commons-text-1.4.jar:/home/user/.m2/repository/org/apache/avro/avro/1.7.7/avro-1.7.7.jar:/home/user/.m2/repository/com/thoughtworks/paranamer/paranamer/2.3/paranamer-2.3.jar:/home/user/.m2/repository/org/xerial/snappy/snappy-java/1.0.5/snappy-java-1.0.5.jar:/home/user/.m2/repository/com/google/re2j/re2j/1.1/re2j-1.1.jar:/home/user/.m2/repository/com/google/code/gson/gson/2.2.4/gson-2.2.4.jar:/home/user/.m2/repository/com/jcraft/jsch/0.1.54/jsch-0.1.54.jar:/home/user/.m2/repository/org/apache/curator/curator-client/2.12.0/curator-client-2.12.0.jar:/home/user/.m2/repository/org/apache/curator/curator-recipes/2.12.0/curator-recipes-2.12.0.jar:/home/user/.m2/repository/com/google/code/findbugs/jsr305/3.0.0/jsr305-3.0.0.jar:/home/user/.m2/repository/org/apache/htrace/htrace-core4/4.1.0-incubating/htrace-core4-4.1.0-incubating.jar:/home/user/.m2/repository/org/apache/zookeeper/zookeeper/3.4.13/zookeeper-3.4.13.jar:/home/user/.m2/repository/org/apache/yetus/audience-annotations/0.5.0/audience-annotations-0.5.0.jar:/home/user/.m2/repository/org/codehaus/woodstox/stax2-api/3.1.4/stax2-api-3.1.4.jar:/home/user/.m2/repository/com/fasterxml/woodstox/woodstox-core/5.0.3/woodstox-core-5.0.3.jar:/home/user/.m2/repository/dnsjava/dnsjava/2.1.7/dnsjava-2.1.7.jar:/home/user/.m2/repository/org/apache/hadoop/hadoop-hdfs/3.2.0/hadoop-hdfs-3.2.0-tests.jar:/home/user/.m2/repository/org/eclipse/jetty/jetty-util-ajax/9.3.24.v20180605/jetty-util-ajax-9.3.24.v20180605.jar:/home/user/.m2/repository/commons-daemon/commons-daemon/1.0.13/commons-daemon-1.0.13.jar:/home/user/.m2/repository/io/netty/netty/3.10.5.Final/netty-3.10.5.Final.jar:/home/user/.m2/repository/io/netty/netty-all/4.0.52.Final/netty-all-4.0.52.Final.jar:/home/user/.m2/repository/org/fusesource/leveldbjni/leveldbjni-all/1.8/leveldbjni-all-1.8.jar:"/>
    <property name="sun.cpu.endian" value="little"/>
    <property name="user.home" value="/home/user"/>
    <property name="user.language" value="en"/>
    <property name="java.specification.vendor" value="Oracle Corporation"/>
    <property name="java.home" value="/usr/lib/jvm/java-1.8-openjdk/jre"/>
    <property name="java.security.krb5.conf" value="/workdir/hadoop-ozone/integration-test/target/test-classes/krb5.conf"/>
    <property name="basedir" value="/workdir/hadoop-ozone/integration-test"/>
    <property name="file.separator" value="/"/>
    <property name="line.separator" value="&#10;"/>
    <property name="java.vm.specification.vendor" value="Oracle Corporation"/>
    <property name="java.specification.name" value="Java Platform API Specification"/>
    <property name="java.awt.graphicsenv" value="sun.awt.X11GraphicsEnvironment"/>
    <property name="surefire.real.class.path" value="/workdir/hadoop-ozone/integration-test/target/surefire/surefirebooter3546932966825338780.jar"/>
    <property name="hadoop.log.dir" value="/workdir/hadoop-ozone/integration-test/target/log"/>
    <property name="sun.boot.class.path" value="/usr/lib/jvm/java-1.8-openjdk/jre/lib/resources.jar:/usr/lib/jvm/java-1.8-openjdk/jre/lib/rt.jar:/usr/lib/jvm/java-1.8-openjdk/jre/lib/sunrsasign.jar:/usr/lib/jvm/java-1.8-openjdk/jre/lib/jsse.jar:/usr/lib/jvm/java-1.8-openjdk/jre/lib/jce.jar:/usr/lib/jvm/java-1.8-openjdk/jre/lib/charsets.jar:/usr/lib/jvm/java-1.8-openjdk/jre/lib/jfr.jar:/usr/lib/jvm/java-1.8-openjdk/jre/classes"/>
    <property name="sun.management.compiler" value="HotSpot 64-Bit Tiered Compilers"/>
    <property name="java.runtime.version" value="1.8.0_212-b04"/>
    <property name="java.net.preferIPv4Stack" value="true"/>
    <property name="user.name" value="jenkins1000"/>
    <property name="path.separator" value=":"/>
    <property name="java.security.egd" value="file:///dev/urandom"/>
    <property name="os.version" value="3.10.0-957.12.2.el7.x86_64"/>
    <property name="java.endorsed.dirs" value="/usr/lib/jvm/java-1.8-openjdk/jre/lib/endorsed"/>
    <property name="java.runtime.name" value="OpenJDK Runtime Environment"/>
    <property name="file.encoding" value="UTF-8"/>
    <property name="java.vm.name" value="OpenJDK 64-Bit Server VM"/>
    <property name="test.build.webapps" value=""/>
    <property name="localRepository" value="/home/user/.m2/repository"/>
    <property name="java.vendor.url.bug" value="https://icedtea.classpath.org/bugzilla"/>
    <property name="java.io.tmpdir" value="/tmp"/>
    <property name="require.test.libhadoop" value=""/>
    <property name="java.version" value="1.8.0_212"/>
    <property name="user.dir" value="/workdir/hadoop-ozone/integration-test"/>
    <property name="os.arch" value="amd64"/>
    <property name="java.vm.specification.name" value="Java Virtual Machine Specification"/>
    <property name="test.build.classes" value="/workdir/hadoop-ozone/integration-test/target/test-classes"/>
    <property name="java.awt.printerjob" value="sun.print.PSPrinterJob"/>
    <property name="sun.os.patch.level" value="unknown"/>
    <property name="hadoop.tmp.dir" value="/workdir/hadoop-ozone/integration-test/target/tmp"/>
    <property name="java.library.path" value="/usr/lib/jvm/java-1.8-openjdk/jre/lib/amd64/server:/usr/lib/jvm/java-1.8-openjdk/jre/lib/amd64:/usr/lib/jvm/java-1.8-openjdk/jre/../lib/amd64:/workdir/hadoop-ozone/integration-test/target/native/target/usr/local/lib:/workdir/hadoop-ozone/integration-test/../../hadoop-common-project/hadoop-common/target/native/target/usr/local/lib:/usr/java/packages/lib/amd64:/usr/lib64:/lib64:/lib:/usr/lib"/>
    <property name="java.vm.info" value="mixed mode"/>
    <property name="java.vendor" value="IcedTea"/>
    <property name="java.vm.version" value="25.212-b04"/>
    <property name="java.ext.dirs" value="/usr/lib/jvm/java-1.8-openjdk/jre/lib/ext:/usr/java/packages/lib/ext"/>
    <property name="sun.io.unicode.encoding" value="UnicodeLittle"/>
    <property name="java.class.version" value="52.0"/>
  </properties>
  <testcase name="testAutomaticPipelineCreationOnPipelineDestroy" classname="org.apache.hadoop.hdds.scm.pipeline.TestRatisPipelineCreateAndDestory" time="29.691"/>
  <testcase name="testPipelineCreationOnNodeRestart" classname="org.apache.hadoop.hdds.scm.pipeline.TestRatisPipelineCreateAndDestory" time="40.423">
    <error message="test timed out after 30000 milliseconds" type="java.lang.Exception">java.lang.Exception: test timed out after 30000 milliseconds
	at sun.misc.Unsafe.park(Native Method)
	at java.util.concurrent.locks.LockSupport.park(LockSupport.java:175)
	at java.util.concurrent.locks.AbstractQueuedSynchronizer.parkAndCheckInterrupt(AbstractQueuedSynchronizer.java:836)
	at java.util.concurrent.locks.AbstractQueuedSynchronizer.doAcquireShared(AbstractQueuedSynchronizer.java:967)
	at java.util.concurrent.locks.AbstractQueuedSynchronizer.acquireShared(AbstractQueuedSynchronizer.java:1283)
	at java.util.concurrent.locks.ReentrantReadWriteLock$ReadLock.lock(ReentrantReadWriteLock.java:727)
	at org.apache.hadoop.hdds.scm.pipeline.SCMPipelineManager.getPipelines(SCMPipelineManager.java:225)
	at org.apache.hadoop.hdds.scm.pipeline.TestRatisPipelineCreateAndDestory.lambda$waitForPipelines$0(TestRatisPipelineCreateAndDestory.java:127)
	at org.apache.hadoop.hdds.scm.pipeline.TestRatisPipelineCreateAndDestory$$Lambda$278/1159047263.get(Unknown Source)
	at org.apache.hadoop.test.GenericTestUtils.waitFor(GenericTestUtils.java:383)
	at org.apache.hadoop.hdds.scm.pipeline.TestRatisPipelineCreateAndDestory.waitForPipelines(TestRatisPipelineCreateAndDestory.java:126)
	at org.apache.hadoop.hdds.scm.pipeline.TestRatisPipelineCreateAndDestory.testPipelineCreationOnNodeRestart(TestRatisPipelineCreateAndDestory.java:121)
	at sun.reflect.NativeMethodAccessorImpl.invoke0(Native Method)
	at sun.reflect.NativeMethodAccessorImpl.invoke(NativeMethodAccessorImpl.java:62)
	at sun.reflect.DelegatingMethodAccessorImpl.invoke(DelegatingMethodAccessorImpl.java:43)
	at java.lang.reflect.Method.invoke(Method.java:498)
	at org.junit.runners.model.FrameworkMethod$1.runReflectiveCall(FrameworkMethod.java:47)
	at org.junit.internal.runners.model.ReflectiveCallable.run(ReflectiveCallable.java:12)
	at org.junit.runners.model.FrameworkMethod.invokeExplosively(FrameworkMethod.java:44)
	at org.junit.internal.runners.statements.InvokeMethod.evaluate(InvokeMethod.java:17)
	at org.junit.internal.runners.statements.FailOnTimeout$StatementThread.run(FailOnTimeout.java:74)
</error>
    <system-out><![CDATA[2019-08-22 09:08:14,890 [Thread-332] WARN  server.ServerUtils (ServerUtils.java:getScmDbDir(145)) - ozone.scm.db.dirs is not configured. We recommend adding this setting. Falling back to ozone.metadata.dirs instead.
2019-08-22 09:08:14,978 [Thread-332] WARN  server.ServerUtils (ServerUtils.java:getScmDbDir(145)) - ozone.scm.db.dirs is not configured. We recommend adding this setting. Falling back to ozone.metadata.dirs instead.
2019-08-22 09:08:14,979 [Thread-332] WARN  server.ServerUtils (ServerUtils.java:getScmDbDir(145)) - ozone.scm.db.dirs is not configured. We recommend adding this setting. Falling back to ozone.metadata.dirs instead.
2019-08-22 09:08:14,980 [Thread-332] INFO  db.DBStoreBuilder (DBStoreBuilder.java:addTable(110)) - using custom profile for table: deletedBlocks
2019-08-22 09:08:14,980 [Thread-332] INFO  db.DBStoreBuilder (DBStoreBuilder.java:processTables(161)) - Using default column profile:DBProfile.DISK for Table:deletedBlocks
2019-08-22 09:08:14,980 [Thread-332] INFO  db.DBStoreBuilder (DBStoreBuilder.java:addTable(110)) - using custom profile for table: validCerts
2019-08-22 09:08:14,981 [Thread-332] INFO  db.DBStoreBuilder (DBStoreBuilder.java:processTables(161)) - Using default column profile:DBProfile.DISK for Table:validCerts
2019-08-22 09:08:14,981 [Thread-332] INFO  db.DBStoreBuilder (DBStoreBuilder.java:addTable(110)) - using custom profile for table: revokedCerts
2019-08-22 09:08:14,981 [Thread-332] INFO  db.DBStoreBuilder (DBStoreBuilder.java:processTables(161)) - Using default column profile:DBProfile.DISK for Table:revokedCerts
2019-08-22 09:08:14,982 [Thread-332] INFO  db.DBStoreBuilder (DBStoreBuilder.java:addTable(110)) - using custom profile for table: default
2019-08-22 09:08:14,982 [Thread-332] INFO  db.DBStoreBuilder (DBStoreBuilder.java:processTables(167)) - Using default column profile:DBProfile.DISK for Table:default
2019-08-22 09:08:14,982 [Thread-332] INFO  db.DBStoreBuilder (DBStoreBuilder.java:getDbProfile(198)) - Using default options. DBProfile.DISK
2019-08-22 09:08:15,209 [Thread-332] INFO  net.NodeSchemaLoader (NodeSchemaLoader.java:loadSchemaFromFile(125)) - Loading file from sun.misc.CompoundEnumeration@766ee8f4
2019-08-22 09:08:15,209 [Thread-332] INFO  net.NodeSchemaLoader (NodeSchemaLoader.java:loadSchema(171)) - Loading network topology layer schema file
2019-08-22 09:08:15,215 [Thread-332] INFO  node.SCMNodeManager (SCMNodeManager.java:<init>(121)) - Entering startup safe mode.
2019-08-22 09:08:15,216 [Thread-332] INFO  algorithms.ContainerPlacementPolicyFactory (ContainerPlacementPolicyFactory.java:getPolicy(55)) - Create container placement policy of type org.apache.hadoop.hdds.scm.container.placement.algorithms.SCMContainerPlacementRandom
2019-08-22 09:08:15,216 [Thread-332] WARN  server.ServerUtils (ServerUtils.java:getScmDbDir(145)) - ozone.scm.db.dirs is not configured. We recommend adding this setting. Falling back to ozone.metadata.dirs instead.
2019-08-22 09:08:15,298 [Thread-332] INFO  pipeline.SCMPipelineManager (SCMPipelineManager.java:initializePipelineState(126)) - No pipeline exists in current db
2019-08-22 09:08:15,298 [Thread-332] WARN  server.ServerUtils (ServerUtils.java:getScmDbDir(145)) - ozone.scm.db.dirs is not configured. We recommend adding this setting. Falling back to ozone.metadata.dirs instead.
2019-08-22 09:08:15,406 [Thread-332] WARN  events.EventQueue (EventQueue.java:fireEvent(175)) - No event handler registered for event TypedEvent{payloadType=SafeModeStatus, name='SafeModeStatus'}
2019-08-22 09:08:15,407 [Thread-332] INFO  ipc.CallQueueManager (CallQueueManager.java:<init>(84)) - Using callQueue: class java.util.concurrent.LinkedBlockingQueue, queueCapacity: 2000, scheduler: class org.apache.hadoop.ipc.DefaultRpcScheduler, ipcBackoff: false.
2019-08-22 09:08:15,408 [Socket Reader #1 for port 38087] INFO  ipc.Server (Server.java:run(1074)) - Starting Socket Reader #1 for port 38087
2019-08-22 09:08:15,410 [Thread-332] INFO  ipc.CallQueueManager (CallQueueManager.java:<init>(84)) - Using callQueue: class java.util.concurrent.LinkedBlockingQueue, queueCapacity: 2000, scheduler: class org.apache.hadoop.ipc.DefaultRpcScheduler, ipcBackoff: false.
2019-08-22 09:08:15,411 [Socket Reader #1 for port 42958] INFO  ipc.Server (Server.java:run(1074)) - Starting Socket Reader #1 for port 42958
2019-08-22 09:08:15,413 [Thread-332] INFO  ipc.CallQueueManager (CallQueueManager.java:<init>(84)) - Using callQueue: class java.util.concurrent.LinkedBlockingQueue, queueCapacity: 2000, scheduler: class org.apache.hadoop.ipc.DefaultRpcScheduler, ipcBackoff: false.
2019-08-22 09:08:15,414 [Socket Reader #1 for port 39038] INFO  ipc.Server (Server.java:run(1074)) - Starting Socket Reader #1 for port 39038
2019-08-22 09:08:15,416 [Thread-332] INFO  hdfs.DFSUtil (DFSUtil.java:httpServerTemplateForNNAndJN(1641)) - Starting Web-server for scm at: http://0.0.0.0:0
2019-08-22 09:08:15,419 [Thread-332] INFO  server.AuthenticationFilter (AuthenticationFilter.java:constructSecretProvider(240)) - Unable to initialize FileSignerSecretProvider, falling back to use random secrets.
2019-08-22 09:08:15,420 [Thread-332] WARN  http.HttpRequestLog (HttpRequestLog.java:getRequestLog(97)) - Jetty request log can only be enabled using Log4j
2019-08-22 09:08:15,423 [Thread-332] INFO  http.HttpServer2 (HttpServer2.java:addGlobalFilter(975)) - Added global filter 'safety' (class=org.apache.hadoop.http.HttpServer2$QuotingInputFilter)
2019-08-22 09:08:15,424 [Thread-332] INFO  http.HttpServer2 (HttpServer2.java:addFilter(948)) - Added filter static_user_filter (class=org.apache.hadoop.http.lib.StaticUserWebFilter$StaticUserFilter) to context scm
2019-08-22 09:08:15,424 [Thread-332] INFO  http.HttpServer2 (HttpServer2.java:addFilter(958)) - Added filter static_user_filter (class=org.apache.hadoop.http.lib.StaticUserWebFilter$StaticUserFilter) to context logs
2019-08-22 09:08:15,424 [Thread-332] INFO  http.HttpServer2 (HttpServer2.java:addFilter(958)) - Added filter static_user_filter (class=org.apache.hadoop.http.lib.StaticUserWebFilter$StaticUserFilter) to context static
2019-08-22 09:08:15,428 [Thread-332] INFO  server.StorageContainerManager (StorageContainerManager.java:start(759)) - StorageContainerLocationProtocol RPC server is listening at /0.0.0.0:39038
2019-08-22 09:08:15,431 [Thread-332] WARN  impl.MetricsConfig (MetricsConfig.java:loadFirst(134)) - Cannot locate configuration: tried hadoop-metrics2-storagecontainermanager.properties,hadoop-metrics2.properties
2019-08-22 09:08:15,432 [Thread-332] INFO  impl.MetricsSystemImpl (MetricsSystemImpl.java:startTimer(374)) - Scheduled Metric snapshot period at 10 second(s).
2019-08-22 09:08:15,432 [Thread-332] INFO  impl.MetricsSystemImpl (MetricsSystemImpl.java:start(191)) - StorageContainerManager metrics system started
2019-08-22 09:08:15,488 [Thread-332] INFO  server.SCMClientProtocolServer (SCMClientProtocolServer.java:start(151)) - RPC server for Client  is listening at /0.0.0.0:39038
2019-08-22 09:08:15,488 [IPC Server Responder] INFO  ipc.Server (Server.java:run(1314)) - IPC Server Responder: starting
2019-08-22 09:08:15,488 [IPC Server listener on 39038] INFO  ipc.Server (Server.java:run(1153)) - IPC Server listener on 39038: starting
2019-08-22 09:08:15,492 [Thread-332] INFO  server.StorageContainerManager (StorageContainerManager.java:start(769)) - ScmBlockLocationProtocol RPC server is listening at /0.0.0.0:42958
2019-08-22 09:08:15,492 [Thread-332] INFO  server.SCMBlockProtocolServer (SCMBlockProtocolServer.java:start(140)) - RPC server for Block Protocol is listening at /0.0.0.0:42958
2019-08-22 09:08:15,492 [IPC Server Responder] INFO  ipc.Server (Server.java:run(1314)) - IPC Server Responder: starting
2019-08-22 09:08:15,493 [IPC Server listener on 42958] INFO  ipc.Server (Server.java:run(1153)) - IPC Server listener on 42958: starting
2019-08-22 09:08:15,496 [Thread-332] INFO  server.StorageContainerManager (StorageContainerManager.java:start(773)) - ScmDatanodeProtocl RPC server is listening at /0.0.0.0:38087
2019-08-22 09:08:15,496 [Thread-332] INFO  server.SCMDatanodeProtocolServer (SCMDatanodeProtocolServer.java:start(191)) - RPC server for DataNodes is listening at /0.0.0.0:38087
2019-08-22 09:08:15,497 [IPC Server Responder] INFO  ipc.Server (Server.java:run(1314)) - IPC Server Responder: starting
2019-08-22 09:08:15,497 [IPC Server listener on 38087] INFO  ipc.Server (Server.java:run(1153)) - IPC Server listener on 38087: starting
2019-08-22 09:08:15,501 [Thread-332] INFO  http.HttpServer2 (HttpServer2.java:bindListener(1191)) - Jetty bound to port 44453
2019-08-22 09:08:15,501 [Thread-332] INFO  server.Server (Server.java:doStart(351)) - jetty-9.3.24.v20180605, build timestamp: 2018-06-05T17:11:56Z, git hash: 84205aa28f11a4f31f2a3b86d1bba2cc8ab69827
2019-08-22 09:08:15,503 [Thread-332] INFO  handler.ContextHandler (ContextHandler.java:doStart(781)) - Started o.e.j.s.ServletContextHandler@7c81197d{/logs,file:///workdir/hadoop-ozone/integration-test/target/log,AVAILABLE}
2019-08-22 09:08:15,503 [Thread-332] INFO  handler.ContextHandler (ContextHandler.java:doStart(781)) - Started o.e.j.s.ServletContextHandler@76880146{/static,file:///workdir/hadoop-ozone/integration-test/target/test-classes/webapps/static,AVAILABLE}
2019-08-22 09:08:15,508 [Thread-332] INFO  handler.ContextHandler (ContextHandler.java:doStart(781)) - Started o.e.j.w.WebAppContext@40a4f6af{/,file:///workdir/hadoop-ozone/integration-test/target/test-classes/webapps/scm/,AVAILABLE}{/scm}
2019-08-22 09:08:15,509 [Thread-332] INFO  server.AbstractConnector (AbstractConnector.java:doStart(278)) - Started ServerConnector@610c9f1b{HTTP/1.1,[http/1.1]}{0.0.0.0:44453}
2019-08-22 09:08:15,509 [Thread-332] INFO  server.Server (Server.java:doStart(419)) - Started @30952ms
2019-08-22 09:08:15,510 [Thread-332] INFO  server.BaseHttpServer (BaseHttpServer.java:updateConnectorAddress(213)) - HTTP server of SCM is listening at http://0.0.0.0:44453
2019-08-22 09:08:15,511 [Thread-332] WARN  server.ServerUtils (ServerUtils.java:getDBPath(222)) - ozone.om.db.dirs is not configured. We recommend adding this setting. Falling back to ozone.metadata.dirs instead.
2019-08-22 09:08:15,512 [org.apache.hadoop.util.JvmPauseMonitor$Monitor@7bc255b] INFO  util.JvmPauseMonitor (JvmPauseMonitor.java:run(188)) - Starting JVM pause monitor
2019-08-22 09:08:15,533 [Thread-332] WARN  server.ServerUtils (ServerUtils.java:getDBPath(222)) - ozone.om.db.dirs is not configured. We recommend adding this setting. Falling back to ozone.metadata.dirs instead.
2019-08-22 09:08:15,533 [Thread-332] WARN  server.ServerUtils (ServerUtils.java:getDBPath(222)) - ozone.om.db.dirs is not configured. We recommend adding this setting. Falling back to ozone.metadata.dirs instead.
2019-08-22 09:08:15,535 [Thread-332] INFO  om.OzoneManager (OzoneManager.java:setOMNodeDetails(648)) - OM Service ID is not set. Setting it to the default ID: omServiceIdDefault
2019-08-22 09:08:15,535 [Thread-332] INFO  om.OzoneManager (OzoneManager.java:setOMNodeDetails(654)) - OM Node ID is not set. Setting it to the OmStorage's OmID: 8e1d7604-e85c-4741-b2d5-e43dbe8cfcab
2019-08-22 09:08:15,536 [Thread-332] INFO  om.OzoneManager (OzoneManager.java:loadOMHAConfigs(605)) - Found matching OM address with OMServiceId: null, OMNodeId: null, RPC Address: localhost:0 and Ratis port: 9872
2019-08-22 09:08:15,544 | INFO  | SCMAudit | user=jenkins1000 | ip=192.168.36.85 | op=GET_SCM_INFO null | ret=SUCCESS |  
2019-08-22 09:08:15,547 [Thread-332] WARN  server.ServerUtils (ServerUtils.java:getDBPath(222)) - ozone.om.db.dirs is not configured. We recommend adding this setting. Falling back to ozone.metadata.dirs instead.
2019-08-22 09:08:15,547 [Thread-332] INFO  db.DBStoreBuilder (DBStoreBuilder.java:addTable(110)) - using custom profile for table: userTable
2019-08-22 09:08:15,547 [Thread-332] INFO  db.DBStoreBuilder (DBStoreBuilder.java:processTables(161)) - Using default column profile:DBProfile.DISK for Table:userTable
2019-08-22 09:08:15,548 [Thread-332] INFO  db.DBStoreBuilder (DBStoreBuilder.java:addTable(110)) - using custom profile for table: volumeTable
2019-08-22 09:08:15,548 [Thread-332] INFO  db.DBStoreBuilder (DBStoreBuilder.java:processTables(161)) - Using default column profile:DBProfile.DISK for Table:volumeTable
2019-08-22 09:08:15,548 [Thread-332] INFO  db.DBStoreBuilder (DBStoreBuilder.java:addTable(110)) - using custom profile for table: bucketTable
2019-08-22 09:08:15,548 [Thread-332] INFO  db.DBStoreBuilder (DBStoreBuilder.java:processTables(161)) - Using default column profile:DBProfile.DISK for Table:bucketTable
2019-08-22 09:08:15,548 [Thread-332] INFO  db.DBStoreBuilder (DBStoreBuilder.java:addTable(110)) - using custom profile for table: keyTable
2019-08-22 09:08:15,549 [Thread-332] INFO  db.DBStoreBuilder (DBStoreBuilder.java:processTables(161)) - Using default column profile:DBProfile.DISK for Table:keyTable
2019-08-22 09:08:15,549 [Thread-332] INFO  db.DBStoreBuilder (DBStoreBuilder.java:addTable(110)) - using custom profile for table: deletedTable
2019-08-22 09:08:15,549 [Thread-332] INFO  db.DBStoreBuilder (DBStoreBuilder.java:processTables(161)) - Using default column profile:DBProfile.DISK for Table:deletedTable
2019-08-22 09:08:15,549 [Thread-332] INFO  db.DBStoreBuilder (DBStoreBuilder.java:addTable(110)) - using custom profile for table: openKeyTable
2019-08-22 09:08:15,549 [Thread-332] INFO  db.DBStoreBuilder (DBStoreBuilder.java:processTables(161)) - Using default column profile:DBProfile.DISK for Table:openKeyTable
2019-08-22 09:08:15,550 [Thread-332] INFO  db.DBStoreBuilder (DBStoreBuilder.java:addTable(110)) - using custom profile for table: s3Table
2019-08-22 09:08:15,550 [Thread-332] INFO  db.DBStoreBuilder (DBStoreBuilder.java:processTables(161)) - Using default column profile:DBProfile.DISK for Table:s3Table
2019-08-22 09:08:15,550 [Thread-332] INFO  db.DBStoreBuilder (DBStoreBuilder.java:addTable(110)) - using custom profile for table: multipartInfoTable
2019-08-22 09:08:15,550 [Thread-332] INFO  db.DBStoreBuilder (DBStoreBuilder.java:processTables(161)) - Using default column profile:DBProfile.DISK for Table:multipartInfoTable
2019-08-22 09:08:15,551 [Thread-332] INFO  db.DBStoreBuilder (DBStoreBuilder.java:addTable(110)) - using custom profile for table: dTokenTable
2019-08-22 09:08:15,551 [Thread-332] INFO  db.DBStoreBuilder (DBStoreBuilder.java:processTables(161)) - Using default column profile:DBProfile.DISK for Table:dTokenTable
2019-08-22 09:08:15,551 [Thread-332] INFO  db.DBStoreBuilder (DBStoreBuilder.java:addTable(110)) - using custom profile for table: s3SecretTable
2019-08-22 09:08:15,551 [Thread-332] INFO  db.DBStoreBuilder (DBStoreBuilder.java:processTables(161)) - Using default column profile:DBProfile.DISK for Table:s3SecretTable
2019-08-22 09:08:15,551 [Thread-332] INFO  db.DBStoreBuilder (DBStoreBuilder.java:addTable(110)) - using custom profile for table: prefixTable
2019-08-22 09:08:15,552 [Thread-332] INFO  db.DBStoreBuilder (DBStoreBuilder.java:processTables(161)) - Using default column profile:DBProfile.DISK for Table:prefixTable
2019-08-22 09:08:15,552 [Thread-332] INFO  db.DBStoreBuilder (DBStoreBuilder.java:addTable(110)) - using custom profile for table: default
2019-08-22 09:08:15,552 [Thread-332] INFO  db.DBStoreBuilder (DBStoreBuilder.java:processTables(167)) - Using default column profile:DBProfile.DISK for Table:default
2019-08-22 09:08:15,552 [Thread-332] INFO  db.DBStoreBuilder (DBStoreBuilder.java:getDbProfile(198)) - Using default options. DBProfile.DISK
2019-08-22 09:08:16,321 [Thread-332] INFO  ipc.CallQueueManager (CallQueueManager.java:<init>(84)) - Using callQueue: class java.util.concurrent.LinkedBlockingQueue, queueCapacity: 2000, scheduler: class org.apache.hadoop.ipc.DefaultRpcScheduler, ipcBackoff: false.
2019-08-22 09:08:16,323 [Socket Reader #1 for port 32827] INFO  ipc.Server (Server.java:run(1074)) - Starting Socket Reader #1 for port 32827
2019-08-22 09:08:16,344 [Thread-332] INFO  om.OzoneManager (OzoneManager.java:start(1259)) - OzoneManager RPC server is listening at localhost/127.0.0.1:32827
2019-08-22 09:08:16,344 [Thread-332] INFO  impl.MetricsSystemImpl (MetricsSystemImpl.java:init(158)) - OzoneManager metrics system started (again)
2019-08-22 09:08:16,345 [IPC Server listener on 32827] INFO  ipc.Server (Server.java:run(1153)) - IPC Server listener on 32827: starting
2019-08-22 09:08:16,345 [IPC Server Responder] INFO  ipc.Server (Server.java:run(1314)) - IPC Server Responder: starting
2019-08-22 09:08:16,349 [Thread-332] INFO  hdfs.DFSUtil (DFSUtil.java:httpServerTemplateForNNAndJN(1641)) - Starting Web-server for ozoneManager at: http://0.0.0.0:0
2019-08-22 09:08:16,351 [Thread-332] INFO  server.AuthenticationFilter (AuthenticationFilter.java:constructSecretProvider(240)) - Unable to initialize FileSignerSecretProvider, falling back to use random secrets.
2019-08-22 09:08:16,351 [Thread-332] WARN  http.HttpRequestLog (HttpRequestLog.java:getRequestLog(97)) - Jetty request log can only be enabled using Log4j
2019-08-22 09:08:16,354 [Thread-332] INFO  http.HttpServer2 (HttpServer2.java:addGlobalFilter(975)) - Added global filter 'safety' (class=org.apache.hadoop.http.HttpServer2$QuotingInputFilter)
2019-08-22 09:08:16,355 [Thread-332] INFO  http.HttpServer2 (HttpServer2.java:addFilter(948)) - Added filter static_user_filter (class=org.apache.hadoop.http.lib.StaticUserWebFilter$StaticUserFilter) to context ozoneManager
2019-08-22 09:08:16,355 [Thread-332] INFO  http.HttpServer2 (HttpServer2.java:addFilter(958)) - Added filter static_user_filter (class=org.apache.hadoop.http.lib.StaticUserWebFilter$StaticUserFilter) to context static
2019-08-22 09:08:16,355 [Thread-332] INFO  http.HttpServer2 (HttpServer2.java:addFilter(958)) - Added filter static_user_filter (class=org.apache.hadoop.http.lib.StaticUserWebFilter$StaticUserFilter) to context logs
2019-08-22 09:08:16,356 [Thread-332] INFO  http.HttpServer2 (HttpServer2.java:bindListener(1191)) - Jetty bound to port 44554
2019-08-22 09:08:16,356 [Thread-332] INFO  server.Server (Server.java:doStart(351)) - jetty-9.3.24.v20180605, build timestamp: 2018-06-05T17:11:56Z, git hash: 84205aa28f11a4f31f2a3b86d1bba2cc8ab69827
2019-08-22 09:08:16,358 [Thread-332] INFO  handler.ContextHandler (ContextHandler.java:doStart(781)) - Started o.e.j.s.ServletContextHandler@63775db2{/logs,file:///workdir/hadoop-ozone/integration-test/target/log,AVAILABLE}
2019-08-22 09:08:16,359 [Thread-332] INFO  handler.ContextHandler (ContextHandler.java:doStart(781)) - Started o.e.j.s.ServletContextHandler@21806f90{/static,file:///workdir/hadoop-ozone/integration-test/target/test-classes/webapps/static,AVAILABLE}
2019-08-22 09:08:16,364 [Thread-332] INFO  handler.ContextHandler (ContextHandler.java:doStart(781)) - Started o.e.j.w.WebAppContext@6bd2e15e{/,file:///workdir/hadoop-ozone/integration-test/target/test-classes/webapps/ozoneManager/,AVAILABLE}{/ozoneManager}
2019-08-22 09:08:16,365 [Thread-332] INFO  server.AbstractConnector (AbstractConnector.java:doStart(278)) - Started ServerConnector@7a4c4395{HTTP/1.1,[http/1.1]}{0.0.0.0:44554}
2019-08-22 09:08:16,366 [Thread-332] INFO  server.Server (Server.java:doStart(419)) - Started @31808ms
2019-08-22 09:08:16,366 [Thread-332] INFO  server.BaseHttpServer (BaseHttpServer.java:updateConnectorAddress(213)) - HTTP server of OZONEMANAGER is listening at http://0.0.0.0:44554
2019-08-22 09:08:16,376 [Thread-332] INFO  impl.MetricsSystemImpl (MetricsSystemImpl.java:init(158)) - HddsDatanode metrics system started (again)
2019-08-22 09:08:16,379 [Thread-332] INFO  ozone.HddsDatanodeService (HddsDatanodeService.java:start(184)) - HddsDatanodeService host:pr-hdds-1898-9jx57-4170240974 ip:192.168.36.85
2019-08-22 09:08:16,386 [Thread-332] INFO  volume.HddsVolume (HddsVolume.java:<init>(176)) - Creating Volume: /workdir/hadoop-ozone/integration-test/target/test-dir/MiniOzoneClusterImpl-a9cd9c89-5187-449b-b29a-99b9e5034f78/datanode-0/data/containers/hdds of  storage type : DISK and capacity : 1482555576320
2019-08-22 09:08:16,386 [Thread-332] INFO  volume.VolumeSet (VolumeSet.java:initializeVolumeSet(170)) - Added Volume : /workdir/hadoop-ozone/integration-test/target/test-dir/MiniOzoneClusterImpl-a9cd9c89-5187-449b-b29a-99b9e5034f78/datanode-0/data/containers/hdds to VolumeSet
2019-08-22 09:08:16,387 [Thread-332] INFO  volume.ThrottledAsyncChecker (ThrottledAsyncChecker.java:schedule(140)) - Scheduling a check for org.apache.hadoop.ozone.container.common.volume.HddsVolume@686b8d01
2019-08-22 09:08:16,387 [Thread-332] INFO  volume.HddsVolumeChecker (HddsVolumeChecker.java:checkAllVolumes(203)) - Scheduled health check for volume org.apache.hadoop.ozone.container.common.volume.HddsVolume@686b8d01
2019-08-22 09:08:16,403 [Thread-332] INFO  impl.RaftServerProxy (ConfUtils.java:logGet(43)) - raft.rpc.type = GRPC (default)
2019-08-22 09:08:16,403 [Thread-332] INFO  grpc.GrpcFactory (GrpcFactory.java:checkPooledByteBufAllocatorUseCacheForAllThreads(45)) - PERFORMANCE WARNING: useCacheForAllThreads is true that may cause Netty to create a lot garbage objects and, as a result, trigger GC.
	It is recommended to disable useCacheForAllThreads by setting -Dorg.apache.ratis.thirdparty.io.netty.allocator.useCacheForAllThreads=false in command line.
2019-08-22 09:08:16,404 [Thread-332] INFO  grpc.GrpcConfigKeys$Server (ConfUtils.java:logGet(43)) - raft.grpc.server.port = 0 (default)
2019-08-22 09:08:16,404 [Thread-332] INFO  server.GrpcService (ConfUtils.java:logGet(43)) - raft.grpc.message.size.max = 33570816 (custom)
2019-08-22 09:08:16,404 [Thread-332] INFO  server.RaftServerConfigKeys (ConfUtils.java:logGet(43)) - raft.server.log.appender.buffer.byte-limit = 33554432 (custom)
2019-08-22 09:08:16,405 [Thread-332] INFO  server.GrpcService (ConfUtils.java:logGet(43)) - raft.grpc.flow.control.window = 1MB (=1048576) (default)
2019-08-22 09:08:16,405 [Thread-332] INFO  server.RaftServerConfigKeys (ConfUtils.java:logGet(43)) - raft.server.rpc.request.timeout = 3000ms (default)
2019-08-22 09:08:16,405 [Thread-332] INFO  server.RaftServerConfigKeys (ConfUtils.java:logGet(43)) - raft.server.storage.dir = [/workdir/hadoop-ozone/integration-test/target/test-dir/MiniOzoneClusterImpl-a9cd9c89-5187-449b-b29a-99b9e5034f78/datanode-0/data/ratis] (custom)
2019-08-22 09:08:16,406 [Thread-332] INFO  replication.SimpleContainerDownloader (SimpleContainerDownloader.java:<init>(72)) - Starting container downloader service to copy containers to replicate.
2019-08-22 09:08:16,407 [Thread-332] INFO  hdfs.DFSUtil (DFSUtil.java:httpServerTemplateForNNAndJN(1641)) - Starting Web-server for hddsDatanode at: http://0.0.0.0:0
2019-08-22 09:08:16,408 [Thread-332] INFO  server.AuthenticationFilter (AuthenticationFilter.java:constructSecretProvider(240)) - Unable to initialize FileSignerSecretProvider, falling back to use random secrets.
2019-08-22 09:08:16,409 [Thread-332] WARN  http.HttpRequestLog (HttpRequestLog.java:getRequestLog(97)) - Jetty request log can only be enabled using Log4j
2019-08-22 09:08:16,410 [Thread-332] INFO  http.HttpServer2 (HttpServer2.java:addGlobalFilter(975)) - Added global filter 'safety' (class=org.apache.hadoop.http.HttpServer2$QuotingInputFilter)
2019-08-22 09:08:16,411 [Thread-332] INFO  http.HttpServer2 (HttpServer2.java:addFilter(948)) - Added filter static_user_filter (class=org.apache.hadoop.http.lib.StaticUserWebFilter$StaticUserFilter) to context hddsDatanode
2019-08-22 09:08:16,411 [Thread-332] INFO  http.HttpServer2 (HttpServer2.java:addFilter(958)) - Added filter static_user_filter (class=org.apache.hadoop.http.lib.StaticUserWebFilter$StaticUserFilter) to context logs
2019-08-22 09:08:16,411 [Thread-332] INFO  http.HttpServer2 (HttpServer2.java:addFilter(958)) - Added filter static_user_filter (class=org.apache.hadoop.http.lib.StaticUserWebFilter$StaticUserFilter) to context static
2019-08-22 09:08:16,412 [Thread-332] INFO  http.HttpServer2 (HttpServer2.java:bindListener(1191)) - Jetty bound to port 43730
2019-08-22 09:08:16,412 [Thread-332] INFO  server.Server (Server.java:doStart(351)) - jetty-9.3.24.v20180605, build timestamp: 2018-06-05T17:11:56Z, git hash: 84205aa28f11a4f31f2a3b86d1bba2cc8ab69827
2019-08-22 09:08:16,414 [Thread-332] INFO  handler.ContextHandler (ContextHandler.java:doStart(781)) - Started o.e.j.s.ServletContextHandler@75cf2ebe{/logs,file:///workdir/hadoop-ozone/integration-test/target/log,AVAILABLE}
2019-08-22 09:08:16,414 [Thread-332] INFO  handler.ContextHandler (ContextHandler.java:doStart(781)) - Started o.e.j.s.ServletContextHandler@18e9809c{/static,jar:file:/home/user/.m2/repository/org/apache/hadoop/hadoop-hdds-container-service/0.5.0-SNAPSHOT/hadoop-hdds-container-service-0.5.0-SNAPSHOT.jar!/webapps/static,AVAILABLE}
2019-08-22 09:08:16,460 [Thread-332] INFO  handler.ContextHandler (ContextHandler.java:doStart(781)) - Started o.e.j.w.WebAppContext@65c93ce4{/,file:///tmp/jetty-0.0.0.0-43730-hddsDatanode-_-any-6462651001255430696.dir/webapp/,AVAILABLE}{/hddsDatanode}
2019-08-22 09:08:16,461 [Thread-332] INFO  server.AbstractConnector (AbstractConnector.java:doStart(278)) - Started ServerConnector@5101bdee{HTTP/1.1,[http/1.1]}{0.0.0.0:43730}
2019-08-22 09:08:16,461 [Thread-332] INFO  server.Server (Server.java:doStart(419)) - Started @31904ms
2019-08-22 09:08:16,462 [Thread-332] INFO  server.BaseHttpServer (BaseHttpServer.java:updateConnectorAddress(213)) - HTTP server of HDDSDATANODE is listening at http://0.0.0.0:43730
2019-08-22 09:08:16,634 | INFO  | ObjectStoreRestHttpServer | Listening HDDS REST traffic on /0.0.0.0:35762 |  
2019-08-22 09:08:16,634 [Thread-332] INFO  ozone.HddsDatanodeService (HddsDatanodeService.java:startPlugins(395)) - Started plug-in org.apache.hadoop.ozone.web.OzoneHddsDatanodeService@17308838
2019-08-22 09:08:16,635 [Thread-332] INFO  impl.MetricsSystemImpl (MetricsSystemImpl.java:init(158)) - HddsDatanode metrics system started (again)
2019-08-22 09:08:16,638 [org.apache.hadoop.util.JvmPauseMonitor$Monitor@307e544c] INFO  util.JvmPauseMonitor (JvmPauseMonitor.java:run(188)) - Starting JVM pause monitor
2019-08-22 09:08:16,638 [Thread-332] INFO  ozone.HddsDatanodeService (HddsDatanodeService.java:start(184)) - HddsDatanodeService host:pr-hdds-1898-9jx57-4170240974 ip:192.168.36.85
2019-08-22 09:08:16,639 [Datanode State Machine Thread - 0] INFO  datanode.InitDatanodeState (InitDatanodeState.java:persistContainerDatanodeDetails(140)) - DatanodeDetails is persisted to /workdir/hadoop-ozone/integration-test/target/test-dir/MiniOzoneClusterImpl-a9cd9c89-5187-449b-b29a-99b9e5034f78/datanode-0/meta/datanode.id
2019-08-22 09:08:16,644 [Thread-332] INFO  volume.HddsVolume (HddsVolume.java:<init>(176)) - Creating Volume: /workdir/hadoop-ozone/integration-test/target/test-dir/MiniOzoneClusterImpl-a9cd9c89-5187-449b-b29a-99b9e5034f78/datanode-1/data/containers/hdds of  storage type : DISK and capacity : 1482555576320
2019-08-22 09:08:16,644 [Thread-332] INFO  volume.VolumeSet (VolumeSet.java:initializeVolumeSet(170)) - Added Volume : /workdir/hadoop-ozone/integration-test/target/test-dir/MiniOzoneClusterImpl-a9cd9c89-5187-449b-b29a-99b9e5034f78/datanode-1/data/containers/hdds to VolumeSet
2019-08-22 09:08:16,644 [Thread-332] INFO  volume.ThrottledAsyncChecker (ThrottledAsyncChecker.java:schedule(140)) - Scheduling a check for org.apache.hadoop.ozone.container.common.volume.HddsVolume@503b40a4
2019-08-22 09:08:16,645 [Thread-332] INFO  volume.HddsVolumeChecker (HddsVolumeChecker.java:checkAllVolumes(203)) - Scheduled health check for volume org.apache.hadoop.ozone.container.common.volume.HddsVolume@503b40a4
2019-08-22 09:08:16,659 [Thread-332] INFO  impl.RaftServerProxy (ConfUtils.java:logGet(43)) - raft.rpc.type = GRPC (default)
2019-08-22 09:08:16,659 [Thread-332] INFO  grpc.GrpcFactory (GrpcFactory.java:checkPooledByteBufAllocatorUseCacheForAllThreads(45)) - PERFORMANCE WARNING: useCacheForAllThreads is true that may cause Netty to create a lot garbage objects and, as a result, trigger GC.
	It is recommended to disable useCacheForAllThreads by setting -Dorg.apache.ratis.thirdparty.io.netty.allocator.useCacheForAllThreads=false in command line.
2019-08-22 09:08:16,660 [Thread-332] INFO  grpc.GrpcConfigKeys$Server (ConfUtils.java:logGet(43)) - raft.grpc.server.port = 0 (default)
2019-08-22 09:08:16,660 [Thread-332] INFO  server.GrpcService (ConfUtils.java:logGet(43)) - raft.grpc.message.size.max = 33570816 (custom)
2019-08-22 09:08:16,660 [Thread-332] INFO  server.RaftServerConfigKeys (ConfUtils.java:logGet(43)) - raft.server.log.appender.buffer.byte-limit = 33554432 (custom)
2019-08-22 09:08:16,660 [Thread-332] INFO  server.GrpcService (ConfUtils.java:logGet(43)) - raft.grpc.flow.control.window = 1MB (=1048576) (default)
2019-08-22 09:08:16,660 [Thread-332] INFO  server.RaftServerConfigKeys (ConfUtils.java:logGet(43)) - raft.server.rpc.request.timeout = 3000ms (default)
2019-08-22 09:08:16,661 [Thread-332] INFO  server.RaftServerConfigKeys (ConfUtils.java:logGet(43)) - raft.server.storage.dir = [/workdir/hadoop-ozone/integration-test/target/test-dir/MiniOzoneClusterImpl-a9cd9c89-5187-449b-b29a-99b9e5034f78/datanode-1/data/ratis] (custom)
2019-08-22 09:08:16,661 [Thread-332] INFO  replication.SimpleContainerDownloader (SimpleContainerDownloader.java:<init>(72)) - Starting container downloader service to copy containers to replicate.
2019-08-22 09:08:16,662 [Thread-332] INFO  hdfs.DFSUtil (DFSUtil.java:httpServerTemplateForNNAndJN(1641)) - Starting Web-server for hddsDatanode at: http://0.0.0.0:0
2019-08-22 09:08:16,663 [Thread-332] INFO  server.AuthenticationFilter (AuthenticationFilter.java:constructSecretProvider(240)) - Unable to initialize FileSignerSecretProvider, falling back to use random secrets.
2019-08-22 09:08:16,664 [Thread-332] WARN  http.HttpRequestLog (HttpRequestLog.java:getRequestLog(97)) - Jetty request log can only be enabled using Log4j
2019-08-22 09:08:16,665 [Thread-332] INFO  http.HttpServer2 (HttpServer2.java:addGlobalFilter(975)) - Added global filter 'safety' (class=org.apache.hadoop.http.HttpServer2$QuotingInputFilter)
2019-08-22 09:08:16,665 [Thread-332] INFO  http.HttpServer2 (HttpServer2.java:addFilter(948)) - Added filter static_user_filter (class=org.apache.hadoop.http.lib.StaticUserWebFilter$StaticUserFilter) to context hddsDatanode
2019-08-22 09:08:16,665 [Thread-332] INFO  http.HttpServer2 (HttpServer2.java:addFilter(958)) - Added filter static_user_filter (class=org.apache.hadoop.http.lib.StaticUserWebFilter$StaticUserFilter) to context static
2019-08-22 09:08:16,666 [Thread-332] INFO  http.HttpServer2 (HttpServer2.java:addFilter(958)) - Added filter static_user_filter (class=org.apache.hadoop.http.lib.StaticUserWebFilter$StaticUserFilter) to context logs
2019-08-22 09:08:16,666 [Thread-332] INFO  http.HttpServer2 (HttpServer2.java:bindListener(1191)) - Jetty bound to port 36479
2019-08-22 09:08:16,666 [Thread-332] INFO  server.Server (Server.java:doStart(351)) - jetty-9.3.24.v20180605, build timestamp: 2018-06-05T17:11:56Z, git hash: 84205aa28f11a4f31f2a3b86d1bba2cc8ab69827
2019-08-22 09:08:16,668 [Thread-332] INFO  handler.ContextHandler (ContextHandler.java:doStart(781)) - Started o.e.j.s.ServletContextHandler@2a1bd00e{/logs,file:///workdir/hadoop-ozone/integration-test/target/log,AVAILABLE}
2019-08-22 09:08:16,668 [Thread-332] INFO  handler.ContextHandler (ContextHandler.java:doStart(781)) - Started o.e.j.s.ServletContextHandler@4b7efbdc{/static,jar:file:/home/user/.m2/repository/org/apache/hadoop/hadoop-hdds-container-service/0.5.0-SNAPSHOT/hadoop-hdds-container-service-0.5.0-SNAPSHOT.jar!/webapps/static,AVAILABLE}
2019-08-22 09:08:16,696 [Thread-332] INFO  handler.ContextHandler (ContextHandler.java:doStart(781)) - Started o.e.j.w.WebAppContext@74caa98b{/,file:///tmp/jetty-0.0.0.0-36479-hddsDatanode-_-any-8372580328390047591.dir/webapp/,AVAILABLE}{/hddsDatanode}
2019-08-22 09:08:16,697 [Thread-332] INFO  server.AbstractConnector (AbstractConnector.java:doStart(278)) - Started ServerConnector@d280166{HTTP/1.1,[http/1.1]}{0.0.0.0:36479}
2019-08-22 09:08:16,698 [Thread-332] INFO  server.Server (Server.java:doStart(419)) - Started @32140ms
2019-08-22 09:08:16,698 [Thread-332] INFO  server.BaseHttpServer (BaseHttpServer.java:updateConnectorAddress(213)) - HTTP server of HDDSDATANODE is listening at http://0.0.0.0:36479
2019-08-22 09:08:16,839 | INFO  | ObjectStoreRestHttpServer | Listening HDDS REST traffic on /0.0.0.0:34729 |  
2019-08-22 09:08:16,839 [Thread-332] INFO  ozone.HddsDatanodeService (HddsDatanodeService.java:startPlugins(395)) - Started plug-in org.apache.hadoop.ozone.web.OzoneHddsDatanodeService@58adbe89
2019-08-22 09:08:16,840 [Thread-332] INFO  impl.MetricsSystemImpl (MetricsSystemImpl.java:init(158)) - HddsDatanode metrics system started (again)
2019-08-22 09:08:16,843 [Thread-332] INFO  ozone.HddsDatanodeService (HddsDatanodeService.java:start(184)) - HddsDatanodeService host:pr-hdds-1898-9jx57-4170240974 ip:192.168.36.85
2019-08-22 09:08:16,843 [org.apache.hadoop.util.JvmPauseMonitor$Monitor@4b96447a] INFO  util.JvmPauseMonitor (JvmPauseMonitor.java:run(188)) - Starting JVM pause monitor
2019-08-22 09:08:16,845 [Datanode State Machine Thread - 0] INFO  datanode.InitDatanodeState (InitDatanodeState.java:persistContainerDatanodeDetails(140)) - DatanodeDetails is persisted to /workdir/hadoop-ozone/integration-test/target/test-dir/MiniOzoneClusterImpl-a9cd9c89-5187-449b-b29a-99b9e5034f78/datanode-1/meta/datanode.id
2019-08-22 09:08:16,850 [Thread-332] INFO  volume.HddsVolume (HddsVolume.java:<init>(176)) - Creating Volume: /workdir/hadoop-ozone/integration-test/target/test-dir/MiniOzoneClusterImpl-a9cd9c89-5187-449b-b29a-99b9e5034f78/datanode-2/data/containers/hdds of  storage type : DISK and capacity : 1482555576320
2019-08-22 09:08:16,851 [Thread-332] INFO  volume.VolumeSet (VolumeSet.java:initializeVolumeSet(170)) - Added Volume : /workdir/hadoop-ozone/integration-test/target/test-dir/MiniOzoneClusterImpl-a9cd9c89-5187-449b-b29a-99b9e5034f78/datanode-2/data/containers/hdds to VolumeSet
2019-08-22 09:08:16,851 [Thread-332] INFO  volume.ThrottledAsyncChecker (ThrottledAsyncChecker.java:schedule(140)) - Scheduling a check for org.apache.hadoop.ozone.container.common.volume.HddsVolume@b930a1a
2019-08-22 09:08:16,851 [Thread-332] INFO  volume.HddsVolumeChecker (HddsVolumeChecker.java:checkAllVolumes(203)) - Scheduled health check for volume org.apache.hadoop.ozone.container.common.volume.HddsVolume@b930a1a
2019-08-22 09:08:16,866 [Thread-332] INFO  impl.RaftServerProxy (ConfUtils.java:logGet(43)) - raft.rpc.type = GRPC (default)
2019-08-22 09:08:16,866 [Thread-332] INFO  grpc.GrpcFactory (GrpcFactory.java:checkPooledByteBufAllocatorUseCacheForAllThreads(45)) - PERFORMANCE WARNING: useCacheForAllThreads is true that may cause Netty to create a lot garbage objects and, as a result, trigger GC.
	It is recommended to disable useCacheForAllThreads by setting -Dorg.apache.ratis.thirdparty.io.netty.allocator.useCacheForAllThreads=false in command line.
2019-08-22 09:08:16,866 [Thread-332] INFO  grpc.GrpcConfigKeys$Server (ConfUtils.java:logGet(43)) - raft.grpc.server.port = 0 (default)
2019-08-22 09:08:16,866 [Thread-332] INFO  server.GrpcService (ConfUtils.java:logGet(43)) - raft.grpc.message.size.max = 33570816 (custom)
2019-08-22 09:08:16,866 [Thread-332] INFO  server.RaftServerConfigKeys (ConfUtils.java:logGet(43)) - raft.server.log.appender.buffer.byte-limit = 33554432 (custom)
2019-08-22 09:08:16,867 [Thread-332] INFO  server.GrpcService (ConfUtils.java:logGet(43)) - raft.grpc.flow.control.window = 1MB (=1048576) (default)
2019-08-22 09:08:16,867 [Thread-332] INFO  server.RaftServerConfigKeys (ConfUtils.java:logGet(43)) - raft.server.rpc.request.timeout = 3000ms (default)
2019-08-22 09:08:16,867 [Thread-332] INFO  server.RaftServerConfigKeys (ConfUtils.java:logGet(43)) - raft.server.storage.dir = [/workdir/hadoop-ozone/integration-test/target/test-dir/MiniOzoneClusterImpl-a9cd9c89-5187-449b-b29a-99b9e5034f78/datanode-2/data/ratis] (custom)
2019-08-22 09:08:16,868 [Thread-332] INFO  replication.SimpleContainerDownloader (SimpleContainerDownloader.java:<init>(72)) - Starting container downloader service to copy containers to replicate.
2019-08-22 09:08:16,869 [Thread-332] INFO  hdfs.DFSUtil (DFSUtil.java:httpServerTemplateForNNAndJN(1641)) - Starting Web-server for hddsDatanode at: http://0.0.0.0:0
2019-08-22 09:08:16,871 [Thread-332] INFO  server.AuthenticationFilter (AuthenticationFilter.java:constructSecretProvider(240)) - Unable to initialize FileSignerSecretProvider, falling back to use random secrets.
2019-08-22 09:08:16,872 [Thread-332] WARN  http.HttpRequestLog (HttpRequestLog.java:getRequestLog(97)) - Jetty request log can only be enabled using Log4j
2019-08-22 09:08:16,874 [Thread-332] INFO  http.HttpServer2 (HttpServer2.java:addGlobalFilter(975)) - Added global filter 'safety' (class=org.apache.hadoop.http.HttpServer2$QuotingInputFilter)
2019-08-22 09:08:16,875 [Thread-332] INFO  http.HttpServer2 (HttpServer2.java:addFilter(948)) - Added filter static_user_filter (class=org.apache.hadoop.http.lib.StaticUserWebFilter$StaticUserFilter) to context hddsDatanode
2019-08-22 09:08:16,875 [Thread-332] INFO  http.HttpServer2 (HttpServer2.java:addFilter(958)) - Added filter static_user_filter (class=org.apache.hadoop.http.lib.StaticUserWebFilter$StaticUserFilter) to context static
2019-08-22 09:08:16,875 [Thread-332] INFO  http.HttpServer2 (HttpServer2.java:addFilter(958)) - Added filter static_user_filter (class=org.apache.hadoop.http.lib.StaticUserWebFilter$StaticUserFilter) to context logs
2019-08-22 09:08:16,876 [Thread-332] INFO  http.HttpServer2 (HttpServer2.java:bindListener(1191)) - Jetty bound to port 42152
2019-08-22 09:08:16,877 [Thread-332] INFO  server.Server (Server.java:doStart(351)) - jetty-9.3.24.v20180605, build timestamp: 2018-06-05T17:11:56Z, git hash: 84205aa28f11a4f31f2a3b86d1bba2cc8ab69827
2019-08-22 09:08:16,879 [Thread-332] INFO  handler.ContextHandler (ContextHandler.java:doStart(781)) - Started o.e.j.s.ServletContextHandler@442ec479{/logs,file:///workdir/hadoop-ozone/integration-test/target/log,AVAILABLE}
2019-08-22 09:08:16,880 [Thread-332] INFO  handler.ContextHandler (ContextHandler.java:doStart(781)) - Started o.e.j.s.ServletContextHandler@33d15f33{/static,jar:file:/home/user/.m2/repository/org/apache/hadoop/hadoop-hdds-container-service/0.5.0-SNAPSHOT/hadoop-hdds-container-service-0.5.0-SNAPSHOT.jar!/webapps/static,AVAILABLE}
2019-08-22 09:08:16,922 [Thread-332] INFO  handler.ContextHandler (ContextHandler.java:doStart(781)) - Started o.e.j.w.WebAppContext@222c28e6{/,file:///tmp/jetty-0.0.0.0-42152-hddsDatanode-_-any-3045141482908383972.dir/webapp/,AVAILABLE}{/hddsDatanode}
2019-08-22 09:08:16,923 [Thread-332] INFO  server.AbstractConnector (AbstractConnector.java:doStart(278)) - Started ServerConnector@4c2cc203{HTTP/1.1,[http/1.1]}{0.0.0.0:42152}
2019-08-22 09:08:16,926 [Thread-332] INFO  server.Server (Server.java:doStart(419)) - Started @32369ms
2019-08-22 09:08:16,927 [Thread-332] INFO  server.BaseHttpServer (BaseHttpServer.java:updateConnectorAddress(213)) - HTTP server of HDDSDATANODE is listening at http://0.0.0.0:42152
2019-08-22 09:08:17,071 | INFO  | ObjectStoreRestHttpServer | Listening HDDS REST traffic on /0.0.0.0:42509 |  
2019-08-22 09:08:17,071 [Thread-332] INFO  ozone.HddsDatanodeService (HddsDatanodeService.java:startPlugins(395)) - Started plug-in org.apache.hadoop.ozone.web.OzoneHddsDatanodeService@77436232
2019-08-22 09:08:17,071 [Thread-332] INFO  ozone.MiniOzoneClusterImpl (MiniOzoneClusterImpl.java:lambda$waitForClusterToBeReady$0(142)) - Waiting for cluster to be ready. Got 0 of 3 DN Heartbeats.
2019-08-22 09:08:17,075 [org.apache.hadoop.util.JvmPauseMonitor$Monitor@7ee0ef2c] INFO  util.JvmPauseMonitor (JvmPauseMonitor.java:run(188)) - Starting JVM pause monitor
2019-08-22 09:08:17,078 [Datanode State Machine Thread - 0] INFO  datanode.InitDatanodeState (InitDatanodeState.java:persistContainerDatanodeDetails(140)) - DatanodeDetails is persisted to /workdir/hadoop-ozone/integration-test/target/test-dir/MiniOzoneClusterImpl-a9cd9c89-5187-449b-b29a-99b9e5034f78/datanode-2/meta/datanode.id
2019-08-22 09:08:18,072 [Thread-332] INFO  ozone.MiniOzoneClusterImpl (MiniOzoneClusterImpl.java:lambda$waitForClusterToBeReady$0(142)) - Waiting for cluster to be ready. Got 0 of 3 DN Heartbeats.
2019-08-22 09:08:18,644 | INFO  | SCMAudit | user=jenkins1000 | ip=192.168.36.85 | op=GET_VERSION null | ret=SUCCESS |  
2019-08-22 09:08:18,670 [Datanode State Machine Thread - 0] INFO  ozoneimpl.OzoneContainer (OzoneContainer.java:start(186)) - Attempting to start container services.
2019-08-22 09:08:18,672 [Datanode State Machine Thread - 0] INFO  ozoneimpl.OzoneContainer (OzoneContainer.java:startContainerScrub(160)) - Background container scrubber has been disabled by hdds.containerscrub.enabled
2019-08-22 09:08:18,672 [Datanode State Machine Thread - 0] INFO  ratis.XceiverServerRatis (XceiverServerRatis.java:start(404)) - Starting XceiverServerRatis 009b6f07-dfd6-4718-924a-1817c3c071ab at port 0
2019-08-22 09:08:18,680 [Datanode State Machine Thread - 0] INFO  impl.RaftServerProxy (RaftServerProxy.java:lambda$start$3(299)) - 009b6f07-dfd6-4718-924a-1817c3c071ab: start RPC server
2019-08-22 09:08:18,683 [Datanode State Machine Thread - 0] INFO  server.GrpcService (GrpcService.java:startImpl(149)) - 009b6f07-dfd6-4718-924a-1817c3c071ab: GrpcService started, listening on 0.0.0.0/0.0.0.0:36596
2019-08-22 09:08:18,683 [Datanode State Machine Thread - 0] INFO  ratis.XceiverServerRatis (XceiverServerRatis.java:start(414)) - XceiverServerRatis 009b6f07-dfd6-4718-924a-1817c3c071ab is started using port 36596
2019-08-22 09:08:18,683 [Datanode State Machine Thread - 0] INFO  server.XceiverServerGrpc (XceiverServerGrpc.java:start(161)) - XceiverServerGrpc 009b6f07-dfd6-4718-924a-1817c3c071ab is started using port 44855
2019-08-22 09:08:18,845 | INFO  | SCMAudit | user=jenkins1000 | ip=192.168.36.85 | op=GET_VERSION null | ret=SUCCESS |  
2019-08-22 09:08:18,871 [Datanode State Machine Thread - 0] INFO  ozoneimpl.OzoneContainer (OzoneContainer.java:start(186)) - Attempting to start container services.
2019-08-22 09:08:18,871 [Datanode State Machine Thread - 0] INFO  ozoneimpl.OzoneContainer (OzoneContainer.java:startContainerScrub(160)) - Background container scrubber has been disabled by hdds.containerscrub.enabled
2019-08-22 09:08:18,872 [Datanode State Machine Thread - 0] INFO  ratis.XceiverServerRatis (XceiverServerRatis.java:start(404)) - Starting XceiverServerRatis d02a13da-15f9-45c4-a762-6dfc7568bb22 at port 0
2019-08-22 09:08:18,880 [Datanode State Machine Thread - 0] INFO  impl.RaftServerProxy (RaftServerProxy.java:lambda$start$3(299)) - d02a13da-15f9-45c4-a762-6dfc7568bb22: start RPC server
2019-08-22 09:08:18,881 [Datanode State Machine Thread - 0] INFO  server.GrpcService (GrpcService.java:startImpl(149)) - d02a13da-15f9-45c4-a762-6dfc7568bb22: GrpcService started, listening on 0.0.0.0/0.0.0.0:35380
2019-08-22 09:08:18,881 [Datanode State Machine Thread - 0] INFO  ratis.XceiverServerRatis (XceiverServerRatis.java:start(414)) - XceiverServerRatis d02a13da-15f9-45c4-a762-6dfc7568bb22 is started using port 35380
2019-08-22 09:08:18,884 [Datanode State Machine Thread - 0] INFO  server.XceiverServerGrpc (XceiverServerGrpc.java:start(161)) - XceiverServerGrpc d02a13da-15f9-45c4-a762-6dfc7568bb22 is started using port 35253
2019-08-22 09:08:19,072 [Thread-332] INFO  ozone.MiniOzoneClusterImpl (MiniOzoneClusterImpl.java:lambda$waitForClusterToBeReady$0(142)) - Waiting for cluster to be ready. Got 0 of 3 DN Heartbeats.
2019-08-22 09:08:19,076 | INFO  | SCMAudit | user=jenkins1000 | ip=192.168.36.85 | op=GET_VERSION null | ret=SUCCESS |  
2019-08-22 09:08:19,094 [Datanode State Machine Thread - 0] INFO  ozoneimpl.OzoneContainer (OzoneContainer.java:start(186)) - Attempting to start container services.
2019-08-22 09:08:19,095 [Datanode State Machine Thread - 0] INFO  ozoneimpl.OzoneContainer (OzoneContainer.java:startContainerScrub(160)) - Background container scrubber has been disabled by hdds.containerscrub.enabled
2019-08-22 09:08:19,095 [Datanode State Machine Thread - 0] INFO  ratis.XceiverServerRatis (XceiverServerRatis.java:start(404)) - Starting XceiverServerRatis 0c311ac3-3334-459d-ab4e-72c3360f4a50 at port 0
2019-08-22 09:08:19,101 [Datanode State Machine Thread - 0] INFO  impl.RaftServerProxy (RaftServerProxy.java:lambda$start$3(299)) - 0c311ac3-3334-459d-ab4e-72c3360f4a50: start RPC server
2019-08-22 09:08:19,102 [Datanode State Machine Thread - 0] INFO  server.GrpcService (GrpcService.java:startImpl(149)) - 0c311ac3-3334-459d-ab4e-72c3360f4a50: GrpcService started, listening on 0.0.0.0/0.0.0.0:43460
2019-08-22 09:08:19,102 [Datanode State Machine Thread - 0] INFO  ratis.XceiverServerRatis (XceiverServerRatis.java:start(414)) - XceiverServerRatis 0c311ac3-3334-459d-ab4e-72c3360f4a50 is started using port 43460
2019-08-22 09:08:19,102 [Datanode State Machine Thread - 0] INFO  server.XceiverServerGrpc (XceiverServerGrpc.java:start(161)) - XceiverServerGrpc 0c311ac3-3334-459d-ab4e-72c3360f4a50 is started using port 35780
2019-08-22 09:08:20,072 [Thread-332] INFO  ozone.MiniOzoneClusterImpl (MiniOzoneClusterImpl.java:lambda$waitForClusterToBeReady$0(142)) - Waiting for cluster to be ready. Got 0 of 3 DN Heartbeats.
2019-08-22 09:08:20,642 [IPC Server handler 1 on 38087] INFO  net.NetworkTopology (NetworkTopologyImpl.java:add(110)) - Added a new node: /default-rack/009b6f07-dfd6-4718-924a-1817c3c071ab
2019-08-22 09:08:20,643 [IPC Server handler 1 on 38087] INFO  node.SCMNodeManager (SCMNodeManager.java:register(273)) - Registered Data node : 009b6f07-dfd6-4718-924a-1817c3c071ab{ip: 192.168.36.85, host: pr-hdds-1898-9jx57-4170240974, networkLocation: /default-rack, certSerialId: null}
2019-08-22 09:08:20,644 [EventQueue-NodeRegistrationContainerReportForDataNodeSafeModeRule] INFO  safemode.SCMSafeModeManager (DataNodeSafeModeRule.java:process(71)) - SCM in safe mode. 1 DataNodes registered, 1 required.
2019-08-22 09:08:20,644 | INFO  | SCMAudit | user=jenkins1000 | ip=192.168.36.85 | op=REGISTER {datanodeDetails=009b6f07-dfd6-4718-924a-1817c3c071ab{ip: 192.168.36.85, host: pr-hdds-1898-9jx57-4170240974, networkLocation: /default-rack, certSerialId: null}} | ret=SUCCESS |  
2019-08-22 09:08:20,645 [EventQueue-NodeRegistrationContainerReportForDataNodeSafeModeRule] INFO  safemode.SCMSafeModeManager (SCMSafeModeManager.java:validateSafeModeExitRules(177)) - ScmSafeModeManager, all rules are successfully validated
2019-08-22 09:08:20,645 [EventQueue-NodeRegistrationContainerReportForDataNodeSafeModeRule] INFO  safemode.SCMSafeModeManager (SCMSafeModeManager.java:exitSafeMode(193)) - SCM exiting safe mode.
2019-08-22 09:08:20,664 [grpc-default-executor-0] INFO  impl.RaftServerProxy (RaftServerProxy.java:addNew(89)) - 009b6f07-dfd6-4718-924a-1817c3c071ab: addNew group-20E6B7042646:[009b6f07-dfd6-4718-924a-1817c3c071ab:192.168.36.85:36596] returns group-20E6B7042646:java.util.concurrent.CompletableFuture@18f06ccb[Not completed]
2019-08-22 09:08:20,666 [pool-113-thread-1] INFO  impl.RaftServerImpl (RaftServerImpl.java:<init>(93)) - 009b6f07-dfd6-4718-924a-1817c3c071ab: new RaftServerImpl for group-20E6B7042646:[009b6f07-dfd6-4718-924a-1817c3c071ab:192.168.36.85:36596] with ContainerStateMachine:uninitialized
2019-08-22 09:08:20,667 [pool-113-thread-1] INFO  server.RaftServerConfigKeys (ConfUtils.java:logGet(43)) - raft.server.rpc.timeout.min = 5s (custom)
2019-08-22 09:08:20,667 [pool-113-thread-1] INFO  server.RaftServerConfigKeys (ConfUtils.java:logGet(43)) - raft.server.rpc.timeout.max = 5200ms (custom)
2019-08-22 09:08:20,667 [pool-113-thread-1] INFO  server.RaftServerConfigKeys (ConfUtils.java:logGet(43)) - raft.server.rpcslowness.timeout = 120s (custom)
2019-08-22 09:08:20,667 [pool-113-thread-1] INFO  server.RaftServerConfigKeys (ConfUtils.java:logGet(43)) - raft.server.sleep.deviation.threshold = 300 (default)
2019-08-22 09:08:20,667 [pool-113-thread-1] INFO  server.RaftServerConfigKeys (ConfUtils.java:logGet(43)) - raft.server.log.appender.install.snapshot.enabled = false (custom)
2019-08-22 09:08:20,668 [pool-113-thread-1] INFO  impl.RaftServerImpl (ServerState.java:<init>(105)) - 009b6f07-dfd6-4718-924a-1817c3c071ab:group-20E6B7042646 ConfigurationManager, init=-1: [009b6f07-dfd6-4718-924a-1817c3c071ab:192.168.36.85:36596], old=null, confs=<EMPTY_MAP>
2019-08-22 09:08:20,668 [pool-113-thread-1] INFO  server.RaftServerConfigKeys (ConfUtils.java:logGet(43)) - raft.server.storage.dir = [/workdir/hadoop-ozone/integration-test/target/test-dir/MiniOzoneClusterImpl-a9cd9c89-5187-449b-b29a-99b9e5034f78/datanode-0/data/ratis] (custom)
2019-08-22 09:08:20,669 [pool-113-thread-1] INFO  storage.RaftStorageDirectory (RaftStorageDirectory.java:analyzeStorage(246)) - The storage directory /workdir/hadoop-ozone/integration-test/target/test-dir/MiniOzoneClusterImpl-a9cd9c89-5187-449b-b29a-99b9e5034f78/datanode-0/data/ratis/9d8d7a5a-9eec-4a6e-a207-20e6b7042646 does not exist. Creating ...
2019-08-22 09:08:20,699 [pool-113-thread-1] INFO  storage.RaftStorageDirectory (RaftStorageDirectory.java:tryLock(328)) - Lock on /workdir/hadoop-ozone/integration-test/target/test-dir/MiniOzoneClusterImpl-a9cd9c89-5187-449b-b29a-99b9e5034f78/datanode-0/data/ratis/9d8d7a5a-9eec-4a6e-a207-20e6b7042646/in_use.lock acquired by nodename 4932@pr-hdds-1898-9jx57-4170240974
2019-08-22 09:08:20,716 [pool-113-thread-1] INFO  storage.RaftStorage (RaftStorage.java:format(72)) - Storage directory /workdir/hadoop-ozone/integration-test/target/test-dir/MiniOzoneClusterImpl-a9cd9c89-5187-449b-b29a-99b9e5034f78/datanode-0/data/ratis/9d8d7a5a-9eec-4a6e-a207-20e6b7042646 has been successfully formatted.
2019-08-22 09:08:20,716 [pool-113-thread-1] INFO  ratis.ContainerStateMachine (ContainerStateMachine.java:loadSnapshot(226)) - group-20E6B7042646: The snapshot info is null. Setting the last applied indexto:(t:0, i:~)
2019-08-22 09:08:20,717 [pool-113-thread-1] INFO  server.RaftServerConfigKeys (ConfUtils.java:logGet(43)) - raft.server.leader.election.timeout = 120s (custom)
2019-08-22 09:08:20,717 [pool-113-thread-1] INFO  server.RaftServerConfigKeys (ConfUtils.java:logGet(43)) - raft.server.log.use.memory = false (default)
2019-08-22 09:08:20,717 [pool-113-thread-1] INFO  server.RaftServerConfigKeys (ConfUtils.java:logGet(43)) - raft.server.log.purge.gap = 1000000 (custom)
2019-08-22 09:08:20,717 [pool-113-thread-1] INFO  server.RaftServerConfigKeys (ConfUtils.java:logGet(43)) - raft.server.log.appender.buffer.byte-limit = 33554432 (custom)
2019-08-22 09:08:20,718 [pool-113-thread-1] INFO  server.RaftServerConfigKeys (ConfUtils.java:logGet(43)) - raft.server.log.segment.size.max = 1048576 (custom)
2019-08-22 09:08:20,718 [pool-113-thread-1] INFO  server.RaftServerConfigKeys (ConfUtils.java:logGet(43)) - raft.server.log.segment.cache.num.max = 2 (custom)
2019-08-22 09:08:20,718 [pool-113-thread-1] INFO  segmented.SegmentedRaftLogWorker (SegmentedRaftLogWorker.java:<init>(172)) - new 009b6f07-dfd6-4718-924a-1817c3c071ab-SegmentedRaftLogWorker:Storage Directory /workdir/hadoop-ozone/integration-test/target/test-dir/MiniOzoneClusterImpl-a9cd9c89-5187-449b-b29a-99b9e5034f78/datanode-0/data/ratis/9d8d7a5a-9eec-4a6e-a207-20e6b7042646 for RaftStorage:Storage Directory /workdir/hadoop-ozone/integration-test/target/test-dir/MiniOzoneClusterImpl-a9cd9c89-5187-449b-b29a-99b9e5034f78/datanode-0/data/ratis/9d8d7a5a-9eec-4a6e-a207-20e6b7042646
2019-08-22 09:08:20,719 [pool-113-thread-1] INFO  server.RaftServerConfigKeys (ConfUtils.java:logGet(43)) - raft.server.log.queue.byte-limit = 2147483647 (custom)
2019-08-22 09:08:20,719 [pool-113-thread-1] INFO  server.RaftServerConfigKeys (ConfUtils.java:logGet(43)) - raft.server.log.queue.element-limit = 1024 (custom)
2019-08-22 09:08:20,720 [pool-113-thread-1] INFO  server.RaftServerConfigKeys (ConfUtils.java:logGet(43)) - raft.server.log.segment.size.max = 1048576 (custom)
2019-08-22 09:08:20,720 [pool-113-thread-1] INFO  server.RaftServerConfigKeys (ConfUtils.java:logGet(43)) - raft.server.log.preallocated.size = 16384 (custom)
2019-08-22 09:08:20,720 [pool-113-thread-1] INFO  server.RaftServerConfigKeys (ConfUtils.java:logGet(43)) - raft.server.log.write.buffer.size = 33554432 (custom)
2019-08-22 09:08:20,720 [pool-113-thread-1] INFO  server.RaftServerConfigKeys (ConfUtils.java:logGet(43)) - raft.server.log.force.sync.num = 128 (default)
2019-08-22 09:08:20,720 [pool-113-thread-1] INFO  server.RaftServerConfigKeys (ConfUtils.java:logGet(43)) - raft.server.log.statemachine.data.sync = true (default)
2019-08-22 09:08:20,720 [pool-113-thread-1] INFO  server.RaftServerConfigKeys (ConfUtils.java:logGet(43)) - raft.server.log.statemachine.data.sync.timeout = 10s (default)
2019-08-22 09:08:20,721 [pool-113-thread-1] INFO  server.RaftServerConfigKeys (ConfUtils.java:logGet(43)) - raft.server.log.statemachine.data.sync.timeout.retry = -1 (default)
2019-08-22 09:08:20,721 [pool-113-thread-1] INFO  server.RaftServerConfigKeys (ConfUtils.java:logGet(43)) - raft.server.log.statemachine.data.caching.enabled = true (custom)
2019-08-22 09:08:20,722 [pool-113-thread-1] INFO  segmented.SegmentedRaftLogWorker (SegmentedRaftLogWorker.java:lambda$new$0(132)) - 009b6f07-dfd6-4718-924a-1817c3c071ab-SegmentedRaftLogWorker:Storage Directory /workdir/hadoop-ozone/integration-test/target/test-dir/MiniOzoneClusterImpl-a9cd9c89-5187-449b-b29a-99b9e5034f78/datanode-0/data/ratis/9d8d7a5a-9eec-4a6e-a207-20e6b7042646: flushIndex: setUnconditionally 0 -> -1
2019-08-22 09:08:20,722 [pool-113-thread-1] INFO  server.RaftServerConfigKeys (ConfUtils.java:logGet(43)) - raft.server.snapshot.auto.trigger.enabled = true (custom)
2019-08-22 09:08:20,722 [pool-113-thread-1] INFO  server.RaftServerConfigKeys (ConfUtils.java:logGet(43)) - raft.server.snapshot.auto.trigger.threshold = 10000 (custom)
2019-08-22 09:08:20,723 [pool-113-thread-1] INFO  server.RaftServerConfigKeys (ConfUtils.java:logGet(43)) - raft.server.retrycache.expirytime = 600000ms (custom)
2019-08-22 09:08:20,723 [pool-113-thread-1] INFO  impl.RaftServerImpl (RaftServerImpl.java:start(180)) - 009b6f07-dfd6-4718-924a-1817c3c071ab: start group-20E6B7042646
2019-08-22 09:08:20,723 [pool-113-thread-1] INFO  impl.RaftServerImpl (RaftServerImpl.java:setRole(171)) - 009b6f07-dfd6-4718-924a-1817c3c071ab:group-20E6B7042646 changes role from null to FOLLOWER at term 0 for startAsFollower
2019-08-22 09:08:20,724 [pool-113-thread-1] INFO  impl.RoleInfo (RoleInfo.java:updateAndGet(143)) - 009b6f07-dfd6-4718-924a-1817c3c071ab: start FollowerState
2019-08-22 09:08:20,724 [pool-113-thread-1] INFO  util.JmxRegister (JmxRegister.java:tryRegister(44)) - Successfully registered JMX Bean with object name Ratis:service=RaftServer,group=group-20E6B7042646,id=009b6f07-dfd6-4718-924a-1817c3c071ab
2019-08-22 09:08:20,731 [RatisPipelineUtilsThread] INFO  pipeline.PipelineStateManager (PipelineStateManager.java:addPipeline(56)) - Created pipeline Pipeline[ Id: 9d8d7a5a-9eec-4a6e-a207-20e6b7042646, Nodes: 009b6f07-dfd6-4718-924a-1817c3c071ab{ip: 192.168.36.85, host: pr-hdds-1898-9jx57-4170240974, networkLocation: /default-rack, certSerialId: null}, Type:RATIS, Factor:ONE, State:OPEN]
2019-08-22 09:08:20,844 [IPC Server handler 2 on 38087] INFO  net.NetworkTopology (NetworkTopologyImpl.java:add(110)) - Added a new node: /default-rack/d02a13da-15f9-45c4-a762-6dfc7568bb22
2019-08-22 09:08:20,844 [IPC Server handler 2 on 38087] INFO  node.SCMNodeManager (SCMNodeManager.java:register(273)) - Registered Data node : d02a13da-15f9-45c4-a762-6dfc7568bb22{ip: 192.168.36.85, host: pr-hdds-1898-9jx57-4170240974, networkLocation: /default-rack, certSerialId: null}
2019-08-22 09:08:20,844 | INFO  | SCMAudit | user=jenkins1000 | ip=192.168.36.85 | op=REGISTER {datanodeDetails=d02a13da-15f9-45c4-a762-6dfc7568bb22{ip: 192.168.36.85, host: pr-hdds-1898-9jx57-4170240974, networkLocation: /default-rack, certSerialId: null}} | ret=SUCCESS |  
2019-08-22 09:08:20,857 [grpc-default-executor-0] INFO  impl.RaftServerProxy (RaftServerProxy.java:addNew(89)) - d02a13da-15f9-45c4-a762-6dfc7568bb22: addNew group-A1477BB5BD47:[d02a13da-15f9-45c4-a762-6dfc7568bb22:192.168.36.85:35380] returns group-A1477BB5BD47:java.util.concurrent.CompletableFuture@63d23d01[Not completed]
2019-08-22 09:08:20,859 [pool-124-thread-1] INFO  impl.RaftServerImpl (RaftServerImpl.java:<init>(93)) - d02a13da-15f9-45c4-a762-6dfc7568bb22: new RaftServerImpl for group-A1477BB5BD47:[d02a13da-15f9-45c4-a762-6dfc7568bb22:192.168.36.85:35380] with ContainerStateMachine:uninitialized
2019-08-22 09:08:20,859 [pool-124-thread-1] INFO  server.RaftServerConfigKeys (ConfUtils.java:logGet(43)) - raft.server.rpc.timeout.min = 5s (custom)
2019-08-22 09:08:20,859 [pool-124-thread-1] INFO  server.RaftServerConfigKeys (ConfUtils.java:logGet(43)) - raft.server.rpc.timeout.max = 5200ms (custom)
2019-08-22 09:08:20,859 [pool-124-thread-1] INFO  server.RaftServerConfigKeys (ConfUtils.java:logGet(43)) - raft.server.rpcslowness.timeout = 120s (custom)
2019-08-22 09:08:20,859 [pool-124-thread-1] INFO  server.RaftServerConfigKeys (ConfUtils.java:logGet(43)) - raft.server.sleep.deviation.threshold = 300 (default)
2019-08-22 09:08:20,859 [pool-124-thread-1] INFO  server.RaftServerConfigKeys (ConfUtils.java:logGet(43)) - raft.server.log.appender.install.snapshot.enabled = false (custom)
2019-08-22 09:08:20,860 [pool-124-thread-1] INFO  impl.RaftServerImpl (ServerState.java:<init>(105)) - d02a13da-15f9-45c4-a762-6dfc7568bb22:group-A1477BB5BD47 ConfigurationManager, init=-1: [d02a13da-15f9-45c4-a762-6dfc7568bb22:192.168.36.85:35380], old=null, confs=<EMPTY_MAP>
2019-08-22 09:08:20,860 [pool-124-thread-1] INFO  server.RaftServerConfigKeys (ConfUtils.java:logGet(43)) - raft.server.storage.dir = [/workdir/hadoop-ozone/integration-test/target/test-dir/MiniOzoneClusterImpl-a9cd9c89-5187-449b-b29a-99b9e5034f78/datanode-1/data/ratis] (custom)
2019-08-22 09:08:20,860 [pool-124-thread-1] INFO  storage.RaftStorageDirectory (RaftStorageDirectory.java:analyzeStorage(246)) - The storage directory /workdir/hadoop-ozone/integration-test/target/test-dir/MiniOzoneClusterImpl-a9cd9c89-5187-449b-b29a-99b9e5034f78/datanode-1/data/ratis/5352e5a5-57ef-44ea-8658-a1477bb5bd47 does not exist. Creating ...
2019-08-22 09:08:20,874 [pool-124-thread-1] INFO  storage.RaftStorageDirectory (RaftStorageDirectory.java:tryLock(328)) - Lock on /workdir/hadoop-ozone/integration-test/target/test-dir/MiniOzoneClusterImpl-a9cd9c89-5187-449b-b29a-99b9e5034f78/datanode-1/data/ratis/5352e5a5-57ef-44ea-8658-a1477bb5bd47/in_use.lock acquired by nodename 4932@pr-hdds-1898-9jx57-4170240974
2019-08-22 09:08:20,900 [pool-124-thread-1] INFO  storage.RaftStorage (RaftStorage.java:format(72)) - Storage directory /workdir/hadoop-ozone/integration-test/target/test-dir/MiniOzoneClusterImpl-a9cd9c89-5187-449b-b29a-99b9e5034f78/datanode-1/data/ratis/5352e5a5-57ef-44ea-8658-a1477bb5bd47 has been successfully formatted.
2019-08-22 09:08:20,900 [pool-124-thread-1] INFO  ratis.ContainerStateMachine (ContainerStateMachine.java:loadSnapshot(226)) - group-A1477BB5BD47: The snapshot info is null. Setting the last applied indexto:(t:0, i:~)
2019-08-22 09:08:20,900 [pool-124-thread-1] INFO  server.RaftServerConfigKeys (ConfUtils.java:logGet(43)) - raft.server.leader.election.timeout = 120s (custom)
2019-08-22 09:08:20,901 [pool-124-thread-1] INFO  server.RaftServerConfigKeys (ConfUtils.java:logGet(43)) - raft.server.log.use.memory = false (default)
2019-08-22 09:08:20,901 [pool-124-thread-1] INFO  server.RaftServerConfigKeys (ConfUtils.java:logGet(43)) - raft.server.log.purge.gap = 1000000 (custom)
2019-08-22 09:08:20,901 [pool-124-thread-1] INFO  server.RaftServerConfigKeys (ConfUtils.java:logGet(43)) - raft.server.log.appender.buffer.byte-limit = 33554432 (custom)
2019-08-22 09:08:20,901 [pool-124-thread-1] INFO  server.RaftServerConfigKeys (ConfUtils.java:logGet(43)) - raft.server.log.segment.size.max = 1048576 (custom)
2019-08-22 09:08:20,901 [pool-124-thread-1] INFO  server.RaftServerConfigKeys (ConfUtils.java:logGet(43)) - raft.server.log.segment.cache.num.max = 2 (custom)
2019-08-22 09:08:20,901 [pool-124-thread-1] INFO  segmented.SegmentedRaftLogWorker (SegmentedRaftLogWorker.java:<init>(172)) - new d02a13da-15f9-45c4-a762-6dfc7568bb22-SegmentedRaftLogWorker:Storage Directory /workdir/hadoop-ozone/integration-test/target/test-dir/MiniOzoneClusterImpl-a9cd9c89-5187-449b-b29a-99b9e5034f78/datanode-1/data/ratis/5352e5a5-57ef-44ea-8658-a1477bb5bd47 for RaftStorage:Storage Directory /workdir/hadoop-ozone/integration-test/target/test-dir/MiniOzoneClusterImpl-a9cd9c89-5187-449b-b29a-99b9e5034f78/datanode-1/data/ratis/5352e5a5-57ef-44ea-8658-a1477bb5bd47
2019-08-22 09:08:20,901 [pool-124-thread-1] INFO  server.RaftServerConfigKeys (ConfUtils.java:logGet(43)) - raft.server.log.queue.byte-limit = 2147483647 (custom)
2019-08-22 09:08:20,901 [pool-124-thread-1] INFO  server.RaftServerConfigKeys (ConfUtils.java:logGet(43)) - raft.server.log.queue.element-limit = 1024 (custom)
2019-08-22 09:08:20,902 [pool-124-thread-1] INFO  server.RaftServerConfigKeys (ConfUtils.java:logGet(43)) - raft.server.log.segment.size.max = 1048576 (custom)
2019-08-22 09:08:20,902 [pool-124-thread-1] INFO  server.RaftServerConfigKeys (ConfUtils.java:logGet(43)) - raft.server.log.preallocated.size = 16384 (custom)
2019-08-22 09:08:20,902 [pool-124-thread-1] INFO  server.RaftServerConfigKeys (ConfUtils.java:logGet(43)) - raft.server.log.write.buffer.size = 33554432 (custom)
2019-08-22 09:08:20,902 [pool-124-thread-1] INFO  server.RaftServerConfigKeys (ConfUtils.java:logGet(43)) - raft.server.log.force.sync.num = 128 (default)
2019-08-22 09:08:20,902 [pool-124-thread-1] INFO  server.RaftServerConfigKeys (ConfUtils.java:logGet(43)) - raft.server.log.statemachine.data.sync = true (default)
2019-08-22 09:08:20,902 [pool-124-thread-1] INFO  server.RaftServerConfigKeys (ConfUtils.java:logGet(43)) - raft.server.log.statemachine.data.sync.timeout = 10s (default)
2019-08-22 09:08:20,902 [pool-124-thread-1] INFO  server.RaftServerConfigKeys (ConfUtils.java:logGet(43)) - raft.server.log.statemachine.data.sync.timeout.retry = -1 (default)
2019-08-22 09:08:20,903 [pool-124-thread-1] INFO  server.RaftServerConfigKeys (ConfUtils.java:logGet(43)) - raft.server.log.statemachine.data.caching.enabled = true (custom)
2019-08-22 09:08:20,903 [pool-124-thread-1] INFO  segmented.SegmentedRaftLogWorker (SegmentedRaftLogWorker.java:lambda$new$0(132)) - d02a13da-15f9-45c4-a762-6dfc7568bb22-SegmentedRaftLogWorker:Storage Directory /workdir/hadoop-ozone/integration-test/target/test-dir/MiniOzoneClusterImpl-a9cd9c89-5187-449b-b29a-99b9e5034f78/datanode-1/data/ratis/5352e5a5-57ef-44ea-8658-a1477bb5bd47: flushIndex: setUnconditionally 0 -> -1
2019-08-22 09:08:20,903 [pool-124-thread-1] INFO  server.RaftServerConfigKeys (ConfUtils.java:logGet(43)) - raft.server.snapshot.auto.trigger.enabled = true (custom)
2019-08-22 09:08:20,903 [pool-124-thread-1] INFO  server.RaftServerConfigKeys (ConfUtils.java:logGet(43)) - raft.server.snapshot.auto.trigger.threshold = 10000 (custom)
2019-08-22 09:08:20,903 [pool-124-thread-1] INFO  server.RaftServerConfigKeys (ConfUtils.java:logGet(43)) - raft.server.retrycache.expirytime = 600000ms (custom)
2019-08-22 09:08:20,904 [pool-124-thread-1] INFO  impl.RaftServerImpl (RaftServerImpl.java:start(180)) - d02a13da-15f9-45c4-a762-6dfc7568bb22: start group-A1477BB5BD47
2019-08-22 09:08:20,904 [pool-124-thread-1] INFO  impl.RaftServerImpl (RaftServerImpl.java:setRole(171)) - d02a13da-15f9-45c4-a762-6dfc7568bb22:group-A1477BB5BD47 changes role from null to FOLLOWER at term 0 for startAsFollower
2019-08-22 09:08:20,904 [pool-124-thread-1] INFO  impl.RoleInfo (RoleInfo.java:updateAndGet(143)) - d02a13da-15f9-45c4-a762-6dfc7568bb22: start FollowerState
2019-08-22 09:08:20,909 [pool-124-thread-1] INFO  util.JmxRegister (JmxRegister.java:tryRegister(44)) - Successfully registered JMX Bean with object name Ratis:service=RaftServer,group=group-A1477BB5BD47,id=d02a13da-15f9-45c4-a762-6dfc7568bb22
2019-08-22 09:08:20,918 [RatisPipelineUtilsThread] INFO  pipeline.PipelineStateManager (PipelineStateManager.java:addPipeline(56)) - Created pipeline Pipeline[ Id: 5352e5a5-57ef-44ea-8658-a1477bb5bd47, Nodes: d02a13da-15f9-45c4-a762-6dfc7568bb22{ip: 192.168.36.85, host: pr-hdds-1898-9jx57-4170240974, networkLocation: /default-rack, certSerialId: null}, Type:RATIS, Factor:ONE, State:OPEN]
2019-08-22 09:08:21,073 [Thread-332] INFO  ozone.MiniOzoneClusterImpl (MiniOzoneClusterImpl.java:lambda$waitForClusterToBeReady$0(142)) - Waiting for cluster to be ready. Got 2 of 3 DN Heartbeats.
2019-08-22 09:08:21,076 [IPC Server handler 0 on 38087] INFO  net.NetworkTopology (NetworkTopologyImpl.java:add(110)) - Added a new node: /default-rack/0c311ac3-3334-459d-ab4e-72c3360f4a50
2019-08-22 09:08:21,076 [IPC Server handler 0 on 38087] INFO  node.SCMNodeManager (SCMNodeManager.java:register(273)) - Registered Data node : 0c311ac3-3334-459d-ab4e-72c3360f4a50{ip: 192.168.36.85, host: pr-hdds-1898-9jx57-4170240974, networkLocation: /default-rack, certSerialId: null}
2019-08-22 09:08:21,076 | INFO  | SCMAudit | user=jenkins1000 | ip=192.168.36.85 | op=REGISTER {datanodeDetails=0c311ac3-3334-459d-ab4e-72c3360f4a50{ip: 192.168.36.85, host: pr-hdds-1898-9jx57-4170240974, networkLocation: /default-rack, certSerialId: null}} | ret=SUCCESS |  
2019-08-22 09:08:21,084 [grpc-default-executor-0] INFO  impl.RaftServerProxy (RaftServerProxy.java:addNew(89)) - 0c311ac3-3334-459d-ab4e-72c3360f4a50: addNew group-1FC91BAAE003:[0c311ac3-3334-459d-ab4e-72c3360f4a50:192.168.36.85:43460] returns group-1FC91BAAE003:java.util.concurrent.CompletableFuture@a1eeea0[Not completed]
2019-08-22 09:08:21,087 [pool-135-thread-1] INFO  impl.RaftServerImpl (RaftServerImpl.java:<init>(93)) - 0c311ac3-3334-459d-ab4e-72c3360f4a50: new RaftServerImpl for group-1FC91BAAE003:[0c311ac3-3334-459d-ab4e-72c3360f4a50:192.168.36.85:43460] with ContainerStateMachine:uninitialized
2019-08-22 09:08:21,088 [pool-135-thread-1] INFO  server.RaftServerConfigKeys (ConfUtils.java:logGet(43)) - raft.server.rpc.timeout.min = 5s (custom)
2019-08-22 09:08:21,088 [pool-135-thread-1] INFO  server.RaftServerConfigKeys (ConfUtils.java:logGet(43)) - raft.server.rpc.timeout.max = 5200ms (custom)
2019-08-22 09:08:21,088 [pool-135-thread-1] INFO  server.RaftServerConfigKeys (ConfUtils.java:logGet(43)) - raft.server.rpcslowness.timeout = 120s (custom)
2019-08-22 09:08:21,088 [pool-135-thread-1] INFO  server.RaftServerConfigKeys (ConfUtils.java:logGet(43)) - raft.server.sleep.deviation.threshold = 300 (default)
2019-08-22 09:08:21,088 [pool-135-thread-1] INFO  server.RaftServerConfigKeys (ConfUtils.java:logGet(43)) - raft.server.log.appender.install.snapshot.enabled = false (custom)
2019-08-22 09:08:21,088 [pool-135-thread-1] INFO  impl.RaftServerImpl (ServerState.java:<init>(105)) - 0c311ac3-3334-459d-ab4e-72c3360f4a50:group-1FC91BAAE003 ConfigurationManager, init=-1: [0c311ac3-3334-459d-ab4e-72c3360f4a50:192.168.36.85:43460], old=null, confs=<EMPTY_MAP>
2019-08-22 09:08:21,088 [pool-135-thread-1] INFO  server.RaftServerConfigKeys (ConfUtils.java:logGet(43)) - raft.server.storage.dir = [/workdir/hadoop-ozone/integration-test/target/test-dir/MiniOzoneClusterImpl-a9cd9c89-5187-449b-b29a-99b9e5034f78/datanode-2/data/ratis] (custom)
2019-08-22 09:08:21,089 [pool-135-thread-1] INFO  storage.RaftStorageDirectory (RaftStorageDirectory.java:analyzeStorage(246)) - The storage directory /workdir/hadoop-ozone/integration-test/target/test-dir/MiniOzoneClusterImpl-a9cd9c89-5187-449b-b29a-99b9e5034f78/datanode-2/data/ratis/49763a6d-6d4c-41b4-946a-1fc91baae003 does not exist. Creating ...
2019-08-22 09:08:21,117 [pool-135-thread-1] INFO  storage.RaftStorageDirectory (RaftStorageDirectory.java:tryLock(328)) - Lock on /workdir/hadoop-ozone/integration-test/target/test-dir/MiniOzoneClusterImpl-a9cd9c89-5187-449b-b29a-99b9e5034f78/datanode-2/data/ratis/49763a6d-6d4c-41b4-946a-1fc91baae003/in_use.lock acquired by nodename 4932@pr-hdds-1898-9jx57-4170240974
2019-08-22 09:08:21,142 [pool-135-thread-1] INFO  storage.RaftStorage (RaftStorage.java:format(72)) - Storage directory /workdir/hadoop-ozone/integration-test/target/test-dir/MiniOzoneClusterImpl-a9cd9c89-5187-449b-b29a-99b9e5034f78/datanode-2/data/ratis/49763a6d-6d4c-41b4-946a-1fc91baae003 has been successfully formatted.
2019-08-22 09:08:21,143 [pool-135-thread-1] INFO  ratis.ContainerStateMachine (ContainerStateMachine.java:loadSnapshot(226)) - group-1FC91BAAE003: The snapshot info is null. Setting the last applied indexto:(t:0, i:~)
2019-08-22 09:08:21,143 [pool-135-thread-1] INFO  server.RaftServerConfigKeys (ConfUtils.java:logGet(43)) - raft.server.leader.election.timeout = 120s (custom)
2019-08-22 09:08:21,143 [pool-135-thread-1] INFO  server.RaftServerConfigKeys (ConfUtils.java:logGet(43)) - raft.server.log.use.memory = false (default)
2019-08-22 09:08:21,143 [pool-135-thread-1] INFO  server.RaftServerConfigKeys (ConfUtils.java:logGet(43)) - raft.server.log.purge.gap = 1000000 (custom)
2019-08-22 09:08:21,143 [pool-135-thread-1] INFO  server.RaftServerConfigKeys (ConfUtils.java:logGet(43)) - raft.server.log.appender.buffer.byte-limit = 33554432 (custom)
2019-08-22 09:08:21,144 [pool-135-thread-1] INFO  server.RaftServerConfigKeys (ConfUtils.java:logGet(43)) - raft.server.log.segment.size.max = 1048576 (custom)
2019-08-22 09:08:21,144 [pool-135-thread-1] INFO  server.RaftServerConfigKeys (ConfUtils.java:logGet(43)) - raft.server.log.segment.cache.num.max = 2 (custom)
2019-08-22 09:08:21,144 [pool-135-thread-1] INFO  segmented.SegmentedRaftLogWorker (SegmentedRaftLogWorker.java:<init>(172)) - new 0c311ac3-3334-459d-ab4e-72c3360f4a50-SegmentedRaftLogWorker:Storage Directory /workdir/hadoop-ozone/integration-test/target/test-dir/MiniOzoneClusterImpl-a9cd9c89-5187-449b-b29a-99b9e5034f78/datanode-2/data/ratis/49763a6d-6d4c-41b4-946a-1fc91baae003 for RaftStorage:Storage Directory /workdir/hadoop-ozone/integration-test/target/test-dir/MiniOzoneClusterImpl-a9cd9c89-5187-449b-b29a-99b9e5034f78/datanode-2/data/ratis/49763a6d-6d4c-41b4-946a-1fc91baae003
2019-08-22 09:08:21,144 [pool-135-thread-1] INFO  server.RaftServerConfigKeys (ConfUtils.java:logGet(43)) - raft.server.log.queue.byte-limit = 2147483647 (custom)
2019-08-22 09:08:21,144 [pool-135-thread-1] INFO  server.RaftServerConfigKeys (ConfUtils.java:logGet(43)) - raft.server.log.queue.element-limit = 1024 (custom)
2019-08-22 09:08:21,144 [pool-135-thread-1] INFO  server.RaftServerConfigKeys (ConfUtils.java:logGet(43)) - raft.server.log.segment.size.max = 1048576 (custom)
2019-08-22 09:08:21,144 [pool-135-thread-1] INFO  server.RaftServerConfigKeys (ConfUtils.java:logGet(43)) - raft.server.log.preallocated.size = 16384 (custom)
2019-08-22 09:08:21,145 [pool-135-thread-1] INFO  server.RaftServerConfigKeys (ConfUtils.java:logGet(43)) - raft.server.log.write.buffer.size = 33554432 (custom)
2019-08-22 09:08:21,145 [pool-135-thread-1] INFO  server.RaftServerConfigKeys (ConfUtils.java:logGet(43)) - raft.server.log.force.sync.num = 128 (default)
2019-08-22 09:08:21,145 [pool-135-thread-1] INFO  server.RaftServerConfigKeys (ConfUtils.java:logGet(43)) - raft.server.log.statemachine.data.sync = true (default)
2019-08-22 09:08:21,145 [pool-135-thread-1] INFO  server.RaftServerConfigKeys (ConfUtils.java:logGet(43)) - raft.server.log.statemachine.data.sync.timeout = 10s (default)
2019-08-22 09:08:21,145 [pool-135-thread-1] INFO  server.RaftServerConfigKeys (ConfUtils.java:logGet(43)) - raft.server.log.statemachine.data.sync.timeout.retry = -1 (default)
2019-08-22 09:08:21,145 [pool-135-thread-1] INFO  server.RaftServerConfigKeys (ConfUtils.java:logGet(43)) - raft.server.log.statemachine.data.caching.enabled = true (custom)
2019-08-22 09:08:21,146 [pool-135-thread-1] INFO  segmented.SegmentedRaftLogWorker (SegmentedRaftLogWorker.java:lambda$new$0(132)) - 0c311ac3-3334-459d-ab4e-72c3360f4a50-SegmentedRaftLogWorker:Storage Directory /workdir/hadoop-ozone/integration-test/target/test-dir/MiniOzoneClusterImpl-a9cd9c89-5187-449b-b29a-99b9e5034f78/datanode-2/data/ratis/49763a6d-6d4c-41b4-946a-1fc91baae003: flushIndex: setUnconditionally 0 -> -1
2019-08-22 09:08:21,146 [pool-135-thread-1] INFO  server.RaftServerConfigKeys (ConfUtils.java:logGet(43)) - raft.server.snapshot.auto.trigger.enabled = true (custom)
2019-08-22 09:08:21,146 [pool-135-thread-1] INFO  server.RaftServerConfigKeys (ConfUtils.java:logGet(43)) - raft.server.snapshot.auto.trigger.threshold = 10000 (custom)
2019-08-22 09:08:21,146 [pool-135-thread-1] INFO  server.RaftServerConfigKeys (ConfUtils.java:logGet(43)) - raft.server.retrycache.expirytime = 600000ms (custom)
2019-08-22 09:08:21,146 [pool-135-thread-1] INFO  impl.RaftServerImpl (RaftServerImpl.java:start(180)) - 0c311ac3-3334-459d-ab4e-72c3360f4a50: start group-1FC91BAAE003
2019-08-22 09:08:21,147 [pool-135-thread-1] INFO  impl.RaftServerImpl (RaftServerImpl.java:setRole(171)) - 0c311ac3-3334-459d-ab4e-72c3360f4a50:group-1FC91BAAE003 changes role from null to FOLLOWER at term 0 for startAsFollower
2019-08-22 09:08:21,147 [pool-135-thread-1] INFO  impl.RoleInfo (RoleInfo.java:updateAndGet(143)) - 0c311ac3-3334-459d-ab4e-72c3360f4a50: start FollowerState
2019-08-22 09:08:21,147 [pool-135-thread-1] INFO  util.JmxRegister (JmxRegister.java:tryRegister(44)) - Successfully registered JMX Bean with object name Ratis:service=RaftServer,group=group-1FC91BAAE003,id=0c311ac3-3334-459d-ab4e-72c3360f4a50
2019-08-22 09:08:21,152 [RatisPipelineUtilsThread] INFO  pipeline.PipelineStateManager (PipelineStateManager.java:addPipeline(56)) - Created pipeline Pipeline[ Id: 49763a6d-6d4c-41b4-946a-1fc91baae003, Nodes: 0c311ac3-3334-459d-ab4e-72c3360f4a50{ip: 192.168.36.85, host: pr-hdds-1898-9jx57-4170240974, networkLocation: /default-rack, certSerialId: null}, Type:RATIS, Factor:ONE, State:OPEN]
2019-08-22 09:08:21,177 [grpc-default-executor-2] INFO  impl.RaftServerProxy (RaftServerProxy.java:addNew(89)) - 0c311ac3-3334-459d-ab4e-72c3360f4a50: addNew group-0AD62743FED0:[d02a13da-15f9-45c4-a762-6dfc7568bb22:192.168.36.85:35380, 009b6f07-dfd6-4718-924a-1817c3c071ab:192.168.36.85:36596, 0c311ac3-3334-459d-ab4e-72c3360f4a50:192.168.36.85:43460] returns group-0AD62743FED0:java.util.concurrent.CompletableFuture@7e49237[Not completed]
2019-08-22 09:08:21,177 [grpc-default-executor-1] INFO  impl.RaftServerProxy (RaftServerProxy.java:addNew(89)) - 009b6f07-dfd6-4718-924a-1817c3c071ab: addNew group-0AD62743FED0:[d02a13da-15f9-45c4-a762-6dfc7568bb22:192.168.36.85:35380, 009b6f07-dfd6-4718-924a-1817c3c071ab:192.168.36.85:36596, 0c311ac3-3334-459d-ab4e-72c3360f4a50:192.168.36.85:43460] returns group-0AD62743FED0:java.util.concurrent.CompletableFuture@32d8733b[Not completed]
2019-08-22 09:08:21,177 [grpc-default-executor-0] INFO  impl.RaftServerProxy (RaftServerProxy.java:addNew(89)) - d02a13da-15f9-45c4-a762-6dfc7568bb22: addNew group-0AD62743FED0:[d02a13da-15f9-45c4-a762-6dfc7568bb22:192.168.36.85:35380, 009b6f07-dfd6-4718-924a-1817c3c071ab:192.168.36.85:36596, 0c311ac3-3334-459d-ab4e-72c3360f4a50:192.168.36.85:43460] returns group-0AD62743FED0:java.util.concurrent.CompletableFuture@7c910ffa[Not completed]
2019-08-22 09:08:21,181 [pool-135-thread-1] INFO  impl.RaftServerImpl (RaftServerImpl.java:<init>(93)) - 0c311ac3-3334-459d-ab4e-72c3360f4a50: new RaftServerImpl for group-0AD62743FED0:[d02a13da-15f9-45c4-a762-6dfc7568bb22:192.168.36.85:35380, 009b6f07-dfd6-4718-924a-1817c3c071ab:192.168.36.85:36596, 0c311ac3-3334-459d-ab4e-72c3360f4a50:192.168.36.85:43460] with ContainerStateMachine:uninitialized
2019-08-22 09:08:21,181 [pool-135-thread-1] INFO  server.RaftServerConfigKeys (ConfUtils.java:logGet(43)) - raft.server.rpc.timeout.min = 5s (custom)
2019-08-22 09:08:21,181 [pool-135-thread-1] INFO  server.RaftServerConfigKeys (ConfUtils.java:logGet(43)) - raft.server.rpc.timeout.max = 5200ms (custom)
2019-08-22 09:08:21,181 [pool-135-thread-1] INFO  server.RaftServerConfigKeys (ConfUtils.java:logGet(43)) - raft.server.rpcslowness.timeout = 120s (custom)
2019-08-22 09:08:21,181 [pool-135-thread-1] INFO  server.RaftServerConfigKeys (ConfUtils.java:logGet(43)) - raft.server.sleep.deviation.threshold = 300 (default)
2019-08-22 09:08:21,181 [pool-135-thread-1] INFO  server.RaftServerConfigKeys (ConfUtils.java:logGet(43)) - raft.server.log.appender.install.snapshot.enabled = false (custom)
2019-08-22 09:08:21,181 [pool-135-thread-1] INFO  impl.RaftServerImpl (ServerState.java:<init>(105)) - 0c311ac3-3334-459d-ab4e-72c3360f4a50:group-0AD62743FED0 ConfigurationManager, init=-1: [d02a13da-15f9-45c4-a762-6dfc7568bb22:192.168.36.85:35380, 009b6f07-dfd6-4718-924a-1817c3c071ab:192.168.36.85:36596, 0c311ac3-3334-459d-ab4e-72c3360f4a50:192.168.36.85:43460], old=null, confs=<EMPTY_MAP>
2019-08-22 09:08:21,182 [pool-135-thread-1] INFO  server.RaftServerConfigKeys (ConfUtils.java:logGet(43)) - raft.server.storage.dir = [/workdir/hadoop-ozone/integration-test/target/test-dir/MiniOzoneClusterImpl-a9cd9c89-5187-449b-b29a-99b9e5034f78/datanode-2/data/ratis] (custom)
2019-08-22 09:08:21,182 [pool-113-thread-1] INFO  impl.RaftServerImpl (RaftServerImpl.java:<init>(93)) - 009b6f07-dfd6-4718-924a-1817c3c071ab: new RaftServerImpl for group-0AD62743FED0:[d02a13da-15f9-45c4-a762-6dfc7568bb22:192.168.36.85:35380, 009b6f07-dfd6-4718-924a-1817c3c071ab:192.168.36.85:36596, 0c311ac3-3334-459d-ab4e-72c3360f4a50:192.168.36.85:43460] with ContainerStateMachine:uninitialized
2019-08-22 09:08:21,182 [pool-113-thread-1] INFO  server.RaftServerConfigKeys (ConfUtils.java:logGet(43)) - raft.server.rpc.timeout.min = 5s (custom)
2019-08-22 09:08:21,182 [pool-113-thread-1] INFO  server.RaftServerConfigKeys (ConfUtils.java:logGet(43)) - raft.server.rpc.timeout.max = 5200ms (custom)
2019-08-22 09:08:21,182 [pool-135-thread-1] INFO  storage.RaftStorageDirectory (RaftStorageDirectory.java:analyzeStorage(246)) - The storage directory /workdir/hadoop-ozone/integration-test/target/test-dir/MiniOzoneClusterImpl-a9cd9c89-5187-449b-b29a-99b9e5034f78/datanode-2/data/ratis/657f8f81-6447-4214-b460-0ad62743fed0 does not exist. Creating ...
2019-08-22 09:08:21,182 [pool-113-thread-1] INFO  server.RaftServerConfigKeys (ConfUtils.java:logGet(43)) - raft.server.rpcslowness.timeout = 120s (custom)
2019-08-22 09:08:21,182 [pool-113-thread-1] INFO  server.RaftServerConfigKeys (ConfUtils.java:logGet(43)) - raft.server.sleep.deviation.threshold = 300 (default)
2019-08-22 09:08:21,182 [pool-113-thread-1] INFO  server.RaftServerConfigKeys (ConfUtils.java:logGet(43)) - raft.server.log.appender.install.snapshot.enabled = false (custom)
2019-08-22 09:08:21,183 [pool-124-thread-1] INFO  impl.RaftServerImpl (RaftServerImpl.java:<init>(93)) - d02a13da-15f9-45c4-a762-6dfc7568bb22: new RaftServerImpl for group-0AD62743FED0:[d02a13da-15f9-45c4-a762-6dfc7568bb22:192.168.36.85:35380, 009b6f07-dfd6-4718-924a-1817c3c071ab:192.168.36.85:36596, 0c311ac3-3334-459d-ab4e-72c3360f4a50:192.168.36.85:43460] with ContainerStateMachine:uninitialized
2019-08-22 09:08:21,183 [pool-113-thread-1] INFO  impl.RaftServerImpl (ServerState.java:<init>(105)) - 009b6f07-dfd6-4718-924a-1817c3c071ab:group-0AD62743FED0 ConfigurationManager, init=-1: [d02a13da-15f9-45c4-a762-6dfc7568bb22:192.168.36.85:35380, 009b6f07-dfd6-4718-924a-1817c3c071ab:192.168.36.85:36596, 0c311ac3-3334-459d-ab4e-72c3360f4a50:192.168.36.85:43460], old=null, confs=<EMPTY_MAP>
2019-08-22 09:08:21,183 [pool-124-thread-1] INFO  server.RaftServerConfigKeys (ConfUtils.java:logGet(43)) - raft.server.rpc.timeout.min = 5s (custom)
2019-08-22 09:08:21,183 [pool-113-thread-1] INFO  server.RaftServerConfigKeys (ConfUtils.java:logGet(43)) - raft.server.storage.dir = [/workdir/hadoop-ozone/integration-test/target/test-dir/MiniOzoneClusterImpl-a9cd9c89-5187-449b-b29a-99b9e5034f78/datanode-0/data/ratis] (custom)
2019-08-22 09:08:21,183 [pool-124-thread-1] INFO  server.RaftServerConfigKeys (ConfUtils.java:logGet(43)) - raft.server.rpc.timeout.max = 5200ms (custom)
2019-08-22 09:08:21,183 [pool-124-thread-1] INFO  server.RaftServerConfigKeys (ConfUtils.java:logGet(43)) - raft.server.rpcslowness.timeout = 120s (custom)
2019-08-22 09:08:21,183 [pool-113-thread-1] INFO  storage.RaftStorageDirectory (RaftStorageDirectory.java:analyzeStorage(246)) - The storage directory /workdir/hadoop-ozone/integration-test/target/test-dir/MiniOzoneClusterImpl-a9cd9c89-5187-449b-b29a-99b9e5034f78/datanode-0/data/ratis/657f8f81-6447-4214-b460-0ad62743fed0 does not exist. Creating ...
2019-08-22 09:08:21,183 [pool-124-thread-1] INFO  server.RaftServerConfigKeys (ConfUtils.java:logGet(43)) - raft.server.sleep.deviation.threshold = 300 (default)
2019-08-22 09:08:21,183 [pool-124-thread-1] INFO  server.RaftServerConfigKeys (ConfUtils.java:logGet(43)) - raft.server.log.appender.install.snapshot.enabled = false (custom)
2019-08-22 09:08:21,184 [pool-124-thread-1] INFO  impl.RaftServerImpl (ServerState.java:<init>(105)) - d02a13da-15f9-45c4-a762-6dfc7568bb22:group-0AD62743FED0 ConfigurationManager, init=-1: [d02a13da-15f9-45c4-a762-6dfc7568bb22:192.168.36.85:35380, 009b6f07-dfd6-4718-924a-1817c3c071ab:192.168.36.85:36596, 0c311ac3-3334-459d-ab4e-72c3360f4a50:192.168.36.85:43460], old=null, confs=<EMPTY_MAP>
2019-08-22 09:08:21,184 [pool-124-thread-1] INFO  server.RaftServerConfigKeys (ConfUtils.java:logGet(43)) - raft.server.storage.dir = [/workdir/hadoop-ozone/integration-test/target/test-dir/MiniOzoneClusterImpl-a9cd9c89-5187-449b-b29a-99b9e5034f78/datanode-1/data/ratis] (custom)
2019-08-22 09:08:21,184 [pool-124-thread-1] INFO  storage.RaftStorageDirectory (RaftStorageDirectory.java:analyzeStorage(246)) - The storage directory /workdir/hadoop-ozone/integration-test/target/test-dir/MiniOzoneClusterImpl-a9cd9c89-5187-449b-b29a-99b9e5034f78/datanode-1/data/ratis/657f8f81-6447-4214-b460-0ad62743fed0 does not exist. Creating ...
2019-08-22 09:08:21,218 [pool-135-thread-1] INFO  storage.RaftStorageDirectory (RaftStorageDirectory.java:tryLock(328)) - Lock on /workdir/hadoop-ozone/integration-test/target/test-dir/MiniOzoneClusterImpl-a9cd9c89-5187-449b-b29a-99b9e5034f78/datanode-2/data/ratis/657f8f81-6447-4214-b460-0ad62743fed0/in_use.lock acquired by nodename 4932@pr-hdds-1898-9jx57-4170240974
2019-08-22 09:08:21,218 [pool-113-thread-1] INFO  storage.RaftStorageDirectory (RaftStorageDirectory.java:tryLock(328)) - Lock on /workdir/hadoop-ozone/integration-test/target/test-dir/MiniOzoneClusterImpl-a9cd9c89-5187-449b-b29a-99b9e5034f78/datanode-0/data/ratis/657f8f81-6447-4214-b460-0ad62743fed0/in_use.lock acquired by nodename 4932@pr-hdds-1898-9jx57-4170240974
2019-08-22 09:08:21,218 [pool-124-thread-1] INFO  storage.RaftStorageDirectory (RaftStorageDirectory.java:tryLock(328)) - Lock on /workdir/hadoop-ozone/integration-test/target/test-dir/MiniOzoneClusterImpl-a9cd9c89-5187-449b-b29a-99b9e5034f78/datanode-1/data/ratis/657f8f81-6447-4214-b460-0ad62743fed0/in_use.lock acquired by nodename 4932@pr-hdds-1898-9jx57-4170240974
2019-08-22 09:08:21,245 [pool-113-thread-1] INFO  storage.RaftStorage (RaftStorage.java:format(72)) - Storage directory /workdir/hadoop-ozone/integration-test/target/test-dir/MiniOzoneClusterImpl-a9cd9c89-5187-449b-b29a-99b9e5034f78/datanode-0/data/ratis/657f8f81-6447-4214-b460-0ad62743fed0 has been successfully formatted.
2019-08-22 09:08:21,245 [pool-135-thread-1] INFO  storage.RaftStorage (RaftStorage.java:format(72)) - Storage directory /workdir/hadoop-ozone/integration-test/target/test-dir/MiniOzoneClusterImpl-a9cd9c89-5187-449b-b29a-99b9e5034f78/datanode-2/data/ratis/657f8f81-6447-4214-b460-0ad62743fed0 has been successfully formatted.
2019-08-22 09:08:21,245 [pool-124-thread-1] INFO  storage.RaftStorage (RaftStorage.java:format(72)) - Storage directory /workdir/hadoop-ozone/integration-test/target/test-dir/MiniOzoneClusterImpl-a9cd9c89-5187-449b-b29a-99b9e5034f78/datanode-1/data/ratis/657f8f81-6447-4214-b460-0ad62743fed0 has been successfully formatted.
2019-08-22 09:08:21,246 [pool-113-thread-1] INFO  ratis.ContainerStateMachine (ContainerStateMachine.java:loadSnapshot(226)) - group-0AD62743FED0: The snapshot info is null. Setting the last applied indexto:(t:0, i:~)
2019-08-22 09:08:21,246 [pool-124-thread-1] INFO  ratis.ContainerStateMachine (ContainerStateMachine.java:loadSnapshot(226)) - group-0AD62743FED0: The snapshot info is null. Setting the last applied indexto:(t:0, i:~)
2019-08-22 09:08:21,246 [pool-135-thread-1] INFO  ratis.ContainerStateMachine (ContainerStateMachine.java:loadSnapshot(226)) - group-0AD62743FED0: The snapshot info is null. Setting the last applied indexto:(t:0, i:~)
2019-08-22 09:08:21,246 [pool-124-thread-1] INFO  server.RaftServerConfigKeys (ConfUtils.java:logGet(43)) - raft.server.leader.election.timeout = 120s (custom)
2019-08-22 09:08:21,246 [pool-113-thread-1] INFO  server.RaftServerConfigKeys (ConfUtils.java:logGet(43)) - raft.server.leader.election.timeout = 120s (custom)
2019-08-22 09:08:21,246 [pool-124-thread-1] INFO  server.RaftServerConfigKeys (ConfUtils.java:logGet(43)) - raft.server.log.use.memory = false (default)
2019-08-22 09:08:21,246 [pool-135-thread-1] INFO  server.RaftServerConfigKeys (ConfUtils.java:logGet(43)) - raft.server.leader.election.timeout = 120s (custom)
2019-08-22 09:08:21,247 [pool-124-thread-1] INFO  server.RaftServerConfigKeys (ConfUtils.java:logGet(43)) - raft.server.log.purge.gap = 1000000 (custom)
2019-08-22 09:08:21,246 [pool-113-thread-1] INFO  server.RaftServerConfigKeys (ConfUtils.java:logGet(43)) - raft.server.log.use.memory = false (default)
2019-08-22 09:08:21,247 [pool-124-thread-1] INFO  server.RaftServerConfigKeys (ConfUtils.java:logGet(43)) - raft.server.log.appender.buffer.byte-limit = 33554432 (custom)
2019-08-22 09:08:21,247 [pool-135-thread-1] INFO  server.RaftServerConfigKeys (ConfUtils.java:logGet(43)) - raft.server.log.use.memory = false (default)
2019-08-22 09:08:21,247 [pool-124-thread-1] INFO  server.RaftServerConfigKeys (ConfUtils.java:logGet(43)) - raft.server.log.segment.size.max = 1048576 (custom)
2019-08-22 09:08:21,247 [pool-113-thread-1] INFO  server.RaftServerConfigKeys (ConfUtils.java:logGet(43)) - raft.server.log.purge.gap = 1000000 (custom)
2019-08-22 09:08:21,247 [pool-124-thread-1] INFO  server.RaftServerConfigKeys (ConfUtils.java:logGet(43)) - raft.server.log.segment.cache.num.max = 2 (custom)
2019-08-22 09:08:21,247 [pool-135-thread-1] INFO  server.RaftServerConfigKeys (ConfUtils.java:logGet(43)) - raft.server.log.purge.gap = 1000000 (custom)
2019-08-22 09:08:21,248 [pool-124-thread-1] INFO  segmented.SegmentedRaftLogWorker (SegmentedRaftLogWorker.java:<init>(172)) - new d02a13da-15f9-45c4-a762-6dfc7568bb22-SegmentedRaftLogWorker:Storage Directory /workdir/hadoop-ozone/integration-test/target/test-dir/MiniOzoneClusterImpl-a9cd9c89-5187-449b-b29a-99b9e5034f78/datanode-1/data/ratis/657f8f81-6447-4214-b460-0ad62743fed0 for RaftStorage:Storage Directory /workdir/hadoop-ozone/integration-test/target/test-dir/MiniOzoneClusterImpl-a9cd9c89-5187-449b-b29a-99b9e5034f78/datanode-1/data/ratis/657f8f81-6447-4214-b460-0ad62743fed0
2019-08-22 09:08:21,248 [pool-113-thread-1] INFO  server.RaftServerConfigKeys (ConfUtils.java:logGet(43)) - raft.server.log.appender.buffer.byte-limit = 33554432 (custom)
2019-08-22 09:08:21,248 [pool-124-thread-1] INFO  server.RaftServerConfigKeys (ConfUtils.java:logGet(43)) - raft.server.log.queue.byte-limit = 2147483647 (custom)
2019-08-22 09:08:21,248 [pool-135-thread-1] INFO  server.RaftServerConfigKeys (ConfUtils.java:logGet(43)) - raft.server.log.appender.buffer.byte-limit = 33554432 (custom)
2019-08-22 09:08:21,248 [pool-124-thread-1] INFO  server.RaftServerConfigKeys (ConfUtils.java:logGet(43)) - raft.server.log.queue.element-limit = 1024 (custom)
2019-08-22 09:08:21,249 [pool-135-thread-1] INFO  server.RaftServerConfigKeys (ConfUtils.java:logGet(43)) - raft.server.log.segment.size.max = 1048576 (custom)
2019-08-22 09:08:21,248 [pool-113-thread-1] INFO  server.RaftServerConfigKeys (ConfUtils.java:logGet(43)) - raft.server.log.segment.size.max = 1048576 (custom)
2019-08-22 09:08:21,249 [pool-135-thread-1] INFO  server.RaftServerConfigKeys (ConfUtils.java:logGet(43)) - raft.server.log.segment.cache.num.max = 2 (custom)
2019-08-22 09:08:21,249 [pool-124-thread-1] INFO  server.RaftServerConfigKeys (ConfUtils.java:logGet(43)) - raft.server.log.segment.size.max = 1048576 (custom)
2019-08-22 09:08:21,249 [pool-135-thread-1] INFO  segmented.SegmentedRaftLogWorker (SegmentedRaftLogWorker.java:<init>(172)) - new 0c311ac3-3334-459d-ab4e-72c3360f4a50-SegmentedRaftLogWorker:Storage Directory /workdir/hadoop-ozone/integration-test/target/test-dir/MiniOzoneClusterImpl-a9cd9c89-5187-449b-b29a-99b9e5034f78/datanode-2/data/ratis/657f8f81-6447-4214-b460-0ad62743fed0 for RaftStorage:Storage Directory /workdir/hadoop-ozone/integration-test/target/test-dir/MiniOzoneClusterImpl-a9cd9c89-5187-449b-b29a-99b9e5034f78/datanode-2/data/ratis/657f8f81-6447-4214-b460-0ad62743fed0
2019-08-22 09:08:21,249 [pool-113-thread-1] INFO  server.RaftServerConfigKeys (ConfUtils.java:logGet(43)) - raft.server.log.segment.cache.num.max = 2 (custom)
2019-08-22 09:08:21,249 [pool-135-thread-1] INFO  server.RaftServerConfigKeys (ConfUtils.java:logGet(43)) - raft.server.log.queue.byte-limit = 2147483647 (custom)
2019-08-22 09:08:21,249 [pool-124-thread-1] INFO  server.RaftServerConfigKeys (ConfUtils.java:logGet(43)) - raft.server.log.preallocated.size = 16384 (custom)
2019-08-22 09:08:21,250 [pool-135-thread-1] INFO  server.RaftServerConfigKeys (ConfUtils.java:logGet(43)) - raft.server.log.queue.element-limit = 1024 (custom)
2019-08-22 09:08:21,250 [pool-113-thread-1] INFO  segmented.SegmentedRaftLogWorker (SegmentedRaftLogWorker.java:<init>(172)) - new 009b6f07-dfd6-4718-924a-1817c3c071ab-SegmentedRaftLogWorker:Storage Directory /workdir/hadoop-ozone/integration-test/target/test-dir/MiniOzoneClusterImpl-a9cd9c89-5187-449b-b29a-99b9e5034f78/datanode-0/data/ratis/657f8f81-6447-4214-b460-0ad62743fed0 for RaftStorage:Storage Directory /workdir/hadoop-ozone/integration-test/target/test-dir/MiniOzoneClusterImpl-a9cd9c89-5187-449b-b29a-99b9e5034f78/datanode-0/data/ratis/657f8f81-6447-4214-b460-0ad62743fed0
2019-08-22 09:08:21,250 [pool-135-thread-1] INFO  server.RaftServerConfigKeys (ConfUtils.java:logGet(43)) - raft.server.log.segment.size.max = 1048576 (custom)
2019-08-22 09:08:21,250 [pool-124-thread-1] INFO  server.RaftServerConfigKeys (ConfUtils.java:logGet(43)) - raft.server.log.write.buffer.size = 33554432 (custom)
2019-08-22 09:08:21,250 [pool-135-thread-1] INFO  server.RaftServerConfigKeys (ConfUtils.java:logGet(43)) - raft.server.log.preallocated.size = 16384 (custom)
2019-08-22 09:08:21,250 [pool-113-thread-1] INFO  server.RaftServerConfigKeys (ConfUtils.java:logGet(43)) - raft.server.log.queue.byte-limit = 2147483647 (custom)
2019-08-22 09:08:21,251 [pool-135-thread-1] INFO  server.RaftServerConfigKeys (ConfUtils.java:logGet(43)) - raft.server.log.write.buffer.size = 33554432 (custom)
2019-08-22 09:08:21,250 [pool-124-thread-1] INFO  server.RaftServerConfigKeys (ConfUtils.java:logGet(43)) - raft.server.log.force.sync.num = 128 (default)
2019-08-22 09:08:21,251 [pool-135-thread-1] INFO  server.RaftServerConfigKeys (ConfUtils.java:logGet(43)) - raft.server.log.force.sync.num = 128 (default)
2019-08-22 09:08:21,251 [pool-113-thread-1] INFO  server.RaftServerConfigKeys (ConfUtils.java:logGet(43)) - raft.server.log.queue.element-limit = 1024 (custom)
2019-08-22 09:08:21,251 [pool-135-thread-1] INFO  server.RaftServerConfigKeys (ConfUtils.java:logGet(43)) - raft.server.log.statemachine.data.sync = true (default)
2019-08-22 09:08:21,251 [pool-124-thread-1] INFO  server.RaftServerConfigKeys (ConfUtils.java:logGet(43)) - raft.server.log.statemachine.data.sync = true (default)
2019-08-22 09:08:21,251 [pool-135-thread-1] INFO  server.RaftServerConfigKeys (ConfUtils.java:logGet(43)) - raft.server.log.statemachine.data.sync.timeout = 10s (default)
2019-08-22 09:08:21,251 [pool-113-thread-1] INFO  server.RaftServerConfigKeys (ConfUtils.java:logGet(43)) - raft.server.log.segment.size.max = 1048576 (custom)
2019-08-22 09:08:21,252 [pool-135-thread-1] INFO  server.RaftServerConfigKeys (ConfUtils.java:logGet(43)) - raft.server.log.statemachine.data.sync.timeout.retry = -1 (default)
2019-08-22 09:08:21,252 [pool-124-thread-1] INFO  server.RaftServerConfigKeys (ConfUtils.java:logGet(43)) - raft.server.log.statemachine.data.sync.timeout = 10s (default)
2019-08-22 09:08:21,252 [pool-113-thread-1] INFO  server.RaftServerConfigKeys (ConfUtils.java:logGet(43)) - raft.server.log.preallocated.size = 16384 (custom)
2019-08-22 09:08:21,252 [pool-124-thread-1] INFO  server.RaftServerConfigKeys (ConfUtils.java:logGet(43)) - raft.server.log.statemachine.data.sync.timeout.retry = -1 (default)
2019-08-22 09:08:21,252 [pool-135-thread-1] INFO  server.RaftServerConfigKeys (ConfUtils.java:logGet(43)) - raft.server.log.statemachine.data.caching.enabled = true (custom)
2019-08-22 09:08:21,252 [pool-113-thread-1] INFO  server.RaftServerConfigKeys (ConfUtils.java:logGet(43)) - raft.server.log.write.buffer.size = 33554432 (custom)
2019-08-22 09:08:21,252 [pool-124-thread-1] INFO  server.RaftServerConfigKeys (ConfUtils.java:logGet(43)) - raft.server.log.statemachine.data.caching.enabled = true (custom)
2019-08-22 09:08:21,253 [pool-113-thread-1] INFO  server.RaftServerConfigKeys (ConfUtils.java:logGet(43)) - raft.server.log.force.sync.num = 128 (default)
2019-08-22 09:08:21,253 [pool-113-thread-1] INFO  server.RaftServerConfigKeys (ConfUtils.java:logGet(43)) - raft.server.log.statemachine.data.sync = true (default)
2019-08-22 09:08:21,253 [pool-135-thread-1] INFO  segmented.SegmentedRaftLogWorker (SegmentedRaftLogWorker.java:lambda$new$0(132)) - 0c311ac3-3334-459d-ab4e-72c3360f4a50-SegmentedRaftLogWorker:Storage Directory /workdir/hadoop-ozone/integration-test/target/test-dir/MiniOzoneClusterImpl-a9cd9c89-5187-449b-b29a-99b9e5034f78/datanode-2/data/ratis/657f8f81-6447-4214-b460-0ad62743fed0: flushIndex: setUnconditionally 0 -> -1
2019-08-22 09:08:21,253 [pool-124-thread-1] INFO  segmented.SegmentedRaftLogWorker (SegmentedRaftLogWorker.java:lambda$new$0(132)) - d02a13da-15f9-45c4-a762-6dfc7568bb22-SegmentedRaftLogWorker:Storage Directory /workdir/hadoop-ozone/integration-test/target/test-dir/MiniOzoneClusterImpl-a9cd9c89-5187-449b-b29a-99b9e5034f78/datanode-1/data/ratis/657f8f81-6447-4214-b460-0ad62743fed0: flushIndex: setUnconditionally 0 -> -1
2019-08-22 09:08:21,253 [pool-113-thread-1] INFO  server.RaftServerConfigKeys (ConfUtils.java:logGet(43)) - raft.server.log.statemachine.data.sync.timeout = 10s (default)
2019-08-22 09:08:21,253 [pool-113-thread-1] INFO  server.RaftServerConfigKeys (ConfUtils.java:logGet(43)) - raft.server.log.statemachine.data.sync.timeout.retry = -1 (default)
2019-08-22 09:08:21,253 [pool-124-thread-1] INFO  server.RaftServerConfigKeys (ConfUtils.java:logGet(43)) - raft.server.snapshot.auto.trigger.enabled = true (custom)
2019-08-22 09:08:21,253 [pool-135-thread-1] INFO  server.RaftServerConfigKeys (ConfUtils.java:logGet(43)) - raft.server.snapshot.auto.trigger.enabled = true (custom)
2019-08-22 09:08:21,253 [pool-124-thread-1] INFO  server.RaftServerConfigKeys (ConfUtils.java:logGet(43)) - raft.server.snapshot.auto.trigger.threshold = 10000 (custom)
2019-08-22 09:08:21,253 [pool-113-thread-1] INFO  server.RaftServerConfigKeys (ConfUtils.java:logGet(43)) - raft.server.log.statemachine.data.caching.enabled = true (custom)
2019-08-22 09:08:21,254 [pool-124-thread-1] INFO  server.RaftServerConfigKeys (ConfUtils.java:logGet(43)) - raft.server.retrycache.expirytime = 600000ms (custom)
2019-08-22 09:08:21,254 [pool-135-thread-1] INFO  server.RaftServerConfigKeys (ConfUtils.java:logGet(43)) - raft.server.snapshot.auto.trigger.threshold = 10000 (custom)
2019-08-22 09:08:21,254 [pool-113-thread-1] INFO  segmented.SegmentedRaftLogWorker (SegmentedRaftLogWorker.java:lambda$new$0(132)) - 009b6f07-dfd6-4718-924a-1817c3c071ab-SegmentedRaftLogWorker:Storage Directory /workdir/hadoop-ozone/integration-test/target/test-dir/MiniOzoneClusterImpl-a9cd9c89-5187-449b-b29a-99b9e5034f78/datanode-0/data/ratis/657f8f81-6447-4214-b460-0ad62743fed0: flushIndex: setUnconditionally 0 -> -1
2019-08-22 09:08:21,254 [pool-135-thread-1] INFO  server.RaftServerConfigKeys (ConfUtils.java:logGet(43)) - raft.server.retrycache.expirytime = 600000ms (custom)
2019-08-22 09:08:21,254 [pool-124-thread-1] INFO  impl.RaftServerImpl (RaftServerImpl.java:start(180)) - d02a13da-15f9-45c4-a762-6dfc7568bb22: start group-0AD62743FED0
2019-08-22 09:08:21,255 [pool-135-thread-1] INFO  impl.RaftServerImpl (RaftServerImpl.java:start(180)) - 0c311ac3-3334-459d-ab4e-72c3360f4a50: start group-0AD62743FED0
2019-08-22 09:08:21,255 [pool-113-thread-1] INFO  server.RaftServerConfigKeys (ConfUtils.java:logGet(43)) - raft.server.snapshot.auto.trigger.enabled = true (custom)
2019-08-22 09:08:21,255 [pool-135-thread-1] INFO  impl.RaftServerImpl (RaftServerImpl.java:setRole(171)) - 0c311ac3-3334-459d-ab4e-72c3360f4a50:group-0AD62743FED0 changes role from null to FOLLOWER at term 0 for startAsFollower
2019-08-22 09:08:21,255 [pool-124-thread-1] INFO  impl.RaftServerImpl (RaftServerImpl.java:setRole(171)) - d02a13da-15f9-45c4-a762-6dfc7568bb22:group-0AD62743FED0 changes role from null to FOLLOWER at term 0 for startAsFollower
2019-08-22 09:08:21,255 [pool-135-thread-1] INFO  impl.RoleInfo (RoleInfo.java:updateAndGet(143)) - 0c311ac3-3334-459d-ab4e-72c3360f4a50: start FollowerState
2019-08-22 09:08:21,255 [pool-113-thread-1] INFO  server.RaftServerConfigKeys (ConfUtils.java:logGet(43)) - raft.server.snapshot.auto.trigger.threshold = 10000 (custom)
2019-08-22 09:08:21,255 [pool-124-thread-1] INFO  impl.RoleInfo (RoleInfo.java:updateAndGet(143)) - d02a13da-15f9-45c4-a762-6dfc7568bb22: start FollowerState
2019-08-22 09:08:21,255 [pool-113-thread-1] INFO  server.RaftServerConfigKeys (ConfUtils.java:logGet(43)) - raft.server.retrycache.expirytime = 600000ms (custom)
2019-08-22 09:08:21,256 [pool-113-thread-1] INFO  impl.RaftServerImpl (RaftServerImpl.java:start(180)) - 009b6f07-dfd6-4718-924a-1817c3c071ab: start group-0AD62743FED0
2019-08-22 09:08:21,256 [pool-124-thread-1] INFO  util.JmxRegister (JmxRegister.java:tryRegister(44)) - Successfully registered JMX Bean with object name Ratis:service=RaftServer,group=group-0AD62743FED0,id=d02a13da-15f9-45c4-a762-6dfc7568bb22
2019-08-22 09:08:21,256 [pool-135-thread-1] INFO  util.JmxRegister (JmxRegister.java:tryRegister(44)) - Successfully registered JMX Bean with object name Ratis:service=RaftServer,group=group-0AD62743FED0,id=0c311ac3-3334-459d-ab4e-72c3360f4a50
2019-08-22 09:08:21,256 [pool-113-thread-1] INFO  impl.RaftServerImpl (RaftServerImpl.java:setRole(171)) - 009b6f07-dfd6-4718-924a-1817c3c071ab:group-0AD62743FED0 changes role from null to FOLLOWER at term 0 for startAsFollower
2019-08-22 09:08:21,256 [pool-113-thread-1] INFO  impl.RoleInfo (RoleInfo.java:updateAndGet(143)) - 009b6f07-dfd6-4718-924a-1817c3c071ab: start FollowerState
2019-08-22 09:08:21,257 [pool-113-thread-1] INFO  util.JmxRegister (JmxRegister.java:tryRegister(44)) - Successfully registered JMX Bean with object name Ratis:service=RaftServer,group=group-0AD62743FED0,id=009b6f07-dfd6-4718-924a-1817c3c071ab
2019-08-22 09:08:21,267 [RatisPipelineUtilsThread] INFO  pipeline.PipelineStateManager (PipelineStateManager.java:addPipeline(56)) - Created pipeline Pipeline[ Id: 657f8f81-6447-4214-b460-0ad62743fed0, Nodes: 009b6f07-dfd6-4718-924a-1817c3c071ab{ip: 192.168.36.85, host: pr-hdds-1898-9jx57-4170240974, networkLocation: /default-rack, certSerialId: null}d02a13da-15f9-45c4-a762-6dfc7568bb22{ip: 192.168.36.85, host: pr-hdds-1898-9jx57-4170240974, networkLocation: /default-rack, certSerialId: null}0c311ac3-3334-459d-ab4e-72c3360f4a50{ip: 192.168.36.85, host: pr-hdds-1898-9jx57-4170240974, networkLocation: /default-rack, certSerialId: null}, Type:RATIS, Factor:THREE, State:OPEN]
2019-08-22 09:08:22,073 [Thread-332] INFO  ozone.MiniOzoneClusterImpl (MiniOzoneClusterImpl.java:lambda$waitForClusterToBeReady$0(142)) - Cluster is ready. Got 3 of 3 DN Heartbeats.
2019-08-22 09:08:22,074 [Thread-332] INFO  datanode.ObjectStoreHandler (ObjectStoreHandler.java:close(155)) - Closing ObjectStoreHandler.
2019-08-22 09:08:22,075 [Thread-332] INFO  ozone.HddsDatanodeService (HddsDatanodeService.java:stop(451)) - Stopped plug-in org.apache.hadoop.ozone.web.OzoneHddsDatanodeService@17308838
2019-08-22 09:08:22,638 [Datanode State Machine Thread - 0] INFO  statemachine.DatanodeStateMachine (DatanodeStateMachine.java:lambda$startDaemon$0(350)) - Ozone container server started.
2019-08-22 09:08:22,845 | INFO  | SCMAudit | user=jenkins1000 | ip=192.168.36.85 | op=SEND_HEARTBEAT {datanodeUUID=d02a13da-15f9-45c4-a762-6dfc7568bb22, command=[]} | ret=SUCCESS |  
2019-08-22 09:08:23,076 | INFO  | SCMAudit | user=jenkins1000 | ip=192.168.36.85 | op=SEND_HEARTBEAT {datanodeUUID=0c311ac3-3334-459d-ab4e-72c3360f4a50, command=[]} | ret=SUCCESS |  
2019-08-22 09:08:23,646 [Thread-504] INFO  container.ReplicationManager (ReplicationManager.java:start(152)) - Starting Replication Monitor Thread.
2019-08-22 09:08:23,648 [ReplicationMonitor] INFO  container.ReplicationManager (ReplicationManager.java:run(215)) - Replication Monitor Thread took 0 milliseconds for processing 0 containers.
2019-08-22 09:08:23,844 | INFO  | SCMAudit | user=jenkins1000 | ip=192.168.36.85 | op=SEND_HEARTBEAT {datanodeUUID=d02a13da-15f9-45c4-a762-6dfc7568bb22, command=[]} | ret=SUCCESS |  
2019-08-22 09:08:24,076 | INFO  | SCMAudit | user=jenkins1000 | ip=192.168.36.85 | op=SEND_HEARTBEAT {datanodeUUID=0c311ac3-3334-459d-ab4e-72c3360f4a50, command=[]} | ret=SUCCESS |  
2019-08-22 09:08:24,844 | INFO  | SCMAudit | user=jenkins1000 | ip=192.168.36.85 | op=SEND_HEARTBEAT {datanodeUUID=d02a13da-15f9-45c4-a762-6dfc7568bb22, command=[]} | ret=SUCCESS |  
2019-08-22 09:08:25,077 | INFO  | SCMAudit | user=jenkins1000 | ip=192.168.36.85 | op=SEND_HEARTBEAT {datanodeUUID=0c311ac3-3334-459d-ab4e-72c3360f4a50, command=[]} | ret=SUCCESS |  
2019-08-22 09:08:25,801 [Thread-506] INFO  impl.FollowerState (FollowerState.java:run(106)) - 009b6f07-dfd6-4718-924a-1817c3c071ab:group-20E6B7042646 changes to CANDIDATE, lastRpcTime:5077, electionTimeout:5077ms
2019-08-22 09:08:25,801 [Thread-506] INFO  impl.RoleInfo (RoleInfo.java:shutdownFollowerState(121)) - 009b6f07-dfd6-4718-924a-1817c3c071ab: shutdown FollowerState
2019-08-22 09:08:25,801 [Thread-506] INFO  impl.RaftServerImpl (RaftServerImpl.java:setRole(171)) - 009b6f07-dfd6-4718-924a-1817c3c071ab:group-20E6B7042646 changes role from FOLLOWER to CANDIDATE at term 0 for changeToCandidate
2019-08-22 09:08:25,802 [Thread-506] INFO  impl.RoleInfo (RoleInfo.java:updateAndGet(143)) - 009b6f07-dfd6-4718-924a-1817c3c071ab: start LeaderElection
2019-08-22 09:08:25,830 [009b6f07-dfd6-4718-924a-1817c3c071ab:group-20E6B7042646:LeaderElection15] INFO  impl.LeaderElection (LeaderElection.java:askForVotes(181)) - 009b6f07-dfd6-4718-924a-1817c3c071ab:group-20E6B7042646:LeaderElection15: begin an election at term 1 for -1: [009b6f07-dfd6-4718-924a-1817c3c071ab:192.168.36.85:36596], old=null
2019-08-22 09:08:25,831 [009b6f07-dfd6-4718-924a-1817c3c071ab:group-20E6B7042646:LeaderElection15] INFO  impl.RoleInfo (RoleInfo.java:shutdownLeaderElection(134)) - 009b6f07-dfd6-4718-924a-1817c3c071ab: shutdown LeaderElection
2019-08-22 09:08:25,831 [009b6f07-dfd6-4718-924a-1817c3c071ab:group-20E6B7042646:LeaderElection15] INFO  impl.RaftServerImpl (RaftServerImpl.java:setRole(171)) - 009b6f07-dfd6-4718-924a-1817c3c071ab:group-20E6B7042646 changes role from CANDIDATE to LEADER at term 1 for changeToLeader
2019-08-22 09:08:25,831 [009b6f07-dfd6-4718-924a-1817c3c071ab:group-20E6B7042646:LeaderElection15] INFO  impl.RaftServerImpl (ServerState.java:setLeader(263)) - 009b6f07-dfd6-4718-924a-1817c3c071ab:group-20E6B7042646 change Leader from null to 009b6f07-dfd6-4718-924a-1817c3c071ab at term 1 for becomeLeader, leader elected after 5114ms
2019-08-22 09:08:25,831 [009b6f07-dfd6-4718-924a-1817c3c071ab:group-20E6B7042646:LeaderElection15] INFO  server.RaftServerConfigKeys (ConfUtils.java:logGet(43)) - raft.server.staging.catchup.gap = 1000 (default)
2019-08-22 09:08:25,832 [009b6f07-dfd6-4718-924a-1817c3c071ab:group-20E6B7042646:LeaderElection15] INFO  server.RaftServerConfigKeys (ConfUtils.java:logGet(43)) - raft.server.rpc.sleep.time = 25ms (default)
2019-08-22 09:08:25,832 [009b6f07-dfd6-4718-924a-1817c3c071ab:group-20E6B7042646:LeaderElection15] INFO  server.RaftServerConfigKeys (ConfUtils.java:logGet(43)) - raft.server.write.element-limit = 4096 (default)
2019-08-22 09:08:25,832 [009b6f07-dfd6-4718-924a-1817c3c071ab:group-20E6B7042646:LeaderElection15] INFO  server.RaftServerConfigKeys (ConfUtils.java:logGet(43)) - raft.server.watch.timeout = 10s (default)
2019-08-22 09:08:25,832 [009b6f07-dfd6-4718-924a-1817c3c071ab:group-20E6B7042646:LeaderElection15] INFO  server.RaftServerConfigKeys (ConfUtils.java:logGet(43)) - raft.server.watch.timeout.denomination = 1s (default)
2019-08-22 09:08:25,832 [009b6f07-dfd6-4718-924a-1817c3c071ab:group-20E6B7042646:LeaderElection15] INFO  server.RaftServerConfigKeys (ConfUtils.java:logGet(43)) - raft.server.watch.element-limit = 65536 (default)
2019-08-22 09:08:25,833 [009b6f07-dfd6-4718-924a-1817c3c071ab:group-20E6B7042646:LeaderElection15] INFO  impl.RoleInfo (RoleInfo.java:updateAndGet(143)) - 009b6f07-dfd6-4718-924a-1817c3c071ab: start LeaderState
2019-08-22 09:08:25,833 [009b6f07-dfd6-4718-924a-1817c3c071ab:group-20E6B7042646:LeaderElection15] INFO  segmented.SegmentedRaftLogWorker (SegmentedRaftLogWorker.java:startLogSegment(380)) - 009b6f07-dfd6-4718-924a-1817c3c071ab-SegmentedRaftLogWorker:Storage Directory /workdir/hadoop-ozone/integration-test/target/test-dir/MiniOzoneClusterImpl-a9cd9c89-5187-449b-b29a-99b9e5034f78/datanode-0/data/ratis/9d8d7a5a-9eec-4a6e-a207-20e6b7042646: Starting segment from index:0
2019-08-22 09:08:25,834 [009b6f07-dfd6-4718-924a-1817c3c071ab:group-20E6B7042646:LeaderElection15] INFO  impl.RaftServerImpl (ServerState.java:setRaftConf(361)) - 009b6f07-dfd6-4718-924a-1817c3c071ab:group-20E6B7042646 set configuration 0: [009b6f07-dfd6-4718-924a-1817c3c071ab:192.168.36.85:36596], old=null at 0
2019-08-22 09:08:25,871 | INFO  | SCMAudit | user=jenkins1000 | ip=192.168.36.85 | op=SEND_HEARTBEAT {datanodeUUID=d02a13da-15f9-45c4-a762-6dfc7568bb22, command=[]} | ret=SUCCESS |  
2019-08-22 09:08:25,892 [009b6f07-dfd6-4718-924a-1817c3c071ab-SegmentedRaftLogWorker:Storage Directory /workdir/hadoop-ozone/integration-test/target/test-dir/MiniOzoneClusterImpl-a9cd9c89-5187-449b-b29a-99b9e5034f78/datanode-0/data/ratis/9d8d7a5a-9eec-4a6e-a207-20e6b7042646] INFO  segmented.SegmentedRaftLogWorker (SegmentedRaftLogWorker.java:execute(569)) - 009b6f07-dfd6-4718-924a-1817c3c071ab-SegmentedRaftLogWorker:Storage Directory /workdir/hadoop-ozone/integration-test/target/test-dir/MiniOzoneClusterImpl-a9cd9c89-5187-449b-b29a-99b9e5034f78/datanode-0/data/ratis/9d8d7a5a-9eec-4a6e-a207-20e6b7042646: created new log segment /workdir/hadoop-ozone/integration-test/target/test-dir/MiniOzoneClusterImpl-a9cd9c89-5187-449b-b29a-99b9e5034f78/datanode-0/data/ratis/9d8d7a5a-9eec-4a6e-a207-20e6b7042646/current/log_inprogress_0
2019-08-22 09:08:25,963 [Thread-509] INFO  impl.FollowerState (FollowerState.java:run(106)) - d02a13da-15f9-45c4-a762-6dfc7568bb22:group-A1477BB5BD47 changes to CANDIDATE, lastRpcTime:5059, electionTimeout:5054ms
2019-08-22 09:08:25,963 [Thread-509] INFO  impl.RoleInfo (RoleInfo.java:shutdownFollowerState(121)) - d02a13da-15f9-45c4-a762-6dfc7568bb22: shutdown FollowerState
2019-08-22 09:08:25,963 [Thread-509] INFO  impl.RaftServerImpl (RaftServerImpl.java:setRole(171)) - d02a13da-15f9-45c4-a762-6dfc7568bb22:group-A1477BB5BD47 changes role from FOLLOWER to CANDIDATE at term 0 for changeToCandidate
2019-08-22 09:08:25,964 [Thread-509] INFO  impl.RoleInfo (RoleInfo.java:updateAndGet(143)) - d02a13da-15f9-45c4-a762-6dfc7568bb22: start LeaderElection
2019-08-22 09:08:25,996 [d02a13da-15f9-45c4-a762-6dfc7568bb22:group-A1477BB5BD47:LeaderElection16] INFO  impl.LeaderElection (LeaderElection.java:askForVotes(181)) - d02a13da-15f9-45c4-a762-6dfc7568bb22:group-A1477BB5BD47:LeaderElection16: begin an election at term 1 for -1: [d02a13da-15f9-45c4-a762-6dfc7568bb22:192.168.36.85:35380], old=null
2019-08-22 09:08:25,996 [d02a13da-15f9-45c4-a762-6dfc7568bb22:group-A1477BB5BD47:LeaderElection16] INFO  impl.RoleInfo (RoleInfo.java:shutdownLeaderElection(134)) - d02a13da-15f9-45c4-a762-6dfc7568bb22: shutdown LeaderElection
2019-08-22 09:08:25,996 [d02a13da-15f9-45c4-a762-6dfc7568bb22:group-A1477BB5BD47:LeaderElection16] INFO  impl.RaftServerImpl (RaftServerImpl.java:setRole(171)) - d02a13da-15f9-45c4-a762-6dfc7568bb22:group-A1477BB5BD47 changes role from CANDIDATE to LEADER at term 1 for changeToLeader
2019-08-22 09:08:25,996 [d02a13da-15f9-45c4-a762-6dfc7568bb22:group-A1477BB5BD47:LeaderElection16] INFO  impl.RaftServerImpl (ServerState.java:setLeader(263)) - d02a13da-15f9-45c4-a762-6dfc7568bb22:group-A1477BB5BD47 change Leader from null to d02a13da-15f9-45c4-a762-6dfc7568bb22 at term 1 for becomeLeader, leader elected after 5095ms
2019-08-22 09:08:25,997 [d02a13da-15f9-45c4-a762-6dfc7568bb22:group-A1477BB5BD47:LeaderElection16] INFO  server.RaftServerConfigKeys (ConfUtils.java:logGet(43)) - raft.server.staging.catchup.gap = 1000 (default)
2019-08-22 09:08:25,997 [d02a13da-15f9-45c4-a762-6dfc7568bb22:group-A1477BB5BD47:LeaderElection16] INFO  server.RaftServerConfigKeys (ConfUtils.java:logGet(43)) - raft.server.rpc.sleep.time = 25ms (default)
2019-08-22 09:08:25,997 [d02a13da-15f9-45c4-a762-6dfc7568bb22:group-A1477BB5BD47:LeaderElection16] INFO  server.RaftServerConfigKeys (ConfUtils.java:logGet(43)) - raft.server.write.element-limit = 4096 (default)
2019-08-22 09:08:25,997 [d02a13da-15f9-45c4-a762-6dfc7568bb22:group-A1477BB5BD47:LeaderElection16] INFO  server.RaftServerConfigKeys (ConfUtils.java:logGet(43)) - raft.server.watch.timeout = 10s (default)
2019-08-22 09:08:25,998 [d02a13da-15f9-45c4-a762-6dfc7568bb22:group-A1477BB5BD47:LeaderElection16] INFO  server.RaftServerConfigKeys (ConfUtils.java:logGet(43)) - raft.server.watch.timeout.denomination = 1s (default)
2019-08-22 09:08:25,998 [d02a13da-15f9-45c4-a762-6dfc7568bb22:group-A1477BB5BD47:LeaderElection16] INFO  server.RaftServerConfigKeys (ConfUtils.java:logGet(43)) - raft.server.watch.element-limit = 65536 (default)
2019-08-22 09:08:25,998 [d02a13da-15f9-45c4-a762-6dfc7568bb22:group-A1477BB5BD47:LeaderElection16] INFO  impl.RoleInfo (RoleInfo.java:updateAndGet(143)) - d02a13da-15f9-45c4-a762-6dfc7568bb22: start LeaderState
2019-08-22 09:08:25,998 [d02a13da-15f9-45c4-a762-6dfc7568bb22:group-A1477BB5BD47:LeaderElection16] INFO  segmented.SegmentedRaftLogWorker (SegmentedRaftLogWorker.java:startLogSegment(380)) - d02a13da-15f9-45c4-a762-6dfc7568bb22-SegmentedRaftLogWorker:Storage Directory /workdir/hadoop-ozone/integration-test/target/test-dir/MiniOzoneClusterImpl-a9cd9c89-5187-449b-b29a-99b9e5034f78/datanode-1/data/ratis/5352e5a5-57ef-44ea-8658-a1477bb5bd47: Starting segment from index:0
2019-08-22 09:08:25,999 [d02a13da-15f9-45c4-a762-6dfc7568bb22:group-A1477BB5BD47:LeaderElection16] INFO  impl.RaftServerImpl (ServerState.java:setRaftConf(361)) - d02a13da-15f9-45c4-a762-6dfc7568bb22:group-A1477BB5BD47 set configuration 0: [d02a13da-15f9-45c4-a762-6dfc7568bb22:192.168.36.85:35380], old=null at 0
2019-08-22 09:08:26,055 [d02a13da-15f9-45c4-a762-6dfc7568bb22-SegmentedRaftLogWorker:Storage Directory /workdir/hadoop-ozone/integration-test/target/test-dir/MiniOzoneClusterImpl-a9cd9c89-5187-449b-b29a-99b9e5034f78/datanode-1/data/ratis/5352e5a5-57ef-44ea-8658-a1477bb5bd47] INFO  segmented.SegmentedRaftLogWorker (SegmentedRaftLogWorker.java:execute(569)) - d02a13da-15f9-45c4-a762-6dfc7568bb22-SegmentedRaftLogWorker:Storage Directory /workdir/hadoop-ozone/integration-test/target/test-dir/MiniOzoneClusterImpl-a9cd9c89-5187-449b-b29a-99b9e5034f78/datanode-1/data/ratis/5352e5a5-57ef-44ea-8658-a1477bb5bd47: created new log segment /workdir/hadoop-ozone/integration-test/target/test-dir/MiniOzoneClusterImpl-a9cd9c89-5187-449b-b29a-99b9e5034f78/datanode-1/data/ratis/5352e5a5-57ef-44ea-8658-a1477bb5bd47/current/log_inprogress_0
2019-08-22 09:08:26,076 | INFO  | SCMAudit | user=jenkins1000 | ip=192.168.36.85 | op=SEND_HEARTBEAT {datanodeUUID=0c311ac3-3334-459d-ab4e-72c3360f4a50, command=[]} | ret=SUCCESS |  
2019-08-22 09:08:26,180 [Thread-512] INFO  impl.FollowerState (FollowerState.java:run(106)) - 0c311ac3-3334-459d-ab4e-72c3360f4a50:group-1FC91BAAE003 changes to CANDIDATE, lastRpcTime:5033, electionTimeout:5033ms
2019-08-22 09:08:26,180 [Thread-512] INFO  impl.RoleInfo (RoleInfo.java:shutdownFollowerState(121)) - 0c311ac3-3334-459d-ab4e-72c3360f4a50: shutdown FollowerState
2019-08-22 09:08:26,180 [Thread-512] INFO  impl.RaftServerImpl (RaftServerImpl.java:setRole(171)) - 0c311ac3-3334-459d-ab4e-72c3360f4a50:group-1FC91BAAE003 changes role from FOLLOWER to CANDIDATE at term 0 for changeToCandidate
2019-08-22 09:08:26,181 [Thread-512] INFO  impl.RoleInfo (RoleInfo.java:updateAndGet(143)) - 0c311ac3-3334-459d-ab4e-72c3360f4a50: start LeaderElection
2019-08-22 09:08:26,209 [0c311ac3-3334-459d-ab4e-72c3360f4a50:group-1FC91BAAE003:LeaderElection17] INFO  impl.LeaderElection (LeaderElection.java:askForVotes(181)) - 0c311ac3-3334-459d-ab4e-72c3360f4a50:group-1FC91BAAE003:LeaderElection17: begin an election at term 1 for -1: [0c311ac3-3334-459d-ab4e-72c3360f4a50:192.168.36.85:43460], old=null
2019-08-22 09:08:26,209 [0c311ac3-3334-459d-ab4e-72c3360f4a50:group-1FC91BAAE003:LeaderElection17] INFO  impl.RoleInfo (RoleInfo.java:shutdownLeaderElection(134)) - 0c311ac3-3334-459d-ab4e-72c3360f4a50: shutdown LeaderElection
2019-08-22 09:08:26,209 [0c311ac3-3334-459d-ab4e-72c3360f4a50:group-1FC91BAAE003:LeaderElection17] INFO  impl.RaftServerImpl (RaftServerImpl.java:setRole(171)) - 0c311ac3-3334-459d-ab4e-72c3360f4a50:group-1FC91BAAE003 changes role from CANDIDATE to LEADER at term 1 for changeToLeader
2019-08-22 09:08:26,209 [0c311ac3-3334-459d-ab4e-72c3360f4a50:group-1FC91BAAE003:LeaderElection17] INFO  impl.RaftServerImpl (ServerState.java:setLeader(263)) - 0c311ac3-3334-459d-ab4e-72c3360f4a50:group-1FC91BAAE003 change Leader from null to 0c311ac3-3334-459d-ab4e-72c3360f4a50 at term 1 for becomeLeader, leader elected after 5066ms
2019-08-22 09:08:26,209 [0c311ac3-3334-459d-ab4e-72c3360f4a50:group-1FC91BAAE003:LeaderElection17] INFO  server.RaftServerConfigKeys (ConfUtils.java:logGet(43)) - raft.server.staging.catchup.gap = 1000 (default)
2019-08-22 09:08:26,210 [0c311ac3-3334-459d-ab4e-72c3360f4a50:group-1FC91BAAE003:LeaderElection17] INFO  server.RaftServerConfigKeys (ConfUtils.java:logGet(43)) - raft.server.rpc.sleep.time = 25ms (default)
2019-08-22 09:08:26,210 [0c311ac3-3334-459d-ab4e-72c3360f4a50:group-1FC91BAAE003:LeaderElection17] INFO  server.RaftServerConfigKeys (ConfUtils.java:logGet(43)) - raft.server.write.element-limit = 4096 (default)
2019-08-22 09:08:26,210 [0c311ac3-3334-459d-ab4e-72c3360f4a50:group-1FC91BAAE003:LeaderElection17] INFO  server.RaftServerConfigKeys (ConfUtils.java:logGet(43)) - raft.server.watch.timeout = 10s (default)
2019-08-22 09:08:26,210 [0c311ac3-3334-459d-ab4e-72c3360f4a50:group-1FC91BAAE003:LeaderElection17] INFO  server.RaftServerConfigKeys (ConfUtils.java:logGet(43)) - raft.server.watch.timeout.denomination = 1s (default)
2019-08-22 09:08:26,210 [0c311ac3-3334-459d-ab4e-72c3360f4a50:group-1FC91BAAE003:LeaderElection17] INFO  server.RaftServerConfigKeys (ConfUtils.java:logGet(43)) - raft.server.watch.element-limit = 65536 (default)
2019-08-22 09:08:26,211 [0c311ac3-3334-459d-ab4e-72c3360f4a50:group-1FC91BAAE003:LeaderElection17] INFO  impl.RoleInfo (RoleInfo.java:updateAndGet(143)) - 0c311ac3-3334-459d-ab4e-72c3360f4a50: start LeaderState
2019-08-22 09:08:26,211 [0c311ac3-3334-459d-ab4e-72c3360f4a50:group-1FC91BAAE003:LeaderElection17] INFO  segmented.SegmentedRaftLogWorker (SegmentedRaftLogWorker.java:startLogSegment(380)) - 0c311ac3-3334-459d-ab4e-72c3360f4a50-SegmentedRaftLogWorker:Storage Directory /workdir/hadoop-ozone/integration-test/target/test-dir/MiniOzoneClusterImpl-a9cd9c89-5187-449b-b29a-99b9e5034f78/datanode-2/data/ratis/49763a6d-6d4c-41b4-946a-1fc91baae003: Starting segment from index:0
2019-08-22 09:08:26,211 [0c311ac3-3334-459d-ab4e-72c3360f4a50:group-1FC91BAAE003:LeaderElection17] INFO  impl.RaftServerImpl (ServerState.java:setRaftConf(361)) - 0c311ac3-3334-459d-ab4e-72c3360f4a50:group-1FC91BAAE003 set configuration 0: [0c311ac3-3334-459d-ab4e-72c3360f4a50:192.168.36.85:43460], old=null at 0
2019-08-22 09:08:26,246 [EventQueue-StaleNodeForStaleNodeHandler] INFO  node.StaleNodeHandler (StaleNodeHandler.java:onMessage(58)) - Datanode 009b6f07-dfd6-4718-924a-1817c3c071ab{ip: 192.168.36.85, host: pr-hdds-1898-9jx57-4170240974, networkLocation: /default-rack, certSerialId: null} moved to stale state. Finalizing its pipelines [PipelineID=9d8d7a5a-9eec-4a6e-a207-20e6b7042646, PipelineID=657f8f81-6447-4214-b460-0ad62743fed0]
2019-08-22 09:08:26,246 [EventQueue-StaleNodeForStaleNodeHandler] INFO  pipeline.SCMPipelineManager (SCMPipelineManager.java:finalizeAndDestroyPipeline(309)) - destroying pipeline:Pipeline[ Id: 9d8d7a5a-9eec-4a6e-a207-20e6b7042646, Nodes: 009b6f07-dfd6-4718-924a-1817c3c071ab{ip: 192.168.36.85, host: pr-hdds-1898-9jx57-4170240974, networkLocation: /default-rack, certSerialId: null}, Type:RATIS, Factor:ONE, State:OPEN]
2019-08-22 09:08:26,246 [EventQueue-StaleNodeForStaleNodeHandler] INFO  pipeline.PipelineStateManager (PipelineStateManager.java:finalizePipeline(123)) - Pipeline Pipeline[ Id: 9d8d7a5a-9eec-4a6e-a207-20e6b7042646, Nodes: 009b6f07-dfd6-4718-924a-1817c3c071ab{ip: 192.168.36.85, host: pr-hdds-1898-9jx57-4170240974, networkLocation: /default-rack, certSerialId: null}, Type:RATIS, Factor:ONE, State:CLOSED] moved to CLOSED state
2019-08-22 09:08:26,248 [EventQueue-StaleNodeForStaleNodeHandler] INFO  pipeline.SCMPipelineManager (SCMPipelineManager.java:finalizeAndDestroyPipeline(309)) - destroying pipeline:Pipeline[ Id: 657f8f81-6447-4214-b460-0ad62743fed0, Nodes: 009b6f07-dfd6-4718-924a-1817c3c071ab{ip: 192.168.36.85, host: pr-hdds-1898-9jx57-4170240974, networkLocation: /default-rack, certSerialId: null}d02a13da-15f9-45c4-a762-6dfc7568bb22{ip: 192.168.36.85, host: pr-hdds-1898-9jx57-4170240974, networkLocation: /default-rack, certSerialId: null}0c311ac3-3334-459d-ab4e-72c3360f4a50{ip: 192.168.36.85, host: pr-hdds-1898-9jx57-4170240974, networkLocation: /default-rack, certSerialId: null}, Type:RATIS, Factor:THREE, State:OPEN]
2019-08-22 09:08:26,248 [EventQueue-StaleNodeForStaleNodeHandler] INFO  pipeline.PipelineStateManager (PipelineStateManager.java:finalizePipeline(123)) - Pipeline Pipeline[ Id: 657f8f81-6447-4214-b460-0ad62743fed0, Nodes: 009b6f07-dfd6-4718-924a-1817c3c071ab{ip: 192.168.36.85, host: pr-hdds-1898-9jx57-4170240974, networkLocation: /default-rack, certSerialId: null}d02a13da-15f9-45c4-a762-6dfc7568bb22{ip: 192.168.36.85, host: pr-hdds-1898-9jx57-4170240974, networkLocation: /default-rack, certSerialId: null}0c311ac3-3334-459d-ab4e-72c3360f4a50{ip: 192.168.36.85, host: pr-hdds-1898-9jx57-4170240974, networkLocation: /default-rack, certSerialId: null}, Type:RATIS, Factor:THREE, State:CLOSED] moved to CLOSED state
2019-08-22 09:08:26,257 [Thread-519] INFO  impl.FollowerState (FollowerState.java:run(106)) - 009b6f07-dfd6-4718-924a-1817c3c071ab:group-0AD62743FED0 changes to CANDIDATE, lastRpcTime:5000, electionTimeout:5000ms
2019-08-22 09:08:26,257 [Thread-519] INFO  impl.RoleInfo (RoleInfo.java:shutdownFollowerState(121)) - 009b6f07-dfd6-4718-924a-1817c3c071ab: shutdown FollowerState
2019-08-22 09:08:26,257 [Thread-519] INFO  impl.RaftServerImpl (RaftServerImpl.java:setRole(171)) - 009b6f07-dfd6-4718-924a-1817c3c071ab:group-0AD62743FED0 changes role from FOLLOWER to CANDIDATE at term 0 for changeToCandidate
2019-08-22 09:08:26,257 [Thread-519] INFO  impl.RoleInfo (RoleInfo.java:updateAndGet(143)) - 009b6f07-dfd6-4718-924a-1817c3c071ab: start LeaderElection
2019-08-22 09:08:26,268 [0c311ac3-3334-459d-ab4e-72c3360f4a50-SegmentedRaftLogWorker:Storage Directory /workdir/hadoop-ozone/integration-test/target/test-dir/MiniOzoneClusterImpl-a9cd9c89-5187-449b-b29a-99b9e5034f78/datanode-2/data/ratis/49763a6d-6d4c-41b4-946a-1fc91baae003] INFO  segmented.SegmentedRaftLogWorker (SegmentedRaftLogWorker.java:execute(569)) - 0c311ac3-3334-459d-ab4e-72c3360f4a50-SegmentedRaftLogWorker:Storage Directory /workdir/hadoop-ozone/integration-test/target/test-dir/MiniOzoneClusterImpl-a9cd9c89-5187-449b-b29a-99b9e5034f78/datanode-2/data/ratis/49763a6d-6d4c-41b4-946a-1fc91baae003: created new log segment /workdir/hadoop-ozone/integration-test/target/test-dir/MiniOzoneClusterImpl-a9cd9c89-5187-449b-b29a-99b9e5034f78/datanode-2/data/ratis/49763a6d-6d4c-41b4-946a-1fc91baae003/current/log_inprogress_0
2019-08-22 09:08:26,291 [009b6f07-dfd6-4718-924a-1817c3c071ab:group-0AD62743FED0:LeaderElection18] INFO  impl.LeaderElection (LeaderElection.java:askForVotes(181)) - 009b6f07-dfd6-4718-924a-1817c3c071ab:group-0AD62743FED0:LeaderElection18: begin an election at term 1 for -1: [d02a13da-15f9-45c4-a762-6dfc7568bb22:192.168.36.85:35380, 009b6f07-dfd6-4718-924a-1817c3c071ab:192.168.36.85:36596, 0c311ac3-3334-459d-ab4e-72c3360f4a50:192.168.36.85:43460], old=null
2019-08-22 09:08:26,299 [grpc-default-executor-0] INFO  impl.RaftServerImpl (RaftServerImpl.java:setRole(171)) - 0c311ac3-3334-459d-ab4e-72c3360f4a50:group-0AD62743FED0 changes role from FOLLOWER to FOLLOWER at term 1 for recognizeCandidate:009b6f07-dfd6-4718-924a-1817c3c071ab
2019-08-22 09:08:26,299 [grpc-default-executor-1] INFO  impl.RaftServerImpl (RaftServerImpl.java:setRole(171)) - d02a13da-15f9-45c4-a762-6dfc7568bb22:group-0AD62743FED0 changes role from FOLLOWER to FOLLOWER at term 1 for recognizeCandidate:009b6f07-dfd6-4718-924a-1817c3c071ab
2019-08-22 09:08:26,300 [grpc-default-executor-0] INFO  impl.RoleInfo (RoleInfo.java:shutdownFollowerState(121)) - 0c311ac3-3334-459d-ab4e-72c3360f4a50: shutdown FollowerState
2019-08-22 09:08:26,300 [grpc-default-executor-1] INFO  impl.RoleInfo (RoleInfo.java:shutdownFollowerState(121)) - d02a13da-15f9-45c4-a762-6dfc7568bb22: shutdown FollowerState
2019-08-22 09:08:26,300 [grpc-default-executor-0] INFO  impl.RoleInfo (RoleInfo.java:updateAndGet(143)) - 0c311ac3-3334-459d-ab4e-72c3360f4a50: start FollowerState
2019-08-22 09:08:26,300 [grpc-default-executor-1] INFO  impl.RoleInfo (RoleInfo.java:updateAndGet(143)) - d02a13da-15f9-45c4-a762-6dfc7568bb22: start FollowerState
2019-08-22 09:08:26,300 [Thread-517] INFO  impl.FollowerState (FollowerState.java:run(114)) - d02a13da-15f9-45c4-a762-6dfc7568bb22: FollowerState was interrupted: java.lang.InterruptedException: sleep interrupted
2019-08-22 09:08:26,300 [Thread-516] INFO  impl.FollowerState (FollowerState.java:run(114)) - 0c311ac3-3334-459d-ab4e-72c3360f4a50: FollowerState was interrupted: java.lang.InterruptedException: sleep interrupted
2019-08-22 09:08:26,342 [009b6f07-dfd6-4718-924a-1817c3c071ab:group-0AD62743FED0:LeaderElection18] INFO  impl.LeaderElection (LeaderElection.java:logAndReturn(56)) - 009b6f07-dfd6-4718-924a-1817c3c071ab:group-0AD62743FED0:LeaderElection18: Election PASSED; received 1 response(s) [009b6f07-dfd6-4718-924a-1817c3c071ab<-0c311ac3-3334-459d-ab4e-72c3360f4a50#0:OK-t1] and 0 exception(s); 009b6f07-dfd6-4718-924a-1817c3c071ab:t1, leader=null, voted=009b6f07-dfd6-4718-924a-1817c3c071ab, raftlog=009b6f07-dfd6-4718-924a-1817c3c071ab-SegmentedRaftLog:OPENED:c-1,f-1,i0, conf=-1: [d02a13da-15f9-45c4-a762-6dfc7568bb22:192.168.36.85:35380, 009b6f07-dfd6-4718-924a-1817c3c071ab:192.168.36.85:36596, 0c311ac3-3334-459d-ab4e-72c3360f4a50:192.168.36.85:43460], old=null
2019-08-22 09:08:26,342 [009b6f07-dfd6-4718-924a-1817c3c071ab:group-0AD62743FED0:LeaderElection18] INFO  impl.RoleInfo (RoleInfo.java:shutdownLeaderElection(134)) - 009b6f07-dfd6-4718-924a-1817c3c071ab: shutdown LeaderElection
2019-08-22 09:08:26,346 [009b6f07-dfd6-4718-924a-1817c3c071ab:group-0AD62743FED0:LeaderElection18] INFO  impl.RaftServerImpl (RaftServerImpl.java:setRole(171)) - 009b6f07-dfd6-4718-924a-1817c3c071ab:group-0AD62743FED0 changes role from CANDIDATE to LEADER at term 1 for changeToLeader
2019-08-22 09:08:26,346 [009b6f07-dfd6-4718-924a-1817c3c071ab:group-0AD62743FED0:LeaderElection18] INFO  impl.RaftServerImpl (ServerState.java:setLeader(263)) - 009b6f07-dfd6-4718-924a-1817c3c071ab:group-0AD62743FED0 change Leader from null to 009b6f07-dfd6-4718-924a-1817c3c071ab at term 1 for becomeLeader, leader elected after 5100ms
2019-08-22 09:08:26,347 [009b6f07-dfd6-4718-924a-1817c3c071ab:group-0AD62743FED0:LeaderElection18] INFO  server.RaftServerConfigKeys (ConfUtils.java:logGet(43)) - raft.server.staging.catchup.gap = 1000 (default)
2019-08-22 09:08:26,347 [009b6f07-dfd6-4718-924a-1817c3c071ab:group-0AD62743FED0:LeaderElection18] INFO  server.RaftServerConfigKeys (ConfUtils.java:logGet(43)) - raft.server.rpc.sleep.time = 25ms (default)
2019-08-22 09:08:26,347 [009b6f07-dfd6-4718-924a-1817c3c071ab:group-0AD62743FED0:LeaderElection18] INFO  server.RaftServerConfigKeys (ConfUtils.java:logGet(43)) - raft.server.write.element-limit = 4096 (default)
2019-08-22 09:08:26,347 [009b6f07-dfd6-4718-924a-1817c3c071ab:group-0AD62743FED0:LeaderElection18] INFO  server.RaftServerConfigKeys (ConfUtils.java:logGet(43)) - raft.server.watch.timeout = 10s (default)
2019-08-22 09:08:26,348 [009b6f07-dfd6-4718-924a-1817c3c071ab:group-0AD62743FED0:LeaderElection18] INFO  server.RaftServerConfigKeys (ConfUtils.java:logGet(43)) - raft.server.watch.timeout.denomination = 1s (default)
2019-08-22 09:08:26,348 [009b6f07-dfd6-4718-924a-1817c3c071ab:group-0AD62743FED0:LeaderElection18] INFO  server.RaftServerConfigKeys (ConfUtils.java:logGet(43)) - raft.server.watch.element-limit = 65536 (default)
2019-08-22 09:08:26,348 [009b6f07-dfd6-4718-924a-1817c3c071ab:group-0AD62743FED0:LeaderElection18] INFO  server.RaftServerConfigKeys (ConfUtils.java:logGet(43)) - raft.server.log.appender.snapshot.chunk.size.max = 16MB (=16777216) (default)
2019-08-22 09:08:26,348 [009b6f07-dfd6-4718-924a-1817c3c071ab:group-0AD62743FED0:LeaderElection18] INFO  server.RaftServerConfigKeys (ConfUtils.java:logGet(43)) - raft.server.log.appender.buffer.byte-limit = 33554432 (custom)
2019-08-22 09:08:26,349 [009b6f07-dfd6-4718-924a-1817c3c071ab:group-0AD62743FED0:LeaderElection18] INFO  server.RaftServerConfigKeys (ConfUtils.java:logGet(43)) - raft.server.log.appender.buffer.element-limit = 1 (custom)
2019-08-22 09:08:26,349 [009b6f07-dfd6-4718-924a-1817c3c071ab:group-0AD62743FED0:LeaderElection18] INFO  grpc.GrpcConfigKeys$Server (ConfUtils.java:logGet(43)) - raft.grpc.server.leader.outstanding.appends.max = 128 (default)
2019-08-22 09:08:26,349 [009b6f07-dfd6-4718-924a-1817c3c071ab:group-0AD62743FED0:LeaderElection18] INFO  server.RaftServerConfigKeys (ConfUtils.java:logGet(43)) - raft.server.rpc.request.timeout = 3000ms (default)
2019-08-22 09:08:26,349 [009b6f07-dfd6-4718-924a-1817c3c071ab:group-0AD62743FED0:LeaderElection18] INFO  server.RaftServerConfigKeys (ConfUtils.java:logGet(43)) - raft.server.log.appender.install.snapshot.enabled = false (custom)
2019-08-22 09:08:26,350 [009b6f07-dfd6-4718-924a-1817c3c071ab:group-0AD62743FED0:LeaderElection18] INFO  server.RaftServerConfigKeys (ConfUtils.java:logGet(43)) - raft.server.log.appender.snapshot.chunk.size.max = 16MB (=16777216) (default)
2019-08-22 09:08:26,350 [009b6f07-dfd6-4718-924a-1817c3c071ab:group-0AD62743FED0:LeaderElection18] INFO  server.RaftServerConfigKeys (ConfUtils.java:logGet(43)) - raft.server.log.appender.buffer.byte-limit = 33554432 (custom)
2019-08-22 09:08:26,350 [009b6f07-dfd6-4718-924a-1817c3c071ab:group-0AD62743FED0:LeaderElection18] INFO  server.RaftServerConfigKeys (ConfUtils.java:logGet(43)) - raft.server.log.appender.buffer.element-limit = 1 (custom)
2019-08-22 09:08:26,350 [009b6f07-dfd6-4718-924a-1817c3c071ab:group-0AD62743FED0:LeaderElection18] INFO  grpc.GrpcConfigKeys$Server (ConfUtils.java:logGet(43)) - raft.grpc.server.leader.outstanding.appends.max = 128 (default)
2019-08-22 09:08:26,350 [009b6f07-dfd6-4718-924a-1817c3c071ab:group-0AD62743FED0:LeaderElection18] INFO  server.RaftServerConfigKeys (ConfUtils.java:logGet(43)) - raft.server.rpc.request.timeout = 3000ms (default)
2019-08-22 09:08:26,351 [009b6f07-dfd6-4718-924a-1817c3c071ab:group-0AD62743FED0:LeaderElection18] INFO  server.RaftServerConfigKeys (ConfUtils.java:logGet(43)) - raft.server.log.appender.install.snapshot.enabled = false (custom)
2019-08-22 09:08:26,351 [009b6f07-dfd6-4718-924a-1817c3c071ab:group-0AD62743FED0:LeaderElection18] INFO  impl.RoleInfo (RoleInfo.java:updateAndGet(143)) - 009b6f07-dfd6-4718-924a-1817c3c071ab: start LeaderState
2019-08-22 09:08:26,351 [009b6f07-dfd6-4718-924a-1817c3c071ab:group-0AD62743FED0:LeaderElection18] INFO  segmented.SegmentedRaftLogWorker (SegmentedRaftLogWorker.java:startLogSegment(380)) - 009b6f07-dfd6-4718-924a-1817c3c071ab-SegmentedRaftLogWorker:Storage Directory /workdir/hadoop-ozone/integration-test/target/test-dir/MiniOzoneClusterImpl-a9cd9c89-5187-449b-b29a-99b9e5034f78/datanode-0/data/ratis/657f8f81-6447-4214-b460-0ad62743fed0: Starting segment from index:0
2019-08-22 09:08:26,352 [009b6f07-dfd6-4718-924a-1817c3c071ab:group-0AD62743FED0:LeaderElection18] INFO  impl.RaftServerImpl (ServerState.java:setRaftConf(361)) - 009b6f07-dfd6-4718-924a-1817c3c071ab:group-0AD62743FED0 set configuration 0: [d02a13da-15f9-45c4-a762-6dfc7568bb22:192.168.36.85:35380, 009b6f07-dfd6-4718-924a-1817c3c071ab:192.168.36.85:36596, 0c311ac3-3334-459d-ab4e-72c3360f4a50:192.168.36.85:43460], old=null at 0
2019-08-22 09:08:26,395 [grpc-default-executor-0] INFO  impl.RaftServerImpl (ServerState.java:setLeader(263)) - 0c311ac3-3334-459d-ab4e-72c3360f4a50:group-0AD62743FED0 change Leader from null to 009b6f07-dfd6-4718-924a-1817c3c071ab at term 1 for appendEntries, leader elected after 5148ms
2019-08-22 09:08:26,395 [grpc-default-executor-1] INFO  impl.RaftServerImpl (ServerState.java:setLeader(263)) - d02a13da-15f9-45c4-a762-6dfc7568bb22:group-0AD62743FED0 change Leader from null to 009b6f07-dfd6-4718-924a-1817c3c071ab at term 1 for appendEntries, leader elected after 5148ms
2019-08-22 09:08:26,407 [009b6f07-dfd6-4718-924a-1817c3c071ab-SegmentedRaftLogWorker:Storage Directory /workdir/hadoop-ozone/integration-test/target/test-dir/MiniOzoneClusterImpl-a9cd9c89-5187-449b-b29a-99b9e5034f78/datanode-0/data/ratis/657f8f81-6447-4214-b460-0ad62743fed0] INFO  segmented.SegmentedRaftLogWorker (SegmentedRaftLogWorker.java:execute(569)) - 009b6f07-dfd6-4718-924a-1817c3c071ab-SegmentedRaftLogWorker:Storage Directory /workdir/hadoop-ozone/integration-test/target/test-dir/MiniOzoneClusterImpl-a9cd9c89-5187-449b-b29a-99b9e5034f78/datanode-0/data/ratis/657f8f81-6447-4214-b460-0ad62743fed0: created new log segment /workdir/hadoop-ozone/integration-test/target/test-dir/MiniOzoneClusterImpl-a9cd9c89-5187-449b-b29a-99b9e5034f78/datanode-0/data/ratis/657f8f81-6447-4214-b460-0ad62743fed0/current/log_inprogress_0
2019-08-22 09:08:26,425 [grpc-default-executor-1] INFO  impl.RaftServerImpl (ServerState.java:setRaftConf(361)) - 0c311ac3-3334-459d-ab4e-72c3360f4a50:group-0AD62743FED0 set configuration 0: [d02a13da-15f9-45c4-a762-6dfc7568bb22:192.168.36.85:35380, 009b6f07-dfd6-4718-924a-1817c3c071ab:192.168.36.85:36596, 0c311ac3-3334-459d-ab4e-72c3360f4a50:192.168.36.85:43460], old=null at 0
2019-08-22 09:08:26,425 [grpc-default-executor-0] INFO  impl.RaftServerImpl (ServerState.java:setRaftConf(361)) - d02a13da-15f9-45c4-a762-6dfc7568bb22:group-0AD62743FED0 set configuration 0: [d02a13da-15f9-45c4-a762-6dfc7568bb22:192.168.36.85:35380, 009b6f07-dfd6-4718-924a-1817c3c071ab:192.168.36.85:36596, 0c311ac3-3334-459d-ab4e-72c3360f4a50:192.168.36.85:43460], old=null at 0
2019-08-22 09:08:26,425 [grpc-default-executor-1] INFO  segmented.SegmentedRaftLogWorker (SegmentedRaftLogWorker.java:startLogSegment(380)) - 0c311ac3-3334-459d-ab4e-72c3360f4a50-SegmentedRaftLogWorker:Storage Directory /workdir/hadoop-ozone/integration-test/target/test-dir/MiniOzoneClusterImpl-a9cd9c89-5187-449b-b29a-99b9e5034f78/datanode-2/data/ratis/657f8f81-6447-4214-b460-0ad62743fed0: Starting segment from index:0
2019-08-22 09:08:26,425 [grpc-default-executor-0] INFO  segmented.SegmentedRaftLogWorker (SegmentedRaftLogWorker.java:startLogSegment(380)) - d02a13da-15f9-45c4-a762-6dfc7568bb22-SegmentedRaftLogWorker:Storage Directory /workdir/hadoop-ozone/integration-test/target/test-dir/MiniOzoneClusterImpl-a9cd9c89-5187-449b-b29a-99b9e5034f78/datanode-1/data/ratis/657f8f81-6447-4214-b460-0ad62743fed0: Starting segment from index:0
2019-08-22 09:08:26,482 [d02a13da-15f9-45c4-a762-6dfc7568bb22-SegmentedRaftLogWorker:Storage Directory /workdir/hadoop-ozone/integration-test/target/test-dir/MiniOzoneClusterImpl-a9cd9c89-5187-449b-b29a-99b9e5034f78/datanode-1/data/ratis/657f8f81-6447-4214-b460-0ad62743fed0] INFO  segmented.SegmentedRaftLogWorker (SegmentedRaftLogWorker.java:execute(569)) - d02a13da-15f9-45c4-a762-6dfc7568bb22-SegmentedRaftLogWorker:Storage Directory /workdir/hadoop-ozone/integration-test/target/test-dir/MiniOzoneClusterImpl-a9cd9c89-5187-449b-b29a-99b9e5034f78/datanode-1/data/ratis/657f8f81-6447-4214-b460-0ad62743fed0: created new log segment /workdir/hadoop-ozone/integration-test/target/test-dir/MiniOzoneClusterImpl-a9cd9c89-5187-449b-b29a-99b9e5034f78/datanode-1/data/ratis/657f8f81-6447-4214-b460-0ad62743fed0/current/log_inprogress_0
2019-08-22 09:08:26,482 [0c311ac3-3334-459d-ab4e-72c3360f4a50-SegmentedRaftLogWorker:Storage Directory /workdir/hadoop-ozone/integration-test/target/test-dir/MiniOzoneClusterImpl-a9cd9c89-5187-449b-b29a-99b9e5034f78/datanode-2/data/ratis/657f8f81-6447-4214-b460-0ad62743fed0] INFO  segmented.SegmentedRaftLogWorker (SegmentedRaftLogWorker.java:execute(569)) - 0c311ac3-3334-459d-ab4e-72c3360f4a50-SegmentedRaftLogWorker:Storage Directory /workdir/hadoop-ozone/integration-test/target/test-dir/MiniOzoneClusterImpl-a9cd9c89-5187-449b-b29a-99b9e5034f78/datanode-2/data/ratis/657f8f81-6447-4214-b460-0ad62743fed0: created new log segment /workdir/hadoop-ozone/integration-test/target/test-dir/MiniOzoneClusterImpl-a9cd9c89-5187-449b-b29a-99b9e5034f78/datanode-2/data/ratis/657f8f81-6447-4214-b460-0ad62743fed0/current/log_inprogress_0
2019-08-22 09:08:26,871 | INFO  | SCMAudit | user=jenkins1000 | ip=192.168.36.85 | op=SEND_HEARTBEAT {datanodeUUID=d02a13da-15f9-45c4-a762-6dfc7568bb22, command=[]} | ret=SUCCESS |  
2019-08-22 09:08:27,076 [Thread-332] INFO  ozoneimpl.OzoneContainer (OzoneContainer.java:stop(199)) - Attempting to stop container services.
2019-08-22 09:08:27,076 [Thread-332] INFO  impl.RaftServerProxy (RaftServerProxy.java:lambda$close$4(314)) - 009b6f07-dfd6-4718-924a-1817c3c071ab: close
2019-08-22 09:08:27,076 | INFO  | SCMAudit | user=jenkins1000 | ip=192.168.36.85 | op=SEND_HEARTBEAT {datanodeUUID=0c311ac3-3334-459d-ab4e-72c3360f4a50, command=[]} | ret=SUCCESS |  
2019-08-22 09:08:27,077 [Thread-332] INFO  impl.RaftServerImpl (RaftServerImpl.java:lambda$shutdown$3(245)) - 009b6f07-dfd6-4718-924a-1817c3c071ab: shutdown group-20E6B7042646
2019-08-22 09:08:27,077 [ForkJoinPool.commonPool-worker-1] INFO  impl.RaftServerImpl (RaftServerImpl.java:lambda$shutdown$3(245)) - 009b6f07-dfd6-4718-924a-1817c3c071ab: shutdown group-0AD62743FED0
2019-08-22 09:08:27,077 [Thread-332] INFO  util.JmxRegister (JmxRegister.java:unregister(73)) - Successfully un-registered JMX Bean with object name Ratis:service=RaftServer,group=group-20E6B7042646,id=009b6f07-dfd6-4718-924a-1817c3c071ab
2019-08-22 09:08:27,077 [ForkJoinPool.commonPool-worker-1] INFO  util.JmxRegister (JmxRegister.java:unregister(73)) - Successfully un-registered JMX Bean with object name Ratis:service=RaftServer,group=group-0AD62743FED0,id=009b6f07-dfd6-4718-924a-1817c3c071ab
2019-08-22 09:08:27,077 [Thread-332] INFO  impl.RoleInfo (RoleInfo.java:shutdownLeaderState(104)) - 009b6f07-dfd6-4718-924a-1817c3c071ab: shutdown LeaderState
2019-08-22 09:08:27,077 [ForkJoinPool.commonPool-worker-1] INFO  impl.RoleInfo (RoleInfo.java:shutdownLeaderState(104)) - 009b6f07-dfd6-4718-924a-1817c3c071ab: shutdown LeaderState
2019-08-22 09:08:27,078 [Thread-332] INFO  impl.PendingRequests (PendingRequests.java:sendNotLeaderResponses(202)) - 009b6f07-dfd6-4718-924a-1817c3c071ab-PendingRequests: sendNotLeaderResponses
2019-08-22 09:08:27,080 [ForkJoinPool.commonPool-worker-1] INFO  impl.PendingRequests (PendingRequests.java:sendNotLeaderResponses(202)) - 009b6f07-dfd6-4718-924a-1817c3c071ab-PendingRequests: sendNotLeaderResponses
2019-08-22 09:08:27,080 [Thread-332] INFO  impl.StateMachineUpdater (StateMachineUpdater.java:stopAndJoin(115)) - StateMachineUpdater:009b6f07-dfd6-4718-924a-1817c3c071ab:group-20E6B7042646: set stopIndex = 0
2019-08-22 09:08:27,080 [org.apache.ratis.server.impl.LogAppender$AppenderDaemon$$Lambda$381/359355756@72559df7] WARN  server.GrpcLogAppender (GrpcLogAppender.java:mayWait(143)) - GrpcLogAppender(009b6f07-dfd6-4718-924a-1817c3c071ab->d02a13da-15f9-45c4-a762-6dfc7568bb22): Wait interrupted by java.lang.InterruptedException
2019-08-22 09:08:27,080 [org.apache.ratis.server.impl.LogAppender$AppenderDaemon$$Lambda$381/359355756@37571dd9] WARN  server.GrpcLogAppender (GrpcLogAppender.java:mayWait(143)) - GrpcLogAppender(009b6f07-dfd6-4718-924a-1817c3c071ab->0c311ac3-3334-459d-ab4e-72c3360f4a50): Wait interrupted by java.lang.InterruptedException
2019-08-22 09:08:27,080 [Thread-332] INFO  impl.RaftServerImpl (ServerState.java:close(394)) - 009b6f07-dfd6-4718-924a-1817c3c071ab:group-20E6B7042646 closes. The last applied log index is 0
2019-08-22 09:08:27,080 [ForkJoinPool.commonPool-worker-1] INFO  impl.StateMachineUpdater (StateMachineUpdater.java:stopAndJoin(115)) - StateMachineUpdater:009b6f07-dfd6-4718-924a-1817c3c071ab:group-0AD62743FED0: set stopIndex = 0
2019-08-22 09:08:27,081 [ForkJoinPool.commonPool-worker-1] INFO  impl.RaftServerImpl (ServerState.java:close(394)) - 009b6f07-dfd6-4718-924a-1817c3c071ab:group-0AD62743FED0 closes. The last applied log index is 0
2019-08-22 09:08:27,081 [009b6f07-dfd6-4718-924a-1817c3c071ab-SegmentedRaftLogWorker:Storage Directory /workdir/hadoop-ozone/integration-test/target/test-dir/MiniOzoneClusterImpl-a9cd9c89-5187-449b-b29a-99b9e5034f78/datanode-0/data/ratis/9d8d7a5a-9eec-4a6e-a207-20e6b7042646] INFO  segmented.SegmentedRaftLogWorker (SegmentedRaftLogWorker.java:run(313)) - 009b6f07-dfd6-4718-924a-1817c3c071ab-SegmentedRaftLogWorker:Storage Directory /workdir/hadoop-ozone/integration-test/target/test-dir/MiniOzoneClusterImpl-a9cd9c89-5187-449b-b29a-99b9e5034f78/datanode-0/data/ratis/9d8d7a5a-9eec-4a6e-a207-20e6b7042646 was interrupted, exiting. There are 0 tasks remaining in the queue.
2019-08-22 09:08:27,081 [009b6f07-dfd6-4718-924a-1817c3c071ab-SegmentedRaftLogWorker:Storage Directory /workdir/hadoop-ozone/integration-test/target/test-dir/MiniOzoneClusterImpl-a9cd9c89-5187-449b-b29a-99b9e5034f78/datanode-0/data/ratis/657f8f81-6447-4214-b460-0ad62743fed0] INFO  segmented.SegmentedRaftLogWorker (SegmentedRaftLogWorker.java:run(313)) - 009b6f07-dfd6-4718-924a-1817c3c071ab-SegmentedRaftLogWorker:Storage Directory /workdir/hadoop-ozone/integration-test/target/test-dir/MiniOzoneClusterImpl-a9cd9c89-5187-449b-b29a-99b9e5034f78/datanode-0/data/ratis/657f8f81-6447-4214-b460-0ad62743fed0 was interrupted, exiting. There are 0 tasks remaining in the queue.
2019-08-22 09:08:27,083 [Thread-332] INFO  segmented.SegmentedRaftLogWorker (SegmentedRaftLogWorker.java:close(228)) - 009b6f07-dfd6-4718-924a-1817c3c071ab-SegmentedRaftLogWorker:Storage Directory /workdir/hadoop-ozone/integration-test/target/test-dir/MiniOzoneClusterImpl-a9cd9c89-5187-449b-b29a-99b9e5034f78/datanode-0/data/ratis/9d8d7a5a-9eec-4a6e-a207-20e6b7042646 close()
2019-08-22 09:08:27,083 [ForkJoinPool.commonPool-worker-1] INFO  segmented.SegmentedRaftLogWorker (SegmentedRaftLogWorker.java:close(228)) - 009b6f07-dfd6-4718-924a-1817c3c071ab-SegmentedRaftLogWorker:Storage Directory /workdir/hadoop-ozone/integration-test/target/test-dir/MiniOzoneClusterImpl-a9cd9c89-5187-449b-b29a-99b9e5034f78/datanode-0/data/ratis/657f8f81-6447-4214-b460-0ad62743fed0 close()
2019-08-22 09:08:27,082 [grpc-default-executor-0] INFO  server.GrpcServerProtocolService (GrpcServerProtocolService.java:onCompleted(104)) - 0c311ac3-3334-459d-ab4e-72c3360f4a50: appendEntries completed
2019-08-22 09:08:27,083 [grpc-default-executor-1] INFO  server.GrpcServerProtocolService (GrpcServerProtocolService.java:onCompleted(104)) - d02a13da-15f9-45c4-a762-6dfc7568bb22: appendEntries completed
2019-08-22 09:08:27,090 [Thread-332] INFO  server.GrpcService (GrpcService.java:closeImpl(155)) - 009b6f07-dfd6-4718-924a-1817c3c071ab: shutdown server with port 36596 now
2019-08-22 09:08:27,093 [Thread-332] INFO  server.GrpcService (GrpcService.java:closeImpl(163)) - 009b6f07-dfd6-4718-924a-1817c3c071ab: shutdown server with port 36596 successfully
2019-08-22 09:08:27,093 [grpc-default-executor-0] INFO  server.GrpcLogAppender (GrpcLogAppender.java:onCompleted(292)) - 009b6f07-dfd6-4718-924a-1817c3c071ab->d02a13da-15f9-45c4-a762-6dfc7568bb22: follower responses appendEntries COMPLETED
2019-08-22 09:08:27,093 [grpc-default-executor-1] INFO  server.GrpcLogAppender (GrpcLogAppender.java:onCompleted(292)) - 009b6f07-dfd6-4718-924a-1817c3c071ab->0c311ac3-3334-459d-ab4e-72c3360f4a50: follower responses appendEntries COMPLETED
2019-08-22 09:08:27,093 [grpc-default-executor-0] INFO  impl.FollowerInfo (FollowerInfo.java:lambda$new$0(50)) - 009b6f07-dfd6-4718-924a-1817c3c071ab->d02a13da-15f9-45c4-a762-6dfc7568bb22: nextIndex: updateUnconditionally 1 -> 0
2019-08-22 09:08:27,094 [grpc-default-executor-1] INFO  impl.FollowerInfo (FollowerInfo.java:lambda$new$0(50)) - 009b6f07-dfd6-4718-924a-1817c3c071ab->0c311ac3-3334-459d-ab4e-72c3360f4a50: nextIndex: updateUnconditionally 1 -> 0
2019-08-22 09:08:27,094 [Thread-332] INFO  utils.BackgroundService (BackgroundService.java:shutdown(148)) - Shutting down service BlockDeletingService
2019-08-22 09:08:27,095 [refreshUsed-/workdir/hadoop-ozone/integration-test/target/test-dir/MiniOzoneClusterImpl-a9cd9c89-5187-449b-b29a-99b9e5034f78/datanode-0/data/containers] WARN  fs.CachingGetSpaceUsed (CachingGetSpaceUsed.java:run(183)) - Thread Interrupted waiting to refresh disk information: sleep interrupted
2019-08-22 09:08:27,109 [Thread-332] INFO  statemachine.DatanodeStateMachine (DatanodeStateMachine.java:stopDaemon(395)) - Ozone container server stopped.
2019-08-22 09:08:27,111 [Thread-332] INFO  handler.ContextHandler (ContextHandler.java:doStop(910)) - Stopped o.e.j.w.WebAppContext@65c93ce4{/,null,UNAVAILABLE}{/hddsDatanode}
2019-08-22 09:08:27,112 [Thread-332] INFO  server.AbstractConnector (AbstractConnector.java:doStop(318)) - Stopped ServerConnector@5101bdee{HTTP/1.1,[http/1.1]}{0.0.0.0:0}
2019-08-22 09:08:27,113 [Thread-332] INFO  handler.ContextHandler (ContextHandler.java:doStop(910)) - Stopped o.e.j.s.ServletContextHandler@18e9809c{/static,jar:file:/home/user/.m2/repository/org/apache/hadoop/hadoop-hdds-container-service/0.5.0-SNAPSHOT/hadoop-hdds-container-service-0.5.0-SNAPSHOT.jar!/webapps/static,UNAVAILABLE}
2019-08-22 09:08:27,114 [Thread-332] INFO  handler.ContextHandler (ContextHandler.java:doStop(910)) - Stopped o.e.j.s.ServletContextHandler@75cf2ebe{/logs,file:///workdir/hadoop-ozone/integration-test/target/log,UNAVAILABLE}
2019-08-22 09:08:27,115 [Thread-332] INFO  datanode.ObjectStoreHandler (ObjectStoreHandler.java:close(155)) - Closing ObjectStoreHandler.
2019-08-22 09:08:27,115 [Thread-332] INFO  ozone.HddsDatanodeService (HddsDatanodeService.java:stop(451)) - Stopped plug-in org.apache.hadoop.ozone.web.OzoneHddsDatanodeService@58adbe89
2019-08-22 09:08:27,870 [Datanode State Machine Thread - 0] INFO  statemachine.DatanodeStateMachine (DatanodeStateMachine.java:lambda$startDaemon$0(350)) - Ozone container server started.
2019-08-22 09:08:28,077 | INFO  | SCMAudit | user=jenkins1000 | ip=192.168.36.85 | op=SEND_HEARTBEAT {datanodeUUID=0c311ac3-3334-459d-ab4e-72c3360f4a50, command=[]} | ret=SUCCESS |  
2019-08-22 09:08:29,077 | INFO  | SCMAudit | user=jenkins1000 | ip=192.168.36.85 | op=SEND_HEARTBEAT {datanodeUUID=0c311ac3-3334-459d-ab4e-72c3360f4a50, command=[]} | ret=SUCCESS |  
2019-08-22 09:08:30,077 | INFO  | SCMAudit | user=jenkins1000 | ip=192.168.36.85 | op=SEND_HEARTBEAT {datanodeUUID=0c311ac3-3334-459d-ab4e-72c3360f4a50, command=[]} | ret=SUCCESS |  
2019-08-22 09:08:31,077 | INFO  | SCMAudit | user=jenkins1000 | ip=192.168.36.85 | op=SEND_HEARTBEAT {datanodeUUID=0c311ac3-3334-459d-ab4e-72c3360f4a50, command=[]} | ret=SUCCESS |  
2019-08-22 09:08:32,078 | INFO  | SCMAudit | user=jenkins1000 | ip=192.168.36.85 | op=SEND_HEARTBEAT {datanodeUUID=0c311ac3-3334-459d-ab4e-72c3360f4a50, command=[]} | ret=SUCCESS |  
2019-08-22 09:08:32,115 [Thread-332] INFO  ozoneimpl.OzoneContainer (OzoneContainer.java:stop(199)) - Attempting to stop container services.
2019-08-22 09:08:32,116 [Thread-332] INFO  impl.RaftServerProxy (RaftServerProxy.java:lambda$close$4(314)) - d02a13da-15f9-45c4-a762-6dfc7568bb22: close
2019-08-22 09:08:32,116 [Thread-332] INFO  impl.RaftServerImpl (RaftServerImpl.java:lambda$shutdown$3(245)) - d02a13da-15f9-45c4-a762-6dfc7568bb22: shutdown group-0AD62743FED0
2019-08-22 09:08:32,117 [Thread-332] INFO  util.JmxRegister (JmxRegister.java:unregister(73)) - Successfully un-registered JMX Bean with object name Ratis:service=RaftServer,group=group-0AD62743FED0,id=d02a13da-15f9-45c4-a762-6dfc7568bb22
2019-08-22 09:08:32,117 [Thread-332] INFO  impl.RoleInfo (RoleInfo.java:shutdownFollowerState(121)) - d02a13da-15f9-45c4-a762-6dfc7568bb22: shutdown FollowerState
2019-08-22 09:08:32,117 [Thread-332] INFO  impl.StateMachineUpdater (StateMachineUpdater.java:stopAndJoin(115)) - StateMachineUpdater:d02a13da-15f9-45c4-a762-6dfc7568bb22:group-0AD62743FED0: set stopIndex = -1
2019-08-22 09:08:32,117 [Thread-535] INFO  impl.FollowerState (FollowerState.java:run(114)) - d02a13da-15f9-45c4-a762-6dfc7568bb22: FollowerState was interrupted: java.lang.InterruptedException: sleep interrupted
2019-08-22 09:08:32,117 [Thread-332] INFO  impl.RaftServerImpl (ServerState.java:close(394)) - d02a13da-15f9-45c4-a762-6dfc7568bb22:group-0AD62743FED0 closes. The last applied log index is -1
2019-08-22 09:08:32,119 [d02a13da-15f9-45c4-a762-6dfc7568bb22-SegmentedRaftLogWorker:Storage Directory /workdir/hadoop-ozone/integration-test/target/test-dir/MiniOzoneClusterImpl-a9cd9c89-5187-449b-b29a-99b9e5034f78/datanode-1/data/ratis/657f8f81-6447-4214-b460-0ad62743fed0] INFO  segmented.SegmentedRaftLogWorker (SegmentedRaftLogWorker.java:run(313)) - d02a13da-15f9-45c4-a762-6dfc7568bb22-SegmentedRaftLogWorker:Storage Directory /workdir/hadoop-ozone/integration-test/target/test-dir/MiniOzoneClusterImpl-a9cd9c89-5187-449b-b29a-99b9e5034f78/datanode-1/data/ratis/657f8f81-6447-4214-b460-0ad62743fed0 was interrupted, exiting. There are 0 tasks remaining in the queue.
2019-08-22 09:08:32,119 [Thread-332] INFO  segmented.SegmentedRaftLogWorker (SegmentedRaftLogWorker.java:close(228)) - d02a13da-15f9-45c4-a762-6dfc7568bb22-SegmentedRaftLogWorker:Storage Directory /workdir/hadoop-ozone/integration-test/target/test-dir/MiniOzoneClusterImpl-a9cd9c89-5187-449b-b29a-99b9e5034f78/datanode-1/data/ratis/657f8f81-6447-4214-b460-0ad62743fed0 close()
2019-08-22 09:08:32,120 [Thread-332] INFO  impl.RaftServerImpl (RaftServerImpl.java:lambda$shutdown$3(245)) - d02a13da-15f9-45c4-a762-6dfc7568bb22: shutdown group-A1477BB5BD47
2019-08-22 09:08:32,120 [Thread-332] INFO  util.JmxRegister (JmxRegister.java:unregister(73)) - Successfully un-registered JMX Bean with object name Ratis:service=RaftServer,group=group-A1477BB5BD47,id=d02a13da-15f9-45c4-a762-6dfc7568bb22
2019-08-22 09:08:32,121 [Thread-332] INFO  impl.RoleInfo (RoleInfo.java:shutdownLeaderState(104)) - d02a13da-15f9-45c4-a762-6dfc7568bb22: shutdown LeaderState
2019-08-22 09:08:32,121 [Thread-332] INFO  impl.PendingRequests (PendingRequests.java:sendNotLeaderResponses(202)) - d02a13da-15f9-45c4-a762-6dfc7568bb22-PendingRequests: sendNotLeaderResponses
2019-08-22 09:08:32,121 [Thread-332] INFO  impl.StateMachineUpdater (StateMachineUpdater.java:stopAndJoin(115)) - StateMachineUpdater:d02a13da-15f9-45c4-a762-6dfc7568bb22:group-A1477BB5BD47: set stopIndex = 0
2019-08-22 09:08:32,121 [Thread-332] INFO  impl.RaftServerImpl (ServerState.java:close(394)) - d02a13da-15f9-45c4-a762-6dfc7568bb22:group-A1477BB5BD47 closes. The last applied log index is 0
2019-08-22 09:08:32,122 [d02a13da-15f9-45c4-a762-6dfc7568bb22-SegmentedRaftLogWorker:Storage Directory /workdir/hadoop-ozone/integration-test/target/test-dir/MiniOzoneClusterImpl-a9cd9c89-5187-449b-b29a-99b9e5034f78/datanode-1/data/ratis/5352e5a5-57ef-44ea-8658-a1477bb5bd47] INFO  segmented.SegmentedRaftLogWorker (SegmentedRaftLogWorker.java:run(313)) - d02a13da-15f9-45c4-a762-6dfc7568bb22-SegmentedRaftLogWorker:Storage Directory /workdir/hadoop-ozone/integration-test/target/test-dir/MiniOzoneClusterImpl-a9cd9c89-5187-449b-b29a-99b9e5034f78/datanode-1/data/ratis/5352e5a5-57ef-44ea-8658-a1477bb5bd47 was interrupted, exiting. There are 0 tasks remaining in the queue.
2019-08-22 09:08:32,122 [Thread-332] INFO  segmented.SegmentedRaftLogWorker (SegmentedRaftLogWorker.java:close(228)) - d02a13da-15f9-45c4-a762-6dfc7568bb22-SegmentedRaftLogWorker:Storage Directory /workdir/hadoop-ozone/integration-test/target/test-dir/MiniOzoneClusterImpl-a9cd9c89-5187-449b-b29a-99b9e5034f78/datanode-1/data/ratis/5352e5a5-57ef-44ea-8658-a1477bb5bd47 close()
2019-08-22 09:08:32,123 [Thread-332] INFO  server.GrpcService (GrpcService.java:closeImpl(155)) - d02a13da-15f9-45c4-a762-6dfc7568bb22: shutdown server with port 35380 now
2019-08-22 09:08:32,123 [Thread-332] INFO  server.GrpcService (GrpcService.java:closeImpl(163)) - d02a13da-15f9-45c4-a762-6dfc7568bb22: shutdown server with port 35380 successfully
2019-08-22 09:08:32,124 [Thread-332] INFO  utils.BackgroundService (BackgroundService.java:shutdown(148)) - Shutting down service BlockDeletingService
2019-08-22 09:08:32,125 [refreshUsed-/workdir/hadoop-ozone/integration-test/target/test-dir/MiniOzoneClusterImpl-a9cd9c89-5187-449b-b29a-99b9e5034f78/datanode-1/data/containers] WARN  fs.CachingGetSpaceUsed (CachingGetSpaceUsed.java:run(183)) - Thread Interrupted waiting to refresh disk information: sleep interrupted
2019-08-22 09:08:32,142 [Thread-332] INFO  statemachine.DatanodeStateMachine (DatanodeStateMachine.java:stopDaemon(395)) - Ozone container server stopped.
2019-08-22 09:08:32,143 [Thread-332] INFO  handler.ContextHandler (ContextHandler.java:doStop(910)) - Stopped o.e.j.w.WebAppContext@74caa98b{/,null,UNAVAILABLE}{/hddsDatanode}
2019-08-22 09:08:32,143 [Thread-332] INFO  server.AbstractConnector (AbstractConnector.java:doStop(318)) - Stopped ServerConnector@d280166{HTTP/1.1,[http/1.1]}{0.0.0.0:0}
2019-08-22 09:08:32,144 [Thread-332] INFO  handler.ContextHandler (ContextHandler.java:doStop(910)) - Stopped o.e.j.s.ServletContextHandler@4b7efbdc{/static,jar:file:/home/user/.m2/repository/org/apache/hadoop/hadoop-hdds-container-service/0.5.0-SNAPSHOT/hadoop-hdds-container-service-0.5.0-SNAPSHOT.jar!/webapps/static,UNAVAILABLE}
2019-08-22 09:08:32,144 [Thread-332] INFO  handler.ContextHandler (ContextHandler.java:doStop(910)) - Stopped o.e.j.s.ServletContextHandler@2a1bd00e{/logs,file:///workdir/hadoop-ozone/integration-test/target/log,UNAVAILABLE}
2019-08-22 09:08:32,145 [Thread-332] INFO  datanode.ObjectStoreHandler (ObjectStoreHandler.java:close(155)) - Closing ObjectStoreHandler.
2019-08-22 09:08:32,146 [Thread-332] INFO  ozone.HddsDatanodeService (HddsDatanodeService.java:stop(451)) - Stopped plug-in org.apache.hadoop.ozone.web.OzoneHddsDatanodeService@77436232
2019-08-22 09:08:32,247 [EventQueue-StaleNodeForStaleNodeHandler] INFO  node.StaleNodeHandler (StaleNodeHandler.java:onMessage(58)) - Datanode d02a13da-15f9-45c4-a762-6dfc7568bb22{ip: 192.168.36.85, host: pr-hdds-1898-9jx57-4170240974, networkLocation: /default-rack, certSerialId: null} moved to stale state. Finalizing its pipelines [PipelineID=657f8f81-6447-4214-b460-0ad62743fed0, PipelineID=5352e5a5-57ef-44ea-8658-a1477bb5bd47]
2019-08-22 09:08:32,247 [EventQueue-StaleNodeForStaleNodeHandler] INFO  pipeline.SCMPipelineManager (SCMPipelineManager.java:finalizeAndDestroyPipeline(309)) - destroying pipeline:Pipeline[ Id: 657f8f81-6447-4214-b460-0ad62743fed0, Nodes: 009b6f07-dfd6-4718-924a-1817c3c071ab{ip: 192.168.36.85, host: pr-hdds-1898-9jx57-4170240974, networkLocation: /default-rack, certSerialId: null}d02a13da-15f9-45c4-a762-6dfc7568bb22{ip: 192.168.36.85, host: pr-hdds-1898-9jx57-4170240974, networkLocation: /default-rack, certSerialId: null}0c311ac3-3334-459d-ab4e-72c3360f4a50{ip: 192.168.36.85, host: pr-hdds-1898-9jx57-4170240974, networkLocation: /default-rack, certSerialId: null}, Type:RATIS, Factor:THREE, State:CLOSED]
2019-08-22 09:08:32,248 [EventQueue-StaleNodeForStaleNodeHandler] INFO  pipeline.SCMPipelineManager (SCMPipelineManager.java:finalizeAndDestroyPipeline(309)) - destroying pipeline:Pipeline[ Id: 5352e5a5-57ef-44ea-8658-a1477bb5bd47, Nodes: d02a13da-15f9-45c4-a762-6dfc7568bb22{ip: 192.168.36.85, host: pr-hdds-1898-9jx57-4170240974, networkLocation: /default-rack, certSerialId: null}, Type:RATIS, Factor:ONE, State:OPEN]
2019-08-22 09:08:32,248 [EventQueue-StaleNodeForStaleNodeHandler] INFO  pipeline.PipelineStateManager (PipelineStateManager.java:finalizePipeline(123)) - Pipeline Pipeline[ Id: 5352e5a5-57ef-44ea-8658-a1477bb5bd47, Nodes: d02a13da-15f9-45c4-a762-6dfc7568bb22{ip: 192.168.36.85, host: pr-hdds-1898-9jx57-4170240974, networkLocation: /default-rack, certSerialId: null}, Type:RATIS, Factor:ONE, State:CLOSED] moved to CLOSED state
2019-08-22 09:08:33,077 [Datanode State Machine Thread - 0] INFO  statemachine.DatanodeStateMachine (DatanodeStateMachine.java:lambda$startDaemon$0(350)) - Ozone container server started.
2019-08-22 09:08:36,408 [Thread-534] INFO  impl.FollowerState (FollowerState.java:run(106)) - 0c311ac3-3334-459d-ab4e-72c3360f4a50:group-0AD62743FED0 changes to CANDIDATE, lastRpcTime:9913, electionTimeout:5065ms
2019-08-22 09:08:36,408 [Thread-534] INFO  impl.RoleInfo (RoleInfo.java:shutdownFollowerState(121)) - 0c311ac3-3334-459d-ab4e-72c3360f4a50: shutdown FollowerState
2019-08-22 09:08:36,408 [Thread-534] INFO  impl.RaftServerImpl (RaftServerImpl.java:setRole(171)) - 0c311ac3-3334-459d-ab4e-72c3360f4a50:group-0AD62743FED0 changes role from FOLLOWER to CANDIDATE at term 1 for changeToCandidate
2019-08-22 09:08:36,409 [Thread-534] INFO  impl.RoleInfo (RoleInfo.java:updateAndGet(143)) - 0c311ac3-3334-459d-ab4e-72c3360f4a50: start LeaderElection
2019-08-22 09:08:36,410 [0c311ac3-3334-459d-ab4e-72c3360f4a50:group-0AD62743FED0:LeaderElection19] INFO  impl.RaftServerImpl (ServerState.java:setLeader(263)) - 0c311ac3-3334-459d-ab4e-72c3360f4a50:group-0AD62743FED0 change Leader from 009b6f07-dfd6-4718-924a-1817c3c071ab to null at term 1 for initElection
2019-08-22 09:08:36,425 [0c311ac3-3334-459d-ab4e-72c3360f4a50:group-0AD62743FED0:LeaderElection19] INFO  impl.LeaderElection (LeaderElection.java:askForVotes(181)) - 0c311ac3-3334-459d-ab4e-72c3360f4a50:group-0AD62743FED0:LeaderElection19: begin an election at term 2 for 0: [d02a13da-15f9-45c4-a762-6dfc7568bb22:192.168.36.85:35380, 009b6f07-dfd6-4718-924a-1817c3c071ab:192.168.36.85:36596, 0c311ac3-3334-459d-ab4e-72c3360f4a50:192.168.36.85:43460], old=null
2019-08-22 09:08:36,429 [0c311ac3-3334-459d-ab4e-72c3360f4a50:group-0AD62743FED0:LeaderElection19] INFO  impl.LeaderElection (LogUtils.java:infoOrTrace(149)) - 0c311ac3-3334-459d-ab4e-72c3360f4a50:group-0AD62743FED0:LeaderElection19 got exception when requesting votes: {}
java.util.concurrent.ExecutionException: org.apache.ratis.thirdparty.io.grpc.StatusRuntimeException: UNAVAILABLE: io exception
	at java.util.concurrent.FutureTask.report(FutureTask.java:122)
	at java.util.concurrent.FutureTask.get(FutureTask.java:192)
	at org.apache.ratis.server.impl.LeaderElection.waitForResults(LeaderElection.java:262)
	at org.apache.ratis.server.impl.LeaderElection.askForVotes(LeaderElection.java:200)
	at org.apache.ratis.server.impl.LeaderElection.run(LeaderElection.java:130)
	at java.lang.Thread.run(Thread.java:748)
Caused by: org.apache.ratis.thirdparty.io.grpc.StatusRuntimeException: UNAVAILABLE: io exception
	at org.apache.ratis.thirdparty.io.grpc.stub.ClientCalls.toStatusRuntimeException(ClientCalls.java:233)
	at org.apache.ratis.thirdparty.io.grpc.stub.ClientCalls.getUnchecked(ClientCalls.java:214)
	at org.apache.ratis.thirdparty.io.grpc.stub.ClientCalls.blockingUnaryCall(ClientCalls.java:139)
	at org.apache.ratis.proto.grpc.RaftServerProtocolServiceGrpc$RaftServerProtocolServiceBlockingStub.requestVote(RaftServerProtocolServiceGrpc.java:265)
	at org.apache.ratis.grpc.server.GrpcServerProtocolClient.requestVote(GrpcServerProtocolClient.java:83)
	at org.apache.ratis.grpc.server.GrpcService.requestVote(GrpcService.java:195)
	at org.apache.ratis.server.impl.LeaderElection.lambda$submitRequests$1(LeaderElection.java:237)
	at java.util.concurrent.FutureTask.run(FutureTask.java:266)
	at java.util.concurrent.Executors$RunnableAdapter.call(Executors.java:511)
	at java.util.concurrent.FutureTask.run(FutureTask.java:266)
	at java.util.concurrent.ThreadPoolExecutor.runWorker(ThreadPoolExecutor.java:1149)
	at java.util.concurrent.ThreadPoolExecutor$Worker.run(ThreadPoolExecutor.java:624)
	... 1 more
Caused by: org.apache.ratis.thirdparty.io.netty.channel.AbstractChannel$AnnotatedConnectException: Connection refused: /192.168.36.85:35380
	at sun.nio.ch.SocketChannelImpl.checkConnect(Native Method)
	at sun.nio.ch.SocketChannelImpl.finishConnect(SocketChannelImpl.java:717)
	at org.apache.ratis.thirdparty.io.netty.channel.socket.nio.NioSocketChannel.doFinishConnect(NioSocketChannel.java:327)
	at org.apache.ratis.thirdparty.io.netty.channel.nio.AbstractNioChannel$AbstractNioUnsafe.finishConnect(AbstractNioChannel.java:340)
	at org.apache.ratis.thirdparty.io.netty.channel.nio.NioEventLoop.processSelectedKey(NioEventLoop.java:632)
	at org.apache.ratis.thirdparty.io.netty.channel.nio.NioEventLoop.processSelectedKeysOptimized(NioEventLoop.java:579)
	at org.apache.ratis.thirdparty.io.netty.channel.nio.NioEventLoop.processSelectedKeys(NioEventLoop.java:496)
	at org.apache.ratis.thirdparty.io.netty.channel.nio.NioEventLoop.run(NioEventLoop.java:458)
	at org.apache.ratis.thirdparty.io.netty.util.concurrent.SingleThreadEventExecutor$5.run(SingleThreadEventExecutor.java:897)
	at org.apache.ratis.thirdparty.io.netty.util.concurrent.FastThreadLocalRunnable.run(FastThreadLocalRunnable.java:30)
	... 1 more
Caused by: java.net.ConnectException: Connection refused
	... 11 more
2019-08-22 09:08:36,431 [0c311ac3-3334-459d-ab4e-72c3360f4a50:group-0AD62743FED0:LeaderElection19] INFO  impl.LeaderElection (LogUtils.java:infoOrTrace(149)) - 0c311ac3-3334-459d-ab4e-72c3360f4a50:group-0AD62743FED0:LeaderElection19 got exception when requesting votes: {}
java.util.concurrent.ExecutionException: org.apache.ratis.thirdparty.io.grpc.StatusRuntimeException: UNAVAILABLE: io exception
	at java.util.concurrent.FutureTask.report(FutureTask.java:122)
	at java.util.concurrent.FutureTask.get(FutureTask.java:192)
	at org.apache.ratis.server.impl.LeaderElection.waitForResults(LeaderElection.java:262)
	at org.apache.ratis.server.impl.LeaderElection.askForVotes(LeaderElection.java:200)
	at org.apache.ratis.server.impl.LeaderElection.run(LeaderElection.java:130)
	at java.lang.Thread.run(Thread.java:748)
Caused by: org.apache.ratis.thirdparty.io.grpc.StatusRuntimeException: UNAVAILABLE: io exception
	at org.apache.ratis.thirdparty.io.grpc.stub.ClientCalls.toStatusRuntimeException(ClientCalls.java:233)
	at org.apache.ratis.thirdparty.io.grpc.stub.ClientCalls.getUnchecked(ClientCalls.java:214)
	at org.apache.ratis.thirdparty.io.grpc.stub.ClientCalls.blockingUnaryCall(ClientCalls.java:139)
	at org.apache.ratis.proto.grpc.RaftServerProtocolServiceGrpc$RaftServerProtocolServiceBlockingStub.requestVote(RaftServerProtocolServiceGrpc.java:265)
	at org.apache.ratis.grpc.server.GrpcServerProtocolClient.requestVote(GrpcServerProtocolClient.java:83)
	at org.apache.ratis.grpc.server.GrpcService.requestVote(GrpcService.java:195)
	at org.apache.ratis.server.impl.LeaderElection.lambda$submitRequests$1(LeaderElection.java:237)
	at java.util.concurrent.FutureTask.run(FutureTask.java:266)
	at java.util.concurrent.Executors$RunnableAdapter.call(Executors.java:511)
	at java.util.concurrent.FutureTask.run(FutureTask.java:266)
	at java.util.concurrent.ThreadPoolExecutor.runWorker(ThreadPoolExecutor.java:1149)
	at java.util.concurrent.ThreadPoolExecutor$Worker.run(ThreadPoolExecutor.java:624)
	... 1 more
Caused by: org.apache.ratis.thirdparty.io.netty.channel.AbstractChannel$AnnotatedConnectException: Connection refused: /192.168.36.85:36596
	at sun.nio.ch.SocketChannelImpl.checkConnect(Native Method)
	at sun.nio.ch.SocketChannelImpl.finishConnect(SocketChannelImpl.java:717)
	at org.apache.ratis.thirdparty.io.netty.channel.socket.nio.NioSocketChannel.doFinishConnect(NioSocketChannel.java:327)
	at org.apache.ratis.thirdparty.io.netty.channel.nio.AbstractNioChannel$AbstractNioUnsafe.finishConnect(AbstractNioChannel.java:340)
	at org.apache.ratis.thirdparty.io.netty.channel.nio.NioEventLoop.processSelectedKey(NioEventLoop.java:632)
	at org.apache.ratis.thirdparty.io.netty.channel.nio.NioEventLoop.processSelectedKeysOptimized(NioEventLoop.java:579)
	at org.apache.ratis.thirdparty.io.netty.channel.nio.NioEventLoop.processSelectedKeys(NioEventLoop.java:496)
	at org.apache.ratis.thirdparty.io.netty.channel.nio.NioEventLoop.run(NioEventLoop.java:458)
	at org.apache.ratis.thirdparty.io.netty.util.concurrent.SingleThreadEventExecutor$5.run(SingleThreadEventExecutor.java:897)
	at org.apache.ratis.thirdparty.io.netty.util.concurrent.FastThreadLocalRunnable.run(FastThreadLocalRunnable.java:30)
	... 1 more
Caused by: java.net.ConnectException: Connection refused
	... 11 more
2019-08-22 09:08:36,433 [0c311ac3-3334-459d-ab4e-72c3360f4a50:group-0AD62743FED0:LeaderElection19] INFO  impl.LeaderElection (LeaderElection.java:logAndReturn(56)) - 0c311ac3-3334-459d-ab4e-72c3360f4a50:group-0AD62743FED0:LeaderElection19: Election REJECTED; received 0 response(s) [] and 2 exception(s); 0c311ac3-3334-459d-ab4e-72c3360f4a50:t2, leader=null, voted=0c311ac3-3334-459d-ab4e-72c3360f4a50, raftlog=0c311ac3-3334-459d-ab4e-72c3360f4a50-SegmentedRaftLog:OPENED:c-1,f0,i0, conf=0: [d02a13da-15f9-45c4-a762-6dfc7568bb22:192.168.36.85:35380, 009b6f07-dfd6-4718-924a-1817c3c071ab:192.168.36.85:36596, 0c311ac3-3334-459d-ab4e-72c3360f4a50:192.168.36.85:43460], old=null
2019-08-22 09:08:36,433 [0c311ac3-3334-459d-ab4e-72c3360f4a50:group-0AD62743FED0:LeaderElection19] INFO  impl.LeaderElection (LogUtils.java:infoOrTrace(149)) -   Exception 0: {}
java.util.concurrent.ExecutionException: org.apache.ratis.thirdparty.io.grpc.StatusRuntimeException: UNAVAILABLE: io exception
	at java.util.concurrent.FutureTask.report(FutureTask.java:122)
	at java.util.concurrent.FutureTask.get(FutureTask.java:192)
	at org.apache.ratis.server.impl.LeaderElection.waitForResults(LeaderElection.java:262)
	at org.apache.ratis.server.impl.LeaderElection.askForVotes(LeaderElection.java:200)
	at org.apache.ratis.server.impl.LeaderElection.run(LeaderElection.java:130)
	at java.lang.Thread.run(Thread.java:748)
Caused by: org.apache.ratis.thirdparty.io.grpc.StatusRuntimeException: UNAVAILABLE: io exception
	at org.apache.ratis.thirdparty.io.grpc.stub.ClientCalls.toStatusRuntimeException(ClientCalls.java:233)
	at org.apache.ratis.thirdparty.io.grpc.stub.ClientCalls.getUnchecked(ClientCalls.java:214)
	at org.apache.ratis.thirdparty.io.grpc.stub.ClientCalls.blockingUnaryCall(ClientCalls.java:139)
	at org.apache.ratis.proto.grpc.RaftServerProtocolServiceGrpc$RaftServerProtocolServiceBlockingStub.requestVote(RaftServerProtocolServiceGrpc.java:265)
	at org.apache.ratis.grpc.server.GrpcServerProtocolClient.requestVote(GrpcServerProtocolClient.java:83)
	at org.apache.ratis.grpc.server.GrpcService.requestVote(GrpcService.java:195)
	at org.apache.ratis.server.impl.LeaderElection.lambda$submitRequests$1(LeaderElection.java:237)
	at java.util.concurrent.FutureTask.run(FutureTask.java:266)
	at java.util.concurrent.Executors$RunnableAdapter.call(Executors.java:511)
	at java.util.concurrent.FutureTask.run(FutureTask.java:266)
	at java.util.concurrent.ThreadPoolExecutor.runWorker(ThreadPoolExecutor.java:1149)
	at java.util.concurrent.ThreadPoolExecutor$Worker.run(ThreadPoolExecutor.java:624)
	... 1 more
Caused by: org.apache.ratis.thirdparty.io.netty.channel.AbstractChannel$AnnotatedConnectException: Connection refused: /192.168.36.85:35380
	at sun.nio.ch.SocketChannelImpl.checkConnect(Native Method)
	at sun.nio.ch.SocketChannelImpl.finishConnect(SocketChannelImpl.java:717)
	at org.apache.ratis.thirdparty.io.netty.channel.socket.nio.NioSocketChannel.doFinishConnect(NioSocketChannel.java:327)
	at org.apache.ratis.thirdparty.io.netty.channel.nio.AbstractNioChannel$AbstractNioUnsafe.finishConnect(AbstractNioChannel.java:340)
	at org.apache.ratis.thirdparty.io.netty.channel.nio.NioEventLoop.processSelectedKey(NioEventLoop.java:632)
	at org.apache.ratis.thirdparty.io.netty.channel.nio.NioEventLoop.processSelectedKeysOptimized(NioEventLoop.java:579)
	at org.apache.ratis.thirdparty.io.netty.channel.nio.NioEventLoop.processSelectedKeys(NioEventLoop.java:496)
	at org.apache.ratis.thirdparty.io.netty.channel.nio.NioEventLoop.run(NioEventLoop.java:458)
	at org.apache.ratis.thirdparty.io.netty.util.concurrent.SingleThreadEventExecutor$5.run(SingleThreadEventExecutor.java:897)
	at org.apache.ratis.thirdparty.io.netty.util.concurrent.FastThreadLocalRunnable.run(FastThreadLocalRunnable.java:30)
	... 1 more
Caused by: java.net.ConnectException: Connection refused
	... 11 more
2019-08-22 09:08:36,433 [0c311ac3-3334-459d-ab4e-72c3360f4a50:group-0AD62743FED0:LeaderElection19] INFO  impl.LeaderElection (LogUtils.java:infoOrTrace(149)) -   Exception 1: {}
java.util.concurrent.ExecutionException: org.apache.ratis.thirdparty.io.grpc.StatusRuntimeException: UNAVAILABLE: io exception
	at java.util.concurrent.FutureTask.report(FutureTask.java:122)
	at java.util.concurrent.FutureTask.get(FutureTask.java:192)
	at org.apache.ratis.server.impl.LeaderElection.waitForResults(LeaderElection.java:262)
	at org.apache.ratis.server.impl.LeaderElection.askForVotes(LeaderElection.java:200)
	at org.apache.ratis.server.impl.LeaderElection.run(LeaderElection.java:130)
	at java.lang.Thread.run(Thread.java:748)
Caused by: org.apache.ratis.thirdparty.io.grpc.StatusRuntimeException: UNAVAILABLE: io exception
	at org.apache.ratis.thirdparty.io.grpc.stub.ClientCalls.toStatusRuntimeException(ClientCalls.java:233)
	at org.apache.ratis.thirdparty.io.grpc.stub.ClientCalls.getUnchecked(ClientCalls.java:214)
	at org.apache.ratis.thirdparty.io.grpc.stub.ClientCalls.blockingUnaryCall(ClientCalls.java:139)
	at org.apache.ratis.proto.grpc.RaftServerProtocolServiceGrpc$RaftServerProtocolServiceBlockingStub.requestVote(RaftServerProtocolServiceGrpc.java:265)
	at org.apache.ratis.grpc.server.GrpcServerProtocolClient.requestVote(GrpcServerProtocolClient.java:83)
	at org.apache.ratis.grpc.server.GrpcService.requestVote(GrpcService.java:195)
	at org.apache.ratis.server.impl.LeaderElection.lambda$submitRequests$1(LeaderElection.java:237)
	at java.util.concurrent.FutureTask.run(FutureTask.java:266)
	at java.util.concurrent.Executors$RunnableAdapter.call(Executors.java:511)
	at java.util.concurrent.FutureTask.run(FutureTask.java:266)
	at java.util.concurrent.ThreadPoolExecutor.runWorker(ThreadPoolExecutor.java:1149)
	at java.util.concurrent.ThreadPoolExecutor$Worker.run(ThreadPoolExecutor.java:624)
	... 1 more
Caused by: org.apache.ratis.thirdparty.io.netty.channel.AbstractChannel$AnnotatedConnectException: Connection refused: /192.168.36.85:36596
	at sun.nio.ch.SocketChannelImpl.checkConnect(Native Method)
	at sun.nio.ch.SocketChannelImpl.finishConnect(SocketChannelImpl.java:717)
	at org.apache.ratis.thirdparty.io.netty.channel.socket.nio.NioSocketChannel.doFinishConnect(NioSocketChannel.java:327)
	at org.apache.ratis.thirdparty.io.netty.channel.nio.AbstractNioChannel$AbstractNioUnsafe.finishConnect(AbstractNioChannel.java:340)
	at org.apache.ratis.thirdparty.io.netty.channel.nio.NioEventLoop.processSelectedKey(NioEventLoop.java:632)
	at org.apache.ratis.thirdparty.io.netty.channel.nio.NioEventLoop.processSelectedKeysOptimized(NioEventLoop.java:579)
	at org.apache.ratis.thirdparty.io.netty.channel.nio.NioEventLoop.processSelectedKeys(NioEventLoop.java:496)
	at org.apache.ratis.thirdparty.io.netty.channel.nio.NioEventLoop.run(NioEventLoop.java:458)
	at org.apache.ratis.thirdparty.io.netty.util.concurrent.SingleThreadEventExecutor$5.run(SingleThreadEventExecutor.java:897)
	at org.apache.ratis.thirdparty.io.netty.util.concurrent.FastThreadLocalRunnable.run(FastThreadLocalRunnable.java:30)
	... 1 more
Caused by: java.net.ConnectException: Connection refused
	... 11 more
2019-08-22 09:08:36,434 [0c311ac3-3334-459d-ab4e-72c3360f4a50:group-0AD62743FED0:LeaderElection19] INFO  impl.RaftServerImpl (RaftServerImpl.java:setRole(171)) - 0c311ac3-3334-459d-ab4e-72c3360f4a50:group-0AD62743FED0 changes role from CANDIDATE to FOLLOWER at term 2 for DISCOVERED_A_NEW_TERM
2019-08-22 09:08:36,434 [0c311ac3-3334-459d-ab4e-72c3360f4a50:group-0AD62743FED0:LeaderElection19] INFO  impl.RoleInfo (RoleInfo.java:shutdownLeaderElection(134)) - 0c311ac3-3334-459d-ab4e-72c3360f4a50: shutdown LeaderElection
2019-08-22 09:08:36,434 [0c311ac3-3334-459d-ab4e-72c3360f4a50:group-0AD62743FED0:LeaderElection19] INFO  impl.RoleInfo (RoleInfo.java:updateAndGet(143)) - 0c311ac3-3334-459d-ab4e-72c3360f4a50: start FollowerState
2019-08-22 09:08:37,147 [Thread-332] INFO  ozoneimpl.OzoneContainer (OzoneContainer.java:stop(199)) - Attempting to stop container services.
2019-08-22 09:08:37,147 [Thread-332] INFO  impl.RaftServerProxy (RaftServerProxy.java:lambda$close$4(314)) - 0c311ac3-3334-459d-ab4e-72c3360f4a50: close
2019-08-22 09:08:37,148 [Thread-332] INFO  impl.RaftServerImpl (RaftServerImpl.java:lambda$shutdown$3(245)) - 0c311ac3-3334-459d-ab4e-72c3360f4a50: shutdown group-0AD62743FED0
2019-08-22 09:08:37,148 [Thread-332] INFO  util.JmxRegister (JmxRegister.java:unregister(73)) - Successfully un-registered JMX Bean with object name Ratis:service=RaftServer,group=group-0AD62743FED0,id=0c311ac3-3334-459d-ab4e-72c3360f4a50
2019-08-22 09:08:37,148 [Thread-332] INFO  impl.RoleInfo (RoleInfo.java:shutdownFollowerState(121)) - 0c311ac3-3334-459d-ab4e-72c3360f4a50: shutdown FollowerState
2019-08-22 09:08:37,148 [Thread-332] INFO  impl.StateMachineUpdater (StateMachineUpdater.java:stopAndJoin(115)) - StateMachineUpdater:0c311ac3-3334-459d-ab4e-72c3360f4a50:group-0AD62743FED0: set stopIndex = -1
2019-08-22 09:08:37,148 [Thread-548] INFO  impl.FollowerState (FollowerState.java:run(114)) - 0c311ac3-3334-459d-ab4e-72c3360f4a50: FollowerState was interrupted: java.lang.InterruptedException: sleep interrupted
2019-08-22 09:08:37,149 [Thread-332] INFO  impl.RaftServerImpl (ServerState.java:close(394)) - 0c311ac3-3334-459d-ab4e-72c3360f4a50:group-0AD62743FED0 closes. The last applied log index is -1
2019-08-22 09:08:37,150 [0c311ac3-3334-459d-ab4e-72c3360f4a50-SegmentedRaftLogWorker:Storage Directory /workdir/hadoop-ozone/integration-test/target/test-dir/MiniOzoneClusterImpl-a9cd9c89-5187-449b-b29a-99b9e5034f78/datanode-2/data/ratis/657f8f81-6447-4214-b460-0ad62743fed0] INFO  segmented.SegmentedRaftLogWorker (SegmentedRaftLogWorker.java:run(313)) - 0c311ac3-3334-459d-ab4e-72c3360f4a50-SegmentedRaftLogWorker:Storage Directory /workdir/hadoop-ozone/integration-test/target/test-dir/MiniOzoneClusterImpl-a9cd9c89-5187-449b-b29a-99b9e5034f78/datanode-2/data/ratis/657f8f81-6447-4214-b460-0ad62743fed0 was interrupted, exiting. There are 0 tasks remaining in the queue.
2019-08-22 09:08:37,151 [Thread-332] INFO  segmented.SegmentedRaftLogWorker (SegmentedRaftLogWorker.java:close(228)) - 0c311ac3-3334-459d-ab4e-72c3360f4a50-SegmentedRaftLogWorker:Storage Directory /workdir/hadoop-ozone/integration-test/target/test-dir/MiniOzoneClusterImpl-a9cd9c89-5187-449b-b29a-99b9e5034f78/datanode-2/data/ratis/657f8f81-6447-4214-b460-0ad62743fed0 close()
2019-08-22 09:08:37,152 [Thread-332] INFO  impl.RaftServerImpl (RaftServerImpl.java:lambda$shutdown$3(245)) - 0c311ac3-3334-459d-ab4e-72c3360f4a50: shutdown group-1FC91BAAE003
2019-08-22 09:08:37,152 [Thread-332] INFO  util.JmxRegister (JmxRegister.java:unregister(73)) - Successfully un-registered JMX Bean with object name Ratis:service=RaftServer,group=group-1FC91BAAE003,id=0c311ac3-3334-459d-ab4e-72c3360f4a50
2019-08-22 09:08:37,152 [Thread-332] INFO  impl.RoleInfo (RoleInfo.java:shutdownLeaderState(104)) - 0c311ac3-3334-459d-ab4e-72c3360f4a50: shutdown LeaderState
2019-08-22 09:08:37,152 [Thread-332] INFO  impl.PendingRequests (PendingRequests.java:sendNotLeaderResponses(202)) - 0c311ac3-3334-459d-ab4e-72c3360f4a50-PendingRequests: sendNotLeaderResponses
2019-08-22 09:08:37,153 [Thread-332] INFO  impl.StateMachineUpdater (StateMachineUpdater.java:stopAndJoin(115)) - StateMachineUpdater:0c311ac3-3334-459d-ab4e-72c3360f4a50:group-1FC91BAAE003: set stopIndex = 0
2019-08-22 09:08:37,153 [Thread-332] INFO  impl.RaftServerImpl (ServerState.java:close(394)) - 0c311ac3-3334-459d-ab4e-72c3360f4a50:group-1FC91BAAE003 closes. The last applied log index is 0
2019-08-22 09:08:37,153 [0c311ac3-3334-459d-ab4e-72c3360f4a50-SegmentedRaftLogWorker:Storage Directory /workdir/hadoop-ozone/integration-test/target/test-dir/MiniOzoneClusterImpl-a9cd9c89-5187-449b-b29a-99b9e5034f78/datanode-2/data/ratis/49763a6d-6d4c-41b4-946a-1fc91baae003] INFO  segmented.SegmentedRaftLogWorker (SegmentedRaftLogWorker.java:run(313)) - 0c311ac3-3334-459d-ab4e-72c3360f4a50-SegmentedRaftLogWorker:Storage Directory /workdir/hadoop-ozone/integration-test/target/test-dir/MiniOzoneClusterImpl-a9cd9c89-5187-449b-b29a-99b9e5034f78/datanode-2/data/ratis/49763a6d-6d4c-41b4-946a-1fc91baae003 was interrupted, exiting. There are 0 tasks remaining in the queue.
2019-08-22 09:08:37,154 [Thread-332] INFO  segmented.SegmentedRaftLogWorker (SegmentedRaftLogWorker.java:close(228)) - 0c311ac3-3334-459d-ab4e-72c3360f4a50-SegmentedRaftLogWorker:Storage Directory /workdir/hadoop-ozone/integration-test/target/test-dir/MiniOzoneClusterImpl-a9cd9c89-5187-449b-b29a-99b9e5034f78/datanode-2/data/ratis/49763a6d-6d4c-41b4-946a-1fc91baae003 close()
2019-08-22 09:08:37,155 [Thread-332] INFO  server.GrpcService (GrpcService.java:closeImpl(155)) - 0c311ac3-3334-459d-ab4e-72c3360f4a50: shutdown server with port 43460 now
2019-08-22 09:08:37,156 [Thread-332] INFO  server.GrpcService (GrpcService.java:closeImpl(163)) - 0c311ac3-3334-459d-ab4e-72c3360f4a50: shutdown server with port 43460 successfully
2019-08-22 09:08:37,157 [Thread-332] INFO  utils.BackgroundService (BackgroundService.java:shutdown(148)) - Shutting down service BlockDeletingService
2019-08-22 09:08:37,159 [refreshUsed-/workdir/hadoop-ozone/integration-test/target/test-dir/MiniOzoneClusterImpl-a9cd9c89-5187-449b-b29a-99b9e5034f78/datanode-2/data/containers] WARN  fs.CachingGetSpaceUsed (CachingGetSpaceUsed.java:run(183)) - Thread Interrupted waiting to refresh disk information: sleep interrupted
2019-08-22 09:08:37,171 [Thread-332] INFO  statemachine.DatanodeStateMachine (DatanodeStateMachine.java:stopDaemon(395)) - Ozone container server stopped.
2019-08-22 09:08:37,172 [Thread-332] INFO  handler.ContextHandler (ContextHandler.java:doStop(910)) - Stopped o.e.j.w.WebAppContext@222c28e6{/,null,UNAVAILABLE}{/hddsDatanode}
2019-08-22 09:08:37,172 [Thread-332] INFO  server.AbstractConnector (AbstractConnector.java:doStop(318)) - Stopped ServerConnector@4c2cc203{HTTP/1.1,[http/1.1]}{0.0.0.0:0}
2019-08-22 09:08:37,172 [Thread-332] INFO  handler.ContextHandler (ContextHandler.java:doStop(910)) - Stopped o.e.j.s.ServletContextHandler@33d15f33{/static,jar:file:/home/user/.m2/repository/org/apache/hadoop/hadoop-hdds-container-service/0.5.0-SNAPSHOT/hadoop-hdds-container-service-0.5.0-SNAPSHOT.jar!/webapps/static,UNAVAILABLE}
2019-08-22 09:08:37,173 [Thread-332] INFO  handler.ContextHandler (ContextHandler.java:doStop(910)) - Stopped o.e.j.s.ServletContextHandler@442ec479{/logs,file:///workdir/hadoop-ozone/integration-test/target/log,UNAVAILABLE}
2019-08-22 09:08:37,177 [Thread-332] INFO  impl.MetricsSystemImpl (MetricsSystemImpl.java:init(158)) - HddsDatanode metrics system started (again)
2019-08-22 09:08:37,224 [Thread-332] INFO  ozone.HddsDatanodeService (HddsDatanodeService.java:start(184)) - HddsDatanodeService host:pr-hdds-1898-9jx57-4170240974 ip:192.168.36.85
2019-08-22 09:08:37,227 [Thread-332] INFO  volume.VolumeUsage (VolumeUsage.java:loadScmUsed(144)) - Cached ScmUsed found for /workdir/hadoop-ozone/integration-test/target/test-dir/MiniOzoneClusterImpl-a9cd9c89-5187-449b-b29a-99b9e5034f78/datanode-0/data/containers : 4096 
2019-08-22 09:08:37,227 [Thread-332] INFO  volume.HddsVolume (HddsVolume.java:<init>(176)) - Creating Volume: /workdir/hadoop-ozone/integration-test/target/test-dir/MiniOzoneClusterImpl-a9cd9c89-5187-449b-b29a-99b9e5034f78/datanode-0/data/containers/hdds of  storage type : DISK and capacity : 1482555576320
2019-08-22 09:08:37,228 [Thread-332] INFO  volume.VolumeSet (VolumeSet.java:initializeVolumeSet(170)) - Added Volume : /workdir/hadoop-ozone/integration-test/target/test-dir/MiniOzoneClusterImpl-a9cd9c89-5187-449b-b29a-99b9e5034f78/datanode-0/data/containers/hdds to VolumeSet
2019-08-22 09:08:37,228 [Thread-332] INFO  volume.ThrottledAsyncChecker (ThrottledAsyncChecker.java:schedule(140)) - Scheduling a check for org.apache.hadoop.ozone.container.common.volume.HddsVolume@74b0ec84
2019-08-22 09:08:37,229 [Thread-332] INFO  volume.HddsVolumeChecker (HddsVolumeChecker.java:checkAllVolumes(203)) - Scheduled health check for volume org.apache.hadoop.ozone.container.common.volume.HddsVolume@74b0ec84
2019-08-22 09:08:37,248 [Thread-332] INFO  impl.RaftServerProxy (ConfUtils.java:logGet(43)) - raft.rpc.type = GRPC (default)
2019-08-22 09:08:37,248 [Thread-332] INFO  grpc.GrpcFactory (GrpcFactory.java:checkPooledByteBufAllocatorUseCacheForAllThreads(45)) - PERFORMANCE WARNING: useCacheForAllThreads is true that may cause Netty to create a lot garbage objects and, as a result, trigger GC.
	It is recommended to disable useCacheForAllThreads by setting -Dorg.apache.ratis.thirdparty.io.netty.allocator.useCacheForAllThreads=false in command line.
2019-08-22 09:08:37,248 [Thread-332] INFO  grpc.GrpcConfigKeys$Server (ConfUtils.java:logGet(43)) - raft.grpc.server.port = 36596 (custom)
2019-08-22 09:08:37,248 [EventQueue-StaleNodeForStaleNodeHandler] INFO  node.StaleNodeHandler (StaleNodeHandler.java:onMessage(58)) - Datanode 0c311ac3-3334-459d-ab4e-72c3360f4a50{ip: 192.168.36.85, host: pr-hdds-1898-9jx57-4170240974, networkLocation: /default-rack, certSerialId: null} moved to stale state. Finalizing its pipelines [PipelineID=657f8f81-6447-4214-b460-0ad62743fed0, PipelineID=49763a6d-6d4c-41b4-946a-1fc91baae003]
2019-08-22 09:08:37,248 [Thread-332] INFO  server.GrpcService (ConfUtils.java:logGet(43)) - raft.grpc.message.size.max = 33570816 (custom)
2019-08-22 09:08:37,248 [EventQueue-StaleNodeForStaleNodeHandler] INFO  pipeline.SCMPipelineManager (SCMPipelineManager.java:finalizeAndDestroyPipeline(309)) - destroying pipeline:Pipeline[ Id: 657f8f81-6447-4214-b460-0ad62743fed0, Nodes: 009b6f07-dfd6-4718-924a-1817c3c071ab{ip: 192.168.36.85, host: pr-hdds-1898-9jx57-4170240974, networkLocation: /default-rack, certSerialId: null}d02a13da-15f9-45c4-a762-6dfc7568bb22{ip: 192.168.36.85, host: pr-hdds-1898-9jx57-4170240974, networkLocation: /default-rack, certSerialId: null}0c311ac3-3334-459d-ab4e-72c3360f4a50{ip: 192.168.36.85, host: pr-hdds-1898-9jx57-4170240974, networkLocation: /default-rack, certSerialId: null}, Type:RATIS, Factor:THREE, State:CLOSED]
2019-08-22 09:08:37,249 [Thread-332] INFO  server.RaftServerConfigKeys (ConfUtils.java:logGet(43)) - raft.server.log.appender.buffer.byte-limit = 33554432 (custom)
2019-08-22 09:08:37,249 [EventQueue-StaleNodeForStaleNodeHandler] INFO  pipeline.SCMPipelineManager (SCMPipelineManager.java:finalizeAndDestroyPipeline(309)) - destroying pipeline:Pipeline[ Id: 49763a6d-6d4c-41b4-946a-1fc91baae003, Nodes: 0c311ac3-3334-459d-ab4e-72c3360f4a50{ip: 192.168.36.85, host: pr-hdds-1898-9jx57-4170240974, networkLocation: /default-rack, certSerialId: null}, Type:RATIS, Factor:ONE, State:OPEN]
2019-08-22 09:08:37,249 [Thread-332] INFO  server.GrpcService (ConfUtils.java:logGet(43)) - raft.grpc.flow.control.window = 1MB (=1048576) (default)
2019-08-22 09:08:37,249 [EventQueue-StaleNodeForStaleNodeHandler] INFO  pipeline.PipelineStateManager (PipelineStateManager.java:finalizePipeline(123)) - Pipeline Pipeline[ Id: 49763a6d-6d4c-41b4-946a-1fc91baae003, Nodes: 0c311ac3-3334-459d-ab4e-72c3360f4a50{ip: 192.168.36.85, host: pr-hdds-1898-9jx57-4170240974, networkLocation: /default-rack, certSerialId: null}, Type:RATIS, Factor:ONE, State:CLOSED] moved to CLOSED state
2019-08-22 09:08:37,249 [Thread-332] INFO  server.RaftServerConfigKeys (ConfUtils.java:logGet(43)) - raft.server.rpc.request.timeout = 3000ms (default)
2019-08-22 09:08:37,250 [Thread-332] INFO  server.RaftServerConfigKeys (ConfUtils.java:logGet(43)) - raft.server.storage.dir = [/workdir/hadoop-ozone/integration-test/target/test-dir/MiniOzoneClusterImpl-a9cd9c89-5187-449b-b29a-99b9e5034f78/datanode-0/data/ratis] (custom)
2019-08-22 09:08:37,250 [Thread-332] INFO  impl.RaftServerProxy (RaftServerProxy.java:lambda$null$0(191)) - 009b6f07-dfd6-4718-924a-1817c3c071ab: found a subdirectory /workdir/hadoop-ozone/integration-test/target/test-dir/MiniOzoneClusterImpl-a9cd9c89-5187-449b-b29a-99b9e5034f78/datanode-0/data/ratis/9d8d7a5a-9eec-4a6e-a207-20e6b7042646
2019-08-22 09:08:37,252 [Thread-332] INFO  impl.RaftServerProxy (RaftServerProxy.java:addNew(89)) - 009b6f07-dfd6-4718-924a-1817c3c071ab: addNew group-20E6B7042646:[] returns group-20E6B7042646:java.util.concurrent.CompletableFuture@1ed1fb38[Not completed]
2019-08-22 09:08:37,252 [Thread-332] INFO  impl.RaftServerProxy (RaftServerProxy.java:lambda$null$0(191)) - 009b6f07-dfd6-4718-924a-1817c3c071ab: found a subdirectory /workdir/hadoop-ozone/integration-test/target/test-dir/MiniOzoneClusterImpl-a9cd9c89-5187-449b-b29a-99b9e5034f78/datanode-0/data/ratis/657f8f81-6447-4214-b460-0ad62743fed0
2019-08-22 09:08:37,252 [Thread-332] INFO  impl.RaftServerProxy (RaftServerProxy.java:addNew(89)) - 009b6f07-dfd6-4718-924a-1817c3c071ab: addNew group-0AD62743FED0:[] returns group-0AD62743FED0:java.util.concurrent.CompletableFuture@2b66c598[Not completed]
2019-08-22 09:08:37,253 [Thread-332] INFO  replication.SimpleContainerDownloader (SimpleContainerDownloader.java:<init>(72)) - Starting container downloader service to copy containers to replicate.
2019-08-22 09:08:37,254 [Thread-332] INFO  hdfs.DFSUtil (DFSUtil.java:httpServerTemplateForNNAndJN(1641)) - Starting Web-server for hddsDatanode at: http://0.0.0.0:43730
2019-08-22 09:08:37,254 [pool-148-thread-1] INFO  impl.RaftServerImpl (RaftServerImpl.java:<init>(93)) - 009b6f07-dfd6-4718-924a-1817c3c071ab: new RaftServerImpl for group-20E6B7042646:[] with ContainerStateMachine:uninitialized
2019-08-22 09:08:37,255 [pool-148-thread-1] INFO  server.RaftServerConfigKeys (ConfUtils.java:logGet(43)) - raft.server.rpc.timeout.min = 5s (custom)
2019-08-22 09:08:37,255 [pool-148-thread-1] INFO  server.RaftServerConfigKeys (ConfUtils.java:logGet(43)) - raft.server.rpc.timeout.max = 5200ms (custom)
2019-08-22 09:08:37,255 [pool-148-thread-1] INFO  server.RaftServerConfigKeys (ConfUtils.java:logGet(43)) - raft.server.rpcslowness.timeout = 120s (custom)
2019-08-22 09:08:37,255 [Thread-332] INFO  server.AuthenticationFilter (AuthenticationFilter.java:constructSecretProvider(240)) - Unable to initialize FileSignerSecretProvider, falling back to use random secrets.
2019-08-22 09:08:37,256 [pool-148-thread-1] INFO  server.RaftServerConfigKeys (ConfUtils.java:logGet(43)) - raft.server.sleep.deviation.threshold = 300 (default)
2019-08-22 09:08:37,256 [pool-148-thread-1] INFO  server.RaftServerConfigKeys (ConfUtils.java:logGet(43)) - raft.server.log.appender.install.snapshot.enabled = false (custom)
2019-08-22 09:08:37,256 [Thread-332] WARN  http.HttpRequestLog (HttpRequestLog.java:getRequestLog(97)) - Jetty request log can only be enabled using Log4j
2019-08-22 09:08:37,256 [pool-148-thread-1] INFO  impl.RaftServerImpl (ServerState.java:<init>(105)) - 009b6f07-dfd6-4718-924a-1817c3c071ab:group-20E6B7042646 ConfigurationManager, init=-1: [], old=null, confs=<EMPTY_MAP>
2019-08-22 09:08:37,257 [pool-148-thread-1] INFO  server.RaftServerConfigKeys (ConfUtils.java:logGet(43)) - raft.server.storage.dir = [/workdir/hadoop-ozone/integration-test/target/test-dir/MiniOzoneClusterImpl-a9cd9c89-5187-449b-b29a-99b9e5034f78/datanode-0/data/ratis] (custom)
2019-08-22 09:08:37,257 [Thread-332] INFO  http.HttpServer2 (HttpServer2.java:addGlobalFilter(975)) - Added global filter 'safety' (class=org.apache.hadoop.http.HttpServer2$QuotingInputFilter)
2019-08-22 09:08:37,258 [Thread-332] INFO  http.HttpServer2 (HttpServer2.java:addFilter(948)) - Added filter static_user_filter (class=org.apache.hadoop.http.lib.StaticUserWebFilter$StaticUserFilter) to context hddsDatanode
2019-08-22 09:08:37,258 [Thread-332] INFO  http.HttpServer2 (HttpServer2.java:addFilter(958)) - Added filter static_user_filter (class=org.apache.hadoop.http.lib.StaticUserWebFilter$StaticUserFilter) to context logs
2019-08-22 09:08:37,258 [Thread-332] INFO  http.HttpServer2 (HttpServer2.java:addFilter(958)) - Added filter static_user_filter (class=org.apache.hadoop.http.lib.StaticUserWebFilter$StaticUserFilter) to context static
2019-08-22 09:08:37,259 [Thread-332] INFO  http.HttpServer2 (HttpServer2.java:bindListener(1191)) - Jetty bound to port 43730
2019-08-22 09:08:37,259 [Thread-332] INFO  server.Server (Server.java:doStart(351)) - jetty-9.3.24.v20180605, build timestamp: 2018-06-05T17:11:56Z, git hash: 84205aa28f11a4f31f2a3b86d1bba2cc8ab69827
2019-08-22 09:08:37,261 [Thread-332] INFO  handler.ContextHandler (ContextHandler.java:doStart(781)) - Started o.e.j.s.ServletContextHandler@5c25fd2c{/logs,file:///workdir/hadoop-ozone/integration-test/target/log,AVAILABLE}
2019-08-22 09:08:37,261 [Thread-332] INFO  handler.ContextHandler (ContextHandler.java:doStart(781)) - Started o.e.j.s.ServletContextHandler@7bdba515{/static,jar:file:/home/user/.m2/repository/org/apache/hadoop/hadoop-hdds-container-service/0.5.0-SNAPSHOT/hadoop-hdds-container-service-0.5.0-SNAPSHOT.jar!/webapps/static,AVAILABLE}
2019-08-22 09:08:37,280 [pool-148-thread-1] INFO  storage.RaftStorageDirectory (RaftStorageDirectory.java:tryLock(328)) - Lock on /workdir/hadoop-ozone/integration-test/target/test-dir/MiniOzoneClusterImpl-a9cd9c89-5187-449b-b29a-99b9e5034f78/datanode-0/data/ratis/9d8d7a5a-9eec-4a6e-a207-20e6b7042646/in_use.lock acquired by nodename 4932@pr-hdds-1898-9jx57-4170240974
2019-08-22 09:08:37,282 [pool-148-thread-1] INFO  ratis.ContainerStateMachine (ContainerStateMachine.java:loadSnapshot(226)) - group-20E6B7042646: The snapshot info is null. Setting the last applied indexto:(t:0, i:~)
2019-08-22 09:08:37,282 [pool-148-thread-1] INFO  server.RaftServerConfigKeys (ConfUtils.java:logGet(43)) - raft.server.leader.election.timeout = 120s (custom)
2019-08-22 09:08:37,282 [pool-148-thread-1] INFO  server.RaftServerConfigKeys (ConfUtils.java:logGet(43)) - raft.server.log.use.memory = false (default)
2019-08-22 09:08:37,282 [pool-148-thread-1] INFO  server.RaftServerConfigKeys (ConfUtils.java:logGet(43)) - raft.server.log.purge.gap = 1000000 (custom)
2019-08-22 09:08:37,282 [pool-148-thread-1] INFO  server.RaftServerConfigKeys (ConfUtils.java:logGet(43)) - raft.server.log.appender.buffer.byte-limit = 33554432 (custom)
2019-08-22 09:08:37,282 [pool-148-thread-1] INFO  server.RaftServerConfigKeys (ConfUtils.java:logGet(43)) - raft.server.log.segment.size.max = 1048576 (custom)
2019-08-22 09:08:37,283 [pool-148-thread-1] INFO  server.RaftServerConfigKeys (ConfUtils.java:logGet(43)) - raft.server.log.segment.cache.num.max = 2 (custom)
2019-08-22 09:08:37,283 [pool-148-thread-1] INFO  segmented.SegmentedRaftLogWorker (SegmentedRaftLogWorker.java:<init>(172)) - new 009b6f07-dfd6-4718-924a-1817c3c071ab-SegmentedRaftLogWorker:Storage Directory /workdir/hadoop-ozone/integration-test/target/test-dir/MiniOzoneClusterImpl-a9cd9c89-5187-449b-b29a-99b9e5034f78/datanode-0/data/ratis/9d8d7a5a-9eec-4a6e-a207-20e6b7042646 for RaftStorage:Storage Directory /workdir/hadoop-ozone/integration-test/target/test-dir/MiniOzoneClusterImpl-a9cd9c89-5187-449b-b29a-99b9e5034f78/datanode-0/data/ratis/9d8d7a5a-9eec-4a6e-a207-20e6b7042646
2019-08-22 09:08:37,283 [pool-148-thread-1] INFO  server.RaftServerConfigKeys (ConfUtils.java:logGet(43)) - raft.server.log.queue.byte-limit = 2147483647 (custom)
2019-08-22 09:08:37,283 [pool-148-thread-1] INFO  server.RaftServerConfigKeys (ConfUtils.java:logGet(43)) - raft.server.log.queue.element-limit = 1024 (custom)
2019-08-22 09:08:37,283 [pool-148-thread-1] INFO  server.RaftServerConfigKeys (ConfUtils.java:logGet(43)) - raft.server.log.segment.size.max = 1048576 (custom)
2019-08-22 09:08:37,283 [pool-148-thread-1] INFO  server.RaftServerConfigKeys (ConfUtils.java:logGet(43)) - raft.server.log.preallocated.size = 16384 (custom)
2019-08-22 09:08:37,283 [pool-148-thread-1] INFO  server.RaftServerConfigKeys (ConfUtils.java:logGet(43)) - raft.server.log.write.buffer.size = 33554432 (custom)
2019-08-22 09:08:37,283 [pool-148-thread-1] INFO  server.RaftServerConfigKeys (ConfUtils.java:logGet(43)) - raft.server.log.force.sync.num = 128 (default)
2019-08-22 09:08:37,284 [pool-148-thread-1] INFO  server.RaftServerConfigKeys (ConfUtils.java:logGet(43)) - raft.server.log.statemachine.data.sync = true (default)
2019-08-22 09:08:37,284 [pool-148-thread-1] INFO  server.RaftServerConfigKeys (ConfUtils.java:logGet(43)) - raft.server.log.statemachine.data.sync.timeout = 10s (default)
2019-08-22 09:08:37,284 [pool-148-thread-1] INFO  server.RaftServerConfigKeys (ConfUtils.java:logGet(43)) - raft.server.log.statemachine.data.sync.timeout.retry = -1 (default)
2019-08-22 09:08:37,284 [pool-148-thread-1] INFO  server.RaftServerConfigKeys (ConfUtils.java:logGet(43)) - raft.server.log.statemachine.data.caching.enabled = true (custom)
2019-08-22 09:08:37,290 [pool-148-thread-1] INFO  impl.RaftServerImpl (ServerState.java:setRaftConf(361)) - 009b6f07-dfd6-4718-924a-1817c3c071ab:group-20E6B7042646 set configuration 0: [009b6f07-dfd6-4718-924a-1817c3c071ab:192.168.36.85:36596], old=null at 0
2019-08-22 09:08:37,290 [pool-148-thread-1] INFO  segmented.LogSegment (LogSegment.java:loadSegment(145)) - Successfully read 1 entries from segment file /workdir/hadoop-ozone/integration-test/target/test-dir/MiniOzoneClusterImpl-a9cd9c89-5187-449b-b29a-99b9e5034f78/datanode-0/data/ratis/9d8d7a5a-9eec-4a6e-a207-20e6b7042646/current/log_inprogress_0
2019-08-22 09:08:37,290 [pool-148-thread-1] INFO  segmented.SegmentedRaftLogWorker (SegmentedRaftLogWorker.java:lambda$new$0(132)) - 009b6f07-dfd6-4718-924a-1817c3c071ab-SegmentedRaftLogWorker:Storage Directory /workdir/hadoop-ozone/integration-test/target/test-dir/MiniOzoneClusterImpl-a9cd9c89-5187-449b-b29a-99b9e5034f78/datanode-0/data/ratis/9d8d7a5a-9eec-4a6e-a207-20e6b7042646: flushIndex: setUnconditionally 0 -> 0
2019-08-22 09:08:37,291 [Thread-332] INFO  handler.ContextHandler (ContextHandler.java:doStart(781)) - Started o.e.j.w.WebAppContext@7c7456ab{/,file:///tmp/jetty-0.0.0.0-43730-hddsDatanode-_-any-8045333866278946552.dir/webapp/,AVAILABLE}{/hddsDatanode}
2019-08-22 09:08:37,291 [Thread-332] INFO  server.AbstractConnector (AbstractConnector.java:doStart(278)) - Started ServerConnector@53a28a9f{HTTP/1.1,[http/1.1]}{0.0.0.0:43730}
2019-08-22 09:08:37,320 [pool-148-thread-1] INFO  server.RaftServerConfigKeys (ConfUtils.java:logGet(43)) - raft.server.snapshot.auto.trigger.enabled = true (custom)
2019-08-22 09:08:37,320 [Thread-332] INFO  server.Server (Server.java:doStart(419)) - Started @52762ms
2019-08-22 09:08:37,320 [pool-148-thread-1] INFO  server.RaftServerConfigKeys (ConfUtils.java:logGet(43)) - raft.server.snapshot.auto.trigger.threshold = 10000 (custom)
2019-08-22 09:08:37,320 [pool-148-thread-1] INFO  server.RaftServerConfigKeys (ConfUtils.java:logGet(43)) - raft.server.retrycache.expirytime = 600000ms (custom)
2019-08-22 09:08:37,321 [Thread-332] INFO  server.BaseHttpServer (BaseHttpServer.java:updateConnectorAddress(213)) - HTTP server of HDDSDATANODE is listening at http://0.0.0.0:43730
2019-08-22 09:08:37,322 [pool-148-thread-1] INFO  impl.RaftServerImpl (RaftServerImpl.java:<init>(93)) - 009b6f07-dfd6-4718-924a-1817c3c071ab: new RaftServerImpl for group-0AD62743FED0:[] with ContainerStateMachine:uninitialized
2019-08-22 09:08:37,322 [pool-148-thread-1] INFO  server.RaftServerConfigKeys (ConfUtils.java:logGet(43)) - raft.server.rpc.timeout.min = 5s (custom)
2019-08-22 09:08:37,322 [pool-148-thread-1] INFO  server.RaftServerConfigKeys (ConfUtils.java:logGet(43)) - raft.server.rpc.timeout.max = 5200ms (custom)
2019-08-22 09:08:37,322 [pool-148-thread-1] INFO  server.RaftServerConfigKeys (ConfUtils.java:logGet(43)) - raft.server.rpcslowness.timeout = 120s (custom)
2019-08-22 09:08:37,322 [pool-148-thread-1] INFO  server.RaftServerConfigKeys (ConfUtils.java:logGet(43)) - raft.server.sleep.deviation.threshold = 300 (default)
2019-08-22 09:08:37,322 [pool-148-thread-1] INFO  server.RaftServerConfigKeys (ConfUtils.java:logGet(43)) - raft.server.log.appender.install.snapshot.enabled = false (custom)
2019-08-22 09:08:37,322 [pool-148-thread-1] INFO  impl.RaftServerImpl (ServerState.java:<init>(105)) - 009b6f07-dfd6-4718-924a-1817c3c071ab:group-0AD62743FED0 ConfigurationManager, init=-1: [], old=null, confs=<EMPTY_MAP>
2019-08-22 09:08:37,322 [pool-148-thread-1] INFO  server.RaftServerConfigKeys (ConfUtils.java:logGet(43)) - raft.server.storage.dir = [/workdir/hadoop-ozone/integration-test/target/test-dir/MiniOzoneClusterImpl-a9cd9c89-5187-449b-b29a-99b9e5034f78/datanode-0/data/ratis] (custom)
2019-08-22 09:08:37,345 [pool-148-thread-1] INFO  storage.RaftStorageDirectory (RaftStorageDirectory.java:tryLock(328)) - Lock on /workdir/hadoop-ozone/integration-test/target/test-dir/MiniOzoneClusterImpl-a9cd9c89-5187-449b-b29a-99b9e5034f78/datanode-0/data/ratis/657f8f81-6447-4214-b460-0ad62743fed0/in_use.lock acquired by nodename 4932@pr-hdds-1898-9jx57-4170240974
2019-08-22 09:08:37,345 [pool-148-thread-1] INFO  ratis.ContainerStateMachine (ContainerStateMachine.java:loadSnapshot(226)) - group-0AD62743FED0: The snapshot info is null. Setting the last applied indexto:(t:0, i:~)
2019-08-22 09:08:37,346 [pool-148-thread-1] INFO  server.RaftServerConfigKeys (ConfUtils.java:logGet(43)) - raft.server.leader.election.timeout = 120s (custom)
2019-08-22 09:08:37,346 [pool-148-thread-1] INFO  server.RaftServerConfigKeys (ConfUtils.java:logGet(43)) - raft.server.log.use.memory = false (default)
2019-08-22 09:08:37,346 [pool-148-thread-1] INFO  server.RaftServerConfigKeys (ConfUtils.java:logGet(43)) - raft.server.log.purge.gap = 1000000 (custom)
2019-08-22 09:08:37,346 [pool-148-thread-1] INFO  server.RaftServerConfigKeys (ConfUtils.java:logGet(43)) - raft.server.log.appender.buffer.byte-limit = 33554432 (custom)
2019-08-22 09:08:37,346 [pool-148-thread-1] INFO  server.RaftServerConfigKeys (ConfUtils.java:logGet(43)) - raft.server.log.segment.size.max = 1048576 (custom)
2019-08-22 09:08:37,346 [pool-148-thread-1] INFO  server.RaftServerConfigKeys (ConfUtils.java:logGet(43)) - raft.server.log.segment.cache.num.max = 2 (custom)
2019-08-22 09:08:37,346 [pool-148-thread-1] INFO  segmented.SegmentedRaftLogWorker (SegmentedRaftLogWorker.java:<init>(172)) - new 009b6f07-dfd6-4718-924a-1817c3c071ab-SegmentedRaftLogWorker:Storage Directory /workdir/hadoop-ozone/integration-test/target/test-dir/MiniOzoneClusterImpl-a9cd9c89-5187-449b-b29a-99b9e5034f78/datanode-0/data/ratis/657f8f81-6447-4214-b460-0ad62743fed0 for RaftStorage:Storage Directory /workdir/hadoop-ozone/integration-test/target/test-dir/MiniOzoneClusterImpl-a9cd9c89-5187-449b-b29a-99b9e5034f78/datanode-0/data/ratis/657f8f81-6447-4214-b460-0ad62743fed0
2019-08-22 09:08:37,346 [pool-148-thread-1] INFO  server.RaftServerConfigKeys (ConfUtils.java:logGet(43)) - raft.server.log.queue.byte-limit = 2147483647 (custom)
2019-08-22 09:08:37,346 [pool-148-thread-1] INFO  server.RaftServerConfigKeys (ConfUtils.java:logGet(43)) - raft.server.log.queue.element-limit = 1024 (custom)
2019-08-22 09:08:37,347 [pool-148-thread-1] INFO  server.RaftServerConfigKeys (ConfUtils.java:logGet(43)) - raft.server.log.segment.size.max = 1048576 (custom)
2019-08-22 09:08:37,347 [pool-148-thread-1] INFO  server.RaftServerConfigKeys (ConfUtils.java:logGet(43)) - raft.server.log.preallocated.size = 16384 (custom)
2019-08-22 09:08:37,347 [pool-148-thread-1] INFO  server.RaftServerConfigKeys (ConfUtils.java:logGet(43)) - raft.server.log.write.buffer.size = 33554432 (custom)
2019-08-22 09:08:37,347 [pool-148-thread-1] INFO  server.RaftServerConfigKeys (ConfUtils.java:logGet(43)) - raft.server.log.force.sync.num = 128 (default)
2019-08-22 09:08:37,347 [pool-148-thread-1] INFO  server.RaftServerConfigKeys (ConfUtils.java:logGet(43)) - raft.server.log.statemachine.data.sync = true (default)
2019-08-22 09:08:37,347 [pool-148-thread-1] INFO  server.RaftServerConfigKeys (ConfUtils.java:logGet(43)) - raft.server.log.statemachine.data.sync.timeout = 10s (default)
2019-08-22 09:08:37,347 [pool-148-thread-1] INFO  server.RaftServerConfigKeys (ConfUtils.java:logGet(43)) - raft.server.log.statemachine.data.sync.timeout.retry = -1 (default)
2019-08-22 09:08:37,347 [pool-148-thread-1] INFO  server.RaftServerConfigKeys (ConfUtils.java:logGet(43)) - raft.server.log.statemachine.data.caching.enabled = true (custom)
2019-08-22 09:08:37,348 [pool-148-thread-1] INFO  impl.RaftServerImpl (ServerState.java:setRaftConf(361)) - 009b6f07-dfd6-4718-924a-1817c3c071ab:group-0AD62743FED0 set configuration 0: [d02a13da-15f9-45c4-a762-6dfc7568bb22:192.168.36.85:35380, 009b6f07-dfd6-4718-924a-1817c3c071ab:192.168.36.85:36596, 0c311ac3-3334-459d-ab4e-72c3360f4a50:192.168.36.85:43460], old=null at 0
2019-08-22 09:08:37,348 [pool-148-thread-1] INFO  segmented.LogSegment (LogSegment.java:loadSegment(145)) - Successfully read 1 entries from segment file /workdir/hadoop-ozone/integration-test/target/test-dir/MiniOzoneClusterImpl-a9cd9c89-5187-449b-b29a-99b9e5034f78/datanode-0/data/ratis/657f8f81-6447-4214-b460-0ad62743fed0/current/log_inprogress_0
2019-08-22 09:08:37,348 [pool-148-thread-1] INFO  segmented.SegmentedRaftLogWorker (SegmentedRaftLogWorker.java:lambda$new$0(132)) - 009b6f07-dfd6-4718-924a-1817c3c071ab-SegmentedRaftLogWorker:Storage Directory /workdir/hadoop-ozone/integration-test/target/test-dir/MiniOzoneClusterImpl-a9cd9c89-5187-449b-b29a-99b9e5034f78/datanode-0/data/ratis/657f8f81-6447-4214-b460-0ad62743fed0: flushIndex: setUnconditionally 0 -> 0
2019-08-22 09:08:37,373 [pool-148-thread-1] INFO  server.RaftServerConfigKeys (ConfUtils.java:logGet(43)) - raft.server.snapshot.auto.trigger.enabled = true (custom)
2019-08-22 09:08:37,373 [pool-148-thread-1] INFO  server.RaftServerConfigKeys (ConfUtils.java:logGet(43)) - raft.server.snapshot.auto.trigger.threshold = 10000 (custom)
2019-08-22 09:08:37,373 [pool-148-thread-1] INFO  server.RaftServerConfigKeys (ConfUtils.java:logGet(43)) - raft.server.retrycache.expirytime = 600000ms (custom)
2019-08-22 09:08:37,471 | INFO  | ObjectStoreRestHttpServer | Listening HDDS REST traffic on /0.0.0.0:40166 |  
2019-08-22 09:08:37,471 [Thread-332] INFO  ozone.HddsDatanodeService (HddsDatanodeService.java:startPlugins(395)) - Started plug-in org.apache.hadoop.ozone.web.OzoneHddsDatanodeService@53c5b8b5
2019-08-22 09:08:37,473 [org.apache.hadoop.util.JvmPauseMonitor$Monitor@7124eb9d] INFO  util.JvmPauseMonitor (JvmPauseMonitor.java:run(188)) - Starting JVM pause monitor
2019-08-22 09:08:37,474 [Thread-332] INFO  impl.MetricsSystemImpl (MetricsSystemImpl.java:init(158)) - HddsDatanode metrics system started (again)
2019-08-22 09:08:37,478 [Thread-332] INFO  ozone.HddsDatanodeService (HddsDatanodeService.java:start(184)) - HddsDatanodeService host:pr-hdds-1898-9jx57-4170240974 ip:192.168.36.85
2019-08-22 09:08:37,481 [Thread-332] INFO  volume.VolumeUsage (VolumeUsage.java:loadScmUsed(144)) - Cached ScmUsed found for /workdir/hadoop-ozone/integration-test/target/test-dir/MiniOzoneClusterImpl-a9cd9c89-5187-449b-b29a-99b9e5034f78/datanode-1/data/containers : 4096 
2019-08-22 09:08:37,481 [Thread-332] INFO  volume.HddsVolume (HddsVolume.java:<init>(176)) - Creating Volume: /workdir/hadoop-ozone/integration-test/target/test-dir/MiniOzoneClusterImpl-a9cd9c89-5187-449b-b29a-99b9e5034f78/datanode-1/data/containers/hdds of  storage type : DISK and capacity : 1482555576320
2019-08-22 09:08:37,482 [Thread-332] INFO  volume.VolumeSet (VolumeSet.java:initializeVolumeSet(170)) - Added Volume : /workdir/hadoop-ozone/integration-test/target/test-dir/MiniOzoneClusterImpl-a9cd9c89-5187-449b-b29a-99b9e5034f78/datanode-1/data/containers/hdds to VolumeSet
2019-08-22 09:08:37,482 [Thread-332] INFO  volume.ThrottledAsyncChecker (ThrottledAsyncChecker.java:schedule(140)) - Scheduling a check for org.apache.hadoop.ozone.container.common.volume.HddsVolume@795a12f3
2019-08-22 09:08:37,482 [Thread-332] INFO  volume.HddsVolumeChecker (HddsVolumeChecker.java:checkAllVolumes(203)) - Scheduled health check for volume org.apache.hadoop.ozone.container.common.volume.HddsVolume@795a12f3
2019-08-22 09:08:37,501 [Thread-332] INFO  impl.RaftServerProxy (ConfUtils.java:logGet(43)) - raft.rpc.type = GRPC (default)
2019-08-22 09:08:37,501 [Thread-332] INFO  grpc.GrpcFactory (GrpcFactory.java:checkPooledByteBufAllocatorUseCacheForAllThreads(45)) - PERFORMANCE WARNING: useCacheForAllThreads is true that may cause Netty to create a lot garbage objects and, as a result, trigger GC.
	It is recommended to disable useCacheForAllThreads by setting -Dorg.apache.ratis.thirdparty.io.netty.allocator.useCacheForAllThreads=false in command line.
2019-08-22 09:08:37,501 [Thread-332] INFO  grpc.GrpcConfigKeys$Server (ConfUtils.java:logGet(43)) - raft.grpc.server.port = 35380 (custom)
2019-08-22 09:08:37,501 [Thread-332] INFO  server.GrpcService (ConfUtils.java:logGet(43)) - raft.grpc.message.size.max = 33570816 (custom)
2019-08-22 09:08:37,502 [Thread-332] INFO  server.RaftServerConfigKeys (ConfUtils.java:logGet(43)) - raft.server.log.appender.buffer.byte-limit = 33554432 (custom)
2019-08-22 09:08:37,502 [Thread-332] INFO  server.GrpcService (ConfUtils.java:logGet(43)) - raft.grpc.flow.control.window = 1MB (=1048576) (default)
2019-08-22 09:08:37,502 [Thread-332] INFO  server.RaftServerConfigKeys (ConfUtils.java:logGet(43)) - raft.server.rpc.request.timeout = 3000ms (default)
2019-08-22 09:08:37,503 [Thread-332] INFO  server.RaftServerConfigKeys (ConfUtils.java:logGet(43)) - raft.server.storage.dir = [/workdir/hadoop-ozone/integration-test/target/test-dir/MiniOzoneClusterImpl-a9cd9c89-5187-449b-b29a-99b9e5034f78/datanode-1/data/ratis] (custom)
2019-08-22 09:08:37,503 [Thread-332] INFO  impl.RaftServerProxy (RaftServerProxy.java:lambda$null$0(191)) - d02a13da-15f9-45c4-a762-6dfc7568bb22: found a subdirectory /workdir/hadoop-ozone/integration-test/target/test-dir/MiniOzoneClusterImpl-a9cd9c89-5187-449b-b29a-99b9e5034f78/datanode-1/data/ratis/5352e5a5-57ef-44ea-8658-a1477bb5bd47
2019-08-22 09:08:37,503 [Thread-332] INFO  impl.RaftServerProxy (RaftServerProxy.java:addNew(89)) - d02a13da-15f9-45c4-a762-6dfc7568bb22: addNew group-A1477BB5BD47:[] returns group-A1477BB5BD47:java.util.concurrent.CompletableFuture@755a30e2[Not completed]
2019-08-22 09:08:37,504 [Thread-332] INFO  impl.RaftServerProxy (RaftServerProxy.java:lambda$null$0(191)) - d02a13da-15f9-45c4-a762-6dfc7568bb22: found a subdirectory /workdir/hadoop-ozone/integration-test/target/test-dir/MiniOzoneClusterImpl-a9cd9c89-5187-449b-b29a-99b9e5034f78/datanode-1/data/ratis/657f8f81-6447-4214-b460-0ad62743fed0
2019-08-22 09:08:37,504 [Thread-332] INFO  impl.RaftServerProxy (RaftServerProxy.java:addNew(89)) - d02a13da-15f9-45c4-a762-6dfc7568bb22: addNew group-0AD62743FED0:[] returns group-0AD62743FED0:java.util.concurrent.CompletableFuture@870aba6[Not completed]
2019-08-22 09:08:37,504 [Thread-332] INFO  replication.SimpleContainerDownloader (SimpleContainerDownloader.java:<init>(72)) - Starting container downloader service to copy containers to replicate.
2019-08-22 09:08:37,506 [pool-159-thread-1] INFO  impl.RaftServerImpl (RaftServerImpl.java:<init>(93)) - d02a13da-15f9-45c4-a762-6dfc7568bb22: new RaftServerImpl for group-A1477BB5BD47:[] with ContainerStateMachine:uninitialized
2019-08-22 09:08:37,506 [Thread-332] INFO  hdfs.DFSUtil (DFSUtil.java:httpServerTemplateForNNAndJN(1641)) - Starting Web-server for hddsDatanode at: http://0.0.0.0:36479
2019-08-22 09:08:37,506 [pool-159-thread-1] INFO  server.RaftServerConfigKeys (ConfUtils.java:logGet(43)) - raft.server.rpc.timeout.min = 5s (custom)
2019-08-22 09:08:37,506 [pool-159-thread-1] INFO  server.RaftServerConfigKeys (ConfUtils.java:logGet(43)) - raft.server.rpc.timeout.max = 5200ms (custom)
2019-08-22 09:08:37,506 [pool-159-thread-1] INFO  server.RaftServerConfigKeys (ConfUtils.java:logGet(43)) - raft.server.rpcslowness.timeout = 120s (custom)
2019-08-22 09:08:37,507 [pool-159-thread-1] INFO  server.RaftServerConfigKeys (ConfUtils.java:logGet(43)) - raft.server.sleep.deviation.threshold = 300 (default)
2019-08-22 09:08:37,507 [pool-159-thread-1] INFO  server.RaftServerConfigKeys (ConfUtils.java:logGet(43)) - raft.server.log.appender.install.snapshot.enabled = false (custom)
2019-08-22 09:08:37,507 [pool-159-thread-1] INFO  impl.RaftServerImpl (ServerState.java:<init>(105)) - d02a13da-15f9-45c4-a762-6dfc7568bb22:group-A1477BB5BD47 ConfigurationManager, init=-1: [], old=null, confs=<EMPTY_MAP>
2019-08-22 09:08:37,507 [pool-159-thread-1] INFO  server.RaftServerConfigKeys (ConfUtils.java:logGet(43)) - raft.server.storage.dir = [/workdir/hadoop-ozone/integration-test/target/test-dir/MiniOzoneClusterImpl-a9cd9c89-5187-449b-b29a-99b9e5034f78/datanode-1/data/ratis] (custom)
2019-08-22 09:08:37,508 [Thread-332] INFO  server.AuthenticationFilter (AuthenticationFilter.java:constructSecretProvider(240)) - Unable to initialize FileSignerSecretProvider, falling back to use random secrets.
2019-08-22 09:08:37,509 [Thread-332] WARN  http.HttpRequestLog (HttpRequestLog.java:getRequestLog(97)) - Jetty request log can only be enabled using Log4j
2019-08-22 09:08:37,511 [Thread-332] INFO  http.HttpServer2 (HttpServer2.java:addGlobalFilter(975)) - Added global filter 'safety' (class=org.apache.hadoop.http.HttpServer2$QuotingInputFilter)
2019-08-22 09:08:37,512 [Thread-332] INFO  http.HttpServer2 (HttpServer2.java:addFilter(948)) - Added filter static_user_filter (class=org.apache.hadoop.http.lib.StaticUserWebFilter$StaticUserFilter) to context hddsDatanode
2019-08-22 09:08:37,512 [Thread-332] INFO  http.HttpServer2 (HttpServer2.java:addFilter(958)) - Added filter static_user_filter (class=org.apache.hadoop.http.lib.StaticUserWebFilter$StaticUserFilter) to context logs
2019-08-22 09:08:37,512 [Thread-332] INFO  http.HttpServer2 (HttpServer2.java:addFilter(958)) - Added filter static_user_filter (class=org.apache.hadoop.http.lib.StaticUserWebFilter$StaticUserFilter) to context static
2019-08-22 09:08:37,513 [Thread-332] INFO  http.HttpServer2 (HttpServer2.java:bindListener(1191)) - Jetty bound to port 36479
2019-08-22 09:08:37,513 [Thread-332] INFO  server.Server (Server.java:doStart(351)) - jetty-9.3.24.v20180605, build timestamp: 2018-06-05T17:11:56Z, git hash: 84205aa28f11a4f31f2a3b86d1bba2cc8ab69827
2019-08-22 09:08:37,515 [Thread-332] INFO  handler.ContextHandler (ContextHandler.java:doStart(781)) - Started o.e.j.s.ServletContextHandler@5e0b57da{/logs,file:///workdir/hadoop-ozone/integration-test/target/log,AVAILABLE}
2019-08-22 09:08:37,516 [Thread-332] INFO  handler.ContextHandler (ContextHandler.java:doStart(781)) - Started o.e.j.s.ServletContextHandler@56be11e7{/static,jar:file:/home/user/.m2/repository/org/apache/hadoop/hadoop-hdds-container-service/0.5.0-SNAPSHOT/hadoop-hdds-container-service-0.5.0-SNAPSHOT.jar!/webapps/static,AVAILABLE}
2019-08-22 09:08:37,530 [pool-159-thread-1] INFO  storage.RaftStorageDirectory (RaftStorageDirectory.java:tryLock(328)) - Lock on /workdir/hadoop-ozone/integration-test/target/test-dir/MiniOzoneClusterImpl-a9cd9c89-5187-449b-b29a-99b9e5034f78/datanode-1/data/ratis/5352e5a5-57ef-44ea-8658-a1477bb5bd47/in_use.lock acquired by nodename 4932@pr-hdds-1898-9jx57-4170240974
2019-08-22 09:08:37,531 [pool-159-thread-1] INFO  ratis.ContainerStateMachine (ContainerStateMachine.java:loadSnapshot(226)) - group-A1477BB5BD47: The snapshot info is null. Setting the last applied indexto:(t:0, i:~)
2019-08-22 09:08:37,531 [pool-159-thread-1] INFO  server.RaftServerConfigKeys (ConfUtils.java:logGet(43)) - raft.server.leader.election.timeout = 120s (custom)
2019-08-22 09:08:37,531 [pool-159-thread-1] INFO  server.RaftServerConfigKeys (ConfUtils.java:logGet(43)) - raft.server.log.use.memory = false (default)
2019-08-22 09:08:37,531 [pool-159-thread-1] INFO  server.RaftServerConfigKeys (ConfUtils.java:logGet(43)) - raft.server.log.purge.gap = 1000000 (custom)
2019-08-22 09:08:37,531 [pool-159-thread-1] INFO  server.RaftServerConfigKeys (ConfUtils.java:logGet(43)) - raft.server.log.appender.buffer.byte-limit = 33554432 (custom)
2019-08-22 09:08:37,532 [pool-159-thread-1] INFO  server.RaftServerConfigKeys (ConfUtils.java:logGet(43)) - raft.server.log.segment.size.max = 1048576 (custom)
2019-08-22 09:08:37,532 [pool-159-thread-1] INFO  server.RaftServerConfigKeys (ConfUtils.java:logGet(43)) - raft.server.log.segment.cache.num.max = 2 (custom)
2019-08-22 09:08:37,532 [pool-159-thread-1] INFO  segmented.SegmentedRaftLogWorker (SegmentedRaftLogWorker.java:<init>(172)) - new d02a13da-15f9-45c4-a762-6dfc7568bb22-SegmentedRaftLogWorker:Storage Directory /workdir/hadoop-ozone/integration-test/target/test-dir/MiniOzoneClusterImpl-a9cd9c89-5187-449b-b29a-99b9e5034f78/datanode-1/data/ratis/5352e5a5-57ef-44ea-8658-a1477bb5bd47 for RaftStorage:Storage Directory /workdir/hadoop-ozone/integration-test/target/test-dir/MiniOzoneClusterImpl-a9cd9c89-5187-449b-b29a-99b9e5034f78/datanode-1/data/ratis/5352e5a5-57ef-44ea-8658-a1477bb5bd47
2019-08-22 09:08:37,532 [pool-159-thread-1] INFO  server.RaftServerConfigKeys (ConfUtils.java:logGet(43)) - raft.server.log.queue.byte-limit = 2147483647 (custom)
2019-08-22 09:08:37,532 [pool-159-thread-1] INFO  server.RaftServerConfigKeys (ConfUtils.java:logGet(43)) - raft.server.log.queue.element-limit = 1024 (custom)
2019-08-22 09:08:37,532 [pool-159-thread-1] INFO  server.RaftServerConfigKeys (ConfUtils.java:logGet(43)) - raft.server.log.segment.size.max = 1048576 (custom)
2019-08-22 09:08:37,533 [pool-159-thread-1] INFO  server.RaftServerConfigKeys (ConfUtils.java:logGet(43)) - raft.server.log.preallocated.size = 16384 (custom)
2019-08-22 09:08:37,533 [pool-159-thread-1] INFO  server.RaftServerConfigKeys (ConfUtils.java:logGet(43)) - raft.server.log.write.buffer.size = 33554432 (custom)
2019-08-22 09:08:37,533 [pool-159-thread-1] INFO  server.RaftServerConfigKeys (ConfUtils.java:logGet(43)) - raft.server.log.force.sync.num = 128 (default)
2019-08-22 09:08:37,533 [pool-159-thread-1] INFO  server.RaftServerConfigKeys (ConfUtils.java:logGet(43)) - raft.server.log.statemachine.data.sync = true (default)
2019-08-22 09:08:37,533 [pool-159-thread-1] INFO  server.RaftServerConfigKeys (ConfUtils.java:logGet(43)) - raft.server.log.statemachine.data.sync.timeout = 10s (default)
2019-08-22 09:08:37,533 [pool-159-thread-1] INFO  server.RaftServerConfigKeys (ConfUtils.java:logGet(43)) - raft.server.log.statemachine.data.sync.timeout.retry = -1 (default)
2019-08-22 09:08:37,534 [pool-159-thread-1] INFO  server.RaftServerConfigKeys (ConfUtils.java:logGet(43)) - raft.server.log.statemachine.data.caching.enabled = true (custom)
2019-08-22 09:08:37,534 [pool-159-thread-1] INFO  impl.RaftServerImpl (ServerState.java:setRaftConf(361)) - d02a13da-15f9-45c4-a762-6dfc7568bb22:group-A1477BB5BD47 set configuration 0: [d02a13da-15f9-45c4-a762-6dfc7568bb22:192.168.36.85:35380], old=null at 0
2019-08-22 09:08:37,535 [pool-159-thread-1] INFO  segmented.LogSegment (LogSegment.java:loadSegment(145)) - Successfully read 1 entries from segment file /workdir/hadoop-ozone/integration-test/target/test-dir/MiniOzoneClusterImpl-a9cd9c89-5187-449b-b29a-99b9e5034f78/datanode-1/data/ratis/5352e5a5-57ef-44ea-8658-a1477bb5bd47/current/log_inprogress_0
2019-08-22 09:08:37,536 [pool-159-thread-1] INFO  segmented.SegmentedRaftLogWorker (SegmentedRaftLogWorker.java:lambda$new$0(132)) - d02a13da-15f9-45c4-a762-6dfc7568bb22-SegmentedRaftLogWorker:Storage Directory /workdir/hadoop-ozone/integration-test/target/test-dir/MiniOzoneClusterImpl-a9cd9c89-5187-449b-b29a-99b9e5034f78/datanode-1/data/ratis/5352e5a5-57ef-44ea-8658-a1477bb5bd47: flushIndex: setUnconditionally 0 -> 0
2019-08-22 09:08:37,557 [Thread-332] INFO  handler.ContextHandler (ContextHandler.java:doStart(781)) - Started o.e.j.w.WebAppContext@58fd4dcf{/,file:///tmp/jetty-0.0.0.0-36479-hddsDatanode-_-any-2611560310184764346.dir/webapp/,AVAILABLE}{/hddsDatanode}
2019-08-22 09:08:37,557 [Thread-332] INFO  server.AbstractConnector (AbstractConnector.java:doStart(278)) - Started ServerConnector@734d276{HTTP/1.1,[http/1.1]}{0.0.0.0:36479}
2019-08-22 09:08:37,565 [pool-159-thread-1] INFO  server.RaftServerConfigKeys (ConfUtils.java:logGet(43)) - raft.server.snapshot.auto.trigger.enabled = true (custom)
2019-08-22 09:08:37,565 [pool-159-thread-1] INFO  server.RaftServerConfigKeys (ConfUtils.java:logGet(43)) - raft.server.snapshot.auto.trigger.threshold = 10000 (custom)
2019-08-22 09:08:37,565 [pool-159-thread-1] INFO  server.RaftServerConfigKeys (ConfUtils.java:logGet(43)) - raft.server.retrycache.expirytime = 600000ms (custom)
2019-08-22 09:08:37,565 [Thread-332] INFO  server.Server (Server.java:doStart(419)) - Started @53008ms
2019-08-22 09:08:37,566 [Thread-332] INFO  server.BaseHttpServer (BaseHttpServer.java:updateConnectorAddress(213)) - HTTP server of HDDSDATANODE is listening at http://0.0.0.0:36479
2019-08-22 09:08:37,566 [pool-159-thread-1] INFO  impl.RaftServerImpl (RaftServerImpl.java:<init>(93)) - d02a13da-15f9-45c4-a762-6dfc7568bb22: new RaftServerImpl for group-0AD62743FED0:[] with ContainerStateMachine:uninitialized
2019-08-22 09:08:37,567 [pool-159-thread-1] INFO  server.RaftServerConfigKeys (ConfUtils.java:logGet(43)) - raft.server.rpc.timeout.min = 5s (custom)
2019-08-22 09:08:37,567 [pool-159-thread-1] INFO  server.RaftServerConfigKeys (ConfUtils.java:logGet(43)) - raft.server.rpc.timeout.max = 5200ms (custom)
2019-08-22 09:08:37,567 [pool-159-thread-1] INFO  server.RaftServerConfigKeys (ConfUtils.java:logGet(43)) - raft.server.rpcslowness.timeout = 120s (custom)
2019-08-22 09:08:37,567 [pool-159-thread-1] INFO  server.RaftServerConfigKeys (ConfUtils.java:logGet(43)) - raft.server.sleep.deviation.threshold = 300 (default)
2019-08-22 09:08:37,567 [pool-159-thread-1] INFO  server.RaftServerConfigKeys (ConfUtils.java:logGet(43)) - raft.server.log.appender.install.snapshot.enabled = false (custom)
2019-08-22 09:08:37,567 [pool-159-thread-1] INFO  impl.RaftServerImpl (ServerState.java:<init>(105)) - d02a13da-15f9-45c4-a762-6dfc7568bb22:group-0AD62743FED0 ConfigurationManager, init=-1: [], old=null, confs=<EMPTY_MAP>
2019-08-22 09:08:37,567 [pool-159-thread-1] INFO  server.RaftServerConfigKeys (ConfUtils.java:logGet(43)) - raft.server.storage.dir = [/workdir/hadoop-ozone/integration-test/target/test-dir/MiniOzoneClusterImpl-a9cd9c89-5187-449b-b29a-99b9e5034f78/datanode-1/data/ratis] (custom)
2019-08-22 09:08:37,591 [pool-159-thread-1] INFO  storage.RaftStorageDirectory (RaftStorageDirectory.java:tryLock(328)) - Lock on /workdir/hadoop-ozone/integration-test/target/test-dir/MiniOzoneClusterImpl-a9cd9c89-5187-449b-b29a-99b9e5034f78/datanode-1/data/ratis/657f8f81-6447-4214-b460-0ad62743fed0/in_use.lock acquired by nodename 4932@pr-hdds-1898-9jx57-4170240974
2019-08-22 09:08:37,591 [pool-159-thread-1] INFO  ratis.ContainerStateMachine (ContainerStateMachine.java:loadSnapshot(226)) - group-0AD62743FED0: The snapshot info is null. Setting the last applied indexto:(t:0, i:~)
2019-08-22 09:08:37,592 [pool-159-thread-1] INFO  server.RaftServerConfigKeys (ConfUtils.java:logGet(43)) - raft.server.leader.election.timeout = 120s (custom)
2019-08-22 09:08:37,592 [pool-159-thread-1] INFO  server.RaftServerConfigKeys (ConfUtils.java:logGet(43)) - raft.server.log.use.memory = false (default)
2019-08-22 09:08:37,592 [pool-159-thread-1] INFO  server.RaftServerConfigKeys (ConfUtils.java:logGet(43)) - raft.server.log.purge.gap = 1000000 (custom)
2019-08-22 09:08:37,592 [pool-159-thread-1] INFO  server.RaftServerConfigKeys (ConfUtils.java:logGet(43)) - raft.server.log.appender.buffer.byte-limit = 33554432 (custom)
2019-08-22 09:08:37,592 [pool-159-thread-1] INFO  server.RaftServerConfigKeys (ConfUtils.java:logGet(43)) - raft.server.log.segment.size.max = 1048576 (custom)
2019-08-22 09:08:37,592 [pool-159-thread-1] INFO  server.RaftServerConfigKeys (ConfUtils.java:logGet(43)) - raft.server.log.segment.cache.num.max = 2 (custom)
2019-08-22 09:08:37,593 [pool-159-thread-1] INFO  segmented.SegmentedRaftLogWorker (SegmentedRaftLogWorker.java:<init>(172)) - new d02a13da-15f9-45c4-a762-6dfc7568bb22-SegmentedRaftLogWorker:Storage Directory /workdir/hadoop-ozone/integration-test/target/test-dir/MiniOzoneClusterImpl-a9cd9c89-5187-449b-b29a-99b9e5034f78/datanode-1/data/ratis/657f8f81-6447-4214-b460-0ad62743fed0 for RaftStorage:Storage Directory /workdir/hadoop-ozone/integration-test/target/test-dir/MiniOzoneClusterImpl-a9cd9c89-5187-449b-b29a-99b9e5034f78/datanode-1/data/ratis/657f8f81-6447-4214-b460-0ad62743fed0
2019-08-22 09:08:37,593 [pool-159-thread-1] INFO  server.RaftServerConfigKeys (ConfUtils.java:logGet(43)) - raft.server.log.queue.byte-limit = 2147483647 (custom)
2019-08-22 09:08:37,593 [pool-159-thread-1] INFO  server.RaftServerConfigKeys (ConfUtils.java:logGet(43)) - raft.server.log.queue.element-limit = 1024 (custom)
2019-08-22 09:08:37,593 [pool-159-thread-1] INFO  server.RaftServerConfigKeys (ConfUtils.java:logGet(43)) - raft.server.log.segment.size.max = 1048576 (custom)
2019-08-22 09:08:37,593 [pool-159-thread-1] INFO  server.RaftServerConfigKeys (ConfUtils.java:logGet(43)) - raft.server.log.preallocated.size = 16384 (custom)
2019-08-22 09:08:37,593 [pool-159-thread-1] INFO  server.RaftServerConfigKeys (ConfUtils.java:logGet(43)) - raft.server.log.write.buffer.size = 33554432 (custom)
2019-08-22 09:08:37,594 [pool-159-thread-1] INFO  server.RaftServerConfigKeys (ConfUtils.java:logGet(43)) - raft.server.log.force.sync.num = 128 (default)
2019-08-22 09:08:37,594 [pool-159-thread-1] INFO  server.RaftServerConfigKeys (ConfUtils.java:logGet(43)) - raft.server.log.statemachine.data.sync = true (default)
2019-08-22 09:08:37,594 [pool-159-thread-1] INFO  server.RaftServerConfigKeys (ConfUtils.java:logGet(43)) - raft.server.log.statemachine.data.sync.timeout = 10s (default)
2019-08-22 09:08:37,594 [pool-159-thread-1] INFO  server.RaftServerConfigKeys (ConfUtils.java:logGet(43)) - raft.server.log.statemachine.data.sync.timeout.retry = -1 (default)
2019-08-22 09:08:37,594 [pool-159-thread-1] INFO  server.RaftServerConfigKeys (ConfUtils.java:logGet(43)) - raft.server.log.statemachine.data.caching.enabled = true (custom)
2019-08-22 09:08:37,595 [pool-159-thread-1] INFO  impl.RaftServerImpl (ServerState.java:setRaftConf(361)) - d02a13da-15f9-45c4-a762-6dfc7568bb22:group-0AD62743FED0 set configuration 0: [d02a13da-15f9-45c4-a762-6dfc7568bb22:192.168.36.85:35380, 009b6f07-dfd6-4718-924a-1817c3c071ab:192.168.36.85:36596, 0c311ac3-3334-459d-ab4e-72c3360f4a50:192.168.36.85:43460], old=null at 0
2019-08-22 09:08:37,595 [pool-159-thread-1] INFO  segmented.LogSegment (LogSegment.java:loadSegment(145)) - Successfully read 1 entries from segment file /workdir/hadoop-ozone/integration-test/target/test-dir/MiniOzoneClusterImpl-a9cd9c89-5187-449b-b29a-99b9e5034f78/datanode-1/data/ratis/657f8f81-6447-4214-b460-0ad62743fed0/current/log_inprogress_0
2019-08-22 09:08:37,595 [pool-159-thread-1] INFO  segmented.SegmentedRaftLogWorker (SegmentedRaftLogWorker.java:lambda$new$0(132)) - d02a13da-15f9-45c4-a762-6dfc7568bb22-SegmentedRaftLogWorker:Storage Directory /workdir/hadoop-ozone/integration-test/target/test-dir/MiniOzoneClusterImpl-a9cd9c89-5187-449b-b29a-99b9e5034f78/datanode-1/data/ratis/657f8f81-6447-4214-b460-0ad62743fed0: flushIndex: setUnconditionally 0 -> 0
2019-08-22 09:08:37,622 [pool-159-thread-1] INFO  server.RaftServerConfigKeys (ConfUtils.java:logGet(43)) - raft.server.snapshot.auto.trigger.enabled = true (custom)
2019-08-22 09:08:37,623 [pool-159-thread-1] INFO  server.RaftServerConfigKeys (ConfUtils.java:logGet(43)) - raft.server.snapshot.auto.trigger.threshold = 10000 (custom)
2019-08-22 09:08:37,623 [pool-159-thread-1] INFO  server.RaftServerConfigKeys (ConfUtils.java:logGet(43)) - raft.server.retrycache.expirytime = 600000ms (custom)
2019-08-22 09:08:37,702 | INFO  | ObjectStoreRestHttpServer | Listening HDDS REST traffic on /0.0.0.0:33963 |  
2019-08-22 09:08:37,703 [Thread-332] INFO  ozone.HddsDatanodeService (HddsDatanodeService.java:startPlugins(395)) - Started plug-in org.apache.hadoop.ozone.web.OzoneHddsDatanodeService@4a6b58d4
2019-08-22 09:08:37,704 [Thread-332] INFO  impl.MetricsSystemImpl (MetricsSystemImpl.java:init(158)) - HddsDatanode metrics system started (again)
2019-08-22 09:08:37,704 [org.apache.hadoop.util.JvmPauseMonitor$Monitor@46ab1d48] INFO  util.JvmPauseMonitor (JvmPauseMonitor.java:run(188)) - Starting JVM pause monitor
2019-08-22 09:08:37,708 [Thread-332] INFO  ozone.HddsDatanodeService (HddsDatanodeService.java:start(184)) - HddsDatanodeService host:pr-hdds-1898-9jx57-4170240974 ip:192.168.36.85
2019-08-22 09:08:37,709 [Thread-332] INFO  volume.VolumeUsage (VolumeUsage.java:loadScmUsed(144)) - Cached ScmUsed found for /workdir/hadoop-ozone/integration-test/target/test-dir/MiniOzoneClusterImpl-a9cd9c89-5187-449b-b29a-99b9e5034f78/datanode-2/data/containers : 4096 
2019-08-22 09:08:37,710 [Thread-332] INFO  volume.HddsVolume (HddsVolume.java:<init>(176)) - Creating Volume: /workdir/hadoop-ozone/integration-test/target/test-dir/MiniOzoneClusterImpl-a9cd9c89-5187-449b-b29a-99b9e5034f78/datanode-2/data/containers/hdds of  storage type : DISK and capacity : 1482555576320
2019-08-22 09:08:37,710 [Thread-332] INFO  volume.VolumeSet (VolumeSet.java:initializeVolumeSet(170)) - Added Volume : /workdir/hadoop-ozone/integration-test/target/test-dir/MiniOzoneClusterImpl-a9cd9c89-5187-449b-b29a-99b9e5034f78/datanode-2/data/containers/hdds to VolumeSet
2019-08-22 09:08:37,710 [Thread-332] INFO  volume.ThrottledAsyncChecker (ThrottledAsyncChecker.java:schedule(140)) - Scheduling a check for org.apache.hadoop.ozone.container.common.volume.HddsVolume@68720025
2019-08-22 09:08:37,710 [Thread-332] INFO  volume.HddsVolumeChecker (HddsVolumeChecker.java:checkAllVolumes(203)) - Scheduled health check for volume org.apache.hadoop.ozone.container.common.volume.HddsVolume@68720025
2019-08-22 09:08:37,731 [Thread-332] INFO  impl.RaftServerProxy (ConfUtils.java:logGet(43)) - raft.rpc.type = GRPC (default)
2019-08-22 09:08:37,731 [Thread-332] INFO  grpc.GrpcFactory (GrpcFactory.java:checkPooledByteBufAllocatorUseCacheForAllThreads(45)) - PERFORMANCE WARNING: useCacheForAllThreads is true that may cause Netty to create a lot garbage objects and, as a result, trigger GC.
	It is recommended to disable useCacheForAllThreads by setting -Dorg.apache.ratis.thirdparty.io.netty.allocator.useCacheForAllThreads=false in command line.
2019-08-22 09:08:37,732 [Thread-332] INFO  grpc.GrpcConfigKeys$Server (ConfUtils.java:logGet(43)) - raft.grpc.server.port = 43460 (custom)
2019-08-22 09:08:37,732 [Thread-332] INFO  server.GrpcService (ConfUtils.java:logGet(43)) - raft.grpc.message.size.max = 33570816 (custom)
2019-08-22 09:08:37,732 [Thread-332] INFO  server.RaftServerConfigKeys (ConfUtils.java:logGet(43)) - raft.server.log.appender.buffer.byte-limit = 33554432 (custom)
2019-08-22 09:08:37,732 [Thread-332] INFO  server.GrpcService (ConfUtils.java:logGet(43)) - raft.grpc.flow.control.window = 1MB (=1048576) (default)
2019-08-22 09:08:37,733 [Thread-332] INFO  server.RaftServerConfigKeys (ConfUtils.java:logGet(43)) - raft.server.rpc.request.timeout = 3000ms (default)
2019-08-22 09:08:37,733 [Thread-332] INFO  server.RaftServerConfigKeys (ConfUtils.java:logGet(43)) - raft.server.storage.dir = [/workdir/hadoop-ozone/integration-test/target/test-dir/MiniOzoneClusterImpl-a9cd9c89-5187-449b-b29a-99b9e5034f78/datanode-2/data/ratis] (custom)
2019-08-22 09:08:37,734 [Thread-332] INFO  impl.RaftServerProxy (RaftServerProxy.java:lambda$null$0(191)) - 0c311ac3-3334-459d-ab4e-72c3360f4a50: found a subdirectory /workdir/hadoop-ozone/integration-test/target/test-dir/MiniOzoneClusterImpl-a9cd9c89-5187-449b-b29a-99b9e5034f78/datanode-2/data/ratis/49763a6d-6d4c-41b4-946a-1fc91baae003
2019-08-22 09:08:37,734 [Thread-332] INFO  impl.RaftServerProxy (RaftServerProxy.java:addNew(89)) - 0c311ac3-3334-459d-ab4e-72c3360f4a50: addNew group-1FC91BAAE003:[] returns group-1FC91BAAE003:java.util.concurrent.CompletableFuture@5e26c808[Not completed]
2019-08-22 09:08:37,734 [Thread-332] INFO  impl.RaftServerProxy (RaftServerProxy.java:lambda$null$0(191)) - 0c311ac3-3334-459d-ab4e-72c3360f4a50: found a subdirectory /workdir/hadoop-ozone/integration-test/target/test-dir/MiniOzoneClusterImpl-a9cd9c89-5187-449b-b29a-99b9e5034f78/datanode-2/data/ratis/657f8f81-6447-4214-b460-0ad62743fed0
2019-08-22 09:08:37,735 [Thread-332] INFO  impl.RaftServerProxy (RaftServerProxy.java:addNew(89)) - 0c311ac3-3334-459d-ab4e-72c3360f4a50: addNew group-0AD62743FED0:[] returns group-0AD62743FED0:java.util.concurrent.CompletableFuture@1eaf314c[Not completed]
2019-08-22 09:08:37,735 [pool-170-thread-1] INFO  impl.RaftServerImpl (RaftServerImpl.java:<init>(93)) - 0c311ac3-3334-459d-ab4e-72c3360f4a50: new RaftServerImpl for group-1FC91BAAE003:[] with ContainerStateMachine:uninitialized
2019-08-22 09:08:37,735 [Thread-332] INFO  replication.SimpleContainerDownloader (SimpleContainerDownloader.java:<init>(72)) - Starting container downloader service to copy containers to replicate.
2019-08-22 09:08:37,735 [pool-170-thread-1] INFO  server.RaftServerConfigKeys (ConfUtils.java:logGet(43)) - raft.server.rpc.timeout.min = 5s (custom)
2019-08-22 09:08:37,736 [pool-170-thread-1] INFO  server.RaftServerConfigKeys (ConfUtils.java:logGet(43)) - raft.server.rpc.timeout.max = 5200ms (custom)
2019-08-22 09:08:37,736 [pool-170-thread-1] INFO  server.RaftServerConfigKeys (ConfUtils.java:logGet(43)) - raft.server.rpcslowness.timeout = 120s (custom)
2019-08-22 09:08:37,736 [pool-170-thread-1] INFO  server.RaftServerConfigKeys (ConfUtils.java:logGet(43)) - raft.server.sleep.deviation.threshold = 300 (default)
2019-08-22 09:08:37,736 [pool-170-thread-1] INFO  server.RaftServerConfigKeys (ConfUtils.java:logGet(43)) - raft.server.log.appender.install.snapshot.enabled = false (custom)
2019-08-22 09:08:37,736 [pool-170-thread-1] INFO  impl.RaftServerImpl (ServerState.java:<init>(105)) - 0c311ac3-3334-459d-ab4e-72c3360f4a50:group-1FC91BAAE003 ConfigurationManager, init=-1: [], old=null, confs=<EMPTY_MAP>
2019-08-22 09:08:37,737 [pool-170-thread-1] INFO  server.RaftServerConfigKeys (ConfUtils.java:logGet(43)) - raft.server.storage.dir = [/workdir/hadoop-ozone/integration-test/target/test-dir/MiniOzoneClusterImpl-a9cd9c89-5187-449b-b29a-99b9e5034f78/datanode-2/data/ratis] (custom)
2019-08-22 09:08:37,737 [Thread-332] INFO  hdfs.DFSUtil (DFSUtil.java:httpServerTemplateForNNAndJN(1641)) - Starting Web-server for hddsDatanode at: http://0.0.0.0:42152
2019-08-22 09:08:37,739 [Thread-332] INFO  server.AuthenticationFilter (AuthenticationFilter.java:constructSecretProvider(240)) - Unable to initialize FileSignerSecretProvider, falling back to use random secrets.
2019-08-22 09:08:37,739 [Thread-332] WARN  http.HttpRequestLog (HttpRequestLog.java:getRequestLog(97)) - Jetty request log can only be enabled using Log4j
2019-08-22 09:08:37,741 [Thread-332] INFO  http.HttpServer2 (HttpServer2.java:addGlobalFilter(975)) - Added global filter 'safety' (class=org.apache.hadoop.http.HttpServer2$QuotingInputFilter)
2019-08-22 09:08:37,742 [Thread-332] INFO  http.HttpServer2 (HttpServer2.java:addFilter(948)) - Added filter static_user_filter (class=org.apache.hadoop.http.lib.StaticUserWebFilter$StaticUserFilter) to context hddsDatanode
2019-08-22 09:08:37,742 [Thread-332] INFO  http.HttpServer2 (HttpServer2.java:addFilter(958)) - Added filter static_user_filter (class=org.apache.hadoop.http.lib.StaticUserWebFilter$StaticUserFilter) to context logs
2019-08-22 09:08:37,742 [Thread-332] INFO  http.HttpServer2 (HttpServer2.java:addFilter(958)) - Added filter static_user_filter (class=org.apache.hadoop.http.lib.StaticUserWebFilter$StaticUserFilter) to context static
2019-08-22 09:08:37,743 [Thread-332] INFO  http.HttpServer2 (HttpServer2.java:bindListener(1191)) - Jetty bound to port 42152
2019-08-22 09:08:37,743 [Thread-332] INFO  server.Server (Server.java:doStart(351)) - jetty-9.3.24.v20180605, build timestamp: 2018-06-05T17:11:56Z, git hash: 84205aa28f11a4f31f2a3b86d1bba2cc8ab69827
2019-08-22 09:08:37,746 [Thread-332] INFO  handler.ContextHandler (ContextHandler.java:doStart(781)) - Started o.e.j.s.ServletContextHandler@20a6a132{/logs,file:///workdir/hadoop-ozone/integration-test/target/log,AVAILABLE}
2019-08-22 09:08:37,746 [Thread-332] INFO  handler.ContextHandler (ContextHandler.java:doStart(781)) - Started o.e.j.s.ServletContextHandler@1e417a0b{/static,jar:file:/home/user/.m2/repository/org/apache/hadoop/hadoop-hdds-container-service/0.5.0-SNAPSHOT/hadoop-hdds-container-service-0.5.0-SNAPSHOT.jar!/webapps/static,AVAILABLE}
2019-08-22 09:08:37,761 [pool-170-thread-1] INFO  storage.RaftStorageDirectory (RaftStorageDirectory.java:tryLock(328)) - Lock on /workdir/hadoop-ozone/integration-test/target/test-dir/MiniOzoneClusterImpl-a9cd9c89-5187-449b-b29a-99b9e5034f78/datanode-2/data/ratis/49763a6d-6d4c-41b4-946a-1fc91baae003/in_use.lock acquired by nodename 4932@pr-hdds-1898-9jx57-4170240974
2019-08-22 09:08:37,761 [pool-170-thread-1] INFO  ratis.ContainerStateMachine (ContainerStateMachine.java:loadSnapshot(226)) - group-1FC91BAAE003: The snapshot info is null. Setting the last applied indexto:(t:0, i:~)
2019-08-22 09:08:37,762 [pool-170-thread-1] INFO  server.RaftServerConfigKeys (ConfUtils.java:logGet(43)) - raft.server.leader.election.timeout = 120s (custom)
2019-08-22 09:08:37,762 [pool-170-thread-1] INFO  server.RaftServerConfigKeys (ConfUtils.java:logGet(43)) - raft.server.log.use.memory = false (default)
2019-08-22 09:08:37,762 [pool-170-thread-1] INFO  server.RaftServerConfigKeys (ConfUtils.java:logGet(43)) - raft.server.log.purge.gap = 1000000 (custom)
2019-08-22 09:08:37,762 [pool-170-thread-1] INFO  server.RaftServerConfigKeys (ConfUtils.java:logGet(43)) - raft.server.log.appender.buffer.byte-limit = 33554432 (custom)
2019-08-22 09:08:37,762 [pool-170-thread-1] INFO  server.RaftServerConfigKeys (ConfUtils.java:logGet(43)) - raft.server.log.segment.size.max = 1048576 (custom)
2019-08-22 09:08:37,762 [pool-170-thread-1] INFO  server.RaftServerConfigKeys (ConfUtils.java:logGet(43)) - raft.server.log.segment.cache.num.max = 2 (custom)
2019-08-22 09:08:37,763 [pool-170-thread-1] INFO  segmented.SegmentedRaftLogWorker (SegmentedRaftLogWorker.java:<init>(172)) - new 0c311ac3-3334-459d-ab4e-72c3360f4a50-SegmentedRaftLogWorker:Storage Directory /workdir/hadoop-ozone/integration-test/target/test-dir/MiniOzoneClusterImpl-a9cd9c89-5187-449b-b29a-99b9e5034f78/datanode-2/data/ratis/49763a6d-6d4c-41b4-946a-1fc91baae003 for RaftStorage:Storage Directory /workdir/hadoop-ozone/integration-test/target/test-dir/MiniOzoneClusterImpl-a9cd9c89-5187-449b-b29a-99b9e5034f78/datanode-2/data/ratis/49763a6d-6d4c-41b4-946a-1fc91baae003
2019-08-22 09:08:37,763 [pool-170-thread-1] INFO  server.RaftServerConfigKeys (ConfUtils.java:logGet(43)) - raft.server.log.queue.byte-limit = 2147483647 (custom)
2019-08-22 09:08:37,763 [pool-170-thread-1] INFO  server.RaftServerConfigKeys (ConfUtils.java:logGet(43)) - raft.server.log.queue.element-limit = 1024 (custom)
2019-08-22 09:08:37,763 [pool-170-thread-1] INFO  server.RaftServerConfigKeys (ConfUtils.java:logGet(43)) - raft.server.log.segment.size.max = 1048576 (custom)
2019-08-22 09:08:37,763 [pool-170-thread-1] INFO  server.RaftServerConfigKeys (ConfUtils.java:logGet(43)) - raft.server.log.preallocated.size = 16384 (custom)
2019-08-22 09:08:37,763 [pool-170-thread-1] INFO  server.RaftServerConfigKeys (ConfUtils.java:logGet(43)) - raft.server.log.write.buffer.size = 33554432 (custom)
2019-08-22 09:08:37,763 [pool-170-thread-1] INFO  server.RaftServerConfigKeys (ConfUtils.java:logGet(43)) - raft.server.log.force.sync.num = 128 (default)
2019-08-22 09:08:37,763 [pool-170-thread-1] INFO  server.RaftServerConfigKeys (ConfUtils.java:logGet(43)) - raft.server.log.statemachine.data.sync = true (default)
2019-08-22 09:08:37,764 [pool-170-thread-1] INFO  server.RaftServerConfigKeys (ConfUtils.java:logGet(43)) - raft.server.log.statemachine.data.sync.timeout = 10s (default)
2019-08-22 09:08:37,764 [pool-170-thread-1] INFO  server.RaftServerConfigKeys (ConfUtils.java:logGet(43)) - raft.server.log.statemachine.data.sync.timeout.retry = -1 (default)
2019-08-22 09:08:37,764 [pool-170-thread-1] INFO  server.RaftServerConfigKeys (ConfUtils.java:logGet(43)) - raft.server.log.statemachine.data.caching.enabled = true (custom)
2019-08-22 09:08:37,765 [pool-170-thread-1] INFO  impl.RaftServerImpl (ServerState.java:setRaftConf(361)) - 0c311ac3-3334-459d-ab4e-72c3360f4a50:group-1FC91BAAE003 set configuration 0: [0c311ac3-3334-459d-ab4e-72c3360f4a50:192.168.36.85:43460], old=null at 0
2019-08-22 09:08:37,765 [pool-170-thread-1] INFO  segmented.LogSegment (LogSegment.java:loadSegment(145)) - Successfully read 1 entries from segment file /workdir/hadoop-ozone/integration-test/target/test-dir/MiniOzoneClusterImpl-a9cd9c89-5187-449b-b29a-99b9e5034f78/datanode-2/data/ratis/49763a6d-6d4c-41b4-946a-1fc91baae003/current/log_inprogress_0
2019-08-22 09:08:37,765 [pool-170-thread-1] INFO  segmented.SegmentedRaftLogWorker (SegmentedRaftLogWorker.java:lambda$new$0(132)) - 0c311ac3-3334-459d-ab4e-72c3360f4a50-SegmentedRaftLogWorker:Storage Directory /workdir/hadoop-ozone/integration-test/target/test-dir/MiniOzoneClusterImpl-a9cd9c89-5187-449b-b29a-99b9e5034f78/datanode-2/data/ratis/49763a6d-6d4c-41b4-946a-1fc91baae003: flushIndex: setUnconditionally 0 -> 0
2019-08-22 09:08:37,784 [Thread-332] INFO  handler.ContextHandler (ContextHandler.java:doStart(781)) - Started o.e.j.w.WebAppContext@f72f76f{/,file:///tmp/jetty-0.0.0.0-42152-hddsDatanode-_-any-4026870529753464877.dir/webapp/,AVAILABLE}{/hddsDatanode}
2019-08-22 09:08:37,785 [Thread-332] INFO  server.AbstractConnector (AbstractConnector.java:doStart(278)) - Started ServerConnector@695c9e0d{HTTP/1.1,[http/1.1]}{0.0.0.0:42152}
2019-08-22 09:08:37,792 [Thread-332] INFO  server.Server (Server.java:doStart(419)) - Started @53235ms
2019-08-22 09:08:37,792 [pool-170-thread-1] INFO  server.RaftServerConfigKeys (ConfUtils.java:logGet(43)) - raft.server.snapshot.auto.trigger.enabled = true (custom)
2019-08-22 09:08:37,792 [pool-170-thread-1] INFO  server.RaftServerConfigKeys (ConfUtils.java:logGet(43)) - raft.server.snapshot.auto.trigger.threshold = 10000 (custom)
2019-08-22 09:08:37,793 [pool-170-thread-1] INFO  server.RaftServerConfigKeys (ConfUtils.java:logGet(43)) - raft.server.retrycache.expirytime = 600000ms (custom)
2019-08-22 09:08:37,793 [Thread-332] INFO  server.BaseHttpServer (BaseHttpServer.java:updateConnectorAddress(213)) - HTTP server of HDDSDATANODE is listening at http://0.0.0.0:42152
2019-08-22 09:08:37,794 [pool-170-thread-1] INFO  impl.RaftServerImpl (RaftServerImpl.java:<init>(93)) - 0c311ac3-3334-459d-ab4e-72c3360f4a50: new RaftServerImpl for group-0AD62743FED0:[] with ContainerStateMachine:uninitialized
2019-08-22 09:08:37,794 [pool-170-thread-1] INFO  server.RaftServerConfigKeys (ConfUtils.java:logGet(43)) - raft.server.rpc.timeout.min = 5s (custom)
2019-08-22 09:08:37,794 [pool-170-thread-1] INFO  server.RaftServerConfigKeys (ConfUtils.java:logGet(43)) - raft.server.rpc.timeout.max = 5200ms (custom)
2019-08-22 09:08:37,794 [pool-170-thread-1] INFO  server.RaftServerConfigKeys (ConfUtils.java:logGet(43)) - raft.server.rpcslowness.timeout = 120s (custom)
2019-08-22 09:08:37,794 [pool-170-thread-1] INFO  server.RaftServerConfigKeys (ConfUtils.java:logGet(43)) - raft.server.sleep.deviation.threshold = 300 (default)
2019-08-22 09:08:37,794 [pool-170-thread-1] INFO  server.RaftServerConfigKeys (ConfUtils.java:logGet(43)) - raft.server.log.appender.install.snapshot.enabled = false (custom)
2019-08-22 09:08:37,795 [pool-170-thread-1] INFO  impl.RaftServerImpl (ServerState.java:<init>(105)) - 0c311ac3-3334-459d-ab4e-72c3360f4a50:group-0AD62743FED0 ConfigurationManager, init=-1: [], old=null, confs=<EMPTY_MAP>
2019-08-22 09:08:37,795 [pool-170-thread-1] INFO  server.RaftServerConfigKeys (ConfUtils.java:logGet(43)) - raft.server.storage.dir = [/workdir/hadoop-ozone/integration-test/target/test-dir/MiniOzoneClusterImpl-a9cd9c89-5187-449b-b29a-99b9e5034f78/datanode-2/data/ratis] (custom)
2019-08-22 09:08:37,825 [pool-170-thread-1] INFO  storage.RaftStorageDirectory (RaftStorageDirectory.java:tryLock(328)) - Lock on /workdir/hadoop-ozone/integration-test/target/test-dir/MiniOzoneClusterImpl-a9cd9c89-5187-449b-b29a-99b9e5034f78/datanode-2/data/ratis/657f8f81-6447-4214-b460-0ad62743fed0/in_use.lock acquired by nodename 4932@pr-hdds-1898-9jx57-4170240974
2019-08-22 09:08:37,826 [pool-170-thread-1] INFO  ratis.ContainerStateMachine (ContainerStateMachine.java:loadSnapshot(226)) - group-0AD62743FED0: The snapshot info is null. Setting the last applied indexto:(t:0, i:~)
2019-08-22 09:08:37,826 [pool-170-thread-1] INFO  server.RaftServerConfigKeys (ConfUtils.java:logGet(43)) - raft.server.leader.election.timeout = 120s (custom)
2019-08-22 09:08:37,826 [pool-170-thread-1] INFO  server.RaftServerConfigKeys (ConfUtils.java:logGet(43)) - raft.server.log.use.memory = false (default)
2019-08-22 09:08:37,827 [pool-170-thread-1] INFO  server.RaftServerConfigKeys (ConfUtils.java:logGet(43)) - raft.server.log.purge.gap = 1000000 (custom)
2019-08-22 09:08:37,827 [pool-170-thread-1] INFO  server.RaftServerConfigKeys (ConfUtils.java:logGet(43)) - raft.server.log.appender.buffer.byte-limit = 33554432 (custom)
2019-08-22 09:08:37,827 [pool-170-thread-1] INFO  server.RaftServerConfigKeys (ConfUtils.java:logGet(43)) - raft.server.log.segment.size.max = 1048576 (custom)
2019-08-22 09:08:37,827 [pool-170-thread-1] INFO  server.RaftServerConfigKeys (ConfUtils.java:logGet(43)) - raft.server.log.segment.cache.num.max = 2 (custom)
2019-08-22 09:08:37,827 [pool-170-thread-1] INFO  segmented.SegmentedRaftLogWorker (SegmentedRaftLogWorker.java:<init>(172)) - new 0c311ac3-3334-459d-ab4e-72c3360f4a50-SegmentedRaftLogWorker:Storage Directory /workdir/hadoop-ozone/integration-test/target/test-dir/MiniOzoneClusterImpl-a9cd9c89-5187-449b-b29a-99b9e5034f78/datanode-2/data/ratis/657f8f81-6447-4214-b460-0ad62743fed0 for RaftStorage:Storage Directory /workdir/hadoop-ozone/integration-test/target/test-dir/MiniOzoneClusterImpl-a9cd9c89-5187-449b-b29a-99b9e5034f78/datanode-2/data/ratis/657f8f81-6447-4214-b460-0ad62743fed0
2019-08-22 09:08:37,828 [pool-170-thread-1] INFO  server.RaftServerConfigKeys (ConfUtils.java:logGet(43)) - raft.server.log.queue.byte-limit = 2147483647 (custom)
2019-08-22 09:08:37,828 [pool-170-thread-1] INFO  server.RaftServerConfigKeys (ConfUtils.java:logGet(43)) - raft.server.log.queue.element-limit = 1024 (custom)
2019-08-22 09:08:37,828 [pool-170-thread-1] INFO  server.RaftServerConfigKeys (ConfUtils.java:logGet(43)) - raft.server.log.segment.size.max = 1048576 (custom)
2019-08-22 09:08:37,828 [pool-170-thread-1] INFO  server.RaftServerConfigKeys (ConfUtils.java:logGet(43)) - raft.server.log.preallocated.size = 16384 (custom)
2019-08-22 09:08:37,828 [pool-170-thread-1] INFO  server.RaftServerConfigKeys (ConfUtils.java:logGet(43)) - raft.server.log.write.buffer.size = 33554432 (custom)
2019-08-22 09:08:37,828 [pool-170-thread-1] INFO  server.RaftServerConfigKeys (ConfUtils.java:logGet(43)) - raft.server.log.force.sync.num = 128 (default)
2019-08-22 09:08:37,828 [pool-170-thread-1] INFO  server.RaftServerConfigKeys (ConfUtils.java:logGet(43)) - raft.server.log.statemachine.data.sync = true (default)
2019-08-22 09:08:37,829 [pool-170-thread-1] INFO  server.RaftServerConfigKeys (ConfUtils.java:logGet(43)) - raft.server.log.statemachine.data.sync.timeout = 10s (default)
2019-08-22 09:08:37,829 [pool-170-thread-1] INFO  server.RaftServerConfigKeys (ConfUtils.java:logGet(43)) - raft.server.log.statemachine.data.sync.timeout.retry = -1 (default)
2019-08-22 09:08:37,829 [pool-170-thread-1] INFO  server.RaftServerConfigKeys (ConfUtils.java:logGet(43)) - raft.server.log.statemachine.data.caching.enabled = true (custom)
2019-08-22 09:08:37,830 [pool-170-thread-1] INFO  impl.RaftServerImpl (ServerState.java:setRaftConf(361)) - 0c311ac3-3334-459d-ab4e-72c3360f4a50:group-0AD62743FED0 set configuration 0: [d02a13da-15f9-45c4-a762-6dfc7568bb22:192.168.36.85:35380, 009b6f07-dfd6-4718-924a-1817c3c071ab:192.168.36.85:36596, 0c311ac3-3334-459d-ab4e-72c3360f4a50:192.168.36.85:43460], old=null at 0
2019-08-22 09:08:37,830 [pool-170-thread-1] INFO  segmented.LogSegment (LogSegment.java:loadSegment(145)) - Successfully read 1 entries from segment file /workdir/hadoop-ozone/integration-test/target/test-dir/MiniOzoneClusterImpl-a9cd9c89-5187-449b-b29a-99b9e5034f78/datanode-2/data/ratis/657f8f81-6447-4214-b460-0ad62743fed0/current/log_inprogress_0
2019-08-22 09:08:37,830 [pool-170-thread-1] INFO  segmented.SegmentedRaftLogWorker (SegmentedRaftLogWorker.java:lambda$new$0(132)) - 0c311ac3-3334-459d-ab4e-72c3360f4a50-SegmentedRaftLogWorker:Storage Directory /workdir/hadoop-ozone/integration-test/target/test-dir/MiniOzoneClusterImpl-a9cd9c89-5187-449b-b29a-99b9e5034f78/datanode-2/data/ratis/657f8f81-6447-4214-b460-0ad62743fed0: flushIndex: setUnconditionally 0 -> 0
2019-08-22 09:08:37,983 [pool-170-thread-1] INFO  server.RaftServerConfigKeys (ConfUtils.java:logGet(43)) - raft.server.snapshot.auto.trigger.enabled = true (custom)
2019-08-22 09:08:37,992 [pool-170-thread-1] INFO  server.RaftServerConfigKeys (ConfUtils.java:logGet(43)) - raft.server.snapshot.auto.trigger.threshold = 10000 (custom)
2019-08-22 09:08:37,996 [pool-170-thread-1] INFO  server.RaftServerConfigKeys (ConfUtils.java:logGet(43)) - raft.server.retrycache.expirytime = 600000ms (custom)
2019-08-22 09:08:38,108 | INFO  | ObjectStoreRestHttpServer | Listening HDDS REST traffic on /0.0.0.0:34537 |  
2019-08-22 09:08:38,108 [Thread-332] INFO  ozone.HddsDatanodeService (HddsDatanodeService.java:startPlugins(395)) - Started plug-in org.apache.hadoop.ozone.web.OzoneHddsDatanodeService@18434300
2019-08-22 09:08:38,109 [Thread-332] INFO  pipeline.SCMPipelineManager (SCMPipelineManager.java:finalizeAndDestroyPipeline(309)) - destroying pipeline:Pipeline[ Id: 657f8f81-6447-4214-b460-0ad62743fed0, Nodes: 009b6f07-dfd6-4718-924a-1817c3c071ab{ip: 192.168.36.85, host: pr-hdds-1898-9jx57-4170240974, networkLocation: /default-rack, certSerialId: null}d02a13da-15f9-45c4-a762-6dfc7568bb22{ip: 192.168.36.85, host: pr-hdds-1898-9jx57-4170240974, networkLocation: /default-rack, certSerialId: null}0c311ac3-3334-459d-ab4e-72c3360f4a50{ip: 192.168.36.85, host: pr-hdds-1898-9jx57-4170240974, networkLocation: /default-rack, certSerialId: null}, Type:RATIS, Factor:THREE, State:OPEN]
2019-08-22 09:08:38,110 [org.apache.hadoop.util.JvmPauseMonitor$Monitor@2041eb1a] INFO  util.JvmPauseMonitor (JvmPauseMonitor.java:run(188)) - Starting JVM pause monitor
2019-08-22 09:08:38,115 [Thread-332] WARN  pipeline.RatisPipelineUtils (RatisPipelineUtils.java:destroyPipeline(66)) - Pipeline destroy failed for pipeline=PipelineID=657f8f81-6447-4214-b460-0ad62743fed0 dn=009b6f07-dfd6-4718-924a-1817c3c071ab{ip: 192.168.36.85, host: pr-hdds-1898-9jx57-4170240974, networkLocation: /default-rack, certSerialId: null}
2019-08-22 09:08:38,117 [Thread-332] WARN  pipeline.RatisPipelineUtils (RatisPipelineUtils.java:destroyPipeline(66)) - Pipeline destroy failed for pipeline=PipelineID=657f8f81-6447-4214-b460-0ad62743fed0 dn=d02a13da-15f9-45c4-a762-6dfc7568bb22{ip: 192.168.36.85, host: pr-hdds-1898-9jx57-4170240974, networkLocation: /default-rack, certSerialId: null}
2019-08-22 09:08:38,119 [Thread-332] WARN  pipeline.RatisPipelineUtils (RatisPipelineUtils.java:destroyPipeline(66)) - Pipeline destroy failed for pipeline=PipelineID=657f8f81-6447-4214-b460-0ad62743fed0 dn=0c311ac3-3334-459d-ab4e-72c3360f4a50{ip: 192.168.36.85, host: pr-hdds-1898-9jx57-4170240974, networkLocation: /default-rack, certSerialId: null}
2019-08-22 09:08:38,120 [Thread-332] INFO  pipeline.PipelineStateManager (PipelineStateManager.java:removePipeline(108)) - Pipeline Pipeline[ Id: 657f8f81-6447-4214-b460-0ad62743fed0, Nodes: 009b6f07-dfd6-4718-924a-1817c3c071ab{ip: 192.168.36.85, host: pr-hdds-1898-9jx57-4170240974, networkLocation: /default-rack, certSerialId: null}d02a13da-15f9-45c4-a762-6dfc7568bb22{ip: 192.168.36.85, host: pr-hdds-1898-9jx57-4170240974, networkLocation: /default-rack, certSerialId: null}0c311ac3-3334-459d-ab4e-72c3360f4a50{ip: 192.168.36.85, host: pr-hdds-1898-9jx57-4170240974, networkLocation: /default-rack, certSerialId: null}, Type:RATIS, Factor:THREE, State:CLOSED] removed from db
2019-08-22 09:08:39,474 | INFO  | SCMAudit | user=jenkins1000 | ip=192.168.36.85 | op=GET_VERSION null | ret=SUCCESS |  
2019-08-22 09:08:39,475 [Datanode State Machine Thread - 0] INFO  ozoneimpl.OzoneContainer (OzoneContainer.java:start(186)) - Attempting to start container services.
2019-08-22 09:08:39,476 [Datanode State Machine Thread - 0] INFO  ozoneimpl.OzoneContainer (OzoneContainer.java:startContainerScrub(160)) - Background container scrubber has been disabled by hdds.containerscrub.enabled
2019-08-22 09:08:39,476 [Datanode State Machine Thread - 0] INFO  ratis.XceiverServerRatis (XceiverServerRatis.java:start(404)) - Starting XceiverServerRatis 009b6f07-dfd6-4718-924a-1817c3c071ab at port 36596
2019-08-22 09:08:39,484 [Datanode State Machine Thread - 0] INFO  impl.RaftServerImpl (RaftServerImpl.java:start(180)) - 009b6f07-dfd6-4718-924a-1817c3c071ab: start group-0AD62743FED0
2019-08-22 09:08:39,484 [ForkJoinPool.commonPool-worker-0] INFO  impl.RaftServerImpl (RaftServerImpl.java:start(180)) - 009b6f07-dfd6-4718-924a-1817c3c071ab: start group-20E6B7042646
2019-08-22 09:08:39,485 [Datanode State Machine Thread - 0] INFO  impl.RaftServerImpl (RaftServerImpl.java:setRole(171)) - 009b6f07-dfd6-4718-924a-1817c3c071ab:group-0AD62743FED0 changes role from null to FOLLOWER at term 1 for startAsFollower
2019-08-22 09:08:39,486 [ForkJoinPool.commonPool-worker-0] INFO  impl.RaftServerImpl (RaftServerImpl.java:setRole(171)) - 009b6f07-dfd6-4718-924a-1817c3c071ab:group-20E6B7042646 changes role from null to FOLLOWER at term 1 for startAsFollower
2019-08-22 09:08:39,487 [Datanode State Machine Thread - 0] INFO  impl.RoleInfo (RoleInfo.java:updateAndGet(143)) - 009b6f07-dfd6-4718-924a-1817c3c071ab: start FollowerState
2019-08-22 09:08:39,487 [ForkJoinPool.commonPool-worker-0] INFO  impl.RoleInfo (RoleInfo.java:updateAndGet(143)) - 009b6f07-dfd6-4718-924a-1817c3c071ab: start FollowerState
2019-08-22 09:08:39,488 [Datanode State Machine Thread - 0] INFO  util.JmxRegister (JmxRegister.java:tryRegister(44)) - Successfully registered JMX Bean with object name Ratis:service=RaftServer,group=group-0AD62743FED0,id=009b6f07-dfd6-4718-924a-1817c3c071ab
2019-08-22 09:08:39,488 [ForkJoinPool.commonPool-worker-0] INFO  util.JmxRegister (JmxRegister.java:tryRegister(44)) - Successfully registered JMX Bean with object name Ratis:service=RaftServer,group=group-20E6B7042646,id=009b6f07-dfd6-4718-924a-1817c3c071ab
2019-08-22 09:08:39,488 [Datanode State Machine Thread - 0] INFO  impl.RaftServerProxy (RaftServerProxy.java:lambda$start$3(299)) - 009b6f07-dfd6-4718-924a-1817c3c071ab: start RPC server
2019-08-22 09:08:39,495 [Datanode State Machine Thread - 0] INFO  server.GrpcService (GrpcService.java:startImpl(149)) - 009b6f07-dfd6-4718-924a-1817c3c071ab: GrpcService started, listening on 0.0.0.0/0.0.0.0:36596
2019-08-22 09:08:39,706 | INFO  | SCMAudit | user=jenkins1000 | ip=192.168.36.85 | op=GET_VERSION null | ret=SUCCESS |  
2019-08-22 09:08:39,707 [Datanode State Machine Thread - 0] INFO  ozoneimpl.OzoneContainer (OzoneContainer.java:start(186)) - Attempting to start container services.
2019-08-22 09:08:39,707 [Datanode State Machine Thread - 0] INFO  ozoneimpl.OzoneContainer (OzoneContainer.java:startContainerScrub(160)) - Background container scrubber has been disabled by hdds.containerscrub.enabled
2019-08-22 09:08:39,708 [Datanode State Machine Thread - 0] INFO  ratis.XceiverServerRatis (XceiverServerRatis.java:start(404)) - Starting XceiverServerRatis d02a13da-15f9-45c4-a762-6dfc7568bb22 at port 35380
2019-08-22 09:08:39,715 [Datanode State Machine Thread - 0] INFO  impl.RaftServerImpl (RaftServerImpl.java:start(180)) - d02a13da-15f9-45c4-a762-6dfc7568bb22: start group-A1477BB5BD47
2019-08-22 09:08:39,715 [ForkJoinPool.commonPool-worker-0] INFO  impl.RaftServerImpl (RaftServerImpl.java:start(180)) - d02a13da-15f9-45c4-a762-6dfc7568bb22: start group-0AD62743FED0
2019-08-22 09:08:39,717 [Datanode State Machine Thread - 0] INFO  impl.RaftServerImpl (RaftServerImpl.java:setRole(171)) - d02a13da-15f9-45c4-a762-6dfc7568bb22:group-A1477BB5BD47 changes role from null to FOLLOWER at term 1 for startAsFollower
2019-08-22 09:08:39,718 [ForkJoinPool.commonPool-worker-0] INFO  impl.RaftServerImpl (RaftServerImpl.java:setRole(171)) - d02a13da-15f9-45c4-a762-6dfc7568bb22:group-0AD62743FED0 changes role from null to FOLLOWER at term 1 for startAsFollower
2019-08-22 09:08:39,718 [Datanode State Machine Thread - 0] INFO  impl.RoleInfo (RoleInfo.java:updateAndGet(143)) - d02a13da-15f9-45c4-a762-6dfc7568bb22: start FollowerState
2019-08-22 09:08:39,718 [ForkJoinPool.commonPool-worker-0] INFO  impl.RoleInfo (RoleInfo.java:updateAndGet(143)) - d02a13da-15f9-45c4-a762-6dfc7568bb22: start FollowerState
2019-08-22 09:08:39,719 [ForkJoinPool.commonPool-worker-0] INFO  util.JmxRegister (JmxRegister.java:tryRegister(44)) - Successfully registered JMX Bean with object name Ratis:service=RaftServer,group=group-0AD62743FED0,id=d02a13da-15f9-45c4-a762-6dfc7568bb22
2019-08-22 09:08:39,719 [Datanode State Machine Thread - 0] INFO  util.JmxRegister (JmxRegister.java:tryRegister(44)) - Successfully registered JMX Bean with object name Ratis:service=RaftServer,group=group-A1477BB5BD47,id=d02a13da-15f9-45c4-a762-6dfc7568bb22
2019-08-22 09:08:39,719 [Datanode State Machine Thread - 0] INFO  impl.RaftServerProxy (RaftServerProxy.java:lambda$start$3(299)) - d02a13da-15f9-45c4-a762-6dfc7568bb22: start RPC server
2019-08-22 09:08:39,721 [Datanode State Machine Thread - 0] INFO  server.GrpcService (GrpcService.java:startImpl(149)) - d02a13da-15f9-45c4-a762-6dfc7568bb22: GrpcService started, listening on 0.0.0.0/0.0.0.0:35380
2019-08-22 09:08:40,111 | INFO  | SCMAudit | user=jenkins1000 | ip=192.168.36.85 | op=GET_VERSION null | ret=SUCCESS |  
2019-08-22 09:08:40,112 [Datanode State Machine Thread - 0] INFO  ozoneimpl.OzoneContainer (OzoneContainer.java:start(186)) - Attempting to start container services.
2019-08-22 09:08:40,112 [Datanode State Machine Thread - 0] INFO  ozoneimpl.OzoneContainer (OzoneContainer.java:startContainerScrub(160)) - Background container scrubber has been disabled by hdds.containerscrub.enabled
2019-08-22 09:08:40,112 [Datanode State Machine Thread - 0] INFO  ratis.XceiverServerRatis (XceiverServerRatis.java:start(404)) - Starting XceiverServerRatis 0c311ac3-3334-459d-ab4e-72c3360f4a50 at port 43460
2019-08-22 09:08:40,120 [Datanode State Machine Thread - 0] INFO  impl.RaftServerImpl (RaftServerImpl.java:start(180)) - 0c311ac3-3334-459d-ab4e-72c3360f4a50: start group-1FC91BAAE003
2019-08-22 09:08:40,120 [ForkJoinPool.commonPool-worker-0] INFO  impl.RaftServerImpl (RaftServerImpl.java:start(180)) - 0c311ac3-3334-459d-ab4e-72c3360f4a50: start group-0AD62743FED0
2019-08-22 09:08:40,121 [Datanode State Machine Thread - 0] INFO  impl.RaftServerImpl (RaftServerImpl.java:setRole(171)) - 0c311ac3-3334-459d-ab4e-72c3360f4a50:group-1FC91BAAE003 changes role from null to FOLLOWER at term 1 for startAsFollower
2019-08-22 09:08:40,123 [ForkJoinPool.commonPool-worker-0] INFO  impl.RaftServerImpl (RaftServerImpl.java:setRole(171)) - 0c311ac3-3334-459d-ab4e-72c3360f4a50:group-0AD62743FED0 changes role from null to FOLLOWER at term 2 for startAsFollower
2019-08-22 09:08:40,123 [Datanode State Machine Thread - 0] INFO  impl.RoleInfo (RoleInfo.java:updateAndGet(143)) - 0c311ac3-3334-459d-ab4e-72c3360f4a50: start FollowerState
2019-08-22 09:08:40,123 [ForkJoinPool.commonPool-worker-0] INFO  impl.RoleInfo (RoleInfo.java:updateAndGet(143)) - 0c311ac3-3334-459d-ab4e-72c3360f4a50: start FollowerState
2019-08-22 09:08:40,124 [Datanode State Machine Thread - 0] INFO  util.JmxRegister (JmxRegister.java:tryRegister(44)) - Successfully registered JMX Bean with object name Ratis:service=RaftServer,group=group-1FC91BAAE003,id=0c311ac3-3334-459d-ab4e-72c3360f4a50
2019-08-22 09:08:40,124 [ForkJoinPool.commonPool-worker-0] INFO  util.JmxRegister (JmxRegister.java:tryRegister(44)) - Successfully registered JMX Bean with object name Ratis:service=RaftServer,group=group-0AD62743FED0,id=0c311ac3-3334-459d-ab4e-72c3360f4a50
2019-08-22 09:08:40,124 [Datanode State Machine Thread - 0] INFO  impl.RaftServerProxy (RaftServerProxy.java:lambda$start$3(299)) - 0c311ac3-3334-459d-ab4e-72c3360f4a50: start RPC server
2019-08-22 09:08:40,125 [Datanode State Machine Thread - 0] INFO  server.GrpcService (GrpcService.java:startImpl(149)) - 0c311ac3-3334-459d-ab4e-72c3360f4a50: GrpcService started, listening on 0.0.0.0/0.0.0.0:43460
2019-08-22 09:08:41,480 | INFO  | SCMAudit | user=jenkins1000 | ip=192.168.36.85 | op=REGISTER {datanodeDetails=009b6f07-dfd6-4718-924a-1817c3c071ab{ip: 192.168.36.85, host: pr-hdds-1898-9jx57-4170240974, networkLocation: /default-rack, certSerialId: null}} | ret=SUCCESS |  
2019-08-22 09:08:41,495 [grpc-default-executor-0] INFO  impl.RaftServerProxy (RaftServerProxy.java:remove(95)) - 009b6f07-dfd6-4718-924a-1817c3c071ab: remove FOLLOWER group-0AD62743FED0 009b6f07-dfd6-4718-924a-1817c3c071ab:t1, leader=null, voted=009b6f07-dfd6-4718-924a-1817c3c071ab, raftlog=009b6f07-dfd6-4718-924a-1817c3c071ab-SegmentedRaftLog:OPENED:c-1,f0,i0, conf=0: [d02a13da-15f9-45c4-a762-6dfc7568bb22:192.168.36.85:35380, 009b6f07-dfd6-4718-924a-1817c3c071ab:192.168.36.85:36596, 0c311ac3-3334-459d-ab4e-72c3360f4a50:192.168.36.85:43460], old=null RUNNING
2019-08-22 09:08:41,496 [grpc-default-executor-0] INFO  impl.RaftServerImpl (RaftServerImpl.java:lambda$shutdown$3(245)) - 009b6f07-dfd6-4718-924a-1817c3c071ab: shutdown group-0AD62743FED0
2019-08-22 09:08:41,496 [grpc-default-executor-0] INFO  util.JmxRegister (JmxRegister.java:unregister(73)) - Successfully un-registered JMX Bean with object name Ratis:service=RaftServer,group=group-0AD62743FED0,id=009b6f07-dfd6-4718-924a-1817c3c071ab
2019-08-22 09:08:41,496 [grpc-default-executor-0] INFO  impl.RoleInfo (RoleInfo.java:shutdownFollowerState(121)) - 009b6f07-dfd6-4718-924a-1817c3c071ab: shutdown FollowerState
2019-08-22 09:08:41,497 [grpc-default-executor-0] INFO  impl.StateMachineUpdater (StateMachineUpdater.java:stopAndJoin(115)) - StateMachineUpdater:009b6f07-dfd6-4718-924a-1817c3c071ab:group-0AD62743FED0: set stopIndex = -1
2019-08-22 09:08:41,497 [Thread-597] INFO  impl.FollowerState (FollowerState.java:run(114)) - 009b6f07-dfd6-4718-924a-1817c3c071ab: FollowerState was interrupted: java.lang.InterruptedException: sleep interrupted
2019-08-22 09:08:41,497 [grpc-default-executor-0] INFO  impl.RaftServerImpl (ServerState.java:close(394)) - 009b6f07-dfd6-4718-924a-1817c3c071ab:group-0AD62743FED0 closes. The last applied log index is -1
2019-08-22 09:08:41,499 [009b6f07-dfd6-4718-924a-1817c3c071ab-SegmentedRaftLogWorker:Storage Directory /workdir/hadoop-ozone/integration-test/target/test-dir/MiniOzoneClusterImpl-a9cd9c89-5187-449b-b29a-99b9e5034f78/datanode-0/data/ratis/657f8f81-6447-4214-b460-0ad62743fed0] INFO  segmented.SegmentedRaftLogWorker (SegmentedRaftLogWorker.java:run(313)) - 009b6f07-dfd6-4718-924a-1817c3c071ab-SegmentedRaftLogWorker:Storage Directory /workdir/hadoop-ozone/integration-test/target/test-dir/MiniOzoneClusterImpl-a9cd9c89-5187-449b-b29a-99b9e5034f78/datanode-0/data/ratis/657f8f81-6447-4214-b460-0ad62743fed0 was interrupted, exiting. There are 0 tasks remaining in the queue.
2019-08-22 09:08:41,500 [grpc-default-executor-0] INFO  segmented.SegmentedRaftLogWorker (SegmentedRaftLogWorker.java:close(228)) - 009b6f07-dfd6-4718-924a-1817c3c071ab-SegmentedRaftLogWorker:Storage Directory /workdir/hadoop-ozone/integration-test/target/test-dir/MiniOzoneClusterImpl-a9cd9c89-5187-449b-b29a-99b9e5034f78/datanode-0/data/ratis/657f8f81-6447-4214-b460-0ad62743fed0 close()
2019-08-22 09:08:41,707 | INFO  | SCMAudit | user=jenkins1000 | ip=192.168.36.85 | op=REGISTER {datanodeDetails=d02a13da-15f9-45c4-a762-6dfc7568bb22{ip: 192.168.36.85, host: pr-hdds-1898-9jx57-4170240974, networkLocation: /default-rack, certSerialId: null}} | ret=SUCCESS |  
2019-08-22 09:08:41,714 [grpc-default-executor-0] INFO  impl.RaftServerProxy (RaftServerProxy.java:remove(95)) - d02a13da-15f9-45c4-a762-6dfc7568bb22: remove FOLLOWER group-0AD62743FED0 d02a13da-15f9-45c4-a762-6dfc7568bb22:t1, leader=null, voted=009b6f07-dfd6-4718-924a-1817c3c071ab, raftlog=d02a13da-15f9-45c4-a762-6dfc7568bb22-SegmentedRaftLog:OPENED:c-1,f0,i0, conf=0: [d02a13da-15f9-45c4-a762-6dfc7568bb22:192.168.36.85:35380, 009b6f07-dfd6-4718-924a-1817c3c071ab:192.168.36.85:36596, 0c311ac3-3334-459d-ab4e-72c3360f4a50:192.168.36.85:43460], old=null RUNNING
2019-08-22 09:08:41,714 [grpc-default-executor-0] INFO  impl.RaftServerImpl (RaftServerImpl.java:lambda$shutdown$3(245)) - d02a13da-15f9-45c4-a762-6dfc7568bb22: shutdown group-0AD62743FED0
2019-08-22 09:08:41,715 [grpc-default-executor-0] INFO  util.JmxRegister (JmxRegister.java:unregister(73)) - Successfully un-registered JMX Bean with object name Ratis:service=RaftServer,group=group-0AD62743FED0,id=d02a13da-15f9-45c4-a762-6dfc7568bb22
2019-08-22 09:08:41,715 [grpc-default-executor-0] INFO  impl.RoleInfo (RoleInfo.java:shutdownFollowerState(121)) - d02a13da-15f9-45c4-a762-6dfc7568bb22: shutdown FollowerState
2019-08-22 09:08:41,715 [grpc-default-executor-0] INFO  impl.StateMachineUpdater (StateMachineUpdater.java:stopAndJoin(115)) - StateMachineUpdater:d02a13da-15f9-45c4-a762-6dfc7568bb22:group-0AD62743FED0: set stopIndex = -1
2019-08-22 09:08:41,715 [Thread-600] INFO  impl.FollowerState (FollowerState.java:run(114)) - d02a13da-15f9-45c4-a762-6dfc7568bb22: FollowerState was interrupted: java.lang.InterruptedException: sleep interrupted
2019-08-22 09:08:41,715 [grpc-default-executor-0] INFO  impl.RaftServerImpl (ServerState.java:close(394)) - d02a13da-15f9-45c4-a762-6dfc7568bb22:group-0AD62743FED0 closes. The last applied log index is -1
2019-08-22 09:08:41,718 [d02a13da-15f9-45c4-a762-6dfc7568bb22-SegmentedRaftLogWorker:Storage Directory /workdir/hadoop-ozone/integration-test/target/test-dir/MiniOzoneClusterImpl-a9cd9c89-5187-449b-b29a-99b9e5034f78/datanode-1/data/ratis/657f8f81-6447-4214-b460-0ad62743fed0] INFO  segmented.SegmentedRaftLogWorker (SegmentedRaftLogWorker.java:run(313)) - d02a13da-15f9-45c4-a762-6dfc7568bb22-SegmentedRaftLogWorker:Storage Directory /workdir/hadoop-ozone/integration-test/target/test-dir/MiniOzoneClusterImpl-a9cd9c89-5187-449b-b29a-99b9e5034f78/datanode-1/data/ratis/657f8f81-6447-4214-b460-0ad62743fed0 was interrupted, exiting. There are 0 tasks remaining in the queue.
2019-08-22 09:08:41,720 [grpc-default-executor-0] INFO  segmented.SegmentedRaftLogWorker (SegmentedRaftLogWorker.java:close(228)) - d02a13da-15f9-45c4-a762-6dfc7568bb22-SegmentedRaftLogWorker:Storage Directory /workdir/hadoop-ozone/integration-test/target/test-dir/MiniOzoneClusterImpl-a9cd9c89-5187-449b-b29a-99b9e5034f78/datanode-1/data/ratis/657f8f81-6447-4214-b460-0ad62743fed0 close()
2019-08-22 09:08:42,112 | INFO  | SCMAudit | user=jenkins1000 | ip=192.168.36.85 | op=REGISTER {datanodeDetails=0c311ac3-3334-459d-ab4e-72c3360f4a50{ip: 192.168.36.85, host: pr-hdds-1898-9jx57-4170240974, networkLocation: /default-rack, certSerialId: null}} | ret=SUCCESS |  
2019-08-22 09:08:42,118 [grpc-default-executor-0] INFO  impl.RaftServerProxy (RaftServerProxy.java:remove(95)) - 0c311ac3-3334-459d-ab4e-72c3360f4a50: remove FOLLOWER group-0AD62743FED0 0c311ac3-3334-459d-ab4e-72c3360f4a50:t2, leader=null, voted=0c311ac3-3334-459d-ab4e-72c3360f4a50, raftlog=0c311ac3-3334-459d-ab4e-72c3360f4a50-SegmentedRaftLog:OPENED:c-1,f0,i0, conf=0: [d02a13da-15f9-45c4-a762-6dfc7568bb22:192.168.36.85:35380, 009b6f07-dfd6-4718-924a-1817c3c071ab:192.168.36.85:36596, 0c311ac3-3334-459d-ab4e-72c3360f4a50:192.168.36.85:43460], old=null RUNNING
2019-08-22 09:08:42,118 [grpc-default-executor-0] INFO  impl.RaftServerImpl (RaftServerImpl.java:lambda$shutdown$3(245)) - 0c311ac3-3334-459d-ab4e-72c3360f4a50: shutdown group-0AD62743FED0
2019-08-22 09:08:42,118 [grpc-default-executor-0] INFO  util.JmxRegister (JmxRegister.java:unregister(73)) - Successfully un-registered JMX Bean with object name Ratis:service=RaftServer,group=group-0AD62743FED0,id=0c311ac3-3334-459d-ab4e-72c3360f4a50
2019-08-22 09:08:42,119 [grpc-default-executor-0] INFO  impl.RoleInfo (RoleInfo.java:shutdownFollowerState(121)) - 0c311ac3-3334-459d-ab4e-72c3360f4a50: shutdown FollowerState
2019-08-22 09:08:42,119 [grpc-default-executor-0] INFO  impl.StateMachineUpdater (StateMachineUpdater.java:stopAndJoin(115)) - StateMachineUpdater:0c311ac3-3334-459d-ab4e-72c3360f4a50:group-0AD62743FED0: set stopIndex = -1
2019-08-22 09:08:42,119 [Thread-602] INFO  impl.FollowerState (FollowerState.java:run(114)) - 0c311ac3-3334-459d-ab4e-72c3360f4a50: FollowerState was interrupted: java.lang.InterruptedException: sleep interrupted
2019-08-22 09:08:42,119 [grpc-default-executor-0] INFO  impl.RaftServerImpl (ServerState.java:close(394)) - 0c311ac3-3334-459d-ab4e-72c3360f4a50:group-0AD62743FED0 closes. The last applied log index is -1
2019-08-22 09:08:42,121 [0c311ac3-3334-459d-ab4e-72c3360f4a50-SegmentedRaftLogWorker:Storage Directory /workdir/hadoop-ozone/integration-test/target/test-dir/MiniOzoneClusterImpl-a9cd9c89-5187-449b-b29a-99b9e5034f78/datanode-2/data/ratis/657f8f81-6447-4214-b460-0ad62743fed0] INFO  segmented.SegmentedRaftLogWorker (SegmentedRaftLogWorker.java:run(313)) - 0c311ac3-3334-459d-ab4e-72c3360f4a50-SegmentedRaftLogWorker:Storage Directory /workdir/hadoop-ozone/integration-test/target/test-dir/MiniOzoneClusterImpl-a9cd9c89-5187-449b-b29a-99b9e5034f78/datanode-2/data/ratis/657f8f81-6447-4214-b460-0ad62743fed0 was interrupted, exiting. There are 0 tasks remaining in the queue.
2019-08-22 09:08:42,123 [grpc-default-executor-0] INFO  segmented.SegmentedRaftLogWorker (SegmentedRaftLogWorker.java:close(228)) - 0c311ac3-3334-459d-ab4e-72c3360f4a50-SegmentedRaftLogWorker:Storage Directory /workdir/hadoop-ozone/integration-test/target/test-dir/MiniOzoneClusterImpl-a9cd9c89-5187-449b-b29a-99b9e5034f78/datanode-2/data/ratis/657f8f81-6447-4214-b460-0ad62743fed0 close()
2019-08-22 09:08:43,475 | INFO  | SCMAudit | user=jenkins1000 | ip=192.168.36.85 | op=SEND_HEARTBEAT {datanodeUUID=009b6f07-dfd6-4718-924a-1817c3c071ab, command=[]} | ret=SUCCESS |  
2019-08-22 09:08:43,708 | INFO  | SCMAudit | user=jenkins1000 | ip=192.168.36.85 | op=SEND_HEARTBEAT {datanodeUUID=d02a13da-15f9-45c4-a762-6dfc7568bb22, command=[]} | ret=SUCCESS |  
2019-08-22 09:08:44,111 | INFO  | SCMAudit | user=jenkins1000 | ip=192.168.36.85 | op=SEND_HEARTBEAT {datanodeUUID=0c311ac3-3334-459d-ab4e-72c3360f4a50, command=[]} | ret=SUCCESS |  
2019-08-22 09:08:44,258 [grpc-default-executor-0] INFO  impl.RaftServerProxy (RaftServerProxy.java:addNew(89)) - 009b6f07-dfd6-4718-924a-1817c3c071ab: addNew group-90FCBA88148B:[009b6f07-dfd6-4718-924a-1817c3c071ab:192.168.36.85:36596] returns group-90FCBA88148B:java.util.concurrent.CompletableFuture@3c3de923[Not completed]
2019-08-22 09:08:44,259 [pool-148-thread-1] INFO  impl.RaftServerImpl (RaftServerImpl.java:<init>(93)) - 009b6f07-dfd6-4718-924a-1817c3c071ab: new RaftServerImpl for group-90FCBA88148B:[009b6f07-dfd6-4718-924a-1817c3c071ab:192.168.36.85:36596] with ContainerStateMachine:uninitialized
2019-08-22 09:08:44,259 [pool-148-thread-1] INFO  server.RaftServerConfigKeys (ConfUtils.java:logGet(43)) - raft.server.rpc.timeout.min = 5s (custom)
2019-08-22 09:08:44,260 [pool-148-thread-1] INFO  server.RaftServerConfigKeys (ConfUtils.java:logGet(43)) - raft.server.rpc.timeout.max = 5200ms (custom)
2019-08-22 09:08:44,260 [pool-148-thread-1] INFO  server.RaftServerConfigKeys (ConfUtils.java:logGet(43)) - raft.server.rpcslowness.timeout = 120s (custom)
2019-08-22 09:08:44,260 [pool-148-thread-1] INFO  server.RaftServerConfigKeys (ConfUtils.java:logGet(43)) - raft.server.sleep.deviation.threshold = 300 (default)
2019-08-22 09:08:44,260 [pool-148-thread-1] INFO  server.RaftServerConfigKeys (ConfUtils.java:logGet(43)) - raft.server.log.appender.install.snapshot.enabled = false (custom)
2019-08-22 09:08:44,260 [pool-148-thread-1] INFO  impl.RaftServerImpl (ServerState.java:<init>(105)) - 009b6f07-dfd6-4718-924a-1817c3c071ab:group-90FCBA88148B ConfigurationManager, init=-1: [009b6f07-dfd6-4718-924a-1817c3c071ab:192.168.36.85:36596], old=null, confs=<EMPTY_MAP>
2019-08-22 09:08:44,260 [pool-148-thread-1] INFO  server.RaftServerConfigKeys (ConfUtils.java:logGet(43)) - raft.server.storage.dir = [/workdir/hadoop-ozone/integration-test/target/test-dir/MiniOzoneClusterImpl-a9cd9c89-5187-449b-b29a-99b9e5034f78/datanode-0/data/ratis] (custom)
2019-08-22 09:08:44,261 [pool-148-thread-1] INFO  storage.RaftStorageDirectory (RaftStorageDirectory.java:analyzeStorage(246)) - The storage directory /workdir/hadoop-ozone/integration-test/target/test-dir/MiniOzoneClusterImpl-a9cd9c89-5187-449b-b29a-99b9e5034f78/datanode-0/data/ratis/ac361198-ea45-4549-90f1-90fcba88148b does not exist. Creating ...
2019-08-22 09:08:44,302 [pool-148-thread-1] INFO  storage.RaftStorageDirectory (RaftStorageDirectory.java:tryLock(328)) - Lock on /workdir/hadoop-ozone/integration-test/target/test-dir/MiniOzoneClusterImpl-a9cd9c89-5187-449b-b29a-99b9e5034f78/datanode-0/data/ratis/ac361198-ea45-4549-90f1-90fcba88148b/in_use.lock acquired by nodename 4932@pr-hdds-1898-9jx57-4170240974
2019-08-22 09:08:44,475 | INFO  | SCMAudit | user=jenkins1000 | ip=192.168.36.85 | op=SEND_HEARTBEAT {datanodeUUID=009b6f07-dfd6-4718-924a-1817c3c071ab, command=[]} | ret=SUCCESS |  
2019-08-22 09:08:44,595 [Thread-598] INFO  impl.FollowerState (FollowerState.java:run(106)) - 009b6f07-dfd6-4718-924a-1817c3c071ab:group-20E6B7042646 changes to CANDIDATE, lastRpcTime:5107, electionTimeout:5107ms
2019-08-22 09:08:44,595 [Thread-598] INFO  impl.RoleInfo (RoleInfo.java:shutdownFollowerState(121)) - 009b6f07-dfd6-4718-924a-1817c3c071ab: shutdown FollowerState
2019-08-22 09:08:44,595 [Thread-598] INFO  impl.RaftServerImpl (RaftServerImpl.java:setRole(171)) - 009b6f07-dfd6-4718-924a-1817c3c071ab:group-20E6B7042646 changes role from FOLLOWER to CANDIDATE at term 1 for changeToCandidate
2019-08-22 09:08:44,595 [Thread-598] INFO  impl.RoleInfo (RoleInfo.java:updateAndGet(143)) - 009b6f07-dfd6-4718-924a-1817c3c071ab: start LeaderElection
2019-08-22 09:08:44,708 | INFO  | SCMAudit | user=jenkins1000 | ip=192.168.36.85 | op=SEND_HEARTBEAT {datanodeUUID=d02a13da-15f9-45c4-a762-6dfc7568bb22, command=[]} | ret=SUCCESS |  
2019-08-22 09:08:44,802 [Thread-599] INFO  impl.FollowerState (FollowerState.java:run(106)) - d02a13da-15f9-45c4-a762-6dfc7568bb22:group-A1477BB5BD47 changes to CANDIDATE, lastRpcTime:5083, electionTimeout:5083ms
2019-08-22 09:08:44,802 [Thread-599] INFO  impl.RoleInfo (RoleInfo.java:shutdownFollowerState(121)) - d02a13da-15f9-45c4-a762-6dfc7568bb22: shutdown FollowerState
2019-08-22 09:08:44,802 [Thread-599] INFO  impl.RaftServerImpl (RaftServerImpl.java:setRole(171)) - d02a13da-15f9-45c4-a762-6dfc7568bb22:group-A1477BB5BD47 changes role from FOLLOWER to CANDIDATE at term 1 for changeToCandidate
2019-08-22 09:08:44,802 [Thread-599] INFO  impl.RoleInfo (RoleInfo.java:updateAndGet(143)) - d02a13da-15f9-45c4-a762-6dfc7568bb22: start LeaderElection
2019-08-22 09:08:44,875 [main] INFO  ozone.MiniOzoneClusterImpl (MiniOzoneClusterImpl.java:shutdown(321)) - Shutting down the Mini Ozone Cluster
2019-08-22 09:08:44,875 | INFO  | SCMAudit | user=null | ip=null | op=GET_SCM_INFO null | ret=SUCCESS |  
2019-08-22 09:08:44,875 [main] INFO  ozone.MiniOzoneClusterImpl (MiniOzoneClusterImpl.java:stop(336)) - Stopping the Mini Ozone Cluster
2019-08-22 09:08:44,876 [main] INFO  ozone.MiniOzoneClusterImpl (MiniOzoneClusterImpl.java:stop(338)) - Stopping the OzoneManager
2019-08-22 09:08:44,877 [main] INFO  ipc.Server (Server.java:stop(3082)) - Stopping server on 32827
2019-08-22 09:08:44,896 [main] INFO  ratis.OzoneManagerDoubleBuffer (OzoneManagerDoubleBuffer.java:stop(248)) - Stopping OMDoubleBuffer flush thread
2019-08-22 09:08:44,899 [IPC Server Responder] INFO  ipc.Server (Server.java:run(1319)) - Stopping IPC Server Responder
2019-08-22 09:08:44,899 [IPC Server listener on 32827] INFO  ipc.Server (Server.java:run(1185)) - Stopping IPC Server listener on 32827
2019-08-22 09:08:44,906 [OMDoubleBufferFlushThread] INFO  ratis.OzoneManagerDoubleBuffer (OzoneManagerDoubleBuffer.java:flushTransactions(191)) - OMDoubleBuffer flush thread OMDoubleBufferFlushThread is interrupted and will exit. OMDoubleBufferFlushThread
2019-08-22 09:08:44,908 [main] INFO  utils.BackgroundService (BackgroundService.java:shutdown(148)) - Shutting down service KeyDeletingService
2019-08-22 09:08:44,913 [main] INFO  handler.ContextHandler (ContextHandler.java:doStop(910)) - Stopped o.e.j.w.WebAppContext@6bd2e15e{/,null,UNAVAILABLE}{/ozoneManager}
2019-08-22 09:08:44,914 [main] INFO  server.AbstractConnector (AbstractConnector.java:doStop(318)) - Stopped ServerConnector@7a4c4395{HTTP/1.1,[http/1.1]}{0.0.0.0:0}
2019-08-22 09:08:44,916 [main] INFO  handler.ContextHandler (ContextHandler.java:doStop(910)) - Stopped o.e.j.s.ServletContextHandler@21806f90{/static,file:///workdir/hadoop-ozone/integration-test/target/test-classes/webapps/static,UNAVAILABLE}
2019-08-22 09:08:44,917 [main] INFO  handler.ContextHandler (ContextHandler.java:doStop(910)) - Stopped o.e.j.s.ServletContextHandler@63775db2{/logs,file:///workdir/hadoop-ozone/integration-test/target/log,UNAVAILABLE}
2019-08-22 09:08:44,921 [main] INFO  ozone.MiniOzoneClusterImpl (MiniOzoneClusterImpl.java:stop(344)) - Shutting the HddsDatanodes
2019-08-22 09:08:44,922 [main] INFO  datanode.ObjectStoreHandler (ObjectStoreHandler.java:close(155)) - Closing ObjectStoreHandler.
2019-08-22 09:08:44,922 [ForkJoinPool.commonPool-worker-1] INFO  datanode.ObjectStoreHandler (ObjectStoreHandler.java:close(155)) - Closing ObjectStoreHandler.
2019-08-22 09:08:44,922 [main] INFO  ozone.HddsDatanodeService (HddsDatanodeService.java:stop(451)) - Stopped plug-in org.apache.hadoop.ozone.web.OzoneHddsDatanodeService@4a6b58d4
2019-08-22 09:08:44,923 [ForkJoinPool.commonPool-worker-1] INFO  ozone.HddsDatanodeService (HddsDatanodeService.java:stop(451)) - Stopped plug-in org.apache.hadoop.ozone.web.OzoneHddsDatanodeService@53c5b8b5
2019-08-22 09:08:45,111 | INFO  | SCMAudit | user=jenkins1000 | ip=192.168.36.85 | op=SEND_HEARTBEAT {datanodeUUID=0c311ac3-3334-459d-ab4e-72c3360f4a50, command=[]} | ret=SUCCESS |  
2019-08-22 09:08:45,245 [Thread-601] INFO  impl.FollowerState (FollowerState.java:run(106)) - 0c311ac3-3334-459d-ab4e-72c3360f4a50:group-1FC91BAAE003 changes to CANDIDATE, lastRpcTime:5121, electionTimeout:5121ms
2019-08-22 09:08:45,245 [Thread-601] INFO  impl.RoleInfo (RoleInfo.java:shutdownFollowerState(121)) - 0c311ac3-3334-459d-ab4e-72c3360f4a50: shutdown FollowerState
2019-08-22 09:08:45,245 [Thread-601] INFO  impl.RaftServerImpl (RaftServerImpl.java:setRole(171)) - 0c311ac3-3334-459d-ab4e-72c3360f4a50:group-1FC91BAAE003 changes role from FOLLOWER to CANDIDATE at term 1 for changeToCandidate
2019-08-22 09:08:45,245 [Thread-601] INFO  impl.RoleInfo (RoleInfo.java:updateAndGet(143)) - 0c311ac3-3334-459d-ab4e-72c3360f4a50: start LeaderElection
2019-08-22 09:08:45,472 [Datanode State Machine Thread - 0] INFO  statemachine.DatanodeStateMachine (DatanodeStateMachine.java:lambda$startDaemon$0(350)) - Ozone container server started.
2019-08-22 09:08:45,706 [Datanode State Machine Thread - 0] INFO  statemachine.DatanodeStateMachine (DatanodeStateMachine.java:lambda$startDaemon$0(350)) - Ozone container server started.
2019-08-22 09:08:45,889 [pool-148-thread-1] INFO  storage.RaftStorage (RaftStorage.java:format(72)) - Storage directory /workdir/hadoop-ozone/integration-test/target/test-dir/MiniOzoneClusterImpl-a9cd9c89-5187-449b-b29a-99b9e5034f78/datanode-0/data/ratis/ac361198-ea45-4549-90f1-90fcba88148b has been successfully formatted.
2019-08-22 09:08:45,890 [pool-148-thread-1] INFO  ratis.ContainerStateMachine (ContainerStateMachine.java:loadSnapshot(226)) - group-90FCBA88148B: The snapshot info is null. Setting the last applied indexto:(t:0, i:~)
2019-08-22 09:08:45,890 [pool-148-thread-1] INFO  server.RaftServerConfigKeys (ConfUtils.java:logGet(43)) - raft.server.leader.election.timeout = 120s (custom)
2019-08-22 09:08:45,890 [pool-148-thread-1] INFO  server.RaftServerConfigKeys (ConfUtils.java:logGet(43)) - raft.server.log.use.memory = false (default)
2019-08-22 09:08:45,890 [pool-148-thread-1] INFO  server.RaftServerConfigKeys (ConfUtils.java:logGet(43)) - raft.server.log.purge.gap = 1000000 (custom)
2019-08-22 09:08:45,891 [pool-148-thread-1] INFO  server.RaftServerConfigKeys (ConfUtils.java:logGet(43)) - raft.server.log.appender.buffer.byte-limit = 33554432 (custom)
2019-08-22 09:08:45,891 [pool-148-thread-1] INFO  server.RaftServerConfigKeys (ConfUtils.java:logGet(43)) - raft.server.log.segment.size.max = 1048576 (custom)
2019-08-22 09:08:45,891 [pool-148-thread-1] INFO  server.RaftServerConfigKeys (ConfUtils.java:logGet(43)) - raft.server.log.segment.cache.num.max = 2 (custom)
2019-08-22 09:08:45,891 [pool-148-thread-1] INFO  segmented.SegmentedRaftLogWorker (SegmentedRaftLogWorker.java:<init>(172)) - new 009b6f07-dfd6-4718-924a-1817c3c071ab-SegmentedRaftLogWorker:Storage Directory /workdir/hadoop-ozone/integration-test/target/test-dir/MiniOzoneClusterImpl-a9cd9c89-5187-449b-b29a-99b9e5034f78/datanode-0/data/ratis/ac361198-ea45-4549-90f1-90fcba88148b for RaftStorage:Storage Directory /workdir/hadoop-ozone/integration-test/target/test-dir/MiniOzoneClusterImpl-a9cd9c89-5187-449b-b29a-99b9e5034f78/datanode-0/data/ratis/ac361198-ea45-4549-90f1-90fcba88148b
2019-08-22 09:08:45,891 [pool-148-thread-1] INFO  server.RaftServerConfigKeys (ConfUtils.java:logGet(43)) - raft.server.log.queue.byte-limit = 2147483647 (custom)
2019-08-22 09:08:45,891 [pool-148-thread-1] INFO  server.RaftServerConfigKeys (ConfUtils.java:logGet(43)) - raft.server.log.queue.element-limit = 1024 (custom)
2019-08-22 09:08:45,892 [pool-148-thread-1] INFO  server.RaftServerConfigKeys (ConfUtils.java:logGet(43)) - raft.server.log.segment.size.max = 1048576 (custom)
2019-08-22 09:08:45,892 [pool-148-thread-1] INFO  server.RaftServerConfigKeys (ConfUtils.java:logGet(43)) - raft.server.log.preallocated.size = 16384 (custom)
2019-08-22 09:08:45,892 [pool-148-thread-1] INFO  server.RaftServerConfigKeys (ConfUtils.java:logGet(43)) - raft.server.log.write.buffer.size = 33554432 (custom)
2019-08-22 09:08:45,892 [pool-148-thread-1] INFO  server.RaftServerConfigKeys (ConfUtils.java:logGet(43)) - raft.server.log.force.sync.num = 128 (default)
2019-08-22 09:08:45,892 [pool-148-thread-1] INFO  server.RaftServerConfigKeys (ConfUtils.java:logGet(43)) - raft.server.log.statemachine.data.sync = true (default)
2019-08-22 09:08:45,892 [pool-148-thread-1] INFO  server.RaftServerConfigKeys (ConfUtils.java:logGet(43)) - raft.server.log.statemachine.data.sync.timeout = 10s (default)
2019-08-22 09:08:45,893 [pool-148-thread-1] INFO  server.RaftServerConfigKeys (ConfUtils.java:logGet(43)) - raft.server.log.statemachine.data.sync.timeout.retry = -1 (default)
2019-08-22 09:08:45,893 [pool-148-thread-1] INFO  server.RaftServerConfigKeys (ConfUtils.java:logGet(43)) - raft.server.log.statemachine.data.caching.enabled = true (custom)
2019-08-22 09:08:45,893 [pool-148-thread-1] INFO  segmented.SegmentedRaftLogWorker (SegmentedRaftLogWorker.java:lambda$new$0(132)) - 009b6f07-dfd6-4718-924a-1817c3c071ab-SegmentedRaftLogWorker:Storage Directory /workdir/hadoop-ozone/integration-test/target/test-dir/MiniOzoneClusterImpl-a9cd9c89-5187-449b-b29a-99b9e5034f78/datanode-0/data/ratis/ac361198-ea45-4549-90f1-90fcba88148b: flushIndex: setUnconditionally 0 -> -1
2019-08-22 09:08:45,894 [pool-148-thread-1] INFO  server.RaftServerConfigKeys (ConfUtils.java:logGet(43)) - raft.server.snapshot.auto.trigger.enabled = true (custom)
2019-08-22 09:08:45,894 [pool-148-thread-1] INFO  server.RaftServerConfigKeys (ConfUtils.java:logGet(43)) - raft.server.snapshot.auto.trigger.threshold = 10000 (custom)
2019-08-22 09:08:45,894 [pool-148-thread-1] INFO  server.RaftServerConfigKeys (ConfUtils.java:logGet(43)) - raft.server.retrycache.expirytime = 600000ms (custom)
2019-08-22 09:08:45,894 [pool-148-thread-1] INFO  impl.RaftServerImpl (RaftServerImpl.java:start(180)) - 009b6f07-dfd6-4718-924a-1817c3c071ab: start group-90FCBA88148B
2019-08-22 09:08:45,895 [pool-148-thread-1] INFO  impl.RaftServerImpl (RaftServerImpl.java:setRole(171)) - 009b6f07-dfd6-4718-924a-1817c3c071ab:group-90FCBA88148B changes role from null to FOLLOWER at term 0 for startAsFollower
2019-08-22 09:08:45,895 [pool-148-thread-1] INFO  impl.RoleInfo (RoleInfo.java:updateAndGet(143)) - 009b6f07-dfd6-4718-924a-1817c3c071ab: start FollowerState
2019-08-22 09:08:45,895 [pool-148-thread-1] INFO  util.JmxRegister (JmxRegister.java:tryRegister(44)) - Successfully registered JMX Bean with object name Ratis:service=RaftServer,group=group-90FCBA88148B,id=009b6f07-dfd6-4718-924a-1817c3c071ab
2019-08-22 09:08:45,899 [RatisPipelineUtilsThread] INFO  pipeline.PipelineStateManager (PipelineStateManager.java:addPipeline(56)) - Created pipeline Pipeline[ Id: ac361198-ea45-4549-90f1-90fcba88148b, Nodes: 009b6f07-dfd6-4718-924a-1817c3c071ab{ip: 192.168.36.85, host: pr-hdds-1898-9jx57-4170240974, networkLocation: /default-rack, certSerialId: null}, Type:RATIS, Factor:ONE, State:OPEN]
2019-08-22 09:08:45,907 [grpc-default-executor-0] INFO  impl.RaftServerProxy (RaftServerProxy.java:addNew(89)) - d02a13da-15f9-45c4-a762-6dfc7568bb22: addNew group-E1FA8B9202D2:[d02a13da-15f9-45c4-a762-6dfc7568bb22:192.168.36.85:35380] returns group-E1FA8B9202D2:java.util.concurrent.CompletableFuture@6dd51e7f[Not completed]
2019-08-22 09:08:45,908 [pool-159-thread-1] INFO  impl.RaftServerImpl (RaftServerImpl.java:<init>(93)) - d02a13da-15f9-45c4-a762-6dfc7568bb22: new RaftServerImpl for group-E1FA8B9202D2:[d02a13da-15f9-45c4-a762-6dfc7568bb22:192.168.36.85:35380] with ContainerStateMachine:uninitialized
2019-08-22 09:08:45,908 [pool-159-thread-1] INFO  server.RaftServerConfigKeys (ConfUtils.java:logGet(43)) - raft.server.rpc.timeout.min = 5s (custom)
2019-08-22 09:08:45,908 [pool-159-thread-1] INFO  server.RaftServerConfigKeys (ConfUtils.java:logGet(43)) - raft.server.rpc.timeout.max = 5200ms (custom)
2019-08-22 09:08:45,909 [pool-159-thread-1] INFO  server.RaftServerConfigKeys (ConfUtils.java:logGet(43)) - raft.server.rpcslowness.timeout = 120s (custom)
2019-08-22 09:08:45,909 [pool-159-thread-1] INFO  server.RaftServerConfigKeys (ConfUtils.java:logGet(43)) - raft.server.sleep.deviation.threshold = 300 (default)
2019-08-22 09:08:45,909 [pool-159-thread-1] INFO  server.RaftServerConfigKeys (ConfUtils.java:logGet(43)) - raft.server.log.appender.install.snapshot.enabled = false (custom)
2019-08-22 09:08:45,909 [pool-159-thread-1] INFO  impl.RaftServerImpl (ServerState.java:<init>(105)) - d02a13da-15f9-45c4-a762-6dfc7568bb22:group-E1FA8B9202D2 ConfigurationManager, init=-1: [d02a13da-15f9-45c4-a762-6dfc7568bb22:192.168.36.85:35380], old=null, confs=<EMPTY_MAP>
2019-08-22 09:08:45,909 [pool-159-thread-1] INFO  server.RaftServerConfigKeys (ConfUtils.java:logGet(43)) - raft.server.storage.dir = [/workdir/hadoop-ozone/integration-test/target/test-dir/MiniOzoneClusterImpl-a9cd9c89-5187-449b-b29a-99b9e5034f78/datanode-1/data/ratis] (custom)
2019-08-22 09:08:45,910 [pool-159-thread-1] INFO  storage.RaftStorageDirectory (RaftStorageDirectory.java:analyzeStorage(246)) - The storage directory /workdir/hadoop-ozone/integration-test/target/test-dir/MiniOzoneClusterImpl-a9cd9c89-5187-449b-b29a-99b9e5034f78/datanode-1/data/ratis/7beb8de8-0898-4bef-b037-e1fa8b9202d2 does not exist. Creating ...
2019-08-22 09:08:46,112 | INFO  | SCMAudit | user=jenkins1000 | ip=192.168.36.85 | op=SEND_HEARTBEAT {datanodeUUID=0c311ac3-3334-459d-ab4e-72c3360f4a50, command=[]} | ret=SUCCESS |  
2019-08-22 09:08:46,481 [0c311ac3-3334-459d-ab4e-72c3360f4a50:group-1FC91BAAE003:LeaderElection22] INFO  impl.LeaderElection (LeaderElection.java:askForVotes(181)) - 0c311ac3-3334-459d-ab4e-72c3360f4a50:group-1FC91BAAE003:LeaderElection22: begin an election at term 2 for 0: [0c311ac3-3334-459d-ab4e-72c3360f4a50:192.168.36.85:43460], old=null
2019-08-22 09:08:46,481 [009b6f07-dfd6-4718-924a-1817c3c071ab:group-20E6B7042646:LeaderElection20] INFO  impl.LeaderElection (LeaderElection.java:askForVotes(181)) - 009b6f07-dfd6-4718-924a-1817c3c071ab:group-20E6B7042646:LeaderElection20: begin an election at term 2 for 0: [009b6f07-dfd6-4718-924a-1817c3c071ab:192.168.36.85:36596], old=null
2019-08-22 09:08:46,481 [d02a13da-15f9-45c4-a762-6dfc7568bb22:group-A1477BB5BD47:LeaderElection21] INFO  impl.LeaderElection (LeaderElection.java:askForVotes(181)) - d02a13da-15f9-45c4-a762-6dfc7568bb22:group-A1477BB5BD47:LeaderElection21: begin an election at term 2 for 0: [d02a13da-15f9-45c4-a762-6dfc7568bb22:192.168.36.85:35380], old=null
2019-08-22 09:08:46,482 [009b6f07-dfd6-4718-924a-1817c3c071ab:group-20E6B7042646:LeaderElection20] INFO  impl.RoleInfo (RoleInfo.java:shutdownLeaderElection(134)) - 009b6f07-dfd6-4718-924a-1817c3c071ab: shutdown LeaderElection
2019-08-22 09:08:46,482 [0c311ac3-3334-459d-ab4e-72c3360f4a50:group-1FC91BAAE003:LeaderElection22] INFO  impl.RoleInfo (RoleInfo.java:shutdownLeaderElection(134)) - 0c311ac3-3334-459d-ab4e-72c3360f4a50: shutdown LeaderElection
2019-08-22 09:08:46,482 [009b6f07-dfd6-4718-924a-1817c3c071ab:group-20E6B7042646:LeaderElection20] INFO  impl.RaftServerImpl (RaftServerImpl.java:setRole(171)) - 009b6f07-dfd6-4718-924a-1817c3c071ab:group-20E6B7042646 changes role from CANDIDATE to LEADER at term 2 for changeToLeader
2019-08-22 09:08:46,482 [pool-159-thread-1] INFO  storage.RaftStorageDirectory (RaftStorageDirectory.java:tryLock(328)) - Lock on /workdir/hadoop-ozone/integration-test/target/test-dir/MiniOzoneClusterImpl-a9cd9c89-5187-449b-b29a-99b9e5034f78/datanode-1/data/ratis/7beb8de8-0898-4bef-b037-e1fa8b9202d2/in_use.lock acquired by nodename 4932@pr-hdds-1898-9jx57-4170240974
2019-08-22 09:08:46,482 [d02a13da-15f9-45c4-a762-6dfc7568bb22:group-A1477BB5BD47:LeaderElection21] INFO  impl.RoleInfo (RoleInfo.java:shutdownLeaderElection(134)) - d02a13da-15f9-45c4-a762-6dfc7568bb22: shutdown LeaderElection
2019-08-22 09:08:46,482 [009b6f07-dfd6-4718-924a-1817c3c071ab:group-20E6B7042646:LeaderElection20] INFO  impl.RaftServerImpl (ServerState.java:setLeader(263)) - 009b6f07-dfd6-4718-924a-1817c3c071ab:group-20E6B7042646 change Leader from null to 009b6f07-dfd6-4718-924a-1817c3c071ab at term 2 for becomeLeader, leader elected after 9200ms
2019-08-22 09:08:46,482 [0c311ac3-3334-459d-ab4e-72c3360f4a50:group-1FC91BAAE003:LeaderElection22] INFO  impl.RaftServerImpl (RaftServerImpl.java:setRole(171)) - 0c311ac3-3334-459d-ab4e-72c3360f4a50:group-1FC91BAAE003 changes role from CANDIDATE to LEADER at term 2 for changeToLeader
2019-08-22 09:08:46,483 [d02a13da-15f9-45c4-a762-6dfc7568bb22:group-A1477BB5BD47:LeaderElection21] INFO  impl.RaftServerImpl (RaftServerImpl.java:setRole(171)) - d02a13da-15f9-45c4-a762-6dfc7568bb22:group-A1477BB5BD47 changes role from CANDIDATE to LEADER at term 2 for changeToLeader
2019-08-22 09:08:46,483 [009b6f07-dfd6-4718-924a-1817c3c071ab:group-20E6B7042646:LeaderElection20] INFO  server.RaftServerConfigKeys (ConfUtils.java:logGet(43)) - raft.server.staging.catchup.gap = 1000 (default)
2019-08-22 09:08:46,483 [0c311ac3-3334-459d-ab4e-72c3360f4a50:group-1FC91BAAE003:LeaderElection22] INFO  impl.RaftServerImpl (ServerState.java:setLeader(263)) - 0c311ac3-3334-459d-ab4e-72c3360f4a50:group-1FC91BAAE003 change Leader from null to 0c311ac3-3334-459d-ab4e-72c3360f4a50 at term 2 for becomeLeader, leader elected after 8721ms
2019-08-22 09:08:46,483 [009b6f07-dfd6-4718-924a-1817c3c071ab:group-20E6B7042646:LeaderElection20] INFO  server.RaftServerConfigKeys (ConfUtils.java:logGet(43)) - raft.server.rpc.sleep.time = 25ms (default)
2019-08-22 09:08:46,483 [d02a13da-15f9-45c4-a762-6dfc7568bb22:group-A1477BB5BD47:LeaderElection21] INFO  impl.RaftServerImpl (ServerState.java:setLeader(263)) - d02a13da-15f9-45c4-a762-6dfc7568bb22:group-A1477BB5BD47 change Leader from null to d02a13da-15f9-45c4-a762-6dfc7568bb22 at term 2 for becomeLeader, leader elected after 8952ms
2019-08-22 09:08:46,483 [009b6f07-dfd6-4718-924a-1817c3c071ab:group-20E6B7042646:LeaderElection20] INFO  server.RaftServerConfigKeys (ConfUtils.java:logGet(43)) - raft.server.write.element-limit = 4096 (default)
2019-08-22 09:08:46,483 [0c311ac3-3334-459d-ab4e-72c3360f4a50:group-1FC91BAAE003:LeaderElection22] INFO  server.RaftServerConfigKeys (ConfUtils.java:logGet(43)) - raft.server.staging.catchup.gap = 1000 (default)
2019-08-22 09:08:46,484 [009b6f07-dfd6-4718-924a-1817c3c071ab:group-20E6B7042646:LeaderElection20] INFO  server.RaftServerConfigKeys (ConfUtils.java:logGet(43)) - raft.server.watch.timeout = 10s (default)
2019-08-22 09:08:46,483 [d02a13da-15f9-45c4-a762-6dfc7568bb22:group-A1477BB5BD47:LeaderElection21] INFO  server.RaftServerConfigKeys (ConfUtils.java:logGet(43)) - raft.server.staging.catchup.gap = 1000 (default)
2019-08-22 09:08:46,484 [009b6f07-dfd6-4718-924a-1817c3c071ab:group-20E6B7042646:LeaderElection20] INFO  server.RaftServerConfigKeys (ConfUtils.java:logGet(43)) - raft.server.watch.timeout.denomination = 1s (default)
2019-08-22 09:08:46,484 [0c311ac3-3334-459d-ab4e-72c3360f4a50:group-1FC91BAAE003:LeaderElection22] INFO  server.RaftServerConfigKeys (ConfUtils.java:logGet(43)) - raft.server.rpc.sleep.time = 25ms (default)
2019-08-22 09:08:46,484 [009b6f07-dfd6-4718-924a-1817c3c071ab:group-20E6B7042646:LeaderElection20] INFO  server.RaftServerConfigKeys (ConfUtils.java:logGet(43)) - raft.server.watch.element-limit = 65536 (default)
2019-08-22 09:08:46,484 [d02a13da-15f9-45c4-a762-6dfc7568bb22:group-A1477BB5BD47:LeaderElection21] INFO  server.RaftServerConfigKeys (ConfUtils.java:logGet(43)) - raft.server.rpc.sleep.time = 25ms (default)
2019-08-22 09:08:46,484 [0c311ac3-3334-459d-ab4e-72c3360f4a50:group-1FC91BAAE003:LeaderElection22] INFO  server.RaftServerConfigKeys (ConfUtils.java:logGet(43)) - raft.server.write.element-limit = 4096 (default)
2019-08-22 09:08:46,485 [d02a13da-15f9-45c4-a762-6dfc7568bb22:group-A1477BB5BD47:LeaderElection21] INFO  server.RaftServerConfigKeys (ConfUtils.java:logGet(43)) - raft.server.write.element-limit = 4096 (default)
2019-08-22 09:08:46,485 [009b6f07-dfd6-4718-924a-1817c3c071ab:group-20E6B7042646:LeaderElection20] INFO  impl.RoleInfo (RoleInfo.java:updateAndGet(143)) - 009b6f07-dfd6-4718-924a-1817c3c071ab: start LeaderState
2019-08-22 09:08:46,485 [d02a13da-15f9-45c4-a762-6dfc7568bb22:group-A1477BB5BD47:LeaderElection21] INFO  server.RaftServerConfigKeys (ConfUtils.java:logGet(43)) - raft.server.watch.timeout = 10s (default)
2019-08-22 09:08:46,485 [0c311ac3-3334-459d-ab4e-72c3360f4a50:group-1FC91BAAE003:LeaderElection22] INFO  server.RaftServerConfigKeys (ConfUtils.java:logGet(43)) - raft.server.watch.timeout = 10s (default)
2019-08-22 09:08:46,485 [d02a13da-15f9-45c4-a762-6dfc7568bb22:group-A1477BB5BD47:LeaderElection21] INFO  server.RaftServerConfigKeys (ConfUtils.java:logGet(43)) - raft.server.watch.timeout.denomination = 1s (default)
2019-08-22 09:08:46,485 [009b6f07-dfd6-4718-924a-1817c3c071ab:group-20E6B7042646:LeaderElection20] INFO  segmented.SegmentedRaftLogWorker (SegmentedRaftLogWorker.java:rollLogSegment(385)) - 009b6f07-dfd6-4718-924a-1817c3c071ab-SegmentedRaftLogWorker:Storage Directory /workdir/hadoop-ozone/integration-test/target/test-dir/MiniOzoneClusterImpl-a9cd9c89-5187-449b-b29a-99b9e5034f78/datanode-0/data/ratis/9d8d7a5a-9eec-4a6e-a207-20e6b7042646: Rolling segment log-0_0 to index:0
2019-08-22 09:08:46,485 [0c311ac3-3334-459d-ab4e-72c3360f4a50:group-1FC91BAAE003:LeaderElection22] INFO  server.RaftServerConfigKeys (ConfUtils.java:logGet(43)) - raft.server.watch.timeout.denomination = 1s (default)
2019-08-22 09:08:46,485 [d02a13da-15f9-45c4-a762-6dfc7568bb22:group-A1477BB5BD47:LeaderElection21] INFO  server.RaftServerConfigKeys (ConfUtils.java:logGet(43)) - raft.server.watch.element-limit = 65536 (default)
2019-08-22 09:08:46,486 [0c311ac3-3334-459d-ab4e-72c3360f4a50:group-1FC91BAAE003:LeaderElection22] INFO  server.RaftServerConfigKeys (ConfUtils.java:logGet(43)) - raft.server.watch.element-limit = 65536 (default)
2019-08-22 09:08:46,486 [d02a13da-15f9-45c4-a762-6dfc7568bb22:group-A1477BB5BD47:LeaderElection21] INFO  impl.RoleInfo (RoleInfo.java:updateAndGet(143)) - d02a13da-15f9-45c4-a762-6dfc7568bb22: start LeaderState
2019-08-22 09:08:46,486 [0c311ac3-3334-459d-ab4e-72c3360f4a50:group-1FC91BAAE003:LeaderElection22] INFO  impl.RoleInfo (RoleInfo.java:updateAndGet(143)) - 0c311ac3-3334-459d-ab4e-72c3360f4a50: start LeaderState
2019-08-22 09:08:46,488 [d02a13da-15f9-45c4-a762-6dfc7568bb22:group-A1477BB5BD47:LeaderElection21] INFO  segmented.SegmentedRaftLogWorker (SegmentedRaftLogWorker.java:rollLogSegment(385)) - d02a13da-15f9-45c4-a762-6dfc7568bb22-SegmentedRaftLogWorker:Storage Directory /workdir/hadoop-ozone/integration-test/target/test-dir/MiniOzoneClusterImpl-a9cd9c89-5187-449b-b29a-99b9e5034f78/datanode-1/data/ratis/5352e5a5-57ef-44ea-8658-a1477bb5bd47: Rolling segment log-0_0 to index:0
2019-08-22 09:08:46,488 [0c311ac3-3334-459d-ab4e-72c3360f4a50:group-1FC91BAAE003:LeaderElection22] INFO  segmented.SegmentedRaftLogWorker (SegmentedRaftLogWorker.java:rollLogSegment(385)) - 0c311ac3-3334-459d-ab4e-72c3360f4a50-SegmentedRaftLogWorker:Storage Directory /workdir/hadoop-ozone/integration-test/target/test-dir/MiniOzoneClusterImpl-a9cd9c89-5187-449b-b29a-99b9e5034f78/datanode-2/data/ratis/49763a6d-6d4c-41b4-946a-1fc91baae003: Rolling segment log-0_0 to index:0
2019-08-22 09:08:46,493 [d02a13da-15f9-45c4-a762-6dfc7568bb22-SegmentedRaftLogWorker:Storage Directory /workdir/hadoop-ozone/integration-test/target/test-dir/MiniOzoneClusterImpl-a9cd9c89-5187-449b-b29a-99b9e5034f78/datanode-1/data/ratis/5352e5a5-57ef-44ea-8658-a1477bb5bd47] INFO  segmented.SegmentedRaftLogWorker (SegmentedRaftLogWorker.java:execute(526)) - d02a13da-15f9-45c4-a762-6dfc7568bb22-SegmentedRaftLogWorker:Storage Directory /workdir/hadoop-ozone/integration-test/target/test-dir/MiniOzoneClusterImpl-a9cd9c89-5187-449b-b29a-99b9e5034f78/datanode-1/data/ratis/5352e5a5-57ef-44ea-8658-a1477bb5bd47: Rolled log segment from /workdir/hadoop-ozone/integration-test/target/test-dir/MiniOzoneClusterImpl-a9cd9c89-5187-449b-b29a-99b9e5034f78/datanode-1/data/ratis/5352e5a5-57ef-44ea-8658-a1477bb5bd47/current/log_inprogress_0 to /workdir/hadoop-ozone/integration-test/target/test-dir/MiniOzoneClusterImpl-a9cd9c89-5187-449b-b29a-99b9e5034f78/datanode-1/data/ratis/5352e5a5-57ef-44ea-8658-a1477bb5bd47/current/log_0-0
2019-08-22 09:08:46,493 [009b6f07-dfd6-4718-924a-1817c3c071ab-SegmentedRaftLogWorker:Storage Directory /workdir/hadoop-ozone/integration-test/target/test-dir/MiniOzoneClusterImpl-a9cd9c89-5187-449b-b29a-99b9e5034f78/datanode-0/data/ratis/9d8d7a5a-9eec-4a6e-a207-20e6b7042646] INFO  segmented.SegmentedRaftLogWorker (SegmentedRaftLogWorker.java:execute(526)) - 009b6f07-dfd6-4718-924a-1817c3c071ab-SegmentedRaftLogWorker:Storage Directory /workdir/hadoop-ozone/integration-test/target/test-dir/MiniOzoneClusterImpl-a9cd9c89-5187-449b-b29a-99b9e5034f78/datanode-0/data/ratis/9d8d7a5a-9eec-4a6e-a207-20e6b7042646: Rolled log segment from /workdir/hadoop-ozone/integration-test/target/test-dir/MiniOzoneClusterImpl-a9cd9c89-5187-449b-b29a-99b9e5034f78/datanode-0/data/ratis/9d8d7a5a-9eec-4a6e-a207-20e6b7042646/current/log_inprogress_0 to /workdir/hadoop-ozone/integration-test/target/test-dir/MiniOzoneClusterImpl-a9cd9c89-5187-449b-b29a-99b9e5034f78/datanode-0/data/ratis/9d8d7a5a-9eec-4a6e-a207-20e6b7042646/current/log_0-0
2019-08-22 09:08:46,493 [0c311ac3-3334-459d-ab4e-72c3360f4a50-SegmentedRaftLogWorker:Storage Directory /workdir/hadoop-ozone/integration-test/target/test-dir/MiniOzoneClusterImpl-a9cd9c89-5187-449b-b29a-99b9e5034f78/datanode-2/data/ratis/49763a6d-6d4c-41b4-946a-1fc91baae003] INFO  segmented.SegmentedRaftLogWorker (SegmentedRaftLogWorker.java:execute(526)) - 0c311ac3-3334-459d-ab4e-72c3360f4a50-SegmentedRaftLogWorker:Storage Directory /workdir/hadoop-ozone/integration-test/target/test-dir/MiniOzoneClusterImpl-a9cd9c89-5187-449b-b29a-99b9e5034f78/datanode-2/data/ratis/49763a6d-6d4c-41b4-946a-1fc91baae003: Rolled log segment from /workdir/hadoop-ozone/integration-test/target/test-dir/MiniOzoneClusterImpl-a9cd9c89-5187-449b-b29a-99b9e5034f78/datanode-2/data/ratis/49763a6d-6d4c-41b4-946a-1fc91baae003/current/log_inprogress_0 to /workdir/hadoop-ozone/integration-test/target/test-dir/MiniOzoneClusterImpl-a9cd9c89-5187-449b-b29a-99b9e5034f78/datanode-2/data/ratis/49763a6d-6d4c-41b4-946a-1fc91baae003/current/log_0-0
2019-08-22 09:08:46,495 [d02a13da-15f9-45c4-a762-6dfc7568bb22:group-A1477BB5BD47:LeaderElection21] INFO  impl.RaftServerImpl (ServerState.java:setRaftConf(361)) - d02a13da-15f9-45c4-a762-6dfc7568bb22:group-A1477BB5BD47 set configuration 1: [d02a13da-15f9-45c4-a762-6dfc7568bb22:192.168.36.85:35380], old=null at 1
2019-08-22 09:08:46,530 [0c311ac3-3334-459d-ab4e-72c3360f4a50:group-1FC91BAAE003:LeaderElection22] INFO  impl.RaftServerImpl (ServerState.java:setRaftConf(361)) - 0c311ac3-3334-459d-ab4e-72c3360f4a50:group-1FC91BAAE003 set configuration 1: [0c311ac3-3334-459d-ab4e-72c3360f4a50:192.168.36.85:43460], old=null at 1
2019-08-22 09:08:46,496 [009b6f07-dfd6-4718-924a-1817c3c071ab:group-20E6B7042646:LeaderElection20] INFO  impl.RaftServerImpl (ServerState.java:setRaftConf(361)) - 009b6f07-dfd6-4718-924a-1817c3c071ab:group-20E6B7042646 set configuration 1: [009b6f07-dfd6-4718-924a-1817c3c071ab:192.168.36.85:36596], old=null at 1
2019-08-22 09:08:47,111 | INFO  | SCMAudit | user=jenkins1000 | ip=192.168.36.85 | op=SEND_HEARTBEAT {datanodeUUID=0c311ac3-3334-459d-ab4e-72c3360f4a50, command=[]} | ret=SUCCESS |  
2019-08-22 09:08:47,152 [0c311ac3-3334-459d-ab4e-72c3360f4a50-SegmentedRaftLogWorker:Storage Directory /workdir/hadoop-ozone/integration-test/target/test-dir/MiniOzoneClusterImpl-a9cd9c89-5187-449b-b29a-99b9e5034f78/datanode-2/data/ratis/49763a6d-6d4c-41b4-946a-1fc91baae003] INFO  segmented.SegmentedRaftLogWorker (SegmentedRaftLogWorker.java:execute(569)) - 0c311ac3-3334-459d-ab4e-72c3360f4a50-SegmentedRaftLogWorker:Storage Directory /workdir/hadoop-ozone/integration-test/target/test-dir/MiniOzoneClusterImpl-a9cd9c89-5187-449b-b29a-99b9e5034f78/datanode-2/data/ratis/49763a6d-6d4c-41b4-946a-1fc91baae003: created new log segment /workdir/hadoop-ozone/integration-test/target/test-dir/MiniOzoneClusterImpl-a9cd9c89-5187-449b-b29a-99b9e5034f78/datanode-2/data/ratis/49763a6d-6d4c-41b4-946a-1fc91baae003/current/log_inprogress_1
2019-08-22 09:08:47,152 [pool-159-thread-1] INFO  storage.RaftStorage (RaftStorage.java:format(72)) - Storage directory /workdir/hadoop-ozone/integration-test/target/test-dir/MiniOzoneClusterImpl-a9cd9c89-5187-449b-b29a-99b9e5034f78/datanode-1/data/ratis/7beb8de8-0898-4bef-b037-e1fa8b9202d2 has been successfully formatted.
2019-08-22 09:08:47,152 [d02a13da-15f9-45c4-a762-6dfc7568bb22-SegmentedRaftLogWorker:Storage Directory /workdir/hadoop-ozone/integration-test/target/test-dir/MiniOzoneClusterImpl-a9cd9c89-5187-449b-b29a-99b9e5034f78/datanode-1/data/ratis/5352e5a5-57ef-44ea-8658-a1477bb5bd47] INFO  segmented.SegmentedRaftLogWorker (SegmentedRaftLogWorker.java:execute(569)) - d02a13da-15f9-45c4-a762-6dfc7568bb22-SegmentedRaftLogWorker:Storage Directory /workdir/hadoop-ozone/integration-test/target/test-dir/MiniOzoneClusterImpl-a9cd9c89-5187-449b-b29a-99b9e5034f78/datanode-1/data/ratis/5352e5a5-57ef-44ea-8658-a1477bb5bd47: created new log segment /workdir/hadoop-ozone/integration-test/target/test-dir/MiniOzoneClusterImpl-a9cd9c89-5187-449b-b29a-99b9e5034f78/datanode-1/data/ratis/5352e5a5-57ef-44ea-8658-a1477bb5bd47/current/log_inprogress_1
2019-08-22 09:08:47,152 [009b6f07-dfd6-4718-924a-1817c3c071ab-SegmentedRaftLogWorker:Storage Directory /workdir/hadoop-ozone/integration-test/target/test-dir/MiniOzoneClusterImpl-a9cd9c89-5187-449b-b29a-99b9e5034f78/datanode-0/data/ratis/9d8d7a5a-9eec-4a6e-a207-20e6b7042646] INFO  segmented.SegmentedRaftLogWorker (SegmentedRaftLogWorker.java:execute(569)) - 009b6f07-dfd6-4718-924a-1817c3c071ab-SegmentedRaftLogWorker:Storage Directory /workdir/hadoop-ozone/integration-test/target/test-dir/MiniOzoneClusterImpl-a9cd9c89-5187-449b-b29a-99b9e5034f78/datanode-0/data/ratis/9d8d7a5a-9eec-4a6e-a207-20e6b7042646: created new log segment /workdir/hadoop-ozone/integration-test/target/test-dir/MiniOzoneClusterImpl-a9cd9c89-5187-449b-b29a-99b9e5034f78/datanode-0/data/ratis/9d8d7a5a-9eec-4a6e-a207-20e6b7042646/current/log_inprogress_1
2019-08-22 09:08:47,152 [pool-159-thread-1] INFO  ratis.ContainerStateMachine (ContainerStateMachine.java:loadSnapshot(226)) - group-E1FA8B9202D2: The snapshot info is null. Setting the last applied indexto:(t:0, i:~)
2019-08-22 09:08:47,153 [pool-159-thread-1] INFO  server.RaftServerConfigKeys (ConfUtils.java:logGet(43)) - raft.server.leader.election.timeout = 120s (custom)
2019-08-22 09:08:47,153 [pool-159-thread-1] INFO  server.RaftServerConfigKeys (ConfUtils.java:logGet(43)) - raft.server.log.use.memory = false (default)
2019-08-22 09:08:47,153 [pool-159-thread-1] INFO  server.RaftServerConfigKeys (ConfUtils.java:logGet(43)) - raft.server.log.purge.gap = 1000000 (custom)
2019-08-22 09:08:47,153 [pool-159-thread-1] INFO  server.RaftServerConfigKeys (ConfUtils.java:logGet(43)) - raft.server.log.appender.buffer.byte-limit = 33554432 (custom)
2019-08-22 09:08:47,154 [pool-159-thread-1] INFO  server.RaftServerConfigKeys (ConfUtils.java:logGet(43)) - raft.server.log.segment.size.max = 1048576 (custom)
2019-08-22 09:08:47,154 [pool-159-thread-1] INFO  server.RaftServerConfigKeys (ConfUtils.java:logGet(43)) - raft.server.log.segment.cache.num.max = 2 (custom)
2019-08-22 09:08:47,154 [pool-159-thread-1] INFO  segmented.SegmentedRaftLogWorker (SegmentedRaftLogWorker.java:<init>(172)) - new d02a13da-15f9-45c4-a762-6dfc7568bb22-SegmentedRaftLogWorker:Storage Directory /workdir/hadoop-ozone/integration-test/target/test-dir/MiniOzoneClusterImpl-a9cd9c89-5187-449b-b29a-99b9e5034f78/datanode-1/data/ratis/7beb8de8-0898-4bef-b037-e1fa8b9202d2 for RaftStorage:Storage Directory /workdir/hadoop-ozone/integration-test/target/test-dir/MiniOzoneClusterImpl-a9cd9c89-5187-449b-b29a-99b9e5034f78/datanode-1/data/ratis/7beb8de8-0898-4bef-b037-e1fa8b9202d2
2019-08-22 09:08:47,154 [pool-159-thread-1] INFO  server.RaftServerConfigKeys (ConfUtils.java:logGet(43)) - raft.server.log.queue.byte-limit = 2147483647 (custom)
2019-08-22 09:08:47,154 [pool-159-thread-1] INFO  server.RaftServerConfigKeys (ConfUtils.java:logGet(43)) - raft.server.log.queue.element-limit = 1024 (custom)
2019-08-22 09:08:47,154 [pool-159-thread-1] INFO  server.RaftServerConfigKeys (ConfUtils.java:logGet(43)) - raft.server.log.segment.size.max = 1048576 (custom)
2019-08-22 09:08:47,155 [pool-159-thread-1] INFO  server.RaftServerConfigKeys (ConfUtils.java:logGet(43)) - raft.server.log.preallocated.size = 16384 (custom)
2019-08-22 09:08:47,155 [pool-159-thread-1] INFO  server.RaftServerConfigKeys (ConfUtils.java:logGet(43)) - raft.server.log.write.buffer.size = 33554432 (custom)
2019-08-22 09:08:47,155 [pool-159-thread-1] INFO  server.RaftServerConfigKeys (ConfUtils.java:logGet(43)) - raft.server.log.force.sync.num = 128 (default)
2019-08-22 09:08:47,155 [pool-159-thread-1] INFO  server.RaftServerConfigKeys (ConfUtils.java:logGet(43)) - raft.server.log.statemachine.data.sync = true (default)
2019-08-22 09:08:47,155 [pool-159-thread-1] INFO  server.RaftServerConfigKeys (ConfUtils.java:logGet(43)) - raft.server.log.statemachine.data.sync.timeout = 10s (default)
2019-08-22 09:08:47,155 [pool-159-thread-1] INFO  server.RaftServerConfigKeys (ConfUtils.java:logGet(43)) - raft.server.log.statemachine.data.sync.timeout.retry = -1 (default)
2019-08-22 09:08:47,156 [pool-159-thread-1] INFO  server.RaftServerConfigKeys (ConfUtils.java:logGet(43)) - raft.server.log.statemachine.data.caching.enabled = true (custom)
2019-08-22 09:08:47,165 [pool-159-thread-1] INFO  segmented.SegmentedRaftLogWorker (SegmentedRaftLogWorker.java:lambda$new$0(132)) - d02a13da-15f9-45c4-a762-6dfc7568bb22-SegmentedRaftLogWorker:Storage Directory /workdir/hadoop-ozone/integration-test/target/test-dir/MiniOzoneClusterImpl-a9cd9c89-5187-449b-b29a-99b9e5034f78/datanode-1/data/ratis/7beb8de8-0898-4bef-b037-e1fa8b9202d2: flushIndex: setUnconditionally 0 -> -1
2019-08-22 09:08:47,166 [pool-159-thread-1] INFO  server.RaftServerConfigKeys (ConfUtils.java:logGet(43)) - raft.server.snapshot.auto.trigger.enabled = true (custom)
2019-08-22 09:08:47,166 [pool-159-thread-1] INFO  server.RaftServerConfigKeys (ConfUtils.java:logGet(43)) - raft.server.snapshot.auto.trigger.threshold = 10000 (custom)
2019-08-22 09:08:47,166 [pool-159-thread-1] INFO  server.RaftServerConfigKeys (ConfUtils.java:logGet(43)) - raft.server.retrycache.expirytime = 600000ms (custom)
2019-08-22 09:08:47,167 [pool-159-thread-1] INFO  impl.RaftServerImpl (RaftServerImpl.java:start(180)) - d02a13da-15f9-45c4-a762-6dfc7568bb22: start group-E1FA8B9202D2
2019-08-22 09:08:47,167 [pool-159-thread-1] INFO  impl.RaftServerImpl (RaftServerImpl.java:setRole(171)) - d02a13da-15f9-45c4-a762-6dfc7568bb22:group-E1FA8B9202D2 changes role from null to FOLLOWER at term 0 for startAsFollower
2019-08-22 09:08:47,167 [pool-159-thread-1] INFO  impl.RoleInfo (RoleInfo.java:updateAndGet(143)) - d02a13da-15f9-45c4-a762-6dfc7568bb22: start FollowerState
2019-08-22 09:08:47,168 [pool-159-thread-1] INFO  util.JmxRegister (JmxRegister.java:tryRegister(44)) - Successfully registered JMX Bean with object name Ratis:service=RaftServer,group=group-E1FA8B9202D2,id=d02a13da-15f9-45c4-a762-6dfc7568bb22
2019-08-22 09:08:47,171 [RatisPipelineUtilsThread] INFO  pipeline.PipelineStateManager (PipelineStateManager.java:addPipeline(56)) - Created pipeline Pipeline[ Id: 7beb8de8-0898-4bef-b037-e1fa8b9202d2, Nodes: d02a13da-15f9-45c4-a762-6dfc7568bb22{ip: 192.168.36.85, host: pr-hdds-1898-9jx57-4170240974, networkLocation: /default-rack, certSerialId: null}, Type:RATIS, Factor:ONE, State:OPEN]
2019-08-22 09:08:47,177 [grpc-default-executor-0] INFO  impl.RaftServerProxy (RaftServerProxy.java:addNew(89)) - 0c311ac3-3334-459d-ab4e-72c3360f4a50: addNew group-0257DA6525DD:[0c311ac3-3334-459d-ab4e-72c3360f4a50:192.168.36.85:43460] returns group-0257DA6525DD:java.util.concurrent.CompletableFuture@7f8175b6[Not completed]
2019-08-22 09:08:47,179 [pool-170-thread-1] INFO  impl.RaftServerImpl (RaftServerImpl.java:<init>(93)) - 0c311ac3-3334-459d-ab4e-72c3360f4a50: new RaftServerImpl for group-0257DA6525DD:[0c311ac3-3334-459d-ab4e-72c3360f4a50:192.168.36.85:43460] with ContainerStateMachine:uninitialized
2019-08-22 09:08:47,179 [pool-170-thread-1] INFO  server.RaftServerConfigKeys (ConfUtils.java:logGet(43)) - raft.server.rpc.timeout.min = 5s (custom)
2019-08-22 09:08:47,179 [pool-170-thread-1] INFO  server.RaftServerConfigKeys (ConfUtils.java:logGet(43)) - raft.server.rpc.timeout.max = 5200ms (custom)
2019-08-22 09:08:47,179 [pool-170-thread-1] INFO  server.RaftServerConfigKeys (ConfUtils.java:logGet(43)) - raft.server.rpcslowness.timeout = 120s (custom)
2019-08-22 09:08:47,179 [pool-170-thread-1] INFO  server.RaftServerConfigKeys (ConfUtils.java:logGet(43)) - raft.server.sleep.deviation.threshold = 300 (default)
2019-08-22 09:08:47,179 [pool-170-thread-1] INFO  server.RaftServerConfigKeys (ConfUtils.java:logGet(43)) - raft.server.log.appender.install.snapshot.enabled = false (custom)
2019-08-22 09:08:47,179 [pool-170-thread-1] INFO  impl.RaftServerImpl (ServerState.java:<init>(105)) - 0c311ac3-3334-459d-ab4e-72c3360f4a50:group-0257DA6525DD ConfigurationManager, init=-1: [0c311ac3-3334-459d-ab4e-72c3360f4a50:192.168.36.85:43460], old=null, confs=<EMPTY_MAP>
2019-08-22 09:08:47,179 [pool-170-thread-1] INFO  server.RaftServerConfigKeys (ConfUtils.java:logGet(43)) - raft.server.storage.dir = [/workdir/hadoop-ozone/integration-test/target/test-dir/MiniOzoneClusterImpl-a9cd9c89-5187-449b-b29a-99b9e5034f78/datanode-2/data/ratis] (custom)
2019-08-22 09:08:47,180 [pool-170-thread-1] INFO  storage.RaftStorageDirectory (RaftStorageDirectory.java:analyzeStorage(246)) - The storage directory /workdir/hadoop-ozone/integration-test/target/test-dir/MiniOzoneClusterImpl-a9cd9c89-5187-449b-b29a-99b9e5034f78/datanode-2/data/ratis/03cf6cf5-b5f2-45c1-bc81-0257da6525dd does not exist. Creating ...
2019-08-22 09:08:48,112 | INFO  | SCMAudit | user=jenkins1000 | ip=192.168.36.85 | op=SEND_HEARTBEAT {datanodeUUID=0c311ac3-3334-459d-ab4e-72c3360f4a50, command=[]} | ret=SUCCESS |  
2019-08-22 09:08:48,533 [pool-170-thread-1] INFO  storage.RaftStorageDirectory (RaftStorageDirectory.java:tryLock(328)) - Lock on /workdir/hadoop-ozone/integration-test/target/test-dir/MiniOzoneClusterImpl-a9cd9c89-5187-449b-b29a-99b9e5034f78/datanode-2/data/ratis/03cf6cf5-b5f2-45c1-bc81-0257da6525dd/in_use.lock acquired by nodename 4932@pr-hdds-1898-9jx57-4170240974
2019-08-22 09:08:48,859 [pool-170-thread-1] INFO  storage.RaftStorage (RaftStorage.java:format(72)) - Storage directory /workdir/hadoop-ozone/integration-test/target/test-dir/MiniOzoneClusterImpl-a9cd9c89-5187-449b-b29a-99b9e5034f78/datanode-2/data/ratis/03cf6cf5-b5f2-45c1-bc81-0257da6525dd has been successfully formatted.
2019-08-22 09:08:48,859 [pool-170-thread-1] INFO  ratis.ContainerStateMachine (ContainerStateMachine.java:loadSnapshot(226)) - group-0257DA6525DD: The snapshot info is null. Setting the last applied indexto:(t:0, i:~)
2019-08-22 09:08:48,859 [pool-170-thread-1] INFO  server.RaftServerConfigKeys (ConfUtils.java:logGet(43)) - raft.server.leader.election.timeout = 120s (custom)
2019-08-22 09:08:48,859 [pool-170-thread-1] INFO  server.RaftServerConfigKeys (ConfUtils.java:logGet(43)) - raft.server.log.use.memory = false (default)
2019-08-22 09:08:48,860 [pool-170-thread-1] INFO  server.RaftServerConfigKeys (ConfUtils.java:logGet(43)) - raft.server.log.purge.gap = 1000000 (custom)
2019-08-22 09:08:48,860 [pool-170-thread-1] INFO  server.RaftServerConfigKeys (ConfUtils.java:logGet(43)) - raft.server.log.appender.buffer.byte-limit = 33554432 (custom)
2019-08-22 09:08:48,860 [pool-170-thread-1] INFO  server.RaftServerConfigKeys (ConfUtils.java:logGet(43)) - raft.server.log.segment.size.max = 1048576 (custom)
2019-08-22 09:08:48,860 [pool-170-thread-1] INFO  server.RaftServerConfigKeys (ConfUtils.java:logGet(43)) - raft.server.log.segment.cache.num.max = 2 (custom)
2019-08-22 09:08:48,860 [pool-170-thread-1] INFO  segmented.SegmentedRaftLogWorker (SegmentedRaftLogWorker.java:<init>(172)) - new 0c311ac3-3334-459d-ab4e-72c3360f4a50-SegmentedRaftLogWorker:Storage Directory /workdir/hadoop-ozone/integration-test/target/test-dir/MiniOzoneClusterImpl-a9cd9c89-5187-449b-b29a-99b9e5034f78/datanode-2/data/ratis/03cf6cf5-b5f2-45c1-bc81-0257da6525dd for RaftStorage:Storage Directory /workdir/hadoop-ozone/integration-test/target/test-dir/MiniOzoneClusterImpl-a9cd9c89-5187-449b-b29a-99b9e5034f78/datanode-2/data/ratis/03cf6cf5-b5f2-45c1-bc81-0257da6525dd
2019-08-22 09:08:48,860 [pool-170-thread-1] INFO  server.RaftServerConfigKeys (ConfUtils.java:logGet(43)) - raft.server.log.queue.byte-limit = 2147483647 (custom)
2019-08-22 09:08:48,860 [pool-170-thread-1] INFO  server.RaftServerConfigKeys (ConfUtils.java:logGet(43)) - raft.server.log.queue.element-limit = 1024 (custom)
2019-08-22 09:08:48,861 [pool-170-thread-1] INFO  server.RaftServerConfigKeys (ConfUtils.java:logGet(43)) - raft.server.log.segment.size.max = 1048576 (custom)
2019-08-22 09:08:48,861 [pool-170-thread-1] INFO  server.RaftServerConfigKeys (ConfUtils.java:logGet(43)) - raft.server.log.preallocated.size = 16384 (custom)
2019-08-22 09:08:48,861 [pool-170-thread-1] INFO  server.RaftServerConfigKeys (ConfUtils.java:logGet(43)) - raft.server.log.write.buffer.size = 33554432 (custom)
2019-08-22 09:08:48,861 [pool-170-thread-1] INFO  server.RaftServerConfigKeys (ConfUtils.java:logGet(43)) - raft.server.log.force.sync.num = 128 (default)
2019-08-22 09:08:48,861 [pool-170-thread-1] INFO  server.RaftServerConfigKeys (ConfUtils.java:logGet(43)) - raft.server.log.statemachine.data.sync = true (default)
2019-08-22 09:08:48,861 [pool-170-thread-1] INFO  server.RaftServerConfigKeys (ConfUtils.java:logGet(43)) - raft.server.log.statemachine.data.sync.timeout = 10s (default)
2019-08-22 09:08:48,861 [pool-170-thread-1] INFO  server.RaftServerConfigKeys (ConfUtils.java:logGet(43)) - raft.server.log.statemachine.data.sync.timeout.retry = -1 (default)
2019-08-22 09:08:48,861 [pool-170-thread-1] INFO  server.RaftServerConfigKeys (ConfUtils.java:logGet(43)) - raft.server.log.statemachine.data.caching.enabled = true (custom)
2019-08-22 09:08:48,862 [pool-170-thread-1] INFO  segmented.SegmentedRaftLogWorker (SegmentedRaftLogWorker.java:lambda$new$0(132)) - 0c311ac3-3334-459d-ab4e-72c3360f4a50-SegmentedRaftLogWorker:Storage Directory /workdir/hadoop-ozone/integration-test/target/test-dir/MiniOzoneClusterImpl-a9cd9c89-5187-449b-b29a-99b9e5034f78/datanode-2/data/ratis/03cf6cf5-b5f2-45c1-bc81-0257da6525dd: flushIndex: setUnconditionally 0 -> -1
2019-08-22 09:08:48,862 [pool-170-thread-1] INFO  server.RaftServerConfigKeys (ConfUtils.java:logGet(43)) - raft.server.snapshot.auto.trigger.enabled = true (custom)
2019-08-22 09:08:48,862 [pool-170-thread-1] INFO  server.RaftServerConfigKeys (ConfUtils.java:logGet(43)) - raft.server.snapshot.auto.trigger.threshold = 10000 (custom)
2019-08-22 09:08:48,862 [pool-170-thread-1] INFO  server.RaftServerConfigKeys (ConfUtils.java:logGet(43)) - raft.server.retrycache.expirytime = 600000ms (custom)
2019-08-22 09:08:48,863 [pool-170-thread-1] INFO  impl.RaftServerImpl (RaftServerImpl.java:start(180)) - 0c311ac3-3334-459d-ab4e-72c3360f4a50: start group-0257DA6525DD
2019-08-22 09:08:48,863 [pool-170-thread-1] INFO  impl.RaftServerImpl (RaftServerImpl.java:setRole(171)) - 0c311ac3-3334-459d-ab4e-72c3360f4a50:group-0257DA6525DD changes role from null to FOLLOWER at term 0 for startAsFollower
2019-08-22 09:08:48,863 [pool-170-thread-1] INFO  impl.RoleInfo (RoleInfo.java:updateAndGet(143)) - 0c311ac3-3334-459d-ab4e-72c3360f4a50: start FollowerState
2019-08-22 09:08:48,863 [pool-170-thread-1] INFO  util.JmxRegister (JmxRegister.java:tryRegister(44)) - Successfully registered JMX Bean with object name Ratis:service=RaftServer,group=group-0257DA6525DD,id=0c311ac3-3334-459d-ab4e-72c3360f4a50
2019-08-22 09:08:48,867 [RatisPipelineUtilsThread] INFO  pipeline.PipelineStateManager (PipelineStateManager.java:addPipeline(56)) - Created pipeline Pipeline[ Id: 03cf6cf5-b5f2-45c1-bc81-0257da6525dd, Nodes: 0c311ac3-3334-459d-ab4e-72c3360f4a50{ip: 192.168.36.85, host: pr-hdds-1898-9jx57-4170240974, networkLocation: /default-rack, certSerialId: null}, Type:RATIS, Factor:ONE, State:OPEN]
2019-08-22 09:08:48,879 [grpc-default-executor-2] INFO  impl.RaftServerProxy (RaftServerProxy.java:addNew(89)) - d02a13da-15f9-45c4-a762-6dfc7568bb22: addNew group-9B7A12FCF6B4:[d02a13da-15f9-45c4-a762-6dfc7568bb22:192.168.36.85:35380, 009b6f07-dfd6-4718-924a-1817c3c071ab:192.168.36.85:36596, 0c311ac3-3334-459d-ab4e-72c3360f4a50:192.168.36.85:43460] returns group-9B7A12FCF6B4:java.util.concurrent.CompletableFuture@5a995693[Not completed]
2019-08-22 09:08:48,879 [grpc-default-executor-1] INFO  impl.RaftServerProxy (RaftServerProxy.java:addNew(89)) - 009b6f07-dfd6-4718-924a-1817c3c071ab: addNew group-9B7A12FCF6B4:[d02a13da-15f9-45c4-a762-6dfc7568bb22:192.168.36.85:35380, 009b6f07-dfd6-4718-924a-1817c3c071ab:192.168.36.85:36596, 0c311ac3-3334-459d-ab4e-72c3360f4a50:192.168.36.85:43460] returns group-9B7A12FCF6B4:java.util.concurrent.CompletableFuture@f7b2f16[Not completed]
2019-08-22 09:08:48,879 [grpc-default-executor-0] INFO  impl.RaftServerProxy (RaftServerProxy.java:addNew(89)) - 0c311ac3-3334-459d-ab4e-72c3360f4a50: addNew group-9B7A12FCF6B4:[d02a13da-15f9-45c4-a762-6dfc7568bb22:192.168.36.85:35380, 009b6f07-dfd6-4718-924a-1817c3c071ab:192.168.36.85:36596, 0c311ac3-3334-459d-ab4e-72c3360f4a50:192.168.36.85:43460] returns group-9B7A12FCF6B4:java.util.concurrent.CompletableFuture@699b0713[Not completed]
2019-08-22 09:08:48,880 [pool-159-thread-1] INFO  impl.RaftServerImpl (RaftServerImpl.java:<init>(93)) - d02a13da-15f9-45c4-a762-6dfc7568bb22: new RaftServerImpl for group-9B7A12FCF6B4:[d02a13da-15f9-45c4-a762-6dfc7568bb22:192.168.36.85:35380, 009b6f07-dfd6-4718-924a-1817c3c071ab:192.168.36.85:36596, 0c311ac3-3334-459d-ab4e-72c3360f4a50:192.168.36.85:43460] with ContainerStateMachine:uninitialized
2019-08-22 09:08:48,880 [pool-159-thread-1] INFO  server.RaftServerConfigKeys (ConfUtils.java:logGet(43)) - raft.server.rpc.timeout.min = 5s (custom)
2019-08-22 09:08:48,880 [pool-159-thread-1] INFO  server.RaftServerConfigKeys (ConfUtils.java:logGet(43)) - raft.server.rpc.timeout.max = 5200ms (custom)
2019-08-22 09:08:48,880 [pool-159-thread-1] INFO  server.RaftServerConfigKeys (ConfUtils.java:logGet(43)) - raft.server.rpcslowness.timeout = 120s (custom)
2019-08-22 09:08:48,880 [pool-159-thread-1] INFO  server.RaftServerConfigKeys (ConfUtils.java:logGet(43)) - raft.server.sleep.deviation.threshold = 300 (default)
2019-08-22 09:08:48,881 [pool-159-thread-1] INFO  server.RaftServerConfigKeys (ConfUtils.java:logGet(43)) - raft.server.log.appender.install.snapshot.enabled = false (custom)
2019-08-22 09:08:48,881 [pool-148-thread-1] INFO  impl.RaftServerImpl (RaftServerImpl.java:<init>(93)) - 009b6f07-dfd6-4718-924a-1817c3c071ab: new RaftServerImpl for group-9B7A12FCF6B4:[d02a13da-15f9-45c4-a762-6dfc7568bb22:192.168.36.85:35380, 009b6f07-dfd6-4718-924a-1817c3c071ab:192.168.36.85:36596, 0c311ac3-3334-459d-ab4e-72c3360f4a50:192.168.36.85:43460] with ContainerStateMachine:uninitialized
2019-08-22 09:08:48,881 [pool-159-thread-1] INFO  impl.RaftServerImpl (ServerState.java:<init>(105)) - d02a13da-15f9-45c4-a762-6dfc7568bb22:group-9B7A12FCF6B4 ConfigurationManager, init=-1: [d02a13da-15f9-45c4-a762-6dfc7568bb22:192.168.36.85:35380, 009b6f07-dfd6-4718-924a-1817c3c071ab:192.168.36.85:36596, 0c311ac3-3334-459d-ab4e-72c3360f4a50:192.168.36.85:43460], old=null, confs=<EMPTY_MAP>
2019-08-22 09:08:48,881 [pool-148-thread-1] INFO  server.RaftServerConfigKeys (ConfUtils.java:logGet(43)) - raft.server.rpc.timeout.min = 5s (custom)
2019-08-22 09:08:48,881 [pool-159-thread-1] INFO  server.RaftServerConfigKeys (ConfUtils.java:logGet(43)) - raft.server.storage.dir = [/workdir/hadoop-ozone/integration-test/target/test-dir/MiniOzoneClusterImpl-a9cd9c89-5187-449b-b29a-99b9e5034f78/datanode-1/data/ratis] (custom)
2019-08-22 09:08:48,881 [pool-170-thread-1] INFO  impl.RaftServerImpl (RaftServerImpl.java:<init>(93)) - 0c311ac3-3334-459d-ab4e-72c3360f4a50: new RaftServerImpl for group-9B7A12FCF6B4:[d02a13da-15f9-45c4-a762-6dfc7568bb22:192.168.36.85:35380, 009b6f07-dfd6-4718-924a-1817c3c071ab:192.168.36.85:36596, 0c311ac3-3334-459d-ab4e-72c3360f4a50:192.168.36.85:43460] with ContainerStateMachine:uninitialized
2019-08-22 09:08:48,881 [pool-148-thread-1] INFO  server.RaftServerConfigKeys (ConfUtils.java:logGet(43)) - raft.server.rpc.timeout.max = 5200ms (custom)
2019-08-22 09:08:48,882 [pool-170-thread-1] INFO  server.RaftServerConfigKeys (ConfUtils.java:logGet(43)) - raft.server.rpc.timeout.min = 5s (custom)
2019-08-22 09:08:48,882 [pool-159-thread-1] INFO  storage.RaftStorageDirectory (RaftStorageDirectory.java:analyzeStorage(246)) - The storage directory /workdir/hadoop-ozone/integration-test/target/test-dir/MiniOzoneClusterImpl-a9cd9c89-5187-449b-b29a-99b9e5034f78/datanode-1/data/ratis/0cca7265-a9fe-46b5-aeaf-9b7a12fcf6b4 does not exist. Creating ...
2019-08-22 09:08:48,882 [pool-148-thread-1] INFO  server.RaftServerConfigKeys (ConfUtils.java:logGet(43)) - raft.server.rpcslowness.timeout = 120s (custom)
2019-08-22 09:08:48,882 [pool-170-thread-1] INFO  server.RaftServerConfigKeys (ConfUtils.java:logGet(43)) - raft.server.rpc.timeout.max = 5200ms (custom)
2019-08-22 09:08:48,882 [pool-148-thread-1] INFO  server.RaftServerConfigKeys (ConfUtils.java:logGet(43)) - raft.server.sleep.deviation.threshold = 300 (default)
2019-08-22 09:08:48,882 [pool-170-thread-1] INFO  server.RaftServerConfigKeys (ConfUtils.java:logGet(43)) - raft.server.rpcslowness.timeout = 120s (custom)
2019-08-22 09:08:48,882 [pool-148-thread-1] INFO  server.RaftServerConfigKeys (ConfUtils.java:logGet(43)) - raft.server.log.appender.install.snapshot.enabled = false (custom)
2019-08-22 09:08:48,882 [pool-170-thread-1] INFO  server.RaftServerConfigKeys (ConfUtils.java:logGet(43)) - raft.server.sleep.deviation.threshold = 300 (default)
2019-08-22 09:08:48,883 [pool-148-thread-1] INFO  impl.RaftServerImpl (ServerState.java:<init>(105)) - 009b6f07-dfd6-4718-924a-1817c3c071ab:group-9B7A12FCF6B4 ConfigurationManager, init=-1: [d02a13da-15f9-45c4-a762-6dfc7568bb22:192.168.36.85:35380, 009b6f07-dfd6-4718-924a-1817c3c071ab:192.168.36.85:36596, 0c311ac3-3334-459d-ab4e-72c3360f4a50:192.168.36.85:43460], old=null, confs=<EMPTY_MAP>
2019-08-22 09:08:48,883 [pool-170-thread-1] INFO  server.RaftServerConfigKeys (ConfUtils.java:logGet(43)) - raft.server.log.appender.install.snapshot.enabled = false (custom)
2019-08-22 09:08:48,883 [pool-148-thread-1] INFO  server.RaftServerConfigKeys (ConfUtils.java:logGet(43)) - raft.server.storage.dir = [/workdir/hadoop-ozone/integration-test/target/test-dir/MiniOzoneClusterImpl-a9cd9c89-5187-449b-b29a-99b9e5034f78/datanode-0/data/ratis] (custom)
2019-08-22 09:08:48,883 [pool-170-thread-1] INFO  impl.RaftServerImpl (ServerState.java:<init>(105)) - 0c311ac3-3334-459d-ab4e-72c3360f4a50:group-9B7A12FCF6B4 ConfigurationManager, init=-1: [d02a13da-15f9-45c4-a762-6dfc7568bb22:192.168.36.85:35380, 009b6f07-dfd6-4718-924a-1817c3c071ab:192.168.36.85:36596, 0c311ac3-3334-459d-ab4e-72c3360f4a50:192.168.36.85:43460], old=null, confs=<EMPTY_MAP>
2019-08-22 09:08:48,883 [pool-170-thread-1] INFO  server.RaftServerConfigKeys (ConfUtils.java:logGet(43)) - raft.server.storage.dir = [/workdir/hadoop-ozone/integration-test/target/test-dir/MiniOzoneClusterImpl-a9cd9c89-5187-449b-b29a-99b9e5034f78/datanode-2/data/ratis] (custom)
2019-08-22 09:08:48,883 [pool-148-thread-1] INFO  storage.RaftStorageDirectory (RaftStorageDirectory.java:analyzeStorage(246)) - The storage directory /workdir/hadoop-ozone/integration-test/target/test-dir/MiniOzoneClusterImpl-a9cd9c89-5187-449b-b29a-99b9e5034f78/datanode-0/data/ratis/0cca7265-a9fe-46b5-aeaf-9b7a12fcf6b4 does not exist. Creating ...
2019-08-22 09:08:48,883 [pool-170-thread-1] INFO  storage.RaftStorageDirectory (RaftStorageDirectory.java:analyzeStorage(246)) - The storage directory /workdir/hadoop-ozone/integration-test/target/test-dir/MiniOzoneClusterImpl-a9cd9c89-5187-449b-b29a-99b9e5034f78/datanode-2/data/ratis/0cca7265-a9fe-46b5-aeaf-9b7a12fcf6b4 does not exist. Creating ...
2019-08-22 09:08:49,112 | INFO  | SCMAudit | user=jenkins1000 | ip=192.168.36.85 | op=SEND_HEARTBEAT {datanodeUUID=0c311ac3-3334-459d-ab4e-72c3360f4a50, command=[]} | ret=SUCCESS |  
2019-08-22 09:08:49,624 [pool-170-thread-1] INFO  storage.RaftStorageDirectory (RaftStorageDirectory.java:tryLock(328)) - Lock on /workdir/hadoop-ozone/integration-test/target/test-dir/MiniOzoneClusterImpl-a9cd9c89-5187-449b-b29a-99b9e5034f78/datanode-2/data/ratis/0cca7265-a9fe-46b5-aeaf-9b7a12fcf6b4/in_use.lock acquired by nodename 4932@pr-hdds-1898-9jx57-4170240974
2019-08-22 09:08:49,624 [pool-159-thread-1] INFO  storage.RaftStorageDirectory (RaftStorageDirectory.java:tryLock(328)) - Lock on /workdir/hadoop-ozone/integration-test/target/test-dir/MiniOzoneClusterImpl-a9cd9c89-5187-449b-b29a-99b9e5034f78/datanode-1/data/ratis/0cca7265-a9fe-46b5-aeaf-9b7a12fcf6b4/in_use.lock acquired by nodename 4932@pr-hdds-1898-9jx57-4170240974
2019-08-22 09:08:49,624 [pool-148-thread-1] INFO  storage.RaftStorageDirectory (RaftStorageDirectory.java:tryLock(328)) - Lock on /workdir/hadoop-ozone/integration-test/target/test-dir/MiniOzoneClusterImpl-a9cd9c89-5187-449b-b29a-99b9e5034f78/datanode-0/data/ratis/0cca7265-a9fe-46b5-aeaf-9b7a12fcf6b4/in_use.lock acquired by nodename 4932@pr-hdds-1898-9jx57-4170240974
2019-08-22 09:08:49,923 [main] INFO  ozoneimpl.OzoneContainer (OzoneContainer.java:stop(199)) - Attempting to stop container services.
2019-08-22 09:08:49,923 [ForkJoinPool.commonPool-worker-1] INFO  ozoneimpl.OzoneContainer (OzoneContainer.java:stop(199)) - Attempting to stop container services.
2019-08-22 09:08:50,112 | INFO  | SCMAudit | user=jenkins1000 | ip=192.168.36.85 | op=SEND_HEARTBEAT {datanodeUUID=0c311ac3-3334-459d-ab4e-72c3360f4a50, command=[]} | ret=SUCCESS |  
2019-08-22 09:08:50,120 [pool-170-thread-1] INFO  storage.RaftStorage (RaftStorage.java:format(72)) - Storage directory /workdir/hadoop-ozone/integration-test/target/test-dir/MiniOzoneClusterImpl-a9cd9c89-5187-449b-b29a-99b9e5034f78/datanode-2/data/ratis/0cca7265-a9fe-46b5-aeaf-9b7a12fcf6b4 has been successfully formatted.
2019-08-22 09:08:50,120 [pool-148-thread-1] INFO  storage.RaftStorage (RaftStorage.java:format(72)) - Storage directory /workdir/hadoop-ozone/integration-test/target/test-dir/MiniOzoneClusterImpl-a9cd9c89-5187-449b-b29a-99b9e5034f78/datanode-0/data/ratis/0cca7265-a9fe-46b5-aeaf-9b7a12fcf6b4 has been successfully formatted.
2019-08-22 09:08:50,120 [pool-159-thread-1] INFO  storage.RaftStorage (RaftStorage.java:format(72)) - Storage directory /workdir/hadoop-ozone/integration-test/target/test-dir/MiniOzoneClusterImpl-a9cd9c89-5187-449b-b29a-99b9e5034f78/datanode-1/data/ratis/0cca7265-a9fe-46b5-aeaf-9b7a12fcf6b4 has been successfully formatted.
2019-08-22 09:08:50,121 [pool-148-thread-1] INFO  ratis.ContainerStateMachine (ContainerStateMachine.java:loadSnapshot(226)) - group-9B7A12FCF6B4: The snapshot info is null. Setting the last applied indexto:(t:0, i:~)
2019-08-22 09:08:50,121 [pool-170-thread-1] INFO  ratis.ContainerStateMachine (ContainerStateMachine.java:loadSnapshot(226)) - group-9B7A12FCF6B4: The snapshot info is null. Setting the last applied indexto:(t:0, i:~)
2019-08-22 09:08:50,121 [pool-148-thread-1] INFO  server.RaftServerConfigKeys (ConfUtils.java:logGet(43)) - raft.server.leader.election.timeout = 120s (custom)
2019-08-22 09:08:50,122 [pool-148-thread-1] INFO  server.RaftServerConfigKeys (ConfUtils.java:logGet(43)) - raft.server.log.use.memory = false (default)
2019-08-22 09:08:50,121 [pool-159-thread-1] INFO  ratis.ContainerStateMachine (ContainerStateMachine.java:loadSnapshot(226)) - group-9B7A12FCF6B4: The snapshot info is null. Setting the last applied indexto:(t:0, i:~)
2019-08-22 09:08:50,122 [pool-148-thread-1] INFO  server.RaftServerConfigKeys (ConfUtils.java:logGet(43)) - raft.server.log.purge.gap = 1000000 (custom)
2019-08-22 09:08:50,121 [pool-170-thread-1] INFO  server.RaftServerConfigKeys (ConfUtils.java:logGet(43)) - raft.server.leader.election.timeout = 120s (custom)
2019-08-22 09:08:50,122 [pool-148-thread-1] INFO  server.RaftServerConfigKeys (ConfUtils.java:logGet(43)) - raft.server.log.appender.buffer.byte-limit = 33554432 (custom)
2019-08-22 09:08:50,122 [pool-159-thread-1] INFO  server.RaftServerConfigKeys (ConfUtils.java:logGet(43)) - raft.server.leader.election.timeout = 120s (custom)
2019-08-22 09:08:50,122 [pool-148-thread-1] INFO  server.RaftServerConfigKeys (ConfUtils.java:logGet(43)) - raft.server.log.segment.size.max = 1048576 (custom)
2019-08-22 09:08:50,122 [pool-170-thread-1] INFO  server.RaftServerConfigKeys (ConfUtils.java:logGet(43)) - raft.server.log.use.memory = false (default)
2019-08-22 09:08:50,123 [pool-148-thread-1] INFO  server.RaftServerConfigKeys (ConfUtils.java:logGet(43)) - raft.server.log.segment.cache.num.max = 2 (custom)
2019-08-22 09:08:50,123 [pool-159-thread-1] INFO  server.RaftServerConfigKeys (ConfUtils.java:logGet(43)) - raft.server.log.use.memory = false (default)
2019-08-22 09:08:50,123 [pool-148-thread-1] INFO  segmented.SegmentedRaftLogWorker (SegmentedRaftLogWorker.java:<init>(172)) - new 009b6f07-dfd6-4718-924a-1817c3c071ab-SegmentedRaftLogWorker:Storage Directory /workdir/hadoop-ozone/integration-test/target/test-dir/MiniOzoneClusterImpl-a9cd9c89-5187-449b-b29a-99b9e5034f78/datanode-0/data/ratis/0cca7265-a9fe-46b5-aeaf-9b7a12fcf6b4 for RaftStorage:Storage Directory /workdir/hadoop-ozone/integration-test/target/test-dir/MiniOzoneClusterImpl-a9cd9c89-5187-449b-b29a-99b9e5034f78/datanode-0/data/ratis/0cca7265-a9fe-46b5-aeaf-9b7a12fcf6b4
2019-08-22 09:08:50,123 [pool-170-thread-1] INFO  server.RaftServerConfigKeys (ConfUtils.java:logGet(43)) - raft.server.log.purge.gap = 1000000 (custom)
2019-08-22 09:08:50,123 [pool-148-thread-1] INFO  server.RaftServerConfigKeys (ConfUtils.java:logGet(43)) - raft.server.log.queue.byte-limit = 2147483647 (custom)
2019-08-22 09:08:50,124 [pool-148-thread-1] INFO  server.RaftServerConfigKeys (ConfUtils.java:logGet(43)) - raft.server.log.queue.element-limit = 1024 (custom)
2019-08-22 09:08:50,123 [pool-159-thread-1] INFO  server.RaftServerConfigKeys (ConfUtils.java:logGet(43)) - raft.server.log.purge.gap = 1000000 (custom)
2019-08-22 09:08:50,124 [pool-148-thread-1] INFO  server.RaftServerConfigKeys (ConfUtils.java:logGet(43)) - raft.server.log.segment.size.max = 1048576 (custom)
2019-08-22 09:08:50,124 [pool-148-thread-1] INFO  server.RaftServerConfigKeys (ConfUtils.java:logGet(43)) - raft.server.log.preallocated.size = 16384 (custom)
2019-08-22 09:08:50,124 [pool-148-thread-1] INFO  server.RaftServerConfigKeys (ConfUtils.java:logGet(43)) - raft.server.log.write.buffer.size = 33554432 (custom)
2019-08-22 09:08:50,123 [pool-170-thread-1] INFO  server.RaftServerConfigKeys (ConfUtils.java:logGet(43)) - raft.server.log.appender.buffer.byte-limit = 33554432 (custom)
2019-08-22 09:08:50,124 [pool-148-thread-1] INFO  server.RaftServerConfigKeys (ConfUtils.java:logGet(43)) - raft.server.log.force.sync.num = 128 (default)
2019-08-22 09:08:50,125 [pool-148-thread-1] INFO  server.RaftServerConfigKeys (ConfUtils.java:logGet(43)) - raft.server.log.statemachine.data.sync = true (default)
2019-08-22 09:08:50,124 [pool-159-thread-1] INFO  server.RaftServerConfigKeys (ConfUtils.java:logGet(43)) - raft.server.log.appender.buffer.byte-limit = 33554432 (custom)
2019-08-22 09:08:50,125 [pool-148-thread-1] INFO  server.RaftServerConfigKeys (ConfUtils.java:logGet(43)) - raft.server.log.statemachine.data.sync.timeout = 10s (default)
2019-08-22 09:08:50,125 [pool-170-thread-1] INFO  server.RaftServerConfigKeys (ConfUtils.java:logGet(43)) - raft.server.log.segment.size.max = 1048576 (custom)
2019-08-22 09:08:50,125 [pool-148-thread-1] INFO  server.RaftServerConfigKeys (ConfUtils.java:logGet(43)) - raft.server.log.statemachine.data.sync.timeout.retry = -1 (default)
2019-08-22 09:08:50,125 [pool-159-thread-1] INFO  server.RaftServerConfigKeys (ConfUtils.java:logGet(43)) - raft.server.log.segment.size.max = 1048576 (custom)
2019-08-22 09:08:50,125 [pool-148-thread-1] INFO  server.RaftServerConfigKeys (ConfUtils.java:logGet(43)) - raft.server.log.statemachine.data.caching.enabled = true (custom)
2019-08-22 09:08:50,125 [pool-170-thread-1] INFO  server.RaftServerConfigKeys (ConfUtils.java:logGet(43)) - raft.server.log.segment.cache.num.max = 2 (custom)
2019-08-22 09:08:50,126 [pool-159-thread-1] INFO  server.RaftServerConfigKeys (ConfUtils.java:logGet(43)) - raft.server.log.segment.cache.num.max = 2 (custom)
2019-08-22 09:08:50,126 [pool-170-thread-1] INFO  segmented.SegmentedRaftLogWorker (SegmentedRaftLogWorker.java:<init>(172)) - new 0c311ac3-3334-459d-ab4e-72c3360f4a50-SegmentedRaftLogWorker:Storage Directory /workdir/hadoop-ozone/integration-test/target/test-dir/MiniOzoneClusterImpl-a9cd9c89-5187-449b-b29a-99b9e5034f78/datanode-2/data/ratis/0cca7265-a9fe-46b5-aeaf-9b7a12fcf6b4 for RaftStorage:Storage Directory /workdir/hadoop-ozone/integration-test/target/test-dir/MiniOzoneClusterImpl-a9cd9c89-5187-449b-b29a-99b9e5034f78/datanode-2/data/ratis/0cca7265-a9fe-46b5-aeaf-9b7a12fcf6b4
2019-08-22 09:08:50,126 [pool-159-thread-1] INFO  segmented.SegmentedRaftLogWorker (SegmentedRaftLogWorker.java:<init>(172)) - new d02a13da-15f9-45c4-a762-6dfc7568bb22-SegmentedRaftLogWorker:Storage Directory /workdir/hadoop-ozone/integration-test/target/test-dir/MiniOzoneClusterImpl-a9cd9c89-5187-449b-b29a-99b9e5034f78/datanode-1/data/ratis/0cca7265-a9fe-46b5-aeaf-9b7a12fcf6b4 for RaftStorage:Storage Directory /workdir/hadoop-ozone/integration-test/target/test-dir/MiniOzoneClusterImpl-a9cd9c89-5187-449b-b29a-99b9e5034f78/datanode-1/data/ratis/0cca7265-a9fe-46b5-aeaf-9b7a12fcf6b4
2019-08-22 09:08:50,126 [pool-170-thread-1] INFO  server.RaftServerConfigKeys (ConfUtils.java:logGet(43)) - raft.server.log.queue.byte-limit = 2147483647 (custom)
2019-08-22 09:08:50,126 [pool-159-thread-1] INFO  server.RaftServerConfigKeys (ConfUtils.java:logGet(43)) - raft.server.log.queue.byte-limit = 2147483647 (custom)
2019-08-22 09:08:50,127 [pool-170-thread-1] INFO  server.RaftServerConfigKeys (ConfUtils.java:logGet(43)) - raft.server.log.queue.element-limit = 1024 (custom)
2019-08-22 09:08:50,127 [pool-159-thread-1] INFO  server.RaftServerConfigKeys (ConfUtils.java:logGet(43)) - raft.server.log.queue.element-limit = 1024 (custom)
2019-08-22 09:08:50,127 [pool-170-thread-1] INFO  server.RaftServerConfigKeys (ConfUtils.java:logGet(43)) - raft.server.log.segment.size.max = 1048576 (custom)
2019-08-22 09:08:50,127 [pool-159-thread-1] INFO  server.RaftServerConfigKeys (ConfUtils.java:logGet(43)) - raft.server.log.segment.size.max = 1048576 (custom)
2019-08-22 09:08:50,127 [pool-170-thread-1] INFO  server.RaftServerConfigKeys (ConfUtils.java:logGet(43)) - raft.server.log.preallocated.size = 16384 (custom)
2019-08-22 09:08:50,127 [pool-159-thread-1] INFO  server.RaftServerConfigKeys (ConfUtils.java:logGet(43)) - raft.server.log.preallocated.size = 16384 (custom)
2019-08-22 09:08:50,127 [pool-170-thread-1] INFO  server.RaftServerConfigKeys (ConfUtils.java:logGet(43)) - raft.server.log.write.buffer.size = 33554432 (custom)
2019-08-22 09:08:50,128 [pool-159-thread-1] INFO  server.RaftServerConfigKeys (ConfUtils.java:logGet(43)) - raft.server.log.write.buffer.size = 33554432 (custom)
2019-08-22 09:08:50,128 [pool-170-thread-1] INFO  server.RaftServerConfigKeys (ConfUtils.java:logGet(43)) - raft.server.log.force.sync.num = 128 (default)
2019-08-22 09:08:50,128 [pool-159-thread-1] INFO  server.RaftServerConfigKeys (ConfUtils.java:logGet(43)) - raft.server.log.force.sync.num = 128 (default)
2019-08-22 09:08:50,128 [pool-170-thread-1] INFO  server.RaftServerConfigKeys (ConfUtils.java:logGet(43)) - raft.server.log.statemachine.data.sync = true (default)
2019-08-22 09:08:50,128 [pool-159-thread-1] INFO  server.RaftServerConfigKeys (ConfUtils.java:logGet(43)) - raft.server.log.statemachine.data.sync = true (default)
2019-08-22 09:08:50,128 [pool-170-thread-1] INFO  server.RaftServerConfigKeys (ConfUtils.java:logGet(43)) - raft.server.log.statemachine.data.sync.timeout = 10s (default)
2019-08-22 09:08:50,129 [pool-159-thread-1] INFO  server.RaftServerConfigKeys (ConfUtils.java:logGet(43)) - raft.server.log.statemachine.data.sync.timeout = 10s (default)
2019-08-22 09:08:50,129 [pool-170-thread-1] INFO  server.RaftServerConfigKeys (ConfUtils.java:logGet(43)) - raft.server.log.statemachine.data.sync.timeout.retry = -1 (default)
2019-08-22 09:08:50,129 [pool-159-thread-1] INFO  server.RaftServerConfigKeys (ConfUtils.java:logGet(43)) - raft.server.log.statemachine.data.sync.timeout.retry = -1 (default)
2019-08-22 09:08:50,129 [pool-170-thread-1] INFO  server.RaftServerConfigKeys (ConfUtils.java:logGet(43)) - raft.server.log.statemachine.data.caching.enabled = true (custom)
2019-08-22 09:08:50,129 [pool-159-thread-1] INFO  server.RaftServerConfigKeys (ConfUtils.java:logGet(43)) - raft.server.log.statemachine.data.caching.enabled = true (custom)
2019-08-22 09:08:50,134 [pool-170-thread-1] INFO  segmented.SegmentedRaftLogWorker (SegmentedRaftLogWorker.java:lambda$new$0(132)) - 0c311ac3-3334-459d-ab4e-72c3360f4a50-SegmentedRaftLogWorker:Storage Directory /workdir/hadoop-ozone/integration-test/target/test-dir/MiniOzoneClusterImpl-a9cd9c89-5187-449b-b29a-99b9e5034f78/datanode-2/data/ratis/0cca7265-a9fe-46b5-aeaf-9b7a12fcf6b4: flushIndex: setUnconditionally 0 -> -1
2019-08-22 09:08:50,134 [pool-159-thread-1] INFO  segmented.SegmentedRaftLogWorker (SegmentedRaftLogWorker.java:lambda$new$0(132)) - d02a13da-15f9-45c4-a762-6dfc7568bb22-SegmentedRaftLogWorker:Storage Directory /workdir/hadoop-ozone/integration-test/target/test-dir/MiniOzoneClusterImpl-a9cd9c89-5187-449b-b29a-99b9e5034f78/datanode-1/data/ratis/0cca7265-a9fe-46b5-aeaf-9b7a12fcf6b4: flushIndex: setUnconditionally 0 -> -1
2019-08-22 09:08:50,134 [pool-170-thread-1] INFO  server.RaftServerConfigKeys (ConfUtils.java:logGet(43)) - raft.server.snapshot.auto.trigger.enabled = true (custom)
2019-08-22 09:08:50,134 [pool-148-thread-1] INFO  segmented.SegmentedRaftLogWorker (SegmentedRaftLogWorker.java:lambda$new$0(132)) - 009b6f07-dfd6-4718-924a-1817c3c071ab-SegmentedRaftLogWorker:Storage Directory /workdir/hadoop-ozone/integration-test/target/test-dir/MiniOzoneClusterImpl-a9cd9c89-5187-449b-b29a-99b9e5034f78/datanode-0/data/ratis/0cca7265-a9fe-46b5-aeaf-9b7a12fcf6b4: flushIndex: setUnconditionally 0 -> -1
2019-08-22 09:08:50,134 [pool-170-thread-1] INFO  server.RaftServerConfigKeys (ConfUtils.java:logGet(43)) - raft.server.snapshot.auto.trigger.threshold = 10000 (custom)
2019-08-22 09:08:50,134 [pool-159-thread-1] INFO  server.RaftServerConfigKeys (ConfUtils.java:logGet(43)) - raft.server.snapshot.auto.trigger.enabled = true (custom)
2019-08-22 09:08:50,134 [pool-148-thread-1] INFO  server.RaftServerConfigKeys (ConfUtils.java:logGet(43)) - raft.server.snapshot.auto.trigger.enabled = true (custom)
2019-08-22 09:08:50,135 [pool-170-thread-1] INFO  server.RaftServerConfigKeys (ConfUtils.java:logGet(43)) - raft.server.retrycache.expirytime = 600000ms (custom)
2019-08-22 09:08:50,135 [pool-148-thread-1] INFO  server.RaftServerConfigKeys (ConfUtils.java:logGet(43)) - raft.server.snapshot.auto.trigger.threshold = 10000 (custom)
2019-08-22 09:08:50,135 [pool-170-thread-1] INFO  impl.RaftServerImpl (RaftServerImpl.java:start(180)) - 0c311ac3-3334-459d-ab4e-72c3360f4a50: start group-9B7A12FCF6B4
2019-08-22 09:08:50,135 [pool-159-thread-1] INFO  server.RaftServerConfigKeys (ConfUtils.java:logGet(43)) - raft.server.snapshot.auto.trigger.threshold = 10000 (custom)
2019-08-22 09:08:50,135 [pool-170-thread-1] INFO  impl.RaftServerImpl (RaftServerImpl.java:setRole(171)) - 0c311ac3-3334-459d-ab4e-72c3360f4a50:group-9B7A12FCF6B4 changes role from null to FOLLOWER at term 0 for startAsFollower
2019-08-22 09:08:50,135 [pool-148-thread-1] INFO  server.RaftServerConfigKeys (ConfUtils.java:logGet(43)) - raft.server.retrycache.expirytime = 600000ms (custom)
2019-08-22 09:08:50,135 [pool-170-thread-1] INFO  impl.RoleInfo (RoleInfo.java:updateAndGet(143)) - 0c311ac3-3334-459d-ab4e-72c3360f4a50: start FollowerState
2019-08-22 09:08:50,135 [pool-159-thread-1] INFO  server.RaftServerConfigKeys (ConfUtils.java:logGet(43)) - raft.server.retrycache.expirytime = 600000ms (custom)
2019-08-22 09:08:50,136 [pool-148-thread-1] INFO  impl.RaftServerProxy (RaftServerProxy.java:remove(95)) - 009b6f07-dfd6-4718-924a-1817c3c071ab: remove     null group-9B7A12FCF6B4 009b6f07-dfd6-4718-924a-1817c3c071ab:t0, leader=null, voted=null, raftlog=009b6f07-dfd6-4718-924a-1817c3c071ab-SegmentedRaftLog:OPENED:c-1,f-1,i0, conf=-1: [d02a13da-15f9-45c4-a762-6dfc7568bb22:192.168.36.85:35380, 009b6f07-dfd6-4718-924a-1817c3c071ab:192.168.36.85:36596, 0c311ac3-3334-459d-ab4e-72c3360f4a50:192.168.36.85:43460], old=null NEW
2019-08-22 09:08:50,136 [pool-159-thread-1] INFO  impl.RaftServerProxy (RaftServerProxy.java:remove(95)) - d02a13da-15f9-45c4-a762-6dfc7568bb22: remove     null group-9B7A12FCF6B4 d02a13da-15f9-45c4-a762-6dfc7568bb22:t0, leader=null, voted=null, raftlog=d02a13da-15f9-45c4-a762-6dfc7568bb22-SegmentedRaftLog:OPENED:c-1,f-1,i0, conf=-1: [d02a13da-15f9-45c4-a762-6dfc7568bb22:192.168.36.85:35380, 009b6f07-dfd6-4718-924a-1817c3c071ab:192.168.36.85:36596, 0c311ac3-3334-459d-ab4e-72c3360f4a50:192.168.36.85:43460], old=null NEW
2019-08-22 09:08:50,136 [pool-170-thread-1] INFO  util.JmxRegister (JmxRegister.java:tryRegister(44)) - Successfully registered JMX Bean with object name Ratis:service=RaftServer,group=group-9B7A12FCF6B4,id=0c311ac3-3334-459d-ab4e-72c3360f4a50
2019-08-22 09:08:50,137 [pool-148-thread-1] WARN  impl.RaftServerProxy (RaftServerProxy.java:lambda$groupAddAsync$11(388)) - 009b6f07-dfd6-4718-924a-1817c3c071ab: Failed groupAdd* GroupManagementRequest:client-8E2985B03EC3->009b6f07-dfd6-4718-924a-1817c3c071ab@group-9B7A12FCF6B4, cid=39, seq=0, RW, null, Add:group-9B7A12FCF6B4:[d02a13da-15f9-45c4-a762-6dfc7568bb22:192.168.36.85:35380, 009b6f07-dfd6-4718-924a-1817c3c071ab:192.168.36.85:36596, 0c311ac3-3334-459d-ab4e-72c3360f4a50:192.168.36.85:43460]
java.util.concurrent.CompletionException: java.util.concurrent.RejectedExecutionException: Task java.util.concurrent.CompletableFuture$UniApply@151693eb rejected from java.util.concurrent.ThreadPoolExecutor@6dc243af[Shutting down, pool size = 1, active threads = 1, queued tasks = 0, completed tasks = 4]
	at java.util.concurrent.CompletableFuture.encodeThrowable(CompletableFuture.java:273)
	at java.util.concurrent.CompletableFuture.completeThrowable(CompletableFuture.java:280)
	at java.util.concurrent.CompletableFuture.uniApply(CompletableFuture.java:604)
	at java.util.concurrent.CompletableFuture$UniApply.tryFire(CompletableFuture.java:577)
	at java.util.concurrent.CompletableFuture.postComplete(CompletableFuture.java:474)
	at java.util.concurrent.CompletableFuture$AsyncSupply.run(CompletableFuture.java:1595)
	at java.util.concurrent.ThreadPoolExecutor.runWorker(ThreadPoolExecutor.java:1149)
	at java.util.concurrent.ThreadPoolExecutor$Worker.run(ThreadPoolExecutor.java:624)
	at java.lang.Thread.run(Thread.java:748)
Caused by: java.util.concurrent.RejectedExecutionException: Task java.util.concurrent.CompletableFuture$UniApply@151693eb rejected from java.util.concurrent.ThreadPoolExecutor@6dc243af[Shutting down, pool size = 1, active threads = 1, queued tasks = 0, completed tasks = 4]
	at java.util.concurrent.ThreadPoolExecutor$AbortPolicy.rejectedExecution(ThreadPoolExecutor.java:2063)
	at java.util.concurrent.ThreadPoolExecutor.reject(ThreadPoolExecutor.java:830)
	at java.util.concurrent.ThreadPoolExecutor.execute(ThreadPoolExecutor.java:1379)
	at java.util.concurrent.Executors$DelegatedExecutorService.execute(Executors.java:668)
	at java.util.concurrent.CompletableFuture$UniCompletion.claim(CompletableFuture.java:529)
	at java.util.concurrent.CompletableFuture.uniApply(CompletableFuture.java:599)
	... 6 more
2019-08-22 09:08:50,137 [pool-159-thread-1] WARN  impl.RaftServerProxy (RaftServerProxy.java:lambda$groupAddAsync$11(388)) - d02a13da-15f9-45c4-a762-6dfc7568bb22: Failed groupAdd* GroupManagementRequest:client-CD2EA06229D4->d02a13da-15f9-45c4-a762-6dfc7568bb22@group-9B7A12FCF6B4, cid=40, seq=0, RW, null, Add:group-9B7A12FCF6B4:[d02a13da-15f9-45c4-a762-6dfc7568bb22:192.168.36.85:35380, 009b6f07-dfd6-4718-924a-1817c3c071ab:192.168.36.85:36596, 0c311ac3-3334-459d-ab4e-72c3360f4a50:192.168.36.85:43460]
java.util.concurrent.CompletionException: java.util.concurrent.RejectedExecutionException: Task java.util.concurrent.CompletableFuture$UniApply@31740d2e rejected from java.util.concurrent.ThreadPoolExecutor@354b8fd8[Shutting down, pool size = 1, active threads = 1, queued tasks = 0, completed tasks = 4]
	at java.util.concurrent.CompletableFuture.encodeThrowable(CompletableFuture.java:273)
	at java.util.concurrent.CompletableFuture.completeThrowable(CompletableFuture.java:280)
	at java.util.concurrent.CompletableFuture.uniApply(CompletableFuture.java:604)
	at java.util.concurrent.CompletableFuture$UniApply.tryFire(CompletableFuture.java:577)
	at java.util.concurrent.CompletableFuture.postComplete(CompletableFuture.java:474)
	at java.util.concurrent.CompletableFuture$AsyncSupply.run(CompletableFuture.java:1595)
	at java.util.concurrent.ThreadPoolExecutor.runWorker(ThreadPoolExecutor.java:1149)
	at java.util.concurrent.ThreadPoolExecutor$Worker.run(ThreadPoolExecutor.java:624)
	at java.lang.Thread.run(Thread.java:748)
Caused by: java.util.concurrent.RejectedExecutionException: Task java.util.concurrent.CompletableFuture$UniApply@31740d2e rejected from java.util.concurrent.ThreadPoolExecutor@354b8fd8[Shutting down, pool size = 1, active threads = 1, queued tasks = 0, completed tasks = 4]
	at java.util.concurrent.ThreadPoolExecutor$AbortPolicy.rejectedExecution(ThreadPoolExecutor.java:2063)
	at java.util.concurrent.ThreadPoolExecutor.reject(ThreadPoolExecutor.java:830)
	at java.util.concurrent.ThreadPoolExecutor.execute(ThreadPoolExecutor.java:1379)
	at java.util.concurrent.Executors$DelegatedExecutorService.execute(Executors.java:668)
	at java.util.concurrent.CompletableFuture$UniCompletion.claim(CompletableFuture.java:529)
	at java.util.concurrent.CompletableFuture.uniApply(CompletableFuture.java:599)
	... 6 more
2019-08-22 09:08:50,138 [ForkJoinPool.commonPool-worker-1] INFO  impl.RaftServerProxy (RaftServerProxy.java:lambda$close$4(314)) - 009b6f07-dfd6-4718-924a-1817c3c071ab: close
2019-08-22 09:08:50,138 [main] INFO  impl.RaftServerProxy (RaftServerProxy.java:lambda$close$4(314)) - d02a13da-15f9-45c4-a762-6dfc7568bb22: close
2019-08-22 09:08:50,138 [ForkJoinPool.commonPool-worker-1] INFO  impl.RaftServerImpl (RaftServerImpl.java:lambda$shutdown$3(245)) - 009b6f07-dfd6-4718-924a-1817c3c071ab: shutdown group-20E6B7042646
2019-08-22 09:08:50,139 [main] INFO  impl.RaftServerImpl (RaftServerImpl.java:lambda$shutdown$3(245)) - d02a13da-15f9-45c4-a762-6dfc7568bb22: shutdown group-E1FA8B9202D2
2019-08-22 09:08:50,139 [ForkJoinPool.commonPool-worker-1] INFO  util.JmxRegister (JmxRegister.java:unregister(73)) - Successfully un-registered JMX Bean with object name Ratis:service=RaftServer,group=group-20E6B7042646,id=009b6f07-dfd6-4718-924a-1817c3c071ab
2019-08-22 09:08:50,139 [main] INFO  util.JmxRegister (JmxRegister.java:unregister(73)) - Successfully un-registered JMX Bean with object name Ratis:service=RaftServer,group=group-E1FA8B9202D2,id=d02a13da-15f9-45c4-a762-6dfc7568bb22
2019-08-22 09:08:50,140 [main] INFO  impl.RoleInfo (RoleInfo.java:shutdownFollowerState(121)) - d02a13da-15f9-45c4-a762-6dfc7568bb22: shutdown FollowerState
2019-08-22 09:08:50,140 [ForkJoinPool.commonPool-worker-1] INFO  impl.RoleInfo (RoleInfo.java:shutdownLeaderState(104)) - 009b6f07-dfd6-4718-924a-1817c3c071ab: shutdown LeaderState
2019-08-22 09:08:50,140 [Thread-617] INFO  impl.FollowerState (FollowerState.java:run(114)) - d02a13da-15f9-45c4-a762-6dfc7568bb22: FollowerState was interrupted: java.lang.InterruptedException: sleep interrupted
2019-08-22 09:08:50,140 [main] INFO  impl.StateMachineUpdater (StateMachineUpdater.java:stopAndJoin(115)) - StateMachineUpdater:d02a13da-15f9-45c4-a762-6dfc7568bb22:group-E1FA8B9202D2: set stopIndex = -1
2019-08-22 09:08:50,143 [main] INFO  impl.RaftServerImpl (ServerState.java:close(394)) - d02a13da-15f9-45c4-a762-6dfc7568bb22:group-E1FA8B9202D2 closes. The last applied log index is -1
2019-08-22 09:08:50,141 [ForkJoinPool.commonPool-worker-1] INFO  impl.PendingRequests (PendingRequests.java:sendNotLeaderResponses(202)) - 009b6f07-dfd6-4718-924a-1817c3c071ab-PendingRequests: sendNotLeaderResponses
2019-08-22 09:08:50,143 [d02a13da-15f9-45c4-a762-6dfc7568bb22-SegmentedRaftLogWorker:Storage Directory /workdir/hadoop-ozone/integration-test/target/test-dir/MiniOzoneClusterImpl-a9cd9c89-5187-449b-b29a-99b9e5034f78/datanode-1/data/ratis/7beb8de8-0898-4bef-b037-e1fa8b9202d2] INFO  segmented.SegmentedRaftLogWorker (SegmentedRaftLogWorker.java:run(313)) - d02a13da-15f9-45c4-a762-6dfc7568bb22-SegmentedRaftLogWorker:Storage Directory /workdir/hadoop-ozone/integration-test/target/test-dir/MiniOzoneClusterImpl-a9cd9c89-5187-449b-b29a-99b9e5034f78/datanode-1/data/ratis/7beb8de8-0898-4bef-b037-e1fa8b9202d2 was interrupted, exiting. There are 0 tasks remaining in the queue.
2019-08-22 09:08:50,149 [ForkJoinPool.commonPool-worker-1] INFO  impl.StateMachineUpdater (StateMachineUpdater.java:stopAndJoin(115)) - StateMachineUpdater:009b6f07-dfd6-4718-924a-1817c3c071ab:group-20E6B7042646: set stopIndex = 2
2019-08-22 09:08:50,149 [main] INFO  segmented.SegmentedRaftLogWorker (SegmentedRaftLogWorker.java:close(228)) - d02a13da-15f9-45c4-a762-6dfc7568bb22-SegmentedRaftLogWorker:Storage Directory /workdir/hadoop-ozone/integration-test/target/test-dir/MiniOzoneClusterImpl-a9cd9c89-5187-449b-b29a-99b9e5034f78/datanode-1/data/ratis/7beb8de8-0898-4bef-b037-e1fa8b9202d2 close()
2019-08-22 09:08:50,149 [ForkJoinPool.commonPool-worker-1] INFO  impl.RaftServerImpl (ServerState.java:close(394)) - 009b6f07-dfd6-4718-924a-1817c3c071ab:group-20E6B7042646 closes. The last applied log index is 2
2019-08-22 09:08:50,152 [main] INFO  impl.RaftServerImpl (RaftServerImpl.java:lambda$shutdown$3(245)) - d02a13da-15f9-45c4-a762-6dfc7568bb22: shutdown group-A1477BB5BD47
2019-08-22 09:08:50,153 [009b6f07-dfd6-4718-924a-1817c3c071ab-SegmentedRaftLogWorker:Storage Directory /workdir/hadoop-ozone/integration-test/target/test-dir/MiniOzoneClusterImpl-a9cd9c89-5187-449b-b29a-99b9e5034f78/datanode-0/data/ratis/9d8d7a5a-9eec-4a6e-a207-20e6b7042646] INFO  segmented.SegmentedRaftLogWorker (SegmentedRaftLogWorker.java:run(313)) - 009b6f07-dfd6-4718-924a-1817c3c071ab-SegmentedRaftLogWorker:Storage Directory /workdir/hadoop-ozone/integration-test/target/test-dir/MiniOzoneClusterImpl-a9cd9c89-5187-449b-b29a-99b9e5034f78/datanode-0/data/ratis/9d8d7a5a-9eec-4a6e-a207-20e6b7042646 was interrupted, exiting. There are 0 tasks remaining in the queue.
2019-08-22 09:08:50,153 [main] INFO  util.JmxRegister (JmxRegister.java:unregister(73)) - Successfully un-registered JMX Bean with object name Ratis:service=RaftServer,group=group-A1477BB5BD47,id=d02a13da-15f9-45c4-a762-6dfc7568bb22
2019-08-22 09:08:50,155 [ForkJoinPool.commonPool-worker-1] INFO  segmented.SegmentedRaftLogWorker (SegmentedRaftLogWorker.java:close(228)) - 009b6f07-dfd6-4718-924a-1817c3c071ab-SegmentedRaftLogWorker:Storage Directory /workdir/hadoop-ozone/integration-test/target/test-dir/MiniOzoneClusterImpl-a9cd9c89-5187-449b-b29a-99b9e5034f78/datanode-0/data/ratis/9d8d7a5a-9eec-4a6e-a207-20e6b7042646 close()
2019-08-22 09:08:50,155 [main] INFO  impl.RoleInfo (RoleInfo.java:shutdownLeaderState(104)) - d02a13da-15f9-45c4-a762-6dfc7568bb22: shutdown LeaderState
2019-08-22 09:08:50,158 [ForkJoinPool.commonPool-worker-1] INFO  impl.RaftServerImpl (RaftServerImpl.java:lambda$shutdown$3(245)) - 009b6f07-dfd6-4718-924a-1817c3c071ab: shutdown group-90FCBA88148B
2019-08-22 09:08:50,159 [main] INFO  impl.PendingRequests (PendingRequests.java:sendNotLeaderResponses(202)) - d02a13da-15f9-45c4-a762-6dfc7568bb22-PendingRequests: sendNotLeaderResponses
2019-08-22 09:08:50,159 [ForkJoinPool.commonPool-worker-1] INFO  util.JmxRegister (JmxRegister.java:unregister(73)) - Successfully un-registered JMX Bean with object name Ratis:service=RaftServer,group=group-90FCBA88148B,id=009b6f07-dfd6-4718-924a-1817c3c071ab
2019-08-22 09:08:50,164 [main] INFO  impl.StateMachineUpdater (StateMachineUpdater.java:stopAndJoin(115)) - StateMachineUpdater:d02a13da-15f9-45c4-a762-6dfc7568bb22:group-A1477BB5BD47: set stopIndex = 2
2019-08-22 09:08:50,165 [main] INFO  impl.RaftServerImpl (ServerState.java:close(394)) - d02a13da-15f9-45c4-a762-6dfc7568bb22:group-A1477BB5BD47 closes. The last applied log index is 2
2019-08-22 09:08:50,165 [ForkJoinPool.commonPool-worker-1] INFO  impl.RoleInfo (RoleInfo.java:shutdownFollowerState(121)) - 009b6f07-dfd6-4718-924a-1817c3c071ab: shutdown FollowerState
2019-08-22 09:08:50,166 [d02a13da-15f9-45c4-a762-6dfc7568bb22-SegmentedRaftLogWorker:Storage Directory /workdir/hadoop-ozone/integration-test/target/test-dir/MiniOzoneClusterImpl-a9cd9c89-5187-449b-b29a-99b9e5034f78/datanode-1/data/ratis/5352e5a5-57ef-44ea-8658-a1477bb5bd47] INFO  segmented.SegmentedRaftLogWorker (SegmentedRaftLogWorker.java:run(313)) - d02a13da-15f9-45c4-a762-6dfc7568bb22-SegmentedRaftLogWorker:Storage Directory /workdir/hadoop-ozone/integration-test/target/test-dir/MiniOzoneClusterImpl-a9cd9c89-5187-449b-b29a-99b9e5034f78/datanode-1/data/ratis/5352e5a5-57ef-44ea-8658-a1477bb5bd47 was interrupted, exiting. There are 0 tasks remaining in the queue.
2019-08-22 09:08:50,166 [Thread-611] INFO  impl.FollowerState (FollowerState.java:run(114)) - 009b6f07-dfd6-4718-924a-1817c3c071ab: FollowerState was interrupted: java.lang.InterruptedException: sleep interrupted
2019-08-22 09:08:50,166 [ForkJoinPool.commonPool-worker-1] INFO  impl.StateMachineUpdater (StateMachineUpdater.java:stopAndJoin(115)) - StateMachineUpdater:009b6f07-dfd6-4718-924a-1817c3c071ab:group-90FCBA88148B: set stopIndex = -1
2019-08-22 09:08:50,168 [main] INFO  segmented.SegmentedRaftLogWorker (SegmentedRaftLogWorker.java:close(228)) - d02a13da-15f9-45c4-a762-6dfc7568bb22-SegmentedRaftLogWorker:Storage Directory /workdir/hadoop-ozone/integration-test/target/test-dir/MiniOzoneClusterImpl-a9cd9c89-5187-449b-b29a-99b9e5034f78/datanode-1/data/ratis/5352e5a5-57ef-44ea-8658-a1477bb5bd47 close()
2019-08-22 09:08:50,169 [ForkJoinPool.commonPool-worker-1] INFO  impl.RaftServerImpl (ServerState.java:close(394)) - 009b6f07-dfd6-4718-924a-1817c3c071ab:group-90FCBA88148B closes. The last applied log index is -1
2019-08-22 09:08:50,172 [main] INFO  server.GrpcService (GrpcService.java:closeImpl(155)) - d02a13da-15f9-45c4-a762-6dfc7568bb22: shutdown server with port 35380 now
2019-08-22 09:08:50,172 [009b6f07-dfd6-4718-924a-1817c3c071ab-SegmentedRaftLogWorker:Storage Directory /workdir/hadoop-ozone/integration-test/target/test-dir/MiniOzoneClusterImpl-a9cd9c89-5187-449b-b29a-99b9e5034f78/datanode-0/data/ratis/ac361198-ea45-4549-90f1-90fcba88148b] INFO  segmented.SegmentedRaftLogWorker (SegmentedRaftLogWorker.java:run(313)) - 009b6f07-dfd6-4718-924a-1817c3c071ab-SegmentedRaftLogWorker:Storage Directory /workdir/hadoop-ozone/integration-test/target/test-dir/MiniOzoneClusterImpl-a9cd9c89-5187-449b-b29a-99b9e5034f78/datanode-0/data/ratis/ac361198-ea45-4549-90f1-90fcba88148b was interrupted, exiting. There are 0 tasks remaining in the queue.
2019-08-22 09:08:50,172 [ForkJoinPool.commonPool-worker-1] INFO  segmented.SegmentedRaftLogWorker (SegmentedRaftLogWorker.java:close(228)) - 009b6f07-dfd6-4718-924a-1817c3c071ab-SegmentedRaftLogWorker:Storage Directory /workdir/hadoop-ozone/integration-test/target/test-dir/MiniOzoneClusterImpl-a9cd9c89-5187-449b-b29a-99b9e5034f78/datanode-0/data/ratis/ac361198-ea45-4549-90f1-90fcba88148b close()
2019-08-22 09:08:50,175 [ForkJoinPool.commonPool-worker-1] INFO  server.GrpcService (GrpcService.java:closeImpl(155)) - 009b6f07-dfd6-4718-924a-1817c3c071ab: shutdown server with port 36596 now
2019-08-22 09:08:50,176 [main] INFO  server.GrpcService (GrpcService.java:closeImpl(163)) - d02a13da-15f9-45c4-a762-6dfc7568bb22: shutdown server with port 35380 successfully
2019-08-22 09:08:50,176 [ForkJoinPool.commonPool-worker-1] INFO  server.GrpcService (GrpcService.java:closeImpl(163)) - 009b6f07-dfd6-4718-924a-1817c3c071ab: shutdown server with port 36596 successfully
2019-08-22 09:08:50,178 [RATISCREATEPIPELINE0] ERROR pipeline.RatisPipelineProvider (RatisPipelineProvider.java:lambda$null$5(235)) - Failed invoke Ratis rpc org.apache.hadoop.hdds.scm.pipeline.RatisPipelineProvider$$Lambda$171/2108477900@5973e2d5 for d02a13da-15f9-45c4-a762-6dfc7568bb22
java.io.IOException: org.apache.ratis.thirdparty.io.grpc.StatusRuntimeException: CANCELLED: HTTP/2 error code: CANCEL
Received Rst Stream
	at org.apache.ratis.grpc.GrpcUtil.unwrapException(GrpcUtil.java:76)
	at org.apache.ratis.grpc.client.GrpcClientProtocolClient.blockingCall(GrpcClientProtocolClient.java:169)
	at org.apache.ratis.grpc.client.GrpcClientProtocolClient.groupAdd(GrpcClientProtocolClient.java:138)
	at org.apache.ratis.grpc.client.GrpcClientRpc.sendRequest(GrpcClientRpc.java:94)
	at org.apache.ratis.client.impl.RaftClientImpl.sendRequest(RaftClientImpl.java:279)
	at org.apache.ratis.client.impl.RaftClientImpl.groupAdd(RaftClientImpl.java:206)
	at org.apache.hadoop.hdds.scm.pipeline.RatisPipelineProvider.lambda$initializePipeline$4(RatisPipelineProvider.java:194)
	at org.apache.hadoop.hdds.scm.pipeline.RatisPipelineProvider.lambda$null$5(RatisPipelineProvider.java:231)
	at java.util.stream.ForEachOps$ForEachOp$OfRef.accept(ForEachOps.java:184)
	at java.util.ArrayList$ArrayListSpliterator.forEachRemaining(ArrayList.java:1382)
	at java.util.stream.AbstractPipeline.copyInto(AbstractPipeline.java:482)
	at java.util.stream.ForEachOps$ForEachTask.compute(ForEachOps.java:291)
	at java.util.concurrent.CountedCompleter.exec(CountedCompleter.java:731)
	at java.util.concurrent.ForkJoinTask.doExec(ForkJoinTask.java:289)
	at java.util.concurrent.ForkJoinTask.doInvoke(ForkJoinTask.java:401)
	at java.util.concurrent.ForkJoinTask.invoke(ForkJoinTask.java:734)
	at java.util.stream.ForEachOps$ForEachOp.evaluateParallel(ForEachOps.java:160)
	at java.util.stream.ForEachOps$ForEachOp$OfRef.evaluateParallel(ForEachOps.java:174)
	at java.util.stream.AbstractPipeline.evaluate(AbstractPipeline.java:233)
	at java.util.stream.ReferencePipeline.forEach(ReferencePipeline.java:418)
	at java.util.stream.ReferencePipeline$Head.forEach(ReferencePipeline.java:583)
	at org.apache.hadoop.hdds.scm.pipeline.RatisPipelineProvider.lambda$callRatisRpc$6(RatisPipelineProvider.java:225)
	at java.util.concurrent.ForkJoinTask$AdaptedRunnableAction.exec(ForkJoinTask.java:1386)
	at java.util.concurrent.ForkJoinTask.doExec(ForkJoinTask.java:289)
	at java.util.concurrent.ForkJoinPool$WorkQueue.runTask(ForkJoinPool.java:1056)
	at java.util.concurrent.ForkJoinPool.runWorker(ForkJoinPool.java:1692)
	at java.util.concurrent.ForkJoinWorkerThread.run(ForkJoinWorkerThread.java:157)
Caused by: org.apache.ratis.thirdparty.io.grpc.StatusRuntimeException: CANCELLED: HTTP/2 error code: CANCEL
Received Rst Stream
	at org.apache.ratis.thirdparty.io.grpc.stub.ClientCalls.toStatusRuntimeException(ClientCalls.java:233)
	at org.apache.ratis.thirdparty.io.grpc.stub.ClientCalls.getUnchecked(ClientCalls.java:214)
	at org.apache.ratis.thirdparty.io.grpc.stub.ClientCalls.blockingUnaryCall(ClientCalls.java:139)
	at org.apache.ratis.proto.grpc.AdminProtocolServiceGrpc$AdminProtocolServiceBlockingStub.groupManagement(AdminProtocolServiceGrpc.java:274)
	at org.apache.ratis.grpc.client.GrpcClientProtocolClient.lambda$groupAdd$3(GrpcClientProtocolClient.java:140)
	at org.apache.ratis.grpc.client.GrpcClientProtocolClient.blockingCall(GrpcClientProtocolClient.java:167)
	... 25 more
2019-08-22 09:08:50,179 [main] INFO  utils.BackgroundService (BackgroundService.java:shutdown(148)) - Shutting down service BlockDeletingService
2019-08-22 09:08:50,179 [ForkJoinPool.commonPool-worker-1] INFO  utils.BackgroundService (BackgroundService.java:shutdown(148)) - Shutting down service BlockDeletingService
2019-08-22 09:08:50,178 [RATISCREATEPIPELINE1] ERROR pipeline.RatisPipelineProvider (RatisPipelineProvider.java:lambda$null$5(235)) - Failed invoke Ratis rpc org.apache.hadoop.hdds.scm.pipeline.RatisPipelineProvider$$Lambda$171/2108477900@5973e2d5 for 009b6f07-dfd6-4718-924a-1817c3c071ab
java.io.IOException: org.apache.ratis.thirdparty.io.grpc.StatusRuntimeException: CANCELLED: HTTP/2 error code: CANCEL
Received Rst Stream
	at org.apache.ratis.grpc.GrpcUtil.unwrapException(GrpcUtil.java:76)
	at org.apache.ratis.grpc.client.GrpcClientProtocolClient.blockingCall(GrpcClientProtocolClient.java:169)
	at org.apache.ratis.grpc.client.GrpcClientProtocolClient.groupAdd(GrpcClientProtocolClient.java:138)
	at org.apache.ratis.grpc.client.GrpcClientRpc.sendRequest(GrpcClientRpc.java:94)
	at org.apache.ratis.client.impl.RaftClientImpl.sendRequest(RaftClientImpl.java:279)
	at org.apache.ratis.client.impl.RaftClientImpl.groupAdd(RaftClientImpl.java:206)
	at org.apache.hadoop.hdds.scm.pipeline.RatisPipelineProvider.lambda$initializePipeline$4(RatisPipelineProvider.java:194)
	at org.apache.hadoop.hdds.scm.pipeline.RatisPipelineProvider.lambda$null$5(RatisPipelineProvider.java:231)
	at java.util.stream.ForEachOps$ForEachOp$OfRef.accept(ForEachOps.java:184)
	at java.util.ArrayList$ArrayListSpliterator.forEachRemaining(ArrayList.java:1382)
	at java.util.stream.AbstractPipeline.copyInto(AbstractPipeline.java:482)
	at java.util.stream.ForEachOps$ForEachTask.compute(ForEachOps.java:291)
	at java.util.concurrent.CountedCompleter.exec(CountedCompleter.java:731)
	at java.util.concurrent.ForkJoinTask.doExec(ForkJoinTask.java:289)
	at java.util.concurrent.ForkJoinPool$WorkQueue.runTask(ForkJoinPool.java:1056)
	at java.util.concurrent.ForkJoinPool.runWorker(ForkJoinPool.java:1692)
	at java.util.concurrent.ForkJoinWorkerThread.run(ForkJoinWorkerThread.java:157)
Caused by: org.apache.ratis.thirdparty.io.grpc.StatusRuntimeException: CANCELLED: HTTP/2 error code: CANCEL
Received Rst Stream
	at org.apache.ratis.thirdparty.io.grpc.stub.ClientCalls.toStatusRuntimeException(ClientCalls.java:233)
	at org.apache.ratis.thirdparty.io.grpc.stub.ClientCalls.getUnchecked(ClientCalls.java:214)
	at org.apache.ratis.thirdparty.io.grpc.stub.ClientCalls.blockingUnaryCall(ClientCalls.java:139)
	at org.apache.ratis.proto.grpc.AdminProtocolServiceGrpc$AdminProtocolServiceBlockingStub.groupManagement(AdminProtocolServiceGrpc.java:274)
	at org.apache.ratis.grpc.client.GrpcClientProtocolClient.lambda$groupAdd$3(GrpcClientProtocolClient.java:140)
	at org.apache.ratis.grpc.client.GrpcClientProtocolClient.blockingCall(GrpcClientProtocolClient.java:167)
	... 15 more
2019-08-22 09:08:50,185 [refreshUsed-/workdir/hadoop-ozone/integration-test/target/test-dir/MiniOzoneClusterImpl-a9cd9c89-5187-449b-b29a-99b9e5034f78/datanode-1/data/containers] WARN  fs.CachingGetSpaceUsed (CachingGetSpaceUsed.java:run(183)) - Thread Interrupted waiting to refresh disk information: sleep interrupted
2019-08-22 09:08:50,185 [refreshUsed-/workdir/hadoop-ozone/integration-test/target/test-dir/MiniOzoneClusterImpl-a9cd9c89-5187-449b-b29a-99b9e5034f78/datanode-0/data/containers] WARN  fs.CachingGetSpaceUsed (CachingGetSpaceUsed.java:run(183)) - Thread Interrupted waiting to refresh disk information: sleep interrupted
2019-08-22 09:08:50,201 [main] INFO  statemachine.DatanodeStateMachine (DatanodeStateMachine.java:stopDaemon(395)) - Ozone container server stopped.
2019-08-22 09:08:50,206 [main] INFO  handler.ContextHandler (ContextHandler.java:doStop(910)) - Stopped o.e.j.w.WebAppContext@58fd4dcf{/,null,UNAVAILABLE}{/hddsDatanode}
2019-08-22 09:08:50,207 [ForkJoinPool.commonPool-worker-1] INFO  statemachine.DatanodeStateMachine (DatanodeStateMachine.java:stopDaemon(395)) - Ozone container server stopped.
2019-08-22 09:08:50,209 [main] INFO  server.AbstractConnector (AbstractConnector.java:doStop(318)) - Stopped ServerConnector@734d276{HTTP/1.1,[http/1.1]}{0.0.0.0:36479}
2019-08-22 09:08:50,210 [ForkJoinPool.commonPool-worker-1] INFO  handler.ContextHandler (ContextHandler.java:doStop(910)) - Stopped o.e.j.w.WebAppContext@7c7456ab{/,null,UNAVAILABLE}{/hddsDatanode}
2019-08-22 09:08:50,210 [main] INFO  handler.ContextHandler (ContextHandler.java:doStop(910)) - Stopped o.e.j.s.ServletContextHandler@56be11e7{/static,jar:file:/home/user/.m2/repository/org/apache/hadoop/hadoop-hdds-container-service/0.5.0-SNAPSHOT/hadoop-hdds-container-service-0.5.0-SNAPSHOT.jar!/webapps/static,UNAVAILABLE}
2019-08-22 09:08:50,211 [main] INFO  handler.ContextHandler (ContextHandler.java:doStop(910)) - Stopped o.e.j.s.ServletContextHandler@5e0b57da{/logs,file:///workdir/hadoop-ozone/integration-test/target/log,UNAVAILABLE}
2019-08-22 09:08:50,211 [ForkJoinPool.commonPool-worker-1] INFO  server.AbstractConnector (AbstractConnector.java:doStop(318)) - Stopped ServerConnector@53a28a9f{HTTP/1.1,[http/1.1]}{0.0.0.0:43730}
2019-08-22 09:08:50,212 [main] INFO  datanode.ObjectStoreHandler (ObjectStoreHandler.java:close(155)) - Closing ObjectStoreHandler.
2019-08-22 09:08:50,213 [ForkJoinPool.commonPool-worker-1] INFO  handler.ContextHandler (ContextHandler.java:doStop(910)) - Stopped o.e.j.s.ServletContextHandler@7bdba515{/static,jar:file:/home/user/.m2/repository/org/apache/hadoop/hadoop-hdds-container-service/0.5.0-SNAPSHOT/hadoop-hdds-container-service-0.5.0-SNAPSHOT.jar!/webapps/static,UNAVAILABLE}
2019-08-22 09:08:50,213 [main] INFO  ozone.HddsDatanodeService (HddsDatanodeService.java:stop(451)) - Stopped plug-in org.apache.hadoop.ozone.web.OzoneHddsDatanodeService@18434300
2019-08-22 09:08:50,214 [ForkJoinPool.commonPool-worker-1] INFO  handler.ContextHandler (ContextHandler.java:doStop(910)) - Stopped o.e.j.s.ServletContextHandler@5c25fd2c{/logs,file:///workdir/hadoop-ozone/integration-test/target/log,UNAVAILABLE}
2019-08-22 09:08:50,252 [EventQueue-StaleNodeForStaleNodeHandler] INFO  node.StaleNodeHandler (StaleNodeHandler.java:onMessage(58)) - Datanode 009b6f07-dfd6-4718-924a-1817c3c071ab{ip: 192.168.36.85, host: pr-hdds-1898-9jx57-4170240974, networkLocation: /default-rack, certSerialId: null} moved to stale state. Finalizing its pipelines [PipelineID=9d8d7a5a-9eec-4a6e-a207-20e6b7042646, PipelineID=ac361198-ea45-4549-90f1-90fcba88148b]
2019-08-22 09:08:50,252 [EventQueue-StaleNodeForStaleNodeHandler] INFO  pipeline.SCMPipelineManager (SCMPipelineManager.java:finalizeAndDestroyPipeline(309)) - destroying pipeline:Pipeline[ Id: 9d8d7a5a-9eec-4a6e-a207-20e6b7042646, Nodes: 009b6f07-dfd6-4718-924a-1817c3c071ab{ip: 192.168.36.85, host: pr-hdds-1898-9jx57-4170240974, networkLocation: /default-rack, certSerialId: null}, Type:RATIS, Factor:ONE, State:CLOSED]
2019-08-22 09:08:50,252 [EventQueue-StaleNodeForStaleNodeHandler] INFO  pipeline.SCMPipelineManager (SCMPipelineManager.java:finalizeAndDestroyPipeline(309)) - destroying pipeline:Pipeline[ Id: ac361198-ea45-4549-90f1-90fcba88148b, Nodes: 009b6f07-dfd6-4718-924a-1817c3c071ab{ip: 192.168.36.85, host: pr-hdds-1898-9jx57-4170240974, networkLocation: /default-rack, certSerialId: null}, Type:RATIS, Factor:ONE, State:OPEN]
2019-08-22 09:08:50,252 [EventQueue-StaleNodeForStaleNodeHandler] INFO  pipeline.PipelineStateManager (PipelineStateManager.java:finalizePipeline(123)) - Pipeline Pipeline[ Id: ac361198-ea45-4549-90f1-90fcba88148b, Nodes: 009b6f07-dfd6-4718-924a-1817c3c071ab{ip: 192.168.36.85, host: pr-hdds-1898-9jx57-4170240974, networkLocation: /default-rack, certSerialId: null}, Type:RATIS, Factor:ONE, State:CLOSED] moved to CLOSED state
2019-08-22 09:08:50,252 [EventQueue-StaleNodeForStaleNodeHandler] INFO  node.StaleNodeHandler (StaleNodeHandler.java:onMessage(58)) - Datanode d02a13da-15f9-45c4-a762-6dfc7568bb22{ip: 192.168.36.85, host: pr-hdds-1898-9jx57-4170240974, networkLocation: /default-rack, certSerialId: null} moved to stale state. Finalizing its pipelines [PipelineID=7beb8de8-0898-4bef-b037-e1fa8b9202d2, PipelineID=5352e5a5-57ef-44ea-8658-a1477bb5bd47]
2019-08-22 09:08:50,252 [EventQueue-StaleNodeForStaleNodeHandler] INFO  pipeline.SCMPipelineManager (SCMPipelineManager.java:finalizeAndDestroyPipeline(309)) - destroying pipeline:Pipeline[ Id: 7beb8de8-0898-4bef-b037-e1fa8b9202d2, Nodes: d02a13da-15f9-45c4-a762-6dfc7568bb22{ip: 192.168.36.85, host: pr-hdds-1898-9jx57-4170240974, networkLocation: /default-rack, certSerialId: null}, Type:RATIS, Factor:ONE, State:OPEN]
2019-08-22 09:08:50,252 [EventQueue-StaleNodeForStaleNodeHandler] INFO  pipeline.PipelineStateManager (PipelineStateManager.java:finalizePipeline(123)) - Pipeline Pipeline[ Id: 7beb8de8-0898-4bef-b037-e1fa8b9202d2, Nodes: d02a13da-15f9-45c4-a762-6dfc7568bb22{ip: 192.168.36.85, host: pr-hdds-1898-9jx57-4170240974, networkLocation: /default-rack, certSerialId: null}, Type:RATIS, Factor:ONE, State:CLOSED] moved to CLOSED state
2019-08-22 09:08:50,253 [EventQueue-StaleNodeForStaleNodeHandler] INFO  pipeline.SCMPipelineManager (SCMPipelineManager.java:finalizeAndDestroyPipeline(309)) - destroying pipeline:Pipeline[ Id: 5352e5a5-57ef-44ea-8658-a1477bb5bd47, Nodes: d02a13da-15f9-45c4-a762-6dfc7568bb22{ip: 192.168.36.85, host: pr-hdds-1898-9jx57-4170240974, networkLocation: /default-rack, certSerialId: null}, Type:RATIS, Factor:ONE, State:CLOSED]
2019-08-22 09:08:51,111 [Datanode State Machine Thread - 0] INFO  statemachine.DatanodeStateMachine (DatanodeStateMachine.java:lambda$startDaemon$0(350)) - Ozone container server started.
2019-08-22 09:08:54,046 [Thread-620] INFO  impl.FollowerState (FollowerState.java:run(106)) - 0c311ac3-3334-459d-ab4e-72c3360f4a50:group-0257DA6525DD changes to CANDIDATE, lastRpcTime:5183, electionTimeout:5183ms
2019-08-22 09:08:54,047 [Thread-620] INFO  impl.RoleInfo (RoleInfo.java:shutdownFollowerState(121)) - 0c311ac3-3334-459d-ab4e-72c3360f4a50: shutdown FollowerState
2019-08-22 09:08:54,047 [Thread-620] INFO  impl.RaftServerImpl (RaftServerImpl.java:setRole(171)) - 0c311ac3-3334-459d-ab4e-72c3360f4a50:group-0257DA6525DD changes role from FOLLOWER to CANDIDATE at term 0 for changeToCandidate
2019-08-22 09:08:54,047 [Thread-620] INFO  impl.RoleInfo (RoleInfo.java:updateAndGet(143)) - 0c311ac3-3334-459d-ab4e-72c3360f4a50: start LeaderElection
2019-08-22 09:08:54,074 [0c311ac3-3334-459d-ab4e-72c3360f4a50:group-0257DA6525DD:LeaderElection23] INFO  impl.LeaderElection (LeaderElection.java:askForVotes(181)) - 0c311ac3-3334-459d-ab4e-72c3360f4a50:group-0257DA6525DD:LeaderElection23: begin an election at term 1 for -1: [0c311ac3-3334-459d-ab4e-72c3360f4a50:192.168.36.85:43460], old=null
2019-08-22 09:08:54,074 [0c311ac3-3334-459d-ab4e-72c3360f4a50:group-0257DA6525DD:LeaderElection23] INFO  impl.RoleInfo (RoleInfo.java:shutdownLeaderElection(134)) - 0c311ac3-3334-459d-ab4e-72c3360f4a50: shutdown LeaderElection
2019-08-22 09:08:54,074 [0c311ac3-3334-459d-ab4e-72c3360f4a50:group-0257DA6525DD:LeaderElection23] INFO  impl.RaftServerImpl (RaftServerImpl.java:setRole(171)) - 0c311ac3-3334-459d-ab4e-72c3360f4a50:group-0257DA6525DD changes role from CANDIDATE to LEADER at term 1 for changeToLeader
2019-08-22 09:08:54,074 [0c311ac3-3334-459d-ab4e-72c3360f4a50:group-0257DA6525DD:LeaderElection23] INFO  impl.RaftServerImpl (ServerState.java:setLeader(263)) - 0c311ac3-3334-459d-ab4e-72c3360f4a50:group-0257DA6525DD change Leader from null to 0c311ac3-3334-459d-ab4e-72c3360f4a50 at term 1 for becomeLeader, leader elected after 5215ms
2019-08-22 09:08:54,075 [0c311ac3-3334-459d-ab4e-72c3360f4a50:group-0257DA6525DD:LeaderElection23] INFO  server.RaftServerConfigKeys (ConfUtils.java:logGet(43)) - raft.server.staging.catchup.gap = 1000 (default)
2019-08-22 09:08:54,075 [0c311ac3-3334-459d-ab4e-72c3360f4a50:group-0257DA6525DD:LeaderElection23] INFO  server.RaftServerConfigKeys (ConfUtils.java:logGet(43)) - raft.server.rpc.sleep.time = 25ms (default)
2019-08-22 09:08:54,075 [0c311ac3-3334-459d-ab4e-72c3360f4a50:group-0257DA6525DD:LeaderElection23] INFO  server.RaftServerConfigKeys (ConfUtils.java:logGet(43)) - raft.server.write.element-limit = 4096 (default)
2019-08-22 09:08:54,075 [0c311ac3-3334-459d-ab4e-72c3360f4a50:group-0257DA6525DD:LeaderElection23] INFO  server.RaftServerConfigKeys (ConfUtils.java:logGet(43)) - raft.server.watch.timeout = 10s (default)
2019-08-22 09:08:54,075 [0c311ac3-3334-459d-ab4e-72c3360f4a50:group-0257DA6525DD:LeaderElection23] INFO  server.RaftServerConfigKeys (ConfUtils.java:logGet(43)) - raft.server.watch.timeout.denomination = 1s (default)
2019-08-22 09:08:54,075 [0c311ac3-3334-459d-ab4e-72c3360f4a50:group-0257DA6525DD:LeaderElection23] INFO  server.RaftServerConfigKeys (ConfUtils.java:logGet(43)) - raft.server.watch.element-limit = 65536 (default)
2019-08-22 09:08:54,076 [0c311ac3-3334-459d-ab4e-72c3360f4a50:group-0257DA6525DD:LeaderElection23] INFO  impl.RoleInfo (RoleInfo.java:updateAndGet(143)) - 0c311ac3-3334-459d-ab4e-72c3360f4a50: start LeaderState
2019-08-22 09:08:54,076 [0c311ac3-3334-459d-ab4e-72c3360f4a50:group-0257DA6525DD:LeaderElection23] INFO  segmented.SegmentedRaftLogWorker (SegmentedRaftLogWorker.java:startLogSegment(380)) - 0c311ac3-3334-459d-ab4e-72c3360f4a50-SegmentedRaftLogWorker:Storage Directory /workdir/hadoop-ozone/integration-test/target/test-dir/MiniOzoneClusterImpl-a9cd9c89-5187-449b-b29a-99b9e5034f78/datanode-2/data/ratis/03cf6cf5-b5f2-45c1-bc81-0257da6525dd: Starting segment from index:0
2019-08-22 09:08:54,077 [0c311ac3-3334-459d-ab4e-72c3360f4a50:group-0257DA6525DD:LeaderElection23] INFO  impl.RaftServerImpl (ServerState.java:setRaftConf(361)) - 0c311ac3-3334-459d-ab4e-72c3360f4a50:group-0257DA6525DD set configuration 0: [0c311ac3-3334-459d-ab4e-72c3360f4a50:192.168.36.85:43460], old=null at 0
2019-08-22 09:08:54,129 [0c311ac3-3334-459d-ab4e-72c3360f4a50-SegmentedRaftLogWorker:Storage Directory /workdir/hadoop-ozone/integration-test/target/test-dir/MiniOzoneClusterImpl-a9cd9c89-5187-449b-b29a-99b9e5034f78/datanode-2/data/ratis/03cf6cf5-b5f2-45c1-bc81-0257da6525dd] INFO  segmented.SegmentedRaftLogWorker (SegmentedRaftLogWorker.java:execute(569)) - 0c311ac3-3334-459d-ab4e-72c3360f4a50-SegmentedRaftLogWorker:Storage Directory /workdir/hadoop-ozone/integration-test/target/test-dir/MiniOzoneClusterImpl-a9cd9c89-5187-449b-b29a-99b9e5034f78/datanode-2/data/ratis/03cf6cf5-b5f2-45c1-bc81-0257da6525dd: created new log segment /workdir/hadoop-ozone/integration-test/target/test-dir/MiniOzoneClusterImpl-a9cd9c89-5187-449b-b29a-99b9e5034f78/datanode-2/data/ratis/03cf6cf5-b5f2-45c1-bc81-0257da6525dd/current/log_inprogress_0
2019-08-22 09:08:55,152 [Thread-625] INFO  impl.FollowerState (FollowerState.java:run(106)) - 0c311ac3-3334-459d-ab4e-72c3360f4a50:group-9B7A12FCF6B4 changes to CANDIDATE, lastRpcTime:5016, electionTimeout:5016ms
2019-08-22 09:08:55,152 [Thread-625] INFO  impl.RoleInfo (RoleInfo.java:shutdownFollowerState(121)) - 0c311ac3-3334-459d-ab4e-72c3360f4a50: shutdown FollowerState
2019-08-22 09:08:55,152 [Thread-625] INFO  impl.RaftServerImpl (RaftServerImpl.java:setRole(171)) - 0c311ac3-3334-459d-ab4e-72c3360f4a50:group-9B7A12FCF6B4 changes role from FOLLOWER to CANDIDATE at term 0 for changeToCandidate
2019-08-22 09:08:55,152 [Thread-625] INFO  impl.RoleInfo (RoleInfo.java:updateAndGet(143)) - 0c311ac3-3334-459d-ab4e-72c3360f4a50: start LeaderElection
2019-08-22 09:08:55,180 [0c311ac3-3334-459d-ab4e-72c3360f4a50:group-9B7A12FCF6B4:LeaderElection24] INFO  impl.LeaderElection (LeaderElection.java:askForVotes(181)) - 0c311ac3-3334-459d-ab4e-72c3360f4a50:group-9B7A12FCF6B4:LeaderElection24: begin an election at term 1 for -1: [d02a13da-15f9-45c4-a762-6dfc7568bb22:192.168.36.85:35380, 009b6f07-dfd6-4718-924a-1817c3c071ab:192.168.36.85:36596, 0c311ac3-3334-459d-ab4e-72c3360f4a50:192.168.36.85:43460], old=null
2019-08-22 09:08:55,188 [0c311ac3-3334-459d-ab4e-72c3360f4a50:group-9B7A12FCF6B4:LeaderElection24] INFO  impl.LeaderElection (LogUtils.java:infoOrTrace(149)) - 0c311ac3-3334-459d-ab4e-72c3360f4a50:group-9B7A12FCF6B4:LeaderElection24 got exception when requesting votes: {}
java.util.concurrent.ExecutionException: org.apache.ratis.thirdparty.io.grpc.StatusRuntimeException: UNAVAILABLE: io exception
	at java.util.concurrent.FutureTask.report(FutureTask.java:122)
	at java.util.concurrent.FutureTask.get(FutureTask.java:192)
	at org.apache.ratis.server.impl.LeaderElection.waitForResults(LeaderElection.java:262)
	at org.apache.ratis.server.impl.LeaderElection.askForVotes(LeaderElection.java:200)
	at org.apache.ratis.server.impl.LeaderElection.run(LeaderElection.java:130)
	at java.lang.Thread.run(Thread.java:748)
Caused by: org.apache.ratis.thirdparty.io.grpc.StatusRuntimeException: UNAVAILABLE: io exception
	at org.apache.ratis.thirdparty.io.grpc.stub.ClientCalls.toStatusRuntimeException(ClientCalls.java:233)
	at org.apache.ratis.thirdparty.io.grpc.stub.ClientCalls.getUnchecked(ClientCalls.java:214)
	at org.apache.ratis.thirdparty.io.grpc.stub.ClientCalls.blockingUnaryCall(ClientCalls.java:139)
	at org.apache.ratis.proto.grpc.RaftServerProtocolServiceGrpc$RaftServerProtocolServiceBlockingStub.requestVote(RaftServerProtocolServiceGrpc.java:265)
	at org.apache.ratis.grpc.server.GrpcServerProtocolClient.requestVote(GrpcServerProtocolClient.java:83)
	at org.apache.ratis.grpc.server.GrpcService.requestVote(GrpcService.java:195)
	at org.apache.ratis.server.impl.LeaderElection.lambda$submitRequests$1(LeaderElection.java:237)
	at java.util.concurrent.FutureTask.run(FutureTask.java:266)
	at java.util.concurrent.Executors$RunnableAdapter.call(Executors.java:511)
	at java.util.concurrent.FutureTask.run(FutureTask.java:266)
	at java.util.concurrent.ThreadPoolExecutor.runWorker(ThreadPoolExecutor.java:1149)
	at java.util.concurrent.ThreadPoolExecutor$Worker.run(ThreadPoolExecutor.java:624)
	... 1 more
Caused by: org.apache.ratis.thirdparty.io.netty.channel.AbstractChannel$AnnotatedConnectException: Connection refused: /192.168.36.85:35380
	at sun.nio.ch.SocketChannelImpl.checkConnect(Native Method)
	at sun.nio.ch.SocketChannelImpl.finishConnect(SocketChannelImpl.java:717)
	at org.apache.ratis.thirdparty.io.netty.channel.socket.nio.NioSocketChannel.doFinishConnect(NioSocketChannel.java:327)
	at org.apache.ratis.thirdparty.io.netty.channel.nio.AbstractNioChannel$AbstractNioUnsafe.finishConnect(AbstractNioChannel.java:340)
	at org.apache.ratis.thirdparty.io.netty.channel.nio.NioEventLoop.processSelectedKey(NioEventLoop.java:632)
	at org.apache.ratis.thirdparty.io.netty.channel.nio.NioEventLoop.processSelectedKeysOptimized(NioEventLoop.java:579)
	at org.apache.ratis.thirdparty.io.netty.channel.nio.NioEventLoop.processSelectedKeys(NioEventLoop.java:496)
	at org.apache.ratis.thirdparty.io.netty.channel.nio.NioEventLoop.run(NioEventLoop.java:458)
	at org.apache.ratis.thirdparty.io.netty.util.concurrent.SingleThreadEventExecutor$5.run(SingleThreadEventExecutor.java:897)
	at org.apache.ratis.thirdparty.io.netty.util.concurrent.FastThreadLocalRunnable.run(FastThreadLocalRunnable.java:30)
	... 1 more
Caused by: java.net.ConnectException: Connection refused
	... 11 more
2019-08-22 09:08:55,189 [0c311ac3-3334-459d-ab4e-72c3360f4a50:group-9B7A12FCF6B4:LeaderElection24] INFO  impl.LeaderElection (LogUtils.java:infoOrTrace(149)) - 0c311ac3-3334-459d-ab4e-72c3360f4a50:group-9B7A12FCF6B4:LeaderElection24 got exception when requesting votes: {}
java.util.concurrent.ExecutionException: org.apache.ratis.thirdparty.io.grpc.StatusRuntimeException: UNAVAILABLE: io exception
	at java.util.concurrent.FutureTask.report(FutureTask.java:122)
	at java.util.concurrent.FutureTask.get(FutureTask.java:192)
	at org.apache.ratis.server.impl.LeaderElection.waitForResults(LeaderElection.java:262)
	at org.apache.ratis.server.impl.LeaderElection.askForVotes(LeaderElection.java:200)
	at org.apache.ratis.server.impl.LeaderElection.run(LeaderElection.java:130)
	at java.lang.Thread.run(Thread.java:748)
Caused by: org.apache.ratis.thirdparty.io.grpc.StatusRuntimeException: UNAVAILABLE: io exception
	at org.apache.ratis.thirdparty.io.grpc.stub.ClientCalls.toStatusRuntimeException(ClientCalls.java:233)
	at org.apache.ratis.thirdparty.io.grpc.stub.ClientCalls.getUnchecked(ClientCalls.java:214)
	at org.apache.ratis.thirdparty.io.grpc.stub.ClientCalls.blockingUnaryCall(ClientCalls.java:139)
	at org.apache.ratis.proto.grpc.RaftServerProtocolServiceGrpc$RaftServerProtocolServiceBlockingStub.requestVote(RaftServerProtocolServiceGrpc.java:265)
	at org.apache.ratis.grpc.server.GrpcServerProtocolClient.requestVote(GrpcServerProtocolClient.java:83)
	at org.apache.ratis.grpc.server.GrpcService.requestVote(GrpcService.java:195)
	at org.apache.ratis.server.impl.LeaderElection.lambda$submitRequests$1(LeaderElection.java:237)
	at java.util.concurrent.FutureTask.run(FutureTask.java:266)
	at java.util.concurrent.Executors$RunnableAdapter.call(Executors.java:511)
	at java.util.concurrent.FutureTask.run(FutureTask.java:266)
	at java.util.concurrent.ThreadPoolExecutor.runWorker(ThreadPoolExecutor.java:1149)
	at java.util.concurrent.ThreadPoolExecutor$Worker.run(ThreadPoolExecutor.java:624)
	... 1 more
Caused by: org.apache.ratis.thirdparty.io.netty.channel.AbstractChannel$AnnotatedConnectException: Connection refused: /192.168.36.85:36596
	at sun.nio.ch.SocketChannelImpl.checkConnect(Native Method)
	at sun.nio.ch.SocketChannelImpl.finishConnect(SocketChannelImpl.java:717)
	at org.apache.ratis.thirdparty.io.netty.channel.socket.nio.NioSocketChannel.doFinishConnect(NioSocketChannel.java:327)
	at org.apache.ratis.thirdparty.io.netty.channel.nio.AbstractNioChannel$AbstractNioUnsafe.finishConnect(AbstractNioChannel.java:340)
	at org.apache.ratis.thirdparty.io.netty.channel.nio.NioEventLoop.processSelectedKey(NioEventLoop.java:632)
	at org.apache.ratis.thirdparty.io.netty.channel.nio.NioEventLoop.processSelectedKeysOptimized(NioEventLoop.java:579)
	at org.apache.ratis.thirdparty.io.netty.channel.nio.NioEventLoop.processSelectedKeys(NioEventLoop.java:496)
	at org.apache.ratis.thirdparty.io.netty.channel.nio.NioEventLoop.run(NioEventLoop.java:458)
	at org.apache.ratis.thirdparty.io.netty.util.concurrent.SingleThreadEventExecutor$5.run(SingleThreadEventExecutor.java:897)
	at org.apache.ratis.thirdparty.io.netty.util.concurrent.FastThreadLocalRunnable.run(FastThreadLocalRunnable.java:30)
	... 1 more
Caused by: java.net.ConnectException: Connection refused
	... 11 more
2019-08-22 09:08:55,190 [0c311ac3-3334-459d-ab4e-72c3360f4a50:group-9B7A12FCF6B4:LeaderElection24] INFO  impl.LeaderElection (LeaderElection.java:logAndReturn(56)) - 0c311ac3-3334-459d-ab4e-72c3360f4a50:group-9B7A12FCF6B4:LeaderElection24: Election REJECTED; received 0 response(s) [] and 2 exception(s); 0c311ac3-3334-459d-ab4e-72c3360f4a50:t1, leader=null, voted=0c311ac3-3334-459d-ab4e-72c3360f4a50, raftlog=0c311ac3-3334-459d-ab4e-72c3360f4a50-SegmentedRaftLog:OPENED:c-1,f-1,i0, conf=-1: [d02a13da-15f9-45c4-a762-6dfc7568bb22:192.168.36.85:35380, 009b6f07-dfd6-4718-924a-1817c3c071ab:192.168.36.85:36596, 0c311ac3-3334-459d-ab4e-72c3360f4a50:192.168.36.85:43460], old=null
2019-08-22 09:08:55,190 [0c311ac3-3334-459d-ab4e-72c3360f4a50:group-9B7A12FCF6B4:LeaderElection24] INFO  impl.LeaderElection (LogUtils.java:infoOrTrace(149)) -   Exception 0: {}
java.util.concurrent.ExecutionException: org.apache.ratis.thirdparty.io.grpc.StatusRuntimeException: UNAVAILABLE: io exception
	at java.util.concurrent.FutureTask.report(FutureTask.java:122)
	at java.util.concurrent.FutureTask.get(FutureTask.java:192)
	at org.apache.ratis.server.impl.LeaderElection.waitForResults(LeaderElection.java:262)
	at org.apache.ratis.server.impl.LeaderElection.askForVotes(LeaderElection.java:200)
	at org.apache.ratis.server.impl.LeaderElection.run(LeaderElection.java:130)
	at java.lang.Thread.run(Thread.java:748)
Caused by: org.apache.ratis.thirdparty.io.grpc.StatusRuntimeException: UNAVAILABLE: io exception
	at org.apache.ratis.thirdparty.io.grpc.stub.ClientCalls.toStatusRuntimeException(ClientCalls.java:233)
	at org.apache.ratis.thirdparty.io.grpc.stub.ClientCalls.getUnchecked(ClientCalls.java:214)
	at org.apache.ratis.thirdparty.io.grpc.stub.ClientCalls.blockingUnaryCall(ClientCalls.java:139)
	at org.apache.ratis.proto.grpc.RaftServerProtocolServiceGrpc$RaftServerProtocolServiceBlockingStub.requestVote(RaftServerProtocolServiceGrpc.java:265)
	at org.apache.ratis.grpc.server.GrpcServerProtocolClient.requestVote(GrpcServerProtocolClient.java:83)
	at org.apache.ratis.grpc.server.GrpcService.requestVote(GrpcService.java:195)
	at org.apache.ratis.server.impl.LeaderElection.lambda$submitRequests$1(LeaderElection.java:237)
	at java.util.concurrent.FutureTask.run(FutureTask.java:266)
	at java.util.concurrent.Executors$RunnableAdapter.call(Executors.java:511)
	at java.util.concurrent.FutureTask.run(FutureTask.java:266)
	at java.util.concurrent.ThreadPoolExecutor.runWorker(ThreadPoolExecutor.java:1149)
	at java.util.concurrent.ThreadPoolExecutor$Worker.run(ThreadPoolExecutor.java:624)
	... 1 more
Caused by: org.apache.ratis.thirdparty.io.netty.channel.AbstractChannel$AnnotatedConnectException: Connection refused: /192.168.36.85:35380
	at sun.nio.ch.SocketChannelImpl.checkConnect(Native Method)
	at sun.nio.ch.SocketChannelImpl.finishConnect(SocketChannelImpl.java:717)
	at org.apache.ratis.thirdparty.io.netty.channel.socket.nio.NioSocketChannel.doFinishConnect(NioSocketChannel.java:327)
	at org.apache.ratis.thirdparty.io.netty.channel.nio.AbstractNioChannel$AbstractNioUnsafe.finishConnect(AbstractNioChannel.java:340)
	at org.apache.ratis.thirdparty.io.netty.channel.nio.NioEventLoop.processSelectedKey(NioEventLoop.java:632)
	at org.apache.ratis.thirdparty.io.netty.channel.nio.NioEventLoop.processSelectedKeysOptimized(NioEventLoop.java:579)
	at org.apache.ratis.thirdparty.io.netty.channel.nio.NioEventLoop.processSelectedKeys(NioEventLoop.java:496)
	at org.apache.ratis.thirdparty.io.netty.channel.nio.NioEventLoop.run(NioEventLoop.java:458)
	at org.apache.ratis.thirdparty.io.netty.util.concurrent.SingleThreadEventExecutor$5.run(SingleThreadEventExecutor.java:897)
	at org.apache.ratis.thirdparty.io.netty.util.concurrent.FastThreadLocalRunnable.run(FastThreadLocalRunnable.java:30)
	... 1 more
Caused by: java.net.ConnectException: Connection refused
	... 11 more
2019-08-22 09:08:55,190 [0c311ac3-3334-459d-ab4e-72c3360f4a50:group-9B7A12FCF6B4:LeaderElection24] INFO  impl.LeaderElection (LogUtils.java:infoOrTrace(149)) -   Exception 1: {}
java.util.concurrent.ExecutionException: org.apache.ratis.thirdparty.io.grpc.StatusRuntimeException: UNAVAILABLE: io exception
	at java.util.concurrent.FutureTask.report(FutureTask.java:122)
	at java.util.concurrent.FutureTask.get(FutureTask.java:192)
	at org.apache.ratis.server.impl.LeaderElection.waitForResults(LeaderElection.java:262)
	at org.apache.ratis.server.impl.LeaderElection.askForVotes(LeaderElection.java:200)
	at org.apache.ratis.server.impl.LeaderElection.run(LeaderElection.java:130)
	at java.lang.Thread.run(Thread.java:748)
Caused by: org.apache.ratis.thirdparty.io.grpc.StatusRuntimeException: UNAVAILABLE: io exception
	at org.apache.ratis.thirdparty.io.grpc.stub.ClientCalls.toStatusRuntimeException(ClientCalls.java:233)
	at org.apache.ratis.thirdparty.io.grpc.stub.ClientCalls.getUnchecked(ClientCalls.java:214)
	at org.apache.ratis.thirdparty.io.grpc.stub.ClientCalls.blockingUnaryCall(ClientCalls.java:139)
	at org.apache.ratis.proto.grpc.RaftServerProtocolServiceGrpc$RaftServerProtocolServiceBlockingStub.requestVote(RaftServerProtocolServiceGrpc.java:265)
	at org.apache.ratis.grpc.server.GrpcServerProtocolClient.requestVote(GrpcServerProtocolClient.java:83)
	at org.apache.ratis.grpc.server.GrpcService.requestVote(GrpcService.java:195)
	at org.apache.ratis.server.impl.LeaderElection.lambda$submitRequests$1(LeaderElection.java:237)
	at java.util.concurrent.FutureTask.run(FutureTask.java:266)
	at java.util.concurrent.Executors$RunnableAdapter.call(Executors.java:511)
	at java.util.concurrent.FutureTask.run(FutureTask.java:266)
	at java.util.concurrent.ThreadPoolExecutor.runWorker(ThreadPoolExecutor.java:1149)
	at java.util.concurrent.ThreadPoolExecutor$Worker.run(ThreadPoolExecutor.java:624)
	... 1 more
Caused by: org.apache.ratis.thirdparty.io.netty.channel.AbstractChannel$AnnotatedConnectException: Connection refused: /192.168.36.85:36596
	at sun.nio.ch.SocketChannelImpl.checkConnect(Native Method)
	at sun.nio.ch.SocketChannelImpl.finishConnect(SocketChannelImpl.java:717)
	at org.apache.ratis.thirdparty.io.netty.channel.socket.nio.NioSocketChannel.doFinishConnect(NioSocketChannel.java:327)
	at org.apache.ratis.thirdparty.io.netty.channel.nio.AbstractNioChannel$AbstractNioUnsafe.finishConnect(AbstractNioChannel.java:340)
	at org.apache.ratis.thirdparty.io.netty.channel.nio.NioEventLoop.processSelectedKey(NioEventLoop.java:632)
	at org.apache.ratis.thirdparty.io.netty.channel.nio.NioEventLoop.processSelectedKeysOptimized(NioEventLoop.java:579)
	at org.apache.ratis.thirdparty.io.netty.channel.nio.NioEventLoop.processSelectedKeys(NioEventLoop.java:496)
	at org.apache.ratis.thirdparty.io.netty.channel.nio.NioEventLoop.run(NioEventLoop.java:458)
	at org.apache.ratis.thirdparty.io.netty.util.concurrent.SingleThreadEventExecutor$5.run(SingleThreadEventExecutor.java:897)
	at org.apache.ratis.thirdparty.io.netty.util.concurrent.FastThreadLocalRunnable.run(FastThreadLocalRunnable.java:30)
	... 1 more
Caused by: java.net.ConnectException: Connection refused
	... 11 more
2019-08-22 09:08:55,191 [0c311ac3-3334-459d-ab4e-72c3360f4a50:group-9B7A12FCF6B4:LeaderElection24] INFO  impl.RaftServerImpl (RaftServerImpl.java:setRole(171)) - 0c311ac3-3334-459d-ab4e-72c3360f4a50:group-9B7A12FCF6B4 changes role from CANDIDATE to FOLLOWER at term 1 for DISCOVERED_A_NEW_TERM
2019-08-22 09:08:55,191 [0c311ac3-3334-459d-ab4e-72c3360f4a50:group-9B7A12FCF6B4:LeaderElection24] INFO  impl.RoleInfo (RoleInfo.java:shutdownLeaderElection(134)) - 0c311ac3-3334-459d-ab4e-72c3360f4a50: shutdown LeaderElection
2019-08-22 09:08:55,191 [0c311ac3-3334-459d-ab4e-72c3360f4a50:group-9B7A12FCF6B4:LeaderElection24] INFO  impl.RoleInfo (RoleInfo.java:updateAndGet(143)) - 0c311ac3-3334-459d-ab4e-72c3360f4a50: start FollowerState
2019-08-22 09:08:55,214 [main] INFO  ozoneimpl.OzoneContainer (OzoneContainer.java:stop(199)) - Attempting to stop container services.
2019-08-22 09:08:55,215 [main] INFO  impl.RaftServerProxy (RaftServerProxy.java:lambda$close$4(314)) - 0c311ac3-3334-459d-ab4e-72c3360f4a50: close
2019-08-22 09:08:55,215 [main] INFO  impl.RaftServerImpl (RaftServerImpl.java:lambda$shutdown$3(245)) - 0c311ac3-3334-459d-ab4e-72c3360f4a50: shutdown group-0257DA6525DD
2019-08-22 09:08:55,216 [ForkJoinPool.commonPool-worker-0] INFO  impl.RaftServerImpl (RaftServerImpl.java:lambda$shutdown$3(245)) - 0c311ac3-3334-459d-ab4e-72c3360f4a50: shutdown group-1FC91BAAE003
2019-08-22 09:08:55,216 [main] INFO  util.JmxRegister (JmxRegister.java:unregister(73)) - Successfully un-registered JMX Bean with object name Ratis:service=RaftServer,group=group-0257DA6525DD,id=0c311ac3-3334-459d-ab4e-72c3360f4a50
2019-08-22 09:08:55,216 [ForkJoinPool.commonPool-worker-0] INFO  util.JmxRegister (JmxRegister.java:unregister(73)) - Successfully un-registered JMX Bean with object name Ratis:service=RaftServer,group=group-1FC91BAAE003,id=0c311ac3-3334-459d-ab4e-72c3360f4a50
2019-08-22 09:08:55,216 [main] INFO  impl.RoleInfo (RoleInfo.java:shutdownLeaderState(104)) - 0c311ac3-3334-459d-ab4e-72c3360f4a50: shutdown LeaderState
2019-08-22 09:08:55,216 [ForkJoinPool.commonPool-worker-0] INFO  impl.RoleInfo (RoleInfo.java:shutdownLeaderState(104)) - 0c311ac3-3334-459d-ab4e-72c3360f4a50: shutdown LeaderState
2019-08-22 09:08:55,217 [main] INFO  impl.PendingRequests (PendingRequests.java:sendNotLeaderResponses(202)) - 0c311ac3-3334-459d-ab4e-72c3360f4a50-PendingRequests: sendNotLeaderResponses
2019-08-22 09:08:55,217 [ForkJoinPool.commonPool-worker-0] INFO  impl.PendingRequests (PendingRequests.java:sendNotLeaderResponses(202)) - 0c311ac3-3334-459d-ab4e-72c3360f4a50-PendingRequests: sendNotLeaderResponses
2019-08-22 09:08:55,217 [main] INFO  impl.StateMachineUpdater (StateMachineUpdater.java:stopAndJoin(115)) - StateMachineUpdater:0c311ac3-3334-459d-ab4e-72c3360f4a50:group-0257DA6525DD: set stopIndex = 0
2019-08-22 09:08:55,220 [ForkJoinPool.commonPool-worker-0] INFO  impl.StateMachineUpdater (StateMachineUpdater.java:stopAndJoin(115)) - StateMachineUpdater:0c311ac3-3334-459d-ab4e-72c3360f4a50:group-1FC91BAAE003: set stopIndex = 2
2019-08-22 09:08:55,220 [main] INFO  impl.RaftServerImpl (ServerState.java:close(394)) - 0c311ac3-3334-459d-ab4e-72c3360f4a50:group-0257DA6525DD closes. The last applied log index is 0
2019-08-22 09:08:55,220 [ForkJoinPool.commonPool-worker-0] INFO  impl.RaftServerImpl (ServerState.java:close(394)) - 0c311ac3-3334-459d-ab4e-72c3360f4a50:group-1FC91BAAE003 closes. The last applied log index is 2
2019-08-22 09:08:55,220 [0c311ac3-3334-459d-ab4e-72c3360f4a50-SegmentedRaftLogWorker:Storage Directory /workdir/hadoop-ozone/integration-test/target/test-dir/MiniOzoneClusterImpl-a9cd9c89-5187-449b-b29a-99b9e5034f78/datanode-2/data/ratis/03cf6cf5-b5f2-45c1-bc81-0257da6525dd] INFO  segmented.SegmentedRaftLogWorker (SegmentedRaftLogWorker.java:run(313)) - 0c311ac3-3334-459d-ab4e-72c3360f4a50-SegmentedRaftLogWorker:Storage Directory /workdir/hadoop-ozone/integration-test/target/test-dir/MiniOzoneClusterImpl-a9cd9c89-5187-449b-b29a-99b9e5034f78/datanode-2/data/ratis/03cf6cf5-b5f2-45c1-bc81-0257da6525dd was interrupted, exiting. There are 0 tasks remaining in the queue.
2019-08-22 09:08:55,221 [0c311ac3-3334-459d-ab4e-72c3360f4a50-SegmentedRaftLogWorker:Storage Directory /workdir/hadoop-ozone/integration-test/target/test-dir/MiniOzoneClusterImpl-a9cd9c89-5187-449b-b29a-99b9e5034f78/datanode-2/data/ratis/49763a6d-6d4c-41b4-946a-1fc91baae003] INFO  segmented.SegmentedRaftLogWorker (SegmentedRaftLogWorker.java:run(313)) - 0c311ac3-3334-459d-ab4e-72c3360f4a50-SegmentedRaftLogWorker:Storage Directory /workdir/hadoop-ozone/integration-test/target/test-dir/MiniOzoneClusterImpl-a9cd9c89-5187-449b-b29a-99b9e5034f78/datanode-2/data/ratis/49763a6d-6d4c-41b4-946a-1fc91baae003 was interrupted, exiting. There are 0 tasks remaining in the queue.
2019-08-22 09:08:55,221 [main] INFO  segmented.SegmentedRaftLogWorker (SegmentedRaftLogWorker.java:close(228)) - 0c311ac3-3334-459d-ab4e-72c3360f4a50-SegmentedRaftLogWorker:Storage Directory /workdir/hadoop-ozone/integration-test/target/test-dir/MiniOzoneClusterImpl-a9cd9c89-5187-449b-b29a-99b9e5034f78/datanode-2/data/ratis/03cf6cf5-b5f2-45c1-bc81-0257da6525dd close()
2019-08-22 09:08:55,222 [ForkJoinPool.commonPool-worker-0] INFO  segmented.SegmentedRaftLogWorker (SegmentedRaftLogWorker.java:close(228)) - 0c311ac3-3334-459d-ab4e-72c3360f4a50-SegmentedRaftLogWorker:Storage Directory /workdir/hadoop-ozone/integration-test/target/test-dir/MiniOzoneClusterImpl-a9cd9c89-5187-449b-b29a-99b9e5034f78/datanode-2/data/ratis/49763a6d-6d4c-41b4-946a-1fc91baae003 close()
2019-08-22 09:08:55,224 [ForkJoinPool.commonPool-worker-0] INFO  impl.RaftServerImpl (RaftServerImpl.java:lambda$shutdown$3(245)) - 0c311ac3-3334-459d-ab4e-72c3360f4a50: shutdown group-9B7A12FCF6B4
2019-08-22 09:08:55,224 [ForkJoinPool.commonPool-worker-0] INFO  util.JmxRegister (JmxRegister.java:unregister(73)) - Successfully un-registered JMX Bean with object name Ratis:service=RaftServer,group=group-9B7A12FCF6B4,id=0c311ac3-3334-459d-ab4e-72c3360f4a50
2019-08-22 09:08:55,225 [ForkJoinPool.commonPool-worker-0] INFO  impl.RoleInfo (RoleInfo.java:shutdownFollowerState(121)) - 0c311ac3-3334-459d-ab4e-72c3360f4a50: shutdown FollowerState
2019-08-22 09:08:55,225 [ForkJoinPool.commonPool-worker-0] INFO  impl.StateMachineUpdater (StateMachineUpdater.java:stopAndJoin(115)) - StateMachineUpdater:0c311ac3-3334-459d-ab4e-72c3360f4a50:group-9B7A12FCF6B4: set stopIndex = -1
2019-08-22 09:08:55,225 [Thread-634] INFO  impl.FollowerState (FollowerState.java:run(114)) - 0c311ac3-3334-459d-ab4e-72c3360f4a50: FollowerState was interrupted: java.lang.InterruptedException: sleep interrupted
2019-08-22 09:08:55,225 [ForkJoinPool.commonPool-worker-0] INFO  impl.RaftServerImpl (ServerState.java:close(394)) - 0c311ac3-3334-459d-ab4e-72c3360f4a50:group-9B7A12FCF6B4 closes. The last applied log index is -1
2019-08-22 09:08:55,226 [0c311ac3-3334-459d-ab4e-72c3360f4a50-SegmentedRaftLogWorker:Storage Directory /workdir/hadoop-ozone/integration-test/target/test-dir/MiniOzoneClusterImpl-a9cd9c89-5187-449b-b29a-99b9e5034f78/datanode-2/data/ratis/0cca7265-a9fe-46b5-aeaf-9b7a12fcf6b4] INFO  segmented.SegmentedRaftLogWorker (SegmentedRaftLogWorker.java:run(313)) - 0c311ac3-3334-459d-ab4e-72c3360f4a50-SegmentedRaftLogWorker:Storage Directory /workdir/hadoop-ozone/integration-test/target/test-dir/MiniOzoneClusterImpl-a9cd9c89-5187-449b-b29a-99b9e5034f78/datanode-2/data/ratis/0cca7265-a9fe-46b5-aeaf-9b7a12fcf6b4 was interrupted, exiting. There are 0 tasks remaining in the queue.
2019-08-22 09:08:55,226 [ForkJoinPool.commonPool-worker-0] INFO  segmented.SegmentedRaftLogWorker (SegmentedRaftLogWorker.java:close(228)) - 0c311ac3-3334-459d-ab4e-72c3360f4a50-SegmentedRaftLogWorker:Storage Directory /workdir/hadoop-ozone/integration-test/target/test-dir/MiniOzoneClusterImpl-a9cd9c89-5187-449b-b29a-99b9e5034f78/datanode-2/data/ratis/0cca7265-a9fe-46b5-aeaf-9b7a12fcf6b4 close()
2019-08-22 09:08:55,229 [main] INFO  server.GrpcService (GrpcService.java:closeImpl(155)) - 0c311ac3-3334-459d-ab4e-72c3360f4a50: shutdown server with port 43460 now
2019-08-22 09:08:55,231 [main] INFO  server.GrpcService (GrpcService.java:closeImpl(163)) - 0c311ac3-3334-459d-ab4e-72c3360f4a50: shutdown server with port 43460 successfully
2019-08-22 09:08:55,232 [main] INFO  utils.BackgroundService (BackgroundService.java:shutdown(148)) - Shutting down service BlockDeletingService
2019-08-22 09:08:55,233 [refreshUsed-/workdir/hadoop-ozone/integration-test/target/test-dir/MiniOzoneClusterImpl-a9cd9c89-5187-449b-b29a-99b9e5034f78/datanode-2/data/containers] WARN  fs.CachingGetSpaceUsed (CachingGetSpaceUsed.java:run(183)) - Thread Interrupted waiting to refresh disk information: sleep interrupted
2019-08-22 09:08:55,245 [main] INFO  statemachine.DatanodeStateMachine (DatanodeStateMachine.java:stopDaemon(395)) - Ozone container server stopped.
2019-08-22 09:08:55,247 [main] INFO  handler.ContextHandler (ContextHandler.java:doStop(910)) - Stopped o.e.j.w.WebAppContext@f72f76f{/,null,UNAVAILABLE}{/hddsDatanode}
2019-08-22 09:08:55,248 [main] INFO  server.AbstractConnector (AbstractConnector.java:doStop(318)) - Stopped ServerConnector@695c9e0d{HTTP/1.1,[http/1.1]}{0.0.0.0:42152}
2019-08-22 09:08:55,248 [main] INFO  handler.ContextHandler (ContextHandler.java:doStop(910)) - Stopped o.e.j.s.ServletContextHandler@1e417a0b{/static,jar:file:/home/user/.m2/repository/org/apache/hadoop/hadoop-hdds-container-service/0.5.0-SNAPSHOT/hadoop-hdds-container-service-0.5.0-SNAPSHOT.jar!/webapps/static,UNAVAILABLE}
2019-08-22 09:08:55,249 [main] INFO  handler.ContextHandler (ContextHandler.java:doStop(910)) - Stopped o.e.j.s.ServletContextHandler@20a6a132{/logs,file:///workdir/hadoop-ozone/integration-test/target/log,UNAVAILABLE}
2019-08-22 09:08:55,250 [main] INFO  ozone.MiniOzoneClusterImpl (MiniOzoneClusterImpl.java:stop(353)) - Stopping the StorageContainerManager
2019-08-22 09:08:55,250 [main] INFO  server.StorageContainerManager (StorageContainerManager.java:stop(797)) - Stopping Replication Manager Service.
2019-08-22 09:08:55,250 [main] INFO  container.ReplicationManager (ReplicationManager.java:stop(193)) - Stopping Replication Monitor Thread.
2019-08-22 09:08:55,250 [main] INFO  server.StorageContainerManager (StorageContainerManager.java:stop(804)) - Stopping Lease Manager of the command watchers
2019-08-22 09:08:55,250 [main] INFO  server.StorageContainerManager (StorageContainerManager.java:stop(811)) - Stopping datanode service RPC server
2019-08-22 09:08:55,250 [main] INFO  server.SCMDatanodeProtocolServer (SCMDatanodeProtocolServer.java:stop(367)) - Stopping the RPC server for DataNodes
2019-08-22 09:08:55,251 [main] INFO  ipc.Server (Server.java:stop(3082)) - Stopping server on 38087
2019-08-22 09:08:55,252 [IPC Server listener on 38087] INFO  ipc.Server (Server.java:run(1185)) - Stopping IPC Server listener on 38087
2019-08-22 09:08:55,252 [IPC Server Responder] INFO  ipc.Server (Server.java:run(1319)) - Stopping IPC Server Responder
2019-08-22 09:08:55,253 [SCM Heartbeat Processing Thread - 0] WARN  node.NodeStateManager (NodeStateManager.java:scheduleNextHealthCheck(646)) - Current Thread is interrupted, shutting down HB processing thread for Node Manager.
2019-08-22 09:08:55,253 [EventQueue-StaleNodeForStaleNodeHandler] INFO  node.StaleNodeHandler (StaleNodeHandler.java:onMessage(58)) - Datanode 0c311ac3-3334-459d-ab4e-72c3360f4a50{ip: 192.168.36.85, host: pr-hdds-1898-9jx57-4170240974, networkLocation: /default-rack, certSerialId: null} moved to stale state. Finalizing its pipelines [PipelineID=03cf6cf5-b5f2-45c1-bc81-0257da6525dd, PipelineID=49763a6d-6d4c-41b4-946a-1fc91baae003]
2019-08-22 09:08:55,254 [main] INFO  server.StorageContainerManager (StorageContainerManager.java:stop(819)) - Stopping block service RPC server
2019-08-22 09:08:55,254 [EventQueue-StaleNodeForStaleNodeHandler] INFO  pipeline.SCMPipelineManager (SCMPipelineManager.java:finalizeAndDestroyPipeline(309)) - destroying pipeline:Pipeline[ Id: 03cf6cf5-b5f2-45c1-bc81-0257da6525dd, Nodes: 0c311ac3-3334-459d-ab4e-72c3360f4a50{ip: 192.168.36.85, host: pr-hdds-1898-9jx57-4170240974, networkLocation: /default-rack, certSerialId: null}, Type:RATIS, Factor:ONE, State:OPEN]
2019-08-22 09:08:55,254 [main] INFO  server.SCMBlockProtocolServer (SCMBlockProtocolServer.java:stop(148)) - Stopping the RPC server for Block Protocol
2019-08-22 09:08:55,254 [EventQueue-StaleNodeForStaleNodeHandler] INFO  pipeline.PipelineStateManager (PipelineStateManager.java:finalizePipeline(123)) - Pipeline Pipeline[ Id: 03cf6cf5-b5f2-45c1-bc81-0257da6525dd, Nodes: 0c311ac3-3334-459d-ab4e-72c3360f4a50{ip: 192.168.36.85, host: pr-hdds-1898-9jx57-4170240974, networkLocation: /default-rack, certSerialId: null}, Type:RATIS, Factor:ONE, State:CLOSED] moved to CLOSED state
2019-08-22 09:08:55,255 [main] INFO  ipc.Server (Server.java:stop(3082)) - Stopping server on 42958
2019-08-22 09:08:55,255 [EventQueue-StaleNodeForStaleNodeHandler] INFO  pipeline.SCMPipelineManager (SCMPipelineManager.java:finalizeAndDestroyPipeline(309)) - destroying pipeline:Pipeline[ Id: 49763a6d-6d4c-41b4-946a-1fc91baae003, Nodes: 0c311ac3-3334-459d-ab4e-72c3360f4a50{ip: 192.168.36.85, host: pr-hdds-1898-9jx57-4170240974, networkLocation: /default-rack, certSerialId: null}, Type:RATIS, Factor:ONE, State:CLOSED]
2019-08-22 09:08:55,256 [main] INFO  server.StorageContainerManager (StorageContainerManager.java:stop(826)) - Stopping the StorageContainerLocationProtocol RPC server
2019-08-22 09:08:55,256 [main] INFO  server.SCMClientProtocolServer (SCMClientProtocolServer.java:stop(159)) - Stopping the RPC server for Client Protocol
2019-08-22 09:08:55,256 [IPC Server Responder] INFO  ipc.Server (Server.java:run(1319)) - Stopping IPC Server Responder
2019-08-22 09:08:55,257 [IPC Server listener on 42958] INFO  ipc.Server (Server.java:run(1185)) - Stopping IPC Server listener on 42958
2019-08-22 09:08:55,257 [main] INFO  ipc.Server (Server.java:stop(3082)) - Stopping server on 39038
2019-08-22 09:08:55,259 [IPC Server listener on 39038] INFO  ipc.Server (Server.java:run(1185)) - Stopping IPC Server listener on 39038
2019-08-22 09:08:55,259 [main] INFO  server.StorageContainerManager (StorageContainerManager.java:stop(833)) - Stopping Storage Container Manager HTTP server.
2019-08-22 09:08:55,259 [IPC Server Responder] INFO  ipc.Server (Server.java:run(1319)) - Stopping IPC Server Responder
2019-08-22 09:08:55,262 [main] INFO  handler.ContextHandler (ContextHandler.java:doStop(910)) - Stopped o.e.j.w.WebAppContext@40a4f6af{/,null,UNAVAILABLE}{/scm}
2019-08-22 09:08:55,262 [main] INFO  server.AbstractConnector (AbstractConnector.java:doStop(318)) - Stopped ServerConnector@610c9f1b{HTTP/1.1,[http/1.1]}{0.0.0.0:0}
2019-08-22 09:08:55,263 [main] INFO  handler.ContextHandler (ContextHandler.java:doStop(910)) - Stopped o.e.j.s.ServletContextHandler@76880146{/static,file:///workdir/hadoop-ozone/integration-test/target/test-classes/webapps/static,UNAVAILABLE}
2019-08-22 09:08:55,263 [main] INFO  handler.ContextHandler (ContextHandler.java:doStop(910)) - Stopped o.e.j.s.ServletContextHandler@7c81197d{/logs,file:///workdir/hadoop-ozone/integration-test/target/log,UNAVAILABLE}
2019-08-22 09:08:55,264 [main] INFO  server.StorageContainerManager (StorageContainerManager.java:stop(844)) - Stopping Block Manager Service.
2019-08-22 09:08:55,264 [main] INFO  utils.BackgroundService (BackgroundService.java:shutdown(148)) - Shutting down service SCMBlockDeletingService
2019-08-22 09:08:55,264 [main] INFO  utils.BackgroundService (BackgroundService.java:shutdown(148)) - Shutting down service SCMBlockDeletingService
2019-08-22 09:08:55,265 [main] INFO  server.StorageContainerManager (StorageContainerManager.java:stop(866)) - Stopping SCM Event Queue.
2019-08-22 09:08:55,270 [main] INFO  impl.MetricsSystemImpl (MetricsSystemImpl.java:stop(210)) - Stopping HddsDatanode metrics system...
2019-08-22 09:08:55,276 [main] INFO  impl.MetricsSystemImpl (MetricsSystemImpl.java:stop(216)) - HddsDatanode metrics system stopped.
]]></system-out>
    <system-err><![CDATA[Aug 22, 2019 9:08:16 AM com.sun.jersey.server.impl.application.WebApplicationImpl _initiate
INFO: Initiating Jersey application, version 'Jersey: 1.19 02/11/2015 03:25 AM'
Aug 22, 2019 9:08:16 AM com.sun.jersey.server.impl.application.WebApplicationImpl _initiate
INFO: Initiating Jersey application, version 'Jersey: 1.19 02/11/2015 03:25 AM'
Aug 22, 2019 9:08:16 AM com.sun.jersey.server.impl.application.WebApplicationImpl _initiate
INFO: Initiating Jersey application, version 'Jersey: 1.19 02/11/2015 03:25 AM'
Aug 22, 2019 9:08:37 AM com.sun.jersey.server.impl.application.WebApplicationImpl _initiate
INFO: Initiating Jersey application, version 'Jersey: 1.19 02/11/2015 03:25 AM'
Aug 22, 2019 9:08:37 AM com.sun.jersey.server.impl.application.WebApplicationImpl _initiate
INFO: Initiating Jersey application, version 'Jersey: 1.19 02/11/2015 03:25 AM'
Aug 22, 2019 9:08:37 AM com.sun.jersey.server.impl.application.WebApplicationImpl _initiate
INFO: Initiating Jersey application, version 'Jersey: 1.19 02/11/2015 03:25 AM'
]]></system-err>
  </testcase>
</testsuite>